<?xml version="1.0" encoding="UTF-8"?>
<testsuites name="Tareas Principales" time="3096.648" tests="57" failures="10" errors="0">
   <testsuite name="Tareas Principales" tests="57" failures="10" errors="0" time="3096.648" skipped="0" timestamp="2021-11-22 08:47:35" hostname="diego.rojas - US-AF-000371" id="Test Suites/Tareas Principales">
      <properties>
         <property name="deviceName" value=""/>
         <property name="devicePlatform" value=""/>
         <property name="logFolder" value="C:\\Users\\diego.rojas\\git\\Pruebas-Minimas\\Reports\\20211122_084727\\Tareas Principales\\20211122_084727"/>
         <property name="logFiles" value="C:\\Users\\diego.rojas\\git\\Pruebas-Minimas\\Reports\\20211122_084727\\Tareas Principales\\20211122_084727\\execution0.log"/>
         <property name="attachments" value="C:\\Users\\diego.rojas\\git\\Pruebas-Minimas\\Reports\\20211122_084727\\Tareas Principales\\20211122_084727\\1637589336767.png, C:\\Users\\diego.rojas\\git\\Pruebas-Minimas\\Reports\\20211122_084727\\Tareas Principales\\20211122_084727\\1637589473241.png, C:\\Users\\diego.rojas\\git\\Pruebas-Minimas\\Reports\\20211122_084727\\Tareas Principales\\20211122_084727\\1637589609085.png, C:\\Users\\diego.rojas\\git\\Pruebas-Minimas\\Reports\\20211122_084727\\Tareas Principales\\20211122_084727\\1637589748569.png, C:\\Users\\diego.rojas\\git\\Pruebas-Minimas\\Reports\\20211122_084727\\Tareas Principales\\20211122_084727\\1637590602296.png, C:\\Users\\diego.rojas\\git\\Pruebas-Minimas\\Reports\\20211122_084727\\Tareas Principales\\20211122_084727\\1637590840088.png, C:\\Users\\diego.rojas\\git\\Pruebas-Minimas\\Reports\\20211122_084727\\Tareas Principales\\20211122_084727\\1637590918951.png, C:\\Users\\diego.rojas\\git\\Pruebas-Minimas\\Reports\\20211122_084727\\Tareas Principales\\20211122_084727\\1637591043674.png, C:\\Users\\diego.rojas\\git\\Pruebas-Minimas\\Reports\\20211122_084727\\Tareas Principales\\20211122_084727\\1637591634960.png, C:\\Users\\diego.rojas\\git\\Pruebas-Minimas\\Reports\\20211122_084727\\Tareas Principales\\20211122_084727\\1637591884693.png"/>
         <property name="hostName" value="diego.rojas - US-AF-000371"/>
         <property name="os" value="Windows 10 64bit"/>
         <property name="katalonVersion" value="8.2.0.208"/>
         <property name="browser" value="Edge Chromium 96"/>
         <property name="hostAddress" value="192.168.56.1"/>
         <property name="sessionId" value="71a56f86f0997eff77c19fc9f29faef0"/>
         <property name="seleniumVersion" value="3.141.59"/>
         <property name="proxyInformation" value="ProxyInformation { proxyOption=NO_PROXY, proxyServerType=HTTP, username=, password=********, proxyServerAddress=, proxyServerPort=0, executionList=&quot;&quot;, isApplyToDesiredCapabilities=true }"/>
         <property name="platform" value="Windows 10"/>
      </properties>
      <testcase name="Test Cases/1.1-Tareas Principales/1.1.1-Crear Nueva Hoja de Vida" time="40.077" classname="Test Cases/1.1-Tareas Principales/1.1.1-Crear Nueva Hoja de Vida" status="PASSED">
         <system-out><![CDATA[2021-11-22 08:47:35 - [TEST_CASE][PASSED] - Test Cases/1.1-Tareas Principales/1.1.1-Crear Nueva Hoja de Vida: Test Cases/1.1-Tareas Principales/1.1.1-Crear Nueva Hoja de Vida

2021-11-22 08:47:36 - [TEST_STEP][PASSED] - random_double = Math.random() * 9999 + 999: null

2021-11-22 08:47:36 - [TEST_STEP][PASSED] - random_double = Math.round(random_double * 1000): null

2021-11-22 08:47:36 - [TEST_STEP][PASSED] - identificacion = toString().replace(".0", ""): null

2021-11-22 08:47:36 - [TEST_STEP][PASSED] - callTestCase(findTestCase("0.1-Login"), [:], STOP_ON_FAILURE): Call Test Case 'Test Cases/0.1-Login' successfully

2021-11-22 08:47:36 - [TEST_CASE][PASSED] - Test Cases/0.1-Login: Test Cases/0.1-Login

2021-11-22 08:47:37 - [TEST_STEP][PASSED] - openBrowser(""): Browser is opened with url: ''

2021-11-22 08:47:37 - [MESSAGE][INFO] - Starting 'Edge Chromium' driver

2021-11-22 08:47:39 - [MESSAGE][INFO] - Action delay is set to 0 milliseconds

2021-11-22 08:47:40 - [MESSAGE][PASSED] - Browser is opened with url: ''

2021-11-22 08:47:40 - [TEST_STEP][PASSED] - maximizeWindow(): Current window maximized

2021-11-22 08:47:41 - [MESSAGE][PASSED] - Current window maximized

2021-11-22 08:47:41 - [TEST_STEP][PASSED] - i = G_Login: null

2021-11-22 08:47:41 - [TEST_STEP][PASSED] - url = new java.net.URL(i): null

2021-11-22 08:47:41 - [TEST_STEP][PASSED] - println("URL: " + url.toString()): null

2021-11-22 08:47:41 - [TEST_STEP][PASSED] - connection = url.openConnection(): null

2021-11-22 08:47:41 - [TEST_STEP][PASSED] - connection.setRequestMethod("GET"): null

2021-11-22 08:47:41 - [TEST_STEP][PASSED] - connection.setReadTimeout(2 * 1000): null

2021-11-22 08:47:41 - [TEST_STEP][PASSED] - try: null

2021-11-22 08:47:41 - [TEST_STEP][PASSED] - connection.connect(): null

2021-11-22 08:47:41 - [TEST_STEP][PASSED] - flag = connected: null

2021-11-22 08:47:41 - [TEST_STEP][PASSED] - println("Valor_ori: " + flag): null

2021-11-22 08:47:41 - [TEST_STEP][PASSED] - if (flag): null

2021-11-22 08:47:41 - [TEST_STEP][PASSED] - navigateToUrl(i): Navigate to 'http://localhost:8380/saraweb/' successfully

2021-11-22 08:47:43 - [MESSAGE][PASSED] - Navigate to 'http://localhost:8380/saraweb/' successfully

2021-11-22 08:47:43 - [TEST_STEP][PASSED] - a(): null

2021-11-22 08:47:43 - [TEST_STEP][PASSED] - setText(findTestObject("Login/input_USUARIO_loginusuario"), G_Usuario): Text 'saraadmin' is set on object 'Object Repository/Login/input_USUARIO_loginusuario'

2021-11-22 08:47:44 - [MESSAGE][PASSED] - Text 'saraadmin' is set on object 'Object Repository/Login/input_USUARIO_loginusuario'

2021-11-22 08:47:44 - [TEST_STEP][PASSED] - setEncryptedText(findTestObject("Login/input_CLAVE_loginpassword"), "MkG4/TYiCFC3cb2driP7+Q=="): Text ****** has been set on object 'Object Repository/Login/input_CLAVE_loginpassword'

2021-11-22 08:47:44 - [MESSAGE][PASSED] - Text ****** has been set on object 'Object Repository/Login/input_CLAVE_loginpassword'

2021-11-22 08:47:44 - [TEST_STEP][PASSED] - waitForElementClickable(findTestObject("Login/a_Ingresar"), G_TimeOut): Object 'Object Repository/Login/a_Ingresar' is clickable

2021-11-22 08:47:45 - [MESSAGE][PASSED] - Object 'Object Repository/Login/a_Ingresar' is clickable

2021-11-22 08:47:45 - [TEST_STEP][PASSED] - click(findTestObject("Login/a_Ingresar")): Object: 'Object Repository/Login/a_Ingresar' is clicked on

2021-11-22 08:47:47 - [MESSAGE][PASSED] - Object: 'Object Repository/Login/a_Ingresar' is clicked on

2021-11-22 08:47:47 - [TEST_STEP][PASSED] - element = findWebElement(findTestObject("Login/a_Ir"), 30): null

2021-11-22 08:47:48 - [TEST_STEP][PASSED] - executeJavaScript("arguments[0].click()", Arrays.asList(element)): Execute JavaScript 'arguments[0].click()' successfully

2021-11-22 08:47:48 - [MESSAGE][PASSED] - Execute JavaScript 'arguments[0].click()' successfully

2021-11-22 08:47:48 - [MESSAGE][PASSED] - Call Test Case 'Test Cases/0.1-Login' successfully

2021-11-22 08:47:48 - [TEST_STEP][PASSED] - waitForElementClickable(findTestObject("Modulo Tarea Listado Hojas de Vida/Crear Nueva Hoja de Vida/input_Listado Hojas De Vida_form_templatej_idt24_input"), G_TimeOut): Object 'Object Repository/Modulo Tarea Listado Hojas de Vida/Crear Nueva Hoja de Vida/input_Listado Hojas De Vida_form_templatej_idt24_input' is clickable

2021-11-22 08:47:49 - [MESSAGE][PASSED] - Object 'Object Repository/Modulo Tarea Listado Hojas de Vida/Crear Nueva Hoja de Vida/input_Listado Hojas De Vida_form_templatej_idt24_input' is clickable

2021-11-22 08:47:49 - [TEST_STEP][PASSED] - setText(findTestObject("Modulo Tarea Listado Hojas de Vida/Crear Nueva Hoja de Vida/input_Listado Hojas De Vida_form_templatej_idt24_input"), "Listado Hojas de Vida"): Text 'Listado Hojas de Vida' is set on object 'Object Repository/Modulo Tarea Listado Hojas de Vida/Crear Nueva Hoja de Vida/input_Listado Hojas De Vida_form_templatej_idt24_input'

2021-11-22 08:47:50 - [MESSAGE][PASSED] - Text 'Listado Hojas de Vida' is set on object 'Object Repository/Modulo Tarea Listado Hojas de Vida/Crear Nueva Hoja de Vida/input_Listado Hojas De Vida_form_templatej_idt24_input'

2021-11-22 08:47:50 - [TEST_STEP][PASSED] - delay(1): Delayed 1 second(s)

2021-11-22 08:47:51 - [MESSAGE][PASSED] - Delayed 1 second(s)

2021-11-22 08:47:51 - [TEST_STEP][PASSED] - sendKeys(findTestObject("Modulo Tarea Listado Hojas de Vida/Crear Nueva Hoja de Vida/input_Listado Hojas De Vida_form_templatej_idt24_input"), Keys.chord(ENTER)): Keys 'ENTER + ' sent to object: 'Object Repository/Modulo Tarea Listado Hojas de Vida/Crear Nueva Hoja de Vida/input_Listado Hojas De Vida_form_templatej_idt24_input'

2021-11-22 08:47:51 - [MESSAGE][PASSED] - Keys 'ENTER + ' sent to object: 'Object Repository/Modulo Tarea Listado Hojas de Vida/Crear Nueva Hoja de Vida/input_Listado Hojas De Vida_form_templatej_idt24_input'

2021-11-22 08:47:51 - [TEST_STEP][PASSED] - waitForElementClickable(findTestObject("Modulo Tarea Listado Hojas de Vida/Crear Nueva Hoja de Vida/a_Nueva HojaVida"), G_TimeOut): Object 'Object Repository/Modulo Tarea Listado Hojas de Vida/Crear Nueva Hoja de Vida/a_Nueva HojaVida' is clickable

2021-11-22 08:47:54 - [MESSAGE][PASSED] - Object 'Object Repository/Modulo Tarea Listado Hojas de Vida/Crear Nueva Hoja de Vida/a_Nueva HojaVida' is clickable

2021-11-22 08:47:54 - [TEST_STEP][PASSED] - click(findTestObject("Modulo Tarea Listado Hojas de Vida/Crear Nueva Hoja de Vida/a_Nueva HojaVida")): Object: 'Object Repository/Modulo Tarea Listado Hojas de Vida/Crear Nueva Hoja de Vida/a_Nueva HojaVida' is clicked on

2021-11-22 08:47:54 - [MESSAGE][PASSED] - Object: 'Object Repository/Modulo Tarea Listado Hojas de Vida/Crear Nueva Hoja de Vida/a_Nueva HojaVida' is clicked on

2021-11-22 08:47:54 - [TEST_STEP][PASSED] - waitForElementClickable(findTestObject("Modulo Tarea Listado Hojas de Vida/Crear Nueva Hoja de Vida/input_Identificacin_nuevahoja_"), 0): Object 'Object Repository/Modulo Tarea Listado Hojas de Vida/Crear Nueva Hoja de Vida/input_Identificacin_nuevahoja_' is clickable

2021-11-22 08:47:54 - [MESSAGE][WARNING] - Timeout '0' is invalid. Using default page load timeout: '30'

2021-11-22 08:47:55 - [MESSAGE][PASSED] - Object 'Object Repository/Modulo Tarea Listado Hojas de Vida/Crear Nueva Hoja de Vida/input_Identificacin_nuevahoja_' is clickable

2021-11-22 08:47:55 - [TEST_STEP][PASSED] - setText(findTestObject("Modulo Tarea Listado Hojas de Vida/Crear Nueva Hoja de Vida/input_Identificacin_nuevahoja_"), identificacion): Text '9720800' is set on object 'Object Repository/Modulo Tarea Listado Hojas de Vida/Crear Nueva Hoja de Vida/input_Identificacin_nuevahoja_'

2021-11-22 08:47:56 - [MESSAGE][PASSED] - Text '9720800' is set on object 'Object Repository/Modulo Tarea Listado Hojas de Vida/Crear Nueva Hoja de Vida/input_Identificacin_nuevahoja_'

2021-11-22 08:47:56 - [TEST_STEP][PASSED] - selectOptionByIndex(findTestObject("Modulo Tarea Listado Hojas de Vida/Crear Nueva Hoja de Vida/select_-- Seleccione --.ASPIRA"), "4"): All options with index in [4] are selected on object 'Object Repository/Modulo Tarea Listado Hojas de Vida/Crear Nueva Hoja de Vida/select_-- Seleccione --.ASPIRA'

2021-11-22 08:47:57 - [MESSAGE][PASSED] - All options with index in [4] are selected on object 'Object Repository/Modulo Tarea Listado Hojas de Vida/Crear Nueva Hoja de Vida/select_-- Seleccione --.ASPIRA'

2021-11-22 08:47:57 - [TEST_STEP][PASSED] - click(findTestObject("Modulo Tarea Listado Hojas de Vida/Crear Nueva Hoja de Vida/a_Nueva Solicitud")): Object: 'Object Repository/Modulo Tarea Listado Hojas de Vida/Crear Nueva Hoja de Vida/a_Nueva Solicitud' is clicked on

2021-11-22 08:47:57 - [MESSAGE][PASSED] - Object: 'Object Repository/Modulo Tarea Listado Hojas de Vida/Crear Nueva Hoja de Vida/a_Nueva Solicitud' is clicked on

2021-11-22 08:47:57 - [TEST_STEP][PASSED] - waitForElementPresent(findTestObject("Modulo Tarea Listado Hojas de Vida/Crear Nueva Hoja de Vida/input__hojaVidaseccionj_idt8350j_idt845"), 0): Object 'Object Repository/Modulo Tarea Listado Hojas de Vida/Crear Nueva Hoja de Vida/input__hojaVidaseccionj_idt8350j_idt845' is present

2021-11-22 08:47:58 - [MESSAGE][WARNING] - Timeout '0' is invalid. Using default page load timeout: '30'

2021-11-22 08:47:58 - [MESSAGE][PASSED] - Object 'Object Repository/Modulo Tarea Listado Hojas de Vida/Crear Nueva Hoja de Vida/input__hojaVidaseccionj_idt8350j_idt845' is present

2021-11-22 08:47:58 - [TEST_STEP][PASSED] - setText(findTestObject("Modulo Tarea Listado Hojas de Vida/Crear Nueva Hoja de Vida/input__hojaVidaseccionj_idt8350j_idt845"), identificacion): Text '9720800' is set on object 'Object Repository/Modulo Tarea Listado Hojas de Vida/Crear Nueva Hoja de Vida/input__hojaVidaseccionj_idt8350j_idt845'

2021-11-22 08:47:59 - [MESSAGE][PASSED] - Text '9720800' is set on object 'Object Repository/Modulo Tarea Listado Hojas de Vida/Crear Nueva Hoja de Vida/input__hojaVidaseccionj_idt8350j_idt845'

2021-11-22 08:47:59 - [TEST_STEP][PASSED] - setText(findTestObject("Modulo Tarea Listado Hojas de Vida/Crear Nueva Hoja de Vida/input__hojaVidaseccionj_idt8351j_idt845"), "jhon" + identificacion): Text 'jhon9720800' is set on object 'Object Repository/Modulo Tarea Listado Hojas de Vida/Crear Nueva Hoja de Vida/input__hojaVidaseccionj_idt8351j_idt845'

2021-11-22 08:48:00 - [MESSAGE][PASSED] - Text 'jhon9720800' is set on object 'Object Repository/Modulo Tarea Listado Hojas de Vida/Crear Nueva Hoja de Vida/input__hojaVidaseccionj_idt8351j_idt845'

2021-11-22 08:48:00 - [TEST_STEP][PASSED] - setText(findTestObject("Modulo Tarea Listado Hojas de Vida/Crear Nueva Hoja de Vida/input__hojaVidaseccionj_idt8352j_idt845"), "consta belfegord"): Text 'consta belfegord' is set on object 'Object Repository/Modulo Tarea Listado Hojas de Vida/Crear Nueva Hoja de Vida/input__hojaVidaseccionj_idt8352j_idt845'

2021-11-22 08:48:01 - [MESSAGE][PASSED] - Text 'consta belfegord' is set on object 'Object Repository/Modulo Tarea Listado Hojas de Vida/Crear Nueva Hoja de Vida/input__hojaVidaseccionj_idt8352j_idt845'

2021-11-22 08:48:01 - [TEST_STEP][PASSED] - setText(findTestObject("Modulo Tarea Listado Hojas de Vida/Crear Nueva Hoja de Vida/input__hojaVidaseccionj_idt8353fecha_input"), "30/08/1995"): Text '30/08/1995' is set on object 'Object Repository/Modulo Tarea Listado Hojas de Vida/Crear Nueva Hoja de Vida/input__hojaVidaseccionj_idt8353fecha_input'

2021-11-22 08:48:01 - [MESSAGE][PASSED] - Text '30/08/1995' is set on object 'Object Repository/Modulo Tarea Listado Hojas de Vida/Crear Nueva Hoja de Vida/input__hojaVidaseccionj_idt8353fecha_input'

2021-11-22 08:48:01 - [TEST_STEP][PASSED] - sendKeys(findTestObject("Modulo Tarea Listado Hojas de Vida/Crear Nueva Hoja de Vida/input__hojaVidaseccionj_idt8353fecha_input"), Keys.chord(ENTER)): Keys 'ENTER + ' sent to object: 'Object Repository/Modulo Tarea Listado Hojas de Vida/Crear Nueva Hoja de Vida/input__hojaVidaseccionj_idt8353fecha_input'

2021-11-22 08:48:02 - [MESSAGE][PASSED] - Keys 'ENTER + ' sent to object: 'Object Repository/Modulo Tarea Listado Hojas de Vida/Crear Nueva Hoja de Vida/input__hojaVidaseccionj_idt8353fecha_input'

2021-11-22 08:48:02 - [TEST_STEP][PASSED] - waitForElementClickable(findTestObject("Modulo Tarea Listado Hojas de Vida/Crear Nueva Hoja de Vida/a__hojaVidaseccionj_idt8354j_idt865"), G_TimeOut): Object 'Object Repository/Modulo Tarea Listado Hojas de Vida/Crear Nueva Hoja de Vida/a__hojaVidaseccionj_idt8354j_idt865' is clickable

2021-11-22 08:48:02 - [MESSAGE][PASSED] - Object 'Object Repository/Modulo Tarea Listado Hojas de Vida/Crear Nueva Hoja de Vida/a__hojaVidaseccionj_idt8354j_idt865' is clickable

2021-11-22 08:48:02 - [TEST_STEP][PASSED] - click(findTestObject("Modulo Tarea Listado Hojas de Vida/Crear Nueva Hoja de Vida/a__hojaVidaseccionj_idt8354j_idt865")): Object: 'Object Repository/Modulo Tarea Listado Hojas de Vida/Crear Nueva Hoja de Vida/a__hojaVidaseccionj_idt8354j_idt865' is clicked on

2021-11-22 08:48:03 - [MESSAGE][PASSED] - Object: 'Object Repository/Modulo Tarea Listado Hojas de Vida/Crear Nueva Hoja de Vida/a__hojaVidaseccionj_idt8354j_idt865' is clicked on

2021-11-22 08:48:03 - [TEST_STEP][PASSED] - waitForElementClickable(findTestObject("Modulo Tarea Listado Hojas de Vida/Crear Nueva Hoja de Vida/span_CEDULA CIUDADANIA"), G_TimeOut): Object 'Object Repository/Modulo Tarea Listado Hojas de Vida/Crear Nueva Hoja de Vida/span_CEDULA CIUDADANIA' is clickable

2021-11-22 08:48:04 - [MESSAGE][PASSED] - Object 'Object Repository/Modulo Tarea Listado Hojas de Vida/Crear Nueva Hoja de Vida/span_CEDULA CIUDADANIA' is clickable

2021-11-22 08:48:04 - [TEST_STEP][PASSED] - click(findTestObject("Modulo Tarea Listado Hojas de Vida/Crear Nueva Hoja de Vida/span_CEDULA CIUDADANIA")): Object: 'Object Repository/Modulo Tarea Listado Hojas de Vida/Crear Nueva Hoja de Vida/span_CEDULA CIUDADANIA' is clicked on

2021-11-22 08:48:05 - [MESSAGE][PASSED] - Object: 'Object Repository/Modulo Tarea Listado Hojas de Vida/Crear Nueva Hoja de Vida/span_CEDULA CIUDADANIA' is clicked on

2021-11-22 08:48:05 - [TEST_STEP][PASSED] - waitForElementClickable(findTestObject("Modulo Tarea Listado Hojas de Vida/Crear Nueva Hoja de Vida/input_Fecha Expedicin_hojaVidas"), G_TimeOut): Object 'Object Repository/Modulo Tarea Listado Hojas de Vida/Crear Nueva Hoja de Vida/input_Fecha Expedicin_hojaVidas' is clickable

2021-11-22 08:48:05 - [MESSAGE][PASSED] - Object 'Object Repository/Modulo Tarea Listado Hojas de Vida/Crear Nueva Hoja de Vida/input_Fecha Expedicin_hojaVidas' is clickable

2021-11-22 08:48:05 - [TEST_STEP][PASSED] - setText(findTestObject("Modulo Tarea Listado Hojas de Vida/Crear Nueva Hoja de Vida/input_Fecha Expedicin_hojaVidas"), "13/09/2013"): Text '13/09/2013' is set on object 'Object Repository/Modulo Tarea Listado Hojas de Vida/Crear Nueva Hoja de Vida/input_Fecha Expedicin_hojaVidas'

2021-11-22 08:48:06 - [MESSAGE][PASSED] - Text '13/09/2013' is set on object 'Object Repository/Modulo Tarea Listado Hojas de Vida/Crear Nueva Hoja de Vida/input_Fecha Expedicin_hojaVidas'

2021-11-22 08:48:06 - [TEST_STEP][PASSED] - sendKeys(findTestObject("Modulo Tarea Listado Hojas de Vida/Crear Nueva Hoja de Vida/input_Fecha Expedicin_hojaVidas"), Keys.chord(ENTER)): Keys 'ENTER + ' sent to object: 'Object Repository/Modulo Tarea Listado Hojas de Vida/Crear Nueva Hoja de Vida/input_Fecha Expedicin_hojaVidas'

2021-11-22 08:48:07 - [MESSAGE][PASSED] - Keys 'ENTER + ' sent to object: 'Object Repository/Modulo Tarea Listado Hojas de Vida/Crear Nueva Hoja de Vida/input_Fecha Expedicin_hojaVidas'

2021-11-22 08:48:07 - [TEST_STEP][PASSED] - selectOptionByIndex(findTestObject("Modulo Tarea Listado Hojas de Vida/Crear Nueva Hoja de Vida/select_-- Seleccione--000000ABEJORRAL"), "113"): All options with index in [113] are selected on object 'Object Repository/Modulo Tarea Listado Hojas de Vida/Crear Nueva Hoja de Vida/select_-- Seleccione--000000ABEJORRAL'

2021-11-22 08:48:10 - [MESSAGE][PASSED] - All options with index in [113] are selected on object 'Object Repository/Modulo Tarea Listado Hojas de Vida/Crear Nueva Hoja de Vida/select_-- Seleccione--000000ABEJORRAL'

2021-11-22 08:48:10 - [TEST_STEP][PASSED] - setText(findTestObject("Modulo Tarea Listado Hojas de Vida/Crear Nueva Hoja de Vida/input__hojaVidaseccionj_idt8358j_idt845"), "634564654684"): Text '634564654684' is set on object 'Object Repository/Modulo Tarea Listado Hojas de Vida/Crear Nueva Hoja de Vida/input__hojaVidaseccionj_idt8358j_idt845'

2021-11-22 08:48:11 - [MESSAGE][PASSED] - Text '634564654684' is set on object 'Object Repository/Modulo Tarea Listado Hojas de Vida/Crear Nueva Hoja de Vida/input__hojaVidaseccionj_idt8358j_idt845'

2021-11-22 08:48:11 - [TEST_STEP][PASSED] - setText(findTestObject("Modulo Tarea Listado Hojas de Vida/Crear Nueva Hoja de Vida/input__hojaVidaseccionj_idt8359j_idt845"), "noodle@gmail.com"): Text 'noodle@gmail.com' is set on object 'Object Repository/Modulo Tarea Listado Hojas de Vida/Crear Nueva Hoja de Vida/input__hojaVidaseccionj_idt8359j_idt845'

2021-11-22 08:48:11 - [MESSAGE][PASSED] - Text 'noodle@gmail.com' is set on object 'Object Repository/Modulo Tarea Listado Hojas de Vida/Crear Nueva Hoja de Vida/input__hojaVidaseccionj_idt8359j_idt845'

2021-11-22 08:48:11 - [TEST_STEP][PASSED] - selectOptionByIndex(findTestObject("Modulo Tarea Listado Hojas de Vida/Crear Nueva Hoja de Vida/select_AA-ABAB-BB-OO-"), "7"): All options with index in [7] are selected on object 'Object Repository/Modulo Tarea Listado Hojas de Vida/Crear Nueva Hoja de Vida/select_AA-ABAB-BB-OO-'

2021-11-22 08:48:13 - [MESSAGE][PASSED] - All options with index in [7] are selected on object 'Object Repository/Modulo Tarea Listado Hojas de Vida/Crear Nueva Hoja de Vida/select_AA-ABAB-BB-OO-'

2021-11-22 08:48:13 - [TEST_STEP][PASSED] - waitForElementClickable(findTestObject("Modulo Tarea Listado Hojas de Vida/Crear Nueva Hoja de Vida/a_Continuar"), G_TimeOut): Object 'Object Repository/Modulo Tarea Listado Hojas de Vida/Crear Nueva Hoja de Vida/a_Continuar' is clickable

2021-11-22 08:48:13 - [MESSAGE][PASSED] - Object 'Object Repository/Modulo Tarea Listado Hojas de Vida/Crear Nueva Hoja de Vida/a_Continuar' is clickable

2021-11-22 08:48:13 - [TEST_STEP][PASSED] - click(findTestObject("Modulo Tarea Listado Hojas de Vida/Crear Nueva Hoja de Vida/a_Continuar")): Object: 'Object Repository/Modulo Tarea Listado Hojas de Vida/Crear Nueva Hoja de Vida/a_Continuar' is clicked on

2021-11-22 08:48:13 - [MESSAGE][PASSED] - Object: 'Object Repository/Modulo Tarea Listado Hojas de Vida/Crear Nueva Hoja de Vida/a_Continuar' is clicked on

2021-11-22 08:48:13 - [TEST_STEP][PASSED] - waitForElementClickable(findTestObject("Modulo Tarea Listado Hojas de Vida/Crear Nueva Hoja de Vida/a_Aceptar"), G_TimeOut): Object 'Object Repository/Modulo Tarea Listado Hojas de Vida/Crear Nueva Hoja de Vida/a_Aceptar' is clickable

2021-11-22 08:48:15 - [MESSAGE][PASSED] - Object 'Object Repository/Modulo Tarea Listado Hojas de Vida/Crear Nueva Hoja de Vida/a_Aceptar' is clickable

2021-11-22 08:48:15 - [TEST_STEP][PASSED] - click(findTestObject("Modulo Tarea Listado Hojas de Vida/Crear Nueva Hoja de Vida/a_Aceptar"), STOP_ON_FAILURE): Object: 'Object Repository/Modulo Tarea Listado Hojas de Vida/Crear Nueva Hoja de Vida/a_Aceptar' is clicked on

2021-11-22 08:48:15 - [MESSAGE][PASSED] - Object: 'Object Repository/Modulo Tarea Listado Hojas de Vida/Crear Nueva Hoja de Vida/a_Aceptar' is clicked on

2021-11-22 08:48:15 - [TEST_STEP][PASSED] - return identificacion: null]]></system-out>
         <system-err><![CDATA[]]></system-err>
      </testcase>
      <testcase name="Test Cases/1.1-Tareas Principales/1.1.2-Imprimir Hoja de Vida" time="49.924" classname="Test Cases/1.1-Tareas Principales/1.1.2-Imprimir Hoja de Vida" status="PASSED">
         <system-out><![CDATA[2021-11-22 08:48:15 - [TEST_CASE][PASSED] - Test Cases/1.1-Tareas Principales/1.1.2-Imprimir Hoja de Vida: Test Cases/1.1-Tareas Principales/1.1.2-Imprimir Hoja de Vida

2021-11-22 08:48:16 - [TEST_STEP][PASSED] - callTestCase(findTestCase("1.1-Tareas Principales/Listado hojas de Vida"), [:], STOP_ON_FAILURE): Call Test Case 'Test Cases/1.1-Tareas Principales/Listado hojas de Vida' successfully

2021-11-22 08:48:16 - [TEST_CASE][PASSED] - Test Cases/1.1-Tareas Principales/Listado hojas de Vida: Test Cases/1.1-Tareas Principales/Listado hojas de Vida

2021-11-22 08:48:16 - [TEST_STEP][PASSED] - callTestCase(findTestCase("0.1-Login"), [:], STOP_ON_FAILURE): Call Test Case 'Test Cases/0.1-Login' successfully

2021-11-22 08:48:16 - [TEST_CASE][PASSED] - Test Cases/0.1-Login: Test Cases/0.1-Login

2021-11-22 08:48:16 - [TEST_STEP][PASSED] - openBrowser(""): Browser is opened with url: ''

2021-11-22 08:48:16 - [MESSAGE][WARNING] - A browser is already opened. Closing browser and opening a new one

2021-11-22 08:48:17 - [MESSAGE][INFO] - Starting 'Edge Chromium' driver

2021-11-22 08:48:20 - [MESSAGE][INFO] - Action delay is set to 0 milliseconds

2021-11-22 08:48:20 - [MESSAGE][PASSED] - Browser is opened with url: ''

2021-11-22 08:48:20 - [TEST_STEP][PASSED] - maximizeWindow(): Current window maximized

2021-11-22 08:48:20 - [MESSAGE][PASSED] - Current window maximized

2021-11-22 08:48:20 - [TEST_STEP][PASSED] - i = G_Login: null

2021-11-22 08:48:20 - [TEST_STEP][PASSED] - url = new java.net.URL(i): null

2021-11-22 08:48:20 - [TEST_STEP][PASSED] - println("URL: " + url.toString()): null

2021-11-22 08:48:20 - [TEST_STEP][PASSED] - connection = url.openConnection(): null

2021-11-22 08:48:20 - [TEST_STEP][PASSED] - connection.setRequestMethod("GET"): null

2021-11-22 08:48:20 - [TEST_STEP][PASSED] - connection.setReadTimeout(2 * 1000): null

2021-11-22 08:48:20 - [TEST_STEP][PASSED] - try: null

2021-11-22 08:48:20 - [TEST_STEP][PASSED] - connection.connect(): null

2021-11-22 08:48:20 - [TEST_STEP][PASSED] - flag = connected: null

2021-11-22 08:48:20 - [TEST_STEP][PASSED] - println("Valor_ori: " + flag): null

2021-11-22 08:48:20 - [TEST_STEP][PASSED] - if (flag): null

2021-11-22 08:48:20 - [TEST_STEP][PASSED] - navigateToUrl(i): Navigate to 'http://localhost:8380/saraweb/' successfully

2021-11-22 08:48:22 - [MESSAGE][PASSED] - Navigate to 'http://localhost:8380/saraweb/' successfully

2021-11-22 08:48:22 - [TEST_STEP][PASSED] - a(): null

2021-11-22 08:48:22 - [TEST_STEP][PASSED] - setText(findTestObject("Login/input_USUARIO_loginusuario"), G_Usuario): Text 'saraadmin' is set on object 'Object Repository/Login/input_USUARIO_loginusuario'

2021-11-22 08:48:23 - [MESSAGE][PASSED] - Text 'saraadmin' is set on object 'Object Repository/Login/input_USUARIO_loginusuario'

2021-11-22 08:48:23 - [TEST_STEP][PASSED] - setEncryptedText(findTestObject("Login/input_CLAVE_loginpassword"), "MkG4/TYiCFC3cb2driP7+Q=="): Text ****** has been set on object 'Object Repository/Login/input_CLAVE_loginpassword'

2021-11-22 08:48:23 - [MESSAGE][PASSED] - Text ****** has been set on object 'Object Repository/Login/input_CLAVE_loginpassword'

2021-11-22 08:48:23 - [TEST_STEP][PASSED] - waitForElementClickable(findTestObject("Login/a_Ingresar"), G_TimeOut): Object 'Object Repository/Login/a_Ingresar' is clickable

2021-11-22 08:48:24 - [MESSAGE][PASSED] - Object 'Object Repository/Login/a_Ingresar' is clickable

2021-11-22 08:48:24 - [TEST_STEP][PASSED] - click(findTestObject("Login/a_Ingresar")): Object: 'Object Repository/Login/a_Ingresar' is clicked on

2021-11-22 08:48:26 - [MESSAGE][PASSED] - Object: 'Object Repository/Login/a_Ingresar' is clicked on

2021-11-22 08:48:26 - [TEST_STEP][PASSED] - element = findWebElement(findTestObject("Login/a_Ir"), 30): null

2021-11-22 08:48:27 - [TEST_STEP][PASSED] - executeJavaScript("arguments[0].click()", Arrays.asList(element)): Execute JavaScript 'arguments[0].click()' successfully

2021-11-22 08:48:27 - [MESSAGE][PASSED] - Execute JavaScript 'arguments[0].click()' successfully

2021-11-22 08:48:27 - [MESSAGE][PASSED] - Call Test Case 'Test Cases/0.1-Login' successfully

2021-11-22 08:48:27 - [TEST_STEP][PASSED] - waitForElementClickable(findTestObject("Modulo Tarea Listado Hojas de Vida/Tareas Listado Hojas de Vida/input_Listado Hojas De Vida_form_templatej_idt24_input"), G_TimeOut): Object 'Object Repository/Modulo Tarea Listado Hojas de Vida/Tareas Listado Hojas de Vida/input_Listado Hojas De Vida_form_templatej_idt24_input' is clickable

2021-11-22 08:48:28 - [MESSAGE][PASSED] - Object 'Object Repository/Modulo Tarea Listado Hojas de Vida/Tareas Listado Hojas de Vida/input_Listado Hojas De Vida_form_templatej_idt24_input' is clickable

2021-11-22 08:48:28 - [TEST_STEP][PASSED] - setText(findTestObject("Modulo Tarea Listado Hojas de Vida/Tareas Listado Hojas de Vida/input_Listado Hojas De Vida_form_templatej_idt24_input"), "Listado Hojas de Vida"): Text 'Listado Hojas de Vida' is set on object 'Object Repository/Modulo Tarea Listado Hojas de Vida/Tareas Listado Hojas de Vida/input_Listado Hojas De Vida_form_templatej_idt24_input'

2021-11-22 08:48:29 - [MESSAGE][PASSED] - Text 'Listado Hojas de Vida' is set on object 'Object Repository/Modulo Tarea Listado Hojas de Vida/Tareas Listado Hojas de Vida/input_Listado Hojas De Vida_form_templatej_idt24_input'

2021-11-22 08:48:29 - [TEST_STEP][PASSED] - delay(3): Delayed 3 second(s)

2021-11-22 08:48:32 - [MESSAGE][PASSED] - Delayed 3 second(s)

2021-11-22 08:48:32 - [TEST_STEP][PASSED] - sendKeys(findTestObject("Modulo Tarea Listado Hojas de Vida/Tareas Listado Hojas de Vida/input_Listado Hojas De Vida_form_templatej_idt24_input"), Keys.chord(ENTER)): Keys 'ENTER + ' sent to object: 'Object Repository/Modulo Tarea Listado Hojas de Vida/Tareas Listado Hojas de Vida/input_Listado Hojas De Vida_form_templatej_idt24_input'

2021-11-22 08:48:32 - [MESSAGE][PASSED] - Keys 'ENTER + ' sent to object: 'Object Repository/Modulo Tarea Listado Hojas de Vida/Tareas Listado Hojas de Vida/input_Listado Hojas De Vida_form_templatej_idt24_input'

2021-11-22 08:48:32 - [MESSAGE][PASSED] - Call Test Case 'Test Cases/1.1-Tareas Principales/Listado hojas de Vida' successfully

2021-11-22 08:48:32 - [TEST_STEP][PASSED] - waitForElementClickable(findTestObject("Modulo Tarea Listado Hojas de Vida/Imprimir Hoja de Vida/input_Identificacin_listado_hojaVidaj_idt62"), G_TimeOut): Object 'Object Repository/Modulo Tarea Listado Hojas de Vida/Imprimir Hoja de Vida/input_Identificacin_listado_hojaVidaj_idt62' is clickable

2021-11-22 08:48:34 - [MESSAGE][PASSED] - Object 'Object Repository/Modulo Tarea Listado Hojas de Vida/Imprimir Hoja de Vida/input_Identificacin_listado_hojaVidaj_idt62' is clickable

2021-11-22 08:48:34 - [TEST_STEP][PASSED] - setText(findTestObject("Modulo Tarea Listado Hojas de Vida/Imprimir Hoja de Vida/input_Identificacin_listado_hojaVidaj_idt62"), "355682169"): Text '355682169' is set on object 'Object Repository/Modulo Tarea Listado Hojas de Vida/Imprimir Hoja de Vida/input_Identificacin_listado_hojaVidaj_idt62'

2021-11-22 08:48:35 - [MESSAGE][PASSED] - Text '355682169' is set on object 'Object Repository/Modulo Tarea Listado Hojas de Vida/Imprimir Hoja de Vida/input_Identificacin_listado_hojaVidaj_idt62'

2021-11-22 08:48:35 - [TEST_STEP][PASSED] - sendKeys(findTestObject("Modulo Tarea Listado Hojas de Vida/Imprimir Hoja de Vida/input_Identificacin_listado_hojaVidaj_idt62"), Keys.chord(ENTER)): Keys 'ENTER + ' sent to object: 'Object Repository/Modulo Tarea Listado Hojas de Vida/Imprimir Hoja de Vida/input_Identificacin_listado_hojaVidaj_idt62'

2021-11-22 08:48:35 - [MESSAGE][PASSED] - Keys 'ENTER + ' sent to object: 'Object Repository/Modulo Tarea Listado Hojas de Vida/Imprimir Hoja de Vida/input_Identificacin_listado_hojaVidaj_idt62'

2021-11-22 08:48:35 - [TEST_STEP][PASSED] - waitForElementClickable(findTestObject("Modulo Tarea Listado Hojas de Vida/Imprimir Hoja de Vida/td_355682169"), G_TimeOut): Object 'Object Repository/Modulo Tarea Listado Hojas de Vida/Imprimir Hoja de Vida/td_355682169' is clickable

2021-11-22 08:48:36 - [MESSAGE][PASSED] - Object 'Object Repository/Modulo Tarea Listado Hojas de Vida/Imprimir Hoja de Vida/td_355682169' is clickable

2021-11-22 08:48:36 - [TEST_STEP][PASSED] - click(findTestObject("Modulo Tarea Listado Hojas de Vida/Imprimir Hoja de Vida/td_355682169")): Object: 'Object Repository/Modulo Tarea Listado Hojas de Vida/Imprimir Hoja de Vida/td_355682169' is clicked on

2021-11-22 08:48:37 - [MESSAGE][PASSED] - Object: 'Object Repository/Modulo Tarea Listado Hojas de Vida/Imprimir Hoja de Vida/td_355682169' is clicked on

2021-11-22 08:48:37 - [TEST_STEP][PASSED] - waitForElementClickable(findTestObject("Modulo Tarea Listado Hojas de Vida/Imprimir Hoja de Vida/a_Imprimir"), G_TimeOut): Object 'Object Repository/Modulo Tarea Listado Hojas de Vida/Imprimir Hoja de Vida/a_Imprimir' is clickable

2021-11-22 08:48:38 - [MESSAGE][PASSED] - Object 'Object Repository/Modulo Tarea Listado Hojas de Vida/Imprimir Hoja de Vida/a_Imprimir' is clickable

2021-11-22 08:48:38 - [TEST_STEP][PASSED] - click(findTestObject("Modulo Tarea Listado Hojas de Vida/Imprimir Hoja de Vida/a_Imprimir")): Object: 'Object Repository/Modulo Tarea Listado Hojas de Vida/Imprimir Hoja de Vida/a_Imprimir' is clicked on

2021-11-22 08:48:41 - [MESSAGE][PASSED] - Object: 'Object Repository/Modulo Tarea Listado Hojas de Vida/Imprimir Hoja de Vida/a_Imprimir' is clicked on

2021-11-22 08:48:41 - [TEST_STEP][PASSED] - waitForElementClickable(findTestObject("Modulo Tarea Listado Hojas de Vida/Imprimir Hoja de Vida/a_Si"), G_TimeOut): Object 'Object Repository/Modulo Tarea Listado Hojas de Vida/Imprimir Hoja de Vida/a_Si' is clickable

2021-11-22 08:48:42 - [MESSAGE][PASSED] - Object 'Object Repository/Modulo Tarea Listado Hojas de Vida/Imprimir Hoja de Vida/a_Si' is clickable

2021-11-22 08:48:42 - [TEST_STEP][PASSED] - click(findTestObject("Modulo Tarea Listado Hojas de Vida/Imprimir Hoja de Vida/a_Si")): Object: 'Object Repository/Modulo Tarea Listado Hojas de Vida/Imprimir Hoja de Vida/a_Si' is clicked on

2021-11-22 08:48:42 - [MESSAGE][PASSED] - Object: 'Object Repository/Modulo Tarea Listado Hojas de Vida/Imprimir Hoja de Vida/a_Si' is clicked on

2021-11-22 08:48:42 - [TEST_STEP][PASSED] - waitForElementClickable(findTestObject("Modulo Tarea Listado Hojas de Vida/Imprimir Hoja de Vida/span_Grupo Sanguneo-closethick"), G_TimeOut): Object 'Object Repository/Modulo Tarea Listado Hojas de Vida/Imprimir Hoja de Vida/span_Grupo Sanguneo-closethick' is clickable

2021-11-22 08:48:44 - [MESSAGE][PASSED] - Object 'Object Repository/Modulo Tarea Listado Hojas de Vida/Imprimir Hoja de Vida/span_Grupo Sanguneo-closethick' is clickable

2021-11-22 08:48:44 - [TEST_STEP][PASSED] - click(findTestObject("Modulo Tarea Listado Hojas de Vida/Imprimir Hoja de Vida/span_Grupo Sanguneo-closethick")): Object: 'Object Repository/Modulo Tarea Listado Hojas de Vida/Imprimir Hoja de Vida/span_Grupo Sanguneo-closethick' is clicked on

2021-11-22 08:48:46 - [MESSAGE][PASSED] - Object: 'Object Repository/Modulo Tarea Listado Hojas de Vida/Imprimir Hoja de Vida/span_Grupo Sanguneo-closethick' is clicked on

2021-11-22 08:48:46 - [TEST_STEP][PASSED] - waitForElementClickable(findTestObject("Modulo Tarea Listado Hojas de Vida/Imprimir Hoja de Vida/a_Generar"), G_TimeOut): Object 'Object Repository/Modulo Tarea Listado Hojas de Vida/Imprimir Hoja de Vida/a_Generar' is clickable

2021-11-22 08:48:48 - [MESSAGE][PASSED] - Object 'Object Repository/Modulo Tarea Listado Hojas de Vida/Imprimir Hoja de Vida/a_Generar' is clickable

2021-11-22 08:48:48 - [TEST_STEP][PASSED] - click(findTestObject("Modulo Tarea Listado Hojas de Vida/Imprimir Hoja de Vida/a_Generar")): Object: 'Object Repository/Modulo Tarea Listado Hojas de Vida/Imprimir Hoja de Vida/a_Generar' is clicked on

2021-11-22 08:48:52 - [MESSAGE][PASSED] - Object: 'Object Repository/Modulo Tarea Listado Hojas de Vida/Imprimir Hoja de Vida/a_Generar' is clicked on

2021-11-22 08:48:52 - [TEST_STEP][PASSED] - waitForElementClickable(findTestObject("Modulo Tarea Listado Hojas de Vida/Imprimir Hoja de Vida/td_espaol impresion empleado"), G_TimeOut): Object 'Object Repository/Modulo Tarea Listado Hojas de Vida/Imprimir Hoja de Vida/td_espaol impresion empleado' is clickable

2021-11-22 08:48:54 - [MESSAGE][PASSED] - Object 'Object Repository/Modulo Tarea Listado Hojas de Vida/Imprimir Hoja de Vida/td_espaol impresion empleado' is clickable

2021-11-22 08:48:54 - [TEST_STEP][PASSED] - click(findTestObject("Modulo Tarea Listado Hojas de Vida/Imprimir Hoja de Vida/td_espaol impresion empleado")): Object: 'Object Repository/Modulo Tarea Listado Hojas de Vida/Imprimir Hoja de Vida/td_espaol impresion empleado' is clicked on

2021-11-22 08:48:56 - [MESSAGE][PASSED] - Object: 'Object Repository/Modulo Tarea Listado Hojas de Vida/Imprimir Hoja de Vida/td_espaol impresion empleado' is clicked on

2021-11-22 08:48:56 - [TEST_STEP][PASSED] - waitForElementClickable(findTestObject("Modulo Tarea Listado Hojas de Vida/Imprimir Hoja de Vida/a_Descargar"), G_TimeOut): Object 'Object Repository/Modulo Tarea Listado Hojas de Vida/Imprimir Hoja de Vida/a_Descargar' is clickable

2021-11-22 08:48:58 - [MESSAGE][PASSED] - Object 'Object Repository/Modulo Tarea Listado Hojas de Vida/Imprimir Hoja de Vida/a_Descargar' is clickable

2021-11-22 08:48:58 - [TEST_STEP][PASSED] - click(findTestObject("Modulo Tarea Listado Hojas de Vida/Imprimir Hoja de Vida/a_Descargar")): Object: 'Object Repository/Modulo Tarea Listado Hojas de Vida/Imprimir Hoja de Vida/a_Descargar' is clicked on

2021-11-22 08:49:00 - [MESSAGE][PASSED] - Object: 'Object Repository/Modulo Tarea Listado Hojas de Vida/Imprimir Hoja de Vida/a_Descargar' is clicked on

2021-11-22 08:49:00 - [TEST_STEP][PASSED] - waitForElementClickable(findTestObject("Modulo Tarea Listado Hojas de Vida/Imprimir Hoja de Vida/span_Grupo Sanguneo-closethick_1"), G_TimeOut): Object 'Object Repository/Modulo Tarea Listado Hojas de Vida/Imprimir Hoja de Vida/span_Grupo Sanguneo-closethick_1' is clickable

2021-11-22 08:49:02 - [MESSAGE][PASSED] - Object 'Object Repository/Modulo Tarea Listado Hojas de Vida/Imprimir Hoja de Vida/span_Grupo Sanguneo-closethick_1' is clickable

2021-11-22 08:49:02 - [TEST_STEP][PASSED] - click(findTestObject("Modulo Tarea Listado Hojas de Vida/Imprimir Hoja de Vida/span_Grupo Sanguneo-closethick_1")): Object: 'Object Repository/Modulo Tarea Listado Hojas de Vida/Imprimir Hoja de Vida/span_Grupo Sanguneo-closethick_1' is clicked on

2021-11-22 08:49:04 - [MESSAGE][PASSED] - Object: 'Object Repository/Modulo Tarea Listado Hojas de Vida/Imprimir Hoja de Vida/span_Grupo Sanguneo-closethick_1' is clicked on

2021-11-22 08:49:04 - [TEST_STEP][PASSED] - closeBrowser(): Browser is closed

2021-11-22 08:49:05 - [MESSAGE][PASSED] - Browser is closed]]></system-out>
         <system-err><![CDATA[]]></system-err>
      </testcase>
      <testcase name="Test Cases/1.1-Tareas Principales/1.1.3-Elaboracion Acto Cambio del Empleado" time="119.539" classname="Test Cases/1.1-Tareas Principales/1.1.3-Elaboracion Acto Cambio del Empleado" status="PASSED">
         <system-out><![CDATA[2021-11-22 08:49:05 - [TEST_CASE][PASSED] - Test Cases/1.1-Tareas Principales/1.1.3-Elaboracion Acto Cambio del Empleado: Test Cases/1.1-Tareas Principales/1.1.3-Elaboracion Acto Cambio del Empleado

2021-11-22 08:49:06 - [TEST_STEP][PASSED] - callTestCase(findTestCase("Hutilidades/Tareas Actos Administrativos/Acto Cambio del Empleado"), [:], STOP_ON_FAILURE): Call Test Case 'Test Cases/Hutilidades/Tareas Actos Administrativos/Acto Cambio del Empleado' successfully

2021-11-22 08:49:06 - [TEST_CASE][PASSED] - Test Cases/Hutilidades/Tareas Actos Administrativos/Acto Cambio del Empleado: Test Cases/Hutilidades/Tareas Actos Administrativos/Acto Cambio del Empleado

2021-11-22 08:49:06 - [TEST_STEP][PASSED] - identificacion = callTestCase(findTestCase("1.1-Tareas Principales/1.1.1-Crear Nueva Hoja de Vida"), [:], STOP_ON_FAILURE): Call Test Case 'Test Cases/1.1-Tareas Principales/1.1.1-Crear Nueva Hoja de Vida' successfully

2021-11-22 08:49:06 - [TEST_CASE][PASSED] - Test Cases/1.1-Tareas Principales/1.1.1-Crear Nueva Hoja de Vida: Test Cases/1.1-Tareas Principales/1.1.1-Crear Nueva Hoja de Vida

2021-11-22 08:49:06 - [TEST_STEP][PASSED] - random_double = Math.random() * 9999 + 999: null

2021-11-22 08:49:06 - [TEST_STEP][PASSED] - random_double = Math.round(random_double * 1000): null

2021-11-22 08:49:06 - [TEST_STEP][PASSED] - identificacion = toString().replace(".0", ""): null

2021-11-22 08:49:06 - [TEST_STEP][PASSED] - callTestCase(findTestCase("0.1-Login"), [:], STOP_ON_FAILURE): Call Test Case 'Test Cases/0.1-Login' successfully

2021-11-22 08:49:06 - [TEST_CASE][PASSED] - Test Cases/0.1-Login: Test Cases/0.1-Login

2021-11-22 08:49:06 - [TEST_STEP][PASSED] - openBrowser(""): Browser is opened with url: ''

2021-11-22 08:49:06 - [MESSAGE][INFO] - Starting 'Edge Chromium' driver

2021-11-22 08:49:08 - [MESSAGE][INFO] - Action delay is set to 0 milliseconds

2021-11-22 08:49:09 - [MESSAGE][PASSED] - Browser is opened with url: ''

2021-11-22 08:49:09 - [TEST_STEP][PASSED] - maximizeWindow(): Current window maximized

2021-11-22 08:49:09 - [MESSAGE][PASSED] - Current window maximized

2021-11-22 08:49:09 - [TEST_STEP][PASSED] - i = G_Login: null

2021-11-22 08:49:09 - [TEST_STEP][PASSED] - url = new java.net.URL(i): null

2021-11-22 08:49:09 - [TEST_STEP][PASSED] - println("URL: " + url.toString()): null

2021-11-22 08:49:09 - [TEST_STEP][PASSED] - connection = url.openConnection(): null

2021-11-22 08:49:09 - [TEST_STEP][PASSED] - connection.setRequestMethod("GET"): null

2021-11-22 08:49:09 - [TEST_STEP][PASSED] - connection.setReadTimeout(2 * 1000): null

2021-11-22 08:49:09 - [TEST_STEP][PASSED] - try: null

2021-11-22 08:49:09 - [TEST_STEP][PASSED] - connection.connect(): null

2021-11-22 08:49:09 - [TEST_STEP][PASSED] - flag = connected: null

2021-11-22 08:49:09 - [TEST_STEP][PASSED] - println("Valor_ori: " + flag): null

2021-11-22 08:49:09 - [TEST_STEP][PASSED] - if (flag): null

2021-11-22 08:49:09 - [TEST_STEP][PASSED] - navigateToUrl(i): Navigate to 'http://localhost:8380/saraweb/' successfully

2021-11-22 08:49:10 - [MESSAGE][PASSED] - Navigate to 'http://localhost:8380/saraweb/' successfully

2021-11-22 08:49:10 - [TEST_STEP][PASSED] - a(): null

2021-11-22 08:49:10 - [TEST_STEP][PASSED] - setText(findTestObject("Login/input_USUARIO_loginusuario"), G_Usuario): Text 'saraadmin' is set on object 'Object Repository/Login/input_USUARIO_loginusuario'

2021-11-22 08:49:11 - [MESSAGE][PASSED] - Text 'saraadmin' is set on object 'Object Repository/Login/input_USUARIO_loginusuario'

2021-11-22 08:49:11 - [TEST_STEP][PASSED] - setEncryptedText(findTestObject("Login/input_CLAVE_loginpassword"), "MkG4/TYiCFC3cb2driP7+Q=="): Text ****** has been set on object 'Object Repository/Login/input_CLAVE_loginpassword'

2021-11-22 08:49:12 - [MESSAGE][PASSED] - Text ****** has been set on object 'Object Repository/Login/input_CLAVE_loginpassword'

2021-11-22 08:49:12 - [TEST_STEP][PASSED] - waitForElementClickable(findTestObject("Login/a_Ingresar"), G_TimeOut): Object 'Object Repository/Login/a_Ingresar' is clickable

2021-11-22 08:49:12 - [MESSAGE][PASSED] - Object 'Object Repository/Login/a_Ingresar' is clickable

2021-11-22 08:49:12 - [TEST_STEP][PASSED] - click(findTestObject("Login/a_Ingresar")): Object: 'Object Repository/Login/a_Ingresar' is clicked on

2021-11-22 08:49:15 - [MESSAGE][PASSED] - Object: 'Object Repository/Login/a_Ingresar' is clicked on

2021-11-22 08:49:15 - [TEST_STEP][PASSED] - element = findWebElement(findTestObject("Login/a_Ir"), 30): null

2021-11-22 08:49:15 - [TEST_STEP][PASSED] - executeJavaScript("arguments[0].click()", Arrays.asList(element)): Execute JavaScript 'arguments[0].click()' successfully

2021-11-22 08:49:16 - [MESSAGE][PASSED] - Execute JavaScript 'arguments[0].click()' successfully

2021-11-22 08:49:16 - [MESSAGE][PASSED] - Call Test Case 'Test Cases/0.1-Login' successfully

2021-11-22 08:49:16 - [TEST_STEP][PASSED] - waitForElementClickable(findTestObject("Modulo Tarea Listado Hojas de Vida/Crear Nueva Hoja de Vida/input_Listado Hojas De Vida_form_templatej_idt24_input"), G_TimeOut): Object 'Object Repository/Modulo Tarea Listado Hojas de Vida/Crear Nueva Hoja de Vida/input_Listado Hojas De Vida_form_templatej_idt24_input' is clickable

2021-11-22 08:49:17 - [MESSAGE][PASSED] - Object 'Object Repository/Modulo Tarea Listado Hojas de Vida/Crear Nueva Hoja de Vida/input_Listado Hojas De Vida_form_templatej_idt24_input' is clickable

2021-11-22 08:49:17 - [TEST_STEP][PASSED] - setText(findTestObject("Modulo Tarea Listado Hojas de Vida/Crear Nueva Hoja de Vida/input_Listado Hojas De Vida_form_templatej_idt24_input"), "Listado Hojas de Vida"): Text 'Listado Hojas de Vida' is set on object 'Object Repository/Modulo Tarea Listado Hojas de Vida/Crear Nueva Hoja de Vida/input_Listado Hojas De Vida_form_templatej_idt24_input'

2021-11-22 08:49:17 - [MESSAGE][PASSED] - Text 'Listado Hojas de Vida' is set on object 'Object Repository/Modulo Tarea Listado Hojas de Vida/Crear Nueva Hoja de Vida/input_Listado Hojas De Vida_form_templatej_idt24_input'

2021-11-22 08:49:17 - [TEST_STEP][PASSED] - delay(1): Delayed 1 second(s)

2021-11-22 08:49:18 - [MESSAGE][PASSED] - Delayed 1 second(s)

2021-11-22 08:49:18 - [TEST_STEP][PASSED] - sendKeys(findTestObject("Modulo Tarea Listado Hojas de Vida/Crear Nueva Hoja de Vida/input_Listado Hojas De Vida_form_templatej_idt24_input"), Keys.chord(ENTER)): Keys 'ENTER + ' sent to object: 'Object Repository/Modulo Tarea Listado Hojas de Vida/Crear Nueva Hoja de Vida/input_Listado Hojas De Vida_form_templatej_idt24_input'

2021-11-22 08:49:19 - [MESSAGE][PASSED] - Keys 'ENTER + ' sent to object: 'Object Repository/Modulo Tarea Listado Hojas de Vida/Crear Nueva Hoja de Vida/input_Listado Hojas De Vida_form_templatej_idt24_input'

2021-11-22 08:49:19 - [TEST_STEP][PASSED] - waitForElementClickable(findTestObject("Modulo Tarea Listado Hojas de Vida/Crear Nueva Hoja de Vida/a_Nueva HojaVida"), G_TimeOut): Object 'Object Repository/Modulo Tarea Listado Hojas de Vida/Crear Nueva Hoja de Vida/a_Nueva HojaVida' is clickable

2021-11-22 08:49:21 - [MESSAGE][PASSED] - Object 'Object Repository/Modulo Tarea Listado Hojas de Vida/Crear Nueva Hoja de Vida/a_Nueva HojaVida' is clickable

2021-11-22 08:49:21 - [TEST_STEP][PASSED] - click(findTestObject("Modulo Tarea Listado Hojas de Vida/Crear Nueva Hoja de Vida/a_Nueva HojaVida")): Object: 'Object Repository/Modulo Tarea Listado Hojas de Vida/Crear Nueva Hoja de Vida/a_Nueva HojaVida' is clicked on

2021-11-22 08:49:21 - [MESSAGE][PASSED] - Object: 'Object Repository/Modulo Tarea Listado Hojas de Vida/Crear Nueva Hoja de Vida/a_Nueva HojaVida' is clicked on

2021-11-22 08:49:21 - [TEST_STEP][PASSED] - waitForElementClickable(findTestObject("Modulo Tarea Listado Hojas de Vida/Crear Nueva Hoja de Vida/input_Identificacin_nuevahoja_"), 0): Object 'Object Repository/Modulo Tarea Listado Hojas de Vida/Crear Nueva Hoja de Vida/input_Identificacin_nuevahoja_' is clickable

2021-11-22 08:49:21 - [MESSAGE][WARNING] - Timeout '0' is invalid. Using default page load timeout: '30'

2021-11-22 08:49:23 - [MESSAGE][PASSED] - Object 'Object Repository/Modulo Tarea Listado Hojas de Vida/Crear Nueva Hoja de Vida/input_Identificacin_nuevahoja_' is clickable

2021-11-22 08:49:23 - [TEST_STEP][PASSED] - setText(findTestObject("Modulo Tarea Listado Hojas de Vida/Crear Nueva Hoja de Vida/input_Identificacin_nuevahoja_"), identificacion): Text '2225938' is set on object 'Object Repository/Modulo Tarea Listado Hojas de Vida/Crear Nueva Hoja de Vida/input_Identificacin_nuevahoja_'

2021-11-22 08:49:24 - [MESSAGE][PASSED] - Text '2225938' is set on object 'Object Repository/Modulo Tarea Listado Hojas de Vida/Crear Nueva Hoja de Vida/input_Identificacin_nuevahoja_'

2021-11-22 08:49:24 - [TEST_STEP][PASSED] - selectOptionByIndex(findTestObject("Modulo Tarea Listado Hojas de Vida/Crear Nueva Hoja de Vida/select_-- Seleccione --.ASPIRA"), "4"): All options with index in [4] are selected on object 'Object Repository/Modulo Tarea Listado Hojas de Vida/Crear Nueva Hoja de Vida/select_-- Seleccione --.ASPIRA'

2021-11-22 08:49:25 - [MESSAGE][PASSED] - All options with index in [4] are selected on object 'Object Repository/Modulo Tarea Listado Hojas de Vida/Crear Nueva Hoja de Vida/select_-- Seleccione --.ASPIRA'

2021-11-22 08:49:25 - [TEST_STEP][PASSED] - click(findTestObject("Modulo Tarea Listado Hojas de Vida/Crear Nueva Hoja de Vida/a_Nueva Solicitud")): Object: 'Object Repository/Modulo Tarea Listado Hojas de Vida/Crear Nueva Hoja de Vida/a_Nueva Solicitud' is clicked on

2021-11-22 08:49:26 - [MESSAGE][PASSED] - Object: 'Object Repository/Modulo Tarea Listado Hojas de Vida/Crear Nueva Hoja de Vida/a_Nueva Solicitud' is clicked on

2021-11-22 08:49:26 - [TEST_STEP][PASSED] - waitForElementPresent(findTestObject("Modulo Tarea Listado Hojas de Vida/Crear Nueva Hoja de Vida/input__hojaVidaseccionj_idt8350j_idt845"), 0): Object 'Object Repository/Modulo Tarea Listado Hojas de Vida/Crear Nueva Hoja de Vida/input__hojaVidaseccionj_idt8350j_idt845' is present

2021-11-22 08:49:26 - [MESSAGE][WARNING] - Timeout '0' is invalid. Using default page load timeout: '30'

2021-11-22 08:49:27 - [MESSAGE][PASSED] - Object 'Object Repository/Modulo Tarea Listado Hojas de Vida/Crear Nueva Hoja de Vida/input__hojaVidaseccionj_idt8350j_idt845' is present

2021-11-22 08:49:27 - [TEST_STEP][PASSED] - setText(findTestObject("Modulo Tarea Listado Hojas de Vida/Crear Nueva Hoja de Vida/input__hojaVidaseccionj_idt8350j_idt845"), identificacion): Text '2225938' is set on object 'Object Repository/Modulo Tarea Listado Hojas de Vida/Crear Nueva Hoja de Vida/input__hojaVidaseccionj_idt8350j_idt845'

2021-11-22 08:49:27 - [MESSAGE][PASSED] - Text '2225938' is set on object 'Object Repository/Modulo Tarea Listado Hojas de Vida/Crear Nueva Hoja de Vida/input__hojaVidaseccionj_idt8350j_idt845'

2021-11-22 08:49:27 - [TEST_STEP][PASSED] - setText(findTestObject("Modulo Tarea Listado Hojas de Vida/Crear Nueva Hoja de Vida/input__hojaVidaseccionj_idt8351j_idt845"), "jhon" + identificacion): Text 'jhon2225938' is set on object 'Object Repository/Modulo Tarea Listado Hojas de Vida/Crear Nueva Hoja de Vida/input__hojaVidaseccionj_idt8351j_idt845'

2021-11-22 08:49:28 - [MESSAGE][PASSED] - Text 'jhon2225938' is set on object 'Object Repository/Modulo Tarea Listado Hojas de Vida/Crear Nueva Hoja de Vida/input__hojaVidaseccionj_idt8351j_idt845'

2021-11-22 08:49:28 - [TEST_STEP][PASSED] - setText(findTestObject("Modulo Tarea Listado Hojas de Vida/Crear Nueva Hoja de Vida/input__hojaVidaseccionj_idt8352j_idt845"), "consta belfegord"): Text 'consta belfegord' is set on object 'Object Repository/Modulo Tarea Listado Hojas de Vida/Crear Nueva Hoja de Vida/input__hojaVidaseccionj_idt8352j_idt845'

2021-11-22 08:49:29 - [MESSAGE][PASSED] - Text 'consta belfegord' is set on object 'Object Repository/Modulo Tarea Listado Hojas de Vida/Crear Nueva Hoja de Vida/input__hojaVidaseccionj_idt8352j_idt845'

2021-11-22 08:49:29 - [TEST_STEP][PASSED] - setText(findTestObject("Modulo Tarea Listado Hojas de Vida/Crear Nueva Hoja de Vida/input__hojaVidaseccionj_idt8353fecha_input"), "30/08/1995"): Text '30/08/1995' is set on object 'Object Repository/Modulo Tarea Listado Hojas de Vida/Crear Nueva Hoja de Vida/input__hojaVidaseccionj_idt8353fecha_input'

2021-11-22 08:49:30 - [MESSAGE][PASSED] - Text '30/08/1995' is set on object 'Object Repository/Modulo Tarea Listado Hojas de Vida/Crear Nueva Hoja de Vida/input__hojaVidaseccionj_idt8353fecha_input'

2021-11-22 08:49:30 - [TEST_STEP][PASSED] - sendKeys(findTestObject("Modulo Tarea Listado Hojas de Vida/Crear Nueva Hoja de Vida/input__hojaVidaseccionj_idt8353fecha_input"), Keys.chord(ENTER)): Keys 'ENTER + ' sent to object: 'Object Repository/Modulo Tarea Listado Hojas de Vida/Crear Nueva Hoja de Vida/input__hojaVidaseccionj_idt8353fecha_input'

2021-11-22 08:49:30 - [MESSAGE][PASSED] - Keys 'ENTER + ' sent to object: 'Object Repository/Modulo Tarea Listado Hojas de Vida/Crear Nueva Hoja de Vida/input__hojaVidaseccionj_idt8353fecha_input'

2021-11-22 08:49:30 - [TEST_STEP][PASSED] - waitForElementClickable(findTestObject("Modulo Tarea Listado Hojas de Vida/Crear Nueva Hoja de Vida/a__hojaVidaseccionj_idt8354j_idt865"), G_TimeOut): Object 'Object Repository/Modulo Tarea Listado Hojas de Vida/Crear Nueva Hoja de Vida/a__hojaVidaseccionj_idt8354j_idt865' is clickable

2021-11-22 08:49:31 - [MESSAGE][PASSED] - Object 'Object Repository/Modulo Tarea Listado Hojas de Vida/Crear Nueva Hoja de Vida/a__hojaVidaseccionj_idt8354j_idt865' is clickable

2021-11-22 08:49:31 - [TEST_STEP][PASSED] - click(findTestObject("Modulo Tarea Listado Hojas de Vida/Crear Nueva Hoja de Vida/a__hojaVidaseccionj_idt8354j_idt865")): Object: 'Object Repository/Modulo Tarea Listado Hojas de Vida/Crear Nueva Hoja de Vida/a__hojaVidaseccionj_idt8354j_idt865' is clicked on

2021-11-22 08:49:31 - [MESSAGE][PASSED] - Object: 'Object Repository/Modulo Tarea Listado Hojas de Vida/Crear Nueva Hoja de Vida/a__hojaVidaseccionj_idt8354j_idt865' is clicked on

2021-11-22 08:49:31 - [TEST_STEP][PASSED] - waitForElementClickable(findTestObject("Modulo Tarea Listado Hojas de Vida/Crear Nueva Hoja de Vida/span_CEDULA CIUDADANIA"), G_TimeOut): Object 'Object Repository/Modulo Tarea Listado Hojas de Vida/Crear Nueva Hoja de Vida/span_CEDULA CIUDADANIA' is clickable

2021-11-22 08:49:32 - [MESSAGE][PASSED] - Object 'Object Repository/Modulo Tarea Listado Hojas de Vida/Crear Nueva Hoja de Vida/span_CEDULA CIUDADANIA' is clickable

2021-11-22 08:49:32 - [TEST_STEP][PASSED] - click(findTestObject("Modulo Tarea Listado Hojas de Vida/Crear Nueva Hoja de Vida/span_CEDULA CIUDADANIA")): Object: 'Object Repository/Modulo Tarea Listado Hojas de Vida/Crear Nueva Hoja de Vida/span_CEDULA CIUDADANIA' is clicked on

2021-11-22 08:49:32 - [MESSAGE][PASSED] - Object: 'Object Repository/Modulo Tarea Listado Hojas de Vida/Crear Nueva Hoja de Vida/span_CEDULA CIUDADANIA' is clicked on

2021-11-22 08:49:32 - [TEST_STEP][PASSED] - waitForElementClickable(findTestObject("Modulo Tarea Listado Hojas de Vida/Crear Nueva Hoja de Vida/input_Fecha Expedicin_hojaVidas"), G_TimeOut): Object 'Object Repository/Modulo Tarea Listado Hojas de Vida/Crear Nueva Hoja de Vida/input_Fecha Expedicin_hojaVidas' is clickable

2021-11-22 08:49:33 - [MESSAGE][PASSED] - Object 'Object Repository/Modulo Tarea Listado Hojas de Vida/Crear Nueva Hoja de Vida/input_Fecha Expedicin_hojaVidas' is clickable

2021-11-22 08:49:33 - [TEST_STEP][PASSED] - setText(findTestObject("Modulo Tarea Listado Hojas de Vida/Crear Nueva Hoja de Vida/input_Fecha Expedicin_hojaVidas"), "13/09/2013"): Text '13/09/2013' is set on object 'Object Repository/Modulo Tarea Listado Hojas de Vida/Crear Nueva Hoja de Vida/input_Fecha Expedicin_hojaVidas'

2021-11-22 08:49:34 - [MESSAGE][PASSED] - Text '13/09/2013' is set on object 'Object Repository/Modulo Tarea Listado Hojas de Vida/Crear Nueva Hoja de Vida/input_Fecha Expedicin_hojaVidas'

2021-11-22 08:49:34 - [TEST_STEP][PASSED] - sendKeys(findTestObject("Modulo Tarea Listado Hojas de Vida/Crear Nueva Hoja de Vida/input_Fecha Expedicin_hojaVidas"), Keys.chord(ENTER)): Keys 'ENTER + ' sent to object: 'Object Repository/Modulo Tarea Listado Hojas de Vida/Crear Nueva Hoja de Vida/input_Fecha Expedicin_hojaVidas'

2021-11-22 08:49:34 - [MESSAGE][PASSED] - Keys 'ENTER + ' sent to object: 'Object Repository/Modulo Tarea Listado Hojas de Vida/Crear Nueva Hoja de Vida/input_Fecha Expedicin_hojaVidas'

2021-11-22 08:49:34 - [TEST_STEP][PASSED] - selectOptionByIndex(findTestObject("Modulo Tarea Listado Hojas de Vida/Crear Nueva Hoja de Vida/select_-- Seleccione--000000ABEJORRAL"), "113"): All options with index in [113] are selected on object 'Object Repository/Modulo Tarea Listado Hojas de Vida/Crear Nueva Hoja de Vida/select_-- Seleccione--000000ABEJORRAL'

2021-11-22 08:49:37 - [MESSAGE][PASSED] - All options with index in [113] are selected on object 'Object Repository/Modulo Tarea Listado Hojas de Vida/Crear Nueva Hoja de Vida/select_-- Seleccione--000000ABEJORRAL'

2021-11-22 08:49:37 - [TEST_STEP][PASSED] - setText(findTestObject("Modulo Tarea Listado Hojas de Vida/Crear Nueva Hoja de Vida/input__hojaVidaseccionj_idt8358j_idt845"), "634564654684"): Text '634564654684' is set on object 'Object Repository/Modulo Tarea Listado Hojas de Vida/Crear Nueva Hoja de Vida/input__hojaVidaseccionj_idt8358j_idt845'

2021-11-22 08:49:38 - [MESSAGE][PASSED] - Text '634564654684' is set on object 'Object Repository/Modulo Tarea Listado Hojas de Vida/Crear Nueva Hoja de Vida/input__hojaVidaseccionj_idt8358j_idt845'

2021-11-22 08:49:38 - [TEST_STEP][PASSED] - setText(findTestObject("Modulo Tarea Listado Hojas de Vida/Crear Nueva Hoja de Vida/input__hojaVidaseccionj_idt8359j_idt845"), "noodle@gmail.com"): Text 'noodle@gmail.com' is set on object 'Object Repository/Modulo Tarea Listado Hojas de Vida/Crear Nueva Hoja de Vida/input__hojaVidaseccionj_idt8359j_idt845'

2021-11-22 08:49:39 - [MESSAGE][PASSED] - Text 'noodle@gmail.com' is set on object 'Object Repository/Modulo Tarea Listado Hojas de Vida/Crear Nueva Hoja de Vida/input__hojaVidaseccionj_idt8359j_idt845'

2021-11-22 08:49:39 - [TEST_STEP][PASSED] - selectOptionByIndex(findTestObject("Modulo Tarea Listado Hojas de Vida/Crear Nueva Hoja de Vida/select_AA-ABAB-BB-OO-"), "7"): All options with index in [7] are selected on object 'Object Repository/Modulo Tarea Listado Hojas de Vida/Crear Nueva Hoja de Vida/select_AA-ABAB-BB-OO-'

2021-11-22 08:49:40 - [MESSAGE][PASSED] - All options with index in [7] are selected on object 'Object Repository/Modulo Tarea Listado Hojas de Vida/Crear Nueva Hoja de Vida/select_AA-ABAB-BB-OO-'

2021-11-22 08:49:40 - [TEST_STEP][PASSED] - waitForElementClickable(findTestObject("Modulo Tarea Listado Hojas de Vida/Crear Nueva Hoja de Vida/a_Continuar"), G_TimeOut): Object 'Object Repository/Modulo Tarea Listado Hojas de Vida/Crear Nueva Hoja de Vida/a_Continuar' is clickable

2021-11-22 08:49:40 - [MESSAGE][PASSED] - Object 'Object Repository/Modulo Tarea Listado Hojas de Vida/Crear Nueva Hoja de Vida/a_Continuar' is clickable

2021-11-22 08:49:40 - [TEST_STEP][PASSED] - click(findTestObject("Modulo Tarea Listado Hojas de Vida/Crear Nueva Hoja de Vida/a_Continuar")): Object: 'Object Repository/Modulo Tarea Listado Hojas de Vida/Crear Nueva Hoja de Vida/a_Continuar' is clicked on

2021-11-22 08:49:41 - [MESSAGE][PASSED] - Object: 'Object Repository/Modulo Tarea Listado Hojas de Vida/Crear Nueva Hoja de Vida/a_Continuar' is clicked on

2021-11-22 08:49:41 - [TEST_STEP][PASSED] - waitForElementClickable(findTestObject("Modulo Tarea Listado Hojas de Vida/Crear Nueva Hoja de Vida/a_Aceptar"), G_TimeOut): Object 'Object Repository/Modulo Tarea Listado Hojas de Vida/Crear Nueva Hoja de Vida/a_Aceptar' is clickable

2021-11-22 08:49:43 - [MESSAGE][PASSED] - Object 'Object Repository/Modulo Tarea Listado Hojas de Vida/Crear Nueva Hoja de Vida/a_Aceptar' is clickable

2021-11-22 08:49:43 - [TEST_STEP][PASSED] - click(findTestObject("Modulo Tarea Listado Hojas de Vida/Crear Nueva Hoja de Vida/a_Aceptar"), STOP_ON_FAILURE): Object: 'Object Repository/Modulo Tarea Listado Hojas de Vida/Crear Nueva Hoja de Vida/a_Aceptar' is clicked on

2021-11-22 08:49:44 - [MESSAGE][PASSED] - Object: 'Object Repository/Modulo Tarea Listado Hojas de Vida/Crear Nueva Hoja de Vida/a_Aceptar' is clicked on

2021-11-22 08:49:44 - [TEST_STEP][PASSED] - return identificacion: null

2021-11-22 08:49:44 - [MESSAGE][PASSED] - Call Test Case 'Test Cases/1.1-Tareas Principales/1.1.1-Crear Nueva Hoja de Vida' successfully

2021-11-22 08:49:44 - [TEST_STEP][PASSED] - callTestCase(findTestCase("Hutilidades/Tareas Actos Administrativos/Tarea Actos Administrativos"), [:], STOP_ON_FAILURE): Call Test Case 'Test Cases/Hutilidades/Tareas Actos Administrativos/Tarea Actos Administrativos' successfully

2021-11-22 08:49:44 - [TEST_CASE][PASSED] - Test Cases/Hutilidades/Tareas Actos Administrativos/Tarea Actos Administrativos: Test Cases/Hutilidades/Tareas Actos Administrativos/Tarea Actos Administrativos

2021-11-22 08:49:44 - [TEST_STEP][PASSED] - callTestCase(findTestCase("0.1-Login"), [:], STOP_ON_FAILURE): Call Test Case 'Test Cases/0.1-Login' successfully

2021-11-22 08:49:44 - [TEST_CASE][PASSED] - Test Cases/0.1-Login: Test Cases/0.1-Login

2021-11-22 08:49:44 - [TEST_STEP][PASSED] - openBrowser(""): Browser is opened with url: ''

2021-11-22 08:49:44 - [MESSAGE][WARNING] - A browser is already opened. Closing browser and opening a new one

2021-11-22 08:49:45 - [MESSAGE][INFO] - Starting 'Edge Chromium' driver

2021-11-22 08:49:47 - [MESSAGE][INFO] - Action delay is set to 0 milliseconds

2021-11-22 08:49:48 - [MESSAGE][PASSED] - Browser is opened with url: ''

2021-11-22 08:49:48 - [TEST_STEP][PASSED] - maximizeWindow(): Current window maximized

2021-11-22 08:49:48 - [MESSAGE][PASSED] - Current window maximized

2021-11-22 08:49:48 - [TEST_STEP][PASSED] - i = G_Login: null

2021-11-22 08:49:48 - [TEST_STEP][PASSED] - url = new java.net.URL(i): null

2021-11-22 08:49:48 - [TEST_STEP][PASSED] - println("URL: " + url.toString()): null

2021-11-22 08:49:48 - [TEST_STEP][PASSED] - connection = url.openConnection(): null

2021-11-22 08:49:48 - [TEST_STEP][PASSED] - connection.setRequestMethod("GET"): null

2021-11-22 08:49:48 - [TEST_STEP][PASSED] - connection.setReadTimeout(2 * 1000): null

2021-11-22 08:49:48 - [TEST_STEP][PASSED] - try: null

2021-11-22 08:49:48 - [TEST_STEP][PASSED] - connection.connect(): null

2021-11-22 08:49:48 - [TEST_STEP][PASSED] - flag = connected: null

2021-11-22 08:49:48 - [TEST_STEP][PASSED] - println("Valor_ori: " + flag): null

2021-11-22 08:49:48 - [TEST_STEP][PASSED] - if (flag): null

2021-11-22 08:49:48 - [TEST_STEP][PASSED] - navigateToUrl(i): Navigate to 'http://localhost:8380/saraweb/' successfully

2021-11-22 08:49:49 - [MESSAGE][PASSED] - Navigate to 'http://localhost:8380/saraweb/' successfully

2021-11-22 08:49:49 - [TEST_STEP][PASSED] - a(): null

2021-11-22 08:49:49 - [TEST_STEP][PASSED] - setText(findTestObject("Login/input_USUARIO_loginusuario"), G_Usuario): Text 'saraadmin' is set on object 'Object Repository/Login/input_USUARIO_loginusuario'

2021-11-22 08:49:50 - [MESSAGE][PASSED] - Text 'saraadmin' is set on object 'Object Repository/Login/input_USUARIO_loginusuario'

2021-11-22 08:49:50 - [TEST_STEP][PASSED] - setEncryptedText(findTestObject("Login/input_CLAVE_loginpassword"), "MkG4/TYiCFC3cb2driP7+Q=="): Text ****** has been set on object 'Object Repository/Login/input_CLAVE_loginpassword'

2021-11-22 08:49:50 - [MESSAGE][PASSED] - Text ****** has been set on object 'Object Repository/Login/input_CLAVE_loginpassword'

2021-11-22 08:49:50 - [TEST_STEP][PASSED] - waitForElementClickable(findTestObject("Login/a_Ingresar"), G_TimeOut): Object 'Object Repository/Login/a_Ingresar' is clickable

2021-11-22 08:49:51 - [MESSAGE][PASSED] - Object 'Object Repository/Login/a_Ingresar' is clickable

2021-11-22 08:49:51 - [TEST_STEP][PASSED] - click(findTestObject("Login/a_Ingresar")): Object: 'Object Repository/Login/a_Ingresar' is clicked on

2021-11-22 08:49:53 - [MESSAGE][PASSED] - Object: 'Object Repository/Login/a_Ingresar' is clicked on

2021-11-22 08:49:53 - [TEST_STEP][PASSED] - element = findWebElement(findTestObject("Login/a_Ir"), 30): null

2021-11-22 08:49:53 - [TEST_STEP][PASSED] - executeJavaScript("arguments[0].click()", Arrays.asList(element)): Execute JavaScript 'arguments[0].click()' successfully

2021-11-22 08:49:53 - [MESSAGE][PASSED] - Execute JavaScript 'arguments[0].click()' successfully

2021-11-22 08:49:53 - [MESSAGE][PASSED] - Call Test Case 'Test Cases/0.1-Login' successfully

2021-11-22 08:49:53 - [TEST_STEP][PASSED] - waitForElementClickable(findTestObject("Modulo Tarea Actos Administrativos/Tarea Actos Administrativos/input_ADMINISTRADOR DEL SISTEMA"), G_TimeOut): Object 'Object Repository/Modulo Tarea Actos Administrativos/Tarea Actos Administrativos/input_ADMINISTRADOR DEL SISTEMA' is clickable

2021-11-22 08:49:54 - [MESSAGE][PASSED] - Object 'Object Repository/Modulo Tarea Actos Administrativos/Tarea Actos Administrativos/input_ADMINISTRADOR DEL SISTEMA' is clickable

2021-11-22 08:49:54 - [TEST_STEP][PASSED] - setText(findTestObject("Modulo Tarea Actos Administrativos/Tarea Actos Administrativos/input_ADMINISTRADOR DEL SISTEMA"), "Actos Administrativos"): Text 'Actos Administrativos' is set on object 'Object Repository/Modulo Tarea Actos Administrativos/Tarea Actos Administrativos/input_ADMINISTRADOR DEL SISTEMA'

2021-11-22 08:49:55 - [MESSAGE][PASSED] - Text 'Actos Administrativos' is set on object 'Object Repository/Modulo Tarea Actos Administrativos/Tarea Actos Administrativos/input_ADMINISTRADOR DEL SISTEMA'

2021-11-22 08:49:55 - [TEST_STEP][PASSED] - delay(3): Delayed 3 second(s)

2021-11-22 08:49:58 - [MESSAGE][PASSED] - Delayed 3 second(s)

2021-11-22 08:49:58 - [TEST_STEP][PASSED] - sendKeys(findTestObject("Modulo Tarea Actos Administrativos/Tarea Actos Administrativos/input_ADMINISTRADOR DEL SISTEMA"), Keys.chord(ENTER)): Keys 'ENTER + ' sent to object: 'Object Repository/Modulo Tarea Actos Administrativos/Tarea Actos Administrativos/input_ADMINISTRADOR DEL SISTEMA'

2021-11-22 08:49:58 - [MESSAGE][PASSED] - Keys 'ENTER + ' sent to object: 'Object Repository/Modulo Tarea Actos Administrativos/Tarea Actos Administrativos/input_ADMINISTRADOR DEL SISTEMA'

2021-11-22 08:49:58 - [MESSAGE][PASSED] - Call Test Case 'Test Cases/Hutilidades/Tareas Actos Administrativos/Tarea Actos Administrativos' successfully

2021-11-22 08:49:58 - [TEST_STEP][PASSED] - waitForElementClickable(findTestObject("Modulo Tarea Actos Administrativos/Acto Cambio Empleado/i_Actos_glyphicons glyphicons-group"), G_TimeOut): Object 'Object Repository/Modulo Tarea Actos Administrativos/Acto Cambio Empleado/i_Actos_glyphicons glyphicons-group' is clickable

2021-11-22 08:49:59 - [MESSAGE][PASSED] - Object 'Object Repository/Modulo Tarea Actos Administrativos/Acto Cambio Empleado/i_Actos_glyphicons glyphicons-group' is clickable

2021-11-22 08:49:59 - [TEST_STEP][PASSED] - click(findTestObject("Modulo Tarea Actos Administrativos/Acto Cambio Empleado/i_Actos_glyphicons glyphicons-group")): Object: 'Object Repository/Modulo Tarea Actos Administrativos/Acto Cambio Empleado/i_Actos_glyphicons glyphicons-group' is clicked on

2021-11-22 08:50:00 - [MESSAGE][PASSED] - Object: 'Object Repository/Modulo Tarea Actos Administrativos/Acto Cambio Empleado/i_Actos_glyphicons glyphicons-group' is clicked on

2021-11-22 08:50:00 - [TEST_STEP][PASSED] - waitForElementClickable(findTestObject("Modulo Tarea Actos Administrativos/Acto Cambio Empleado/a_Acto cambio del Empleado_form"), G_TimeOut): Object 'Object Repository/Modulo Tarea Actos Administrativos/Acto Cambio Empleado/a_Acto cambio del Empleado_form' is clickable

2021-11-22 08:50:00 - [MESSAGE][PASSED] - Object 'Object Repository/Modulo Tarea Actos Administrativos/Acto Cambio Empleado/a_Acto cambio del Empleado_form' is clickable

2021-11-22 08:50:00 - [TEST_STEP][PASSED] - click(findTestObject("Modulo Tarea Actos Administrativos/Acto Cambio Empleado/a_Acto cambio del Empleado_form")): Object: 'Object Repository/Modulo Tarea Actos Administrativos/Acto Cambio Empleado/a_Acto cambio del Empleado_form' is clicked on

2021-11-22 08:50:01 - [MESSAGE][PASSED] - Object: 'Object Repository/Modulo Tarea Actos Administrativos/Acto Cambio Empleado/a_Acto cambio del Empleado_form' is clicked on

2021-11-22 08:50:01 - [TEST_STEP][PASSED] - waitForElementClickable(findTestObject("Modulo Tarea Actos Administrativos/Acto Cambio Empleado/span_nomina"), G_TimeOut): Object 'Object Repository/Modulo Tarea Actos Administrativos/Acto Cambio Empleado/span_nomina' is clickable

2021-11-22 08:50:02 - [MESSAGE][PASSED] - Object 'Object Repository/Modulo Tarea Actos Administrativos/Acto Cambio Empleado/span_nomina' is clickable

2021-11-22 08:50:02 - [TEST_STEP][PASSED] - click(findTestObject("Modulo Tarea Actos Administrativos/Acto Cambio Empleado/span_nomina")): Object: 'Object Repository/Modulo Tarea Actos Administrativos/Acto Cambio Empleado/span_nomina' is clicked on

2021-11-22 08:50:03 - [MESSAGE][PASSED] - Object: 'Object Repository/Modulo Tarea Actos Administrativos/Acto Cambio Empleado/span_nomina' is clicked on

2021-11-22 08:50:03 - [TEST_STEP][PASSED] - waitForElementClickable(findTestObject("Modulo Tarea Actos Administrativos/Acto Cambio Empleado/span_ingreso definitivo indefinido salario basico"), G_TimeOut): Object 'Object Repository/Modulo Tarea Actos Administrativos/Acto Cambio Empleado/span_ingreso definitivo indefinido salario basico' is clickable

2021-11-22 08:50:03 - [MESSAGE][PASSED] - Object 'Object Repository/Modulo Tarea Actos Administrativos/Acto Cambio Empleado/span_ingreso definitivo indefinido salario basico' is clickable

2021-11-22 08:50:03 - [TEST_STEP][PASSED] - click(findTestObject("Modulo Tarea Actos Administrativos/Acto Cambio Empleado/span_ingreso definitivo indefinido salario basico")): Object: 'Object Repository/Modulo Tarea Actos Administrativos/Acto Cambio Empleado/span_ingreso definitivo indefinido salario basico' is clicked on

2021-11-22 08:50:04 - [MESSAGE][PASSED] - Object: 'Object Repository/Modulo Tarea Actos Administrativos/Acto Cambio Empleado/span_ingreso definitivo indefinido salario basico' is clicked on

2021-11-22 08:50:04 - [TEST_STEP][PASSED] - waitForElementClickable(findTestObject("Modulo Tarea Actos Administrativos/Acto Cambio Empleado/a_Elaboracin_glyphicons glyphicons-chronicle x2"), G_TimeOut): Object 'Object Repository/Modulo Tarea Actos Administrativos/Acto Cambio Empleado/a_Elaboracin_glyphicons glyphicons-chronicle x2' is clickable

2021-11-22 08:50:04 - [MESSAGE][PASSED] - Object 'Object Repository/Modulo Tarea Actos Administrativos/Acto Cambio Empleado/a_Elaboracin_glyphicons glyphicons-chronicle x2' is clickable

2021-11-22 08:50:04 - [TEST_STEP][PASSED] - click(findTestObject("Modulo Tarea Actos Administrativos/Acto Cambio Empleado/a_Elaboracin_glyphicons glyphicons-chronicle x2")): Object: 'Object Repository/Modulo Tarea Actos Administrativos/Acto Cambio Empleado/a_Elaboracin_glyphicons glyphicons-chronicle x2' is clicked on

2021-11-22 08:50:05 - [MESSAGE][PASSED] - Object: 'Object Repository/Modulo Tarea Actos Administrativos/Acto Cambio Empleado/a_Elaboracin_glyphicons glyphicons-chronicle x2' is clicked on

2021-11-22 08:50:05 - [TEST_STEP][PASSED] - waitForElementClickable(findTestObject("Modulo Tarea Actos Administrativos/Acto Cambio Empleado/a_Identificacin_form_actoIngresoj_idt975"), G_TimeOut): Object 'Object Repository/Modulo Tarea Actos Administrativos/Acto Cambio Empleado/a_Identificacin_form_actoIngresoj_idt975' is clickable

2021-11-22 08:50:07 - [MESSAGE][PASSED] - Object 'Object Repository/Modulo Tarea Actos Administrativos/Acto Cambio Empleado/a_Identificacin_form_actoIngresoj_idt975' is clickable

2021-11-22 08:50:07 - [TEST_STEP][PASSED] - click(findTestObject("Modulo Tarea Actos Administrativos/Acto Cambio Empleado/a_Identificacin_form_actoIngresoj_idt975")): Object: 'Object Repository/Modulo Tarea Actos Administrativos/Acto Cambio Empleado/a_Identificacin_form_actoIngresoj_idt975' is clicked on

2021-11-22 08:50:08 - [MESSAGE][PASSED] - Object: 'Object Repository/Modulo Tarea Actos Administrativos/Acto Cambio Empleado/a_Identificacin_form_actoIngresoj_idt975' is clicked on

2021-11-22 08:50:08 - [TEST_STEP][PASSED] - setText(findTestObject("Modulo Tarea Actos Administrativos/Acto Cambio Empleado/input_Filtro Hoja de Vida_formPopupHojaVidaj_idt1696"), identificacion): Text '2225938' is set on object 'Object Repository/Modulo Tarea Actos Administrativos/Acto Cambio Empleado/input_Filtro Hoja de Vida_formPopupHojaVidaj_idt1696'

2021-11-22 08:50:09 - [MESSAGE][PASSED] - Text '2225938' is set on object 'Object Repository/Modulo Tarea Actos Administrativos/Acto Cambio Empleado/input_Filtro Hoja de Vida_formPopupHojaVidaj_idt1696'

2021-11-22 08:50:09 - [TEST_STEP][PASSED] - sendKeys(findTestObject("Modulo Tarea Actos Administrativos/Acto Cambio Empleado/input_Filtro Hoja de Vida_formPopupHojaVidaj_idt1696"), Keys.chord(ENTER)): Keys 'ENTER + ' sent to object: 'Object Repository/Modulo Tarea Actos Administrativos/Acto Cambio Empleado/input_Filtro Hoja de Vida_formPopupHojaVidaj_idt1696'

2021-11-22 08:50:09 - [MESSAGE][PASSED] - Keys 'ENTER + ' sent to object: 'Object Repository/Modulo Tarea Actos Administrativos/Acto Cambio Empleado/input_Filtro Hoja de Vida_formPopupHojaVidaj_idt1696'

2021-11-22 08:50:09 - [TEST_STEP][PASSED] - waitForElementClickable(findTestObject("Modulo Tarea Actos Administrativos/Acto Cambio Empleado/span_Consta Belfegord  Jhon5682169"), G_TimeOut): Object 'Object Repository/Modulo Tarea Actos Administrativos/Acto Cambio Empleado/span_Consta Belfegord  Jhon5682169' is clickable

2021-11-22 08:50:10 - [MESSAGE][PASSED] - Object 'Object Repository/Modulo Tarea Actos Administrativos/Acto Cambio Empleado/span_Consta Belfegord  Jhon5682169' is clickable

2021-11-22 08:50:10 - [TEST_STEP][PASSED] - click(findTestObject("Modulo Tarea Actos Administrativos/Acto Cambio Empleado/span_Consta Belfegord  Jhon5682169")): Object: 'Object Repository/Modulo Tarea Actos Administrativos/Acto Cambio Empleado/span_Consta Belfegord  Jhon5682169' is clicked on

2021-11-22 08:50:10 - [MESSAGE][PASSED] - Object: 'Object Repository/Modulo Tarea Actos Administrativos/Acto Cambio Empleado/span_Consta Belfegord  Jhon5682169' is clicked on

2021-11-22 08:50:10 - [TEST_STEP][PASSED] - waitForElementClickable(findTestObject("Modulo Tarea Actos Administrativos/Acto Cambio Empleado/a_Continuar"), G_TimeOut): Object 'Object Repository/Modulo Tarea Actos Administrativos/Acto Cambio Empleado/a_Continuar' is clickable

2021-11-22 08:50:11 - [MESSAGE][PASSED] - Object 'Object Repository/Modulo Tarea Actos Administrativos/Acto Cambio Empleado/a_Continuar' is clickable

2021-11-22 08:50:11 - [TEST_STEP][PASSED] - click(findTestObject("Modulo Tarea Actos Administrativos/Acto Cambio Empleado/a_Continuar")): Object: 'Object Repository/Modulo Tarea Actos Administrativos/Acto Cambio Empleado/a_Continuar' is clicked on

2021-11-22 08:50:11 - [MESSAGE][PASSED] - Object: 'Object Repository/Modulo Tarea Actos Administrativos/Acto Cambio Empleado/a_Continuar' is clicked on

2021-11-22 08:50:11 - [TEST_STEP][PASSED] - return identificacion: null

2021-11-22 08:50:11 - [MESSAGE][PASSED] - Call Test Case 'Test Cases/Hutilidades/Tareas Actos Administrativos/Acto Cambio del Empleado' successfully

2021-11-22 08:50:11 - [TEST_STEP][PASSED] - setText(findTestObject("Modulo Tarea Actos Administrativos/Elaboracion Acto Cambio de Empleado/input__form_actoIngresoj_idt10120fecha_input"), "01/12/2018"): Text '01/12/2018' is set on object 'Object Repository/Modulo Tarea Actos Administrativos/Elaboracion Acto Cambio de Empleado/input__form_actoIngresoj_idt10120fecha_input'

2021-11-22 08:50:13 - [MESSAGE][PASSED] - Text '01/12/2018' is set on object 'Object Repository/Modulo Tarea Actos Administrativos/Elaboracion Acto Cambio de Empleado/input__form_actoIngresoj_idt10120fecha_input'

2021-11-22 08:50:13 - [TEST_STEP][PASSED] - sendKeys(findTestObject("Modulo Tarea Actos Administrativos/Elaboracion Acto Cambio de Empleado/input__form_actoIngresoj_idt10120fecha_input"), Keys.chord(ENTER)): Keys 'ENTER + ' sent to object: 'Object Repository/Modulo Tarea Actos Administrativos/Elaboracion Acto Cambio de Empleado/input__form_actoIngresoj_idt10120fecha_input'

2021-11-22 08:50:13 - [MESSAGE][PASSED] - Keys 'ENTER + ' sent to object: 'Object Repository/Modulo Tarea Actos Administrativos/Elaboracion Acto Cambio de Empleado/input__form_actoIngresoj_idt10120fecha_input'

2021-11-22 08:50:13 - [TEST_STEP][PASSED] - setText(findTestObject("Modulo Tarea Actos Administrativos/Elaboracion Acto Cambio de Empleado/input__form_actoIngresoj_idt10121fecha_input"), "01/12/2018"): Text '01/12/2018' is set on object 'Object Repository/Modulo Tarea Actos Administrativos/Elaboracion Acto Cambio de Empleado/input__form_actoIngresoj_idt10121fecha_input'

2021-11-22 08:50:14 - [MESSAGE][PASSED] - Text '01/12/2018' is set on object 'Object Repository/Modulo Tarea Actos Administrativos/Elaboracion Acto Cambio de Empleado/input__form_actoIngresoj_idt10121fecha_input'

2021-11-22 08:50:14 - [TEST_STEP][PASSED] - sendKeys(findTestObject("Modulo Tarea Actos Administrativos/Elaboracion Acto Cambio de Empleado/input__form_actoIngresoj_idt10121fecha_input"), Keys.chord(ENTER)): Keys 'ENTER + ' sent to object: 'Object Repository/Modulo Tarea Actos Administrativos/Elaboracion Acto Cambio de Empleado/input__form_actoIngresoj_idt10121fecha_input'

2021-11-22 08:50:15 - [MESSAGE][PASSED] - Keys 'ENTER + ' sent to object: 'Object Repository/Modulo Tarea Actos Administrativos/Elaboracion Acto Cambio de Empleado/input__form_actoIngresoj_idt10121fecha_input'

2021-11-22 08:50:15 - [TEST_STEP][PASSED] - waitForElementClickable(findTestObject("Modulo Tarea Actos Administrativos/Elaboracion Acto Cambio de Empleado/span_Motivo ingreso"), G_TimeOut): Object 'Object Repository/Modulo Tarea Actos Administrativos/Elaboracion Acto Cambio de Empleado/span_Motivo ingreso' is clickable

2021-11-22 08:50:15 - [MESSAGE][PASSED] - Object 'Object Repository/Modulo Tarea Actos Administrativos/Elaboracion Acto Cambio de Empleado/span_Motivo ingreso' is clickable

2021-11-22 08:50:15 - [TEST_STEP][PASSED] - click(findTestObject("Modulo Tarea Actos Administrativos/Elaboracion Acto Cambio de Empleado/span_Motivo ingreso")): Object: 'Object Repository/Modulo Tarea Actos Administrativos/Elaboracion Acto Cambio de Empleado/span_Motivo ingreso' is clicked on

2021-11-22 08:50:16 - [MESSAGE][PASSED] - Object: 'Object Repository/Modulo Tarea Actos Administrativos/Elaboracion Acto Cambio de Empleado/span_Motivo ingreso' is clicked on

2021-11-22 08:50:16 - [TEST_STEP][PASSED] - selectOptionByIndex(findTestObject("Modulo Tarea Actos Administrativos/Elaboracion Acto Cambio de Empleado/select_10 - Ingreso Puesto Nuevo"), "1"): All options with index in [1] are selected on object 'Object Repository/Modulo Tarea Actos Administrativos/Elaboracion Acto Cambio de Empleado/select_10 - Ingreso Puesto Nuevo'

2021-11-22 08:50:17 - [MESSAGE][PASSED] - All options with index in [1] are selected on object 'Object Repository/Modulo Tarea Actos Administrativos/Elaboracion Acto Cambio de Empleado/select_10 - Ingreso Puesto Nuevo'

2021-11-22 08:50:17 - [TEST_STEP][PASSED] - selectOptionByIndex(findTestObject("Modulo Tarea Actos Administrativos/Elaboracion Acto Cambio de Empleado/select_DIAZ BLANCO GUISELL"), "1"): All options with index in [1] are selected on object 'Object Repository/Modulo Tarea Actos Administrativos/Elaboracion Acto Cambio de Empleado/select_DIAZ BLANCO GUISELL'

2021-11-22 08:50:18 - [MESSAGE][PASSED] - All options with index in [1] are selected on object 'Object Repository/Modulo Tarea Actos Administrativos/Elaboracion Acto Cambio de Empleado/select_DIAZ BLANCO GUISELL'

2021-11-22 08:50:18 - [TEST_STEP][PASSED] - setText(findTestObject("Modulo Tarea Actos Administrativos/Elaboracion Acto Cambio de Empleado/textarea__form_actoIngresoj_idt10124j_idt1025"), "Magister en derecho penal"): Text 'Magister en derecho penal' is set on object 'Object Repository/Modulo Tarea Actos Administrativos/Elaboracion Acto Cambio de Empleado/textarea__form_actoIngresoj_idt10124j_idt1025'

2021-11-22 08:50:19 - [MESSAGE][PASSED] - Text 'Magister en derecho penal' is set on object 'Object Repository/Modulo Tarea Actos Administrativos/Elaboracion Acto Cambio de Empleado/textarea__form_actoIngresoj_idt10124j_idt1025'

2021-11-22 08:50:19 - [TEST_STEP][PASSED] - selectOptionByIndex(findTestObject("Modulo Tarea Actos Administrativos/Elaboracion Acto Cambio de Empleado/select_-- Seleccione --1 Actualizacin"), "2"): All options with index in [2] are selected on object 'Object Repository/Modulo Tarea Actos Administrativos/Elaboracion Acto Cambio de Empleado/select_-- Seleccione --1 Actualizacin'

2021-11-22 08:50:20 - [MESSAGE][PASSED] - All options with index in [2] are selected on object 'Object Repository/Modulo Tarea Actos Administrativos/Elaboracion Acto Cambio de Empleado/select_-- Seleccione --1 Actualizacin'

2021-11-22 08:50:20 - [TEST_STEP][PASSED] - setText(findTestObject("Modulo Tarea Actos Administrativos/Elaboracion Acto Cambio de Empleado/input__form_actoIngresoj_idt10126j_idt1022"), "AAAAAA"): Text 'AAAAAA' is set on object 'Object Repository/Modulo Tarea Actos Administrativos/Elaboracion Acto Cambio de Empleado/input__form_actoIngresoj_idt10126j_idt1022'

2021-11-22 08:50:21 - [MESSAGE][PASSED] - Text 'AAAAAA' is set on object 'Object Repository/Modulo Tarea Actos Administrativos/Elaboracion Acto Cambio de Empleado/input__form_actoIngresoj_idt10126j_idt1022'

2021-11-22 08:50:21 - [TEST_STEP][PASSED] - waitForElementClickable(findTestObject("Modulo Tarea Actos Administrativos/Elaboracion Acto Cambio de Empleado/a__form_actoIngresoj_idt10127j_idt1042"), G_TimeOut): Object 'Object Repository/Modulo Tarea Actos Administrativos/Elaboracion Acto Cambio de Empleado/a__form_actoIngresoj_idt10127j_idt1042' is clickable

2021-11-22 08:50:21 - [MESSAGE][PASSED] - Object 'Object Repository/Modulo Tarea Actos Administrativos/Elaboracion Acto Cambio de Empleado/a__form_actoIngresoj_idt10127j_idt1042' is clickable

2021-11-22 08:50:21 - [TEST_STEP][PASSED] - click(findTestObject("Modulo Tarea Actos Administrativos/Elaboracion Acto Cambio de Empleado/a__form_actoIngresoj_idt10127j_idt1042")): Object: 'Object Repository/Modulo Tarea Actos Administrativos/Elaboracion Acto Cambio de Empleado/a__form_actoIngresoj_idt10127j_idt1042' is clicked on

2021-11-22 08:50:21 - [MESSAGE][PASSED] - Object: 'Object Repository/Modulo Tarea Actos Administrativos/Elaboracion Acto Cambio de Empleado/a__form_actoIngresoj_idt10127j_idt1042' is clicked on

2021-11-22 08:50:21 - [TEST_STEP][PASSED] - setText(findTestObject("Modulo Tarea Actos Administrativos/Elaboracion Acto Cambio de Empleado/input_Unidad_form_actoIngresoj_idt1334"), "1"): Text '1' is set on object 'Object Repository/Modulo Tarea Actos Administrativos/Elaboracion Acto Cambio de Empleado/input_Unidad_form_actoIngresoj_idt1334'

2021-11-22 08:50:23 - [MESSAGE][PASSED] - Text '1' is set on object 'Object Repository/Modulo Tarea Actos Administrativos/Elaboracion Acto Cambio de Empleado/input_Unidad_form_actoIngresoj_idt1334'

2021-11-22 08:50:23 - [TEST_STEP][PASSED] - sendKeys(findTestObject("Modulo Tarea Actos Administrativos/Elaboracion Acto Cambio de Empleado/input_Unidad_form_actoIngresoj_idt1334"), Keys.chord(ENTER)): Keys 'ENTER + ' sent to object: 'Object Repository/Modulo Tarea Actos Administrativos/Elaboracion Acto Cambio de Empleado/input_Unidad_form_actoIngresoj_idt1334'

2021-11-22 08:50:23 - [MESSAGE][PASSED] - Keys 'ENTER + ' sent to object: 'Object Repository/Modulo Tarea Actos Administrativos/Elaboracion Acto Cambio de Empleado/input_Unidad_form_actoIngresoj_idt1334'

2021-11-22 08:50:23 - [TEST_STEP][PASSED] - waitForElementClickable(findTestObject("Modulo Tarea Actos Administrativos/Elaboracion Acto Cambio de Empleado/span_ADMINISTRACION"), G_TimeOut): Object 'Object Repository/Modulo Tarea Actos Administrativos/Elaboracion Acto Cambio de Empleado/span_ADMINISTRACION' is clickable

2021-11-22 08:50:25 - [MESSAGE][PASSED] - Object 'Object Repository/Modulo Tarea Actos Administrativos/Elaboracion Acto Cambio de Empleado/span_ADMINISTRACION' is clickable

2021-11-22 08:50:25 - [TEST_STEP][PASSED] - click(findTestObject("Modulo Tarea Actos Administrativos/Elaboracion Acto Cambio de Empleado/span_ADMINISTRACION")): Object: 'Object Repository/Modulo Tarea Actos Administrativos/Elaboracion Acto Cambio de Empleado/span_ADMINISTRACION' is clicked on

2021-11-22 08:50:25 - [MESSAGE][PASSED] - Object: 'Object Repository/Modulo Tarea Actos Administrativos/Elaboracion Acto Cambio de Empleado/span_ADMINISTRACION' is clicked on

2021-11-22 08:50:25 - [TEST_STEP][PASSED] - waitForElementClickable(findTestObject("Modulo Tarea Actos Administrativos/Elaboracion Acto Cambio de Empleado/a__form_actoIngresoj_idt10128j_idt1042"), G_TimeOut): Object 'Object Repository/Modulo Tarea Actos Administrativos/Elaboracion Acto Cambio de Empleado/a__form_actoIngresoj_idt10128j_idt1042' is clickable

2021-11-22 08:50:26 - [MESSAGE][PASSED] - Object 'Object Repository/Modulo Tarea Actos Administrativos/Elaboracion Acto Cambio de Empleado/a__form_actoIngresoj_idt10128j_idt1042' is clickable

2021-11-22 08:50:26 - [TEST_STEP][PASSED] - click(findTestObject("Modulo Tarea Actos Administrativos/Elaboracion Acto Cambio de Empleado/a__form_actoIngresoj_idt10128j_idt1042")): Object: 'Object Repository/Modulo Tarea Actos Administrativos/Elaboracion Acto Cambio de Empleado/a__form_actoIngresoj_idt10128j_idt1042' is clicked on

2021-11-22 08:50:26 - [MESSAGE][PASSED] - Object: 'Object Repository/Modulo Tarea Actos Administrativos/Elaboracion Acto Cambio de Empleado/a__form_actoIngresoj_idt10128j_idt1042' is clicked on

2021-11-22 08:50:26 - [TEST_STEP][PASSED] - waitForElementClickable(findTestObject("Modulo Tarea Actos Administrativos/Elaboracion Acto Cambio de Empleado/span_ABOGADO"), 0): Object 'Object Repository/Modulo Tarea Actos Administrativos/Elaboracion Acto Cambio de Empleado/span_ABOGADO' is clickable

2021-11-22 08:50:26 - [MESSAGE][WARNING] - Timeout '0' is invalid. Using default page load timeout: '30'

2021-11-22 08:50:27 - [MESSAGE][PASSED] - Object 'Object Repository/Modulo Tarea Actos Administrativos/Elaboracion Acto Cambio de Empleado/span_ABOGADO' is clickable

2021-11-22 08:50:27 - [TEST_STEP][PASSED] - click(findTestObject("Modulo Tarea Actos Administrativos/Elaboracion Acto Cambio de Empleado/span_ABOGADO")): Object: 'Object Repository/Modulo Tarea Actos Administrativos/Elaboracion Acto Cambio de Empleado/span_ABOGADO' is clicked on

2021-11-22 08:50:28 - [MESSAGE][PASSED] - Object: 'Object Repository/Modulo Tarea Actos Administrativos/Elaboracion Acto Cambio de Empleado/span_ABOGADO' is clicked on

2021-11-22 08:50:28 - [TEST_STEP][PASSED] - setText(findTestObject("Modulo Tarea Actos Administrativos/Elaboracion Acto Cambio de Empleado/input_VALOR4_form_actoIngresoj_idt10129j_idt1028"), "3"): Text '3' is set on object 'Object Repository/Modulo Tarea Actos Administrativos/Elaboracion Acto Cambio de Empleado/input_VALOR4_form_actoIngresoj_idt10129j_idt1028'

2021-11-22 08:50:29 - [MESSAGE][PASSED] - Text '3' is set on object 'Object Repository/Modulo Tarea Actos Administrativos/Elaboracion Acto Cambio de Empleado/input_VALOR4_form_actoIngresoj_idt10129j_idt1028'

2021-11-22 08:50:29 - [TEST_STEP][PASSED] - waitForElementClickable(findTestObject("Modulo Tarea Actos Administrativos/Elaboracion Acto Cambio de Empleado/span_ENTIDAD DE SALUD"), G_TimeOut): Object 'Object Repository/Modulo Tarea Actos Administrativos/Elaboracion Acto Cambio de Empleado/span_ENTIDAD DE SALUD' is clickable

2021-11-22 08:50:29 - [MESSAGE][PASSED] - Object 'Object Repository/Modulo Tarea Actos Administrativos/Elaboracion Acto Cambio de Empleado/span_ENTIDAD DE SALUD' is clickable

2021-11-22 08:50:29 - [TEST_STEP][PASSED] - click(findTestObject("Modulo Tarea Actos Administrativos/Elaboracion Acto Cambio de Empleado/span_ENTIDAD DE SALUD")): Object: 'Object Repository/Modulo Tarea Actos Administrativos/Elaboracion Acto Cambio de Empleado/span_ENTIDAD DE SALUD' is clicked on

2021-11-22 08:50:30 - [MESSAGE][PASSED] - Object: 'Object Repository/Modulo Tarea Actos Administrativos/Elaboracion Acto Cambio de Empleado/span_ENTIDAD DE SALUD' is clicked on

2021-11-22 08:50:30 - [TEST_STEP][PASSED] - waitForElementClickable(findTestObject("Modulo Tarea Actos Administrativos/Elaboracion Acto Cambio de Empleado/span_Eps - Aliansalud Eps"), G_TimeOut): Object 'Object Repository/Modulo Tarea Actos Administrativos/Elaboracion Acto Cambio de Empleado/span_Eps - Aliansalud Eps' is clickable

2021-11-22 08:50:30 - [MESSAGE][PASSED] - Object 'Object Repository/Modulo Tarea Actos Administrativos/Elaboracion Acto Cambio de Empleado/span_Eps - Aliansalud Eps' is clickable

2021-11-22 08:50:30 - [TEST_STEP][PASSED] - click(findTestObject("Modulo Tarea Actos Administrativos/Elaboracion Acto Cambio de Empleado/span_Eps - Aliansalud Eps")): Object: 'Object Repository/Modulo Tarea Actos Administrativos/Elaboracion Acto Cambio de Empleado/span_Eps - Aliansalud Eps' is clicked on

2021-11-22 08:50:31 - [MESSAGE][PASSED] - Object: 'Object Repository/Modulo Tarea Actos Administrativos/Elaboracion Acto Cambio de Empleado/span_Eps - Aliansalud Eps' is clicked on

2021-11-22 08:50:31 - [TEST_STEP][PASSED] - waitForElementClickable(findTestObject("Modulo Tarea Actos Administrativos/Elaboracion Acto Cambio de Empleado/span_FONDO DE PENSIONES"), G_TimeOut): Object 'Object Repository/Modulo Tarea Actos Administrativos/Elaboracion Acto Cambio de Empleado/span_FONDO DE PENSIONES' is clickable

2021-11-22 08:50:31 - [MESSAGE][PASSED] - Object 'Object Repository/Modulo Tarea Actos Administrativos/Elaboracion Acto Cambio de Empleado/span_FONDO DE PENSIONES' is clickable

2021-11-22 08:50:31 - [TEST_STEP][PASSED] - click(findTestObject("Modulo Tarea Actos Administrativos/Elaboracion Acto Cambio de Empleado/span_FONDO DE PENSIONES")): Object: 'Object Repository/Modulo Tarea Actos Administrativos/Elaboracion Acto Cambio de Empleado/span_FONDO DE PENSIONES' is clicked on

2021-11-22 08:50:32 - [MESSAGE][PASSED] - Object: 'Object Repository/Modulo Tarea Actos Administrativos/Elaboracion Acto Cambio de Empleado/span_FONDO DE PENSIONES' is clicked on

2021-11-22 08:50:32 - [TEST_STEP][PASSED] - waitForElementClickable(findTestObject("Modulo Tarea Actos Administrativos/Elaboracion Acto Cambio de Empleado/span_Afp - Colfondos"), G_TimeOut): Object 'Object Repository/Modulo Tarea Actos Administrativos/Elaboracion Acto Cambio de Empleado/span_Afp - Colfondos' is clickable

2021-11-22 08:50:33 - [MESSAGE][PASSED] - Object 'Object Repository/Modulo Tarea Actos Administrativos/Elaboracion Acto Cambio de Empleado/span_Afp - Colfondos' is clickable

2021-11-22 08:50:33 - [TEST_STEP][PASSED] - click(findTestObject("Modulo Tarea Actos Administrativos/Elaboracion Acto Cambio de Empleado/span_Afp - Colfondos")): Object: 'Object Repository/Modulo Tarea Actos Administrativos/Elaboracion Acto Cambio de Empleado/span_Afp - Colfondos' is clicked on

2021-11-22 08:50:33 - [MESSAGE][PASSED] - Object: 'Object Repository/Modulo Tarea Actos Administrativos/Elaboracion Acto Cambio de Empleado/span_Afp - Colfondos' is clicked on

2021-11-22 08:50:33 - [TEST_STEP][PASSED] - waitForElementClickable(findTestObject("Modulo Tarea Actos Administrativos/Elaboracion Acto Cambio de Empleado/span_ASEG RIESGOS PROFESIONALES"), G_TimeOut): Object 'Object Repository/Modulo Tarea Actos Administrativos/Elaboracion Acto Cambio de Empleado/span_ASEG RIESGOS PROFESIONALES' is clickable

2021-11-22 08:50:34 - [MESSAGE][PASSED] - Object 'Object Repository/Modulo Tarea Actos Administrativos/Elaboracion Acto Cambio de Empleado/span_ASEG RIESGOS PROFESIONALES' is clickable

2021-11-22 08:50:34 - [TEST_STEP][PASSED] - click(findTestObject("Modulo Tarea Actos Administrativos/Elaboracion Acto Cambio de Empleado/span_ASEG RIESGOS PROFESIONALES")): Object: 'Object Repository/Modulo Tarea Actos Administrativos/Elaboracion Acto Cambio de Empleado/span_ASEG RIESGOS PROFESIONALES' is clicked on

2021-11-22 08:50:34 - [MESSAGE][PASSED] - Object: 'Object Repository/Modulo Tarea Actos Administrativos/Elaboracion Acto Cambio de Empleado/span_ASEG RIESGOS PROFESIONALES' is clicked on

2021-11-22 08:50:34 - [TEST_STEP][PASSED] - waitForElementClickable(findTestObject("Modulo Tarea Actos Administrativos/Elaboracion Acto Cambio de Empleado/span_Arl - Seguros Bolivar"), G_TimeOut): Object 'Object Repository/Modulo Tarea Actos Administrativos/Elaboracion Acto Cambio de Empleado/span_Arl - Seguros Bolivar' is clickable

2021-11-22 08:50:35 - [MESSAGE][PASSED] - Object 'Object Repository/Modulo Tarea Actos Administrativos/Elaboracion Acto Cambio de Empleado/span_Arl - Seguros Bolivar' is clickable

2021-11-22 08:50:35 - [TEST_STEP][PASSED] - click(findTestObject("Modulo Tarea Actos Administrativos/Elaboracion Acto Cambio de Empleado/span_Arl - Seguros Bolivar")): Object: 'Object Repository/Modulo Tarea Actos Administrativos/Elaboracion Acto Cambio de Empleado/span_Arl - Seguros Bolivar' is clicked on

2021-11-22 08:50:35 - [MESSAGE][PASSED] - Object: 'Object Repository/Modulo Tarea Actos Administrativos/Elaboracion Acto Cambio de Empleado/span_Arl - Seguros Bolivar' is clicked on

2021-11-22 08:50:35 - [TEST_STEP][PASSED] - waitForElementClickable(findTestObject("Modulo Tarea Actos Administrativos/Elaboracion Acto Cambio de Empleado/span_FONDO DE CESANTIAS"), G_TimeOut): Object 'Object Repository/Modulo Tarea Actos Administrativos/Elaboracion Acto Cambio de Empleado/span_FONDO DE CESANTIAS' is clickable

2021-11-22 08:50:36 - [MESSAGE][PASSED] - Object 'Object Repository/Modulo Tarea Actos Administrativos/Elaboracion Acto Cambio de Empleado/span_FONDO DE CESANTIAS' is clickable

2021-11-22 08:50:36 - [TEST_STEP][PASSED] - click(findTestObject("Modulo Tarea Actos Administrativos/Elaboracion Acto Cambio de Empleado/span_FONDO DE CESANTIAS")): Object: 'Object Repository/Modulo Tarea Actos Administrativos/Elaboracion Acto Cambio de Empleado/span_FONDO DE CESANTIAS' is clicked on

2021-11-22 08:50:36 - [MESSAGE][PASSED] - Object: 'Object Repository/Modulo Tarea Actos Administrativos/Elaboracion Acto Cambio de Empleado/span_FONDO DE CESANTIAS' is clicked on

2021-11-22 08:50:36 - [TEST_STEP][PASSED] - waitForElementClickable(findTestObject("Modulo Tarea Actos Administrativos/Elaboracion Acto Cambio de Empleado/span_Fc - Colfondos"), G_TimeOut): Object 'Object Repository/Modulo Tarea Actos Administrativos/Elaboracion Acto Cambio de Empleado/span_Fc - Colfondos' is clickable

2021-11-22 08:50:37 - [MESSAGE][PASSED] - Object 'Object Repository/Modulo Tarea Actos Administrativos/Elaboracion Acto Cambio de Empleado/span_Fc - Colfondos' is clickable

2021-11-22 08:50:37 - [TEST_STEP][PASSED] - click(findTestObject("Modulo Tarea Actos Administrativos/Elaboracion Acto Cambio de Empleado/span_Fc - Colfondos")): Object: 'Object Repository/Modulo Tarea Actos Administrativos/Elaboracion Acto Cambio de Empleado/span_Fc - Colfondos' is clicked on

2021-11-22 08:50:37 - [MESSAGE][PASSED] - Object: 'Object Repository/Modulo Tarea Actos Administrativos/Elaboracion Acto Cambio de Empleado/span_Fc - Colfondos' is clicked on

2021-11-22 08:50:37 - [TEST_STEP][PASSED] - click(findTestObject("Modulo Tarea Actos Administrativos/Elaboracion Acto Cambio de Empleado/span_PAGO DE NOMINA")): Object: 'Object Repository/Modulo Tarea Actos Administrativos/Elaboracion Acto Cambio de Empleado/span_PAGO DE NOMINA' is clicked on

2021-11-22 08:50:38 - [MESSAGE][PASSED] - Object: 'Object Repository/Modulo Tarea Actos Administrativos/Elaboracion Acto Cambio de Empleado/span_PAGO DE NOMINA' is clicked on

2021-11-22 08:50:38 - [TEST_STEP][PASSED] - click(findTestObject("Modulo Tarea Actos Administrativos/Elaboracion Acto Cambio de Empleado/a_Sucursal_entidadempleado_formtabj_idt1219")): Object: 'Object Repository/Modulo Tarea Actos Administrativos/Elaboracion Acto Cambio de Empleado/a_Sucursal_entidadempleado_formtabj_idt1219' is clicked on

2021-11-22 08:50:39 - [MESSAGE][PASSED] - Object: 'Object Repository/Modulo Tarea Actos Administrativos/Elaboracion Acto Cambio de Empleado/a_Sucursal_entidadempleado_formtabj_idt1219' is clicked on

2021-11-22 08:50:39 - [TEST_STEP][PASSED] - click(findTestObject("Modulo Tarea Actos Administrativos/Elaboracion Acto Cambio de Empleado/span_Ccf - Cafam")): Object: 'Object Repository/Modulo Tarea Actos Administrativos/Elaboracion Acto Cambio de Empleado/span_Ccf - Cafam' is clicked on

2021-11-22 08:50:40 - [MESSAGE][PASSED] - Object: 'Object Repository/Modulo Tarea Actos Administrativos/Elaboracion Acto Cambio de Empleado/span_Ccf - Cafam' is clicked on

2021-11-22 08:50:40 - [TEST_STEP][PASSED] - selectOptionByIndex(findTestObject("Modulo Tarea Actos Administrativos/Elaboracion Acto Cambio de Empleado/select_--Seleccione--003 Familia Popayan"), 2): All options with index in [2] are selected on object 'Object Repository/Modulo Tarea Actos Administrativos/Elaboracion Acto Cambio de Empleado/select_--Seleccione--003 Familia Popayan'

2021-11-22 08:50:41 - [MESSAGE][PASSED] - All options with index in [2] are selected on object 'Object Repository/Modulo Tarea Actos Administrativos/Elaboracion Acto Cambio de Empleado/select_--Seleccione--003 Familia Popayan'

2021-11-22 08:50:41 - [TEST_STEP][PASSED] - setText(findTestObject("Modulo Tarea Actos Administrativos/Elaboracion Acto Cambio de Empleado/input_Cuenta_entidadempleado_formtabtablaCampos0referencia"), "12345678910"): Text '12345678910' is set on object 'Object Repository/Modulo Tarea Actos Administrativos/Elaboracion Acto Cambio de Empleado/input_Cuenta_entidadempleado_formtabtablaCampos0referencia'

2021-11-22 08:50:42 - [MESSAGE][PASSED] - Text '12345678910' is set on object 'Object Repository/Modulo Tarea Actos Administrativos/Elaboracion Acto Cambio de Empleado/input_Cuenta_entidadempleado_formtabtablaCampos0referencia'

2021-11-22 08:50:42 - [TEST_STEP][PASSED] - setText(findTestObject("Modulo Tarea Actos Administrativos/Elaboracion Acto Cambio de Empleado/input_Bco Destino_entidadempleado_formtabtablaCampos1valor"), "5"): Text '5' is set on object 'Object Repository/Modulo Tarea Actos Administrativos/Elaboracion Acto Cambio de Empleado/input_Bco Destino_entidadempleado_formtabtablaCampos1valor'

2021-11-22 08:50:43 - [MESSAGE][PASSED] - Text '5' is set on object 'Object Repository/Modulo Tarea Actos Administrativos/Elaboracion Acto Cambio de Empleado/input_Bco Destino_entidadempleado_formtabtablaCampos1valor'

2021-11-22 08:50:43 - [TEST_STEP][PASSED] - setText(findTestObject("Modulo Tarea Actos Administrativos/Elaboracion Acto Cambio de Empleado/input_Tipo de cuenta_entidadempleado_formtabtablaCampos2sucReferencia"), "corriente"): Text 'corriente' is set on object 'Object Repository/Modulo Tarea Actos Administrativos/Elaboracion Acto Cambio de Empleado/input_Tipo de cuenta_entidadempleado_formtabtablaCampos2sucReferencia'

2021-11-22 08:50:44 - [MESSAGE][PASSED] - Text 'corriente' is set on object 'Object Repository/Modulo Tarea Actos Administrativos/Elaboracion Acto Cambio de Empleado/input_Tipo de cuenta_entidadempleado_formtabtablaCampos2sucReferencia'

2021-11-22 08:50:44 - [TEST_STEP][PASSED] - setText(findTestObject("Modulo Tarea Actos Administrativos/Elaboracion Acto Cambio de Empleado/input_Tipo Cuenta 1ahorro 2 corr_entidadempleado_formtabtablaCampos4tipo"), "1"): Text '1' is set on object 'Object Repository/Modulo Tarea Actos Administrativos/Elaboracion Acto Cambio de Empleado/input_Tipo Cuenta 1ahorro 2 corr_entidadempleado_formtabtablaCampos4tipo'

2021-11-22 08:50:44 - [MESSAGE][PASSED] - Text '1' is set on object 'Object Repository/Modulo Tarea Actos Administrativos/Elaboracion Acto Cambio de Empleado/input_Tipo Cuenta 1ahorro 2 corr_entidadempleado_formtabtablaCampos4tipo'

2021-11-22 08:50:44 - [TEST_STEP][PASSED] - click(findTestObject("Modulo Tarea Actos Administrativos/Elaboracion Acto Cambio de Empleado/a_Aplicar2")): Object: 'Object Repository/Modulo Tarea Actos Administrativos/Elaboracion Acto Cambio de Empleado/a_Aplicar2' is clicked on

2021-11-22 08:50:45 - [MESSAGE][PASSED] - Object: 'Object Repository/Modulo Tarea Actos Administrativos/Elaboracion Acto Cambio de Empleado/a_Aplicar2' is clicked on

2021-11-22 08:50:45 - [TEST_STEP][PASSED] - waitForElementClickable(findTestObject("Modulo Tarea Actos Administrativos/Elaboracion Acto Cambio de Empleado/span_CAJA DE COMPENSACION"), G_TimeOut): Object 'Object Repository/Modulo Tarea Actos Administrativos/Elaboracion Acto Cambio de Empleado/span_CAJA DE COMPENSACION' is clickable

2021-11-22 08:50:46 - [MESSAGE][PASSED] - Object 'Object Repository/Modulo Tarea Actos Administrativos/Elaboracion Acto Cambio de Empleado/span_CAJA DE COMPENSACION' is clickable

2021-11-22 08:50:46 - [TEST_STEP][PASSED] - click(findTestObject("Modulo Tarea Actos Administrativos/Elaboracion Acto Cambio de Empleado/span_CAJA DE COMPENSACION")): Object: 'Object Repository/Modulo Tarea Actos Administrativos/Elaboracion Acto Cambio de Empleado/span_CAJA DE COMPENSACION' is clicked on

2021-11-22 08:50:46 - [MESSAGE][PASSED] - Object: 'Object Repository/Modulo Tarea Actos Administrativos/Elaboracion Acto Cambio de Empleado/span_CAJA DE COMPENSACION' is clicked on

2021-11-22 08:50:46 - [TEST_STEP][PASSED] - waitForElementClickable(findTestObject("Modulo Tarea Actos Administrativos/Elaboracion Acto Cambio de Empleado/span_Ccf - Compensar"), G_TimeOut): Object 'Object Repository/Modulo Tarea Actos Administrativos/Elaboracion Acto Cambio de Empleado/span_Ccf - Compensar' is clickable

2021-11-22 08:50:48 - [MESSAGE][PASSED] - Object 'Object Repository/Modulo Tarea Actos Administrativos/Elaboracion Acto Cambio de Empleado/span_Ccf - Compensar' is clickable

2021-11-22 08:50:48 - [TEST_STEP][PASSED] - click(findTestObject("Modulo Tarea Actos Administrativos/Elaboracion Acto Cambio de Empleado/span_Ccf - Compensar")): Object: 'Object Repository/Modulo Tarea Actos Administrativos/Elaboracion Acto Cambio de Empleado/span_Ccf - Compensar' is clicked on

2021-11-22 08:50:48 - [MESSAGE][PASSED] - Object: 'Object Repository/Modulo Tarea Actos Administrativos/Elaboracion Acto Cambio de Empleado/span_Ccf - Compensar' is clicked on

2021-11-22 08:50:48 - [TEST_STEP][PASSED] - waitForElementClickable(findTestObject("Modulo Tarea Actos Administrativos/Elaboracion Acto Cambio de Empleado/a_Continuar"), G_TimeOut): Object 'Object Repository/Modulo Tarea Actos Administrativos/Elaboracion Acto Cambio de Empleado/a_Continuar' is clickable

2021-11-22 08:50:49 - [MESSAGE][PASSED] - Object 'Object Repository/Modulo Tarea Actos Administrativos/Elaboracion Acto Cambio de Empleado/a_Continuar' is clickable

2021-11-22 08:50:49 - [TEST_STEP][PASSED] - click(findTestObject("Modulo Tarea Actos Administrativos/Elaboracion Acto Cambio de Empleado/a_Continuar")): Object: 'Object Repository/Modulo Tarea Actos Administrativos/Elaboracion Acto Cambio de Empleado/a_Continuar' is clicked on

2021-11-22 08:50:50 - [MESSAGE][PASSED] - Object: 'Object Repository/Modulo Tarea Actos Administrativos/Elaboracion Acto Cambio de Empleado/a_Continuar' is clicked on

2021-11-22 08:50:50 - [TEST_STEP][PASSED] - waitForElementClickable(findTestObject("Modulo Tarea Actos Administrativos/Elaboracion Acto Cambio de Empleado/td_10247"), G_TimeOut): Object 'Object Repository/Modulo Tarea Actos Administrativos/Elaboracion Acto Cambio de Empleado/td_10247' is clickable

2021-11-22 08:50:51 - [MESSAGE][PASSED] - Object 'Object Repository/Modulo Tarea Actos Administrativos/Elaboracion Acto Cambio de Empleado/td_10247' is clickable

2021-11-22 08:50:51 - [TEST_STEP][PASSED] - click(findTestObject("Modulo Tarea Actos Administrativos/Elaboracion Acto Cambio de Empleado/td_10247")): Object: 'Object Repository/Modulo Tarea Actos Administrativos/Elaboracion Acto Cambio de Empleado/td_10247' is clicked on

2021-11-22 08:50:51 - [MESSAGE][PASSED] - Object: 'Object Repository/Modulo Tarea Actos Administrativos/Elaboracion Acto Cambio de Empleado/td_10247' is clicked on

2021-11-22 08:50:51 - [TEST_STEP][PASSED] - waitForElementClickable(findTestObject("Modulo Tarea Actos Administrativos/Elaboracion Acto Cambio de Empleado/a_Actualizar"), G_TimeOut): Object 'Object Repository/Modulo Tarea Actos Administrativos/Elaboracion Acto Cambio de Empleado/a_Actualizar' is clickable

2021-11-22 08:50:52 - [MESSAGE][PASSED] - Object 'Object Repository/Modulo Tarea Actos Administrativos/Elaboracion Acto Cambio de Empleado/a_Actualizar' is clickable

2021-11-22 08:50:52 - [TEST_STEP][PASSED] - click(findTestObject("Modulo Tarea Actos Administrativos/Elaboracion Acto Cambio de Empleado/a_Actualizar")): Object: 'Object Repository/Modulo Tarea Actos Administrativos/Elaboracion Acto Cambio de Empleado/a_Actualizar' is clicked on

2021-11-22 08:50:52 - [MESSAGE][PASSED] - Object: 'Object Repository/Modulo Tarea Actos Administrativos/Elaboracion Acto Cambio de Empleado/a_Actualizar' is clicked on

2021-11-22 08:50:52 - [TEST_STEP][PASSED] - selectOptionByValue(findTestObject("Modulo Tarea Actos Administrativos/Elaboracion Acto Cambio de Empleado/select_--- Seleccione Tipo de"), "2", true): All options with value '2' are selected in object 'Object Repository/Modulo Tarea Actos Administrativos/Elaboracion Acto Cambio de Empleado/select_--- Seleccione Tipo de'  using regular expression

2021-11-22 08:50:54 - [MESSAGE][PASSED] - All options with value '2' are selected in object 'Object Repository/Modulo Tarea Actos Administrativos/Elaboracion Acto Cambio de Empleado/select_--- Seleccione Tipo de'  using regular expression

2021-11-22 08:50:54 - [TEST_STEP][PASSED] - waitForElementClickable(findTestObject("Modulo Tarea Actos Administrativos/Elaboracion Acto Cambio de Empleado/a_Zona Econmica_form_actoIngresoj_idt11656j_idt1204"), G_TimeOut): Object 'Object Repository/Modulo Tarea Actos Administrativos/Elaboracion Acto Cambio de Empleado/a_Zona Econmica_form_actoIngresoj_idt11656j_idt1204' is clickable

2021-11-22 08:50:54 - [MESSAGE][PASSED] - Object 'Object Repository/Modulo Tarea Actos Administrativos/Elaboracion Acto Cambio de Empleado/a_Zona Econmica_form_actoIngresoj_idt11656j_idt1204' is clickable

2021-11-22 08:50:54 - [TEST_STEP][PASSED] - click(findTestObject("Modulo Tarea Actos Administrativos/Elaboracion Acto Cambio de Empleado/a_Zona Econmica_form_actoIngresoj_idt11656j_idt1204")): Object: 'Object Repository/Modulo Tarea Actos Administrativos/Elaboracion Acto Cambio de Empleado/a_Zona Econmica_form_actoIngresoj_idt11656j_idt1204' is clicked on

2021-11-22 08:50:55 - [MESSAGE][PASSED] - Object: 'Object Repository/Modulo Tarea Actos Administrativos/Elaboracion Acto Cambio de Empleado/a_Zona Econmica_form_actoIngresoj_idt11656j_idt1204' is clicked on

2021-11-22 08:50:55 - [TEST_STEP][PASSED] - waitForElementClickable(findTestObject("Modulo Tarea Actos Administrativos/Elaboracion Acto Cambio de Empleado/span_B1"), G_TimeOut): Object 'Object Repository/Modulo Tarea Actos Administrativos/Elaboracion Acto Cambio de Empleado/span_B1' is clickable

2021-11-22 08:50:55 - [MESSAGE][PASSED] - Object 'Object Repository/Modulo Tarea Actos Administrativos/Elaboracion Acto Cambio de Empleado/span_B1' is clickable

2021-11-22 08:50:55 - [TEST_STEP][PASSED] - click(findTestObject("Modulo Tarea Actos Administrativos/Elaboracion Acto Cambio de Empleado/span_B1")): Object: 'Object Repository/Modulo Tarea Actos Administrativos/Elaboracion Acto Cambio de Empleado/span_B1' is clicked on

2021-11-22 08:50:56 - [MESSAGE][PASSED] - Object: 'Object Repository/Modulo Tarea Actos Administrativos/Elaboracion Acto Cambio de Empleado/span_B1' is clicked on

2021-11-22 08:50:56 - [TEST_STEP][PASSED] - waitForElementClickable(findTestObject("Modulo Tarea Actos Administrativos/Elaboracion Acto Cambio de Empleado/a_Continuar (1)"), G_TimeOut): Object 'Object Repository/Modulo Tarea Actos Administrativos/Elaboracion Acto Cambio de Empleado/a_Continuar (1)' is clickable

2021-11-22 08:50:57 - [MESSAGE][PASSED] - Object 'Object Repository/Modulo Tarea Actos Administrativos/Elaboracion Acto Cambio de Empleado/a_Continuar (1)' is clickable

2021-11-22 08:50:57 - [TEST_STEP][PASSED] - click(findTestObject("Modulo Tarea Actos Administrativos/Elaboracion Acto Cambio de Empleado/a_Continuar (1)")): Object: 'Object Repository/Modulo Tarea Actos Administrativos/Elaboracion Acto Cambio de Empleado/a_Continuar (1)' is clicked on

2021-11-22 08:50:57 - [MESSAGE][PASSED] - Object: 'Object Repository/Modulo Tarea Actos Administrativos/Elaboracion Acto Cambio de Empleado/a_Continuar (1)' is clicked on

2021-11-22 08:50:57 - [TEST_STEP][PASSED] - waitForElementClickable(findTestObject("Modulo Tarea Actos Administrativos/Elaboracion Acto Cambio de Empleado/a_Descargar pdf"), G_TimeOut): Object 'Object Repository/Modulo Tarea Actos Administrativos/Elaboracion Acto Cambio de Empleado/a_Descargar pdf' is clickable

2021-11-22 08:51:01 - [MESSAGE][PASSED] - Object 'Object Repository/Modulo Tarea Actos Administrativos/Elaboracion Acto Cambio de Empleado/a_Descargar pdf' is clickable

2021-11-22 08:51:01 - [TEST_STEP][PASSED] - waitForElementClickable(findTestObject("Modulo Tarea Actos Administrativos/Elaboracion Acto Cambio de Empleado/a_Aplicar"), G_TimeOut): Object 'Object Repository/Modulo Tarea Actos Administrativos/Elaboracion Acto Cambio de Empleado/a_Aplicar' is clickable

2021-11-22 08:51:01 - [MESSAGE][PASSED] - Object 'Object Repository/Modulo Tarea Actos Administrativos/Elaboracion Acto Cambio de Empleado/a_Aplicar' is clickable

2021-11-22 08:51:01 - [TEST_STEP][PASSED] - click(findTestObject("Modulo Tarea Actos Administrativos/Elaboracion Acto Cambio de Empleado/a_Aplicar")): Object: 'Object Repository/Modulo Tarea Actos Administrativos/Elaboracion Acto Cambio de Empleado/a_Aplicar' is clicked on

2021-11-22 08:51:01 - [MESSAGE][PASSED] - Object: 'Object Repository/Modulo Tarea Actos Administrativos/Elaboracion Acto Cambio de Empleado/a_Aplicar' is clicked on

2021-11-22 08:51:01 - [TEST_STEP][PASSED] - getText(findTestObject("Alerta/Alerta")): Text of object 'Object Repository/Alerta/Alerta' is: 'Puesto de trabajo ocupado (A1 10276)'

2021-11-22 08:51:04 - [MESSAGE][PASSED] - Text of object 'Object Repository/Alerta/Alerta' is: 'Puesto de trabajo ocupado (A1 10276)'

2021-11-22 08:51:04 - [TEST_STEP][PASSED] - closeBrowser(): Browser is closed

2021-11-22 08:51:05 - [MESSAGE][PASSED] - Browser is closed]]></system-out>
         <system-err><![CDATA[]]></system-err>
      </testcase>
      <testcase name="Test Cases/1.1-Tareas Principales/1.1.4-Crear Periodos Internos de cada Nomina" time="0.276" classname="Test Cases/1.1-Tareas Principales/1.1.4-Crear Periodos Internos de cada Nomina" status="PASSED">
         <system-out><![CDATA[2021-11-22 08:51:05 - [TEST_CASE][PASSED] - Test Cases/1.1-Tareas Principales/1.1.4-Crear Periodos Internos de cada Nomina: Test Cases/1.1-Tareas Principales/1.1.4-Crear Periodos Internos de cada Nomina

2021-11-22 08:51:05 - [TEST_STEP][PASSED] - return null: null]]></system-out>
         <system-err><![CDATA[]]></system-err>
      </testcase>
      <testcase name="Test Cases/1.1-Tareas Principales/1.1.5-Generacion Periodos Internos de cada Nomina" time="32.795" classname="Test Cases/1.1-Tareas Principales/1.1.5-Generacion Periodos Internos de cada Nomina" status="PASSED">
         <system-out><![CDATA[2021-11-22 08:51:05 - [TEST_CASE][PASSED] - Test Cases/1.1-Tareas Principales/1.1.5-Generacion Periodos Internos de cada Nomina: Test Cases/1.1-Tareas Principales/1.1.5-Generacion Periodos Internos de cada Nomina

2021-11-22 08:51:05 - [TEST_STEP][PASSED] - today = new java.util.Date(): null

2021-11-22 08:51:05 - [TEST_STEP][PASSED] - todaysDate = today.format("dd/MM/yyyy"): null

2021-11-22 08:51:05 - [TEST_STEP][PASSED] - projectName = "Regression Project " + todaysDate: null

2021-11-22 08:51:05 - [TEST_STEP][PASSED] - callTestCase(findTestCase("Hutilidades/Tareas Administracion Compensacion/Tarea Mantenimieto Periodo Nomina"), [:], STOP_ON_FAILURE): Call Test Case 'Test Cases/Hutilidades/Tareas Administracion Compensacion/Tarea Mantenimieto Periodo Nomina' successfully

2021-11-22 08:51:06 - [TEST_CASE][PASSED] - Test Cases/Hutilidades/Tareas Administracion Compensacion/Tarea Mantenimieto Periodo Nomina: Test Cases/Hutilidades/Tareas Administracion Compensacion/Tarea Mantenimieto Periodo Nomina

2021-11-22 08:51:06 - [TEST_STEP][PASSED] - callTestCase(findTestCase("0.1-Login"), [:], STOP_ON_FAILURE): Call Test Case 'Test Cases/0.1-Login' successfully

2021-11-22 08:51:06 - [TEST_CASE][PASSED] - Test Cases/0.1-Login: Test Cases/0.1-Login

2021-11-22 08:51:06 - [TEST_STEP][PASSED] - openBrowser(""): Browser is opened with url: ''

2021-11-22 08:51:06 - [MESSAGE][INFO] - Starting 'Edge Chromium' driver

2021-11-22 08:51:08 - [MESSAGE][INFO] - Action delay is set to 0 milliseconds

2021-11-22 08:51:09 - [MESSAGE][PASSED] - Browser is opened with url: ''

2021-11-22 08:51:09 - [TEST_STEP][PASSED] - maximizeWindow(): Current window maximized

2021-11-22 08:51:09 - [MESSAGE][PASSED] - Current window maximized

2021-11-22 08:51:09 - [TEST_STEP][PASSED] - i = G_Login: null

2021-11-22 08:51:09 - [TEST_STEP][PASSED] - url = new java.net.URL(i): null

2021-11-22 08:51:09 - [TEST_STEP][PASSED] - println("URL: " + url.toString()): null

2021-11-22 08:51:09 - [TEST_STEP][PASSED] - connection = url.openConnection(): null

2021-11-22 08:51:09 - [TEST_STEP][PASSED] - connection.setRequestMethod("GET"): null

2021-11-22 08:51:09 - [TEST_STEP][PASSED] - connection.setReadTimeout(2 * 1000): null

2021-11-22 08:51:09 - [TEST_STEP][PASSED] - try: null

2021-11-22 08:51:09 - [TEST_STEP][PASSED] - connection.connect(): null

2021-11-22 08:51:09 - [TEST_STEP][PASSED] - flag = connected: null

2021-11-22 08:51:09 - [TEST_STEP][PASSED] - println("Valor_ori: " + flag): null

2021-11-22 08:51:09 - [TEST_STEP][PASSED] - if (flag): null

2021-11-22 08:51:09 - [TEST_STEP][PASSED] - navigateToUrl(i): Navigate to 'http://localhost:8380/saraweb/' successfully

2021-11-22 08:51:10 - [MESSAGE][PASSED] - Navigate to 'http://localhost:8380/saraweb/' successfully

2021-11-22 08:51:10 - [TEST_STEP][PASSED] - a(): null

2021-11-22 08:51:10 - [TEST_STEP][PASSED] - setText(findTestObject("Login/input_USUARIO_loginusuario"), G_Usuario): Text 'saraadmin' is set on object 'Object Repository/Login/input_USUARIO_loginusuario'

2021-11-22 08:51:11 - [MESSAGE][PASSED] - Text 'saraadmin' is set on object 'Object Repository/Login/input_USUARIO_loginusuario'

2021-11-22 08:51:11 - [TEST_STEP][PASSED] - setEncryptedText(findTestObject("Login/input_CLAVE_loginpassword"), "MkG4/TYiCFC3cb2driP7+Q=="): Text ****** has been set on object 'Object Repository/Login/input_CLAVE_loginpassword'

2021-11-22 08:51:11 - [MESSAGE][PASSED] - Text ****** has been set on object 'Object Repository/Login/input_CLAVE_loginpassword'

2021-11-22 08:51:11 - [TEST_STEP][PASSED] - waitForElementClickable(findTestObject("Login/a_Ingresar"), G_TimeOut): Object 'Object Repository/Login/a_Ingresar' is clickable

2021-11-22 08:51:12 - [MESSAGE][PASSED] - Object 'Object Repository/Login/a_Ingresar' is clickable

2021-11-22 08:51:12 - [TEST_STEP][PASSED] - click(findTestObject("Login/a_Ingresar")): Object: 'Object Repository/Login/a_Ingresar' is clicked on

2021-11-22 08:51:14 - [MESSAGE][PASSED] - Object: 'Object Repository/Login/a_Ingresar' is clicked on

2021-11-22 08:51:14 - [TEST_STEP][PASSED] - element = findWebElement(findTestObject("Login/a_Ir"), 30): null

2021-11-22 08:51:14 - [TEST_STEP][PASSED] - executeJavaScript("arguments[0].click()", Arrays.asList(element)): Execute JavaScript 'arguments[0].click()' successfully

2021-11-22 08:51:14 - [MESSAGE][PASSED] - Execute JavaScript 'arguments[0].click()' successfully

2021-11-22 08:51:14 - [MESSAGE][PASSED] - Call Test Case 'Test Cases/0.1-Login' successfully

2021-11-22 08:51:14 - [TEST_STEP][PASSED] - waitForElementClickable(findTestObject("Modulo Tarea Administracion Compensacion/Tarea Mantenimieto Periodo Nomina/input_Actos Administrativos_form_templatej_idt24_input"), G_TimeOut): Object 'Object Repository/Modulo Tarea Administracion Compensacion/Tarea Mantenimieto Periodo Nomina/input_Actos Administrativos_form_templatej_idt24_input' is clickable

2021-11-22 08:51:15 - [MESSAGE][PASSED] - Object 'Object Repository/Modulo Tarea Administracion Compensacion/Tarea Mantenimieto Periodo Nomina/input_Actos Administrativos_form_templatej_idt24_input' is clickable

2021-11-22 08:51:15 - [TEST_STEP][PASSED] - setText(findTestObject("Modulo Tarea Administracion Compensacion/Tarea Mantenimieto Periodo Nomina/input_Actos Administrativos_form_templatej_idt24_input"), "Mantenimiento Periodo"): Text 'Mantenimiento Periodo' is set on object 'Object Repository/Modulo Tarea Administracion Compensacion/Tarea Mantenimieto Periodo Nomina/input_Actos Administrativos_form_templatej_idt24_input'

2021-11-22 08:51:16 - [MESSAGE][PASSED] - Text 'Mantenimiento Periodo' is set on object 'Object Repository/Modulo Tarea Administracion Compensacion/Tarea Mantenimieto Periodo Nomina/input_Actos Administrativos_form_templatej_idt24_input'

2021-11-22 08:51:16 - [TEST_STEP][PASSED] - delay(3): Delayed 3 second(s)

2021-11-22 08:51:19 - [MESSAGE][PASSED] - Delayed 3 second(s)

2021-11-22 08:51:19 - [TEST_STEP][PASSED] - sendKeys(findTestObject("Modulo Tarea Administracion Compensacion/Tarea Mantenimieto Periodo Nomina/input_Actos Administrativos_form_templatej_idt24_input"), Keys.chord(ENTER)): Keys 'ENTER + ' sent to object: 'Object Repository/Modulo Tarea Administracion Compensacion/Tarea Mantenimieto Periodo Nomina/input_Actos Administrativos_form_templatej_idt24_input'

2021-11-22 08:51:19 - [MESSAGE][PASSED] - Keys 'ENTER + ' sent to object: 'Object Repository/Modulo Tarea Administracion Compensacion/Tarea Mantenimieto Periodo Nomina/input_Actos Administrativos_form_templatej_idt24_input'

2021-11-22 08:51:19 - [MESSAGE][PASSED] - Call Test Case 'Test Cases/Hutilidades/Tareas Administracion Compensacion/Tarea Mantenimieto Periodo Nomina' successfully

2021-11-22 08:51:19 - [TEST_STEP][PASSED] - waitForElementClickable(findTestObject("Modulo Tarea Administracion Compensacion/Generacion Periodos Internos de Cada Nomina/span_NOMINA MENSUAL"), G_TimeOut): Object 'Object Repository/Modulo Tarea Administracion Compensacion/Generacion Periodos Internos de Cada Nomina/span_NOMINA MENSUAL' is clickable

2021-11-22 08:51:21 - [MESSAGE][PASSED] - Object 'Object Repository/Modulo Tarea Administracion Compensacion/Generacion Periodos Internos de Cada Nomina/span_NOMINA MENSUAL' is clickable

2021-11-22 08:51:21 - [TEST_STEP][PASSED] - click(findTestObject("Modulo Tarea Administracion Compensacion/Generacion Periodos Internos de Cada Nomina/span_NOMINA MENSUAL")): Object: 'Object Repository/Modulo Tarea Administracion Compensacion/Generacion Periodos Internos de Cada Nomina/span_NOMINA MENSUAL' is clicked on

2021-11-22 08:51:22 - [MESSAGE][PASSED] - Object: 'Object Repository/Modulo Tarea Administracion Compensacion/Generacion Periodos Internos de Cada Nomina/span_NOMINA MENSUAL' is clicked on

2021-11-22 08:51:22 - [TEST_STEP][PASSED] - if (waitForElementClickable(findTestObject("Modulo Tarea Administracion Compensacion/Generacion Periodos Internos de Cada Nomina/td_P. MensualAgosto2021"), 1)): null

2021-11-22 08:51:24 - [MESSAGE][PASSED] - Object 'Object Repository/Modulo Tarea Administracion Compensacion/Generacion Periodos Internos de Cada Nomina/td_P. MensualAgosto2021' is clickable

2021-11-22 08:51:24 - [TEST_STEP][PASSED] - click(findTestObject("Modulo Tarea Administracion Compensacion/Generacion Periodos Internos de Cada Nomina/td_P. MensualAgosto2021")): Object: 'Object Repository/Modulo Tarea Administracion Compensacion/Generacion Periodos Internos de Cada Nomina/td_P. MensualAgosto2021' is clicked on

2021-11-22 08:51:25 - [MESSAGE][PASSED] - Object: 'Object Repository/Modulo Tarea Administracion Compensacion/Generacion Periodos Internos de Cada Nomina/td_P. MensualAgosto2021' is clicked on

2021-11-22 08:51:25 - [TEST_STEP][PASSED] - waitForElementClickable(findTestObject("Modulo Tarea Administracion Compensacion/Generacion Periodos Internos de Cada Nomina/a_Eliminar_Periodo Agosto"), 0): Object 'Object Repository/Modulo Tarea Administracion Compensacion/Generacion Periodos Internos de Cada Nomina/a_Eliminar_Periodo Agosto' is clickable

2021-11-22 08:51:25 - [MESSAGE][WARNING] - Timeout '0' is invalid. Using default page load timeout: '30'

2021-11-22 08:51:25 - [MESSAGE][PASSED] - Object 'Object Repository/Modulo Tarea Administracion Compensacion/Generacion Periodos Internos de Cada Nomina/a_Eliminar_Periodo Agosto' is clickable

2021-11-22 08:51:25 - [TEST_STEP][PASSED] - click(findTestObject("Modulo Tarea Administracion Compensacion/Generacion Periodos Internos de Cada Nomina/a_Eliminar_Periodo Agosto")): Object: 'Object Repository/Modulo Tarea Administracion Compensacion/Generacion Periodos Internos de Cada Nomina/a_Eliminar_Periodo Agosto' is clicked on

2021-11-22 08:51:26 - [MESSAGE][PASSED] - Object: 'Object Repository/Modulo Tarea Administracion Compensacion/Generacion Periodos Internos de Cada Nomina/a_Eliminar_Periodo Agosto' is clicked on

2021-11-22 08:51:26 - [TEST_STEP][PASSED] - click(findTestObject("Modulo Tarea Administracion Compensacion/Generacion Periodos Internos de Cada Nomina/a_Aceptar_ELiminar_Agosto")): Object: 'Object Repository/Modulo Tarea Administracion Compensacion/Generacion Periodos Internos de Cada Nomina/a_Aceptar_ELiminar_Agosto' is clicked on

2021-11-22 08:51:27 - [MESSAGE][PASSED] - Object: 'Object Repository/Modulo Tarea Administracion Compensacion/Generacion Periodos Internos de Cada Nomina/a_Aceptar_ELiminar_Agosto' is clicked on

2021-11-22 08:51:27 - [TEST_STEP][PASSED] - waitForElementClickable(findTestObject("Modulo Tarea Administracion Compensacion/Generacion Periodos Internos de Cada Nomina/a_Generar Periodicidad"), G_TimeOut): Object 'Object Repository/Modulo Tarea Administracion Compensacion/Generacion Periodos Internos de Cada Nomina/a_Generar Periodicidad' is clickable

2021-11-22 08:51:28 - [MESSAGE][PASSED] - Object 'Object Repository/Modulo Tarea Administracion Compensacion/Generacion Periodos Internos de Cada Nomina/a_Generar Periodicidad' is clickable

2021-11-22 08:51:28 - [TEST_STEP][PASSED] - click(findTestObject("Modulo Tarea Administracion Compensacion/Generacion Periodos Internos de Cada Nomina/a_Generar Periodicidad")): Object: 'Object Repository/Modulo Tarea Administracion Compensacion/Generacion Periodos Internos de Cada Nomina/a_Generar Periodicidad' is clicked on

2021-11-22 08:51:28 - [MESSAGE][PASSED] - Object: 'Object Repository/Modulo Tarea Administracion Compensacion/Generacion Periodos Internos de Cada Nomina/a_Generar Periodicidad' is clicked on

2021-11-22 08:51:28 - [TEST_STEP][PASSED] - setText(findTestObject("Modulo Tarea Administracion Compensacion/Generacion Periodos Internos de Cada Nomina/input_Descripcin Periodo_formPoGePepoGePePeriodicidadDescripcion"), "P. Mensual"): Text 'P. Mensual' is set on object 'Object Repository/Modulo Tarea Administracion Compensacion/Generacion Periodos Internos de Cada Nomina/input_Descripcin Periodo_formPoGePepoGePePeriodicidadDescripcion'

2021-11-22 08:51:29 - [MESSAGE][PASSED] - Text 'P. Mensual' is set on object 'Object Repository/Modulo Tarea Administracion Compensacion/Generacion Periodos Internos de Cada Nomina/input_Descripcin Periodo_formPoGePepoGePePeriodicidadDescripcion'

2021-11-22 08:51:29 - [TEST_STEP][PASSED] - selectOptionByIndex(findTestObject("Modulo Tarea Administracion Compensacion/Generacion Periodos Internos de Cada Nomina/select_--Seleccione--CatorcenalMensualQuincenalSemanal"), "2"): All options with index in [2] are selected on object 'Object Repository/Modulo Tarea Administracion Compensacion/Generacion Periodos Internos de Cada Nomina/select_--Seleccione--CatorcenalMensualQuincenalSemanal'

2021-11-22 08:51:30 - [MESSAGE][PASSED] - All options with index in [2] are selected on object 'Object Repository/Modulo Tarea Administracion Compensacion/Generacion Periodos Internos de Cada Nomina/select_--Seleccione--CatorcenalMensualQuincenalSemanal'

2021-11-22 08:51:30 - [TEST_STEP][PASSED] - waitForElementClickable(findTestObject("Modulo Tarea Administracion Compensacion/Generacion Periodos Internos de Cada Nomina/input_Prefijo_formPoGePeprefijo"), G_TimeOut): Object 'Object Repository/Modulo Tarea Administracion Compensacion/Generacion Periodos Internos de Cada Nomina/input_Prefijo_formPoGePeprefijo' is clickable

2021-11-22 08:51:31 - [MESSAGE][PASSED] - Object 'Object Repository/Modulo Tarea Administracion Compensacion/Generacion Periodos Internos de Cada Nomina/input_Prefijo_formPoGePeprefijo' is clickable

2021-11-22 08:51:31 - [TEST_STEP][PASSED] - click(findTestObject("Modulo Tarea Administracion Compensacion/Generacion Periodos Internos de Cada Nomina/input_Prefijo_formPoGePeprefijo")): Object: 'Object Repository/Modulo Tarea Administracion Compensacion/Generacion Periodos Internos de Cada Nomina/input_Prefijo_formPoGePeprefijo' is clicked on

2021-11-22 08:51:32 - [MESSAGE][PASSED] - Object: 'Object Repository/Modulo Tarea Administracion Compensacion/Generacion Periodos Internos de Cada Nomina/input_Prefijo_formPoGePeprefijo' is clicked on

2021-11-22 08:51:32 - [TEST_STEP][PASSED] - setText(findTestObject("Modulo Tarea Administracion Compensacion/Generacion Periodos Internos de Cada Nomina/input_Prefijo_formPoGePeprefijo"), "PM"): Text 'PM' is set on object 'Object Repository/Modulo Tarea Administracion Compensacion/Generacion Periodos Internos de Cada Nomina/input_Prefijo_formPoGePeprefijo'

2021-11-22 08:51:32 - [MESSAGE][PASSED] - Text 'PM' is set on object 'Object Repository/Modulo Tarea Administracion Compensacion/Generacion Periodos Internos de Cada Nomina/input_Prefijo_formPoGePeprefijo'

2021-11-22 08:51:32 - [TEST_STEP][PASSED] - setText(findTestObject("Modulo Tarea Administracion Compensacion/Generacion Periodos Internos de Cada Nomina/input_Fecha Inicial_formPoGePepoGePeFechaInicial_input"), "1/08/2021"): Text '1/08/2021' is set on object 'Object Repository/Modulo Tarea Administracion Compensacion/Generacion Periodos Internos de Cada Nomina/input_Fecha Inicial_formPoGePepoGePeFechaInicial_input'

2021-11-22 08:51:33 - [MESSAGE][PASSED] - Text '1/08/2021' is set on object 'Object Repository/Modulo Tarea Administracion Compensacion/Generacion Periodos Internos de Cada Nomina/input_Fecha Inicial_formPoGePepoGePeFechaInicial_input'

2021-11-22 08:51:33 - [TEST_STEP][PASSED] - setText(findTestObject("Modulo Tarea Administracion Compensacion/Generacion Periodos Internos de Cada Nomina/input_Fecha Final_formPoGePepoGePeFechaFinal_input"), "31/08/2021"): Text '31/08/2021' is set on object 'Object Repository/Modulo Tarea Administracion Compensacion/Generacion Periodos Internos de Cada Nomina/input_Fecha Final_formPoGePepoGePeFechaFinal_input'

2021-11-22 08:51:34 - [MESSAGE][PASSED] - Text '31/08/2021' is set on object 'Object Repository/Modulo Tarea Administracion Compensacion/Generacion Periodos Internos de Cada Nomina/input_Fecha Final_formPoGePepoGePeFechaFinal_input'

2021-11-22 08:51:34 - [TEST_STEP][PASSED] - waitForElementClickable(findTestObject("Modulo Tarea Administracion Compensacion/Generacion Periodos Internos de Cada Nomina/a_Generar"), G_TimeOut): Object 'Object Repository/Modulo Tarea Administracion Compensacion/Generacion Periodos Internos de Cada Nomina/a_Generar' is clickable

2021-11-22 08:51:35 - [MESSAGE][PASSED] - Object 'Object Repository/Modulo Tarea Administracion Compensacion/Generacion Periodos Internos de Cada Nomina/a_Generar' is clickable

2021-11-22 08:51:35 - [TEST_STEP][PASSED] - click(findTestObject("Modulo Tarea Administracion Compensacion/Generacion Periodos Internos de Cada Nomina/a_Generar")): Object: 'Object Repository/Modulo Tarea Administracion Compensacion/Generacion Periodos Internos de Cada Nomina/a_Generar' is clicked on

2021-11-22 08:51:35 - [MESSAGE][PASSED] - Object: 'Object Repository/Modulo Tarea Administracion Compensacion/Generacion Periodos Internos de Cada Nomina/a_Generar' is clicked on

2021-11-22 08:51:35 - [TEST_STEP][PASSED] - waitForElementClickable(findTestObject("Modulo Tarea Administracion Compensacion/Generacion Periodos Internos de Cada Nomina/a_Guardar"), G_TimeOut): Object 'Object Repository/Modulo Tarea Administracion Compensacion/Generacion Periodos Internos de Cada Nomina/a_Guardar' is clickable

2021-11-22 08:51:36 - [MESSAGE][PASSED] - Object 'Object Repository/Modulo Tarea Administracion Compensacion/Generacion Periodos Internos de Cada Nomina/a_Guardar' is clickable

2021-11-22 08:51:36 - [TEST_STEP][PASSED] - click(findTestObject("Modulo Tarea Administracion Compensacion/Generacion Periodos Internos de Cada Nomina/a_Guardar")): Object: 'Object Repository/Modulo Tarea Administracion Compensacion/Generacion Periodos Internos de Cada Nomina/a_Guardar' is clicked on

2021-11-22 08:51:36 - [MESSAGE][PASSED] - Object: 'Object Repository/Modulo Tarea Administracion Compensacion/Generacion Periodos Internos de Cada Nomina/a_Guardar' is clicked on

2021-11-22 08:51:36 - [TEST_STEP][PASSED] - getText(findTestObject("Alerta/Alerta")): Text of object 'Object Repository/Alerta/Alerta' is: 'Proceso realizado correctamente.'

2021-11-22 08:51:37 - [MESSAGE][PASSED] - Text of object 'Object Repository/Alerta/Alerta' is: 'Proceso realizado correctamente.'

2021-11-22 08:51:37 - [TEST_STEP][PASSED] - closeBrowser(): Browser is closed

2021-11-22 08:51:38 - [MESSAGE][PASSED] - Browser is closed]]></system-out>
         <system-err><![CDATA[]]></system-err>
      </testcase>
      <testcase name="Test Cases/1.1-Tareas Principales/1.7.1 Crear Histórico Vacaciones" time="48.351" classname="Test Cases/1.1-Tareas Principales/1.7.1 Crear Histórico Vacaciones" status="PASSED">
         <system-out><![CDATA[2021-11-22 08:51:38 - [TEST_CASE][PASSED] - Test Cases/1.1-Tareas Principales/1.7.1 Crear Histórico Vacaciones: Test Cases/1.1-Tareas Principales/1.7.1 Crear Histórico Vacaciones

2021-11-22 08:51:38 - [TEST_STEP][PASSED] - callTestCase(findTestCase("0.1-Login"), [:], STOP_ON_FAILURE): Call Test Case 'Test Cases/0.1-Login' successfully

2021-11-22 08:51:38 - [TEST_CASE][PASSED] - Test Cases/0.1-Login: Test Cases/0.1-Login

2021-11-22 08:51:38 - [TEST_STEP][PASSED] - openBrowser(""): Browser is opened with url: ''

2021-11-22 08:51:38 - [MESSAGE][INFO] - Starting 'Edge Chromium' driver

2021-11-22 08:51:41 - [MESSAGE][INFO] - Action delay is set to 0 milliseconds

2021-11-22 08:51:41 - [MESSAGE][PASSED] - Browser is opened with url: ''

2021-11-22 08:51:41 - [TEST_STEP][PASSED] - maximizeWindow(): Current window maximized

2021-11-22 08:51:41 - [MESSAGE][PASSED] - Current window maximized

2021-11-22 08:51:41 - [TEST_STEP][PASSED] - i = G_Login: null

2021-11-22 08:51:41 - [TEST_STEP][PASSED] - url = new java.net.URL(i): null

2021-11-22 08:51:41 - [TEST_STEP][PASSED] - println("URL: " + url.toString()): null

2021-11-22 08:51:41 - [TEST_STEP][PASSED] - connection = url.openConnection(): null

2021-11-22 08:51:41 - [TEST_STEP][PASSED] - connection.setRequestMethod("GET"): null

2021-11-22 08:51:41 - [TEST_STEP][PASSED] - connection.setReadTimeout(2 * 1000): null

2021-11-22 08:51:41 - [TEST_STEP][PASSED] - try: null

2021-11-22 08:51:41 - [TEST_STEP][PASSED] - connection.connect(): null

2021-11-22 08:51:41 - [TEST_STEP][PASSED] - flag = connected: null

2021-11-22 08:51:41 - [TEST_STEP][PASSED] - println("Valor_ori: " + flag): null

2021-11-22 08:51:41 - [TEST_STEP][PASSED] - if (flag): null

2021-11-22 08:51:41 - [TEST_STEP][PASSED] - navigateToUrl(i): Navigate to 'http://localhost:8380/saraweb/' successfully

2021-11-22 08:51:43 - [MESSAGE][PASSED] - Navigate to 'http://localhost:8380/saraweb/' successfully

2021-11-22 08:51:43 - [TEST_STEP][PASSED] - a(): null

2021-11-22 08:51:43 - [TEST_STEP][PASSED] - setText(findTestObject("Login/input_USUARIO_loginusuario"), G_Usuario): Text 'saraadmin' is set on object 'Object Repository/Login/input_USUARIO_loginusuario'

2021-11-22 08:51:44 - [MESSAGE][PASSED] - Text 'saraadmin' is set on object 'Object Repository/Login/input_USUARIO_loginusuario'

2021-11-22 08:51:44 - [TEST_STEP][PASSED] - setEncryptedText(findTestObject("Login/input_CLAVE_loginpassword"), "MkG4/TYiCFC3cb2driP7+Q=="): Text ****** has been set on object 'Object Repository/Login/input_CLAVE_loginpassword'

2021-11-22 08:51:44 - [MESSAGE][PASSED] - Text ****** has been set on object 'Object Repository/Login/input_CLAVE_loginpassword'

2021-11-22 08:51:44 - [TEST_STEP][PASSED] - waitForElementClickable(findTestObject("Login/a_Ingresar"), G_TimeOut): Object 'Object Repository/Login/a_Ingresar' is clickable

2021-11-22 08:51:45 - [MESSAGE][PASSED] - Object 'Object Repository/Login/a_Ingresar' is clickable

2021-11-22 08:51:45 - [TEST_STEP][PASSED] - click(findTestObject("Login/a_Ingresar")): Object: 'Object Repository/Login/a_Ingresar' is clicked on

2021-11-22 08:51:47 - [MESSAGE][PASSED] - Object: 'Object Repository/Login/a_Ingresar' is clicked on

2021-11-22 08:51:47 - [TEST_STEP][PASSED] - element = findWebElement(findTestObject("Login/a_Ir"), 30): null

2021-11-22 08:51:48 - [TEST_STEP][PASSED] - executeJavaScript("arguments[0].click()", Arrays.asList(element)): Execute JavaScript 'arguments[0].click()' successfully

2021-11-22 08:51:48 - [MESSAGE][PASSED] - Execute JavaScript 'arguments[0].click()' successfully

2021-11-22 08:51:48 - [MESSAGE][PASSED] - Call Test Case 'Test Cases/0.1-Login' successfully

2021-11-22 08:51:48 - [TEST_STEP][PASSED] - waitForElementClickable(findTestObject("Modulo Tarea Administracion Compensacion/Crear Histórico Vacaciones/input_ADMINISTRADOR DEL SISTEMA - SARA_form_templatej_idt24_input"), 0): Object 'Object Repository/Modulo Tarea Administracion Compensacion/Crear Histórico Vacaciones/input_ADMINISTRADOR DEL SISTEMA - SARA_form_templatej_idt24_input' is clickable

2021-11-22 08:51:48 - [MESSAGE][WARNING] - Timeout '0' is invalid. Using default page load timeout: '30'

2021-11-22 08:51:49 - [MESSAGE][PASSED] - Object 'Object Repository/Modulo Tarea Administracion Compensacion/Crear Histórico Vacaciones/input_ADMINISTRADOR DEL SISTEMA - SARA_form_templatej_idt24_input' is clickable

2021-11-22 08:51:49 - [TEST_STEP][PASSED] - setText(findTestObject("Modulo Tarea Administracion Compensacion/Crear Histórico Vacaciones/input_ADMINISTRADOR DEL SISTEMA - SARA_form_templatej_idt24_input"), "Listado de Empleados"): Text 'Listado de Empleados' is set on object 'Object Repository/Modulo Tarea Administracion Compensacion/Crear Histórico Vacaciones/input_ADMINISTRADOR DEL SISTEMA - SARA_form_templatej_idt24_input'

2021-11-22 08:51:50 - [MESSAGE][PASSED] - Text 'Listado de Empleados' is set on object 'Object Repository/Modulo Tarea Administracion Compensacion/Crear Histórico Vacaciones/input_ADMINISTRADOR DEL SISTEMA - SARA_form_templatej_idt24_input'

2021-11-22 08:51:50 - [TEST_STEP][PASSED] - waitForElementClickable(findTestObject("Modulo Tarea Administracion Compensacion/Crear Histórico Vacaciones/span_Listado de Empleados"), 0): Object 'Object Repository/Modulo Tarea Administracion Compensacion/Crear Histórico Vacaciones/span_Listado de Empleados' is clickable

2021-11-22 08:51:50 - [MESSAGE][WARNING] - Timeout '0' is invalid. Using default page load timeout: '30'

2021-11-22 08:51:51 - [MESSAGE][PASSED] - Object 'Object Repository/Modulo Tarea Administracion Compensacion/Crear Histórico Vacaciones/span_Listado de Empleados' is clickable

2021-11-22 08:51:51 - [TEST_STEP][PASSED] - sendKeys(findTestObject("Modulo Tarea Administracion Compensacion/Crear Histórico Vacaciones/input_ADMINISTRADOR DEL SISTEMA - SARA_form_templatej_idt24_input"), Keys.chord(ENTER)): Keys 'ENTER + ' sent to object: 'Object Repository/Modulo Tarea Administracion Compensacion/Crear Histórico Vacaciones/input_ADMINISTRADOR DEL SISTEMA - SARA_form_templatej_idt24_input'

2021-11-22 08:51:51 - [MESSAGE][PASSED] - Keys 'ENTER + ' sent to object: 'Object Repository/Modulo Tarea Administracion Compensacion/Crear Histórico Vacaciones/input_ADMINISTRADOR DEL SISTEMA - SARA_form_templatej_idt24_input'

2021-11-22 08:51:51 - [TEST_STEP][PASSED] - setText(findTestObject("Modulo Tarea Administracion Compensacion/Crear Histórico Vacaciones/input_Identificacin_1234567890"), "1234567890"): Text '1234567890' is set on object 'Object Repository/Modulo Tarea Administracion Compensacion/Crear Histórico Vacaciones/input_Identificacin_1234567890'

2021-11-22 08:51:54 - [MESSAGE][PASSED] - Text '1234567890' is set on object 'Object Repository/Modulo Tarea Administracion Compensacion/Crear Histórico Vacaciones/input_Identificacin_1234567890'

2021-11-22 08:51:54 - [TEST_STEP][PASSED] - sendKeys(findTestObject("Modulo Tarea Administracion Compensacion/Crear Histórico Vacaciones/input_Identificacin_1234567890"), Keys.chord(ENTER)): Keys 'ENTER + ' sent to object: 'Object Repository/Modulo Tarea Administracion Compensacion/Crear Histórico Vacaciones/input_Identificacin_1234567890'

2021-11-22 08:51:54 - [MESSAGE][PASSED] - Keys 'ENTER + ' sent to object: 'Object Repository/Modulo Tarea Administracion Compensacion/Crear Histórico Vacaciones/input_Identificacin_1234567890'

2021-11-22 08:51:54 - [TEST_STEP][PASSED] - click(findTestObject("Modulo Tarea Administracion Compensacion/Crear Histórico Vacaciones/span_Gomez Jose")): Object: 'Object Repository/Modulo Tarea Administracion Compensacion/Crear Histórico Vacaciones/span_Gomez Jose' is clicked on

2021-11-22 08:51:56 - [MESSAGE][PASSED] - Object: 'Object Repository/Modulo Tarea Administracion Compensacion/Crear Histórico Vacaciones/span_Gomez Jose' is clicked on

2021-11-22 08:51:56 - [TEST_STEP][PASSED] - click(findTestObject("Modulo Tarea Administracion Compensacion/Crear Histórico Vacaciones/a_Vacacin")): Object: 'Object Repository/Modulo Tarea Administracion Compensacion/Crear Histórico Vacaciones/a_Vacacin' is clicked on

2021-11-22 08:51:59 - [MESSAGE][PASSED] - Object: 'Object Repository/Modulo Tarea Administracion Compensacion/Crear Histórico Vacaciones/a_Vacacin' is clicked on

2021-11-22 08:51:59 - [TEST_STEP][PASSED] - if (waitForElementClickable(findTestObject("Modulo Tarea Administracion Compensacion/Crear Histórico Vacaciones/span_Programacion De Vacaciones"), 1)): null

2021-11-22 08:51:59 - [MESSAGE][PASSED] - Object 'Object Repository/Modulo Tarea Administracion Compensacion/Crear Histórico Vacaciones/span_Programacion De Vacaciones' is clickable

2021-11-22 08:51:59 - [TEST_STEP][PASSED] - click(findTestObject("Modulo Tarea Administracion Compensacion/Crear Histórico Vacaciones/span_Programacion De Vacaciones")): Object: 'Object Repository/Modulo Tarea Administracion Compensacion/Crear Histórico Vacaciones/span_Programacion De Vacaciones' is clicked on

2021-11-22 08:52:00 - [MESSAGE][PASSED] - Object: 'Object Repository/Modulo Tarea Administracion Compensacion/Crear Histórico Vacaciones/span_Programacion De Vacaciones' is clicked on

2021-11-22 08:52:00 - [TEST_STEP][PASSED] - click(findTestObject("Modulo Tarea Administracion Compensacion/Crear Histórico Vacaciones/a_Eliminar_Programacion")): Object: 'Object Repository/Modulo Tarea Administracion Compensacion/Crear Histórico Vacaciones/a_Eliminar_Programacion' is clicked on

2021-11-22 08:52:00 - [MESSAGE][PASSED] - Object: 'Object Repository/Modulo Tarea Administracion Compensacion/Crear Histórico Vacaciones/a_Eliminar_Programacion' is clicked on

2021-11-22 08:52:00 - [TEST_STEP][PASSED] - click(findTestObject("Modulo Tarea Administracion Compensacion/Crear Histórico Vacaciones/a_Aceptar_Eliminar_Programacion")): Object: 'Object Repository/Modulo Tarea Administracion Compensacion/Crear Histórico Vacaciones/a_Aceptar_Eliminar_Programacion' is clicked on

2021-11-22 08:52:04 - [MESSAGE][PASSED] - Object: 'Object Repository/Modulo Tarea Administracion Compensacion/Crear Histórico Vacaciones/a_Aceptar_Eliminar_Programacion' is clicked on

2021-11-22 08:52:04 - [TEST_STEP][PASSED] - if (waitForElementClickable(findTestObject("Modulo Tarea Administracion Compensacion/Crear Histórico Vacaciones/td_Programada"), 1)): Web element with id: 'Object Repository/Modulo Tarea Administracion Compensacion/Crear Histórico Vacaciones/td_Programada' located by '//*/text()[normalize-space(.)='Programada']/parent::*' not found

2021-11-22 08:52:06 - [MESSAGE][INFO] - Unable to find the element located by 'By.xpath: //*/text()[normalize-space(.)='Programada']/parent::*'. Please recheck the objects properties to make sure the desired element is located. 

2021-11-22 08:52:06 - [MESSAGE][WARNING] - Web element with id: 'Object Repository/Modulo Tarea Administracion Compensacion/Crear Histórico Vacaciones/td_Programada' located by '//*/text()[normalize-space(.)='Programada']/parent::*' not found

2021-11-22 08:52:06 - [TEST_STEP][PASSED] - waitForElementClickable(findTestObject("Modulo Tarea Administracion Compensacion/Crear Histórico Vacaciones/a_Pestaa_Histrico"), 0): Object 'Object Repository/Modulo Tarea Administracion Compensacion/Crear Histórico Vacaciones/a_Pestaa_Histrico' is clickable

2021-11-22 08:52:06 - [MESSAGE][WARNING] - Timeout '0' is invalid. Using default page load timeout: '30'

2021-11-22 08:52:07 - [MESSAGE][PASSED] - Object 'Object Repository/Modulo Tarea Administracion Compensacion/Crear Histórico Vacaciones/a_Pestaa_Histrico' is clickable

2021-11-22 08:52:07 - [TEST_STEP][PASSED] - click(findTestObject("Modulo Tarea Administracion Compensacion/Crear Histórico Vacaciones/a_Pestaa_Histrico")): Object: 'Object Repository/Modulo Tarea Administracion Compensacion/Crear Histórico Vacaciones/a_Pestaa_Histrico' is clicked on

2021-11-22 08:52:07 - [MESSAGE][PASSED] - Object: 'Object Repository/Modulo Tarea Administracion Compensacion/Crear Histórico Vacaciones/a_Pestaa_Histrico' is clicked on

2021-11-22 08:52:07 - [TEST_STEP][PASSED] - click(findTestObject("Modulo Tarea Administracion Compensacion/Crear Histórico Vacaciones/a_Nuevo historico")): Object: 'Object Repository/Modulo Tarea Administracion Compensacion/Crear Histórico Vacaciones/a_Nuevo historico' is clicked on

2021-11-22 08:52:08 - [MESSAGE][PASSED] - Object: 'Object Repository/Modulo Tarea Administracion Compensacion/Crear Histórico Vacaciones/a_Nuevo historico' is clicked on

2021-11-22 08:52:08 - [TEST_STEP][PASSED] - waitForElementClickable(findTestObject("Modulo Tarea Administracion Compensacion/Crear Histórico Vacaciones/select_Seleccione_PROGRAMACION DE VACACIONES"), 0): Object 'Object Repository/Modulo Tarea Administracion Compensacion/Crear Histórico Vacaciones/select_Seleccione_PROGRAMACION DE VACACIONES' is clickable

2021-11-22 08:52:08 - [MESSAGE][WARNING] - Timeout '0' is invalid. Using default page load timeout: '30'

2021-11-22 08:52:09 - [MESSAGE][PASSED] - Object 'Object Repository/Modulo Tarea Administracion Compensacion/Crear Histórico Vacaciones/select_Seleccione_PROGRAMACION DE VACACIONES' is clickable

2021-11-22 08:52:09 - [TEST_STEP][PASSED] - selectOptionByIndex(findTestObject("Modulo Tarea Administracion Compensacion/Crear Histórico Vacaciones/select_Seleccione_PROGRAMACION DE VACACIONES"), "2"): All options with index in [2] are selected on object 'Object Repository/Modulo Tarea Administracion Compensacion/Crear Histórico Vacaciones/select_Seleccione_PROGRAMACION DE VACACIONES'

2021-11-22 08:52:10 - [MESSAGE][PASSED] - All options with index in [2] are selected on object 'Object Repository/Modulo Tarea Administracion Compensacion/Crear Histórico Vacaciones/select_Seleccione_PROGRAMACION DE VACACIONES'

2021-11-22 08:52:10 - [TEST_STEP][PASSED] - selectOptionByIndex(findTestObject("Modulo Tarea Administracion Compensacion/Crear Histórico Vacaciones/select_Seleccione_No Aplica"), "2"): All options with index in [2] are selected on object 'Object Repository/Modulo Tarea Administracion Compensacion/Crear Histórico Vacaciones/select_Seleccione_No Aplica'

2021-11-22 08:52:11 - [MESSAGE][PASSED] - All options with index in [2] are selected on object 'Object Repository/Modulo Tarea Administracion Compensacion/Crear Histórico Vacaciones/select_Seleccione_No Aplica'

2021-11-22 08:52:11 - [TEST_STEP][PASSED] - selectOptionByIndex(findTestObject("Modulo Tarea Administracion Compensacion/Crear Histórico Vacaciones/select_Seleccione_AUSENTISMO"), "1"): All options with index in [1] are selected on object 'Object Repository/Modulo Tarea Administracion Compensacion/Crear Histórico Vacaciones/select_Seleccione_AUSENTISMO'

2021-11-22 08:52:12 - [MESSAGE][PASSED] - All options with index in [1] are selected on object 'Object Repository/Modulo Tarea Administracion Compensacion/Crear Histórico Vacaciones/select_Seleccione_AUSENTISMO'

2021-11-22 08:52:12 - [TEST_STEP][PASSED] - setText(findTestObject("Modulo Tarea Administracion Compensacion/Crear Histórico Vacaciones/input_Periodo Disfrute_form_vacaciones_Comienzo"), "01/07/2021"): Text '01/07/2021' is set on object 'Object Repository/Modulo Tarea Administracion Compensacion/Crear Histórico Vacaciones/input_Periodo Disfrute_form_vacaciones_Comienzo'

2021-11-22 08:52:13 - [MESSAGE][PASSED] - Text '01/07/2021' is set on object 'Object Repository/Modulo Tarea Administracion Compensacion/Crear Histórico Vacaciones/input_Periodo Disfrute_form_vacaciones_Comienzo'

2021-11-22 08:52:13 - [TEST_STEP][PASSED] - setText(findTestObject("Modulo Tarea Administracion Compensacion/Crear Histórico Vacaciones/input_Periodo Disfrute_form_vacaciones_Final"), "07/07/2021"): Text '07/07/2021' is set on object 'Object Repository/Modulo Tarea Administracion Compensacion/Crear Histórico Vacaciones/input_Periodo Disfrute_form_vacaciones_Final'

2021-11-22 08:52:14 - [MESSAGE][PASSED] - Text '07/07/2021' is set on object 'Object Repository/Modulo Tarea Administracion Compensacion/Crear Histórico Vacaciones/input_Periodo Disfrute_form_vacaciones_Final'

2021-11-22 08:52:14 - [TEST_STEP][PASSED] - setText(findTestObject("Modulo Tarea Administracion Compensacion/Crear Histórico Vacaciones/input_Fecha Regreso Nomina"), "08/07/2021"): Text '08/07/2021' is set on object 'Object Repository/Modulo Tarea Administracion Compensacion/Crear Histórico Vacaciones/input_Fecha Regreso Nomina'

2021-11-22 08:52:15 - [MESSAGE][PASSED] - Text '08/07/2021' is set on object 'Object Repository/Modulo Tarea Administracion Compensacion/Crear Histórico Vacaciones/input_Fecha Regreso Nomina'

2021-11-22 08:52:15 - [TEST_STEP][PASSED] - setText(findTestObject("Modulo Tarea Administracion Compensacion/Crear Histórico Vacaciones/input_Dias"), "6"): Text '6' is set on object 'Object Repository/Modulo Tarea Administracion Compensacion/Crear Histórico Vacaciones/input_Dias'

2021-11-22 08:52:16 - [MESSAGE][PASSED] - Text '6' is set on object 'Object Repository/Modulo Tarea Administracion Compensacion/Crear Histórico Vacaciones/input_Dias'

2021-11-22 08:52:16 - [TEST_STEP][PASSED] - setText(findTestObject("Modulo Tarea Administracion Compensacion/Crear Histórico Vacaciones/input_Periodo Servicio_Inicio"), "01/07/2021"): Text '01/07/2021' is set on object 'Object Repository/Modulo Tarea Administracion Compensacion/Crear Histórico Vacaciones/input_Periodo Servicio_Inicio'

2021-11-22 08:52:17 - [MESSAGE][PASSED] - Text '01/07/2021' is set on object 'Object Repository/Modulo Tarea Administracion Compensacion/Crear Histórico Vacaciones/input_Periodo Servicio_Inicio'

2021-11-22 08:52:17 - [TEST_STEP][PASSED] - setText(findTestObject("Modulo Tarea Administracion Compensacion/Crear Histórico Vacaciones/input_Periodo Servicio_Final"), "07/07/2021"): Text '07/07/2021' is set on object 'Object Repository/Modulo Tarea Administracion Compensacion/Crear Histórico Vacaciones/input_Periodo Servicio_Final'

2021-11-22 08:52:18 - [MESSAGE][PASSED] - Text '07/07/2021' is set on object 'Object Repository/Modulo Tarea Administracion Compensacion/Crear Histórico Vacaciones/input_Periodo Servicio_Final'

2021-11-22 08:52:18 - [TEST_STEP][PASSED] - sendKeys(findTestObject("Modulo Tarea Administracion Compensacion/Crear Histórico Vacaciones/input_Periodo Servicio_Final"), Keys.chord(ESCAPE)): Keys 'ESCAPE + ' sent to object: 'Object Repository/Modulo Tarea Administracion Compensacion/Crear Histórico Vacaciones/input_Periodo Servicio_Final'

2021-11-22 08:52:19 - [MESSAGE][PASSED] - Keys 'ESCAPE + ' sent to object: 'Object Repository/Modulo Tarea Administracion Compensacion/Crear Histórico Vacaciones/input_Periodo Servicio_Final'

2021-11-22 08:52:19 - [TEST_STEP][PASSED] - setText(findTestObject("Modulo Tarea Administracion Compensacion/Crear Histórico Vacaciones/textarea_Observacin"), "PRUEBA"): Text 'PRUEBA' is set on object 'Object Repository/Modulo Tarea Administracion Compensacion/Crear Histórico Vacaciones/textarea_Observacin'

2021-11-22 08:52:19 - [MESSAGE][PASSED] - Text 'PRUEBA' is set on object 'Object Repository/Modulo Tarea Administracion Compensacion/Crear Histórico Vacaciones/textarea_Observacin'

2021-11-22 08:52:19 - [TEST_STEP][PASSED] - waitForElementClickable(findTestObject("Modulo Tarea Administracion Compensacion/Crear Histórico Vacaciones/a_Guardar"), 0): Object 'Object Repository/Modulo Tarea Administracion Compensacion/Crear Histórico Vacaciones/a_Guardar' is clickable

2021-11-22 08:52:19 - [MESSAGE][WARNING] - Timeout '0' is invalid. Using default page load timeout: '30'

2021-11-22 08:52:20 - [MESSAGE][PASSED] - Object 'Object Repository/Modulo Tarea Administracion Compensacion/Crear Histórico Vacaciones/a_Guardar' is clickable

2021-11-22 08:52:20 - [TEST_STEP][PASSED] - click(findTestObject("Modulo Tarea Administracion Compensacion/Crear Histórico Vacaciones/a_Guardar")): Object: 'Object Repository/Modulo Tarea Administracion Compensacion/Crear Histórico Vacaciones/a_Guardar' is clicked on

2021-11-22 08:52:20 - [MESSAGE][PASSED] - Object: 'Object Repository/Modulo Tarea Administracion Compensacion/Crear Histórico Vacaciones/a_Guardar' is clicked on

2021-11-22 08:52:20 - [TEST_STEP][PASSED] - getText(findTestObject("Alerta/Alerta")): Text of object 'Object Repository/Alerta/Alerta' is: 'Se Ingreso el registro'

2021-11-22 08:52:22 - [MESSAGE][PASSED] - Text of object 'Object Repository/Alerta/Alerta' is: 'Se Ingreso el registro'

2021-11-22 08:52:22 - [TEST_STEP][PASSED] - waitForElementClickable(findTestObject("Modulo Tarea Administracion Compensacion/Crear Histórico Vacaciones/a_Eliminar_Historico"), 0): Object 'Object Repository/Modulo Tarea Administracion Compensacion/Crear Histórico Vacaciones/a_Eliminar_Historico' is clickable

2021-11-22 08:52:22 - [MESSAGE][WARNING] - Timeout '0' is invalid. Using default page load timeout: '30'

2021-11-22 08:52:22 - [MESSAGE][PASSED] - Object 'Object Repository/Modulo Tarea Administracion Compensacion/Crear Histórico Vacaciones/a_Eliminar_Historico' is clickable

2021-11-22 08:52:22 - [TEST_STEP][PASSED] - click(findTestObject("Modulo Tarea Administracion Compensacion/Crear Histórico Vacaciones/a_Eliminar_Historico")): Object: 'Object Repository/Modulo Tarea Administracion Compensacion/Crear Histórico Vacaciones/a_Eliminar_Historico' is clicked on

2021-11-22 08:52:22 - [MESSAGE][PASSED] - Object: 'Object Repository/Modulo Tarea Administracion Compensacion/Crear Histórico Vacaciones/a_Eliminar_Historico' is clicked on

2021-11-22 08:52:22 - [TEST_STEP][PASSED] - waitForElementClickable(findTestObject("Modulo Tarea Administracion Compensacion/Crear Histórico Vacaciones/a_Aceptar_Eliminar_ Historico"), 0): Object 'Object Repository/Modulo Tarea Administracion Compensacion/Crear Histórico Vacaciones/a_Aceptar_Eliminar_ Historico' is clickable

2021-11-22 08:52:22 - [MESSAGE][WARNING] - Timeout '0' is invalid. Using default page load timeout: '30'

2021-11-22 08:52:23 - [MESSAGE][PASSED] - Object 'Object Repository/Modulo Tarea Administracion Compensacion/Crear Histórico Vacaciones/a_Aceptar_Eliminar_ Historico' is clickable

2021-11-22 08:52:23 - [TEST_STEP][PASSED] - click(findTestObject("Modulo Tarea Administracion Compensacion/Crear Histórico Vacaciones/a_Aceptar_Eliminar_ Historico")): Object: 'Object Repository/Modulo Tarea Administracion Compensacion/Crear Histórico Vacaciones/a_Aceptar_Eliminar_ Historico' is clicked on

2021-11-22 08:52:26 - [MESSAGE][PASSED] - Object: 'Object Repository/Modulo Tarea Administracion Compensacion/Crear Histórico Vacaciones/a_Aceptar_Eliminar_ Historico' is clicked on

2021-11-22 08:52:26 - [TEST_STEP][PASSED] - getText(findTestObject("Alerta/Alerta")): Text of object 'Object Repository/Alerta/Alerta' is: 'Se elimino el registro'

2021-11-22 08:52:26 - [MESSAGE][PASSED] - Text of object 'Object Repository/Alerta/Alerta' is: 'Se elimino el registro']]></system-out>
         <system-err><![CDATA[]]></system-err>
      </testcase>
      <testcase name="Test Cases/1.1-Tareas Principales/1.1.6-crear vacaciones" time="71.943" classname="Test Cases/1.1-Tareas Principales/1.1.6-crear vacaciones" status="PASSED">
         <system-out><![CDATA[2021-11-22 08:52:26 - [TEST_CASE][PASSED] - Test Cases/1.1-Tareas Principales/1.1.6-crear vacaciones: Test Cases/1.1-Tareas Principales/1.1.6-crear vacaciones

2021-11-22 08:52:27 - [TEST_STEP][PASSED] - callTestCase(findTestCase("Hutilidades/Tareas Administracion Compensacion/Tarea Listado Empleados"), [:], STOP_ON_FAILURE): Call Test Case 'Test Cases/Hutilidades/Tareas Administracion Compensacion/Tarea Listado Empleados' successfully

2021-11-22 08:52:27 - [TEST_CASE][PASSED] - Test Cases/Hutilidades/Tareas Administracion Compensacion/Tarea Listado Empleados: Test Cases/Hutilidades/Tareas Administracion Compensacion/Tarea Listado Empleados

2021-11-22 08:52:27 - [TEST_STEP][PASSED] - callTestCase(findTestCase("0.1-Login"), [:], STOP_ON_FAILURE): Call Test Case 'Test Cases/0.1-Login' successfully

2021-11-22 08:52:27 - [TEST_CASE][PASSED] - Test Cases/0.1-Login: Test Cases/0.1-Login

2021-11-22 08:52:27 - [TEST_STEP][PASSED] - openBrowser(""): Browser is opened with url: ''

2021-11-22 08:52:27 - [MESSAGE][WARNING] - A browser is already opened. Closing browser and opening a new one

2021-11-22 08:52:28 - [MESSAGE][INFO] - Starting 'Edge Chromium' driver

2021-11-22 08:52:30 - [MESSAGE][INFO] - Action delay is set to 0 milliseconds

2021-11-22 08:52:31 - [MESSAGE][PASSED] - Browser is opened with url: ''

2021-11-22 08:52:31 - [TEST_STEP][PASSED] - maximizeWindow(): Current window maximized

2021-11-22 08:52:31 - [MESSAGE][PASSED] - Current window maximized

2021-11-22 08:52:31 - [TEST_STEP][PASSED] - i = G_Login: null

2021-11-22 08:52:31 - [TEST_STEP][PASSED] - url = new java.net.URL(i): null

2021-11-22 08:52:31 - [TEST_STEP][PASSED] - println("URL: " + url.toString()): null

2021-11-22 08:52:31 - [TEST_STEP][PASSED] - connection = url.openConnection(): null

2021-11-22 08:52:31 - [TEST_STEP][PASSED] - connection.setRequestMethod("GET"): null

2021-11-22 08:52:31 - [TEST_STEP][PASSED] - connection.setReadTimeout(2 * 1000): null

2021-11-22 08:52:31 - [TEST_STEP][PASSED] - try: null

2021-11-22 08:52:31 - [TEST_STEP][PASSED] - connection.connect(): null

2021-11-22 08:52:31 - [TEST_STEP][PASSED] - flag = connected: null

2021-11-22 08:52:31 - [TEST_STEP][PASSED] - println("Valor_ori: " + flag): null

2021-11-22 08:52:31 - [TEST_STEP][PASSED] - if (flag): null

2021-11-22 08:52:31 - [TEST_STEP][PASSED] - navigateToUrl(i): Navigate to 'http://localhost:8380/saraweb/' successfully

2021-11-22 08:52:32 - [MESSAGE][PASSED] - Navigate to 'http://localhost:8380/saraweb/' successfully

2021-11-22 08:52:32 - [TEST_STEP][PASSED] - a(): null

2021-11-22 08:52:32 - [TEST_STEP][PASSED] - setText(findTestObject("Login/input_USUARIO_loginusuario"), G_Usuario): Text 'saraadmin' is set on object 'Object Repository/Login/input_USUARIO_loginusuario'

2021-11-22 08:52:33 - [MESSAGE][PASSED] - Text 'saraadmin' is set on object 'Object Repository/Login/input_USUARIO_loginusuario'

2021-11-22 08:52:33 - [TEST_STEP][PASSED] - setEncryptedText(findTestObject("Login/input_CLAVE_loginpassword"), "MkG4/TYiCFC3cb2driP7+Q=="): Text ****** has been set on object 'Object Repository/Login/input_CLAVE_loginpassword'

2021-11-22 08:52:33 - [MESSAGE][PASSED] - Text ****** has been set on object 'Object Repository/Login/input_CLAVE_loginpassword'

2021-11-22 08:52:33 - [TEST_STEP][PASSED] - waitForElementClickable(findTestObject("Login/a_Ingresar"), G_TimeOut): Object 'Object Repository/Login/a_Ingresar' is clickable

2021-11-22 08:52:34 - [MESSAGE][PASSED] - Object 'Object Repository/Login/a_Ingresar' is clickable

2021-11-22 08:52:34 - [TEST_STEP][PASSED] - click(findTestObject("Login/a_Ingresar")): Object: 'Object Repository/Login/a_Ingresar' is clicked on

2021-11-22 08:52:35 - [MESSAGE][PASSED] - Object: 'Object Repository/Login/a_Ingresar' is clicked on

2021-11-22 08:52:35 - [TEST_STEP][PASSED] - element = findWebElement(findTestObject("Login/a_Ir"), 30): null

2021-11-22 08:52:35 - [TEST_STEP][PASSED] - executeJavaScript("arguments[0].click()", Arrays.asList(element)): Execute JavaScript 'arguments[0].click()' successfully

2021-11-22 08:52:36 - [MESSAGE][PASSED] - Execute JavaScript 'arguments[0].click()' successfully

2021-11-22 08:52:36 - [MESSAGE][PASSED] - Call Test Case 'Test Cases/0.1-Login' successfully

2021-11-22 08:52:36 - [TEST_STEP][PASSED] - setText(findTestObject("Modulo Tarea Listado Hojas de Vida/Tareas Listado Hojas de Vida/input_Listado Hojas De Vida_form_templatej_idt24_input"), "Listado de Empleados"): Text 'Listado de Empleados' is set on object 'Object Repository/Modulo Tarea Listado Hojas de Vida/Tareas Listado Hojas de Vida/input_Listado Hojas De Vida_form_templatej_idt24_input'

2021-11-22 08:52:37 - [MESSAGE][PASSED] - Text 'Listado de Empleados' is set on object 'Object Repository/Modulo Tarea Listado Hojas de Vida/Tareas Listado Hojas de Vida/input_Listado Hojas De Vida_form_templatej_idt24_input'

2021-11-22 08:52:37 - [TEST_STEP][PASSED] - delay(3): Delayed 3 second(s)

2021-11-22 08:52:40 - [MESSAGE][PASSED] - Delayed 3 second(s)

2021-11-22 08:52:40 - [TEST_STEP][PASSED] - sendKeys(findTestObject("Modulo Tarea Listado Hojas de Vida/Tareas Listado Hojas de Vida/input_Listado Hojas De Vida_form_templatej_idt24_input"), Keys.chord(ENTER)): Keys 'ENTER + ' sent to object: 'Object Repository/Modulo Tarea Listado Hojas de Vida/Tareas Listado Hojas de Vida/input_Listado Hojas De Vida_form_templatej_idt24_input'

2021-11-22 08:52:40 - [MESSAGE][PASSED] - Keys 'ENTER + ' sent to object: 'Object Repository/Modulo Tarea Listado Hojas de Vida/Tareas Listado Hojas de Vida/input_Listado Hojas De Vida_form_templatej_idt24_input'

2021-11-22 08:52:40 - [MESSAGE][PASSED] - Call Test Case 'Test Cases/Hutilidades/Tareas Administracion Compensacion/Tarea Listado Empleados' successfully

2021-11-22 08:52:40 - [TEST_STEP][PASSED] - setText(findTestObject("Modulo Tarea Administracion Compensacion/Dias con Permisos Pasivos Permitidos/input_Identificacin_listadoEmpleadoIdentificacionEmpleado"), "1234567890"): Text '1234567890' is set on object 'Object Repository/Modulo Tarea Administracion Compensacion/Dias con Permisos Pasivos Permitidos/input_Identificacin_listadoEmpleadoIdentificacionEmpleado'

2021-11-22 08:52:44 - [MESSAGE][PASSED] - Text '1234567890' is set on object 'Object Repository/Modulo Tarea Administracion Compensacion/Dias con Permisos Pasivos Permitidos/input_Identificacin_listadoEmpleadoIdentificacionEmpleado'

2021-11-22 08:52:44 - [TEST_STEP][PASSED] - sendKeys(findTestObject("Modulo Tarea Administracion Compensacion/Dias con Permisos Pasivos Permitidos/input_Identificacin_listadoEmpleadoIdentificacionEmpleado"), Keys.chord(ENTER)): Keys 'ENTER + ' sent to object: 'Object Repository/Modulo Tarea Administracion Compensacion/Dias con Permisos Pasivos Permitidos/input_Identificacin_listadoEmpleadoIdentificacionEmpleado'

2021-11-22 08:52:45 - [MESSAGE][PASSED] - Keys 'ENTER + ' sent to object: 'Object Repository/Modulo Tarea Administracion Compensacion/Dias con Permisos Pasivos Permitidos/input_Identificacin_listadoEmpleadoIdentificacionEmpleado'

2021-11-22 08:52:45 - [TEST_STEP][PASSED] - waitForElementClickable(findTestObject("Modulo Tarea Administracion Compensacion/Dias con Permisos Pasivos Permitidos/span_Consta Belfegord Jhon"), G_TimeOut): Object 'Object Repository/Modulo Tarea Administracion Compensacion/Dias con Permisos Pasivos Permitidos/span_Consta Belfegord Jhon' is clickable

2021-11-22 08:52:46 - [MESSAGE][PASSED] - Object 'Object Repository/Modulo Tarea Administracion Compensacion/Dias con Permisos Pasivos Permitidos/span_Consta Belfegord Jhon' is clickable

2021-11-22 08:52:46 - [TEST_STEP][PASSED] - click(findTestObject("Modulo Tarea Administracion Compensacion/Dias con Permisos Pasivos Permitidos/span_Consta Belfegord Jhon")): Object: 'Object Repository/Modulo Tarea Administracion Compensacion/Dias con Permisos Pasivos Permitidos/span_Consta Belfegord Jhon' is clicked on

2021-11-22 08:52:47 - [MESSAGE][PASSED] - Object: 'Object Repository/Modulo Tarea Administracion Compensacion/Dias con Permisos Pasivos Permitidos/span_Consta Belfegord Jhon' is clicked on

2021-11-22 08:52:47 - [TEST_STEP][PASSED] - waitForElementClickable(findTestObject("Modulo Tarea Administracion Compensacion/Dias con Permisos Pasivos Permitidos/a_Vacacin"), G_TimeOut): Object 'Object Repository/Modulo Tarea Administracion Compensacion/Dias con Permisos Pasivos Permitidos/a_Vacacin' is clickable

2021-11-22 08:52:47 - [MESSAGE][PASSED] - Object 'Object Repository/Modulo Tarea Administracion Compensacion/Dias con Permisos Pasivos Permitidos/a_Vacacin' is clickable

2021-11-22 08:52:47 - [TEST_STEP][PASSED] - click(findTestObject("Modulo Tarea Administracion Compensacion/Dias con Permisos Pasivos Permitidos/a_Vacacin")): Object: 'Object Repository/Modulo Tarea Administracion Compensacion/Dias con Permisos Pasivos Permitidos/a_Vacacin' is clicked on

2021-11-22 08:52:48 - [MESSAGE][PASSED] - Object: 'Object Repository/Modulo Tarea Administracion Compensacion/Dias con Permisos Pasivos Permitidos/a_Vacacin' is clicked on

2021-11-22 08:52:48 - [TEST_STEP][PASSED] - if (waitForElementClickable(findTestObject("Modulo Tarea Administracion Compensacion/Dias con Permisos Pasivos Permitidos/span_Programacion De Vacaciones"), G_TimeOut)): Web element with id: 'Object Repository/Modulo Tarea Administracion Compensacion/Dias con Permisos Pasivos Permitidos/span_Programacion De Vacaciones' located by '//*/text()[normalize-space(.)='Programacion De Vacaciones']/parent::*' not found

2021-11-22 08:52:59 - [MESSAGE][INFO] - Unable to find the element located by 'By.xpath: //*/text()[normalize-space(.)='Programacion De Vacaciones']/parent::*'. Please recheck the objects properties to make sure the desired element is located. 

2021-11-22 08:52:59 - [MESSAGE][WARNING] - Web element with id: 'Object Repository/Modulo Tarea Administracion Compensacion/Dias con Permisos Pasivos Permitidos/span_Programacion De Vacaciones' located by '//*/text()[normalize-space(.)='Programacion De Vacaciones']/parent::*' not found

2021-11-22 08:52:59 - [TEST_STEP][PASSED] - click(findTestObject("Modulo Tarea Administracion Compensacion/Dias con Permisos Pasivos Permitidos/a_Histrico")): Object: 'Object Repository/Modulo Tarea Administracion Compensacion/Dias con Permisos Pasivos Permitidos/a_Histrico' is clicked on

2021-11-22 08:53:00 - [MESSAGE][PASSED] - Object: 'Object Repository/Modulo Tarea Administracion Compensacion/Dias con Permisos Pasivos Permitidos/a_Histrico' is clicked on

2021-11-22 08:53:00 - [TEST_STEP][PASSED] - if (waitForElementClickable(findTestObject("Modulo Tarea Administracion Compensacion/Dias con Permisos Pasivos Permitidos/span_Programacion De Vacaciones"), 1)): Web element with id: 'Object Repository/Modulo Tarea Administracion Compensacion/Dias con Permisos Pasivos Permitidos/span_Programacion De Vacaciones' located by '//*/text()[normalize-space(.)='Programacion De Vacaciones']/parent::*' not found

2021-11-22 08:53:02 - [MESSAGE][INFO] - Unable to find the element located by 'By.xpath: //*/text()[normalize-space(.)='Programacion De Vacaciones']/parent::*'. Please recheck the objects properties to make sure the desired element is located. 

2021-11-22 08:53:02 - [MESSAGE][WARNING] - Web element with id: 'Object Repository/Modulo Tarea Administracion Compensacion/Dias con Permisos Pasivos Permitidos/span_Programacion De Vacaciones' located by '//*/text()[normalize-space(.)='Programacion De Vacaciones']/parent::*' not found

2021-11-22 08:53:02 - [TEST_STEP][PASSED] - click(findTestObject("Modulo Tarea Administracion Compensacion/Dias con Permisos Pasivos Permitidos/a_Vacaciones")): Object: 'Object Repository/Modulo Tarea Administracion Compensacion/Dias con Permisos Pasivos Permitidos/a_Vacaciones' is clicked on

2021-11-22 08:53:03 - [MESSAGE][PASSED] - Object: 'Object Repository/Modulo Tarea Administracion Compensacion/Dias con Permisos Pasivos Permitidos/a_Vacaciones' is clicked on

2021-11-22 08:53:03 - [TEST_STEP][PASSED] - waitForElementClickable(findTestObject("Modulo Tarea Administracion Compensacion/Dias con Permisos Pasivos Permitidos/a_Nuevo Pasivo"), G_TimeOut): Object 'Object Repository/Modulo Tarea Administracion Compensacion/Dias con Permisos Pasivos Permitidos/a_Nuevo Pasivo' is clickable

2021-11-22 08:53:03 - [MESSAGE][PASSED] - Object 'Object Repository/Modulo Tarea Administracion Compensacion/Dias con Permisos Pasivos Permitidos/a_Nuevo Pasivo' is clickable

2021-11-22 08:53:03 - [TEST_STEP][PASSED] - click(findTestObject("Modulo Tarea Administracion Compensacion/Dias con Permisos Pasivos Permitidos/a_Nuevo Pasivo")): Object: 'Object Repository/Modulo Tarea Administracion Compensacion/Dias con Permisos Pasivos Permitidos/a_Nuevo Pasivo' is clicked on

2021-11-22 08:53:03 - [MESSAGE][PASSED] - Object: 'Object Repository/Modulo Tarea Administracion Compensacion/Dias con Permisos Pasivos Permitidos/a_Nuevo Pasivo' is clicked on

2021-11-22 08:53:03 - [TEST_STEP][PASSED] - click(findTestObject("Modulo Tarea Administracion Compensacion/Dias con Permisos Pasivos Permitidos/a_pestaa Vacaciones")): Object: 'Object Repository/Modulo Tarea Administracion Compensacion/Dias con Permisos Pasivos Permitidos/a_pestaa Vacaciones' is clicked on

2021-11-22 08:53:06 - [MESSAGE][PASSED] - Object: 'Object Repository/Modulo Tarea Administracion Compensacion/Dias con Permisos Pasivos Permitidos/a_pestaa Vacaciones' is clicked on

2021-11-22 08:53:06 - [TEST_STEP][PASSED] - selectOptionByIndex(findTestObject("Modulo Tarea Administracion Compensacion/Dias con Permisos Pasivos Permitidos/select_APLAZAMIENTOPROGRAMACION DE VACACIONES"), "2"): All options with index in [2] are selected on object 'Object Repository/Modulo Tarea Administracion Compensacion/Dias con Permisos Pasivos Permitidos/select_APLAZAMIENTOPROGRAMACION DE VACACIONES'

2021-11-22 08:53:07 - [MESSAGE][PASSED] - All options with index in [2] are selected on object 'Object Repository/Modulo Tarea Administracion Compensacion/Dias con Permisos Pasivos Permitidos/select_APLAZAMIENTOPROGRAMACION DE VACACIONES'

2021-11-22 08:53:07 - [TEST_STEP][PASSED] - selectOptionByIndex(findTestObject("Modulo Tarea Administracion Compensacion/Dias con Permisos Pasivos Permitidos/select_InterrupcinNo Aplica"), "1"): All options with index in [1] are selected on object 'Object Repository/Modulo Tarea Administracion Compensacion/Dias con Permisos Pasivos Permitidos/select_InterrupcinNo Aplica'

2021-11-22 08:53:08 - [MESSAGE][PASSED] - All options with index in [1] are selected on object 'Object Repository/Modulo Tarea Administracion Compensacion/Dias con Permisos Pasivos Permitidos/select_InterrupcinNo Aplica'

2021-11-22 08:53:08 - [TEST_STEP][PASSED] - setText(findTestObject("Modulo Tarea Administracion Compensacion/Dias con Permisos Pasivos Permitidos/input_Periodo Servicio_form_"), "01/06/2021"): Text '01/06/2021' is set on object 'Object Repository/Modulo Tarea Administracion Compensacion/Dias con Permisos Pasivos Permitidos/input_Periodo Servicio_form_'

2021-11-22 08:53:09 - [MESSAGE][PASSED] - Text '01/06/2021' is set on object 'Object Repository/Modulo Tarea Administracion Compensacion/Dias con Permisos Pasivos Permitidos/input_Periodo Servicio_form_'

2021-11-22 08:53:09 - [TEST_STEP][PASSED] - click(findTestObject("Modulo Tarea Administracion Compensacion/Dias con Permisos Pasivos Permitidos/span_Periodo Servicio"), STOP_ON_FAILURE): Object: 'Object Repository/Modulo Tarea Administracion Compensacion/Dias con Permisos Pasivos Permitidos/span_Periodo Servicio' is clicked on

2021-11-22 08:53:09 - [MESSAGE][PASSED] - Object: 'Object Repository/Modulo Tarea Administracion Compensacion/Dias con Permisos Pasivos Permitidos/span_Periodo Servicio' is clicked on

2021-11-22 08:53:09 - [TEST_STEP][PASSED] - setText(findTestObject("Modulo Tarea Administracion Compensacion/Dias con Permisos Pasivos Permitidos/input_Periodo Servicio_form_vacaciones"), "06/06/2021"): Text '06/06/2021' is set on object 'Object Repository/Modulo Tarea Administracion Compensacion/Dias con Permisos Pasivos Permitidos/input_Periodo Servicio_form_vacaciones'

2021-11-22 08:53:10 - [MESSAGE][PASSED] - Text '06/06/2021' is set on object 'Object Repository/Modulo Tarea Administracion Compensacion/Dias con Permisos Pasivos Permitidos/input_Periodo Servicio_form_vacaciones'

2021-11-22 08:53:10 - [TEST_STEP][PASSED] - sendKeys(findTestObject("Modulo Tarea Administracion Compensacion/Dias con Permisos Pasivos Permitidos/input_Periodo Servicio_form_vacaciones"), Keys.chord(ENTER)): Keys 'ENTER + ' sent to object: 'Object Repository/Modulo Tarea Administracion Compensacion/Dias con Permisos Pasivos Permitidos/input_Periodo Servicio_form_vacaciones'

2021-11-22 08:53:10 - [MESSAGE][PASSED] - Keys 'ENTER + ' sent to object: 'Object Repository/Modulo Tarea Administracion Compensacion/Dias con Permisos Pasivos Permitidos/input_Periodo Servicio_form_vacaciones'

2021-11-22 08:53:10 - [TEST_STEP][PASSED] - setText(findTestObject("Modulo Tarea Administracion Compensacion/Dias con Permisos Pasivos Permitidos/input_Das_form_vacacionesEmpleadotabs"), "5"): Text '5' is set on object 'Object Repository/Modulo Tarea Administracion Compensacion/Dias con Permisos Pasivos Permitidos/input_Das_form_vacacionesEmpleadotabs'

2021-11-22 08:53:11 - [MESSAGE][PASSED] - Text '5' is set on object 'Object Repository/Modulo Tarea Administracion Compensacion/Dias con Permisos Pasivos Permitidos/input_Das_form_vacacionesEmpleadotabs'

2021-11-22 08:53:11 - [TEST_STEP][PASSED] - setText(findTestObject("Modulo Tarea Administracion Compensacion/Dias con Permisos Pasivos Permitidos/input_Fecha Origen_form_vacaciones"), "01/06/2021"): Text '01/06/2021' is set on object 'Object Repository/Modulo Tarea Administracion Compensacion/Dias con Permisos Pasivos Permitidos/input_Fecha Origen_form_vacaciones'

2021-11-22 08:53:12 - [MESSAGE][PASSED] - Text '01/06/2021' is set on object 'Object Repository/Modulo Tarea Administracion Compensacion/Dias con Permisos Pasivos Permitidos/input_Fecha Origen_form_vacaciones'

2021-11-22 08:53:12 - [TEST_STEP][PASSED] - sendKeys(findTestObject("Modulo Tarea Administracion Compensacion/Dias con Permisos Pasivos Permitidos/input_Fecha Origen_form_vacaciones"), Keys.chord(ENTER)): Keys 'ENTER + ' sent to object: 'Object Repository/Modulo Tarea Administracion Compensacion/Dias con Permisos Pasivos Permitidos/input_Fecha Origen_form_vacaciones'

2021-11-22 08:53:13 - [MESSAGE][PASSED] - Keys 'ENTER + ' sent to object: 'Object Repository/Modulo Tarea Administracion Compensacion/Dias con Permisos Pasivos Permitidos/input_Fecha Origen_form_vacaciones'

2021-11-22 08:53:13 - [TEST_STEP][PASSED] - waitForElementClickable(findTestObject("Modulo Tarea Administracion Compensacion/Dias con Permisos Pasivos Permitidos/a_Guardar"), G_TimeOut): Object 'Object Repository/Modulo Tarea Administracion Compensacion/Dias con Permisos Pasivos Permitidos/a_Guardar' is clickable

2021-11-22 08:53:13 - [MESSAGE][PASSED] - Object 'Object Repository/Modulo Tarea Administracion Compensacion/Dias con Permisos Pasivos Permitidos/a_Guardar' is clickable

2021-11-22 08:53:13 - [TEST_STEP][PASSED] - click(findTestObject("Modulo Tarea Administracion Compensacion/Dias con Permisos Pasivos Permitidos/a_Guardar")): Object: 'Object Repository/Modulo Tarea Administracion Compensacion/Dias con Permisos Pasivos Permitidos/a_Guardar' is clicked on

2021-11-22 08:53:14 - [MESSAGE][PASSED] - Object: 'Object Repository/Modulo Tarea Administracion Compensacion/Dias con Permisos Pasivos Permitidos/a_Guardar' is clicked on

2021-11-22 08:53:14 - [TEST_STEP][PASSED] - waitForElementClickable(findTestObject("Modulo Tarea Administracion Compensacion/Dias con Permisos Pasivos Permitidos/a_Regresar"), G_TimeOut): Object 'Object Repository/Modulo Tarea Administracion Compensacion/Dias con Permisos Pasivos Permitidos/a_Regresar' is clickable

2021-11-22 08:53:14 - [MESSAGE][PASSED] - Object 'Object Repository/Modulo Tarea Administracion Compensacion/Dias con Permisos Pasivos Permitidos/a_Regresar' is clickable

2021-11-22 08:53:14 - [TEST_STEP][PASSED] - click(findTestObject("Modulo Tarea Administracion Compensacion/Dias con Permisos Pasivos Permitidos/a_Regresar")): Object: 'Object Repository/Modulo Tarea Administracion Compensacion/Dias con Permisos Pasivos Permitidos/a_Regresar' is clicked on

2021-11-22 08:53:15 - [MESSAGE][PASSED] - Object: 'Object Repository/Modulo Tarea Administracion Compensacion/Dias con Permisos Pasivos Permitidos/a_Regresar' is clicked on

2021-11-22 08:53:15 - [TEST_STEP][PASSED] - delay(3): Delayed 3 second(s)

2021-11-22 08:53:18 - [MESSAGE][PASSED] - Delayed 3 second(s)

2021-11-22 08:53:18 - [TEST_STEP][PASSED] - if (waitForElementClickable(findTestObject("Modulo Tarea Administracion Compensacion/Dias con Permisos Pasivos Permitidos/td_02062021"), 1)): null

2021-11-22 08:53:18 - [MESSAGE][PASSED] - Object 'Object Repository/Modulo Tarea Administracion Compensacion/Dias con Permisos Pasivos Permitidos/td_02062021' is clickable

2021-11-22 08:53:18 - [TEST_STEP][PASSED] - click(findTestObject("Modulo Tarea Administracion Compensacion/Dias con Permisos Pasivos Permitidos/td_02062021")): Object: 'Object Repository/Modulo Tarea Administracion Compensacion/Dias con Permisos Pasivos Permitidos/td_02062021' is clicked on

2021-11-22 08:53:19 - [MESSAGE][PASSED] - Object: 'Object Repository/Modulo Tarea Administracion Compensacion/Dias con Permisos Pasivos Permitidos/td_02062021' is clicked on

2021-11-22 08:53:19 - [TEST_STEP][PASSED] - waitForElementClickable(findTestObject("Modulo Tarea Administracion Compensacion/Dias con Permisos Pasivos Permitidos/a_Eliminar Directo_Solicitud"), 0): Object 'Object Repository/Modulo Tarea Administracion Compensacion/Dias con Permisos Pasivos Permitidos/a_Eliminar Directo_Solicitud' is clickable

2021-11-22 08:53:19 - [MESSAGE][WARNING] - Timeout '0' is invalid. Using default page load timeout: '30'

2021-11-22 08:53:20 - [MESSAGE][PASSED] - Object 'Object Repository/Modulo Tarea Administracion Compensacion/Dias con Permisos Pasivos Permitidos/a_Eliminar Directo_Solicitud' is clickable

2021-11-22 08:53:20 - [TEST_STEP][PASSED] - click(findTestObject("Modulo Tarea Administracion Compensacion/Dias con Permisos Pasivos Permitidos/a_Eliminar Directo_Solicitud")): Object: 'Object Repository/Modulo Tarea Administracion Compensacion/Dias con Permisos Pasivos Permitidos/a_Eliminar Directo_Solicitud' is clicked on

2021-11-22 08:53:21 - [MESSAGE][PASSED] - Object: 'Object Repository/Modulo Tarea Administracion Compensacion/Dias con Permisos Pasivos Permitidos/a_Eliminar Directo_Solicitud' is clicked on

2021-11-22 08:53:21 - [TEST_STEP][PASSED] - click(findTestObject("Modulo Tarea Administracion Compensacion/Dias con Permisos Pasivos Permitidos/a_Aceptar")): Object: 'Object Repository/Modulo Tarea Administracion Compensacion/Dias con Permisos Pasivos Permitidos/a_Aceptar' is clicked on

2021-11-22 08:53:26 - [MESSAGE][PASSED] - Object: 'Object Repository/Modulo Tarea Administracion Compensacion/Dias con Permisos Pasivos Permitidos/a_Aceptar' is clicked on

2021-11-22 08:53:26 - [TEST_STEP][PASSED] - waitForElementClickable(findTestObject("Modulo Tarea Administracion Compensacion/Dias con Permisos Pasivos Permitidos/a_Nueva Solicitud"), G_TimeOut): Object 'Object Repository/Modulo Tarea Administracion Compensacion/Dias con Permisos Pasivos Permitidos/a_Nueva Solicitud' is clickable

2021-11-22 08:53:26 - [MESSAGE][PASSED] - Object 'Object Repository/Modulo Tarea Administracion Compensacion/Dias con Permisos Pasivos Permitidos/a_Nueva Solicitud' is clickable

2021-11-22 08:53:26 - [TEST_STEP][PASSED] - click(findTestObject("Modulo Tarea Administracion Compensacion/Dias con Permisos Pasivos Permitidos/a_Nueva Solicitud")): Object: 'Object Repository/Modulo Tarea Administracion Compensacion/Dias con Permisos Pasivos Permitidos/a_Nueva Solicitud' is clicked on

2021-11-22 08:53:27 - [MESSAGE][PASSED] - Object: 'Object Repository/Modulo Tarea Administracion Compensacion/Dias con Permisos Pasivos Permitidos/a_Nueva Solicitud' is clicked on

2021-11-22 08:53:27 - [TEST_STEP][PASSED] - setText(findTestObject("Modulo Tarea Administracion Compensacion/Dias con Permisos Pasivos Permitidos/input_Salida Nomina_form_vacaciones"), "01/06/2021"): Text '01/06/2021' is set on object 'Object Repository/Modulo Tarea Administracion Compensacion/Dias con Permisos Pasivos Permitidos/input_Salida Nomina_form_vacaciones'

2021-11-22 08:53:28 - [MESSAGE][PASSED] - Text '01/06/2021' is set on object 'Object Repository/Modulo Tarea Administracion Compensacion/Dias con Permisos Pasivos Permitidos/input_Salida Nomina_form_vacaciones'

2021-11-22 08:53:28 - [TEST_STEP][PASSED] - sendKeys(findTestObject("Modulo Tarea Administracion Compensacion/Dias con Permisos Pasivos Permitidos/input_Salida Nomina_form_vacaciones"), Keys.chord(ENTER)): Keys 'ENTER + ' sent to object: 'Object Repository/Modulo Tarea Administracion Compensacion/Dias con Permisos Pasivos Permitidos/input_Salida Nomina_form_vacaciones'

2021-11-22 08:53:28 - [MESSAGE][PASSED] - Keys 'ENTER + ' sent to object: 'Object Repository/Modulo Tarea Administracion Compensacion/Dias con Permisos Pasivos Permitidos/input_Salida Nomina_form_vacaciones'

2021-11-22 08:53:28 - [TEST_STEP][PASSED] - selectOptionByIndex(findTestObject("Modulo Tarea Administracion Compensacion/Dias con Permisos Pasivos Permitidos/select_SeleccioneChequeEntidad_"), "3"): All options with index in [3] are selected on object 'Object Repository/Modulo Tarea Administracion Compensacion/Dias con Permisos Pasivos Permitidos/select_SeleccioneChequeEntidad_'

2021-11-22 08:53:29 - [MESSAGE][PASSED] - All options with index in [3] are selected on object 'Object Repository/Modulo Tarea Administracion Compensacion/Dias con Permisos Pasivos Permitidos/select_SeleccioneChequeEntidad_'

2021-11-22 08:53:29 - [TEST_STEP][PASSED] - setText(findTestObject("Modulo Tarea Administracion Compensacion/Dias con Permisos Pasivos Permitidos/input_Pago_form_vacacionesEmpleado"), "01/06/2021"): Text '01/06/2021' is set on object 'Object Repository/Modulo Tarea Administracion Compensacion/Dias con Permisos Pasivos Permitidos/input_Pago_form_vacacionesEmpleado'

2021-11-22 08:53:30 - [MESSAGE][PASSED] - Text '01/06/2021' is set on object 'Object Repository/Modulo Tarea Administracion Compensacion/Dias con Permisos Pasivos Permitidos/input_Pago_form_vacacionesEmpleado'

2021-11-22 08:53:30 - [TEST_STEP][PASSED] - sendKeys(findTestObject("Modulo Tarea Administracion Compensacion/Dias con Permisos Pasivos Permitidos/input_Pago_form_vacacionesEmpleado"), Keys.chord(ENTER)): Keys 'ENTER + ' sent to object: 'Object Repository/Modulo Tarea Administracion Compensacion/Dias con Permisos Pasivos Permitidos/input_Pago_form_vacacionesEmpleado'

2021-11-22 08:53:31 - [MESSAGE][PASSED] - Keys 'ENTER + ' sent to object: 'Object Repository/Modulo Tarea Administracion Compensacion/Dias con Permisos Pasivos Permitidos/input_Pago_form_vacacionesEmpleado'

2021-11-22 08:53:31 - [TEST_STEP][PASSED] - setText(findTestObject("Modulo Tarea Administracion Compensacion/Dias con Permisos Pasivos Permitidos/input_Disfrute_form_vacacionesEmpleado"), "1"): Text '1' is set on object 'Object Repository/Modulo Tarea Administracion Compensacion/Dias con Permisos Pasivos Permitidos/input_Disfrute_form_vacacionesEmpleado'

2021-11-22 08:53:32 - [MESSAGE][PASSED] - Text '1' is set on object 'Object Repository/Modulo Tarea Administracion Compensacion/Dias con Permisos Pasivos Permitidos/input_Disfrute_form_vacacionesEmpleado'

2021-11-22 08:53:32 - [TEST_STEP][PASSED] - setText(findTestObject("Modulo Tarea Administracion Compensacion/Dias con Permisos Pasivos Permitidos/input_Compensados_form_vacaciones"), "1"): Text '1' is set on object 'Object Repository/Modulo Tarea Administracion Compensacion/Dias con Permisos Pasivos Permitidos/input_Compensados_form_vacaciones'

2021-11-22 08:53:32 - [MESSAGE][PASSED] - Text '1' is set on object 'Object Repository/Modulo Tarea Administracion Compensacion/Dias con Permisos Pasivos Permitidos/input_Compensados_form_vacaciones'

2021-11-22 08:53:32 - [TEST_STEP][PASSED] - setText(findTestObject("Modulo Tarea Administracion Compensacion/Dias con Permisos Pasivos Permitidos/textarea_Observacin_form_vacaciones"), "Pruebas sara"): Text 'Pruebas sara' is set on object 'Object Repository/Modulo Tarea Administracion Compensacion/Dias con Permisos Pasivos Permitidos/textarea_Observacin_form_vacaciones'

2021-11-22 08:53:33 - [MESSAGE][PASSED] - Text 'Pruebas sara' is set on object 'Object Repository/Modulo Tarea Administracion Compensacion/Dias con Permisos Pasivos Permitidos/textarea_Observacin_form_vacaciones'

2021-11-22 08:53:33 - [TEST_STEP][PASSED] - waitForElementClickable(findTestObject("Modulo Tarea Administracion Compensacion/Dias con Permisos Pasivos Permitidos/a_Verificar"), G_TimeOut): Object 'Object Repository/Modulo Tarea Administracion Compensacion/Dias con Permisos Pasivos Permitidos/a_Verificar' is clickable

2021-11-22 08:53:34 - [MESSAGE][PASSED] - Object 'Object Repository/Modulo Tarea Administracion Compensacion/Dias con Permisos Pasivos Permitidos/a_Verificar' is clickable

2021-11-22 08:53:34 - [TEST_STEP][PASSED] - click(findTestObject("Modulo Tarea Administracion Compensacion/Dias con Permisos Pasivos Permitidos/a_Verificar")): Object: 'Object Repository/Modulo Tarea Administracion Compensacion/Dias con Permisos Pasivos Permitidos/a_Verificar' is clicked on

2021-11-22 08:53:34 - [MESSAGE][PASSED] - Object: 'Object Repository/Modulo Tarea Administracion Compensacion/Dias con Permisos Pasivos Permitidos/a_Verificar' is clicked on

2021-11-22 08:53:34 - [TEST_STEP][PASSED] - waitForElementClickable(findTestObject("Modulo Tarea Administracion Compensacion/Dias con Permisos Pasivos Permitidos/a_Guardar_solicitudes"), 0): Object 'Object Repository/Modulo Tarea Administracion Compensacion/Dias con Permisos Pasivos Permitidos/a_Guardar_solicitudes' is clickable

2021-11-22 08:53:34 - [MESSAGE][WARNING] - Timeout '0' is invalid. Using default page load timeout: '30'

2021-11-22 08:53:36 - [MESSAGE][PASSED] - Object 'Object Repository/Modulo Tarea Administracion Compensacion/Dias con Permisos Pasivos Permitidos/a_Guardar_solicitudes' is clickable

2021-11-22 08:53:36 - [TEST_STEP][PASSED] - click(findTestObject("Modulo Tarea Administracion Compensacion/Dias con Permisos Pasivos Permitidos/a_Guardar_solicitudes")): Object: 'Object Repository/Modulo Tarea Administracion Compensacion/Dias con Permisos Pasivos Permitidos/a_Guardar_solicitudes' is clicked on

2021-11-22 08:53:37 - [MESSAGE][PASSED] - Object: 'Object Repository/Modulo Tarea Administracion Compensacion/Dias con Permisos Pasivos Permitidos/a_Guardar_solicitudes' is clicked on

2021-11-22 08:53:37 - [TEST_STEP][PASSED] - getText(findTestObject("Alerta/Alerta")): Text of object 'Object Repository/Alerta/Alerta' is: 'Se modifico exitosamente su solicitud'

2021-11-22 08:53:38 - [MESSAGE][PASSED] - Text of object 'Object Repository/Alerta/Alerta' is: 'Se modifico exitosamente su solicitud'

2021-11-22 08:53:38 - [TEST_STEP][PASSED] - click(findTestObject("Modulo Tarea Administracion Compensacion/Dias con Permisos Pasivos Permitidos/a_Regresar_vacaciones")): Object: 'Object Repository/Modulo Tarea Administracion Compensacion/Dias con Permisos Pasivos Permitidos/a_Regresar_vacaciones' is clicked on

2021-11-22 08:53:38 - [MESSAGE][PASSED] - Object: 'Object Repository/Modulo Tarea Administracion Compensacion/Dias con Permisos Pasivos Permitidos/a_Regresar_vacaciones' is clicked on]]></system-out>
         <system-err><![CDATA[]]></system-err>
      </testcase>
      <testcase name="Test Cases/1.1-Tareas Principales/1.1.7-Generar Vacaciones" time="118.148" classname="Test Cases/1.1-Tareas Principales/1.1.7-Generar Vacaciones" status="FAILED">
         <failure type="FAILED" message="Test Cases/1.1-Tareas Principales/1.1.7-Generar Vacaciones FAILED.
Reason:
com.kms.katalon.core.exception.StepFailedException: Unable to click on object 'Object Repository/Modulo Tarea Administracion Compensacion/Generar Vacaciones/a_Aplicar'
	at com.kms.katalon.core.webui.keyword.internal.WebUIKeywordMain.stepFailed(WebUIKeywordMain.groovy:64)
	at com.kms.katalon.core.webui.keyword.internal.WebUIKeywordMain.runKeyword(WebUIKeywordMain.groovy:26)
	at com.kms.katalon.core.webui.keyword.builtin.ClickKeyword.click(ClickKeyword.groovy:74)
	at com.kms.katalon.core.webui.keyword.builtin.ClickKeyword.execute(ClickKeyword.groovy:40)
	at com.kms.katalon.core.keyword.internal.KeywordExecutor.executeKeywordForPlatform(KeywordExecutor.groovy:74)
	at com.kms.katalon.core.webui.keyword.WebUiBuiltInKeywords.click(WebUiBuiltInKeywords.groovy:620)
	at com.kms.katalon.core.webui.keyword.WebUiBuiltInKeywords$click$5.call(Unknown Source)
	at 1.1.7-Generar Vacaciones.run(1.1.7-Generar Vacaciones:65)
	at com.kms.katalon.core.main.ScriptEngine.run(ScriptEngine.java:194)
	at com.kms.katalon.core.main.ScriptEngine.runScriptAsRawText(ScriptEngine.java:119)
	at com.kms.katalon.core.main.TestCaseExecutor.runScript(TestCaseExecutor.java:442)
	at com.kms.katalon.core.main.TestCaseExecutor.doExecute(TestCaseExecutor.java:433)
	at com.kms.katalon.core.main.TestCaseExecutor.processExecutionPhase(TestCaseExecutor.java:412)
	at com.kms.katalon.core.main.TestCaseExecutor.accessMainPhase(TestCaseExecutor.java:404)
	at com.kms.katalon.core.main.TestCaseExecutor.execute(TestCaseExecutor.java:281)
	at com.kms.katalon.core.main.TestSuiteExecutor.accessTestCaseMainPhase(TestSuiteExecutor.java:202)
	at com.kms.katalon.core.main.TestSuiteExecutor.accessTestSuiteMainPhase(TestSuiteExecutor.java:164)
	at com.kms.katalon.core.main.TestSuiteExecutor.execute(TestSuiteExecutor.java:105)
	at com.kms.katalon.core.main.TestCaseMain.startTestSuite(TestCaseMain.java:181)
	at com.kms.katalon.core.main.TestCaseMain$startTestSuite$0.call(Unknown Source)
	at TempTestSuite1637588847917.run(TempTestSuite1637588847917.groovy:36)
Caused by: com.kms.katalon.core.webui.exception.WebElementNotFoundException: Web element with id: 'Object Repository/Modulo Tarea Administracion Compensacion/Generar Vacaciones/a_Aplicar' located by '//table[4]/tbody/tr/td/a' not found
	at com.kms.katalon.core.webui.common.WebUiCommonHelper.findWebElement(WebUiCommonHelper.java:1368)
	at com.kms.katalon.core.webui.keyword.internal.WebUIAbstractKeyword.findWebElement(WebUIAbstractKeyword.groovy:27)
	at com.kms.katalon.core.webui.keyword.builtin.ClickKeyword$_click_closure1.doCall(ClickKeyword.groovy:65)
	at com.kms.katalon.core.webui.keyword.builtin.ClickKeyword$_click_closure1.call(ClickKeyword.groovy)
	at com.kms.katalon.core.webui.keyword.internal.WebUIKeywordMain.runKeyword(WebUIKeywordMain.groovy:20)
	... 19 more
"/>
         <system-out><![CDATA[2021-11-22 08:53:38 - [TEST_CASE][FAILED] - Test Cases/1.1-Tareas Principales/1.1.7-Generar Vacaciones: Test Cases/1.1-Tareas Principales/1.1.7-Generar Vacaciones FAILED.
Reason:
com.kms.katalon.core.exception.StepFailedException: Unable to click on object 'Object Repository/Modulo Tarea Administracion Compensacion/Generar Vacaciones/a_Aplicar'
	at com.kms.katalon.core.webui.keyword.internal.WebUIKeywordMain.stepFailed(WebUIKeywordMain.groovy:64)
	at com.kms.katalon.core.webui.keyword.internal.WebUIKeywordMain.runKeyword(WebUIKeywordMain.groovy:26)
	at com.kms.katalon.core.webui.keyword.builtin.ClickKeyword.click(ClickKeyword.groovy:74)
	at com.kms.katalon.core.webui.keyword.builtin.ClickKeyword.execute(ClickKeyword.groovy:40)
	at com.kms.katalon.core.keyword.internal.KeywordExecutor.executeKeywordForPlatform(KeywordExecutor.groovy:74)
	at com.kms.katalon.core.webui.keyword.WebUiBuiltInKeywords.click(WebUiBuiltInKeywords.groovy:620)
	at com.kms.katalon.core.webui.keyword.WebUiBuiltInKeywords$click$5.call(Unknown Source)
	at 1.1.7-Generar Vacaciones.run(1.1.7-Generar Vacaciones:65)
	at com.kms.katalon.core.main.ScriptEngine.run(ScriptEngine.java:194)
	at com.kms.katalon.core.main.ScriptEngine.runScriptAsRawText(ScriptEngine.java:119)
	at com.kms.katalon.core.main.TestCaseExecutor.runScript(TestCaseExecutor.java:442)
	at com.kms.katalon.core.main.TestCaseExecutor.doExecute(TestCaseExecutor.java:433)
	at com.kms.katalon.core.main.TestCaseExecutor.processExecutionPhase(TestCaseExecutor.java:412)
	at com.kms.katalon.core.main.TestCaseExecutor.accessMainPhase(TestCaseExecutor.java:404)
	at com.kms.katalon.core.main.TestCaseExecutor.execute(TestCaseExecutor.java:281)
	at com.kms.katalon.core.main.TestSuiteExecutor.accessTestCaseMainPhase(TestSuiteExecutor.java:202)
	at com.kms.katalon.core.main.TestSuiteExecutor.accessTestSuiteMainPhase(TestSuiteExecutor.java:164)
	at com.kms.katalon.core.main.TestSuiteExecutor.execute(TestSuiteExecutor.java:105)
	at com.kms.katalon.core.main.TestCaseMain.startTestSuite(TestCaseMain.java:181)
	at com.kms.katalon.core.main.TestCaseMain$startTestSuite$0.call(Unknown Source)
	at TempTestSuite1637588847917.run(TempTestSuite1637588847917.groovy:36)
Caused by: com.kms.katalon.core.webui.exception.WebElementNotFoundException: Web element with id: 'Object Repository/Modulo Tarea Administracion Compensacion/Generar Vacaciones/a_Aplicar' located by '//table[4]/tbody/tr/td/a' not found
	at com.kms.katalon.core.webui.common.WebUiCommonHelper.findWebElement(WebUiCommonHelper.java:1368)
	at com.kms.katalon.core.webui.keyword.internal.WebUIAbstractKeyword.findWebElement(WebUIAbstractKeyword.groovy:27)
	at com.kms.katalon.core.webui.keyword.builtin.ClickKeyword$_click_closure1.doCall(ClickKeyword.groovy:65)
	at com.kms.katalon.core.webui.keyword.builtin.ClickKeyword$_click_closure1.call(ClickKeyword.groovy)
	at com.kms.katalon.core.webui.keyword.internal.WebUIKeywordMain.runKeyword(WebUIKeywordMain.groovy:20)
	... 19 more


2021-11-22 08:53:39 - [TEST_STEP][PASSED] - callTestCase(findTestCase("1.1-Tareas Principales/1.1.6-crear vacaciones"), [:], STOP_ON_FAILURE): Call Test Case 'Test Cases/1.1-Tareas Principales/1.1.6-crear vacaciones' successfully

2021-11-22 08:53:39 - [TEST_CASE][PASSED] - Test Cases/1.1-Tareas Principales/1.1.6-crear vacaciones: Test Cases/1.1-Tareas Principales/1.1.6-crear vacaciones

2021-11-22 08:53:39 - [TEST_STEP][PASSED] - callTestCase(findTestCase("Hutilidades/Tareas Administracion Compensacion/Tarea Listado Empleados"), [:], STOP_ON_FAILURE): Call Test Case 'Test Cases/Hutilidades/Tareas Administracion Compensacion/Tarea Listado Empleados' successfully

2021-11-22 08:53:39 - [TEST_CASE][PASSED] - Test Cases/Hutilidades/Tareas Administracion Compensacion/Tarea Listado Empleados: Test Cases/Hutilidades/Tareas Administracion Compensacion/Tarea Listado Empleados

2021-11-22 08:53:39 - [TEST_STEP][PASSED] - callTestCase(findTestCase("0.1-Login"), [:], STOP_ON_FAILURE): Call Test Case 'Test Cases/0.1-Login' successfully

2021-11-22 08:53:39 - [TEST_CASE][PASSED] - Test Cases/0.1-Login: Test Cases/0.1-Login

2021-11-22 08:53:39 - [TEST_STEP][PASSED] - openBrowser(""): Browser is opened with url: ''

2021-11-22 08:53:39 - [MESSAGE][WARNING] - A browser is already opened. Closing browser and opening a new one

2021-11-22 08:53:40 - [MESSAGE][INFO] - Starting 'Edge Chromium' driver

2021-11-22 08:53:42 - [MESSAGE][INFO] - Action delay is set to 0 milliseconds

2021-11-22 08:53:43 - [MESSAGE][PASSED] - Browser is opened with url: ''

2021-11-22 08:53:43 - [TEST_STEP][PASSED] - maximizeWindow(): Current window maximized

2021-11-22 08:53:43 - [MESSAGE][PASSED] - Current window maximized

2021-11-22 08:53:43 - [TEST_STEP][PASSED] - i = G_Login: null

2021-11-22 08:53:43 - [TEST_STEP][PASSED] - url = new java.net.URL(i): null

2021-11-22 08:53:43 - [TEST_STEP][PASSED] - println("URL: " + url.toString()): null

2021-11-22 08:53:43 - [TEST_STEP][PASSED] - connection = url.openConnection(): null

2021-11-22 08:53:43 - [TEST_STEP][PASSED] - connection.setRequestMethod("GET"): null

2021-11-22 08:53:43 - [TEST_STEP][PASSED] - connection.setReadTimeout(2 * 1000): null

2021-11-22 08:53:43 - [TEST_STEP][PASSED] - try: null

2021-11-22 08:53:43 - [TEST_STEP][PASSED] - connection.connect(): null

2021-11-22 08:53:43 - [TEST_STEP][PASSED] - flag = connected: null

2021-11-22 08:53:43 - [TEST_STEP][PASSED] - println("Valor_ori: " + flag): null

2021-11-22 08:53:43 - [TEST_STEP][PASSED] - if (flag): null

2021-11-22 08:53:43 - [TEST_STEP][PASSED] - navigateToUrl(i): Navigate to 'http://localhost:8380/saraweb/' successfully

2021-11-22 08:53:45 - [MESSAGE][PASSED] - Navigate to 'http://localhost:8380/saraweb/' successfully

2021-11-22 08:53:45 - [TEST_STEP][PASSED] - a(): null

2021-11-22 08:53:45 - [TEST_STEP][PASSED] - setText(findTestObject("Login/input_USUARIO_loginusuario"), G_Usuario): Text 'saraadmin' is set on object 'Object Repository/Login/input_USUARIO_loginusuario'

2021-11-22 08:53:45 - [MESSAGE][PASSED] - Text 'saraadmin' is set on object 'Object Repository/Login/input_USUARIO_loginusuario'

2021-11-22 08:53:45 - [TEST_STEP][PASSED] - setEncryptedText(findTestObject("Login/input_CLAVE_loginpassword"), "MkG4/TYiCFC3cb2driP7+Q=="): Text ****** has been set on object 'Object Repository/Login/input_CLAVE_loginpassword'

2021-11-22 08:53:46 - [MESSAGE][PASSED] - Text ****** has been set on object 'Object Repository/Login/input_CLAVE_loginpassword'

2021-11-22 08:53:46 - [TEST_STEP][PASSED] - waitForElementClickable(findTestObject("Login/a_Ingresar"), G_TimeOut): Object 'Object Repository/Login/a_Ingresar' is clickable

2021-11-22 08:53:46 - [MESSAGE][PASSED] - Object 'Object Repository/Login/a_Ingresar' is clickable

2021-11-22 08:53:46 - [TEST_STEP][PASSED] - click(findTestObject("Login/a_Ingresar")): Object: 'Object Repository/Login/a_Ingresar' is clicked on

2021-11-22 08:53:49 - [MESSAGE][PASSED] - Object: 'Object Repository/Login/a_Ingresar' is clicked on

2021-11-22 08:53:49 - [TEST_STEP][PASSED] - element = findWebElement(findTestObject("Login/a_Ir"), 30): null

2021-11-22 08:53:50 - [TEST_STEP][PASSED] - executeJavaScript("arguments[0].click()", Arrays.asList(element)): Execute JavaScript 'arguments[0].click()' successfully

2021-11-22 08:53:50 - [MESSAGE][PASSED] - Execute JavaScript 'arguments[0].click()' successfully

2021-11-22 08:53:50 - [MESSAGE][PASSED] - Call Test Case 'Test Cases/0.1-Login' successfully

2021-11-22 08:53:50 - [TEST_STEP][PASSED] - setText(findTestObject("Modulo Tarea Listado Hojas de Vida/Tareas Listado Hojas de Vida/input_Listado Hojas De Vida_form_templatej_idt24_input"), "Listado de Empleados"): Text 'Listado de Empleados' is set on object 'Object Repository/Modulo Tarea Listado Hojas de Vida/Tareas Listado Hojas de Vida/input_Listado Hojas De Vida_form_templatej_idt24_input'

2021-11-22 08:53:51 - [MESSAGE][PASSED] - Text 'Listado de Empleados' is set on object 'Object Repository/Modulo Tarea Listado Hojas de Vida/Tareas Listado Hojas de Vida/input_Listado Hojas De Vida_form_templatej_idt24_input'

2021-11-22 08:53:51 - [TEST_STEP][PASSED] - delay(3): Delayed 3 second(s)

2021-11-22 08:53:54 - [MESSAGE][PASSED] - Delayed 3 second(s)

2021-11-22 08:53:54 - [TEST_STEP][PASSED] - sendKeys(findTestObject("Modulo Tarea Listado Hojas de Vida/Tareas Listado Hojas de Vida/input_Listado Hojas De Vida_form_templatej_idt24_input"), Keys.chord(ENTER)): Keys 'ENTER + ' sent to object: 'Object Repository/Modulo Tarea Listado Hojas de Vida/Tareas Listado Hojas de Vida/input_Listado Hojas De Vida_form_templatej_idt24_input'

2021-11-22 08:53:54 - [MESSAGE][PASSED] - Keys 'ENTER + ' sent to object: 'Object Repository/Modulo Tarea Listado Hojas de Vida/Tareas Listado Hojas de Vida/input_Listado Hojas De Vida_form_templatej_idt24_input'

2021-11-22 08:53:54 - [MESSAGE][PASSED] - Call Test Case 'Test Cases/Hutilidades/Tareas Administracion Compensacion/Tarea Listado Empleados' successfully

2021-11-22 08:53:54 - [TEST_STEP][PASSED] - setText(findTestObject("Modulo Tarea Administracion Compensacion/Dias con Permisos Pasivos Permitidos/input_Identificacin_listadoEmpleadoIdentificacionEmpleado"), "1234567890"): Text '1234567890' is set on object 'Object Repository/Modulo Tarea Administracion Compensacion/Dias con Permisos Pasivos Permitidos/input_Identificacin_listadoEmpleadoIdentificacionEmpleado'

2021-11-22 08:53:57 - [MESSAGE][PASSED] - Text '1234567890' is set on object 'Object Repository/Modulo Tarea Administracion Compensacion/Dias con Permisos Pasivos Permitidos/input_Identificacin_listadoEmpleadoIdentificacionEmpleado'

2021-11-22 08:53:57 - [TEST_STEP][PASSED] - sendKeys(findTestObject("Modulo Tarea Administracion Compensacion/Dias con Permisos Pasivos Permitidos/input_Identificacin_listadoEmpleadoIdentificacionEmpleado"), Keys.chord(ENTER)): Keys 'ENTER + ' sent to object: 'Object Repository/Modulo Tarea Administracion Compensacion/Dias con Permisos Pasivos Permitidos/input_Identificacin_listadoEmpleadoIdentificacionEmpleado'

2021-11-22 08:53:57 - [MESSAGE][PASSED] - Keys 'ENTER + ' sent to object: 'Object Repository/Modulo Tarea Administracion Compensacion/Dias con Permisos Pasivos Permitidos/input_Identificacin_listadoEmpleadoIdentificacionEmpleado'

2021-11-22 08:53:57 - [TEST_STEP][PASSED] - waitForElementClickable(findTestObject("Modulo Tarea Administracion Compensacion/Dias con Permisos Pasivos Permitidos/span_Consta Belfegord Jhon"), G_TimeOut): Object 'Object Repository/Modulo Tarea Administracion Compensacion/Dias con Permisos Pasivos Permitidos/span_Consta Belfegord Jhon' is clickable

2021-11-22 08:53:58 - [MESSAGE][PASSED] - Object 'Object Repository/Modulo Tarea Administracion Compensacion/Dias con Permisos Pasivos Permitidos/span_Consta Belfegord Jhon' is clickable

2021-11-22 08:53:58 - [TEST_STEP][PASSED] - click(findTestObject("Modulo Tarea Administracion Compensacion/Dias con Permisos Pasivos Permitidos/span_Consta Belfegord Jhon")): Object: 'Object Repository/Modulo Tarea Administracion Compensacion/Dias con Permisos Pasivos Permitidos/span_Consta Belfegord Jhon' is clicked on

2021-11-22 08:53:59 - [MESSAGE][PASSED] - Object: 'Object Repository/Modulo Tarea Administracion Compensacion/Dias con Permisos Pasivos Permitidos/span_Consta Belfegord Jhon' is clicked on

2021-11-22 08:53:59 - [TEST_STEP][PASSED] - waitForElementClickable(findTestObject("Modulo Tarea Administracion Compensacion/Dias con Permisos Pasivos Permitidos/a_Vacacin"), G_TimeOut): Object 'Object Repository/Modulo Tarea Administracion Compensacion/Dias con Permisos Pasivos Permitidos/a_Vacacin' is clickable

2021-11-22 08:53:59 - [MESSAGE][PASSED] - Object 'Object Repository/Modulo Tarea Administracion Compensacion/Dias con Permisos Pasivos Permitidos/a_Vacacin' is clickable

2021-11-22 08:53:59 - [TEST_STEP][PASSED] - click(findTestObject("Modulo Tarea Administracion Compensacion/Dias con Permisos Pasivos Permitidos/a_Vacacin")): Object: 'Object Repository/Modulo Tarea Administracion Compensacion/Dias con Permisos Pasivos Permitidos/a_Vacacin' is clicked on

2021-11-22 08:54:00 - [MESSAGE][PASSED] - Object: 'Object Repository/Modulo Tarea Administracion Compensacion/Dias con Permisos Pasivos Permitidos/a_Vacacin' is clicked on

2021-11-22 08:54:00 - [TEST_STEP][PASSED] - if (waitForElementClickable(findTestObject("Modulo Tarea Administracion Compensacion/Dias con Permisos Pasivos Permitidos/span_Programacion De Vacaciones"), G_TimeOut)): null

2021-11-22 08:54:01 - [MESSAGE][PASSED] - Object 'Object Repository/Modulo Tarea Administracion Compensacion/Dias con Permisos Pasivos Permitidos/span_Programacion De Vacaciones' is clickable

2021-11-22 08:54:01 - [TEST_STEP][PASSED] - click(findTestObject("Modulo Tarea Administracion Compensacion/Dias con Permisos Pasivos Permitidos/span_Programacion De Vacaciones")): Object: 'Object Repository/Modulo Tarea Administracion Compensacion/Dias con Permisos Pasivos Permitidos/span_Programacion De Vacaciones' is clicked on

2021-11-22 08:54:01 - [MESSAGE][PASSED] - Object: 'Object Repository/Modulo Tarea Administracion Compensacion/Dias con Permisos Pasivos Permitidos/span_Programacion De Vacaciones' is clicked on

2021-11-22 08:54:01 - [TEST_STEP][PASSED] - waitForElementClickable(findTestObject("Modulo Tarea Administracion Compensacion/Dias con Permisos Pasivos Permitidos/a_Eliminar"), G_TimeOut): Object 'Object Repository/Modulo Tarea Administracion Compensacion/Dias con Permisos Pasivos Permitidos/a_Eliminar' is clickable

2021-11-22 08:54:03 - [MESSAGE][PASSED] - Object 'Object Repository/Modulo Tarea Administracion Compensacion/Dias con Permisos Pasivos Permitidos/a_Eliminar' is clickable

2021-11-22 08:54:03 - [TEST_STEP][PASSED] - click(findTestObject("Modulo Tarea Administracion Compensacion/Dias con Permisos Pasivos Permitidos/a_Eliminar")): Object: 'Object Repository/Modulo Tarea Administracion Compensacion/Dias con Permisos Pasivos Permitidos/a_Eliminar' is clicked on

2021-11-22 08:54:04 - [MESSAGE][PASSED] - Object: 'Object Repository/Modulo Tarea Administracion Compensacion/Dias con Permisos Pasivos Permitidos/a_Eliminar' is clicked on

2021-11-22 08:54:04 - [TEST_STEP][PASSED] - waitForElementClickable(findTestObject("Modulo Tarea Administracion Compensacion/Dias con Permisos Pasivos Permitidos/a_Aceptar"), G_TimeOut): Object 'Object Repository/Modulo Tarea Administracion Compensacion/Dias con Permisos Pasivos Permitidos/a_Aceptar' is clickable

2021-11-22 08:54:04 - [MESSAGE][PASSED] - Object 'Object Repository/Modulo Tarea Administracion Compensacion/Dias con Permisos Pasivos Permitidos/a_Aceptar' is clickable

2021-11-22 08:54:04 - [TEST_STEP][PASSED] - click(findTestObject("Modulo Tarea Administracion Compensacion/Dias con Permisos Pasivos Permitidos/a_Aceptar")): Object: 'Object Repository/Modulo Tarea Administracion Compensacion/Dias con Permisos Pasivos Permitidos/a_Aceptar' is clicked on

2021-11-22 08:54:06 - [MESSAGE][PASSED] - Object: 'Object Repository/Modulo Tarea Administracion Compensacion/Dias con Permisos Pasivos Permitidos/a_Aceptar' is clicked on

2021-11-22 08:54:06 - [TEST_STEP][PASSED] - click(findTestObject("Modulo Tarea Administracion Compensacion/Dias con Permisos Pasivos Permitidos/a_Histrico")): Object: 'Object Repository/Modulo Tarea Administracion Compensacion/Dias con Permisos Pasivos Permitidos/a_Histrico' is clicked on

2021-11-22 08:54:06 - [MESSAGE][PASSED] - Object: 'Object Repository/Modulo Tarea Administracion Compensacion/Dias con Permisos Pasivos Permitidos/a_Histrico' is clicked on

2021-11-22 08:54:06 - [TEST_STEP][PASSED] - if (waitForElementClickable(findTestObject("Modulo Tarea Administracion Compensacion/Dias con Permisos Pasivos Permitidos/span_Programacion De Vacaciones"), 1)): Web element with id: 'Object Repository/Modulo Tarea Administracion Compensacion/Dias con Permisos Pasivos Permitidos/span_Programacion De Vacaciones' located by '//*/text()[normalize-space(.)='Programacion De Vacaciones']/parent::*' not found

2021-11-22 08:54:09 - [MESSAGE][INFO] - Unable to find the element located by 'By.xpath: //*/text()[normalize-space(.)='Programacion De Vacaciones']/parent::*'. Please recheck the objects properties to make sure the desired element is located. 

2021-11-22 08:54:09 - [MESSAGE][WARNING] - Web element with id: 'Object Repository/Modulo Tarea Administracion Compensacion/Dias con Permisos Pasivos Permitidos/span_Programacion De Vacaciones' located by '//*/text()[normalize-space(.)='Programacion De Vacaciones']/parent::*' not found

2021-11-22 08:54:09 - [TEST_STEP][PASSED] - click(findTestObject("Modulo Tarea Administracion Compensacion/Dias con Permisos Pasivos Permitidos/a_Vacaciones")): Object: 'Object Repository/Modulo Tarea Administracion Compensacion/Dias con Permisos Pasivos Permitidos/a_Vacaciones' is clicked on

2021-11-22 08:54:09 - [MESSAGE][PASSED] - Object: 'Object Repository/Modulo Tarea Administracion Compensacion/Dias con Permisos Pasivos Permitidos/a_Vacaciones' is clicked on

2021-11-22 08:54:09 - [TEST_STEP][PASSED] - waitForElementClickable(findTestObject("Modulo Tarea Administracion Compensacion/Dias con Permisos Pasivos Permitidos/a_Nuevo Pasivo"), G_TimeOut): Object 'Object Repository/Modulo Tarea Administracion Compensacion/Dias con Permisos Pasivos Permitidos/a_Nuevo Pasivo' is clickable

2021-11-22 08:54:10 - [MESSAGE][PASSED] - Object 'Object Repository/Modulo Tarea Administracion Compensacion/Dias con Permisos Pasivos Permitidos/a_Nuevo Pasivo' is clickable

2021-11-22 08:54:10 - [TEST_STEP][PASSED] - click(findTestObject("Modulo Tarea Administracion Compensacion/Dias con Permisos Pasivos Permitidos/a_Nuevo Pasivo")): Object: 'Object Repository/Modulo Tarea Administracion Compensacion/Dias con Permisos Pasivos Permitidos/a_Nuevo Pasivo' is clicked on

2021-11-22 08:54:11 - [MESSAGE][PASSED] - Object: 'Object Repository/Modulo Tarea Administracion Compensacion/Dias con Permisos Pasivos Permitidos/a_Nuevo Pasivo' is clicked on

2021-11-22 08:54:11 - [TEST_STEP][PASSED] - click(findTestObject("Modulo Tarea Administracion Compensacion/Dias con Permisos Pasivos Permitidos/a_pestaa Vacaciones")): Object: 'Object Repository/Modulo Tarea Administracion Compensacion/Dias con Permisos Pasivos Permitidos/a_pestaa Vacaciones' is clicked on

2021-11-22 08:54:11 - [MESSAGE][PASSED] - Object: 'Object Repository/Modulo Tarea Administracion Compensacion/Dias con Permisos Pasivos Permitidos/a_pestaa Vacaciones' is clicked on

2021-11-22 08:54:11 - [TEST_STEP][PASSED] - selectOptionByIndex(findTestObject("Modulo Tarea Administracion Compensacion/Dias con Permisos Pasivos Permitidos/select_APLAZAMIENTOPROGRAMACION DE VACACIONES"), "2"): All options with index in [2] are selected on object 'Object Repository/Modulo Tarea Administracion Compensacion/Dias con Permisos Pasivos Permitidos/select_APLAZAMIENTOPROGRAMACION DE VACACIONES'

2021-11-22 08:54:12 - [MESSAGE][PASSED] - All options with index in [2] are selected on object 'Object Repository/Modulo Tarea Administracion Compensacion/Dias con Permisos Pasivos Permitidos/select_APLAZAMIENTOPROGRAMACION DE VACACIONES'

2021-11-22 08:54:12 - [TEST_STEP][PASSED] - selectOptionByIndex(findTestObject("Modulo Tarea Administracion Compensacion/Dias con Permisos Pasivos Permitidos/select_InterrupcinNo Aplica"), "1"): All options with index in [1] are selected on object 'Object Repository/Modulo Tarea Administracion Compensacion/Dias con Permisos Pasivos Permitidos/select_InterrupcinNo Aplica'

2021-11-22 08:54:13 - [MESSAGE][PASSED] - All options with index in [1] are selected on object 'Object Repository/Modulo Tarea Administracion Compensacion/Dias con Permisos Pasivos Permitidos/select_InterrupcinNo Aplica'

2021-11-22 08:54:13 - [TEST_STEP][PASSED] - setText(findTestObject("Modulo Tarea Administracion Compensacion/Dias con Permisos Pasivos Permitidos/input_Periodo Servicio_form_"), "01/06/2021"): Text '01/06/2021' is set on object 'Object Repository/Modulo Tarea Administracion Compensacion/Dias con Permisos Pasivos Permitidos/input_Periodo Servicio_form_'

2021-11-22 08:54:14 - [MESSAGE][PASSED] - Text '01/06/2021' is set on object 'Object Repository/Modulo Tarea Administracion Compensacion/Dias con Permisos Pasivos Permitidos/input_Periodo Servicio_form_'

2021-11-22 08:54:14 - [TEST_STEP][PASSED] - click(findTestObject("Modulo Tarea Administracion Compensacion/Dias con Permisos Pasivos Permitidos/span_Periodo Servicio"), STOP_ON_FAILURE): Object: 'Object Repository/Modulo Tarea Administracion Compensacion/Dias con Permisos Pasivos Permitidos/span_Periodo Servicio' is clicked on

2021-11-22 08:54:15 - [MESSAGE][PASSED] - Object: 'Object Repository/Modulo Tarea Administracion Compensacion/Dias con Permisos Pasivos Permitidos/span_Periodo Servicio' is clicked on

2021-11-22 08:54:15 - [TEST_STEP][PASSED] - setText(findTestObject("Modulo Tarea Administracion Compensacion/Dias con Permisos Pasivos Permitidos/input_Periodo Servicio_form_vacaciones"), "06/06/2021"): Text '06/06/2021' is set on object 'Object Repository/Modulo Tarea Administracion Compensacion/Dias con Permisos Pasivos Permitidos/input_Periodo Servicio_form_vacaciones'

2021-11-22 08:54:16 - [MESSAGE][PASSED] - Text '06/06/2021' is set on object 'Object Repository/Modulo Tarea Administracion Compensacion/Dias con Permisos Pasivos Permitidos/input_Periodo Servicio_form_vacaciones'

2021-11-22 08:54:16 - [TEST_STEP][PASSED] - sendKeys(findTestObject("Modulo Tarea Administracion Compensacion/Dias con Permisos Pasivos Permitidos/input_Periodo Servicio_form_vacaciones"), Keys.chord(ENTER)): Keys 'ENTER + ' sent to object: 'Object Repository/Modulo Tarea Administracion Compensacion/Dias con Permisos Pasivos Permitidos/input_Periodo Servicio_form_vacaciones'

2021-11-22 08:54:16 - [MESSAGE][PASSED] - Keys 'ENTER + ' sent to object: 'Object Repository/Modulo Tarea Administracion Compensacion/Dias con Permisos Pasivos Permitidos/input_Periodo Servicio_form_vacaciones'

2021-11-22 08:54:16 - [TEST_STEP][PASSED] - setText(findTestObject("Modulo Tarea Administracion Compensacion/Dias con Permisos Pasivos Permitidos/input_Das_form_vacacionesEmpleadotabs"), "5"): Text '5' is set on object 'Object Repository/Modulo Tarea Administracion Compensacion/Dias con Permisos Pasivos Permitidos/input_Das_form_vacacionesEmpleadotabs'

2021-11-22 08:54:17 - [MESSAGE][PASSED] - Text '5' is set on object 'Object Repository/Modulo Tarea Administracion Compensacion/Dias con Permisos Pasivos Permitidos/input_Das_form_vacacionesEmpleadotabs'

2021-11-22 08:54:17 - [TEST_STEP][PASSED] - setText(findTestObject("Modulo Tarea Administracion Compensacion/Dias con Permisos Pasivos Permitidos/input_Fecha Origen_form_vacaciones"), "01/06/2021"): Text '01/06/2021' is set on object 'Object Repository/Modulo Tarea Administracion Compensacion/Dias con Permisos Pasivos Permitidos/input_Fecha Origen_form_vacaciones'

2021-11-22 08:54:18 - [MESSAGE][PASSED] - Text '01/06/2021' is set on object 'Object Repository/Modulo Tarea Administracion Compensacion/Dias con Permisos Pasivos Permitidos/input_Fecha Origen_form_vacaciones'

2021-11-22 08:54:18 - [TEST_STEP][PASSED] - sendKeys(findTestObject("Modulo Tarea Administracion Compensacion/Dias con Permisos Pasivos Permitidos/input_Fecha Origen_form_vacaciones"), Keys.chord(ENTER)): Keys 'ENTER + ' sent to object: 'Object Repository/Modulo Tarea Administracion Compensacion/Dias con Permisos Pasivos Permitidos/input_Fecha Origen_form_vacaciones'

2021-11-22 08:54:19 - [MESSAGE][PASSED] - Keys 'ENTER + ' sent to object: 'Object Repository/Modulo Tarea Administracion Compensacion/Dias con Permisos Pasivos Permitidos/input_Fecha Origen_form_vacaciones'

2021-11-22 08:54:19 - [TEST_STEP][PASSED] - waitForElementClickable(findTestObject("Modulo Tarea Administracion Compensacion/Dias con Permisos Pasivos Permitidos/a_Guardar"), G_TimeOut): Object 'Object Repository/Modulo Tarea Administracion Compensacion/Dias con Permisos Pasivos Permitidos/a_Guardar' is clickable

2021-11-22 08:54:19 - [MESSAGE][PASSED] - Object 'Object Repository/Modulo Tarea Administracion Compensacion/Dias con Permisos Pasivos Permitidos/a_Guardar' is clickable

2021-11-22 08:54:19 - [TEST_STEP][PASSED] - click(findTestObject("Modulo Tarea Administracion Compensacion/Dias con Permisos Pasivos Permitidos/a_Guardar")): Object: 'Object Repository/Modulo Tarea Administracion Compensacion/Dias con Permisos Pasivos Permitidos/a_Guardar' is clicked on

2021-11-22 08:54:19 - [MESSAGE][PASSED] - Object: 'Object Repository/Modulo Tarea Administracion Compensacion/Dias con Permisos Pasivos Permitidos/a_Guardar' is clicked on

2021-11-22 08:54:19 - [TEST_STEP][PASSED] - waitForElementClickable(findTestObject("Modulo Tarea Administracion Compensacion/Dias con Permisos Pasivos Permitidos/a_Regresar"), G_TimeOut): Object 'Object Repository/Modulo Tarea Administracion Compensacion/Dias con Permisos Pasivos Permitidos/a_Regresar' is clickable

2021-11-22 08:54:20 - [MESSAGE][PASSED] - Object 'Object Repository/Modulo Tarea Administracion Compensacion/Dias con Permisos Pasivos Permitidos/a_Regresar' is clickable

2021-11-22 08:54:20 - [TEST_STEP][PASSED] - click(findTestObject("Modulo Tarea Administracion Compensacion/Dias con Permisos Pasivos Permitidos/a_Regresar")): Object: 'Object Repository/Modulo Tarea Administracion Compensacion/Dias con Permisos Pasivos Permitidos/a_Regresar' is clicked on

2021-11-22 08:54:20 - [MESSAGE][PASSED] - Object: 'Object Repository/Modulo Tarea Administracion Compensacion/Dias con Permisos Pasivos Permitidos/a_Regresar' is clicked on

2021-11-22 08:54:20 - [TEST_STEP][PASSED] - delay(3): Delayed 3 second(s)

2021-11-22 08:54:23 - [MESSAGE][PASSED] - Delayed 3 second(s)

2021-11-22 08:54:24 - [TEST_STEP][PASSED] - if (waitForElementClickable(findTestObject("Modulo Tarea Administracion Compensacion/Dias con Permisos Pasivos Permitidos/td_02062021"), 1)): null

2021-11-22 08:54:24 - [MESSAGE][PASSED] - Object 'Object Repository/Modulo Tarea Administracion Compensacion/Dias con Permisos Pasivos Permitidos/td_02062021' is clickable

2021-11-22 08:54:24 - [TEST_STEP][PASSED] - click(findTestObject("Modulo Tarea Administracion Compensacion/Dias con Permisos Pasivos Permitidos/td_02062021")): Object: 'Object Repository/Modulo Tarea Administracion Compensacion/Dias con Permisos Pasivos Permitidos/td_02062021' is clicked on

2021-11-22 08:54:24 - [MESSAGE][PASSED] - Object: 'Object Repository/Modulo Tarea Administracion Compensacion/Dias con Permisos Pasivos Permitidos/td_02062021' is clicked on

2021-11-22 08:54:24 - [TEST_STEP][PASSED] - waitForElementClickable(findTestObject("Modulo Tarea Administracion Compensacion/Dias con Permisos Pasivos Permitidos/a_Eliminar Directo_Solicitud"), 0): Object 'Object Repository/Modulo Tarea Administracion Compensacion/Dias con Permisos Pasivos Permitidos/a_Eliminar Directo_Solicitud' is clickable

2021-11-22 08:54:24 - [MESSAGE][WARNING] - Timeout '0' is invalid. Using default page load timeout: '30'

2021-11-22 08:54:25 - [MESSAGE][PASSED] - Object 'Object Repository/Modulo Tarea Administracion Compensacion/Dias con Permisos Pasivos Permitidos/a_Eliminar Directo_Solicitud' is clickable

2021-11-22 08:54:25 - [TEST_STEP][PASSED] - click(findTestObject("Modulo Tarea Administracion Compensacion/Dias con Permisos Pasivos Permitidos/a_Eliminar Directo_Solicitud")): Object: 'Object Repository/Modulo Tarea Administracion Compensacion/Dias con Permisos Pasivos Permitidos/a_Eliminar Directo_Solicitud' is clicked on

2021-11-22 08:54:25 - [MESSAGE][PASSED] - Object: 'Object Repository/Modulo Tarea Administracion Compensacion/Dias con Permisos Pasivos Permitidos/a_Eliminar Directo_Solicitud' is clicked on

2021-11-22 08:54:25 - [TEST_STEP][PASSED] - click(findTestObject("Modulo Tarea Administracion Compensacion/Dias con Permisos Pasivos Permitidos/a_Aceptar")): Object: 'Object Repository/Modulo Tarea Administracion Compensacion/Dias con Permisos Pasivos Permitidos/a_Aceptar' is clicked on

2021-11-22 08:54:28 - [MESSAGE][PASSED] - Object: 'Object Repository/Modulo Tarea Administracion Compensacion/Dias con Permisos Pasivos Permitidos/a_Aceptar' is clicked on

2021-11-22 08:54:28 - [TEST_STEP][PASSED] - waitForElementClickable(findTestObject("Modulo Tarea Administracion Compensacion/Dias con Permisos Pasivos Permitidos/a_Nueva Solicitud"), G_TimeOut): Object 'Object Repository/Modulo Tarea Administracion Compensacion/Dias con Permisos Pasivos Permitidos/a_Nueva Solicitud' is clickable

2021-11-22 08:54:28 - [MESSAGE][PASSED] - Object 'Object Repository/Modulo Tarea Administracion Compensacion/Dias con Permisos Pasivos Permitidos/a_Nueva Solicitud' is clickable

2021-11-22 08:54:28 - [TEST_STEP][PASSED] - click(findTestObject("Modulo Tarea Administracion Compensacion/Dias con Permisos Pasivos Permitidos/a_Nueva Solicitud")): Object: 'Object Repository/Modulo Tarea Administracion Compensacion/Dias con Permisos Pasivos Permitidos/a_Nueva Solicitud' is clicked on

2021-11-22 08:54:29 - [MESSAGE][PASSED] - Object: 'Object Repository/Modulo Tarea Administracion Compensacion/Dias con Permisos Pasivos Permitidos/a_Nueva Solicitud' is clicked on

2021-11-22 08:54:29 - [TEST_STEP][PASSED] - setText(findTestObject("Modulo Tarea Administracion Compensacion/Dias con Permisos Pasivos Permitidos/input_Salida Nomina_form_vacaciones"), "01/06/2021"): Text '01/06/2021' is set on object 'Object Repository/Modulo Tarea Administracion Compensacion/Dias con Permisos Pasivos Permitidos/input_Salida Nomina_form_vacaciones'

2021-11-22 08:54:30 - [MESSAGE][PASSED] - Text '01/06/2021' is set on object 'Object Repository/Modulo Tarea Administracion Compensacion/Dias con Permisos Pasivos Permitidos/input_Salida Nomina_form_vacaciones'

2021-11-22 08:54:30 - [TEST_STEP][PASSED] - sendKeys(findTestObject("Modulo Tarea Administracion Compensacion/Dias con Permisos Pasivos Permitidos/input_Salida Nomina_form_vacaciones"), Keys.chord(ENTER)): Keys 'ENTER + ' sent to object: 'Object Repository/Modulo Tarea Administracion Compensacion/Dias con Permisos Pasivos Permitidos/input_Salida Nomina_form_vacaciones'

2021-11-22 08:54:31 - [MESSAGE][PASSED] - Keys 'ENTER + ' sent to object: 'Object Repository/Modulo Tarea Administracion Compensacion/Dias con Permisos Pasivos Permitidos/input_Salida Nomina_form_vacaciones'

2021-11-22 08:54:31 - [TEST_STEP][PASSED] - selectOptionByIndex(findTestObject("Modulo Tarea Administracion Compensacion/Dias con Permisos Pasivos Permitidos/select_SeleccioneChequeEntidad_"), "3"): All options with index in [3] are selected on object 'Object Repository/Modulo Tarea Administracion Compensacion/Dias con Permisos Pasivos Permitidos/select_SeleccioneChequeEntidad_'

2021-11-22 08:54:32 - [MESSAGE][PASSED] - All options with index in [3] are selected on object 'Object Repository/Modulo Tarea Administracion Compensacion/Dias con Permisos Pasivos Permitidos/select_SeleccioneChequeEntidad_'

2021-11-22 08:54:32 - [TEST_STEP][PASSED] - setText(findTestObject("Modulo Tarea Administracion Compensacion/Dias con Permisos Pasivos Permitidos/input_Pago_form_vacacionesEmpleado"), "01/06/2021"): Text '01/06/2021' is set on object 'Object Repository/Modulo Tarea Administracion Compensacion/Dias con Permisos Pasivos Permitidos/input_Pago_form_vacacionesEmpleado'

2021-11-22 08:54:33 - [MESSAGE][PASSED] - Text '01/06/2021' is set on object 'Object Repository/Modulo Tarea Administracion Compensacion/Dias con Permisos Pasivos Permitidos/input_Pago_form_vacacionesEmpleado'

2021-11-22 08:54:33 - [TEST_STEP][PASSED] - sendKeys(findTestObject("Modulo Tarea Administracion Compensacion/Dias con Permisos Pasivos Permitidos/input_Pago_form_vacacionesEmpleado"), Keys.chord(ENTER)): Keys 'ENTER + ' sent to object: 'Object Repository/Modulo Tarea Administracion Compensacion/Dias con Permisos Pasivos Permitidos/input_Pago_form_vacacionesEmpleado'

2021-11-22 08:54:33 - [MESSAGE][PASSED] - Keys 'ENTER + ' sent to object: 'Object Repository/Modulo Tarea Administracion Compensacion/Dias con Permisos Pasivos Permitidos/input_Pago_form_vacacionesEmpleado'

2021-11-22 08:54:33 - [TEST_STEP][PASSED] - setText(findTestObject("Modulo Tarea Administracion Compensacion/Dias con Permisos Pasivos Permitidos/input_Disfrute_form_vacacionesEmpleado"), "1"): Text '1' is set on object 'Object Repository/Modulo Tarea Administracion Compensacion/Dias con Permisos Pasivos Permitidos/input_Disfrute_form_vacacionesEmpleado'

2021-11-22 08:54:34 - [MESSAGE][PASSED] - Text '1' is set on object 'Object Repository/Modulo Tarea Administracion Compensacion/Dias con Permisos Pasivos Permitidos/input_Disfrute_form_vacacionesEmpleado'

2021-11-22 08:54:34 - [TEST_STEP][PASSED] - setText(findTestObject("Modulo Tarea Administracion Compensacion/Dias con Permisos Pasivos Permitidos/input_Compensados_form_vacaciones"), "1"): Text '1' is set on object 'Object Repository/Modulo Tarea Administracion Compensacion/Dias con Permisos Pasivos Permitidos/input_Compensados_form_vacaciones'

2021-11-22 08:54:35 - [MESSAGE][PASSED] - Text '1' is set on object 'Object Repository/Modulo Tarea Administracion Compensacion/Dias con Permisos Pasivos Permitidos/input_Compensados_form_vacaciones'

2021-11-22 08:54:35 - [TEST_STEP][PASSED] - setText(findTestObject("Modulo Tarea Administracion Compensacion/Dias con Permisos Pasivos Permitidos/textarea_Observacin_form_vacaciones"), "Pruebas sara"): Text 'Pruebas sara' is set on object 'Object Repository/Modulo Tarea Administracion Compensacion/Dias con Permisos Pasivos Permitidos/textarea_Observacin_form_vacaciones'

2021-11-22 08:54:35 - [MESSAGE][PASSED] - Text 'Pruebas sara' is set on object 'Object Repository/Modulo Tarea Administracion Compensacion/Dias con Permisos Pasivos Permitidos/textarea_Observacin_form_vacaciones'

2021-11-22 08:54:35 - [TEST_STEP][PASSED] - waitForElementClickable(findTestObject("Modulo Tarea Administracion Compensacion/Dias con Permisos Pasivos Permitidos/a_Verificar"), G_TimeOut): Object 'Object Repository/Modulo Tarea Administracion Compensacion/Dias con Permisos Pasivos Permitidos/a_Verificar' is clickable

2021-11-22 08:54:36 - [MESSAGE][PASSED] - Object 'Object Repository/Modulo Tarea Administracion Compensacion/Dias con Permisos Pasivos Permitidos/a_Verificar' is clickable

2021-11-22 08:54:36 - [TEST_STEP][PASSED] - click(findTestObject("Modulo Tarea Administracion Compensacion/Dias con Permisos Pasivos Permitidos/a_Verificar")): Object: 'Object Repository/Modulo Tarea Administracion Compensacion/Dias con Permisos Pasivos Permitidos/a_Verificar' is clicked on

2021-11-22 08:54:36 - [MESSAGE][PASSED] - Object: 'Object Repository/Modulo Tarea Administracion Compensacion/Dias con Permisos Pasivos Permitidos/a_Verificar' is clicked on

2021-11-22 08:54:36 - [TEST_STEP][PASSED] - waitForElementClickable(findTestObject("Modulo Tarea Administracion Compensacion/Dias con Permisos Pasivos Permitidos/a_Guardar_solicitudes"), 0): Object 'Object Repository/Modulo Tarea Administracion Compensacion/Dias con Permisos Pasivos Permitidos/a_Guardar_solicitudes' is clickable

2021-11-22 08:54:36 - [MESSAGE][WARNING] - Timeout '0' is invalid. Using default page load timeout: '30'

2021-11-22 08:54:37 - [MESSAGE][PASSED] - Object 'Object Repository/Modulo Tarea Administracion Compensacion/Dias con Permisos Pasivos Permitidos/a_Guardar_solicitudes' is clickable

2021-11-22 08:54:37 - [TEST_STEP][PASSED] - click(findTestObject("Modulo Tarea Administracion Compensacion/Dias con Permisos Pasivos Permitidos/a_Guardar_solicitudes")): Object: 'Object Repository/Modulo Tarea Administracion Compensacion/Dias con Permisos Pasivos Permitidos/a_Guardar_solicitudes' is clicked on

2021-11-22 08:54:38 - [MESSAGE][PASSED] - Object: 'Object Repository/Modulo Tarea Administracion Compensacion/Dias con Permisos Pasivos Permitidos/a_Guardar_solicitudes' is clicked on

2021-11-22 08:54:38 - [TEST_STEP][PASSED] - getText(findTestObject("Alerta/Alerta")): Text of object 'Object Repository/Alerta/Alerta' is: 'Se modifico exitosamente su solicitud'

2021-11-22 08:54:38 - [MESSAGE][PASSED] - Text of object 'Object Repository/Alerta/Alerta' is: 'Se modifico exitosamente su solicitud'

2021-11-22 08:54:38 - [TEST_STEP][PASSED] - click(findTestObject("Modulo Tarea Administracion Compensacion/Dias con Permisos Pasivos Permitidos/a_Regresar_vacaciones")): Object: 'Object Repository/Modulo Tarea Administracion Compensacion/Dias con Permisos Pasivos Permitidos/a_Regresar_vacaciones' is clicked on

2021-11-22 08:54:39 - [MESSAGE][PASSED] - Object: 'Object Repository/Modulo Tarea Administracion Compensacion/Dias con Permisos Pasivos Permitidos/a_Regresar_vacaciones' is clicked on

2021-11-22 08:54:39 - [MESSAGE][PASSED] - Call Test Case 'Test Cases/1.1-Tareas Principales/1.1.6-crear vacaciones' successfully

2021-11-22 08:54:39 - [TEST_STEP][PASSED] - delay(2): Delayed 2 second(s)

2021-11-22 08:54:41 - [MESSAGE][PASSED] - Delayed 2 second(s)

2021-11-22 08:54:41 - [TEST_STEP][PASSED] - setText(findTestObject("Modulo Tarea Administracion Compensacion/Generar Vacaciones/input_Listado de Empleados_form_templatej_idt24_input"), "Generacion Vacaciones"): Text 'Generacion Vacaciones' is set on object 'Object Repository/Modulo Tarea Administracion Compensacion/Generar Vacaciones/input_Listado de Empleados_form_templatej_idt24_input'

2021-11-22 08:54:42 - [MESSAGE][PASSED] - Text 'Generacion Vacaciones' is set on object 'Object Repository/Modulo Tarea Administracion Compensacion/Generar Vacaciones/input_Listado de Empleados_form_templatej_idt24_input'

2021-11-22 08:54:42 - [TEST_STEP][PASSED] - delay(1): Delayed 1 second(s)

2021-11-22 08:54:43 - [MESSAGE][PASSED] - Delayed 1 second(s)

2021-11-22 08:54:43 - [TEST_STEP][PASSED] - waitForElementClickable(findTestObject("Modulo Tarea Administracion Compensacion/Generar Vacaciones/a_Generacin"), G_TimeOut): Object 'Object Repository/Modulo Tarea Administracion Compensacion/Generar Vacaciones/a_Generacin' is clickable

2021-11-22 08:54:44 - [MESSAGE][PASSED] - Object 'Object Repository/Modulo Tarea Administracion Compensacion/Generar Vacaciones/a_Generacin' is clickable

2021-11-22 08:54:44 - [TEST_STEP][PASSED] - sendKeys(findTestObject("Modulo Tarea Administracion Compensacion/Generar Vacaciones/input_Listado de Empleados_form_templatej_idt24_input"), Keys.chord(ENTER)): Keys 'ENTER + ' sent to object: 'Object Repository/Modulo Tarea Administracion Compensacion/Generar Vacaciones/input_Listado de Empleados_form_templatej_idt24_input'

2021-11-22 08:54:44 - [MESSAGE][PASSED] - Keys 'ENTER + ' sent to object: 'Object Repository/Modulo Tarea Administracion Compensacion/Generar Vacaciones/input_Listado de Empleados_form_templatej_idt24_input'

2021-11-22 08:54:44 - [TEST_STEP][PASSED] - click(findTestObject("Modulo Tarea Administracion Compensacion/Generar Vacaciones/a_Generacin")): Object: 'Object Repository/Modulo Tarea Administracion Compensacion/Generar Vacaciones/a_Generacin' is clicked on

2021-11-22 08:54:47 - [MESSAGE][PASSED] - Object: 'Object Repository/Modulo Tarea Administracion Compensacion/Generar Vacaciones/a_Generacin' is clicked on

2021-11-22 08:54:47 - [TEST_STEP][PASSED] - waitForElementClickable(findTestObject("Modulo Tarea Administracion Compensacion/Generar Vacaciones/select_--Seleccione--ChequeEntidad de PagoPeriodo de Nomina"), G_TimeOut): Object 'Object Repository/Modulo Tarea Administracion Compensacion/Generar Vacaciones/select_--Seleccione--ChequeEntidad de PagoPeriodo de Nomina' is clickable

2021-11-22 08:54:48 - [MESSAGE][PASSED] - Object 'Object Repository/Modulo Tarea Administracion Compensacion/Generar Vacaciones/select_--Seleccione--ChequeEntidad de PagoPeriodo de Nomina' is clickable

2021-11-22 08:54:48 - [TEST_STEP][PASSED] - click(findTestObject("Modulo Tarea Administracion Compensacion/Generar Vacaciones/select_--Seleccione--ChequeEntidad de PagoPeriodo de Nomina")): Object: 'Object Repository/Modulo Tarea Administracion Compensacion/Generar Vacaciones/select_--Seleccione--ChequeEntidad de PagoPeriodo de Nomina' is clicked on

2021-11-22 08:54:48 - [MESSAGE][PASSED] - Object: 'Object Repository/Modulo Tarea Administracion Compensacion/Generar Vacaciones/select_--Seleccione--ChequeEntidad de PagoPeriodo de Nomina' is clicked on

2021-11-22 08:54:48 - [TEST_STEP][PASSED] - selectOptionByIndex(findTestObject("Modulo Tarea Administracion Compensacion/Generar Vacaciones/select_--Seleccione--ChequeEntidad de PagoPeriodo de Nomina"), "3"): All options with index in [3] are selected on object 'Object Repository/Modulo Tarea Administracion Compensacion/Generar Vacaciones/select_--Seleccione--ChequeEntidad de PagoPeriodo de Nomina'

2021-11-22 08:54:49 - [MESSAGE][PASSED] - All options with index in [3] are selected on object 'Object Repository/Modulo Tarea Administracion Compensacion/Generar Vacaciones/select_--Seleccione--ChequeEntidad de PagoPeriodo de Nomina'

2021-11-22 08:54:49 - [TEST_STEP][PASSED] - waitForElementClickable(findTestObject("Modulo Tarea Administracion Compensacion/Generar Vacaciones/a_Periodo Nomina_btn_popupInformacion"), G_TimeOut): Object 'Object Repository/Modulo Tarea Administracion Compensacion/Generar Vacaciones/a_Periodo Nomina_btn_popupInformacion' is clickable

2021-11-22 08:54:50 - [MESSAGE][PASSED] - Object 'Object Repository/Modulo Tarea Administracion Compensacion/Generar Vacaciones/a_Periodo Nomina_btn_popupInformacion' is clickable

2021-11-22 08:54:50 - [TEST_STEP][PASSED] - click(findTestObject("Modulo Tarea Administracion Compensacion/Generar Vacaciones/a_Periodo Nomina_btn_popupInformacion")): Object: 'Object Repository/Modulo Tarea Administracion Compensacion/Generar Vacaciones/a_Periodo Nomina_btn_popupInformacion' is clicked on

2021-11-22 08:54:50 - [MESSAGE][PASSED] - Object: 'Object Repository/Modulo Tarea Administracion Compensacion/Generar Vacaciones/a_Periodo Nomina_btn_popupInformacion' is clicked on

2021-11-22 08:54:50 - [TEST_STEP][PASSED] - waitForElementClickable(findTestObject("Modulo Tarea Administracion Compensacion/Generar Vacaciones/span_P MensualJunio2021"), G_TimeOut): Object 'Object Repository/Modulo Tarea Administracion Compensacion/Generar Vacaciones/span_P MensualJunio2021' is clickable

2021-11-22 08:54:51 - [MESSAGE][PASSED] - Object 'Object Repository/Modulo Tarea Administracion Compensacion/Generar Vacaciones/span_P MensualJunio2021' is clickable

2021-11-22 08:54:51 - [TEST_STEP][PASSED] - click(findTestObject("Modulo Tarea Administracion Compensacion/Generar Vacaciones/span_P MensualJunio2021")): Object: 'Object Repository/Modulo Tarea Administracion Compensacion/Generar Vacaciones/span_P MensualJunio2021' is clicked on

2021-11-22 08:54:51 - [MESSAGE][PASSED] - Object: 'Object Repository/Modulo Tarea Administracion Compensacion/Generar Vacaciones/span_P MensualJunio2021' is clicked on

2021-11-22 08:54:51 - [TEST_STEP][PASSED] - waitForElementClickable(findTestObject("Modulo Tarea Administracion Compensacion/Generar Vacaciones/a_Filtrar"), G_TimeOut): Object 'Object Repository/Modulo Tarea Administracion Compensacion/Generar Vacaciones/a_Filtrar' is clickable

2021-11-22 08:54:52 - [MESSAGE][PASSED] - Object 'Object Repository/Modulo Tarea Administracion Compensacion/Generar Vacaciones/a_Filtrar' is clickable

2021-11-22 08:54:52 - [TEST_STEP][PASSED] - click(findTestObject("Modulo Tarea Administracion Compensacion/Generar Vacaciones/a_Filtrar")): Object: 'Object Repository/Modulo Tarea Administracion Compensacion/Generar Vacaciones/a_Filtrar' is clicked on

2021-11-22 08:54:53 - [MESSAGE][PASSED] - Object: 'Object Repository/Modulo Tarea Administracion Compensacion/Generar Vacaciones/a_Filtrar' is clicked on

2021-11-22 08:54:53 - [TEST_STEP][PASSED] - waitForElementClickable(findTestObject("Modulo Tarea Administracion Compensacion/Generar Vacaciones/div_Detalle_ui-chkbox-box ui-widget ui-corner-all ui-state-default"), G_TimeOut): Object 'Object Repository/Modulo Tarea Administracion Compensacion/Generar Vacaciones/div_Detalle_ui-chkbox-box ui-widget ui-corner-all ui-state-default' is clickable

2021-11-22 08:54:53 - [MESSAGE][PASSED] - Object 'Object Repository/Modulo Tarea Administracion Compensacion/Generar Vacaciones/div_Detalle_ui-chkbox-box ui-widget ui-corner-all ui-state-default' is clickable

2021-11-22 08:54:53 - [TEST_STEP][PASSED] - click(findTestObject("Modulo Tarea Administracion Compensacion/Generar Vacaciones/div_Detalle_ui-chkbox-box ui-widget ui-corner-all ui-state-default")): Object: 'Object Repository/Modulo Tarea Administracion Compensacion/Generar Vacaciones/div_Detalle_ui-chkbox-box ui-widget ui-corner-all ui-state-default' is clicked on

2021-11-22 08:54:54 - [MESSAGE][PASSED] - Object: 'Object Repository/Modulo Tarea Administracion Compensacion/Generar Vacaciones/div_Detalle_ui-chkbox-box ui-widget ui-corner-all ui-state-default' is clicked on

2021-11-22 08:54:54 - [TEST_STEP][PASSED] - waitForElementClickable(findTestObject("Modulo Tarea Administracion Compensacion/Generar Vacaciones/a_Aplicar"), G_TimeOut): Web element with id: 'Object Repository/Modulo Tarea Administracion Compensacion/Generar Vacaciones/a_Aplicar' located by '//table[4]/tbody/tr/td/a' not found

2021-11-22 08:55:05 - [MESSAGE][INFO] - Unable to find the element located by 'By.xpath: //table[4]/tbody/tr/td/a'. Please recheck the objects properties to make sure the desired element is located. 

2021-11-22 08:55:05 - [MESSAGE][WARNING] - Web element with id: 'Object Repository/Modulo Tarea Administracion Compensacion/Generar Vacaciones/a_Aplicar' located by '//table[4]/tbody/tr/td/a' not found

2021-11-22 08:55:05 - [TEST_STEP][FAILED] - click(findTestObject("Modulo Tarea Administracion Compensacion/Generar Vacaciones/a_Aplicar")): Unable to click on object 'Object Repository/Modulo Tarea Administracion Compensacion/Generar Vacaciones/a_Aplicar' (Root cause: com.kms.katalon.core.exception.StepFailedException: Unable to click on object 'Object Repository/Modulo Tarea Administracion Compensacion/Generar Vacaciones/a_Aplicar'
	at com.kms.katalon.core.webui.keyword.internal.WebUIKeywordMain.stepFailed(WebUIKeywordMain.groovy:64)
	at com.kms.katalon.core.webui.keyword.internal.WebUIKeywordMain.runKeyword(WebUIKeywordMain.groovy:26)
	at com.kms.katalon.core.webui.keyword.builtin.ClickKeyword.click(ClickKeyword.groovy:74)
	at com.kms.katalon.core.webui.keyword.builtin.ClickKeyword.execute(ClickKeyword.groovy:40)
	at com.kms.katalon.core.keyword.internal.KeywordExecutor.executeKeywordForPlatform(KeywordExecutor.groovy:74)
	at com.kms.katalon.core.webui.keyword.WebUiBuiltInKeywords.click(WebUiBuiltInKeywords.groovy:620)
	at com.kms.katalon.core.webui.keyword.WebUiBuiltInKeywords$click$5.call(Unknown Source)
	at 1.1.7-Generar Vacaciones.run(1.1.7-Generar Vacaciones:65)
	at com.kms.katalon.core.main.ScriptEngine.run(ScriptEngine.java:194)
	at com.kms.katalon.core.main.ScriptEngine.runScriptAsRawText(ScriptEngine.java:119)
	at com.kms.katalon.core.main.TestCaseExecutor.runScript(TestCaseExecutor.java:442)
	at com.kms.katalon.core.main.TestCaseExecutor.doExecute(TestCaseExecutor.java:433)
	at com.kms.katalon.core.main.TestCaseExecutor.processExecutionPhase(TestCaseExecutor.java:412)
	at com.kms.katalon.core.main.TestCaseExecutor.accessMainPhase(TestCaseExecutor.java:404)
	at com.kms.katalon.core.main.TestCaseExecutor.execute(TestCaseExecutor.java:281)
	at com.kms.katalon.core.main.TestSuiteExecutor.accessTestCaseMainPhase(TestSuiteExecutor.java:202)
	at com.kms.katalon.core.main.TestSuiteExecutor.accessTestSuiteMainPhase(TestSuiteExecutor.java:164)
	at com.kms.katalon.core.main.TestSuiteExecutor.execute(TestSuiteExecutor.java:105)
	at com.kms.katalon.core.main.TestCaseMain.startTestSuite(TestCaseMain.java:181)
	at com.kms.katalon.core.main.TestCaseMain$startTestSuite$0.call(Unknown Source)
	at TempTestSuite1637588847917.run(TempTestSuite1637588847917.groovy:36)
Caused by: com.kms.katalon.core.webui.exception.WebElementNotFoundException: Web element with id: 'Object Repository/Modulo Tarea Administracion Compensacion/Generar Vacaciones/a_Aplicar' located by '//table[4]/tbody/tr/td/a' not found
	at com.kms.katalon.core.webui.common.WebUiCommonHelper.findWebElement(WebUiCommonHelper.java:1368)
	at com.kms.katalon.core.webui.keyword.internal.WebUIAbstractKeyword.findWebElement(WebUIAbstractKeyword.groovy:27)
	at com.kms.katalon.core.webui.keyword.builtin.ClickKeyword$_click_closure1.doCall(ClickKeyword.groovy:65)
	at com.kms.katalon.core.webui.keyword.builtin.ClickKeyword$_click_closure1.call(ClickKeyword.groovy)
	at com.kms.katalon.core.webui.keyword.internal.WebUIKeywordMain.runKeyword(WebUIKeywordMain.groovy:20)
	at com.kms.katalon.core.webui.keyword.builtin.ClickKeyword.click(ClickKeyword.groovy:74)
	at com.kms.katalon.core.webui.keyword.builtin.ClickKeyword.execute(ClickKeyword.groovy:40)
	at com.kms.katalon.core.keyword.internal.KeywordExecutor.executeKeywordForPlatform(KeywordExecutor.groovy:74)
	at com.kms.katalon.core.webui.keyword.WebUiBuiltInKeywords.click(WebUiBuiltInKeywords.groovy:620)
	at com.kms.katalon.core.webui.keyword.WebUiBuiltInKeywords$click$5.call(Unknown Source)
	at Script1548864467260.run(Script1548864467260.groovy:65)
	... 13 more
)

2021-11-22 08:55:36 - [MESSAGE][INFO] - Unable to find the element located by 'By.xpath: //table[4]/tbody/tr/td/a'. Please recheck the objects properties to make sure the desired element is located. 

2021-11-22 08:55:36 - [MESSAGE][FAILED] - Unable to click on object 'Object Repository/Modulo Tarea Administracion Compensacion/Generar Vacaciones/a_Aplicar' (Root cause: com.kms.katalon.core.exception.StepFailedException: Unable to click on object 'Object Repository/Modulo Tarea Administracion Compensacion/Generar Vacaciones/a_Aplicar'
	at com.kms.katalon.core.webui.keyword.internal.WebUIKeywordMain.stepFailed(WebUIKeywordMain.groovy:64)
	at com.kms.katalon.core.webui.keyword.internal.WebUIKeywordMain.runKeyword(WebUIKeywordMain.groovy:26)
	at com.kms.katalon.core.webui.keyword.builtin.ClickKeyword.click(ClickKeyword.groovy:74)
	at com.kms.katalon.core.webui.keyword.builtin.ClickKeyword.execute(ClickKeyword.groovy:40)
	at com.kms.katalon.core.keyword.internal.KeywordExecutor.executeKeywordForPlatform(KeywordExecutor.groovy:74)
	at com.kms.katalon.core.webui.keyword.WebUiBuiltInKeywords.click(WebUiBuiltInKeywords.groovy:620)
	at com.kms.katalon.core.webui.keyword.WebUiBuiltInKeywords$click$5.call(Unknown Source)
	at 1.1.7-Generar Vacaciones.run(1.1.7-Generar Vacaciones:65)
	at com.kms.katalon.core.main.ScriptEngine.run(ScriptEngine.java:194)
	at com.kms.katalon.core.main.ScriptEngine.runScriptAsRawText(ScriptEngine.java:119)
	at com.kms.katalon.core.main.TestCaseExecutor.runScript(TestCaseExecutor.java:442)
	at com.kms.katalon.core.main.TestCaseExecutor.doExecute(TestCaseExecutor.java:433)
	at com.kms.katalon.core.main.TestCaseExecutor.processExecutionPhase(TestCaseExecutor.java:412)
	at com.kms.katalon.core.main.TestCaseExecutor.accessMainPhase(TestCaseExecutor.java:404)
	at com.kms.katalon.core.main.TestCaseExecutor.execute(TestCaseExecutor.java:281)
	at com.kms.katalon.core.main.TestSuiteExecutor.accessTestCaseMainPhase(TestSuiteExecutor.java:202)
	at com.kms.katalon.core.main.TestSuiteExecutor.accessTestSuiteMainPhase(TestSuiteExecutor.java:164)
	at com.kms.katalon.core.main.TestSuiteExecutor.execute(TestSuiteExecutor.java:105)
	at com.kms.katalon.core.main.TestCaseMain.startTestSuite(TestCaseMain.java:181)
	at com.kms.katalon.core.main.TestCaseMain$startTestSuite$0.call(Unknown Source)
	at TempTestSuite1637588847917.run(TempTestSuite1637588847917.groovy:36)
Caused by: com.kms.katalon.core.webui.exception.WebElementNotFoundException: Web element with id: 'Object Repository/Modulo Tarea Administracion Compensacion/Generar Vacaciones/a_Aplicar' located by '//table[4]/tbody/tr/td/a' not found
	at com.kms.katalon.core.webui.common.WebUiCommonHelper.findWebElement(WebUiCommonHelper.java:1368)
	at com.kms.katalon.core.webui.keyword.internal.WebUIAbstractKeyword.findWebElement(WebUIAbstractKeyword.groovy:27)
	at com.kms.katalon.core.webui.keyword.builtin.ClickKeyword$_click_closure1.doCall(ClickKeyword.groovy:65)
	at com.kms.katalon.core.webui.keyword.builtin.ClickKeyword$_click_closure1.call(ClickKeyword.groovy)
	at com.kms.katalon.core.webui.keyword.internal.WebUIKeywordMain.runKeyword(WebUIKeywordMain.groovy:20)
	at com.kms.katalon.core.webui.keyword.builtin.ClickKeyword.click(ClickKeyword.groovy:74)
	at com.kms.katalon.core.webui.keyword.builtin.ClickKeyword.execute(ClickKeyword.groovy:40)
	at com.kms.katalon.core.keyword.internal.KeywordExecutor.executeKeywordForPlatform(KeywordExecutor.groovy:74)
	at com.kms.katalon.core.webui.keyword.WebUiBuiltInKeywords.click(WebUiBuiltInKeywords.groovy:620)
	at com.kms.katalon.core.webui.keyword.WebUiBuiltInKeywords$click$5.call(Unknown Source)
	at Script1548864467260.run(Script1548864467260.groovy:65)
	... 13 more
)
[[ATTACHMENT|C:\\Users\\diego.rojas\\git\\Pruebas-Minimas\\Reports\\20211122_084727\\Tareas Principales\\20211122_084727\\1637589336767.png]]]]></system-out>
         <system-err><![CDATA[2021-11-22 08:53:38 - [TEST_CASE][FAILED] - Test Cases/1.1-Tareas Principales/1.1.7-Generar Vacaciones: Test Cases/1.1-Tareas Principales/1.1.7-Generar Vacaciones FAILED.
Reason:
com.kms.katalon.core.exception.StepFailedException: Unable to click on object 'Object Repository/Modulo Tarea Administracion Compensacion/Generar Vacaciones/a_Aplicar'
	at com.kms.katalon.core.webui.keyword.internal.WebUIKeywordMain.stepFailed(WebUIKeywordMain.groovy:64)
	at com.kms.katalon.core.webui.keyword.internal.WebUIKeywordMain.runKeyword(WebUIKeywordMain.groovy:26)
	at com.kms.katalon.core.webui.keyword.builtin.ClickKeyword.click(ClickKeyword.groovy:74)
	at com.kms.katalon.core.webui.keyword.builtin.ClickKeyword.execute(ClickKeyword.groovy:40)
	at com.kms.katalon.core.keyword.internal.KeywordExecutor.executeKeywordForPlatform(KeywordExecutor.groovy:74)
	at com.kms.katalon.core.webui.keyword.WebUiBuiltInKeywords.click(WebUiBuiltInKeywords.groovy:620)
	at com.kms.katalon.core.webui.keyword.WebUiBuiltInKeywords$click$5.call(Unknown Source)
	at 1.1.7-Generar Vacaciones.run(1.1.7-Generar Vacaciones:65)
	at com.kms.katalon.core.main.ScriptEngine.run(ScriptEngine.java:194)
	at com.kms.katalon.core.main.ScriptEngine.runScriptAsRawText(ScriptEngine.java:119)
	at com.kms.katalon.core.main.TestCaseExecutor.runScript(TestCaseExecutor.java:442)
	at com.kms.katalon.core.main.TestCaseExecutor.doExecute(TestCaseExecutor.java:433)
	at com.kms.katalon.core.main.TestCaseExecutor.processExecutionPhase(TestCaseExecutor.java:412)
	at com.kms.katalon.core.main.TestCaseExecutor.accessMainPhase(TestCaseExecutor.java:404)
	at com.kms.katalon.core.main.TestCaseExecutor.execute(TestCaseExecutor.java:281)
	at com.kms.katalon.core.main.TestSuiteExecutor.accessTestCaseMainPhase(TestSuiteExecutor.java:202)
	at com.kms.katalon.core.main.TestSuiteExecutor.accessTestSuiteMainPhase(TestSuiteExecutor.java:164)
	at com.kms.katalon.core.main.TestSuiteExecutor.execute(TestSuiteExecutor.java:105)
	at com.kms.katalon.core.main.TestCaseMain.startTestSuite(TestCaseMain.java:181)
	at com.kms.katalon.core.main.TestCaseMain$startTestSuite$0.call(Unknown Source)
	at TempTestSuite1637588847917.run(TempTestSuite1637588847917.groovy:36)
Caused by: com.kms.katalon.core.webui.exception.WebElementNotFoundException: Web element with id: 'Object Repository/Modulo Tarea Administracion Compensacion/Generar Vacaciones/a_Aplicar' located by '//table[4]/tbody/tr/td/a' not found
	at com.kms.katalon.core.webui.common.WebUiCommonHelper.findWebElement(WebUiCommonHelper.java:1368)
	at com.kms.katalon.core.webui.keyword.internal.WebUIAbstractKeyword.findWebElement(WebUIAbstractKeyword.groovy:27)
	at com.kms.katalon.core.webui.keyword.builtin.ClickKeyword$_click_closure1.doCall(ClickKeyword.groovy:65)
	at com.kms.katalon.core.webui.keyword.builtin.ClickKeyword$_click_closure1.call(ClickKeyword.groovy)
	at com.kms.katalon.core.webui.keyword.internal.WebUIKeywordMain.runKeyword(WebUIKeywordMain.groovy:20)
	... 19 more]]></system-err>
      </testcase>
      <testcase name="Test Cases/1.1-Tareas Principales/1.1.8-Mantenimiento de Vacaciones Reliquidar" time="136.466" classname="Test Cases/1.1-Tareas Principales/1.1.8-Mantenimiento de Vacaciones Reliquidar" status="FAILED">
         <failure type="FAILED" message="Test Cases/1.1-Tareas Principales/1.1.8-Mantenimiento de Vacaciones Reliquidar FAILED.
Reason:
com.kms.katalon.core.exception.StepFailedException: Call Test Case 'Test Cases/1.1-Tareas Principales/1.1.7-Generar Vacaciones' failed
	at com.kms.katalon.core.keyword.builtin.CallTestCaseKeyword$_callTestCase_closure1.doCall(CallTestCaseKeyword.groovy:63)
	at com.kms.katalon.core.keyword.builtin.CallTestCaseKeyword$_callTestCase_closure1.call(CallTestCaseKeyword.groovy)
	at com.kms.katalon.core.keyword.internal.KeywordMain.runKeyword(KeywordMain.groovy:74)
	at com.kms.katalon.core.keyword.builtin.CallTestCaseKeyword.callTestCase(CallTestCaseKeyword.groovy:81)
	at com.kms.katalon.core.keyword.builtin.CallTestCaseKeyword.execute(CallTestCaseKeyword.groovy:44)
	at com.kms.katalon.core.keyword.internal.KeywordExecutor.executeKeywordForPlatform(KeywordExecutor.groovy:74)
	at com.kms.katalon.core.keyword.BuiltinKeywords.callTestCase(BuiltinKeywords.groovy:334)
	at 1.1.8-Mantenimiento de Vacaciones Reliquidar.run(1.1.8-Mantenimiento de Vacaciones Reliquidar:40)
	at com.kms.katalon.core.main.ScriptEngine.run(ScriptEngine.java:194)
	at com.kms.katalon.core.main.ScriptEngine.runScriptAsRawText(ScriptEngine.java:119)
	at com.kms.katalon.core.main.TestCaseExecutor.runScript(TestCaseExecutor.java:442)
	at com.kms.katalon.core.main.TestCaseExecutor.doExecute(TestCaseExecutor.java:433)
	at com.kms.katalon.core.main.TestCaseExecutor.processExecutionPhase(TestCaseExecutor.java:412)
	at com.kms.katalon.core.main.TestCaseExecutor.accessMainPhase(TestCaseExecutor.java:404)
	at com.kms.katalon.core.main.TestCaseExecutor.execute(TestCaseExecutor.java:281)
	at com.kms.katalon.core.main.TestSuiteExecutor.accessTestCaseMainPhase(TestSuiteExecutor.java:202)
	at com.kms.katalon.core.main.TestSuiteExecutor.accessTestSuiteMainPhase(TestSuiteExecutor.java:164)
	at com.kms.katalon.core.main.TestSuiteExecutor.execute(TestSuiteExecutor.java:105)
	at com.kms.katalon.core.main.TestCaseMain.startTestSuite(TestCaseMain.java:181)
	at com.kms.katalon.core.main.TestCaseMain$startTestSuite$0.call(Unknown Source)
	at TempTestSuite1637588847917.run(TempTestSuite1637588847917.groovy:36)
Caused by: com.kms.katalon.core.exception.StepFailedException: Unable to click on object 'Object Repository/Modulo Tarea Administracion Compensacion/Generar Vacaciones/a_Aplicar'
	at com.kms.katalon.core.webui.keyword.internal.WebUIKeywordMain.stepFailed(WebUIKeywordMain.groovy:64)
	at com.kms.katalon.core.webui.keyword.internal.WebUIKeywordMain.runKeyword(WebUIKeywordMain.groovy:26)
	at com.kms.katalon.core.webui.keyword.builtin.ClickKeyword.click(ClickKeyword.groovy:74)
	at com.kms.katalon.core.webui.keyword.builtin.ClickKeyword.execute(ClickKeyword.groovy:40)
	at com.kms.katalon.core.keyword.internal.KeywordExecutor.executeKeywordForPlatform(KeywordExecutor.groovy:74)
	at com.kms.katalon.core.webui.keyword.WebUiBuiltInKeywords.click(WebUiBuiltInKeywords.groovy:620)
	at com.kms.katalon.core.webui.keyword.WebUiBuiltInKeywords$click$5.call(Unknown Source)
	at 1.1.7-Generar Vacaciones.run(1.1.7-Generar Vacaciones:65)
	at com.kms.katalon.core.main.ScriptEngine.run(ScriptEngine.java:194)
	at com.kms.katalon.core.main.ScriptEngine.runScriptAsRawText(ScriptEngine.java:119)
	at com.kms.katalon.core.main.TestCaseExecutor.runScript(TestCaseExecutor.java:442)
	at com.kms.katalon.core.main.TestCaseExecutor.doExecute(TestCaseExecutor.java:433)
	at com.kms.katalon.core.main.TestCaseExecutor.processExecutionPhase(TestCaseExecutor.java:412)
	at com.kms.katalon.core.main.TestCaseExecutor.accessMainPhase(TestCaseExecutor.java:404)
	at com.kms.katalon.core.main.TestCaseExecutor.execute(TestCaseExecutor.java:281)
	at com.kms.katalon.core.main.TestCaseMain.runTestCase(TestCaseMain.java:138)
	at com.kms.katalon.core.keyword.builtin.CallTestCaseKeyword$_callTestCase_closure1.doCall(CallTestCaseKeyword.groovy:59)
	... 20 more
Caused by: com.kms.katalon.core.webui.exception.WebElementNotFoundException: Web element with id: 'Object Repository/Modulo Tarea Administracion Compensacion/Generar Vacaciones/a_Aplicar' located by '//table[4]/tbody/tr/td/a' not found
	at com.kms.katalon.core.webui.common.WebUiCommonHelper.findWebElement(WebUiCommonHelper.java:1368)
	at com.kms.katalon.core.webui.keyword.internal.WebUIAbstractKeyword.findWebElement(WebUIAbstractKeyword.groovy:27)
	at com.kms.katalon.core.webui.keyword.builtin.ClickKeyword$_click_closure1.doCall(ClickKeyword.groovy:65)
	at com.kms.katalon.core.webui.keyword.builtin.ClickKeyword$_click_closure1.call(ClickKeyword.groovy)
	at com.kms.katalon.core.webui.keyword.internal.WebUIKeywordMain.runKeyword(WebUIKeywordMain.groovy:20)
	... 35 more
"/>
         <system-out><![CDATA[2021-11-22 08:55:36 - [TEST_CASE][FAILED] - Test Cases/1.1-Tareas Principales/1.1.8-Mantenimiento de Vacaciones Reliquidar: Test Cases/1.1-Tareas Principales/1.1.8-Mantenimiento de Vacaciones Reliquidar FAILED.
Reason:
com.kms.katalon.core.exception.StepFailedException: Call Test Case 'Test Cases/1.1-Tareas Principales/1.1.7-Generar Vacaciones' failed
	at com.kms.katalon.core.keyword.builtin.CallTestCaseKeyword$_callTestCase_closure1.doCall(CallTestCaseKeyword.groovy:63)
	at com.kms.katalon.core.keyword.builtin.CallTestCaseKeyword$_callTestCase_closure1.call(CallTestCaseKeyword.groovy)
	at com.kms.katalon.core.keyword.internal.KeywordMain.runKeyword(KeywordMain.groovy:74)
	at com.kms.katalon.core.keyword.builtin.CallTestCaseKeyword.callTestCase(CallTestCaseKeyword.groovy:81)
	at com.kms.katalon.core.keyword.builtin.CallTestCaseKeyword.execute(CallTestCaseKeyword.groovy:44)
	at com.kms.katalon.core.keyword.internal.KeywordExecutor.executeKeywordForPlatform(KeywordExecutor.groovy:74)
	at com.kms.katalon.core.keyword.BuiltinKeywords.callTestCase(BuiltinKeywords.groovy:334)
	at 1.1.8-Mantenimiento de Vacaciones Reliquidar.run(1.1.8-Mantenimiento de Vacaciones Reliquidar:40)
	at com.kms.katalon.core.main.ScriptEngine.run(ScriptEngine.java:194)
	at com.kms.katalon.core.main.ScriptEngine.runScriptAsRawText(ScriptEngine.java:119)
	at com.kms.katalon.core.main.TestCaseExecutor.runScript(TestCaseExecutor.java:442)
	at com.kms.katalon.core.main.TestCaseExecutor.doExecute(TestCaseExecutor.java:433)
	at com.kms.katalon.core.main.TestCaseExecutor.processExecutionPhase(TestCaseExecutor.java:412)
	at com.kms.katalon.core.main.TestCaseExecutor.accessMainPhase(TestCaseExecutor.java:404)
	at com.kms.katalon.core.main.TestCaseExecutor.execute(TestCaseExecutor.java:281)
	at com.kms.katalon.core.main.TestSuiteExecutor.accessTestCaseMainPhase(TestSuiteExecutor.java:202)
	at com.kms.katalon.core.main.TestSuiteExecutor.accessTestSuiteMainPhase(TestSuiteExecutor.java:164)
	at com.kms.katalon.core.main.TestSuiteExecutor.execute(TestSuiteExecutor.java:105)
	at com.kms.katalon.core.main.TestCaseMain.startTestSuite(TestCaseMain.java:181)
	at com.kms.katalon.core.main.TestCaseMain$startTestSuite$0.call(Unknown Source)
	at TempTestSuite1637588847917.run(TempTestSuite1637588847917.groovy:36)
Caused by: com.kms.katalon.core.exception.StepFailedException: Unable to click on object 'Object Repository/Modulo Tarea Administracion Compensacion/Generar Vacaciones/a_Aplicar'
	at com.kms.katalon.core.webui.keyword.internal.WebUIKeywordMain.stepFailed(WebUIKeywordMain.groovy:64)
	at com.kms.katalon.core.webui.keyword.internal.WebUIKeywordMain.runKeyword(WebUIKeywordMain.groovy:26)
	at com.kms.katalon.core.webui.keyword.builtin.ClickKeyword.click(ClickKeyword.groovy:74)
	at com.kms.katalon.core.webui.keyword.builtin.ClickKeyword.execute(ClickKeyword.groovy:40)
	at com.kms.katalon.core.keyword.internal.KeywordExecutor.executeKeywordForPlatform(KeywordExecutor.groovy:74)
	at com.kms.katalon.core.webui.keyword.WebUiBuiltInKeywords.click(WebUiBuiltInKeywords.groovy:620)
	at com.kms.katalon.core.webui.keyword.WebUiBuiltInKeywords$click$5.call(Unknown Source)
	at 1.1.7-Generar Vacaciones.run(1.1.7-Generar Vacaciones:65)
	at com.kms.katalon.core.main.ScriptEngine.run(ScriptEngine.java:194)
	at com.kms.katalon.core.main.ScriptEngine.runScriptAsRawText(ScriptEngine.java:119)
	at com.kms.katalon.core.main.TestCaseExecutor.runScript(TestCaseExecutor.java:442)
	at com.kms.katalon.core.main.TestCaseExecutor.doExecute(TestCaseExecutor.java:433)
	at com.kms.katalon.core.main.TestCaseExecutor.processExecutionPhase(TestCaseExecutor.java:412)
	at com.kms.katalon.core.main.TestCaseExecutor.accessMainPhase(TestCaseExecutor.java:404)
	at com.kms.katalon.core.main.TestCaseExecutor.execute(TestCaseExecutor.java:281)
	at com.kms.katalon.core.main.TestCaseMain.runTestCase(TestCaseMain.java:138)
	at com.kms.katalon.core.keyword.builtin.CallTestCaseKeyword$_callTestCase_closure1.doCall(CallTestCaseKeyword.groovy:59)
	... 20 more
Caused by: com.kms.katalon.core.webui.exception.WebElementNotFoundException: Web element with id: 'Object Repository/Modulo Tarea Administracion Compensacion/Generar Vacaciones/a_Aplicar' located by '//table[4]/tbody/tr/td/a' not found
	at com.kms.katalon.core.webui.common.WebUiCommonHelper.findWebElement(WebUiCommonHelper.java:1368)
	at com.kms.katalon.core.webui.keyword.internal.WebUIAbstractKeyword.findWebElement(WebUIAbstractKeyword.groovy:27)
	at com.kms.katalon.core.webui.keyword.builtin.ClickKeyword$_click_closure1.doCall(ClickKeyword.groovy:65)
	at com.kms.katalon.core.webui.keyword.builtin.ClickKeyword$_click_closure1.call(ClickKeyword.groovy)
	at com.kms.katalon.core.webui.keyword.internal.WebUIKeywordMain.runKeyword(WebUIKeywordMain.groovy:20)
	... 35 more


2021-11-22 08:55:37 - [TEST_STEP][PASSED] - callTestCase(findTestCase("0.1-Login"), [:], STOP_ON_FAILURE): Call Test Case 'Test Cases/0.1-Login' successfully

2021-11-22 08:55:37 - [TEST_CASE][PASSED] - Test Cases/0.1-Login: Test Cases/0.1-Login

2021-11-22 08:55:37 - [TEST_STEP][PASSED] - openBrowser(""): Browser is opened with url: ''

2021-11-22 08:55:37 - [MESSAGE][WARNING] - A browser is already opened. Closing browser and opening a new one

2021-11-22 08:55:38 - [MESSAGE][INFO] - Starting 'Edge Chromium' driver

2021-11-22 08:55:40 - [MESSAGE][INFO] - Action delay is set to 0 milliseconds

2021-11-22 08:55:41 - [MESSAGE][PASSED] - Browser is opened with url: ''

2021-11-22 08:55:41 - [TEST_STEP][PASSED] - maximizeWindow(): Current window maximized

2021-11-22 08:55:41 - [MESSAGE][PASSED] - Current window maximized

2021-11-22 08:55:41 - [TEST_STEP][PASSED] - i = G_Login: null

2021-11-22 08:55:41 - [TEST_STEP][PASSED] - url = new java.net.URL(i): null

2021-11-22 08:55:41 - [TEST_STEP][PASSED] - println("URL: " + url.toString()): null

2021-11-22 08:55:41 - [TEST_STEP][PASSED] - connection = url.openConnection(): null

2021-11-22 08:55:41 - [TEST_STEP][PASSED] - connection.setRequestMethod("GET"): null

2021-11-22 08:55:41 - [TEST_STEP][PASSED] - connection.setReadTimeout(2 * 1000): null

2021-11-22 08:55:41 - [TEST_STEP][PASSED] - try: null

2021-11-22 08:55:41 - [TEST_STEP][PASSED] - connection.connect(): null

2021-11-22 08:55:41 - [TEST_STEP][PASSED] - flag = connected: null

2021-11-22 08:55:41 - [TEST_STEP][PASSED] - println("Valor_ori: " + flag): null

2021-11-22 08:55:41 - [TEST_STEP][PASSED] - if (flag): null

2021-11-22 08:55:41 - [TEST_STEP][PASSED] - navigateToUrl(i): Navigate to 'http://localhost:8380/saraweb/' successfully

2021-11-22 08:55:42 - [MESSAGE][PASSED] - Navigate to 'http://localhost:8380/saraweb/' successfully

2021-11-22 08:55:42 - [TEST_STEP][PASSED] - a(): null

2021-11-22 08:55:42 - [TEST_STEP][PASSED] - setText(findTestObject("Login/input_USUARIO_loginusuario"), G_Usuario): Text 'saraadmin' is set on object 'Object Repository/Login/input_USUARIO_loginusuario'

2021-11-22 08:55:43 - [MESSAGE][PASSED] - Text 'saraadmin' is set on object 'Object Repository/Login/input_USUARIO_loginusuario'

2021-11-22 08:55:43 - [TEST_STEP][PASSED] - setEncryptedText(findTestObject("Login/input_CLAVE_loginpassword"), "MkG4/TYiCFC3cb2driP7+Q=="): Text ****** has been set on object 'Object Repository/Login/input_CLAVE_loginpassword'

2021-11-22 08:55:44 - [MESSAGE][PASSED] - Text ****** has been set on object 'Object Repository/Login/input_CLAVE_loginpassword'

2021-11-22 08:55:44 - [TEST_STEP][PASSED] - waitForElementClickable(findTestObject("Login/a_Ingresar"), G_TimeOut): Object 'Object Repository/Login/a_Ingresar' is clickable

2021-11-22 08:55:44 - [MESSAGE][PASSED] - Object 'Object Repository/Login/a_Ingresar' is clickable

2021-11-22 08:55:44 - [TEST_STEP][PASSED] - click(findTestObject("Login/a_Ingresar")): Object: 'Object Repository/Login/a_Ingresar' is clicked on

2021-11-22 08:55:47 - [MESSAGE][PASSED] - Object: 'Object Repository/Login/a_Ingresar' is clicked on

2021-11-22 08:55:47 - [TEST_STEP][PASSED] - element = findWebElement(findTestObject("Login/a_Ir"), 30): null

2021-11-22 08:55:48 - [TEST_STEP][PASSED] - executeJavaScript("arguments[0].click()", Arrays.asList(element)): Execute JavaScript 'arguments[0].click()' successfully

2021-11-22 08:55:48 - [MESSAGE][PASSED] - Execute JavaScript 'arguments[0].click()' successfully

2021-11-22 08:55:48 - [MESSAGE][PASSED] - Call Test Case 'Test Cases/0.1-Login' successfully

2021-11-22 08:55:48 - [TEST_STEP][PASSED] - waitForElementClickable(findTestObject("Modulo Tarea Administracion Compensacion/Periodo en Proceso - Archivo Plano/Mantenimiento de Vacaciones Reliquidar/input_Mantenimiento de Vacaciones_form_templatej_idt24_input"), 0): Object 'Object Repository/Modulo Tarea Administracion Compensacion/Periodo en Proceso - Archivo Plano/Mantenimiento de Vacaciones Reliquidar/input_Mantenimiento de Vacaciones_form_templatej_idt24_input' is clickable

2021-11-22 08:55:48 - [MESSAGE][WARNING] - Timeout '0' is invalid. Using default page load timeout: '30'

2021-11-22 08:55:49 - [MESSAGE][PASSED] - Object 'Object Repository/Modulo Tarea Administracion Compensacion/Periodo en Proceso - Archivo Plano/Mantenimiento de Vacaciones Reliquidar/input_Mantenimiento de Vacaciones_form_templatej_idt24_input' is clickable

2021-11-22 08:55:49 - [TEST_STEP][PASSED] - setText(findTestObject("Modulo Tarea Administracion Compensacion/Periodo en Proceso - Archivo Plano/Mantenimiento de Vacaciones Reliquidar/input_Mantenimiento de Vacaciones_form_templatej_idt24_input"), "Mantenimiento de Vacaciones"): Text 'Mantenimiento de Vacaciones' is set on object 'Object Repository/Modulo Tarea Administracion Compensacion/Periodo en Proceso - Archivo Plano/Mantenimiento de Vacaciones Reliquidar/input_Mantenimiento de Vacaciones_form_templatej_idt24_input'

2021-11-22 08:55:49 - [MESSAGE][PASSED] - Text 'Mantenimiento de Vacaciones' is set on object 'Object Repository/Modulo Tarea Administracion Compensacion/Periodo en Proceso - Archivo Plano/Mantenimiento de Vacaciones Reliquidar/input_Mantenimiento de Vacaciones_form_templatej_idt24_input'

2021-11-22 08:55:49 - [TEST_STEP][PASSED] - delay(1): Delayed 1 second(s)

2021-11-22 08:55:50 - [MESSAGE][PASSED] - Delayed 1 second(s)

2021-11-22 08:55:50 - [TEST_STEP][PASSED] - sendKeys(findTestObject("Modulo Tarea Administracion Compensacion/Periodo en Proceso - Archivo Plano/Mantenimiento de Vacaciones Reliquidar/input_Mantenimiento de Vacaciones_form_templatej_idt24_input"), Keys.chord(ENTER)): Keys 'ENTER + ' sent to object: 'Object Repository/Modulo Tarea Administracion Compensacion/Periodo en Proceso - Archivo Plano/Mantenimiento de Vacaciones Reliquidar/input_Mantenimiento de Vacaciones_form_templatej_idt24_input'

2021-11-22 08:55:51 - [MESSAGE][PASSED] - Keys 'ENTER + ' sent to object: 'Object Repository/Modulo Tarea Administracion Compensacion/Periodo en Proceso - Archivo Plano/Mantenimiento de Vacaciones Reliquidar/input_Mantenimiento de Vacaciones_form_templatej_idt24_input'

2021-11-22 08:55:51 - [TEST_STEP][PASSED] - setText(findTestObject("Modulo Tarea Administracion Compensacion/Periodo en Proceso - Archivo Plano/Mantenimiento de Vacaciones Reliquidar/input_Identificacin_form_mantenimientoVacacionj_idt66"), "1234567890"): Text '1234567890' is set on object 'Object Repository/Modulo Tarea Administracion Compensacion/Periodo en Proceso - Archivo Plano/Mantenimiento de Vacaciones Reliquidar/input_Identificacin_form_mantenimientoVacacionj_idt66'

2021-11-22 08:55:52 - [MESSAGE][PASSED] - Text '1234567890' is set on object 'Object Repository/Modulo Tarea Administracion Compensacion/Periodo en Proceso - Archivo Plano/Mantenimiento de Vacaciones Reliquidar/input_Identificacin_form_mantenimientoVacacionj_idt66'

2021-11-22 08:55:52 - [TEST_STEP][PASSED] - sendKeys(findTestObject("Modulo Tarea Administracion Compensacion/Mantenimiento de Vacaciones Reliquidar/input_Identificacin_form_mante"), Keys.chord(ENTER)): Keys 'ENTER + ' sent to object: 'tempBody'

2021-11-22 08:55:52 - [MESSAGE][WARNING] - Test object with id 'Object Repository/Modulo Tarea Administracion Compensacion/Mantenimiento de Vacaciones Reliquidar/input_Identificacin_form_mante' does not exist

2021-11-22 08:55:52 - [MESSAGE][WARNING] - Test object with id 'Object Repository/' does not exist

2021-11-22 08:55:53 - [MESSAGE][PASSED] - Keys 'ENTER + ' sent to object: 'tempBody'

2021-11-22 08:55:53 - [TEST_STEP][PASSED] - if (waitForElementVisible(findTestObject("Modulo Tarea Administracion Compensacion/Periodo en Proceso - Archivo Plano/Mantenimiento de Vacaciones Reliquidar/td_No se encontr registros"), 1)): null

2021-11-22 08:55:54 - [MESSAGE][PASSED] - Object 'Object Repository/Modulo Tarea Administracion Compensacion/Periodo en Proceso - Archivo Plano/Mantenimiento de Vacaciones Reliquidar/td_No se encontr registros' is visible

2021-11-22 08:55:54 - [TEST_STEP][FAILED] - callTestCase(findTestCase("1.1-Tareas Principales/1.1.7-Generar Vacaciones"), [:], STOP_ON_FAILURE): Unable to call Test Case 'Test Cases/1.1-Tareas Principales/1.1.7-Generar Vacaciones' (Root cause: com.kms.katalon.core.exception.StepFailedException: Call Test Case 'Test Cases/1.1-Tareas Principales/1.1.7-Generar Vacaciones' failed
	at com.kms.katalon.core.keyword.builtin.CallTestCaseKeyword$_callTestCase_closure1.doCall(CallTestCaseKeyword.groovy:63)
	at com.kms.katalon.core.keyword.builtin.CallTestCaseKeyword$_callTestCase_closure1.call(CallTestCaseKeyword.groovy)
	at com.kms.katalon.core.keyword.internal.KeywordMain.runKeyword(KeywordMain.groovy:74)
	at com.kms.katalon.core.keyword.builtin.CallTestCaseKeyword.callTestCase(CallTestCaseKeyword.groovy:81)
	at com.kms.katalon.core.keyword.builtin.CallTestCaseKeyword.execute(CallTestCaseKeyword.groovy:44)
	at com.kms.katalon.core.keyword.internal.KeywordExecutor.executeKeywordForPlatform(KeywordExecutor.groovy:74)
	at com.kms.katalon.core.keyword.BuiltinKeywords.callTestCase(BuiltinKeywords.groovy:334)
	at 1.1.8-Mantenimiento de Vacaciones Reliquidar.run(1.1.8-Mantenimiento de Vacaciones Reliquidar:40)
	at com.kms.katalon.core.main.ScriptEngine.run(ScriptEngine.java:194)
	at com.kms.katalon.core.main.ScriptEngine.runScriptAsRawText(ScriptEngine.java:119)
	at com.kms.katalon.core.main.TestCaseExecutor.runScript(TestCaseExecutor.java:442)
	at com.kms.katalon.core.main.TestCaseExecutor.doExecute(TestCaseExecutor.java:433)
	at com.kms.katalon.core.main.TestCaseExecutor.processExecutionPhase(TestCaseExecutor.java:412)
	at com.kms.katalon.core.main.TestCaseExecutor.accessMainPhase(TestCaseExecutor.java:404)
	at com.kms.katalon.core.main.TestCaseExecutor.execute(TestCaseExecutor.java:281)
	at com.kms.katalon.core.main.TestSuiteExecutor.accessTestCaseMainPhase(TestSuiteExecutor.java:202)
	at com.kms.katalon.core.main.TestSuiteExecutor.accessTestSuiteMainPhase(TestSuiteExecutor.java:164)
	at com.kms.katalon.core.main.TestSuiteExecutor.execute(TestSuiteExecutor.java:105)
	at com.kms.katalon.core.main.TestCaseMain.startTestSuite(TestCaseMain.java:181)
	at com.kms.katalon.core.main.TestCaseMain$startTestSuite$0.call(Unknown Source)
	at TempTestSuite1637588847917.run(TempTestSuite1637588847917.groovy:36)
Caused by: com.kms.katalon.core.exception.StepFailedException: Unable to click on object 'Object Repository/Modulo Tarea Administracion Compensacion/Generar Vacaciones/a_Aplicar'
	at com.kms.katalon.core.webui.keyword.internal.WebUIKeywordMain.stepFailed(WebUIKeywordMain.groovy:64)
	at com.kms.katalon.core.webui.keyword.internal.WebUIKeywordMain.runKeyword(WebUIKeywordMain.groovy:26)
	at com.kms.katalon.core.webui.keyword.builtin.ClickKeyword.click(ClickKeyword.groovy:74)
	at com.kms.katalon.core.webui.keyword.builtin.ClickKeyword.execute(ClickKeyword.groovy:40)
	at com.kms.katalon.core.keyword.internal.KeywordExecutor.executeKeywordForPlatform(KeywordExecutor.groovy:74)
	at com.kms.katalon.core.webui.keyword.WebUiBuiltInKeywords.click(WebUiBuiltInKeywords.groovy:620)
	at com.kms.katalon.core.webui.keyword.WebUiBuiltInKeywords$click$5.call(Unknown Source)
	at 1.1.7-Generar Vacaciones.run(1.1.7-Generar Vacaciones:65)
	at com.kms.katalon.core.main.ScriptEngine.run(ScriptEngine.java:194)
	at com.kms.katalon.core.main.ScriptEngine.runScriptAsRawText(ScriptEngine.java:119)
	at com.kms.katalon.core.main.TestCaseExecutor.runScript(TestCaseExecutor.java:442)
	at com.kms.katalon.core.main.TestCaseExecutor.doExecute(TestCaseExecutor.java:433)
	at com.kms.katalon.core.main.TestCaseExecutor.processExecutionPhase(TestCaseExecutor.java:412)
	at com.kms.katalon.core.main.TestCaseExecutor.accessMainPhase(TestCaseExecutor.java:404)
	at com.kms.katalon.core.main.TestCaseExecutor.execute(TestCaseExecutor.java:281)
	at com.kms.katalon.core.main.TestCaseMain.runTestCase(TestCaseMain.java:138)
	at com.kms.katalon.core.keyword.builtin.CallTestCaseKeyword$_callTestCase_closure1.doCall(CallTestCaseKeyword.groovy:59)
	... 20 more
Caused by: com.kms.katalon.core.webui.exception.WebElementNotFoundException: Web element with id: 'Object Repository/Modulo Tarea Administracion Compensacion/Generar Vacaciones/a_Aplicar' located by '//table[4]/tbody/tr/td/a' not found
	at com.kms.katalon.core.webui.common.WebUiCommonHelper.findWebElement(WebUiCommonHelper.java:1368)
	at com.kms.katalon.core.webui.keyword.internal.WebUIAbstractKeyword.findWebElement(WebUIAbstractKeyword.groovy:27)
	at com.kms.katalon.core.webui.keyword.builtin.ClickKeyword$_click_closure1.doCall(ClickKeyword.groovy:65)
	at com.kms.katalon.core.webui.keyword.builtin.ClickKeyword$_click_closure1.call(ClickKeyword.groovy)
	at com.kms.katalon.core.webui.keyword.internal.WebUIKeywordMain.runKeyword(WebUIKeywordMain.groovy:20)
	... 35 more
)

2021-11-22 08:55:54 - [TEST_CASE][FAILED] - Test Cases/1.1-Tareas Principales/1.1.7-Generar Vacaciones: Test Cases/1.1-Tareas Principales/1.1.7-Generar Vacaciones FAILED.
Reason:
com.kms.katalon.core.exception.StepFailedException: Unable to click on object 'Object Repository/Modulo Tarea Administracion Compensacion/Generar Vacaciones/a_Aplicar'
	at com.kms.katalon.core.webui.keyword.internal.WebUIKeywordMain.stepFailed(WebUIKeywordMain.groovy:64)
	at com.kms.katalon.core.webui.keyword.internal.WebUIKeywordMain.runKeyword(WebUIKeywordMain.groovy:26)
	at com.kms.katalon.core.webui.keyword.builtin.ClickKeyword.click(ClickKeyword.groovy:74)
	at com.kms.katalon.core.webui.keyword.builtin.ClickKeyword.execute(ClickKeyword.groovy:40)
	at com.kms.katalon.core.keyword.internal.KeywordExecutor.executeKeywordForPlatform(KeywordExecutor.groovy:74)
	at com.kms.katalon.core.webui.keyword.WebUiBuiltInKeywords.click(WebUiBuiltInKeywords.groovy:620)
	at com.kms.katalon.core.webui.keyword.WebUiBuiltInKeywords$click$5.call(Unknown Source)
	at 1.1.7-Generar Vacaciones.run(1.1.7-Generar Vacaciones:65)
	at com.kms.katalon.core.main.ScriptEngine.run(ScriptEngine.java:194)
	at com.kms.katalon.core.main.ScriptEngine.runScriptAsRawText(ScriptEngine.java:119)
	at com.kms.katalon.core.main.TestCaseExecutor.runScript(TestCaseExecutor.java:442)
	at com.kms.katalon.core.main.TestCaseExecutor.doExecute(TestCaseExecutor.java:433)
	at com.kms.katalon.core.main.TestCaseExecutor.processExecutionPhase(TestCaseExecutor.java:412)
	at com.kms.katalon.core.main.TestCaseExecutor.accessMainPhase(TestCaseExecutor.java:404)
	at com.kms.katalon.core.main.TestCaseExecutor.execute(TestCaseExecutor.java:281)
	at com.kms.katalon.core.main.TestCaseMain.runTestCase(TestCaseMain.java:138)
	at com.kms.katalon.core.keyword.builtin.CallTestCaseKeyword$_callTestCase_closure1.doCall(CallTestCaseKeyword.groovy:59)
	at com.kms.katalon.core.keyword.builtin.CallTestCaseKeyword$_callTestCase_closure1.call(CallTestCaseKeyword.groovy)
	at com.kms.katalon.core.keyword.internal.KeywordMain.runKeyword(KeywordMain.groovy:74)
	at com.kms.katalon.core.keyword.builtin.CallTestCaseKeyword.callTestCase(CallTestCaseKeyword.groovy:81)
	at com.kms.katalon.core.keyword.builtin.CallTestCaseKeyword.execute(CallTestCaseKeyword.groovy:44)
	at com.kms.katalon.core.keyword.internal.KeywordExecutor.executeKeywordForPlatform(KeywordExecutor.groovy:74)
	at com.kms.katalon.core.keyword.BuiltinKeywords.callTestCase(BuiltinKeywords.groovy:334)
	at 1.1.8-Mantenimiento de Vacaciones Reliquidar.run(1.1.8-Mantenimiento de Vacaciones Reliquidar:40)
	at com.kms.katalon.core.main.ScriptEngine.run(ScriptEngine.java:194)
	at com.kms.katalon.core.main.ScriptEngine.runScriptAsRawText(ScriptEngine.java:119)
	at com.kms.katalon.core.main.TestCaseExecutor.runScript(TestCaseExecutor.java:442)
	at com.kms.katalon.core.main.TestCaseExecutor.doExecute(TestCaseExecutor.java:433)
	at com.kms.katalon.core.main.TestCaseExecutor.processExecutionPhase(TestCaseExecutor.java:412)
	at com.kms.katalon.core.main.TestCaseExecutor.accessMainPhase(TestCaseExecutor.java:404)
	at com.kms.katalon.core.main.TestCaseExecutor.execute(TestCaseExecutor.java:281)
	at com.kms.katalon.core.main.TestSuiteExecutor.accessTestCaseMainPhase(TestSuiteExecutor.java:202)
	at com.kms.katalon.core.main.TestSuiteExecutor.accessTestSuiteMainPhase(TestSuiteExecutor.java:164)
	at com.kms.katalon.core.main.TestSuiteExecutor.execute(TestSuiteExecutor.java:105)
	at com.kms.katalon.core.main.TestCaseMain.startTestSuite(TestCaseMain.java:181)
	at com.kms.katalon.core.main.TestCaseMain$startTestSuite$0.call(Unknown Source)
	at TempTestSuite1637588847917.run(TempTestSuite1637588847917.groovy:36)
Caused by: com.kms.katalon.core.webui.exception.WebElementNotFoundException: Web element with id: 'Object Repository/Modulo Tarea Administracion Compensacion/Generar Vacaciones/a_Aplicar' located by '//table[4]/tbody/tr/td/a' not found
	at com.kms.katalon.core.webui.common.WebUiCommonHelper.findWebElement(WebUiCommonHelper.java:1368)
	at com.kms.katalon.core.webui.keyword.internal.WebUIAbstractKeyword.findWebElement(WebUIAbstractKeyword.groovy:27)
	at com.kms.katalon.core.webui.keyword.builtin.ClickKeyword$_click_closure1.doCall(ClickKeyword.groovy:65)
	at com.kms.katalon.core.webui.keyword.builtin.ClickKeyword$_click_closure1.call(ClickKeyword.groovy)
	at com.kms.katalon.core.webui.keyword.internal.WebUIKeywordMain.runKeyword(WebUIKeywordMain.groovy:20)
	... 35 more


2021-11-22 08:55:54 - [TEST_STEP][PASSED] - callTestCase(findTestCase("1.1-Tareas Principales/1.1.6-crear vacaciones"), [:], STOP_ON_FAILURE): Call Test Case 'Test Cases/1.1-Tareas Principales/1.1.6-crear vacaciones' successfully

2021-11-22 08:55:54 - [TEST_CASE][PASSED] - Test Cases/1.1-Tareas Principales/1.1.6-crear vacaciones: Test Cases/1.1-Tareas Principales/1.1.6-crear vacaciones

2021-11-22 08:55:54 - [TEST_STEP][PASSED] - callTestCase(findTestCase("Hutilidades/Tareas Administracion Compensacion/Tarea Listado Empleados"), [:], STOP_ON_FAILURE): Call Test Case 'Test Cases/Hutilidades/Tareas Administracion Compensacion/Tarea Listado Empleados' successfully

2021-11-22 08:55:54 - [TEST_CASE][PASSED] - Test Cases/Hutilidades/Tareas Administracion Compensacion/Tarea Listado Empleados: Test Cases/Hutilidades/Tareas Administracion Compensacion/Tarea Listado Empleados

2021-11-22 08:55:54 - [TEST_STEP][PASSED] - callTestCase(findTestCase("0.1-Login"), [:], STOP_ON_FAILURE): Call Test Case 'Test Cases/0.1-Login' successfully

2021-11-22 08:55:54 - [TEST_CASE][PASSED] - Test Cases/0.1-Login: Test Cases/0.1-Login

2021-11-22 08:55:54 - [TEST_STEP][PASSED] - openBrowser(""): Browser is opened with url: ''

2021-11-22 08:55:54 - [MESSAGE][WARNING] - A browser is already opened. Closing browser and opening a new one

2021-11-22 08:55:55 - [MESSAGE][INFO] - Starting 'Edge Chromium' driver

2021-11-22 08:55:57 - [MESSAGE][INFO] - Action delay is set to 0 milliseconds

2021-11-22 08:55:58 - [MESSAGE][PASSED] - Browser is opened with url: ''

2021-11-22 08:55:58 - [TEST_STEP][PASSED] - maximizeWindow(): Current window maximized

2021-11-22 08:55:58 - [MESSAGE][PASSED] - Current window maximized

2021-11-22 08:55:58 - [TEST_STEP][PASSED] - i = G_Login: null

2021-11-22 08:55:58 - [TEST_STEP][PASSED] - url = new java.net.URL(i): null

2021-11-22 08:55:58 - [TEST_STEP][PASSED] - println("URL: " + url.toString()): null

2021-11-22 08:55:58 - [TEST_STEP][PASSED] - connection = url.openConnection(): null

2021-11-22 08:55:58 - [TEST_STEP][PASSED] - connection.setRequestMethod("GET"): null

2021-11-22 08:55:58 - [TEST_STEP][PASSED] - connection.setReadTimeout(2 * 1000): null

2021-11-22 08:55:58 - [TEST_STEP][PASSED] - try: null

2021-11-22 08:55:58 - [TEST_STEP][PASSED] - connection.connect(): null

2021-11-22 08:55:58 - [TEST_STEP][PASSED] - flag = connected: null

2021-11-22 08:55:58 - [TEST_STEP][PASSED] - println("Valor_ori: " + flag): null

2021-11-22 08:55:58 - [TEST_STEP][PASSED] - if (flag): null

2021-11-22 08:55:58 - [TEST_STEP][PASSED] - navigateToUrl(i): Navigate to 'http://localhost:8380/saraweb/' successfully

2021-11-22 08:55:59 - [MESSAGE][PASSED] - Navigate to 'http://localhost:8380/saraweb/' successfully

2021-11-22 08:55:59 - [TEST_STEP][PASSED] - a(): null

2021-11-22 08:55:59 - [TEST_STEP][PASSED] - setText(findTestObject("Login/input_USUARIO_loginusuario"), G_Usuario): Text 'saraadmin' is set on object 'Object Repository/Login/input_USUARIO_loginusuario'

2021-11-22 08:56:00 - [MESSAGE][PASSED] - Text 'saraadmin' is set on object 'Object Repository/Login/input_USUARIO_loginusuario'

2021-11-22 08:56:00 - [TEST_STEP][PASSED] - setEncryptedText(findTestObject("Login/input_CLAVE_loginpassword"), "MkG4/TYiCFC3cb2driP7+Q=="): Text ****** has been set on object 'Object Repository/Login/input_CLAVE_loginpassword'

2021-11-22 08:56:00 - [MESSAGE][PASSED] - Text ****** has been set on object 'Object Repository/Login/input_CLAVE_loginpassword'

2021-11-22 08:56:00 - [TEST_STEP][PASSED] - waitForElementClickable(findTestObject("Login/a_Ingresar"), G_TimeOut): Object 'Object Repository/Login/a_Ingresar' is clickable

2021-11-22 08:56:00 - [MESSAGE][PASSED] - Object 'Object Repository/Login/a_Ingresar' is clickable

2021-11-22 08:56:00 - [TEST_STEP][PASSED] - click(findTestObject("Login/a_Ingresar")): Object: 'Object Repository/Login/a_Ingresar' is clicked on

2021-11-22 08:56:04 - [MESSAGE][PASSED] - Object: 'Object Repository/Login/a_Ingresar' is clicked on

2021-11-22 08:56:04 - [TEST_STEP][PASSED] - element = findWebElement(findTestObject("Login/a_Ir"), 30): null

2021-11-22 08:56:05 - [TEST_STEP][PASSED] - executeJavaScript("arguments[0].click()", Arrays.asList(element)): Execute JavaScript 'arguments[0].click()' successfully

2021-11-22 08:56:05 - [MESSAGE][PASSED] - Execute JavaScript 'arguments[0].click()' successfully

2021-11-22 08:56:05 - [MESSAGE][PASSED] - Call Test Case 'Test Cases/0.1-Login' successfully

2021-11-22 08:56:05 - [TEST_STEP][PASSED] - setText(findTestObject("Modulo Tarea Listado Hojas de Vida/Tareas Listado Hojas de Vida/input_Listado Hojas De Vida_form_templatej_idt24_input"), "Listado de Empleados"): Text 'Listado de Empleados' is set on object 'Object Repository/Modulo Tarea Listado Hojas de Vida/Tareas Listado Hojas de Vida/input_Listado Hojas De Vida_form_templatej_idt24_input'

2021-11-22 08:56:06 - [MESSAGE][PASSED] - Text 'Listado de Empleados' is set on object 'Object Repository/Modulo Tarea Listado Hojas de Vida/Tareas Listado Hojas de Vida/input_Listado Hojas De Vida_form_templatej_idt24_input'

2021-11-22 08:56:06 - [TEST_STEP][PASSED] - delay(3): Delayed 3 second(s)

2021-11-22 08:56:09 - [MESSAGE][PASSED] - Delayed 3 second(s)

2021-11-22 08:56:09 - [TEST_STEP][PASSED] - sendKeys(findTestObject("Modulo Tarea Listado Hojas de Vida/Tareas Listado Hojas de Vida/input_Listado Hojas De Vida_form_templatej_idt24_input"), Keys.chord(ENTER)): Keys 'ENTER + ' sent to object: 'Object Repository/Modulo Tarea Listado Hojas de Vida/Tareas Listado Hojas de Vida/input_Listado Hojas De Vida_form_templatej_idt24_input'

2021-11-22 08:56:10 - [MESSAGE][PASSED] - Keys 'ENTER + ' sent to object: 'Object Repository/Modulo Tarea Listado Hojas de Vida/Tareas Listado Hojas de Vida/input_Listado Hojas De Vida_form_templatej_idt24_input'

2021-11-22 08:56:10 - [MESSAGE][PASSED] - Call Test Case 'Test Cases/Hutilidades/Tareas Administracion Compensacion/Tarea Listado Empleados' successfully

2021-11-22 08:56:10 - [TEST_STEP][PASSED] - setText(findTestObject("Modulo Tarea Administracion Compensacion/Dias con Permisos Pasivos Permitidos/input_Identificacin_listadoEmpleadoIdentificacionEmpleado"), "1234567890"): Text '1234567890' is set on object 'Object Repository/Modulo Tarea Administracion Compensacion/Dias con Permisos Pasivos Permitidos/input_Identificacin_listadoEmpleadoIdentificacionEmpleado'

2021-11-22 08:56:12 - [MESSAGE][PASSED] - Text '1234567890' is set on object 'Object Repository/Modulo Tarea Administracion Compensacion/Dias con Permisos Pasivos Permitidos/input_Identificacin_listadoEmpleadoIdentificacionEmpleado'

2021-11-22 08:56:12 - [TEST_STEP][PASSED] - sendKeys(findTestObject("Modulo Tarea Administracion Compensacion/Dias con Permisos Pasivos Permitidos/input_Identificacin_listadoEmpleadoIdentificacionEmpleado"), Keys.chord(ENTER)): Keys 'ENTER + ' sent to object: 'Object Repository/Modulo Tarea Administracion Compensacion/Dias con Permisos Pasivos Permitidos/input_Identificacin_listadoEmpleadoIdentificacionEmpleado'

2021-11-22 08:56:12 - [MESSAGE][PASSED] - Keys 'ENTER + ' sent to object: 'Object Repository/Modulo Tarea Administracion Compensacion/Dias con Permisos Pasivos Permitidos/input_Identificacin_listadoEmpleadoIdentificacionEmpleado'

2021-11-22 08:56:12 - [TEST_STEP][PASSED] - waitForElementClickable(findTestObject("Modulo Tarea Administracion Compensacion/Dias con Permisos Pasivos Permitidos/span_Consta Belfegord Jhon"), G_TimeOut): Object 'Object Repository/Modulo Tarea Administracion Compensacion/Dias con Permisos Pasivos Permitidos/span_Consta Belfegord Jhon' is clickable

2021-11-22 08:56:14 - [MESSAGE][PASSED] - Object 'Object Repository/Modulo Tarea Administracion Compensacion/Dias con Permisos Pasivos Permitidos/span_Consta Belfegord Jhon' is clickable

2021-11-22 08:56:14 - [TEST_STEP][PASSED] - click(findTestObject("Modulo Tarea Administracion Compensacion/Dias con Permisos Pasivos Permitidos/span_Consta Belfegord Jhon")): Object: 'Object Repository/Modulo Tarea Administracion Compensacion/Dias con Permisos Pasivos Permitidos/span_Consta Belfegord Jhon' is clicked on

2021-11-22 08:56:14 - [MESSAGE][PASSED] - Object: 'Object Repository/Modulo Tarea Administracion Compensacion/Dias con Permisos Pasivos Permitidos/span_Consta Belfegord Jhon' is clicked on

2021-11-22 08:56:14 - [TEST_STEP][PASSED] - waitForElementClickable(findTestObject("Modulo Tarea Administracion Compensacion/Dias con Permisos Pasivos Permitidos/a_Vacacin"), G_TimeOut): Object 'Object Repository/Modulo Tarea Administracion Compensacion/Dias con Permisos Pasivos Permitidos/a_Vacacin' is clickable

2021-11-22 08:56:15 - [MESSAGE][PASSED] - Object 'Object Repository/Modulo Tarea Administracion Compensacion/Dias con Permisos Pasivos Permitidos/a_Vacacin' is clickable

2021-11-22 08:56:15 - [TEST_STEP][PASSED] - click(findTestObject("Modulo Tarea Administracion Compensacion/Dias con Permisos Pasivos Permitidos/a_Vacacin")): Object: 'Object Repository/Modulo Tarea Administracion Compensacion/Dias con Permisos Pasivos Permitidos/a_Vacacin' is clicked on

2021-11-22 08:56:16 - [MESSAGE][PASSED] - Object: 'Object Repository/Modulo Tarea Administracion Compensacion/Dias con Permisos Pasivos Permitidos/a_Vacacin' is clicked on

2021-11-22 08:56:16 - [TEST_STEP][PASSED] - if (waitForElementClickable(findTestObject("Modulo Tarea Administracion Compensacion/Dias con Permisos Pasivos Permitidos/span_Programacion De Vacaciones"), G_TimeOut)): null

2021-11-22 08:56:16 - [MESSAGE][PASSED] - Object 'Object Repository/Modulo Tarea Administracion Compensacion/Dias con Permisos Pasivos Permitidos/span_Programacion De Vacaciones' is clickable

2021-11-22 08:56:16 - [TEST_STEP][PASSED] - click(findTestObject("Modulo Tarea Administracion Compensacion/Dias con Permisos Pasivos Permitidos/span_Programacion De Vacaciones")): Object: 'Object Repository/Modulo Tarea Administracion Compensacion/Dias con Permisos Pasivos Permitidos/span_Programacion De Vacaciones' is clicked on

2021-11-22 08:56:17 - [MESSAGE][PASSED] - Object: 'Object Repository/Modulo Tarea Administracion Compensacion/Dias con Permisos Pasivos Permitidos/span_Programacion De Vacaciones' is clicked on

2021-11-22 08:56:17 - [TEST_STEP][PASSED] - waitForElementClickable(findTestObject("Modulo Tarea Administracion Compensacion/Dias con Permisos Pasivos Permitidos/a_Eliminar"), G_TimeOut): Object 'Object Repository/Modulo Tarea Administracion Compensacion/Dias con Permisos Pasivos Permitidos/a_Eliminar' is clickable

2021-11-22 08:56:17 - [MESSAGE][PASSED] - Object 'Object Repository/Modulo Tarea Administracion Compensacion/Dias con Permisos Pasivos Permitidos/a_Eliminar' is clickable

2021-11-22 08:56:17 - [TEST_STEP][PASSED] - click(findTestObject("Modulo Tarea Administracion Compensacion/Dias con Permisos Pasivos Permitidos/a_Eliminar")): Object: 'Object Repository/Modulo Tarea Administracion Compensacion/Dias con Permisos Pasivos Permitidos/a_Eliminar' is clicked on

2021-11-22 08:56:18 - [MESSAGE][PASSED] - Object: 'Object Repository/Modulo Tarea Administracion Compensacion/Dias con Permisos Pasivos Permitidos/a_Eliminar' is clicked on

2021-11-22 08:56:18 - [TEST_STEP][PASSED] - waitForElementClickable(findTestObject("Modulo Tarea Administracion Compensacion/Dias con Permisos Pasivos Permitidos/a_Aceptar"), G_TimeOut): Object 'Object Repository/Modulo Tarea Administracion Compensacion/Dias con Permisos Pasivos Permitidos/a_Aceptar' is clickable

2021-11-22 08:56:18 - [MESSAGE][PASSED] - Object 'Object Repository/Modulo Tarea Administracion Compensacion/Dias con Permisos Pasivos Permitidos/a_Aceptar' is clickable

2021-11-22 08:56:18 - [TEST_STEP][PASSED] - click(findTestObject("Modulo Tarea Administracion Compensacion/Dias con Permisos Pasivos Permitidos/a_Aceptar")): Object: 'Object Repository/Modulo Tarea Administracion Compensacion/Dias con Permisos Pasivos Permitidos/a_Aceptar' is clicked on

2021-11-22 08:56:19 - [MESSAGE][PASSED] - Object: 'Object Repository/Modulo Tarea Administracion Compensacion/Dias con Permisos Pasivos Permitidos/a_Aceptar' is clicked on

2021-11-22 08:56:19 - [TEST_STEP][PASSED] - click(findTestObject("Modulo Tarea Administracion Compensacion/Dias con Permisos Pasivos Permitidos/a_Histrico")): Object: 'Object Repository/Modulo Tarea Administracion Compensacion/Dias con Permisos Pasivos Permitidos/a_Histrico' is clicked on

2021-11-22 08:56:20 - [MESSAGE][PASSED] - Object: 'Object Repository/Modulo Tarea Administracion Compensacion/Dias con Permisos Pasivos Permitidos/a_Histrico' is clicked on

2021-11-22 08:56:20 - [TEST_STEP][PASSED] - if (waitForElementClickable(findTestObject("Modulo Tarea Administracion Compensacion/Dias con Permisos Pasivos Permitidos/span_Programacion De Vacaciones"), 1)): Web element with id: 'Object Repository/Modulo Tarea Administracion Compensacion/Dias con Permisos Pasivos Permitidos/span_Programacion De Vacaciones' located by '//*/text()[normalize-space(.)='Programacion De Vacaciones']/parent::*' not found

2021-11-22 08:56:22 - [MESSAGE][INFO] - Unable to find the element located by 'By.xpath: //*/text()[normalize-space(.)='Programacion De Vacaciones']/parent::*'. Please recheck the objects properties to make sure the desired element is located. 

2021-11-22 08:56:22 - [MESSAGE][WARNING] - Web element with id: 'Object Repository/Modulo Tarea Administracion Compensacion/Dias con Permisos Pasivos Permitidos/span_Programacion De Vacaciones' located by '//*/text()[normalize-space(.)='Programacion De Vacaciones']/parent::*' not found

2021-11-22 08:56:22 - [TEST_STEP][PASSED] - click(findTestObject("Modulo Tarea Administracion Compensacion/Dias con Permisos Pasivos Permitidos/a_Vacaciones")): Object: 'Object Repository/Modulo Tarea Administracion Compensacion/Dias con Permisos Pasivos Permitidos/a_Vacaciones' is clicked on

2021-11-22 08:56:23 - [MESSAGE][PASSED] - Object: 'Object Repository/Modulo Tarea Administracion Compensacion/Dias con Permisos Pasivos Permitidos/a_Vacaciones' is clicked on

2021-11-22 08:56:23 - [TEST_STEP][PASSED] - waitForElementClickable(findTestObject("Modulo Tarea Administracion Compensacion/Dias con Permisos Pasivos Permitidos/a_Nuevo Pasivo"), G_TimeOut): Object 'Object Repository/Modulo Tarea Administracion Compensacion/Dias con Permisos Pasivos Permitidos/a_Nuevo Pasivo' is clickable

2021-11-22 08:56:23 - [MESSAGE][PASSED] - Object 'Object Repository/Modulo Tarea Administracion Compensacion/Dias con Permisos Pasivos Permitidos/a_Nuevo Pasivo' is clickable

2021-11-22 08:56:23 - [TEST_STEP][PASSED] - click(findTestObject("Modulo Tarea Administracion Compensacion/Dias con Permisos Pasivos Permitidos/a_Nuevo Pasivo")): Object: 'Object Repository/Modulo Tarea Administracion Compensacion/Dias con Permisos Pasivos Permitidos/a_Nuevo Pasivo' is clicked on

2021-11-22 08:56:24 - [MESSAGE][PASSED] - Object: 'Object Repository/Modulo Tarea Administracion Compensacion/Dias con Permisos Pasivos Permitidos/a_Nuevo Pasivo' is clicked on

2021-11-22 08:56:24 - [TEST_STEP][PASSED] - click(findTestObject("Modulo Tarea Administracion Compensacion/Dias con Permisos Pasivos Permitidos/a_pestaa Vacaciones")): Object: 'Object Repository/Modulo Tarea Administracion Compensacion/Dias con Permisos Pasivos Permitidos/a_pestaa Vacaciones' is clicked on

2021-11-22 08:56:25 - [MESSAGE][PASSED] - Object: 'Object Repository/Modulo Tarea Administracion Compensacion/Dias con Permisos Pasivos Permitidos/a_pestaa Vacaciones' is clicked on

2021-11-22 08:56:25 - [TEST_STEP][PASSED] - selectOptionByIndex(findTestObject("Modulo Tarea Administracion Compensacion/Dias con Permisos Pasivos Permitidos/select_APLAZAMIENTOPROGRAMACION DE VACACIONES"), "2"): All options with index in [2] are selected on object 'Object Repository/Modulo Tarea Administracion Compensacion/Dias con Permisos Pasivos Permitidos/select_APLAZAMIENTOPROGRAMACION DE VACACIONES'

2021-11-22 08:56:27 - [MESSAGE][PASSED] - All options with index in [2] are selected on object 'Object Repository/Modulo Tarea Administracion Compensacion/Dias con Permisos Pasivos Permitidos/select_APLAZAMIENTOPROGRAMACION DE VACACIONES'

2021-11-22 08:56:27 - [TEST_STEP][PASSED] - selectOptionByIndex(findTestObject("Modulo Tarea Administracion Compensacion/Dias con Permisos Pasivos Permitidos/select_InterrupcinNo Aplica"), "1"): All options with index in [1] are selected on object 'Object Repository/Modulo Tarea Administracion Compensacion/Dias con Permisos Pasivos Permitidos/select_InterrupcinNo Aplica'

2021-11-22 08:56:28 - [MESSAGE][PASSED] - All options with index in [1] are selected on object 'Object Repository/Modulo Tarea Administracion Compensacion/Dias con Permisos Pasivos Permitidos/select_InterrupcinNo Aplica'

2021-11-22 08:56:28 - [TEST_STEP][PASSED] - setText(findTestObject("Modulo Tarea Administracion Compensacion/Dias con Permisos Pasivos Permitidos/input_Periodo Servicio_form_"), "01/06/2021"): Text '01/06/2021' is set on object 'Object Repository/Modulo Tarea Administracion Compensacion/Dias con Permisos Pasivos Permitidos/input_Periodo Servicio_form_'

2021-11-22 08:56:29 - [MESSAGE][PASSED] - Text '01/06/2021' is set on object 'Object Repository/Modulo Tarea Administracion Compensacion/Dias con Permisos Pasivos Permitidos/input_Periodo Servicio_form_'

2021-11-22 08:56:29 - [TEST_STEP][PASSED] - click(findTestObject("Modulo Tarea Administracion Compensacion/Dias con Permisos Pasivos Permitidos/span_Periodo Servicio"), STOP_ON_FAILURE): Object: 'Object Repository/Modulo Tarea Administracion Compensacion/Dias con Permisos Pasivos Permitidos/span_Periodo Servicio' is clicked on

2021-11-22 08:56:29 - [MESSAGE][PASSED] - Object: 'Object Repository/Modulo Tarea Administracion Compensacion/Dias con Permisos Pasivos Permitidos/span_Periodo Servicio' is clicked on

2021-11-22 08:56:29 - [TEST_STEP][PASSED] - setText(findTestObject("Modulo Tarea Administracion Compensacion/Dias con Permisos Pasivos Permitidos/input_Periodo Servicio_form_vacaciones"), "06/06/2021"): Text '06/06/2021' is set on object 'Object Repository/Modulo Tarea Administracion Compensacion/Dias con Permisos Pasivos Permitidos/input_Periodo Servicio_form_vacaciones'

2021-11-22 08:56:30 - [MESSAGE][PASSED] - Text '06/06/2021' is set on object 'Object Repository/Modulo Tarea Administracion Compensacion/Dias con Permisos Pasivos Permitidos/input_Periodo Servicio_form_vacaciones'

2021-11-22 08:56:30 - [TEST_STEP][PASSED] - sendKeys(findTestObject("Modulo Tarea Administracion Compensacion/Dias con Permisos Pasivos Permitidos/input_Periodo Servicio_form_vacaciones"), Keys.chord(ENTER)): Keys 'ENTER + ' sent to object: 'Object Repository/Modulo Tarea Administracion Compensacion/Dias con Permisos Pasivos Permitidos/input_Periodo Servicio_form_vacaciones'

2021-11-22 08:56:30 - [MESSAGE][PASSED] - Keys 'ENTER + ' sent to object: 'Object Repository/Modulo Tarea Administracion Compensacion/Dias con Permisos Pasivos Permitidos/input_Periodo Servicio_form_vacaciones'

2021-11-22 08:56:30 - [TEST_STEP][PASSED] - setText(findTestObject("Modulo Tarea Administracion Compensacion/Dias con Permisos Pasivos Permitidos/input_Das_form_vacacionesEmpleadotabs"), "5"): Text '5' is set on object 'Object Repository/Modulo Tarea Administracion Compensacion/Dias con Permisos Pasivos Permitidos/input_Das_form_vacacionesEmpleadotabs'

2021-11-22 08:56:31 - [MESSAGE][PASSED] - Text '5' is set on object 'Object Repository/Modulo Tarea Administracion Compensacion/Dias con Permisos Pasivos Permitidos/input_Das_form_vacacionesEmpleadotabs'

2021-11-22 08:56:31 - [TEST_STEP][PASSED] - setText(findTestObject("Modulo Tarea Administracion Compensacion/Dias con Permisos Pasivos Permitidos/input_Fecha Origen_form_vacaciones"), "01/06/2021"): Text '01/06/2021' is set on object 'Object Repository/Modulo Tarea Administracion Compensacion/Dias con Permisos Pasivos Permitidos/input_Fecha Origen_form_vacaciones'

2021-11-22 08:56:32 - [MESSAGE][PASSED] - Text '01/06/2021' is set on object 'Object Repository/Modulo Tarea Administracion Compensacion/Dias con Permisos Pasivos Permitidos/input_Fecha Origen_form_vacaciones'

2021-11-22 08:56:32 - [TEST_STEP][PASSED] - sendKeys(findTestObject("Modulo Tarea Administracion Compensacion/Dias con Permisos Pasivos Permitidos/input_Fecha Origen_form_vacaciones"), Keys.chord(ENTER)): Keys 'ENTER + ' sent to object: 'Object Repository/Modulo Tarea Administracion Compensacion/Dias con Permisos Pasivos Permitidos/input_Fecha Origen_form_vacaciones'

2021-11-22 08:56:33 - [MESSAGE][PASSED] - Keys 'ENTER + ' sent to object: 'Object Repository/Modulo Tarea Administracion Compensacion/Dias con Permisos Pasivos Permitidos/input_Fecha Origen_form_vacaciones'

2021-11-22 08:56:33 - [TEST_STEP][PASSED] - waitForElementClickable(findTestObject("Modulo Tarea Administracion Compensacion/Dias con Permisos Pasivos Permitidos/a_Guardar"), G_TimeOut): Object 'Object Repository/Modulo Tarea Administracion Compensacion/Dias con Permisos Pasivos Permitidos/a_Guardar' is clickable

2021-11-22 08:56:33 - [MESSAGE][PASSED] - Object 'Object Repository/Modulo Tarea Administracion Compensacion/Dias con Permisos Pasivos Permitidos/a_Guardar' is clickable

2021-11-22 08:56:33 - [TEST_STEP][PASSED] - click(findTestObject("Modulo Tarea Administracion Compensacion/Dias con Permisos Pasivos Permitidos/a_Guardar")): Object: 'Object Repository/Modulo Tarea Administracion Compensacion/Dias con Permisos Pasivos Permitidos/a_Guardar' is clicked on

2021-11-22 08:56:34 - [MESSAGE][PASSED] - Object: 'Object Repository/Modulo Tarea Administracion Compensacion/Dias con Permisos Pasivos Permitidos/a_Guardar' is clicked on

2021-11-22 08:56:34 - [TEST_STEP][PASSED] - waitForElementClickable(findTestObject("Modulo Tarea Administracion Compensacion/Dias con Permisos Pasivos Permitidos/a_Regresar"), G_TimeOut): Object 'Object Repository/Modulo Tarea Administracion Compensacion/Dias con Permisos Pasivos Permitidos/a_Regresar' is clickable

2021-11-22 08:56:35 - [MESSAGE][PASSED] - Object 'Object Repository/Modulo Tarea Administracion Compensacion/Dias con Permisos Pasivos Permitidos/a_Regresar' is clickable

2021-11-22 08:56:35 - [TEST_STEP][PASSED] - click(findTestObject("Modulo Tarea Administracion Compensacion/Dias con Permisos Pasivos Permitidos/a_Regresar")): Object: 'Object Repository/Modulo Tarea Administracion Compensacion/Dias con Permisos Pasivos Permitidos/a_Regresar' is clicked on

2021-11-22 08:56:36 - [MESSAGE][PASSED] - Object: 'Object Repository/Modulo Tarea Administracion Compensacion/Dias con Permisos Pasivos Permitidos/a_Regresar' is clicked on

2021-11-22 08:56:36 - [TEST_STEP][PASSED] - delay(3): Delayed 3 second(s)

2021-11-22 08:56:39 - [MESSAGE][PASSED] - Delayed 3 second(s)

2021-11-22 08:56:39 - [TEST_STEP][PASSED] - if (waitForElementClickable(findTestObject("Modulo Tarea Administracion Compensacion/Dias con Permisos Pasivos Permitidos/td_02062021"), 1)): null

2021-11-22 08:56:39 - [MESSAGE][PASSED] - Object 'Object Repository/Modulo Tarea Administracion Compensacion/Dias con Permisos Pasivos Permitidos/td_02062021' is clickable

2021-11-22 08:56:39 - [TEST_STEP][PASSED] - click(findTestObject("Modulo Tarea Administracion Compensacion/Dias con Permisos Pasivos Permitidos/td_02062021")): Object: 'Object Repository/Modulo Tarea Administracion Compensacion/Dias con Permisos Pasivos Permitidos/td_02062021' is clicked on

2021-11-22 08:56:40 - [MESSAGE][PASSED] - Object: 'Object Repository/Modulo Tarea Administracion Compensacion/Dias con Permisos Pasivos Permitidos/td_02062021' is clicked on

2021-11-22 08:56:40 - [TEST_STEP][PASSED] - waitForElementClickable(findTestObject("Modulo Tarea Administracion Compensacion/Dias con Permisos Pasivos Permitidos/a_Eliminar Directo_Solicitud"), 0): Object 'Object Repository/Modulo Tarea Administracion Compensacion/Dias con Permisos Pasivos Permitidos/a_Eliminar Directo_Solicitud' is clickable

2021-11-22 08:56:40 - [MESSAGE][WARNING] - Timeout '0' is invalid. Using default page load timeout: '30'

2021-11-22 08:56:40 - [MESSAGE][PASSED] - Object 'Object Repository/Modulo Tarea Administracion Compensacion/Dias con Permisos Pasivos Permitidos/a_Eliminar Directo_Solicitud' is clickable

2021-11-22 08:56:40 - [TEST_STEP][PASSED] - click(findTestObject("Modulo Tarea Administracion Compensacion/Dias con Permisos Pasivos Permitidos/a_Eliminar Directo_Solicitud")): Object: 'Object Repository/Modulo Tarea Administracion Compensacion/Dias con Permisos Pasivos Permitidos/a_Eliminar Directo_Solicitud' is clicked on

2021-11-22 08:56:41 - [MESSAGE][PASSED] - Object: 'Object Repository/Modulo Tarea Administracion Compensacion/Dias con Permisos Pasivos Permitidos/a_Eliminar Directo_Solicitud' is clicked on

2021-11-22 08:56:41 - [TEST_STEP][PASSED] - click(findTestObject("Modulo Tarea Administracion Compensacion/Dias con Permisos Pasivos Permitidos/a_Aceptar")): Object: 'Object Repository/Modulo Tarea Administracion Compensacion/Dias con Permisos Pasivos Permitidos/a_Aceptar' is clicked on

2021-11-22 08:56:45 - [MESSAGE][PASSED] - Object: 'Object Repository/Modulo Tarea Administracion Compensacion/Dias con Permisos Pasivos Permitidos/a_Aceptar' is clicked on

2021-11-22 08:56:45 - [TEST_STEP][PASSED] - waitForElementClickable(findTestObject("Modulo Tarea Administracion Compensacion/Dias con Permisos Pasivos Permitidos/a_Nueva Solicitud"), G_TimeOut): Object 'Object Repository/Modulo Tarea Administracion Compensacion/Dias con Permisos Pasivos Permitidos/a_Nueva Solicitud' is clickable

2021-11-22 08:56:45 - [MESSAGE][PASSED] - Object 'Object Repository/Modulo Tarea Administracion Compensacion/Dias con Permisos Pasivos Permitidos/a_Nueva Solicitud' is clickable

2021-11-22 08:56:45 - [TEST_STEP][PASSED] - click(findTestObject("Modulo Tarea Administracion Compensacion/Dias con Permisos Pasivos Permitidos/a_Nueva Solicitud")): Object: 'Object Repository/Modulo Tarea Administracion Compensacion/Dias con Permisos Pasivos Permitidos/a_Nueva Solicitud' is clicked on

2021-11-22 08:56:46 - [MESSAGE][PASSED] - Object: 'Object Repository/Modulo Tarea Administracion Compensacion/Dias con Permisos Pasivos Permitidos/a_Nueva Solicitud' is clicked on

2021-11-22 08:56:46 - [TEST_STEP][PASSED] - setText(findTestObject("Modulo Tarea Administracion Compensacion/Dias con Permisos Pasivos Permitidos/input_Salida Nomina_form_vacaciones"), "01/06/2021"): Text '01/06/2021' is set on object 'Object Repository/Modulo Tarea Administracion Compensacion/Dias con Permisos Pasivos Permitidos/input_Salida Nomina_form_vacaciones'

2021-11-22 08:56:47 - [MESSAGE][PASSED] - Text '01/06/2021' is set on object 'Object Repository/Modulo Tarea Administracion Compensacion/Dias con Permisos Pasivos Permitidos/input_Salida Nomina_form_vacaciones'

2021-11-22 08:56:47 - [TEST_STEP][PASSED] - sendKeys(findTestObject("Modulo Tarea Administracion Compensacion/Dias con Permisos Pasivos Permitidos/input_Salida Nomina_form_vacaciones"), Keys.chord(ENTER)): Keys 'ENTER + ' sent to object: 'Object Repository/Modulo Tarea Administracion Compensacion/Dias con Permisos Pasivos Permitidos/input_Salida Nomina_form_vacaciones'

2021-11-22 08:56:47 - [MESSAGE][PASSED] - Keys 'ENTER + ' sent to object: 'Object Repository/Modulo Tarea Administracion Compensacion/Dias con Permisos Pasivos Permitidos/input_Salida Nomina_form_vacaciones'

2021-11-22 08:56:47 - [TEST_STEP][PASSED] - selectOptionByIndex(findTestObject("Modulo Tarea Administracion Compensacion/Dias con Permisos Pasivos Permitidos/select_SeleccioneChequeEntidad_"), "3"): All options with index in [3] are selected on object 'Object Repository/Modulo Tarea Administracion Compensacion/Dias con Permisos Pasivos Permitidos/select_SeleccioneChequeEntidad_'

2021-11-22 08:56:48 - [MESSAGE][PASSED] - All options with index in [3] are selected on object 'Object Repository/Modulo Tarea Administracion Compensacion/Dias con Permisos Pasivos Permitidos/select_SeleccioneChequeEntidad_'

2021-11-22 08:56:48 - [TEST_STEP][PASSED] - setText(findTestObject("Modulo Tarea Administracion Compensacion/Dias con Permisos Pasivos Permitidos/input_Pago_form_vacacionesEmpleado"), "01/06/2021"): Text '01/06/2021' is set on object 'Object Repository/Modulo Tarea Administracion Compensacion/Dias con Permisos Pasivos Permitidos/input_Pago_form_vacacionesEmpleado'

2021-11-22 08:56:50 - [MESSAGE][PASSED] - Text '01/06/2021' is set on object 'Object Repository/Modulo Tarea Administracion Compensacion/Dias con Permisos Pasivos Permitidos/input_Pago_form_vacacionesEmpleado'

2021-11-22 08:56:50 - [TEST_STEP][PASSED] - sendKeys(findTestObject("Modulo Tarea Administracion Compensacion/Dias con Permisos Pasivos Permitidos/input_Pago_form_vacacionesEmpleado"), Keys.chord(ENTER)): Keys 'ENTER + ' sent to object: 'Object Repository/Modulo Tarea Administracion Compensacion/Dias con Permisos Pasivos Permitidos/input_Pago_form_vacacionesEmpleado'

2021-11-22 08:56:50 - [MESSAGE][PASSED] - Keys 'ENTER + ' sent to object: 'Object Repository/Modulo Tarea Administracion Compensacion/Dias con Permisos Pasivos Permitidos/input_Pago_form_vacacionesEmpleado'

2021-11-22 08:56:50 - [TEST_STEP][PASSED] - setText(findTestObject("Modulo Tarea Administracion Compensacion/Dias con Permisos Pasivos Permitidos/input_Disfrute_form_vacacionesEmpleado"), "1"): Text '1' is set on object 'Object Repository/Modulo Tarea Administracion Compensacion/Dias con Permisos Pasivos Permitidos/input_Disfrute_form_vacacionesEmpleado'

2021-11-22 08:56:51 - [MESSAGE][PASSED] - Text '1' is set on object 'Object Repository/Modulo Tarea Administracion Compensacion/Dias con Permisos Pasivos Permitidos/input_Disfrute_form_vacacionesEmpleado'

2021-11-22 08:56:51 - [TEST_STEP][PASSED] - setText(findTestObject("Modulo Tarea Administracion Compensacion/Dias con Permisos Pasivos Permitidos/input_Compensados_form_vacaciones"), "1"): Text '1' is set on object 'Object Repository/Modulo Tarea Administracion Compensacion/Dias con Permisos Pasivos Permitidos/input_Compensados_form_vacaciones'

2021-11-22 08:56:52 - [MESSAGE][PASSED] - Text '1' is set on object 'Object Repository/Modulo Tarea Administracion Compensacion/Dias con Permisos Pasivos Permitidos/input_Compensados_form_vacaciones'

2021-11-22 08:56:52 - [TEST_STEP][PASSED] - setText(findTestObject("Modulo Tarea Administracion Compensacion/Dias con Permisos Pasivos Permitidos/textarea_Observacin_form_vacaciones"), "Pruebas sara"): Text 'Pruebas sara' is set on object 'Object Repository/Modulo Tarea Administracion Compensacion/Dias con Permisos Pasivos Permitidos/textarea_Observacin_form_vacaciones'

2021-11-22 08:56:52 - [MESSAGE][PASSED] - Text 'Pruebas sara' is set on object 'Object Repository/Modulo Tarea Administracion Compensacion/Dias con Permisos Pasivos Permitidos/textarea_Observacin_form_vacaciones'

2021-11-22 08:56:52 - [TEST_STEP][PASSED] - waitForElementClickable(findTestObject("Modulo Tarea Administracion Compensacion/Dias con Permisos Pasivos Permitidos/a_Verificar"), G_TimeOut): Object 'Object Repository/Modulo Tarea Administracion Compensacion/Dias con Permisos Pasivos Permitidos/a_Verificar' is clickable

2021-11-22 08:56:53 - [MESSAGE][PASSED] - Object 'Object Repository/Modulo Tarea Administracion Compensacion/Dias con Permisos Pasivos Permitidos/a_Verificar' is clickable

2021-11-22 08:56:53 - [TEST_STEP][PASSED] - click(findTestObject("Modulo Tarea Administracion Compensacion/Dias con Permisos Pasivos Permitidos/a_Verificar")): Object: 'Object Repository/Modulo Tarea Administracion Compensacion/Dias con Permisos Pasivos Permitidos/a_Verificar' is clicked on

2021-11-22 08:56:53 - [MESSAGE][PASSED] - Object: 'Object Repository/Modulo Tarea Administracion Compensacion/Dias con Permisos Pasivos Permitidos/a_Verificar' is clicked on

2021-11-22 08:56:53 - [TEST_STEP][PASSED] - waitForElementClickable(findTestObject("Modulo Tarea Administracion Compensacion/Dias con Permisos Pasivos Permitidos/a_Guardar_solicitudes"), 0): Object 'Object Repository/Modulo Tarea Administracion Compensacion/Dias con Permisos Pasivos Permitidos/a_Guardar_solicitudes' is clickable

2021-11-22 08:56:53 - [MESSAGE][WARNING] - Timeout '0' is invalid. Using default page load timeout: '30'

2021-11-22 08:56:54 - [MESSAGE][PASSED] - Object 'Object Repository/Modulo Tarea Administracion Compensacion/Dias con Permisos Pasivos Permitidos/a_Guardar_solicitudes' is clickable

2021-11-22 08:56:54 - [TEST_STEP][PASSED] - click(findTestObject("Modulo Tarea Administracion Compensacion/Dias con Permisos Pasivos Permitidos/a_Guardar_solicitudes")): Object: 'Object Repository/Modulo Tarea Administracion Compensacion/Dias con Permisos Pasivos Permitidos/a_Guardar_solicitudes' is clicked on

2021-11-22 08:56:55 - [MESSAGE][PASSED] - Object: 'Object Repository/Modulo Tarea Administracion Compensacion/Dias con Permisos Pasivos Permitidos/a_Guardar_solicitudes' is clicked on

2021-11-22 08:56:55 - [TEST_STEP][PASSED] - getText(findTestObject("Alerta/Alerta")): Text of object 'Object Repository/Alerta/Alerta' is: 'Se modifico exitosamente su solicitud'

2021-11-22 08:56:55 - [MESSAGE][PASSED] - Text of object 'Object Repository/Alerta/Alerta' is: 'Se modifico exitosamente su solicitud'

2021-11-22 08:56:55 - [TEST_STEP][PASSED] - click(findTestObject("Modulo Tarea Administracion Compensacion/Dias con Permisos Pasivos Permitidos/a_Regresar_vacaciones")): Object: 'Object Repository/Modulo Tarea Administracion Compensacion/Dias con Permisos Pasivos Permitidos/a_Regresar_vacaciones' is clicked on

2021-11-22 08:56:56 - [MESSAGE][PASSED] - Object: 'Object Repository/Modulo Tarea Administracion Compensacion/Dias con Permisos Pasivos Permitidos/a_Regresar_vacaciones' is clicked on

2021-11-22 08:56:56 - [MESSAGE][PASSED] - Call Test Case 'Test Cases/1.1-Tareas Principales/1.1.6-crear vacaciones' successfully

2021-11-22 08:56:56 - [TEST_STEP][PASSED] - delay(2): Delayed 2 second(s)

2021-11-22 08:56:58 - [MESSAGE][PASSED] - Delayed 2 second(s)

2021-11-22 08:56:58 - [TEST_STEP][PASSED] - setText(findTestObject("Modulo Tarea Administracion Compensacion/Generar Vacaciones/input_Listado de Empleados_form_templatej_idt24_input"), "Generacion Vacaciones"): Text 'Generacion Vacaciones' is set on object 'Object Repository/Modulo Tarea Administracion Compensacion/Generar Vacaciones/input_Listado de Empleados_form_templatej_idt24_input'

2021-11-22 08:56:59 - [MESSAGE][PASSED] - Text 'Generacion Vacaciones' is set on object 'Object Repository/Modulo Tarea Administracion Compensacion/Generar Vacaciones/input_Listado de Empleados_form_templatej_idt24_input'

2021-11-22 08:56:59 - [TEST_STEP][PASSED] - delay(1): Delayed 1 second(s)

2021-11-22 08:57:00 - [MESSAGE][PASSED] - Delayed 1 second(s)

2021-11-22 08:57:00 - [TEST_STEP][PASSED] - waitForElementClickable(findTestObject("Modulo Tarea Administracion Compensacion/Generar Vacaciones/a_Generacin"), G_TimeOut): Object 'Object Repository/Modulo Tarea Administracion Compensacion/Generar Vacaciones/a_Generacin' is clickable

2021-11-22 08:57:00 - [MESSAGE][PASSED] - Object 'Object Repository/Modulo Tarea Administracion Compensacion/Generar Vacaciones/a_Generacin' is clickable

2021-11-22 08:57:00 - [TEST_STEP][PASSED] - sendKeys(findTestObject("Modulo Tarea Administracion Compensacion/Generar Vacaciones/input_Listado de Empleados_form_templatej_idt24_input"), Keys.chord(ENTER)): Keys 'ENTER + ' sent to object: 'Object Repository/Modulo Tarea Administracion Compensacion/Generar Vacaciones/input_Listado de Empleados_form_templatej_idt24_input'

2021-11-22 08:57:01 - [MESSAGE][PASSED] - Keys 'ENTER + ' sent to object: 'Object Repository/Modulo Tarea Administracion Compensacion/Generar Vacaciones/input_Listado de Empleados_form_templatej_idt24_input'

2021-11-22 08:57:01 - [TEST_STEP][PASSED] - click(findTestObject("Modulo Tarea Administracion Compensacion/Generar Vacaciones/a_Generacin")): Object: 'Object Repository/Modulo Tarea Administracion Compensacion/Generar Vacaciones/a_Generacin' is clicked on

2021-11-22 08:57:04 - [MESSAGE][PASSED] - Object: 'Object Repository/Modulo Tarea Administracion Compensacion/Generar Vacaciones/a_Generacin' is clicked on

2021-11-22 08:57:04 - [TEST_STEP][PASSED] - waitForElementClickable(findTestObject("Modulo Tarea Administracion Compensacion/Generar Vacaciones/select_--Seleccione--ChequeEntidad de PagoPeriodo de Nomina"), G_TimeOut): Object 'Object Repository/Modulo Tarea Administracion Compensacion/Generar Vacaciones/select_--Seleccione--ChequeEntidad de PagoPeriodo de Nomina' is clickable

2021-11-22 08:57:04 - [MESSAGE][PASSED] - Object 'Object Repository/Modulo Tarea Administracion Compensacion/Generar Vacaciones/select_--Seleccione--ChequeEntidad de PagoPeriodo de Nomina' is clickable

2021-11-22 08:57:04 - [TEST_STEP][PASSED] - click(findTestObject("Modulo Tarea Administracion Compensacion/Generar Vacaciones/select_--Seleccione--ChequeEntidad de PagoPeriodo de Nomina")): Object: 'Object Repository/Modulo Tarea Administracion Compensacion/Generar Vacaciones/select_--Seleccione--ChequeEntidad de PagoPeriodo de Nomina' is clicked on

2021-11-22 08:57:05 - [MESSAGE][PASSED] - Object: 'Object Repository/Modulo Tarea Administracion Compensacion/Generar Vacaciones/select_--Seleccione--ChequeEntidad de PagoPeriodo de Nomina' is clicked on

2021-11-22 08:57:05 - [TEST_STEP][PASSED] - selectOptionByIndex(findTestObject("Modulo Tarea Administracion Compensacion/Generar Vacaciones/select_--Seleccione--ChequeEntidad de PagoPeriodo de Nomina"), "3"): All options with index in [3] are selected on object 'Object Repository/Modulo Tarea Administracion Compensacion/Generar Vacaciones/select_--Seleccione--ChequeEntidad de PagoPeriodo de Nomina'

2021-11-22 08:57:06 - [MESSAGE][PASSED] - All options with index in [3] are selected on object 'Object Repository/Modulo Tarea Administracion Compensacion/Generar Vacaciones/select_--Seleccione--ChequeEntidad de PagoPeriodo de Nomina'

2021-11-22 08:57:06 - [TEST_STEP][PASSED] - waitForElementClickable(findTestObject("Modulo Tarea Administracion Compensacion/Generar Vacaciones/a_Periodo Nomina_btn_popupInformacion"), G_TimeOut): Object 'Object Repository/Modulo Tarea Administracion Compensacion/Generar Vacaciones/a_Periodo Nomina_btn_popupInformacion' is clickable

2021-11-22 08:57:07 - [MESSAGE][PASSED] - Object 'Object Repository/Modulo Tarea Administracion Compensacion/Generar Vacaciones/a_Periodo Nomina_btn_popupInformacion' is clickable

2021-11-22 08:57:07 - [TEST_STEP][PASSED] - click(findTestObject("Modulo Tarea Administracion Compensacion/Generar Vacaciones/a_Periodo Nomina_btn_popupInformacion")): Object: 'Object Repository/Modulo Tarea Administracion Compensacion/Generar Vacaciones/a_Periodo Nomina_btn_popupInformacion' is clicked on

2021-11-22 08:57:07 - [MESSAGE][PASSED] - Object: 'Object Repository/Modulo Tarea Administracion Compensacion/Generar Vacaciones/a_Periodo Nomina_btn_popupInformacion' is clicked on

2021-11-22 08:57:07 - [TEST_STEP][PASSED] - waitForElementClickable(findTestObject("Modulo Tarea Administracion Compensacion/Generar Vacaciones/span_P MensualJunio2021"), G_TimeOut): Object 'Object Repository/Modulo Tarea Administracion Compensacion/Generar Vacaciones/span_P MensualJunio2021' is clickable

2021-11-22 08:57:08 - [MESSAGE][PASSED] - Object 'Object Repository/Modulo Tarea Administracion Compensacion/Generar Vacaciones/span_P MensualJunio2021' is clickable

2021-11-22 08:57:08 - [TEST_STEP][PASSED] - click(findTestObject("Modulo Tarea Administracion Compensacion/Generar Vacaciones/span_P MensualJunio2021")): Object: 'Object Repository/Modulo Tarea Administracion Compensacion/Generar Vacaciones/span_P MensualJunio2021' is clicked on

2021-11-22 08:57:08 - [MESSAGE][PASSED] - Object: 'Object Repository/Modulo Tarea Administracion Compensacion/Generar Vacaciones/span_P MensualJunio2021' is clicked on

2021-11-22 08:57:08 - [TEST_STEP][PASSED] - waitForElementClickable(findTestObject("Modulo Tarea Administracion Compensacion/Generar Vacaciones/a_Filtrar"), G_TimeOut): Object 'Object Repository/Modulo Tarea Administracion Compensacion/Generar Vacaciones/a_Filtrar' is clickable

2021-11-22 08:57:09 - [MESSAGE][PASSED] - Object 'Object Repository/Modulo Tarea Administracion Compensacion/Generar Vacaciones/a_Filtrar' is clickable

2021-11-22 08:57:09 - [TEST_STEP][PASSED] - click(findTestObject("Modulo Tarea Administracion Compensacion/Generar Vacaciones/a_Filtrar")): Object: 'Object Repository/Modulo Tarea Administracion Compensacion/Generar Vacaciones/a_Filtrar' is clicked on

2021-11-22 08:57:09 - [MESSAGE][PASSED] - Object: 'Object Repository/Modulo Tarea Administracion Compensacion/Generar Vacaciones/a_Filtrar' is clicked on

2021-11-22 08:57:09 - [TEST_STEP][PASSED] - waitForElementClickable(findTestObject("Modulo Tarea Administracion Compensacion/Generar Vacaciones/div_Detalle_ui-chkbox-box ui-widget ui-corner-all ui-state-default"), G_TimeOut): Object 'Object Repository/Modulo Tarea Administracion Compensacion/Generar Vacaciones/div_Detalle_ui-chkbox-box ui-widget ui-corner-all ui-state-default' is clickable

2021-11-22 08:57:10 - [MESSAGE][PASSED] - Object 'Object Repository/Modulo Tarea Administracion Compensacion/Generar Vacaciones/div_Detalle_ui-chkbox-box ui-widget ui-corner-all ui-state-default' is clickable

2021-11-22 08:57:10 - [TEST_STEP][PASSED] - click(findTestObject("Modulo Tarea Administracion Compensacion/Generar Vacaciones/div_Detalle_ui-chkbox-box ui-widget ui-corner-all ui-state-default")): Object: 'Object Repository/Modulo Tarea Administracion Compensacion/Generar Vacaciones/div_Detalle_ui-chkbox-box ui-widget ui-corner-all ui-state-default' is clicked on

2021-11-22 08:57:10 - [MESSAGE][PASSED] - Object: 'Object Repository/Modulo Tarea Administracion Compensacion/Generar Vacaciones/div_Detalle_ui-chkbox-box ui-widget ui-corner-all ui-state-default' is clicked on

2021-11-22 08:57:10 - [TEST_STEP][PASSED] - waitForElementClickable(findTestObject("Modulo Tarea Administracion Compensacion/Generar Vacaciones/a_Aplicar"), G_TimeOut): Web element with id: 'Object Repository/Modulo Tarea Administracion Compensacion/Generar Vacaciones/a_Aplicar' located by '//table[4]/tbody/tr/td/a' not found

2021-11-22 08:57:21 - [MESSAGE][INFO] - Unable to find the element located by 'By.xpath: //table[4]/tbody/tr/td/a'. Please recheck the objects properties to make sure the desired element is located. 

2021-11-22 08:57:21 - [MESSAGE][WARNING] - Web element with id: 'Object Repository/Modulo Tarea Administracion Compensacion/Generar Vacaciones/a_Aplicar' located by '//table[4]/tbody/tr/td/a' not found

2021-11-22 08:57:21 - [TEST_STEP][FAILED] - click(findTestObject("Modulo Tarea Administracion Compensacion/Generar Vacaciones/a_Aplicar")): Unable to click on object 'Object Repository/Modulo Tarea Administracion Compensacion/Generar Vacaciones/a_Aplicar' (Root cause: com.kms.katalon.core.exception.StepFailedException: Unable to click on object 'Object Repository/Modulo Tarea Administracion Compensacion/Generar Vacaciones/a_Aplicar'
	at com.kms.katalon.core.webui.keyword.internal.WebUIKeywordMain.stepFailed(WebUIKeywordMain.groovy:64)
	at com.kms.katalon.core.webui.keyword.internal.WebUIKeywordMain.runKeyword(WebUIKeywordMain.groovy:26)
	at com.kms.katalon.core.webui.keyword.builtin.ClickKeyword.click(ClickKeyword.groovy:74)
	at com.kms.katalon.core.webui.keyword.builtin.ClickKeyword.execute(ClickKeyword.groovy:40)
	at com.kms.katalon.core.keyword.internal.KeywordExecutor.executeKeywordForPlatform(KeywordExecutor.groovy:74)
	at com.kms.katalon.core.webui.keyword.WebUiBuiltInKeywords.click(WebUiBuiltInKeywords.groovy:620)
	at com.kms.katalon.core.webui.keyword.WebUiBuiltInKeywords$click$5.call(Unknown Source)
	at 1.1.7-Generar Vacaciones.run(1.1.7-Generar Vacaciones:65)
	at com.kms.katalon.core.main.ScriptEngine.run(ScriptEngine.java:194)
	at com.kms.katalon.core.main.ScriptEngine.runScriptAsRawText(ScriptEngine.java:119)
	at com.kms.katalon.core.main.TestCaseExecutor.runScript(TestCaseExecutor.java:442)
	at com.kms.katalon.core.main.TestCaseExecutor.doExecute(TestCaseExecutor.java:433)
	at com.kms.katalon.core.main.TestCaseExecutor.processExecutionPhase(TestCaseExecutor.java:412)
	at com.kms.katalon.core.main.TestCaseExecutor.accessMainPhase(TestCaseExecutor.java:404)
	at com.kms.katalon.core.main.TestCaseExecutor.execute(TestCaseExecutor.java:281)
	at com.kms.katalon.core.main.TestCaseMain.runTestCase(TestCaseMain.java:138)
	at com.kms.katalon.core.keyword.builtin.CallTestCaseKeyword$_callTestCase_closure1.doCall(CallTestCaseKeyword.groovy:59)
	at com.kms.katalon.core.keyword.builtin.CallTestCaseKeyword$_callTestCase_closure1.call(CallTestCaseKeyword.groovy)
	at com.kms.katalon.core.keyword.internal.KeywordMain.runKeyword(KeywordMain.groovy:74)
	at com.kms.katalon.core.keyword.builtin.CallTestCaseKeyword.callTestCase(CallTestCaseKeyword.groovy:81)
	at com.kms.katalon.core.keyword.builtin.CallTestCaseKeyword.execute(CallTestCaseKeyword.groovy:44)
	at com.kms.katalon.core.keyword.internal.KeywordExecutor.executeKeywordForPlatform(KeywordExecutor.groovy:74)
	at com.kms.katalon.core.keyword.BuiltinKeywords.callTestCase(BuiltinKeywords.groovy:334)
	at 1.1.8-Mantenimiento de Vacaciones Reliquidar.run(1.1.8-Mantenimiento de Vacaciones Reliquidar:40)
	at com.kms.katalon.core.main.ScriptEngine.run(ScriptEngine.java:194)
	at com.kms.katalon.core.main.ScriptEngine.runScriptAsRawText(ScriptEngine.java:119)
	at com.kms.katalon.core.main.TestCaseExecutor.runScript(TestCaseExecutor.java:442)
	at com.kms.katalon.core.main.TestCaseExecutor.doExecute(TestCaseExecutor.java:433)
	at com.kms.katalon.core.main.TestCaseExecutor.processExecutionPhase(TestCaseExecutor.java:412)
	at com.kms.katalon.core.main.TestCaseExecutor.accessMainPhase(TestCaseExecutor.java:404)
	at com.kms.katalon.core.main.TestCaseExecutor.execute(TestCaseExecutor.java:281)
	at com.kms.katalon.core.main.TestSuiteExecutor.accessTestCaseMainPhase(TestSuiteExecutor.java:202)
	at com.kms.katalon.core.main.TestSuiteExecutor.accessTestSuiteMainPhase(TestSuiteExecutor.java:164)
	at com.kms.katalon.core.main.TestSuiteExecutor.execute(TestSuiteExecutor.java:105)
	at com.kms.katalon.core.main.TestCaseMain.startTestSuite(TestCaseMain.java:181)
	at com.kms.katalon.core.main.TestCaseMain$startTestSuite$0.call(Unknown Source)
	at TempTestSuite1637588847917.run(TempTestSuite1637588847917.groovy:36)
Caused by: com.kms.katalon.core.webui.exception.WebElementNotFoundException: Web element with id: 'Object Repository/Modulo Tarea Administracion Compensacion/Generar Vacaciones/a_Aplicar' located by '//table[4]/tbody/tr/td/a' not found
	at com.kms.katalon.core.webui.common.WebUiCommonHelper.findWebElement(WebUiCommonHelper.java:1368)
	at com.kms.katalon.core.webui.keyword.internal.WebUIAbstractKeyword.findWebElement(WebUIAbstractKeyword.groovy:27)
	at com.kms.katalon.core.webui.keyword.builtin.ClickKeyword$_click_closure1.doCall(ClickKeyword.groovy:65)
	at com.kms.katalon.core.webui.keyword.builtin.ClickKeyword$_click_closure1.call(ClickKeyword.groovy)
	at com.kms.katalon.core.webui.keyword.internal.WebUIKeywordMain.runKeyword(WebUIKeywordMain.groovy:20)
	at com.kms.katalon.core.webui.keyword.builtin.ClickKeyword.click(ClickKeyword.groovy:74)
	at com.kms.katalon.core.webui.keyword.builtin.ClickKeyword.execute(ClickKeyword.groovy:40)
	at com.kms.katalon.core.keyword.internal.KeywordExecutor.executeKeywordForPlatform(KeywordExecutor.groovy:74)
	at com.kms.katalon.core.webui.keyword.WebUiBuiltInKeywords.click(WebUiBuiltInKeywords.groovy:620)
	at com.kms.katalon.core.webui.keyword.WebUiBuiltInKeywords$click$5.call(Unknown Source)
	at Script1548864467260.run(Script1548864467260.groovy:65)
	at com.kms.katalon.core.main.ScriptEngine.run(ScriptEngine.java:194)
	at com.kms.katalon.core.main.ScriptEngine.runScriptAsRawText(ScriptEngine.java:119)
	at com.kms.katalon.core.main.TestCaseExecutor.runScript(TestCaseExecutor.java:442)
	at com.kms.katalon.core.main.TestCaseExecutor.doExecute(TestCaseExecutor.java:433)
	at com.kms.katalon.core.main.TestCaseExecutor.processExecutionPhase(TestCaseExecutor.java:412)
	at com.kms.katalon.core.main.TestCaseExecutor.accessMainPhase(TestCaseExecutor.java:404)
	at com.kms.katalon.core.main.TestCaseExecutor.execute(TestCaseExecutor.java:281)
	at com.kms.katalon.core.main.TestCaseMain.runTestCase(TestCaseMain.java:138)
	at com.kms.katalon.core.keyword.builtin.CallTestCaseKeyword$_callTestCase_closure1.doCall(CallTestCaseKeyword.groovy:59)
	at com.kms.katalon.core.keyword.builtin.CallTestCaseKeyword$_callTestCase_closure1.call(CallTestCaseKeyword.groovy)
	at com.kms.katalon.core.keyword.internal.KeywordMain.runKeyword(KeywordMain.groovy:74)
	at com.kms.katalon.core.keyword.builtin.CallTestCaseKeyword.callTestCase(CallTestCaseKeyword.groovy:81)
	at com.kms.katalon.core.keyword.builtin.CallTestCaseKeyword.execute(CallTestCaseKeyword.groovy:44)
	at com.kms.katalon.core.keyword.internal.KeywordExecutor.executeKeywordForPlatform(KeywordExecutor.groovy:74)
	at com.kms.katalon.core.keyword.BuiltinKeywords.callTestCase(BuiltinKeywords.groovy:334)
	at Script1548864505129.run(Script1548864505129.groovy:40)
	... 13 more
)

2021-11-22 08:57:53 - [MESSAGE][INFO] - Unable to find the element located by 'By.xpath: //table[4]/tbody/tr/td/a'. Please recheck the objects properties to make sure the desired element is located. 

2021-11-22 08:57:53 - [MESSAGE][FAILED] - Unable to click on object 'Object Repository/Modulo Tarea Administracion Compensacion/Generar Vacaciones/a_Aplicar' (Root cause: com.kms.katalon.core.exception.StepFailedException: Unable to click on object 'Object Repository/Modulo Tarea Administracion Compensacion/Generar Vacaciones/a_Aplicar'
	at com.kms.katalon.core.webui.keyword.internal.WebUIKeywordMain.stepFailed(WebUIKeywordMain.groovy:64)
	at com.kms.katalon.core.webui.keyword.internal.WebUIKeywordMain.runKeyword(WebUIKeywordMain.groovy:26)
	at com.kms.katalon.core.webui.keyword.builtin.ClickKeyword.click(ClickKeyword.groovy:74)
	at com.kms.katalon.core.webui.keyword.builtin.ClickKeyword.execute(ClickKeyword.groovy:40)
	at com.kms.katalon.core.keyword.internal.KeywordExecutor.executeKeywordForPlatform(KeywordExecutor.groovy:74)
	at com.kms.katalon.core.webui.keyword.WebUiBuiltInKeywords.click(WebUiBuiltInKeywords.groovy:620)
	at com.kms.katalon.core.webui.keyword.WebUiBuiltInKeywords$click$5.call(Unknown Source)
	at 1.1.7-Generar Vacaciones.run(1.1.7-Generar Vacaciones:65)
	at com.kms.katalon.core.main.ScriptEngine.run(ScriptEngine.java:194)
	at com.kms.katalon.core.main.ScriptEngine.runScriptAsRawText(ScriptEngine.java:119)
	at com.kms.katalon.core.main.TestCaseExecutor.runScript(TestCaseExecutor.java:442)
	at com.kms.katalon.core.main.TestCaseExecutor.doExecute(TestCaseExecutor.java:433)
	at com.kms.katalon.core.main.TestCaseExecutor.processExecutionPhase(TestCaseExecutor.java:412)
	at com.kms.katalon.core.main.TestCaseExecutor.accessMainPhase(TestCaseExecutor.java:404)
	at com.kms.katalon.core.main.TestCaseExecutor.execute(TestCaseExecutor.java:281)
	at com.kms.katalon.core.main.TestCaseMain.runTestCase(TestCaseMain.java:138)
	at com.kms.katalon.core.keyword.builtin.CallTestCaseKeyword$_callTestCase_closure1.doCall(CallTestCaseKeyword.groovy:59)
	at com.kms.katalon.core.keyword.builtin.CallTestCaseKeyword$_callTestCase_closure1.call(CallTestCaseKeyword.groovy)
	at com.kms.katalon.core.keyword.internal.KeywordMain.runKeyword(KeywordMain.groovy:74)
	at com.kms.katalon.core.keyword.builtin.CallTestCaseKeyword.callTestCase(CallTestCaseKeyword.groovy:81)
	at com.kms.katalon.core.keyword.builtin.CallTestCaseKeyword.execute(CallTestCaseKeyword.groovy:44)
	at com.kms.katalon.core.keyword.internal.KeywordExecutor.executeKeywordForPlatform(KeywordExecutor.groovy:74)
	at com.kms.katalon.core.keyword.BuiltinKeywords.callTestCase(BuiltinKeywords.groovy:334)
	at 1.1.8-Mantenimiento de Vacaciones Reliquidar.run(1.1.8-Mantenimiento de Vacaciones Reliquidar:40)
	at com.kms.katalon.core.main.ScriptEngine.run(ScriptEngine.java:194)
	at com.kms.katalon.core.main.ScriptEngine.runScriptAsRawText(ScriptEngine.java:119)
	at com.kms.katalon.core.main.TestCaseExecutor.runScript(TestCaseExecutor.java:442)
	at com.kms.katalon.core.main.TestCaseExecutor.doExecute(TestCaseExecutor.java:433)
	at com.kms.katalon.core.main.TestCaseExecutor.processExecutionPhase(TestCaseExecutor.java:412)
	at com.kms.katalon.core.main.TestCaseExecutor.accessMainPhase(TestCaseExecutor.java:404)
	at com.kms.katalon.core.main.TestCaseExecutor.execute(TestCaseExecutor.java:281)
	at com.kms.katalon.core.main.TestSuiteExecutor.accessTestCaseMainPhase(TestSuiteExecutor.java:202)
	at com.kms.katalon.core.main.TestSuiteExecutor.accessTestSuiteMainPhase(TestSuiteExecutor.java:164)
	at com.kms.katalon.core.main.TestSuiteExecutor.execute(TestSuiteExecutor.java:105)
	at com.kms.katalon.core.main.TestCaseMain.startTestSuite(TestCaseMain.java:181)
	at com.kms.katalon.core.main.TestCaseMain$startTestSuite$0.call(Unknown Source)
	at TempTestSuite1637588847917.run(TempTestSuite1637588847917.groovy:36)
Caused by: com.kms.katalon.core.webui.exception.WebElementNotFoundException: Web element with id: 'Object Repository/Modulo Tarea Administracion Compensacion/Generar Vacaciones/a_Aplicar' located by '//table[4]/tbody/tr/td/a' not found
	at com.kms.katalon.core.webui.common.WebUiCommonHelper.findWebElement(WebUiCommonHelper.java:1368)
	at com.kms.katalon.core.webui.keyword.internal.WebUIAbstractKeyword.findWebElement(WebUIAbstractKeyword.groovy:27)
	at com.kms.katalon.core.webui.keyword.builtin.ClickKeyword$_click_closure1.doCall(ClickKeyword.groovy:65)
	at com.kms.katalon.core.webui.keyword.builtin.ClickKeyword$_click_closure1.call(ClickKeyword.groovy)
	at com.kms.katalon.core.webui.keyword.internal.WebUIKeywordMain.runKeyword(WebUIKeywordMain.groovy:20)
	at com.kms.katalon.core.webui.keyword.builtin.ClickKeyword.click(ClickKeyword.groovy:74)
	at com.kms.katalon.core.webui.keyword.builtin.ClickKeyword.execute(ClickKeyword.groovy:40)
	at com.kms.katalon.core.keyword.internal.KeywordExecutor.executeKeywordForPlatform(KeywordExecutor.groovy:74)
	at com.kms.katalon.core.webui.keyword.WebUiBuiltInKeywords.click(WebUiBuiltInKeywords.groovy:620)
	at com.kms.katalon.core.webui.keyword.WebUiBuiltInKeywords$click$5.call(Unknown Source)
	at Script1548864467260.run(Script1548864467260.groovy:65)
	at com.kms.katalon.core.main.ScriptEngine.run(ScriptEngine.java:194)
	at com.kms.katalon.core.main.ScriptEngine.runScriptAsRawText(ScriptEngine.java:119)
	at com.kms.katalon.core.main.TestCaseExecutor.runScript(TestCaseExecutor.java:442)
	at com.kms.katalon.core.main.TestCaseExecutor.doExecute(TestCaseExecutor.java:433)
	at com.kms.katalon.core.main.TestCaseExecutor.processExecutionPhase(TestCaseExecutor.java:412)
	at com.kms.katalon.core.main.TestCaseExecutor.accessMainPhase(TestCaseExecutor.java:404)
	at com.kms.katalon.core.main.TestCaseExecutor.execute(TestCaseExecutor.java:281)
	at com.kms.katalon.core.main.TestCaseMain.runTestCase(TestCaseMain.java:138)
	at com.kms.katalon.core.keyword.builtin.CallTestCaseKeyword$_callTestCase_closure1.doCall(CallTestCaseKeyword.groovy:59)
	at com.kms.katalon.core.keyword.builtin.CallTestCaseKeyword$_callTestCase_closure1.call(CallTestCaseKeyword.groovy)
	at com.kms.katalon.core.keyword.internal.KeywordMain.runKeyword(KeywordMain.groovy:74)
	at com.kms.katalon.core.keyword.builtin.CallTestCaseKeyword.callTestCase(CallTestCaseKeyword.groovy:81)
	at com.kms.katalon.core.keyword.builtin.CallTestCaseKeyword.execute(CallTestCaseKeyword.groovy:44)
	at com.kms.katalon.core.keyword.internal.KeywordExecutor.executeKeywordForPlatform(KeywordExecutor.groovy:74)
	at com.kms.katalon.core.keyword.BuiltinKeywords.callTestCase(BuiltinKeywords.groovy:334)
	at Script1548864505129.run(Script1548864505129.groovy:40)
	... 13 more
)
[[ATTACHMENT|C:\\Users\\diego.rojas\\git\\Pruebas-Minimas\\Reports\\20211122_084727\\Tareas Principales\\20211122_084727\\1637589473241.png]]

2021-11-22 08:57:53 - [MESSAGE][FAILED] - Unable to call Test Case 'Test Cases/1.1-Tareas Principales/1.1.7-Generar Vacaciones' (Root cause: com.kms.katalon.core.exception.StepFailedException: Call Test Case 'Test Cases/1.1-Tareas Principales/1.1.7-Generar Vacaciones' failed
	at com.kms.katalon.core.keyword.builtin.CallTestCaseKeyword$_callTestCase_closure1.doCall(CallTestCaseKeyword.groovy:63)
	at com.kms.katalon.core.keyword.builtin.CallTestCaseKeyword$_callTestCase_closure1.call(CallTestCaseKeyword.groovy)
	at com.kms.katalon.core.keyword.internal.KeywordMain.runKeyword(KeywordMain.groovy:74)
	at com.kms.katalon.core.keyword.builtin.CallTestCaseKeyword.callTestCase(CallTestCaseKeyword.groovy:81)
	at com.kms.katalon.core.keyword.builtin.CallTestCaseKeyword.execute(CallTestCaseKeyword.groovy:44)
	at com.kms.katalon.core.keyword.internal.KeywordExecutor.executeKeywordForPlatform(KeywordExecutor.groovy:74)
	at com.kms.katalon.core.keyword.BuiltinKeywords.callTestCase(BuiltinKeywords.groovy:334)
	at 1.1.8-Mantenimiento de Vacaciones Reliquidar.run(1.1.8-Mantenimiento de Vacaciones Reliquidar:40)
	at com.kms.katalon.core.main.ScriptEngine.run(ScriptEngine.java:194)
	at com.kms.katalon.core.main.ScriptEngine.runScriptAsRawText(ScriptEngine.java:119)
	at com.kms.katalon.core.main.TestCaseExecutor.runScript(TestCaseExecutor.java:442)
	at com.kms.katalon.core.main.TestCaseExecutor.doExecute(TestCaseExecutor.java:433)
	at com.kms.katalon.core.main.TestCaseExecutor.processExecutionPhase(TestCaseExecutor.java:412)
	at com.kms.katalon.core.main.TestCaseExecutor.accessMainPhase(TestCaseExecutor.java:404)
	at com.kms.katalon.core.main.TestCaseExecutor.execute(TestCaseExecutor.java:281)
	at com.kms.katalon.core.main.TestSuiteExecutor.accessTestCaseMainPhase(TestSuiteExecutor.java:202)
	at com.kms.katalon.core.main.TestSuiteExecutor.accessTestSuiteMainPhase(TestSuiteExecutor.java:164)
	at com.kms.katalon.core.main.TestSuiteExecutor.execute(TestSuiteExecutor.java:105)
	at com.kms.katalon.core.main.TestCaseMain.startTestSuite(TestCaseMain.java:181)
	at com.kms.katalon.core.main.TestCaseMain$startTestSuite$0.call(Unknown Source)
	at TempTestSuite1637588847917.run(TempTestSuite1637588847917.groovy:36)
Caused by: com.kms.katalon.core.exception.StepFailedException: Unable to click on object 'Object Repository/Modulo Tarea Administracion Compensacion/Generar Vacaciones/a_Aplicar'
	at com.kms.katalon.core.webui.keyword.internal.WebUIKeywordMain.stepFailed(WebUIKeywordMain.groovy:64)
	at com.kms.katalon.core.webui.keyword.internal.WebUIKeywordMain.runKeyword(WebUIKeywordMain.groovy:26)
	at com.kms.katalon.core.webui.keyword.builtin.ClickKeyword.click(ClickKeyword.groovy:74)
	at com.kms.katalon.core.webui.keyword.builtin.ClickKeyword.execute(ClickKeyword.groovy:40)
	at com.kms.katalon.core.keyword.internal.KeywordExecutor.executeKeywordForPlatform(KeywordExecutor.groovy:74)
	at com.kms.katalon.core.webui.keyword.WebUiBuiltInKeywords.click(WebUiBuiltInKeywords.groovy:620)
	at com.kms.katalon.core.webui.keyword.WebUiBuiltInKeywords$click$5.call(Unknown Source)
	at 1.1.7-Generar Vacaciones.run(1.1.7-Generar Vacaciones:65)
	at com.kms.katalon.core.main.ScriptEngine.run(ScriptEngine.java:194)
	at com.kms.katalon.core.main.ScriptEngine.runScriptAsRawText(ScriptEngine.java:119)
	at com.kms.katalon.core.main.TestCaseExecutor.runScript(TestCaseExecutor.java:442)
	at com.kms.katalon.core.main.TestCaseExecutor.doExecute(TestCaseExecutor.java:433)
	at com.kms.katalon.core.main.TestCaseExecutor.processExecutionPhase(TestCaseExecutor.java:412)
	at com.kms.katalon.core.main.TestCaseExecutor.accessMainPhase(TestCaseExecutor.java:404)
	at com.kms.katalon.core.main.TestCaseExecutor.execute(TestCaseExecutor.java:281)
	at com.kms.katalon.core.main.TestCaseMain.runTestCase(TestCaseMain.java:138)
	at com.kms.katalon.core.keyword.builtin.CallTestCaseKeyword$_callTestCase_closure1.doCall(CallTestCaseKeyword.groovy:59)
	... 20 more
Caused by: com.kms.katalon.core.webui.exception.WebElementNotFoundException: Web element with id: 'Object Repository/Modulo Tarea Administracion Compensacion/Generar Vacaciones/a_Aplicar' located by '//table[4]/tbody/tr/td/a' not found
	at com.kms.katalon.core.webui.common.WebUiCommonHelper.findWebElement(WebUiCommonHelper.java:1368)
	at com.kms.katalon.core.webui.keyword.internal.WebUIAbstractKeyword.findWebElement(WebUIAbstractKeyword.groovy:27)
	at com.kms.katalon.core.webui.keyword.builtin.ClickKeyword$_click_closure1.doCall(ClickKeyword.groovy:65)
	at com.kms.katalon.core.webui.keyword.builtin.ClickKeyword$_click_closure1.call(ClickKeyword.groovy)
	at com.kms.katalon.core.webui.keyword.internal.WebUIKeywordMain.runKeyword(WebUIKeywordMain.groovy:20)
	... 35 more
)]]></system-out>
         <system-err><![CDATA[2021-11-22 08:55:36 - [TEST_CASE][FAILED] - Test Cases/1.1-Tareas Principales/1.1.8-Mantenimiento de Vacaciones Reliquidar: Test Cases/1.1-Tareas Principales/1.1.8-Mantenimiento de Vacaciones Reliquidar FAILED.
Reason:
com.kms.katalon.core.exception.StepFailedException: Call Test Case 'Test Cases/1.1-Tareas Principales/1.1.7-Generar Vacaciones' failed
	at com.kms.katalon.core.keyword.builtin.CallTestCaseKeyword$_callTestCase_closure1.doCall(CallTestCaseKeyword.groovy:63)
	at com.kms.katalon.core.keyword.builtin.CallTestCaseKeyword$_callTestCase_closure1.call(CallTestCaseKeyword.groovy)
	at com.kms.katalon.core.keyword.internal.KeywordMain.runKeyword(KeywordMain.groovy:74)
	at com.kms.katalon.core.keyword.builtin.CallTestCaseKeyword.callTestCase(CallTestCaseKeyword.groovy:81)
	at com.kms.katalon.core.keyword.builtin.CallTestCaseKeyword.execute(CallTestCaseKeyword.groovy:44)
	at com.kms.katalon.core.keyword.internal.KeywordExecutor.executeKeywordForPlatform(KeywordExecutor.groovy:74)
	at com.kms.katalon.core.keyword.BuiltinKeywords.callTestCase(BuiltinKeywords.groovy:334)
	at 1.1.8-Mantenimiento de Vacaciones Reliquidar.run(1.1.8-Mantenimiento de Vacaciones Reliquidar:40)
	at com.kms.katalon.core.main.ScriptEngine.run(ScriptEngine.java:194)
	at com.kms.katalon.core.main.ScriptEngine.runScriptAsRawText(ScriptEngine.java:119)
	at com.kms.katalon.core.main.TestCaseExecutor.runScript(TestCaseExecutor.java:442)
	at com.kms.katalon.core.main.TestCaseExecutor.doExecute(TestCaseExecutor.java:433)
	at com.kms.katalon.core.main.TestCaseExecutor.processExecutionPhase(TestCaseExecutor.java:412)
	at com.kms.katalon.core.main.TestCaseExecutor.accessMainPhase(TestCaseExecutor.java:404)
	at com.kms.katalon.core.main.TestCaseExecutor.execute(TestCaseExecutor.java:281)
	at com.kms.katalon.core.main.TestSuiteExecutor.accessTestCaseMainPhase(TestSuiteExecutor.java:202)
	at com.kms.katalon.core.main.TestSuiteExecutor.accessTestSuiteMainPhase(TestSuiteExecutor.java:164)
	at com.kms.katalon.core.main.TestSuiteExecutor.execute(TestSuiteExecutor.java:105)
	at com.kms.katalon.core.main.TestCaseMain.startTestSuite(TestCaseMain.java:181)
	at com.kms.katalon.core.main.TestCaseMain$startTestSuite$0.call(Unknown Source)
	at TempTestSuite1637588847917.run(TempTestSuite1637588847917.groovy:36)
Caused by: com.kms.katalon.core.exception.StepFailedException: Unable to click on object 'Object Repository/Modulo Tarea Administracion Compensacion/Generar Vacaciones/a_Aplicar'
	at com.kms.katalon.core.webui.keyword.internal.WebUIKeywordMain.stepFailed(WebUIKeywordMain.groovy:64)
	at com.kms.katalon.core.webui.keyword.internal.WebUIKeywordMain.runKeyword(WebUIKeywordMain.groovy:26)
	at com.kms.katalon.core.webui.keyword.builtin.ClickKeyword.click(ClickKeyword.groovy:74)
	at com.kms.katalon.core.webui.keyword.builtin.ClickKeyword.execute(ClickKeyword.groovy:40)
	at com.kms.katalon.core.keyword.internal.KeywordExecutor.executeKeywordForPlatform(KeywordExecutor.groovy:74)
	at com.kms.katalon.core.webui.keyword.WebUiBuiltInKeywords.click(WebUiBuiltInKeywords.groovy:620)
	at com.kms.katalon.core.webui.keyword.WebUiBuiltInKeywords$click$5.call(Unknown Source)
	at 1.1.7-Generar Vacaciones.run(1.1.7-Generar Vacaciones:65)
	at com.kms.katalon.core.main.ScriptEngine.run(ScriptEngine.java:194)
	at com.kms.katalon.core.main.ScriptEngine.runScriptAsRawText(ScriptEngine.java:119)
	at com.kms.katalon.core.main.TestCaseExecutor.runScript(TestCaseExecutor.java:442)
	at com.kms.katalon.core.main.TestCaseExecutor.doExecute(TestCaseExecutor.java:433)
	at com.kms.katalon.core.main.TestCaseExecutor.processExecutionPhase(TestCaseExecutor.java:412)
	at com.kms.katalon.core.main.TestCaseExecutor.accessMainPhase(TestCaseExecutor.java:404)
	at com.kms.katalon.core.main.TestCaseExecutor.execute(TestCaseExecutor.java:281)
	at com.kms.katalon.core.main.TestCaseMain.runTestCase(TestCaseMain.java:138)
	at com.kms.katalon.core.keyword.builtin.CallTestCaseKeyword$_callTestCase_closure1.doCall(CallTestCaseKeyword.groovy:59)
	... 20 more
Caused by: com.kms.katalon.core.webui.exception.WebElementNotFoundException: Web element with id: 'Object Repository/Modulo Tarea Administracion Compensacion/Generar Vacaciones/a_Aplicar' located by '//table[4]/tbody/tr/td/a' not found
	at com.kms.katalon.core.webui.common.WebUiCommonHelper.findWebElement(WebUiCommonHelper.java:1368)
	at com.kms.katalon.core.webui.keyword.internal.WebUIAbstractKeyword.findWebElement(WebUIAbstractKeyword.groovy:27)
	at com.kms.katalon.core.webui.keyword.builtin.ClickKeyword$_click_closure1.doCall(ClickKeyword.groovy:65)
	at com.kms.katalon.core.webui.keyword.builtin.ClickKeyword$_click_closure1.call(ClickKeyword.groovy)
	at com.kms.katalon.core.webui.keyword.internal.WebUIKeywordMain.runKeyword(WebUIKeywordMain.groovy:20)
	... 35 more]]></system-err>
      </testcase>
      <testcase name="Test Cases/1.1-Tareas Principales/1.1.9-Imprimir comprobante de vacaciones" time="135.829" classname="Test Cases/1.1-Tareas Principales/1.1.9-Imprimir comprobante de vacaciones" status="FAILED">
         <failure type="FAILED" message="Test Cases/1.1-Tareas Principales/1.1.9-Imprimir comprobante de vacaciones FAILED.
Reason:
com.kms.katalon.core.exception.StepFailedException: Call Test Case 'Test Cases/1.1-Tareas Principales/1.1.8-Mantenimiento de Vacaciones Reliquidar' failed
	at com.kms.katalon.core.keyword.builtin.CallTestCaseKeyword$_callTestCase_closure1.doCall(CallTestCaseKeyword.groovy:63)
	at com.kms.katalon.core.keyword.builtin.CallTestCaseKeyword$_callTestCase_closure1.call(CallTestCaseKeyword.groovy)
	at com.kms.katalon.core.keyword.internal.KeywordMain.runKeyword(KeywordMain.groovy:74)
	at com.kms.katalon.core.keyword.builtin.CallTestCaseKeyword.callTestCase(CallTestCaseKeyword.groovy:81)
	at com.kms.katalon.core.keyword.builtin.CallTestCaseKeyword.execute(CallTestCaseKeyword.groovy:44)
	at com.kms.katalon.core.keyword.internal.KeywordExecutor.executeKeywordForPlatform(KeywordExecutor.groovy:74)
	at com.kms.katalon.core.keyword.BuiltinKeywords.callTestCase(BuiltinKeywords.groovy:334)
	at 1.1.9-Imprimir comprobante de vacaciones.run(1.1.9-Imprimir comprobante de vacaciones:18)
	at com.kms.katalon.core.main.ScriptEngine.run(ScriptEngine.java:194)
	at com.kms.katalon.core.main.ScriptEngine.runScriptAsRawText(ScriptEngine.java:119)
	at com.kms.katalon.core.main.TestCaseExecutor.runScript(TestCaseExecutor.java:442)
	at com.kms.katalon.core.main.TestCaseExecutor.doExecute(TestCaseExecutor.java:433)
	at com.kms.katalon.core.main.TestCaseExecutor.processExecutionPhase(TestCaseExecutor.java:412)
	at com.kms.katalon.core.main.TestCaseExecutor.accessMainPhase(TestCaseExecutor.java:404)
	at com.kms.katalon.core.main.TestCaseExecutor.execute(TestCaseExecutor.java:281)
	at com.kms.katalon.core.main.TestSuiteExecutor.accessTestCaseMainPhase(TestSuiteExecutor.java:202)
	at com.kms.katalon.core.main.TestSuiteExecutor.accessTestSuiteMainPhase(TestSuiteExecutor.java:164)
	at com.kms.katalon.core.main.TestSuiteExecutor.execute(TestSuiteExecutor.java:105)
	at com.kms.katalon.core.main.TestCaseMain.startTestSuite(TestCaseMain.java:181)
	at com.kms.katalon.core.main.TestCaseMain$startTestSuite$0.call(Unknown Source)
	at TempTestSuite1637588847917.run(TempTestSuite1637588847917.groovy:36)
Caused by: com.kms.katalon.core.exception.StepFailedException: Call Test Case 'Test Cases/1.1-Tareas Principales/1.1.7-Generar Vacaciones' failed
	at com.kms.katalon.core.keyword.builtin.CallTestCaseKeyword$_callTestCase_closure1.doCall(CallTestCaseKeyword.groovy:63)
	at com.kms.katalon.core.keyword.builtin.CallTestCaseKeyword$_callTestCase_closure1.call(CallTestCaseKeyword.groovy)
	at com.kms.katalon.core.keyword.internal.KeywordMain.runKeyword(KeywordMain.groovy:74)
	at com.kms.katalon.core.keyword.builtin.CallTestCaseKeyword.callTestCase(CallTestCaseKeyword.groovy:81)
	at com.kms.katalon.core.keyword.builtin.CallTestCaseKeyword.execute(CallTestCaseKeyword.groovy:44)
	at com.kms.katalon.core.keyword.internal.KeywordExecutor.executeKeywordForPlatform(KeywordExecutor.groovy:74)
	at com.kms.katalon.core.keyword.BuiltinKeywords.callTestCase(BuiltinKeywords.groovy:334)
	at 1.1.8-Mantenimiento de Vacaciones Reliquidar.run(1.1.8-Mantenimiento de Vacaciones Reliquidar:40)
	at com.kms.katalon.core.main.ScriptEngine.run(ScriptEngine.java:194)
	at com.kms.katalon.core.main.ScriptEngine.runScriptAsRawText(ScriptEngine.java:119)
	at com.kms.katalon.core.main.TestCaseExecutor.runScript(TestCaseExecutor.java:442)
	at com.kms.katalon.core.main.TestCaseExecutor.doExecute(TestCaseExecutor.java:433)
	at com.kms.katalon.core.main.TestCaseExecutor.processExecutionPhase(TestCaseExecutor.java:412)
	at com.kms.katalon.core.main.TestCaseExecutor.accessMainPhase(TestCaseExecutor.java:404)
	at com.kms.katalon.core.main.TestCaseExecutor.execute(TestCaseExecutor.java:281)
	at com.kms.katalon.core.main.TestCaseMain.runTestCase(TestCaseMain.java:138)
	at com.kms.katalon.core.keyword.builtin.CallTestCaseKeyword$_callTestCase_closure1.doCall(CallTestCaseKeyword.groovy:59)
	... 20 more
Caused by: com.kms.katalon.core.exception.StepFailedException: Unable to click on object 'Object Repository/Modulo Tarea Administracion Compensacion/Generar Vacaciones/a_Aplicar'
	at com.kms.katalon.core.webui.keyword.internal.WebUIKeywordMain.stepFailed(WebUIKeywordMain.groovy:64)
	at com.kms.katalon.core.webui.keyword.internal.WebUIKeywordMain.runKeyword(WebUIKeywordMain.groovy:26)
	at com.kms.katalon.core.webui.keyword.builtin.ClickKeyword.click(ClickKeyword.groovy:74)
	at com.kms.katalon.core.webui.keyword.builtin.ClickKeyword.execute(ClickKeyword.groovy:40)
	at com.kms.katalon.core.keyword.internal.KeywordExecutor.executeKeywordForPlatform(KeywordExecutor.groovy:74)
	at com.kms.katalon.core.webui.keyword.WebUiBuiltInKeywords.click(WebUiBuiltInKeywords.groovy:620)
	at com.kms.katalon.core.webui.keyword.WebUiBuiltInKeywords$click$5.call(Unknown Source)
	at 1.1.7-Generar Vacaciones.run(1.1.7-Generar Vacaciones:65)
	at com.kms.katalon.core.main.ScriptEngine.run(ScriptEngine.java:194)
	at com.kms.katalon.core.main.ScriptEngine.runScriptAsRawText(ScriptEngine.java:119)
	at com.kms.katalon.core.main.TestCaseExecutor.runScript(TestCaseExecutor.java:442)
	at com.kms.katalon.core.main.TestCaseExecutor.doExecute(TestCaseExecutor.java:433)
	at com.kms.katalon.core.main.TestCaseExecutor.processExecutionPhase(TestCaseExecutor.java:412)
	at com.kms.katalon.core.main.TestCaseExecutor.accessMainPhase(TestCaseExecutor.java:404)
	at com.kms.katalon.core.main.TestCaseExecutor.execute(TestCaseExecutor.java:281)
	at com.kms.katalon.core.main.TestCaseMain.runTestCase(TestCaseMain.java:138)
	at com.kms.katalon.core.keyword.builtin.CallTestCaseKeyword$_callTestCase_closure1.doCall(CallTestCaseKeyword.groovy:59)
	... 36 more
Caused by: com.kms.katalon.core.webui.exception.WebElementNotFoundException: Web element with id: 'Object Repository/Modulo Tarea Administracion Compensacion/Generar Vacaciones/a_Aplicar' located by '//table[4]/tbody/tr/td/a' not found
	at com.kms.katalon.core.webui.common.WebUiCommonHelper.findWebElement(WebUiCommonHelper.java:1368)
	at com.kms.katalon.core.webui.keyword.internal.WebUIAbstractKeyword.findWebElement(WebUIAbstractKeyword.groovy:27)
	at com.kms.katalon.core.webui.keyword.builtin.ClickKeyword$_click_closure1.doCall(ClickKeyword.groovy:65)
	at com.kms.katalon.core.webui.keyword.builtin.ClickKeyword$_click_closure1.call(ClickKeyword.groovy)
	at com.kms.katalon.core.webui.keyword.internal.WebUIKeywordMain.runKeyword(WebUIKeywordMain.groovy:20)
	... 51 more
"/>
         <system-out><![CDATA[2021-11-22 08:57:53 - [TEST_CASE][FAILED] - Test Cases/1.1-Tareas Principales/1.1.9-Imprimir comprobante de vacaciones: Test Cases/1.1-Tareas Principales/1.1.9-Imprimir comprobante de vacaciones FAILED.
Reason:
com.kms.katalon.core.exception.StepFailedException: Call Test Case 'Test Cases/1.1-Tareas Principales/1.1.8-Mantenimiento de Vacaciones Reliquidar' failed
	at com.kms.katalon.core.keyword.builtin.CallTestCaseKeyword$_callTestCase_closure1.doCall(CallTestCaseKeyword.groovy:63)
	at com.kms.katalon.core.keyword.builtin.CallTestCaseKeyword$_callTestCase_closure1.call(CallTestCaseKeyword.groovy)
	at com.kms.katalon.core.keyword.internal.KeywordMain.runKeyword(KeywordMain.groovy:74)
	at com.kms.katalon.core.keyword.builtin.CallTestCaseKeyword.callTestCase(CallTestCaseKeyword.groovy:81)
	at com.kms.katalon.core.keyword.builtin.CallTestCaseKeyword.execute(CallTestCaseKeyword.groovy:44)
	at com.kms.katalon.core.keyword.internal.KeywordExecutor.executeKeywordForPlatform(KeywordExecutor.groovy:74)
	at com.kms.katalon.core.keyword.BuiltinKeywords.callTestCase(BuiltinKeywords.groovy:334)
	at 1.1.9-Imprimir comprobante de vacaciones.run(1.1.9-Imprimir comprobante de vacaciones:18)
	at com.kms.katalon.core.main.ScriptEngine.run(ScriptEngine.java:194)
	at com.kms.katalon.core.main.ScriptEngine.runScriptAsRawText(ScriptEngine.java:119)
	at com.kms.katalon.core.main.TestCaseExecutor.runScript(TestCaseExecutor.java:442)
	at com.kms.katalon.core.main.TestCaseExecutor.doExecute(TestCaseExecutor.java:433)
	at com.kms.katalon.core.main.TestCaseExecutor.processExecutionPhase(TestCaseExecutor.java:412)
	at com.kms.katalon.core.main.TestCaseExecutor.accessMainPhase(TestCaseExecutor.java:404)
	at com.kms.katalon.core.main.TestCaseExecutor.execute(TestCaseExecutor.java:281)
	at com.kms.katalon.core.main.TestSuiteExecutor.accessTestCaseMainPhase(TestSuiteExecutor.java:202)
	at com.kms.katalon.core.main.TestSuiteExecutor.accessTestSuiteMainPhase(TestSuiteExecutor.java:164)
	at com.kms.katalon.core.main.TestSuiteExecutor.execute(TestSuiteExecutor.java:105)
	at com.kms.katalon.core.main.TestCaseMain.startTestSuite(TestCaseMain.java:181)
	at com.kms.katalon.core.main.TestCaseMain$startTestSuite$0.call(Unknown Source)
	at TempTestSuite1637588847917.run(TempTestSuite1637588847917.groovy:36)
Caused by: com.kms.katalon.core.exception.StepFailedException: Call Test Case 'Test Cases/1.1-Tareas Principales/1.1.7-Generar Vacaciones' failed
	at com.kms.katalon.core.keyword.builtin.CallTestCaseKeyword$_callTestCase_closure1.doCall(CallTestCaseKeyword.groovy:63)
	at com.kms.katalon.core.keyword.builtin.CallTestCaseKeyword$_callTestCase_closure1.call(CallTestCaseKeyword.groovy)
	at com.kms.katalon.core.keyword.internal.KeywordMain.runKeyword(KeywordMain.groovy:74)
	at com.kms.katalon.core.keyword.builtin.CallTestCaseKeyword.callTestCase(CallTestCaseKeyword.groovy:81)
	at com.kms.katalon.core.keyword.builtin.CallTestCaseKeyword.execute(CallTestCaseKeyword.groovy:44)
	at com.kms.katalon.core.keyword.internal.KeywordExecutor.executeKeywordForPlatform(KeywordExecutor.groovy:74)
	at com.kms.katalon.core.keyword.BuiltinKeywords.callTestCase(BuiltinKeywords.groovy:334)
	at 1.1.8-Mantenimiento de Vacaciones Reliquidar.run(1.1.8-Mantenimiento de Vacaciones Reliquidar:40)
	at com.kms.katalon.core.main.ScriptEngine.run(ScriptEngine.java:194)
	at com.kms.katalon.core.main.ScriptEngine.runScriptAsRawText(ScriptEngine.java:119)
	at com.kms.katalon.core.main.TestCaseExecutor.runScript(TestCaseExecutor.java:442)
	at com.kms.katalon.core.main.TestCaseExecutor.doExecute(TestCaseExecutor.java:433)
	at com.kms.katalon.core.main.TestCaseExecutor.processExecutionPhase(TestCaseExecutor.java:412)
	at com.kms.katalon.core.main.TestCaseExecutor.accessMainPhase(TestCaseExecutor.java:404)
	at com.kms.katalon.core.main.TestCaseExecutor.execute(TestCaseExecutor.java:281)
	at com.kms.katalon.core.main.TestCaseMain.runTestCase(TestCaseMain.java:138)
	at com.kms.katalon.core.keyword.builtin.CallTestCaseKeyword$_callTestCase_closure1.doCall(CallTestCaseKeyword.groovy:59)
	... 20 more
Caused by: com.kms.katalon.core.exception.StepFailedException: Unable to click on object 'Object Repository/Modulo Tarea Administracion Compensacion/Generar Vacaciones/a_Aplicar'
	at com.kms.katalon.core.webui.keyword.internal.WebUIKeywordMain.stepFailed(WebUIKeywordMain.groovy:64)
	at com.kms.katalon.core.webui.keyword.internal.WebUIKeywordMain.runKeyword(WebUIKeywordMain.groovy:26)
	at com.kms.katalon.core.webui.keyword.builtin.ClickKeyword.click(ClickKeyword.groovy:74)
	at com.kms.katalon.core.webui.keyword.builtin.ClickKeyword.execute(ClickKeyword.groovy:40)
	at com.kms.katalon.core.keyword.internal.KeywordExecutor.executeKeywordForPlatform(KeywordExecutor.groovy:74)
	at com.kms.katalon.core.webui.keyword.WebUiBuiltInKeywords.click(WebUiBuiltInKeywords.groovy:620)
	at com.kms.katalon.core.webui.keyword.WebUiBuiltInKeywords$click$5.call(Unknown Source)
	at 1.1.7-Generar Vacaciones.run(1.1.7-Generar Vacaciones:65)
	at com.kms.katalon.core.main.ScriptEngine.run(ScriptEngine.java:194)
	at com.kms.katalon.core.main.ScriptEngine.runScriptAsRawText(ScriptEngine.java:119)
	at com.kms.katalon.core.main.TestCaseExecutor.runScript(TestCaseExecutor.java:442)
	at com.kms.katalon.core.main.TestCaseExecutor.doExecute(TestCaseExecutor.java:433)
	at com.kms.katalon.core.main.TestCaseExecutor.processExecutionPhase(TestCaseExecutor.java:412)
	at com.kms.katalon.core.main.TestCaseExecutor.accessMainPhase(TestCaseExecutor.java:404)
	at com.kms.katalon.core.main.TestCaseExecutor.execute(TestCaseExecutor.java:281)
	at com.kms.katalon.core.main.TestCaseMain.runTestCase(TestCaseMain.java:138)
	at com.kms.katalon.core.keyword.builtin.CallTestCaseKeyword$_callTestCase_closure1.doCall(CallTestCaseKeyword.groovy:59)
	... 36 more
Caused by: com.kms.katalon.core.webui.exception.WebElementNotFoundException: Web element with id: 'Object Repository/Modulo Tarea Administracion Compensacion/Generar Vacaciones/a_Aplicar' located by '//table[4]/tbody/tr/td/a' not found
	at com.kms.katalon.core.webui.common.WebUiCommonHelper.findWebElement(WebUiCommonHelper.java:1368)
	at com.kms.katalon.core.webui.keyword.internal.WebUIAbstractKeyword.findWebElement(WebUIAbstractKeyword.groovy:27)
	at com.kms.katalon.core.webui.keyword.builtin.ClickKeyword$_click_closure1.doCall(ClickKeyword.groovy:65)
	at com.kms.katalon.core.webui.keyword.builtin.ClickKeyword$_click_closure1.call(ClickKeyword.groovy)
	at com.kms.katalon.core.webui.keyword.internal.WebUIKeywordMain.runKeyword(WebUIKeywordMain.groovy:20)
	... 51 more


2021-11-22 08:57:53 - [TEST_STEP][FAILED] - callTestCase(findTestCase("1.1-Tareas Principales/1.1.8-Mantenimiento de Vacaciones Reliquidar"), [:], STOP_ON_FAILURE): Unable to call Test Case 'Test Cases/1.1-Tareas Principales/1.1.8-Mantenimiento de Vacaciones Reliquidar' (Root cause: com.kms.katalon.core.exception.StepFailedException: Call Test Case 'Test Cases/1.1-Tareas Principales/1.1.8-Mantenimiento de Vacaciones Reliquidar' failed
	at com.kms.katalon.core.keyword.builtin.CallTestCaseKeyword$_callTestCase_closure1.doCall(CallTestCaseKeyword.groovy:63)
	at com.kms.katalon.core.keyword.builtin.CallTestCaseKeyword$_callTestCase_closure1.call(CallTestCaseKeyword.groovy)
	at com.kms.katalon.core.keyword.internal.KeywordMain.runKeyword(KeywordMain.groovy:74)
	at com.kms.katalon.core.keyword.builtin.CallTestCaseKeyword.callTestCase(CallTestCaseKeyword.groovy:81)
	at com.kms.katalon.core.keyword.builtin.CallTestCaseKeyword.execute(CallTestCaseKeyword.groovy:44)
	at com.kms.katalon.core.keyword.internal.KeywordExecutor.executeKeywordForPlatform(KeywordExecutor.groovy:74)
	at com.kms.katalon.core.keyword.BuiltinKeywords.callTestCase(BuiltinKeywords.groovy:334)
	at 1.1.9-Imprimir comprobante de vacaciones.run(1.1.9-Imprimir comprobante de vacaciones:18)
	at com.kms.katalon.core.main.ScriptEngine.run(ScriptEngine.java:194)
	at com.kms.katalon.core.main.ScriptEngine.runScriptAsRawText(ScriptEngine.java:119)
	at com.kms.katalon.core.main.TestCaseExecutor.runScript(TestCaseExecutor.java:442)
	at com.kms.katalon.core.main.TestCaseExecutor.doExecute(TestCaseExecutor.java:433)
	at com.kms.katalon.core.main.TestCaseExecutor.processExecutionPhase(TestCaseExecutor.java:412)
	at com.kms.katalon.core.main.TestCaseExecutor.accessMainPhase(TestCaseExecutor.java:404)
	at com.kms.katalon.core.main.TestCaseExecutor.execute(TestCaseExecutor.java:281)
	at com.kms.katalon.core.main.TestSuiteExecutor.accessTestCaseMainPhase(TestSuiteExecutor.java:202)
	at com.kms.katalon.core.main.TestSuiteExecutor.accessTestSuiteMainPhase(TestSuiteExecutor.java:164)
	at com.kms.katalon.core.main.TestSuiteExecutor.execute(TestSuiteExecutor.java:105)
	at com.kms.katalon.core.main.TestCaseMain.startTestSuite(TestCaseMain.java:181)
	at com.kms.katalon.core.main.TestCaseMain$startTestSuite$0.call(Unknown Source)
	at TempTestSuite1637588847917.run(TempTestSuite1637588847917.groovy:36)
Caused by: com.kms.katalon.core.exception.StepFailedException: Call Test Case 'Test Cases/1.1-Tareas Principales/1.1.7-Generar Vacaciones' failed
	at com.kms.katalon.core.keyword.builtin.CallTestCaseKeyword$_callTestCase_closure1.doCall(CallTestCaseKeyword.groovy:63)
	at com.kms.katalon.core.keyword.builtin.CallTestCaseKeyword$_callTestCase_closure1.call(CallTestCaseKeyword.groovy)
	at com.kms.katalon.core.keyword.internal.KeywordMain.runKeyword(KeywordMain.groovy:74)
	at com.kms.katalon.core.keyword.builtin.CallTestCaseKeyword.callTestCase(CallTestCaseKeyword.groovy:81)
	at com.kms.katalon.core.keyword.builtin.CallTestCaseKeyword.execute(CallTestCaseKeyword.groovy:44)
	at com.kms.katalon.core.keyword.internal.KeywordExecutor.executeKeywordForPlatform(KeywordExecutor.groovy:74)
	at com.kms.katalon.core.keyword.BuiltinKeywords.callTestCase(BuiltinKeywords.groovy:334)
	at 1.1.8-Mantenimiento de Vacaciones Reliquidar.run(1.1.8-Mantenimiento de Vacaciones Reliquidar:40)
	at com.kms.katalon.core.main.ScriptEngine.run(ScriptEngine.java:194)
	at com.kms.katalon.core.main.ScriptEngine.runScriptAsRawText(ScriptEngine.java:119)
	at com.kms.katalon.core.main.TestCaseExecutor.runScript(TestCaseExecutor.java:442)
	at com.kms.katalon.core.main.TestCaseExecutor.doExecute(TestCaseExecutor.java:433)
	at com.kms.katalon.core.main.TestCaseExecutor.processExecutionPhase(TestCaseExecutor.java:412)
	at com.kms.katalon.core.main.TestCaseExecutor.accessMainPhase(TestCaseExecutor.java:404)
	at com.kms.katalon.core.main.TestCaseExecutor.execute(TestCaseExecutor.java:281)
	at com.kms.katalon.core.main.TestCaseMain.runTestCase(TestCaseMain.java:138)
	at com.kms.katalon.core.keyword.builtin.CallTestCaseKeyword$_callTestCase_closure1.doCall(CallTestCaseKeyword.groovy:59)
	... 20 more
Caused by: com.kms.katalon.core.exception.StepFailedException: Unable to click on object 'Object Repository/Modulo Tarea Administracion Compensacion/Generar Vacaciones/a_Aplicar'
	at com.kms.katalon.core.webui.keyword.internal.WebUIKeywordMain.stepFailed(WebUIKeywordMain.groovy:64)
	at com.kms.katalon.core.webui.keyword.internal.WebUIKeywordMain.runKeyword(WebUIKeywordMain.groovy:26)
	at com.kms.katalon.core.webui.keyword.builtin.ClickKeyword.click(ClickKeyword.groovy:74)
	at com.kms.katalon.core.webui.keyword.builtin.ClickKeyword.execute(ClickKeyword.groovy:40)
	at com.kms.katalon.core.keyword.internal.KeywordExecutor.executeKeywordForPlatform(KeywordExecutor.groovy:74)
	at com.kms.katalon.core.webui.keyword.WebUiBuiltInKeywords.click(WebUiBuiltInKeywords.groovy:620)
	at com.kms.katalon.core.webui.keyword.WebUiBuiltInKeywords$click$5.call(Unknown Source)
	at 1.1.7-Generar Vacaciones.run(1.1.7-Generar Vacaciones:65)
	at com.kms.katalon.core.main.ScriptEngine.run(ScriptEngine.java:194)
	at com.kms.katalon.core.main.ScriptEngine.runScriptAsRawText(ScriptEngine.java:119)
	at com.kms.katalon.core.main.TestCaseExecutor.runScript(TestCaseExecutor.java:442)
	at com.kms.katalon.core.main.TestCaseExecutor.doExecute(TestCaseExecutor.java:433)
	at com.kms.katalon.core.main.TestCaseExecutor.processExecutionPhase(TestCaseExecutor.java:412)
	at com.kms.katalon.core.main.TestCaseExecutor.accessMainPhase(TestCaseExecutor.java:404)
	at com.kms.katalon.core.main.TestCaseExecutor.execute(TestCaseExecutor.java:281)
	at com.kms.katalon.core.main.TestCaseMain.runTestCase(TestCaseMain.java:138)
	at com.kms.katalon.core.keyword.builtin.CallTestCaseKeyword$_callTestCase_closure1.doCall(CallTestCaseKeyword.groovy:59)
	... 36 more
Caused by: com.kms.katalon.core.webui.exception.WebElementNotFoundException: Web element with id: 'Object Repository/Modulo Tarea Administracion Compensacion/Generar Vacaciones/a_Aplicar' located by '//table[4]/tbody/tr/td/a' not found
	at com.kms.katalon.core.webui.common.WebUiCommonHelper.findWebElement(WebUiCommonHelper.java:1368)
	at com.kms.katalon.core.webui.keyword.internal.WebUIAbstractKeyword.findWebElement(WebUIAbstractKeyword.groovy:27)
	at com.kms.katalon.core.webui.keyword.builtin.ClickKeyword$_click_closure1.doCall(ClickKeyword.groovy:65)
	at com.kms.katalon.core.webui.keyword.builtin.ClickKeyword$_click_closure1.call(ClickKeyword.groovy)
	at com.kms.katalon.core.webui.keyword.internal.WebUIKeywordMain.runKeyword(WebUIKeywordMain.groovy:20)
	... 51 more
)

2021-11-22 08:57:53 - [TEST_CASE][FAILED] - Test Cases/1.1-Tareas Principales/1.1.8-Mantenimiento de Vacaciones Reliquidar: Test Cases/1.1-Tareas Principales/1.1.8-Mantenimiento de Vacaciones Reliquidar FAILED.
Reason:
com.kms.katalon.core.exception.StepFailedException: Call Test Case 'Test Cases/1.1-Tareas Principales/1.1.7-Generar Vacaciones' failed
	at com.kms.katalon.core.keyword.builtin.CallTestCaseKeyword$_callTestCase_closure1.doCall(CallTestCaseKeyword.groovy:63)
	at com.kms.katalon.core.keyword.builtin.CallTestCaseKeyword$_callTestCase_closure1.call(CallTestCaseKeyword.groovy)
	at com.kms.katalon.core.keyword.internal.KeywordMain.runKeyword(KeywordMain.groovy:74)
	at com.kms.katalon.core.keyword.builtin.CallTestCaseKeyword.callTestCase(CallTestCaseKeyword.groovy:81)
	at com.kms.katalon.core.keyword.builtin.CallTestCaseKeyword.execute(CallTestCaseKeyword.groovy:44)
	at com.kms.katalon.core.keyword.internal.KeywordExecutor.executeKeywordForPlatform(KeywordExecutor.groovy:74)
	at com.kms.katalon.core.keyword.BuiltinKeywords.callTestCase(BuiltinKeywords.groovy:334)
	at 1.1.8-Mantenimiento de Vacaciones Reliquidar.run(1.1.8-Mantenimiento de Vacaciones Reliquidar:40)
	at com.kms.katalon.core.main.ScriptEngine.run(ScriptEngine.java:194)
	at com.kms.katalon.core.main.ScriptEngine.runScriptAsRawText(ScriptEngine.java:119)
	at com.kms.katalon.core.main.TestCaseExecutor.runScript(TestCaseExecutor.java:442)
	at com.kms.katalon.core.main.TestCaseExecutor.doExecute(TestCaseExecutor.java:433)
	at com.kms.katalon.core.main.TestCaseExecutor.processExecutionPhase(TestCaseExecutor.java:412)
	at com.kms.katalon.core.main.TestCaseExecutor.accessMainPhase(TestCaseExecutor.java:404)
	at com.kms.katalon.core.main.TestCaseExecutor.execute(TestCaseExecutor.java:281)
	at com.kms.katalon.core.main.TestCaseMain.runTestCase(TestCaseMain.java:138)
	at com.kms.katalon.core.keyword.builtin.CallTestCaseKeyword$_callTestCase_closure1.doCall(CallTestCaseKeyword.groovy:59)
	at com.kms.katalon.core.keyword.builtin.CallTestCaseKeyword$_callTestCase_closure1.call(CallTestCaseKeyword.groovy)
	at com.kms.katalon.core.keyword.internal.KeywordMain.runKeyword(KeywordMain.groovy:74)
	at com.kms.katalon.core.keyword.builtin.CallTestCaseKeyword.callTestCase(CallTestCaseKeyword.groovy:81)
	at com.kms.katalon.core.keyword.builtin.CallTestCaseKeyword.execute(CallTestCaseKeyword.groovy:44)
	at com.kms.katalon.core.keyword.internal.KeywordExecutor.executeKeywordForPlatform(KeywordExecutor.groovy:74)
	at com.kms.katalon.core.keyword.BuiltinKeywords.callTestCase(BuiltinKeywords.groovy:334)
	at 1.1.9-Imprimir comprobante de vacaciones.run(1.1.9-Imprimir comprobante de vacaciones:18)
	at com.kms.katalon.core.main.ScriptEngine.run(ScriptEngine.java:194)
	at com.kms.katalon.core.main.ScriptEngine.runScriptAsRawText(ScriptEngine.java:119)
	at com.kms.katalon.core.main.TestCaseExecutor.runScript(TestCaseExecutor.java:442)
	at com.kms.katalon.core.main.TestCaseExecutor.doExecute(TestCaseExecutor.java:433)
	at com.kms.katalon.core.main.TestCaseExecutor.processExecutionPhase(TestCaseExecutor.java:412)
	at com.kms.katalon.core.main.TestCaseExecutor.accessMainPhase(TestCaseExecutor.java:404)
	at com.kms.katalon.core.main.TestCaseExecutor.execute(TestCaseExecutor.java:281)
	at com.kms.katalon.core.main.TestSuiteExecutor.accessTestCaseMainPhase(TestSuiteExecutor.java:202)
	at com.kms.katalon.core.main.TestSuiteExecutor.accessTestSuiteMainPhase(TestSuiteExecutor.java:164)
	at com.kms.katalon.core.main.TestSuiteExecutor.execute(TestSuiteExecutor.java:105)
	at com.kms.katalon.core.main.TestCaseMain.startTestSuite(TestCaseMain.java:181)
	at com.kms.katalon.core.main.TestCaseMain$startTestSuite$0.call(Unknown Source)
	at TempTestSuite1637588847917.run(TempTestSuite1637588847917.groovy:36)
Caused by: com.kms.katalon.core.exception.StepFailedException: Unable to click on object 'Object Repository/Modulo Tarea Administracion Compensacion/Generar Vacaciones/a_Aplicar'
	at com.kms.katalon.core.webui.keyword.internal.WebUIKeywordMain.stepFailed(WebUIKeywordMain.groovy:64)
	at com.kms.katalon.core.webui.keyword.internal.WebUIKeywordMain.runKeyword(WebUIKeywordMain.groovy:26)
	at com.kms.katalon.core.webui.keyword.builtin.ClickKeyword.click(ClickKeyword.groovy:74)
	at com.kms.katalon.core.webui.keyword.builtin.ClickKeyword.execute(ClickKeyword.groovy:40)
	at com.kms.katalon.core.keyword.internal.KeywordExecutor.executeKeywordForPlatform(KeywordExecutor.groovy:74)
	at com.kms.katalon.core.webui.keyword.WebUiBuiltInKeywords.click(WebUiBuiltInKeywords.groovy:620)
	at com.kms.katalon.core.webui.keyword.WebUiBuiltInKeywords$click$5.call(Unknown Source)
	at 1.1.7-Generar Vacaciones.run(1.1.7-Generar Vacaciones:65)
	at com.kms.katalon.core.main.ScriptEngine.run(ScriptEngine.java:194)
	at com.kms.katalon.core.main.ScriptEngine.runScriptAsRawText(ScriptEngine.java:119)
	at com.kms.katalon.core.main.TestCaseExecutor.runScript(TestCaseExecutor.java:442)
	at com.kms.katalon.core.main.TestCaseExecutor.doExecute(TestCaseExecutor.java:433)
	at com.kms.katalon.core.main.TestCaseExecutor.processExecutionPhase(TestCaseExecutor.java:412)
	at com.kms.katalon.core.main.TestCaseExecutor.accessMainPhase(TestCaseExecutor.java:404)
	at com.kms.katalon.core.main.TestCaseExecutor.execute(TestCaseExecutor.java:281)
	at com.kms.katalon.core.main.TestCaseMain.runTestCase(TestCaseMain.java:138)
	at com.kms.katalon.core.keyword.builtin.CallTestCaseKeyword$_callTestCase_closure1.doCall(CallTestCaseKeyword.groovy:59)
	... 36 more
Caused by: com.kms.katalon.core.webui.exception.WebElementNotFoundException: Web element with id: 'Object Repository/Modulo Tarea Administracion Compensacion/Generar Vacaciones/a_Aplicar' located by '//table[4]/tbody/tr/td/a' not found
	at com.kms.katalon.core.webui.common.WebUiCommonHelper.findWebElement(WebUiCommonHelper.java:1368)
	at com.kms.katalon.core.webui.keyword.internal.WebUIAbstractKeyword.findWebElement(WebUIAbstractKeyword.groovy:27)
	at com.kms.katalon.core.webui.keyword.builtin.ClickKeyword$_click_closure1.doCall(ClickKeyword.groovy:65)
	at com.kms.katalon.core.webui.keyword.builtin.ClickKeyword$_click_closure1.call(ClickKeyword.groovy)
	at com.kms.katalon.core.webui.keyword.internal.WebUIKeywordMain.runKeyword(WebUIKeywordMain.groovy:20)
	... 51 more


2021-11-22 08:57:53 - [TEST_STEP][PASSED] - callTestCase(findTestCase("0.1-Login"), [:], STOP_ON_FAILURE): Call Test Case 'Test Cases/0.1-Login' successfully

2021-11-22 08:57:53 - [TEST_CASE][PASSED] - Test Cases/0.1-Login: Test Cases/0.1-Login

2021-11-22 08:57:53 - [TEST_STEP][PASSED] - openBrowser(""): Browser is opened with url: ''

2021-11-22 08:57:53 - [MESSAGE][WARNING] - A browser is already opened. Closing browser and opening a new one

2021-11-22 08:57:54 - [MESSAGE][INFO] - Starting 'Edge Chromium' driver

2021-11-22 08:57:57 - [MESSAGE][INFO] - Action delay is set to 0 milliseconds

2021-11-22 08:57:57 - [MESSAGE][PASSED] - Browser is opened with url: ''

2021-11-22 08:57:57 - [TEST_STEP][PASSED] - maximizeWindow(): Current window maximized

2021-11-22 08:57:57 - [MESSAGE][PASSED] - Current window maximized

2021-11-22 08:57:57 - [TEST_STEP][PASSED] - i = G_Login: null

2021-11-22 08:57:57 - [TEST_STEP][PASSED] - url = new java.net.URL(i): null

2021-11-22 08:57:57 - [TEST_STEP][PASSED] - println("URL: " + url.toString()): null

2021-11-22 08:57:57 - [TEST_STEP][PASSED] - connection = url.openConnection(): null

2021-11-22 08:57:57 - [TEST_STEP][PASSED] - connection.setRequestMethod("GET"): null

2021-11-22 08:57:57 - [TEST_STEP][PASSED] - connection.setReadTimeout(2 * 1000): null

2021-11-22 08:57:57 - [TEST_STEP][PASSED] - try: null

2021-11-22 08:57:57 - [TEST_STEP][PASSED] - connection.connect(): null

2021-11-22 08:57:57 - [TEST_STEP][PASSED] - flag = connected: null

2021-11-22 08:57:57 - [TEST_STEP][PASSED] - println("Valor_ori: " + flag): null

2021-11-22 08:57:57 - [TEST_STEP][PASSED] - if (flag): null

2021-11-22 08:57:57 - [TEST_STEP][PASSED] - navigateToUrl(i): Navigate to 'http://localhost:8380/saraweb/' successfully

2021-11-22 08:57:59 - [MESSAGE][PASSED] - Navigate to 'http://localhost:8380/saraweb/' successfully

2021-11-22 08:57:59 - [TEST_STEP][PASSED] - a(): null

2021-11-22 08:57:59 - [TEST_STEP][PASSED] - setText(findTestObject("Login/input_USUARIO_loginusuario"), G_Usuario): Text 'saraadmin' is set on object 'Object Repository/Login/input_USUARIO_loginusuario'

2021-11-22 08:58:00 - [MESSAGE][PASSED] - Text 'saraadmin' is set on object 'Object Repository/Login/input_USUARIO_loginusuario'

2021-11-22 08:58:00 - [TEST_STEP][PASSED] - setEncryptedText(findTestObject("Login/input_CLAVE_loginpassword"), "MkG4/TYiCFC3cb2driP7+Q=="): Text ****** has been set on object 'Object Repository/Login/input_CLAVE_loginpassword'

2021-11-22 08:58:00 - [MESSAGE][PASSED] - Text ****** has been set on object 'Object Repository/Login/input_CLAVE_loginpassword'

2021-11-22 08:58:00 - [TEST_STEP][PASSED] - waitForElementClickable(findTestObject("Login/a_Ingresar"), G_TimeOut): Object 'Object Repository/Login/a_Ingresar' is clickable

2021-11-22 08:58:01 - [MESSAGE][PASSED] - Object 'Object Repository/Login/a_Ingresar' is clickable

2021-11-22 08:58:01 - [TEST_STEP][PASSED] - click(findTestObject("Login/a_Ingresar")): Object: 'Object Repository/Login/a_Ingresar' is clicked on

2021-11-22 08:58:04 - [MESSAGE][PASSED] - Object: 'Object Repository/Login/a_Ingresar' is clicked on

2021-11-22 08:58:04 - [TEST_STEP][PASSED] - element = findWebElement(findTestObject("Login/a_Ir"), 30): null

2021-11-22 08:58:05 - [TEST_STEP][PASSED] - executeJavaScript("arguments[0].click()", Arrays.asList(element)): Execute JavaScript 'arguments[0].click()' successfully

2021-11-22 08:58:05 - [MESSAGE][PASSED] - Execute JavaScript 'arguments[0].click()' successfully

2021-11-22 08:58:05 - [MESSAGE][PASSED] - Call Test Case 'Test Cases/0.1-Login' successfully

2021-11-22 08:58:05 - [TEST_STEP][PASSED] - waitForElementClickable(findTestObject("Modulo Tarea Administracion Compensacion/Periodo en Proceso - Archivo Plano/Mantenimiento de Vacaciones Reliquidar/input_Mantenimiento de Vacaciones_form_templatej_idt24_input"), 0): Object 'Object Repository/Modulo Tarea Administracion Compensacion/Periodo en Proceso - Archivo Plano/Mantenimiento de Vacaciones Reliquidar/input_Mantenimiento de Vacaciones_form_templatej_idt24_input' is clickable

2021-11-22 08:58:05 - [MESSAGE][WARNING] - Timeout '0' is invalid. Using default page load timeout: '30'

2021-11-22 08:58:06 - [MESSAGE][PASSED] - Object 'Object Repository/Modulo Tarea Administracion Compensacion/Periodo en Proceso - Archivo Plano/Mantenimiento de Vacaciones Reliquidar/input_Mantenimiento de Vacaciones_form_templatej_idt24_input' is clickable

2021-11-22 08:58:06 - [TEST_STEP][PASSED] - setText(findTestObject("Modulo Tarea Administracion Compensacion/Periodo en Proceso - Archivo Plano/Mantenimiento de Vacaciones Reliquidar/input_Mantenimiento de Vacaciones_form_templatej_idt24_input"), "Mantenimiento de Vacaciones"): Text 'Mantenimiento de Vacaciones' is set on object 'Object Repository/Modulo Tarea Administracion Compensacion/Periodo en Proceso - Archivo Plano/Mantenimiento de Vacaciones Reliquidar/input_Mantenimiento de Vacaciones_form_templatej_idt24_input'

2021-11-22 08:58:07 - [MESSAGE][PASSED] - Text 'Mantenimiento de Vacaciones' is set on object 'Object Repository/Modulo Tarea Administracion Compensacion/Periodo en Proceso - Archivo Plano/Mantenimiento de Vacaciones Reliquidar/input_Mantenimiento de Vacaciones_form_templatej_idt24_input'

2021-11-22 08:58:07 - [TEST_STEP][PASSED] - delay(1): Delayed 1 second(s)

2021-11-22 08:58:08 - [MESSAGE][PASSED] - Delayed 1 second(s)

2021-11-22 08:58:08 - [TEST_STEP][PASSED] - sendKeys(findTestObject("Modulo Tarea Administracion Compensacion/Periodo en Proceso - Archivo Plano/Mantenimiento de Vacaciones Reliquidar/input_Mantenimiento de Vacaciones_form_templatej_idt24_input"), Keys.chord(ENTER)): Keys 'ENTER + ' sent to object: 'Object Repository/Modulo Tarea Administracion Compensacion/Periodo en Proceso - Archivo Plano/Mantenimiento de Vacaciones Reliquidar/input_Mantenimiento de Vacaciones_form_templatej_idt24_input'

2021-11-22 08:58:08 - [MESSAGE][PASSED] - Keys 'ENTER + ' sent to object: 'Object Repository/Modulo Tarea Administracion Compensacion/Periodo en Proceso - Archivo Plano/Mantenimiento de Vacaciones Reliquidar/input_Mantenimiento de Vacaciones_form_templatej_idt24_input'

2021-11-22 08:58:08 - [TEST_STEP][PASSED] - setText(findTestObject("Modulo Tarea Administracion Compensacion/Periodo en Proceso - Archivo Plano/Mantenimiento de Vacaciones Reliquidar/input_Identificacin_form_mantenimientoVacacionj_idt66"), "1234567890"): Text '1234567890' is set on object 'Object Repository/Modulo Tarea Administracion Compensacion/Periodo en Proceso - Archivo Plano/Mantenimiento de Vacaciones Reliquidar/input_Identificacin_form_mantenimientoVacacionj_idt66'

2021-11-22 08:58:10 - [MESSAGE][PASSED] - Text '1234567890' is set on object 'Object Repository/Modulo Tarea Administracion Compensacion/Periodo en Proceso - Archivo Plano/Mantenimiento de Vacaciones Reliquidar/input_Identificacin_form_mantenimientoVacacionj_idt66'

2021-11-22 08:58:10 - [TEST_STEP][PASSED] - sendKeys(findTestObject("Modulo Tarea Administracion Compensacion/Mantenimiento de Vacaciones Reliquidar/input_Identificacin_form_mante"), Keys.chord(ENTER)): Keys 'ENTER + ' sent to object: 'tempBody'

2021-11-22 08:58:10 - [MESSAGE][WARNING] - Test object with id 'Object Repository/Modulo Tarea Administracion Compensacion/Mantenimiento de Vacaciones Reliquidar/input_Identificacin_form_mante' does not exist

2021-11-22 08:58:10 - [MESSAGE][WARNING] - Test object with id 'Object Repository/' does not exist

2021-11-22 08:58:10 - [MESSAGE][PASSED] - Keys 'ENTER + ' sent to object: 'tempBody'

2021-11-22 08:58:10 - [TEST_STEP][PASSED] - if (waitForElementVisible(findTestObject("Modulo Tarea Administracion Compensacion/Periodo en Proceso - Archivo Plano/Mantenimiento de Vacaciones Reliquidar/td_No se encontr registros"), 1)): null

2021-11-22 08:58:11 - [MESSAGE][PASSED] - Object 'Object Repository/Modulo Tarea Administracion Compensacion/Periodo en Proceso - Archivo Plano/Mantenimiento de Vacaciones Reliquidar/td_No se encontr registros' is visible

2021-11-22 08:58:11 - [TEST_STEP][FAILED] - callTestCase(findTestCase("1.1-Tareas Principales/1.1.7-Generar Vacaciones"), [:], STOP_ON_FAILURE): Unable to call Test Case 'Test Cases/1.1-Tareas Principales/1.1.7-Generar Vacaciones' (Root cause: com.kms.katalon.core.exception.StepFailedException: Call Test Case 'Test Cases/1.1-Tareas Principales/1.1.7-Generar Vacaciones' failed
	at com.kms.katalon.core.keyword.builtin.CallTestCaseKeyword$_callTestCase_closure1.doCall(CallTestCaseKeyword.groovy:63)
	at com.kms.katalon.core.keyword.builtin.CallTestCaseKeyword$_callTestCase_closure1.call(CallTestCaseKeyword.groovy)
	at com.kms.katalon.core.keyword.internal.KeywordMain.runKeyword(KeywordMain.groovy:74)
	at com.kms.katalon.core.keyword.builtin.CallTestCaseKeyword.callTestCase(CallTestCaseKeyword.groovy:81)
	at com.kms.katalon.core.keyword.builtin.CallTestCaseKeyword.execute(CallTestCaseKeyword.groovy:44)
	at com.kms.katalon.core.keyword.internal.KeywordExecutor.executeKeywordForPlatform(KeywordExecutor.groovy:74)
	at com.kms.katalon.core.keyword.BuiltinKeywords.callTestCase(BuiltinKeywords.groovy:334)
	at 1.1.8-Mantenimiento de Vacaciones Reliquidar.run(1.1.8-Mantenimiento de Vacaciones Reliquidar:40)
	at com.kms.katalon.core.main.ScriptEngine.run(ScriptEngine.java:194)
	at com.kms.katalon.core.main.ScriptEngine.runScriptAsRawText(ScriptEngine.java:119)
	at com.kms.katalon.core.main.TestCaseExecutor.runScript(TestCaseExecutor.java:442)
	at com.kms.katalon.core.main.TestCaseExecutor.doExecute(TestCaseExecutor.java:433)
	at com.kms.katalon.core.main.TestCaseExecutor.processExecutionPhase(TestCaseExecutor.java:412)
	at com.kms.katalon.core.main.TestCaseExecutor.accessMainPhase(TestCaseExecutor.java:404)
	at com.kms.katalon.core.main.TestCaseExecutor.execute(TestCaseExecutor.java:281)
	at com.kms.katalon.core.main.TestCaseMain.runTestCase(TestCaseMain.java:138)
	at com.kms.katalon.core.keyword.builtin.CallTestCaseKeyword$_callTestCase_closure1.doCall(CallTestCaseKeyword.groovy:59)
	at com.kms.katalon.core.keyword.builtin.CallTestCaseKeyword$_callTestCase_closure1.call(CallTestCaseKeyword.groovy)
	at com.kms.katalon.core.keyword.internal.KeywordMain.runKeyword(KeywordMain.groovy:74)
	at com.kms.katalon.core.keyword.builtin.CallTestCaseKeyword.callTestCase(CallTestCaseKeyword.groovy:81)
	at com.kms.katalon.core.keyword.builtin.CallTestCaseKeyword.execute(CallTestCaseKeyword.groovy:44)
	at com.kms.katalon.core.keyword.internal.KeywordExecutor.executeKeywordForPlatform(KeywordExecutor.groovy:74)
	at com.kms.katalon.core.keyword.BuiltinKeywords.callTestCase(BuiltinKeywords.groovy:334)
	at 1.1.9-Imprimir comprobante de vacaciones.run(1.1.9-Imprimir comprobante de vacaciones:18)
	at com.kms.katalon.core.main.ScriptEngine.run(ScriptEngine.java:194)
	at com.kms.katalon.core.main.ScriptEngine.runScriptAsRawText(ScriptEngine.java:119)
	at com.kms.katalon.core.main.TestCaseExecutor.runScript(TestCaseExecutor.java:442)
	at com.kms.katalon.core.main.TestCaseExecutor.doExecute(TestCaseExecutor.java:433)
	at com.kms.katalon.core.main.TestCaseExecutor.processExecutionPhase(TestCaseExecutor.java:412)
	at com.kms.katalon.core.main.TestCaseExecutor.accessMainPhase(TestCaseExecutor.java:404)
	at com.kms.katalon.core.main.TestCaseExecutor.execute(TestCaseExecutor.java:281)
	at com.kms.katalon.core.main.TestSuiteExecutor.accessTestCaseMainPhase(TestSuiteExecutor.java:202)
	at com.kms.katalon.core.main.TestSuiteExecutor.accessTestSuiteMainPhase(TestSuiteExecutor.java:164)
	at com.kms.katalon.core.main.TestSuiteExecutor.execute(TestSuiteExecutor.java:105)
	at com.kms.katalon.core.main.TestCaseMain.startTestSuite(TestCaseMain.java:181)
	at com.kms.katalon.core.main.TestCaseMain$startTestSuite$0.call(Unknown Source)
	at TempTestSuite1637588847917.run(TempTestSuite1637588847917.groovy:36)
Caused by: com.kms.katalon.core.exception.StepFailedException: Unable to click on object 'Object Repository/Modulo Tarea Administracion Compensacion/Generar Vacaciones/a_Aplicar'
	at com.kms.katalon.core.webui.keyword.internal.WebUIKeywordMain.stepFailed(WebUIKeywordMain.groovy:64)
	at com.kms.katalon.core.webui.keyword.internal.WebUIKeywordMain.runKeyword(WebUIKeywordMain.groovy:26)
	at com.kms.katalon.core.webui.keyword.builtin.ClickKeyword.click(ClickKeyword.groovy:74)
	at com.kms.katalon.core.webui.keyword.builtin.ClickKeyword.execute(ClickKeyword.groovy:40)
	at com.kms.katalon.core.keyword.internal.KeywordExecutor.executeKeywordForPlatform(KeywordExecutor.groovy:74)
	at com.kms.katalon.core.webui.keyword.WebUiBuiltInKeywords.click(WebUiBuiltInKeywords.groovy:620)
	at com.kms.katalon.core.webui.keyword.WebUiBuiltInKeywords$click$5.call(Unknown Source)
	at 1.1.7-Generar Vacaciones.run(1.1.7-Generar Vacaciones:65)
	at com.kms.katalon.core.main.ScriptEngine.run(ScriptEngine.java:194)
	at com.kms.katalon.core.main.ScriptEngine.runScriptAsRawText(ScriptEngine.java:119)
	at com.kms.katalon.core.main.TestCaseExecutor.runScript(TestCaseExecutor.java:442)
	at com.kms.katalon.core.main.TestCaseExecutor.doExecute(TestCaseExecutor.java:433)
	at com.kms.katalon.core.main.TestCaseExecutor.processExecutionPhase(TestCaseExecutor.java:412)
	at com.kms.katalon.core.main.TestCaseExecutor.accessMainPhase(TestCaseExecutor.java:404)
	at com.kms.katalon.core.main.TestCaseExecutor.execute(TestCaseExecutor.java:281)
	at com.kms.katalon.core.main.TestCaseMain.runTestCase(TestCaseMain.java:138)
	at com.kms.katalon.core.keyword.builtin.CallTestCaseKeyword$_callTestCase_closure1.doCall(CallTestCaseKeyword.groovy:59)
	... 36 more
Caused by: com.kms.katalon.core.webui.exception.WebElementNotFoundException: Web element with id: 'Object Repository/Modulo Tarea Administracion Compensacion/Generar Vacaciones/a_Aplicar' located by '//table[4]/tbody/tr/td/a' not found
	at com.kms.katalon.core.webui.common.WebUiCommonHelper.findWebElement(WebUiCommonHelper.java:1368)
	at com.kms.katalon.core.webui.keyword.internal.WebUIAbstractKeyword.findWebElement(WebUIAbstractKeyword.groovy:27)
	at com.kms.katalon.core.webui.keyword.builtin.ClickKeyword$_click_closure1.doCall(ClickKeyword.groovy:65)
	at com.kms.katalon.core.webui.keyword.builtin.ClickKeyword$_click_closure1.call(ClickKeyword.groovy)
	at com.kms.katalon.core.webui.keyword.internal.WebUIKeywordMain.runKeyword(WebUIKeywordMain.groovy:20)
	... 51 more
)

2021-11-22 08:58:11 - [TEST_CASE][FAILED] - Test Cases/1.1-Tareas Principales/1.1.7-Generar Vacaciones: Test Cases/1.1-Tareas Principales/1.1.7-Generar Vacaciones FAILED.
Reason:
com.kms.katalon.core.exception.StepFailedException: Unable to click on object 'Object Repository/Modulo Tarea Administracion Compensacion/Generar Vacaciones/a_Aplicar'
	at com.kms.katalon.core.webui.keyword.internal.WebUIKeywordMain.stepFailed(WebUIKeywordMain.groovy:64)
	at com.kms.katalon.core.webui.keyword.internal.WebUIKeywordMain.runKeyword(WebUIKeywordMain.groovy:26)
	at com.kms.katalon.core.webui.keyword.builtin.ClickKeyword.click(ClickKeyword.groovy:74)
	at com.kms.katalon.core.webui.keyword.builtin.ClickKeyword.execute(ClickKeyword.groovy:40)
	at com.kms.katalon.core.keyword.internal.KeywordExecutor.executeKeywordForPlatform(KeywordExecutor.groovy:74)
	at com.kms.katalon.core.webui.keyword.WebUiBuiltInKeywords.click(WebUiBuiltInKeywords.groovy:620)
	at com.kms.katalon.core.webui.keyword.WebUiBuiltInKeywords$click$5.call(Unknown Source)
	at 1.1.7-Generar Vacaciones.run(1.1.7-Generar Vacaciones:65)
	at com.kms.katalon.core.main.ScriptEngine.run(ScriptEngine.java:194)
	at com.kms.katalon.core.main.ScriptEngine.runScriptAsRawText(ScriptEngine.java:119)
	at com.kms.katalon.core.main.TestCaseExecutor.runScript(TestCaseExecutor.java:442)
	at com.kms.katalon.core.main.TestCaseExecutor.doExecute(TestCaseExecutor.java:433)
	at com.kms.katalon.core.main.TestCaseExecutor.processExecutionPhase(TestCaseExecutor.java:412)
	at com.kms.katalon.core.main.TestCaseExecutor.accessMainPhase(TestCaseExecutor.java:404)
	at com.kms.katalon.core.main.TestCaseExecutor.execute(TestCaseExecutor.java:281)
	at com.kms.katalon.core.main.TestCaseMain.runTestCase(TestCaseMain.java:138)
	at com.kms.katalon.core.keyword.builtin.CallTestCaseKeyword$_callTestCase_closure1.doCall(CallTestCaseKeyword.groovy:59)
	at com.kms.katalon.core.keyword.builtin.CallTestCaseKeyword$_callTestCase_closure1.call(CallTestCaseKeyword.groovy)
	at com.kms.katalon.core.keyword.internal.KeywordMain.runKeyword(KeywordMain.groovy:74)
	at com.kms.katalon.core.keyword.builtin.CallTestCaseKeyword.callTestCase(CallTestCaseKeyword.groovy:81)
	at com.kms.katalon.core.keyword.builtin.CallTestCaseKeyword.execute(CallTestCaseKeyword.groovy:44)
	at com.kms.katalon.core.keyword.internal.KeywordExecutor.executeKeywordForPlatform(KeywordExecutor.groovy:74)
	at com.kms.katalon.core.keyword.BuiltinKeywords.callTestCase(BuiltinKeywords.groovy:334)
	at 1.1.8-Mantenimiento de Vacaciones Reliquidar.run(1.1.8-Mantenimiento de Vacaciones Reliquidar:40)
	at com.kms.katalon.core.main.ScriptEngine.run(ScriptEngine.java:194)
	at com.kms.katalon.core.main.ScriptEngine.runScriptAsRawText(ScriptEngine.java:119)
	at com.kms.katalon.core.main.TestCaseExecutor.runScript(TestCaseExecutor.java:442)
	at com.kms.katalon.core.main.TestCaseExecutor.doExecute(TestCaseExecutor.java:433)
	at com.kms.katalon.core.main.TestCaseExecutor.processExecutionPhase(TestCaseExecutor.java:412)
	at com.kms.katalon.core.main.TestCaseExecutor.accessMainPhase(TestCaseExecutor.java:404)
	at com.kms.katalon.core.main.TestCaseExecutor.execute(TestCaseExecutor.java:281)
	at com.kms.katalon.core.main.TestCaseMain.runTestCase(TestCaseMain.java:138)
	at com.kms.katalon.core.keyword.builtin.CallTestCaseKeyword$_callTestCase_closure1.doCall(CallTestCaseKeyword.groovy:59)
	at com.kms.katalon.core.keyword.builtin.CallTestCaseKeyword$_callTestCase_closure1.call(CallTestCaseKeyword.groovy)
	at com.kms.katalon.core.keyword.internal.KeywordMain.runKeyword(KeywordMain.groovy:74)
	at com.kms.katalon.core.keyword.builtin.CallTestCaseKeyword.callTestCase(CallTestCaseKeyword.groovy:81)
	at com.kms.katalon.core.keyword.builtin.CallTestCaseKeyword.execute(CallTestCaseKeyword.groovy:44)
	at com.kms.katalon.core.keyword.internal.KeywordExecutor.executeKeywordForPlatform(KeywordExecutor.groovy:74)
	at com.kms.katalon.core.keyword.BuiltinKeywords.callTestCase(BuiltinKeywords.groovy:334)
	at 1.1.9-Imprimir comprobante de vacaciones.run(1.1.9-Imprimir comprobante de vacaciones:18)
	at com.kms.katalon.core.main.ScriptEngine.run(ScriptEngine.java:194)
	at com.kms.katalon.core.main.ScriptEngine.runScriptAsRawText(ScriptEngine.java:119)
	at com.kms.katalon.core.main.TestCaseExecutor.runScript(TestCaseExecutor.java:442)
	at com.kms.katalon.core.main.TestCaseExecutor.doExecute(TestCaseExecutor.java:433)
	at com.kms.katalon.core.main.TestCaseExecutor.processExecutionPhase(TestCaseExecutor.java:412)
	at com.kms.katalon.core.main.TestCaseExecutor.accessMainPhase(TestCaseExecutor.java:404)
	at com.kms.katalon.core.main.TestCaseExecutor.execute(TestCaseExecutor.java:281)
	at com.kms.katalon.core.main.TestSuiteExecutor.accessTestCaseMainPhase(TestSuiteExecutor.java:202)
	at com.kms.katalon.core.main.TestSuiteExecutor.accessTestSuiteMainPhase(TestSuiteExecutor.java:164)
	at com.kms.katalon.core.main.TestSuiteExecutor.execute(TestSuiteExecutor.java:105)
	at com.kms.katalon.core.main.TestCaseMain.startTestSuite(TestCaseMain.java:181)
	at com.kms.katalon.core.main.TestCaseMain$startTestSuite$0.call(Unknown Source)
	at TempTestSuite1637588847917.run(TempTestSuite1637588847917.groovy:36)
Caused by: com.kms.katalon.core.webui.exception.WebElementNotFoundException: Web element with id: 'Object Repository/Modulo Tarea Administracion Compensacion/Generar Vacaciones/a_Aplicar' located by '//table[4]/tbody/tr/td/a' not found
	at com.kms.katalon.core.webui.common.WebUiCommonHelper.findWebElement(WebUiCommonHelper.java:1368)
	at com.kms.katalon.core.webui.keyword.internal.WebUIAbstractKeyword.findWebElement(WebUIAbstractKeyword.groovy:27)
	at com.kms.katalon.core.webui.keyword.builtin.ClickKeyword$_click_closure1.doCall(ClickKeyword.groovy:65)
	at com.kms.katalon.core.webui.keyword.builtin.ClickKeyword$_click_closure1.call(ClickKeyword.groovy)
	at com.kms.katalon.core.webui.keyword.internal.WebUIKeywordMain.runKeyword(WebUIKeywordMain.groovy:20)
	... 51 more


2021-11-22 08:58:11 - [TEST_STEP][PASSED] - callTestCase(findTestCase("1.1-Tareas Principales/1.1.6-crear vacaciones"), [:], STOP_ON_FAILURE): Call Test Case 'Test Cases/1.1-Tareas Principales/1.1.6-crear vacaciones' successfully

2021-11-22 08:58:11 - [TEST_CASE][PASSED] - Test Cases/1.1-Tareas Principales/1.1.6-crear vacaciones: Test Cases/1.1-Tareas Principales/1.1.6-crear vacaciones

2021-11-22 08:58:11 - [TEST_STEP][PASSED] - callTestCase(findTestCase("Hutilidades/Tareas Administracion Compensacion/Tarea Listado Empleados"), [:], STOP_ON_FAILURE): Call Test Case 'Test Cases/Hutilidades/Tareas Administracion Compensacion/Tarea Listado Empleados' successfully

2021-11-22 08:58:11 - [TEST_CASE][PASSED] - Test Cases/Hutilidades/Tareas Administracion Compensacion/Tarea Listado Empleados: Test Cases/Hutilidades/Tareas Administracion Compensacion/Tarea Listado Empleados

2021-11-22 08:58:11 - [TEST_STEP][PASSED] - callTestCase(findTestCase("0.1-Login"), [:], STOP_ON_FAILURE): Call Test Case 'Test Cases/0.1-Login' successfully

2021-11-22 08:58:11 - [TEST_CASE][PASSED] - Test Cases/0.1-Login: Test Cases/0.1-Login

2021-11-22 08:58:11 - [TEST_STEP][PASSED] - openBrowser(""): Browser is opened with url: ''

2021-11-22 08:58:11 - [MESSAGE][WARNING] - A browser is already opened. Closing browser and opening a new one

2021-11-22 08:58:12 - [MESSAGE][INFO] - Starting 'Edge Chromium' driver

2021-11-22 08:58:14 - [MESSAGE][INFO] - Action delay is set to 0 milliseconds

2021-11-22 08:58:15 - [MESSAGE][PASSED] - Browser is opened with url: ''

2021-11-22 08:58:15 - [TEST_STEP][PASSED] - maximizeWindow(): Current window maximized

2021-11-22 08:58:15 - [MESSAGE][PASSED] - Current window maximized

2021-11-22 08:58:15 - [TEST_STEP][PASSED] - i = G_Login: null

2021-11-22 08:58:15 - [TEST_STEP][PASSED] - url = new java.net.URL(i): null

2021-11-22 08:58:15 - [TEST_STEP][PASSED] - println("URL: " + url.toString()): null

2021-11-22 08:58:15 - [TEST_STEP][PASSED] - connection = url.openConnection(): null

2021-11-22 08:58:15 - [TEST_STEP][PASSED] - connection.setRequestMethod("GET"): null

2021-11-22 08:58:15 - [TEST_STEP][PASSED] - connection.setReadTimeout(2 * 1000): null

2021-11-22 08:58:15 - [TEST_STEP][PASSED] - try: null

2021-11-22 08:58:15 - [TEST_STEP][PASSED] - connection.connect(): null

2021-11-22 08:58:15 - [TEST_STEP][PASSED] - flag = connected: null

2021-11-22 08:58:15 - [TEST_STEP][PASSED] - println("Valor_ori: " + flag): null

2021-11-22 08:58:15 - [TEST_STEP][PASSED] - if (flag): null

2021-11-22 08:58:15 - [TEST_STEP][PASSED] - navigateToUrl(i): Navigate to 'http://localhost:8380/saraweb/' successfully

2021-11-22 08:58:16 - [MESSAGE][PASSED] - Navigate to 'http://localhost:8380/saraweb/' successfully

2021-11-22 08:58:16 - [TEST_STEP][PASSED] - a(): null

2021-11-22 08:58:16 - [TEST_STEP][PASSED] - setText(findTestObject("Login/input_USUARIO_loginusuario"), G_Usuario): Text 'saraadmin' is set on object 'Object Repository/Login/input_USUARIO_loginusuario'

2021-11-22 08:58:17 - [MESSAGE][PASSED] - Text 'saraadmin' is set on object 'Object Repository/Login/input_USUARIO_loginusuario'

2021-11-22 08:58:17 - [TEST_STEP][PASSED] - setEncryptedText(findTestObject("Login/input_CLAVE_loginpassword"), "MkG4/TYiCFC3cb2driP7+Q=="): Text ****** has been set on object 'Object Repository/Login/input_CLAVE_loginpassword'

2021-11-22 08:58:17 - [MESSAGE][PASSED] - Text ****** has been set on object 'Object Repository/Login/input_CLAVE_loginpassword'

2021-11-22 08:58:17 - [TEST_STEP][PASSED] - waitForElementClickable(findTestObject("Login/a_Ingresar"), G_TimeOut): Object 'Object Repository/Login/a_Ingresar' is clickable

2021-11-22 08:58:17 - [MESSAGE][PASSED] - Object 'Object Repository/Login/a_Ingresar' is clickable

2021-11-22 08:58:17 - [TEST_STEP][PASSED] - click(findTestObject("Login/a_Ingresar")): Object: 'Object Repository/Login/a_Ingresar' is clicked on

2021-11-22 08:58:18 - [MESSAGE][PASSED] - Object: 'Object Repository/Login/a_Ingresar' is clicked on

2021-11-22 08:58:18 - [TEST_STEP][PASSED] - element = findWebElement(findTestObject("Login/a_Ir"), 30): null

2021-11-22 08:58:19 - [TEST_STEP][PASSED] - executeJavaScript("arguments[0].click()", Arrays.asList(element)): Execute JavaScript 'arguments[0].click()' successfully

2021-11-22 08:58:19 - [MESSAGE][PASSED] - Execute JavaScript 'arguments[0].click()' successfully

2021-11-22 08:58:19 - [MESSAGE][PASSED] - Call Test Case 'Test Cases/0.1-Login' successfully

2021-11-22 08:58:19 - [TEST_STEP][PASSED] - setText(findTestObject("Modulo Tarea Listado Hojas de Vida/Tareas Listado Hojas de Vida/input_Listado Hojas De Vida_form_templatej_idt24_input"), "Listado de Empleados"): Text 'Listado de Empleados' is set on object 'Object Repository/Modulo Tarea Listado Hojas de Vida/Tareas Listado Hojas de Vida/input_Listado Hojas De Vida_form_templatej_idt24_input'

2021-11-22 08:58:20 - [MESSAGE][PASSED] - Text 'Listado de Empleados' is set on object 'Object Repository/Modulo Tarea Listado Hojas de Vida/Tareas Listado Hojas de Vida/input_Listado Hojas De Vida_form_templatej_idt24_input'

2021-11-22 08:58:20 - [TEST_STEP][PASSED] - delay(3): Delayed 3 second(s)

2021-11-22 08:58:23 - [MESSAGE][PASSED] - Delayed 3 second(s)

2021-11-22 08:58:23 - [TEST_STEP][PASSED] - sendKeys(findTestObject("Modulo Tarea Listado Hojas de Vida/Tareas Listado Hojas de Vida/input_Listado Hojas De Vida_form_templatej_idt24_input"), Keys.chord(ENTER)): Keys 'ENTER + ' sent to object: 'Object Repository/Modulo Tarea Listado Hojas de Vida/Tareas Listado Hojas de Vida/input_Listado Hojas De Vida_form_templatej_idt24_input'

2021-11-22 08:58:24 - [MESSAGE][PASSED] - Keys 'ENTER + ' sent to object: 'Object Repository/Modulo Tarea Listado Hojas de Vida/Tareas Listado Hojas de Vida/input_Listado Hojas De Vida_form_templatej_idt24_input'

2021-11-22 08:58:24 - [MESSAGE][PASSED] - Call Test Case 'Test Cases/Hutilidades/Tareas Administracion Compensacion/Tarea Listado Empleados' successfully

2021-11-22 08:58:24 - [TEST_STEP][PASSED] - setText(findTestObject("Modulo Tarea Administracion Compensacion/Dias con Permisos Pasivos Permitidos/input_Identificacin_listadoEmpleadoIdentificacionEmpleado"), "1234567890"): Text '1234567890' is set on object 'Object Repository/Modulo Tarea Administracion Compensacion/Dias con Permisos Pasivos Permitidos/input_Identificacin_listadoEmpleadoIdentificacionEmpleado'

2021-11-22 08:58:28 - [MESSAGE][PASSED] - Text '1234567890' is set on object 'Object Repository/Modulo Tarea Administracion Compensacion/Dias con Permisos Pasivos Permitidos/input_Identificacin_listadoEmpleadoIdentificacionEmpleado'

2021-11-22 08:58:28 - [TEST_STEP][PASSED] - sendKeys(findTestObject("Modulo Tarea Administracion Compensacion/Dias con Permisos Pasivos Permitidos/input_Identificacin_listadoEmpleadoIdentificacionEmpleado"), Keys.chord(ENTER)): Keys 'ENTER + ' sent to object: 'Object Repository/Modulo Tarea Administracion Compensacion/Dias con Permisos Pasivos Permitidos/input_Identificacin_listadoEmpleadoIdentificacionEmpleado'

2021-11-22 08:58:29 - [MESSAGE][PASSED] - Keys 'ENTER + ' sent to object: 'Object Repository/Modulo Tarea Administracion Compensacion/Dias con Permisos Pasivos Permitidos/input_Identificacin_listadoEmpleadoIdentificacionEmpleado'

2021-11-22 08:58:29 - [TEST_STEP][PASSED] - waitForElementClickable(findTestObject("Modulo Tarea Administracion Compensacion/Dias con Permisos Pasivos Permitidos/span_Consta Belfegord Jhon"), G_TimeOut): Object 'Object Repository/Modulo Tarea Administracion Compensacion/Dias con Permisos Pasivos Permitidos/span_Consta Belfegord Jhon' is clickable

2021-11-22 08:58:30 - [MESSAGE][PASSED] - Object 'Object Repository/Modulo Tarea Administracion Compensacion/Dias con Permisos Pasivos Permitidos/span_Consta Belfegord Jhon' is clickable

2021-11-22 08:58:30 - [TEST_STEP][PASSED] - click(findTestObject("Modulo Tarea Administracion Compensacion/Dias con Permisos Pasivos Permitidos/span_Consta Belfegord Jhon")): Object: 'Object Repository/Modulo Tarea Administracion Compensacion/Dias con Permisos Pasivos Permitidos/span_Consta Belfegord Jhon' is clicked on

2021-11-22 08:58:30 - [MESSAGE][PASSED] - Object: 'Object Repository/Modulo Tarea Administracion Compensacion/Dias con Permisos Pasivos Permitidos/span_Consta Belfegord Jhon' is clicked on

2021-11-22 08:58:30 - [TEST_STEP][PASSED] - waitForElementClickable(findTestObject("Modulo Tarea Administracion Compensacion/Dias con Permisos Pasivos Permitidos/a_Vacacin"), G_TimeOut): Object 'Object Repository/Modulo Tarea Administracion Compensacion/Dias con Permisos Pasivos Permitidos/a_Vacacin' is clickable

2021-11-22 08:58:31 - [MESSAGE][PASSED] - Object 'Object Repository/Modulo Tarea Administracion Compensacion/Dias con Permisos Pasivos Permitidos/a_Vacacin' is clickable

2021-11-22 08:58:31 - [TEST_STEP][PASSED] - click(findTestObject("Modulo Tarea Administracion Compensacion/Dias con Permisos Pasivos Permitidos/a_Vacacin")): Object: 'Object Repository/Modulo Tarea Administracion Compensacion/Dias con Permisos Pasivos Permitidos/a_Vacacin' is clicked on

2021-11-22 08:58:32 - [MESSAGE][PASSED] - Object: 'Object Repository/Modulo Tarea Administracion Compensacion/Dias con Permisos Pasivos Permitidos/a_Vacacin' is clicked on

2021-11-22 08:58:32 - [TEST_STEP][PASSED] - if (waitForElementClickable(findTestObject("Modulo Tarea Administracion Compensacion/Dias con Permisos Pasivos Permitidos/span_Programacion De Vacaciones"), G_TimeOut)): null

2021-11-22 08:58:32 - [MESSAGE][PASSED] - Object 'Object Repository/Modulo Tarea Administracion Compensacion/Dias con Permisos Pasivos Permitidos/span_Programacion De Vacaciones' is clickable

2021-11-22 08:58:32 - [TEST_STEP][PASSED] - click(findTestObject("Modulo Tarea Administracion Compensacion/Dias con Permisos Pasivos Permitidos/span_Programacion De Vacaciones")): Object: 'Object Repository/Modulo Tarea Administracion Compensacion/Dias con Permisos Pasivos Permitidos/span_Programacion De Vacaciones' is clicked on

2021-11-22 08:58:33 - [MESSAGE][PASSED] - Object: 'Object Repository/Modulo Tarea Administracion Compensacion/Dias con Permisos Pasivos Permitidos/span_Programacion De Vacaciones' is clicked on

2021-11-22 08:58:33 - [TEST_STEP][PASSED] - waitForElementClickable(findTestObject("Modulo Tarea Administracion Compensacion/Dias con Permisos Pasivos Permitidos/a_Eliminar"), G_TimeOut): Object 'Object Repository/Modulo Tarea Administracion Compensacion/Dias con Permisos Pasivos Permitidos/a_Eliminar' is clickable

2021-11-22 08:58:33 - [MESSAGE][PASSED] - Object 'Object Repository/Modulo Tarea Administracion Compensacion/Dias con Permisos Pasivos Permitidos/a_Eliminar' is clickable

2021-11-22 08:58:33 - [TEST_STEP][PASSED] - click(findTestObject("Modulo Tarea Administracion Compensacion/Dias con Permisos Pasivos Permitidos/a_Eliminar")): Object: 'Object Repository/Modulo Tarea Administracion Compensacion/Dias con Permisos Pasivos Permitidos/a_Eliminar' is clicked on

2021-11-22 08:58:34 - [MESSAGE][PASSED] - Object: 'Object Repository/Modulo Tarea Administracion Compensacion/Dias con Permisos Pasivos Permitidos/a_Eliminar' is clicked on

2021-11-22 08:58:34 - [TEST_STEP][PASSED] - waitForElementClickable(findTestObject("Modulo Tarea Administracion Compensacion/Dias con Permisos Pasivos Permitidos/a_Aceptar"), G_TimeOut): Object 'Object Repository/Modulo Tarea Administracion Compensacion/Dias con Permisos Pasivos Permitidos/a_Aceptar' is clickable

2021-11-22 08:58:35 - [MESSAGE][PASSED] - Object 'Object Repository/Modulo Tarea Administracion Compensacion/Dias con Permisos Pasivos Permitidos/a_Aceptar' is clickable

2021-11-22 08:58:35 - [TEST_STEP][PASSED] - click(findTestObject("Modulo Tarea Administracion Compensacion/Dias con Permisos Pasivos Permitidos/a_Aceptar")): Object: 'Object Repository/Modulo Tarea Administracion Compensacion/Dias con Permisos Pasivos Permitidos/a_Aceptar' is clicked on

2021-11-22 08:58:36 - [MESSAGE][PASSED] - Object: 'Object Repository/Modulo Tarea Administracion Compensacion/Dias con Permisos Pasivos Permitidos/a_Aceptar' is clicked on

2021-11-22 08:58:36 - [TEST_STEP][PASSED] - click(findTestObject("Modulo Tarea Administracion Compensacion/Dias con Permisos Pasivos Permitidos/a_Histrico")): Object: 'Object Repository/Modulo Tarea Administracion Compensacion/Dias con Permisos Pasivos Permitidos/a_Histrico' is clicked on

2021-11-22 08:58:36 - [MESSAGE][PASSED] - Object: 'Object Repository/Modulo Tarea Administracion Compensacion/Dias con Permisos Pasivos Permitidos/a_Histrico' is clicked on

2021-11-22 08:58:36 - [TEST_STEP][PASSED] - if (waitForElementClickable(findTestObject("Modulo Tarea Administracion Compensacion/Dias con Permisos Pasivos Permitidos/span_Programacion De Vacaciones"), 1)): Web element with id: 'Object Repository/Modulo Tarea Administracion Compensacion/Dias con Permisos Pasivos Permitidos/span_Programacion De Vacaciones' located by '//*/text()[normalize-space(.)='Programacion De Vacaciones']/parent::*' not found

2021-11-22 08:58:38 - [MESSAGE][INFO] - Unable to find the element located by 'By.xpath: //*/text()[normalize-space(.)='Programacion De Vacaciones']/parent::*'. Please recheck the objects properties to make sure the desired element is located. 

2021-11-22 08:58:38 - [MESSAGE][WARNING] - Web element with id: 'Object Repository/Modulo Tarea Administracion Compensacion/Dias con Permisos Pasivos Permitidos/span_Programacion De Vacaciones' located by '//*/text()[normalize-space(.)='Programacion De Vacaciones']/parent::*' not found

2021-11-22 08:58:38 - [TEST_STEP][PASSED] - click(findTestObject("Modulo Tarea Administracion Compensacion/Dias con Permisos Pasivos Permitidos/a_Vacaciones")): Object: 'Object Repository/Modulo Tarea Administracion Compensacion/Dias con Permisos Pasivos Permitidos/a_Vacaciones' is clicked on

2021-11-22 08:58:39 - [MESSAGE][PASSED] - Object: 'Object Repository/Modulo Tarea Administracion Compensacion/Dias con Permisos Pasivos Permitidos/a_Vacaciones' is clicked on

2021-11-22 08:58:39 - [TEST_STEP][PASSED] - waitForElementClickable(findTestObject("Modulo Tarea Administracion Compensacion/Dias con Permisos Pasivos Permitidos/a_Nuevo Pasivo"), G_TimeOut): Object 'Object Repository/Modulo Tarea Administracion Compensacion/Dias con Permisos Pasivos Permitidos/a_Nuevo Pasivo' is clickable

2021-11-22 08:58:39 - [MESSAGE][PASSED] - Object 'Object Repository/Modulo Tarea Administracion Compensacion/Dias con Permisos Pasivos Permitidos/a_Nuevo Pasivo' is clickable

2021-11-22 08:58:39 - [TEST_STEP][PASSED] - click(findTestObject("Modulo Tarea Administracion Compensacion/Dias con Permisos Pasivos Permitidos/a_Nuevo Pasivo")): Object: 'Object Repository/Modulo Tarea Administracion Compensacion/Dias con Permisos Pasivos Permitidos/a_Nuevo Pasivo' is clicked on

2021-11-22 08:58:39 - [MESSAGE][PASSED] - Object: 'Object Repository/Modulo Tarea Administracion Compensacion/Dias con Permisos Pasivos Permitidos/a_Nuevo Pasivo' is clicked on

2021-11-22 08:58:39 - [TEST_STEP][PASSED] - click(findTestObject("Modulo Tarea Administracion Compensacion/Dias con Permisos Pasivos Permitidos/a_pestaa Vacaciones")): Object: 'Object Repository/Modulo Tarea Administracion Compensacion/Dias con Permisos Pasivos Permitidos/a_pestaa Vacaciones' is clicked on

2021-11-22 08:58:40 - [MESSAGE][PASSED] - Object: 'Object Repository/Modulo Tarea Administracion Compensacion/Dias con Permisos Pasivos Permitidos/a_pestaa Vacaciones' is clicked on

2021-11-22 08:58:40 - [TEST_STEP][PASSED] - selectOptionByIndex(findTestObject("Modulo Tarea Administracion Compensacion/Dias con Permisos Pasivos Permitidos/select_APLAZAMIENTOPROGRAMACION DE VACACIONES"), "2"): All options with index in [2] are selected on object 'Object Repository/Modulo Tarea Administracion Compensacion/Dias con Permisos Pasivos Permitidos/select_APLAZAMIENTOPROGRAMACION DE VACACIONES'

2021-11-22 08:58:41 - [MESSAGE][PASSED] - All options with index in [2] are selected on object 'Object Repository/Modulo Tarea Administracion Compensacion/Dias con Permisos Pasivos Permitidos/select_APLAZAMIENTOPROGRAMACION DE VACACIONES'

2021-11-22 08:58:41 - [TEST_STEP][PASSED] - selectOptionByIndex(findTestObject("Modulo Tarea Administracion Compensacion/Dias con Permisos Pasivos Permitidos/select_InterrupcinNo Aplica"), "1"): All options with index in [1] are selected on object 'Object Repository/Modulo Tarea Administracion Compensacion/Dias con Permisos Pasivos Permitidos/select_InterrupcinNo Aplica'

2021-11-22 08:58:42 - [MESSAGE][PASSED] - All options with index in [1] are selected on object 'Object Repository/Modulo Tarea Administracion Compensacion/Dias con Permisos Pasivos Permitidos/select_InterrupcinNo Aplica'

2021-11-22 08:58:42 - [TEST_STEP][PASSED] - setText(findTestObject("Modulo Tarea Administracion Compensacion/Dias con Permisos Pasivos Permitidos/input_Periodo Servicio_form_"), "01/06/2021"): Text '01/06/2021' is set on object 'Object Repository/Modulo Tarea Administracion Compensacion/Dias con Permisos Pasivos Permitidos/input_Periodo Servicio_form_'

2021-11-22 08:58:43 - [MESSAGE][PASSED] - Text '01/06/2021' is set on object 'Object Repository/Modulo Tarea Administracion Compensacion/Dias con Permisos Pasivos Permitidos/input_Periodo Servicio_form_'

2021-11-22 08:58:43 - [TEST_STEP][PASSED] - click(findTestObject("Modulo Tarea Administracion Compensacion/Dias con Permisos Pasivos Permitidos/span_Periodo Servicio"), STOP_ON_FAILURE): Object: 'Object Repository/Modulo Tarea Administracion Compensacion/Dias con Permisos Pasivos Permitidos/span_Periodo Servicio' is clicked on

2021-11-22 08:58:44 - [MESSAGE][PASSED] - Object: 'Object Repository/Modulo Tarea Administracion Compensacion/Dias con Permisos Pasivos Permitidos/span_Periodo Servicio' is clicked on

2021-11-22 08:58:44 - [TEST_STEP][PASSED] - setText(findTestObject("Modulo Tarea Administracion Compensacion/Dias con Permisos Pasivos Permitidos/input_Periodo Servicio_form_vacaciones"), "06/06/2021"): Text '06/06/2021' is set on object 'Object Repository/Modulo Tarea Administracion Compensacion/Dias con Permisos Pasivos Permitidos/input_Periodo Servicio_form_vacaciones'

2021-11-22 08:58:45 - [MESSAGE][PASSED] - Text '06/06/2021' is set on object 'Object Repository/Modulo Tarea Administracion Compensacion/Dias con Permisos Pasivos Permitidos/input_Periodo Servicio_form_vacaciones'

2021-11-22 08:58:45 - [TEST_STEP][PASSED] - sendKeys(findTestObject("Modulo Tarea Administracion Compensacion/Dias con Permisos Pasivos Permitidos/input_Periodo Servicio_form_vacaciones"), Keys.chord(ENTER)): Keys 'ENTER + ' sent to object: 'Object Repository/Modulo Tarea Administracion Compensacion/Dias con Permisos Pasivos Permitidos/input_Periodo Servicio_form_vacaciones'

2021-11-22 08:58:45 - [MESSAGE][PASSED] - Keys 'ENTER + ' sent to object: 'Object Repository/Modulo Tarea Administracion Compensacion/Dias con Permisos Pasivos Permitidos/input_Periodo Servicio_form_vacaciones'

2021-11-22 08:58:45 - [TEST_STEP][PASSED] - setText(findTestObject("Modulo Tarea Administracion Compensacion/Dias con Permisos Pasivos Permitidos/input_Das_form_vacacionesEmpleadotabs"), "5"): Text '5' is set on object 'Object Repository/Modulo Tarea Administracion Compensacion/Dias con Permisos Pasivos Permitidos/input_Das_form_vacacionesEmpleadotabs'

2021-11-22 08:58:46 - [MESSAGE][PASSED] - Text '5' is set on object 'Object Repository/Modulo Tarea Administracion Compensacion/Dias con Permisos Pasivos Permitidos/input_Das_form_vacacionesEmpleadotabs'

2021-11-22 08:58:46 - [TEST_STEP][PASSED] - setText(findTestObject("Modulo Tarea Administracion Compensacion/Dias con Permisos Pasivos Permitidos/input_Fecha Origen_form_vacaciones"), "01/06/2021"): Text '01/06/2021' is set on object 'Object Repository/Modulo Tarea Administracion Compensacion/Dias con Permisos Pasivos Permitidos/input_Fecha Origen_form_vacaciones'

2021-11-22 08:58:47 - [MESSAGE][PASSED] - Text '01/06/2021' is set on object 'Object Repository/Modulo Tarea Administracion Compensacion/Dias con Permisos Pasivos Permitidos/input_Fecha Origen_form_vacaciones'

2021-11-22 08:58:47 - [TEST_STEP][PASSED] - sendKeys(findTestObject("Modulo Tarea Administracion Compensacion/Dias con Permisos Pasivos Permitidos/input_Fecha Origen_form_vacaciones"), Keys.chord(ENTER)): Keys 'ENTER + ' sent to object: 'Object Repository/Modulo Tarea Administracion Compensacion/Dias con Permisos Pasivos Permitidos/input_Fecha Origen_form_vacaciones'

2021-11-22 08:58:47 - [MESSAGE][PASSED] - Keys 'ENTER + ' sent to object: 'Object Repository/Modulo Tarea Administracion Compensacion/Dias con Permisos Pasivos Permitidos/input_Fecha Origen_form_vacaciones'

2021-11-22 08:58:47 - [TEST_STEP][PASSED] - waitForElementClickable(findTestObject("Modulo Tarea Administracion Compensacion/Dias con Permisos Pasivos Permitidos/a_Guardar"), G_TimeOut): Object 'Object Repository/Modulo Tarea Administracion Compensacion/Dias con Permisos Pasivos Permitidos/a_Guardar' is clickable

2021-11-22 08:58:48 - [MESSAGE][PASSED] - Object 'Object Repository/Modulo Tarea Administracion Compensacion/Dias con Permisos Pasivos Permitidos/a_Guardar' is clickable

2021-11-22 08:58:48 - [TEST_STEP][PASSED] - click(findTestObject("Modulo Tarea Administracion Compensacion/Dias con Permisos Pasivos Permitidos/a_Guardar")): Object: 'Object Repository/Modulo Tarea Administracion Compensacion/Dias con Permisos Pasivos Permitidos/a_Guardar' is clicked on

2021-11-22 08:58:48 - [MESSAGE][PASSED] - Object: 'Object Repository/Modulo Tarea Administracion Compensacion/Dias con Permisos Pasivos Permitidos/a_Guardar' is clicked on

2021-11-22 08:58:48 - [TEST_STEP][PASSED] - waitForElementClickable(findTestObject("Modulo Tarea Administracion Compensacion/Dias con Permisos Pasivos Permitidos/a_Regresar"), G_TimeOut): Object 'Object Repository/Modulo Tarea Administracion Compensacion/Dias con Permisos Pasivos Permitidos/a_Regresar' is clickable

2021-11-22 08:58:50 - [MESSAGE][PASSED] - Object 'Object Repository/Modulo Tarea Administracion Compensacion/Dias con Permisos Pasivos Permitidos/a_Regresar' is clickable

2021-11-22 08:58:50 - [TEST_STEP][PASSED] - click(findTestObject("Modulo Tarea Administracion Compensacion/Dias con Permisos Pasivos Permitidos/a_Regresar")): Object: 'Object Repository/Modulo Tarea Administracion Compensacion/Dias con Permisos Pasivos Permitidos/a_Regresar' is clicked on

2021-11-22 08:58:51 - [MESSAGE][PASSED] - Object: 'Object Repository/Modulo Tarea Administracion Compensacion/Dias con Permisos Pasivos Permitidos/a_Regresar' is clicked on

2021-11-22 08:58:51 - [TEST_STEP][PASSED] - delay(3): Delayed 3 second(s)

2021-11-22 08:58:54 - [MESSAGE][PASSED] - Delayed 3 second(s)

2021-11-22 08:58:54 - [TEST_STEP][PASSED] - if (waitForElementClickable(findTestObject("Modulo Tarea Administracion Compensacion/Dias con Permisos Pasivos Permitidos/td_02062021"), 1)): null

2021-11-22 08:58:54 - [MESSAGE][PASSED] - Object 'Object Repository/Modulo Tarea Administracion Compensacion/Dias con Permisos Pasivos Permitidos/td_02062021' is clickable

2021-11-22 08:58:54 - [TEST_STEP][PASSED] - click(findTestObject("Modulo Tarea Administracion Compensacion/Dias con Permisos Pasivos Permitidos/td_02062021")): Object: 'Object Repository/Modulo Tarea Administracion Compensacion/Dias con Permisos Pasivos Permitidos/td_02062021' is clicked on

2021-11-22 08:58:55 - [MESSAGE][PASSED] - Object: 'Object Repository/Modulo Tarea Administracion Compensacion/Dias con Permisos Pasivos Permitidos/td_02062021' is clicked on

2021-11-22 08:58:55 - [TEST_STEP][PASSED] - waitForElementClickable(findTestObject("Modulo Tarea Administracion Compensacion/Dias con Permisos Pasivos Permitidos/a_Eliminar Directo_Solicitud"), 0): Object 'Object Repository/Modulo Tarea Administracion Compensacion/Dias con Permisos Pasivos Permitidos/a_Eliminar Directo_Solicitud' is clickable

2021-11-22 08:58:55 - [MESSAGE][WARNING] - Timeout '0' is invalid. Using default page load timeout: '30'

2021-11-22 08:58:55 - [MESSAGE][PASSED] - Object 'Object Repository/Modulo Tarea Administracion Compensacion/Dias con Permisos Pasivos Permitidos/a_Eliminar Directo_Solicitud' is clickable

2021-11-22 08:58:55 - [TEST_STEP][PASSED] - click(findTestObject("Modulo Tarea Administracion Compensacion/Dias con Permisos Pasivos Permitidos/a_Eliminar Directo_Solicitud")): Object: 'Object Repository/Modulo Tarea Administracion Compensacion/Dias con Permisos Pasivos Permitidos/a_Eliminar Directo_Solicitud' is clicked on

2021-11-22 08:58:56 - [MESSAGE][PASSED] - Object: 'Object Repository/Modulo Tarea Administracion Compensacion/Dias con Permisos Pasivos Permitidos/a_Eliminar Directo_Solicitud' is clicked on

2021-11-22 08:58:56 - [TEST_STEP][PASSED] - click(findTestObject("Modulo Tarea Administracion Compensacion/Dias con Permisos Pasivos Permitidos/a_Aceptar")): Object: 'Object Repository/Modulo Tarea Administracion Compensacion/Dias con Permisos Pasivos Permitidos/a_Aceptar' is clicked on

2021-11-22 08:58:58 - [MESSAGE][PASSED] - Object: 'Object Repository/Modulo Tarea Administracion Compensacion/Dias con Permisos Pasivos Permitidos/a_Aceptar' is clicked on

2021-11-22 08:58:58 - [TEST_STEP][PASSED] - waitForElementClickable(findTestObject("Modulo Tarea Administracion Compensacion/Dias con Permisos Pasivos Permitidos/a_Nueva Solicitud"), G_TimeOut): Object 'Object Repository/Modulo Tarea Administracion Compensacion/Dias con Permisos Pasivos Permitidos/a_Nueva Solicitud' is clickable

2021-11-22 08:58:59 - [MESSAGE][PASSED] - Object 'Object Repository/Modulo Tarea Administracion Compensacion/Dias con Permisos Pasivos Permitidos/a_Nueva Solicitud' is clickable

2021-11-22 08:58:59 - [TEST_STEP][PASSED] - click(findTestObject("Modulo Tarea Administracion Compensacion/Dias con Permisos Pasivos Permitidos/a_Nueva Solicitud")): Object: 'Object Repository/Modulo Tarea Administracion Compensacion/Dias con Permisos Pasivos Permitidos/a_Nueva Solicitud' is clicked on

2021-11-22 08:58:59 - [MESSAGE][PASSED] - Object: 'Object Repository/Modulo Tarea Administracion Compensacion/Dias con Permisos Pasivos Permitidos/a_Nueva Solicitud' is clicked on

2021-11-22 08:58:59 - [TEST_STEP][PASSED] - setText(findTestObject("Modulo Tarea Administracion Compensacion/Dias con Permisos Pasivos Permitidos/input_Salida Nomina_form_vacaciones"), "01/06/2021"): Text '01/06/2021' is set on object 'Object Repository/Modulo Tarea Administracion Compensacion/Dias con Permisos Pasivos Permitidos/input_Salida Nomina_form_vacaciones'

2021-11-22 08:59:00 - [MESSAGE][PASSED] - Text '01/06/2021' is set on object 'Object Repository/Modulo Tarea Administracion Compensacion/Dias con Permisos Pasivos Permitidos/input_Salida Nomina_form_vacaciones'

2021-11-22 08:59:00 - [TEST_STEP][PASSED] - sendKeys(findTestObject("Modulo Tarea Administracion Compensacion/Dias con Permisos Pasivos Permitidos/input_Salida Nomina_form_vacaciones"), Keys.chord(ENTER)): Keys 'ENTER + ' sent to object: 'Object Repository/Modulo Tarea Administracion Compensacion/Dias con Permisos Pasivos Permitidos/input_Salida Nomina_form_vacaciones'

2021-11-22 08:59:01 - [MESSAGE][PASSED] - Keys 'ENTER + ' sent to object: 'Object Repository/Modulo Tarea Administracion Compensacion/Dias con Permisos Pasivos Permitidos/input_Salida Nomina_form_vacaciones'

2021-11-22 08:59:01 - [TEST_STEP][PASSED] - selectOptionByIndex(findTestObject("Modulo Tarea Administracion Compensacion/Dias con Permisos Pasivos Permitidos/select_SeleccioneChequeEntidad_"), "3"): All options with index in [3] are selected on object 'Object Repository/Modulo Tarea Administracion Compensacion/Dias con Permisos Pasivos Permitidos/select_SeleccioneChequeEntidad_'

2021-11-22 08:59:02 - [MESSAGE][PASSED] - All options with index in [3] are selected on object 'Object Repository/Modulo Tarea Administracion Compensacion/Dias con Permisos Pasivos Permitidos/select_SeleccioneChequeEntidad_'

2021-11-22 08:59:02 - [TEST_STEP][PASSED] - setText(findTestObject("Modulo Tarea Administracion Compensacion/Dias con Permisos Pasivos Permitidos/input_Pago_form_vacacionesEmpleado"), "01/06/2021"): Text '01/06/2021' is set on object 'Object Repository/Modulo Tarea Administracion Compensacion/Dias con Permisos Pasivos Permitidos/input_Pago_form_vacacionesEmpleado'

2021-11-22 08:59:03 - [MESSAGE][PASSED] - Text '01/06/2021' is set on object 'Object Repository/Modulo Tarea Administracion Compensacion/Dias con Permisos Pasivos Permitidos/input_Pago_form_vacacionesEmpleado'

2021-11-22 08:59:03 - [TEST_STEP][PASSED] - sendKeys(findTestObject("Modulo Tarea Administracion Compensacion/Dias con Permisos Pasivos Permitidos/input_Pago_form_vacacionesEmpleado"), Keys.chord(ENTER)): Keys 'ENTER + ' sent to object: 'Object Repository/Modulo Tarea Administracion Compensacion/Dias con Permisos Pasivos Permitidos/input_Pago_form_vacacionesEmpleado'

2021-11-22 08:59:04 - [MESSAGE][PASSED] - Keys 'ENTER + ' sent to object: 'Object Repository/Modulo Tarea Administracion Compensacion/Dias con Permisos Pasivos Permitidos/input_Pago_form_vacacionesEmpleado'

2021-11-22 08:59:04 - [TEST_STEP][PASSED] - setText(findTestObject("Modulo Tarea Administracion Compensacion/Dias con Permisos Pasivos Permitidos/input_Disfrute_form_vacacionesEmpleado"), "1"): Text '1' is set on object 'Object Repository/Modulo Tarea Administracion Compensacion/Dias con Permisos Pasivos Permitidos/input_Disfrute_form_vacacionesEmpleado'

2021-11-22 08:59:04 - [MESSAGE][PASSED] - Text '1' is set on object 'Object Repository/Modulo Tarea Administracion Compensacion/Dias con Permisos Pasivos Permitidos/input_Disfrute_form_vacacionesEmpleado'

2021-11-22 08:59:04 - [TEST_STEP][PASSED] - setText(findTestObject("Modulo Tarea Administracion Compensacion/Dias con Permisos Pasivos Permitidos/input_Compensados_form_vacaciones"), "1"): Text '1' is set on object 'Object Repository/Modulo Tarea Administracion Compensacion/Dias con Permisos Pasivos Permitidos/input_Compensados_form_vacaciones'

2021-11-22 08:59:05 - [MESSAGE][PASSED] - Text '1' is set on object 'Object Repository/Modulo Tarea Administracion Compensacion/Dias con Permisos Pasivos Permitidos/input_Compensados_form_vacaciones'

2021-11-22 08:59:05 - [TEST_STEP][PASSED] - setText(findTestObject("Modulo Tarea Administracion Compensacion/Dias con Permisos Pasivos Permitidos/textarea_Observacin_form_vacaciones"), "Pruebas sara"): Text 'Pruebas sara' is set on object 'Object Repository/Modulo Tarea Administracion Compensacion/Dias con Permisos Pasivos Permitidos/textarea_Observacin_form_vacaciones'

2021-11-22 08:59:06 - [MESSAGE][PASSED] - Text 'Pruebas sara' is set on object 'Object Repository/Modulo Tarea Administracion Compensacion/Dias con Permisos Pasivos Permitidos/textarea_Observacin_form_vacaciones'

2021-11-22 08:59:06 - [TEST_STEP][PASSED] - waitForElementClickable(findTestObject("Modulo Tarea Administracion Compensacion/Dias con Permisos Pasivos Permitidos/a_Verificar"), G_TimeOut): Object 'Object Repository/Modulo Tarea Administracion Compensacion/Dias con Permisos Pasivos Permitidos/a_Verificar' is clickable

2021-11-22 08:59:06 - [MESSAGE][PASSED] - Object 'Object Repository/Modulo Tarea Administracion Compensacion/Dias con Permisos Pasivos Permitidos/a_Verificar' is clickable

2021-11-22 08:59:06 - [TEST_STEP][PASSED] - click(findTestObject("Modulo Tarea Administracion Compensacion/Dias con Permisos Pasivos Permitidos/a_Verificar")): Object: 'Object Repository/Modulo Tarea Administracion Compensacion/Dias con Permisos Pasivos Permitidos/a_Verificar' is clicked on

2021-11-22 08:59:07 - [MESSAGE][PASSED] - Object: 'Object Repository/Modulo Tarea Administracion Compensacion/Dias con Permisos Pasivos Permitidos/a_Verificar' is clicked on

2021-11-22 08:59:07 - [TEST_STEP][PASSED] - waitForElementClickable(findTestObject("Modulo Tarea Administracion Compensacion/Dias con Permisos Pasivos Permitidos/a_Guardar_solicitudes"), 0): Object 'Object Repository/Modulo Tarea Administracion Compensacion/Dias con Permisos Pasivos Permitidos/a_Guardar_solicitudes' is clickable

2021-11-22 08:59:07 - [MESSAGE][WARNING] - Timeout '0' is invalid. Using default page load timeout: '30'

2021-11-22 08:59:10 - [MESSAGE][PASSED] - Object 'Object Repository/Modulo Tarea Administracion Compensacion/Dias con Permisos Pasivos Permitidos/a_Guardar_solicitudes' is clickable

2021-11-22 08:59:10 - [TEST_STEP][PASSED] - click(findTestObject("Modulo Tarea Administracion Compensacion/Dias con Permisos Pasivos Permitidos/a_Guardar_solicitudes")): Object: 'Object Repository/Modulo Tarea Administracion Compensacion/Dias con Permisos Pasivos Permitidos/a_Guardar_solicitudes' is clicked on

2021-11-22 08:59:10 - [MESSAGE][PASSED] - Object: 'Object Repository/Modulo Tarea Administracion Compensacion/Dias con Permisos Pasivos Permitidos/a_Guardar_solicitudes' is clicked on

2021-11-22 08:59:10 - [TEST_STEP][PASSED] - getText(findTestObject("Alerta/Alerta")): Text of object 'Object Repository/Alerta/Alerta' is: 'Se modifico exitosamente su solicitud'

2021-11-22 08:59:11 - [MESSAGE][PASSED] - Text of object 'Object Repository/Alerta/Alerta' is: 'Se modifico exitosamente su solicitud'

2021-11-22 08:59:11 - [TEST_STEP][PASSED] - click(findTestObject("Modulo Tarea Administracion Compensacion/Dias con Permisos Pasivos Permitidos/a_Regresar_vacaciones")): Object: 'Object Repository/Modulo Tarea Administracion Compensacion/Dias con Permisos Pasivos Permitidos/a_Regresar_vacaciones' is clicked on

2021-11-22 08:59:12 - [MESSAGE][PASSED] - Object: 'Object Repository/Modulo Tarea Administracion Compensacion/Dias con Permisos Pasivos Permitidos/a_Regresar_vacaciones' is clicked on

2021-11-22 08:59:12 - [MESSAGE][PASSED] - Call Test Case 'Test Cases/1.1-Tareas Principales/1.1.6-crear vacaciones' successfully

2021-11-22 08:59:12 - [TEST_STEP][PASSED] - delay(2): Delayed 2 second(s)

2021-11-22 08:59:14 - [MESSAGE][PASSED] - Delayed 2 second(s)

2021-11-22 08:59:14 - [TEST_STEP][PASSED] - setText(findTestObject("Modulo Tarea Administracion Compensacion/Generar Vacaciones/input_Listado de Empleados_form_templatej_idt24_input"), "Generacion Vacaciones"): Text 'Generacion Vacaciones' is set on object 'Object Repository/Modulo Tarea Administracion Compensacion/Generar Vacaciones/input_Listado de Empleados_form_templatej_idt24_input'

2021-11-22 08:59:14 - [MESSAGE][PASSED] - Text 'Generacion Vacaciones' is set on object 'Object Repository/Modulo Tarea Administracion Compensacion/Generar Vacaciones/input_Listado de Empleados_form_templatej_idt24_input'

2021-11-22 08:59:14 - [TEST_STEP][PASSED] - delay(1): Delayed 1 second(s)

2021-11-22 08:59:15 - [MESSAGE][PASSED] - Delayed 1 second(s)

2021-11-22 08:59:15 - [TEST_STEP][PASSED] - waitForElementClickable(findTestObject("Modulo Tarea Administracion Compensacion/Generar Vacaciones/a_Generacin"), G_TimeOut): Object 'Object Repository/Modulo Tarea Administracion Compensacion/Generar Vacaciones/a_Generacin' is clickable

2021-11-22 08:59:16 - [MESSAGE][PASSED] - Object 'Object Repository/Modulo Tarea Administracion Compensacion/Generar Vacaciones/a_Generacin' is clickable

2021-11-22 08:59:16 - [TEST_STEP][PASSED] - sendKeys(findTestObject("Modulo Tarea Administracion Compensacion/Generar Vacaciones/input_Listado de Empleados_form_templatej_idt24_input"), Keys.chord(ENTER)): Keys 'ENTER + ' sent to object: 'Object Repository/Modulo Tarea Administracion Compensacion/Generar Vacaciones/input_Listado de Empleados_form_templatej_idt24_input'

2021-11-22 08:59:16 - [MESSAGE][PASSED] - Keys 'ENTER + ' sent to object: 'Object Repository/Modulo Tarea Administracion Compensacion/Generar Vacaciones/input_Listado de Empleados_form_templatej_idt24_input'

2021-11-22 08:59:16 - [TEST_STEP][PASSED] - click(findTestObject("Modulo Tarea Administracion Compensacion/Generar Vacaciones/a_Generacin")): Object: 'Object Repository/Modulo Tarea Administracion Compensacion/Generar Vacaciones/a_Generacin' is clicked on

2021-11-22 08:59:18 - [MESSAGE][PASSED] - Object: 'Object Repository/Modulo Tarea Administracion Compensacion/Generar Vacaciones/a_Generacin' is clicked on

2021-11-22 08:59:18 - [TEST_STEP][PASSED] - waitForElementClickable(findTestObject("Modulo Tarea Administracion Compensacion/Generar Vacaciones/select_--Seleccione--ChequeEntidad de PagoPeriodo de Nomina"), G_TimeOut): Object 'Object Repository/Modulo Tarea Administracion Compensacion/Generar Vacaciones/select_--Seleccione--ChequeEntidad de PagoPeriodo de Nomina' is clickable

2021-11-22 08:59:19 - [MESSAGE][PASSED] - Object 'Object Repository/Modulo Tarea Administracion Compensacion/Generar Vacaciones/select_--Seleccione--ChequeEntidad de PagoPeriodo de Nomina' is clickable

2021-11-22 08:59:19 - [TEST_STEP][PASSED] - click(findTestObject("Modulo Tarea Administracion Compensacion/Generar Vacaciones/select_--Seleccione--ChequeEntidad de PagoPeriodo de Nomina")): Object: 'Object Repository/Modulo Tarea Administracion Compensacion/Generar Vacaciones/select_--Seleccione--ChequeEntidad de PagoPeriodo de Nomina' is clicked on

2021-11-22 08:59:19 - [MESSAGE][PASSED] - Object: 'Object Repository/Modulo Tarea Administracion Compensacion/Generar Vacaciones/select_--Seleccione--ChequeEntidad de PagoPeriodo de Nomina' is clicked on

2021-11-22 08:59:19 - [TEST_STEP][PASSED] - selectOptionByIndex(findTestObject("Modulo Tarea Administracion Compensacion/Generar Vacaciones/select_--Seleccione--ChequeEntidad de PagoPeriodo de Nomina"), "3"): All options with index in [3] are selected on object 'Object Repository/Modulo Tarea Administracion Compensacion/Generar Vacaciones/select_--Seleccione--ChequeEntidad de PagoPeriodo de Nomina'

2021-11-22 08:59:20 - [MESSAGE][PASSED] - All options with index in [3] are selected on object 'Object Repository/Modulo Tarea Administracion Compensacion/Generar Vacaciones/select_--Seleccione--ChequeEntidad de PagoPeriodo de Nomina'

2021-11-22 08:59:20 - [TEST_STEP][PASSED] - waitForElementClickable(findTestObject("Modulo Tarea Administracion Compensacion/Generar Vacaciones/a_Periodo Nomina_btn_popupInformacion"), G_TimeOut): Object 'Object Repository/Modulo Tarea Administracion Compensacion/Generar Vacaciones/a_Periodo Nomina_btn_popupInformacion' is clickable

2021-11-22 08:59:21 - [MESSAGE][PASSED] - Object 'Object Repository/Modulo Tarea Administracion Compensacion/Generar Vacaciones/a_Periodo Nomina_btn_popupInformacion' is clickable

2021-11-22 08:59:21 - [TEST_STEP][PASSED] - click(findTestObject("Modulo Tarea Administracion Compensacion/Generar Vacaciones/a_Periodo Nomina_btn_popupInformacion")): Object: 'Object Repository/Modulo Tarea Administracion Compensacion/Generar Vacaciones/a_Periodo Nomina_btn_popupInformacion' is clicked on

2021-11-22 08:59:21 - [MESSAGE][PASSED] - Object: 'Object Repository/Modulo Tarea Administracion Compensacion/Generar Vacaciones/a_Periodo Nomina_btn_popupInformacion' is clicked on

2021-11-22 08:59:21 - [TEST_STEP][PASSED] - waitForElementClickable(findTestObject("Modulo Tarea Administracion Compensacion/Generar Vacaciones/span_P MensualJunio2021"), G_TimeOut): Object 'Object Repository/Modulo Tarea Administracion Compensacion/Generar Vacaciones/span_P MensualJunio2021' is clickable

2021-11-22 08:59:23 - [MESSAGE][PASSED] - Object 'Object Repository/Modulo Tarea Administracion Compensacion/Generar Vacaciones/span_P MensualJunio2021' is clickable

2021-11-22 08:59:23 - [TEST_STEP][PASSED] - click(findTestObject("Modulo Tarea Administracion Compensacion/Generar Vacaciones/span_P MensualJunio2021")): Object: 'Object Repository/Modulo Tarea Administracion Compensacion/Generar Vacaciones/span_P MensualJunio2021' is clicked on

2021-11-22 08:59:24 - [MESSAGE][PASSED] - Object: 'Object Repository/Modulo Tarea Administracion Compensacion/Generar Vacaciones/span_P MensualJunio2021' is clicked on

2021-11-22 08:59:24 - [TEST_STEP][PASSED] - waitForElementClickable(findTestObject("Modulo Tarea Administracion Compensacion/Generar Vacaciones/a_Filtrar"), G_TimeOut): Object 'Object Repository/Modulo Tarea Administracion Compensacion/Generar Vacaciones/a_Filtrar' is clickable

2021-11-22 08:59:24 - [MESSAGE][PASSED] - Object 'Object Repository/Modulo Tarea Administracion Compensacion/Generar Vacaciones/a_Filtrar' is clickable

2021-11-22 08:59:24 - [TEST_STEP][PASSED] - click(findTestObject("Modulo Tarea Administracion Compensacion/Generar Vacaciones/a_Filtrar")): Object: 'Object Repository/Modulo Tarea Administracion Compensacion/Generar Vacaciones/a_Filtrar' is clicked on

2021-11-22 08:59:25 - [MESSAGE][PASSED] - Object: 'Object Repository/Modulo Tarea Administracion Compensacion/Generar Vacaciones/a_Filtrar' is clicked on

2021-11-22 08:59:25 - [TEST_STEP][PASSED] - waitForElementClickable(findTestObject("Modulo Tarea Administracion Compensacion/Generar Vacaciones/div_Detalle_ui-chkbox-box ui-widget ui-corner-all ui-state-default"), G_TimeOut): Object 'Object Repository/Modulo Tarea Administracion Compensacion/Generar Vacaciones/div_Detalle_ui-chkbox-box ui-widget ui-corner-all ui-state-default' is clickable

2021-11-22 08:59:26 - [MESSAGE][PASSED] - Object 'Object Repository/Modulo Tarea Administracion Compensacion/Generar Vacaciones/div_Detalle_ui-chkbox-box ui-widget ui-corner-all ui-state-default' is clickable

2021-11-22 08:59:26 - [TEST_STEP][PASSED] - click(findTestObject("Modulo Tarea Administracion Compensacion/Generar Vacaciones/div_Detalle_ui-chkbox-box ui-widget ui-corner-all ui-state-default")): Object: 'Object Repository/Modulo Tarea Administracion Compensacion/Generar Vacaciones/div_Detalle_ui-chkbox-box ui-widget ui-corner-all ui-state-default' is clicked on

2021-11-22 08:59:26 - [MESSAGE][PASSED] - Object: 'Object Repository/Modulo Tarea Administracion Compensacion/Generar Vacaciones/div_Detalle_ui-chkbox-box ui-widget ui-corner-all ui-state-default' is clicked on

2021-11-22 08:59:26 - [TEST_STEP][PASSED] - waitForElementClickable(findTestObject("Modulo Tarea Administracion Compensacion/Generar Vacaciones/a_Aplicar"), G_TimeOut): Web element with id: 'Object Repository/Modulo Tarea Administracion Compensacion/Generar Vacaciones/a_Aplicar' located by '//table[4]/tbody/tr/td/a' not found

2021-11-22 08:59:37 - [MESSAGE][INFO] - Unable to find the element located by 'By.xpath: //table[4]/tbody/tr/td/a'. Please recheck the objects properties to make sure the desired element is located. 

2021-11-22 08:59:37 - [MESSAGE][WARNING] - Web element with id: 'Object Repository/Modulo Tarea Administracion Compensacion/Generar Vacaciones/a_Aplicar' located by '//table[4]/tbody/tr/td/a' not found

2021-11-22 08:59:37 - [TEST_STEP][FAILED] - click(findTestObject("Modulo Tarea Administracion Compensacion/Generar Vacaciones/a_Aplicar")): Unable to click on object 'Object Repository/Modulo Tarea Administracion Compensacion/Generar Vacaciones/a_Aplicar' (Root cause: com.kms.katalon.core.exception.StepFailedException: Unable to click on object 'Object Repository/Modulo Tarea Administracion Compensacion/Generar Vacaciones/a_Aplicar'
	at com.kms.katalon.core.webui.keyword.internal.WebUIKeywordMain.stepFailed(WebUIKeywordMain.groovy:64)
	at com.kms.katalon.core.webui.keyword.internal.WebUIKeywordMain.runKeyword(WebUIKeywordMain.groovy:26)
	at com.kms.katalon.core.webui.keyword.builtin.ClickKeyword.click(ClickKeyword.groovy:74)
	at com.kms.katalon.core.webui.keyword.builtin.ClickKeyword.execute(ClickKeyword.groovy:40)
	at com.kms.katalon.core.keyword.internal.KeywordExecutor.executeKeywordForPlatform(KeywordExecutor.groovy:74)
	at com.kms.katalon.core.webui.keyword.WebUiBuiltInKeywords.click(WebUiBuiltInKeywords.groovy:620)
	at com.kms.katalon.core.webui.keyword.WebUiBuiltInKeywords$click$5.call(Unknown Source)
	at 1.1.7-Generar Vacaciones.run(1.1.7-Generar Vacaciones:65)
	at com.kms.katalon.core.main.ScriptEngine.run(ScriptEngine.java:194)
	at com.kms.katalon.core.main.ScriptEngine.runScriptAsRawText(ScriptEngine.java:119)
	at com.kms.katalon.core.main.TestCaseExecutor.runScript(TestCaseExecutor.java:442)
	at com.kms.katalon.core.main.TestCaseExecutor.doExecute(TestCaseExecutor.java:433)
	at com.kms.katalon.core.main.TestCaseExecutor.processExecutionPhase(TestCaseExecutor.java:412)
	at com.kms.katalon.core.main.TestCaseExecutor.accessMainPhase(TestCaseExecutor.java:404)
	at com.kms.katalon.core.main.TestCaseExecutor.execute(TestCaseExecutor.java:281)
	at com.kms.katalon.core.main.TestCaseMain.runTestCase(TestCaseMain.java:138)
	at com.kms.katalon.core.keyword.builtin.CallTestCaseKeyword$_callTestCase_closure1.doCall(CallTestCaseKeyword.groovy:59)
	at com.kms.katalon.core.keyword.builtin.CallTestCaseKeyword$_callTestCase_closure1.call(CallTestCaseKeyword.groovy)
	at com.kms.katalon.core.keyword.internal.KeywordMain.runKeyword(KeywordMain.groovy:74)
	at com.kms.katalon.core.keyword.builtin.CallTestCaseKeyword.callTestCase(CallTestCaseKeyword.groovy:81)
	at com.kms.katalon.core.keyword.builtin.CallTestCaseKeyword.execute(CallTestCaseKeyword.groovy:44)
	at com.kms.katalon.core.keyword.internal.KeywordExecutor.executeKeywordForPlatform(KeywordExecutor.groovy:74)
	at com.kms.katalon.core.keyword.BuiltinKeywords.callTestCase(BuiltinKeywords.groovy:334)
	at 1.1.8-Mantenimiento de Vacaciones Reliquidar.run(1.1.8-Mantenimiento de Vacaciones Reliquidar:40)
	at com.kms.katalon.core.main.ScriptEngine.run(ScriptEngine.java:194)
	at com.kms.katalon.core.main.ScriptEngine.runScriptAsRawText(ScriptEngine.java:119)
	at com.kms.katalon.core.main.TestCaseExecutor.runScript(TestCaseExecutor.java:442)
	at com.kms.katalon.core.main.TestCaseExecutor.doExecute(TestCaseExecutor.java:433)
	at com.kms.katalon.core.main.TestCaseExecutor.processExecutionPhase(TestCaseExecutor.java:412)
	at com.kms.katalon.core.main.TestCaseExecutor.accessMainPhase(TestCaseExecutor.java:404)
	at com.kms.katalon.core.main.TestCaseExecutor.execute(TestCaseExecutor.java:281)
	at com.kms.katalon.core.main.TestCaseMain.runTestCase(TestCaseMain.java:138)
	at com.kms.katalon.core.keyword.builtin.CallTestCaseKeyword$_callTestCase_closure1.doCall(CallTestCaseKeyword.groovy:59)
	at com.kms.katalon.core.keyword.builtin.CallTestCaseKeyword$_callTestCase_closure1.call(CallTestCaseKeyword.groovy)
	at com.kms.katalon.core.keyword.internal.KeywordMain.runKeyword(KeywordMain.groovy:74)
	at com.kms.katalon.core.keyword.builtin.CallTestCaseKeyword.callTestCase(CallTestCaseKeyword.groovy:81)
	at com.kms.katalon.core.keyword.builtin.CallTestCaseKeyword.execute(CallTestCaseKeyword.groovy:44)
	at com.kms.katalon.core.keyword.internal.KeywordExecutor.executeKeywordForPlatform(KeywordExecutor.groovy:74)
	at com.kms.katalon.core.keyword.BuiltinKeywords.callTestCase(BuiltinKeywords.groovy:334)
	at 1.1.9-Imprimir comprobante de vacaciones.run(1.1.9-Imprimir comprobante de vacaciones:18)
	at com.kms.katalon.core.main.ScriptEngine.run(ScriptEngine.java:194)
	at com.kms.katalon.core.main.ScriptEngine.runScriptAsRawText(ScriptEngine.java:119)
	at com.kms.katalon.core.main.TestCaseExecutor.runScript(TestCaseExecutor.java:442)
	at com.kms.katalon.core.main.TestCaseExecutor.doExecute(TestCaseExecutor.java:433)
	at com.kms.katalon.core.main.TestCaseExecutor.processExecutionPhase(TestCaseExecutor.java:412)
	at com.kms.katalon.core.main.TestCaseExecutor.accessMainPhase(TestCaseExecutor.java:404)
	at com.kms.katalon.core.main.TestCaseExecutor.execute(TestCaseExecutor.java:281)
	at com.kms.katalon.core.main.TestSuiteExecutor.accessTestCaseMainPhase(TestSuiteExecutor.java:202)
	at com.kms.katalon.core.main.TestSuiteExecutor.accessTestSuiteMainPhase(TestSuiteExecutor.java:164)
	at com.kms.katalon.core.main.TestSuiteExecutor.execute(TestSuiteExecutor.java:105)
	at com.kms.katalon.core.main.TestCaseMain.startTestSuite(TestCaseMain.java:181)
	at com.kms.katalon.core.main.TestCaseMain$startTestSuite$0.call(Unknown Source)
	at TempTestSuite1637588847917.run(TempTestSuite1637588847917.groovy:36)
Caused by: com.kms.katalon.core.webui.exception.WebElementNotFoundException: Web element with id: 'Object Repository/Modulo Tarea Administracion Compensacion/Generar Vacaciones/a_Aplicar' located by '//table[4]/tbody/tr/td/a' not found
	at com.kms.katalon.core.webui.common.WebUiCommonHelper.findWebElement(WebUiCommonHelper.java:1368)
	at com.kms.katalon.core.webui.keyword.internal.WebUIAbstractKeyword.findWebElement(WebUIAbstractKeyword.groovy:27)
	at com.kms.katalon.core.webui.keyword.builtin.ClickKeyword$_click_closure1.doCall(ClickKeyword.groovy:65)
	at com.kms.katalon.core.webui.keyword.builtin.ClickKeyword$_click_closure1.call(ClickKeyword.groovy)
	at com.kms.katalon.core.webui.keyword.internal.WebUIKeywordMain.runKeyword(WebUIKeywordMain.groovy:20)
	at com.kms.katalon.core.webui.keyword.builtin.ClickKeyword.click(ClickKeyword.groovy:74)
	at com.kms.katalon.core.webui.keyword.builtin.ClickKeyword.execute(ClickKeyword.groovy:40)
	at com.kms.katalon.core.keyword.internal.KeywordExecutor.executeKeywordForPlatform(KeywordExecutor.groovy:74)
	at com.kms.katalon.core.webui.keyword.WebUiBuiltInKeywords.click(WebUiBuiltInKeywords.groovy:620)
	at com.kms.katalon.core.webui.keyword.WebUiBuiltInKeywords$click$5.call(Unknown Source)
	at Script1548864467260.run(Script1548864467260.groovy:65)
	at com.kms.katalon.core.main.ScriptEngine.run(ScriptEngine.java:194)
	at com.kms.katalon.core.main.ScriptEngine.runScriptAsRawText(ScriptEngine.java:119)
	at com.kms.katalon.core.main.TestCaseExecutor.runScript(TestCaseExecutor.java:442)
	at com.kms.katalon.core.main.TestCaseExecutor.doExecute(TestCaseExecutor.java:433)
	at com.kms.katalon.core.main.TestCaseExecutor.processExecutionPhase(TestCaseExecutor.java:412)
	at com.kms.katalon.core.main.TestCaseExecutor.accessMainPhase(TestCaseExecutor.java:404)
	at com.kms.katalon.core.main.TestCaseExecutor.execute(TestCaseExecutor.java:281)
	at com.kms.katalon.core.main.TestCaseMain.runTestCase(TestCaseMain.java:138)
	at com.kms.katalon.core.keyword.builtin.CallTestCaseKeyword$_callTestCase_closure1.doCall(CallTestCaseKeyword.groovy:59)
	at com.kms.katalon.core.keyword.builtin.CallTestCaseKeyword$_callTestCase_closure1.call(CallTestCaseKeyword.groovy)
	at com.kms.katalon.core.keyword.internal.KeywordMain.runKeyword(KeywordMain.groovy:74)
	at com.kms.katalon.core.keyword.builtin.CallTestCaseKeyword.callTestCase(CallTestCaseKeyword.groovy:81)
	at com.kms.katalon.core.keyword.builtin.CallTestCaseKeyword.execute(CallTestCaseKeyword.groovy:44)
	at com.kms.katalon.core.keyword.internal.KeywordExecutor.executeKeywordForPlatform(KeywordExecutor.groovy:74)
	at com.kms.katalon.core.keyword.BuiltinKeywords.callTestCase(BuiltinKeywords.groovy:334)
	at Script1548864505129.run(Script1548864505129.groovy:40)
	at com.kms.katalon.core.main.ScriptEngine.run(ScriptEngine.java:194)
	at com.kms.katalon.core.main.ScriptEngine.runScriptAsRawText(ScriptEngine.java:119)
	at com.kms.katalon.core.main.TestCaseExecutor.runScript(TestCaseExecutor.java:442)
	at com.kms.katalon.core.main.TestCaseExecutor.doExecute(TestCaseExecutor.java:433)
	at com.kms.katalon.core.main.TestCaseExecutor.processExecutionPhase(TestCaseExecutor.java:412)
	at com.kms.katalon.core.main.TestCaseExecutor.accessMainPhase(TestCaseExecutor.java:404)
	at com.kms.katalon.core.main.TestCaseExecutor.execute(TestCaseExecutor.java:281)
	at com.kms.katalon.core.main.TestCaseMain.runTestCase(TestCaseMain.java:138)
	at com.kms.katalon.core.keyword.builtin.CallTestCaseKeyword$_callTestCase_closure1.doCall(CallTestCaseKeyword.groovy:59)
	at com.kms.katalon.core.keyword.builtin.CallTestCaseKeyword$_callTestCase_closure1.call(CallTestCaseKeyword.groovy)
	at com.kms.katalon.core.keyword.internal.KeywordMain.runKeyword(KeywordMain.groovy:74)
	at com.kms.katalon.core.keyword.builtin.CallTestCaseKeyword.callTestCase(CallTestCaseKeyword.groovy:81)
	at com.kms.katalon.core.keyword.builtin.CallTestCaseKeyword.execute(CallTestCaseKeyword.groovy:44)
	at com.kms.katalon.core.keyword.internal.KeywordExecutor.executeKeywordForPlatform(KeywordExecutor.groovy:74)
	at com.kms.katalon.core.keyword.BuiltinKeywords.callTestCase(BuiltinKeywords.groovy:334)
	at Script1548864606903.run(Script1548864606903.groovy:18)
	... 13 more
)

2021-11-22 09:00:09 - [MESSAGE][INFO] - Unable to find the element located by 'By.xpath: //table[4]/tbody/tr/td/a'. Please recheck the objects properties to make sure the desired element is located. 

2021-11-22 09:00:09 - [MESSAGE][FAILED] - Unable to click on object 'Object Repository/Modulo Tarea Administracion Compensacion/Generar Vacaciones/a_Aplicar' (Root cause: com.kms.katalon.core.exception.StepFailedException: Unable to click on object 'Object Repository/Modulo Tarea Administracion Compensacion/Generar Vacaciones/a_Aplicar'
	at com.kms.katalon.core.webui.keyword.internal.WebUIKeywordMain.stepFailed(WebUIKeywordMain.groovy:64)
	at com.kms.katalon.core.webui.keyword.internal.WebUIKeywordMain.runKeyword(WebUIKeywordMain.groovy:26)
	at com.kms.katalon.core.webui.keyword.builtin.ClickKeyword.click(ClickKeyword.groovy:74)
	at com.kms.katalon.core.webui.keyword.builtin.ClickKeyword.execute(ClickKeyword.groovy:40)
	at com.kms.katalon.core.keyword.internal.KeywordExecutor.executeKeywordForPlatform(KeywordExecutor.groovy:74)
	at com.kms.katalon.core.webui.keyword.WebUiBuiltInKeywords.click(WebUiBuiltInKeywords.groovy:620)
	at com.kms.katalon.core.webui.keyword.WebUiBuiltInKeywords$click$5.call(Unknown Source)
	at 1.1.7-Generar Vacaciones.run(1.1.7-Generar Vacaciones:65)
	at com.kms.katalon.core.main.ScriptEngine.run(ScriptEngine.java:194)
	at com.kms.katalon.core.main.ScriptEngine.runScriptAsRawText(ScriptEngine.java:119)
	at com.kms.katalon.core.main.TestCaseExecutor.runScript(TestCaseExecutor.java:442)
	at com.kms.katalon.core.main.TestCaseExecutor.doExecute(TestCaseExecutor.java:433)
	at com.kms.katalon.core.main.TestCaseExecutor.processExecutionPhase(TestCaseExecutor.java:412)
	at com.kms.katalon.core.main.TestCaseExecutor.accessMainPhase(TestCaseExecutor.java:404)
	at com.kms.katalon.core.main.TestCaseExecutor.execute(TestCaseExecutor.java:281)
	at com.kms.katalon.core.main.TestCaseMain.runTestCase(TestCaseMain.java:138)
	at com.kms.katalon.core.keyword.builtin.CallTestCaseKeyword$_callTestCase_closure1.doCall(CallTestCaseKeyword.groovy:59)
	at com.kms.katalon.core.keyword.builtin.CallTestCaseKeyword$_callTestCase_closure1.call(CallTestCaseKeyword.groovy)
	at com.kms.katalon.core.keyword.internal.KeywordMain.runKeyword(KeywordMain.groovy:74)
	at com.kms.katalon.core.keyword.builtin.CallTestCaseKeyword.callTestCase(CallTestCaseKeyword.groovy:81)
	at com.kms.katalon.core.keyword.builtin.CallTestCaseKeyword.execute(CallTestCaseKeyword.groovy:44)
	at com.kms.katalon.core.keyword.internal.KeywordExecutor.executeKeywordForPlatform(KeywordExecutor.groovy:74)
	at com.kms.katalon.core.keyword.BuiltinKeywords.callTestCase(BuiltinKeywords.groovy:334)
	at 1.1.8-Mantenimiento de Vacaciones Reliquidar.run(1.1.8-Mantenimiento de Vacaciones Reliquidar:40)
	at com.kms.katalon.core.main.ScriptEngine.run(ScriptEngine.java:194)
	at com.kms.katalon.core.main.ScriptEngine.runScriptAsRawText(ScriptEngine.java:119)
	at com.kms.katalon.core.main.TestCaseExecutor.runScript(TestCaseExecutor.java:442)
	at com.kms.katalon.core.main.TestCaseExecutor.doExecute(TestCaseExecutor.java:433)
	at com.kms.katalon.core.main.TestCaseExecutor.processExecutionPhase(TestCaseExecutor.java:412)
	at com.kms.katalon.core.main.TestCaseExecutor.accessMainPhase(TestCaseExecutor.java:404)
	at com.kms.katalon.core.main.TestCaseExecutor.execute(TestCaseExecutor.java:281)
	at com.kms.katalon.core.main.TestCaseMain.runTestCase(TestCaseMain.java:138)
	at com.kms.katalon.core.keyword.builtin.CallTestCaseKeyword$_callTestCase_closure1.doCall(CallTestCaseKeyword.groovy:59)
	at com.kms.katalon.core.keyword.builtin.CallTestCaseKeyword$_callTestCase_closure1.call(CallTestCaseKeyword.groovy)
	at com.kms.katalon.core.keyword.internal.KeywordMain.runKeyword(KeywordMain.groovy:74)
	at com.kms.katalon.core.keyword.builtin.CallTestCaseKeyword.callTestCase(CallTestCaseKeyword.groovy:81)
	at com.kms.katalon.core.keyword.builtin.CallTestCaseKeyword.execute(CallTestCaseKeyword.groovy:44)
	at com.kms.katalon.core.keyword.internal.KeywordExecutor.executeKeywordForPlatform(KeywordExecutor.groovy:74)
	at com.kms.katalon.core.keyword.BuiltinKeywords.callTestCase(BuiltinKeywords.groovy:334)
	at 1.1.9-Imprimir comprobante de vacaciones.run(1.1.9-Imprimir comprobante de vacaciones:18)
	at com.kms.katalon.core.main.ScriptEngine.run(ScriptEngine.java:194)
	at com.kms.katalon.core.main.ScriptEngine.runScriptAsRawText(ScriptEngine.java:119)
	at com.kms.katalon.core.main.TestCaseExecutor.runScript(TestCaseExecutor.java:442)
	at com.kms.katalon.core.main.TestCaseExecutor.doExecute(TestCaseExecutor.java:433)
	at com.kms.katalon.core.main.TestCaseExecutor.processExecutionPhase(TestCaseExecutor.java:412)
	at com.kms.katalon.core.main.TestCaseExecutor.accessMainPhase(TestCaseExecutor.java:404)
	at com.kms.katalon.core.main.TestCaseExecutor.execute(TestCaseExecutor.java:281)
	at com.kms.katalon.core.main.TestSuiteExecutor.accessTestCaseMainPhase(TestSuiteExecutor.java:202)
	at com.kms.katalon.core.main.TestSuiteExecutor.accessTestSuiteMainPhase(TestSuiteExecutor.java:164)
	at com.kms.katalon.core.main.TestSuiteExecutor.execute(TestSuiteExecutor.java:105)
	at com.kms.katalon.core.main.TestCaseMain.startTestSuite(TestCaseMain.java:181)
	at com.kms.katalon.core.main.TestCaseMain$startTestSuite$0.call(Unknown Source)
	at TempTestSuite1637588847917.run(TempTestSuite1637588847917.groovy:36)
Caused by: com.kms.katalon.core.webui.exception.WebElementNotFoundException: Web element with id: 'Object Repository/Modulo Tarea Administracion Compensacion/Generar Vacaciones/a_Aplicar' located by '//table[4]/tbody/tr/td/a' not found
	at com.kms.katalon.core.webui.common.WebUiCommonHelper.findWebElement(WebUiCommonHelper.java:1368)
	at com.kms.katalon.core.webui.keyword.internal.WebUIAbstractKeyword.findWebElement(WebUIAbstractKeyword.groovy:27)
	at com.kms.katalon.core.webui.keyword.builtin.ClickKeyword$_click_closure1.doCall(ClickKeyword.groovy:65)
	at com.kms.katalon.core.webui.keyword.builtin.ClickKeyword$_click_closure1.call(ClickKeyword.groovy)
	at com.kms.katalon.core.webui.keyword.internal.WebUIKeywordMain.runKeyword(WebUIKeywordMain.groovy:20)
	at com.kms.katalon.core.webui.keyword.builtin.ClickKeyword.click(ClickKeyword.groovy:74)
	at com.kms.katalon.core.webui.keyword.builtin.ClickKeyword.execute(ClickKeyword.groovy:40)
	at com.kms.katalon.core.keyword.internal.KeywordExecutor.executeKeywordForPlatform(KeywordExecutor.groovy:74)
	at com.kms.katalon.core.webui.keyword.WebUiBuiltInKeywords.click(WebUiBuiltInKeywords.groovy:620)
	at com.kms.katalon.core.webui.keyword.WebUiBuiltInKeywords$click$5.call(Unknown Source)
	at Script1548864467260.run(Script1548864467260.groovy:65)
	at com.kms.katalon.core.main.ScriptEngine.run(ScriptEngine.java:194)
	at com.kms.katalon.core.main.ScriptEngine.runScriptAsRawText(ScriptEngine.java:119)
	at com.kms.katalon.core.main.TestCaseExecutor.runScript(TestCaseExecutor.java:442)
	at com.kms.katalon.core.main.TestCaseExecutor.doExecute(TestCaseExecutor.java:433)
	at com.kms.katalon.core.main.TestCaseExecutor.processExecutionPhase(TestCaseExecutor.java:412)
	at com.kms.katalon.core.main.TestCaseExecutor.accessMainPhase(TestCaseExecutor.java:404)
	at com.kms.katalon.core.main.TestCaseExecutor.execute(TestCaseExecutor.java:281)
	at com.kms.katalon.core.main.TestCaseMain.runTestCase(TestCaseMain.java:138)
	at com.kms.katalon.core.keyword.builtin.CallTestCaseKeyword$_callTestCase_closure1.doCall(CallTestCaseKeyword.groovy:59)
	at com.kms.katalon.core.keyword.builtin.CallTestCaseKeyword$_callTestCase_closure1.call(CallTestCaseKeyword.groovy)
	at com.kms.katalon.core.keyword.internal.KeywordMain.runKeyword(KeywordMain.groovy:74)
	at com.kms.katalon.core.keyword.builtin.CallTestCaseKeyword.callTestCase(CallTestCaseKeyword.groovy:81)
	at com.kms.katalon.core.keyword.builtin.CallTestCaseKeyword.execute(CallTestCaseKeyword.groovy:44)
	at com.kms.katalon.core.keyword.internal.KeywordExecutor.executeKeywordForPlatform(KeywordExecutor.groovy:74)
	at com.kms.katalon.core.keyword.BuiltinKeywords.callTestCase(BuiltinKeywords.groovy:334)
	at Script1548864505129.run(Script1548864505129.groovy:40)
	at com.kms.katalon.core.main.ScriptEngine.run(ScriptEngine.java:194)
	at com.kms.katalon.core.main.ScriptEngine.runScriptAsRawText(ScriptEngine.java:119)
	at com.kms.katalon.core.main.TestCaseExecutor.runScript(TestCaseExecutor.java:442)
	at com.kms.katalon.core.main.TestCaseExecutor.doExecute(TestCaseExecutor.java:433)
	at com.kms.katalon.core.main.TestCaseExecutor.processExecutionPhase(TestCaseExecutor.java:412)
	at com.kms.katalon.core.main.TestCaseExecutor.accessMainPhase(TestCaseExecutor.java:404)
	at com.kms.katalon.core.main.TestCaseExecutor.execute(TestCaseExecutor.java:281)
	at com.kms.katalon.core.main.TestCaseMain.runTestCase(TestCaseMain.java:138)
	at com.kms.katalon.core.keyword.builtin.CallTestCaseKeyword$_callTestCase_closure1.doCall(CallTestCaseKeyword.groovy:59)
	at com.kms.katalon.core.keyword.builtin.CallTestCaseKeyword$_callTestCase_closure1.call(CallTestCaseKeyword.groovy)
	at com.kms.katalon.core.keyword.internal.KeywordMain.runKeyword(KeywordMain.groovy:74)
	at com.kms.katalon.core.keyword.builtin.CallTestCaseKeyword.callTestCase(CallTestCaseKeyword.groovy:81)
	at com.kms.katalon.core.keyword.builtin.CallTestCaseKeyword.execute(CallTestCaseKeyword.groovy:44)
	at com.kms.katalon.core.keyword.internal.KeywordExecutor.executeKeywordForPlatform(KeywordExecutor.groovy:74)
	at com.kms.katalon.core.keyword.BuiltinKeywords.callTestCase(BuiltinKeywords.groovy:334)
	at Script1548864606903.run(Script1548864606903.groovy:18)
	... 13 more
)
[[ATTACHMENT|C:\\Users\\diego.rojas\\git\\Pruebas-Minimas\\Reports\\20211122_084727\\Tareas Principales\\20211122_084727\\1637589609085.png]]

2021-11-22 09:00:09 - [MESSAGE][FAILED] - Unable to call Test Case 'Test Cases/1.1-Tareas Principales/1.1.7-Generar Vacaciones' (Root cause: com.kms.katalon.core.exception.StepFailedException: Call Test Case 'Test Cases/1.1-Tareas Principales/1.1.7-Generar Vacaciones' failed
	at com.kms.katalon.core.keyword.builtin.CallTestCaseKeyword$_callTestCase_closure1.doCall(CallTestCaseKeyword.groovy:63)
	at com.kms.katalon.core.keyword.builtin.CallTestCaseKeyword$_callTestCase_closure1.call(CallTestCaseKeyword.groovy)
	at com.kms.katalon.core.keyword.internal.KeywordMain.runKeyword(KeywordMain.groovy:74)
	at com.kms.katalon.core.keyword.builtin.CallTestCaseKeyword.callTestCase(CallTestCaseKeyword.groovy:81)
	at com.kms.katalon.core.keyword.builtin.CallTestCaseKeyword.execute(CallTestCaseKeyword.groovy:44)
	at com.kms.katalon.core.keyword.internal.KeywordExecutor.executeKeywordForPlatform(KeywordExecutor.groovy:74)
	at com.kms.katalon.core.keyword.BuiltinKeywords.callTestCase(BuiltinKeywords.groovy:334)
	at 1.1.8-Mantenimiento de Vacaciones Reliquidar.run(1.1.8-Mantenimiento de Vacaciones Reliquidar:40)
	at com.kms.katalon.core.main.ScriptEngine.run(ScriptEngine.java:194)
	at com.kms.katalon.core.main.ScriptEngine.runScriptAsRawText(ScriptEngine.java:119)
	at com.kms.katalon.core.main.TestCaseExecutor.runScript(TestCaseExecutor.java:442)
	at com.kms.katalon.core.main.TestCaseExecutor.doExecute(TestCaseExecutor.java:433)
	at com.kms.katalon.core.main.TestCaseExecutor.processExecutionPhase(TestCaseExecutor.java:412)
	at com.kms.katalon.core.main.TestCaseExecutor.accessMainPhase(TestCaseExecutor.java:404)
	at com.kms.katalon.core.main.TestCaseExecutor.execute(TestCaseExecutor.java:281)
	at com.kms.katalon.core.main.TestCaseMain.runTestCase(TestCaseMain.java:138)
	at com.kms.katalon.core.keyword.builtin.CallTestCaseKeyword$_callTestCase_closure1.doCall(CallTestCaseKeyword.groovy:59)
	at com.kms.katalon.core.keyword.builtin.CallTestCaseKeyword$_callTestCase_closure1.call(CallTestCaseKeyword.groovy)
	at com.kms.katalon.core.keyword.internal.KeywordMain.runKeyword(KeywordMain.groovy:74)
	at com.kms.katalon.core.keyword.builtin.CallTestCaseKeyword.callTestCase(CallTestCaseKeyword.groovy:81)
	at com.kms.katalon.core.keyword.builtin.CallTestCaseKeyword.execute(CallTestCaseKeyword.groovy:44)
	at com.kms.katalon.core.keyword.internal.KeywordExecutor.executeKeywordForPlatform(KeywordExecutor.groovy:74)
	at com.kms.katalon.core.keyword.BuiltinKeywords.callTestCase(BuiltinKeywords.groovy:334)
	at 1.1.9-Imprimir comprobante de vacaciones.run(1.1.9-Imprimir comprobante de vacaciones:18)
	at com.kms.katalon.core.main.ScriptEngine.run(ScriptEngine.java:194)
	at com.kms.katalon.core.main.ScriptEngine.runScriptAsRawText(ScriptEngine.java:119)
	at com.kms.katalon.core.main.TestCaseExecutor.runScript(TestCaseExecutor.java:442)
	at com.kms.katalon.core.main.TestCaseExecutor.doExecute(TestCaseExecutor.java:433)
	at com.kms.katalon.core.main.TestCaseExecutor.processExecutionPhase(TestCaseExecutor.java:412)
	at com.kms.katalon.core.main.TestCaseExecutor.accessMainPhase(TestCaseExecutor.java:404)
	at com.kms.katalon.core.main.TestCaseExecutor.execute(TestCaseExecutor.java:281)
	at com.kms.katalon.core.main.TestSuiteExecutor.accessTestCaseMainPhase(TestSuiteExecutor.java:202)
	at com.kms.katalon.core.main.TestSuiteExecutor.accessTestSuiteMainPhase(TestSuiteExecutor.java:164)
	at com.kms.katalon.core.main.TestSuiteExecutor.execute(TestSuiteExecutor.java:105)
	at com.kms.katalon.core.main.TestCaseMain.startTestSuite(TestCaseMain.java:181)
	at com.kms.katalon.core.main.TestCaseMain$startTestSuite$0.call(Unknown Source)
	at TempTestSuite1637588847917.run(TempTestSuite1637588847917.groovy:36)
Caused by: com.kms.katalon.core.exception.StepFailedException: Unable to click on object 'Object Repository/Modulo Tarea Administracion Compensacion/Generar Vacaciones/a_Aplicar'
	at com.kms.katalon.core.webui.keyword.internal.WebUIKeywordMain.stepFailed(WebUIKeywordMain.groovy:64)
	at com.kms.katalon.core.webui.keyword.internal.WebUIKeywordMain.runKeyword(WebUIKeywordMain.groovy:26)
	at com.kms.katalon.core.webui.keyword.builtin.ClickKeyword.click(ClickKeyword.groovy:74)
	at com.kms.katalon.core.webui.keyword.builtin.ClickKeyword.execute(ClickKeyword.groovy:40)
	at com.kms.katalon.core.keyword.internal.KeywordExecutor.executeKeywordForPlatform(KeywordExecutor.groovy:74)
	at com.kms.katalon.core.webui.keyword.WebUiBuiltInKeywords.click(WebUiBuiltInKeywords.groovy:620)
	at com.kms.katalon.core.webui.keyword.WebUiBuiltInKeywords$click$5.call(Unknown Source)
	at 1.1.7-Generar Vacaciones.run(1.1.7-Generar Vacaciones:65)
	at com.kms.katalon.core.main.ScriptEngine.run(ScriptEngine.java:194)
	at com.kms.katalon.core.main.ScriptEngine.runScriptAsRawText(ScriptEngine.java:119)
	at com.kms.katalon.core.main.TestCaseExecutor.runScript(TestCaseExecutor.java:442)
	at com.kms.katalon.core.main.TestCaseExecutor.doExecute(TestCaseExecutor.java:433)
	at com.kms.katalon.core.main.TestCaseExecutor.processExecutionPhase(TestCaseExecutor.java:412)
	at com.kms.katalon.core.main.TestCaseExecutor.accessMainPhase(TestCaseExecutor.java:404)
	at com.kms.katalon.core.main.TestCaseExecutor.execute(TestCaseExecutor.java:281)
	at com.kms.katalon.core.main.TestCaseMain.runTestCase(TestCaseMain.java:138)
	at com.kms.katalon.core.keyword.builtin.CallTestCaseKeyword$_callTestCase_closure1.doCall(CallTestCaseKeyword.groovy:59)
	... 36 more
Caused by: com.kms.katalon.core.webui.exception.WebElementNotFoundException: Web element with id: 'Object Repository/Modulo Tarea Administracion Compensacion/Generar Vacaciones/a_Aplicar' located by '//table[4]/tbody/tr/td/a' not found
	at com.kms.katalon.core.webui.common.WebUiCommonHelper.findWebElement(WebUiCommonHelper.java:1368)
	at com.kms.katalon.core.webui.keyword.internal.WebUIAbstractKeyword.findWebElement(WebUIAbstractKeyword.groovy:27)
	at com.kms.katalon.core.webui.keyword.builtin.ClickKeyword$_click_closure1.doCall(ClickKeyword.groovy:65)
	at com.kms.katalon.core.webui.keyword.builtin.ClickKeyword$_click_closure1.call(ClickKeyword.groovy)
	at com.kms.katalon.core.webui.keyword.internal.WebUIKeywordMain.runKeyword(WebUIKeywordMain.groovy:20)
	... 51 more
)

2021-11-22 09:00:09 - [MESSAGE][FAILED] - Unable to call Test Case 'Test Cases/1.1-Tareas Principales/1.1.8-Mantenimiento de Vacaciones Reliquidar' (Root cause: com.kms.katalon.core.exception.StepFailedException: Call Test Case 'Test Cases/1.1-Tareas Principales/1.1.8-Mantenimiento de Vacaciones Reliquidar' failed
	at com.kms.katalon.core.keyword.builtin.CallTestCaseKeyword$_callTestCase_closure1.doCall(CallTestCaseKeyword.groovy:63)
	at com.kms.katalon.core.keyword.builtin.CallTestCaseKeyword$_callTestCase_closure1.call(CallTestCaseKeyword.groovy)
	at com.kms.katalon.core.keyword.internal.KeywordMain.runKeyword(KeywordMain.groovy:74)
	at com.kms.katalon.core.keyword.builtin.CallTestCaseKeyword.callTestCase(CallTestCaseKeyword.groovy:81)
	at com.kms.katalon.core.keyword.builtin.CallTestCaseKeyword.execute(CallTestCaseKeyword.groovy:44)
	at com.kms.katalon.core.keyword.internal.KeywordExecutor.executeKeywordForPlatform(KeywordExecutor.groovy:74)
	at com.kms.katalon.core.keyword.BuiltinKeywords.callTestCase(BuiltinKeywords.groovy:334)
	at 1.1.9-Imprimir comprobante de vacaciones.run(1.1.9-Imprimir comprobante de vacaciones:18)
	at com.kms.katalon.core.main.ScriptEngine.run(ScriptEngine.java:194)
	at com.kms.katalon.core.main.ScriptEngine.runScriptAsRawText(ScriptEngine.java:119)
	at com.kms.katalon.core.main.TestCaseExecutor.runScript(TestCaseExecutor.java:442)
	at com.kms.katalon.core.main.TestCaseExecutor.doExecute(TestCaseExecutor.java:433)
	at com.kms.katalon.core.main.TestCaseExecutor.processExecutionPhase(TestCaseExecutor.java:412)
	at com.kms.katalon.core.main.TestCaseExecutor.accessMainPhase(TestCaseExecutor.java:404)
	at com.kms.katalon.core.main.TestCaseExecutor.execute(TestCaseExecutor.java:281)
	at com.kms.katalon.core.main.TestSuiteExecutor.accessTestCaseMainPhase(TestSuiteExecutor.java:202)
	at com.kms.katalon.core.main.TestSuiteExecutor.accessTestSuiteMainPhase(TestSuiteExecutor.java:164)
	at com.kms.katalon.core.main.TestSuiteExecutor.execute(TestSuiteExecutor.java:105)
	at com.kms.katalon.core.main.TestCaseMain.startTestSuite(TestCaseMain.java:181)
	at com.kms.katalon.core.main.TestCaseMain$startTestSuite$0.call(Unknown Source)
	at TempTestSuite1637588847917.run(TempTestSuite1637588847917.groovy:36)
Caused by: com.kms.katalon.core.exception.StepFailedException: Call Test Case 'Test Cases/1.1-Tareas Principales/1.1.7-Generar Vacaciones' failed
	at com.kms.katalon.core.keyword.builtin.CallTestCaseKeyword$_callTestCase_closure1.doCall(CallTestCaseKeyword.groovy:63)
	at com.kms.katalon.core.keyword.builtin.CallTestCaseKeyword$_callTestCase_closure1.call(CallTestCaseKeyword.groovy)
	at com.kms.katalon.core.keyword.internal.KeywordMain.runKeyword(KeywordMain.groovy:74)
	at com.kms.katalon.core.keyword.builtin.CallTestCaseKeyword.callTestCase(CallTestCaseKeyword.groovy:81)
	at com.kms.katalon.core.keyword.builtin.CallTestCaseKeyword.execute(CallTestCaseKeyword.groovy:44)
	at com.kms.katalon.core.keyword.internal.KeywordExecutor.executeKeywordForPlatform(KeywordExecutor.groovy:74)
	at com.kms.katalon.core.keyword.BuiltinKeywords.callTestCase(BuiltinKeywords.groovy:334)
	at 1.1.8-Mantenimiento de Vacaciones Reliquidar.run(1.1.8-Mantenimiento de Vacaciones Reliquidar:40)
	at com.kms.katalon.core.main.ScriptEngine.run(ScriptEngine.java:194)
	at com.kms.katalon.core.main.ScriptEngine.runScriptAsRawText(ScriptEngine.java:119)
	at com.kms.katalon.core.main.TestCaseExecutor.runScript(TestCaseExecutor.java:442)
	at com.kms.katalon.core.main.TestCaseExecutor.doExecute(TestCaseExecutor.java:433)
	at com.kms.katalon.core.main.TestCaseExecutor.processExecutionPhase(TestCaseExecutor.java:412)
	at com.kms.katalon.core.main.TestCaseExecutor.accessMainPhase(TestCaseExecutor.java:404)
	at com.kms.katalon.core.main.TestCaseExecutor.execute(TestCaseExecutor.java:281)
	at com.kms.katalon.core.main.TestCaseMain.runTestCase(TestCaseMain.java:138)
	at com.kms.katalon.core.keyword.builtin.CallTestCaseKeyword$_callTestCase_closure1.doCall(CallTestCaseKeyword.groovy:59)
	... 20 more
Caused by: com.kms.katalon.core.exception.StepFailedException: Unable to click on object 'Object Repository/Modulo Tarea Administracion Compensacion/Generar Vacaciones/a_Aplicar'
	at com.kms.katalon.core.webui.keyword.internal.WebUIKeywordMain.stepFailed(WebUIKeywordMain.groovy:64)
	at com.kms.katalon.core.webui.keyword.internal.WebUIKeywordMain.runKeyword(WebUIKeywordMain.groovy:26)
	at com.kms.katalon.core.webui.keyword.builtin.ClickKeyword.click(ClickKeyword.groovy:74)
	at com.kms.katalon.core.webui.keyword.builtin.ClickKeyword.execute(ClickKeyword.groovy:40)
	at com.kms.katalon.core.keyword.internal.KeywordExecutor.executeKeywordForPlatform(KeywordExecutor.groovy:74)
	at com.kms.katalon.core.webui.keyword.WebUiBuiltInKeywords.click(WebUiBuiltInKeywords.groovy:620)
	at com.kms.katalon.core.webui.keyword.WebUiBuiltInKeywords$click$5.call(Unknown Source)
	at 1.1.7-Generar Vacaciones.run(1.1.7-Generar Vacaciones:65)
	at com.kms.katalon.core.main.ScriptEngine.run(ScriptEngine.java:194)
	at com.kms.katalon.core.main.ScriptEngine.runScriptAsRawText(ScriptEngine.java:119)
	at com.kms.katalon.core.main.TestCaseExecutor.runScript(TestCaseExecutor.java:442)
	at com.kms.katalon.core.main.TestCaseExecutor.doExecute(TestCaseExecutor.java:433)
	at com.kms.katalon.core.main.TestCaseExecutor.processExecutionPhase(TestCaseExecutor.java:412)
	at com.kms.katalon.core.main.TestCaseExecutor.accessMainPhase(TestCaseExecutor.java:404)
	at com.kms.katalon.core.main.TestCaseExecutor.execute(TestCaseExecutor.java:281)
	at com.kms.katalon.core.main.TestCaseMain.runTestCase(TestCaseMain.java:138)
	at com.kms.katalon.core.keyword.builtin.CallTestCaseKeyword$_callTestCase_closure1.doCall(CallTestCaseKeyword.groovy:59)
	... 36 more
Caused by: com.kms.katalon.core.webui.exception.WebElementNotFoundException: Web element with id: 'Object Repository/Modulo Tarea Administracion Compensacion/Generar Vacaciones/a_Aplicar' located by '//table[4]/tbody/tr/td/a' not found
	at com.kms.katalon.core.webui.common.WebUiCommonHelper.findWebElement(WebUiCommonHelper.java:1368)
	at com.kms.katalon.core.webui.keyword.internal.WebUIAbstractKeyword.findWebElement(WebUIAbstractKeyword.groovy:27)
	at com.kms.katalon.core.webui.keyword.builtin.ClickKeyword$_click_closure1.doCall(ClickKeyword.groovy:65)
	at com.kms.katalon.core.webui.keyword.builtin.ClickKeyword$_click_closure1.call(ClickKeyword.groovy)
	at com.kms.katalon.core.webui.keyword.internal.WebUIKeywordMain.runKeyword(WebUIKeywordMain.groovy:20)
	... 51 more
)]]></system-out>
         <system-err><![CDATA[2021-11-22 08:57:53 - [TEST_CASE][FAILED] - Test Cases/1.1-Tareas Principales/1.1.9-Imprimir comprobante de vacaciones: Test Cases/1.1-Tareas Principales/1.1.9-Imprimir comprobante de vacaciones FAILED.
Reason:
com.kms.katalon.core.exception.StepFailedException: Call Test Case 'Test Cases/1.1-Tareas Principales/1.1.8-Mantenimiento de Vacaciones Reliquidar' failed
	at com.kms.katalon.core.keyword.builtin.CallTestCaseKeyword$_callTestCase_closure1.doCall(CallTestCaseKeyword.groovy:63)
	at com.kms.katalon.core.keyword.builtin.CallTestCaseKeyword$_callTestCase_closure1.call(CallTestCaseKeyword.groovy)
	at com.kms.katalon.core.keyword.internal.KeywordMain.runKeyword(KeywordMain.groovy:74)
	at com.kms.katalon.core.keyword.builtin.CallTestCaseKeyword.callTestCase(CallTestCaseKeyword.groovy:81)
	at com.kms.katalon.core.keyword.builtin.CallTestCaseKeyword.execute(CallTestCaseKeyword.groovy:44)
	at com.kms.katalon.core.keyword.internal.KeywordExecutor.executeKeywordForPlatform(KeywordExecutor.groovy:74)
	at com.kms.katalon.core.keyword.BuiltinKeywords.callTestCase(BuiltinKeywords.groovy:334)
	at 1.1.9-Imprimir comprobante de vacaciones.run(1.1.9-Imprimir comprobante de vacaciones:18)
	at com.kms.katalon.core.main.ScriptEngine.run(ScriptEngine.java:194)
	at com.kms.katalon.core.main.ScriptEngine.runScriptAsRawText(ScriptEngine.java:119)
	at com.kms.katalon.core.main.TestCaseExecutor.runScript(TestCaseExecutor.java:442)
	at com.kms.katalon.core.main.TestCaseExecutor.doExecute(TestCaseExecutor.java:433)
	at com.kms.katalon.core.main.TestCaseExecutor.processExecutionPhase(TestCaseExecutor.java:412)
	at com.kms.katalon.core.main.TestCaseExecutor.accessMainPhase(TestCaseExecutor.java:404)
	at com.kms.katalon.core.main.TestCaseExecutor.execute(TestCaseExecutor.java:281)
	at com.kms.katalon.core.main.TestSuiteExecutor.accessTestCaseMainPhase(TestSuiteExecutor.java:202)
	at com.kms.katalon.core.main.TestSuiteExecutor.accessTestSuiteMainPhase(TestSuiteExecutor.java:164)
	at com.kms.katalon.core.main.TestSuiteExecutor.execute(TestSuiteExecutor.java:105)
	at com.kms.katalon.core.main.TestCaseMain.startTestSuite(TestCaseMain.java:181)
	at com.kms.katalon.core.main.TestCaseMain$startTestSuite$0.call(Unknown Source)
	at TempTestSuite1637588847917.run(TempTestSuite1637588847917.groovy:36)
Caused by: com.kms.katalon.core.exception.StepFailedException: Call Test Case 'Test Cases/1.1-Tareas Principales/1.1.7-Generar Vacaciones' failed
	at com.kms.katalon.core.keyword.builtin.CallTestCaseKeyword$_callTestCase_closure1.doCall(CallTestCaseKeyword.groovy:63)
	at com.kms.katalon.core.keyword.builtin.CallTestCaseKeyword$_callTestCase_closure1.call(CallTestCaseKeyword.groovy)
	at com.kms.katalon.core.keyword.internal.KeywordMain.runKeyword(KeywordMain.groovy:74)
	at com.kms.katalon.core.keyword.builtin.CallTestCaseKeyword.callTestCase(CallTestCaseKeyword.groovy:81)
	at com.kms.katalon.core.keyword.builtin.CallTestCaseKeyword.execute(CallTestCaseKeyword.groovy:44)
	at com.kms.katalon.core.keyword.internal.KeywordExecutor.executeKeywordForPlatform(KeywordExecutor.groovy:74)
	at com.kms.katalon.core.keyword.BuiltinKeywords.callTestCase(BuiltinKeywords.groovy:334)
	at 1.1.8-Mantenimiento de Vacaciones Reliquidar.run(1.1.8-Mantenimiento de Vacaciones Reliquidar:40)
	at com.kms.katalon.core.main.ScriptEngine.run(ScriptEngine.java:194)
	at com.kms.katalon.core.main.ScriptEngine.runScriptAsRawText(ScriptEngine.java:119)
	at com.kms.katalon.core.main.TestCaseExecutor.runScript(TestCaseExecutor.java:442)
	at com.kms.katalon.core.main.TestCaseExecutor.doExecute(TestCaseExecutor.java:433)
	at com.kms.katalon.core.main.TestCaseExecutor.processExecutionPhase(TestCaseExecutor.java:412)
	at com.kms.katalon.core.main.TestCaseExecutor.accessMainPhase(TestCaseExecutor.java:404)
	at com.kms.katalon.core.main.TestCaseExecutor.execute(TestCaseExecutor.java:281)
	at com.kms.katalon.core.main.TestCaseMain.runTestCase(TestCaseMain.java:138)
	at com.kms.katalon.core.keyword.builtin.CallTestCaseKeyword$_callTestCase_closure1.doCall(CallTestCaseKeyword.groovy:59)
	... 20 more
Caused by: com.kms.katalon.core.exception.StepFailedException: Unable to click on object 'Object Repository/Modulo Tarea Administracion Compensacion/Generar Vacaciones/a_Aplicar'
	at com.kms.katalon.core.webui.keyword.internal.WebUIKeywordMain.stepFailed(WebUIKeywordMain.groovy:64)
	at com.kms.katalon.core.webui.keyword.internal.WebUIKeywordMain.runKeyword(WebUIKeywordMain.groovy:26)
	at com.kms.katalon.core.webui.keyword.builtin.ClickKeyword.click(ClickKeyword.groovy:74)
	at com.kms.katalon.core.webui.keyword.builtin.ClickKeyword.execute(ClickKeyword.groovy:40)
	at com.kms.katalon.core.keyword.internal.KeywordExecutor.executeKeywordForPlatform(KeywordExecutor.groovy:74)
	at com.kms.katalon.core.webui.keyword.WebUiBuiltInKeywords.click(WebUiBuiltInKeywords.groovy:620)
	at com.kms.katalon.core.webui.keyword.WebUiBuiltInKeywords$click$5.call(Unknown Source)
	at 1.1.7-Generar Vacaciones.run(1.1.7-Generar Vacaciones:65)
	at com.kms.katalon.core.main.ScriptEngine.run(ScriptEngine.java:194)
	at com.kms.katalon.core.main.ScriptEngine.runScriptAsRawText(ScriptEngine.java:119)
	at com.kms.katalon.core.main.TestCaseExecutor.runScript(TestCaseExecutor.java:442)
	at com.kms.katalon.core.main.TestCaseExecutor.doExecute(TestCaseExecutor.java:433)
	at com.kms.katalon.core.main.TestCaseExecutor.processExecutionPhase(TestCaseExecutor.java:412)
	at com.kms.katalon.core.main.TestCaseExecutor.accessMainPhase(TestCaseExecutor.java:404)
	at com.kms.katalon.core.main.TestCaseExecutor.execute(TestCaseExecutor.java:281)
	at com.kms.katalon.core.main.TestCaseMain.runTestCase(TestCaseMain.java:138)
	at com.kms.katalon.core.keyword.builtin.CallTestCaseKeyword$_callTestCase_closure1.doCall(CallTestCaseKeyword.groovy:59)
	... 36 more
Caused by: com.kms.katalon.core.webui.exception.WebElementNotFoundException: Web element with id: 'Object Repository/Modulo Tarea Administracion Compensacion/Generar Vacaciones/a_Aplicar' located by '//table[4]/tbody/tr/td/a' not found
	at com.kms.katalon.core.webui.common.WebUiCommonHelper.findWebElement(WebUiCommonHelper.java:1368)
	at com.kms.katalon.core.webui.keyword.internal.WebUIAbstractKeyword.findWebElement(WebUIAbstractKeyword.groovy:27)
	at com.kms.katalon.core.webui.keyword.builtin.ClickKeyword$_click_closure1.doCall(ClickKeyword.groovy:65)
	at com.kms.katalon.core.webui.keyword.builtin.ClickKeyword$_click_closure1.call(ClickKeyword.groovy)
	at com.kms.katalon.core.webui.keyword.internal.WebUIKeywordMain.runKeyword(WebUIKeywordMain.groovy:20)
	... 51 more]]></system-err>
      </testcase>
      <testcase name="Test Cases/1.1-Tareas Principales/1.2.1-Reversar Vacaciones" time="139.476" classname="Test Cases/1.1-Tareas Principales/1.2.1-Reversar Vacaciones" status="FAILED">
         <failure type="FAILED" message="Test Cases/1.1-Tareas Principales/1.2.1-Reversar Vacaciones FAILED.
Reason:
com.kms.katalon.core.exception.StepFailedException: Call Test Case 'Test Cases/1.1-Tareas Principales/1.1.8-Mantenimiento de Vacaciones Reliquidar' failed
	at com.kms.katalon.core.keyword.builtin.CallTestCaseKeyword$_callTestCase_closure1.doCall(CallTestCaseKeyword.groovy:63)
	at com.kms.katalon.core.keyword.builtin.CallTestCaseKeyword$_callTestCase_closure1.call(CallTestCaseKeyword.groovy)
	at com.kms.katalon.core.keyword.internal.KeywordMain.runKeyword(KeywordMain.groovy:74)
	at com.kms.katalon.core.keyword.builtin.CallTestCaseKeyword.callTestCase(CallTestCaseKeyword.groovy:81)
	at com.kms.katalon.core.keyword.builtin.CallTestCaseKeyword.execute(CallTestCaseKeyword.groovy:44)
	at com.kms.katalon.core.keyword.internal.KeywordExecutor.executeKeywordForPlatform(KeywordExecutor.groovy:74)
	at com.kms.katalon.core.keyword.BuiltinKeywords.callTestCase(BuiltinKeywords.groovy:334)
	at 1.2.1-Reversar Vacaciones.run(1.2.1-Reversar Vacaciones:18)
	at com.kms.katalon.core.main.ScriptEngine.run(ScriptEngine.java:194)
	at com.kms.katalon.core.main.ScriptEngine.runScriptAsRawText(ScriptEngine.java:119)
	at com.kms.katalon.core.main.TestCaseExecutor.runScript(TestCaseExecutor.java:442)
	at com.kms.katalon.core.main.TestCaseExecutor.doExecute(TestCaseExecutor.java:433)
	at com.kms.katalon.core.main.TestCaseExecutor.processExecutionPhase(TestCaseExecutor.java:412)
	at com.kms.katalon.core.main.TestCaseExecutor.accessMainPhase(TestCaseExecutor.java:404)
	at com.kms.katalon.core.main.TestCaseExecutor.execute(TestCaseExecutor.java:281)
	at com.kms.katalon.core.main.TestSuiteExecutor.accessTestCaseMainPhase(TestSuiteExecutor.java:202)
	at com.kms.katalon.core.main.TestSuiteExecutor.accessTestSuiteMainPhase(TestSuiteExecutor.java:164)
	at com.kms.katalon.core.main.TestSuiteExecutor.execute(TestSuiteExecutor.java:105)
	at com.kms.katalon.core.main.TestCaseMain.startTestSuite(TestCaseMain.java:181)
	at com.kms.katalon.core.main.TestCaseMain$startTestSuite$0.call(Unknown Source)
	at TempTestSuite1637588847917.run(TempTestSuite1637588847917.groovy:36)
Caused by: com.kms.katalon.core.exception.StepFailedException: Call Test Case 'Test Cases/1.1-Tareas Principales/1.1.7-Generar Vacaciones' failed
	at com.kms.katalon.core.keyword.builtin.CallTestCaseKeyword$_callTestCase_closure1.doCall(CallTestCaseKeyword.groovy:63)
	at com.kms.katalon.core.keyword.builtin.CallTestCaseKeyword$_callTestCase_closure1.call(CallTestCaseKeyword.groovy)
	at com.kms.katalon.core.keyword.internal.KeywordMain.runKeyword(KeywordMain.groovy:74)
	at com.kms.katalon.core.keyword.builtin.CallTestCaseKeyword.callTestCase(CallTestCaseKeyword.groovy:81)
	at com.kms.katalon.core.keyword.builtin.CallTestCaseKeyword.execute(CallTestCaseKeyword.groovy:44)
	at com.kms.katalon.core.keyword.internal.KeywordExecutor.executeKeywordForPlatform(KeywordExecutor.groovy:74)
	at com.kms.katalon.core.keyword.BuiltinKeywords.callTestCase(BuiltinKeywords.groovy:334)
	at 1.1.8-Mantenimiento de Vacaciones Reliquidar.run(1.1.8-Mantenimiento de Vacaciones Reliquidar:40)
	at com.kms.katalon.core.main.ScriptEngine.run(ScriptEngine.java:194)
	at com.kms.katalon.core.main.ScriptEngine.runScriptAsRawText(ScriptEngine.java:119)
	at com.kms.katalon.core.main.TestCaseExecutor.runScript(TestCaseExecutor.java:442)
	at com.kms.katalon.core.main.TestCaseExecutor.doExecute(TestCaseExecutor.java:433)
	at com.kms.katalon.core.main.TestCaseExecutor.processExecutionPhase(TestCaseExecutor.java:412)
	at com.kms.katalon.core.main.TestCaseExecutor.accessMainPhase(TestCaseExecutor.java:404)
	at com.kms.katalon.core.main.TestCaseExecutor.execute(TestCaseExecutor.java:281)
	at com.kms.katalon.core.main.TestCaseMain.runTestCase(TestCaseMain.java:138)
	at com.kms.katalon.core.keyword.builtin.CallTestCaseKeyword$_callTestCase_closure1.doCall(CallTestCaseKeyword.groovy:59)
	... 20 more
Caused by: com.kms.katalon.core.exception.StepFailedException: Unable to click on object 'Object Repository/Modulo Tarea Administracion Compensacion/Generar Vacaciones/a_Aplicar'
	at com.kms.katalon.core.webui.keyword.internal.WebUIKeywordMain.stepFailed(WebUIKeywordMain.groovy:64)
	at com.kms.katalon.core.webui.keyword.internal.WebUIKeywordMain.runKeyword(WebUIKeywordMain.groovy:26)
	at com.kms.katalon.core.webui.keyword.builtin.ClickKeyword.click(ClickKeyword.groovy:74)
	at com.kms.katalon.core.webui.keyword.builtin.ClickKeyword.execute(ClickKeyword.groovy:40)
	at com.kms.katalon.core.keyword.internal.KeywordExecutor.executeKeywordForPlatform(KeywordExecutor.groovy:74)
	at com.kms.katalon.core.webui.keyword.WebUiBuiltInKeywords.click(WebUiBuiltInKeywords.groovy:620)
	at com.kms.katalon.core.webui.keyword.WebUiBuiltInKeywords$click$5.call(Unknown Source)
	at 1.1.7-Generar Vacaciones.run(1.1.7-Generar Vacaciones:65)
	at com.kms.katalon.core.main.ScriptEngine.run(ScriptEngine.java:194)
	at com.kms.katalon.core.main.ScriptEngine.runScriptAsRawText(ScriptEngine.java:119)
	at com.kms.katalon.core.main.TestCaseExecutor.runScript(TestCaseExecutor.java:442)
	at com.kms.katalon.core.main.TestCaseExecutor.doExecute(TestCaseExecutor.java:433)
	at com.kms.katalon.core.main.TestCaseExecutor.processExecutionPhase(TestCaseExecutor.java:412)
	at com.kms.katalon.core.main.TestCaseExecutor.accessMainPhase(TestCaseExecutor.java:404)
	at com.kms.katalon.core.main.TestCaseExecutor.execute(TestCaseExecutor.java:281)
	at com.kms.katalon.core.main.TestCaseMain.runTestCase(TestCaseMain.java:138)
	at com.kms.katalon.core.keyword.builtin.CallTestCaseKeyword$_callTestCase_closure1.doCall(CallTestCaseKeyword.groovy:59)
	... 36 more
Caused by: com.kms.katalon.core.webui.exception.WebElementNotFoundException: Web element with id: 'Object Repository/Modulo Tarea Administracion Compensacion/Generar Vacaciones/a_Aplicar' located by '//table[4]/tbody/tr/td/a' not found
	at com.kms.katalon.core.webui.common.WebUiCommonHelper.findWebElement(WebUiCommonHelper.java:1368)
	at com.kms.katalon.core.webui.keyword.internal.WebUIAbstractKeyword.findWebElement(WebUIAbstractKeyword.groovy:27)
	at com.kms.katalon.core.webui.keyword.builtin.ClickKeyword$_click_closure1.doCall(ClickKeyword.groovy:65)
	at com.kms.katalon.core.webui.keyword.builtin.ClickKeyword$_click_closure1.call(ClickKeyword.groovy)
	at com.kms.katalon.core.webui.keyword.internal.WebUIKeywordMain.runKeyword(WebUIKeywordMain.groovy:20)
	... 51 more
"/>
         <system-out><![CDATA[2021-11-22 09:00:09 - [TEST_CASE][FAILED] - Test Cases/1.1-Tareas Principales/1.2.1-Reversar Vacaciones: Test Cases/1.1-Tareas Principales/1.2.1-Reversar Vacaciones FAILED.
Reason:
com.kms.katalon.core.exception.StepFailedException: Call Test Case 'Test Cases/1.1-Tareas Principales/1.1.8-Mantenimiento de Vacaciones Reliquidar' failed
	at com.kms.katalon.core.keyword.builtin.CallTestCaseKeyword$_callTestCase_closure1.doCall(CallTestCaseKeyword.groovy:63)
	at com.kms.katalon.core.keyword.builtin.CallTestCaseKeyword$_callTestCase_closure1.call(CallTestCaseKeyword.groovy)
	at com.kms.katalon.core.keyword.internal.KeywordMain.runKeyword(KeywordMain.groovy:74)
	at com.kms.katalon.core.keyword.builtin.CallTestCaseKeyword.callTestCase(CallTestCaseKeyword.groovy:81)
	at com.kms.katalon.core.keyword.builtin.CallTestCaseKeyword.execute(CallTestCaseKeyword.groovy:44)
	at com.kms.katalon.core.keyword.internal.KeywordExecutor.executeKeywordForPlatform(KeywordExecutor.groovy:74)
	at com.kms.katalon.core.keyword.BuiltinKeywords.callTestCase(BuiltinKeywords.groovy:334)
	at 1.2.1-Reversar Vacaciones.run(1.2.1-Reversar Vacaciones:18)
	at com.kms.katalon.core.main.ScriptEngine.run(ScriptEngine.java:194)
	at com.kms.katalon.core.main.ScriptEngine.runScriptAsRawText(ScriptEngine.java:119)
	at com.kms.katalon.core.main.TestCaseExecutor.runScript(TestCaseExecutor.java:442)
	at com.kms.katalon.core.main.TestCaseExecutor.doExecute(TestCaseExecutor.java:433)
	at com.kms.katalon.core.main.TestCaseExecutor.processExecutionPhase(TestCaseExecutor.java:412)
	at com.kms.katalon.core.main.TestCaseExecutor.accessMainPhase(TestCaseExecutor.java:404)
	at com.kms.katalon.core.main.TestCaseExecutor.execute(TestCaseExecutor.java:281)
	at com.kms.katalon.core.main.TestSuiteExecutor.accessTestCaseMainPhase(TestSuiteExecutor.java:202)
	at com.kms.katalon.core.main.TestSuiteExecutor.accessTestSuiteMainPhase(TestSuiteExecutor.java:164)
	at com.kms.katalon.core.main.TestSuiteExecutor.execute(TestSuiteExecutor.java:105)
	at com.kms.katalon.core.main.TestCaseMain.startTestSuite(TestCaseMain.java:181)
	at com.kms.katalon.core.main.TestCaseMain$startTestSuite$0.call(Unknown Source)
	at TempTestSuite1637588847917.run(TempTestSuite1637588847917.groovy:36)
Caused by: com.kms.katalon.core.exception.StepFailedException: Call Test Case 'Test Cases/1.1-Tareas Principales/1.1.7-Generar Vacaciones' failed
	at com.kms.katalon.core.keyword.builtin.CallTestCaseKeyword$_callTestCase_closure1.doCall(CallTestCaseKeyword.groovy:63)
	at com.kms.katalon.core.keyword.builtin.CallTestCaseKeyword$_callTestCase_closure1.call(CallTestCaseKeyword.groovy)
	at com.kms.katalon.core.keyword.internal.KeywordMain.runKeyword(KeywordMain.groovy:74)
	at com.kms.katalon.core.keyword.builtin.CallTestCaseKeyword.callTestCase(CallTestCaseKeyword.groovy:81)
	at com.kms.katalon.core.keyword.builtin.CallTestCaseKeyword.execute(CallTestCaseKeyword.groovy:44)
	at com.kms.katalon.core.keyword.internal.KeywordExecutor.executeKeywordForPlatform(KeywordExecutor.groovy:74)
	at com.kms.katalon.core.keyword.BuiltinKeywords.callTestCase(BuiltinKeywords.groovy:334)
	at 1.1.8-Mantenimiento de Vacaciones Reliquidar.run(1.1.8-Mantenimiento de Vacaciones Reliquidar:40)
	at com.kms.katalon.core.main.ScriptEngine.run(ScriptEngine.java:194)
	at com.kms.katalon.core.main.ScriptEngine.runScriptAsRawText(ScriptEngine.java:119)
	at com.kms.katalon.core.main.TestCaseExecutor.runScript(TestCaseExecutor.java:442)
	at com.kms.katalon.core.main.TestCaseExecutor.doExecute(TestCaseExecutor.java:433)
	at com.kms.katalon.core.main.TestCaseExecutor.processExecutionPhase(TestCaseExecutor.java:412)
	at com.kms.katalon.core.main.TestCaseExecutor.accessMainPhase(TestCaseExecutor.java:404)
	at com.kms.katalon.core.main.TestCaseExecutor.execute(TestCaseExecutor.java:281)
	at com.kms.katalon.core.main.TestCaseMain.runTestCase(TestCaseMain.java:138)
	at com.kms.katalon.core.keyword.builtin.CallTestCaseKeyword$_callTestCase_closure1.doCall(CallTestCaseKeyword.groovy:59)
	... 20 more
Caused by: com.kms.katalon.core.exception.StepFailedException: Unable to click on object 'Object Repository/Modulo Tarea Administracion Compensacion/Generar Vacaciones/a_Aplicar'
	at com.kms.katalon.core.webui.keyword.internal.WebUIKeywordMain.stepFailed(WebUIKeywordMain.groovy:64)
	at com.kms.katalon.core.webui.keyword.internal.WebUIKeywordMain.runKeyword(WebUIKeywordMain.groovy:26)
	at com.kms.katalon.core.webui.keyword.builtin.ClickKeyword.click(ClickKeyword.groovy:74)
	at com.kms.katalon.core.webui.keyword.builtin.ClickKeyword.execute(ClickKeyword.groovy:40)
	at com.kms.katalon.core.keyword.internal.KeywordExecutor.executeKeywordForPlatform(KeywordExecutor.groovy:74)
	at com.kms.katalon.core.webui.keyword.WebUiBuiltInKeywords.click(WebUiBuiltInKeywords.groovy:620)
	at com.kms.katalon.core.webui.keyword.WebUiBuiltInKeywords$click$5.call(Unknown Source)
	at 1.1.7-Generar Vacaciones.run(1.1.7-Generar Vacaciones:65)
	at com.kms.katalon.core.main.ScriptEngine.run(ScriptEngine.java:194)
	at com.kms.katalon.core.main.ScriptEngine.runScriptAsRawText(ScriptEngine.java:119)
	at com.kms.katalon.core.main.TestCaseExecutor.runScript(TestCaseExecutor.java:442)
	at com.kms.katalon.core.main.TestCaseExecutor.doExecute(TestCaseExecutor.java:433)
	at com.kms.katalon.core.main.TestCaseExecutor.processExecutionPhase(TestCaseExecutor.java:412)
	at com.kms.katalon.core.main.TestCaseExecutor.accessMainPhase(TestCaseExecutor.java:404)
	at com.kms.katalon.core.main.TestCaseExecutor.execute(TestCaseExecutor.java:281)
	at com.kms.katalon.core.main.TestCaseMain.runTestCase(TestCaseMain.java:138)
	at com.kms.katalon.core.keyword.builtin.CallTestCaseKeyword$_callTestCase_closure1.doCall(CallTestCaseKeyword.groovy:59)
	... 36 more
Caused by: com.kms.katalon.core.webui.exception.WebElementNotFoundException: Web element with id: 'Object Repository/Modulo Tarea Administracion Compensacion/Generar Vacaciones/a_Aplicar' located by '//table[4]/tbody/tr/td/a' not found
	at com.kms.katalon.core.webui.common.WebUiCommonHelper.findWebElement(WebUiCommonHelper.java:1368)
	at com.kms.katalon.core.webui.keyword.internal.WebUIAbstractKeyword.findWebElement(WebUIAbstractKeyword.groovy:27)
	at com.kms.katalon.core.webui.keyword.builtin.ClickKeyword$_click_closure1.doCall(ClickKeyword.groovy:65)
	at com.kms.katalon.core.webui.keyword.builtin.ClickKeyword$_click_closure1.call(ClickKeyword.groovy)
	at com.kms.katalon.core.webui.keyword.internal.WebUIKeywordMain.runKeyword(WebUIKeywordMain.groovy:20)
	... 51 more


2021-11-22 09:00:09 - [TEST_STEP][FAILED] - callTestCase(findTestCase("1.1-Tareas Principales/1.1.8-Mantenimiento de Vacaciones Reliquidar"), [:], STOP_ON_FAILURE): Unable to call Test Case 'Test Cases/1.1-Tareas Principales/1.1.8-Mantenimiento de Vacaciones Reliquidar' (Root cause: com.kms.katalon.core.exception.StepFailedException: Call Test Case 'Test Cases/1.1-Tareas Principales/1.1.8-Mantenimiento de Vacaciones Reliquidar' failed
	at com.kms.katalon.core.keyword.builtin.CallTestCaseKeyword$_callTestCase_closure1.doCall(CallTestCaseKeyword.groovy:63)
	at com.kms.katalon.core.keyword.builtin.CallTestCaseKeyword$_callTestCase_closure1.call(CallTestCaseKeyword.groovy)
	at com.kms.katalon.core.keyword.internal.KeywordMain.runKeyword(KeywordMain.groovy:74)
	at com.kms.katalon.core.keyword.builtin.CallTestCaseKeyword.callTestCase(CallTestCaseKeyword.groovy:81)
	at com.kms.katalon.core.keyword.builtin.CallTestCaseKeyword.execute(CallTestCaseKeyword.groovy:44)
	at com.kms.katalon.core.keyword.internal.KeywordExecutor.executeKeywordForPlatform(KeywordExecutor.groovy:74)
	at com.kms.katalon.core.keyword.BuiltinKeywords.callTestCase(BuiltinKeywords.groovy:334)
	at 1.2.1-Reversar Vacaciones.run(1.2.1-Reversar Vacaciones:18)
	at com.kms.katalon.core.main.ScriptEngine.run(ScriptEngine.java:194)
	at com.kms.katalon.core.main.ScriptEngine.runScriptAsRawText(ScriptEngine.java:119)
	at com.kms.katalon.core.main.TestCaseExecutor.runScript(TestCaseExecutor.java:442)
	at com.kms.katalon.core.main.TestCaseExecutor.doExecute(TestCaseExecutor.java:433)
	at com.kms.katalon.core.main.TestCaseExecutor.processExecutionPhase(TestCaseExecutor.java:412)
	at com.kms.katalon.core.main.TestCaseExecutor.accessMainPhase(TestCaseExecutor.java:404)
	at com.kms.katalon.core.main.TestCaseExecutor.execute(TestCaseExecutor.java:281)
	at com.kms.katalon.core.main.TestSuiteExecutor.accessTestCaseMainPhase(TestSuiteExecutor.java:202)
	at com.kms.katalon.core.main.TestSuiteExecutor.accessTestSuiteMainPhase(TestSuiteExecutor.java:164)
	at com.kms.katalon.core.main.TestSuiteExecutor.execute(TestSuiteExecutor.java:105)
	at com.kms.katalon.core.main.TestCaseMain.startTestSuite(TestCaseMain.java:181)
	at com.kms.katalon.core.main.TestCaseMain$startTestSuite$0.call(Unknown Source)
	at TempTestSuite1637588847917.run(TempTestSuite1637588847917.groovy:36)
Caused by: com.kms.katalon.core.exception.StepFailedException: Call Test Case 'Test Cases/1.1-Tareas Principales/1.1.7-Generar Vacaciones' failed
	at com.kms.katalon.core.keyword.builtin.CallTestCaseKeyword$_callTestCase_closure1.doCall(CallTestCaseKeyword.groovy:63)
	at com.kms.katalon.core.keyword.builtin.CallTestCaseKeyword$_callTestCase_closure1.call(CallTestCaseKeyword.groovy)
	at com.kms.katalon.core.keyword.internal.KeywordMain.runKeyword(KeywordMain.groovy:74)
	at com.kms.katalon.core.keyword.builtin.CallTestCaseKeyword.callTestCase(CallTestCaseKeyword.groovy:81)
	at com.kms.katalon.core.keyword.builtin.CallTestCaseKeyword.execute(CallTestCaseKeyword.groovy:44)
	at com.kms.katalon.core.keyword.internal.KeywordExecutor.executeKeywordForPlatform(KeywordExecutor.groovy:74)
	at com.kms.katalon.core.keyword.BuiltinKeywords.callTestCase(BuiltinKeywords.groovy:334)
	at 1.1.8-Mantenimiento de Vacaciones Reliquidar.run(1.1.8-Mantenimiento de Vacaciones Reliquidar:40)
	at com.kms.katalon.core.main.ScriptEngine.run(ScriptEngine.java:194)
	at com.kms.katalon.core.main.ScriptEngine.runScriptAsRawText(ScriptEngine.java:119)
	at com.kms.katalon.core.main.TestCaseExecutor.runScript(TestCaseExecutor.java:442)
	at com.kms.katalon.core.main.TestCaseExecutor.doExecute(TestCaseExecutor.java:433)
	at com.kms.katalon.core.main.TestCaseExecutor.processExecutionPhase(TestCaseExecutor.java:412)
	at com.kms.katalon.core.main.TestCaseExecutor.accessMainPhase(TestCaseExecutor.java:404)
	at com.kms.katalon.core.main.TestCaseExecutor.execute(TestCaseExecutor.java:281)
	at com.kms.katalon.core.main.TestCaseMain.runTestCase(TestCaseMain.java:138)
	at com.kms.katalon.core.keyword.builtin.CallTestCaseKeyword$_callTestCase_closure1.doCall(CallTestCaseKeyword.groovy:59)
	... 20 more
Caused by: com.kms.katalon.core.exception.StepFailedException: Unable to click on object 'Object Repository/Modulo Tarea Administracion Compensacion/Generar Vacaciones/a_Aplicar'
	at com.kms.katalon.core.webui.keyword.internal.WebUIKeywordMain.stepFailed(WebUIKeywordMain.groovy:64)
	at com.kms.katalon.core.webui.keyword.internal.WebUIKeywordMain.runKeyword(WebUIKeywordMain.groovy:26)
	at com.kms.katalon.core.webui.keyword.builtin.ClickKeyword.click(ClickKeyword.groovy:74)
	at com.kms.katalon.core.webui.keyword.builtin.ClickKeyword.execute(ClickKeyword.groovy:40)
	at com.kms.katalon.core.keyword.internal.KeywordExecutor.executeKeywordForPlatform(KeywordExecutor.groovy:74)
	at com.kms.katalon.core.webui.keyword.WebUiBuiltInKeywords.click(WebUiBuiltInKeywords.groovy:620)
	at com.kms.katalon.core.webui.keyword.WebUiBuiltInKeywords$click$5.call(Unknown Source)
	at 1.1.7-Generar Vacaciones.run(1.1.7-Generar Vacaciones:65)
	at com.kms.katalon.core.main.ScriptEngine.run(ScriptEngine.java:194)
	at com.kms.katalon.core.main.ScriptEngine.runScriptAsRawText(ScriptEngine.java:119)
	at com.kms.katalon.core.main.TestCaseExecutor.runScript(TestCaseExecutor.java:442)
	at com.kms.katalon.core.main.TestCaseExecutor.doExecute(TestCaseExecutor.java:433)
	at com.kms.katalon.core.main.TestCaseExecutor.processExecutionPhase(TestCaseExecutor.java:412)
	at com.kms.katalon.core.main.TestCaseExecutor.accessMainPhase(TestCaseExecutor.java:404)
	at com.kms.katalon.core.main.TestCaseExecutor.execute(TestCaseExecutor.java:281)
	at com.kms.katalon.core.main.TestCaseMain.runTestCase(TestCaseMain.java:138)
	at com.kms.katalon.core.keyword.builtin.CallTestCaseKeyword$_callTestCase_closure1.doCall(CallTestCaseKeyword.groovy:59)
	... 36 more
Caused by: com.kms.katalon.core.webui.exception.WebElementNotFoundException: Web element with id: 'Object Repository/Modulo Tarea Administracion Compensacion/Generar Vacaciones/a_Aplicar' located by '//table[4]/tbody/tr/td/a' not found
	at com.kms.katalon.core.webui.common.WebUiCommonHelper.findWebElement(WebUiCommonHelper.java:1368)
	at com.kms.katalon.core.webui.keyword.internal.WebUIAbstractKeyword.findWebElement(WebUIAbstractKeyword.groovy:27)
	at com.kms.katalon.core.webui.keyword.builtin.ClickKeyword$_click_closure1.doCall(ClickKeyword.groovy:65)
	at com.kms.katalon.core.webui.keyword.builtin.ClickKeyword$_click_closure1.call(ClickKeyword.groovy)
	at com.kms.katalon.core.webui.keyword.internal.WebUIKeywordMain.runKeyword(WebUIKeywordMain.groovy:20)
	... 51 more
)

2021-11-22 09:00:09 - [TEST_CASE][FAILED] - Test Cases/1.1-Tareas Principales/1.1.8-Mantenimiento de Vacaciones Reliquidar: Test Cases/1.1-Tareas Principales/1.1.8-Mantenimiento de Vacaciones Reliquidar FAILED.
Reason:
com.kms.katalon.core.exception.StepFailedException: Call Test Case 'Test Cases/1.1-Tareas Principales/1.1.7-Generar Vacaciones' failed
	at com.kms.katalon.core.keyword.builtin.CallTestCaseKeyword$_callTestCase_closure1.doCall(CallTestCaseKeyword.groovy:63)
	at com.kms.katalon.core.keyword.builtin.CallTestCaseKeyword$_callTestCase_closure1.call(CallTestCaseKeyword.groovy)
	at com.kms.katalon.core.keyword.internal.KeywordMain.runKeyword(KeywordMain.groovy:74)
	at com.kms.katalon.core.keyword.builtin.CallTestCaseKeyword.callTestCase(CallTestCaseKeyword.groovy:81)
	at com.kms.katalon.core.keyword.builtin.CallTestCaseKeyword.execute(CallTestCaseKeyword.groovy:44)
	at com.kms.katalon.core.keyword.internal.KeywordExecutor.executeKeywordForPlatform(KeywordExecutor.groovy:74)
	at com.kms.katalon.core.keyword.BuiltinKeywords.callTestCase(BuiltinKeywords.groovy:334)
	at 1.1.8-Mantenimiento de Vacaciones Reliquidar.run(1.1.8-Mantenimiento de Vacaciones Reliquidar:40)
	at com.kms.katalon.core.main.ScriptEngine.run(ScriptEngine.java:194)
	at com.kms.katalon.core.main.ScriptEngine.runScriptAsRawText(ScriptEngine.java:119)
	at com.kms.katalon.core.main.TestCaseExecutor.runScript(TestCaseExecutor.java:442)
	at com.kms.katalon.core.main.TestCaseExecutor.doExecute(TestCaseExecutor.java:433)
	at com.kms.katalon.core.main.TestCaseExecutor.processExecutionPhase(TestCaseExecutor.java:412)
	at com.kms.katalon.core.main.TestCaseExecutor.accessMainPhase(TestCaseExecutor.java:404)
	at com.kms.katalon.core.main.TestCaseExecutor.execute(TestCaseExecutor.java:281)
	at com.kms.katalon.core.main.TestCaseMain.runTestCase(TestCaseMain.java:138)
	at com.kms.katalon.core.keyword.builtin.CallTestCaseKeyword$_callTestCase_closure1.doCall(CallTestCaseKeyword.groovy:59)
	at com.kms.katalon.core.keyword.builtin.CallTestCaseKeyword$_callTestCase_closure1.call(CallTestCaseKeyword.groovy)
	at com.kms.katalon.core.keyword.internal.KeywordMain.runKeyword(KeywordMain.groovy:74)
	at com.kms.katalon.core.keyword.builtin.CallTestCaseKeyword.callTestCase(CallTestCaseKeyword.groovy:81)
	at com.kms.katalon.core.keyword.builtin.CallTestCaseKeyword.execute(CallTestCaseKeyword.groovy:44)
	at com.kms.katalon.core.keyword.internal.KeywordExecutor.executeKeywordForPlatform(KeywordExecutor.groovy:74)
	at com.kms.katalon.core.keyword.BuiltinKeywords.callTestCase(BuiltinKeywords.groovy:334)
	at 1.2.1-Reversar Vacaciones.run(1.2.1-Reversar Vacaciones:18)
	at com.kms.katalon.core.main.ScriptEngine.run(ScriptEngine.java:194)
	at com.kms.katalon.core.main.ScriptEngine.runScriptAsRawText(ScriptEngine.java:119)
	at com.kms.katalon.core.main.TestCaseExecutor.runScript(TestCaseExecutor.java:442)
	at com.kms.katalon.core.main.TestCaseExecutor.doExecute(TestCaseExecutor.java:433)
	at com.kms.katalon.core.main.TestCaseExecutor.processExecutionPhase(TestCaseExecutor.java:412)
	at com.kms.katalon.core.main.TestCaseExecutor.accessMainPhase(TestCaseExecutor.java:404)
	at com.kms.katalon.core.main.TestCaseExecutor.execute(TestCaseExecutor.java:281)
	at com.kms.katalon.core.main.TestSuiteExecutor.accessTestCaseMainPhase(TestSuiteExecutor.java:202)
	at com.kms.katalon.core.main.TestSuiteExecutor.accessTestSuiteMainPhase(TestSuiteExecutor.java:164)
	at com.kms.katalon.core.main.TestSuiteExecutor.execute(TestSuiteExecutor.java:105)
	at com.kms.katalon.core.main.TestCaseMain.startTestSuite(TestCaseMain.java:181)
	at com.kms.katalon.core.main.TestCaseMain$startTestSuite$0.call(Unknown Source)
	at TempTestSuite1637588847917.run(TempTestSuite1637588847917.groovy:36)
Caused by: com.kms.katalon.core.exception.StepFailedException: Unable to click on object 'Object Repository/Modulo Tarea Administracion Compensacion/Generar Vacaciones/a_Aplicar'
	at com.kms.katalon.core.webui.keyword.internal.WebUIKeywordMain.stepFailed(WebUIKeywordMain.groovy:64)
	at com.kms.katalon.core.webui.keyword.internal.WebUIKeywordMain.runKeyword(WebUIKeywordMain.groovy:26)
	at com.kms.katalon.core.webui.keyword.builtin.ClickKeyword.click(ClickKeyword.groovy:74)
	at com.kms.katalon.core.webui.keyword.builtin.ClickKeyword.execute(ClickKeyword.groovy:40)
	at com.kms.katalon.core.keyword.internal.KeywordExecutor.executeKeywordForPlatform(KeywordExecutor.groovy:74)
	at com.kms.katalon.core.webui.keyword.WebUiBuiltInKeywords.click(WebUiBuiltInKeywords.groovy:620)
	at com.kms.katalon.core.webui.keyword.WebUiBuiltInKeywords$click$5.call(Unknown Source)
	at 1.1.7-Generar Vacaciones.run(1.1.7-Generar Vacaciones:65)
	at com.kms.katalon.core.main.ScriptEngine.run(ScriptEngine.java:194)
	at com.kms.katalon.core.main.ScriptEngine.runScriptAsRawText(ScriptEngine.java:119)
	at com.kms.katalon.core.main.TestCaseExecutor.runScript(TestCaseExecutor.java:442)
	at com.kms.katalon.core.main.TestCaseExecutor.doExecute(TestCaseExecutor.java:433)
	at com.kms.katalon.core.main.TestCaseExecutor.processExecutionPhase(TestCaseExecutor.java:412)
	at com.kms.katalon.core.main.TestCaseExecutor.accessMainPhase(TestCaseExecutor.java:404)
	at com.kms.katalon.core.main.TestCaseExecutor.execute(TestCaseExecutor.java:281)
	at com.kms.katalon.core.main.TestCaseMain.runTestCase(TestCaseMain.java:138)
	at com.kms.katalon.core.keyword.builtin.CallTestCaseKeyword$_callTestCase_closure1.doCall(CallTestCaseKeyword.groovy:59)
	... 36 more
Caused by: com.kms.katalon.core.webui.exception.WebElementNotFoundException: Web element with id: 'Object Repository/Modulo Tarea Administracion Compensacion/Generar Vacaciones/a_Aplicar' located by '//table[4]/tbody/tr/td/a' not found
	at com.kms.katalon.core.webui.common.WebUiCommonHelper.findWebElement(WebUiCommonHelper.java:1368)
	at com.kms.katalon.core.webui.keyword.internal.WebUIAbstractKeyword.findWebElement(WebUIAbstractKeyword.groovy:27)
	at com.kms.katalon.core.webui.keyword.builtin.ClickKeyword$_click_closure1.doCall(ClickKeyword.groovy:65)
	at com.kms.katalon.core.webui.keyword.builtin.ClickKeyword$_click_closure1.call(ClickKeyword.groovy)
	at com.kms.katalon.core.webui.keyword.internal.WebUIKeywordMain.runKeyword(WebUIKeywordMain.groovy:20)
	... 51 more


2021-11-22 09:00:09 - [TEST_STEP][PASSED] - callTestCase(findTestCase("0.1-Login"), [:], STOP_ON_FAILURE): Call Test Case 'Test Cases/0.1-Login' successfully

2021-11-22 09:00:09 - [TEST_CASE][PASSED] - Test Cases/0.1-Login: Test Cases/0.1-Login

2021-11-22 09:00:09 - [TEST_STEP][PASSED] - openBrowser(""): Browser is opened with url: ''

2021-11-22 09:00:09 - [MESSAGE][WARNING] - A browser is already opened. Closing browser and opening a new one

2021-11-22 09:00:10 - [MESSAGE][INFO] - Starting 'Edge Chromium' driver

2021-11-22 09:00:12 - [MESSAGE][INFO] - Action delay is set to 0 milliseconds

2021-11-22 09:00:13 - [MESSAGE][PASSED] - Browser is opened with url: ''

2021-11-22 09:00:13 - [TEST_STEP][PASSED] - maximizeWindow(): Current window maximized

2021-11-22 09:00:13 - [MESSAGE][PASSED] - Current window maximized

2021-11-22 09:00:13 - [TEST_STEP][PASSED] - i = G_Login: null

2021-11-22 09:00:13 - [TEST_STEP][PASSED] - url = new java.net.URL(i): null

2021-11-22 09:00:13 - [TEST_STEP][PASSED] - println("URL: " + url.toString()): null

2021-11-22 09:00:13 - [TEST_STEP][PASSED] - connection = url.openConnection(): null

2021-11-22 09:00:13 - [TEST_STEP][PASSED] - connection.setRequestMethod("GET"): null

2021-11-22 09:00:13 - [TEST_STEP][PASSED] - connection.setReadTimeout(2 * 1000): null

2021-11-22 09:00:13 - [TEST_STEP][PASSED] - try: null

2021-11-22 09:00:13 - [TEST_STEP][PASSED] - connection.connect(): null

2021-11-22 09:00:13 - [TEST_STEP][PASSED] - flag = connected: null

2021-11-22 09:00:13 - [TEST_STEP][PASSED] - println("Valor_ori: " + flag): null

2021-11-22 09:00:13 - [TEST_STEP][PASSED] - if (flag): null

2021-11-22 09:00:13 - [TEST_STEP][PASSED] - navigateToUrl(i): Navigate to 'http://localhost:8380/saraweb/' successfully

2021-11-22 09:00:15 - [MESSAGE][PASSED] - Navigate to 'http://localhost:8380/saraweb/' successfully

2021-11-22 09:00:15 - [TEST_STEP][PASSED] - a(): null

2021-11-22 09:00:15 - [TEST_STEP][PASSED] - setText(findTestObject("Login/input_USUARIO_loginusuario"), G_Usuario): Text 'saraadmin' is set on object 'Object Repository/Login/input_USUARIO_loginusuario'

2021-11-22 09:00:16 - [MESSAGE][PASSED] - Text 'saraadmin' is set on object 'Object Repository/Login/input_USUARIO_loginusuario'

2021-11-22 09:00:16 - [TEST_STEP][PASSED] - setEncryptedText(findTestObject("Login/input_CLAVE_loginpassword"), "MkG4/TYiCFC3cb2driP7+Q=="): Text ****** has been set on object 'Object Repository/Login/input_CLAVE_loginpassword'

2021-11-22 09:00:16 - [MESSAGE][PASSED] - Text ****** has been set on object 'Object Repository/Login/input_CLAVE_loginpassword'

2021-11-22 09:00:16 - [TEST_STEP][PASSED] - waitForElementClickable(findTestObject("Login/a_Ingresar"), G_TimeOut): Object 'Object Repository/Login/a_Ingresar' is clickable

2021-11-22 09:00:17 - [MESSAGE][PASSED] - Object 'Object Repository/Login/a_Ingresar' is clickable

2021-11-22 09:00:17 - [TEST_STEP][PASSED] - click(findTestObject("Login/a_Ingresar")): Object: 'Object Repository/Login/a_Ingresar' is clicked on

2021-11-22 09:00:19 - [MESSAGE][PASSED] - Object: 'Object Repository/Login/a_Ingresar' is clicked on

2021-11-22 09:00:19 - [TEST_STEP][PASSED] - element = findWebElement(findTestObject("Login/a_Ir"), 30): null

2021-11-22 09:00:20 - [TEST_STEP][PASSED] - executeJavaScript("arguments[0].click()", Arrays.asList(element)): Execute JavaScript 'arguments[0].click()' successfully

2021-11-22 09:00:20 - [MESSAGE][PASSED] - Execute JavaScript 'arguments[0].click()' successfully

2021-11-22 09:00:20 - [MESSAGE][PASSED] - Call Test Case 'Test Cases/0.1-Login' successfully

2021-11-22 09:00:20 - [TEST_STEP][PASSED] - waitForElementClickable(findTestObject("Modulo Tarea Administracion Compensacion/Periodo en Proceso - Archivo Plano/Mantenimiento de Vacaciones Reliquidar/input_Mantenimiento de Vacaciones_form_templatej_idt24_input"), 0): Object 'Object Repository/Modulo Tarea Administracion Compensacion/Periodo en Proceso - Archivo Plano/Mantenimiento de Vacaciones Reliquidar/input_Mantenimiento de Vacaciones_form_templatej_idt24_input' is clickable

2021-11-22 09:00:20 - [MESSAGE][WARNING] - Timeout '0' is invalid. Using default page load timeout: '30'

2021-11-22 09:00:21 - [MESSAGE][PASSED] - Object 'Object Repository/Modulo Tarea Administracion Compensacion/Periodo en Proceso - Archivo Plano/Mantenimiento de Vacaciones Reliquidar/input_Mantenimiento de Vacaciones_form_templatej_idt24_input' is clickable

2021-11-22 09:00:21 - [TEST_STEP][PASSED] - setText(findTestObject("Modulo Tarea Administracion Compensacion/Periodo en Proceso - Archivo Plano/Mantenimiento de Vacaciones Reliquidar/input_Mantenimiento de Vacaciones_form_templatej_idt24_input"), "Mantenimiento de Vacaciones"): Text 'Mantenimiento de Vacaciones' is set on object 'Object Repository/Modulo Tarea Administracion Compensacion/Periodo en Proceso - Archivo Plano/Mantenimiento de Vacaciones Reliquidar/input_Mantenimiento de Vacaciones_form_templatej_idt24_input'

2021-11-22 09:00:22 - [MESSAGE][PASSED] - Text 'Mantenimiento de Vacaciones' is set on object 'Object Repository/Modulo Tarea Administracion Compensacion/Periodo en Proceso - Archivo Plano/Mantenimiento de Vacaciones Reliquidar/input_Mantenimiento de Vacaciones_form_templatej_idt24_input'

2021-11-22 09:00:22 - [TEST_STEP][PASSED] - delay(1): Delayed 1 second(s)

2021-11-22 09:00:23 - [MESSAGE][PASSED] - Delayed 1 second(s)

2021-11-22 09:00:23 - [TEST_STEP][PASSED] - sendKeys(findTestObject("Modulo Tarea Administracion Compensacion/Periodo en Proceso - Archivo Plano/Mantenimiento de Vacaciones Reliquidar/input_Mantenimiento de Vacaciones_form_templatej_idt24_input"), Keys.chord(ENTER)): Keys 'ENTER + ' sent to object: 'Object Repository/Modulo Tarea Administracion Compensacion/Periodo en Proceso - Archivo Plano/Mantenimiento de Vacaciones Reliquidar/input_Mantenimiento de Vacaciones_form_templatej_idt24_input'

2021-11-22 09:00:24 - [MESSAGE][PASSED] - Keys 'ENTER + ' sent to object: 'Object Repository/Modulo Tarea Administracion Compensacion/Periodo en Proceso - Archivo Plano/Mantenimiento de Vacaciones Reliquidar/input_Mantenimiento de Vacaciones_form_templatej_idt24_input'

2021-11-22 09:00:24 - [TEST_STEP][PASSED] - setText(findTestObject("Modulo Tarea Administracion Compensacion/Periodo en Proceso - Archivo Plano/Mantenimiento de Vacaciones Reliquidar/input_Identificacin_form_mantenimientoVacacionj_idt66"), "1234567890"): Text '1234567890' is set on object 'Object Repository/Modulo Tarea Administracion Compensacion/Periodo en Proceso - Archivo Plano/Mantenimiento de Vacaciones Reliquidar/input_Identificacin_form_mantenimientoVacacionj_idt66'

2021-11-22 09:00:27 - [MESSAGE][PASSED] - Text '1234567890' is set on object 'Object Repository/Modulo Tarea Administracion Compensacion/Periodo en Proceso - Archivo Plano/Mantenimiento de Vacaciones Reliquidar/input_Identificacin_form_mantenimientoVacacionj_idt66'

2021-11-22 09:00:27 - [TEST_STEP][PASSED] - sendKeys(findTestObject("Modulo Tarea Administracion Compensacion/Mantenimiento de Vacaciones Reliquidar/input_Identificacin_form_mante"), Keys.chord(ENTER)): Keys 'ENTER + ' sent to object: 'tempBody'

2021-11-22 09:00:27 - [MESSAGE][WARNING] - Test object with id 'Object Repository/Modulo Tarea Administracion Compensacion/Mantenimiento de Vacaciones Reliquidar/input_Identificacin_form_mante' does not exist

2021-11-22 09:00:27 - [MESSAGE][WARNING] - Test object with id 'Object Repository/' does not exist

2021-11-22 09:00:27 - [MESSAGE][PASSED] - Keys 'ENTER + ' sent to object: 'tempBody'

2021-11-22 09:00:27 - [TEST_STEP][PASSED] - if (waitForElementVisible(findTestObject("Modulo Tarea Administracion Compensacion/Periodo en Proceso - Archivo Plano/Mantenimiento de Vacaciones Reliquidar/td_No se encontr registros"), 1)): null

2021-11-22 09:00:28 - [MESSAGE][PASSED] - Object 'Object Repository/Modulo Tarea Administracion Compensacion/Periodo en Proceso - Archivo Plano/Mantenimiento de Vacaciones Reliquidar/td_No se encontr registros' is visible

2021-11-22 09:00:28 - [TEST_STEP][FAILED] - callTestCase(findTestCase("1.1-Tareas Principales/1.1.7-Generar Vacaciones"), [:], STOP_ON_FAILURE): Unable to call Test Case 'Test Cases/1.1-Tareas Principales/1.1.7-Generar Vacaciones' (Root cause: com.kms.katalon.core.exception.StepFailedException: Call Test Case 'Test Cases/1.1-Tareas Principales/1.1.7-Generar Vacaciones' failed
	at com.kms.katalon.core.keyword.builtin.CallTestCaseKeyword$_callTestCase_closure1.doCall(CallTestCaseKeyword.groovy:63)
	at com.kms.katalon.core.keyword.builtin.CallTestCaseKeyword$_callTestCase_closure1.call(CallTestCaseKeyword.groovy)
	at com.kms.katalon.core.keyword.internal.KeywordMain.runKeyword(KeywordMain.groovy:74)
	at com.kms.katalon.core.keyword.builtin.CallTestCaseKeyword.callTestCase(CallTestCaseKeyword.groovy:81)
	at com.kms.katalon.core.keyword.builtin.CallTestCaseKeyword.execute(CallTestCaseKeyword.groovy:44)
	at com.kms.katalon.core.keyword.internal.KeywordExecutor.executeKeywordForPlatform(KeywordExecutor.groovy:74)
	at com.kms.katalon.core.keyword.BuiltinKeywords.callTestCase(BuiltinKeywords.groovy:334)
	at 1.1.8-Mantenimiento de Vacaciones Reliquidar.run(1.1.8-Mantenimiento de Vacaciones Reliquidar:40)
	at com.kms.katalon.core.main.ScriptEngine.run(ScriptEngine.java:194)
	at com.kms.katalon.core.main.ScriptEngine.runScriptAsRawText(ScriptEngine.java:119)
	at com.kms.katalon.core.main.TestCaseExecutor.runScript(TestCaseExecutor.java:442)
	at com.kms.katalon.core.main.TestCaseExecutor.doExecute(TestCaseExecutor.java:433)
	at com.kms.katalon.core.main.TestCaseExecutor.processExecutionPhase(TestCaseExecutor.java:412)
	at com.kms.katalon.core.main.TestCaseExecutor.accessMainPhase(TestCaseExecutor.java:404)
	at com.kms.katalon.core.main.TestCaseExecutor.execute(TestCaseExecutor.java:281)
	at com.kms.katalon.core.main.TestCaseMain.runTestCase(TestCaseMain.java:138)
	at com.kms.katalon.core.keyword.builtin.CallTestCaseKeyword$_callTestCase_closure1.doCall(CallTestCaseKeyword.groovy:59)
	at com.kms.katalon.core.keyword.builtin.CallTestCaseKeyword$_callTestCase_closure1.call(CallTestCaseKeyword.groovy)
	at com.kms.katalon.core.keyword.internal.KeywordMain.runKeyword(KeywordMain.groovy:74)
	at com.kms.katalon.core.keyword.builtin.CallTestCaseKeyword.callTestCase(CallTestCaseKeyword.groovy:81)
	at com.kms.katalon.core.keyword.builtin.CallTestCaseKeyword.execute(CallTestCaseKeyword.groovy:44)
	at com.kms.katalon.core.keyword.internal.KeywordExecutor.executeKeywordForPlatform(KeywordExecutor.groovy:74)
	at com.kms.katalon.core.keyword.BuiltinKeywords.callTestCase(BuiltinKeywords.groovy:334)
	at 1.2.1-Reversar Vacaciones.run(1.2.1-Reversar Vacaciones:18)
	at com.kms.katalon.core.main.ScriptEngine.run(ScriptEngine.java:194)
	at com.kms.katalon.core.main.ScriptEngine.runScriptAsRawText(ScriptEngine.java:119)
	at com.kms.katalon.core.main.TestCaseExecutor.runScript(TestCaseExecutor.java:442)
	at com.kms.katalon.core.main.TestCaseExecutor.doExecute(TestCaseExecutor.java:433)
	at com.kms.katalon.core.main.TestCaseExecutor.processExecutionPhase(TestCaseExecutor.java:412)
	at com.kms.katalon.core.main.TestCaseExecutor.accessMainPhase(TestCaseExecutor.java:404)
	at com.kms.katalon.core.main.TestCaseExecutor.execute(TestCaseExecutor.java:281)
	at com.kms.katalon.core.main.TestSuiteExecutor.accessTestCaseMainPhase(TestSuiteExecutor.java:202)
	at com.kms.katalon.core.main.TestSuiteExecutor.accessTestSuiteMainPhase(TestSuiteExecutor.java:164)
	at com.kms.katalon.core.main.TestSuiteExecutor.execute(TestSuiteExecutor.java:105)
	at com.kms.katalon.core.main.TestCaseMain.startTestSuite(TestCaseMain.java:181)
	at com.kms.katalon.core.main.TestCaseMain$startTestSuite$0.call(Unknown Source)
	at TempTestSuite1637588847917.run(TempTestSuite1637588847917.groovy:36)
Caused by: com.kms.katalon.core.exception.StepFailedException: Unable to click on object 'Object Repository/Modulo Tarea Administracion Compensacion/Generar Vacaciones/a_Aplicar'
	at com.kms.katalon.core.webui.keyword.internal.WebUIKeywordMain.stepFailed(WebUIKeywordMain.groovy:64)
	at com.kms.katalon.core.webui.keyword.internal.WebUIKeywordMain.runKeyword(WebUIKeywordMain.groovy:26)
	at com.kms.katalon.core.webui.keyword.builtin.ClickKeyword.click(ClickKeyword.groovy:74)
	at com.kms.katalon.core.webui.keyword.builtin.ClickKeyword.execute(ClickKeyword.groovy:40)
	at com.kms.katalon.core.keyword.internal.KeywordExecutor.executeKeywordForPlatform(KeywordExecutor.groovy:74)
	at com.kms.katalon.core.webui.keyword.WebUiBuiltInKeywords.click(WebUiBuiltInKeywords.groovy:620)
	at com.kms.katalon.core.webui.keyword.WebUiBuiltInKeywords$click$5.call(Unknown Source)
	at 1.1.7-Generar Vacaciones.run(1.1.7-Generar Vacaciones:65)
	at com.kms.katalon.core.main.ScriptEngine.run(ScriptEngine.java:194)
	at com.kms.katalon.core.main.ScriptEngine.runScriptAsRawText(ScriptEngine.java:119)
	at com.kms.katalon.core.main.TestCaseExecutor.runScript(TestCaseExecutor.java:442)
	at com.kms.katalon.core.main.TestCaseExecutor.doExecute(TestCaseExecutor.java:433)
	at com.kms.katalon.core.main.TestCaseExecutor.processExecutionPhase(TestCaseExecutor.java:412)
	at com.kms.katalon.core.main.TestCaseExecutor.accessMainPhase(TestCaseExecutor.java:404)
	at com.kms.katalon.core.main.TestCaseExecutor.execute(TestCaseExecutor.java:281)
	at com.kms.katalon.core.main.TestCaseMain.runTestCase(TestCaseMain.java:138)
	at com.kms.katalon.core.keyword.builtin.CallTestCaseKeyword$_callTestCase_closure1.doCall(CallTestCaseKeyword.groovy:59)
	... 36 more
Caused by: com.kms.katalon.core.webui.exception.WebElementNotFoundException: Web element with id: 'Object Repository/Modulo Tarea Administracion Compensacion/Generar Vacaciones/a_Aplicar' located by '//table[4]/tbody/tr/td/a' not found
	at com.kms.katalon.core.webui.common.WebUiCommonHelper.findWebElement(WebUiCommonHelper.java:1368)
	at com.kms.katalon.core.webui.keyword.internal.WebUIAbstractKeyword.findWebElement(WebUIAbstractKeyword.groovy:27)
	at com.kms.katalon.core.webui.keyword.builtin.ClickKeyword$_click_closure1.doCall(ClickKeyword.groovy:65)
	at com.kms.katalon.core.webui.keyword.builtin.ClickKeyword$_click_closure1.call(ClickKeyword.groovy)
	at com.kms.katalon.core.webui.keyword.internal.WebUIKeywordMain.runKeyword(WebUIKeywordMain.groovy:20)
	... 51 more
)

2021-11-22 09:00:28 - [TEST_CASE][FAILED] - Test Cases/1.1-Tareas Principales/1.1.7-Generar Vacaciones: Test Cases/1.1-Tareas Principales/1.1.7-Generar Vacaciones FAILED.
Reason:
com.kms.katalon.core.exception.StepFailedException: Unable to click on object 'Object Repository/Modulo Tarea Administracion Compensacion/Generar Vacaciones/a_Aplicar'
	at com.kms.katalon.core.webui.keyword.internal.WebUIKeywordMain.stepFailed(WebUIKeywordMain.groovy:64)
	at com.kms.katalon.core.webui.keyword.internal.WebUIKeywordMain.runKeyword(WebUIKeywordMain.groovy:26)
	at com.kms.katalon.core.webui.keyword.builtin.ClickKeyword.click(ClickKeyword.groovy:74)
	at com.kms.katalon.core.webui.keyword.builtin.ClickKeyword.execute(ClickKeyword.groovy:40)
	at com.kms.katalon.core.keyword.internal.KeywordExecutor.executeKeywordForPlatform(KeywordExecutor.groovy:74)
	at com.kms.katalon.core.webui.keyword.WebUiBuiltInKeywords.click(WebUiBuiltInKeywords.groovy:620)
	at com.kms.katalon.core.webui.keyword.WebUiBuiltInKeywords$click$5.call(Unknown Source)
	at 1.1.7-Generar Vacaciones.run(1.1.7-Generar Vacaciones:65)
	at com.kms.katalon.core.main.ScriptEngine.run(ScriptEngine.java:194)
	at com.kms.katalon.core.main.ScriptEngine.runScriptAsRawText(ScriptEngine.java:119)
	at com.kms.katalon.core.main.TestCaseExecutor.runScript(TestCaseExecutor.java:442)
	at com.kms.katalon.core.main.TestCaseExecutor.doExecute(TestCaseExecutor.java:433)
	at com.kms.katalon.core.main.TestCaseExecutor.processExecutionPhase(TestCaseExecutor.java:412)
	at com.kms.katalon.core.main.TestCaseExecutor.accessMainPhase(TestCaseExecutor.java:404)
	at com.kms.katalon.core.main.TestCaseExecutor.execute(TestCaseExecutor.java:281)
	at com.kms.katalon.core.main.TestCaseMain.runTestCase(TestCaseMain.java:138)
	at com.kms.katalon.core.keyword.builtin.CallTestCaseKeyword$_callTestCase_closure1.doCall(CallTestCaseKeyword.groovy:59)
	at com.kms.katalon.core.keyword.builtin.CallTestCaseKeyword$_callTestCase_closure1.call(CallTestCaseKeyword.groovy)
	at com.kms.katalon.core.keyword.internal.KeywordMain.runKeyword(KeywordMain.groovy:74)
	at com.kms.katalon.core.keyword.builtin.CallTestCaseKeyword.callTestCase(CallTestCaseKeyword.groovy:81)
	at com.kms.katalon.core.keyword.builtin.CallTestCaseKeyword.execute(CallTestCaseKeyword.groovy:44)
	at com.kms.katalon.core.keyword.internal.KeywordExecutor.executeKeywordForPlatform(KeywordExecutor.groovy:74)
	at com.kms.katalon.core.keyword.BuiltinKeywords.callTestCase(BuiltinKeywords.groovy:334)
	at 1.1.8-Mantenimiento de Vacaciones Reliquidar.run(1.1.8-Mantenimiento de Vacaciones Reliquidar:40)
	at com.kms.katalon.core.main.ScriptEngine.run(ScriptEngine.java:194)
	at com.kms.katalon.core.main.ScriptEngine.runScriptAsRawText(ScriptEngine.java:119)
	at com.kms.katalon.core.main.TestCaseExecutor.runScript(TestCaseExecutor.java:442)
	at com.kms.katalon.core.main.TestCaseExecutor.doExecute(TestCaseExecutor.java:433)
	at com.kms.katalon.core.main.TestCaseExecutor.processExecutionPhase(TestCaseExecutor.java:412)
	at com.kms.katalon.core.main.TestCaseExecutor.accessMainPhase(TestCaseExecutor.java:404)
	at com.kms.katalon.core.main.TestCaseExecutor.execute(TestCaseExecutor.java:281)
	at com.kms.katalon.core.main.TestCaseMain.runTestCase(TestCaseMain.java:138)
	at com.kms.katalon.core.keyword.builtin.CallTestCaseKeyword$_callTestCase_closure1.doCall(CallTestCaseKeyword.groovy:59)
	at com.kms.katalon.core.keyword.builtin.CallTestCaseKeyword$_callTestCase_closure1.call(CallTestCaseKeyword.groovy)
	at com.kms.katalon.core.keyword.internal.KeywordMain.runKeyword(KeywordMain.groovy:74)
	at com.kms.katalon.core.keyword.builtin.CallTestCaseKeyword.callTestCase(CallTestCaseKeyword.groovy:81)
	at com.kms.katalon.core.keyword.builtin.CallTestCaseKeyword.execute(CallTestCaseKeyword.groovy:44)
	at com.kms.katalon.core.keyword.internal.KeywordExecutor.executeKeywordForPlatform(KeywordExecutor.groovy:74)
	at com.kms.katalon.core.keyword.BuiltinKeywords.callTestCase(BuiltinKeywords.groovy:334)
	at 1.2.1-Reversar Vacaciones.run(1.2.1-Reversar Vacaciones:18)
	at com.kms.katalon.core.main.ScriptEngine.run(ScriptEngine.java:194)
	at com.kms.katalon.core.main.ScriptEngine.runScriptAsRawText(ScriptEngine.java:119)
	at com.kms.katalon.core.main.TestCaseExecutor.runScript(TestCaseExecutor.java:442)
	at com.kms.katalon.core.main.TestCaseExecutor.doExecute(TestCaseExecutor.java:433)
	at com.kms.katalon.core.main.TestCaseExecutor.processExecutionPhase(TestCaseExecutor.java:412)
	at com.kms.katalon.core.main.TestCaseExecutor.accessMainPhase(TestCaseExecutor.java:404)
	at com.kms.katalon.core.main.TestCaseExecutor.execute(TestCaseExecutor.java:281)
	at com.kms.katalon.core.main.TestSuiteExecutor.accessTestCaseMainPhase(TestSuiteExecutor.java:202)
	at com.kms.katalon.core.main.TestSuiteExecutor.accessTestSuiteMainPhase(TestSuiteExecutor.java:164)
	at com.kms.katalon.core.main.TestSuiteExecutor.execute(TestSuiteExecutor.java:105)
	at com.kms.katalon.core.main.TestCaseMain.startTestSuite(TestCaseMain.java:181)
	at com.kms.katalon.core.main.TestCaseMain$startTestSuite$0.call(Unknown Source)
	at TempTestSuite1637588847917.run(TempTestSuite1637588847917.groovy:36)
Caused by: com.kms.katalon.core.webui.exception.WebElementNotFoundException: Web element with id: 'Object Repository/Modulo Tarea Administracion Compensacion/Generar Vacaciones/a_Aplicar' located by '//table[4]/tbody/tr/td/a' not found
	at com.kms.katalon.core.webui.common.WebUiCommonHelper.findWebElement(WebUiCommonHelper.java:1368)
	at com.kms.katalon.core.webui.keyword.internal.WebUIAbstractKeyword.findWebElement(WebUIAbstractKeyword.groovy:27)
	at com.kms.katalon.core.webui.keyword.builtin.ClickKeyword$_click_closure1.doCall(ClickKeyword.groovy:65)
	at com.kms.katalon.core.webui.keyword.builtin.ClickKeyword$_click_closure1.call(ClickKeyword.groovy)
	at com.kms.katalon.core.webui.keyword.internal.WebUIKeywordMain.runKeyword(WebUIKeywordMain.groovy:20)
	... 51 more


2021-11-22 09:00:28 - [TEST_STEP][PASSED] - callTestCase(findTestCase("1.1-Tareas Principales/1.1.6-crear vacaciones"), [:], STOP_ON_FAILURE): Call Test Case 'Test Cases/1.1-Tareas Principales/1.1.6-crear vacaciones' successfully

2021-11-22 09:00:28 - [TEST_CASE][PASSED] - Test Cases/1.1-Tareas Principales/1.1.6-crear vacaciones: Test Cases/1.1-Tareas Principales/1.1.6-crear vacaciones

2021-11-22 09:00:28 - [TEST_STEP][PASSED] - callTestCase(findTestCase("Hutilidades/Tareas Administracion Compensacion/Tarea Listado Empleados"), [:], STOP_ON_FAILURE): Call Test Case 'Test Cases/Hutilidades/Tareas Administracion Compensacion/Tarea Listado Empleados' successfully

2021-11-22 09:00:28 - [TEST_CASE][PASSED] - Test Cases/Hutilidades/Tareas Administracion Compensacion/Tarea Listado Empleados: Test Cases/Hutilidades/Tareas Administracion Compensacion/Tarea Listado Empleados

2021-11-22 09:00:28 - [TEST_STEP][PASSED] - callTestCase(findTestCase("0.1-Login"), [:], STOP_ON_FAILURE): Call Test Case 'Test Cases/0.1-Login' successfully

2021-11-22 09:00:28 - [TEST_CASE][PASSED] - Test Cases/0.1-Login: Test Cases/0.1-Login

2021-11-22 09:00:28 - [TEST_STEP][PASSED] - openBrowser(""): Browser is opened with url: ''

2021-11-22 09:00:28 - [MESSAGE][WARNING] - A browser is already opened. Closing browser and opening a new one

2021-11-22 09:00:29 - [MESSAGE][INFO] - Starting 'Edge Chromium' driver

2021-11-22 09:00:31 - [MESSAGE][INFO] - Action delay is set to 0 milliseconds

2021-11-22 09:00:32 - [MESSAGE][PASSED] - Browser is opened with url: ''

2021-11-22 09:00:32 - [TEST_STEP][PASSED] - maximizeWindow(): Current window maximized

2021-11-22 09:00:32 - [MESSAGE][PASSED] - Current window maximized

2021-11-22 09:00:32 - [TEST_STEP][PASSED] - i = G_Login: null

2021-11-22 09:00:32 - [TEST_STEP][PASSED] - url = new java.net.URL(i): null

2021-11-22 09:00:32 - [TEST_STEP][PASSED] - println("URL: " + url.toString()): null

2021-11-22 09:00:32 - [TEST_STEP][PASSED] - connection = url.openConnection(): null

2021-11-22 09:00:32 - [TEST_STEP][PASSED] - connection.setRequestMethod("GET"): null

2021-11-22 09:00:32 - [TEST_STEP][PASSED] - connection.setReadTimeout(2 * 1000): null

2021-11-22 09:00:32 - [TEST_STEP][PASSED] - try: null

2021-11-22 09:00:32 - [TEST_STEP][PASSED] - connection.connect(): null

2021-11-22 09:00:32 - [TEST_STEP][PASSED] - flag = connected: null

2021-11-22 09:00:32 - [TEST_STEP][PASSED] - println("Valor_ori: " + flag): null

2021-11-22 09:00:32 - [TEST_STEP][PASSED] - if (flag): null

2021-11-22 09:00:32 - [TEST_STEP][PASSED] - navigateToUrl(i): Navigate to 'http://localhost:8380/saraweb/' successfully

2021-11-22 09:00:33 - [MESSAGE][PASSED] - Navigate to 'http://localhost:8380/saraweb/' successfully

2021-11-22 09:00:33 - [TEST_STEP][PASSED] - a(): null

2021-11-22 09:00:33 - [TEST_STEP][PASSED] - setText(findTestObject("Login/input_USUARIO_loginusuario"), G_Usuario): Text 'saraadmin' is set on object 'Object Repository/Login/input_USUARIO_loginusuario'

2021-11-22 09:00:34 - [MESSAGE][PASSED] - Text 'saraadmin' is set on object 'Object Repository/Login/input_USUARIO_loginusuario'

2021-11-22 09:00:34 - [TEST_STEP][PASSED] - setEncryptedText(findTestObject("Login/input_CLAVE_loginpassword"), "MkG4/TYiCFC3cb2driP7+Q=="): Text ****** has been set on object 'Object Repository/Login/input_CLAVE_loginpassword'

2021-11-22 09:00:35 - [MESSAGE][PASSED] - Text ****** has been set on object 'Object Repository/Login/input_CLAVE_loginpassword'

2021-11-22 09:00:35 - [TEST_STEP][PASSED] - waitForElementClickable(findTestObject("Login/a_Ingresar"), G_TimeOut): Object 'Object Repository/Login/a_Ingresar' is clickable

2021-11-22 09:00:35 - [MESSAGE][PASSED] - Object 'Object Repository/Login/a_Ingresar' is clickable

2021-11-22 09:00:35 - [TEST_STEP][PASSED] - click(findTestObject("Login/a_Ingresar")): Object: 'Object Repository/Login/a_Ingresar' is clicked on

2021-11-22 09:00:37 - [MESSAGE][PASSED] - Object: 'Object Repository/Login/a_Ingresar' is clicked on

2021-11-22 09:00:37 - [TEST_STEP][PASSED] - element = findWebElement(findTestObject("Login/a_Ir"), 30): null

2021-11-22 09:00:37 - [TEST_STEP][PASSED] - executeJavaScript("arguments[0].click()", Arrays.asList(element)): Execute JavaScript 'arguments[0].click()' successfully

2021-11-22 09:00:37 - [MESSAGE][PASSED] - Execute JavaScript 'arguments[0].click()' successfully

2021-11-22 09:00:37 - [MESSAGE][PASSED] - Call Test Case 'Test Cases/0.1-Login' successfully

2021-11-22 09:00:37 - [TEST_STEP][PASSED] - setText(findTestObject("Modulo Tarea Listado Hojas de Vida/Tareas Listado Hojas de Vida/input_Listado Hojas De Vida_form_templatej_idt24_input"), "Listado de Empleados"): Text 'Listado de Empleados' is set on object 'Object Repository/Modulo Tarea Listado Hojas de Vida/Tareas Listado Hojas de Vida/input_Listado Hojas De Vida_form_templatej_idt24_input'

2021-11-22 09:00:39 - [MESSAGE][PASSED] - Text 'Listado de Empleados' is set on object 'Object Repository/Modulo Tarea Listado Hojas de Vida/Tareas Listado Hojas de Vida/input_Listado Hojas De Vida_form_templatej_idt24_input'

2021-11-22 09:00:39 - [TEST_STEP][PASSED] - delay(3): Delayed 3 second(s)

2021-11-22 09:00:42 - [MESSAGE][PASSED] - Delayed 3 second(s)

2021-11-22 09:00:42 - [TEST_STEP][PASSED] - sendKeys(findTestObject("Modulo Tarea Listado Hojas de Vida/Tareas Listado Hojas de Vida/input_Listado Hojas De Vida_form_templatej_idt24_input"), Keys.chord(ENTER)): Keys 'ENTER + ' sent to object: 'Object Repository/Modulo Tarea Listado Hojas de Vida/Tareas Listado Hojas de Vida/input_Listado Hojas De Vida_form_templatej_idt24_input'

2021-11-22 09:00:42 - [MESSAGE][PASSED] - Keys 'ENTER + ' sent to object: 'Object Repository/Modulo Tarea Listado Hojas de Vida/Tareas Listado Hojas de Vida/input_Listado Hojas De Vida_form_templatej_idt24_input'

2021-11-22 09:00:42 - [MESSAGE][PASSED] - Call Test Case 'Test Cases/Hutilidades/Tareas Administracion Compensacion/Tarea Listado Empleados' successfully

2021-11-22 09:00:42 - [TEST_STEP][PASSED] - setText(findTestObject("Modulo Tarea Administracion Compensacion/Dias con Permisos Pasivos Permitidos/input_Identificacin_listadoEmpleadoIdentificacionEmpleado"), "1234567890"): Text '1234567890' is set on object 'Object Repository/Modulo Tarea Administracion Compensacion/Dias con Permisos Pasivos Permitidos/input_Identificacin_listadoEmpleadoIdentificacionEmpleado'

2021-11-22 09:00:47 - [MESSAGE][PASSED] - Text '1234567890' is set on object 'Object Repository/Modulo Tarea Administracion Compensacion/Dias con Permisos Pasivos Permitidos/input_Identificacin_listadoEmpleadoIdentificacionEmpleado'

2021-11-22 09:00:47 - [TEST_STEP][PASSED] - sendKeys(findTestObject("Modulo Tarea Administracion Compensacion/Dias con Permisos Pasivos Permitidos/input_Identificacin_listadoEmpleadoIdentificacionEmpleado"), Keys.chord(ENTER)): Keys 'ENTER + ' sent to object: 'Object Repository/Modulo Tarea Administracion Compensacion/Dias con Permisos Pasivos Permitidos/input_Identificacin_listadoEmpleadoIdentificacionEmpleado'

2021-11-22 09:00:48 - [MESSAGE][PASSED] - Keys 'ENTER + ' sent to object: 'Object Repository/Modulo Tarea Administracion Compensacion/Dias con Permisos Pasivos Permitidos/input_Identificacin_listadoEmpleadoIdentificacionEmpleado'

2021-11-22 09:00:48 - [TEST_STEP][PASSED] - waitForElementClickable(findTestObject("Modulo Tarea Administracion Compensacion/Dias con Permisos Pasivos Permitidos/span_Consta Belfegord Jhon"), G_TimeOut): Object 'Object Repository/Modulo Tarea Administracion Compensacion/Dias con Permisos Pasivos Permitidos/span_Consta Belfegord Jhon' is clickable

2021-11-22 09:00:49 - [MESSAGE][PASSED] - Object 'Object Repository/Modulo Tarea Administracion Compensacion/Dias con Permisos Pasivos Permitidos/span_Consta Belfegord Jhon' is clickable

2021-11-22 09:00:49 - [TEST_STEP][PASSED] - click(findTestObject("Modulo Tarea Administracion Compensacion/Dias con Permisos Pasivos Permitidos/span_Consta Belfegord Jhon")): Object: 'Object Repository/Modulo Tarea Administracion Compensacion/Dias con Permisos Pasivos Permitidos/span_Consta Belfegord Jhon' is clicked on

2021-11-22 09:00:49 - [MESSAGE][PASSED] - Object: 'Object Repository/Modulo Tarea Administracion Compensacion/Dias con Permisos Pasivos Permitidos/span_Consta Belfegord Jhon' is clicked on

2021-11-22 09:00:49 - [TEST_STEP][PASSED] - waitForElementClickable(findTestObject("Modulo Tarea Administracion Compensacion/Dias con Permisos Pasivos Permitidos/a_Vacacin"), G_TimeOut): Object 'Object Repository/Modulo Tarea Administracion Compensacion/Dias con Permisos Pasivos Permitidos/a_Vacacin' is clickable

2021-11-22 09:00:50 - [MESSAGE][PASSED] - Object 'Object Repository/Modulo Tarea Administracion Compensacion/Dias con Permisos Pasivos Permitidos/a_Vacacin' is clickable

2021-11-22 09:00:50 - [TEST_STEP][PASSED] - click(findTestObject("Modulo Tarea Administracion Compensacion/Dias con Permisos Pasivos Permitidos/a_Vacacin")): Object: 'Object Repository/Modulo Tarea Administracion Compensacion/Dias con Permisos Pasivos Permitidos/a_Vacacin' is clicked on

2021-11-22 09:00:51 - [MESSAGE][PASSED] - Object: 'Object Repository/Modulo Tarea Administracion Compensacion/Dias con Permisos Pasivos Permitidos/a_Vacacin' is clicked on

2021-11-22 09:00:51 - [TEST_STEP][PASSED] - if (waitForElementClickable(findTestObject("Modulo Tarea Administracion Compensacion/Dias con Permisos Pasivos Permitidos/span_Programacion De Vacaciones"), G_TimeOut)): null

2021-11-22 09:00:51 - [MESSAGE][PASSED] - Object 'Object Repository/Modulo Tarea Administracion Compensacion/Dias con Permisos Pasivos Permitidos/span_Programacion De Vacaciones' is clickable

2021-11-22 09:00:51 - [TEST_STEP][PASSED] - click(findTestObject("Modulo Tarea Administracion Compensacion/Dias con Permisos Pasivos Permitidos/span_Programacion De Vacaciones")): Object: 'Object Repository/Modulo Tarea Administracion Compensacion/Dias con Permisos Pasivos Permitidos/span_Programacion De Vacaciones' is clicked on

2021-11-22 09:00:52 - [MESSAGE][PASSED] - Object: 'Object Repository/Modulo Tarea Administracion Compensacion/Dias con Permisos Pasivos Permitidos/span_Programacion De Vacaciones' is clicked on

2021-11-22 09:00:52 - [TEST_STEP][PASSED] - waitForElementClickable(findTestObject("Modulo Tarea Administracion Compensacion/Dias con Permisos Pasivos Permitidos/a_Eliminar"), G_TimeOut): Object 'Object Repository/Modulo Tarea Administracion Compensacion/Dias con Permisos Pasivos Permitidos/a_Eliminar' is clickable

2021-11-22 09:00:53 - [MESSAGE][PASSED] - Object 'Object Repository/Modulo Tarea Administracion Compensacion/Dias con Permisos Pasivos Permitidos/a_Eliminar' is clickable

2021-11-22 09:00:53 - [TEST_STEP][PASSED] - click(findTestObject("Modulo Tarea Administracion Compensacion/Dias con Permisos Pasivos Permitidos/a_Eliminar")): Object: 'Object Repository/Modulo Tarea Administracion Compensacion/Dias con Permisos Pasivos Permitidos/a_Eliminar' is clicked on

2021-11-22 09:00:53 - [MESSAGE][PASSED] - Object: 'Object Repository/Modulo Tarea Administracion Compensacion/Dias con Permisos Pasivos Permitidos/a_Eliminar' is clicked on

2021-11-22 09:00:53 - [TEST_STEP][PASSED] - waitForElementClickable(findTestObject("Modulo Tarea Administracion Compensacion/Dias con Permisos Pasivos Permitidos/a_Aceptar"), G_TimeOut): Object 'Object Repository/Modulo Tarea Administracion Compensacion/Dias con Permisos Pasivos Permitidos/a_Aceptar' is clickable

2021-11-22 09:00:54 - [MESSAGE][PASSED] - Object 'Object Repository/Modulo Tarea Administracion Compensacion/Dias con Permisos Pasivos Permitidos/a_Aceptar' is clickable

2021-11-22 09:00:54 - [TEST_STEP][PASSED] - click(findTestObject("Modulo Tarea Administracion Compensacion/Dias con Permisos Pasivos Permitidos/a_Aceptar")): Object: 'Object Repository/Modulo Tarea Administracion Compensacion/Dias con Permisos Pasivos Permitidos/a_Aceptar' is clicked on

2021-11-22 09:00:55 - [MESSAGE][PASSED] - Object: 'Object Repository/Modulo Tarea Administracion Compensacion/Dias con Permisos Pasivos Permitidos/a_Aceptar' is clicked on

2021-11-22 09:00:55 - [TEST_STEP][PASSED] - click(findTestObject("Modulo Tarea Administracion Compensacion/Dias con Permisos Pasivos Permitidos/a_Histrico")): Object: 'Object Repository/Modulo Tarea Administracion Compensacion/Dias con Permisos Pasivos Permitidos/a_Histrico' is clicked on

2021-11-22 09:00:55 - [MESSAGE][PASSED] - Object: 'Object Repository/Modulo Tarea Administracion Compensacion/Dias con Permisos Pasivos Permitidos/a_Histrico' is clicked on

2021-11-22 09:00:55 - [TEST_STEP][PASSED] - if (waitForElementClickable(findTestObject("Modulo Tarea Administracion Compensacion/Dias con Permisos Pasivos Permitidos/span_Programacion De Vacaciones"), 1)): Web element with id: 'Object Repository/Modulo Tarea Administracion Compensacion/Dias con Permisos Pasivos Permitidos/span_Programacion De Vacaciones' located by '//*/text()[normalize-space(.)='Programacion De Vacaciones']/parent::*' not found

2021-11-22 09:00:57 - [MESSAGE][INFO] - Unable to find the element located by 'By.xpath: //*/text()[normalize-space(.)='Programacion De Vacaciones']/parent::*'. Please recheck the objects properties to make sure the desired element is located. 

2021-11-22 09:00:57 - [MESSAGE][WARNING] - Web element with id: 'Object Repository/Modulo Tarea Administracion Compensacion/Dias con Permisos Pasivos Permitidos/span_Programacion De Vacaciones' located by '//*/text()[normalize-space(.)='Programacion De Vacaciones']/parent::*' not found

2021-11-22 09:00:57 - [TEST_STEP][PASSED] - click(findTestObject("Modulo Tarea Administracion Compensacion/Dias con Permisos Pasivos Permitidos/a_Vacaciones")): Object: 'Object Repository/Modulo Tarea Administracion Compensacion/Dias con Permisos Pasivos Permitidos/a_Vacaciones' is clicked on

2021-11-22 09:00:58 - [MESSAGE][PASSED] - Object: 'Object Repository/Modulo Tarea Administracion Compensacion/Dias con Permisos Pasivos Permitidos/a_Vacaciones' is clicked on

2021-11-22 09:00:58 - [TEST_STEP][PASSED] - waitForElementClickable(findTestObject("Modulo Tarea Administracion Compensacion/Dias con Permisos Pasivos Permitidos/a_Nuevo Pasivo"), G_TimeOut): Object 'Object Repository/Modulo Tarea Administracion Compensacion/Dias con Permisos Pasivos Permitidos/a_Nuevo Pasivo' is clickable

2021-11-22 09:00:58 - [MESSAGE][PASSED] - Object 'Object Repository/Modulo Tarea Administracion Compensacion/Dias con Permisos Pasivos Permitidos/a_Nuevo Pasivo' is clickable

2021-11-22 09:00:58 - [TEST_STEP][PASSED] - click(findTestObject("Modulo Tarea Administracion Compensacion/Dias con Permisos Pasivos Permitidos/a_Nuevo Pasivo")): Object: 'Object Repository/Modulo Tarea Administracion Compensacion/Dias con Permisos Pasivos Permitidos/a_Nuevo Pasivo' is clicked on

2021-11-22 09:00:59 - [MESSAGE][PASSED] - Object: 'Object Repository/Modulo Tarea Administracion Compensacion/Dias con Permisos Pasivos Permitidos/a_Nuevo Pasivo' is clicked on

2021-11-22 09:00:59 - [TEST_STEP][PASSED] - click(findTestObject("Modulo Tarea Administracion Compensacion/Dias con Permisos Pasivos Permitidos/a_pestaa Vacaciones")): Object: 'Object Repository/Modulo Tarea Administracion Compensacion/Dias con Permisos Pasivos Permitidos/a_pestaa Vacaciones' is clicked on

2021-11-22 09:00:59 - [MESSAGE][PASSED] - Object: 'Object Repository/Modulo Tarea Administracion Compensacion/Dias con Permisos Pasivos Permitidos/a_pestaa Vacaciones' is clicked on

2021-11-22 09:00:59 - [TEST_STEP][PASSED] - selectOptionByIndex(findTestObject("Modulo Tarea Administracion Compensacion/Dias con Permisos Pasivos Permitidos/select_APLAZAMIENTOPROGRAMACION DE VACACIONES"), "2"): All options with index in [2] are selected on object 'Object Repository/Modulo Tarea Administracion Compensacion/Dias con Permisos Pasivos Permitidos/select_APLAZAMIENTOPROGRAMACION DE VACACIONES'

2021-11-22 09:01:00 - [MESSAGE][PASSED] - All options with index in [2] are selected on object 'Object Repository/Modulo Tarea Administracion Compensacion/Dias con Permisos Pasivos Permitidos/select_APLAZAMIENTOPROGRAMACION DE VACACIONES'

2021-11-22 09:01:00 - [TEST_STEP][PASSED] - selectOptionByIndex(findTestObject("Modulo Tarea Administracion Compensacion/Dias con Permisos Pasivos Permitidos/select_InterrupcinNo Aplica"), "1"): All options with index in [1] are selected on object 'Object Repository/Modulo Tarea Administracion Compensacion/Dias con Permisos Pasivos Permitidos/select_InterrupcinNo Aplica'

2021-11-22 09:01:01 - [MESSAGE][PASSED] - All options with index in [1] are selected on object 'Object Repository/Modulo Tarea Administracion Compensacion/Dias con Permisos Pasivos Permitidos/select_InterrupcinNo Aplica'

2021-11-22 09:01:01 - [TEST_STEP][PASSED] - setText(findTestObject("Modulo Tarea Administracion Compensacion/Dias con Permisos Pasivos Permitidos/input_Periodo Servicio_form_"), "01/06/2021"): Text '01/06/2021' is set on object 'Object Repository/Modulo Tarea Administracion Compensacion/Dias con Permisos Pasivos Permitidos/input_Periodo Servicio_form_'

2021-11-22 09:01:02 - [MESSAGE][PASSED] - Text '01/06/2021' is set on object 'Object Repository/Modulo Tarea Administracion Compensacion/Dias con Permisos Pasivos Permitidos/input_Periodo Servicio_form_'

2021-11-22 09:01:02 - [TEST_STEP][PASSED] - click(findTestObject("Modulo Tarea Administracion Compensacion/Dias con Permisos Pasivos Permitidos/span_Periodo Servicio"), STOP_ON_FAILURE): Object: 'Object Repository/Modulo Tarea Administracion Compensacion/Dias con Permisos Pasivos Permitidos/span_Periodo Servicio' is clicked on

2021-11-22 09:01:03 - [MESSAGE][PASSED] - Object: 'Object Repository/Modulo Tarea Administracion Compensacion/Dias con Permisos Pasivos Permitidos/span_Periodo Servicio' is clicked on

2021-11-22 09:01:03 - [TEST_STEP][PASSED] - setText(findTestObject("Modulo Tarea Administracion Compensacion/Dias con Permisos Pasivos Permitidos/input_Periodo Servicio_form_vacaciones"), "06/06/2021"): Text '06/06/2021' is set on object 'Object Repository/Modulo Tarea Administracion Compensacion/Dias con Permisos Pasivos Permitidos/input_Periodo Servicio_form_vacaciones'

2021-11-22 09:01:04 - [MESSAGE][PASSED] - Text '06/06/2021' is set on object 'Object Repository/Modulo Tarea Administracion Compensacion/Dias con Permisos Pasivos Permitidos/input_Periodo Servicio_form_vacaciones'

2021-11-22 09:01:04 - [TEST_STEP][PASSED] - sendKeys(findTestObject("Modulo Tarea Administracion Compensacion/Dias con Permisos Pasivos Permitidos/input_Periodo Servicio_form_vacaciones"), Keys.chord(ENTER)): Keys 'ENTER + ' sent to object: 'Object Repository/Modulo Tarea Administracion Compensacion/Dias con Permisos Pasivos Permitidos/input_Periodo Servicio_form_vacaciones'

2021-11-22 09:01:04 - [MESSAGE][PASSED] - Keys 'ENTER + ' sent to object: 'Object Repository/Modulo Tarea Administracion Compensacion/Dias con Permisos Pasivos Permitidos/input_Periodo Servicio_form_vacaciones'

2021-11-22 09:01:04 - [TEST_STEP][PASSED] - setText(findTestObject("Modulo Tarea Administracion Compensacion/Dias con Permisos Pasivos Permitidos/input_Das_form_vacacionesEmpleadotabs"), "5"): Text '5' is set on object 'Object Repository/Modulo Tarea Administracion Compensacion/Dias con Permisos Pasivos Permitidos/input_Das_form_vacacionesEmpleadotabs'

2021-11-22 09:01:05 - [MESSAGE][PASSED] - Text '5' is set on object 'Object Repository/Modulo Tarea Administracion Compensacion/Dias con Permisos Pasivos Permitidos/input_Das_form_vacacionesEmpleadotabs'

2021-11-22 09:01:05 - [TEST_STEP][PASSED] - setText(findTestObject("Modulo Tarea Administracion Compensacion/Dias con Permisos Pasivos Permitidos/input_Fecha Origen_form_vacaciones"), "01/06/2021"): Text '01/06/2021' is set on object 'Object Repository/Modulo Tarea Administracion Compensacion/Dias con Permisos Pasivos Permitidos/input_Fecha Origen_form_vacaciones'

2021-11-22 09:01:06 - [MESSAGE][PASSED] - Text '01/06/2021' is set on object 'Object Repository/Modulo Tarea Administracion Compensacion/Dias con Permisos Pasivos Permitidos/input_Fecha Origen_form_vacaciones'

2021-11-22 09:01:06 - [TEST_STEP][PASSED] - sendKeys(findTestObject("Modulo Tarea Administracion Compensacion/Dias con Permisos Pasivos Permitidos/input_Fecha Origen_form_vacaciones"), Keys.chord(ENTER)): Keys 'ENTER + ' sent to object: 'Object Repository/Modulo Tarea Administracion Compensacion/Dias con Permisos Pasivos Permitidos/input_Fecha Origen_form_vacaciones'

2021-11-22 09:01:07 - [MESSAGE][PASSED] - Keys 'ENTER + ' sent to object: 'Object Repository/Modulo Tarea Administracion Compensacion/Dias con Permisos Pasivos Permitidos/input_Fecha Origen_form_vacaciones'

2021-11-22 09:01:07 - [TEST_STEP][PASSED] - waitForElementClickable(findTestObject("Modulo Tarea Administracion Compensacion/Dias con Permisos Pasivos Permitidos/a_Guardar"), G_TimeOut): Object 'Object Repository/Modulo Tarea Administracion Compensacion/Dias con Permisos Pasivos Permitidos/a_Guardar' is clickable

2021-11-22 09:01:07 - [MESSAGE][PASSED] - Object 'Object Repository/Modulo Tarea Administracion Compensacion/Dias con Permisos Pasivos Permitidos/a_Guardar' is clickable

2021-11-22 09:01:07 - [TEST_STEP][PASSED] - click(findTestObject("Modulo Tarea Administracion Compensacion/Dias con Permisos Pasivos Permitidos/a_Guardar")): Object: 'Object Repository/Modulo Tarea Administracion Compensacion/Dias con Permisos Pasivos Permitidos/a_Guardar' is clicked on

2021-11-22 09:01:07 - [MESSAGE][PASSED] - Object: 'Object Repository/Modulo Tarea Administracion Compensacion/Dias con Permisos Pasivos Permitidos/a_Guardar' is clicked on

2021-11-22 09:01:07 - [TEST_STEP][PASSED] - waitForElementClickable(findTestObject("Modulo Tarea Administracion Compensacion/Dias con Permisos Pasivos Permitidos/a_Regresar"), G_TimeOut): Object 'Object Repository/Modulo Tarea Administracion Compensacion/Dias con Permisos Pasivos Permitidos/a_Regresar' is clickable

2021-11-22 09:01:09 - [MESSAGE][PASSED] - Object 'Object Repository/Modulo Tarea Administracion Compensacion/Dias con Permisos Pasivos Permitidos/a_Regresar' is clickable

2021-11-22 09:01:09 - [TEST_STEP][PASSED] - click(findTestObject("Modulo Tarea Administracion Compensacion/Dias con Permisos Pasivos Permitidos/a_Regresar")): Object: 'Object Repository/Modulo Tarea Administracion Compensacion/Dias con Permisos Pasivos Permitidos/a_Regresar' is clicked on

2021-11-22 09:01:10 - [MESSAGE][PASSED] - Object: 'Object Repository/Modulo Tarea Administracion Compensacion/Dias con Permisos Pasivos Permitidos/a_Regresar' is clicked on

2021-11-22 09:01:10 - [TEST_STEP][PASSED] - delay(3): Delayed 3 second(s)

2021-11-22 09:01:13 - [MESSAGE][PASSED] - Delayed 3 second(s)

2021-11-22 09:01:13 - [TEST_STEP][PASSED] - if (waitForElementClickable(findTestObject("Modulo Tarea Administracion Compensacion/Dias con Permisos Pasivos Permitidos/td_02062021"), 1)): null

2021-11-22 09:01:13 - [MESSAGE][PASSED] - Object 'Object Repository/Modulo Tarea Administracion Compensacion/Dias con Permisos Pasivos Permitidos/td_02062021' is clickable

2021-11-22 09:01:13 - [TEST_STEP][PASSED] - click(findTestObject("Modulo Tarea Administracion Compensacion/Dias con Permisos Pasivos Permitidos/td_02062021")): Object: 'Object Repository/Modulo Tarea Administracion Compensacion/Dias con Permisos Pasivos Permitidos/td_02062021' is clicked on

2021-11-22 09:01:14 - [MESSAGE][PASSED] - Object: 'Object Repository/Modulo Tarea Administracion Compensacion/Dias con Permisos Pasivos Permitidos/td_02062021' is clicked on

2021-11-22 09:01:14 - [TEST_STEP][PASSED] - waitForElementClickable(findTestObject("Modulo Tarea Administracion Compensacion/Dias con Permisos Pasivos Permitidos/a_Eliminar Directo_Solicitud"), 0): Object 'Object Repository/Modulo Tarea Administracion Compensacion/Dias con Permisos Pasivos Permitidos/a_Eliminar Directo_Solicitud' is clickable

2021-11-22 09:01:14 - [MESSAGE][WARNING] - Timeout '0' is invalid. Using default page load timeout: '30'

2021-11-22 09:01:15 - [MESSAGE][PASSED] - Object 'Object Repository/Modulo Tarea Administracion Compensacion/Dias con Permisos Pasivos Permitidos/a_Eliminar Directo_Solicitud' is clickable

2021-11-22 09:01:15 - [TEST_STEP][PASSED] - click(findTestObject("Modulo Tarea Administracion Compensacion/Dias con Permisos Pasivos Permitidos/a_Eliminar Directo_Solicitud")): Object: 'Object Repository/Modulo Tarea Administracion Compensacion/Dias con Permisos Pasivos Permitidos/a_Eliminar Directo_Solicitud' is clicked on

2021-11-22 09:01:15 - [MESSAGE][PASSED] - Object: 'Object Repository/Modulo Tarea Administracion Compensacion/Dias con Permisos Pasivos Permitidos/a_Eliminar Directo_Solicitud' is clicked on

2021-11-22 09:01:15 - [TEST_STEP][PASSED] - click(findTestObject("Modulo Tarea Administracion Compensacion/Dias con Permisos Pasivos Permitidos/a_Aceptar")): Object: 'Object Repository/Modulo Tarea Administracion Compensacion/Dias con Permisos Pasivos Permitidos/a_Aceptar' is clicked on

2021-11-22 09:01:17 - [MESSAGE][PASSED] - Object: 'Object Repository/Modulo Tarea Administracion Compensacion/Dias con Permisos Pasivos Permitidos/a_Aceptar' is clicked on

2021-11-22 09:01:17 - [TEST_STEP][PASSED] - waitForElementClickable(findTestObject("Modulo Tarea Administracion Compensacion/Dias con Permisos Pasivos Permitidos/a_Nueva Solicitud"), G_TimeOut): Object 'Object Repository/Modulo Tarea Administracion Compensacion/Dias con Permisos Pasivos Permitidos/a_Nueva Solicitud' is clickable

2021-11-22 09:01:18 - [MESSAGE][PASSED] - Object 'Object Repository/Modulo Tarea Administracion Compensacion/Dias con Permisos Pasivos Permitidos/a_Nueva Solicitud' is clickable

2021-11-22 09:01:18 - [TEST_STEP][PASSED] - click(findTestObject("Modulo Tarea Administracion Compensacion/Dias con Permisos Pasivos Permitidos/a_Nueva Solicitud")): Object: 'Object Repository/Modulo Tarea Administracion Compensacion/Dias con Permisos Pasivos Permitidos/a_Nueva Solicitud' is clicked on

2021-11-22 09:01:18 - [MESSAGE][PASSED] - Object: 'Object Repository/Modulo Tarea Administracion Compensacion/Dias con Permisos Pasivos Permitidos/a_Nueva Solicitud' is clicked on

2021-11-22 09:01:18 - [TEST_STEP][PASSED] - setText(findTestObject("Modulo Tarea Administracion Compensacion/Dias con Permisos Pasivos Permitidos/input_Salida Nomina_form_vacaciones"), "01/06/2021"): Text '01/06/2021' is set on object 'Object Repository/Modulo Tarea Administracion Compensacion/Dias con Permisos Pasivos Permitidos/input_Salida Nomina_form_vacaciones'

2021-11-22 09:01:19 - [MESSAGE][PASSED] - Text '01/06/2021' is set on object 'Object Repository/Modulo Tarea Administracion Compensacion/Dias con Permisos Pasivos Permitidos/input_Salida Nomina_form_vacaciones'

2021-11-22 09:01:19 - [TEST_STEP][PASSED] - sendKeys(findTestObject("Modulo Tarea Administracion Compensacion/Dias con Permisos Pasivos Permitidos/input_Salida Nomina_form_vacaciones"), Keys.chord(ENTER)): Keys 'ENTER + ' sent to object: 'Object Repository/Modulo Tarea Administracion Compensacion/Dias con Permisos Pasivos Permitidos/input_Salida Nomina_form_vacaciones'

2021-11-22 09:01:20 - [MESSAGE][PASSED] - Keys 'ENTER + ' sent to object: 'Object Repository/Modulo Tarea Administracion Compensacion/Dias con Permisos Pasivos Permitidos/input_Salida Nomina_form_vacaciones'

2021-11-22 09:01:20 - [TEST_STEP][PASSED] - selectOptionByIndex(findTestObject("Modulo Tarea Administracion Compensacion/Dias con Permisos Pasivos Permitidos/select_SeleccioneChequeEntidad_"), "3"): All options with index in [3] are selected on object 'Object Repository/Modulo Tarea Administracion Compensacion/Dias con Permisos Pasivos Permitidos/select_SeleccioneChequeEntidad_'

2021-11-22 09:01:21 - [MESSAGE][PASSED] - All options with index in [3] are selected on object 'Object Repository/Modulo Tarea Administracion Compensacion/Dias con Permisos Pasivos Permitidos/select_SeleccioneChequeEntidad_'

2021-11-22 09:01:21 - [TEST_STEP][PASSED] - setText(findTestObject("Modulo Tarea Administracion Compensacion/Dias con Permisos Pasivos Permitidos/input_Pago_form_vacacionesEmpleado"), "01/06/2021"): Text '01/06/2021' is set on object 'Object Repository/Modulo Tarea Administracion Compensacion/Dias con Permisos Pasivos Permitidos/input_Pago_form_vacacionesEmpleado'

2021-11-22 09:01:22 - [MESSAGE][PASSED] - Text '01/06/2021' is set on object 'Object Repository/Modulo Tarea Administracion Compensacion/Dias con Permisos Pasivos Permitidos/input_Pago_form_vacacionesEmpleado'

2021-11-22 09:01:22 - [TEST_STEP][PASSED] - sendKeys(findTestObject("Modulo Tarea Administracion Compensacion/Dias con Permisos Pasivos Permitidos/input_Pago_form_vacacionesEmpleado"), Keys.chord(ENTER)): Keys 'ENTER + ' sent to object: 'Object Repository/Modulo Tarea Administracion Compensacion/Dias con Permisos Pasivos Permitidos/input_Pago_form_vacacionesEmpleado'

2021-11-22 09:01:23 - [MESSAGE][PASSED] - Keys 'ENTER + ' sent to object: 'Object Repository/Modulo Tarea Administracion Compensacion/Dias con Permisos Pasivos Permitidos/input_Pago_form_vacacionesEmpleado'

2021-11-22 09:01:23 - [TEST_STEP][PASSED] - setText(findTestObject("Modulo Tarea Administracion Compensacion/Dias con Permisos Pasivos Permitidos/input_Disfrute_form_vacacionesEmpleado"), "1"): Text '1' is set on object 'Object Repository/Modulo Tarea Administracion Compensacion/Dias con Permisos Pasivos Permitidos/input_Disfrute_form_vacacionesEmpleado'

2021-11-22 09:01:23 - [MESSAGE][PASSED] - Text '1' is set on object 'Object Repository/Modulo Tarea Administracion Compensacion/Dias con Permisos Pasivos Permitidos/input_Disfrute_form_vacacionesEmpleado'

2021-11-22 09:01:23 - [TEST_STEP][PASSED] - setText(findTestObject("Modulo Tarea Administracion Compensacion/Dias con Permisos Pasivos Permitidos/input_Compensados_form_vacaciones"), "1"): Text '1' is set on object 'Object Repository/Modulo Tarea Administracion Compensacion/Dias con Permisos Pasivos Permitidos/input_Compensados_form_vacaciones'

2021-11-22 09:01:24 - [MESSAGE][PASSED] - Text '1' is set on object 'Object Repository/Modulo Tarea Administracion Compensacion/Dias con Permisos Pasivos Permitidos/input_Compensados_form_vacaciones'

2021-11-22 09:01:24 - [TEST_STEP][PASSED] - setText(findTestObject("Modulo Tarea Administracion Compensacion/Dias con Permisos Pasivos Permitidos/textarea_Observacin_form_vacaciones"), "Pruebas sara"): Text 'Pruebas sara' is set on object 'Object Repository/Modulo Tarea Administracion Compensacion/Dias con Permisos Pasivos Permitidos/textarea_Observacin_form_vacaciones'

2021-11-22 09:01:25 - [MESSAGE][PASSED] - Text 'Pruebas sara' is set on object 'Object Repository/Modulo Tarea Administracion Compensacion/Dias con Permisos Pasivos Permitidos/textarea_Observacin_form_vacaciones'

2021-11-22 09:01:25 - [TEST_STEP][PASSED] - waitForElementClickable(findTestObject("Modulo Tarea Administracion Compensacion/Dias con Permisos Pasivos Permitidos/a_Verificar"), G_TimeOut): Object 'Object Repository/Modulo Tarea Administracion Compensacion/Dias con Permisos Pasivos Permitidos/a_Verificar' is clickable

2021-11-22 09:01:25 - [MESSAGE][PASSED] - Object 'Object Repository/Modulo Tarea Administracion Compensacion/Dias con Permisos Pasivos Permitidos/a_Verificar' is clickable

2021-11-22 09:01:25 - [TEST_STEP][PASSED] - click(findTestObject("Modulo Tarea Administracion Compensacion/Dias con Permisos Pasivos Permitidos/a_Verificar")): Object: 'Object Repository/Modulo Tarea Administracion Compensacion/Dias con Permisos Pasivos Permitidos/a_Verificar' is clicked on

2021-11-22 09:01:26 - [MESSAGE][PASSED] - Object: 'Object Repository/Modulo Tarea Administracion Compensacion/Dias con Permisos Pasivos Permitidos/a_Verificar' is clicked on

2021-11-22 09:01:26 - [TEST_STEP][PASSED] - waitForElementClickable(findTestObject("Modulo Tarea Administracion Compensacion/Dias con Permisos Pasivos Permitidos/a_Guardar_solicitudes"), 0): Object 'Object Repository/Modulo Tarea Administracion Compensacion/Dias con Permisos Pasivos Permitidos/a_Guardar_solicitudes' is clickable

2021-11-22 09:01:26 - [MESSAGE][WARNING] - Timeout '0' is invalid. Using default page load timeout: '30'

2021-11-22 09:01:29 - [MESSAGE][PASSED] - Object 'Object Repository/Modulo Tarea Administracion Compensacion/Dias con Permisos Pasivos Permitidos/a_Guardar_solicitudes' is clickable

2021-11-22 09:01:29 - [TEST_STEP][PASSED] - click(findTestObject("Modulo Tarea Administracion Compensacion/Dias con Permisos Pasivos Permitidos/a_Guardar_solicitudes")): Object: 'Object Repository/Modulo Tarea Administracion Compensacion/Dias con Permisos Pasivos Permitidos/a_Guardar_solicitudes' is clicked on

2021-11-22 09:01:30 - [MESSAGE][PASSED] - Object: 'Object Repository/Modulo Tarea Administracion Compensacion/Dias con Permisos Pasivos Permitidos/a_Guardar_solicitudes' is clicked on

2021-11-22 09:01:30 - [TEST_STEP][PASSED] - getText(findTestObject("Alerta/Alerta")): Text of object 'Object Repository/Alerta/Alerta' is: 'Se modifico exitosamente su solicitud'

2021-11-22 09:01:30 - [MESSAGE][PASSED] - Text of object 'Object Repository/Alerta/Alerta' is: 'Se modifico exitosamente su solicitud'

2021-11-22 09:01:30 - [TEST_STEP][PASSED] - click(findTestObject("Modulo Tarea Administracion Compensacion/Dias con Permisos Pasivos Permitidos/a_Regresar_vacaciones")): Object: 'Object Repository/Modulo Tarea Administracion Compensacion/Dias con Permisos Pasivos Permitidos/a_Regresar_vacaciones' is clicked on

2021-11-22 09:01:31 - [MESSAGE][PASSED] - Object: 'Object Repository/Modulo Tarea Administracion Compensacion/Dias con Permisos Pasivos Permitidos/a_Regresar_vacaciones' is clicked on

2021-11-22 09:01:31 - [MESSAGE][PASSED] - Call Test Case 'Test Cases/1.1-Tareas Principales/1.1.6-crear vacaciones' successfully

2021-11-22 09:01:31 - [TEST_STEP][PASSED] - delay(2): Delayed 2 second(s)

2021-11-22 09:01:33 - [MESSAGE][PASSED] - Delayed 2 second(s)

2021-11-22 09:01:33 - [TEST_STEP][PASSED] - setText(findTestObject("Modulo Tarea Administracion Compensacion/Generar Vacaciones/input_Listado de Empleados_form_templatej_idt24_input"), "Generacion Vacaciones"): Text 'Generacion Vacaciones' is set on object 'Object Repository/Modulo Tarea Administracion Compensacion/Generar Vacaciones/input_Listado de Empleados_form_templatej_idt24_input'

2021-11-22 09:01:34 - [MESSAGE][PASSED] - Text 'Generacion Vacaciones' is set on object 'Object Repository/Modulo Tarea Administracion Compensacion/Generar Vacaciones/input_Listado de Empleados_form_templatej_idt24_input'

2021-11-22 09:01:34 - [TEST_STEP][PASSED] - delay(1): Delayed 1 second(s)

2021-11-22 09:01:35 - [MESSAGE][PASSED] - Delayed 1 second(s)

2021-11-22 09:01:35 - [TEST_STEP][PASSED] - waitForElementClickable(findTestObject("Modulo Tarea Administracion Compensacion/Generar Vacaciones/a_Generacin"), G_TimeOut): Object 'Object Repository/Modulo Tarea Administracion Compensacion/Generar Vacaciones/a_Generacin' is clickable

2021-11-22 09:01:35 - [MESSAGE][PASSED] - Object 'Object Repository/Modulo Tarea Administracion Compensacion/Generar Vacaciones/a_Generacin' is clickable

2021-11-22 09:01:35 - [TEST_STEP][PASSED] - sendKeys(findTestObject("Modulo Tarea Administracion Compensacion/Generar Vacaciones/input_Listado de Empleados_form_templatej_idt24_input"), Keys.chord(ENTER)): Keys 'ENTER + ' sent to object: 'Object Repository/Modulo Tarea Administracion Compensacion/Generar Vacaciones/input_Listado de Empleados_form_templatej_idt24_input'

2021-11-22 09:01:36 - [MESSAGE][PASSED] - Keys 'ENTER + ' sent to object: 'Object Repository/Modulo Tarea Administracion Compensacion/Generar Vacaciones/input_Listado de Empleados_form_templatej_idt24_input'

2021-11-22 09:01:36 - [TEST_STEP][PASSED] - click(findTestObject("Modulo Tarea Administracion Compensacion/Generar Vacaciones/a_Generacin")): Object: 'Object Repository/Modulo Tarea Administracion Compensacion/Generar Vacaciones/a_Generacin' is clicked on

2021-11-22 09:01:37 - [MESSAGE][PASSED] - Object: 'Object Repository/Modulo Tarea Administracion Compensacion/Generar Vacaciones/a_Generacin' is clicked on

2021-11-22 09:01:37 - [TEST_STEP][PASSED] - waitForElementClickable(findTestObject("Modulo Tarea Administracion Compensacion/Generar Vacaciones/select_--Seleccione--ChequeEntidad de PagoPeriodo de Nomina"), G_TimeOut): Object 'Object Repository/Modulo Tarea Administracion Compensacion/Generar Vacaciones/select_--Seleccione--ChequeEntidad de PagoPeriodo de Nomina' is clickable

2021-11-22 09:01:38 - [MESSAGE][PASSED] - Object 'Object Repository/Modulo Tarea Administracion Compensacion/Generar Vacaciones/select_--Seleccione--ChequeEntidad de PagoPeriodo de Nomina' is clickable

2021-11-22 09:01:38 - [TEST_STEP][PASSED] - click(findTestObject("Modulo Tarea Administracion Compensacion/Generar Vacaciones/select_--Seleccione--ChequeEntidad de PagoPeriodo de Nomina")): Object: 'Object Repository/Modulo Tarea Administracion Compensacion/Generar Vacaciones/select_--Seleccione--ChequeEntidad de PagoPeriodo de Nomina' is clicked on

2021-11-22 09:01:38 - [MESSAGE][PASSED] - Object: 'Object Repository/Modulo Tarea Administracion Compensacion/Generar Vacaciones/select_--Seleccione--ChequeEntidad de PagoPeriodo de Nomina' is clicked on

2021-11-22 09:01:38 - [TEST_STEP][PASSED] - selectOptionByIndex(findTestObject("Modulo Tarea Administracion Compensacion/Generar Vacaciones/select_--Seleccione--ChequeEntidad de PagoPeriodo de Nomina"), "3"): All options with index in [3] are selected on object 'Object Repository/Modulo Tarea Administracion Compensacion/Generar Vacaciones/select_--Seleccione--ChequeEntidad de PagoPeriodo de Nomina'

2021-11-22 09:01:40 - [MESSAGE][PASSED] - All options with index in [3] are selected on object 'Object Repository/Modulo Tarea Administracion Compensacion/Generar Vacaciones/select_--Seleccione--ChequeEntidad de PagoPeriodo de Nomina'

2021-11-22 09:01:40 - [TEST_STEP][PASSED] - waitForElementClickable(findTestObject("Modulo Tarea Administracion Compensacion/Generar Vacaciones/a_Periodo Nomina_btn_popupInformacion"), G_TimeOut): Object 'Object Repository/Modulo Tarea Administracion Compensacion/Generar Vacaciones/a_Periodo Nomina_btn_popupInformacion' is clickable

2021-11-22 09:01:40 - [MESSAGE][PASSED] - Object 'Object Repository/Modulo Tarea Administracion Compensacion/Generar Vacaciones/a_Periodo Nomina_btn_popupInformacion' is clickable

2021-11-22 09:01:40 - [TEST_STEP][PASSED] - click(findTestObject("Modulo Tarea Administracion Compensacion/Generar Vacaciones/a_Periodo Nomina_btn_popupInformacion")): Object: 'Object Repository/Modulo Tarea Administracion Compensacion/Generar Vacaciones/a_Periodo Nomina_btn_popupInformacion' is clicked on

2021-11-22 09:01:41 - [MESSAGE][PASSED] - Object: 'Object Repository/Modulo Tarea Administracion Compensacion/Generar Vacaciones/a_Periodo Nomina_btn_popupInformacion' is clicked on

2021-11-22 09:01:41 - [TEST_STEP][PASSED] - waitForElementClickable(findTestObject("Modulo Tarea Administracion Compensacion/Generar Vacaciones/span_P MensualJunio2021"), G_TimeOut): Object 'Object Repository/Modulo Tarea Administracion Compensacion/Generar Vacaciones/span_P MensualJunio2021' is clickable

2021-11-22 09:01:43 - [MESSAGE][PASSED] - Object 'Object Repository/Modulo Tarea Administracion Compensacion/Generar Vacaciones/span_P MensualJunio2021' is clickable

2021-11-22 09:01:43 - [TEST_STEP][PASSED] - click(findTestObject("Modulo Tarea Administracion Compensacion/Generar Vacaciones/span_P MensualJunio2021")): Object: 'Object Repository/Modulo Tarea Administracion Compensacion/Generar Vacaciones/span_P MensualJunio2021' is clicked on

2021-11-22 09:01:43 - [MESSAGE][PASSED] - Object: 'Object Repository/Modulo Tarea Administracion Compensacion/Generar Vacaciones/span_P MensualJunio2021' is clicked on

2021-11-22 09:01:43 - [TEST_STEP][PASSED] - waitForElementClickable(findTestObject("Modulo Tarea Administracion Compensacion/Generar Vacaciones/a_Filtrar"), G_TimeOut): Object 'Object Repository/Modulo Tarea Administracion Compensacion/Generar Vacaciones/a_Filtrar' is clickable

2021-11-22 09:01:44 - [MESSAGE][PASSED] - Object 'Object Repository/Modulo Tarea Administracion Compensacion/Generar Vacaciones/a_Filtrar' is clickable

2021-11-22 09:01:44 - [TEST_STEP][PASSED] - click(findTestObject("Modulo Tarea Administracion Compensacion/Generar Vacaciones/a_Filtrar")): Object: 'Object Repository/Modulo Tarea Administracion Compensacion/Generar Vacaciones/a_Filtrar' is clicked on

2021-11-22 09:01:44 - [MESSAGE][PASSED] - Object: 'Object Repository/Modulo Tarea Administracion Compensacion/Generar Vacaciones/a_Filtrar' is clicked on

2021-11-22 09:01:44 - [TEST_STEP][PASSED] - waitForElementClickable(findTestObject("Modulo Tarea Administracion Compensacion/Generar Vacaciones/div_Detalle_ui-chkbox-box ui-widget ui-corner-all ui-state-default"), G_TimeOut): Object 'Object Repository/Modulo Tarea Administracion Compensacion/Generar Vacaciones/div_Detalle_ui-chkbox-box ui-widget ui-corner-all ui-state-default' is clickable

2021-11-22 09:01:45 - [MESSAGE][PASSED] - Object 'Object Repository/Modulo Tarea Administracion Compensacion/Generar Vacaciones/div_Detalle_ui-chkbox-box ui-widget ui-corner-all ui-state-default' is clickable

2021-11-22 09:01:45 - [TEST_STEP][PASSED] - click(findTestObject("Modulo Tarea Administracion Compensacion/Generar Vacaciones/div_Detalle_ui-chkbox-box ui-widget ui-corner-all ui-state-default")): Object: 'Object Repository/Modulo Tarea Administracion Compensacion/Generar Vacaciones/div_Detalle_ui-chkbox-box ui-widget ui-corner-all ui-state-default' is clicked on

2021-11-22 09:01:45 - [MESSAGE][PASSED] - Object: 'Object Repository/Modulo Tarea Administracion Compensacion/Generar Vacaciones/div_Detalle_ui-chkbox-box ui-widget ui-corner-all ui-state-default' is clicked on

2021-11-22 09:01:45 - [TEST_STEP][PASSED] - waitForElementClickable(findTestObject("Modulo Tarea Administracion Compensacion/Generar Vacaciones/a_Aplicar"), G_TimeOut): Web element with id: 'Object Repository/Modulo Tarea Administracion Compensacion/Generar Vacaciones/a_Aplicar' located by '//table[4]/tbody/tr/td/a' not found

2021-11-22 09:01:57 - [MESSAGE][INFO] - Unable to find the element located by 'By.xpath: //table[4]/tbody/tr/td/a'. Please recheck the objects properties to make sure the desired element is located. 

2021-11-22 09:01:57 - [MESSAGE][WARNING] - Web element with id: 'Object Repository/Modulo Tarea Administracion Compensacion/Generar Vacaciones/a_Aplicar' located by '//table[4]/tbody/tr/td/a' not found

2021-11-22 09:01:57 - [TEST_STEP][FAILED] - click(findTestObject("Modulo Tarea Administracion Compensacion/Generar Vacaciones/a_Aplicar")): Unable to click on object 'Object Repository/Modulo Tarea Administracion Compensacion/Generar Vacaciones/a_Aplicar' (Root cause: com.kms.katalon.core.exception.StepFailedException: Unable to click on object 'Object Repository/Modulo Tarea Administracion Compensacion/Generar Vacaciones/a_Aplicar'
	at com.kms.katalon.core.webui.keyword.internal.WebUIKeywordMain.stepFailed(WebUIKeywordMain.groovy:64)
	at com.kms.katalon.core.webui.keyword.internal.WebUIKeywordMain.runKeyword(WebUIKeywordMain.groovy:26)
	at com.kms.katalon.core.webui.keyword.builtin.ClickKeyword.click(ClickKeyword.groovy:74)
	at com.kms.katalon.core.webui.keyword.builtin.ClickKeyword.execute(ClickKeyword.groovy:40)
	at com.kms.katalon.core.keyword.internal.KeywordExecutor.executeKeywordForPlatform(KeywordExecutor.groovy:74)
	at com.kms.katalon.core.webui.keyword.WebUiBuiltInKeywords.click(WebUiBuiltInKeywords.groovy:620)
	at com.kms.katalon.core.webui.keyword.WebUiBuiltInKeywords$click$5.call(Unknown Source)
	at 1.1.7-Generar Vacaciones.run(1.1.7-Generar Vacaciones:65)
	at com.kms.katalon.core.main.ScriptEngine.run(ScriptEngine.java:194)
	at com.kms.katalon.core.main.ScriptEngine.runScriptAsRawText(ScriptEngine.java:119)
	at com.kms.katalon.core.main.TestCaseExecutor.runScript(TestCaseExecutor.java:442)
	at com.kms.katalon.core.main.TestCaseExecutor.doExecute(TestCaseExecutor.java:433)
	at com.kms.katalon.core.main.TestCaseExecutor.processExecutionPhase(TestCaseExecutor.java:412)
	at com.kms.katalon.core.main.TestCaseExecutor.accessMainPhase(TestCaseExecutor.java:404)
	at com.kms.katalon.core.main.TestCaseExecutor.execute(TestCaseExecutor.java:281)
	at com.kms.katalon.core.main.TestCaseMain.runTestCase(TestCaseMain.java:138)
	at com.kms.katalon.core.keyword.builtin.CallTestCaseKeyword$_callTestCase_closure1.doCall(CallTestCaseKeyword.groovy:59)
	at com.kms.katalon.core.keyword.builtin.CallTestCaseKeyword$_callTestCase_closure1.call(CallTestCaseKeyword.groovy)
	at com.kms.katalon.core.keyword.internal.KeywordMain.runKeyword(KeywordMain.groovy:74)
	at com.kms.katalon.core.keyword.builtin.CallTestCaseKeyword.callTestCase(CallTestCaseKeyword.groovy:81)
	at com.kms.katalon.core.keyword.builtin.CallTestCaseKeyword.execute(CallTestCaseKeyword.groovy:44)
	at com.kms.katalon.core.keyword.internal.KeywordExecutor.executeKeywordForPlatform(KeywordExecutor.groovy:74)
	at com.kms.katalon.core.keyword.BuiltinKeywords.callTestCase(BuiltinKeywords.groovy:334)
	at 1.1.8-Mantenimiento de Vacaciones Reliquidar.run(1.1.8-Mantenimiento de Vacaciones Reliquidar:40)
	at com.kms.katalon.core.main.ScriptEngine.run(ScriptEngine.java:194)
	at com.kms.katalon.core.main.ScriptEngine.runScriptAsRawText(ScriptEngine.java:119)
	at com.kms.katalon.core.main.TestCaseExecutor.runScript(TestCaseExecutor.java:442)
	at com.kms.katalon.core.main.TestCaseExecutor.doExecute(TestCaseExecutor.java:433)
	at com.kms.katalon.core.main.TestCaseExecutor.processExecutionPhase(TestCaseExecutor.java:412)
	at com.kms.katalon.core.main.TestCaseExecutor.accessMainPhase(TestCaseExecutor.java:404)
	at com.kms.katalon.core.main.TestCaseExecutor.execute(TestCaseExecutor.java:281)
	at com.kms.katalon.core.main.TestCaseMain.runTestCase(TestCaseMain.java:138)
	at com.kms.katalon.core.keyword.builtin.CallTestCaseKeyword$_callTestCase_closure1.doCall(CallTestCaseKeyword.groovy:59)
	at com.kms.katalon.core.keyword.builtin.CallTestCaseKeyword$_callTestCase_closure1.call(CallTestCaseKeyword.groovy)
	at com.kms.katalon.core.keyword.internal.KeywordMain.runKeyword(KeywordMain.groovy:74)
	at com.kms.katalon.core.keyword.builtin.CallTestCaseKeyword.callTestCase(CallTestCaseKeyword.groovy:81)
	at com.kms.katalon.core.keyword.builtin.CallTestCaseKeyword.execute(CallTestCaseKeyword.groovy:44)
	at com.kms.katalon.core.keyword.internal.KeywordExecutor.executeKeywordForPlatform(KeywordExecutor.groovy:74)
	at com.kms.katalon.core.keyword.BuiltinKeywords.callTestCase(BuiltinKeywords.groovy:334)
	at 1.2.1-Reversar Vacaciones.run(1.2.1-Reversar Vacaciones:18)
	at com.kms.katalon.core.main.ScriptEngine.run(ScriptEngine.java:194)
	at com.kms.katalon.core.main.ScriptEngine.runScriptAsRawText(ScriptEngine.java:119)
	at com.kms.katalon.core.main.TestCaseExecutor.runScript(TestCaseExecutor.java:442)
	at com.kms.katalon.core.main.TestCaseExecutor.doExecute(TestCaseExecutor.java:433)
	at com.kms.katalon.core.main.TestCaseExecutor.processExecutionPhase(TestCaseExecutor.java:412)
	at com.kms.katalon.core.main.TestCaseExecutor.accessMainPhase(TestCaseExecutor.java:404)
	at com.kms.katalon.core.main.TestCaseExecutor.execute(TestCaseExecutor.java:281)
	at com.kms.katalon.core.main.TestSuiteExecutor.accessTestCaseMainPhase(TestSuiteExecutor.java:202)
	at com.kms.katalon.core.main.TestSuiteExecutor.accessTestSuiteMainPhase(TestSuiteExecutor.java:164)
	at com.kms.katalon.core.main.TestSuiteExecutor.execute(TestSuiteExecutor.java:105)
	at com.kms.katalon.core.main.TestCaseMain.startTestSuite(TestCaseMain.java:181)
	at com.kms.katalon.core.main.TestCaseMain$startTestSuite$0.call(Unknown Source)
	at TempTestSuite1637588847917.run(TempTestSuite1637588847917.groovy:36)
Caused by: com.kms.katalon.core.webui.exception.WebElementNotFoundException: Web element with id: 'Object Repository/Modulo Tarea Administracion Compensacion/Generar Vacaciones/a_Aplicar' located by '//table[4]/tbody/tr/td/a' not found
	at com.kms.katalon.core.webui.common.WebUiCommonHelper.findWebElement(WebUiCommonHelper.java:1368)
	at com.kms.katalon.core.webui.keyword.internal.WebUIAbstractKeyword.findWebElement(WebUIAbstractKeyword.groovy:27)
	at com.kms.katalon.core.webui.keyword.builtin.ClickKeyword$_click_closure1.doCall(ClickKeyword.groovy:65)
	at com.kms.katalon.core.webui.keyword.builtin.ClickKeyword$_click_closure1.call(ClickKeyword.groovy)
	at com.kms.katalon.core.webui.keyword.internal.WebUIKeywordMain.runKeyword(WebUIKeywordMain.groovy:20)
	at com.kms.katalon.core.webui.keyword.builtin.ClickKeyword.click(ClickKeyword.groovy:74)
	at com.kms.katalon.core.webui.keyword.builtin.ClickKeyword.execute(ClickKeyword.groovy:40)
	at com.kms.katalon.core.keyword.internal.KeywordExecutor.executeKeywordForPlatform(KeywordExecutor.groovy:74)
	at com.kms.katalon.core.webui.keyword.WebUiBuiltInKeywords.click(WebUiBuiltInKeywords.groovy:620)
	at com.kms.katalon.core.webui.keyword.WebUiBuiltInKeywords$click$5.call(Unknown Source)
	at Script1548864467260.run(Script1548864467260.groovy:65)
	at com.kms.katalon.core.main.ScriptEngine.run(ScriptEngine.java:194)
	at com.kms.katalon.core.main.ScriptEngine.runScriptAsRawText(ScriptEngine.java:119)
	at com.kms.katalon.core.main.TestCaseExecutor.runScript(TestCaseExecutor.java:442)
	at com.kms.katalon.core.main.TestCaseExecutor.doExecute(TestCaseExecutor.java:433)
	at com.kms.katalon.core.main.TestCaseExecutor.processExecutionPhase(TestCaseExecutor.java:412)
	at com.kms.katalon.core.main.TestCaseExecutor.accessMainPhase(TestCaseExecutor.java:404)
	at com.kms.katalon.core.main.TestCaseExecutor.execute(TestCaseExecutor.java:281)
	at com.kms.katalon.core.main.TestCaseMain.runTestCase(TestCaseMain.java:138)
	at com.kms.katalon.core.keyword.builtin.CallTestCaseKeyword$_callTestCase_closure1.doCall(CallTestCaseKeyword.groovy:59)
	at com.kms.katalon.core.keyword.builtin.CallTestCaseKeyword$_callTestCase_closure1.call(CallTestCaseKeyword.groovy)
	at com.kms.katalon.core.keyword.internal.KeywordMain.runKeyword(KeywordMain.groovy:74)
	at com.kms.katalon.core.keyword.builtin.CallTestCaseKeyword.callTestCase(CallTestCaseKeyword.groovy:81)
	at com.kms.katalon.core.keyword.builtin.CallTestCaseKeyword.execute(CallTestCaseKeyword.groovy:44)
	at com.kms.katalon.core.keyword.internal.KeywordExecutor.executeKeywordForPlatform(KeywordExecutor.groovy:74)
	at com.kms.katalon.core.keyword.BuiltinKeywords.callTestCase(BuiltinKeywords.groovy:334)
	at Script1548864505129.run(Script1548864505129.groovy:40)
	at com.kms.katalon.core.main.ScriptEngine.run(ScriptEngine.java:194)
	at com.kms.katalon.core.main.ScriptEngine.runScriptAsRawText(ScriptEngine.java:119)
	at com.kms.katalon.core.main.TestCaseExecutor.runScript(TestCaseExecutor.java:442)
	at com.kms.katalon.core.main.TestCaseExecutor.doExecute(TestCaseExecutor.java:433)
	at com.kms.katalon.core.main.TestCaseExecutor.processExecutionPhase(TestCaseExecutor.java:412)
	at com.kms.katalon.core.main.TestCaseExecutor.accessMainPhase(TestCaseExecutor.java:404)
	at com.kms.katalon.core.main.TestCaseExecutor.execute(TestCaseExecutor.java:281)
	at com.kms.katalon.core.main.TestCaseMain.runTestCase(TestCaseMain.java:138)
	at com.kms.katalon.core.keyword.builtin.CallTestCaseKeyword$_callTestCase_closure1.doCall(CallTestCaseKeyword.groovy:59)
	at com.kms.katalon.core.keyword.builtin.CallTestCaseKeyword$_callTestCase_closure1.call(CallTestCaseKeyword.groovy)
	at com.kms.katalon.core.keyword.internal.KeywordMain.runKeyword(KeywordMain.groovy:74)
	at com.kms.katalon.core.keyword.builtin.CallTestCaseKeyword.callTestCase(CallTestCaseKeyword.groovy:81)
	at com.kms.katalon.core.keyword.builtin.CallTestCaseKeyword.execute(CallTestCaseKeyword.groovy:44)
	at com.kms.katalon.core.keyword.internal.KeywordExecutor.executeKeywordForPlatform(KeywordExecutor.groovy:74)
	at com.kms.katalon.core.keyword.BuiltinKeywords.callTestCase(BuiltinKeywords.groovy:334)
	at Script1548864667831.run(Script1548864667831.groovy:18)
	... 13 more
)

2021-11-22 09:02:28 - [MESSAGE][INFO] - Unable to find the element located by 'By.xpath: //table[4]/tbody/tr/td/a'. Please recheck the objects properties to make sure the desired element is located. 

2021-11-22 09:02:28 - [MESSAGE][FAILED] - Unable to click on object 'Object Repository/Modulo Tarea Administracion Compensacion/Generar Vacaciones/a_Aplicar' (Root cause: com.kms.katalon.core.exception.StepFailedException: Unable to click on object 'Object Repository/Modulo Tarea Administracion Compensacion/Generar Vacaciones/a_Aplicar'
	at com.kms.katalon.core.webui.keyword.internal.WebUIKeywordMain.stepFailed(WebUIKeywordMain.groovy:64)
	at com.kms.katalon.core.webui.keyword.internal.WebUIKeywordMain.runKeyword(WebUIKeywordMain.groovy:26)
	at com.kms.katalon.core.webui.keyword.builtin.ClickKeyword.click(ClickKeyword.groovy:74)
	at com.kms.katalon.core.webui.keyword.builtin.ClickKeyword.execute(ClickKeyword.groovy:40)
	at com.kms.katalon.core.keyword.internal.KeywordExecutor.executeKeywordForPlatform(KeywordExecutor.groovy:74)
	at com.kms.katalon.core.webui.keyword.WebUiBuiltInKeywords.click(WebUiBuiltInKeywords.groovy:620)
	at com.kms.katalon.core.webui.keyword.WebUiBuiltInKeywords$click$5.call(Unknown Source)
	at 1.1.7-Generar Vacaciones.run(1.1.7-Generar Vacaciones:65)
	at com.kms.katalon.core.main.ScriptEngine.run(ScriptEngine.java:194)
	at com.kms.katalon.core.main.ScriptEngine.runScriptAsRawText(ScriptEngine.java:119)
	at com.kms.katalon.core.main.TestCaseExecutor.runScript(TestCaseExecutor.java:442)
	at com.kms.katalon.core.main.TestCaseExecutor.doExecute(TestCaseExecutor.java:433)
	at com.kms.katalon.core.main.TestCaseExecutor.processExecutionPhase(TestCaseExecutor.java:412)
	at com.kms.katalon.core.main.TestCaseExecutor.accessMainPhase(TestCaseExecutor.java:404)
	at com.kms.katalon.core.main.TestCaseExecutor.execute(TestCaseExecutor.java:281)
	at com.kms.katalon.core.main.TestCaseMain.runTestCase(TestCaseMain.java:138)
	at com.kms.katalon.core.keyword.builtin.CallTestCaseKeyword$_callTestCase_closure1.doCall(CallTestCaseKeyword.groovy:59)
	at com.kms.katalon.core.keyword.builtin.CallTestCaseKeyword$_callTestCase_closure1.call(CallTestCaseKeyword.groovy)
	at com.kms.katalon.core.keyword.internal.KeywordMain.runKeyword(KeywordMain.groovy:74)
	at com.kms.katalon.core.keyword.builtin.CallTestCaseKeyword.callTestCase(CallTestCaseKeyword.groovy:81)
	at com.kms.katalon.core.keyword.builtin.CallTestCaseKeyword.execute(CallTestCaseKeyword.groovy:44)
	at com.kms.katalon.core.keyword.internal.KeywordExecutor.executeKeywordForPlatform(KeywordExecutor.groovy:74)
	at com.kms.katalon.core.keyword.BuiltinKeywords.callTestCase(BuiltinKeywords.groovy:334)
	at 1.1.8-Mantenimiento de Vacaciones Reliquidar.run(1.1.8-Mantenimiento de Vacaciones Reliquidar:40)
	at com.kms.katalon.core.main.ScriptEngine.run(ScriptEngine.java:194)
	at com.kms.katalon.core.main.ScriptEngine.runScriptAsRawText(ScriptEngine.java:119)
	at com.kms.katalon.core.main.TestCaseExecutor.runScript(TestCaseExecutor.java:442)
	at com.kms.katalon.core.main.TestCaseExecutor.doExecute(TestCaseExecutor.java:433)
	at com.kms.katalon.core.main.TestCaseExecutor.processExecutionPhase(TestCaseExecutor.java:412)
	at com.kms.katalon.core.main.TestCaseExecutor.accessMainPhase(TestCaseExecutor.java:404)
	at com.kms.katalon.core.main.TestCaseExecutor.execute(TestCaseExecutor.java:281)
	at com.kms.katalon.core.main.TestCaseMain.runTestCase(TestCaseMain.java:138)
	at com.kms.katalon.core.keyword.builtin.CallTestCaseKeyword$_callTestCase_closure1.doCall(CallTestCaseKeyword.groovy:59)
	at com.kms.katalon.core.keyword.builtin.CallTestCaseKeyword$_callTestCase_closure1.call(CallTestCaseKeyword.groovy)
	at com.kms.katalon.core.keyword.internal.KeywordMain.runKeyword(KeywordMain.groovy:74)
	at com.kms.katalon.core.keyword.builtin.CallTestCaseKeyword.callTestCase(CallTestCaseKeyword.groovy:81)
	at com.kms.katalon.core.keyword.builtin.CallTestCaseKeyword.execute(CallTestCaseKeyword.groovy:44)
	at com.kms.katalon.core.keyword.internal.KeywordExecutor.executeKeywordForPlatform(KeywordExecutor.groovy:74)
	at com.kms.katalon.core.keyword.BuiltinKeywords.callTestCase(BuiltinKeywords.groovy:334)
	at 1.2.1-Reversar Vacaciones.run(1.2.1-Reversar Vacaciones:18)
	at com.kms.katalon.core.main.ScriptEngine.run(ScriptEngine.java:194)
	at com.kms.katalon.core.main.ScriptEngine.runScriptAsRawText(ScriptEngine.java:119)
	at com.kms.katalon.core.main.TestCaseExecutor.runScript(TestCaseExecutor.java:442)
	at com.kms.katalon.core.main.TestCaseExecutor.doExecute(TestCaseExecutor.java:433)
	at com.kms.katalon.core.main.TestCaseExecutor.processExecutionPhase(TestCaseExecutor.java:412)
	at com.kms.katalon.core.main.TestCaseExecutor.accessMainPhase(TestCaseExecutor.java:404)
	at com.kms.katalon.core.main.TestCaseExecutor.execute(TestCaseExecutor.java:281)
	at com.kms.katalon.core.main.TestSuiteExecutor.accessTestCaseMainPhase(TestSuiteExecutor.java:202)
	at com.kms.katalon.core.main.TestSuiteExecutor.accessTestSuiteMainPhase(TestSuiteExecutor.java:164)
	at com.kms.katalon.core.main.TestSuiteExecutor.execute(TestSuiteExecutor.java:105)
	at com.kms.katalon.core.main.TestCaseMain.startTestSuite(TestCaseMain.java:181)
	at com.kms.katalon.core.main.TestCaseMain$startTestSuite$0.call(Unknown Source)
	at TempTestSuite1637588847917.run(TempTestSuite1637588847917.groovy:36)
Caused by: com.kms.katalon.core.webui.exception.WebElementNotFoundException: Web element with id: 'Object Repository/Modulo Tarea Administracion Compensacion/Generar Vacaciones/a_Aplicar' located by '//table[4]/tbody/tr/td/a' not found
	at com.kms.katalon.core.webui.common.WebUiCommonHelper.findWebElement(WebUiCommonHelper.java:1368)
	at com.kms.katalon.core.webui.keyword.internal.WebUIAbstractKeyword.findWebElement(WebUIAbstractKeyword.groovy:27)
	at com.kms.katalon.core.webui.keyword.builtin.ClickKeyword$_click_closure1.doCall(ClickKeyword.groovy:65)
	at com.kms.katalon.core.webui.keyword.builtin.ClickKeyword$_click_closure1.call(ClickKeyword.groovy)
	at com.kms.katalon.core.webui.keyword.internal.WebUIKeywordMain.runKeyword(WebUIKeywordMain.groovy:20)
	at com.kms.katalon.core.webui.keyword.builtin.ClickKeyword.click(ClickKeyword.groovy:74)
	at com.kms.katalon.core.webui.keyword.builtin.ClickKeyword.execute(ClickKeyword.groovy:40)
	at com.kms.katalon.core.keyword.internal.KeywordExecutor.executeKeywordForPlatform(KeywordExecutor.groovy:74)
	at com.kms.katalon.core.webui.keyword.WebUiBuiltInKeywords.click(WebUiBuiltInKeywords.groovy:620)
	at com.kms.katalon.core.webui.keyword.WebUiBuiltInKeywords$click$5.call(Unknown Source)
	at Script1548864467260.run(Script1548864467260.groovy:65)
	at com.kms.katalon.core.main.ScriptEngine.run(ScriptEngine.java:194)
	at com.kms.katalon.core.main.ScriptEngine.runScriptAsRawText(ScriptEngine.java:119)
	at com.kms.katalon.core.main.TestCaseExecutor.runScript(TestCaseExecutor.java:442)
	at com.kms.katalon.core.main.TestCaseExecutor.doExecute(TestCaseExecutor.java:433)
	at com.kms.katalon.core.main.TestCaseExecutor.processExecutionPhase(TestCaseExecutor.java:412)
	at com.kms.katalon.core.main.TestCaseExecutor.accessMainPhase(TestCaseExecutor.java:404)
	at com.kms.katalon.core.main.TestCaseExecutor.execute(TestCaseExecutor.java:281)
	at com.kms.katalon.core.main.TestCaseMain.runTestCase(TestCaseMain.java:138)
	at com.kms.katalon.core.keyword.builtin.CallTestCaseKeyword$_callTestCase_closure1.doCall(CallTestCaseKeyword.groovy:59)
	at com.kms.katalon.core.keyword.builtin.CallTestCaseKeyword$_callTestCase_closure1.call(CallTestCaseKeyword.groovy)
	at com.kms.katalon.core.keyword.internal.KeywordMain.runKeyword(KeywordMain.groovy:74)
	at com.kms.katalon.core.keyword.builtin.CallTestCaseKeyword.callTestCase(CallTestCaseKeyword.groovy:81)
	at com.kms.katalon.core.keyword.builtin.CallTestCaseKeyword.execute(CallTestCaseKeyword.groovy:44)
	at com.kms.katalon.core.keyword.internal.KeywordExecutor.executeKeywordForPlatform(KeywordExecutor.groovy:74)
	at com.kms.katalon.core.keyword.BuiltinKeywords.callTestCase(BuiltinKeywords.groovy:334)
	at Script1548864505129.run(Script1548864505129.groovy:40)
	at com.kms.katalon.core.main.ScriptEngine.run(ScriptEngine.java:194)
	at com.kms.katalon.core.main.ScriptEngine.runScriptAsRawText(ScriptEngine.java:119)
	at com.kms.katalon.core.main.TestCaseExecutor.runScript(TestCaseExecutor.java:442)
	at com.kms.katalon.core.main.TestCaseExecutor.doExecute(TestCaseExecutor.java:433)
	at com.kms.katalon.core.main.TestCaseExecutor.processExecutionPhase(TestCaseExecutor.java:412)
	at com.kms.katalon.core.main.TestCaseExecutor.accessMainPhase(TestCaseExecutor.java:404)
	at com.kms.katalon.core.main.TestCaseExecutor.execute(TestCaseExecutor.java:281)
	at com.kms.katalon.core.main.TestCaseMain.runTestCase(TestCaseMain.java:138)
	at com.kms.katalon.core.keyword.builtin.CallTestCaseKeyword$_callTestCase_closure1.doCall(CallTestCaseKeyword.groovy:59)
	at com.kms.katalon.core.keyword.builtin.CallTestCaseKeyword$_callTestCase_closure1.call(CallTestCaseKeyword.groovy)
	at com.kms.katalon.core.keyword.internal.KeywordMain.runKeyword(KeywordMain.groovy:74)
	at com.kms.katalon.core.keyword.builtin.CallTestCaseKeyword.callTestCase(CallTestCaseKeyword.groovy:81)
	at com.kms.katalon.core.keyword.builtin.CallTestCaseKeyword.execute(CallTestCaseKeyword.groovy:44)
	at com.kms.katalon.core.keyword.internal.KeywordExecutor.executeKeywordForPlatform(KeywordExecutor.groovy:74)
	at com.kms.katalon.core.keyword.BuiltinKeywords.callTestCase(BuiltinKeywords.groovy:334)
	at Script1548864667831.run(Script1548864667831.groovy:18)
	... 13 more
)
[[ATTACHMENT|C:\\Users\\diego.rojas\\git\\Pruebas-Minimas\\Reports\\20211122_084727\\Tareas Principales\\20211122_084727\\1637589748569.png]]

2021-11-22 09:02:28 - [MESSAGE][FAILED] - Unable to call Test Case 'Test Cases/1.1-Tareas Principales/1.1.7-Generar Vacaciones' (Root cause: com.kms.katalon.core.exception.StepFailedException: Call Test Case 'Test Cases/1.1-Tareas Principales/1.1.7-Generar Vacaciones' failed
	at com.kms.katalon.core.keyword.builtin.CallTestCaseKeyword$_callTestCase_closure1.doCall(CallTestCaseKeyword.groovy:63)
	at com.kms.katalon.core.keyword.builtin.CallTestCaseKeyword$_callTestCase_closure1.call(CallTestCaseKeyword.groovy)
	at com.kms.katalon.core.keyword.internal.KeywordMain.runKeyword(KeywordMain.groovy:74)
	at com.kms.katalon.core.keyword.builtin.CallTestCaseKeyword.callTestCase(CallTestCaseKeyword.groovy:81)
	at com.kms.katalon.core.keyword.builtin.CallTestCaseKeyword.execute(CallTestCaseKeyword.groovy:44)
	at com.kms.katalon.core.keyword.internal.KeywordExecutor.executeKeywordForPlatform(KeywordExecutor.groovy:74)
	at com.kms.katalon.core.keyword.BuiltinKeywords.callTestCase(BuiltinKeywords.groovy:334)
	at 1.1.8-Mantenimiento de Vacaciones Reliquidar.run(1.1.8-Mantenimiento de Vacaciones Reliquidar:40)
	at com.kms.katalon.core.main.ScriptEngine.run(ScriptEngine.java:194)
	at com.kms.katalon.core.main.ScriptEngine.runScriptAsRawText(ScriptEngine.java:119)
	at com.kms.katalon.core.main.TestCaseExecutor.runScript(TestCaseExecutor.java:442)
	at com.kms.katalon.core.main.TestCaseExecutor.doExecute(TestCaseExecutor.java:433)
	at com.kms.katalon.core.main.TestCaseExecutor.processExecutionPhase(TestCaseExecutor.java:412)
	at com.kms.katalon.core.main.TestCaseExecutor.accessMainPhase(TestCaseExecutor.java:404)
	at com.kms.katalon.core.main.TestCaseExecutor.execute(TestCaseExecutor.java:281)
	at com.kms.katalon.core.main.TestCaseMain.runTestCase(TestCaseMain.java:138)
	at com.kms.katalon.core.keyword.builtin.CallTestCaseKeyword$_callTestCase_closure1.doCall(CallTestCaseKeyword.groovy:59)
	at com.kms.katalon.core.keyword.builtin.CallTestCaseKeyword$_callTestCase_closure1.call(CallTestCaseKeyword.groovy)
	at com.kms.katalon.core.keyword.internal.KeywordMain.runKeyword(KeywordMain.groovy:74)
	at com.kms.katalon.core.keyword.builtin.CallTestCaseKeyword.callTestCase(CallTestCaseKeyword.groovy:81)
	at com.kms.katalon.core.keyword.builtin.CallTestCaseKeyword.execute(CallTestCaseKeyword.groovy:44)
	at com.kms.katalon.core.keyword.internal.KeywordExecutor.executeKeywordForPlatform(KeywordExecutor.groovy:74)
	at com.kms.katalon.core.keyword.BuiltinKeywords.callTestCase(BuiltinKeywords.groovy:334)
	at 1.2.1-Reversar Vacaciones.run(1.2.1-Reversar Vacaciones:18)
	at com.kms.katalon.core.main.ScriptEngine.run(ScriptEngine.java:194)
	at com.kms.katalon.core.main.ScriptEngine.runScriptAsRawText(ScriptEngine.java:119)
	at com.kms.katalon.core.main.TestCaseExecutor.runScript(TestCaseExecutor.java:442)
	at com.kms.katalon.core.main.TestCaseExecutor.doExecute(TestCaseExecutor.java:433)
	at com.kms.katalon.core.main.TestCaseExecutor.processExecutionPhase(TestCaseExecutor.java:412)
	at com.kms.katalon.core.main.TestCaseExecutor.accessMainPhase(TestCaseExecutor.java:404)
	at com.kms.katalon.core.main.TestCaseExecutor.execute(TestCaseExecutor.java:281)
	at com.kms.katalon.core.main.TestSuiteExecutor.accessTestCaseMainPhase(TestSuiteExecutor.java:202)
	at com.kms.katalon.core.main.TestSuiteExecutor.accessTestSuiteMainPhase(TestSuiteExecutor.java:164)
	at com.kms.katalon.core.main.TestSuiteExecutor.execute(TestSuiteExecutor.java:105)
	at com.kms.katalon.core.main.TestCaseMain.startTestSuite(TestCaseMain.java:181)
	at com.kms.katalon.core.main.TestCaseMain$startTestSuite$0.call(Unknown Source)
	at TempTestSuite1637588847917.run(TempTestSuite1637588847917.groovy:36)
Caused by: com.kms.katalon.core.exception.StepFailedException: Unable to click on object 'Object Repository/Modulo Tarea Administracion Compensacion/Generar Vacaciones/a_Aplicar'
	at com.kms.katalon.core.webui.keyword.internal.WebUIKeywordMain.stepFailed(WebUIKeywordMain.groovy:64)
	at com.kms.katalon.core.webui.keyword.internal.WebUIKeywordMain.runKeyword(WebUIKeywordMain.groovy:26)
	at com.kms.katalon.core.webui.keyword.builtin.ClickKeyword.click(ClickKeyword.groovy:74)
	at com.kms.katalon.core.webui.keyword.builtin.ClickKeyword.execute(ClickKeyword.groovy:40)
	at com.kms.katalon.core.keyword.internal.KeywordExecutor.executeKeywordForPlatform(KeywordExecutor.groovy:74)
	at com.kms.katalon.core.webui.keyword.WebUiBuiltInKeywords.click(WebUiBuiltInKeywords.groovy:620)
	at com.kms.katalon.core.webui.keyword.WebUiBuiltInKeywords$click$5.call(Unknown Source)
	at 1.1.7-Generar Vacaciones.run(1.1.7-Generar Vacaciones:65)
	at com.kms.katalon.core.main.ScriptEngine.run(ScriptEngine.java:194)
	at com.kms.katalon.core.main.ScriptEngine.runScriptAsRawText(ScriptEngine.java:119)
	at com.kms.katalon.core.main.TestCaseExecutor.runScript(TestCaseExecutor.java:442)
	at com.kms.katalon.core.main.TestCaseExecutor.doExecute(TestCaseExecutor.java:433)
	at com.kms.katalon.core.main.TestCaseExecutor.processExecutionPhase(TestCaseExecutor.java:412)
	at com.kms.katalon.core.main.TestCaseExecutor.accessMainPhase(TestCaseExecutor.java:404)
	at com.kms.katalon.core.main.TestCaseExecutor.execute(TestCaseExecutor.java:281)
	at com.kms.katalon.core.main.TestCaseMain.runTestCase(TestCaseMain.java:138)
	at com.kms.katalon.core.keyword.builtin.CallTestCaseKeyword$_callTestCase_closure1.doCall(CallTestCaseKeyword.groovy:59)
	... 36 more
Caused by: com.kms.katalon.core.webui.exception.WebElementNotFoundException: Web element with id: 'Object Repository/Modulo Tarea Administracion Compensacion/Generar Vacaciones/a_Aplicar' located by '//table[4]/tbody/tr/td/a' not found
	at com.kms.katalon.core.webui.common.WebUiCommonHelper.findWebElement(WebUiCommonHelper.java:1368)
	at com.kms.katalon.core.webui.keyword.internal.WebUIAbstractKeyword.findWebElement(WebUIAbstractKeyword.groovy:27)
	at com.kms.katalon.core.webui.keyword.builtin.ClickKeyword$_click_closure1.doCall(ClickKeyword.groovy:65)
	at com.kms.katalon.core.webui.keyword.builtin.ClickKeyword$_click_closure1.call(ClickKeyword.groovy)
	at com.kms.katalon.core.webui.keyword.internal.WebUIKeywordMain.runKeyword(WebUIKeywordMain.groovy:20)
	... 51 more
)

2021-11-22 09:02:28 - [MESSAGE][FAILED] - Unable to call Test Case 'Test Cases/1.1-Tareas Principales/1.1.8-Mantenimiento de Vacaciones Reliquidar' (Root cause: com.kms.katalon.core.exception.StepFailedException: Call Test Case 'Test Cases/1.1-Tareas Principales/1.1.8-Mantenimiento de Vacaciones Reliquidar' failed
	at com.kms.katalon.core.keyword.builtin.CallTestCaseKeyword$_callTestCase_closure1.doCall(CallTestCaseKeyword.groovy:63)
	at com.kms.katalon.core.keyword.builtin.CallTestCaseKeyword$_callTestCase_closure1.call(CallTestCaseKeyword.groovy)
	at com.kms.katalon.core.keyword.internal.KeywordMain.runKeyword(KeywordMain.groovy:74)
	at com.kms.katalon.core.keyword.builtin.CallTestCaseKeyword.callTestCase(CallTestCaseKeyword.groovy:81)
	at com.kms.katalon.core.keyword.builtin.CallTestCaseKeyword.execute(CallTestCaseKeyword.groovy:44)
	at com.kms.katalon.core.keyword.internal.KeywordExecutor.executeKeywordForPlatform(KeywordExecutor.groovy:74)
	at com.kms.katalon.core.keyword.BuiltinKeywords.callTestCase(BuiltinKeywords.groovy:334)
	at 1.2.1-Reversar Vacaciones.run(1.2.1-Reversar Vacaciones:18)
	at com.kms.katalon.core.main.ScriptEngine.run(ScriptEngine.java:194)
	at com.kms.katalon.core.main.ScriptEngine.runScriptAsRawText(ScriptEngine.java:119)
	at com.kms.katalon.core.main.TestCaseExecutor.runScript(TestCaseExecutor.java:442)
	at com.kms.katalon.core.main.TestCaseExecutor.doExecute(TestCaseExecutor.java:433)
	at com.kms.katalon.core.main.TestCaseExecutor.processExecutionPhase(TestCaseExecutor.java:412)
	at com.kms.katalon.core.main.TestCaseExecutor.accessMainPhase(TestCaseExecutor.java:404)
	at com.kms.katalon.core.main.TestCaseExecutor.execute(TestCaseExecutor.java:281)
	at com.kms.katalon.core.main.TestSuiteExecutor.accessTestCaseMainPhase(TestSuiteExecutor.java:202)
	at com.kms.katalon.core.main.TestSuiteExecutor.accessTestSuiteMainPhase(TestSuiteExecutor.java:164)
	at com.kms.katalon.core.main.TestSuiteExecutor.execute(TestSuiteExecutor.java:105)
	at com.kms.katalon.core.main.TestCaseMain.startTestSuite(TestCaseMain.java:181)
	at com.kms.katalon.core.main.TestCaseMain$startTestSuite$0.call(Unknown Source)
	at TempTestSuite1637588847917.run(TempTestSuite1637588847917.groovy:36)
Caused by: com.kms.katalon.core.exception.StepFailedException: Call Test Case 'Test Cases/1.1-Tareas Principales/1.1.7-Generar Vacaciones' failed
	at com.kms.katalon.core.keyword.builtin.CallTestCaseKeyword$_callTestCase_closure1.doCall(CallTestCaseKeyword.groovy:63)
	at com.kms.katalon.core.keyword.builtin.CallTestCaseKeyword$_callTestCase_closure1.call(CallTestCaseKeyword.groovy)
	at com.kms.katalon.core.keyword.internal.KeywordMain.runKeyword(KeywordMain.groovy:74)
	at com.kms.katalon.core.keyword.builtin.CallTestCaseKeyword.callTestCase(CallTestCaseKeyword.groovy:81)
	at com.kms.katalon.core.keyword.builtin.CallTestCaseKeyword.execute(CallTestCaseKeyword.groovy:44)
	at com.kms.katalon.core.keyword.internal.KeywordExecutor.executeKeywordForPlatform(KeywordExecutor.groovy:74)
	at com.kms.katalon.core.keyword.BuiltinKeywords.callTestCase(BuiltinKeywords.groovy:334)
	at 1.1.8-Mantenimiento de Vacaciones Reliquidar.run(1.1.8-Mantenimiento de Vacaciones Reliquidar:40)
	at com.kms.katalon.core.main.ScriptEngine.run(ScriptEngine.java:194)
	at com.kms.katalon.core.main.ScriptEngine.runScriptAsRawText(ScriptEngine.java:119)
	at com.kms.katalon.core.main.TestCaseExecutor.runScript(TestCaseExecutor.java:442)
	at com.kms.katalon.core.main.TestCaseExecutor.doExecute(TestCaseExecutor.java:433)
	at com.kms.katalon.core.main.TestCaseExecutor.processExecutionPhase(TestCaseExecutor.java:412)
	at com.kms.katalon.core.main.TestCaseExecutor.accessMainPhase(TestCaseExecutor.java:404)
	at com.kms.katalon.core.main.TestCaseExecutor.execute(TestCaseExecutor.java:281)
	at com.kms.katalon.core.main.TestCaseMain.runTestCase(TestCaseMain.java:138)
	at com.kms.katalon.core.keyword.builtin.CallTestCaseKeyword$_callTestCase_closure1.doCall(CallTestCaseKeyword.groovy:59)
	... 20 more
Caused by: com.kms.katalon.core.exception.StepFailedException: Unable to click on object 'Object Repository/Modulo Tarea Administracion Compensacion/Generar Vacaciones/a_Aplicar'
	at com.kms.katalon.core.webui.keyword.internal.WebUIKeywordMain.stepFailed(WebUIKeywordMain.groovy:64)
	at com.kms.katalon.core.webui.keyword.internal.WebUIKeywordMain.runKeyword(WebUIKeywordMain.groovy:26)
	at com.kms.katalon.core.webui.keyword.builtin.ClickKeyword.click(ClickKeyword.groovy:74)
	at com.kms.katalon.core.webui.keyword.builtin.ClickKeyword.execute(ClickKeyword.groovy:40)
	at com.kms.katalon.core.keyword.internal.KeywordExecutor.executeKeywordForPlatform(KeywordExecutor.groovy:74)
	at com.kms.katalon.core.webui.keyword.WebUiBuiltInKeywords.click(WebUiBuiltInKeywords.groovy:620)
	at com.kms.katalon.core.webui.keyword.WebUiBuiltInKeywords$click$5.call(Unknown Source)
	at 1.1.7-Generar Vacaciones.run(1.1.7-Generar Vacaciones:65)
	at com.kms.katalon.core.main.ScriptEngine.run(ScriptEngine.java:194)
	at com.kms.katalon.core.main.ScriptEngine.runScriptAsRawText(ScriptEngine.java:119)
	at com.kms.katalon.core.main.TestCaseExecutor.runScript(TestCaseExecutor.java:442)
	at com.kms.katalon.core.main.TestCaseExecutor.doExecute(TestCaseExecutor.java:433)
	at com.kms.katalon.core.main.TestCaseExecutor.processExecutionPhase(TestCaseExecutor.java:412)
	at com.kms.katalon.core.main.TestCaseExecutor.accessMainPhase(TestCaseExecutor.java:404)
	at com.kms.katalon.core.main.TestCaseExecutor.execute(TestCaseExecutor.java:281)
	at com.kms.katalon.core.main.TestCaseMain.runTestCase(TestCaseMain.java:138)
	at com.kms.katalon.core.keyword.builtin.CallTestCaseKeyword$_callTestCase_closure1.doCall(CallTestCaseKeyword.groovy:59)
	... 36 more
Caused by: com.kms.katalon.core.webui.exception.WebElementNotFoundException: Web element with id: 'Object Repository/Modulo Tarea Administracion Compensacion/Generar Vacaciones/a_Aplicar' located by '//table[4]/tbody/tr/td/a' not found
	at com.kms.katalon.core.webui.common.WebUiCommonHelper.findWebElement(WebUiCommonHelper.java:1368)
	at com.kms.katalon.core.webui.keyword.internal.WebUIAbstractKeyword.findWebElement(WebUIAbstractKeyword.groovy:27)
	at com.kms.katalon.core.webui.keyword.builtin.ClickKeyword$_click_closure1.doCall(ClickKeyword.groovy:65)
	at com.kms.katalon.core.webui.keyword.builtin.ClickKeyword$_click_closure1.call(ClickKeyword.groovy)
	at com.kms.katalon.core.webui.keyword.internal.WebUIKeywordMain.runKeyword(WebUIKeywordMain.groovy:20)
	... 51 more
)]]></system-out>
         <system-err><![CDATA[2021-11-22 09:00:09 - [TEST_CASE][FAILED] - Test Cases/1.1-Tareas Principales/1.2.1-Reversar Vacaciones: Test Cases/1.1-Tareas Principales/1.2.1-Reversar Vacaciones FAILED.
Reason:
com.kms.katalon.core.exception.StepFailedException: Call Test Case 'Test Cases/1.1-Tareas Principales/1.1.8-Mantenimiento de Vacaciones Reliquidar' failed
	at com.kms.katalon.core.keyword.builtin.CallTestCaseKeyword$_callTestCase_closure1.doCall(CallTestCaseKeyword.groovy:63)
	at com.kms.katalon.core.keyword.builtin.CallTestCaseKeyword$_callTestCase_closure1.call(CallTestCaseKeyword.groovy)
	at com.kms.katalon.core.keyword.internal.KeywordMain.runKeyword(KeywordMain.groovy:74)
	at com.kms.katalon.core.keyword.builtin.CallTestCaseKeyword.callTestCase(CallTestCaseKeyword.groovy:81)
	at com.kms.katalon.core.keyword.builtin.CallTestCaseKeyword.execute(CallTestCaseKeyword.groovy:44)
	at com.kms.katalon.core.keyword.internal.KeywordExecutor.executeKeywordForPlatform(KeywordExecutor.groovy:74)
	at com.kms.katalon.core.keyword.BuiltinKeywords.callTestCase(BuiltinKeywords.groovy:334)
	at 1.2.1-Reversar Vacaciones.run(1.2.1-Reversar Vacaciones:18)
	at com.kms.katalon.core.main.ScriptEngine.run(ScriptEngine.java:194)
	at com.kms.katalon.core.main.ScriptEngine.runScriptAsRawText(ScriptEngine.java:119)
	at com.kms.katalon.core.main.TestCaseExecutor.runScript(TestCaseExecutor.java:442)
	at com.kms.katalon.core.main.TestCaseExecutor.doExecute(TestCaseExecutor.java:433)
	at com.kms.katalon.core.main.TestCaseExecutor.processExecutionPhase(TestCaseExecutor.java:412)
	at com.kms.katalon.core.main.TestCaseExecutor.accessMainPhase(TestCaseExecutor.java:404)
	at com.kms.katalon.core.main.TestCaseExecutor.execute(TestCaseExecutor.java:281)
	at com.kms.katalon.core.main.TestSuiteExecutor.accessTestCaseMainPhase(TestSuiteExecutor.java:202)
	at com.kms.katalon.core.main.TestSuiteExecutor.accessTestSuiteMainPhase(TestSuiteExecutor.java:164)
	at com.kms.katalon.core.main.TestSuiteExecutor.execute(TestSuiteExecutor.java:105)
	at com.kms.katalon.core.main.TestCaseMain.startTestSuite(TestCaseMain.java:181)
	at com.kms.katalon.core.main.TestCaseMain$startTestSuite$0.call(Unknown Source)
	at TempTestSuite1637588847917.run(TempTestSuite1637588847917.groovy:36)
Caused by: com.kms.katalon.core.exception.StepFailedException: Call Test Case 'Test Cases/1.1-Tareas Principales/1.1.7-Generar Vacaciones' failed
	at com.kms.katalon.core.keyword.builtin.CallTestCaseKeyword$_callTestCase_closure1.doCall(CallTestCaseKeyword.groovy:63)
	at com.kms.katalon.core.keyword.builtin.CallTestCaseKeyword$_callTestCase_closure1.call(CallTestCaseKeyword.groovy)
	at com.kms.katalon.core.keyword.internal.KeywordMain.runKeyword(KeywordMain.groovy:74)
	at com.kms.katalon.core.keyword.builtin.CallTestCaseKeyword.callTestCase(CallTestCaseKeyword.groovy:81)
	at com.kms.katalon.core.keyword.builtin.CallTestCaseKeyword.execute(CallTestCaseKeyword.groovy:44)
	at com.kms.katalon.core.keyword.internal.KeywordExecutor.executeKeywordForPlatform(KeywordExecutor.groovy:74)
	at com.kms.katalon.core.keyword.BuiltinKeywords.callTestCase(BuiltinKeywords.groovy:334)
	at 1.1.8-Mantenimiento de Vacaciones Reliquidar.run(1.1.8-Mantenimiento de Vacaciones Reliquidar:40)
	at com.kms.katalon.core.main.ScriptEngine.run(ScriptEngine.java:194)
	at com.kms.katalon.core.main.ScriptEngine.runScriptAsRawText(ScriptEngine.java:119)
	at com.kms.katalon.core.main.TestCaseExecutor.runScript(TestCaseExecutor.java:442)
	at com.kms.katalon.core.main.TestCaseExecutor.doExecute(TestCaseExecutor.java:433)
	at com.kms.katalon.core.main.TestCaseExecutor.processExecutionPhase(TestCaseExecutor.java:412)
	at com.kms.katalon.core.main.TestCaseExecutor.accessMainPhase(TestCaseExecutor.java:404)
	at com.kms.katalon.core.main.TestCaseExecutor.execute(TestCaseExecutor.java:281)
	at com.kms.katalon.core.main.TestCaseMain.runTestCase(TestCaseMain.java:138)
	at com.kms.katalon.core.keyword.builtin.CallTestCaseKeyword$_callTestCase_closure1.doCall(CallTestCaseKeyword.groovy:59)
	... 20 more
Caused by: com.kms.katalon.core.exception.StepFailedException: Unable to click on object 'Object Repository/Modulo Tarea Administracion Compensacion/Generar Vacaciones/a_Aplicar'
	at com.kms.katalon.core.webui.keyword.internal.WebUIKeywordMain.stepFailed(WebUIKeywordMain.groovy:64)
	at com.kms.katalon.core.webui.keyword.internal.WebUIKeywordMain.runKeyword(WebUIKeywordMain.groovy:26)
	at com.kms.katalon.core.webui.keyword.builtin.ClickKeyword.click(ClickKeyword.groovy:74)
	at com.kms.katalon.core.webui.keyword.builtin.ClickKeyword.execute(ClickKeyword.groovy:40)
	at com.kms.katalon.core.keyword.internal.KeywordExecutor.executeKeywordForPlatform(KeywordExecutor.groovy:74)
	at com.kms.katalon.core.webui.keyword.WebUiBuiltInKeywords.click(WebUiBuiltInKeywords.groovy:620)
	at com.kms.katalon.core.webui.keyword.WebUiBuiltInKeywords$click$5.call(Unknown Source)
	at 1.1.7-Generar Vacaciones.run(1.1.7-Generar Vacaciones:65)
	at com.kms.katalon.core.main.ScriptEngine.run(ScriptEngine.java:194)
	at com.kms.katalon.core.main.ScriptEngine.runScriptAsRawText(ScriptEngine.java:119)
	at com.kms.katalon.core.main.TestCaseExecutor.runScript(TestCaseExecutor.java:442)
	at com.kms.katalon.core.main.TestCaseExecutor.doExecute(TestCaseExecutor.java:433)
	at com.kms.katalon.core.main.TestCaseExecutor.processExecutionPhase(TestCaseExecutor.java:412)
	at com.kms.katalon.core.main.TestCaseExecutor.accessMainPhase(TestCaseExecutor.java:404)
	at com.kms.katalon.core.main.TestCaseExecutor.execute(TestCaseExecutor.java:281)
	at com.kms.katalon.core.main.TestCaseMain.runTestCase(TestCaseMain.java:138)
	at com.kms.katalon.core.keyword.builtin.CallTestCaseKeyword$_callTestCase_closure1.doCall(CallTestCaseKeyword.groovy:59)
	... 36 more
Caused by: com.kms.katalon.core.webui.exception.WebElementNotFoundException: Web element with id: 'Object Repository/Modulo Tarea Administracion Compensacion/Generar Vacaciones/a_Aplicar' located by '//table[4]/tbody/tr/td/a' not found
	at com.kms.katalon.core.webui.common.WebUiCommonHelper.findWebElement(WebUiCommonHelper.java:1368)
	at com.kms.katalon.core.webui.keyword.internal.WebUIAbstractKeyword.findWebElement(WebUIAbstractKeyword.groovy:27)
	at com.kms.katalon.core.webui.keyword.builtin.ClickKeyword$_click_closure1.doCall(ClickKeyword.groovy:65)
	at com.kms.katalon.core.webui.keyword.builtin.ClickKeyword$_click_closure1.call(ClickKeyword.groovy)
	at com.kms.katalon.core.webui.keyword.internal.WebUIKeywordMain.runKeyword(WebUIKeywordMain.groovy:20)
	... 51 more]]></system-err>
      </testcase>
      <testcase name="Test Cases/1.1-Tareas Principales/1.2.2-Legalizar licencia No Remunerada" time="75.923" classname="Test Cases/1.1-Tareas Principales/1.2.2-Legalizar licencia No Remunerada" status="PASSED">
         <system-out><![CDATA[2021-11-22 09:02:28 - [TEST_CASE][PASSED] - Test Cases/1.1-Tareas Principales/1.2.2-Legalizar licencia No Remunerada: Test Cases/1.1-Tareas Principales/1.2.2-Legalizar licencia No Remunerada

2021-11-22 09:02:29 - [TEST_STEP][PASSED] - callTestCase(findTestCase("Hutilidades/Tareas Administracion Compensacion/Tarea Listado Empleados"), [:], STOP_ON_FAILURE): Call Test Case 'Test Cases/Hutilidades/Tareas Administracion Compensacion/Tarea Listado Empleados' successfully

2021-11-22 09:02:29 - [TEST_CASE][PASSED] - Test Cases/Hutilidades/Tareas Administracion Compensacion/Tarea Listado Empleados: Test Cases/Hutilidades/Tareas Administracion Compensacion/Tarea Listado Empleados

2021-11-22 09:02:29 - [TEST_STEP][PASSED] - callTestCase(findTestCase("0.1-Login"), [:], STOP_ON_FAILURE): Call Test Case 'Test Cases/0.1-Login' successfully

2021-11-22 09:02:29 - [TEST_CASE][PASSED] - Test Cases/0.1-Login: Test Cases/0.1-Login

2021-11-22 09:02:29 - [TEST_STEP][PASSED] - openBrowser(""): Browser is opened with url: ''

2021-11-22 09:02:29 - [MESSAGE][WARNING] - A browser is already opened. Closing browser and opening a new one

2021-11-22 09:02:30 - [MESSAGE][INFO] - Starting 'Edge Chromium' driver

2021-11-22 09:02:32 - [MESSAGE][INFO] - Action delay is set to 0 milliseconds

2021-11-22 09:02:33 - [MESSAGE][PASSED] - Browser is opened with url: ''

2021-11-22 09:02:33 - [TEST_STEP][PASSED] - maximizeWindow(): Current window maximized

2021-11-22 09:02:33 - [MESSAGE][PASSED] - Current window maximized

2021-11-22 09:02:33 - [TEST_STEP][PASSED] - i = G_Login: null

2021-11-22 09:02:33 - [TEST_STEP][PASSED] - url = new java.net.URL(i): null

2021-11-22 09:02:33 - [TEST_STEP][PASSED] - println("URL: " + url.toString()): null

2021-11-22 09:02:33 - [TEST_STEP][PASSED] - connection = url.openConnection(): null

2021-11-22 09:02:33 - [TEST_STEP][PASSED] - connection.setRequestMethod("GET"): null

2021-11-22 09:02:33 - [TEST_STEP][PASSED] - connection.setReadTimeout(2 * 1000): null

2021-11-22 09:02:33 - [TEST_STEP][PASSED] - try: null

2021-11-22 09:02:33 - [TEST_STEP][PASSED] - connection.connect(): null

2021-11-22 09:02:33 - [TEST_STEP][PASSED] - flag = connected: null

2021-11-22 09:02:33 - [TEST_STEP][PASSED] - println("Valor_ori: " + flag): null

2021-11-22 09:02:33 - [TEST_STEP][PASSED] - if (flag): null

2021-11-22 09:02:33 - [TEST_STEP][PASSED] - navigateToUrl(i): Navigate to 'http://localhost:8380/saraweb/' successfully

2021-11-22 09:02:34 - [MESSAGE][PASSED] - Navigate to 'http://localhost:8380/saraweb/' successfully

2021-11-22 09:02:34 - [TEST_STEP][PASSED] - a(): null

2021-11-22 09:02:34 - [TEST_STEP][PASSED] - setText(findTestObject("Login/input_USUARIO_loginusuario"), G_Usuario): Text 'saraadmin' is set on object 'Object Repository/Login/input_USUARIO_loginusuario'

2021-11-22 09:02:35 - [MESSAGE][PASSED] - Text 'saraadmin' is set on object 'Object Repository/Login/input_USUARIO_loginusuario'

2021-11-22 09:02:35 - [TEST_STEP][PASSED] - setEncryptedText(findTestObject("Login/input_CLAVE_loginpassword"), "MkG4/TYiCFC3cb2driP7+Q=="): Text ****** has been set on object 'Object Repository/Login/input_CLAVE_loginpassword'

2021-11-22 09:02:36 - [MESSAGE][PASSED] - Text ****** has been set on object 'Object Repository/Login/input_CLAVE_loginpassword'

2021-11-22 09:02:36 - [TEST_STEP][PASSED] - waitForElementClickable(findTestObject("Login/a_Ingresar"), G_TimeOut): Object 'Object Repository/Login/a_Ingresar' is clickable

2021-11-22 09:02:36 - [MESSAGE][PASSED] - Object 'Object Repository/Login/a_Ingresar' is clickable

2021-11-22 09:02:36 - [TEST_STEP][PASSED] - click(findTestObject("Login/a_Ingresar")): Object: 'Object Repository/Login/a_Ingresar' is clicked on

2021-11-22 09:02:39 - [MESSAGE][PASSED] - Object: 'Object Repository/Login/a_Ingresar' is clicked on

2021-11-22 09:02:39 - [TEST_STEP][PASSED] - element = findWebElement(findTestObject("Login/a_Ir"), 30): null

2021-11-22 09:02:39 - [TEST_STEP][PASSED] - executeJavaScript("arguments[0].click()", Arrays.asList(element)): Execute JavaScript 'arguments[0].click()' successfully

2021-11-22 09:02:40 - [MESSAGE][PASSED] - Execute JavaScript 'arguments[0].click()' successfully

2021-11-22 09:02:40 - [MESSAGE][PASSED] - Call Test Case 'Test Cases/0.1-Login' successfully

2021-11-22 09:02:40 - [TEST_STEP][PASSED] - setText(findTestObject("Modulo Tarea Listado Hojas de Vida/Tareas Listado Hojas de Vida/input_Listado Hojas De Vida_form_templatej_idt24_input"), "Listado de Empleados"): Text 'Listado de Empleados' is set on object 'Object Repository/Modulo Tarea Listado Hojas de Vida/Tareas Listado Hojas de Vida/input_Listado Hojas De Vida_form_templatej_idt24_input'

2021-11-22 09:02:41 - [MESSAGE][PASSED] - Text 'Listado de Empleados' is set on object 'Object Repository/Modulo Tarea Listado Hojas de Vida/Tareas Listado Hojas de Vida/input_Listado Hojas De Vida_form_templatej_idt24_input'

2021-11-22 09:02:41 - [TEST_STEP][PASSED] - delay(3): Delayed 3 second(s)

2021-11-22 09:02:44 - [MESSAGE][PASSED] - Delayed 3 second(s)

2021-11-22 09:02:44 - [TEST_STEP][PASSED] - sendKeys(findTestObject("Modulo Tarea Listado Hojas de Vida/Tareas Listado Hojas de Vida/input_Listado Hojas De Vida_form_templatej_idt24_input"), Keys.chord(ENTER)): Keys 'ENTER + ' sent to object: 'Object Repository/Modulo Tarea Listado Hojas de Vida/Tareas Listado Hojas de Vida/input_Listado Hojas De Vida_form_templatej_idt24_input'

2021-11-22 09:02:44 - [MESSAGE][PASSED] - Keys 'ENTER + ' sent to object: 'Object Repository/Modulo Tarea Listado Hojas de Vida/Tareas Listado Hojas de Vida/input_Listado Hojas De Vida_form_templatej_idt24_input'

2021-11-22 09:02:44 - [MESSAGE][PASSED] - Call Test Case 'Test Cases/Hutilidades/Tareas Administracion Compensacion/Tarea Listado Empleados' successfully

2021-11-22 09:02:44 - [TEST_STEP][PASSED] - waitForElementClickable(findTestObject("Object Repository/Modulo Tarea Administracion Compensacion/Legalizar Licencia No Remunerada/input_Identificacin_listadoEmpleadoIdentificacionEmpleado"), 0): Object 'Object Repository/Modulo Tarea Administracion Compensacion/Legalizar Licencia No Remunerada/input_Identificacin_listadoEmpleadoIdentificacionEmpleado' is clickable

2021-11-22 09:02:44 - [MESSAGE][WARNING] - Timeout '0' is invalid. Using default page load timeout: '30'

2021-11-22 09:02:48 - [MESSAGE][PASSED] - Object 'Object Repository/Modulo Tarea Administracion Compensacion/Legalizar Licencia No Remunerada/input_Identificacin_listadoEmpleadoIdentificacionEmpleado' is clickable

2021-11-22 09:02:48 - [TEST_STEP][PASSED] - setText(findTestObject("Object Repository/Modulo Tarea Administracion Compensacion/Legalizar Licencia No Remunerada/input_Identificacin_listadoEmpleadoIdentificacionEmpleado"), "354968431354"): Text '354968431354' is set on object 'Object Repository/Modulo Tarea Administracion Compensacion/Legalizar Licencia No Remunerada/input_Identificacin_listadoEmpleadoIdentificacionEmpleado'

2021-11-22 09:02:48 - [MESSAGE][PASSED] - Text '354968431354' is set on object 'Object Repository/Modulo Tarea Administracion Compensacion/Legalizar Licencia No Remunerada/input_Identificacin_listadoEmpleadoIdentificacionEmpleado'

2021-11-22 09:02:48 - [TEST_STEP][PASSED] - sendKeys(findTestObject("Object Repository/Modulo Tarea Administracion Compensacion/Legalizar Licencia No Remunerada/input_Identificacin_listadoEmpleadoIdentificacionEmpleado"), Keys.chord(ENTER)): Keys 'ENTER + ' sent to object: 'Object Repository/Modulo Tarea Administracion Compensacion/Legalizar Licencia No Remunerada/input_Identificacin_listadoEmpleadoIdentificacionEmpleado'

2021-11-22 09:02:49 - [MESSAGE][PASSED] - Keys 'ENTER + ' sent to object: 'Object Repository/Modulo Tarea Administracion Compensacion/Legalizar Licencia No Remunerada/input_Identificacin_listadoEmpleadoIdentificacionEmpleado'

2021-11-22 09:02:49 - [TEST_STEP][PASSED] - waitForElementClickable(findTestObject("Object Repository/Modulo Tarea Administracion Compensacion/Legalizar Licencia No Remunerada/span_Consta Belfegord Jhon"), G_TimeOut): Object 'Object Repository/Modulo Tarea Administracion Compensacion/Legalizar Licencia No Remunerada/span_Consta Belfegord Jhon' is clickable

2021-11-22 09:02:50 - [MESSAGE][PASSED] - Object 'Object Repository/Modulo Tarea Administracion Compensacion/Legalizar Licencia No Remunerada/span_Consta Belfegord Jhon' is clickable

2021-11-22 09:02:50 - [TEST_STEP][PASSED] - click(findTestObject("Object Repository/Modulo Tarea Administracion Compensacion/Legalizar Licencia No Remunerada/span_Consta Belfegord Jhon")): Object: 'Object Repository/Modulo Tarea Administracion Compensacion/Legalizar Licencia No Remunerada/span_Consta Belfegord Jhon' is clicked on

2021-11-22 09:02:50 - [MESSAGE][PASSED] - Object: 'Object Repository/Modulo Tarea Administracion Compensacion/Legalizar Licencia No Remunerada/span_Consta Belfegord Jhon' is clicked on

2021-11-22 09:02:50 - [TEST_STEP][PASSED] - waitForElementClickable(findTestObject("Object Repository/Modulo Tarea Administracion Compensacion/Legalizar Licencia No Remunerada/a_Licencia"), G_TimeOut): Object 'Object Repository/Modulo Tarea Administracion Compensacion/Legalizar Licencia No Remunerada/a_Licencia' is clickable

2021-11-22 09:02:51 - [MESSAGE][PASSED] - Object 'Object Repository/Modulo Tarea Administracion Compensacion/Legalizar Licencia No Remunerada/a_Licencia' is clickable

2021-11-22 09:02:51 - [TEST_STEP][PASSED] - click(findTestObject("Object Repository/Modulo Tarea Administracion Compensacion/Legalizar Licencia No Remunerada/a_Licencia")): Object: 'Object Repository/Modulo Tarea Administracion Compensacion/Legalizar Licencia No Remunerada/a_Licencia' is clicked on

2021-11-22 09:02:52 - [MESSAGE][PASSED] - Object: 'Object Repository/Modulo Tarea Administracion Compensacion/Legalizar Licencia No Remunerada/a_Licencia' is clicked on

2021-11-22 09:02:52 - [TEST_STEP][PASSED] - if (waitForElementClickable(findTestObject("Modulo Tarea Administracion Compensacion/Legalizar Licencia No Remunerada/td_Licencia No Remunerada"), 1)): Web element with id: 'Object Repository/Modulo Tarea Administracion Compensacion/Legalizar Licencia No Remunerada/td_Licencia No Remunerada' located by '//div/table/tbody/tr/td/div/div/table/tbody/tr/td' not found

2021-11-22 09:02:54 - [MESSAGE][INFO] - Unable to find the element located by 'By.xpath: //div/table/tbody/tr/td/div/div/table/tbody/tr/td'. Please recheck the objects properties to make sure the desired element is located. 

2021-11-22 09:02:54 - [MESSAGE][WARNING] - Web element with id: 'Object Repository/Modulo Tarea Administracion Compensacion/Legalizar Licencia No Remunerada/td_Licencia No Remunerada' located by '//div/table/tbody/tr/td/div/div/table/tbody/tr/td' not found

2021-11-22 09:02:54 - [TEST_STEP][PASSED] - click(findTestObject("Modulo Tarea Administracion Compensacion/Legalizar Licencia No Remunerada/a_Incapacidad")): Object: 'Object Repository/Modulo Tarea Administracion Compensacion/Legalizar Licencia No Remunerada/a_Incapacidad' is clicked on

2021-11-22 09:02:55 - [MESSAGE][PASSED] - Object: 'Object Repository/Modulo Tarea Administracion Compensacion/Legalizar Licencia No Remunerada/a_Incapacidad' is clicked on

2021-11-22 09:02:55 - [TEST_STEP][PASSED] - click(findTestObject("Modulo Tarea Administracion Compensacion/Legalizar Licencia No Remunerada/a_Histrico")): Object: 'Object Repository/Modulo Tarea Administracion Compensacion/Legalizar Licencia No Remunerada/a_Histrico' is clicked on

2021-11-22 09:02:56 - [MESSAGE][PASSED] - Object: 'Object Repository/Modulo Tarea Administracion Compensacion/Legalizar Licencia No Remunerada/a_Histrico' is clicked on

2021-11-22 09:02:56 - [TEST_STEP][PASSED] - if (waitForElementClickable(findTestObject("Modulo Tarea Administracion Compensacion/Legalizar Licencia No Remunerada/span_Enfermedad General 21"), 1)): Web element with id: 'Object Repository/Modulo Tarea Administracion Compensacion/Legalizar Licencia No Remunerada/span_Enfermedad General 21' located by '//div[2]/table/tbody/tr/td/div/div/table/tbody/tr/td/span' not found

2021-11-22 09:02:58 - [MESSAGE][INFO] - Unable to find the element located by 'By.xpath: //div[2]/table/tbody/tr/td/div/div/table/tbody/tr/td/span'. Please recheck the objects properties to make sure the desired element is located. 

2021-11-22 09:02:58 - [MESSAGE][WARNING] - Web element with id: 'Object Repository/Modulo Tarea Administracion Compensacion/Legalizar Licencia No Remunerada/span_Enfermedad General 21' located by '//div[2]/table/tbody/tr/td/div/div/table/tbody/tr/td/span' not found

2021-11-22 09:02:58 - [TEST_STEP][PASSED] - click(findTestObject("Object Repository/Modulo Tarea Administracion Compensacion/Legalizar Licencia No Remunerada/a_Licencia")): Object: 'Object Repository/Modulo Tarea Administracion Compensacion/Legalizar Licencia No Remunerada/a_Licencia' is clicked on

2021-11-22 09:02:59 - [MESSAGE][PASSED] - Object: 'Object Repository/Modulo Tarea Administracion Compensacion/Legalizar Licencia No Remunerada/a_Licencia' is clicked on

2021-11-22 09:02:59 - [TEST_STEP][PASSED] - waitForElementClickable(findTestObject("Modulo Tarea Administracion Compensacion/Legalizar Licencia No Remunerada/a_Nuevo"), G_TimeOut): Object 'Object Repository/Modulo Tarea Administracion Compensacion/Legalizar Licencia No Remunerada/a_Nuevo' is clickable

2021-11-22 09:03:00 - [MESSAGE][PASSED] - Object 'Object Repository/Modulo Tarea Administracion Compensacion/Legalizar Licencia No Remunerada/a_Nuevo' is clickable

2021-11-22 09:03:00 - [TEST_STEP][PASSED] - click(findTestObject("Modulo Tarea Administracion Compensacion/Legalizar Licencia No Remunerada/a_Nuevo")): Object: 'Object Repository/Modulo Tarea Administracion Compensacion/Legalizar Licencia No Remunerada/a_Nuevo' is clicked on

2021-11-22 09:03:00 - [MESSAGE][PASSED] - Object: 'Object Repository/Modulo Tarea Administracion Compensacion/Legalizar Licencia No Remunerada/a_Nuevo' is clicked on

2021-11-22 09:03:00 - [TEST_STEP][PASSED] - waitForElementClickable(findTestObject("Object Repository/Modulo Tarea Administracion Compensacion/Legalizar Licencia No Remunerada/span_LICENCIA NO REMUNERADA"), G_TimeOut): Object 'Object Repository/Modulo Tarea Administracion Compensacion/Legalizar Licencia No Remunerada/span_LICENCIA NO REMUNERADA' is clickable

2021-11-22 09:03:01 - [MESSAGE][PASSED] - Object 'Object Repository/Modulo Tarea Administracion Compensacion/Legalizar Licencia No Remunerada/span_LICENCIA NO REMUNERADA' is clickable

2021-11-22 09:03:01 - [TEST_STEP][PASSED] - click(findTestObject("Object Repository/Modulo Tarea Administracion Compensacion/Legalizar Licencia No Remunerada/span_LICENCIA NO REMUNERADA")): Object: 'Object Repository/Modulo Tarea Administracion Compensacion/Legalizar Licencia No Remunerada/span_LICENCIA NO REMUNERADA' is clicked on

2021-11-22 09:03:02 - [MESSAGE][PASSED] - Object: 'Object Repository/Modulo Tarea Administracion Compensacion/Legalizar Licencia No Remunerada/span_LICENCIA NO REMUNERADA' is clicked on

2021-11-22 09:03:02 - [TEST_STEP][PASSED] - click(findTestObject("Modulo Tarea Administracion Compensacion/Legalizar Licencia No Remunerada/a_Histrico")): Object: 'Object Repository/Modulo Tarea Administracion Compensacion/Legalizar Licencia No Remunerada/a_Histrico' is clicked on

2021-11-22 09:03:06 - [MESSAGE][PASSED] - Object: 'Object Repository/Modulo Tarea Administracion Compensacion/Legalizar Licencia No Remunerada/a_Histrico' is clicked on

2021-11-22 09:03:06 - [TEST_STEP][PASSED] - if (waitForElementClickable(findTestObject("Modulo Tarea Administracion Compensacion/Legalizar Licencia No Remunerada/span_01012021"), 1)): Web element with id: 'Object Repository/Modulo Tarea Administracion Compensacion/Legalizar Licencia No Remunerada/span_01012021' located by '//*/text()[normalize-space(.)='01/01/2021']/parent::*' not found

2021-11-22 09:03:08 - [MESSAGE][INFO] - Unable to find the element located by 'By.xpath: //*/text()[normalize-space(.)='01/01/2021']/parent::*'. Please recheck the objects properties to make sure the desired element is located. 

2021-11-22 09:03:08 - [MESSAGE][WARNING] - Web element with id: 'Object Repository/Modulo Tarea Administracion Compensacion/Legalizar Licencia No Remunerada/span_01012021' located by '//*/text()[normalize-space(.)='01/01/2021']/parent::*' not found

2021-11-22 09:03:08 - [TEST_STEP][PASSED] - waitForElementClickable(findTestObject("Modulo Tarea Administracion Compensacion/Legalizar Licencia No Remunerada/a_Pestaa Licencia"), 0): Object 'Object Repository/Modulo Tarea Administracion Compensacion/Legalizar Licencia No Remunerada/a_Pestaa Licencia' is clickable

2021-11-22 09:03:08 - [MESSAGE][WARNING] - Timeout '0' is invalid. Using default page load timeout: '30'

2021-11-22 09:03:09 - [MESSAGE][PASSED] - Object 'Object Repository/Modulo Tarea Administracion Compensacion/Legalizar Licencia No Remunerada/a_Pestaa Licencia' is clickable

2021-11-22 09:03:09 - [TEST_STEP][PASSED] - click(findTestObject("Modulo Tarea Administracion Compensacion/Legalizar Licencia No Remunerada/a_Pestaa Licencia")): Object: 'Object Repository/Modulo Tarea Administracion Compensacion/Legalizar Licencia No Remunerada/a_Pestaa Licencia' is clicked on

2021-11-22 09:03:09 - [MESSAGE][PASSED] - Object: 'Object Repository/Modulo Tarea Administracion Compensacion/Legalizar Licencia No Remunerada/a_Pestaa Licencia' is clicked on

2021-11-22 09:03:09 - [TEST_STEP][PASSED] - waitForElementPresent(findTestObject("Object Repository/Modulo Tarea Administracion Compensacion/Legalizar Licencia No Remunerada/input_Fecha Salida_form_licenc"), 0): Object 'Object Repository/Modulo Tarea Administracion Compensacion/Legalizar Licencia No Remunerada/input_Fecha Salida_form_licenc' is present

2021-11-22 09:03:09 - [MESSAGE][WARNING] - Timeout '0' is invalid. Using default page load timeout: '30'

2021-11-22 09:03:09 - [MESSAGE][PASSED] - Object 'Object Repository/Modulo Tarea Administracion Compensacion/Legalizar Licencia No Remunerada/input_Fecha Salida_form_licenc' is present

2021-11-22 09:03:09 - [TEST_STEP][PASSED] - setText(findTestObject("Object Repository/Modulo Tarea Administracion Compensacion/Legalizar Licencia No Remunerada/input_Fecha Salida_form_licenc"), "01/01/2021"): Text '01/01/2021' is set on object 'Object Repository/Modulo Tarea Administracion Compensacion/Legalizar Licencia No Remunerada/input_Fecha Salida_form_licenc'

2021-11-22 09:03:10 - [MESSAGE][PASSED] - Text '01/01/2021' is set on object 'Object Repository/Modulo Tarea Administracion Compensacion/Legalizar Licencia No Remunerada/input_Fecha Salida_form_licenc'

2021-11-22 09:03:10 - [TEST_STEP][PASSED] - sendKeys(findTestObject("Object Repository/Modulo Tarea Administracion Compensacion/Legalizar Licencia No Remunerada/input_Fecha Salida_form_licenc"), Keys.chord(ENTER)): Keys 'ENTER + ' sent to object: 'Object Repository/Modulo Tarea Administracion Compensacion/Legalizar Licencia No Remunerada/input_Fecha Salida_form_licenc'

2021-11-22 09:03:11 - [MESSAGE][PASSED] - Keys 'ENTER + ' sent to object: 'Object Repository/Modulo Tarea Administracion Compensacion/Legalizar Licencia No Remunerada/input_Fecha Salida_form_licenc'

2021-11-22 09:03:11 - [TEST_STEP][PASSED] - setText(findTestObject("Object Repository/Modulo Tarea Administracion Compensacion/Legalizar Licencia No Remunerada/input_Fecha Salida Nomina_form"), "28/02/2021"): Text '28/02/2021' is set on object 'Object Repository/Modulo Tarea Administracion Compensacion/Legalizar Licencia No Remunerada/input_Fecha Salida Nomina_form'

2021-11-22 09:03:12 - [MESSAGE][PASSED] - Text '28/02/2021' is set on object 'Object Repository/Modulo Tarea Administracion Compensacion/Legalizar Licencia No Remunerada/input_Fecha Salida Nomina_form'

2021-11-22 09:03:12 - [TEST_STEP][PASSED] - sendKeys(findTestObject("Object Repository/Modulo Tarea Administracion Compensacion/Legalizar Licencia No Remunerada/input_Fecha Salida Nomina_form"), Keys.chord(ENTER)): Keys 'ENTER + ' sent to object: 'Object Repository/Modulo Tarea Administracion Compensacion/Legalizar Licencia No Remunerada/input_Fecha Salida Nomina_form'

2021-11-22 09:03:12 - [MESSAGE][PASSED] - Keys 'ENTER + ' sent to object: 'Object Repository/Modulo Tarea Administracion Compensacion/Legalizar Licencia No Remunerada/input_Fecha Salida Nomina_form'

2021-11-22 09:03:12 - [TEST_STEP][PASSED] - setText(findTestObject("Object Repository/Modulo Tarea Administracion Compensacion/Legalizar Licencia No Remunerada/textarea_Observacin_form_licen"), "Prueba 2021"): Text 'Prueba 2021' is set on object 'Object Repository/Modulo Tarea Administracion Compensacion/Legalizar Licencia No Remunerada/textarea_Observacin_form_licen'

2021-11-22 09:03:13 - [MESSAGE][PASSED] - Text 'Prueba 2021' is set on object 'Object Repository/Modulo Tarea Administracion Compensacion/Legalizar Licencia No Remunerada/textarea_Observacin_form_licen'

2021-11-22 09:03:13 - [TEST_STEP][PASSED] - setText(findTestObject("Object Repository/Modulo Tarea Administracion Compensacion/Legalizar Licencia No Remunerada/input_Fecha 1_form_licenciaEmp"), "01/01/2021"): Text '01/01/2021' is set on object 'Object Repository/Modulo Tarea Administracion Compensacion/Legalizar Licencia No Remunerada/input_Fecha 1_form_licenciaEmp'

2021-11-22 09:03:14 - [MESSAGE][PASSED] - Text '01/01/2021' is set on object 'Object Repository/Modulo Tarea Administracion Compensacion/Legalizar Licencia No Remunerada/input_Fecha 1_form_licenciaEmp'

2021-11-22 09:03:14 - [TEST_STEP][PASSED] - sendKeys(findTestObject("Object Repository/Modulo Tarea Administracion Compensacion/Legalizar Licencia No Remunerada/input_Fecha 1_form_licenciaEmp"), Keys.chord(ENTER)): Keys 'ENTER + ' sent to object: 'Object Repository/Modulo Tarea Administracion Compensacion/Legalizar Licencia No Remunerada/input_Fecha 1_form_licenciaEmp'

2021-11-22 09:03:15 - [MESSAGE][PASSED] - Keys 'ENTER + ' sent to object: 'Object Repository/Modulo Tarea Administracion Compensacion/Legalizar Licencia No Remunerada/input_Fecha 1_form_licenciaEmp'

2021-11-22 09:03:15 - [TEST_STEP][PASSED] - setText(findTestObject("Object Repository/Modulo Tarea Administracion Compensacion/Legalizar Licencia No Remunerada/input_Das Ausentismo_form_lice"), "2"): Text '2' is set on object 'Object Repository/Modulo Tarea Administracion Compensacion/Legalizar Licencia No Remunerada/input_Das Ausentismo_form_lice'

2021-11-22 09:03:16 - [MESSAGE][PASSED] - Text '2' is set on object 'Object Repository/Modulo Tarea Administracion Compensacion/Legalizar Licencia No Remunerada/input_Das Ausentismo_form_lice'

2021-11-22 09:03:16 - [TEST_STEP][PASSED] - setText(findTestObject("Object Repository/Modulo Tarea Administracion Compensacion/Legalizar Licencia No Remunerada/input_Fecha 1_form_licenciaEmp_11"), "28/02/2021"): Text '28/02/2021' is set on object 'Object Repository/Modulo Tarea Administracion Compensacion/Legalizar Licencia No Remunerada/input_Fecha 1_form_licenciaEmp_11'

2021-11-22 09:03:17 - [MESSAGE][PASSED] - Text '28/02/2021' is set on object 'Object Repository/Modulo Tarea Administracion Compensacion/Legalizar Licencia No Remunerada/input_Fecha 1_form_licenciaEmp_11'

2021-11-22 09:03:17 - [TEST_STEP][PASSED] - sendKeys(findTestObject("Object Repository/Modulo Tarea Administracion Compensacion/Legalizar Licencia No Remunerada/input_Fecha 1_form_licenciaEmp_11"), Keys.chord(ENTER)): Keys 'ENTER + ' sent to object: 'Object Repository/Modulo Tarea Administracion Compensacion/Legalizar Licencia No Remunerada/input_Fecha 1_form_licenciaEmp_11'

2021-11-22 09:03:17 - [MESSAGE][PASSED] - Keys 'ENTER + ' sent to object: 'Object Repository/Modulo Tarea Administracion Compensacion/Legalizar Licencia No Remunerada/input_Fecha 1_form_licenciaEmp_11'

2021-11-22 09:03:17 - [TEST_STEP][PASSED] - setText(findTestObject("Object Repository/Modulo Tarea Administracion Compensacion/Legalizar Licencia No Remunerada/textarea_Area_form_licenciaEmp"), "Prueba 2021"): Text 'Prueba 2021' is set on object 'Object Repository/Modulo Tarea Administracion Compensacion/Legalizar Licencia No Remunerada/textarea_Area_form_licenciaEmp'

2021-11-22 09:03:18 - [MESSAGE][PASSED] - Text 'Prueba 2021' is set on object 'Object Repository/Modulo Tarea Administracion Compensacion/Legalizar Licencia No Remunerada/textarea_Area_form_licenciaEmp'

2021-11-22 09:03:18 - [TEST_STEP][PASSED] - waitForElementClickable(findTestObject("Object Repository/Modulo Tarea Administracion Compensacion/Legalizar Licencia No Remunerada/textarea_Area_form_licenciaEmpleadotabs"), G_TimeOut): Object 'Object Repository/Modulo Tarea Administracion Compensacion/Legalizar Licencia No Remunerada/textarea_Area_form_licenciaEmpleadotabs' is clickable

2021-11-22 09:03:18 - [MESSAGE][PASSED] - Object 'Object Repository/Modulo Tarea Administracion Compensacion/Legalizar Licencia No Remunerada/textarea_Area_form_licenciaEmpleadotabs' is clickable

2021-11-22 09:03:18 - [TEST_STEP][PASSED] - setText(findTestObject("Object Repository/Modulo Tarea Administracion Compensacion/Legalizar Licencia No Remunerada/textarea_Area_form_licenciaEmpleadotabs"), "Prueba"): Text 'Prueba' is set on object 'Object Repository/Modulo Tarea Administracion Compensacion/Legalizar Licencia No Remunerada/textarea_Area_form_licenciaEmpleadotabs'

2021-11-22 09:03:19 - [MESSAGE][PASSED] - Text 'Prueba' is set on object 'Object Repository/Modulo Tarea Administracion Compensacion/Legalizar Licencia No Remunerada/textarea_Area_form_licenciaEmpleadotabs'

2021-11-22 09:03:19 - [TEST_STEP][PASSED] - waitForElementClickable(findTestObject("Object Repository/Modulo Tarea Administracion Compensacion/Legalizar Licencia No Remunerada/input_Horas adicionales_form_licenciaEmpleadotabs"), G_TimeOut): Object 'Object Repository/Modulo Tarea Administracion Compensacion/Legalizar Licencia No Remunerada/input_Horas adicionales_form_licenciaEmpleadotabs' is clickable

2021-11-22 09:03:19 - [MESSAGE][PASSED] - Object 'Object Repository/Modulo Tarea Administracion Compensacion/Legalizar Licencia No Remunerada/input_Horas adicionales_form_licenciaEmpleadotabs' is clickable

2021-11-22 09:03:19 - [TEST_STEP][PASSED] - setText(findTestObject("Object Repository/Modulo Tarea Administracion Compensacion/Legalizar Licencia No Remunerada/input_Horas adicionales_form_licenciaEmpleadotabs"), "0500"): Text '0500' is set on object 'Object Repository/Modulo Tarea Administracion Compensacion/Legalizar Licencia No Remunerada/input_Horas adicionales_form_licenciaEmpleadotabs'

2021-11-22 09:03:20 - [MESSAGE][PASSED] - Text '0500' is set on object 'Object Repository/Modulo Tarea Administracion Compensacion/Legalizar Licencia No Remunerada/input_Horas adicionales_form_licenciaEmpleadotabs'

2021-11-22 09:03:20 - [TEST_STEP][PASSED] - waitForElementClickable(findTestObject("Object Repository/Modulo Tarea Administracion Compensacion/Legalizar Licencia No Remunerada/a_Afiliacin Eps_form_licenciaEmpleadotabs"), G_TimeOut): Object 'Object Repository/Modulo Tarea Administracion Compensacion/Legalizar Licencia No Remunerada/a_Afiliacin Eps_form_licenciaEmpleadotabs' is clickable

2021-11-22 09:03:21 - [MESSAGE][PASSED] - Object 'Object Repository/Modulo Tarea Administracion Compensacion/Legalizar Licencia No Remunerada/a_Afiliacin Eps_form_licenciaEmpleadotabs' is clickable

2021-11-22 09:03:21 - [TEST_STEP][PASSED] - click(findTestObject("Object Repository/Modulo Tarea Administracion Compensacion/Legalizar Licencia No Remunerada/a_Afiliacin Eps_form_licenciaEmpleadotabs")): Object: 'Object Repository/Modulo Tarea Administracion Compensacion/Legalizar Licencia No Remunerada/a_Afiliacin Eps_form_licenciaEmpleadotabs' is clicked on

2021-11-22 09:03:21 - [MESSAGE][PASSED] - Object: 'Object Repository/Modulo Tarea Administracion Compensacion/Legalizar Licencia No Remunerada/a_Afiliacin Eps_form_licenciaEmpleadotabs' is clicked on

2021-11-22 09:03:21 - [TEST_STEP][PASSED] - delay(2): Delayed 2 second(s)

2021-11-22 09:03:23 - [MESSAGE][PASSED] - Delayed 2 second(s)

2021-11-22 09:03:23 - [TEST_STEP][PASSED] - waitForElementClickable(findTestObject("Object Repository/Modulo Tarea Administracion Compensacion/Legalizar Licencia No Remunerada/td_Se ha cargado el archivo"), G_TimeOut): Web element with id: 'Object Repository/Modulo Tarea Administracion Compensacion/Legalizar Licencia No Remunerada/td_Se ha cargado el archivo' located by '//div[@id='popupDocumentoNovedad_form:j_idt1060_content']/div[2]/table/tbody/tr[2]/td[2]' not found

2021-11-22 09:03:34 - [MESSAGE][INFO] - Unable to find the element located by 'By.xpath: //div[@id='popupDocumentoNovedad_form:j_idt1060_content']/div[2]/table/tbody/tr[2]/td[2]'. Please recheck the objects properties to make sure the desired element is located. 

2021-11-22 09:03:34 - [MESSAGE][WARNING] - Web element with id: 'Object Repository/Modulo Tarea Administracion Compensacion/Legalizar Licencia No Remunerada/td_Se ha cargado el archivo' located by '//div[@id='popupDocumentoNovedad_form:j_idt1060_content']/div[2]/table/tbody/tr[2]/td[2]' not found

2021-11-22 09:03:34 - [TEST_STEP][PASSED] - click(findTestObject("Object Repository/Modulo Tarea Administracion Compensacion/Legalizar Licencia No Remunerada/Page_SARA/div_Se ha cargado el archivo_ui-fileupload-_55cbf6")): Object: 'Object Repository/Modulo Tarea Administracion Compensacion/Legalizar Licencia No Remunerada/Page_SARA/div_Se ha cargado el archivo_ui-fileupload-_55cbf6' is clicked on

2021-11-22 09:03:35 - [MESSAGE][PASSED] - Object: 'Object Repository/Modulo Tarea Administracion Compensacion/Legalizar Licencia No Remunerada/Page_SARA/div_Se ha cargado el archivo_ui-fileupload-_55cbf6' is clicked on

2021-11-22 09:03:35 - [TEST_STEP][PASSED] - delay(2): Delayed 2 second(s)

2021-11-22 09:03:37 - [MESSAGE][PASSED] - Delayed 2 second(s)

2021-11-22 09:03:37 - [TEST_STEP][PASSED] - ruta = G_rutaarchivos + "ArchivoPlanoLiquidacionNomina.txt": null

2021-11-22 09:03:37 - [TEST_STEP][PASSED] - uploadFile(findTestObject("Modulo Tarea Administracion Compensacion/Legalizar Licencia No Remunerada/input_Se ha cargado el archivo_popupDocumento"), ruta): File 'E:\unionweb14\ArchivoPlanoLiquidacionNomina.txt' sent to object: 'Object Repository/Modulo Tarea Administracion Compensacion/Legalizar Licencia No Remunerada/input_Se ha cargado el archivo_popupDocumento'

2021-11-22 09:03:37 - [MESSAGE][PASSED] - File 'E:\unionweb14\ArchivoPlanoLiquidacionNomina.txt' sent to object: 'Object Repository/Modulo Tarea Administracion Compensacion/Legalizar Licencia No Remunerada/input_Se ha cargado el archivo_popupDocumento'

2021-11-22 09:03:37 - [TEST_STEP][PASSED] - waitForElementClickable(findTestObject("Modulo Tarea Administracion Compensacion/Legalizar Licencia No Remunerada/input_Vigencia_popupDocumentoNovedad_formvigencia_input"), 0): Object 'Object Repository/Modulo Tarea Administracion Compensacion/Legalizar Licencia No Remunerada/input_Vigencia_popupDocumentoNovedad_formvigencia_input' is clickable

2021-11-22 09:03:37 - [MESSAGE][WARNING] - Timeout '0' is invalid. Using default page load timeout: '30'

2021-11-22 09:03:38 - [MESSAGE][PASSED] - Object 'Object Repository/Modulo Tarea Administracion Compensacion/Legalizar Licencia No Remunerada/input_Vigencia_popupDocumentoNovedad_formvigencia_input' is clickable

2021-11-22 09:03:38 - [TEST_STEP][PASSED] - setText(findTestObject("Modulo Tarea Administracion Compensacion/Legalizar Licencia No Remunerada/input_Vigencia_popupDocumentoNovedad_formvigencia_input"), "01/12/2021"): Text '01/12/2021' is set on object 'Object Repository/Modulo Tarea Administracion Compensacion/Legalizar Licencia No Remunerada/input_Vigencia_popupDocumentoNovedad_formvigencia_input'

2021-11-22 09:03:39 - [MESSAGE][PASSED] - Text '01/12/2021' is set on object 'Object Repository/Modulo Tarea Administracion Compensacion/Legalizar Licencia No Remunerada/input_Vigencia_popupDocumentoNovedad_formvigencia_input'

2021-11-22 09:03:39 - [TEST_STEP][PASSED] - sendKeys(findTestObject("Modulo Tarea Administracion Compensacion/Legalizar Licencia No Remunerada/input_Vigencia_popupDocumentoNovedad_formvigencia_input"), Keys.chord(ESCAPE)): Keys 'ESCAPE + ' sent to object: 'Object Repository/Modulo Tarea Administracion Compensacion/Legalizar Licencia No Remunerada/input_Vigencia_popupDocumentoNovedad_formvigencia_input'

2021-11-22 09:03:39 - [MESSAGE][PASSED] - Keys 'ESCAPE + ' sent to object: 'Object Repository/Modulo Tarea Administracion Compensacion/Legalizar Licencia No Remunerada/input_Vigencia_popupDocumentoNovedad_formvigencia_input'

2021-11-22 09:03:39 - [TEST_STEP][PASSED] - setText(findTestObject("Modulo Tarea Administracion Compensacion/Legalizar Licencia No Remunerada/textarea_Observacin_popupDocumentoNovedad_formobservacion"), "PRUEBA"): Text 'PRUEBA' is set on object 'Object Repository/Modulo Tarea Administracion Compensacion/Legalizar Licencia No Remunerada/textarea_Observacin_popupDocumentoNovedad_formobservacion'

2021-11-22 09:03:40 - [MESSAGE][PASSED] - Text 'PRUEBA' is set on object 'Object Repository/Modulo Tarea Administracion Compensacion/Legalizar Licencia No Remunerada/textarea_Observacin_popupDocumentoNovedad_formobservacion'

2021-11-22 09:03:40 - [TEST_STEP][PASSED] - click(findTestObject("Modulo Tarea Administracion Compensacion/Legalizar Licencia No Remunerada/a_Guardar_archivo")): Object: 'Object Repository/Modulo Tarea Administracion Compensacion/Legalizar Licencia No Remunerada/a_Guardar_archivo' is clicked on

2021-11-22 09:03:40 - [MESSAGE][PASSED] - Object: 'Object Repository/Modulo Tarea Administracion Compensacion/Legalizar Licencia No Remunerada/a_Guardar_archivo' is clicked on

2021-11-22 09:03:40 - [TEST_STEP][PASSED] - click(findTestObject("Modulo Tarea Administracion Compensacion/Legalizar Licencia No Remunerada/a_Guardar_1")): Object: 'Object Repository/Modulo Tarea Administracion Compensacion/Legalizar Licencia No Remunerada/a_Guardar_1' is clicked on

2021-11-22 09:03:43 - [MESSAGE][PASSED] - Object: 'Object Repository/Modulo Tarea Administracion Compensacion/Legalizar Licencia No Remunerada/a_Guardar_1' is clicked on

2021-11-22 09:03:43 - [TEST_STEP][PASSED] - closeBrowser(): Browser is closed

2021-11-22 09:03:44 - [MESSAGE][PASSED] - Browser is closed]]></system-out>
         <system-err><![CDATA[]]></system-err>
      </testcase>
      <testcase name="Test Cases/1.1-Tareas Principales/1.2.3-Legalizar Licencia Remunerada" time="44.886" classname="Test Cases/1.1-Tareas Principales/1.2.3-Legalizar Licencia Remunerada" status="PASSED">
         <system-out><![CDATA[2021-11-22 09:03:44 - [TEST_CASE][PASSED] - Test Cases/1.1-Tareas Principales/1.2.3-Legalizar Licencia Remunerada: Test Cases/1.1-Tareas Principales/1.2.3-Legalizar Licencia Remunerada

2021-11-22 09:03:44 - [TEST_STEP][PASSED] - callTestCase(findTestCase("Hutilidades/Tareas Administracion Compensacion/Tarea Listado Empleados"), [:], STOP_ON_FAILURE): Call Test Case 'Test Cases/Hutilidades/Tareas Administracion Compensacion/Tarea Listado Empleados' successfully

2021-11-22 09:03:45 - [TEST_CASE][PASSED] - Test Cases/Hutilidades/Tareas Administracion Compensacion/Tarea Listado Empleados: Test Cases/Hutilidades/Tareas Administracion Compensacion/Tarea Listado Empleados

2021-11-22 09:03:45 - [TEST_STEP][PASSED] - callTestCase(findTestCase("0.1-Login"), [:], STOP_ON_FAILURE): Call Test Case 'Test Cases/0.1-Login' successfully

2021-11-22 09:03:45 - [TEST_CASE][PASSED] - Test Cases/0.1-Login: Test Cases/0.1-Login

2021-11-22 09:03:45 - [TEST_STEP][PASSED] - openBrowser(""): Browser is opened with url: ''

2021-11-22 09:03:45 - [MESSAGE][INFO] - Starting 'Edge Chromium' driver

2021-11-22 09:03:47 - [MESSAGE][INFO] - Action delay is set to 0 milliseconds

2021-11-22 09:03:48 - [MESSAGE][PASSED] - Browser is opened with url: ''

2021-11-22 09:03:48 - [TEST_STEP][PASSED] - maximizeWindow(): Current window maximized

2021-11-22 09:03:48 - [MESSAGE][PASSED] - Current window maximized

2021-11-22 09:03:48 - [TEST_STEP][PASSED] - i = G_Login: null

2021-11-22 09:03:48 - [TEST_STEP][PASSED] - url = new java.net.URL(i): null

2021-11-22 09:03:48 - [TEST_STEP][PASSED] - println("URL: " + url.toString()): null

2021-11-22 09:03:48 - [TEST_STEP][PASSED] - connection = url.openConnection(): null

2021-11-22 09:03:48 - [TEST_STEP][PASSED] - connection.setRequestMethod("GET"): null

2021-11-22 09:03:48 - [TEST_STEP][PASSED] - connection.setReadTimeout(2 * 1000): null

2021-11-22 09:03:48 - [TEST_STEP][PASSED] - try: null

2021-11-22 09:03:48 - [TEST_STEP][PASSED] - connection.connect(): null

2021-11-22 09:03:48 - [TEST_STEP][PASSED] - flag = connected: null

2021-11-22 09:03:48 - [TEST_STEP][PASSED] - println("Valor_ori: " + flag): null

2021-11-22 09:03:48 - [TEST_STEP][PASSED] - if (flag): null

2021-11-22 09:03:48 - [TEST_STEP][PASSED] - navigateToUrl(i): Navigate to 'http://localhost:8380/saraweb/' successfully

2021-11-22 09:03:49 - [MESSAGE][PASSED] - Navigate to 'http://localhost:8380/saraweb/' successfully

2021-11-22 09:03:49 - [TEST_STEP][PASSED] - a(): null

2021-11-22 09:03:49 - [TEST_STEP][PASSED] - setText(findTestObject("Login/input_USUARIO_loginusuario"), G_Usuario): Text 'saraadmin' is set on object 'Object Repository/Login/input_USUARIO_loginusuario'

2021-11-22 09:03:49 - [MESSAGE][PASSED] - Text 'saraadmin' is set on object 'Object Repository/Login/input_USUARIO_loginusuario'

2021-11-22 09:03:49 - [TEST_STEP][PASSED] - setEncryptedText(findTestObject("Login/input_CLAVE_loginpassword"), "MkG4/TYiCFC3cb2driP7+Q=="): Text ****** has been set on object 'Object Repository/Login/input_CLAVE_loginpassword'

2021-11-22 09:03:50 - [MESSAGE][PASSED] - Text ****** has been set on object 'Object Repository/Login/input_CLAVE_loginpassword'

2021-11-22 09:03:50 - [TEST_STEP][PASSED] - waitForElementClickable(findTestObject("Login/a_Ingresar"), G_TimeOut): Object 'Object Repository/Login/a_Ingresar' is clickable

2021-11-22 09:03:50 - [MESSAGE][PASSED] - Object 'Object Repository/Login/a_Ingresar' is clickable

2021-11-22 09:03:50 - [TEST_STEP][PASSED] - click(findTestObject("Login/a_Ingresar")): Object: 'Object Repository/Login/a_Ingresar' is clicked on

2021-11-22 09:03:53 - [MESSAGE][PASSED] - Object: 'Object Repository/Login/a_Ingresar' is clicked on

2021-11-22 09:03:53 - [TEST_STEP][PASSED] - element = findWebElement(findTestObject("Login/a_Ir"), 30): null

2021-11-22 09:03:53 - [TEST_STEP][PASSED] - executeJavaScript("arguments[0].click()", Arrays.asList(element)): Execute JavaScript 'arguments[0].click()' successfully

2021-11-22 09:03:53 - [MESSAGE][PASSED] - Execute JavaScript 'arguments[0].click()' successfully

2021-11-22 09:03:53 - [MESSAGE][PASSED] - Call Test Case 'Test Cases/0.1-Login' successfully

2021-11-22 09:03:53 - [TEST_STEP][PASSED] - setText(findTestObject("Modulo Tarea Listado Hojas de Vida/Tareas Listado Hojas de Vida/input_Listado Hojas De Vida_form_templatej_idt24_input"), "Listado de Empleados"): Text 'Listado de Empleados' is set on object 'Object Repository/Modulo Tarea Listado Hojas de Vida/Tareas Listado Hojas de Vida/input_Listado Hojas De Vida_form_templatej_idt24_input'

2021-11-22 09:03:55 - [MESSAGE][PASSED] - Text 'Listado de Empleados' is set on object 'Object Repository/Modulo Tarea Listado Hojas de Vida/Tareas Listado Hojas de Vida/input_Listado Hojas De Vida_form_templatej_idt24_input'

2021-11-22 09:03:55 - [TEST_STEP][PASSED] - delay(3): Delayed 3 second(s)

2021-11-22 09:03:58 - [MESSAGE][PASSED] - Delayed 3 second(s)

2021-11-22 09:03:58 - [TEST_STEP][PASSED] - sendKeys(findTestObject("Modulo Tarea Listado Hojas de Vida/Tareas Listado Hojas de Vida/input_Listado Hojas De Vida_form_templatej_idt24_input"), Keys.chord(ENTER)): Keys 'ENTER + ' sent to object: 'Object Repository/Modulo Tarea Listado Hojas de Vida/Tareas Listado Hojas de Vida/input_Listado Hojas De Vida_form_templatej_idt24_input'

2021-11-22 09:03:58 - [MESSAGE][PASSED] - Keys 'ENTER + ' sent to object: 'Object Repository/Modulo Tarea Listado Hojas de Vida/Tareas Listado Hojas de Vida/input_Listado Hojas De Vida_form_templatej_idt24_input'

2021-11-22 09:03:58 - [MESSAGE][PASSED] - Call Test Case 'Test Cases/Hutilidades/Tareas Administracion Compensacion/Tarea Listado Empleados' successfully

2021-11-22 09:03:58 - [TEST_STEP][PASSED] - waitForElementClickable(findTestObject("Modulo Tarea Administracion Compensacion/Legalizar licencia Remunerada/input_Identificacin_listadoEmp"), 0): Object 'Object Repository/Modulo Tarea Administracion Compensacion/Legalizar licencia Remunerada/input_Identificacin_listadoEmp' is clickable

2021-11-22 09:03:58 - [MESSAGE][WARNING] - Timeout '0' is invalid. Using default page load timeout: '30'

2021-11-22 09:04:00 - [MESSAGE][PASSED] - Object 'Object Repository/Modulo Tarea Administracion Compensacion/Legalizar licencia Remunerada/input_Identificacin_listadoEmp' is clickable

2021-11-22 09:04:00 - [TEST_STEP][PASSED] - setText(findTestObject("Modulo Tarea Administracion Compensacion/Legalizar licencia Remunerada/input_Identificacin_listadoEmp"), "354968431354"): Text '354968431354' is set on object 'Object Repository/Modulo Tarea Administracion Compensacion/Legalizar licencia Remunerada/input_Identificacin_listadoEmp'

2021-11-22 09:04:01 - [MESSAGE][PASSED] - Text '354968431354' is set on object 'Object Repository/Modulo Tarea Administracion Compensacion/Legalizar licencia Remunerada/input_Identificacin_listadoEmp'

2021-11-22 09:04:01 - [TEST_STEP][PASSED] - sendKeys(findTestObject("Modulo Tarea Administracion Compensacion/Legalizar licencia Remunerada/input_Identificacin_listadoEmp"), Keys.chord(ENTER)): Keys 'ENTER + ' sent to object: 'Object Repository/Modulo Tarea Administracion Compensacion/Legalizar licencia Remunerada/input_Identificacin_listadoEmp'

2021-11-22 09:04:01 - [MESSAGE][PASSED] - Keys 'ENTER + ' sent to object: 'Object Repository/Modulo Tarea Administracion Compensacion/Legalizar licencia Remunerada/input_Identificacin_listadoEmp'

2021-11-22 09:04:01 - [TEST_STEP][PASSED] - click(findTestObject("Modulo Tarea Administracion Compensacion/Legalizar licencia Remunerada/span_CONSTA BELFEGORD JHON")): Object: 'Object Repository/Modulo Tarea Administracion Compensacion/Legalizar licencia Remunerada/span_CONSTA BELFEGORD JHON' is clicked on

2021-11-22 09:04:04 - [MESSAGE][PASSED] - Object: 'Object Repository/Modulo Tarea Administracion Compensacion/Legalizar licencia Remunerada/span_CONSTA BELFEGORD JHON' is clicked on

2021-11-22 09:04:04 - [TEST_STEP][PASSED] - click(findTestObject("Modulo Tarea Administracion Compensacion/Legalizar licencia Remunerada/span_Licencia")): Object: 'Object Repository/Modulo Tarea Administracion Compensacion/Legalizar licencia Remunerada/span_Licencia' is clicked on

2021-11-22 09:04:06 - [MESSAGE][PASSED] - Object: 'Object Repository/Modulo Tarea Administracion Compensacion/Legalizar licencia Remunerada/span_Licencia' is clicked on

2021-11-22 09:04:06 - [TEST_STEP][PASSED] - if (waitForElementClickable(findTestObject("Modulo Tarea Administracion Compensacion/Legalizar licencia Remunerada/td_Licencia Remunerada"), 1)): Web element with id: 'Object Repository/Modulo Tarea Administracion Compensacion/Legalizar licencia Remunerada/td_Licencia Remunerada' located by '//*/text()[normalize-space(.)='Licencia Remunerada']/parent::*' not found

2021-11-22 09:04:08 - [MESSAGE][INFO] - Unable to find the element located by 'By.xpath: //*/text()[normalize-space(.)='Licencia Remunerada']/parent::*'. Please recheck the objects properties to make sure the desired element is located. 

2021-11-22 09:04:08 - [MESSAGE][WARNING] - Web element with id: 'Object Repository/Modulo Tarea Administracion Compensacion/Legalizar licencia Remunerada/td_Licencia Remunerada' located by '//*/text()[normalize-space(.)='Licencia Remunerada']/parent::*' not found

2021-11-22 09:04:08 - [TEST_STEP][PASSED] - waitForElementClickable(findTestObject("Modulo Tarea Administracion Compensacion/Legalizar licencia Remunerada/span_Nuevo"), 0): Object 'Object Repository/Modulo Tarea Administracion Compensacion/Legalizar licencia Remunerada/span_Nuevo' is clickable

2021-11-22 09:04:08 - [MESSAGE][WARNING] - Timeout '0' is invalid. Using default page load timeout: '30'

2021-11-22 09:04:08 - [MESSAGE][PASSED] - Object 'Object Repository/Modulo Tarea Administracion Compensacion/Legalizar licencia Remunerada/span_Nuevo' is clickable

2021-11-22 09:04:08 - [TEST_STEP][PASSED] - click(findTestObject("Modulo Tarea Administracion Compensacion/Legalizar licencia Remunerada/span_Nuevo")): Object: 'Object Repository/Modulo Tarea Administracion Compensacion/Legalizar licencia Remunerada/span_Nuevo' is clicked on

2021-11-22 09:04:09 - [MESSAGE][PASSED] - Object: 'Object Repository/Modulo Tarea Administracion Compensacion/Legalizar licencia Remunerada/span_Nuevo' is clicked on

2021-11-22 09:04:09 - [TEST_STEP][PASSED] - click(findTestObject("Modulo Tarea Administracion Compensacion/Legalizar licencia Remunerada/span_LICENCIA REMUNERADA")): Object: 'Object Repository/Modulo Tarea Administracion Compensacion/Legalizar licencia Remunerada/span_LICENCIA REMUNERADA' is clicked on

2021-11-22 09:04:10 - [MESSAGE][PASSED] - Object: 'Object Repository/Modulo Tarea Administracion Compensacion/Legalizar licencia Remunerada/span_LICENCIA REMUNERADA' is clicked on

2021-11-22 09:04:10 - [TEST_STEP][PASSED] - click(findTestObject("Modulo Tarea Administracion Compensacion/Legalizar licencia Remunerada/a_Histrico")): Object: 'Object Repository/Modulo Tarea Administracion Compensacion/Legalizar licencia Remunerada/a_Histrico' is clicked on

2021-11-22 09:04:11 - [MESSAGE][PASSED] - Object: 'Object Repository/Modulo Tarea Administracion Compensacion/Legalizar licencia Remunerada/a_Histrico' is clicked on

2021-11-22 09:04:11 - [TEST_STEP][PASSED] - if (waitForElementClickable(findTestObject("Modulo Tarea Administracion Compensacion/Legalizar licencia Remunerada/span_Licencia Remunerada_Historico"), 1)): null

2021-11-22 09:04:12 - [MESSAGE][PASSED] - Object 'Object Repository/Modulo Tarea Administracion Compensacion/Legalizar licencia Remunerada/span_Licencia Remunerada_Historico' is clickable

2021-11-22 09:04:12 - [TEST_STEP][PASSED] - click(findTestObject("Modulo Tarea Administracion Compensacion/Legalizar licencia Remunerada/span_Licencia Remunerada_Historico")): Object: 'Object Repository/Modulo Tarea Administracion Compensacion/Legalizar licencia Remunerada/span_Licencia Remunerada_Historico' is clicked on

2021-11-22 09:04:12 - [MESSAGE][PASSED] - Object: 'Object Repository/Modulo Tarea Administracion Compensacion/Legalizar licencia Remunerada/span_Licencia Remunerada_Historico' is clicked on

2021-11-22 09:04:12 - [TEST_STEP][PASSED] - click(findTestObject("Modulo Tarea Administracion Compensacion/Legalizar licencia Remunerada/a_Eliminar_Historico")): Object: 'Object Repository/Modulo Tarea Administracion Compensacion/Legalizar licencia Remunerada/a_Eliminar_Historico' is clicked on

2021-11-22 09:04:13 - [MESSAGE][PASSED] - Object: 'Object Repository/Modulo Tarea Administracion Compensacion/Legalizar licencia Remunerada/a_Eliminar_Historico' is clicked on

2021-11-22 09:04:13 - [TEST_STEP][PASSED] - click(findTestObject("Modulo Tarea Administracion Compensacion/Legalizar licencia Remunerada/a_Aceptar_Eliminar Historico")): Object: 'Object Repository/Modulo Tarea Administracion Compensacion/Legalizar licencia Remunerada/a_Aceptar_Eliminar Historico' is clicked on

2021-11-22 09:04:15 - [MESSAGE][PASSED] - Object: 'Object Repository/Modulo Tarea Administracion Compensacion/Legalizar licencia Remunerada/a_Aceptar_Eliminar Historico' is clicked on

2021-11-22 09:04:15 - [TEST_STEP][PASSED] - waitForElementClickable(findTestObject("Modulo Tarea Administracion Compensacion/Legalizar licencia Remunerada/a_Licencia_Pestaa"), 0): Object 'Object Repository/Modulo Tarea Administracion Compensacion/Legalizar licencia Remunerada/a_Licencia_Pestaa' is clickable

2021-11-22 09:04:15 - [MESSAGE][WARNING] - Timeout '0' is invalid. Using default page load timeout: '30'

2021-11-22 09:04:15 - [MESSAGE][PASSED] - Object 'Object Repository/Modulo Tarea Administracion Compensacion/Legalizar licencia Remunerada/a_Licencia_Pestaa' is clickable

2021-11-22 09:04:15 - [TEST_STEP][PASSED] - click(findTestObject("Modulo Tarea Administracion Compensacion/Legalizar licencia Remunerada/a_Licencia_Pestaa")): Object: 'Object Repository/Modulo Tarea Administracion Compensacion/Legalizar licencia Remunerada/a_Licencia_Pestaa' is clicked on

2021-11-22 09:04:16 - [MESSAGE][PASSED] - Object: 'Object Repository/Modulo Tarea Administracion Compensacion/Legalizar licencia Remunerada/a_Licencia_Pestaa' is clicked on

2021-11-22 09:04:16 - [TEST_STEP][PASSED] - if (waitForElementClickable(findTestObject("Modulo Tarea Administracion Compensacion/Legalizar licencia Remunerada/span_Nuevo"), 1)): null

2021-11-22 09:04:17 - [MESSAGE][PASSED] - Object 'Object Repository/Modulo Tarea Administracion Compensacion/Legalizar licencia Remunerada/span_Nuevo' is clickable

2021-11-22 09:04:17 - [TEST_STEP][PASSED] - click(findTestObject("Modulo Tarea Administracion Compensacion/Legalizar licencia Remunerada/span_Nuevo")): Object: 'Object Repository/Modulo Tarea Administracion Compensacion/Legalizar licencia Remunerada/span_Nuevo' is clicked on

2021-11-22 09:04:17 - [MESSAGE][PASSED] - Object: 'Object Repository/Modulo Tarea Administracion Compensacion/Legalizar licencia Remunerada/span_Nuevo' is clicked on

2021-11-22 09:04:17 - [TEST_STEP][PASSED] - click(findTestObject("Modulo Tarea Administracion Compensacion/Legalizar licencia Remunerada/span_LICENCIA REMUNERADA")): Object: 'Object Repository/Modulo Tarea Administracion Compensacion/Legalizar licencia Remunerada/span_LICENCIA REMUNERADA' is clicked on

2021-11-22 09:04:18 - [MESSAGE][PASSED] - Object: 'Object Repository/Modulo Tarea Administracion Compensacion/Legalizar licencia Remunerada/span_LICENCIA REMUNERADA' is clicked on

2021-11-22 09:04:18 - [TEST_STEP][PASSED] - click(findTestObject("Modulo Tarea Administracion Compensacion/Legalizar licencia Remunerada/input_Prorroga_form_licenciaEm")): Object: 'Object Repository/Modulo Tarea Administracion Compensacion/Legalizar licencia Remunerada/input_Prorroga_form_licenciaEm' is clicked on

2021-11-22 09:04:19 - [MESSAGE][PASSED] - Object: 'Object Repository/Modulo Tarea Administracion Compensacion/Legalizar licencia Remunerada/input_Prorroga_form_licenciaEm' is clicked on

2021-11-22 09:04:19 - [TEST_STEP][PASSED] - setText(findTestObject("Modulo Tarea Administracion Compensacion/Legalizar licencia Remunerada/input_Fecha Salida_form_licenc"), "01/12/2018"): Text '01/12/2018' is set on object 'Object Repository/Modulo Tarea Administracion Compensacion/Legalizar licencia Remunerada/input_Fecha Salida_form_licenc'

2021-11-22 09:04:19 - [MESSAGE][PASSED] - Text '01/12/2018' is set on object 'Object Repository/Modulo Tarea Administracion Compensacion/Legalizar licencia Remunerada/input_Fecha Salida_form_licenc'

2021-11-22 09:04:19 - [TEST_STEP][PASSED] - setText(findTestObject("Modulo Tarea Administracion Compensacion/Legalizar licencia Remunerada/input_Das Ausentismo_form_lice"), "2"): Text '2' is set on object 'Object Repository/Modulo Tarea Administracion Compensacion/Legalizar licencia Remunerada/input_Das Ausentismo_form_lice'

2021-11-22 09:04:20 - [MESSAGE][PASSED] - Text '2' is set on object 'Object Repository/Modulo Tarea Administracion Compensacion/Legalizar licencia Remunerada/input_Das Ausentismo_form_lice'

2021-11-22 09:04:20 - [TEST_STEP][PASSED] - setText(findTestObject("Modulo Tarea Administracion Compensacion/Legalizar licencia Remunerada/input_Fecha Salida Nomina_form"), "31/01/2019"): Text '31/01/2019' is set on object 'Object Repository/Modulo Tarea Administracion Compensacion/Legalizar licencia Remunerada/input_Fecha Salida Nomina_form'

2021-11-22 09:04:21 - [MESSAGE][PASSED] - Text '31/01/2019' is set on object 'Object Repository/Modulo Tarea Administracion Compensacion/Legalizar licencia Remunerada/input_Fecha Salida Nomina_form'

2021-11-22 09:04:21 - [TEST_STEP][PASSED] - setText(findTestObject("Modulo Tarea Administracion Compensacion/Legalizar licencia Remunerada/textarea_Observacin_form_licen"), "aaaaaa"): Text 'aaaaaa' is set on object 'Object Repository/Modulo Tarea Administracion Compensacion/Legalizar licencia Remunerada/textarea_Observacin_form_licen'

2021-11-22 09:04:22 - [MESSAGE][PASSED] - Text 'aaaaaa' is set on object 'Object Repository/Modulo Tarea Administracion Compensacion/Legalizar licencia Remunerada/textarea_Observacin_form_licen'

2021-11-22 09:04:22 - [TEST_STEP][PASSED] - setText(findTestObject("Modulo Tarea Administracion Compensacion/Legalizar licencia Remunerada/input_Fecha 1_form_licenciaEmp"), "31/01/2019"): Text '31/01/2019' is set on object 'Object Repository/Modulo Tarea Administracion Compensacion/Legalizar licencia Remunerada/input_Fecha 1_form_licenciaEmp'

2021-11-22 09:04:24 - [MESSAGE][PASSED] - Text '31/01/2019' is set on object 'Object Repository/Modulo Tarea Administracion Compensacion/Legalizar licencia Remunerada/input_Fecha 1_form_licenciaEmp'

2021-11-22 09:04:24 - [TEST_STEP][PASSED] - sendKeys(findTestObject("Modulo Tarea Administracion Compensacion/Legalizar licencia Remunerada/input_Fecha 1_form_licenciaEmp"), Keys.chord(ESCAPE)): Keys 'ESCAPE + ' sent to object: 'Object Repository/Modulo Tarea Administracion Compensacion/Legalizar licencia Remunerada/input_Fecha 1_form_licenciaEmp'

2021-11-22 09:04:24 - [MESSAGE][PASSED] - Keys 'ESCAPE + ' sent to object: 'Object Repository/Modulo Tarea Administracion Compensacion/Legalizar licencia Remunerada/input_Fecha 1_form_licenciaEmp'

2021-11-22 09:04:24 - [TEST_STEP][PASSED] - click(findTestObject("Modulo Tarea Administracion Compensacion/Legalizar licencia Remunerada/span_Guardar Legalizar")): Object: 'Object Repository/Modulo Tarea Administracion Compensacion/Legalizar licencia Remunerada/span_Guardar Legalizar' is clicked on

2021-11-22 09:04:24 - [MESSAGE][PASSED] - Object: 'Object Repository/Modulo Tarea Administracion Compensacion/Legalizar licencia Remunerada/span_Guardar Legalizar' is clicked on

2021-11-22 09:04:24 - [TEST_STEP][PASSED] - getText(findTestObject("Alerta/Alerta")): Text of object 'Object Repository/Alerta/Alerta' is: 'Se modifico exitosamente su solicitud'

2021-11-22 09:04:29 - [MESSAGE][PASSED] - Text of object 'Object Repository/Alerta/Alerta' is: 'Se modifico exitosamente su solicitud']]></system-out>
         <system-err><![CDATA[]]></system-err>
      </testcase>
      <testcase name="Test Cases/1.1-Tareas Principales/1.7.2 Crear Histórica Incapacidad" time="44.522" classname="Test Cases/1.1-Tareas Principales/1.7.2 Crear Histórica Incapacidad" status="PASSED">
         <system-out><![CDATA[2021-11-22 09:04:29 - [TEST_CASE][PASSED] - Test Cases/1.1-Tareas Principales/1.7.2 Crear Histórica Incapacidad: Test Cases/1.1-Tareas Principales/1.7.2 Crear Histórica Incapacidad

2021-11-22 09:04:29 - [TEST_STEP][PASSED] - callTestCase(findTestCase("0.1-Login"), [:], STOP_ON_FAILURE): Call Test Case 'Test Cases/0.1-Login' successfully

2021-11-22 09:04:29 - [TEST_CASE][PASSED] - Test Cases/0.1-Login: Test Cases/0.1-Login

2021-11-22 09:04:29 - [TEST_STEP][PASSED] - openBrowser(""): Browser is opened with url: ''

2021-11-22 09:04:29 - [MESSAGE][WARNING] - A browser is already opened. Closing browser and opening a new one

2021-11-22 09:04:30 - [MESSAGE][INFO] - Starting 'Edge Chromium' driver

2021-11-22 09:04:33 - [MESSAGE][INFO] - Action delay is set to 0 milliseconds

2021-11-22 09:04:33 - [MESSAGE][PASSED] - Browser is opened with url: ''

2021-11-22 09:04:33 - [TEST_STEP][PASSED] - maximizeWindow(): Current window maximized

2021-11-22 09:04:34 - [MESSAGE][PASSED] - Current window maximized

2021-11-22 09:04:34 - [TEST_STEP][PASSED] - i = G_Login: null

2021-11-22 09:04:34 - [TEST_STEP][PASSED] - url = new java.net.URL(i): null

2021-11-22 09:04:34 - [TEST_STEP][PASSED] - println("URL: " + url.toString()): null

2021-11-22 09:04:34 - [TEST_STEP][PASSED] - connection = url.openConnection(): null

2021-11-22 09:04:34 - [TEST_STEP][PASSED] - connection.setRequestMethod("GET"): null

2021-11-22 09:04:34 - [TEST_STEP][PASSED] - connection.setReadTimeout(2 * 1000): null

2021-11-22 09:04:34 - [TEST_STEP][PASSED] - try: null

2021-11-22 09:04:34 - [TEST_STEP][PASSED] - connection.connect(): null

2021-11-22 09:04:34 - [TEST_STEP][PASSED] - flag = connected: null

2021-11-22 09:04:34 - [TEST_STEP][PASSED] - println("Valor_ori: " + flag): null

2021-11-22 09:04:34 - [TEST_STEP][PASSED] - if (flag): null

2021-11-22 09:04:34 - [TEST_STEP][PASSED] - navigateToUrl(i): Navigate to 'http://localhost:8380/saraweb/' successfully

2021-11-22 09:04:35 - [MESSAGE][PASSED] - Navigate to 'http://localhost:8380/saraweb/' successfully

2021-11-22 09:04:35 - [TEST_STEP][PASSED] - a(): null

2021-11-22 09:04:35 - [TEST_STEP][PASSED] - setText(findTestObject("Login/input_USUARIO_loginusuario"), G_Usuario): Text 'saraadmin' is set on object 'Object Repository/Login/input_USUARIO_loginusuario'

2021-11-22 09:04:35 - [MESSAGE][PASSED] - Text 'saraadmin' is set on object 'Object Repository/Login/input_USUARIO_loginusuario'

2021-11-22 09:04:35 - [TEST_STEP][PASSED] - setEncryptedText(findTestObject("Login/input_CLAVE_loginpassword"), "MkG4/TYiCFC3cb2driP7+Q=="): Text ****** has been set on object 'Object Repository/Login/input_CLAVE_loginpassword'

2021-11-22 09:04:36 - [MESSAGE][PASSED] - Text ****** has been set on object 'Object Repository/Login/input_CLAVE_loginpassword'

2021-11-22 09:04:36 - [TEST_STEP][PASSED] - waitForElementClickable(findTestObject("Login/a_Ingresar"), G_TimeOut): Object 'Object Repository/Login/a_Ingresar' is clickable

2021-11-22 09:04:36 - [MESSAGE][PASSED] - Object 'Object Repository/Login/a_Ingresar' is clickable

2021-11-22 09:04:36 - [TEST_STEP][PASSED] - click(findTestObject("Login/a_Ingresar")): Object: 'Object Repository/Login/a_Ingresar' is clicked on

2021-11-22 09:04:37 - [MESSAGE][PASSED] - Object: 'Object Repository/Login/a_Ingresar' is clicked on

2021-11-22 09:04:37 - [TEST_STEP][PASSED] - element = findWebElement(findTestObject("Login/a_Ir"), 30): null

2021-11-22 09:04:38 - [TEST_STEP][PASSED] - executeJavaScript("arguments[0].click()", Arrays.asList(element)): Execute JavaScript 'arguments[0].click()' successfully

2021-11-22 09:04:38 - [MESSAGE][PASSED] - Execute JavaScript 'arguments[0].click()' successfully

2021-11-22 09:04:38 - [MESSAGE][PASSED] - Call Test Case 'Test Cases/0.1-Login' successfully

2021-11-22 09:04:38 - [TEST_STEP][PASSED] - waitForElementClickable(findTestObject("Modulo Tarea Administracion Compensacion/Crear Histórica Incapacidad/input_ADMINISTRADOR DEL SISTEMA - SARA_form_templatej_idt24_input"), 0): Object 'Object Repository/Modulo Tarea Administracion Compensacion/Crear Histórica Incapacidad/input_ADMINISTRADOR DEL SISTEMA - SARA_form_templatej_idt24_input' is clickable

2021-11-22 09:04:38 - [MESSAGE][WARNING] - Timeout '0' is invalid. Using default page load timeout: '30'

2021-11-22 09:04:39 - [MESSAGE][PASSED] - Object 'Object Repository/Modulo Tarea Administracion Compensacion/Crear Histórica Incapacidad/input_ADMINISTRADOR DEL SISTEMA - SARA_form_templatej_idt24_input' is clickable

2021-11-22 09:04:39 - [TEST_STEP][PASSED] - setText(findTestObject("Modulo Tarea Administracion Compensacion/Crear Histórica Incapacidad/input_ADMINISTRADOR DEL SISTEMA - SARA_form_templatej_idt24_input"), "Listado de empleados"): Text 'Listado de empleados' is set on object 'Object Repository/Modulo Tarea Administracion Compensacion/Crear Histórica Incapacidad/input_ADMINISTRADOR DEL SISTEMA - SARA_form_templatej_idt24_input'

2021-11-22 09:04:40 - [MESSAGE][PASSED] - Text 'Listado de empleados' is set on object 'Object Repository/Modulo Tarea Administracion Compensacion/Crear Histórica Incapacidad/input_ADMINISTRADOR DEL SISTEMA - SARA_form_templatej_idt24_input'

2021-11-22 09:04:40 - [TEST_STEP][PASSED] - waitForElementClickable(findTestObject("Modulo Tarea Administracion Compensacion/Crear Histórica Incapacidad/span_Listado de Empleados"), 0): Object 'Object Repository/Modulo Tarea Administracion Compensacion/Crear Histórica Incapacidad/span_Listado de Empleados' is clickable

2021-11-22 09:04:40 - [MESSAGE][WARNING] - Timeout '0' is invalid. Using default page load timeout: '30'

2021-11-22 09:04:41 - [MESSAGE][PASSED] - Object 'Object Repository/Modulo Tarea Administracion Compensacion/Crear Histórica Incapacidad/span_Listado de Empleados' is clickable

2021-11-22 09:04:41 - [TEST_STEP][PASSED] - sendKeys(findTestObject("Modulo Tarea Administracion Compensacion/Crear Histórica Incapacidad/input_ADMINISTRADOR DEL SISTEMA - SARA_form_templatej_idt24_input"), Keys.chord(ENTER)): Keys 'ENTER + ' sent to object: 'Object Repository/Modulo Tarea Administracion Compensacion/Crear Histórica Incapacidad/input_ADMINISTRADOR DEL SISTEMA - SARA_form_templatej_idt24_input'

2021-11-22 09:04:42 - [MESSAGE][PASSED] - Keys 'ENTER + ' sent to object: 'Object Repository/Modulo Tarea Administracion Compensacion/Crear Histórica Incapacidad/input_ADMINISTRADOR DEL SISTEMA - SARA_form_templatej_idt24_input'

2021-11-22 09:04:42 - [TEST_STEP][PASSED] - setText(findTestObject("Modulo Tarea Administracion Compensacion/Crear Histórica Incapacidad/input_Identificacin_1234567890"), "1234567890"): Text '1234567890' is set on object 'Object Repository/Modulo Tarea Administracion Compensacion/Crear Histórica Incapacidad/input_Identificacin_1234567890'

2021-11-22 09:04:47 - [MESSAGE][PASSED] - Text '1234567890' is set on object 'Object Repository/Modulo Tarea Administracion Compensacion/Crear Histórica Incapacidad/input_Identificacin_1234567890'

2021-11-22 09:04:47 - [TEST_STEP][PASSED] - sendKeys(findTestObject("Modulo Tarea Administracion Compensacion/Crear Histórica Incapacidad/input_Identificacin_1234567890"), Keys.chord(ENTER)): Keys 'ENTER + ' sent to object: 'Object Repository/Modulo Tarea Administracion Compensacion/Crear Histórica Incapacidad/input_Identificacin_1234567890'

2021-11-22 09:04:47 - [MESSAGE][PASSED] - Keys 'ENTER + ' sent to object: 'Object Repository/Modulo Tarea Administracion Compensacion/Crear Histórica Incapacidad/input_Identificacin_1234567890'

2021-11-22 09:04:47 - [TEST_STEP][PASSED] - click(findTestObject("Modulo Tarea Administracion Compensacion/Crear Histórica Incapacidad/span_Gomez Jose")): Object: 'Object Repository/Modulo Tarea Administracion Compensacion/Crear Histórica Incapacidad/span_Gomez Jose' is clicked on

2021-11-22 09:04:48 - [MESSAGE][PASSED] - Object: 'Object Repository/Modulo Tarea Administracion Compensacion/Crear Histórica Incapacidad/span_Gomez Jose' is clicked on

2021-11-22 09:04:48 - [TEST_STEP][PASSED] - click(findTestObject("Modulo Tarea Administracion Compensacion/Crear Histórica Incapacidad/a_Incapacidad")): Object: 'Object Repository/Modulo Tarea Administracion Compensacion/Crear Histórica Incapacidad/a_Incapacidad' is clicked on

2021-11-22 09:04:50 - [MESSAGE][PASSED] - Object: 'Object Repository/Modulo Tarea Administracion Compensacion/Crear Histórica Incapacidad/a_Incapacidad' is clicked on

2021-11-22 09:04:50 - [TEST_STEP][PASSED] - waitForElementClickable(findTestObject("Modulo Tarea Administracion Compensacion/Crear Histórica Incapacidad/a_Histrico_Pestaa"), 0): Object 'Object Repository/Modulo Tarea Administracion Compensacion/Crear Histórica Incapacidad/a_Histrico_Pestaa' is clickable

2021-11-22 09:04:50 - [MESSAGE][WARNING] - Timeout '0' is invalid. Using default page load timeout: '30'

2021-11-22 09:04:50 - [MESSAGE][PASSED] - Object 'Object Repository/Modulo Tarea Administracion Compensacion/Crear Histórica Incapacidad/a_Histrico_Pestaa' is clickable

2021-11-22 09:04:50 - [TEST_STEP][PASSED] - click(findTestObject("Modulo Tarea Administracion Compensacion/Crear Histórica Incapacidad/a_Histrico_Pestaa")): Object: 'Object Repository/Modulo Tarea Administracion Compensacion/Crear Histórica Incapacidad/a_Histrico_Pestaa' is clicked on

2021-11-22 09:04:50 - [MESSAGE][PASSED] - Object: 'Object Repository/Modulo Tarea Administracion Compensacion/Crear Histórica Incapacidad/a_Histrico_Pestaa' is clicked on

2021-11-22 09:04:50 - [TEST_STEP][PASSED] - if (waitForElementClickable(findTestObject("Modulo Tarea Administracion Compensacion/Crear Histórica Incapacidad/span_Enfermedad General 21"), 1)): Web element with id: 'Object Repository/Modulo Tarea Administracion Compensacion/Crear Histórica Incapacidad/span_Enfermedad General 21' located by '//*/text()[normalize-space(.)='ENFERMEDAD GENERAL 21']/parent::*' not found

2021-11-22 09:04:53 - [MESSAGE][INFO] - Unable to find the element located by 'By.xpath: //*/text()[normalize-space(.)='ENFERMEDAD GENERAL 21']/parent::*'. Please recheck the objects properties to make sure the desired element is located. 

2021-11-22 09:04:53 - [MESSAGE][WARNING] - Web element with id: 'Object Repository/Modulo Tarea Administracion Compensacion/Crear Histórica Incapacidad/span_Enfermedad General 21' located by '//*/text()[normalize-space(.)='ENFERMEDAD GENERAL 21']/parent::*' not found

2021-11-22 09:04:53 - [TEST_STEP][PASSED] - click(findTestObject("Modulo Tarea Administracion Compensacion/Crear Histórica Incapacidad/a_Nuevo")): Object: 'Object Repository/Modulo Tarea Administracion Compensacion/Crear Histórica Incapacidad/a_Nuevo' is clicked on

2021-11-22 09:04:53 - [MESSAGE][PASSED] - Object: 'Object Repository/Modulo Tarea Administracion Compensacion/Crear Histórica Incapacidad/a_Nuevo' is clicked on

2021-11-22 09:04:53 - [TEST_STEP][PASSED] - waitForElementClickable(findTestObject("Modulo Tarea Administracion Compensacion/Crear Histórica Incapacidad/span_Enfermedad General 21"), 0): Object 'Object Repository/Modulo Tarea Administracion Compensacion/Crear Histórica Incapacidad/span_Enfermedad General 21' is clickable

2021-11-22 09:04:53 - [MESSAGE][WARNING] - Timeout '0' is invalid. Using default page load timeout: '30'

2021-11-22 09:04:54 - [MESSAGE][PASSED] - Object 'Object Repository/Modulo Tarea Administracion Compensacion/Crear Histórica Incapacidad/span_Enfermedad General 21' is clickable

2021-11-22 09:04:54 - [TEST_STEP][PASSED] - click(findTestObject("Modulo Tarea Administracion Compensacion/Crear Histórica Incapacidad/span_Enfermedad General 21")): Object: 'Object Repository/Modulo Tarea Administracion Compensacion/Crear Histórica Incapacidad/span_Enfermedad General 21' is clicked on

2021-11-22 09:04:54 - [MESSAGE][PASSED] - Object: 'Object Repository/Modulo Tarea Administracion Compensacion/Crear Histórica Incapacidad/span_Enfermedad General 21' is clicked on

2021-11-22 09:04:54 - [TEST_STEP][PASSED] - click(findTestObject("Modulo Tarea Administracion Compensacion/Crear Histórica Incapacidad/label_NO")): Object: 'Object Repository/Modulo Tarea Administracion Compensacion/Crear Histórica Incapacidad/label_NO' is clicked on

2021-11-22 09:04:56 - [MESSAGE][PASSED] - Object: 'Object Repository/Modulo Tarea Administracion Compensacion/Crear Histórica Incapacidad/label_NO' is clicked on

2021-11-22 09:04:56 - [TEST_STEP][PASSED] - setText(findTestObject("Modulo Tarea Administracion Compensacion/Crear Histórica Incapacidad/input_Salida"), "01/01/2021"): Text '01/01/2021' is set on object 'Object Repository/Modulo Tarea Administracion Compensacion/Crear Histórica Incapacidad/input_Salida'

2021-11-22 09:04:57 - [MESSAGE][PASSED] - Text '01/01/2021' is set on object 'Object Repository/Modulo Tarea Administracion Compensacion/Crear Histórica Incapacidad/input_Salida'

2021-11-22 09:04:57 - [TEST_STEP][PASSED] - setText(findTestObject("Modulo Tarea Administracion Compensacion/Crear Histórica Incapacidad/input_Termina"), "02/01/2021"): Text '02/01/2021' is set on object 'Object Repository/Modulo Tarea Administracion Compensacion/Crear Histórica Incapacidad/input_Termina'

2021-11-22 09:04:58 - [MESSAGE][PASSED] - Text '02/01/2021' is set on object 'Object Repository/Modulo Tarea Administracion Compensacion/Crear Histórica Incapacidad/input_Termina'

2021-11-22 09:04:58 - [TEST_STEP][PASSED] - setText(findTestObject("Modulo Tarea Administracion Compensacion/Crear Histórica Incapacidad/input_Regreso"), "03/01/2021"): Text '03/01/2021' is set on object 'Object Repository/Modulo Tarea Administracion Compensacion/Crear Histórica Incapacidad/input_Regreso'

2021-11-22 09:04:59 - [MESSAGE][PASSED] - Text '03/01/2021' is set on object 'Object Repository/Modulo Tarea Administracion Compensacion/Crear Histórica Incapacidad/input_Regreso'

2021-11-22 09:04:59 - [TEST_STEP][PASSED] - setText(findTestObject("Modulo Tarea Administracion Compensacion/Crear Histórica Incapacidad/input_Salida Nomina"), "28/02/2021"): Text '28/02/2021' is set on object 'Object Repository/Modulo Tarea Administracion Compensacion/Crear Histórica Incapacidad/input_Salida Nomina'

2021-11-22 09:05:00 - [MESSAGE][PASSED] - Text '28/02/2021' is set on object 'Object Repository/Modulo Tarea Administracion Compensacion/Crear Histórica Incapacidad/input_Salida Nomina'

2021-11-22 09:05:00 - [TEST_STEP][PASSED] - setText(findTestObject("Modulo Tarea Administracion Compensacion/Crear Histórica Incapacidad/input_Regreso Nomina"), "02/03/2021"): Text '02/03/2021' is set on object 'Object Repository/Modulo Tarea Administracion Compensacion/Crear Histórica Incapacidad/input_Regreso Nomina'

2021-11-22 09:05:01 - [MESSAGE][PASSED] - Text '02/03/2021' is set on object 'Object Repository/Modulo Tarea Administracion Compensacion/Crear Histórica Incapacidad/input_Regreso Nomina'

2021-11-22 09:05:01 - [TEST_STEP][PASSED] - setText(findTestObject("Modulo Tarea Administracion Compensacion/Crear Histórica Incapacidad/input_Reales"), "2"): Text '2' is set on object 'Object Repository/Modulo Tarea Administracion Compensacion/Crear Histórica Incapacidad/input_Reales'

2021-11-22 09:05:02 - [MESSAGE][PASSED] - Text '2' is set on object 'Object Repository/Modulo Tarea Administracion Compensacion/Crear Histórica Incapacidad/input_Reales'

2021-11-22 09:05:02 - [TEST_STEP][PASSED] - setText(findTestObject("Modulo Tarea Administracion Compensacion/Crear Histórica Incapacidad/input_Horas Adicionales"), "500"): Text '500' is set on object 'Object Repository/Modulo Tarea Administracion Compensacion/Crear Histórica Incapacidad/input_Horas Adicionales'

2021-11-22 09:05:03 - [MESSAGE][PASSED] - Text '500' is set on object 'Object Repository/Modulo Tarea Administracion Compensacion/Crear Histórica Incapacidad/input_Horas Adicionales'

2021-11-22 09:05:03 - [TEST_STEP][PASSED] - setText(findTestObject("Modulo Tarea Administracion Compensacion/Crear Histórica Incapacidad/input_Das Acumulados"), "0"): Text '0' is set on object 'Object Repository/Modulo Tarea Administracion Compensacion/Crear Histórica Incapacidad/input_Das Acumulados'

2021-11-22 09:05:04 - [MESSAGE][PASSED] - Text '0' is set on object 'Object Repository/Modulo Tarea Administracion Compensacion/Crear Histórica Incapacidad/input_Das Acumulados'

2021-11-22 09:05:04 - [TEST_STEP][PASSED] - setText(findTestObject("Modulo Tarea Administracion Compensacion/Crear Histórica Incapacidad/input_Inicio_form_incapacidadesEmpleadotabsIncapacidadestabfechaInicioIng_input"), "01/01/2021"): Text '01/01/2021' is set on object 'Object Repository/Modulo Tarea Administracion Compensacion/Crear Histórica Incapacidad/input_Inicio_form_incapacidadesEmpleadotabsIncapacidadestabfechaInicioIng_input'

2021-11-22 09:05:05 - [MESSAGE][PASSED] - Text '01/01/2021' is set on object 'Object Repository/Modulo Tarea Administracion Compensacion/Crear Histórica Incapacidad/input_Inicio_form_incapacidadesEmpleadotabsIncapacidadestabfechaInicioIng_input'

2021-11-22 09:05:05 - [TEST_STEP][PASSED] - selectOptionByIndex(findTestObject("Modulo Tarea Administracion Compensacion/Crear Histórica Incapacidad/select_Entidad"), "11"): All options with index in [11] are selected on object 'Object Repository/Modulo Tarea Administracion Compensacion/Crear Histórica Incapacidad/select_Entidad'

2021-11-22 09:05:06 - [MESSAGE][PASSED] - All options with index in [11] are selected on object 'Object Repository/Modulo Tarea Administracion Compensacion/Crear Histórica Incapacidad/select_Entidad'

2021-11-22 09:05:06 - [TEST_STEP][PASSED] - setText(findTestObject("Modulo Tarea Administracion Compensacion/Crear Histórica Incapacidad/textarea_Observacin"), "PRUEBA"): Text 'PRUEBA' is set on object 'Object Repository/Modulo Tarea Administracion Compensacion/Crear Histórica Incapacidad/textarea_Observacin'

2021-11-22 09:05:07 - [MESSAGE][PASSED] - Text 'PRUEBA' is set on object 'Object Repository/Modulo Tarea Administracion Compensacion/Crear Histórica Incapacidad/textarea_Observacin'

2021-11-22 09:05:07 - [TEST_STEP][PASSED] - click(findTestObject("Modulo Tarea Administracion Compensacion/Crear Histórica Incapacidad/a_Guardar")): Object: 'Object Repository/Modulo Tarea Administracion Compensacion/Crear Histórica Incapacidad/a_Guardar' is clicked on

2021-11-22 09:05:07 - [MESSAGE][PASSED] - Object: 'Object Repository/Modulo Tarea Administracion Compensacion/Crear Histórica Incapacidad/a_Guardar' is clicked on

2021-11-22 09:05:07 - [TEST_STEP][PASSED] - getText(findTestObject("Alerta/Alerta")): Text of object 'Object Repository/Alerta/Alerta' is: 'Se adicionó el registro...'

2021-11-22 09:05:09 - [MESSAGE][PASSED] - Text of object 'Object Repository/Alerta/Alerta' is: 'Se adicionó el registro...'

2021-11-22 09:05:09 - [TEST_STEP][PASSED] - waitForElementClickable(findTestObject("Modulo Tarea Administracion Compensacion/Crear Histórica Incapacidad/a_Eliminar_Incapacidad"), 0): Object 'Object Repository/Modulo Tarea Administracion Compensacion/Crear Histórica Incapacidad/a_Eliminar_Incapacidad' is clickable

2021-11-22 09:05:10 - [MESSAGE][WARNING] - Timeout '0' is invalid. Using default page load timeout: '30'

2021-11-22 09:05:10 - [MESSAGE][PASSED] - Object 'Object Repository/Modulo Tarea Administracion Compensacion/Crear Histórica Incapacidad/a_Eliminar_Incapacidad' is clickable

2021-11-22 09:05:10 - [TEST_STEP][PASSED] - click(findTestObject("Modulo Tarea Administracion Compensacion/Crear Histórica Incapacidad/a_Eliminar_Incapacidad")): Object: 'Object Repository/Modulo Tarea Administracion Compensacion/Crear Histórica Incapacidad/a_Eliminar_Incapacidad' is clicked on

2021-11-22 09:05:10 - [MESSAGE][PASSED] - Object: 'Object Repository/Modulo Tarea Administracion Compensacion/Crear Histórica Incapacidad/a_Eliminar_Incapacidad' is clicked on

2021-11-22 09:05:10 - [TEST_STEP][PASSED] - click(findTestObject("Modulo Tarea Administracion Compensacion/Crear Histórica Incapacidad/a_Aceptar_Eliminar_Incapacidad")): Object: 'Object Repository/Modulo Tarea Administracion Compensacion/Crear Histórica Incapacidad/a_Aceptar_Eliminar_Incapacidad' is clicked on

2021-11-22 09:05:13 - [MESSAGE][PASSED] - Object: 'Object Repository/Modulo Tarea Administracion Compensacion/Crear Histórica Incapacidad/a_Aceptar_Eliminar_Incapacidad' is clicked on

2021-11-22 09:05:13 - [TEST_STEP][PASSED] - closeBrowser(): Browser is closed

2021-11-22 09:05:14 - [MESSAGE][PASSED] - Browser is closed]]></system-out>
         <system-err><![CDATA[]]></system-err>
      </testcase>
      <testcase name="Test Cases/1.1-Tareas Principales/1.2.4-Incapacidad" time="57.394" classname="Test Cases/1.1-Tareas Principales/1.2.4-Incapacidad" status="PASSED">
         <system-out><![CDATA[2021-11-22 09:05:14 - [TEST_CASE][PASSED] - Test Cases/1.1-Tareas Principales/1.2.4-Incapacidad: Test Cases/1.1-Tareas Principales/1.2.4-Incapacidad

2021-11-22 09:05:14 - [TEST_STEP][PASSED] - callTestCase(findTestCase("Hutilidades/Tareas Administracion Compensacion/Tarea Listado Empleados"), [:], STOP_ON_FAILURE): Call Test Case 'Test Cases/Hutilidades/Tareas Administracion Compensacion/Tarea Listado Empleados' successfully

2021-11-22 09:05:14 - [TEST_CASE][PASSED] - Test Cases/Hutilidades/Tareas Administracion Compensacion/Tarea Listado Empleados: Test Cases/Hutilidades/Tareas Administracion Compensacion/Tarea Listado Empleados

2021-11-22 09:05:14 - [TEST_STEP][PASSED] - callTestCase(findTestCase("0.1-Login"), [:], STOP_ON_FAILURE): Call Test Case 'Test Cases/0.1-Login' successfully

2021-11-22 09:05:14 - [TEST_CASE][PASSED] - Test Cases/0.1-Login: Test Cases/0.1-Login

2021-11-22 09:05:14 - [TEST_STEP][PASSED] - openBrowser(""): Browser is opened with url: ''

2021-11-22 09:05:14 - [MESSAGE][INFO] - Starting 'Edge Chromium' driver

2021-11-22 09:05:16 - [MESSAGE][INFO] - Action delay is set to 0 milliseconds

2021-11-22 09:05:17 - [MESSAGE][PASSED] - Browser is opened with url: ''

2021-11-22 09:05:17 - [TEST_STEP][PASSED] - maximizeWindow(): Current window maximized

2021-11-22 09:05:17 - [MESSAGE][PASSED] - Current window maximized

2021-11-22 09:05:17 - [TEST_STEP][PASSED] - i = G_Login: null

2021-11-22 09:05:17 - [TEST_STEP][PASSED] - url = new java.net.URL(i): null

2021-11-22 09:05:17 - [TEST_STEP][PASSED] - println("URL: " + url.toString()): null

2021-11-22 09:05:17 - [TEST_STEP][PASSED] - connection = url.openConnection(): null

2021-11-22 09:05:17 - [TEST_STEP][PASSED] - connection.setRequestMethod("GET"): null

2021-11-22 09:05:17 - [TEST_STEP][PASSED] - connection.setReadTimeout(2 * 1000): null

2021-11-22 09:05:17 - [TEST_STEP][PASSED] - try: null

2021-11-22 09:05:17 - [TEST_STEP][PASSED] - connection.connect(): null

2021-11-22 09:05:17 - [TEST_STEP][PASSED] - flag = connected: null

2021-11-22 09:05:17 - [TEST_STEP][PASSED] - println("Valor_ori: " + flag): null

2021-11-22 09:05:17 - [TEST_STEP][PASSED] - if (flag): null

2021-11-22 09:05:17 - [TEST_STEP][PASSED] - navigateToUrl(i): Navigate to 'http://localhost:8380/saraweb/' successfully

2021-11-22 09:05:18 - [MESSAGE][PASSED] - Navigate to 'http://localhost:8380/saraweb/' successfully

2021-11-22 09:05:18 - [TEST_STEP][PASSED] - a(): null

2021-11-22 09:05:18 - [TEST_STEP][PASSED] - setText(findTestObject("Login/input_USUARIO_loginusuario"), G_Usuario): Text 'saraadmin' is set on object 'Object Repository/Login/input_USUARIO_loginusuario'

2021-11-22 09:05:19 - [MESSAGE][PASSED] - Text 'saraadmin' is set on object 'Object Repository/Login/input_USUARIO_loginusuario'

2021-11-22 09:05:19 - [TEST_STEP][PASSED] - setEncryptedText(findTestObject("Login/input_CLAVE_loginpassword"), "MkG4/TYiCFC3cb2driP7+Q=="): Text ****** has been set on object 'Object Repository/Login/input_CLAVE_loginpassword'

2021-11-22 09:05:19 - [MESSAGE][PASSED] - Text ****** has been set on object 'Object Repository/Login/input_CLAVE_loginpassword'

2021-11-22 09:05:19 - [TEST_STEP][PASSED] - waitForElementClickable(findTestObject("Login/a_Ingresar"), G_TimeOut): Object 'Object Repository/Login/a_Ingresar' is clickable

2021-11-22 09:05:20 - [MESSAGE][PASSED] - Object 'Object Repository/Login/a_Ingresar' is clickable

2021-11-22 09:05:20 - [TEST_STEP][PASSED] - click(findTestObject("Login/a_Ingresar")): Object: 'Object Repository/Login/a_Ingresar' is clicked on

2021-11-22 09:05:21 - [MESSAGE][PASSED] - Object: 'Object Repository/Login/a_Ingresar' is clicked on

2021-11-22 09:05:21 - [TEST_STEP][PASSED] - element = findWebElement(findTestObject("Login/a_Ir"), 30): null

2021-11-22 09:05:21 - [TEST_STEP][PASSED] - executeJavaScript("arguments[0].click()", Arrays.asList(element)): Execute JavaScript 'arguments[0].click()' successfully

2021-11-22 09:05:21 - [MESSAGE][PASSED] - Execute JavaScript 'arguments[0].click()' successfully

2021-11-22 09:05:21 - [MESSAGE][PASSED] - Call Test Case 'Test Cases/0.1-Login' successfully

2021-11-22 09:05:21 - [TEST_STEP][PASSED] - setText(findTestObject("Modulo Tarea Listado Hojas de Vida/Tareas Listado Hojas de Vida/input_Listado Hojas De Vida_form_templatej_idt24_input"), "Listado de Empleados"): Text 'Listado de Empleados' is set on object 'Object Repository/Modulo Tarea Listado Hojas de Vida/Tareas Listado Hojas de Vida/input_Listado Hojas De Vida_form_templatej_idt24_input'

2021-11-22 09:05:23 - [MESSAGE][PASSED] - Text 'Listado de Empleados' is set on object 'Object Repository/Modulo Tarea Listado Hojas de Vida/Tareas Listado Hojas de Vida/input_Listado Hojas De Vida_form_templatej_idt24_input'

2021-11-22 09:05:23 - [TEST_STEP][PASSED] - delay(3): Delayed 3 second(s)

2021-11-22 09:05:26 - [MESSAGE][PASSED] - Delayed 3 second(s)

2021-11-22 09:05:26 - [TEST_STEP][PASSED] - sendKeys(findTestObject("Modulo Tarea Listado Hojas de Vida/Tareas Listado Hojas de Vida/input_Listado Hojas De Vida_form_templatej_idt24_input"), Keys.chord(ENTER)): Keys 'ENTER + ' sent to object: 'Object Repository/Modulo Tarea Listado Hojas de Vida/Tareas Listado Hojas de Vida/input_Listado Hojas De Vida_form_templatej_idt24_input'

2021-11-22 09:05:27 - [MESSAGE][PASSED] - Keys 'ENTER + ' sent to object: 'Object Repository/Modulo Tarea Listado Hojas de Vida/Tareas Listado Hojas de Vida/input_Listado Hojas De Vida_form_templatej_idt24_input'

2021-11-22 09:05:27 - [MESSAGE][PASSED] - Call Test Case 'Test Cases/Hutilidades/Tareas Administracion Compensacion/Tarea Listado Empleados' successfully

2021-11-22 09:05:27 - [TEST_STEP][PASSED] - waitForElementClickable(findTestObject("Modulo Tarea Administracion Compensacion/Incapacidad/input_Identificacin_listadoEmp"), 0): Object 'Object Repository/Modulo Tarea Administracion Compensacion/Incapacidad/input_Identificacin_listadoEmp' is clickable

2021-11-22 09:05:27 - [MESSAGE][WARNING] - Timeout '0' is invalid. Using default page load timeout: '30'

2021-11-22 09:05:31 - [MESSAGE][PASSED] - Object 'Object Repository/Modulo Tarea Administracion Compensacion/Incapacidad/input_Identificacin_listadoEmp' is clickable

2021-11-22 09:05:31 - [TEST_STEP][PASSED] - setText(findTestObject("Modulo Tarea Administracion Compensacion/Incapacidad/input_Identificacin_listadoEmp"), "1234567890"): Text '1234567890' is set on object 'Object Repository/Modulo Tarea Administracion Compensacion/Incapacidad/input_Identificacin_listadoEmp'

2021-11-22 09:05:32 - [MESSAGE][PASSED] - Text '1234567890' is set on object 'Object Repository/Modulo Tarea Administracion Compensacion/Incapacidad/input_Identificacin_listadoEmp'

2021-11-22 09:05:32 - [TEST_STEP][PASSED] - sendKeys(findTestObject("Modulo Tarea Administracion Compensacion/Incapacidad/input_Identificacin_listadoEmp"), Keys.chord(ENTER)): Keys 'ENTER + ' sent to object: 'Object Repository/Modulo Tarea Administracion Compensacion/Incapacidad/input_Identificacin_listadoEmp'

2021-11-22 09:05:32 - [MESSAGE][PASSED] - Keys 'ENTER + ' sent to object: 'Object Repository/Modulo Tarea Administracion Compensacion/Incapacidad/input_Identificacin_listadoEmp'

2021-11-22 09:05:32 - [TEST_STEP][PASSED] - click(findTestObject("Modulo Tarea Administracion Compensacion/Incapacidad/span_CONSTA BELFEGORD JHON")): Object: 'Object Repository/Modulo Tarea Administracion Compensacion/Incapacidad/span_CONSTA BELFEGORD JHON' is clicked on

2021-11-22 09:05:33 - [MESSAGE][PASSED] - Object: 'Object Repository/Modulo Tarea Administracion Compensacion/Incapacidad/span_CONSTA BELFEGORD JHON' is clicked on

2021-11-22 09:05:33 - [TEST_STEP][PASSED] - click(findTestObject("Modulo Tarea Administracion Compensacion/Incapacidad/a_Licencia")): Object: 'Object Repository/Modulo Tarea Administracion Compensacion/Incapacidad/a_Licencia' is clicked on

2021-11-22 09:05:34 - [MESSAGE][PASSED] - Object: 'Object Repository/Modulo Tarea Administracion Compensacion/Incapacidad/a_Licencia' is clicked on

2021-11-22 09:05:34 - [TEST_STEP][PASSED] - if (waitForElementClickable(findTestObject("Modulo Tarea Administracion Compensacion/Incapacidad/td_Licencia Remunerada"), 1)): Web element with id: 'Object Repository/Modulo Tarea Administracion Compensacion/Incapacidad/td_Licencia Remunerada' located by '//*/text()[normalize-space(.)='Licencia Remunerada']/parent::*' not found

2021-11-22 09:05:37 - [MESSAGE][INFO] - Unable to find the element located by 'By.xpath: //*/text()[normalize-space(.)='Licencia Remunerada']/parent::*'. Please recheck the objects properties to make sure the desired element is located. 

2021-11-22 09:05:37 - [MESSAGE][WARNING] - Web element with id: 'Object Repository/Modulo Tarea Administracion Compensacion/Incapacidad/td_Licencia Remunerada' located by '//*/text()[normalize-space(.)='Licencia Remunerada']/parent::*' not found

2021-11-22 09:05:37 - [TEST_STEP][PASSED] - if (waitForElementClickable(findTestObject("Modulo Tarea Administracion Compensacion/Incapacidad/td_Licencia No Remunerada"), 1)): Web element with id: 'Object Repository/Modulo Tarea Administracion Compensacion/Incapacidad/td_Licencia No Remunerada' located by '//*/text()[normalize-space(.)='Licencia No Remunerada']/parent::*' not found

2021-11-22 09:05:39 - [MESSAGE][INFO] - Unable to find the element located by 'By.xpath: //*/text()[normalize-space(.)='Licencia No Remunerada']/parent::*'. Please recheck the objects properties to make sure the desired element is located. 

2021-11-22 09:05:39 - [MESSAGE][WARNING] - Web element with id: 'Object Repository/Modulo Tarea Administracion Compensacion/Incapacidad/td_Licencia No Remunerada' located by '//*/text()[normalize-space(.)='Licencia No Remunerada']/parent::*' not found

2021-11-22 09:05:39 - [TEST_STEP][PASSED] - click(findTestObject("Modulo Tarea Administracion Compensacion/Incapacidad/a_Incapacidad")): Object: 'Object Repository/Modulo Tarea Administracion Compensacion/Incapacidad/a_Incapacidad' is clicked on

2021-11-22 09:05:40 - [MESSAGE][PASSED] - Object: 'Object Repository/Modulo Tarea Administracion Compensacion/Incapacidad/a_Incapacidad' is clicked on

2021-11-22 09:05:40 - [TEST_STEP][PASSED] - waitForElementClickable(findTestObject("Modulo Tarea Administracion Compensacion/Incapacidad/span_Nuevo"), 0): Object 'Object Repository/Modulo Tarea Administracion Compensacion/Incapacidad/span_Nuevo' is clickable

2021-11-22 09:05:40 - [MESSAGE][WARNING] - Timeout '0' is invalid. Using default page load timeout: '30'

2021-11-22 09:05:40 - [MESSAGE][PASSED] - Object 'Object Repository/Modulo Tarea Administracion Compensacion/Incapacidad/span_Nuevo' is clickable

2021-11-22 09:05:40 - [TEST_STEP][PASSED] - click(findTestObject("Modulo Tarea Administracion Compensacion/Incapacidad/span_Nuevo")): Object: 'Object Repository/Modulo Tarea Administracion Compensacion/Incapacidad/span_Nuevo' is clicked on

2021-11-22 09:05:41 - [MESSAGE][PASSED] - Object: 'Object Repository/Modulo Tarea Administracion Compensacion/Incapacidad/span_Nuevo' is clicked on

2021-11-22 09:05:41 - [TEST_STEP][PASSED] - waitForElementClickable(findTestObject("Modulo Tarea Administracion Compensacion/Incapacidad/span_ENFERMEDAD GENERAL 21"), 0): Object 'Object Repository/Modulo Tarea Administracion Compensacion/Incapacidad/span_ENFERMEDAD GENERAL 21' is clickable

2021-11-22 09:05:41 - [MESSAGE][WARNING] - Timeout '0' is invalid. Using default page load timeout: '30'

2021-11-22 09:05:43 - [MESSAGE][PASSED] - Object 'Object Repository/Modulo Tarea Administracion Compensacion/Incapacidad/span_ENFERMEDAD GENERAL 21' is clickable

2021-11-22 09:05:43 - [TEST_STEP][PASSED] - click(findTestObject("Modulo Tarea Administracion Compensacion/Incapacidad/span_ENFERMEDAD GENERAL 21")): Object: 'Object Repository/Modulo Tarea Administracion Compensacion/Incapacidad/span_ENFERMEDAD GENERAL 21' is clicked on

2021-11-22 09:05:43 - [MESSAGE][PASSED] - Object: 'Object Repository/Modulo Tarea Administracion Compensacion/Incapacidad/span_ENFERMEDAD GENERAL 21' is clicked on

2021-11-22 09:05:43 - [TEST_STEP][PASSED] - click(findTestObject("Modulo Tarea Administracion Compensacion/Incapacidad/a_Histrico")): Object: 'Object Repository/Modulo Tarea Administracion Compensacion/Incapacidad/a_Histrico' is clicked on

2021-11-22 09:05:46 - [MESSAGE][PASSED] - Object: 'Object Repository/Modulo Tarea Administracion Compensacion/Incapacidad/a_Histrico' is clicked on

2021-11-22 09:05:46 - [TEST_STEP][PASSED] - if (waitForElementClickable(findTestObject("Modulo Tarea Administracion Compensacion/Incapacidad/span_ENFERMEDAD GENERAL 21_Historico"), 1)): null

2021-11-22 09:05:46 - [MESSAGE][PASSED] - Object 'Object Repository/Modulo Tarea Administracion Compensacion/Incapacidad/span_ENFERMEDAD GENERAL 21_Historico' is clickable

2021-11-22 09:05:46 - [TEST_STEP][PASSED] - click(findTestObject("Modulo Tarea Administracion Compensacion/Incapacidad/span_ENFERMEDAD GENERAL 21_Historico")): Object: 'Object Repository/Modulo Tarea Administracion Compensacion/Incapacidad/span_ENFERMEDAD GENERAL 21_Historico' is clicked on

2021-11-22 09:05:47 - [MESSAGE][PASSED] - Object: 'Object Repository/Modulo Tarea Administracion Compensacion/Incapacidad/span_ENFERMEDAD GENERAL 21_Historico' is clicked on

2021-11-22 09:05:47 - [TEST_STEP][PASSED] - waitForElementClickable(findTestObject("Modulo Tarea Administracion Compensacion/Incapacidad/a_Eliminar"), 0): Object 'Object Repository/Modulo Tarea Administracion Compensacion/Incapacidad/a_Eliminar' is clickable

2021-11-22 09:05:47 - [MESSAGE][WARNING] - Timeout '0' is invalid. Using default page load timeout: '30'

2021-11-22 09:05:48 - [MESSAGE][PASSED] - Object 'Object Repository/Modulo Tarea Administracion Compensacion/Incapacidad/a_Eliminar' is clickable

2021-11-22 09:05:48 - [TEST_STEP][PASSED] - click(findTestObject("Modulo Tarea Administracion Compensacion/Incapacidad/a_Eliminar")): Object: 'Object Repository/Modulo Tarea Administracion Compensacion/Incapacidad/a_Eliminar' is clicked on

2021-11-22 09:05:48 - [MESSAGE][PASSED] - Object: 'Object Repository/Modulo Tarea Administracion Compensacion/Incapacidad/a_Eliminar' is clicked on

2021-11-22 09:05:48 - [TEST_STEP][PASSED] - click(findTestObject("Modulo Tarea Administracion Compensacion/Incapacidad/a_Aceptar")): Object: 'Object Repository/Modulo Tarea Administracion Compensacion/Incapacidad/a_Aceptar' is clicked on

2021-11-22 09:05:50 - [MESSAGE][PASSED] - Object: 'Object Repository/Modulo Tarea Administracion Compensacion/Incapacidad/a_Aceptar' is clicked on

2021-11-22 09:05:50 - [TEST_STEP][PASSED] - click(findTestObject("Modulo Tarea Administracion Compensacion/Incapacidad/a_Incapacidad_pestaa")): Object: 'Object Repository/Modulo Tarea Administracion Compensacion/Incapacidad/a_Incapacidad_pestaa' is clicked on

2021-11-22 09:05:51 - [MESSAGE][PASSED] - Object: 'Object Repository/Modulo Tarea Administracion Compensacion/Incapacidad/a_Incapacidad_pestaa' is clicked on

2021-11-22 09:05:51 - [TEST_STEP][PASSED] - waitForElementClickable(findTestObject("Modulo Tarea Administracion Compensacion/Incapacidad/span_Nuevo"), 0): Object 'Object Repository/Modulo Tarea Administracion Compensacion/Incapacidad/span_Nuevo' is clickable

2021-11-22 09:05:51 - [MESSAGE][WARNING] - Timeout '0' is invalid. Using default page load timeout: '30'

2021-11-22 09:05:51 - [MESSAGE][PASSED] - Object 'Object Repository/Modulo Tarea Administracion Compensacion/Incapacidad/span_Nuevo' is clickable

2021-11-22 09:05:51 - [TEST_STEP][PASSED] - click(findTestObject("Modulo Tarea Administracion Compensacion/Incapacidad/span_Nuevo")): Object: 'Object Repository/Modulo Tarea Administracion Compensacion/Incapacidad/span_Nuevo' is clicked on

2021-11-22 09:05:52 - [MESSAGE][PASSED] - Object: 'Object Repository/Modulo Tarea Administracion Compensacion/Incapacidad/span_Nuevo' is clicked on

2021-11-22 09:05:52 - [TEST_STEP][PASSED] - waitForElementClickable(findTestObject("Modulo Tarea Administracion Compensacion/Incapacidad/span_ENFERMEDAD GENERAL 21"), 0): Object 'Object Repository/Modulo Tarea Administracion Compensacion/Incapacidad/span_ENFERMEDAD GENERAL 21' is clickable

2021-11-22 09:05:52 - [MESSAGE][WARNING] - Timeout '0' is invalid. Using default page load timeout: '30'

2021-11-22 09:05:53 - [MESSAGE][PASSED] - Object 'Object Repository/Modulo Tarea Administracion Compensacion/Incapacidad/span_ENFERMEDAD GENERAL 21' is clickable

2021-11-22 09:05:53 - [TEST_STEP][PASSED] - click(findTestObject("Modulo Tarea Administracion Compensacion/Incapacidad/span_ENFERMEDAD GENERAL 21")): Object: 'Object Repository/Modulo Tarea Administracion Compensacion/Incapacidad/span_ENFERMEDAD GENERAL 21' is clicked on

2021-11-22 09:05:53 - [MESSAGE][PASSED] - Object: 'Object Repository/Modulo Tarea Administracion Compensacion/Incapacidad/span_ENFERMEDAD GENERAL 21' is clicked on

2021-11-22 09:05:53 - [TEST_STEP][PASSED] - waitForElementClickable(findTestObject("Modulo Tarea Administracion Compensacion/Incapacidad/a_Incapacidad_pestaa"), 0): Object 'Object Repository/Modulo Tarea Administracion Compensacion/Incapacidad/a_Incapacidad_pestaa' is clickable

2021-11-22 09:05:53 - [MESSAGE][WARNING] - Timeout '0' is invalid. Using default page load timeout: '30'

2021-11-22 09:05:54 - [MESSAGE][PASSED] - Object 'Object Repository/Modulo Tarea Administracion Compensacion/Incapacidad/a_Incapacidad_pestaa' is clickable

2021-11-22 09:05:54 - [TEST_STEP][PASSED] - click(findTestObject("Modulo Tarea Administracion Compensacion/Incapacidad/a_Incapacidad_pestaa")): Object: 'Object Repository/Modulo Tarea Administracion Compensacion/Incapacidad/a_Incapacidad_pestaa' is clicked on

2021-11-22 09:05:54 - [MESSAGE][PASSED] - Object: 'Object Repository/Modulo Tarea Administracion Compensacion/Incapacidad/a_Incapacidad_pestaa' is clicked on

2021-11-22 09:05:54 - [TEST_STEP][PASSED] - setText(findTestObject("Modulo Tarea Administracion Compensacion/Incapacidad/input_Fecha Salida _form_incap"), "01/01/2021"): Text '01/01/2021' is set on object 'Object Repository/Modulo Tarea Administracion Compensacion/Incapacidad/input_Fecha Salida _form_incap'

2021-11-22 09:05:55 - [MESSAGE][PASSED] - Text '01/01/2021' is set on object 'Object Repository/Modulo Tarea Administracion Compensacion/Incapacidad/input_Fecha Salida _form_incap'

2021-11-22 09:05:55 - [TEST_STEP][PASSED] - setText(findTestObject("Modulo Tarea Administracion Compensacion/Incapacidad/input_Fecha Salida Nomina_form"), "28/02/2021"): Text '28/02/2021' is set on object 'Object Repository/Modulo Tarea Administracion Compensacion/Incapacidad/input_Fecha Salida Nomina_form'

2021-11-22 09:05:56 - [MESSAGE][PASSED] - Text '28/02/2021' is set on object 'Object Repository/Modulo Tarea Administracion Compensacion/Incapacidad/input_Fecha Salida Nomina_form'

2021-11-22 09:05:56 - [TEST_STEP][PASSED] - click(findTestObject("Modulo Tarea Administracion Compensacion/Incapacidad/input_Prorroga_form_incapacida")): Object: 'Object Repository/Modulo Tarea Administracion Compensacion/Incapacidad/input_Prorroga_form_incapacida' is clicked on

2021-11-22 09:05:57 - [MESSAGE][PASSED] - Object: 'Object Repository/Modulo Tarea Administracion Compensacion/Incapacidad/input_Prorroga_form_incapacida' is clicked on

2021-11-22 09:05:57 - [TEST_STEP][PASSED] - setText(findTestObject("Modulo Tarea Administracion Compensacion/Incapacidad/textarea_Observacin_form_incap"), "aaaa"): Text 'aaaa' is set on object 'Object Repository/Modulo Tarea Administracion Compensacion/Incapacidad/textarea_Observacin_form_incap'

2021-11-22 09:05:57 - [MESSAGE][PASSED] - Text 'aaaa' is set on object 'Object Repository/Modulo Tarea Administracion Compensacion/Incapacidad/textarea_Observacin_form_incap'

2021-11-22 09:05:57 - [TEST_STEP][PASSED] - setText(findTestObject("Modulo Tarea Administracion Compensacion/Incapacidad/input_Das Ausentismo_form_inca"), "2"): Text '2' is set on object 'Object Repository/Modulo Tarea Administracion Compensacion/Incapacidad/input_Das Ausentismo_form_inca'

2021-11-22 09:05:58 - [MESSAGE][PASSED] - Text '2' is set on object 'Object Repository/Modulo Tarea Administracion Compensacion/Incapacidad/input_Das Ausentismo_form_inca'

2021-11-22 09:05:58 - [TEST_STEP][PASSED] - setText(findTestObject("Modulo Tarea Administracion Compensacion/Incapacidad/textarea_Area_form_incapacidad"), "bbbb"): Text 'bbbb' is set on object 'Object Repository/Modulo Tarea Administracion Compensacion/Incapacidad/textarea_Area_form_incapacidad'

2021-11-22 09:05:59 - [MESSAGE][PASSED] - Text 'bbbb' is set on object 'Object Repository/Modulo Tarea Administracion Compensacion/Incapacidad/textarea_Area_form_incapacidad'

2021-11-22 09:05:59 - [TEST_STEP][PASSED] - setText(findTestObject("Modulo Tarea Administracion Compensacion/Incapacidad/input_Horas adicionales_form_incapacidades"), "0500"): Text '0500' is set on object 'Object Repository/Modulo Tarea Administracion Compensacion/Incapacidad/input_Horas adicionales_form_incapacidades'

2021-11-22 09:06:00 - [MESSAGE][PASSED] - Text '0500' is set on object 'Object Repository/Modulo Tarea Administracion Compensacion/Incapacidad/input_Horas adicionales_form_incapacidades'

2021-11-22 09:06:00 - [TEST_STEP][PASSED] - setText(findTestObject("Modulo Tarea Administracion Compensacion/Incapacidad/input_diagnostico_form_incapacidad"), "cccc"): Text 'cccc' is set on object 'Object Repository/Modulo Tarea Administracion Compensacion/Incapacidad/input_diagnostico_form_incapacidad'

2021-11-22 09:06:01 - [MESSAGE][PASSED] - Text 'cccc' is set on object 'Object Repository/Modulo Tarea Administracion Compensacion/Incapacidad/input_diagnostico_form_incapacidad'

2021-11-22 09:06:01 - [TEST_STEP][PASSED] - setText(findTestObject("Modulo Tarea Administracion Compensacion/Incapacidad/input_Fecha 1_form_incapacidad"), "15/01/2021"): Text '15/01/2021' is set on object 'Object Repository/Modulo Tarea Administracion Compensacion/Incapacidad/input_Fecha 1_form_incapacidad'

2021-11-22 09:06:01 - [MESSAGE][PASSED] - Text '15/01/2021' is set on object 'Object Repository/Modulo Tarea Administracion Compensacion/Incapacidad/input_Fecha 1_form_incapacidad'

2021-11-22 09:06:01 - [TEST_STEP][PASSED] - setText(findTestObject("Modulo Tarea Administracion Compensacion/Incapacidad/input_diagnostico_form_incapacidades2"), "aaa"): Text 'aaa' is set on object 'Object Repository/Modulo Tarea Administracion Compensacion/Incapacidad/input_diagnostico_form_incapacidades2'

2021-11-22 09:06:02 - [MESSAGE][PASSED] - Text 'aaa' is set on object 'Object Repository/Modulo Tarea Administracion Compensacion/Incapacidad/input_diagnostico_form_incapacidades2'

2021-11-22 09:06:02 - [TEST_STEP][PASSED] - click(findTestObject("Modulo Tarea Administracion Compensacion/Incapacidad/a__form_incapacidadesEmpleadoj")): Object: 'Object Repository/Modulo Tarea Administracion Compensacion/Incapacidad/a__form_incapacidadesEmpleadoj' is clicked on

2021-11-22 09:06:03 - [MESSAGE][PASSED] - Object: 'Object Repository/Modulo Tarea Administracion Compensacion/Incapacidad/a__form_incapacidadesEmpleadoj' is clicked on

2021-11-22 09:06:03 - [TEST_STEP][PASSED] - click(findTestObject("Modulo Tarea Administracion Compensacion/Incapacidad/td_OTRAS INFECCIONES ESPECIFICADAS")): Object: 'Object Repository/Modulo Tarea Administracion Compensacion/Incapacidad/td_OTRAS INFECCIONES ESPECIFICADAS' is clicked on

2021-11-22 09:06:05 - [MESSAGE][PASSED] - Object: 'Object Repository/Modulo Tarea Administracion Compensacion/Incapacidad/td_OTRAS INFECCIONES ESPECIFICADAS' is clicked on

2021-11-22 09:06:05 - [TEST_STEP][PASSED] - waitForElementClickable(findTestObject("Modulo Tarea Administracion Compensacion/Incapacidad/a__form_incapacidadesEmpleadoj_1"), 0): Object 'Object Repository/Modulo Tarea Administracion Compensacion/Incapacidad/a__form_incapacidadesEmpleadoj_1' is clickable

2021-11-22 09:06:05 - [MESSAGE][WARNING] - Timeout '0' is invalid. Using default page load timeout: '30'

2021-11-22 09:06:06 - [MESSAGE][PASSED] - Object 'Object Repository/Modulo Tarea Administracion Compensacion/Incapacidad/a__form_incapacidadesEmpleadoj_1' is clickable

2021-11-22 09:06:06 - [TEST_STEP][PASSED] - click(findTestObject("Modulo Tarea Administracion Compensacion/Incapacidad/a__form_incapacidadesEmpleadoj_1")): Object: 'Object Repository/Modulo Tarea Administracion Compensacion/Incapacidad/a__form_incapacidadesEmpleadoj_1' is clicked on

2021-11-22 09:06:06 - [MESSAGE][PASSED] - Object: 'Object Repository/Modulo Tarea Administracion Compensacion/Incapacidad/a__form_incapacidadesEmpleadoj_1' is clicked on

2021-11-22 09:06:06 - [TEST_STEP][PASSED] - click(findTestObject("Modulo Tarea Administracion Compensacion/Incapacidad/td_Diagnostico-Seguridad y Salud en el Trabajo")): Object: 'Object Repository/Modulo Tarea Administracion Compensacion/Incapacidad/td_Diagnostico-Seguridad y Salud en el Trabajo' is clicked on

2021-11-22 09:06:07 - [MESSAGE][PASSED] - Object: 'Object Repository/Modulo Tarea Administracion Compensacion/Incapacidad/td_Diagnostico-Seguridad y Salud en el Trabajo' is clicked on

2021-11-22 09:06:07 - [TEST_STEP][PASSED] - waitForElementClickable(findTestObject("Modulo Tarea Administracion Compensacion/Incapacidad/a_Guardar Legalizar"), G_TimeOut): Object 'Object Repository/Modulo Tarea Administracion Compensacion/Incapacidad/a_Guardar Legalizar' is clickable

2021-11-22 09:06:08 - [MESSAGE][PASSED] - Object 'Object Repository/Modulo Tarea Administracion Compensacion/Incapacidad/a_Guardar Legalizar' is clickable

2021-11-22 09:06:08 - [TEST_STEP][PASSED] - click(findTestObject("Modulo Tarea Administracion Compensacion/Incapacidad/a_Guardar Legalizar")): Object: 'Object Repository/Modulo Tarea Administracion Compensacion/Incapacidad/a_Guardar Legalizar' is clicked on

2021-11-22 09:06:08 - [MESSAGE][PASSED] - Object: 'Object Repository/Modulo Tarea Administracion Compensacion/Incapacidad/a_Guardar Legalizar' is clicked on

2021-11-22 09:06:08 - [TEST_STEP][PASSED] - getText(findTestObject("Alerta/Alerta")): Text of object 'Object Repository/Alerta/Alerta' is: 'Se modifico exitosamente su solicitud'

2021-11-22 09:06:11 - [MESSAGE][PASSED] - Text of object 'Object Repository/Alerta/Alerta' is: 'Se modifico exitosamente su solicitud']]></system-out>
         <system-err><![CDATA[]]></system-err>
      </testcase>
      <testcase name="Test Cases/1.1-Tareas Principales/1.2.5-Solicitud" time="40.489" classname="Test Cases/1.1-Tareas Principales/1.2.5-Solicitud" status="PASSED">
         <system-out><![CDATA[2021-11-22 09:06:11 - [TEST_CASE][PASSED] - Test Cases/1.1-Tareas Principales/1.2.5-Solicitud: Test Cases/1.1-Tareas Principales/1.2.5-Solicitud

2021-11-22 09:06:11 - [TEST_STEP][PASSED] - callTestCase(findTestCase("Hutilidades/Tareas Administracion Compensacion/Tarea Listado Empleados"), [:], STOP_ON_FAILURE): Call Test Case 'Test Cases/Hutilidades/Tareas Administracion Compensacion/Tarea Listado Empleados' successfully

2021-11-22 09:06:11 - [TEST_CASE][PASSED] - Test Cases/Hutilidades/Tareas Administracion Compensacion/Tarea Listado Empleados: Test Cases/Hutilidades/Tareas Administracion Compensacion/Tarea Listado Empleados

2021-11-22 09:06:11 - [TEST_STEP][PASSED] - callTestCase(findTestCase("0.1-Login"), [:], STOP_ON_FAILURE): Call Test Case 'Test Cases/0.1-Login' successfully

2021-11-22 09:06:11 - [TEST_CASE][PASSED] - Test Cases/0.1-Login: Test Cases/0.1-Login

2021-11-22 09:06:11 - [TEST_STEP][PASSED] - openBrowser(""): Browser is opened with url: ''

2021-11-22 09:06:11 - [MESSAGE][WARNING] - A browser is already opened. Closing browser and opening a new one

2021-11-22 09:06:12 - [MESSAGE][INFO] - Starting 'Edge Chromium' driver

2021-11-22 09:06:15 - [MESSAGE][INFO] - Action delay is set to 0 milliseconds

2021-11-22 09:06:15 - [MESSAGE][PASSED] - Browser is opened with url: ''

2021-11-22 09:06:15 - [TEST_STEP][PASSED] - maximizeWindow(): Current window maximized

2021-11-22 09:06:16 - [MESSAGE][PASSED] - Current window maximized

2021-11-22 09:06:16 - [TEST_STEP][PASSED] - i = G_Login: null

2021-11-22 09:06:16 - [TEST_STEP][PASSED] - url = new java.net.URL(i): null

2021-11-22 09:06:16 - [TEST_STEP][PASSED] - println("URL: " + url.toString()): null

2021-11-22 09:06:16 - [TEST_STEP][PASSED] - connection = url.openConnection(): null

2021-11-22 09:06:16 - [TEST_STEP][PASSED] - connection.setRequestMethod("GET"): null

2021-11-22 09:06:16 - [TEST_STEP][PASSED] - connection.setReadTimeout(2 * 1000): null

2021-11-22 09:06:16 - [TEST_STEP][PASSED] - try: null

2021-11-22 09:06:16 - [TEST_STEP][PASSED] - connection.connect(): null

2021-11-22 09:06:16 - [TEST_STEP][PASSED] - flag = connected: null

2021-11-22 09:06:16 - [TEST_STEP][PASSED] - println("Valor_ori: " + flag): null

2021-11-22 09:06:16 - [TEST_STEP][PASSED] - if (flag): null

2021-11-22 09:06:16 - [TEST_STEP][PASSED] - navigateToUrl(i): Navigate to 'http://localhost:8380/saraweb/' successfully

2021-11-22 09:06:16 - [MESSAGE][PASSED] - Navigate to 'http://localhost:8380/saraweb/' successfully

2021-11-22 09:06:16 - [TEST_STEP][PASSED] - a(): null

2021-11-22 09:06:16 - [TEST_STEP][PASSED] - setText(findTestObject("Login/input_USUARIO_loginusuario"), G_Usuario): Text 'saraadmin' is set on object 'Object Repository/Login/input_USUARIO_loginusuario'

2021-11-22 09:06:17 - [MESSAGE][PASSED] - Text 'saraadmin' is set on object 'Object Repository/Login/input_USUARIO_loginusuario'

2021-11-22 09:06:17 - [TEST_STEP][PASSED] - setEncryptedText(findTestObject("Login/input_CLAVE_loginpassword"), "MkG4/TYiCFC3cb2driP7+Q=="): Text ****** has been set on object 'Object Repository/Login/input_CLAVE_loginpassword'

2021-11-22 09:06:18 - [MESSAGE][PASSED] - Text ****** has been set on object 'Object Repository/Login/input_CLAVE_loginpassword'

2021-11-22 09:06:18 - [TEST_STEP][PASSED] - waitForElementClickable(findTestObject("Login/a_Ingresar"), G_TimeOut): Object 'Object Repository/Login/a_Ingresar' is clickable

2021-11-22 09:06:18 - [MESSAGE][PASSED] - Object 'Object Repository/Login/a_Ingresar' is clickable

2021-11-22 09:06:18 - [TEST_STEP][PASSED] - click(findTestObject("Login/a_Ingresar")): Object: 'Object Repository/Login/a_Ingresar' is clicked on

2021-11-22 09:06:20 - [MESSAGE][PASSED] - Object: 'Object Repository/Login/a_Ingresar' is clicked on

2021-11-22 09:06:20 - [TEST_STEP][PASSED] - element = findWebElement(findTestObject("Login/a_Ir"), 30): null

2021-11-22 09:06:20 - [TEST_STEP][PASSED] - executeJavaScript("arguments[0].click()", Arrays.asList(element)): Execute JavaScript 'arguments[0].click()' successfully

2021-11-22 09:06:20 - [MESSAGE][PASSED] - Execute JavaScript 'arguments[0].click()' successfully

2021-11-22 09:06:20 - [MESSAGE][PASSED] - Call Test Case 'Test Cases/0.1-Login' successfully

2021-11-22 09:06:20 - [TEST_STEP][PASSED] - setText(findTestObject("Modulo Tarea Listado Hojas de Vida/Tareas Listado Hojas de Vida/input_Listado Hojas De Vida_form_templatej_idt24_input"), "Listado de Empleados"): Text 'Listado de Empleados' is set on object 'Object Repository/Modulo Tarea Listado Hojas de Vida/Tareas Listado Hojas de Vida/input_Listado Hojas De Vida_form_templatej_idt24_input'

2021-11-22 09:06:22 - [MESSAGE][PASSED] - Text 'Listado de Empleados' is set on object 'Object Repository/Modulo Tarea Listado Hojas de Vida/Tareas Listado Hojas de Vida/input_Listado Hojas De Vida_form_templatej_idt24_input'

2021-11-22 09:06:22 - [TEST_STEP][PASSED] - delay(3): Delayed 3 second(s)

2021-11-22 09:06:25 - [MESSAGE][PASSED] - Delayed 3 second(s)

2021-11-22 09:06:25 - [TEST_STEP][PASSED] - sendKeys(findTestObject("Modulo Tarea Listado Hojas de Vida/Tareas Listado Hojas de Vida/input_Listado Hojas De Vida_form_templatej_idt24_input"), Keys.chord(ENTER)): Keys 'ENTER + ' sent to object: 'Object Repository/Modulo Tarea Listado Hojas de Vida/Tareas Listado Hojas de Vida/input_Listado Hojas De Vida_form_templatej_idt24_input'

2021-11-22 09:06:25 - [MESSAGE][PASSED] - Keys 'ENTER + ' sent to object: 'Object Repository/Modulo Tarea Listado Hojas de Vida/Tareas Listado Hojas de Vida/input_Listado Hojas De Vida_form_templatej_idt24_input'

2021-11-22 09:06:25 - [MESSAGE][PASSED] - Call Test Case 'Test Cases/Hutilidades/Tareas Administracion Compensacion/Tarea Listado Empleados' successfully

2021-11-22 09:06:25 - [TEST_STEP][PASSED] - waitForElementClickable(findTestObject("Modulo Tarea Administracion Compensacion/Solicitud/input_Identificacin_listadoEmp"), 0): Object 'Object Repository/Modulo Tarea Administracion Compensacion/Solicitud/input_Identificacin_listadoEmp' is clickable

2021-11-22 09:06:25 - [MESSAGE][WARNING] - Timeout '0' is invalid. Using default page load timeout: '30'

2021-11-22 09:06:29 - [MESSAGE][PASSED] - Object 'Object Repository/Modulo Tarea Administracion Compensacion/Solicitud/input_Identificacin_listadoEmp' is clickable

2021-11-22 09:06:29 - [TEST_STEP][PASSED] - setText(findTestObject("Modulo Tarea Administracion Compensacion/Solicitud/input_Identificacin_listadoEmp"), "354968431354"): Text '354968431354' is set on object 'Object Repository/Modulo Tarea Administracion Compensacion/Solicitud/input_Identificacin_listadoEmp'

2021-11-22 09:06:30 - [MESSAGE][PASSED] - Text '354968431354' is set on object 'Object Repository/Modulo Tarea Administracion Compensacion/Solicitud/input_Identificacin_listadoEmp'

2021-11-22 09:06:30 - [TEST_STEP][PASSED] - sendKeys(findTestObject("Modulo Tarea Administracion Compensacion/Solicitud/input_Identificacin_listadoEmp"), Keys.chord(ENTER)): Keys 'ENTER + ' sent to object: 'Object Repository/Modulo Tarea Administracion Compensacion/Solicitud/input_Identificacin_listadoEmp'

2021-11-22 09:06:30 - [MESSAGE][PASSED] - Keys 'ENTER + ' sent to object: 'Object Repository/Modulo Tarea Administracion Compensacion/Solicitud/input_Identificacin_listadoEmp'

2021-11-22 09:06:30 - [TEST_STEP][PASSED] - click(findTestObject("Modulo Tarea Administracion Compensacion/Solicitud/span_CONSTA BELFEGORD JHON")): Object: 'Object Repository/Modulo Tarea Administracion Compensacion/Solicitud/span_CONSTA BELFEGORD JHON' is clicked on

2021-11-22 09:06:31 - [MESSAGE][PASSED] - Object: 'Object Repository/Modulo Tarea Administracion Compensacion/Solicitud/span_CONSTA BELFEGORD JHON' is clicked on

2021-11-22 09:06:31 - [TEST_STEP][PASSED] - click(findTestObject("Modulo Tarea Administracion Compensacion/Solicitud/a_Solicitud")): Object: 'Object Repository/Modulo Tarea Administracion Compensacion/Solicitud/a_Solicitud' is clicked on

2021-11-22 09:06:33 - [MESSAGE][PASSED] - Object: 'Object Repository/Modulo Tarea Administracion Compensacion/Solicitud/a_Solicitud' is clicked on

2021-11-22 09:06:33 - [TEST_STEP][PASSED] - if (waitForElementClickable(findTestObject("Modulo Tarea Administracion Compensacion/Solicitud/span_Certificado Personal Planta_ preexistente"), 1)): null

2021-11-22 09:06:34 - [MESSAGE][PASSED] - Object 'Object Repository/Modulo Tarea Administracion Compensacion/Solicitud/span_Certificado Personal Planta_ preexistente' is clickable

2021-11-22 09:06:34 - [TEST_STEP][PASSED] - click(findTestObject("Modulo Tarea Administracion Compensacion/Solicitud/span_Certificado Personal Planta_ preexistente")): Object: 'Object Repository/Modulo Tarea Administracion Compensacion/Solicitud/span_Certificado Personal Planta_ preexistente' is clicked on

2021-11-22 09:06:34 - [MESSAGE][PASSED] - Object: 'Object Repository/Modulo Tarea Administracion Compensacion/Solicitud/span_Certificado Personal Planta_ preexistente' is clicked on

2021-11-22 09:06:34 - [TEST_STEP][PASSED] - waitForElementClickable(findTestObject("Modulo Tarea Administracion Compensacion/Solicitud/a_Eliminar"), 0): Object 'Object Repository/Modulo Tarea Administracion Compensacion/Solicitud/a_Eliminar' is clickable

2021-11-22 09:06:34 - [MESSAGE][WARNING] - Timeout '0' is invalid. Using default page load timeout: '30'

2021-11-22 09:06:36 - [MESSAGE][PASSED] - Object 'Object Repository/Modulo Tarea Administracion Compensacion/Solicitud/a_Eliminar' is clickable

2021-11-22 09:06:36 - [TEST_STEP][PASSED] - click(findTestObject("Modulo Tarea Administracion Compensacion/Solicitud/a_Eliminar")): Object: 'Object Repository/Modulo Tarea Administracion Compensacion/Solicitud/a_Eliminar' is clicked on

2021-11-22 09:06:36 - [MESSAGE][PASSED] - Object: 'Object Repository/Modulo Tarea Administracion Compensacion/Solicitud/a_Eliminar' is clicked on

2021-11-22 09:06:36 - [TEST_STEP][PASSED] - click(findTestObject("Modulo Tarea Administracion Compensacion/Solicitud/span_Si")): Object: 'Object Repository/Modulo Tarea Administracion Compensacion/Solicitud/span_Si' is clicked on

2021-11-22 09:06:37 - [MESSAGE][PASSED] - Object: 'Object Repository/Modulo Tarea Administracion Compensacion/Solicitud/span_Si' is clicked on

2021-11-22 09:06:37 - [TEST_STEP][PASSED] - click(findTestObject("Modulo Tarea Administracion Compensacion/Solicitud/span_Prueba")): Object: 'Object Repository/Modulo Tarea Administracion Compensacion/Solicitud/span_Prueba' is clicked on

2021-11-22 09:06:38 - [MESSAGE][PASSED] - Object: 'Object Repository/Modulo Tarea Administracion Compensacion/Solicitud/span_Prueba' is clicked on

2021-11-22 09:06:38 - [TEST_STEP][PASSED] - waitForElementClickable(findTestObject("Modulo Tarea Administracion Compensacion/Solicitud/a_Acta De Grado   Diploma_form_solicitudesEmpleadolistaDocumentos0j_idt2892"), 0): Object 'Object Repository/Modulo Tarea Administracion Compensacion/Solicitud/a_Acta De Grado   Diploma_form_solicitudesEmpleadolistaDocumentos0j_idt2892' is clickable

2021-11-22 09:06:38 - [MESSAGE][WARNING] - Timeout '0' is invalid. Using default page load timeout: '30'

2021-11-22 09:06:39 - [MESSAGE][PASSED] - Object 'Object Repository/Modulo Tarea Administracion Compensacion/Solicitud/a_Acta De Grado   Diploma_form_solicitudesEmpleadolistaDocumentos0j_idt2892' is clickable

2021-11-22 09:06:39 - [TEST_STEP][PASSED] - click(findTestObject("Modulo Tarea Administracion Compensacion/Solicitud/a_Acta De Grado   Diploma_form_solicitudesEmpleadolistaDocumentos0j_idt2892")): Object: 'Object Repository/Modulo Tarea Administracion Compensacion/Solicitud/a_Acta De Grado   Diploma_form_solicitudesEmpleadolistaDocumentos0j_idt2892' is clicked on

2021-11-22 09:06:39 - [MESSAGE][PASSED] - Object: 'Object Repository/Modulo Tarea Administracion Compensacion/Solicitud/a_Acta De Grado   Diploma_form_solicitudesEmpleadolistaDocumentos0j_idt2892' is clicked on

2021-11-22 09:06:39 - [TEST_STEP][PASSED] - waitForElementClickable(findTestObject("Modulo Tarea Administracion Compensacion/Solicitud/input_Se ha cargado el archivo_popupDocumentoNovedad"), 0): Object 'Object Repository/Modulo Tarea Administracion Compensacion/Solicitud/input_Se ha cargado el archivo_popupDocumentoNovedad' is clickable

2021-11-22 09:06:39 - [MESSAGE][WARNING] - Timeout '0' is invalid. Using default page load timeout: '30'

2021-11-22 09:06:40 - [MESSAGE][PASSED] - Object 'Object Repository/Modulo Tarea Administracion Compensacion/Solicitud/input_Se ha cargado el archivo_popupDocumentoNovedad' is clickable

2021-11-22 09:06:40 - [TEST_STEP][PASSED] - ruta = G_rutaarchivos + "certificado_personal_planta.txt": null

2021-11-22 09:06:40 - [TEST_STEP][PASSED] - uploadFile(findTestObject("Modulo Tarea Administracion Compensacion/Solicitud/input_Se ha cargado el archivo_popupDocumentoNovedad"), ruta): File 'E:\unionweb14\certificado_personal_planta.txt' sent to object: 'Object Repository/Modulo Tarea Administracion Compensacion/Solicitud/input_Se ha cargado el archivo_popupDocumentoNovedad'

2021-11-22 09:06:41 - [MESSAGE][PASSED] - File 'E:\unionweb14\certificado_personal_planta.txt' sent to object: 'Object Repository/Modulo Tarea Administracion Compensacion/Solicitud/input_Se ha cargado el archivo_popupDocumentoNovedad'

2021-11-22 09:06:41 - [TEST_STEP][PASSED] - waitForElementClickable(findTestObject("Modulo Tarea Administracion Compensacion/Solicitud/input_Vigencia_popupDocumentoNovedad"), 0): Object 'Object Repository/Modulo Tarea Administracion Compensacion/Solicitud/input_Vigencia_popupDocumentoNovedad' is clickable

2021-11-22 09:06:41 - [MESSAGE][WARNING] - Timeout '0' is invalid. Using default page load timeout: '30'

2021-11-22 09:06:41 - [MESSAGE][PASSED] - Object 'Object Repository/Modulo Tarea Administracion Compensacion/Solicitud/input_Vigencia_popupDocumentoNovedad' is clickable

2021-11-22 09:06:41 - [TEST_STEP][PASSED] - setText(findTestObject("Modulo Tarea Administracion Compensacion/Solicitud/input_Vigencia_popupDocumentoNovedad"), "01/07/2021"): Text '01/07/2021' is set on object 'Object Repository/Modulo Tarea Administracion Compensacion/Solicitud/input_Vigencia_popupDocumentoNovedad'

2021-11-22 09:06:42 - [MESSAGE][PASSED] - Text '01/07/2021' is set on object 'Object Repository/Modulo Tarea Administracion Compensacion/Solicitud/input_Vigencia_popupDocumentoNovedad'

2021-11-22 09:06:42 - [TEST_STEP][PASSED] - sendKeys(findTestObject("Modulo Tarea Administracion Compensacion/Solicitud/input_Vigencia_popupDocumentoNovedad_formvigencia_input"), Keys.chord(ESCAPE)): Keys 'ESCAPE + ' sent to object: 'Object Repository/Modulo Tarea Administracion Compensacion/Solicitud/input_Vigencia_popupDocumentoNovedad_formvigencia_input'

2021-11-22 09:06:43 - [MESSAGE][PASSED] - Keys 'ESCAPE + ' sent to object: 'Object Repository/Modulo Tarea Administracion Compensacion/Solicitud/input_Vigencia_popupDocumentoNovedad_formvigencia_input'

2021-11-22 09:06:43 - [TEST_STEP][PASSED] - setText(findTestObject("Modulo Tarea Administracion Compensacion/Solicitud/textarea_Observacin_popupDocumentoNovedad_formobservacion"), "PRUEBA"): Text 'PRUEBA' is set on object 'Object Repository/Modulo Tarea Administracion Compensacion/Solicitud/textarea_Observacin_popupDocumentoNovedad_formobservacion'

2021-11-22 09:06:43 - [MESSAGE][PASSED] - Text 'PRUEBA' is set on object 'Object Repository/Modulo Tarea Administracion Compensacion/Solicitud/textarea_Observacin_popupDocumentoNovedad_formobservacion'

2021-11-22 09:06:43 - [TEST_STEP][PASSED] - click(findTestObject("Modulo Tarea Administracion Compensacion/Solicitud/a_Guardar_Solicitud")): Object: 'Object Repository/Modulo Tarea Administracion Compensacion/Solicitud/a_Guardar_Solicitud' is clicked on

2021-11-22 09:06:44 - [MESSAGE][PASSED] - Object: 'Object Repository/Modulo Tarea Administracion Compensacion/Solicitud/a_Guardar_Solicitud' is clicked on

2021-11-22 09:06:44 - [TEST_STEP][PASSED] - waitForElementClickable(findTestObject("Modulo Tarea Administracion Compensacion/Solicitud/a_Guardar"), 0): Object 'Object Repository/Modulo Tarea Administracion Compensacion/Solicitud/a_Guardar' is clickable

2021-11-22 09:06:44 - [MESSAGE][WARNING] - Timeout '0' is invalid. Using default page load timeout: '30'

2021-11-22 09:06:45 - [MESSAGE][PASSED] - Object 'Object Repository/Modulo Tarea Administracion Compensacion/Solicitud/a_Guardar' is clickable

2021-11-22 09:06:45 - [TEST_STEP][PASSED] - click(findTestObject("Modulo Tarea Administracion Compensacion/Solicitud/a_Guardar")): Object: 'Object Repository/Modulo Tarea Administracion Compensacion/Solicitud/a_Guardar' is clicked on

2021-11-22 09:06:45 - [MESSAGE][PASSED] - Object: 'Object Repository/Modulo Tarea Administracion Compensacion/Solicitud/a_Guardar' is clicked on

2021-11-22 09:06:45 - [TEST_STEP][PASSED] - getText(findTestObject("Alerta/Alerta")): Text of object 'Object Repository/Alerta/Alerta' is: 'Se actualizo el registro satisfactoriamente'

2021-11-22 09:06:50 - [MESSAGE][PASSED] - Text of object 'Object Repository/Alerta/Alerta' is: 'Se actualizo el registro satisfactoriamente'

2021-11-22 09:06:50 - [TEST_STEP][PASSED] - closeBrowser(): Browser is closed

2021-11-22 09:06:51 - [MESSAGE][PASSED] - Browser is closed]]></system-out>
         <system-err><![CDATA[]]></system-err>
      </testcase>
      <testcase name="Test Cases/1.1-Tareas Principales/1.2.6-Legalizar Solicitud Nov Empelado" time="36.377" classname="Test Cases/1.1-Tareas Principales/1.2.6-Legalizar Solicitud Nov Empelado" status="PASSED">
         <system-out><![CDATA[2021-11-22 09:06:51 - [TEST_CASE][PASSED] - Test Cases/1.1-Tareas Principales/1.2.6-Legalizar Solicitud Nov Empelado: Test Cases/1.1-Tareas Principales/1.2.6-Legalizar Solicitud Nov Empelado

2021-11-22 09:06:52 - [TEST_STEP][PASSED] - callTestCase(findTestCase("Hutilidades/Tareas Administracion Compensacion/Tarea Aplicacion Nov. Empleado"), [:], STOP_ON_FAILURE): Call Test Case 'Test Cases/Hutilidades/Tareas Administracion Compensacion/Tarea Aplicacion Nov. Empleado' successfully

2021-11-22 09:06:52 - [TEST_CASE][PASSED] - Test Cases/Hutilidades/Tareas Administracion Compensacion/Tarea Aplicacion Nov. Empleado: Test Cases/Hutilidades/Tareas Administracion Compensacion/Tarea Aplicacion Nov. Empleado

2021-11-22 09:06:52 - [TEST_STEP][PASSED] - callTestCase(findTestCase("0.1-Login"), [:], STOP_ON_FAILURE): Call Test Case 'Test Cases/0.1-Login' successfully

2021-11-22 09:06:52 - [TEST_CASE][PASSED] - Test Cases/0.1-Login: Test Cases/0.1-Login

2021-11-22 09:06:52 - [TEST_STEP][PASSED] - openBrowser(""): Browser is opened with url: ''

2021-11-22 09:06:52 - [MESSAGE][INFO] - Starting 'Edge Chromium' driver

2021-11-22 09:06:54 - [MESSAGE][INFO] - Action delay is set to 0 milliseconds

2021-11-22 09:06:55 - [MESSAGE][PASSED] - Browser is opened with url: ''

2021-11-22 09:06:55 - [TEST_STEP][PASSED] - maximizeWindow(): Current window maximized

2021-11-22 09:06:55 - [MESSAGE][PASSED] - Current window maximized

2021-11-22 09:06:55 - [TEST_STEP][PASSED] - i = G_Login: null

2021-11-22 09:06:55 - [TEST_STEP][PASSED] - url = new java.net.URL(i): null

2021-11-22 09:06:55 - [TEST_STEP][PASSED] - println("URL: " + url.toString()): null

2021-11-22 09:06:55 - [TEST_STEP][PASSED] - connection = url.openConnection(): null

2021-11-22 09:06:55 - [TEST_STEP][PASSED] - connection.setRequestMethod("GET"): null

2021-11-22 09:06:55 - [TEST_STEP][PASSED] - connection.setReadTimeout(2 * 1000): null

2021-11-22 09:06:55 - [TEST_STEP][PASSED] - try: null

2021-11-22 09:06:55 - [TEST_STEP][PASSED] - connection.connect(): null

2021-11-22 09:06:55 - [TEST_STEP][PASSED] - flag = connected: null

2021-11-22 09:06:55 - [TEST_STEP][PASSED] - println("Valor_ori: " + flag): null

2021-11-22 09:06:55 - [TEST_STEP][PASSED] - if (flag): null

2021-11-22 09:06:55 - [TEST_STEP][PASSED] - navigateToUrl(i): Navigate to 'http://localhost:8380/saraweb/' successfully

2021-11-22 09:06:56 - [MESSAGE][PASSED] - Navigate to 'http://localhost:8380/saraweb/' successfully

2021-11-22 09:06:56 - [TEST_STEP][PASSED] - a(): null

2021-11-22 09:06:56 - [TEST_STEP][PASSED] - setText(findTestObject("Login/input_USUARIO_loginusuario"), G_Usuario): Text 'saraadmin' is set on object 'Object Repository/Login/input_USUARIO_loginusuario'

2021-11-22 09:06:57 - [MESSAGE][PASSED] - Text 'saraadmin' is set on object 'Object Repository/Login/input_USUARIO_loginusuario'

2021-11-22 09:06:57 - [TEST_STEP][PASSED] - setEncryptedText(findTestObject("Login/input_CLAVE_loginpassword"), "MkG4/TYiCFC3cb2driP7+Q=="): Text ****** has been set on object 'Object Repository/Login/input_CLAVE_loginpassword'

2021-11-22 09:06:58 - [MESSAGE][PASSED] - Text ****** has been set on object 'Object Repository/Login/input_CLAVE_loginpassword'

2021-11-22 09:06:58 - [TEST_STEP][PASSED] - waitForElementClickable(findTestObject("Login/a_Ingresar"), G_TimeOut): Object 'Object Repository/Login/a_Ingresar' is clickable

2021-11-22 09:06:58 - [MESSAGE][PASSED] - Object 'Object Repository/Login/a_Ingresar' is clickable

2021-11-22 09:06:58 - [TEST_STEP][PASSED] - click(findTestObject("Login/a_Ingresar")): Object: 'Object Repository/Login/a_Ingresar' is clicked on

2021-11-22 09:06:59 - [MESSAGE][PASSED] - Object: 'Object Repository/Login/a_Ingresar' is clicked on

2021-11-22 09:06:59 - [TEST_STEP][PASSED] - element = findWebElement(findTestObject("Login/a_Ir"), 30): null

2021-11-22 09:07:00 - [TEST_STEP][PASSED] - executeJavaScript("arguments[0].click()", Arrays.asList(element)): Execute JavaScript 'arguments[0].click()' successfully

2021-11-22 09:07:00 - [MESSAGE][PASSED] - Execute JavaScript 'arguments[0].click()' successfully

2021-11-22 09:07:00 - [MESSAGE][PASSED] - Call Test Case 'Test Cases/0.1-Login' successfully

2021-11-22 09:07:00 - [TEST_STEP][PASSED] - delay(2): Delayed 2 second(s)

2021-11-22 09:07:02 - [MESSAGE][PASSED] - Delayed 2 second(s)

2021-11-22 09:07:02 - [TEST_STEP][PASSED] - setText(findTestObject("Modulo Tarea Administracion Compensacion/Tarea Aplicacion Nov. Empleado/input_Listado Hojas De Vida_form_templatej_idt24_input"), "Aplicacion Nov. Empleado"): Text 'Aplicacion Nov. Empleado' is set on object 'Object Repository/Modulo Tarea Administracion Compensacion/Tarea Aplicacion Nov. Empleado/input_Listado Hojas De Vida_form_templatej_idt24_input'

2021-11-22 09:07:02 - [MESSAGE][PASSED] - Text 'Aplicacion Nov. Empleado' is set on object 'Object Repository/Modulo Tarea Administracion Compensacion/Tarea Aplicacion Nov. Empleado/input_Listado Hojas De Vida_form_templatej_idt24_input'

2021-11-22 09:07:02 - [TEST_STEP][PASSED] - delay(2): Delayed 2 second(s)

2021-11-22 09:07:04 - [MESSAGE][PASSED] - Delayed 2 second(s)

2021-11-22 09:07:04 - [TEST_STEP][PASSED] - sendKeys(findTestObject("Modulo Tarea Administracion Compensacion/Tarea Aplicacion Nov. Empleado/input_Listado Hojas De Vida_form_templatej_idt24_input"), Keys.chord(ENTER)): Keys 'ENTER + ' sent to object: 'Object Repository/Modulo Tarea Administracion Compensacion/Tarea Aplicacion Nov. Empleado/input_Listado Hojas De Vida_form_templatej_idt24_input'

2021-11-22 09:07:05 - [MESSAGE][PASSED] - Keys 'ENTER + ' sent to object: 'Object Repository/Modulo Tarea Administracion Compensacion/Tarea Aplicacion Nov. Empleado/input_Listado Hojas De Vida_form_templatej_idt24_input'

2021-11-22 09:07:05 - [MESSAGE][PASSED] - Call Test Case 'Test Cases/Hutilidades/Tareas Administracion Compensacion/Tarea Aplicacion Nov. Empleado' successfully

2021-11-22 09:07:05 - [TEST_STEP][PASSED] - waitForElementClickable(findTestObject("Modulo Tarea Administracion Compensacion/Legalizar Solicitud Nov Empelado/a_Ausentismo_Por Autorizar"), 0): Object 'Object Repository/Modulo Tarea Administracion Compensacion/Legalizar Solicitud Nov Empelado/a_Ausentismo_Por Autorizar' is clickable

2021-11-22 09:07:05 - [MESSAGE][WARNING] - Timeout '0' is invalid. Using default page load timeout: '30'

2021-11-22 09:07:10 - [MESSAGE][PASSED] - Object 'Object Repository/Modulo Tarea Administracion Compensacion/Legalizar Solicitud Nov Empelado/a_Ausentismo_Por Autorizar' is clickable

2021-11-22 09:07:10 - [TEST_STEP][PASSED] - click(findTestObject("Modulo Tarea Administracion Compensacion/Legalizar Solicitud Nov Empelado/a_Ausentismo_Por Autorizar")): Object: 'Object Repository/Modulo Tarea Administracion Compensacion/Legalizar Solicitud Nov Empelado/a_Ausentismo_Por Autorizar' is clicked on

2021-11-22 09:07:12 - [MESSAGE][PASSED] - Object: 'Object Repository/Modulo Tarea Administracion Compensacion/Legalizar Solicitud Nov Empelado/a_Ausentismo_Por Autorizar' is clicked on

2021-11-22 09:07:12 - [TEST_STEP][PASSED] - if (waitForElementClickable(findTestObject("Modulo Tarea Administracion Compensacion/Legalizar Solicitud Nov Empelado/span_Consta Belfegord . Jhon"), 1)): null

2021-11-22 09:07:12 - [MESSAGE][PASSED] - Object 'Object Repository/Modulo Tarea Administracion Compensacion/Legalizar Solicitud Nov Empelado/span_Consta Belfegord . Jhon' is clickable

2021-11-22 09:07:12 - [TEST_STEP][PASSED] - click(findTestObject("Modulo Tarea Administracion Compensacion/Legalizar Solicitud Nov Empelado/div_Solicitud_ui-chkbox-box_Consta Belfegord")): Object: 'Object Repository/Modulo Tarea Administracion Compensacion/Legalizar Solicitud Nov Empelado/div_Solicitud_ui-chkbox-box_Consta Belfegord' is clicked on

2021-11-22 09:07:13 - [MESSAGE][PASSED] - Object: 'Object Repository/Modulo Tarea Administracion Compensacion/Legalizar Solicitud Nov Empelado/div_Solicitud_ui-chkbox-box_Consta Belfegord' is clicked on

2021-11-22 09:07:13 - [TEST_STEP][PASSED] - click(findTestObject("Modulo Tarea Administracion Compensacion/Legalizar Solicitud Nov Empelado/a_Autorizar")): Object: 'Object Repository/Modulo Tarea Administracion Compensacion/Legalizar Solicitud Nov Empelado/a_Autorizar' is clicked on

2021-11-22 09:07:14 - [MESSAGE][PASSED] - Object: 'Object Repository/Modulo Tarea Administracion Compensacion/Legalizar Solicitud Nov Empelado/a_Autorizar' is clicked on

2021-11-22 09:07:14 - [TEST_STEP][PASSED] - waitForElementClickable(findTestObject("Modulo Tarea Administracion Compensacion/Legalizar Solicitud Nov Empelado/span_Si_Por  Autorizar"), 0): Object 'Object Repository/Modulo Tarea Administracion Compensacion/Legalizar Solicitud Nov Empelado/span_Si_Por  Autorizar' is clickable

2021-11-22 09:07:14 - [MESSAGE][WARNING] - Timeout '0' is invalid. Using default page load timeout: '30'

2021-11-22 09:07:15 - [MESSAGE][PASSED] - Object 'Object Repository/Modulo Tarea Administracion Compensacion/Legalizar Solicitud Nov Empelado/span_Si_Por  Autorizar' is clickable

2021-11-22 09:07:15 - [TEST_STEP][PASSED] - click(findTestObject("Modulo Tarea Administracion Compensacion/Legalizar Solicitud Nov Empelado/span_Si_Por  Autorizar")): Object: 'Object Repository/Modulo Tarea Administracion Compensacion/Legalizar Solicitud Nov Empelado/span_Si_Por  Autorizar' is clicked on

2021-11-22 09:07:15 - [MESSAGE][PASSED] - Object: 'Object Repository/Modulo Tarea Administracion Compensacion/Legalizar Solicitud Nov Empelado/span_Si_Por  Autorizar' is clicked on

2021-11-22 09:07:15 - [TEST_STEP][PASSED] - click(findTestObject("Modulo Tarea Administracion Compensacion/Legalizar Solicitud Nov Empelado/a_Continuar_Por Autorizar")): Object: 'Object Repository/Modulo Tarea Administracion Compensacion/Legalizar Solicitud Nov Empelado/a_Continuar_Por Autorizar' is clicked on

2021-11-22 09:07:16 - [MESSAGE][PASSED] - Object: 'Object Repository/Modulo Tarea Administracion Compensacion/Legalizar Solicitud Nov Empelado/a_Continuar_Por Autorizar' is clicked on

2021-11-22 09:07:16 - [TEST_STEP][PASSED] - waitForElementClickable(findTestObject("Modulo Tarea Administracion Compensacion/Legalizar Solicitud Nov Empelado/a_Ausentismo_Por legalizar"), 0): Object 'Object Repository/Modulo Tarea Administracion Compensacion/Legalizar Solicitud Nov Empelado/a_Ausentismo_Por legalizar' is clickable

2021-11-22 09:07:16 - [MESSAGE][WARNING] - Timeout '0' is invalid. Using default page load timeout: '30'

2021-11-22 09:07:18 - [MESSAGE][PASSED] - Object 'Object Repository/Modulo Tarea Administracion Compensacion/Legalizar Solicitud Nov Empelado/a_Ausentismo_Por legalizar' is clickable

2021-11-22 09:07:18 - [TEST_STEP][PASSED] - click(findTestObject("Modulo Tarea Administracion Compensacion/Legalizar Solicitud Nov Empelado/a_Ausentismo_Por legalizar")): Object: 'Object Repository/Modulo Tarea Administracion Compensacion/Legalizar Solicitud Nov Empelado/a_Ausentismo_Por legalizar' is clicked on

2021-11-22 09:07:19 - [MESSAGE][PASSED] - Object: 'Object Repository/Modulo Tarea Administracion Compensacion/Legalizar Solicitud Nov Empelado/a_Ausentismo_Por legalizar' is clicked on

2021-11-22 09:07:19 - [TEST_STEP][PASSED] - check(findTestObject("Modulo Tarea Administracion Compensacion/Legalizar Solicitud Nov Empelado/div_Estado_ui-chkbox-box ui-widget ui-corner-all ui-state-default")): Object 'Object Repository/Modulo Tarea Administracion Compensacion/Legalizar Solicitud Nov Empelado/div_Estado_ui-chkbox-box ui-widget ui-corner-all ui-state-default' is checked

2021-11-22 09:07:19 - [MESSAGE][PASSED] - Object 'Object Repository/Modulo Tarea Administracion Compensacion/Legalizar Solicitud Nov Empelado/div_Estado_ui-chkbox-box ui-widget ui-corner-all ui-state-default' is checked

2021-11-22 09:07:19 - [TEST_STEP][PASSED] - click(findTestObject("Modulo Tarea Administracion Compensacion/Legalizar Solicitud Nov Empelado/a_Legalizacin")): Object: 'Object Repository/Modulo Tarea Administracion Compensacion/Legalizar Solicitud Nov Empelado/a_Legalizacin' is clicked on

2021-11-22 09:07:20 - [MESSAGE][PASSED] - Object: 'Object Repository/Modulo Tarea Administracion Compensacion/Legalizar Solicitud Nov Empelado/a_Legalizacin' is clicked on

2021-11-22 09:07:20 - [TEST_STEP][PASSED] - click(findTestObject("Modulo Tarea Administracion Compensacion/Legalizar Solicitud Nov Empelado/span_Si")): Object: 'Object Repository/Modulo Tarea Administracion Compensacion/Legalizar Solicitud Nov Empelado/span_Si' is clicked on

2021-11-22 09:07:21 - [MESSAGE][PASSED] - Object: 'Object Repository/Modulo Tarea Administracion Compensacion/Legalizar Solicitud Nov Empelado/span_Si' is clicked on

2021-11-22 09:07:21 - [TEST_STEP][PASSED] - click(findTestObject("Modulo Tarea Administracion Compensacion/Legalizar Solicitud Nov Empelado/a_Continuar")): Object: 'Object Repository/Modulo Tarea Administracion Compensacion/Legalizar Solicitud Nov Empelado/a_Continuar' is clicked on

2021-11-22 09:07:27 - [MESSAGE][PASSED] - Object: 'Object Repository/Modulo Tarea Administracion Compensacion/Legalizar Solicitud Nov Empelado/a_Continuar' is clicked on

2021-11-22 09:07:27 - [TEST_STEP][PASSED] - closeBrowser(): Browser is closed

2021-11-22 09:07:28 - [MESSAGE][PASSED] - Browser is closed]]></system-out>
         <system-err><![CDATA[]]></system-err>
      </testcase>
      <testcase name="Test Cases/1.1-Tareas Principales/1.2.7-Liquidacion Periodica" time="28.663" classname="Test Cases/1.1-Tareas Principales/1.2.7-Liquidacion Periodica" status="PASSED">
         <system-out><![CDATA[2021-11-22 09:07:28 - [TEST_CASE][PASSED] - Test Cases/1.1-Tareas Principales/1.2.7-Liquidacion Periodica: Test Cases/1.1-Tareas Principales/1.2.7-Liquidacion Periodica

2021-11-22 09:07:28 - [TEST_STEP][PASSED] - callTestCase(findTestCase("Hutilidades/Tareas Administracion Compensacion/Tarea Listado Empleados"), [:], STOP_ON_FAILURE): Call Test Case 'Test Cases/Hutilidades/Tareas Administracion Compensacion/Tarea Listado Empleados' successfully

2021-11-22 09:07:28 - [TEST_CASE][PASSED] - Test Cases/Hutilidades/Tareas Administracion Compensacion/Tarea Listado Empleados: Test Cases/Hutilidades/Tareas Administracion Compensacion/Tarea Listado Empleados

2021-11-22 09:07:28 - [TEST_STEP][PASSED] - callTestCase(findTestCase("0.1-Login"), [:], STOP_ON_FAILURE): Call Test Case 'Test Cases/0.1-Login' successfully

2021-11-22 09:07:28 - [TEST_CASE][PASSED] - Test Cases/0.1-Login: Test Cases/0.1-Login

2021-11-22 09:07:28 - [TEST_STEP][PASSED] - openBrowser(""): Browser is opened with url: ''

2021-11-22 09:07:28 - [MESSAGE][INFO] - Starting 'Edge Chromium' driver

2021-11-22 09:07:31 - [MESSAGE][INFO] - Action delay is set to 0 milliseconds

2021-11-22 09:07:31 - [MESSAGE][PASSED] - Browser is opened with url: ''

2021-11-22 09:07:31 - [TEST_STEP][PASSED] - maximizeWindow(): Current window maximized

2021-11-22 09:07:31 - [MESSAGE][PASSED] - Current window maximized

2021-11-22 09:07:31 - [TEST_STEP][PASSED] - i = G_Login: null

2021-11-22 09:07:31 - [TEST_STEP][PASSED] - url = new java.net.URL(i): null

2021-11-22 09:07:31 - [TEST_STEP][PASSED] - println("URL: " + url.toString()): null

2021-11-22 09:07:31 - [TEST_STEP][PASSED] - connection = url.openConnection(): null

2021-11-22 09:07:31 - [TEST_STEP][PASSED] - connection.setRequestMethod("GET"): null

2021-11-22 09:07:31 - [TEST_STEP][PASSED] - connection.setReadTimeout(2 * 1000): null

2021-11-22 09:07:31 - [TEST_STEP][PASSED] - try: null

2021-11-22 09:07:31 - [TEST_STEP][PASSED] - connection.connect(): null

2021-11-22 09:07:31 - [TEST_STEP][PASSED] - flag = connected: null

2021-11-22 09:07:31 - [TEST_STEP][PASSED] - println("Valor_ori: " + flag): null

2021-11-22 09:07:31 - [TEST_STEP][PASSED] - if (flag): null

2021-11-22 09:07:31 - [TEST_STEP][PASSED] - navigateToUrl(i): Navigate to 'http://localhost:8380/saraweb/' successfully

2021-11-22 09:07:32 - [MESSAGE][PASSED] - Navigate to 'http://localhost:8380/saraweb/' successfully

2021-11-22 09:07:32 - [TEST_STEP][PASSED] - a(): null

2021-11-22 09:07:32 - [TEST_STEP][PASSED] - setText(findTestObject("Login/input_USUARIO_loginusuario"), G_Usuario): Text 'saraadmin' is set on object 'Object Repository/Login/input_USUARIO_loginusuario'

2021-11-22 09:07:33 - [MESSAGE][PASSED] - Text 'saraadmin' is set on object 'Object Repository/Login/input_USUARIO_loginusuario'

2021-11-22 09:07:33 - [TEST_STEP][PASSED] - setEncryptedText(findTestObject("Login/input_CLAVE_loginpassword"), "MkG4/TYiCFC3cb2driP7+Q=="): Text ****** has been set on object 'Object Repository/Login/input_CLAVE_loginpassword'

2021-11-22 09:07:34 - [MESSAGE][PASSED] - Text ****** has been set on object 'Object Repository/Login/input_CLAVE_loginpassword'

2021-11-22 09:07:34 - [TEST_STEP][PASSED] - waitForElementClickable(findTestObject("Login/a_Ingresar"), G_TimeOut): Object 'Object Repository/Login/a_Ingresar' is clickable

2021-11-22 09:07:34 - [MESSAGE][PASSED] - Object 'Object Repository/Login/a_Ingresar' is clickable

2021-11-22 09:07:34 - [TEST_STEP][PASSED] - click(findTestObject("Login/a_Ingresar")): Object: 'Object Repository/Login/a_Ingresar' is clicked on

2021-11-22 09:07:35 - [MESSAGE][PASSED] - Object: 'Object Repository/Login/a_Ingresar' is clicked on

2021-11-22 09:07:35 - [TEST_STEP][PASSED] - element = findWebElement(findTestObject("Login/a_Ir"), 30): null

2021-11-22 09:07:36 - [TEST_STEP][PASSED] - executeJavaScript("arguments[0].click()", Arrays.asList(element)): Execute JavaScript 'arguments[0].click()' successfully

2021-11-22 09:07:36 - [MESSAGE][PASSED] - Execute JavaScript 'arguments[0].click()' successfully

2021-11-22 09:07:36 - [MESSAGE][PASSED] - Call Test Case 'Test Cases/0.1-Login' successfully

2021-11-22 09:07:36 - [TEST_STEP][PASSED] - setText(findTestObject("Modulo Tarea Listado Hojas de Vida/Tareas Listado Hojas de Vida/input_Listado Hojas De Vida_form_templatej_idt24_input"), "Listado de Empleados"): Text 'Listado de Empleados' is set on object 'Object Repository/Modulo Tarea Listado Hojas de Vida/Tareas Listado Hojas de Vida/input_Listado Hojas De Vida_form_templatej_idt24_input'

2021-11-22 09:07:37 - [MESSAGE][PASSED] - Text 'Listado de Empleados' is set on object 'Object Repository/Modulo Tarea Listado Hojas de Vida/Tareas Listado Hojas de Vida/input_Listado Hojas De Vida_form_templatej_idt24_input'

2021-11-22 09:07:37 - [TEST_STEP][PASSED] - delay(3): Delayed 3 second(s)

2021-11-22 09:07:40 - [MESSAGE][PASSED] - Delayed 3 second(s)

2021-11-22 09:07:40 - [TEST_STEP][PASSED] - sendKeys(findTestObject("Modulo Tarea Listado Hojas de Vida/Tareas Listado Hojas de Vida/input_Listado Hojas De Vida_form_templatej_idt24_input"), Keys.chord(ENTER)): Keys 'ENTER + ' sent to object: 'Object Repository/Modulo Tarea Listado Hojas de Vida/Tareas Listado Hojas de Vida/input_Listado Hojas De Vida_form_templatej_idt24_input'

2021-11-22 09:07:41 - [MESSAGE][PASSED] - Keys 'ENTER + ' sent to object: 'Object Repository/Modulo Tarea Listado Hojas de Vida/Tareas Listado Hojas de Vida/input_Listado Hojas De Vida_form_templatej_idt24_input'

2021-11-22 09:07:41 - [MESSAGE][PASSED] - Call Test Case 'Test Cases/Hutilidades/Tareas Administracion Compensacion/Tarea Listado Empleados' successfully

2021-11-22 09:07:41 - [TEST_STEP][PASSED] - waitForElementClickable(findTestObject("Modulo Tarea Administracion Compensacion/Liquidacion Periodica/input_Identificacin_listadoEmp"), 0): Object 'Object Repository/Modulo Tarea Administracion Compensacion/Liquidacion Periodica/input_Identificacin_listadoEmp' is clickable

2021-11-22 09:07:41 - [MESSAGE][WARNING] - Timeout '0' is invalid. Using default page load timeout: '30'

2021-11-22 09:07:45 - [MESSAGE][PASSED] - Object 'Object Repository/Modulo Tarea Administracion Compensacion/Liquidacion Periodica/input_Identificacin_listadoEmp' is clickable

2021-11-22 09:07:45 - [TEST_STEP][PASSED] - setText(findTestObject("Modulo Tarea Administracion Compensacion/Liquidacion Periodica/input_Identificacin_listadoEmp"), "354968431354"): Text '354968431354' is set on object 'Object Repository/Modulo Tarea Administracion Compensacion/Liquidacion Periodica/input_Identificacin_listadoEmp'

2021-11-22 09:07:46 - [MESSAGE][PASSED] - Text '354968431354' is set on object 'Object Repository/Modulo Tarea Administracion Compensacion/Liquidacion Periodica/input_Identificacin_listadoEmp'

2021-11-22 09:07:46 - [TEST_STEP][PASSED] - sendKeys(findTestObject("Modulo Tarea Administracion Compensacion/Liquidacion Periodica/input_Identificacin_listadoEmp"), Keys.chord(ENTER)): Keys 'ENTER + ' sent to object: 'Object Repository/Modulo Tarea Administracion Compensacion/Liquidacion Periodica/input_Identificacin_listadoEmp'

2021-11-22 09:07:46 - [MESSAGE][PASSED] - Keys 'ENTER + ' sent to object: 'Object Repository/Modulo Tarea Administracion Compensacion/Liquidacion Periodica/input_Identificacin_listadoEmp'

2021-11-22 09:07:46 - [TEST_STEP][PASSED] - click(findTestObject("Modulo Tarea Administracion Compensacion/Liquidacion Periodica/span_CONSTA BELFEGORD JHON")): Object: 'Object Repository/Modulo Tarea Administracion Compensacion/Liquidacion Periodica/span_CONSTA BELFEGORD JHON' is clicked on

2021-11-22 09:07:48 - [MESSAGE][PASSED] - Object: 'Object Repository/Modulo Tarea Administracion Compensacion/Liquidacion Periodica/span_CONSTA BELFEGORD JHON' is clicked on

2021-11-22 09:07:48 - [TEST_STEP][PASSED] - waitForElementClickable(findTestObject("Modulo Tarea Administracion Compensacion/Liquidacion Periodica/span_Liquidacin Periodica"), 0): Object 'Object Repository/Modulo Tarea Administracion Compensacion/Liquidacion Periodica/span_Liquidacin Periodica' is clickable

2021-11-22 09:07:48 - [MESSAGE][WARNING] - Timeout '0' is invalid. Using default page load timeout: '30'

2021-11-22 09:07:48 - [MESSAGE][PASSED] - Object 'Object Repository/Modulo Tarea Administracion Compensacion/Liquidacion Periodica/span_Liquidacin Periodica' is clickable

2021-11-22 09:07:48 - [TEST_STEP][PASSED] - click(findTestObject("Modulo Tarea Administracion Compensacion/Liquidacion Periodica/span_Liquidacin Periodica")): Object: 'Object Repository/Modulo Tarea Administracion Compensacion/Liquidacion Periodica/span_Liquidacin Periodica' is clicked on

2021-11-22 09:07:49 - [MESSAGE][PASSED] - Object: 'Object Repository/Modulo Tarea Administracion Compensacion/Liquidacion Periodica/span_Liquidacin Periodica' is clicked on

2021-11-22 09:07:49 - [TEST_STEP][PASSED] - click(findTestObject("Modulo Tarea Administracion Compensacion/Liquidacion Periodica/a_Nuevo")): Object: 'Object Repository/Modulo Tarea Administracion Compensacion/Liquidacion Periodica/a_Nuevo' is clicked on

2021-11-22 09:07:50 - [MESSAGE][PASSED] - Object: 'Object Repository/Modulo Tarea Administracion Compensacion/Liquidacion Periodica/a_Nuevo' is clicked on

2021-11-22 09:07:50 - [TEST_STEP][PASSED] - waitForElementClickable(findTestObject("Modulo Tarea Administracion Compensacion/Liquidacion Periodica/select_-- seleccione --BC - PR"), 0, STOP_ON_FAILURE): Object 'Object Repository/Modulo Tarea Administracion Compensacion/Liquidacion Periodica/select_-- seleccione --BC - PR' is clickable

2021-11-22 09:07:50 - [MESSAGE][WARNING] - Timeout '0' is invalid. Using default page load timeout: '30'

2021-11-22 09:07:51 - [MESSAGE][PASSED] - Object 'Object Repository/Modulo Tarea Administracion Compensacion/Liquidacion Periodica/select_-- seleccione --BC - PR' is clickable

2021-11-22 09:07:51 - [TEST_STEP][PASSED] - selectOptionByValue(findTestObject("Modulo Tarea Administracion Compensacion/Liquidacion Periodica/select_-- seleccione --BC - PR"), "BC", true): All options with value 'BC' are selected in object 'Object Repository/Modulo Tarea Administracion Compensacion/Liquidacion Periodica/select_-- seleccione --BC - PR'  using regular expression

2021-11-22 09:07:52 - [MESSAGE][PASSED] - All options with value 'BC' are selected in object 'Object Repository/Modulo Tarea Administracion Compensacion/Liquidacion Periodica/select_-- seleccione --BC - PR'  using regular expression

2021-11-22 09:07:52 - [TEST_STEP][PASSED] - setText(findTestObject("Modulo Tarea Administracion Compensacion/Liquidacion Periodica/input_Fecha Inicial _form_liqu"), "01/12/2018"): Text '01/12/2018' is set on object 'Object Repository/Modulo Tarea Administracion Compensacion/Liquidacion Periodica/input_Fecha Inicial _form_liqu'

2021-11-22 09:07:53 - [MESSAGE][PASSED] - Text '01/12/2018' is set on object 'Object Repository/Modulo Tarea Administracion Compensacion/Liquidacion Periodica/input_Fecha Inicial _form_liqu'

2021-11-22 09:07:53 - [TEST_STEP][PASSED] - sendKeys(findTestObject("Modulo Tarea Administracion Compensacion/Liquidacion Periodica/input_Fecha Inicial _form_liqu"), Keys.chord(ENTER)): Keys 'ENTER + ' sent to object: 'Object Repository/Modulo Tarea Administracion Compensacion/Liquidacion Periodica/input_Fecha Inicial _form_liqu'

2021-11-22 09:07:54 - [MESSAGE][PASSED] - Keys 'ENTER + ' sent to object: 'Object Repository/Modulo Tarea Administracion Compensacion/Liquidacion Periodica/input_Fecha Inicial _form_liqu'

2021-11-22 09:07:54 - [TEST_STEP][PASSED] - waitForElementClickable(findTestObject("Modulo Tarea Administracion Compensacion/Liquidacion Periodica/a_Guardar"), 0): Object 'Object Repository/Modulo Tarea Administracion Compensacion/Liquidacion Periodica/a_Guardar' is clickable

2021-11-22 09:07:54 - [MESSAGE][WARNING] - Timeout '0' is invalid. Using default page load timeout: '30'

2021-11-22 09:07:54 - [MESSAGE][PASSED] - Object 'Object Repository/Modulo Tarea Administracion Compensacion/Liquidacion Periodica/a_Guardar' is clickable

2021-11-22 09:07:54 - [TEST_STEP][PASSED] - click(findTestObject("Modulo Tarea Administracion Compensacion/Liquidacion Periodica/a_Guardar")): Object: 'Object Repository/Modulo Tarea Administracion Compensacion/Liquidacion Periodica/a_Guardar' is clicked on

2021-11-22 09:07:54 - [MESSAGE][PASSED] - Object: 'Object Repository/Modulo Tarea Administracion Compensacion/Liquidacion Periodica/a_Guardar' is clicked on

2021-11-22 09:07:54 - [TEST_STEP][PASSED] - getText(findTestObject("Alerta/Alerta")): Text of object 'Object Repository/Alerta/Alerta' is: 'Se modifico el registro satisfactoriamente'

2021-11-22 09:07:56 - [MESSAGE][PASSED] - Text of object 'Object Repository/Alerta/Alerta' is: 'Se modifico el registro satisfactoriamente'

2021-11-22 09:07:56 - [TEST_STEP][PASSED] - closeBrowser(): Browser is closed

2021-11-22 09:07:56 - [MESSAGE][PASSED] - Browser is closed]]></system-out>
         <system-err><![CDATA[]]></system-err>
      </testcase>
      <testcase name="Test Cases/1.1-Tareas Principales/1.2.8-Embargos" time="28.377" classname="Test Cases/1.1-Tareas Principales/1.2.8-Embargos" status="PASSED">
         <system-out><![CDATA[2021-11-22 09:07:56 - [TEST_CASE][PASSED] - Test Cases/1.1-Tareas Principales/1.2.8-Embargos: Test Cases/1.1-Tareas Principales/1.2.8-Embargos

2021-11-22 09:07:57 - [TEST_STEP][PASSED] - callTestCase(findTestCase("Hutilidades/Tareas Administracion Compensacion/Tarea Listado Empleados"), [:], STOP_ON_FAILURE): Call Test Case 'Test Cases/Hutilidades/Tareas Administracion Compensacion/Tarea Listado Empleados' successfully

2021-11-22 09:07:57 - [TEST_CASE][PASSED] - Test Cases/Hutilidades/Tareas Administracion Compensacion/Tarea Listado Empleados: Test Cases/Hutilidades/Tareas Administracion Compensacion/Tarea Listado Empleados

2021-11-22 09:07:57 - [TEST_STEP][PASSED] - callTestCase(findTestCase("0.1-Login"), [:], STOP_ON_FAILURE): Call Test Case 'Test Cases/0.1-Login' successfully

2021-11-22 09:07:57 - [TEST_CASE][PASSED] - Test Cases/0.1-Login: Test Cases/0.1-Login

2021-11-22 09:07:57 - [TEST_STEP][PASSED] - openBrowser(""): Browser is opened with url: ''

2021-11-22 09:07:57 - [MESSAGE][INFO] - Starting 'Edge Chromium' driver

2021-11-22 09:07:59 - [MESSAGE][INFO] - Action delay is set to 0 milliseconds

2021-11-22 09:08:00 - [MESSAGE][PASSED] - Browser is opened with url: ''

2021-11-22 09:08:00 - [TEST_STEP][PASSED] - maximizeWindow(): Current window maximized

2021-11-22 09:08:00 - [MESSAGE][PASSED] - Current window maximized

2021-11-22 09:08:00 - [TEST_STEP][PASSED] - i = G_Login: null

2021-11-22 09:08:00 - [TEST_STEP][PASSED] - url = new java.net.URL(i): null

2021-11-22 09:08:00 - [TEST_STEP][PASSED] - println("URL: " + url.toString()): null

2021-11-22 09:08:00 - [TEST_STEP][PASSED] - connection = url.openConnection(): null

2021-11-22 09:08:00 - [TEST_STEP][PASSED] - connection.setRequestMethod("GET"): null

2021-11-22 09:08:00 - [TEST_STEP][PASSED] - connection.setReadTimeout(2 * 1000): null

2021-11-22 09:08:00 - [TEST_STEP][PASSED] - try: null

2021-11-22 09:08:00 - [TEST_STEP][PASSED] - connection.connect(): null

2021-11-22 09:08:00 - [TEST_STEP][PASSED] - flag = connected: null

2021-11-22 09:08:00 - [TEST_STEP][PASSED] - println("Valor_ori: " + flag): null

2021-11-22 09:08:00 - [TEST_STEP][PASSED] - if (flag): null

2021-11-22 09:08:00 - [TEST_STEP][PASSED] - navigateToUrl(i): Navigate to 'http://localhost:8380/saraweb/' successfully

2021-11-22 09:08:01 - [MESSAGE][PASSED] - Navigate to 'http://localhost:8380/saraweb/' successfully

2021-11-22 09:08:01 - [TEST_STEP][PASSED] - a(): null

2021-11-22 09:08:01 - [TEST_STEP][PASSED] - setText(findTestObject("Login/input_USUARIO_loginusuario"), G_Usuario): Text 'saraadmin' is set on object 'Object Repository/Login/input_USUARIO_loginusuario'

2021-11-22 09:08:02 - [MESSAGE][PASSED] - Text 'saraadmin' is set on object 'Object Repository/Login/input_USUARIO_loginusuario'

2021-11-22 09:08:02 - [TEST_STEP][PASSED] - setEncryptedText(findTestObject("Login/input_CLAVE_loginpassword"), "MkG4/TYiCFC3cb2driP7+Q=="): Text ****** has been set on object 'Object Repository/Login/input_CLAVE_loginpassword'

2021-11-22 09:08:02 - [MESSAGE][PASSED] - Text ****** has been set on object 'Object Repository/Login/input_CLAVE_loginpassword'

2021-11-22 09:08:02 - [TEST_STEP][PASSED] - waitForElementClickable(findTestObject("Login/a_Ingresar"), G_TimeOut): Object 'Object Repository/Login/a_Ingresar' is clickable

2021-11-22 09:08:03 - [MESSAGE][PASSED] - Object 'Object Repository/Login/a_Ingresar' is clickable

2021-11-22 09:08:03 - [TEST_STEP][PASSED] - click(findTestObject("Login/a_Ingresar")): Object: 'Object Repository/Login/a_Ingresar' is clicked on

2021-11-22 09:08:06 - [MESSAGE][PASSED] - Object: 'Object Repository/Login/a_Ingresar' is clicked on

2021-11-22 09:08:06 - [TEST_STEP][PASSED] - element = findWebElement(findTestObject("Login/a_Ir"), 30): null

2021-11-22 09:08:07 - [TEST_STEP][PASSED] - executeJavaScript("arguments[0].click()", Arrays.asList(element)): Execute JavaScript 'arguments[0].click()' successfully

2021-11-22 09:08:07 - [MESSAGE][PASSED] - Execute JavaScript 'arguments[0].click()' successfully

2021-11-22 09:08:07 - [MESSAGE][PASSED] - Call Test Case 'Test Cases/0.1-Login' successfully

2021-11-22 09:08:07 - [TEST_STEP][PASSED] - setText(findTestObject("Modulo Tarea Listado Hojas de Vida/Tareas Listado Hojas de Vida/input_Listado Hojas De Vida_form_templatej_idt24_input"), "Listado de Empleados"): Text 'Listado de Empleados' is set on object 'Object Repository/Modulo Tarea Listado Hojas de Vida/Tareas Listado Hojas de Vida/input_Listado Hojas De Vida_form_templatej_idt24_input'

2021-11-22 09:08:08 - [MESSAGE][PASSED] - Text 'Listado de Empleados' is set on object 'Object Repository/Modulo Tarea Listado Hojas de Vida/Tareas Listado Hojas de Vida/input_Listado Hojas De Vida_form_templatej_idt24_input'

2021-11-22 09:08:08 - [TEST_STEP][PASSED] - delay(3): Delayed 3 second(s)

2021-11-22 09:08:11 - [MESSAGE][PASSED] - Delayed 3 second(s)

2021-11-22 09:08:11 - [TEST_STEP][PASSED] - sendKeys(findTestObject("Modulo Tarea Listado Hojas de Vida/Tareas Listado Hojas de Vida/input_Listado Hojas De Vida_form_templatej_idt24_input"), Keys.chord(ENTER)): Keys 'ENTER + ' sent to object: 'Object Repository/Modulo Tarea Listado Hojas de Vida/Tareas Listado Hojas de Vida/input_Listado Hojas De Vida_form_templatej_idt24_input'

2021-11-22 09:08:12 - [MESSAGE][PASSED] - Keys 'ENTER + ' sent to object: 'Object Repository/Modulo Tarea Listado Hojas de Vida/Tareas Listado Hojas de Vida/input_Listado Hojas De Vida_form_templatej_idt24_input'

2021-11-22 09:08:12 - [MESSAGE][PASSED] - Call Test Case 'Test Cases/Hutilidades/Tareas Administracion Compensacion/Tarea Listado Empleados' successfully

2021-11-22 09:08:12 - [TEST_STEP][PASSED] - waitForElementClickable(findTestObject("Modulo Tarea Administracion Compensacion/Embargos/input_Identificacin_listadoEmp"), 0): Object 'Object Repository/Modulo Tarea Administracion Compensacion/Embargos/input_Identificacin_listadoEmp' is clickable

2021-11-22 09:08:12 - [MESSAGE][WARNING] - Timeout '0' is invalid. Using default page load timeout: '30'

2021-11-22 09:08:13 - [MESSAGE][PASSED] - Object 'Object Repository/Modulo Tarea Administracion Compensacion/Embargos/input_Identificacin_listadoEmp' is clickable

2021-11-22 09:08:13 - [TEST_STEP][PASSED] - setText(findTestObject("Modulo Tarea Administracion Compensacion/Embargos/input_Identificacin_listadoEmp"), "354968431354"): Text '354968431354' is set on object 'Object Repository/Modulo Tarea Administracion Compensacion/Embargos/input_Identificacin_listadoEmp'

2021-11-22 09:08:14 - [MESSAGE][PASSED] - Text '354968431354' is set on object 'Object Repository/Modulo Tarea Administracion Compensacion/Embargos/input_Identificacin_listadoEmp'

2021-11-22 09:08:14 - [TEST_STEP][PASSED] - sendKeys(findTestObject("Modulo Tarea Administracion Compensacion/Embargos/input_Identificacin_listadoEmp"), Keys.chord(ENTER)): Keys 'ENTER + ' sent to object: 'Object Repository/Modulo Tarea Administracion Compensacion/Embargos/input_Identificacin_listadoEmp'

2021-11-22 09:08:14 - [MESSAGE][PASSED] - Keys 'ENTER + ' sent to object: 'Object Repository/Modulo Tarea Administracion Compensacion/Embargos/input_Identificacin_listadoEmp'

2021-11-22 09:08:14 - [TEST_STEP][PASSED] - click(findTestObject("Modulo Tarea Administracion Compensacion/Embargos/span_CONSTA BELFEGORD JHON")): Object: 'Object Repository/Modulo Tarea Administracion Compensacion/Embargos/span_CONSTA BELFEGORD JHON' is clicked on

2021-11-22 09:08:16 - [MESSAGE][PASSED] - Object: 'Object Repository/Modulo Tarea Administracion Compensacion/Embargos/span_CONSTA BELFEGORD JHON' is clicked on

2021-11-22 09:08:16 - [TEST_STEP][PASSED] - click(findTestObject("Modulo Tarea Administracion Compensacion/Embargos/span_Embargos")): Object: 'Object Repository/Modulo Tarea Administracion Compensacion/Embargos/span_Embargos' is clicked on

2021-11-22 09:08:17 - [MESSAGE][PASSED] - Object: 'Object Repository/Modulo Tarea Administracion Compensacion/Embargos/span_Embargos' is clicked on

2021-11-22 09:08:17 - [TEST_STEP][PASSED] - click(findTestObject("Modulo Tarea Administracion Compensacion/Embargos/a_Nuevo")): Object: 'Object Repository/Modulo Tarea Administracion Compensacion/Embargos/a_Nuevo' is clicked on

2021-11-22 09:08:18 - [MESSAGE][PASSED] - Object: 'Object Repository/Modulo Tarea Administracion Compensacion/Embargos/a_Nuevo' is clicked on

2021-11-22 09:08:18 - [TEST_STEP][PASSED] - selectOptionByValue(findTestObject("Modulo Tarea Administracion Compensacion/Embargos/select_-- seleccione --E5 - EM"), "E5", true): All options with value 'E5' are selected in object 'Object Repository/Modulo Tarea Administracion Compensacion/Embargos/select_-- seleccione --E5 - EM'  using regular expression

2021-11-22 09:08:19 - [MESSAGE][PASSED] - All options with value 'E5' are selected in object 'Object Repository/Modulo Tarea Administracion Compensacion/Embargos/select_-- seleccione --E5 - EM'  using regular expression

2021-11-22 09:08:19 - [TEST_STEP][PASSED] - setText(findTestObject("Modulo Tarea Administracion Compensacion/Embargos/input_Fecha Inicial _form_emba"), "27/12/2018"): Text '27/12/2018' is set on object 'Object Repository/Modulo Tarea Administracion Compensacion/Embargos/input_Fecha Inicial _form_emba'

2021-11-22 09:08:21 - [MESSAGE][PASSED] - Text '27/12/2018' is set on object 'Object Repository/Modulo Tarea Administracion Compensacion/Embargos/input_Fecha Inicial _form_emba'

2021-11-22 09:08:21 - [TEST_STEP][PASSED] - sendKeys(findTestObject("Modulo Tarea Administracion Compensacion/Embargos/input_Fecha Inicial _form_emba"), Keys.chord(ENTER)): Keys 'ENTER + ' sent to object: 'Object Repository/Modulo Tarea Administracion Compensacion/Embargos/input_Fecha Inicial _form_emba'

2021-11-22 09:08:21 - [MESSAGE][PASSED] - Keys 'ENTER + ' sent to object: 'Object Repository/Modulo Tarea Administracion Compensacion/Embargos/input_Fecha Inicial _form_emba'

2021-11-22 09:08:21 - [TEST_STEP][PASSED] - click(findTestObject("Modulo Tarea Administracion Compensacion/Embargos/a_Guardar")): Object: 'Object Repository/Modulo Tarea Administracion Compensacion/Embargos/a_Guardar' is clicked on

2021-11-22 09:08:22 - [MESSAGE][PASSED] - Object: 'Object Repository/Modulo Tarea Administracion Compensacion/Embargos/a_Guardar' is clicked on

2021-11-22 09:08:22 - [TEST_STEP][PASSED] - getText(findTestObject("Alerta/Alerta")): Text of object 'Object Repository/Alerta/Alerta' is: 'Se modifico el registro satisfactoriamente'

2021-11-22 09:08:24 - [MESSAGE][PASSED] - Text of object 'Object Repository/Alerta/Alerta' is: 'Se modifico el registro satisfactoriamente'

2021-11-22 09:08:24 - [TEST_STEP][PASSED] - closeBrowser(): Browser is closed

2021-11-22 09:08:25 - [MESSAGE][PASSED] - Browser is closed]]></system-out>
         <system-err><![CDATA[]]></system-err>
      </testcase>
      <testcase name="Test Cases/1.1-Tareas Principales/1.2.9-Novedad" time="44.061" classname="Test Cases/1.1-Tareas Principales/1.2.9-Novedad" status="PASSED">
         <system-out><![CDATA[2021-11-22 09:08:25 - [TEST_CASE][PASSED] - Test Cases/1.1-Tareas Principales/1.2.9-Novedad: Test Cases/1.1-Tareas Principales/1.2.9-Novedad

2021-11-22 09:08:25 - [TEST_STEP][PASSED] - callTestCase(findTestCase("Hutilidades/Tareas Administracion Compensacion/Tarea Listado Empleados"), [:], STOP_ON_FAILURE): Call Test Case 'Test Cases/Hutilidades/Tareas Administracion Compensacion/Tarea Listado Empleados' successfully

2021-11-22 09:08:25 - [TEST_CASE][PASSED] - Test Cases/Hutilidades/Tareas Administracion Compensacion/Tarea Listado Empleados: Test Cases/Hutilidades/Tareas Administracion Compensacion/Tarea Listado Empleados

2021-11-22 09:08:25 - [TEST_STEP][PASSED] - callTestCase(findTestCase("0.1-Login"), [:], STOP_ON_FAILURE): Call Test Case 'Test Cases/0.1-Login' successfully

2021-11-22 09:08:25 - [TEST_CASE][PASSED] - Test Cases/0.1-Login: Test Cases/0.1-Login

2021-11-22 09:08:25 - [TEST_STEP][PASSED] - openBrowser(""): Browser is opened with url: ''

2021-11-22 09:08:25 - [MESSAGE][INFO] - Starting 'Edge Chromium' driver

2021-11-22 09:08:28 - [MESSAGE][INFO] - Action delay is set to 0 milliseconds

2021-11-22 09:08:28 - [MESSAGE][PASSED] - Browser is opened with url: ''

2021-11-22 09:08:28 - [TEST_STEP][PASSED] - maximizeWindow(): Current window maximized

2021-11-22 09:08:28 - [MESSAGE][PASSED] - Current window maximized

2021-11-22 09:08:28 - [TEST_STEP][PASSED] - i = G_Login: null

2021-11-22 09:08:28 - [TEST_STEP][PASSED] - url = new java.net.URL(i): null

2021-11-22 09:08:28 - [TEST_STEP][PASSED] - println("URL: " + url.toString()): null

2021-11-22 09:08:28 - [TEST_STEP][PASSED] - connection = url.openConnection(): null

2021-11-22 09:08:28 - [TEST_STEP][PASSED] - connection.setRequestMethod("GET"): null

2021-11-22 09:08:28 - [TEST_STEP][PASSED] - connection.setReadTimeout(2 * 1000): null

2021-11-22 09:08:28 - [TEST_STEP][PASSED] - try: null

2021-11-22 09:08:28 - [TEST_STEP][PASSED] - connection.connect(): null

2021-11-22 09:08:28 - [TEST_STEP][PASSED] - flag = connected: null

2021-11-22 09:08:28 - [TEST_STEP][PASSED] - println("Valor_ori: " + flag): null

2021-11-22 09:08:28 - [TEST_STEP][PASSED] - if (flag): null

2021-11-22 09:08:28 - [TEST_STEP][PASSED] - navigateToUrl(i): Navigate to 'http://localhost:8380/saraweb/' successfully

2021-11-22 09:08:29 - [MESSAGE][PASSED] - Navigate to 'http://localhost:8380/saraweb/' successfully

2021-11-22 09:08:29 - [TEST_STEP][PASSED] - a(): null

2021-11-22 09:08:29 - [TEST_STEP][PASSED] - setText(findTestObject("Login/input_USUARIO_loginusuario"), G_Usuario): Text 'saraadmin' is set on object 'Object Repository/Login/input_USUARIO_loginusuario'

2021-11-22 09:08:30 - [MESSAGE][PASSED] - Text 'saraadmin' is set on object 'Object Repository/Login/input_USUARIO_loginusuario'

2021-11-22 09:08:30 - [TEST_STEP][PASSED] - setEncryptedText(findTestObject("Login/input_CLAVE_loginpassword"), "MkG4/TYiCFC3cb2driP7+Q=="): Text ****** has been set on object 'Object Repository/Login/input_CLAVE_loginpassword'

2021-11-22 09:08:31 - [MESSAGE][PASSED] - Text ****** has been set on object 'Object Repository/Login/input_CLAVE_loginpassword'

2021-11-22 09:08:31 - [TEST_STEP][PASSED] - waitForElementClickable(findTestObject("Login/a_Ingresar"), G_TimeOut): Object 'Object Repository/Login/a_Ingresar' is clickable

2021-11-22 09:08:31 - [MESSAGE][PASSED] - Object 'Object Repository/Login/a_Ingresar' is clickable

2021-11-22 09:08:31 - [TEST_STEP][PASSED] - click(findTestObject("Login/a_Ingresar")): Object: 'Object Repository/Login/a_Ingresar' is clicked on

2021-11-22 09:08:33 - [MESSAGE][PASSED] - Object: 'Object Repository/Login/a_Ingresar' is clicked on

2021-11-22 09:08:33 - [TEST_STEP][PASSED] - element = findWebElement(findTestObject("Login/a_Ir"), 30): null

2021-11-22 09:08:33 - [TEST_STEP][PASSED] - executeJavaScript("arguments[0].click()", Arrays.asList(element)): Execute JavaScript 'arguments[0].click()' successfully

2021-11-22 09:08:33 - [MESSAGE][PASSED] - Execute JavaScript 'arguments[0].click()' successfully

2021-11-22 09:08:33 - [MESSAGE][PASSED] - Call Test Case 'Test Cases/0.1-Login' successfully

2021-11-22 09:08:33 - [TEST_STEP][PASSED] - setText(findTestObject("Modulo Tarea Listado Hojas de Vida/Tareas Listado Hojas de Vida/input_Listado Hojas De Vida_form_templatej_idt24_input"), "Listado de Empleados"): Text 'Listado de Empleados' is set on object 'Object Repository/Modulo Tarea Listado Hojas de Vida/Tareas Listado Hojas de Vida/input_Listado Hojas De Vida_form_templatej_idt24_input'

2021-11-22 09:08:35 - [MESSAGE][PASSED] - Text 'Listado de Empleados' is set on object 'Object Repository/Modulo Tarea Listado Hojas de Vida/Tareas Listado Hojas de Vida/input_Listado Hojas De Vida_form_templatej_idt24_input'

2021-11-22 09:08:35 - [TEST_STEP][PASSED] - delay(3): Delayed 3 second(s)

2021-11-22 09:08:38 - [MESSAGE][PASSED] - Delayed 3 second(s)

2021-11-22 09:08:38 - [TEST_STEP][PASSED] - sendKeys(findTestObject("Modulo Tarea Listado Hojas de Vida/Tareas Listado Hojas de Vida/input_Listado Hojas De Vida_form_templatej_idt24_input"), Keys.chord(ENTER)): Keys 'ENTER + ' sent to object: 'Object Repository/Modulo Tarea Listado Hojas de Vida/Tareas Listado Hojas de Vida/input_Listado Hojas De Vida_form_templatej_idt24_input'

2021-11-22 09:08:38 - [MESSAGE][PASSED] - Keys 'ENTER + ' sent to object: 'Object Repository/Modulo Tarea Listado Hojas de Vida/Tareas Listado Hojas de Vida/input_Listado Hojas De Vida_form_templatej_idt24_input'

2021-11-22 09:08:38 - [MESSAGE][PASSED] - Call Test Case 'Test Cases/Hutilidades/Tareas Administracion Compensacion/Tarea Listado Empleados' successfully

2021-11-22 09:08:38 - [TEST_STEP][PASSED] - waitForElementClickable(findTestObject("Modulo Tarea Administracion Compensacion/Novedades/input_Identificacin_listadoEmp"), 0): Object 'Object Repository/Modulo Tarea Administracion Compensacion/Novedades/input_Identificacin_listadoEmp' is clickable

2021-11-22 09:08:38 - [MESSAGE][WARNING] - Timeout '0' is invalid. Using default page load timeout: '30'

2021-11-22 09:08:40 - [MESSAGE][PASSED] - Object 'Object Repository/Modulo Tarea Administracion Compensacion/Novedades/input_Identificacin_listadoEmp' is clickable

2021-11-22 09:08:40 - [TEST_STEP][PASSED] - setText(findTestObject("Modulo Tarea Administracion Compensacion/Novedades/input_Identificacin_listadoEmp"), "354968431354"): Text '354968431354' is set on object 'Object Repository/Modulo Tarea Administracion Compensacion/Novedades/input_Identificacin_listadoEmp'

2021-11-22 09:08:41 - [MESSAGE][PASSED] - Text '354968431354' is set on object 'Object Repository/Modulo Tarea Administracion Compensacion/Novedades/input_Identificacin_listadoEmp'

2021-11-22 09:08:41 - [TEST_STEP][PASSED] - delay(1): Delayed 1 second(s)

2021-11-22 09:08:42 - [MESSAGE][PASSED] - Delayed 1 second(s)

2021-11-22 09:08:42 - [TEST_STEP][PASSED] - sendKeys(findTestObject("Modulo Tarea Administracion Compensacion/Novedades/input_Identificacin_listadoEmp"), Keys.chord(ENTER)): Keys 'ENTER + ' sent to object: 'Object Repository/Modulo Tarea Administracion Compensacion/Novedades/input_Identificacin_listadoEmp'

2021-11-22 09:08:42 - [MESSAGE][PASSED] - Keys 'ENTER + ' sent to object: 'Object Repository/Modulo Tarea Administracion Compensacion/Novedades/input_Identificacin_listadoEmp'

2021-11-22 09:08:42 - [TEST_STEP][PASSED] - waitForElementClickable(findTestObject("Modulo Tarea Administracion Compensacion/Novedades/span_CONSTA BELFEGORD JHON"), G_TimeOut): Object 'Object Repository/Modulo Tarea Administracion Compensacion/Novedades/span_CONSTA BELFEGORD JHON' is clickable

2021-11-22 09:08:45 - [MESSAGE][PASSED] - Object 'Object Repository/Modulo Tarea Administracion Compensacion/Novedades/span_CONSTA BELFEGORD JHON' is clickable

2021-11-22 09:08:45 - [TEST_STEP][PASSED] - click(findTestObject("Modulo Tarea Administracion Compensacion/Novedades/span_CONSTA BELFEGORD JHON")): Object: 'Object Repository/Modulo Tarea Administracion Compensacion/Novedades/span_CONSTA BELFEGORD JHON' is clicked on

2021-11-22 09:08:45 - [MESSAGE][PASSED] - Object: 'Object Repository/Modulo Tarea Administracion Compensacion/Novedades/span_CONSTA BELFEGORD JHON' is clicked on

2021-11-22 09:08:45 - [TEST_STEP][PASSED] - waitForElementClickable(findTestObject("Modulo Tarea Administracion Compensacion/Novedades/span_Novedades"), G_TimeOut): Object 'Object Repository/Modulo Tarea Administracion Compensacion/Novedades/span_Novedades' is clickable

2021-11-22 09:08:47 - [MESSAGE][PASSED] - Object 'Object Repository/Modulo Tarea Administracion Compensacion/Novedades/span_Novedades' is clickable

2021-11-22 09:08:47 - [TEST_STEP][PASSED] - click(findTestObject("Modulo Tarea Administracion Compensacion/Novedades/span_Novedades")): Object: 'Object Repository/Modulo Tarea Administracion Compensacion/Novedades/span_Novedades' is clicked on

2021-11-22 09:08:48 - [MESSAGE][PASSED] - Object: 'Object Repository/Modulo Tarea Administracion Compensacion/Novedades/span_Novedades' is clicked on

2021-11-22 09:08:48 - [TEST_STEP][PASSED] - waitForElementClickable(findTestObject("Modulo Tarea Administracion Compensacion/Novedades/span_Nuevo"), G_TimeOut): Object 'Object Repository/Modulo Tarea Administracion Compensacion/Novedades/span_Nuevo' is clickable

2021-11-22 09:08:49 - [MESSAGE][PASSED] - Object 'Object Repository/Modulo Tarea Administracion Compensacion/Novedades/span_Nuevo' is clickable

2021-11-22 09:08:49 - [TEST_STEP][PASSED] - click(findTestObject("Modulo Tarea Administracion Compensacion/Novedades/span_Nuevo")): Object: 'Object Repository/Modulo Tarea Administracion Compensacion/Novedades/span_Nuevo' is clicked on

2021-11-22 09:08:49 - [MESSAGE][PASSED] - Object: 'Object Repository/Modulo Tarea Administracion Compensacion/Novedades/span_Nuevo' is clicked on

2021-11-22 09:08:49 - [TEST_STEP][PASSED] - click(findTestObject("Modulo Tarea Administracion Compensacion/Novedades/span_Adicionar entidad de AFC")): Object: 'Object Repository/Modulo Tarea Administracion Compensacion/Novedades/span_Adicionar entidad de AFC' is clicked on

2021-11-22 09:08:51 - [MESSAGE][PASSED] - Object: 'Object Repository/Modulo Tarea Administracion Compensacion/Novedades/span_Adicionar entidad de AFC' is clicked on

2021-11-22 09:08:51 - [TEST_STEP][PASSED] - setText(findTestObject("Modulo Tarea Administracion Compensacion/Novedades/input_Desde_form_novedadesEmpl"), "01/12/2018"): Text '01/12/2018' is set on object 'Object Repository/Modulo Tarea Administracion Compensacion/Novedades/input_Desde_form_novedadesEmpl'

2021-11-22 09:08:52 - [MESSAGE][PASSED] - Text '01/12/2018' is set on object 'Object Repository/Modulo Tarea Administracion Compensacion/Novedades/input_Desde_form_novedadesEmpl'

2021-11-22 09:08:52 - [TEST_STEP][PASSED] - sendKeys(findTestObject("Modulo Tarea Administracion Compensacion/Novedades/input_Desde_form_novedadesEmpl"), Keys.chord(ENTER)): Keys 'ENTER + ' sent to object: 'Object Repository/Modulo Tarea Administracion Compensacion/Novedades/input_Desde_form_novedadesEmpl'

2021-11-22 09:08:53 - [MESSAGE][PASSED] - Keys 'ENTER + ' sent to object: 'Object Repository/Modulo Tarea Administracion Compensacion/Novedades/input_Desde_form_novedadesEmpl'

2021-11-22 09:08:53 - [TEST_STEP][PASSED] - setText(findTestObject("Modulo Tarea Administracion Compensacion/Novedades/input_Hasta_form_novedadesEmpl"), "31/01/2019"): Text '31/01/2019' is set on object 'Object Repository/Modulo Tarea Administracion Compensacion/Novedades/input_Hasta_form_novedadesEmpl'

2021-11-22 09:08:54 - [MESSAGE][PASSED] - Text '31/01/2019' is set on object 'Object Repository/Modulo Tarea Administracion Compensacion/Novedades/input_Hasta_form_novedadesEmpl'

2021-11-22 09:08:54 - [TEST_STEP][PASSED] - sendKeys(findTestObject("Modulo Tarea Administracion Compensacion/Novedades/input_Hasta_form_novedadesEmpl"), Keys.chord(ENTER)): Keys 'ENTER + ' sent to object: 'Object Repository/Modulo Tarea Administracion Compensacion/Novedades/input_Hasta_form_novedadesEmpl'

2021-11-22 09:08:54 - [MESSAGE][PASSED] - Keys 'ENTER + ' sent to object: 'Object Repository/Modulo Tarea Administracion Compensacion/Novedades/input_Hasta_form_novedadesEmpl'

2021-11-22 09:08:54 - [TEST_STEP][PASSED] - waitForElementClickable(findTestObject("Modulo Tarea Administracion Compensacion/Novedades/a_Sucursal_form_novedadesEmple"), G_TimeOut): Object 'Object Repository/Modulo Tarea Administracion Compensacion/Novedades/a_Sucursal_form_novedadesEmple' is clickable

2021-11-22 09:08:55 - [MESSAGE][PASSED] - Object 'Object Repository/Modulo Tarea Administracion Compensacion/Novedades/a_Sucursal_form_novedadesEmple' is clickable

2021-11-22 09:08:55 - [TEST_STEP][PASSED] - click(findTestObject("Modulo Tarea Administracion Compensacion/Novedades/a_Sucursal_form_novedadesEmple")): Object: 'Object Repository/Modulo Tarea Administracion Compensacion/Novedades/a_Sucursal_form_novedadesEmple' is clicked on

2021-11-22 09:08:55 - [MESSAGE][PASSED] - Object: 'Object Repository/Modulo Tarea Administracion Compensacion/Novedades/a_Sucursal_form_novedadesEmple' is clicked on

2021-11-22 09:08:55 - [TEST_STEP][PASSED] - waitForElementClickable(findTestObject("Modulo Tarea Administracion Compensacion/Novedades/span_AFC - HELM BANK"), G_TimeOut): Object 'Object Repository/Modulo Tarea Administracion Compensacion/Novedades/span_AFC - HELM BANK' is clickable

2021-11-22 09:08:56 - [MESSAGE][PASSED] - Object 'Object Repository/Modulo Tarea Administracion Compensacion/Novedades/span_AFC - HELM BANK' is clickable

2021-11-22 09:08:56 - [TEST_STEP][PASSED] - click(findTestObject("Modulo Tarea Administracion Compensacion/Novedades/span_AFC - HELM BANK")): Object: 'Object Repository/Modulo Tarea Administracion Compensacion/Novedades/span_AFC - HELM BANK' is clicked on

2021-11-22 09:08:57 - [MESSAGE][PASSED] - Object: 'Object Repository/Modulo Tarea Administracion Compensacion/Novedades/span_AFC - HELM BANK' is clicked on

2021-11-22 09:08:57 - [TEST_STEP][PASSED] - click(findTestObject("Modulo Tarea Administracion Compensacion/Novedades/input_Cuenta_form_novedadesEmp")): Object: 'Object Repository/Modulo Tarea Administracion Compensacion/Novedades/input_Cuenta_form_novedadesEmp' is clicked on

2021-11-22 09:08:57 - [MESSAGE][PASSED] - Object: 'Object Repository/Modulo Tarea Administracion Compensacion/Novedades/input_Cuenta_form_novedadesEmp' is clicked on

2021-11-22 09:08:57 - [TEST_STEP][PASSED] - setText(findTestObject("Modulo Tarea Administracion Compensacion/Novedades/input_Cuenta_form_novedadesEmp"), "63483135434398"): Text '63483135434398' is set on object 'Object Repository/Modulo Tarea Administracion Compensacion/Novedades/input_Cuenta_form_novedadesEmp'

2021-11-22 09:08:58 - [MESSAGE][PASSED] - Text '63483135434398' is set on object 'Object Repository/Modulo Tarea Administracion Compensacion/Novedades/input_Cuenta_form_novedadesEmp'

2021-11-22 09:08:58 - [TEST_STEP][PASSED] - click(findTestObject("Modulo Tarea Administracion Compensacion/Novedades/input_Valor_form_novedadesEmpl"), STOP_ON_FAILURE): Object: 'Object Repository/Modulo Tarea Administracion Compensacion/Novedades/input_Valor_form_novedadesEmpl' is clicked on

2021-11-22 09:08:59 - [MESSAGE][PASSED] - Object: 'Object Repository/Modulo Tarea Administracion Compensacion/Novedades/input_Valor_form_novedadesEmpl' is clicked on

2021-11-22 09:08:59 - [TEST_STEP][PASSED] - setText(findTestObject("Modulo Tarea Administracion Compensacion/Novedades/input_Valor_form_novedadesEmpl"), "100"): Text '100' is set on object 'Object Repository/Modulo Tarea Administracion Compensacion/Novedades/input_Valor_form_novedadesEmpl'

2021-11-22 09:08:59 - [MESSAGE][PASSED] - Text '100' is set on object 'Object Repository/Modulo Tarea Administracion Compensacion/Novedades/input_Valor_form_novedadesEmpl'

2021-11-22 09:08:59 - [TEST_STEP][PASSED] - waitForElementClickable(findTestObject("Modulo Tarea Administracion Compensacion/Novedades/select_-- seleccione --Ciclo 0"), 0, STOP_ON_FAILURE): Object 'Object Repository/Modulo Tarea Administracion Compensacion/Novedades/select_-- seleccione --Ciclo 0' is clickable

2021-11-22 09:08:59 - [MESSAGE][WARNING] - Timeout '0' is invalid. Using default page load timeout: '30'

2021-11-22 09:09:00 - [MESSAGE][PASSED] - Object 'Object Repository/Modulo Tarea Administracion Compensacion/Novedades/select_-- seleccione --Ciclo 0' is clickable

2021-11-22 09:09:00 - [TEST_STEP][PASSED] - selectOptionByValue(findTestObject("Modulo Tarea Administracion Compensacion/Novedades/select_-- seleccione --Ciclo 0"), "1", true): All options with value '1' are selected in object 'Object Repository/Modulo Tarea Administracion Compensacion/Novedades/select_-- seleccione --Ciclo 0'  using regular expression

2021-11-22 09:09:01 - [MESSAGE][PASSED] - All options with value '1' are selected in object 'Object Repository/Modulo Tarea Administracion Compensacion/Novedades/select_-- seleccione --Ciclo 0'  using regular expression

2021-11-22 09:09:01 - [TEST_STEP][PASSED] - click(findTestObject("Modulo Tarea Administracion Compensacion/Novedades/textarea_Observacin_form_noved"), STOP_ON_FAILURE): Object: 'Object Repository/Modulo Tarea Administracion Compensacion/Novedades/textarea_Observacin_form_noved' is clicked on

2021-11-22 09:09:01 - [MESSAGE][PASSED] - Object: 'Object Repository/Modulo Tarea Administracion Compensacion/Novedades/textarea_Observacin_form_noved' is clicked on

2021-11-22 09:09:01 - [TEST_STEP][PASSED] - setText(findTestObject("Modulo Tarea Administracion Compensacion/Novedades/textarea_Observacin_form_noved"), "aaaaaaaaaaa"): Text 'aaaaaaaaaaa' is set on object 'Object Repository/Modulo Tarea Administracion Compensacion/Novedades/textarea_Observacin_form_noved'

2021-11-22 09:09:02 - [MESSAGE][PASSED] - Text 'aaaaaaaaaaa' is set on object 'Object Repository/Modulo Tarea Administracion Compensacion/Novedades/textarea_Observacin_form_noved'

2021-11-22 09:09:02 - [TEST_STEP][PASSED] - waitForElementClickable(findTestObject("Modulo Tarea Administracion Compensacion/Novedades/a_Guardar"), G_TimeOut): Object 'Object Repository/Modulo Tarea Administracion Compensacion/Novedades/a_Guardar' is clickable

2021-11-22 09:09:02 - [MESSAGE][PASSED] - Object 'Object Repository/Modulo Tarea Administracion Compensacion/Novedades/a_Guardar' is clickable

2021-11-22 09:09:02 - [TEST_STEP][PASSED] - click(findTestObject("Modulo Tarea Administracion Compensacion/Novedades/a_Guardar")): Object: 'Object Repository/Modulo Tarea Administracion Compensacion/Novedades/a_Guardar' is clicked on

2021-11-22 09:09:03 - [MESSAGE][PASSED] - Object: 'Object Repository/Modulo Tarea Administracion Compensacion/Novedades/a_Guardar' is clicked on

2021-11-22 09:09:03 - [TEST_STEP][PASSED] - getText(findTestObject("Alerta/Alerta")): Text of object 'Object Repository/Alerta/Alerta' is: 'Registro guardado'

2021-11-22 09:09:08 - [MESSAGE][PASSED] - Text of object 'Object Repository/Alerta/Alerta' is: 'Registro guardado'

2021-11-22 09:09:08 - [TEST_STEP][PASSED] - closeBrowser(): Browser is closed

2021-11-22 09:09:09 - [MESSAGE][PASSED] - Browser is closed]]></system-out>
         <system-err><![CDATA[]]></system-err>
      </testcase>
      <testcase name="Test Cases/1.1-Tareas Principales/1.3.1-Periodo en Proceso - Archivo Plano" time="31.925" classname="Test Cases/1.1-Tareas Principales/1.3.1-Periodo en Proceso - Archivo Plano" status="PASSED">
         <system-out><![CDATA[2021-11-22 09:09:09 - [TEST_CASE][PASSED] - Test Cases/1.1-Tareas Principales/1.3.1-Periodo en Proceso - Archivo Plano: Test Cases/1.1-Tareas Principales/1.3.1-Periodo en Proceso - Archivo Plano

2021-11-22 09:09:09 - [TEST_STEP][PASSED] - callTestCase(findTestCase("Hutilidades/Tareas Administracion Compensacion/Tarea Liquidacion Nomina"), [:], STOP_ON_FAILURE): Call Test Case 'Test Cases/Hutilidades/Tareas Administracion Compensacion/Tarea Liquidacion Nomina' successfully

2021-11-22 09:09:09 - [TEST_CASE][PASSED] - Test Cases/Hutilidades/Tareas Administracion Compensacion/Tarea Liquidacion Nomina: Test Cases/Hutilidades/Tareas Administracion Compensacion/Tarea Liquidacion Nomina

2021-11-22 09:09:10 - [TEST_STEP][PASSED] - callTestCase(findTestCase("0.1-Login"), [:], STOP_ON_FAILURE): Call Test Case 'Test Cases/0.1-Login' successfully

2021-11-22 09:09:10 - [TEST_CASE][PASSED] - Test Cases/0.1-Login: Test Cases/0.1-Login

2021-11-22 09:09:10 - [TEST_STEP][PASSED] - openBrowser(""): Browser is opened with url: ''

2021-11-22 09:09:10 - [MESSAGE][INFO] - Starting 'Edge Chromium' driver

2021-11-22 09:09:12 - [MESSAGE][INFO] - Action delay is set to 0 milliseconds

2021-11-22 09:09:13 - [MESSAGE][PASSED] - Browser is opened with url: ''

2021-11-22 09:09:13 - [TEST_STEP][PASSED] - maximizeWindow(): Current window maximized

2021-11-22 09:09:13 - [MESSAGE][PASSED] - Current window maximized

2021-11-22 09:09:13 - [TEST_STEP][PASSED] - i = G_Login: null

2021-11-22 09:09:13 - [TEST_STEP][PASSED] - url = new java.net.URL(i): null

2021-11-22 09:09:13 - [TEST_STEP][PASSED] - println("URL: " + url.toString()): null

2021-11-22 09:09:13 - [TEST_STEP][PASSED] - connection = url.openConnection(): null

2021-11-22 09:09:13 - [TEST_STEP][PASSED] - connection.setRequestMethod("GET"): null

2021-11-22 09:09:13 - [TEST_STEP][PASSED] - connection.setReadTimeout(2 * 1000): null

2021-11-22 09:09:13 - [TEST_STEP][PASSED] - try: null

2021-11-22 09:09:13 - [TEST_STEP][PASSED] - connection.connect(): null

2021-11-22 09:09:13 - [TEST_STEP][PASSED] - flag = connected: null

2021-11-22 09:09:13 - [TEST_STEP][PASSED] - println("Valor_ori: " + flag): null

2021-11-22 09:09:13 - [TEST_STEP][PASSED] - if (flag): null

2021-11-22 09:09:13 - [TEST_STEP][PASSED] - navigateToUrl(i): Navigate to 'http://localhost:8380/saraweb/' successfully

2021-11-22 09:09:14 - [MESSAGE][PASSED] - Navigate to 'http://localhost:8380/saraweb/' successfully

2021-11-22 09:09:14 - [TEST_STEP][PASSED] - a(): null

2021-11-22 09:09:14 - [TEST_STEP][PASSED] - setText(findTestObject("Login/input_USUARIO_loginusuario"), G_Usuario): Text 'saraadmin' is set on object 'Object Repository/Login/input_USUARIO_loginusuario'

2021-11-22 09:09:15 - [MESSAGE][PASSED] - Text 'saraadmin' is set on object 'Object Repository/Login/input_USUARIO_loginusuario'

2021-11-22 09:09:15 - [TEST_STEP][PASSED] - setEncryptedText(findTestObject("Login/input_CLAVE_loginpassword"), "MkG4/TYiCFC3cb2driP7+Q=="): Text ****** has been set on object 'Object Repository/Login/input_CLAVE_loginpassword'

2021-11-22 09:09:15 - [MESSAGE][PASSED] - Text ****** has been set on object 'Object Repository/Login/input_CLAVE_loginpassword'

2021-11-22 09:09:15 - [TEST_STEP][PASSED] - waitForElementClickable(findTestObject("Login/a_Ingresar"), G_TimeOut): Object 'Object Repository/Login/a_Ingresar' is clickable

2021-11-22 09:09:15 - [MESSAGE][PASSED] - Object 'Object Repository/Login/a_Ingresar' is clickable

2021-11-22 09:09:15 - [TEST_STEP][PASSED] - click(findTestObject("Login/a_Ingresar")): Object: 'Object Repository/Login/a_Ingresar' is clicked on

2021-11-22 09:09:16 - [MESSAGE][PASSED] - Object: 'Object Repository/Login/a_Ingresar' is clicked on

2021-11-22 09:09:16 - [TEST_STEP][PASSED] - element = findWebElement(findTestObject("Login/a_Ir"), 30): null

2021-11-22 09:09:17 - [TEST_STEP][PASSED] - executeJavaScript("arguments[0].click()", Arrays.asList(element)): Execute JavaScript 'arguments[0].click()' successfully

2021-11-22 09:09:17 - [MESSAGE][PASSED] - Execute JavaScript 'arguments[0].click()' successfully

2021-11-22 09:09:17 - [MESSAGE][PASSED] - Call Test Case 'Test Cases/0.1-Login' successfully

2021-11-22 09:09:17 - [TEST_STEP][PASSED] - delay(2): Delayed 2 second(s)

2021-11-22 09:09:19 - [MESSAGE][PASSED] - Delayed 2 second(s)

2021-11-22 09:09:19 - [TEST_STEP][PASSED] - setText(findTestObject("Modulo Tarea Administracion Compensacion/Tarea Liquidacion Nomina/input_Listado de Empleados_"), "Liquidacion Nomina"): Text 'Liquidacion Nomina' is set on object 'Object Repository/Modulo Tarea Administracion Compensacion/Tarea Liquidacion Nomina/input_Listado de Empleados_'

2021-11-22 09:09:20 - [MESSAGE][PASSED] - Text 'Liquidacion Nomina' is set on object 'Object Repository/Modulo Tarea Administracion Compensacion/Tarea Liquidacion Nomina/input_Listado de Empleados_'

2021-11-22 09:09:20 - [TEST_STEP][PASSED] - delay(1): Delayed 1 second(s)

2021-11-22 09:09:21 - [MESSAGE][PASSED] - Delayed 1 second(s)

2021-11-22 09:09:21 - [TEST_STEP][PASSED] - sendKeys(findTestObject("Modulo Tarea Administracion Compensacion/Tarea Liquidacion Nomina/input_Listado de Empleados_"), Keys.chord(ENTER)): Keys 'ENTER + ' sent to object: 'Object Repository/Modulo Tarea Administracion Compensacion/Tarea Liquidacion Nomina/input_Listado de Empleados_'

2021-11-22 09:09:21 - [MESSAGE][PASSED] - Keys 'ENTER + ' sent to object: 'Object Repository/Modulo Tarea Administracion Compensacion/Tarea Liquidacion Nomina/input_Listado de Empleados_'

2021-11-22 09:09:21 - [MESSAGE][PASSED] - Call Test Case 'Test Cases/Hutilidades/Tareas Administracion Compensacion/Tarea Liquidacion Nomina' successfully

2021-11-22 09:09:21 - [TEST_STEP][PASSED] - waitForElementClickable(findTestObject("Modulo Tarea Administracion Compensacion/Periodo en Proceso - Archivo Plano/a_Periodo Nomina_LiquidacionNominaj_idt63"), G_TimeOut): Object 'Object Repository/Modulo Tarea Administracion Compensacion/Periodo en Proceso - Archivo Plano/a_Periodo Nomina_LiquidacionNominaj_idt63' is clickable

2021-11-22 09:09:25 - [MESSAGE][PASSED] - Object 'Object Repository/Modulo Tarea Administracion Compensacion/Periodo en Proceso - Archivo Plano/a_Periodo Nomina_LiquidacionNominaj_idt63' is clickable

2021-11-22 09:09:25 - [TEST_STEP][PASSED] - click(findTestObject("Modulo Tarea Administracion Compensacion/Periodo en Proceso - Archivo Plano/a_Periodo Nomina_LiquidacionNominaj_idt63")): Object: 'Object Repository/Modulo Tarea Administracion Compensacion/Periodo en Proceso - Archivo Plano/a_Periodo Nomina_LiquidacionNominaj_idt63' is clicked on

2021-11-22 09:09:26 - [MESSAGE][PASSED] - Object: 'Object Repository/Modulo Tarea Administracion Compensacion/Periodo en Proceso - Archivo Plano/a_Periodo Nomina_LiquidacionNominaj_idt63' is clicked on

2021-11-22 09:09:26 - [TEST_STEP][PASSED] - waitForElementClickable(findTestObject("Modulo Tarea Administracion Compensacion/Periodo en Proceso - Archivo Plano/select_--  Seleccione  --Periodo CerradoPeriodo en Proceso"), G_TimeOut): Object 'Object Repository/Modulo Tarea Administracion Compensacion/Periodo en Proceso - Archivo Plano/select_--  Seleccione  --Periodo CerradoPeriodo en Proceso' is clickable

2021-11-22 09:09:26 - [MESSAGE][PASSED] - Object 'Object Repository/Modulo Tarea Administracion Compensacion/Periodo en Proceso - Archivo Plano/select_--  Seleccione  --Periodo CerradoPeriodo en Proceso' is clickable

2021-11-22 09:09:26 - [TEST_STEP][PASSED] - click(findTestObject("Modulo Tarea Administracion Compensacion/Periodo en Proceso - Archivo Plano/select_--  Seleccione  --Periodo CerradoPeriodo en Proceso")): Object: 'Object Repository/Modulo Tarea Administracion Compensacion/Periodo en Proceso - Archivo Plano/select_--  Seleccione  --Periodo CerradoPeriodo en Proceso' is clicked on

2021-11-22 09:09:27 - [MESSAGE][PASSED] - Object: 'Object Repository/Modulo Tarea Administracion Compensacion/Periodo en Proceso - Archivo Plano/select_--  Seleccione  --Periodo CerradoPeriodo en Proceso' is clicked on

2021-11-22 09:09:27 - [TEST_STEP][PASSED] - selectOptionByIndex(findTestObject("Modulo Tarea Administracion Compensacion/Periodo en Proceso - Archivo Plano/select_--  Seleccione  --Periodo CerradoPeriodo en Proceso"), 2): All options with index in [2] are selected on object 'Object Repository/Modulo Tarea Administracion Compensacion/Periodo en Proceso - Archivo Plano/select_--  Seleccione  --Periodo CerradoPeriodo en Proceso'

2021-11-22 09:09:28 - [MESSAGE][PASSED] - All options with index in [2] are selected on object 'Object Repository/Modulo Tarea Administracion Compensacion/Periodo en Proceso - Archivo Plano/select_--  Seleccione  --Periodo CerradoPeriodo en Proceso'

2021-11-22 09:09:28 - [TEST_STEP][PASSED] - waitForElementClickable(findTestObject("Modulo Tarea Administracion Compensacion/Periodo en Proceso - Archivo Plano/span_P MensualJulio2021"), G_TimeOut): Object 'Object Repository/Modulo Tarea Administracion Compensacion/Periodo en Proceso - Archivo Plano/span_P MensualJulio2021' is clickable

2021-11-22 09:09:28 - [MESSAGE][PASSED] - Object 'Object Repository/Modulo Tarea Administracion Compensacion/Periodo en Proceso - Archivo Plano/span_P MensualJulio2021' is clickable

2021-11-22 09:09:28 - [TEST_STEP][PASSED] - click(findTestObject("Modulo Tarea Administracion Compensacion/Periodo en Proceso - Archivo Plano/span_P MensualJulio2021")): Object: 'Object Repository/Modulo Tarea Administracion Compensacion/Periodo en Proceso - Archivo Plano/span_P MensualJulio2021' is clicked on

2021-11-22 09:09:29 - [MESSAGE][PASSED] - Object: 'Object Repository/Modulo Tarea Administracion Compensacion/Periodo en Proceso - Archivo Plano/span_P MensualJulio2021' is clicked on

2021-11-22 09:09:29 - [TEST_STEP][PASSED] - click(findTestObject("Modulo Tarea Administracion Compensacion/Periodo en Proceso - Archivo Plano/span_Archivo Plano")): Object: 'Object Repository/Modulo Tarea Administracion Compensacion/Periodo en Proceso - Archivo Plano/span_Archivo Plano' is clicked on

2021-11-22 09:09:31 - [MESSAGE][PASSED] - Object: 'Object Repository/Modulo Tarea Administracion Compensacion/Periodo en Proceso - Archivo Plano/span_Archivo Plano' is clicked on

2021-11-22 09:09:31 - [TEST_STEP][PASSED] - selectOptionByValue(findTestObject("Modulo Tarea Administracion Compensacion/Periodo en Proceso - Archivo Plano/select_ddMMyyddMMyyyyyyMMddyyy"), "dd/MM/yyyy", true): All options with value 'dd/MM/yyyy' are selected in object 'Object Repository/Modulo Tarea Administracion Compensacion/Periodo en Proceso - Archivo Plano/select_ddMMyyddMMyyyyyyMMddyyy'  using regular expression

2021-11-22 09:09:33 - [MESSAGE][PASSED] - All options with value 'dd/MM/yyyy' are selected in object 'Object Repository/Modulo Tarea Administracion Compensacion/Periodo en Proceso - Archivo Plano/select_ddMMyyddMMyyyyyyMMddyyy'  using regular expression

2021-11-22 09:09:33 - [TEST_STEP][PASSED] - selectOptionByValue(findTestObject("Modulo Tarea Administracion Compensacion/Periodo en Proceso - Archivo Plano/select_Acumular valorAdicionar"), "I", true): All options with value 'I' are selected in object 'Object Repository/Modulo Tarea Administracion Compensacion/Periodo en Proceso - Archivo Plano/select_Acumular valorAdicionar'  using regular expression

2021-11-22 09:09:34 - [MESSAGE][PASSED] - All options with value 'I' are selected in object 'Object Repository/Modulo Tarea Administracion Compensacion/Periodo en Proceso - Archivo Plano/select_Acumular valorAdicionar'  using regular expression

2021-11-22 09:09:34 - [TEST_STEP][PASSED] - uploadFile(findTestObject("Modulo Tarea Administracion Compensacion/Periodo en Proceso - Archivo Plano/Archivo"), "E:\unionweb14\ArchivoPlanoLiquidacionNomina.txt"): File 'E:\unionweb14\ArchivoPlanoLiquidacionNomina.txt' sent to object: 'Object Repository/Modulo Tarea Administracion Compensacion/Periodo en Proceso - Archivo Plano/Archivo'

2021-11-22 09:09:35 - [MESSAGE][PASSED] - File 'E:\unionweb14\ArchivoPlanoLiquidacionNomina.txt' sent to object: 'Object Repository/Modulo Tarea Administracion Compensacion/Periodo en Proceso - Archivo Plano/Archivo'

2021-11-22 09:09:35 - [TEST_STEP][PASSED] - filePath = getAttribute(findTestObject("Modulo Tarea Administracion Compensacion/Periodo en Proceso - Archivo Plano/Archivo"), "value"): Attribute 'value' of object 'Object Repository/Modulo Tarea Administracion Compensacion/Periodo en Proceso - Archivo Plano/Archivo' is: ''

2021-11-22 09:09:36 - [MESSAGE][PASSED] - Attribute 'value' of object 'Object Repository/Modulo Tarea Administracion Compensacion/Periodo en Proceso - Archivo Plano/Archivo' is: ''

2021-11-22 09:09:36 - [TEST_STEP][PASSED] - waitForElementClickable(findTestObject("Modulo Tarea Administracion Compensacion/Periodo en Proceso - Archivo Plano/a_Importar"), 0): Object 'Object Repository/Modulo Tarea Administracion Compensacion/Periodo en Proceso - Archivo Plano/a_Importar' is clickable

2021-11-22 09:09:36 - [MESSAGE][WARNING] - Timeout '0' is invalid. Using default page load timeout: '30'

2021-11-22 09:09:36 - [MESSAGE][PASSED] - Object 'Object Repository/Modulo Tarea Administracion Compensacion/Periodo en Proceso - Archivo Plano/a_Importar' is clickable

2021-11-22 09:09:36 - [TEST_STEP][PASSED] - click(findTestObject("Modulo Tarea Administracion Compensacion/Periodo en Proceso - Archivo Plano/a_Importar")): Object: 'Object Repository/Modulo Tarea Administracion Compensacion/Periodo en Proceso - Archivo Plano/a_Importar' is clicked on

2021-11-22 09:09:37 - [MESSAGE][PASSED] - Object: 'Object Repository/Modulo Tarea Administracion Compensacion/Periodo en Proceso - Archivo Plano/a_Importar' is clicked on

2021-11-22 09:09:37 - [TEST_STEP][PASSED] - click(findTestObject("Modulo Tarea Administracion Compensacion/Periodo en Proceso - Archivo Plano/span_Aplicar")): Object: 'Object Repository/Modulo Tarea Administracion Compensacion/Periodo en Proceso - Archivo Plano/span_Aplicar' is clicked on

2021-11-22 09:09:38 - [MESSAGE][PASSED] - Object: 'Object Repository/Modulo Tarea Administracion Compensacion/Periodo en Proceso - Archivo Plano/span_Aplicar' is clicked on

2021-11-22 09:09:38 - [TEST_STEP][PASSED] - click(findTestObject("Modulo Tarea Administracion Compensacion/Periodo en Proceso - Archivo Plano/Page_SARA/span_Si")): Object: 'Object Repository/Modulo Tarea Administracion Compensacion/Periodo en Proceso - Archivo Plano/Page_SARA/span_Si' is clicked on

2021-11-22 09:09:39 - [MESSAGE][PASSED] - Object: 'Object Repository/Modulo Tarea Administracion Compensacion/Periodo en Proceso - Archivo Plano/Page_SARA/span_Si' is clicked on

2021-11-22 09:09:39 - [TEST_STEP][PASSED] - getText(findTestObject("Alerta/Alerta")): Text of object 'Object Repository/Alerta/Alerta' is: 'Archivo aplicado'

2021-11-22 09:09:40 - [MESSAGE][PASSED] - Text of object 'Object Repository/Alerta/Alerta' is: 'Archivo aplicado'

2021-11-22 09:09:40 - [TEST_STEP][PASSED] - closeBrowser(): Browser is closed

2021-11-22 09:09:41 - [MESSAGE][PASSED] - Browser is closed]]></system-out>
         <system-err><![CDATA[]]></system-err>
      </testcase>
      <testcase name="Test Cases/1.1-Tareas Principales/1.3.2-Recalculo Seleccion" time="29.66" classname="Test Cases/1.1-Tareas Principales/1.3.2-Recalculo Seleccion" status="PASSED">
         <system-out><![CDATA[2021-11-22 09:09:41 - [TEST_CASE][PASSED] - Test Cases/1.1-Tareas Principales/1.3.2-Recalculo Seleccion: Test Cases/1.1-Tareas Principales/1.3.2-Recalculo Seleccion

2021-11-22 09:09:41 - [TEST_STEP][PASSED] - callTestCase(findTestCase("Hutilidades/Tareas Administracion Compensacion/Tarea Liquidacion Nomina"), [:], STOP_ON_FAILURE): Call Test Case 'Test Cases/Hutilidades/Tareas Administracion Compensacion/Tarea Liquidacion Nomina' successfully

2021-11-22 09:09:41 - [TEST_CASE][PASSED] - Test Cases/Hutilidades/Tareas Administracion Compensacion/Tarea Liquidacion Nomina: Test Cases/Hutilidades/Tareas Administracion Compensacion/Tarea Liquidacion Nomina

2021-11-22 09:09:41 - [TEST_STEP][PASSED] - callTestCase(findTestCase("0.1-Login"), [:], STOP_ON_FAILURE): Call Test Case 'Test Cases/0.1-Login' successfully

2021-11-22 09:09:41 - [TEST_CASE][PASSED] - Test Cases/0.1-Login: Test Cases/0.1-Login

2021-11-22 09:09:41 - [TEST_STEP][PASSED] - openBrowser(""): Browser is opened with url: ''

2021-11-22 09:09:41 - [MESSAGE][INFO] - Starting 'Edge Chromium' driver

2021-11-22 09:09:44 - [MESSAGE][INFO] - Action delay is set to 0 milliseconds

2021-11-22 09:09:44 - [MESSAGE][PASSED] - Browser is opened with url: ''

2021-11-22 09:09:44 - [TEST_STEP][PASSED] - maximizeWindow(): Current window maximized

2021-11-22 09:09:44 - [MESSAGE][PASSED] - Current window maximized

2021-11-22 09:09:44 - [TEST_STEP][PASSED] - i = G_Login: null

2021-11-22 09:09:44 - [TEST_STEP][PASSED] - url = new java.net.URL(i): null

2021-11-22 09:09:44 - [TEST_STEP][PASSED] - println("URL: " + url.toString()): null

2021-11-22 09:09:44 - [TEST_STEP][PASSED] - connection = url.openConnection(): null

2021-11-22 09:09:44 - [TEST_STEP][PASSED] - connection.setRequestMethod("GET"): null

2021-11-22 09:09:44 - [TEST_STEP][PASSED] - connection.setReadTimeout(2 * 1000): null

2021-11-22 09:09:44 - [TEST_STEP][PASSED] - try: null

2021-11-22 09:09:44 - [TEST_STEP][PASSED] - connection.connect(): null

2021-11-22 09:09:44 - [TEST_STEP][PASSED] - flag = connected: null

2021-11-22 09:09:44 - [TEST_STEP][PASSED] - println("Valor_ori: " + flag): null

2021-11-22 09:09:44 - [TEST_STEP][PASSED] - if (flag): null

2021-11-22 09:09:44 - [TEST_STEP][PASSED] - navigateToUrl(i): Navigate to 'http://localhost:8380/saraweb/' successfully

2021-11-22 09:09:46 - [MESSAGE][PASSED] - Navigate to 'http://localhost:8380/saraweb/' successfully

2021-11-22 09:09:46 - [TEST_STEP][PASSED] - a(): null

2021-11-22 09:09:46 - [TEST_STEP][PASSED] - setText(findTestObject("Login/input_USUARIO_loginusuario"), G_Usuario): Text 'saraadmin' is set on object 'Object Repository/Login/input_USUARIO_loginusuario'

2021-11-22 09:09:47 - [MESSAGE][PASSED] - Text 'saraadmin' is set on object 'Object Repository/Login/input_USUARIO_loginusuario'

2021-11-22 09:09:47 - [TEST_STEP][PASSED] - setEncryptedText(findTestObject("Login/input_CLAVE_loginpassword"), "MkG4/TYiCFC3cb2driP7+Q=="): Text ****** has been set on object 'Object Repository/Login/input_CLAVE_loginpassword'

2021-11-22 09:09:47 - [MESSAGE][PASSED] - Text ****** has been set on object 'Object Repository/Login/input_CLAVE_loginpassword'

2021-11-22 09:09:47 - [TEST_STEP][PASSED] - waitForElementClickable(findTestObject("Login/a_Ingresar"), G_TimeOut): Object 'Object Repository/Login/a_Ingresar' is clickable

2021-11-22 09:09:48 - [MESSAGE][PASSED] - Object 'Object Repository/Login/a_Ingresar' is clickable

2021-11-22 09:09:48 - [TEST_STEP][PASSED] - click(findTestObject("Login/a_Ingresar")): Object: 'Object Repository/Login/a_Ingresar' is clicked on

2021-11-22 09:09:51 - [MESSAGE][PASSED] - Object: 'Object Repository/Login/a_Ingresar' is clicked on

2021-11-22 09:09:51 - [TEST_STEP][PASSED] - element = findWebElement(findTestObject("Login/a_Ir"), 30): null

2021-11-22 09:09:51 - [TEST_STEP][PASSED] - executeJavaScript("arguments[0].click()", Arrays.asList(element)): Execute JavaScript 'arguments[0].click()' successfully

2021-11-22 09:09:51 - [MESSAGE][PASSED] - Execute JavaScript 'arguments[0].click()' successfully

2021-11-22 09:09:51 - [MESSAGE][PASSED] - Call Test Case 'Test Cases/0.1-Login' successfully

2021-11-22 09:09:51 - [TEST_STEP][PASSED] - delay(2): Delayed 2 second(s)

2021-11-22 09:09:53 - [MESSAGE][PASSED] - Delayed 2 second(s)

2021-11-22 09:09:53 - [TEST_STEP][PASSED] - setText(findTestObject("Modulo Tarea Administracion Compensacion/Tarea Liquidacion Nomina/input_Listado de Empleados_"), "Liquidacion Nomina"): Text 'Liquidacion Nomina' is set on object 'Object Repository/Modulo Tarea Administracion Compensacion/Tarea Liquidacion Nomina/input_Listado de Empleados_'

2021-11-22 09:09:54 - [MESSAGE][PASSED] - Text 'Liquidacion Nomina' is set on object 'Object Repository/Modulo Tarea Administracion Compensacion/Tarea Liquidacion Nomina/input_Listado de Empleados_'

2021-11-22 09:09:54 - [TEST_STEP][PASSED] - delay(1): Delayed 1 second(s)

2021-11-22 09:09:55 - [MESSAGE][PASSED] - Delayed 1 second(s)

2021-11-22 09:09:55 - [TEST_STEP][PASSED] - sendKeys(findTestObject("Modulo Tarea Administracion Compensacion/Tarea Liquidacion Nomina/input_Listado de Empleados_"), Keys.chord(ENTER)): Keys 'ENTER + ' sent to object: 'Object Repository/Modulo Tarea Administracion Compensacion/Tarea Liquidacion Nomina/input_Listado de Empleados_'

2021-11-22 09:09:55 - [MESSAGE][PASSED] - Keys 'ENTER + ' sent to object: 'Object Repository/Modulo Tarea Administracion Compensacion/Tarea Liquidacion Nomina/input_Listado de Empleados_'

2021-11-22 09:09:55 - [MESSAGE][PASSED] - Call Test Case 'Test Cases/Hutilidades/Tareas Administracion Compensacion/Tarea Liquidacion Nomina' successfully

2021-11-22 09:09:55 - [TEST_STEP][PASSED] - waitForElementClickable(findTestObject("Modulo Tarea Administracion Compensacion/Recalculo Seleccion/a_Periodo Nomina_LiquidacionNominaj_idt63"), G_TimeOut, STOP_ON_FAILURE): Object 'Object Repository/Modulo Tarea Administracion Compensacion/Recalculo Seleccion/a_Periodo Nomina_LiquidacionNominaj_idt63' is clickable

2021-11-22 09:09:56 - [MESSAGE][PASSED] - Object 'Object Repository/Modulo Tarea Administracion Compensacion/Recalculo Seleccion/a_Periodo Nomina_LiquidacionNominaj_idt63' is clickable

2021-11-22 09:09:56 - [TEST_STEP][PASSED] - click(findTestObject("Modulo Tarea Administracion Compensacion/Recalculo Seleccion/a_Periodo Nomina_LiquidacionNominaj_idt63")): Object: 'Object Repository/Modulo Tarea Administracion Compensacion/Recalculo Seleccion/a_Periodo Nomina_LiquidacionNominaj_idt63' is clicked on

2021-11-22 09:09:57 - [MESSAGE][PASSED] - Object: 'Object Repository/Modulo Tarea Administracion Compensacion/Recalculo Seleccion/a_Periodo Nomina_LiquidacionNominaj_idt63' is clicked on

2021-11-22 09:09:57 - [TEST_STEP][PASSED] - waitForElementClickable(findTestObject("Modulo Tarea Administracion Compensacion/Recalculo Seleccion/select_--  Seleccione  --Periodo CerradoPeriodo en Proceso"), G_TimeOut): Object 'Object Repository/Modulo Tarea Administracion Compensacion/Recalculo Seleccion/select_--  Seleccione  --Periodo CerradoPeriodo en Proceso' is clickable

2021-11-22 09:09:58 - [MESSAGE][PASSED] - Object 'Object Repository/Modulo Tarea Administracion Compensacion/Recalculo Seleccion/select_--  Seleccione  --Periodo CerradoPeriodo en Proceso' is clickable

2021-11-22 09:09:58 - [TEST_STEP][PASSED] - click(findTestObject("Modulo Tarea Administracion Compensacion/Recalculo Seleccion/select_--  Seleccione  --Periodo CerradoPeriodo en Proceso")): Object: 'Object Repository/Modulo Tarea Administracion Compensacion/Recalculo Seleccion/select_--  Seleccione  --Periodo CerradoPeriodo en Proceso' is clicked on

2021-11-22 09:09:58 - [MESSAGE][PASSED] - Object: 'Object Repository/Modulo Tarea Administracion Compensacion/Recalculo Seleccion/select_--  Seleccione  --Periodo CerradoPeriodo en Proceso' is clicked on

2021-11-22 09:09:58 - [TEST_STEP][PASSED] - selectOptionByIndex(findTestObject("Modulo Tarea Administracion Compensacion/Recalculo Seleccion/select_--  Seleccione  --Periodo CerradoPeriodo en Proceso"), 2): All options with index in [2] are selected on object 'Object Repository/Modulo Tarea Administracion Compensacion/Recalculo Seleccion/select_--  Seleccione  --Periodo CerradoPeriodo en Proceso'

2021-11-22 09:09:59 - [MESSAGE][PASSED] - All options with index in [2] are selected on object 'Object Repository/Modulo Tarea Administracion Compensacion/Recalculo Seleccion/select_--  Seleccione  --Periodo CerradoPeriodo en Proceso'

2021-11-22 09:09:59 - [TEST_STEP][PASSED] - waitForElementClickable(findTestObject("Modulo Tarea Administracion Compensacion/Recalculo Seleccion/span_P MensualJulio2021"), G_TimeOut): Object 'Object Repository/Modulo Tarea Administracion Compensacion/Recalculo Seleccion/span_P MensualJulio2021' is clickable

2021-11-22 09:10:00 - [MESSAGE][PASSED] - Object 'Object Repository/Modulo Tarea Administracion Compensacion/Recalculo Seleccion/span_P MensualJulio2021' is clickable

2021-11-22 09:10:00 - [TEST_STEP][PASSED] - click(findTestObject("Modulo Tarea Administracion Compensacion/Recalculo Seleccion/span_P MensualJulio2021")): Object: 'Object Repository/Modulo Tarea Administracion Compensacion/Recalculo Seleccion/span_P MensualJulio2021' is clicked on

2021-11-22 09:10:00 - [MESSAGE][PASSED] - Object: 'Object Repository/Modulo Tarea Administracion Compensacion/Recalculo Seleccion/span_P MensualJulio2021' is clicked on

2021-11-22 09:10:00 - [TEST_STEP][PASSED] - waitForElementClickable(findTestObject("Modulo Tarea Administracion Compensacion/Recalculo Seleccion/a_Nombre Persona_LiquidacionNo"), G_TimeOut): Object 'Object Repository/Modulo Tarea Administracion Compensacion/Recalculo Seleccion/a_Nombre Persona_LiquidacionNo' is clickable

2021-11-22 09:10:01 - [MESSAGE][PASSED] - Object 'Object Repository/Modulo Tarea Administracion Compensacion/Recalculo Seleccion/a_Nombre Persona_LiquidacionNo' is clickable

2021-11-22 09:10:01 - [TEST_STEP][PASSED] - click(findTestObject("Modulo Tarea Administracion Compensacion/Recalculo Seleccion/a_Nombre Persona_LiquidacionNo")): Object: 'Object Repository/Modulo Tarea Administracion Compensacion/Recalculo Seleccion/a_Nombre Persona_LiquidacionNo' is clicked on

2021-11-22 09:10:02 - [MESSAGE][PASSED] - Object: 'Object Repository/Modulo Tarea Administracion Compensacion/Recalculo Seleccion/a_Nombre Persona_LiquidacionNo' is clicked on

2021-11-22 09:10:02 - [TEST_STEP][PASSED] - setText(findTestObject("Modulo Tarea Administracion Compensacion/Recalculo Seleccion/input_Filtro Empleado_Liquidacion Nomina"), "1019070748"): Text '1019070748' is set on object 'Object Repository/Modulo Tarea Administracion Compensacion/Recalculo Seleccion/input_Filtro Empleado_Liquidacion Nomina'

2021-11-22 09:10:04 - [MESSAGE][PASSED] - Text '1019070748' is set on object 'Object Repository/Modulo Tarea Administracion Compensacion/Recalculo Seleccion/input_Filtro Empleado_Liquidacion Nomina'

2021-11-22 09:10:04 - [TEST_STEP][PASSED] - sendKeys(findTestObject("Modulo Tarea Administracion Compensacion/Recalculo Seleccion/input_Filtro Empleado_Liquidacion Nomina"), Keys.chord(ENTER)): Keys 'ENTER + ' sent to object: 'Object Repository/Modulo Tarea Administracion Compensacion/Recalculo Seleccion/input_Filtro Empleado_Liquidacion Nomina'

2021-11-22 09:10:05 - [MESSAGE][PASSED] - Keys 'ENTER + ' sent to object: 'Object Repository/Modulo Tarea Administracion Compensacion/Recalculo Seleccion/input_Filtro Empleado_Liquidacion Nomina'

2021-11-22 09:10:05 - [TEST_STEP][PASSED] - waitForElementClickable(findTestObject("Modulo Tarea Administracion Compensacion/Recalculo Seleccion/span_Almanza Novoa John Alexandre"), G_TimeOut): Object 'Object Repository/Modulo Tarea Administracion Compensacion/Recalculo Seleccion/span_Almanza Novoa John Alexandre' is clickable

2021-11-22 09:10:06 - [MESSAGE][PASSED] - Object 'Object Repository/Modulo Tarea Administracion Compensacion/Recalculo Seleccion/span_Almanza Novoa John Alexandre' is clickable

2021-11-22 09:10:06 - [TEST_STEP][PASSED] - click(findTestObject("Modulo Tarea Administracion Compensacion/Recalculo Seleccion/span_Almanza Novoa John Alexandre")): Object: 'Object Repository/Modulo Tarea Administracion Compensacion/Recalculo Seleccion/span_Almanza Novoa John Alexandre' is clicked on

2021-11-22 09:10:07 - [MESSAGE][PASSED] - Object: 'Object Repository/Modulo Tarea Administracion Compensacion/Recalculo Seleccion/span_Almanza Novoa John Alexandre' is clicked on

2021-11-22 09:10:07 - [TEST_STEP][PASSED] - click(findTestObject("Modulo Tarea Administracion Compensacion/Recalculo Seleccion/span_Reclculo Seleccin")): Object: 'Object Repository/Modulo Tarea Administracion Compensacion/Recalculo Seleccion/span_Reclculo Seleccin' is clicked on

2021-11-22 09:10:08 - [MESSAGE][PASSED] - Object: 'Object Repository/Modulo Tarea Administracion Compensacion/Recalculo Seleccion/span_Reclculo Seleccin' is clicked on

2021-11-22 09:10:08 - [TEST_STEP][PASSED] - click(findTestObject("Modulo Tarea Administracion Compensacion/Recalculo Seleccion/span_Si")): Object: 'Object Repository/Modulo Tarea Administracion Compensacion/Recalculo Seleccion/span_Si' is clicked on

2021-11-22 09:10:09 - [MESSAGE][PASSED] - Object: 'Object Repository/Modulo Tarea Administracion Compensacion/Recalculo Seleccion/span_Si' is clicked on

2021-11-22 09:10:09 - [TEST_STEP][PASSED] - waitForElementClickable(findTestObject("Alerta/Alerta"), 0): Object 'Object Repository/Alerta/Alerta' is clickable

2021-11-22 09:10:09 - [MESSAGE][WARNING] - Timeout '0' is invalid. Using default page load timeout: '30'

2021-11-22 09:10:09 - [MESSAGE][PASSED] - Object 'Object Repository/Alerta/Alerta' is clickable

2021-11-22 09:10:09 - [TEST_STEP][PASSED] - getText(findTestObject("Alerta/Alerta")): Text of object 'Object Repository/Alerta/Alerta' is: 'Seleccione empleado'

2021-11-22 09:10:10 - [MESSAGE][PASSED] - Text of object 'Object Repository/Alerta/Alerta' is: 'Seleccione empleado'

2021-11-22 09:10:10 - [TEST_STEP][PASSED] - closeBrowser(): Browser is closed

2021-11-22 09:10:11 - [MESSAGE][PASSED] - Browser is closed]]></system-out>
         <system-err><![CDATA[]]></system-err>
      </testcase>
      <testcase name="Test Cases/1.1-Tareas Principales/1.3.3-Recalculo Total" time="138.284" classname="Test Cases/1.1-Tareas Principales/1.3.3-Recalculo Total" status="PASSED">
         <system-out><![CDATA[2021-11-22 09:10:11 - [TEST_CASE][PASSED] - Test Cases/1.1-Tareas Principales/1.3.3-Recalculo Total: Test Cases/1.1-Tareas Principales/1.3.3-Recalculo Total

2021-11-22 09:10:11 - [TEST_STEP][PASSED] - callTestCase(findTestCase("Hutilidades/Tareas Administracion Compensacion/Tarea Liquidacion Nomina"), [:], STOP_ON_FAILURE): Call Test Case 'Test Cases/Hutilidades/Tareas Administracion Compensacion/Tarea Liquidacion Nomina' successfully

2021-11-22 09:10:11 - [TEST_CASE][PASSED] - Test Cases/Hutilidades/Tareas Administracion Compensacion/Tarea Liquidacion Nomina: Test Cases/Hutilidades/Tareas Administracion Compensacion/Tarea Liquidacion Nomina

2021-11-22 09:10:11 - [TEST_STEP][PASSED] - callTestCase(findTestCase("0.1-Login"), [:], STOP_ON_FAILURE): Call Test Case 'Test Cases/0.1-Login' successfully

2021-11-22 09:10:11 - [TEST_CASE][PASSED] - Test Cases/0.1-Login: Test Cases/0.1-Login

2021-11-22 09:10:11 - [TEST_STEP][PASSED] - openBrowser(""): Browser is opened with url: ''

2021-11-22 09:10:11 - [MESSAGE][INFO] - Starting 'Edge Chromium' driver

2021-11-22 09:10:13 - [MESSAGE][INFO] - Action delay is set to 0 milliseconds

2021-11-22 09:10:14 - [MESSAGE][PASSED] - Browser is opened with url: ''

2021-11-22 09:10:14 - [TEST_STEP][PASSED] - maximizeWindow(): Current window maximized

2021-11-22 09:10:14 - [MESSAGE][PASSED] - Current window maximized

2021-11-22 09:10:14 - [TEST_STEP][PASSED] - i = G_Login: null

2021-11-22 09:10:14 - [TEST_STEP][PASSED] - url = new java.net.URL(i): null

2021-11-22 09:10:14 - [TEST_STEP][PASSED] - println("URL: " + url.toString()): null

2021-11-22 09:10:14 - [TEST_STEP][PASSED] - connection = url.openConnection(): null

2021-11-22 09:10:14 - [TEST_STEP][PASSED] - connection.setRequestMethod("GET"): null

2021-11-22 09:10:14 - [TEST_STEP][PASSED] - connection.setReadTimeout(2 * 1000): null

2021-11-22 09:10:14 - [TEST_STEP][PASSED] - try: null

2021-11-22 09:10:14 - [TEST_STEP][PASSED] - connection.connect(): null

2021-11-22 09:10:14 - [TEST_STEP][PASSED] - flag = connected: null

2021-11-22 09:10:14 - [TEST_STEP][PASSED] - println("Valor_ori: " + flag): null

2021-11-22 09:10:14 - [TEST_STEP][PASSED] - if (flag): null

2021-11-22 09:10:14 - [TEST_STEP][PASSED] - navigateToUrl(i): Navigate to 'http://localhost:8380/saraweb/' successfully

2021-11-22 09:10:15 - [MESSAGE][PASSED] - Navigate to 'http://localhost:8380/saraweb/' successfully

2021-11-22 09:10:15 - [TEST_STEP][PASSED] - a(): null

2021-11-22 09:10:15 - [TEST_STEP][PASSED] - setText(findTestObject("Login/input_USUARIO_loginusuario"), G_Usuario): Text 'saraadmin' is set on object 'Object Repository/Login/input_USUARIO_loginusuario'

2021-11-22 09:10:16 - [MESSAGE][PASSED] - Text 'saraadmin' is set on object 'Object Repository/Login/input_USUARIO_loginusuario'

2021-11-22 09:10:16 - [TEST_STEP][PASSED] - setEncryptedText(findTestObject("Login/input_CLAVE_loginpassword"), "MkG4/TYiCFC3cb2driP7+Q=="): Text ****** has been set on object 'Object Repository/Login/input_CLAVE_loginpassword'

2021-11-22 09:10:16 - [MESSAGE][PASSED] - Text ****** has been set on object 'Object Repository/Login/input_CLAVE_loginpassword'

2021-11-22 09:10:16 - [TEST_STEP][PASSED] - waitForElementClickable(findTestObject("Login/a_Ingresar"), G_TimeOut): Object 'Object Repository/Login/a_Ingresar' is clickable

2021-11-22 09:10:17 - [MESSAGE][PASSED] - Object 'Object Repository/Login/a_Ingresar' is clickable

2021-11-22 09:10:17 - [TEST_STEP][PASSED] - click(findTestObject("Login/a_Ingresar")): Object: 'Object Repository/Login/a_Ingresar' is clicked on

2021-11-22 09:10:19 - [MESSAGE][PASSED] - Object: 'Object Repository/Login/a_Ingresar' is clicked on

2021-11-22 09:10:19 - [TEST_STEP][PASSED] - element = findWebElement(findTestObject("Login/a_Ir"), 30): null

2021-11-22 09:10:19 - [TEST_STEP][PASSED] - executeJavaScript("arguments[0].click()", Arrays.asList(element)): Execute JavaScript 'arguments[0].click()' successfully

2021-11-22 09:10:19 - [MESSAGE][PASSED] - Execute JavaScript 'arguments[0].click()' successfully

2021-11-22 09:10:19 - [MESSAGE][PASSED] - Call Test Case 'Test Cases/0.1-Login' successfully

2021-11-22 09:10:19 - [TEST_STEP][PASSED] - delay(2): Delayed 2 second(s)

2021-11-22 09:10:21 - [MESSAGE][PASSED] - Delayed 2 second(s)

2021-11-22 09:10:21 - [TEST_STEP][PASSED] - setText(findTestObject("Modulo Tarea Administracion Compensacion/Tarea Liquidacion Nomina/input_Listado de Empleados_"), "Liquidacion Nomina"): Text 'Liquidacion Nomina' is set on object 'Object Repository/Modulo Tarea Administracion Compensacion/Tarea Liquidacion Nomina/input_Listado de Empleados_'

2021-11-22 09:10:22 - [MESSAGE][PASSED] - Text 'Liquidacion Nomina' is set on object 'Object Repository/Modulo Tarea Administracion Compensacion/Tarea Liquidacion Nomina/input_Listado de Empleados_'

2021-11-22 09:10:22 - [TEST_STEP][PASSED] - delay(1): Delayed 1 second(s)

2021-11-22 09:10:23 - [MESSAGE][PASSED] - Delayed 1 second(s)

2021-11-22 09:10:23 - [TEST_STEP][PASSED] - sendKeys(findTestObject("Modulo Tarea Administracion Compensacion/Tarea Liquidacion Nomina/input_Listado de Empleados_"), Keys.chord(ENTER)): Keys 'ENTER + ' sent to object: 'Object Repository/Modulo Tarea Administracion Compensacion/Tarea Liquidacion Nomina/input_Listado de Empleados_'

2021-11-22 09:10:24 - [MESSAGE][PASSED] - Keys 'ENTER + ' sent to object: 'Object Repository/Modulo Tarea Administracion Compensacion/Tarea Liquidacion Nomina/input_Listado de Empleados_'

2021-11-22 09:10:24 - [MESSAGE][PASSED] - Call Test Case 'Test Cases/Hutilidades/Tareas Administracion Compensacion/Tarea Liquidacion Nomina' successfully

2021-11-22 09:10:24 - [TEST_STEP][PASSED] - waitForElementClickable(findTestObject("Modulo Tarea Administracion Compensacion/Recalculo Total/a_Periodo Nomina_LiquidacionNominaj_idt63"), G_TimeOut): Object 'Object Repository/Modulo Tarea Administracion Compensacion/Recalculo Total/a_Periodo Nomina_LiquidacionNominaj_idt63' is clickable

2021-11-22 09:10:27 - [MESSAGE][PASSED] - Object 'Object Repository/Modulo Tarea Administracion Compensacion/Recalculo Total/a_Periodo Nomina_LiquidacionNominaj_idt63' is clickable

2021-11-22 09:10:27 - [TEST_STEP][PASSED] - click(findTestObject("Modulo Tarea Administracion Compensacion/Recalculo Total/a_Periodo Nomina_LiquidacionNominaj_idt63")): Object: 'Object Repository/Modulo Tarea Administracion Compensacion/Recalculo Total/a_Periodo Nomina_LiquidacionNominaj_idt63' is clicked on

2021-11-22 09:10:27 - [MESSAGE][PASSED] - Object: 'Object Repository/Modulo Tarea Administracion Compensacion/Recalculo Total/a_Periodo Nomina_LiquidacionNominaj_idt63' is clicked on

2021-11-22 09:10:27 - [TEST_STEP][PASSED] - waitForElementClickable(findTestObject("Modulo Tarea Administracion Compensacion/Recalculo Total/select_--  Seleccione  --Periodo CerradoPeriodo en Proceso"), G_TimeOut): Object 'Object Repository/Modulo Tarea Administracion Compensacion/Recalculo Total/select_--  Seleccione  --Periodo CerradoPeriodo en Proceso' is clickable

2021-11-22 09:10:28 - [MESSAGE][PASSED] - Object 'Object Repository/Modulo Tarea Administracion Compensacion/Recalculo Total/select_--  Seleccione  --Periodo CerradoPeriodo en Proceso' is clickable

2021-11-22 09:10:28 - [TEST_STEP][PASSED] - click(findTestObject("Modulo Tarea Administracion Compensacion/Recalculo Total/select_--  Seleccione  --Periodo CerradoPeriodo en Proceso")): Object: 'Object Repository/Modulo Tarea Administracion Compensacion/Recalculo Total/select_--  Seleccione  --Periodo CerradoPeriodo en Proceso' is clicked on

2021-11-22 09:10:28 - [MESSAGE][PASSED] - Object: 'Object Repository/Modulo Tarea Administracion Compensacion/Recalculo Total/select_--  Seleccione  --Periodo CerradoPeriodo en Proceso' is clicked on

2021-11-22 09:10:28 - [TEST_STEP][PASSED] - selectOptionByIndex(findTestObject("Modulo Tarea Administracion Compensacion/Recalculo Total/select_--  Seleccione  --Periodo CerradoPeriodo en Proceso"), 2): All options with index in [2] are selected on object 'Object Repository/Modulo Tarea Administracion Compensacion/Recalculo Total/select_--  Seleccione  --Periodo CerradoPeriodo en Proceso'

2021-11-22 09:10:29 - [MESSAGE][PASSED] - All options with index in [2] are selected on object 'Object Repository/Modulo Tarea Administracion Compensacion/Recalculo Total/select_--  Seleccione  --Periodo CerradoPeriodo en Proceso'

2021-11-22 09:10:29 - [TEST_STEP][PASSED] - waitForElementClickable(findTestObject("Modulo Tarea Administracion Compensacion/Recalculo Total/span_P MensualJulio2021"), G_TimeOut): Object 'Object Repository/Modulo Tarea Administracion Compensacion/Recalculo Total/span_P MensualJulio2021' is clickable

2021-11-22 09:10:30 - [MESSAGE][PASSED] - Object 'Object Repository/Modulo Tarea Administracion Compensacion/Recalculo Total/span_P MensualJulio2021' is clickable

2021-11-22 09:10:30 - [TEST_STEP][PASSED] - click(findTestObject("Modulo Tarea Administracion Compensacion/Recalculo Total/span_P MensualJulio2021")): Object: 'Object Repository/Modulo Tarea Administracion Compensacion/Recalculo Total/span_P MensualJulio2021' is clicked on

2021-11-22 09:10:31 - [MESSAGE][PASSED] - Object: 'Object Repository/Modulo Tarea Administracion Compensacion/Recalculo Total/span_P MensualJulio2021' is clicked on

2021-11-22 09:10:31 - [TEST_STEP][PASSED] - waitForElementClickable(findTestObject("Modulo Tarea Administracion Compensacion/Recalculo Total/a_Reclculo Total"), G_TimeOut): Object 'Object Repository/Modulo Tarea Administracion Compensacion/Recalculo Total/a_Reclculo Total' is clickable

2021-11-22 09:10:32 - [MESSAGE][PASSED] - Object 'Object Repository/Modulo Tarea Administracion Compensacion/Recalculo Total/a_Reclculo Total' is clickable

2021-11-22 09:10:32 - [TEST_STEP][PASSED] - click(findTestObject("Modulo Tarea Administracion Compensacion/Recalculo Total/a_Reclculo Total")): Object: 'Object Repository/Modulo Tarea Administracion Compensacion/Recalculo Total/a_Reclculo Total' is clicked on

2021-11-22 09:10:32 - [MESSAGE][PASSED] - Object: 'Object Repository/Modulo Tarea Administracion Compensacion/Recalculo Total/a_Reclculo Total' is clicked on

2021-11-22 09:10:32 - [TEST_STEP][PASSED] - waitForElementClickable(findTestObject("Modulo Tarea Administracion Compensacion/Recalculo Total/span_Si"), G_TimeOut): Object 'Object Repository/Modulo Tarea Administracion Compensacion/Recalculo Total/span_Si' is clickable

2021-11-22 09:10:33 - [MESSAGE][PASSED] - Object 'Object Repository/Modulo Tarea Administracion Compensacion/Recalculo Total/span_Si' is clickable

2021-11-22 09:10:33 - [TEST_STEP][PASSED] - click(findTestObject("Modulo Tarea Administracion Compensacion/Recalculo Total/span_Si")): Object: 'Object Repository/Modulo Tarea Administracion Compensacion/Recalculo Total/span_Si' is clicked on

2021-11-22 09:10:35 - [MESSAGE][PASSED] - Object: 'Object Repository/Modulo Tarea Administracion Compensacion/Recalculo Total/span_Si' is clicked on

2021-11-22 09:10:35 - [TEST_STEP][PASSED] - delay(28): Delayed 28 second(s)

2021-11-22 09:11:03 - [MESSAGE][PASSED] - Delayed 28 second(s)

2021-11-22 09:11:03 - [TEST_STEP][PASSED] - waitForElementClickable(findTestObject("Modulo Tarea Administracion Compensacion/Recalculo Total/a_Continuar"), G_TimeNomina): Object 'Object Repository/Modulo Tarea Administracion Compensacion/Recalculo Total/a_Continuar' is clickable

2021-11-22 09:12:28 - [MESSAGE][PASSED] - Object 'Object Repository/Modulo Tarea Administracion Compensacion/Recalculo Total/a_Continuar' is clickable

2021-11-22 09:12:28 - [TEST_STEP][PASSED] - click(findTestObject("Modulo Tarea Administracion Compensacion/Recalculo Total/a_Continuar")): Object: 'Object Repository/Modulo Tarea Administracion Compensacion/Recalculo Total/a_Continuar' is clicked on

2021-11-22 09:12:29 - [MESSAGE][PASSED] - Object: 'Object Repository/Modulo Tarea Administracion Compensacion/Recalculo Total/a_Continuar' is clicked on]]></system-out>
         <system-err><![CDATA[]]></system-err>
      </testcase>
      <testcase name="Test Cases/1.1-Tareas Principales/1.3.4-Reporte de Recalculo Total" time="135.811" classname="Test Cases/1.1-Tareas Principales/1.3.4-Reporte de Recalculo Total" status="PASSED">
         <system-out><![CDATA[2021-11-22 09:12:29 - [TEST_CASE][PASSED] - Test Cases/1.1-Tareas Principales/1.3.4-Reporte de Recalculo Total: Test Cases/1.1-Tareas Principales/1.3.4-Reporte de Recalculo Total

2021-11-22 09:12:29 - [TEST_STEP][PASSED] - callTestCase(findTestCase("1.1-Tareas Principales/1.3.3-Recalculo Total"), [:], STOP_ON_FAILURE): Call Test Case 'Test Cases/1.1-Tareas Principales/1.3.3-Recalculo Total' successfully

2021-11-22 09:12:29 - [TEST_CASE][PASSED] - Test Cases/1.1-Tareas Principales/1.3.3-Recalculo Total: Test Cases/1.1-Tareas Principales/1.3.3-Recalculo Total

2021-11-22 09:12:29 - [TEST_STEP][PASSED] - callTestCase(findTestCase("Hutilidades/Tareas Administracion Compensacion/Tarea Liquidacion Nomina"), [:], STOP_ON_FAILURE): Call Test Case 'Test Cases/Hutilidades/Tareas Administracion Compensacion/Tarea Liquidacion Nomina' successfully

2021-11-22 09:12:29 - [TEST_CASE][PASSED] - Test Cases/Hutilidades/Tareas Administracion Compensacion/Tarea Liquidacion Nomina: Test Cases/Hutilidades/Tareas Administracion Compensacion/Tarea Liquidacion Nomina

2021-11-22 09:12:29 - [TEST_STEP][PASSED] - callTestCase(findTestCase("0.1-Login"), [:], STOP_ON_FAILURE): Call Test Case 'Test Cases/0.1-Login' successfully

2021-11-22 09:12:29 - [TEST_CASE][PASSED] - Test Cases/0.1-Login: Test Cases/0.1-Login

2021-11-22 09:12:29 - [TEST_STEP][PASSED] - openBrowser(""): Browser is opened with url: ''

2021-11-22 09:12:29 - [MESSAGE][WARNING] - A browser is already opened. Closing browser and opening a new one

2021-11-22 09:12:30 - [MESSAGE][INFO] - Starting 'Edge Chromium' driver

2021-11-22 09:12:33 - [MESSAGE][INFO] - Action delay is set to 0 milliseconds

2021-11-22 09:12:34 - [MESSAGE][PASSED] - Browser is opened with url: ''

2021-11-22 09:12:34 - [TEST_STEP][PASSED] - maximizeWindow(): Current window maximized

2021-11-22 09:12:34 - [MESSAGE][PASSED] - Current window maximized

2021-11-22 09:12:34 - [TEST_STEP][PASSED] - i = G_Login: null

2021-11-22 09:12:34 - [TEST_STEP][PASSED] - url = new java.net.URL(i): null

2021-11-22 09:12:34 - [TEST_STEP][PASSED] - println("URL: " + url.toString()): null

2021-11-22 09:12:34 - [TEST_STEP][PASSED] - connection = url.openConnection(): null

2021-11-22 09:12:34 - [TEST_STEP][PASSED] - connection.setRequestMethod("GET"): null

2021-11-22 09:12:34 - [TEST_STEP][PASSED] - connection.setReadTimeout(2 * 1000): null

2021-11-22 09:12:34 - [TEST_STEP][PASSED] - try: null

2021-11-22 09:12:34 - [TEST_STEP][PASSED] - connection.connect(): null

2021-11-22 09:12:34 - [TEST_STEP][PASSED] - flag = connected: null

2021-11-22 09:12:34 - [TEST_STEP][PASSED] - println("Valor_ori: " + flag): null

2021-11-22 09:12:34 - [TEST_STEP][PASSED] - if (flag): null

2021-11-22 09:12:34 - [TEST_STEP][PASSED] - navigateToUrl(i): Navigate to 'http://localhost:8380/saraweb/' successfully

2021-11-22 09:12:35 - [MESSAGE][PASSED] - Navigate to 'http://localhost:8380/saraweb/' successfully

2021-11-22 09:12:35 - [TEST_STEP][PASSED] - a(): null

2021-11-22 09:12:35 - [TEST_STEP][PASSED] - setText(findTestObject("Login/input_USUARIO_loginusuario"), G_Usuario): Text 'saraadmin' is set on object 'Object Repository/Login/input_USUARIO_loginusuario'

2021-11-22 09:12:36 - [MESSAGE][PASSED] - Text 'saraadmin' is set on object 'Object Repository/Login/input_USUARIO_loginusuario'

2021-11-22 09:12:36 - [TEST_STEP][PASSED] - setEncryptedText(findTestObject("Login/input_CLAVE_loginpassword"), "MkG4/TYiCFC3cb2driP7+Q=="): Text ****** has been set on object 'Object Repository/Login/input_CLAVE_loginpassword'

2021-11-22 09:12:36 - [MESSAGE][PASSED] - Text ****** has been set on object 'Object Repository/Login/input_CLAVE_loginpassword'

2021-11-22 09:12:36 - [TEST_STEP][PASSED] - waitForElementClickable(findTestObject("Login/a_Ingresar"), G_TimeOut): Object 'Object Repository/Login/a_Ingresar' is clickable

2021-11-22 09:12:36 - [MESSAGE][PASSED] - Object 'Object Repository/Login/a_Ingresar' is clickable

2021-11-22 09:12:36 - [TEST_STEP][PASSED] - click(findTestObject("Login/a_Ingresar")): Object: 'Object Repository/Login/a_Ingresar' is clicked on

2021-11-22 09:12:38 - [MESSAGE][PASSED] - Object: 'Object Repository/Login/a_Ingresar' is clicked on

2021-11-22 09:12:38 - [TEST_STEP][PASSED] - element = findWebElement(findTestObject("Login/a_Ir"), 30): null

2021-11-22 09:12:39 - [TEST_STEP][PASSED] - executeJavaScript("arguments[0].click()", Arrays.asList(element)): Execute JavaScript 'arguments[0].click()' successfully

2021-11-22 09:12:39 - [MESSAGE][PASSED] - Execute JavaScript 'arguments[0].click()' successfully

2021-11-22 09:12:39 - [MESSAGE][PASSED] - Call Test Case 'Test Cases/0.1-Login' successfully

2021-11-22 09:12:39 - [TEST_STEP][PASSED] - delay(2): Delayed 2 second(s)

2021-11-22 09:12:41 - [MESSAGE][PASSED] - Delayed 2 second(s)

2021-11-22 09:12:41 - [TEST_STEP][PASSED] - setText(findTestObject("Modulo Tarea Administracion Compensacion/Tarea Liquidacion Nomina/input_Listado de Empleados_"), "Liquidacion Nomina"): Text 'Liquidacion Nomina' is set on object 'Object Repository/Modulo Tarea Administracion Compensacion/Tarea Liquidacion Nomina/input_Listado de Empleados_'

2021-11-22 09:12:42 - [MESSAGE][PASSED] - Text 'Liquidacion Nomina' is set on object 'Object Repository/Modulo Tarea Administracion Compensacion/Tarea Liquidacion Nomina/input_Listado de Empleados_'

2021-11-22 09:12:42 - [TEST_STEP][PASSED] - delay(1): Delayed 1 second(s)

2021-11-22 09:12:43 - [MESSAGE][PASSED] - Delayed 1 second(s)

2021-11-22 09:12:43 - [TEST_STEP][PASSED] - sendKeys(findTestObject("Modulo Tarea Administracion Compensacion/Tarea Liquidacion Nomina/input_Listado de Empleados_"), Keys.chord(ENTER)): Keys 'ENTER + ' sent to object: 'Object Repository/Modulo Tarea Administracion Compensacion/Tarea Liquidacion Nomina/input_Listado de Empleados_'

2021-11-22 09:12:44 - [MESSAGE][PASSED] - Keys 'ENTER + ' sent to object: 'Object Repository/Modulo Tarea Administracion Compensacion/Tarea Liquidacion Nomina/input_Listado de Empleados_'

2021-11-22 09:12:44 - [MESSAGE][PASSED] - Call Test Case 'Test Cases/Hutilidades/Tareas Administracion Compensacion/Tarea Liquidacion Nomina' successfully

2021-11-22 09:12:44 - [TEST_STEP][PASSED] - waitForElementClickable(findTestObject("Modulo Tarea Administracion Compensacion/Recalculo Total/a_Periodo Nomina_LiquidacionNominaj_idt63"), G_TimeOut): Object 'Object Repository/Modulo Tarea Administracion Compensacion/Recalculo Total/a_Periodo Nomina_LiquidacionNominaj_idt63' is clickable

2021-11-22 09:12:47 - [MESSAGE][PASSED] - Object 'Object Repository/Modulo Tarea Administracion Compensacion/Recalculo Total/a_Periodo Nomina_LiquidacionNominaj_idt63' is clickable

2021-11-22 09:12:47 - [TEST_STEP][PASSED] - click(findTestObject("Modulo Tarea Administracion Compensacion/Recalculo Total/a_Periodo Nomina_LiquidacionNominaj_idt63")): Object: 'Object Repository/Modulo Tarea Administracion Compensacion/Recalculo Total/a_Periodo Nomina_LiquidacionNominaj_idt63' is clicked on

2021-11-22 09:12:47 - [MESSAGE][PASSED] - Object: 'Object Repository/Modulo Tarea Administracion Compensacion/Recalculo Total/a_Periodo Nomina_LiquidacionNominaj_idt63' is clicked on

2021-11-22 09:12:47 - [TEST_STEP][PASSED] - waitForElementClickable(findTestObject("Modulo Tarea Administracion Compensacion/Recalculo Total/select_--  Seleccione  --Periodo CerradoPeriodo en Proceso"), G_TimeOut): Object 'Object Repository/Modulo Tarea Administracion Compensacion/Recalculo Total/select_--  Seleccione  --Periodo CerradoPeriodo en Proceso' is clickable

2021-11-22 09:12:48 - [MESSAGE][PASSED] - Object 'Object Repository/Modulo Tarea Administracion Compensacion/Recalculo Total/select_--  Seleccione  --Periodo CerradoPeriodo en Proceso' is clickable

2021-11-22 09:12:48 - [TEST_STEP][PASSED] - click(findTestObject("Modulo Tarea Administracion Compensacion/Recalculo Total/select_--  Seleccione  --Periodo CerradoPeriodo en Proceso")): Object: 'Object Repository/Modulo Tarea Administracion Compensacion/Recalculo Total/select_--  Seleccione  --Periodo CerradoPeriodo en Proceso' is clicked on

2021-11-22 09:12:48 - [MESSAGE][PASSED] - Object: 'Object Repository/Modulo Tarea Administracion Compensacion/Recalculo Total/select_--  Seleccione  --Periodo CerradoPeriodo en Proceso' is clicked on

2021-11-22 09:12:48 - [TEST_STEP][PASSED] - selectOptionByIndex(findTestObject("Modulo Tarea Administracion Compensacion/Recalculo Total/select_--  Seleccione  --Periodo CerradoPeriodo en Proceso"), 2): All options with index in [2] are selected on object 'Object Repository/Modulo Tarea Administracion Compensacion/Recalculo Total/select_--  Seleccione  --Periodo CerradoPeriodo en Proceso'

2021-11-22 09:12:49 - [MESSAGE][PASSED] - All options with index in [2] are selected on object 'Object Repository/Modulo Tarea Administracion Compensacion/Recalculo Total/select_--  Seleccione  --Periodo CerradoPeriodo en Proceso'

2021-11-22 09:12:49 - [TEST_STEP][PASSED] - waitForElementClickable(findTestObject("Modulo Tarea Administracion Compensacion/Recalculo Total/span_P MensualJulio2021"), G_TimeOut): Object 'Object Repository/Modulo Tarea Administracion Compensacion/Recalculo Total/span_P MensualJulio2021' is clickable

2021-11-22 09:12:50 - [MESSAGE][PASSED] - Object 'Object Repository/Modulo Tarea Administracion Compensacion/Recalculo Total/span_P MensualJulio2021' is clickable

2021-11-22 09:12:50 - [TEST_STEP][PASSED] - click(findTestObject("Modulo Tarea Administracion Compensacion/Recalculo Total/span_P MensualJulio2021")): Object: 'Object Repository/Modulo Tarea Administracion Compensacion/Recalculo Total/span_P MensualJulio2021' is clicked on

2021-11-22 09:12:50 - [MESSAGE][PASSED] - Object: 'Object Repository/Modulo Tarea Administracion Compensacion/Recalculo Total/span_P MensualJulio2021' is clicked on

2021-11-22 09:12:50 - [TEST_STEP][PASSED] - waitForElementClickable(findTestObject("Modulo Tarea Administracion Compensacion/Recalculo Total/a_Reclculo Total"), G_TimeOut): Object 'Object Repository/Modulo Tarea Administracion Compensacion/Recalculo Total/a_Reclculo Total' is clickable

2021-11-22 09:12:53 - [MESSAGE][PASSED] - Object 'Object Repository/Modulo Tarea Administracion Compensacion/Recalculo Total/a_Reclculo Total' is clickable

2021-11-22 09:12:53 - [TEST_STEP][PASSED] - click(findTestObject("Modulo Tarea Administracion Compensacion/Recalculo Total/a_Reclculo Total")): Object: 'Object Repository/Modulo Tarea Administracion Compensacion/Recalculo Total/a_Reclculo Total' is clicked on

2021-11-22 09:12:53 - [MESSAGE][PASSED] - Object: 'Object Repository/Modulo Tarea Administracion Compensacion/Recalculo Total/a_Reclculo Total' is clicked on

2021-11-22 09:12:53 - [TEST_STEP][PASSED] - waitForElementClickable(findTestObject("Modulo Tarea Administracion Compensacion/Recalculo Total/span_Si"), G_TimeOut): Object 'Object Repository/Modulo Tarea Administracion Compensacion/Recalculo Total/span_Si' is clickable

2021-11-22 09:12:54 - [MESSAGE][PASSED] - Object 'Object Repository/Modulo Tarea Administracion Compensacion/Recalculo Total/span_Si' is clickable

2021-11-22 09:12:54 - [TEST_STEP][PASSED] - click(findTestObject("Modulo Tarea Administracion Compensacion/Recalculo Total/span_Si")): Object: 'Object Repository/Modulo Tarea Administracion Compensacion/Recalculo Total/span_Si' is clicked on

2021-11-22 09:12:55 - [MESSAGE][PASSED] - Object: 'Object Repository/Modulo Tarea Administracion Compensacion/Recalculo Total/span_Si' is clicked on

2021-11-22 09:12:55 - [TEST_STEP][PASSED] - delay(28): Delayed 28 second(s)

2021-11-22 09:13:23 - [MESSAGE][PASSED] - Delayed 28 second(s)

2021-11-22 09:13:23 - [TEST_STEP][PASSED] - waitForElementClickable(findTestObject("Modulo Tarea Administracion Compensacion/Recalculo Total/a_Continuar"), G_TimeNomina): Object 'Object Repository/Modulo Tarea Administracion Compensacion/Recalculo Total/a_Continuar' is clickable

2021-11-22 09:14:29 - [MESSAGE][PASSED] - Object 'Object Repository/Modulo Tarea Administracion Compensacion/Recalculo Total/a_Continuar' is clickable

2021-11-22 09:14:29 - [TEST_STEP][PASSED] - click(findTestObject("Modulo Tarea Administracion Compensacion/Recalculo Total/a_Continuar")): Object: 'Object Repository/Modulo Tarea Administracion Compensacion/Recalculo Total/a_Continuar' is clicked on

2021-11-22 09:14:30 - [MESSAGE][PASSED] - Object: 'Object Repository/Modulo Tarea Administracion Compensacion/Recalculo Total/a_Continuar' is clicked on

2021-11-22 09:14:30 - [MESSAGE][PASSED] - Call Test Case 'Test Cases/1.1-Tareas Principales/1.3.3-Recalculo Total' successfully

2021-11-22 09:14:30 - [TEST_STEP][PASSED] - waitForElementClickable(findTestObject("Modulo Tarea Administracion Compensacion/Reporte de Recalculo Total/a_Reporte"), G_TimeOut): Object 'Object Repository/Modulo Tarea Administracion Compensacion/Reporte de Recalculo Total/a_Reporte' is clickable

2021-11-22 09:14:30 - [MESSAGE][PASSED] - Object 'Object Repository/Modulo Tarea Administracion Compensacion/Reporte de Recalculo Total/a_Reporte' is clickable

2021-11-22 09:14:30 - [TEST_STEP][PASSED] - click(findTestObject("Modulo Tarea Administracion Compensacion/Reporte de Recalculo Total/a_Reporte")): Object: 'Object Repository/Modulo Tarea Administracion Compensacion/Reporte de Recalculo Total/a_Reporte' is clicked on

2021-11-22 09:14:32 - [MESSAGE][PASSED] - Object: 'Object Repository/Modulo Tarea Administracion Compensacion/Reporte de Recalculo Total/a_Reporte' is clicked on

2021-11-22 09:14:32 - [TEST_STEP][PASSED] - waitForElementClickable(findTestObject("Modulo Tarea Administracion Compensacion/Reporte de Recalculo Total/span_ACUMULADO POR CONCEPTO (1)"), G_TimeOut): Object 'Object Repository/Modulo Tarea Administracion Compensacion/Reporte de Recalculo Total/span_ACUMULADO POR CONCEPTO (1)' is clickable

2021-11-22 09:14:32 - [MESSAGE][PASSED] - Object 'Object Repository/Modulo Tarea Administracion Compensacion/Reporte de Recalculo Total/span_ACUMULADO POR CONCEPTO (1)' is clickable

2021-11-22 09:14:32 - [TEST_STEP][PASSED] - click(findTestObject("Modulo Tarea Administracion Compensacion/Reporte de Recalculo Total/span_ACUMULADO POR CONCEPTO (1)")): Object: 'Object Repository/Modulo Tarea Administracion Compensacion/Reporte de Recalculo Total/span_ACUMULADO POR CONCEPTO (1)' is clicked on

2021-11-22 09:14:33 - [MESSAGE][PASSED] - Object: 'Object Repository/Modulo Tarea Administracion Compensacion/Reporte de Recalculo Total/span_ACUMULADO POR CONCEPTO (1)' is clicked on

2021-11-22 09:14:33 - [TEST_STEP][PASSED] - waitForElementClickable(findTestObject("Modulo Tarea Administracion Compensacion/Reporte de Recalculo Total/a_Aplicar"), G_TimeOut): Object 'Object Repository/Modulo Tarea Administracion Compensacion/Reporte de Recalculo Total/a_Aplicar' is clickable

2021-11-22 09:14:34 - [MESSAGE][PASSED] - Object 'Object Repository/Modulo Tarea Administracion Compensacion/Reporte de Recalculo Total/a_Aplicar' is clickable

2021-11-22 09:14:34 - [TEST_STEP][PASSED] - click(findTestObject("Modulo Tarea Administracion Compensacion/Reporte de Recalculo Total/a_Aplicar")): Object: 'Object Repository/Modulo Tarea Administracion Compensacion/Reporte de Recalculo Total/a_Aplicar' is clicked on

2021-11-22 09:14:34 - [MESSAGE][PASSED] - Object: 'Object Repository/Modulo Tarea Administracion Compensacion/Reporte de Recalculo Total/a_Aplicar' is clicked on

2021-11-22 09:14:34 - [TEST_STEP][PASSED] - waitForElementClickable(findTestObject("Modulo Tarea Administracion Compensacion/Reporte de Recalculo Total/span_Reporte_glyphicons glyphicons-article"), G_TimeOut): Object 'Object Repository/Modulo Tarea Administracion Compensacion/Reporte de Recalculo Total/span_Reporte_glyphicons glyphicons-article' is clickable

2021-11-22 09:14:35 - [MESSAGE][PASSED] - Object 'Object Repository/Modulo Tarea Administracion Compensacion/Reporte de Recalculo Total/span_Reporte_glyphicons glyphicons-article' is clickable

2021-11-22 09:14:35 - [TEST_STEP][PASSED] - click(findTestObject("Modulo Tarea Administracion Compensacion/Reporte de Recalculo Total/span_Reporte_glyphicons glyphicons-article")): Object: 'Object Repository/Modulo Tarea Administracion Compensacion/Reporte de Recalculo Total/span_Reporte_glyphicons glyphicons-article' is clicked on

2021-11-22 09:14:35 - [MESSAGE][PASSED] - Object: 'Object Repository/Modulo Tarea Administracion Compensacion/Reporte de Recalculo Total/span_Reporte_glyphicons glyphicons-article' is clicked on

2021-11-22 09:14:35 - [TEST_STEP][PASSED] - waitForElementClickable(findTestObject("Modulo Tarea Administracion Compensacion/Reporte de Recalculo Total/label_html"), G_TimeOut): Object 'Object Repository/Modulo Tarea Administracion Compensacion/Reporte de Recalculo Total/label_html' is clickable

2021-11-22 09:14:36 - [MESSAGE][PASSED] - Object 'Object Repository/Modulo Tarea Administracion Compensacion/Reporte de Recalculo Total/label_html' is clickable

2021-11-22 09:14:36 - [TEST_STEP][PASSED] - click(findTestObject("Modulo Tarea Administracion Compensacion/Reporte de Recalculo Total/label_html")): Object: 'Object Repository/Modulo Tarea Administracion Compensacion/Reporte de Recalculo Total/label_html' is clicked on

2021-11-22 09:14:37 - [MESSAGE][PASSED] - Object: 'Object Repository/Modulo Tarea Administracion Compensacion/Reporte de Recalculo Total/label_html' is clicked on

2021-11-22 09:14:37 - [TEST_STEP][PASSED] - waitForElementClickable(findTestObject("Modulo Tarea Administracion Compensacion/Reporte de Recalculo Total/a_Generar Reporte (1)"), G_TimeOut): Object 'Object Repository/Modulo Tarea Administracion Compensacion/Reporte de Recalculo Total/a_Generar Reporte (1)' is clickable

2021-11-22 09:14:37 - [MESSAGE][PASSED] - Object 'Object Repository/Modulo Tarea Administracion Compensacion/Reporte de Recalculo Total/a_Generar Reporte (1)' is clickable

2021-11-22 09:14:37 - [TEST_STEP][PASSED] - click(findTestObject("Modulo Tarea Administracion Compensacion/Reporte de Recalculo Total/a_Generar Reporte (1)")): Object: 'Object Repository/Modulo Tarea Administracion Compensacion/Reporte de Recalculo Total/a_Generar Reporte (1)' is clicked on

2021-11-22 09:14:38 - [MESSAGE][PASSED] - Object: 'Object Repository/Modulo Tarea Administracion Compensacion/Reporte de Recalculo Total/a_Generar Reporte (1)' is clicked on

2021-11-22 09:14:38 - [TEST_STEP][PASSED] - waitForElementClickable(findTestObject("Modulo Tarea Administracion Compensacion/Reporte de Recalculo Total/a_Descargar"), G_TimeOut): Object 'Object Repository/Modulo Tarea Administracion Compensacion/Reporte de Recalculo Total/a_Descargar' is clickable

2021-11-22 09:14:43 - [MESSAGE][PASSED] - Object 'Object Repository/Modulo Tarea Administracion Compensacion/Reporte de Recalculo Total/a_Descargar' is clickable

2021-11-22 09:14:43 - [TEST_STEP][PASSED] - click(findTestObject("Modulo Tarea Administracion Compensacion/Reporte de Recalculo Total/a_Descargar")): Object: 'Object Repository/Modulo Tarea Administracion Compensacion/Reporte de Recalculo Total/a_Descargar' is clicked on

2021-11-22 09:14:43 - [MESSAGE][PASSED] - Object: 'Object Repository/Modulo Tarea Administracion Compensacion/Reporte de Recalculo Total/a_Descargar' is clicked on

2021-11-22 09:14:43 - [TEST_STEP][PASSED] - closeBrowser(): Browser is closed

2021-11-22 09:14:45 - [MESSAGE][PASSED] - Browser is closed]]></system-out>
         <system-err><![CDATA[]]></system-err>
      </testcase>
      <testcase name="Test Cases/1.1-Tareas Principales/1.3.5-Comprobante de Pago" time="32.171" classname="Test Cases/1.1-Tareas Principales/1.3.5-Comprobante de Pago" status="PASSED">
         <system-out><![CDATA[2021-11-22 09:14:45 - [TEST_CASE][PASSED] - Test Cases/1.1-Tareas Principales/1.3.5-Comprobante de Pago: Test Cases/1.1-Tareas Principales/1.3.5-Comprobante de Pago

2021-11-22 09:14:45 - [TEST_STEP][PASSED] - callTestCase(findTestCase("Hutilidades/Tareas Administracion Compensacion/Tarea Liquidacion Nomina"), [:], STOP_ON_FAILURE): Call Test Case 'Test Cases/Hutilidades/Tareas Administracion Compensacion/Tarea Liquidacion Nomina' successfully

2021-11-22 09:14:45 - [TEST_CASE][PASSED] - Test Cases/Hutilidades/Tareas Administracion Compensacion/Tarea Liquidacion Nomina: Test Cases/Hutilidades/Tareas Administracion Compensacion/Tarea Liquidacion Nomina

2021-11-22 09:14:45 - [TEST_STEP][PASSED] - callTestCase(findTestCase("0.1-Login"), [:], STOP_ON_FAILURE): Call Test Case 'Test Cases/0.1-Login' successfully

2021-11-22 09:14:45 - [TEST_CASE][PASSED] - Test Cases/0.1-Login: Test Cases/0.1-Login

2021-11-22 09:14:45 - [TEST_STEP][PASSED] - openBrowser(""): Browser is opened with url: ''

2021-11-22 09:14:45 - [MESSAGE][INFO] - Starting 'Edge Chromium' driver

2021-11-22 09:14:47 - [MESSAGE][INFO] - Action delay is set to 0 milliseconds

2021-11-22 09:14:48 - [MESSAGE][PASSED] - Browser is opened with url: ''

2021-11-22 09:14:48 - [TEST_STEP][PASSED] - maximizeWindow(): Current window maximized

2021-11-22 09:14:48 - [MESSAGE][PASSED] - Current window maximized

2021-11-22 09:14:48 - [TEST_STEP][PASSED] - i = G_Login: null

2021-11-22 09:14:48 - [TEST_STEP][PASSED] - url = new java.net.URL(i): null

2021-11-22 09:14:48 - [TEST_STEP][PASSED] - println("URL: " + url.toString()): null

2021-11-22 09:14:48 - [TEST_STEP][PASSED] - connection = url.openConnection(): null

2021-11-22 09:14:48 - [TEST_STEP][PASSED] - connection.setRequestMethod("GET"): null

2021-11-22 09:14:48 - [TEST_STEP][PASSED] - connection.setReadTimeout(2 * 1000): null

2021-11-22 09:14:48 - [TEST_STEP][PASSED] - try: null

2021-11-22 09:14:48 - [TEST_STEP][PASSED] - connection.connect(): null

2021-11-22 09:14:48 - [TEST_STEP][PASSED] - flag = connected: null

2021-11-22 09:14:48 - [TEST_STEP][PASSED] - println("Valor_ori: " + flag): null

2021-11-22 09:14:48 - [TEST_STEP][PASSED] - if (flag): null

2021-11-22 09:14:48 - [TEST_STEP][PASSED] - navigateToUrl(i): Navigate to 'http://localhost:8380/saraweb/' successfully

2021-11-22 09:14:49 - [MESSAGE][PASSED] - Navigate to 'http://localhost:8380/saraweb/' successfully

2021-11-22 09:14:49 - [TEST_STEP][PASSED] - a(): null

2021-11-22 09:14:49 - [TEST_STEP][PASSED] - setText(findTestObject("Login/input_USUARIO_loginusuario"), G_Usuario): Text 'saraadmin' is set on object 'Object Repository/Login/input_USUARIO_loginusuario'

2021-11-22 09:14:50 - [MESSAGE][PASSED] - Text 'saraadmin' is set on object 'Object Repository/Login/input_USUARIO_loginusuario'

2021-11-22 09:14:50 - [TEST_STEP][PASSED] - setEncryptedText(findTestObject("Login/input_CLAVE_loginpassword"), "MkG4/TYiCFC3cb2driP7+Q=="): Text ****** has been set on object 'Object Repository/Login/input_CLAVE_loginpassword'

2021-11-22 09:14:50 - [MESSAGE][PASSED] - Text ****** has been set on object 'Object Repository/Login/input_CLAVE_loginpassword'

2021-11-22 09:14:50 - [TEST_STEP][PASSED] - waitForElementClickable(findTestObject("Login/a_Ingresar"), G_TimeOut): Object 'Object Repository/Login/a_Ingresar' is clickable

2021-11-22 09:14:51 - [MESSAGE][PASSED] - Object 'Object Repository/Login/a_Ingresar' is clickable

2021-11-22 09:14:51 - [TEST_STEP][PASSED] - click(findTestObject("Login/a_Ingresar")): Object: 'Object Repository/Login/a_Ingresar' is clicked on

2021-11-22 09:14:54 - [MESSAGE][PASSED] - Object: 'Object Repository/Login/a_Ingresar' is clicked on

2021-11-22 09:14:54 - [TEST_STEP][PASSED] - element = findWebElement(findTestObject("Login/a_Ir"), 30): null

2021-11-22 09:14:54 - [TEST_STEP][PASSED] - executeJavaScript("arguments[0].click()", Arrays.asList(element)): Execute JavaScript 'arguments[0].click()' successfully

2021-11-22 09:14:54 - [MESSAGE][PASSED] - Execute JavaScript 'arguments[0].click()' successfully

2021-11-22 09:14:54 - [MESSAGE][PASSED] - Call Test Case 'Test Cases/0.1-Login' successfully

2021-11-22 09:14:54 - [TEST_STEP][PASSED] - delay(2): Delayed 2 second(s)

2021-11-22 09:14:56 - [MESSAGE][PASSED] - Delayed 2 second(s)

2021-11-22 09:14:56 - [TEST_STEP][PASSED] - setText(findTestObject("Modulo Tarea Administracion Compensacion/Tarea Liquidacion Nomina/input_Listado de Empleados_"), "Liquidacion Nomina"): Text 'Liquidacion Nomina' is set on object 'Object Repository/Modulo Tarea Administracion Compensacion/Tarea Liquidacion Nomina/input_Listado de Empleados_'

2021-11-22 09:14:57 - [MESSAGE][PASSED] - Text 'Liquidacion Nomina' is set on object 'Object Repository/Modulo Tarea Administracion Compensacion/Tarea Liquidacion Nomina/input_Listado de Empleados_'

2021-11-22 09:14:57 - [TEST_STEP][PASSED] - delay(1): Delayed 1 second(s)

2021-11-22 09:14:58 - [MESSAGE][PASSED] - Delayed 1 second(s)

2021-11-22 09:14:58 - [TEST_STEP][PASSED] - sendKeys(findTestObject("Modulo Tarea Administracion Compensacion/Tarea Liquidacion Nomina/input_Listado de Empleados_"), Keys.chord(ENTER)): Keys 'ENTER + ' sent to object: 'Object Repository/Modulo Tarea Administracion Compensacion/Tarea Liquidacion Nomina/input_Listado de Empleados_'

2021-11-22 09:14:58 - [MESSAGE][PASSED] - Keys 'ENTER + ' sent to object: 'Object Repository/Modulo Tarea Administracion Compensacion/Tarea Liquidacion Nomina/input_Listado de Empleados_'

2021-11-22 09:14:58 - [MESSAGE][PASSED] - Call Test Case 'Test Cases/Hutilidades/Tareas Administracion Compensacion/Tarea Liquidacion Nomina' successfully

2021-11-22 09:14:58 - [TEST_STEP][PASSED] - waitForElementClickable(findTestObject("Modulo Tarea Administracion Compensacion/Comprobante de Pago/a_Periodo Nomina_LiquidacionNominaj_idt63"), G_TimeOut): Object 'Object Repository/Modulo Tarea Administracion Compensacion/Comprobante de Pago/a_Periodo Nomina_LiquidacionNominaj_idt63' is clickable

2021-11-22 09:15:00 - [MESSAGE][PASSED] - Object 'Object Repository/Modulo Tarea Administracion Compensacion/Comprobante de Pago/a_Periodo Nomina_LiquidacionNominaj_idt63' is clickable

2021-11-22 09:15:00 - [TEST_STEP][PASSED] - click(findTestObject("Modulo Tarea Administracion Compensacion/Comprobante de Pago/a_Periodo Nomina_LiquidacionNominaj_idt63")): Object: 'Object Repository/Modulo Tarea Administracion Compensacion/Comprobante de Pago/a_Periodo Nomina_LiquidacionNominaj_idt63' is clicked on

2021-11-22 09:15:00 - [MESSAGE][PASSED] - Object: 'Object Repository/Modulo Tarea Administracion Compensacion/Comprobante de Pago/a_Periodo Nomina_LiquidacionNominaj_idt63' is clicked on

2021-11-22 09:15:00 - [TEST_STEP][PASSED] - waitForElementClickable(findTestObject("Modulo Tarea Administracion Compensacion/Comprobante de Pago/select_--  Seleccione  --Periodo CerradoPeriodo en Proceso"), G_TimeOut): Object 'Object Repository/Modulo Tarea Administracion Compensacion/Comprobante de Pago/select_--  Seleccione  --Periodo CerradoPeriodo en Proceso' is clickable

2021-11-22 09:15:01 - [MESSAGE][PASSED] - Object 'Object Repository/Modulo Tarea Administracion Compensacion/Comprobante de Pago/select_--  Seleccione  --Periodo CerradoPeriodo en Proceso' is clickable

2021-11-22 09:15:01 - [TEST_STEP][PASSED] - click(findTestObject("Modulo Tarea Administracion Compensacion/Comprobante de Pago/select_--  Seleccione  --Periodo CerradoPeriodo en Proceso")): Object: 'Object Repository/Modulo Tarea Administracion Compensacion/Comprobante de Pago/select_--  Seleccione  --Periodo CerradoPeriodo en Proceso' is clicked on

2021-11-22 09:15:01 - [MESSAGE][PASSED] - Object: 'Object Repository/Modulo Tarea Administracion Compensacion/Comprobante de Pago/select_--  Seleccione  --Periodo CerradoPeriodo en Proceso' is clicked on

2021-11-22 09:15:01 - [TEST_STEP][PASSED] - selectOptionByIndex(findTestObject("Modulo Tarea Administracion Compensacion/Comprobante de Pago/select_--  Seleccione  --Periodo CerradoPeriodo en Proceso"), 2): All options with index in [2] are selected on object 'Object Repository/Modulo Tarea Administracion Compensacion/Comprobante de Pago/select_--  Seleccione  --Periodo CerradoPeriodo en Proceso'

2021-11-22 09:15:02 - [MESSAGE][PASSED] - All options with index in [2] are selected on object 'Object Repository/Modulo Tarea Administracion Compensacion/Comprobante de Pago/select_--  Seleccione  --Periodo CerradoPeriodo en Proceso'

2021-11-22 09:15:02 - [TEST_STEP][PASSED] - click(findTestObject("Modulo Tarea Administracion Compensacion/Comprobante de Pago/span_P MensualJulio2021")): Object: 'Object Repository/Modulo Tarea Administracion Compensacion/Comprobante de Pago/span_P MensualJulio2021' is clicked on

2021-11-22 09:15:05 - [MESSAGE][PASSED] - Object: 'Object Repository/Modulo Tarea Administracion Compensacion/Comprobante de Pago/span_P MensualJulio2021' is clicked on

2021-11-22 09:15:05 - [TEST_STEP][PASSED] - waitForElementClickable(findTestObject("Modulo Tarea Administracion Compensacion/Comprobante de Pago/a_Nombre Persona_LiquidacionNo"), G_TimeOut): Object 'Object Repository/Modulo Tarea Administracion Compensacion/Comprobante de Pago/a_Nombre Persona_LiquidacionNo' is clickable

2021-11-22 09:15:06 - [MESSAGE][PASSED] - Object 'Object Repository/Modulo Tarea Administracion Compensacion/Comprobante de Pago/a_Nombre Persona_LiquidacionNo' is clickable

2021-11-22 09:15:06 - [TEST_STEP][PASSED] - click(findTestObject("Modulo Tarea Administracion Compensacion/Comprobante de Pago/a_Nombre Persona_LiquidacionNo")): Object: 'Object Repository/Modulo Tarea Administracion Compensacion/Comprobante de Pago/a_Nombre Persona_LiquidacionNo' is clicked on

2021-11-22 09:15:07 - [MESSAGE][PASSED] - Object: 'Object Repository/Modulo Tarea Administracion Compensacion/Comprobante de Pago/a_Nombre Persona_LiquidacionNo' is clicked on

2021-11-22 09:15:07 - [TEST_STEP][PASSED] - waitForElementClickable(findTestObject("Modulo Tarea Administracion Compensacion/Comprobante de Pago/input_close_popupFiltroEmplead"), 0): Object 'Object Repository/Modulo Tarea Administracion Compensacion/Comprobante de Pago/input_close_popupFiltroEmplead' is clickable

2021-11-22 09:15:07 - [MESSAGE][WARNING] - Timeout '0' is invalid. Using default page load timeout: '30'

2021-11-22 09:15:07 - [MESSAGE][PASSED] - Object 'Object Repository/Modulo Tarea Administracion Compensacion/Comprobante de Pago/input_close_popupFiltroEmplead' is clickable

2021-11-22 09:15:07 - [TEST_STEP][PASSED] - setText(findTestObject("Modulo Tarea Administracion Compensacion/Comprobante de Pago/input_close_popupFiltroEmplead"), "66666"): Text '66666' is set on object 'Object Repository/Modulo Tarea Administracion Compensacion/Comprobante de Pago/input_close_popupFiltroEmplead'

2021-11-22 09:15:08 - [MESSAGE][PASSED] - Text '66666' is set on object 'Object Repository/Modulo Tarea Administracion Compensacion/Comprobante de Pago/input_close_popupFiltroEmplead'

2021-11-22 09:15:08 - [TEST_STEP][PASSED] - sendKeys(findTestObject("Modulo Tarea Administracion Compensacion/Comprobante de Pago/input_close_popupFiltroEmplead"), Keys.chord(ENTER)): Keys 'ENTER + ' sent to object: 'Object Repository/Modulo Tarea Administracion Compensacion/Comprobante de Pago/input_close_popupFiltroEmplead'

2021-11-22 09:15:09 - [MESSAGE][PASSED] - Keys 'ENTER + ' sent to object: 'Object Repository/Modulo Tarea Administracion Compensacion/Comprobante de Pago/input_close_popupFiltroEmplead'

2021-11-22 09:15:09 - [TEST_STEP][PASSED] - waitForElementClickable(findTestObject("Modulo Tarea Administracion Compensacion/Comprobante de Pago/td_SALGADO PAULA"), 0): Object 'Object Repository/Modulo Tarea Administracion Compensacion/Comprobante de Pago/td_SALGADO PAULA' is clickable

2021-11-22 09:15:09 - [MESSAGE][WARNING] - Timeout '0' is invalid. Using default page load timeout: '30'

2021-11-22 09:15:10 - [MESSAGE][PASSED] - Object 'Object Repository/Modulo Tarea Administracion Compensacion/Comprobante de Pago/td_SALGADO PAULA' is clickable

2021-11-22 09:15:10 - [TEST_STEP][PASSED] - click(findTestObject("Modulo Tarea Administracion Compensacion/Comprobante de Pago/td_SALGADO PAULA")): Object: 'Object Repository/Modulo Tarea Administracion Compensacion/Comprobante de Pago/td_SALGADO PAULA' is clicked on

2021-11-22 09:15:10 - [MESSAGE][PASSED] - Object: 'Object Repository/Modulo Tarea Administracion Compensacion/Comprobante de Pago/td_SALGADO PAULA' is clicked on

2021-11-22 09:15:10 - [TEST_STEP][PASSED] - waitForElementClickable(findTestObject("Modulo Tarea Administracion Compensacion/Comprobante de Pago/input_Estado_LiquidacionNomina"), 0): Object 'Object Repository/Modulo Tarea Administracion Compensacion/Comprobante de Pago/input_Estado_LiquidacionNomina' is clickable

2021-11-22 09:15:10 - [MESSAGE][WARNING] - Timeout '0' is invalid. Using default page load timeout: '30'

2021-11-22 09:15:11 - [MESSAGE][PASSED] - Object 'Object Repository/Modulo Tarea Administracion Compensacion/Comprobante de Pago/input_Estado_LiquidacionNomina' is clickable

2021-11-22 09:15:11 - [TEST_STEP][PASSED] - click(findTestObject("Modulo Tarea Administracion Compensacion/Comprobante de Pago/input_Estado_LiquidacionNomina")): Object: 'Object Repository/Modulo Tarea Administracion Compensacion/Comprobante de Pago/input_Estado_LiquidacionNomina' is clicked on

2021-11-22 09:15:11 - [MESSAGE][PASSED] - Object: 'Object Repository/Modulo Tarea Administracion Compensacion/Comprobante de Pago/input_Estado_LiquidacionNomina' is clicked on

2021-11-22 09:15:11 - [TEST_STEP][PASSED] - click(findTestObject("Modulo Tarea Administracion Compensacion/Comprobante de Pago/span_Generar Comprobante")): Object: 'Object Repository/Modulo Tarea Administracion Compensacion/Comprobante de Pago/span_Generar Comprobante' is clicked on

2021-11-22 09:15:13 - [MESSAGE][PASSED] - Object: 'Object Repository/Modulo Tarea Administracion Compensacion/Comprobante de Pago/span_Generar Comprobante' is clicked on

2021-11-22 09:15:13 - [TEST_STEP][PASSED] - click(findTestObject("Modulo Tarea Administracion Compensacion/Comprobante de Pago/input_Publicar_formComprobante")): Object: 'Object Repository/Modulo Tarea Administracion Compensacion/Comprobante de Pago/input_Publicar_formComprobante' is clicked on

2021-11-22 09:15:13 - [MESSAGE][PASSED] - Object: 'Object Repository/Modulo Tarea Administracion Compensacion/Comprobante de Pago/input_Publicar_formComprobante' is clicked on

2021-11-22 09:15:13 - [TEST_STEP][PASSED] - waitForElementClickable(findTestObject("Modulo Tarea Administracion Compensacion/Comprobante de Pago/select_-- Seleccione --Comprob"), 0, STOP_ON_FAILURE): Object 'Object Repository/Modulo Tarea Administracion Compensacion/Comprobante de Pago/select_-- Seleccione --Comprob' is clickable

2021-11-22 09:15:13 - [MESSAGE][WARNING] - Timeout '0' is invalid. Using default page load timeout: '30'

2021-11-22 09:15:14 - [MESSAGE][PASSED] - Object 'Object Repository/Modulo Tarea Administracion Compensacion/Comprobante de Pago/select_-- Seleccione --Comprob' is clickable

2021-11-22 09:15:14 - [TEST_STEP][PASSED] - selectOptionByIndex(findTestObject("Modulo Tarea Administracion Compensacion/Comprobante de Pago/select_-- Seleccione --Comprob"), "3", STOP_ON_FAILURE): All options with index in [3] are selected on object 'Object Repository/Modulo Tarea Administracion Compensacion/Comprobante de Pago/select_-- Seleccione --Comprob'

2021-11-22 09:15:15 - [MESSAGE][PASSED] - All options with index in [3] are selected on object 'Object Repository/Modulo Tarea Administracion Compensacion/Comprobante de Pago/select_-- Seleccione --Comprob'

2021-11-22 09:15:15 - [TEST_STEP][PASSED] - click(findTestObject("Modulo Tarea Administracion Compensacion/Comprobante de Pago/a_Generar")): Object: 'Object Repository/Modulo Tarea Administracion Compensacion/Comprobante de Pago/a_Generar' is clicked on

2021-11-22 09:15:16 - [MESSAGE][PASSED] - Object: 'Object Repository/Modulo Tarea Administracion Compensacion/Comprobante de Pago/a_Generar' is clicked on

2021-11-22 09:15:16 - [TEST_STEP][PASSED] - closeBrowser(): Browser is closed

2021-11-22 09:15:17 - [MESSAGE][PASSED] - Browser is closed]]></system-out>
         <system-err><![CDATA[]]></system-err>
      </testcase>
      <testcase name="Test Cases/1.1-Tareas Principales/1.3.6-Reversar Nomina" time="85.052" classname="Test Cases/1.1-Tareas Principales/1.3.6-Reversar Nomina" status="FAILED">
         <failure type="FAILED" message="Test Cases/1.1-Tareas Principales/1.3.6-Reversar Nomina FAILED.
Reason:
com.kms.katalon.core.exception.StepFailedException: Unable to click on object 'Object Repository/Modulo Tarea Administracion Compensacion/Reversar Nomina/a_Concepto_Reversar'
	at com.kms.katalon.core.webui.keyword.internal.WebUIKeywordMain.stepFailed(WebUIKeywordMain.groovy:64)
	at com.kms.katalon.core.webui.keyword.internal.WebUIKeywordMain.runKeyword(WebUIKeywordMain.groovy:26)
	at com.kms.katalon.core.webui.keyword.builtin.ClickKeyword.click(ClickKeyword.groovy:74)
	at com.kms.katalon.core.webui.keyword.builtin.ClickKeyword.execute(ClickKeyword.groovy:40)
	at com.kms.katalon.core.keyword.internal.KeywordExecutor.executeKeywordForPlatform(KeywordExecutor.groovy:74)
	at com.kms.katalon.core.webui.keyword.WebUiBuiltInKeywords.click(WebUiBuiltInKeywords.groovy:620)
	at com.kms.katalon.core.webui.keyword.WebUiBuiltInKeywords$click$5.call(Unknown Source)
	at 1.3.6-Reversar Nomina.run(1.3.6-Reversar Nomina:52)
	at com.kms.katalon.core.main.ScriptEngine.run(ScriptEngine.java:194)
	at com.kms.katalon.core.main.ScriptEngine.runScriptAsRawText(ScriptEngine.java:119)
	at com.kms.katalon.core.main.TestCaseExecutor.runScript(TestCaseExecutor.java:442)
	at com.kms.katalon.core.main.TestCaseExecutor.doExecute(TestCaseExecutor.java:433)
	at com.kms.katalon.core.main.TestCaseExecutor.processExecutionPhase(TestCaseExecutor.java:412)
	at com.kms.katalon.core.main.TestCaseExecutor.accessMainPhase(TestCaseExecutor.java:404)
	at com.kms.katalon.core.main.TestCaseExecutor.execute(TestCaseExecutor.java:281)
	at com.kms.katalon.core.main.TestSuiteExecutor.accessTestCaseMainPhase(TestSuiteExecutor.java:202)
	at com.kms.katalon.core.main.TestSuiteExecutor.accessTestSuiteMainPhase(TestSuiteExecutor.java:164)
	at com.kms.katalon.core.main.TestSuiteExecutor.execute(TestSuiteExecutor.java:105)
	at com.kms.katalon.core.main.TestCaseMain.startTestSuite(TestCaseMain.java:181)
	at com.kms.katalon.core.main.TestCaseMain$startTestSuite$0.call(Unknown Source)
	at TempTestSuite1637588847917.run(TempTestSuite1637588847917.groovy:36)
Caused by: com.kms.katalon.core.webui.exception.WebElementNotFoundException: Web element with id: 'Object Repository/Modulo Tarea Administracion Compensacion/Reversar Nomina/a_Concepto_Reversar' located by '//div[@id='calculoNomina:tab']/ul/li[2]/a' not found
	at com.kms.katalon.core.webui.common.WebUiCommonHelper.findWebElement(WebUiCommonHelper.java:1368)
	at com.kms.katalon.core.webui.keyword.internal.WebUIAbstractKeyword.findWebElement(WebUIAbstractKeyword.groovy:27)
	at com.kms.katalon.core.webui.keyword.builtin.ClickKeyword$_click_closure1.doCall(ClickKeyword.groovy:65)
	at com.kms.katalon.core.webui.keyword.builtin.ClickKeyword$_click_closure1.call(ClickKeyword.groovy)
	at com.kms.katalon.core.webui.keyword.internal.WebUIKeywordMain.runKeyword(WebUIKeywordMain.groovy:20)
	... 19 more
"/>
         <system-out><![CDATA[2021-11-22 09:15:17 - [TEST_CASE][FAILED] - Test Cases/1.1-Tareas Principales/1.3.6-Reversar Nomina: Test Cases/1.1-Tareas Principales/1.3.6-Reversar Nomina FAILED.
Reason:
com.kms.katalon.core.exception.StepFailedException: Unable to click on object 'Object Repository/Modulo Tarea Administracion Compensacion/Reversar Nomina/a_Concepto_Reversar'
	at com.kms.katalon.core.webui.keyword.internal.WebUIKeywordMain.stepFailed(WebUIKeywordMain.groovy:64)
	at com.kms.katalon.core.webui.keyword.internal.WebUIKeywordMain.runKeyword(WebUIKeywordMain.groovy:26)
	at com.kms.katalon.core.webui.keyword.builtin.ClickKeyword.click(ClickKeyword.groovy:74)
	at com.kms.katalon.core.webui.keyword.builtin.ClickKeyword.execute(ClickKeyword.groovy:40)
	at com.kms.katalon.core.keyword.internal.KeywordExecutor.executeKeywordForPlatform(KeywordExecutor.groovy:74)
	at com.kms.katalon.core.webui.keyword.WebUiBuiltInKeywords.click(WebUiBuiltInKeywords.groovy:620)
	at com.kms.katalon.core.webui.keyword.WebUiBuiltInKeywords$click$5.call(Unknown Source)
	at 1.3.6-Reversar Nomina.run(1.3.6-Reversar Nomina:52)
	at com.kms.katalon.core.main.ScriptEngine.run(ScriptEngine.java:194)
	at com.kms.katalon.core.main.ScriptEngine.runScriptAsRawText(ScriptEngine.java:119)
	at com.kms.katalon.core.main.TestCaseExecutor.runScript(TestCaseExecutor.java:442)
	at com.kms.katalon.core.main.TestCaseExecutor.doExecute(TestCaseExecutor.java:433)
	at com.kms.katalon.core.main.TestCaseExecutor.processExecutionPhase(TestCaseExecutor.java:412)
	at com.kms.katalon.core.main.TestCaseExecutor.accessMainPhase(TestCaseExecutor.java:404)
	at com.kms.katalon.core.main.TestCaseExecutor.execute(TestCaseExecutor.java:281)
	at com.kms.katalon.core.main.TestSuiteExecutor.accessTestCaseMainPhase(TestSuiteExecutor.java:202)
	at com.kms.katalon.core.main.TestSuiteExecutor.accessTestSuiteMainPhase(TestSuiteExecutor.java:164)
	at com.kms.katalon.core.main.TestSuiteExecutor.execute(TestSuiteExecutor.java:105)
	at com.kms.katalon.core.main.TestCaseMain.startTestSuite(TestCaseMain.java:181)
	at com.kms.katalon.core.main.TestCaseMain$startTestSuite$0.call(Unknown Source)
	at TempTestSuite1637588847917.run(TempTestSuite1637588847917.groovy:36)
Caused by: com.kms.katalon.core.webui.exception.WebElementNotFoundException: Web element with id: 'Object Repository/Modulo Tarea Administracion Compensacion/Reversar Nomina/a_Concepto_Reversar' located by '//div[@id='calculoNomina:tab']/ul/li[2]/a' not found
	at com.kms.katalon.core.webui.common.WebUiCommonHelper.findWebElement(WebUiCommonHelper.java:1368)
	at com.kms.katalon.core.webui.keyword.internal.WebUIAbstractKeyword.findWebElement(WebUIAbstractKeyword.groovy:27)
	at com.kms.katalon.core.webui.keyword.builtin.ClickKeyword$_click_closure1.doCall(ClickKeyword.groovy:65)
	at com.kms.katalon.core.webui.keyword.builtin.ClickKeyword$_click_closure1.call(ClickKeyword.groovy)
	at com.kms.katalon.core.webui.keyword.internal.WebUIKeywordMain.runKeyword(WebUIKeywordMain.groovy:20)
	... 19 more


2021-11-22 09:15:17 - [TEST_STEP][PASSED] - callTestCase(findTestCase("Hutilidades/Tareas Administracion Compensacion/Tarea Liquidacion Nomina"), [:], STOP_ON_FAILURE): Call Test Case 'Test Cases/Hutilidades/Tareas Administracion Compensacion/Tarea Liquidacion Nomina' successfully

2021-11-22 09:15:17 - [TEST_CASE][PASSED] - Test Cases/Hutilidades/Tareas Administracion Compensacion/Tarea Liquidacion Nomina: Test Cases/Hutilidades/Tareas Administracion Compensacion/Tarea Liquidacion Nomina

2021-11-22 09:15:17 - [TEST_STEP][PASSED] - callTestCase(findTestCase("0.1-Login"), [:], STOP_ON_FAILURE): Call Test Case 'Test Cases/0.1-Login' successfully

2021-11-22 09:15:17 - [TEST_CASE][PASSED] - Test Cases/0.1-Login: Test Cases/0.1-Login

2021-11-22 09:15:17 - [TEST_STEP][PASSED] - openBrowser(""): Browser is opened with url: ''

2021-11-22 09:15:17 - [MESSAGE][INFO] - Starting 'Edge Chromium' driver

2021-11-22 09:15:20 - [MESSAGE][INFO] - Action delay is set to 0 milliseconds

2021-11-22 09:15:20 - [MESSAGE][PASSED] - Browser is opened with url: ''

2021-11-22 09:15:20 - [TEST_STEP][PASSED] - maximizeWindow(): Current window maximized

2021-11-22 09:15:20 - [MESSAGE][PASSED] - Current window maximized

2021-11-22 09:15:20 - [TEST_STEP][PASSED] - i = G_Login: null

2021-11-22 09:15:20 - [TEST_STEP][PASSED] - url = new java.net.URL(i): null

2021-11-22 09:15:20 - [TEST_STEP][PASSED] - println("URL: " + url.toString()): null

2021-11-22 09:15:20 - [TEST_STEP][PASSED] - connection = url.openConnection(): null

2021-11-22 09:15:20 - [TEST_STEP][PASSED] - connection.setRequestMethod("GET"): null

2021-11-22 09:15:20 - [TEST_STEP][PASSED] - connection.setReadTimeout(2 * 1000): null

2021-11-22 09:15:20 - [TEST_STEP][PASSED] - try: null

2021-11-22 09:15:20 - [TEST_STEP][PASSED] - connection.connect(): null

2021-11-22 09:15:20 - [TEST_STEP][PASSED] - flag = connected: null

2021-11-22 09:15:20 - [TEST_STEP][PASSED] - println("Valor_ori: " + flag): null

2021-11-22 09:15:20 - [TEST_STEP][PASSED] - if (flag): null

2021-11-22 09:15:20 - [TEST_STEP][PASSED] - navigateToUrl(i): Navigate to 'http://localhost:8380/saraweb/' successfully

2021-11-22 09:15:21 - [MESSAGE][PASSED] - Navigate to 'http://localhost:8380/saraweb/' successfully

2021-11-22 09:15:21 - [TEST_STEP][PASSED] - a(): null

2021-11-22 09:15:21 - [TEST_STEP][PASSED] - setText(findTestObject("Login/input_USUARIO_loginusuario"), G_Usuario): Text 'saraadmin' is set on object 'Object Repository/Login/input_USUARIO_loginusuario'

2021-11-22 09:15:22 - [MESSAGE][PASSED] - Text 'saraadmin' is set on object 'Object Repository/Login/input_USUARIO_loginusuario'

2021-11-22 09:15:22 - [TEST_STEP][PASSED] - setEncryptedText(findTestObject("Login/input_CLAVE_loginpassword"), "MkG4/TYiCFC3cb2driP7+Q=="): Text ****** has been set on object 'Object Repository/Login/input_CLAVE_loginpassword'

2021-11-22 09:15:23 - [MESSAGE][PASSED] - Text ****** has been set on object 'Object Repository/Login/input_CLAVE_loginpassword'

2021-11-22 09:15:23 - [TEST_STEP][PASSED] - waitForElementClickable(findTestObject("Login/a_Ingresar"), G_TimeOut): Object 'Object Repository/Login/a_Ingresar' is clickable

2021-11-22 09:15:23 - [MESSAGE][PASSED] - Object 'Object Repository/Login/a_Ingresar' is clickable

2021-11-22 09:15:23 - [TEST_STEP][PASSED] - click(findTestObject("Login/a_Ingresar")): Object: 'Object Repository/Login/a_Ingresar' is clicked on

2021-11-22 09:15:27 - [MESSAGE][PASSED] - Object: 'Object Repository/Login/a_Ingresar' is clicked on

2021-11-22 09:15:27 - [TEST_STEP][PASSED] - element = findWebElement(findTestObject("Login/a_Ir"), 30): null

2021-11-22 09:15:27 - [TEST_STEP][PASSED] - executeJavaScript("arguments[0].click()", Arrays.asList(element)): Execute JavaScript 'arguments[0].click()' successfully

2021-11-22 09:15:27 - [MESSAGE][PASSED] - Execute JavaScript 'arguments[0].click()' successfully

2021-11-22 09:15:27 - [MESSAGE][PASSED] - Call Test Case 'Test Cases/0.1-Login' successfully

2021-11-22 09:15:27 - [TEST_STEP][PASSED] - delay(2): Delayed 2 second(s)

2021-11-22 09:15:29 - [MESSAGE][PASSED] - Delayed 2 second(s)

2021-11-22 09:15:29 - [TEST_STEP][PASSED] - setText(findTestObject("Modulo Tarea Administracion Compensacion/Tarea Liquidacion Nomina/input_Listado de Empleados_"), "Liquidacion Nomina"): Text 'Liquidacion Nomina' is set on object 'Object Repository/Modulo Tarea Administracion Compensacion/Tarea Liquidacion Nomina/input_Listado de Empleados_'

2021-11-22 09:15:30 - [MESSAGE][PASSED] - Text 'Liquidacion Nomina' is set on object 'Object Repository/Modulo Tarea Administracion Compensacion/Tarea Liquidacion Nomina/input_Listado de Empleados_'

2021-11-22 09:15:30 - [TEST_STEP][PASSED] - delay(1): Delayed 1 second(s)

2021-11-22 09:15:31 - [MESSAGE][PASSED] - Delayed 1 second(s)

2021-11-22 09:15:31 - [TEST_STEP][PASSED] - sendKeys(findTestObject("Modulo Tarea Administracion Compensacion/Tarea Liquidacion Nomina/input_Listado de Empleados_"), Keys.chord(ENTER)): Keys 'ENTER + ' sent to object: 'Object Repository/Modulo Tarea Administracion Compensacion/Tarea Liquidacion Nomina/input_Listado de Empleados_'

2021-11-22 09:15:31 - [MESSAGE][PASSED] - Keys 'ENTER + ' sent to object: 'Object Repository/Modulo Tarea Administracion Compensacion/Tarea Liquidacion Nomina/input_Listado de Empleados_'

2021-11-22 09:15:31 - [MESSAGE][PASSED] - Call Test Case 'Test Cases/Hutilidades/Tareas Administracion Compensacion/Tarea Liquidacion Nomina' successfully

2021-11-22 09:15:31 - [TEST_STEP][PASSED] - waitForElementClickable(findTestObject("Modulo Tarea Administracion Compensacion/Comprobante de Pago/a_Periodo Nomina_LiquidacionNominaj_idt63"), 0): Object 'Object Repository/Modulo Tarea Administracion Compensacion/Comprobante de Pago/a_Periodo Nomina_LiquidacionNominaj_idt63' is clickable

2021-11-22 09:15:31 - [MESSAGE][WARNING] - Timeout '0' is invalid. Using default page load timeout: '30'

2021-11-22 09:15:33 - [MESSAGE][PASSED] - Object 'Object Repository/Modulo Tarea Administracion Compensacion/Comprobante de Pago/a_Periodo Nomina_LiquidacionNominaj_idt63' is clickable

2021-11-22 09:15:33 - [TEST_STEP][PASSED] - click(findTestObject("Modulo Tarea Administracion Compensacion/Comprobante de Pago/a_Periodo Nomina_LiquidacionNominaj_idt63")): Object: 'Object Repository/Modulo Tarea Administracion Compensacion/Comprobante de Pago/a_Periodo Nomina_LiquidacionNominaj_idt63' is clicked on

2021-11-22 09:15:33 - [MESSAGE][PASSED] - Object: 'Object Repository/Modulo Tarea Administracion Compensacion/Comprobante de Pago/a_Periodo Nomina_LiquidacionNominaj_idt63' is clicked on

2021-11-22 09:15:33 - [TEST_STEP][PASSED] - waitForElementClickable(findTestObject("Modulo Tarea Administracion Compensacion/Comprobante de Pago/select_--  Seleccione  --Periodo CerradoPeriodo en Proceso"), G_TimeOut): Object 'Object Repository/Modulo Tarea Administracion Compensacion/Comprobante de Pago/select_--  Seleccione  --Periodo CerradoPeriodo en Proceso' is clickable

2021-11-22 09:15:34 - [MESSAGE][PASSED] - Object 'Object Repository/Modulo Tarea Administracion Compensacion/Comprobante de Pago/select_--  Seleccione  --Periodo CerradoPeriodo en Proceso' is clickable

2021-11-22 09:15:34 - [TEST_STEP][PASSED] - click(findTestObject("Modulo Tarea Administracion Compensacion/Comprobante de Pago/select_--  Seleccione  --Periodo CerradoPeriodo en Proceso")): Object: 'Object Repository/Modulo Tarea Administracion Compensacion/Comprobante de Pago/select_--  Seleccione  --Periodo CerradoPeriodo en Proceso' is clicked on

2021-11-22 09:15:34 - [MESSAGE][PASSED] - Object: 'Object Repository/Modulo Tarea Administracion Compensacion/Comprobante de Pago/select_--  Seleccione  --Periodo CerradoPeriodo en Proceso' is clicked on

2021-11-22 09:15:34 - [TEST_STEP][PASSED] - selectOptionByIndex(findTestObject("Modulo Tarea Administracion Compensacion/Comprobante de Pago/select_--  Seleccione  --Periodo CerradoPeriodo en Proceso"), 2): All options with index in [2] are selected on object 'Object Repository/Modulo Tarea Administracion Compensacion/Comprobante de Pago/select_--  Seleccione  --Periodo CerradoPeriodo en Proceso'

2021-11-22 09:15:35 - [MESSAGE][PASSED] - All options with index in [2] are selected on object 'Object Repository/Modulo Tarea Administracion Compensacion/Comprobante de Pago/select_--  Seleccione  --Periodo CerradoPeriodo en Proceso'

2021-11-22 09:15:35 - [TEST_STEP][PASSED] - click(findTestObject("Modulo Tarea Administracion Compensacion/Reversar Nomina/span_P. MensualJunio2021")): Object: 'Object Repository/Modulo Tarea Administracion Compensacion/Reversar Nomina/span_P. MensualJunio2021' is clicked on

2021-11-22 09:15:36 - [MESSAGE][PASSED] - Object: 'Object Repository/Modulo Tarea Administracion Compensacion/Reversar Nomina/span_P. MensualJunio2021' is clicked on

2021-11-22 09:15:36 - [TEST_STEP][PASSED] - click(findTestObject("Modulo Tarea Administracion Compensacion/Reversar Nomina/input_Contrato_LiquidacionNominaj_idt124")): Object: 'Object Repository/Modulo Tarea Administracion Compensacion/Reversar Nomina/input_Contrato_LiquidacionNominaj_idt124' is clicked on

2021-11-22 09:15:37 - [MESSAGE][PASSED] - Object: 'Object Repository/Modulo Tarea Administracion Compensacion/Reversar Nomina/input_Contrato_LiquidacionNominaj_idt124' is clicked on

2021-11-22 09:15:37 - [TEST_STEP][PASSED] - setText(findTestObject("Modulo Tarea Administracion Compensacion/Reversar Nomina/input_Contrato_LiquidacionNominaj_idt124"), "1234567890"): Text '1234567890' is set on object 'Object Repository/Modulo Tarea Administracion Compensacion/Reversar Nomina/input_Contrato_LiquidacionNominaj_idt124'

2021-11-22 09:15:38 - [MESSAGE][PASSED] - Text '1234567890' is set on object 'Object Repository/Modulo Tarea Administracion Compensacion/Reversar Nomina/input_Contrato_LiquidacionNominaj_idt124'

2021-11-22 09:15:38 - [TEST_STEP][PASSED] - sendKeys(findTestObject("Modulo Tarea Administracion Compensacion/Reversar Nomina/input_Contrato_LiquidacionNominaj_idt124"), Keys.chord(ENTER)): Keys 'ENTER + ' sent to object: 'Object Repository/Modulo Tarea Administracion Compensacion/Reversar Nomina/input_Contrato_LiquidacionNominaj_idt124'

2021-11-22 09:15:38 - [MESSAGE][PASSED] - Keys 'ENTER + ' sent to object: 'Object Repository/Modulo Tarea Administracion Compensacion/Reversar Nomina/input_Contrato_LiquidacionNominaj_idt124'

2021-11-22 09:15:38 - [TEST_STEP][PASSED] - waitForElementClickable(findTestObject("Modulo Tarea Administracion Compensacion/Reversar Nomina/td_Gomez  Jose"), 0): Object 'Object Repository/Modulo Tarea Administracion Compensacion/Reversar Nomina/td_Gomez  Jose' is clickable

2021-11-22 09:15:38 - [MESSAGE][WARNING] - Timeout '0' is invalid. Using default page load timeout: '30'

2021-11-22 09:15:39 - [MESSAGE][PASSED] - Object 'Object Repository/Modulo Tarea Administracion Compensacion/Reversar Nomina/td_Gomez  Jose' is clickable

2021-11-22 09:15:39 - [TEST_STEP][PASSED] - click(findTestObject("Modulo Tarea Administracion Compensacion/Reversar Nomina/td_Gomez  Jose")): Object: 'Object Repository/Modulo Tarea Administracion Compensacion/Reversar Nomina/td_Gomez  Jose' is clicked on

2021-11-22 09:15:39 - [MESSAGE][PASSED] - Object: 'Object Repository/Modulo Tarea Administracion Compensacion/Reversar Nomina/td_Gomez  Jose' is clicked on

2021-11-22 09:15:39 - [TEST_STEP][PASSED] - waitForElementClickable(findTestObject("Modulo Tarea Administracion Compensacion/Reversar Nomina/a_Concepto_Reversar"), 0): Web element with id: 'Object Repository/Modulo Tarea Administracion Compensacion/Reversar Nomina/a_Concepto_Reversar' located by '//div[@id='calculoNomina:tab']/ul/li[2]/a' not found

2021-11-22 09:15:39 - [MESSAGE][WARNING] - Timeout '0' is invalid. Using default page load timeout: '30'

2021-11-22 09:16:10 - [MESSAGE][INFO] - Unable to find the element located by 'By.xpath: //div[@id='calculoNomina:tab']/ul/li[2]/a'. Please recheck the objects properties to make sure the desired element is located. 

2021-11-22 09:16:10 - [MESSAGE][WARNING] - Web element with id: 'Object Repository/Modulo Tarea Administracion Compensacion/Reversar Nomina/a_Concepto_Reversar' located by '//div[@id='calculoNomina:tab']/ul/li[2]/a' not found

2021-11-22 09:16:10 - [TEST_STEP][FAILED] - click(findTestObject("Modulo Tarea Administracion Compensacion/Reversar Nomina/a_Concepto_Reversar")): Unable to click on object 'Object Repository/Modulo Tarea Administracion Compensacion/Reversar Nomina/a_Concepto_Reversar' (Root cause: com.kms.katalon.core.exception.StepFailedException: Unable to click on object 'Object Repository/Modulo Tarea Administracion Compensacion/Reversar Nomina/a_Concepto_Reversar'
	at com.kms.katalon.core.webui.keyword.internal.WebUIKeywordMain.stepFailed(WebUIKeywordMain.groovy:64)
	at com.kms.katalon.core.webui.keyword.internal.WebUIKeywordMain.runKeyword(WebUIKeywordMain.groovy:26)
	at com.kms.katalon.core.webui.keyword.builtin.ClickKeyword.click(ClickKeyword.groovy:74)
	at com.kms.katalon.core.webui.keyword.builtin.ClickKeyword.execute(ClickKeyword.groovy:40)
	at com.kms.katalon.core.keyword.internal.KeywordExecutor.executeKeywordForPlatform(KeywordExecutor.groovy:74)
	at com.kms.katalon.core.webui.keyword.WebUiBuiltInKeywords.click(WebUiBuiltInKeywords.groovy:620)
	at com.kms.katalon.core.webui.keyword.WebUiBuiltInKeywords$click$5.call(Unknown Source)
	at 1.3.6-Reversar Nomina.run(1.3.6-Reversar Nomina:52)
	at com.kms.katalon.core.main.ScriptEngine.run(ScriptEngine.java:194)
	at com.kms.katalon.core.main.ScriptEngine.runScriptAsRawText(ScriptEngine.java:119)
	at com.kms.katalon.core.main.TestCaseExecutor.runScript(TestCaseExecutor.java:442)
	at com.kms.katalon.core.main.TestCaseExecutor.doExecute(TestCaseExecutor.java:433)
	at com.kms.katalon.core.main.TestCaseExecutor.processExecutionPhase(TestCaseExecutor.java:412)
	at com.kms.katalon.core.main.TestCaseExecutor.accessMainPhase(TestCaseExecutor.java:404)
	at com.kms.katalon.core.main.TestCaseExecutor.execute(TestCaseExecutor.java:281)
	at com.kms.katalon.core.main.TestSuiteExecutor.accessTestCaseMainPhase(TestSuiteExecutor.java:202)
	at com.kms.katalon.core.main.TestSuiteExecutor.accessTestSuiteMainPhase(TestSuiteExecutor.java:164)
	at com.kms.katalon.core.main.TestSuiteExecutor.execute(TestSuiteExecutor.java:105)
	at com.kms.katalon.core.main.TestCaseMain.startTestSuite(TestCaseMain.java:181)
	at com.kms.katalon.core.main.TestCaseMain$startTestSuite$0.call(Unknown Source)
	at TempTestSuite1637588847917.run(TempTestSuite1637588847917.groovy:36)
Caused by: com.kms.katalon.core.webui.exception.WebElementNotFoundException: Web element with id: 'Object Repository/Modulo Tarea Administracion Compensacion/Reversar Nomina/a_Concepto_Reversar' located by '//div[@id='calculoNomina:tab']/ul/li[2]/a' not found
	at com.kms.katalon.core.webui.common.WebUiCommonHelper.findWebElement(WebUiCommonHelper.java:1368)
	at com.kms.katalon.core.webui.keyword.internal.WebUIAbstractKeyword.findWebElement(WebUIAbstractKeyword.groovy:27)
	at com.kms.katalon.core.webui.keyword.builtin.ClickKeyword$_click_closure1.doCall(ClickKeyword.groovy:65)
	at com.kms.katalon.core.webui.keyword.builtin.ClickKeyword$_click_closure1.call(ClickKeyword.groovy)
	at com.kms.katalon.core.webui.keyword.internal.WebUIKeywordMain.runKeyword(WebUIKeywordMain.groovy:20)
	at com.kms.katalon.core.webui.keyword.builtin.ClickKeyword.click(ClickKeyword.groovy:74)
	at com.kms.katalon.core.webui.keyword.builtin.ClickKeyword.execute(ClickKeyword.groovy:40)
	at com.kms.katalon.core.keyword.internal.KeywordExecutor.executeKeywordForPlatform(KeywordExecutor.groovy:74)
	at com.kms.katalon.core.webui.keyword.WebUiBuiltInKeywords.click(WebUiBuiltInKeywords.groovy:620)
	at com.kms.katalon.core.webui.keyword.WebUiBuiltInKeywords$click$5.call(Unknown Source)
	at Script1548866188079.run(Script1548866188079.groovy:52)
	... 13 more
)

2021-11-22 09:16:42 - [MESSAGE][INFO] - Unable to find the element located by 'By.xpath: //div[@id='calculoNomina:tab']/ul/li[2]/a'. Please recheck the objects properties to make sure the desired element is located. 

2021-11-22 09:16:42 - [MESSAGE][FAILED] - Unable to click on object 'Object Repository/Modulo Tarea Administracion Compensacion/Reversar Nomina/a_Concepto_Reversar' (Root cause: com.kms.katalon.core.exception.StepFailedException: Unable to click on object 'Object Repository/Modulo Tarea Administracion Compensacion/Reversar Nomina/a_Concepto_Reversar'
	at com.kms.katalon.core.webui.keyword.internal.WebUIKeywordMain.stepFailed(WebUIKeywordMain.groovy:64)
	at com.kms.katalon.core.webui.keyword.internal.WebUIKeywordMain.runKeyword(WebUIKeywordMain.groovy:26)
	at com.kms.katalon.core.webui.keyword.builtin.ClickKeyword.click(ClickKeyword.groovy:74)
	at com.kms.katalon.core.webui.keyword.builtin.ClickKeyword.execute(ClickKeyword.groovy:40)
	at com.kms.katalon.core.keyword.internal.KeywordExecutor.executeKeywordForPlatform(KeywordExecutor.groovy:74)
	at com.kms.katalon.core.webui.keyword.WebUiBuiltInKeywords.click(WebUiBuiltInKeywords.groovy:620)
	at com.kms.katalon.core.webui.keyword.WebUiBuiltInKeywords$click$5.call(Unknown Source)
	at 1.3.6-Reversar Nomina.run(1.3.6-Reversar Nomina:52)
	at com.kms.katalon.core.main.ScriptEngine.run(ScriptEngine.java:194)
	at com.kms.katalon.core.main.ScriptEngine.runScriptAsRawText(ScriptEngine.java:119)
	at com.kms.katalon.core.main.TestCaseExecutor.runScript(TestCaseExecutor.java:442)
	at com.kms.katalon.core.main.TestCaseExecutor.doExecute(TestCaseExecutor.java:433)
	at com.kms.katalon.core.main.TestCaseExecutor.processExecutionPhase(TestCaseExecutor.java:412)
	at com.kms.katalon.core.main.TestCaseExecutor.accessMainPhase(TestCaseExecutor.java:404)
	at com.kms.katalon.core.main.TestCaseExecutor.execute(TestCaseExecutor.java:281)
	at com.kms.katalon.core.main.TestSuiteExecutor.accessTestCaseMainPhase(TestSuiteExecutor.java:202)
	at com.kms.katalon.core.main.TestSuiteExecutor.accessTestSuiteMainPhase(TestSuiteExecutor.java:164)
	at com.kms.katalon.core.main.TestSuiteExecutor.execute(TestSuiteExecutor.java:105)
	at com.kms.katalon.core.main.TestCaseMain.startTestSuite(TestCaseMain.java:181)
	at com.kms.katalon.core.main.TestCaseMain$startTestSuite$0.call(Unknown Source)
	at TempTestSuite1637588847917.run(TempTestSuite1637588847917.groovy:36)
Caused by: com.kms.katalon.core.webui.exception.WebElementNotFoundException: Web element with id: 'Object Repository/Modulo Tarea Administracion Compensacion/Reversar Nomina/a_Concepto_Reversar' located by '//div[@id='calculoNomina:tab']/ul/li[2]/a' not found
	at com.kms.katalon.core.webui.common.WebUiCommonHelper.findWebElement(WebUiCommonHelper.java:1368)
	at com.kms.katalon.core.webui.keyword.internal.WebUIAbstractKeyword.findWebElement(WebUIAbstractKeyword.groovy:27)
	at com.kms.katalon.core.webui.keyword.builtin.ClickKeyword$_click_closure1.doCall(ClickKeyword.groovy:65)
	at com.kms.katalon.core.webui.keyword.builtin.ClickKeyword$_click_closure1.call(ClickKeyword.groovy)
	at com.kms.katalon.core.webui.keyword.internal.WebUIKeywordMain.runKeyword(WebUIKeywordMain.groovy:20)
	at com.kms.katalon.core.webui.keyword.builtin.ClickKeyword.click(ClickKeyword.groovy:74)
	at com.kms.katalon.core.webui.keyword.builtin.ClickKeyword.execute(ClickKeyword.groovy:40)
	at com.kms.katalon.core.keyword.internal.KeywordExecutor.executeKeywordForPlatform(KeywordExecutor.groovy:74)
	at com.kms.katalon.core.webui.keyword.WebUiBuiltInKeywords.click(WebUiBuiltInKeywords.groovy:620)
	at com.kms.katalon.core.webui.keyword.WebUiBuiltInKeywords$click$5.call(Unknown Source)
	at Script1548866188079.run(Script1548866188079.groovy:52)
	... 13 more
)
[[ATTACHMENT|C:\\Users\\diego.rojas\\git\\Pruebas-Minimas\\Reports\\20211122_084727\\Tareas Principales\\20211122_084727\\1637590602296.png]]]]></system-out>
         <system-err><![CDATA[2021-11-22 09:15:17 - [TEST_CASE][FAILED] - Test Cases/1.1-Tareas Principales/1.3.6-Reversar Nomina: Test Cases/1.1-Tareas Principales/1.3.6-Reversar Nomina FAILED.
Reason:
com.kms.katalon.core.exception.StepFailedException: Unable to click on object 'Object Repository/Modulo Tarea Administracion Compensacion/Reversar Nomina/a_Concepto_Reversar'
	at com.kms.katalon.core.webui.keyword.internal.WebUIKeywordMain.stepFailed(WebUIKeywordMain.groovy:64)
	at com.kms.katalon.core.webui.keyword.internal.WebUIKeywordMain.runKeyword(WebUIKeywordMain.groovy:26)
	at com.kms.katalon.core.webui.keyword.builtin.ClickKeyword.click(ClickKeyword.groovy:74)
	at com.kms.katalon.core.webui.keyword.builtin.ClickKeyword.execute(ClickKeyword.groovy:40)
	at com.kms.katalon.core.keyword.internal.KeywordExecutor.executeKeywordForPlatform(KeywordExecutor.groovy:74)
	at com.kms.katalon.core.webui.keyword.WebUiBuiltInKeywords.click(WebUiBuiltInKeywords.groovy:620)
	at com.kms.katalon.core.webui.keyword.WebUiBuiltInKeywords$click$5.call(Unknown Source)
	at 1.3.6-Reversar Nomina.run(1.3.6-Reversar Nomina:52)
	at com.kms.katalon.core.main.ScriptEngine.run(ScriptEngine.java:194)
	at com.kms.katalon.core.main.ScriptEngine.runScriptAsRawText(ScriptEngine.java:119)
	at com.kms.katalon.core.main.TestCaseExecutor.runScript(TestCaseExecutor.java:442)
	at com.kms.katalon.core.main.TestCaseExecutor.doExecute(TestCaseExecutor.java:433)
	at com.kms.katalon.core.main.TestCaseExecutor.processExecutionPhase(TestCaseExecutor.java:412)
	at com.kms.katalon.core.main.TestCaseExecutor.accessMainPhase(TestCaseExecutor.java:404)
	at com.kms.katalon.core.main.TestCaseExecutor.execute(TestCaseExecutor.java:281)
	at com.kms.katalon.core.main.TestSuiteExecutor.accessTestCaseMainPhase(TestSuiteExecutor.java:202)
	at com.kms.katalon.core.main.TestSuiteExecutor.accessTestSuiteMainPhase(TestSuiteExecutor.java:164)
	at com.kms.katalon.core.main.TestSuiteExecutor.execute(TestSuiteExecutor.java:105)
	at com.kms.katalon.core.main.TestCaseMain.startTestSuite(TestCaseMain.java:181)
	at com.kms.katalon.core.main.TestCaseMain$startTestSuite$0.call(Unknown Source)
	at TempTestSuite1637588847917.run(TempTestSuite1637588847917.groovy:36)
Caused by: com.kms.katalon.core.webui.exception.WebElementNotFoundException: Web element with id: 'Object Repository/Modulo Tarea Administracion Compensacion/Reversar Nomina/a_Concepto_Reversar' located by '//div[@id='calculoNomina:tab']/ul/li[2]/a' not found
	at com.kms.katalon.core.webui.common.WebUiCommonHelper.findWebElement(WebUiCommonHelper.java:1368)
	at com.kms.katalon.core.webui.keyword.internal.WebUIAbstractKeyword.findWebElement(WebUIAbstractKeyword.groovy:27)
	at com.kms.katalon.core.webui.keyword.builtin.ClickKeyword$_click_closure1.doCall(ClickKeyword.groovy:65)
	at com.kms.katalon.core.webui.keyword.builtin.ClickKeyword$_click_closure1.call(ClickKeyword.groovy)
	at com.kms.katalon.core.webui.keyword.internal.WebUIKeywordMain.runKeyword(WebUIKeywordMain.groovy:20)
	... 19 more]]></system-err>
      </testcase>
      <testcase name="Test Cases/1.1-Tareas Principales/1.3.7-Liquidacion y reversion por bancos" time="33.877" classname="Test Cases/1.1-Tareas Principales/1.3.7-Liquidacion y reversion por bancos" status="PASSED">
         <system-out><![CDATA[2021-11-22 09:16:42 - [TEST_CASE][PASSED] - Test Cases/1.1-Tareas Principales/1.3.7-Liquidacion y reversion por bancos: Test Cases/1.1-Tareas Principales/1.3.7-Liquidacion y reversion por bancos

2021-11-22 09:16:42 - [TEST_STEP][PASSED] - callTestCase(findTestCase("Hutilidades/Tareas Administracion Compensacion/Tarea Generacion Entidad Pago"), [:], STOP_ON_FAILURE): Call Test Case 'Test Cases/Hutilidades/Tareas Administracion Compensacion/Tarea Generacion Entidad Pago' successfully

2021-11-22 09:16:42 - [TEST_CASE][PASSED] - Test Cases/Hutilidades/Tareas Administracion Compensacion/Tarea Generacion Entidad Pago: Test Cases/Hutilidades/Tareas Administracion Compensacion/Tarea Generacion Entidad Pago

2021-11-22 09:16:43 - [TEST_STEP][PASSED] - callTestCase(findTestCase("0.1-Login"), [:], STOP_ON_FAILURE): Call Test Case 'Test Cases/0.1-Login' successfully

2021-11-22 09:16:43 - [TEST_CASE][PASSED] - Test Cases/0.1-Login: Test Cases/0.1-Login

2021-11-22 09:16:43 - [TEST_STEP][PASSED] - openBrowser(""): Browser is opened with url: ''

2021-11-22 09:16:43 - [MESSAGE][WARNING] - A browser is already opened. Closing browser and opening a new one

2021-11-22 09:16:44 - [MESSAGE][INFO] - Starting 'Edge Chromium' driver

2021-11-22 09:16:46 - [MESSAGE][INFO] - Action delay is set to 0 milliseconds

2021-11-22 09:16:47 - [MESSAGE][PASSED] - Browser is opened with url: ''

2021-11-22 09:16:47 - [TEST_STEP][PASSED] - maximizeWindow(): Current window maximized

2021-11-22 09:16:47 - [MESSAGE][PASSED] - Current window maximized

2021-11-22 09:16:47 - [TEST_STEP][PASSED] - i = G_Login: null

2021-11-22 09:16:47 - [TEST_STEP][PASSED] - url = new java.net.URL(i): null

2021-11-22 09:16:47 - [TEST_STEP][PASSED] - println("URL: " + url.toString()): null

2021-11-22 09:16:47 - [TEST_STEP][PASSED] - connection = url.openConnection(): null

2021-11-22 09:16:47 - [TEST_STEP][PASSED] - connection.setRequestMethod("GET"): null

2021-11-22 09:16:47 - [TEST_STEP][PASSED] - connection.setReadTimeout(2 * 1000): null

2021-11-22 09:16:47 - [TEST_STEP][PASSED] - try: null

2021-11-22 09:16:47 - [TEST_STEP][PASSED] - connection.connect(): null

2021-11-22 09:16:47 - [TEST_STEP][PASSED] - flag = connected: null

2021-11-22 09:16:47 - [TEST_STEP][PASSED] - println("Valor_ori: " + flag): null

2021-11-22 09:16:47 - [TEST_STEP][PASSED] - if (flag): null

2021-11-22 09:16:47 - [TEST_STEP][PASSED] - navigateToUrl(i): Navigate to 'http://localhost:8380/saraweb/' successfully

2021-11-22 09:16:48 - [MESSAGE][PASSED] - Navigate to 'http://localhost:8380/saraweb/' successfully

2021-11-22 09:16:48 - [TEST_STEP][PASSED] - a(): null

2021-11-22 09:16:48 - [TEST_STEP][PASSED] - setText(findTestObject("Login/input_USUARIO_loginusuario"), G_Usuario): Text 'saraadmin' is set on object 'Object Repository/Login/input_USUARIO_loginusuario'

2021-11-22 09:16:49 - [MESSAGE][PASSED] - Text 'saraadmin' is set on object 'Object Repository/Login/input_USUARIO_loginusuario'

2021-11-22 09:16:49 - [TEST_STEP][PASSED] - setEncryptedText(findTestObject("Login/input_CLAVE_loginpassword"), "MkG4/TYiCFC3cb2driP7+Q=="): Text ****** has been set on object 'Object Repository/Login/input_CLAVE_loginpassword'

2021-11-22 09:16:49 - [MESSAGE][PASSED] - Text ****** has been set on object 'Object Repository/Login/input_CLAVE_loginpassword'

2021-11-22 09:16:49 - [TEST_STEP][PASSED] - waitForElementClickable(findTestObject("Login/a_Ingresar"), G_TimeOut): Object 'Object Repository/Login/a_Ingresar' is clickable

2021-11-22 09:16:50 - [MESSAGE][PASSED] - Object 'Object Repository/Login/a_Ingresar' is clickable

2021-11-22 09:16:50 - [TEST_STEP][PASSED] - click(findTestObject("Login/a_Ingresar")): Object: 'Object Repository/Login/a_Ingresar' is clicked on

2021-11-22 09:16:53 - [MESSAGE][PASSED] - Object: 'Object Repository/Login/a_Ingresar' is clicked on

2021-11-22 09:16:53 - [TEST_STEP][PASSED] - element = findWebElement(findTestObject("Login/a_Ir"), 30): null

2021-11-22 09:16:53 - [TEST_STEP][PASSED] - executeJavaScript("arguments[0].click()", Arrays.asList(element)): Execute JavaScript 'arguments[0].click()' successfully

2021-11-22 09:16:53 - [MESSAGE][PASSED] - Execute JavaScript 'arguments[0].click()' successfully

2021-11-22 09:16:53 - [MESSAGE][PASSED] - Call Test Case 'Test Cases/0.1-Login' successfully

2021-11-22 09:16:53 - [TEST_STEP][PASSED] - delay(2): Delayed 2 second(s)

2021-11-22 09:16:55 - [MESSAGE][PASSED] - Delayed 2 second(s)

2021-11-22 09:16:55 - [TEST_STEP][PASSED] - setText(findTestObject("Modulo Tarea Administracion Compensacion/Tarea Generacion Entidad Pago/input_Ir_nav_t66_input"), "Generacion Entidad Pago (com)"): Text 'Generacion Entidad Pago (com)' is set on object 'Object Repository/Modulo Tarea Administracion Compensacion/Tarea Generacion Entidad Pago/input_Ir_nav_t66_input'

2021-11-22 09:16:56 - [MESSAGE][PASSED] - Text 'Generacion Entidad Pago (com)' is set on object 'Object Repository/Modulo Tarea Administracion Compensacion/Tarea Generacion Entidad Pago/input_Ir_nav_t66_input'

2021-11-22 09:16:56 - [TEST_STEP][PASSED] - delay(2): Delayed 2 second(s)

2021-11-22 09:16:58 - [MESSAGE][PASSED] - Delayed 2 second(s)

2021-11-22 09:16:58 - [TEST_STEP][PASSED] - sendKeys(findTestObject("Modulo Tarea Administracion Compensacion/Tarea Generacion Entidad Pago/input_Ir_nav_t66_input"), Keys.chord(ENTER)): Keys 'ENTER + ' sent to object: 'Object Repository/Modulo Tarea Administracion Compensacion/Tarea Generacion Entidad Pago/input_Ir_nav_t66_input'

2021-11-22 09:16:58 - [MESSAGE][PASSED] - Keys 'ENTER + ' sent to object: 'Object Repository/Modulo Tarea Administracion Compensacion/Tarea Generacion Entidad Pago/input_Ir_nav_t66_input'

2021-11-22 09:16:58 - [MESSAGE][PASSED] - Call Test Case 'Test Cases/Hutilidades/Tareas Administracion Compensacion/Tarea Generacion Entidad Pago' successfully

2021-11-22 09:16:58 - [TEST_STEP][PASSED] - waitForElementClickable(findTestObject("Modulo Tarea Administracion Compensacion/Liquidacion y Reversion por Bancos/a_Traer"), 0): Object 'Object Repository/Modulo Tarea Administracion Compensacion/Liquidacion y Reversion por Bancos/a_Traer' is clickable

2021-11-22 09:16:58 - [MESSAGE][WARNING] - Timeout '0' is invalid. Using default page load timeout: '30'

2021-11-22 09:17:00 - [MESSAGE][PASSED] - Object 'Object Repository/Modulo Tarea Administracion Compensacion/Liquidacion y Reversion por Bancos/a_Traer' is clickable

2021-11-22 09:17:00 - [TEST_STEP][PASSED] - click(findTestObject("Modulo Tarea Administracion Compensacion/Liquidacion y Reversion por Bancos/a_Traer")): Object: 'Object Repository/Modulo Tarea Administracion Compensacion/Liquidacion y Reversion por Bancos/a_Traer' is clicked on

2021-11-22 09:17:01 - [MESSAGE][PASSED] - Object: 'Object Repository/Modulo Tarea Administracion Compensacion/Liquidacion y Reversion por Bancos/a_Traer' is clicked on

2021-11-22 09:17:01 - [TEST_STEP][PASSED] - click(findTestObject("Modulo Tarea Administracion Compensacion/Liquidacion y Reversion por Bancos/label_Periodo Fuera de Nomina")): Object: 'Object Repository/Modulo Tarea Administracion Compensacion/Liquidacion y Reversion por Bancos/label_Periodo Fuera de Nomina' is clicked on

2021-11-22 09:17:01 - [MESSAGE][PASSED] - Object: 'Object Repository/Modulo Tarea Administracion Compensacion/Liquidacion y Reversion por Bancos/label_Periodo Fuera de Nomina' is clicked on

2021-11-22 09:17:01 - [TEST_STEP][PASSED] - setText(findTestObject("Modulo Tarea Administracion Compensacion/Liquidacion y Reversion por Bancos/input_Fecha_form_popUpTraer"), "01/06/2021"): Text '01/06/2021' is set on object 'Object Repository/Modulo Tarea Administracion Compensacion/Liquidacion y Reversion por Bancos/input_Fecha_form_popUpTraer'

2021-11-22 09:17:03 - [MESSAGE][PASSED] - Text '01/06/2021' is set on object 'Object Repository/Modulo Tarea Administracion Compensacion/Liquidacion y Reversion por Bancos/input_Fecha_form_popUpTraer'

2021-11-22 09:17:03 - [TEST_STEP][PASSED] - click(findTestObject("Modulo Tarea Administracion Compensacion/Liquidacion y Reversion por Bancos/a_Aplicar (1)")): Object: 'Object Repository/Modulo Tarea Administracion Compensacion/Liquidacion y Reversion por Bancos/a_Aplicar (1)' is clicked on

2021-11-22 09:17:03 - [MESSAGE][PASSED] - Object: 'Object Repository/Modulo Tarea Administracion Compensacion/Liquidacion y Reversion por Bancos/a_Aplicar (1)' is clicked on

2021-11-22 09:17:03 - [TEST_STEP][PASSED] - click(findTestObject("Modulo Tarea Administracion Compensacion/Liquidacion y Reversion por Bancos/span_Bogota_ui-chkbox-icon ui-icon ui-icon-blank ui-c")): Object: 'Object Repository/Modulo Tarea Administracion Compensacion/Liquidacion y Reversion por Bancos/span_Bogota_ui-chkbox-icon ui-icon ui-icon-blank ui-c' is clicked on

2021-11-22 09:17:05 - [MESSAGE][PASSED] - Object: 'Object Repository/Modulo Tarea Administracion Compensacion/Liquidacion y Reversion por Bancos/span_Bogota_ui-chkbox-icon ui-icon ui-icon-blank ui-c' is clicked on

2021-11-22 09:17:05 - [TEST_STEP][PASSED] - click(findTestObject("Modulo Tarea Administracion Compensacion/Liquidacion y Reversion por Bancos/a_Liquidar")): Object: 'Object Repository/Modulo Tarea Administracion Compensacion/Liquidacion y Reversion por Bancos/a_Liquidar' is clicked on

2021-11-22 09:17:06 - [MESSAGE][PASSED] - Object: 'Object Repository/Modulo Tarea Administracion Compensacion/Liquidacion y Reversion por Bancos/a_Liquidar' is clicked on

2021-11-22 09:17:06 - [TEST_STEP][PASSED] - click(findTestObject("Modulo Tarea Administracion Compensacion/Liquidacion y Reversion por Bancos/a_Aceptar")): Object: 'Object Repository/Modulo Tarea Administracion Compensacion/Liquidacion y Reversion por Bancos/a_Aceptar' is clicked on

2021-11-22 09:17:07 - [MESSAGE][PASSED] - Object: 'Object Repository/Modulo Tarea Administracion Compensacion/Liquidacion y Reversion por Bancos/a_Aceptar' is clicked on

2021-11-22 09:17:07 - [TEST_STEP][PASSED] - click(findTestObject("Modulo Tarea Administracion Compensacion/Liquidacion y Reversion por Bancos/a_Continua")): Object: 'Object Repository/Modulo Tarea Administracion Compensacion/Liquidacion y Reversion por Bancos/a_Continua' is clicked on

2021-11-22 09:17:11 - [MESSAGE][PASSED] - Object: 'Object Repository/Modulo Tarea Administracion Compensacion/Liquidacion y Reversion por Bancos/a_Continua' is clicked on

2021-11-22 09:17:11 - [TEST_STEP][PASSED] - waitForElementClickable(findTestObject("Modulo Tarea Administracion Compensacion/Liquidacion y Reversion por Bancos/a_Reversar"), 0): Object 'Object Repository/Modulo Tarea Administracion Compensacion/Liquidacion y Reversion por Bancos/a_Reversar' is clickable

2021-11-22 09:17:11 - [MESSAGE][WARNING] - Timeout '0' is invalid. Using default page load timeout: '30'

2021-11-22 09:17:12 - [MESSAGE][PASSED] - Object 'Object Repository/Modulo Tarea Administracion Compensacion/Liquidacion y Reversion por Bancos/a_Reversar' is clickable

2021-11-22 09:17:12 - [TEST_STEP][PASSED] - click(findTestObject("Modulo Tarea Administracion Compensacion/Liquidacion y Reversion por Bancos/a_Reversar")): Object: 'Object Repository/Modulo Tarea Administracion Compensacion/Liquidacion y Reversion por Bancos/a_Reversar' is clicked on

2021-11-22 09:17:13 - [MESSAGE][PASSED] - Object: 'Object Repository/Modulo Tarea Administracion Compensacion/Liquidacion y Reversion por Bancos/a_Reversar' is clicked on

2021-11-22 09:17:13 - [TEST_STEP][PASSED] - click(findTestObject("Modulo Tarea Administracion Compensacion/Liquidacion y Reversion por Bancos/a_Aceptar (1)")): Object: 'Object Repository/Modulo Tarea Administracion Compensacion/Liquidacion y Reversion por Bancos/a_Aceptar (1)' is clicked on

2021-11-22 09:17:14 - [MESSAGE][PASSED] - Object: 'Object Repository/Modulo Tarea Administracion Compensacion/Liquidacion y Reversion por Bancos/a_Aceptar (1)' is clicked on

2021-11-22 09:17:14 - [TEST_STEP][PASSED] - getText(findTestObject("Alerta/Alerta")): Text of object 'Object Repository/Alerta/Alerta' is: 'Reversión Satisfactoria'

2021-11-22 09:17:15 - [MESSAGE][PASSED] - Text of object 'Object Repository/Alerta/Alerta' is: 'Reversión Satisfactoria'

2021-11-22 09:17:15 - [TEST_STEP][PASSED] - closeBrowser(): Browser is closed

2021-11-22 09:17:16 - [MESSAGE][PASSED] - Browser is closed]]></system-out>
         <system-err><![CDATA[]]></system-err>
      </testcase>
      <testcase name="Test Cases/1.1-Tareas Principales/1.3.8-Exportacion de Archivo de Seguridad Social" time="24.385" classname="Test Cases/1.1-Tareas Principales/1.3.8-Exportacion de Archivo de Seguridad Social" status="PASSED">
         <system-out><![CDATA[2021-11-22 09:17:16 - [TEST_CASE][PASSED] - Test Cases/1.1-Tareas Principales/1.3.8-Exportacion de Archivo de Seguridad Social: Test Cases/1.1-Tareas Principales/1.3.8-Exportacion de Archivo de Seguridad Social

2021-11-22 09:17:16 - [TEST_STEP][PASSED] - callTestCase(findTestCase("Hutilidades/Tareas Administracion Compensacion/Tarea Seguridad Social"), [:], STOP_ON_FAILURE): Call Test Case 'Test Cases/Hutilidades/Tareas Administracion Compensacion/Tarea Seguridad Social' successfully

2021-11-22 09:17:16 - [TEST_CASE][PASSED] - Test Cases/Hutilidades/Tareas Administracion Compensacion/Tarea Seguridad Social: Test Cases/Hutilidades/Tareas Administracion Compensacion/Tarea Seguridad Social

2021-11-22 09:17:16 - [TEST_STEP][PASSED] - callTestCase(findTestCase("0.1-Login"), [:], STOP_ON_FAILURE): Call Test Case 'Test Cases/0.1-Login' successfully

2021-11-22 09:17:17 - [TEST_CASE][PASSED] - Test Cases/0.1-Login: Test Cases/0.1-Login

2021-11-22 09:17:17 - [TEST_STEP][PASSED] - openBrowser(""): Browser is opened with url: ''

2021-11-22 09:17:17 - [MESSAGE][INFO] - Starting 'Edge Chromium' driver

2021-11-22 09:17:19 - [MESSAGE][INFO] - Action delay is set to 0 milliseconds

2021-11-22 09:17:20 - [MESSAGE][PASSED] - Browser is opened with url: ''

2021-11-22 09:17:20 - [TEST_STEP][PASSED] - maximizeWindow(): Current window maximized

2021-11-22 09:17:20 - [MESSAGE][PASSED] - Current window maximized

2021-11-22 09:17:20 - [TEST_STEP][PASSED] - i = G_Login: null

2021-11-22 09:17:20 - [TEST_STEP][PASSED] - url = new java.net.URL(i): null

2021-11-22 09:17:20 - [TEST_STEP][PASSED] - println("URL: " + url.toString()): null

2021-11-22 09:17:20 - [TEST_STEP][PASSED] - connection = url.openConnection(): null

2021-11-22 09:17:20 - [TEST_STEP][PASSED] - connection.setRequestMethod("GET"): null

2021-11-22 09:17:20 - [TEST_STEP][PASSED] - connection.setReadTimeout(2 * 1000): null

2021-11-22 09:17:20 - [TEST_STEP][PASSED] - try: null

2021-11-22 09:17:20 - [TEST_STEP][PASSED] - connection.connect(): null

2021-11-22 09:17:20 - [TEST_STEP][PASSED] - flag = connected: null

2021-11-22 09:17:20 - [TEST_STEP][PASSED] - println("Valor_ori: " + flag): null

2021-11-22 09:17:20 - [TEST_STEP][PASSED] - if (flag): null

2021-11-22 09:17:20 - [TEST_STEP][PASSED] - navigateToUrl(i): Navigate to 'http://localhost:8380/saraweb/' successfully

2021-11-22 09:17:21 - [MESSAGE][PASSED] - Navigate to 'http://localhost:8380/saraweb/' successfully

2021-11-22 09:17:21 - [TEST_STEP][PASSED] - a(): null

2021-11-22 09:17:21 - [TEST_STEP][PASSED] - setText(findTestObject("Login/input_USUARIO_loginusuario"), G_Usuario): Text 'saraadmin' is set on object 'Object Repository/Login/input_USUARIO_loginusuario'

2021-11-22 09:17:21 - [MESSAGE][PASSED] - Text 'saraadmin' is set on object 'Object Repository/Login/input_USUARIO_loginusuario'

2021-11-22 09:17:21 - [TEST_STEP][PASSED] - setEncryptedText(findTestObject("Login/input_CLAVE_loginpassword"), "MkG4/TYiCFC3cb2driP7+Q=="): Text ****** has been set on object 'Object Repository/Login/input_CLAVE_loginpassword'

2021-11-22 09:17:22 - [MESSAGE][PASSED] - Text ****** has been set on object 'Object Repository/Login/input_CLAVE_loginpassword'

2021-11-22 09:17:22 - [TEST_STEP][PASSED] - waitForElementClickable(findTestObject("Login/a_Ingresar"), G_TimeOut): Object 'Object Repository/Login/a_Ingresar' is clickable

2021-11-22 09:17:22 - [MESSAGE][PASSED] - Object 'Object Repository/Login/a_Ingresar' is clickable

2021-11-22 09:17:22 - [TEST_STEP][PASSED] - click(findTestObject("Login/a_Ingresar")): Object: 'Object Repository/Login/a_Ingresar' is clicked on

2021-11-22 09:17:26 - [MESSAGE][PASSED] - Object: 'Object Repository/Login/a_Ingresar' is clicked on

2021-11-22 09:17:26 - [TEST_STEP][PASSED] - element = findWebElement(findTestObject("Login/a_Ir"), 30): null

2021-11-22 09:17:26 - [TEST_STEP][PASSED] - executeJavaScript("arguments[0].click()", Arrays.asList(element)): Execute JavaScript 'arguments[0].click()' successfully

2021-11-22 09:17:26 - [MESSAGE][PASSED] - Execute JavaScript 'arguments[0].click()' successfully

2021-11-22 09:17:26 - [MESSAGE][PASSED] - Call Test Case 'Test Cases/0.1-Login' successfully

2021-11-22 09:17:26 - [TEST_STEP][PASSED] - delay(2): Delayed 2 second(s)

2021-11-22 09:17:28 - [MESSAGE][PASSED] - Delayed 2 second(s)

2021-11-22 09:17:28 - [TEST_STEP][PASSED] - setText(findTestObject("Modulo Tarea Administracion Compensacion/Tarea Seguridad Social/input_Ir_nav_t66_input"), "Seguridad Social"): Text 'Seguridad Social' is set on object 'Object Repository/Modulo Tarea Administracion Compensacion/Tarea Seguridad Social/input_Ir_nav_t66_input'

2021-11-22 09:17:29 - [MESSAGE][PASSED] - Text 'Seguridad Social' is set on object 'Object Repository/Modulo Tarea Administracion Compensacion/Tarea Seguridad Social/input_Ir_nav_t66_input'

2021-11-22 09:17:29 - [TEST_STEP][PASSED] - delay(2): Delayed 2 second(s)

2021-11-22 09:17:31 - [MESSAGE][PASSED] - Delayed 2 second(s)

2021-11-22 09:17:31 - [TEST_STEP][PASSED] - sendKeys(findTestObject("Modulo Tarea Administracion Compensacion/Tarea Seguridad Social/input_Ir_nav_t66_input"), Keys.chord(ENTER)): Keys 'ENTER + ' sent to object: 'Object Repository/Modulo Tarea Administracion Compensacion/Tarea Seguridad Social/input_Ir_nav_t66_input'

2021-11-22 09:17:31 - [MESSAGE][PASSED] - Keys 'ENTER + ' sent to object: 'Object Repository/Modulo Tarea Administracion Compensacion/Tarea Seguridad Social/input_Ir_nav_t66_input'

2021-11-22 09:17:31 - [MESSAGE][PASSED] - Call Test Case 'Test Cases/Hutilidades/Tareas Administracion Compensacion/Tarea Seguridad Social' successfully

2021-11-22 09:17:31 - [TEST_STEP][PASSED] - waitForElementClickable(findTestObject("Modulo Tarea Administracion Compensacion/Exportacion de Archivo de Seguridad Social/td_Planilla Empleados Empresa"), G_TimeOut): Object 'Object Repository/Modulo Tarea Administracion Compensacion/Exportacion de Archivo de Seguridad Social/td_Planilla Empleados Empresa' is clickable

2021-11-22 09:17:33 - [MESSAGE][PASSED] - Object 'Object Repository/Modulo Tarea Administracion Compensacion/Exportacion de Archivo de Seguridad Social/td_Planilla Empleados Empresa' is clickable

2021-11-22 09:17:33 - [TEST_STEP][PASSED] - click(findTestObject("Modulo Tarea Administracion Compensacion/Exportacion de Archivo de Seguridad Social/td_Planilla Empleados Empresa")): Object: 'Object Repository/Modulo Tarea Administracion Compensacion/Exportacion de Archivo de Seguridad Social/td_Planilla Empleados Empresa' is clicked on

2021-11-22 09:17:33 - [MESSAGE][PASSED] - Object: 'Object Repository/Modulo Tarea Administracion Compensacion/Exportacion de Archivo de Seguridad Social/td_Planilla Empleados Empresa' is clicked on

2021-11-22 09:17:33 - [TEST_STEP][PASSED] - waitForElementClickable(findTestObject("Modulo Tarea Administracion Compensacion/Exportacion de Archivo de Seguridad Social/img_csv"), G_TimeOut): Object 'Object Repository/Modulo Tarea Administracion Compensacion/Exportacion de Archivo de Seguridad Social/img_csv' is clickable

2021-11-22 09:17:35 - [MESSAGE][PASSED] - Object 'Object Repository/Modulo Tarea Administracion Compensacion/Exportacion de Archivo de Seguridad Social/img_csv' is clickable

2021-11-22 09:17:35 - [TEST_STEP][PASSED] - click(findTestObject("Modulo Tarea Administracion Compensacion/Exportacion de Archivo de Seguridad Social/img_csv")): Object: 'Object Repository/Modulo Tarea Administracion Compensacion/Exportacion de Archivo de Seguridad Social/img_csv' is clicked on

2021-11-22 09:17:35 - [MESSAGE][PASSED] - Object: 'Object Repository/Modulo Tarea Administracion Compensacion/Exportacion de Archivo de Seguridad Social/img_csv' is clicked on

2021-11-22 09:17:35 - [TEST_STEP][PASSED] - waitForElementClickable(findTestObject("Modulo Tarea Administracion Compensacion/Exportacion de Archivo de Seguridad Social/a_Archivo"), G_TimeOut): Object 'Object Repository/Modulo Tarea Administracion Compensacion/Exportacion de Archivo de Seguridad Social/a_Archivo' is clickable

2021-11-22 09:17:36 - [MESSAGE][PASSED] - Object 'Object Repository/Modulo Tarea Administracion Compensacion/Exportacion de Archivo de Seguridad Social/a_Archivo' is clickable

2021-11-22 09:17:36 - [TEST_STEP][PASSED] - click(findTestObject("Modulo Tarea Administracion Compensacion/Exportacion de Archivo de Seguridad Social/a_Archivo")): Object: 'Object Repository/Modulo Tarea Administracion Compensacion/Exportacion de Archivo de Seguridad Social/a_Archivo' is clicked on

2021-11-22 09:17:37 - [MESSAGE][PASSED] - Object: 'Object Repository/Modulo Tarea Administracion Compensacion/Exportacion de Archivo de Seguridad Social/a_Archivo' is clicked on

2021-11-22 09:17:37 - [TEST_STEP][PASSED] - click(findTestObject("Modulo Tarea Administracion Compensacion/Exportacion de Archivo de Seguridad Social/a_Archivo_1")): Object: 'Object Repository/Modulo Tarea Administracion Compensacion/Exportacion de Archivo de Seguridad Social/a_Archivo_1' is clicked on

2021-11-22 09:17:37 - [MESSAGE][PASSED] - Object: 'Object Repository/Modulo Tarea Administracion Compensacion/Exportacion de Archivo de Seguridad Social/a_Archivo_1' is clicked on

2021-11-22 09:17:37 - [TEST_STEP][PASSED] - waitForElementClickable(findTestObject("Modulo Tarea Administracion Compensacion/Exportacion de Archivo de Seguridad Social/a_Si"), G_TimeOut): Object 'Object Repository/Modulo Tarea Administracion Compensacion/Exportacion de Archivo de Seguridad Social/a_Si' is clickable

2021-11-22 09:17:39 - [MESSAGE][PASSED] - Object 'Object Repository/Modulo Tarea Administracion Compensacion/Exportacion de Archivo de Seguridad Social/a_Si' is clickable

2021-11-22 09:17:39 - [TEST_STEP][PASSED] - click(findTestObject("Modulo Tarea Administracion Compensacion/Exportacion de Archivo de Seguridad Social/a_Si")): Object: 'Object Repository/Modulo Tarea Administracion Compensacion/Exportacion de Archivo de Seguridad Social/a_Si' is clicked on

2021-11-22 09:17:39 - [MESSAGE][PASSED] - Object: 'Object Repository/Modulo Tarea Administracion Compensacion/Exportacion de Archivo de Seguridad Social/a_Si' is clicked on

2021-11-22 09:17:39 - [TEST_STEP][PASSED] - closeBrowser(): Browser is closed

2021-11-22 09:17:40 - [MESSAGE][PASSED] - Browser is closed]]></system-out>
         <system-err><![CDATA[]]></system-err>
      </testcase>
      <testcase name="Test Cases/1.1-Tareas Principales/1.3.9-Archivo Cargue Operador" time="19.671" classname="Test Cases/1.1-Tareas Principales/1.3.9-Archivo Cargue Operador" status="PASSED">
         <system-out><![CDATA[2021-11-22 09:17:40 - [TEST_CASE][PASSED] - Test Cases/1.1-Tareas Principales/1.3.9-Archivo Cargue Operador: Test Cases/1.1-Tareas Principales/1.3.9-Archivo Cargue Operador

2021-11-22 09:17:41 - [TEST_STEP][PASSED] - callTestCase(findTestCase("Hutilidades/Tareas Administracion Compensacion/Tarea Seguridad Social"), [:], STOP_ON_FAILURE): Call Test Case 'Test Cases/Hutilidades/Tareas Administracion Compensacion/Tarea Seguridad Social' successfully

2021-11-22 09:17:41 - [TEST_CASE][PASSED] - Test Cases/Hutilidades/Tareas Administracion Compensacion/Tarea Seguridad Social: Test Cases/Hutilidades/Tareas Administracion Compensacion/Tarea Seguridad Social

2021-11-22 09:17:41 - [TEST_STEP][PASSED] - callTestCase(findTestCase("0.1-Login"), [:], STOP_ON_FAILURE): Call Test Case 'Test Cases/0.1-Login' successfully

2021-11-22 09:17:41 - [TEST_CASE][PASSED] - Test Cases/0.1-Login: Test Cases/0.1-Login

2021-11-22 09:17:41 - [TEST_STEP][PASSED] - openBrowser(""): Browser is opened with url: ''

2021-11-22 09:17:41 - [MESSAGE][INFO] - Starting 'Edge Chromium' driver

2021-11-22 09:17:43 - [MESSAGE][INFO] - Action delay is set to 0 milliseconds

2021-11-22 09:17:44 - [MESSAGE][PASSED] - Browser is opened with url: ''

2021-11-22 09:17:44 - [TEST_STEP][PASSED] - maximizeWindow(): Current window maximized

2021-11-22 09:17:44 - [MESSAGE][PASSED] - Current window maximized

2021-11-22 09:17:44 - [TEST_STEP][PASSED] - i = G_Login: null

2021-11-22 09:17:44 - [TEST_STEP][PASSED] - url = new java.net.URL(i): null

2021-11-22 09:17:44 - [TEST_STEP][PASSED] - println("URL: " + url.toString()): null

2021-11-22 09:17:44 - [TEST_STEP][PASSED] - connection = url.openConnection(): null

2021-11-22 09:17:44 - [TEST_STEP][PASSED] - connection.setRequestMethod("GET"): null

2021-11-22 09:17:44 - [TEST_STEP][PASSED] - connection.setReadTimeout(2 * 1000): null

2021-11-22 09:17:44 - [TEST_STEP][PASSED] - try: null

2021-11-22 09:17:44 - [TEST_STEP][PASSED] - connection.connect(): null

2021-11-22 09:17:44 - [TEST_STEP][PASSED] - flag = connected: null

2021-11-22 09:17:44 - [TEST_STEP][PASSED] - println("Valor_ori: " + flag): null

2021-11-22 09:17:44 - [TEST_STEP][PASSED] - if (flag): null

2021-11-22 09:17:44 - [TEST_STEP][PASSED] - navigateToUrl(i): Navigate to 'http://localhost:8380/saraweb/' successfully

2021-11-22 09:17:45 - [MESSAGE][PASSED] - Navigate to 'http://localhost:8380/saraweb/' successfully

2021-11-22 09:17:45 - [TEST_STEP][PASSED] - a(): null

2021-11-22 09:17:45 - [TEST_STEP][PASSED] - setText(findTestObject("Login/input_USUARIO_loginusuario"), G_Usuario): Text 'saraadmin' is set on object 'Object Repository/Login/input_USUARIO_loginusuario'

2021-11-22 09:17:46 - [MESSAGE][PASSED] - Text 'saraadmin' is set on object 'Object Repository/Login/input_USUARIO_loginusuario'

2021-11-22 09:17:46 - [TEST_STEP][PASSED] - setEncryptedText(findTestObject("Login/input_CLAVE_loginpassword"), "MkG4/TYiCFC3cb2driP7+Q=="): Text ****** has been set on object 'Object Repository/Login/input_CLAVE_loginpassword'

2021-11-22 09:17:47 - [MESSAGE][PASSED] - Text ****** has been set on object 'Object Repository/Login/input_CLAVE_loginpassword'

2021-11-22 09:17:47 - [TEST_STEP][PASSED] - waitForElementClickable(findTestObject("Login/a_Ingresar"), G_TimeOut): Object 'Object Repository/Login/a_Ingresar' is clickable

2021-11-22 09:17:47 - [MESSAGE][PASSED] - Object 'Object Repository/Login/a_Ingresar' is clickable

2021-11-22 09:17:47 - [TEST_STEP][PASSED] - click(findTestObject("Login/a_Ingresar")): Object: 'Object Repository/Login/a_Ingresar' is clicked on

2021-11-22 09:17:50 - [MESSAGE][PASSED] - Object: 'Object Repository/Login/a_Ingresar' is clicked on

2021-11-22 09:17:50 - [TEST_STEP][PASSED] - element = findWebElement(findTestObject("Login/a_Ir"), 30): null

2021-11-22 09:17:50 - [TEST_STEP][PASSED] - executeJavaScript("arguments[0].click()", Arrays.asList(element)): Execute JavaScript 'arguments[0].click()' successfully

2021-11-22 09:17:50 - [MESSAGE][PASSED] - Execute JavaScript 'arguments[0].click()' successfully

2021-11-22 09:17:50 - [MESSAGE][PASSED] - Call Test Case 'Test Cases/0.1-Login' successfully

2021-11-22 09:17:50 - [TEST_STEP][PASSED] - delay(2): Delayed 2 second(s)

2021-11-22 09:17:52 - [MESSAGE][PASSED] - Delayed 2 second(s)

2021-11-22 09:17:52 - [TEST_STEP][PASSED] - setText(findTestObject("Modulo Tarea Administracion Compensacion/Tarea Seguridad Social/input_Ir_nav_t66_input"), "Seguridad Social"): Text 'Seguridad Social' is set on object 'Object Repository/Modulo Tarea Administracion Compensacion/Tarea Seguridad Social/input_Ir_nav_t66_input'

2021-11-22 09:17:53 - [MESSAGE][PASSED] - Text 'Seguridad Social' is set on object 'Object Repository/Modulo Tarea Administracion Compensacion/Tarea Seguridad Social/input_Ir_nav_t66_input'

2021-11-22 09:17:53 - [TEST_STEP][PASSED] - delay(2): Delayed 2 second(s)

2021-11-22 09:17:55 - [MESSAGE][PASSED] - Delayed 2 second(s)

2021-11-22 09:17:55 - [TEST_STEP][PASSED] - sendKeys(findTestObject("Modulo Tarea Administracion Compensacion/Tarea Seguridad Social/input_Ir_nav_t66_input"), Keys.chord(ENTER)): Keys 'ENTER + ' sent to object: 'Object Repository/Modulo Tarea Administracion Compensacion/Tarea Seguridad Social/input_Ir_nav_t66_input'

2021-11-22 09:17:55 - [MESSAGE][PASSED] - Keys 'ENTER + ' sent to object: 'Object Repository/Modulo Tarea Administracion Compensacion/Tarea Seguridad Social/input_Ir_nav_t66_input'

2021-11-22 09:17:55 - [MESSAGE][PASSED] - Call Test Case 'Test Cases/Hutilidades/Tareas Administracion Compensacion/Tarea Seguridad Social' successfully

2021-11-22 09:17:55 - [TEST_STEP][PASSED] - waitForElementClickable(findTestObject("Modulo Tarea Administracion Compensacion/Archivo Cargue Operador/td_Planilla Empleados Empresa"), 0): Object 'Object Repository/Modulo Tarea Administracion Compensacion/Archivo Cargue Operador/td_Planilla Empleados Empresa' is clickable

2021-11-22 09:17:55 - [MESSAGE][WARNING] - Timeout '0' is invalid. Using default page load timeout: '30'

2021-11-22 09:17:56 - [MESSAGE][PASSED] - Object 'Object Repository/Modulo Tarea Administracion Compensacion/Archivo Cargue Operador/td_Planilla Empleados Empresa' is clickable

2021-11-22 09:17:56 - [TEST_STEP][PASSED] - click(findTestObject("Modulo Tarea Administracion Compensacion/Archivo Cargue Operador/td_Planilla Empleados Empresa")): Object: 'Object Repository/Modulo Tarea Administracion Compensacion/Archivo Cargue Operador/td_Planilla Empleados Empresa' is clicked on

2021-11-22 09:17:57 - [MESSAGE][PASSED] - Object: 'Object Repository/Modulo Tarea Administracion Compensacion/Archivo Cargue Operador/td_Planilla Empleados Empresa' is clicked on

2021-11-22 09:17:57 - [TEST_STEP][PASSED] - click(findTestObject("Modulo Tarea Administracion Compensacion/Archivo Cargue Operador/a_Archivo_")): Object: 'Object Repository/Modulo Tarea Administracion Compensacion/Archivo Cargue Operador/a_Archivo_' is clicked on

2021-11-22 09:17:58 - [MESSAGE][PASSED] - Object: 'Object Repository/Modulo Tarea Administracion Compensacion/Archivo Cargue Operador/a_Archivo_' is clicked on

2021-11-22 09:17:58 - [TEST_STEP][PASSED] - click(findTestObject("Modulo Tarea Administracion Compensacion/Archivo Cargue Operador/a_Archivo_1")): Object: 'Object Repository/Modulo Tarea Administracion Compensacion/Archivo Cargue Operador/a_Archivo_1' is clicked on

2021-11-22 09:17:59 - [MESSAGE][PASSED] - Object: 'Object Repository/Modulo Tarea Administracion Compensacion/Archivo Cargue Operador/a_Archivo_1' is clicked on

2021-11-22 09:17:59 - [TEST_STEP][PASSED] - closeBrowser(): Browser is closed

2021-11-22 09:18:00 - [MESSAGE][PASSED] - Browser is closed]]></system-out>
         <system-err><![CDATA[]]></system-err>
      </testcase>
      <testcase name="Test Cases/1.1-Tareas Principales/1.4.1-Liquidar Conceptos y Variables" time="33.153" classname="Test Cases/1.1-Tareas Principales/1.4.1-Liquidar Conceptos y Variables" status="PASSED">
         <system-out><![CDATA[2021-11-22 09:18:00 - [TEST_CASE][PASSED] - Test Cases/1.1-Tareas Principales/1.4.1-Liquidar Conceptos y Variables: Test Cases/1.1-Tareas Principales/1.4.1-Liquidar Conceptos y Variables

2021-11-22 09:18:00 - [TEST_STEP][PASSED] - callTestCase(findTestCase("Hutilidades/Tareas Administracion Compensacion/Tarea Listado Empleados"), [:], STOP_ON_FAILURE): Call Test Case 'Test Cases/Hutilidades/Tareas Administracion Compensacion/Tarea Listado Empleados' successfully

2021-11-22 09:18:00 - [TEST_CASE][PASSED] - Test Cases/Hutilidades/Tareas Administracion Compensacion/Tarea Listado Empleados: Test Cases/Hutilidades/Tareas Administracion Compensacion/Tarea Listado Empleados

2021-11-22 09:18:00 - [TEST_STEP][PASSED] - callTestCase(findTestCase("0.1-Login"), [:], STOP_ON_FAILURE): Call Test Case 'Test Cases/0.1-Login' successfully

2021-11-22 09:18:00 - [TEST_CASE][PASSED] - Test Cases/0.1-Login: Test Cases/0.1-Login

2021-11-22 09:18:01 - [TEST_STEP][PASSED] - openBrowser(""): Browser is opened with url: ''

2021-11-22 09:18:01 - [MESSAGE][INFO] - Starting 'Edge Chromium' driver

2021-11-22 09:18:03 - [MESSAGE][INFO] - Action delay is set to 0 milliseconds

2021-11-22 09:18:04 - [MESSAGE][PASSED] - Browser is opened with url: ''

2021-11-22 09:18:04 - [TEST_STEP][PASSED] - maximizeWindow(): Current window maximized

2021-11-22 09:18:04 - [MESSAGE][PASSED] - Current window maximized

2021-11-22 09:18:04 - [TEST_STEP][PASSED] - i = G_Login: null

2021-11-22 09:18:04 - [TEST_STEP][PASSED] - url = new java.net.URL(i): null

2021-11-22 09:18:04 - [TEST_STEP][PASSED] - println("URL: " + url.toString()): null

2021-11-22 09:18:04 - [TEST_STEP][PASSED] - connection = url.openConnection(): null

2021-11-22 09:18:04 - [TEST_STEP][PASSED] - connection.setRequestMethod("GET"): null

2021-11-22 09:18:04 - [TEST_STEP][PASSED] - connection.setReadTimeout(2 * 1000): null

2021-11-22 09:18:04 - [TEST_STEP][PASSED] - try: null

2021-11-22 09:18:04 - [TEST_STEP][PASSED] - connection.connect(): null

2021-11-22 09:18:04 - [TEST_STEP][PASSED] - flag = connected: null

2021-11-22 09:18:04 - [TEST_STEP][PASSED] - println("Valor_ori: " + flag): null

2021-11-22 09:18:04 - [TEST_STEP][PASSED] - if (flag): null

2021-11-22 09:18:04 - [TEST_STEP][PASSED] - navigateToUrl(i): Navigate to 'http://localhost:8380/saraweb/' successfully

2021-11-22 09:18:05 - [MESSAGE][PASSED] - Navigate to 'http://localhost:8380/saraweb/' successfully

2021-11-22 09:18:05 - [TEST_STEP][PASSED] - a(): null

2021-11-22 09:18:05 - [TEST_STEP][PASSED] - setText(findTestObject("Login/input_USUARIO_loginusuario"), G_Usuario): Text 'saraadmin' is set on object 'Object Repository/Login/input_USUARIO_loginusuario'

2021-11-22 09:18:06 - [MESSAGE][PASSED] - Text 'saraadmin' is set on object 'Object Repository/Login/input_USUARIO_loginusuario'

2021-11-22 09:18:06 - [TEST_STEP][PASSED] - setEncryptedText(findTestObject("Login/input_CLAVE_loginpassword"), "MkG4/TYiCFC3cb2driP7+Q=="): Text ****** has been set on object 'Object Repository/Login/input_CLAVE_loginpassword'

2021-11-22 09:18:06 - [MESSAGE][PASSED] - Text ****** has been set on object 'Object Repository/Login/input_CLAVE_loginpassword'

2021-11-22 09:18:06 - [TEST_STEP][PASSED] - waitForElementClickable(findTestObject("Login/a_Ingresar"), G_TimeOut): Object 'Object Repository/Login/a_Ingresar' is clickable

2021-11-22 09:18:07 - [MESSAGE][PASSED] - Object 'Object Repository/Login/a_Ingresar' is clickable

2021-11-22 09:18:07 - [TEST_STEP][PASSED] - click(findTestObject("Login/a_Ingresar")): Object: 'Object Repository/Login/a_Ingresar' is clicked on

2021-11-22 09:18:10 - [MESSAGE][PASSED] - Object: 'Object Repository/Login/a_Ingresar' is clicked on

2021-11-22 09:18:10 - [TEST_STEP][PASSED] - element = findWebElement(findTestObject("Login/a_Ir"), 30): null

2021-11-22 09:18:10 - [TEST_STEP][PASSED] - executeJavaScript("arguments[0].click()", Arrays.asList(element)): Execute JavaScript 'arguments[0].click()' successfully

2021-11-22 09:18:10 - [MESSAGE][PASSED] - Execute JavaScript 'arguments[0].click()' successfully

2021-11-22 09:18:10 - [MESSAGE][PASSED] - Call Test Case 'Test Cases/0.1-Login' successfully

2021-11-22 09:18:10 - [TEST_STEP][PASSED] - setText(findTestObject("Modulo Tarea Listado Hojas de Vida/Tareas Listado Hojas de Vida/input_Listado Hojas De Vida_form_templatej_idt24_input"), "Listado de Empleados"): Text 'Listado de Empleados' is set on object 'Object Repository/Modulo Tarea Listado Hojas de Vida/Tareas Listado Hojas de Vida/input_Listado Hojas De Vida_form_templatej_idt24_input'

2021-11-22 09:18:12 - [MESSAGE][PASSED] - Text 'Listado de Empleados' is set on object 'Object Repository/Modulo Tarea Listado Hojas de Vida/Tareas Listado Hojas de Vida/input_Listado Hojas De Vida_form_templatej_idt24_input'

2021-11-22 09:18:12 - [TEST_STEP][PASSED] - delay(3): Delayed 3 second(s)

2021-11-22 09:18:15 - [MESSAGE][PASSED] - Delayed 3 second(s)

2021-11-22 09:18:15 - [TEST_STEP][PASSED] - sendKeys(findTestObject("Modulo Tarea Listado Hojas de Vida/Tareas Listado Hojas de Vida/input_Listado Hojas De Vida_form_templatej_idt24_input"), Keys.chord(ENTER)): Keys 'ENTER + ' sent to object: 'Object Repository/Modulo Tarea Listado Hojas de Vida/Tareas Listado Hojas de Vida/input_Listado Hojas De Vida_form_templatej_idt24_input'

2021-11-22 09:18:15 - [MESSAGE][PASSED] - Keys 'ENTER + ' sent to object: 'Object Repository/Modulo Tarea Listado Hojas de Vida/Tareas Listado Hojas de Vida/input_Listado Hojas De Vida_form_templatej_idt24_input'

2021-11-22 09:18:15 - [MESSAGE][PASSED] - Call Test Case 'Test Cases/Hutilidades/Tareas Administracion Compensacion/Tarea Listado Empleados' successfully

2021-11-22 09:18:15 - [TEST_STEP][PASSED] - waitForElementClickable(findTestObject("Modulo Tarea Administracion Compensacion/Liquidar Conceptos y Variables/input_Identificacin_listadoEmp"), 0): Object 'Object Repository/Modulo Tarea Administracion Compensacion/Liquidar Conceptos y Variables/input_Identificacin_listadoEmp' is clickable

2021-11-22 09:18:15 - [MESSAGE][WARNING] - Timeout '0' is invalid. Using default page load timeout: '30'

2021-11-22 09:18:17 - [MESSAGE][PASSED] - Object 'Object Repository/Modulo Tarea Administracion Compensacion/Liquidar Conceptos y Variables/input_Identificacin_listadoEmp' is clickable

2021-11-22 09:18:17 - [TEST_STEP][PASSED] - setText(findTestObject("Modulo Tarea Administracion Compensacion/Liquidar Conceptos y Variables/input_Identificacin_listadoEmp"), "10154472"): Text '10154472' is set on object 'Object Repository/Modulo Tarea Administracion Compensacion/Liquidar Conceptos y Variables/input_Identificacin_listadoEmp'

2021-11-22 09:18:18 - [MESSAGE][PASSED] - Text '10154472' is set on object 'Object Repository/Modulo Tarea Administracion Compensacion/Liquidar Conceptos y Variables/input_Identificacin_listadoEmp'

2021-11-22 09:18:18 - [TEST_STEP][PASSED] - sendKeys(findTestObject("Modulo Tarea Administracion Compensacion/Liquidar Conceptos y Variables/input_Identificacin_listadoEmp"), Keys.chord(ENTER)): Keys 'ENTER + ' sent to object: 'Object Repository/Modulo Tarea Administracion Compensacion/Liquidar Conceptos y Variables/input_Identificacin_listadoEmp'

2021-11-22 09:18:18 - [MESSAGE][PASSED] - Keys 'ENTER + ' sent to object: 'Object Repository/Modulo Tarea Administracion Compensacion/Liquidar Conceptos y Variables/input_Identificacin_listadoEmp'

2021-11-22 09:18:18 - [TEST_STEP][PASSED] - waitForElementClickable(findTestObject("Modulo Tarea Administracion Compensacion/Liquidar Conceptos y Variables/span_CONSTA BELFEGORD JHON"), G_TimeOut): Object 'Object Repository/Modulo Tarea Administracion Compensacion/Liquidar Conceptos y Variables/span_CONSTA BELFEGORD JHON' is clickable

2021-11-22 09:18:19 - [MESSAGE][PASSED] - Object 'Object Repository/Modulo Tarea Administracion Compensacion/Liquidar Conceptos y Variables/span_CONSTA BELFEGORD JHON' is clickable

2021-11-22 09:18:19 - [TEST_STEP][PASSED] - click(findTestObject("Modulo Tarea Administracion Compensacion/Liquidar Conceptos y Variables/span_CONSTA BELFEGORD JHON")): Object: 'Object Repository/Modulo Tarea Administracion Compensacion/Liquidar Conceptos y Variables/span_CONSTA BELFEGORD JHON' is clicked on

2021-11-22 09:18:19 - [MESSAGE][PASSED] - Object: 'Object Repository/Modulo Tarea Administracion Compensacion/Liquidar Conceptos y Variables/span_CONSTA BELFEGORD JHON' is clicked on

2021-11-22 09:18:19 - [TEST_STEP][PASSED] - waitForElementClickable(findTestObject("Modulo Tarea Administracion Compensacion/Liquidar Conceptos y Variables/a_Terminar Contrato"), G_TimeOut): Object 'Object Repository/Modulo Tarea Administracion Compensacion/Liquidar Conceptos y Variables/a_Terminar Contrato' is clickable

2021-11-22 09:18:20 - [MESSAGE][PASSED] - Object 'Object Repository/Modulo Tarea Administracion Compensacion/Liquidar Conceptos y Variables/a_Terminar Contrato' is clickable

2021-11-22 09:18:20 - [TEST_STEP][PASSED] - click(findTestObject("Modulo Tarea Administracion Compensacion/Liquidar Conceptos y Variables/a_Terminar Contrato")): Object: 'Object Repository/Modulo Tarea Administracion Compensacion/Liquidar Conceptos y Variables/a_Terminar Contrato' is clicked on

2021-11-22 09:18:21 - [MESSAGE][PASSED] - Object: 'Object Repository/Modulo Tarea Administracion Compensacion/Liquidar Conceptos y Variables/a_Terminar Contrato' is clicked on

2021-11-22 09:18:21 - [TEST_STEP][PASSED] - waitForElementClickable(findTestObject("Modulo Tarea Administracion Compensacion/Liquidar Conceptos y Variables/span_Liquidar"), G_TimeOut): Object 'Object Repository/Modulo Tarea Administracion Compensacion/Liquidar Conceptos y Variables/span_Liquidar' is clickable

2021-11-22 09:18:22 - [MESSAGE][PASSED] - Object 'Object Repository/Modulo Tarea Administracion Compensacion/Liquidar Conceptos y Variables/span_Liquidar' is clickable

2021-11-22 09:18:22 - [TEST_STEP][PASSED] - click(findTestObject("Modulo Tarea Administracion Compensacion/Liquidar Conceptos y Variables/span_Liquidar")): Object: 'Object Repository/Modulo Tarea Administracion Compensacion/Liquidar Conceptos y Variables/span_Liquidar' is clicked on

2021-11-22 09:18:22 - [MESSAGE][PASSED] - Object: 'Object Repository/Modulo Tarea Administracion Compensacion/Liquidar Conceptos y Variables/span_Liquidar' is clicked on

2021-11-22 09:18:22 - [TEST_STEP][PASSED] - setText(findTestObject("Modulo Tarea Administracion Compensacion/Liquidar Conceptos y Variables/input_Fecha de Retiro_cancelac"), "31/07/2021"): Text '31/07/2021' is set on object 'Object Repository/Modulo Tarea Administracion Compensacion/Liquidar Conceptos y Variables/input_Fecha de Retiro_cancelac'

2021-11-22 09:18:25 - [MESSAGE][PASSED] - Text '31/07/2021' is set on object 'Object Repository/Modulo Tarea Administracion Compensacion/Liquidar Conceptos y Variables/input_Fecha de Retiro_cancelac'

2021-11-22 09:18:25 - [TEST_STEP][PASSED] - waitForElementClickable(findTestObject("Modulo Tarea Administracion Compensacion/Liquidar Conceptos y Variables/span_Motivo de Retiro"), G_TimeOut): Object 'Object Repository/Modulo Tarea Administracion Compensacion/Liquidar Conceptos y Variables/span_Motivo de Retiro' is clickable

2021-11-22 09:18:25 - [MESSAGE][PASSED] - Object 'Object Repository/Modulo Tarea Administracion Compensacion/Liquidar Conceptos y Variables/span_Motivo de Retiro' is clickable

2021-11-22 09:18:25 - [TEST_STEP][PASSED] - click(findTestObject("Modulo Tarea Administracion Compensacion/Liquidar Conceptos y Variables/span_Motivo de Retiro")): Object: 'Object Repository/Modulo Tarea Administracion Compensacion/Liquidar Conceptos y Variables/span_Motivo de Retiro' is clicked on

2021-11-22 09:18:26 - [MESSAGE][PASSED] - Object: 'Object Repository/Modulo Tarea Administracion Compensacion/Liquidar Conceptos y Variables/span_Motivo de Retiro' is clicked on

2021-11-22 09:18:26 - [TEST_STEP][PASSED] - waitForElementClickable(findTestObject("Modulo Tarea Administracion Compensacion/Liquidar Conceptos y Variables/select_-- Seleccione --SUSTITU"), G_TimeOut): Object 'Object Repository/Modulo Tarea Administracion Compensacion/Liquidar Conceptos y Variables/select_-- Seleccione --SUSTITU' is clickable

2021-11-22 09:18:26 - [MESSAGE][PASSED] - Object 'Object Repository/Modulo Tarea Administracion Compensacion/Liquidar Conceptos y Variables/select_-- Seleccione --SUSTITU' is clickable

2021-11-22 09:18:26 - [TEST_STEP][PASSED] - click(findTestObject("Modulo Tarea Administracion Compensacion/Liquidar Conceptos y Variables/select_-- Seleccione --SUSTITU")): Object: 'Object Repository/Modulo Tarea Administracion Compensacion/Liquidar Conceptos y Variables/select_-- Seleccione --SUSTITU' is clicked on

2021-11-22 09:18:27 - [MESSAGE][PASSED] - Object: 'Object Repository/Modulo Tarea Administracion Compensacion/Liquidar Conceptos y Variables/select_-- Seleccione --SUSTITU' is clicked on

2021-11-22 09:18:27 - [TEST_STEP][PASSED] - selectOptionByIndex(findTestObject("Modulo Tarea Administracion Compensacion/Liquidar Conceptos y Variables/select_-- Seleccione --SUSTITU"), "1"): All options with index in [1] are selected on object 'Object Repository/Modulo Tarea Administracion Compensacion/Liquidar Conceptos y Variables/select_-- Seleccione --SUSTITU'

2021-11-22 09:18:28 - [MESSAGE][PASSED] - All options with index in [1] are selected on object 'Object Repository/Modulo Tarea Administracion Compensacion/Liquidar Conceptos y Variables/select_-- Seleccione --SUSTITU'

2021-11-22 09:18:28 - [TEST_STEP][PASSED] - waitForElementClickable(findTestObject("Modulo Tarea Administracion Compensacion/Liquidar Conceptos y Variables/select_---SELECCIONE ---Direct"), G_TimeOut): Object 'Object Repository/Modulo Tarea Administracion Compensacion/Liquidar Conceptos y Variables/select_---SELECCIONE ---Direct' is clickable

2021-11-22 09:18:28 - [MESSAGE][PASSED] - Object 'Object Repository/Modulo Tarea Administracion Compensacion/Liquidar Conceptos y Variables/select_---SELECCIONE ---Direct' is clickable

2021-11-22 09:18:28 - [TEST_STEP][PASSED] - click(findTestObject("Modulo Tarea Administracion Compensacion/Liquidar Conceptos y Variables/select_---SELECCIONE ---Direct")): Object: 'Object Repository/Modulo Tarea Administracion Compensacion/Liquidar Conceptos y Variables/select_---SELECCIONE ---Direct' is clicked on

2021-11-22 09:18:29 - [MESSAGE][PASSED] - Object: 'Object Repository/Modulo Tarea Administracion Compensacion/Liquidar Conceptos y Variables/select_---SELECCIONE ---Direct' is clicked on

2021-11-22 09:18:29 - [TEST_STEP][PASSED] - waitForElementClickable(findTestObject("Modulo Tarea Administracion Compensacion/Liquidar Conceptos y Variables/select_---SELECCIONE ---Direct"), 0): Object 'Object Repository/Modulo Tarea Administracion Compensacion/Liquidar Conceptos y Variables/select_---SELECCIONE ---Direct' is clickable

2021-11-22 09:18:29 - [MESSAGE][WARNING] - Timeout '0' is invalid. Using default page load timeout: '30'

2021-11-22 09:18:29 - [MESSAGE][PASSED] - Object 'Object Repository/Modulo Tarea Administracion Compensacion/Liquidar Conceptos y Variables/select_---SELECCIONE ---Direct' is clickable

2021-11-22 09:18:29 - [TEST_STEP][PASSED] - selectOptionByIndex(findTestObject("Modulo Tarea Administracion Compensacion/Liquidar Conceptos y Variables/select_---SELECCIONE ---Direct"), "1"): All options with index in [1] are selected on object 'Object Repository/Modulo Tarea Administracion Compensacion/Liquidar Conceptos y Variables/select_---SELECCIONE ---Direct'

2021-11-22 09:18:30 - [MESSAGE][PASSED] - All options with index in [1] are selected on object 'Object Repository/Modulo Tarea Administracion Compensacion/Liquidar Conceptos y Variables/select_---SELECCIONE ---Direct'

2021-11-22 09:18:30 - [TEST_STEP][PASSED] - setText(findTestObject("Modulo Tarea Administracion Compensacion/Liquidar Conceptos y Variables/input_Fecha Pago_cancelacion_c"), "31/07/2021"): Text '31/07/2021' is set on object 'Object Repository/Modulo Tarea Administracion Compensacion/Liquidar Conceptos y Variables/input_Fecha Pago_cancelacion_c'

2021-11-22 09:18:31 - [MESSAGE][PASSED] - Text '31/07/2021' is set on object 'Object Repository/Modulo Tarea Administracion Compensacion/Liquidar Conceptos y Variables/input_Fecha Pago_cancelacion_c'

2021-11-22 09:18:31 - [TEST_STEP][PASSED] - click(findTestObject("Modulo Tarea Administracion Compensacion/Liquidar Conceptos y Variables/span_Calculo Nomina")): Object: 'Object Repository/Modulo Tarea Administracion Compensacion/Liquidar Conceptos y Variables/span_Calculo Nomina' is clicked on

2021-11-22 09:18:32 - [MESSAGE][PASSED] - Object: 'Object Repository/Modulo Tarea Administracion Compensacion/Liquidar Conceptos y Variables/span_Calculo Nomina' is clicked on

2021-11-22 09:18:32 - [TEST_STEP][PASSED] - try: Browser is closed

2021-11-22 09:18:32 - [TEST_STEP][PASSED] - a = "65173e58e5fe483e8781783078c8c0dc": null

2021-11-22 09:18:32 - [TEST_STEP][PASSED] - b = true: null

2021-11-22 09:18:32 - [TEST_STEP][PASSED] - if (findTestObject("Modulo Tarea Administracion Compensacion/Liquidar Conceptos y Variables/select_-- Seleccione --comprob") != a && b): Browser is closed

2021-11-22 09:18:32 - [TEST_STEP][PASSED] - closeBrowser(STOP_ON_FAILURE): Browser is closed

2021-11-22 09:18:33 - [MESSAGE][PASSED] - Browser is closed

2021-11-22 09:18:33 - [TEST_STEP][PASSED] - closeBrowser(): Browser is closed

2021-11-22 09:18:33 - [MESSAGE][PASSED] - Browser is closed]]></system-out>
         <system-err><![CDATA[]]></system-err>
      </testcase>
      <testcase name="Test Cases/1.1-Tareas Principales/1.4.2-Acto Retiro Empleado" time="35.57" classname="Test Cases/1.1-Tareas Principales/1.4.2-Acto Retiro Empleado" status="PASSED">
         <system-out><![CDATA[2021-11-22 09:18:33 - [TEST_CASE][PASSED] - Test Cases/1.1-Tareas Principales/1.4.2-Acto Retiro Empleado: Test Cases/1.1-Tareas Principales/1.4.2-Acto Retiro Empleado

2021-11-22 09:18:33 - [TEST_STEP][PASSED] - callTestCase(findTestCase("Hutilidades/Tareas Actos Administrativos/Tarea Actos Administrativos"), [:], STOP_ON_FAILURE): Call Test Case 'Test Cases/Hutilidades/Tareas Actos Administrativos/Tarea Actos Administrativos' successfully

2021-11-22 09:18:33 - [TEST_CASE][PASSED] - Test Cases/Hutilidades/Tareas Actos Administrativos/Tarea Actos Administrativos: Test Cases/Hutilidades/Tareas Actos Administrativos/Tarea Actos Administrativos

2021-11-22 09:18:33 - [TEST_STEP][PASSED] - callTestCase(findTestCase("0.1-Login"), [:], STOP_ON_FAILURE): Call Test Case 'Test Cases/0.1-Login' successfully

2021-11-22 09:18:34 - [TEST_CASE][PASSED] - Test Cases/0.1-Login: Test Cases/0.1-Login

2021-11-22 09:18:34 - [TEST_STEP][PASSED] - openBrowser(""): Browser is opened with url: ''

2021-11-22 09:18:34 - [MESSAGE][INFO] - Starting 'Edge Chromium' driver

2021-11-22 09:18:36 - [MESSAGE][INFO] - Action delay is set to 0 milliseconds

2021-11-22 09:18:37 - [MESSAGE][PASSED] - Browser is opened with url: ''

2021-11-22 09:18:37 - [TEST_STEP][PASSED] - maximizeWindow(): Current window maximized

2021-11-22 09:18:37 - [MESSAGE][PASSED] - Current window maximized

2021-11-22 09:18:37 - [TEST_STEP][PASSED] - i = G_Login: null

2021-11-22 09:18:37 - [TEST_STEP][PASSED] - url = new java.net.URL(i): null

2021-11-22 09:18:37 - [TEST_STEP][PASSED] - println("URL: " + url.toString()): null

2021-11-22 09:18:37 - [TEST_STEP][PASSED] - connection = url.openConnection(): null

2021-11-22 09:18:37 - [TEST_STEP][PASSED] - connection.setRequestMethod("GET"): null

2021-11-22 09:18:37 - [TEST_STEP][PASSED] - connection.setReadTimeout(2 * 1000): null

2021-11-22 09:18:37 - [TEST_STEP][PASSED] - try: null

2021-11-22 09:18:37 - [TEST_STEP][PASSED] - connection.connect(): null

2021-11-22 09:18:37 - [TEST_STEP][PASSED] - flag = connected: null

2021-11-22 09:18:37 - [TEST_STEP][PASSED] - println("Valor_ori: " + flag): null

2021-11-22 09:18:37 - [TEST_STEP][PASSED] - if (flag): null

2021-11-22 09:18:37 - [TEST_STEP][PASSED] - navigateToUrl(i): Navigate to 'http://localhost:8380/saraweb/' successfully

2021-11-22 09:18:38 - [MESSAGE][PASSED] - Navigate to 'http://localhost:8380/saraweb/' successfully

2021-11-22 09:18:38 - [TEST_STEP][PASSED] - a(): null

2021-11-22 09:18:38 - [TEST_STEP][PASSED] - setText(findTestObject("Login/input_USUARIO_loginusuario"), G_Usuario): Text 'saraadmin' is set on object 'Object Repository/Login/input_USUARIO_loginusuario'

2021-11-22 09:18:38 - [MESSAGE][PASSED] - Text 'saraadmin' is set on object 'Object Repository/Login/input_USUARIO_loginusuario'

2021-11-22 09:18:38 - [TEST_STEP][PASSED] - setEncryptedText(findTestObject("Login/input_CLAVE_loginpassword"), "MkG4/TYiCFC3cb2driP7+Q=="): Text ****** has been set on object 'Object Repository/Login/input_CLAVE_loginpassword'

2021-11-22 09:18:39 - [MESSAGE][PASSED] - Text ****** has been set on object 'Object Repository/Login/input_CLAVE_loginpassword'

2021-11-22 09:18:39 - [TEST_STEP][PASSED] - waitForElementClickable(findTestObject("Login/a_Ingresar"), G_TimeOut): Object 'Object Repository/Login/a_Ingresar' is clickable

2021-11-22 09:18:39 - [MESSAGE][PASSED] - Object 'Object Repository/Login/a_Ingresar' is clickable

2021-11-22 09:18:39 - [TEST_STEP][PASSED] - click(findTestObject("Login/a_Ingresar")): Object: 'Object Repository/Login/a_Ingresar' is clicked on

2021-11-22 09:18:41 - [MESSAGE][PASSED] - Object: 'Object Repository/Login/a_Ingresar' is clicked on

2021-11-22 09:18:41 - [TEST_STEP][PASSED] - element = findWebElement(findTestObject("Login/a_Ir"), 30): null

2021-11-22 09:18:42 - [TEST_STEP][PASSED] - executeJavaScript("arguments[0].click()", Arrays.asList(element)): Execute JavaScript 'arguments[0].click()' successfully

2021-11-22 09:18:42 - [MESSAGE][PASSED] - Execute JavaScript 'arguments[0].click()' successfully

2021-11-22 09:18:42 - [MESSAGE][PASSED] - Call Test Case 'Test Cases/0.1-Login' successfully

2021-11-22 09:18:42 - [TEST_STEP][PASSED] - waitForElementClickable(findTestObject("Modulo Tarea Actos Administrativos/Tarea Actos Administrativos/input_ADMINISTRADOR DEL SISTEMA"), G_TimeOut): Object 'Object Repository/Modulo Tarea Actos Administrativos/Tarea Actos Administrativos/input_ADMINISTRADOR DEL SISTEMA' is clickable

2021-11-22 09:18:43 - [MESSAGE][PASSED] - Object 'Object Repository/Modulo Tarea Actos Administrativos/Tarea Actos Administrativos/input_ADMINISTRADOR DEL SISTEMA' is clickable

2021-11-22 09:18:43 - [TEST_STEP][PASSED] - setText(findTestObject("Modulo Tarea Actos Administrativos/Tarea Actos Administrativos/input_ADMINISTRADOR DEL SISTEMA"), "Actos Administrativos"): Text 'Actos Administrativos' is set on object 'Object Repository/Modulo Tarea Actos Administrativos/Tarea Actos Administrativos/input_ADMINISTRADOR DEL SISTEMA'

2021-11-22 09:18:44 - [MESSAGE][PASSED] - Text 'Actos Administrativos' is set on object 'Object Repository/Modulo Tarea Actos Administrativos/Tarea Actos Administrativos/input_ADMINISTRADOR DEL SISTEMA'

2021-11-22 09:18:44 - [TEST_STEP][PASSED] - delay(3): Delayed 3 second(s)

2021-11-22 09:18:47 - [MESSAGE][PASSED] - Delayed 3 second(s)

2021-11-22 09:18:47 - [TEST_STEP][PASSED] - sendKeys(findTestObject("Modulo Tarea Actos Administrativos/Tarea Actos Administrativos/input_ADMINISTRADOR DEL SISTEMA"), Keys.chord(ENTER)): Keys 'ENTER + ' sent to object: 'Object Repository/Modulo Tarea Actos Administrativos/Tarea Actos Administrativos/input_ADMINISTRADOR DEL SISTEMA'

2021-11-22 09:18:48 - [MESSAGE][PASSED] - Keys 'ENTER + ' sent to object: 'Object Repository/Modulo Tarea Actos Administrativos/Tarea Actos Administrativos/input_ADMINISTRADOR DEL SISTEMA'

2021-11-22 09:18:48 - [MESSAGE][PASSED] - Call Test Case 'Test Cases/Hutilidades/Tareas Actos Administrativos/Tarea Actos Administrativos' successfully

2021-11-22 09:18:48 - [TEST_STEP][PASSED] - waitForElementClickable(findTestObject("Modulo Tarea Actos Administrativos/Acto Retiro Empleado/i_Acto Movimento de planta_gly"), G_TimeOut): Object 'Object Repository/Modulo Tarea Actos Administrativos/Acto Retiro Empleado/i_Acto Movimento de planta_gly' is clickable

2021-11-22 09:18:49 - [MESSAGE][PASSED] - Object 'Object Repository/Modulo Tarea Actos Administrativos/Acto Retiro Empleado/i_Acto Movimento de planta_gly' is clickable

2021-11-22 09:18:49 - [TEST_STEP][PASSED] - click(findTestObject("Modulo Tarea Actos Administrativos/Acto Retiro Empleado/i_Acto Movimento de planta_gly")): Object: 'Object Repository/Modulo Tarea Actos Administrativos/Acto Retiro Empleado/i_Acto Movimento de planta_gly' is clicked on

2021-11-22 09:18:49 - [MESSAGE][PASSED] - Object: 'Object Repository/Modulo Tarea Actos Administrativos/Acto Retiro Empleado/i_Acto Movimento de planta_gly' is clicked on

2021-11-22 09:18:49 - [TEST_STEP][PASSED] - waitForElementClickable(findTestObject("Modulo Tarea Actos Administrativos/Acto Retiro Empleado/a_Actos de Retiro del empleado"), G_TimeOut): Object 'Object Repository/Modulo Tarea Actos Administrativos/Acto Retiro Empleado/a_Actos de Retiro del empleado' is clickable

2021-11-22 09:18:50 - [MESSAGE][PASSED] - Object 'Object Repository/Modulo Tarea Actos Administrativos/Acto Retiro Empleado/a_Actos de Retiro del empleado' is clickable

2021-11-22 09:18:50 - [TEST_STEP][PASSED] - click(findTestObject("Modulo Tarea Actos Administrativos/Acto Retiro Empleado/a_Actos de Retiro del empleado")): Object: 'Object Repository/Modulo Tarea Actos Administrativos/Acto Retiro Empleado/a_Actos de Retiro del empleado' is clicked on

2021-11-22 09:18:50 - [MESSAGE][PASSED] - Object: 'Object Repository/Modulo Tarea Actos Administrativos/Acto Retiro Empleado/a_Actos de Retiro del empleado' is clicked on

2021-11-22 09:18:50 - [TEST_STEP][PASSED] - waitForElementClickable(findTestObject("Modulo Tarea Actos Administrativos/Acto Retiro Empleado/span_terminacion de contrato"), G_TimeOut): Object 'Object Repository/Modulo Tarea Actos Administrativos/Acto Retiro Empleado/span_terminacion de contrato' is clickable

2021-11-22 09:18:51 - [MESSAGE][PASSED] - Object 'Object Repository/Modulo Tarea Actos Administrativos/Acto Retiro Empleado/span_terminacion de contrato' is clickable

2021-11-22 09:18:51 - [TEST_STEP][PASSED] - click(findTestObject("Modulo Tarea Actos Administrativos/Acto Retiro Empleado/span_terminacion de contrato")): Object: 'Object Repository/Modulo Tarea Actos Administrativos/Acto Retiro Empleado/span_terminacion de contrato' is clicked on

2021-11-22 09:18:51 - [MESSAGE][PASSED] - Object: 'Object Repository/Modulo Tarea Actos Administrativos/Acto Retiro Empleado/span_terminacion de contrato' is clicked on

2021-11-22 09:18:51 - [TEST_STEP][PASSED] - waitForElementClickable(findTestObject("Modulo Tarea Actos Administrativos/Acto Retiro Empleado/a_Elaboracin_form_popupSeleccionDerogarj_idt134"), G_TimeOut): Object 'Object Repository/Modulo Tarea Actos Administrativos/Acto Retiro Empleado/a_Elaboracin_form_popupSeleccionDerogarj_idt134' is clickable

2021-11-22 09:18:52 - [MESSAGE][PASSED] - Object 'Object Repository/Modulo Tarea Actos Administrativos/Acto Retiro Empleado/a_Elaboracin_form_popupSeleccionDerogarj_idt134' is clickable

2021-11-22 09:18:52 - [TEST_STEP][PASSED] - click(findTestObject("Modulo Tarea Actos Administrativos/Acto Retiro Empleado/a_Elaboracin_form_popupSeleccionDerogarj_idt134")): Object: 'Object Repository/Modulo Tarea Actos Administrativos/Acto Retiro Empleado/a_Elaboracin_form_popupSeleccionDerogarj_idt134' is clicked on

2021-11-22 09:18:52 - [MESSAGE][PASSED] - Object: 'Object Repository/Modulo Tarea Actos Administrativos/Acto Retiro Empleado/a_Elaboracin_form_popupSeleccionDerogarj_idt134' is clicked on

2021-11-22 09:18:52 - [TEST_STEP][PASSED] - waitForElementClickable(findTestObject("Modulo Tarea Actos Administrativos/Acto Retiro Empleado/a_Identificacin_form_actoAusentismoj_idt1208"), G_TimeOut): Object 'Object Repository/Modulo Tarea Actos Administrativos/Acto Retiro Empleado/a_Identificacin_form_actoAusentismoj_idt1208' is clickable

2021-11-22 09:18:55 - [MESSAGE][PASSED] - Object 'Object Repository/Modulo Tarea Actos Administrativos/Acto Retiro Empleado/a_Identificacin_form_actoAusentismoj_idt1208' is clickable

2021-11-22 09:18:55 - [TEST_STEP][PASSED] - click(findTestObject("Modulo Tarea Actos Administrativos/Acto Retiro Empleado/a_Identificacin_form_actoAusentismoj_idt1208")): Object: 'Object Repository/Modulo Tarea Actos Administrativos/Acto Retiro Empleado/a_Identificacin_form_actoAusentismoj_idt1208' is clicked on

2021-11-22 09:18:56 - [MESSAGE][PASSED] - Object: 'Object Repository/Modulo Tarea Actos Administrativos/Acto Retiro Empleado/a_Identificacin_form_actoAusentismoj_idt1208' is clicked on

2021-11-22 09:18:56 - [TEST_STEP][PASSED] - setText(findTestObject("Modulo Tarea Actos Administrativos/Acto Retiro Empleado/input_Filtro Empleado_form_actoAusentismoj_idt1434"), "66666"): Text '66666' is set on object 'Object Repository/Modulo Tarea Actos Administrativos/Acto Retiro Empleado/input_Filtro Empleado_form_actoAusentismoj_idt1434'

2021-11-22 09:18:57 - [MESSAGE][PASSED] - Text '66666' is set on object 'Object Repository/Modulo Tarea Actos Administrativos/Acto Retiro Empleado/input_Filtro Empleado_form_actoAusentismoj_idt1434'

2021-11-22 09:18:57 - [TEST_STEP][PASSED] - delay(1): Delayed 1 second(s)

2021-11-22 09:18:58 - [MESSAGE][PASSED] - Delayed 1 second(s)

2021-11-22 09:18:58 - [TEST_STEP][PASSED] - sendKeys(findTestObject("Modulo Tarea Actos Administrativos/Acto Retiro Empleado/input_Filtro Empleado_form_actoAusentismoj_idt1434"), Keys.chord(ENTER)): Keys 'ENTER + ' sent to object: 'Object Repository/Modulo Tarea Actos Administrativos/Acto Retiro Empleado/input_Filtro Empleado_form_actoAusentismoj_idt1434'

2021-11-22 09:18:58 - [MESSAGE][PASSED] - Keys 'ENTER + ' sent to object: 'Object Repository/Modulo Tarea Actos Administrativos/Acto Retiro Empleado/input_Filtro Empleado_form_actoAusentismoj_idt1434'

2021-11-22 09:18:58 - [TEST_STEP][PASSED] - waitForElementClickable(findTestObject("Modulo Tarea Actos Administrativos/Acto Retiro Empleado/span_SALGADO PAULA"), G_TimeOut): Object 'Object Repository/Modulo Tarea Actos Administrativos/Acto Retiro Empleado/span_SALGADO PAULA' is clickable

2021-11-22 09:18:59 - [MESSAGE][PASSED] - Object 'Object Repository/Modulo Tarea Actos Administrativos/Acto Retiro Empleado/span_SALGADO PAULA' is clickable

2021-11-22 09:18:59 - [TEST_STEP][PASSED] - click(findTestObject("Modulo Tarea Actos Administrativos/Acto Retiro Empleado/span_SALGADO PAULA")): Object: 'Object Repository/Modulo Tarea Actos Administrativos/Acto Retiro Empleado/span_SALGADO PAULA' is clicked on

2021-11-22 09:19:00 - [MESSAGE][PASSED] - Object: 'Object Repository/Modulo Tarea Actos Administrativos/Acto Retiro Empleado/span_SALGADO PAULA' is clicked on

2021-11-22 09:19:00 - [TEST_STEP][PASSED] - waitForElementClickable(findTestObject("Modulo Tarea Actos Administrativos/Acto Retiro Empleado/a_Continuar"), G_TimeOut): Object 'Object Repository/Modulo Tarea Actos Administrativos/Acto Retiro Empleado/a_Continuar' is clickable

2021-11-22 09:19:00 - [MESSAGE][PASSED] - Object 'Object Repository/Modulo Tarea Actos Administrativos/Acto Retiro Empleado/a_Continuar' is clickable

2021-11-22 09:19:00 - [TEST_STEP][PASSED] - click(findTestObject("Modulo Tarea Actos Administrativos/Acto Retiro Empleado/a_Continuar")): Object: 'Object Repository/Modulo Tarea Actos Administrativos/Acto Retiro Empleado/a_Continuar' is clicked on

2021-11-22 09:19:01 - [MESSAGE][PASSED] - Object: 'Object Repository/Modulo Tarea Actos Administrativos/Acto Retiro Empleado/a_Continuar' is clicked on

2021-11-22 09:19:01 - [TEST_STEP][PASSED] - setText(findTestObject("Modulo Tarea Actos Administrativos/Acto Retiro Empleado/input__form_actoAusentismoj_id"), "31/12/2018"): Text '31/12/2018' is set on object 'Object Repository/Modulo Tarea Actos Administrativos/Acto Retiro Empleado/input__form_actoAusentismoj_id'

2021-11-22 09:19:02 - [MESSAGE][PASSED] - Text '31/12/2018' is set on object 'Object Repository/Modulo Tarea Actos Administrativos/Acto Retiro Empleado/input__form_actoAusentismoj_id'

2021-11-22 09:19:02 - [TEST_STEP][PASSED] - setText(findTestObject("Modulo Tarea Actos Administrativos/Acto Retiro Empleado/input__form_actoAusentismoj_id_6"), "66666"): Text '66666' is set on object 'Object Repository/Modulo Tarea Actos Administrativos/Acto Retiro Empleado/input__form_actoAusentismoj_id_6'

2021-11-22 09:19:03 - [MESSAGE][PASSED] - Text '66666' is set on object 'Object Repository/Modulo Tarea Actos Administrativos/Acto Retiro Empleado/input__form_actoAusentismoj_id_6'

2021-11-22 09:19:03 - [TEST_STEP][PASSED] - waitForElementClickable(findTestObject("Modulo Tarea Actos Administrativos/Acto Retiro Empleado/a_Continuar_1"), G_TimeOut): Object 'Object Repository/Modulo Tarea Actos Administrativos/Acto Retiro Empleado/a_Continuar_1' is clickable

2021-11-22 09:19:03 - [MESSAGE][PASSED] - Object 'Object Repository/Modulo Tarea Actos Administrativos/Acto Retiro Empleado/a_Continuar_1' is clickable

2021-11-22 09:19:03 - [TEST_STEP][PASSED] - click(findTestObject("Modulo Tarea Actos Administrativos/Acto Retiro Empleado/a_Continuar_1")): Object: 'Object Repository/Modulo Tarea Actos Administrativos/Acto Retiro Empleado/a_Continuar_1' is clicked on

2021-11-22 09:19:04 - [MESSAGE][PASSED] - Object: 'Object Repository/Modulo Tarea Actos Administrativos/Acto Retiro Empleado/a_Continuar_1' is clicked on

2021-11-22 09:19:04 - [TEST_STEP][PASSED] - waitForElementClickable(findTestObject("Modulo Tarea Actos Administrativos/Acto Retiro Empleado/a_Aplicar"), G_TimeOut): Object 'Object Repository/Modulo Tarea Actos Administrativos/Acto Retiro Empleado/a_Aplicar' is clickable

2021-11-22 09:19:07 - [MESSAGE][PASSED] - Object 'Object Repository/Modulo Tarea Actos Administrativos/Acto Retiro Empleado/a_Aplicar' is clickable

2021-11-22 09:19:07 - [TEST_STEP][PASSED] - click(findTestObject("Modulo Tarea Actos Administrativos/Acto Retiro Empleado/a_Aplicar")): Object: 'Object Repository/Modulo Tarea Actos Administrativos/Acto Retiro Empleado/a_Aplicar' is clicked on

2021-11-22 09:19:08 - [MESSAGE][PASSED] - Object: 'Object Repository/Modulo Tarea Actos Administrativos/Acto Retiro Empleado/a_Aplicar' is clicked on

2021-11-22 09:19:08 - [TEST_STEP][PASSED] - closeBrowser(): Browser is closed

2021-11-22 09:19:09 - [MESSAGE][PASSED] - Browser is closed]]></system-out>
         <system-err><![CDATA[]]></system-err>
      </testcase>
      <testcase name="Test Cases/1.1-Tareas Principales/1.4.3-Generacion Interfaz" time="33.856" classname="Test Cases/1.1-Tareas Principales/1.4.3-Generacion Interfaz" status="PASSED">
         <system-out><![CDATA[2021-11-22 09:19:09 - [TEST_CASE][PASSED] - Test Cases/1.1-Tareas Principales/1.4.3-Generacion Interfaz: Test Cases/1.1-Tareas Principales/1.4.3-Generacion Interfaz

2021-11-22 09:19:09 - [TEST_STEP][PASSED] - callTestCase(findTestCase("0.1-Login"), [:], STOP_ON_FAILURE): Call Test Case 'Test Cases/0.1-Login' successfully

2021-11-22 09:19:09 - [TEST_CASE][PASSED] - Test Cases/0.1-Login: Test Cases/0.1-Login

2021-11-22 09:19:09 - [TEST_STEP][PASSED] - openBrowser(""): Browser is opened with url: ''

2021-11-22 09:19:09 - [MESSAGE][INFO] - Starting 'Edge Chromium' driver

2021-11-22 09:19:11 - [MESSAGE][INFO] - Action delay is set to 0 milliseconds

2021-11-22 09:19:12 - [MESSAGE][PASSED] - Browser is opened with url: ''

2021-11-22 09:19:12 - [TEST_STEP][PASSED] - maximizeWindow(): Current window maximized

2021-11-22 09:19:12 - [MESSAGE][PASSED] - Current window maximized

2021-11-22 09:19:12 - [TEST_STEP][PASSED] - i = G_Login: null

2021-11-22 09:19:12 - [TEST_STEP][PASSED] - url = new java.net.URL(i): null

2021-11-22 09:19:12 - [TEST_STEP][PASSED] - println("URL: " + url.toString()): null

2021-11-22 09:19:12 - [TEST_STEP][PASSED] - connection = url.openConnection(): null

2021-11-22 09:19:12 - [TEST_STEP][PASSED] - connection.setRequestMethod("GET"): null

2021-11-22 09:19:12 - [TEST_STEP][PASSED] - connection.setReadTimeout(2 * 1000): null

2021-11-22 09:19:12 - [TEST_STEP][PASSED] - try: null

2021-11-22 09:19:12 - [TEST_STEP][PASSED] - connection.connect(): null

2021-11-22 09:19:12 - [TEST_STEP][PASSED] - flag = connected: null

2021-11-22 09:19:12 - [TEST_STEP][PASSED] - println("Valor_ori: " + flag): null

2021-11-22 09:19:12 - [TEST_STEP][PASSED] - if (flag): null

2021-11-22 09:19:12 - [TEST_STEP][PASSED] - navigateToUrl(i): Navigate to 'http://localhost:8380/saraweb/' successfully

2021-11-22 09:19:13 - [MESSAGE][PASSED] - Navigate to 'http://localhost:8380/saraweb/' successfully

2021-11-22 09:19:13 - [TEST_STEP][PASSED] - a(): null

2021-11-22 09:19:13 - [TEST_STEP][PASSED] - setText(findTestObject("Login/input_USUARIO_loginusuario"), G_Usuario): Text 'saraadmin' is set on object 'Object Repository/Login/input_USUARIO_loginusuario'

2021-11-22 09:19:14 - [MESSAGE][PASSED] - Text 'saraadmin' is set on object 'Object Repository/Login/input_USUARIO_loginusuario'

2021-11-22 09:19:14 - [TEST_STEP][PASSED] - setEncryptedText(findTestObject("Login/input_CLAVE_loginpassword"), "MkG4/TYiCFC3cb2driP7+Q=="): Text ****** has been set on object 'Object Repository/Login/input_CLAVE_loginpassword'

2021-11-22 09:19:14 - [MESSAGE][PASSED] - Text ****** has been set on object 'Object Repository/Login/input_CLAVE_loginpassword'

2021-11-22 09:19:14 - [TEST_STEP][PASSED] - waitForElementClickable(findTestObject("Login/a_Ingresar"), G_TimeOut): Object 'Object Repository/Login/a_Ingresar' is clickable

2021-11-22 09:19:15 - [MESSAGE][PASSED] - Object 'Object Repository/Login/a_Ingresar' is clickable

2021-11-22 09:19:15 - [TEST_STEP][PASSED] - click(findTestObject("Login/a_Ingresar")): Object: 'Object Repository/Login/a_Ingresar' is clicked on

2021-11-22 09:19:17 - [MESSAGE][PASSED] - Object: 'Object Repository/Login/a_Ingresar' is clicked on

2021-11-22 09:19:17 - [TEST_STEP][PASSED] - element = findWebElement(findTestObject("Login/a_Ir"), 30): null

2021-11-22 09:19:17 - [TEST_STEP][PASSED] - executeJavaScript("arguments[0].click()", Arrays.asList(element)): Execute JavaScript 'arguments[0].click()' successfully

2021-11-22 09:19:17 - [MESSAGE][PASSED] - Execute JavaScript 'arguments[0].click()' successfully

2021-11-22 09:19:17 - [MESSAGE][PASSED] - Call Test Case 'Test Cases/0.1-Login' successfully

2021-11-22 09:19:17 - [TEST_STEP][PASSED] - setText(findTestObject("Modulo Tarea Administracion Compensacion/Generacion interfaz/input_ADMINISTRADOR DEL SISTEMA"), "Generacion interfaz"): Text 'Generacion interfaz' is set on object 'Object Repository/Modulo Tarea Administracion Compensacion/Generacion interfaz/input_ADMINISTRADOR DEL SISTEMA'

2021-11-22 09:19:19 - [MESSAGE][PASSED] - Text 'Generacion interfaz' is set on object 'Object Repository/Modulo Tarea Administracion Compensacion/Generacion interfaz/input_ADMINISTRADOR DEL SISTEMA'

2021-11-22 09:19:19 - [TEST_STEP][PASSED] - delay(1): Delayed 1 second(s)

2021-11-22 09:19:20 - [MESSAGE][PASSED] - Delayed 1 second(s)

2021-11-22 09:19:20 - [TEST_STEP][PASSED] - sendKeys(findTestObject("Modulo Tarea Administracion Compensacion/Generacion interfaz/input_ADMINISTRADOR DEL SISTEMA"), Keys.chord(ENTER)): Keys 'ENTER + ' sent to object: 'Object Repository/Modulo Tarea Administracion Compensacion/Generacion interfaz/input_ADMINISTRADOR DEL SISTEMA'

2021-11-22 09:19:20 - [MESSAGE][PASSED] - Keys 'ENTER + ' sent to object: 'Object Repository/Modulo Tarea Administracion Compensacion/Generacion interfaz/input_ADMINISTRADOR DEL SISTEMA'

2021-11-22 09:19:20 - [TEST_STEP][PASSED] - waitForElementClickable(findTestObject("Modulo Tarea Administracion Compensacion/Generacion interfaz/span_INTERFAZ NOMINA INTERFAZ"), G_TimeOut): Object 'Object Repository/Modulo Tarea Administracion Compensacion/Generacion interfaz/span_INTERFAZ NOMINA INTERFAZ' is clickable

2021-11-22 09:19:21 - [MESSAGE][PASSED] - Object 'Object Repository/Modulo Tarea Administracion Compensacion/Generacion interfaz/span_INTERFAZ NOMINA INTERFAZ' is clickable

2021-11-22 09:19:21 - [TEST_STEP][PASSED] - click(findTestObject("Modulo Tarea Administracion Compensacion/Generacion interfaz/span_INTERFAZ NOMINA INTERFAZ")): Object: 'Object Repository/Modulo Tarea Administracion Compensacion/Generacion interfaz/span_INTERFAZ NOMINA INTERFAZ' is clicked on

2021-11-22 09:19:22 - [MESSAGE][PASSED] - Object: 'Object Repository/Modulo Tarea Administracion Compensacion/Generacion interfaz/span_INTERFAZ NOMINA INTERFAZ' is clicked on

2021-11-22 09:19:22 - [TEST_STEP][PASSED] - waitForElementClickable(findTestObject("Modulo Tarea Administracion Compensacion/Generacion interfaz/div_-_ui-chkbox-box ui-widget"), G_TimeOut): Object 'Object Repository/Modulo Tarea Administracion Compensacion/Generacion interfaz/div_-_ui-chkbox-box ui-widget' is clickable

2021-11-22 09:19:26 - [MESSAGE][PASSED] - Object 'Object Repository/Modulo Tarea Administracion Compensacion/Generacion interfaz/div_-_ui-chkbox-box ui-widget' is clickable

2021-11-22 09:19:26 - [TEST_STEP][PASSED] - click(findTestObject("Modulo Tarea Administracion Compensacion/Generacion interfaz/div_-_ui-chkbox-box ui-widget")): Object: 'Object Repository/Modulo Tarea Administracion Compensacion/Generacion interfaz/div_-_ui-chkbox-box ui-widget' is clicked on

2021-11-22 09:19:26 - [MESSAGE][PASSED] - Object: 'Object Repository/Modulo Tarea Administracion Compensacion/Generacion interfaz/div_-_ui-chkbox-box ui-widget' is clicked on

2021-11-22 09:19:26 - [TEST_STEP][PASSED] - waitForElementClickable(findTestObject("Modulo Tarea Administracion Compensacion/Generacion interfaz/a_Generar"), G_TimeOut): Object 'Object Repository/Modulo Tarea Administracion Compensacion/Generacion interfaz/a_Generar' is clickable

2021-11-22 09:19:27 - [MESSAGE][PASSED] - Object 'Object Repository/Modulo Tarea Administracion Compensacion/Generacion interfaz/a_Generar' is clickable

2021-11-22 09:19:27 - [TEST_STEP][PASSED] - click(findTestObject("Modulo Tarea Administracion Compensacion/Generacion interfaz/a_Generar")): Object: 'Object Repository/Modulo Tarea Administracion Compensacion/Generacion interfaz/a_Generar' is clicked on

2021-11-22 09:19:28 - [MESSAGE][PASSED] - Object: 'Object Repository/Modulo Tarea Administracion Compensacion/Generacion interfaz/a_Generar' is clicked on

2021-11-22 09:19:28 - [TEST_STEP][PASSED] - setText(findTestObject("Modulo Tarea Administracion Compensacion/Generacion interfaz/input_Fecha Inicial _popupGeneracion"), "01/01/2021"): Text '01/01/2021' is set on object 'Object Repository/Modulo Tarea Administracion Compensacion/Generacion interfaz/input_Fecha Inicial _popupGeneracion'

2021-11-22 09:19:29 - [MESSAGE][PASSED] - Text '01/01/2021' is set on object 'Object Repository/Modulo Tarea Administracion Compensacion/Generacion interfaz/input_Fecha Inicial _popupGeneracion'

2021-11-22 09:19:29 - [TEST_STEP][PASSED] - waitForElementClickable(findTestObject("Modulo Tarea Administracion Compensacion/Generacion interfaz/td_Rango Fechas"), G_TimeOut): Object 'Object Repository/Modulo Tarea Administracion Compensacion/Generacion interfaz/td_Rango Fechas' is clickable

2021-11-22 09:19:29 - [MESSAGE][PASSED] - Object 'Object Repository/Modulo Tarea Administracion Compensacion/Generacion interfaz/td_Rango Fechas' is clickable

2021-11-22 09:19:29 - [TEST_STEP][PASSED] - click(findTestObject("Modulo Tarea Administracion Compensacion/Generacion interfaz/td_Rango Fechas")): Object: 'Object Repository/Modulo Tarea Administracion Compensacion/Generacion interfaz/td_Rango Fechas' is clicked on

2021-11-22 09:19:30 - [MESSAGE][PASSED] - Object: 'Object Repository/Modulo Tarea Administracion Compensacion/Generacion interfaz/td_Rango Fechas' is clicked on

2021-11-22 09:19:30 - [TEST_STEP][PASSED] - setText(findTestObject("Modulo Tarea Administracion Compensacion/Generacion interfaz/input_Fecha Final_popupGeneracion"), "30/01/2021"): Text '30/01/2021' is set on object 'Object Repository/Modulo Tarea Administracion Compensacion/Generacion interfaz/input_Fecha Final_popupGeneracion'

2021-11-22 09:19:31 - [MESSAGE][PASSED] - Text '30/01/2021' is set on object 'Object Repository/Modulo Tarea Administracion Compensacion/Generacion interfaz/input_Fecha Final_popupGeneracion'

2021-11-22 09:19:31 - [TEST_STEP][PASSED] - waitForElementClickable(findTestObject("Modulo Tarea Administracion Compensacion/Generacion interfaz/td_Rango Fechas"), G_TimeOut): Object 'Object Repository/Modulo Tarea Administracion Compensacion/Generacion interfaz/td_Rango Fechas' is clickable

2021-11-22 09:19:31 - [MESSAGE][PASSED] - Object 'Object Repository/Modulo Tarea Administracion Compensacion/Generacion interfaz/td_Rango Fechas' is clickable

2021-11-22 09:19:31 - [TEST_STEP][PASSED] - click(findTestObject("Modulo Tarea Administracion Compensacion/Generacion interfaz/td_Rango Fechas")): Object: 'Object Repository/Modulo Tarea Administracion Compensacion/Generacion interfaz/td_Rango Fechas' is clicked on

2021-11-22 09:19:32 - [MESSAGE][PASSED] - Object: 'Object Repository/Modulo Tarea Administracion Compensacion/Generacion interfaz/td_Rango Fechas' is clicked on

2021-11-22 09:19:32 - [TEST_STEP][PASSED] - setText(findTestObject("Modulo Tarea Administracion Compensacion/Generacion interfaz/input_Fecha Proceso_popupGeneracion"), "01/01/2021"): Text '01/01/2021' is set on object 'Object Repository/Modulo Tarea Administracion Compensacion/Generacion interfaz/input_Fecha Proceso_popupGeneracion'

2021-11-22 09:19:32 - [MESSAGE][PASSED] - Text '01/01/2021' is set on object 'Object Repository/Modulo Tarea Administracion Compensacion/Generacion interfaz/input_Fecha Proceso_popupGeneracion'

2021-11-22 09:19:32 - [TEST_STEP][PASSED] - waitForElementClickable(findTestObject("Modulo Tarea Administracion Compensacion/Generacion interfaz/span_Generar (1)"), G_TimeOut): Object 'Object Repository/Modulo Tarea Administracion Compensacion/Generacion interfaz/span_Generar (1)' is clickable

2021-11-22 09:19:33 - [MESSAGE][PASSED] - Object 'Object Repository/Modulo Tarea Administracion Compensacion/Generacion interfaz/span_Generar (1)' is clickable

2021-11-22 09:19:33 - [TEST_STEP][PASSED] - click(findTestObject("Modulo Tarea Administracion Compensacion/Generacion interfaz/span_Generar (1)")): Object: 'Object Repository/Modulo Tarea Administracion Compensacion/Generacion interfaz/span_Generar (1)' is clicked on

2021-11-22 09:19:33 - [MESSAGE][PASSED] - Object: 'Object Repository/Modulo Tarea Administracion Compensacion/Generacion interfaz/span_Generar (1)' is clicked on

2021-11-22 09:19:33 - [TEST_STEP][PASSED] - click(findTestObject("Modulo Tarea Administracion Compensacion/Generacion interfaz/a_Si")): Object: 'Object Repository/Modulo Tarea Administracion Compensacion/Generacion interfaz/a_Si' is clicked on

2021-11-22 09:19:34 - [MESSAGE][PASSED] - Object: 'Object Repository/Modulo Tarea Administracion Compensacion/Generacion interfaz/a_Si' is clicked on

2021-11-22 09:19:34 - [TEST_STEP][PASSED] - delay(7): Delayed 7 second(s)

2021-11-22 09:19:41 - [MESSAGE][PASSED] - Delayed 7 second(s)

2021-11-22 09:19:41 - [TEST_STEP][PASSED] - if (findTestObject("Modulo Tarea Administracion Compensacion/Generacion interfaz/a_Continuar") == true && click(findTestObject("Modulo Tarea Administracion Compensacion/Generacion interfaz/span_Interfaz")) == false): null

2021-11-22 09:19:41 - [TEST_STEP][PASSED] - else: Browser is closed

2021-11-22 09:19:41 - [TEST_STEP][PASSED] - closeBrowser(): Browser is closed

2021-11-22 09:19:43 - [MESSAGE][PASSED] - Browser is closed

2021-11-22 09:19:43 - [TEST_STEP][PASSED] - closeBrowser(): Browser is closed

2021-11-22 09:19:43 - [MESSAGE][PASSED] - Browser is closed]]></system-out>
         <system-err><![CDATA[]]></system-err>
      </testcase>
      <testcase name="Test Cases/1.1-Tareas Principales/1.4.4-Crear Puesto de Trabajo" time="57.191" classname="Test Cases/1.1-Tareas Principales/1.4.4-Crear Puesto de Trabajo" status="FAILED">
         <failure type="FAILED" message="Test Cases/1.1-Tareas Principales/1.4.4-Crear Puesto de Trabajo FAILED.
Reason:
com.kms.katalon.core.exception.StepFailedException: Unable to click on object 'Object Repository/Modulo Tarea Administracion Compensacion/Creacion Puesto de Trabajo/a_Administracion'
	at com.kms.katalon.core.webui.keyword.internal.WebUIKeywordMain.stepFailed(WebUIKeywordMain.groovy:64)
	at com.kms.katalon.core.webui.keyword.internal.WebUIKeywordMain.runKeyword(WebUIKeywordMain.groovy:26)
	at com.kms.katalon.core.webui.keyword.builtin.ClickKeyword.click(ClickKeyword.groovy:74)
	at com.kms.katalon.core.webui.keyword.builtin.ClickKeyword.execute(ClickKeyword.groovy:40)
	at com.kms.katalon.core.keyword.internal.KeywordExecutor.executeKeywordForPlatform(KeywordExecutor.groovy:74)
	at com.kms.katalon.core.webui.keyword.WebUiBuiltInKeywords.click(WebUiBuiltInKeywords.groovy:620)
	at com.kms.katalon.core.webui.keyword.WebUiBuiltInKeywords$click$5.call(Unknown Source)
	at 1.4.4-Crear Puesto de Trabajo.run(1.4.4-Crear Puesto de Trabajo:26)
	at com.kms.katalon.core.main.ScriptEngine.run(ScriptEngine.java:194)
	at com.kms.katalon.core.main.ScriptEngine.runScriptAsRawText(ScriptEngine.java:119)
	at com.kms.katalon.core.main.TestCaseExecutor.runScript(TestCaseExecutor.java:442)
	at com.kms.katalon.core.main.TestCaseExecutor.doExecute(TestCaseExecutor.java:433)
	at com.kms.katalon.core.main.TestCaseExecutor.processExecutionPhase(TestCaseExecutor.java:412)
	at com.kms.katalon.core.main.TestCaseExecutor.accessMainPhase(TestCaseExecutor.java:404)
	at com.kms.katalon.core.main.TestCaseExecutor.execute(TestCaseExecutor.java:281)
	at com.kms.katalon.core.main.TestSuiteExecutor.accessTestCaseMainPhase(TestSuiteExecutor.java:202)
	at com.kms.katalon.core.main.TestSuiteExecutor.accessTestSuiteMainPhase(TestSuiteExecutor.java:164)
	at com.kms.katalon.core.main.TestSuiteExecutor.execute(TestSuiteExecutor.java:105)
	at com.kms.katalon.core.main.TestCaseMain.startTestSuite(TestCaseMain.java:181)
	at com.kms.katalon.core.main.TestCaseMain$startTestSuite$0.call(Unknown Source)
	at TempTestSuite1637588847917.run(TempTestSuite1637588847917.groovy:36)
Caused by: com.kms.katalon.core.webui.exception.WebElementNotFoundException: Web element with id: 'Object Repository/Modulo Tarea Administracion Compensacion/Creacion Puesto de Trabajo/a_Administracion' located by '//li[2]/ul/li/span/span[3]/a' not found
	at com.kms.katalon.core.webui.common.WebUiCommonHelper.findWebElement(WebUiCommonHelper.java:1368)
	at com.kms.katalon.core.webui.keyword.internal.WebUIAbstractKeyword.findWebElement(WebUIAbstractKeyword.groovy:27)
	at com.kms.katalon.core.webui.keyword.builtin.ClickKeyword$_click_closure1.doCall(ClickKeyword.groovy:65)
	at com.kms.katalon.core.webui.keyword.builtin.ClickKeyword$_click_closure1.call(ClickKeyword.groovy)
	at com.kms.katalon.core.webui.keyword.internal.WebUIKeywordMain.runKeyword(WebUIKeywordMain.groovy:20)
	... 19 more
"/>
         <system-out><![CDATA[2021-11-22 09:19:43 - [TEST_CASE][FAILED] - Test Cases/1.1-Tareas Principales/1.4.4-Crear Puesto de Trabajo: Test Cases/1.1-Tareas Principales/1.4.4-Crear Puesto de Trabajo FAILED.
Reason:
com.kms.katalon.core.exception.StepFailedException: Unable to click on object 'Object Repository/Modulo Tarea Administracion Compensacion/Creacion Puesto de Trabajo/a_Administracion'
	at com.kms.katalon.core.webui.keyword.internal.WebUIKeywordMain.stepFailed(WebUIKeywordMain.groovy:64)
	at com.kms.katalon.core.webui.keyword.internal.WebUIKeywordMain.runKeyword(WebUIKeywordMain.groovy:26)
	at com.kms.katalon.core.webui.keyword.builtin.ClickKeyword.click(ClickKeyword.groovy:74)
	at com.kms.katalon.core.webui.keyword.builtin.ClickKeyword.execute(ClickKeyword.groovy:40)
	at com.kms.katalon.core.keyword.internal.KeywordExecutor.executeKeywordForPlatform(KeywordExecutor.groovy:74)
	at com.kms.katalon.core.webui.keyword.WebUiBuiltInKeywords.click(WebUiBuiltInKeywords.groovy:620)
	at com.kms.katalon.core.webui.keyword.WebUiBuiltInKeywords$click$5.call(Unknown Source)
	at 1.4.4-Crear Puesto de Trabajo.run(1.4.4-Crear Puesto de Trabajo:26)
	at com.kms.katalon.core.main.ScriptEngine.run(ScriptEngine.java:194)
	at com.kms.katalon.core.main.ScriptEngine.runScriptAsRawText(ScriptEngine.java:119)
	at com.kms.katalon.core.main.TestCaseExecutor.runScript(TestCaseExecutor.java:442)
	at com.kms.katalon.core.main.TestCaseExecutor.doExecute(TestCaseExecutor.java:433)
	at com.kms.katalon.core.main.TestCaseExecutor.processExecutionPhase(TestCaseExecutor.java:412)
	at com.kms.katalon.core.main.TestCaseExecutor.accessMainPhase(TestCaseExecutor.java:404)
	at com.kms.katalon.core.main.TestCaseExecutor.execute(TestCaseExecutor.java:281)
	at com.kms.katalon.core.main.TestSuiteExecutor.accessTestCaseMainPhase(TestSuiteExecutor.java:202)
	at com.kms.katalon.core.main.TestSuiteExecutor.accessTestSuiteMainPhase(TestSuiteExecutor.java:164)
	at com.kms.katalon.core.main.TestSuiteExecutor.execute(TestSuiteExecutor.java:105)
	at com.kms.katalon.core.main.TestCaseMain.startTestSuite(TestCaseMain.java:181)
	at com.kms.katalon.core.main.TestCaseMain$startTestSuite$0.call(Unknown Source)
	at TempTestSuite1637588847917.run(TempTestSuite1637588847917.groovy:36)
Caused by: com.kms.katalon.core.webui.exception.WebElementNotFoundException: Web element with id: 'Object Repository/Modulo Tarea Administracion Compensacion/Creacion Puesto de Trabajo/a_Administracion' located by '//li[2]/ul/li/span/span[3]/a' not found
	at com.kms.katalon.core.webui.common.WebUiCommonHelper.findWebElement(WebUiCommonHelper.java:1368)
	at com.kms.katalon.core.webui.keyword.internal.WebUIAbstractKeyword.findWebElement(WebUIAbstractKeyword.groovy:27)
	at com.kms.katalon.core.webui.keyword.builtin.ClickKeyword$_click_closure1.doCall(ClickKeyword.groovy:65)
	at com.kms.katalon.core.webui.keyword.builtin.ClickKeyword$_click_closure1.call(ClickKeyword.groovy)
	at com.kms.katalon.core.webui.keyword.internal.WebUIKeywordMain.runKeyword(WebUIKeywordMain.groovy:20)
	... 19 more


2021-11-22 09:19:43 - [TEST_STEP][PASSED] - callTestCase(findTestCase("Hutilidades/Tareas Administracion Compensacion/Tarea Planta Personal"), [:], STOP_ON_FAILURE): Call Test Case 'Test Cases/Hutilidades/Tareas Administracion Compensacion/Tarea Planta Personal' successfully

2021-11-22 09:19:43 - [TEST_CASE][PASSED] - Test Cases/Hutilidades/Tareas Administracion Compensacion/Tarea Planta Personal: Test Cases/Hutilidades/Tareas Administracion Compensacion/Tarea Planta Personal

2021-11-22 09:19:43 - [TEST_STEP][PASSED] - callTestCase(findTestCase("0.1-Login"), [:], STOP_ON_FAILURE): Call Test Case 'Test Cases/0.1-Login' successfully

2021-11-22 09:19:43 - [TEST_CASE][PASSED] - Test Cases/0.1-Login: Test Cases/0.1-Login

2021-11-22 09:19:43 - [TEST_STEP][PASSED] - openBrowser(""): Browser is opened with url: ''

2021-11-22 09:19:43 - [MESSAGE][INFO] - Starting 'Edge Chromium' driver

2021-11-22 09:19:46 - [MESSAGE][INFO] - Action delay is set to 0 milliseconds

2021-11-22 09:19:46 - [MESSAGE][PASSED] - Browser is opened with url: ''

2021-11-22 09:19:46 - [TEST_STEP][PASSED] - maximizeWindow(): Current window maximized

2021-11-22 09:19:47 - [MESSAGE][PASSED] - Current window maximized

2021-11-22 09:19:47 - [TEST_STEP][PASSED] - i = G_Login: null

2021-11-22 09:19:47 - [TEST_STEP][PASSED] - url = new java.net.URL(i): null

2021-11-22 09:19:47 - [TEST_STEP][PASSED] - println("URL: " + url.toString()): null

2021-11-22 09:19:47 - [TEST_STEP][PASSED] - connection = url.openConnection(): null

2021-11-22 09:19:47 - [TEST_STEP][PASSED] - connection.setRequestMethod("GET"): null

2021-11-22 09:19:47 - [TEST_STEP][PASSED] - connection.setReadTimeout(2 * 1000): null

2021-11-22 09:19:47 - [TEST_STEP][PASSED] - try: null

2021-11-22 09:19:47 - [TEST_STEP][PASSED] - connection.connect(): null

2021-11-22 09:19:47 - [TEST_STEP][PASSED] - flag = connected: null

2021-11-22 09:19:47 - [TEST_STEP][PASSED] - println("Valor_ori: " + flag): null

2021-11-22 09:19:47 - [TEST_STEP][PASSED] - if (flag): null

2021-11-22 09:19:47 - [TEST_STEP][PASSED] - navigateToUrl(i): Navigate to 'http://localhost:8380/saraweb/' successfully

2021-11-22 09:19:48 - [MESSAGE][PASSED] - Navigate to 'http://localhost:8380/saraweb/' successfully

2021-11-22 09:19:48 - [TEST_STEP][PASSED] - a(): null

2021-11-22 09:19:48 - [TEST_STEP][PASSED] - setText(findTestObject("Login/input_USUARIO_loginusuario"), G_Usuario): Text 'saraadmin' is set on object 'Object Repository/Login/input_USUARIO_loginusuario'

2021-11-22 09:19:49 - [MESSAGE][PASSED] - Text 'saraadmin' is set on object 'Object Repository/Login/input_USUARIO_loginusuario'

2021-11-22 09:19:49 - [TEST_STEP][PASSED] - setEncryptedText(findTestObject("Login/input_CLAVE_loginpassword"), "MkG4/TYiCFC3cb2driP7+Q=="): Text ****** has been set on object 'Object Repository/Login/input_CLAVE_loginpassword'

2021-11-22 09:19:49 - [MESSAGE][PASSED] - Text ****** has been set on object 'Object Repository/Login/input_CLAVE_loginpassword'

2021-11-22 09:19:49 - [TEST_STEP][PASSED] - waitForElementClickable(findTestObject("Login/a_Ingresar"), G_TimeOut): Object 'Object Repository/Login/a_Ingresar' is clickable

2021-11-22 09:19:50 - [MESSAGE][PASSED] - Object 'Object Repository/Login/a_Ingresar' is clickable

2021-11-22 09:19:50 - [TEST_STEP][PASSED] - click(findTestObject("Login/a_Ingresar")): Object: 'Object Repository/Login/a_Ingresar' is clicked on

2021-11-22 09:19:52 - [MESSAGE][PASSED] - Object: 'Object Repository/Login/a_Ingresar' is clicked on

2021-11-22 09:19:52 - [TEST_STEP][PASSED] - element = findWebElement(findTestObject("Login/a_Ir"), 30): null

2021-11-22 09:19:52 - [TEST_STEP][PASSED] - executeJavaScript("arguments[0].click()", Arrays.asList(element)): Execute JavaScript 'arguments[0].click()' successfully

2021-11-22 09:19:52 - [MESSAGE][PASSED] - Execute JavaScript 'arguments[0].click()' successfully

2021-11-22 09:19:52 - [MESSAGE][PASSED] - Call Test Case 'Test Cases/0.1-Login' successfully

2021-11-22 09:19:52 - [TEST_STEP][PASSED] - delay(2): Delayed 2 second(s)

2021-11-22 09:19:54 - [MESSAGE][PASSED] - Delayed 2 second(s)

2021-11-22 09:19:54 - [TEST_STEP][PASSED] - setText(findTestObject("Modulo Tarea Administracion Compensacion/Tarea Planta Personal/input_Ir_nav_t66_input"), "Planta Personal"): Text 'Planta Personal' is set on object 'Object Repository/Modulo Tarea Administracion Compensacion/Tarea Planta Personal/input_Ir_nav_t66_input'

2021-11-22 09:19:55 - [MESSAGE][PASSED] - Text 'Planta Personal' is set on object 'Object Repository/Modulo Tarea Administracion Compensacion/Tarea Planta Personal/input_Ir_nav_t66_input'

2021-11-22 09:19:55 - [TEST_STEP][PASSED] - delay(2): Delayed 2 second(s)

2021-11-22 09:19:57 - [MESSAGE][PASSED] - Delayed 2 second(s)

2021-11-22 09:19:57 - [TEST_STEP][PASSED] - sendKeys(findTestObject("Modulo Tarea Administracion Compensacion/Tarea Planta Personal/input_Ir_nav_t66_input"), Keys.chord(ENTER)): Keys 'ENTER + ' sent to object: 'Object Repository/Modulo Tarea Administracion Compensacion/Tarea Planta Personal/input_Ir_nav_t66_input'

2021-11-22 09:19:57 - [MESSAGE][PASSED] - Keys 'ENTER + ' sent to object: 'Object Repository/Modulo Tarea Administracion Compensacion/Tarea Planta Personal/input_Ir_nav_t66_input'

2021-11-22 09:19:57 - [MESSAGE][PASSED] - Call Test Case 'Test Cases/Hutilidades/Tareas Administracion Compensacion/Tarea Planta Personal' successfully

2021-11-22 09:19:57 - [TEST_STEP][PASSED] - waitForElementClickable(findTestObject("Modulo Tarea Administracion Compensacion/Creacion Puesto de Trabajo/a_Administracion"), G_TimeOut): Web element with id: 'Object Repository/Modulo Tarea Administracion Compensacion/Creacion Puesto de Trabajo/a_Administracion' located by '//li[2]/ul/li/span/span[3]/a' not found

2021-11-22 09:20:08 - [MESSAGE][INFO] - Unable to find the element located by 'By.xpath: //li[2]/ul/li/span/span[3]/a'. Please recheck the objects properties to make sure the desired element is located. 

2021-11-22 09:20:08 - [MESSAGE][WARNING] - Web element with id: 'Object Repository/Modulo Tarea Administracion Compensacion/Creacion Puesto de Trabajo/a_Administracion' located by '//li[2]/ul/li/span/span[3]/a' not found

2021-11-22 09:20:08 - [TEST_STEP][FAILED] - click(findTestObject("Modulo Tarea Administracion Compensacion/Creacion Puesto de Trabajo/a_Administracion")): Unable to click on object 'Object Repository/Modulo Tarea Administracion Compensacion/Creacion Puesto de Trabajo/a_Administracion' (Root cause: com.kms.katalon.core.exception.StepFailedException: Unable to click on object 'Object Repository/Modulo Tarea Administracion Compensacion/Creacion Puesto de Trabajo/a_Administracion'
	at com.kms.katalon.core.webui.keyword.internal.WebUIKeywordMain.stepFailed(WebUIKeywordMain.groovy:64)
	at com.kms.katalon.core.webui.keyword.internal.WebUIKeywordMain.runKeyword(WebUIKeywordMain.groovy:26)
	at com.kms.katalon.core.webui.keyword.builtin.ClickKeyword.click(ClickKeyword.groovy:74)
	at com.kms.katalon.core.webui.keyword.builtin.ClickKeyword.execute(ClickKeyword.groovy:40)
	at com.kms.katalon.core.keyword.internal.KeywordExecutor.executeKeywordForPlatform(KeywordExecutor.groovy:74)
	at com.kms.katalon.core.webui.keyword.WebUiBuiltInKeywords.click(WebUiBuiltInKeywords.groovy:620)
	at com.kms.katalon.core.webui.keyword.WebUiBuiltInKeywords$click$5.call(Unknown Source)
	at 1.4.4-Crear Puesto de Trabajo.run(1.4.4-Crear Puesto de Trabajo:26)
	at com.kms.katalon.core.main.ScriptEngine.run(ScriptEngine.java:194)
	at com.kms.katalon.core.main.ScriptEngine.runScriptAsRawText(ScriptEngine.java:119)
	at com.kms.katalon.core.main.TestCaseExecutor.runScript(TestCaseExecutor.java:442)
	at com.kms.katalon.core.main.TestCaseExecutor.doExecute(TestCaseExecutor.java:433)
	at com.kms.katalon.core.main.TestCaseExecutor.processExecutionPhase(TestCaseExecutor.java:412)
	at com.kms.katalon.core.main.TestCaseExecutor.accessMainPhase(TestCaseExecutor.java:404)
	at com.kms.katalon.core.main.TestCaseExecutor.execute(TestCaseExecutor.java:281)
	at com.kms.katalon.core.main.TestSuiteExecutor.accessTestCaseMainPhase(TestSuiteExecutor.java:202)
	at com.kms.katalon.core.main.TestSuiteExecutor.accessTestSuiteMainPhase(TestSuiteExecutor.java:164)
	at com.kms.katalon.core.main.TestSuiteExecutor.execute(TestSuiteExecutor.java:105)
	at com.kms.katalon.core.main.TestCaseMain.startTestSuite(TestCaseMain.java:181)
	at com.kms.katalon.core.main.TestCaseMain$startTestSuite$0.call(Unknown Source)
	at TempTestSuite1637588847917.run(TempTestSuite1637588847917.groovy:36)
Caused by: com.kms.katalon.core.webui.exception.WebElementNotFoundException: Web element with id: 'Object Repository/Modulo Tarea Administracion Compensacion/Creacion Puesto de Trabajo/a_Administracion' located by '//li[2]/ul/li/span/span[3]/a' not found
	at com.kms.katalon.core.webui.common.WebUiCommonHelper.findWebElement(WebUiCommonHelper.java:1368)
	at com.kms.katalon.core.webui.keyword.internal.WebUIAbstractKeyword.findWebElement(WebUIAbstractKeyword.groovy:27)
	at com.kms.katalon.core.webui.keyword.builtin.ClickKeyword$_click_closure1.doCall(ClickKeyword.groovy:65)
	at com.kms.katalon.core.webui.keyword.builtin.ClickKeyword$_click_closure1.call(ClickKeyword.groovy)
	at com.kms.katalon.core.webui.keyword.internal.WebUIKeywordMain.runKeyword(WebUIKeywordMain.groovy:20)
	at com.kms.katalon.core.webui.keyword.builtin.ClickKeyword.click(ClickKeyword.groovy:74)
	at com.kms.katalon.core.webui.keyword.builtin.ClickKeyword.execute(ClickKeyword.groovy:40)
	at com.kms.katalon.core.keyword.internal.KeywordExecutor.executeKeywordForPlatform(KeywordExecutor.groovy:74)
	at com.kms.katalon.core.webui.keyword.WebUiBuiltInKeywords.click(WebUiBuiltInKeywords.groovy:620)
	at com.kms.katalon.core.webui.keyword.WebUiBuiltInKeywords$click$5.call(Unknown Source)
	at Script1548866424668.run(Script1548866424668.groovy:26)
	... 13 more
)

2021-11-22 09:20:40 - [MESSAGE][INFO] - Unable to find the element located by 'By.xpath: //li[2]/ul/li/span/span[3]/a'. Please recheck the objects properties to make sure the desired element is located. 

2021-11-22 09:20:40 - [MESSAGE][FAILED] - Unable to click on object 'Object Repository/Modulo Tarea Administracion Compensacion/Creacion Puesto de Trabajo/a_Administracion' (Root cause: com.kms.katalon.core.exception.StepFailedException: Unable to click on object 'Object Repository/Modulo Tarea Administracion Compensacion/Creacion Puesto de Trabajo/a_Administracion'
	at com.kms.katalon.core.webui.keyword.internal.WebUIKeywordMain.stepFailed(WebUIKeywordMain.groovy:64)
	at com.kms.katalon.core.webui.keyword.internal.WebUIKeywordMain.runKeyword(WebUIKeywordMain.groovy:26)
	at com.kms.katalon.core.webui.keyword.builtin.ClickKeyword.click(ClickKeyword.groovy:74)
	at com.kms.katalon.core.webui.keyword.builtin.ClickKeyword.execute(ClickKeyword.groovy:40)
	at com.kms.katalon.core.keyword.internal.KeywordExecutor.executeKeywordForPlatform(KeywordExecutor.groovy:74)
	at com.kms.katalon.core.webui.keyword.WebUiBuiltInKeywords.click(WebUiBuiltInKeywords.groovy:620)
	at com.kms.katalon.core.webui.keyword.WebUiBuiltInKeywords$click$5.call(Unknown Source)
	at 1.4.4-Crear Puesto de Trabajo.run(1.4.4-Crear Puesto de Trabajo:26)
	at com.kms.katalon.core.main.ScriptEngine.run(ScriptEngine.java:194)
	at com.kms.katalon.core.main.ScriptEngine.runScriptAsRawText(ScriptEngine.java:119)
	at com.kms.katalon.core.main.TestCaseExecutor.runScript(TestCaseExecutor.java:442)
	at com.kms.katalon.core.main.TestCaseExecutor.doExecute(TestCaseExecutor.java:433)
	at com.kms.katalon.core.main.TestCaseExecutor.processExecutionPhase(TestCaseExecutor.java:412)
	at com.kms.katalon.core.main.TestCaseExecutor.accessMainPhase(TestCaseExecutor.java:404)
	at com.kms.katalon.core.main.TestCaseExecutor.execute(TestCaseExecutor.java:281)
	at com.kms.katalon.core.main.TestSuiteExecutor.accessTestCaseMainPhase(TestSuiteExecutor.java:202)
	at com.kms.katalon.core.main.TestSuiteExecutor.accessTestSuiteMainPhase(TestSuiteExecutor.java:164)
	at com.kms.katalon.core.main.TestSuiteExecutor.execute(TestSuiteExecutor.java:105)
	at com.kms.katalon.core.main.TestCaseMain.startTestSuite(TestCaseMain.java:181)
	at com.kms.katalon.core.main.TestCaseMain$startTestSuite$0.call(Unknown Source)
	at TempTestSuite1637588847917.run(TempTestSuite1637588847917.groovy:36)
Caused by: com.kms.katalon.core.webui.exception.WebElementNotFoundException: Web element with id: 'Object Repository/Modulo Tarea Administracion Compensacion/Creacion Puesto de Trabajo/a_Administracion' located by '//li[2]/ul/li/span/span[3]/a' not found
	at com.kms.katalon.core.webui.common.WebUiCommonHelper.findWebElement(WebUiCommonHelper.java:1368)
	at com.kms.katalon.core.webui.keyword.internal.WebUIAbstractKeyword.findWebElement(WebUIAbstractKeyword.groovy:27)
	at com.kms.katalon.core.webui.keyword.builtin.ClickKeyword$_click_closure1.doCall(ClickKeyword.groovy:65)
	at com.kms.katalon.core.webui.keyword.builtin.ClickKeyword$_click_closure1.call(ClickKeyword.groovy)
	at com.kms.katalon.core.webui.keyword.internal.WebUIKeywordMain.runKeyword(WebUIKeywordMain.groovy:20)
	at com.kms.katalon.core.webui.keyword.builtin.ClickKeyword.click(ClickKeyword.groovy:74)
	at com.kms.katalon.core.webui.keyword.builtin.ClickKeyword.execute(ClickKeyword.groovy:40)
	at com.kms.katalon.core.keyword.internal.KeywordExecutor.executeKeywordForPlatform(KeywordExecutor.groovy:74)
	at com.kms.katalon.core.webui.keyword.WebUiBuiltInKeywords.click(WebUiBuiltInKeywords.groovy:620)
	at com.kms.katalon.core.webui.keyword.WebUiBuiltInKeywords$click$5.call(Unknown Source)
	at Script1548866424668.run(Script1548866424668.groovy:26)
	... 13 more
)
[[ATTACHMENT|C:\\Users\\diego.rojas\\git\\Pruebas-Minimas\\Reports\\20211122_084727\\Tareas Principales\\20211122_084727\\1637590840088.png]]]]></system-out>
         <system-err><![CDATA[2021-11-22 09:19:43 - [TEST_CASE][FAILED] - Test Cases/1.1-Tareas Principales/1.4.4-Crear Puesto de Trabajo: Test Cases/1.1-Tareas Principales/1.4.4-Crear Puesto de Trabajo FAILED.
Reason:
com.kms.katalon.core.exception.StepFailedException: Unable to click on object 'Object Repository/Modulo Tarea Administracion Compensacion/Creacion Puesto de Trabajo/a_Administracion'
	at com.kms.katalon.core.webui.keyword.internal.WebUIKeywordMain.stepFailed(WebUIKeywordMain.groovy:64)
	at com.kms.katalon.core.webui.keyword.internal.WebUIKeywordMain.runKeyword(WebUIKeywordMain.groovy:26)
	at com.kms.katalon.core.webui.keyword.builtin.ClickKeyword.click(ClickKeyword.groovy:74)
	at com.kms.katalon.core.webui.keyword.builtin.ClickKeyword.execute(ClickKeyword.groovy:40)
	at com.kms.katalon.core.keyword.internal.KeywordExecutor.executeKeywordForPlatform(KeywordExecutor.groovy:74)
	at com.kms.katalon.core.webui.keyword.WebUiBuiltInKeywords.click(WebUiBuiltInKeywords.groovy:620)
	at com.kms.katalon.core.webui.keyword.WebUiBuiltInKeywords$click$5.call(Unknown Source)
	at 1.4.4-Crear Puesto de Trabajo.run(1.4.4-Crear Puesto de Trabajo:26)
	at com.kms.katalon.core.main.ScriptEngine.run(ScriptEngine.java:194)
	at com.kms.katalon.core.main.ScriptEngine.runScriptAsRawText(ScriptEngine.java:119)
	at com.kms.katalon.core.main.TestCaseExecutor.runScript(TestCaseExecutor.java:442)
	at com.kms.katalon.core.main.TestCaseExecutor.doExecute(TestCaseExecutor.java:433)
	at com.kms.katalon.core.main.TestCaseExecutor.processExecutionPhase(TestCaseExecutor.java:412)
	at com.kms.katalon.core.main.TestCaseExecutor.accessMainPhase(TestCaseExecutor.java:404)
	at com.kms.katalon.core.main.TestCaseExecutor.execute(TestCaseExecutor.java:281)
	at com.kms.katalon.core.main.TestSuiteExecutor.accessTestCaseMainPhase(TestSuiteExecutor.java:202)
	at com.kms.katalon.core.main.TestSuiteExecutor.accessTestSuiteMainPhase(TestSuiteExecutor.java:164)
	at com.kms.katalon.core.main.TestSuiteExecutor.execute(TestSuiteExecutor.java:105)
	at com.kms.katalon.core.main.TestCaseMain.startTestSuite(TestCaseMain.java:181)
	at com.kms.katalon.core.main.TestCaseMain$startTestSuite$0.call(Unknown Source)
	at TempTestSuite1637588847917.run(TempTestSuite1637588847917.groovy:36)
Caused by: com.kms.katalon.core.webui.exception.WebElementNotFoundException: Web element with id: 'Object Repository/Modulo Tarea Administracion Compensacion/Creacion Puesto de Trabajo/a_Administracion' located by '//li[2]/ul/li/span/span[3]/a' not found
	at com.kms.katalon.core.webui.common.WebUiCommonHelper.findWebElement(WebUiCommonHelper.java:1368)
	at com.kms.katalon.core.webui.keyword.internal.WebUIAbstractKeyword.findWebElement(WebUIAbstractKeyword.groovy:27)
	at com.kms.katalon.core.webui.keyword.builtin.ClickKeyword$_click_closure1.doCall(ClickKeyword.groovy:65)
	at com.kms.katalon.core.webui.keyword.builtin.ClickKeyword$_click_closure1.call(ClickKeyword.groovy)
	at com.kms.katalon.core.webui.keyword.internal.WebUIKeywordMain.runKeyword(WebUIKeywordMain.groovy:20)
	... 19 more]]></system-err>
      </testcase>
      <testcase name="Test Cases/1.1-Tareas Principales/1.4.5-Actualizacion de Datos en Puesto de Trabajo" time="78.858" classname="Test Cases/1.1-Tareas Principales/1.4.5-Actualizacion de Datos en Puesto de Trabajo" status="FAILED">
         <failure type="FAILED" message="Test Cases/1.1-Tareas Principales/1.4.5-Actualizacion de Datos en Puesto de Trabajo FAILED.
Reason:
com.kms.katalon.core.exception.StepFailedException: Unable to click on object 'Object Repository/Modulo Tarea Administracion Compensacion/Actualizacion de Datos en Puesto de Trabajo/span_Administracion'
	at com.kms.katalon.core.webui.keyword.internal.WebUIKeywordMain.stepFailed(WebUIKeywordMain.groovy:64)
	at com.kms.katalon.core.webui.keyword.internal.WebUIKeywordMain.runKeyword(WebUIKeywordMain.groovy:26)
	at com.kms.katalon.core.webui.keyword.builtin.ClickKeyword.click(ClickKeyword.groovy:74)
	at com.kms.katalon.core.webui.keyword.builtin.ClickKeyword.execute(ClickKeyword.groovy:40)
	at com.kms.katalon.core.keyword.internal.KeywordExecutor.executeKeywordForPlatform(KeywordExecutor.groovy:74)
	at com.kms.katalon.core.webui.keyword.WebUiBuiltInKeywords.click(WebUiBuiltInKeywords.groovy:620)
	at com.kms.katalon.core.webui.keyword.WebUiBuiltInKeywords$click$5.call(Unknown Source)
	at 1.4.5-Actualizacion de Datos en Puesto de Trabajo.run(1.4.5-Actualizacion de Datos en Puesto de Trabajo:31)
	at com.kms.katalon.core.main.ScriptEngine.run(ScriptEngine.java:194)
	at com.kms.katalon.core.main.ScriptEngine.runScriptAsRawText(ScriptEngine.java:119)
	at com.kms.katalon.core.main.TestCaseExecutor.runScript(TestCaseExecutor.java:442)
	at com.kms.katalon.core.main.TestCaseExecutor.doExecute(TestCaseExecutor.java:433)
	at com.kms.katalon.core.main.TestCaseExecutor.processExecutionPhase(TestCaseExecutor.java:412)
	at com.kms.katalon.core.main.TestCaseExecutor.accessMainPhase(TestCaseExecutor.java:404)
	at com.kms.katalon.core.main.TestCaseExecutor.execute(TestCaseExecutor.java:281)
	at com.kms.katalon.core.main.TestSuiteExecutor.accessTestCaseMainPhase(TestSuiteExecutor.java:202)
	at com.kms.katalon.core.main.TestSuiteExecutor.accessTestSuiteMainPhase(TestSuiteExecutor.java:164)
	at com.kms.katalon.core.main.TestSuiteExecutor.execute(TestSuiteExecutor.java:105)
	at com.kms.katalon.core.main.TestCaseMain.startTestSuite(TestCaseMain.java:181)
	at com.kms.katalon.core.main.TestCaseMain$startTestSuite$0.call(Unknown Source)
	at TempTestSuite1637588847917.run(TempTestSuite1637588847917.groovy:36)
Caused by: com.kms.katalon.core.webui.exception.WebElementNotFoundException: Web element with id: 'Object Repository/Modulo Tarea Administracion Compensacion/Actualizacion de Datos en Puesto de Trabajo/span_Administracion' located by '//a[@id='organigrama:arbolUnidad:0_1_0:j_idt63']/span' not found
	at com.kms.katalon.core.webui.common.WebUiCommonHelper.findWebElement(WebUiCommonHelper.java:1368)
	at com.kms.katalon.core.webui.keyword.internal.WebUIAbstractKeyword.findWebElement(WebUIAbstractKeyword.groovy:27)
	at com.kms.katalon.core.webui.keyword.builtin.ClickKeyword$_click_closure1.doCall(ClickKeyword.groovy:65)
	at com.kms.katalon.core.webui.keyword.builtin.ClickKeyword$_click_closure1.call(ClickKeyword.groovy)
	at com.kms.katalon.core.webui.keyword.internal.WebUIKeywordMain.runKeyword(WebUIKeywordMain.groovy:20)
	... 19 more
"/>
         <system-out><![CDATA[2021-11-22 09:20:40 - [TEST_CASE][FAILED] - Test Cases/1.1-Tareas Principales/1.4.5-Actualizacion de Datos en Puesto de Trabajo: Test Cases/1.1-Tareas Principales/1.4.5-Actualizacion de Datos en Puesto de Trabajo FAILED.
Reason:
com.kms.katalon.core.exception.StepFailedException: Unable to click on object 'Object Repository/Modulo Tarea Administracion Compensacion/Actualizacion de Datos en Puesto de Trabajo/span_Administracion'
	at com.kms.katalon.core.webui.keyword.internal.WebUIKeywordMain.stepFailed(WebUIKeywordMain.groovy:64)
	at com.kms.katalon.core.webui.keyword.internal.WebUIKeywordMain.runKeyword(WebUIKeywordMain.groovy:26)
	at com.kms.katalon.core.webui.keyword.builtin.ClickKeyword.click(ClickKeyword.groovy:74)
	at com.kms.katalon.core.webui.keyword.builtin.ClickKeyword.execute(ClickKeyword.groovy:40)
	at com.kms.katalon.core.keyword.internal.KeywordExecutor.executeKeywordForPlatform(KeywordExecutor.groovy:74)
	at com.kms.katalon.core.webui.keyword.WebUiBuiltInKeywords.click(WebUiBuiltInKeywords.groovy:620)
	at com.kms.katalon.core.webui.keyword.WebUiBuiltInKeywords$click$5.call(Unknown Source)
	at 1.4.5-Actualizacion de Datos en Puesto de Trabajo.run(1.4.5-Actualizacion de Datos en Puesto de Trabajo:31)
	at com.kms.katalon.core.main.ScriptEngine.run(ScriptEngine.java:194)
	at com.kms.katalon.core.main.ScriptEngine.runScriptAsRawText(ScriptEngine.java:119)
	at com.kms.katalon.core.main.TestCaseExecutor.runScript(TestCaseExecutor.java:442)
	at com.kms.katalon.core.main.TestCaseExecutor.doExecute(TestCaseExecutor.java:433)
	at com.kms.katalon.core.main.TestCaseExecutor.processExecutionPhase(TestCaseExecutor.java:412)
	at com.kms.katalon.core.main.TestCaseExecutor.accessMainPhase(TestCaseExecutor.java:404)
	at com.kms.katalon.core.main.TestCaseExecutor.execute(TestCaseExecutor.java:281)
	at com.kms.katalon.core.main.TestSuiteExecutor.accessTestCaseMainPhase(TestSuiteExecutor.java:202)
	at com.kms.katalon.core.main.TestSuiteExecutor.accessTestSuiteMainPhase(TestSuiteExecutor.java:164)
	at com.kms.katalon.core.main.TestSuiteExecutor.execute(TestSuiteExecutor.java:105)
	at com.kms.katalon.core.main.TestCaseMain.startTestSuite(TestCaseMain.java:181)
	at com.kms.katalon.core.main.TestCaseMain$startTestSuite$0.call(Unknown Source)
	at TempTestSuite1637588847917.run(TempTestSuite1637588847917.groovy:36)
Caused by: com.kms.katalon.core.webui.exception.WebElementNotFoundException: Web element with id: 'Object Repository/Modulo Tarea Administracion Compensacion/Actualizacion de Datos en Puesto de Trabajo/span_Administracion' located by '//a[@id='organigrama:arbolUnidad:0_1_0:j_idt63']/span' not found
	at com.kms.katalon.core.webui.common.WebUiCommonHelper.findWebElement(WebUiCommonHelper.java:1368)
	at com.kms.katalon.core.webui.keyword.internal.WebUIAbstractKeyword.findWebElement(WebUIAbstractKeyword.groovy:27)
	at com.kms.katalon.core.webui.keyword.builtin.ClickKeyword$_click_closure1.doCall(ClickKeyword.groovy:65)
	at com.kms.katalon.core.webui.keyword.builtin.ClickKeyword$_click_closure1.call(ClickKeyword.groovy)
	at com.kms.katalon.core.webui.keyword.internal.WebUIKeywordMain.runKeyword(WebUIKeywordMain.groovy:20)
	... 19 more


2021-11-22 09:20:40 - [TEST_STEP][PASSED] - random_double = Math.random() * 9999 + 999: null

2021-11-22 09:20:40 - [TEST_STEP][PASSED] - random_double = Math.round(random_double * 100 + 1000000): null

2021-11-22 09:20:40 - [TEST_STEP][PASSED] - identificacion = toString().replace(".0", ""): null

2021-11-22 09:20:40 - [TEST_STEP][PASSED] - callTestCase(findTestCase("Hutilidades/Tareas Administracion Compensacion/Tarea Planta Personal"), [:], STOP_ON_FAILURE): Call Test Case 'Test Cases/Hutilidades/Tareas Administracion Compensacion/Tarea Planta Personal' successfully

2021-11-22 09:20:40 - [TEST_CASE][PASSED] - Test Cases/Hutilidades/Tareas Administracion Compensacion/Tarea Planta Personal: Test Cases/Hutilidades/Tareas Administracion Compensacion/Tarea Planta Personal

2021-11-22 09:20:40 - [TEST_STEP][PASSED] - callTestCase(findTestCase("0.1-Login"), [:], STOP_ON_FAILURE): Call Test Case 'Test Cases/0.1-Login' successfully

2021-11-22 09:20:40 - [TEST_CASE][PASSED] - Test Cases/0.1-Login: Test Cases/0.1-Login

2021-11-22 09:20:40 - [TEST_STEP][PASSED] - openBrowser(""): Browser is opened with url: ''

2021-11-22 09:20:40 - [MESSAGE][WARNING] - A browser is already opened. Closing browser and opening a new one

2021-11-22 09:20:41 - [MESSAGE][INFO] - Starting 'Edge Chromium' driver

2021-11-22 09:20:43 - [MESSAGE][INFO] - Action delay is set to 0 milliseconds

2021-11-22 09:20:44 - [MESSAGE][PASSED] - Browser is opened with url: ''

2021-11-22 09:20:44 - [TEST_STEP][PASSED] - maximizeWindow(): Current window maximized

2021-11-22 09:20:44 - [MESSAGE][PASSED] - Current window maximized

2021-11-22 09:20:44 - [TEST_STEP][PASSED] - i = G_Login: null

2021-11-22 09:20:44 - [TEST_STEP][PASSED] - url = new java.net.URL(i): null

2021-11-22 09:20:44 - [TEST_STEP][PASSED] - println("URL: " + url.toString()): null

2021-11-22 09:20:44 - [TEST_STEP][PASSED] - connection = url.openConnection(): null

2021-11-22 09:20:44 - [TEST_STEP][PASSED] - connection.setRequestMethod("GET"): null

2021-11-22 09:20:44 - [TEST_STEP][PASSED] - connection.setReadTimeout(2 * 1000): null

2021-11-22 09:20:44 - [TEST_STEP][PASSED] - try: null

2021-11-22 09:20:44 - [TEST_STEP][PASSED] - connection.connect(): null

2021-11-22 09:20:44 - [TEST_STEP][PASSED] - flag = connected: null

2021-11-22 09:20:44 - [TEST_STEP][PASSED] - println("Valor_ori: " + flag): null

2021-11-22 09:20:44 - [TEST_STEP][PASSED] - if (flag): null

2021-11-22 09:20:44 - [TEST_STEP][PASSED] - navigateToUrl(i): Navigate to 'http://localhost:8380/saraweb/' successfully

2021-11-22 09:20:46 - [MESSAGE][PASSED] - Navigate to 'http://localhost:8380/saraweb/' successfully

2021-11-22 09:20:46 - [TEST_STEP][PASSED] - a(): null

2021-11-22 09:20:46 - [TEST_STEP][PASSED] - setText(findTestObject("Login/input_USUARIO_loginusuario"), G_Usuario): Text 'saraadmin' is set on object 'Object Repository/Login/input_USUARIO_loginusuario'

2021-11-22 09:20:47 - [MESSAGE][PASSED] - Text 'saraadmin' is set on object 'Object Repository/Login/input_USUARIO_loginusuario'

2021-11-22 09:20:47 - [TEST_STEP][PASSED] - setEncryptedText(findTestObject("Login/input_CLAVE_loginpassword"), "MkG4/TYiCFC3cb2driP7+Q=="): Text ****** has been set on object 'Object Repository/Login/input_CLAVE_loginpassword'

2021-11-22 09:20:47 - [MESSAGE][PASSED] - Text ****** has been set on object 'Object Repository/Login/input_CLAVE_loginpassword'

2021-11-22 09:20:47 - [TEST_STEP][PASSED] - waitForElementClickable(findTestObject("Login/a_Ingresar"), G_TimeOut): Object 'Object Repository/Login/a_Ingresar' is clickable

2021-11-22 09:20:48 - [MESSAGE][PASSED] - Object 'Object Repository/Login/a_Ingresar' is clickable

2021-11-22 09:20:48 - [TEST_STEP][PASSED] - click(findTestObject("Login/a_Ingresar")): Object: 'Object Repository/Login/a_Ingresar' is clicked on

2021-11-22 09:20:50 - [MESSAGE][PASSED] - Object: 'Object Repository/Login/a_Ingresar' is clicked on

2021-11-22 09:20:50 - [TEST_STEP][PASSED] - element = findWebElement(findTestObject("Login/a_Ir"), 30): null

2021-11-22 09:20:51 - [TEST_STEP][PASSED] - executeJavaScript("arguments[0].click()", Arrays.asList(element)): Execute JavaScript 'arguments[0].click()' successfully

2021-11-22 09:20:51 - [MESSAGE][PASSED] - Execute JavaScript 'arguments[0].click()' successfully

2021-11-22 09:20:51 - [MESSAGE][PASSED] - Call Test Case 'Test Cases/0.1-Login' successfully

2021-11-22 09:20:51 - [TEST_STEP][PASSED] - delay(2): Delayed 2 second(s)

2021-11-22 09:20:53 - [MESSAGE][PASSED] - Delayed 2 second(s)

2021-11-22 09:20:53 - [TEST_STEP][PASSED] - setText(findTestObject("Modulo Tarea Administracion Compensacion/Tarea Planta Personal/input_Ir_nav_t66_input"), "Planta Personal"): Text 'Planta Personal' is set on object 'Object Repository/Modulo Tarea Administracion Compensacion/Tarea Planta Personal/input_Ir_nav_t66_input'

2021-11-22 09:20:54 - [MESSAGE][PASSED] - Text 'Planta Personal' is set on object 'Object Repository/Modulo Tarea Administracion Compensacion/Tarea Planta Personal/input_Ir_nav_t66_input'

2021-11-22 09:20:54 - [TEST_STEP][PASSED] - delay(2): Delayed 2 second(s)

2021-11-22 09:20:56 - [MESSAGE][PASSED] - Delayed 2 second(s)

2021-11-22 09:20:56 - [TEST_STEP][PASSED] - sendKeys(findTestObject("Modulo Tarea Administracion Compensacion/Tarea Planta Personal/input_Ir_nav_t66_input"), Keys.chord(ENTER)): Keys 'ENTER + ' sent to object: 'Object Repository/Modulo Tarea Administracion Compensacion/Tarea Planta Personal/input_Ir_nav_t66_input'

2021-11-22 09:20:56 - [MESSAGE][PASSED] - Keys 'ENTER + ' sent to object: 'Object Repository/Modulo Tarea Administracion Compensacion/Tarea Planta Personal/input_Ir_nav_t66_input'

2021-11-22 09:20:56 - [MESSAGE][PASSED] - Call Test Case 'Test Cases/Hutilidades/Tareas Administracion Compensacion/Tarea Planta Personal' successfully

2021-11-22 09:20:56 - [TEST_STEP][PASSED] - waitForElementClickable(findTestObject("Modulo Tarea Administracion Compensacion/Actualizacion de Datos en Puesto de Trabajo/span_Administracion"), 0): Web element with id: 'Object Repository/Modulo Tarea Administracion Compensacion/Actualizacion de Datos en Puesto de Trabajo/span_Administracion' located by '//a[@id='organigrama:arbolUnidad:0_1_0:j_idt63']/span' not found

2021-11-22 09:20:56 - [MESSAGE][WARNING] - Timeout '0' is invalid. Using default page load timeout: '30'

2021-11-22 09:21:27 - [MESSAGE][INFO] - Unable to find the element located by 'By.xpath: //a[@id='organigrama:arbolUnidad:0_1_0:j_idt63']/span'. Please recheck the objects properties to make sure the desired element is located. 

2021-11-22 09:21:27 - [MESSAGE][WARNING] - Web element with id: 'Object Repository/Modulo Tarea Administracion Compensacion/Actualizacion de Datos en Puesto de Trabajo/span_Administracion' located by '//a[@id='organigrama:arbolUnidad:0_1_0:j_idt63']/span' not found

2021-11-22 09:21:27 - [TEST_STEP][FAILED] - click(findTestObject("Modulo Tarea Administracion Compensacion/Actualizacion de Datos en Puesto de Trabajo/span_Administracion")): Unable to click on object 'Object Repository/Modulo Tarea Administracion Compensacion/Actualizacion de Datos en Puesto de Trabajo/span_Administracion' (Root cause: com.kms.katalon.core.exception.StepFailedException: Unable to click on object 'Object Repository/Modulo Tarea Administracion Compensacion/Actualizacion de Datos en Puesto de Trabajo/span_Administracion'
	at com.kms.katalon.core.webui.keyword.internal.WebUIKeywordMain.stepFailed(WebUIKeywordMain.groovy:64)
	at com.kms.katalon.core.webui.keyword.internal.WebUIKeywordMain.runKeyword(WebUIKeywordMain.groovy:26)
	at com.kms.katalon.core.webui.keyword.builtin.ClickKeyword.click(ClickKeyword.groovy:74)
	at com.kms.katalon.core.webui.keyword.builtin.ClickKeyword.execute(ClickKeyword.groovy:40)
	at com.kms.katalon.core.keyword.internal.KeywordExecutor.executeKeywordForPlatform(KeywordExecutor.groovy:74)
	at com.kms.katalon.core.webui.keyword.WebUiBuiltInKeywords.click(WebUiBuiltInKeywords.groovy:620)
	at com.kms.katalon.core.webui.keyword.WebUiBuiltInKeywords$click$5.call(Unknown Source)
	at 1.4.5-Actualizacion de Datos en Puesto de Trabajo.run(1.4.5-Actualizacion de Datos en Puesto de Trabajo:31)
	at com.kms.katalon.core.main.ScriptEngine.run(ScriptEngine.java:194)
	at com.kms.katalon.core.main.ScriptEngine.runScriptAsRawText(ScriptEngine.java:119)
	at com.kms.katalon.core.main.TestCaseExecutor.runScript(TestCaseExecutor.java:442)
	at com.kms.katalon.core.main.TestCaseExecutor.doExecute(TestCaseExecutor.java:433)
	at com.kms.katalon.core.main.TestCaseExecutor.processExecutionPhase(TestCaseExecutor.java:412)
	at com.kms.katalon.core.main.TestCaseExecutor.accessMainPhase(TestCaseExecutor.java:404)
	at com.kms.katalon.core.main.TestCaseExecutor.execute(TestCaseExecutor.java:281)
	at com.kms.katalon.core.main.TestSuiteExecutor.accessTestCaseMainPhase(TestSuiteExecutor.java:202)
	at com.kms.katalon.core.main.TestSuiteExecutor.accessTestSuiteMainPhase(TestSuiteExecutor.java:164)
	at com.kms.katalon.core.main.TestSuiteExecutor.execute(TestSuiteExecutor.java:105)
	at com.kms.katalon.core.main.TestCaseMain.startTestSuite(TestCaseMain.java:181)
	at com.kms.katalon.core.main.TestCaseMain$startTestSuite$0.call(Unknown Source)
	at TempTestSuite1637588847917.run(TempTestSuite1637588847917.groovy:36)
Caused by: com.kms.katalon.core.webui.exception.WebElementNotFoundException: Web element with id: 'Object Repository/Modulo Tarea Administracion Compensacion/Actualizacion de Datos en Puesto de Trabajo/span_Administracion' located by '//a[@id='organigrama:arbolUnidad:0_1_0:j_idt63']/span' not found
	at com.kms.katalon.core.webui.common.WebUiCommonHelper.findWebElement(WebUiCommonHelper.java:1368)
	at com.kms.katalon.core.webui.keyword.internal.WebUIAbstractKeyword.findWebElement(WebUIAbstractKeyword.groovy:27)
	at com.kms.katalon.core.webui.keyword.builtin.ClickKeyword$_click_closure1.doCall(ClickKeyword.groovy:65)
	at com.kms.katalon.core.webui.keyword.builtin.ClickKeyword$_click_closure1.call(ClickKeyword.groovy)
	at com.kms.katalon.core.webui.keyword.internal.WebUIKeywordMain.runKeyword(WebUIKeywordMain.groovy:20)
	at com.kms.katalon.core.webui.keyword.builtin.ClickKeyword.click(ClickKeyword.groovy:74)
	at com.kms.katalon.core.webui.keyword.builtin.ClickKeyword.execute(ClickKeyword.groovy:40)
	at com.kms.katalon.core.keyword.internal.KeywordExecutor.executeKeywordForPlatform(KeywordExecutor.groovy:74)
	at com.kms.katalon.core.webui.keyword.WebUiBuiltInKeywords.click(WebUiBuiltInKeywords.groovy:620)
	at com.kms.katalon.core.webui.keyword.WebUiBuiltInKeywords$click$5.call(Unknown Source)
	at Script1548866453227.run(Script1548866453227.groovy:31)
	... 13 more
)

2021-11-22 09:21:58 - [MESSAGE][INFO] - Unable to find the element located by 'By.xpath: //a[@id='organigrama:arbolUnidad:0_1_0:j_idt63']/span'. Please recheck the objects properties to make sure the desired element is located. 

2021-11-22 09:21:59 - [MESSAGE][FAILED] - Unable to click on object 'Object Repository/Modulo Tarea Administracion Compensacion/Actualizacion de Datos en Puesto de Trabajo/span_Administracion' (Root cause: com.kms.katalon.core.exception.StepFailedException: Unable to click on object 'Object Repository/Modulo Tarea Administracion Compensacion/Actualizacion de Datos en Puesto de Trabajo/span_Administracion'
	at com.kms.katalon.core.webui.keyword.internal.WebUIKeywordMain.stepFailed(WebUIKeywordMain.groovy:64)
	at com.kms.katalon.core.webui.keyword.internal.WebUIKeywordMain.runKeyword(WebUIKeywordMain.groovy:26)
	at com.kms.katalon.core.webui.keyword.builtin.ClickKeyword.click(ClickKeyword.groovy:74)
	at com.kms.katalon.core.webui.keyword.builtin.ClickKeyword.execute(ClickKeyword.groovy:40)
	at com.kms.katalon.core.keyword.internal.KeywordExecutor.executeKeywordForPlatform(KeywordExecutor.groovy:74)
	at com.kms.katalon.core.webui.keyword.WebUiBuiltInKeywords.click(WebUiBuiltInKeywords.groovy:620)
	at com.kms.katalon.core.webui.keyword.WebUiBuiltInKeywords$click$5.call(Unknown Source)
	at 1.4.5-Actualizacion de Datos en Puesto de Trabajo.run(1.4.5-Actualizacion de Datos en Puesto de Trabajo:31)
	at com.kms.katalon.core.main.ScriptEngine.run(ScriptEngine.java:194)
	at com.kms.katalon.core.main.ScriptEngine.runScriptAsRawText(ScriptEngine.java:119)
	at com.kms.katalon.core.main.TestCaseExecutor.runScript(TestCaseExecutor.java:442)
	at com.kms.katalon.core.main.TestCaseExecutor.doExecute(TestCaseExecutor.java:433)
	at com.kms.katalon.core.main.TestCaseExecutor.processExecutionPhase(TestCaseExecutor.java:412)
	at com.kms.katalon.core.main.TestCaseExecutor.accessMainPhase(TestCaseExecutor.java:404)
	at com.kms.katalon.core.main.TestCaseExecutor.execute(TestCaseExecutor.java:281)
	at com.kms.katalon.core.main.TestSuiteExecutor.accessTestCaseMainPhase(TestSuiteExecutor.java:202)
	at com.kms.katalon.core.main.TestSuiteExecutor.accessTestSuiteMainPhase(TestSuiteExecutor.java:164)
	at com.kms.katalon.core.main.TestSuiteExecutor.execute(TestSuiteExecutor.java:105)
	at com.kms.katalon.core.main.TestCaseMain.startTestSuite(TestCaseMain.java:181)
	at com.kms.katalon.core.main.TestCaseMain$startTestSuite$0.call(Unknown Source)
	at TempTestSuite1637588847917.run(TempTestSuite1637588847917.groovy:36)
Caused by: com.kms.katalon.core.webui.exception.WebElementNotFoundException: Web element with id: 'Object Repository/Modulo Tarea Administracion Compensacion/Actualizacion de Datos en Puesto de Trabajo/span_Administracion' located by '//a[@id='organigrama:arbolUnidad:0_1_0:j_idt63']/span' not found
	at com.kms.katalon.core.webui.common.WebUiCommonHelper.findWebElement(WebUiCommonHelper.java:1368)
	at com.kms.katalon.core.webui.keyword.internal.WebUIAbstractKeyword.findWebElement(WebUIAbstractKeyword.groovy:27)
	at com.kms.katalon.core.webui.keyword.builtin.ClickKeyword$_click_closure1.doCall(ClickKeyword.groovy:65)
	at com.kms.katalon.core.webui.keyword.builtin.ClickKeyword$_click_closure1.call(ClickKeyword.groovy)
	at com.kms.katalon.core.webui.keyword.internal.WebUIKeywordMain.runKeyword(WebUIKeywordMain.groovy:20)
	at com.kms.katalon.core.webui.keyword.builtin.ClickKeyword.click(ClickKeyword.groovy:74)
	at com.kms.katalon.core.webui.keyword.builtin.ClickKeyword.execute(ClickKeyword.groovy:40)
	at com.kms.katalon.core.keyword.internal.KeywordExecutor.executeKeywordForPlatform(KeywordExecutor.groovy:74)
	at com.kms.katalon.core.webui.keyword.WebUiBuiltInKeywords.click(WebUiBuiltInKeywords.groovy:620)
	at com.kms.katalon.core.webui.keyword.WebUiBuiltInKeywords$click$5.call(Unknown Source)
	at Script1548866453227.run(Script1548866453227.groovy:31)
	... 13 more
)
[[ATTACHMENT|C:\\Users\\diego.rojas\\git\\Pruebas-Minimas\\Reports\\20211122_084727\\Tareas Principales\\20211122_084727\\1637590918951.png]]]]></system-out>
         <system-err><![CDATA[2021-11-22 09:20:40 - [TEST_CASE][FAILED] - Test Cases/1.1-Tareas Principales/1.4.5-Actualizacion de Datos en Puesto de Trabajo: Test Cases/1.1-Tareas Principales/1.4.5-Actualizacion de Datos en Puesto de Trabajo FAILED.
Reason:
com.kms.katalon.core.exception.StepFailedException: Unable to click on object 'Object Repository/Modulo Tarea Administracion Compensacion/Actualizacion de Datos en Puesto de Trabajo/span_Administracion'
	at com.kms.katalon.core.webui.keyword.internal.WebUIKeywordMain.stepFailed(WebUIKeywordMain.groovy:64)
	at com.kms.katalon.core.webui.keyword.internal.WebUIKeywordMain.runKeyword(WebUIKeywordMain.groovy:26)
	at com.kms.katalon.core.webui.keyword.builtin.ClickKeyword.click(ClickKeyword.groovy:74)
	at com.kms.katalon.core.webui.keyword.builtin.ClickKeyword.execute(ClickKeyword.groovy:40)
	at com.kms.katalon.core.keyword.internal.KeywordExecutor.executeKeywordForPlatform(KeywordExecutor.groovy:74)
	at com.kms.katalon.core.webui.keyword.WebUiBuiltInKeywords.click(WebUiBuiltInKeywords.groovy:620)
	at com.kms.katalon.core.webui.keyword.WebUiBuiltInKeywords$click$5.call(Unknown Source)
	at 1.4.5-Actualizacion de Datos en Puesto de Trabajo.run(1.4.5-Actualizacion de Datos en Puesto de Trabajo:31)
	at com.kms.katalon.core.main.ScriptEngine.run(ScriptEngine.java:194)
	at com.kms.katalon.core.main.ScriptEngine.runScriptAsRawText(ScriptEngine.java:119)
	at com.kms.katalon.core.main.TestCaseExecutor.runScript(TestCaseExecutor.java:442)
	at com.kms.katalon.core.main.TestCaseExecutor.doExecute(TestCaseExecutor.java:433)
	at com.kms.katalon.core.main.TestCaseExecutor.processExecutionPhase(TestCaseExecutor.java:412)
	at com.kms.katalon.core.main.TestCaseExecutor.accessMainPhase(TestCaseExecutor.java:404)
	at com.kms.katalon.core.main.TestCaseExecutor.execute(TestCaseExecutor.java:281)
	at com.kms.katalon.core.main.TestSuiteExecutor.accessTestCaseMainPhase(TestSuiteExecutor.java:202)
	at com.kms.katalon.core.main.TestSuiteExecutor.accessTestSuiteMainPhase(TestSuiteExecutor.java:164)
	at com.kms.katalon.core.main.TestSuiteExecutor.execute(TestSuiteExecutor.java:105)
	at com.kms.katalon.core.main.TestCaseMain.startTestSuite(TestCaseMain.java:181)
	at com.kms.katalon.core.main.TestCaseMain$startTestSuite$0.call(Unknown Source)
	at TempTestSuite1637588847917.run(TempTestSuite1637588847917.groovy:36)
Caused by: com.kms.katalon.core.webui.exception.WebElementNotFoundException: Web element with id: 'Object Repository/Modulo Tarea Administracion Compensacion/Actualizacion de Datos en Puesto de Trabajo/span_Administracion' located by '//a[@id='organigrama:arbolUnidad:0_1_0:j_idt63']/span' not found
	at com.kms.katalon.core.webui.common.WebUiCommonHelper.findWebElement(WebUiCommonHelper.java:1368)
	at com.kms.katalon.core.webui.keyword.internal.WebUIAbstractKeyword.findWebElement(WebUIAbstractKeyword.groovy:27)
	at com.kms.katalon.core.webui.keyword.builtin.ClickKeyword$_click_closure1.doCall(ClickKeyword.groovy:65)
	at com.kms.katalon.core.webui.keyword.builtin.ClickKeyword$_click_closure1.call(ClickKeyword.groovy)
	at com.kms.katalon.core.webui.keyword.internal.WebUIKeywordMain.runKeyword(WebUIKeywordMain.groovy:20)
	... 19 more]]></system-err>
      </testcase>
      <testcase name="Test Cases/1.1-Tareas Principales/1.4.6-Prestamo Liquidacion Periodica" time="37.678" classname="Test Cases/1.1-Tareas Principales/1.4.6-Prestamo Liquidacion Periodica" status="PASSED">
         <system-out><![CDATA[2021-11-22 09:21:59 - [TEST_CASE][PASSED] - Test Cases/1.1-Tareas Principales/1.4.6-Prestamo Liquidacion Periodica: Test Cases/1.1-Tareas Principales/1.4.6-Prestamo Liquidacion Periodica

2021-11-22 09:21:59 - [TEST_STEP][PASSED] - callTestCase(findTestCase("Hutilidades/Tareas Administracion Compensacion/Tarea Listado Empleados"), [:], STOP_ON_FAILURE): Call Test Case 'Test Cases/Hutilidades/Tareas Administracion Compensacion/Tarea Listado Empleados' successfully

2021-11-22 09:21:59 - [TEST_CASE][PASSED] - Test Cases/Hutilidades/Tareas Administracion Compensacion/Tarea Listado Empleados: Test Cases/Hutilidades/Tareas Administracion Compensacion/Tarea Listado Empleados

2021-11-22 09:21:59 - [TEST_STEP][PASSED] - callTestCase(findTestCase("0.1-Login"), [:], STOP_ON_FAILURE): Call Test Case 'Test Cases/0.1-Login' successfully

2021-11-22 09:21:59 - [TEST_CASE][PASSED] - Test Cases/0.1-Login: Test Cases/0.1-Login

2021-11-22 09:21:59 - [TEST_STEP][PASSED] - openBrowser(""): Browser is opened with url: ''

2021-11-22 09:21:59 - [MESSAGE][WARNING] - A browser is already opened. Closing browser and opening a new one

2021-11-22 09:22:00 - [MESSAGE][INFO] - Starting 'Edge Chromium' driver

2021-11-22 09:22:02 - [MESSAGE][INFO] - Action delay is set to 0 milliseconds

2021-11-22 09:22:03 - [MESSAGE][PASSED] - Browser is opened with url: ''

2021-11-22 09:22:03 - [TEST_STEP][PASSED] - maximizeWindow(): Current window maximized

2021-11-22 09:22:03 - [MESSAGE][PASSED] - Current window maximized

2021-11-22 09:22:03 - [TEST_STEP][PASSED] - i = G_Login: null

2021-11-22 09:22:03 - [TEST_STEP][PASSED] - url = new java.net.URL(i): null

2021-11-22 09:22:03 - [TEST_STEP][PASSED] - println("URL: " + url.toString()): null

2021-11-22 09:22:03 - [TEST_STEP][PASSED] - connection = url.openConnection(): null

2021-11-22 09:22:03 - [TEST_STEP][PASSED] - connection.setRequestMethod("GET"): null

2021-11-22 09:22:03 - [TEST_STEP][PASSED] - connection.setReadTimeout(2 * 1000): null

2021-11-22 09:22:03 - [TEST_STEP][PASSED] - try: null

2021-11-22 09:22:03 - [TEST_STEP][PASSED] - connection.connect(): null

2021-11-22 09:22:03 - [TEST_STEP][PASSED] - flag = connected: null

2021-11-22 09:22:03 - [TEST_STEP][PASSED] - println("Valor_ori: " + flag): null

2021-11-22 09:22:03 - [TEST_STEP][PASSED] - if (flag): null

2021-11-22 09:22:03 - [TEST_STEP][PASSED] - navigateToUrl(i): Navigate to 'http://localhost:8380/saraweb/' successfully

2021-11-22 09:22:05 - [MESSAGE][PASSED] - Navigate to 'http://localhost:8380/saraweb/' successfully

2021-11-22 09:22:05 - [TEST_STEP][PASSED] - a(): null

2021-11-22 09:22:05 - [TEST_STEP][PASSED] - setText(findTestObject("Login/input_USUARIO_loginusuario"), G_Usuario): Text 'saraadmin' is set on object 'Object Repository/Login/input_USUARIO_loginusuario'

2021-11-22 09:22:05 - [MESSAGE][PASSED] - Text 'saraadmin' is set on object 'Object Repository/Login/input_USUARIO_loginusuario'

2021-11-22 09:22:05 - [TEST_STEP][PASSED] - setEncryptedText(findTestObject("Login/input_CLAVE_loginpassword"), "MkG4/TYiCFC3cb2driP7+Q=="): Text ****** has been set on object 'Object Repository/Login/input_CLAVE_loginpassword'

2021-11-22 09:22:06 - [MESSAGE][PASSED] - Text ****** has been set on object 'Object Repository/Login/input_CLAVE_loginpassword'

2021-11-22 09:22:06 - [TEST_STEP][PASSED] - waitForElementClickable(findTestObject("Login/a_Ingresar"), G_TimeOut): Object 'Object Repository/Login/a_Ingresar' is clickable

2021-11-22 09:22:06 - [MESSAGE][PASSED] - Object 'Object Repository/Login/a_Ingresar' is clickable

2021-11-22 09:22:06 - [TEST_STEP][PASSED] - click(findTestObject("Login/a_Ingresar")): Object: 'Object Repository/Login/a_Ingresar' is clicked on

2021-11-22 09:22:09 - [MESSAGE][PASSED] - Object: 'Object Repository/Login/a_Ingresar' is clicked on

2021-11-22 09:22:09 - [TEST_STEP][PASSED] - element = findWebElement(findTestObject("Login/a_Ir"), 30): null

2021-11-22 09:22:10 - [TEST_STEP][PASSED] - executeJavaScript("arguments[0].click()", Arrays.asList(element)): Execute JavaScript 'arguments[0].click()' successfully

2021-11-22 09:22:10 - [MESSAGE][PASSED] - Execute JavaScript 'arguments[0].click()' successfully

2021-11-22 09:22:10 - [MESSAGE][PASSED] - Call Test Case 'Test Cases/0.1-Login' successfully

2021-11-22 09:22:10 - [TEST_STEP][PASSED] - setText(findTestObject("Modulo Tarea Listado Hojas de Vida/Tareas Listado Hojas de Vida/input_Listado Hojas De Vida_form_templatej_idt24_input"), "Listado de Empleados"): Text 'Listado de Empleados' is set on object 'Object Repository/Modulo Tarea Listado Hojas de Vida/Tareas Listado Hojas de Vida/input_Listado Hojas De Vida_form_templatej_idt24_input'

2021-11-22 09:22:11 - [MESSAGE][PASSED] - Text 'Listado de Empleados' is set on object 'Object Repository/Modulo Tarea Listado Hojas de Vida/Tareas Listado Hojas de Vida/input_Listado Hojas De Vida_form_templatej_idt24_input'

2021-11-22 09:22:11 - [TEST_STEP][PASSED] - delay(3): Delayed 3 second(s)

2021-11-22 09:22:14 - [MESSAGE][PASSED] - Delayed 3 second(s)

2021-11-22 09:22:14 - [TEST_STEP][PASSED] - sendKeys(findTestObject("Modulo Tarea Listado Hojas de Vida/Tareas Listado Hojas de Vida/input_Listado Hojas De Vida_form_templatej_idt24_input"), Keys.chord(ENTER)): Keys 'ENTER + ' sent to object: 'Object Repository/Modulo Tarea Listado Hojas de Vida/Tareas Listado Hojas de Vida/input_Listado Hojas De Vida_form_templatej_idt24_input'

2021-11-22 09:22:15 - [MESSAGE][PASSED] - Keys 'ENTER + ' sent to object: 'Object Repository/Modulo Tarea Listado Hojas de Vida/Tareas Listado Hojas de Vida/input_Listado Hojas De Vida_form_templatej_idt24_input'

2021-11-22 09:22:15 - [MESSAGE][PASSED] - Call Test Case 'Test Cases/Hutilidades/Tareas Administracion Compensacion/Tarea Listado Empleados' successfully

2021-11-22 09:22:15 - [TEST_STEP][PASSED] - setText(findTestObject("Modulo Tarea Administracion Compensacion/Prestamo Liquidacion Periodica/input_close_popupFiltroEmplead"), "354968431354"): Text '354968431354' is set on object 'Object Repository/Modulo Tarea Administracion Compensacion/Prestamo Liquidacion Periodica/input_close_popupFiltroEmplead'

2021-11-22 09:22:17 - [MESSAGE][PASSED] - Text '354968431354' is set on object 'Object Repository/Modulo Tarea Administracion Compensacion/Prestamo Liquidacion Periodica/input_close_popupFiltroEmplead'

2021-11-22 09:22:17 - [TEST_STEP][PASSED] - sendKeys(findTestObject("Modulo Tarea Administracion Compensacion/Prestamo Liquidacion Periodica/input_close_popupFiltroEmplead"), Keys.chord(ENTER)): Keys 'ENTER + ' sent to object: 'Object Repository/Modulo Tarea Administracion Compensacion/Prestamo Liquidacion Periodica/input_close_popupFiltroEmplead'

2021-11-22 09:22:17 - [MESSAGE][PASSED] - Keys 'ENTER + ' sent to object: 'Object Repository/Modulo Tarea Administracion Compensacion/Prestamo Liquidacion Periodica/input_close_popupFiltroEmplead'

2021-11-22 09:22:17 - [TEST_STEP][PASSED] - waitForElementClickable(findTestObject("Modulo Tarea Administracion Compensacion/Prestamo Liquidacion Periodica/span_CONSTA BELFEGORD JHON"), G_TimeOut): Object 'Object Repository/Modulo Tarea Administracion Compensacion/Prestamo Liquidacion Periodica/span_CONSTA BELFEGORD JHON' is clickable

2021-11-22 09:22:18 - [MESSAGE][PASSED] - Object 'Object Repository/Modulo Tarea Administracion Compensacion/Prestamo Liquidacion Periodica/span_CONSTA BELFEGORD JHON' is clickable

2021-11-22 09:22:18 - [TEST_STEP][PASSED] - click(findTestObject("Modulo Tarea Administracion Compensacion/Prestamo Liquidacion Periodica/span_CONSTA BELFEGORD JHON")): Object: 'Object Repository/Modulo Tarea Administracion Compensacion/Prestamo Liquidacion Periodica/span_CONSTA BELFEGORD JHON' is clicked on

2021-11-22 09:22:19 - [MESSAGE][PASSED] - Object: 'Object Repository/Modulo Tarea Administracion Compensacion/Prestamo Liquidacion Periodica/span_CONSTA BELFEGORD JHON' is clicked on

2021-11-22 09:22:19 - [TEST_STEP][PASSED] - waitForElementClickable(findTestObject("Modulo Tarea Administracion Compensacion/Prestamo Liquidacion Periodica/a_Liquidacin Periodica"), G_TimeOut): Object 'Object Repository/Modulo Tarea Administracion Compensacion/Prestamo Liquidacion Periodica/a_Liquidacin Periodica' is clickable

2021-11-22 09:22:19 - [MESSAGE][PASSED] - Object 'Object Repository/Modulo Tarea Administracion Compensacion/Prestamo Liquidacion Periodica/a_Liquidacin Periodica' is clickable

2021-11-22 09:22:19 - [TEST_STEP][PASSED] - click(findTestObject("Modulo Tarea Administracion Compensacion/Prestamo Liquidacion Periodica/a_Liquidacin Periodica")): Object: 'Object Repository/Modulo Tarea Administracion Compensacion/Prestamo Liquidacion Periodica/a_Liquidacin Periodica' is clicked on

2021-11-22 09:22:20 - [MESSAGE][PASSED] - Object: 'Object Repository/Modulo Tarea Administracion Compensacion/Prestamo Liquidacion Periodica/a_Liquidacin Periodica' is clicked on

2021-11-22 09:22:20 - [TEST_STEP][PASSED] - waitForElementClickable(findTestObject("Modulo Tarea Administracion Compensacion/Prestamo Liquidacion Periodica/a_Nuevo"), G_TimeOut): Object 'Object Repository/Modulo Tarea Administracion Compensacion/Prestamo Liquidacion Periodica/a_Nuevo' is clickable

2021-11-22 09:22:21 - [MESSAGE][PASSED] - Object 'Object Repository/Modulo Tarea Administracion Compensacion/Prestamo Liquidacion Periodica/a_Nuevo' is clickable

2021-11-22 09:22:21 - [TEST_STEP][PASSED] - click(findTestObject("Modulo Tarea Administracion Compensacion/Prestamo Liquidacion Periodica/a_Nuevo")): Object: 'Object Repository/Modulo Tarea Administracion Compensacion/Prestamo Liquidacion Periodica/a_Nuevo' is clicked on

2021-11-22 09:22:21 - [MESSAGE][PASSED] - Object: 'Object Repository/Modulo Tarea Administracion Compensacion/Prestamo Liquidacion Periodica/a_Nuevo' is clicked on

2021-11-22 09:22:21 - [TEST_STEP][PASSED] - waitForElementClickable(findTestObject("Modulo Tarea Administracion Compensacion/Prestamo Liquidacion Periodica/select_-- seleccione --BC - PR"), G_TimeOut): Object 'Object Repository/Modulo Tarea Administracion Compensacion/Prestamo Liquidacion Periodica/select_-- seleccione --BC - PR' is clickable

2021-11-22 09:22:22 - [MESSAGE][PASSED] - Object 'Object Repository/Modulo Tarea Administracion Compensacion/Prestamo Liquidacion Periodica/select_-- seleccione --BC - PR' is clickable

2021-11-22 09:22:22 - [TEST_STEP][PASSED] - click(findTestObject("Modulo Tarea Administracion Compensacion/Prestamo Liquidacion Periodica/select_-- seleccione --BC - PR")): Object: 'Object Repository/Modulo Tarea Administracion Compensacion/Prestamo Liquidacion Periodica/select_-- seleccione --BC - PR' is clicked on

2021-11-22 09:22:23 - [MESSAGE][PASSED] - Object: 'Object Repository/Modulo Tarea Administracion Compensacion/Prestamo Liquidacion Periodica/select_-- seleccione --BC - PR' is clicked on

2021-11-22 09:22:23 - [TEST_STEP][PASSED] - selectOptionByIndex(findTestObject("Modulo Tarea Administracion Compensacion/Prestamo Liquidacion Periodica/select_-- seleccione --BC - PR"), "1"): All options with index in [1] are selected on object 'Object Repository/Modulo Tarea Administracion Compensacion/Prestamo Liquidacion Periodica/select_-- seleccione --BC - PR'

2021-11-22 09:22:24 - [MESSAGE][PASSED] - All options with index in [1] are selected on object 'Object Repository/Modulo Tarea Administracion Compensacion/Prestamo Liquidacion Periodica/select_-- seleccione --BC - PR'

2021-11-22 09:22:24 - [TEST_STEP][PASSED] - click(findTestObject("Modulo Tarea Administracion Compensacion/Prestamo Liquidacion Periodica/input_Monto Inicial_form_liqui")): Object: 'Object Repository/Modulo Tarea Administracion Compensacion/Prestamo Liquidacion Periodica/input_Monto Inicial_form_liqui' is clicked on

2021-11-22 09:22:26 - [MESSAGE][PASSED] - Object: 'Object Repository/Modulo Tarea Administracion Compensacion/Prestamo Liquidacion Periodica/input_Monto Inicial_form_liqui' is clicked on

2021-11-22 09:22:26 - [TEST_STEP][PASSED] - sendKeys(findTestObject("Modulo Tarea Administracion Compensacion/Prestamo Liquidacion Periodica/input_Monto Inicial_form_liqui"), Keys.chord(CONTROL, "a")): Keys 'CONTROL + a' sent to object: 'Object Repository/Modulo Tarea Administracion Compensacion/Prestamo Liquidacion Periodica/input_Monto Inicial_form_liqui'

2021-11-22 09:22:26 - [MESSAGE][PASSED] - Keys 'CONTROL + a' sent to object: 'Object Repository/Modulo Tarea Administracion Compensacion/Prestamo Liquidacion Periodica/input_Monto Inicial_form_liqui'

2021-11-22 09:22:26 - [TEST_STEP][PASSED] - sendKeys(findTestObject("Modulo Tarea Administracion Compensacion/Prestamo Liquidacion Periodica/input_Monto Inicial_form_liqui"), Keys.chord(BACK_SPACE)): Keys 'BACK_SPACE + ' sent to object: 'Object Repository/Modulo Tarea Administracion Compensacion/Prestamo Liquidacion Periodica/input_Monto Inicial_form_liqui'

2021-11-22 09:22:26 - [MESSAGE][PASSED] - Keys 'BACK_SPACE + ' sent to object: 'Object Repository/Modulo Tarea Administracion Compensacion/Prestamo Liquidacion Periodica/input_Monto Inicial_form_liqui'

2021-11-22 09:22:26 - [TEST_STEP][PASSED] - setText(findTestObject("Modulo Tarea Administracion Compensacion/Prestamo Liquidacion Periodica/input_Monto Inicial_form_liqui"), "3000000"): Text '3000000' is set on object 'Object Repository/Modulo Tarea Administracion Compensacion/Prestamo Liquidacion Periodica/input_Monto Inicial_form_liqui'

2021-11-22 09:22:27 - [MESSAGE][PASSED] - Text '3000000' is set on object 'Object Repository/Modulo Tarea Administracion Compensacion/Prestamo Liquidacion Periodica/input_Monto Inicial_form_liqui'

2021-11-22 09:22:27 - [TEST_STEP][PASSED] - waitForElementClickable(findTestObject("Modulo Tarea Administracion Compensacion/Prestamo Liquidacion Periodica/input_Total Abonado_form_liqui"), 0): Object 'Object Repository/Modulo Tarea Administracion Compensacion/Prestamo Liquidacion Periodica/input_Total Abonado_form_liqui' is clickable

2021-11-22 09:22:27 - [MESSAGE][WARNING] - Timeout '0' is invalid. Using default page load timeout: '30'

2021-11-22 09:22:28 - [MESSAGE][PASSED] - Object 'Object Repository/Modulo Tarea Administracion Compensacion/Prestamo Liquidacion Periodica/input_Total Abonado_form_liqui' is clickable

2021-11-22 09:22:28 - [TEST_STEP][PASSED] - click(findTestObject("Modulo Tarea Administracion Compensacion/Prestamo Liquidacion Periodica/input_Total Abonado_form_liqui")): Object: 'Object Repository/Modulo Tarea Administracion Compensacion/Prestamo Liquidacion Periodica/input_Total Abonado_form_liqui' is clicked on

2021-11-22 09:22:28 - [MESSAGE][PASSED] - Object: 'Object Repository/Modulo Tarea Administracion Compensacion/Prestamo Liquidacion Periodica/input_Total Abonado_form_liqui' is clicked on

2021-11-22 09:22:28 - [TEST_STEP][PASSED] - sendKeys(findTestObject("Modulo Tarea Administracion Compensacion/Prestamo Liquidacion Periodica/input_Total Abonado_form_liqui"), Keys.chord(CONTROL, "a")): Keys 'CONTROL + a' sent to object: 'Object Repository/Modulo Tarea Administracion Compensacion/Prestamo Liquidacion Periodica/input_Total Abonado_form_liqui'

2021-11-22 09:22:29 - [MESSAGE][PASSED] - Keys 'CONTROL + a' sent to object: 'Object Repository/Modulo Tarea Administracion Compensacion/Prestamo Liquidacion Periodica/input_Total Abonado_form_liqui'

2021-11-22 09:22:29 - [TEST_STEP][PASSED] - sendKeys(findTestObject("Modulo Tarea Administracion Compensacion/Prestamo Liquidacion Periodica/input_Total Abonado_form_liqui"), Keys.chord(BACK_SPACE)): Keys 'BACK_SPACE + ' sent to object: 'Object Repository/Modulo Tarea Administracion Compensacion/Prestamo Liquidacion Periodica/input_Total Abonado_form_liqui'

2021-11-22 09:22:29 - [MESSAGE][PASSED] - Keys 'BACK_SPACE + ' sent to object: 'Object Repository/Modulo Tarea Administracion Compensacion/Prestamo Liquidacion Periodica/input_Total Abonado_form_liqui'

2021-11-22 09:22:29 - [TEST_STEP][PASSED] - setText(findTestObject("Modulo Tarea Administracion Compensacion/Prestamo Liquidacion Periodica/input_Total Abonado_form_liqui"), "1500000"): Text '1500000' is set on object 'Object Repository/Modulo Tarea Administracion Compensacion/Prestamo Liquidacion Periodica/input_Total Abonado_form_liqui'

2021-11-22 09:22:30 - [MESSAGE][PASSED] - Text '1500000' is set on object 'Object Repository/Modulo Tarea Administracion Compensacion/Prestamo Liquidacion Periodica/input_Total Abonado_form_liqui'

2021-11-22 09:22:30 - [TEST_STEP][PASSED] - setText(findTestObject("Modulo Tarea Administracion Compensacion/Prestamo Liquidacion Periodica/input_Fecha Inicial _form_liqu"), "01/01/2019"): Text '01/01/2019' is set on object 'Object Repository/Modulo Tarea Administracion Compensacion/Prestamo Liquidacion Periodica/input_Fecha Inicial _form_liqu'

2021-11-22 09:22:31 - [MESSAGE][PASSED] - Text '01/01/2019' is set on object 'Object Repository/Modulo Tarea Administracion Compensacion/Prestamo Liquidacion Periodica/input_Fecha Inicial _form_liqu'

2021-11-22 09:22:31 - [TEST_STEP][PASSED] - sendKeys(findTestObject("Modulo Tarea Administracion Compensacion/Prestamo Liquidacion Periodica/input_Fecha Inicial _form_liqu"), Keys.chord(ENTER)): Keys 'ENTER + ' sent to object: 'Object Repository/Modulo Tarea Administracion Compensacion/Prestamo Liquidacion Periodica/input_Fecha Inicial _form_liqu'

2021-11-22 09:22:31 - [MESSAGE][PASSED] - Keys 'ENTER + ' sent to object: 'Object Repository/Modulo Tarea Administracion Compensacion/Prestamo Liquidacion Periodica/input_Fecha Inicial _form_liqu'

2021-11-22 09:22:31 - [TEST_STEP][PASSED] - setText(findTestObject("Modulo Tarea Administracion Compensacion/Prestamo Liquidacion Periodica/input_Nmero Cuotas_form_liquid"), "15"): Text '15' is set on object 'Object Repository/Modulo Tarea Administracion Compensacion/Prestamo Liquidacion Periodica/input_Nmero Cuotas_form_liquid'

2021-11-22 09:22:32 - [MESSAGE][PASSED] - Text '15' is set on object 'Object Repository/Modulo Tarea Administracion Compensacion/Prestamo Liquidacion Periodica/input_Nmero Cuotas_form_liquid'

2021-11-22 09:22:32 - [TEST_STEP][PASSED] - setText(findTestObject("Modulo Tarea Administracion Compensacion/Prestamo Liquidacion Periodica/input_Documento Beneficiario_f"), "354968431354"): Text '354968431354' is set on object 'Object Repository/Modulo Tarea Administracion Compensacion/Prestamo Liquidacion Periodica/input_Documento Beneficiario_f'

2021-11-22 09:22:33 - [MESSAGE][PASSED] - Text '354968431354' is set on object 'Object Repository/Modulo Tarea Administracion Compensacion/Prestamo Liquidacion Periodica/input_Documento Beneficiario_f'

2021-11-22 09:22:33 - [TEST_STEP][PASSED] - setText(findTestObject("Modulo Tarea Administracion Compensacion/Prestamo Liquidacion Periodica/textarea_Observacin_form_liqui"), "Prueba"): Text 'Prueba' is set on object 'Object Repository/Modulo Tarea Administracion Compensacion/Prestamo Liquidacion Periodica/textarea_Observacin_form_liqui'

2021-11-22 09:22:34 - [MESSAGE][PASSED] - Text 'Prueba' is set on object 'Object Repository/Modulo Tarea Administracion Compensacion/Prestamo Liquidacion Periodica/textarea_Observacin_form_liqui'

2021-11-22 09:22:34 - [TEST_STEP][PASSED] - waitForElementClickable(findTestObject("Modulo Tarea Administracion Compensacion/Prestamo Liquidacion Periodica/a_Guardar"), G_TimeOut): Object 'Object Repository/Modulo Tarea Administracion Compensacion/Prestamo Liquidacion Periodica/a_Guardar' is clickable

2021-11-22 09:22:34 - [MESSAGE][PASSED] - Object 'Object Repository/Modulo Tarea Administracion Compensacion/Prestamo Liquidacion Periodica/a_Guardar' is clickable

2021-11-22 09:22:34 - [TEST_STEP][PASSED] - click(findTestObject("Modulo Tarea Administracion Compensacion/Prestamo Liquidacion Periodica/a_Guardar")): Object: 'Object Repository/Modulo Tarea Administracion Compensacion/Prestamo Liquidacion Periodica/a_Guardar' is clicked on

2021-11-22 09:22:35 - [MESSAGE][PASSED] - Object: 'Object Repository/Modulo Tarea Administracion Compensacion/Prestamo Liquidacion Periodica/a_Guardar' is clicked on

2021-11-22 09:22:35 - [TEST_STEP][PASSED] - getText(findTestObject("Alerta/Alerta")): Text of object 'Object Repository/Alerta/Alerta' is: 'Se modifico el registro satisfactoriamente'

2021-11-22 09:22:35 - [MESSAGE][PASSED] - Text of object 'Object Repository/Alerta/Alerta' is: 'Se modifico el registro satisfactoriamente'

2021-11-22 09:22:35 - [TEST_STEP][PASSED] - closeBrowser(): Browser is closed

2021-11-22 09:22:36 - [MESSAGE][PASSED] - Browser is closed]]></system-out>
         <system-err><![CDATA[]]></system-err>
      </testcase>
      <testcase name="Test Cases/1.1-Tareas Principales/1.4.7-Liquidacion concepto de Nomina" time="87.028" classname="Test Cases/1.1-Tareas Principales/1.4.7-Liquidacion concepto de Nomina" status="FAILED">
         <failure type="FAILED" message="Test Cases/1.1-Tareas Principales/1.4.7-Liquidacion concepto de Nomina FAILED.
Reason:
com.kms.katalon.core.exception.StepFailedException: Unable to click on object 'Object Repository/Modulo Tarea Administracion Compensacion/Legalizar licencia Remunerada/Liquidacion Concepto de Nomina/em_Concepto'
	at com.kms.katalon.core.webui.keyword.internal.WebUIKeywordMain.stepFailed(WebUIKeywordMain.groovy:64)
	at com.kms.katalon.core.webui.keyword.internal.WebUIKeywordMain.runKeyword(WebUIKeywordMain.groovy:26)
	at com.kms.katalon.core.webui.keyword.builtin.ClickKeyword.click(ClickKeyword.groovy:74)
	at com.kms.katalon.core.webui.keyword.builtin.ClickKeyword.execute(ClickKeyword.groovy:40)
	at com.kms.katalon.core.keyword.internal.KeywordExecutor.executeKeywordForPlatform(KeywordExecutor.groovy:74)
	at com.kms.katalon.core.webui.keyword.WebUiBuiltInKeywords.click(WebUiBuiltInKeywords.groovy:620)
	at com.kms.katalon.core.webui.keyword.WebUiBuiltInKeywords$click$5.call(Unknown Source)
	at 1.4.7-Liquidacion concepto de Nomina.run(1.4.7-Liquidacion concepto de Nomina:63)
	at com.kms.katalon.core.main.ScriptEngine.run(ScriptEngine.java:194)
	at com.kms.katalon.core.main.ScriptEngine.runScriptAsRawText(ScriptEngine.java:119)
	at com.kms.katalon.core.main.TestCaseExecutor.runScript(TestCaseExecutor.java:442)
	at com.kms.katalon.core.main.TestCaseExecutor.doExecute(TestCaseExecutor.java:433)
	at com.kms.katalon.core.main.TestCaseExecutor.processExecutionPhase(TestCaseExecutor.java:412)
	at com.kms.katalon.core.main.TestCaseExecutor.accessMainPhase(TestCaseExecutor.java:404)
	at com.kms.katalon.core.main.TestCaseExecutor.execute(TestCaseExecutor.java:281)
	at com.kms.katalon.core.main.TestSuiteExecutor.accessTestCaseMainPhase(TestSuiteExecutor.java:202)
	at com.kms.katalon.core.main.TestSuiteExecutor.accessTestSuiteMainPhase(TestSuiteExecutor.java:164)
	at com.kms.katalon.core.main.TestSuiteExecutor.execute(TestSuiteExecutor.java:105)
	at com.kms.katalon.core.main.TestCaseMain.startTestSuite(TestCaseMain.java:181)
	at com.kms.katalon.core.main.TestCaseMain$startTestSuite$0.call(Unknown Source)
	at TempTestSuite1637588847917.run(TempTestSuite1637588847917.groovy:36)
Caused by: com.kms.katalon.core.webui.exception.WebElementNotFoundException: Web element with id: 'Object Repository/Modulo Tarea Administracion Compensacion/Legalizar licencia Remunerada/Liquidacion Concepto de Nomina/em_Concepto' located by '//div[@id='calculoNomina:tab']/ul/li[2]/a' not found
	at com.kms.katalon.core.webui.common.WebUiCommonHelper.findWebElement(WebUiCommonHelper.java:1368)
	at com.kms.katalon.core.webui.keyword.internal.WebUIAbstractKeyword.findWebElement(WebUIAbstractKeyword.groovy:27)
	at com.kms.katalon.core.webui.keyword.builtin.ClickKeyword$_click_closure1.doCall(ClickKeyword.groovy:65)
	at com.kms.katalon.core.webui.keyword.builtin.ClickKeyword$_click_closure1.call(ClickKeyword.groovy)
	at com.kms.katalon.core.webui.keyword.internal.WebUIKeywordMain.runKeyword(WebUIKeywordMain.groovy:20)
	... 19 more
"/>
         <system-out><![CDATA[2021-11-22 09:22:36 - [TEST_CASE][FAILED] - Test Cases/1.1-Tareas Principales/1.4.7-Liquidacion concepto de Nomina: Test Cases/1.1-Tareas Principales/1.4.7-Liquidacion concepto de Nomina FAILED.
Reason:
com.kms.katalon.core.exception.StepFailedException: Unable to click on object 'Object Repository/Modulo Tarea Administracion Compensacion/Legalizar licencia Remunerada/Liquidacion Concepto de Nomina/em_Concepto'
	at com.kms.katalon.core.webui.keyword.internal.WebUIKeywordMain.stepFailed(WebUIKeywordMain.groovy:64)
	at com.kms.katalon.core.webui.keyword.internal.WebUIKeywordMain.runKeyword(WebUIKeywordMain.groovy:26)
	at com.kms.katalon.core.webui.keyword.builtin.ClickKeyword.click(ClickKeyword.groovy:74)
	at com.kms.katalon.core.webui.keyword.builtin.ClickKeyword.execute(ClickKeyword.groovy:40)
	at com.kms.katalon.core.keyword.internal.KeywordExecutor.executeKeywordForPlatform(KeywordExecutor.groovy:74)
	at com.kms.katalon.core.webui.keyword.WebUiBuiltInKeywords.click(WebUiBuiltInKeywords.groovy:620)
	at com.kms.katalon.core.webui.keyword.WebUiBuiltInKeywords$click$5.call(Unknown Source)
	at 1.4.7-Liquidacion concepto de Nomina.run(1.4.7-Liquidacion concepto de Nomina:63)
	at com.kms.katalon.core.main.ScriptEngine.run(ScriptEngine.java:194)
	at com.kms.katalon.core.main.ScriptEngine.runScriptAsRawText(ScriptEngine.java:119)
	at com.kms.katalon.core.main.TestCaseExecutor.runScript(TestCaseExecutor.java:442)
	at com.kms.katalon.core.main.TestCaseExecutor.doExecute(TestCaseExecutor.java:433)
	at com.kms.katalon.core.main.TestCaseExecutor.processExecutionPhase(TestCaseExecutor.java:412)
	at com.kms.katalon.core.main.TestCaseExecutor.accessMainPhase(TestCaseExecutor.java:404)
	at com.kms.katalon.core.main.TestCaseExecutor.execute(TestCaseExecutor.java:281)
	at com.kms.katalon.core.main.TestSuiteExecutor.accessTestCaseMainPhase(TestSuiteExecutor.java:202)
	at com.kms.katalon.core.main.TestSuiteExecutor.accessTestSuiteMainPhase(TestSuiteExecutor.java:164)
	at com.kms.katalon.core.main.TestSuiteExecutor.execute(TestSuiteExecutor.java:105)
	at com.kms.katalon.core.main.TestCaseMain.startTestSuite(TestCaseMain.java:181)
	at com.kms.katalon.core.main.TestCaseMain$startTestSuite$0.call(Unknown Source)
	at TempTestSuite1637588847917.run(TempTestSuite1637588847917.groovy:36)
Caused by: com.kms.katalon.core.webui.exception.WebElementNotFoundException: Web element with id: 'Object Repository/Modulo Tarea Administracion Compensacion/Legalizar licencia Remunerada/Liquidacion Concepto de Nomina/em_Concepto' located by '//div[@id='calculoNomina:tab']/ul/li[2]/a' not found
	at com.kms.katalon.core.webui.common.WebUiCommonHelper.findWebElement(WebUiCommonHelper.java:1368)
	at com.kms.katalon.core.webui.keyword.internal.WebUIAbstractKeyword.findWebElement(WebUIAbstractKeyword.groovy:27)
	at com.kms.katalon.core.webui.keyword.builtin.ClickKeyword$_click_closure1.doCall(ClickKeyword.groovy:65)
	at com.kms.katalon.core.webui.keyword.builtin.ClickKeyword$_click_closure1.call(ClickKeyword.groovy)
	at com.kms.katalon.core.webui.keyword.internal.WebUIKeywordMain.runKeyword(WebUIKeywordMain.groovy:20)
	... 19 more


2021-11-22 09:22:37 - [TEST_STEP][PASSED] - callTestCase(findTestCase("Hutilidades/Tareas Administracion Compensacion/Tarea Liquidacion Nomina"), [:], STOP_ON_FAILURE): Call Test Case 'Test Cases/Hutilidades/Tareas Administracion Compensacion/Tarea Liquidacion Nomina' successfully

2021-11-22 09:22:37 - [TEST_CASE][PASSED] - Test Cases/Hutilidades/Tareas Administracion Compensacion/Tarea Liquidacion Nomina: Test Cases/Hutilidades/Tareas Administracion Compensacion/Tarea Liquidacion Nomina

2021-11-22 09:22:37 - [TEST_STEP][PASSED] - callTestCase(findTestCase("0.1-Login"), [:], STOP_ON_FAILURE): Call Test Case 'Test Cases/0.1-Login' successfully

2021-11-22 09:22:37 - [TEST_CASE][PASSED] - Test Cases/0.1-Login: Test Cases/0.1-Login

2021-11-22 09:22:37 - [TEST_STEP][PASSED] - openBrowser(""): Browser is opened with url: ''

2021-11-22 09:22:37 - [MESSAGE][INFO] - Starting 'Edge Chromium' driver

2021-11-22 09:22:38 - [MESSAGE][INFO] - Action delay is set to 0 milliseconds

2021-11-22 09:22:39 - [MESSAGE][PASSED] - Browser is opened with url: ''

2021-11-22 09:22:39 - [TEST_STEP][PASSED] - maximizeWindow(): Current window maximized

2021-11-22 09:22:39 - [MESSAGE][PASSED] - Current window maximized

2021-11-22 09:22:39 - [TEST_STEP][PASSED] - i = G_Login: null

2021-11-22 09:22:39 - [TEST_STEP][PASSED] - url = new java.net.URL(i): null

2021-11-22 09:22:39 - [TEST_STEP][PASSED] - println("URL: " + url.toString()): null

2021-11-22 09:22:39 - [TEST_STEP][PASSED] - connection = url.openConnection(): null

2021-11-22 09:22:39 - [TEST_STEP][PASSED] - connection.setRequestMethod("GET"): null

2021-11-22 09:22:39 - [TEST_STEP][PASSED] - connection.setReadTimeout(2 * 1000): null

2021-11-22 09:22:39 - [TEST_STEP][PASSED] - try: null

2021-11-22 09:22:39 - [TEST_STEP][PASSED] - connection.connect(): null

2021-11-22 09:22:39 - [TEST_STEP][PASSED] - flag = connected: null

2021-11-22 09:22:39 - [TEST_STEP][PASSED] - println("Valor_ori: " + flag): null

2021-11-22 09:22:39 - [TEST_STEP][PASSED] - if (flag): null

2021-11-22 09:22:39 - [TEST_STEP][PASSED] - navigateToUrl(i): Navigate to 'http://localhost:8380/saraweb/' successfully

2021-11-22 09:22:40 - [MESSAGE][PASSED] - Navigate to 'http://localhost:8380/saraweb/' successfully

2021-11-22 09:22:40 - [TEST_STEP][PASSED] - a(): null

2021-11-22 09:22:40 - [TEST_STEP][PASSED] - setText(findTestObject("Login/input_USUARIO_loginusuario"), G_Usuario): Text 'saraadmin' is set on object 'Object Repository/Login/input_USUARIO_loginusuario'

2021-11-22 09:22:41 - [MESSAGE][PASSED] - Text 'saraadmin' is set on object 'Object Repository/Login/input_USUARIO_loginusuario'

2021-11-22 09:22:41 - [TEST_STEP][PASSED] - setEncryptedText(findTestObject("Login/input_CLAVE_loginpassword"), "MkG4/TYiCFC3cb2driP7+Q=="): Text ****** has been set on object 'Object Repository/Login/input_CLAVE_loginpassword'

2021-11-22 09:22:41 - [MESSAGE][PASSED] - Text ****** has been set on object 'Object Repository/Login/input_CLAVE_loginpassword'

2021-11-22 09:22:41 - [TEST_STEP][PASSED] - waitForElementClickable(findTestObject("Login/a_Ingresar"), G_TimeOut): Object 'Object Repository/Login/a_Ingresar' is clickable

2021-11-22 09:22:42 - [MESSAGE][PASSED] - Object 'Object Repository/Login/a_Ingresar' is clickable

2021-11-22 09:22:42 - [TEST_STEP][PASSED] - click(findTestObject("Login/a_Ingresar")): Object: 'Object Repository/Login/a_Ingresar' is clicked on

2021-11-22 09:22:45 - [MESSAGE][PASSED] - Object: 'Object Repository/Login/a_Ingresar' is clicked on

2021-11-22 09:22:45 - [TEST_STEP][PASSED] - element = findWebElement(findTestObject("Login/a_Ir"), 30): null

2021-11-22 09:22:46 - [TEST_STEP][PASSED] - executeJavaScript("arguments[0].click()", Arrays.asList(element)): Execute JavaScript 'arguments[0].click()' successfully

2021-11-22 09:22:46 - [MESSAGE][PASSED] - Execute JavaScript 'arguments[0].click()' successfully

2021-11-22 09:22:46 - [MESSAGE][PASSED] - Call Test Case 'Test Cases/0.1-Login' successfully

2021-11-22 09:22:46 - [TEST_STEP][PASSED] - delay(2): Delayed 2 second(s)

2021-11-22 09:22:48 - [MESSAGE][PASSED] - Delayed 2 second(s)

2021-11-22 09:22:48 - [TEST_STEP][PASSED] - setText(findTestObject("Modulo Tarea Administracion Compensacion/Tarea Liquidacion Nomina/input_Listado de Empleados_"), "Liquidacion Nomina"): Text 'Liquidacion Nomina' is set on object 'Object Repository/Modulo Tarea Administracion Compensacion/Tarea Liquidacion Nomina/input_Listado de Empleados_'

2021-11-22 09:22:49 - [MESSAGE][PASSED] - Text 'Liquidacion Nomina' is set on object 'Object Repository/Modulo Tarea Administracion Compensacion/Tarea Liquidacion Nomina/input_Listado de Empleados_'

2021-11-22 09:22:49 - [TEST_STEP][PASSED] - delay(1): Delayed 1 second(s)

2021-11-22 09:22:50 - [MESSAGE][PASSED] - Delayed 1 second(s)

2021-11-22 09:22:50 - [TEST_STEP][PASSED] - sendKeys(findTestObject("Modulo Tarea Administracion Compensacion/Tarea Liquidacion Nomina/input_Listado de Empleados_"), Keys.chord(ENTER)): Keys 'ENTER + ' sent to object: 'Object Repository/Modulo Tarea Administracion Compensacion/Tarea Liquidacion Nomina/input_Listado de Empleados_'

2021-11-22 09:22:50 - [MESSAGE][PASSED] - Keys 'ENTER + ' sent to object: 'Object Repository/Modulo Tarea Administracion Compensacion/Tarea Liquidacion Nomina/input_Listado de Empleados_'

2021-11-22 09:22:50 - [MESSAGE][PASSED] - Call Test Case 'Test Cases/Hutilidades/Tareas Administracion Compensacion/Tarea Liquidacion Nomina' successfully

2021-11-22 09:22:50 - [TEST_STEP][PASSED] - waitForElementClickable(findTestObject("Modulo Tarea Administracion Compensacion/Legalizar licencia Remunerada/Liquidacion Concepto de Nomina/a_Periodo Nomina_Liquidacion"), G_TimeOut): Object 'Object Repository/Modulo Tarea Administracion Compensacion/Legalizar licencia Remunerada/Liquidacion Concepto de Nomina/a_Periodo Nomina_Liquidacion' is clickable

2021-11-22 09:22:51 - [MESSAGE][PASSED] - Object 'Object Repository/Modulo Tarea Administracion Compensacion/Legalizar licencia Remunerada/Liquidacion Concepto de Nomina/a_Periodo Nomina_Liquidacion' is clickable

2021-11-22 09:22:51 - [TEST_STEP][PASSED] - click(findTestObject("Modulo Tarea Administracion Compensacion/Legalizar licencia Remunerada/Liquidacion Concepto de Nomina/a_Periodo Nomina_Liquidacion")): Object: 'Object Repository/Modulo Tarea Administracion Compensacion/Legalizar licencia Remunerada/Liquidacion Concepto de Nomina/a_Periodo Nomina_Liquidacion' is clicked on

2021-11-22 09:22:52 - [MESSAGE][PASSED] - Object: 'Object Repository/Modulo Tarea Administracion Compensacion/Legalizar licencia Remunerada/Liquidacion Concepto de Nomina/a_Periodo Nomina_Liquidacion' is clicked on

2021-11-22 09:22:52 - [TEST_STEP][PASSED] - waitForElementClickable(findTestObject("Modulo Tarea Administracion Compensacion/Legalizar licencia Remunerada/Liquidacion Concepto de Nomina/select_--  Seleccione  --Periodo Cerrado"), G_TimeOut): Object 'Object Repository/Modulo Tarea Administracion Compensacion/Legalizar licencia Remunerada/Liquidacion Concepto de Nomina/select_--  Seleccione  --Periodo Cerrado' is clickable

2021-11-22 09:22:52 - [MESSAGE][PASSED] - Object 'Object Repository/Modulo Tarea Administracion Compensacion/Legalizar licencia Remunerada/Liquidacion Concepto de Nomina/select_--  Seleccione  --Periodo Cerrado' is clickable

2021-11-22 09:22:52 - [TEST_STEP][PASSED] - click(findTestObject("Modulo Tarea Administracion Compensacion/Legalizar licencia Remunerada/Liquidacion Concepto de Nomina/select_--  Seleccione  --Periodo Cerrado")): Object: 'Object Repository/Modulo Tarea Administracion Compensacion/Legalizar licencia Remunerada/Liquidacion Concepto de Nomina/select_--  Seleccione  --Periodo Cerrado' is clicked on

2021-11-22 09:22:53 - [MESSAGE][PASSED] - Object: 'Object Repository/Modulo Tarea Administracion Compensacion/Legalizar licencia Remunerada/Liquidacion Concepto de Nomina/select_--  Seleccione  --Periodo Cerrado' is clicked on

2021-11-22 09:22:53 - [TEST_STEP][PASSED] - selectOptionByIndex(findTestObject("Modulo Tarea Administracion Compensacion/Legalizar licencia Remunerada/Liquidacion Concepto de Nomina/select_--  Seleccione  --Periodo Cerrado"), "2"): All options with index in [2] are selected on object 'Object Repository/Modulo Tarea Administracion Compensacion/Legalizar licencia Remunerada/Liquidacion Concepto de Nomina/select_--  Seleccione  --Periodo Cerrado'

2021-11-22 09:22:54 - [MESSAGE][PASSED] - All options with index in [2] are selected on object 'Object Repository/Modulo Tarea Administracion Compensacion/Legalizar licencia Remunerada/Liquidacion Concepto de Nomina/select_--  Seleccione  --Periodo Cerrado'

2021-11-22 09:22:54 - [TEST_STEP][PASSED] - waitForElementClickable(findTestObject("Modulo Tarea Administracion Compensacion/Legalizar licencia Remunerada/Liquidacion Concepto de Nomina/span_PM202107"), G_TimeOut): Object 'Object Repository/Modulo Tarea Administracion Compensacion/Legalizar licencia Remunerada/Liquidacion Concepto de Nomina/span_PM202107' is clickable

2021-11-22 09:22:55 - [MESSAGE][PASSED] - Object 'Object Repository/Modulo Tarea Administracion Compensacion/Legalizar licencia Remunerada/Liquidacion Concepto de Nomina/span_PM202107' is clickable

2021-11-22 09:22:55 - [TEST_STEP][PASSED] - click(findTestObject("Modulo Tarea Administracion Compensacion/Legalizar licencia Remunerada/Liquidacion Concepto de Nomina/span_PM202107")): Object: 'Object Repository/Modulo Tarea Administracion Compensacion/Legalizar licencia Remunerada/Liquidacion Concepto de Nomina/span_PM202107' is clicked on

2021-11-22 09:22:55 - [MESSAGE][PASSED] - Object: 'Object Repository/Modulo Tarea Administracion Compensacion/Legalizar licencia Remunerada/Liquidacion Concepto de Nomina/span_PM202107' is clicked on

2021-11-22 09:22:55 - [TEST_STEP][PASSED] - waitForElementClickable(findTestObject("Modulo Tarea Administracion Compensacion/Legalizar licencia Remunerada/Liquidacion Concepto de Nomina/a_Nombre Persona_LiquidacionNo"), G_TimeOut): Object 'Object Repository/Modulo Tarea Administracion Compensacion/Legalizar licencia Remunerada/Liquidacion Concepto de Nomina/a_Nombre Persona_LiquidacionNo' is clickable

2021-11-22 09:22:56 - [MESSAGE][PASSED] - Object 'Object Repository/Modulo Tarea Administracion Compensacion/Legalizar licencia Remunerada/Liquidacion Concepto de Nomina/a_Nombre Persona_LiquidacionNo' is clickable

2021-11-22 09:22:56 - [TEST_STEP][PASSED] - click(findTestObject("Modulo Tarea Administracion Compensacion/Legalizar licencia Remunerada/Liquidacion Concepto de Nomina/a_Nombre Persona_LiquidacionNo")): Object: 'Object Repository/Modulo Tarea Administracion Compensacion/Legalizar licencia Remunerada/Liquidacion Concepto de Nomina/a_Nombre Persona_LiquidacionNo' is clicked on

2021-11-22 09:22:57 - [MESSAGE][PASSED] - Object: 'Object Repository/Modulo Tarea Administracion Compensacion/Legalizar licencia Remunerada/Liquidacion Concepto de Nomina/a_Nombre Persona_LiquidacionNo' is clicked on

2021-11-22 09:22:57 - [TEST_STEP][PASSED] - setText(findTestObject("Modulo Tarea Administracion Compensacion/Legalizar licencia Remunerada/Liquidacion Concepto de Nomina/input_close_popupFiltroEmplead"), "1065"): Text '1065' is set on object 'Object Repository/Modulo Tarea Administracion Compensacion/Legalizar licencia Remunerada/Liquidacion Concepto de Nomina/input_close_popupFiltroEmplead'

2021-11-22 09:22:58 - [MESSAGE][PASSED] - Text '1065' is set on object 'Object Repository/Modulo Tarea Administracion Compensacion/Legalizar licencia Remunerada/Liquidacion Concepto de Nomina/input_close_popupFiltroEmplead'

2021-11-22 09:22:58 - [TEST_STEP][PASSED] - sendKeys(findTestObject("Modulo Tarea Administracion Compensacion/Legalizar licencia Remunerada/Liquidacion Concepto de Nomina/input_close_popupFiltroEmplead"), Keys.chord(ENTER)): Keys 'ENTER + ' sent to object: 'Object Repository/Modulo Tarea Administracion Compensacion/Legalizar licencia Remunerada/Liquidacion Concepto de Nomina/input_close_popupFiltroEmplead'

2021-11-22 09:22:58 - [MESSAGE][PASSED] - Keys 'ENTER + ' sent to object: 'Object Repository/Modulo Tarea Administracion Compensacion/Legalizar licencia Remunerada/Liquidacion Concepto de Nomina/input_close_popupFiltroEmplead'

2021-11-22 09:22:58 - [TEST_STEP][PASSED] - waitForElementClickable(findTestObject("Modulo Tarea Administracion Compensacion/Legalizar licencia Remunerada/Liquidacion Concepto de Nomina/span_CONSTA BELFEGORD JHON"), G_TimeOut): Object 'Object Repository/Modulo Tarea Administracion Compensacion/Legalizar licencia Remunerada/Liquidacion Concepto de Nomina/span_CONSTA BELFEGORD JHON' is clickable

2021-11-22 09:22:59 - [MESSAGE][PASSED] - Object 'Object Repository/Modulo Tarea Administracion Compensacion/Legalizar licencia Remunerada/Liquidacion Concepto de Nomina/span_CONSTA BELFEGORD JHON' is clickable

2021-11-22 09:22:59 - [TEST_STEP][PASSED] - click(findTestObject("Modulo Tarea Administracion Compensacion/Legalizar licencia Remunerada/Liquidacion Concepto de Nomina/span_CONSTA BELFEGORD JHON")): Object: 'Object Repository/Modulo Tarea Administracion Compensacion/Legalizar licencia Remunerada/Liquidacion Concepto de Nomina/span_CONSTA BELFEGORD JHON' is clicked on

2021-11-22 09:23:00 - [MESSAGE][PASSED] - Object: 'Object Repository/Modulo Tarea Administracion Compensacion/Legalizar licencia Remunerada/Liquidacion Concepto de Nomina/span_CONSTA BELFEGORD JHON' is clicked on

2021-11-22 09:23:00 - [TEST_STEP][PASSED] - waitForElementClickable(findTestObject("Modulo Tarea Administracion Compensacion/Legalizar licencia Remunerada/Liquidacion Concepto de Nomina/td_Mendoza 1015 Empleado"), G_TimeOut): Object 'Object Repository/Modulo Tarea Administracion Compensacion/Legalizar licencia Remunerada/Liquidacion Concepto de Nomina/td_Mendoza 1015 Empleado' is clickable

2021-11-22 09:23:00 - [MESSAGE][PASSED] - Object 'Object Repository/Modulo Tarea Administracion Compensacion/Legalizar licencia Remunerada/Liquidacion Concepto de Nomina/td_Mendoza 1015 Empleado' is clickable

2021-11-22 09:23:00 - [TEST_STEP][PASSED] - click(findTestObject("Modulo Tarea Administracion Compensacion/Legalizar licencia Remunerada/Liquidacion Concepto de Nomina/td_Mendoza 1015 Empleado")): Object: 'Object Repository/Modulo Tarea Administracion Compensacion/Legalizar licencia Remunerada/Liquidacion Concepto de Nomina/td_Mendoza 1015 Empleado' is clicked on

2021-11-22 09:23:01 - [MESSAGE][PASSED] - Object: 'Object Repository/Modulo Tarea Administracion Compensacion/Legalizar licencia Remunerada/Liquidacion Concepto de Nomina/td_Mendoza 1015 Empleado' is clicked on

2021-11-22 09:23:01 - [TEST_STEP][PASSED] - waitForElementClickable(findTestObject("Modulo Tarea Administracion Compensacion/Legalizar licencia Remunerada/Liquidacion Concepto de Nomina/em_Concepto"), 0): Web element with id: 'Object Repository/Modulo Tarea Administracion Compensacion/Legalizar licencia Remunerada/Liquidacion Concepto de Nomina/em_Concepto' located by '//div[@id='calculoNomina:tab']/ul/li[2]/a' not found

2021-11-22 09:23:01 - [MESSAGE][WARNING] - Timeout '0' is invalid. Using default page load timeout: '30'

2021-11-22 09:23:32 - [MESSAGE][INFO] - Unable to find the element located by 'By.xpath: //div[@id='calculoNomina:tab']/ul/li[2]/a'. Please recheck the objects properties to make sure the desired element is located. 

2021-11-22 09:23:32 - [MESSAGE][WARNING] - Web element with id: 'Object Repository/Modulo Tarea Administracion Compensacion/Legalizar licencia Remunerada/Liquidacion Concepto de Nomina/em_Concepto' located by '//div[@id='calculoNomina:tab']/ul/li[2]/a' not found

2021-11-22 09:23:32 - [TEST_STEP][FAILED] - click(findTestObject("Modulo Tarea Administracion Compensacion/Legalizar licencia Remunerada/Liquidacion Concepto de Nomina/em_Concepto")): Unable to click on object 'Object Repository/Modulo Tarea Administracion Compensacion/Legalizar licencia Remunerada/Liquidacion Concepto de Nomina/em_Concepto' (Root cause: com.kms.katalon.core.exception.StepFailedException: Unable to click on object 'Object Repository/Modulo Tarea Administracion Compensacion/Legalizar licencia Remunerada/Liquidacion Concepto de Nomina/em_Concepto'
	at com.kms.katalon.core.webui.keyword.internal.WebUIKeywordMain.stepFailed(WebUIKeywordMain.groovy:64)
	at com.kms.katalon.core.webui.keyword.internal.WebUIKeywordMain.runKeyword(WebUIKeywordMain.groovy:26)
	at com.kms.katalon.core.webui.keyword.builtin.ClickKeyword.click(ClickKeyword.groovy:74)
	at com.kms.katalon.core.webui.keyword.builtin.ClickKeyword.execute(ClickKeyword.groovy:40)
	at com.kms.katalon.core.keyword.internal.KeywordExecutor.executeKeywordForPlatform(KeywordExecutor.groovy:74)
	at com.kms.katalon.core.webui.keyword.WebUiBuiltInKeywords.click(WebUiBuiltInKeywords.groovy:620)
	at com.kms.katalon.core.webui.keyword.WebUiBuiltInKeywords$click$5.call(Unknown Source)
	at 1.4.7-Liquidacion concepto de Nomina.run(1.4.7-Liquidacion concepto de Nomina:63)
	at com.kms.katalon.core.main.ScriptEngine.run(ScriptEngine.java:194)
	at com.kms.katalon.core.main.ScriptEngine.runScriptAsRawText(ScriptEngine.java:119)
	at com.kms.katalon.core.main.TestCaseExecutor.runScript(TestCaseExecutor.java:442)
	at com.kms.katalon.core.main.TestCaseExecutor.doExecute(TestCaseExecutor.java:433)
	at com.kms.katalon.core.main.TestCaseExecutor.processExecutionPhase(TestCaseExecutor.java:412)
	at com.kms.katalon.core.main.TestCaseExecutor.accessMainPhase(TestCaseExecutor.java:404)
	at com.kms.katalon.core.main.TestCaseExecutor.execute(TestCaseExecutor.java:281)
	at com.kms.katalon.core.main.TestSuiteExecutor.accessTestCaseMainPhase(TestSuiteExecutor.java:202)
	at com.kms.katalon.core.main.TestSuiteExecutor.accessTestSuiteMainPhase(TestSuiteExecutor.java:164)
	at com.kms.katalon.core.main.TestSuiteExecutor.execute(TestSuiteExecutor.java:105)
	at com.kms.katalon.core.main.TestCaseMain.startTestSuite(TestCaseMain.java:181)
	at com.kms.katalon.core.main.TestCaseMain$startTestSuite$0.call(Unknown Source)
	at TempTestSuite1637588847917.run(TempTestSuite1637588847917.groovy:36)
Caused by: com.kms.katalon.core.webui.exception.WebElementNotFoundException: Web element with id: 'Object Repository/Modulo Tarea Administracion Compensacion/Legalizar licencia Remunerada/Liquidacion Concepto de Nomina/em_Concepto' located by '//div[@id='calculoNomina:tab']/ul/li[2]/a' not found
	at com.kms.katalon.core.webui.common.WebUiCommonHelper.findWebElement(WebUiCommonHelper.java:1368)
	at com.kms.katalon.core.webui.keyword.internal.WebUIAbstractKeyword.findWebElement(WebUIAbstractKeyword.groovy:27)
	at com.kms.katalon.core.webui.keyword.builtin.ClickKeyword$_click_closure1.doCall(ClickKeyword.groovy:65)
	at com.kms.katalon.core.webui.keyword.builtin.ClickKeyword$_click_closure1.call(ClickKeyword.groovy)
	at com.kms.katalon.core.webui.keyword.internal.WebUIKeywordMain.runKeyword(WebUIKeywordMain.groovy:20)
	at com.kms.katalon.core.webui.keyword.builtin.ClickKeyword.click(ClickKeyword.groovy:74)
	at com.kms.katalon.core.webui.keyword.builtin.ClickKeyword.execute(ClickKeyword.groovy:40)
	at com.kms.katalon.core.keyword.internal.KeywordExecutor.executeKeywordForPlatform(KeywordExecutor.groovy:74)
	at com.kms.katalon.core.webui.keyword.WebUiBuiltInKeywords.click(WebUiBuiltInKeywords.groovy:620)
	at com.kms.katalon.core.webui.keyword.WebUiBuiltInKeywords$click$5.call(Unknown Source)
	at Script1548866573720.run(Script1548866573720.groovy:63)
	... 13 more
)

2021-11-22 09:24:03 - [MESSAGE][INFO] - Unable to find the element located by 'By.xpath: //div[@id='calculoNomina:tab']/ul/li[2]/a'. Please recheck the objects properties to make sure the desired element is located. 

2021-11-22 09:24:03 - [MESSAGE][FAILED] - Unable to click on object 'Object Repository/Modulo Tarea Administracion Compensacion/Legalizar licencia Remunerada/Liquidacion Concepto de Nomina/em_Concepto' (Root cause: com.kms.katalon.core.exception.StepFailedException: Unable to click on object 'Object Repository/Modulo Tarea Administracion Compensacion/Legalizar licencia Remunerada/Liquidacion Concepto de Nomina/em_Concepto'
	at com.kms.katalon.core.webui.keyword.internal.WebUIKeywordMain.stepFailed(WebUIKeywordMain.groovy:64)
	at com.kms.katalon.core.webui.keyword.internal.WebUIKeywordMain.runKeyword(WebUIKeywordMain.groovy:26)
	at com.kms.katalon.core.webui.keyword.builtin.ClickKeyword.click(ClickKeyword.groovy:74)
	at com.kms.katalon.core.webui.keyword.builtin.ClickKeyword.execute(ClickKeyword.groovy:40)
	at com.kms.katalon.core.keyword.internal.KeywordExecutor.executeKeywordForPlatform(KeywordExecutor.groovy:74)
	at com.kms.katalon.core.webui.keyword.WebUiBuiltInKeywords.click(WebUiBuiltInKeywords.groovy:620)
	at com.kms.katalon.core.webui.keyword.WebUiBuiltInKeywords$click$5.call(Unknown Source)
	at 1.4.7-Liquidacion concepto de Nomina.run(1.4.7-Liquidacion concepto de Nomina:63)
	at com.kms.katalon.core.main.ScriptEngine.run(ScriptEngine.java:194)
	at com.kms.katalon.core.main.ScriptEngine.runScriptAsRawText(ScriptEngine.java:119)
	at com.kms.katalon.core.main.TestCaseExecutor.runScript(TestCaseExecutor.java:442)
	at com.kms.katalon.core.main.TestCaseExecutor.doExecute(TestCaseExecutor.java:433)
	at com.kms.katalon.core.main.TestCaseExecutor.processExecutionPhase(TestCaseExecutor.java:412)
	at com.kms.katalon.core.main.TestCaseExecutor.accessMainPhase(TestCaseExecutor.java:404)
	at com.kms.katalon.core.main.TestCaseExecutor.execute(TestCaseExecutor.java:281)
	at com.kms.katalon.core.main.TestSuiteExecutor.accessTestCaseMainPhase(TestSuiteExecutor.java:202)
	at com.kms.katalon.core.main.TestSuiteExecutor.accessTestSuiteMainPhase(TestSuiteExecutor.java:164)
	at com.kms.katalon.core.main.TestSuiteExecutor.execute(TestSuiteExecutor.java:105)
	at com.kms.katalon.core.main.TestCaseMain.startTestSuite(TestCaseMain.java:181)
	at com.kms.katalon.core.main.TestCaseMain$startTestSuite$0.call(Unknown Source)
	at TempTestSuite1637588847917.run(TempTestSuite1637588847917.groovy:36)
Caused by: com.kms.katalon.core.webui.exception.WebElementNotFoundException: Web element with id: 'Object Repository/Modulo Tarea Administracion Compensacion/Legalizar licencia Remunerada/Liquidacion Concepto de Nomina/em_Concepto' located by '//div[@id='calculoNomina:tab']/ul/li[2]/a' not found
	at com.kms.katalon.core.webui.common.WebUiCommonHelper.findWebElement(WebUiCommonHelper.java:1368)
	at com.kms.katalon.core.webui.keyword.internal.WebUIAbstractKeyword.findWebElement(WebUIAbstractKeyword.groovy:27)
	at com.kms.katalon.core.webui.keyword.builtin.ClickKeyword$_click_closure1.doCall(ClickKeyword.groovy:65)
	at com.kms.katalon.core.webui.keyword.builtin.ClickKeyword$_click_closure1.call(ClickKeyword.groovy)
	at com.kms.katalon.core.webui.keyword.internal.WebUIKeywordMain.runKeyword(WebUIKeywordMain.groovy:20)
	at com.kms.katalon.core.webui.keyword.builtin.ClickKeyword.click(ClickKeyword.groovy:74)
	at com.kms.katalon.core.webui.keyword.builtin.ClickKeyword.execute(ClickKeyword.groovy:40)
	at com.kms.katalon.core.keyword.internal.KeywordExecutor.executeKeywordForPlatform(KeywordExecutor.groovy:74)
	at com.kms.katalon.core.webui.keyword.WebUiBuiltInKeywords.click(WebUiBuiltInKeywords.groovy:620)
	at com.kms.katalon.core.webui.keyword.WebUiBuiltInKeywords$click$5.call(Unknown Source)
	at Script1548866573720.run(Script1548866573720.groovy:63)
	... 13 more
)
[[ATTACHMENT|C:\\Users\\diego.rojas\\git\\Pruebas-Minimas\\Reports\\20211122_084727\\Tareas Principales\\20211122_084727\\1637591043674.png]]]]></system-out>
         <system-err><![CDATA[2021-11-22 09:22:36 - [TEST_CASE][FAILED] - Test Cases/1.1-Tareas Principales/1.4.7-Liquidacion concepto de Nomina: Test Cases/1.1-Tareas Principales/1.4.7-Liquidacion concepto de Nomina FAILED.
Reason:
com.kms.katalon.core.exception.StepFailedException: Unable to click on object 'Object Repository/Modulo Tarea Administracion Compensacion/Legalizar licencia Remunerada/Liquidacion Concepto de Nomina/em_Concepto'
	at com.kms.katalon.core.webui.keyword.internal.WebUIKeywordMain.stepFailed(WebUIKeywordMain.groovy:64)
	at com.kms.katalon.core.webui.keyword.internal.WebUIKeywordMain.runKeyword(WebUIKeywordMain.groovy:26)
	at com.kms.katalon.core.webui.keyword.builtin.ClickKeyword.click(ClickKeyword.groovy:74)
	at com.kms.katalon.core.webui.keyword.builtin.ClickKeyword.execute(ClickKeyword.groovy:40)
	at com.kms.katalon.core.keyword.internal.KeywordExecutor.executeKeywordForPlatform(KeywordExecutor.groovy:74)
	at com.kms.katalon.core.webui.keyword.WebUiBuiltInKeywords.click(WebUiBuiltInKeywords.groovy:620)
	at com.kms.katalon.core.webui.keyword.WebUiBuiltInKeywords$click$5.call(Unknown Source)
	at 1.4.7-Liquidacion concepto de Nomina.run(1.4.7-Liquidacion concepto de Nomina:63)
	at com.kms.katalon.core.main.ScriptEngine.run(ScriptEngine.java:194)
	at com.kms.katalon.core.main.ScriptEngine.runScriptAsRawText(ScriptEngine.java:119)
	at com.kms.katalon.core.main.TestCaseExecutor.runScript(TestCaseExecutor.java:442)
	at com.kms.katalon.core.main.TestCaseExecutor.doExecute(TestCaseExecutor.java:433)
	at com.kms.katalon.core.main.TestCaseExecutor.processExecutionPhase(TestCaseExecutor.java:412)
	at com.kms.katalon.core.main.TestCaseExecutor.accessMainPhase(TestCaseExecutor.java:404)
	at com.kms.katalon.core.main.TestCaseExecutor.execute(TestCaseExecutor.java:281)
	at com.kms.katalon.core.main.TestSuiteExecutor.accessTestCaseMainPhase(TestSuiteExecutor.java:202)
	at com.kms.katalon.core.main.TestSuiteExecutor.accessTestSuiteMainPhase(TestSuiteExecutor.java:164)
	at com.kms.katalon.core.main.TestSuiteExecutor.execute(TestSuiteExecutor.java:105)
	at com.kms.katalon.core.main.TestCaseMain.startTestSuite(TestCaseMain.java:181)
	at com.kms.katalon.core.main.TestCaseMain$startTestSuite$0.call(Unknown Source)
	at TempTestSuite1637588847917.run(TempTestSuite1637588847917.groovy:36)
Caused by: com.kms.katalon.core.webui.exception.WebElementNotFoundException: Web element with id: 'Object Repository/Modulo Tarea Administracion Compensacion/Legalizar licencia Remunerada/Liquidacion Concepto de Nomina/em_Concepto' located by '//div[@id='calculoNomina:tab']/ul/li[2]/a' not found
	at com.kms.katalon.core.webui.common.WebUiCommonHelper.findWebElement(WebUiCommonHelper.java:1368)
	at com.kms.katalon.core.webui.keyword.internal.WebUIAbstractKeyword.findWebElement(WebUIAbstractKeyword.groovy:27)
	at com.kms.katalon.core.webui.keyword.builtin.ClickKeyword$_click_closure1.doCall(ClickKeyword.groovy:65)
	at com.kms.katalon.core.webui.keyword.builtin.ClickKeyword$_click_closure1.call(ClickKeyword.groovy)
	at com.kms.katalon.core.webui.keyword.internal.WebUIKeywordMain.runKeyword(WebUIKeywordMain.groovy:20)
	... 19 more]]></system-err>
      </testcase>
      <testcase name="Test Cases/1.1-Tareas Principales/1.4.8-Tarea Importar Fuente general" time="24.772" classname="Test Cases/1.1-Tareas Principales/1.4.8-Tarea Importar Fuente general" status="PASSED">
         <system-out><![CDATA[2021-11-22 09:24:03 - [TEST_CASE][PASSED] - Test Cases/1.1-Tareas Principales/1.4.8-Tarea Importar Fuente general: Test Cases/1.1-Tareas Principales/1.4.8-Tarea Importar Fuente general

2021-11-22 09:24:04 - [TEST_STEP][PASSED] - callTestCase(findTestCase("0.1-Login"), [:], STOP_ON_FAILURE): Call Test Case 'Test Cases/0.1-Login' successfully

2021-11-22 09:24:04 - [TEST_CASE][PASSED] - Test Cases/0.1-Login: Test Cases/0.1-Login

2021-11-22 09:24:04 - [TEST_STEP][PASSED] - openBrowser(""): Browser is opened with url: ''

2021-11-22 09:24:04 - [MESSAGE][WARNING] - A browser is already opened. Closing browser and opening a new one

2021-11-22 09:24:05 - [MESSAGE][INFO] - Starting 'Edge Chromium' driver

2021-11-22 09:24:07 - [MESSAGE][INFO] - Action delay is set to 0 milliseconds

2021-11-22 09:24:08 - [MESSAGE][PASSED] - Browser is opened with url: ''

2021-11-22 09:24:08 - [TEST_STEP][PASSED] - maximizeWindow(): Current window maximized

2021-11-22 09:24:08 - [MESSAGE][PASSED] - Current window maximized

2021-11-22 09:24:08 - [TEST_STEP][PASSED] - i = G_Login: null

2021-11-22 09:24:08 - [TEST_STEP][PASSED] - url = new java.net.URL(i): null

2021-11-22 09:24:08 - [TEST_STEP][PASSED] - println("URL: " + url.toString()): null

2021-11-22 09:24:08 - [TEST_STEP][PASSED] - connection = url.openConnection(): null

2021-11-22 09:24:08 - [TEST_STEP][PASSED] - connection.setRequestMethod("GET"): null

2021-11-22 09:24:08 - [TEST_STEP][PASSED] - connection.setReadTimeout(2 * 1000): null

2021-11-22 09:24:08 - [TEST_STEP][PASSED] - try: null

2021-11-22 09:24:08 - [TEST_STEP][PASSED] - connection.connect(): null

2021-11-22 09:24:08 - [TEST_STEP][PASSED] - flag = connected: null

2021-11-22 09:24:08 - [TEST_STEP][PASSED] - println("Valor_ori: " + flag): null

2021-11-22 09:24:08 - [TEST_STEP][PASSED] - if (flag): null

2021-11-22 09:24:08 - [TEST_STEP][PASSED] - navigateToUrl(i): Navigate to 'http://localhost:8380/saraweb/' successfully

2021-11-22 09:24:09 - [MESSAGE][PASSED] - Navigate to 'http://localhost:8380/saraweb/' successfully

2021-11-22 09:24:09 - [TEST_STEP][PASSED] - a(): null

2021-11-22 09:24:09 - [TEST_STEP][PASSED] - setText(findTestObject("Login/input_USUARIO_loginusuario"), G_Usuario): Text 'saraadmin' is set on object 'Object Repository/Login/input_USUARIO_loginusuario'

2021-11-22 09:24:10 - [MESSAGE][PASSED] - Text 'saraadmin' is set on object 'Object Repository/Login/input_USUARIO_loginusuario'

2021-11-22 09:24:10 - [TEST_STEP][PASSED] - setEncryptedText(findTestObject("Login/input_CLAVE_loginpassword"), "MkG4/TYiCFC3cb2driP7+Q=="): Text ****** has been set on object 'Object Repository/Login/input_CLAVE_loginpassword'

2021-11-22 09:24:11 - [MESSAGE][PASSED] - Text ****** has been set on object 'Object Repository/Login/input_CLAVE_loginpassword'

2021-11-22 09:24:11 - [TEST_STEP][PASSED] - waitForElementClickable(findTestObject("Login/a_Ingresar"), G_TimeOut): Object 'Object Repository/Login/a_Ingresar' is clickable

2021-11-22 09:24:11 - [MESSAGE][PASSED] - Object 'Object Repository/Login/a_Ingresar' is clickable

2021-11-22 09:24:11 - [TEST_STEP][PASSED] - click(findTestObject("Login/a_Ingresar")): Object: 'Object Repository/Login/a_Ingresar' is clicked on

2021-11-22 09:24:14 - [MESSAGE][PASSED] - Object: 'Object Repository/Login/a_Ingresar' is clicked on

2021-11-22 09:24:14 - [TEST_STEP][PASSED] - element = findWebElement(findTestObject("Login/a_Ir"), 30): null

2021-11-22 09:24:14 - [TEST_STEP][PASSED] - executeJavaScript("arguments[0].click()", Arrays.asList(element)): Execute JavaScript 'arguments[0].click()' successfully

2021-11-22 09:24:14 - [MESSAGE][PASSED] - Execute JavaScript 'arguments[0].click()' successfully

2021-11-22 09:24:14 - [MESSAGE][PASSED] - Call Test Case 'Test Cases/0.1-Login' successfully

2021-11-22 09:24:14 - [TEST_STEP][PASSED] - waitForElementClickable(findTestObject("Modulo Tarea Sara General/Importar Fuente General/input_Ir_nav_t66_input"), 3): Object 'Object Repository/Modulo Tarea Sara General/Importar Fuente General/input_Ir_nav_t66_input' is clickable

2021-11-22 09:24:15 - [MESSAGE][PASSED] - Object 'Object Repository/Modulo Tarea Sara General/Importar Fuente General/input_Ir_nav_t66_input' is clickable

2021-11-22 09:24:15 - [TEST_STEP][PASSED] - setText(findTestObject("Modulo Tarea Sara General/Importar Fuente General/input_Ir_nav_t66_input"), "Importar Fuente General"): Text 'Importar Fuente General' is set on object 'Object Repository/Modulo Tarea Sara General/Importar Fuente General/input_Ir_nav_t66_input'

2021-11-22 09:24:16 - [MESSAGE][PASSED] - Text 'Importar Fuente General' is set on object 'Object Repository/Modulo Tarea Sara General/Importar Fuente General/input_Ir_nav_t66_input'

2021-11-22 09:24:16 - [TEST_STEP][PASSED] - delay(1): Delayed 1 second(s)

2021-11-22 09:24:17 - [MESSAGE][PASSED] - Delayed 1 second(s)

2021-11-22 09:24:17 - [TEST_STEP][PASSED] - sendKeys(findTestObject("Modulo Tarea Sara General/Importar Fuente General/input_Ir_nav_t66_input"), Keys.chord(ENTER)): Keys 'ENTER + ' sent to object: 'Object Repository/Modulo Tarea Sara General/Importar Fuente General/input_Ir_nav_t66_input'

2021-11-22 09:24:17 - [MESSAGE][PASSED] - Keys 'ENTER + ' sent to object: 'Object Repository/Modulo Tarea Sara General/Importar Fuente General/input_Ir_nav_t66_input'

2021-11-22 09:24:17 - [TEST_STEP][PASSED] - setText(findTestObject("Modulo Tarea Sara General/Importar Fuente General/input_Importar Fuente_formImpo"), "Insertar las liquidaciones periodicas de prestamo"): Text 'Insertar las liquidaciones periodicas de prestamo' is set on object 'Object Repository/Modulo Tarea Sara General/Importar Fuente General/input_Importar Fuente_formImpo'

2021-11-22 09:24:19 - [MESSAGE][PASSED] - Text 'Insertar las liquidaciones periodicas de prestamo' is set on object 'Object Repository/Modulo Tarea Sara General/Importar Fuente General/input_Importar Fuente_formImpo'

2021-11-22 09:24:19 - [TEST_STEP][PASSED] - sendKeys(findTestObject("Modulo Tarea Sara General/Importar Fuente General/input_Importar Fuente_formImpo"), Keys.chord(ENTER)): Keys 'ENTER + ' sent to object: 'Object Repository/Modulo Tarea Sara General/Importar Fuente General/input_Importar Fuente_formImpo'

2021-11-22 09:24:20 - [MESSAGE][PASSED] - Keys 'ENTER + ' sent to object: 'Object Repository/Modulo Tarea Sara General/Importar Fuente General/input_Importar Fuente_formImpo'

2021-11-22 09:24:20 - [TEST_STEP][PASSED] - click(findTestObject("Modulo Tarea Sara General/Importar Fuente General/td_Insertar Las Liquidaciones Periodicas De Prestamo")): Object: 'Object Repository/Modulo Tarea Sara General/Importar Fuente General/td_Insertar Las Liquidaciones Periodicas De Prestamo' is clicked on

2021-11-22 09:24:21 - [MESSAGE][PASSED] - Object: 'Object Repository/Modulo Tarea Sara General/Importar Fuente General/td_Insertar Las Liquidaciones Periodicas De Prestamo' is clicked on

2021-11-22 09:24:21 - [TEST_STEP][PASSED] - ruta = G_rutaarchivos + "ArchivoPlanoLiquidacionNomina.txt": null

2021-11-22 09:24:21 - [TEST_STEP][PASSED] - uploadFile(findTestObject("Modulo Tarea Sara General/Importar Fuente General/Archivo Cargue Fuente"), ruta): File 'E:\unionweb14\ArchivoPlanoLiquidacionNomina.txt' sent to object: 'Object Repository/Modulo Tarea Sara General/Importar Fuente General/Archivo Cargue Fuente'

2021-11-22 09:24:21 - [MESSAGE][PASSED] - File 'E:\unionweb14\ArchivoPlanoLiquidacionNomina.txt' sent to object: 'Object Repository/Modulo Tarea Sara General/Importar Fuente General/Archivo Cargue Fuente'

2021-11-22 09:24:21 - [TEST_STEP][PASSED] - filePath = getAttribute(findTestObject("Modulo Tarea Sara General/Importar Fuente General/Archivo Cargue Fuente"), "value"): Attribute 'value' of object 'Object Repository/Modulo Tarea Sara General/Importar Fuente General/Archivo Cargue Fuente' is: ''

2021-11-22 09:24:23 - [MESSAGE][PASSED] - Attribute 'value' of object 'Object Repository/Modulo Tarea Sara General/Importar Fuente General/Archivo Cargue Fuente' is: ''

2021-11-22 09:24:23 - [TEST_STEP][PASSED] - click(findTestObject("Modulo Tarea Sara General/Importar Fuente General/a_Importar")): Object: 'Object Repository/Modulo Tarea Sara General/Importar Fuente General/a_Importar' is clicked on

2021-11-22 09:24:23 - [MESSAGE][PASSED] - Object: 'Object Repository/Modulo Tarea Sara General/Importar Fuente General/a_Importar' is clicked on

2021-11-22 09:24:23 - [TEST_STEP][PASSED] - click(findTestObject("Modulo Tarea Sara General/Importar Fuente General/a_Continuar")): Object: 'Object Repository/Modulo Tarea Sara General/Importar Fuente General/a_Continuar' is clicked on

2021-11-22 09:24:27 - [MESSAGE][PASSED] - Object: 'Object Repository/Modulo Tarea Sara General/Importar Fuente General/a_Continuar' is clicked on

2021-11-22 09:24:27 - [TEST_STEP][PASSED] - closeBrowser(): Browser is closed

2021-11-22 09:24:28 - [MESSAGE][PASSED] - Browser is closed]]></system-out>
         <system-err><![CDATA[]]></system-err>
      </testcase>
      <testcase name="Test Cases/1.1-Tareas Principales/1.4.9-Verificacion de campo Total Abonado" time="24.685" classname="Test Cases/1.1-Tareas Principales/1.4.9-Verificacion de campo Total Abonado" status="PASSED">
         <system-out><![CDATA[2021-11-22 09:24:28 - [TEST_CASE][PASSED] - Test Cases/1.1-Tareas Principales/1.4.9-Verificacion de campo Total Abonado: Test Cases/1.1-Tareas Principales/1.4.9-Verificacion de campo Total Abonado

2021-11-22 09:24:28 - [TEST_STEP][PASSED] - callTestCase(findTestCase("Hutilidades/Tareas Administracion Compensacion/Tarea Listado Empleados"), [:], STOP_ON_FAILURE): Call Test Case 'Test Cases/Hutilidades/Tareas Administracion Compensacion/Tarea Listado Empleados' successfully

2021-11-22 09:24:28 - [TEST_CASE][PASSED] - Test Cases/Hutilidades/Tareas Administracion Compensacion/Tarea Listado Empleados: Test Cases/Hutilidades/Tareas Administracion Compensacion/Tarea Listado Empleados

2021-11-22 09:24:28 - [TEST_STEP][PASSED] - callTestCase(findTestCase("0.1-Login"), [:], STOP_ON_FAILURE): Call Test Case 'Test Cases/0.1-Login' successfully

2021-11-22 09:24:29 - [TEST_CASE][PASSED] - Test Cases/0.1-Login: Test Cases/0.1-Login

2021-11-22 09:24:29 - [TEST_STEP][PASSED] - openBrowser(""): Browser is opened with url: ''

2021-11-22 09:24:29 - [MESSAGE][INFO] - Starting 'Edge Chromium' driver

2021-11-22 09:24:31 - [MESSAGE][INFO] - Action delay is set to 0 milliseconds

2021-11-22 09:24:32 - [MESSAGE][PASSED] - Browser is opened with url: ''

2021-11-22 09:24:32 - [TEST_STEP][PASSED] - maximizeWindow(): Current window maximized

2021-11-22 09:24:32 - [MESSAGE][PASSED] - Current window maximized

2021-11-22 09:24:32 - [TEST_STEP][PASSED] - i = G_Login: null

2021-11-22 09:24:32 - [TEST_STEP][PASSED] - url = new java.net.URL(i): null

2021-11-22 09:24:32 - [TEST_STEP][PASSED] - println("URL: " + url.toString()): null

2021-11-22 09:24:32 - [TEST_STEP][PASSED] - connection = url.openConnection(): null

2021-11-22 09:24:32 - [TEST_STEP][PASSED] - connection.setRequestMethod("GET"): null

2021-11-22 09:24:32 - [TEST_STEP][PASSED] - connection.setReadTimeout(2 * 1000): null

2021-11-22 09:24:32 - [TEST_STEP][PASSED] - try: null

2021-11-22 09:24:32 - [TEST_STEP][PASSED] - connection.connect(): null

2021-11-22 09:24:32 - [TEST_STEP][PASSED] - flag = connected: null

2021-11-22 09:24:32 - [TEST_STEP][PASSED] - println("Valor_ori: " + flag): null

2021-11-22 09:24:32 - [TEST_STEP][PASSED] - if (flag): null

2021-11-22 09:24:32 - [TEST_STEP][PASSED] - navigateToUrl(i): Navigate to 'http://localhost:8380/saraweb/' successfully

2021-11-22 09:24:33 - [MESSAGE][PASSED] - Navigate to 'http://localhost:8380/saraweb/' successfully

2021-11-22 09:24:33 - [TEST_STEP][PASSED] - a(): null

2021-11-22 09:24:33 - [TEST_STEP][PASSED] - setText(findTestObject("Login/input_USUARIO_loginusuario"), G_Usuario): Text 'saraadmin' is set on object 'Object Repository/Login/input_USUARIO_loginusuario'

2021-11-22 09:24:33 - [MESSAGE][PASSED] - Text 'saraadmin' is set on object 'Object Repository/Login/input_USUARIO_loginusuario'

2021-11-22 09:24:33 - [TEST_STEP][PASSED] - setEncryptedText(findTestObject("Login/input_CLAVE_loginpassword"), "MkG4/TYiCFC3cb2driP7+Q=="): Text ****** has been set on object 'Object Repository/Login/input_CLAVE_loginpassword'

2021-11-22 09:24:34 - [MESSAGE][PASSED] - Text ****** has been set on object 'Object Repository/Login/input_CLAVE_loginpassword'

2021-11-22 09:24:34 - [TEST_STEP][PASSED] - waitForElementClickable(findTestObject("Login/a_Ingresar"), G_TimeOut): Object 'Object Repository/Login/a_Ingresar' is clickable

2021-11-22 09:24:34 - [MESSAGE][PASSED] - Object 'Object Repository/Login/a_Ingresar' is clickable

2021-11-22 09:24:34 - [TEST_STEP][PASSED] - click(findTestObject("Login/a_Ingresar")): Object: 'Object Repository/Login/a_Ingresar' is clicked on

2021-11-22 09:24:37 - [MESSAGE][PASSED] - Object: 'Object Repository/Login/a_Ingresar' is clicked on

2021-11-22 09:24:37 - [TEST_STEP][PASSED] - element = findWebElement(findTestObject("Login/a_Ir"), 30): null

2021-11-22 09:24:37 - [TEST_STEP][PASSED] - executeJavaScript("arguments[0].click()", Arrays.asList(element)): Execute JavaScript 'arguments[0].click()' successfully

2021-11-22 09:24:37 - [MESSAGE][PASSED] - Execute JavaScript 'arguments[0].click()' successfully

2021-11-22 09:24:37 - [MESSAGE][PASSED] - Call Test Case 'Test Cases/0.1-Login' successfully

2021-11-22 09:24:37 - [TEST_STEP][PASSED] - setText(findTestObject("Modulo Tarea Listado Hojas de Vida/Tareas Listado Hojas de Vida/input_Listado Hojas De Vida_form_templatej_idt24_input"), "Listado de Empleados"): Text 'Listado de Empleados' is set on object 'Object Repository/Modulo Tarea Listado Hojas de Vida/Tareas Listado Hojas de Vida/input_Listado Hojas De Vida_form_templatej_idt24_input'

2021-11-22 09:24:38 - [MESSAGE][PASSED] - Text 'Listado de Empleados' is set on object 'Object Repository/Modulo Tarea Listado Hojas de Vida/Tareas Listado Hojas de Vida/input_Listado Hojas De Vida_form_templatej_idt24_input'

2021-11-22 09:24:38 - [TEST_STEP][PASSED] - delay(3): Delayed 3 second(s)

2021-11-22 09:24:41 - [MESSAGE][PASSED] - Delayed 3 second(s)

2021-11-22 09:24:41 - [TEST_STEP][PASSED] - sendKeys(findTestObject("Modulo Tarea Listado Hojas de Vida/Tareas Listado Hojas de Vida/input_Listado Hojas De Vida_form_templatej_idt24_input"), Keys.chord(ENTER)): Keys 'ENTER + ' sent to object: 'Object Repository/Modulo Tarea Listado Hojas de Vida/Tareas Listado Hojas de Vida/input_Listado Hojas De Vida_form_templatej_idt24_input'

2021-11-22 09:24:42 - [MESSAGE][PASSED] - Keys 'ENTER + ' sent to object: 'Object Repository/Modulo Tarea Listado Hojas de Vida/Tareas Listado Hojas de Vida/input_Listado Hojas De Vida_form_templatej_idt24_input'

2021-11-22 09:24:42 - [MESSAGE][PASSED] - Call Test Case 'Test Cases/Hutilidades/Tareas Administracion Compensacion/Tarea Listado Empleados' successfully

2021-11-22 09:24:42 - [TEST_STEP][PASSED] - waitForElementClickable(findTestObject("Modulo Tarea Administracion Compensacion/Verificacion de campo Total Abonado/a_Nombre Funcionario_listadoEm"), 0): Object 'Object Repository/Modulo Tarea Administracion Compensacion/Verificacion de campo Total Abonado/a_Nombre Funcionario_listadoEm' is clickable

2021-11-22 09:24:42 - [MESSAGE][WARNING] - Timeout '0' is invalid. Using default page load timeout: '30'

2021-11-22 09:24:46 - [MESSAGE][PASSED] - Object 'Object Repository/Modulo Tarea Administracion Compensacion/Verificacion de campo Total Abonado/a_Nombre Funcionario_listadoEm' is clickable

2021-11-22 09:24:46 - [TEST_STEP][PASSED] - click(findTestObject("Modulo Tarea Administracion Compensacion/Verificacion de campo Total Abonado/a_Nombre Funcionario_listadoEm")): Object: 'Object Repository/Modulo Tarea Administracion Compensacion/Verificacion de campo Total Abonado/a_Nombre Funcionario_listadoEm' is clicked on

2021-11-22 09:24:47 - [MESSAGE][PASSED] - Object: 'Object Repository/Modulo Tarea Administracion Compensacion/Verificacion de campo Total Abonado/a_Nombre Funcionario_listadoEm' is clicked on

2021-11-22 09:24:47 - [TEST_STEP][PASSED] - setText(findTestObject("Modulo Tarea Administracion Compensacion/Verificacion de campo Total Abonado/a_Nombre Funcionario_listadoEm"), "354968431354"): Text '354968431354' is set on object 'Object Repository/Modulo Tarea Administracion Compensacion/Verificacion de campo Total Abonado/a_Nombre Funcionario_listadoEm'

2021-11-22 09:24:48 - [MESSAGE][PASSED] - Text '354968431354' is set on object 'Object Repository/Modulo Tarea Administracion Compensacion/Verificacion de campo Total Abonado/a_Nombre Funcionario_listadoEm'

2021-11-22 09:24:48 - [TEST_STEP][PASSED] - sendKeys(findTestObject("Modulo Tarea Administracion Compensacion/Verificacion de campo Total Abonado/a_Nombre Funcionario_listadoEm"), Keys.chord(ENTER)): Keys 'ENTER + ' sent to object: 'Object Repository/Modulo Tarea Administracion Compensacion/Verificacion de campo Total Abonado/a_Nombre Funcionario_listadoEm'

2021-11-22 09:24:48 - [MESSAGE][PASSED] - Keys 'ENTER + ' sent to object: 'Object Repository/Modulo Tarea Administracion Compensacion/Verificacion de campo Total Abonado/a_Nombre Funcionario_listadoEm'

2021-11-22 09:24:48 - [TEST_STEP][PASSED] - click(findTestObject("Modulo Tarea Administracion Compensacion/Verificacion de campo Total Abonado/span_CONSTA BELFEGORD JHON")): Object: 'Object Repository/Modulo Tarea Administracion Compensacion/Verificacion de campo Total Abonado/span_CONSTA BELFEGORD JHON' is clicked on

2021-11-22 09:24:50 - [MESSAGE][PASSED] - Object: 'Object Repository/Modulo Tarea Administracion Compensacion/Verificacion de campo Total Abonado/span_CONSTA BELFEGORD JHON' is clicked on

2021-11-22 09:24:50 - [TEST_STEP][PASSED] - click(findTestObject("Modulo Tarea Administracion Compensacion/Verificacion de campo Total Abonado/span_Liquidacin Periodica")): Object: 'Object Repository/Modulo Tarea Administracion Compensacion/Verificacion de campo Total Abonado/span_Liquidacin Periodica' is clicked on

2021-11-22 09:24:51 - [MESSAGE][PASSED] - Object: 'Object Repository/Modulo Tarea Administracion Compensacion/Verificacion de campo Total Abonado/span_Liquidacin Periodica' is clicked on

2021-11-22 09:24:51 - [TEST_STEP][PASSED] - click(findTestObject("Modulo Tarea Administracion Compensacion/Verificacion de campo Total Abonado/span_PRESTAMO BANCOLOMBIA")): Object: 'Object Repository/Modulo Tarea Administracion Compensacion/Verificacion de campo Total Abonado/span_PRESTAMO BANCOLOMBIA' is clicked on

2021-11-22 09:24:52 - [MESSAGE][PASSED] - Object: 'Object Repository/Modulo Tarea Administracion Compensacion/Verificacion de campo Total Abonado/span_PRESTAMO BANCOLOMBIA' is clicked on

2021-11-22 09:24:52 - [TEST_STEP][PASSED] - closeBrowser(): Browser is closed

2021-11-22 09:24:53 - [MESSAGE][PASSED] - Browser is closed]]></system-out>
         <system-err><![CDATA[]]></system-err>
      </testcase>
      <testcase name="Test Cases/1.1-Tareas Principales/1.5.1-Administracion embargos" time="52.554" classname="Test Cases/1.1-Tareas Principales/1.5.1-Administracion embargos" status="PASSED">
         <system-out><![CDATA[2021-11-22 09:24:53 - [TEST_CASE][PASSED] - Test Cases/1.1-Tareas Principales/1.5.1-Administracion embargos: Test Cases/1.1-Tareas Principales/1.5.1-Administracion embargos

2021-11-22 09:24:53 - [TEST_STEP][PASSED] - callTestCase(findTestCase("Hutilidades/Tareas Administracion Compensacion/Administracion embargos por Fecha"), [:], STOP_ON_FAILURE): Call Test Case 'Test Cases/Hutilidades/Tareas Administracion Compensacion/Administracion embargos por Fecha' successfully

2021-11-22 09:24:53 - [TEST_CASE][PASSED] - Test Cases/Hutilidades/Tareas Administracion Compensacion/Administracion embargos por Fecha: Test Cases/Hutilidades/Tareas Administracion Compensacion/Administracion embargos por Fecha

2021-11-22 09:24:53 - [TEST_STEP][PASSED] - callTestCase(findTestCase("Hutilidades/Modulos/Modulo Administracion Compensacion"), [:], STOP_ON_FAILURE): Call Test Case 'Test Cases/Hutilidades/Modulos/Modulo Administracion Compensacion' successfully

2021-11-22 09:24:54 - [TEST_CASE][PASSED] - Test Cases/Hutilidades/Modulos/Modulo Administracion Compensacion: Test Cases/Hutilidades/Modulos/Modulo Administracion Compensacion

2021-11-22 09:24:54 - [TEST_STEP][PASSED] - callTestCase(findTestCase("0.1-Login"), [:], STOP_ON_FAILURE): Call Test Case 'Test Cases/0.1-Login' successfully

2021-11-22 09:24:54 - [TEST_CASE][PASSED] - Test Cases/0.1-Login: Test Cases/0.1-Login

2021-11-22 09:24:54 - [TEST_STEP][PASSED] - openBrowser(""): Browser is opened with url: ''

2021-11-22 09:24:54 - [MESSAGE][INFO] - Starting 'Edge Chromium' driver

2021-11-22 09:24:56 - [MESSAGE][INFO] - Action delay is set to 0 milliseconds

2021-11-22 09:24:57 - [MESSAGE][PASSED] - Browser is opened with url: ''

2021-11-22 09:24:57 - [TEST_STEP][PASSED] - maximizeWindow(): Current window maximized

2021-11-22 09:24:57 - [MESSAGE][PASSED] - Current window maximized

2021-11-22 09:24:57 - [TEST_STEP][PASSED] - i = G_Login: null

2021-11-22 09:24:57 - [TEST_STEP][PASSED] - url = new java.net.URL(i): null

2021-11-22 09:24:57 - [TEST_STEP][PASSED] - println("URL: " + url.toString()): null

2021-11-22 09:24:57 - [TEST_STEP][PASSED] - connection = url.openConnection(): null

2021-11-22 09:24:57 - [TEST_STEP][PASSED] - connection.setRequestMethod("GET"): null

2021-11-22 09:24:57 - [TEST_STEP][PASSED] - connection.setReadTimeout(2 * 1000): null

2021-11-22 09:24:57 - [TEST_STEP][PASSED] - try: null

2021-11-22 09:24:57 - [TEST_STEP][PASSED] - connection.connect(): null

2021-11-22 09:24:57 - [TEST_STEP][PASSED] - flag = connected: null

2021-11-22 09:24:57 - [TEST_STEP][PASSED] - println("Valor_ori: " + flag): null

2021-11-22 09:24:57 - [TEST_STEP][PASSED] - if (flag): null

2021-11-22 09:24:57 - [TEST_STEP][PASSED] - navigateToUrl(i): Navigate to 'http://localhost:8380/saraweb/' successfully

2021-11-22 09:24:58 - [MESSAGE][PASSED] - Navigate to 'http://localhost:8380/saraweb/' successfully

2021-11-22 09:24:58 - [TEST_STEP][PASSED] - a(): null

2021-11-22 09:24:58 - [TEST_STEP][PASSED] - setText(findTestObject("Login/input_USUARIO_loginusuario"), G_Usuario): Text 'saraadmin' is set on object 'Object Repository/Login/input_USUARIO_loginusuario'

2021-11-22 09:24:59 - [MESSAGE][PASSED] - Text 'saraadmin' is set on object 'Object Repository/Login/input_USUARIO_loginusuario'

2021-11-22 09:24:59 - [TEST_STEP][PASSED] - setEncryptedText(findTestObject("Login/input_CLAVE_loginpassword"), "MkG4/TYiCFC3cb2driP7+Q=="): Text ****** has been set on object 'Object Repository/Login/input_CLAVE_loginpassword'

2021-11-22 09:24:59 - [MESSAGE][PASSED] - Text ****** has been set on object 'Object Repository/Login/input_CLAVE_loginpassword'

2021-11-22 09:24:59 - [TEST_STEP][PASSED] - waitForElementClickable(findTestObject("Login/a_Ingresar"), G_TimeOut): Object 'Object Repository/Login/a_Ingresar' is clickable

2021-11-22 09:25:00 - [MESSAGE][PASSED] - Object 'Object Repository/Login/a_Ingresar' is clickable

2021-11-22 09:25:00 - [TEST_STEP][PASSED] - click(findTestObject("Login/a_Ingresar")): Object: 'Object Repository/Login/a_Ingresar' is clicked on

2021-11-22 09:25:01 - [MESSAGE][PASSED] - Object: 'Object Repository/Login/a_Ingresar' is clicked on

2021-11-22 09:25:01 - [TEST_STEP][PASSED] - element = findWebElement(findTestObject("Login/a_Ir"), 30): null

2021-11-22 09:25:01 - [TEST_STEP][PASSED] - executeJavaScript("arguments[0].click()", Arrays.asList(element)): Execute JavaScript 'arguments[0].click()' successfully

2021-11-22 09:25:01 - [MESSAGE][PASSED] - Execute JavaScript 'arguments[0].click()' successfully

2021-11-22 09:25:01 - [MESSAGE][PASSED] - Call Test Case 'Test Cases/0.1-Login' successfully

2021-11-22 09:25:01 - [TEST_STEP][PASSED] - delay(2): Delayed 2 second(s)

2021-11-22 09:25:03 - [MESSAGE][PASSED] - Delayed 2 second(s)

2021-11-22 09:25:03 - [TEST_STEP][PASSED] - click(findTestObject("Modulo Administracion Compensacion/span_Administracin Compensacin")): Object: 'Object Repository/Modulo Administracion Compensacion/span_Administracin Compensacin' is clicked on

2021-11-22 09:25:05 - [MESSAGE][PASSED] - Object: 'Object Repository/Modulo Administracion Compensacion/span_Administracin Compensacin' is clicked on

2021-11-22 09:25:05 - [MESSAGE][PASSED] - Call Test Case 'Test Cases/Hutilidades/Modulos/Modulo Administracion Compensacion' successfully

2021-11-22 09:25:05 - [TEST_STEP][PASSED] - waitForElementClickable(findTestObject("Modulo Tarea Administracion Compensacion/Administracion Embargos por Fecha/input_Ir_nav_t66_input"), 0): Object 'Object Repository/Modulo Tarea Administracion Compensacion/Administracion Embargos por Fecha/input_Ir_nav_t66_input' is clickable

2021-11-22 09:25:05 - [MESSAGE][WARNING] - Timeout '0' is invalid. Using default page load timeout: '30'

2021-11-22 09:25:05 - [MESSAGE][PASSED] - Object 'Object Repository/Modulo Tarea Administracion Compensacion/Administracion Embargos por Fecha/input_Ir_nav_t66_input' is clickable

2021-11-22 09:25:05 - [TEST_STEP][PASSED] - setText(findTestObject("Modulo Tarea Administracion Compensacion/Administracion Embargos por Fecha/input_Ir_nav_t66_input"), "Administracion Embargos"): Text 'Administracion Embargos' is set on object 'Object Repository/Modulo Tarea Administracion Compensacion/Administracion Embargos por Fecha/input_Ir_nav_t66_input'

2021-11-22 09:25:06 - [MESSAGE][PASSED] - Text 'Administracion Embargos' is set on object 'Object Repository/Modulo Tarea Administracion Compensacion/Administracion Embargos por Fecha/input_Ir_nav_t66_input'

2021-11-22 09:25:06 - [TEST_STEP][PASSED] - delay(2): Delayed 2 second(s)

2021-11-22 09:25:08 - [MESSAGE][PASSED] - Delayed 2 second(s)

2021-11-22 09:25:08 - [TEST_STEP][PASSED] - sendKeys(findTestObject("Modulo Tarea Administracion Compensacion/Administracion Embargos por Fecha/input_Ir_nav_t66_input"), Keys.chord(ENTER)): Keys 'ENTER + ' sent to object: 'Object Repository/Modulo Tarea Administracion Compensacion/Administracion Embargos por Fecha/input_Ir_nav_t66_input'

2021-11-22 09:25:08 - [MESSAGE][PASSED] - Keys 'ENTER + ' sent to object: 'Object Repository/Modulo Tarea Administracion Compensacion/Administracion Embargos por Fecha/input_Ir_nav_t66_input'

2021-11-22 09:25:08 - [TEST_STEP][PASSED] - click(findTestObject("Modulo Tarea Administracion Compensacion/Administracion Embargos por Fecha/span_Generacion Por Fechas")): Object: 'Object Repository/Modulo Tarea Administracion Compensacion/Administracion Embargos por Fecha/span_Generacion Por Fechas' is clicked on

2021-11-22 09:25:12 - [MESSAGE][PASSED] - Object: 'Object Repository/Modulo Tarea Administracion Compensacion/Administracion Embargos por Fecha/span_Generacion Por Fechas' is clicked on

2021-11-22 09:25:12 - [TEST_STEP][PASSED] - setText(findTestObject("Modulo Tarea Administracion Compensacion/Administracion Embargos por Fecha/input_Fecha Inicial_banco_agra"), "01/01/2019"): Text '01/01/2019' is set on object 'Object Repository/Modulo Tarea Administracion Compensacion/Administracion Embargos por Fecha/input_Fecha Inicial_banco_agra'

2021-11-22 09:25:13 - [MESSAGE][PASSED] - Text '01/01/2019' is set on object 'Object Repository/Modulo Tarea Administracion Compensacion/Administracion Embargos por Fecha/input_Fecha Inicial_banco_agra'

2021-11-22 09:25:13 - [TEST_STEP][PASSED] - sendKeys(findTestObject("Modulo Tarea Administracion Compensacion/Administracion Embargos por Fecha/input_Fecha Inicial_banco_agra"), Keys.chord(ENTER)): Keys 'ENTER + ' sent to object: 'Object Repository/Modulo Tarea Administracion Compensacion/Administracion Embargos por Fecha/input_Fecha Inicial_banco_agra'

2021-11-22 09:25:14 - [MESSAGE][PASSED] - Keys 'ENTER + ' sent to object: 'Object Repository/Modulo Tarea Administracion Compensacion/Administracion Embargos por Fecha/input_Fecha Inicial_banco_agra'

2021-11-22 09:25:14 - [TEST_STEP][PASSED] - setText(findTestObject("Modulo Tarea Administracion Compensacion/Administracion Embargos por Fecha/input_Fecha Final_banco_agrari"), "31/01/2019"): Text '31/01/2019' is set on object 'Object Repository/Modulo Tarea Administracion Compensacion/Administracion Embargos por Fecha/input_Fecha Final_banco_agrari'

2021-11-22 09:25:14 - [MESSAGE][PASSED] - Text '31/01/2019' is set on object 'Object Repository/Modulo Tarea Administracion Compensacion/Administracion Embargos por Fecha/input_Fecha Final_banco_agrari'

2021-11-22 09:25:14 - [TEST_STEP][PASSED] - sendKeys(findTestObject("Modulo Tarea Administracion Compensacion/Administracion Embargos por Fecha/input_Fecha Final_banco_agrari"), Keys.chord(ENTER)): Keys 'ENTER + ' sent to object: 'Object Repository/Modulo Tarea Administracion Compensacion/Administracion Embargos por Fecha/input_Fecha Final_banco_agrari'

2021-11-22 09:25:15 - [MESSAGE][PASSED] - Keys 'ENTER + ' sent to object: 'Object Repository/Modulo Tarea Administracion Compensacion/Administracion Embargos por Fecha/input_Fecha Final_banco_agrari'

2021-11-22 09:25:15 - [TEST_STEP][PASSED] - waitForElementClickable(findTestObject("Modulo Tarea Administracion Compensacion/Verificacion de campo Total Abonado/a_Nombre Funcionario_listadoEm"), 0): Object 'Object Repository/Modulo Tarea Administracion Compensacion/Verificacion de campo Total Abonado/a_Nombre Funcionario_listadoEm' is clickable

2021-11-22 09:25:15 - [MESSAGE][WARNING] - Timeout '0' is invalid. Using default page load timeout: '30'

2021-11-22 09:25:15 - [MESSAGE][PASSED] - Object 'Object Repository/Modulo Tarea Administracion Compensacion/Verificacion de campo Total Abonado/a_Nombre Funcionario_listadoEm' is clickable

2021-11-22 09:25:15 - [TEST_STEP][PASSED] - click(findTestObject("Modulo Tarea Administracion Compensacion/Administracion Embargos por Fecha/input_Tipo Periodo_banco_agrar")): Object: 'Object Repository/Modulo Tarea Administracion Compensacion/Administracion Embargos por Fecha/input_Tipo Periodo_banco_agrar' is clicked on

2021-11-22 09:25:16 - [MESSAGE][PASSED] - Object: 'Object Repository/Modulo Tarea Administracion Compensacion/Administracion Embargos por Fecha/input_Tipo Periodo_banco_agrar' is clicked on

2021-11-22 09:25:16 - [TEST_STEP][PASSED] - click(findTestObject("Modulo Tarea Administracion Compensacion/Administracion Embargos por Fecha/span_Generar")): Object: 'Object Repository/Modulo Tarea Administracion Compensacion/Administracion Embargos por Fecha/span_Generar' is clicked on

2021-11-22 09:25:16 - [MESSAGE][PASSED] - Object: 'Object Repository/Modulo Tarea Administracion Compensacion/Administracion Embargos por Fecha/span_Generar' is clicked on

2021-11-22 09:25:16 - [TEST_STEP][PASSED] - click(findTestObject("Modulo Tarea Administracion Compensacion/Administracion Embargos por Fecha/span_Archivo")): Object: 'Object Repository/Modulo Tarea Administracion Compensacion/Administracion Embargos por Fecha/span_Archivo' is clicked on

2021-11-22 09:25:18 - [MESSAGE][PASSED] - Object: 'Object Repository/Modulo Tarea Administracion Compensacion/Administracion Embargos por Fecha/span_Archivo' is clicked on

2021-11-22 09:25:18 - [TEST_STEP][PASSED] - click(findTestObject("Modulo Tarea Administracion Compensacion/Administracion Embargos por Fecha/span_Si")): Object: 'Object Repository/Modulo Tarea Administracion Compensacion/Administracion Embargos por Fecha/span_Si' is clicked on

2021-11-22 09:25:18 - [MESSAGE][PASSED] - Object: 'Object Repository/Modulo Tarea Administracion Compensacion/Administracion Embargos por Fecha/span_Si' is clicked on

2021-11-22 09:25:18 - [MESSAGE][PASSED] - Call Test Case 'Test Cases/Hutilidades/Tareas Administracion Compensacion/Administracion embargos por Fecha' successfully

2021-11-22 09:25:18 - [TEST_STEP][PASSED] - callTestCase(findTestCase("Hutilidades/Tareas Administracion Compensacion/Administracion embargos por Periodos"), [:], STOP_ON_FAILURE): Call Test Case 'Test Cases/Hutilidades/Tareas Administracion Compensacion/Administracion embargos por Periodos' successfully

2021-11-22 09:25:18 - [TEST_CASE][PASSED] - Test Cases/Hutilidades/Tareas Administracion Compensacion/Administracion embargos por Periodos: Test Cases/Hutilidades/Tareas Administracion Compensacion/Administracion embargos por Periodos

2021-11-22 09:25:19 - [TEST_STEP][PASSED] - callTestCase(findTestCase("Hutilidades/Modulos/Modulo Administracion Compensacion"), [:], STOP_ON_FAILURE): Call Test Case 'Test Cases/Hutilidades/Modulos/Modulo Administracion Compensacion' successfully

2021-11-22 09:25:19 - [TEST_CASE][PASSED] - Test Cases/Hutilidades/Modulos/Modulo Administracion Compensacion: Test Cases/Hutilidades/Modulos/Modulo Administracion Compensacion

2021-11-22 09:25:19 - [TEST_STEP][PASSED] - callTestCase(findTestCase("0.1-Login"), [:], STOP_ON_FAILURE): Call Test Case 'Test Cases/0.1-Login' successfully

2021-11-22 09:25:19 - [TEST_CASE][PASSED] - Test Cases/0.1-Login: Test Cases/0.1-Login

2021-11-22 09:25:19 - [TEST_STEP][PASSED] - openBrowser(""): Browser is opened with url: ''

2021-11-22 09:25:19 - [MESSAGE][WARNING] - A browser is already opened. Closing browser and opening a new one

2021-11-22 09:25:20 - [MESSAGE][INFO] - Starting 'Edge Chromium' driver

2021-11-22 09:25:22 - [MESSAGE][INFO] - Action delay is set to 0 milliseconds

2021-11-22 09:25:23 - [MESSAGE][PASSED] - Browser is opened with url: ''

2021-11-22 09:25:23 - [TEST_STEP][PASSED] - maximizeWindow(): Current window maximized

2021-11-22 09:25:23 - [MESSAGE][PASSED] - Current window maximized

2021-11-22 09:25:23 - [TEST_STEP][PASSED] - i = G_Login: null

2021-11-22 09:25:23 - [TEST_STEP][PASSED] - url = new java.net.URL(i): null

2021-11-22 09:25:23 - [TEST_STEP][PASSED] - println("URL: " + url.toString()): null

2021-11-22 09:25:23 - [TEST_STEP][PASSED] - connection = url.openConnection(): null

2021-11-22 09:25:23 - [TEST_STEP][PASSED] - connection.setRequestMethod("GET"): null

2021-11-22 09:25:23 - [TEST_STEP][PASSED] - connection.setReadTimeout(2 * 1000): null

2021-11-22 09:25:23 - [TEST_STEP][PASSED] - try: null

2021-11-22 09:25:23 - [TEST_STEP][PASSED] - connection.connect(): null

2021-11-22 09:25:23 - [TEST_STEP][PASSED] - flag = connected: null

2021-11-22 09:25:23 - [TEST_STEP][PASSED] - println("Valor_ori: " + flag): null

2021-11-22 09:25:23 - [TEST_STEP][PASSED] - if (flag): null

2021-11-22 09:25:23 - [TEST_STEP][PASSED] - navigateToUrl(i): Navigate to 'http://localhost:8380/saraweb/' successfully

2021-11-22 09:25:25 - [MESSAGE][PASSED] - Navigate to 'http://localhost:8380/saraweb/' successfully

2021-11-22 09:25:25 - [TEST_STEP][PASSED] - a(): null

2021-11-22 09:25:25 - [TEST_STEP][PASSED] - setText(findTestObject("Login/input_USUARIO_loginusuario"), G_Usuario): Text 'saraadmin' is set on object 'Object Repository/Login/input_USUARIO_loginusuario'

2021-11-22 09:25:25 - [MESSAGE][PASSED] - Text 'saraadmin' is set on object 'Object Repository/Login/input_USUARIO_loginusuario'

2021-11-22 09:25:25 - [TEST_STEP][PASSED] - setEncryptedText(findTestObject("Login/input_CLAVE_loginpassword"), "MkG4/TYiCFC3cb2driP7+Q=="): Text ****** has been set on object 'Object Repository/Login/input_CLAVE_loginpassword'

2021-11-22 09:25:26 - [MESSAGE][PASSED] - Text ****** has been set on object 'Object Repository/Login/input_CLAVE_loginpassword'

2021-11-22 09:25:26 - [TEST_STEP][PASSED] - waitForElementClickable(findTestObject("Login/a_Ingresar"), G_TimeOut): Object 'Object Repository/Login/a_Ingresar' is clickable

2021-11-22 09:25:26 - [MESSAGE][PASSED] - Object 'Object Repository/Login/a_Ingresar' is clickable

2021-11-22 09:25:26 - [TEST_STEP][PASSED] - click(findTestObject("Login/a_Ingresar")): Object: 'Object Repository/Login/a_Ingresar' is clicked on

2021-11-22 09:25:29 - [MESSAGE][PASSED] - Object: 'Object Repository/Login/a_Ingresar' is clicked on

2021-11-22 09:25:29 - [TEST_STEP][PASSED] - element = findWebElement(findTestObject("Login/a_Ir"), 30): null

2021-11-22 09:25:30 - [TEST_STEP][PASSED] - executeJavaScript("arguments[0].click()", Arrays.asList(element)): Execute JavaScript 'arguments[0].click()' successfully

2021-11-22 09:25:30 - [MESSAGE][PASSED] - Execute JavaScript 'arguments[0].click()' successfully

2021-11-22 09:25:30 - [MESSAGE][PASSED] - Call Test Case 'Test Cases/0.1-Login' successfully

2021-11-22 09:25:30 - [TEST_STEP][PASSED] - delay(2): Delayed 2 second(s)

2021-11-22 09:25:32 - [MESSAGE][PASSED] - Delayed 2 second(s)

2021-11-22 09:25:32 - [TEST_STEP][PASSED] - click(findTestObject("Modulo Administracion Compensacion/span_Administracin Compensacin")): Object: 'Object Repository/Modulo Administracion Compensacion/span_Administracin Compensacin' is clicked on

2021-11-22 09:25:33 - [MESSAGE][PASSED] - Object: 'Object Repository/Modulo Administracion Compensacion/span_Administracin Compensacin' is clicked on

2021-11-22 09:25:33 - [MESSAGE][PASSED] - Call Test Case 'Test Cases/Hutilidades/Modulos/Modulo Administracion Compensacion' successfully

2021-11-22 09:25:33 - [TEST_STEP][PASSED] - waitForElementClickable(findTestObject("Modulo Tarea Administracion Compensacion/Administracion Embargos por Fecha/input_Ir_nav_t66_input"), 0): Object 'Object Repository/Modulo Tarea Administracion Compensacion/Administracion Embargos por Fecha/input_Ir_nav_t66_input' is clickable

2021-11-22 09:25:33 - [MESSAGE][WARNING] - Timeout '0' is invalid. Using default page load timeout: '30'

2021-11-22 09:25:33 - [MESSAGE][PASSED] - Object 'Object Repository/Modulo Tarea Administracion Compensacion/Administracion Embargos por Fecha/input_Ir_nav_t66_input' is clickable

2021-11-22 09:25:33 - [TEST_STEP][PASSED] - setText(findTestObject("Modulo Tarea Administracion Compensacion/Administracion Embargos por Fecha/input_Ir_nav_t66_input"), "Administracion Embargos"): Text 'Administracion Embargos' is set on object 'Object Repository/Modulo Tarea Administracion Compensacion/Administracion Embargos por Fecha/input_Ir_nav_t66_input'

2021-11-22 09:25:34 - [MESSAGE][PASSED] - Text 'Administracion Embargos' is set on object 'Object Repository/Modulo Tarea Administracion Compensacion/Administracion Embargos por Fecha/input_Ir_nav_t66_input'

2021-11-22 09:25:34 - [TEST_STEP][PASSED] - delay(1): Delayed 1 second(s)

2021-11-22 09:25:35 - [MESSAGE][PASSED] - Delayed 1 second(s)

2021-11-22 09:25:35 - [TEST_STEP][PASSED] - sendKeys(findTestObject("Modulo Tarea Administracion Compensacion/Administracion Embargos por Fecha/input_Ir_nav_t66_input"), Keys.chord(ENTER)): Keys 'ENTER + ' sent to object: 'Object Repository/Modulo Tarea Administracion Compensacion/Administracion Embargos por Fecha/input_Ir_nav_t66_input'

2021-11-22 09:25:35 - [MESSAGE][PASSED] - Keys 'ENTER + ' sent to object: 'Object Repository/Modulo Tarea Administracion Compensacion/Administracion Embargos por Fecha/input_Ir_nav_t66_input'

2021-11-22 09:25:35 - [TEST_STEP][PASSED] - click(findTestObject("Modulo Tarea Administracion Compensacion/Administracion Embargos por Periodo/span_Generacin Por Periodos")): Object: 'Object Repository/Modulo Tarea Administracion Compensacion/Administracion Embargos por Periodo/span_Generacin Por Periodos' is clicked on

2021-11-22 09:25:37 - [MESSAGE][PASSED] - Object: 'Object Repository/Modulo Tarea Administracion Compensacion/Administracion Embargos por Periodo/span_Generacin Por Periodos' is clicked on

2021-11-22 09:25:37 - [TEST_STEP][PASSED] - waitForElementClickable(findTestObject("Modulo Tarea Administracion Compensacion/Administracion Embargos por Periodo/input_BANCO AGRARIO_banco_agra"), 0): Object 'Object Repository/Modulo Tarea Administracion Compensacion/Administracion Embargos por Periodo/input_BANCO AGRARIO_banco_agra' is clickable

2021-11-22 09:25:37 - [MESSAGE][WARNING] - Timeout '0' is invalid. Using default page load timeout: '30'

2021-11-22 09:25:37 - [MESSAGE][PASSED] - Object 'Object Repository/Modulo Tarea Administracion Compensacion/Administracion Embargos por Periodo/input_BANCO AGRARIO_banco_agra' is clickable

2021-11-22 09:25:37 - [TEST_STEP][PASSED] - click(findTestObject("Modulo Tarea Administracion Compensacion/Administracion Embargos por Periodo/input_BANCO AGRARIO_banco_agra")): Object: 'Object Repository/Modulo Tarea Administracion Compensacion/Administracion Embargos por Periodo/input_BANCO AGRARIO_banco_agra' is clicked on

2021-11-22 09:25:38 - [MESSAGE][PASSED] - Object: 'Object Repository/Modulo Tarea Administracion Compensacion/Administracion Embargos por Periodo/input_BANCO AGRARIO_banco_agra' is clicked on

2021-11-22 09:25:38 - [TEST_STEP][PASSED] - waitForElementClickable(findTestObject("Modulo Tarea Administracion Compensacion/Administracion Embargos por Periodo/a_Periodo_banco_agrario_t302"), 0): Object 'Object Repository/Modulo Tarea Administracion Compensacion/Administracion Embargos por Periodo/a_Periodo_banco_agrario_t302' is clickable

2021-11-22 09:25:38 - [MESSAGE][WARNING] - Timeout '0' is invalid. Using default page load timeout: '30'

2021-11-22 09:25:38 - [MESSAGE][PASSED] - Object 'Object Repository/Modulo Tarea Administracion Compensacion/Administracion Embargos por Periodo/a_Periodo_banco_agrario_t302' is clickable

2021-11-22 09:25:38 - [TEST_STEP][PASSED] - click(findTestObject("Modulo Tarea Administracion Compensacion/Administracion Embargos por Periodo/a_Periodo_banco_agrario_t302")): Object: 'Object Repository/Modulo Tarea Administracion Compensacion/Administracion Embargos por Periodo/a_Periodo_banco_agrario_t302' is clicked on

2021-11-22 09:25:39 - [MESSAGE][PASSED] - Object: 'Object Repository/Modulo Tarea Administracion Compensacion/Administracion Embargos por Periodo/a_Periodo_banco_agrario_t302' is clicked on

2021-11-22 09:25:39 - [TEST_STEP][PASSED] - waitForElementClickable(findTestObject("Modulo Tarea Administracion Compensacion/Administracion Embargos por Periodo/span_Mensual Noviembre"), 0): Object 'Object Repository/Modulo Tarea Administracion Compensacion/Administracion Embargos por Periodo/span_Mensual Noviembre' is clickable

2021-11-22 09:25:39 - [MESSAGE][WARNING] - Timeout '0' is invalid. Using default page load timeout: '30'

2021-11-22 09:25:40 - [MESSAGE][PASSED] - Object 'Object Repository/Modulo Tarea Administracion Compensacion/Administracion Embargos por Periodo/span_Mensual Noviembre' is clickable

2021-11-22 09:25:40 - [TEST_STEP][PASSED] - click(findTestObject("Modulo Tarea Administracion Compensacion/Administracion Embargos por Periodo/span_Mensual Noviembre")): Object: 'Object Repository/Modulo Tarea Administracion Compensacion/Administracion Embargos por Periodo/span_Mensual Noviembre' is clicked on

2021-11-22 09:25:40 - [MESSAGE][PASSED] - Object: 'Object Repository/Modulo Tarea Administracion Compensacion/Administracion Embargos por Periodo/span_Mensual Noviembre' is clicked on

2021-11-22 09:25:40 - [TEST_STEP][PASSED] - waitForElementClickable(findTestObject("Modulo Tarea Administracion Compensacion/Administracion Embargos por Periodo/span_Generar"), 0): Object 'Object Repository/Modulo Tarea Administracion Compensacion/Administracion Embargos por Periodo/span_Generar' is clickable

2021-11-22 09:25:40 - [MESSAGE][WARNING] - Timeout '0' is invalid. Using default page load timeout: '30'

2021-11-22 09:25:41 - [MESSAGE][PASSED] - Object 'Object Repository/Modulo Tarea Administracion Compensacion/Administracion Embargos por Periodo/span_Generar' is clickable

2021-11-22 09:25:41 - [TEST_STEP][PASSED] - click(findTestObject("Modulo Tarea Administracion Compensacion/Administracion Embargos por Periodo/span_Generar")): Object: 'Object Repository/Modulo Tarea Administracion Compensacion/Administracion Embargos por Periodo/span_Generar' is clicked on

2021-11-22 09:25:41 - [MESSAGE][PASSED] - Object: 'Object Repository/Modulo Tarea Administracion Compensacion/Administracion Embargos por Periodo/span_Generar' is clicked on

2021-11-22 09:25:41 - [TEST_STEP][PASSED] - waitForElementClickable(findTestObject("Modulo Tarea Administracion Compensacion/Administracion Embargos por Periodo/span_Archivo"), 0): Object 'Object Repository/Modulo Tarea Administracion Compensacion/Administracion Embargos por Periodo/span_Archivo' is clickable

2021-11-22 09:25:41 - [MESSAGE][WARNING] - Timeout '0' is invalid. Using default page load timeout: '30'

2021-11-22 09:25:42 - [MESSAGE][PASSED] - Object 'Object Repository/Modulo Tarea Administracion Compensacion/Administracion Embargos por Periodo/span_Archivo' is clickable

2021-11-22 09:25:42 - [TEST_STEP][PASSED] - click(findTestObject("Modulo Tarea Administracion Compensacion/Administracion Embargos por Periodo/span_Archivo")): Object: 'Object Repository/Modulo Tarea Administracion Compensacion/Administracion Embargos por Periodo/span_Archivo' is clicked on

2021-11-22 09:25:42 - [MESSAGE][PASSED] - Object: 'Object Repository/Modulo Tarea Administracion Compensacion/Administracion Embargos por Periodo/span_Archivo' is clicked on

2021-11-22 09:25:42 - [TEST_STEP][PASSED] - click(findTestObject("Modulo Tarea Administracion Compensacion/Administracion Embargos por Periodo/span_Si")): Object: 'Object Repository/Modulo Tarea Administracion Compensacion/Administracion Embargos por Periodo/span_Si' is clicked on

2021-11-22 09:25:44 - [MESSAGE][PASSED] - Object: 'Object Repository/Modulo Tarea Administracion Compensacion/Administracion Embargos por Periodo/span_Si' is clicked on

2021-11-22 09:25:44 - [MESSAGE][PASSED] - Call Test Case 'Test Cases/Hutilidades/Tareas Administracion Compensacion/Administracion embargos por Periodos' successfully

2021-11-22 09:25:44 - [TEST_STEP][PASSED] - closeBrowser(): Browser is closed

2021-11-22 09:25:45 - [MESSAGE][PASSED] - Browser is closed]]></system-out>
         <system-err><![CDATA[]]></system-err>
      </testcase>
      <testcase name="Test Cases/1.1-Tareas Principales/1.5.2-Liquidacion Entidad Externa" time="39.922" classname="Test Cases/1.1-Tareas Principales/1.5.2-Liquidacion Entidad Externa" status="PASSED">
         <system-out><![CDATA[2021-11-22 09:25:45 - [TEST_CASE][PASSED] - Test Cases/1.1-Tareas Principales/1.5.2-Liquidacion Entidad Externa: Test Cases/1.1-Tareas Principales/1.5.2-Liquidacion Entidad Externa

2021-11-22 09:25:46 - [TEST_STEP][PASSED] - callTestCase(findTestCase("Hutilidades/Modulos/Modulo Administracion Compensacion"), [:], STOP_ON_FAILURE): Call Test Case 'Test Cases/Hutilidades/Modulos/Modulo Administracion Compensacion' successfully

2021-11-22 09:25:46 - [TEST_CASE][PASSED] - Test Cases/Hutilidades/Modulos/Modulo Administracion Compensacion: Test Cases/Hutilidades/Modulos/Modulo Administracion Compensacion

2021-11-22 09:25:46 - [TEST_STEP][PASSED] - callTestCase(findTestCase("0.1-Login"), [:], STOP_ON_FAILURE): Call Test Case 'Test Cases/0.1-Login' successfully

2021-11-22 09:25:46 - [TEST_CASE][PASSED] - Test Cases/0.1-Login: Test Cases/0.1-Login

2021-11-22 09:25:46 - [TEST_STEP][PASSED] - openBrowser(""): Browser is opened with url: ''

2021-11-22 09:25:46 - [MESSAGE][INFO] - Starting 'Edge Chromium' driver

2021-11-22 09:25:48 - [MESSAGE][INFO] - Action delay is set to 0 milliseconds

2021-11-22 09:25:49 - [MESSAGE][PASSED] - Browser is opened with url: ''

2021-11-22 09:25:49 - [TEST_STEP][PASSED] - maximizeWindow(): Current window maximized

2021-11-22 09:25:49 - [MESSAGE][PASSED] - Current window maximized

2021-11-22 09:25:49 - [TEST_STEP][PASSED] - i = G_Login: null

2021-11-22 09:25:49 - [TEST_STEP][PASSED] - url = new java.net.URL(i): null

2021-11-22 09:25:49 - [TEST_STEP][PASSED] - println("URL: " + url.toString()): null

2021-11-22 09:25:49 - [TEST_STEP][PASSED] - connection = url.openConnection(): null

2021-11-22 09:25:49 - [TEST_STEP][PASSED] - connection.setRequestMethod("GET"): null

2021-11-22 09:25:49 - [TEST_STEP][PASSED] - connection.setReadTimeout(2 * 1000): null

2021-11-22 09:25:49 - [TEST_STEP][PASSED] - try: null

2021-11-22 09:25:49 - [TEST_STEP][PASSED] - connection.connect(): null

2021-11-22 09:25:49 - [TEST_STEP][PASSED] - flag = connected: null

2021-11-22 09:25:49 - [TEST_STEP][PASSED] - println("Valor_ori: " + flag): null

2021-11-22 09:25:49 - [TEST_STEP][PASSED] - if (flag): null

2021-11-22 09:25:49 - [TEST_STEP][PASSED] - navigateToUrl(i): Navigate to 'http://localhost:8380/saraweb/' successfully

2021-11-22 09:25:50 - [MESSAGE][PASSED] - Navigate to 'http://localhost:8380/saraweb/' successfully

2021-11-22 09:25:50 - [TEST_STEP][PASSED] - a(): null

2021-11-22 09:25:50 - [TEST_STEP][PASSED] - setText(findTestObject("Login/input_USUARIO_loginusuario"), G_Usuario): Text 'saraadmin' is set on object 'Object Repository/Login/input_USUARIO_loginusuario'

2021-11-22 09:25:51 - [MESSAGE][PASSED] - Text 'saraadmin' is set on object 'Object Repository/Login/input_USUARIO_loginusuario'

2021-11-22 09:25:51 - [TEST_STEP][PASSED] - setEncryptedText(findTestObject("Login/input_CLAVE_loginpassword"), "MkG4/TYiCFC3cb2driP7+Q=="): Text ****** has been set on object 'Object Repository/Login/input_CLAVE_loginpassword'

2021-11-22 09:25:51 - [MESSAGE][PASSED] - Text ****** has been set on object 'Object Repository/Login/input_CLAVE_loginpassword'

2021-11-22 09:25:51 - [TEST_STEP][PASSED] - waitForElementClickable(findTestObject("Login/a_Ingresar"), G_TimeOut): Object 'Object Repository/Login/a_Ingresar' is clickable

2021-11-22 09:25:51 - [MESSAGE][PASSED] - Object 'Object Repository/Login/a_Ingresar' is clickable

2021-11-22 09:25:51 - [TEST_STEP][PASSED] - click(findTestObject("Login/a_Ingresar")): Object: 'Object Repository/Login/a_Ingresar' is clicked on

2021-11-22 09:25:53 - [MESSAGE][PASSED] - Object: 'Object Repository/Login/a_Ingresar' is clicked on

2021-11-22 09:25:53 - [TEST_STEP][PASSED] - element = findWebElement(findTestObject("Login/a_Ir"), 30): null

2021-11-22 09:25:54 - [TEST_STEP][PASSED] - executeJavaScript("arguments[0].click()", Arrays.asList(element)): Execute JavaScript 'arguments[0].click()' successfully

2021-11-22 09:25:54 - [MESSAGE][PASSED] - Execute JavaScript 'arguments[0].click()' successfully

2021-11-22 09:25:54 - [MESSAGE][PASSED] - Call Test Case 'Test Cases/0.1-Login' successfully

2021-11-22 09:25:54 - [TEST_STEP][PASSED] - delay(2): Delayed 2 second(s)

2021-11-22 09:25:56 - [MESSAGE][PASSED] - Delayed 2 second(s)

2021-11-22 09:25:56 - [TEST_STEP][PASSED] - click(findTestObject("Modulo Administracion Compensacion/span_Administracin Compensacin")): Object: 'Object Repository/Modulo Administracion Compensacion/span_Administracin Compensacin' is clicked on

2021-11-22 09:25:57 - [MESSAGE][PASSED] - Object: 'Object Repository/Modulo Administracion Compensacion/span_Administracin Compensacin' is clicked on

2021-11-22 09:25:57 - [MESSAGE][PASSED] - Call Test Case 'Test Cases/Hutilidades/Modulos/Modulo Administracion Compensacion' successfully

2021-11-22 09:25:57 - [TEST_STEP][PASSED] - waitForElementClickable(findTestObject("Modulo Tarea Administracion Compensacion/Liquidacion Entidad Externa/input_Ir_nav_t66_input"), 0): Object 'Object Repository/Modulo Tarea Administracion Compensacion/Liquidacion Entidad Externa/input_Ir_nav_t66_input' is clickable

2021-11-22 09:25:57 - [MESSAGE][WARNING] - Timeout '0' is invalid. Using default page load timeout: '30'

2021-11-22 09:25:57 - [MESSAGE][PASSED] - Object 'Object Repository/Modulo Tarea Administracion Compensacion/Liquidacion Entidad Externa/input_Ir_nav_t66_input' is clickable

2021-11-22 09:25:57 - [TEST_STEP][PASSED] - setText(findTestObject("Modulo Tarea Administracion Compensacion/Liquidacion Entidad Externa/input_Ir_nav_t66_input"), "Liquidacion Entidad Externa"): Text 'Liquidacion Entidad Externa' is set on object 'Object Repository/Modulo Tarea Administracion Compensacion/Liquidacion Entidad Externa/input_Ir_nav_t66_input'

2021-11-22 09:25:58 - [MESSAGE][PASSED] - Text 'Liquidacion Entidad Externa' is set on object 'Object Repository/Modulo Tarea Administracion Compensacion/Liquidacion Entidad Externa/input_Ir_nav_t66_input'

2021-11-22 09:25:58 - [TEST_STEP][PASSED] - delay(1): Delayed 1 second(s)

2021-11-22 09:25:59 - [MESSAGE][PASSED] - Delayed 1 second(s)

2021-11-22 09:25:59 - [TEST_STEP][PASSED] - sendKeys(findTestObject("Modulo Tarea Administracion Compensacion/Liquidacion Entidad Externa/input_Ir_nav_t66_input"), Keys.chord(ENTER)): Keys 'ENTER + ' sent to object: 'Object Repository/Modulo Tarea Administracion Compensacion/Liquidacion Entidad Externa/input_Ir_nav_t66_input'

2021-11-22 09:25:59 - [MESSAGE][PASSED] - Keys 'ENTER + ' sent to object: 'Object Repository/Modulo Tarea Administracion Compensacion/Liquidacion Entidad Externa/input_Ir_nav_t66_input'

2021-11-22 09:25:59 - [TEST_STEP][PASSED] - click(findTestObject("Modulo Tarea Administracion Compensacion/Liquidacion Entidad Externa/span_Traer")): Object: 'Object Repository/Modulo Tarea Administracion Compensacion/Liquidacion Entidad Externa/span_Traer' is clicked on

2021-11-22 09:26:01 - [MESSAGE][PASSED] - Object: 'Object Repository/Modulo Tarea Administracion Compensacion/Liquidacion Entidad Externa/span_Traer' is clicked on

2021-11-22 09:26:01 - [TEST_STEP][PASSED] - selectOptionByIndex(findTestObject("Modulo Tarea Administracion Compensacion/Liquidacion Entidad Externa/select_--Seleccione--APORTE AF"), "1", STOP_ON_FAILURE): All options with index in [1] are selected on object 'Object Repository/Modulo Tarea Administracion Compensacion/Liquidacion Entidad Externa/select_--Seleccione--APORTE AF'

2021-11-22 09:26:02 - [MESSAGE][PASSED] - All options with index in [1] are selected on object 'Object Repository/Modulo Tarea Administracion Compensacion/Liquidacion Entidad Externa/select_--Seleccione--APORTE AF'

2021-11-22 09:26:02 - [TEST_STEP][PASSED] - setText(findTestObject("Modulo Tarea Administracion Compensacion/Liquidacion Entidad Externa/input_Fecha_form_popUpTraeLiqu"), "31/01/2019"): Text '31/01/2019' is set on object 'Object Repository/Modulo Tarea Administracion Compensacion/Liquidacion Entidad Externa/input_Fecha_form_popUpTraeLiqu'

2021-11-22 09:26:05 - [MESSAGE][PASSED] - Text '31/01/2019' is set on object 'Object Repository/Modulo Tarea Administracion Compensacion/Liquidacion Entidad Externa/input_Fecha_form_popUpTraeLiqu'

2021-11-22 09:26:05 - [TEST_STEP][PASSED] - sendKeys(findTestObject("Modulo Tarea Administracion Compensacion/Liquidacion Entidad Externa/input_Fecha_form_popUpTraeLiqu"), Keys.chord(ENTER)): Keys 'ENTER + ' sent to object: 'Object Repository/Modulo Tarea Administracion Compensacion/Liquidacion Entidad Externa/input_Fecha_form_popUpTraeLiqu'

2021-11-22 09:26:05 - [MESSAGE][PASSED] - Keys 'ENTER + ' sent to object: 'Object Repository/Modulo Tarea Administracion Compensacion/Liquidacion Entidad Externa/input_Fecha_form_popUpTraeLiqu'

2021-11-22 09:26:05 - [TEST_STEP][PASSED] - click(findTestObject("Modulo Tarea Administracion Compensacion/Liquidacion Entidad Externa/a_Aplicar")): Object: 'Object Repository/Modulo Tarea Administracion Compensacion/Liquidacion Entidad Externa/a_Aplicar' is clicked on

2021-11-22 09:26:06 - [MESSAGE][PASSED] - Object: 'Object Repository/Modulo Tarea Administracion Compensacion/Liquidacion Entidad Externa/a_Aplicar' is clicked on

2021-11-22 09:26:06 - [TEST_STEP][PASSED] - click(findTestObject("Modulo Tarea Administracion Compensacion/Liquidacion Entidad Externa/input_Sucursal_liquidacionesEn")): Object: 'Object Repository/Modulo Tarea Administracion Compensacion/Liquidacion Entidad Externa/input_Sucursal_liquidacionesEn' is clicked on

2021-11-22 09:26:07 - [MESSAGE][PASSED] - Object: 'Object Repository/Modulo Tarea Administracion Compensacion/Liquidacion Entidad Externa/input_Sucursal_liquidacionesEn' is clicked on

2021-11-22 09:26:07 - [TEST_STEP][PASSED] - waitForElementClickable(findTestObject("Modulo Tarea Administracion Compensacion/Liquidacion Entidad Externa/span_Liquidar"), 0): Object 'Object Repository/Modulo Tarea Administracion Compensacion/Liquidacion Entidad Externa/span_Liquidar' is clickable

2021-11-22 09:26:07 - [MESSAGE][WARNING] - Timeout '0' is invalid. Using default page load timeout: '30'

2021-11-22 09:26:08 - [MESSAGE][PASSED] - Object 'Object Repository/Modulo Tarea Administracion Compensacion/Liquidacion Entidad Externa/span_Liquidar' is clickable

2021-11-22 09:26:08 - [TEST_STEP][PASSED] - click(findTestObject("Modulo Tarea Administracion Compensacion/Liquidacion Entidad Externa/span_Liquidar")): Object: 'Object Repository/Modulo Tarea Administracion Compensacion/Liquidacion Entidad Externa/span_Liquidar' is clicked on

2021-11-22 09:26:09 - [MESSAGE][PASSED] - Object: 'Object Repository/Modulo Tarea Administracion Compensacion/Liquidacion Entidad Externa/span_Liquidar' is clicked on

2021-11-22 09:26:09 - [TEST_STEP][PASSED] - click(findTestObject("Modulo Tarea Administracion Compensacion/Liquidacion Entidad Externa/input_Seguimiento_popupConfirm")): Object: 'Object Repository/Modulo Tarea Administracion Compensacion/Liquidacion Entidad Externa/input_Seguimiento_popupConfirm' is clicked on

2021-11-22 09:26:09 - [MESSAGE][PASSED] - Object: 'Object Repository/Modulo Tarea Administracion Compensacion/Liquidacion Entidad Externa/input_Seguimiento_popupConfirm' is clicked on

2021-11-22 09:26:09 - [TEST_STEP][PASSED] - setText(findTestObject("Modulo Tarea Administracion Compensacion/Liquidacion Entidad Externa/input_Contrato_popupConfirmaci"), "1241"): Text '1241' is set on object 'Object Repository/Modulo Tarea Administracion Compensacion/Liquidacion Entidad Externa/input_Contrato_popupConfirmaci'

2021-11-22 09:26:10 - [MESSAGE][PASSED] - Text '1241' is set on object 'Object Repository/Modulo Tarea Administracion Compensacion/Liquidacion Entidad Externa/input_Contrato_popupConfirmaci'

2021-11-22 09:26:10 - [TEST_STEP][PASSED] - click(findTestObject("Modulo Tarea Administracion Compensacion/Liquidacion Entidad Externa/span_Si")): Object: 'Object Repository/Modulo Tarea Administracion Compensacion/Liquidacion Entidad Externa/span_Si' is clicked on

2021-11-22 09:26:11 - [MESSAGE][PASSED] - Object: 'Object Repository/Modulo Tarea Administracion Compensacion/Liquidacion Entidad Externa/span_Si' is clicked on

2021-11-22 09:26:11 - [TEST_STEP][PASSED] - click(findTestObject("Modulo Tarea Administracion Compensacion/Liquidacion Entidad Externa/a_Continuar")): Object: 'Object Repository/Modulo Tarea Administracion Compensacion/Liquidacion Entidad Externa/a_Continuar' is clicked on

2021-11-22 09:26:14 - [MESSAGE][PASSED] - Object: 'Object Repository/Modulo Tarea Administracion Compensacion/Liquidacion Entidad Externa/a_Continuar' is clicked on

2021-11-22 09:26:14 - [TEST_STEP][PASSED] - waitForElementClickable(findTestObject("Modulo Tarea Administracion Compensacion/Liquidacion Entidad Externa/span_close"), 0): Object 'Object Repository/Modulo Tarea Administracion Compensacion/Liquidacion Entidad Externa/span_close' is clickable

2021-11-22 09:26:15 - [MESSAGE][WARNING] - Timeout '0' is invalid. Using default page load timeout: '30'

2021-11-22 09:26:15 - [MESSAGE][PASSED] - Object 'Object Repository/Modulo Tarea Administracion Compensacion/Liquidacion Entidad Externa/span_close' is clickable

2021-11-22 09:26:15 - [TEST_STEP][PASSED] - click(findTestObject("Modulo Tarea Administracion Compensacion/Liquidacion Entidad Externa/span_close")): Object: 'Object Repository/Modulo Tarea Administracion Compensacion/Liquidacion Entidad Externa/span_close' is clicked on

2021-11-22 09:26:16 - [MESSAGE][PASSED] - Object: 'Object Repository/Modulo Tarea Administracion Compensacion/Liquidacion Entidad Externa/span_close' is clicked on

2021-11-22 09:26:16 - [TEST_STEP][PASSED] - waitForElementClickable(findTestObject("Modulo Tarea Administracion Compensacion/Liquidacion Entidad Externa/span_Ver"), 0): Object 'Object Repository/Modulo Tarea Administracion Compensacion/Liquidacion Entidad Externa/span_Ver' is clickable

2021-11-22 09:26:16 - [MESSAGE][WARNING] - Timeout '0' is invalid. Using default page load timeout: '30'

2021-11-22 09:26:16 - [MESSAGE][PASSED] - Object 'Object Repository/Modulo Tarea Administracion Compensacion/Liquidacion Entidad Externa/span_Ver' is clickable

2021-11-22 09:26:16 - [TEST_STEP][PASSED] - click(findTestObject("Modulo Tarea Administracion Compensacion/Liquidacion Entidad Externa/span_Ver")): Object: 'Object Repository/Modulo Tarea Administracion Compensacion/Liquidacion Entidad Externa/span_Ver' is clicked on

2021-11-22 09:26:17 - [MESSAGE][PASSED] - Object: 'Object Repository/Modulo Tarea Administracion Compensacion/Liquidacion Entidad Externa/span_Ver' is clicked on

2021-11-22 09:26:17 - [TEST_STEP][PASSED] - click(findTestObject("Modulo Tarea Administracion Compensacion/Liquidacion Entidad Externa/span_Imprimir")): Object: 'Object Repository/Modulo Tarea Administracion Compensacion/Liquidacion Entidad Externa/span_Imprimir' is clicked on

2021-11-22 09:26:18 - [MESSAGE][PASSED] - Object: 'Object Repository/Modulo Tarea Administracion Compensacion/Liquidacion Entidad Externa/span_Imprimir' is clicked on

2021-11-22 09:26:18 - [TEST_STEP][PASSED] - click(findTestObject("Modulo Tarea Administracion Compensacion/Liquidacion Entidad Externa/input_Csv_form_popupSeleccionR")): Object: 'Object Repository/Modulo Tarea Administracion Compensacion/Liquidacion Entidad Externa/input_Csv_form_popupSeleccionR' is clicked on

2021-11-22 09:26:19 - [MESSAGE][PASSED] - Object: 'Object Repository/Modulo Tarea Administracion Compensacion/Liquidacion Entidad Externa/input_Csv_form_popupSeleccionR' is clicked on

2021-11-22 09:26:19 - [TEST_STEP][PASSED] - waitForElementClickable(findTestObject("Modulo Tarea Administracion Compensacion/Liquidacion Entidad Externa/a_Reporte"), 0): Object 'Object Repository/Modulo Tarea Administracion Compensacion/Liquidacion Entidad Externa/a_Reporte' is clickable

2021-11-22 09:26:19 - [MESSAGE][WARNING] - Timeout '0' is invalid. Using default page load timeout: '30'

2021-11-22 09:26:19 - [MESSAGE][PASSED] - Object 'Object Repository/Modulo Tarea Administracion Compensacion/Liquidacion Entidad Externa/a_Reporte' is clickable

2021-11-22 09:26:19 - [TEST_STEP][PASSED] - click(findTestObject("Modulo Tarea Administracion Compensacion/Liquidacion Entidad Externa/a_Reporte")): Object: 'Object Repository/Modulo Tarea Administracion Compensacion/Liquidacion Entidad Externa/a_Reporte' is clicked on

2021-11-22 09:26:20 - [MESSAGE][PASSED] - Object: 'Object Repository/Modulo Tarea Administracion Compensacion/Liquidacion Entidad Externa/a_Reporte' is clicked on

2021-11-22 09:26:20 - [TEST_STEP][PASSED] - waitForElementClickable(findTestObject("Modulo Tarea Administracion Compensacion/Liquidacion Entidad Externa/a_Descargar"), 0): Object 'Object Repository/Modulo Tarea Administracion Compensacion/Liquidacion Entidad Externa/a_Descargar' is clickable

2021-11-22 09:26:20 - [MESSAGE][WARNING] - Timeout '0' is invalid. Using default page load timeout: '30'

2021-11-22 09:26:21 - [MESSAGE][PASSED] - Object 'Object Repository/Modulo Tarea Administracion Compensacion/Liquidacion Entidad Externa/a_Descargar' is clickable

2021-11-22 09:26:21 - [TEST_STEP][PASSED] - click(findTestObject("Modulo Tarea Administracion Compensacion/Liquidacion Entidad Externa/a_Descargar")): Object: 'Object Repository/Modulo Tarea Administracion Compensacion/Liquidacion Entidad Externa/a_Descargar' is clicked on

2021-11-22 09:26:21 - [MESSAGE][PASSED] - Object: 'Object Repository/Modulo Tarea Administracion Compensacion/Liquidacion Entidad Externa/a_Descargar' is clicked on

2021-11-22 09:26:21 - [TEST_STEP][PASSED] - delay(3): Delayed 3 second(s)

2021-11-22 09:26:24 - [MESSAGE][PASSED] - Delayed 3 second(s)

2021-11-22 09:26:24 - [TEST_STEP][PASSED] - closeBrowser(): Browser is closed

2021-11-22 09:26:25 - [MESSAGE][PASSED] - Browser is closed]]></system-out>
         <system-err><![CDATA[]]></system-err>
      </testcase>
      <testcase name="Test Cases/1.1-Tareas Principales/1.5.3-Reporte Planilla" time="0.31" classname="Test Cases/1.1-Tareas Principales/1.5.3-Reporte Planilla" status="PASSED">
         <system-out><![CDATA[2021-11-22 09:26:25 - [TEST_CASE][PASSED] - Test Cases/1.1-Tareas Principales/1.5.3-Reporte Planilla: Test Cases/1.1-Tareas Principales/1.5.3-Reporte Planilla

2021-11-22 09:26:26 - [TEST_STEP][PASSED] - closeBrowser(): Browser is closed

2021-11-22 09:26:26 - [MESSAGE][PASSED] - Browser is closed]]></system-out>
         <system-err><![CDATA[]]></system-err>
      </testcase>
      <testcase name="Test Cases/1.1-Tareas Principales/1.5.4-Ejecutar Reporte Plantilla" time="116.049" classname="Test Cases/1.1-Tareas Principales/1.5.4-Ejecutar Reporte Plantilla" status="PASSED">
         <system-out><![CDATA[2021-11-22 09:26:26 - [TEST_CASE][PASSED] - Test Cases/1.1-Tareas Principales/1.5.4-Ejecutar Reporte Plantilla: Test Cases/1.1-Tareas Principales/1.5.4-Ejecutar Reporte Plantilla

2021-11-22 09:26:26 - [TEST_STEP][PASSED] - callTestCase(findTestCase("Hutilidades/Modulos/Modulo Administracion Compensacion"), [:], STOP_ON_FAILURE): Call Test Case 'Test Cases/Hutilidades/Modulos/Modulo Administracion Compensacion' successfully

2021-11-22 09:26:26 - [TEST_CASE][PASSED] - Test Cases/Hutilidades/Modulos/Modulo Administracion Compensacion: Test Cases/Hutilidades/Modulos/Modulo Administracion Compensacion

2021-11-22 09:26:26 - [TEST_STEP][PASSED] - callTestCase(findTestCase("0.1-Login"), [:], STOP_ON_FAILURE): Call Test Case 'Test Cases/0.1-Login' successfully

2021-11-22 09:26:26 - [TEST_CASE][PASSED] - Test Cases/0.1-Login: Test Cases/0.1-Login

2021-11-22 09:26:26 - [TEST_STEP][PASSED] - openBrowser(""): Browser is opened with url: ''

2021-11-22 09:26:26 - [MESSAGE][INFO] - Starting 'Edge Chromium' driver

2021-11-22 09:26:28 - [MESSAGE][INFO] - Action delay is set to 0 milliseconds

2021-11-22 09:26:29 - [MESSAGE][PASSED] - Browser is opened with url: ''

2021-11-22 09:26:29 - [TEST_STEP][PASSED] - maximizeWindow(): Current window maximized

2021-11-22 09:26:29 - [MESSAGE][PASSED] - Current window maximized

2021-11-22 09:26:29 - [TEST_STEP][PASSED] - i = G_Login: null

2021-11-22 09:26:29 - [TEST_STEP][PASSED] - url = new java.net.URL(i): null

2021-11-22 09:26:29 - [TEST_STEP][PASSED] - println("URL: " + url.toString()): null

2021-11-22 09:26:29 - [TEST_STEP][PASSED] - connection = url.openConnection(): null

2021-11-22 09:26:29 - [TEST_STEP][PASSED] - connection.setRequestMethod("GET"): null

2021-11-22 09:26:29 - [TEST_STEP][PASSED] - connection.setReadTimeout(2 * 1000): null

2021-11-22 09:26:29 - [TEST_STEP][PASSED] - try: null

2021-11-22 09:26:29 - [TEST_STEP][PASSED] - connection.connect(): null

2021-11-22 09:26:29 - [TEST_STEP][PASSED] - flag = connected: null

2021-11-22 09:26:29 - [TEST_STEP][PASSED] - println("Valor_ori: " + flag): null

2021-11-22 09:26:29 - [TEST_STEP][PASSED] - if (flag): null

2021-11-22 09:26:29 - [TEST_STEP][PASSED] - navigateToUrl(i): Navigate to 'http://localhost:8380/saraweb/' successfully

2021-11-22 09:26:31 - [MESSAGE][PASSED] - Navigate to 'http://localhost:8380/saraweb/' successfully

2021-11-22 09:26:31 - [TEST_STEP][PASSED] - a(): null

2021-11-22 09:26:31 - [TEST_STEP][PASSED] - setText(findTestObject("Login/input_USUARIO_loginusuario"), G_Usuario): Text 'saraadmin' is set on object 'Object Repository/Login/input_USUARIO_loginusuario'

2021-11-22 09:26:32 - [MESSAGE][PASSED] - Text 'saraadmin' is set on object 'Object Repository/Login/input_USUARIO_loginusuario'

2021-11-22 09:26:32 - [TEST_STEP][PASSED] - setEncryptedText(findTestObject("Login/input_CLAVE_loginpassword"), "MkG4/TYiCFC3cb2driP7+Q=="): Text ****** has been set on object 'Object Repository/Login/input_CLAVE_loginpassword'

2021-11-22 09:26:32 - [MESSAGE][PASSED] - Text ****** has been set on object 'Object Repository/Login/input_CLAVE_loginpassword'

2021-11-22 09:26:32 - [TEST_STEP][PASSED] - waitForElementClickable(findTestObject("Login/a_Ingresar"), G_TimeOut): Object 'Object Repository/Login/a_Ingresar' is clickable

2021-11-22 09:26:32 - [MESSAGE][PASSED] - Object 'Object Repository/Login/a_Ingresar' is clickable

2021-11-22 09:26:32 - [TEST_STEP][PASSED] - click(findTestObject("Login/a_Ingresar")): Object: 'Object Repository/Login/a_Ingresar' is clicked on

2021-11-22 09:26:35 - [MESSAGE][PASSED] - Object: 'Object Repository/Login/a_Ingresar' is clicked on

2021-11-22 09:26:35 - [TEST_STEP][PASSED] - element = findWebElement(findTestObject("Login/a_Ir"), 30): null

2021-11-22 09:26:36 - [TEST_STEP][PASSED] - executeJavaScript("arguments[0].click()", Arrays.asList(element)): Execute JavaScript 'arguments[0].click()' successfully

2021-11-22 09:26:36 - [MESSAGE][PASSED] - Execute JavaScript 'arguments[0].click()' successfully

2021-11-22 09:26:36 - [MESSAGE][PASSED] - Call Test Case 'Test Cases/0.1-Login' successfully

2021-11-22 09:26:36 - [TEST_STEP][PASSED] - delay(2): Delayed 2 second(s)

2021-11-22 09:26:38 - [MESSAGE][PASSED] - Delayed 2 second(s)

2021-11-22 09:26:38 - [TEST_STEP][PASSED] - click(findTestObject("Modulo Administracion Compensacion/span_Administracin Compensacin")): Object: 'Object Repository/Modulo Administracion Compensacion/span_Administracin Compensacin' is clicked on

2021-11-22 09:26:39 - [MESSAGE][PASSED] - Object: 'Object Repository/Modulo Administracion Compensacion/span_Administracin Compensacin' is clicked on

2021-11-22 09:26:39 - [MESSAGE][PASSED] - Call Test Case 'Test Cases/Hutilidades/Modulos/Modulo Administracion Compensacion' successfully

2021-11-22 09:26:39 - [TEST_STEP][PASSED] - waitForElementClickable(findTestObject("Modulo Tarea Administracion Compensacion/Ejecutar Reporte Planilla/input_Ir_nav_t66_input"), 0): Object 'Object Repository/Modulo Tarea Administracion Compensacion/Ejecutar Reporte Planilla/input_Ir_nav_t66_input' is clickable

2021-11-22 09:26:39 - [MESSAGE][WARNING] - Timeout '0' is invalid. Using default page load timeout: '30'

2021-11-22 09:26:39 - [MESSAGE][PASSED] - Object 'Object Repository/Modulo Tarea Administracion Compensacion/Ejecutar Reporte Planilla/input_Ir_nav_t66_input' is clickable

2021-11-22 09:26:39 - [TEST_STEP][PASSED] - setText(findTestObject("Modulo Tarea Administracion Compensacion/Ejecutar Reporte Planilla/input_Ir_nav_t66_input"), "Ejecutar Reporte Planilla"): Text 'Ejecutar Reporte Planilla' is set on object 'Object Repository/Modulo Tarea Administracion Compensacion/Ejecutar Reporte Planilla/input_Ir_nav_t66_input'

2021-11-22 09:26:40 - [MESSAGE][PASSED] - Text 'Ejecutar Reporte Planilla' is set on object 'Object Repository/Modulo Tarea Administracion Compensacion/Ejecutar Reporte Planilla/input_Ir_nav_t66_input'

2021-11-22 09:26:40 - [TEST_STEP][PASSED] - delay(1): Delayed 1 second(s)

2021-11-22 09:26:41 - [MESSAGE][PASSED] - Delayed 1 second(s)

2021-11-22 09:26:41 - [TEST_STEP][PASSED] - sendKeys(findTestObject("Modulo Tarea Administracion Compensacion/Ejecutar Reporte Planilla/input_Ir_nav_t66_input"), Keys.chord(ENTER)): Keys 'ENTER + ' sent to object: 'Object Repository/Modulo Tarea Administracion Compensacion/Ejecutar Reporte Planilla/input_Ir_nav_t66_input'

2021-11-22 09:26:41 - [MESSAGE][PASSED] - Keys 'ENTER + ' sent to object: 'Object Repository/Modulo Tarea Administracion Compensacion/Ejecutar Reporte Planilla/input_Ir_nav_t66_input'

2021-11-22 09:26:41 - [TEST_STEP][PASSED] - waitForElementClickable(findTestObject("Modulo Tarea Administracion Compensacion/Ejecutar Reporte Planilla/input_Actos Administrativos_ejecutarReporte"), 0): Object 'Object Repository/Modulo Tarea Administracion Compensacion/Ejecutar Reporte Planilla/input_Actos Administrativos_ejecutarReporte' is clickable

2021-11-22 09:26:41 - [MESSAGE][WARNING] - Timeout '0' is invalid. Using default page load timeout: '30'

2021-11-22 09:26:44 - [MESSAGE][PASSED] - Object 'Object Repository/Modulo Tarea Administracion Compensacion/Ejecutar Reporte Planilla/input_Actos Administrativos_ejecutarReporte' is clickable

2021-11-22 09:26:44 - [TEST_STEP][PASSED] - setText(findTestObject("Modulo Tarea Administracion Compensacion/Ejecutar Reporte Planilla/input_Actos Administrativos_ejecutarReporte"), "PNP - PAGO DE NOMINA"): Text 'PNP - PAGO DE NOMINA' is set on object 'Object Repository/Modulo Tarea Administracion Compensacion/Ejecutar Reporte Planilla/input_Actos Administrativos_ejecutarReporte'

2021-11-22 09:26:45 - [MESSAGE][PASSED] - Text 'PNP - PAGO DE NOMINA' is set on object 'Object Repository/Modulo Tarea Administracion Compensacion/Ejecutar Reporte Planilla/input_Actos Administrativos_ejecutarReporte'

2021-11-22 09:26:45 - [TEST_STEP][PASSED] - click(findTestObject("Modulo Tarea Administracion Compensacion/Ejecutar Reporte Planilla/a_Actos Administrativos_ejecutarReportePlanillaj_idt61")): Object: 'Object Repository/Modulo Tarea Administracion Compensacion/Ejecutar Reporte Planilla/a_Actos Administrativos_ejecutarReportePlanillaj_idt61' is clicked on

2021-11-22 09:26:45 - [MESSAGE][PASSED] - Object: 'Object Repository/Modulo Tarea Administracion Compensacion/Ejecutar Reporte Planilla/a_Actos Administrativos_ejecutarReportePlanillaj_idt61' is clicked on

2021-11-22 09:26:45 - [TEST_STEP][PASSED] - click(findTestObject("Modulo Tarea Administracion Compensacion/Ejecutar Reporte Planilla/a_Actos Administrativos_ejecutarReportePlanillaj_idt61")): Object: 'Object Repository/Modulo Tarea Administracion Compensacion/Ejecutar Reporte Planilla/a_Actos Administrativos_ejecutarReportePlanillaj_idt61' is clicked on

2021-11-22 09:26:46 - [MESSAGE][PASSED] - Object: 'Object Repository/Modulo Tarea Administracion Compensacion/Ejecutar Reporte Planilla/a_Actos Administrativos_ejecutarReportePlanillaj_idt61' is clicked on

2021-11-22 09:26:46 - [TEST_STEP][PASSED] - waitForElementClickable(findTestObject("Modulo Tarea Administracion Compensacion/Ejecutar Reporte Planilla/td_PNP - PAGO DE NOMINA"), 0): Object 'Object Repository/Modulo Tarea Administracion Compensacion/Ejecutar Reporte Planilla/td_PNP - PAGO DE NOMINA' is clickable

2021-11-22 09:26:46 - [MESSAGE][WARNING] - Timeout '0' is invalid. Using default page load timeout: '30'

2021-11-22 09:26:47 - [MESSAGE][PASSED] - Object 'Object Repository/Modulo Tarea Administracion Compensacion/Ejecutar Reporte Planilla/td_PNP - PAGO DE NOMINA' is clickable

2021-11-22 09:26:47 - [TEST_STEP][PASSED] - click(findTestObject("Modulo Tarea Administracion Compensacion/Ejecutar Reporte Planilla/td_PNP - PAGO DE NOMINA")): Object: 'Object Repository/Modulo Tarea Administracion Compensacion/Ejecutar Reporte Planilla/td_PNP - PAGO DE NOMINA' is clicked on

2021-11-22 09:26:47 - [MESSAGE][PASSED] - Object: 'Object Repository/Modulo Tarea Administracion Compensacion/Ejecutar Reporte Planilla/td_PNP - PAGO DE NOMINA' is clicked on

2021-11-22 09:26:47 - [TEST_STEP][PASSED] - waitForElementClickable(findTestObject("Modulo Tarea Administracion Compensacion/Ejecutar Reporte Planilla/a_Periodo Nomina_ejecutarRepor"), 0): Object 'Object Repository/Modulo Tarea Administracion Compensacion/Ejecutar Reporte Planilla/a_Periodo Nomina_ejecutarRepor' is clickable

2021-11-22 09:26:47 - [MESSAGE][WARNING] - Timeout '0' is invalid. Using default page load timeout: '30'

2021-11-22 09:26:48 - [MESSAGE][PASSED] - Object 'Object Repository/Modulo Tarea Administracion Compensacion/Ejecutar Reporte Planilla/a_Periodo Nomina_ejecutarRepor' is clickable

2021-11-22 09:26:48 - [TEST_STEP][PASSED] - click(findTestObject("Modulo Tarea Administracion Compensacion/Ejecutar Reporte Planilla/a_Periodo Nomina_ejecutarRepor")): Object: 'Object Repository/Modulo Tarea Administracion Compensacion/Ejecutar Reporte Planilla/a_Periodo Nomina_ejecutarRepor' is clicked on

2021-11-22 09:26:48 - [MESSAGE][PASSED] - Object: 'Object Repository/Modulo Tarea Administracion Compensacion/Ejecutar Reporte Planilla/a_Periodo Nomina_ejecutarRepor' is clicked on

2021-11-22 09:26:48 - [TEST_STEP][PASSED] - waitForElementClickable(findTestObject("Modulo Tarea Administracion Compensacion/Ejecutar Reporte Planilla/select_--  Seleccione  --Periodo CerradoPeriodo en Proceso"), 0): Object 'Object Repository/Modulo Tarea Administracion Compensacion/Ejecutar Reporte Planilla/select_--  Seleccione  --Periodo CerradoPeriodo en Proceso' is clickable

2021-11-22 09:26:48 - [MESSAGE][WARNING] - Timeout '0' is invalid. Using default page load timeout: '30'

2021-11-22 09:26:49 - [MESSAGE][PASSED] - Object 'Object Repository/Modulo Tarea Administracion Compensacion/Ejecutar Reporte Planilla/select_--  Seleccione  --Periodo CerradoPeriodo en Proceso' is clickable

2021-11-22 09:26:49 - [TEST_STEP][PASSED] - selectOptionByIndex(findTestObject("Modulo Tarea Administracion Compensacion/Ejecutar Reporte Planilla/select_--  Seleccione  --Periodo CerradoPeriodo en Proceso"), "1", STOP_ON_FAILURE): All options with index in [1] are selected on object 'Object Repository/Modulo Tarea Administracion Compensacion/Ejecutar Reporte Planilla/select_--  Seleccione  --Periodo CerradoPeriodo en Proceso'

2021-11-22 09:26:50 - [MESSAGE][PASSED] - All options with index in [1] are selected on object 'Object Repository/Modulo Tarea Administracion Compensacion/Ejecutar Reporte Planilla/select_--  Seleccione  --Periodo CerradoPeriodo en Proceso'

2021-11-22 09:26:50 - [TEST_STEP][PASSED] - waitForElementClickable(findTestObject("Modulo Tarea Administracion Compensacion/Ejecutar Reporte Planilla/span_P. MensualMayo2021"), 0): Object 'Object Repository/Modulo Tarea Administracion Compensacion/Ejecutar Reporte Planilla/span_P. MensualMayo2021' is clickable

2021-11-22 09:26:50 - [MESSAGE][WARNING] - Timeout '0' is invalid. Using default page load timeout: '30'

2021-11-22 09:26:51 - [MESSAGE][PASSED] - Object 'Object Repository/Modulo Tarea Administracion Compensacion/Ejecutar Reporte Planilla/span_P. MensualMayo2021' is clickable

2021-11-22 09:26:51 - [TEST_STEP][PASSED] - click(findTestObject("Modulo Tarea Administracion Compensacion/Ejecutar Reporte Planilla/span_P. MensualMayo2021")): Object: 'Object Repository/Modulo Tarea Administracion Compensacion/Ejecutar Reporte Planilla/span_P. MensualMayo2021' is clicked on

2021-11-22 09:26:51 - [MESSAGE][PASSED] - Object: 'Object Repository/Modulo Tarea Administracion Compensacion/Ejecutar Reporte Planilla/span_P. MensualMayo2021' is clicked on

2021-11-22 09:26:51 - [TEST_STEP][PASSED] - waitForElementClickable(findTestObject("Modulo Tarea Administracion Compensacion/Ejecutar Reporte Planilla/a_Aplicar"), 0): Object 'Object Repository/Modulo Tarea Administracion Compensacion/Ejecutar Reporte Planilla/a_Aplicar' is clickable

2021-11-22 09:26:51 - [MESSAGE][WARNING] - Timeout '0' is invalid. Using default page load timeout: '30'

2021-11-22 09:26:52 - [MESSAGE][PASSED] - Object 'Object Repository/Modulo Tarea Administracion Compensacion/Ejecutar Reporte Planilla/a_Aplicar' is clickable

2021-11-22 09:26:52 - [TEST_STEP][PASSED] - click(findTestObject("Modulo Tarea Administracion Compensacion/Ejecutar Reporte Planilla/a_Aplicar")): Object: 'Object Repository/Modulo Tarea Administracion Compensacion/Ejecutar Reporte Planilla/a_Aplicar' is clicked on

2021-11-22 09:26:52 - [MESSAGE][PASSED] - Object: 'Object Repository/Modulo Tarea Administracion Compensacion/Ejecutar Reporte Planilla/a_Aplicar' is clicked on

2021-11-22 09:26:52 - [TEST_STEP][PASSED] - waitForElementClickable(findTestObject("Modulo Tarea Administracion Compensacion/Ejecutar Reporte Planilla/span_Reporte_glyphicons glyphicons-article"), 0): Object 'Object Repository/Modulo Tarea Administracion Compensacion/Ejecutar Reporte Planilla/span_Reporte_glyphicons glyphicons-article' is clickable

2021-11-22 09:26:52 - [MESSAGE][WARNING] - Timeout '0' is invalid. Using default page load timeout: '30'

2021-11-22 09:26:53 - [MESSAGE][PASSED] - Object 'Object Repository/Modulo Tarea Administracion Compensacion/Ejecutar Reporte Planilla/span_Reporte_glyphicons glyphicons-article' is clickable

2021-11-22 09:26:53 - [TEST_STEP][PASSED] - click(findTestObject("Modulo Tarea Administracion Compensacion/Ejecutar Reporte Planilla/span_Reporte_glyphicons glyphicons-article")): Object: 'Object Repository/Modulo Tarea Administracion Compensacion/Ejecutar Reporte Planilla/span_Reporte_glyphicons glyphicons-article' is clicked on

2021-11-22 09:26:53 - [MESSAGE][PASSED] - Object: 'Object Repository/Modulo Tarea Administracion Compensacion/Ejecutar Reporte Planilla/span_Reporte_glyphicons glyphicons-article' is clicked on

2021-11-22 09:26:53 - [TEST_STEP][PASSED] - click(findTestObject("Modulo Tarea Administracion Compensacion/Ejecutar Reporte Planilla/label_html")): Object: 'Object Repository/Modulo Tarea Administracion Compensacion/Ejecutar Reporte Planilla/label_html' is clicked on

2021-11-22 09:26:54 - [MESSAGE][PASSED] - Object: 'Object Repository/Modulo Tarea Administracion Compensacion/Ejecutar Reporte Planilla/label_html' is clicked on

2021-11-22 09:26:54 - [TEST_STEP][PASSED] - click(findTestObject("Modulo Tarea Administracion Compensacion/Ejecutar Reporte Planilla/a_Generar Reporte")): Object: 'Object Repository/Modulo Tarea Administracion Compensacion/Ejecutar Reporte Planilla/a_Generar Reporte' is clicked on

2021-11-22 09:26:54 - [MESSAGE][PASSED] - Object: 'Object Repository/Modulo Tarea Administracion Compensacion/Ejecutar Reporte Planilla/a_Generar Reporte' is clicked on

2021-11-22 09:26:54 - [TEST_STEP][PASSED] - waitForElementClickable(findTestObject("Modulo Tarea Administracion Compensacion/Ejecutar Reporte Planilla/a_Descargar"), 0): Object 'Object Repository/Modulo Tarea Administracion Compensacion/Ejecutar Reporte Planilla/a_Descargar' is clickable

2021-11-22 09:26:54 - [MESSAGE][WARNING] - Timeout '0' is invalid. Using default page load timeout: '30'

2021-11-22 09:26:56 - [MESSAGE][PASSED] - Object 'Object Repository/Modulo Tarea Administracion Compensacion/Ejecutar Reporte Planilla/a_Descargar' is clickable

2021-11-22 09:26:56 - [TEST_STEP][PASSED] - click(findTestObject("Modulo Tarea Administracion Compensacion/Ejecutar Reporte Planilla/a_Descargar")): Object: 'Object Repository/Modulo Tarea Administracion Compensacion/Ejecutar Reporte Planilla/a_Descargar' is clicked on

2021-11-22 09:26:56 - [MESSAGE][PASSED] - Object: 'Object Repository/Modulo Tarea Administracion Compensacion/Ejecutar Reporte Planilla/a_Descargar' is clicked on

2021-11-22 09:26:56 - [TEST_STEP][PASSED] - click(findTestObject("Modulo Tarea Administracion Compensacion/Ejecutar Reporte Planilla/a_Periodo Nomina_Cerrar")): Object: 'Object Repository/Modulo Tarea Administracion Compensacion/Ejecutar Reporte Planilla/a_Periodo Nomina_Cerrar' is clicked on

2021-11-22 09:26:57 - [MESSAGE][PASSED] - Object: 'Object Repository/Modulo Tarea Administracion Compensacion/Ejecutar Reporte Planilla/a_Periodo Nomina_Cerrar' is clicked on

2021-11-22 09:26:57 - [TEST_STEP][PASSED] - waitForElementClickable(findTestObject("Modulo Tarea Administracion Compensacion/Ejecutar Reporte Planilla/input_Actos Administrativos_ejecutarReporte"), 0): Object 'Object Repository/Modulo Tarea Administracion Compensacion/Ejecutar Reporte Planilla/input_Actos Administrativos_ejecutarReporte' is clickable

2021-11-22 09:26:57 - [MESSAGE][WARNING] - Timeout '0' is invalid. Using default page load timeout: '30'

2021-11-22 09:26:58 - [MESSAGE][PASSED] - Object 'Object Repository/Modulo Tarea Administracion Compensacion/Ejecutar Reporte Planilla/input_Actos Administrativos_ejecutarReporte' is clickable

2021-11-22 09:26:58 - [TEST_STEP][PASSED] - setText(findTestObject("Modulo Tarea Administracion Compensacion/Ejecutar Reporte Planilla/input_Actos Administrativos_ejecutarReporte"), "REPORTE PLANILLA..."): Text 'REPORTE PLANILLA...' is set on object 'Object Repository/Modulo Tarea Administracion Compensacion/Ejecutar Reporte Planilla/input_Actos Administrativos_ejecutarReporte'

2021-11-22 09:26:59 - [MESSAGE][PASSED] - Text 'REPORTE PLANILLA...' is set on object 'Object Repository/Modulo Tarea Administracion Compensacion/Ejecutar Reporte Planilla/input_Actos Administrativos_ejecutarReporte'

2021-11-22 09:26:59 - [TEST_STEP][PASSED] - click(findTestObject("Modulo Tarea Administracion Compensacion/Ejecutar Reporte Planilla/a_Actos Administrativos_ejecutarReportePlanillaj_idt61"), STOP_ON_FAILURE): Object: 'Object Repository/Modulo Tarea Administracion Compensacion/Ejecutar Reporte Planilla/a_Actos Administrativos_ejecutarReportePlanillaj_idt61' is clicked on

2021-11-22 09:26:59 - [MESSAGE][PASSED] - Object: 'Object Repository/Modulo Tarea Administracion Compensacion/Ejecutar Reporte Planilla/a_Actos Administrativos_ejecutarReportePlanillaj_idt61' is clicked on

2021-11-22 09:26:59 - [TEST_STEP][PASSED] - click(findTestObject("Modulo Tarea Administracion Compensacion/Ejecutar Reporte Planilla/a_Actos Administrativos_ejecutarReportePlanillaj_idt61"), STOP_ON_FAILURE): Object: 'Object Repository/Modulo Tarea Administracion Compensacion/Ejecutar Reporte Planilla/a_Actos Administrativos_ejecutarReportePlanillaj_idt61' is clicked on

2021-11-22 09:27:00 - [MESSAGE][PASSED] - Object: 'Object Repository/Modulo Tarea Administracion Compensacion/Ejecutar Reporte Planilla/a_Actos Administrativos_ejecutarReportePlanillaj_idt61' is clicked on

2021-11-22 09:27:00 - [TEST_STEP][PASSED] - waitForElementClickable(findTestObject("Modulo Tarea Administracion Compensacion/Ejecutar Reporte Planilla/td_PNP - PAGO DE NOMINA"), 0): Object 'Object Repository/Modulo Tarea Administracion Compensacion/Ejecutar Reporte Planilla/td_PNP - PAGO DE NOMINA' is clickable

2021-11-22 09:27:00 - [MESSAGE][WARNING] - Timeout '0' is invalid. Using default page load timeout: '30'

2021-11-22 09:27:01 - [MESSAGE][PASSED] - Object 'Object Repository/Modulo Tarea Administracion Compensacion/Ejecutar Reporte Planilla/td_PNP - PAGO DE NOMINA' is clickable

2021-11-22 09:27:01 - [TEST_STEP][PASSED] - click(findTestObject("Modulo Tarea Administracion Compensacion/Ejecutar Reporte Planilla/td_PNP - PAGO DE NOMINA")): Object: 'Object Repository/Modulo Tarea Administracion Compensacion/Ejecutar Reporte Planilla/td_PNP - PAGO DE NOMINA' is clicked on

2021-11-22 09:27:01 - [MESSAGE][PASSED] - Object: 'Object Repository/Modulo Tarea Administracion Compensacion/Ejecutar Reporte Planilla/td_PNP - PAGO DE NOMINA' is clicked on

2021-11-22 09:27:01 - [TEST_STEP][PASSED] - waitForElementClickable(findTestObject("Modulo Tarea Administracion Compensacion/Ejecutar Reporte Planilla/a_Periodo Nomina_ejecutarRepor"), 0): Object 'Object Repository/Modulo Tarea Administracion Compensacion/Ejecutar Reporte Planilla/a_Periodo Nomina_ejecutarRepor' is clickable

2021-11-22 09:27:01 - [MESSAGE][WARNING] - Timeout '0' is invalid. Using default page load timeout: '30'

2021-11-22 09:27:02 - [MESSAGE][PASSED] - Object 'Object Repository/Modulo Tarea Administracion Compensacion/Ejecutar Reporte Planilla/a_Periodo Nomina_ejecutarRepor' is clickable

2021-11-22 09:27:02 - [TEST_STEP][PASSED] - click(findTestObject("Modulo Tarea Administracion Compensacion/Ejecutar Reporte Planilla/a_Periodo Nomina_ejecutarRepor")): Object: 'Object Repository/Modulo Tarea Administracion Compensacion/Ejecutar Reporte Planilla/a_Periodo Nomina_ejecutarRepor' is clicked on

2021-11-22 09:27:02 - [MESSAGE][PASSED] - Object: 'Object Repository/Modulo Tarea Administracion Compensacion/Ejecutar Reporte Planilla/a_Periodo Nomina_ejecutarRepor' is clicked on

2021-11-22 09:27:02 - [TEST_STEP][PASSED] - waitForElementClickable(findTestObject("Modulo Tarea Administracion Compensacion/Ejecutar Reporte Planilla/select_--  Seleccione  --Periodo CerradoPeriodo en Proceso"), 0): Object 'Object Repository/Modulo Tarea Administracion Compensacion/Ejecutar Reporte Planilla/select_--  Seleccione  --Periodo CerradoPeriodo en Proceso' is clickable

2021-11-22 09:27:02 - [MESSAGE][WARNING] - Timeout '0' is invalid. Using default page load timeout: '30'

2021-11-22 09:27:03 - [MESSAGE][PASSED] - Object 'Object Repository/Modulo Tarea Administracion Compensacion/Ejecutar Reporte Planilla/select_--  Seleccione  --Periodo CerradoPeriodo en Proceso' is clickable

2021-11-22 09:27:03 - [TEST_STEP][PASSED] - selectOptionByIndex(findTestObject("Modulo Tarea Administracion Compensacion/Ejecutar Reporte Planilla/select_--  Seleccione  --Periodo CerradoPeriodo en Proceso"), "1", STOP_ON_FAILURE): All options with index in [1] are selected on object 'Object Repository/Modulo Tarea Administracion Compensacion/Ejecutar Reporte Planilla/select_--  Seleccione  --Periodo CerradoPeriodo en Proceso'

2021-11-22 09:27:04 - [MESSAGE][PASSED] - All options with index in [1] are selected on object 'Object Repository/Modulo Tarea Administracion Compensacion/Ejecutar Reporte Planilla/select_--  Seleccione  --Periodo CerradoPeriodo en Proceso'

2021-11-22 09:27:04 - [TEST_STEP][PASSED] - waitForElementClickable(findTestObject("Modulo Tarea Administracion Compensacion/Ejecutar Reporte Planilla/span_P. MensualMayo2021"), 0): Object 'Object Repository/Modulo Tarea Administracion Compensacion/Ejecutar Reporte Planilla/span_P. MensualMayo2021' is clickable

2021-11-22 09:27:04 - [MESSAGE][WARNING] - Timeout '0' is invalid. Using default page load timeout: '30'

2021-11-22 09:27:06 - [MESSAGE][PASSED] - Object 'Object Repository/Modulo Tarea Administracion Compensacion/Ejecutar Reporte Planilla/span_P. MensualMayo2021' is clickable

2021-11-22 09:27:06 - [TEST_STEP][PASSED] - click(findTestObject("Modulo Tarea Administracion Compensacion/Ejecutar Reporte Planilla/span_P. MensualMayo2021")): Object: 'Object Repository/Modulo Tarea Administracion Compensacion/Ejecutar Reporte Planilla/span_P. MensualMayo2021' is clicked on

2021-11-22 09:27:06 - [MESSAGE][PASSED] - Object: 'Object Repository/Modulo Tarea Administracion Compensacion/Ejecutar Reporte Planilla/span_P. MensualMayo2021' is clicked on

2021-11-22 09:27:06 - [TEST_STEP][PASSED] - waitForElementClickable(findTestObject("Modulo Tarea Administracion Compensacion/Ejecutar Reporte Planilla/select_--Seleccione--TodosNOMINA MENSUALNOMINA QUINCENAL"), 0): Object 'Object Repository/Modulo Tarea Administracion Compensacion/Ejecutar Reporte Planilla/select_--Seleccione--TodosNOMINA MENSUALNOMINA QUINCENAL' is clickable

2021-11-22 09:27:06 - [MESSAGE][WARNING] - Timeout '0' is invalid. Using default page load timeout: '30'

2021-11-22 09:27:07 - [MESSAGE][PASSED] - Object 'Object Repository/Modulo Tarea Administracion Compensacion/Ejecutar Reporte Planilla/select_--Seleccione--TodosNOMINA MENSUALNOMINA QUINCENAL' is clickable

2021-11-22 09:27:07 - [TEST_STEP][PASSED] - selectOptionByIndex(findTestObject("Modulo Tarea Administracion Compensacion/Ejecutar Reporte Planilla/select_--Seleccione--TodosNOMINA MENSUALNOMINA QUINCENAL"), "1"): All options with index in [1] are selected on object 'Object Repository/Modulo Tarea Administracion Compensacion/Ejecutar Reporte Planilla/select_--Seleccione--TodosNOMINA MENSUALNOMINA QUINCENAL'

2021-11-22 09:27:08 - [MESSAGE][PASSED] - All options with index in [1] are selected on object 'Object Repository/Modulo Tarea Administracion Compensacion/Ejecutar Reporte Planilla/select_--Seleccione--TodosNOMINA MENSUALNOMINA QUINCENAL'

2021-11-22 09:27:08 - [TEST_STEP][PASSED] - waitForElementClickable(findTestObject("Modulo Tarea Administracion Compensacion/Ejecutar Reporte Planilla/a_Aplicar"), 0): Object 'Object Repository/Modulo Tarea Administracion Compensacion/Ejecutar Reporte Planilla/a_Aplicar' is clickable

2021-11-22 09:27:08 - [MESSAGE][WARNING] - Timeout '0' is invalid. Using default page load timeout: '30'

2021-11-22 09:27:08 - [MESSAGE][PASSED] - Object 'Object Repository/Modulo Tarea Administracion Compensacion/Ejecutar Reporte Planilla/a_Aplicar' is clickable

2021-11-22 09:27:08 - [TEST_STEP][PASSED] - click(findTestObject("Modulo Tarea Administracion Compensacion/Ejecutar Reporte Planilla/a_Aplicar")): Object: 'Object Repository/Modulo Tarea Administracion Compensacion/Ejecutar Reporte Planilla/a_Aplicar' is clicked on

2021-11-22 09:27:09 - [MESSAGE][PASSED] - Object: 'Object Repository/Modulo Tarea Administracion Compensacion/Ejecutar Reporte Planilla/a_Aplicar' is clicked on

2021-11-22 09:27:09 - [TEST_STEP][PASSED] - waitForElementClickable(findTestObject("Modulo Tarea Administracion Compensacion/Ejecutar Reporte Planilla/a_Continuar"), 0): Object 'Object Repository/Modulo Tarea Administracion Compensacion/Ejecutar Reporte Planilla/a_Continuar' is clickable

2021-11-22 09:27:09 - [MESSAGE][WARNING] - Timeout '0' is invalid. Using default page load timeout: '30'

2021-11-22 09:27:12 - [MESSAGE][PASSED] - Object 'Object Repository/Modulo Tarea Administracion Compensacion/Ejecutar Reporte Planilla/a_Continuar' is clickable

2021-11-22 09:27:12 - [TEST_STEP][PASSED] - click(findTestObject("Modulo Tarea Administracion Compensacion/Ejecutar Reporte Planilla/a_Continuar")): Object: 'Object Repository/Modulo Tarea Administracion Compensacion/Ejecutar Reporte Planilla/a_Continuar' is clicked on

2021-11-22 09:27:13 - [MESSAGE][PASSED] - Object: 'Object Repository/Modulo Tarea Administracion Compensacion/Ejecutar Reporte Planilla/a_Continuar' is clicked on

2021-11-22 09:27:13 - [TEST_STEP][PASSED] - waitForElementClickable(findTestObject("Modulo Tarea Administracion Compensacion/Ejecutar Reporte Planilla/input_Actos Administrativos_ejecutarReporte"), 0): Object 'Object Repository/Modulo Tarea Administracion Compensacion/Ejecutar Reporte Planilla/input_Actos Administrativos_ejecutarReporte' is clickable

2021-11-22 09:27:13 - [MESSAGE][WARNING] - Timeout '0' is invalid. Using default page load timeout: '30'

2021-11-22 09:27:13 - [MESSAGE][PASSED] - Object 'Object Repository/Modulo Tarea Administracion Compensacion/Ejecutar Reporte Planilla/input_Actos Administrativos_ejecutarReporte' is clickable

2021-11-22 09:27:13 - [TEST_STEP][PASSED] - setText(findTestObject("Modulo Tarea Administracion Compensacion/Ejecutar Reporte Planilla/input_Actos Administrativos_ejecutarReporte"), "RECO"): Text 'RECO' is set on object 'Object Repository/Modulo Tarea Administracion Compensacion/Ejecutar Reporte Planilla/input_Actos Administrativos_ejecutarReporte'

2021-11-22 09:27:14 - [MESSAGE][PASSED] - Text 'RECO' is set on object 'Object Repository/Modulo Tarea Administracion Compensacion/Ejecutar Reporte Planilla/input_Actos Administrativos_ejecutarReporte'

2021-11-22 09:27:14 - [TEST_STEP][PASSED] - click(findTestObject("Modulo Tarea Administracion Compensacion/Ejecutar Reporte Planilla/a_Actos Administrativos_ejecutarReportePlanillaj_idt61"), STOP_ON_FAILURE): Object: 'Object Repository/Modulo Tarea Administracion Compensacion/Ejecutar Reporte Planilla/a_Actos Administrativos_ejecutarReportePlanillaj_idt61' is clicked on

2021-11-22 09:27:15 - [MESSAGE][PASSED] - Object: 'Object Repository/Modulo Tarea Administracion Compensacion/Ejecutar Reporte Planilla/a_Actos Administrativos_ejecutarReportePlanillaj_idt61' is clicked on

2021-11-22 09:27:15 - [TEST_STEP][PASSED] - click(findTestObject("Modulo Tarea Administracion Compensacion/Ejecutar Reporte Planilla/a_Actos Administrativos_ejecutarReportePlanillaj_idt61"), STOP_ON_FAILURE): Object: 'Object Repository/Modulo Tarea Administracion Compensacion/Ejecutar Reporte Planilla/a_Actos Administrativos_ejecutarReportePlanillaj_idt61' is clicked on

2021-11-22 09:27:16 - [MESSAGE][PASSED] - Object: 'Object Repository/Modulo Tarea Administracion Compensacion/Ejecutar Reporte Planilla/a_Actos Administrativos_ejecutarReportePlanillaj_idt61' is clicked on

2021-11-22 09:27:16 - [TEST_STEP][PASSED] - waitForElementClickable(findTestObject("Modulo Tarea Administracion Compensacion/Ejecutar Reporte Planilla/td_PNP - PAGO DE NOMINA"), 0): Object 'Object Repository/Modulo Tarea Administracion Compensacion/Ejecutar Reporte Planilla/td_PNP - PAGO DE NOMINA' is clickable

2021-11-22 09:27:16 - [MESSAGE][WARNING] - Timeout '0' is invalid. Using default page load timeout: '30'

2021-11-22 09:27:16 - [MESSAGE][PASSED] - Object 'Object Repository/Modulo Tarea Administracion Compensacion/Ejecutar Reporte Planilla/td_PNP - PAGO DE NOMINA' is clickable

2021-11-22 09:27:16 - [TEST_STEP][PASSED] - click(findTestObject("Modulo Tarea Administracion Compensacion/Ejecutar Reporte Planilla/td_PNP - PAGO DE NOMINA")): Object: 'Object Repository/Modulo Tarea Administracion Compensacion/Ejecutar Reporte Planilla/td_PNP - PAGO DE NOMINA' is clicked on

2021-11-22 09:27:17 - [MESSAGE][PASSED] - Object: 'Object Repository/Modulo Tarea Administracion Compensacion/Ejecutar Reporte Planilla/td_PNP - PAGO DE NOMINA' is clicked on

2021-11-22 09:27:17 - [TEST_STEP][PASSED] - waitForElementClickable(findTestObject("Modulo Tarea Administracion Compensacion/Ejecutar Reporte Planilla/a_Periodo Nomina_ejecutarRepor"), 0): Object 'Object Repository/Modulo Tarea Administracion Compensacion/Ejecutar Reporte Planilla/a_Periodo Nomina_ejecutarRepor' is clickable

2021-11-22 09:27:17 - [MESSAGE][WARNING] - Timeout '0' is invalid. Using default page load timeout: '30'

2021-11-22 09:27:17 - [MESSAGE][PASSED] - Object 'Object Repository/Modulo Tarea Administracion Compensacion/Ejecutar Reporte Planilla/a_Periodo Nomina_ejecutarRepor' is clickable

2021-11-22 09:27:17 - [TEST_STEP][PASSED] - click(findTestObject("Modulo Tarea Administracion Compensacion/Ejecutar Reporte Planilla/a_Periodo Nomina_ejecutarRepor")): Object: 'Object Repository/Modulo Tarea Administracion Compensacion/Ejecutar Reporte Planilla/a_Periodo Nomina_ejecutarRepor' is clicked on

2021-11-22 09:27:18 - [MESSAGE][PASSED] - Object: 'Object Repository/Modulo Tarea Administracion Compensacion/Ejecutar Reporte Planilla/a_Periodo Nomina_ejecutarRepor' is clicked on

2021-11-22 09:27:18 - [TEST_STEP][PASSED] - waitForElementClickable(findTestObject("Modulo Tarea Administracion Compensacion/Ejecutar Reporte Planilla/select_--  Seleccione  --Periodo CerradoPeriodo en Proceso"), 0): Object 'Object Repository/Modulo Tarea Administracion Compensacion/Ejecutar Reporte Planilla/select_--  Seleccione  --Periodo CerradoPeriodo en Proceso' is clickable

2021-11-22 09:27:18 - [MESSAGE][WARNING] - Timeout '0' is invalid. Using default page load timeout: '30'

2021-11-22 09:27:18 - [MESSAGE][PASSED] - Object 'Object Repository/Modulo Tarea Administracion Compensacion/Ejecutar Reporte Planilla/select_--  Seleccione  --Periodo CerradoPeriodo en Proceso' is clickable

2021-11-22 09:27:18 - [TEST_STEP][PASSED] - selectOptionByIndex(findTestObject("Modulo Tarea Administracion Compensacion/Ejecutar Reporte Planilla/select_--  Seleccione  --Periodo CerradoPeriodo en Proceso"), "1", STOP_ON_FAILURE): All options with index in [1] are selected on object 'Object Repository/Modulo Tarea Administracion Compensacion/Ejecutar Reporte Planilla/select_--  Seleccione  --Periodo CerradoPeriodo en Proceso'

2021-11-22 09:27:19 - [MESSAGE][PASSED] - All options with index in [1] are selected on object 'Object Repository/Modulo Tarea Administracion Compensacion/Ejecutar Reporte Planilla/select_--  Seleccione  --Periodo CerradoPeriodo en Proceso'

2021-11-22 09:27:19 - [TEST_STEP][PASSED] - waitForElementClickable(findTestObject("Modulo Tarea Administracion Compensacion/Ejecutar Reporte Planilla/span_P. MensualMayo2021"), 0): Object 'Object Repository/Modulo Tarea Administracion Compensacion/Ejecutar Reporte Planilla/span_P. MensualMayo2021' is clickable

2021-11-22 09:27:19 - [MESSAGE][WARNING] - Timeout '0' is invalid. Using default page load timeout: '30'

2021-11-22 09:27:20 - [MESSAGE][PASSED] - Object 'Object Repository/Modulo Tarea Administracion Compensacion/Ejecutar Reporte Planilla/span_P. MensualMayo2021' is clickable

2021-11-22 09:27:20 - [TEST_STEP][PASSED] - click(findTestObject("Modulo Tarea Administracion Compensacion/Ejecutar Reporte Planilla/span_P. MensualMayo2021")): Object: 'Object Repository/Modulo Tarea Administracion Compensacion/Ejecutar Reporte Planilla/span_P. MensualMayo2021' is clicked on

2021-11-22 09:27:20 - [MESSAGE][PASSED] - Object: 'Object Repository/Modulo Tarea Administracion Compensacion/Ejecutar Reporte Planilla/span_P. MensualMayo2021' is clicked on

2021-11-22 09:27:20 - [TEST_STEP][PASSED] - waitForElementClickable(findTestObject("Modulo Tarea Administracion Compensacion/Ejecutar Reporte Planilla/a_Aplicar"), 0): Object 'Object Repository/Modulo Tarea Administracion Compensacion/Ejecutar Reporte Planilla/a_Aplicar' is clickable

2021-11-22 09:27:20 - [MESSAGE][WARNING] - Timeout '0' is invalid. Using default page load timeout: '30'

2021-11-22 09:27:21 - [MESSAGE][PASSED] - Object 'Object Repository/Modulo Tarea Administracion Compensacion/Ejecutar Reporte Planilla/a_Aplicar' is clickable

2021-11-22 09:27:21 - [TEST_STEP][PASSED] - click(findTestObject("Modulo Tarea Administracion Compensacion/Ejecutar Reporte Planilla/a_Aplicar")): Object: 'Object Repository/Modulo Tarea Administracion Compensacion/Ejecutar Reporte Planilla/a_Aplicar' is clicked on

2021-11-22 09:27:21 - [MESSAGE][PASSED] - Object: 'Object Repository/Modulo Tarea Administracion Compensacion/Ejecutar Reporte Planilla/a_Aplicar' is clicked on

2021-11-22 09:27:21 - [TEST_STEP][PASSED] - waitForElementClickable(findTestObject("Modulo Tarea Administracion Compensacion/Ejecutar Reporte Planilla/span_Reporte_glyphicons glyphicons-article"), 0): Object 'Object Repository/Modulo Tarea Administracion Compensacion/Ejecutar Reporte Planilla/span_Reporte_glyphicons glyphicons-article' is clickable

2021-11-22 09:27:21 - [MESSAGE][WARNING] - Timeout '0' is invalid. Using default page load timeout: '30'

2021-11-22 09:27:23 - [MESSAGE][PASSED] - Object 'Object Repository/Modulo Tarea Administracion Compensacion/Ejecutar Reporte Planilla/span_Reporte_glyphicons glyphicons-article' is clickable

2021-11-22 09:27:23 - [TEST_STEP][PASSED] - click(findTestObject("Modulo Tarea Administracion Compensacion/Ejecutar Reporte Planilla/span_Reporte_glyphicons glyphicons-article")): Object: 'Object Repository/Modulo Tarea Administracion Compensacion/Ejecutar Reporte Planilla/span_Reporte_glyphicons glyphicons-article' is clicked on

2021-11-22 09:27:24 - [MESSAGE][PASSED] - Object: 'Object Repository/Modulo Tarea Administracion Compensacion/Ejecutar Reporte Planilla/span_Reporte_glyphicons glyphicons-article' is clicked on

2021-11-22 09:27:24 - [TEST_STEP][PASSED] - click(findTestObject("Modulo Tarea Administracion Compensacion/Ejecutar Reporte Planilla/label_html")): Object: 'Object Repository/Modulo Tarea Administracion Compensacion/Ejecutar Reporte Planilla/label_html' is clicked on

2021-11-22 09:27:25 - [MESSAGE][PASSED] - Object: 'Object Repository/Modulo Tarea Administracion Compensacion/Ejecutar Reporte Planilla/label_html' is clicked on

2021-11-22 09:27:25 - [TEST_STEP][PASSED] - click(findTestObject("Modulo Tarea Administracion Compensacion/Ejecutar Reporte Planilla/a_Generar Reporte")): Object: 'Object Repository/Modulo Tarea Administracion Compensacion/Ejecutar Reporte Planilla/a_Generar Reporte' is clicked on

2021-11-22 09:27:25 - [MESSAGE][PASSED] - Object: 'Object Repository/Modulo Tarea Administracion Compensacion/Ejecutar Reporte Planilla/a_Generar Reporte' is clicked on

2021-11-22 09:27:25 - [TEST_STEP][PASSED] - waitForElementClickable(findTestObject("Modulo Tarea Administracion Compensacion/Ejecutar Reporte Planilla/a_Descargar"), 0): Object 'Object Repository/Modulo Tarea Administracion Compensacion/Ejecutar Reporte Planilla/a_Descargar' is clickable

2021-11-22 09:27:25 - [MESSAGE][WARNING] - Timeout '0' is invalid. Using default page load timeout: '30'

2021-11-22 09:27:26 - [MESSAGE][PASSED] - Object 'Object Repository/Modulo Tarea Administracion Compensacion/Ejecutar Reporte Planilla/a_Descargar' is clickable

2021-11-22 09:27:26 - [TEST_STEP][PASSED] - click(findTestObject("Modulo Tarea Administracion Compensacion/Ejecutar Reporte Planilla/a_Descargar")): Object: 'Object Repository/Modulo Tarea Administracion Compensacion/Ejecutar Reporte Planilla/a_Descargar' is clicked on

2021-11-22 09:27:26 - [MESSAGE][PASSED] - Object: 'Object Repository/Modulo Tarea Administracion Compensacion/Ejecutar Reporte Planilla/a_Descargar' is clicked on

2021-11-22 09:27:26 - [TEST_STEP][PASSED] - click(findTestObject("Modulo Tarea Administracion Compensacion/Ejecutar Reporte Planilla/a_Periodo Nomina_Cerrar")): Object: 'Object Repository/Modulo Tarea Administracion Compensacion/Ejecutar Reporte Planilla/a_Periodo Nomina_Cerrar' is clicked on

2021-11-22 09:27:27 - [MESSAGE][PASSED] - Object: 'Object Repository/Modulo Tarea Administracion Compensacion/Ejecutar Reporte Planilla/a_Periodo Nomina_Cerrar' is clicked on

2021-11-22 09:27:27 - [TEST_STEP][PASSED] - waitForElementClickable(findTestObject("Modulo Tarea Administracion Compensacion/Ejecutar Reporte Planilla/input_Actos Administrativos_ejecutarReporte"), 0): Object 'Object Repository/Modulo Tarea Administracion Compensacion/Ejecutar Reporte Planilla/input_Actos Administrativos_ejecutarReporte' is clickable

2021-11-22 09:27:27 - [MESSAGE][WARNING] - Timeout '0' is invalid. Using default page load timeout: '30'

2021-11-22 09:27:28 - [MESSAGE][PASSED] - Object 'Object Repository/Modulo Tarea Administracion Compensacion/Ejecutar Reporte Planilla/input_Actos Administrativos_ejecutarReporte' is clickable

2021-11-22 09:27:28 - [TEST_STEP][PASSED] - waitForElementClickable(findTestObject("Modulo Tarea Administracion Compensacion/Ejecutar Reporte Planilla/input_Actos Administrativos_ejecutarReporte"), 0): Object 'Object Repository/Modulo Tarea Administracion Compensacion/Ejecutar Reporte Planilla/input_Actos Administrativos_ejecutarReporte' is clickable

2021-11-22 09:27:28 - [MESSAGE][WARNING] - Timeout '0' is invalid. Using default page load timeout: '30'

2021-11-22 09:27:28 - [MESSAGE][PASSED] - Object 'Object Repository/Modulo Tarea Administracion Compensacion/Ejecutar Reporte Planilla/input_Actos Administrativos_ejecutarReporte' is clickable

2021-11-22 09:27:28 - [TEST_STEP][PASSED] - setText(findTestObject("Modulo Tarea Administracion Compensacion/Ejecutar Reporte Planilla/input_Actos Administrativos_ejecutarReporte"), "PPN - REPORTE PLANILLA NOMINA"): Text 'PPN - REPORTE PLANILLA NOMINA' is set on object 'Object Repository/Modulo Tarea Administracion Compensacion/Ejecutar Reporte Planilla/input_Actos Administrativos_ejecutarReporte'

2021-11-22 09:27:29 - [MESSAGE][PASSED] - Text 'PPN - REPORTE PLANILLA NOMINA' is set on object 'Object Repository/Modulo Tarea Administracion Compensacion/Ejecutar Reporte Planilla/input_Actos Administrativos_ejecutarReporte'

2021-11-22 09:27:29 - [TEST_STEP][PASSED] - click(findTestObject("Modulo Tarea Administracion Compensacion/Ejecutar Reporte Planilla/a_Actos Administrativos_ejecutarReportePlanillaj_idt61")): Object: 'Object Repository/Modulo Tarea Administracion Compensacion/Ejecutar Reporte Planilla/a_Actos Administrativos_ejecutarReportePlanillaj_idt61' is clicked on

2021-11-22 09:27:30 - [MESSAGE][PASSED] - Object: 'Object Repository/Modulo Tarea Administracion Compensacion/Ejecutar Reporte Planilla/a_Actos Administrativos_ejecutarReportePlanillaj_idt61' is clicked on

2021-11-22 09:27:30 - [TEST_STEP][PASSED] - click(findTestObject("Modulo Tarea Administracion Compensacion/Ejecutar Reporte Planilla/a_Actos Administrativos_ejecutarReportePlanillaj_idt61")): Object: 'Object Repository/Modulo Tarea Administracion Compensacion/Ejecutar Reporte Planilla/a_Actos Administrativos_ejecutarReportePlanillaj_idt61' is clicked on

2021-11-22 09:27:30 - [MESSAGE][PASSED] - Object: 'Object Repository/Modulo Tarea Administracion Compensacion/Ejecutar Reporte Planilla/a_Actos Administrativos_ejecutarReportePlanillaj_idt61' is clicked on

2021-11-22 09:27:30 - [TEST_STEP][PASSED] - waitForElementClickable(findTestObject("Modulo Tarea Administracion Compensacion/Ejecutar Reporte Planilla/td_PNP - PAGO DE NOMINA"), 0): Object 'Object Repository/Modulo Tarea Administracion Compensacion/Ejecutar Reporte Planilla/td_PNP - PAGO DE NOMINA' is clickable

2021-11-22 09:27:30 - [MESSAGE][WARNING] - Timeout '0' is invalid. Using default page load timeout: '30'

2021-11-22 09:27:31 - [MESSAGE][PASSED] - Object 'Object Repository/Modulo Tarea Administracion Compensacion/Ejecutar Reporte Planilla/td_PNP - PAGO DE NOMINA' is clickable

2021-11-22 09:27:31 - [TEST_STEP][PASSED] - click(findTestObject("Modulo Tarea Administracion Compensacion/Ejecutar Reporte Planilla/td_PNP - PAGO DE NOMINA")): Object: 'Object Repository/Modulo Tarea Administracion Compensacion/Ejecutar Reporte Planilla/td_PNP - PAGO DE NOMINA' is clicked on

2021-11-22 09:27:32 - [MESSAGE][PASSED] - Object: 'Object Repository/Modulo Tarea Administracion Compensacion/Ejecutar Reporte Planilla/td_PNP - PAGO DE NOMINA' is clicked on

2021-11-22 09:27:32 - [TEST_STEP][PASSED] - waitForElementClickable(findTestObject("Modulo Tarea Administracion Compensacion/Ejecutar Reporte Planilla/a_Periodo Nomina_ejecutarRepor"), 0): Object 'Object Repository/Modulo Tarea Administracion Compensacion/Ejecutar Reporte Planilla/a_Periodo Nomina_ejecutarRepor' is clickable

2021-11-22 09:27:32 - [MESSAGE][WARNING] - Timeout '0' is invalid. Using default page load timeout: '30'

2021-11-22 09:27:32 - [MESSAGE][PASSED] - Object 'Object Repository/Modulo Tarea Administracion Compensacion/Ejecutar Reporte Planilla/a_Periodo Nomina_ejecutarRepor' is clickable

2021-11-22 09:27:32 - [TEST_STEP][PASSED] - click(findTestObject("Modulo Tarea Administracion Compensacion/Ejecutar Reporte Planilla/a_Periodo Nomina_ejecutarRepor")): Object: 'Object Repository/Modulo Tarea Administracion Compensacion/Ejecutar Reporte Planilla/a_Periodo Nomina_ejecutarRepor' is clicked on

2021-11-22 09:27:33 - [MESSAGE][PASSED] - Object: 'Object Repository/Modulo Tarea Administracion Compensacion/Ejecutar Reporte Planilla/a_Periodo Nomina_ejecutarRepor' is clicked on

2021-11-22 09:27:33 - [TEST_STEP][PASSED] - waitForElementClickable(findTestObject("Modulo Tarea Administracion Compensacion/Ejecutar Reporte Planilla/select_--  Seleccione  --Periodo CerradoPeriodo en Proceso"), 0): Object 'Object Repository/Modulo Tarea Administracion Compensacion/Ejecutar Reporte Planilla/select_--  Seleccione  --Periodo CerradoPeriodo en Proceso' is clickable

2021-11-22 09:27:33 - [MESSAGE][WARNING] - Timeout '0' is invalid. Using default page load timeout: '30'

2021-11-22 09:27:33 - [MESSAGE][PASSED] - Object 'Object Repository/Modulo Tarea Administracion Compensacion/Ejecutar Reporte Planilla/select_--  Seleccione  --Periodo CerradoPeriodo en Proceso' is clickable

2021-11-22 09:27:33 - [TEST_STEP][PASSED] - selectOptionByIndex(findTestObject("Modulo Tarea Administracion Compensacion/Ejecutar Reporte Planilla/select_--  Seleccione  --Periodo CerradoPeriodo en Proceso"), "1", STOP_ON_FAILURE): All options with index in [1] are selected on object 'Object Repository/Modulo Tarea Administracion Compensacion/Ejecutar Reporte Planilla/select_--  Seleccione  --Periodo CerradoPeriodo en Proceso'

2021-11-22 09:27:34 - [MESSAGE][PASSED] - All options with index in [1] are selected on object 'Object Repository/Modulo Tarea Administracion Compensacion/Ejecutar Reporte Planilla/select_--  Seleccione  --Periodo CerradoPeriodo en Proceso'

2021-11-22 09:27:34 - [TEST_STEP][PASSED] - waitForElementClickable(findTestObject("Modulo Tarea Administracion Compensacion/Ejecutar Reporte Planilla/span_P. MensualMayo2021"), 0): Object 'Object Repository/Modulo Tarea Administracion Compensacion/Ejecutar Reporte Planilla/span_P. MensualMayo2021' is clickable

2021-11-22 09:27:34 - [MESSAGE][WARNING] - Timeout '0' is invalid. Using default page load timeout: '30'

2021-11-22 09:27:35 - [MESSAGE][PASSED] - Object 'Object Repository/Modulo Tarea Administracion Compensacion/Ejecutar Reporte Planilla/span_P. MensualMayo2021' is clickable

2021-11-22 09:27:35 - [TEST_STEP][PASSED] - click(findTestObject("Modulo Tarea Administracion Compensacion/Ejecutar Reporte Planilla/span_P. MensualMayo2021")): Object: 'Object Repository/Modulo Tarea Administracion Compensacion/Ejecutar Reporte Planilla/span_P. MensualMayo2021' is clicked on

2021-11-22 09:27:35 - [MESSAGE][PASSED] - Object: 'Object Repository/Modulo Tarea Administracion Compensacion/Ejecutar Reporte Planilla/span_P. MensualMayo2021' is clicked on

2021-11-22 09:27:35 - [TEST_STEP][PASSED] - waitForElementClickable(findTestObject("Modulo Tarea Administracion Compensacion/Ejecutar Reporte Planilla/select_SeleccioneTodosFuera de Nmina"), 0): Object 'Object Repository/Modulo Tarea Administracion Compensacion/Ejecutar Reporte Planilla/select_SeleccioneTodosFuera de Nmina' is clickable

2021-11-22 09:27:36 - [MESSAGE][WARNING] - Timeout '0' is invalid. Using default page load timeout: '30'

2021-11-22 09:27:36 - [MESSAGE][PASSED] - Object 'Object Repository/Modulo Tarea Administracion Compensacion/Ejecutar Reporte Planilla/select_SeleccioneTodosFuera de Nmina' is clickable

2021-11-22 09:27:36 - [TEST_STEP][PASSED] - selectOptionByIndex(findTestObject("Modulo Tarea Administracion Compensacion/Ejecutar Reporte Planilla/select_SeleccioneTodosFuera de Nmina"), "1"): All options with index in [1] are selected on object 'Object Repository/Modulo Tarea Administracion Compensacion/Ejecutar Reporte Planilla/select_SeleccioneTodosFuera de Nmina'

2021-11-22 09:27:37 - [MESSAGE][PASSED] - All options with index in [1] are selected on object 'Object Repository/Modulo Tarea Administracion Compensacion/Ejecutar Reporte Planilla/select_SeleccioneTodosFuera de Nmina'

2021-11-22 09:27:37 - [TEST_STEP][PASSED] - waitForElementClickable(findTestObject("Modulo Tarea Administracion Compensacion/Ejecutar Reporte Planilla/a_Aplicar"), 0): Object 'Object Repository/Modulo Tarea Administracion Compensacion/Ejecutar Reporte Planilla/a_Aplicar' is clickable

2021-11-22 09:27:37 - [MESSAGE][WARNING] - Timeout '0' is invalid. Using default page load timeout: '30'

2021-11-22 09:27:38 - [MESSAGE][PASSED] - Object 'Object Repository/Modulo Tarea Administracion Compensacion/Ejecutar Reporte Planilla/a_Aplicar' is clickable

2021-11-22 09:27:38 - [TEST_STEP][PASSED] - click(findTestObject("Modulo Tarea Administracion Compensacion/Ejecutar Reporte Planilla/a_Aplicar")): Object: 'Object Repository/Modulo Tarea Administracion Compensacion/Ejecutar Reporte Planilla/a_Aplicar' is clicked on

2021-11-22 09:27:38 - [MESSAGE][PASSED] - Object: 'Object Repository/Modulo Tarea Administracion Compensacion/Ejecutar Reporte Planilla/a_Aplicar' is clicked on

2021-11-22 09:27:38 - [TEST_STEP][PASSED] - waitForElementClickable(findTestObject("Modulo Tarea Administracion Compensacion/Ejecutar Reporte Planilla/span_Reporte_glyphicons glyphicons-article"), 0): Object 'Object Repository/Modulo Tarea Administracion Compensacion/Ejecutar Reporte Planilla/span_Reporte_glyphicons glyphicons-article' is clickable

2021-11-22 09:27:38 - [MESSAGE][WARNING] - Timeout '0' is invalid. Using default page load timeout: '30'

2021-11-22 09:27:39 - [MESSAGE][PASSED] - Object 'Object Repository/Modulo Tarea Administracion Compensacion/Ejecutar Reporte Planilla/span_Reporte_glyphicons glyphicons-article' is clickable

2021-11-22 09:27:39 - [TEST_STEP][PASSED] - click(findTestObject("Modulo Tarea Administracion Compensacion/Ejecutar Reporte Planilla/span_Reporte_glyphicons glyphicons-article")): Object: 'Object Repository/Modulo Tarea Administracion Compensacion/Ejecutar Reporte Planilla/span_Reporte_glyphicons glyphicons-article' is clicked on

2021-11-22 09:27:39 - [MESSAGE][PASSED] - Object: 'Object Repository/Modulo Tarea Administracion Compensacion/Ejecutar Reporte Planilla/span_Reporte_glyphicons glyphicons-article' is clicked on

2021-11-22 09:27:39 - [TEST_STEP][PASSED] - click(findTestObject("Modulo Tarea Administracion Compensacion/Ejecutar Reporte Planilla/label_html")): Object: 'Object Repository/Modulo Tarea Administracion Compensacion/Ejecutar Reporte Planilla/label_html' is clicked on

2021-11-22 09:27:40 - [MESSAGE][PASSED] - Object: 'Object Repository/Modulo Tarea Administracion Compensacion/Ejecutar Reporte Planilla/label_html' is clicked on

2021-11-22 09:27:40 - [TEST_STEP][PASSED] - click(findTestObject("Modulo Tarea Administracion Compensacion/Ejecutar Reporte Planilla/a_Generar Reporte")): Object: 'Object Repository/Modulo Tarea Administracion Compensacion/Ejecutar Reporte Planilla/a_Generar Reporte' is clicked on

2021-11-22 09:27:40 - [MESSAGE][PASSED] - Object: 'Object Repository/Modulo Tarea Administracion Compensacion/Ejecutar Reporte Planilla/a_Generar Reporte' is clicked on

2021-11-22 09:27:40 - [TEST_STEP][PASSED] - waitForElementClickable(findTestObject("Modulo Tarea Administracion Compensacion/Ejecutar Reporte Planilla/a_Descargar"), 0): Object 'Object Repository/Modulo Tarea Administracion Compensacion/Ejecutar Reporte Planilla/a_Descargar' is clickable

2021-11-22 09:27:40 - [MESSAGE][WARNING] - Timeout '0' is invalid. Using default page load timeout: '30'

2021-11-22 09:27:41 - [MESSAGE][PASSED] - Object 'Object Repository/Modulo Tarea Administracion Compensacion/Ejecutar Reporte Planilla/a_Descargar' is clickable

2021-11-22 09:27:41 - [TEST_STEP][PASSED] - click(findTestObject("Modulo Tarea Administracion Compensacion/Ejecutar Reporte Planilla/a_Descargar")): Object: 'Object Repository/Modulo Tarea Administracion Compensacion/Ejecutar Reporte Planilla/a_Descargar' is clicked on

2021-11-22 09:27:42 - [MESSAGE][PASSED] - Object: 'Object Repository/Modulo Tarea Administracion Compensacion/Ejecutar Reporte Planilla/a_Descargar' is clicked on

2021-11-22 09:27:42 - [TEST_STEP][PASSED] - click(findTestObject("Modulo Tarea Administracion Compensacion/Ejecutar Reporte Planilla/a_Periodo Nomina_Cerrar")): Object: 'Object Repository/Modulo Tarea Administracion Compensacion/Ejecutar Reporte Planilla/a_Periodo Nomina_Cerrar' is clicked on

2021-11-22 09:27:43 - [MESSAGE][PASSED] - Object: 'Object Repository/Modulo Tarea Administracion Compensacion/Ejecutar Reporte Planilla/a_Periodo Nomina_Cerrar' is clicked on

2021-11-22 09:27:43 - [TEST_STEP][PASSED] - waitForElementClickable(findTestObject("Modulo Tarea Administracion Compensacion/Ejecutar Reporte Planilla/input_Actos Administrativos_ejecutarReporte"), 0): Object 'Object Repository/Modulo Tarea Administracion Compensacion/Ejecutar Reporte Planilla/input_Actos Administrativos_ejecutarReporte' is clickable

2021-11-22 09:27:43 - [MESSAGE][WARNING] - Timeout '0' is invalid. Using default page load timeout: '30'

2021-11-22 09:27:44 - [MESSAGE][PASSED] - Object 'Object Repository/Modulo Tarea Administracion Compensacion/Ejecutar Reporte Planilla/input_Actos Administrativos_ejecutarReporte' is clickable

2021-11-22 09:27:44 - [TEST_STEP][PASSED] - setText(findTestObject("Modulo Tarea Administracion Compensacion/Ejecutar Reporte Planilla/input_Actos Administrativos_ejecutarReporte"), "CMT - ACUMULADO MENSUAL CONCEPTOS DE NOMINA (PAGADO)"): Text 'CMT - ACUMULADO MENSUAL CONCEPTOS DE NOMINA (PAGADO)' is set on object 'Object Repository/Modulo Tarea Administracion Compensacion/Ejecutar Reporte Planilla/input_Actos Administrativos_ejecutarReporte'

2021-11-22 09:27:45 - [MESSAGE][PASSED] - Text 'CMT - ACUMULADO MENSUAL CONCEPTOS DE NOMINA (PAGADO)' is set on object 'Object Repository/Modulo Tarea Administracion Compensacion/Ejecutar Reporte Planilla/input_Actos Administrativos_ejecutarReporte'

2021-11-22 09:27:45 - [TEST_STEP][PASSED] - click(findTestObject("Modulo Tarea Administracion Compensacion/Ejecutar Reporte Planilla/a_Actos Administrativos_ejecutarReportePlanillaj_idt61")): Object: 'Object Repository/Modulo Tarea Administracion Compensacion/Ejecutar Reporte Planilla/a_Actos Administrativos_ejecutarReportePlanillaj_idt61' is clicked on

2021-11-22 09:27:45 - [MESSAGE][PASSED] - Object: 'Object Repository/Modulo Tarea Administracion Compensacion/Ejecutar Reporte Planilla/a_Actos Administrativos_ejecutarReportePlanillaj_idt61' is clicked on

2021-11-22 09:27:45 - [TEST_STEP][PASSED] - click(findTestObject("Modulo Tarea Administracion Compensacion/Ejecutar Reporte Planilla/a_Actos Administrativos_ejecutarReportePlanillaj_idt61")): Object: 'Object Repository/Modulo Tarea Administracion Compensacion/Ejecutar Reporte Planilla/a_Actos Administrativos_ejecutarReportePlanillaj_idt61' is clicked on

2021-11-22 09:27:46 - [MESSAGE][PASSED] - Object: 'Object Repository/Modulo Tarea Administracion Compensacion/Ejecutar Reporte Planilla/a_Actos Administrativos_ejecutarReportePlanillaj_idt61' is clicked on

2021-11-22 09:27:46 - [TEST_STEP][PASSED] - waitForElementClickable(findTestObject("Modulo Tarea Administracion Compensacion/Ejecutar Reporte Planilla/td_PNP - PAGO DE NOMINA"), 0): Object 'Object Repository/Modulo Tarea Administracion Compensacion/Ejecutar Reporte Planilla/td_PNP - PAGO DE NOMINA' is clickable

2021-11-22 09:27:46 - [MESSAGE][WARNING] - Timeout '0' is invalid. Using default page load timeout: '30'

2021-11-22 09:27:47 - [MESSAGE][PASSED] - Object 'Object Repository/Modulo Tarea Administracion Compensacion/Ejecutar Reporte Planilla/td_PNP - PAGO DE NOMINA' is clickable

2021-11-22 09:27:47 - [TEST_STEP][PASSED] - click(findTestObject("Modulo Tarea Administracion Compensacion/Ejecutar Reporte Planilla/td_PNP - PAGO DE NOMINA")): Object: 'Object Repository/Modulo Tarea Administracion Compensacion/Ejecutar Reporte Planilla/td_PNP - PAGO DE NOMINA' is clicked on

2021-11-22 09:27:48 - [MESSAGE][PASSED] - Object: 'Object Repository/Modulo Tarea Administracion Compensacion/Ejecutar Reporte Planilla/td_PNP - PAGO DE NOMINA' is clicked on

2021-11-22 09:27:48 - [TEST_STEP][PASSED] - setText(findTestObject("Modulo Tarea Administracion Compensacion/Ejecutar Reporte Planilla/input_Rango Fechas_ejecutarReportePlanillafechaInicio_input"), "01/07/2021"): Text '01/07/2021' is set on object 'Object Repository/Modulo Tarea Administracion Compensacion/Ejecutar Reporte Planilla/input_Rango Fechas_ejecutarReportePlanillafechaInicio_input'

2021-11-22 09:27:49 - [MESSAGE][PASSED] - Text '01/07/2021' is set on object 'Object Repository/Modulo Tarea Administracion Compensacion/Ejecutar Reporte Planilla/input_Rango Fechas_ejecutarReportePlanillafechaInicio_input'

2021-11-22 09:27:49 - [TEST_STEP][PASSED] - setText(findTestObject("Modulo Tarea Administracion Compensacion/Ejecutar Reporte Planilla/input_Rango Fechas_ejecutarReportePlanillafechaFinal_input"), "30/07/2021"): Text '30/07/2021' is set on object 'Object Repository/Modulo Tarea Administracion Compensacion/Ejecutar Reporte Planilla/input_Rango Fechas_ejecutarReportePlanillafechaFinal_input'

2021-11-22 09:27:50 - [MESSAGE][PASSED] - Text '30/07/2021' is set on object 'Object Repository/Modulo Tarea Administracion Compensacion/Ejecutar Reporte Planilla/input_Rango Fechas_ejecutarReportePlanillafechaFinal_input'

2021-11-22 09:27:50 - [TEST_STEP][PASSED] - waitForElementClickable(findTestObject("Modulo Tarea Administracion Compensacion/Ejecutar Reporte Planilla/a_Aplicar"), 0): Object 'Object Repository/Modulo Tarea Administracion Compensacion/Ejecutar Reporte Planilla/a_Aplicar' is clickable

2021-11-22 09:27:50 - [MESSAGE][WARNING] - Timeout '0' is invalid. Using default page load timeout: '30'

2021-11-22 09:27:51 - [MESSAGE][PASSED] - Object 'Object Repository/Modulo Tarea Administracion Compensacion/Ejecutar Reporte Planilla/a_Aplicar' is clickable

2021-11-22 09:27:51 - [TEST_STEP][PASSED] - click(findTestObject("Modulo Tarea Administracion Compensacion/Ejecutar Reporte Planilla/a_Aplicar")): Object: 'Object Repository/Modulo Tarea Administracion Compensacion/Ejecutar Reporte Planilla/a_Aplicar' is clicked on

2021-11-22 09:27:51 - [MESSAGE][PASSED] - Object: 'Object Repository/Modulo Tarea Administracion Compensacion/Ejecutar Reporte Planilla/a_Aplicar' is clicked on

2021-11-22 09:27:51 - [TEST_STEP][PASSED] - waitForElementClickable(findTestObject("Modulo Tarea Administracion Compensacion/Ejecutar Reporte Planilla/span_Reporte_glyphicons glyphicons-article"), 0): Object 'Object Repository/Modulo Tarea Administracion Compensacion/Ejecutar Reporte Planilla/span_Reporte_glyphicons glyphicons-article' is clickable

2021-11-22 09:27:51 - [MESSAGE][WARNING] - Timeout '0' is invalid. Using default page load timeout: '30'

2021-11-22 09:27:52 - [MESSAGE][PASSED] - Object 'Object Repository/Modulo Tarea Administracion Compensacion/Ejecutar Reporte Planilla/span_Reporte_glyphicons glyphicons-article' is clickable

2021-11-22 09:27:52 - [TEST_STEP][PASSED] - click(findTestObject("Modulo Tarea Administracion Compensacion/Ejecutar Reporte Planilla/span_Reporte_glyphicons glyphicons-article")): Object: 'Object Repository/Modulo Tarea Administracion Compensacion/Ejecutar Reporte Planilla/span_Reporte_glyphicons glyphicons-article' is clicked on

2021-11-22 09:27:53 - [MESSAGE][PASSED] - Object: 'Object Repository/Modulo Tarea Administracion Compensacion/Ejecutar Reporte Planilla/span_Reporte_glyphicons glyphicons-article' is clicked on

2021-11-22 09:27:53 - [TEST_STEP][PASSED] - click(findTestObject("Modulo Tarea Administracion Compensacion/Ejecutar Reporte Planilla/label_html")): Object: 'Object Repository/Modulo Tarea Administracion Compensacion/Ejecutar Reporte Planilla/label_html' is clicked on

2021-11-22 09:27:53 - [MESSAGE][PASSED] - Object: 'Object Repository/Modulo Tarea Administracion Compensacion/Ejecutar Reporte Planilla/label_html' is clicked on

2021-11-22 09:27:53 - [TEST_STEP][PASSED] - click(findTestObject("Modulo Tarea Administracion Compensacion/Ejecutar Reporte Planilla/a_Generar Reporte")): Object: 'Object Repository/Modulo Tarea Administracion Compensacion/Ejecutar Reporte Planilla/a_Generar Reporte' is clicked on

2021-11-22 09:27:54 - [MESSAGE][PASSED] - Object: 'Object Repository/Modulo Tarea Administracion Compensacion/Ejecutar Reporte Planilla/a_Generar Reporte' is clicked on

2021-11-22 09:27:54 - [TEST_STEP][PASSED] - waitForElementClickable(findTestObject("Modulo Tarea Administracion Compensacion/Ejecutar Reporte Planilla/a_Descargar"), 0): Object 'Object Repository/Modulo Tarea Administracion Compensacion/Ejecutar Reporte Planilla/a_Descargar' is clickable

2021-11-22 09:27:54 - [MESSAGE][WARNING] - Timeout '0' is invalid. Using default page load timeout: '30'

2021-11-22 09:27:55 - [MESSAGE][PASSED] - Object 'Object Repository/Modulo Tarea Administracion Compensacion/Ejecutar Reporte Planilla/a_Descargar' is clickable

2021-11-22 09:27:55 - [TEST_STEP][PASSED] - click(findTestObject("Modulo Tarea Administracion Compensacion/Ejecutar Reporte Planilla/a_Descargar")): Object: 'Object Repository/Modulo Tarea Administracion Compensacion/Ejecutar Reporte Planilla/a_Descargar' is clicked on

2021-11-22 09:27:55 - [MESSAGE][PASSED] - Object: 'Object Repository/Modulo Tarea Administracion Compensacion/Ejecutar Reporte Planilla/a_Descargar' is clicked on

2021-11-22 09:27:55 - [TEST_STEP][PASSED] - click(findTestObject("Modulo Tarea Administracion Compensacion/Ejecutar Reporte Planilla/a_Periodo Nomina_Cerrar")): Object: 'Object Repository/Modulo Tarea Administracion Compensacion/Ejecutar Reporte Planilla/a_Periodo Nomina_Cerrar' is clicked on

2021-11-22 09:27:56 - [MESSAGE][PASSED] - Object: 'Object Repository/Modulo Tarea Administracion Compensacion/Ejecutar Reporte Planilla/a_Periodo Nomina_Cerrar' is clicked on

2021-11-22 09:27:56 - [TEST_STEP][PASSED] - setText(findTestObject("Modulo Tarea Administracion Compensacion/Ejecutar Reporte Planilla/input_Actos Administrativos_ejecutarReporte"), "CMEZ - ACUMULADO MENSUAL CONCEPTOS NOMINA POR EMPLEADO (PAGADO)"): Text 'CMEZ - ACUMULADO MENSUAL CONCEPTOS NOMINA POR EMPLEADO (PAGADO)' is set on object 'Object Repository/Modulo Tarea Administracion Compensacion/Ejecutar Reporte Planilla/input_Actos Administrativos_ejecutarReporte'

2021-11-22 09:27:58 - [MESSAGE][PASSED] - Text 'CMEZ - ACUMULADO MENSUAL CONCEPTOS NOMINA POR EMPLEADO (PAGADO)' is set on object 'Object Repository/Modulo Tarea Administracion Compensacion/Ejecutar Reporte Planilla/input_Actos Administrativos_ejecutarReporte'

2021-11-22 09:27:58 - [TEST_STEP][PASSED] - click(findTestObject("Modulo Tarea Administracion Compensacion/Ejecutar Reporte Planilla/a_Actos Administrativos_ejecutarReportePlanillaj_idt61")): Object: 'Object Repository/Modulo Tarea Administracion Compensacion/Ejecutar Reporte Planilla/a_Actos Administrativos_ejecutarReportePlanillaj_idt61' is clicked on

2021-11-22 09:27:58 - [MESSAGE][PASSED] - Object: 'Object Repository/Modulo Tarea Administracion Compensacion/Ejecutar Reporte Planilla/a_Actos Administrativos_ejecutarReportePlanillaj_idt61' is clicked on

2021-11-22 09:27:58 - [TEST_STEP][PASSED] - click(findTestObject("Modulo Tarea Administracion Compensacion/Ejecutar Reporte Planilla/a_Actos Administrativos_ejecutarReportePlanillaj_idt61")): Object: 'Object Repository/Modulo Tarea Administracion Compensacion/Ejecutar Reporte Planilla/a_Actos Administrativos_ejecutarReportePlanillaj_idt61' is clicked on

2021-11-22 09:27:59 - [MESSAGE][PASSED] - Object: 'Object Repository/Modulo Tarea Administracion Compensacion/Ejecutar Reporte Planilla/a_Actos Administrativos_ejecutarReportePlanillaj_idt61' is clicked on

2021-11-22 09:27:59 - [TEST_STEP][PASSED] - waitForElementClickable(findTestObject("Modulo Tarea Administracion Compensacion/Ejecutar Reporte Planilla/td_PNP - PAGO DE NOMINA"), 0): Object 'Object Repository/Modulo Tarea Administracion Compensacion/Ejecutar Reporte Planilla/td_PNP - PAGO DE NOMINA' is clickable

2021-11-22 09:27:59 - [MESSAGE][WARNING] - Timeout '0' is invalid. Using default page load timeout: '30'

2021-11-22 09:27:59 - [MESSAGE][PASSED] - Object 'Object Repository/Modulo Tarea Administracion Compensacion/Ejecutar Reporte Planilla/td_PNP - PAGO DE NOMINA' is clickable

2021-11-22 09:27:59 - [TEST_STEP][PASSED] - click(findTestObject("Modulo Tarea Administracion Compensacion/Ejecutar Reporte Planilla/td_PNP - PAGO DE NOMINA")): Object: 'Object Repository/Modulo Tarea Administracion Compensacion/Ejecutar Reporte Planilla/td_PNP - PAGO DE NOMINA' is clicked on

2021-11-22 09:28:00 - [MESSAGE][PASSED] - Object: 'Object Repository/Modulo Tarea Administracion Compensacion/Ejecutar Reporte Planilla/td_PNP - PAGO DE NOMINA' is clicked on

2021-11-22 09:28:00 - [TEST_STEP][PASSED] - setText(findTestObject("Modulo Tarea Administracion Compensacion/Ejecutar Reporte Planilla/input_Rango Fechas_ejecutarReportePlanillafechaInicio_input"), "01/07/2021"): Text '01/07/2021' is set on object 'Object Repository/Modulo Tarea Administracion Compensacion/Ejecutar Reporte Planilla/input_Rango Fechas_ejecutarReportePlanillafechaInicio_input'

2021-11-22 09:28:01 - [MESSAGE][PASSED] - Text '01/07/2021' is set on object 'Object Repository/Modulo Tarea Administracion Compensacion/Ejecutar Reporte Planilla/input_Rango Fechas_ejecutarReportePlanillafechaInicio_input'

2021-11-22 09:28:01 - [TEST_STEP][PASSED] - setText(findTestObject("Modulo Tarea Administracion Compensacion/Ejecutar Reporte Planilla/input_Rango Fechas_ejecutarReportePlanillafechaFinal_input"), "30/07/2021"): Text '30/07/2021' is set on object 'Object Repository/Modulo Tarea Administracion Compensacion/Ejecutar Reporte Planilla/input_Rango Fechas_ejecutarReportePlanillafechaFinal_input'

2021-11-22 09:28:02 - [MESSAGE][PASSED] - Text '30/07/2021' is set on object 'Object Repository/Modulo Tarea Administracion Compensacion/Ejecutar Reporte Planilla/input_Rango Fechas_ejecutarReportePlanillafechaFinal_input'

2021-11-22 09:28:02 - [TEST_STEP][PASSED] - waitForElementClickable(findTestObject("Modulo Tarea Administracion Compensacion/Ejecutar Reporte Planilla/a_Aplicar"), 0): Object 'Object Repository/Modulo Tarea Administracion Compensacion/Ejecutar Reporte Planilla/a_Aplicar' is clickable

2021-11-22 09:28:02 - [MESSAGE][WARNING] - Timeout '0' is invalid. Using default page load timeout: '30'

2021-11-22 09:28:02 - [MESSAGE][PASSED] - Object 'Object Repository/Modulo Tarea Administracion Compensacion/Ejecutar Reporte Planilla/a_Aplicar' is clickable

2021-11-22 09:28:02 - [TEST_STEP][PASSED] - click(findTestObject("Modulo Tarea Administracion Compensacion/Ejecutar Reporte Planilla/a_Aplicar")): Object: 'Object Repository/Modulo Tarea Administracion Compensacion/Ejecutar Reporte Planilla/a_Aplicar' is clicked on

2021-11-22 09:28:03 - [MESSAGE][PASSED] - Object: 'Object Repository/Modulo Tarea Administracion Compensacion/Ejecutar Reporte Planilla/a_Aplicar' is clicked on

2021-11-22 09:28:03 - [TEST_STEP][PASSED] - waitForElementClickable(findTestObject("Modulo Tarea Administracion Compensacion/Ejecutar Reporte Planilla/span_Reporte_glyphicons glyphicons-article"), 0): Object 'Object Repository/Modulo Tarea Administracion Compensacion/Ejecutar Reporte Planilla/span_Reporte_glyphicons glyphicons-article' is clickable

2021-11-22 09:28:03 - [MESSAGE][WARNING] - Timeout '0' is invalid. Using default page load timeout: '30'

2021-11-22 09:28:05 - [MESSAGE][PASSED] - Object 'Object Repository/Modulo Tarea Administracion Compensacion/Ejecutar Reporte Planilla/span_Reporte_glyphicons glyphicons-article' is clickable

2021-11-22 09:28:05 - [TEST_STEP][PASSED] - click(findTestObject("Modulo Tarea Administracion Compensacion/Ejecutar Reporte Planilla/span_Reporte_glyphicons glyphicons-article")): Object: 'Object Repository/Modulo Tarea Administracion Compensacion/Ejecutar Reporte Planilla/span_Reporte_glyphicons glyphicons-article' is clicked on

2021-11-22 09:28:05 - [MESSAGE][PASSED] - Object: 'Object Repository/Modulo Tarea Administracion Compensacion/Ejecutar Reporte Planilla/span_Reporte_glyphicons glyphicons-article' is clicked on

2021-11-22 09:28:05 - [TEST_STEP][PASSED] - click(findTestObject("Modulo Tarea Administracion Compensacion/Ejecutar Reporte Planilla/label_html")): Object: 'Object Repository/Modulo Tarea Administracion Compensacion/Ejecutar Reporte Planilla/label_html' is clicked on

2021-11-22 09:28:06 - [MESSAGE][PASSED] - Object: 'Object Repository/Modulo Tarea Administracion Compensacion/Ejecutar Reporte Planilla/label_html' is clicked on

2021-11-22 09:28:06 - [TEST_STEP][PASSED] - click(findTestObject("Modulo Tarea Administracion Compensacion/Ejecutar Reporte Planilla/a_Generar Reporte")): Object: 'Object Repository/Modulo Tarea Administracion Compensacion/Ejecutar Reporte Planilla/a_Generar Reporte' is clicked on

2021-11-22 09:28:06 - [MESSAGE][PASSED] - Object: 'Object Repository/Modulo Tarea Administracion Compensacion/Ejecutar Reporte Planilla/a_Generar Reporte' is clicked on

2021-11-22 09:28:06 - [TEST_STEP][PASSED] - waitForElementClickable(findTestObject("Modulo Tarea Administracion Compensacion/Ejecutar Reporte Planilla/a_Descargar"), 0): Object 'Object Repository/Modulo Tarea Administracion Compensacion/Ejecutar Reporte Planilla/a_Descargar' is clickable

2021-11-22 09:28:06 - [MESSAGE][WARNING] - Timeout '0' is invalid. Using default page load timeout: '30'

2021-11-22 09:28:07 - [MESSAGE][PASSED] - Object 'Object Repository/Modulo Tarea Administracion Compensacion/Ejecutar Reporte Planilla/a_Descargar' is clickable

2021-11-22 09:28:07 - [TEST_STEP][PASSED] - click(findTestObject("Modulo Tarea Administracion Compensacion/Ejecutar Reporte Planilla/a_Descargar")): Object: 'Object Repository/Modulo Tarea Administracion Compensacion/Ejecutar Reporte Planilla/a_Descargar' is clicked on

2021-11-22 09:28:08 - [MESSAGE][PASSED] - Object: 'Object Repository/Modulo Tarea Administracion Compensacion/Ejecutar Reporte Planilla/a_Descargar' is clicked on

2021-11-22 09:28:08 - [TEST_STEP][PASSED] - click(findTestObject("Modulo Tarea Administracion Compensacion/Ejecutar Reporte Planilla/a_Periodo Nomina_Cerrar")): Object: 'Object Repository/Modulo Tarea Administracion Compensacion/Ejecutar Reporte Planilla/a_Periodo Nomina_Cerrar' is clicked on

2021-11-22 09:28:09 - [MESSAGE][PASSED] - Object: 'Object Repository/Modulo Tarea Administracion Compensacion/Ejecutar Reporte Planilla/a_Periodo Nomina_Cerrar' is clicked on

2021-11-22 09:28:09 - [TEST_STEP][PASSED] - setText(findTestObject("Modulo Tarea Administracion Compensacion/Ejecutar Reporte Planilla/input_Actos Administrativos_ejecutarReporte"), "ACE - ACUMULADO MENSUAL CONCEPTOS DE NOMINA (PAGADO)"): Text 'ACE - ACUMULADO MENSUAL CONCEPTOS DE NOMINA (PAGADO)' is set on object 'Object Repository/Modulo Tarea Administracion Compensacion/Ejecutar Reporte Planilla/input_Actos Administrativos_ejecutarReporte'

2021-11-22 09:28:10 - [MESSAGE][PASSED] - Text 'ACE - ACUMULADO MENSUAL CONCEPTOS DE NOMINA (PAGADO)' is set on object 'Object Repository/Modulo Tarea Administracion Compensacion/Ejecutar Reporte Planilla/input_Actos Administrativos_ejecutarReporte'

2021-11-22 09:28:10 - [TEST_STEP][PASSED] - click(findTestObject("Modulo Tarea Administracion Compensacion/Ejecutar Reporte Planilla/a_Actos Administrativos_ejecutarReportePlanillaj_idt61")): Object: 'Object Repository/Modulo Tarea Administracion Compensacion/Ejecutar Reporte Planilla/a_Actos Administrativos_ejecutarReportePlanillaj_idt61' is clicked on

2021-11-22 09:28:10 - [MESSAGE][PASSED] - Object: 'Object Repository/Modulo Tarea Administracion Compensacion/Ejecutar Reporte Planilla/a_Actos Administrativos_ejecutarReportePlanillaj_idt61' is clicked on

2021-11-22 09:28:10 - [TEST_STEP][PASSED] - click(findTestObject("Modulo Tarea Administracion Compensacion/Ejecutar Reporte Planilla/a_Actos Administrativos_ejecutarReportePlanillaj_idt61")): Object: 'Object Repository/Modulo Tarea Administracion Compensacion/Ejecutar Reporte Planilla/a_Actos Administrativos_ejecutarReportePlanillaj_idt61' is clicked on

2021-11-22 09:28:11 - [MESSAGE][PASSED] - Object: 'Object Repository/Modulo Tarea Administracion Compensacion/Ejecutar Reporte Planilla/a_Actos Administrativos_ejecutarReportePlanillaj_idt61' is clicked on

2021-11-22 09:28:11 - [TEST_STEP][PASSED] - waitForElementClickable(findTestObject("Modulo Tarea Administracion Compensacion/Ejecutar Reporte Planilla/td_PNP - PAGO DE NOMINA"), 0): Object 'Object Repository/Modulo Tarea Administracion Compensacion/Ejecutar Reporte Planilla/td_PNP - PAGO DE NOMINA' is clickable

2021-11-22 09:28:11 - [MESSAGE][WARNING] - Timeout '0' is invalid. Using default page load timeout: '30'

2021-11-22 09:28:12 - [MESSAGE][PASSED] - Object 'Object Repository/Modulo Tarea Administracion Compensacion/Ejecutar Reporte Planilla/td_PNP - PAGO DE NOMINA' is clickable

2021-11-22 09:28:12 - [TEST_STEP][PASSED] - click(findTestObject("Modulo Tarea Administracion Compensacion/Ejecutar Reporte Planilla/td_PNP - PAGO DE NOMINA")): Object: 'Object Repository/Modulo Tarea Administracion Compensacion/Ejecutar Reporte Planilla/td_PNP - PAGO DE NOMINA' is clicked on

2021-11-22 09:28:13 - [MESSAGE][PASSED] - Object: 'Object Repository/Modulo Tarea Administracion Compensacion/Ejecutar Reporte Planilla/td_PNP - PAGO DE NOMINA' is clicked on

2021-11-22 09:28:13 - [TEST_STEP][PASSED] - setText(findTestObject("Modulo Tarea Administracion Compensacion/Ejecutar Reporte Planilla/input_Rango Fechas_ejecutarReportePlanillafechaInicio_input"), "01/07/2021"): Text '01/07/2021' is set on object 'Object Repository/Modulo Tarea Administracion Compensacion/Ejecutar Reporte Planilla/input_Rango Fechas_ejecutarReportePlanillafechaInicio_input'

2021-11-22 09:28:14 - [MESSAGE][PASSED] - Text '01/07/2021' is set on object 'Object Repository/Modulo Tarea Administracion Compensacion/Ejecutar Reporte Planilla/input_Rango Fechas_ejecutarReportePlanillafechaInicio_input'

2021-11-22 09:28:14 - [TEST_STEP][PASSED] - setText(findTestObject("Modulo Tarea Administracion Compensacion/Ejecutar Reporte Planilla/input_Rango Fechas_ejecutarReportePlanillafechaFinal_input"), "30/07/2021"): Text '30/07/2021' is set on object 'Object Repository/Modulo Tarea Administracion Compensacion/Ejecutar Reporte Planilla/input_Rango Fechas_ejecutarReportePlanillafechaFinal_input'

2021-11-22 09:28:15 - [MESSAGE][PASSED] - Text '30/07/2021' is set on object 'Object Repository/Modulo Tarea Administracion Compensacion/Ejecutar Reporte Planilla/input_Rango Fechas_ejecutarReportePlanillafechaFinal_input'

2021-11-22 09:28:15 - [TEST_STEP][PASSED] - waitForElementClickable(findTestObject("Modulo Tarea Administracion Compensacion/Ejecutar Reporte Planilla/a_Aplicar"), 0): Object 'Object Repository/Modulo Tarea Administracion Compensacion/Ejecutar Reporte Planilla/a_Aplicar' is clickable

2021-11-22 09:28:15 - [MESSAGE][WARNING] - Timeout '0' is invalid. Using default page load timeout: '30'

2021-11-22 09:28:15 - [MESSAGE][PASSED] - Object 'Object Repository/Modulo Tarea Administracion Compensacion/Ejecutar Reporte Planilla/a_Aplicar' is clickable

2021-11-22 09:28:15 - [TEST_STEP][PASSED] - click(findTestObject("Modulo Tarea Administracion Compensacion/Ejecutar Reporte Planilla/a_Aplicar")): Object: 'Object Repository/Modulo Tarea Administracion Compensacion/Ejecutar Reporte Planilla/a_Aplicar' is clicked on

2021-11-22 09:28:16 - [MESSAGE][PASSED] - Object: 'Object Repository/Modulo Tarea Administracion Compensacion/Ejecutar Reporte Planilla/a_Aplicar' is clicked on

2021-11-22 09:28:16 - [TEST_STEP][PASSED] - waitForElementClickable(findTestObject("Modulo Tarea Administracion Compensacion/Ejecutar Reporte Planilla/span_Reporte_glyphicons glyphicons-article"), 0): Object 'Object Repository/Modulo Tarea Administracion Compensacion/Ejecutar Reporte Planilla/span_Reporte_glyphicons glyphicons-article' is clickable

2021-11-22 09:28:16 - [MESSAGE][WARNING] - Timeout '0' is invalid. Using default page load timeout: '30'

2021-11-22 09:28:17 - [MESSAGE][PASSED] - Object 'Object Repository/Modulo Tarea Administracion Compensacion/Ejecutar Reporte Planilla/span_Reporte_glyphicons glyphicons-article' is clickable

2021-11-22 09:28:17 - [TEST_STEP][PASSED] - click(findTestObject("Modulo Tarea Administracion Compensacion/Ejecutar Reporte Planilla/span_Reporte_glyphicons glyphicons-article")): Object: 'Object Repository/Modulo Tarea Administracion Compensacion/Ejecutar Reporte Planilla/span_Reporte_glyphicons glyphicons-article' is clicked on

2021-11-22 09:28:17 - [MESSAGE][PASSED] - Object: 'Object Repository/Modulo Tarea Administracion Compensacion/Ejecutar Reporte Planilla/span_Reporte_glyphicons glyphicons-article' is clicked on

2021-11-22 09:28:17 - [TEST_STEP][PASSED] - click(findTestObject("Modulo Tarea Administracion Compensacion/Ejecutar Reporte Planilla/label_html")): Object: 'Object Repository/Modulo Tarea Administracion Compensacion/Ejecutar Reporte Planilla/label_html' is clicked on

2021-11-22 09:28:18 - [MESSAGE][PASSED] - Object: 'Object Repository/Modulo Tarea Administracion Compensacion/Ejecutar Reporte Planilla/label_html' is clicked on

2021-11-22 09:28:18 - [TEST_STEP][PASSED] - click(findTestObject("Modulo Tarea Administracion Compensacion/Ejecutar Reporte Planilla/a_Generar Reporte")): Object: 'Object Repository/Modulo Tarea Administracion Compensacion/Ejecutar Reporte Planilla/a_Generar Reporte' is clicked on

2021-11-22 09:28:18 - [MESSAGE][PASSED] - Object: 'Object Repository/Modulo Tarea Administracion Compensacion/Ejecutar Reporte Planilla/a_Generar Reporte' is clicked on

2021-11-22 09:28:18 - [TEST_STEP][PASSED] - waitForElementClickable(findTestObject("Modulo Tarea Administracion Compensacion/Ejecutar Reporte Planilla/a_Descargar"), 0): Object 'Object Repository/Modulo Tarea Administracion Compensacion/Ejecutar Reporte Planilla/a_Descargar' is clickable

2021-11-22 09:28:18 - [MESSAGE][WARNING] - Timeout '0' is invalid. Using default page load timeout: '30'

2021-11-22 09:28:19 - [MESSAGE][PASSED] - Object 'Object Repository/Modulo Tarea Administracion Compensacion/Ejecutar Reporte Planilla/a_Descargar' is clickable

2021-11-22 09:28:19 - [TEST_STEP][PASSED] - click(findTestObject("Modulo Tarea Administracion Compensacion/Ejecutar Reporte Planilla/a_Descargar")): Object: 'Object Repository/Modulo Tarea Administracion Compensacion/Ejecutar Reporte Planilla/a_Descargar' is clicked on

2021-11-22 09:28:20 - [MESSAGE][PASSED] - Object: 'Object Repository/Modulo Tarea Administracion Compensacion/Ejecutar Reporte Planilla/a_Descargar' is clicked on

2021-11-22 09:28:20 - [TEST_STEP][PASSED] - click(findTestObject("Modulo Tarea Administracion Compensacion/Ejecutar Reporte Planilla/a_Periodo Nomina_Cerrar")): Object: 'Object Repository/Modulo Tarea Administracion Compensacion/Ejecutar Reporte Planilla/a_Periodo Nomina_Cerrar' is clicked on

2021-11-22 09:28:21 - [MESSAGE][PASSED] - Object: 'Object Repository/Modulo Tarea Administracion Compensacion/Ejecutar Reporte Planilla/a_Periodo Nomina_Cerrar' is clicked on

2021-11-22 09:28:21 - [TEST_STEP][PASSED] - closeBrowser(): Browser is closed

2021-11-22 09:28:22 - [MESSAGE][PASSED] - Browser is closed]]></system-out>
         <system-err><![CDATA[]]></system-err>
      </testcase>
      <testcase name="Test Cases/1.1-Tareas Principales/1.5.5- Crear Nomina Electrónica" time="28.992" classname="Test Cases/1.1-Tareas Principales/1.5.5- Crear Nomina Electrónica" status="PASSED">
         <system-out><![CDATA[2021-11-22 09:28:22 - [TEST_CASE][PASSED] - Test Cases/1.1-Tareas Principales/1.5.5- Crear Nomina Electrónica: Test Cases/1.1-Tareas Principales/1.5.5- Crear Nomina Electrónica

2021-11-22 09:28:22 - [TEST_STEP][PASSED] - callTestCase(findTestCase("0.1-Login"), [:], STOP_ON_FAILURE): Call Test Case 'Test Cases/0.1-Login' successfully

2021-11-22 09:28:22 - [TEST_CASE][PASSED] - Test Cases/0.1-Login: Test Cases/0.1-Login

2021-11-22 09:28:22 - [TEST_STEP][PASSED] - openBrowser(""): Browser is opened with url: ''

2021-11-22 09:28:22 - [MESSAGE][INFO] - Starting 'Edge Chromium' driver

2021-11-22 09:28:24 - [MESSAGE][INFO] - Action delay is set to 0 milliseconds

2021-11-22 09:28:25 - [MESSAGE][PASSED] - Browser is opened with url: ''

2021-11-22 09:28:25 - [TEST_STEP][PASSED] - maximizeWindow(): Current window maximized

2021-11-22 09:28:25 - [MESSAGE][PASSED] - Current window maximized

2021-11-22 09:28:25 - [TEST_STEP][PASSED] - i = G_Login: null

2021-11-22 09:28:25 - [TEST_STEP][PASSED] - url = new java.net.URL(i): null

2021-11-22 09:28:25 - [TEST_STEP][PASSED] - println("URL: " + url.toString()): null

2021-11-22 09:28:25 - [TEST_STEP][PASSED] - connection = url.openConnection(): null

2021-11-22 09:28:25 - [TEST_STEP][PASSED] - connection.setRequestMethod("GET"): null

2021-11-22 09:28:25 - [TEST_STEP][PASSED] - connection.setReadTimeout(2 * 1000): null

2021-11-22 09:28:25 - [TEST_STEP][PASSED] - try: null

2021-11-22 09:28:25 - [TEST_STEP][PASSED] - connection.connect(): null

2021-11-22 09:28:25 - [TEST_STEP][PASSED] - flag = connected: null

2021-11-22 09:28:25 - [TEST_STEP][PASSED] - println("Valor_ori: " + flag): null

2021-11-22 09:28:25 - [TEST_STEP][PASSED] - if (flag): null

2021-11-22 09:28:25 - [TEST_STEP][PASSED] - navigateToUrl(i): Navigate to 'http://localhost:8380/saraweb/' successfully

2021-11-22 09:28:27 - [MESSAGE][PASSED] - Navigate to 'http://localhost:8380/saraweb/' successfully

2021-11-22 09:28:27 - [TEST_STEP][PASSED] - a(): null

2021-11-22 09:28:27 - [TEST_STEP][PASSED] - setText(findTestObject("Login/input_USUARIO_loginusuario"), G_Usuario): Text 'saraadmin' is set on object 'Object Repository/Login/input_USUARIO_loginusuario'

2021-11-22 09:28:28 - [MESSAGE][PASSED] - Text 'saraadmin' is set on object 'Object Repository/Login/input_USUARIO_loginusuario'

2021-11-22 09:28:28 - [TEST_STEP][PASSED] - setEncryptedText(findTestObject("Login/input_CLAVE_loginpassword"), "MkG4/TYiCFC3cb2driP7+Q=="): Text ****** has been set on object 'Object Repository/Login/input_CLAVE_loginpassword'

2021-11-22 09:28:28 - [MESSAGE][PASSED] - Text ****** has been set on object 'Object Repository/Login/input_CLAVE_loginpassword'

2021-11-22 09:28:28 - [TEST_STEP][PASSED] - waitForElementClickable(findTestObject("Login/a_Ingresar"), G_TimeOut): Object 'Object Repository/Login/a_Ingresar' is clickable

2021-11-22 09:28:28 - [MESSAGE][PASSED] - Object 'Object Repository/Login/a_Ingresar' is clickable

2021-11-22 09:28:28 - [TEST_STEP][PASSED] - click(findTestObject("Login/a_Ingresar")): Object: 'Object Repository/Login/a_Ingresar' is clicked on

2021-11-22 09:28:31 - [MESSAGE][PASSED] - Object: 'Object Repository/Login/a_Ingresar' is clicked on

2021-11-22 09:28:31 - [TEST_STEP][PASSED] - element = findWebElement(findTestObject("Login/a_Ir"), 30): null

2021-11-22 09:28:32 - [TEST_STEP][PASSED] - executeJavaScript("arguments[0].click()", Arrays.asList(element)): Execute JavaScript 'arguments[0].click()' successfully

2021-11-22 09:28:32 - [MESSAGE][PASSED] - Execute JavaScript 'arguments[0].click()' successfully

2021-11-22 09:28:32 - [MESSAGE][PASSED] - Call Test Case 'Test Cases/0.1-Login' successfully

2021-11-22 09:28:32 - [TEST_STEP][PASSED] - waitForElementClickable(findTestObject("Modulo Tarea Administracion Compensacion/Crear Nomina Electronica/Page_SARA/input_ADMINISTRADOR DEL SISTEMA - SARA_form_templatej_idt24_input"), G_TimeOut): Object 'Object Repository/Modulo Tarea Administracion Compensacion/Crear Nomina Electronica/Page_SARA/input_ADMINISTRADOR DEL SISTEMA - SARA_form_templatej_idt24_input' is clickable

2021-11-22 09:28:33 - [MESSAGE][PASSED] - Object 'Object Repository/Modulo Tarea Administracion Compensacion/Crear Nomina Electronica/Page_SARA/input_ADMINISTRADOR DEL SISTEMA - SARA_form_templatej_idt24_input' is clickable

2021-11-22 09:28:33 - [TEST_STEP][PASSED] - setText(findTestObject("Modulo Tarea Administracion Compensacion/Crear Nomina Electronica/Page_SARA/input_ADMINISTRADOR DEL SISTEMA - SARA_form_templatej_idt24_input"), "Nomina Electronica (com)"): Text 'Nomina Electronica (com)' is set on object 'Object Repository/Modulo Tarea Administracion Compensacion/Crear Nomina Electronica/Page_SARA/input_ADMINISTRADOR DEL SISTEMA - SARA_form_templatej_idt24_input'

2021-11-22 09:28:34 - [MESSAGE][PASSED] - Text 'Nomina Electronica (com)' is set on object 'Object Repository/Modulo Tarea Administracion Compensacion/Crear Nomina Electronica/Page_SARA/input_ADMINISTRADOR DEL SISTEMA - SARA_form_templatej_idt24_input'

2021-11-22 09:28:34 - [TEST_STEP][PASSED] - waitForElementClickable(findTestObject("Modulo Tarea Administracion Compensacion/Crear Nomina Electronica/Page_SARA/li_Nomina Electronica (com)"), 0): Object 'Object Repository/Modulo Tarea Administracion Compensacion/Crear Nomina Electronica/Page_SARA/li_Nomina Electronica (com)' is clickable

2021-11-22 09:28:34 - [MESSAGE][WARNING] - Timeout '0' is invalid. Using default page load timeout: '30'

2021-11-22 09:28:35 - [MESSAGE][PASSED] - Object 'Object Repository/Modulo Tarea Administracion Compensacion/Crear Nomina Electronica/Page_SARA/li_Nomina Electronica (com)' is clickable

2021-11-22 09:28:35 - [TEST_STEP][PASSED] - click(findTestObject("Modulo Tarea Administracion Compensacion/Crear Nomina Electronica/Page_SARA/li_Nomina Electronica (com)")): Object: 'Object Repository/Modulo Tarea Administracion Compensacion/Crear Nomina Electronica/Page_SARA/li_Nomina Electronica (com)' is clicked on

2021-11-22 09:28:35 - [MESSAGE][PASSED] - Object: 'Object Repository/Modulo Tarea Administracion Compensacion/Crear Nomina Electronica/Page_SARA/li_Nomina Electronica (com)' is clicked on

2021-11-22 09:28:35 - [TEST_STEP][PASSED] - if (waitForElementClickable(findTestObject("Modulo Tarea Administracion Compensacion/Crear Nomina Electronica/Page_SARA/td_2021-07-01"), 1)): Web element with id: 'Object Repository/Modulo Tarea Administracion Compensacion/Crear Nomina Electronica/Page_SARA/td_2021-07-01' located by '//*/text()[normalize-space(.)='2021-07-01']/parent::*' not found

2021-11-22 09:28:37 - [MESSAGE][INFO] - Unable to find the element located by 'By.xpath: //*/text()[normalize-space(.)='2021-07-01']/parent::*'. Please recheck the objects properties to make sure the desired element is located. 

2021-11-22 09:28:37 - [MESSAGE][WARNING] - Web element with id: 'Object Repository/Modulo Tarea Administracion Compensacion/Crear Nomina Electronica/Page_SARA/td_2021-07-01' located by '//*/text()[normalize-space(.)='2021-07-01']/parent::*' not found

2021-11-22 09:28:37 - [TEST_STEP][PASSED] - waitForElementClickable(findTestObject("Modulo Tarea Administracion Compensacion/Crear Nomina Electronica/Page_SARA/a_Nuevo"), 0): Object 'Object Repository/Modulo Tarea Administracion Compensacion/Crear Nomina Electronica/Page_SARA/a_Nuevo' is clickable

2021-11-22 09:28:38 - [MESSAGE][WARNING] - Timeout '0' is invalid. Using default page load timeout: '30'

2021-11-22 09:28:38 - [MESSAGE][PASSED] - Object 'Object Repository/Modulo Tarea Administracion Compensacion/Crear Nomina Electronica/Page_SARA/a_Nuevo' is clickable

2021-11-22 09:28:38 - [TEST_STEP][PASSED] - click(findTestObject("Modulo Tarea Administracion Compensacion/Crear Nomina Electronica/Page_SARA/a_Nuevo"), STOP_ON_FAILURE): Object: 'Object Repository/Modulo Tarea Administracion Compensacion/Crear Nomina Electronica/Page_SARA/a_Nuevo' is clicked on

2021-11-22 09:28:38 - [MESSAGE][PASSED] - Object: 'Object Repository/Modulo Tarea Administracion Compensacion/Crear Nomina Electronica/Page_SARA/a_Nuevo' is clicked on

2021-11-22 09:28:38 - [TEST_STEP][PASSED] - waitForElementClickable(findTestObject("Modulo Tarea Administracion Compensacion/Crear Nomina Electronica/Page_SARA/select_-- seleccione --Nmina IndividualNmina Individual de Ajuste"), 0): Object 'Object Repository/Modulo Tarea Administracion Compensacion/Crear Nomina Electronica/Page_SARA/select_-- seleccione --Nmina IndividualNmina Individual de Ajuste' is clickable

2021-11-22 09:28:38 - [MESSAGE][WARNING] - Timeout '0' is invalid. Using default page load timeout: '30'

2021-11-22 09:28:39 - [MESSAGE][PASSED] - Object 'Object Repository/Modulo Tarea Administracion Compensacion/Crear Nomina Electronica/Page_SARA/select_-- seleccione --Nmina IndividualNmina Individual de Ajuste' is clickable

2021-11-22 09:28:39 - [TEST_STEP][PASSED] - click(findTestObject("Modulo Tarea Administracion Compensacion/Crear Nomina Electronica/Page_SARA/select_-- seleccione --Nmina IndividualNmina Individual de Ajuste")): Object: 'Object Repository/Modulo Tarea Administracion Compensacion/Crear Nomina Electronica/Page_SARA/select_-- seleccione --Nmina IndividualNmina Individual de Ajuste' is clicked on

2021-11-22 09:28:39 - [MESSAGE][PASSED] - Object: 'Object Repository/Modulo Tarea Administracion Compensacion/Crear Nomina Electronica/Page_SARA/select_-- seleccione --Nmina IndividualNmina Individual de Ajuste' is clicked on

2021-11-22 09:28:39 - [TEST_STEP][PASSED] - selectOptionByIndex(findTestObject("Modulo Tarea Administracion Compensacion/Crear Nomina Electronica/Page_SARA/select_-- seleccione --Nmina IndividualNmina Individual de Ajuste"), "1"): All options with index in [1] are selected on object 'Object Repository/Modulo Tarea Administracion Compensacion/Crear Nomina Electronica/Page_SARA/select_-- seleccione --Nmina IndividualNmina Individual de Ajuste'

2021-11-22 09:28:40 - [MESSAGE][PASSED] - All options with index in [1] are selected on object 'Object Repository/Modulo Tarea Administracion Compensacion/Crear Nomina Electronica/Page_SARA/select_-- seleccione --Nmina IndividualNmina Individual de Ajuste'

2021-11-22 09:28:40 - [TEST_STEP][PASSED] - click(findTestObject("Modulo Tarea Administracion Compensacion/Crear Nomina Electronica/Page_SARA/select_-- seleccione --EneroFebreroMarzoAbrilMayoJunioJulioAgostoSeptiembreOctubreNoviembreDiciembre")): Object: 'Object Repository/Modulo Tarea Administracion Compensacion/Crear Nomina Electronica/Page_SARA/select_-- seleccione --EneroFebreroMarzoAbrilMayoJunioJulioAgostoSeptiembreOctubreNoviembreDiciembre' is clicked on

2021-11-22 09:28:41 - [MESSAGE][PASSED] - Object: 'Object Repository/Modulo Tarea Administracion Compensacion/Crear Nomina Electronica/Page_SARA/select_-- seleccione --EneroFebreroMarzoAbrilMayoJunioJulioAgostoSeptiembreOctubreNoviembreDiciembre' is clicked on

2021-11-22 09:28:41 - [TEST_STEP][PASSED] - selectOptionByIndex(findTestObject("Modulo Tarea Administracion Compensacion/Crear Nomina Electronica/Page_SARA/select_-- seleccione --EneroFebreroMarzoAbrilMayoJunioJulioAgostoSeptiembreOctubreNoviembreDiciembre"), "8"): All options with index in [8] are selected on object 'Object Repository/Modulo Tarea Administracion Compensacion/Crear Nomina Electronica/Page_SARA/select_-- seleccione --EneroFebreroMarzoAbrilMayoJunioJulioAgostoSeptiembreOctubreNoviembreDiciembre'

2021-11-22 09:28:42 - [MESSAGE][PASSED] - All options with index in [8] are selected on object 'Object Repository/Modulo Tarea Administracion Compensacion/Crear Nomina Electronica/Page_SARA/select_-- seleccione --EneroFebreroMarzoAbrilMayoJunioJulioAgostoSeptiembreOctubreNoviembreDiciembre'

2021-11-22 09:28:42 - [TEST_STEP][PASSED] - click(findTestObject("Modulo Tarea Administracion Compensacion/Crear Nomina Electronica/Page_SARA/select_CUNDINAMARCASANTANDERBOGOTANo Usar")): Object: 'Object Repository/Modulo Tarea Administracion Compensacion/Crear Nomina Electronica/Page_SARA/select_CUNDINAMARCASANTANDERBOGOTANo Usar' is clicked on

2021-11-22 09:28:43 - [MESSAGE][PASSED] - Object: 'Object Repository/Modulo Tarea Administracion Compensacion/Crear Nomina Electronica/Page_SARA/select_CUNDINAMARCASANTANDERBOGOTANo Usar' is clicked on

2021-11-22 09:28:43 - [TEST_STEP][PASSED] - selectOptionByIndex(findTestObject("Modulo Tarea Administracion Compensacion/Crear Nomina Electronica/Page_SARA/select_CUNDINAMARCASANTANDERBOGOTANo Usar"), "3"): All options with index in [3] are selected on object 'Object Repository/Modulo Tarea Administracion Compensacion/Crear Nomina Electronica/Page_SARA/select_CUNDINAMARCASANTANDERBOGOTANo Usar'

2021-11-22 09:28:44 - [MESSAGE][PASSED] - All options with index in [3] are selected on object 'Object Repository/Modulo Tarea Administracion Compensacion/Crear Nomina Electronica/Page_SARA/select_CUNDINAMARCASANTANDERBOGOTANo Usar'

2021-11-22 09:28:44 - [TEST_STEP][PASSED] - selectOptionByIndex(findTestObject("Modulo Tarea Administracion Compensacion/Crear Nomina Electronica/Page_SARA/select_-- seleccione --EneroFebreroMarzoAbrilMayoJunioJulioAgostoSeptiembreOctubreNoviembreDiciembre"), "7"): All options with index in [7] are selected on object 'Object Repository/Modulo Tarea Administracion Compensacion/Crear Nomina Electronica/Page_SARA/select_-- seleccione --EneroFebreroMarzoAbrilMayoJunioJulioAgostoSeptiembreOctubreNoviembreDiciembre'

2021-11-22 09:28:46 - [MESSAGE][PASSED] - All options with index in [7] are selected on object 'Object Repository/Modulo Tarea Administracion Compensacion/Crear Nomina Electronica/Page_SARA/select_-- seleccione --EneroFebreroMarzoAbrilMayoJunioJulioAgostoSeptiembreOctubreNoviembreDiciembre'

2021-11-22 09:28:46 - [TEST_STEP][PASSED] - click(findTestObject("Modulo Tarea Administracion Compensacion/Crear Nomina Electronica/Page_SARA/a_Guardar")): Object: 'Object Repository/Modulo Tarea Administracion Compensacion/Crear Nomina Electronica/Page_SARA/a_Guardar' is clicked on

2021-11-22 09:28:46 - [MESSAGE][PASSED] - Object: 'Object Repository/Modulo Tarea Administracion Compensacion/Crear Nomina Electronica/Page_SARA/a_Guardar' is clicked on

2021-11-22 09:28:46 - [TEST_STEP][PASSED] - waitForElementClickable(findTestObject("Modulo Tarea Administracion Compensacion/Crear Nomina Electronica/Page_SARA/a_Generar"), 0): Object 'Object Repository/Modulo Tarea Administracion Compensacion/Crear Nomina Electronica/Page_SARA/a_Generar' is clickable

2021-11-22 09:28:46 - [MESSAGE][WARNING] - Timeout '0' is invalid. Using default page load timeout: '30'

2021-11-22 09:28:49 - [MESSAGE][PASSED] - Object 'Object Repository/Modulo Tarea Administracion Compensacion/Crear Nomina Electronica/Page_SARA/a_Generar' is clickable

2021-11-22 09:28:49 - [TEST_STEP][PASSED] - click(findTestObject("Modulo Tarea Administracion Compensacion/Crear Nomina Electronica/Page_SARA/a_Generar")): Object: 'Object Repository/Modulo Tarea Administracion Compensacion/Crear Nomina Electronica/Page_SARA/a_Generar' is clicked on

2021-11-22 09:28:50 - [MESSAGE][PASSED] - Object: 'Object Repository/Modulo Tarea Administracion Compensacion/Crear Nomina Electronica/Page_SARA/a_Generar' is clicked on

2021-11-22 09:28:50 - [TEST_STEP][PASSED] - waitForElementClickable(findTestObject("Modulo Tarea Administracion Compensacion/Crear Nomina Electronica/Page_SARA/a_Generar2"), 0): Object 'Object Repository/Modulo Tarea Administracion Compensacion/Crear Nomina Electronica/Page_SARA/a_Generar2' is clickable

2021-11-22 09:28:50 - [MESSAGE][WARNING] - Timeout '0' is invalid. Using default page load timeout: '30'

2021-11-22 09:28:50 - [MESSAGE][PASSED] - Object 'Object Repository/Modulo Tarea Administracion Compensacion/Crear Nomina Electronica/Page_SARA/a_Generar2' is clickable

2021-11-22 09:28:50 - [TEST_STEP][PASSED] - click(findTestObject("Modulo Tarea Administracion Compensacion/Crear Nomina Electronica/Page_SARA/a_Generar2")): Object: 'Object Repository/Modulo Tarea Administracion Compensacion/Crear Nomina Electronica/Page_SARA/a_Generar2' is clicked on

2021-11-22 09:28:51 - [MESSAGE][PASSED] - Object: 'Object Repository/Modulo Tarea Administracion Compensacion/Crear Nomina Electronica/Page_SARA/a_Generar2' is clicked on]]></system-out>
         <system-err><![CDATA[]]></system-err>
      </testcase>
      <testcase name="Test Cases/1.1-Tareas Principales/1.5.6 Reporte Nomina Electronica" time="28.726" classname="Test Cases/1.1-Tareas Principales/1.5.6 Reporte Nomina Electronica" status="PASSED">
         <system-out><![CDATA[2021-11-22 09:28:51 - [TEST_CASE][PASSED] - Test Cases/1.1-Tareas Principales/1.5.6 Reporte Nomina Electronica: Test Cases/1.1-Tareas Principales/1.5.6 Reporte Nomina Electronica

2021-11-22 09:28:51 - [TEST_STEP][PASSED] - callTestCase(findTestCase("0.1-Login"), [:], STOP_ON_FAILURE): Call Test Case 'Test Cases/0.1-Login' successfully

2021-11-22 09:28:51 - [TEST_CASE][PASSED] - Test Cases/0.1-Login: Test Cases/0.1-Login

2021-11-22 09:28:51 - [TEST_STEP][PASSED] - openBrowser(""): Browser is opened with url: ''

2021-11-22 09:28:51 - [MESSAGE][WARNING] - A browser is already opened. Closing browser and opening a new one

2021-11-22 09:28:52 - [MESSAGE][INFO] - Starting 'Edge Chromium' driver

2021-11-22 09:28:54 - [MESSAGE][INFO] - Action delay is set to 0 milliseconds

2021-11-22 09:28:55 - [MESSAGE][PASSED] - Browser is opened with url: ''

2021-11-22 09:28:55 - [TEST_STEP][PASSED] - maximizeWindow(): Current window maximized

2021-11-22 09:28:55 - [MESSAGE][PASSED] - Current window maximized

2021-11-22 09:28:55 - [TEST_STEP][PASSED] - i = G_Login: null

2021-11-22 09:28:55 - [TEST_STEP][PASSED] - url = new java.net.URL(i): null

2021-11-22 09:28:55 - [TEST_STEP][PASSED] - println("URL: " + url.toString()): null

2021-11-22 09:28:55 - [TEST_STEP][PASSED] - connection = url.openConnection(): null

2021-11-22 09:28:55 - [TEST_STEP][PASSED] - connection.setRequestMethod("GET"): null

2021-11-22 09:28:55 - [TEST_STEP][PASSED] - connection.setReadTimeout(2 * 1000): null

2021-11-22 09:28:55 - [TEST_STEP][PASSED] - try: null

2021-11-22 09:28:55 - [TEST_STEP][PASSED] - connection.connect(): null

2021-11-22 09:28:55 - [TEST_STEP][PASSED] - flag = connected: null

2021-11-22 09:28:55 - [TEST_STEP][PASSED] - println("Valor_ori: " + flag): null

2021-11-22 09:28:55 - [TEST_STEP][PASSED] - if (flag): null

2021-11-22 09:28:55 - [TEST_STEP][PASSED] - navigateToUrl(i): Navigate to 'http://localhost:8380/saraweb/' successfully

2021-11-22 09:28:56 - [MESSAGE][PASSED] - Navigate to 'http://localhost:8380/saraweb/' successfully

2021-11-22 09:28:56 - [TEST_STEP][PASSED] - a(): null

2021-11-22 09:28:56 - [TEST_STEP][PASSED] - setText(findTestObject("Login/input_USUARIO_loginusuario"), G_Usuario): Text 'saraadmin' is set on object 'Object Repository/Login/input_USUARIO_loginusuario'

2021-11-22 09:28:57 - [MESSAGE][PASSED] - Text 'saraadmin' is set on object 'Object Repository/Login/input_USUARIO_loginusuario'

2021-11-22 09:28:57 - [TEST_STEP][PASSED] - setEncryptedText(findTestObject("Login/input_CLAVE_loginpassword"), "MkG4/TYiCFC3cb2driP7+Q=="): Text ****** has been set on object 'Object Repository/Login/input_CLAVE_loginpassword'

2021-11-22 09:28:57 - [MESSAGE][PASSED] - Text ****** has been set on object 'Object Repository/Login/input_CLAVE_loginpassword'

2021-11-22 09:28:57 - [TEST_STEP][PASSED] - waitForElementClickable(findTestObject("Login/a_Ingresar"), G_TimeOut): Object 'Object Repository/Login/a_Ingresar' is clickable

2021-11-22 09:28:58 - [MESSAGE][PASSED] - Object 'Object Repository/Login/a_Ingresar' is clickable

2021-11-22 09:28:58 - [TEST_STEP][PASSED] - click(findTestObject("Login/a_Ingresar")): Object: 'Object Repository/Login/a_Ingresar' is clicked on

2021-11-22 09:28:59 - [MESSAGE][PASSED] - Object: 'Object Repository/Login/a_Ingresar' is clicked on

2021-11-22 09:28:59 - [TEST_STEP][PASSED] - element = findWebElement(findTestObject("Login/a_Ir"), 30): null

2021-11-22 09:28:59 - [TEST_STEP][PASSED] - executeJavaScript("arguments[0].click()", Arrays.asList(element)): Execute JavaScript 'arguments[0].click()' successfully

2021-11-22 09:28:59 - [MESSAGE][PASSED] - Execute JavaScript 'arguments[0].click()' successfully

2021-11-22 09:28:59 - [MESSAGE][PASSED] - Call Test Case 'Test Cases/0.1-Login' successfully

2021-11-22 09:28:59 - [TEST_STEP][PASSED] - waitForElementClickable(findTestObject("Modulo Tarea Administracion Compensacion/Reporte Nomina Electronica/Page_SARA/input_Nomina Electronica_form_templatej_idt24_input"), 0): Object 'Object Repository/Modulo Tarea Administracion Compensacion/Reporte Nomina Electronica/Page_SARA/input_Nomina Electronica_form_templatej_idt24_input' is clickable

2021-11-22 09:29:00 - [MESSAGE][WARNING] - Timeout '0' is invalid. Using default page load timeout: '30'

2021-11-22 09:29:00 - [MESSAGE][PASSED] - Object 'Object Repository/Modulo Tarea Administracion Compensacion/Reporte Nomina Electronica/Page_SARA/input_Nomina Electronica_form_templatej_idt24_input' is clickable

2021-11-22 09:29:00 - [TEST_STEP][PASSED] - setText(findTestObject("Modulo Tarea Administracion Compensacion/Reporte Nomina Electronica/Page_SARA/input_Nomina Electronica_form_templatej_idt24_input"), "Nomina Electronica"): Text 'Nomina Electronica' is set on object 'Object Repository/Modulo Tarea Administracion Compensacion/Reporte Nomina Electronica/Page_SARA/input_Nomina Electronica_form_templatej_idt24_input'

2021-11-22 09:29:01 - [MESSAGE][PASSED] - Text 'Nomina Electronica' is set on object 'Object Repository/Modulo Tarea Administracion Compensacion/Reporte Nomina Electronica/Page_SARA/input_Nomina Electronica_form_templatej_idt24_input'

2021-11-22 09:29:01 - [TEST_STEP][PASSED] - waitForElementClickable(findTestObject("Modulo Tarea Administracion Compensacion/Reporte Nomina Electronica/Page_SARA/span_Nomina Electronica"), 0): Object 'Object Repository/Modulo Tarea Administracion Compensacion/Reporte Nomina Electronica/Page_SARA/span_Nomina Electronica' is clickable

2021-11-22 09:29:01 - [MESSAGE][WARNING] - Timeout '0' is invalid. Using default page load timeout: '30'

2021-11-22 09:29:03 - [MESSAGE][PASSED] - Object 'Object Repository/Modulo Tarea Administracion Compensacion/Reporte Nomina Electronica/Page_SARA/span_Nomina Electronica' is clickable

2021-11-22 09:29:03 - [TEST_STEP][PASSED] - sendKeys(findTestObject("Modulo Tarea Administracion Compensacion/Reporte Nomina Electronica/Page_SARA/input_Nomina Electronica_form_templatej_idt24_input"), Keys.chord(ENTER)): Keys 'ENTER + ' sent to object: 'Object Repository/Modulo Tarea Administracion Compensacion/Reporte Nomina Electronica/Page_SARA/input_Nomina Electronica_form_templatej_idt24_input'

2021-11-22 09:29:04 - [MESSAGE][PASSED] - Keys 'ENTER + ' sent to object: 'Object Repository/Modulo Tarea Administracion Compensacion/Reporte Nomina Electronica/Page_SARA/input_Nomina Electronica_form_templatej_idt24_input'

2021-11-22 09:29:04 - [TEST_STEP][PASSED] - if (waitForElementClickable(findTestObject("Modulo Tarea Administracion Compensacion/Reporte Nomina Electronica/Page_SARA/td_2021-07-01"), 1)): null

2021-11-22 09:29:05 - [MESSAGE][PASSED] - Object 'Object Repository/Modulo Tarea Administracion Compensacion/Reporte Nomina Electronica/Page_SARA/td_2021-07-01' is clickable

2021-11-22 09:29:05 - [TEST_STEP][PASSED] - click(findTestObject("Modulo Tarea Administracion Compensacion/Reporte Nomina Electronica/Page_SARA/td_2021-07-01")): Object: 'Object Repository/Modulo Tarea Administracion Compensacion/Reporte Nomina Electronica/Page_SARA/td_2021-07-01' is clicked on

2021-11-22 09:29:05 - [MESSAGE][PASSED] - Object: 'Object Repository/Modulo Tarea Administracion Compensacion/Reporte Nomina Electronica/Page_SARA/td_2021-07-01' is clicked on

2021-11-22 09:29:05 - [TEST_STEP][PASSED] - click(findTestObject("Modulo Tarea Administracion Compensacion/Reporte Nomina Electronica/Page_SARA/a_Reporte")): Object: 'Object Repository/Modulo Tarea Administracion Compensacion/Reporte Nomina Electronica/Page_SARA/a_Reporte' is clicked on

2021-11-22 09:29:08 - [MESSAGE][PASSED] - Object: 'Object Repository/Modulo Tarea Administracion Compensacion/Reporte Nomina Electronica/Page_SARA/a_Reporte' is clicked on

2021-11-22 09:29:08 - [TEST_STEP][PASSED] - click(findTestObject("Modulo Tarea Administracion Compensacion/Reporte Nomina Electronica/Page_SARA/td_Reporte Nomina Electrnica")): Object: 'Object Repository/Modulo Tarea Administracion Compensacion/Reporte Nomina Electronica/Page_SARA/td_Reporte Nomina Electrnica' is clicked on

2021-11-22 09:29:08 - [MESSAGE][PASSED] - Object: 'Object Repository/Modulo Tarea Administracion Compensacion/Reporte Nomina Electronica/Page_SARA/td_Reporte Nomina Electrnica' is clicked on

2021-11-22 09:29:08 - [TEST_STEP][PASSED] - click(findTestObject("Modulo Tarea Administracion Compensacion/Reporte Nomina Electronica/Page_SARA/span_Que desea hacer_ui-radiobutton-icon ui-icon ui-icon-blank ui-c")): Object: 'Object Repository/Modulo Tarea Administracion Compensacion/Reporte Nomina Electronica/Page_SARA/span_Que desea hacer_ui-radiobutton-icon ui-icon ui-icon-blank ui-c' is clicked on

2021-11-22 09:29:09 - [MESSAGE][PASSED] - Object: 'Object Repository/Modulo Tarea Administracion Compensacion/Reporte Nomina Electronica/Page_SARA/span_Que desea hacer_ui-radiobutton-icon ui-icon ui-icon-blank ui-c' is clicked on

2021-11-22 09:29:09 - [TEST_STEP][PASSED] - waitForElementClickable(findTestObject("Modulo Tarea Administracion Compensacion/Reporte Nomina Electronica/Page_SARA/a_Generar"), 0): Object 'Object Repository/Modulo Tarea Administracion Compensacion/Reporte Nomina Electronica/Page_SARA/a_Generar' is clickable

2021-11-22 09:29:10 - [MESSAGE][WARNING] - Timeout '0' is invalid. Using default page load timeout: '30'

2021-11-22 09:29:10 - [MESSAGE][PASSED] - Object 'Object Repository/Modulo Tarea Administracion Compensacion/Reporte Nomina Electronica/Page_SARA/a_Generar' is clickable

2021-11-22 09:29:10 - [TEST_STEP][PASSED] - click(findTestObject("Modulo Tarea Administracion Compensacion/Reporte Nomina Electronica/Page_SARA/a_Generar")): Object: 'Object Repository/Modulo Tarea Administracion Compensacion/Reporte Nomina Electronica/Page_SARA/a_Generar' is clicked on

2021-11-22 09:29:11 - [MESSAGE][PASSED] - Object: 'Object Repository/Modulo Tarea Administracion Compensacion/Reporte Nomina Electronica/Page_SARA/a_Generar' is clicked on

2021-11-22 09:29:11 - [TEST_STEP][PASSED] - waitForElementClickable(findTestObject("Modulo Tarea Administracion Compensacion/Reporte Nomina Electronica/Page_SARA/a_Continuar"), 0): Object 'Object Repository/Modulo Tarea Administracion Compensacion/Reporte Nomina Electronica/Page_SARA/a_Continuar' is clickable

2021-11-22 09:29:11 - [MESSAGE][WARNING] - Timeout '0' is invalid. Using default page load timeout: '30'

2021-11-22 09:29:15 - [MESSAGE][PASSED] - Object 'Object Repository/Modulo Tarea Administracion Compensacion/Reporte Nomina Electronica/Page_SARA/a_Continuar' is clickable

2021-11-22 09:29:15 - [TEST_STEP][PASSED] - click(findTestObject("Modulo Tarea Administracion Compensacion/Reporte Nomina Electronica/Page_SARA/a_Continuar")): Object: 'Object Repository/Modulo Tarea Administracion Compensacion/Reporte Nomina Electronica/Page_SARA/a_Continuar' is clicked on

2021-11-22 09:29:15 - [MESSAGE][PASSED] - Object: 'Object Repository/Modulo Tarea Administracion Compensacion/Reporte Nomina Electronica/Page_SARA/a_Continuar' is clicked on

2021-11-22 09:29:15 - [TEST_STEP][PASSED] - waitForElementClickable(findTestObject("Modulo Tarea Administracion Compensacion/Reporte Nomina Electronica/Page_SARA/a_Descargar"), 0): Object 'Object Repository/Modulo Tarea Administracion Compensacion/Reporte Nomina Electronica/Page_SARA/a_Descargar' is clickable

2021-11-22 09:29:15 - [MESSAGE][WARNING] - Timeout '0' is invalid. Using default page load timeout: '30'

2021-11-22 09:29:16 - [MESSAGE][PASSED] - Object 'Object Repository/Modulo Tarea Administracion Compensacion/Reporte Nomina Electronica/Page_SARA/a_Descargar' is clickable

2021-11-22 09:29:16 - [TEST_STEP][PASSED] - click(findTestObject("Modulo Tarea Administracion Compensacion/Reporte Nomina Electronica/Page_SARA/a_Descargar")): Object: 'Object Repository/Modulo Tarea Administracion Compensacion/Reporte Nomina Electronica/Page_SARA/a_Descargar' is clicked on

2021-11-22 09:29:16 - [MESSAGE][PASSED] - Object: 'Object Repository/Modulo Tarea Administracion Compensacion/Reporte Nomina Electronica/Page_SARA/a_Descargar' is clicked on

2021-11-22 09:29:16 - [TEST_STEP][PASSED] - delay(2): Delayed 2 second(s)

2021-11-22 09:29:18 - [MESSAGE][PASSED] - Delayed 2 second(s)

2021-11-22 09:29:18 - [TEST_STEP][PASSED] - closeBrowser(): Browser is closed

2021-11-22 09:29:19 - [MESSAGE][PASSED] - Browser is closed]]></system-out>
         <system-err><![CDATA[]]></system-err>
      </testcase>
      <testcase name="Test Cases/1.1-Tareas Principales/1.5.7 Descargar Nomina Electronica" time="43.217" classname="Test Cases/1.1-Tareas Principales/1.5.7 Descargar Nomina Electronica" status="PASSED">
         <system-out><![CDATA[2021-11-22 09:29:19 - [TEST_CASE][PASSED] - Test Cases/1.1-Tareas Principales/1.5.7 Descargar Nomina Electronica: Test Cases/1.1-Tareas Principales/1.5.7 Descargar Nomina Electronica

2021-11-22 09:29:20 - [TEST_STEP][PASSED] - callTestCase(findTestCase("0.1-Login"), [:], STOP_ON_FAILURE): Call Test Case 'Test Cases/0.1-Login' successfully

2021-11-22 09:29:20 - [TEST_CASE][PASSED] - Test Cases/0.1-Login: Test Cases/0.1-Login

2021-11-22 09:29:20 - [TEST_STEP][PASSED] - openBrowser(""): Browser is opened with url: ''

2021-11-22 09:29:20 - [MESSAGE][INFO] - Starting 'Edge Chromium' driver

2021-11-22 09:29:22 - [MESSAGE][INFO] - Action delay is set to 0 milliseconds

2021-11-22 09:29:23 - [MESSAGE][PASSED] - Browser is opened with url: ''

2021-11-22 09:29:23 - [TEST_STEP][PASSED] - maximizeWindow(): Current window maximized

2021-11-22 09:29:23 - [MESSAGE][PASSED] - Current window maximized

2021-11-22 09:29:23 - [TEST_STEP][PASSED] - i = G_Login: null

2021-11-22 09:29:23 - [TEST_STEP][PASSED] - url = new java.net.URL(i): null

2021-11-22 09:29:23 - [TEST_STEP][PASSED] - println("URL: " + url.toString()): null

2021-11-22 09:29:23 - [TEST_STEP][PASSED] - connection = url.openConnection(): null

2021-11-22 09:29:23 - [TEST_STEP][PASSED] - connection.setRequestMethod("GET"): null

2021-11-22 09:29:23 - [TEST_STEP][PASSED] - connection.setReadTimeout(2 * 1000): null

2021-11-22 09:29:23 - [TEST_STEP][PASSED] - try: null

2021-11-22 09:29:23 - [TEST_STEP][PASSED] - connection.connect(): null

2021-11-22 09:29:23 - [TEST_STEP][PASSED] - flag = connected: null

2021-11-22 09:29:23 - [TEST_STEP][PASSED] - println("Valor_ori: " + flag): null

2021-11-22 09:29:23 - [TEST_STEP][PASSED] - if (flag): null

2021-11-22 09:29:23 - [TEST_STEP][PASSED] - navigateToUrl(i): Navigate to 'http://localhost:8380/saraweb/' successfully

2021-11-22 09:29:25 - [MESSAGE][PASSED] - Navigate to 'http://localhost:8380/saraweb/' successfully

2021-11-22 09:29:25 - [TEST_STEP][PASSED] - a(): null

2021-11-22 09:29:25 - [TEST_STEP][PASSED] - setText(findTestObject("Login/input_USUARIO_loginusuario"), G_Usuario): Text 'saraadmin' is set on object 'Object Repository/Login/input_USUARIO_loginusuario'

2021-11-22 09:29:25 - [MESSAGE][PASSED] - Text 'saraadmin' is set on object 'Object Repository/Login/input_USUARIO_loginusuario'

2021-11-22 09:29:25 - [TEST_STEP][PASSED] - setEncryptedText(findTestObject("Login/input_CLAVE_loginpassword"), "MkG4/TYiCFC3cb2driP7+Q=="): Text ****** has been set on object 'Object Repository/Login/input_CLAVE_loginpassword'

2021-11-22 09:29:26 - [MESSAGE][PASSED] - Text ****** has been set on object 'Object Repository/Login/input_CLAVE_loginpassword'

2021-11-22 09:29:26 - [TEST_STEP][PASSED] - waitForElementClickable(findTestObject("Login/a_Ingresar"), G_TimeOut): Object 'Object Repository/Login/a_Ingresar' is clickable

2021-11-22 09:29:26 - [MESSAGE][PASSED] - Object 'Object Repository/Login/a_Ingresar' is clickable

2021-11-22 09:29:26 - [TEST_STEP][PASSED] - click(findTestObject("Login/a_Ingresar")): Object: 'Object Repository/Login/a_Ingresar' is clicked on

2021-11-22 09:29:29 - [MESSAGE][PASSED] - Object: 'Object Repository/Login/a_Ingresar' is clicked on

2021-11-22 09:29:29 - [TEST_STEP][PASSED] - element = findWebElement(findTestObject("Login/a_Ir"), 30): null

2021-11-22 09:29:30 - [TEST_STEP][PASSED] - executeJavaScript("arguments[0].click()", Arrays.asList(element)): Execute JavaScript 'arguments[0].click()' successfully

2021-11-22 09:29:30 - [MESSAGE][PASSED] - Execute JavaScript 'arguments[0].click()' successfully

2021-11-22 09:29:30 - [MESSAGE][PASSED] - Call Test Case 'Test Cases/0.1-Login' successfully

2021-11-22 09:29:30 - [TEST_STEP][PASSED] - waitForElementClickable(findTestObject("Modulo Tarea Administracion Compensacion/Descargar Nomina Electronica/Page_SARA/input_Nomina Electronica_form_templatej_idt24_input"), 0): Object 'Object Repository/Modulo Tarea Administracion Compensacion/Descargar Nomina Electronica/Page_SARA/input_Nomina Electronica_form_templatej_idt24_input' is clickable

2021-11-22 09:29:30 - [MESSAGE][WARNING] - Timeout '0' is invalid. Using default page load timeout: '30'

2021-11-22 09:29:31 - [MESSAGE][PASSED] - Object 'Object Repository/Modulo Tarea Administracion Compensacion/Descargar Nomina Electronica/Page_SARA/input_Nomina Electronica_form_templatej_idt24_input' is clickable

2021-11-22 09:29:31 - [TEST_STEP][PASSED] - setText(findTestObject("Modulo Tarea Administracion Compensacion/Descargar Nomina Electronica/Page_SARA/input_Nomina Electronica_form_templatej_idt24_input"), "Nomina Electronica"): Text 'Nomina Electronica' is set on object 'Object Repository/Modulo Tarea Administracion Compensacion/Descargar Nomina Electronica/Page_SARA/input_Nomina Electronica_form_templatej_idt24_input'

2021-11-22 09:29:31 - [MESSAGE][PASSED] - Text 'Nomina Electronica' is set on object 'Object Repository/Modulo Tarea Administracion Compensacion/Descargar Nomina Electronica/Page_SARA/input_Nomina Electronica_form_templatej_idt24_input'

2021-11-22 09:29:31 - [TEST_STEP][PASSED] - waitForElementClickable(findTestObject("Modulo Tarea Administracion Compensacion/Descargar Nomina Electronica/Page_SARA/span_Nomina Electronica"), 0): Object 'Object Repository/Modulo Tarea Administracion Compensacion/Descargar Nomina Electronica/Page_SARA/span_Nomina Electronica' is clickable

2021-11-22 09:29:31 - [MESSAGE][WARNING] - Timeout '0' is invalid. Using default page load timeout: '30'

2021-11-22 09:29:33 - [MESSAGE][PASSED] - Object 'Object Repository/Modulo Tarea Administracion Compensacion/Descargar Nomina Electronica/Page_SARA/span_Nomina Electronica' is clickable

2021-11-22 09:29:33 - [TEST_STEP][PASSED] - sendKeys(findTestObject("Modulo Tarea Administracion Compensacion/Descargar Nomina Electronica/Page_SARA/input_Nomina Electronica_form_templatej_idt24_input"), Keys.chord(ENTER)): Keys 'ENTER + ' sent to object: 'Object Repository/Modulo Tarea Administracion Compensacion/Descargar Nomina Electronica/Page_SARA/input_Nomina Electronica_form_templatej_idt24_input'

2021-11-22 09:29:33 - [MESSAGE][PASSED] - Keys 'ENTER + ' sent to object: 'Object Repository/Modulo Tarea Administracion Compensacion/Descargar Nomina Electronica/Page_SARA/input_Nomina Electronica_form_templatej_idt24_input'

2021-11-22 09:29:33 - [TEST_STEP][PASSED] - click(findTestObject("Modulo Tarea Administracion Compensacion/Descargar Nomina Electronica/td_Con inconsistencia")): Object: 'Object Repository/Modulo Tarea Administracion Compensacion/Descargar Nomina Electronica/td_Con inconsistencia' is clicked on

2021-11-22 09:29:34 - [MESSAGE][PASSED] - Object: 'Object Repository/Modulo Tarea Administracion Compensacion/Descargar Nomina Electronica/td_Con inconsistencia' is clicked on

2021-11-22 09:29:34 - [TEST_STEP][PASSED] - if (waitForElementClickable(findTestObject("Modulo Tarea Administracion Compensacion/Descargar Nomina Electronica/Page_SARA/span_Mendoza 2727 Empleado"), 1)): Web element with id: 'Object Repository/Modulo Tarea Administracion Compensacion/Descargar Nomina Electronica/Page_SARA/span_Mendoza 2727 Empleado' located by '//*/text()[normalize-space(.)='Mendoza 2727 Empleado']/parent::*' not found

2021-11-22 09:29:36 - [MESSAGE][INFO] - Unable to find the element located by 'By.xpath: //*/text()[normalize-space(.)='Mendoza 2727 Empleado']/parent::*'. Please recheck the objects properties to make sure the desired element is located. 

2021-11-22 09:29:36 - [MESSAGE][WARNING] - Web element with id: 'Object Repository/Modulo Tarea Administracion Compensacion/Descargar Nomina Electronica/Page_SARA/span_Mendoza 2727 Empleado' located by '//*/text()[normalize-space(.)='Mendoza 2727 Empleado']/parent::*' not found

2021-11-22 09:29:36 - [TEST_STEP][PASSED] - else: Delayed 2 second(s)

2021-11-22 09:29:36 - [TEST_STEP][PASSED] - click(findTestObject("Modulo Tarea Administracion Compensacion/Descargar Nomina Electronica/a_Generar_principal")): Object: 'Object Repository/Modulo Tarea Administracion Compensacion/Descargar Nomina Electronica/a_Generar_principal' is clicked on

2021-11-22 09:29:38 - [MESSAGE][PASSED] - Object: 'Object Repository/Modulo Tarea Administracion Compensacion/Descargar Nomina Electronica/a_Generar_principal' is clicked on

2021-11-22 09:29:38 - [TEST_STEP][PASSED] - click(findTestObject("Modulo Tarea Administracion Compensacion/Descargar Nomina Electronica/a_Generar_secundario")): Object: 'Object Repository/Modulo Tarea Administracion Compensacion/Descargar Nomina Electronica/a_Generar_secundario' is clicked on

2021-11-22 09:29:38 - [MESSAGE][PASSED] - Object: 'Object Repository/Modulo Tarea Administracion Compensacion/Descargar Nomina Electronica/a_Generar_secundario' is clicked on

2021-11-22 09:29:38 - [TEST_STEP][PASSED] - setText(findTestObject("Modulo Tarea Administracion Compensacion/Descargar Nomina Electronica/input_Estado_j_idt90j_idt119"), "Mendoza 2727 Empleado"): Text 'Mendoza 2727 Empleado' is set on object 'Object Repository/Modulo Tarea Administracion Compensacion/Descargar Nomina Electronica/input_Estado_j_idt90j_idt119'

2021-11-22 09:29:53 - [MESSAGE][PASSED] - Text 'Mendoza 2727 Empleado' is set on object 'Object Repository/Modulo Tarea Administracion Compensacion/Descargar Nomina Electronica/input_Estado_j_idt90j_idt119'

2021-11-22 09:29:53 - [TEST_STEP][PASSED] - sendKeys(findTestObject("Modulo Tarea Administracion Compensacion/Descargar Nomina Electronica/input_Estado_j_idt90j_idt119"), Keys.chord(ENTER)): Keys 'ENTER + ' sent to object: 'Object Repository/Modulo Tarea Administracion Compensacion/Descargar Nomina Electronica/input_Estado_j_idt90j_idt119'

2021-11-22 09:29:54 - [MESSAGE][PASSED] - Keys 'ENTER + ' sent to object: 'Object Repository/Modulo Tarea Administracion Compensacion/Descargar Nomina Electronica/input_Estado_j_idt90j_idt119'

2021-11-22 09:29:54 - [TEST_STEP][PASSED] - waitForElementClickable(findTestObject("Modulo Tarea Administracion Compensacion/Descargar Nomina Electronica/Page_SARA/span_Mendoza 2727 Empleado"), 0): Object 'Object Repository/Modulo Tarea Administracion Compensacion/Descargar Nomina Electronica/Page_SARA/span_Mendoza 2727 Empleado' is clickable

2021-11-22 09:29:54 - [MESSAGE][WARNING] - Timeout '0' is invalid. Using default page load timeout: '30'

2021-11-22 09:29:55 - [MESSAGE][PASSED] - Object 'Object Repository/Modulo Tarea Administracion Compensacion/Descargar Nomina Electronica/Page_SARA/span_Mendoza 2727 Empleado' is clickable

2021-11-22 09:29:55 - [TEST_STEP][PASSED] - click(findTestObject("Modulo Tarea Administracion Compensacion/Descargar Nomina Electronica/Page_SARA/span_Mendoza 2727 Empleado")): Object: 'Object Repository/Modulo Tarea Administracion Compensacion/Descargar Nomina Electronica/Page_SARA/span_Mendoza 2727 Empleado' is clicked on

2021-11-22 09:29:55 - [MESSAGE][PASSED] - Object: 'Object Repository/Modulo Tarea Administracion Compensacion/Descargar Nomina Electronica/Page_SARA/span_Mendoza 2727 Empleado' is clicked on

2021-11-22 09:29:55 - [TEST_STEP][PASSED] - click(findTestObject("Modulo Tarea Administracion Compensacion/Descargar Nomina Electronica/Page_SARA/a_Descargar1")): Object: 'Object Repository/Modulo Tarea Administracion Compensacion/Descargar Nomina Electronica/Page_SARA/a_Descargar1' is clicked on

2021-11-22 09:29:56 - [MESSAGE][PASSED] - Object: 'Object Repository/Modulo Tarea Administracion Compensacion/Descargar Nomina Electronica/Page_SARA/a_Descargar1' is clicked on

2021-11-22 09:29:56 - [TEST_STEP][PASSED] - waitForElementClickable(findTestObject("Modulo Tarea Administracion Compensacion/Descargar Nomina Electronica/Page_SARA/span_Si"), 0): Object 'Object Repository/Modulo Tarea Administracion Compensacion/Descargar Nomina Electronica/Page_SARA/span_Si' is clickable

2021-11-22 09:29:56 - [MESSAGE][WARNING] - Timeout '0' is invalid. Using default page load timeout: '30'

2021-11-22 09:29:57 - [MESSAGE][PASSED] - Object 'Object Repository/Modulo Tarea Administracion Compensacion/Descargar Nomina Electronica/Page_SARA/span_Si' is clickable

2021-11-22 09:29:57 - [TEST_STEP][PASSED] - click(findTestObject("Modulo Tarea Administracion Compensacion/Descargar Nomina Electronica/Page_SARA/span_Si")): Object: 'Object Repository/Modulo Tarea Administracion Compensacion/Descargar Nomina Electronica/Page_SARA/span_Si' is clicked on

2021-11-22 09:29:59 - [MESSAGE][PASSED] - Object: 'Object Repository/Modulo Tarea Administracion Compensacion/Descargar Nomina Electronica/Page_SARA/span_Si' is clicked on

2021-11-22 09:29:59 - [TEST_STEP][PASSED] - waitForElementClickable(findTestObject("Modulo Tarea Administracion Compensacion/Descargar Nomina Electronica/Page_SARA/a_Descargar2"), 0): Object 'Object Repository/Modulo Tarea Administracion Compensacion/Descargar Nomina Electronica/Page_SARA/a_Descargar2' is clickable

2021-11-22 09:29:59 - [MESSAGE][WARNING] - Timeout '0' is invalid. Using default page load timeout: '30'

2021-11-22 09:29:59 - [MESSAGE][PASSED] - Object 'Object Repository/Modulo Tarea Administracion Compensacion/Descargar Nomina Electronica/Page_SARA/a_Descargar2' is clickable

2021-11-22 09:29:59 - [TEST_STEP][PASSED] - click(findTestObject("Modulo Tarea Administracion Compensacion/Descargar Nomina Electronica/Page_SARA/a_Descargar2")): Object: 'Object Repository/Modulo Tarea Administracion Compensacion/Descargar Nomina Electronica/Page_SARA/a_Descargar2' is clicked on

2021-11-22 09:30:00 - [MESSAGE][PASSED] - Object: 'Object Repository/Modulo Tarea Administracion Compensacion/Descargar Nomina Electronica/Page_SARA/a_Descargar2' is clicked on

2021-11-22 09:30:00 - [TEST_STEP][PASSED] - delay(2): Delayed 2 second(s)

2021-11-22 09:30:02 - [MESSAGE][PASSED] - Delayed 2 second(s)

2021-11-22 09:30:02 - [TEST_STEP][PASSED] - closeBrowser(): Browser is closed

2021-11-22 09:30:03 - [MESSAGE][PASSED] - Browser is closed]]></system-out>
         <system-err><![CDATA[]]></system-err>
      </testcase>
      <testcase name="Test Cases/1.1-Tareas Principales/1.5.8 Reversar Nomina Electronica" time="19.337" classname="Test Cases/1.1-Tareas Principales/1.5.8 Reversar Nomina Electronica" status="PASSED">
         <system-out><![CDATA[2021-11-22 09:30:03 - [TEST_CASE][PASSED] - Test Cases/1.1-Tareas Principales/1.5.8 Reversar Nomina Electronica: Test Cases/1.1-Tareas Principales/1.5.8 Reversar Nomina Electronica

2021-11-22 09:30:03 - [TEST_STEP][PASSED] - callTestCase(findTestCase("0.1-Login"), [:], STOP_ON_FAILURE): Call Test Case 'Test Cases/0.1-Login' successfully

2021-11-22 09:30:03 - [TEST_CASE][PASSED] - Test Cases/0.1-Login: Test Cases/0.1-Login

2021-11-22 09:30:03 - [TEST_STEP][PASSED] - openBrowser(""): Browser is opened with url: ''

2021-11-22 09:30:03 - [MESSAGE][INFO] - Starting 'Edge Chromium' driver

2021-11-22 09:30:05 - [MESSAGE][INFO] - Action delay is set to 0 milliseconds

2021-11-22 09:30:06 - [MESSAGE][PASSED] - Browser is opened with url: ''

2021-11-22 09:30:06 - [TEST_STEP][PASSED] - maximizeWindow(): Current window maximized

2021-11-22 09:30:06 - [MESSAGE][PASSED] - Current window maximized

2021-11-22 09:30:06 - [TEST_STEP][PASSED] - i = G_Login: null

2021-11-22 09:30:06 - [TEST_STEP][PASSED] - url = new java.net.URL(i): null

2021-11-22 09:30:06 - [TEST_STEP][PASSED] - println("URL: " + url.toString()): null

2021-11-22 09:30:06 - [TEST_STEP][PASSED] - connection = url.openConnection(): null

2021-11-22 09:30:06 - [TEST_STEP][PASSED] - connection.setRequestMethod("GET"): null

2021-11-22 09:30:06 - [TEST_STEP][PASSED] - connection.setReadTimeout(2 * 1000): null

2021-11-22 09:30:06 - [TEST_STEP][PASSED] - try: null

2021-11-22 09:30:06 - [TEST_STEP][PASSED] - connection.connect(): null

2021-11-22 09:30:06 - [TEST_STEP][PASSED] - flag = connected: null

2021-11-22 09:30:06 - [TEST_STEP][PASSED] - println("Valor_ori: " + flag): null

2021-11-22 09:30:06 - [TEST_STEP][PASSED] - if (flag): null

2021-11-22 09:30:06 - [TEST_STEP][PASSED] - navigateToUrl(i): Navigate to 'http://localhost:8380/saraweb/' successfully

2021-11-22 09:30:08 - [MESSAGE][PASSED] - Navigate to 'http://localhost:8380/saraweb/' successfully

2021-11-22 09:30:08 - [TEST_STEP][PASSED] - a(): null

2021-11-22 09:30:08 - [TEST_STEP][PASSED] - setText(findTestObject("Login/input_USUARIO_loginusuario"), G_Usuario): Text 'saraadmin' is set on object 'Object Repository/Login/input_USUARIO_loginusuario'

2021-11-22 09:30:08 - [MESSAGE][PASSED] - Text 'saraadmin' is set on object 'Object Repository/Login/input_USUARIO_loginusuario'

2021-11-22 09:30:08 - [TEST_STEP][PASSED] - setEncryptedText(findTestObject("Login/input_CLAVE_loginpassword"), "MkG4/TYiCFC3cb2driP7+Q=="): Text ****** has been set on object 'Object Repository/Login/input_CLAVE_loginpassword'

2021-11-22 09:30:09 - [MESSAGE][PASSED] - Text ****** has been set on object 'Object Repository/Login/input_CLAVE_loginpassword'

2021-11-22 09:30:09 - [TEST_STEP][PASSED] - waitForElementClickable(findTestObject("Login/a_Ingresar"), G_TimeOut): Object 'Object Repository/Login/a_Ingresar' is clickable

2021-11-22 09:30:09 - [MESSAGE][PASSED] - Object 'Object Repository/Login/a_Ingresar' is clickable

2021-11-22 09:30:09 - [TEST_STEP][PASSED] - click(findTestObject("Login/a_Ingresar")): Object: 'Object Repository/Login/a_Ingresar' is clicked on

2021-11-22 09:30:12 - [MESSAGE][PASSED] - Object: 'Object Repository/Login/a_Ingresar' is clicked on

2021-11-22 09:30:12 - [TEST_STEP][PASSED] - element = findWebElement(findTestObject("Login/a_Ir"), 30): null

2021-11-22 09:30:13 - [TEST_STEP][PASSED] - executeJavaScript("arguments[0].click()", Arrays.asList(element)): Execute JavaScript 'arguments[0].click()' successfully

2021-11-22 09:30:13 - [MESSAGE][PASSED] - Execute JavaScript 'arguments[0].click()' successfully

2021-11-22 09:30:13 - [MESSAGE][PASSED] - Call Test Case 'Test Cases/0.1-Login' successfully

2021-11-22 09:30:13 - [TEST_STEP][PASSED] - waitForElementClickable(findTestObject("Modulo Tarea Administracion Compensacion/Reversar Nomina Electronica/Page_SARA/input_Nomina Electronica_form_templatej_idt24_input"), 0): Object 'Object Repository/Modulo Tarea Administracion Compensacion/Reversar Nomina Electronica/Page_SARA/input_Nomina Electronica_form_templatej_idt24_input' is clickable

2021-11-22 09:30:13 - [MESSAGE][WARNING] - Timeout '0' is invalid. Using default page load timeout: '30'

2021-11-22 09:30:14 - [MESSAGE][PASSED] - Object 'Object Repository/Modulo Tarea Administracion Compensacion/Reversar Nomina Electronica/Page_SARA/input_Nomina Electronica_form_templatej_idt24_input' is clickable

2021-11-22 09:30:14 - [TEST_STEP][PASSED] - setText(findTestObject("Modulo Tarea Administracion Compensacion/Reversar Nomina Electronica/Page_SARA/input_Nomina Electronica_form_templatej_idt24_input"), "Nomina Electronica"): Text 'Nomina Electronica' is set on object 'Object Repository/Modulo Tarea Administracion Compensacion/Reversar Nomina Electronica/Page_SARA/input_Nomina Electronica_form_templatej_idt24_input'

2021-11-22 09:30:14 - [MESSAGE][PASSED] - Text 'Nomina Electronica' is set on object 'Object Repository/Modulo Tarea Administracion Compensacion/Reversar Nomina Electronica/Page_SARA/input_Nomina Electronica_form_templatej_idt24_input'

2021-11-22 09:30:14 - [TEST_STEP][PASSED] - waitForElementClickable(findTestObject("Modulo Tarea Administracion Compensacion/Reversar Nomina Electronica/Page_SARA/span_Nomina Electronica"), 0): Object 'Object Repository/Modulo Tarea Administracion Compensacion/Reversar Nomina Electronica/Page_SARA/span_Nomina Electronica' is clickable

2021-11-22 09:30:14 - [MESSAGE][WARNING] - Timeout '0' is invalid. Using default page load timeout: '30'

2021-11-22 09:30:16 - [MESSAGE][PASSED] - Object 'Object Repository/Modulo Tarea Administracion Compensacion/Reversar Nomina Electronica/Page_SARA/span_Nomina Electronica' is clickable

2021-11-22 09:30:16 - [TEST_STEP][PASSED] - sendKeys(findTestObject("Modulo Tarea Administracion Compensacion/Reversar Nomina Electronica/Page_SARA/input_Nomina Electronica_form_templatej_idt24_input"), Keys.chord(ENTER)): Keys 'ENTER + ' sent to object: 'Object Repository/Modulo Tarea Administracion Compensacion/Reversar Nomina Electronica/Page_SARA/input_Nomina Electronica_form_templatej_idt24_input'

2021-11-22 09:30:16 - [MESSAGE][PASSED] - Keys 'ENTER + ' sent to object: 'Object Repository/Modulo Tarea Administracion Compensacion/Reversar Nomina Electronica/Page_SARA/input_Nomina Electronica_form_templatej_idt24_input'

2021-11-22 09:30:16 - [TEST_STEP][PASSED] - waitForElementClickable(findTestObject("Modulo Tarea Administracion Compensacion/Reversar Nomina Electronica/Page_SARA/td_2021-07-01"), 0): Object 'Object Repository/Modulo Tarea Administracion Compensacion/Reversar Nomina Electronica/Page_SARA/td_2021-07-01' is clickable

2021-11-22 09:30:16 - [MESSAGE][WARNING] - Timeout '0' is invalid. Using default page load timeout: '30'

2021-11-22 09:30:17 - [MESSAGE][PASSED] - Object 'Object Repository/Modulo Tarea Administracion Compensacion/Reversar Nomina Electronica/Page_SARA/td_2021-07-01' is clickable

2021-11-22 09:30:17 - [TEST_STEP][PASSED] - click(findTestObject("Modulo Tarea Administracion Compensacion/Reversar Nomina Electronica/Page_SARA/td_2021-07-01")): Object: 'Object Repository/Modulo Tarea Administracion Compensacion/Reversar Nomina Electronica/Page_SARA/td_2021-07-01' is clicked on

2021-11-22 09:30:18 - [MESSAGE][PASSED] - Object: 'Object Repository/Modulo Tarea Administracion Compensacion/Reversar Nomina Electronica/Page_SARA/td_2021-07-01' is clicked on

2021-11-22 09:30:18 - [TEST_STEP][PASSED] - click(findTestObject("Modulo Tarea Administracion Compensacion/Reversar Nomina Electronica/Page_SARA/a_reversar")): Object: 'Object Repository/Modulo Tarea Administracion Compensacion/Reversar Nomina Electronica/Page_SARA/a_reversar' is clicked on

2021-11-22 09:30:19 - [MESSAGE][PASSED] - Object: 'Object Repository/Modulo Tarea Administracion Compensacion/Reversar Nomina Electronica/Page_SARA/a_reversar' is clicked on

2021-11-22 09:30:19 - [TEST_STEP][PASSED] - click(findTestObject("Modulo Tarea Administracion Compensacion/Reversar Nomina Electronica/Page_SARA/span_Si")): Object: 'Object Repository/Modulo Tarea Administracion Compensacion/Reversar Nomina Electronica/Page_SARA/span_Si' is clicked on

2021-11-22 09:30:21 - [MESSAGE][PASSED] - Object: 'Object Repository/Modulo Tarea Administracion Compensacion/Reversar Nomina Electronica/Page_SARA/span_Si' is clicked on

2021-11-22 09:30:21 - [TEST_STEP][PASSED] - closeBrowser(): Browser is closed

2021-11-22 09:30:22 - [MESSAGE][PASSED] - Browser is closed]]></system-out>
         <system-err><![CDATA[]]></system-err>
      </testcase>
      <testcase name="Test Cases/1.1-Tareas Principales/1.5.9 Crear Viáticos" time="85.985" classname="Test Cases/1.1-Tareas Principales/1.5.9 Crear Viáticos" status="PASSED">
         <system-out><![CDATA[2021-11-22 09:30:22 - [TEST_CASE][PASSED] - Test Cases/1.1-Tareas Principales/1.5.9 Crear Viáticos: Test Cases/1.1-Tareas Principales/1.5.9 Crear Viáticos

2021-11-22 09:30:22 - [TEST_STEP][PASSED] - callTestCase(findTestCase("0.1-Login"), [:], STOP_ON_FAILURE): Call Test Case 'Test Cases/0.1-Login' successfully

2021-11-22 09:30:22 - [TEST_CASE][PASSED] - Test Cases/0.1-Login: Test Cases/0.1-Login

2021-11-22 09:30:22 - [TEST_STEP][PASSED] - openBrowser(""): Browser is opened with url: ''

2021-11-22 09:30:22 - [MESSAGE][INFO] - Starting 'Edge Chromium' driver

2021-11-22 09:30:25 - [MESSAGE][INFO] - Action delay is set to 0 milliseconds

2021-11-22 09:30:25 - [MESSAGE][PASSED] - Browser is opened with url: ''

2021-11-22 09:30:25 - [TEST_STEP][PASSED] - maximizeWindow(): Current window maximized

2021-11-22 09:30:26 - [MESSAGE][PASSED] - Current window maximized

2021-11-22 09:30:26 - [TEST_STEP][PASSED] - i = G_Login: null

2021-11-22 09:30:26 - [TEST_STEP][PASSED] - url = new java.net.URL(i): null

2021-11-22 09:30:26 - [TEST_STEP][PASSED] - println("URL: " + url.toString()): null

2021-11-22 09:30:26 - [TEST_STEP][PASSED] - connection = url.openConnection(): null

2021-11-22 09:30:26 - [TEST_STEP][PASSED] - connection.setRequestMethod("GET"): null

2021-11-22 09:30:26 - [TEST_STEP][PASSED] - connection.setReadTimeout(2 * 1000): null

2021-11-22 09:30:26 - [TEST_STEP][PASSED] - try: null

2021-11-22 09:30:26 - [TEST_STEP][PASSED] - connection.connect(): null

2021-11-22 09:30:26 - [TEST_STEP][PASSED] - flag = connected: null

2021-11-22 09:30:26 - [TEST_STEP][PASSED] - println("Valor_ori: " + flag): null

2021-11-22 09:30:26 - [TEST_STEP][PASSED] - if (flag): null

2021-11-22 09:30:26 - [TEST_STEP][PASSED] - navigateToUrl(i): Navigate to 'http://localhost:8380/saraweb/' successfully

2021-11-22 09:30:28 - [MESSAGE][PASSED] - Navigate to 'http://localhost:8380/saraweb/' successfully

2021-11-22 09:30:28 - [TEST_STEP][PASSED] - a(): null

2021-11-22 09:30:28 - [TEST_STEP][PASSED] - setText(findTestObject("Login/input_USUARIO_loginusuario"), G_Usuario): Text 'saraadmin' is set on object 'Object Repository/Login/input_USUARIO_loginusuario'

2021-11-22 09:30:28 - [MESSAGE][PASSED] - Text 'saraadmin' is set on object 'Object Repository/Login/input_USUARIO_loginusuario'

2021-11-22 09:30:28 - [TEST_STEP][PASSED] - setEncryptedText(findTestObject("Login/input_CLAVE_loginpassword"), "MkG4/TYiCFC3cb2driP7+Q=="): Text ****** has been set on object 'Object Repository/Login/input_CLAVE_loginpassword'

2021-11-22 09:30:29 - [MESSAGE][PASSED] - Text ****** has been set on object 'Object Repository/Login/input_CLAVE_loginpassword'

2021-11-22 09:30:29 - [TEST_STEP][PASSED] - waitForElementClickable(findTestObject("Login/a_Ingresar"), G_TimeOut): Object 'Object Repository/Login/a_Ingresar' is clickable

2021-11-22 09:30:29 - [MESSAGE][PASSED] - Object 'Object Repository/Login/a_Ingresar' is clickable

2021-11-22 09:30:29 - [TEST_STEP][PASSED] - click(findTestObject("Login/a_Ingresar")): Object: 'Object Repository/Login/a_Ingresar' is clicked on

2021-11-22 09:30:32 - [MESSAGE][PASSED] - Object: 'Object Repository/Login/a_Ingresar' is clicked on

2021-11-22 09:30:32 - [TEST_STEP][PASSED] - element = findWebElement(findTestObject("Login/a_Ir"), 30): null

2021-11-22 09:30:33 - [TEST_STEP][PASSED] - executeJavaScript("arguments[0].click()", Arrays.asList(element)): Execute JavaScript 'arguments[0].click()' successfully

2021-11-22 09:30:33 - [MESSAGE][PASSED] - Execute JavaScript 'arguments[0].click()' successfully

2021-11-22 09:30:33 - [MESSAGE][PASSED] - Call Test Case 'Test Cases/0.1-Login' successfully

2021-11-22 09:30:33 - [TEST_STEP][PASSED] - waitForElementClickable(findTestObject("Modulo Actos Administrativos/Modulo Viáticos/Crear viatico/Page_SARA/input_ADMINISTRADOR DEL SISTEMA - SARA_form_templatej_idt24_input"), 0): Object 'Object Repository/Modulo Actos Administrativos/Modulo Viáticos/Crear viatico/Page_SARA/input_ADMINISTRADOR DEL SISTEMA - SARA_form_templatej_idt24_input' is clickable

2021-11-22 09:30:33 - [MESSAGE][WARNING] - Timeout '0' is invalid. Using default page load timeout: '30'

2021-11-22 09:30:34 - [MESSAGE][PASSED] - Object 'Object Repository/Modulo Actos Administrativos/Modulo Viáticos/Crear viatico/Page_SARA/input_ADMINISTRADOR DEL SISTEMA - SARA_form_templatej_idt24_input' is clickable

2021-11-22 09:30:34 - [TEST_STEP][PASSED] - setText(findTestObject("Modulo Actos Administrativos/Modulo Viáticos/Crear viatico/Page_SARA/input_ADMINISTRADOR DEL SISTEMA - SARA_form_templatej_idt24_input"), "listado de viaticos"): Text 'listado de viaticos' is set on object 'Object Repository/Modulo Actos Administrativos/Modulo Viáticos/Crear viatico/Page_SARA/input_ADMINISTRADOR DEL SISTEMA - SARA_form_templatej_idt24_input'

2021-11-22 09:30:34 - [MESSAGE][PASSED] - Text 'listado de viaticos' is set on object 'Object Repository/Modulo Actos Administrativos/Modulo Viáticos/Crear viatico/Page_SARA/input_ADMINISTRADOR DEL SISTEMA - SARA_form_templatej_idt24_input'

2021-11-22 09:30:34 - [TEST_STEP][PASSED] - waitForElementClickable(findTestObject("Modulo Actos Administrativos/Modulo Viáticos/Crear viatico/Page_SARA/li_Listado de Viaticos (act)"), 0): Object 'Object Repository/Modulo Actos Administrativos/Modulo Viáticos/Crear viatico/Page_SARA/li_Listado de Viaticos (act)' is clickable

2021-11-22 09:30:34 - [MESSAGE][WARNING] - Timeout '0' is invalid. Using default page load timeout: '30'

2021-11-22 09:30:36 - [MESSAGE][PASSED] - Object 'Object Repository/Modulo Actos Administrativos/Modulo Viáticos/Crear viatico/Page_SARA/li_Listado de Viaticos (act)' is clickable

2021-11-22 09:30:36 - [TEST_STEP][PASSED] - sendKeys(findTestObject("Modulo Actos Administrativos/Modulo Viáticos/Crear viatico/Page_SARA/input_ADMINISTRADOR DEL SISTEMA - SARA_form_templatej_idt24_input"), Keys.chord(ENTER)): Keys 'ENTER + ' sent to object: 'Object Repository/Modulo Actos Administrativos/Modulo Viáticos/Crear viatico/Page_SARA/input_ADMINISTRADOR DEL SISTEMA - SARA_form_templatej_idt24_input'

2021-11-22 09:30:36 - [MESSAGE][PASSED] - Keys 'ENTER + ' sent to object: 'Object Repository/Modulo Actos Administrativos/Modulo Viáticos/Crear viatico/Page_SARA/input_ADMINISTRADOR DEL SISTEMA - SARA_form_templatej_idt24_input'

2021-11-22 09:30:36 - [TEST_STEP][PASSED] - selectOptionByIndex(findTestObject("Modulo Actos Administrativos/Modulo Viáticos/Crear viatico/select_--Seleccione--Estado"), 2): All options with index in [2] are selected on object 'Object Repository/Modulo Actos Administrativos/Modulo Viáticos/Crear viatico/select_--Seleccione--Estado'

2021-11-22 09:30:39 - [MESSAGE][PASSED] - All options with index in [2] are selected on object 'Object Repository/Modulo Actos Administrativos/Modulo Viáticos/Crear viatico/select_--Seleccione--Estado'

2021-11-22 09:30:39 - [TEST_STEP][PASSED] - if (waitForElementClickable(findTestObject("Modulo Actos Administrativos/Modulo Viáticos/Crear viatico/span_01.07.2021"), 1)): Web element with id: 'Object Repository/Modulo Actos Administrativos/Modulo Viáticos/Crear viatico/span_01.07.2021' located by '//*/text()[normalize-space(.)='01/07/2021']/parent::*' not found

2021-11-22 09:30:41 - [MESSAGE][INFO] - Unable to find the element located by 'By.xpath: //*/text()[normalize-space(.)='01/07/2021']/parent::*'. Please recheck the objects properties to make sure the desired element is located. 

2021-11-22 09:30:41 - [MESSAGE][WARNING] - Web element with id: 'Object Repository/Modulo Actos Administrativos/Modulo Viáticos/Crear viatico/span_01.07.2021' located by '//*/text()[normalize-space(.)='01/07/2021']/parent::*' not found

2021-11-22 09:30:41 - [TEST_STEP][PASSED] - else: Text of object 'Object Repository/Alerta/Alerta' is: 'Se Ingreso anexo exitosamente'

2021-11-22 09:30:41 - [TEST_STEP][PASSED] - click(findTestObject("Modulo Actos Administrativos/Modulo Viáticos/Crear viatico/Page_SARA/a_Nuevo")): Object: 'Object Repository/Modulo Actos Administrativos/Modulo Viáticos/Crear viatico/Page_SARA/a_Nuevo' is clicked on

2021-11-22 09:30:41 - [MESSAGE][PASSED] - Object: 'Object Repository/Modulo Actos Administrativos/Modulo Viáticos/Crear viatico/Page_SARA/a_Nuevo' is clicked on

2021-11-22 09:30:41 - [TEST_STEP][PASSED] - waitForElementClickable(findTestObject("Modulo Actos Administrativos/Modulo Viáticos/Crear viatico/Page_SARA/span_Creacin de una solicitud de vitico"), 0): Object 'Object Repository/Modulo Actos Administrativos/Modulo Viáticos/Crear viatico/Page_SARA/span_Creacin de una solicitud de vitico' is clickable

2021-11-22 09:30:41 - [MESSAGE][WARNING] - Timeout '0' is invalid. Using default page load timeout: '30'

2021-11-22 09:30:42 - [MESSAGE][PASSED] - Object 'Object Repository/Modulo Actos Administrativos/Modulo Viáticos/Crear viatico/Page_SARA/span_Creacin de una solicitud de vitico' is clickable

2021-11-22 09:30:42 - [TEST_STEP][PASSED] - doubleClick(findTestObject("Modulo Actos Administrativos/Modulo Viáticos/Crear viatico/Page_SARA/span_Creacin de una solicitud de vitico")): Object: 'Object Repository/Modulo Actos Administrativos/Modulo Viáticos/Crear viatico/Page_SARA/span_Creacin de una solicitud de vitico' is double clicked on

2021-11-22 09:30:42 - [MESSAGE][PASSED] - Object: 'Object Repository/Modulo Actos Administrativos/Modulo Viáticos/Crear viatico/Page_SARA/span_Creacin de una solicitud de vitico' is double clicked on

2021-11-22 09:30:42 - [TEST_STEP][PASSED] - setText(findTestObject("Modulo Actos Administrativos/Modulo Viáticos/Crear viatico/Page_SARA/input_Fecha_form_detalleviaticosFechaNumero_input"), "01/07/2021"): Text '01/07/2021' is set on object 'Object Repository/Modulo Actos Administrativos/Modulo Viáticos/Crear viatico/Page_SARA/input_Fecha_form_detalleviaticosFechaNumero_input'

2021-11-22 09:30:46 - [MESSAGE][PASSED] - Text '01/07/2021' is set on object 'Object Repository/Modulo Actos Administrativos/Modulo Viáticos/Crear viatico/Page_SARA/input_Fecha_form_detalleviaticosFechaNumero_input'

2021-11-22 09:30:46 - [TEST_STEP][PASSED] - setText(findTestObject("Modulo Actos Administrativos/Modulo Viáticos/Crear viatico/Page_SARA/input_Nmero_form_detalleviaticosNumero"), "5"): Text '5' is set on object 'Object Repository/Modulo Actos Administrativos/Modulo Viáticos/Crear viatico/Page_SARA/input_Nmero_form_detalleviaticosNumero'

2021-11-22 09:30:47 - [MESSAGE][PASSED] - Text '5' is set on object 'Object Repository/Modulo Actos Administrativos/Modulo Viáticos/Crear viatico/Page_SARA/input_Nmero_form_detalleviaticosNumero'

2021-11-22 09:30:47 - [TEST_STEP][PASSED] - sendKeys(findTestObject("Modulo Actos Administrativos/Modulo Viáticos/Crear viatico/Page_SARA/input_Fecha_form_detalleviaticosFechaNumero_input"), Keys.chord(ESCAPE)): Keys 'ESCAPE + ' sent to object: 'Object Repository/Modulo Actos Administrativos/Modulo Viáticos/Crear viatico/Page_SARA/input_Fecha_form_detalleviaticosFechaNumero_input'

2021-11-22 09:30:47 - [MESSAGE][PASSED] - Keys 'ESCAPE + ' sent to object: 'Object Repository/Modulo Actos Administrativos/Modulo Viáticos/Crear viatico/Page_SARA/input_Fecha_form_detalleviaticosFechaNumero_input'

2021-11-22 09:30:47 - [TEST_STEP][PASSED] - selectOptionByIndex(findTestObject("Modulo Actos Administrativos/Modulo Viáticos/Crear viatico/Page_SARA/select_--- Seleccione Destino --Barranquilla"), "3"): All options with index in [3] are selected on object 'Object Repository/Modulo Actos Administrativos/Modulo Viáticos/Crear viatico/Page_SARA/select_--- Seleccione Destino --Barranquilla'

2021-11-22 09:30:48 - [MESSAGE][PASSED] - All options with index in [3] are selected on object 'Object Repository/Modulo Actos Administrativos/Modulo Viáticos/Crear viatico/Page_SARA/select_--- Seleccione Destino --Barranquilla'

2021-11-22 09:30:48 - [TEST_STEP][PASSED] - waitForElementClickable(findTestObject("Modulo Actos Administrativos/Modulo Viáticos/Crear viatico/Page_SARA/select_-- Seleccione Tipo Comisin --ADMINISTRATIVO"), 0): Object 'Object Repository/Modulo Actos Administrativos/Modulo Viáticos/Crear viatico/Page_SARA/select_-- Seleccione Tipo Comisin --ADMINISTRATIVO' is clickable

2021-11-22 09:30:48 - [MESSAGE][WARNING] - Timeout '0' is invalid. Using default page load timeout: '30'

2021-11-22 09:30:49 - [MESSAGE][PASSED] - Object 'Object Repository/Modulo Actos Administrativos/Modulo Viáticos/Crear viatico/Page_SARA/select_-- Seleccione Tipo Comisin --ADMINISTRATIVO' is clickable

2021-11-22 09:30:49 - [TEST_STEP][PASSED] - selectOptionByIndex(findTestObject("Modulo Actos Administrativos/Modulo Viáticos/Crear viatico/Page_SARA/select_-- Seleccione Tipo Comisin --ADMINISTRATIVO"), "1"): All options with index in [1] are selected on object 'Object Repository/Modulo Actos Administrativos/Modulo Viáticos/Crear viatico/Page_SARA/select_-- Seleccione Tipo Comisin --ADMINISTRATIVO'

2021-11-22 09:30:50 - [MESSAGE][PASSED] - All options with index in [1] are selected on object 'Object Repository/Modulo Actos Administrativos/Modulo Viáticos/Crear viatico/Page_SARA/select_-- Seleccione Tipo Comisin --ADMINISTRATIVO'

2021-11-22 09:30:50 - [TEST_STEP][PASSED] - waitForElementClickable(findTestObject("Modulo Actos Administrativos/Modulo Viáticos/Crear viatico/Page_SARA/select_-- Seleccione Tipo Comisin --ADMINISTRATIVO"), 0): Object 'Object Repository/Modulo Actos Administrativos/Modulo Viáticos/Crear viatico/Page_SARA/select_-- Seleccione Tipo Comisin --ADMINISTRATIVO' is clickable

2021-11-22 09:30:50 - [MESSAGE][WARNING] - Timeout '0' is invalid. Using default page load timeout: '30'

2021-11-22 09:30:50 - [MESSAGE][PASSED] - Object 'Object Repository/Modulo Actos Administrativos/Modulo Viáticos/Crear viatico/Page_SARA/select_-- Seleccione Tipo Comisin --ADMINISTRATIVO' is clickable

2021-11-22 09:30:50 - [TEST_STEP][PASSED] - selectOptionByIndex(findTestObject("Modulo Actos Administrativos/Modulo Viáticos/Crear viatico/Page_SARA/select_--- Seleccione Ambito --NACIONAL 1"), "3"): All options with index in [3] are selected on object 'Object Repository/Modulo Actos Administrativos/Modulo Viáticos/Crear viatico/Page_SARA/select_--- Seleccione Ambito --NACIONAL 1'

2021-11-22 09:30:51 - [MESSAGE][PASSED] - All options with index in [3] are selected on object 'Object Repository/Modulo Actos Administrativos/Modulo Viáticos/Crear viatico/Page_SARA/select_--- Seleccione Ambito --NACIONAL 1'

2021-11-22 09:30:51 - [TEST_STEP][PASSED] - click(findTestObject("Modulo Actos Administrativos/Modulo Viáticos/Crear viatico/Page_SARA/a_Rubro_form_detalleviaticosj_idt1295")): Object: 'Object Repository/Modulo Actos Administrativos/Modulo Viáticos/Crear viatico/Page_SARA/a_Rubro_form_detalleviaticosj_idt1295' is clicked on

2021-11-22 09:30:52 - [MESSAGE][PASSED] - Object: 'Object Repository/Modulo Actos Administrativos/Modulo Viáticos/Crear viatico/Page_SARA/a_Rubro_form_detalleviaticosj_idt1295' is clicked on

2021-11-22 09:30:52 - [TEST_STEP][PASSED] - waitForElementClickable(findTestObject("Modulo Actos Administrativos/Modulo Viáticos/Crear viatico/Page_SARA/td_Prueba Plan Inversin"), 0): Object 'Object Repository/Modulo Actos Administrativos/Modulo Viáticos/Crear viatico/Page_SARA/td_Prueba Plan Inversin' is clickable

2021-11-22 09:30:52 - [MESSAGE][WARNING] - Timeout '0' is invalid. Using default page load timeout: '30'

2021-11-22 09:30:54 - [MESSAGE][PASSED] - Object 'Object Repository/Modulo Actos Administrativos/Modulo Viáticos/Crear viatico/Page_SARA/td_Prueba Plan Inversin' is clickable

2021-11-22 09:30:54 - [TEST_STEP][PASSED] - click(findTestObject("Modulo Actos Administrativos/Modulo Viáticos/Crear viatico/Page_SARA/td_Prueba Plan Inversin")): Object: 'Object Repository/Modulo Actos Administrativos/Modulo Viáticos/Crear viatico/Page_SARA/td_Prueba Plan Inversin' is clicked on

2021-11-22 09:30:54 - [MESSAGE][PASSED] - Object: 'Object Repository/Modulo Actos Administrativos/Modulo Viáticos/Crear viatico/Page_SARA/td_Prueba Plan Inversin' is clicked on

2021-11-22 09:30:54 - [TEST_STEP][PASSED] - click(findTestObject("Modulo Actos Administrativos/Modulo Viáticos/Crear viatico/Page_SARA/a_Unidad Solicita_form_detalleviaticosj_idt1299")): Object: 'Object Repository/Modulo Actos Administrativos/Modulo Viáticos/Crear viatico/Page_SARA/a_Unidad Solicita_form_detalleviaticosj_idt1299' is clicked on

2021-11-22 09:30:55 - [MESSAGE][PASSED] - Object: 'Object Repository/Modulo Actos Administrativos/Modulo Viáticos/Crear viatico/Page_SARA/a_Unidad Solicita_form_detalleviaticosj_idt1299' is clicked on

2021-11-22 09:30:55 - [TEST_STEP][PASSED] - waitForElementClickable(findTestObject("Modulo Actos Administrativos/Modulo Viáticos/Crear viatico/Page_SARA/input_Unidad_form_detalleviaticosj_idt1487"), 0): Object 'Object Repository/Modulo Actos Administrativos/Modulo Viáticos/Crear viatico/Page_SARA/input_Unidad_form_detalleviaticosj_idt1487' is clickable

2021-11-22 09:30:55 - [MESSAGE][WARNING] - Timeout '0' is invalid. Using default page load timeout: '30'

2021-11-22 09:30:55 - [MESSAGE][PASSED] - Object 'Object Repository/Modulo Actos Administrativos/Modulo Viáticos/Crear viatico/Page_SARA/input_Unidad_form_detalleviaticosj_idt1487' is clickable

2021-11-22 09:30:55 - [TEST_STEP][PASSED] - setText(findTestObject("Modulo Actos Administrativos/Modulo Viáticos/Crear viatico/Page_SARA/input_Unidad_form_detalleviaticosj_idt1487"), "A1"): Text 'A1' is set on object 'Object Repository/Modulo Actos Administrativos/Modulo Viáticos/Crear viatico/Page_SARA/input_Unidad_form_detalleviaticosj_idt1487'

2021-11-22 09:30:56 - [MESSAGE][PASSED] - Text 'A1' is set on object 'Object Repository/Modulo Actos Administrativos/Modulo Viáticos/Crear viatico/Page_SARA/input_Unidad_form_detalleviaticosj_idt1487'

2021-11-22 09:30:56 - [TEST_STEP][PASSED] - sendKeys(findTestObject("Modulo Actos Administrativos/Modulo Viáticos/Crear viatico/Page_SARA/input_Unidad_form_detalleviaticosj_idt1487"), Keys.chord(ENTER)): Keys 'ENTER + ' sent to object: 'Object Repository/Modulo Actos Administrativos/Modulo Viáticos/Crear viatico/Page_SARA/input_Unidad_form_detalleviaticosj_idt1487'

2021-11-22 09:30:57 - [MESSAGE][PASSED] - Keys 'ENTER + ' sent to object: 'Object Repository/Modulo Actos Administrativos/Modulo Viáticos/Crear viatico/Page_SARA/input_Unidad_form_detalleviaticosj_idt1487'

2021-11-22 09:30:57 - [TEST_STEP][PASSED] - waitForElementClickable(findTestObject("Modulo Actos Administrativos/Modulo Viáticos/Crear viatico/Page_SARA/span_ADMINISTRACION"), 0): Object 'Object Repository/Modulo Actos Administrativos/Modulo Viáticos/Crear viatico/Page_SARA/span_ADMINISTRACION' is clickable

2021-11-22 09:30:57 - [MESSAGE][WARNING] - Timeout '0' is invalid. Using default page load timeout: '30'

2021-11-22 09:30:58 - [MESSAGE][PASSED] - Object 'Object Repository/Modulo Actos Administrativos/Modulo Viáticos/Crear viatico/Page_SARA/span_ADMINISTRACION' is clickable

2021-11-22 09:30:58 - [TEST_STEP][PASSED] - click(findTestObject("Modulo Actos Administrativos/Modulo Viáticos/Crear viatico/Page_SARA/span_ADMINISTRACION")): Object: 'Object Repository/Modulo Actos Administrativos/Modulo Viáticos/Crear viatico/Page_SARA/span_ADMINISTRACION' is clicked on

2021-11-22 09:30:59 - [MESSAGE][PASSED] - Object: 'Object Repository/Modulo Actos Administrativos/Modulo Viáticos/Crear viatico/Page_SARA/span_ADMINISTRACION' is clicked on

2021-11-22 09:30:59 - [TEST_STEP][PASSED] - waitForElementClickable(findTestObject("Modulo Actos Administrativos/Modulo Viáticos/Crear viatico/Page_SARA/a_Centro Costo_form_detalleviaticosj_idt1307"), 0): Object 'Object Repository/Modulo Actos Administrativos/Modulo Viáticos/Crear viatico/Page_SARA/a_Centro Costo_form_detalleviaticosj_idt1307' is clickable

2021-11-22 09:30:59 - [MESSAGE][WARNING] - Timeout '0' is invalid. Using default page load timeout: '30'

2021-11-22 09:30:59 - [MESSAGE][PASSED] - Object 'Object Repository/Modulo Actos Administrativos/Modulo Viáticos/Crear viatico/Page_SARA/a_Centro Costo_form_detalleviaticosj_idt1307' is clickable

2021-11-22 09:30:59 - [TEST_STEP][PASSED] - click(findTestObject("Modulo Actos Administrativos/Modulo Viáticos/Crear viatico/Page_SARA/a_Centro Costo_form_detalleviaticosj_idt1307")): Object: 'Object Repository/Modulo Actos Administrativos/Modulo Viáticos/Crear viatico/Page_SARA/a_Centro Costo_form_detalleviaticosj_idt1307' is clicked on

2021-11-22 09:31:00 - [MESSAGE][PASSED] - Object: 'Object Repository/Modulo Actos Administrativos/Modulo Viáticos/Crear viatico/Page_SARA/a_Centro Costo_form_detalleviaticosj_idt1307' is clicked on

2021-11-22 09:31:00 - [TEST_STEP][PASSED] - waitForElementClickable(findTestObject("Modulo Actos Administrativos/Modulo Viáticos/Crear viatico/Page_SARA/span_Centro Costo de Prueba"), 0): Object 'Object Repository/Modulo Actos Administrativos/Modulo Viáticos/Crear viatico/Page_SARA/span_Centro Costo de Prueba' is clickable

2021-11-22 09:31:00 - [MESSAGE][WARNING] - Timeout '0' is invalid. Using default page load timeout: '30'

2021-11-22 09:31:00 - [MESSAGE][PASSED] - Object 'Object Repository/Modulo Actos Administrativos/Modulo Viáticos/Crear viatico/Page_SARA/span_Centro Costo de Prueba' is clickable

2021-11-22 09:31:00 - [TEST_STEP][PASSED] - click(findTestObject("Modulo Actos Administrativos/Modulo Viáticos/Crear viatico/Page_SARA/span_Centro Costo de Prueba")): Object: 'Object Repository/Modulo Actos Administrativos/Modulo Viáticos/Crear viatico/Page_SARA/span_Centro Costo de Prueba' is clicked on

2021-11-22 09:31:01 - [MESSAGE][PASSED] - Object: 'Object Repository/Modulo Actos Administrativos/Modulo Viáticos/Crear viatico/Page_SARA/span_Centro Costo de Prueba' is clicked on

2021-11-22 09:31:01 - [TEST_STEP][PASSED] - waitForElementClickable(findTestObject("Modulo Actos Administrativos/Modulo Viáticos/Crear viatico/Page_SARA/textarea_Objeto_form_detalleviaticosObjeto"), 0): Object 'Object Repository/Modulo Actos Administrativos/Modulo Viáticos/Crear viatico/Page_SARA/textarea_Objeto_form_detalleviaticosObjeto' is clickable

2021-11-22 09:31:01 - [MESSAGE][WARNING] - Timeout '0' is invalid. Using default page load timeout: '30'

2021-11-22 09:31:02 - [MESSAGE][PASSED] - Object 'Object Repository/Modulo Actos Administrativos/Modulo Viáticos/Crear viatico/Page_SARA/textarea_Objeto_form_detalleviaticosObjeto' is clickable

2021-11-22 09:31:02 - [TEST_STEP][PASSED] - setText(findTestObject("Modulo Actos Administrativos/Modulo Viáticos/Crear viatico/Page_SARA/textarea_Objeto_form_detalleviaticosObjeto"), "prueba"): Text 'prueba' is set on object 'Object Repository/Modulo Actos Administrativos/Modulo Viáticos/Crear viatico/Page_SARA/textarea_Objeto_form_detalleviaticosObjeto'

2021-11-22 09:31:02 - [MESSAGE][PASSED] - Text 'prueba' is set on object 'Object Repository/Modulo Actos Administrativos/Modulo Viáticos/Crear viatico/Page_SARA/textarea_Objeto_form_detalleviaticosObjeto'

2021-11-22 09:31:02 - [TEST_STEP][PASSED] - selectAllOption(findTestObject("Modulo Actos Administrativos/Modulo Viáticos/Crear viatico/Page_SARA/select_-- Seleccione --BUITRAGO BUITRAGO ANDREA")): All options are selected on object 'Object Repository/Modulo Actos Administrativos/Modulo Viáticos/Crear viatico/Page_SARA/select_-- Seleccione --BUITRAGO BUITRAGO ANDREA'

2021-11-22 09:31:05 - [MESSAGE][PASSED] - All options are selected on object 'Object Repository/Modulo Actos Administrativos/Modulo Viáticos/Crear viatico/Page_SARA/select_-- Seleccione --BUITRAGO BUITRAGO ANDREA'

2021-11-22 09:31:05 - [TEST_STEP][PASSED] - selectAllOption(findTestObject("Modulo Actos Administrativos/Modulo Viáticos/Crear viatico/Page_SARA/select_-- Seleccione --COQUINTERO 5 EMPLEADO")): All options are selected on object 'Object Repository/Modulo Actos Administrativos/Modulo Viáticos/Crear viatico/Page_SARA/select_-- Seleccione --COQUINTERO 5 EMPLEADO'

2021-11-22 09:31:07 - [MESSAGE][PASSED] - All options are selected on object 'Object Repository/Modulo Actos Administrativos/Modulo Viáticos/Crear viatico/Page_SARA/select_-- Seleccione --COQUINTERO 5 EMPLEADO'

2021-11-22 09:31:07 - [TEST_STEP][PASSED] - setText(findTestObject("Modulo Actos Administrativos/Modulo Viáticos/Crear viatico/Page_SARA/textarea_Observacin_form_detalleviaticosObservacion"), "prueba"): Text 'prueba' is set on object 'Object Repository/Modulo Actos Administrativos/Modulo Viáticos/Crear viatico/Page_SARA/textarea_Observacin_form_detalleviaticosObservacion'

2021-11-22 09:31:08 - [MESSAGE][PASSED] - Text 'prueba' is set on object 'Object Repository/Modulo Actos Administrativos/Modulo Viáticos/Crear viatico/Page_SARA/textarea_Observacin_form_detalleviaticosObservacion'

2021-11-22 09:31:08 - [TEST_STEP][PASSED] - click(findTestObject("Modulo Actos Administrativos/Modulo Viáticos/Crear viatico/Page_SARA/a_Guardar")): Object: 'Object Repository/Modulo Actos Administrativos/Modulo Viáticos/Crear viatico/Page_SARA/a_Guardar' is clicked on

2021-11-22 09:31:08 - [MESSAGE][PASSED] - Object: 'Object Repository/Modulo Actos Administrativos/Modulo Viáticos/Crear viatico/Page_SARA/a_Guardar' is clicked on

2021-11-22 09:31:08 - [TEST_STEP][PASSED] - waitForElementClickable(findTestObject("Modulo Actos Administrativos/Modulo Viáticos/Crear viatico/Page_SARA/a_Programacin"), 0): Object 'Object Repository/Modulo Actos Administrativos/Modulo Viáticos/Crear viatico/Page_SARA/a_Programacin' is clickable

2021-11-22 09:31:08 - [MESSAGE][WARNING] - Timeout '0' is invalid. Using default page load timeout: '30'

2021-11-22 09:31:11 - [MESSAGE][PASSED] - Object 'Object Repository/Modulo Actos Administrativos/Modulo Viáticos/Crear viatico/Page_SARA/a_Programacin' is clickable

2021-11-22 09:31:11 - [TEST_STEP][PASSED] - click(findTestObject("Modulo Actos Administrativos/Modulo Viáticos/Crear viatico/Page_SARA/a_Programacin")): Object: 'Object Repository/Modulo Actos Administrativos/Modulo Viáticos/Crear viatico/Page_SARA/a_Programacin' is clicked on

2021-11-22 09:31:12 - [MESSAGE][PASSED] - Object: 'Object Repository/Modulo Actos Administrativos/Modulo Viáticos/Crear viatico/Page_SARA/a_Programacin' is clicked on

2021-11-22 09:31:12 - [TEST_STEP][PASSED] - waitForElementNotHasAttribute(findTestObject("Modulo Actos Administrativos/Modulo Viáticos/Crear viatico/Page_SARA/a_Nuevo2"), "", 0): Object 'Object Repository/Modulo Actos Administrativos/Modulo Viáticos/Crear viatico/Page_SARA/a_Nuevo2' does not have attribute ''

2021-11-22 09:31:12 - [MESSAGE][WARNING] - Timeout '0' is invalid. Using default page load timeout: '30'

2021-11-22 09:31:12 - [MESSAGE][PASSED] - Object 'Object Repository/Modulo Actos Administrativos/Modulo Viáticos/Crear viatico/Page_SARA/a_Nuevo2' does not have attribute ''

2021-11-22 09:31:12 - [TEST_STEP][PASSED] - click(findTestObject("Modulo Actos Administrativos/Modulo Viáticos/Crear viatico/Page_SARA/a_Nuevo2")): Object: 'Object Repository/Modulo Actos Administrativos/Modulo Viáticos/Crear viatico/Page_SARA/a_Nuevo2' is clicked on

2021-11-22 09:31:13 - [MESSAGE][PASSED] - Object: 'Object Repository/Modulo Actos Administrativos/Modulo Viáticos/Crear viatico/Page_SARA/a_Nuevo2' is clicked on

2021-11-22 09:31:13 - [TEST_STEP][PASSED] - waitForElementClickable(findTestObject("Modulo Actos Administrativos/Modulo Viáticos/Crear viatico/Page_SARA/a_Funcionario_form_popupprogramacionviaticospestaniasj_idt1559"), 0): Object 'Object Repository/Modulo Actos Administrativos/Modulo Viáticos/Crear viatico/Page_SARA/a_Funcionario_form_popupprogramacionviaticospestaniasj_idt1559' is clickable

2021-11-22 09:31:13 - [MESSAGE][WARNING] - Timeout '0' is invalid. Using default page load timeout: '30'

2021-11-22 09:31:13 - [MESSAGE][PASSED] - Object 'Object Repository/Modulo Actos Administrativos/Modulo Viáticos/Crear viatico/Page_SARA/a_Funcionario_form_popupprogramacionviaticospestaniasj_idt1559' is clickable

2021-11-22 09:31:13 - [TEST_STEP][PASSED] - click(findTestObject("Modulo Actos Administrativos/Modulo Viáticos/Crear viatico/Page_SARA/a_Funcionario_form_popupprogramacionviaticospestaniasj_idt1559")): Object: 'Object Repository/Modulo Actos Administrativos/Modulo Viáticos/Crear viatico/Page_SARA/a_Funcionario_form_popupprogramacionviaticospestaniasj_idt1559' is clicked on

2021-11-22 09:31:14 - [MESSAGE][PASSED] - Object: 'Object Repository/Modulo Actos Administrativos/Modulo Viáticos/Crear viatico/Page_SARA/a_Funcionario_form_popupprogramacionviaticospestaniasj_idt1559' is clicked on

2021-11-22 09:31:14 - [TEST_STEP][PASSED] - waitForElementClickable(findTestObject("Modulo Actos Administrativos/Modulo Viáticos/Crear viatico/Page_SARA/input_Filtro Empleado_form_popupEmpleadoj_idt561"), 0): Object 'Object Repository/Modulo Actos Administrativos/Modulo Viáticos/Crear viatico/Page_SARA/input_Filtro Empleado_form_popupEmpleadoj_idt561' is clickable

2021-11-22 09:31:14 - [MESSAGE][WARNING] - Timeout '0' is invalid. Using default page load timeout: '30'

2021-11-22 09:31:15 - [MESSAGE][PASSED] - Object 'Object Repository/Modulo Actos Administrativos/Modulo Viáticos/Crear viatico/Page_SARA/input_Filtro Empleado_form_popupEmpleadoj_idt561' is clickable

2021-11-22 09:31:15 - [TEST_STEP][PASSED] - setText(findTestObject("Modulo Actos Administrativos/Modulo Viáticos/Crear viatico/Page_SARA/input_Filtro Empleado_form_popupEmpleadoj_idt561"), "Quintero 5 Empleado"): Text 'Quintero 5 Empleado' is set on object 'Object Repository/Modulo Actos Administrativos/Modulo Viáticos/Crear viatico/Page_SARA/input_Filtro Empleado_form_popupEmpleadoj_idt561'

2021-11-22 09:31:16 - [MESSAGE][PASSED] - Text 'Quintero 5 Empleado' is set on object 'Object Repository/Modulo Actos Administrativos/Modulo Viáticos/Crear viatico/Page_SARA/input_Filtro Empleado_form_popupEmpleadoj_idt561'

2021-11-22 09:31:16 - [TEST_STEP][PASSED] - sendKeys(findTestObject("Modulo Actos Administrativos/Modulo Viáticos/Crear viatico/Page_SARA/input_Filtro Empleado_form_popupEmpleadoj_idt561"), Keys.chord(ENTER)): Keys 'ENTER + ' sent to object: 'Object Repository/Modulo Actos Administrativos/Modulo Viáticos/Crear viatico/Page_SARA/input_Filtro Empleado_form_popupEmpleadoj_idt561'

2021-11-22 09:31:16 - [MESSAGE][PASSED] - Keys 'ENTER + ' sent to object: 'Object Repository/Modulo Actos Administrativos/Modulo Viáticos/Crear viatico/Page_SARA/input_Filtro Empleado_form_popupEmpleadoj_idt561'

2021-11-22 09:31:16 - [TEST_STEP][PASSED] - waitForElementClickable(findTestObject("Modulo Actos Administrativos/Modulo Viáticos/Crear viatico/Page_SARA/span_Quintero 5 Empleado"), 0): Object 'Object Repository/Modulo Actos Administrativos/Modulo Viáticos/Crear viatico/Page_SARA/span_Quintero 5 Empleado' is clickable

2021-11-22 09:31:16 - [MESSAGE][WARNING] - Timeout '0' is invalid. Using default page load timeout: '30'

2021-11-22 09:31:18 - [MESSAGE][PASSED] - Object 'Object Repository/Modulo Actos Administrativos/Modulo Viáticos/Crear viatico/Page_SARA/span_Quintero 5 Empleado' is clickable

2021-11-22 09:31:18 - [TEST_STEP][PASSED] - click(findTestObject("Modulo Actos Administrativos/Modulo Viáticos/Crear viatico/Page_SARA/span_Quintero 5 Empleado")): Object: 'Object Repository/Modulo Actos Administrativos/Modulo Viáticos/Crear viatico/Page_SARA/span_Quintero 5 Empleado' is clicked on

2021-11-22 09:31:18 - [MESSAGE][PASSED] - Object: 'Object Repository/Modulo Actos Administrativos/Modulo Viáticos/Crear viatico/Page_SARA/span_Quintero 5 Empleado' is clicked on

2021-11-22 09:31:18 - [TEST_STEP][PASSED] - waitForElementClickable(findTestObject("Modulo Actos Administrativos/Modulo Viáticos/Crear viatico/input_Fecha Inicial_form_popupprogramacionviaticospestaniasfechainicial_input"), 0): Object 'Object Repository/Modulo Actos Administrativos/Modulo Viáticos/Crear viatico/input_Fecha Inicial_form_popupprogramacionviaticospestaniasfechainicial_input' is clickable

2021-11-22 09:31:18 - [MESSAGE][WARNING] - Timeout '0' is invalid. Using default page load timeout: '30'

2021-11-22 09:31:19 - [MESSAGE][PASSED] - Object 'Object Repository/Modulo Actos Administrativos/Modulo Viáticos/Crear viatico/input_Fecha Inicial_form_popupprogramacionviaticospestaniasfechainicial_input' is clickable

2021-11-22 09:31:19 - [TEST_STEP][PASSED] - setText(findTestObject("Modulo Actos Administrativos/Modulo Viáticos/Crear viatico/input_Fecha Inicial_form_popupprogramacionviaticospestaniasfechainicial_input"), "01/07/2021"): Text '01/07/2021' is set on object 'Object Repository/Modulo Actos Administrativos/Modulo Viáticos/Crear viatico/input_Fecha Inicial_form_popupprogramacionviaticospestaniasfechainicial_input'

2021-11-22 09:31:20 - [MESSAGE][PASSED] - Text '01/07/2021' is set on object 'Object Repository/Modulo Actos Administrativos/Modulo Viáticos/Crear viatico/input_Fecha Inicial_form_popupprogramacionviaticospestaniasfechainicial_input'

2021-11-22 09:31:20 - [TEST_STEP][PASSED] - setText(findTestObject("Modulo Actos Administrativos/Modulo Viáticos/Crear viatico/input_Fecha Final_form_popupprogramacionviaticospestaniasfechafinal_input"), "01/10/2021"): Text '01/10/2021' is set on object 'Object Repository/Modulo Actos Administrativos/Modulo Viáticos/Crear viatico/input_Fecha Final_form_popupprogramacionviaticospestaniasfechafinal_input'

2021-11-22 09:31:21 - [MESSAGE][PASSED] - Text '01/10/2021' is set on object 'Object Repository/Modulo Actos Administrativos/Modulo Viáticos/Crear viatico/input_Fecha Final_form_popupprogramacionviaticospestaniasfechafinal_input'

2021-11-22 09:31:21 - [TEST_STEP][PASSED] - sendKeys(findTestObject("Modulo Actos Administrativos/Modulo Viáticos/Crear viatico/input_Fecha Final_form_popupprogramacionviaticospestaniasfechafinal_input"), Keys.chord(ESCAPE)): Keys 'ESCAPE + ' sent to object: 'Object Repository/Modulo Actos Administrativos/Modulo Viáticos/Crear viatico/input_Fecha Final_form_popupprogramacionviaticospestaniasfechafinal_input'

2021-11-22 09:31:21 - [MESSAGE][PASSED] - Keys 'ESCAPE + ' sent to object: 'Object Repository/Modulo Actos Administrativos/Modulo Viáticos/Crear viatico/input_Fecha Final_form_popupprogramacionviaticospestaniasfechafinal_input'

2021-11-22 09:31:21 - [TEST_STEP][PASSED] - selectOptionByIndex(findTestObject("Modulo Actos Administrativos/Modulo Viáticos/Crear viatico/Page_SARA/select_--- Seleccione Destino --Barranquilla"), "3"): All options with index in [3] are selected on object 'Object Repository/Modulo Actos Administrativos/Modulo Viáticos/Crear viatico/Page_SARA/select_--- Seleccione Destino --Barranquilla'

2021-11-22 09:31:22 - [MESSAGE][PASSED] - All options with index in [3] are selected on object 'Object Repository/Modulo Actos Administrativos/Modulo Viáticos/Crear viatico/Page_SARA/select_--- Seleccione Destino --Barranquilla'

2021-11-22 09:31:22 - [TEST_STEP][PASSED] - selectOptionByIndex(findTestObject("Modulo Actos Administrativos/Modulo Viáticos/Crear viatico/Page_SARA/select_-- Seleccione Tipo Comisin --ADMINISTRATIVO2"), "1"): All options with index in [1] are selected on object 'Object Repository/Modulo Actos Administrativos/Modulo Viáticos/Crear viatico/Page_SARA/select_-- Seleccione Tipo Comisin --ADMINISTRATIVO2'

2021-11-22 09:31:23 - [MESSAGE][PASSED] - All options with index in [1] are selected on object 'Object Repository/Modulo Actos Administrativos/Modulo Viáticos/Crear viatico/Page_SARA/select_-- Seleccione Tipo Comisin --ADMINISTRATIVO2'

2021-11-22 09:31:23 - [TEST_STEP][PASSED] - click(findTestObject("Modulo Actos Administrativos/Modulo Viáticos/Crear viatico/Page_SARA/a_Entidad_form_popupprogramacionviaticospestaniasj_idt1581")): Object: 'Object Repository/Modulo Actos Administrativos/Modulo Viáticos/Crear viatico/Page_SARA/a_Entidad_form_popupprogramacionviaticospestaniasj_idt1581' is clicked on

2021-11-22 09:31:24 - [MESSAGE][PASSED] - Object: 'Object Repository/Modulo Actos Administrativos/Modulo Viáticos/Crear viatico/Page_SARA/a_Entidad_form_popupprogramacionviaticospestaniasj_idt1581' is clicked on

2021-11-22 09:31:24 - [TEST_STEP][PASSED] - waitForElementClickable(findTestObject("Modulo Actos Administrativos/Modulo Viáticos/Crear viatico/Page_SARA/td_123"), 0): Object 'Object Repository/Modulo Actos Administrativos/Modulo Viáticos/Crear viatico/Page_SARA/td_123' is clickable

2021-11-22 09:31:24 - [MESSAGE][WARNING] - Timeout '0' is invalid. Using default page load timeout: '30'

2021-11-22 09:31:25 - [MESSAGE][PASSED] - Object 'Object Repository/Modulo Actos Administrativos/Modulo Viáticos/Crear viatico/Page_SARA/td_123' is clickable

2021-11-22 09:31:25 - [TEST_STEP][PASSED] - click(findTestObject("Modulo Actos Administrativos/Modulo Viáticos/Crear viatico/Page_SARA/td_123")): Object: 'Object Repository/Modulo Actos Administrativos/Modulo Viáticos/Crear viatico/Page_SARA/td_123' is clicked on

2021-11-22 09:31:26 - [MESSAGE][PASSED] - Object: 'Object Repository/Modulo Actos Administrativos/Modulo Viáticos/Crear viatico/Page_SARA/td_123' is clicked on

2021-11-22 09:31:26 - [TEST_STEP][PASSED] - waitForElementClickable(findTestObject("Modulo Actos Administrativos/Modulo Viáticos/Crear viatico/Page_SARA/select_--- Seleccione Ambito --EXTERIOR 1EXTERIOR 2NACIONAL 1"), 0): Object 'Object Repository/Modulo Actos Administrativos/Modulo Viáticos/Crear viatico/Page_SARA/select_--- Seleccione Ambito --EXTERIOR 1EXTERIOR 2NACIONAL 1' is clickable

2021-11-22 09:31:26 - [MESSAGE][WARNING] - Timeout '0' is invalid. Using default page load timeout: '30'

2021-11-22 09:31:26 - [MESSAGE][PASSED] - Object 'Object Repository/Modulo Actos Administrativos/Modulo Viáticos/Crear viatico/Page_SARA/select_--- Seleccione Ambito --EXTERIOR 1EXTERIOR 2NACIONAL 1' is clickable

2021-11-22 09:31:26 - [TEST_STEP][PASSED] - selectOptionByIndex(findTestObject("Modulo Actos Administrativos/Modulo Viáticos/Crear viatico/Page_SARA/select_--- Seleccione Ambito --EXTERIOR 1EXTERIOR 2NACIONAL 1"), "3"): All options with index in [3] are selected on object 'Object Repository/Modulo Actos Administrativos/Modulo Viáticos/Crear viatico/Page_SARA/select_--- Seleccione Ambito --EXTERIOR 1EXTERIOR 2NACIONAL 1'

2021-11-22 09:31:27 - [MESSAGE][PASSED] - All options with index in [3] are selected on object 'Object Repository/Modulo Actos Administrativos/Modulo Viáticos/Crear viatico/Page_SARA/select_--- Seleccione Ambito --EXTERIOR 1EXTERIOR 2NACIONAL 1'

2021-11-22 09:31:27 - [TEST_STEP][PASSED] - waitForElementClickable(findTestObject("Modulo Actos Administrativos/Modulo Viáticos/Crear viatico/Page_SARA/a_Guardar2"), 0): Object 'Object Repository/Modulo Actos Administrativos/Modulo Viáticos/Crear viatico/Page_SARA/a_Guardar2' is clickable

2021-11-22 09:31:27 - [MESSAGE][WARNING] - Timeout '0' is invalid. Using default page load timeout: '30'

2021-11-22 09:31:28 - [MESSAGE][PASSED] - Object 'Object Repository/Modulo Actos Administrativos/Modulo Viáticos/Crear viatico/Page_SARA/a_Guardar2' is clickable

2021-11-22 09:31:28 - [TEST_STEP][PASSED] - click(findTestObject("Modulo Actos Administrativos/Modulo Viáticos/Crear viatico/Page_SARA/a_Guardar2")): Object: 'Object Repository/Modulo Actos Administrativos/Modulo Viáticos/Crear viatico/Page_SARA/a_Guardar2' is clicked on

2021-11-22 09:31:28 - [MESSAGE][PASSED] - Object: 'Object Repository/Modulo Actos Administrativos/Modulo Viáticos/Crear viatico/Page_SARA/a_Guardar2' is clicked on

2021-11-22 09:31:28 - [TEST_STEP][PASSED] - waitForElementClickable(findTestObject("Modulo Actos Administrativos/Modulo Viáticos/Crear viatico/Page_SARA/a_Entidades Vigiladas"), 0): Object 'Object Repository/Modulo Actos Administrativos/Modulo Viáticos/Crear viatico/Page_SARA/a_Entidades Vigiladas' is clickable

2021-11-22 09:31:28 - [MESSAGE][WARNING] - Timeout '0' is invalid. Using default page load timeout: '30'

2021-11-22 09:31:30 - [MESSAGE][PASSED] - Object 'Object Repository/Modulo Actos Administrativos/Modulo Viáticos/Crear viatico/Page_SARA/a_Entidades Vigiladas' is clickable

2021-11-22 09:31:30 - [TEST_STEP][PASSED] - click(findTestObject("Modulo Actos Administrativos/Modulo Viáticos/Crear viatico/Page_SARA/a_Entidades Vigiladas")): Object: 'Object Repository/Modulo Actos Administrativos/Modulo Viáticos/Crear viatico/Page_SARA/a_Entidades Vigiladas' is clicked on

2021-11-22 09:31:31 - [MESSAGE][PASSED] - Object: 'Object Repository/Modulo Actos Administrativos/Modulo Viáticos/Crear viatico/Page_SARA/a_Entidades Vigiladas' is clicked on

2021-11-22 09:31:31 - [TEST_STEP][PASSED] - click(findTestObject("Modulo Actos Administrativos/Modulo Viáticos/Crear viatico/Page_SARA/a_Fecha Final_form_Entidad_entidades_vigiladas")): Object: 'Object Repository/Modulo Actos Administrativos/Modulo Viáticos/Crear viatico/Page_SARA/a_Fecha Final_form_Entidad_entidades_vigiladas' is clicked on

2021-11-22 09:31:31 - [MESSAGE][PASSED] - Object: 'Object Repository/Modulo Actos Administrativos/Modulo Viáticos/Crear viatico/Page_SARA/a_Fecha Final_form_Entidad_entidades_vigiladas' is clicked on

2021-11-22 09:31:31 - [TEST_STEP][PASSED] - waitForElementClickable(findTestObject("Modulo Actos Administrativos/Modulo Viáticos/Crear viatico/Page_SARA/td_123_entidades vigiladas"), 0): Object 'Object Repository/Modulo Actos Administrativos/Modulo Viáticos/Crear viatico/Page_SARA/td_123_entidades vigiladas' is clickable

2021-11-22 09:31:31 - [MESSAGE][WARNING] - Timeout '0' is invalid. Using default page load timeout: '30'

2021-11-22 09:31:32 - [MESSAGE][PASSED] - Object 'Object Repository/Modulo Actos Administrativos/Modulo Viáticos/Crear viatico/Page_SARA/td_123_entidades vigiladas' is clickable

2021-11-22 09:31:32 - [TEST_STEP][PASSED] - click(findTestObject("Modulo Actos Administrativos/Modulo Viáticos/Crear viatico/Page_SARA/td_123_entidades vigiladas")): Object: 'Object Repository/Modulo Actos Administrativos/Modulo Viáticos/Crear viatico/Page_SARA/td_123_entidades vigiladas' is clicked on

2021-11-22 09:31:32 - [MESSAGE][PASSED] - Object: 'Object Repository/Modulo Actos Administrativos/Modulo Viáticos/Crear viatico/Page_SARA/td_123_entidades vigiladas' is clicked on

2021-11-22 09:31:32 - [TEST_STEP][PASSED] - waitForElementClickable(findTestObject("Modulo Actos Administrativos/Modulo Viáticos/Crear viatico/Page_SARA/input_Fecha Inicial_form_entidades vigiladas"), 0): Object 'Object Repository/Modulo Actos Administrativos/Modulo Viáticos/Crear viatico/Page_SARA/input_Fecha Inicial_form_entidades vigiladas' is clickable

2021-11-22 09:31:33 - [MESSAGE][WARNING] - Timeout '0' is invalid. Using default page load timeout: '30'

2021-11-22 09:31:33 - [MESSAGE][PASSED] - Object 'Object Repository/Modulo Actos Administrativos/Modulo Viáticos/Crear viatico/Page_SARA/input_Fecha Inicial_form_entidades vigiladas' is clickable

2021-11-22 09:31:33 - [TEST_STEP][PASSED] - setText(findTestObject("Modulo Actos Administrativos/Modulo Viáticos/Crear viatico/Page_SARA/input_Fecha Inicial_form_entidades vigiladas"), "01/07/2021"): Text '01/07/2021' is set on object 'Object Repository/Modulo Actos Administrativos/Modulo Viáticos/Crear viatico/Page_SARA/input_Fecha Inicial_form_entidades vigiladas'

2021-11-22 09:31:34 - [MESSAGE][PASSED] - Text '01/07/2021' is set on object 'Object Repository/Modulo Actos Administrativos/Modulo Viáticos/Crear viatico/Page_SARA/input_Fecha Inicial_form_entidades vigiladas'

2021-11-22 09:31:34 - [TEST_STEP][PASSED] - setText(findTestObject("Modulo Actos Administrativos/Modulo Viáticos/Crear viatico/Page_SARA/input_Fecha Final_form_entidades vigiladas"), "01/11/2021"): Text '01/11/2021' is set on object 'Object Repository/Modulo Actos Administrativos/Modulo Viáticos/Crear viatico/Page_SARA/input_Fecha Final_form_entidades vigiladas'

2021-11-22 09:31:35 - [MESSAGE][PASSED] - Text '01/11/2021' is set on object 'Object Repository/Modulo Actos Administrativos/Modulo Viáticos/Crear viatico/Page_SARA/input_Fecha Final_form_entidades vigiladas'

2021-11-22 09:31:35 - [TEST_STEP][PASSED] - click(findTestObject("Modulo Actos Administrativos/Modulo Viáticos/Crear viatico/Page_SARA/a_Fecha Final_form_popupprogramacionviaticospestaniasotrasEntidadesTablaj")): Object: 'Object Repository/Modulo Actos Administrativos/Modulo Viáticos/Crear viatico/Page_SARA/a_Fecha Final_form_popupprogramacionviaticospestaniasotrasEntidadesTablaj' is clicked on

2021-11-22 09:31:36 - [MESSAGE][PASSED] - Object: 'Object Repository/Modulo Actos Administrativos/Modulo Viáticos/Crear viatico/Page_SARA/a_Fecha Final_form_popupprogramacionviaticospestaniasotrasEntidadesTablaj' is clicked on

2021-11-22 09:31:36 - [TEST_STEP][PASSED] - click(findTestObject("Modulo Actos Administrativos/Modulo Viáticos/Crear viatico/Page_SARA/a_Otras Entidades")): Object: 'Object Repository/Modulo Actos Administrativos/Modulo Viáticos/Crear viatico/Page_SARA/a_Otras Entidades' is clicked on

2021-11-22 09:31:36 - [MESSAGE][PASSED] - Object: 'Object Repository/Modulo Actos Administrativos/Modulo Viáticos/Crear viatico/Page_SARA/a_Otras Entidades' is clicked on

2021-11-22 09:31:36 - [TEST_STEP][PASSED] - waitForElementClickable(findTestObject("Modulo Actos Administrativos/Modulo Viáticos/Crear viatico/Page_SARA/input_Fecha entidad_form"), 0): Object 'Object Repository/Modulo Actos Administrativos/Modulo Viáticos/Crear viatico/Page_SARA/input_Fecha entidad_form' is clickable

2021-11-22 09:31:36 - [MESSAGE][WARNING] - Timeout '0' is invalid. Using default page load timeout: '30'

2021-11-22 09:31:37 - [MESSAGE][PASSED] - Object 'Object Repository/Modulo Actos Administrativos/Modulo Viáticos/Crear viatico/Page_SARA/input_Fecha entidad_form' is clickable

2021-11-22 09:31:37 - [TEST_STEP][PASSED] - setText(findTestObject("Modulo Actos Administrativos/Modulo Viáticos/Crear viatico/Page_SARA/input_Fecha entidad_form"), "5"): Text '5' is set on object 'Object Repository/Modulo Actos Administrativos/Modulo Viáticos/Crear viatico/Page_SARA/input_Fecha entidad_form'

2021-11-22 09:31:38 - [MESSAGE][PASSED] - Text '5' is set on object 'Object Repository/Modulo Actos Administrativos/Modulo Viáticos/Crear viatico/Page_SARA/input_Fecha entidad_form'

2021-11-22 09:31:38 - [TEST_STEP][PASSED] - setText(findTestObject("Modulo Actos Administrativos/Modulo Viáticos/Crear viatico/Page_SARA/input_Fecha Inicial_form_otras_entidades"), "01/07/2021"): Text '01/07/2021' is set on object 'Object Repository/Modulo Actos Administrativos/Modulo Viáticos/Crear viatico/Page_SARA/input_Fecha Inicial_form_otras_entidades'

2021-11-22 09:31:38 - [MESSAGE][PASSED] - Text '01/07/2021' is set on object 'Object Repository/Modulo Actos Administrativos/Modulo Viáticos/Crear viatico/Page_SARA/input_Fecha Inicial_form_otras_entidades'

2021-11-22 09:31:38 - [TEST_STEP][PASSED] - setText(findTestObject("Modulo Actos Administrativos/Modulo Viáticos/Crear viatico/Page_SARA/input_Fecha Final_form_otras_entidades"), "01/11/2021"): Text '01/11/2021' is set on object 'Object Repository/Modulo Actos Administrativos/Modulo Viáticos/Crear viatico/Page_SARA/input_Fecha Final_form_otras_entidades'

2021-11-22 09:31:40 - [MESSAGE][PASSED] - Text '01/11/2021' is set on object 'Object Repository/Modulo Actos Administrativos/Modulo Viáticos/Crear viatico/Page_SARA/input_Fecha Final_form_otras_entidades'

2021-11-22 09:31:40 - [TEST_STEP][PASSED] - click(findTestObject("Modulo Actos Administrativos/Modulo Viáticos/Crear viatico/Page_SARA/a_Fecha Final_form_")): Object: 'Object Repository/Modulo Actos Administrativos/Modulo Viáticos/Crear viatico/Page_SARA/a_Fecha Final_form_' is clicked on

2021-11-22 09:31:41 - [MESSAGE][PASSED] - Object: 'Object Repository/Modulo Actos Administrativos/Modulo Viáticos/Crear viatico/Page_SARA/a_Fecha Final_form_' is clicked on

2021-11-22 09:31:41 - [TEST_STEP][PASSED] - click(findTestObject("Modulo Actos Administrativos/Modulo Viáticos/Crear viatico/Page_SARA/a_Nuevo_Archivo")): Object: 'Object Repository/Modulo Actos Administrativos/Modulo Viáticos/Crear viatico/Page_SARA/a_Nuevo_Archivo' is clicked on

2021-11-22 09:31:41 - [MESSAGE][PASSED] - Object: 'Object Repository/Modulo Actos Administrativos/Modulo Viáticos/Crear viatico/Page_SARA/a_Nuevo_Archivo' is clicked on

2021-11-22 09:31:41 - [TEST_STEP][PASSED] - click(findTestObject("Modulo Actos Administrativos/Modulo Viáticos/Crear viatico/Page_SARA/a_Archivo")): Object: 'Object Repository/Modulo Actos Administrativos/Modulo Viáticos/Crear viatico/Page_SARA/a_Archivo' is clicked on

2021-11-22 09:31:42 - [MESSAGE][PASSED] - Object: 'Object Repository/Modulo Actos Administrativos/Modulo Viáticos/Crear viatico/Page_SARA/a_Archivo' is clicked on

2021-11-22 09:31:42 - [TEST_STEP][PASSED] - waitForElementClickable(findTestObject("Modulo Actos Administrativos/Modulo Viáticos/Crear viatico/Page_SARA/a_Nuevo_Archivo"), 1): Object 'Object Repository/Modulo Actos Administrativos/Modulo Viáticos/Crear viatico/Page_SARA/a_Nuevo_Archivo' is clickable

2021-11-22 09:31:42 - [MESSAGE][PASSED] - Object 'Object Repository/Modulo Actos Administrativos/Modulo Viáticos/Crear viatico/Page_SARA/a_Nuevo_Archivo' is clickable

2021-11-22 09:31:42 - [TEST_STEP][PASSED] - click(findTestObject("Modulo Actos Administrativos/Modulo Viáticos/Crear viatico/Page_SARA/a_Nuevo_Archivo")): Object: 'Object Repository/Modulo Actos Administrativos/Modulo Viáticos/Crear viatico/Page_SARA/a_Nuevo_Archivo' is clicked on

2021-11-22 09:31:43 - [MESSAGE][PASSED] - Object: 'Object Repository/Modulo Actos Administrativos/Modulo Viáticos/Crear viatico/Page_SARA/a_Nuevo_Archivo' is clicked on

2021-11-22 09:31:43 - [TEST_STEP][PASSED] - click(findTestObject("Modulo Actos Administrativos/Modulo Viáticos/Crear viatico/Page_SARA/input_Se ha cargado el archivo_popupAnexoArchivosubir")): Object: 'Object Repository/Modulo Actos Administrativos/Modulo Viáticos/Crear viatico/Page_SARA/input_Se ha cargado el archivo_popupAnexoArchivosubir' is clicked on

2021-11-22 09:31:43 - [MESSAGE][PASSED] - Object: 'Object Repository/Modulo Actos Administrativos/Modulo Viáticos/Crear viatico/Page_SARA/input_Se ha cargado el archivo_popupAnexoArchivosubir' is clicked on

2021-11-22 09:31:43 - [TEST_STEP][PASSED] - waitForElementClickable(findTestObject("Modulo Actos Administrativos/Modulo Viáticos/Crear viatico/Page_SARA/input_Descripcin_popupAnexoArchivodescripcion"), 0): Object 'Object Repository/Modulo Actos Administrativos/Modulo Viáticos/Crear viatico/Page_SARA/input_Descripcin_popupAnexoArchivodescripcion' is clickable

2021-11-22 09:31:43 - [MESSAGE][WARNING] - Timeout '0' is invalid. Using default page load timeout: '30'

2021-11-22 09:31:45 - [MESSAGE][PASSED] - Object 'Object Repository/Modulo Actos Administrativos/Modulo Viáticos/Crear viatico/Page_SARA/input_Descripcin_popupAnexoArchivodescripcion' is clickable

2021-11-22 09:31:45 - [TEST_STEP][PASSED] - setText(findTestObject("Modulo Actos Administrativos/Modulo Viáticos/Crear viatico/Page_SARA/input_Descripcin_popupAnexoArchivodescripcion"), "prueba"): Text 'prueba' is set on object 'Object Repository/Modulo Actos Administrativos/Modulo Viáticos/Crear viatico/Page_SARA/input_Descripcin_popupAnexoArchivodescripcion'

2021-11-22 09:31:45 - [MESSAGE][PASSED] - Text 'prueba' is set on object 'Object Repository/Modulo Actos Administrativos/Modulo Viáticos/Crear viatico/Page_SARA/input_Descripcin_popupAnexoArchivodescripcion'

2021-11-22 09:31:45 - [TEST_STEP][PASSED] - sendKeys(findTestObject("Modulo Actos Administrativos/Modulo Viáticos/Crear viatico/Page_SARA/input_Descripcin_popupAnexoArchivodescripcion"), Keys.chord(ENTER)): Keys 'ENTER + ' sent to object: 'Object Repository/Modulo Actos Administrativos/Modulo Viáticos/Crear viatico/Page_SARA/input_Descripcin_popupAnexoArchivodescripcion'

2021-11-22 09:31:46 - [MESSAGE][PASSED] - Keys 'ENTER + ' sent to object: 'Object Repository/Modulo Actos Administrativos/Modulo Viáticos/Crear viatico/Page_SARA/input_Descripcin_popupAnexoArchivodescripcion'

2021-11-22 09:31:46 - [TEST_STEP][PASSED] - ruta = G_rutaarchivos + "viaticos.pdf": null

2021-11-22 09:31:46 - [TEST_STEP][PASSED] - uploadFile(findTestObject("Modulo Actos Administrativos/Modulo Viáticos/Crear viatico/Page_SARA/input_Se ha cargado el archivo_popupAnexoArchivoinputFileNameArchivo_input"), ruta): File 'E:\unionweb14\viaticos.pdf' sent to object: 'Object Repository/Modulo Actos Administrativos/Modulo Viáticos/Crear viatico/Page_SARA/input_Se ha cargado el archivo_popupAnexoArchivoinputFileNameArchivo_input'

2021-11-22 09:31:47 - [MESSAGE][PASSED] - File 'E:\unionweb14\viaticos.pdf' sent to object: 'Object Repository/Modulo Actos Administrativos/Modulo Viáticos/Crear viatico/Page_SARA/input_Se ha cargado el archivo_popupAnexoArchivoinputFileNameArchivo_input'

2021-11-22 09:31:47 - [TEST_STEP][PASSED] - getText(findTestObject("Alerta/Alerta")): Text of object 'Object Repository/Alerta/Alerta' is: 'Se Ingreso anexo exitosamente'

2021-11-22 09:31:48 - [MESSAGE][PASSED] - Text of object 'Object Repository/Alerta/Alerta' is: 'Se Ingreso anexo exitosamente']]></system-out>
         <system-err><![CDATA[]]></system-err>
      </testcase>
      <testcase name="Test Cases/1.1-Tareas Principales/1.6.1 Costos de Viáticos" time="38.518" classname="Test Cases/1.1-Tareas Principales/1.6.1 Costos de Viáticos" status="PASSED">
         <system-out><![CDATA[2021-11-22 09:31:48 - [TEST_CASE][PASSED] - Test Cases/1.1-Tareas Principales/1.6.1 Costos de Viáticos: Test Cases/1.1-Tareas Principales/1.6.1 Costos de Viáticos

2021-11-22 09:31:48 - [TEST_STEP][PASSED] - callTestCase(findTestCase("0.1-Login"), [:], STOP_ON_FAILURE): Call Test Case 'Test Cases/0.1-Login' successfully

2021-11-22 09:31:48 - [TEST_CASE][PASSED] - Test Cases/0.1-Login: Test Cases/0.1-Login

2021-11-22 09:31:48 - [TEST_STEP][PASSED] - openBrowser(""): Browser is opened with url: ''

2021-11-22 09:31:48 - [MESSAGE][WARNING] - A browser is already opened. Closing browser and opening a new one

2021-11-22 09:31:49 - [MESSAGE][INFO] - Starting 'Edge Chromium' driver

2021-11-22 09:31:52 - [MESSAGE][INFO] - Action delay is set to 0 milliseconds

2021-11-22 09:31:52 - [MESSAGE][PASSED] - Browser is opened with url: ''

2021-11-22 09:31:52 - [TEST_STEP][PASSED] - maximizeWindow(): Current window maximized

2021-11-22 09:31:52 - [MESSAGE][PASSED] - Current window maximized

2021-11-22 09:31:52 - [TEST_STEP][PASSED] - i = G_Login: null

2021-11-22 09:31:52 - [TEST_STEP][PASSED] - url = new java.net.URL(i): null

2021-11-22 09:31:52 - [TEST_STEP][PASSED] - println("URL: " + url.toString()): null

2021-11-22 09:31:52 - [TEST_STEP][PASSED] - connection = url.openConnection(): null

2021-11-22 09:31:52 - [TEST_STEP][PASSED] - connection.setRequestMethod("GET"): null

2021-11-22 09:31:52 - [TEST_STEP][PASSED] - connection.setReadTimeout(2 * 1000): null

2021-11-22 09:31:52 - [TEST_STEP][PASSED] - try: null

2021-11-22 09:31:52 - [TEST_STEP][PASSED] - connection.connect(): null

2021-11-22 09:31:52 - [TEST_STEP][PASSED] - flag = connected: null

2021-11-22 09:31:52 - [TEST_STEP][PASSED] - println("Valor_ori: " + flag): null

2021-11-22 09:31:52 - [TEST_STEP][PASSED] - if (flag): null

2021-11-22 09:31:52 - [TEST_STEP][PASSED] - navigateToUrl(i): Navigate to 'http://localhost:8380/saraweb/' successfully

2021-11-22 09:31:53 - [MESSAGE][PASSED] - Navigate to 'http://localhost:8380/saraweb/' successfully

2021-11-22 09:31:53 - [TEST_STEP][PASSED] - a(): null

2021-11-22 09:31:53 - [TEST_STEP][PASSED] - setText(findTestObject("Login/input_USUARIO_loginusuario"), G_Usuario): Text 'saraadmin' is set on object 'Object Repository/Login/input_USUARIO_loginusuario'

2021-11-22 09:31:54 - [MESSAGE][PASSED] - Text 'saraadmin' is set on object 'Object Repository/Login/input_USUARIO_loginusuario'

2021-11-22 09:31:54 - [TEST_STEP][PASSED] - setEncryptedText(findTestObject("Login/input_CLAVE_loginpassword"), "MkG4/TYiCFC3cb2driP7+Q=="): Text ****** has been set on object 'Object Repository/Login/input_CLAVE_loginpassword'

2021-11-22 09:31:55 - [MESSAGE][PASSED] - Text ****** has been set on object 'Object Repository/Login/input_CLAVE_loginpassword'

2021-11-22 09:31:55 - [TEST_STEP][PASSED] - waitForElementClickable(findTestObject("Login/a_Ingresar"), G_TimeOut): Object 'Object Repository/Login/a_Ingresar' is clickable

2021-11-22 09:31:55 - [MESSAGE][PASSED] - Object 'Object Repository/Login/a_Ingresar' is clickable

2021-11-22 09:31:55 - [TEST_STEP][PASSED] - click(findTestObject("Login/a_Ingresar")): Object: 'Object Repository/Login/a_Ingresar' is clicked on

2021-11-22 09:31:58 - [MESSAGE][PASSED] - Object: 'Object Repository/Login/a_Ingresar' is clicked on

2021-11-22 09:31:58 - [TEST_STEP][PASSED] - element = findWebElement(findTestObject("Login/a_Ir"), 30): null

2021-11-22 09:31:58 - [TEST_STEP][PASSED] - executeJavaScript("arguments[0].click()", Arrays.asList(element)): Execute JavaScript 'arguments[0].click()' successfully

2021-11-22 09:31:58 - [MESSAGE][PASSED] - Execute JavaScript 'arguments[0].click()' successfully

2021-11-22 09:31:58 - [MESSAGE][PASSED] - Call Test Case 'Test Cases/0.1-Login' successfully

2021-11-22 09:31:58 - [TEST_STEP][PASSED] - waitForElementClickable(findTestObject("Modulo Actos Administrativos/Modulo Viáticos/Costos de Viáticos/input_ADMINISTRADOR DEL SISTEMA - SARA_form_templatej_idt24_input"), 0): Object 'Object Repository/Modulo Actos Administrativos/Modulo Viáticos/Costos de Viáticos/input_ADMINISTRADOR DEL SISTEMA - SARA_form_templatej_idt24_input' is clickable

2021-11-22 09:31:58 - [MESSAGE][WARNING] - Timeout '0' is invalid. Using default page load timeout: '30'

2021-11-22 09:31:59 - [MESSAGE][PASSED] - Object 'Object Repository/Modulo Actos Administrativos/Modulo Viáticos/Costos de Viáticos/input_ADMINISTRADOR DEL SISTEMA - SARA_form_templatej_idt24_input' is clickable

2021-11-22 09:31:59 - [TEST_STEP][PASSED] - setText(findTestObject("Modulo Actos Administrativos/Modulo Viáticos/Costos de Viáticos/input_ADMINISTRADOR DEL SISTEMA - SARA_form_templatej_idt24_input"), "listado de viaticos"): Text 'listado de viaticos' is set on object 'Object Repository/Modulo Actos Administrativos/Modulo Viáticos/Costos de Viáticos/input_ADMINISTRADOR DEL SISTEMA - SARA_form_templatej_idt24_input'

2021-11-22 09:32:00 - [MESSAGE][PASSED] - Text 'listado de viaticos' is set on object 'Object Repository/Modulo Actos Administrativos/Modulo Viáticos/Costos de Viáticos/input_ADMINISTRADOR DEL SISTEMA - SARA_form_templatej_idt24_input'

2021-11-22 09:32:00 - [TEST_STEP][PASSED] - waitForElementClickable(findTestObject("Modulo Actos Administrativos/Modulo Viáticos/Costos de Viáticos/li_Listado de Viaticos (act)"), 0): Object 'Object Repository/Modulo Actos Administrativos/Modulo Viáticos/Costos de Viáticos/li_Listado de Viaticos (act)' is clickable

2021-11-22 09:32:00 - [MESSAGE][WARNING] - Timeout '0' is invalid. Using default page load timeout: '30'

2021-11-22 09:32:01 - [MESSAGE][PASSED] - Object 'Object Repository/Modulo Actos Administrativos/Modulo Viáticos/Costos de Viáticos/li_Listado de Viaticos (act)' is clickable

2021-11-22 09:32:01 - [TEST_STEP][PASSED] - sendKeys(findTestObject("Modulo Actos Administrativos/Modulo Viáticos/Costos de Viáticos/input_ADMINISTRADOR DEL SISTEMA - SARA_form_templatej_idt24_input"), Keys.chord(ENTER)): Keys 'ENTER + ' sent to object: 'Object Repository/Modulo Actos Administrativos/Modulo Viáticos/Costos de Viáticos/input_ADMINISTRADOR DEL SISTEMA - SARA_form_templatej_idt24_input'

2021-11-22 09:32:02 - [MESSAGE][PASSED] - Keys 'ENTER + ' sent to object: 'Object Repository/Modulo Actos Administrativos/Modulo Viáticos/Costos de Viáticos/input_ADMINISTRADOR DEL SISTEMA - SARA_form_templatej_idt24_input'

2021-11-22 09:32:02 - [TEST_STEP][PASSED] - selectOptionByIndex(findTestObject("Modulo Actos Administrativos/Modulo Viáticos/Costos de Viáticos/select_--Seleccione--Estado"), 2): All options with index in [2] are selected on object 'Object Repository/Modulo Actos Administrativos/Modulo Viáticos/Costos de Viáticos/select_--Seleccione--Estado'

2021-11-22 09:32:06 - [MESSAGE][PASSED] - All options with index in [2] are selected on object 'Object Repository/Modulo Actos Administrativos/Modulo Viáticos/Costos de Viáticos/select_--Seleccione--Estado'

2021-11-22 09:32:06 - [TEST_STEP][PASSED] - if (waitForElementClickable(findTestObject("Modulo Actos Administrativos/Modulo Viáticos/Complementario de Viáticos/span_5"), 2)): null

2021-11-22 09:32:06 - [MESSAGE][PASSED] - Object 'Object Repository/Modulo Actos Administrativos/Modulo Viáticos/Complementario de Viáticos/span_5' is clickable

2021-11-22 09:32:06 - [TEST_STEP][PASSED] - click(findTestObject("Modulo Actos Administrativos/Modulo Viáticos/Complementario de Viáticos/span_5")): Object: 'Object Repository/Modulo Actos Administrativos/Modulo Viáticos/Complementario de Viáticos/span_5' is clicked on

2021-11-22 09:32:07 - [MESSAGE][PASSED] - Object: 'Object Repository/Modulo Actos Administrativos/Modulo Viáticos/Complementario de Viáticos/span_5' is clicked on

2021-11-22 09:32:07 - [TEST_STEP][PASSED] - waitForElementClickable(findTestObject("Modulo Actos Administrativos/Modulo Viáticos/Costos de Viáticos/a_Costos"), 0): Object 'Object Repository/Modulo Actos Administrativos/Modulo Viáticos/Costos de Viáticos/a_Costos' is clickable

2021-11-22 09:32:07 - [MESSAGE][WARNING] - Timeout '0' is invalid. Using default page load timeout: '30'

2021-11-22 09:32:09 - [MESSAGE][PASSED] - Object 'Object Repository/Modulo Actos Administrativos/Modulo Viáticos/Costos de Viáticos/a_Costos' is clickable

2021-11-22 09:32:09 - [TEST_STEP][PASSED] - click(findTestObject("Modulo Actos Administrativos/Modulo Viáticos/Costos de Viáticos/a_Costos")): Object: 'Object Repository/Modulo Actos Administrativos/Modulo Viáticos/Costos de Viáticos/a_Costos' is clicked on

2021-11-22 09:32:10 - [MESSAGE][PASSED] - Object: 'Object Repository/Modulo Actos Administrativos/Modulo Viáticos/Costos de Viáticos/a_Costos' is clicked on

2021-11-22 09:32:10 - [TEST_STEP][PASSED] - sendKeys(findTestObject("Modulo Actos Administrativos/Modulo Viáticos/Costos de Viáticos/a_Costos"), Keys.chord(DOWN, DOWN, DOWN, DOWN, DOWN, DOWN, DOWN)): Keys 'DOWN + DOWN + DOWN + DOWN + DOWN + DOWN + DOWN + ' sent to object: 'Object Repository/Modulo Actos Administrativos/Modulo Viáticos/Costos de Viáticos/a_Costos'

2021-11-22 09:32:10 - [MESSAGE][PASSED] - Keys 'DOWN + DOWN + DOWN + DOWN + DOWN + DOWN + DOWN + ' sent to object: 'Object Repository/Modulo Actos Administrativos/Modulo Viáticos/Costos de Viáticos/a_Costos'

2021-11-22 09:32:10 - [TEST_STEP][PASSED] - if (waitForElementClickable(findTestObject("Modulo Actos Administrativos/Modulo Viáticos/Costos de Viáticos/td_QUINTERO 5 EMPLEADO"), 2)): Web element with id: 'Object Repository/Modulo Actos Administrativos/Modulo Viáticos/Costos de Viáticos/td_QUINTERO 5 EMPLEADO' located by '//div/div/table/tbody/tr/td[2]' not found

2021-11-22 09:32:14 - [MESSAGE][INFO] - Unable to find the element located by 'By.xpath: //div/div/table/tbody/tr/td[2]'. Please recheck the objects properties to make sure the desired element is located. 

2021-11-22 09:32:14 - [MESSAGE][WARNING] - Web element with id: 'Object Repository/Modulo Actos Administrativos/Modulo Viáticos/Costos de Viáticos/td_QUINTERO 5 EMPLEADO' located by '//div/div/table/tbody/tr/td[2]' not found

2021-11-22 09:32:14 - [TEST_STEP][PASSED] - waitForElementClickable(findTestObject("Modulo Actos Administrativos/Modulo Viáticos/Costos de Viáticos/a_Nuevo1_costo"), 0): Object 'Object Repository/Modulo Actos Administrativos/Modulo Viáticos/Costos de Viáticos/a_Nuevo1_costo' is clickable

2021-11-22 09:32:14 - [MESSAGE][WARNING] - Timeout '0' is invalid. Using default page load timeout: '30'

2021-11-22 09:32:14 - [MESSAGE][PASSED] - Object 'Object Repository/Modulo Actos Administrativos/Modulo Viáticos/Costos de Viáticos/a_Nuevo1_costo' is clickable

2021-11-22 09:32:14 - [TEST_STEP][PASSED] - click(findTestObject("Modulo Actos Administrativos/Modulo Viáticos/Costos de Viáticos/a_Nuevo1_costo")): Object: 'Object Repository/Modulo Actos Administrativos/Modulo Viáticos/Costos de Viáticos/a_Nuevo1_costo' is clicked on

2021-11-22 09:32:14 - [MESSAGE][PASSED] - Object: 'Object Repository/Modulo Actos Administrativos/Modulo Viáticos/Costos de Viáticos/a_Nuevo1_costo' is clicked on

2021-11-22 09:32:14 - [TEST_STEP][PASSED] - waitForElementClickable(findTestObject("Modulo Actos Administrativos/Modulo Viáticos/Costos de Viáticos/a_Funcionario_form_popupComplementarioViaticoj_idt332"), 0): Object 'Object Repository/Modulo Actos Administrativos/Modulo Viáticos/Costos de Viáticos/a_Funcionario_form_popupComplementarioViaticoj_idt332' is clickable

2021-11-22 09:32:14 - [MESSAGE][WARNING] - Timeout '0' is invalid. Using default page load timeout: '30'

2021-11-22 09:32:15 - [MESSAGE][PASSED] - Object 'Object Repository/Modulo Actos Administrativos/Modulo Viáticos/Costos de Viáticos/a_Funcionario_form_popupComplementarioViaticoj_idt332' is clickable

2021-11-22 09:32:15 - [TEST_STEP][PASSED] - click(findTestObject("Modulo Actos Administrativos/Modulo Viáticos/Costos de Viáticos/a_Funcionario_form_popupComplementarioViaticoj_idt332")): Object: 'Object Repository/Modulo Actos Administrativos/Modulo Viáticos/Costos de Viáticos/a_Funcionario_form_popupComplementarioViaticoj_idt332' is clicked on

2021-11-22 09:32:16 - [MESSAGE][PASSED] - Object: 'Object Repository/Modulo Actos Administrativos/Modulo Viáticos/Costos de Viáticos/a_Funcionario_form_popupComplementarioViaticoj_idt332' is clicked on

2021-11-22 09:32:16 - [TEST_STEP][PASSED] - waitForElementClickable(findTestObject("Modulo Actos Administrativos/Modulo Viáticos/Costos de Viáticos/td_QUINTERO 5 EMPLEADO"), 0): Object 'Object Repository/Modulo Actos Administrativos/Modulo Viáticos/Costos de Viáticos/td_QUINTERO 5 EMPLEADO' is clickable

2021-11-22 09:32:16 - [MESSAGE][WARNING] - Timeout '0' is invalid. Using default page load timeout: '30'

2021-11-22 09:32:16 - [MESSAGE][PASSED] - Object 'Object Repository/Modulo Actos Administrativos/Modulo Viáticos/Costos de Viáticos/td_QUINTERO 5 EMPLEADO' is clickable

2021-11-22 09:32:16 - [TEST_STEP][PASSED] - click(findTestObject("Modulo Actos Administrativos/Modulo Viáticos/Costos de Viáticos/td_QUINTERO 5 EMPLEADO")): Object: 'Object Repository/Modulo Actos Administrativos/Modulo Viáticos/Costos de Viáticos/td_QUINTERO 5 EMPLEADO' is clicked on

2021-11-22 09:32:17 - [MESSAGE][PASSED] - Object: 'Object Repository/Modulo Actos Administrativos/Modulo Viáticos/Costos de Viáticos/td_QUINTERO 5 EMPLEADO' is clicked on

2021-11-22 09:32:17 - [TEST_STEP][PASSED] - delay(1): Delayed 1 second(s)

2021-11-22 09:32:18 - [MESSAGE][PASSED] - Delayed 1 second(s)

2021-11-22 09:32:18 - [TEST_STEP][PASSED] - selectOptionByIndex(findTestObject("Modulo Actos Administrativos/Modulo Viáticos/Complementario de Viáticos/select_--- Seleccione Tipo Costo --Viatico prueba--complementario"), "1"): All options with index in [1] are selected on object 'Object Repository/Modulo Actos Administrativos/Modulo Viáticos/Complementario de Viáticos/select_--- Seleccione Tipo Costo --Viatico prueba--complementario'

2021-11-22 09:32:19 - [MESSAGE][PASSED] - All options with index in [1] are selected on object 'Object Repository/Modulo Actos Administrativos/Modulo Viáticos/Complementario de Viáticos/select_--- Seleccione Tipo Costo --Viatico prueba--complementario'

2021-11-22 09:32:19 - [TEST_STEP][PASSED] - setText(findTestObject("Modulo Actos Administrativos/Modulo Viáticos/Costos de Viáticos/input_Valor Pagado UD_form_popupcostoviaticosvalorPagadoUD"), "1500000"): Text '1500000' is set on object 'Object Repository/Modulo Actos Administrativos/Modulo Viáticos/Costos de Viáticos/input_Valor Pagado UD_form_popupcostoviaticosvalorPagadoUD'

2021-11-22 09:32:20 - [MESSAGE][PASSED] - Text '1500000' is set on object 'Object Repository/Modulo Actos Administrativos/Modulo Viáticos/Costos de Viáticos/input_Valor Pagado UD_form_popupcostoviaticosvalorPagadoUD'

2021-11-22 09:32:20 - [TEST_STEP][PASSED] - setText(findTestObject("Modulo Actos Administrativos/Modulo Viáticos/Costos de Viáticos/input_Excedente_form_popupcostoviaticosvalorExcedente"), "10000"): Text '10000' is set on object 'Object Repository/Modulo Actos Administrativos/Modulo Viáticos/Costos de Viáticos/input_Excedente_form_popupcostoviaticosvalorExcedente'

2021-11-22 09:32:21 - [MESSAGE][PASSED] - Text '10000' is set on object 'Object Repository/Modulo Actos Administrativos/Modulo Viáticos/Costos de Viáticos/input_Excedente_form_popupcostoviaticosvalorExcedente'

2021-11-22 09:32:21 - [TEST_STEP][PASSED] - setText(findTestObject("Modulo Actos Administrativos/Modulo Viáticos/Costos de Viáticos/input_Factura_form_popupcostoviaticosfactura"), "5"): Text '5' is set on object 'Object Repository/Modulo Actos Administrativos/Modulo Viáticos/Costos de Viáticos/input_Factura_form_popupcostoviaticosfactura'

2021-11-22 09:32:21 - [MESSAGE][PASSED] - Text '5' is set on object 'Object Repository/Modulo Actos Administrativos/Modulo Viáticos/Costos de Viáticos/input_Factura_form_popupcostoviaticosfactura'

2021-11-22 09:32:21 - [TEST_STEP][PASSED] - setText(findTestObject("Modulo Actos Administrativos/Modulo Viáticos/Costos de Viáticos/input_Factura_form_popupcostoviaticosfechafactura_input"), "01/07/2021"): Text '01/07/2021' is set on object 'Object Repository/Modulo Actos Administrativos/Modulo Viáticos/Costos de Viáticos/input_Factura_form_popupcostoviaticosfechafactura_input'

2021-11-22 09:32:22 - [MESSAGE][PASSED] - Text '01/07/2021' is set on object 'Object Repository/Modulo Actos Administrativos/Modulo Viáticos/Costos de Viáticos/input_Factura_form_popupcostoviaticosfechafactura_input'

2021-11-22 09:32:22 - [TEST_STEP][PASSED] - setText(findTestObject("Modulo Actos Administrativos/Modulo Viáticos/Costos de Viáticos/input_viatico_form_popupcostoviaticosdestino"), "1"): Text '1' is set on object 'Object Repository/Modulo Actos Administrativos/Modulo Viáticos/Costos de Viáticos/input_viatico_form_popupcostoviaticosdestino'

2021-11-22 09:32:23 - [MESSAGE][PASSED] - Text '1' is set on object 'Object Repository/Modulo Actos Administrativos/Modulo Viáticos/Costos de Viáticos/input_viatico_form_popupcostoviaticosdestino'

2021-11-22 09:32:23 - [TEST_STEP][PASSED] - click(findTestObject("Modulo Actos Administrativos/Modulo Viáticos/Costos de Viáticos/input_viatico_form_popupcostoviaticosdestino")): Object: 'Object Repository/Modulo Actos Administrativos/Modulo Viáticos/Costos de Viáticos/input_viatico_form_popupcostoviaticosdestino' is clicked on

2021-11-22 09:32:23 - [MESSAGE][PASSED] - Object: 'Object Repository/Modulo Actos Administrativos/Modulo Viáticos/Costos de Viáticos/input_viatico_form_popupcostoviaticosdestino' is clicked on

2021-11-22 09:32:23 - [TEST_STEP][PASSED] - click(findTestObject("Modulo Actos Administrativos/Modulo Viáticos/Costos de Viáticos/a_Guardar_costo")): Object: 'Object Repository/Modulo Actos Administrativos/Modulo Viáticos/Costos de Viáticos/a_Guardar_costo' is clicked on

2021-11-22 09:32:24 - [MESSAGE][PASSED] - Object: 'Object Repository/Modulo Actos Administrativos/Modulo Viáticos/Costos de Viáticos/a_Guardar_costo' is clicked on

2021-11-22 09:32:24 - [TEST_STEP][PASSED] - waitForElementClickable(findTestObject("Modulo Actos Administrativos/Modulo Viáticos/Costos de Viáticos/p_El registro se ha insertado correctamente"), 0): Object 'Object Repository/Modulo Actos Administrativos/Modulo Viáticos/Costos de Viáticos/p_El registro se ha insertado correctamente' is clickable

2021-11-22 09:32:24 - [MESSAGE][WARNING] - Timeout '0' is invalid. Using default page load timeout: '30'

2021-11-22 09:32:26 - [MESSAGE][PASSED] - Object 'Object Repository/Modulo Actos Administrativos/Modulo Viáticos/Costos de Viáticos/p_El registro se ha insertado correctamente' is clickable

2021-11-22 09:32:26 - [TEST_STEP][PASSED] - click(findTestObject("Modulo Actos Administrativos/Modulo Viáticos/Costos de Viáticos/span_Cerrar_ Costo viatico")): Object: 'Object Repository/Modulo Actos Administrativos/Modulo Viáticos/Costos de Viáticos/span_Cerrar_ Costo viatico' is clicked on

2021-11-22 09:32:26 - [MESSAGE][PASSED] - Object: 'Object Repository/Modulo Actos Administrativos/Modulo Viáticos/Costos de Viáticos/span_Cerrar_ Costo viatico' is clicked on

2021-11-22 09:32:26 - [TEST_STEP][PASSED] - getText(findTestObject("Alerta/Alerta")): Text of object 'Object Repository/Alerta/Alerta' is: 'El registro se ha insertado correctamente'

2021-11-22 09:32:27 - [MESSAGE][PASSED] - Text of object 'Object Repository/Alerta/Alerta' is: 'El registro se ha insertado correctamente']]></system-out>
         <system-err><![CDATA[]]></system-err>
      </testcase>
      <testcase name="Test Cases/1.1-Tareas Principales/1.6.2 Complementario de Viáticos" time="43.026" classname="Test Cases/1.1-Tareas Principales/1.6.2 Complementario de Viáticos" status="PASSED">
         <system-out><![CDATA[2021-11-22 09:32:27 - [TEST_CASE][PASSED] - Test Cases/1.1-Tareas Principales/1.6.2 Complementario de Viáticos: Test Cases/1.1-Tareas Principales/1.6.2 Complementario de Viáticos

2021-11-22 09:32:27 - [TEST_STEP][PASSED] - callTestCase(findTestCase("0.1-Login"), [:], STOP_ON_FAILURE): Call Test Case 'Test Cases/0.1-Login' successfully

2021-11-22 09:32:27 - [TEST_CASE][PASSED] - Test Cases/0.1-Login: Test Cases/0.1-Login

2021-11-22 09:32:27 - [TEST_STEP][PASSED] - openBrowser(""): Browser is opened with url: ''

2021-11-22 09:32:27 - [MESSAGE][WARNING] - A browser is already opened. Closing browser and opening a new one

2021-11-22 09:32:28 - [MESSAGE][INFO] - Starting 'Edge Chromium' driver

2021-11-22 09:32:30 - [MESSAGE][INFO] - Action delay is set to 0 milliseconds

2021-11-22 09:32:31 - [MESSAGE][PASSED] - Browser is opened with url: ''

2021-11-22 09:32:31 - [TEST_STEP][PASSED] - maximizeWindow(): Current window maximized

2021-11-22 09:32:31 - [MESSAGE][PASSED] - Current window maximized

2021-11-22 09:32:31 - [TEST_STEP][PASSED] - i = G_Login: null

2021-11-22 09:32:31 - [TEST_STEP][PASSED] - url = new java.net.URL(i): null

2021-11-22 09:32:31 - [TEST_STEP][PASSED] - println("URL: " + url.toString()): null

2021-11-22 09:32:31 - [TEST_STEP][PASSED] - connection = url.openConnection(): null

2021-11-22 09:32:31 - [TEST_STEP][PASSED] - connection.setRequestMethod("GET"): null

2021-11-22 09:32:31 - [TEST_STEP][PASSED] - connection.setReadTimeout(2 * 1000): null

2021-11-22 09:32:31 - [TEST_STEP][PASSED] - try: null

2021-11-22 09:32:31 - [TEST_STEP][PASSED] - connection.connect(): null

2021-11-22 09:32:31 - [TEST_STEP][PASSED] - flag = connected: null

2021-11-22 09:32:31 - [TEST_STEP][PASSED] - println("Valor_ori: " + flag): null

2021-11-22 09:32:31 - [TEST_STEP][PASSED] - if (flag): null

2021-11-22 09:32:31 - [TEST_STEP][PASSED] - navigateToUrl(i): Navigate to 'http://localhost:8380/saraweb/' successfully

2021-11-22 09:32:32 - [MESSAGE][PASSED] - Navigate to 'http://localhost:8380/saraweb/' successfully

2021-11-22 09:32:32 - [TEST_STEP][PASSED] - a(): null

2021-11-22 09:32:32 - [TEST_STEP][PASSED] - setText(findTestObject("Login/input_USUARIO_loginusuario"), G_Usuario): Text 'saraadmin' is set on object 'Object Repository/Login/input_USUARIO_loginusuario'

2021-11-22 09:32:33 - [MESSAGE][PASSED] - Text 'saraadmin' is set on object 'Object Repository/Login/input_USUARIO_loginusuario'

2021-11-22 09:32:33 - [TEST_STEP][PASSED] - setEncryptedText(findTestObject("Login/input_CLAVE_loginpassword"), "MkG4/TYiCFC3cb2driP7+Q=="): Text ****** has been set on object 'Object Repository/Login/input_CLAVE_loginpassword'

2021-11-22 09:32:33 - [MESSAGE][PASSED] - Text ****** has been set on object 'Object Repository/Login/input_CLAVE_loginpassword'

2021-11-22 09:32:33 - [TEST_STEP][PASSED] - waitForElementClickable(findTestObject("Login/a_Ingresar"), G_TimeOut): Object 'Object Repository/Login/a_Ingresar' is clickable

2021-11-22 09:32:34 - [MESSAGE][PASSED] - Object 'Object Repository/Login/a_Ingresar' is clickable

2021-11-22 09:32:34 - [TEST_STEP][PASSED] - click(findTestObject("Login/a_Ingresar")): Object: 'Object Repository/Login/a_Ingresar' is clicked on

2021-11-22 09:32:36 - [MESSAGE][PASSED] - Object: 'Object Repository/Login/a_Ingresar' is clicked on

2021-11-22 09:32:36 - [TEST_STEP][PASSED] - element = findWebElement(findTestObject("Login/a_Ir"), 30): null

2021-11-22 09:32:37 - [TEST_STEP][PASSED] - executeJavaScript("arguments[0].click()", Arrays.asList(element)): Execute JavaScript 'arguments[0].click()' successfully

2021-11-22 09:32:37 - [MESSAGE][PASSED] - Execute JavaScript 'arguments[0].click()' successfully

2021-11-22 09:32:37 - [MESSAGE][PASSED] - Call Test Case 'Test Cases/0.1-Login' successfully

2021-11-22 09:32:37 - [TEST_STEP][PASSED] - waitForElementClickable(findTestObject("Modulo Actos Administrativos/Modulo Viáticos/Complementario de Viáticos/input_ADMINISTRADOR DEL SISTEMA - SARA_form_templatej_idt24_input"), 0): Object 'Object Repository/Modulo Actos Administrativos/Modulo Viáticos/Complementario de Viáticos/input_ADMINISTRADOR DEL SISTEMA - SARA_form_templatej_idt24_input' is clickable

2021-11-22 09:32:37 - [MESSAGE][WARNING] - Timeout '0' is invalid. Using default page load timeout: '30'

2021-11-22 09:32:38 - [MESSAGE][PASSED] - Object 'Object Repository/Modulo Actos Administrativos/Modulo Viáticos/Complementario de Viáticos/input_ADMINISTRADOR DEL SISTEMA - SARA_form_templatej_idt24_input' is clickable

2021-11-22 09:32:38 - [TEST_STEP][PASSED] - setText(findTestObject("Modulo Actos Administrativos/Modulo Viáticos/Complementario de Viáticos/input_ADMINISTRADOR DEL SISTEMA - SARA_form_templatej_idt24_input"), "listado de viaticos"): Text 'listado de viaticos' is set on object 'Object Repository/Modulo Actos Administrativos/Modulo Viáticos/Complementario de Viáticos/input_ADMINISTRADOR DEL SISTEMA - SARA_form_templatej_idt24_input'

2021-11-22 09:32:39 - [MESSAGE][PASSED] - Text 'listado de viaticos' is set on object 'Object Repository/Modulo Actos Administrativos/Modulo Viáticos/Complementario de Viáticos/input_ADMINISTRADOR DEL SISTEMA - SARA_form_templatej_idt24_input'

2021-11-22 09:32:39 - [TEST_STEP][PASSED] - waitForElementClickable(findTestObject("Modulo Actos Administrativos/Modulo Viáticos/Complementario de Viáticos/li_Listado de Viaticos (act)"), 0): Object 'Object Repository/Modulo Actos Administrativos/Modulo Viáticos/Complementario de Viáticos/li_Listado de Viaticos (act)' is clickable

2021-11-22 09:32:39 - [MESSAGE][WARNING] - Timeout '0' is invalid. Using default page load timeout: '30'

2021-11-22 09:32:40 - [MESSAGE][PASSED] - Object 'Object Repository/Modulo Actos Administrativos/Modulo Viáticos/Complementario de Viáticos/li_Listado de Viaticos (act)' is clickable

2021-11-22 09:32:40 - [TEST_STEP][PASSED] - sendKeys(findTestObject("Modulo Actos Administrativos/Modulo Viáticos/Complementario de Viáticos/input_ADMINISTRADOR DEL SISTEMA - SARA_form_templatej_idt24_input"), Keys.chord(ENTER)): Keys 'ENTER + ' sent to object: 'Object Repository/Modulo Actos Administrativos/Modulo Viáticos/Complementario de Viáticos/input_ADMINISTRADOR DEL SISTEMA - SARA_form_templatej_idt24_input'

2021-11-22 09:32:41 - [MESSAGE][PASSED] - Keys 'ENTER + ' sent to object: 'Object Repository/Modulo Actos Administrativos/Modulo Viáticos/Complementario de Viáticos/input_ADMINISTRADOR DEL SISTEMA - SARA_form_templatej_idt24_input'

2021-11-22 09:32:41 - [TEST_STEP][PASSED] - selectOptionByIndex(findTestObject("Modulo Actos Administrativos/Modulo Viáticos/Complementario de Viáticos/select_--Seleccione--AnuladoAutorizadaDerogadaNo AutorizadaProgramadaSolicitado"), 2): All options with index in [2] are selected on object 'Object Repository/Modulo Actos Administrativos/Modulo Viáticos/Complementario de Viáticos/select_--Seleccione--AnuladoAutorizadaDerogadaNo AutorizadaProgramadaSolicitado'

2021-11-22 09:32:43 - [MESSAGE][PASSED] - All options with index in [2] are selected on object 'Object Repository/Modulo Actos Administrativos/Modulo Viáticos/Complementario de Viáticos/select_--Seleccione--AnuladoAutorizadaDerogadaNo AutorizadaProgramadaSolicitado'

2021-11-22 09:32:43 - [TEST_STEP][PASSED] - if (waitForElementClickable(findTestObject("Modulo Actos Administrativos/Modulo Viáticos/Complementario de Viáticos/span_5"), 1)): null

2021-11-22 09:32:44 - [MESSAGE][PASSED] - Object 'Object Repository/Modulo Actos Administrativos/Modulo Viáticos/Complementario de Viáticos/span_5' is clickable

2021-11-22 09:32:44 - [TEST_STEP][PASSED] - click(findTestObject("Modulo Actos Administrativos/Modulo Viáticos/Complementario de Viáticos/span_5")): Object: 'Object Repository/Modulo Actos Administrativos/Modulo Viáticos/Complementario de Viáticos/span_5' is clicked on

2021-11-22 09:32:44 - [MESSAGE][PASSED] - Object: 'Object Repository/Modulo Actos Administrativos/Modulo Viáticos/Complementario de Viáticos/span_5' is clicked on

2021-11-22 09:32:44 - [TEST_STEP][PASSED] - waitForElementClickable(findTestObject("Modulo Actos Administrativos/Modulo Viáticos/Complementario de Viáticos/a_Complementario"), 0): Object 'Object Repository/Modulo Actos Administrativos/Modulo Viáticos/Complementario de Viáticos/a_Complementario' is clickable

2021-11-22 09:32:44 - [MESSAGE][WARNING] - Timeout '0' is invalid. Using default page load timeout: '30'

2021-11-22 09:32:47 - [MESSAGE][PASSED] - Object 'Object Repository/Modulo Actos Administrativos/Modulo Viáticos/Complementario de Viáticos/a_Complementario' is clickable

2021-11-22 09:32:47 - [TEST_STEP][PASSED] - click(findTestObject("Modulo Actos Administrativos/Modulo Viáticos/Complementario de Viáticos/a_Complementario")): Object: 'Object Repository/Modulo Actos Administrativos/Modulo Viáticos/Complementario de Viáticos/a_Complementario' is clicked on

2021-11-22 09:32:48 - [MESSAGE][PASSED] - Object: 'Object Repository/Modulo Actos Administrativos/Modulo Viáticos/Complementario de Viáticos/a_Complementario' is clicked on

2021-11-22 09:32:48 - [TEST_STEP][PASSED] - if (waitForElementClickable(findTestObject("Modulo Actos Administrativos/Modulo Viáticos/Complementario de Viáticos/span_Quintero 45 Empleado"), 1)): Web element with id: 'Object Repository/Modulo Actos Administrativos/Modulo Viáticos/Complementario de Viáticos/span_Quintero 45 Empleado' located by '//*/text()[normalize-space(.)='QUINTERO 45 EMPLEADO']/parent::*' not found

2021-11-22 09:32:50 - [MESSAGE][INFO] - Unable to find the element located by 'By.xpath: //*/text()[normalize-space(.)='QUINTERO 45 EMPLEADO']/parent::*'. Please recheck the objects properties to make sure the desired element is located. 

2021-11-22 09:32:50 - [MESSAGE][WARNING] - Web element with id: 'Object Repository/Modulo Actos Administrativos/Modulo Viáticos/Complementario de Viáticos/span_Quintero 45 Empleado' located by '//*/text()[normalize-space(.)='QUINTERO 45 EMPLEADO']/parent::*' not found

2021-11-22 09:32:50 - [TEST_STEP][PASSED] - click(findTestObject("Modulo Actos Administrativos/Modulo Viáticos/Complementario de Viáticos/a_Nuevo")): Object: 'Object Repository/Modulo Actos Administrativos/Modulo Viáticos/Complementario de Viáticos/a_Nuevo' is clicked on

2021-11-22 09:32:51 - [MESSAGE][PASSED] - Object: 'Object Repository/Modulo Actos Administrativos/Modulo Viáticos/Complementario de Viáticos/a_Nuevo' is clicked on

2021-11-22 09:32:51 - [TEST_STEP][PASSED] - click(findTestObject("Modulo Actos Administrativos/Modulo Viáticos/Complementario de Viáticos/a_Funcionario_form_popupComplementarioViaticoj_idt332")): Object: 'Object Repository/Modulo Actos Administrativos/Modulo Viáticos/Complementario de Viáticos/a_Funcionario_form_popupComplementarioViaticoj_idt332' is clicked on

2021-11-22 09:32:51 - [MESSAGE][PASSED] - Object: 'Object Repository/Modulo Actos Administrativos/Modulo Viáticos/Complementario de Viáticos/a_Funcionario_form_popupComplementarioViaticoj_idt332' is clicked on

2021-11-22 09:32:51 - [TEST_STEP][PASSED] - setText(findTestObject("Modulo Actos Administrativos/Modulo Viáticos/Complementario de Viáticos/input_Filtro Empleado_form_popupEmpleadoj_idt561"), "QUINTERO 45 EMPLEADO"): Text 'QUINTERO 45 EMPLEADO' is set on object 'Object Repository/Modulo Actos Administrativos/Modulo Viáticos/Complementario de Viáticos/input_Filtro Empleado_form_popupEmpleadoj_idt561'

2021-11-22 09:32:53 - [MESSAGE][PASSED] - Text 'QUINTERO 45 EMPLEADO' is set on object 'Object Repository/Modulo Actos Administrativos/Modulo Viáticos/Complementario de Viáticos/input_Filtro Empleado_form_popupEmpleadoj_idt561'

2021-11-22 09:32:53 - [TEST_STEP][PASSED] - sendKeys(findTestObject("Modulo Actos Administrativos/Modulo Viáticos/Complementario de Viáticos/input_Filtro Empleado_form_popupEmpleadoj_idt561"), Keys.chord(ENTER)): Keys 'ENTER + ' sent to object: 'Object Repository/Modulo Actos Administrativos/Modulo Viáticos/Complementario de Viáticos/input_Filtro Empleado_form_popupEmpleadoj_idt561'

2021-11-22 09:32:54 - [MESSAGE][PASSED] - Keys 'ENTER + ' sent to object: 'Object Repository/Modulo Actos Administrativos/Modulo Viáticos/Complementario de Viáticos/input_Filtro Empleado_form_popupEmpleadoj_idt561'

2021-11-22 09:32:54 - [TEST_STEP][PASSED] - click(findTestObject("Modulo Actos Administrativos/Modulo Viáticos/Complementario de Viáticos/span_Quintero 45 Empleado_Complementario")): Object: 'Object Repository/Modulo Actos Administrativos/Modulo Viáticos/Complementario de Viáticos/span_Quintero 45 Empleado_Complementario' is clicked on

2021-11-22 09:32:55 - [MESSAGE][PASSED] - Object: 'Object Repository/Modulo Actos Administrativos/Modulo Viáticos/Complementario de Viáticos/span_Quintero 45 Empleado_Complementario' is clicked on

2021-11-22 09:32:55 - [TEST_STEP][PASSED] - setText(findTestObject("Modulo Actos Administrativos/Modulo Viáticos/Complementario de Viáticos/input_Fecha Inicial_form_popupComplementarioViaticofechainicial_input"), "01/07/2021"): Text '01/07/2021' is set on object 'Object Repository/Modulo Actos Administrativos/Modulo Viáticos/Complementario de Viáticos/input_Fecha Inicial_form_popupComplementarioViaticofechainicial_input'

2021-11-22 09:32:56 - [MESSAGE][PASSED] - Text '01/07/2021' is set on object 'Object Repository/Modulo Actos Administrativos/Modulo Viáticos/Complementario de Viáticos/input_Fecha Inicial_form_popupComplementarioViaticofechainicial_input'

2021-11-22 09:32:56 - [TEST_STEP][PASSED] - setText(findTestObject("Modulo Actos Administrativos/Modulo Viáticos/Complementario de Viáticos/input_Fecha Final_form_popupComplementarioViaticofechafinal_input"), "01/11/2021"): Text '01/11/2021' is set on object 'Object Repository/Modulo Actos Administrativos/Modulo Viáticos/Complementario de Viáticos/input_Fecha Final_form_popupComplementarioViaticofechafinal_input'

2021-11-22 09:32:57 - [MESSAGE][PASSED] - Text '01/11/2021' is set on object 'Object Repository/Modulo Actos Administrativos/Modulo Viáticos/Complementario de Viáticos/input_Fecha Final_form_popupComplementarioViaticofechafinal_input'

2021-11-22 09:32:57 - [TEST_STEP][PASSED] - setText(findTestObject("Modulo Actos Administrativos/Modulo Viáticos/Complementario de Viáticos/input_Cantidad_form_popupComplementarioViaticocantidad"), "10"): Text '10' is set on object 'Object Repository/Modulo Actos Administrativos/Modulo Viáticos/Complementario de Viáticos/input_Cantidad_form_popupComplementarioViaticocantidad'

2021-11-22 09:32:58 - [MESSAGE][PASSED] - Text '10' is set on object 'Object Repository/Modulo Actos Administrativos/Modulo Viáticos/Complementario de Viáticos/input_Cantidad_form_popupComplementarioViaticocantidad'

2021-11-22 09:32:58 - [TEST_STEP][PASSED] - selectOptionByIndex(findTestObject("Modulo Actos Administrativos/Modulo Viáticos/Complementario de Viáticos/select_--- Seleccione Tipo Costo --Viatico prueba--comple"), "1"): All options with index in [1] are selected on object 'Object Repository/Modulo Actos Administrativos/Modulo Viáticos/Complementario de Viáticos/select_--- Seleccione Tipo Costo --Viatico prueba--comple'

2021-11-22 09:32:59 - [MESSAGE][PASSED] - All options with index in [1] are selected on object 'Object Repository/Modulo Actos Administrativos/Modulo Viáticos/Complementario de Viáticos/select_--- Seleccione Tipo Costo --Viatico prueba--comple'

2021-11-22 09:32:59 - [TEST_STEP][PASSED] - setText(findTestObject("Modulo Actos Administrativos/Modulo Viáticos/Complementario de Viáticos/input_Cdp_form_popupComplementarioViaticodocumento"), "1019"): Text '1019' is set on object 'Object Repository/Modulo Actos Administrativos/Modulo Viáticos/Complementario de Viáticos/input_Cdp_form_popupComplementarioViaticodocumento'

2021-11-22 09:33:00 - [MESSAGE][PASSED] - Text '1019' is set on object 'Object Repository/Modulo Actos Administrativos/Modulo Viáticos/Complementario de Viáticos/input_Cdp_form_popupComplementarioViaticodocumento'

2021-11-22 09:33:00 - [TEST_STEP][PASSED] - setText(findTestObject("Modulo Actos Administrativos/Modulo Viáticos/Complementario de Viáticos/input_TRM Proyectada_form_popupComplementarioViaticotrm"), "5"): Text '5' is set on object 'Object Repository/Modulo Actos Administrativos/Modulo Viáticos/Complementario de Viáticos/input_TRM Proyectada_form_popupComplementarioViaticotrm'

2021-11-22 09:33:00 - [MESSAGE][PASSED] - Text '5' is set on object 'Object Repository/Modulo Actos Administrativos/Modulo Viáticos/Complementario de Viáticos/input_TRM Proyectada_form_popupComplementarioViaticotrm'

2021-11-22 09:33:00 - [TEST_STEP][PASSED] - click(findTestObject("Modulo Actos Administrativos/Modulo Viáticos/Complementario de Viáticos/a_Guardar_complemento")): Object: 'Object Repository/Modulo Actos Administrativos/Modulo Viáticos/Complementario de Viáticos/a_Guardar_complemento' is clicked on

2021-11-22 09:33:01 - [MESSAGE][PASSED] - Object: 'Object Repository/Modulo Actos Administrativos/Modulo Viáticos/Complementario de Viáticos/a_Guardar_complemento' is clicked on

2021-11-22 09:33:01 - [TEST_STEP][PASSED] - getText(findTestObject("Alerta/Alerta")): Text of object 'Object Repository/Alerta/Alerta' is: 'Se ha creado el registro.'

2021-11-22 09:33:02 - [MESSAGE][PASSED] - Text of object 'Object Repository/Alerta/Alerta' is: 'Se ha creado el registro.'

2021-11-22 09:33:02 - [TEST_STEP][PASSED] - click(findTestObject("Modulo Actos Administrativos/Modulo Viáticos/Complementario de Viáticos/span_E_ui-icon ui-icon-closethick")): Object: 'Object Repository/Modulo Actos Administrativos/Modulo Viáticos/Complementario de Viáticos/span_E_ui-icon ui-icon-closethick' is clicked on

2021-11-22 09:33:02 - [MESSAGE][PASSED] - Object: 'Object Repository/Modulo Actos Administrativos/Modulo Viáticos/Complementario de Viáticos/span_E_ui-icon ui-icon-closethick' is clicked on

2021-11-22 09:33:02 - [TEST_STEP][PASSED] - waitForElementClickable(findTestObject("Modulo Actos Administrativos/Modulo Viáticos/Complementario de Viáticos/a_Registro"), 0): Object 'Object Repository/Modulo Actos Administrativos/Modulo Viáticos/Complementario de Viáticos/a_Registro' is clickable

2021-11-22 09:33:02 - [MESSAGE][WARNING] - Timeout '0' is invalid. Using default page load timeout: '30'

2021-11-22 09:33:03 - [MESSAGE][PASSED] - Object 'Object Repository/Modulo Actos Administrativos/Modulo Viáticos/Complementario de Viáticos/a_Registro' is clickable

2021-11-22 09:33:03 - [TEST_STEP][PASSED] - click(findTestObject("Modulo Actos Administrativos/Modulo Viáticos/Complementario de Viáticos/a_Registro")): Object: 'Object Repository/Modulo Actos Administrativos/Modulo Viáticos/Complementario de Viáticos/a_Registro' is clicked on

2021-11-22 09:33:04 - [MESSAGE][PASSED] - Object: 'Object Repository/Modulo Actos Administrativos/Modulo Viáticos/Complementario de Viáticos/a_Registro' is clicked on

2021-11-22 09:33:04 - [TEST_STEP][PASSED] - if (waitForElementClickable(findTestObject("Modulo Actos Administrativos/Modulo Viáticos/Complementario de Viáticos/a_Nuevo"), 1)): Web element with id: 'Object Repository/Modulo Actos Administrativos/Modulo Viáticos/Complementario de Viáticos/a_Nuevo' located by '//a[contains(text(),'Nuevo')]' not found

2021-11-22 09:33:06 - [MESSAGE][INFO] - Unable to find the element located by 'By.xpath: //a[contains(text(),'Nuevo')]'. Please recheck the objects properties to make sure the desired element is located. 

2021-11-22 09:33:06 - [MESSAGE][WARNING] - Web element with id: 'Object Repository/Modulo Actos Administrativos/Modulo Viáticos/Complementario de Viáticos/a_Nuevo' located by '//a[contains(text(),'Nuevo')]' not found

2021-11-22 09:33:06 - [TEST_STEP][PASSED] - if (waitForElementClickable(findTestObject("Modulo Actos Administrativos/Modulo Viáticos/Complementario de Viáticos/span_Autorizada_ui-icon ui-icon-closethick"), 1)): Web element with id: 'Object Repository/Modulo Actos Administrativos/Modulo Viáticos/Complementario de Viáticos/span_Autorizada_ui-icon ui-icon-closethick' located by '//div[2]/div/a/span' not found

2021-11-22 09:33:09 - [MESSAGE][INFO] - Unable to find the element located by 'By.xpath: //div[2]/div/a/span'. Please recheck the objects properties to make sure the desired element is located. 

2021-11-22 09:33:09 - [MESSAGE][WARNING] - Web element with id: 'Object Repository/Modulo Actos Administrativos/Modulo Viáticos/Complementario de Viáticos/span_Autorizada_ui-icon ui-icon-closethick' located by '//div[2]/div/a/span' not found

2021-11-22 09:33:09 - [TEST_STEP][PASSED] - closeBrowser(): Browser is closed

2021-11-22 09:33:10 - [MESSAGE][PASSED] - Browser is closed]]></system-out>
         <system-err><![CDATA[]]></system-err>
      </testcase>
      <testcase name="Test Cases/1.1-Tareas Principales/1.6.3 Desembolsar Viático" time="44.99" classname="Test Cases/1.1-Tareas Principales/1.6.3 Desembolsar Viático" status="FAILED">
         <failure type="FAILED" message="Test Cases/1.1-Tareas Principales/1.6.3 Desembolsar Viático FAILED.
Reason:
com.kms.katalon.core.exception.StepFailedException: Unable to select option by index '2' of object 'Object Repository/Modulo Actos Administrativos/Modulo Viáticos/Desembolsar viáticos/select_--Seleccione--AnuladoAutorizadaDerogadaNo AutorizadaProgramadaSolicitado'
	at com.kms.katalon.core.webui.keyword.internal.WebUIKeywordMain.stepFailed(WebUIKeywordMain.groovy:64)
	at com.kms.katalon.core.webui.keyword.internal.WebUIKeywordMain.runKeyword(WebUIKeywordMain.groovy:26)
	at com.kms.katalon.core.webui.keyword.builtin.SelectOptionByIndexKeyword.selectOptionByIndex(SelectOptionByIndexKeyword.groovy:93)
	at com.kms.katalon.core.webui.keyword.builtin.SelectOptionByIndexKeyword.execute(SelectOptionByIndexKeyword.groovy:68)
	at com.kms.katalon.core.keyword.internal.KeywordExecutor.executeKeywordForPlatform(KeywordExecutor.groovy:74)
	at com.kms.katalon.core.webui.keyword.WebUiBuiltInKeywords.selectOptionByIndex(WebUiBuiltInKeywords.groovy:1133)
	at com.kms.katalon.core.webui.keyword.WebUiBuiltInKeywords$selectOptionByIndex$8.call(Unknown Source)
	at 1.6.3 Desembolsar Viático.run(1.6.3 Desembolsar Viático:34)
	at com.kms.katalon.core.main.ScriptEngine.run(ScriptEngine.java:194)
	at com.kms.katalon.core.main.ScriptEngine.runScriptAsRawText(ScriptEngine.java:119)
	at com.kms.katalon.core.main.TestCaseExecutor.runScript(TestCaseExecutor.java:442)
	at com.kms.katalon.core.main.TestCaseExecutor.doExecute(TestCaseExecutor.java:433)
	at com.kms.katalon.core.main.TestCaseExecutor.processExecutionPhase(TestCaseExecutor.java:412)
	at com.kms.katalon.core.main.TestCaseExecutor.accessMainPhase(TestCaseExecutor.java:404)
	at com.kms.katalon.core.main.TestCaseExecutor.execute(TestCaseExecutor.java:281)
	at com.kms.katalon.core.main.TestSuiteExecutor.accessTestCaseMainPhase(TestSuiteExecutor.java:202)
	at com.kms.katalon.core.main.TestSuiteExecutor.accessTestSuiteMainPhase(TestSuiteExecutor.java:164)
	at com.kms.katalon.core.main.TestSuiteExecutor.execute(TestSuiteExecutor.java:105)
	at com.kms.katalon.core.main.TestCaseMain.startTestSuite(TestCaseMain.java:181)
	at com.kms.katalon.core.main.TestCaseMain$startTestSuite$0.call(Unknown Source)
	at TempTestSuite1637588847917.run(TempTestSuite1637588847917.groovy:36)
Caused by: com.kms.katalon.core.webui.exception.WebElementNotFoundException: Web element with id: 'Object Repository/Modulo Actos Administrativos/Modulo Viáticos/Desembolsar viáticos/select_--Seleccione--AnuladoAutorizadaDerogadaNo AutorizadaProgramadaSolicitado' located by '//select[@id='form_listadoviaticos:j_idt91']' not found
	at com.kms.katalon.core.webui.common.WebUiCommonHelper.findWebElement(WebUiCommonHelper.java:1368)
	at com.kms.katalon.core.webui.keyword.internal.WebUIAbstractKeyword.findWebElement(WebUIAbstractKeyword.groovy:27)
	at com.kms.katalon.core.webui.keyword.internal.WebUIAbstractKeyword.findWebElement(WebUIAbstractKeyword.groovy:26)
	at com.kms.katalon.core.webui.keyword.builtin.SelectOptionByIndexKeyword$_selectOptionByIndex_closure1.doCall(SelectOptionByIndexKeyword.groovy:84)
	at com.kms.katalon.core.webui.keyword.builtin.SelectOptionByIndexKeyword$_selectOptionByIndex_closure1.call(SelectOptionByIndexKeyword.groovy)
	at com.kms.katalon.core.webui.keyword.internal.WebUIKeywordMain.runKeyword(WebUIKeywordMain.groovy:20)
	... 19 more
"/>
         <system-out><![CDATA[2021-11-22 09:33:10 - [TEST_CASE][FAILED] - Test Cases/1.1-Tareas Principales/1.6.3 Desembolsar Viático: Test Cases/1.1-Tareas Principales/1.6.3 Desembolsar Viático FAILED.
Reason:
com.kms.katalon.core.exception.StepFailedException: Unable to select option by index '2' of object 'Object Repository/Modulo Actos Administrativos/Modulo Viáticos/Desembolsar viáticos/select_--Seleccione--AnuladoAutorizadaDerogadaNo AutorizadaProgramadaSolicitado'
	at com.kms.katalon.core.webui.keyword.internal.WebUIKeywordMain.stepFailed(WebUIKeywordMain.groovy:64)
	at com.kms.katalon.core.webui.keyword.internal.WebUIKeywordMain.runKeyword(WebUIKeywordMain.groovy:26)
	at com.kms.katalon.core.webui.keyword.builtin.SelectOptionByIndexKeyword.selectOptionByIndex(SelectOptionByIndexKeyword.groovy:93)
	at com.kms.katalon.core.webui.keyword.builtin.SelectOptionByIndexKeyword.execute(SelectOptionByIndexKeyword.groovy:68)
	at com.kms.katalon.core.keyword.internal.KeywordExecutor.executeKeywordForPlatform(KeywordExecutor.groovy:74)
	at com.kms.katalon.core.webui.keyword.WebUiBuiltInKeywords.selectOptionByIndex(WebUiBuiltInKeywords.groovy:1133)
	at com.kms.katalon.core.webui.keyword.WebUiBuiltInKeywords$selectOptionByIndex$8.call(Unknown Source)
	at 1.6.3 Desembolsar Viático.run(1.6.3 Desembolsar Viático:34)
	at com.kms.katalon.core.main.ScriptEngine.run(ScriptEngine.java:194)
	at com.kms.katalon.core.main.ScriptEngine.runScriptAsRawText(ScriptEngine.java:119)
	at com.kms.katalon.core.main.TestCaseExecutor.runScript(TestCaseExecutor.java:442)
	at com.kms.katalon.core.main.TestCaseExecutor.doExecute(TestCaseExecutor.java:433)
	at com.kms.katalon.core.main.TestCaseExecutor.processExecutionPhase(TestCaseExecutor.java:412)
	at com.kms.katalon.core.main.TestCaseExecutor.accessMainPhase(TestCaseExecutor.java:404)
	at com.kms.katalon.core.main.TestCaseExecutor.execute(TestCaseExecutor.java:281)
	at com.kms.katalon.core.main.TestSuiteExecutor.accessTestCaseMainPhase(TestSuiteExecutor.java:202)
	at com.kms.katalon.core.main.TestSuiteExecutor.accessTestSuiteMainPhase(TestSuiteExecutor.java:164)
	at com.kms.katalon.core.main.TestSuiteExecutor.execute(TestSuiteExecutor.java:105)
	at com.kms.katalon.core.main.TestCaseMain.startTestSuite(TestCaseMain.java:181)
	at com.kms.katalon.core.main.TestCaseMain$startTestSuite$0.call(Unknown Source)
	at TempTestSuite1637588847917.run(TempTestSuite1637588847917.groovy:36)
Caused by: com.kms.katalon.core.webui.exception.WebElementNotFoundException: Web element with id: 'Object Repository/Modulo Actos Administrativos/Modulo Viáticos/Desembolsar viáticos/select_--Seleccione--AnuladoAutorizadaDerogadaNo AutorizadaProgramadaSolicitado' located by '//select[@id='form_listadoviaticos:j_idt91']' not found
	at com.kms.katalon.core.webui.common.WebUiCommonHelper.findWebElement(WebUiCommonHelper.java:1368)
	at com.kms.katalon.core.webui.keyword.internal.WebUIAbstractKeyword.findWebElement(WebUIAbstractKeyword.groovy:27)
	at com.kms.katalon.core.webui.keyword.internal.WebUIAbstractKeyword.findWebElement(WebUIAbstractKeyword.groovy:26)
	at com.kms.katalon.core.webui.keyword.builtin.SelectOptionByIndexKeyword$_selectOptionByIndex_closure1.doCall(SelectOptionByIndexKeyword.groovy:84)
	at com.kms.katalon.core.webui.keyword.builtin.SelectOptionByIndexKeyword$_selectOptionByIndex_closure1.call(SelectOptionByIndexKeyword.groovy)
	at com.kms.katalon.core.webui.keyword.internal.WebUIKeywordMain.runKeyword(WebUIKeywordMain.groovy:20)
	... 19 more


2021-11-22 09:33:10 - [TEST_STEP][PASSED] - callTestCase(findTestCase("0.1-Login"), [:], STOP_ON_FAILURE): Call Test Case 'Test Cases/0.1-Login' successfully

2021-11-22 09:33:10 - [TEST_CASE][PASSED] - Test Cases/0.1-Login: Test Cases/0.1-Login

2021-11-22 09:33:10 - [TEST_STEP][PASSED] - openBrowser(""): Browser is opened with url: ''

2021-11-22 09:33:10 - [MESSAGE][INFO] - Starting 'Edge Chromium' driver

2021-11-22 09:33:12 - [MESSAGE][INFO] - Action delay is set to 0 milliseconds

2021-11-22 09:33:13 - [MESSAGE][PASSED] - Browser is opened with url: ''

2021-11-22 09:33:13 - [TEST_STEP][PASSED] - maximizeWindow(): Current window maximized

2021-11-22 09:33:13 - [MESSAGE][PASSED] - Current window maximized

2021-11-22 09:33:13 - [TEST_STEP][PASSED] - i = G_Login: null

2021-11-22 09:33:13 - [TEST_STEP][PASSED] - url = new java.net.URL(i): null

2021-11-22 09:33:13 - [TEST_STEP][PASSED] - println("URL: " + url.toString()): null

2021-11-22 09:33:13 - [TEST_STEP][PASSED] - connection = url.openConnection(): null

2021-11-22 09:33:13 - [TEST_STEP][PASSED] - connection.setRequestMethod("GET"): null

2021-11-22 09:33:13 - [TEST_STEP][PASSED] - connection.setReadTimeout(2 * 1000): null

2021-11-22 09:33:13 - [TEST_STEP][PASSED] - try: null

2021-11-22 09:33:13 - [TEST_STEP][PASSED] - connection.connect(): null

2021-11-22 09:33:13 - [TEST_STEP][PASSED] - flag = connected: null

2021-11-22 09:33:13 - [TEST_STEP][PASSED] - println("Valor_ori: " + flag): null

2021-11-22 09:33:13 - [TEST_STEP][PASSED] - if (flag): null

2021-11-22 09:33:13 - [TEST_STEP][PASSED] - navigateToUrl(i): Navigate to 'http://localhost:8380/saraweb/' successfully

2021-11-22 09:33:14 - [MESSAGE][PASSED] - Navigate to 'http://localhost:8380/saraweb/' successfully

2021-11-22 09:33:14 - [TEST_STEP][PASSED] - a(): null

2021-11-22 09:33:14 - [TEST_STEP][PASSED] - setText(findTestObject("Login/input_USUARIO_loginusuario"), G_Usuario): Text 'saraadmin' is set on object 'Object Repository/Login/input_USUARIO_loginusuario'

2021-11-22 09:33:15 - [MESSAGE][PASSED] - Text 'saraadmin' is set on object 'Object Repository/Login/input_USUARIO_loginusuario'

2021-11-22 09:33:15 - [TEST_STEP][PASSED] - setEncryptedText(findTestObject("Login/input_CLAVE_loginpassword"), "MkG4/TYiCFC3cb2driP7+Q=="): Text ****** has been set on object 'Object Repository/Login/input_CLAVE_loginpassword'

2021-11-22 09:33:15 - [MESSAGE][PASSED] - Text ****** has been set on object 'Object Repository/Login/input_CLAVE_loginpassword'

2021-11-22 09:33:15 - [TEST_STEP][PASSED] - waitForElementClickable(findTestObject("Login/a_Ingresar"), G_TimeOut): Object 'Object Repository/Login/a_Ingresar' is clickable

2021-11-22 09:33:16 - [MESSAGE][PASSED] - Object 'Object Repository/Login/a_Ingresar' is clickable

2021-11-22 09:33:16 - [TEST_STEP][PASSED] - click(findTestObject("Login/a_Ingresar")): Object: 'Object Repository/Login/a_Ingresar' is clicked on

2021-11-22 09:33:19 - [MESSAGE][PASSED] - Object: 'Object Repository/Login/a_Ingresar' is clicked on

2021-11-22 09:33:19 - [TEST_STEP][PASSED] - element = findWebElement(findTestObject("Login/a_Ir"), 30): null

2021-11-22 09:33:19 - [TEST_STEP][PASSED] - executeJavaScript("arguments[0].click()", Arrays.asList(element)): Execute JavaScript 'arguments[0].click()' successfully

2021-11-22 09:33:19 - [MESSAGE][PASSED] - Execute JavaScript 'arguments[0].click()' successfully

2021-11-22 09:33:19 - [MESSAGE][PASSED] - Call Test Case 'Test Cases/0.1-Login' successfully

2021-11-22 09:33:19 - [TEST_STEP][PASSED] - waitForElementClickable(findTestObject("Modulo Actos Administrativos/Modulo Viáticos/Desembolsar viáticos/input_ADMINISTRADOR DEL SISTEMA - SARA_form_templatej_idt24_input"), 0): Object 'Object Repository/Modulo Actos Administrativos/Modulo Viáticos/Desembolsar viáticos/input_ADMINISTRADOR DEL SISTEMA - SARA_form_templatej_idt24_input' is clickable

2021-11-22 09:33:19 - [MESSAGE][WARNING] - Timeout '0' is invalid. Using default page load timeout: '30'

2021-11-22 09:33:20 - [MESSAGE][PASSED] - Object 'Object Repository/Modulo Actos Administrativos/Modulo Viáticos/Desembolsar viáticos/input_ADMINISTRADOR DEL SISTEMA - SARA_form_templatej_idt24_input' is clickable

2021-11-22 09:33:20 - [TEST_STEP][PASSED] - setText(findTestObject("Modulo Actos Administrativos/Modulo Viáticos/Desembolsar viáticos/input_ADMINISTRADOR DEL SISTEMA - SARA_form_templatej_idt24_input"), "listado de viaticos"): Text 'listado de viaticos' is set on object 'Object Repository/Modulo Actos Administrativos/Modulo Viáticos/Desembolsar viáticos/input_ADMINISTRADOR DEL SISTEMA - SARA_form_templatej_idt24_input'

2021-11-22 09:33:21 - [MESSAGE][PASSED] - Text 'listado de viaticos' is set on object 'Object Repository/Modulo Actos Administrativos/Modulo Viáticos/Desembolsar viáticos/input_ADMINISTRADOR DEL SISTEMA - SARA_form_templatej_idt24_input'

2021-11-22 09:33:21 - [TEST_STEP][PASSED] - waitForElementClickable(findTestObject("Modulo Actos Administrativos/Modulo Viáticos/Desembolsar viáticos/li_Listado de Viaticos (act)"), 0): Object 'Object Repository/Modulo Actos Administrativos/Modulo Viáticos/Desembolsar viáticos/li_Listado de Viaticos (act)' is clickable

2021-11-22 09:33:21 - [MESSAGE][WARNING] - Timeout '0' is invalid. Using default page load timeout: '30'

2021-11-22 09:33:23 - [MESSAGE][PASSED] - Object 'Object Repository/Modulo Actos Administrativos/Modulo Viáticos/Desembolsar viáticos/li_Listado de Viaticos (act)' is clickable

2021-11-22 09:33:23 - [TEST_STEP][PASSED] - sendKeys(findTestObject("Modulo Actos Administrativos/Modulo Viáticos/Desembolsar viáticos/input_ADMINISTRADOR DEL SISTEMA - SARA_form_templatej_idt24_input"), Keys.chord(ENTER)): Keys 'ENTER + ' sent to object: 'Object Repository/Modulo Actos Administrativos/Modulo Viáticos/Desembolsar viáticos/input_ADMINISTRADOR DEL SISTEMA - SARA_form_templatej_idt24_input'

2021-11-22 09:33:23 - [MESSAGE][PASSED] - Keys 'ENTER + ' sent to object: 'Object Repository/Modulo Actos Administrativos/Modulo Viáticos/Desembolsar viáticos/input_ADMINISTRADOR DEL SISTEMA - SARA_form_templatej_idt24_input'

2021-11-22 09:33:23 - [TEST_STEP][FAILED] - selectOptionByIndex(findTestObject("Modulo Actos Administrativos/Modulo Viáticos/Desembolsar viáticos/select_--Seleccione--AnuladoAutorizadaDerogadaNo AutorizadaProgramadaSolicitado"), 2): Unable to select option by index '2' of object 'Object Repository/Modulo Actos Administrativos/Modulo Viáticos/Desembolsar viáticos/select_--Seleccione--AnuladoAutorizadaDerogadaNo AutorizadaProgramadaSolicitado' (Root cause: com.kms.katalon.core.exception.StepFailedException: Unable to select option by index '2' of object 'Object Repository/Modulo Actos Administrativos/Modulo Viáticos/Desembolsar viáticos/select_--Seleccione--AnuladoAutorizadaDerogadaNo AutorizadaProgramadaSolicitado'
	at com.kms.katalon.core.webui.keyword.internal.WebUIKeywordMain.stepFailed(WebUIKeywordMain.groovy:64)
	at com.kms.katalon.core.webui.keyword.internal.WebUIKeywordMain.runKeyword(WebUIKeywordMain.groovy:26)
	at com.kms.katalon.core.webui.keyword.builtin.SelectOptionByIndexKeyword.selectOptionByIndex(SelectOptionByIndexKeyword.groovy:93)
	at com.kms.katalon.core.webui.keyword.builtin.SelectOptionByIndexKeyword.execute(SelectOptionByIndexKeyword.groovy:68)
	at com.kms.katalon.core.keyword.internal.KeywordExecutor.executeKeywordForPlatform(KeywordExecutor.groovy:74)
	at com.kms.katalon.core.webui.keyword.WebUiBuiltInKeywords.selectOptionByIndex(WebUiBuiltInKeywords.groovy:1133)
	at com.kms.katalon.core.webui.keyword.WebUiBuiltInKeywords$selectOptionByIndex$8.call(Unknown Source)
	at 1.6.3 Desembolsar Viático.run(1.6.3 Desembolsar Viático:34)
	at com.kms.katalon.core.main.ScriptEngine.run(ScriptEngine.java:194)
	at com.kms.katalon.core.main.ScriptEngine.runScriptAsRawText(ScriptEngine.java:119)
	at com.kms.katalon.core.main.TestCaseExecutor.runScript(TestCaseExecutor.java:442)
	at com.kms.katalon.core.main.TestCaseExecutor.doExecute(TestCaseExecutor.java:433)
	at com.kms.katalon.core.main.TestCaseExecutor.processExecutionPhase(TestCaseExecutor.java:412)
	at com.kms.katalon.core.main.TestCaseExecutor.accessMainPhase(TestCaseExecutor.java:404)
	at com.kms.katalon.core.main.TestCaseExecutor.execute(TestCaseExecutor.java:281)
	at com.kms.katalon.core.main.TestSuiteExecutor.accessTestCaseMainPhase(TestSuiteExecutor.java:202)
	at com.kms.katalon.core.main.TestSuiteExecutor.accessTestSuiteMainPhase(TestSuiteExecutor.java:164)
	at com.kms.katalon.core.main.TestSuiteExecutor.execute(TestSuiteExecutor.java:105)
	at com.kms.katalon.core.main.TestCaseMain.startTestSuite(TestCaseMain.java:181)
	at com.kms.katalon.core.main.TestCaseMain$startTestSuite$0.call(Unknown Source)
	at TempTestSuite1637588847917.run(TempTestSuite1637588847917.groovy:36)
Caused by: com.kms.katalon.core.webui.exception.WebElementNotFoundException: Web element with id: 'Object Repository/Modulo Actos Administrativos/Modulo Viáticos/Desembolsar viáticos/select_--Seleccione--AnuladoAutorizadaDerogadaNo AutorizadaProgramadaSolicitado' located by '//select[@id='form_listadoviaticos:j_idt91']' not found
	at com.kms.katalon.core.webui.common.WebUiCommonHelper.findWebElement(WebUiCommonHelper.java:1368)
	at com.kms.katalon.core.webui.keyword.internal.WebUIAbstractKeyword.findWebElement(WebUIAbstractKeyword.groovy:27)
	at com.kms.katalon.core.webui.keyword.internal.WebUIAbstractKeyword.findWebElement(WebUIAbstractKeyword.groovy:26)
	at com.kms.katalon.core.webui.keyword.builtin.SelectOptionByIndexKeyword$_selectOptionByIndex_closure1.doCall(SelectOptionByIndexKeyword.groovy:84)
	at com.kms.katalon.core.webui.keyword.builtin.SelectOptionByIndexKeyword$_selectOptionByIndex_closure1.call(SelectOptionByIndexKeyword.groovy)
	at com.kms.katalon.core.webui.keyword.internal.WebUIKeywordMain.runKeyword(WebUIKeywordMain.groovy:20)
	at com.kms.katalon.core.webui.keyword.builtin.SelectOptionByIndexKeyword.selectOptionByIndex(SelectOptionByIndexKeyword.groovy:93)
	at com.kms.katalon.core.webui.keyword.builtin.SelectOptionByIndexKeyword.execute(SelectOptionByIndexKeyword.groovy:68)
	at com.kms.katalon.core.keyword.internal.KeywordExecutor.executeKeywordForPlatform(KeywordExecutor.groovy:74)
	at com.kms.katalon.core.webui.keyword.WebUiBuiltInKeywords.selectOptionByIndex(WebUiBuiltInKeywords.groovy:1133)
	at com.kms.katalon.core.webui.keyword.WebUiBuiltInKeywords$selectOptionByIndex$8.call(Unknown Source)
	at Script1629835700542.run(Script1629835700542.groovy:34)
	... 13 more
)

2021-11-22 09:33:54 - [MESSAGE][INFO] - Unable to find the element located by 'By.xpath: //select[@id='form_listadoviaticos:j_idt91']'. Please recheck the objects properties to make sure the desired element is located. 

2021-11-22 09:33:55 - [MESSAGE][FAILED] - Unable to select option by index '2' of object 'Object Repository/Modulo Actos Administrativos/Modulo Viáticos/Desembolsar viáticos/select_--Seleccione--AnuladoAutorizadaDerogadaNo AutorizadaProgramadaSolicitado' (Root cause: com.kms.katalon.core.exception.StepFailedException: Unable to select option by index '2' of object 'Object Repository/Modulo Actos Administrativos/Modulo Viáticos/Desembolsar viáticos/select_--Seleccione--AnuladoAutorizadaDerogadaNo AutorizadaProgramadaSolicitado'
	at com.kms.katalon.core.webui.keyword.internal.WebUIKeywordMain.stepFailed(WebUIKeywordMain.groovy:64)
	at com.kms.katalon.core.webui.keyword.internal.WebUIKeywordMain.runKeyword(WebUIKeywordMain.groovy:26)
	at com.kms.katalon.core.webui.keyword.builtin.SelectOptionByIndexKeyword.selectOptionByIndex(SelectOptionByIndexKeyword.groovy:93)
	at com.kms.katalon.core.webui.keyword.builtin.SelectOptionByIndexKeyword.execute(SelectOptionByIndexKeyword.groovy:68)
	at com.kms.katalon.core.keyword.internal.KeywordExecutor.executeKeywordForPlatform(KeywordExecutor.groovy:74)
	at com.kms.katalon.core.webui.keyword.WebUiBuiltInKeywords.selectOptionByIndex(WebUiBuiltInKeywords.groovy:1133)
	at com.kms.katalon.core.webui.keyword.WebUiBuiltInKeywords$selectOptionByIndex$8.call(Unknown Source)
	at 1.6.3 Desembolsar Viático.run(1.6.3 Desembolsar Viático:34)
	at com.kms.katalon.core.main.ScriptEngine.run(ScriptEngine.java:194)
	at com.kms.katalon.core.main.ScriptEngine.runScriptAsRawText(ScriptEngine.java:119)
	at com.kms.katalon.core.main.TestCaseExecutor.runScript(TestCaseExecutor.java:442)
	at com.kms.katalon.core.main.TestCaseExecutor.doExecute(TestCaseExecutor.java:433)
	at com.kms.katalon.core.main.TestCaseExecutor.processExecutionPhase(TestCaseExecutor.java:412)
	at com.kms.katalon.core.main.TestCaseExecutor.accessMainPhase(TestCaseExecutor.java:404)
	at com.kms.katalon.core.main.TestCaseExecutor.execute(TestCaseExecutor.java:281)
	at com.kms.katalon.core.main.TestSuiteExecutor.accessTestCaseMainPhase(TestSuiteExecutor.java:202)
	at com.kms.katalon.core.main.TestSuiteExecutor.accessTestSuiteMainPhase(TestSuiteExecutor.java:164)
	at com.kms.katalon.core.main.TestSuiteExecutor.execute(TestSuiteExecutor.java:105)
	at com.kms.katalon.core.main.TestCaseMain.startTestSuite(TestCaseMain.java:181)
	at com.kms.katalon.core.main.TestCaseMain$startTestSuite$0.call(Unknown Source)
	at TempTestSuite1637588847917.run(TempTestSuite1637588847917.groovy:36)
Caused by: com.kms.katalon.core.webui.exception.WebElementNotFoundException: Web element with id: 'Object Repository/Modulo Actos Administrativos/Modulo Viáticos/Desembolsar viáticos/select_--Seleccione--AnuladoAutorizadaDerogadaNo AutorizadaProgramadaSolicitado' located by '//select[@id='form_listadoviaticos:j_idt91']' not found
	at com.kms.katalon.core.webui.common.WebUiCommonHelper.findWebElement(WebUiCommonHelper.java:1368)
	at com.kms.katalon.core.webui.keyword.internal.WebUIAbstractKeyword.findWebElement(WebUIAbstractKeyword.groovy:27)
	at com.kms.katalon.core.webui.keyword.internal.WebUIAbstractKeyword.findWebElement(WebUIAbstractKeyword.groovy:26)
	at com.kms.katalon.core.webui.keyword.builtin.SelectOptionByIndexKeyword$_selectOptionByIndex_closure1.doCall(SelectOptionByIndexKeyword.groovy:84)
	at com.kms.katalon.core.webui.keyword.builtin.SelectOptionByIndexKeyword$_selectOptionByIndex_closure1.call(SelectOptionByIndexKeyword.groovy)
	at com.kms.katalon.core.webui.keyword.internal.WebUIKeywordMain.runKeyword(WebUIKeywordMain.groovy:20)
	at com.kms.katalon.core.webui.keyword.builtin.SelectOptionByIndexKeyword.selectOptionByIndex(SelectOptionByIndexKeyword.groovy:93)
	at com.kms.katalon.core.webui.keyword.builtin.SelectOptionByIndexKeyword.execute(SelectOptionByIndexKeyword.groovy:68)
	at com.kms.katalon.core.keyword.internal.KeywordExecutor.executeKeywordForPlatform(KeywordExecutor.groovy:74)
	at com.kms.katalon.core.webui.keyword.WebUiBuiltInKeywords.selectOptionByIndex(WebUiBuiltInKeywords.groovy:1133)
	at com.kms.katalon.core.webui.keyword.WebUiBuiltInKeywords$selectOptionByIndex$8.call(Unknown Source)
	at Script1629835700542.run(Script1629835700542.groovy:34)
	... 13 more
)
[[ATTACHMENT|C:\\Users\\diego.rojas\\git\\Pruebas-Minimas\\Reports\\20211122_084727\\Tareas Principales\\20211122_084727\\1637591634960.png]]]]></system-out>
         <system-err><![CDATA[2021-11-22 09:33:10 - [TEST_CASE][FAILED] - Test Cases/1.1-Tareas Principales/1.6.3 Desembolsar Viático: Test Cases/1.1-Tareas Principales/1.6.3 Desembolsar Viático FAILED.
Reason:
com.kms.katalon.core.exception.StepFailedException: Unable to select option by index '2' of object 'Object Repository/Modulo Actos Administrativos/Modulo Viáticos/Desembolsar viáticos/select_--Seleccione--AnuladoAutorizadaDerogadaNo AutorizadaProgramadaSolicitado'
	at com.kms.katalon.core.webui.keyword.internal.WebUIKeywordMain.stepFailed(WebUIKeywordMain.groovy:64)
	at com.kms.katalon.core.webui.keyword.internal.WebUIKeywordMain.runKeyword(WebUIKeywordMain.groovy:26)
	at com.kms.katalon.core.webui.keyword.builtin.SelectOptionByIndexKeyword.selectOptionByIndex(SelectOptionByIndexKeyword.groovy:93)
	at com.kms.katalon.core.webui.keyword.builtin.SelectOptionByIndexKeyword.execute(SelectOptionByIndexKeyword.groovy:68)
	at com.kms.katalon.core.keyword.internal.KeywordExecutor.executeKeywordForPlatform(KeywordExecutor.groovy:74)
	at com.kms.katalon.core.webui.keyword.WebUiBuiltInKeywords.selectOptionByIndex(WebUiBuiltInKeywords.groovy:1133)
	at com.kms.katalon.core.webui.keyword.WebUiBuiltInKeywords$selectOptionByIndex$8.call(Unknown Source)
	at 1.6.3 Desembolsar Viático.run(1.6.3 Desembolsar Viático:34)
	at com.kms.katalon.core.main.ScriptEngine.run(ScriptEngine.java:194)
	at com.kms.katalon.core.main.ScriptEngine.runScriptAsRawText(ScriptEngine.java:119)
	at com.kms.katalon.core.main.TestCaseExecutor.runScript(TestCaseExecutor.java:442)
	at com.kms.katalon.core.main.TestCaseExecutor.doExecute(TestCaseExecutor.java:433)
	at com.kms.katalon.core.main.TestCaseExecutor.processExecutionPhase(TestCaseExecutor.java:412)
	at com.kms.katalon.core.main.TestCaseExecutor.accessMainPhase(TestCaseExecutor.java:404)
	at com.kms.katalon.core.main.TestCaseExecutor.execute(TestCaseExecutor.java:281)
	at com.kms.katalon.core.main.TestSuiteExecutor.accessTestCaseMainPhase(TestSuiteExecutor.java:202)
	at com.kms.katalon.core.main.TestSuiteExecutor.accessTestSuiteMainPhase(TestSuiteExecutor.java:164)
	at com.kms.katalon.core.main.TestSuiteExecutor.execute(TestSuiteExecutor.java:105)
	at com.kms.katalon.core.main.TestCaseMain.startTestSuite(TestCaseMain.java:181)
	at com.kms.katalon.core.main.TestCaseMain$startTestSuite$0.call(Unknown Source)
	at TempTestSuite1637588847917.run(TempTestSuite1637588847917.groovy:36)
Caused by: com.kms.katalon.core.webui.exception.WebElementNotFoundException: Web element with id: 'Object Repository/Modulo Actos Administrativos/Modulo Viáticos/Desembolsar viáticos/select_--Seleccione--AnuladoAutorizadaDerogadaNo AutorizadaProgramadaSolicitado' located by '//select[@id='form_listadoviaticos:j_idt91']' not found
	at com.kms.katalon.core.webui.common.WebUiCommonHelper.findWebElement(WebUiCommonHelper.java:1368)
	at com.kms.katalon.core.webui.keyword.internal.WebUIAbstractKeyword.findWebElement(WebUIAbstractKeyword.groovy:27)
	at com.kms.katalon.core.webui.keyword.internal.WebUIAbstractKeyword.findWebElement(WebUIAbstractKeyword.groovy:26)
	at com.kms.katalon.core.webui.keyword.builtin.SelectOptionByIndexKeyword$_selectOptionByIndex_closure1.doCall(SelectOptionByIndexKeyword.groovy:84)
	at com.kms.katalon.core.webui.keyword.builtin.SelectOptionByIndexKeyword$_selectOptionByIndex_closure1.call(SelectOptionByIndexKeyword.groovy)
	at com.kms.katalon.core.webui.keyword.internal.WebUIKeywordMain.runKeyword(WebUIKeywordMain.groovy:20)
	... 19 more]]></system-err>
      </testcase>
      <testcase name="Test Cases/1.1-Tareas Principales/1.6.5 Modificar Solicitud de Viáticos" time="42.42" classname="Test Cases/1.1-Tareas Principales/1.6.5 Modificar Solicitud de Viáticos" status="PASSED">
         <system-out><![CDATA[2021-11-22 09:33:55 - [TEST_CASE][PASSED] - Test Cases/1.1-Tareas Principales/1.6.5 Modificar Solicitud de Viáticos: Test Cases/1.1-Tareas Principales/1.6.5 Modificar Solicitud de Viáticos

2021-11-22 09:33:55 - [TEST_STEP][PASSED] - callTestCase(findTestCase("0.1-Login"), [:], STOP_ON_FAILURE): Call Test Case 'Test Cases/0.1-Login' successfully

2021-11-22 09:33:55 - [TEST_CASE][PASSED] - Test Cases/0.1-Login: Test Cases/0.1-Login

2021-11-22 09:33:55 - [TEST_STEP][PASSED] - openBrowser(""): Browser is opened with url: ''

2021-11-22 09:33:55 - [MESSAGE][WARNING] - A browser is already opened. Closing browser and opening a new one

2021-11-22 09:33:56 - [MESSAGE][INFO] - Starting 'Edge Chromium' driver

2021-11-22 09:33:58 - [MESSAGE][INFO] - Action delay is set to 0 milliseconds

2021-11-22 09:33:59 - [MESSAGE][PASSED] - Browser is opened with url: ''

2021-11-22 09:33:59 - [TEST_STEP][PASSED] - maximizeWindow(): Current window maximized

2021-11-22 09:33:59 - [MESSAGE][PASSED] - Current window maximized

2021-11-22 09:33:59 - [TEST_STEP][PASSED] - i = G_Login: null

2021-11-22 09:33:59 - [TEST_STEP][PASSED] - url = new java.net.URL(i): null

2021-11-22 09:33:59 - [TEST_STEP][PASSED] - println("URL: " + url.toString()): null

2021-11-22 09:33:59 - [TEST_STEP][PASSED] - connection = url.openConnection(): null

2021-11-22 09:33:59 - [TEST_STEP][PASSED] - connection.setRequestMethod("GET"): null

2021-11-22 09:33:59 - [TEST_STEP][PASSED] - connection.setReadTimeout(2 * 1000): null

2021-11-22 09:33:59 - [TEST_STEP][PASSED] - try: null

2021-11-22 09:33:59 - [TEST_STEP][PASSED] - connection.connect(): null

2021-11-22 09:33:59 - [TEST_STEP][PASSED] - flag = connected: null

2021-11-22 09:33:59 - [TEST_STEP][PASSED] - println("Valor_ori: " + flag): null

2021-11-22 09:33:59 - [TEST_STEP][PASSED] - if (flag): null

2021-11-22 09:33:59 - [TEST_STEP][PASSED] - navigateToUrl(i): Navigate to 'http://localhost:8380/saraweb/' successfully

2021-11-22 09:34:01 - [MESSAGE][PASSED] - Navigate to 'http://localhost:8380/saraweb/' successfully

2021-11-22 09:34:01 - [TEST_STEP][PASSED] - a(): null

2021-11-22 09:34:01 - [TEST_STEP][PASSED] - setText(findTestObject("Login/input_USUARIO_loginusuario"), G_Usuario): Text 'saraadmin' is set on object 'Object Repository/Login/input_USUARIO_loginusuario'

2021-11-22 09:34:01 - [MESSAGE][PASSED] - Text 'saraadmin' is set on object 'Object Repository/Login/input_USUARIO_loginusuario'

2021-11-22 09:34:01 - [TEST_STEP][PASSED] - setEncryptedText(findTestObject("Login/input_CLAVE_loginpassword"), "MkG4/TYiCFC3cb2driP7+Q=="): Text ****** has been set on object 'Object Repository/Login/input_CLAVE_loginpassword'

2021-11-22 09:34:02 - [MESSAGE][PASSED] - Text ****** has been set on object 'Object Repository/Login/input_CLAVE_loginpassword'

2021-11-22 09:34:02 - [TEST_STEP][PASSED] - waitForElementClickable(findTestObject("Login/a_Ingresar"), G_TimeOut): Object 'Object Repository/Login/a_Ingresar' is clickable

2021-11-22 09:34:02 - [MESSAGE][PASSED] - Object 'Object Repository/Login/a_Ingresar' is clickable

2021-11-22 09:34:02 - [TEST_STEP][PASSED] - click(findTestObject("Login/a_Ingresar")): Object: 'Object Repository/Login/a_Ingresar' is clicked on

2021-11-22 09:34:06 - [MESSAGE][PASSED] - Object: 'Object Repository/Login/a_Ingresar' is clicked on

2021-11-22 09:34:06 - [TEST_STEP][PASSED] - element = findWebElement(findTestObject("Login/a_Ir"), 30): null

2021-11-22 09:34:06 - [TEST_STEP][PASSED] - executeJavaScript("arguments[0].click()", Arrays.asList(element)): Execute JavaScript 'arguments[0].click()' successfully

2021-11-22 09:34:06 - [MESSAGE][PASSED] - Execute JavaScript 'arguments[0].click()' successfully

2021-11-22 09:34:06 - [MESSAGE][PASSED] - Call Test Case 'Test Cases/0.1-Login' successfully

2021-11-22 09:34:06 - [TEST_STEP][PASSED] - waitForElementClickable(findTestObject("Modulo Actos Administrativos/Modulo Viáticos/Modificar Solicitud de Viáticos/input_ADMINISTRADOR DEL SISTEMA - SARA_form_templatej_idt24_input"), 0): Object 'Object Repository/Modulo Actos Administrativos/Modulo Viáticos/Modificar Solicitud de Viáticos/input_ADMINISTRADOR DEL SISTEMA - SARA_form_templatej_idt24_input' is clickable

2021-11-22 09:34:06 - [MESSAGE][WARNING] - Timeout '0' is invalid. Using default page load timeout: '30'

2021-11-22 09:34:07 - [MESSAGE][PASSED] - Object 'Object Repository/Modulo Actos Administrativos/Modulo Viáticos/Modificar Solicitud de Viáticos/input_ADMINISTRADOR DEL SISTEMA - SARA_form_templatej_idt24_input' is clickable

2021-11-22 09:34:07 - [TEST_STEP][PASSED] - setText(findTestObject("Modulo Actos Administrativos/Modulo Viáticos/Modificar Solicitud de Viáticos/input_ADMINISTRADOR DEL SISTEMA - SARA_form_templatej_idt24_input"), "listado de viaticos"): Text 'listado de viaticos' is set on object 'Object Repository/Modulo Actos Administrativos/Modulo Viáticos/Modificar Solicitud de Viáticos/input_ADMINISTRADOR DEL SISTEMA - SARA_form_templatej_idt24_input'

2021-11-22 09:34:08 - [MESSAGE][PASSED] - Text 'listado de viaticos' is set on object 'Object Repository/Modulo Actos Administrativos/Modulo Viáticos/Modificar Solicitud de Viáticos/input_ADMINISTRADOR DEL SISTEMA - SARA_form_templatej_idt24_input'

2021-11-22 09:34:08 - [TEST_STEP][PASSED] - waitForElementClickable(findTestObject("Modulo Actos Administrativos/Modulo Viáticos/Modificar Solicitud de Viáticos/li_Listado de Viaticos (act)"), 0): Object 'Object Repository/Modulo Actos Administrativos/Modulo Viáticos/Modificar Solicitud de Viáticos/li_Listado de Viaticos (act)' is clickable

2021-11-22 09:34:08 - [MESSAGE][WARNING] - Timeout '0' is invalid. Using default page load timeout: '30'

2021-11-22 09:34:09 - [MESSAGE][PASSED] - Object 'Object Repository/Modulo Actos Administrativos/Modulo Viáticos/Modificar Solicitud de Viáticos/li_Listado de Viaticos (act)' is clickable

2021-11-22 09:34:09 - [TEST_STEP][PASSED] - sendKeys(findTestObject("Modulo Actos Administrativos/Modulo Viáticos/Modificar Solicitud de Viáticos/input_ADMINISTRADOR DEL SISTEMA - SARA_form_templatej_idt24_input"), Keys.chord(ENTER)): Keys 'ENTER + ' sent to object: 'Object Repository/Modulo Actos Administrativos/Modulo Viáticos/Modificar Solicitud de Viáticos/input_ADMINISTRADOR DEL SISTEMA - SARA_form_templatej_idt24_input'

2021-11-22 09:34:10 - [MESSAGE][PASSED] - Keys 'ENTER + ' sent to object: 'Object Repository/Modulo Actos Administrativos/Modulo Viáticos/Modificar Solicitud de Viáticos/input_ADMINISTRADOR DEL SISTEMA - SARA_form_templatej_idt24_input'

2021-11-22 09:34:10 - [TEST_STEP][PASSED] - waitForElementClickable(findTestObject("Modulo Actos Administrativos/Modulo Viáticos/Modificar Solicitud de Viáticos/a_Nuevo"), 0): Object 'Object Repository/Modulo Actos Administrativos/Modulo Viáticos/Modificar Solicitud de Viáticos/a_Nuevo' is clickable

2021-11-22 09:34:10 - [MESSAGE][WARNING] - Timeout '0' is invalid. Using default page load timeout: '30'

2021-11-22 09:34:11 - [MESSAGE][PASSED] - Object 'Object Repository/Modulo Actos Administrativos/Modulo Viáticos/Modificar Solicitud de Viáticos/a_Nuevo' is clickable

2021-11-22 09:34:11 - [TEST_STEP][PASSED] - click(findTestObject("Modulo Actos Administrativos/Modulo Viáticos/Modificar Solicitud de Viáticos/a_Nuevo")): Object: 'Object Repository/Modulo Actos Administrativos/Modulo Viáticos/Modificar Solicitud de Viáticos/a_Nuevo' is clicked on

2021-11-22 09:34:11 - [MESSAGE][PASSED] - Object: 'Object Repository/Modulo Actos Administrativos/Modulo Viáticos/Modificar Solicitud de Viáticos/a_Nuevo' is clicked on

2021-11-22 09:34:11 - [TEST_STEP][PASSED] - click(findTestObject("Modulo Actos Administrativos/Modulo Viáticos/Modificar Solicitud de Viáticos/span_Modificar una solicitud de vitico")): Object: 'Object Repository/Modulo Actos Administrativos/Modulo Viáticos/Modificar Solicitud de Viáticos/span_Modificar una solicitud de vitico' is clicked on

2021-11-22 09:34:12 - [MESSAGE][PASSED] - Object: 'Object Repository/Modulo Actos Administrativos/Modulo Viáticos/Modificar Solicitud de Viáticos/span_Modificar una solicitud de vitico' is clicked on

2021-11-22 09:34:12 - [TEST_STEP][PASSED] - waitForElementClickable(findTestObject("Modulo Actos Administrativos/Modulo Viáticos/Modificar Solicitud de Viáticos/input_Documento_form_listadoviaticosfechaViat_input"), 0): Object 'Object Repository/Modulo Actos Administrativos/Modulo Viáticos/Modificar Solicitud de Viáticos/input_Documento_form_listadoviaticosfechaViat_input' is clickable

2021-11-22 09:34:12 - [MESSAGE][WARNING] - Timeout '0' is invalid. Using default page load timeout: '30'

2021-11-22 09:34:13 - [MESSAGE][PASSED] - Object 'Object Repository/Modulo Actos Administrativos/Modulo Viáticos/Modificar Solicitud de Viáticos/input_Documento_form_listadoviaticosfechaViat_input' is clickable

2021-11-22 09:34:13 - [TEST_STEP][PASSED] - setText(findTestObject("Modulo Actos Administrativos/Modulo Viáticos/Modificar Solicitud de Viáticos/input_Documento_form_listadoviaticosfechaViat_input"), "01/07/2021"): Text '01/07/2021' is set on object 'Object Repository/Modulo Actos Administrativos/Modulo Viáticos/Modificar Solicitud de Viáticos/input_Documento_form_listadoviaticosfechaViat_input'

2021-11-22 09:34:14 - [MESSAGE][PASSED] - Text '01/07/2021' is set on object 'Object Repository/Modulo Actos Administrativos/Modulo Viáticos/Modificar Solicitud de Viáticos/input_Documento_form_listadoviaticosfechaViat_input'

2021-11-22 09:34:14 - [TEST_STEP][PASSED] - sendKeys(findTestObject("Modulo Actos Administrativos/Modulo Viáticos/Modificar Solicitud de Viáticos/input_Documento_form_listadoviaticosfechaViat_input"), Keys.chord(ENTER)): Keys 'ENTER + ' sent to object: 'Object Repository/Modulo Actos Administrativos/Modulo Viáticos/Modificar Solicitud de Viáticos/input_Documento_form_listadoviaticosfechaViat_input'

2021-11-22 09:34:14 - [MESSAGE][PASSED] - Keys 'ENTER + ' sent to object: 'Object Repository/Modulo Actos Administrativos/Modulo Viáticos/Modificar Solicitud de Viáticos/input_Documento_form_listadoviaticosfechaViat_input'

2021-11-22 09:34:14 - [TEST_STEP][PASSED] - sendKeys(findTestObject("Modulo Actos Administrativos/Modulo Viáticos/Modificar Solicitud de Viáticos/input_Documento_form_listadoviaticosfechaViat_input"), Keys.chord(ESCAPE)): Keys 'ESCAPE + ' sent to object: 'Object Repository/Modulo Actos Administrativos/Modulo Viáticos/Modificar Solicitud de Viáticos/input_Documento_form_listadoviaticosfechaViat_input'

2021-11-22 09:34:15 - [MESSAGE][PASSED] - Keys 'ESCAPE + ' sent to object: 'Object Repository/Modulo Actos Administrativos/Modulo Viáticos/Modificar Solicitud de Viáticos/input_Documento_form_listadoviaticosfechaViat_input'

2021-11-22 09:34:15 - [TEST_STEP][PASSED] - if (waitForElementClickable(findTestObject("Modulo Actos Administrativos/Modulo Viáticos/Modificar Solicitud de Viáticos/td_01072021"), 1)): Web element with id: 'Object Repository/Modulo Actos Administrativos/Modulo Viáticos/Modificar Solicitud de Viáticos/td_01072021' located by '//div[2]/div/div/table/tbody/tr/td/table/tbody/tr/td[2]' not found

2021-11-22 09:34:17 - [MESSAGE][INFO] - Unable to find the element located by 'By.xpath: //div[2]/div/div/table/tbody/tr/td/table/tbody/tr/td[2]'. Please recheck the objects properties to make sure the desired element is located. 

2021-11-22 09:34:17 - [MESSAGE][WARNING] - Web element with id: 'Object Repository/Modulo Actos Administrativos/Modulo Viáticos/Modificar Solicitud de Viáticos/td_01072021' located by '//div[2]/div/div/table/tbody/tr/td/table/tbody/tr/td[2]' not found

2021-11-22 09:34:17 - [TEST_STEP][PASSED] - else: Object: 'Object Repository/Modulo Actos Administrativos/Modulo Viáticos/Modificar Solicitud de Viáticos/span_Autorizada_ui-icon ui-icon-closethick' is clicked on

2021-11-22 09:34:17 - [TEST_STEP][PASSED] - click(findTestObject("Modulo Actos Administrativos/Modulo Viáticos/Modificar Solicitud de Viáticos/span_Autorizada_ui-icon ui-icon-closethick")): Object: 'Object Repository/Modulo Actos Administrativos/Modulo Viáticos/Modificar Solicitud de Viáticos/span_Autorizada_ui-icon ui-icon-closethick' is clicked on

2021-11-22 09:34:18 - [MESSAGE][PASSED] - Object: 'Object Repository/Modulo Actos Administrativos/Modulo Viáticos/Modificar Solicitud de Viáticos/span_Autorizada_ui-icon ui-icon-closethick' is clicked on

2021-11-22 09:34:18 - [TEST_STEP][PASSED] - selectOptionByIndex(findTestObject("Modulo Actos Administrativos/Modulo Viáticos/Modificar Solicitud de Viáticos/select_--Seleccione--AnuladoAutorizadaDerogadaNo AutorizadaProgramadaSolicitado"), 2): All options with index in [2] are selected on object 'Object Repository/Modulo Actos Administrativos/Modulo Viáticos/Modificar Solicitud de Viáticos/select_--Seleccione--AnuladoAutorizadaDerogadaNo AutorizadaProgramadaSolicitado'

2021-11-22 09:34:19 - [MESSAGE][PASSED] - All options with index in [2] are selected on object 'Object Repository/Modulo Actos Administrativos/Modulo Viáticos/Modificar Solicitud de Viáticos/select_--Seleccione--AnuladoAutorizadaDerogadaNo AutorizadaProgramadaSolicitado'

2021-11-22 09:34:19 - [TEST_STEP][PASSED] - if (waitForElementClickable(findTestObject("Modulo Actos Administrativos/Modulo Viáticos/Modificar Solicitud de Viáticos/span_01072021"), 1)): null

2021-11-22 09:34:20 - [MESSAGE][PASSED] - Object 'Object Repository/Modulo Actos Administrativos/Modulo Viáticos/Modificar Solicitud de Viáticos/span_01072021' is clickable

2021-11-22 09:34:20 - [TEST_STEP][PASSED] - click(findTestObject("Modulo Actos Administrativos/Modulo Viáticos/Modificar Solicitud de Viáticos/span_01072021")): Object: 'Object Repository/Modulo Actos Administrativos/Modulo Viáticos/Modificar Solicitud de Viáticos/span_01072021' is clicked on

2021-11-22 09:34:20 - [MESSAGE][PASSED] - Object: 'Object Repository/Modulo Actos Administrativos/Modulo Viáticos/Modificar Solicitud de Viáticos/span_01072021' is clicked on

2021-11-22 09:34:20 - [TEST_STEP][PASSED] - click(findTestObject("Modulo Actos Administrativos/Modulo Viáticos/Modificar Solicitud de Viáticos/a_Cerrar Desembolsar")): Object: 'Object Repository/Modulo Actos Administrativos/Modulo Viáticos/Modificar Solicitud de Viáticos/a_Cerrar Desembolsar' is clicked on

2021-11-22 09:34:22 - [MESSAGE][PASSED] - Object: 'Object Repository/Modulo Actos Administrativos/Modulo Viáticos/Modificar Solicitud de Viáticos/a_Cerrar Desembolsar' is clicked on

2021-11-22 09:34:22 - [TEST_STEP][PASSED] - setText(findTestObject("Modulo Actos Administrativos/Modulo Viáticos/Modificar Solicitud de Viáticos/input_Fecha_form_popupViaticoCierreDesembolsofecha_input"), "01/07/2021"): Text '01/07/2021' is set on object 'Object Repository/Modulo Actos Administrativos/Modulo Viáticos/Modificar Solicitud de Viáticos/input_Fecha_form_popupViaticoCierreDesembolsofecha_input'

2021-11-22 09:34:23 - [MESSAGE][PASSED] - Text '01/07/2021' is set on object 'Object Repository/Modulo Actos Administrativos/Modulo Viáticos/Modificar Solicitud de Viáticos/input_Fecha_form_popupViaticoCierreDesembolsofecha_input'

2021-11-22 09:34:23 - [TEST_STEP][PASSED] - setText(findTestObject("Modulo Actos Administrativos/Modulo Viáticos/Modificar Solicitud de Viáticos/input_TRM_form_popupViaticoCierreDesembolsotrm"), "5"): Text '5' is set on object 'Object Repository/Modulo Actos Administrativos/Modulo Viáticos/Modificar Solicitud de Viáticos/input_TRM_form_popupViaticoCierreDesembolsotrm'

2021-11-22 09:34:24 - [MESSAGE][PASSED] - Text '5' is set on object 'Object Repository/Modulo Actos Administrativos/Modulo Viáticos/Modificar Solicitud de Viáticos/input_TRM_form_popupViaticoCierreDesembolsotrm'

2021-11-22 09:34:24 - [TEST_STEP][PASSED] - click(findTestObject("Modulo Actos Administrativos/Modulo Viáticos/Modificar Solicitud de Viáticos/a_Aplicar")): Object: 'Object Repository/Modulo Actos Administrativos/Modulo Viáticos/Modificar Solicitud de Viáticos/a_Aplicar' is clicked on

2021-11-22 09:34:25 - [MESSAGE][PASSED] - Object: 'Object Repository/Modulo Actos Administrativos/Modulo Viáticos/Modificar Solicitud de Viáticos/a_Aplicar' is clicked on

2021-11-22 09:34:25 - [TEST_STEP][PASSED] - click(findTestObject("Modulo Actos Administrativos/Modulo Viáticos/Modificar Solicitud de Viáticos/a_Regresar")): Object: 'Object Repository/Modulo Actos Administrativos/Modulo Viáticos/Modificar Solicitud de Viáticos/a_Regresar' is clicked on

2021-11-22 09:34:26 - [MESSAGE][PASSED] - Object: 'Object Repository/Modulo Actos Administrativos/Modulo Viáticos/Modificar Solicitud de Viáticos/a_Regresar' is clicked on

2021-11-22 09:34:26 - [TEST_STEP][PASSED] - waitForElementClickable(findTestObject("Modulo Actos Administrativos/Modulo Viáticos/Modificar Solicitud de Viáticos/a_Nuevo"), 0): Object 'Object Repository/Modulo Actos Administrativos/Modulo Viáticos/Modificar Solicitud de Viáticos/a_Nuevo' is clickable

2021-11-22 09:34:26 - [MESSAGE][WARNING] - Timeout '0' is invalid. Using default page load timeout: '30'

2021-11-22 09:34:26 - [MESSAGE][PASSED] - Object 'Object Repository/Modulo Actos Administrativos/Modulo Viáticos/Modificar Solicitud de Viáticos/a_Nuevo' is clickable

2021-11-22 09:34:26 - [TEST_STEP][PASSED] - click(findTestObject("Modulo Actos Administrativos/Modulo Viáticos/Modificar Solicitud de Viáticos/a_Nuevo")): Object: 'Object Repository/Modulo Actos Administrativos/Modulo Viáticos/Modificar Solicitud de Viáticos/a_Nuevo' is clicked on

2021-11-22 09:34:27 - [MESSAGE][PASSED] - Object: 'Object Repository/Modulo Actos Administrativos/Modulo Viáticos/Modificar Solicitud de Viáticos/a_Nuevo' is clicked on

2021-11-22 09:34:27 - [TEST_STEP][PASSED] - click(findTestObject("Modulo Actos Administrativos/Modulo Viáticos/Modificar Solicitud de Viáticos/span_Modificar una solicitud de vitico")): Object: 'Object Repository/Modulo Actos Administrativos/Modulo Viáticos/Modificar Solicitud de Viáticos/span_Modificar una solicitud de vitico' is clicked on

2021-11-22 09:34:27 - [MESSAGE][PASSED] - Object: 'Object Repository/Modulo Actos Administrativos/Modulo Viáticos/Modificar Solicitud de Viáticos/span_Modificar una solicitud de vitico' is clicked on

2021-11-22 09:34:27 - [TEST_STEP][PASSED] - waitForElementClickable(findTestObject("Modulo Actos Administrativos/Modulo Viáticos/Modificar Solicitud de Viáticos/input_Documento_form_listadoviaticosfechaViat_input"), 0): Object 'Object Repository/Modulo Actos Administrativos/Modulo Viáticos/Modificar Solicitud de Viáticos/input_Documento_form_listadoviaticosfechaViat_input' is clickable

2021-11-22 09:34:27 - [MESSAGE][WARNING] - Timeout '0' is invalid. Using default page load timeout: '30'

2021-11-22 09:34:28 - [MESSAGE][PASSED] - Object 'Object Repository/Modulo Actos Administrativos/Modulo Viáticos/Modificar Solicitud de Viáticos/input_Documento_form_listadoviaticosfechaViat_input' is clickable

2021-11-22 09:34:28 - [TEST_STEP][PASSED] - setText(findTestObject("Modulo Actos Administrativos/Modulo Viáticos/Modificar Solicitud de Viáticos/input_Documento_form_listadoviaticosfechaViat_input"), "01/07/2021"): Text '01/07/2021' is set on object 'Object Repository/Modulo Actos Administrativos/Modulo Viáticos/Modificar Solicitud de Viáticos/input_Documento_form_listadoviaticosfechaViat_input'

2021-11-22 09:34:29 - [MESSAGE][PASSED] - Text '01/07/2021' is set on object 'Object Repository/Modulo Actos Administrativos/Modulo Viáticos/Modificar Solicitud de Viáticos/input_Documento_form_listadoviaticosfechaViat_input'

2021-11-22 09:34:29 - [TEST_STEP][PASSED] - sendKeys(findTestObject("Modulo Actos Administrativos/Modulo Viáticos/Modificar Solicitud de Viáticos/input_Documento_form_listadoviaticosfechaViat_input"), Keys.chord(ENTER)): Keys 'ENTER + ' sent to object: 'Object Repository/Modulo Actos Administrativos/Modulo Viáticos/Modificar Solicitud de Viáticos/input_Documento_form_listadoviaticosfechaViat_input'

2021-11-22 09:34:30 - [MESSAGE][PASSED] - Keys 'ENTER + ' sent to object: 'Object Repository/Modulo Actos Administrativos/Modulo Viáticos/Modificar Solicitud de Viáticos/input_Documento_form_listadoviaticosfechaViat_input'

2021-11-22 09:34:30 - [TEST_STEP][PASSED] - sendKeys(findTestObject("Modulo Actos Administrativos/Modulo Viáticos/Modificar Solicitud de Viáticos/input_Documento_form_listadoviaticosfechaViat_input"), Keys.chord(ESCAPE)): Keys 'ESCAPE + ' sent to object: 'Object Repository/Modulo Actos Administrativos/Modulo Viáticos/Modificar Solicitud de Viáticos/input_Documento_form_listadoviaticosfechaViat_input'

2021-11-22 09:34:30 - [MESSAGE][PASSED] - Keys 'ESCAPE + ' sent to object: 'Object Repository/Modulo Actos Administrativos/Modulo Viáticos/Modificar Solicitud de Viáticos/input_Documento_form_listadoviaticosfechaViat_input'

2021-11-22 09:34:30 - [TEST_STEP][PASSED] - click(findTestObject("Modulo Actos Administrativos/Modulo Viáticos/Modificar Solicitud de Viáticos/td_01072021")): Object: 'Object Repository/Modulo Actos Administrativos/Modulo Viáticos/Modificar Solicitud de Viáticos/td_01072021' is clicked on

2021-11-22 09:34:31 - [MESSAGE][PASSED] - Object: 'Object Repository/Modulo Actos Administrativos/Modulo Viáticos/Modificar Solicitud de Viáticos/td_01072021' is clicked on

2021-11-22 09:34:31 - [TEST_STEP][PASSED] - waitForElementClickable(findTestObject("Modulo Actos Administrativos/Modulo Viáticos/Modificar Solicitud de Viáticos/input_Fecha_form_detalleviaticosFechaNumero_input"), 0): Object 'Object Repository/Modulo Actos Administrativos/Modulo Viáticos/Modificar Solicitud de Viáticos/input_Fecha_form_detalleviaticosFechaNumero_input' is clickable

2021-11-22 09:34:31 - [MESSAGE][WARNING] - Timeout '0' is invalid. Using default page load timeout: '30'

2021-11-22 09:34:32 - [MESSAGE][PASSED] - Object 'Object Repository/Modulo Actos Administrativos/Modulo Viáticos/Modificar Solicitud de Viáticos/input_Fecha_form_detalleviaticosFechaNumero_input' is clickable

2021-11-22 09:34:32 - [TEST_STEP][PASSED] - setText(findTestObject("Modulo Actos Administrativos/Modulo Viáticos/Modificar Solicitud de Viáticos/input_Fecha_form_detalleviaticosFechaNumero_input"), "01/07/2021"): Text '01/07/2021' is set on object 'Object Repository/Modulo Actos Administrativos/Modulo Viáticos/Modificar Solicitud de Viáticos/input_Fecha_form_detalleviaticosFechaNumero_input'

2021-11-22 09:34:33 - [MESSAGE][PASSED] - Text '01/07/2021' is set on object 'Object Repository/Modulo Actos Administrativos/Modulo Viáticos/Modificar Solicitud de Viáticos/input_Fecha_form_detalleviaticosFechaNumero_input'

2021-11-22 09:34:33 - [TEST_STEP][PASSED] - setText(findTestObject("Modulo Actos Administrativos/Modulo Viáticos/Modificar Solicitud de Viáticos/input_Nmero_form_detalleviaticosNumero"), "5"): Text '5' is set on object 'Object Repository/Modulo Actos Administrativos/Modulo Viáticos/Modificar Solicitud de Viáticos/input_Nmero_form_detalleviaticosNumero'

2021-11-22 09:34:34 - [MESSAGE][PASSED] - Text '5' is set on object 'Object Repository/Modulo Actos Administrativos/Modulo Viáticos/Modificar Solicitud de Viáticos/input_Nmero_form_detalleviaticosNumero'

2021-11-22 09:34:34 - [TEST_STEP][PASSED] - setText(findTestObject("Modulo Actos Administrativos/Modulo Viáticos/Modificar Solicitud de Viáticos/textarea_Motivo Modificacin_form_detalleviaticosmotivoModificacion"), "prueba"): Text 'prueba' is set on object 'Object Repository/Modulo Actos Administrativos/Modulo Viáticos/Modificar Solicitud de Viáticos/textarea_Motivo Modificacin_form_detalleviaticosmotivoModificacion'

2021-11-22 09:34:35 - [MESSAGE][PASSED] - Text 'prueba' is set on object 'Object Repository/Modulo Actos Administrativos/Modulo Viáticos/Modificar Solicitud de Viáticos/textarea_Motivo Modificacin_form_detalleviaticosmotivoModificacion'

2021-11-22 09:34:35 - [TEST_STEP][PASSED] - click(findTestObject("Modulo Actos Administrativos/Modulo Viáticos/Modificar Solicitud de Viáticos/a_Guardar_modficar")): Object: 'Object Repository/Modulo Actos Administrativos/Modulo Viáticos/Modificar Solicitud de Viáticos/a_Guardar_modficar' is clicked on

2021-11-22 09:34:35 - [MESSAGE][PASSED] - Object: 'Object Repository/Modulo Actos Administrativos/Modulo Viáticos/Modificar Solicitud de Viáticos/a_Guardar_modficar' is clicked on

2021-11-22 09:34:35 - [TEST_STEP][PASSED] - getText(findTestObject("Alerta/Alerta")): Text of object 'Object Repository/Alerta/Alerta' is: 'El viatico ha sido insertado correctamente'

2021-11-22 09:34:36 - [MESSAGE][PASSED] - Text of object 'Object Repository/Alerta/Alerta' is: 'El viatico ha sido insertado correctamente'

2021-11-22 09:34:36 - [TEST_STEP][PASSED] - closeBrowser(): Browser is closed

2021-11-22 09:34:37 - [MESSAGE][PASSED] - Browser is closed]]></system-out>
         <system-err><![CDATA[]]></system-err>
      </testcase>
      <testcase name="Test Cases/1.1-Tareas Principales/1.6.6 Anulación y Legalización de viáticos" time="96.215" classname="Test Cases/1.1-Tareas Principales/1.6.6 Anulación y Legalización de viáticos" status="PASSED">
         <system-out><![CDATA[2021-11-22 09:34:37 - [TEST_CASE][PASSED] - Test Cases/1.1-Tareas Principales/1.6.6 Anulación y Legalización de viáticos: Test Cases/1.1-Tareas Principales/1.6.6 Anulación y Legalización de viáticos

2021-11-22 09:34:37 - [TEST_STEP][PASSED] - callTestCase(findTestCase("0.1-Login"), [:], STOP_ON_FAILURE): Call Test Case 'Test Cases/0.1-Login' successfully

2021-11-22 09:34:38 - [TEST_CASE][PASSED] - Test Cases/0.1-Login: Test Cases/0.1-Login

2021-11-22 09:34:38 - [TEST_STEP][PASSED] - openBrowser(""): Browser is opened with url: ''

2021-11-22 09:34:38 - [MESSAGE][INFO] - Starting 'Edge Chromium' driver

2021-11-22 09:34:40 - [MESSAGE][INFO] - Action delay is set to 0 milliseconds

2021-11-22 09:34:40 - [MESSAGE][PASSED] - Browser is opened with url: ''

2021-11-22 09:34:40 - [TEST_STEP][PASSED] - maximizeWindow(): Current window maximized

2021-11-22 09:34:41 - [MESSAGE][PASSED] - Current window maximized

2021-11-22 09:34:41 - [TEST_STEP][PASSED] - i = G_Login: null

2021-11-22 09:34:41 - [TEST_STEP][PASSED] - url = new java.net.URL(i): null

2021-11-22 09:34:41 - [TEST_STEP][PASSED] - println("URL: " + url.toString()): null

2021-11-22 09:34:41 - [TEST_STEP][PASSED] - connection = url.openConnection(): null

2021-11-22 09:34:41 - [TEST_STEP][PASSED] - connection.setRequestMethod("GET"): null

2021-11-22 09:34:41 - [TEST_STEP][PASSED] - connection.setReadTimeout(2 * 1000): null

2021-11-22 09:34:41 - [TEST_STEP][PASSED] - try: null

2021-11-22 09:34:41 - [TEST_STEP][PASSED] - connection.connect(): null

2021-11-22 09:34:41 - [TEST_STEP][PASSED] - flag = connected: null

2021-11-22 09:34:41 - [TEST_STEP][PASSED] - println("Valor_ori: " + flag): null

2021-11-22 09:34:41 - [TEST_STEP][PASSED] - if (flag): null

2021-11-22 09:34:41 - [TEST_STEP][PASSED] - navigateToUrl(i): Navigate to 'http://localhost:8380/saraweb/' successfully

2021-11-22 09:34:41 - [MESSAGE][PASSED] - Navigate to 'http://localhost:8380/saraweb/' successfully

2021-11-22 09:34:41 - [TEST_STEP][PASSED] - a(): null

2021-11-22 09:34:41 - [TEST_STEP][PASSED] - setText(findTestObject("Login/input_USUARIO_loginusuario"), G_Usuario): Text 'saraadmin' is set on object 'Object Repository/Login/input_USUARIO_loginusuario'

2021-11-22 09:34:42 - [MESSAGE][PASSED] - Text 'saraadmin' is set on object 'Object Repository/Login/input_USUARIO_loginusuario'

2021-11-22 09:34:42 - [TEST_STEP][PASSED] - setEncryptedText(findTestObject("Login/input_CLAVE_loginpassword"), "MkG4/TYiCFC3cb2driP7+Q=="): Text ****** has been set on object 'Object Repository/Login/input_CLAVE_loginpassword'

2021-11-22 09:34:43 - [MESSAGE][PASSED] - Text ****** has been set on object 'Object Repository/Login/input_CLAVE_loginpassword'

2021-11-22 09:34:43 - [TEST_STEP][PASSED] - waitForElementClickable(findTestObject("Login/a_Ingresar"), G_TimeOut): Object 'Object Repository/Login/a_Ingresar' is clickable

2021-11-22 09:34:43 - [MESSAGE][PASSED] - Object 'Object Repository/Login/a_Ingresar' is clickable

2021-11-22 09:34:43 - [TEST_STEP][PASSED] - click(findTestObject("Login/a_Ingresar")): Object: 'Object Repository/Login/a_Ingresar' is clicked on

2021-11-22 09:34:47 - [MESSAGE][PASSED] - Object: 'Object Repository/Login/a_Ingresar' is clicked on

2021-11-22 09:34:47 - [TEST_STEP][PASSED] - element = findWebElement(findTestObject("Login/a_Ir"), 30): null

2021-11-22 09:34:47 - [TEST_STEP][PASSED] - executeJavaScript("arguments[0].click()", Arrays.asList(element)): Execute JavaScript 'arguments[0].click()' successfully

2021-11-22 09:34:47 - [MESSAGE][PASSED] - Execute JavaScript 'arguments[0].click()' successfully

2021-11-22 09:34:47 - [MESSAGE][PASSED] - Call Test Case 'Test Cases/0.1-Login' successfully

2021-11-22 09:34:47 - [TEST_STEP][PASSED] - waitForElementClickable(findTestObject("Modulo Actos Administrativos/Modulo Viáticos/Anulación y Legalización de viáticos/input_ADMINISTRADOR DEL SISTEMA - SARA_form_templatej_idt24_input"), 0): Object 'Object Repository/Modulo Actos Administrativos/Modulo Viáticos/Anulación y Legalización de viáticos/input_ADMINISTRADOR DEL SISTEMA - SARA_form_templatej_idt24_input' is clickable

2021-11-22 09:34:47 - [MESSAGE][WARNING] - Timeout '0' is invalid. Using default page load timeout: '30'

2021-11-22 09:34:48 - [MESSAGE][PASSED] - Object 'Object Repository/Modulo Actos Administrativos/Modulo Viáticos/Anulación y Legalización de viáticos/input_ADMINISTRADOR DEL SISTEMA - SARA_form_templatej_idt24_input' is clickable

2021-11-22 09:34:48 - [TEST_STEP][PASSED] - setText(findTestObject("Modulo Actos Administrativos/Modulo Viáticos/Anulación y Legalización de viáticos/input_ADMINISTRADOR DEL SISTEMA - SARA_form_templatej_idt24_input"), "listado de viaticos"): Text 'listado de viaticos' is set on object 'Object Repository/Modulo Actos Administrativos/Modulo Viáticos/Anulación y Legalización de viáticos/input_ADMINISTRADOR DEL SISTEMA - SARA_form_templatej_idt24_input'

2021-11-22 09:34:49 - [MESSAGE][PASSED] - Text 'listado de viaticos' is set on object 'Object Repository/Modulo Actos Administrativos/Modulo Viáticos/Anulación y Legalización de viáticos/input_ADMINISTRADOR DEL SISTEMA - SARA_form_templatej_idt24_input'

2021-11-22 09:34:49 - [TEST_STEP][PASSED] - waitForElementClickable(findTestObject("Modulo Actos Administrativos/Modulo Viáticos/Anulación y Legalización de viáticos/li_Listado de Viaticos (act)"), 0): Object 'Object Repository/Modulo Actos Administrativos/Modulo Viáticos/Anulación y Legalización de viáticos/li_Listado de Viaticos (act)' is clickable

2021-11-22 09:34:49 - [MESSAGE][WARNING] - Timeout '0' is invalid. Using default page load timeout: '30'

2021-11-22 09:34:50 - [MESSAGE][PASSED] - Object 'Object Repository/Modulo Actos Administrativos/Modulo Viáticos/Anulación y Legalización de viáticos/li_Listado de Viaticos (act)' is clickable

2021-11-22 09:34:50 - [TEST_STEP][PASSED] - sendKeys(findTestObject("Modulo Actos Administrativos/Modulo Viáticos/Anulación y Legalización de viáticos/input_ADMINISTRADOR DEL SISTEMA - SARA_form_templatej_idt24_input"), Keys.chord(ENTER)): Keys 'ENTER + ' sent to object: 'Object Repository/Modulo Actos Administrativos/Modulo Viáticos/Anulación y Legalización de viáticos/input_ADMINISTRADOR DEL SISTEMA - SARA_form_templatej_idt24_input'

2021-11-22 09:34:51 - [MESSAGE][PASSED] - Keys 'ENTER + ' sent to object: 'Object Repository/Modulo Actos Administrativos/Modulo Viáticos/Anulación y Legalización de viáticos/input_ADMINISTRADOR DEL SISTEMA - SARA_form_templatej_idt24_input'

2021-11-22 09:34:51 - [TEST_STEP][PASSED] - selectOptionByIndex(findTestObject("Modulo Actos Administrativos/Modulo Viáticos/Anulación y Legalización de viáticos/select_--Seleccione--AnuladoAutorizadaDerogadaNo AutorizadaProgramadaSolicitado"), 5): All options with index in [5] are selected on object 'Object Repository/Modulo Actos Administrativos/Modulo Viáticos/Anulación y Legalización de viáticos/select_--Seleccione--AnuladoAutorizadaDerogadaNo AutorizadaProgramadaSolicitado'

2021-11-22 09:34:53 - [MESSAGE][PASSED] - All options with index in [5] are selected on object 'Object Repository/Modulo Actos Administrativos/Modulo Viáticos/Anulación y Legalización de viáticos/select_--Seleccione--AnuladoAutorizadaDerogadaNo AutorizadaProgramadaSolicitado'

2021-11-22 09:34:53 - [TEST_STEP][PASSED] - if (waitForElementClickable(findTestObject("Modulo Actos Administrativos/Modulo Viáticos/Anulación y Legalización de viáticos/td_01072021"), 1)): Web element with id: 'Object Repository/Modulo Actos Administrativos/Modulo Viáticos/Anulación y Legalización de viáticos/td_01072021' located by '//*/text()[normalize-space(.)='01/07/2021']/parent::*' not found

2021-11-22 09:34:55 - [MESSAGE][INFO] - Unable to find the element located by 'By.xpath: //*/text()[normalize-space(.)='01/07/2021']/parent::*'. Please recheck the objects properties to make sure the desired element is located. 

2021-11-22 09:34:55 - [MESSAGE][WARNING] - Web element with id: 'Object Repository/Modulo Actos Administrativos/Modulo Viáticos/Anulación y Legalización de viáticos/td_01072021' located by '//*/text()[normalize-space(.)='01/07/2021']/parent::*' not found

2021-11-22 09:34:55 - [TEST_STEP][PASSED] - else: null

2021-11-22 09:34:55 - [TEST_STEP][PASSED] - selectOptionByIndex(findTestObject("Modulo Actos Administrativos/Modulo Viáticos/Anulación y Legalización de viáticos/select_--Seleccione--AnuladoAutorizadaDerogadaNo AutorizadaProgramadaSolicitado"), 2): All options with index in [2] are selected on object 'Object Repository/Modulo Actos Administrativos/Modulo Viáticos/Anulación y Legalización de viáticos/select_--Seleccione--AnuladoAutorizadaDerogadaNo AutorizadaProgramadaSolicitado'

2021-11-22 09:34:56 - [MESSAGE][PASSED] - All options with index in [2] are selected on object 'Object Repository/Modulo Actos Administrativos/Modulo Viáticos/Anulación y Legalización de viáticos/select_--Seleccione--AnuladoAutorizadaDerogadaNo AutorizadaProgramadaSolicitado'

2021-11-22 09:34:56 - [TEST_STEP][PASSED] - if (waitForElementClickable(findTestObject("Modulo Actos Administrativos/Modulo Viáticos/Anulación y Legalización de viáticos/td_01072021"), 1)): null

2021-11-22 09:34:56 - [MESSAGE][PASSED] - Object 'Object Repository/Modulo Actos Administrativos/Modulo Viáticos/Anulación y Legalización de viáticos/td_01072021' is clickable

2021-11-22 09:34:56 - [TEST_STEP][PASSED] - click(findTestObject("Modulo Actos Administrativos/Modulo Viáticos/Anulación y Legalización de viáticos/td_01072021")): Object: 'Object Repository/Modulo Actos Administrativos/Modulo Viáticos/Anulación y Legalización de viáticos/td_01072021' is clicked on

2021-11-22 09:34:57 - [MESSAGE][PASSED] - Object: 'Object Repository/Modulo Actos Administrativos/Modulo Viáticos/Anulación y Legalización de viáticos/td_01072021' is clicked on

2021-11-22 09:34:57 - [TEST_STEP][PASSED] - waitForElementClickable(findTestObject("Modulo Actos Administrativos/Modulo Viáticos/Anulación y Legalización de viáticos/a_Cerrar Desembolsar"), 0): Object 'Object Repository/Modulo Actos Administrativos/Modulo Viáticos/Anulación y Legalización de viáticos/a_Cerrar Desembolsar' is clickable

2021-11-22 09:34:57 - [MESSAGE][WARNING] - Timeout '0' is invalid. Using default page load timeout: '30'

2021-11-22 09:34:58 - [MESSAGE][PASSED] - Object 'Object Repository/Modulo Actos Administrativos/Modulo Viáticos/Anulación y Legalización de viáticos/a_Cerrar Desembolsar' is clickable

2021-11-22 09:34:58 - [TEST_STEP][PASSED] - click(findTestObject("Modulo Actos Administrativos/Modulo Viáticos/Anulación y Legalización de viáticos/a_Cerrar Desembolsar")): Object: 'Object Repository/Modulo Actos Administrativos/Modulo Viáticos/Anulación y Legalización de viáticos/a_Cerrar Desembolsar' is clicked on

2021-11-22 09:34:59 - [MESSAGE][PASSED] - Object: 'Object Repository/Modulo Actos Administrativos/Modulo Viáticos/Anulación y Legalización de viáticos/a_Cerrar Desembolsar' is clicked on

2021-11-22 09:34:59 - [TEST_STEP][PASSED] - setText(findTestObject("Modulo Actos Administrativos/Modulo Viáticos/Anulación y Legalización de viáticos/input_Fecha_Cierre desembolso"), "01/07/2021"): Text '01/07/2021' is set on object 'Object Repository/Modulo Actos Administrativos/Modulo Viáticos/Anulación y Legalización de viáticos/input_Fecha_Cierre desembolso'

2021-11-22 09:35:00 - [MESSAGE][PASSED] - Text '01/07/2021' is set on object 'Object Repository/Modulo Actos Administrativos/Modulo Viáticos/Anulación y Legalización de viáticos/input_Fecha_Cierre desembolso'

2021-11-22 09:35:00 - [TEST_STEP][PASSED] - setText(findTestObject("Modulo Actos Administrativos/Modulo Viáticos/Anulación y Legalización de viáticos/input_TRM_Cierre desembolso"), "5"): Text '5' is set on object 'Object Repository/Modulo Actos Administrativos/Modulo Viáticos/Anulación y Legalización de viáticos/input_TRM_Cierre desembolso'

2021-11-22 09:35:01 - [MESSAGE][PASSED] - Text '5' is set on object 'Object Repository/Modulo Actos Administrativos/Modulo Viáticos/Anulación y Legalización de viáticos/input_TRM_Cierre desembolso'

2021-11-22 09:35:01 - [TEST_STEP][PASSED] - click(findTestObject("Modulo Actos Administrativos/Modulo Viáticos/Anulación y Legalización de viáticos/a_Aplicar_Cierre desembolso")): Object: 'Object Repository/Modulo Actos Administrativos/Modulo Viáticos/Anulación y Legalización de viáticos/a_Aplicar_Cierre desembolso' is clicked on

2021-11-22 09:35:01 - [MESSAGE][PASSED] - Object: 'Object Repository/Modulo Actos Administrativos/Modulo Viáticos/Anulación y Legalización de viáticos/a_Aplicar_Cierre desembolso' is clicked on

2021-11-22 09:35:01 - [TEST_STEP][PASSED] - click(findTestObject("Modulo Actos Administrativos/Modulo Viáticos/Anulación y Legalización de viáticos/a_Costos_Anulacion")): Object: 'Object Repository/Modulo Actos Administrativos/Modulo Viáticos/Anulación y Legalización de viáticos/a_Costos_Anulacion' is clicked on

2021-11-22 09:35:03 - [MESSAGE][PASSED] - Object: 'Object Repository/Modulo Actos Administrativos/Modulo Viáticos/Anulación y Legalización de viáticos/a_Costos_Anulacion' is clicked on

2021-11-22 09:35:03 - [TEST_STEP][PASSED] - sendKeys(findTestObject("Modulo Actos Administrativos/Modulo Viáticos/Anulación y Legalización de viáticos/a_Costos_Anulacion"), Keys.chord(F5)): Keys 'F5 + ' sent to object: 'Object Repository/Modulo Actos Administrativos/Modulo Viáticos/Anulación y Legalización de viáticos/a_Costos_Anulacion'

2021-11-22 09:35:03 - [MESSAGE][PASSED] - Keys 'F5 + ' sent to object: 'Object Repository/Modulo Actos Administrativos/Modulo Viáticos/Anulación y Legalización de viáticos/a_Costos_Anulacion'

2021-11-22 09:35:03 - [TEST_STEP][PASSED] - waitForElementClickable(findTestObject("Modulo Actos Administrativos/Modulo Viáticos/Costos de Viáticos/a_Nuevo1_costo"), 0): Object 'Object Repository/Modulo Actos Administrativos/Modulo Viáticos/Costos de Viáticos/a_Nuevo1_costo' is clickable

2021-11-22 09:35:03 - [MESSAGE][WARNING] - Timeout '0' is invalid. Using default page load timeout: '30'

2021-11-22 09:35:04 - [MESSAGE][PASSED] - Object 'Object Repository/Modulo Actos Administrativos/Modulo Viáticos/Costos de Viáticos/a_Nuevo1_costo' is clickable

2021-11-22 09:35:04 - [TEST_STEP][PASSED] - click(findTestObject("Modulo Actos Administrativos/Modulo Viáticos/Costos de Viáticos/a_Nuevo1_costo")): Object: 'Object Repository/Modulo Actos Administrativos/Modulo Viáticos/Costos de Viáticos/a_Nuevo1_costo' is clicked on

2021-11-22 09:35:04 - [MESSAGE][PASSED] - Object: 'Object Repository/Modulo Actos Administrativos/Modulo Viáticos/Costos de Viáticos/a_Nuevo1_costo' is clicked on

2021-11-22 09:35:04 - [TEST_STEP][PASSED] - waitForElementClickable(findTestObject("Modulo Actos Administrativos/Modulo Viáticos/Costos de Viáticos/a_Funcionario_form_popupComplementarioViaticoj_idt332"), 0): Object 'Object Repository/Modulo Actos Administrativos/Modulo Viáticos/Costos de Viáticos/a_Funcionario_form_popupComplementarioViaticoj_idt332' is clickable

2021-11-22 09:35:04 - [MESSAGE][WARNING] - Timeout '0' is invalid. Using default page load timeout: '30'

2021-11-22 09:35:05 - [MESSAGE][PASSED] - Object 'Object Repository/Modulo Actos Administrativos/Modulo Viáticos/Costos de Viáticos/a_Funcionario_form_popupComplementarioViaticoj_idt332' is clickable

2021-11-22 09:35:05 - [TEST_STEP][PASSED] - click(findTestObject("Modulo Actos Administrativos/Modulo Viáticos/Costos de Viáticos/a_Funcionario_form_popupComplementarioViaticoj_idt332")): Object: 'Object Repository/Modulo Actos Administrativos/Modulo Viáticos/Costos de Viáticos/a_Funcionario_form_popupComplementarioViaticoj_idt332' is clicked on

2021-11-22 09:35:05 - [MESSAGE][PASSED] - Object: 'Object Repository/Modulo Actos Administrativos/Modulo Viáticos/Costos de Viáticos/a_Funcionario_form_popupComplementarioViaticoj_idt332' is clicked on

2021-11-22 09:35:05 - [TEST_STEP][PASSED] - waitForElementClickable(findTestObject("Modulo Actos Administrativos/Modulo Viáticos/Anulación y Legalización de viáticos/td_QUINTERO 5 EMPLEADO2"), 0): Object 'Object Repository/Modulo Actos Administrativos/Modulo Viáticos/Anulación y Legalización de viáticos/td_QUINTERO 5 EMPLEADO2' is clickable

2021-11-22 09:35:05 - [MESSAGE][WARNING] - Timeout '0' is invalid. Using default page load timeout: '30'

2021-11-22 09:35:06 - [MESSAGE][PASSED] - Object 'Object Repository/Modulo Actos Administrativos/Modulo Viáticos/Anulación y Legalización de viáticos/td_QUINTERO 5 EMPLEADO2' is clickable

2021-11-22 09:35:06 - [TEST_STEP][PASSED] - click(findTestObject("Modulo Actos Administrativos/Modulo Viáticos/Anulación y Legalización de viáticos/td_QUINTERO 5 EMPLEADO2")): Object: 'Object Repository/Modulo Actos Administrativos/Modulo Viáticos/Anulación y Legalización de viáticos/td_QUINTERO 5 EMPLEADO2' is clicked on

2021-11-22 09:35:06 - [MESSAGE][PASSED] - Object: 'Object Repository/Modulo Actos Administrativos/Modulo Viáticos/Anulación y Legalización de viáticos/td_QUINTERO 5 EMPLEADO2' is clicked on

2021-11-22 09:35:06 - [TEST_STEP][PASSED] - delay(1): Delayed 1 second(s)

2021-11-22 09:35:07 - [MESSAGE][PASSED] - Delayed 1 second(s)

2021-11-22 09:35:07 - [TEST_STEP][PASSED] - selectOptionByIndex(findTestObject("Modulo Actos Administrativos/Modulo Viáticos/Complementario de Viáticos/select_--- Seleccione Tipo Costo --Viatico prueba--complementario"), "1"): All options with index in [1] are selected on object 'Object Repository/Modulo Actos Administrativos/Modulo Viáticos/Complementario de Viáticos/select_--- Seleccione Tipo Costo --Viatico prueba--complementario'

2021-11-22 09:35:09 - [MESSAGE][PASSED] - All options with index in [1] are selected on object 'Object Repository/Modulo Actos Administrativos/Modulo Viáticos/Complementario de Viáticos/select_--- Seleccione Tipo Costo --Viatico prueba--complementario'

2021-11-22 09:35:09 - [TEST_STEP][PASSED] - setText(findTestObject("Modulo Actos Administrativos/Modulo Viáticos/Costos de Viáticos/input_Valor Pagado UD_form_popupcostoviaticosvalorPagadoUD"), "1500000"): Text '1500000' is set on object 'Object Repository/Modulo Actos Administrativos/Modulo Viáticos/Costos de Viáticos/input_Valor Pagado UD_form_popupcostoviaticosvalorPagadoUD'

2021-11-22 09:35:10 - [MESSAGE][PASSED] - Text '1500000' is set on object 'Object Repository/Modulo Actos Administrativos/Modulo Viáticos/Costos de Viáticos/input_Valor Pagado UD_form_popupcostoviaticosvalorPagadoUD'

2021-11-22 09:35:10 - [TEST_STEP][PASSED] - setText(findTestObject("Modulo Actos Administrativos/Modulo Viáticos/Costos de Viáticos/input_Excedente_form_popupcostoviaticosvalorExcedente"), "10000"): Text '10000' is set on object 'Object Repository/Modulo Actos Administrativos/Modulo Viáticos/Costos de Viáticos/input_Excedente_form_popupcostoviaticosvalorExcedente'

2021-11-22 09:35:11 - [MESSAGE][PASSED] - Text '10000' is set on object 'Object Repository/Modulo Actos Administrativos/Modulo Viáticos/Costos de Viáticos/input_Excedente_form_popupcostoviaticosvalorExcedente'

2021-11-22 09:35:11 - [TEST_STEP][PASSED] - setText(findTestObject("Modulo Actos Administrativos/Modulo Viáticos/Costos de Viáticos/input_Factura_form_popupcostoviaticosfactura"), "5"): Text '5' is set on object 'Object Repository/Modulo Actos Administrativos/Modulo Viáticos/Costos de Viáticos/input_Factura_form_popupcostoviaticosfactura'

2021-11-22 09:35:12 - [MESSAGE][PASSED] - Text '5' is set on object 'Object Repository/Modulo Actos Administrativos/Modulo Viáticos/Costos de Viáticos/input_Factura_form_popupcostoviaticosfactura'

2021-11-22 09:35:12 - [TEST_STEP][PASSED] - setText(findTestObject("Modulo Actos Administrativos/Modulo Viáticos/Costos de Viáticos/input_Factura_form_popupcostoviaticosfechafactura_input"), "01/07/2021"): Text '01/07/2021' is set on object 'Object Repository/Modulo Actos Administrativos/Modulo Viáticos/Costos de Viáticos/input_Factura_form_popupcostoviaticosfechafactura_input'

2021-11-22 09:35:12 - [MESSAGE][PASSED] - Text '01/07/2021' is set on object 'Object Repository/Modulo Actos Administrativos/Modulo Viáticos/Costos de Viáticos/input_Factura_form_popupcostoviaticosfechafactura_input'

2021-11-22 09:35:12 - [TEST_STEP][PASSED] - setText(findTestObject("Modulo Actos Administrativos/Modulo Viáticos/Costos de Viáticos/input_viatico_form_popupcostoviaticosdestino"), "1"): Text '1' is set on object 'Object Repository/Modulo Actos Administrativos/Modulo Viáticos/Costos de Viáticos/input_viatico_form_popupcostoviaticosdestino'

2021-11-22 09:35:13 - [MESSAGE][PASSED] - Text '1' is set on object 'Object Repository/Modulo Actos Administrativos/Modulo Viáticos/Costos de Viáticos/input_viatico_form_popupcostoviaticosdestino'

2021-11-22 09:35:13 - [TEST_STEP][PASSED] - click(findTestObject("Modulo Actos Administrativos/Modulo Viáticos/Costos de Viáticos/input_viatico_form_popupcostoviaticosdestino")): Object: 'Object Repository/Modulo Actos Administrativos/Modulo Viáticos/Costos de Viáticos/input_viatico_form_popupcostoviaticosdestino' is clicked on

2021-11-22 09:35:14 - [MESSAGE][PASSED] - Object: 'Object Repository/Modulo Actos Administrativos/Modulo Viáticos/Costos de Viáticos/input_viatico_form_popupcostoviaticosdestino' is clicked on

2021-11-22 09:35:14 - [TEST_STEP][PASSED] - click(findTestObject("Modulo Actos Administrativos/Modulo Viáticos/Costos de Viáticos/a_Guardar_costo")): Object: 'Object Repository/Modulo Actos Administrativos/Modulo Viáticos/Costos de Viáticos/a_Guardar_costo' is clicked on

2021-11-22 09:35:14 - [MESSAGE][PASSED] - Object: 'Object Repository/Modulo Actos Administrativos/Modulo Viáticos/Costos de Viáticos/a_Guardar_costo' is clicked on

2021-11-22 09:35:14 - [TEST_STEP][PASSED] - click(findTestObject("Modulo Actos Administrativos/Modulo Viáticos/Anulación y Legalización de viáticos/span_Cerrar_ventana_ Crear costos")): Object: 'Object Repository/Modulo Actos Administrativos/Modulo Viáticos/Anulación y Legalización de viáticos/span_Cerrar_ventana_ Crear costos' is clicked on

2021-11-22 09:35:15 - [MESSAGE][PASSED] - Object: 'Object Repository/Modulo Actos Administrativos/Modulo Viáticos/Anulación y Legalización de viáticos/span_Cerrar_ventana_ Crear costos' is clicked on

2021-11-22 09:35:15 - [TEST_STEP][PASSED] - click(findTestObject("Modulo Actos Administrativos/Modulo Viáticos/Anulación y Legalización de viáticos/td_estado_null")): Object: 'Object Repository/Modulo Actos Administrativos/Modulo Viáticos/Anulación y Legalización de viáticos/td_estado_null' is clicked on

2021-11-22 09:35:16 - [MESSAGE][PASSED] - Object: 'Object Repository/Modulo Actos Administrativos/Modulo Viáticos/Anulación y Legalización de viáticos/td_estado_null' is clicked on

2021-11-22 09:35:16 - [TEST_STEP][PASSED] - if (waitForElementClickable(findTestObject("Modulo Actos Administrativos/Modulo Viáticos/Anulación y Legalización de viáticos/a_Anular_Costo"), 1)): null

2021-11-22 09:35:16 - [MESSAGE][PASSED] - Object 'Object Repository/Modulo Actos Administrativos/Modulo Viáticos/Anulación y Legalización de viáticos/a_Anular_Costo' is clickable

2021-11-22 09:35:16 - [TEST_STEP][PASSED] - click(findTestObject("Modulo Actos Administrativos/Modulo Viáticos/Anulación y Legalización de viáticos/a_Anular_Costo")): Object: 'Object Repository/Modulo Actos Administrativos/Modulo Viáticos/Anulación y Legalización de viáticos/a_Anular_Costo' is clicked on

2021-11-22 09:35:17 - [MESSAGE][PASSED] - Object: 'Object Repository/Modulo Actos Administrativos/Modulo Viáticos/Anulación y Legalización de viáticos/a_Anular_Costo' is clicked on

2021-11-22 09:35:17 - [TEST_STEP][PASSED] - waitForElementClickable(findTestObject("Modulo Actos Administrativos/Modulo Viáticos/Anulación y Legalización de viáticos/select_--Seleccione--Nota CreditoReembolsoRevisin"), 0): Object 'Object Repository/Modulo Actos Administrativos/Modulo Viáticos/Anulación y Legalización de viáticos/select_--Seleccione--Nota CreditoReembolsoRevisin' is clickable

2021-11-22 09:35:17 - [MESSAGE][WARNING] - Timeout '0' is invalid. Using default page load timeout: '30'

2021-11-22 09:35:18 - [MESSAGE][PASSED] - Object 'Object Repository/Modulo Actos Administrativos/Modulo Viáticos/Anulación y Legalización de viáticos/select_--Seleccione--Nota CreditoReembolsoRevisin' is clickable

2021-11-22 09:35:18 - [TEST_STEP][PASSED] - selectOptionByIndex(findTestObject("Modulo Actos Administrativos/Modulo Viáticos/Anulación y Legalización de viáticos/select_--Seleccione--Nota CreditoReembolsoRevisin"), "1"): All options with index in [1] are selected on object 'Object Repository/Modulo Actos Administrativos/Modulo Viáticos/Anulación y Legalización de viáticos/select_--Seleccione--Nota CreditoReembolsoRevisin'

2021-11-22 09:35:19 - [MESSAGE][PASSED] - All options with index in [1] are selected on object 'Object Repository/Modulo Actos Administrativos/Modulo Viáticos/Anulación y Legalización de viáticos/select_--Seleccione--Nota CreditoReembolsoRevisin'

2021-11-22 09:35:19 - [TEST_STEP][PASSED] - setText(findTestObject("Modulo Actos Administrativos/Modulo Viáticos/Anulación y Legalización de viáticos/input_Nmero Nota Credito_form"), "5"): Text '5' is set on object 'Object Repository/Modulo Actos Administrativos/Modulo Viáticos/Anulación y Legalización de viáticos/input_Nmero Nota Credito_form'

2021-11-22 09:35:20 - [MESSAGE][PASSED] - Text '5' is set on object 'Object Repository/Modulo Actos Administrativos/Modulo Viáticos/Anulación y Legalización de viáticos/input_Nmero Nota Credito_form'

2021-11-22 09:35:20 - [TEST_STEP][PASSED] - setText(findTestObject("Modulo Actos Administrativos/Modulo Viáticos/Anulación y Legalización de viáticos/input_Fecha De Nota Crdito_form_Nota credito"), "01/07/2021"): Text '01/07/2021' is set on object 'Object Repository/Modulo Actos Administrativos/Modulo Viáticos/Anulación y Legalización de viáticos/input_Fecha De Nota Crdito_form_Nota credito'

2021-11-22 09:35:21 - [MESSAGE][PASSED] - Text '01/07/2021' is set on object 'Object Repository/Modulo Actos Administrativos/Modulo Viáticos/Anulación y Legalización de viáticos/input_Fecha De Nota Crdito_form_Nota credito'

2021-11-22 09:35:21 - [TEST_STEP][PASSED] - setText(findTestObject("Modulo Actos Administrativos/Modulo Viáticos/Anulación y Legalización de viáticos/input_Fecha Resolucin_form_Nota_credito"), "01/07/2021"): Text '01/07/2021' is set on object 'Object Repository/Modulo Actos Administrativos/Modulo Viáticos/Anulación y Legalización de viáticos/input_Fecha Resolucin_form_Nota_credito'

2021-11-22 09:35:22 - [MESSAGE][PASSED] - Text '01/07/2021' is set on object 'Object Repository/Modulo Actos Administrativos/Modulo Viáticos/Anulación y Legalización de viáticos/input_Fecha Resolucin_form_Nota_credito'

2021-11-22 09:35:22 - [TEST_STEP][PASSED] - setText(findTestObject("Modulo Actos Administrativos/Modulo Viáticos/Anulación y Legalización de viáticos/input_Valor_form_Nota_credito"), "10"): Text '10' is set on object 'Object Repository/Modulo Actos Administrativos/Modulo Viáticos/Anulación y Legalización de viáticos/input_Valor_form_Nota_credito'

2021-11-22 09:35:23 - [MESSAGE][PASSED] - Text '10' is set on object 'Object Repository/Modulo Actos Administrativos/Modulo Viáticos/Anulación y Legalización de viáticos/input_Valor_form_Nota_credito'

2021-11-22 09:35:23 - [TEST_STEP][PASSED] - setText(findTestObject("Modulo Actos Administrativos/Modulo Viáticos/Anulación y Legalización de viáticos/input_Nmero Resolucin_Nota_credito"), "5"): Text '5' is set on object 'Object Repository/Modulo Actos Administrativos/Modulo Viáticos/Anulación y Legalización de viáticos/input_Nmero Resolucin_Nota_credito'

2021-11-22 09:35:23 - [MESSAGE][PASSED] - Text '5' is set on object 'Object Repository/Modulo Actos Administrativos/Modulo Viáticos/Anulación y Legalización de viáticos/input_Nmero Resolucin_Nota_credito'

2021-11-22 09:35:23 - [TEST_STEP][PASSED] - click(findTestObject("Modulo Actos Administrativos/Modulo Viáticos/Anulación y Legalización de viáticos/a_Aplicar_Nota_credito")): Object: 'Object Repository/Modulo Actos Administrativos/Modulo Viáticos/Anulación y Legalización de viáticos/a_Aplicar_Nota_credito' is clicked on

2021-11-22 09:35:24 - [MESSAGE][PASSED] - Object: 'Object Repository/Modulo Actos Administrativos/Modulo Viáticos/Anulación y Legalización de viáticos/a_Aplicar_Nota_credito' is clicked on

2021-11-22 09:35:24 - [TEST_STEP][PASSED] - waitForElementClickable(findTestObject("Modulo Actos Administrativos/Modulo Viáticos/Anulación y Legalización de viáticos/a_Cambiar estado"), 0): Object 'Object Repository/Modulo Actos Administrativos/Modulo Viáticos/Anulación y Legalización de viáticos/a_Cambiar estado' is clickable

2021-11-22 09:35:24 - [MESSAGE][WARNING] - Timeout '0' is invalid. Using default page load timeout: '30'

2021-11-22 09:35:25 - [MESSAGE][PASSED] - Object 'Object Repository/Modulo Actos Administrativos/Modulo Viáticos/Anulación y Legalización de viáticos/a_Cambiar estado' is clickable

2021-11-22 09:35:25 - [TEST_STEP][PASSED] - click(findTestObject("Modulo Actos Administrativos/Modulo Viáticos/Anulación y Legalización de viáticos/a_Cambiar estado")): Object: 'Object Repository/Modulo Actos Administrativos/Modulo Viáticos/Anulación y Legalización de viáticos/a_Cambiar estado' is clicked on

2021-11-22 09:35:26 - [MESSAGE][PASSED] - Object: 'Object Repository/Modulo Actos Administrativos/Modulo Viáticos/Anulación y Legalización de viáticos/a_Cambiar estado' is clicked on

2021-11-22 09:35:26 - [TEST_STEP][PASSED] - waitForElementClickable(findTestObject("Modulo Actos Administrativos/Modulo Viáticos/Anulación y Legalización de viáticos/select_--Seleccione--Nota CreditoReembolsoRevisin"), 0): Object 'Object Repository/Modulo Actos Administrativos/Modulo Viáticos/Anulación y Legalización de viáticos/select_--Seleccione--Nota CreditoReembolsoRevisin' is clickable

2021-11-22 09:35:26 - [MESSAGE][WARNING] - Timeout '0' is invalid. Using default page load timeout: '30'

2021-11-22 09:35:26 - [MESSAGE][PASSED] - Object 'Object Repository/Modulo Actos Administrativos/Modulo Viáticos/Anulación y Legalización de viáticos/select_--Seleccione--Nota CreditoReembolsoRevisin' is clickable

2021-11-22 09:35:26 - [TEST_STEP][PASSED] - selectOptionByIndex(findTestObject("Modulo Actos Administrativos/Modulo Viáticos/Anulación y Legalización de viáticos/select_--Seleccione--Nota CreditoReembolsoRevisin"), "2"): All options with index in [2] are selected on object 'Object Repository/Modulo Actos Administrativos/Modulo Viáticos/Anulación y Legalización de viáticos/select_--Seleccione--Nota CreditoReembolsoRevisin'

2021-11-22 09:35:27 - [MESSAGE][PASSED] - All options with index in [2] are selected on object 'Object Repository/Modulo Actos Administrativos/Modulo Viáticos/Anulación y Legalización de viáticos/select_--Seleccione--Nota CreditoReembolsoRevisin'

2021-11-22 09:35:27 - [TEST_STEP][PASSED] - click(findTestObject("Modulo Actos Administrativos/Modulo Viáticos/Anulación y Legalización de viáticos/a_Aplicar_Reembolso")): Object: 'Object Repository/Modulo Actos Administrativos/Modulo Viáticos/Anulación y Legalización de viáticos/a_Aplicar_Reembolso' is clicked on

2021-11-22 09:35:28 - [MESSAGE][PASSED] - Object: 'Object Repository/Modulo Actos Administrativos/Modulo Viáticos/Anulación y Legalización de viáticos/a_Aplicar_Reembolso' is clicked on

2021-11-22 09:35:28 - [TEST_STEP][PASSED] - waitForElementClickable(findTestObject("Modulo Actos Administrativos/Modulo Viáticos/Anulación y Legalización de viáticos/a_cerrar_costo_viaticos"), 0): Object 'Object Repository/Modulo Actos Administrativos/Modulo Viáticos/Anulación y Legalización de viáticos/a_cerrar_costo_viaticos' is clickable

2021-11-22 09:35:28 - [MESSAGE][WARNING] - Timeout '0' is invalid. Using default page load timeout: '30'

2021-11-22 09:35:29 - [MESSAGE][PASSED] - Object 'Object Repository/Modulo Actos Administrativos/Modulo Viáticos/Anulación y Legalización de viáticos/a_cerrar_costo_viaticos' is clickable

2021-11-22 09:35:29 - [TEST_STEP][PASSED] - click(findTestObject("Modulo Actos Administrativos/Modulo Viáticos/Anulación y Legalización de viáticos/a_cerrar_costo_viaticos")): Object: 'Object Repository/Modulo Actos Administrativos/Modulo Viáticos/Anulación y Legalización de viáticos/a_cerrar_costo_viaticos' is clicked on

2021-11-22 09:35:29 - [MESSAGE][PASSED] - Object: 'Object Repository/Modulo Actos Administrativos/Modulo Viáticos/Anulación y Legalización de viáticos/a_cerrar_costo_viaticos' is clicked on

2021-11-22 09:35:29 - [TEST_STEP][PASSED] - click(findTestObject("Modulo Actos Administrativos/Modulo Viáticos/Anulación y Legalización de viáticos/a_Listado Viticos_cerrar_menu")): Object: 'Object Repository/Modulo Actos Administrativos/Modulo Viáticos/Anulación y Legalización de viáticos/a_Listado Viticos_cerrar_menu' is clicked on

2021-11-22 09:35:30 - [MESSAGE][PASSED] - Object: 'Object Repository/Modulo Actos Administrativos/Modulo Viáticos/Anulación y Legalización de viáticos/a_Listado Viticos_cerrar_menu' is clicked on

2021-11-22 09:35:30 - [TEST_STEP][PASSED] - click(findTestObject("Modulo Actos Administrativos/Modulo Viáticos/Anulación y Legalización de viáticos/label_Viaticos")): Object: 'Object Repository/Modulo Actos Administrativos/Modulo Viáticos/Anulación y Legalización de viáticos/label_Viaticos' is clicked on

2021-11-22 09:35:30 - [MESSAGE][PASSED] - Object: 'Object Repository/Modulo Actos Administrativos/Modulo Viáticos/Anulación y Legalización de viáticos/label_Viaticos' is clicked on

2021-11-22 09:35:30 - [TEST_STEP][PASSED] - click(findTestObject("Modulo Actos Administrativos/Modulo Viáticos/Anulación y Legalización de viáticos/a_Listado Costos Pendientes")): Object: 'Object Repository/Modulo Actos Administrativos/Modulo Viáticos/Anulación y Legalización de viáticos/a_Listado Costos Pendientes' is clicked on

2021-11-22 09:35:31 - [MESSAGE][PASSED] - Object: 'Object Repository/Modulo Actos Administrativos/Modulo Viáticos/Anulación y Legalización de viáticos/a_Listado Costos Pendientes' is clicked on

2021-11-22 09:35:31 - [TEST_STEP][PASSED] - waitForElementClickable(findTestObject("Modulo Actos Administrativos/Modulo Viáticos/Anulación y Legalización de viáticos/input_ADMINISTRADOR DEL SISTEMA - SARA_form_templatej_idt24_input"), 0): Object 'Object Repository/Modulo Actos Administrativos/Modulo Viáticos/Anulación y Legalización de viáticos/input_ADMINISTRADOR DEL SISTEMA - SARA_form_templatej_idt24_input' is clickable

2021-11-22 09:35:31 - [MESSAGE][WARNING] - Timeout '0' is invalid. Using default page load timeout: '30'

2021-11-22 09:35:33 - [MESSAGE][PASSED] - Object 'Object Repository/Modulo Actos Administrativos/Modulo Viáticos/Anulación y Legalización de viáticos/input_ADMINISTRADOR DEL SISTEMA - SARA_form_templatej_idt24_input' is clickable

2021-11-22 09:35:33 - [TEST_STEP][PASSED] - setText(findTestObject("Modulo Actos Administrativos/Modulo Viáticos/Anulación y Legalización de viáticos/input_ADMINISTRADOR DEL SISTEMA - SARA_form_templatej_idt24_input"), "listado de viaticos"): Text 'listado de viaticos' is set on object 'Object Repository/Modulo Actos Administrativos/Modulo Viáticos/Anulación y Legalización de viáticos/input_ADMINISTRADOR DEL SISTEMA - SARA_form_templatej_idt24_input'

2021-11-22 09:35:33 - [MESSAGE][PASSED] - Text 'listado de viaticos' is set on object 'Object Repository/Modulo Actos Administrativos/Modulo Viáticos/Anulación y Legalización de viáticos/input_ADMINISTRADOR DEL SISTEMA - SARA_form_templatej_idt24_input'

2021-11-22 09:35:33 - [TEST_STEP][PASSED] - waitForElementClickable(findTestObject("Modulo Actos Administrativos/Modulo Viáticos/Anulación y Legalización de viáticos/li_Listado de Viaticos (act)"), 0): Object 'Object Repository/Modulo Actos Administrativos/Modulo Viáticos/Anulación y Legalización de viáticos/li_Listado de Viaticos (act)' is clickable

2021-11-22 09:35:33 - [MESSAGE][WARNING] - Timeout '0' is invalid. Using default page load timeout: '30'

2021-11-22 09:35:35 - [MESSAGE][PASSED] - Object 'Object Repository/Modulo Actos Administrativos/Modulo Viáticos/Anulación y Legalización de viáticos/li_Listado de Viaticos (act)' is clickable

2021-11-22 09:35:35 - [TEST_STEP][PASSED] - sendKeys(findTestObject("Modulo Actos Administrativos/Modulo Viáticos/Anulación y Legalización de viáticos/input_ADMINISTRADOR DEL SISTEMA - SARA_form_templatej_idt24_input"), Keys.chord(ENTER)): Keys 'ENTER + ' sent to object: 'Object Repository/Modulo Actos Administrativos/Modulo Viáticos/Anulación y Legalización de viáticos/input_ADMINISTRADOR DEL SISTEMA - SARA_form_templatej_idt24_input'

2021-11-22 09:35:35 - [MESSAGE][PASSED] - Keys 'ENTER + ' sent to object: 'Object Repository/Modulo Actos Administrativos/Modulo Viáticos/Anulación y Legalización de viáticos/input_ADMINISTRADOR DEL SISTEMA - SARA_form_templatej_idt24_input'

2021-11-22 09:35:35 - [TEST_STEP][PASSED] - selectOptionByIndex(findTestObject("Modulo Actos Administrativos/Modulo Viáticos/Anulación y Legalización de viáticos/select_--Seleccione--AnuladoAutorizadaDerogadaNo AutorizadaProgramadaSolicitado"), 5): All options with index in [5] are selected on object 'Object Repository/Modulo Actos Administrativos/Modulo Viáticos/Anulación y Legalización de viáticos/select_--Seleccione--AnuladoAutorizadaDerogadaNo AutorizadaProgramadaSolicitado'

2021-11-22 09:35:38 - [MESSAGE][PASSED] - All options with index in [5] are selected on object 'Object Repository/Modulo Actos Administrativos/Modulo Viáticos/Anulación y Legalización de viáticos/select_--Seleccione--AnuladoAutorizadaDerogadaNo AutorizadaProgramadaSolicitado'

2021-11-22 09:35:38 - [TEST_STEP][PASSED] - click(findTestObject("Modulo Actos Administrativos/Modulo Viáticos/Anulación y Legalización de viáticos/td_01072021")): Object: 'Object Repository/Modulo Actos Administrativos/Modulo Viáticos/Anulación y Legalización de viáticos/td_01072021' is clicked on

2021-11-22 09:35:39 - [MESSAGE][PASSED] - Object: 'Object Repository/Modulo Actos Administrativos/Modulo Viáticos/Anulación y Legalización de viáticos/td_01072021' is clicked on

2021-11-22 09:35:39 - [TEST_STEP][PASSED] - click(findTestObject("Modulo Actos Administrativos/Modulo Viáticos/Anulación y Legalización de viáticos/a_Costos_Anulacion")): Object: 'Object Repository/Modulo Actos Administrativos/Modulo Viáticos/Anulación y Legalización de viáticos/a_Costos_Anulacion' is clicked on

2021-11-22 09:35:41 - [MESSAGE][PASSED] - Object: 'Object Repository/Modulo Actos Administrativos/Modulo Viáticos/Anulación y Legalización de viáticos/a_Costos_Anulacion' is clicked on

2021-11-22 09:35:41 - [TEST_STEP][PASSED] - waitForElementClickable(findTestObject("Modulo Actos Administrativos/Modulo Viáticos/Anulación y Legalización de viáticos/td_estado_null"), 0): Object 'Object Repository/Modulo Actos Administrativos/Modulo Viáticos/Anulación y Legalización de viáticos/td_estado_null' is clickable

2021-11-22 09:35:41 - [MESSAGE][WARNING] - Timeout '0' is invalid. Using default page load timeout: '30'

2021-11-22 09:35:41 - [MESSAGE][PASSED] - Object 'Object Repository/Modulo Actos Administrativos/Modulo Viáticos/Anulación y Legalización de viáticos/td_estado_null' is clickable

2021-11-22 09:35:41 - [TEST_STEP][PASSED] - click(findTestObject("Modulo Actos Administrativos/Modulo Viáticos/Anulación y Legalización de viáticos/td_estado_null")): Object: 'Object Repository/Modulo Actos Administrativos/Modulo Viáticos/Anulación y Legalización de viáticos/td_estado_null' is clicked on

2021-11-22 09:35:42 - [MESSAGE][PASSED] - Object: 'Object Repository/Modulo Actos Administrativos/Modulo Viáticos/Anulación y Legalización de viáticos/td_estado_null' is clicked on

2021-11-22 09:35:42 - [TEST_STEP][PASSED] - if (waitForElementClickable(findTestObject("Modulo Actos Administrativos/Modulo Viáticos/Anulación y Legalización de viáticos/a_Anular_Costo"), 1)): Web element with id: 'Object Repository/Modulo Actos Administrativos/Modulo Viáticos/Anulación y Legalización de viáticos/a_Anular_Costo' located by '//a[3]' not found

2021-11-22 09:35:44 - [MESSAGE][INFO] - Unable to find the element located by 'By.xpath: //a[3]'. Please recheck the objects properties to make sure the desired element is located. 

2021-11-22 09:35:44 - [MESSAGE][WARNING] - Web element with id: 'Object Repository/Modulo Actos Administrativos/Modulo Viáticos/Anulación y Legalización de viáticos/a_Anular_Costo' located by '//a[3]' not found

2021-11-22 09:35:44 - [TEST_STEP][PASSED] - else: Object: 'Object Repository/Modulo Actos Administrativos/Modulo Viáticos/Anulación y Legalización de viáticos/a_Cambiar estado' is clicked on

2021-11-22 09:35:44 - [TEST_STEP][PASSED] - click(findTestObject("Modulo Actos Administrativos/Modulo Viáticos/Anulación y Legalización de viáticos/a_Cambiar estado")): Object: 'Object Repository/Modulo Actos Administrativos/Modulo Viáticos/Anulación y Legalización de viáticos/a_Cambiar estado' is clicked on

2021-11-22 09:35:44 - [MESSAGE][PASSED] - Object: 'Object Repository/Modulo Actos Administrativos/Modulo Viáticos/Anulación y Legalización de viáticos/a_Cambiar estado' is clicked on

2021-11-22 09:35:44 - [TEST_STEP][PASSED] - waitForElementClickable(findTestObject("Modulo Actos Administrativos/Modulo Viáticos/Anulación y Legalización de viáticos/select_--Seleccione--Nota CreditoReembolsoRevisin"), 0): Object 'Object Repository/Modulo Actos Administrativos/Modulo Viáticos/Anulación y Legalización de viáticos/select_--Seleccione--Nota CreditoReembolsoRevisin' is clickable

2021-11-22 09:35:44 - [MESSAGE][WARNING] - Timeout '0' is invalid. Using default page load timeout: '30'

2021-11-22 09:35:45 - [MESSAGE][PASSED] - Object 'Object Repository/Modulo Actos Administrativos/Modulo Viáticos/Anulación y Legalización de viáticos/select_--Seleccione--Nota CreditoReembolsoRevisin' is clickable

2021-11-22 09:35:45 - [TEST_STEP][PASSED] - selectOptionByIndex(findTestObject("Modulo Actos Administrativos/Modulo Viáticos/Anulación y Legalización de viáticos/select_--Seleccione--Nota CreditoReembolsoRevisin"), "3"): All options with index in [3] are selected on object 'Object Repository/Modulo Actos Administrativos/Modulo Viáticos/Anulación y Legalización de viáticos/select_--Seleccione--Nota CreditoReembolsoRevisin'

2021-11-22 09:35:46 - [MESSAGE][PASSED] - All options with index in [3] are selected on object 'Object Repository/Modulo Actos Administrativos/Modulo Viáticos/Anulación y Legalización de viáticos/select_--Seleccione--Nota CreditoReembolsoRevisin'

2021-11-22 09:35:46 - [TEST_STEP][PASSED] - click(findTestObject("Modulo Actos Administrativos/Modulo Viáticos/Anulación y Legalización de viáticos/a_Aplicar_revision")): Object: 'Object Repository/Modulo Actos Administrativos/Modulo Viáticos/Anulación y Legalización de viáticos/a_Aplicar_revision' is clicked on

2021-11-22 09:35:47 - [MESSAGE][PASSED] - Object: 'Object Repository/Modulo Actos Administrativos/Modulo Viáticos/Anulación y Legalización de viáticos/a_Aplicar_revision' is clicked on

2021-11-22 09:35:47 - [TEST_STEP][PASSED] - click(findTestObject("Modulo Actos Administrativos/Modulo Viáticos/Anulación y Legalización de viáticos/a_cerrar_costo_viaticos")): Object: 'Object Repository/Modulo Actos Administrativos/Modulo Viáticos/Anulación y Legalización de viáticos/a_cerrar_costo_viaticos' is clicked on

2021-11-22 09:35:47 - [MESSAGE][PASSED] - Object: 'Object Repository/Modulo Actos Administrativos/Modulo Viáticos/Anulación y Legalización de viáticos/a_cerrar_costo_viaticos' is clicked on

2021-11-22 09:35:47 - [TEST_STEP][PASSED] - click(findTestObject("Modulo Actos Administrativos/Modulo Viáticos/Anulación y Legalización de viáticos/a_Listado Viticos_cerrar_menu")): Object: 'Object Repository/Modulo Actos Administrativos/Modulo Viáticos/Anulación y Legalización de viáticos/a_Listado Viticos_cerrar_menu' is clicked on

2021-11-22 09:35:48 - [MESSAGE][PASSED] - Object: 'Object Repository/Modulo Actos Administrativos/Modulo Viáticos/Anulación y Legalización de viáticos/a_Listado Viticos_cerrar_menu' is clicked on

2021-11-22 09:35:48 - [TEST_STEP][PASSED] - click(findTestObject("Modulo Actos Administrativos/Modulo Viáticos/Anulación y Legalización de viáticos/label_Viaticos")): Object: 'Object Repository/Modulo Actos Administrativos/Modulo Viáticos/Anulación y Legalización de viáticos/label_Viaticos' is clicked on

2021-11-22 09:35:48 - [MESSAGE][PASSED] - Object: 'Object Repository/Modulo Actos Administrativos/Modulo Viáticos/Anulación y Legalización de viáticos/label_Viaticos' is clicked on

2021-11-22 09:35:48 - [TEST_STEP][PASSED] - waitForElementClickable(findTestObject("Modulo Actos Administrativos/Modulo Viáticos/Anulación y Legalización de viáticos/a_Listado Costos Pendientes"), 0): Object 'Object Repository/Modulo Actos Administrativos/Modulo Viáticos/Anulación y Legalización de viáticos/a_Listado Costos Pendientes' is clickable

2021-11-22 09:35:48 - [MESSAGE][WARNING] - Timeout '0' is invalid. Using default page load timeout: '30'

2021-11-22 09:35:49 - [MESSAGE][PASSED] - Object 'Object Repository/Modulo Actos Administrativos/Modulo Viáticos/Anulación y Legalización de viáticos/a_Listado Costos Pendientes' is clickable

2021-11-22 09:35:49 - [TEST_STEP][PASSED] - click(findTestObject("Modulo Actos Administrativos/Modulo Viáticos/Anulación y Legalización de viáticos/a_Listado Costos Pendientes")): Object: 'Object Repository/Modulo Actos Administrativos/Modulo Viáticos/Anulación y Legalización de viáticos/a_Listado Costos Pendientes' is clicked on

2021-11-22 09:35:49 - [MESSAGE][PASSED] - Object: 'Object Repository/Modulo Actos Administrativos/Modulo Viáticos/Anulación y Legalización de viáticos/a_Listado Costos Pendientes' is clicked on

2021-11-22 09:35:49 - [TEST_STEP][PASSED] - waitForElementClickable(findTestObject("Modulo Actos Administrativos/Modulo Viáticos/Anulación y Legalización de viáticos/select_--Seleccione--revision"), 0): Object 'Object Repository/Modulo Actos Administrativos/Modulo Viáticos/Anulación y Legalización de viáticos/select_--Seleccione--revision' is clickable

2021-11-22 09:35:49 - [MESSAGE][WARNING] - Timeout '0' is invalid. Using default page load timeout: '30'

2021-11-22 09:35:50 - [MESSAGE][PASSED] - Object 'Object Repository/Modulo Actos Administrativos/Modulo Viáticos/Anulación y Legalización de viáticos/select_--Seleccione--revision' is clickable

2021-11-22 09:35:50 - [TEST_STEP][PASSED] - selectOptionByIndex(findTestObject("Modulo Actos Administrativos/Modulo Viáticos/Anulación y Legalización de viáticos/select_--Seleccione--revision"), "3"): All options with index in [3] are selected on object 'Object Repository/Modulo Actos Administrativos/Modulo Viáticos/Anulación y Legalización de viáticos/select_--Seleccione--revision'

2021-11-22 09:35:51 - [MESSAGE][PASSED] - All options with index in [3] are selected on object 'Object Repository/Modulo Actos Administrativos/Modulo Viáticos/Anulación y Legalización de viáticos/select_--Seleccione--revision'

2021-11-22 09:35:51 - [TEST_STEP][PASSED] - waitForElementClickable(findTestObject("Modulo Actos Administrativos/Modulo Viáticos/Anulación y Legalización de viáticos/input_ADMINISTRADOR DEL SISTEMA - SARA_form_templatej_idt24_input"), 0): Object 'Object Repository/Modulo Actos Administrativos/Modulo Viáticos/Anulación y Legalización de viáticos/input_ADMINISTRADOR DEL SISTEMA - SARA_form_templatej_idt24_input' is clickable

2021-11-22 09:35:51 - [MESSAGE][WARNING] - Timeout '0' is invalid. Using default page load timeout: '30'

2021-11-22 09:35:52 - [MESSAGE][PASSED] - Object 'Object Repository/Modulo Actos Administrativos/Modulo Viáticos/Anulación y Legalización de viáticos/input_ADMINISTRADOR DEL SISTEMA - SARA_form_templatej_idt24_input' is clickable

2021-11-22 09:35:52 - [TEST_STEP][PASSED] - setText(findTestObject("Modulo Actos Administrativos/Modulo Viáticos/Anulación y Legalización de viáticos/input_ADMINISTRADOR DEL SISTEMA - SARA_form_templatej_idt24_input"), "listado de viaticos"): Text 'listado de viaticos' is set on object 'Object Repository/Modulo Actos Administrativos/Modulo Viáticos/Anulación y Legalización de viáticos/input_ADMINISTRADOR DEL SISTEMA - SARA_form_templatej_idt24_input'

2021-11-22 09:35:53 - [MESSAGE][PASSED] - Text 'listado de viaticos' is set on object 'Object Repository/Modulo Actos Administrativos/Modulo Viáticos/Anulación y Legalización de viáticos/input_ADMINISTRADOR DEL SISTEMA - SARA_form_templatej_idt24_input'

2021-11-22 09:35:53 - [TEST_STEP][PASSED] - waitForElementClickable(findTestObject("Modulo Actos Administrativos/Modulo Viáticos/Anulación y Legalización de viáticos/li_Listado de Viaticos (act)"), 0): Object 'Object Repository/Modulo Actos Administrativos/Modulo Viáticos/Anulación y Legalización de viáticos/li_Listado de Viaticos (act)' is clickable

2021-11-22 09:35:53 - [MESSAGE][WARNING] - Timeout '0' is invalid. Using default page load timeout: '30'

2021-11-22 09:35:54 - [MESSAGE][PASSED] - Object 'Object Repository/Modulo Actos Administrativos/Modulo Viáticos/Anulación y Legalización de viáticos/li_Listado de Viaticos (act)' is clickable

2021-11-22 09:35:54 - [TEST_STEP][PASSED] - sendKeys(findTestObject("Modulo Actos Administrativos/Modulo Viáticos/Anulación y Legalización de viáticos/input_ADMINISTRADOR DEL SISTEMA - SARA_form_templatej_idt24_input"), Keys.chord(ENTER)): Keys 'ENTER + ' sent to object: 'Object Repository/Modulo Actos Administrativos/Modulo Viáticos/Anulación y Legalización de viáticos/input_ADMINISTRADOR DEL SISTEMA - SARA_form_templatej_idt24_input'

2021-11-22 09:35:54 - [MESSAGE][PASSED] - Keys 'ENTER + ' sent to object: 'Object Repository/Modulo Actos Administrativos/Modulo Viáticos/Anulación y Legalización de viáticos/input_ADMINISTRADOR DEL SISTEMA - SARA_form_templatej_idt24_input'

2021-11-22 09:35:54 - [TEST_STEP][PASSED] - waitForElementClickable(findTestObject("Modulo Actos Administrativos/Modulo Viáticos/Anulación y Legalización de viáticos/span_Programada_Anulacion"), 0): Object 'Object Repository/Modulo Actos Administrativos/Modulo Viáticos/Anulación y Legalización de viáticos/span_Programada_Anulacion' is clickable

2021-11-22 09:35:54 - [MESSAGE][WARNING] - Timeout '0' is invalid. Using default page load timeout: '30'

2021-11-22 09:35:57 - [MESSAGE][PASSED] - Object 'Object Repository/Modulo Actos Administrativos/Modulo Viáticos/Anulación y Legalización de viáticos/span_Programada_Anulacion' is clickable

2021-11-22 09:35:57 - [TEST_STEP][PASSED] - click(findTestObject("Modulo Actos Administrativos/Modulo Viáticos/Anulación y Legalización de viáticos/span_Barranquilla (cerrejonn)")): Object: 'Object Repository/Modulo Actos Administrativos/Modulo Viáticos/Anulación y Legalización de viáticos/span_Barranquilla (cerrejonn)' is clicked on

2021-11-22 09:35:57 - [MESSAGE][PASSED] - Object: 'Object Repository/Modulo Actos Administrativos/Modulo Viáticos/Anulación y Legalización de viáticos/span_Barranquilla (cerrejonn)' is clicked on

2021-11-22 09:35:57 - [TEST_STEP][PASSED] - click(findTestObject("Modulo Actos Administrativos/Modulo Viáticos/Anulación y Legalización de viáticos/a_Costos_Anulacion")): Object: 'Object Repository/Modulo Actos Administrativos/Modulo Viáticos/Anulación y Legalización de viáticos/a_Costos_Anulacion' is clicked on

2021-11-22 09:35:58 - [MESSAGE][PASSED] - Object: 'Object Repository/Modulo Actos Administrativos/Modulo Viáticos/Anulación y Legalización de viáticos/a_Costos_Anulacion' is clicked on

2021-11-22 09:35:58 - [TEST_STEP][PASSED] - click(findTestObject("Modulo Actos Administrativos/Modulo Viáticos/Anulación y Legalización de viáticos/a_Nuevo Reutilizar")): Object: 'Object Repository/Modulo Actos Administrativos/Modulo Viáticos/Anulación y Legalización de viáticos/a_Nuevo Reutilizar' is clicked on

2021-11-22 09:35:59 - [MESSAGE][PASSED] - Object: 'Object Repository/Modulo Actos Administrativos/Modulo Viáticos/Anulación y Legalización de viáticos/a_Nuevo Reutilizar' is clicked on

2021-11-22 09:35:59 - [TEST_STEP][PASSED] - waitForElementClickable(findTestObject("Modulo Actos Administrativos/Modulo Viáticos/Anulación y Legalización de viáticos/select_--Seleccione--Nota CreditoRevisin"), 0): Object 'Object Repository/Modulo Actos Administrativos/Modulo Viáticos/Anulación y Legalización de viáticos/select_--Seleccione--Nota CreditoRevisin' is clickable

2021-11-22 09:35:59 - [MESSAGE][WARNING] - Timeout '0' is invalid. Using default page load timeout: '30'

2021-11-22 09:36:00 - [MESSAGE][PASSED] - Object 'Object Repository/Modulo Actos Administrativos/Modulo Viáticos/Anulación y Legalización de viáticos/select_--Seleccione--Nota CreditoRevisin' is clickable

2021-11-22 09:36:00 - [TEST_STEP][PASSED] - selectOptionByIndex(findTestObject("Modulo Actos Administrativos/Modulo Viáticos/Anulación y Legalización de viáticos/select_--Seleccione--Nota CreditoRevisin"), "2"): All options with index in [2] are selected on object 'Object Repository/Modulo Actos Administrativos/Modulo Viáticos/Anulación y Legalización de viáticos/select_--Seleccione--Nota CreditoRevisin'

2021-11-22 09:36:01 - [MESSAGE][PASSED] - All options with index in [2] are selected on object 'Object Repository/Modulo Actos Administrativos/Modulo Viáticos/Anulación y Legalización de viáticos/select_--Seleccione--Nota CreditoRevisin'

2021-11-22 09:36:01 - [TEST_STEP][PASSED] - waitForElementClickable(findTestObject("Modulo Actos Administrativos/Modulo Viáticos/Anulación y Legalización de viáticos/td_01072021"), 0): Object 'Object Repository/Modulo Actos Administrativos/Modulo Viáticos/Anulación y Legalización de viáticos/td_01072021' is clickable

2021-11-22 09:36:01 - [MESSAGE][WARNING] - Timeout '0' is invalid. Using default page load timeout: '30'

2021-11-22 09:36:01 - [MESSAGE][PASSED] - Object 'Object Repository/Modulo Actos Administrativos/Modulo Viáticos/Anulación y Legalización de viáticos/td_01072021' is clickable

2021-11-22 09:36:01 - [TEST_STEP][PASSED] - click(findTestObject("Modulo Actos Administrativos/Modulo Viáticos/Anulación y Legalización de viáticos/td_01072021")): Object: 'Object Repository/Modulo Actos Administrativos/Modulo Viáticos/Anulación y Legalización de viáticos/td_01072021' is clicked on

2021-11-22 09:36:02 - [MESSAGE][PASSED] - Object: 'Object Repository/Modulo Actos Administrativos/Modulo Viáticos/Anulación y Legalización de viáticos/td_01072021' is clicked on

2021-11-22 09:36:02 - [TEST_STEP][PASSED] - waitForElementClickable(findTestObject("Modulo Actos Administrativos/Modulo Viáticos/Anulación y Legalización de viáticos/a_Programacin_form_popupcostoviaticosj_idt150"), 0): Object 'Object Repository/Modulo Actos Administrativos/Modulo Viáticos/Anulación y Legalización de viáticos/a_Programacin_form_popupcostoviaticosj_idt150' is clickable

2021-11-22 09:36:02 - [MESSAGE][WARNING] - Timeout '0' is invalid. Using default page load timeout: '30'

2021-11-22 09:36:03 - [MESSAGE][PASSED] - Object 'Object Repository/Modulo Actos Administrativos/Modulo Viáticos/Anulación y Legalización de viáticos/a_Programacin_form_popupcostoviaticosj_idt150' is clickable

2021-11-22 09:36:03 - [TEST_STEP][PASSED] - click(findTestObject("Modulo Actos Administrativos/Modulo Viáticos/Anulación y Legalización de viáticos/a_Programacin_form_popupcostoviaticosj_idt150")): Object: 'Object Repository/Modulo Actos Administrativos/Modulo Viáticos/Anulación y Legalización de viáticos/a_Programacin_form_popupcostoviaticosj_idt150' is clicked on

2021-11-22 09:36:04 - [MESSAGE][PASSED] - Object: 'Object Repository/Modulo Actos Administrativos/Modulo Viáticos/Anulación y Legalización de viáticos/a_Programacin_form_popupcostoviaticosj_idt150' is clicked on

2021-11-22 09:36:04 - [TEST_STEP][PASSED] - waitForElementClickable(findTestObject("Modulo Actos Administrativos/Modulo Viáticos/Anulación y Legalización de viáticos/td_QUINTERO 5 EMPLEADO"), 0): Object 'Object Repository/Modulo Actos Administrativos/Modulo Viáticos/Anulación y Legalización de viáticos/td_QUINTERO 5 EMPLEADO' is clickable

2021-11-22 09:36:04 - [MESSAGE][WARNING] - Timeout '0' is invalid. Using default page load timeout: '30'

2021-11-22 09:36:04 - [MESSAGE][PASSED] - Object 'Object Repository/Modulo Actos Administrativos/Modulo Viáticos/Anulación y Legalización de viáticos/td_QUINTERO 5 EMPLEADO' is clickable

2021-11-22 09:36:04 - [TEST_STEP][PASSED] - click(findTestObject("Modulo Actos Administrativos/Modulo Viáticos/Anulación y Legalización de viáticos/td_QUINTERO 5 EMPLEADO")): Object: 'Object Repository/Modulo Actos Administrativos/Modulo Viáticos/Anulación y Legalización de viáticos/td_QUINTERO 5 EMPLEADO' is clicked on

2021-11-22 09:36:05 - [MESSAGE][PASSED] - Object: 'Object Repository/Modulo Actos Administrativos/Modulo Viáticos/Anulación y Legalización de viáticos/td_QUINTERO 5 EMPLEADO' is clicked on

2021-11-22 09:36:05 - [TEST_STEP][PASSED] - waitForElementClickable(findTestObject("Modulo Actos Administrativos/Modulo Viáticos/Anulación y Legalización de viáticos/a_Guardar_Nuevo_Reutilizar"), 0): Object 'Object Repository/Modulo Actos Administrativos/Modulo Viáticos/Anulación y Legalización de viáticos/a_Guardar_Nuevo_Reutilizar' is clickable

2021-11-22 09:36:05 - [MESSAGE][WARNING] - Timeout '0' is invalid. Using default page load timeout: '30'

2021-11-22 09:36:05 - [MESSAGE][PASSED] - Object 'Object Repository/Modulo Actos Administrativos/Modulo Viáticos/Anulación y Legalización de viáticos/a_Guardar_Nuevo_Reutilizar' is clickable

2021-11-22 09:36:05 - [TEST_STEP][PASSED] - click(findTestObject("Modulo Actos Administrativos/Modulo Viáticos/Anulación y Legalización de viáticos/a_Guardar_Nuevo_Reutilizar")): Object: 'Object Repository/Modulo Actos Administrativos/Modulo Viáticos/Anulación y Legalización de viáticos/a_Guardar_Nuevo_Reutilizar' is clicked on

2021-11-22 09:36:06 - [MESSAGE][PASSED] - Object: 'Object Repository/Modulo Actos Administrativos/Modulo Viáticos/Anulación y Legalización de viáticos/a_Guardar_Nuevo_Reutilizar' is clicked on

2021-11-22 09:36:06 - [TEST_STEP][PASSED] - waitForElementClickable(findTestObject("Modulo Actos Administrativos/Modulo Viáticos/Anulación y Legalización de viáticos/a_Cambiar estado"), 0): Object 'Object Repository/Modulo Actos Administrativos/Modulo Viáticos/Anulación y Legalización de viáticos/a_Cambiar estado' is clickable

2021-11-22 09:36:06 - [MESSAGE][WARNING] - Timeout '0' is invalid. Using default page load timeout: '30'

2021-11-22 09:36:07 - [MESSAGE][PASSED] - Object 'Object Repository/Modulo Actos Administrativos/Modulo Viáticos/Anulación y Legalización de viáticos/a_Cambiar estado' is clickable

2021-11-22 09:36:07 - [TEST_STEP][PASSED] - click(findTestObject("Modulo Actos Administrativos/Modulo Viáticos/Anulación y Legalización de viáticos/a_Cambiar estado")): Object: 'Object Repository/Modulo Actos Administrativos/Modulo Viáticos/Anulación y Legalización de viáticos/a_Cambiar estado' is clicked on

2021-11-22 09:36:07 - [MESSAGE][PASSED] - Object: 'Object Repository/Modulo Actos Administrativos/Modulo Viáticos/Anulación y Legalización de viáticos/a_Cambiar estado' is clicked on

2021-11-22 09:36:07 - [TEST_STEP][PASSED] - waitForElementClickable(findTestObject("Modulo Actos Administrativos/Modulo Viáticos/Anulación y Legalización de viáticos/select_--Seleccione--Nota CreditoReembolsoRevisin"), 0): Object 'Object Repository/Modulo Actos Administrativos/Modulo Viáticos/Anulación y Legalización de viáticos/select_--Seleccione--Nota CreditoReembolsoRevisin' is clickable

2021-11-22 09:36:07 - [MESSAGE][WARNING] - Timeout '0' is invalid. Using default page load timeout: '30'

2021-11-22 09:36:08 - [MESSAGE][PASSED] - Object 'Object Repository/Modulo Actos Administrativos/Modulo Viáticos/Anulación y Legalización de viáticos/select_--Seleccione--Nota CreditoReembolsoRevisin' is clickable

2021-11-22 09:36:08 - [TEST_STEP][PASSED] - selectOptionByIndex(findTestObject("Modulo Actos Administrativos/Modulo Viáticos/Anulación y Legalización de viáticos/select_--Seleccione--Nota CreditoReembolsoRevisin"), "3"): All options with index in [3] are selected on object 'Object Repository/Modulo Actos Administrativos/Modulo Viáticos/Anulación y Legalización de viáticos/select_--Seleccione--Nota CreditoReembolsoRevisin'

2021-11-22 09:36:09 - [MESSAGE][PASSED] - All options with index in [3] are selected on object 'Object Repository/Modulo Actos Administrativos/Modulo Viáticos/Anulación y Legalización de viáticos/select_--Seleccione--Nota CreditoReembolsoRevisin'

2021-11-22 09:36:09 - [TEST_STEP][PASSED] - setText(findTestObject("Modulo Actos Administrativos/Modulo Viáticos/Anulación y Legalización de viáticos/input_Fecha_revision"), "01/07/2021"): Text '01/07/2021' is set on object 'Object Repository/Modulo Actos Administrativos/Modulo Viáticos/Anulación y Legalización de viáticos/input_Fecha_revision'

2021-11-22 09:36:10 - [MESSAGE][PASSED] - Text '01/07/2021' is set on object 'Object Repository/Modulo Actos Administrativos/Modulo Viáticos/Anulación y Legalización de viáticos/input_Fecha_revision'

2021-11-22 09:36:10 - [TEST_STEP][PASSED] - setText(findTestObject("Modulo Actos Administrativos/Modulo Viáticos/Anulación y Legalización de viáticos/input_Valor A Revisar_revision"), "10"): Text '10' is set on object 'Object Repository/Modulo Actos Administrativos/Modulo Viáticos/Anulación y Legalización de viáticos/input_Valor A Revisar_revision'

2021-11-22 09:36:11 - [MESSAGE][PASSED] - Text '10' is set on object 'Object Repository/Modulo Actos Administrativos/Modulo Viáticos/Anulación y Legalización de viáticos/input_Valor A Revisar_revision'

2021-11-22 09:36:11 - [TEST_STEP][PASSED] - click(findTestObject("Modulo Actos Administrativos/Modulo Viáticos/Anulación y Legalización de viáticos/a_Aplicar_Reembolso")): Object: 'Object Repository/Modulo Actos Administrativos/Modulo Viáticos/Anulación y Legalización de viáticos/a_Aplicar_Reembolso' is clicked on

2021-11-22 09:36:11 - [MESSAGE][PASSED] - Object: 'Object Repository/Modulo Actos Administrativos/Modulo Viáticos/Anulación y Legalización de viáticos/a_Aplicar_Reembolso' is clicked on

2021-11-22 09:36:11 - [TEST_STEP][PASSED] - getText(findTestObject("Alerta/Alerta")): Text of object 'Object Repository/Alerta/Alerta' is: 'Se aplico el proceso.'

2021-11-22 09:36:12 - [MESSAGE][PASSED] - Text of object 'Object Repository/Alerta/Alerta' is: 'Se aplico el proceso.'

2021-11-22 09:36:12 - [TEST_STEP][PASSED] - closeBrowser(): Browser is closed

2021-11-22 09:36:13 - [MESSAGE][PASSED] - Browser is closed]]></system-out>
         <system-err><![CDATA[]]></system-err>
      </testcase>
      <testcase name="Test Cases/1.1-Tareas Principales/1.6.7 Modificar retroactivos viáticos" time="21.528" classname="Test Cases/1.1-Tareas Principales/1.6.7 Modificar retroactivos viáticos" status="PASSED">
         <system-out><![CDATA[2021-11-22 09:36:13 - [TEST_CASE][PASSED] - Test Cases/1.1-Tareas Principales/1.6.7 Modificar retroactivos viáticos: Test Cases/1.1-Tareas Principales/1.6.7 Modificar retroactivos viáticos

2021-11-22 09:36:14 - [TEST_STEP][PASSED] - callTestCase(findTestCase("0.1-Login"), [:], STOP_ON_FAILURE): Call Test Case 'Test Cases/0.1-Login' successfully

2021-11-22 09:36:14 - [TEST_CASE][PASSED] - Test Cases/0.1-Login: Test Cases/0.1-Login

2021-11-22 09:36:14 - [TEST_STEP][PASSED] - openBrowser(""): Browser is opened with url: ''

2021-11-22 09:36:14 - [MESSAGE][INFO] - Starting 'Edge Chromium' driver

2021-11-22 09:36:16 - [MESSAGE][INFO] - Action delay is set to 0 milliseconds

2021-11-22 09:36:17 - [MESSAGE][PASSED] - Browser is opened with url: ''

2021-11-22 09:36:17 - [TEST_STEP][PASSED] - maximizeWindow(): Current window maximized

2021-11-22 09:36:17 - [MESSAGE][PASSED] - Current window maximized

2021-11-22 09:36:17 - [TEST_STEP][PASSED] - i = G_Login: null

2021-11-22 09:36:17 - [TEST_STEP][PASSED] - url = new java.net.URL(i): null

2021-11-22 09:36:17 - [TEST_STEP][PASSED] - println("URL: " + url.toString()): null

2021-11-22 09:36:17 - [TEST_STEP][PASSED] - connection = url.openConnection(): null

2021-11-22 09:36:17 - [TEST_STEP][PASSED] - connection.setRequestMethod("GET"): null

2021-11-22 09:36:17 - [TEST_STEP][PASSED] - connection.setReadTimeout(2 * 1000): null

2021-11-22 09:36:17 - [TEST_STEP][PASSED] - try: null

2021-11-22 09:36:17 - [TEST_STEP][PASSED] - connection.connect(): null

2021-11-22 09:36:17 - [TEST_STEP][PASSED] - flag = connected: null

2021-11-22 09:36:17 - [TEST_STEP][PASSED] - println("Valor_ori: " + flag): null

2021-11-22 09:36:17 - [TEST_STEP][PASSED] - if (flag): null

2021-11-22 09:36:17 - [TEST_STEP][PASSED] - navigateToUrl(i): Navigate to 'http://localhost:8380/saraweb/' successfully

2021-11-22 09:36:18 - [MESSAGE][PASSED] - Navigate to 'http://localhost:8380/saraweb/' successfully

2021-11-22 09:36:18 - [TEST_STEP][PASSED] - a(): null

2021-11-22 09:36:18 - [TEST_STEP][PASSED] - setText(findTestObject("Login/input_USUARIO_loginusuario"), G_Usuario): Text 'saraadmin' is set on object 'Object Repository/Login/input_USUARIO_loginusuario'

2021-11-22 09:36:18 - [MESSAGE][PASSED] - Text 'saraadmin' is set on object 'Object Repository/Login/input_USUARIO_loginusuario'

2021-11-22 09:36:18 - [TEST_STEP][PASSED] - setEncryptedText(findTestObject("Login/input_CLAVE_loginpassword"), "MkG4/TYiCFC3cb2driP7+Q=="): Text ****** has been set on object 'Object Repository/Login/input_CLAVE_loginpassword'

2021-11-22 09:36:19 - [MESSAGE][PASSED] - Text ****** has been set on object 'Object Repository/Login/input_CLAVE_loginpassword'

2021-11-22 09:36:19 - [TEST_STEP][PASSED] - waitForElementClickable(findTestObject("Login/a_Ingresar"), G_TimeOut): Object 'Object Repository/Login/a_Ingresar' is clickable

2021-11-22 09:36:19 - [MESSAGE][PASSED] - Object 'Object Repository/Login/a_Ingresar' is clickable

2021-11-22 09:36:19 - [TEST_STEP][PASSED] - click(findTestObject("Login/a_Ingresar")): Object: 'Object Repository/Login/a_Ingresar' is clicked on

2021-11-22 09:36:24 - [MESSAGE][PASSED] - Object: 'Object Repository/Login/a_Ingresar' is clicked on

2021-11-22 09:36:24 - [TEST_STEP][PASSED] - element = findWebElement(findTestObject("Login/a_Ir"), 30): null

2021-11-22 09:36:24 - [TEST_STEP][PASSED] - executeJavaScript("arguments[0].click()", Arrays.asList(element)): Execute JavaScript 'arguments[0].click()' successfully

2021-11-22 09:36:24 - [MESSAGE][PASSED] - Execute JavaScript 'arguments[0].click()' successfully

2021-11-22 09:36:24 - [MESSAGE][PASSED] - Call Test Case 'Test Cases/0.1-Login' successfully

2021-11-22 09:36:24 - [TEST_STEP][PASSED] - waitForElementClickable(findTestObject("Modulo Actos Administrativos/Modulo Viáticos/Anulación y Legalización de viáticos/input_ADMINISTRADOR DEL SISTEMA - SARA_form_templatej_idt24_input"), 0): Object 'Object Repository/Modulo Actos Administrativos/Modulo Viáticos/Anulación y Legalización de viáticos/input_ADMINISTRADOR DEL SISTEMA - SARA_form_templatej_idt24_input' is clickable

2021-11-22 09:36:24 - [MESSAGE][WARNING] - Timeout '0' is invalid. Using default page load timeout: '30'

2021-11-22 09:36:25 - [MESSAGE][PASSED] - Object 'Object Repository/Modulo Actos Administrativos/Modulo Viáticos/Anulación y Legalización de viáticos/input_ADMINISTRADOR DEL SISTEMA - SARA_form_templatej_idt24_input' is clickable

2021-11-22 09:36:25 - [TEST_STEP][PASSED] - setText(findTestObject("Modulo Actos Administrativos/Modulo Viáticos/Anulación y Legalización de viáticos/input_ADMINISTRADOR DEL SISTEMA - SARA_form_templatej_idt24_input"), "listado de viaticos"): Text 'listado de viaticos' is set on object 'Object Repository/Modulo Actos Administrativos/Modulo Viáticos/Anulación y Legalización de viáticos/input_ADMINISTRADOR DEL SISTEMA - SARA_form_templatej_idt24_input'

2021-11-22 09:36:26 - [MESSAGE][PASSED] - Text 'listado de viaticos' is set on object 'Object Repository/Modulo Actos Administrativos/Modulo Viáticos/Anulación y Legalización de viáticos/input_ADMINISTRADOR DEL SISTEMA - SARA_form_templatej_idt24_input'

2021-11-22 09:36:26 - [TEST_STEP][PASSED] - waitForElementClickable(findTestObject("Modulo Actos Administrativos/Modulo Viáticos/Anulación y Legalización de viáticos/li_Listado de Viaticos (act)"), 0): Object 'Object Repository/Modulo Actos Administrativos/Modulo Viáticos/Anulación y Legalización de viáticos/li_Listado de Viaticos (act)' is clickable

2021-11-22 09:36:26 - [MESSAGE][WARNING] - Timeout '0' is invalid. Using default page load timeout: '30'

2021-11-22 09:36:27 - [MESSAGE][PASSED] - Object 'Object Repository/Modulo Actos Administrativos/Modulo Viáticos/Anulación y Legalización de viáticos/li_Listado de Viaticos (act)' is clickable

2021-11-22 09:36:27 - [TEST_STEP][PASSED] - sendKeys(findTestObject("Modulo Actos Administrativos/Modulo Viáticos/Anulación y Legalización de viáticos/input_ADMINISTRADOR DEL SISTEMA - SARA_form_templatej_idt24_input"), Keys.chord(ENTER)): Keys 'ENTER + ' sent to object: 'Object Repository/Modulo Actos Administrativos/Modulo Viáticos/Anulación y Legalización de viáticos/input_ADMINISTRADOR DEL SISTEMA - SARA_form_templatej_idt24_input'

2021-11-22 09:36:28 - [MESSAGE][PASSED] - Keys 'ENTER + ' sent to object: 'Object Repository/Modulo Actos Administrativos/Modulo Viáticos/Anulación y Legalización de viáticos/input_ADMINISTRADOR DEL SISTEMA - SARA_form_templatej_idt24_input'

2021-11-22 09:36:28 - [TEST_STEP][PASSED] - waitForElementClickable(findTestObject("Modulo Actos Administrativos/Modulo Viáticos/Modificar retroactivos/a_Listado Viticos_cerrar_menu"), 0): Object 'Object Repository/Modulo Actos Administrativos/Modulo Viáticos/Modificar retroactivos/a_Listado Viticos_cerrar_menu' is clickable

2021-11-22 09:36:28 - [MESSAGE][WARNING] - Timeout '0' is invalid. Using default page load timeout: '30'

2021-11-22 09:36:29 - [MESSAGE][PASSED] - Object 'Object Repository/Modulo Actos Administrativos/Modulo Viáticos/Modificar retroactivos/a_Listado Viticos_cerrar_menu' is clickable

2021-11-22 09:36:29 - [TEST_STEP][PASSED] - click(findTestObject("Modulo Actos Administrativos/Modulo Viáticos/Modificar retroactivos/a_Listado Viticos_cerrar_menu")): Object: 'Object Repository/Modulo Actos Administrativos/Modulo Viáticos/Modificar retroactivos/a_Listado Viticos_cerrar_menu' is clicked on

2021-11-22 09:36:29 - [MESSAGE][PASSED] - Object: 'Object Repository/Modulo Actos Administrativos/Modulo Viáticos/Modificar retroactivos/a_Listado Viticos_cerrar_menu' is clicked on

2021-11-22 09:36:29 - [TEST_STEP][PASSED] - click(findTestObject("Modulo Actos Administrativos/Modulo Viáticos/Modificar retroactivos/label_Viaticos")): Object: 'Object Repository/Modulo Actos Administrativos/Modulo Viáticos/Modificar retroactivos/label_Viaticos' is clicked on

2021-11-22 09:36:30 - [MESSAGE][PASSED] - Object: 'Object Repository/Modulo Actos Administrativos/Modulo Viáticos/Modificar retroactivos/label_Viaticos' is clicked on

2021-11-22 09:36:30 - [TEST_STEP][PASSED] - click(findTestObject("Modulo Actos Administrativos/Modulo Viáticos/Modificar retroactivos/a_Listado Costos Pendientes")): Object: 'Object Repository/Modulo Actos Administrativos/Modulo Viáticos/Modificar retroactivos/a_Listado Costos Pendientes' is clicked on

2021-11-22 09:36:30 - [MESSAGE][PASSED] - Object: 'Object Repository/Modulo Actos Administrativos/Modulo Viáticos/Modificar retroactivos/a_Listado Costos Pendientes' is clicked on

2021-11-22 09:36:30 - [TEST_STEP][PASSED] - waitForElementClickable(findTestObject("Modulo Actos Administrativos/Modulo Viáticos/Modificar retroactivos/select_--Seleccione--Nota Reembolso"), 0): Object 'Object Repository/Modulo Actos Administrativos/Modulo Viáticos/Modificar retroactivos/select_--Seleccione--Nota Reembolso' is clickable

2021-11-22 09:36:30 - [MESSAGE][WARNING] - Timeout '0' is invalid. Using default page load timeout: '30'

2021-11-22 09:36:31 - [MESSAGE][PASSED] - Object 'Object Repository/Modulo Actos Administrativos/Modulo Viáticos/Modificar retroactivos/select_--Seleccione--Nota Reembolso' is clickable

2021-11-22 09:36:31 - [TEST_STEP][PASSED] - selectOptionByIndex(findTestObject("Modulo Actos Administrativos/Modulo Viáticos/Modificar retroactivos/select_--Seleccione--Nota Reembolso"), "2"): All options with index in [2] are selected on object 'Object Repository/Modulo Actos Administrativos/Modulo Viáticos/Modificar retroactivos/select_--Seleccione--Nota Reembolso'

2021-11-22 09:36:32 - [MESSAGE][PASSED] - All options with index in [2] are selected on object 'Object Repository/Modulo Actos Administrativos/Modulo Viáticos/Modificar retroactivos/select_--Seleccione--Nota Reembolso'

2021-11-22 09:36:32 - [TEST_STEP][PASSED] - if (waitForElementClickable(findTestObject("Modulo Actos Administrativos/Modulo Viáticos/Modificar retroactivos/td_QUINTERO 5 EMPLEADO"), 1)): null

2021-11-22 09:36:33 - [MESSAGE][PASSED] - Object 'Object Repository/Modulo Actos Administrativos/Modulo Viáticos/Modificar retroactivos/td_QUINTERO 5 EMPLEADO' is clickable

2021-11-22 09:36:33 - [TEST_STEP][PASSED] - click(findTestObject("Modulo Actos Administrativos/Modulo Viáticos/Modificar retroactivos/td_QUINTERO 5 EMPLEADO")): Object: 'Object Repository/Modulo Actos Administrativos/Modulo Viáticos/Modificar retroactivos/td_QUINTERO 5 EMPLEADO' is clicked on

2021-11-22 09:36:33 - [MESSAGE][PASSED] - Object: 'Object Repository/Modulo Actos Administrativos/Modulo Viáticos/Modificar retroactivos/td_QUINTERO 5 EMPLEADO' is clicked on

2021-11-22 09:36:33 - [TEST_STEP][PASSED] - click(findTestObject("Modulo Actos Administrativos/Modulo Viáticos/Modificar retroactivos/a_Aplicar Reembolso")): Object: 'Object Repository/Modulo Actos Administrativos/Modulo Viáticos/Modificar retroactivos/a_Aplicar Reembolso' is clicked on

2021-11-22 09:36:34 - [MESSAGE][PASSED] - Object: 'Object Repository/Modulo Actos Administrativos/Modulo Viáticos/Modificar retroactivos/a_Aplicar Reembolso' is clicked on

2021-11-22 09:36:34 - [TEST_STEP][PASSED] - closeBrowser(): Browser is closed

2021-11-22 09:36:35 - [MESSAGE][PASSED] - Browser is closed]]></system-out>
         <system-err><![CDATA[]]></system-err>
      </testcase>
      <testcase name="Test Cases/1.1-Tareas Principales/1.6.8 Guardar retroactivo de viáticos" time="37.147" classname="Test Cases/1.1-Tareas Principales/1.6.8 Guardar retroactivo de viáticos" status="PASSED">
         <system-out><![CDATA[2021-11-22 09:36:35 - [TEST_CASE][PASSED] - Test Cases/1.1-Tareas Principales/1.6.8 Guardar retroactivo de viáticos: Test Cases/1.1-Tareas Principales/1.6.8 Guardar retroactivo de viáticos

2021-11-22 09:36:35 - [TEST_STEP][PASSED] - callTestCase(findTestCase("0.1-Login"), [:], STOP_ON_FAILURE): Call Test Case 'Test Cases/0.1-Login' successfully

2021-11-22 09:36:35 - [TEST_CASE][PASSED] - Test Cases/0.1-Login: Test Cases/0.1-Login

2021-11-22 09:36:35 - [TEST_STEP][PASSED] - openBrowser(""): Browser is opened with url: ''

2021-11-22 09:36:35 - [MESSAGE][INFO] - Starting 'Edge Chromium' driver

2021-11-22 09:36:37 - [MESSAGE][INFO] - Action delay is set to 0 milliseconds

2021-11-22 09:36:38 - [MESSAGE][PASSED] - Browser is opened with url: ''

2021-11-22 09:36:38 - [TEST_STEP][PASSED] - maximizeWindow(): Current window maximized

2021-11-22 09:36:38 - [MESSAGE][PASSED] - Current window maximized

2021-11-22 09:36:38 - [TEST_STEP][PASSED] - i = G_Login: null

2021-11-22 09:36:38 - [TEST_STEP][PASSED] - url = new java.net.URL(i): null

2021-11-22 09:36:38 - [TEST_STEP][PASSED] - println("URL: " + url.toString()): null

2021-11-22 09:36:38 - [TEST_STEP][PASSED] - connection = url.openConnection(): null

2021-11-22 09:36:38 - [TEST_STEP][PASSED] - connection.setRequestMethod("GET"): null

2021-11-22 09:36:38 - [TEST_STEP][PASSED] - connection.setReadTimeout(2 * 1000): null

2021-11-22 09:36:38 - [TEST_STEP][PASSED] - try: null

2021-11-22 09:36:38 - [TEST_STEP][PASSED] - connection.connect(): null

2021-11-22 09:36:38 - [TEST_STEP][PASSED] - flag = connected: null

2021-11-22 09:36:38 - [TEST_STEP][PASSED] - println("Valor_ori: " + flag): null

2021-11-22 09:36:38 - [TEST_STEP][PASSED] - if (flag): null

2021-11-22 09:36:38 - [TEST_STEP][PASSED] - navigateToUrl(i): Navigate to 'http://localhost:8380/saraweb/' successfully

2021-11-22 09:36:39 - [MESSAGE][PASSED] - Navigate to 'http://localhost:8380/saraweb/' successfully

2021-11-22 09:36:39 - [TEST_STEP][PASSED] - a(): null

2021-11-22 09:36:39 - [TEST_STEP][PASSED] - setText(findTestObject("Login/input_USUARIO_loginusuario"), G_Usuario): Text 'saraadmin' is set on object 'Object Repository/Login/input_USUARIO_loginusuario'

2021-11-22 09:36:40 - [MESSAGE][PASSED] - Text 'saraadmin' is set on object 'Object Repository/Login/input_USUARIO_loginusuario'

2021-11-22 09:36:40 - [TEST_STEP][PASSED] - setEncryptedText(findTestObject("Login/input_CLAVE_loginpassword"), "MkG4/TYiCFC3cb2driP7+Q=="): Text ****** has been set on object 'Object Repository/Login/input_CLAVE_loginpassword'

2021-11-22 09:36:41 - [MESSAGE][PASSED] - Text ****** has been set on object 'Object Repository/Login/input_CLAVE_loginpassword'

2021-11-22 09:36:41 - [TEST_STEP][PASSED] - waitForElementClickable(findTestObject("Login/a_Ingresar"), G_TimeOut): Object 'Object Repository/Login/a_Ingresar' is clickable

2021-11-22 09:36:41 - [MESSAGE][PASSED] - Object 'Object Repository/Login/a_Ingresar' is clickable

2021-11-22 09:36:41 - [TEST_STEP][PASSED] - click(findTestObject("Login/a_Ingresar")): Object: 'Object Repository/Login/a_Ingresar' is clicked on

2021-11-22 09:36:44 - [MESSAGE][PASSED] - Object: 'Object Repository/Login/a_Ingresar' is clicked on

2021-11-22 09:36:44 - [TEST_STEP][PASSED] - element = findWebElement(findTestObject("Login/a_Ir"), 30): null

2021-11-22 09:36:45 - [TEST_STEP][PASSED] - executeJavaScript("arguments[0].click()", Arrays.asList(element)): Execute JavaScript 'arguments[0].click()' successfully

2021-11-22 09:36:45 - [MESSAGE][PASSED] - Execute JavaScript 'arguments[0].click()' successfully

2021-11-22 09:36:45 - [MESSAGE][PASSED] - Call Test Case 'Test Cases/0.1-Login' successfully

2021-11-22 09:36:45 - [TEST_STEP][PASSED] - waitForElementClickable(findTestObject("Modulo Actos Administrativos/Modulo Viáticos/Guardar retroactivo de viáticos/input_ADMINISTRADOR DEL SISTEMA - SARA_form_templatej_idt24_input"), 0): Object 'Object Repository/Modulo Actos Administrativos/Modulo Viáticos/Guardar retroactivo de viáticos/input_ADMINISTRADOR DEL SISTEMA - SARA_form_templatej_idt24_input' is clickable

2021-11-22 09:36:45 - [MESSAGE][WARNING] - Timeout '0' is invalid. Using default page load timeout: '30'

2021-11-22 09:36:46 - [MESSAGE][PASSED] - Object 'Object Repository/Modulo Actos Administrativos/Modulo Viáticos/Guardar retroactivo de viáticos/input_ADMINISTRADOR DEL SISTEMA - SARA_form_templatej_idt24_input' is clickable

2021-11-22 09:36:46 - [TEST_STEP][PASSED] - setText(findTestObject("Modulo Actos Administrativos/Modulo Viáticos/Guardar retroactivo de viáticos/input_ADMINISTRADOR DEL SISTEMA - SARA_form_templatej_idt24_input"), "listado de viaticos"): Text 'listado de viaticos' is set on object 'Object Repository/Modulo Actos Administrativos/Modulo Viáticos/Guardar retroactivo de viáticos/input_ADMINISTRADOR DEL SISTEMA - SARA_form_templatej_idt24_input'

2021-11-22 09:36:47 - [MESSAGE][PASSED] - Text 'listado de viaticos' is set on object 'Object Repository/Modulo Actos Administrativos/Modulo Viáticos/Guardar retroactivo de viáticos/input_ADMINISTRADOR DEL SISTEMA - SARA_form_templatej_idt24_input'

2021-11-22 09:36:47 - [TEST_STEP][PASSED] - waitForElementClickable(findTestObject("Modulo Actos Administrativos/Modulo Viáticos/Guardar retroactivo de viáticos/li_Listado de Viaticos (act)"), 0): Object 'Object Repository/Modulo Actos Administrativos/Modulo Viáticos/Guardar retroactivo de viáticos/li_Listado de Viaticos (act)' is clickable

2021-11-22 09:36:47 - [MESSAGE][WARNING] - Timeout '0' is invalid. Using default page load timeout: '30'

2021-11-22 09:36:48 - [MESSAGE][PASSED] - Object 'Object Repository/Modulo Actos Administrativos/Modulo Viáticos/Guardar retroactivo de viáticos/li_Listado de Viaticos (act)' is clickable

2021-11-22 09:36:48 - [TEST_STEP][PASSED] - sendKeys(findTestObject("Modulo Actos Administrativos/Modulo Viáticos/Guardar retroactivo de viáticos/input_ADMINISTRADOR DEL SISTEMA - SARA_form_templatej_idt24_input"), Keys.chord(ENTER)): Keys 'ENTER + ' sent to object: 'Object Repository/Modulo Actos Administrativos/Modulo Viáticos/Guardar retroactivo de viáticos/input_ADMINISTRADOR DEL SISTEMA - SARA_form_templatej_idt24_input'

2021-11-22 09:36:48 - [MESSAGE][PASSED] - Keys 'ENTER + ' sent to object: 'Object Repository/Modulo Actos Administrativos/Modulo Viáticos/Guardar retroactivo de viáticos/input_ADMINISTRADOR DEL SISTEMA - SARA_form_templatej_idt24_input'

2021-11-22 09:36:48 - [TEST_STEP][PASSED] - waitForElementClickable(findTestObject("Modulo Actos Administrativos/Modulo Viáticos/Guardar retroactivo de viáticos/a_Listado Costos Pendientes_cerrar_menu_guardar"), 0): Object 'Object Repository/Modulo Actos Administrativos/Modulo Viáticos/Guardar retroactivo de viáticos/a_Listado Costos Pendientes_cerrar_menu_guardar' is clickable

2021-11-22 09:36:48 - [MESSAGE][WARNING] - Timeout '0' is invalid. Using default page load timeout: '30'

2021-11-22 09:36:50 - [MESSAGE][PASSED] - Object 'Object Repository/Modulo Actos Administrativos/Modulo Viáticos/Guardar retroactivo de viáticos/a_Listado Costos Pendientes_cerrar_menu_guardar' is clickable

2021-11-22 09:36:50 - [TEST_STEP][PASSED] - click(findTestObject("Modulo Actos Administrativos/Modulo Viáticos/Guardar retroactivo de viáticos/a_Listado Costos Pendientes_cerrar_menu_guardar")): Object: 'Object Repository/Modulo Actos Administrativos/Modulo Viáticos/Guardar retroactivo de viáticos/a_Listado Costos Pendientes_cerrar_menu_guardar' is clicked on

2021-11-22 09:36:50 - [MESSAGE][PASSED] - Object: 'Object Repository/Modulo Actos Administrativos/Modulo Viáticos/Guardar retroactivo de viáticos/a_Listado Costos Pendientes_cerrar_menu_guardar' is clicked on

2021-11-22 09:36:50 - [TEST_STEP][PASSED] - click(findTestObject("Modulo Actos Administrativos/Modulo Viáticos/Guardar retroactivo de viáticos/label_Viaticos_guardar")): Object: 'Object Repository/Modulo Actos Administrativos/Modulo Viáticos/Guardar retroactivo de viáticos/label_Viaticos_guardar' is clicked on

2021-11-22 09:36:50 - [MESSAGE][PASSED] - Object: 'Object Repository/Modulo Actos Administrativos/Modulo Viáticos/Guardar retroactivo de viáticos/label_Viaticos_guardar' is clicked on

2021-11-22 09:36:50 - [TEST_STEP][PASSED] - waitForElementClickable(findTestObject("Modulo Actos Administrativos/Modulo Viáticos/Guardar retroactivo de viáticos/a_Retroactivo Viaticos_ guardar"), 0): Object 'Object Repository/Modulo Actos Administrativos/Modulo Viáticos/Guardar retroactivo de viáticos/a_Retroactivo Viaticos_ guardar' is clickable

2021-11-22 09:36:50 - [MESSAGE][WARNING] - Timeout '0' is invalid. Using default page load timeout: '30'

2021-11-22 09:36:51 - [MESSAGE][PASSED] - Object 'Object Repository/Modulo Actos Administrativos/Modulo Viáticos/Guardar retroactivo de viáticos/a_Retroactivo Viaticos_ guardar' is clickable

2021-11-22 09:36:51 - [TEST_STEP][PASSED] - click(findTestObject("Modulo Actos Administrativos/Modulo Viáticos/Guardar retroactivo de viáticos/a_Retroactivo Viaticos_ guardar")): Object: 'Object Repository/Modulo Actos Administrativos/Modulo Viáticos/Guardar retroactivo de viáticos/a_Retroactivo Viaticos_ guardar' is clicked on

2021-11-22 09:36:51 - [MESSAGE][PASSED] - Object: 'Object Repository/Modulo Actos Administrativos/Modulo Viáticos/Guardar retroactivo de viáticos/a_Retroactivo Viaticos_ guardar' is clicked on

2021-11-22 09:36:51 - [TEST_STEP][PASSED] - waitForElementClickable(findTestObject("Modulo Actos Administrativos/Modulo Viáticos/Guardar retroactivo de viáticos/a_Nuevo_Guardar"), 0): Object 'Object Repository/Modulo Actos Administrativos/Modulo Viáticos/Guardar retroactivo de viáticos/a_Nuevo_Guardar' is clickable

2021-11-22 09:36:51 - [MESSAGE][WARNING] - Timeout '0' is invalid. Using default page load timeout: '30'

2021-11-22 09:36:52 - [MESSAGE][PASSED] - Object 'Object Repository/Modulo Actos Administrativos/Modulo Viáticos/Guardar retroactivo de viáticos/a_Nuevo_Guardar' is clickable

2021-11-22 09:36:52 - [TEST_STEP][PASSED] - click(findTestObject("Modulo Actos Administrativos/Modulo Viáticos/Guardar retroactivo de viáticos/a_Nuevo_Guardar")): Object: 'Object Repository/Modulo Actos Administrativos/Modulo Viáticos/Guardar retroactivo de viáticos/a_Nuevo_Guardar' is clicked on

2021-11-22 09:36:53 - [MESSAGE][PASSED] - Object: 'Object Repository/Modulo Actos Administrativos/Modulo Viáticos/Guardar retroactivo de viáticos/a_Nuevo_Guardar' is clicked on

2021-11-22 09:36:53 - [TEST_STEP][PASSED] - waitForElementClickable(findTestObject("Modulo Actos Administrativos/Modulo Viáticos/Guardar retroactivo de viáticos/input_Aplicacin_Guardar"), 0): Object 'Object Repository/Modulo Actos Administrativos/Modulo Viáticos/Guardar retroactivo de viáticos/input_Aplicacin_Guardar' is clickable

2021-11-22 09:36:53 - [MESSAGE][WARNING] - Timeout '0' is invalid. Using default page load timeout: '30'

2021-11-22 09:36:53 - [MESSAGE][PASSED] - Object 'Object Repository/Modulo Actos Administrativos/Modulo Viáticos/Guardar retroactivo de viáticos/input_Aplicacin_Guardar' is clickable

2021-11-22 09:36:53 - [TEST_STEP][PASSED] - setText(findTestObject("Modulo Actos Administrativos/Modulo Viáticos/Guardar retroactivo de viáticos/input_Aplicacin_Guardar"), "01/07/2021"): Text '01/07/2021' is set on object 'Object Repository/Modulo Actos Administrativos/Modulo Viáticos/Guardar retroactivo de viáticos/input_Aplicacin_Guardar'

2021-11-22 09:36:54 - [MESSAGE][PASSED] - Text '01/07/2021' is set on object 'Object Repository/Modulo Actos Administrativos/Modulo Viáticos/Guardar retroactivo de viáticos/input_Aplicacin_Guardar'

2021-11-22 09:36:54 - [TEST_STEP][PASSED] - setText(findTestObject("Modulo Actos Administrativos/Modulo Viáticos/Guardar retroactivo de viáticos/input_Desde_Guardar"), "01/07/2021"): Text '01/07/2021' is set on object 'Object Repository/Modulo Actos Administrativos/Modulo Viáticos/Guardar retroactivo de viáticos/input_Desde_Guardar'

2021-11-22 09:36:55 - [MESSAGE][PASSED] - Text '01/07/2021' is set on object 'Object Repository/Modulo Actos Administrativos/Modulo Viáticos/Guardar retroactivo de viáticos/input_Desde_Guardar'

2021-11-22 09:36:55 - [TEST_STEP][PASSED] - setText(findTestObject("Modulo Actos Administrativos/Modulo Viáticos/Guardar retroactivo de viáticos/input_Hasta_Guardar"), "01/07/2021"): Text '01/07/2021' is set on object 'Object Repository/Modulo Actos Administrativos/Modulo Viáticos/Guardar retroactivo de viáticos/input_Hasta_Guardar'

2021-11-22 09:36:56 - [MESSAGE][PASSED] - Text '01/07/2021' is set on object 'Object Repository/Modulo Actos Administrativos/Modulo Viáticos/Guardar retroactivo de viáticos/input_Hasta_Guardar'

2021-11-22 09:36:56 - [TEST_STEP][PASSED] - setText(findTestObject("Modulo Actos Administrativos/Modulo Viáticos/Guardar retroactivo de viáticos/input_Descripcin_Guardar"), "prueba"): Text 'prueba' is set on object 'Object Repository/Modulo Actos Administrativos/Modulo Viáticos/Guardar retroactivo de viáticos/input_Descripcin_Guardar'

2021-11-22 09:36:57 - [MESSAGE][PASSED] - Text 'prueba' is set on object 'Object Repository/Modulo Actos Administrativos/Modulo Viáticos/Guardar retroactivo de viáticos/input_Descripcin_Guardar'

2021-11-22 09:36:57 - [TEST_STEP][PASSED] - click(findTestObject("Modulo Actos Administrativos/Modulo Viáticos/Guardar retroactivo de viáticos/a_Guardar_guardar")): Object: 'Object Repository/Modulo Actos Administrativos/Modulo Viáticos/Guardar retroactivo de viáticos/a_Guardar_guardar' is clicked on

2021-11-22 09:36:58 - [MESSAGE][PASSED] - Object: 'Object Repository/Modulo Actos Administrativos/Modulo Viáticos/Guardar retroactivo de viáticos/a_Guardar_guardar' is clicked on

2021-11-22 09:36:58 - [TEST_STEP][PASSED] - waitForElementClickable(findTestObject("Modulo Actos Administrativos/Modulo Viáticos/Guardar retroactivo de viáticos/a_Liquidacin_Guardar"), 0): Object 'Object Repository/Modulo Actos Administrativos/Modulo Viáticos/Guardar retroactivo de viáticos/a_Liquidacin_Guardar' is clickable

2021-11-22 09:36:58 - [MESSAGE][WARNING] - Timeout '0' is invalid. Using default page load timeout: '30'

2021-11-22 09:36:58 - [MESSAGE][PASSED] - Object 'Object Repository/Modulo Actos Administrativos/Modulo Viáticos/Guardar retroactivo de viáticos/a_Liquidacin_Guardar' is clickable

2021-11-22 09:36:58 - [TEST_STEP][PASSED] - click(findTestObject("Modulo Actos Administrativos/Modulo Viáticos/Guardar retroactivo de viáticos/a_Liquidacin_Guardar")): Object: 'Object Repository/Modulo Actos Administrativos/Modulo Viáticos/Guardar retroactivo de viáticos/a_Liquidacin_Guardar' is clicked on

2021-11-22 09:36:59 - [MESSAGE][PASSED] - Object: 'Object Repository/Modulo Actos Administrativos/Modulo Viáticos/Guardar retroactivo de viáticos/a_Liquidacin_Guardar' is clicked on

2021-11-22 09:36:59 - [TEST_STEP][PASSED] - click(findTestObject("Modulo Actos Administrativos/Modulo Viáticos/Guardar retroactivo de viáticos/span_Si_Guardar")): Object: 'Object Repository/Modulo Actos Administrativos/Modulo Viáticos/Guardar retroactivo de viáticos/span_Si_Guardar' is clicked on

2021-11-22 09:37:01 - [MESSAGE][PASSED] - Object: 'Object Repository/Modulo Actos Administrativos/Modulo Viáticos/Guardar retroactivo de viáticos/span_Si_Guardar' is clicked on

2021-11-22 09:37:01 - [TEST_STEP][PASSED] - waitForElementClickable(findTestObject("Modulo Actos Administrativos/Modulo Viáticos/Guardar retroactivo de viáticos/a_Regresar_guardar"), 0): Object 'Object Repository/Modulo Actos Administrativos/Modulo Viáticos/Guardar retroactivo de viáticos/a_Regresar_guardar' is clickable

2021-11-22 09:37:01 - [MESSAGE][WARNING] - Timeout '0' is invalid. Using default page load timeout: '30'

2021-11-22 09:37:01 - [MESSAGE][PASSED] - Object 'Object Repository/Modulo Actos Administrativos/Modulo Viáticos/Guardar retroactivo de viáticos/a_Regresar_guardar' is clickable

2021-11-22 09:37:01 - [TEST_STEP][PASSED] - click(findTestObject("Modulo Actos Administrativos/Modulo Viáticos/Guardar retroactivo de viáticos/a_Regresar_guardar")): Object: 'Object Repository/Modulo Actos Administrativos/Modulo Viáticos/Guardar retroactivo de viáticos/a_Regresar_guardar' is clicked on

2021-11-22 09:37:02 - [MESSAGE][PASSED] - Object: 'Object Repository/Modulo Actos Administrativos/Modulo Viáticos/Guardar retroactivo de viáticos/a_Regresar_guardar' is clicked on

2021-11-22 09:37:02 - [TEST_STEP][PASSED] - waitForElementClickable(findTestObject("Modulo Actos Administrativos/Modulo Viáticos/Guardar retroactivo de viáticos/span_01072021"), 0): Object 'Object Repository/Modulo Actos Administrativos/Modulo Viáticos/Guardar retroactivo de viáticos/span_01072021' is clickable

2021-11-22 09:37:02 - [MESSAGE][WARNING] - Timeout '0' is invalid. Using default page load timeout: '30'

2021-11-22 09:37:04 - [MESSAGE][PASSED] - Object 'Object Repository/Modulo Actos Administrativos/Modulo Viáticos/Guardar retroactivo de viáticos/span_01072021' is clickable

2021-11-22 09:37:04 - [TEST_STEP][PASSED] - click(findTestObject("Modulo Actos Administrativos/Modulo Viáticos/Guardar retroactivo de viáticos/span_01072021")): Object: 'Object Repository/Modulo Actos Administrativos/Modulo Viáticos/Guardar retroactivo de viáticos/span_01072021' is clicked on

2021-11-22 09:37:04 - [MESSAGE][PASSED] - Object: 'Object Repository/Modulo Actos Administrativos/Modulo Viáticos/Guardar retroactivo de viáticos/span_01072021' is clicked on

2021-11-22 09:37:04 - [TEST_STEP][PASSED] - waitForElementClickable(findTestObject("Modulo Actos Administrativos/Modulo Viáticos/Guardar retroactivo de viáticos/a_Cerrar Proceso"), 0): Object 'Object Repository/Modulo Actos Administrativos/Modulo Viáticos/Guardar retroactivo de viáticos/a_Cerrar Proceso' is clickable

2021-11-22 09:37:04 - [MESSAGE][WARNING] - Timeout '0' is invalid. Using default page load timeout: '30'

2021-11-22 09:37:05 - [MESSAGE][PASSED] - Object 'Object Repository/Modulo Actos Administrativos/Modulo Viáticos/Guardar retroactivo de viáticos/a_Cerrar Proceso' is clickable

2021-11-22 09:37:05 - [TEST_STEP][PASSED] - click(findTestObject("Modulo Actos Administrativos/Modulo Viáticos/Guardar retroactivo de viáticos/a_Cerrar Proceso")): Object: 'Object Repository/Modulo Actos Administrativos/Modulo Viáticos/Guardar retroactivo de viáticos/a_Cerrar Proceso' is clicked on

2021-11-22 09:37:05 - [MESSAGE][PASSED] - Object: 'Object Repository/Modulo Actos Administrativos/Modulo Viáticos/Guardar retroactivo de viáticos/a_Cerrar Proceso' is clicked on

2021-11-22 09:37:05 - [TEST_STEP][PASSED] - click(findTestObject("Modulo Actos Administrativos/Modulo Viáticos/Guardar retroactivo de viáticos/span_Si_cerrar proceso")): Object: 'Object Repository/Modulo Actos Administrativos/Modulo Viáticos/Guardar retroactivo de viáticos/span_Si_cerrar proceso' is clicked on

2021-11-22 09:37:07 - [MESSAGE][PASSED] - Object: 'Object Repository/Modulo Actos Administrativos/Modulo Viáticos/Guardar retroactivo de viáticos/span_Si_cerrar proceso' is clicked on

2021-11-22 09:37:07 - [TEST_STEP][PASSED] - click(findTestObject("Modulo Actos Administrativos/Modulo Viáticos/Guardar retroactivo de viáticos/a_Regresar_guardar")): Object: 'Object Repository/Modulo Actos Administrativos/Modulo Viáticos/Guardar retroactivo de viáticos/a_Regresar_guardar' is clicked on

2021-11-22 09:37:07 - [MESSAGE][PASSED] - Object: 'Object Repository/Modulo Actos Administrativos/Modulo Viáticos/Guardar retroactivo de viáticos/a_Regresar_guardar' is clicked on

2021-11-22 09:37:07 - [TEST_STEP][PASSED] - waitForElementClickable(findTestObject("Modulo Actos Administrativos/Modulo Viáticos/Guardar retroactivo de viáticos/span_01072021"), 0): Object 'Object Repository/Modulo Actos Administrativos/Modulo Viáticos/Guardar retroactivo de viáticos/span_01072021' is clickable

2021-11-22 09:37:07 - [MESSAGE][WARNING] - Timeout '0' is invalid. Using default page load timeout: '30'

2021-11-22 09:37:08 - [MESSAGE][PASSED] - Object 'Object Repository/Modulo Actos Administrativos/Modulo Viáticos/Guardar retroactivo de viáticos/span_01072021' is clickable

2021-11-22 09:37:08 - [TEST_STEP][PASSED] - click(findTestObject("Modulo Actos Administrativos/Modulo Viáticos/Guardar retroactivo de viáticos/span_01072021")): Object: 'Object Repository/Modulo Actos Administrativos/Modulo Viáticos/Guardar retroactivo de viáticos/span_01072021' is clicked on

2021-11-22 09:37:08 - [MESSAGE][PASSED] - Object: 'Object Repository/Modulo Actos Administrativos/Modulo Viáticos/Guardar retroactivo de viáticos/span_01072021' is clicked on

2021-11-22 09:37:08 - [TEST_STEP][PASSED] - waitForElementClickable(findTestObject("Modulo Actos Administrativos/Modulo Viáticos/Guardar retroactivo de viáticos/a_Reversar_retroactivo"), 0): Object 'Object Repository/Modulo Actos Administrativos/Modulo Viáticos/Guardar retroactivo de viáticos/a_Reversar_retroactivo' is clickable

2021-11-22 09:37:08 - [MESSAGE][WARNING] - Timeout '0' is invalid. Using default page load timeout: '30'

2021-11-22 09:37:09 - [MESSAGE][PASSED] - Object 'Object Repository/Modulo Actos Administrativos/Modulo Viáticos/Guardar retroactivo de viáticos/a_Reversar_retroactivo' is clickable

2021-11-22 09:37:09 - [TEST_STEP][PASSED] - click(findTestObject("Modulo Actos Administrativos/Modulo Viáticos/Guardar retroactivo de viáticos/a_Reversar_retroactivo")): Object: 'Object Repository/Modulo Actos Administrativos/Modulo Viáticos/Guardar retroactivo de viáticos/a_Reversar_retroactivo' is clicked on

2021-11-22 09:37:09 - [MESSAGE][PASSED] - Object: 'Object Repository/Modulo Actos Administrativos/Modulo Viáticos/Guardar retroactivo de viáticos/a_Reversar_retroactivo' is clicked on

2021-11-22 09:37:09 - [TEST_STEP][PASSED] - waitForElementClickable(findTestObject("Modulo Actos Administrativos/Modulo Viáticos/Guardar retroactivo de viáticos/span_Si_reversar"), 0): Object 'Object Repository/Modulo Actos Administrativos/Modulo Viáticos/Guardar retroactivo de viáticos/span_Si_reversar' is clickable

2021-11-22 09:37:09 - [MESSAGE][WARNING] - Timeout '0' is invalid. Using default page load timeout: '30'

2021-11-22 09:37:10 - [MESSAGE][PASSED] - Object 'Object Repository/Modulo Actos Administrativos/Modulo Viáticos/Guardar retroactivo de viáticos/span_Si_reversar' is clickable

2021-11-22 09:37:10 - [TEST_STEP][PASSED] - click(findTestObject("Modulo Actos Administrativos/Modulo Viáticos/Guardar retroactivo de viáticos/span_Si_reversar")): Object: 'Object Repository/Modulo Actos Administrativos/Modulo Viáticos/Guardar retroactivo de viáticos/span_Si_reversar' is clicked on

2021-11-22 09:37:11 - [MESSAGE][PASSED] - Object: 'Object Repository/Modulo Actos Administrativos/Modulo Viáticos/Guardar retroactivo de viáticos/span_Si_reversar' is clicked on

2021-11-22 09:37:11 - [TEST_STEP][PASSED] - closeBrowser(): Browser is closed

2021-11-22 09:37:12 - [MESSAGE][PASSED] - Browser is closed]]></system-out>
         <system-err><![CDATA[]]></system-err>
      </testcase>
      <testcase name="Test Cases/1.1-Tareas Principales/1.6.9 Reporte Entidades Liquidadas Viáticos" time="52.358" classname="Test Cases/1.1-Tareas Principales/1.6.9 Reporte Entidades Liquidadas Viáticos" status="FAILED">
         <failure type="FAILED" message="Test Cases/1.1-Tareas Principales/1.6.9 Reporte Entidades Liquidadas Viáticos FAILED.
Reason:
com.kms.katalon.core.exception.StepFailedException: Unable to click on object 'Object Repository/Modulo Actos Administrativos/Modulo Viáticos/Reporte Entidades Liquidadas/a_Traer'
	at com.kms.katalon.core.webui.keyword.internal.WebUIKeywordMain.stepFailed(WebUIKeywordMain.groovy:64)
	at com.kms.katalon.core.webui.keyword.internal.WebUIKeywordMain.runKeyword(WebUIKeywordMain.groovy:26)
	at com.kms.katalon.core.webui.keyword.builtin.ClickKeyword.click(ClickKeyword.groovy:74)
	at com.kms.katalon.core.webui.keyword.builtin.ClickKeyword.execute(ClickKeyword.groovy:40)
	at com.kms.katalon.core.keyword.internal.KeywordExecutor.executeKeywordForPlatform(KeywordExecutor.groovy:74)
	at com.kms.katalon.core.webui.keyword.WebUiBuiltInKeywords.click(WebUiBuiltInKeywords.groovy:620)
	at com.kms.katalon.core.webui.keyword.WebUiBuiltInKeywords$click$5.call(Unknown Source)
	at 1.6.9 Reporte Entidades Liquidadas Viáticos.run(1.6.9 Reporte Entidades Liquidadas Viáticos:43)
	at com.kms.katalon.core.main.ScriptEngine.run(ScriptEngine.java:194)
	at com.kms.katalon.core.main.ScriptEngine.runScriptAsRawText(ScriptEngine.java:119)
	at com.kms.katalon.core.main.TestCaseExecutor.runScript(TestCaseExecutor.java:442)
	at com.kms.katalon.core.main.TestCaseExecutor.doExecute(TestCaseExecutor.java:433)
	at com.kms.katalon.core.main.TestCaseExecutor.processExecutionPhase(TestCaseExecutor.java:412)
	at com.kms.katalon.core.main.TestCaseExecutor.accessMainPhase(TestCaseExecutor.java:404)
	at com.kms.katalon.core.main.TestCaseExecutor.execute(TestCaseExecutor.java:281)
	at com.kms.katalon.core.main.TestSuiteExecutor.accessTestCaseMainPhase(TestSuiteExecutor.java:202)
	at com.kms.katalon.core.main.TestSuiteExecutor.accessTestSuiteMainPhase(TestSuiteExecutor.java:164)
	at com.kms.katalon.core.main.TestSuiteExecutor.execute(TestSuiteExecutor.java:105)
	at com.kms.katalon.core.main.TestCaseMain.startTestSuite(TestCaseMain.java:181)
	at com.kms.katalon.core.main.TestCaseMain$startTestSuite$0.call(Unknown Source)
	at TempTestSuite1637588847917.run(TempTestSuite1637588847917.groovy:36)
Caused by: org.openqa.selenium.ElementClickInterceptedException: element click intercepted: Element &lt;a id=&quot;form_detalleviaticosMenu:j_idt970:j_idt972:j_idt978&quot; href=&quot;#&quot; class=&quot;ui-commandlink ui-widget&quot; onclick=&quot;PrimeFaces.addSubmitParam('form_detalleviaticosMenu',{'form_detalleviaticosMenu:j_idt970:j_idt972:j_idt978':'form_detalleviaticosMenu:j_idt970:j_idt972:j_idt978'}).submit('form_detalleviaticosMenu');return false;&quot; style=&quot;display: inline-block;&quot;>...&lt;/a> is not clickable at point (109, 135). Other element would receive the click: &lt;li class=&quot;us-rol&quot;>...&lt;/li>
  (Session info: MicrosoftEdge=96.0.1054.29)
Build info: version: '3.141.59', revision: 'e82be7d358', time: '2018-11-14T08:25:53'
System info: host: 'US-AF-000371', ip: '192.168.56.1', os.name: 'Windows 10', os.arch: 'amd64', os.version: '10.0', java.version: '1.8.0_282'
Driver info: com.kms.katalon.selenium.driver.CEdgeDriver
Capabilities {acceptInsecureCerts: false, browserName: msedge, browserVersion: 96.0.1054.29, javascriptEnabled: true, ms:edgeOptions: {debuggerAddress: localhost:58480}, msedge: {msedgedriverVersion: 95.0.1020.30 (09f7018e2a65a..., userDataDir: C:\Users\DIEGO~1.ROJ\AppDat...}, networkConnectionEnabled: false, pageLoadStrategy: normal, platform: WINDOWS, platformName: WINDOWS, proxy: Proxy(), setWindowRect: true, strictFileInteractability: false, timeouts: {implicit: 0, pageLoad: 300000, script: 30000}, unhandledPromptBehavior: dismiss and notify, webauthn:extension:credBlob: true, webauthn:extension:largeBlob: true, webauthn:virtualAuthenticators: true}
Session ID: e7325118321aed749decf1590049304a
	at org.openqa.selenium.remote.http.W3CHttpResponseCodec.createException(W3CHttpResponseCodec.java:187)
	at org.openqa.selenium.remote.http.W3CHttpResponseCodec.decode(W3CHttpResponseCodec.java:122)
	at org.openqa.selenium.remote.http.W3CHttpResponseCodec.decode(W3CHttpResponseCodec.java:49)
	at org.openqa.selenium.remote.HttpCommandExecutor.execute(HttpCommandExecutor.java:158)
	at org.openqa.selenium.remote.service.DriverCommandExecutor.execute(DriverCommandExecutor.java:83)
	at org.openqa.selenium.remote.RemoteWebDriver.execute(RemoteWebDriver.java:552)
	at com.kms.katalon.selenium.driver.CEdgeDriver.execute(CEdgeDriver.java:20)
	at org.openqa.selenium.remote.RemoteWebElement.execute(RemoteWebElement.java:285)
	at org.openqa.selenium.remote.RemoteWebElement.click(RemoteWebElement.java:84)
	at org.openqa.selenium.support.events.EventFiringWebDriver$EventFiringWebElement.lambda$new$0(EventFiringWebDriver.java:404)
	at com.sun.proxy.$Proxy11.click(Unknown Source)
	at org.openqa.selenium.support.events.EventFiringWebDriver$EventFiringWebElement.click(EventFiringWebDriver.java:417)
	at org.openqa.selenium.WebElement$click$0.call(Unknown Source)
	at com.kms.katalon.core.webui.keyword.builtin.ClickKeyword.clickUntilSuccessWithTimeout(ClickKeyword.groovy:81)
	at com.kms.katalon.core.webui.keyword.builtin.ClickKeyword.clickUntilSuccessWithTimeout(ClickKeyword.groovy)
	at com.kms.katalon.core.webui.keyword.builtin.ClickKeyword$_click_closure1.doCall(ClickKeyword.groovy:67)
	at com.kms.katalon.core.webui.keyword.builtin.ClickKeyword$_click_closure1.call(ClickKeyword.groovy)
	at com.kms.katalon.core.webui.keyword.internal.WebUIKeywordMain.runKeyword(WebUIKeywordMain.groovy:20)
	... 19 more
"/>
         <system-out><![CDATA[2021-11-22 09:37:12 - [TEST_CASE][FAILED] - Test Cases/1.1-Tareas Principales/1.6.9 Reporte Entidades Liquidadas Viáticos: Test Cases/1.1-Tareas Principales/1.6.9 Reporte Entidades Liquidadas Viáticos FAILED.
Reason:
com.kms.katalon.core.exception.StepFailedException: Unable to click on object 'Object Repository/Modulo Actos Administrativos/Modulo Viáticos/Reporte Entidades Liquidadas/a_Traer'
	at com.kms.katalon.core.webui.keyword.internal.WebUIKeywordMain.stepFailed(WebUIKeywordMain.groovy:64)
	at com.kms.katalon.core.webui.keyword.internal.WebUIKeywordMain.runKeyword(WebUIKeywordMain.groovy:26)
	at com.kms.katalon.core.webui.keyword.builtin.ClickKeyword.click(ClickKeyword.groovy:74)
	at com.kms.katalon.core.webui.keyword.builtin.ClickKeyword.execute(ClickKeyword.groovy:40)
	at com.kms.katalon.core.keyword.internal.KeywordExecutor.executeKeywordForPlatform(KeywordExecutor.groovy:74)
	at com.kms.katalon.core.webui.keyword.WebUiBuiltInKeywords.click(WebUiBuiltInKeywords.groovy:620)
	at com.kms.katalon.core.webui.keyword.WebUiBuiltInKeywords$click$5.call(Unknown Source)
	at 1.6.9 Reporte Entidades Liquidadas Viáticos.run(1.6.9 Reporte Entidades Liquidadas Viáticos:43)
	at com.kms.katalon.core.main.ScriptEngine.run(ScriptEngine.java:194)
	at com.kms.katalon.core.main.ScriptEngine.runScriptAsRawText(ScriptEngine.java:119)
	at com.kms.katalon.core.main.TestCaseExecutor.runScript(TestCaseExecutor.java:442)
	at com.kms.katalon.core.main.TestCaseExecutor.doExecute(TestCaseExecutor.java:433)
	at com.kms.katalon.core.main.TestCaseExecutor.processExecutionPhase(TestCaseExecutor.java:412)
	at com.kms.katalon.core.main.TestCaseExecutor.accessMainPhase(TestCaseExecutor.java:404)
	at com.kms.katalon.core.main.TestCaseExecutor.execute(TestCaseExecutor.java:281)
	at com.kms.katalon.core.main.TestSuiteExecutor.accessTestCaseMainPhase(TestSuiteExecutor.java:202)
	at com.kms.katalon.core.main.TestSuiteExecutor.accessTestSuiteMainPhase(TestSuiteExecutor.java:164)
	at com.kms.katalon.core.main.TestSuiteExecutor.execute(TestSuiteExecutor.java:105)
	at com.kms.katalon.core.main.TestCaseMain.startTestSuite(TestCaseMain.java:181)
	at com.kms.katalon.core.main.TestCaseMain$startTestSuite$0.call(Unknown Source)
	at TempTestSuite1637588847917.run(TempTestSuite1637588847917.groovy:36)
Caused by: org.openqa.selenium.ElementClickInterceptedException: element click intercepted: Element <a id="form_detalleviaticosMenu:j_idt970:j_idt972:j_idt978" href="#" class="ui-commandlink ui-widget" onclick="PrimeFaces.addSubmitParam('form_detalleviaticosMenu',{'form_detalleviaticosMenu:j_idt970:j_idt972:j_idt978':'form_detalleviaticosMenu:j_idt970:j_idt972:j_idt978'}).submit('form_detalleviaticosMenu');return false;" style="display: inline-block;">...</a> is not clickable at point (109, 135). Other element would receive the click: <li class="us-rol">...</li>
  (Session info: MicrosoftEdge=96.0.1054.29)
Build info: version: '3.141.59', revision: 'e82be7d358', time: '2018-11-14T08:25:53'
System info: host: 'US-AF-000371', ip: '192.168.56.1', os.name: 'Windows 10', os.arch: 'amd64', os.version: '10.0', java.version: '1.8.0_282'
Driver info: com.kms.katalon.selenium.driver.CEdgeDriver
Capabilities {acceptInsecureCerts: false, browserName: msedge, browserVersion: 96.0.1054.29, javascriptEnabled: true, ms:edgeOptions: {debuggerAddress: localhost:58480}, msedge: {msedgedriverVersion: 95.0.1020.30 (09f7018e2a65a..., userDataDir: C:\Users\DIEGO~1.ROJ\AppDat...}, networkConnectionEnabled: false, pageLoadStrategy: normal, platform: WINDOWS, platformName: WINDOWS, proxy: Proxy(), setWindowRect: true, strictFileInteractability: false, timeouts: {implicit: 0, pageLoad: 300000, script: 30000}, unhandledPromptBehavior: dismiss and notify, webauthn:extension:credBlob: true, webauthn:extension:largeBlob: true, webauthn:virtualAuthenticators: true}
Session ID: e7325118321aed749decf1590049304a
	at org.openqa.selenium.remote.http.W3CHttpResponseCodec.createException(W3CHttpResponseCodec.java:187)
	at org.openqa.selenium.remote.http.W3CHttpResponseCodec.decode(W3CHttpResponseCodec.java:122)
	at org.openqa.selenium.remote.http.W3CHttpResponseCodec.decode(W3CHttpResponseCodec.java:49)
	at org.openqa.selenium.remote.HttpCommandExecutor.execute(HttpCommandExecutor.java:158)
	at org.openqa.selenium.remote.service.DriverCommandExecutor.execute(DriverCommandExecutor.java:83)
	at org.openqa.selenium.remote.RemoteWebDriver.execute(RemoteWebDriver.java:552)
	at com.kms.katalon.selenium.driver.CEdgeDriver.execute(CEdgeDriver.java:20)
	at org.openqa.selenium.remote.RemoteWebElement.execute(RemoteWebElement.java:285)
	at org.openqa.selenium.remote.RemoteWebElement.click(RemoteWebElement.java:84)
	at org.openqa.selenium.support.events.EventFiringWebDriver$EventFiringWebElement.lambda$new$0(EventFiringWebDriver.java:404)
	at com.sun.proxy.$Proxy11.click(Unknown Source)
	at org.openqa.selenium.support.events.EventFiringWebDriver$EventFiringWebElement.click(EventFiringWebDriver.java:417)
	at org.openqa.selenium.WebElement$click$0.call(Unknown Source)
	at com.kms.katalon.core.webui.keyword.builtin.ClickKeyword.clickUntilSuccessWithTimeout(ClickKeyword.groovy:81)
	at com.kms.katalon.core.webui.keyword.builtin.ClickKeyword.clickUntilSuccessWithTimeout(ClickKeyword.groovy)
	at com.kms.katalon.core.webui.keyword.builtin.ClickKeyword$_click_closure1.doCall(ClickKeyword.groovy:67)
	at com.kms.katalon.core.webui.keyword.builtin.ClickKeyword$_click_closure1.call(ClickKeyword.groovy)
	at com.kms.katalon.core.webui.keyword.internal.WebUIKeywordMain.runKeyword(WebUIKeywordMain.groovy:20)
	... 19 more


2021-11-22 09:37:12 - [TEST_STEP][PASSED] - callTestCase(findTestCase("0.1-Login"), [:], STOP_ON_FAILURE): Call Test Case 'Test Cases/0.1-Login' successfully

2021-11-22 09:37:12 - [TEST_CASE][PASSED] - Test Cases/0.1-Login: Test Cases/0.1-Login

2021-11-22 09:37:12 - [TEST_STEP][PASSED] - openBrowser(""): Browser is opened with url: ''

2021-11-22 09:37:12 - [MESSAGE][INFO] - Starting 'Edge Chromium' driver

2021-11-22 09:37:15 - [MESSAGE][INFO] - Action delay is set to 0 milliseconds

2021-11-22 09:37:15 - [MESSAGE][PASSED] - Browser is opened with url: ''

2021-11-22 09:37:15 - [TEST_STEP][PASSED] - maximizeWindow(): Current window maximized

2021-11-22 09:37:15 - [MESSAGE][PASSED] - Current window maximized

2021-11-22 09:37:15 - [TEST_STEP][PASSED] - i = G_Login: null

2021-11-22 09:37:15 - [TEST_STEP][PASSED] - url = new java.net.URL(i): null

2021-11-22 09:37:15 - [TEST_STEP][PASSED] - println("URL: " + url.toString()): null

2021-11-22 09:37:15 - [TEST_STEP][PASSED] - connection = url.openConnection(): null

2021-11-22 09:37:15 - [TEST_STEP][PASSED] - connection.setRequestMethod("GET"): null

2021-11-22 09:37:15 - [TEST_STEP][PASSED] - connection.setReadTimeout(2 * 1000): null

2021-11-22 09:37:15 - [TEST_STEP][PASSED] - try: null

2021-11-22 09:37:15 - [TEST_STEP][PASSED] - connection.connect(): null

2021-11-22 09:37:15 - [TEST_STEP][PASSED] - flag = connected: null

2021-11-22 09:37:15 - [TEST_STEP][PASSED] - println("Valor_ori: " + flag): null

2021-11-22 09:37:15 - [TEST_STEP][PASSED] - if (flag): null

2021-11-22 09:37:15 - [TEST_STEP][PASSED] - navigateToUrl(i): Navigate to 'http://localhost:8380/saraweb/' successfully

2021-11-22 09:37:16 - [MESSAGE][PASSED] - Navigate to 'http://localhost:8380/saraweb/' successfully

2021-11-22 09:37:16 - [TEST_STEP][PASSED] - a(): null

2021-11-22 09:37:16 - [TEST_STEP][PASSED] - setText(findTestObject("Login/input_USUARIO_loginusuario"), G_Usuario): Text 'saraadmin' is set on object 'Object Repository/Login/input_USUARIO_loginusuario'

2021-11-22 09:37:17 - [MESSAGE][PASSED] - Text 'saraadmin' is set on object 'Object Repository/Login/input_USUARIO_loginusuario'

2021-11-22 09:37:17 - [TEST_STEP][PASSED] - setEncryptedText(findTestObject("Login/input_CLAVE_loginpassword"), "MkG4/TYiCFC3cb2driP7+Q=="): Text ****** has been set on object 'Object Repository/Login/input_CLAVE_loginpassword'

2021-11-22 09:37:18 - [MESSAGE][PASSED] - Text ****** has been set on object 'Object Repository/Login/input_CLAVE_loginpassword'

2021-11-22 09:37:18 - [TEST_STEP][PASSED] - waitForElementClickable(findTestObject("Login/a_Ingresar"), G_TimeOut): Object 'Object Repository/Login/a_Ingresar' is clickable

2021-11-22 09:37:18 - [MESSAGE][PASSED] - Object 'Object Repository/Login/a_Ingresar' is clickable

2021-11-22 09:37:18 - [TEST_STEP][PASSED] - click(findTestObject("Login/a_Ingresar")): Object: 'Object Repository/Login/a_Ingresar' is clicked on

2021-11-22 09:37:20 - [MESSAGE][PASSED] - Object: 'Object Repository/Login/a_Ingresar' is clicked on

2021-11-22 09:37:20 - [TEST_STEP][PASSED] - element = findWebElement(findTestObject("Login/a_Ir"), 30): null

2021-11-22 09:37:20 - [TEST_STEP][PASSED] - executeJavaScript("arguments[0].click()", Arrays.asList(element)): Execute JavaScript 'arguments[0].click()' successfully

2021-11-22 09:37:20 - [MESSAGE][PASSED] - Execute JavaScript 'arguments[0].click()' successfully

2021-11-22 09:37:20 - [MESSAGE][PASSED] - Call Test Case 'Test Cases/0.1-Login' successfully

2021-11-22 09:37:20 - [TEST_STEP][PASSED] - waitForElementClickable(findTestObject("Modulo Actos Administrativos/Modulo Viáticos/Reporte Entidades Liquidadas/input_ADMINISTRADOR DEL SISTEMA - SARA_form_templatej_idt24_input"), 0): Object 'Object Repository/Modulo Actos Administrativos/Modulo Viáticos/Reporte Entidades Liquidadas/input_ADMINISTRADOR DEL SISTEMA - SARA_form_templatej_idt24_input' is clickable

2021-11-22 09:37:21 - [MESSAGE][WARNING] - Timeout '0' is invalid. Using default page load timeout: '30'

2021-11-22 09:37:21 - [MESSAGE][PASSED] - Object 'Object Repository/Modulo Actos Administrativos/Modulo Viáticos/Reporte Entidades Liquidadas/input_ADMINISTRADOR DEL SISTEMA - SARA_form_templatej_idt24_input' is clickable

2021-11-22 09:37:21 - [TEST_STEP][PASSED] - setText(findTestObject("Modulo Actos Administrativos/Modulo Viáticos/Reporte Entidades Liquidadas/input_ADMINISTRADOR DEL SISTEMA - SARA_form_templatej_idt24_input"), "listado de viaticos"): Text 'listado de viaticos' is set on object 'Object Repository/Modulo Actos Administrativos/Modulo Viáticos/Reporte Entidades Liquidadas/input_ADMINISTRADOR DEL SISTEMA - SARA_form_templatej_idt24_input'

2021-11-22 09:37:22 - [MESSAGE][PASSED] - Text 'listado de viaticos' is set on object 'Object Repository/Modulo Actos Administrativos/Modulo Viáticos/Reporte Entidades Liquidadas/input_ADMINISTRADOR DEL SISTEMA - SARA_form_templatej_idt24_input'

2021-11-22 09:37:22 - [TEST_STEP][PASSED] - waitForElementClickable(findTestObject("Modulo Actos Administrativos/Modulo Viáticos/Reporte Entidades Liquidadas/li_Listado de Viaticos (act)"), 0): Object 'Object Repository/Modulo Actos Administrativos/Modulo Viáticos/Reporte Entidades Liquidadas/li_Listado de Viaticos (act)' is clickable

2021-11-22 09:37:22 - [MESSAGE][WARNING] - Timeout '0' is invalid. Using default page load timeout: '30'

2021-11-22 09:37:24 - [MESSAGE][PASSED] - Object 'Object Repository/Modulo Actos Administrativos/Modulo Viáticos/Reporte Entidades Liquidadas/li_Listado de Viaticos (act)' is clickable

2021-11-22 09:37:24 - [TEST_STEP][PASSED] - sendKeys(findTestObject("Modulo Actos Administrativos/Modulo Viáticos/Reporte Entidades Liquidadas/input_ADMINISTRADOR DEL SISTEMA - SARA_form_templatej_idt24_input"), Keys.chord(ENTER)): Keys 'ENTER + ' sent to object: 'Object Repository/Modulo Actos Administrativos/Modulo Viáticos/Reporte Entidades Liquidadas/input_ADMINISTRADOR DEL SISTEMA - SARA_form_templatej_idt24_input'

2021-11-22 09:37:25 - [MESSAGE][PASSED] - Keys 'ENTER + ' sent to object: 'Object Repository/Modulo Actos Administrativos/Modulo Viáticos/Reporte Entidades Liquidadas/input_ADMINISTRADOR DEL SISTEMA - SARA_form_templatej_idt24_input'

2021-11-22 09:37:25 - [TEST_STEP][PASSED] - waitForElementClickable(findTestObject("Modulo Actos Administrativos/Modulo Viáticos/Reporte Entidades Liquidadas/a_Listado Viticos"), 0): Object 'Object Repository/Modulo Actos Administrativos/Modulo Viáticos/Reporte Entidades Liquidadas/a_Listado Viticos' is clickable

2021-11-22 09:37:25 - [MESSAGE][WARNING] - Timeout '0' is invalid. Using default page load timeout: '30'

2021-11-22 09:37:28 - [MESSAGE][PASSED] - Object 'Object Repository/Modulo Actos Administrativos/Modulo Viáticos/Reporte Entidades Liquidadas/a_Listado Viticos' is clickable

2021-11-22 09:37:28 - [TEST_STEP][PASSED] - click(findTestObject("Modulo Actos Administrativos/Modulo Viáticos/Reporte Entidades Liquidadas/a_Listado Viticos")): Object: 'Object Repository/Modulo Actos Administrativos/Modulo Viáticos/Reporte Entidades Liquidadas/a_Listado Viticos' is clicked on

2021-11-22 09:37:28 - [MESSAGE][PASSED] - Object: 'Object Repository/Modulo Actos Administrativos/Modulo Viáticos/Reporte Entidades Liquidadas/a_Listado Viticos' is clicked on

2021-11-22 09:37:28 - [TEST_STEP][PASSED] - click(findTestObject("Modulo Actos Administrativos/Modulo Viáticos/Reporte Entidades Liquidadas/label_Viaticos 1")): Object: 'Object Repository/Modulo Actos Administrativos/Modulo Viáticos/Reporte Entidades Liquidadas/label_Viaticos 1' is clicked on

2021-11-22 09:37:28 - [MESSAGE][PASSED] - Object: 'Object Repository/Modulo Actos Administrativos/Modulo Viáticos/Reporte Entidades Liquidadas/label_Viaticos 1' is clicked on

2021-11-22 09:37:28 - [TEST_STEP][PASSED] - click(findTestObject("Modulo Actos Administrativos/Modulo Viáticos/Reporte Entidades Liquidadas/a_Generacin Entidad Pago Viaticos")): Object: 'Object Repository/Modulo Actos Administrativos/Modulo Viáticos/Reporte Entidades Liquidadas/a_Generacin Entidad Pago Viaticos' is clicked on

2021-11-22 09:37:29 - [MESSAGE][PASSED] - Object: 'Object Repository/Modulo Actos Administrativos/Modulo Viáticos/Reporte Entidades Liquidadas/a_Generacin Entidad Pago Viaticos' is clicked on

2021-11-22 09:37:29 - [TEST_STEP][FAILED] - click(findTestObject("Modulo Actos Administrativos/Modulo Viáticos/Reporte Entidades Liquidadas/a_Traer")): Unable to click on object 'Object Repository/Modulo Actos Administrativos/Modulo Viáticos/Reporte Entidades Liquidadas/a_Traer' (Root cause: com.kms.katalon.core.exception.StepFailedException: Unable to click on object 'Object Repository/Modulo Actos Administrativos/Modulo Viáticos/Reporte Entidades Liquidadas/a_Traer'
	at com.kms.katalon.core.webui.keyword.internal.WebUIKeywordMain.stepFailed(WebUIKeywordMain.groovy:64)
	at com.kms.katalon.core.webui.keyword.internal.WebUIKeywordMain.runKeyword(WebUIKeywordMain.groovy:26)
	at com.kms.katalon.core.webui.keyword.builtin.ClickKeyword.click(ClickKeyword.groovy:74)
	at com.kms.katalon.core.webui.keyword.builtin.ClickKeyword.execute(ClickKeyword.groovy:40)
	at com.kms.katalon.core.keyword.internal.KeywordExecutor.executeKeywordForPlatform(KeywordExecutor.groovy:74)
	at com.kms.katalon.core.webui.keyword.WebUiBuiltInKeywords.click(WebUiBuiltInKeywords.groovy:620)
	at com.kms.katalon.core.webui.keyword.WebUiBuiltInKeywords$click$5.call(Unknown Source)
	at 1.6.9 Reporte Entidades Liquidadas Viáticos.run(1.6.9 Reporte Entidades Liquidadas Viáticos:43)
	at com.kms.katalon.core.main.ScriptEngine.run(ScriptEngine.java:194)
	at com.kms.katalon.core.main.ScriptEngine.runScriptAsRawText(ScriptEngine.java:119)
	at com.kms.katalon.core.main.TestCaseExecutor.runScript(TestCaseExecutor.java:442)
	at com.kms.katalon.core.main.TestCaseExecutor.doExecute(TestCaseExecutor.java:433)
	at com.kms.katalon.core.main.TestCaseExecutor.processExecutionPhase(TestCaseExecutor.java:412)
	at com.kms.katalon.core.main.TestCaseExecutor.accessMainPhase(TestCaseExecutor.java:404)
	at com.kms.katalon.core.main.TestCaseExecutor.execute(TestCaseExecutor.java:281)
	at com.kms.katalon.core.main.TestSuiteExecutor.accessTestCaseMainPhase(TestSuiteExecutor.java:202)
	at com.kms.katalon.core.main.TestSuiteExecutor.accessTestSuiteMainPhase(TestSuiteExecutor.java:164)
	at com.kms.katalon.core.main.TestSuiteExecutor.execute(TestSuiteExecutor.java:105)
	at com.kms.katalon.core.main.TestCaseMain.startTestSuite(TestCaseMain.java:181)
	at com.kms.katalon.core.main.TestCaseMain$startTestSuite$0.call(Unknown Source)
	at TempTestSuite1637588847917.run(TempTestSuite1637588847917.groovy:36)
Caused by: org.openqa.selenium.ElementClickInterceptedException: element click intercepted: Element <a id="form_detalleviaticosMenu:j_idt970:j_idt972:j_idt978" href="#" class="ui-commandlink ui-widget" onclick="PrimeFaces.addSubmitParam('form_detalleviaticosMenu',{'form_detalleviaticosMenu:j_idt970:j_idt972:j_idt978':'form_detalleviaticosMenu:j_idt970:j_idt972:j_idt978'}).submit('form_detalleviaticosMenu');return false;" style="display: inline-block;">...</a> is not clickable at point (109, 135). Other element would receive the click: <li class="us-rol">...</li>
  (Session info: MicrosoftEdge=96.0.1054.29)
Build info: version: '3.141.59', revision: 'e82be7d358', time: '2018-11-14T08:25:53'
System info: host: 'US-AF-000371', ip: '192.168.56.1', os.name: 'Windows 10', os.arch: 'amd64', os.version: '10.0', java.version: '1.8.0_282'
Driver info: com.kms.katalon.selenium.driver.CEdgeDriver
Capabilities {acceptInsecureCerts: false, browserName: msedge, browserVersion: 96.0.1054.29, javascriptEnabled: true, ms:edgeOptions: {debuggerAddress: localhost:58480}, msedge: {msedgedriverVersion: 95.0.1020.30 (09f7018e2a65a..., userDataDir: C:\Users\DIEGO~1.ROJ\AppDat...}, networkConnectionEnabled: false, pageLoadStrategy: normal, platform: WINDOWS, platformName: WINDOWS, proxy: Proxy(), setWindowRect: true, strictFileInteractability: false, timeouts: {implicit: 0, pageLoad: 300000, script: 30000}, unhandledPromptBehavior: dismiss and notify, webauthn:extension:credBlob: true, webauthn:extension:largeBlob: true, webauthn:virtualAuthenticators: true}
Session ID: e7325118321aed749decf1590049304a
	at org.openqa.selenium.remote.http.W3CHttpResponseCodec.createException(W3CHttpResponseCodec.java:187)
	at org.openqa.selenium.remote.http.W3CHttpResponseCodec.decode(W3CHttpResponseCodec.java:122)
	at org.openqa.selenium.remote.http.W3CHttpResponseCodec.decode(W3CHttpResponseCodec.java:49)
	at org.openqa.selenium.remote.HttpCommandExecutor.execute(HttpCommandExecutor.java:158)
	at org.openqa.selenium.remote.service.DriverCommandExecutor.execute(DriverCommandExecutor.java:83)
	at org.openqa.selenium.remote.RemoteWebDriver.execute(RemoteWebDriver.java:552)
	at com.kms.katalon.selenium.driver.CEdgeDriver.execute(CEdgeDriver.java:20)
	at org.openqa.selenium.remote.RemoteWebElement.execute(RemoteWebElement.java:285)
	at org.openqa.selenium.remote.RemoteWebElement.click(RemoteWebElement.java:84)
	at org.openqa.selenium.support.events.EventFiringWebDriver$EventFiringWebElement.lambda$new$0(EventFiringWebDriver.java:404)
	at com.sun.proxy.$Proxy11.click(Unknown Source)
	at org.openqa.selenium.support.events.EventFiringWebDriver$EventFiringWebElement.click(EventFiringWebDriver.java:417)
	at org.openqa.selenium.WebElement$click$0.call(Unknown Source)
	at com.kms.katalon.core.webui.keyword.builtin.ClickKeyword.clickUntilSuccessWithTimeout(ClickKeyword.groovy:81)
	at com.kms.katalon.core.webui.keyword.builtin.ClickKeyword.clickUntilSuccessWithTimeout(ClickKeyword.groovy)
	at com.kms.katalon.core.webui.keyword.builtin.ClickKeyword$_click_closure1.doCall(ClickKeyword.groovy:67)
	at com.kms.katalon.core.webui.keyword.builtin.ClickKeyword$_click_closure1.call(ClickKeyword.groovy)
	at com.kms.katalon.core.webui.keyword.internal.WebUIKeywordMain.runKeyword(WebUIKeywordMain.groovy:20)
	at com.kms.katalon.core.webui.keyword.builtin.ClickKeyword.click(ClickKeyword.groovy:74)
	at com.kms.katalon.core.webui.keyword.builtin.ClickKeyword.execute(ClickKeyword.groovy:40)
	at com.kms.katalon.core.keyword.internal.KeywordExecutor.executeKeywordForPlatform(KeywordExecutor.groovy:74)
	at com.kms.katalon.core.webui.keyword.WebUiBuiltInKeywords.click(WebUiBuiltInKeywords.groovy:620)
	at com.kms.katalon.core.webui.keyword.WebUiBuiltInKeywords$click$5.call(Unknown Source)
	at Script1630009464429.run(Script1630009464429.groovy:43)
	... 13 more
)

2021-11-22 09:38:04 - [MESSAGE][FAILED] - Unable to click on object 'Object Repository/Modulo Actos Administrativos/Modulo Viáticos/Reporte Entidades Liquidadas/a_Traer' (Root cause: com.kms.katalon.core.exception.StepFailedException: Unable to click on object 'Object Repository/Modulo Actos Administrativos/Modulo Viáticos/Reporte Entidades Liquidadas/a_Traer'
	at com.kms.katalon.core.webui.keyword.internal.WebUIKeywordMain.stepFailed(WebUIKeywordMain.groovy:64)
	at com.kms.katalon.core.webui.keyword.internal.WebUIKeywordMain.runKeyword(WebUIKeywordMain.groovy:26)
	at com.kms.katalon.core.webui.keyword.builtin.ClickKeyword.click(ClickKeyword.groovy:74)
	at com.kms.katalon.core.webui.keyword.builtin.ClickKeyword.execute(ClickKeyword.groovy:40)
	at com.kms.katalon.core.keyword.internal.KeywordExecutor.executeKeywordForPlatform(KeywordExecutor.groovy:74)
	at com.kms.katalon.core.webui.keyword.WebUiBuiltInKeywords.click(WebUiBuiltInKeywords.groovy:620)
	at com.kms.katalon.core.webui.keyword.WebUiBuiltInKeywords$click$5.call(Unknown Source)
	at 1.6.9 Reporte Entidades Liquidadas Viáticos.run(1.6.9 Reporte Entidades Liquidadas Viáticos:43)
	at com.kms.katalon.core.main.ScriptEngine.run(ScriptEngine.java:194)
	at com.kms.katalon.core.main.ScriptEngine.runScriptAsRawText(ScriptEngine.java:119)
	at com.kms.katalon.core.main.TestCaseExecutor.runScript(TestCaseExecutor.java:442)
	at com.kms.katalon.core.main.TestCaseExecutor.doExecute(TestCaseExecutor.java:433)
	at com.kms.katalon.core.main.TestCaseExecutor.processExecutionPhase(TestCaseExecutor.java:412)
	at com.kms.katalon.core.main.TestCaseExecutor.accessMainPhase(TestCaseExecutor.java:404)
	at com.kms.katalon.core.main.TestCaseExecutor.execute(TestCaseExecutor.java:281)
	at com.kms.katalon.core.main.TestSuiteExecutor.accessTestCaseMainPhase(TestSuiteExecutor.java:202)
	at com.kms.katalon.core.main.TestSuiteExecutor.accessTestSuiteMainPhase(TestSuiteExecutor.java:164)
	at com.kms.katalon.core.main.TestSuiteExecutor.execute(TestSuiteExecutor.java:105)
	at com.kms.katalon.core.main.TestCaseMain.startTestSuite(TestCaseMain.java:181)
	at com.kms.katalon.core.main.TestCaseMain$startTestSuite$0.call(Unknown Source)
	at TempTestSuite1637588847917.run(TempTestSuite1637588847917.groovy:36)
Caused by: org.openqa.selenium.ElementClickInterceptedException: element click intercepted: Element <a id="form_detalleviaticosMenu:j_idt970:j_idt972:j_idt978" href="#" class="ui-commandlink ui-widget" onclick="PrimeFaces.addSubmitParam('form_detalleviaticosMenu',{'form_detalleviaticosMenu:j_idt970:j_idt972:j_idt978':'form_detalleviaticosMenu:j_idt970:j_idt972:j_idt978'}).submit('form_detalleviaticosMenu');return false;" style="display: inline-block;">...</a> is not clickable at point (109, 135). Other element would receive the click: <li class="us-rol">...</li>
  (Session info: MicrosoftEdge=96.0.1054.29)
Build info: version: '3.141.59', revision: 'e82be7d358', time: '2018-11-14T08:25:53'
System info: host: 'US-AF-000371', ip: '192.168.56.1', os.name: 'Windows 10', os.arch: 'amd64', os.version: '10.0', java.version: '1.8.0_282'
Driver info: com.kms.katalon.selenium.driver.CEdgeDriver
Capabilities {acceptInsecureCerts: false, browserName: msedge, browserVersion: 96.0.1054.29, javascriptEnabled: true, ms:edgeOptions: {debuggerAddress: localhost:58480}, msedge: {msedgedriverVersion: 95.0.1020.30 (09f7018e2a65a..., userDataDir: C:\Users\DIEGO~1.ROJ\AppDat...}, networkConnectionEnabled: false, pageLoadStrategy: normal, platform: WINDOWS, platformName: WINDOWS, proxy: Proxy(), setWindowRect: true, strictFileInteractability: false, timeouts: {implicit: 0, pageLoad: 300000, script: 30000}, unhandledPromptBehavior: dismiss and notify, webauthn:extension:credBlob: true, webauthn:extension:largeBlob: true, webauthn:virtualAuthenticators: true}
Session ID: e7325118321aed749decf1590049304a
	at org.openqa.selenium.remote.http.W3CHttpResponseCodec.createException(W3CHttpResponseCodec.java:187)
	at org.openqa.selenium.remote.http.W3CHttpResponseCodec.decode(W3CHttpResponseCodec.java:122)
	at org.openqa.selenium.remote.http.W3CHttpResponseCodec.decode(W3CHttpResponseCodec.java:49)
	at org.openqa.selenium.remote.HttpCommandExecutor.execute(HttpCommandExecutor.java:158)
	at org.openqa.selenium.remote.service.DriverCommandExecutor.execute(DriverCommandExecutor.java:83)
	at org.openqa.selenium.remote.RemoteWebDriver.execute(RemoteWebDriver.java:552)
	at com.kms.katalon.selenium.driver.CEdgeDriver.execute(CEdgeDriver.java:20)
	at org.openqa.selenium.remote.RemoteWebElement.execute(RemoteWebElement.java:285)
	at org.openqa.selenium.remote.RemoteWebElement.click(RemoteWebElement.java:84)
	at org.openqa.selenium.support.events.EventFiringWebDriver$EventFiringWebElement.lambda$new$0(EventFiringWebDriver.java:404)
	at com.sun.proxy.$Proxy11.click(Unknown Source)
	at org.openqa.selenium.support.events.EventFiringWebDriver$EventFiringWebElement.click(EventFiringWebDriver.java:417)
	at org.openqa.selenium.WebElement$click$0.call(Unknown Source)
	at com.kms.katalon.core.webui.keyword.builtin.ClickKeyword.clickUntilSuccessWithTimeout(ClickKeyword.groovy:81)
	at com.kms.katalon.core.webui.keyword.builtin.ClickKeyword.clickUntilSuccessWithTimeout(ClickKeyword.groovy)
	at com.kms.katalon.core.webui.keyword.builtin.ClickKeyword$_click_closure1.doCall(ClickKeyword.groovy:67)
	at com.kms.katalon.core.webui.keyword.builtin.ClickKeyword$_click_closure1.call(ClickKeyword.groovy)
	at com.kms.katalon.core.webui.keyword.internal.WebUIKeywordMain.runKeyword(WebUIKeywordMain.groovy:20)
	at com.kms.katalon.core.webui.keyword.builtin.ClickKeyword.click(ClickKeyword.groovy:74)
	at com.kms.katalon.core.webui.keyword.builtin.ClickKeyword.execute(ClickKeyword.groovy:40)
	at com.kms.katalon.core.keyword.internal.KeywordExecutor.executeKeywordForPlatform(KeywordExecutor.groovy:74)
	at com.kms.katalon.core.webui.keyword.WebUiBuiltInKeywords.click(WebUiBuiltInKeywords.groovy:620)
	at com.kms.katalon.core.webui.keyword.WebUiBuiltInKeywords$click$5.call(Unknown Source)
	at Script1630009464429.run(Script1630009464429.groovy:43)
	... 13 more
)
[[ATTACHMENT|C:\\Users\\diego.rojas\\git\\Pruebas-Minimas\\Reports\\20211122_084727\\Tareas Principales\\20211122_084727\\1637591884693.png]]]]></system-out>
         <system-err><![CDATA[2021-11-22 09:37:12 - [TEST_CASE][FAILED] - Test Cases/1.1-Tareas Principales/1.6.9 Reporte Entidades Liquidadas Viáticos: Test Cases/1.1-Tareas Principales/1.6.9 Reporte Entidades Liquidadas Viáticos FAILED.
Reason:
com.kms.katalon.core.exception.StepFailedException: Unable to click on object 'Object Repository/Modulo Actos Administrativos/Modulo Viáticos/Reporte Entidades Liquidadas/a_Traer'
	at com.kms.katalon.core.webui.keyword.internal.WebUIKeywordMain.stepFailed(WebUIKeywordMain.groovy:64)
	at com.kms.katalon.core.webui.keyword.internal.WebUIKeywordMain.runKeyword(WebUIKeywordMain.groovy:26)
	at com.kms.katalon.core.webui.keyword.builtin.ClickKeyword.click(ClickKeyword.groovy:74)
	at com.kms.katalon.core.webui.keyword.builtin.ClickKeyword.execute(ClickKeyword.groovy:40)
	at com.kms.katalon.core.keyword.internal.KeywordExecutor.executeKeywordForPlatform(KeywordExecutor.groovy:74)
	at com.kms.katalon.core.webui.keyword.WebUiBuiltInKeywords.click(WebUiBuiltInKeywords.groovy:620)
	at com.kms.katalon.core.webui.keyword.WebUiBuiltInKeywords$click$5.call(Unknown Source)
	at 1.6.9 Reporte Entidades Liquidadas Viáticos.run(1.6.9 Reporte Entidades Liquidadas Viáticos:43)
	at com.kms.katalon.core.main.ScriptEngine.run(ScriptEngine.java:194)
	at com.kms.katalon.core.main.ScriptEngine.runScriptAsRawText(ScriptEngine.java:119)
	at com.kms.katalon.core.main.TestCaseExecutor.runScript(TestCaseExecutor.java:442)
	at com.kms.katalon.core.main.TestCaseExecutor.doExecute(TestCaseExecutor.java:433)
	at com.kms.katalon.core.main.TestCaseExecutor.processExecutionPhase(TestCaseExecutor.java:412)
	at com.kms.katalon.core.main.TestCaseExecutor.accessMainPhase(TestCaseExecutor.java:404)
	at com.kms.katalon.core.main.TestCaseExecutor.execute(TestCaseExecutor.java:281)
	at com.kms.katalon.core.main.TestSuiteExecutor.accessTestCaseMainPhase(TestSuiteExecutor.java:202)
	at com.kms.katalon.core.main.TestSuiteExecutor.accessTestSuiteMainPhase(TestSuiteExecutor.java:164)
	at com.kms.katalon.core.main.TestSuiteExecutor.execute(TestSuiteExecutor.java:105)
	at com.kms.katalon.core.main.TestCaseMain.startTestSuite(TestCaseMain.java:181)
	at com.kms.katalon.core.main.TestCaseMain$startTestSuite$0.call(Unknown Source)
	at TempTestSuite1637588847917.run(TempTestSuite1637588847917.groovy:36)
Caused by: org.openqa.selenium.ElementClickInterceptedException: element click intercepted: Element <a id="form_detalleviaticosMenu:j_idt970:j_idt972:j_idt978" href="#" class="ui-commandlink ui-widget" onclick="PrimeFaces.addSubmitParam('form_detalleviaticosMenu',{'form_detalleviaticosMenu:j_idt970:j_idt972:j_idt978':'form_detalleviaticosMenu:j_idt970:j_idt972:j_idt978'}).submit('form_detalleviaticosMenu');return false;" style="display: inline-block;">...</a> is not clickable at point (109, 135). Other element would receive the click: <li class="us-rol">...</li>
  (Session info: MicrosoftEdge=96.0.1054.29)
Build info: version: '3.141.59', revision: 'e82be7d358', time: '2018-11-14T08:25:53'
System info: host: 'US-AF-000371', ip: '192.168.56.1', os.name: 'Windows 10', os.arch: 'amd64', os.version: '10.0', java.version: '1.8.0_282'
Driver info: com.kms.katalon.selenium.driver.CEdgeDriver
Capabilities {acceptInsecureCerts: false, browserName: msedge, browserVersion: 96.0.1054.29, javascriptEnabled: true, ms:edgeOptions: {debuggerAddress: localhost:58480}, msedge: {msedgedriverVersion: 95.0.1020.30 (09f7018e2a65a..., userDataDir: C:\Users\DIEGO~1.ROJ\AppDat...}, networkConnectionEnabled: false, pageLoadStrategy: normal, platform: WINDOWS, platformName: WINDOWS, proxy: Proxy(), setWindowRect: true, strictFileInteractability: false, timeouts: {implicit: 0, pageLoad: 300000, script: 30000}, unhandledPromptBehavior: dismiss and notify, webauthn:extension:credBlob: true, webauthn:extension:largeBlob: true, webauthn:virtualAuthenticators: true}
Session ID: e7325118321aed749decf1590049304a
	at org.openqa.selenium.remote.http.W3CHttpResponseCodec.createException(W3CHttpResponseCodec.java:187)
	at org.openqa.selenium.remote.http.W3CHttpResponseCodec.decode(W3CHttpResponseCodec.java:122)
	at org.openqa.selenium.remote.http.W3CHttpResponseCodec.decode(W3CHttpResponseCodec.java:49)
	at org.openqa.selenium.remote.HttpCommandExecutor.execute(HttpCommandExecutor.java:158)
	at org.openqa.selenium.remote.service.DriverCommandExecutor.execute(DriverCommandExecutor.java:83)
	at org.openqa.selenium.remote.RemoteWebDriver.execute(RemoteWebDriver.java:552)
	at com.kms.katalon.selenium.driver.CEdgeDriver.execute(CEdgeDriver.java:20)
	at org.openqa.selenium.remote.RemoteWebElement.execute(RemoteWebElement.java:285)
	at org.openqa.selenium.remote.RemoteWebElement.click(RemoteWebElement.java:84)
	at org.openqa.selenium.support.events.EventFiringWebDriver$EventFiringWebElement.lambda$new$0(EventFiringWebDriver.java:404)
	at com.sun.proxy.$Proxy11.click(Unknown Source)
	at org.openqa.selenium.support.events.EventFiringWebDriver$EventFiringWebElement.click(EventFiringWebDriver.java:417)
	at org.openqa.selenium.WebElement$click$0.call(Unknown Source)
	at com.kms.katalon.core.webui.keyword.builtin.ClickKeyword.clickUntilSuccessWithTimeout(ClickKeyword.groovy:81)
	at com.kms.katalon.core.webui.keyword.builtin.ClickKeyword.clickUntilSuccessWithTimeout(ClickKeyword.groovy)
	at com.kms.katalon.core.webui.keyword.builtin.ClickKeyword$_click_closure1.doCall(ClickKeyword.groovy:67)
	at com.kms.katalon.core.webui.keyword.builtin.ClickKeyword$_click_closure1.call(ClickKeyword.groovy)
	at com.kms.katalon.core.webui.keyword.internal.WebUIKeywordMain.runKeyword(WebUIKeywordMain.groovy:20)
	... 19 more]]></system-err>
      </testcase>
      <testcase name="Test Cases/1.1-Tareas Principales/1.7.3 Eliminar Viàtico" time="51.423" classname="Test Cases/1.1-Tareas Principales/1.7.3 Eliminar Viàtico" status="PASSED">
         <system-out><![CDATA[2021-11-22 09:38:04 - [TEST_CASE][PASSED] - Test Cases/1.1-Tareas Principales/1.7.3 Eliminar Viàtico: Test Cases/1.1-Tareas Principales/1.7.3 Eliminar Viàtico

2021-11-22 09:38:05 - [TEST_STEP][PASSED] - callTestCase(findTestCase("0.1-Login"), [:], STOP_ON_FAILURE): Call Test Case 'Test Cases/0.1-Login' successfully

2021-11-22 09:38:05 - [TEST_CASE][PASSED] - Test Cases/0.1-Login: Test Cases/0.1-Login

2021-11-22 09:38:05 - [TEST_STEP][PASSED] - openBrowser(""): Browser is opened with url: ''

2021-11-22 09:38:05 - [MESSAGE][WARNING] - A browser is already opened. Closing browser and opening a new one

2021-11-22 09:38:06 - [MESSAGE][INFO] - Starting 'Edge Chromium' driver

2021-11-22 09:38:08 - [MESSAGE][INFO] - Action delay is set to 0 milliseconds

2021-11-22 09:38:09 - [MESSAGE][PASSED] - Browser is opened with url: ''

2021-11-22 09:38:09 - [TEST_STEP][PASSED] - maximizeWindow(): Current window maximized

2021-11-22 09:38:09 - [MESSAGE][PASSED] - Current window maximized

2021-11-22 09:38:09 - [TEST_STEP][PASSED] - i = G_Login: null

2021-11-22 09:38:09 - [TEST_STEP][PASSED] - url = new java.net.URL(i): null

2021-11-22 09:38:09 - [TEST_STEP][PASSED] - println("URL: " + url.toString()): null

2021-11-22 09:38:09 - [TEST_STEP][PASSED] - connection = url.openConnection(): null

2021-11-22 09:38:09 - [TEST_STEP][PASSED] - connection.setRequestMethod("GET"): null

2021-11-22 09:38:09 - [TEST_STEP][PASSED] - connection.setReadTimeout(2 * 1000): null

2021-11-22 09:38:09 - [TEST_STEP][PASSED] - try: null

2021-11-22 09:38:09 - [TEST_STEP][PASSED] - connection.connect(): null

2021-11-22 09:38:09 - [TEST_STEP][PASSED] - flag = connected: null

2021-11-22 09:38:09 - [TEST_STEP][PASSED] - println("Valor_ori: " + flag): null

2021-11-22 09:38:09 - [TEST_STEP][PASSED] - if (flag): null

2021-11-22 09:38:09 - [TEST_STEP][PASSED] - navigateToUrl(i): Navigate to 'http://localhost:8380/saraweb/' successfully

2021-11-22 09:38:10 - [MESSAGE][PASSED] - Navigate to 'http://localhost:8380/saraweb/' successfully

2021-11-22 09:38:10 - [TEST_STEP][PASSED] - a(): null

2021-11-22 09:38:10 - [TEST_STEP][PASSED] - setText(findTestObject("Login/input_USUARIO_loginusuario"), G_Usuario): Text 'saraadmin' is set on object 'Object Repository/Login/input_USUARIO_loginusuario'

2021-11-22 09:38:11 - [MESSAGE][PASSED] - Text 'saraadmin' is set on object 'Object Repository/Login/input_USUARIO_loginusuario'

2021-11-22 09:38:11 - [TEST_STEP][PASSED] - setEncryptedText(findTestObject("Login/input_CLAVE_loginpassword"), "MkG4/TYiCFC3cb2driP7+Q=="): Text ****** has been set on object 'Object Repository/Login/input_CLAVE_loginpassword'

2021-11-22 09:38:12 - [MESSAGE][PASSED] - Text ****** has been set on object 'Object Repository/Login/input_CLAVE_loginpassword'

2021-11-22 09:38:12 - [TEST_STEP][PASSED] - waitForElementClickable(findTestObject("Login/a_Ingresar"), G_TimeOut): Object 'Object Repository/Login/a_Ingresar' is clickable

2021-11-22 09:38:12 - [MESSAGE][PASSED] - Object 'Object Repository/Login/a_Ingresar' is clickable

2021-11-22 09:38:12 - [TEST_STEP][PASSED] - click(findTestObject("Login/a_Ingresar")): Object: 'Object Repository/Login/a_Ingresar' is clicked on

2021-11-22 09:38:15 - [MESSAGE][PASSED] - Object: 'Object Repository/Login/a_Ingresar' is clicked on

2021-11-22 09:38:15 - [TEST_STEP][PASSED] - element = findWebElement(findTestObject("Login/a_Ir"), 30): null

2021-11-22 09:38:15 - [TEST_STEP][PASSED] - executeJavaScript("arguments[0].click()", Arrays.asList(element)): Execute JavaScript 'arguments[0].click()' successfully

2021-11-22 09:38:15 - [MESSAGE][PASSED] - Execute JavaScript 'arguments[0].click()' successfully

2021-11-22 09:38:15 - [MESSAGE][PASSED] - Call Test Case 'Test Cases/0.1-Login' successfully

2021-11-22 09:38:15 - [TEST_STEP][PASSED] - waitForElementClickable(findTestObject("Modulo Actos Administrativos/Modulo Viáticos/Eliminar Viàticos/input_ADMINISTRADOR DEL SISTEMA - SARA_form_templatej_idt24_input"), 0): Object 'Object Repository/Modulo Actos Administrativos/Modulo Viáticos/Eliminar Viàticos/input_ADMINISTRADOR DEL SISTEMA - SARA_form_templatej_idt24_input' is clickable

2021-11-22 09:38:16 - [MESSAGE][WARNING] - Timeout '0' is invalid. Using default page load timeout: '30'

2021-11-22 09:38:16 - [MESSAGE][PASSED] - Object 'Object Repository/Modulo Actos Administrativos/Modulo Viáticos/Eliminar Viàticos/input_ADMINISTRADOR DEL SISTEMA - SARA_form_templatej_idt24_input' is clickable

2021-11-22 09:38:16 - [TEST_STEP][PASSED] - setText(findTestObject("Modulo Actos Administrativos/Modulo Viáticos/Eliminar Viàticos/input_ADMINISTRADOR DEL SISTEMA - SARA_form_templatej_idt24_input"), "Listado de Viaticos"): Text 'Listado de Viaticos' is set on object 'Object Repository/Modulo Actos Administrativos/Modulo Viáticos/Eliminar Viàticos/input_ADMINISTRADOR DEL SISTEMA - SARA_form_templatej_idt24_input'

2021-11-22 09:38:17 - [MESSAGE][PASSED] - Text 'Listado de Viaticos' is set on object 'Object Repository/Modulo Actos Administrativos/Modulo Viáticos/Eliminar Viàticos/input_ADMINISTRADOR DEL SISTEMA - SARA_form_templatej_idt24_input'

2021-11-22 09:38:17 - [TEST_STEP][PASSED] - waitForElementClickable(findTestObject("Modulo Actos Administrativos/Modulo Viáticos/Eliminar Viàticos/li_Listado de Viaticos (act)"), 0): Object 'Object Repository/Modulo Actos Administrativos/Modulo Viáticos/Eliminar Viàticos/li_Listado de Viaticos (act)' is clickable

2021-11-22 09:38:17 - [MESSAGE][WARNING] - Timeout '0' is invalid. Using default page load timeout: '30'

2021-11-22 09:38:18 - [MESSAGE][PASSED] - Object 'Object Repository/Modulo Actos Administrativos/Modulo Viáticos/Eliminar Viàticos/li_Listado de Viaticos (act)' is clickable

2021-11-22 09:38:18 - [TEST_STEP][PASSED] - sendKeys(findTestObject("Modulo Actos Administrativos/Modulo Viáticos/Eliminar Viàticos/input_ADMINISTRADOR DEL SISTEMA - SARA_form_templatej_idt24_input"), Keys.chord(ENTER)): Keys 'ENTER + ' sent to object: 'Object Repository/Modulo Actos Administrativos/Modulo Viáticos/Eliminar Viàticos/input_ADMINISTRADOR DEL SISTEMA - SARA_form_templatej_idt24_input'

2021-11-22 09:38:19 - [MESSAGE][PASSED] - Keys 'ENTER + ' sent to object: 'Object Repository/Modulo Actos Administrativos/Modulo Viáticos/Eliminar Viàticos/input_ADMINISTRADOR DEL SISTEMA - SARA_form_templatej_idt24_input'

2021-11-22 09:38:19 - [TEST_STEP][PASSED] - waitForElementClickable(findTestObject("Modulo Actos Administrativos/Modulo Viáticos/Eliminar Viàticos/select_--Seleccione--AnuladoAutorizadaDerogadaNo AutorizadaProgramadaSolicitado"), 0): Object 'Object Repository/Modulo Actos Administrativos/Modulo Viáticos/Eliminar Viàticos/select_--Seleccione--AnuladoAutorizadaDerogadaNo AutorizadaProgramadaSolicitado' is clickable

2021-11-22 09:38:19 - [MESSAGE][WARNING] - Timeout '0' is invalid. Using default page load timeout: '30'

2021-11-22 09:38:20 - [MESSAGE][PASSED] - Object 'Object Repository/Modulo Actos Administrativos/Modulo Viáticos/Eliminar Viàticos/select_--Seleccione--AnuladoAutorizadaDerogadaNo AutorizadaProgramadaSolicitado' is clickable

2021-11-22 09:38:20 - [TEST_STEP][PASSED] - selectOptionByIndex(findTestObject("Modulo Actos Administrativos/Modulo Viáticos/Eliminar Viàticos/select_--Seleccione--AnuladoAutorizadaDerogadaNo AutorizadaProgramadaSolicitado"), 5): All options with index in [5] are selected on object 'Object Repository/Modulo Actos Administrativos/Modulo Viáticos/Eliminar Viàticos/select_--Seleccione--AnuladoAutorizadaDerogadaNo AutorizadaProgramadaSolicitado'

2021-11-22 09:38:21 - [MESSAGE][PASSED] - All options with index in [5] are selected on object 'Object Repository/Modulo Actos Administrativos/Modulo Viáticos/Eliminar Viàticos/select_--Seleccione--AnuladoAutorizadaDerogadaNo AutorizadaProgramadaSolicitado'

2021-11-22 09:38:21 - [TEST_STEP][PASSED] - click(findTestObject("Modulo Actos Administrativos/Modulo Viáticos/Eliminar Viàticos/a_Nuevo")): Object: 'Object Repository/Modulo Actos Administrativos/Modulo Viáticos/Eliminar Viàticos/a_Nuevo' is clicked on

2021-11-22 09:38:22 - [MESSAGE][PASSED] - Object: 'Object Repository/Modulo Actos Administrativos/Modulo Viáticos/Eliminar Viàticos/a_Nuevo' is clicked on

2021-11-22 09:38:22 - [TEST_STEP][PASSED] - click(findTestObject("Modulo Actos Administrativos/Modulo Viáticos/Eliminar Viàticos/span_Modificar una solicitud de vitico")): Object: 'Object Repository/Modulo Actos Administrativos/Modulo Viáticos/Eliminar Viàticos/span_Modificar una solicitud de vitico' is clicked on

2021-11-22 09:38:23 - [MESSAGE][PASSED] - Object: 'Object Repository/Modulo Actos Administrativos/Modulo Viáticos/Eliminar Viàticos/span_Modificar una solicitud de vitico' is clicked on

2021-11-22 09:38:23 - [TEST_STEP][PASSED] - setText(findTestObject("Modulo Actos Administrativos/Modulo Viáticos/Eliminar Viàticos/input_Documento_form_listadoviaticosfechaViat_input"), "01/07/2021"): Text '01/07/2021' is set on object 'Object Repository/Modulo Actos Administrativos/Modulo Viáticos/Eliminar Viàticos/input_Documento_form_listadoviaticosfechaViat_input'

2021-11-22 09:38:24 - [MESSAGE][PASSED] - Text '01/07/2021' is set on object 'Object Repository/Modulo Actos Administrativos/Modulo Viáticos/Eliminar Viàticos/input_Documento_form_listadoviaticosfechaViat_input'

2021-11-22 09:38:24 - [TEST_STEP][PASSED] - sendKeys(findTestObject("Modulo Actos Administrativos/Modulo Viáticos/Eliminar Viàticos/input_Documento_form_listadoviaticosfechaViat_input"), Keys.chord(ENTER)): Keys 'ENTER + ' sent to object: 'Object Repository/Modulo Actos Administrativos/Modulo Viáticos/Eliminar Viàticos/input_Documento_form_listadoviaticosfechaViat_input'

2021-11-22 09:38:25 - [MESSAGE][PASSED] - Keys 'ENTER + ' sent to object: 'Object Repository/Modulo Actos Administrativos/Modulo Viáticos/Eliminar Viàticos/input_Documento_form_listadoviaticosfechaViat_input'

2021-11-22 09:38:25 - [TEST_STEP][PASSED] - sendKeys(findTestObject("Modulo Actos Administrativos/Modulo Viáticos/Eliminar Viàticos/input_Documento_form_listadoviaticosfechaViat_input"), Keys.chord(ESCAPE)): Keys 'ESCAPE + ' sent to object: 'Object Repository/Modulo Actos Administrativos/Modulo Viáticos/Eliminar Viàticos/input_Documento_form_listadoviaticosfechaViat_input'

2021-11-22 09:38:25 - [MESSAGE][PASSED] - Keys 'ESCAPE + ' sent to object: 'Object Repository/Modulo Actos Administrativos/Modulo Viáticos/Eliminar Viàticos/input_Documento_form_listadoviaticosfechaViat_input'

2021-11-22 09:38:25 - [TEST_STEP][PASSED] - if (waitForElementClickable(findTestObject("Modulo Actos Administrativos/Modulo Viáticos/Eliminar Viàticos/td_01072021"), 1)): null

2021-11-22 09:38:26 - [MESSAGE][PASSED] - Object 'Object Repository/Modulo Actos Administrativos/Modulo Viáticos/Eliminar Viàticos/td_01072021' is clickable

2021-11-22 09:38:26 - [TEST_STEP][PASSED] - click(findTestObject("Modulo Actos Administrativos/Modulo Viáticos/Eliminar Viàticos/td_01072021")): Object: 'Object Repository/Modulo Actos Administrativos/Modulo Viáticos/Eliminar Viàticos/td_01072021' is clicked on

2021-11-22 09:38:26 - [MESSAGE][PASSED] - Object: 'Object Repository/Modulo Actos Administrativos/Modulo Viáticos/Eliminar Viàticos/td_01072021' is clicked on

2021-11-22 09:38:26 - [TEST_STEP][PASSED] - waitForElementClickable(findTestObject("Modulo Actos Administrativos/Modulo Viáticos/Eliminar Viàticos/input_Fecha_form_detalleviaticosFechaNumero_input"), 0): Object 'Object Repository/Modulo Actos Administrativos/Modulo Viáticos/Eliminar Viàticos/input_Fecha_form_detalleviaticosFechaNumero_input' is clickable

2021-11-22 09:38:26 - [MESSAGE][WARNING] - Timeout '0' is invalid. Using default page load timeout: '30'

2021-11-22 09:38:28 - [MESSAGE][PASSED] - Object 'Object Repository/Modulo Actos Administrativos/Modulo Viáticos/Eliminar Viàticos/input_Fecha_form_detalleviaticosFechaNumero_input' is clickable

2021-11-22 09:38:28 - [TEST_STEP][PASSED] - setText(findTestObject("Modulo Actos Administrativos/Modulo Viáticos/Eliminar Viàticos/input_Fecha_form_detalleviaticosFechaNumero_input"), "01/07/2021"): Text '01/07/2021' is set on object 'Object Repository/Modulo Actos Administrativos/Modulo Viáticos/Eliminar Viàticos/input_Fecha_form_detalleviaticosFechaNumero_input'

2021-11-22 09:38:29 - [MESSAGE][PASSED] - Text '01/07/2021' is set on object 'Object Repository/Modulo Actos Administrativos/Modulo Viáticos/Eliminar Viàticos/input_Fecha_form_detalleviaticosFechaNumero_input'

2021-11-22 09:38:29 - [TEST_STEP][PASSED] - setText(findTestObject("Modulo Actos Administrativos/Modulo Viáticos/Eliminar Viàticos/input_Nmero_form_detalleviaticosNumero"), "5"): Text '5' is set on object 'Object Repository/Modulo Actos Administrativos/Modulo Viáticos/Eliminar Viàticos/input_Nmero_form_detalleviaticosNumero'

2021-11-22 09:38:30 - [MESSAGE][PASSED] - Text '5' is set on object 'Object Repository/Modulo Actos Administrativos/Modulo Viáticos/Eliminar Viàticos/input_Nmero_form_detalleviaticosNumero'

2021-11-22 09:38:30 - [TEST_STEP][PASSED] - click(findTestObject("Modulo Actos Administrativos/Modulo Viáticos/Eliminar Viàticos/a_Guardar")): Object: 'Object Repository/Modulo Actos Administrativos/Modulo Viáticos/Eliminar Viàticos/a_Guardar' is clicked on

2021-11-22 09:38:30 - [MESSAGE][PASSED] - Object: 'Object Repository/Modulo Actos Administrativos/Modulo Viáticos/Eliminar Viàticos/a_Guardar' is clicked on

2021-11-22 09:38:30 - [TEST_STEP][PASSED] - click(findTestObject("Modulo Actos Administrativos/Modulo Viáticos/Eliminar Viàticos/a_Complementario")): Object: 'Object Repository/Modulo Actos Administrativos/Modulo Viáticos/Eliminar Viàticos/a_Complementario' is clicked on

2021-11-22 09:38:32 - [MESSAGE][PASSED] - Object: 'Object Repository/Modulo Actos Administrativos/Modulo Viáticos/Eliminar Viàticos/a_Complementario' is clicked on

2021-11-22 09:38:32 - [TEST_STEP][PASSED] - if (waitForElementClickable(findTestObject("Modulo Actos Administrativos/Modulo Viáticos/Eliminar Viàticos/td_QUINTERO 45 EMPLEADO"), 1)): null

2021-11-22 09:38:32 - [MESSAGE][PASSED] - Object 'Object Repository/Modulo Actos Administrativos/Modulo Viáticos/Eliminar Viàticos/td_QUINTERO 45 EMPLEADO' is clickable

2021-11-22 09:38:32 - [TEST_STEP][PASSED] - click(findTestObject("Modulo Actos Administrativos/Modulo Viáticos/Eliminar Viàticos/td_QUINTERO 45 EMPLEADO")): Object: 'Object Repository/Modulo Actos Administrativos/Modulo Viáticos/Eliminar Viàticos/td_QUINTERO 45 EMPLEADO' is clicked on

2021-11-22 09:38:32 - [MESSAGE][PASSED] - Object: 'Object Repository/Modulo Actos Administrativos/Modulo Viáticos/Eliminar Viàticos/td_QUINTERO 45 EMPLEADO' is clicked on

2021-11-22 09:38:32 - [TEST_STEP][PASSED] - click(findTestObject("Modulo Actos Administrativos/Modulo Viáticos/Eliminar Viàticos/a_Eliminar_Complementario")): Object: 'Object Repository/Modulo Actos Administrativos/Modulo Viáticos/Eliminar Viàticos/a_Eliminar_Complementario' is clicked on

2021-11-22 09:38:33 - [MESSAGE][PASSED] - Object: 'Object Repository/Modulo Actos Administrativos/Modulo Viáticos/Eliminar Viàticos/a_Eliminar_Complementario' is clicked on

2021-11-22 09:38:33 - [TEST_STEP][PASSED] - click(findTestObject("Modulo Actos Administrativos/Modulo Viáticos/Eliminar Viàticos/span_Si")): Object: 'Object Repository/Modulo Actos Administrativos/Modulo Viáticos/Eliminar Viàticos/span_Si' is clicked on

2021-11-22 09:38:34 - [MESSAGE][PASSED] - Object: 'Object Repository/Modulo Actos Administrativos/Modulo Viáticos/Eliminar Viàticos/span_Si' is clicked on

2021-11-22 09:38:34 - [TEST_STEP][PASSED] - click(findTestObject("Modulo Actos Administrativos/Modulo Viáticos/Eliminar Viàticos/a_Costos")): Object: 'Object Repository/Modulo Actos Administrativos/Modulo Viáticos/Eliminar Viàticos/a_Costos' is clicked on

2021-11-22 09:38:36 - [MESSAGE][PASSED] - Object: 'Object Repository/Modulo Actos Administrativos/Modulo Viáticos/Eliminar Viàticos/a_Costos' is clicked on

2021-11-22 09:38:36 - [TEST_STEP][PASSED] - if (waitForElementClickable(findTestObject("Modulo Actos Administrativos/Modulo Viáticos/Eliminar Viàticos/td_QUINTERO 5 EMPLEADO"), 1)): null

2021-11-22 09:38:36 - [MESSAGE][PASSED] - Object 'Object Repository/Modulo Actos Administrativos/Modulo Viáticos/Eliminar Viàticos/td_QUINTERO 5 EMPLEADO' is clickable

2021-11-22 09:38:36 - [TEST_STEP][PASSED] - click(findTestObject("Modulo Actos Administrativos/Modulo Viáticos/Eliminar Viàticos/td_QUINTERO 5 EMPLEADO")): Object: 'Object Repository/Modulo Actos Administrativos/Modulo Viáticos/Eliminar Viàticos/td_QUINTERO 5 EMPLEADO' is clicked on

2021-11-22 09:38:37 - [MESSAGE][PASSED] - Object: 'Object Repository/Modulo Actos Administrativos/Modulo Viáticos/Eliminar Viàticos/td_QUINTERO 5 EMPLEADO' is clicked on

2021-11-22 09:38:37 - [TEST_STEP][PASSED] - click(findTestObject("Modulo Actos Administrativos/Modulo Viáticos/Eliminar Viàticos/a_Eliminar")): Object: 'Object Repository/Modulo Actos Administrativos/Modulo Viáticos/Eliminar Viàticos/a_Eliminar' is clicked on

2021-11-22 09:38:37 - [MESSAGE][PASSED] - Object: 'Object Repository/Modulo Actos Administrativos/Modulo Viáticos/Eliminar Viàticos/a_Eliminar' is clicked on

2021-11-22 09:38:37 - [TEST_STEP][PASSED] - click(findTestObject("Modulo Actos Administrativos/Modulo Viáticos/Eliminar Viàticos/a_Programacin")): Object: 'Object Repository/Modulo Actos Administrativos/Modulo Viáticos/Eliminar Viàticos/a_Programacin' is clicked on

2021-11-22 09:38:39 - [MESSAGE][PASSED] - Object: 'Object Repository/Modulo Actos Administrativos/Modulo Viáticos/Eliminar Viàticos/a_Programacin' is clicked on

2021-11-22 09:38:39 - [TEST_STEP][PASSED] - if (waitForElementClickable(findTestObject("Modulo Actos Administrativos/Modulo Viáticos/Eliminar Viàticos/td_5"), 1)): null

2021-11-22 09:38:39 - [MESSAGE][PASSED] - Object 'Object Repository/Modulo Actos Administrativos/Modulo Viáticos/Eliminar Viàticos/td_5' is clickable

2021-11-22 09:38:39 - [TEST_STEP][PASSED] - click(findTestObject("Modulo Actos Administrativos/Modulo Viáticos/Eliminar Viàticos/td_5")): Object: 'Object Repository/Modulo Actos Administrativos/Modulo Viáticos/Eliminar Viàticos/td_5' is clicked on

2021-11-22 09:38:40 - [MESSAGE][PASSED] - Object: 'Object Repository/Modulo Actos Administrativos/Modulo Viáticos/Eliminar Viàticos/td_5' is clicked on

2021-11-22 09:38:40 - [TEST_STEP][PASSED] - waitForElementClickable(findTestObject("Modulo Actos Administrativos/Modulo Viáticos/Eliminar Viàticos/a_Archivo"), 0): Object 'Object Repository/Modulo Actos Administrativos/Modulo Viáticos/Eliminar Viàticos/a_Archivo' is clickable

2021-11-22 09:38:40 - [MESSAGE][WARNING] - Timeout '0' is invalid. Using default page load timeout: '30'

2021-11-22 09:38:41 - [MESSAGE][PASSED] - Object 'Object Repository/Modulo Actos Administrativos/Modulo Viáticos/Eliminar Viàticos/a_Archivo' is clickable

2021-11-22 09:38:41 - [TEST_STEP][PASSED] - click(findTestObject("Modulo Actos Administrativos/Modulo Viáticos/Eliminar Viàticos/a_Archivo")): Object: 'Object Repository/Modulo Actos Administrativos/Modulo Viáticos/Eliminar Viàticos/a_Archivo' is clicked on

2021-11-22 09:38:42 - [MESSAGE][PASSED] - Object: 'Object Repository/Modulo Actos Administrativos/Modulo Viáticos/Eliminar Viàticos/a_Archivo' is clicked on

2021-11-22 09:38:42 - [TEST_STEP][PASSED] - click(findTestObject("Modulo Actos Administrativos/Modulo Viáticos/Eliminar Viàticos/a_Eliminar_ archivo")): Object: 'Object Repository/Modulo Actos Administrativos/Modulo Viáticos/Eliminar Viàticos/a_Eliminar_ archivo' is clicked on

2021-11-22 09:38:43 - [MESSAGE][PASSED] - Object: 'Object Repository/Modulo Actos Administrativos/Modulo Viáticos/Eliminar Viàticos/a_Eliminar_ archivo' is clicked on

2021-11-22 09:38:43 - [TEST_STEP][PASSED] - click(findTestObject("Modulo Actos Administrativos/Modulo Viáticos/Eliminar Viàticos/a_Aceptar")): Object: 'Object Repository/Modulo Actos Administrativos/Modulo Viáticos/Eliminar Viàticos/a_Aceptar' is clicked on

2021-11-22 09:38:45 - [MESSAGE][PASSED] - Object: 'Object Repository/Modulo Actos Administrativos/Modulo Viáticos/Eliminar Viàticos/a_Aceptar' is clicked on

2021-11-22 09:38:45 - [TEST_STEP][PASSED] - waitForElementClickable(findTestObject("Modulo Actos Administrativos/Modulo Viáticos/Eliminar Viàticos/a_Otras Entidades"), 0): Object 'Object Repository/Modulo Actos Administrativos/Modulo Viáticos/Eliminar Viàticos/a_Otras Entidades' is clickable

2021-11-22 09:38:45 - [MESSAGE][WARNING] - Timeout '0' is invalid. Using default page load timeout: '30'

2021-11-22 09:38:45 - [MESSAGE][PASSED] - Object 'Object Repository/Modulo Actos Administrativos/Modulo Viáticos/Eliminar Viàticos/a_Otras Entidades' is clickable

2021-11-22 09:38:45 - [TEST_STEP][PASSED] - click(findTestObject("Modulo Actos Administrativos/Modulo Viáticos/Eliminar Viàticos/a_Otras Entidades")): Object: 'Object Repository/Modulo Actos Administrativos/Modulo Viáticos/Eliminar Viàticos/a_Otras Entidades' is clicked on

2021-11-22 09:38:46 - [MESSAGE][PASSED] - Object: 'Object Repository/Modulo Actos Administrativos/Modulo Viáticos/Eliminar Viàticos/a_Otras Entidades' is clicked on

2021-11-22 09:38:46 - [TEST_STEP][PASSED] - click(findTestObject("Modulo Actos Administrativos/Modulo Viáticos/Eliminar Viàticos/a_Eliminar_Otras Entidades")): Object: 'Object Repository/Modulo Actos Administrativos/Modulo Viáticos/Eliminar Viàticos/a_Eliminar_Otras Entidades' is clicked on

2021-11-22 09:38:47 - [MESSAGE][PASSED] - Object: 'Object Repository/Modulo Actos Administrativos/Modulo Viáticos/Eliminar Viàticos/a_Eliminar_Otras Entidades' is clicked on

2021-11-22 09:38:47 - [TEST_STEP][PASSED] - click(findTestObject("Modulo Actos Administrativos/Modulo Viáticos/Eliminar Viàticos/span_Si_Eliminar_Otras Entidades")): Object: 'Object Repository/Modulo Actos Administrativos/Modulo Viáticos/Eliminar Viàticos/span_Si_Eliminar_Otras Entidades' is clicked on

2021-11-22 09:38:48 - [MESSAGE][PASSED] - Object: 'Object Repository/Modulo Actos Administrativos/Modulo Viáticos/Eliminar Viàticos/span_Si_Eliminar_Otras Entidades' is clicked on

2021-11-22 09:38:48 - [TEST_STEP][PASSED] - click(findTestObject("Modulo Actos Administrativos/Modulo Viáticos/Eliminar Viàticos/a_Entidades Vigiladas")): Object: 'Object Repository/Modulo Actos Administrativos/Modulo Viáticos/Eliminar Viàticos/a_Entidades Vigiladas' is clicked on

2021-11-22 09:38:49 - [MESSAGE][PASSED] - Object: 'Object Repository/Modulo Actos Administrativos/Modulo Viáticos/Eliminar Viàticos/a_Entidades Vigiladas' is clicked on

2021-11-22 09:38:49 - [TEST_STEP][PASSED] - click(findTestObject("Modulo Actos Administrativos/Modulo Viáticos/Eliminar Viàticos/a_eliminar_Entidades Vigiladas")): Object: 'Object Repository/Modulo Actos Administrativos/Modulo Viáticos/Eliminar Viàticos/a_eliminar_Entidades Vigiladas' is clicked on

2021-11-22 09:38:49 - [MESSAGE][PASSED] - Object: 'Object Repository/Modulo Actos Administrativos/Modulo Viáticos/Eliminar Viàticos/a_eliminar_Entidades Vigiladas' is clicked on

2021-11-22 09:38:49 - [TEST_STEP][PASSED] - click(findTestObject("Modulo Actos Administrativos/Modulo Viáticos/Eliminar Viàticos/span_Si_Eliminar Entidades vigiladas")): Object: 'Object Repository/Modulo Actos Administrativos/Modulo Viáticos/Eliminar Viàticos/span_Si_Eliminar Entidades vigiladas' is clicked on

2021-11-22 09:38:50 - [MESSAGE][PASSED] - Object: 'Object Repository/Modulo Actos Administrativos/Modulo Viáticos/Eliminar Viàticos/span_Si_Eliminar Entidades vigiladas' is clicked on

2021-11-22 09:38:50 - [TEST_STEP][PASSED] - waitForElementClickable(findTestObject("Modulo Actos Administrativos/Modulo Viáticos/Eliminar Viàticos/a_Detalle"), 0): Object 'Object Repository/Modulo Actos Administrativos/Modulo Viáticos/Eliminar Viàticos/a_Detalle' is clickable

2021-11-22 09:38:50 - [MESSAGE][WARNING] - Timeout '0' is invalid. Using default page load timeout: '30'

2021-11-22 09:38:51 - [MESSAGE][PASSED] - Object 'Object Repository/Modulo Actos Administrativos/Modulo Viáticos/Eliminar Viàticos/a_Detalle' is clickable

2021-11-22 09:38:51 - [TEST_STEP][PASSED] - click(findTestObject("Modulo Actos Administrativos/Modulo Viáticos/Eliminar Viàticos/a_Detalle")): Object: 'Object Repository/Modulo Actos Administrativos/Modulo Viáticos/Eliminar Viàticos/a_Detalle' is clicked on

2021-11-22 09:38:51 - [MESSAGE][PASSED] - Object: 'Object Repository/Modulo Actos Administrativos/Modulo Viáticos/Eliminar Viàticos/a_Detalle' is clicked on

2021-11-22 09:38:51 - [TEST_STEP][PASSED] - click(findTestObject("Modulo Actos Administrativos/Modulo Viáticos/Eliminar Viàticos/a_Eliminar_Programacion")): Object: 'Object Repository/Modulo Actos Administrativos/Modulo Viáticos/Eliminar Viàticos/a_Eliminar_Programacion' is clicked on

2021-11-22 09:38:52 - [MESSAGE][PASSED] - Object: 'Object Repository/Modulo Actos Administrativos/Modulo Viáticos/Eliminar Viàticos/a_Eliminar_Programacion' is clicked on

2021-11-22 09:38:52 - [TEST_STEP][PASSED] - click(findTestObject("Modulo Actos Administrativos/Modulo Viáticos/Eliminar Viàticos/span_Si_eliminar Programacion")): Object: 'Object Repository/Modulo Actos Administrativos/Modulo Viáticos/Eliminar Viàticos/span_Si_eliminar Programacion' is clicked on

2021-11-22 09:38:52 - [MESSAGE][PASSED] - Object: 'Object Repository/Modulo Actos Administrativos/Modulo Viáticos/Eliminar Viàticos/span_Si_eliminar Programacion' is clicked on

2021-11-22 09:38:52 - [TEST_STEP][PASSED] - waitForElementClickable(findTestObject("Modulo Actos Administrativos/Modulo Viáticos/Eliminar Viàticos/a_Registro"), 0): Object 'Object Repository/Modulo Actos Administrativos/Modulo Viáticos/Eliminar Viàticos/a_Registro' is clickable

2021-11-22 09:38:52 - [MESSAGE][WARNING] - Timeout '0' is invalid. Using default page load timeout: '30'

2021-11-22 09:38:53 - [MESSAGE][PASSED] - Object 'Object Repository/Modulo Actos Administrativos/Modulo Viáticos/Eliminar Viàticos/a_Registro' is clickable

2021-11-22 09:38:53 - [TEST_STEP][PASSED] - click(findTestObject("Modulo Actos Administrativos/Modulo Viáticos/Eliminar Viàticos/a_Registro")): Object: 'Object Repository/Modulo Actos Administrativos/Modulo Viáticos/Eliminar Viàticos/a_Registro' is clicked on

2021-11-22 09:38:54 - [MESSAGE][PASSED] - Object: 'Object Repository/Modulo Actos Administrativos/Modulo Viáticos/Eliminar Viàticos/a_Registro' is clicked on

2021-11-22 09:38:54 - [TEST_STEP][PASSED] - click(findTestObject("Modulo Actos Administrativos/Modulo Viáticos/Eliminar Viàticos/a_Eliminar_Viatico")): Object: 'Object Repository/Modulo Actos Administrativos/Modulo Viáticos/Eliminar Viàticos/a_Eliminar_Viatico' is clicked on

2021-11-22 09:38:55 - [MESSAGE][PASSED] - Object: 'Object Repository/Modulo Actos Administrativos/Modulo Viáticos/Eliminar Viàticos/a_Eliminar_Viatico' is clicked on

2021-11-22 09:38:55 - [TEST_STEP][PASSED] - click(findTestObject("Modulo Actos Administrativos/Modulo Viáticos/Eliminar Viàticos/span_Si_Eliminar_viatico")): Object: 'Object Repository/Modulo Actos Administrativos/Modulo Viáticos/Eliminar Viàticos/span_Si_Eliminar_viatico' is clicked on

2021-11-22 09:38:56 - [MESSAGE][PASSED] - Object: 'Object Repository/Modulo Actos Administrativos/Modulo Viáticos/Eliminar Viàticos/span_Si_Eliminar_viatico' is clicked on]]></system-out>
         <system-err><![CDATA[]]></system-err>
      </testcase>
      <testcase name="Test Cases/1.1-Tareas Principales/Listado hojas de Vida" time="15.821" classname="Test Cases/1.1-Tareas Principales/Listado hojas de Vida" status="PASSED">
         <system-out><![CDATA[2021-11-22 09:38:56 - [TEST_CASE][PASSED] - Test Cases/1.1-Tareas Principales/Listado hojas de Vida: Test Cases/1.1-Tareas Principales/Listado hojas de Vida

2021-11-22 09:38:56 - [TEST_STEP][PASSED] - callTestCase(findTestCase("0.1-Login"), [:], STOP_ON_FAILURE): Call Test Case 'Test Cases/0.1-Login' successfully

2021-11-22 09:38:56 - [TEST_CASE][PASSED] - Test Cases/0.1-Login: Test Cases/0.1-Login

2021-11-22 09:38:56 - [TEST_STEP][PASSED] - openBrowser(""): Browser is opened with url: ''

2021-11-22 09:38:56 - [MESSAGE][WARNING] - A browser is already opened. Closing browser and opening a new one

2021-11-22 09:38:57 - [MESSAGE][INFO] - Starting 'Edge Chromium' driver

2021-11-22 09:38:59 - [MESSAGE][INFO] - Action delay is set to 0 milliseconds

2021-11-22 09:39:00 - [MESSAGE][PASSED] - Browser is opened with url: ''

2021-11-22 09:39:00 - [TEST_STEP][PASSED] - maximizeWindow(): Current window maximized

2021-11-22 09:39:00 - [MESSAGE][PASSED] - Current window maximized

2021-11-22 09:39:00 - [TEST_STEP][PASSED] - i = G_Login: null

2021-11-22 09:39:00 - [TEST_STEP][PASSED] - url = new java.net.URL(i): null

2021-11-22 09:39:00 - [TEST_STEP][PASSED] - println("URL: " + url.toString()): null

2021-11-22 09:39:00 - [TEST_STEP][PASSED] - connection = url.openConnection(): null

2021-11-22 09:39:00 - [TEST_STEP][PASSED] - connection.setRequestMethod("GET"): null

2021-11-22 09:39:00 - [TEST_STEP][PASSED] - connection.setReadTimeout(2 * 1000): null

2021-11-22 09:39:00 - [TEST_STEP][PASSED] - try: null

2021-11-22 09:39:00 - [TEST_STEP][PASSED] - connection.connect(): null

2021-11-22 09:39:00 - [TEST_STEP][PASSED] - flag = connected: null

2021-11-22 09:39:00 - [TEST_STEP][PASSED] - println("Valor_ori: " + flag): null

2021-11-22 09:39:00 - [TEST_STEP][PASSED] - if (flag): null

2021-11-22 09:39:00 - [TEST_STEP][PASSED] - navigateToUrl(i): Navigate to 'http://localhost:8380/saraweb/' successfully

2021-11-22 09:39:01 - [MESSAGE][PASSED] - Navigate to 'http://localhost:8380/saraweb/' successfully

2021-11-22 09:39:01 - [TEST_STEP][PASSED] - a(): null

2021-11-22 09:39:01 - [TEST_STEP][PASSED] - setText(findTestObject("Login/input_USUARIO_loginusuario"), G_Usuario): Text 'saraadmin' is set on object 'Object Repository/Login/input_USUARIO_loginusuario'

2021-11-22 09:39:02 - [MESSAGE][PASSED] - Text 'saraadmin' is set on object 'Object Repository/Login/input_USUARIO_loginusuario'

2021-11-22 09:39:02 - [TEST_STEP][PASSED] - setEncryptedText(findTestObject("Login/input_CLAVE_loginpassword"), "MkG4/TYiCFC3cb2driP7+Q=="): Text ****** has been set on object 'Object Repository/Login/input_CLAVE_loginpassword'

2021-11-22 09:39:02 - [MESSAGE][PASSED] - Text ****** has been set on object 'Object Repository/Login/input_CLAVE_loginpassword'

2021-11-22 09:39:02 - [TEST_STEP][PASSED] - waitForElementClickable(findTestObject("Login/a_Ingresar"), G_TimeOut): Object 'Object Repository/Login/a_Ingresar' is clickable

2021-11-22 09:39:02 - [MESSAGE][PASSED] - Object 'Object Repository/Login/a_Ingresar' is clickable

2021-11-22 09:39:02 - [TEST_STEP][PASSED] - click(findTestObject("Login/a_Ingresar")): Object: 'Object Repository/Login/a_Ingresar' is clicked on

2021-11-22 09:39:06 - [MESSAGE][PASSED] - Object: 'Object Repository/Login/a_Ingresar' is clicked on

2021-11-22 09:39:06 - [TEST_STEP][PASSED] - element = findWebElement(findTestObject("Login/a_Ir"), 30): null

2021-11-22 09:39:06 - [TEST_STEP][PASSED] - executeJavaScript("arguments[0].click()", Arrays.asList(element)): Execute JavaScript 'arguments[0].click()' successfully

2021-11-22 09:39:06 - [MESSAGE][PASSED] - Execute JavaScript 'arguments[0].click()' successfully

2021-11-22 09:39:06 - [MESSAGE][PASSED] - Call Test Case 'Test Cases/0.1-Login' successfully

2021-11-22 09:39:06 - [TEST_STEP][PASSED] - waitForElementClickable(findTestObject("Modulo Tarea Listado Hojas de Vida/Tareas Listado Hojas de Vida/input_Listado Hojas De Vida_form_templatej_idt24_input"), G_TimeOut): Object 'Object Repository/Modulo Tarea Listado Hojas de Vida/Tareas Listado Hojas de Vida/input_Listado Hojas De Vida_form_templatej_idt24_input' is clickable

2021-11-22 09:39:07 - [MESSAGE][PASSED] - Object 'Object Repository/Modulo Tarea Listado Hojas de Vida/Tareas Listado Hojas de Vida/input_Listado Hojas De Vida_form_templatej_idt24_input' is clickable

2021-11-22 09:39:08 - [TEST_STEP][PASSED] - setText(findTestObject("Modulo Tarea Listado Hojas de Vida/Tareas Listado Hojas de Vida/input_Listado Hojas De Vida_form_templatej_idt24_input"), "Listado Hojas de Vida"): Text 'Listado Hojas de Vida' is set on object 'Object Repository/Modulo Tarea Listado Hojas de Vida/Tareas Listado Hojas de Vida/input_Listado Hojas De Vida_form_templatej_idt24_input'

2021-11-22 09:39:08 - [MESSAGE][PASSED] - Text 'Listado Hojas de Vida' is set on object 'Object Repository/Modulo Tarea Listado Hojas de Vida/Tareas Listado Hojas de Vida/input_Listado Hojas De Vida_form_templatej_idt24_input'

2021-11-22 09:39:08 - [TEST_STEP][PASSED] - delay(3): Delayed 3 second(s)

2021-11-22 09:39:11 - [MESSAGE][PASSED] - Delayed 3 second(s)

2021-11-22 09:39:11 - [TEST_STEP][PASSED] - sendKeys(findTestObject("Modulo Tarea Listado Hojas de Vida/Tareas Listado Hojas de Vida/input_Listado Hojas De Vida_form_templatej_idt24_input"), Keys.chord(ENTER)): Keys 'ENTER + ' sent to object: 'Object Repository/Modulo Tarea Listado Hojas de Vida/Tareas Listado Hojas de Vida/input_Listado Hojas De Vida_form_templatej_idt24_input'

2021-11-22 09:39:12 - [MESSAGE][PASSED] - Keys 'ENTER + ' sent to object: 'Object Repository/Modulo Tarea Listado Hojas de Vida/Tareas Listado Hojas de Vida/input_Listado Hojas De Vida_form_templatej_idt24_input']]></system-out>
         <system-err><![CDATA[]]></system-err>
      </testcase>
      <system-out><![CDATA[2021-11-22 08:47:35 - [TEST_SUITE][FAILED] - Tareas Principales: Test Cases/1.1-Tareas Principales/1.1.7-Generar Vacaciones FAILED.
Reason:
com.kms.katalon.core.exception.StepFailedException: Unable to click on object 'Object Repository/Modulo Tarea Administracion Compensacion/Generar Vacaciones/a_Aplicar'
	at com.kms.katalon.core.webui.keyword.internal.WebUIKeywordMain.stepFailed(WebUIKeywordMain.groovy:64)
	at com.kms.katalon.core.webui.keyword.internal.WebUIKeywordMain.runKeyword(WebUIKeywordMain.groovy:26)
	at com.kms.katalon.core.webui.keyword.builtin.ClickKeyword.click(ClickKeyword.groovy:74)
	at com.kms.katalon.core.webui.keyword.builtin.ClickKeyword.execute(ClickKeyword.groovy:40)
	at com.kms.katalon.core.keyword.internal.KeywordExecutor.executeKeywordForPlatform(KeywordExecutor.groovy:74)
	at com.kms.katalon.core.webui.keyword.WebUiBuiltInKeywords.click(WebUiBuiltInKeywords.groovy:620)
	at com.kms.katalon.core.webui.keyword.WebUiBuiltInKeywords$click$5.call(Unknown Source)
	at 1.1.7-Generar Vacaciones.run(1.1.7-Generar Vacaciones:65)
	at com.kms.katalon.core.main.ScriptEngine.run(ScriptEngine.java:194)
	at com.kms.katalon.core.main.ScriptEngine.runScriptAsRawText(ScriptEngine.java:119)
	at com.kms.katalon.core.main.TestCaseExecutor.runScript(TestCaseExecutor.java:442)
	at com.kms.katalon.core.main.TestCaseExecutor.doExecute(TestCaseExecutor.java:433)
	at com.kms.katalon.core.main.TestCaseExecutor.processExecutionPhase(TestCaseExecutor.java:412)
	at com.kms.katalon.core.main.TestCaseExecutor.accessMainPhase(TestCaseExecutor.java:404)
	at com.kms.katalon.core.main.TestCaseExecutor.execute(TestCaseExecutor.java:281)
	at com.kms.katalon.core.main.TestSuiteExecutor.accessTestCaseMainPhase(TestSuiteExecutor.java:202)
	at com.kms.katalon.core.main.TestSuiteExecutor.accessTestSuiteMainPhase(TestSuiteExecutor.java:164)
	at com.kms.katalon.core.main.TestSuiteExecutor.execute(TestSuiteExecutor.java:105)
	at com.kms.katalon.core.main.TestCaseMain.startTestSuite(TestCaseMain.java:181)
	at com.kms.katalon.core.main.TestCaseMain$startTestSuite$0.call(Unknown Source)
	at TempTestSuite1637588847917.run(TempTestSuite1637588847917.groovy:36)
Caused by: com.kms.katalon.core.webui.exception.WebElementNotFoundException: Web element with id: 'Object Repository/Modulo Tarea Administracion Compensacion/Generar Vacaciones/a_Aplicar' located by '//table[4]/tbody/tr/td/a' not found
	at com.kms.katalon.core.webui.common.WebUiCommonHelper.findWebElement(WebUiCommonHelper.java:1368)
	at com.kms.katalon.core.webui.keyword.internal.WebUIAbstractKeyword.findWebElement(WebUIAbstractKeyword.groovy:27)
	at com.kms.katalon.core.webui.keyword.builtin.ClickKeyword$_click_closure1.doCall(ClickKeyword.groovy:65)
	at com.kms.katalon.core.webui.keyword.builtin.ClickKeyword$_click_closure1.call(ClickKeyword.groovy)
	at com.kms.katalon.core.webui.keyword.internal.WebUIKeywordMain.runKeyword(WebUIKeywordMain.groovy:20)
	... 19 more]]></system-out>
      <system-err><![CDATA[2021-11-22 08:47:35 - [TEST_SUITE][FAILED] - Tareas Principales: Test Cases/1.1-Tareas Principales/1.1.7-Generar Vacaciones FAILED.
Reason:
com.kms.katalon.core.exception.StepFailedException: Unable to click on object 'Object Repository/Modulo Tarea Administracion Compensacion/Generar Vacaciones/a_Aplicar'
	at com.kms.katalon.core.webui.keyword.internal.WebUIKeywordMain.stepFailed(WebUIKeywordMain.groovy:64)
	at com.kms.katalon.core.webui.keyword.internal.WebUIKeywordMain.runKeyword(WebUIKeywordMain.groovy:26)
	at com.kms.katalon.core.webui.keyword.builtin.ClickKeyword.click(ClickKeyword.groovy:74)
	at com.kms.katalon.core.webui.keyword.builtin.ClickKeyword.execute(ClickKeyword.groovy:40)
	at com.kms.katalon.core.keyword.internal.KeywordExecutor.executeKeywordForPlatform(KeywordExecutor.groovy:74)
	at com.kms.katalon.core.webui.keyword.WebUiBuiltInKeywords.click(WebUiBuiltInKeywords.groovy:620)
	at com.kms.katalon.core.webui.keyword.WebUiBuiltInKeywords$click$5.call(Unknown Source)
	at 1.1.7-Generar Vacaciones.run(1.1.7-Generar Vacaciones:65)
	at com.kms.katalon.core.main.ScriptEngine.run(ScriptEngine.java:194)
	at com.kms.katalon.core.main.ScriptEngine.runScriptAsRawText(ScriptEngine.java:119)
	at com.kms.katalon.core.main.TestCaseExecutor.runScript(TestCaseExecutor.java:442)
	at com.kms.katalon.core.main.TestCaseExecutor.doExecute(TestCaseExecutor.java:433)
	at com.kms.katalon.core.main.TestCaseExecutor.processExecutionPhase(TestCaseExecutor.java:412)
	at com.kms.katalon.core.main.TestCaseExecutor.accessMainPhase(TestCaseExecutor.java:404)
	at com.kms.katalon.core.main.TestCaseExecutor.execute(TestCaseExecutor.java:281)
	at com.kms.katalon.core.main.TestSuiteExecutor.accessTestCaseMainPhase(TestSuiteExecutor.java:202)
	at com.kms.katalon.core.main.TestSuiteExecutor.accessTestSuiteMainPhase(TestSuiteExecutor.java:164)
	at com.kms.katalon.core.main.TestSuiteExecutor.execute(TestSuiteExecutor.java:105)
	at com.kms.katalon.core.main.TestCaseMain.startTestSuite(TestCaseMain.java:181)
	at com.kms.katalon.core.main.TestCaseMain$startTestSuite$0.call(Unknown Source)
	at TempTestSuite1637588847917.run(TempTestSuite1637588847917.groovy:36)
Caused by: com.kms.katalon.core.webui.exception.WebElementNotFoundException: Web element with id: 'Object Repository/Modulo Tarea Administracion Compensacion/Generar Vacaciones/a_Aplicar' located by '//table[4]/tbody/tr/td/a' not found
	at com.kms.katalon.core.webui.common.WebUiCommonHelper.findWebElement(WebUiCommonHelper.java:1368)
	at com.kms.katalon.core.webui.keyword.internal.WebUIAbstractKeyword.findWebElement(WebUIAbstractKeyword.groovy:27)
	at com.kms.katalon.core.webui.keyword.builtin.ClickKeyword$_click_closure1.doCall(ClickKeyword.groovy:65)
	at com.kms.katalon.core.webui.keyword.builtin.ClickKeyword$_click_closure1.call(ClickKeyword.groovy)
	at com.kms.katalon.core.webui.keyword.internal.WebUIKeywordMain.runKeyword(WebUIKeywordMain.groovy:20)
	... 19 more]]></system-err>
   </testsuite>
</testsuites>
