<?xml version="1.0" encoding="UTF-8"?>
<testsuites name="7-Pruebas_Vinculación" time="187.602" tests="7" failures="0" errors="0">
   <testsuite name="7-Pruebas_Vinculación" tests="7" failures="0" errors="0" time="187.602" skipped="0" timestamp="2022-03-29 14:15:19" hostname="diego.rojas - US-AF-000371" id="Test Suites/Test_Suite_Secundaria/7-Pruebas_Vinculación">
      <properties>
         <property name="deviceName" value=""/>
         <property name="devicePlatform" value=""/>
         <property name="logFolder" value="C:\\Users\\diego.rojas\\git\\Pruebas-Minimas\\Reports\\20220329_141512\\Test_Suite_Secundaria\\7-Pruebas_Vinculaci\u00F3n\\20220329_141512"/>
         <property name="logFiles" value="C:\\Users\\diego.rojas\\git\\Pruebas-Minimas\\Reports\\20220329_141512\\Test_Suite_Secundaria\\7-Pruebas_Vinculaci\u00F3n\\20220329_141512\\execution0.log"/>
         <property name="attachments" value=""/>
         <property name="hostName" value="diego.rojas - US-AF-000371"/>
         <property name="os" value="Windows 10 64bit"/>
         <property name="katalonVersion" value="8.2.5.208"/>
         <property name="browser" value="Chrome 99.0.4844.82"/>
         <property name="hostAddress" value="192.168.56.1"/>
         <property name="sessionId" value="bfc286362d2728cd2f575dd5aaae5378"/>
         <property name="seleniumVersion" value="3.141.59"/>
         <property name="proxyInformation" value="ProxyInformation { proxyOption=NO_PROXY, proxyServerType=HTTP, username=, password=********, proxyServerAddress=, proxyServerPort=0, executionList=&quot;&quot;, isApplyToDesiredCapabilities=true }"/>
         <property name="platform" value="Windows 10"/>
      </properties>
      <testcase name="Test Cases/1.2-Tareas_Secundarias/7.1-Pruebas_Vinculación/7.1.1-Crear_un_tipo_Documento" time="24.494" classname="Test Cases/1.2-Tareas_Secundarias/7.1-Pruebas_Vinculación/7.1.1-Crear_un_tipo_Documento" status="PASSED">
         <system-out><![CDATA[2022-03-29 14:15:20 - [TEST_CASE][PASSED] - Test Cases/1.2-Tareas_Secundarias/7.1-Pruebas_Vinculación/7.1.1-Crear_un_tipo_Documento: Test Cases/1.2-Tareas_Secundarias/7.1-Pruebas_Vinculación/7.1.1-Crear_un_tipo_Documento

2022-03-29 14:15:20 - [TEST_STEP][PASSED] - callTestCase(findTestCase("0.1-Login"), [:], STOP_ON_FAILURE): Call Test Case 'Test Cases/0.1-Login' successfully

2022-03-29 14:15:21 - [TEST_CASE][PASSED] - Test Cases/0.1-Login: Test Cases/0.1-Login

2022-03-29 14:15:21 - [TEST_STEP][PASSED] - openBrowser(""): Browser is opened with url: ''

2022-03-29 14:15:21 - [MESSAGE][INFO] - Starting 'Chrome' driver

2022-03-29 14:15:21 - [MESSAGE][INFO] - Action delay is set to 50 milliseconds

2022-03-29 14:15:23 - [MESSAGE][PASSED] - Browser is opened with url: ''

2022-03-29 14:15:23 - [TEST_STEP][PASSED] - maximizeWindow(): Current window maximized

2022-03-29 14:15:24 - [MESSAGE][PASSED] - Current window maximized

2022-03-29 14:15:24 - [TEST_STEP][PASSED] - i = G_Login: null

2022-03-29 14:15:24 - [TEST_STEP][PASSED] - url = new java.net.URL(i): null

2022-03-29 14:15:24 - [TEST_STEP][PASSED] - println("URL: " + url.toString()): null

2022-03-29 14:15:24 - [TEST_STEP][PASSED] - connection = url.openConnection(): null

2022-03-29 14:15:24 - [TEST_STEP][PASSED] - connection.setRequestMethod("GET"): null

2022-03-29 14:15:24 - [TEST_STEP][PASSED] - connection.setReadTimeout(2 * 1000): null

2022-03-29 14:15:24 - [TEST_STEP][PASSED] - try: null

2022-03-29 14:15:24 - [TEST_STEP][PASSED] - connection.connect(): null

2022-03-29 14:15:24 - [TEST_STEP][PASSED] - flag = connected: null

2022-03-29 14:15:24 - [TEST_STEP][PASSED] - println("Valor_ori: " + flag): null

2022-03-29 14:15:24 - [TEST_STEP][PASSED] - if (flag): null

2022-03-29 14:15:24 - [TEST_STEP][PASSED] - navigateToUrl(i): Navigate to 'http://192.168.2.19:8380/saraweb' successfully

2022-03-29 14:15:25 - [MESSAGE][PASSED] - Navigate to 'http://192.168.2.19:8380/saraweb' successfully

2022-03-29 14:15:25 - [TEST_STEP][PASSED] - a(): null

2022-03-29 14:15:25 - [TEST_STEP][PASSED] - setText(findTestObject("Login/input_USUARIO_loginusuario"), G_Usuario): Text 'saraadmin' is set on object 'Object Repository/Login/input_USUARIO_loginusuario'

2022-03-29 14:15:26 - [MESSAGE][PASSED] - Text 'saraadmin' is set on object 'Object Repository/Login/input_USUARIO_loginusuario'

2022-03-29 14:15:26 - [TEST_STEP][PASSED] - setEncryptedText(findTestObject("Login/input_CLAVE_loginpassword"), "MkG4/TYiCFC3cb2driP7+Q=="): Text ****** has been set on object 'Object Repository/Login/input_CLAVE_loginpassword'

2022-03-29 14:15:27 - [MESSAGE][PASSED] - Text ****** has been set on object 'Object Repository/Login/input_CLAVE_loginpassword'

2022-03-29 14:15:27 - [TEST_STEP][PASSED] - waitForElementClickable(findTestObject("Login/a_Ingresar"), G_TimeOut): Object 'Object Repository/Login/a_Ingresar' is clickable

2022-03-29 14:15:27 - [MESSAGE][PASSED] - Object 'Object Repository/Login/a_Ingresar' is clickable

2022-03-29 14:15:27 - [TEST_STEP][PASSED] - click(findTestObject("Login/a_Ingresar")): Object: 'Object Repository/Login/a_Ingresar' is clicked on

2022-03-29 14:15:29 - [MESSAGE][PASSED] - Object: 'Object Repository/Login/a_Ingresar' is clicked on

2022-03-29 14:15:29 - [TEST_STEP][PASSED] - element = findWebElement(findTestObject("Login/a_Ir"), 30): null

2022-03-29 14:15:29 - [TEST_STEP][PASSED] - executeJavaScript("arguments[0].click()", Arrays.asList(element)): Execute JavaScript 'arguments[0].click()' successfully

2022-03-29 14:15:29 - [MESSAGE][PASSED] - Execute JavaScript 'arguments[0].click()' successfully

2022-03-29 14:15:29 - [MESSAGE][PASSED] - Call Test Case 'Test Cases/0.1-Login' successfully

2022-03-29 14:15:29 - [TEST_STEP][PASSED] - setText(findTestObject("Modulo Pruebas Vinculación/Crear_un_tipo_Documento/input_Empresa 1_form_templatej_idt24_input"), "parametros contratacion"): Text 'parametros contratacion' is set on object 'Object Repository/Modulo Pruebas Vinculación/Crear_un_tipo_Documento/input_Empresa 1_form_templatej_idt24_input'

2022-03-29 14:15:31 - [MESSAGE][PASSED] - Text 'parametros contratacion' is set on object 'Object Repository/Modulo Pruebas Vinculación/Crear_un_tipo_Documento/input_Empresa 1_form_templatej_idt24_input'

2022-03-29 14:15:31 - [TEST_STEP][PASSED] - click(findTestObject("Modulo Pruebas Vinculación/Crear_un_tipo_Documento/span_Parametros Contratacion")): Object: 'Object Repository/Modulo Pruebas Vinculación/Crear_un_tipo_Documento/span_Parametros Contratacion' is clicked on

2022-03-29 14:15:32 - [MESSAGE][PASSED] - Object: 'Object Repository/Modulo Pruebas Vinculación/Crear_un_tipo_Documento/span_Parametros Contratacion' is clicked on

2022-03-29 14:15:32 - [TEST_STEP][PASSED] - click(findTestObject("Modulo Pruebas Vinculación/Crear_un_tipo_Documento/a_Tipo  Documento")): Object: 'Object Repository/Modulo Pruebas Vinculación/Crear_un_tipo_Documento/a_Tipo  Documento' is clicked on

2022-03-29 14:15:33 - [MESSAGE][PASSED] - Object: 'Object Repository/Modulo Pruebas Vinculación/Crear_un_tipo_Documento/a_Tipo  Documento' is clicked on

2022-03-29 14:15:33 - [TEST_STEP][PASSED] - setText(findTestObject("Modulo Pruebas Vinculación/Crear_un_Momento/input_Parmetros_form_tipodocumentofiltroTipoHoja"), "pruebas katalon"): Text 'pruebas katalon' is set on object 'Object Repository/Modulo Pruebas Vinculación/Crear_un_Momento/input_Parmetros_form_tipodocumentofiltroTipoHoja'

2022-03-29 14:15:34 - [MESSAGE][PASSED] - Text 'pruebas katalon' is set on object 'Object Repository/Modulo Pruebas Vinculación/Crear_un_Momento/input_Parmetros_form_tipodocumentofiltroTipoHoja'

2022-03-29 14:15:34 - [TEST_STEP][PASSED] - sendKeys(findTestObject("Modulo Pruebas Vinculación/Crear_un_Momento/input_Parmetros_form_tipodocumentofiltroTipoHoja"), Keys.chord(ENTER)): Keys 'ENTER + ' sent to object: 'Object Repository/Modulo Pruebas Vinculación/Crear_un_Momento/input_Parmetros_form_tipodocumentofiltroTipoHoja'

2022-03-29 14:15:35 - [MESSAGE][PASSED] - Keys 'ENTER + ' sent to object: 'Object Repository/Modulo Pruebas Vinculación/Crear_un_Momento/input_Parmetros_form_tipodocumentofiltroTipoHoja'

2022-03-29 14:15:35 - [TEST_STEP][PASSED] - if (waitForElementVisible(findTestObject("Modulo Pruebas Vinculación/Crear_un_Momento/span_Pruebas katalon"), 1)): null

2022-03-29 14:15:36 - [MESSAGE][PASSED] - Object 'Object Repository/Modulo Pruebas Vinculación/Crear_un_Momento/span_Pruebas katalon' is visible

2022-03-29 14:15:36 - [TEST_STEP][PASSED] - click(findTestObject("Modulo Pruebas Vinculación/Crear_un_Momento/span_Pruebas katalon")): Object: 'Object Repository/Modulo Pruebas Vinculación/Crear_un_Momento/span_Pruebas katalon' is clicked on

2022-03-29 14:15:36 - [MESSAGE][PASSED] - Object: 'Object Repository/Modulo Pruebas Vinculación/Crear_un_Momento/span_Pruebas katalon' is clicked on

2022-03-29 14:15:36 - [TEST_STEP][PASSED] - click(findTestObject("Modulo Pruebas Vinculación/Crear_un_Momento/a_Eliminar")): Object: 'Object Repository/Modulo Pruebas Vinculación/Crear_un_Momento/a_Eliminar' is clicked on

2022-03-29 14:15:37 - [MESSAGE][PASSED] - Object: 'Object Repository/Modulo Pruebas Vinculación/Crear_un_Momento/a_Eliminar' is clicked on

2022-03-29 14:15:37 - [TEST_STEP][PASSED] - click(findTestObject("Modulo Pruebas Vinculación/Crear_un_Momento/a_Aceptar")): Object: 'Object Repository/Modulo Pruebas Vinculación/Crear_un_Momento/a_Aceptar' is clicked on

2022-03-29 14:15:38 - [MESSAGE][PASSED] - Object: 'Object Repository/Modulo Pruebas Vinculación/Crear_un_Momento/a_Aceptar' is clicked on

2022-03-29 14:15:38 - [TEST_STEP][PASSED] - click(findTestObject("Modulo Pruebas Vinculación/Crear_un_tipo_Documento/a_Nuevo")): Object: 'Object Repository/Modulo Pruebas Vinculación/Crear_un_tipo_Documento/a_Nuevo' is clicked on

2022-03-29 14:15:38 - [MESSAGE][PASSED] - Object: 'Object Repository/Modulo Pruebas Vinculación/Crear_un_tipo_Documento/a_Nuevo' is clicked on

2022-03-29 14:15:38 - [TEST_STEP][PASSED] - setText(findTestObject("Modulo Pruebas Vinculación/Crear_un_tipo_Documento/input_Cdigo_form_tipodocumentocodigo"), "5"): Text '5' is set on object 'Object Repository/Modulo Pruebas Vinculación/Crear_un_tipo_Documento/input_Cdigo_form_tipodocumentocodigo'

2022-03-29 14:15:40 - [MESSAGE][PASSED] - Text '5' is set on object 'Object Repository/Modulo Pruebas Vinculación/Crear_un_tipo_Documento/input_Cdigo_form_tipodocumentocodigo'

2022-03-29 14:15:40 - [TEST_STEP][PASSED] - setText(findTestObject("Modulo Pruebas Vinculación/Crear_un_tipo_Documento/textarea_Descripcin_form_tipodocumentodescripcion"), "Pruebas katalon"): Text 'Pruebas katalon' is set on object 'Object Repository/Modulo Pruebas Vinculación/Crear_un_tipo_Documento/textarea_Descripcin_form_tipodocumentodescripcion'

2022-03-29 14:15:41 - [MESSAGE][PASSED] - Text 'Pruebas katalon' is set on object 'Object Repository/Modulo Pruebas Vinculación/Crear_un_tipo_Documento/textarea_Descripcin_form_tipodocumentodescripcion'

2022-03-29 14:15:41 - [TEST_STEP][PASSED] - selectOptionByIndex(findTestObject("Modulo Pruebas Vinculación/Crear_un_tipo_Documento/select_Documento AnexoDocumento Control"), 1): All options with index in [1] are selected on object 'Object Repository/Modulo Pruebas Vinculación/Crear_un_tipo_Documento/select_Documento AnexoDocumento Control'

2022-03-29 14:15:42 - [MESSAGE][PASSED] - All options with index in [1] are selected on object 'Object Repository/Modulo Pruebas Vinculación/Crear_un_tipo_Documento/select_Documento AnexoDocumento Control'

2022-03-29 14:15:42 - [TEST_STEP][PASSED] - selectOptionByIndex(findTestObject("Modulo Pruebas Vinculación/Crear_un_tipo_Documento/select_--Seleccione--MODO COLOMBIA HV"), 1): All options with index in [1] are selected on object 'Object Repository/Modulo Pruebas Vinculación/Crear_un_tipo_Documento/select_--Seleccione--MODO COLOMBIA HV'

2022-03-29 14:15:43 - [MESSAGE][PASSED] - All options with index in [1] are selected on object 'Object Repository/Modulo Pruebas Vinculación/Crear_un_tipo_Documento/select_--Seleccione--MODO COLOMBIA HV'

2022-03-29 14:15:43 - [TEST_STEP][PASSED] - click(findTestObject("Modulo Pruebas Vinculación/Crear_un_tipo_Documento/a_Guardar")): Object: 'Object Repository/Modulo Pruebas Vinculación/Crear_un_tipo_Documento/a_Guardar' is clicked on

2022-03-29 14:15:44 - [MESSAGE][PASSED] - Object: 'Object Repository/Modulo Pruebas Vinculación/Crear_un_tipo_Documento/a_Guardar' is clicked on

2022-03-29 14:15:44 - [TEST_STEP][PASSED] - closeBrowser(): Browser is closed

2022-03-29 14:15:44 - [MESSAGE][PASSED] - Browser is closed]]></system-out>
         <system-err><![CDATA[]]></system-err>
      </testcase>
      <testcase name="Test Cases/1.2-Tareas_Secundarias/7.1-Pruebas_Vinculación/7.1.2-Crear_un_Momento" time="17.47" classname="Test Cases/1.2-Tareas_Secundarias/7.1-Pruebas_Vinculación/7.1.2-Crear_un_Momento" status="PASSED">
         <system-out><![CDATA[2022-03-29 14:15:44 - [TEST_CASE][PASSED] - Test Cases/1.2-Tareas_Secundarias/7.1-Pruebas_Vinculación/7.1.2-Crear_un_Momento: Test Cases/1.2-Tareas_Secundarias/7.1-Pruebas_Vinculación/7.1.2-Crear_un_Momento

2022-03-29 14:15:45 - [TEST_STEP][PASSED] - callTestCase(findTestCase("0.1-Login"), [:], STOP_ON_FAILURE): Call Test Case 'Test Cases/0.1-Login' successfully

2022-03-29 14:15:45 - [TEST_CASE][PASSED] - Test Cases/0.1-Login: Test Cases/0.1-Login

2022-03-29 14:15:45 - [TEST_STEP][PASSED] - openBrowser(""): Browser is opened with url: ''

2022-03-29 14:15:45 - [MESSAGE][INFO] - Starting 'Chrome' driver

2022-03-29 14:15:45 - [MESSAGE][INFO] - Action delay is set to 50 milliseconds

2022-03-29 14:15:46 - [MESSAGE][PASSED] - Browser is opened with url: ''

2022-03-29 14:15:46 - [TEST_STEP][PASSED] - maximizeWindow(): Current window maximized

2022-03-29 14:15:46 - [MESSAGE][PASSED] - Current window maximized

2022-03-29 14:15:46 - [TEST_STEP][PASSED] - i = G_Login: null

2022-03-29 14:15:46 - [TEST_STEP][PASSED] - url = new java.net.URL(i): null

2022-03-29 14:15:46 - [TEST_STEP][PASSED] - println("URL: " + url.toString()): null

2022-03-29 14:15:46 - [TEST_STEP][PASSED] - connection = url.openConnection(): null

2022-03-29 14:15:46 - [TEST_STEP][PASSED] - connection.setRequestMethod("GET"): null

2022-03-29 14:15:46 - [TEST_STEP][PASSED] - connection.setReadTimeout(2 * 1000): null

2022-03-29 14:15:46 - [TEST_STEP][PASSED] - try: null

2022-03-29 14:15:46 - [TEST_STEP][PASSED] - connection.connect(): null

2022-03-29 14:15:46 - [TEST_STEP][PASSED] - flag = connected: null

2022-03-29 14:15:46 - [TEST_STEP][PASSED] - println("Valor_ori: " + flag): null

2022-03-29 14:15:46 - [TEST_STEP][PASSED] - if (flag): null

2022-03-29 14:15:46 - [TEST_STEP][PASSED] - navigateToUrl(i): Navigate to 'http://192.168.2.19:8380/saraweb' successfully

2022-03-29 14:15:47 - [MESSAGE][PASSED] - Navigate to 'http://192.168.2.19:8380/saraweb' successfully

2022-03-29 14:15:47 - [TEST_STEP][PASSED] - a(): null

2022-03-29 14:15:47 - [TEST_STEP][PASSED] - setText(findTestObject("Login/input_USUARIO_loginusuario"), G_Usuario): Text 'saraadmin' is set on object 'Object Repository/Login/input_USUARIO_loginusuario'

2022-03-29 14:15:48 - [MESSAGE][PASSED] - Text 'saraadmin' is set on object 'Object Repository/Login/input_USUARIO_loginusuario'

2022-03-29 14:15:48 - [TEST_STEP][PASSED] - setEncryptedText(findTestObject("Login/input_CLAVE_loginpassword"), "MkG4/TYiCFC3cb2driP7+Q=="): Text ****** has been set on object 'Object Repository/Login/input_CLAVE_loginpassword'

2022-03-29 14:15:49 - [MESSAGE][PASSED] - Text ****** has been set on object 'Object Repository/Login/input_CLAVE_loginpassword'

2022-03-29 14:15:49 - [TEST_STEP][PASSED] - waitForElementClickable(findTestObject("Login/a_Ingresar"), G_TimeOut): Object 'Object Repository/Login/a_Ingresar' is clickable

2022-03-29 14:15:49 - [MESSAGE][PASSED] - Object 'Object Repository/Login/a_Ingresar' is clickable

2022-03-29 14:15:49 - [TEST_STEP][PASSED] - click(findTestObject("Login/a_Ingresar")): Object: 'Object Repository/Login/a_Ingresar' is clicked on

2022-03-29 14:15:50 - [MESSAGE][PASSED] - Object: 'Object Repository/Login/a_Ingresar' is clicked on

2022-03-29 14:15:50 - [TEST_STEP][PASSED] - element = findWebElement(findTestObject("Login/a_Ir"), 30): null

2022-03-29 14:15:51 - [TEST_STEP][PASSED] - executeJavaScript("arguments[0].click()", Arrays.asList(element)): Execute JavaScript 'arguments[0].click()' successfully

2022-03-29 14:15:51 - [MESSAGE][PASSED] - Execute JavaScript 'arguments[0].click()' successfully

2022-03-29 14:15:51 - [MESSAGE][PASSED] - Call Test Case 'Test Cases/0.1-Login' successfully

2022-03-29 14:15:51 - [TEST_STEP][PASSED] - setText(findTestObject("Modulo Pruebas Vinculación/Crear_un_Momento/input_Empresa 1_form_templatej_idt24_input"), "parametros contratacion"): Text 'parametros contratacion' is set on object 'Object Repository/Modulo Pruebas Vinculación/Crear_un_Momento/input_Empresa 1_form_templatej_idt24_input'

2022-03-29 14:15:52 - [MESSAGE][PASSED] - Text 'parametros contratacion' is set on object 'Object Repository/Modulo Pruebas Vinculación/Crear_un_Momento/input_Empresa 1_form_templatej_idt24_input'

2022-03-29 14:15:52 - [TEST_STEP][PASSED] - click(findTestObject("Modulo Pruebas Vinculación/Crear_un_Momento/li_Parametros Contratacion (tal)")): Object: 'Object Repository/Modulo Pruebas Vinculación/Crear_un_Momento/li_Parametros Contratacion (tal)' is clicked on

2022-03-29 14:15:54 - [MESSAGE][PASSED] - Object: 'Object Repository/Modulo Pruebas Vinculación/Crear_un_Momento/li_Parametros Contratacion (tal)' is clicked on

2022-03-29 14:15:54 - [TEST_STEP][PASSED] - click(findTestObject("Modulo Pruebas Vinculación/Crear_un_Momento/a_Momento")): Object: 'Object Repository/Modulo Pruebas Vinculación/Crear_un_Momento/a_Momento' is clicked on

2022-03-29 14:15:54 - [MESSAGE][PASSED] - Object: 'Object Repository/Modulo Pruebas Vinculación/Crear_un_Momento/a_Momento' is clicked on

2022-03-29 14:15:54 - [TEST_STEP][PASSED] - if (waitForElementVisible(findTestObject("Modulo Pruebas Vinculación/Crear_un_Momento/td_Pruebas katalon"), 1)): null

2022-03-29 14:15:55 - [MESSAGE][PASSED] - Object 'Object Repository/Modulo Pruebas Vinculación/Crear_un_Momento/td_Pruebas katalon' is visible

2022-03-29 14:15:55 - [TEST_STEP][PASSED] - click(findTestObject("Modulo Pruebas Vinculación/Crear_un_Momento/td_Pruebas katalon")): Object: 'Object Repository/Modulo Pruebas Vinculación/Crear_un_Momento/td_Pruebas katalon' is clicked on

2022-03-29 14:15:56 - [MESSAGE][PASSED] - Object: 'Object Repository/Modulo Pruebas Vinculación/Crear_un_Momento/td_Pruebas katalon' is clicked on

2022-03-29 14:15:56 - [TEST_STEP][PASSED] - click(findTestObject("Modulo Pruebas Vinculación/Crear_un_Momento/a_Eliminar")): Object: 'Object Repository/Modulo Pruebas Vinculación/Crear_un_Momento/a_Eliminar' is clicked on

2022-03-29 14:15:56 - [MESSAGE][PASSED] - Object: 'Object Repository/Modulo Pruebas Vinculación/Crear_un_Momento/a_Eliminar' is clicked on

2022-03-29 14:15:56 - [TEST_STEP][PASSED] - click(findTestObject("Modulo Pruebas Vinculación/Crear_un_Momento/a_Aceptar")): Object: 'Object Repository/Modulo Pruebas Vinculación/Crear_un_Momento/a_Aceptar' is clicked on

2022-03-29 14:15:57 - [MESSAGE][PASSED] - Object: 'Object Repository/Modulo Pruebas Vinculación/Crear_un_Momento/a_Aceptar' is clicked on

2022-03-29 14:15:57 - [TEST_STEP][PASSED] - click(findTestObject("Modulo Pruebas Vinculación/Crear_un_Momento/a_Nuevo")): Object: 'Object Repository/Modulo Pruebas Vinculación/Crear_un_Momento/a_Nuevo' is clicked on

2022-03-29 14:15:58 - [MESSAGE][PASSED] - Object: 'Object Repository/Modulo Pruebas Vinculación/Crear_un_Momento/a_Nuevo' is clicked on

2022-03-29 14:15:58 - [TEST_STEP][PASSED] - setText(findTestObject("Modulo Pruebas Vinculación/Crear_un_Momento/input_Cdigo_form_momentopanelTabcodigo"), "5"): Text '5' is set on object 'Object Repository/Modulo Pruebas Vinculación/Crear_un_Momento/input_Cdigo_form_momentopanelTabcodigo'

2022-03-29 14:15:59 - [MESSAGE][PASSED] - Text '5' is set on object 'Object Repository/Modulo Pruebas Vinculación/Crear_un_Momento/input_Cdigo_form_momentopanelTabcodigo'

2022-03-29 14:15:59 - [TEST_STEP][PASSED] - setText(findTestObject("Modulo Pruebas Vinculación/Crear_un_Momento/textarea_Descripcin_form_momentopanelTabdescripcion"), "Pruebas katalon"): Text 'Pruebas katalon' is set on object 'Object Repository/Modulo Pruebas Vinculación/Crear_un_Momento/textarea_Descripcin_form_momentopanelTabdescripcion'

2022-03-29 14:16:00 - [MESSAGE][PASSED] - Text 'Pruebas katalon' is set on object 'Object Repository/Modulo Pruebas Vinculación/Crear_un_Momento/textarea_Descripcin_form_momentopanelTabdescripcion'

2022-03-29 14:16:00 - [TEST_STEP][PASSED] - selectOptionByIndex(findTestObject("Modulo Pruebas Vinculación/Crear_un_Momento/select_--Seleccione--MODO COLOMBIA HV"), 1): All options with index in [1] are selected on object 'Object Repository/Modulo Pruebas Vinculación/Crear_un_Momento/select_--Seleccione--MODO COLOMBIA HV'

2022-03-29 14:16:01 - [MESSAGE][PASSED] - All options with index in [1] are selected on object 'Object Repository/Modulo Pruebas Vinculación/Crear_un_Momento/select_--Seleccione--MODO COLOMBIA HV'

2022-03-29 14:16:01 - [TEST_STEP][PASSED] - click(findTestObject("Modulo Pruebas Vinculación/Crear_un_Momento/a_Guardar")): Object: 'Object Repository/Modulo Pruebas Vinculación/Crear_un_Momento/a_Guardar' is clicked on

2022-03-29 14:16:02 - [MESSAGE][PASSED] - Object: 'Object Repository/Modulo Pruebas Vinculación/Crear_un_Momento/a_Guardar' is clicked on]]></system-out>
         <system-err><![CDATA[]]></system-err>
      </testcase>
      <testcase name="Test Cases/1.2-Tareas_Secundarias/7.1-Pruebas_Vinculación/7.1.3-Crear_un_Origen_de_Contratación" time="20.795" classname="Test Cases/1.2-Tareas_Secundarias/7.1-Pruebas_Vinculación/7.1.3-Crear_un_Origen_de_Contratación" status="PASSED">
         <system-out><![CDATA[2022-03-29 14:16:02 - [TEST_CASE][PASSED] - Test Cases/1.2-Tareas_Secundarias/7.1-Pruebas_Vinculación/7.1.3-Crear_un_Origen_de_Contratación: Test Cases/1.2-Tareas_Secundarias/7.1-Pruebas_Vinculación/7.1.3-Crear_un_Origen_de_Contratación

2022-03-29 14:16:02 - [TEST_STEP][PASSED] - callTestCase(findTestCase("0.1-Login"), [:], STOP_ON_FAILURE): Call Test Case 'Test Cases/0.1-Login' successfully

2022-03-29 14:16:02 - [TEST_CASE][PASSED] - Test Cases/0.1-Login: Test Cases/0.1-Login

2022-03-29 14:16:02 - [TEST_STEP][PASSED] - openBrowser(""): Browser is opened with url: ''

2022-03-29 14:16:02 - [MESSAGE][WARNING] - A browser is already opened. Closing browser and opening a new one

2022-03-29 14:16:03 - [MESSAGE][INFO] - Starting 'Chrome' driver

2022-03-29 14:16:03 - [MESSAGE][INFO] - Action delay is set to 50 milliseconds

2022-03-29 14:16:04 - [MESSAGE][PASSED] - Browser is opened with url: ''

2022-03-29 14:16:04 - [TEST_STEP][PASSED] - maximizeWindow(): Current window maximized

2022-03-29 14:16:04 - [MESSAGE][PASSED] - Current window maximized

2022-03-29 14:16:04 - [TEST_STEP][PASSED] - i = G_Login: null

2022-03-29 14:16:04 - [TEST_STEP][PASSED] - url = new java.net.URL(i): null

2022-03-29 14:16:04 - [TEST_STEP][PASSED] - println("URL: " + url.toString()): null

2022-03-29 14:16:04 - [TEST_STEP][PASSED] - connection = url.openConnection(): null

2022-03-29 14:16:04 - [TEST_STEP][PASSED] - connection.setRequestMethod("GET"): null

2022-03-29 14:16:04 - [TEST_STEP][PASSED] - connection.setReadTimeout(2 * 1000): null

2022-03-29 14:16:04 - [TEST_STEP][PASSED] - try: null

2022-03-29 14:16:04 - [TEST_STEP][PASSED] - connection.connect(): null

2022-03-29 14:16:04 - [TEST_STEP][PASSED] - flag = connected: null

2022-03-29 14:16:04 - [TEST_STEP][PASSED] - println("Valor_ori: " + flag): null

2022-03-29 14:16:04 - [TEST_STEP][PASSED] - if (flag): null

2022-03-29 14:16:04 - [TEST_STEP][PASSED] - navigateToUrl(i): Navigate to 'http://192.168.2.19:8380/saraweb' successfully

2022-03-29 14:16:05 - [MESSAGE][PASSED] - Navigate to 'http://192.168.2.19:8380/saraweb' successfully

2022-03-29 14:16:05 - [TEST_STEP][PASSED] - a(): null

2022-03-29 14:16:05 - [TEST_STEP][PASSED] - setText(findTestObject("Login/input_USUARIO_loginusuario"), G_Usuario): Text 'saraadmin' is set on object 'Object Repository/Login/input_USUARIO_loginusuario'

2022-03-29 14:16:06 - [MESSAGE][PASSED] - Text 'saraadmin' is set on object 'Object Repository/Login/input_USUARIO_loginusuario'

2022-03-29 14:16:06 - [TEST_STEP][PASSED] - setEncryptedText(findTestObject("Login/input_CLAVE_loginpassword"), "MkG4/TYiCFC3cb2driP7+Q=="): Text ****** has been set on object 'Object Repository/Login/input_CLAVE_loginpassword'

2022-03-29 14:16:07 - [MESSAGE][PASSED] - Text ****** has been set on object 'Object Repository/Login/input_CLAVE_loginpassword'

2022-03-29 14:16:07 - [TEST_STEP][PASSED] - waitForElementClickable(findTestObject("Login/a_Ingresar"), G_TimeOut): Object 'Object Repository/Login/a_Ingresar' is clickable

2022-03-29 14:16:07 - [MESSAGE][PASSED] - Object 'Object Repository/Login/a_Ingresar' is clickable

2022-03-29 14:16:07 - [TEST_STEP][PASSED] - click(findTestObject("Login/a_Ingresar")): Object: 'Object Repository/Login/a_Ingresar' is clicked on

2022-03-29 14:16:09 - [MESSAGE][PASSED] - Object: 'Object Repository/Login/a_Ingresar' is clicked on

2022-03-29 14:16:09 - [TEST_STEP][PASSED] - element = findWebElement(findTestObject("Login/a_Ir"), 30): null

2022-03-29 14:16:09 - [TEST_STEP][PASSED] - executeJavaScript("arguments[0].click()", Arrays.asList(element)): Execute JavaScript 'arguments[0].click()' successfully

2022-03-29 14:16:09 - [MESSAGE][PASSED] - Execute JavaScript 'arguments[0].click()' successfully

2022-03-29 14:16:09 - [MESSAGE][PASSED] - Call Test Case 'Test Cases/0.1-Login' successfully

2022-03-29 14:16:09 - [TEST_STEP][PASSED] - setText(findTestObject("Modulo Pruebas Vinculación/Crear_un_Origen_de_Contratación/input_Empresa 1_form_templatej_idt24_input"), "Parametros Contratacion"): Text 'Parametros Contratacion' is set on object 'Object Repository/Modulo Pruebas Vinculación/Crear_un_Origen_de_Contratación/input_Empresa 1_form_templatej_idt24_input'

2022-03-29 14:16:10 - [MESSAGE][PASSED] - Text 'Parametros Contratacion' is set on object 'Object Repository/Modulo Pruebas Vinculación/Crear_un_Origen_de_Contratación/input_Empresa 1_form_templatej_idt24_input'

2022-03-29 14:16:10 - [TEST_STEP][PASSED] - click(findTestObject("Modulo Pruebas Vinculación/Crear_un_Origen_de_Contratación/li_Parametros Contratacion (tal)")): Object: 'Object Repository/Modulo Pruebas Vinculación/Crear_un_Origen_de_Contratación/li_Parametros Contratacion (tal)' is clicked on

2022-03-29 14:16:12 - [MESSAGE][PASSED] - Object: 'Object Repository/Modulo Pruebas Vinculación/Crear_un_Origen_de_Contratación/li_Parametros Contratacion (tal)' is clicked on

2022-03-29 14:16:12 - [TEST_STEP][PASSED] - click(findTestObject("Modulo Pruebas Vinculación/Crear_un_Origen_de_Contratación/a_Origen Contratacin")): Object: 'Object Repository/Modulo Pruebas Vinculación/Crear_un_Origen_de_Contratación/a_Origen Contratacin' is clicked on

2022-03-29 14:16:13 - [MESSAGE][PASSED] - Object: 'Object Repository/Modulo Pruebas Vinculación/Crear_un_Origen_de_Contratación/a_Origen Contratacin' is clicked on

2022-03-29 14:16:13 - [TEST_STEP][PASSED] - if (waitForElementVisible(findTestObject("Modulo Pruebas Vinculación/Crear_un_Origen_de_Contratación/td_Pruebas katalon"), 1)): null

2022-03-29 14:16:13 - [MESSAGE][PASSED] - Object 'Object Repository/Modulo Pruebas Vinculación/Crear_un_Origen_de_Contratación/td_Pruebas katalon' is visible

2022-03-29 14:16:13 - [TEST_STEP][PASSED] - click(findTestObject("Modulo Pruebas Vinculación/Crear_un_Origen_de_Contratación/td_Pruebas katalon")): Object: 'Object Repository/Modulo Pruebas Vinculación/Crear_un_Origen_de_Contratación/td_Pruebas katalon' is clicked on

2022-03-29 14:16:14 - [MESSAGE][PASSED] - Object: 'Object Repository/Modulo Pruebas Vinculación/Crear_un_Origen_de_Contratación/td_Pruebas katalon' is clicked on

2022-03-29 14:16:14 - [TEST_STEP][PASSED] - click(findTestObject("Modulo Pruebas Vinculación/Crear_un_Origen_de_Contratación/a_Eliminar")): Object: 'Object Repository/Modulo Pruebas Vinculación/Crear_un_Origen_de_Contratación/a_Eliminar' is clicked on

2022-03-29 14:16:15 - [MESSAGE][PASSED] - Object: 'Object Repository/Modulo Pruebas Vinculación/Crear_un_Origen_de_Contratación/a_Eliminar' is clicked on

2022-03-29 14:16:15 - [TEST_STEP][PASSED] - click(findTestObject("Modulo Pruebas Vinculación/Crear_un_Origen_de_Contratación/a_Aceptar")): Object: 'Object Repository/Modulo Pruebas Vinculación/Crear_un_Origen_de_Contratación/a_Aceptar' is clicked on

2022-03-29 14:16:16 - [MESSAGE][PASSED] - Object: 'Object Repository/Modulo Pruebas Vinculación/Crear_un_Origen_de_Contratación/a_Aceptar' is clicked on

2022-03-29 14:16:16 - [TEST_STEP][PASSED] - click(findTestObject("Modulo Pruebas Vinculación/Crear_un_Origen_de_Contratación/a_Nuevo")): Object: 'Object Repository/Modulo Pruebas Vinculación/Crear_un_Origen_de_Contratación/a_Nuevo' is clicked on

2022-03-29 14:16:16 - [MESSAGE][PASSED] - Object: 'Object Repository/Modulo Pruebas Vinculación/Crear_un_Origen_de_Contratación/a_Nuevo' is clicked on

2022-03-29 14:16:16 - [TEST_STEP][PASSED] - setText(findTestObject("Modulo Pruebas Vinculación/Crear_un_Origen_de_Contratación/input_Cdigo_form_origencontratacioncodigo"), "5"): Text '5' is set on object 'Object Repository/Modulo Pruebas Vinculación/Crear_un_Origen_de_Contratación/input_Cdigo_form_origencontratacioncodigo'

2022-03-29 14:16:18 - [MESSAGE][PASSED] - Text '5' is set on object 'Object Repository/Modulo Pruebas Vinculación/Crear_un_Origen_de_Contratación/input_Cdigo_form_origencontratacioncodigo'

2022-03-29 14:16:18 - [TEST_STEP][PASSED] - setText(findTestObject("Modulo Pruebas Vinculación/Crear_un_Origen_de_Contratación/input_Descripcin_form_origencontrataciondescripcion"), "Pruebas katalon"): Text 'Pruebas katalon' is set on object 'Object Repository/Modulo Pruebas Vinculación/Crear_un_Origen_de_Contratación/input_Descripcin_form_origencontrataciondescripcion'

2022-03-29 14:16:19 - [MESSAGE][PASSED] - Text 'Pruebas katalon' is set on object 'Object Repository/Modulo Pruebas Vinculación/Crear_un_Origen_de_Contratación/input_Descripcin_form_origencontrataciondescripcion'

2022-03-29 14:16:19 - [TEST_STEP][PASSED] - selectOptionByIndex(findTestObject("Modulo Pruebas Vinculación/Crear_un_Origen_de_Contratación/select_Hoja Vida ExisteIngresa Hoja Manual"), "0"): All options with index in [0] are selected on object 'Object Repository/Modulo Pruebas Vinculación/Crear_un_Origen_de_Contratación/select_Hoja Vida ExisteIngresa Hoja Manual'

2022-03-29 14:16:20 - [MESSAGE][PASSED] - All options with index in [0] are selected on object 'Object Repository/Modulo Pruebas Vinculación/Crear_un_Origen_de_Contratación/select_Hoja Vida ExisteIngresa Hoja Manual'

2022-03-29 14:16:20 - [TEST_STEP][PASSED] - selectOptionByIndex(findTestObject("Modulo Pruebas Vinculación/Crear_un_Origen_de_Contratación/select_Datos de un RequerimientoDatos de una SeleccionNo aplica"), 2): All options with index in [2] are selected on object 'Object Repository/Modulo Pruebas Vinculación/Crear_un_Origen_de_Contratación/select_Datos de un RequerimientoDatos de una SeleccionNo aplica'

2022-03-29 14:16:21 - [MESSAGE][PASSED] - All options with index in [2] are selected on object 'Object Repository/Modulo Pruebas Vinculación/Crear_un_Origen_de_Contratación/select_Datos de un RequerimientoDatos de una SeleccionNo aplica'

2022-03-29 14:16:21 - [TEST_STEP][PASSED] - selectOptionByIndex(findTestObject("Modulo Pruebas Vinculación/Crear_un_Origen_de_Contratación/select_SiNo"), 1): All options with index in [1] are selected on object 'Object Repository/Modulo Pruebas Vinculación/Crear_un_Origen_de_Contratación/select_SiNo'

2022-03-29 14:16:22 - [MESSAGE][PASSED] - All options with index in [1] are selected on object 'Object Repository/Modulo Pruebas Vinculación/Crear_un_Origen_de_Contratación/select_SiNo'

2022-03-29 14:16:22 - [TEST_STEP][PASSED] - click(findTestObject("Modulo Pruebas Vinculación/Crear_un_Origen_de_Contratación/a_Guardar")): Object: 'Object Repository/Modulo Pruebas Vinculación/Crear_un_Origen_de_Contratación/a_Guardar' is clicked on

2022-03-29 14:16:23 - [MESSAGE][PASSED] - Object: 'Object Repository/Modulo Pruebas Vinculación/Crear_un_Origen_de_Contratación/a_Guardar' is clicked on]]></system-out>
         <system-err><![CDATA[]]></system-err>
      </testcase>
      <testcase name="Test Cases/1.2-Tareas_Secundarias/7.1-Pruebas_Vinculación/7.1.4-Crear_un_Registro_de_Contratación" time="58.905" classname="Test Cases/1.2-Tareas_Secundarias/7.1-Pruebas_Vinculación/7.1.4-Crear_un_Registro_de_Contratación" status="PASSED">
         <system-out><![CDATA[2022-03-29 14:16:23 - [TEST_CASE][PASSED] - Test Cases/1.2-Tareas_Secundarias/7.1-Pruebas_Vinculación/7.1.4-Crear_un_Registro_de_Contratación: Test Cases/1.2-Tareas_Secundarias/7.1-Pruebas_Vinculación/7.1.4-Crear_un_Registro_de_Contratación

2022-03-29 14:16:23 - [TEST_STEP][PASSED] - callTestCase(findTestCase("0.1-Login"), [:], STOP_ON_FAILURE): Call Test Case 'Test Cases/0.1-Login' successfully

2022-03-29 14:16:23 - [TEST_CASE][PASSED] - Test Cases/0.1-Login: Test Cases/0.1-Login

2022-03-29 14:16:23 - [TEST_STEP][PASSED] - openBrowser(""): Browser is opened with url: ''

2022-03-29 14:16:23 - [MESSAGE][WARNING] - A browser is already opened. Closing browser and opening a new one

2022-03-29 14:16:24 - [MESSAGE][INFO] - Starting 'Chrome' driver

2022-03-29 14:16:24 - [MESSAGE][INFO] - Action delay is set to 50 milliseconds

2022-03-29 14:16:25 - [MESSAGE][PASSED] - Browser is opened with url: ''

2022-03-29 14:16:25 - [TEST_STEP][PASSED] - maximizeWindow(): Current window maximized

2022-03-29 14:16:25 - [MESSAGE][PASSED] - Current window maximized

2022-03-29 14:16:25 - [TEST_STEP][PASSED] - i = G_Login: null

2022-03-29 14:16:25 - [TEST_STEP][PASSED] - url = new java.net.URL(i): null

2022-03-29 14:16:25 - [TEST_STEP][PASSED] - println("URL: " + url.toString()): null

2022-03-29 14:16:25 - [TEST_STEP][PASSED] - connection = url.openConnection(): null

2022-03-29 14:16:25 - [TEST_STEP][PASSED] - connection.setRequestMethod("GET"): null

2022-03-29 14:16:25 - [TEST_STEP][PASSED] - connection.setReadTimeout(2 * 1000): null

2022-03-29 14:16:25 - [TEST_STEP][PASSED] - try: null

2022-03-29 14:16:25 - [TEST_STEP][PASSED] - connection.connect(): null

2022-03-29 14:16:25 - [TEST_STEP][PASSED] - flag = connected: null

2022-03-29 14:16:25 - [TEST_STEP][PASSED] - println("Valor_ori: " + flag): null

2022-03-29 14:16:25 - [TEST_STEP][PASSED] - if (flag): null

2022-03-29 14:16:25 - [TEST_STEP][PASSED] - navigateToUrl(i): Navigate to 'http://192.168.2.19:8380/saraweb' successfully

2022-03-29 14:16:26 - [MESSAGE][PASSED] - Navigate to 'http://192.168.2.19:8380/saraweb' successfully

2022-03-29 14:16:26 - [TEST_STEP][PASSED] - a(): null

2022-03-29 14:16:26 - [TEST_STEP][PASSED] - setText(findTestObject("Login/input_USUARIO_loginusuario"), G_Usuario): Text 'saraadmin' is set on object 'Object Repository/Login/input_USUARIO_loginusuario'

2022-03-29 14:16:27 - [MESSAGE][PASSED] - Text 'saraadmin' is set on object 'Object Repository/Login/input_USUARIO_loginusuario'

2022-03-29 14:16:27 - [TEST_STEP][PASSED] - setEncryptedText(findTestObject("Login/input_CLAVE_loginpassword"), "MkG4/TYiCFC3cb2driP7+Q=="): Text ****** has been set on object 'Object Repository/Login/input_CLAVE_loginpassword'

2022-03-29 14:16:28 - [MESSAGE][PASSED] - Text ****** has been set on object 'Object Repository/Login/input_CLAVE_loginpassword'

2022-03-29 14:16:28 - [TEST_STEP][PASSED] - waitForElementClickable(findTestObject("Login/a_Ingresar"), G_TimeOut): Object 'Object Repository/Login/a_Ingresar' is clickable

2022-03-29 14:16:28 - [MESSAGE][PASSED] - Object 'Object Repository/Login/a_Ingresar' is clickable

2022-03-29 14:16:28 - [TEST_STEP][PASSED] - click(findTestObject("Login/a_Ingresar")): Object: 'Object Repository/Login/a_Ingresar' is clicked on

2022-03-29 14:16:30 - [MESSAGE][PASSED] - Object: 'Object Repository/Login/a_Ingresar' is clicked on

2022-03-29 14:16:30 - [TEST_STEP][PASSED] - element = findWebElement(findTestObject("Login/a_Ir"), 30): null

2022-03-29 14:16:30 - [TEST_STEP][PASSED] - executeJavaScript("arguments[0].click()", Arrays.asList(element)): Execute JavaScript 'arguments[0].click()' successfully

2022-03-29 14:16:30 - [MESSAGE][PASSED] - Execute JavaScript 'arguments[0].click()' successfully

2022-03-29 14:16:30 - [MESSAGE][PASSED] - Call Test Case 'Test Cases/0.1-Login' successfully

2022-03-29 14:16:30 - [TEST_STEP][PASSED] - setText(findTestObject("Modulo Pruebas Vinculación/Crear un Registro de Contratación/input_Empresa 1_form_templatej_idt24_input"), "listado contratacion"): Text 'listado contratacion' is set on object 'Object Repository/Modulo Pruebas Vinculación/Crear un Registro de Contratación/input_Empresa 1_form_templatej_idt24_input'

2022-03-29 14:16:31 - [MESSAGE][PASSED] - Text 'listado contratacion' is set on object 'Object Repository/Modulo Pruebas Vinculación/Crear un Registro de Contratación/input_Empresa 1_form_templatej_idt24_input'

2022-03-29 14:16:31 - [TEST_STEP][PASSED] - click(findTestObject("Modulo Pruebas Vinculación/Crear un Registro de Contratación/li_Listado Contratacion (tal)")): Object: 'Object Repository/Modulo Pruebas Vinculación/Crear un Registro de Contratación/li_Listado Contratacion (tal)' is clicked on

2022-03-29 14:16:33 - [MESSAGE][PASSED] - Object: 'Object Repository/Modulo Pruebas Vinculación/Crear un Registro de Contratación/li_Listado Contratacion (tal)' is clicked on

2022-03-29 14:16:33 - [TEST_STEP][PASSED] - selectOptionByIndex(findTestObject("Modulo Pruebas Vinculación/Crear un Registro de Contratación/select_-- Seleccione --ANULADOCERRADOELIMINADOSOLICITADO"), 4): All options with index in [4] are selected on object 'Object Repository/Modulo Pruebas Vinculación/Crear un Registro de Contratación/select_-- Seleccione --ANULADOCERRADOELIMINADOSOLICITADO'

2022-03-29 14:16:35 - [MESSAGE][PASSED] - All options with index in [4] are selected on object 'Object Repository/Modulo Pruebas Vinculación/Crear un Registro de Contratación/select_-- Seleccione --ANULADOCERRADOELIMINADOSOLICITADO'

2022-03-29 14:16:35 - [TEST_STEP][PASSED] - click(findTestObject("Modulo Pruebas Vinculación/Crear un Registro de Contratación/a_Nombre Persona_listado_contratacionj_idt68")): Object: 'Object Repository/Modulo Pruebas Vinculación/Crear un Registro de Contratación/a_Nombre Persona_listado_contratacionj_idt68' is clicked on

2022-03-29 14:16:35 - [MESSAGE][PASSED] - Object: 'Object Repository/Modulo Pruebas Vinculación/Crear un Registro de Contratación/a_Nombre Persona_listado_contratacionj_idt68' is clicked on

2022-03-29 14:16:35 - [TEST_STEP][PASSED] - setText(findTestObject("Modulo Pruebas Vinculación/Crear un Registro de Contratación/input_Filtro Hoja de Vida_formPopupHojaVidaj_idt13270"), "A A A"): Text 'A A A' is set on object 'Object Repository/Modulo Pruebas Vinculación/Crear un Registro de Contratación/input_Filtro Hoja de Vida_formPopupHojaVidaj_idt13270'

2022-03-29 14:16:36 - [MESSAGE][PASSED] - Text 'A A A' is set on object 'Object Repository/Modulo Pruebas Vinculación/Crear un Registro de Contratación/input_Filtro Hoja de Vida_formPopupHojaVidaj_idt13270'

2022-03-29 14:16:36 - [TEST_STEP][PASSED] - sendKeys(findTestObject("Modulo Pruebas Vinculación/Crear un Registro de Contratación/input_Filtro Hoja de Vida_formPopupHojaVidaj_idt13270"), Keys.chord(ENTER)): Keys 'ENTER + ' sent to object: 'Object Repository/Modulo Pruebas Vinculación/Crear un Registro de Contratación/input_Filtro Hoja de Vida_formPopupHojaVidaj_idt13270'

2022-03-29 14:16:37 - [MESSAGE][PASSED] - Keys 'ENTER + ' sent to object: 'Object Repository/Modulo Pruebas Vinculación/Crear un Registro de Contratación/input_Filtro Hoja de Vida_formPopupHojaVidaj_idt13270'

2022-03-29 14:16:37 - [TEST_STEP][PASSED] - click(findTestObject("Modulo Pruebas Vinculación/Crear un Registro de Contratación/span_A A A1")): Object: 'Object Repository/Modulo Pruebas Vinculación/Crear un Registro de Contratación/span_A A A1' is clicked on

2022-03-29 14:16:38 - [MESSAGE][PASSED] - Object: 'Object Repository/Modulo Pruebas Vinculación/Crear un Registro de Contratación/span_A A A1' is clicked on

2022-03-29 14:16:38 - [TEST_STEP][PASSED] - if (waitForElementVisible(findTestObject("Modulo Pruebas Vinculación/Crear un Registro de Contratación/td_A A A"), 1)): null

2022-03-29 14:16:39 - [MESSAGE][PASSED] - Object 'Object Repository/Modulo Pruebas Vinculación/Crear un Registro de Contratación/td_A A A' is visible

2022-03-29 14:16:39 - [TEST_STEP][PASSED] - click(findTestObject("Modulo Pruebas Vinculación/Crear un Registro de Contratación/td_A A A")): Object: 'Object Repository/Modulo Pruebas Vinculación/Crear un Registro de Contratación/td_A A A' is clicked on

2022-03-29 14:16:39 - [MESSAGE][PASSED] - Object: 'Object Repository/Modulo Pruebas Vinculación/Crear un Registro de Contratación/td_A A A' is clicked on

2022-03-29 14:16:39 - [TEST_STEP][PASSED] - if (waitForElementVisible(findTestObject("Modulo Pruebas Vinculación/Crear un Registro de Contratación/span_Referencia en el sistema nula, informe al administrador del sistema"), 1)): Web element with id: 'Object Repository/Modulo Pruebas Vinculación/Crear un Registro de Contratación/span_Referencia en el sistema nula, informe al administrador del sistema' located by '//*/text()[normalize-space(.)='Referencia en el sistema nula, informe al administrador del sistema']/parent::*' not found

2022-03-29 14:16:41 - [MESSAGE][INFO] - Unable to find the element located by 'By.xpath: //*/text()[normalize-space(.)='Referencia en el sistema nula, informe al administrador del sistema']/parent::*'. Please recheck the objects properties to make sure the desired element is located. 

2022-03-29 14:16:41 - [MESSAGE][WARNING] - Web element with id: 'Object Repository/Modulo Pruebas Vinculación/Crear un Registro de Contratación/span_Referencia en el sistema nula, informe al administrador del sistema' located by '//*/text()[normalize-space(.)='Referencia en el sistema nula, informe al administrador del sistema']/parent::*' not found

2022-03-29 14:16:41 - [TEST_STEP][PASSED] - setText(findTestObject("Modulo Pruebas Vinculación/Crear un Registro de Contratación/textarea_Motivo_form_contratacionpanelTabmotivo"), "PRUEBAS KATALON"): Text 'PRUEBAS KATALON' is set on object 'Object Repository/Modulo Pruebas Vinculación/Crear un Registro de Contratación/textarea_Motivo_form_contratacionpanelTabmotivo'

2022-03-29 14:16:42 - [MESSAGE][PASSED] - Text 'PRUEBAS KATALON' is set on object 'Object Repository/Modulo Pruebas Vinculación/Crear un Registro de Contratación/textarea_Motivo_form_contratacionpanelTabmotivo'

2022-03-29 14:16:42 - [TEST_STEP][PASSED] - selectOptionByIndex(findTestObject("Modulo Pruebas Vinculación/Crear un Registro de Contratación/select_--Seleccione--NOSI"), 1): All options with index in [1] are selected on object 'Object Repository/Modulo Pruebas Vinculación/Crear un Registro de Contratación/select_--Seleccione--NOSI'

2022-03-29 14:16:44 - [MESSAGE][PASSED] - All options with index in [1] are selected on object 'Object Repository/Modulo Pruebas Vinculación/Crear un Registro de Contratación/select_--Seleccione--NOSI'

2022-03-29 14:16:44 - [TEST_STEP][PASSED] - click(findTestObject("Modulo Pruebas Vinculación/Crear un Registro de Contratación/a_Anular Proceso")): Object: 'Object Repository/Modulo Pruebas Vinculación/Crear un Registro de Contratación/a_Anular Proceso' is clicked on

2022-03-29 14:16:45 - [MESSAGE][PASSED] - Object: 'Object Repository/Modulo Pruebas Vinculación/Crear un Registro de Contratación/a_Anular Proceso' is clicked on

2022-03-29 14:16:45 - [TEST_STEP][PASSED] - click(findTestObject("Modulo Pruebas Vinculación/Crear un Registro de Contratación/a_Aceptar")): Object: 'Object Repository/Modulo Pruebas Vinculación/Crear un Registro de Contratación/a_Aceptar' is clicked on

2022-03-29 14:16:46 - [MESSAGE][PASSED] - Object: 'Object Repository/Modulo Pruebas Vinculación/Crear un Registro de Contratación/a_Aceptar' is clicked on

2022-03-29 14:16:46 - [TEST_STEP][PASSED] - click(findTestObject("Modulo Pruebas Vinculación/Crear un Registro de Contratación/a_Regresar")): Object: 'Object Repository/Modulo Pruebas Vinculación/Crear un Registro de Contratación/a_Regresar' is clicked on

2022-03-29 14:16:47 - [MESSAGE][PASSED] - Object: 'Object Repository/Modulo Pruebas Vinculación/Crear un Registro de Contratación/a_Regresar' is clicked on

2022-03-29 14:16:47 - [TEST_STEP][PASSED] - click(findTestObject("Modulo Pruebas Vinculación/Crear un Registro de Contratación/a_Nuevo")): Object: 'Object Repository/Modulo Pruebas Vinculación/Crear un Registro de Contratación/a_Nuevo' is clicked on

2022-03-29 14:16:48 - [MESSAGE][PASSED] - Object: 'Object Repository/Modulo Pruebas Vinculación/Crear un Registro de Contratación/a_Nuevo' is clicked on

2022-03-29 14:16:48 - [TEST_STEP][PASSED] - click(findTestObject("Modulo Pruebas Vinculación/Crear un Registro de Contratación/td_Pruebas katalon")): Object: 'Object Repository/Modulo Pruebas Vinculación/Crear un Registro de Contratación/td_Pruebas katalon' is clicked on

2022-03-29 14:16:48 - [MESSAGE][PASSED] - Object: 'Object Repository/Modulo Pruebas Vinculación/Crear un Registro de Contratación/td_Pruebas katalon' is clicked on

2022-03-29 14:16:48 - [TEST_STEP][PASSED] - click(findTestObject("Modulo Pruebas Vinculación/Crear un Registro de Contratación/a_Identificacin_form_contratacionpanelTabj_idt164")): Object: 'Object Repository/Modulo Pruebas Vinculación/Crear un Registro de Contratación/a_Identificacin_form_contratacionpanelTabj_idt164' is clicked on

2022-03-29 14:16:49 - [MESSAGE][PASSED] - Object: 'Object Repository/Modulo Pruebas Vinculación/Crear un Registro de Contratación/a_Identificacin_form_contratacionpanelTabj_idt164' is clicked on

2022-03-29 14:16:49 - [TEST_STEP][PASSED] - setText(findTestObject("Modulo Pruebas Vinculación/Crear un Registro de Contratación/input_Filtro Hoja de Vida_formPopupHojaVidaj_idt1327"), "A A A"): Text 'A A A' is set on object 'Object Repository/Modulo Pruebas Vinculación/Crear un Registro de Contratación/input_Filtro Hoja de Vida_formPopupHojaVidaj_idt1327'

2022-03-29 14:16:50 - [MESSAGE][PASSED] - Text 'A A A' is set on object 'Object Repository/Modulo Pruebas Vinculación/Crear un Registro de Contratación/input_Filtro Hoja de Vida_formPopupHojaVidaj_idt1327'

2022-03-29 14:16:50 - [TEST_STEP][PASSED] - sendKeys(findTestObject("Modulo Pruebas Vinculación/Crear un Registro de Contratación/input_Filtro Hoja de Vida_formPopupHojaVidaj_idt1327"), Keys.chord(ENTER)): Keys 'ENTER + ' sent to object: 'Object Repository/Modulo Pruebas Vinculación/Crear un Registro de Contratación/input_Filtro Hoja de Vida_formPopupHojaVidaj_idt1327'

2022-03-29 14:16:51 - [MESSAGE][PASSED] - Keys 'ENTER + ' sent to object: 'Object Repository/Modulo Pruebas Vinculación/Crear un Registro de Contratación/input_Filtro Hoja de Vida_formPopupHojaVidaj_idt1327'

2022-03-29 14:16:51 - [TEST_STEP][PASSED] - click(findTestObject("Modulo Pruebas Vinculación/Crear un Registro de Contratación/span_A A A")): Object: 'Object Repository/Modulo Pruebas Vinculación/Crear un Registro de Contratación/span_A A A' is clicked on

2022-03-29 14:16:52 - [MESSAGE][PASSED] - Object: 'Object Repository/Modulo Pruebas Vinculación/Crear un Registro de Contratación/span_A A A' is clicked on

2022-03-29 14:16:52 - [TEST_STEP][PASSED] - selectOptionByIndex(findTestObject("Modulo Pruebas Vinculación/Crear un Registro de Contratación/select_--Seleccione--CALIDADMENSUAL ABCMODELO EMPRESA QUINCENALPANSIONADOSPENSIONADOS BASEPRUEBAS"), 1): All options with index in [1] are selected on object 'Object Repository/Modulo Pruebas Vinculación/Crear un Registro de Contratación/select_--Seleccione--CALIDADMENSUAL ABCMODELO EMPRESA QUINCENALPANSIONADOSPENSIONADOS BASEPRUEBAS'

2022-03-29 14:16:53 - [MESSAGE][PASSED] - All options with index in [1] are selected on object 'Object Repository/Modulo Pruebas Vinculación/Crear un Registro de Contratación/select_--Seleccione--CALIDADMENSUAL ABCMODELO EMPRESA QUINCENALPANSIONADOSPENSIONADOS BASEPRUEBAS'

2022-03-29 14:16:53 - [TEST_STEP][PASSED] - selectOptionByIndex(findTestObject("Modulo Pruebas Vinculación/Crear un Registro de Contratación/select_0.5APRENDIZ ETAPA LECTIVA6APRENDIZ ETAPA PRODUCTIVA96ASISTENTE"), 8): All options with index in [8] are selected on object 'Object Repository/Modulo Pruebas Vinculación/Crear un Registro de Contratación/select_0.5APRENDIZ ETAPA LECTIVA6APRENDIZ ETAPA PRODUCTIVA96ASISTENTE'

2022-03-29 14:16:55 - [MESSAGE][PASSED] - All options with index in [8] are selected on object 'Object Repository/Modulo Pruebas Vinculación/Crear un Registro de Contratación/select_0.5APRENDIZ ETAPA LECTIVA6APRENDIZ ETAPA PRODUCTIVA96ASISTENTE'

2022-03-29 14:16:55 - [TEST_STEP][PASSED] - selectOptionByIndex(findTestObject("Modulo Pruebas Vinculación/Crear un Registro de Contratación/select_2120 HORAS1240 HORAS0NO DEFINIDO61Pensin"), 3): All options with index in [3] are selected on object 'Object Repository/Modulo Pruebas Vinculación/Crear un Registro de Contratación/select_2120 HORAS1240 HORAS0NO DEFINIDO61Pensin'

2022-03-29 14:16:56 - [MESSAGE][PASSED] - All options with index in [3] are selected on object 'Object Repository/Modulo Pruebas Vinculación/Crear un Registro de Contratación/select_2120 HORAS1240 HORAS0NO DEFINIDO61Pensin'

2022-03-29 14:16:56 - [TEST_STEP][PASSED] - setText(findTestObject("Modulo Pruebas Vinculación/Crear un Registro de Contratación/input_Sueldo Total_form_contratacionpanelTabasignacionTotal"), "2000000"): Text '2000000' is set on object 'Object Repository/Modulo Pruebas Vinculación/Crear un Registro de Contratación/input_Sueldo Total_form_contratacionpanelTabasignacionTotal'

2022-03-29 14:16:57 - [MESSAGE][PASSED] - Text '2000000' is set on object 'Object Repository/Modulo Pruebas Vinculación/Crear un Registro de Contratación/input_Sueldo Total_form_contratacionpanelTabasignacionTotal'

2022-03-29 14:16:57 - [TEST_STEP][PASSED] - selectOptionByIndex(findTestObject("Modulo Pruebas Vinculación/Crear un Registro de Contratación/select_12kataloonkataloonNOMINA CATORCENALNOMINA CATORCENALNOMINA MENSUALNOMINA QUINCENALNOMINA SEMANAL"), "8"): All options with index in [8] are selected on object 'Object Repository/Modulo Pruebas Vinculación/Crear un Registro de Contratación/select_12kataloonkataloonNOMINA CATORCENALNOMINA CATORCENALNOMINA MENSUALNOMINA QUINCENALNOMINA SEMANAL'

2022-03-29 14:16:59 - [MESSAGE][PASSED] - All options with index in [8] are selected on object 'Object Repository/Modulo Pruebas Vinculación/Crear un Registro de Contratación/select_12kataloonkataloonNOMINA CATORCENALNOMINA CATORCENALNOMINA MENSUALNOMINA QUINCENALNOMINA SEMANAL'

2022-03-29 14:16:59 - [TEST_STEP][PASSED] - setText(findTestObject("Modulo Pruebas Vinculación/Crear un Registro de Contratación/input_Sueldo_form_contratacionpanelTabasignacion"), "1000000"): Text '1000000' is set on object 'Object Repository/Modulo Pruebas Vinculación/Crear un Registro de Contratación/input_Sueldo_form_contratacionpanelTabasignacion'

2022-03-29 14:17:00 - [MESSAGE][PASSED] - Text '1000000' is set on object 'Object Repository/Modulo Pruebas Vinculación/Crear un Registro de Contratación/input_Sueldo_form_contratacionpanelTabasignacion'

2022-03-29 14:17:00 - [TEST_STEP][PASSED] - setText(findTestObject("Modulo Pruebas Vinculación/Crear un Registro de Contratación/input_Fecha de Ingreso_form_contratacionpanelTabfechaIngreso_input"), "01/07/2021"): Text '01/07/2021' is set on object 'Object Repository/Modulo Pruebas Vinculación/Crear un Registro de Contratación/input_Fecha de Ingreso_form_contratacionpanelTabfechaIngreso_input'

2022-03-29 14:17:01 - [MESSAGE][PASSED] - Text '01/07/2021' is set on object 'Object Repository/Modulo Pruebas Vinculación/Crear un Registro de Contratación/input_Fecha de Ingreso_form_contratacionpanelTabfechaIngreso_input'

2022-03-29 14:17:01 - [TEST_STEP][PASSED] - selectOptionByIndex(findTestObject("Modulo Pruebas Vinculación/Crear un Registro de Contratación/select_--Seleccione--EmpalmeNormal"), 2): All options with index in [2] are selected on object 'Object Repository/Modulo Pruebas Vinculación/Crear un Registro de Contratación/select_--Seleccione--EmpalmeNormal'

2022-03-29 14:17:02 - [MESSAGE][PASSED] - All options with index in [2] are selected on object 'Object Repository/Modulo Pruebas Vinculación/Crear un Registro de Contratación/select_--Seleccione--EmpalmeNormal'

2022-03-29 14:17:02 - [TEST_STEP][PASSED] - click(findTestObject("Modulo Pruebas Vinculación/Crear un Registro de Contratación/span_Unidad_btn_popupInformacion")): Object: 'Object Repository/Modulo Pruebas Vinculación/Crear un Registro de Contratación/span_Unidad_btn_popupInformacion' is clicked on

2022-03-29 14:17:03 - [MESSAGE][PASSED] - Object: 'Object Repository/Modulo Pruebas Vinculación/Crear un Registro de Contratación/span_Unidad_btn_popupInformacion' is clicked on

2022-03-29 14:17:03 - [TEST_STEP][PASSED] - setText(findTestObject("Modulo Pruebas Vinculación/Crear un Registro de Contratación/input_Unidad Organizacional_formPopUpUnidaddescripciones"), "ADMINISTRACION"): Text 'ADMINISTRACION' is set on object 'Object Repository/Modulo Pruebas Vinculación/Crear un Registro de Contratación/input_Unidad Organizacional_formPopUpUnidaddescripciones'

2022-03-29 14:17:04 - [MESSAGE][PASSED] - Text 'ADMINISTRACION' is set on object 'Object Repository/Modulo Pruebas Vinculación/Crear un Registro de Contratación/input_Unidad Organizacional_formPopUpUnidaddescripciones'

2022-03-29 14:17:04 - [TEST_STEP][PASSED] - sendKeys(findTestObject("Modulo Pruebas Vinculación/Crear un Registro de Contratación/input_Unidad Organizacional_formPopUpUnidaddescripciones"), Keys.chord(ENTER)): Keys 'ENTER + ' sent to object: 'Object Repository/Modulo Pruebas Vinculación/Crear un Registro de Contratación/input_Unidad Organizacional_formPopUpUnidaddescripciones'

2022-03-29 14:17:05 - [MESSAGE][PASSED] - Keys 'ENTER + ' sent to object: 'Object Repository/Modulo Pruebas Vinculación/Crear un Registro de Contratación/input_Unidad Organizacional_formPopUpUnidaddescripciones'

2022-03-29 14:17:05 - [TEST_STEP][PASSED] - click(findTestObject("Modulo Pruebas Vinculación/Crear un Registro de Contratación/span_ADMINISTRACION")): Object: 'Object Repository/Modulo Pruebas Vinculación/Crear un Registro de Contratación/span_ADMINISTRACION' is clicked on

2022-03-29 14:17:06 - [MESSAGE][PASSED] - Object: 'Object Repository/Modulo Pruebas Vinculación/Crear un Registro de Contratación/span_ADMINISTRACION' is clicked on

2022-03-29 14:17:06 - [TEST_STEP][PASSED] - click(findTestObject("Modulo Pruebas Vinculación/Crear un Registro de Contratación/span_Cargo_btn_popupInformacion")): Object: 'Object Repository/Modulo Pruebas Vinculación/Crear un Registro de Contratación/span_Cargo_btn_popupInformacion' is clicked on

2022-03-29 14:17:07 - [MESSAGE][PASSED] - Object: 'Object Repository/Modulo Pruebas Vinculación/Crear un Registro de Contratación/span_Cargo_btn_popupInformacion' is clicked on

2022-03-29 14:17:07 - [TEST_STEP][PASSED] - setText(findTestObject("Modulo Pruebas Vinculación/Crear un Registro de Contratación/input_Cargo_popupCargo_Formj_idt1354"), "ABOGADO"): Text 'ABOGADO' is set on object 'Object Repository/Modulo Pruebas Vinculación/Crear un Registro de Contratación/input_Cargo_popupCargo_Formj_idt1354'

2022-03-29 14:17:08 - [MESSAGE][PASSED] - Text 'ABOGADO' is set on object 'Object Repository/Modulo Pruebas Vinculación/Crear un Registro de Contratación/input_Cargo_popupCargo_Formj_idt1354'

2022-03-29 14:17:08 - [TEST_STEP][PASSED] - sendKeys(findTestObject("Modulo Pruebas Vinculación/Crear un Registro de Contratación/input_Cargo_popupCargo_Formj_idt1354"), Keys.chord(ENTER)): Keys 'ENTER + ' sent to object: 'Object Repository/Modulo Pruebas Vinculación/Crear un Registro de Contratación/input_Cargo_popupCargo_Formj_idt1354'

2022-03-29 14:17:09 - [MESSAGE][PASSED] - Keys 'ENTER + ' sent to object: 'Object Repository/Modulo Pruebas Vinculación/Crear un Registro de Contratación/input_Cargo_popupCargo_Formj_idt1354'

2022-03-29 14:17:09 - [TEST_STEP][PASSED] - click(findTestObject("Modulo Pruebas Vinculación/Crear un Registro de Contratación/span_ABOGADO")): Object: 'Object Repository/Modulo Pruebas Vinculación/Crear un Registro de Contratación/span_ABOGADO' is clicked on

2022-03-29 14:17:10 - [MESSAGE][PASSED] - Object: 'Object Repository/Modulo Pruebas Vinculación/Crear un Registro de Contratación/span_ABOGADO' is clicked on

2022-03-29 14:17:10 - [TEST_STEP][PASSED] - click(findTestObject("Modulo Pruebas Vinculación/Crear un Registro de Contratación/span_Zona Econmica_btn_popupInformacion")): Object: 'Object Repository/Modulo Pruebas Vinculación/Crear un Registro de Contratación/span_Zona Econmica_btn_popupInformacion' is clicked on

2022-03-29 14:17:10 - [MESSAGE][PASSED] - Object: 'Object Repository/Modulo Pruebas Vinculación/Crear un Registro de Contratación/span_Zona Econmica_btn_popupInformacion' is clicked on

2022-03-29 14:17:10 - [TEST_STEP][PASSED] - click(findTestObject("Modulo Pruebas Vinculación/Crear un Registro de Contratación/span_ADMINISTRATIVA")): Object: 'Object Repository/Modulo Pruebas Vinculación/Crear un Registro de Contratación/span_ADMINISTRATIVA' is clicked on

2022-03-29 14:17:11 - [MESSAGE][PASSED] - Object: 'Object Repository/Modulo Pruebas Vinculación/Crear un Registro de Contratación/span_ADMINISTRATIVA' is clicked on

2022-03-29 14:17:11 - [TEST_STEP][PASSED] - selectOptionByIndex(findTestObject("Modulo Pruebas Vinculación/Crear un Registro de Contratación/select_0.5APRENDIZ ETAPA LECTIVA6APRENDIZ ETAPA PRODUCTIVA96ASISTENTE"), 8): All options with index in [8] are selected on object 'Object Repository/Modulo Pruebas Vinculación/Crear un Registro de Contratación/select_0.5APRENDIZ ETAPA LECTIVA6APRENDIZ ETAPA PRODUCTIVA96ASISTENTE'

2022-03-29 14:17:13 - [MESSAGE][PASSED] - All options with index in [8] are selected on object 'Object Repository/Modulo Pruebas Vinculación/Crear un Registro de Contratación/select_0.5APRENDIZ ETAPA LECTIVA6APRENDIZ ETAPA PRODUCTIVA96ASISTENTE'

2022-03-29 14:17:13 - [TEST_STEP][PASSED] - click(findTestObject("Modulo Pruebas Vinculación/Crear un Registro de Contratación/span_Ubicacin Fsica_btn_popupInformacion")): Object: 'Object Repository/Modulo Pruebas Vinculación/Crear un Registro de Contratación/span_Ubicacin Fsica_btn_popupInformacion' is clicked on

2022-03-29 14:17:13 - [MESSAGE][PASSED] - Object: 'Object Repository/Modulo Pruebas Vinculación/Crear un Registro de Contratación/span_Ubicacin Fsica_btn_popupInformacion' is clicked on

2022-03-29 14:17:13 - [TEST_STEP][PASSED] - setText(findTestObject("Modulo Pruebas Vinculación/Crear un Registro de Contratación/input_Ubicacin Fsica_j_idt1379parametroBusquedaUbicacion"), "BOGOTÁ"): Text 'BOGOTÁ' is set on object 'Object Repository/Modulo Pruebas Vinculación/Crear un Registro de Contratación/input_Ubicacin Fsica_j_idt1379parametroBusquedaUbicacion'

2022-03-29 14:17:15 - [MESSAGE][PASSED] - Text 'BOGOTÁ' is set on object 'Object Repository/Modulo Pruebas Vinculación/Crear un Registro de Contratación/input_Ubicacin Fsica_j_idt1379parametroBusquedaUbicacion'

2022-03-29 14:17:15 - [TEST_STEP][PASSED] - sendKeys(findTestObject("Modulo Pruebas Vinculación/Crear un Registro de Contratación/input_Ubicacin Fsica_j_idt1379parametroBusquedaUbicacion"), Keys.chord(ENTER)): Keys 'ENTER + ' sent to object: 'Object Repository/Modulo Pruebas Vinculación/Crear un Registro de Contratación/input_Ubicacin Fsica_j_idt1379parametroBusquedaUbicacion'

2022-03-29 14:17:15 - [MESSAGE][PASSED] - Keys 'ENTER + ' sent to object: 'Object Repository/Modulo Pruebas Vinculación/Crear un Registro de Contratación/input_Ubicacin Fsica_j_idt1379parametroBusquedaUbicacion'

2022-03-29 14:17:15 - [TEST_STEP][PASSED] - click(findTestObject("Modulo Pruebas Vinculación/Crear un Registro de Contratación/span_BOGOT")): Object: 'Object Repository/Modulo Pruebas Vinculación/Crear un Registro de Contratación/span_BOGOT' is clicked on

2022-03-29 14:17:16 - [MESSAGE][PASSED] - Object: 'Object Repository/Modulo Pruebas Vinculación/Crear un Registro de Contratación/span_BOGOT' is clicked on

2022-03-29 14:17:16 - [TEST_STEP][PASSED] - selectOptionByIndex(findTestObject("Modulo Pruebas Vinculación/Crear un Registro de Contratación/select_-- Seleccione Linea --ADMINISTRATIVONO RELACIONADASUBCENTROS"), 1): All options with index in [1] are selected on object 'Object Repository/Modulo Pruebas Vinculación/Crear un Registro de Contratación/select_-- Seleccione Linea --ADMINISTRATIVONO RELACIONADASUBCENTROS'

2022-03-29 14:17:18 - [MESSAGE][PASSED] - All options with index in [1] are selected on object 'Object Repository/Modulo Pruebas Vinculación/Crear un Registro de Contratación/select_-- Seleccione Linea --ADMINISTRATIVONO RELACIONADASUBCENTROS'

2022-03-29 14:17:18 - [TEST_STEP][PASSED] - selectOptionByIndex(findTestObject("Modulo Pruebas Vinculación/Crear un Registro de Contratación/select_--Seleccione--EmpalmeNormal"), 2): All options with index in [2] are selected on object 'Object Repository/Modulo Pruebas Vinculación/Crear un Registro de Contratación/select_--Seleccione--EmpalmeNormal'

2022-03-29 14:17:19 - [MESSAGE][PASSED] - All options with index in [2] are selected on object 'Object Repository/Modulo Pruebas Vinculación/Crear un Registro de Contratación/select_--Seleccione--EmpalmeNormal'

2022-03-29 14:17:19 - [TEST_STEP][PASSED] - selectOptionByIndex(findTestObject("Modulo Pruebas Vinculación/Crear un Registro de Contratación/select_12kataloonkataloonNOMINA CATORCENALNOMINA"), 8): All options with index in [8] are selected on object 'Object Repository/Modulo Pruebas Vinculación/Crear un Registro de Contratación/select_12kataloonkataloonNOMINA CATORCENALNOMINA'

2022-03-29 14:17:20 - [MESSAGE][PASSED] - All options with index in [8] are selected on object 'Object Repository/Modulo Pruebas Vinculación/Crear un Registro de Contratación/select_12kataloonkataloonNOMINA CATORCENALNOMINA'

2022-03-29 14:17:20 - [TEST_STEP][PASSED] - click(findTestObject("Modulo Pruebas Vinculación/Crear un Registro de Contratación/a_Guardar")): Object: 'Object Repository/Modulo Pruebas Vinculación/Crear un Registro de Contratación/a_Guardar' is clicked on

2022-03-29 14:17:21 - [MESSAGE][PASSED] - Object: 'Object Repository/Modulo Pruebas Vinculación/Crear un Registro de Contratación/a_Guardar' is clicked on

2022-03-29 14:17:21 - [TEST_STEP][PASSED] - closeBrowser(): Browser is closed

2022-03-29 14:17:22 - [MESSAGE][PASSED] - Browser is closed]]></system-out>
         <system-err><![CDATA[]]></system-err>
      </testcase>
      <testcase name="Test Cases/1.2-Tareas_Secundarias/7.1-Pruebas_Vinculación/7.1.5-Validar_la_creación_del_Registro_de_Contratación_por_BPM" time="22.164" classname="Test Cases/1.2-Tareas_Secundarias/7.1-Pruebas_Vinculación/7.1.5-Validar_la_creación_del_Registro_de_Contratación_por_BPM" status="PASSED">
         <system-out><![CDATA[2022-03-29 14:17:22 - [TEST_CASE][PASSED] - Test Cases/1.2-Tareas_Secundarias/7.1-Pruebas_Vinculación/7.1.5-Validar_la_creación_del_Registro_de_Contratación_por_BPM: Test Cases/1.2-Tareas_Secundarias/7.1-Pruebas_Vinculación/7.1.5-Validar_la_creación_del_Registro_de_Contratación_por_BPM

2022-03-29 14:17:22 - [TEST_STEP][PASSED] - callTestCase(findTestCase("0.1-Login"), [:], STOP_ON_FAILURE): Call Test Case 'Test Cases/0.1-Login' successfully

2022-03-29 14:17:22 - [TEST_CASE][PASSED] - Test Cases/0.1-Login: Test Cases/0.1-Login

2022-03-29 14:17:22 - [TEST_STEP][PASSED] - openBrowser(""): Browser is opened with url: ''

2022-03-29 14:17:22 - [MESSAGE][INFO] - Starting 'Chrome' driver

2022-03-29 14:17:22 - [MESSAGE][INFO] - Action delay is set to 50 milliseconds

2022-03-29 14:17:23 - [MESSAGE][PASSED] - Browser is opened with url: ''

2022-03-29 14:17:23 - [TEST_STEP][PASSED] - maximizeWindow(): Current window maximized

2022-03-29 14:17:23 - [MESSAGE][PASSED] - Current window maximized

2022-03-29 14:17:23 - [TEST_STEP][PASSED] - i = G_Login: null

2022-03-29 14:17:23 - [TEST_STEP][PASSED] - url = new java.net.URL(i): null

2022-03-29 14:17:23 - [TEST_STEP][PASSED] - println("URL: " + url.toString()): null

2022-03-29 14:17:23 - [TEST_STEP][PASSED] - connection = url.openConnection(): null

2022-03-29 14:17:23 - [TEST_STEP][PASSED] - connection.setRequestMethod("GET"): null

2022-03-29 14:17:23 - [TEST_STEP][PASSED] - connection.setReadTimeout(2 * 1000): null

2022-03-29 14:17:23 - [TEST_STEP][PASSED] - try: null

2022-03-29 14:17:23 - [TEST_STEP][PASSED] - connection.connect(): null

2022-03-29 14:17:23 - [TEST_STEP][PASSED] - flag = connected: null

2022-03-29 14:17:23 - [TEST_STEP][PASSED] - println("Valor_ori: " + flag): null

2022-03-29 14:17:23 - [TEST_STEP][PASSED] - if (flag): null

2022-03-29 14:17:23 - [TEST_STEP][PASSED] - navigateToUrl(i): Navigate to 'http://192.168.2.19:8380/saraweb' successfully

2022-03-29 14:17:24 - [MESSAGE][PASSED] - Navigate to 'http://192.168.2.19:8380/saraweb' successfully

2022-03-29 14:17:24 - [TEST_STEP][PASSED] - a(): null

2022-03-29 14:17:24 - [TEST_STEP][PASSED] - setText(findTestObject("Login/input_USUARIO_loginusuario"), G_Usuario): Text 'saraadmin' is set on object 'Object Repository/Login/input_USUARIO_loginusuario'

2022-03-29 14:17:25 - [MESSAGE][PASSED] - Text 'saraadmin' is set on object 'Object Repository/Login/input_USUARIO_loginusuario'

2022-03-29 14:17:25 - [TEST_STEP][PASSED] - setEncryptedText(findTestObject("Login/input_CLAVE_loginpassword"), "MkG4/TYiCFC3cb2driP7+Q=="): Text ****** has been set on object 'Object Repository/Login/input_CLAVE_loginpassword'

2022-03-29 14:17:26 - [MESSAGE][PASSED] - Text ****** has been set on object 'Object Repository/Login/input_CLAVE_loginpassword'

2022-03-29 14:17:26 - [TEST_STEP][PASSED] - waitForElementClickable(findTestObject("Login/a_Ingresar"), G_TimeOut): Object 'Object Repository/Login/a_Ingresar' is clickable

2022-03-29 14:17:26 - [MESSAGE][PASSED] - Object 'Object Repository/Login/a_Ingresar' is clickable

2022-03-29 14:17:26 - [TEST_STEP][PASSED] - click(findTestObject("Login/a_Ingresar")): Object: 'Object Repository/Login/a_Ingresar' is clicked on

2022-03-29 14:17:28 - [MESSAGE][PASSED] - Object: 'Object Repository/Login/a_Ingresar' is clicked on

2022-03-29 14:17:28 - [TEST_STEP][PASSED] - element = findWebElement(findTestObject("Login/a_Ir"), 30): null

2022-03-29 14:17:28 - [TEST_STEP][PASSED] - executeJavaScript("arguments[0].click()", Arrays.asList(element)): Execute JavaScript 'arguments[0].click()' successfully

2022-03-29 14:17:28 - [MESSAGE][PASSED] - Execute JavaScript 'arguments[0].click()' successfully

2022-03-29 14:17:28 - [MESSAGE][PASSED] - Call Test Case 'Test Cases/0.1-Login' successfully

2022-03-29 14:17:28 - [TEST_STEP][PASSED] - setText(findTestObject("Modulo Pruebas Vinculación/Validar_la_creación_del_Registro_de_Contratación_por_BPM/input_Empresa 1_form_templatej_idt24_input"), "proceso de seleccion"): Text 'proceso de seleccion' is set on object 'Object Repository/Modulo Pruebas Vinculación/Validar_la_creación_del_Registro_de_Contratación_por_BPM/input_Empresa 1_form_templatej_idt24_input'

2022-03-29 14:17:29 - [MESSAGE][PASSED] - Text 'proceso de seleccion' is set on object 'Object Repository/Modulo Pruebas Vinculación/Validar_la_creación_del_Registro_de_Contratación_por_BPM/input_Empresa 1_form_templatej_idt24_input'

2022-03-29 14:17:29 - [TEST_STEP][PASSED] - click(findTestObject("Modulo Pruebas Vinculación/Validar_la_creación_del_Registro_de_Contratación_por_BPM/span_Proceso de Seleccion")): Object: 'Object Repository/Modulo Pruebas Vinculación/Validar_la_creación_del_Registro_de_Contratación_por_BPM/span_Proceso de Seleccion' is clicked on

2022-03-29 14:17:31 - [MESSAGE][PASSED] - Object: 'Object Repository/Modulo Pruebas Vinculación/Validar_la_creación_del_Registro_de_Contratación_por_BPM/span_Proceso de Seleccion' is clicked on

2022-03-29 14:17:31 - [TEST_STEP][PASSED] - click(findTestObject("Modulo Pruebas Vinculación/Validar_la_creación_del_Registro_de_Contratación_por_BPM/a_Nuevo")): Object: 'Object Repository/Modulo Pruebas Vinculación/Validar_la_creación_del_Registro_de_Contratación_por_BPM/a_Nuevo' is clicked on

2022-03-29 14:17:32 - [MESSAGE][PASSED] - Object: 'Object Repository/Modulo Pruebas Vinculación/Validar_la_creación_del_Registro_de_Contratación_por_BPM/a_Nuevo' is clicked on

2022-03-29 14:17:32 - [TEST_STEP][PASSED] - selectOptionByIndex(findTestObject("Modulo Pruebas Vinculación/Validar_la_creación_del_Registro_de_Contratación_por_BPM/select_SeleccionarSiNo"), 2): All options with index in [2] are selected on object 'Object Repository/Modulo Pruebas Vinculación/Validar_la_creación_del_Registro_de_Contratación_por_BPM/select_SeleccionarSiNo'

2022-03-29 14:17:33 - [MESSAGE][PASSED] - All options with index in [2] are selected on object 'Object Repository/Modulo Pruebas Vinculación/Validar_la_creación_del_Registro_de_Contratación_por_BPM/select_SeleccionarSiNo'

2022-03-29 14:17:33 - [TEST_STEP][PASSED] - selectOptionByIndex(findTestObject("Modulo Pruebas Vinculación/Validar_la_creación_del_Registro_de_Contratación_por_BPM/select_--Seleccione--CALIDADMENSUAL ABCMODELO EMPRESA QUINCENALPANSIONADOSPENSIONADOS BASEPRUEBAS"), 1): All options with index in [1] are selected on object 'Object Repository/Modulo Pruebas Vinculación/Validar_la_creación_del_Registro_de_Contratación_por_BPM/select_--Seleccione--CALIDADMENSUAL ABCMODELO EMPRESA QUINCENALPANSIONADOSPENSIONADOS BASEPRUEBAS'

2022-03-29 14:17:35 - [MESSAGE][PASSED] - All options with index in [1] are selected on object 'Object Repository/Modulo Pruebas Vinculación/Validar_la_creación_del_Registro_de_Contratación_por_BPM/select_--Seleccione--CALIDADMENSUAL ABCMODELO EMPRESA QUINCENALPANSIONADOSPENSIONADOS BASEPRUEBAS'

2022-03-29 14:17:35 - [TEST_STEP][PASSED] - click(findTestObject("Modulo Pruebas Vinculación/Validar_la_creación_del_Registro_de_Contratación_por_BPM/a_Unidad Organizacional_popupConfirmacionRequerimientoj_idt132")): Object: 'Object Repository/Modulo Pruebas Vinculación/Validar_la_creación_del_Registro_de_Contratación_por_BPM/a_Unidad Organizacional_popupConfirmacionRequerimientoj_idt132' is clicked on

2022-03-29 14:17:36 - [MESSAGE][PASSED] - Object: 'Object Repository/Modulo Pruebas Vinculación/Validar_la_creación_del_Registro_de_Contratación_por_BPM/a_Unidad Organizacional_popupConfirmacionRequerimientoj_idt132' is clicked on

2022-03-29 14:17:36 - [TEST_STEP][PASSED] - setText(findTestObject("Modulo Pruebas Vinculación/Validar_la_creación_del_Registro_de_Contratación_por_BPM/input_Unidad Organizacional_formPopUpUnidaddescripciones"), "ADMINISTRACION"): Text 'ADMINISTRACION' is set on object 'Object Repository/Modulo Pruebas Vinculación/Validar_la_creación_del_Registro_de_Contratación_por_BPM/input_Unidad Organizacional_formPopUpUnidaddescripciones'

2022-03-29 14:17:37 - [MESSAGE][PASSED] - Text 'ADMINISTRACION' is set on object 'Object Repository/Modulo Pruebas Vinculación/Validar_la_creación_del_Registro_de_Contratación_por_BPM/input_Unidad Organizacional_formPopUpUnidaddescripciones'

2022-03-29 14:17:37 - [TEST_STEP][PASSED] - sendKeys(findTestObject("Modulo Pruebas Vinculación/Validar_la_creación_del_Registro_de_Contratación_por_BPM/input_Unidad Organizacional_formPopUpUnidaddescripciones"), Keys.chord(ENTER)): Keys 'ENTER + ' sent to object: 'Object Repository/Modulo Pruebas Vinculación/Validar_la_creación_del_Registro_de_Contratación_por_BPM/input_Unidad Organizacional_formPopUpUnidaddescripciones'

2022-03-29 14:17:37 - [MESSAGE][PASSED] - Keys 'ENTER + ' sent to object: 'Object Repository/Modulo Pruebas Vinculación/Validar_la_creación_del_Registro_de_Contratación_por_BPM/input_Unidad Organizacional_formPopUpUnidaddescripciones'

2022-03-29 14:17:37 - [TEST_STEP][PASSED] - click(findTestObject("Modulo Pruebas Vinculación/Validar_la_creación_del_Registro_de_Contratación_por_BPM/span_ADMINISTRACION")): Object: 'Object Repository/Modulo Pruebas Vinculación/Validar_la_creación_del_Registro_de_Contratación_por_BPM/span_ADMINISTRACION' is clicked on

2022-03-29 14:17:38 - [MESSAGE][PASSED] - Object: 'Object Repository/Modulo Pruebas Vinculación/Validar_la_creación_del_Registro_de_Contratación_por_BPM/span_ADMINISTRACION' is clicked on

2022-03-29 14:17:38 - [TEST_STEP][PASSED] - click(findTestObject("Modulo Pruebas Vinculación/Validar_la_creación_del_Registro_de_Contratación_por_BPM/a_Cargo_popupConfirmacionRequerimientoj_idt136")): Object: 'Object Repository/Modulo Pruebas Vinculación/Validar_la_creación_del_Registro_de_Contratación_por_BPM/a_Cargo_popupConfirmacionRequerimientoj_idt136' is clicked on

2022-03-29 14:17:39 - [MESSAGE][PASSED] - Object: 'Object Repository/Modulo Pruebas Vinculación/Validar_la_creación_del_Registro_de_Contratación_por_BPM/a_Cargo_popupConfirmacionRequerimientoj_idt136' is clicked on

2022-03-29 14:17:39 - [TEST_STEP][PASSED] - setText(findTestObject("Modulo Pruebas Vinculación/Validar_la_creación_del_Registro_de_Contratación_por_BPM/input_Cargo_popupCargo_Formj_idt668"), "ABOGADO"): Text 'ABOGADO' is set on object 'Object Repository/Modulo Pruebas Vinculación/Validar_la_creación_del_Registro_de_Contratación_por_BPM/input_Cargo_popupCargo_Formj_idt668'

2022-03-29 14:17:40 - [MESSAGE][PASSED] - Text 'ABOGADO' is set on object 'Object Repository/Modulo Pruebas Vinculación/Validar_la_creación_del_Registro_de_Contratación_por_BPM/input_Cargo_popupCargo_Formj_idt668'

2022-03-29 14:17:40 - [TEST_STEP][PASSED] - sendKeys(findTestObject("Modulo Pruebas Vinculación/Validar_la_creación_del_Registro_de_Contratación_por_BPM/input_Cargo_popupCargo_Formj_idt668"), Keys.chord(ENTER)): Keys 'ENTER + ' sent to object: 'Object Repository/Modulo Pruebas Vinculación/Validar_la_creación_del_Registro_de_Contratación_por_BPM/input_Cargo_popupCargo_Formj_idt668'

2022-03-29 14:17:41 - [MESSAGE][PASSED] - Keys 'ENTER + ' sent to object: 'Object Repository/Modulo Pruebas Vinculación/Validar_la_creación_del_Registro_de_Contratación_por_BPM/input_Cargo_popupCargo_Formj_idt668'

2022-03-29 14:17:41 - [TEST_STEP][PASSED] - click(findTestObject("Modulo Pruebas Vinculación/Validar_la_creación_del_Registro_de_Contratación_por_BPM/span_ABOGADO")): Object: 'Object Repository/Modulo Pruebas Vinculación/Validar_la_creación_del_Registro_de_Contratación_por_BPM/span_ABOGADO' is clicked on

2022-03-29 14:17:42 - [MESSAGE][PASSED] - Object: 'Object Repository/Modulo Pruebas Vinculación/Validar_la_creación_del_Registro_de_Contratación_por_BPM/span_ABOGADO' is clicked on

2022-03-29 14:17:42 - [TEST_STEP][PASSED] - selectOptionByIndex(findTestObject("Modulo Pruebas Vinculación/Validar_la_creación_del_Registro_de_Contratación_por_BPM/select_--Seleccione--Primer Modelo Seleccin R. Modelo Etapa"), 1): All options with index in [1] are selected on object 'Object Repository/Modulo Pruebas Vinculación/Validar_la_creación_del_Registro_de_Contratación_por_BPM/select_--Seleccione--Primer Modelo Seleccin R. Modelo Etapa'

2022-03-29 14:17:43 - [MESSAGE][PASSED] - All options with index in [1] are selected on object 'Object Repository/Modulo Pruebas Vinculación/Validar_la_creación_del_Registro_de_Contratación_por_BPM/select_--Seleccione--Primer Modelo Seleccin R. Modelo Etapa'

2022-03-29 14:17:43 - [TEST_STEP][PASSED] - click(findTestObject("Modulo Pruebas Vinculación/Validar_la_creación_del_Registro_de_Contratación_por_BPM/a_Continuar")): Object: 'Object Repository/Modulo Pruebas Vinculación/Validar_la_creación_del_Registro_de_Contratación_por_BPM/a_Continuar' is clicked on

2022-03-29 14:17:44 - [MESSAGE][PASSED] - Object: 'Object Repository/Modulo Pruebas Vinculación/Validar_la_creación_del_Registro_de_Contratación_por_BPM/a_Continuar' is clicked on]]></system-out>
         <system-err><![CDATA[]]></system-err>
      </testcase>
      <testcase name="Test Cases/1.2-Tareas_Secundarias/7.1-Pruebas_Vinculación/7.1.6-Validar_Documentos" time="24.463" classname="Test Cases/1.2-Tareas_Secundarias/7.1-Pruebas_Vinculación/7.1.6-Validar_Documentos" status="PASSED">
         <system-out><![CDATA[2022-03-29 14:17:44 - [TEST_CASE][PASSED] - Test Cases/1.2-Tareas_Secundarias/7.1-Pruebas_Vinculación/7.1.6-Validar_Documentos: Test Cases/1.2-Tareas_Secundarias/7.1-Pruebas_Vinculación/7.1.6-Validar_Documentos

2022-03-29 14:17:44 - [TEST_STEP][PASSED] - callTestCase(findTestCase("0.1-Login"), [:], STOP_ON_FAILURE): Call Test Case 'Test Cases/0.1-Login' successfully

2022-03-29 14:17:44 - [TEST_CASE][PASSED] - Test Cases/0.1-Login: Test Cases/0.1-Login

2022-03-29 14:17:44 - [TEST_STEP][PASSED] - openBrowser(""): Browser is opened with url: ''

2022-03-29 14:17:44 - [MESSAGE][WARNING] - A browser is already opened. Closing browser and opening a new one

2022-03-29 14:17:45 - [MESSAGE][INFO] - Starting 'Chrome' driver

2022-03-29 14:17:45 - [MESSAGE][INFO] - Action delay is set to 50 milliseconds

2022-03-29 14:17:46 - [MESSAGE][PASSED] - Browser is opened with url: ''

2022-03-29 14:17:46 - [TEST_STEP][PASSED] - maximizeWindow(): Current window maximized

2022-03-29 14:17:47 - [MESSAGE][PASSED] - Current window maximized

2022-03-29 14:17:47 - [TEST_STEP][PASSED] - i = G_Login: null

2022-03-29 14:17:47 - [TEST_STEP][PASSED] - url = new java.net.URL(i): null

2022-03-29 14:17:47 - [TEST_STEP][PASSED] - println("URL: " + url.toString()): null

2022-03-29 14:17:47 - [TEST_STEP][PASSED] - connection = url.openConnection(): null

2022-03-29 14:17:47 - [TEST_STEP][PASSED] - connection.setRequestMethod("GET"): null

2022-03-29 14:17:47 - [TEST_STEP][PASSED] - connection.setReadTimeout(2 * 1000): null

2022-03-29 14:17:47 - [TEST_STEP][PASSED] - try: null

2022-03-29 14:17:47 - [TEST_STEP][PASSED] - connection.connect(): null

2022-03-29 14:17:47 - [TEST_STEP][PASSED] - flag = connected: null

2022-03-29 14:17:47 - [TEST_STEP][PASSED] - println("Valor_ori: " + flag): null

2022-03-29 14:17:47 - [TEST_STEP][PASSED] - if (flag): null

2022-03-29 14:17:47 - [TEST_STEP][PASSED] - navigateToUrl(i): Navigate to 'http://192.168.2.19:8380/saraweb' successfully

2022-03-29 14:17:47 - [MESSAGE][PASSED] - Navigate to 'http://192.168.2.19:8380/saraweb' successfully

2022-03-29 14:17:47 - [TEST_STEP][PASSED] - a(): null

2022-03-29 14:17:47 - [TEST_STEP][PASSED] - setText(findTestObject("Login/input_USUARIO_loginusuario"), G_Usuario): Text 'saraadmin' is set on object 'Object Repository/Login/input_USUARIO_loginusuario'

2022-03-29 14:17:48 - [MESSAGE][PASSED] - Text 'saraadmin' is set on object 'Object Repository/Login/input_USUARIO_loginusuario'

2022-03-29 14:17:48 - [TEST_STEP][PASSED] - setEncryptedText(findTestObject("Login/input_CLAVE_loginpassword"), "MkG4/TYiCFC3cb2driP7+Q=="): Text ****** has been set on object 'Object Repository/Login/input_CLAVE_loginpassword'

2022-03-29 14:17:49 - [MESSAGE][PASSED] - Text ****** has been set on object 'Object Repository/Login/input_CLAVE_loginpassword'

2022-03-29 14:17:49 - [TEST_STEP][PASSED] - waitForElementClickable(findTestObject("Login/a_Ingresar"), G_TimeOut): Object 'Object Repository/Login/a_Ingresar' is clickable

2022-03-29 14:17:49 - [MESSAGE][PASSED] - Object 'Object Repository/Login/a_Ingresar' is clickable

2022-03-29 14:17:49 - [TEST_STEP][PASSED] - click(findTestObject("Login/a_Ingresar")): Object: 'Object Repository/Login/a_Ingresar' is clicked on

2022-03-29 14:17:51 - [MESSAGE][PASSED] - Object: 'Object Repository/Login/a_Ingresar' is clicked on

2022-03-29 14:17:51 - [TEST_STEP][PASSED] - element = findWebElement(findTestObject("Login/a_Ir"), 30): null

2022-03-29 14:17:51 - [TEST_STEP][PASSED] - executeJavaScript("arguments[0].click()", Arrays.asList(element)): Execute JavaScript 'arguments[0].click()' successfully

2022-03-29 14:17:51 - [MESSAGE][PASSED] - Execute JavaScript 'arguments[0].click()' successfully

2022-03-29 14:17:51 - [MESSAGE][PASSED] - Call Test Case 'Test Cases/0.1-Login' successfully

2022-03-29 14:17:51 - [TEST_STEP][PASSED] - setText(findTestObject("Modulo Pruebas Vinculación/Validar_Documentos/input_Empresa 1_form_templatej_idt24_input"), "listado contratacion"): Text 'listado contratacion' is set on object 'Object Repository/Modulo Pruebas Vinculación/Validar_Documentos/input_Empresa 1_form_templatej_idt24_input'

2022-03-29 14:17:52 - [MESSAGE][PASSED] - Text 'listado contratacion' is set on object 'Object Repository/Modulo Pruebas Vinculación/Validar_Documentos/input_Empresa 1_form_templatej_idt24_input'

2022-03-29 14:17:52 - [TEST_STEP][PASSED] - click(findTestObject("Modulo Pruebas Vinculación/Validar_Documentos/li_Listado Contratacion (tal)")): Object: 'Object Repository/Modulo Pruebas Vinculación/Validar_Documentos/li_Listado Contratacion (tal)' is clicked on

2022-03-29 14:17:54 - [MESSAGE][PASSED] - Object: 'Object Repository/Modulo Pruebas Vinculación/Validar_Documentos/li_Listado Contratacion (tal)' is clicked on

2022-03-29 14:17:54 - [TEST_STEP][PASSED] - if (waitForElementVisible(findTestObject("Modulo Pruebas Vinculación/Validar_Documentos/td_A A A - Copy"), 1)): Object 'Object Repository/Modulo Pruebas Vinculación/Validar_Documentos/a_Nombre Persona_listado_contratacionj_idt68' is visible

2022-03-29 14:17:56 - [MESSAGE][INFO] - Unable to find the element located by 'By.xpath: //*/text()[normalize-space(.)='A A A']/parent::*'. Please recheck the objects properties to make sure the desired element is located. 

2022-03-29 14:17:56 - [MESSAGE][WARNING] - Web element with id: 'Object Repository/Modulo Pruebas Vinculación/Validar_Documentos/td_A A A - Copy' located by '//*/text()[normalize-space(.)='A A A']/parent::*' not found

2022-03-29 14:17:57 - [MESSAGE][PASSED] - Object 'Object Repository/Modulo Pruebas Vinculación/Validar_Documentos/a_Nombre Persona_listado_contratacionj_idt68' is visible

2022-03-29 14:17:57 - [TEST_STEP][PASSED] - else if (waitForElementVisible(findTestObject("Modulo Pruebas Vinculación/Validar_Documentos/a_Nombre Persona_listado_contratacionj_idt68"), 1)): null

2022-03-29 14:17:57 - [TEST_STEP][PASSED] - click(findTestObject("Modulo Pruebas Vinculación/Validar_Documentos/a_Nombre Persona_listado_contratacionj_idt68")): Object: 'Object Repository/Modulo Pruebas Vinculación/Validar_Documentos/a_Nombre Persona_listado_contratacionj_idt68' is clicked on

2022-03-29 14:17:57 - [MESSAGE][PASSED] - Object: 'Object Repository/Modulo Pruebas Vinculación/Validar_Documentos/a_Nombre Persona_listado_contratacionj_idt68' is clicked on

2022-03-29 14:17:57 - [TEST_STEP][PASSED] - setText(findTestObject("Modulo Pruebas Vinculación/Validar_Documentos/input_Filtro Hoja de Vida_formPopupHojaVidaj_idt1320"), "1010220596"): Text '1010220596' is set on object 'Object Repository/Modulo Pruebas Vinculación/Validar_Documentos/input_Filtro Hoja de Vida_formPopupHojaVidaj_idt1320'

2022-03-29 14:17:58 - [MESSAGE][PASSED] - Text '1010220596' is set on object 'Object Repository/Modulo Pruebas Vinculación/Validar_Documentos/input_Filtro Hoja de Vida_formPopupHojaVidaj_idt1320'

2022-03-29 14:17:58 - [TEST_STEP][PASSED] - sendKeys(findTestObject("Modulo Pruebas Vinculación/Validar_Documentos/input_Filtro Hoja de Vida_formPopupHojaVidaj_idt1320"), Keys.chord(ENTER)): Keys 'ENTER + ' sent to object: 'Object Repository/Modulo Pruebas Vinculación/Validar_Documentos/input_Filtro Hoja de Vida_formPopupHojaVidaj_idt1320'

2022-03-29 14:17:59 - [MESSAGE][PASSED] - Keys 'ENTER + ' sent to object: 'Object Repository/Modulo Pruebas Vinculación/Validar_Documentos/input_Filtro Hoja de Vida_formPopupHojaVidaj_idt1320'

2022-03-29 14:17:59 - [TEST_STEP][PASSED] - click(findTestObject("Modulo Pruebas Vinculación/Validar_Documentos/td_A A A")): Object: 'Object Repository/Modulo Pruebas Vinculación/Validar_Documentos/td_A A A' is clicked on

2022-03-29 14:18:00 - [MESSAGE][PASSED] - Object: 'Object Repository/Modulo Pruebas Vinculación/Validar_Documentos/td_A A A' is clicked on

2022-03-29 14:18:00 - [TEST_STEP][PASSED] - click(findTestObject("Modulo Pruebas Vinculación/Validar_Documentos/td_A A A")): Object: 'Object Repository/Modulo Pruebas Vinculación/Validar_Documentos/td_A A A' is clicked on

2022-03-29 14:18:00 - [MESSAGE][PASSED] - Object: 'Object Repository/Modulo Pruebas Vinculación/Validar_Documentos/td_A A A' is clicked on

2022-03-29 14:18:00 - [TEST_STEP][PASSED] - click(findTestObject("Modulo Pruebas Vinculación/Validar_Documentos/a_Actividad")): Object: 'Object Repository/Modulo Pruebas Vinculación/Validar_Documentos/a_Actividad' is clicked on

2022-03-29 14:18:01 - [MESSAGE][PASSED] - Object: 'Object Repository/Modulo Pruebas Vinculación/Validar_Documentos/a_Actividad' is clicked on

2022-03-29 14:18:01 - [TEST_STEP][PASSED] - click(findTestObject("Modulo Pruebas Vinculación/Validar_Documentos/td_Responsable Tarea 1. Validar Documentos")): Object: 'Object Repository/Modulo Pruebas Vinculación/Validar_Documentos/td_Responsable Tarea 1. Validar Documentos' is clicked on

2022-03-29 14:18:02 - [MESSAGE][PASSED] - Object: 'Object Repository/Modulo Pruebas Vinculación/Validar_Documentos/td_Responsable Tarea 1. Validar Documentos' is clicked on

2022-03-29 14:18:02 - [TEST_STEP][PASSED] - if (waitForElementVisible(findTestObject("Modulo Pruebas Vinculación/Validar_Documentos/td_Cdula"), 1)): null

2022-03-29 14:18:03 - [MESSAGE][PASSED] - Object 'Object Repository/Modulo Pruebas Vinculación/Validar_Documentos/td_Cdula' is visible

2022-03-29 14:18:03 - [TEST_STEP][PASSED] - click(findTestObject("Modulo Pruebas Vinculación/Validar_Documentos/td_Cdula")): Object: 'Object Repository/Modulo Pruebas Vinculación/Validar_Documentos/td_Cdula' is clicked on

2022-03-29 14:18:03 - [MESSAGE][PASSED] - Object: 'Object Repository/Modulo Pruebas Vinculación/Validar_Documentos/td_Cdula' is clicked on

2022-03-29 14:18:03 - [TEST_STEP][PASSED] - selectOptionByIndex(findTestObject("Modulo Pruebas Vinculación/Validar_Documentos/select_-Seleccione-CumplidoNo AplicaNo Cumplido"), 3): All options with index in [3] are selected on object 'Object Repository/Modulo Pruebas Vinculación/Validar_Documentos/select_-Seleccione-CumplidoNo AplicaNo Cumplido'

2022-03-29 14:18:05 - [MESSAGE][PASSED] - All options with index in [3] are selected on object 'Object Repository/Modulo Pruebas Vinculación/Validar_Documentos/select_-Seleccione-CumplidoNo AplicaNo Cumplido'

2022-03-29 14:18:05 - [TEST_STEP][PASSED] - setText(findTestObject("Modulo Pruebas Vinculación/Validar_Documentos/textarea_Observacin_requisitoHoja_formobservacion"), "Pruebas katalon"): Text 'Pruebas katalon' is set on object 'Object Repository/Modulo Pruebas Vinculación/Validar_Documentos/textarea_Observacin_requisitoHoja_formobservacion'

2022-03-29 14:18:06 - [MESSAGE][PASSED] - Text 'Pruebas katalon' is set on object 'Object Repository/Modulo Pruebas Vinculación/Validar_Documentos/textarea_Observacin_requisitoHoja_formobservacion'

2022-03-29 14:18:06 - [TEST_STEP][PASSED] - click(findTestObject("Modulo Pruebas Vinculación/Validar_Documentos/a_Actualizar")): Object: 'Object Repository/Modulo Pruebas Vinculación/Validar_Documentos/a_Actualizar' is clicked on

2022-03-29 14:18:06 - [MESSAGE][PASSED] - Object: 'Object Repository/Modulo Pruebas Vinculación/Validar_Documentos/a_Actualizar' is clicked on

2022-03-29 14:18:06 - [TEST_STEP][PASSED] - click(findTestObject("Modulo Pruebas Vinculación/Validar_Documentos/a_Aplicar")): Object: 'Object Repository/Modulo Pruebas Vinculación/Validar_Documentos/a_Aplicar' is clicked on

2022-03-29 14:18:07 - [MESSAGE][PASSED] - Object: 'Object Repository/Modulo Pruebas Vinculación/Validar_Documentos/a_Aplicar' is clicked on

2022-03-29 14:18:07 - [TEST_STEP][PASSED] - closeBrowser(): Browser is closed

2022-03-29 14:18:08 - [MESSAGE][PASSED] - Browser is closed]]></system-out>
         <system-err><![CDATA[]]></system-err>
      </testcase>
      <testcase name="Test Cases/1.2-Tareas_Secundarias/7.1-Pruebas_Vinculación/7.1.7-Elaborar_Contrato" time="18.894" classname="Test Cases/1.2-Tareas_Secundarias/7.1-Pruebas_Vinculación/7.1.7-Elaborar_Contrato" status="PASSED">
         <system-out><![CDATA[2022-03-29 14:18:08 - [TEST_CASE][PASSED] - Test Cases/1.2-Tareas_Secundarias/7.1-Pruebas_Vinculación/7.1.7-Elaborar_Contrato: Test Cases/1.2-Tareas_Secundarias/7.1-Pruebas_Vinculación/7.1.7-Elaborar_Contrato

2022-03-29 14:18:09 - [TEST_STEP][PASSED] - callTestCase(findTestCase("0.1-Login"), [:], STOP_ON_FAILURE): Call Test Case 'Test Cases/0.1-Login' successfully

2022-03-29 14:18:09 - [TEST_CASE][PASSED] - Test Cases/0.1-Login: Test Cases/0.1-Login

2022-03-29 14:18:09 - [TEST_STEP][PASSED] - openBrowser(""): Browser is opened with url: ''

2022-03-29 14:18:09 - [MESSAGE][INFO] - Starting 'Chrome' driver

2022-03-29 14:18:09 - [MESSAGE][INFO] - Action delay is set to 50 milliseconds

2022-03-29 14:18:10 - [MESSAGE][PASSED] - Browser is opened with url: ''

2022-03-29 14:18:10 - [TEST_STEP][PASSED] - maximizeWindow(): Current window maximized

2022-03-29 14:18:10 - [MESSAGE][PASSED] - Current window maximized

2022-03-29 14:18:10 - [TEST_STEP][PASSED] - i = G_Login: null

2022-03-29 14:18:10 - [TEST_STEP][PASSED] - url = new java.net.URL(i): null

2022-03-29 14:18:10 - [TEST_STEP][PASSED] - println("URL: " + url.toString()): null

2022-03-29 14:18:10 - [TEST_STEP][PASSED] - connection = url.openConnection(): null

2022-03-29 14:18:10 - [TEST_STEP][PASSED] - connection.setRequestMethod("GET"): null

2022-03-29 14:18:10 - [TEST_STEP][PASSED] - connection.setReadTimeout(2 * 1000): null

2022-03-29 14:18:10 - [TEST_STEP][PASSED] - try: null

2022-03-29 14:18:10 - [TEST_STEP][PASSED] - connection.connect(): null

2022-03-29 14:18:10 - [TEST_STEP][PASSED] - flag = connected: null

2022-03-29 14:18:10 - [TEST_STEP][PASSED] - println("Valor_ori: " + flag): null

2022-03-29 14:18:10 - [TEST_STEP][PASSED] - if (flag): null

2022-03-29 14:18:10 - [TEST_STEP][PASSED] - navigateToUrl(i): Navigate to 'http://192.168.2.19:8380/saraweb' successfully

2022-03-29 14:18:10 - [MESSAGE][PASSED] - Navigate to 'http://192.168.2.19:8380/saraweb' successfully

2022-03-29 14:18:10 - [TEST_STEP][PASSED] - a(): null

2022-03-29 14:18:10 - [TEST_STEP][PASSED] - setText(findTestObject("Login/input_USUARIO_loginusuario"), G_Usuario): Text 'saraadmin' is set on object 'Object Repository/Login/input_USUARIO_loginusuario'

2022-03-29 14:18:11 - [MESSAGE][PASSED] - Text 'saraadmin' is set on object 'Object Repository/Login/input_USUARIO_loginusuario'

2022-03-29 14:18:11 - [TEST_STEP][PASSED] - setEncryptedText(findTestObject("Login/input_CLAVE_loginpassword"), "MkG4/TYiCFC3cb2driP7+Q=="): Text ****** has been set on object 'Object Repository/Login/input_CLAVE_loginpassword'

2022-03-29 14:18:12 - [MESSAGE][PASSED] - Text ****** has been set on object 'Object Repository/Login/input_CLAVE_loginpassword'

2022-03-29 14:18:12 - [TEST_STEP][PASSED] - waitForElementClickable(findTestObject("Login/a_Ingresar"), G_TimeOut): Object 'Object Repository/Login/a_Ingresar' is clickable

2022-03-29 14:18:12 - [MESSAGE][PASSED] - Object 'Object Repository/Login/a_Ingresar' is clickable

2022-03-29 14:18:12 - [TEST_STEP][PASSED] - click(findTestObject("Login/a_Ingresar")): Object: 'Object Repository/Login/a_Ingresar' is clicked on

2022-03-29 14:18:13 - [MESSAGE][PASSED] - Object: 'Object Repository/Login/a_Ingresar' is clicked on

2022-03-29 14:18:13 - [TEST_STEP][PASSED] - element = findWebElement(findTestObject("Login/a_Ir"), 30): null

2022-03-29 14:18:14 - [TEST_STEP][PASSED] - executeJavaScript("arguments[0].click()", Arrays.asList(element)): Execute JavaScript 'arguments[0].click()' successfully

2022-03-29 14:18:14 - [MESSAGE][PASSED] - Execute JavaScript 'arguments[0].click()' successfully

2022-03-29 14:18:14 - [MESSAGE][PASSED] - Call Test Case 'Test Cases/0.1-Login' successfully

2022-03-29 14:18:14 - [TEST_STEP][PASSED] - setText(findTestObject("Modulo Pruebas Vinculación/Elaborar_Contrato/input_Empresa 1_form_templatej_idt24_input"), "Listado Contratacion"): Text 'Listado Contratacion' is set on object 'Object Repository/Modulo Pruebas Vinculación/Elaborar_Contrato/input_Empresa 1_form_templatej_idt24_input'

2022-03-29 14:18:15 - [MESSAGE][PASSED] - Text 'Listado Contratacion' is set on object 'Object Repository/Modulo Pruebas Vinculación/Elaborar_Contrato/input_Empresa 1_form_templatej_idt24_input'

2022-03-29 14:18:15 - [TEST_STEP][PASSED] - click(findTestObject("Modulo Pruebas Vinculación/Elaborar_Contrato/span_Listado Contratacion")): Object: 'Object Repository/Modulo Pruebas Vinculación/Elaborar_Contrato/span_Listado Contratacion' is clicked on

2022-03-29 14:18:16 - [MESSAGE][PASSED] - Object: 'Object Repository/Modulo Pruebas Vinculación/Elaborar_Contrato/span_Listado Contratacion' is clicked on

2022-03-29 14:18:16 - [TEST_STEP][PASSED] - if (waitForElementVisible(findTestObject("Modulo Pruebas Vinculación/Elaborar_Contrato/td_A A A"), 1)): Web element with id: 'Object Repository/Modulo Pruebas Vinculación/Elaborar_Contrato/td_A A A' located by '//*/text()[normalize-space(.)='A A A']/parent::*' not found

2022-03-29 14:18:19 - [MESSAGE][INFO] - Unable to find the element located by 'By.xpath: //*/text()[normalize-space(.)='A A A']/parent::*'. Please recheck the objects properties to make sure the desired element is located. 

2022-03-29 14:18:19 - [MESSAGE][WARNING] - Web element with id: 'Object Repository/Modulo Pruebas Vinculación/Elaborar_Contrato/td_A A A' located by '//*/text()[normalize-space(.)='A A A']/parent::*' not found

2022-03-29 14:18:19 - [TEST_STEP][PASSED] - else: null

2022-03-29 14:18:19 - [TEST_STEP][PASSED] - click(findTestObject("Modulo Pruebas Vinculación/Elaborar_Contrato/a_Nombre Persona_listado_contratacionj_idt68")): Object: 'Object Repository/Modulo Pruebas Vinculación/Elaborar_Contrato/a_Nombre Persona_listado_contratacionj_idt68' is clicked on

2022-03-29 14:18:19 - [MESSAGE][PASSED] - Object: 'Object Repository/Modulo Pruebas Vinculación/Elaborar_Contrato/a_Nombre Persona_listado_contratacionj_idt68' is clicked on

2022-03-29 14:18:19 - [TEST_STEP][PASSED] - setText(findTestObject("Modulo Pruebas Vinculación/Elaborar_Contrato/input_Filtro Hoja de Vida_formPopupHojaVidaj_idt1320"), "A A A"): Text 'A A A' is set on object 'Object Repository/Modulo Pruebas Vinculación/Elaborar_Contrato/input_Filtro Hoja de Vida_formPopupHojaVidaj_idt1320'

2022-03-29 14:18:21 - [MESSAGE][PASSED] - Text 'A A A' is set on object 'Object Repository/Modulo Pruebas Vinculación/Elaborar_Contrato/input_Filtro Hoja de Vida_formPopupHojaVidaj_idt1320'

2022-03-29 14:18:21 - [TEST_STEP][PASSED] - sendKeys(findTestObject("Modulo Pruebas Vinculación/Elaborar_Contrato/input_Filtro Hoja de Vida_formPopupHojaVidaj_idt1320"), Keys.chord(ENTER)): Keys 'ENTER + ' sent to object: 'Object Repository/Modulo Pruebas Vinculación/Elaborar_Contrato/input_Filtro Hoja de Vida_formPopupHojaVidaj_idt1320'

2022-03-29 14:18:21 - [MESSAGE][PASSED] - Keys 'ENTER + ' sent to object: 'Object Repository/Modulo Pruebas Vinculación/Elaborar_Contrato/input_Filtro Hoja de Vida_formPopupHojaVidaj_idt1320'

2022-03-29 14:18:21 - [TEST_STEP][PASSED] - click(findTestObject("Modulo Pruebas Vinculación/Elaborar_Contrato/td_A A A - 2")): Object: 'Object Repository/Modulo Pruebas Vinculación/Elaborar_Contrato/td_A A A - 2' is clicked on

2022-03-29 14:18:22 - [MESSAGE][PASSED] - Object: 'Object Repository/Modulo Pruebas Vinculación/Elaborar_Contrato/td_A A A - 2' is clicked on

2022-03-29 14:18:22 - [TEST_STEP][PASSED] - if (waitForElementVisible(findTestObject("Modulo Pruebas Vinculación/Elaborar_Contrato/td_A A A"), 1)): null

2022-03-29 14:18:22 - [MESSAGE][PASSED] - Object 'Object Repository/Modulo Pruebas Vinculación/Elaborar_Contrato/td_A A A' is visible

2022-03-29 14:18:22 - [TEST_STEP][PASSED] - click(findTestObject("Modulo Pruebas Vinculación/Elaborar_Contrato/td_A A A")): Object: 'Object Repository/Modulo Pruebas Vinculación/Elaborar_Contrato/td_A A A' is clicked on

2022-03-29 14:18:23 - [MESSAGE][PASSED] - Object: 'Object Repository/Modulo Pruebas Vinculación/Elaborar_Contrato/td_A A A' is clicked on

2022-03-29 14:18:23 - [TEST_STEP][PASSED] - click(findTestObject("Modulo Pruebas Vinculación/Elaborar_Contrato/a_Actividad")): Object: 'Object Repository/Modulo Pruebas Vinculación/Elaborar_Contrato/a_Actividad' is clicked on

2022-03-29 14:18:24 - [MESSAGE][PASSED] - Object: 'Object Repository/Modulo Pruebas Vinculación/Elaborar_Contrato/a_Actividad' is clicked on

2022-03-29 14:18:24 - [TEST_STEP][PASSED] - click(findTestObject("Modulo Pruebas Vinculación/Elaborar_Contrato/td_2. Elaborar contrato")): Object: 'Object Repository/Modulo Pruebas Vinculación/Elaborar_Contrato/td_2. Elaborar contrato' is clicked on

2022-03-29 14:18:25 - [MESSAGE][PASSED] - Object: 'Object Repository/Modulo Pruebas Vinculación/Elaborar_Contrato/td_2. Elaborar contrato' is clicked on

2022-03-29 14:18:25 - [TEST_STEP][PASSED] - click(findTestObject("Modulo Pruebas Vinculación/Elaborar_Contrato/a_Aplicar")): Object: 'Object Repository/Modulo Pruebas Vinculación/Elaborar_Contrato/a_Aplicar' is clicked on

2022-03-29 14:18:26 - [MESSAGE][PASSED] - Object: 'Object Repository/Modulo Pruebas Vinculación/Elaborar_Contrato/a_Aplicar' is clicked on

2022-03-29 14:18:26 - [TEST_STEP][PASSED] - closeBrowser(): Browser is closed

2022-03-29 14:18:27 - [MESSAGE][PASSED] - Browser is closed]]></system-out>
         <system-err><![CDATA[]]></system-err>
      </testcase>
      <system-out><![CDATA[2022-03-29 14:15:19 - [TEST_SUITE][PASSED] - 7-Pruebas_Vinculación: Test Cases/1.2-Tareas_Secundarias/7.1-Pruebas_Vinculación/7.1.7-Elaborar_Contrato]]></system-out>
      <system-err><![CDATA[]]></system-err>
   </testsuite>
</testsuites>
