<?xml version="1.0" encoding="UTF-8"?>
<testsuites name="11-Pruebas_Compensaciones" time="120.2" tests="6" failures="0" errors="1">
   <testsuite name="11-Pruebas_Compensaciones" tests="6" failures="0" errors="1" time="120.2" skipped="0" timestamp="2022-02-21 15:52:31" hostname="diego.rojas - US-AF-000371" id="Test Suites/11-Pruebas_Compensaciones">
      <properties>
         <property name="deviceName" value=""/>
         <property name="devicePlatform" value=""/>
         <property name="logFolder" value="C:\\Users\\diego.rojas\\git\\Pruebas-Minimas\\Reports\\20220221_150429\\11-Pruebas_Compensaciones\\20220221_150527"/>
         <property name="logFiles" value="C:\\Users\\diego.rojas\\git\\Pruebas-Minimas\\Reports\\20220221_150429\\11-Pruebas_Compensaciones\\20220221_150527\\execution0.log"/>
         <property name="attachments" value=""/>
         <property name="hostName" value="diego.rojas - US-AF-000371"/>
         <property name="os" value="Windows 10 64bit"/>
         <property name="katalonVersion" value="8.2.5.208"/>
         <property name="browser" value="Chrome 98.0.4758.102"/>
         <property name="hostAddress" value="192.168.56.1"/>
         <property name="sessionId" value="f45c1b125c2736d1a745bf35e612818f"/>
         <property name="seleniumVersion" value="3.141.59"/>
         <property name="proxyInformation" value="ProxyInformation { proxyOption=NO_PROXY, proxyServerType=HTTP, username=, password=********, proxyServerAddress=, proxyServerPort=0, executionList=&quot;&quot;, isApplyToDesiredCapabilities=true }"/>
         <property name="platform" value="Windows 10"/>
      </properties>
      <testcase name="Test Cases/11.1-Pruebas_compensaciones/11.1.1-Recálcular_nómina_por_empleado" time="30.917" classname="Test Cases/11.1-Pruebas_compensaciones/11.1.1-Recálcular_nómina_por_empleado" status="PASSED">
         <system-out><![CDATA[2022-02-21 15:52:31 - [TEST_CASE][PASSED] - Test Cases/11.1-Pruebas_compensaciones/11.1.1-Recálcular_nómina_por_empleado: Test Cases/11.1-Pruebas_compensaciones/11.1.1-Recálcular_nómina_por_empleado

2022-02-21 15:52:32 - [TEST_STEP][PASSED] - callTestCase(findTestCase("0.1-Login"), [:], STOP_ON_FAILURE): Call Test Case 'Test Cases/0.1-Login' successfully

2022-02-21 15:52:32 - [TEST_CASE][PASSED] - Test Cases/0.1-Login: Test Cases/0.1-Login

2022-02-21 15:52:32 - [TEST_STEP][PASSED] - openBrowser(""): Browser is opened with url: ''

2022-02-21 15:52:33 - [MESSAGE][INFO] - Starting 'Chrome' driver

2022-02-21 15:52:33 - [MESSAGE][INFO] - Action delay is set to 0 milliseconds

2022-02-21 15:52:35 - [MESSAGE][PASSED] - Browser is opened with url: ''

2022-02-21 15:52:35 - [TEST_STEP][PASSED] - maximizeWindow(): Current window maximized

2022-02-21 15:52:35 - [MESSAGE][PASSED] - Current window maximized

2022-02-21 15:52:35 - [TEST_STEP][PASSED] - i = G_Login: null

2022-02-21 15:52:35 - [TEST_STEP][PASSED] - url = new java.net.URL(i): null

2022-02-21 15:52:35 - [TEST_STEP][PASSED] - println("URL: " + url.toString()): null

2022-02-21 15:52:35 - [TEST_STEP][PASSED] - connection = url.openConnection(): null

2022-02-21 15:52:35 - [TEST_STEP][PASSED] - connection.setRequestMethod("GET"): null

2022-02-21 15:52:35 - [TEST_STEP][PASSED] - connection.setReadTimeout(2 * 1000): null

2022-02-21 15:52:35 - [TEST_STEP][PASSED] - try: null

2022-02-21 15:52:35 - [TEST_STEP][PASSED] - connection.connect(): null

2022-02-21 15:52:35 - [TEST_STEP][PASSED] - flag = connected: null

2022-02-21 15:52:35 - [TEST_STEP][PASSED] - println("Valor_ori: " + flag): null

2022-02-21 15:52:35 - [TEST_STEP][PASSED] - if (flag): null

2022-02-21 15:52:35 - [TEST_STEP][PASSED] - navigateToUrl(i): Navigate to 'http://192.168.2.80:8380/saraweb' successfully

2022-02-21 15:52:36 - [MESSAGE][PASSED] - Navigate to 'http://192.168.2.80:8380/saraweb' successfully

2022-02-21 15:52:36 - [TEST_STEP][PASSED] - a(): null

2022-02-21 15:52:36 - [TEST_STEP][PASSED] - setText(findTestObject("Login/input_USUARIO_loginusuario"), G_Usuario): Text 'saraadmin' is set on object 'Object Repository/Login/input_USUARIO_loginusuario'

2022-02-21 15:52:37 - [MESSAGE][PASSED] - Text 'saraadmin' is set on object 'Object Repository/Login/input_USUARIO_loginusuario'

2022-02-21 15:52:37 - [TEST_STEP][PASSED] - setEncryptedText(findTestObject("Login/input_CLAVE_loginpassword"), "MkG4/TYiCFC3cb2driP7+Q=="): Text ****** has been set on object 'Object Repository/Login/input_CLAVE_loginpassword'

2022-02-21 15:52:38 - [MESSAGE][PASSED] - Text ****** has been set on object 'Object Repository/Login/input_CLAVE_loginpassword'

2022-02-21 15:52:38 - [TEST_STEP][PASSED] - waitForElementClickable(findTestObject("Login/a_Ingresar"), G_TimeOut): Object 'Object Repository/Login/a_Ingresar' is clickable

2022-02-21 15:52:38 - [MESSAGE][PASSED] - Object 'Object Repository/Login/a_Ingresar' is clickable

2022-02-21 15:52:38 - [TEST_STEP][PASSED] - click(findTestObject("Login/a_Ingresar")): Object: 'Object Repository/Login/a_Ingresar' is clicked on

2022-02-21 15:52:40 - [MESSAGE][PASSED] - Object: 'Object Repository/Login/a_Ingresar' is clicked on

2022-02-21 15:52:40 - [TEST_STEP][PASSED] - element = findWebElement(findTestObject("Login/a_Ir"), 30): null

2022-02-21 15:52:41 - [TEST_STEP][PASSED] - executeJavaScript("arguments[0].click()", Arrays.asList(element)): Execute JavaScript 'arguments[0].click()' successfully

2022-02-21 15:52:41 - [MESSAGE][PASSED] - Execute JavaScript 'arguments[0].click()' successfully

2022-02-21 15:52:41 - [MESSAGE][PASSED] - Call Test Case 'Test Cases/0.1-Login' successfully

2022-02-21 15:52:41 - [TEST_STEP][PASSED] - setText(findTestObject("Modulo compensaciones/Recálcular_nómina_por_empleado/input_Empresa 1_form_templatej_idt24_input"), "liquidacion nomina"): Text 'liquidacion nomina' is set on object 'Object Repository/Modulo compensaciones/Recálcular_nómina_por_empleado/input_Empresa 1_form_templatej_idt24_input'

2022-02-21 15:52:42 - [MESSAGE][PASSED] - Text 'liquidacion nomina' is set on object 'Object Repository/Modulo compensaciones/Recálcular_nómina_por_empleado/input_Empresa 1_form_templatej_idt24_input'

2022-02-21 15:52:42 - [TEST_STEP][PASSED] - click(findTestObject("Modulo compensaciones/Recálcular_nómina_por_empleado/li_Liquidacion Nomina (com)")): Object: 'Object Repository/Modulo compensaciones/Recálcular_nómina_por_empleado/li_Liquidacion Nomina (com)' is clicked on

2022-02-21 15:52:43 - [MESSAGE][PASSED] - Object: 'Object Repository/Modulo compensaciones/Recálcular_nómina_por_empleado/li_Liquidacion Nomina (com)' is clicked on

2022-02-21 15:52:43 - [TEST_STEP][PASSED] - click(findTestObject("Modulo compensaciones/Recálcular_nómina_por_empleado/a_Periodo Nomina_LiquidacionNominaj_idt68")): Object: 'Object Repository/Modulo compensaciones/Recálcular_nómina_por_empleado/a_Periodo Nomina_LiquidacionNominaj_idt68' is clicked on

2022-02-21 15:52:45 - [MESSAGE][PASSED] - Object: 'Object Repository/Modulo compensaciones/Recálcular_nómina_por_empleado/a_Periodo Nomina_LiquidacionNominaj_idt68' is clicked on

2022-02-21 15:52:45 - [TEST_STEP][PASSED] - selectOptionByIndex(findTestObject("Modulo compensaciones/Recálcular_nómina_por_empleado/select_--  Seleccione  --Periodo CerradoPeriodo en Proceso"), 2): All options with index in [2] are selected on object 'Object Repository/Modulo compensaciones/Recálcular_nómina_por_empleado/select_--  Seleccione  --Periodo CerradoPeriodo en Proceso'

2022-02-21 15:52:46 - [MESSAGE][PASSED] - All options with index in [2] are selected on object 'Object Repository/Modulo compensaciones/Recálcular_nómina_por_empleado/select_--  Seleccione  --Periodo CerradoPeriodo en Proceso'

2022-02-21 15:52:46 - [TEST_STEP][PASSED] - click(findTestObject("Modulo compensaciones/Recálcular_nómina_por_empleado/span_P. MensualJunio2021")): Object: 'Object Repository/Modulo compensaciones/Recálcular_nómina_por_empleado/span_P. MensualJunio2021' is clicked on

2022-02-21 15:52:48 - [MESSAGE][PASSED] - Object: 'Object Repository/Modulo compensaciones/Recálcular_nómina_por_empleado/span_P. MensualJunio2021' is clicked on

2022-02-21 15:52:48 - [TEST_STEP][PASSED] - check(findTestObject("Modulo compensaciones/Recálcular_nómina_por_empleado/div_Estado_ui-chkbox-box ui-widget ui-corner-all ui-state-default")): Object 'Object Repository/Modulo compensaciones/Recálcular_nómina_por_empleado/div_Estado_ui-chkbox-box ui-widget ui-corner-all ui-state-default' is checked

2022-02-21 15:52:53 - [MESSAGE][PASSED] - Object 'Object Repository/Modulo compensaciones/Recálcular_nómina_por_empleado/div_Estado_ui-chkbox-box ui-widget ui-corner-all ui-state-default' is checked

2022-02-21 15:52:53 - [TEST_STEP][PASSED] - click(findTestObject("Modulo compensaciones/Recálcular_nómina_por_empleado/a_Reclculo Seleccin")): Object: 'Object Repository/Modulo compensaciones/Recálcular_nómina_por_empleado/a_Reclculo Seleccin' is clicked on

2022-02-21 15:52:54 - [MESSAGE][PASSED] - Object: 'Object Repository/Modulo compensaciones/Recálcular_nómina_por_empleado/a_Reclculo Seleccin' is clicked on

2022-02-21 15:52:54 - [TEST_STEP][PASSED] - click(findTestObject("Modulo compensaciones/Recálcular_nómina_por_empleado/span_Si")): Object: 'Object Repository/Modulo compensaciones/Recálcular_nómina_por_empleado/span_Si' is clicked on

2022-02-21 15:52:55 - [MESSAGE][PASSED] - Object: 'Object Repository/Modulo compensaciones/Recálcular_nómina_por_empleado/span_Si' is clicked on

2022-02-21 15:52:55 - [TEST_STEP][PASSED] - if (waitForElementVisible(findTestObject("Modulo compensaciones/Recálcular_nómina_por_empleado/p_Recalculo Finalizado"), 1)): null

2022-02-21 15:52:59 - [MESSAGE][PASSED] - Object 'Object Repository/Modulo compensaciones/Recálcular_nómina_por_empleado/p_Recalculo Finalizado' is visible

2022-02-21 15:52:59 - [TEST_STEP][PASSED] - delay(2): Delayed 2 second(s)

2022-02-21 15:53:01 - [MESSAGE][PASSED] - Delayed 2 second(s)

2022-02-21 15:53:01 - [TEST_STEP][PASSED] - closeBrowser(): Browser is closed

2022-02-21 15:53:02 - [MESSAGE][PASSED] - Browser is closed]]></system-out>
         <system-err><![CDATA[]]></system-err>
      </testcase>
      <testcase name="Test Cases/11.1-Pruebas_compensaciones/11.1.3-Liquidación_Nomina" time="22.115" classname="Test Cases/11.1-Pruebas_compensaciones/11.1.3-Liquidación_Nomina" status="PASSED">
         <system-out><![CDATA[2022-02-21 15:53:02 - [TEST_CASE][PASSED] - Test Cases/11.1-Pruebas_compensaciones/11.1.3-Liquidación_Nomina: Test Cases/11.1-Pruebas_compensaciones/11.1.3-Liquidación_Nomina

2022-02-21 15:53:02 - [TEST_STEP][PASSED] - callTestCase(findTestCase("0.1-Login"), [:], STOP_ON_FAILURE): Call Test Case 'Test Cases/0.1-Login' successfully

2022-02-21 15:53:02 - [TEST_CASE][PASSED] - Test Cases/0.1-Login: Test Cases/0.1-Login

2022-02-21 15:53:02 - [TEST_STEP][PASSED] - openBrowser(""): Browser is opened with url: ''

2022-02-21 15:53:02 - [MESSAGE][INFO] - Starting 'Chrome' driver

2022-02-21 15:53:02 - [MESSAGE][INFO] - Action delay is set to 0 milliseconds

2022-02-21 15:53:04 - [MESSAGE][PASSED] - Browser is opened with url: ''

2022-02-21 15:53:04 - [TEST_STEP][PASSED] - maximizeWindow(): Current window maximized

2022-02-21 15:53:04 - [MESSAGE][PASSED] - Current window maximized

2022-02-21 15:53:04 - [TEST_STEP][PASSED] - i = G_Login: null

2022-02-21 15:53:04 - [TEST_STEP][PASSED] - url = new java.net.URL(i): null

2022-02-21 15:53:04 - [TEST_STEP][PASSED] - println("URL: " + url.toString()): null

2022-02-21 15:53:04 - [TEST_STEP][PASSED] - connection = url.openConnection(): null

2022-02-21 15:53:04 - [TEST_STEP][PASSED] - connection.setRequestMethod("GET"): null

2022-02-21 15:53:04 - [TEST_STEP][PASSED] - connection.setReadTimeout(2 * 1000): null

2022-02-21 15:53:04 - [TEST_STEP][PASSED] - try: null

2022-02-21 15:53:04 - [TEST_STEP][PASSED] - connection.connect(): null

2022-02-21 15:53:04 - [TEST_STEP][PASSED] - flag = connected: null

2022-02-21 15:53:04 - [TEST_STEP][PASSED] - println("Valor_ori: " + flag): null

2022-02-21 15:53:04 - [TEST_STEP][PASSED] - if (flag): null

2022-02-21 15:53:04 - [TEST_STEP][PASSED] - navigateToUrl(i): Navigate to 'http://192.168.2.80:8380/saraweb' successfully

2022-02-21 15:53:04 - [MESSAGE][PASSED] - Navigate to 'http://192.168.2.80:8380/saraweb' successfully

2022-02-21 15:53:04 - [TEST_STEP][PASSED] - a(): null

2022-02-21 15:53:04 - [TEST_STEP][PASSED] - setText(findTestObject("Login/input_USUARIO_loginusuario"), G_Usuario): Text 'saraadmin' is set on object 'Object Repository/Login/input_USUARIO_loginusuario'

2022-02-21 15:53:05 - [MESSAGE][PASSED] - Text 'saraadmin' is set on object 'Object Repository/Login/input_USUARIO_loginusuario'

2022-02-21 15:53:05 - [TEST_STEP][PASSED] - setEncryptedText(findTestObject("Login/input_CLAVE_loginpassword"), "MkG4/TYiCFC3cb2driP7+Q=="): Text ****** has been set on object 'Object Repository/Login/input_CLAVE_loginpassword'

2022-02-21 15:53:06 - [MESSAGE][PASSED] - Text ****** has been set on object 'Object Repository/Login/input_CLAVE_loginpassword'

2022-02-21 15:53:06 - [TEST_STEP][PASSED] - waitForElementClickable(findTestObject("Login/a_Ingresar"), G_TimeOut): Object 'Object Repository/Login/a_Ingresar' is clickable

2022-02-21 15:53:06 - [MESSAGE][PASSED] - Object 'Object Repository/Login/a_Ingresar' is clickable

2022-02-21 15:53:06 - [TEST_STEP][PASSED] - click(findTestObject("Login/a_Ingresar")): Object: 'Object Repository/Login/a_Ingresar' is clicked on

2022-02-21 15:53:09 - [MESSAGE][PASSED] - Object: 'Object Repository/Login/a_Ingresar' is clicked on

2022-02-21 15:53:09 - [TEST_STEP][PASSED] - element = findWebElement(findTestObject("Login/a_Ir"), 30): null

2022-02-21 15:53:09 - [TEST_STEP][PASSED] - executeJavaScript("arguments[0].click()", Arrays.asList(element)): Execute JavaScript 'arguments[0].click()' successfully

2022-02-21 15:53:09 - [MESSAGE][PASSED] - Execute JavaScript 'arguments[0].click()' successfully

2022-02-21 15:53:09 - [MESSAGE][PASSED] - Call Test Case 'Test Cases/0.1-Login' successfully

2022-02-21 15:53:09 - [TEST_STEP][PASSED] - setText(findTestObject("Modulo compensaciones/Liquidación_Nomina/input_Empresa 1_form_templatej_idt24_input"), "Liquidacion Nomina"): Text 'Liquidacion Nomina' is set on object 'Object Repository/Modulo compensaciones/Liquidación_Nomina/input_Empresa 1_form_templatej_idt24_input'

2022-02-21 15:53:10 - [MESSAGE][PASSED] - Text 'Liquidacion Nomina' is set on object 'Object Repository/Modulo compensaciones/Liquidación_Nomina/input_Empresa 1_form_templatej_idt24_input'

2022-02-21 15:53:10 - [TEST_STEP][PASSED] - click(findTestObject("Modulo compensaciones/Liquidación_Nomina/li_Liquidacion Nomina (com)")): Object: 'Object Repository/Modulo compensaciones/Liquidación_Nomina/li_Liquidacion Nomina (com)' is clicked on

2022-02-21 15:53:12 - [MESSAGE][PASSED] - Object: 'Object Repository/Modulo compensaciones/Liquidación_Nomina/li_Liquidacion Nomina (com)' is clicked on

2022-02-21 15:53:12 - [TEST_STEP][PASSED] - click(findTestObject("Modulo compensaciones/Liquidación_Nomina/a_Periodo Nomina_LiquidacionNominaj_idt68")): Object: 'Object Repository/Modulo compensaciones/Liquidación_Nomina/a_Periodo Nomina_LiquidacionNominaj_idt68' is clicked on

2022-02-21 15:53:13 - [MESSAGE][PASSED] - Object: 'Object Repository/Modulo compensaciones/Liquidación_Nomina/a_Periodo Nomina_LiquidacionNominaj_idt68' is clicked on

2022-02-21 15:53:13 - [TEST_STEP][PASSED] - selectOptionByIndex(findTestObject("Modulo compensaciones/Liquidación_Nomina/select_--  Seleccione  --Periodo CerradoPeriodo en Proceso"), 2): All options with index in [2] are selected on object 'Object Repository/Modulo compensaciones/Liquidación_Nomina/select_--  Seleccione  --Periodo CerradoPeriodo en Proceso'

2022-02-21 15:53:14 - [MESSAGE][PASSED] - All options with index in [2] are selected on object 'Object Repository/Modulo compensaciones/Liquidación_Nomina/select_--  Seleccione  --Periodo CerradoPeriodo en Proceso'

2022-02-21 15:53:14 - [TEST_STEP][PASSED] - click(findTestObject("Modulo compensaciones/Liquidación_Nomina/span_P. MensualJulio2021")): Object: 'Object Repository/Modulo compensaciones/Liquidación_Nomina/span_P. MensualJulio2021' is clicked on

2022-02-21 15:53:15 - [MESSAGE][PASSED] - Object: 'Object Repository/Modulo compensaciones/Liquidación_Nomina/span_P. MensualJulio2021' is clicked on

2022-02-21 15:53:15 - [TEST_STEP][PASSED] - setText(findTestObject("Modulo compensaciones/Liquidación_Nomina/input_Nombre Persona_LiquidacionNominaj_idt124"), "1026588953"): Text '1026588953' is set on object 'Object Repository/Modulo compensaciones/Liquidación_Nomina/input_Nombre Persona_LiquidacionNominaj_idt124'

2022-02-21 15:53:18 - [MESSAGE][PASSED] - Text '1026588953' is set on object 'Object Repository/Modulo compensaciones/Liquidación_Nomina/input_Nombre Persona_LiquidacionNominaj_idt124'

2022-02-21 15:53:18 - [TEST_STEP][PASSED] - sendKeys(findTestObject("Modulo compensaciones/Liquidación_Nomina/input_Nombre Persona_LiquidacionNominaj_idt124"), Keys.chord(ENTER)): Keys 'ENTER + ' sent to object: 'Object Repository/Modulo compensaciones/Liquidación_Nomina/input_Nombre Persona_LiquidacionNominaj_idt124'

2022-02-21 15:53:18 - [MESSAGE][PASSED] - Keys 'ENTER + ' sent to object: 'Object Repository/Modulo compensaciones/Liquidación_Nomina/input_Nombre Persona_LiquidacionNominaj_idt124'

2022-02-21 15:53:18 - [TEST_STEP][PASSED] - click(findTestObject("Modulo compensaciones/Liquidación_Nomina/td_Aya Silva Cindy Ximena")): Object: 'Object Repository/Modulo compensaciones/Liquidación_Nomina/td_Aya Silva Cindy Ximena' is clicked on

2022-02-21 15:53:19 - [MESSAGE][PASSED] - Object: 'Object Repository/Modulo compensaciones/Liquidación_Nomina/td_Aya Silva Cindy Ximena' is clicked on

2022-02-21 15:53:19 - [TEST_STEP][PASSED] - click(findTestObject("Modulo compensaciones/Liquidación_Nomina/a_Liquidacin Periodica")): Object: 'Object Repository/Modulo compensaciones/Liquidación_Nomina/a_Liquidacin Periodica' is clicked on

2022-02-21 15:53:21 - [MESSAGE][PASSED] - Object: 'Object Repository/Modulo compensaciones/Liquidación_Nomina/a_Liquidacin Periodica' is clicked on

2022-02-21 15:53:21 - [TEST_STEP][PASSED] - click(findTestObject("Modulo compensaciones/Liquidación_Nomina/span_Prestamo Compaa")): Object: 'Object Repository/Modulo compensaciones/Liquidación_Nomina/span_Prestamo Compaa' is clicked on

2022-02-21 15:53:21 - [MESSAGE][PASSED] - Object: 'Object Repository/Modulo compensaciones/Liquidación_Nomina/span_Prestamo Compaa' is clicked on

2022-02-21 15:53:21 - [TEST_STEP][PASSED] - click(findTestObject("Modulo compensaciones/Liquidación_Nomina/a_Ver")): Object: 'Object Repository/Modulo compensaciones/Liquidación_Nomina/a_Ver' is clicked on

2022-02-21 15:53:22 - [MESSAGE][PASSED] - Object: 'Object Repository/Modulo compensaciones/Liquidación_Nomina/a_Ver' is clicked on

2022-02-21 15:53:22 - [TEST_STEP][PASSED] - if (waitForElementVisible(findTestObject("Modulo compensaciones/Liquidación_Nomina/a_Pagos o Descuentos Extra"), 1)): null

2022-02-21 15:53:23 - [MESSAGE][PASSED] - Object 'Object Repository/Modulo compensaciones/Liquidación_Nomina/a_Pagos o Descuentos Extra' is visible

2022-02-21 15:53:23 - [TEST_STEP][PASSED] - closeBrowser(): Browser is closed

2022-02-21 15:53:24 - [MESSAGE][PASSED] - Browser is closed]]></system-out>
         <system-err><![CDATA[]]></system-err>
      </testcase>
      <testcase name="Test Cases/11.1-Pruebas_compensaciones/11.1.4-Fuente_General" time="26.037" classname="Test Cases/11.1-Pruebas_compensaciones/11.1.4-Fuente_General" status="PASSED">
         <system-out><![CDATA[2022-02-21 15:53:24 - [TEST_CASE][PASSED] - Test Cases/11.1-Pruebas_compensaciones/11.1.4-Fuente_General: Test Cases/11.1-Pruebas_compensaciones/11.1.4-Fuente_General

2022-02-21 15:53:25 - [TEST_STEP][PASSED] - callTestCase(findTestCase("0.1-Login"), [:], STOP_ON_FAILURE): Call Test Case 'Test Cases/0.1-Login' successfully

2022-02-21 15:53:25 - [TEST_CASE][PASSED] - Test Cases/0.1-Login: Test Cases/0.1-Login

2022-02-21 15:53:25 - [TEST_STEP][PASSED] - openBrowser(""): Browser is opened with url: ''

2022-02-21 15:53:25 - [MESSAGE][INFO] - Starting 'Chrome' driver

2022-02-21 15:53:25 - [MESSAGE][INFO] - Action delay is set to 0 milliseconds

2022-02-21 15:53:26 - [MESSAGE][PASSED] - Browser is opened with url: ''

2022-02-21 15:53:26 - [TEST_STEP][PASSED] - maximizeWindow(): Current window maximized

2022-02-21 15:53:26 - [MESSAGE][PASSED] - Current window maximized

2022-02-21 15:53:26 - [TEST_STEP][PASSED] - i = G_Login: null

2022-02-21 15:53:26 - [TEST_STEP][PASSED] - url = new java.net.URL(i): null

2022-02-21 15:53:26 - [TEST_STEP][PASSED] - println("URL: " + url.toString()): null

2022-02-21 15:53:26 - [TEST_STEP][PASSED] - connection = url.openConnection(): null

2022-02-21 15:53:26 - [TEST_STEP][PASSED] - connection.setRequestMethod("GET"): null

2022-02-21 15:53:26 - [TEST_STEP][PASSED] - connection.setReadTimeout(2 * 1000): null

2022-02-21 15:53:26 - [TEST_STEP][PASSED] - try: null

2022-02-21 15:53:26 - [TEST_STEP][PASSED] - connection.connect(): null

2022-02-21 15:53:26 - [TEST_STEP][PASSED] - flag = connected: null

2022-02-21 15:53:26 - [TEST_STEP][PASSED] - println("Valor_ori: " + flag): null

2022-02-21 15:53:26 - [TEST_STEP][PASSED] - if (flag): null

2022-02-21 15:53:26 - [TEST_STEP][PASSED] - navigateToUrl(i): Navigate to 'http://192.168.2.80:8380/saraweb' successfully

2022-02-21 15:53:27 - [MESSAGE][PASSED] - Navigate to 'http://192.168.2.80:8380/saraweb' successfully

2022-02-21 15:53:27 - [TEST_STEP][PASSED] - a(): null

2022-02-21 15:53:27 - [TEST_STEP][PASSED] - setText(findTestObject("Login/input_USUARIO_loginusuario"), G_Usuario): Text 'saraadmin' is set on object 'Object Repository/Login/input_USUARIO_loginusuario'

2022-02-21 15:53:28 - [MESSAGE][PASSED] - Text 'saraadmin' is set on object 'Object Repository/Login/input_USUARIO_loginusuario'

2022-02-21 15:53:28 - [TEST_STEP][PASSED] - setEncryptedText(findTestObject("Login/input_CLAVE_loginpassword"), "MkG4/TYiCFC3cb2driP7+Q=="): Text ****** has been set on object 'Object Repository/Login/input_CLAVE_loginpassword'

2022-02-21 15:53:28 - [MESSAGE][PASSED] - Text ****** has been set on object 'Object Repository/Login/input_CLAVE_loginpassword'

2022-02-21 15:53:28 - [TEST_STEP][PASSED] - waitForElementClickable(findTestObject("Login/a_Ingresar"), G_TimeOut): Object 'Object Repository/Login/a_Ingresar' is clickable

2022-02-21 15:53:29 - [MESSAGE][PASSED] - Object 'Object Repository/Login/a_Ingresar' is clickable

2022-02-21 15:53:29 - [TEST_STEP][PASSED] - click(findTestObject("Login/a_Ingresar")): Object: 'Object Repository/Login/a_Ingresar' is clicked on

2022-02-21 15:53:31 - [MESSAGE][PASSED] - Object: 'Object Repository/Login/a_Ingresar' is clicked on

2022-02-21 15:53:31 - [TEST_STEP][PASSED] - element = findWebElement(findTestObject("Login/a_Ir"), 30): null

2022-02-21 15:53:31 - [TEST_STEP][PASSED] - executeJavaScript("arguments[0].click()", Arrays.asList(element)): Execute JavaScript 'arguments[0].click()' successfully

2022-02-21 15:53:31 - [MESSAGE][PASSED] - Execute JavaScript 'arguments[0].click()' successfully

2022-02-21 15:53:31 - [MESSAGE][PASSED] - Call Test Case 'Test Cases/0.1-Login' successfully

2022-02-21 15:53:31 - [TEST_STEP][PASSED] - setText(findTestObject("Modulo compensaciones/Fuente_General/input_Empresa 1_form_templatej_idt24_input"), "importar fuente general"): Text 'importar fuente general' is set on object 'Object Repository/Modulo compensaciones/Fuente_General/input_Empresa 1_form_templatej_idt24_input'

2022-02-21 15:53:32 - [MESSAGE][PASSED] - Text 'importar fuente general' is set on object 'Object Repository/Modulo compensaciones/Fuente_General/input_Empresa 1_form_templatej_idt24_input'

2022-02-21 15:53:32 - [TEST_STEP][PASSED] - click(findTestObject("Modulo compensaciones/Fuente_General/li_fuente general (gna)")): Object: 'Object Repository/Modulo compensaciones/Fuente_General/li_fuente general (gna)' is clicked on

2022-02-21 15:53:34 - [MESSAGE][PASSED] - Object: 'Object Repository/Modulo compensaciones/Fuente_General/li_fuente general (gna)' is clicked on

2022-02-21 15:53:34 - [TEST_STEP][PASSED] - setText(findTestObject("Modulo Tarea Sara General/Importar Fuente General/input_Procesos Generados_formImportarListadoFuentej_idt67"), "Creación prestamos"): Text 'Creación prestamos' is set on object 'Object Repository/Modulo Tarea Sara General/Importar Fuente General/input_Procesos Generados_formImportarListadoFuentej_idt67'

2022-02-21 15:53:36 - [MESSAGE][PASSED] - Text 'Creación prestamos' is set on object 'Object Repository/Modulo Tarea Sara General/Importar Fuente General/input_Procesos Generados_formImportarListadoFuentej_idt67'

2022-02-21 15:53:36 - [TEST_STEP][PASSED] - sendKeys(findTestObject("Modulo Tarea Sara General/Importar Fuente General/input_Procesos Generados_formImportarListadoFuentej_idt67"), Keys.chord(ENTER)): Keys 'ENTER + ' sent to object: 'Object Repository/Modulo Tarea Sara General/Importar Fuente General/input_Procesos Generados_formImportarListadoFuentej_idt67'

2022-02-21 15:53:37 - [MESSAGE][PASSED] - Keys 'ENTER + ' sent to object: 'Object Repository/Modulo Tarea Sara General/Importar Fuente General/input_Procesos Generados_formImportarListadoFuentej_idt67'

2022-02-21 15:53:37 - [TEST_STEP][PASSED] - click(findTestObject("Modulo Tarea Sara General/Importar Fuente General/td_Creacin Prestamos")): Object: 'Object Repository/Modulo Tarea Sara General/Importar Fuente General/td_Creacin Prestamos' is clicked on

2022-02-21 15:53:37 - [MESSAGE][PASSED] - Object: 'Object Repository/Modulo Tarea Sara General/Importar Fuente General/td_Creacin Prestamos' is clicked on

2022-02-21 15:53:37 - [TEST_STEP][PASSED] - ruta = G_rutaarchivos + "carguePrestamo.txt": null

2022-02-21 15:53:37 - [TEST_STEP][PASSED] - uploadFile(findTestObject("Modulo Tarea Sara General/Importar Fuente General/input_Cargar_formImportarFuentetabarchivo_input"), ruta): File 'E:\unionweb14\carguePrestamo.txt' sent to object: 'Object Repository/Modulo Tarea Sara General/Importar Fuente General/input_Cargar_formImportarFuentetabarchivo_input'

2022-02-21 15:53:38 - [MESSAGE][PASSED] - File 'E:\unionweb14\carguePrestamo.txt' sent to object: 'Object Repository/Modulo Tarea Sara General/Importar Fuente General/input_Cargar_formImportarFuentetabarchivo_input'

2022-02-21 15:53:38 - [TEST_STEP][PASSED] - click(findTestObject("Modulo Tarea Sara General/Importar Fuente General/a_Importar")): Object: 'Object Repository/Modulo Tarea Sara General/Importar Fuente General/a_Importar' is clicked on

2022-02-21 15:53:39 - [MESSAGE][PASSED] - Object: 'Object Repository/Modulo Tarea Sara General/Importar Fuente General/a_Importar' is clicked on

2022-02-21 15:53:39 - [TEST_STEP][PASSED] - waitForElementVisible(findTestObject("Modulo compensaciones/Fuente_General/a_Continuar"), 0): Object 'Object Repository/Modulo compensaciones/Fuente_General/a_Continuar' is visible

2022-02-21 15:53:39 - [MESSAGE][WARNING] - Timeout '0' is invalid. Using default page load timeout: '30'

2022-02-21 15:53:42 - [MESSAGE][PASSED] - Object 'Object Repository/Modulo compensaciones/Fuente_General/a_Continuar' is visible

2022-02-21 15:53:42 - [TEST_STEP][PASSED] - click(findTestObject("Modulo compensaciones/Fuente_General/a_Continuar")): Object: 'Object Repository/Modulo compensaciones/Fuente_General/a_Continuar' is clicked on

2022-02-21 15:53:42 - [MESSAGE][PASSED] - Object: 'Object Repository/Modulo compensaciones/Fuente_General/a_Continuar' is clicked on

2022-02-21 15:53:42 - [TEST_STEP][PASSED] - click(findTestObject("Modulo compensaciones/Fuente_General/a_Ejecutar")): Object: 'Object Repository/Modulo compensaciones/Fuente_General/a_Ejecutar' is clicked on

2022-02-21 15:53:43 - [MESSAGE][PASSED] - Object: 'Object Repository/Modulo compensaciones/Fuente_General/a_Ejecutar' is clicked on

2022-02-21 15:53:43 - [TEST_STEP][PASSED] - click(findTestObject("Modulo compensaciones/Fuente_General/a_Continuar")): Object: 'Object Repository/Modulo compensaciones/Fuente_General/a_Continuar' is clicked on

2022-02-21 15:53:47 - [MESSAGE][PASSED] - Object: 'Object Repository/Modulo compensaciones/Fuente_General/a_Continuar' is clicked on

2022-02-21 15:53:47 - [TEST_STEP][PASSED] - delay(2): Delayed 2 second(s)

2022-02-21 15:53:49 - [MESSAGE][PASSED] - Delayed 2 second(s)

2022-02-21 15:53:49 - [TEST_STEP][PASSED] - closeBrowser(): Browser is closed

2022-02-21 15:53:50 - [MESSAGE][PASSED] - Browser is closed]]></system-out>
         <system-err><![CDATA[]]></system-err>
      </testcase>
      <testcase name="Test Cases/11.1-Pruebas_compensaciones/11.1.5-Listado_Empleados" time="21.238" classname="Test Cases/11.1-Pruebas_compensaciones/11.1.5-Listado_Empleados" status="PASSED">
         <system-out><![CDATA[2022-02-21 15:53:50 - [TEST_CASE][PASSED] - Test Cases/11.1-Pruebas_compensaciones/11.1.5-Listado_Empleados: Test Cases/11.1-Pruebas_compensaciones/11.1.5-Listado_Empleados

2022-02-21 15:53:51 - [TEST_STEP][PASSED] - callTestCase(findTestCase("0.1-Login"), [:], STOP_ON_FAILURE): Call Test Case 'Test Cases/0.1-Login' successfully

2022-02-21 15:53:51 - [TEST_CASE][PASSED] - Test Cases/0.1-Login: Test Cases/0.1-Login

2022-02-21 15:53:51 - [TEST_STEP][PASSED] - openBrowser(""): Browser is opened with url: ''

2022-02-21 15:53:51 - [MESSAGE][INFO] - Starting 'Chrome' driver

2022-02-21 15:53:51 - [MESSAGE][INFO] - Action delay is set to 0 milliseconds

2022-02-21 15:53:52 - [MESSAGE][PASSED] - Browser is opened with url: ''

2022-02-21 15:53:52 - [TEST_STEP][PASSED] - maximizeWindow(): Current window maximized

2022-02-21 15:53:52 - [MESSAGE][PASSED] - Current window maximized

2022-02-21 15:53:52 - [TEST_STEP][PASSED] - i = G_Login: null

2022-02-21 15:53:52 - [TEST_STEP][PASSED] - url = new java.net.URL(i): null

2022-02-21 15:53:52 - [TEST_STEP][PASSED] - println("URL: " + url.toString()): null

2022-02-21 15:53:52 - [TEST_STEP][PASSED] - connection = url.openConnection(): null

2022-02-21 15:53:52 - [TEST_STEP][PASSED] - connection.setRequestMethod("GET"): null

2022-02-21 15:53:52 - [TEST_STEP][PASSED] - connection.setReadTimeout(2 * 1000): null

2022-02-21 15:53:52 - [TEST_STEP][PASSED] - try: null

2022-02-21 15:53:52 - [TEST_STEP][PASSED] - connection.connect(): null

2022-02-21 15:53:52 - [TEST_STEP][PASSED] - flag = connected: null

2022-02-21 15:53:52 - [TEST_STEP][PASSED] - println("Valor_ori: " + flag): null

2022-02-21 15:53:52 - [TEST_STEP][PASSED] - if (flag): null

2022-02-21 15:53:52 - [TEST_STEP][PASSED] - navigateToUrl(i): Navigate to 'http://192.168.2.80:8380/saraweb' successfully

2022-02-21 15:53:52 - [MESSAGE][PASSED] - Navigate to 'http://192.168.2.80:8380/saraweb' successfully

2022-02-21 15:53:52 - [TEST_STEP][PASSED] - a(): null

2022-02-21 15:53:52 - [TEST_STEP][PASSED] - setText(findTestObject("Login/input_USUARIO_loginusuario"), G_Usuario): Text 'saraadmin' is set on object 'Object Repository/Login/input_USUARIO_loginusuario'

2022-02-21 15:53:53 - [MESSAGE][PASSED] - Text 'saraadmin' is set on object 'Object Repository/Login/input_USUARIO_loginusuario'

2022-02-21 15:53:53 - [TEST_STEP][PASSED] - setEncryptedText(findTestObject("Login/input_CLAVE_loginpassword"), "MkG4/TYiCFC3cb2driP7+Q=="): Text ****** has been set on object 'Object Repository/Login/input_CLAVE_loginpassword'

2022-02-21 15:53:54 - [MESSAGE][PASSED] - Text ****** has been set on object 'Object Repository/Login/input_CLAVE_loginpassword'

2022-02-21 15:53:54 - [TEST_STEP][PASSED] - waitForElementClickable(findTestObject("Login/a_Ingresar"), G_TimeOut): Object 'Object Repository/Login/a_Ingresar' is clickable

2022-02-21 15:53:54 - [MESSAGE][PASSED] - Object 'Object Repository/Login/a_Ingresar' is clickable

2022-02-21 15:53:54 - [TEST_STEP][PASSED] - click(findTestObject("Login/a_Ingresar")): Object: 'Object Repository/Login/a_Ingresar' is clicked on

2022-02-21 15:53:56 - [MESSAGE][PASSED] - Object: 'Object Repository/Login/a_Ingresar' is clicked on

2022-02-21 15:53:56 - [TEST_STEP][PASSED] - element = findWebElement(findTestObject("Login/a_Ir"), 30): null

2022-02-21 15:53:56 - [TEST_STEP][PASSED] - executeJavaScript("arguments[0].click()", Arrays.asList(element)): Execute JavaScript 'arguments[0].click()' successfully

2022-02-21 15:53:56 - [MESSAGE][PASSED] - Execute JavaScript 'arguments[0].click()' successfully

2022-02-21 15:53:56 - [MESSAGE][PASSED] - Call Test Case 'Test Cases/0.1-Login' successfully

2022-02-21 15:53:56 - [TEST_STEP][PASSED] - setText(findTestObject("Modulo compensaciones/Listado_Empleados/input_Empresa 1_form_templatej_idt24_input"), "Listado de empleados"): Text 'Listado de empleados' is set on object 'Object Repository/Modulo compensaciones/Listado_Empleados/input_Empresa 1_form_templatej_idt24_input'

2022-02-21 15:53:58 - [MESSAGE][PASSED] - Text 'Listado de empleados' is set on object 'Object Repository/Modulo compensaciones/Listado_Empleados/input_Empresa 1_form_templatej_idt24_input'

2022-02-21 15:53:58 - [TEST_STEP][PASSED] - click(findTestObject("Modulo compensaciones/Listado_Empleados/li_Listado de Empleados (com)")): Object: 'Object Repository/Modulo compensaciones/Listado_Empleados/li_Listado de Empleados (com)' is clicked on

2022-02-21 15:53:59 - [MESSAGE][PASSED] - Object: 'Object Repository/Modulo compensaciones/Listado_Empleados/li_Listado de Empleados (com)' is clicked on

2022-02-21 15:53:59 - [TEST_STEP][PASSED] - setText(findTestObject("Modulo compensaciones/Listado_Empleados/input_Nombre Funcionario_listadoEmpleadoj_idt64"), "Constantino"): Text 'Constantino' is set on object 'Object Repository/Modulo compensaciones/Listado_Empleados/input_Nombre Funcionario_listadoEmpleadoj_idt64'

2022-02-21 15:54:01 - [MESSAGE][PASSED] - Text 'Constantino' is set on object 'Object Repository/Modulo compensaciones/Listado_Empleados/input_Nombre Funcionario_listadoEmpleadoj_idt64'

2022-02-21 15:54:01 - [TEST_STEP][PASSED] - sendKeys(findTestObject("Modulo compensaciones/Listado_Empleados/input_Nombre Funcionario_listadoEmpleadoj_idt64"), Keys.chord(ENTER)): Keys 'ENTER + ' sent to object: 'Object Repository/Modulo compensaciones/Listado_Empleados/input_Nombre Funcionario_listadoEmpleadoj_idt64'

2022-02-21 15:54:02 - [MESSAGE][PASSED] - Keys 'ENTER + ' sent to object: 'Object Repository/Modulo compensaciones/Listado_Empleados/input_Nombre Funcionario_listadoEmpleadoj_idt64'

2022-02-21 15:54:02 - [TEST_STEP][PASSED] - click(findTestObject("Modulo compensaciones/Listado_Empleados/span_Constantino Jhon")): Object: 'Object Repository/Modulo compensaciones/Listado_Empleados/span_Constantino Jhon' is clicked on

2022-02-21 15:54:03 - [MESSAGE][PASSED] - Object: 'Object Repository/Modulo compensaciones/Listado_Empleados/span_Constantino Jhon' is clicked on

2022-02-21 15:54:03 - [TEST_STEP][PASSED] - click(findTestObject("Modulo compensaciones/Listado_Empleados/a_Liquidacin Periodica")): Object: 'Object Repository/Modulo compensaciones/Listado_Empleados/a_Liquidacin Periodica' is clicked on

2022-02-21 15:54:03 - [MESSAGE][PASSED] - Object: 'Object Repository/Modulo compensaciones/Listado_Empleados/a_Liquidacin Periodica' is clicked on

2022-02-21 15:54:03 - [TEST_STEP][PASSED] - selectOptionByIndex(findTestObject("Modulo compensaciones/Listado_Empleados/select_-- seleccione --BC - PRESTAMO BANCOLOMBIAPC - PRESTAMO COMPAA"), 2): All options with index in [2] are selected on object 'Object Repository/Modulo compensaciones/Listado_Empleados/select_-- seleccione --BC - PRESTAMO BANCOLOMBIAPC - PRESTAMO COMPAA'

2022-02-21 15:54:05 - [MESSAGE][PASSED] - All options with index in [2] are selected on object 'Object Repository/Modulo compensaciones/Listado_Empleados/select_-- seleccione --BC - PRESTAMO BANCOLOMBIAPC - PRESTAMO COMPAA'

2022-02-21 15:54:05 - [TEST_STEP][PASSED] - if (waitForElementVisible(findTestObject("Modulo compensaciones/Listado_Empleados/span_281"), 1)): null

2022-02-21 15:54:06 - [MESSAGE][PASSED] - Object 'Object Repository/Modulo compensaciones/Listado_Empleados/span_281' is visible

2022-02-21 15:54:06 - [TEST_STEP][PASSED] - click(findTestObject("Modulo compensaciones/Listado_Empleados/span_281")): Object: 'Object Repository/Modulo compensaciones/Listado_Empleados/span_281' is clicked on

2022-02-21 15:54:06 - [MESSAGE][PASSED] - Object: 'Object Repository/Modulo compensaciones/Listado_Empleados/span_281' is clicked on

2022-02-21 15:54:06 - [TEST_STEP][PASSED] - click(findTestObject("Modulo compensaciones/Listado_Empleados/a_ReversarEliminar")): Object: 'Object Repository/Modulo compensaciones/Listado_Empleados/a_ReversarEliminar' is clicked on

2022-02-21 15:54:09 - [MESSAGE][PASSED] - Object: 'Object Repository/Modulo compensaciones/Listado_Empleados/a_ReversarEliminar' is clicked on

2022-02-21 15:54:09 - [TEST_STEP][PASSED] - click(findTestObject("Modulo compensaciones/Listado_Empleados/a_Aceptar")): Object: 'Object Repository/Modulo compensaciones/Listado_Empleados/a_Aceptar' is clicked on

2022-02-21 15:54:11 - [MESSAGE][PASSED] - Object: 'Object Repository/Modulo compensaciones/Listado_Empleados/a_Aceptar' is clicked on

2022-02-21 15:54:11 - [TEST_STEP][PASSED] - closeBrowser(): Browser is closed

2022-02-21 15:54:11 - [MESSAGE][PASSED] - Browser is closed]]></system-out>
         <system-err><![CDATA[]]></system-err>
      </testcase>
      <testcase name="Test Cases/11.1-Pruebas_compensaciones/11.1.6-Liquidación_Nomina" time="18.939" classname="Test Cases/11.1-Pruebas_compensaciones/11.1.6-Liquidación_Nomina" status="PASSED">
         <system-out><![CDATA[2022-02-21 15:54:11 - [TEST_CASE][PASSED] - Test Cases/11.1-Pruebas_compensaciones/11.1.6-Liquidación_Nomina: Test Cases/11.1-Pruebas_compensaciones/11.1.6-Liquidación_Nomina

2022-02-21 15:54:12 - [TEST_STEP][PASSED] - callTestCase(findTestCase("0.1-Login"), [:], STOP_ON_FAILURE): Call Test Case 'Test Cases/0.1-Login' successfully

2022-02-21 15:54:12 - [TEST_CASE][PASSED] - Test Cases/0.1-Login: Test Cases/0.1-Login

2022-02-21 15:54:12 - [TEST_STEP][PASSED] - openBrowser(""): Browser is opened with url: ''

2022-02-21 15:54:12 - [MESSAGE][INFO] - Starting 'Chrome' driver

2022-02-21 15:54:12 - [MESSAGE][INFO] - Action delay is set to 0 milliseconds

2022-02-21 15:54:13 - [MESSAGE][PASSED] - Browser is opened with url: ''

2022-02-21 15:54:13 - [TEST_STEP][PASSED] - maximizeWindow(): Current window maximized

2022-02-21 15:54:13 - [MESSAGE][PASSED] - Current window maximized

2022-02-21 15:54:13 - [TEST_STEP][PASSED] - i = G_Login: null

2022-02-21 15:54:13 - [TEST_STEP][PASSED] - url = new java.net.URL(i): null

2022-02-21 15:54:13 - [TEST_STEP][PASSED] - println("URL: " + url.toString()): null

2022-02-21 15:54:13 - [TEST_STEP][PASSED] - connection = url.openConnection(): null

2022-02-21 15:54:13 - [TEST_STEP][PASSED] - connection.setRequestMethod("GET"): null

2022-02-21 15:54:13 - [TEST_STEP][PASSED] - connection.setReadTimeout(2 * 1000): null

2022-02-21 15:54:13 - [TEST_STEP][PASSED] - try: null

2022-02-21 15:54:13 - [TEST_STEP][PASSED] - connection.connect(): null

2022-02-21 15:54:13 - [TEST_STEP][PASSED] - flag = connected: null

2022-02-21 15:54:13 - [TEST_STEP][PASSED] - println("Valor_ori: " + flag): null

2022-02-21 15:54:13 - [TEST_STEP][PASSED] - if (flag): null

2022-02-21 15:54:13 - [TEST_STEP][PASSED] - navigateToUrl(i): Navigate to 'http://192.168.2.80:8380/saraweb' successfully

2022-02-21 15:54:14 - [MESSAGE][PASSED] - Navigate to 'http://192.168.2.80:8380/saraweb' successfully

2022-02-21 15:54:14 - [TEST_STEP][PASSED] - a(): null

2022-02-21 15:54:14 - [TEST_STEP][PASSED] - setText(findTestObject("Login/input_USUARIO_loginusuario"), G_Usuario): Text 'saraadmin' is set on object 'Object Repository/Login/input_USUARIO_loginusuario'

2022-02-21 15:54:15 - [MESSAGE][PASSED] - Text 'saraadmin' is set on object 'Object Repository/Login/input_USUARIO_loginusuario'

2022-02-21 15:54:15 - [TEST_STEP][PASSED] - setEncryptedText(findTestObject("Login/input_CLAVE_loginpassword"), "MkG4/TYiCFC3cb2driP7+Q=="): Text ****** has been set on object 'Object Repository/Login/input_CLAVE_loginpassword'

2022-02-21 15:54:15 - [MESSAGE][PASSED] - Text ****** has been set on object 'Object Repository/Login/input_CLAVE_loginpassword'

2022-02-21 15:54:15 - [TEST_STEP][PASSED] - waitForElementClickable(findTestObject("Login/a_Ingresar"), G_TimeOut): Object 'Object Repository/Login/a_Ingresar' is clickable

2022-02-21 15:54:15 - [MESSAGE][PASSED] - Object 'Object Repository/Login/a_Ingresar' is clickable

2022-02-21 15:54:15 - [TEST_STEP][PASSED] - click(findTestObject("Login/a_Ingresar")): Object: 'Object Repository/Login/a_Ingresar' is clicked on

2022-02-21 15:54:16 - [MESSAGE][PASSED] - Object: 'Object Repository/Login/a_Ingresar' is clicked on

2022-02-21 15:54:16 - [TEST_STEP][PASSED] - element = findWebElement(findTestObject("Login/a_Ir"), 30): null

2022-02-21 15:54:17 - [TEST_STEP][PASSED] - executeJavaScript("arguments[0].click()", Arrays.asList(element)): Execute JavaScript 'arguments[0].click()' successfully

2022-02-21 15:54:17 - [MESSAGE][PASSED] - Execute JavaScript 'arguments[0].click()' successfully

2022-02-21 15:54:17 - [MESSAGE][PASSED] - Call Test Case 'Test Cases/0.1-Login' successfully

2022-02-21 15:54:17 - [TEST_STEP][PASSED] - setText(findTestObject("Modulo compensaciones/Liquidación_Nomina0/input_Empresa 1_form_templatej_idt24_input"), "liquidacion nomina"): Text 'liquidacion nomina' is set on object 'Object Repository/Modulo compensaciones/Liquidación_Nomina0/input_Empresa 1_form_templatej_idt24_input'

2022-02-21 15:54:18 - [MESSAGE][PASSED] - Text 'liquidacion nomina' is set on object 'Object Repository/Modulo compensaciones/Liquidación_Nomina0/input_Empresa 1_form_templatej_idt24_input'

2022-02-21 15:54:18 - [TEST_STEP][PASSED] - click(findTestObject("Modulo compensaciones/Liquidación_Nomina0/li_Liquidacion Nomina (com)")): Object: 'Object Repository/Modulo compensaciones/Liquidación_Nomina0/li_Liquidacion Nomina (com)' is clicked on

2022-02-21 15:54:19 - [MESSAGE][PASSED] - Object: 'Object Repository/Modulo compensaciones/Liquidación_Nomina0/li_Liquidacion Nomina (com)' is clicked on

2022-02-21 15:54:19 - [TEST_STEP][PASSED] - click(findTestObject("Modulo compensaciones/Liquidación_Nomina0/a_Periodo Nomina_LiquidacionNominaj_idt68")): Object: 'Object Repository/Modulo compensaciones/Liquidación_Nomina0/a_Periodo Nomina_LiquidacionNominaj_idt68' is clicked on

2022-02-21 15:54:20 - [MESSAGE][PASSED] - Object: 'Object Repository/Modulo compensaciones/Liquidación_Nomina0/a_Periodo Nomina_LiquidacionNominaj_idt68' is clicked on

2022-02-21 15:54:20 - [TEST_STEP][PASSED] - selectOptionByIndex(findTestObject("Modulo compensaciones/Liquidación_Nomina0/select_--  Seleccione  --Periodo CerradoPeriodo en Proceso"), 2): All options with index in [2] are selected on object 'Object Repository/Modulo compensaciones/Liquidación_Nomina0/select_--  Seleccione  --Periodo CerradoPeriodo en Proceso'

2022-02-21 15:54:22 - [MESSAGE][PASSED] - All options with index in [2] are selected on object 'Object Repository/Modulo compensaciones/Liquidación_Nomina0/select_--  Seleccione  --Periodo CerradoPeriodo en Proceso'

2022-02-21 15:54:22 - [TEST_STEP][PASSED] - click(findTestObject("Modulo compensaciones/Liquidación_Nomina0/span_P. MensualJulio2021")): Object: 'Object Repository/Modulo compensaciones/Liquidación_Nomina0/span_P. MensualJulio2021' is clicked on

2022-02-21 15:54:22 - [MESSAGE][PASSED] - Object: 'Object Repository/Modulo compensaciones/Liquidación_Nomina0/span_P. MensualJulio2021' is clicked on

2022-02-21 15:54:22 - [TEST_STEP][PASSED] - click(findTestObject("Modulo compensaciones/Liquidación_Nomina0/a_Nombre Persona_LiquidacionNominaj_idt126")): Object: 'Object Repository/Modulo compensaciones/Liquidación_Nomina0/a_Nombre Persona_LiquidacionNominaj_idt126' is clicked on

2022-02-21 15:54:23 - [MESSAGE][PASSED] - Object: 'Object Repository/Modulo compensaciones/Liquidación_Nomina0/a_Nombre Persona_LiquidacionNominaj_idt126' is clicked on

2022-02-21 15:54:23 - [TEST_STEP][PASSED] - setText(findTestObject("Modulo compensaciones/Liquidación_Nomina0/input_Filtro Empleado_form_popupEmpleadoj_idt2433"), "1026588953"): Text '1026588953' is set on object 'Object Repository/Modulo compensaciones/Liquidación_Nomina0/input_Filtro Empleado_form_popupEmpleadoj_idt2433'

2022-02-21 15:54:24 - [MESSAGE][PASSED] - Text '1026588953' is set on object 'Object Repository/Modulo compensaciones/Liquidación_Nomina0/input_Filtro Empleado_form_popupEmpleadoj_idt2433'

2022-02-21 15:54:24 - [TEST_STEP][PASSED] - sendKeys(findTestObject("Modulo compensaciones/Liquidación_Nomina0/input_Filtro Empleado_form_popupEmpleadoj_idt2433"), Keys.chord(ENTER)): Keys 'ENTER + ' sent to object: 'Object Repository/Modulo compensaciones/Liquidación_Nomina0/input_Filtro Empleado_form_popupEmpleadoj_idt2433'

2022-02-21 15:54:25 - [MESSAGE][PASSED] - Keys 'ENTER + ' sent to object: 'Object Repository/Modulo compensaciones/Liquidación_Nomina0/input_Filtro Empleado_form_popupEmpleadoj_idt2433'

2022-02-21 15:54:25 - [TEST_STEP][PASSED] - click(findTestObject("Modulo compensaciones/Liquidación_Nomina0/span_Constantino Jhon")): Object: 'Object Repository/Modulo compensaciones/Liquidación_Nomina0/span_Constantino Jhon' is clicked on

2022-02-21 15:54:26 - [MESSAGE][PASSED] - Object: 'Object Repository/Modulo compensaciones/Liquidación_Nomina0/span_Constantino Jhon' is clicked on

2022-02-21 15:54:26 - [TEST_STEP][PASSED] - click(findTestObject("Modulo compensaciones/Liquidación_Nomina0/td_Aya Silva Cindy Ximena"), STOP_ON_FAILURE): Object: 'Object Repository/Modulo compensaciones/Liquidación_Nomina0/td_Aya Silva Cindy Ximena' is clicked on

2022-02-21 15:54:27 - [MESSAGE][PASSED] - Object: 'Object Repository/Modulo compensaciones/Liquidación_Nomina0/td_Aya Silva Cindy Ximena' is clicked on

2022-02-21 15:54:27 - [TEST_STEP][PASSED] - click(findTestObject("a_Guardar")): Object: 'Object Repository/a_Guardar' is clicked on

2022-02-21 15:54:29 - [MESSAGE][PASSED] - Object: 'Object Repository/a_Guardar' is clicked on

2022-02-21 15:54:29 - [TEST_STEP][PASSED] - if (waitForElementVisible(findTestObject("Modulo compensaciones/Liquidación_Nomina0/p_Se guardo el mensaje"), 1)): null

2022-02-21 15:54:30 - [MESSAGE][PASSED] - Object 'Object Repository/Modulo compensaciones/Liquidación_Nomina0/p_Se guardo el mensaje' is visible

2022-02-21 15:54:30 - [TEST_STEP][PASSED] - closeBrowser(): Browser is closed

2022-02-21 15:54:30 - [MESSAGE][PASSED] - Browser is closed]]></system-out>
         <system-err><![CDATA[]]></system-err>
      </testcase>
      <testcase name="Test Cases/11.1-Pruebas_compensaciones/11.1.7-Listado_Empleados" time="0.418" classname="Test Cases/11.1-Pruebas_compensaciones/11.1.7-Listado_Empleados" status="ERROR">
         <error type="ERROR" message="Test Cases/11.1-Pruebas_compensaciones/11.1.7-Listado_Empleados FAILED.
Reason:
org.codehaus.groovy.control.MultipleCompilationErrorsException: startup failed:
file:/C:/Users/diego.rojas/git/Pruebas-Minimas/Scripts/11.1-Pruebas_compensaciones/11.1.7-Listado_Empleados/Script1643832386378.groovy: 72: The current scope already contains a variable of the name totalA
 @ line 72, column 12.
       String totalA = WebUI.getText(findTestObject('Modulo compensaciones/Listado_Empleados/input_Total Abonado_form_liquidacionesPeriodicasEmpleadotabLiquidacionesPeriodicasabono'))
              ^

1 error

	at com.kms.katalon.core.main.ScriptEngine.getScript(ScriptEngine.java:199)
	at com.kms.katalon.core.main.ScriptEngine.run(ScriptEngine.java:194)
	at com.kms.katalon.core.main.ScriptEngine.runScriptAsRawText(ScriptEngine.java:119)
	at com.kms.katalon.core.main.TestCaseExecutor.runScript(TestCaseExecutor.java:442)
	at com.kms.katalon.core.main.TestCaseExecutor.doExecute(TestCaseExecutor.java:433)
	at com.kms.katalon.core.main.TestCaseExecutor.processExecutionPhase(TestCaseExecutor.java:412)
	at com.kms.katalon.core.main.TestCaseExecutor.accessMainPhase(TestCaseExecutor.java:404)
	at com.kms.katalon.core.main.TestCaseExecutor.execute(TestCaseExecutor.java:281)
	at com.kms.katalon.core.main.TestSuiteExecutor.accessTestCaseMainPhase(TestSuiteExecutor.java:202)
	at com.kms.katalon.core.main.TestSuiteExecutor.accessTestSuiteMainPhase(TestSuiteExecutor.java:164)
	at com.kms.katalon.core.main.TestSuiteExecutor.execute(TestSuiteExecutor.java:105)
	at com.kms.katalon.core.main.TestCaseMain.startTestSuite(TestCaseMain.java:185)
	at com.kms.katalon.core.main.TestCaseMain$startTestSuite$0.call(Unknown Source)
	at TempTestSuite1645473927215.run(TempTestSuite1645473927215.groovy:36)
"/>
         <system-out><![CDATA[2022-02-21 15:54:30 - [TEST_CASE][ERROR] - Test Cases/11.1-Pruebas_compensaciones/11.1.7-Listado_Empleados: Test Cases/11.1-Pruebas_compensaciones/11.1.7-Listado_Empleados FAILED.
Reason:
org.codehaus.groovy.control.MultipleCompilationErrorsException: startup failed:
file:/C:/Users/diego.rojas/git/Pruebas-Minimas/Scripts/11.1-Pruebas_compensaciones/11.1.7-Listado_Empleados/Script1643832386378.groovy: 72: The current scope already contains a variable of the name totalA
 @ line 72, column 12.
       String totalA = WebUI.getText(findTestObject('Modulo compensaciones/Listado_Empleados/input_Total Abonado_form_liquidacionesPeriodicasEmpleadotabLiquidacionesPeriodicasabono'))
              ^

1 error

	at com.kms.katalon.core.main.ScriptEngine.getScript(ScriptEngine.java:199)
	at com.kms.katalon.core.main.ScriptEngine.run(ScriptEngine.java:194)
	at com.kms.katalon.core.main.ScriptEngine.runScriptAsRawText(ScriptEngine.java:119)
	at com.kms.katalon.core.main.TestCaseExecutor.runScript(TestCaseExecutor.java:442)
	at com.kms.katalon.core.main.TestCaseExecutor.doExecute(TestCaseExecutor.java:433)
	at com.kms.katalon.core.main.TestCaseExecutor.processExecutionPhase(TestCaseExecutor.java:412)
	at com.kms.katalon.core.main.TestCaseExecutor.accessMainPhase(TestCaseExecutor.java:404)
	at com.kms.katalon.core.main.TestCaseExecutor.execute(TestCaseExecutor.java:281)
	at com.kms.katalon.core.main.TestSuiteExecutor.accessTestCaseMainPhase(TestSuiteExecutor.java:202)
	at com.kms.katalon.core.main.TestSuiteExecutor.accessTestSuiteMainPhase(TestSuiteExecutor.java:164)
	at com.kms.katalon.core.main.TestSuiteExecutor.execute(TestSuiteExecutor.java:105)
	at com.kms.katalon.core.main.TestCaseMain.startTestSuite(TestCaseMain.java:185)
	at com.kms.katalon.core.main.TestCaseMain$startTestSuite$0.call(Unknown Source)
	at TempTestSuite1645473927215.run(TempTestSuite1645473927215.groovy:36)]]></system-out>
         <system-err><![CDATA[2022-02-21 15:54:30 - [TEST_CASE][ERROR] - Test Cases/11.1-Pruebas_compensaciones/11.1.7-Listado_Empleados: Test Cases/11.1-Pruebas_compensaciones/11.1.7-Listado_Empleados FAILED.
Reason:
org.codehaus.groovy.control.MultipleCompilationErrorsException: startup failed:
file:/C:/Users/diego.rojas/git/Pruebas-Minimas/Scripts/11.1-Pruebas_compensaciones/11.1.7-Listado_Empleados/Script1643832386378.groovy: 72: The current scope already contains a variable of the name totalA
 @ line 72, column 12.
       String totalA = WebUI.getText(findTestObject('Modulo compensaciones/Listado_Empleados/input_Total Abonado_form_liquidacionesPeriodicasEmpleadotabLiquidacionesPeriodicasabono'))
              ^

1 error

	at com.kms.katalon.core.main.ScriptEngine.getScript(ScriptEngine.java:199)
	at com.kms.katalon.core.main.ScriptEngine.run(ScriptEngine.java:194)
	at com.kms.katalon.core.main.ScriptEngine.runScriptAsRawText(ScriptEngine.java:119)
	at com.kms.katalon.core.main.TestCaseExecutor.runScript(TestCaseExecutor.java:442)
	at com.kms.katalon.core.main.TestCaseExecutor.doExecute(TestCaseExecutor.java:433)
	at com.kms.katalon.core.main.TestCaseExecutor.processExecutionPhase(TestCaseExecutor.java:412)
	at com.kms.katalon.core.main.TestCaseExecutor.accessMainPhase(TestCaseExecutor.java:404)
	at com.kms.katalon.core.main.TestCaseExecutor.execute(TestCaseExecutor.java:281)
	at com.kms.katalon.core.main.TestSuiteExecutor.accessTestCaseMainPhase(TestSuiteExecutor.java:202)
	at com.kms.katalon.core.main.TestSuiteExecutor.accessTestSuiteMainPhase(TestSuiteExecutor.java:164)
	at com.kms.katalon.core.main.TestSuiteExecutor.execute(TestSuiteExecutor.java:105)
	at com.kms.katalon.core.main.TestCaseMain.startTestSuite(TestCaseMain.java:185)
	at com.kms.katalon.core.main.TestCaseMain$startTestSuite$0.call(Unknown Source)
	at TempTestSuite1645473927215.run(TempTestSuite1645473927215.groovy:36)]]></system-err>
      </testcase>
      <system-out><![CDATA[2022-02-21 15:52:31 - [TEST_SUITE][ERROR] - 11-Pruebas_Compensaciones: Test Cases/11.1-Pruebas_compensaciones/11.1.7-Listado_Empleados FAILED.
Reason:
org.codehaus.groovy.control.MultipleCompilationErrorsException: startup failed:
file:/C:/Users/diego.rojas/git/Pruebas-Minimas/Scripts/11.1-Pruebas_compensaciones/11.1.7-Listado_Empleados/Script1643832386378.groovy: 72: The current scope already contains a variable of the name totalA
 @ line 72, column 12.
       String totalA = WebUI.getText(findTestObject('Modulo compensaciones/Listado_Empleados/input_Total Abonado_form_liquidacionesPeriodicasEmpleadotabLiquidacionesPeriodicasabono'))
              ^

1 error

	at com.kms.katalon.core.main.ScriptEngine.getScript(ScriptEngine.java:199)
	at com.kms.katalon.core.main.ScriptEngine.run(ScriptEngine.java:194)
	at com.kms.katalon.core.main.ScriptEngine.runScriptAsRawText(ScriptEngine.java:119)
	at com.kms.katalon.core.main.TestCaseExecutor.runScript(TestCaseExecutor.java:442)
	at com.kms.katalon.core.main.TestCaseExecutor.doExecute(TestCaseExecutor.java:433)
	at com.kms.katalon.core.main.TestCaseExecutor.processExecutionPhase(TestCaseExecutor.java:412)
	at com.kms.katalon.core.main.TestCaseExecutor.accessMainPhase(TestCaseExecutor.java:404)
	at com.kms.katalon.core.main.TestCaseExecutor.execute(TestCaseExecutor.java:281)
	at com.kms.katalon.core.main.TestSuiteExecutor.accessTestCaseMainPhase(TestSuiteExecutor.java:202)
	at com.kms.katalon.core.main.TestSuiteExecutor.accessTestSuiteMainPhase(TestSuiteExecutor.java:164)
	at com.kms.katalon.core.main.TestSuiteExecutor.execute(TestSuiteExecutor.java:105)
	at com.kms.katalon.core.main.TestCaseMain.startTestSuite(TestCaseMain.java:185)
	at com.kms.katalon.core.main.TestCaseMain$startTestSuite$0.call(Unknown Source)
	at TempTestSuite1645473927215.run(TempTestSuite1645473927215.groovy:36)]]></system-out>
      <system-err><![CDATA[2022-02-21 15:52:31 - [TEST_SUITE][ERROR] - 11-Pruebas_Compensaciones: Test Cases/11.1-Pruebas_compensaciones/11.1.7-Listado_Empleados FAILED.
Reason:
org.codehaus.groovy.control.MultipleCompilationErrorsException: startup failed:
file:/C:/Users/diego.rojas/git/Pruebas-Minimas/Scripts/11.1-Pruebas_compensaciones/11.1.7-Listado_Empleados/Script1643832386378.groovy: 72: The current scope already contains a variable of the name totalA
 @ line 72, column 12.
       String totalA = WebUI.getText(findTestObject('Modulo compensaciones/Listado_Empleados/input_Total Abonado_form_liquidacionesPeriodicasEmpleadotabLiquidacionesPeriodicasabono'))
              ^

1 error

	at com.kms.katalon.core.main.ScriptEngine.getScript(ScriptEngine.java:199)
	at com.kms.katalon.core.main.ScriptEngine.run(ScriptEngine.java:194)
	at com.kms.katalon.core.main.ScriptEngine.runScriptAsRawText(ScriptEngine.java:119)
	at com.kms.katalon.core.main.TestCaseExecutor.runScript(TestCaseExecutor.java:442)
	at com.kms.katalon.core.main.TestCaseExecutor.doExecute(TestCaseExecutor.java:433)
	at com.kms.katalon.core.main.TestCaseExecutor.processExecutionPhase(TestCaseExecutor.java:412)
	at com.kms.katalon.core.main.TestCaseExecutor.accessMainPhase(TestCaseExecutor.java:404)
	at com.kms.katalon.core.main.TestCaseExecutor.execute(TestCaseExecutor.java:281)
	at com.kms.katalon.core.main.TestSuiteExecutor.accessTestCaseMainPhase(TestSuiteExecutor.java:202)
	at com.kms.katalon.core.main.TestSuiteExecutor.accessTestSuiteMainPhase(TestSuiteExecutor.java:164)
	at com.kms.katalon.core.main.TestSuiteExecutor.execute(TestSuiteExecutor.java:105)
	at com.kms.katalon.core.main.TestCaseMain.startTestSuite(TestCaseMain.java:185)
	at com.kms.katalon.core.main.TestCaseMain$startTestSuite$0.call(Unknown Source)
	at TempTestSuite1645473927215.run(TempTestSuite1645473927215.groovy:36)]]></system-err>
   </testsuite>
</testsuites>
