<?xml version="1.0" encoding="UTF-8"?>
<testsuites name="1-Tareas_secundarias" time="6008.309" tests="121" failures="23" errors="0">
   <testsuite name="1-Tareas_secundarias" tests="121" failures="23" errors="0" time="6008.309" skipped="0" timestamp="2023-03-09 12:36:17" hostname="diego.rojas - US-AF-000371" id="Test Suites/Test_Suite_Secundaria/1-Tareas_secundarias">
      <properties>
         <property name="deviceName" value=""/>
         <property name="devicePlatform" value=""/>
         <property name="logFolder" value="C:\\Users\\diego.rojas\\git\\Pruebas-Minimas\\Reports\\20230309_123606\\Test_Suite_Secundaria\\1-Tareas_secundarias\\20230309_123606"/>
         <property name="logFiles" value="C:\\Users\\diego.rojas\\git\\Pruebas-Minimas\\Reports\\20230309_123606\\Test_Suite_Secundaria\\1-Tareas_secundarias\\20230309_123606\\execution0.log, C:\\Users\\diego.rojas\\git\\Pruebas-Minimas\\Reports\\20230309_123606\\Test_Suite_Secundaria\\1-Tareas_secundarias\\20230309_123606\\execution1.log"/>
         <property name="attachments" value="C:\\Users\\diego.rojas\\git\\Pruebas-Minimas\\Reports\\20230309_123606\\Test_Suite_Secundaria\\1-Tareas_secundarias\\20230309_123606\\1678383638020.png, C:\\Users\\diego.rojas\\git\\Pruebas-Minimas\\Reports\\20230309_123606\\Test_Suite_Secundaria\\1-Tareas_secundarias\\20230309_123606\\1678384592076.png, C:\\Users\\diego.rojas\\git\\Pruebas-Minimas\\Reports\\20230309_123606\\Test_Suite_Secundaria\\1-Tareas_secundarias\\20230309_123606\\1678385140832.png, C:\\Users\\diego.rojas\\git\\Pruebas-Minimas\\Reports\\20230309_123606\\Test_Suite_Secundaria\\1-Tareas_secundarias\\20230309_123606\\1678386067456.png, C:\\Users\\diego.rojas\\git\\Pruebas-Minimas\\Reports\\20230309_123606\\Test_Suite_Secundaria\\1-Tareas_secundarias\\20230309_123606\\1678386162367.png, C:\\Users\\diego.rojas\\git\\Pruebas-Minimas\\Reports\\20230309_123606\\Test_Suite_Secundaria\\1-Tareas_secundarias\\20230309_123606\\1678386219222.png, C:\\Users\\diego.rojas\\git\\Pruebas-Minimas\\Reports\\20230309_123606\\Test_Suite_Secundaria\\1-Tareas_secundarias\\20230309_123606\\1678386335968.png, C:\\Users\\diego.rojas\\git\\Pruebas-Minimas\\Reports\\20230309_123606\\Test_Suite_Secundaria\\1-Tareas_secundarias\\20230309_123606\\1678386905616.png, C:\\Users\\diego.rojas\\git\\Pruebas-Minimas\\Reports\\20230309_123606\\Test_Suite_Secundaria\\1-Tareas_secundarias\\20230309_123606\\1678387021226.png, C:\\Users\\diego.rojas\\git\\Pruebas-Minimas\\Reports\\20230309_123606\\Test_Suite_Secundaria\\1-Tareas_secundarias\\20230309_123606\\1678387159991.png, C:\\Users\\diego.rojas\\git\\Pruebas-Minimas\\Reports\\20230309_123606\\Test_Suite_Secundaria\\1-Tareas_secundarias\\20230309_123606\\1678387304687.png, C:\\Users\\diego.rojas\\git\\Pruebas-Minimas\\Reports\\20230309_123606\\Test_Suite_Secundaria\\1-Tareas_secundarias\\20230309_123606\\1678387362959.png, C:\\Users\\diego.rojas\\git\\Pruebas-Minimas\\Reports\\20230309_123606\\Test_Suite_Secundaria\\1-Tareas_secundarias\\20230309_123606\\1678387443492.png, C:\\Users\\diego.rojas\\git\\Pruebas-Minimas\\Reports\\20230309_123606\\Test_Suite_Secundaria\\1-Tareas_secundarias\\20230309_123606\\1678387977813.png, C:\\Users\\diego.rojas\\git\\Pruebas-Minimas\\Reports\\20230309_123606\\Test_Suite_Secundaria\\1-Tareas_secundarias\\20230309_123606\\1678388071119.png, C:\\Users\\diego.rojas\\git\\Pruebas-Minimas\\Reports\\20230309_123606\\Test_Suite_Secundaria\\1-Tareas_secundarias\\20230309_123606\\1678388400659.png, C:\\Users\\diego.rojas\\git\\Pruebas-Minimas\\Reports\\20230309_123606\\Test_Suite_Secundaria\\1-Tareas_secundarias\\20230309_123606\\1678388467078.png, C:\\Users\\diego.rojas\\git\\Pruebas-Minimas\\Reports\\20230309_123606\\Test_Suite_Secundaria\\1-Tareas_secundarias\\20230309_123606\\1678388532562.png, C:\\Users\\diego.rojas\\git\\Pruebas-Minimas\\Reports\\20230309_123606\\Test_Suite_Secundaria\\1-Tareas_secundarias\\20230309_123606\\1678388600202.png, C:\\Users\\diego.rojas\\git\\Pruebas-Minimas\\Reports\\20230309_123606\\Test_Suite_Secundaria\\1-Tareas_secundarias\\20230309_123606\\1678388665756.png, C:\\Users\\diego.rojas\\git\\Pruebas-Minimas\\Reports\\20230309_123606\\Test_Suite_Secundaria\\1-Tareas_secundarias\\20230309_123606\\1678388727912.png, C:\\Users\\diego.rojas\\git\\Pruebas-Minimas\\Reports\\20230309_123606\\Test_Suite_Secundaria\\1-Tareas_secundarias\\20230309_123606\\1678388785835.png, C:\\Users\\diego.rojas\\git\\Pruebas-Minimas\\Reports\\20230309_123606\\Test_Suite_Secundaria\\1-Tareas_secundarias\\20230309_123606\\1678388843502.png"/>
         <property name="hostName" value="diego.rojas - US-AF-000371"/>
         <property name="os" value="Windows 10 64bit"/>
         <property name="katalonVersion" value="8.5.0.208"/>
         <property name="browser" value="Chrome 110.0.0.0"/>
         <property name="hostAddress" value="192.168.56.1"/>
         <property name="sessionId" value="32e9e0337895fe0603f2b943d060e7ea"/>
         <property name="seleniumVersion" value="3.141.59"/>
         <property name="proxyInformation" value="ProxyInformation { proxyOption=NO_PROXY, proxyServerType=HTTP, username=, password=********, proxyServerAddress=, proxyServerPort=0, executionList=&quot;&quot;, isApplyToDesiredCapabilities=true }"/>
         <property name="platform" value="Windows 10"/>
      </properties>
      <testcase name="Test Cases/1.2-Tareas_Secundarias/2.1-Pruebas_Hoja_de_Vida/2.1.0-Nueva_Categoria" time="37.175" classname="Test Cases/1.2-Tareas_Secundarias/2.1-Pruebas_Hoja_de_Vida/2.1.0-Nueva_Categoria" status="PASSED">
         <system-out><![CDATA[2023-03-09 12:36:18 - [TEST_CASE][PASSED] - Test Cases/1.2-Tareas_Secundarias/2.1-Pruebas_Hoja_de_Vida/2.1.0-Nueva_Categoria: Test Cases/1.2-Tareas_Secundarias/2.1-Pruebas_Hoja_de_Vida/2.1.0-Nueva_Categoria

2023-03-09 12:36:19 - [TEST_STEP][PASSED] - callTestCase(findTestCase("0.1.1-Login_detector"), [:], STOP_ON_FAILURE): Call Test Case 'Test Cases/0.1.1-Login_detector' successfully

2023-03-09 12:36:19 - [TEST_CASE][PASSED] - Test Cases/0.1.1-Login_detector: Test Cases/0.1.1-Login_detector

2023-03-09 12:36:19 - [TEST_STEP][PASSED] - openBrowser(""): Browser is opened with url: ''

2023-03-09 12:36:20 - [MESSAGE][INFO] - Starting 'Chrome' driver

2023-03-09 12:36:20 - [MESSAGE][INFO] - Action delay is set to 0 milliseconds

2023-03-09 12:36:22 - [MESSAGE][PASSED] - Browser is opened with url: ''

2023-03-09 12:36:22 - [TEST_STEP][PASSED] - maximizeWindow(): Current window maximized

2023-03-09 12:36:23 - [MESSAGE][PASSED] - Current window maximized

2023-03-09 12:36:23 - [TEST_STEP][PASSED] - i = G_Login: null

2023-03-09 12:36:23 - [TEST_STEP][PASSED] - url = new java.net.URL(i): null

2023-03-09 12:36:23 - [TEST_STEP][PASSED] - println("URL: " + url.toString()): null

2023-03-09 12:36:23 - [TEST_STEP][PASSED] - connection = url.openConnection(): null

2023-03-09 12:36:23 - [TEST_STEP][PASSED] - connection.setRequestMethod("GET"): null

2023-03-09 12:36:23 - [TEST_STEP][PASSED] - connection.setReadTimeout(2 * 1000): null

2023-03-09 12:36:23 - [TEST_STEP][PASSED] - try: null

2023-03-09 12:36:23 - [TEST_STEP][PASSED] - connection.connect(): null

2023-03-09 12:36:23 - [TEST_STEP][PASSED] - flag = connected: null

2023-03-09 12:36:23 - [TEST_STEP][PASSED] - println("Valor_ori: " + flag): null

2023-03-09 12:36:23 - [TEST_STEP][PASSED] - if (flag): null

2023-03-09 12:36:23 - [TEST_STEP][PASSED] - navigateToUrl(i): Navigate to 'http://192.168.2.19:7001/saraweb' successfully

2023-03-09 12:36:25 - [MESSAGE][PASSED] - Navigate to 'http://192.168.2.19:7001/saraweb' successfully

2023-03-09 12:36:25 - [TEST_STEP][PASSED] - a(): null

2023-03-09 12:36:25 - [TEST_STEP][PASSED] - USER = G_Usuario: null

2023-03-09 12:36:25 - [TEST_STEP][PASSED] - if (USER == "weblogic"): Call Test Case 'Test Cases/0.1-Login' successfully

2023-03-09 12:36:25 - [TEST_STEP][PASSED] - callTestCase(findTestCase("0.1.2-Versión"), [:], STOP_ON_FAILURE): Call Test Case 'Test Cases/0.1.2-Versión' successfully

2023-03-09 12:36:25 - [TEST_CASE][PASSED] - Test Cases/0.1.2-Versión: Test Cases/0.1.2-Versión

2023-03-09 12:36:26 - [TEST_STEP][PASSED] - openBrowser("http://192.168.2.19:7001/console/"): Browser is opened with url: 'http://192.168.2.19:7001/console/'

2023-03-09 12:36:26 - [MESSAGE][WARNING] - A browser is already opened. Closing browser and opening a new one

2023-03-09 12:36:26 - [MESSAGE][INFO] - Starting 'Chrome' driver

2023-03-09 12:36:26 - [MESSAGE][INFO] - Action delay is set to 0 milliseconds

2023-03-09 12:36:28 - [MESSAGE][PASSED] - Browser is opened with url: 'http://192.168.2.19:7001/console/'

2023-03-09 12:36:28 - [TEST_STEP][PASSED] - version = getText(findTestObject("3-OBJECTS UTILIDADES/versión/div_Versin de WebLogic Server 12.2.1.0.0")): Text of object 'Object Repository/3-OBJECTS UTILIDADES/versión/div_Versin de WebLogic Server 12.2.1.0.0' is: 'Versión de WebLogic Server: 12.2.1.0.0'

2023-03-09 12:36:29 - [MESSAGE][PASSED] - Text of object 'Object Repository/3-OBJECTS UTILIDADES/versión/div_Versin de WebLogic Server 12.2.1.0.0' is: 'Versión de WebLogic Server: 12.2.1.0.0'

2023-03-09 12:36:29 - [TEST_STEP][PASSED] - closeBrowser(): Browser is closed

2023-03-09 12:36:29 - [MESSAGE][PASSED] - Browser is closed

2023-03-09 12:36:29 - [MESSAGE][PASSED] - Call Test Case 'Test Cases/0.1.2-Versión' successfully

2023-03-09 12:36:29 - [TEST_STEP][PASSED] - callTestCase(findTestCase("0.1-Login"), [:], STOP_ON_FAILURE): Call Test Case 'Test Cases/0.1-Login' successfully

2023-03-09 12:36:29 - [TEST_CASE][PASSED] - Test Cases/0.1-Login: Test Cases/0.1-Login

2023-03-09 12:36:30 - [TEST_STEP][PASSED] - openBrowser(""): Browser is opened with url: ''

2023-03-09 12:36:30 - [MESSAGE][INFO] - Starting 'Chrome' driver

2023-03-09 12:36:30 - [MESSAGE][INFO] - Action delay is set to 0 milliseconds

2023-03-09 12:36:31 - [MESSAGE][PASSED] - Browser is opened with url: ''

2023-03-09 12:36:31 - [TEST_STEP][PASSED] - maximizeWindow(): Current window maximized

2023-03-09 12:36:32 - [MESSAGE][PASSED] - Current window maximized

2023-03-09 12:36:32 - [TEST_STEP][PASSED] - i = G_Login: null

2023-03-09 12:36:32 - [TEST_STEP][PASSED] - url = new java.net.URL(i): null

2023-03-09 12:36:32 - [TEST_STEP][PASSED] - println("URL: " + url.toString()): null

2023-03-09 12:36:32 - [TEST_STEP][PASSED] - connection = url.openConnection(): null

2023-03-09 12:36:32 - [TEST_STEP][PASSED] - connection.setRequestMethod("GET"): null

2023-03-09 12:36:32 - [TEST_STEP][PASSED] - connection.setReadTimeout(2 * 1000): null

2023-03-09 12:36:32 - [TEST_STEP][PASSED] - try: null

2023-03-09 12:36:32 - [TEST_STEP][PASSED] - connection.connect(): null

2023-03-09 12:36:32 - [TEST_STEP][PASSED] - flag = connected: null

2023-03-09 12:36:32 - [TEST_STEP][PASSED] - println("Valor_ori: " + flag): null

2023-03-09 12:36:32 - [TEST_STEP][PASSED] - if (flag): null

2023-03-09 12:36:32 - [TEST_STEP][PASSED] - navigateToUrl(i): Navigate to 'http://192.168.2.19:7001/saraweb' successfully

2023-03-09 12:36:33 - [MESSAGE][PASSED] - Navigate to 'http://192.168.2.19:7001/saraweb' successfully

2023-03-09 12:36:33 - [TEST_STEP][PASSED] - a(): null

2023-03-09 12:36:33 - [TEST_STEP][PASSED] - if (waitForElementVisible(findTestObject("3-OBJECTS UTILIDADES/Login/input_USUARIO_loginusuario"), 0)): null

2023-03-09 12:36:33 - [MESSAGE][WARNING] - Timeout '0' is invalid. Using default page load timeout: '37'

2023-03-09 12:36:33 - [MESSAGE][PASSED] - Object 'Object Repository/3-OBJECTS UTILIDADES/Login/input_USUARIO_loginusuario' is visible

2023-03-09 12:36:33 - [TEST_STEP][PASSED] - switchToWindowTitle("SARA"): Switched to window with title: 'SARA'

2023-03-09 12:36:33 - [MESSAGE][PASSED] - Switched to window with title: 'SARA'

2023-03-09 12:36:33 - [TEST_STEP][PASSED] - zoom(): null

2023-03-09 12:36:33 - [TEST_STEP][PASSED] - robot = new java.awt.Robot(): null

2023-03-09 12:36:34 - [TEST_STEP][PASSED] - robot.keyPress(VK_CONTROL): null

2023-03-09 12:36:34 - [TEST_STEP][PASSED] - robot.keyPress(VK_SUBTRACT): null

2023-03-09 12:36:34 - [TEST_STEP][PASSED] - robot.keyRelease(VK_CONTROL): null

2023-03-09 12:36:34 - [TEST_STEP][PASSED] - robot.keyRelease(VK_SUBTRACT): null

2023-03-09 12:36:34 - [TEST_STEP][PASSED] - robot.keyPress(VK_CONTROL): null

2023-03-09 12:36:34 - [TEST_STEP][PASSED] - robot.keyPress(VK_SUBTRACT): null

2023-03-09 12:36:34 - [TEST_STEP][PASSED] - robot.keyRelease(VK_CONTROL): null

2023-03-09 12:36:34 - [TEST_STEP][PASSED] - robot.keyRelease(VK_SUBTRACT): null

2023-03-09 12:36:34 - [TEST_STEP][PASSED] - robot.keyPress(VK_CONTROL): null

2023-03-09 12:36:34 - [TEST_STEP][PASSED] - robot.keyPress(VK_SUBTRACT): null

2023-03-09 12:36:34 - [TEST_STEP][PASSED] - robot.keyRelease(VK_CONTROL): null

2023-03-09 12:36:34 - [TEST_STEP][PASSED] - robot.keyRelease(VK_SUBTRACT): null

2023-03-09 12:36:34 - [TEST_STEP][PASSED] - robot.keyRelease(VK_CONTROL): null

2023-03-09 12:36:34 - [TEST_STEP][PASSED] - robot.keyRelease(VK_SUBTRACT): null

2023-03-09 12:36:34 - [TEST_STEP][PASSED] - setText(findTestObject("3-OBJECTS UTILIDADES/Login/input_USUARIO_loginusuario"), G_Usuario): Text 'weblogic' is set on object 'Object Repository/3-OBJECTS UTILIDADES/Login/input_USUARIO_loginusuario'

2023-03-09 12:36:34 - [MESSAGE][PASSED] - Text 'weblogic' is set on object 'Object Repository/3-OBJECTS UTILIDADES/Login/input_USUARIO_loginusuario'

2023-03-09 12:36:34 - [TEST_STEP][PASSED] - setEncryptedText(findTestObject("3-OBJECTS UTILIDADES/Login/input_CLAVE_loginpassword"), "SlAwMcyRKqrwbnzhAs8HhT6NnI7sEyng"): Text ****** has been set on object 'Object Repository/3-OBJECTS UTILIDADES/Login/input_CLAVE_loginpassword'

2023-03-09 12:36:38 - [MESSAGE][PASSED] - Text ****** has been set on object 'Object Repository/3-OBJECTS UTILIDADES/Login/input_CLAVE_loginpassword'

2023-03-09 12:36:38 - [TEST_STEP][PASSED] - while (waitForElementClickable(findTestObject("3-OBJECTS UTILIDADES/Login/a_Ingresar"), 1)): Web element with id: 'Object Repository/3-OBJECTS UTILIDADES/Login/a_Ingresar' located by '//a[contains(text(),'Ingresar')]' not found

2023-03-09 12:36:40 - [MESSAGE][INFO] - Unable to find the element located by 'By.xpath: //a[contains(text(),'Ingresar')]'. Please recheck the objects properties to make sure the desired element is located. 

2023-03-09 12:36:40 - [MESSAGE][WARNING] - Web element with id: 'Object Repository/3-OBJECTS UTILIDADES/Login/a_Ingresar' located by '//a[contains(text(),'Ingresar')]' not found

2023-03-09 12:36:40 - [MESSAGE][PASSED] - Call Test Case 'Test Cases/0.1-Login' successfully

2023-03-09 12:36:40 - [MESSAGE][PASSED] - Call Test Case 'Test Cases/0.1.1-Login_detector' successfully

2023-03-09 12:36:40 - [TEST_STEP][PASSED] - waitForElementClickable(findTestObject("2-OBJECTS TAREAS SECUNDARIAS/Pruebas Hoja de Vida/Nueva_Categoria/span_Categora_buscar glyphicons glyphicons-search"), 0): Object 'Object Repository/2-OBJECTS TAREAS SECUNDARIAS/Pruebas Hoja de Vida/Nueva_Categoria/span_Categora_buscar glyphicons glyphicons-search' is clickable

2023-03-09 12:36:40 - [MESSAGE][WARNING] - Timeout '0' is invalid. Using default page load timeout: '37'

2023-03-09 12:36:41 - [MESSAGE][PASSED] - Object 'Object Repository/2-OBJECTS TAREAS SECUNDARIAS/Pruebas Hoja de Vida/Nueva_Categoria/span_Categora_buscar glyphicons glyphicons-search' is clickable

2023-03-09 12:36:41 - [TEST_STEP][PASSED] - setText(findTestObject("2-OBJECTS TAREAS SECUNDARIAS/Pruebas Hoja de Vida/Nueva_Categoria/span_Categora_buscar glyphicons glyphicons-search"), "categoria"): Text 'categoria' is set on object 'Object Repository/2-OBJECTS TAREAS SECUNDARIAS/Pruebas Hoja de Vida/Nueva_Categoria/span_Categora_buscar glyphicons glyphicons-search'

2023-03-09 12:36:42 - [MESSAGE][PASSED] - Text 'categoria' is set on object 'Object Repository/2-OBJECTS TAREAS SECUNDARIAS/Pruebas Hoja de Vida/Nueva_Categoria/span_Categora_buscar glyphicons glyphicons-search'

2023-03-09 12:36:42 - [TEST_STEP][PASSED] - waitForElementVisible(findTestObject("2-OBJECTS TAREAS SECUNDARIAS/Pruebas Hoja de Vida/Nueva_Categoria/span_categoria"), 0): Object 'Object Repository/2-OBJECTS TAREAS SECUNDARIAS/Pruebas Hoja de Vida/Nueva_Categoria/span_categoria' is visible

2023-03-09 12:36:42 - [MESSAGE][WARNING] - Timeout '0' is invalid. Using default page load timeout: '37'

2023-03-09 12:36:43 - [MESSAGE][PASSED] - Object 'Object Repository/2-OBJECTS TAREAS SECUNDARIAS/Pruebas Hoja de Vida/Nueva_Categoria/span_categoria' is visible

2023-03-09 12:36:43 - [TEST_STEP][PASSED] - click(findTestObject("2-OBJECTS TAREAS SECUNDARIAS/Pruebas Hoja de Vida/Nueva_Categoria/span_categoria")): Object: 'Object Repository/2-OBJECTS TAREAS SECUNDARIAS/Pruebas Hoja de Vida/Nueva_Categoria/span_categoria' is clicked on

2023-03-09 12:36:43 - [MESSAGE][PASSED] - Object: 'Object Repository/2-OBJECTS TAREAS SECUNDARIAS/Pruebas Hoja de Vida/Nueva_Categoria/span_categoria' is clicked on

2023-03-09 12:36:43 - [TEST_STEP][PASSED] - setText(findTestObject("2-OBJECTS TAREAS SECUNDARIAS/Pruebas Hoja de Vida/Nueva_Categoria/input_Actos Administrativos_form_categoriaSeccionj_idt61"), "prueba"): Text 'prueba' is set on object 'Object Repository/2-OBJECTS TAREAS SECUNDARIAS/Pruebas Hoja de Vida/Nueva_Categoria/input_Actos Administrativos_form_categoriaSeccionj_idt61'

2023-03-09 12:36:46 - [MESSAGE][PASSED] - Text 'prueba' is set on object 'Object Repository/2-OBJECTS TAREAS SECUNDARIAS/Pruebas Hoja de Vida/Nueva_Categoria/input_Actos Administrativos_form_categoriaSeccionj_idt61'

2023-03-09 12:36:46 - [TEST_STEP][PASSED] - sendKeys(findTestObject("2-OBJECTS TAREAS SECUNDARIAS/Pruebas Hoja de Vida/Nueva_Categoria/input_Actos Administrativos_form_categoriaSeccionj_idt61"), Keys.chord(ENTER)): Keys 'ENTER + ' sent to object: 'Object Repository/2-OBJECTS TAREAS SECUNDARIAS/Pruebas Hoja de Vida/Nueva_Categoria/input_Actos Administrativos_form_categoriaSeccionj_idt61'

2023-03-09 12:36:49 - [MESSAGE][PASSED] - Keys 'ENTER + ' sent to object: 'Object Repository/2-OBJECTS TAREAS SECUNDARIAS/Pruebas Hoja de Vida/Nueva_Categoria/input_Actos Administrativos_form_categoriaSeccionj_idt61'

2023-03-09 12:36:49 - [TEST_STEP][PASSED] - if (waitForElementClickable(findTestObject("2-OBJECTS TAREAS SECUNDARIAS/Pruebas Hoja de Vida/Nueva_Categoria/span_prueba"), 1)): null

2023-03-09 12:36:49 - [MESSAGE][PASSED] - Object 'Object Repository/2-OBJECTS TAREAS SECUNDARIAS/Pruebas Hoja de Vida/Nueva_Categoria/span_prueba' is clickable

2023-03-09 12:36:49 - [TEST_STEP][PASSED] - click(findTestObject("2-OBJECTS TAREAS SECUNDARIAS/Pruebas Hoja de Vida/Nueva_Categoria/span_prueba")): Object: 'Object Repository/2-OBJECTS TAREAS SECUNDARIAS/Pruebas Hoja de Vida/Nueva_Categoria/span_prueba' is clicked on

2023-03-09 12:36:50 - [MESSAGE][PASSED] - Object: 'Object Repository/2-OBJECTS TAREAS SECUNDARIAS/Pruebas Hoja de Vida/Nueva_Categoria/span_prueba' is clicked on

2023-03-09 12:36:50 - [TEST_STEP][PASSED] - click(findTestObject("2-OBJECTS TAREAS SECUNDARIAS/Pruebas Hoja de Vida/Nueva_Categoria/a_Eliminar")): Object: 'Object Repository/2-OBJECTS TAREAS SECUNDARIAS/Pruebas Hoja de Vida/Nueva_Categoria/a_Eliminar' is clicked on

2023-03-09 12:36:50 - [MESSAGE][PASSED] - Object: 'Object Repository/2-OBJECTS TAREAS SECUNDARIAS/Pruebas Hoja de Vida/Nueva_Categoria/a_Eliminar' is clicked on

2023-03-09 12:36:50 - [TEST_STEP][PASSED] - click(findTestObject("2-OBJECTS TAREAS SECUNDARIAS/Pruebas Hoja de Vida/Nueva_Categoria/a_Aceptar")): Object: 'Object Repository/2-OBJECTS TAREAS SECUNDARIAS/Pruebas Hoja de Vida/Nueva_Categoria/a_Aceptar' is clicked on

2023-03-09 12:36:51 - [MESSAGE][PASSED] - Object: 'Object Repository/2-OBJECTS TAREAS SECUNDARIAS/Pruebas Hoja de Vida/Nueva_Categoria/a_Aceptar' is clicked on

2023-03-09 12:36:51 - [TEST_STEP][PASSED] - click(findTestObject("2-OBJECTS TAREAS SECUNDARIAS/Pruebas Hoja de Vida/Nueva_Categoria/a_Nuevo")): Object: 'Object Repository/2-OBJECTS TAREAS SECUNDARIAS/Pruebas Hoja de Vida/Nueva_Categoria/a_Nuevo' is clicked on

2023-03-09 12:36:51 - [MESSAGE][PASSED] - Object: 'Object Repository/2-OBJECTS TAREAS SECUNDARIAS/Pruebas Hoja de Vida/Nueva_Categoria/a_Nuevo' is clicked on

2023-03-09 12:36:51 - [TEST_STEP][PASSED] - setText(findTestObject("2-OBJECTS TAREAS SECUNDARIAS/Pruebas Hoja de Vida/Nueva_Categoria/input_Descripcin_form_categoriaSecciondescripcion"), "prueba"): Text 'prueba' is set on object 'Object Repository/2-OBJECTS TAREAS SECUNDARIAS/Pruebas Hoja de Vida/Nueva_Categoria/input_Descripcin_form_categoriaSecciondescripcion'

2023-03-09 12:36:52 - [MESSAGE][PASSED] - Text 'prueba' is set on object 'Object Repository/2-OBJECTS TAREAS SECUNDARIAS/Pruebas Hoja de Vida/Nueva_Categoria/input_Descripcin_form_categoriaSecciondescripcion'

2023-03-09 12:36:52 - [TEST_STEP][PASSED] - setText(findTestObject("2-OBJECTS TAREAS SECUNDARIAS/Pruebas Hoja de Vida/Nueva_Categoria/input_Orden_form_categoriaSeccionorden"), "5"): Text '5' is set on object 'Object Repository/2-OBJECTS TAREAS SECUNDARIAS/Pruebas Hoja de Vida/Nueva_Categoria/input_Orden_form_categoriaSeccionorden'

2023-03-09 12:36:53 - [MESSAGE][PASSED] - Text '5' is set on object 'Object Repository/2-OBJECTS TAREAS SECUNDARIAS/Pruebas Hoja de Vida/Nueva_Categoria/input_Orden_form_categoriaSeccionorden'

2023-03-09 12:36:53 - [TEST_STEP][PASSED] - click(findTestObject("2-OBJECTS TAREAS SECUNDARIAS/Pruebas Hoja de Vida/Nueva_Categoria/a_Guardar")): Object: 'Object Repository/2-OBJECTS TAREAS SECUNDARIAS/Pruebas Hoja de Vida/Nueva_Categoria/a_Guardar' is clicked on

2023-03-09 12:36:54 - [MESSAGE][PASSED] - Object: 'Object Repository/2-OBJECTS TAREAS SECUNDARIAS/Pruebas Hoja de Vida/Nueva_Categoria/a_Guardar' is clicked on

2023-03-09 12:36:54 - [TEST_STEP][PASSED] - Result = getText(findTestObject("3-OBJECTS UTILIDADES/Alerta/Alerta")): Text of object 'Object Repository/3-OBJECTS UTILIDADES/Alerta/Alerta' is: 'Se adiciono el registro correctamente'

2023-03-09 12:36:54 - [MESSAGE][PASSED] - Text of object 'Object Repository/3-OBJECTS UTILIDADES/Alerta/Alerta' is: 'Se adiciono el registro correctamente'

2023-03-09 12:36:54 - [TEST_STEP][PASSED] - if (Result == "Se adiciono el registro correctamente"): Browser is closed

2023-03-09 12:36:54 - [TEST_STEP][PASSED] - Resultado = "PRUEBA OK": null

2023-03-09 12:36:54 - [TEST_STEP][PASSED] - closeBrowser(): Browser is closed

2023-03-09 12:36:55 - [MESSAGE][PASSED] - Browser is closed]]></system-out>
         <system-err><![CDATA[]]></system-err>
      </testcase>
      <testcase name="Test Cases/1.2-Tareas_Secundarias/2.1-Pruebas_Hoja_de_Vida/2.1.1-Nueva_Seccion" time="33.301" classname="Test Cases/1.2-Tareas_Secundarias/2.1-Pruebas_Hoja_de_Vida/2.1.1-Nueva_Seccion" status="PASSED">
         <system-out><![CDATA[2023-03-09 12:36:55 - [TEST_CASE][PASSED] - Test Cases/1.2-Tareas_Secundarias/2.1-Pruebas_Hoja_de_Vida/2.1.1-Nueva_Seccion: Test Cases/1.2-Tareas_Secundarias/2.1-Pruebas_Hoja_de_Vida/2.1.1-Nueva_Seccion

2023-03-09 12:36:56 - [TEST_STEP][PASSED] - callTestCase(findTestCase("0.1-Login"), [:], STOP_ON_FAILURE): Call Test Case 'Test Cases/0.1-Login' successfully

2023-03-09 12:36:56 - [TEST_CASE][PASSED] - Test Cases/0.1-Login: Test Cases/0.1-Login

2023-03-09 12:36:56 - [TEST_STEP][PASSED] - openBrowser(""): Browser is opened with url: ''

2023-03-09 12:36:56 - [MESSAGE][INFO] - Starting 'Chrome' driver

2023-03-09 12:36:56 - [MESSAGE][INFO] - Action delay is set to 0 milliseconds

2023-03-09 12:36:57 - [MESSAGE][PASSED] - Browser is opened with url: ''

2023-03-09 12:36:57 - [TEST_STEP][PASSED] - maximizeWindow(): Current window maximized

2023-03-09 12:36:57 - [MESSAGE][PASSED] - Current window maximized

2023-03-09 12:36:57 - [TEST_STEP][PASSED] - i = G_Login: null

2023-03-09 12:36:57 - [TEST_STEP][PASSED] - url = new java.net.URL(i): null

2023-03-09 12:36:57 - [TEST_STEP][PASSED] - println("URL: " + url.toString()): null

2023-03-09 12:36:57 - [TEST_STEP][PASSED] - connection = url.openConnection(): null

2023-03-09 12:36:57 - [TEST_STEP][PASSED] - connection.setRequestMethod("GET"): null

2023-03-09 12:36:57 - [TEST_STEP][PASSED] - connection.setReadTimeout(2 * 1000): null

2023-03-09 12:36:57 - [TEST_STEP][PASSED] - try: null

2023-03-09 12:36:57 - [TEST_STEP][PASSED] - connection.connect(): null

2023-03-09 12:36:57 - [TEST_STEP][PASSED] - flag = connected: null

2023-03-09 12:36:57 - [TEST_STEP][PASSED] - println("Valor_ori: " + flag): null

2023-03-09 12:36:57 - [TEST_STEP][PASSED] - if (flag): null

2023-03-09 12:36:57 - [TEST_STEP][PASSED] - navigateToUrl(i): Navigate to 'http://192.168.2.19:7001/saraweb' successfully

2023-03-09 12:36:59 - [MESSAGE][PASSED] - Navigate to 'http://192.168.2.19:7001/saraweb' successfully

2023-03-09 12:36:59 - [TEST_STEP][PASSED] - a(): null

2023-03-09 12:36:59 - [TEST_STEP][PASSED] - if (waitForElementVisible(findTestObject("3-OBJECTS UTILIDADES/Login/input_USUARIO_loginusuario"), 0)): null

2023-03-09 12:36:59 - [MESSAGE][WARNING] - Timeout '0' is invalid. Using default page load timeout: '37'

2023-03-09 12:36:59 - [MESSAGE][PASSED] - Object 'Object Repository/3-OBJECTS UTILIDADES/Login/input_USUARIO_loginusuario' is visible

2023-03-09 12:36:59 - [TEST_STEP][PASSED] - switchToWindowTitle("SARA"): Switched to window with title: 'SARA'

2023-03-09 12:36:59 - [MESSAGE][PASSED] - Switched to window with title: 'SARA'

2023-03-09 12:36:59 - [TEST_STEP][PASSED] - zoom(): null

2023-03-09 12:36:59 - [TEST_STEP][PASSED] - robot = new java.awt.Robot(): null

2023-03-09 12:36:59 - [TEST_STEP][PASSED] - robot.keyPress(VK_CONTROL): null

2023-03-09 12:36:59 - [TEST_STEP][PASSED] - robot.keyPress(VK_SUBTRACT): null

2023-03-09 12:36:59 - [TEST_STEP][PASSED] - robot.keyRelease(VK_CONTROL): null

2023-03-09 12:36:59 - [TEST_STEP][PASSED] - robot.keyRelease(VK_SUBTRACT): null

2023-03-09 12:36:59 - [TEST_STEP][PASSED] - robot.keyPress(VK_CONTROL): null

2023-03-09 12:36:59 - [TEST_STEP][PASSED] - robot.keyPress(VK_SUBTRACT): null

2023-03-09 12:36:59 - [TEST_STEP][PASSED] - robot.keyRelease(VK_CONTROL): null

2023-03-09 12:36:59 - [TEST_STEP][PASSED] - robot.keyRelease(VK_SUBTRACT): null

2023-03-09 12:36:59 - [TEST_STEP][PASSED] - robot.keyPress(VK_CONTROL): null

2023-03-09 12:36:59 - [TEST_STEP][PASSED] - robot.keyPress(VK_SUBTRACT): null

2023-03-09 12:36:59 - [TEST_STEP][PASSED] - robot.keyRelease(VK_CONTROL): null

2023-03-09 12:36:59 - [TEST_STEP][PASSED] - robot.keyRelease(VK_SUBTRACT): null

2023-03-09 12:36:59 - [TEST_STEP][PASSED] - robot.keyRelease(VK_CONTROL): null

2023-03-09 12:36:59 - [TEST_STEP][PASSED] - robot.keyRelease(VK_SUBTRACT): null

2023-03-09 12:36:59 - [TEST_STEP][PASSED] - setText(findTestObject("3-OBJECTS UTILIDADES/Login/input_USUARIO_loginusuario"), G_Usuario): Text 'weblogic' is set on object 'Object Repository/3-OBJECTS UTILIDADES/Login/input_USUARIO_loginusuario'

2023-03-09 12:37:00 - [MESSAGE][PASSED] - Text 'weblogic' is set on object 'Object Repository/3-OBJECTS UTILIDADES/Login/input_USUARIO_loginusuario'

2023-03-09 12:37:00 - [TEST_STEP][PASSED] - setEncryptedText(findTestObject("3-OBJECTS UTILIDADES/Login/input_CLAVE_loginpassword"), "SlAwMcyRKqrwbnzhAs8HhT6NnI7sEyng"): Text ****** has been set on object 'Object Repository/3-OBJECTS UTILIDADES/Login/input_CLAVE_loginpassword'

2023-03-09 12:37:04 - [MESSAGE][PASSED] - Text ****** has been set on object 'Object Repository/3-OBJECTS UTILIDADES/Login/input_CLAVE_loginpassword'

2023-03-09 12:37:04 - [TEST_STEP][PASSED] - while (waitForElementClickable(findTestObject("3-OBJECTS UTILIDADES/Login/a_Ingresar"), 1)): Web element with id: 'Object Repository/3-OBJECTS UTILIDADES/Login/a_Ingresar' located by '//a[contains(text(),'Ingresar')]' not found

2023-03-09 12:37:06 - [MESSAGE][INFO] - Unable to find the element located by 'By.xpath: //a[contains(text(),'Ingresar')]'. Please recheck the objects properties to make sure the desired element is located. 

2023-03-09 12:37:06 - [MESSAGE][WARNING] - Web element with id: 'Object Repository/3-OBJECTS UTILIDADES/Login/a_Ingresar' located by '//a[contains(text(),'Ingresar')]' not found

2023-03-09 12:37:06 - [MESSAGE][PASSED] - Call Test Case 'Test Cases/0.1-Login' successfully

2023-03-09 12:37:06 - [TEST_STEP][PASSED] - click(findTestObject("2-OBJECTS TAREAS SECUNDARIAS/Pruebas Hoja de Vida/Nueva_sección/input_Secciones_form_templatej_idt286j_idt29")): Object: 'Object Repository/2-OBJECTS TAREAS SECUNDARIAS/Pruebas Hoja de Vida/Nueva_sección/input_Secciones_form_templatej_idt286j_idt29' is clicked on

2023-03-09 12:37:08 - [MESSAGE][PASSED] - Object: 'Object Repository/2-OBJECTS TAREAS SECUNDARIAS/Pruebas Hoja de Vida/Nueva_sección/input_Secciones_form_templatej_idt286j_idt29' is clicked on

2023-03-09 12:37:08 - [TEST_STEP][PASSED] - click(findTestObject("2-OBJECTS TAREAS SECUNDARIAS/Pruebas Hoja de Vida/Nueva_sección/a_ADMINISTRADOR DEL SISTEMA - SARA_cerrar_menu")): Object: 'Object Repository/2-OBJECTS TAREAS SECUNDARIAS/Pruebas Hoja de Vida/Nueva_sección/a_ADMINISTRADOR DEL SISTEMA - SARA_cerrar_menu' is clicked on

2023-03-09 12:37:08 - [MESSAGE][PASSED] - Object: 'Object Repository/2-OBJECTS TAREAS SECUNDARIAS/Pruebas Hoja de Vida/Nueva_sección/a_ADMINISTRADOR DEL SISTEMA - SARA_cerrar_menu' is clicked on

2023-03-09 12:37:08 - [TEST_STEP][PASSED] - click(findTestObject("2-OBJECTS TAREAS SECUNDARIAS/Pruebas Hoja de Vida/Nueva_sección/label_Parametros de Formularios")): Object: 'Object Repository/2-OBJECTS TAREAS SECUNDARIAS/Pruebas Hoja de Vida/Nueva_sección/label_Parametros de Formularios' is clicked on

2023-03-09 12:37:09 - [MESSAGE][PASSED] - Object: 'Object Repository/2-OBJECTS TAREAS SECUNDARIAS/Pruebas Hoja de Vida/Nueva_sección/label_Parametros de Formularios' is clicked on

2023-03-09 12:37:09 - [TEST_STEP][PASSED] - click(findTestObject("2-OBJECTS TAREAS SECUNDARIAS/Pruebas Hoja de Vida/Nueva_sección/a_Seccion")): Object: 'Object Repository/2-OBJECTS TAREAS SECUNDARIAS/Pruebas Hoja de Vida/Nueva_sección/a_Seccion' is clicked on

2023-03-09 12:37:09 - [MESSAGE][PASSED] - Object: 'Object Repository/2-OBJECTS TAREAS SECUNDARIAS/Pruebas Hoja de Vida/Nueva_sección/a_Seccion' is clicked on

2023-03-09 12:37:09 - [TEST_STEP][PASSED] - waitForElementClickable(findTestObject("2-OBJECTS TAREAS SECUNDARIAS/Pruebas Hoja de Vida/Nueva_sección/input_Nueva Hoja Vida_seccion_formj_idt60"), 0): Object 'Object Repository/2-OBJECTS TAREAS SECUNDARIAS/Pruebas Hoja de Vida/Nueva_sección/input_Nueva Hoja Vida_seccion_formj_idt60' is clickable

2023-03-09 12:37:09 - [MESSAGE][WARNING] - Timeout '0' is invalid. Using default page load timeout: '37'

2023-03-09 12:37:12 - [MESSAGE][PASSED] - Object 'Object Repository/2-OBJECTS TAREAS SECUNDARIAS/Pruebas Hoja de Vida/Nueva_sección/input_Nueva Hoja Vida_seccion_formj_idt60' is clickable

2023-03-09 12:37:12 - [TEST_STEP][PASSED] - click(findTestObject("2-OBJECTS TAREAS SECUNDARIAS/Pruebas Hoja de Vida/Nueva_sección/input_Nueva Hoja Vida_seccion_formj_idt60")): Object: 'Object Repository/2-OBJECTS TAREAS SECUNDARIAS/Pruebas Hoja de Vida/Nueva_sección/input_Nueva Hoja Vida_seccion_formj_idt60' is clicked on

2023-03-09 12:37:12 - [MESSAGE][PASSED] - Object: 'Object Repository/2-OBJECTS TAREAS SECUNDARIAS/Pruebas Hoja de Vida/Nueva_sección/input_Nueva Hoja Vida_seccion_formj_idt60' is clicked on

2023-03-09 12:37:12 - [TEST_STEP][PASSED] - setText(findTestObject("2-OBJECTS TAREAS SECUNDARIAS/Pruebas Hoja de Vida/Nueva_sección/input_Nueva Hoja Vida_seccion_formj_idt60"), "prueba"): Text 'prueba' is set on object 'Object Repository/2-OBJECTS TAREAS SECUNDARIAS/Pruebas Hoja de Vida/Nueva_sección/input_Nueva Hoja Vida_seccion_formj_idt60'

2023-03-09 12:37:13 - [MESSAGE][PASSED] - Text 'prueba' is set on object 'Object Repository/2-OBJECTS TAREAS SECUNDARIAS/Pruebas Hoja de Vida/Nueva_sección/input_Nueva Hoja Vida_seccion_formj_idt60'

2023-03-09 12:37:13 - [TEST_STEP][PASSED] - sendKeys(findTestObject("2-OBJECTS TAREAS SECUNDARIAS/Pruebas Hoja de Vida/Nueva_sección/input_Nueva Hoja Vida_seccion_formj_idt60"), Keys.chord(ENTER)): Keys 'ENTER + ' sent to object: 'Object Repository/2-OBJECTS TAREAS SECUNDARIAS/Pruebas Hoja de Vida/Nueva_sección/input_Nueva Hoja Vida_seccion_formj_idt60'

2023-03-09 12:37:15 - [MESSAGE][PASSED] - Keys 'ENTER + ' sent to object: 'Object Repository/2-OBJECTS TAREAS SECUNDARIAS/Pruebas Hoja de Vida/Nueva_sección/input_Nueva Hoja Vida_seccion_formj_idt60'

2023-03-09 12:37:15 - [TEST_STEP][PASSED] - if (waitForElementClickable(findTestObject("2-OBJECTS TAREAS SECUNDARIAS/Pruebas Hoja de Vida/Nueva_sección/span_Prueba"), 1)): null

2023-03-09 12:37:16 - [MESSAGE][PASSED] - Object 'Object Repository/2-OBJECTS TAREAS SECUNDARIAS/Pruebas Hoja de Vida/Nueva_sección/span_Prueba' is clickable

2023-03-09 12:37:16 - [TEST_STEP][PASSED] - click(findTestObject("2-OBJECTS TAREAS SECUNDARIAS/Pruebas Hoja de Vida/Nueva_sección/span_Prueba")): Object: 'Object Repository/2-OBJECTS TAREAS SECUNDARIAS/Pruebas Hoja de Vida/Nueva_sección/span_Prueba' is clicked on

2023-03-09 12:37:16 - [MESSAGE][PASSED] - Object: 'Object Repository/2-OBJECTS TAREAS SECUNDARIAS/Pruebas Hoja de Vida/Nueva_sección/span_Prueba' is clicked on

2023-03-09 12:37:16 - [TEST_STEP][PASSED] - click(findTestObject("2-OBJECTS TAREAS SECUNDARIAS/Pruebas Hoja de Vida/Nueva_sección/a_Eliminar")): Object: 'Object Repository/2-OBJECTS TAREAS SECUNDARIAS/Pruebas Hoja de Vida/Nueva_sección/a_Eliminar' is clicked on

2023-03-09 12:37:17 - [MESSAGE][PASSED] - Object: 'Object Repository/2-OBJECTS TAREAS SECUNDARIAS/Pruebas Hoja de Vida/Nueva_sección/a_Eliminar' is clicked on

2023-03-09 12:37:17 - [TEST_STEP][PASSED] - click(findTestObject("2-OBJECTS TAREAS SECUNDARIAS/Pruebas Hoja de Vida/Nueva_sección/a_Nuevo")): Object: 'Object Repository/2-OBJECTS TAREAS SECUNDARIAS/Pruebas Hoja de Vida/Nueva_sección/a_Nuevo' is clicked on

2023-03-09 12:37:17 - [MESSAGE][PASSED] - Object: 'Object Repository/2-OBJECTS TAREAS SECUNDARIAS/Pruebas Hoja de Vida/Nueva_sección/a_Nuevo' is clicked on

2023-03-09 12:37:17 - [TEST_STEP][PASSED] - setText(findTestObject("2-OBJECTS TAREAS SECUNDARIAS/Pruebas Hoja de Vida/Nueva_sección/input_Descripcin_seccion_formtabdescripcion"), "Prueba"): Text 'Prueba' is set on object 'Object Repository/2-OBJECTS TAREAS SECUNDARIAS/Pruebas Hoja de Vida/Nueva_sección/input_Descripcin_seccion_formtabdescripcion'

2023-03-09 12:37:18 - [MESSAGE][PASSED] - Text 'Prueba' is set on object 'Object Repository/2-OBJECTS TAREAS SECUNDARIAS/Pruebas Hoja de Vida/Nueva_sección/input_Descripcin_seccion_formtabdescripcion'

2023-03-09 12:37:18 - [TEST_STEP][PASSED] - setText(findTestObject("2-OBJECTS TAREAS SECUNDARIAS/Pruebas Hoja de Vida/Nueva_sección/input_Orden_seccion_formtaborden"), "12345"): Text '12345' is set on object 'Object Repository/2-OBJECTS TAREAS SECUNDARIAS/Pruebas Hoja de Vida/Nueva_sección/input_Orden_seccion_formtaborden'

2023-03-09 12:37:19 - [MESSAGE][PASSED] - Text '12345' is set on object 'Object Repository/2-OBJECTS TAREAS SECUNDARIAS/Pruebas Hoja de Vida/Nueva_sección/input_Orden_seccion_formtaborden'

2023-03-09 12:37:19 - [TEST_STEP][PASSED] - selectOptionByIndex(findTestObject("2-OBJECTS TAREAS SECUNDARIAS/Pruebas Hoja de Vida/Nueva_sección/select_SeleccioneBienes"), "2"): All options with index in [2] are selected on object 'Object Repository/2-OBJECTS TAREAS SECUNDARIAS/Pruebas Hoja de Vida/Nueva_sección/select_SeleccioneBienes'

2023-03-09 12:37:20 - [MESSAGE][PASSED] - All options with index in [2] are selected on object 'Object Repository/2-OBJECTS TAREAS SECUNDARIAS/Pruebas Hoja de Vida/Nueva_sección/select_SeleccioneBienes'

2023-03-09 12:37:20 - [TEST_STEP][PASSED] - selectOptionByIndex(findTestObject("2-OBJECTS TAREAS SECUNDARIAS/Pruebas Hoja de Vida/Nueva_sección/select_SeleccioneAreas de experiencia"), "5"): All options with index in [5] are selected on object 'Object Repository/2-OBJECTS TAREAS SECUNDARIAS/Pruebas Hoja de Vida/Nueva_sección/select_SeleccioneAreas de experiencia'

2023-03-09 12:37:21 - [MESSAGE][PASSED] - All options with index in [5] are selected on object 'Object Repository/2-OBJECTS TAREAS SECUNDARIAS/Pruebas Hoja de Vida/Nueva_sección/select_SeleccioneAreas de experiencia'

2023-03-09 12:37:21 - [TEST_STEP][PASSED] - setText(findTestObject("2-OBJECTS TAREAS SECUNDARIAS/Pruebas Hoja de Vida/Nueva_sección/textarea_Mensaje_seccion_formtabmensaje"), "PRUEBA"): Text 'PRUEBA' is set on object 'Object Repository/2-OBJECTS TAREAS SECUNDARIAS/Pruebas Hoja de Vida/Nueva_sección/textarea_Mensaje_seccion_formtabmensaje'

2023-03-09 12:37:22 - [MESSAGE][PASSED] - Text 'PRUEBA' is set on object 'Object Repository/2-OBJECTS TAREAS SECUNDARIAS/Pruebas Hoja de Vida/Nueva_sección/textarea_Mensaje_seccion_formtabmensaje'

2023-03-09 12:37:22 - [TEST_STEP][PASSED] - setText(findTestObject("2-OBJECTS TAREAS SECUNDARIAS/Pruebas Hoja de Vida/Nueva_sección/textarea_Mensaje Final_seccion_formtabmensaje_final"), "PRUEBA"): Text 'PRUEBA' is set on object 'Object Repository/2-OBJECTS TAREAS SECUNDARIAS/Pruebas Hoja de Vida/Nueva_sección/textarea_Mensaje Final_seccion_formtabmensaje_final'

2023-03-09 12:37:23 - [MESSAGE][PASSED] - Text 'PRUEBA' is set on object 'Object Repository/2-OBJECTS TAREAS SECUNDARIAS/Pruebas Hoja de Vida/Nueva_sección/textarea_Mensaje Final_seccion_formtabmensaje_final'

2023-03-09 12:37:23 - [TEST_STEP][PASSED] - setText(findTestObject("2-OBJECTS TAREAS SECUNDARIAS/Pruebas Hoja de Vida/Nueva_sección/textarea_Texto Confirmar_seccion_formtabmensaje_aceptacion"), "PRUEBA"): Text 'PRUEBA' is set on object 'Object Repository/2-OBJECTS TAREAS SECUNDARIAS/Pruebas Hoja de Vida/Nueva_sección/textarea_Texto Confirmar_seccion_formtabmensaje_aceptacion'

2023-03-09 12:37:24 - [MESSAGE][PASSED] - Text 'PRUEBA' is set on object 'Object Repository/2-OBJECTS TAREAS SECUNDARIAS/Pruebas Hoja de Vida/Nueva_sección/textarea_Texto Confirmar_seccion_formtabmensaje_aceptacion'

2023-03-09 12:37:24 - [TEST_STEP][PASSED] - selectOptionByIndex(findTestObject("2-OBJECTS TAREAS SECUNDARIAS/Pruebas Hoja de Vida/Nueva_sección/select_SeleccioneMultiplex AnexosNo solicitarnico anexo"), "2"): All options with index in [2] are selected on object 'Object Repository/2-OBJECTS TAREAS SECUNDARIAS/Pruebas Hoja de Vida/Nueva_sección/select_SeleccioneMultiplex AnexosNo solicitarnico anexo'

2023-03-09 12:37:25 - [MESSAGE][PASSED] - All options with index in [2] are selected on object 'Object Repository/2-OBJECTS TAREAS SECUNDARIAS/Pruebas Hoja de Vida/Nueva_sección/select_SeleccioneMultiplex AnexosNo solicitarnico anexo'

2023-03-09 12:37:25 - [TEST_STEP][PASSED] - selectOptionByIndex(findTestObject("2-OBJECTS TAREAS SECUNDARIAS/Pruebas Hoja de Vida/Nueva_sección/select_SeleccioneSiNo"), "1"): All options with index in [1] are selected on object 'Object Repository/2-OBJECTS TAREAS SECUNDARIAS/Pruebas Hoja de Vida/Nueva_sección/select_SeleccioneSiNo'

2023-03-09 12:37:26 - [MESSAGE][PASSED] - All options with index in [1] are selected on object 'Object Repository/2-OBJECTS TAREAS SECUNDARIAS/Pruebas Hoja de Vida/Nueva_sección/select_SeleccioneSiNo'

2023-03-09 12:37:26 - [TEST_STEP][PASSED] - setText(findTestObject("2-OBJECTS TAREAS SECUNDARIAS/Pruebas Hoja de Vida/Nueva_sección/input_Externo_seccion_formtabexterno"), "PRUEBA"): Text 'PRUEBA' is set on object 'Object Repository/2-OBJECTS TAREAS SECUNDARIAS/Pruebas Hoja de Vida/Nueva_sección/input_Externo_seccion_formtabexterno'

2023-03-09 12:37:26 - [MESSAGE][PASSED] - Text 'PRUEBA' is set on object 'Object Repository/2-OBJECTS TAREAS SECUNDARIAS/Pruebas Hoja de Vida/Nueva_sección/input_Externo_seccion_formtabexterno'

2023-03-09 12:37:26 - [TEST_STEP][PASSED] - click(findTestObject("2-OBJECTS TAREAS SECUNDARIAS/Pruebas Hoja de Vida/Nueva_sección/a_Guardar")): Object: 'Object Repository/2-OBJECTS TAREAS SECUNDARIAS/Pruebas Hoja de Vida/Nueva_sección/a_Guardar' is clicked on

2023-03-09 12:37:27 - [MESSAGE][PASSED] - Object: 'Object Repository/2-OBJECTS TAREAS SECUNDARIAS/Pruebas Hoja de Vida/Nueva_sección/a_Guardar' is clicked on

2023-03-09 12:37:27 - [TEST_STEP][PASSED] - Result = getText(findTestObject("3-OBJECTS UTILIDADES/Alerta/Alerta")): Text of object 'Object Repository/3-OBJECTS UTILIDADES/Alerta/Alerta' is: 'Se adiciono el registro correctamente'

2023-03-09 12:37:27 - [MESSAGE][PASSED] - Text of object 'Object Repository/3-OBJECTS UTILIDADES/Alerta/Alerta' is: 'Se adiciono el registro correctamente'

2023-03-09 12:37:27 - [TEST_STEP][PASSED] - if (Result == "Se adiciono el registro correctamente"): Browser is closed

2023-03-09 12:37:27 - [TEST_STEP][PASSED] - Resultado = "Prueba ok": null

2023-03-09 12:37:27 - [TEST_STEP][PASSED] - closeBrowser(): Browser is closed

2023-03-09 12:37:28 - [MESSAGE][PASSED] - Browser is closed

2023-03-09 12:37:28 - [TEST_STEP][PASSED] - closeBrowser(): Browser is closed

2023-03-09 12:37:28 - [MESSAGE][PASSED] - Browser is closed]]></system-out>
         <system-err><![CDATA[]]></system-err>
      </testcase>
      <testcase name="Test Cases/1.2-Tareas_Secundarias/2.1-Pruebas_Hoja_de_Vida/2.1.2-Nuevo_Formulario_Hoja_de_vida" time="25.999" classname="Test Cases/1.2-Tareas_Secundarias/2.1-Pruebas_Hoja_de_Vida/2.1.2-Nuevo_Formulario_Hoja_de_vida" status="PASSED">
         <system-out><![CDATA[2023-03-09 12:37:28 - [TEST_CASE][PASSED] - Test Cases/1.2-Tareas_Secundarias/2.1-Pruebas_Hoja_de_Vida/2.1.2-Nuevo_Formulario_Hoja_de_vida: Test Cases/1.2-Tareas_Secundarias/2.1-Pruebas_Hoja_de_Vida/2.1.2-Nuevo_Formulario_Hoja_de_vida

2023-03-09 12:37:29 - [TEST_STEP][PASSED] - callTestCase(findTestCase("0.1-Login"), [:], STOP_ON_FAILURE): Call Test Case 'Test Cases/0.1-Login' successfully

2023-03-09 12:37:29 - [TEST_CASE][PASSED] - Test Cases/0.1-Login: Test Cases/0.1-Login

2023-03-09 12:37:29 - [TEST_STEP][PASSED] - openBrowser(""): Browser is opened with url: ''

2023-03-09 12:37:29 - [MESSAGE][INFO] - Starting 'Chrome' driver

2023-03-09 12:37:29 - [MESSAGE][INFO] - Action delay is set to 0 milliseconds

2023-03-09 12:37:30 - [MESSAGE][PASSED] - Browser is opened with url: ''

2023-03-09 12:37:30 - [TEST_STEP][PASSED] - maximizeWindow(): Current window maximized

2023-03-09 12:37:30 - [MESSAGE][PASSED] - Current window maximized

2023-03-09 12:37:30 - [TEST_STEP][PASSED] - i = G_Login: null

2023-03-09 12:37:30 - [TEST_STEP][PASSED] - url = new java.net.URL(i): null

2023-03-09 12:37:30 - [TEST_STEP][PASSED] - println("URL: " + url.toString()): null

2023-03-09 12:37:30 - [TEST_STEP][PASSED] - connection = url.openConnection(): null

2023-03-09 12:37:30 - [TEST_STEP][PASSED] - connection.setRequestMethod("GET"): null

2023-03-09 12:37:30 - [TEST_STEP][PASSED] - connection.setReadTimeout(2 * 1000): null

2023-03-09 12:37:30 - [TEST_STEP][PASSED] - try: null

2023-03-09 12:37:30 - [TEST_STEP][PASSED] - connection.connect(): null

2023-03-09 12:37:30 - [TEST_STEP][PASSED] - flag = connected: null

2023-03-09 12:37:30 - [TEST_STEP][PASSED] - println("Valor_ori: " + flag): null

2023-03-09 12:37:30 - [TEST_STEP][PASSED] - if (flag): null

2023-03-09 12:37:30 - [TEST_STEP][PASSED] - navigateToUrl(i): Navigate to 'http://192.168.2.19:7001/saraweb' successfully

2023-03-09 12:37:33 - [MESSAGE][PASSED] - Navigate to 'http://192.168.2.19:7001/saraweb' successfully

2023-03-09 12:37:33 - [TEST_STEP][PASSED] - a(): null

2023-03-09 12:37:33 - [TEST_STEP][PASSED] - if (waitForElementVisible(findTestObject("3-OBJECTS UTILIDADES/Login/input_USUARIO_loginusuario"), 0)): null

2023-03-09 12:37:33 - [MESSAGE][WARNING] - Timeout '0' is invalid. Using default page load timeout: '37'

2023-03-09 12:37:33 - [MESSAGE][PASSED] - Object 'Object Repository/3-OBJECTS UTILIDADES/Login/input_USUARIO_loginusuario' is visible

2023-03-09 12:37:33 - [TEST_STEP][PASSED] - switchToWindowTitle("SARA"): Switched to window with title: 'SARA'

2023-03-09 12:37:33 - [MESSAGE][PASSED] - Switched to window with title: 'SARA'

2023-03-09 12:37:33 - [TEST_STEP][PASSED] - zoom(): null

2023-03-09 12:37:33 - [TEST_STEP][PASSED] - robot = new java.awt.Robot(): null

2023-03-09 12:37:33 - [TEST_STEP][PASSED] - robot.keyPress(VK_CONTROL): null

2023-03-09 12:37:33 - [TEST_STEP][PASSED] - robot.keyPress(VK_SUBTRACT): null

2023-03-09 12:37:33 - [TEST_STEP][PASSED] - robot.keyRelease(VK_CONTROL): null

2023-03-09 12:37:33 - [TEST_STEP][PASSED] - robot.keyRelease(VK_SUBTRACT): null

2023-03-09 12:37:33 - [TEST_STEP][PASSED] - robot.keyPress(VK_CONTROL): null

2023-03-09 12:37:33 - [TEST_STEP][PASSED] - robot.keyPress(VK_SUBTRACT): null

2023-03-09 12:37:33 - [TEST_STEP][PASSED] - robot.keyRelease(VK_CONTROL): null

2023-03-09 12:37:33 - [TEST_STEP][PASSED] - robot.keyRelease(VK_SUBTRACT): null

2023-03-09 12:37:33 - [TEST_STEP][PASSED] - robot.keyPress(VK_CONTROL): null

2023-03-09 12:37:33 - [TEST_STEP][PASSED] - robot.keyPress(VK_SUBTRACT): null

2023-03-09 12:37:33 - [TEST_STEP][PASSED] - robot.keyRelease(VK_CONTROL): null

2023-03-09 12:37:33 - [TEST_STEP][PASSED] - robot.keyRelease(VK_SUBTRACT): null

2023-03-09 12:37:33 - [TEST_STEP][PASSED] - robot.keyRelease(VK_CONTROL): null

2023-03-09 12:37:33 - [TEST_STEP][PASSED] - robot.keyRelease(VK_SUBTRACT): null

2023-03-09 12:37:33 - [TEST_STEP][PASSED] - setText(findTestObject("3-OBJECTS UTILIDADES/Login/input_USUARIO_loginusuario"), G_Usuario): Text 'weblogic' is set on object 'Object Repository/3-OBJECTS UTILIDADES/Login/input_USUARIO_loginusuario'

2023-03-09 12:37:34 - [MESSAGE][PASSED] - Text 'weblogic' is set on object 'Object Repository/3-OBJECTS UTILIDADES/Login/input_USUARIO_loginusuario'

2023-03-09 12:37:34 - [TEST_STEP][PASSED] - setEncryptedText(findTestObject("3-OBJECTS UTILIDADES/Login/input_CLAVE_loginpassword"), "SlAwMcyRKqrwbnzhAs8HhT6NnI7sEyng"): Text ****** has been set on object 'Object Repository/3-OBJECTS UTILIDADES/Login/input_CLAVE_loginpassword'

2023-03-09 12:37:37 - [MESSAGE][PASSED] - Text ****** has been set on object 'Object Repository/3-OBJECTS UTILIDADES/Login/input_CLAVE_loginpassword'

2023-03-09 12:37:37 - [TEST_STEP][PASSED] - while (waitForElementClickable(findTestObject("3-OBJECTS UTILIDADES/Login/a_Ingresar"), 1)): Web element with id: 'Object Repository/3-OBJECTS UTILIDADES/Login/a_Ingresar' located by '//a[contains(text(),'Ingresar')]' not found

2023-03-09 12:37:39 - [MESSAGE][INFO] - Unable to find the element located by 'By.xpath: //a[contains(text(),'Ingresar')]'. Please recheck the objects properties to make sure the desired element is located. 

2023-03-09 12:37:39 - [MESSAGE][WARNING] - Web element with id: 'Object Repository/3-OBJECTS UTILIDADES/Login/a_Ingresar' located by '//a[contains(text(),'Ingresar')]' not found

2023-03-09 12:37:39 - [MESSAGE][PASSED] - Call Test Case 'Test Cases/0.1-Login' successfully

2023-03-09 12:37:39 - [TEST_STEP][PASSED] - click(findTestObject("2-OBJECTS TAREAS SECUNDARIAS/Pruebas Hoja de Vida/Nuevo_Formulario_Hoja_de_vida1/input_Secciones_form_templatej_idt286j_idt29")): Object: 'Object Repository/2-OBJECTS TAREAS SECUNDARIAS/Pruebas Hoja de Vida/Nuevo_Formulario_Hoja_de_vida1/input_Secciones_form_templatej_idt286j_idt29' is clicked on

2023-03-09 12:37:42 - [MESSAGE][PASSED] - Object: 'Object Repository/2-OBJECTS TAREAS SECUNDARIAS/Pruebas Hoja de Vida/Nuevo_Formulario_Hoja_de_vida1/input_Secciones_form_templatej_idt286j_idt29' is clicked on

2023-03-09 12:37:42 - [TEST_STEP][PASSED] - click(findTestObject("2-OBJECTS TAREAS SECUNDARIAS/Pruebas Hoja de Vida/Nuevo_Formulario_Hoja_de_vida1/a_ADMINISTRADOR DEL SISTEMA - SARA_cerrar_menu")): Object: 'Object Repository/2-OBJECTS TAREAS SECUNDARIAS/Pruebas Hoja de Vida/Nuevo_Formulario_Hoja_de_vida1/a_ADMINISTRADOR DEL SISTEMA - SARA_cerrar_menu' is clicked on

2023-03-09 12:37:42 - [MESSAGE][PASSED] - Object: 'Object Repository/2-OBJECTS TAREAS SECUNDARIAS/Pruebas Hoja de Vida/Nuevo_Formulario_Hoja_de_vida1/a_ADMINISTRADOR DEL SISTEMA - SARA_cerrar_menu' is clicked on

2023-03-09 12:37:42 - [TEST_STEP][PASSED] - click(findTestObject("2-OBJECTS TAREAS SECUNDARIAS/Pruebas Hoja de Vida/Nuevo_Formulario_Hoja_de_vida1/label_Parametros de Formularios")): Object: 'Object Repository/2-OBJECTS TAREAS SECUNDARIAS/Pruebas Hoja de Vida/Nuevo_Formulario_Hoja_de_vida1/label_Parametros de Formularios' is clicked on

2023-03-09 12:37:43 - [MESSAGE][PASSED] - Object: 'Object Repository/2-OBJECTS TAREAS SECUNDARIAS/Pruebas Hoja de Vida/Nuevo_Formulario_Hoja_de_vida1/label_Parametros de Formularios' is clicked on

2023-03-09 12:37:43 - [TEST_STEP][PASSED] - click(findTestObject("2-OBJECTS TAREAS SECUNDARIAS/Pruebas Hoja de Vida/Nuevo_Formulario_Hoja_de_vida1/a_Formulario")): Object: 'Object Repository/2-OBJECTS TAREAS SECUNDARIAS/Pruebas Hoja de Vida/Nuevo_Formulario_Hoja_de_vida1/a_Formulario' is clicked on

2023-03-09 12:37:43 - [MESSAGE][PASSED] - Object: 'Object Repository/2-OBJECTS TAREAS SECUNDARIAS/Pruebas Hoja de Vida/Nuevo_Formulario_Hoja_de_vida1/a_Formulario' is clicked on

2023-03-09 12:37:43 - [TEST_STEP][PASSED] - setText(findTestObject("2-OBJECTS TAREAS SECUNDARIAS/Pruebas Hoja de Vida/Nuevo_Formulario_Hoja_de_vida1/input_Nueva Hoja Vida_form_formularioj_idt61"), "prueba"): Text 'prueba' is set on object 'Object Repository/2-OBJECTS TAREAS SECUNDARIAS/Pruebas Hoja de Vida/Nuevo_Formulario_Hoja_de_vida1/input_Nueva Hoja Vida_form_formularioj_idt61'

2023-03-09 12:37:45 - [MESSAGE][PASSED] - Text 'prueba' is set on object 'Object Repository/2-OBJECTS TAREAS SECUNDARIAS/Pruebas Hoja de Vida/Nuevo_Formulario_Hoja_de_vida1/input_Nueva Hoja Vida_form_formularioj_idt61'

2023-03-09 12:37:45 - [TEST_STEP][PASSED] - sendKeys(findTestObject("2-OBJECTS TAREAS SECUNDARIAS/Pruebas Hoja de Vida/Nuevo_Formulario_Hoja_de_vida1/input_Nueva Hoja Vida_form_formularioj_idt61"), Keys.chord(ENTER)): Keys 'ENTER + ' sent to object: 'Object Repository/2-OBJECTS TAREAS SECUNDARIAS/Pruebas Hoja de Vida/Nuevo_Formulario_Hoja_de_vida1/input_Nueva Hoja Vida_form_formularioj_idt61'

2023-03-09 12:37:48 - [MESSAGE][PASSED] - Keys 'ENTER + ' sent to object: 'Object Repository/2-OBJECTS TAREAS SECUNDARIAS/Pruebas Hoja de Vida/Nuevo_Formulario_Hoja_de_vida1/input_Nueva Hoja Vida_form_formularioj_idt61'

2023-03-09 12:37:48 - [TEST_STEP][PASSED] - if (waitForElementClickable(findTestObject("2-OBJECTS TAREAS SECUNDARIAS/Pruebas Hoja de Vida/Nuevo_Formulario_Hoja_de_vida1/span_Prueba"), 1)): null

2023-03-09 12:37:48 - [MESSAGE][PASSED] - Object 'Object Repository/2-OBJECTS TAREAS SECUNDARIAS/Pruebas Hoja de Vida/Nuevo_Formulario_Hoja_de_vida1/span_Prueba' is clickable

2023-03-09 12:37:48 - [TEST_STEP][PASSED] - click(findTestObject("2-OBJECTS TAREAS SECUNDARIAS/Pruebas Hoja de Vida/Nuevo_Formulario_Hoja_de_vida1/span_Prueba")): Object: 'Object Repository/2-OBJECTS TAREAS SECUNDARIAS/Pruebas Hoja de Vida/Nuevo_Formulario_Hoja_de_vida1/span_Prueba' is clicked on

2023-03-09 12:37:49 - [MESSAGE][PASSED] - Object: 'Object Repository/2-OBJECTS TAREAS SECUNDARIAS/Pruebas Hoja de Vida/Nuevo_Formulario_Hoja_de_vida1/span_Prueba' is clicked on

2023-03-09 12:37:49 - [TEST_STEP][PASSED] - click(findTestObject("2-OBJECTS TAREAS SECUNDARIAS/Pruebas Hoja de Vida/Nuevo_Formulario_Hoja_de_vida1/a_Eliminar")): Object: 'Object Repository/2-OBJECTS TAREAS SECUNDARIAS/Pruebas Hoja de Vida/Nuevo_Formulario_Hoja_de_vida1/a_Eliminar' is clicked on

2023-03-09 12:37:49 - [MESSAGE][PASSED] - Object: 'Object Repository/2-OBJECTS TAREAS SECUNDARIAS/Pruebas Hoja de Vida/Nuevo_Formulario_Hoja_de_vida1/a_Eliminar' is clicked on

2023-03-09 12:37:49 - [TEST_STEP][PASSED] - click(findTestObject("2-OBJECTS TAREAS SECUNDARIAS/Pruebas Hoja de Vida/Nuevo_Formulario_Hoja_de_vida1/a_Aceptar_Eliminar")): Object: 'Object Repository/2-OBJECTS TAREAS SECUNDARIAS/Pruebas Hoja de Vida/Nuevo_Formulario_Hoja_de_vida1/a_Aceptar_Eliminar' is clicked on

2023-03-09 12:37:50 - [MESSAGE][PASSED] - Object: 'Object Repository/2-OBJECTS TAREAS SECUNDARIAS/Pruebas Hoja de Vida/Nuevo_Formulario_Hoja_de_vida1/a_Aceptar_Eliminar' is clicked on

2023-03-09 12:37:50 - [TEST_STEP][PASSED] - click(findTestObject("2-OBJECTS TAREAS SECUNDARIAS/Pruebas Hoja de Vida/Nuevo_Formulario_Hoja_de_vida1/a_Nuevo")): Object: 'Object Repository/2-OBJECTS TAREAS SECUNDARIAS/Pruebas Hoja de Vida/Nuevo_Formulario_Hoja_de_vida1/a_Nuevo' is clicked on

2023-03-09 12:37:51 - [MESSAGE][PASSED] - Object: 'Object Repository/2-OBJECTS TAREAS SECUNDARIAS/Pruebas Hoja de Vida/Nuevo_Formulario_Hoja_de_vida1/a_Nuevo' is clicked on

2023-03-09 12:37:51 - [TEST_STEP][PASSED] - setText(findTestObject("2-OBJECTS TAREAS SECUNDARIAS/Pruebas Hoja de Vida/Nuevo_Formulario_Hoja_de_vida1/input_Nombre_form_formularionombre"), "prueba"): Text 'prueba' is set on object 'Object Repository/2-OBJECTS TAREAS SECUNDARIAS/Pruebas Hoja de Vida/Nuevo_Formulario_Hoja_de_vida1/input_Nombre_form_formularionombre'

2023-03-09 12:37:52 - [MESSAGE][PASSED] - Text 'prueba' is set on object 'Object Repository/2-OBJECTS TAREAS SECUNDARIAS/Pruebas Hoja de Vida/Nuevo_Formulario_Hoja_de_vida1/input_Nombre_form_formularionombre'

2023-03-09 12:37:52 - [TEST_STEP][PASSED] - setText(findTestObject("2-OBJECTS TAREAS SECUNDARIAS/Pruebas Hoja de Vida/Nuevo_Formulario_Hoja_de_vida1/input_Cdigo_form_formulariomodulo"), "123"): Text '123' is set on object 'Object Repository/2-OBJECTS TAREAS SECUNDARIAS/Pruebas Hoja de Vida/Nuevo_Formulario_Hoja_de_vida1/input_Cdigo_form_formulariomodulo'

2023-03-09 12:37:52 - [MESSAGE][PASSED] - Text '123' is set on object 'Object Repository/2-OBJECTS TAREAS SECUNDARIAS/Pruebas Hoja de Vida/Nuevo_Formulario_Hoja_de_vida1/input_Cdigo_form_formulariomodulo'

2023-03-09 12:37:52 - [TEST_STEP][PASSED] - click(findTestObject("2-OBJECTS TAREAS SECUNDARIAS/Pruebas Hoja de Vida/Nuevo_Formulario_Hoja_de_vida1/a_Guardar")): Object: 'Object Repository/2-OBJECTS TAREAS SECUNDARIAS/Pruebas Hoja de Vida/Nuevo_Formulario_Hoja_de_vida1/a_Guardar' is clicked on

2023-03-09 12:37:53 - [MESSAGE][PASSED] - Object: 'Object Repository/2-OBJECTS TAREAS SECUNDARIAS/Pruebas Hoja de Vida/Nuevo_Formulario_Hoja_de_vida1/a_Guardar' is clicked on

2023-03-09 12:37:53 - [TEST_STEP][PASSED] - Result = getText(findTestObject("3-OBJECTS UTILIDADES/Alerta/Alerta")): Text of object 'Object Repository/3-OBJECTS UTILIDADES/Alerta/Alerta' is: 'Se adiciono el registro correctamente'

2023-03-09 12:37:53 - [MESSAGE][PASSED] - Text of object 'Object Repository/3-OBJECTS UTILIDADES/Alerta/Alerta' is: 'Se adiciono el registro correctamente'

2023-03-09 12:37:53 - [TEST_STEP][PASSED] - if (Result == "Se adiciono el registro correctamente"): Browser is closed

2023-03-09 12:37:53 - [TEST_STEP][PASSED] - Resultado = "PRUEBA OK": null

2023-03-09 12:37:53 - [TEST_STEP][PASSED] - closeBrowser(): Browser is closed

2023-03-09 12:37:54 - [MESSAGE][PASSED] - Browser is closed

2023-03-09 12:37:54 - [TEST_STEP][PASSED] - closeBrowser(): Browser is closed

2023-03-09 12:37:54 - [MESSAGE][PASSED] - Browser is closed]]></system-out>
         <system-err><![CDATA[]]></system-err>
      </testcase>
      <testcase name="Test Cases/1.2-Tareas_Secundarias/2.1-Pruebas_Hoja_de_Vida/2.1.3-Crear_Nueva_Tipo_de_Hoja" time="25.604" classname="Test Cases/1.2-Tareas_Secundarias/2.1-Pruebas_Hoja_de_Vida/2.1.3-Crear_Nueva_Tipo_de_Hoja" status="PASSED">
         <system-out><![CDATA[2023-03-09 12:37:54 - [TEST_CASE][PASSED] - Test Cases/1.2-Tareas_Secundarias/2.1-Pruebas_Hoja_de_Vida/2.1.3-Crear_Nueva_Tipo_de_Hoja: Test Cases/1.2-Tareas_Secundarias/2.1-Pruebas_Hoja_de_Vida/2.1.3-Crear_Nueva_Tipo_de_Hoja

2023-03-09 12:37:55 - [TEST_STEP][PASSED] - callTestCase(findTestCase("0.1-Login"), [:], STOP_ON_FAILURE): Call Test Case 'Test Cases/0.1-Login' successfully

2023-03-09 12:37:55 - [TEST_CASE][PASSED] - Test Cases/0.1-Login: Test Cases/0.1-Login

2023-03-09 12:37:55 - [TEST_STEP][PASSED] - openBrowser(""): Browser is opened with url: ''

2023-03-09 12:37:55 - [MESSAGE][INFO] - Starting 'Chrome' driver

2023-03-09 12:37:55 - [MESSAGE][INFO] - Action delay is set to 0 milliseconds

2023-03-09 12:37:56 - [MESSAGE][PASSED] - Browser is opened with url: ''

2023-03-09 12:37:56 - [TEST_STEP][PASSED] - maximizeWindow(): Current window maximized

2023-03-09 12:37:56 - [MESSAGE][PASSED] - Current window maximized

2023-03-09 12:37:56 - [TEST_STEP][PASSED] - i = G_Login: null

2023-03-09 12:37:56 - [TEST_STEP][PASSED] - url = new java.net.URL(i): null

2023-03-09 12:37:56 - [TEST_STEP][PASSED] - println("URL: " + url.toString()): null

2023-03-09 12:37:56 - [TEST_STEP][PASSED] - connection = url.openConnection(): null

2023-03-09 12:37:56 - [TEST_STEP][PASSED] - connection.setRequestMethod("GET"): null

2023-03-09 12:37:56 - [TEST_STEP][PASSED] - connection.setReadTimeout(2 * 1000): null

2023-03-09 12:37:56 - [TEST_STEP][PASSED] - try: null

2023-03-09 12:37:56 - [TEST_STEP][PASSED] - connection.connect(): null

2023-03-09 12:37:56 - [TEST_STEP][PASSED] - flag = connected: null

2023-03-09 12:37:56 - [TEST_STEP][PASSED] - println("Valor_ori: " + flag): null

2023-03-09 12:37:56 - [TEST_STEP][PASSED] - if (flag): null

2023-03-09 12:37:56 - [TEST_STEP][PASSED] - navigateToUrl(i): Navigate to 'http://192.168.2.19:7001/saraweb' successfully

2023-03-09 12:37:58 - [MESSAGE][PASSED] - Navigate to 'http://192.168.2.19:7001/saraweb' successfully

2023-03-09 12:37:58 - [TEST_STEP][PASSED] - a(): null

2023-03-09 12:37:58 - [TEST_STEP][PASSED] - if (waitForElementVisible(findTestObject("3-OBJECTS UTILIDADES/Login/input_USUARIO_loginusuario"), 0)): null

2023-03-09 12:37:58 - [MESSAGE][WARNING] - Timeout '0' is invalid. Using default page load timeout: '37'

2023-03-09 12:37:59 - [MESSAGE][PASSED] - Object 'Object Repository/3-OBJECTS UTILIDADES/Login/input_USUARIO_loginusuario' is visible

2023-03-09 12:37:59 - [TEST_STEP][PASSED] - switchToWindowTitle("SARA"): Switched to window with title: 'SARA'

2023-03-09 12:37:59 - [MESSAGE][PASSED] - Switched to window with title: 'SARA'

2023-03-09 12:37:59 - [TEST_STEP][PASSED] - zoom(): null

2023-03-09 12:37:59 - [TEST_STEP][PASSED] - robot = new java.awt.Robot(): null

2023-03-09 12:37:59 - [TEST_STEP][PASSED] - robot.keyPress(VK_CONTROL): null

2023-03-09 12:37:59 - [TEST_STEP][PASSED] - robot.keyPress(VK_SUBTRACT): null

2023-03-09 12:37:59 - [TEST_STEP][PASSED] - robot.keyRelease(VK_CONTROL): null

2023-03-09 12:37:59 - [TEST_STEP][PASSED] - robot.keyRelease(VK_SUBTRACT): null

2023-03-09 12:37:59 - [TEST_STEP][PASSED] - robot.keyPress(VK_CONTROL): null

2023-03-09 12:37:59 - [TEST_STEP][PASSED] - robot.keyPress(VK_SUBTRACT): null

2023-03-09 12:37:59 - [TEST_STEP][PASSED] - robot.keyRelease(VK_CONTROL): null

2023-03-09 12:37:59 - [TEST_STEP][PASSED] - robot.keyRelease(VK_SUBTRACT): null

2023-03-09 12:37:59 - [TEST_STEP][PASSED] - robot.keyPress(VK_CONTROL): null

2023-03-09 12:37:59 - [TEST_STEP][PASSED] - robot.keyPress(VK_SUBTRACT): null

2023-03-09 12:37:59 - [TEST_STEP][PASSED] - robot.keyRelease(VK_CONTROL): null

2023-03-09 12:37:59 - [TEST_STEP][PASSED] - robot.keyRelease(VK_SUBTRACT): null

2023-03-09 12:37:59 - [TEST_STEP][PASSED] - robot.keyRelease(VK_CONTROL): null

2023-03-09 12:37:59 - [TEST_STEP][PASSED] - robot.keyRelease(VK_SUBTRACT): null

2023-03-09 12:37:59 - [TEST_STEP][PASSED] - setText(findTestObject("3-OBJECTS UTILIDADES/Login/input_USUARIO_loginusuario"), G_Usuario): Text 'weblogic' is set on object 'Object Repository/3-OBJECTS UTILIDADES/Login/input_USUARIO_loginusuario'

2023-03-09 12:37:59 - [MESSAGE][PASSED] - Text 'weblogic' is set on object 'Object Repository/3-OBJECTS UTILIDADES/Login/input_USUARIO_loginusuario'

2023-03-09 12:37:59 - [TEST_STEP][PASSED] - setEncryptedText(findTestObject("3-OBJECTS UTILIDADES/Login/input_CLAVE_loginpassword"), "SlAwMcyRKqrwbnzhAs8HhT6NnI7sEyng"): Text ****** has been set on object 'Object Repository/3-OBJECTS UTILIDADES/Login/input_CLAVE_loginpassword'

2023-03-09 12:38:03 - [MESSAGE][PASSED] - Text ****** has been set on object 'Object Repository/3-OBJECTS UTILIDADES/Login/input_CLAVE_loginpassword'

2023-03-09 12:38:03 - [TEST_STEP][PASSED] - while (waitForElementClickable(findTestObject("3-OBJECTS UTILIDADES/Login/a_Ingresar"), 1)): Web element with id: 'Object Repository/3-OBJECTS UTILIDADES/Login/a_Ingresar' located by '//a[contains(text(),'Ingresar')]' not found

2023-03-09 12:38:05 - [MESSAGE][INFO] - Unable to find the element located by 'By.xpath: //a[contains(text(),'Ingresar')]'. Please recheck the objects properties to make sure the desired element is located. 

2023-03-09 12:38:05 - [MESSAGE][WARNING] - Web element with id: 'Object Repository/3-OBJECTS UTILIDADES/Login/a_Ingresar' located by '//a[contains(text(),'Ingresar')]' not found

2023-03-09 12:38:05 - [MESSAGE][PASSED] - Call Test Case 'Test Cases/0.1-Login' successfully

2023-03-09 12:38:05 - [TEST_STEP][PASSED] - setText(findTestObject("2-OBJECTS TAREAS SECUNDARIAS/Pruebas Hoja de Vida/Crear_Nueva_Tipo_de_Hoja/input_Empresa 1_form_templatej_idt24_input"), "Tipo de Hoja"): Text 'Tipo de Hoja' is set on object 'Object Repository/2-OBJECTS TAREAS SECUNDARIAS/Pruebas Hoja de Vida/Crear_Nueva_Tipo_de_Hoja/input_Empresa 1_form_templatej_idt24_input'

2023-03-09 12:38:06 - [MESSAGE][PASSED] - Text 'Tipo de Hoja' is set on object 'Object Repository/2-OBJECTS TAREAS SECUNDARIAS/Pruebas Hoja de Vida/Crear_Nueva_Tipo_de_Hoja/input_Empresa 1_form_templatej_idt24_input'

2023-03-09 12:38:06 - [TEST_STEP][PASSED] - click(findTestObject("2-OBJECTS TAREAS SECUNDARIAS/Pruebas Hoja de Vida/Crear_Nueva_Tipo_de_Hoja/span_Tipo de Hoja")): Object: 'Object Repository/2-OBJECTS TAREAS SECUNDARIAS/Pruebas Hoja de Vida/Crear_Nueva_Tipo_de_Hoja/span_Tipo de Hoja' is clicked on

2023-03-09 12:38:07 - [MESSAGE][PASSED] - Object: 'Object Repository/2-OBJECTS TAREAS SECUNDARIAS/Pruebas Hoja de Vida/Crear_Nueva_Tipo_de_Hoja/span_Tipo de Hoja' is clicked on

2023-03-09 12:38:07 - [TEST_STEP][PASSED] - if (waitForElementClickable(findTestObject("2-OBJECTS TAREAS SECUNDARIAS/Pruebas Hoja de Vida/Crear_Nueva_Tipo_de_Hoja/span_P1"), 1)): null

2023-03-09 12:38:09 - [MESSAGE][PASSED] - Object 'Object Repository/2-OBJECTS TAREAS SECUNDARIAS/Pruebas Hoja de Vida/Crear_Nueva_Tipo_de_Hoja/span_P1' is clickable

2023-03-09 12:38:09 - [TEST_STEP][PASSED] - click(findTestObject("2-OBJECTS TAREAS SECUNDARIAS/Pruebas Hoja de Vida/Crear_Nueva_Tipo_de_Hoja/span_P1")): Object: 'Object Repository/2-OBJECTS TAREAS SECUNDARIAS/Pruebas Hoja de Vida/Crear_Nueva_Tipo_de_Hoja/span_P1' is clicked on

2023-03-09 12:38:09 - [MESSAGE][PASSED] - Object: 'Object Repository/2-OBJECTS TAREAS SECUNDARIAS/Pruebas Hoja de Vida/Crear_Nueva_Tipo_de_Hoja/span_P1' is clicked on

2023-03-09 12:38:09 - [TEST_STEP][PASSED] - click(findTestObject("2-OBJECTS TAREAS SECUNDARIAS/Pruebas Hoja de Vida/Crear_Nueva_Tipo_de_Hoja/a_Eliminar")): Object: 'Object Repository/2-OBJECTS TAREAS SECUNDARIAS/Pruebas Hoja de Vida/Crear_Nueva_Tipo_de_Hoja/a_Eliminar' is clicked on

2023-03-09 12:38:10 - [MESSAGE][PASSED] - Object: 'Object Repository/2-OBJECTS TAREAS SECUNDARIAS/Pruebas Hoja de Vida/Crear_Nueva_Tipo_de_Hoja/a_Eliminar' is clicked on

2023-03-09 12:38:10 - [TEST_STEP][PASSED] - click(findTestObject("2-OBJECTS TAREAS SECUNDARIAS/Pruebas Hoja de Vida/Crear_Nueva_Tipo_de_Hoja/a_Aceptar")): Object: 'Object Repository/2-OBJECTS TAREAS SECUNDARIAS/Pruebas Hoja de Vida/Crear_Nueva_Tipo_de_Hoja/a_Aceptar' is clicked on

2023-03-09 12:38:11 - [MESSAGE][PASSED] - Object: 'Object Repository/2-OBJECTS TAREAS SECUNDARIAS/Pruebas Hoja de Vida/Crear_Nueva_Tipo_de_Hoja/a_Aceptar' is clicked on

2023-03-09 12:38:11 - [TEST_STEP][PASSED] - click(findTestObject("2-OBJECTS TAREAS SECUNDARIAS/Pruebas Hoja de Vida/Crear_Nueva_Tipo_de_Hoja/a_Nuevo")): Object: 'Object Repository/2-OBJECTS TAREAS SECUNDARIAS/Pruebas Hoja de Vida/Crear_Nueva_Tipo_de_Hoja/a_Nuevo' is clicked on

2023-03-09 12:38:11 - [MESSAGE][PASSED] - Object: 'Object Repository/2-OBJECTS TAREAS SECUNDARIAS/Pruebas Hoja de Vida/Crear_Nueva_Tipo_de_Hoja/a_Nuevo' is clicked on

2023-03-09 12:38:11 - [TEST_STEP][PASSED] - setText(findTestObject("2-OBJECTS TAREAS SECUNDARIAS/Pruebas Hoja de Vida/Crear_Nueva_Tipo_de_Hoja/input_Tipo Relacin Hoja_form_tipohojavinculacion"), "P1"): Text 'P1' is set on object 'Object Repository/2-OBJECTS TAREAS SECUNDARIAS/Pruebas Hoja de Vida/Crear_Nueva_Tipo_de_Hoja/input_Tipo Relacin Hoja_form_tipohojavinculacion'

2023-03-09 12:38:12 - [MESSAGE][PASSED] - Text 'P1' is set on object 'Object Repository/2-OBJECTS TAREAS SECUNDARIAS/Pruebas Hoja de Vida/Crear_Nueva_Tipo_de_Hoja/input_Tipo Relacin Hoja_form_tipohojavinculacion'

2023-03-09 12:38:12 - [TEST_STEP][PASSED] - setText(findTestObject("2-OBJECTS TAREAS SECUNDARIAS/Pruebas Hoja de Vida/Crear_Nueva_Tipo_de_Hoja/input_Descripcin_form_tipohojadescripcion"), "prueba"): Text 'prueba' is set on object 'Object Repository/2-OBJECTS TAREAS SECUNDARIAS/Pruebas Hoja de Vida/Crear_Nueva_Tipo_de_Hoja/input_Descripcin_form_tipohojadescripcion'

2023-03-09 12:38:13 - [MESSAGE][PASSED] - Text 'prueba' is set on object 'Object Repository/2-OBJECTS TAREAS SECUNDARIAS/Pruebas Hoja de Vida/Crear_Nueva_Tipo_de_Hoja/input_Descripcin_form_tipohojadescripcion'

2023-03-09 12:38:13 - [TEST_STEP][PASSED] - click(findTestObject("2-OBJECTS TAREAS SECUNDARIAS/Pruebas Hoja de Vida/Crear_Nueva_Tipo_de_Hoja/label_No_Novedad Directa")): Object: 'Object Repository/2-OBJECTS TAREAS SECUNDARIAS/Pruebas Hoja de Vida/Crear_Nueva_Tipo_de_Hoja/label_No_Novedad Directa' is clicked on

2023-03-09 12:38:13 - [MESSAGE][PASSED] - Object: 'Object Repository/2-OBJECTS TAREAS SECUNDARIAS/Pruebas Hoja de Vida/Crear_Nueva_Tipo_de_Hoja/label_No_Novedad Directa' is clicked on

2023-03-09 12:38:13 - [TEST_STEP][PASSED] - click(findTestObject("2-OBJECTS TAREAS SECUNDARIAS/Pruebas Hoja de Vida/Crear_Nueva_Tipo_de_Hoja/label_Si_Crear Hoja")): Object: 'Object Repository/2-OBJECTS TAREAS SECUNDARIAS/Pruebas Hoja de Vida/Crear_Nueva_Tipo_de_Hoja/label_Si_Crear Hoja' is clicked on

2023-03-09 12:38:14 - [MESSAGE][PASSED] - Object: 'Object Repository/2-OBJECTS TAREAS SECUNDARIAS/Pruebas Hoja de Vida/Crear_Nueva_Tipo_de_Hoja/label_Si_Crear Hoja' is clicked on

2023-03-09 12:38:14 - [TEST_STEP][PASSED] - click(findTestObject("2-OBJECTS TAREAS SECUNDARIAS/Pruebas Hoja de Vida/Crear_Nueva_Tipo_de_Hoja/label_No_Novedad Aprobada")): Object: 'Object Repository/2-OBJECTS TAREAS SECUNDARIAS/Pruebas Hoja de Vida/Crear_Nueva_Tipo_de_Hoja/label_No_Novedad Aprobada' is clicked on

2023-03-09 12:38:14 - [MESSAGE][PASSED] - Object: 'Object Repository/2-OBJECTS TAREAS SECUNDARIAS/Pruebas Hoja de Vida/Crear_Nueva_Tipo_de_Hoja/label_No_Novedad Aprobada' is clicked on

2023-03-09 12:38:14 - [TEST_STEP][PASSED] - click(findTestObject("2-OBJECTS TAREAS SECUNDARIAS/Pruebas Hoja de Vida/Crear_Nueva_Tipo_de_Hoja/label_No_Novedad Rechazada")): Object: 'Object Repository/2-OBJECTS TAREAS SECUNDARIAS/Pruebas Hoja de Vida/Crear_Nueva_Tipo_de_Hoja/label_No_Novedad Rechazada' is clicked on

2023-03-09 12:38:15 - [MESSAGE][PASSED] - Object: 'Object Repository/2-OBJECTS TAREAS SECUNDARIAS/Pruebas Hoja de Vida/Crear_Nueva_Tipo_de_Hoja/label_No_Novedad Rechazada' is clicked on

2023-03-09 12:38:15 - [TEST_STEP][PASSED] - selectOptionByIndex(findTestObject("2-OBJECTS TAREAS SECUNDARIAS/Pruebas Hoja de Vida/Crear_Nueva_Tipo_de_Hoja/select_Formulario Asociados"), 8): All options with index in [8] are selected on object 'Object Repository/2-OBJECTS TAREAS SECUNDARIAS/Pruebas Hoja de Vida/Crear_Nueva_Tipo_de_Hoja/select_Formulario Asociados'

2023-03-09 12:38:16 - [MESSAGE][PASSED] - All options with index in [8] are selected on object 'Object Repository/2-OBJECTS TAREAS SECUNDARIAS/Pruebas Hoja de Vida/Crear_Nueva_Tipo_de_Hoja/select_Formulario Asociados'

2023-03-09 12:38:16 - [TEST_STEP][PASSED] - selectOptionByIndex(findTestObject("2-OBJECTS TAREAS SECUNDARIAS/Pruebas Hoja de Vida/Crear_Nueva_Tipo_de_Hoja/select_Hoja Asociar"), 3): All options with index in [3] are selected on object 'Object Repository/2-OBJECTS TAREAS SECUNDARIAS/Pruebas Hoja de Vida/Crear_Nueva_Tipo_de_Hoja/select_Hoja Asociar'

2023-03-09 12:38:17 - [MESSAGE][PASSED] - All options with index in [3] are selected on object 'Object Repository/2-OBJECTS TAREAS SECUNDARIAS/Pruebas Hoja de Vida/Crear_Nueva_Tipo_de_Hoja/select_Hoja Asociar'

2023-03-09 12:38:17 - [TEST_STEP][PASSED] - selectOptionByIndex(findTestObject("2-OBJECTS TAREAS SECUNDARIAS/Pruebas Hoja de Vida/Crear_Nueva_Tipo_de_Hoja/select_Gestion Periodo"), 2): All options with index in [2] are selected on object 'Object Repository/2-OBJECTS TAREAS SECUNDARIAS/Pruebas Hoja de Vida/Crear_Nueva_Tipo_de_Hoja/select_Gestion Periodo'

2023-03-09 12:38:18 - [MESSAGE][PASSED] - All options with index in [2] are selected on object 'Object Repository/2-OBJECTS TAREAS SECUNDARIAS/Pruebas Hoja de Vida/Crear_Nueva_Tipo_de_Hoja/select_Gestion Periodo'

2023-03-09 12:38:18 - [TEST_STEP][PASSED] - selectOptionByIndex(findTestObject("2-OBJECTS TAREAS SECUNDARIAS/Pruebas Hoja de Vida/Crear_Nueva_Tipo_de_Hoja/select_Modo"), 1): All options with index in [1] are selected on object 'Object Repository/2-OBJECTS TAREAS SECUNDARIAS/Pruebas Hoja de Vida/Crear_Nueva_Tipo_de_Hoja/select_Modo'

2023-03-09 12:38:19 - [MESSAGE][PASSED] - All options with index in [1] are selected on object 'Object Repository/2-OBJECTS TAREAS SECUNDARIAS/Pruebas Hoja de Vida/Crear_Nueva_Tipo_de_Hoja/select_Modo'

2023-03-09 12:38:19 - [TEST_STEP][PASSED] - click(findTestObject("2-OBJECTS TAREAS SECUNDARIAS/Pruebas Hoja de Vida/Crear_Nueva_Tipo_de_Hoja/a_Guardar")): Object: 'Object Repository/2-OBJECTS TAREAS SECUNDARIAS/Pruebas Hoja de Vida/Crear_Nueva_Tipo_de_Hoja/a_Guardar' is clicked on

2023-03-09 12:38:19 - [MESSAGE][PASSED] - Object: 'Object Repository/2-OBJECTS TAREAS SECUNDARIAS/Pruebas Hoja de Vida/Crear_Nueva_Tipo_de_Hoja/a_Guardar' is clicked on

2023-03-09 12:38:19 - [TEST_STEP][PASSED] - Result = getText(findTestObject("3-OBJECTS UTILIDADES/Alerta/Alerta")): Text of object 'Object Repository/3-OBJECTS UTILIDADES/Alerta/Alerta' is: 'Se adiciono el registro correctamente'

2023-03-09 12:38:20 - [MESSAGE][PASSED] - Text of object 'Object Repository/3-OBJECTS UTILIDADES/Alerta/Alerta' is: 'Se adiciono el registro correctamente'

2023-03-09 12:38:20 - [TEST_STEP][PASSED] - if (Result == "Se adiciono el registro correctamente"): null

2023-03-09 12:38:20 - [TEST_STEP][PASSED] - Resultado = "PRUEBAS OK": null]]></system-out>
         <system-err><![CDATA[]]></system-err>
      </testcase>
      <testcase name="Test Cases/1.2-Tareas_Secundarias/2.1-Pruebas_Hoja_de_Vida/2.1.4-Crear_Nueva_Hoja_de_Vida" time="50.561" classname="Test Cases/1.2-Tareas_Secundarias/2.1-Pruebas_Hoja_de_Vida/2.1.4-Crear_Nueva_Hoja_de_Vida" status="PASSED">
         <system-out><![CDATA[2023-03-09 12:38:20 - [TEST_CASE][PASSED] - Test Cases/1.2-Tareas_Secundarias/2.1-Pruebas_Hoja_de_Vida/2.1.4-Crear_Nueva_Hoja_de_Vida: Test Cases/1.2-Tareas_Secundarias/2.1-Pruebas_Hoja_de_Vida/2.1.4-Crear_Nueva_Hoja_de_Vida

2023-03-09 12:38:20 - [TEST_STEP][PASSED] - callTestCase(findTestCase("1.1-Tareas Principales/1.1.1-Crear Nueva Hoja de Vida"), [:], STOP_ON_FAILURE): Call Test Case 'Test Cases/1.1-Tareas Principales/1.1.1-Crear Nueva Hoja de Vida' successfully

2023-03-09 12:38:20 - [TEST_CASE][PASSED] - Test Cases/1.1-Tareas Principales/1.1.1-Crear Nueva Hoja de Vida: Test Cases/1.1-Tareas Principales/1.1.1-Crear Nueva Hoja de Vida

2023-03-09 12:38:21 - [TEST_STEP][PASSED] - random_double = Math.random() * 9999 + 999: null

2023-03-09 12:38:21 - [TEST_STEP][PASSED] - random_double = Math.round(random_double * 1000): null

2023-03-09 12:38:21 - [TEST_STEP][PASSED] - identificacion = toString().replace(".0", ""): null

2023-03-09 12:38:21 - [TEST_STEP][PASSED] - callTestCase(findTestCase("0.1.1-Login_detector"), [:], STOP_ON_FAILURE): Call Test Case 'Test Cases/0.1.1-Login_detector' successfully

2023-03-09 12:38:21 - [TEST_CASE][PASSED] - Test Cases/0.1.1-Login_detector: Test Cases/0.1.1-Login_detector

2023-03-09 12:38:21 - [TEST_STEP][PASSED] - openBrowser(""): Browser is opened with url: ''

2023-03-09 12:38:21 - [MESSAGE][WARNING] - A browser is already opened. Closing browser and opening a new one

2023-03-09 12:38:22 - [MESSAGE][INFO] - Starting 'Chrome' driver

2023-03-09 12:38:22 - [MESSAGE][INFO] - Action delay is set to 0 milliseconds

2023-03-09 12:38:23 - [MESSAGE][PASSED] - Browser is opened with url: ''

2023-03-09 12:38:23 - [TEST_STEP][PASSED] - maximizeWindow(): Current window maximized

2023-03-09 12:38:23 - [MESSAGE][PASSED] - Current window maximized

2023-03-09 12:38:23 - [TEST_STEP][PASSED] - i = G_Login: null

2023-03-09 12:38:23 - [TEST_STEP][PASSED] - url = new java.net.URL(i): null

2023-03-09 12:38:23 - [TEST_STEP][PASSED] - println("URL: " + url.toString()): null

2023-03-09 12:38:23 - [TEST_STEP][PASSED] - connection = url.openConnection(): null

2023-03-09 12:38:23 - [TEST_STEP][PASSED] - connection.setRequestMethod("GET"): null

2023-03-09 12:38:23 - [TEST_STEP][PASSED] - connection.setReadTimeout(2 * 1000): null

2023-03-09 12:38:23 - [TEST_STEP][PASSED] - try: null

2023-03-09 12:38:23 - [TEST_STEP][PASSED] - connection.connect(): null

2023-03-09 12:38:23 - [TEST_STEP][PASSED] - flag = connected: null

2023-03-09 12:38:23 - [TEST_STEP][PASSED] - println("Valor_ori: " + flag): null

2023-03-09 12:38:23 - [TEST_STEP][PASSED] - if (flag): null

2023-03-09 12:38:23 - [TEST_STEP][PASSED] - navigateToUrl(i): Navigate to 'http://192.168.2.19:7001/saraweb' successfully

2023-03-09 12:38:25 - [MESSAGE][PASSED] - Navigate to 'http://192.168.2.19:7001/saraweb' successfully

2023-03-09 12:38:25 - [TEST_STEP][PASSED] - a(): null

2023-03-09 12:38:25 - [TEST_STEP][PASSED] - USER = G_Usuario: null

2023-03-09 12:38:25 - [TEST_STEP][PASSED] - if (USER == "weblogic"): Call Test Case 'Test Cases/0.1-Login' successfully

2023-03-09 12:38:25 - [TEST_STEP][PASSED] - callTestCase(findTestCase("0.1.2-Versión"), [:], STOP_ON_FAILURE): Call Test Case 'Test Cases/0.1.2-Versión' successfully

2023-03-09 12:38:25 - [TEST_CASE][PASSED] - Test Cases/0.1.2-Versión: Test Cases/0.1.2-Versión

2023-03-09 12:38:25 - [TEST_STEP][PASSED] - openBrowser("http://192.168.2.19:7001/console/"): Browser is opened with url: 'http://192.168.2.19:7001/console/'

2023-03-09 12:38:25 - [MESSAGE][WARNING] - A browser is already opened. Closing browser and opening a new one

2023-03-09 12:38:26 - [MESSAGE][INFO] - Starting 'Chrome' driver

2023-03-09 12:38:26 - [MESSAGE][INFO] - Action delay is set to 0 milliseconds

2023-03-09 12:38:27 - [MESSAGE][PASSED] - Browser is opened with url: 'http://192.168.2.19:7001/console/'

2023-03-09 12:38:27 - [TEST_STEP][PASSED] - version = getText(findTestObject("3-OBJECTS UTILIDADES/versión/div_Versin de WebLogic Server 12.2.1.0.0")): Text of object 'Object Repository/3-OBJECTS UTILIDADES/versión/div_Versin de WebLogic Server 12.2.1.0.0' is: 'Versión de WebLogic Server: 12.2.1.0.0'

2023-03-09 12:38:28 - [MESSAGE][PASSED] - Text of object 'Object Repository/3-OBJECTS UTILIDADES/versión/div_Versin de WebLogic Server 12.2.1.0.0' is: 'Versión de WebLogic Server: 12.2.1.0.0'

2023-03-09 12:38:28 - [TEST_STEP][PASSED] - closeBrowser(): Browser is closed

2023-03-09 12:38:29 - [MESSAGE][PASSED] - Browser is closed

2023-03-09 12:38:29 - [MESSAGE][PASSED] - Call Test Case 'Test Cases/0.1.2-Versión' successfully

2023-03-09 12:38:29 - [TEST_STEP][PASSED] - callTestCase(findTestCase("0.1-Login"), [:], STOP_ON_FAILURE): Call Test Case 'Test Cases/0.1-Login' successfully

2023-03-09 12:38:29 - [TEST_CASE][PASSED] - Test Cases/0.1-Login: Test Cases/0.1-Login

2023-03-09 12:38:29 - [TEST_STEP][PASSED] - openBrowser(""): Browser is opened with url: ''

2023-03-09 12:38:29 - [MESSAGE][INFO] - Starting 'Chrome' driver

2023-03-09 12:38:29 - [MESSAGE][INFO] - Action delay is set to 0 milliseconds

2023-03-09 12:38:30 - [MESSAGE][PASSED] - Browser is opened with url: ''

2023-03-09 12:38:30 - [TEST_STEP][PASSED] - maximizeWindow(): Current window maximized

2023-03-09 12:38:30 - [MESSAGE][PASSED] - Current window maximized

2023-03-09 12:38:30 - [TEST_STEP][PASSED] - i = G_Login: null

2023-03-09 12:38:30 - [TEST_STEP][PASSED] - url = new java.net.URL(i): null

2023-03-09 12:38:30 - [TEST_STEP][PASSED] - println("URL: " + url.toString()): null

2023-03-09 12:38:30 - [TEST_STEP][PASSED] - connection = url.openConnection(): null

2023-03-09 12:38:30 - [TEST_STEP][PASSED] - connection.setRequestMethod("GET"): null

2023-03-09 12:38:30 - [TEST_STEP][PASSED] - connection.setReadTimeout(2 * 1000): null

2023-03-09 12:38:30 - [TEST_STEP][PASSED] - try: null

2023-03-09 12:38:30 - [TEST_STEP][PASSED] - connection.connect(): null

2023-03-09 12:38:30 - [TEST_STEP][PASSED] - flag = connected: null

2023-03-09 12:38:30 - [TEST_STEP][PASSED] - println("Valor_ori: " + flag): null

2023-03-09 12:38:30 - [TEST_STEP][PASSED] - if (flag): null

2023-03-09 12:38:30 - [TEST_STEP][PASSED] - navigateToUrl(i): Navigate to 'http://192.168.2.19:7001/saraweb' successfully

2023-03-09 12:38:32 - [MESSAGE][PASSED] - Navigate to 'http://192.168.2.19:7001/saraweb' successfully

2023-03-09 12:38:32 - [TEST_STEP][PASSED] - a(): null

2023-03-09 12:38:32 - [TEST_STEP][PASSED] - if (waitForElementVisible(findTestObject("3-OBJECTS UTILIDADES/Login/input_USUARIO_loginusuario"), 0)): null

2023-03-09 12:38:32 - [MESSAGE][WARNING] - Timeout '0' is invalid. Using default page load timeout: '37'

2023-03-09 12:38:32 - [MESSAGE][PASSED] - Object 'Object Repository/3-OBJECTS UTILIDADES/Login/input_USUARIO_loginusuario' is visible

2023-03-09 12:38:32 - [TEST_STEP][PASSED] - switchToWindowTitle("SARA"): Switched to window with title: 'SARA'

2023-03-09 12:38:32 - [MESSAGE][PASSED] - Switched to window with title: 'SARA'

2023-03-09 12:38:32 - [TEST_STEP][PASSED] - zoom(): null

2023-03-09 12:38:32 - [TEST_STEP][PASSED] - robot = new java.awt.Robot(): null

2023-03-09 12:38:32 - [TEST_STEP][PASSED] - robot.keyPress(VK_CONTROL): null

2023-03-09 12:38:32 - [TEST_STEP][PASSED] - robot.keyPress(VK_SUBTRACT): null

2023-03-09 12:38:32 - [TEST_STEP][PASSED] - robot.keyRelease(VK_CONTROL): null

2023-03-09 12:38:32 - [TEST_STEP][PASSED] - robot.keyRelease(VK_SUBTRACT): null

2023-03-09 12:38:32 - [TEST_STEP][PASSED] - robot.keyPress(VK_CONTROL): null

2023-03-09 12:38:32 - [TEST_STEP][PASSED] - robot.keyPress(VK_SUBTRACT): null

2023-03-09 12:38:32 - [TEST_STEP][PASSED] - robot.keyRelease(VK_CONTROL): null

2023-03-09 12:38:32 - [TEST_STEP][PASSED] - robot.keyRelease(VK_SUBTRACT): null

2023-03-09 12:38:32 - [TEST_STEP][PASSED] - robot.keyPress(VK_CONTROL): null

2023-03-09 12:38:32 - [TEST_STEP][PASSED] - robot.keyPress(VK_SUBTRACT): null

2023-03-09 12:38:32 - [TEST_STEP][PASSED] - robot.keyRelease(VK_CONTROL): null

2023-03-09 12:38:32 - [TEST_STEP][PASSED] - robot.keyRelease(VK_SUBTRACT): null

2023-03-09 12:38:32 - [TEST_STEP][PASSED] - robot.keyRelease(VK_CONTROL): null

2023-03-09 12:38:32 - [TEST_STEP][PASSED] - robot.keyRelease(VK_SUBTRACT): null

2023-03-09 12:38:32 - [TEST_STEP][PASSED] - setText(findTestObject("3-OBJECTS UTILIDADES/Login/input_USUARIO_loginusuario"), G_Usuario): Text 'weblogic' is set on object 'Object Repository/3-OBJECTS UTILIDADES/Login/input_USUARIO_loginusuario'

2023-03-09 12:38:33 - [MESSAGE][PASSED] - Text 'weblogic' is set on object 'Object Repository/3-OBJECTS UTILIDADES/Login/input_USUARIO_loginusuario'

2023-03-09 12:38:33 - [TEST_STEP][PASSED] - setEncryptedText(findTestObject("3-OBJECTS UTILIDADES/Login/input_CLAVE_loginpassword"), "SlAwMcyRKqrwbnzhAs8HhT6NnI7sEyng"): Text ****** has been set on object 'Object Repository/3-OBJECTS UTILIDADES/Login/input_CLAVE_loginpassword'

2023-03-09 12:38:36 - [MESSAGE][PASSED] - Text ****** has been set on object 'Object Repository/3-OBJECTS UTILIDADES/Login/input_CLAVE_loginpassword'

2023-03-09 12:38:36 - [TEST_STEP][PASSED] - while (waitForElementClickable(findTestObject("3-OBJECTS UTILIDADES/Login/a_Ingresar"), 1)): Web element with id: 'Object Repository/3-OBJECTS UTILIDADES/Login/a_Ingresar' located by '//a[contains(text(),'Ingresar')]' not found

2023-03-09 12:38:38 - [MESSAGE][INFO] - Unable to find the element located by 'By.xpath: //a[contains(text(),'Ingresar')]'. Please recheck the objects properties to make sure the desired element is located. 

2023-03-09 12:38:38 - [MESSAGE][WARNING] - Web element with id: 'Object Repository/3-OBJECTS UTILIDADES/Login/a_Ingresar' located by '//a[contains(text(),'Ingresar')]' not found

2023-03-09 12:38:38 - [MESSAGE][PASSED] - Call Test Case 'Test Cases/0.1-Login' successfully

2023-03-09 12:38:38 - [MESSAGE][PASSED] - Call Test Case 'Test Cases/0.1.1-Login_detector' successfully

2023-03-09 12:38:38 - [TEST_STEP][PASSED] - waitForElementClickable(findTestObject("1-OBJECTS TAREAS PRINCIPALES/Modulo Tarea Listado Hojas de Vida/Crear Nueva Hoja de Vida/input_Listado Hojas De Vida_form_templatej_idt24_input"), G_TimeOut): Object 'Object Repository/1-OBJECTS TAREAS PRINCIPALES/Modulo Tarea Listado Hojas de Vida/Crear Nueva Hoja de Vida/input_Listado Hojas De Vida_form_templatej_idt24_input' is clickable

2023-03-09 12:38:38 - [MESSAGE][PASSED] - Object 'Object Repository/1-OBJECTS TAREAS PRINCIPALES/Modulo Tarea Listado Hojas de Vida/Crear Nueva Hoja de Vida/input_Listado Hojas De Vida_form_templatej_idt24_input' is clickable

2023-03-09 12:38:38 - [TEST_STEP][PASSED] - setText(findTestObject("1-OBJECTS TAREAS PRINCIPALES/Modulo Tarea Listado Hojas de Vida/Crear Nueva Hoja de Vida/input_Listado Hojas De Vida_form_templatej_idt24_input"), "Listado Hojas de Vida"): Text 'Listado Hojas de Vida' is set on object 'Object Repository/1-OBJECTS TAREAS PRINCIPALES/Modulo Tarea Listado Hojas de Vida/Crear Nueva Hoja de Vida/input_Listado Hojas De Vida_form_templatej_idt24_input'

2023-03-09 12:38:39 - [MESSAGE][PASSED] - Text 'Listado Hojas de Vida' is set on object 'Object Repository/1-OBJECTS TAREAS PRINCIPALES/Modulo Tarea Listado Hojas de Vida/Crear Nueva Hoja de Vida/input_Listado Hojas De Vida_form_templatej_idt24_input'

2023-03-09 12:38:39 - [TEST_STEP][PASSED] - waitForElementVisible(findTestObject("1-OBJECTS TAREAS PRINCIPALES/Modulo Tarea Listado Hojas de Vida/Crear Nueva Hoja de Vida/span_Listado Hojas de Vida"), 0): Object 'Object Repository/1-OBJECTS TAREAS PRINCIPALES/Modulo Tarea Listado Hojas de Vida/Crear Nueva Hoja de Vida/span_Listado Hojas de Vida' is visible

2023-03-09 12:38:39 - [MESSAGE][WARNING] - Timeout '0' is invalid. Using default page load timeout: '37'

2023-03-09 12:38:41 - [MESSAGE][PASSED] - Object 'Object Repository/1-OBJECTS TAREAS PRINCIPALES/Modulo Tarea Listado Hojas de Vida/Crear Nueva Hoja de Vida/span_Listado Hojas de Vida' is visible

2023-03-09 12:38:41 - [TEST_STEP][PASSED] - click(findTestObject("1-OBJECTS TAREAS PRINCIPALES/Modulo Tarea Listado Hojas de Vida/Crear Nueva Hoja de Vida/span_Listado Hojas de Vida")): Object: 'Object Repository/1-OBJECTS TAREAS PRINCIPALES/Modulo Tarea Listado Hojas de Vida/Crear Nueva Hoja de Vida/span_Listado Hojas de Vida' is clicked on

2023-03-09 12:38:41 - [MESSAGE][PASSED] - Object: 'Object Repository/1-OBJECTS TAREAS PRINCIPALES/Modulo Tarea Listado Hojas de Vida/Crear Nueva Hoja de Vida/span_Listado Hojas de Vida' is clicked on

2023-03-09 12:38:41 - [TEST_STEP][PASSED] - waitForElementClickable(findTestObject("1-OBJECTS TAREAS PRINCIPALES/Modulo Tarea Listado Hojas de Vida/Crear Nueva Hoja de Vida/a_Nueva HojaVida"), G_TimeOut): Object 'Object Repository/1-OBJECTS TAREAS PRINCIPALES/Modulo Tarea Listado Hojas de Vida/Crear Nueva Hoja de Vida/a_Nueva HojaVida' is clickable

2023-03-09 12:38:43 - [MESSAGE][PASSED] - Object 'Object Repository/1-OBJECTS TAREAS PRINCIPALES/Modulo Tarea Listado Hojas de Vida/Crear Nueva Hoja de Vida/a_Nueva HojaVida' is clickable

2023-03-09 12:38:43 - [TEST_STEP][PASSED] - click(findTestObject("1-OBJECTS TAREAS PRINCIPALES/Modulo Tarea Listado Hojas de Vida/Crear Nueva Hoja de Vida/a_Nueva HojaVida")): Object: 'Object Repository/1-OBJECTS TAREAS PRINCIPALES/Modulo Tarea Listado Hojas de Vida/Crear Nueva Hoja de Vida/a_Nueva HojaVida' is clicked on

2023-03-09 12:38:44 - [MESSAGE][PASSED] - Object: 'Object Repository/1-OBJECTS TAREAS PRINCIPALES/Modulo Tarea Listado Hojas de Vida/Crear Nueva Hoja de Vida/a_Nueva HojaVida' is clicked on

2023-03-09 12:38:44 - [TEST_STEP][PASSED] - waitForElementClickable(findTestObject("1-OBJECTS TAREAS PRINCIPALES/Modulo Tarea Listado Hojas de Vida/Crear Nueva Hoja de Vida/input_Identificacin_nuevahoja_"), 0): Object 'Object Repository/1-OBJECTS TAREAS PRINCIPALES/Modulo Tarea Listado Hojas de Vida/Crear Nueva Hoja de Vida/input_Identificacin_nuevahoja_' is clickable

2023-03-09 12:38:44 - [MESSAGE][WARNING] - Timeout '0' is invalid. Using default page load timeout: '37'

2023-03-09 12:38:44 - [MESSAGE][PASSED] - Object 'Object Repository/1-OBJECTS TAREAS PRINCIPALES/Modulo Tarea Listado Hojas de Vida/Crear Nueva Hoja de Vida/input_Identificacin_nuevahoja_' is clickable

2023-03-09 12:38:44 - [TEST_STEP][PASSED] - setText(findTestObject("1-OBJECTS TAREAS PRINCIPALES/Modulo Tarea Listado Hojas de Vida/Crear Nueva Hoja de Vida/input_Identificacin_nuevahoja_"), identificacion): Text '7415103' is set on object 'Object Repository/1-OBJECTS TAREAS PRINCIPALES/Modulo Tarea Listado Hojas de Vida/Crear Nueva Hoja de Vida/input_Identificacin_nuevahoja_'

2023-03-09 12:38:45 - [MESSAGE][PASSED] - Text '7415103' is set on object 'Object Repository/1-OBJECTS TAREAS PRINCIPALES/Modulo Tarea Listado Hojas de Vida/Crear Nueva Hoja de Vida/input_Identificacin_nuevahoja_'

2023-03-09 12:38:45 - [TEST_STEP][PASSED] - selectOptionByIndex(findTestObject("1-OBJECTS TAREAS PRINCIPALES/Modulo Tarea Listado Hojas de Vida/Crear Nueva Hoja de Vida/select_-- Seleccione --.ASPIRA"), "4"): All options with index in [4] are selected on object 'Object Repository/1-OBJECTS TAREAS PRINCIPALES/Modulo Tarea Listado Hojas de Vida/Crear Nueva Hoja de Vida/select_-- Seleccione --.ASPIRA'

2023-03-09 12:38:46 - [MESSAGE][PASSED] - All options with index in [4] are selected on object 'Object Repository/1-OBJECTS TAREAS PRINCIPALES/Modulo Tarea Listado Hojas de Vida/Crear Nueva Hoja de Vida/select_-- Seleccione --.ASPIRA'

2023-03-09 12:38:46 - [TEST_STEP][PASSED] - click(findTestObject("1-OBJECTS TAREAS PRINCIPALES/Modulo Tarea Listado Hojas de Vida/Crear Nueva Hoja de Vida/a_Nueva Solicitud")): Object: 'Object Repository/1-OBJECTS TAREAS PRINCIPALES/Modulo Tarea Listado Hojas de Vida/Crear Nueva Hoja de Vida/a_Nueva Solicitud' is clicked on

2023-03-09 12:38:46 - [MESSAGE][PASSED] - Object: 'Object Repository/1-OBJECTS TAREAS PRINCIPALES/Modulo Tarea Listado Hojas de Vida/Crear Nueva Hoja de Vida/a_Nueva Solicitud' is clicked on

2023-03-09 12:38:46 - [TEST_STEP][PASSED] - waitForElementPresent(findTestObject("1-OBJECTS TAREAS PRINCIPALES/Modulo Tarea Listado Hojas de Vida/Crear Nueva Hoja de Vida/input__hojaVidaseccionj_idt8350j_idt845"), 0): Object 'Object Repository/1-OBJECTS TAREAS PRINCIPALES/Modulo Tarea Listado Hojas de Vida/Crear Nueva Hoja de Vida/input__hojaVidaseccionj_idt8350j_idt845' is present

2023-03-09 12:38:47 - [MESSAGE][WARNING] - Timeout '0' is invalid. Using default page load timeout: '37'

2023-03-09 12:38:47 - [MESSAGE][PASSED] - Object 'Object Repository/1-OBJECTS TAREAS PRINCIPALES/Modulo Tarea Listado Hojas de Vida/Crear Nueva Hoja de Vida/input__hojaVidaseccionj_idt8350j_idt845' is present

2023-03-09 12:38:47 - [TEST_STEP][PASSED] - setText(findTestObject("1-OBJECTS TAREAS PRINCIPALES/Modulo Tarea Listado Hojas de Vida/Crear Nueva Hoja de Vida/input__hojaVidaseccionj_idt8350j_idt845"), identificacion): Text '7415103' is set on object 'Object Repository/1-OBJECTS TAREAS PRINCIPALES/Modulo Tarea Listado Hojas de Vida/Crear Nueva Hoja de Vida/input__hojaVidaseccionj_idt8350j_idt845'

2023-03-09 12:38:48 - [MESSAGE][PASSED] - Text '7415103' is set on object 'Object Repository/1-OBJECTS TAREAS PRINCIPALES/Modulo Tarea Listado Hojas de Vida/Crear Nueva Hoja de Vida/input__hojaVidaseccionj_idt8350j_idt845'

2023-03-09 12:38:48 - [TEST_STEP][PASSED] - setText(findTestObject("1-OBJECTS TAREAS PRINCIPALES/Modulo Tarea Listado Hojas de Vida/Crear Nueva Hoja de Vida/input__hojaVidaseccionj_idt8351j_idt845"), "Empleado" + identificacion): Text 'Empleado7415103' is set on object 'Object Repository/1-OBJECTS TAREAS PRINCIPALES/Modulo Tarea Listado Hojas de Vida/Crear Nueva Hoja de Vida/input__hojaVidaseccionj_idt8351j_idt845'

2023-03-09 12:38:49 - [MESSAGE][PASSED] - Text 'Empleado7415103' is set on object 'Object Repository/1-OBJECTS TAREAS PRINCIPALES/Modulo Tarea Listado Hojas de Vida/Crear Nueva Hoja de Vida/input__hojaVidaseccionj_idt8351j_idt845'

2023-03-09 12:38:49 - [TEST_STEP][PASSED] - setText(findTestObject("1-OBJECTS TAREAS PRINCIPALES/Modulo Tarea Listado Hojas de Vida/Crear Nueva Hoja de Vida/input__hojaVidaseccionj_idt8352j_idt845"), " Pruebas_Automaticas"): Text ' Pruebas_Automaticas' is set on object 'Object Repository/1-OBJECTS TAREAS PRINCIPALES/Modulo Tarea Listado Hojas de Vida/Crear Nueva Hoja de Vida/input__hojaVidaseccionj_idt8352j_idt845'

2023-03-09 12:38:49 - [MESSAGE][PASSED] - Text ' Pruebas_Automaticas' is set on object 'Object Repository/1-OBJECTS TAREAS PRINCIPALES/Modulo Tarea Listado Hojas de Vida/Crear Nueva Hoja de Vida/input__hojaVidaseccionj_idt8352j_idt845'

2023-03-09 12:38:49 - [TEST_STEP][PASSED] - setText(findTestObject("1-OBJECTS TAREAS PRINCIPALES/Modulo Tarea Listado Hojas de Vida/Crear Nueva Hoja de Vida/input__hojaVidaseccionj_idt8353fecha_input"), "30/08/1995"): Text '30/08/1995' is set on object 'Object Repository/1-OBJECTS TAREAS PRINCIPALES/Modulo Tarea Listado Hojas de Vida/Crear Nueva Hoja de Vida/input__hojaVidaseccionj_idt8353fecha_input'

2023-03-09 12:38:50 - [MESSAGE][PASSED] - Text '30/08/1995' is set on object 'Object Repository/1-OBJECTS TAREAS PRINCIPALES/Modulo Tarea Listado Hojas de Vida/Crear Nueva Hoja de Vida/input__hojaVidaseccionj_idt8353fecha_input'

2023-03-09 12:38:50 - [TEST_STEP][PASSED] - sendKeys(findTestObject("1-OBJECTS TAREAS PRINCIPALES/Modulo Tarea Listado Hojas de Vida/Crear Nueva Hoja de Vida/input__hojaVidaseccionj_idt8353fecha_input"), Keys.chord(ENTER)): Keys 'ENTER + ' sent to object: 'Object Repository/1-OBJECTS TAREAS PRINCIPALES/Modulo Tarea Listado Hojas de Vida/Crear Nueva Hoja de Vida/input__hojaVidaseccionj_idt8353fecha_input'

2023-03-09 12:38:51 - [MESSAGE][PASSED] - Keys 'ENTER + ' sent to object: 'Object Repository/1-OBJECTS TAREAS PRINCIPALES/Modulo Tarea Listado Hojas de Vida/Crear Nueva Hoja de Vida/input__hojaVidaseccionj_idt8353fecha_input'

2023-03-09 12:38:51 - [TEST_STEP][PASSED] - waitForElementClickable(findTestObject("1-OBJECTS TAREAS PRINCIPALES/Modulo Tarea Listado Hojas de Vida/Crear Nueva Hoja de Vida/a__hojaVidaseccionj_idt8354j_idt865"), G_TimeOut): Object 'Object Repository/1-OBJECTS TAREAS PRINCIPALES/Modulo Tarea Listado Hojas de Vida/Crear Nueva Hoja de Vida/a__hojaVidaseccionj_idt8354j_idt865' is clickable

2023-03-09 12:38:51 - [MESSAGE][PASSED] - Object 'Object Repository/1-OBJECTS TAREAS PRINCIPALES/Modulo Tarea Listado Hojas de Vida/Crear Nueva Hoja de Vida/a__hojaVidaseccionj_idt8354j_idt865' is clickable

2023-03-09 12:38:51 - [TEST_STEP][PASSED] - click(findTestObject("1-OBJECTS TAREAS PRINCIPALES/Modulo Tarea Listado Hojas de Vida/Crear Nueva Hoja de Vida/a__hojaVidaseccionj_idt8354j_idt865")): Object: 'Object Repository/1-OBJECTS TAREAS PRINCIPALES/Modulo Tarea Listado Hojas de Vida/Crear Nueva Hoja de Vida/a__hojaVidaseccionj_idt8354j_idt865' is clicked on

2023-03-09 12:38:51 - [MESSAGE][PASSED] - Object: 'Object Repository/1-OBJECTS TAREAS PRINCIPALES/Modulo Tarea Listado Hojas de Vida/Crear Nueva Hoja de Vida/a__hojaVidaseccionj_idt8354j_idt865' is clicked on

2023-03-09 12:38:51 - [TEST_STEP][PASSED] - waitForElementClickable(findTestObject("1-OBJECTS TAREAS PRINCIPALES/Modulo Tarea Listado Hojas de Vida/Crear Nueva Hoja de Vida/span_CEDULA CIUDADANIA"), G_TimeOut): Object 'Object Repository/1-OBJECTS TAREAS PRINCIPALES/Modulo Tarea Listado Hojas de Vida/Crear Nueva Hoja de Vida/span_CEDULA CIUDADANIA' is clickable

2023-03-09 12:38:52 - [MESSAGE][PASSED] - Object 'Object Repository/1-OBJECTS TAREAS PRINCIPALES/Modulo Tarea Listado Hojas de Vida/Crear Nueva Hoja de Vida/span_CEDULA CIUDADANIA' is clickable

2023-03-09 12:38:52 - [TEST_STEP][PASSED] - click(findTestObject("1-OBJECTS TAREAS PRINCIPALES/Modulo Tarea Listado Hojas de Vida/Crear Nueva Hoja de Vida/span_CEDULA CIUDADANIA")): Object: 'Object Repository/1-OBJECTS TAREAS PRINCIPALES/Modulo Tarea Listado Hojas de Vida/Crear Nueva Hoja de Vida/span_CEDULA CIUDADANIA' is clicked on

2023-03-09 12:38:52 - [MESSAGE][PASSED] - Object: 'Object Repository/1-OBJECTS TAREAS PRINCIPALES/Modulo Tarea Listado Hojas de Vida/Crear Nueva Hoja de Vida/span_CEDULA CIUDADANIA' is clicked on

2023-03-09 12:38:52 - [TEST_STEP][PASSED] - waitForElementClickable(findTestObject("1-OBJECTS TAREAS PRINCIPALES/Modulo Tarea Listado Hojas de Vida/Crear Nueva Hoja de Vida/input_Fecha Expedicin_hojaVidas"), G_TimeOut): Object 'Object Repository/1-OBJECTS TAREAS PRINCIPALES/Modulo Tarea Listado Hojas de Vida/Crear Nueva Hoja de Vida/input_Fecha Expedicin_hojaVidas' is clickable

2023-03-09 12:38:53 - [MESSAGE][PASSED] - Object 'Object Repository/1-OBJECTS TAREAS PRINCIPALES/Modulo Tarea Listado Hojas de Vida/Crear Nueva Hoja de Vida/input_Fecha Expedicin_hojaVidas' is clickable

2023-03-09 12:38:53 - [TEST_STEP][PASSED] - setText(findTestObject("1-OBJECTS TAREAS PRINCIPALES/Modulo Tarea Listado Hojas de Vida/Crear Nueva Hoja de Vida/input_Fecha Expedicin_hojaVidas"), "13/09/2013"): Text '13/09/2013' is set on object 'Object Repository/1-OBJECTS TAREAS PRINCIPALES/Modulo Tarea Listado Hojas de Vida/Crear Nueva Hoja de Vida/input_Fecha Expedicin_hojaVidas'

2023-03-09 12:38:54 - [MESSAGE][PASSED] - Text '13/09/2013' is set on object 'Object Repository/1-OBJECTS TAREAS PRINCIPALES/Modulo Tarea Listado Hojas de Vida/Crear Nueva Hoja de Vida/input_Fecha Expedicin_hojaVidas'

2023-03-09 12:38:54 - [TEST_STEP][PASSED] - sendKeys(findTestObject("1-OBJECTS TAREAS PRINCIPALES/Modulo Tarea Listado Hojas de Vida/Crear Nueva Hoja de Vida/input_Fecha Expedicin_hojaVidas"), Keys.chord(ENTER)): Keys 'ENTER + ' sent to object: 'Object Repository/1-OBJECTS TAREAS PRINCIPALES/Modulo Tarea Listado Hojas de Vida/Crear Nueva Hoja de Vida/input_Fecha Expedicin_hojaVidas'

2023-03-09 12:38:54 - [MESSAGE][PASSED] - Keys 'ENTER + ' sent to object: 'Object Repository/1-OBJECTS TAREAS PRINCIPALES/Modulo Tarea Listado Hojas de Vida/Crear Nueva Hoja de Vida/input_Fecha Expedicin_hojaVidas'

2023-03-09 12:38:54 - [TEST_STEP][PASSED] - selectOptionByIndex(findTestObject("1-OBJECTS TAREAS PRINCIPALES/Modulo Tarea Listado Hojas de Vida/Crear Nueva Hoja de Vida/select_-- Seleccione--000000ABEJORRAL"), "113"): All options with index in [113] are selected on object 'Object Repository/1-OBJECTS TAREAS PRINCIPALES/Modulo Tarea Listado Hojas de Vida/Crear Nueva Hoja de Vida/select_-- Seleccione--000000ABEJORRAL'

2023-03-09 12:38:57 - [MESSAGE][PASSED] - All options with index in [113] are selected on object 'Object Repository/1-OBJECTS TAREAS PRINCIPALES/Modulo Tarea Listado Hojas de Vida/Crear Nueva Hoja de Vida/select_-- Seleccione--000000ABEJORRAL'

2023-03-09 12:38:57 - [TEST_STEP][PASSED] - setText(findTestObject("1-OBJECTS TAREAS PRINCIPALES/Modulo Tarea Listado Hojas de Vida/Crear Nueva Hoja de Vida/input__hojaVidaseccionj_idt8358j_idt845"), "634564654684"): Text '634564654684' is set on object 'Object Repository/1-OBJECTS TAREAS PRINCIPALES/Modulo Tarea Listado Hojas de Vida/Crear Nueva Hoja de Vida/input__hojaVidaseccionj_idt8358j_idt845'

2023-03-09 12:38:58 - [MESSAGE][PASSED] - Text '634564654684' is set on object 'Object Repository/1-OBJECTS TAREAS PRINCIPALES/Modulo Tarea Listado Hojas de Vida/Crear Nueva Hoja de Vida/input__hojaVidaseccionj_idt8358j_idt845'

2023-03-09 12:38:58 - [TEST_STEP][PASSED] - setText(findTestObject("1-OBJECTS TAREAS PRINCIPALES/Modulo Tarea Listado Hojas de Vida/Crear Nueva Hoja de Vida/input__hojaVidaseccionj_idt8359j_idt845"), "noodle@gmail.com"): Text 'noodle@gmail.com' is set on object 'Object Repository/1-OBJECTS TAREAS PRINCIPALES/Modulo Tarea Listado Hojas de Vida/Crear Nueva Hoja de Vida/input__hojaVidaseccionj_idt8359j_idt845'

2023-03-09 12:38:59 - [MESSAGE][PASSED] - Text 'noodle@gmail.com' is set on object 'Object Repository/1-OBJECTS TAREAS PRINCIPALES/Modulo Tarea Listado Hojas de Vida/Crear Nueva Hoja de Vida/input__hojaVidaseccionj_idt8359j_idt845'

2023-03-09 12:38:59 - [TEST_STEP][PASSED] - selectOptionByIndex(findTestObject("1-OBJECTS TAREAS PRINCIPALES/Modulo Tarea Listado Hojas de Vida/Crear Nueva Hoja de Vida/select_AA-ABAB-BB-OO-"), "7"): All options with index in [7] are selected on object 'Object Repository/1-OBJECTS TAREAS PRINCIPALES/Modulo Tarea Listado Hojas de Vida/Crear Nueva Hoja de Vida/select_AA-ABAB-BB-OO-'

2023-03-09 12:39:00 - [MESSAGE][PASSED] - All options with index in [7] are selected on object 'Object Repository/1-OBJECTS TAREAS PRINCIPALES/Modulo Tarea Listado Hojas de Vida/Crear Nueva Hoja de Vida/select_AA-ABAB-BB-OO-'

2023-03-09 12:39:00 - [TEST_STEP][PASSED] - click(findTestObject("1-OBJECTS TAREAS PRINCIPALES/Modulo Tarea Listado Hojas de Vida/Crear Nueva Hoja de Vida/a__hojaVidaseccionj_idt21411j_idt254")): Object: 'Object Repository/1-OBJECTS TAREAS PRINCIPALES/Modulo Tarea Listado Hojas de Vida/Crear Nueva Hoja de Vida/a__hojaVidaseccionj_idt21411j_idt254' is clicked on

2023-03-09 12:39:00 - [MESSAGE][PASSED] - Object: 'Object Repository/1-OBJECTS TAREAS PRINCIPALES/Modulo Tarea Listado Hojas de Vida/Crear Nueva Hoja de Vida/a__hojaVidaseccionj_idt21411j_idt254' is clicked on

2023-03-09 12:39:00 - [TEST_STEP][PASSED] - setText(findTestObject("1-OBJECTS TAREAS PRINCIPALES/Modulo Tarea Listado Hojas de Vida/Crear Nueva Hoja de Vida/input_Ubicacin Geogrfica_formPopUpUbicacionj_idt921"), "BOGOTÁ"): Text 'BOGOTÁ' is set on object 'Object Repository/1-OBJECTS TAREAS PRINCIPALES/Modulo Tarea Listado Hojas de Vida/Crear Nueva Hoja de Vida/input_Ubicacin Geogrfica_formPopUpUbicacionj_idt921'

2023-03-09 12:39:01 - [MESSAGE][PASSED] - Text 'BOGOTÁ' is set on object 'Object Repository/1-OBJECTS TAREAS PRINCIPALES/Modulo Tarea Listado Hojas de Vida/Crear Nueva Hoja de Vida/input_Ubicacin Geogrfica_formPopUpUbicacionj_idt921'

2023-03-09 12:39:01 - [TEST_STEP][PASSED] - sendKeys(findTestObject("1-OBJECTS TAREAS PRINCIPALES/Modulo Tarea Listado Hojas de Vida/Crear Nueva Hoja de Vida/input_Ubicacin Geogrfica_formPopUpUbicacionj_idt921"), Keys.chord(ENTER)): Keys 'ENTER + ' sent to object: 'Object Repository/1-OBJECTS TAREAS PRINCIPALES/Modulo Tarea Listado Hojas de Vida/Crear Nueva Hoja de Vida/input_Ubicacin Geogrfica_formPopUpUbicacionj_idt921'

2023-03-09 12:39:02 - [MESSAGE][PASSED] - Keys 'ENTER + ' sent to object: 'Object Repository/1-OBJECTS TAREAS PRINCIPALES/Modulo Tarea Listado Hojas de Vida/Crear Nueva Hoja de Vida/input_Ubicacin Geogrfica_formPopUpUbicacionj_idt921'

2023-03-09 12:39:02 - [TEST_STEP][PASSED] - click(findTestObject("1-OBJECTS TAREAS PRINCIPALES/Modulo Tarea Listado Hojas de Vida/Crear Nueva Hoja de Vida/td_11001     BOGOT")): Object: 'Object Repository/1-OBJECTS TAREAS PRINCIPALES/Modulo Tarea Listado Hojas de Vida/Crear Nueva Hoja de Vida/td_11001     BOGOT' is clicked on

2023-03-09 12:39:02 - [MESSAGE][PASSED] - Object: 'Object Repository/1-OBJECTS TAREAS PRINCIPALES/Modulo Tarea Listado Hojas de Vida/Crear Nueva Hoja de Vida/td_11001     BOGOT' is clicked on

2023-03-09 12:39:02 - [TEST_STEP][PASSED] - click(findTestObject("1-OBJECTS TAREAS PRINCIPALES/Modulo Tarea Listado Hojas de Vida/Crear Nueva Hoja de Vida/a__hojaVidaseccionj_idt21412j_idt254")): Object: 'Object Repository/1-OBJECTS TAREAS PRINCIPALES/Modulo Tarea Listado Hojas de Vida/Crear Nueva Hoja de Vida/a__hojaVidaseccionj_idt21412j_idt254' is clicked on

2023-03-09 12:39:03 - [MESSAGE][PASSED] - Object: 'Object Repository/1-OBJECTS TAREAS PRINCIPALES/Modulo Tarea Listado Hojas de Vida/Crear Nueva Hoja de Vida/a__hojaVidaseccionj_idt21412j_idt254' is clicked on

2023-03-09 12:39:03 - [TEST_STEP][PASSED] - setText(findTestObject("1-OBJECTS TAREAS PRINCIPALES/Modulo Tarea Listado Hojas de Vida/Crear Nueva Hoja de Vida/input_Nacionalidad_j_idt930j_idt935"), "Colombiana"): Text 'Colombiana' is set on object 'Object Repository/1-OBJECTS TAREAS PRINCIPALES/Modulo Tarea Listado Hojas de Vida/Crear Nueva Hoja de Vida/input_Nacionalidad_j_idt930j_idt935'

2023-03-09 12:39:04 - [MESSAGE][PASSED] - Text 'Colombiana' is set on object 'Object Repository/1-OBJECTS TAREAS PRINCIPALES/Modulo Tarea Listado Hojas de Vida/Crear Nueva Hoja de Vida/input_Nacionalidad_j_idt930j_idt935'

2023-03-09 12:39:04 - [TEST_STEP][PASSED] - sendKeys(findTestObject("1-OBJECTS TAREAS PRINCIPALES/Modulo Tarea Listado Hojas de Vida/Crear Nueva Hoja de Vida/input_Nacionalidad_j_idt930j_idt935"), Keys.chord(ENTER)): Keys 'ENTER + ' sent to object: 'Object Repository/1-OBJECTS TAREAS PRINCIPALES/Modulo Tarea Listado Hojas de Vida/Crear Nueva Hoja de Vida/input_Nacionalidad_j_idt930j_idt935'

2023-03-09 12:39:06 - [MESSAGE][PASSED] - Keys 'ENTER + ' sent to object: 'Object Repository/1-OBJECTS TAREAS PRINCIPALES/Modulo Tarea Listado Hojas de Vida/Crear Nueva Hoja de Vida/input_Nacionalidad_j_idt930j_idt935'

2023-03-09 12:39:06 - [TEST_STEP][PASSED] - click(findTestObject("1-OBJECTS TAREAS PRINCIPALES/Modulo Tarea Listado Hojas de Vida/Crear Nueva Hoja de Vida/span_Colombiana")): Object: 'Object Repository/1-OBJECTS TAREAS PRINCIPALES/Modulo Tarea Listado Hojas de Vida/Crear Nueva Hoja de Vida/span_Colombiana' is clicked on

2023-03-09 12:39:07 - [MESSAGE][PASSED] - Object: 'Object Repository/1-OBJECTS TAREAS PRINCIPALES/Modulo Tarea Listado Hojas de Vida/Crear Nueva Hoja de Vida/span_Colombiana' is clicked on

2023-03-09 12:39:07 - [TEST_STEP][PASSED] - waitForElementClickable(findTestObject("1-OBJECTS TAREAS PRINCIPALES/Modulo Tarea Listado Hojas de Vida/Crear Nueva Hoja de Vida/a_Continuar"), G_TimeOut): Object 'Object Repository/1-OBJECTS TAREAS PRINCIPALES/Modulo Tarea Listado Hojas de Vida/Crear Nueva Hoja de Vida/a_Continuar' is clickable

2023-03-09 12:39:07 - [MESSAGE][PASSED] - Object 'Object Repository/1-OBJECTS TAREAS PRINCIPALES/Modulo Tarea Listado Hojas de Vida/Crear Nueva Hoja de Vida/a_Continuar' is clickable

2023-03-09 12:39:07 - [TEST_STEP][PASSED] - click(findTestObject("1-OBJECTS TAREAS PRINCIPALES/Modulo Tarea Listado Hojas de Vida/Crear Nueva Hoja de Vida/a_Continuar")): Object: 'Object Repository/1-OBJECTS TAREAS PRINCIPALES/Modulo Tarea Listado Hojas de Vida/Crear Nueva Hoja de Vida/a_Continuar' is clicked on

2023-03-09 12:39:08 - [MESSAGE][PASSED] - Object: 'Object Repository/1-OBJECTS TAREAS PRINCIPALES/Modulo Tarea Listado Hojas de Vida/Crear Nueva Hoja de Vida/a_Continuar' is clicked on

2023-03-09 12:39:08 - [TEST_STEP][PASSED] - waitForElementClickable(findTestObject("1-OBJECTS TAREAS PRINCIPALES/Modulo Tarea Listado Hojas de Vida/Crear Nueva Hoja de Vida/a_Aceptar"), G_TimeOut): Object 'Object Repository/1-OBJECTS TAREAS PRINCIPALES/Modulo Tarea Listado Hojas de Vida/Crear Nueva Hoja de Vida/a_Aceptar' is clickable

2023-03-09 12:39:09 - [MESSAGE][PASSED] - Object 'Object Repository/1-OBJECTS TAREAS PRINCIPALES/Modulo Tarea Listado Hojas de Vida/Crear Nueva Hoja de Vida/a_Aceptar' is clickable

2023-03-09 12:39:09 - [TEST_STEP][PASSED] - click(findTestObject("1-OBJECTS TAREAS PRINCIPALES/Modulo Tarea Listado Hojas de Vida/Crear Nueva Hoja de Vida/a_Aceptar"), STOP_ON_FAILURE): Object: 'Object Repository/1-OBJECTS TAREAS PRINCIPALES/Modulo Tarea Listado Hojas de Vida/Crear Nueva Hoja de Vida/a_Aceptar' is clicked on

2023-03-09 12:39:09 - [MESSAGE][PASSED] - Object: 'Object Repository/1-OBJECTS TAREAS PRINCIPALES/Modulo Tarea Listado Hojas de Vida/Crear Nueva Hoja de Vida/a_Aceptar' is clicked on

2023-03-09 12:39:09 - [TEST_STEP][PASSED] - if (waitForElementVisible(findTestObject("1-OBJECTS TAREAS PRINCIPALES/Modulo Tarea Listado Hojas de Vida/Crear Nueva Hoja de Vida/a_Actualizar Respuesta"), 1)): null

2023-03-09 12:39:10 - [MESSAGE][PASSED] - Object 'Object Repository/1-OBJECTS TAREAS PRINCIPALES/Modulo Tarea Listado Hojas de Vida/Crear Nueva Hoja de Vida/a_Actualizar Respuesta' is visible

2023-03-09 12:39:10 - [TEST_STEP][PASSED] - closeBrowser(): Browser is closed

2023-03-09 12:39:11 - [MESSAGE][PASSED] - Browser is closed

2023-03-09 12:39:11 - [TEST_STEP][PASSED] - return identificacion: null

2023-03-09 12:39:11 - [MESSAGE][PASSED] - Call Test Case 'Test Cases/1.1-Tareas Principales/1.1.1-Crear Nueva Hoja de Vida' successfully]]></system-out>
         <system-err><![CDATA[]]></system-err>
      </testcase>
      <testcase name="Test Cases/1.2-Tareas_Secundarias/2.1-Pruebas_Hoja_de_Vida/2.1.5-Crear_Nueva_Hoja_de_Vida_(adjuntar_documento)" time="28.235" classname="Test Cases/1.2-Tareas_Secundarias/2.1-Pruebas_Hoja_de_Vida/2.1.5-Crear_Nueva_Hoja_de_Vida_(adjuntar_documento)" status="PASSED">
         <system-out><![CDATA[2023-03-09 12:39:11 - [TEST_CASE][PASSED] - Test Cases/1.2-Tareas_Secundarias/2.1-Pruebas_Hoja_de_Vida/2.1.5-Crear_Nueva_Hoja_de_Vida_(adjuntar_documento): Test Cases/1.2-Tareas_Secundarias/2.1-Pruebas_Hoja_de_Vida/2.1.5-Crear_Nueva_Hoja_de_Vida_(adjuntar_documento)

2023-03-09 12:39:11 - [TEST_STEP][PASSED] - callTestCase(findTestCase("0.1-Login"), [:], STOP_ON_FAILURE): Call Test Case 'Test Cases/0.1-Login' successfully

2023-03-09 12:39:11 - [TEST_CASE][PASSED] - Test Cases/0.1-Login: Test Cases/0.1-Login

2023-03-09 12:39:11 - [TEST_STEP][PASSED] - openBrowser(""): Browser is opened with url: ''

2023-03-09 12:39:11 - [MESSAGE][INFO] - Starting 'Chrome' driver

2023-03-09 12:39:11 - [MESSAGE][INFO] - Action delay is set to 0 milliseconds

2023-03-09 12:39:12 - [MESSAGE][PASSED] - Browser is opened with url: ''

2023-03-09 12:39:12 - [TEST_STEP][PASSED] - maximizeWindow(): Current window maximized

2023-03-09 12:39:13 - [MESSAGE][PASSED] - Current window maximized

2023-03-09 12:39:13 - [TEST_STEP][PASSED] - i = G_Login: null

2023-03-09 12:39:13 - [TEST_STEP][PASSED] - url = new java.net.URL(i): null

2023-03-09 12:39:13 - [TEST_STEP][PASSED] - println("URL: " + url.toString()): null

2023-03-09 12:39:13 - [TEST_STEP][PASSED] - connection = url.openConnection(): null

2023-03-09 12:39:13 - [TEST_STEP][PASSED] - connection.setRequestMethod("GET"): null

2023-03-09 12:39:13 - [TEST_STEP][PASSED] - connection.setReadTimeout(2 * 1000): null

2023-03-09 12:39:13 - [TEST_STEP][PASSED] - try: null

2023-03-09 12:39:13 - [TEST_STEP][PASSED] - connection.connect(): null

2023-03-09 12:39:13 - [TEST_STEP][PASSED] - flag = connected: null

2023-03-09 12:39:13 - [TEST_STEP][PASSED] - println("Valor_ori: " + flag): null

2023-03-09 12:39:13 - [TEST_STEP][PASSED] - if (flag): null

2023-03-09 12:39:13 - [TEST_STEP][PASSED] - navigateToUrl(i): Navigate to 'http://192.168.2.19:7001/saraweb' successfully

2023-03-09 12:39:15 - [MESSAGE][PASSED] - Navigate to 'http://192.168.2.19:7001/saraweb' successfully

2023-03-09 12:39:15 - [TEST_STEP][PASSED] - a(): null

2023-03-09 12:39:15 - [TEST_STEP][PASSED] - if (waitForElementVisible(findTestObject("3-OBJECTS UTILIDADES/Login/input_USUARIO_loginusuario"), 0)): null

2023-03-09 12:39:15 - [MESSAGE][WARNING] - Timeout '0' is invalid. Using default page load timeout: '37'

2023-03-09 12:39:15 - [MESSAGE][PASSED] - Object 'Object Repository/3-OBJECTS UTILIDADES/Login/input_USUARIO_loginusuario' is visible

2023-03-09 12:39:15 - [TEST_STEP][PASSED] - switchToWindowTitle("SARA"): Switched to window with title: 'SARA'

2023-03-09 12:39:15 - [MESSAGE][PASSED] - Switched to window with title: 'SARA'

2023-03-09 12:39:15 - [TEST_STEP][PASSED] - zoom(): null

2023-03-09 12:39:15 - [TEST_STEP][PASSED] - robot = new java.awt.Robot(): null

2023-03-09 12:39:15 - [TEST_STEP][PASSED] - robot.keyPress(VK_CONTROL): null

2023-03-09 12:39:15 - [TEST_STEP][PASSED] - robot.keyPress(VK_SUBTRACT): null

2023-03-09 12:39:15 - [TEST_STEP][PASSED] - robot.keyRelease(VK_CONTROL): null

2023-03-09 12:39:15 - [TEST_STEP][PASSED] - robot.keyRelease(VK_SUBTRACT): null

2023-03-09 12:39:15 - [TEST_STEP][PASSED] - robot.keyPress(VK_CONTROL): null

2023-03-09 12:39:15 - [TEST_STEP][PASSED] - robot.keyPress(VK_SUBTRACT): null

2023-03-09 12:39:15 - [TEST_STEP][PASSED] - robot.keyRelease(VK_CONTROL): null

2023-03-09 12:39:15 - [TEST_STEP][PASSED] - robot.keyRelease(VK_SUBTRACT): null

2023-03-09 12:39:15 - [TEST_STEP][PASSED] - robot.keyPress(VK_CONTROL): null

2023-03-09 12:39:15 - [TEST_STEP][PASSED] - robot.keyPress(VK_SUBTRACT): null

2023-03-09 12:39:15 - [TEST_STEP][PASSED] - robot.keyRelease(VK_CONTROL): null

2023-03-09 12:39:15 - [TEST_STEP][PASSED] - robot.keyRelease(VK_SUBTRACT): null

2023-03-09 12:39:15 - [TEST_STEP][PASSED] - robot.keyRelease(VK_CONTROL): null

2023-03-09 12:39:15 - [TEST_STEP][PASSED] - robot.keyRelease(VK_SUBTRACT): null

2023-03-09 12:39:15 - [TEST_STEP][PASSED] - setText(findTestObject("3-OBJECTS UTILIDADES/Login/input_USUARIO_loginusuario"), G_Usuario): Text 'weblogic' is set on object 'Object Repository/3-OBJECTS UTILIDADES/Login/input_USUARIO_loginusuario'

2023-03-09 12:39:16 - [MESSAGE][PASSED] - Text 'weblogic' is set on object 'Object Repository/3-OBJECTS UTILIDADES/Login/input_USUARIO_loginusuario'

2023-03-09 12:39:16 - [TEST_STEP][PASSED] - setEncryptedText(findTestObject("3-OBJECTS UTILIDADES/Login/input_CLAVE_loginpassword"), "SlAwMcyRKqrwbnzhAs8HhT6NnI7sEyng"): Text ****** has been set on object 'Object Repository/3-OBJECTS UTILIDADES/Login/input_CLAVE_loginpassword'

2023-03-09 12:39:19 - [MESSAGE][PASSED] - Text ****** has been set on object 'Object Repository/3-OBJECTS UTILIDADES/Login/input_CLAVE_loginpassword'

2023-03-09 12:39:19 - [TEST_STEP][PASSED] - while (waitForElementClickable(findTestObject("3-OBJECTS UTILIDADES/Login/a_Ingresar"), 1)): Web element with id: 'Object Repository/3-OBJECTS UTILIDADES/Login/a_Ingresar' located by '//a[contains(text(),'Ingresar')]' not found

2023-03-09 12:39:22 - [MESSAGE][INFO] - Unable to find the element located by 'By.xpath: //a[contains(text(),'Ingresar')]'. Please recheck the objects properties to make sure the desired element is located. 

2023-03-09 12:39:22 - [MESSAGE][WARNING] - Web element with id: 'Object Repository/3-OBJECTS UTILIDADES/Login/a_Ingresar' located by '//a[contains(text(),'Ingresar')]' not found

2023-03-09 12:39:22 - [MESSAGE][PASSED] - Call Test Case 'Test Cases/0.1-Login' successfully

2023-03-09 12:39:22 - [TEST_STEP][PASSED] - click(findTestObject("2-OBJECTS TAREAS SECUNDARIAS/Pruebas Hoja de Vida/Crear_Nueva_Hoja_de_Vida_(adjuntar_documento)/input_Secciones_form_templatej_idt286j_idt29")): Object: 'Object Repository/2-OBJECTS TAREAS SECUNDARIAS/Pruebas Hoja de Vida/Crear_Nueva_Hoja_de_Vida_(adjuntar_documento)/input_Secciones_form_templatej_idt286j_idt29' is clicked on

2023-03-09 12:39:24 - [MESSAGE][PASSED] - Object: 'Object Repository/2-OBJECTS TAREAS SECUNDARIAS/Pruebas Hoja de Vida/Crear_Nueva_Hoja_de_Vida_(adjuntar_documento)/input_Secciones_form_templatej_idt286j_idt29' is clicked on

2023-03-09 12:39:24 - [TEST_STEP][PASSED] - click(findTestObject("2-OBJECTS TAREAS SECUNDARIAS/Pruebas Hoja de Vida/Crear_Nueva_Hoja_de_Vida_(adjuntar_documento)/a_ADMINISTRADOR DEL SISTEMA - SARA_cerrar_menu")): Object: 'Object Repository/2-OBJECTS TAREAS SECUNDARIAS/Pruebas Hoja de Vida/Crear_Nueva_Hoja_de_Vida_(adjuntar_documento)/a_ADMINISTRADOR DEL SISTEMA - SARA_cerrar_menu' is clicked on

2023-03-09 12:39:24 - [MESSAGE][PASSED] - Object: 'Object Repository/2-OBJECTS TAREAS SECUNDARIAS/Pruebas Hoja de Vida/Crear_Nueva_Hoja_de_Vida_(adjuntar_documento)/a_ADMINISTRADOR DEL SISTEMA - SARA_cerrar_menu' is clicked on

2023-03-09 12:39:24 - [TEST_STEP][PASSED] - waitForElementClickable(findTestObject("2-OBJECTS TAREAS SECUNDARIAS/Pruebas Hoja de Vida/Crear_Nueva_Hoja_de_Vida_(adjuntar_documento)/label_Nueva Hoja Vida"), 0): Object 'Object Repository/2-OBJECTS TAREAS SECUNDARIAS/Pruebas Hoja de Vida/Crear_Nueva_Hoja_de_Vida_(adjuntar_documento)/label_Nueva Hoja Vida' is clickable

2023-03-09 12:39:24 - [MESSAGE][WARNING] - Timeout '0' is invalid. Using default page load timeout: '37'

2023-03-09 12:39:24 - [MESSAGE][PASSED] - Object 'Object Repository/2-OBJECTS TAREAS SECUNDARIAS/Pruebas Hoja de Vida/Crear_Nueva_Hoja_de_Vida_(adjuntar_documento)/label_Nueva Hoja Vida' is clickable

2023-03-09 12:39:24 - [TEST_STEP][PASSED] - click(findTestObject("2-OBJECTS TAREAS SECUNDARIAS/Pruebas Hoja de Vida/Crear_Nueva_Hoja_de_Vida_(adjuntar_documento)/label_Nueva Hoja Vida")): Object: 'Object Repository/2-OBJECTS TAREAS SECUNDARIAS/Pruebas Hoja de Vida/Crear_Nueva_Hoja_de_Vida_(adjuntar_documento)/label_Nueva Hoja Vida' is clicked on

2023-03-09 12:39:25 - [MESSAGE][PASSED] - Object: 'Object Repository/2-OBJECTS TAREAS SECUNDARIAS/Pruebas Hoja de Vida/Crear_Nueva_Hoja_de_Vida_(adjuntar_documento)/label_Nueva Hoja Vida' is clicked on

2023-03-09 12:39:25 - [TEST_STEP][PASSED] - waitForElementClickable(findTestObject("2-OBJECTS TAREAS SECUNDARIAS/Pruebas Hoja de Vida/Crear_Nueva_Hoja_de_Vida_(adjuntar_documento)/a_Listado Hojas de Vida"), 0): Object 'Object Repository/2-OBJECTS TAREAS SECUNDARIAS/Pruebas Hoja de Vida/Crear_Nueva_Hoja_de_Vida_(adjuntar_documento)/a_Listado Hojas de Vida' is clickable

2023-03-09 12:39:25 - [MESSAGE][WARNING] - Timeout '0' is invalid. Using default page load timeout: '37'

2023-03-09 12:39:25 - [MESSAGE][PASSED] - Object 'Object Repository/2-OBJECTS TAREAS SECUNDARIAS/Pruebas Hoja de Vida/Crear_Nueva_Hoja_de_Vida_(adjuntar_documento)/a_Listado Hojas de Vida' is clickable

2023-03-09 12:39:25 - [TEST_STEP][PASSED] - click(findTestObject("2-OBJECTS TAREAS SECUNDARIAS/Pruebas Hoja de Vida/Crear_Nueva_Hoja_de_Vida_(adjuntar_documento)/a_Listado Hojas de Vida")): Object: 'Object Repository/2-OBJECTS TAREAS SECUNDARIAS/Pruebas Hoja de Vida/Crear_Nueva_Hoja_de_Vida_(adjuntar_documento)/a_Listado Hojas de Vida' is clicked on

2023-03-09 12:39:26 - [MESSAGE][PASSED] - Object: 'Object Repository/2-OBJECTS TAREAS SECUNDARIAS/Pruebas Hoja de Vida/Crear_Nueva_Hoja_de_Vida_(adjuntar_documento)/a_Listado Hojas de Vida' is clicked on

2023-03-09 12:39:26 - [TEST_STEP][PASSED] - setText(findTestObject("2-OBJECTS TAREAS SECUNDARIAS/Pruebas Hoja de Vida/Crear_Nueva_Hoja_de_Vida_(adjuntar_documento)/input_Identificacin_listado_hojaVidaj_idt63"), "355682169"): Text '355682169' is set on object 'Object Repository/2-OBJECTS TAREAS SECUNDARIAS/Pruebas Hoja de Vida/Crear_Nueva_Hoja_de_Vida_(adjuntar_documento)/input_Identificacin_listado_hojaVidaj_idt63'

2023-03-09 12:39:29 - [MESSAGE][PASSED] - Text '355682169' is set on object 'Object Repository/2-OBJECTS TAREAS SECUNDARIAS/Pruebas Hoja de Vida/Crear_Nueva_Hoja_de_Vida_(adjuntar_documento)/input_Identificacin_listado_hojaVidaj_idt63'

2023-03-09 12:39:29 - [TEST_STEP][PASSED] - sendKeys(findTestObject("2-OBJECTS TAREAS SECUNDARIAS/Pruebas Hoja de Vida/Crear_Nueva_Hoja_de_Vida_(adjuntar_documento)/input_Identificacin_listado_hojaVidaj_idt63"), Keys.chord(ENTER)): Keys 'ENTER + ' sent to object: 'Object Repository/2-OBJECTS TAREAS SECUNDARIAS/Pruebas Hoja de Vida/Crear_Nueva_Hoja_de_Vida_(adjuntar_documento)/input_Identificacin_listado_hojaVidaj_idt63'

2023-03-09 12:39:29 - [MESSAGE][PASSED] - Keys 'ENTER + ' sent to object: 'Object Repository/2-OBJECTS TAREAS SECUNDARIAS/Pruebas Hoja de Vida/Crear_Nueva_Hoja_de_Vida_(adjuntar_documento)/input_Identificacin_listado_hojaVidaj_idt63'

2023-03-09 12:39:29 - [TEST_STEP][PASSED] - click(findTestObject("2-OBJECTS TAREAS SECUNDARIAS/Pruebas Hoja de Vida/Crear_Nueva_Hoja_de_Vida_(adjuntar_documento)/td_355682169")): Object: 'Object Repository/2-OBJECTS TAREAS SECUNDARIAS/Pruebas Hoja de Vida/Crear_Nueva_Hoja_de_Vida_(adjuntar_documento)/td_355682169' is clicked on

2023-03-09 12:39:30 - [MESSAGE][PASSED] - Object: 'Object Repository/2-OBJECTS TAREAS SECUNDARIAS/Pruebas Hoja de Vida/Crear_Nueva_Hoja_de_Vida_(adjuntar_documento)/td_355682169' is clicked on

2023-03-09 12:39:30 - [TEST_STEP][PASSED] - click(findTestObject("2-OBJECTS TAREAS SECUNDARIAS/Pruebas Hoja de Vida/Crear_Nueva_Hoja_de_Vida_(adjuntar_documento)/a_Adjuntar Archivo")): Object: 'Object Repository/2-OBJECTS TAREAS SECUNDARIAS/Pruebas Hoja de Vida/Crear_Nueva_Hoja_de_Vida_(adjuntar_documento)/a_Adjuntar Archivo' is clicked on

2023-03-09 12:39:31 - [MESSAGE][PASSED] - Object: 'Object Repository/2-OBJECTS TAREAS SECUNDARIAS/Pruebas Hoja de Vida/Crear_Nueva_Hoja_de_Vida_(adjuntar_documento)/a_Adjuntar Archivo' is clicked on

2023-03-09 12:39:31 - [TEST_STEP][PASSED] - click(findTestObject("2-OBJECTS TAREAS SECUNDARIAS/Pruebas Hoja de Vida/Crear_Nueva_Hoja_de_Vida_(adjuntar_documento)/a_nuevo")): Object: 'Object Repository/2-OBJECTS TAREAS SECUNDARIAS/Pruebas Hoja de Vida/Crear_Nueva_Hoja_de_Vida_(adjuntar_documento)/a_nuevo' is clicked on

2023-03-09 12:39:31 - [MESSAGE][PASSED] - Object: 'Object Repository/2-OBJECTS TAREAS SECUNDARIAS/Pruebas Hoja de Vida/Crear_Nueva_Hoja_de_Vida_(adjuntar_documento)/a_nuevo' is clicked on

2023-03-09 12:39:31 - [TEST_STEP][PASSED] - setText(findTestObject("2-OBJECTS TAREAS SECUNDARIAS/Pruebas Hoja de Vida/Crear_Nueva_Hoja_de_Vida_(adjuntar_documento)/input_Descripcin_hojaVidasecciondescripcion"), "prueba"): Text 'prueba' is set on object 'Object Repository/2-OBJECTS TAREAS SECUNDARIAS/Pruebas Hoja de Vida/Crear_Nueva_Hoja_de_Vida_(adjuntar_documento)/input_Descripcin_hojaVidasecciondescripcion'

2023-03-09 12:39:32 - [MESSAGE][PASSED] - Text 'prueba' is set on object 'Object Repository/2-OBJECTS TAREAS SECUNDARIAS/Pruebas Hoja de Vida/Crear_Nueva_Hoja_de_Vida_(adjuntar_documento)/input_Descripcin_hojaVidasecciondescripcion'

2023-03-09 12:39:32 - [TEST_STEP][PASSED] - click(findTestObject("2-OBJECTS TAREAS SECUNDARIAS/Pruebas Hoja de Vida/Crear_Nueva_Hoja_de_Vida_(adjuntar_documento)/a_Continuar")): Object: 'Object Repository/2-OBJECTS TAREAS SECUNDARIAS/Pruebas Hoja de Vida/Crear_Nueva_Hoja_de_Vida_(adjuntar_documento)/a_Continuar' is clicked on

2023-03-09 12:39:33 - [MESSAGE][PASSED] - Object: 'Object Repository/2-OBJECTS TAREAS SECUNDARIAS/Pruebas Hoja de Vida/Crear_Nueva_Hoja_de_Vida_(adjuntar_documento)/a_Continuar' is clicked on

2023-03-09 12:39:33 - [TEST_STEP][PASSED] - ra = "": null

2023-03-09 12:39:33 - [TEST_STEP][PASSED] - ruta = Systema(ra) + "HojaDeVida.pdf": null

2023-03-09 12:39:33 - [TEST_STEP][PASSED] - RutaA = System.getProperty("os.name"): null

2023-03-09 12:39:33 - [TEST_STEP][PASSED] - if (RutaA == "Windows 10"): null

2023-03-09 12:39:33 - [TEST_STEP][PASSED] - rutaW = getProjectDir() + "/1.Requerimientos/Documento para pruebas/": null

2023-03-09 12:39:33 - [TEST_STEP][PASSED] - rutaW = rutaW.replace("/", "\"): null

2023-03-09 12:39:33 - [TEST_STEP][PASSED] - println("Esta es la ruta:" + rutaW): null

2023-03-09 12:39:33 - [TEST_STEP][PASSED] - ra = rutaW: null

2023-03-09 12:39:33 - [TEST_STEP][PASSED] - println(ruta): null

2023-03-09 12:39:33 - [TEST_STEP][PASSED] - uploadFile(findTestObject("2-OBJECTS TAREAS SECUNDARIAS/Pruebas Hoja de Vida/Crear_Nueva_Hoja_de_Vida_(adjuntar_documento)/input_Cargar Archivo_popupCargarArchivoForminputFileName_input"), ruta): File 'C:\Users\diego.rojas\git\Pruebas-Minimas\1.Requerimientos\Documento para pruebas\HojaDeVida.pdf' sent to object: 'Object Repository/2-OBJECTS TAREAS SECUNDARIAS/Pruebas Hoja de Vida/Crear_Nueva_Hoja_de_Vida_(adjuntar_documento)/input_Cargar Archivo_popupCargarArchivoForminputFileName_input'

2023-03-09 12:39:33 - [MESSAGE][PASSED] - File 'C:\Users\diego.rojas\git\Pruebas-Minimas\1.Requerimientos\Documento para pruebas\HojaDeVida.pdf' sent to object: 'Object Repository/2-OBJECTS TAREAS SECUNDARIAS/Pruebas Hoja de Vida/Crear_Nueva_Hoja_de_Vida_(adjuntar_documento)/input_Cargar Archivo_popupCargarArchivoForminputFileName_input'

2023-03-09 12:39:33 - [TEST_STEP][PASSED] - Result = getText(findTestObject("3-OBJECTS UTILIDADES/Alerta/Alerta")): Text of object 'Object Repository/3-OBJECTS UTILIDADES/Alerta/Alerta' is: 'Se Ingreso anexo exitosamente'

2023-03-09 12:39:34 - [MESSAGE][PASSED] - Text of object 'Object Repository/3-OBJECTS UTILIDADES/Alerta/Alerta' is: 'Se Ingreso anexo exitosamente'

2023-03-09 12:39:34 - [TEST_STEP][PASSED] - while (waitForElementVisible(findTestObject("2-OBJECTS TAREAS SECUNDARIAS/Pruebas Hoja de Vida/Crear_Nueva_Hoja_de_Vida_(adjuntar_documento)/span_prueba"), 1)): null

2023-03-09 12:39:34 - [MESSAGE][PASSED] - Object 'Object Repository/2-OBJECTS TAREAS SECUNDARIAS/Pruebas Hoja de Vida/Crear_Nueva_Hoja_de_Vida_(adjuntar_documento)/span_prueba' is visible

2023-03-09 12:39:34 - [TEST_STEP][PASSED] - click(findTestObject("2-OBJECTS TAREAS SECUNDARIAS/Pruebas Hoja de Vida/Crear_Nueva_Hoja_de_Vida_(adjuntar_documento)/td_prueba")): Object: 'Object Repository/2-OBJECTS TAREAS SECUNDARIAS/Pruebas Hoja de Vida/Crear_Nueva_Hoja_de_Vida_(adjuntar_documento)/td_prueba' is clicked on

2023-03-09 12:39:35 - [MESSAGE][PASSED] - Object: 'Object Repository/2-OBJECTS TAREAS SECUNDARIAS/Pruebas Hoja de Vida/Crear_Nueva_Hoja_de_Vida_(adjuntar_documento)/td_prueba' is clicked on

2023-03-09 12:39:35 - [TEST_STEP][PASSED] - click(findTestObject("2-OBJECTS TAREAS SECUNDARIAS/Pruebas Hoja de Vida/Crear_Nueva_Hoja_de_Vida_(adjuntar_documento)/a_Eliminar")): Object: 'Object Repository/2-OBJECTS TAREAS SECUNDARIAS/Pruebas Hoja de Vida/Crear_Nueva_Hoja_de_Vida_(adjuntar_documento)/a_Eliminar' is clicked on

2023-03-09 12:39:35 - [MESSAGE][PASSED] - Object: 'Object Repository/2-OBJECTS TAREAS SECUNDARIAS/Pruebas Hoja de Vida/Crear_Nueva_Hoja_de_Vida_(adjuntar_documento)/a_Eliminar' is clicked on

2023-03-09 12:39:35 - [TEST_STEP][PASSED] - click(findTestObject("2-OBJECTS TAREAS SECUNDARIAS/Pruebas Hoja de Vida/Crear_Nueva_Hoja_de_Vida_(adjuntar_documento)/a_Si")): Web element with id: 'Object Repository/2-OBJECTS TAREAS SECUNDARIAS/Pruebas Hoja de Vida/Crear_Nueva_Hoja_de_Vida_(adjuntar_documento)/span_prueba' located by '//*/text()[normalize-space(.)='prueba']/parent::*' not found

2023-03-09 12:39:36 - [MESSAGE][PASSED] - Object: 'Object Repository/2-OBJECTS TAREAS SECUNDARIAS/Pruebas Hoja de Vida/Crear_Nueva_Hoja_de_Vida_(adjuntar_documento)/a_Si' is clicked on

2023-03-09 12:39:38 - [MESSAGE][INFO] - Unable to find the element located by 'By.xpath: //*/text()[normalize-space(.)='prueba']/parent::*'. Please recheck the objects properties to make sure the desired element is located. 

2023-03-09 12:39:38 - [MESSAGE][WARNING] - Web element with id: 'Object Repository/2-OBJECTS TAREAS SECUNDARIAS/Pruebas Hoja de Vida/Crear_Nueva_Hoja_de_Vida_(adjuntar_documento)/span_prueba' located by '//*/text()[normalize-space(.)='prueba']/parent::*' not found

2023-03-09 12:39:38 - [TEST_STEP][PASSED] - if (Result == "Se Ingreso anexo exitosamente"): Browser is closed

2023-03-09 12:39:38 - [TEST_STEP][PASSED] - Resultado = "PRUEBA OK": null

2023-03-09 12:39:38 - [TEST_STEP][PASSED] - closeBrowser(): Browser is closed

2023-03-09 12:39:39 - [MESSAGE][PASSED] - Browser is closed]]></system-out>
         <system-err><![CDATA[]]></system-err>
      </testcase>
      <testcase name="Test Cases/1.2-Tareas_Secundarias/2.1-Pruebas_Hoja_de_Vida/2.1.6-Impresión_Hoja_Vida_Plantilla" time="58.804" classname="Test Cases/1.2-Tareas_Secundarias/2.1-Pruebas_Hoja_de_Vida/2.1.6-Impresión_Hoja_Vida_Plantilla" status="FAILED">
         <failure type="FAILED" message="Test Cases/1.2-Tareas_Secundarias/2.1-Pruebas_Hoja_de_Vida/2.1.6-Impresión_Hoja_Vida_Plantilla FAILED.
Reason:
com.kms.katalon.core.exception.StepFailedException: Unable to click on object 'Object Repository/2-OBJECTS TAREAS SECUNDARIAS/Pruebas Hoja de Vida/Impresión_Hoja_Vida_Plantilla/a_Generar'
	at com.kms.katalon.core.webui.keyword.internal.WebUIKeywordMain.stepFailed(WebUIKeywordMain.groovy:64)
	at com.kms.katalon.core.webui.keyword.internal.WebUIKeywordMain.runKeyword(WebUIKeywordMain.groovy:26)
	at com.kms.katalon.core.webui.keyword.builtin.ClickKeyword.click(ClickKeyword.groovy:74)
	at com.kms.katalon.core.webui.keyword.builtin.ClickKeyword.execute(ClickKeyword.groovy:40)
	at com.kms.katalon.core.keyword.internal.KeywordExecutor.executeKeywordForPlatform(KeywordExecutor.groovy:74)
	at com.kms.katalon.core.webui.keyword.WebUiBuiltInKeywords.click(WebUiBuiltInKeywords.groovy:620)
	at com.kms.katalon.core.webui.keyword.WebUiBuiltInKeywords$click$9.call(Unknown Source)
	at 2.1.6-Impresión_Hoja_Vida_Plantilla.run(2.1.6-Impresión_Hoja_Vida_Plantilla:44)
	at com.kms.katalon.core.main.ScriptEngine.run(ScriptEngine.java:194)
	at com.kms.katalon.core.main.ScriptEngine.runScriptAsRawText(ScriptEngine.java:119)
	at com.kms.katalon.core.main.TestCaseExecutor.runScript(TestCaseExecutor.java:448)
	at com.kms.katalon.core.main.TestCaseExecutor.doExecute(TestCaseExecutor.java:439)
	at com.kms.katalon.core.main.TestCaseExecutor.processExecutionPhase(TestCaseExecutor.java:418)
	at com.kms.katalon.core.main.TestCaseExecutor.accessMainPhase(TestCaseExecutor.java:410)
	at com.kms.katalon.core.main.TestCaseExecutor.execute(TestCaseExecutor.java:285)
	at com.kms.katalon.core.common.CommonExecutor.accessTestCaseMainPhase(CommonExecutor.java:65)
	at com.kms.katalon.core.main.TestSuiteExecutor.accessTestSuiteMainPhase(TestSuiteExecutor.java:151)
	at com.kms.katalon.core.main.TestSuiteExecutor.execute(TestSuiteExecutor.java:106)
	at com.kms.katalon.core.main.TestCaseMain.startTestSuite(TestCaseMain.java:185)
	at com.kms.katalon.core.main.TestCaseMain$startTestSuite$0.call(Unknown Source)
	at TempTestSuite1678383366099.run(TempTestSuite1678383366099.groovy:36)
Caused by: org.openqa.selenium.ElementClickInterceptedException: element click intercepted: Element &lt;span class=&quot;ui-menuitem-text&quot;>...&lt;/span> is not clickable at point (92, 614). Other element would receive the click: &lt;div id=&quot;popupErrorDialog:dialog_popupFoto_modal&quot; class=&quot;ui-widget-overlay ui-dialog-mask&quot; style=&quot;z-index: 1003;&quot;>&lt;/div>
  (Session info: chrome=110.0.5481.178)
Build info: version: '3.141.59', revision: 'e82be7d358', time: '2018-11-14T08:25:53'
System info: host: 'US-AF-000371', ip: '192.168.56.1', os.name: 'Windows 10', os.arch: 'amd64', os.version: '10.0', java.version: '1.8.0_282'
Driver info: com.kms.katalon.selenium.driver.CChromeDriver
Capabilities {acceptInsecureCerts: false, browserName: chrome, browserVersion: 110.0.5481.178, chrome: {chromedriverVersion: 109.0.5414.74 (e7c5703604da..., userDataDir: C:\Users\DIEGO~1.ROJ\AppDat...}, goog:chromeOptions: {debuggerAddress: localhost:55331}, javascriptEnabled: true, networkConnectionEnabled: false, pageLoadStrategy: normal, platform: WINDOWS, platformName: WINDOWS, proxy: Proxy(), setWindowRect: true, strictFileInteractability: false, timeouts: {implicit: 0, pageLoad: 300000, script: 30000}, unhandledPromptBehavior: dismiss and notify, webauthn:extension:credBlob: true, webauthn:extension:largeBlob: true, webauthn:virtualAuthenticators: true}
Session ID: dc31b0f0884129037b9fa9b5c82197e9
	at org.openqa.selenium.remote.http.W3CHttpResponseCodec.createException(W3CHttpResponseCodec.java:187)
	at org.openqa.selenium.remote.http.W3CHttpResponseCodec.decode(W3CHttpResponseCodec.java:122)
	at org.openqa.selenium.remote.http.W3CHttpResponseCodec.decode(W3CHttpResponseCodec.java:49)
	at org.openqa.selenium.remote.HttpCommandExecutor.execute(HttpCommandExecutor.java:158)
	at org.openqa.selenium.remote.service.DriverCommandExecutor.execute(DriverCommandExecutor.java:83)
	at org.openqa.selenium.remote.RemoteWebDriver.execute(RemoteWebDriver.java:552)
	at com.kms.katalon.selenium.driver.CChromeDriver.execute(CChromeDriver.java:19)
	at org.openqa.selenium.remote.RemoteWebElement.execute(RemoteWebElement.java:285)
	at org.openqa.selenium.remote.RemoteWebElement.click(RemoteWebElement.java:84)
	at org.openqa.selenium.support.events.EventFiringWebDriver$EventFiringWebElement.lambda$new$0(EventFiringWebDriver.java:404)
	at com.sun.proxy.$Proxy11.click(Unknown Source)
	at org.openqa.selenium.support.events.EventFiringWebDriver$EventFiringWebElement.click(EventFiringWebDriver.java:417)
	at org.openqa.selenium.WebElement$click$0.call(Unknown Source)
	at com.kms.katalon.core.webui.keyword.builtin.ClickKeyword.clickUntilSuccessWithTimeout(ClickKeyword.groovy:81)
	at com.kms.katalon.core.webui.keyword.builtin.ClickKeyword.clickUntilSuccessWithTimeout(ClickKeyword.groovy)
	at com.kms.katalon.core.webui.keyword.builtin.ClickKeyword$_click_closure1.doCall(ClickKeyword.groovy:67)
	at com.kms.katalon.core.webui.keyword.builtin.ClickKeyword$_click_closure1.call(ClickKeyword.groovy)
	at com.kms.katalon.core.webui.keyword.internal.WebUIKeywordMain.runKeyword(WebUIKeywordMain.groovy:20)
	... 19 more
"/>
         <system-out><![CDATA[2023-03-09 12:39:39 - [TEST_CASE][FAILED] - Test Cases/1.2-Tareas_Secundarias/2.1-Pruebas_Hoja_de_Vida/2.1.6-Impresión_Hoja_Vida_Plantilla: Test Cases/1.2-Tareas_Secundarias/2.1-Pruebas_Hoja_de_Vida/2.1.6-Impresión_Hoja_Vida_Plantilla FAILED.
Reason:
com.kms.katalon.core.exception.StepFailedException: Unable to click on object 'Object Repository/2-OBJECTS TAREAS SECUNDARIAS/Pruebas Hoja de Vida/Impresión_Hoja_Vida_Plantilla/a_Generar'
	at com.kms.katalon.core.webui.keyword.internal.WebUIKeywordMain.stepFailed(WebUIKeywordMain.groovy:64)
	at com.kms.katalon.core.webui.keyword.internal.WebUIKeywordMain.runKeyword(WebUIKeywordMain.groovy:26)
	at com.kms.katalon.core.webui.keyword.builtin.ClickKeyword.click(ClickKeyword.groovy:74)
	at com.kms.katalon.core.webui.keyword.builtin.ClickKeyword.execute(ClickKeyword.groovy:40)
	at com.kms.katalon.core.keyword.internal.KeywordExecutor.executeKeywordForPlatform(KeywordExecutor.groovy:74)
	at com.kms.katalon.core.webui.keyword.WebUiBuiltInKeywords.click(WebUiBuiltInKeywords.groovy:620)
	at com.kms.katalon.core.webui.keyword.WebUiBuiltInKeywords$click$9.call(Unknown Source)
	at 2.1.6-Impresión_Hoja_Vida_Plantilla.run(2.1.6-Impresión_Hoja_Vida_Plantilla:44)
	at com.kms.katalon.core.main.ScriptEngine.run(ScriptEngine.java:194)
	at com.kms.katalon.core.main.ScriptEngine.runScriptAsRawText(ScriptEngine.java:119)
	at com.kms.katalon.core.main.TestCaseExecutor.runScript(TestCaseExecutor.java:448)
	at com.kms.katalon.core.main.TestCaseExecutor.doExecute(TestCaseExecutor.java:439)
	at com.kms.katalon.core.main.TestCaseExecutor.processExecutionPhase(TestCaseExecutor.java:418)
	at com.kms.katalon.core.main.TestCaseExecutor.accessMainPhase(TestCaseExecutor.java:410)
	at com.kms.katalon.core.main.TestCaseExecutor.execute(TestCaseExecutor.java:285)
	at com.kms.katalon.core.common.CommonExecutor.accessTestCaseMainPhase(CommonExecutor.java:65)
	at com.kms.katalon.core.main.TestSuiteExecutor.accessTestSuiteMainPhase(TestSuiteExecutor.java:151)
	at com.kms.katalon.core.main.TestSuiteExecutor.execute(TestSuiteExecutor.java:106)
	at com.kms.katalon.core.main.TestCaseMain.startTestSuite(TestCaseMain.java:185)
	at com.kms.katalon.core.main.TestCaseMain$startTestSuite$0.call(Unknown Source)
	at TempTestSuite1678383366099.run(TempTestSuite1678383366099.groovy:36)
Caused by: org.openqa.selenium.ElementClickInterceptedException: element click intercepted: Element <span class="ui-menuitem-text">...</span> is not clickable at point (92, 614). Other element would receive the click: <div id="popupErrorDialog:dialog_popupFoto_modal" class="ui-widget-overlay ui-dialog-mask" style="z-index: 1003;"></div>
  (Session info: chrome=110.0.5481.178)
Build info: version: '3.141.59', revision: 'e82be7d358', time: '2018-11-14T08:25:53'
System info: host: 'US-AF-000371', ip: '192.168.56.1', os.name: 'Windows 10', os.arch: 'amd64', os.version: '10.0', java.version: '1.8.0_282'
Driver info: com.kms.katalon.selenium.driver.CChromeDriver
Capabilities {acceptInsecureCerts: false, browserName: chrome, browserVersion: 110.0.5481.178, chrome: {chromedriverVersion: 109.0.5414.74 (e7c5703604da..., userDataDir: C:\Users\DIEGO~1.ROJ\AppDat...}, goog:chromeOptions: {debuggerAddress: localhost:55331}, javascriptEnabled: true, networkConnectionEnabled: false, pageLoadStrategy: normal, platform: WINDOWS, platformName: WINDOWS, proxy: Proxy(), setWindowRect: true, strictFileInteractability: false, timeouts: {implicit: 0, pageLoad: 300000, script: 30000}, unhandledPromptBehavior: dismiss and notify, webauthn:extension:credBlob: true, webauthn:extension:largeBlob: true, webauthn:virtualAuthenticators: true}
Session ID: dc31b0f0884129037b9fa9b5c82197e9
	at org.openqa.selenium.remote.http.W3CHttpResponseCodec.createException(W3CHttpResponseCodec.java:187)
	at org.openqa.selenium.remote.http.W3CHttpResponseCodec.decode(W3CHttpResponseCodec.java:122)
	at org.openqa.selenium.remote.http.W3CHttpResponseCodec.decode(W3CHttpResponseCodec.java:49)
	at org.openqa.selenium.remote.HttpCommandExecutor.execute(HttpCommandExecutor.java:158)
	at org.openqa.selenium.remote.service.DriverCommandExecutor.execute(DriverCommandExecutor.java:83)
	at org.openqa.selenium.remote.RemoteWebDriver.execute(RemoteWebDriver.java:552)
	at com.kms.katalon.selenium.driver.CChromeDriver.execute(CChromeDriver.java:19)
	at org.openqa.selenium.remote.RemoteWebElement.execute(RemoteWebElement.java:285)
	at org.openqa.selenium.remote.RemoteWebElement.click(RemoteWebElement.java:84)
	at org.openqa.selenium.support.events.EventFiringWebDriver$EventFiringWebElement.lambda$new$0(EventFiringWebDriver.java:404)
	at com.sun.proxy.$Proxy11.click(Unknown Source)
	at org.openqa.selenium.support.events.EventFiringWebDriver$EventFiringWebElement.click(EventFiringWebDriver.java:417)
	at org.openqa.selenium.WebElement$click$0.call(Unknown Source)
	at com.kms.katalon.core.webui.keyword.builtin.ClickKeyword.clickUntilSuccessWithTimeout(ClickKeyword.groovy:81)
	at com.kms.katalon.core.webui.keyword.builtin.ClickKeyword.clickUntilSuccessWithTimeout(ClickKeyword.groovy)
	at com.kms.katalon.core.webui.keyword.builtin.ClickKeyword$_click_closure1.doCall(ClickKeyword.groovy:67)
	at com.kms.katalon.core.webui.keyword.builtin.ClickKeyword$_click_closure1.call(ClickKeyword.groovy)
	at com.kms.katalon.core.webui.keyword.internal.WebUIKeywordMain.runKeyword(WebUIKeywordMain.groovy:20)
	... 19 more


2023-03-09 12:39:39 - [TEST_STEP][PASSED] - callTestCase(findTestCase("0.1-Login"), [:], STOP_ON_FAILURE): Call Test Case 'Test Cases/0.1-Login' successfully

2023-03-09 12:39:39 - [TEST_CASE][PASSED] - Test Cases/0.1-Login: Test Cases/0.1-Login

2023-03-09 12:39:39 - [TEST_STEP][PASSED] - openBrowser(""): Browser is opened with url: ''

2023-03-09 12:39:39 - [MESSAGE][INFO] - Starting 'Chrome' driver

2023-03-09 12:39:39 - [MESSAGE][INFO] - Action delay is set to 0 milliseconds

2023-03-09 12:39:41 - [MESSAGE][PASSED] - Browser is opened with url: ''

2023-03-09 12:39:41 - [TEST_STEP][PASSED] - maximizeWindow(): Current window maximized

2023-03-09 12:39:41 - [MESSAGE][PASSED] - Current window maximized

2023-03-09 12:39:41 - [TEST_STEP][PASSED] - i = G_Login: null

2023-03-09 12:39:41 - [TEST_STEP][PASSED] - url = new java.net.URL(i): null

2023-03-09 12:39:41 - [TEST_STEP][PASSED] - println("URL: " + url.toString()): null

2023-03-09 12:39:41 - [TEST_STEP][PASSED] - connection = url.openConnection(): null

2023-03-09 12:39:41 - [TEST_STEP][PASSED] - connection.setRequestMethod("GET"): null

2023-03-09 12:39:41 - [TEST_STEP][PASSED] - connection.setReadTimeout(2 * 1000): null

2023-03-09 12:39:41 - [TEST_STEP][PASSED] - try: null

2023-03-09 12:39:41 - [TEST_STEP][PASSED] - connection.connect(): null

2023-03-09 12:39:41 - [TEST_STEP][PASSED] - flag = connected: null

2023-03-09 12:39:41 - [TEST_STEP][PASSED] - println("Valor_ori: " + flag): null

2023-03-09 12:39:41 - [TEST_STEP][PASSED] - if (flag): null

2023-03-09 12:39:41 - [TEST_STEP][PASSED] - navigateToUrl(i): Navigate to 'http://192.168.2.19:7001/saraweb' successfully

2023-03-09 12:39:43 - [MESSAGE][PASSED] - Navigate to 'http://192.168.2.19:7001/saraweb' successfully

2023-03-09 12:39:43 - [TEST_STEP][PASSED] - a(): null

2023-03-09 12:39:43 - [TEST_STEP][PASSED] - if (waitForElementVisible(findTestObject("3-OBJECTS UTILIDADES/Login/input_USUARIO_loginusuario"), 0)): null

2023-03-09 12:39:43 - [MESSAGE][WARNING] - Timeout '0' is invalid. Using default page load timeout: '37'

2023-03-09 12:39:43 - [MESSAGE][PASSED] - Object 'Object Repository/3-OBJECTS UTILIDADES/Login/input_USUARIO_loginusuario' is visible

2023-03-09 12:39:43 - [TEST_STEP][PASSED] - switchToWindowTitle("SARA"): Switched to window with title: 'SARA'

2023-03-09 12:39:43 - [MESSAGE][PASSED] - Switched to window with title: 'SARA'

2023-03-09 12:39:43 - [TEST_STEP][PASSED] - zoom(): null

2023-03-09 12:39:43 - [TEST_STEP][PASSED] - robot = new java.awt.Robot(): null

2023-03-09 12:39:43 - [TEST_STEP][PASSED] - robot.keyPress(VK_CONTROL): null

2023-03-09 12:39:43 - [TEST_STEP][PASSED] - robot.keyPress(VK_SUBTRACT): null

2023-03-09 12:39:43 - [TEST_STEP][PASSED] - robot.keyRelease(VK_CONTROL): null

2023-03-09 12:39:43 - [TEST_STEP][PASSED] - robot.keyRelease(VK_SUBTRACT): null

2023-03-09 12:39:43 - [TEST_STEP][PASSED] - robot.keyPress(VK_CONTROL): null

2023-03-09 12:39:43 - [TEST_STEP][PASSED] - robot.keyPress(VK_SUBTRACT): null

2023-03-09 12:39:43 - [TEST_STEP][PASSED] - robot.keyRelease(VK_CONTROL): null

2023-03-09 12:39:43 - [TEST_STEP][PASSED] - robot.keyRelease(VK_SUBTRACT): null

2023-03-09 12:39:43 - [TEST_STEP][PASSED] - robot.keyPress(VK_CONTROL): null

2023-03-09 12:39:43 - [TEST_STEP][PASSED] - robot.keyPress(VK_SUBTRACT): null

2023-03-09 12:39:43 - [TEST_STEP][PASSED] - robot.keyRelease(VK_CONTROL): null

2023-03-09 12:39:43 - [TEST_STEP][PASSED] - robot.keyRelease(VK_SUBTRACT): null

2023-03-09 12:39:43 - [TEST_STEP][PASSED] - robot.keyRelease(VK_CONTROL): null

2023-03-09 12:39:43 - [TEST_STEP][PASSED] - robot.keyRelease(VK_SUBTRACT): null

2023-03-09 12:39:43 - [TEST_STEP][PASSED] - setText(findTestObject("3-OBJECTS UTILIDADES/Login/input_USUARIO_loginusuario"), G_Usuario): Text 'weblogic' is set on object 'Object Repository/3-OBJECTS UTILIDADES/Login/input_USUARIO_loginusuario'

2023-03-09 12:39:44 - [MESSAGE][PASSED] - Text 'weblogic' is set on object 'Object Repository/3-OBJECTS UTILIDADES/Login/input_USUARIO_loginusuario'

2023-03-09 12:39:44 - [TEST_STEP][PASSED] - setEncryptedText(findTestObject("3-OBJECTS UTILIDADES/Login/input_CLAVE_loginpassword"), "SlAwMcyRKqrwbnzhAs8HhT6NnI7sEyng"): Text ****** has been set on object 'Object Repository/3-OBJECTS UTILIDADES/Login/input_CLAVE_loginpassword'

2023-03-09 12:39:48 - [MESSAGE][PASSED] - Text ****** has been set on object 'Object Repository/3-OBJECTS UTILIDADES/Login/input_CLAVE_loginpassword'

2023-03-09 12:39:48 - [TEST_STEP][PASSED] - while (waitForElementClickable(findTestObject("3-OBJECTS UTILIDADES/Login/a_Ingresar"), 1)): Web element with id: 'Object Repository/3-OBJECTS UTILIDADES/Login/a_Ingresar' located by '//a[contains(text(),'Ingresar')]' not found

2023-03-09 12:39:50 - [MESSAGE][INFO] - Unable to find the element located by 'By.xpath: //a[contains(text(),'Ingresar')]'. Please recheck the objects properties to make sure the desired element is located. 

2023-03-09 12:39:50 - [MESSAGE][WARNING] - Web element with id: 'Object Repository/3-OBJECTS UTILIDADES/Login/a_Ingresar' located by '//a[contains(text(),'Ingresar')]' not found

2023-03-09 12:39:50 - [MESSAGE][PASSED] - Call Test Case 'Test Cases/0.1-Login' successfully

2023-03-09 12:39:50 - [TEST_STEP][PASSED] - click(findTestObject("2-OBJECTS TAREAS SECUNDARIAS/Pruebas Hoja de Vida/Impresión_Hoja_Vida_Plantilla/input_Secciones_form_templatej_idt286j_idt29")): Object: 'Object Repository/2-OBJECTS TAREAS SECUNDARIAS/Pruebas Hoja de Vida/Impresión_Hoja_Vida_Plantilla/input_Secciones_form_templatej_idt286j_idt29' is clicked on

2023-03-09 12:39:52 - [MESSAGE][PASSED] - Object: 'Object Repository/2-OBJECTS TAREAS SECUNDARIAS/Pruebas Hoja de Vida/Impresión_Hoja_Vida_Plantilla/input_Secciones_form_templatej_idt286j_idt29' is clicked on

2023-03-09 12:39:52 - [TEST_STEP][PASSED] - click(findTestObject("2-OBJECTS TAREAS SECUNDARIAS/Pruebas Hoja de Vida/Impresión_Hoja_Vida_Plantilla/a_ADMINISTRADOR DEL SISTEMA - SARA_cerrar_menu")): Object: 'Object Repository/2-OBJECTS TAREAS SECUNDARIAS/Pruebas Hoja de Vida/Impresión_Hoja_Vida_Plantilla/a_ADMINISTRADOR DEL SISTEMA - SARA_cerrar_menu' is clicked on

2023-03-09 12:39:53 - [MESSAGE][PASSED] - Object: 'Object Repository/2-OBJECTS TAREAS SECUNDARIAS/Pruebas Hoja de Vida/Impresión_Hoja_Vida_Plantilla/a_ADMINISTRADOR DEL SISTEMA - SARA_cerrar_menu' is clicked on

2023-03-09 12:39:53 - [TEST_STEP][PASSED] - click(findTestObject("2-OBJECTS TAREAS SECUNDARIAS/Pruebas Hoja de Vida/Impresión_Hoja_Vida_Plantilla/label_Nueva Hoja Vida")): Object: 'Object Repository/2-OBJECTS TAREAS SECUNDARIAS/Pruebas Hoja de Vida/Impresión_Hoja_Vida_Plantilla/label_Nueva Hoja Vida' is clicked on

2023-03-09 12:39:53 - [MESSAGE][PASSED] - Object: 'Object Repository/2-OBJECTS TAREAS SECUNDARIAS/Pruebas Hoja de Vida/Impresión_Hoja_Vida_Plantilla/label_Nueva Hoja Vida' is clicked on

2023-03-09 12:39:53 - [TEST_STEP][PASSED] - waitForElementClickable(findTestObject("2-OBJECTS TAREAS SECUNDARIAS/Pruebas Hoja de Vida/Impresión_Hoja_Vida_Plantilla/a_Listado Hojas de Vida"), 0): Object 'Object Repository/2-OBJECTS TAREAS SECUNDARIAS/Pruebas Hoja de Vida/Impresión_Hoja_Vida_Plantilla/a_Listado Hojas de Vida' is clickable

2023-03-09 12:39:53 - [MESSAGE][WARNING] - Timeout '0' is invalid. Using default page load timeout: '37'

2023-03-09 12:39:53 - [MESSAGE][PASSED] - Object 'Object Repository/2-OBJECTS TAREAS SECUNDARIAS/Pruebas Hoja de Vida/Impresión_Hoja_Vida_Plantilla/a_Listado Hojas de Vida' is clickable

2023-03-09 12:39:53 - [TEST_STEP][PASSED] - click(findTestObject("2-OBJECTS TAREAS SECUNDARIAS/Pruebas Hoja de Vida/Impresión_Hoja_Vida_Plantilla/a_Listado Hojas de Vida")): Object: 'Object Repository/2-OBJECTS TAREAS SECUNDARIAS/Pruebas Hoja de Vida/Impresión_Hoja_Vida_Plantilla/a_Listado Hojas de Vida' is clicked on

2023-03-09 12:39:54 - [MESSAGE][PASSED] - Object: 'Object Repository/2-OBJECTS TAREAS SECUNDARIAS/Pruebas Hoja de Vida/Impresión_Hoja_Vida_Plantilla/a_Listado Hojas de Vida' is clicked on

2023-03-09 12:39:54 - [TEST_STEP][PASSED] - waitForElementClickable(findTestObject("2-OBJECTS TAREAS SECUNDARIAS/Pruebas Hoja de Vida/Impresión_Hoja_Vida_Plantilla/input_Identificacin_listado_hojaVidaj_idt63"), 0): Object 'Object Repository/2-OBJECTS TAREAS SECUNDARIAS/Pruebas Hoja de Vida/Impresión_Hoja_Vida_Plantilla/input_Identificacin_listado_hojaVidaj_idt63' is clickable

2023-03-09 12:39:54 - [MESSAGE][WARNING] - Timeout '0' is invalid. Using default page load timeout: '37'

2023-03-09 12:39:56 - [MESSAGE][PASSED] - Object 'Object Repository/2-OBJECTS TAREAS SECUNDARIAS/Pruebas Hoja de Vida/Impresión_Hoja_Vida_Plantilla/input_Identificacin_listado_hojaVidaj_idt63' is clickable

2023-03-09 12:39:56 - [TEST_STEP][PASSED] - setText(findTestObject("2-OBJECTS TAREAS SECUNDARIAS/Pruebas Hoja de Vida/Impresión_Hoja_Vida_Plantilla/input_Identificacin_listado_hojaVidaj_idt63"), "80769954"): Text '80769954' is set on object 'Object Repository/2-OBJECTS TAREAS SECUNDARIAS/Pruebas Hoja de Vida/Impresión_Hoja_Vida_Plantilla/input_Identificacin_listado_hojaVidaj_idt63'

2023-03-09 12:39:57 - [MESSAGE][PASSED] - Text '80769954' is set on object 'Object Repository/2-OBJECTS TAREAS SECUNDARIAS/Pruebas Hoja de Vida/Impresión_Hoja_Vida_Plantilla/input_Identificacin_listado_hojaVidaj_idt63'

2023-03-09 12:39:57 - [TEST_STEP][PASSED] - sendKeys(findTestObject("2-OBJECTS TAREAS SECUNDARIAS/Pruebas Hoja de Vida/Impresión_Hoja_Vida_Plantilla/input_Identificacin_listado_hojaVidaj_idt63"), Keys.chord(ENTER)): Keys 'ENTER + ' sent to object: 'Object Repository/2-OBJECTS TAREAS SECUNDARIAS/Pruebas Hoja de Vida/Impresión_Hoja_Vida_Plantilla/input_Identificacin_listado_hojaVidaj_idt63'

2023-03-09 12:39:57 - [MESSAGE][PASSED] - Keys 'ENTER + ' sent to object: 'Object Repository/2-OBJECTS TAREAS SECUNDARIAS/Pruebas Hoja de Vida/Impresión_Hoja_Vida_Plantilla/input_Identificacin_listado_hojaVidaj_idt63'

2023-03-09 12:39:57 - [TEST_STEP][PASSED] - click(findTestObject("2-OBJECTS TAREAS SECUNDARIAS/Pruebas Hoja de Vida/Impresión_Hoja_Vida_Plantilla/td_355682169")): Object: 'Object Repository/2-OBJECTS TAREAS SECUNDARIAS/Pruebas Hoja de Vida/Impresión_Hoja_Vida_Plantilla/td_355682169' is clicked on

2023-03-09 12:39:58 - [MESSAGE][PASSED] - Object: 'Object Repository/2-OBJECTS TAREAS SECUNDARIAS/Pruebas Hoja de Vida/Impresión_Hoja_Vida_Plantilla/td_355682169' is clicked on

2023-03-09 12:39:58 - [TEST_STEP][FAILED] - click(findTestObject("2-OBJECTS TAREAS SECUNDARIAS/Pruebas Hoja de Vida/Impresión_Hoja_Vida_Plantilla/a_Generar")): Unable to click on object 'Object Repository/2-OBJECTS TAREAS SECUNDARIAS/Pruebas Hoja de Vida/Impresión_Hoja_Vida_Plantilla/a_Generar' (Root cause: com.kms.katalon.core.exception.StepFailedException: Unable to click on object 'Object Repository/2-OBJECTS TAREAS SECUNDARIAS/Pruebas Hoja de Vida/Impresión_Hoja_Vida_Plantilla/a_Generar'
	at com.kms.katalon.core.webui.keyword.internal.WebUIKeywordMain.stepFailed(WebUIKeywordMain.groovy:64)
	at com.kms.katalon.core.webui.keyword.internal.WebUIKeywordMain.runKeyword(WebUIKeywordMain.groovy:26)
	at com.kms.katalon.core.webui.keyword.builtin.ClickKeyword.click(ClickKeyword.groovy:74)
	at com.kms.katalon.core.webui.keyword.builtin.ClickKeyword.execute(ClickKeyword.groovy:40)
	at com.kms.katalon.core.keyword.internal.KeywordExecutor.executeKeywordForPlatform(KeywordExecutor.groovy:74)
	at com.kms.katalon.core.webui.keyword.WebUiBuiltInKeywords.click(WebUiBuiltInKeywords.groovy:620)
	at com.kms.katalon.core.webui.keyword.WebUiBuiltInKeywords$click$9.call(Unknown Source)
	at 2.1.6-Impresión_Hoja_Vida_Plantilla.run(2.1.6-Impresión_Hoja_Vida_Plantilla:44)
	at com.kms.katalon.core.main.ScriptEngine.run(ScriptEngine.java:194)
	at com.kms.katalon.core.main.ScriptEngine.runScriptAsRawText(ScriptEngine.java:119)
	at com.kms.katalon.core.main.TestCaseExecutor.runScript(TestCaseExecutor.java:448)
	at com.kms.katalon.core.main.TestCaseExecutor.doExecute(TestCaseExecutor.java:439)
	at com.kms.katalon.core.main.TestCaseExecutor.processExecutionPhase(TestCaseExecutor.java:418)
	at com.kms.katalon.core.main.TestCaseExecutor.accessMainPhase(TestCaseExecutor.java:410)
	at com.kms.katalon.core.main.TestCaseExecutor.execute(TestCaseExecutor.java:285)
	at com.kms.katalon.core.common.CommonExecutor.accessTestCaseMainPhase(CommonExecutor.java:65)
	at com.kms.katalon.core.main.TestSuiteExecutor.accessTestSuiteMainPhase(TestSuiteExecutor.java:151)
	at com.kms.katalon.core.main.TestSuiteExecutor.execute(TestSuiteExecutor.java:106)
	at com.kms.katalon.core.main.TestCaseMain.startTestSuite(TestCaseMain.java:185)
	at com.kms.katalon.core.main.TestCaseMain$startTestSuite$0.call(Unknown Source)
	at TempTestSuite1678383366099.run(TempTestSuite1678383366099.groovy:36)
Caused by: org.openqa.selenium.ElementClickInterceptedException: element click intercepted: Element <span class="ui-menuitem-text">...</span> is not clickable at point (92, 614). Other element would receive the click: <div id="popupErrorDialog:dialog_popupFoto_modal" class="ui-widget-overlay ui-dialog-mask" style="z-index: 1003;"></div>
  (Session info: chrome=110.0.5481.178)
Build info: version: '3.141.59', revision: 'e82be7d358', time: '2018-11-14T08:25:53'
System info: host: 'US-AF-000371', ip: '192.168.56.1', os.name: 'Windows 10', os.arch: 'amd64', os.version: '10.0', java.version: '1.8.0_282'
Driver info: com.kms.katalon.selenium.driver.CChromeDriver
Capabilities {acceptInsecureCerts: false, browserName: chrome, browserVersion: 110.0.5481.178, chrome: {chromedriverVersion: 109.0.5414.74 (e7c5703604da..., userDataDir: C:\Users\DIEGO~1.ROJ\AppDat...}, goog:chromeOptions: {debuggerAddress: localhost:55331}, javascriptEnabled: true, networkConnectionEnabled: false, pageLoadStrategy: normal, platform: WINDOWS, platformName: WINDOWS, proxy: Proxy(), setWindowRect: true, strictFileInteractability: false, timeouts: {implicit: 0, pageLoad: 300000, script: 30000}, unhandledPromptBehavior: dismiss and notify, webauthn:extension:credBlob: true, webauthn:extension:largeBlob: true, webauthn:virtualAuthenticators: true}
Session ID: dc31b0f0884129037b9fa9b5c82197e9
	at org.openqa.selenium.remote.http.W3CHttpResponseCodec.createException(W3CHttpResponseCodec.java:187)
	at org.openqa.selenium.remote.http.W3CHttpResponseCodec.decode(W3CHttpResponseCodec.java:122)
	at org.openqa.selenium.remote.http.W3CHttpResponseCodec.decode(W3CHttpResponseCodec.java:49)
	at org.openqa.selenium.remote.HttpCommandExecutor.execute(HttpCommandExecutor.java:158)
	at org.openqa.selenium.remote.service.DriverCommandExecutor.execute(DriverCommandExecutor.java:83)
	at org.openqa.selenium.remote.RemoteWebDriver.execute(RemoteWebDriver.java:552)
	at com.kms.katalon.selenium.driver.CChromeDriver.execute(CChromeDriver.java:19)
	at org.openqa.selenium.remote.RemoteWebElement.execute(RemoteWebElement.java:285)
	at org.openqa.selenium.remote.RemoteWebElement.click(RemoteWebElement.java:84)
	at org.openqa.selenium.support.events.EventFiringWebDriver$EventFiringWebElement.lambda$new$0(EventFiringWebDriver.java:404)
	at com.sun.proxy.$Proxy11.click(Unknown Source)
	at org.openqa.selenium.support.events.EventFiringWebDriver$EventFiringWebElement.click(EventFiringWebDriver.java:417)
	at org.openqa.selenium.WebElement$click$0.call(Unknown Source)
	at com.kms.katalon.core.webui.keyword.builtin.ClickKeyword.clickUntilSuccessWithTimeout(ClickKeyword.groovy:81)
	at com.kms.katalon.core.webui.keyword.builtin.ClickKeyword.clickUntilSuccessWithTimeout(ClickKeyword.groovy)
	at com.kms.katalon.core.webui.keyword.builtin.ClickKeyword$_click_closure1.doCall(ClickKeyword.groovy:67)
	at com.kms.katalon.core.webui.keyword.builtin.ClickKeyword$_click_closure1.call(ClickKeyword.groovy)
	at com.kms.katalon.core.webui.keyword.internal.WebUIKeywordMain.runKeyword(WebUIKeywordMain.groovy:20)
	at com.kms.katalon.core.webui.keyword.builtin.ClickKeyword.click(ClickKeyword.groovy:74)
	at com.kms.katalon.core.webui.keyword.builtin.ClickKeyword.execute(ClickKeyword.groovy:40)
	at com.kms.katalon.core.keyword.internal.KeywordExecutor.executeKeywordForPlatform(KeywordExecutor.groovy:74)
	at com.kms.katalon.core.webui.keyword.WebUiBuiltInKeywords.click(WebUiBuiltInKeywords.groovy:620)
	at com.kms.katalon.core.webui.keyword.WebUiBuiltInKeywords$click$9.call(Unknown Source)
	at Script1635365777497.run(Script1635365777497.groovy:44)
	... 13 more
)

2023-03-09 12:40:38 - [MESSAGE][FAILED] - Unable to click on object 'Object Repository/2-OBJECTS TAREAS SECUNDARIAS/Pruebas Hoja de Vida/Impresión_Hoja_Vida_Plantilla/a_Generar' (Root cause: com.kms.katalon.core.exception.StepFailedException: Unable to click on object 'Object Repository/2-OBJECTS TAREAS SECUNDARIAS/Pruebas Hoja de Vida/Impresión_Hoja_Vida_Plantilla/a_Generar'
	at com.kms.katalon.core.webui.keyword.internal.WebUIKeywordMain.stepFailed(WebUIKeywordMain.groovy:64)
	at com.kms.katalon.core.webui.keyword.internal.WebUIKeywordMain.runKeyword(WebUIKeywordMain.groovy:26)
	at com.kms.katalon.core.webui.keyword.builtin.ClickKeyword.click(ClickKeyword.groovy:74)
	at com.kms.katalon.core.webui.keyword.builtin.ClickKeyword.execute(ClickKeyword.groovy:40)
	at com.kms.katalon.core.keyword.internal.KeywordExecutor.executeKeywordForPlatform(KeywordExecutor.groovy:74)
	at com.kms.katalon.core.webui.keyword.WebUiBuiltInKeywords.click(WebUiBuiltInKeywords.groovy:620)
	at com.kms.katalon.core.webui.keyword.WebUiBuiltInKeywords$click$9.call(Unknown Source)
	at 2.1.6-Impresión_Hoja_Vida_Plantilla.run(2.1.6-Impresión_Hoja_Vida_Plantilla:44)
	at com.kms.katalon.core.main.ScriptEngine.run(ScriptEngine.java:194)
	at com.kms.katalon.core.main.ScriptEngine.runScriptAsRawText(ScriptEngine.java:119)
	at com.kms.katalon.core.main.TestCaseExecutor.runScript(TestCaseExecutor.java:448)
	at com.kms.katalon.core.main.TestCaseExecutor.doExecute(TestCaseExecutor.java:439)
	at com.kms.katalon.core.main.TestCaseExecutor.processExecutionPhase(TestCaseExecutor.java:418)
	at com.kms.katalon.core.main.TestCaseExecutor.accessMainPhase(TestCaseExecutor.java:410)
	at com.kms.katalon.core.main.TestCaseExecutor.execute(TestCaseExecutor.java:285)
	at com.kms.katalon.core.common.CommonExecutor.accessTestCaseMainPhase(CommonExecutor.java:65)
	at com.kms.katalon.core.main.TestSuiteExecutor.accessTestSuiteMainPhase(TestSuiteExecutor.java:151)
	at com.kms.katalon.core.main.TestSuiteExecutor.execute(TestSuiteExecutor.java:106)
	at com.kms.katalon.core.main.TestCaseMain.startTestSuite(TestCaseMain.java:185)
	at com.kms.katalon.core.main.TestCaseMain$startTestSuite$0.call(Unknown Source)
	at TempTestSuite1678383366099.run(TempTestSuite1678383366099.groovy:36)
Caused by: org.openqa.selenium.ElementClickInterceptedException: element click intercepted: Element <span class="ui-menuitem-text">...</span> is not clickable at point (92, 614). Other element would receive the click: <div id="popupErrorDialog:dialog_popupFoto_modal" class="ui-widget-overlay ui-dialog-mask" style="z-index: 1003;"></div>
  (Session info: chrome=110.0.5481.178)
Build info: version: '3.141.59', revision: 'e82be7d358', time: '2018-11-14T08:25:53'
System info: host: 'US-AF-000371', ip: '192.168.56.1', os.name: 'Windows 10', os.arch: 'amd64', os.version: '10.0', java.version: '1.8.0_282'
Driver info: com.kms.katalon.selenium.driver.CChromeDriver
Capabilities {acceptInsecureCerts: false, browserName: chrome, browserVersion: 110.0.5481.178, chrome: {chromedriverVersion: 109.0.5414.74 (e7c5703604da..., userDataDir: C:\Users\DIEGO~1.ROJ\AppDat...}, goog:chromeOptions: {debuggerAddress: localhost:55331}, javascriptEnabled: true, networkConnectionEnabled: false, pageLoadStrategy: normal, platform: WINDOWS, platformName: WINDOWS, proxy: Proxy(), setWindowRect: true, strictFileInteractability: false, timeouts: {implicit: 0, pageLoad: 300000, script: 30000}, unhandledPromptBehavior: dismiss and notify, webauthn:extension:credBlob: true, webauthn:extension:largeBlob: true, webauthn:virtualAuthenticators: true}
Session ID: dc31b0f0884129037b9fa9b5c82197e9
	at org.openqa.selenium.remote.http.W3CHttpResponseCodec.createException(W3CHttpResponseCodec.java:187)
	at org.openqa.selenium.remote.http.W3CHttpResponseCodec.decode(W3CHttpResponseCodec.java:122)
	at org.openqa.selenium.remote.http.W3CHttpResponseCodec.decode(W3CHttpResponseCodec.java:49)
	at org.openqa.selenium.remote.HttpCommandExecutor.execute(HttpCommandExecutor.java:158)
	at org.openqa.selenium.remote.service.DriverCommandExecutor.execute(DriverCommandExecutor.java:83)
	at org.openqa.selenium.remote.RemoteWebDriver.execute(RemoteWebDriver.java:552)
	at com.kms.katalon.selenium.driver.CChromeDriver.execute(CChromeDriver.java:19)
	at org.openqa.selenium.remote.RemoteWebElement.execute(RemoteWebElement.java:285)
	at org.openqa.selenium.remote.RemoteWebElement.click(RemoteWebElement.java:84)
	at org.openqa.selenium.support.events.EventFiringWebDriver$EventFiringWebElement.lambda$new$0(EventFiringWebDriver.java:404)
	at com.sun.proxy.$Proxy11.click(Unknown Source)
	at org.openqa.selenium.support.events.EventFiringWebDriver$EventFiringWebElement.click(EventFiringWebDriver.java:417)
	at org.openqa.selenium.WebElement$click$0.call(Unknown Source)
	at com.kms.katalon.core.webui.keyword.builtin.ClickKeyword.clickUntilSuccessWithTimeout(ClickKeyword.groovy:81)
	at com.kms.katalon.core.webui.keyword.builtin.ClickKeyword.clickUntilSuccessWithTimeout(ClickKeyword.groovy)
	at com.kms.katalon.core.webui.keyword.builtin.ClickKeyword$_click_closure1.doCall(ClickKeyword.groovy:67)
	at com.kms.katalon.core.webui.keyword.builtin.ClickKeyword$_click_closure1.call(ClickKeyword.groovy)
	at com.kms.katalon.core.webui.keyword.internal.WebUIKeywordMain.runKeyword(WebUIKeywordMain.groovy:20)
	at com.kms.katalon.core.webui.keyword.builtin.ClickKeyword.click(ClickKeyword.groovy:74)
	at com.kms.katalon.core.webui.keyword.builtin.ClickKeyword.execute(ClickKeyword.groovy:40)
	at com.kms.katalon.core.keyword.internal.KeywordExecutor.executeKeywordForPlatform(KeywordExecutor.groovy:74)
	at com.kms.katalon.core.webui.keyword.WebUiBuiltInKeywords.click(WebUiBuiltInKeywords.groovy:620)
	at com.kms.katalon.core.webui.keyword.WebUiBuiltInKeywords$click$9.call(Unknown Source)
	at Script1635365777497.run(Script1635365777497.groovy:44)
	... 13 more
)
[[ATTACHMENT|C:\\Users\\diego.rojas\\git\\Pruebas-Minimas\\Reports\\20230309_123606\\Test_Suite_Secundaria\\1-Tareas_secundarias\\20230309_123606\\1678383638020.png]]]]></system-out>
         <system-err><![CDATA[2023-03-09 12:39:39 - [TEST_CASE][FAILED] - Test Cases/1.2-Tareas_Secundarias/2.1-Pruebas_Hoja_de_Vida/2.1.6-Impresión_Hoja_Vida_Plantilla: Test Cases/1.2-Tareas_Secundarias/2.1-Pruebas_Hoja_de_Vida/2.1.6-Impresión_Hoja_Vida_Plantilla FAILED.
Reason:
com.kms.katalon.core.exception.StepFailedException: Unable to click on object 'Object Repository/2-OBJECTS TAREAS SECUNDARIAS/Pruebas Hoja de Vida/Impresión_Hoja_Vida_Plantilla/a_Generar'
	at com.kms.katalon.core.webui.keyword.internal.WebUIKeywordMain.stepFailed(WebUIKeywordMain.groovy:64)
	at com.kms.katalon.core.webui.keyword.internal.WebUIKeywordMain.runKeyword(WebUIKeywordMain.groovy:26)
	at com.kms.katalon.core.webui.keyword.builtin.ClickKeyword.click(ClickKeyword.groovy:74)
	at com.kms.katalon.core.webui.keyword.builtin.ClickKeyword.execute(ClickKeyword.groovy:40)
	at com.kms.katalon.core.keyword.internal.KeywordExecutor.executeKeywordForPlatform(KeywordExecutor.groovy:74)
	at com.kms.katalon.core.webui.keyword.WebUiBuiltInKeywords.click(WebUiBuiltInKeywords.groovy:620)
	at com.kms.katalon.core.webui.keyword.WebUiBuiltInKeywords$click$9.call(Unknown Source)
	at 2.1.6-Impresión_Hoja_Vida_Plantilla.run(2.1.6-Impresión_Hoja_Vida_Plantilla:44)
	at com.kms.katalon.core.main.ScriptEngine.run(ScriptEngine.java:194)
	at com.kms.katalon.core.main.ScriptEngine.runScriptAsRawText(ScriptEngine.java:119)
	at com.kms.katalon.core.main.TestCaseExecutor.runScript(TestCaseExecutor.java:448)
	at com.kms.katalon.core.main.TestCaseExecutor.doExecute(TestCaseExecutor.java:439)
	at com.kms.katalon.core.main.TestCaseExecutor.processExecutionPhase(TestCaseExecutor.java:418)
	at com.kms.katalon.core.main.TestCaseExecutor.accessMainPhase(TestCaseExecutor.java:410)
	at com.kms.katalon.core.main.TestCaseExecutor.execute(TestCaseExecutor.java:285)
	at com.kms.katalon.core.common.CommonExecutor.accessTestCaseMainPhase(CommonExecutor.java:65)
	at com.kms.katalon.core.main.TestSuiteExecutor.accessTestSuiteMainPhase(TestSuiteExecutor.java:151)
	at com.kms.katalon.core.main.TestSuiteExecutor.execute(TestSuiteExecutor.java:106)
	at com.kms.katalon.core.main.TestCaseMain.startTestSuite(TestCaseMain.java:185)
	at com.kms.katalon.core.main.TestCaseMain$startTestSuite$0.call(Unknown Source)
	at TempTestSuite1678383366099.run(TempTestSuite1678383366099.groovy:36)
Caused by: org.openqa.selenium.ElementClickInterceptedException: element click intercepted: Element <span class="ui-menuitem-text">...</span> is not clickable at point (92, 614). Other element would receive the click: <div id="popupErrorDialog:dialog_popupFoto_modal" class="ui-widget-overlay ui-dialog-mask" style="z-index: 1003;"></div>
  (Session info: chrome=110.0.5481.178)
Build info: version: '3.141.59', revision: 'e82be7d358', time: '2018-11-14T08:25:53'
System info: host: 'US-AF-000371', ip: '192.168.56.1', os.name: 'Windows 10', os.arch: 'amd64', os.version: '10.0', java.version: '1.8.0_282'
Driver info: com.kms.katalon.selenium.driver.CChromeDriver
Capabilities {acceptInsecureCerts: false, browserName: chrome, browserVersion: 110.0.5481.178, chrome: {chromedriverVersion: 109.0.5414.74 (e7c5703604da..., userDataDir: C:\Users\DIEGO~1.ROJ\AppDat...}, goog:chromeOptions: {debuggerAddress: localhost:55331}, javascriptEnabled: true, networkConnectionEnabled: false, pageLoadStrategy: normal, platform: WINDOWS, platformName: WINDOWS, proxy: Proxy(), setWindowRect: true, strictFileInteractability: false, timeouts: {implicit: 0, pageLoad: 300000, script: 30000}, unhandledPromptBehavior: dismiss and notify, webauthn:extension:credBlob: true, webauthn:extension:largeBlob: true, webauthn:virtualAuthenticators: true}
Session ID: dc31b0f0884129037b9fa9b5c82197e9
	at org.openqa.selenium.remote.http.W3CHttpResponseCodec.createException(W3CHttpResponseCodec.java:187)
	at org.openqa.selenium.remote.http.W3CHttpResponseCodec.decode(W3CHttpResponseCodec.java:122)
	at org.openqa.selenium.remote.http.W3CHttpResponseCodec.decode(W3CHttpResponseCodec.java:49)
	at org.openqa.selenium.remote.HttpCommandExecutor.execute(HttpCommandExecutor.java:158)
	at org.openqa.selenium.remote.service.DriverCommandExecutor.execute(DriverCommandExecutor.java:83)
	at org.openqa.selenium.remote.RemoteWebDriver.execute(RemoteWebDriver.java:552)
	at com.kms.katalon.selenium.driver.CChromeDriver.execute(CChromeDriver.java:19)
	at org.openqa.selenium.remote.RemoteWebElement.execute(RemoteWebElement.java:285)
	at org.openqa.selenium.remote.RemoteWebElement.click(RemoteWebElement.java:84)
	at org.openqa.selenium.support.events.EventFiringWebDriver$EventFiringWebElement.lambda$new$0(EventFiringWebDriver.java:404)
	at com.sun.proxy.$Proxy11.click(Unknown Source)
	at org.openqa.selenium.support.events.EventFiringWebDriver$EventFiringWebElement.click(EventFiringWebDriver.java:417)
	at org.openqa.selenium.WebElement$click$0.call(Unknown Source)
	at com.kms.katalon.core.webui.keyword.builtin.ClickKeyword.clickUntilSuccessWithTimeout(ClickKeyword.groovy:81)
	at com.kms.katalon.core.webui.keyword.builtin.ClickKeyword.clickUntilSuccessWithTimeout(ClickKeyword.groovy)
	at com.kms.katalon.core.webui.keyword.builtin.ClickKeyword$_click_closure1.doCall(ClickKeyword.groovy:67)
	at com.kms.katalon.core.webui.keyword.builtin.ClickKeyword$_click_closure1.call(ClickKeyword.groovy)
	at com.kms.katalon.core.webui.keyword.internal.WebUIKeywordMain.runKeyword(WebUIKeywordMain.groovy:20)
	... 19 more]]></system-err>
      </testcase>
      <testcase name="Test Cases/1.2-Tareas_Secundarias/2.1-Pruebas_Hoja_de_Vida/2.1.7-Impresión_Hoja_Vida_Función_Pública" time="28.942" classname="Test Cases/1.2-Tareas_Secundarias/2.1-Pruebas_Hoja_de_Vida/2.1.7-Impresión_Hoja_Vida_Función_Pública" status="PASSED">
         <system-out><![CDATA[2023-03-09 12:40:38 - [TEST_CASE][PASSED] - Test Cases/1.2-Tareas_Secundarias/2.1-Pruebas_Hoja_de_Vida/2.1.7-Impresión_Hoja_Vida_Función_Pública: Test Cases/1.2-Tareas_Secundarias/2.1-Pruebas_Hoja_de_Vida/2.1.7-Impresión_Hoja_Vida_Función_Pública

2023-03-09 12:40:38 - [TEST_STEP][PASSED] - callTestCase(findTestCase("1.1-Tareas Principales/1.1.2-Imprimir Hoja de Vida"), [:], STOP_ON_FAILURE): Call Test Case 'Test Cases/1.1-Tareas Principales/1.1.2-Imprimir Hoja de Vida' successfully

2023-03-09 12:40:38 - [TEST_CASE][PASSED] - Test Cases/1.1-Tareas Principales/1.1.2-Imprimir Hoja de Vida: Test Cases/1.1-Tareas Principales/1.1.2-Imprimir Hoja de Vida

2023-03-09 12:40:38 - [TEST_STEP][PASSED] - callTestCase(findTestCase("1.1-Tareas Principales/Listado hojas de Vida"), [:], STOP_ON_FAILURE): Call Test Case 'Test Cases/1.1-Tareas Principales/Listado hojas de Vida' successfully

2023-03-09 12:40:38 - [TEST_CASE][PASSED] - Test Cases/1.1-Tareas Principales/Listado hojas de Vida: Test Cases/1.1-Tareas Principales/Listado hojas de Vida

2023-03-09 12:40:39 - [TEST_STEP][PASSED] - callTestCase(findTestCase("0.1-Login"), [:], STOP_ON_FAILURE): Call Test Case 'Test Cases/0.1-Login' successfully

2023-03-09 12:40:39 - [TEST_CASE][PASSED] - Test Cases/0.1-Login: Test Cases/0.1-Login

2023-03-09 12:40:39 - [TEST_STEP][PASSED] - openBrowser(""): Browser is opened with url: ''

2023-03-09 12:40:39 - [MESSAGE][WARNING] - A browser is already opened. Closing browser and opening a new one

2023-03-09 12:40:40 - [MESSAGE][INFO] - Starting 'Chrome' driver

2023-03-09 12:40:40 - [MESSAGE][INFO] - Action delay is set to 0 milliseconds

2023-03-09 12:40:41 - [MESSAGE][PASSED] - Browser is opened with url: ''

2023-03-09 12:40:41 - [TEST_STEP][PASSED] - maximizeWindow(): Current window maximized

2023-03-09 12:40:41 - [MESSAGE][PASSED] - Current window maximized

2023-03-09 12:40:41 - [TEST_STEP][PASSED] - i = G_Login: null

2023-03-09 12:40:41 - [TEST_STEP][PASSED] - url = new java.net.URL(i): null

2023-03-09 12:40:41 - [TEST_STEP][PASSED] - println("URL: " + url.toString()): null

2023-03-09 12:40:41 - [TEST_STEP][PASSED] - connection = url.openConnection(): null

2023-03-09 12:40:41 - [TEST_STEP][PASSED] - connection.setRequestMethod("GET"): null

2023-03-09 12:40:41 - [TEST_STEP][PASSED] - connection.setReadTimeout(2 * 1000): null

2023-03-09 12:40:41 - [TEST_STEP][PASSED] - try: null

2023-03-09 12:40:41 - [TEST_STEP][PASSED] - connection.connect(): null

2023-03-09 12:40:41 - [TEST_STEP][PASSED] - flag = connected: null

2023-03-09 12:40:41 - [TEST_STEP][PASSED] - println("Valor_ori: " + flag): null

2023-03-09 12:40:41 - [TEST_STEP][PASSED] - if (flag): null

2023-03-09 12:40:41 - [TEST_STEP][PASSED] - navigateToUrl(i): Navigate to 'http://192.168.2.19:7001/saraweb' successfully

2023-03-09 12:40:43 - [MESSAGE][PASSED] - Navigate to 'http://192.168.2.19:7001/saraweb' successfully

2023-03-09 12:40:43 - [TEST_STEP][PASSED] - a(): null

2023-03-09 12:40:43 - [TEST_STEP][PASSED] - if (waitForElementVisible(findTestObject("3-OBJECTS UTILIDADES/Login/input_USUARIO_loginusuario"), 0)): null

2023-03-09 12:40:43 - [MESSAGE][WARNING] - Timeout '0' is invalid. Using default page load timeout: '37'

2023-03-09 12:40:43 - [MESSAGE][PASSED] - Object 'Object Repository/3-OBJECTS UTILIDADES/Login/input_USUARIO_loginusuario' is visible

2023-03-09 12:40:43 - [TEST_STEP][PASSED] - switchToWindowTitle("SARA"): Switched to window with title: 'SARA'

2023-03-09 12:40:43 - [MESSAGE][PASSED] - Switched to window with title: 'SARA'

2023-03-09 12:40:43 - [TEST_STEP][PASSED] - zoom(): null

2023-03-09 12:40:43 - [TEST_STEP][PASSED] - robot = new java.awt.Robot(): null

2023-03-09 12:40:43 - [TEST_STEP][PASSED] - robot.keyPress(VK_CONTROL): null

2023-03-09 12:40:43 - [TEST_STEP][PASSED] - robot.keyPress(VK_SUBTRACT): null

2023-03-09 12:40:43 - [TEST_STEP][PASSED] - robot.keyRelease(VK_CONTROL): null

2023-03-09 12:40:43 - [TEST_STEP][PASSED] - robot.keyRelease(VK_SUBTRACT): null

2023-03-09 12:40:43 - [TEST_STEP][PASSED] - robot.keyPress(VK_CONTROL): null

2023-03-09 12:40:43 - [TEST_STEP][PASSED] - robot.keyPress(VK_SUBTRACT): null

2023-03-09 12:40:43 - [TEST_STEP][PASSED] - robot.keyRelease(VK_CONTROL): null

2023-03-09 12:40:43 - [TEST_STEP][PASSED] - robot.keyRelease(VK_SUBTRACT): null

2023-03-09 12:40:43 - [TEST_STEP][PASSED] - robot.keyPress(VK_CONTROL): null

2023-03-09 12:40:43 - [TEST_STEP][PASSED] - robot.keyPress(VK_SUBTRACT): null

2023-03-09 12:40:43 - [TEST_STEP][PASSED] - robot.keyRelease(VK_CONTROL): null

2023-03-09 12:40:43 - [TEST_STEP][PASSED] - robot.keyRelease(VK_SUBTRACT): null

2023-03-09 12:40:43 - [TEST_STEP][PASSED] - robot.keyRelease(VK_CONTROL): null

2023-03-09 12:40:43 - [TEST_STEP][PASSED] - robot.keyRelease(VK_SUBTRACT): null

2023-03-09 12:40:43 - [TEST_STEP][PASSED] - setText(findTestObject("3-OBJECTS UTILIDADES/Login/input_USUARIO_loginusuario"), G_Usuario): Text 'weblogic' is set on object 'Object Repository/3-OBJECTS UTILIDADES/Login/input_USUARIO_loginusuario'

2023-03-09 12:40:44 - [MESSAGE][PASSED] - Text 'weblogic' is set on object 'Object Repository/3-OBJECTS UTILIDADES/Login/input_USUARIO_loginusuario'

2023-03-09 12:40:44 - [TEST_STEP][PASSED] - setEncryptedText(findTestObject("3-OBJECTS UTILIDADES/Login/input_CLAVE_loginpassword"), "SlAwMcyRKqrwbnzhAs8HhT6NnI7sEyng"): Text ****** has been set on object 'Object Repository/3-OBJECTS UTILIDADES/Login/input_CLAVE_loginpassword'

2023-03-09 12:40:48 - [MESSAGE][PASSED] - Text ****** has been set on object 'Object Repository/3-OBJECTS UTILIDADES/Login/input_CLAVE_loginpassword'

2023-03-09 12:40:48 - [TEST_STEP][PASSED] - while (waitForElementClickable(findTestObject("3-OBJECTS UTILIDADES/Login/a_Ingresar"), 1)): Web element with id: 'Object Repository/3-OBJECTS UTILIDADES/Login/a_Ingresar' located by '//a[contains(text(),'Ingresar')]' not found

2023-03-09 12:40:50 - [MESSAGE][INFO] - Unable to find the element located by 'By.xpath: //a[contains(text(),'Ingresar')]'. Please recheck the objects properties to make sure the desired element is located. 

2023-03-09 12:40:50 - [MESSAGE][WARNING] - Web element with id: 'Object Repository/3-OBJECTS UTILIDADES/Login/a_Ingresar' located by '//a[contains(text(),'Ingresar')]' not found

2023-03-09 12:40:50 - [MESSAGE][PASSED] - Call Test Case 'Test Cases/0.1-Login' successfully

2023-03-09 12:40:50 - [TEST_STEP][PASSED] - waitForElementClickable(findTestObject("1-OBJECTS TAREAS PRINCIPALES/Modulo Tarea Listado Hojas de Vida/Tareas Listado Hojas de Vida/input_Listado Hojas De Vida_form_templatej_idt24_input"), G_TimeOut): Object 'Object Repository/1-OBJECTS TAREAS PRINCIPALES/Modulo Tarea Listado Hojas de Vida/Tareas Listado Hojas de Vida/input_Listado Hojas De Vida_form_templatej_idt24_input' is clickable

2023-03-09 12:40:50 - [MESSAGE][PASSED] - Object 'Object Repository/1-OBJECTS TAREAS PRINCIPALES/Modulo Tarea Listado Hojas de Vida/Tareas Listado Hojas de Vida/input_Listado Hojas De Vida_form_templatej_idt24_input' is clickable

2023-03-09 12:40:50 - [TEST_STEP][PASSED] - setText(findTestObject("1-OBJECTS TAREAS PRINCIPALES/Modulo Tarea Listado Hojas de Vida/Tareas Listado Hojas de Vida/input_Listado Hojas De Vida_form_templatej_idt24_input"), "Listado Hojas de Vida (hoj)"): Text 'Listado Hojas de Vida (hoj)' is set on object 'Object Repository/1-OBJECTS TAREAS PRINCIPALES/Modulo Tarea Listado Hojas de Vida/Tareas Listado Hojas de Vida/input_Listado Hojas De Vida_form_templatej_idt24_input'

2023-03-09 12:40:51 - [MESSAGE][PASSED] - Text 'Listado Hojas de Vida (hoj)' is set on object 'Object Repository/1-OBJECTS TAREAS PRINCIPALES/Modulo Tarea Listado Hojas de Vida/Tareas Listado Hojas de Vida/input_Listado Hojas De Vida_form_templatej_idt24_input'

2023-03-09 12:40:51 - [TEST_STEP][PASSED] - waitForElementVisible(findTestObject("1-OBJECTS TAREAS PRINCIPALES/Modulo Tarea Listado Hojas de Vida/Tareas Listado Hojas de Vida/span_Listado Hojas de Vida (hoj)"), 0): Object 'Object Repository/1-OBJECTS TAREAS PRINCIPALES/Modulo Tarea Listado Hojas de Vida/Tareas Listado Hojas de Vida/span_Listado Hojas de Vida (hoj)' is visible

2023-03-09 12:40:51 - [MESSAGE][WARNING] - Timeout '0' is invalid. Using default page load timeout: '37'

2023-03-09 12:40:53 - [MESSAGE][PASSED] - Object 'Object Repository/1-OBJECTS TAREAS PRINCIPALES/Modulo Tarea Listado Hojas de Vida/Tareas Listado Hojas de Vida/span_Listado Hojas de Vida (hoj)' is visible

2023-03-09 12:40:53 - [TEST_STEP][PASSED] - element = findWebElement(findTestObject("1-OBJECTS TAREAS PRINCIPALES/Modulo Tarea Listado Hojas de Vida/Tareas Listado Hojas de Vida/span_Listado Hojas de Vida (hoj)"), 30): null

2023-03-09 12:40:53 - [TEST_STEP][PASSED] - executeJavaScript("arguments[0].click()", Arrays.asList(element)): Execute JavaScript 'arguments[0].click()' successfully

2023-03-09 12:40:53 - [MESSAGE][PASSED] - Execute JavaScript 'arguments[0].click()' successfully

2023-03-09 12:40:53 - [MESSAGE][PASSED] - Call Test Case 'Test Cases/1.1-Tareas Principales/Listado hojas de Vida' successfully

2023-03-09 12:40:53 - [TEST_STEP][PASSED] - waitForElementClickable(findTestObject("1-OBJECTS TAREAS PRINCIPALES/Modulo Tarea Listado Hojas de Vida/Imprimir Hoja de Vida/input_Identificacin_listado_hojaVidaj_idt62"), G_TimeOut): Object 'Object Repository/1-OBJECTS TAREAS PRINCIPALES/Modulo Tarea Listado Hojas de Vida/Imprimir Hoja de Vida/input_Identificacin_listado_hojaVidaj_idt62' is clickable

2023-03-09 12:40:55 - [MESSAGE][PASSED] - Object 'Object Repository/1-OBJECTS TAREAS PRINCIPALES/Modulo Tarea Listado Hojas de Vida/Imprimir Hoja de Vida/input_Identificacin_listado_hojaVidaj_idt62' is clickable

2023-03-09 12:40:55 - [TEST_STEP][PASSED] - setText(findTestObject("1-OBJECTS TAREAS PRINCIPALES/Modulo Tarea Listado Hojas de Vida/Imprimir Hoja de Vida/input_Identificacin_listado_hojaVidaj_idt62"), "355682169"): Text '355682169' is set on object 'Object Repository/1-OBJECTS TAREAS PRINCIPALES/Modulo Tarea Listado Hojas de Vida/Imprimir Hoja de Vida/input_Identificacin_listado_hojaVidaj_idt62'

2023-03-09 12:40:56 - [MESSAGE][PASSED] - Text '355682169' is set on object 'Object Repository/1-OBJECTS TAREAS PRINCIPALES/Modulo Tarea Listado Hojas de Vida/Imprimir Hoja de Vida/input_Identificacin_listado_hojaVidaj_idt62'

2023-03-09 12:40:56 - [TEST_STEP][PASSED] - sendKeys(findTestObject("1-OBJECTS TAREAS PRINCIPALES/Modulo Tarea Listado Hojas de Vida/Imprimir Hoja de Vida/input_Identificacin_listado_hojaVidaj_idt62"), Keys.chord(ENTER)): Keys 'ENTER + ' sent to object: 'Object Repository/1-OBJECTS TAREAS PRINCIPALES/Modulo Tarea Listado Hojas de Vida/Imprimir Hoja de Vida/input_Identificacin_listado_hojaVidaj_idt62'

2023-03-09 12:40:56 - [MESSAGE][PASSED] - Keys 'ENTER + ' sent to object: 'Object Repository/1-OBJECTS TAREAS PRINCIPALES/Modulo Tarea Listado Hojas de Vida/Imprimir Hoja de Vida/input_Identificacin_listado_hojaVidaj_idt62'

2023-03-09 12:40:56 - [TEST_STEP][PASSED] - waitForElementClickable(findTestObject("1-OBJECTS TAREAS PRINCIPALES/Modulo Tarea Listado Hojas de Vida/Imprimir Hoja de Vida/td_355682169"), G_TimeOut): Object 'Object Repository/1-OBJECTS TAREAS PRINCIPALES/Modulo Tarea Listado Hojas de Vida/Imprimir Hoja de Vida/td_355682169' is clickable

2023-03-09 12:40:57 - [MESSAGE][PASSED] - Object 'Object Repository/1-OBJECTS TAREAS PRINCIPALES/Modulo Tarea Listado Hojas de Vida/Imprimir Hoja de Vida/td_355682169' is clickable

2023-03-09 12:40:57 - [TEST_STEP][PASSED] - click(findTestObject("1-OBJECTS TAREAS PRINCIPALES/Modulo Tarea Listado Hojas de Vida/Imprimir Hoja de Vida/td_355682169")): Object: 'Object Repository/1-OBJECTS TAREAS PRINCIPALES/Modulo Tarea Listado Hojas de Vida/Imprimir Hoja de Vida/td_355682169' is clicked on

2023-03-09 12:40:57 - [MESSAGE][PASSED] - Object: 'Object Repository/1-OBJECTS TAREAS PRINCIPALES/Modulo Tarea Listado Hojas de Vida/Imprimir Hoja de Vida/td_355682169' is clicked on

2023-03-09 12:40:57 - [TEST_STEP][PASSED] - waitForElementClickable(findTestObject("1-OBJECTS TAREAS PRINCIPALES/Modulo Tarea Listado Hojas de Vida/Imprimir Hoja de Vida/a_Imprimir"), G_TimeOut): Object 'Object Repository/1-OBJECTS TAREAS PRINCIPALES/Modulo Tarea Listado Hojas de Vida/Imprimir Hoja de Vida/a_Imprimir' is clickable

2023-03-09 12:40:58 - [MESSAGE][PASSED] - Object 'Object Repository/1-OBJECTS TAREAS PRINCIPALES/Modulo Tarea Listado Hojas de Vida/Imprimir Hoja de Vida/a_Imprimir' is clickable

2023-03-09 12:40:58 - [TEST_STEP][PASSED] - click(findTestObject("1-OBJECTS TAREAS PRINCIPALES/Modulo Tarea Listado Hojas de Vida/Imprimir Hoja de Vida/a_Imprimir")): Object: 'Object Repository/1-OBJECTS TAREAS PRINCIPALES/Modulo Tarea Listado Hojas de Vida/Imprimir Hoja de Vida/a_Imprimir' is clicked on

2023-03-09 12:40:58 - [MESSAGE][PASSED] - Object: 'Object Repository/1-OBJECTS TAREAS PRINCIPALES/Modulo Tarea Listado Hojas de Vida/Imprimir Hoja de Vida/a_Imprimir' is clicked on

2023-03-09 12:40:58 - [TEST_STEP][PASSED] - waitForElementClickable(findTestObject("1-OBJECTS TAREAS PRINCIPALES/Modulo Tarea Listado Hojas de Vida/Imprimir Hoja de Vida/a_Si"), G_TimeOut): Object 'Object Repository/1-OBJECTS TAREAS PRINCIPALES/Modulo Tarea Listado Hojas de Vida/Imprimir Hoja de Vida/a_Si' is clickable

2023-03-09 12:40:59 - [MESSAGE][PASSED] - Object 'Object Repository/1-OBJECTS TAREAS PRINCIPALES/Modulo Tarea Listado Hojas de Vida/Imprimir Hoja de Vida/a_Si' is clickable

2023-03-09 12:40:59 - [TEST_STEP][PASSED] - click(findTestObject("1-OBJECTS TAREAS PRINCIPALES/Modulo Tarea Listado Hojas de Vida/Imprimir Hoja de Vida/a_Si")): Object: 'Object Repository/1-OBJECTS TAREAS PRINCIPALES/Modulo Tarea Listado Hojas de Vida/Imprimir Hoja de Vida/a_Si' is clicked on

2023-03-09 12:41:00 - [MESSAGE][PASSED] - Object: 'Object Repository/1-OBJECTS TAREAS PRINCIPALES/Modulo Tarea Listado Hojas de Vida/Imprimir Hoja de Vida/a_Si' is clicked on

2023-03-09 12:41:00 - [TEST_STEP][PASSED] - switchToWindowTitle("SARA"): Switched to window with title: 'SARA'

2023-03-09 12:41:00 - [MESSAGE][PASSED] - Switched to window with title: 'SARA'

2023-03-09 12:41:00 - [TEST_STEP][PASSED] - waitForElementClickable(findTestObject("1-OBJECTS TAREAS PRINCIPALES/Modulo Tarea Listado Hojas de Vida/Imprimir Hoja de Vida/span_Grupo Sanguneo-closethick"), G_TimeOut): Object 'Object Repository/1-OBJECTS TAREAS PRINCIPALES/Modulo Tarea Listado Hojas de Vida/Imprimir Hoja de Vida/span_Grupo Sanguneo-closethick' is clickable

2023-03-09 12:41:00 - [MESSAGE][PASSED] - Object 'Object Repository/1-OBJECTS TAREAS PRINCIPALES/Modulo Tarea Listado Hojas de Vida/Imprimir Hoja de Vida/span_Grupo Sanguneo-closethick' is clickable

2023-03-09 12:41:00 - [TEST_STEP][PASSED] - click(findTestObject("1-OBJECTS TAREAS PRINCIPALES/Modulo Tarea Listado Hojas de Vida/Imprimir Hoja de Vida/span_Grupo Sanguneo-closethick")): Object: 'Object Repository/1-OBJECTS TAREAS PRINCIPALES/Modulo Tarea Listado Hojas de Vida/Imprimir Hoja de Vida/span_Grupo Sanguneo-closethick' is clicked on

2023-03-09 12:41:01 - [MESSAGE][PASSED] - Object: 'Object Repository/1-OBJECTS TAREAS PRINCIPALES/Modulo Tarea Listado Hojas de Vida/Imprimir Hoja de Vida/span_Grupo Sanguneo-closethick' is clicked on

2023-03-09 12:41:01 - [TEST_STEP][PASSED] - waitForElementClickable(findTestObject("1-OBJECTS TAREAS PRINCIPALES/Modulo Tarea Listado Hojas de Vida/Imprimir Hoja de Vida/a_Generar"), G_TimeOut): Object 'Object Repository/1-OBJECTS TAREAS PRINCIPALES/Modulo Tarea Listado Hojas de Vida/Imprimir Hoja de Vida/a_Generar' is clickable

2023-03-09 12:41:01 - [MESSAGE][PASSED] - Object 'Object Repository/1-OBJECTS TAREAS PRINCIPALES/Modulo Tarea Listado Hojas de Vida/Imprimir Hoja de Vida/a_Generar' is clickable

2023-03-09 12:41:01 - [TEST_STEP][PASSED] - click(findTestObject("1-OBJECTS TAREAS PRINCIPALES/Modulo Tarea Listado Hojas de Vida/Imprimir Hoja de Vida/a_Generar")): Object: 'Object Repository/1-OBJECTS TAREAS PRINCIPALES/Modulo Tarea Listado Hojas de Vida/Imprimir Hoja de Vida/a_Generar' is clicked on

2023-03-09 12:41:02 - [MESSAGE][PASSED] - Object: 'Object Repository/1-OBJECTS TAREAS PRINCIPALES/Modulo Tarea Listado Hojas de Vida/Imprimir Hoja de Vida/a_Generar' is clicked on

2023-03-09 12:41:02 - [TEST_STEP][PASSED] - waitForElementClickable(findTestObject("1-OBJECTS TAREAS PRINCIPALES/Modulo Tarea Listado Hojas de Vida/Imprimir Hoja de Vida/td_espaol impresion empleado"), G_TimeOut): Object 'Object Repository/1-OBJECTS TAREAS PRINCIPALES/Modulo Tarea Listado Hojas de Vida/Imprimir Hoja de Vida/td_espaol impresion empleado' is clickable

2023-03-09 12:41:03 - [MESSAGE][PASSED] - Object 'Object Repository/1-OBJECTS TAREAS PRINCIPALES/Modulo Tarea Listado Hojas de Vida/Imprimir Hoja de Vida/td_espaol impresion empleado' is clickable

2023-03-09 12:41:03 - [TEST_STEP][PASSED] - click(findTestObject("1-OBJECTS TAREAS PRINCIPALES/Modulo Tarea Listado Hojas de Vida/Imprimir Hoja de Vida/td_espaol impresion empleado")): Object: 'Object Repository/1-OBJECTS TAREAS PRINCIPALES/Modulo Tarea Listado Hojas de Vida/Imprimir Hoja de Vida/td_espaol impresion empleado' is clicked on

2023-03-09 12:41:03 - [MESSAGE][PASSED] - Object: 'Object Repository/1-OBJECTS TAREAS PRINCIPALES/Modulo Tarea Listado Hojas de Vida/Imprimir Hoja de Vida/td_espaol impresion empleado' is clicked on

2023-03-09 12:41:03 - [TEST_STEP][PASSED] - waitForElementClickable(findTestObject("1-OBJECTS TAREAS PRINCIPALES/Modulo Tarea Listado Hojas de Vida/Imprimir Hoja de Vida/a_Descargar"), G_TimeOut): Object 'Object Repository/1-OBJECTS TAREAS PRINCIPALES/Modulo Tarea Listado Hojas de Vida/Imprimir Hoja de Vida/a_Descargar' is clickable

2023-03-09 12:41:04 - [MESSAGE][PASSED] - Object 'Object Repository/1-OBJECTS TAREAS PRINCIPALES/Modulo Tarea Listado Hojas de Vida/Imprimir Hoja de Vida/a_Descargar' is clickable

2023-03-09 12:41:04 - [TEST_STEP][PASSED] - click(findTestObject("1-OBJECTS TAREAS PRINCIPALES/Modulo Tarea Listado Hojas de Vida/Imprimir Hoja de Vida/a_Descargar")): Object: 'Object Repository/1-OBJECTS TAREAS PRINCIPALES/Modulo Tarea Listado Hojas de Vida/Imprimir Hoja de Vida/a_Descargar' is clicked on

2023-03-09 12:41:04 - [MESSAGE][PASSED] - Object: 'Object Repository/1-OBJECTS TAREAS PRINCIPALES/Modulo Tarea Listado Hojas de Vida/Imprimir Hoja de Vida/a_Descargar' is clicked on

2023-03-09 12:41:04 - [TEST_STEP][PASSED] - switchToWindowIndex(0): Switched to window with index: '0'

2023-03-09 12:41:04 - [MESSAGE][PASSED] - Switched to window with index: '0'

2023-03-09 12:41:04 - [TEST_STEP][PASSED] - waitForElementClickable(findTestObject("1-OBJECTS TAREAS PRINCIPALES/Modulo Tarea Listado Hojas de Vida/Imprimir Hoja de Vida/span_Grupo Sanguneo-closethick_1"), G_TimeOut): Object 'Object Repository/1-OBJECTS TAREAS PRINCIPALES/Modulo Tarea Listado Hojas de Vida/Imprimir Hoja de Vida/span_Grupo Sanguneo-closethick_1' is clickable

2023-03-09 12:41:05 - [MESSAGE][PASSED] - Object 'Object Repository/1-OBJECTS TAREAS PRINCIPALES/Modulo Tarea Listado Hojas de Vida/Imprimir Hoja de Vida/span_Grupo Sanguneo-closethick_1' is clickable

2023-03-09 12:41:05 - [TEST_STEP][PASSED] - click(findTestObject("1-OBJECTS TAREAS PRINCIPALES/Modulo Tarea Listado Hojas de Vida/Imprimir Hoja de Vida/span_Grupo Sanguneo-closethick_1")): Object: 'Object Repository/1-OBJECTS TAREAS PRINCIPALES/Modulo Tarea Listado Hojas de Vida/Imprimir Hoja de Vida/span_Grupo Sanguneo-closethick_1' is clicked on

2023-03-09 12:41:05 - [MESSAGE][PASSED] - Object: 'Object Repository/1-OBJECTS TAREAS PRINCIPALES/Modulo Tarea Listado Hojas de Vida/Imprimir Hoja de Vida/span_Grupo Sanguneo-closethick_1' is clicked on

2023-03-09 12:41:05 - [TEST_STEP][PASSED] - if (waitForElementVisible(findTestObject("1-OBJECTS TAREAS PRINCIPALES/Modulo Tarea Listado Hojas de Vida/Imprimir Hoja de Vida/a_Actualizar Respuesta"), 1)): null

2023-03-09 12:41:06 - [MESSAGE][PASSED] - Object 'Object Repository/1-OBJECTS TAREAS PRINCIPALES/Modulo Tarea Listado Hojas de Vida/Imprimir Hoja de Vida/a_Actualizar Respuesta' is visible

2023-03-09 12:41:06 - [TEST_STEP][PASSED] - closeBrowser(): Browser is closed

2023-03-09 12:41:07 - [MESSAGE][PASSED] - Browser is closed

2023-03-09 12:41:07 - [MESSAGE][PASSED] - Call Test Case 'Test Cases/1.1-Tareas Principales/1.1.2-Imprimir Hoja de Vida' successfully]]></system-out>
         <system-err><![CDATA[]]></system-err>
      </testcase>
      <testcase name="Test Cases/1.2-Tareas_Secundarias/2.1-Pruebas_Hoja_de_Vida/2.1.8-Aprobación_Novedades" time="43.203" classname="Test Cases/1.2-Tareas_Secundarias/2.1-Pruebas_Hoja_de_Vida/2.1.8-Aprobación_Novedades" status="PASSED">
         <system-out><![CDATA[2023-03-09 12:41:07 - [TEST_CASE][PASSED] - Test Cases/1.2-Tareas_Secundarias/2.1-Pruebas_Hoja_de_Vida/2.1.8-Aprobación_Novedades: Test Cases/1.2-Tareas_Secundarias/2.1-Pruebas_Hoja_de_Vida/2.1.8-Aprobación_Novedades

2023-03-09 12:41:07 - [TEST_STEP][PASSED] - callTestCase(findTestCase("0.1-Login"), [:], STOP_ON_FAILURE): Call Test Case 'Test Cases/0.1-Login' successfully

2023-03-09 12:41:07 - [TEST_CASE][PASSED] - Test Cases/0.1-Login: Test Cases/0.1-Login

2023-03-09 12:41:07 - [TEST_STEP][PASSED] - openBrowser(""): Browser is opened with url: ''

2023-03-09 12:41:07 - [MESSAGE][INFO] - Starting 'Chrome' driver

2023-03-09 12:41:07 - [MESSAGE][INFO] - Action delay is set to 0 milliseconds

2023-03-09 12:41:08 - [MESSAGE][PASSED] - Browser is opened with url: ''

2023-03-09 12:41:08 - [TEST_STEP][PASSED] - maximizeWindow(): Current window maximized

2023-03-09 12:41:08 - [MESSAGE][PASSED] - Current window maximized

2023-03-09 12:41:08 - [TEST_STEP][PASSED] - i = G_Login: null

2023-03-09 12:41:08 - [TEST_STEP][PASSED] - url = new java.net.URL(i): null

2023-03-09 12:41:08 - [TEST_STEP][PASSED] - println("URL: " + url.toString()): null

2023-03-09 12:41:08 - [TEST_STEP][PASSED] - connection = url.openConnection(): null

2023-03-09 12:41:08 - [TEST_STEP][PASSED] - connection.setRequestMethod("GET"): null

2023-03-09 12:41:08 - [TEST_STEP][PASSED] - connection.setReadTimeout(2 * 1000): null

2023-03-09 12:41:08 - [TEST_STEP][PASSED] - try: null

2023-03-09 12:41:08 - [TEST_STEP][PASSED] - connection.connect(): null

2023-03-09 12:41:08 - [TEST_STEP][PASSED] - flag = connected: null

2023-03-09 12:41:08 - [TEST_STEP][PASSED] - println("Valor_ori: " + flag): null

2023-03-09 12:41:08 - [TEST_STEP][PASSED] - if (flag): null

2023-03-09 12:41:08 - [TEST_STEP][PASSED] - navigateToUrl(i): Navigate to 'http://192.168.2.19:7001/saraweb' successfully

2023-03-09 12:41:10 - [MESSAGE][PASSED] - Navigate to 'http://192.168.2.19:7001/saraweb' successfully

2023-03-09 12:41:10 - [TEST_STEP][PASSED] - a(): null

2023-03-09 12:41:10 - [TEST_STEP][PASSED] - if (waitForElementVisible(findTestObject("3-OBJECTS UTILIDADES/Login/input_USUARIO_loginusuario"), 0)): null

2023-03-09 12:41:10 - [MESSAGE][WARNING] - Timeout '0' is invalid. Using default page load timeout: '37'

2023-03-09 12:41:11 - [MESSAGE][PASSED] - Object 'Object Repository/3-OBJECTS UTILIDADES/Login/input_USUARIO_loginusuario' is visible

2023-03-09 12:41:11 - [TEST_STEP][PASSED] - switchToWindowTitle("SARA"): Switched to window with title: 'SARA'

2023-03-09 12:41:11 - [MESSAGE][PASSED] - Switched to window with title: 'SARA'

2023-03-09 12:41:11 - [TEST_STEP][PASSED] - zoom(): null

2023-03-09 12:41:11 - [TEST_STEP][PASSED] - robot = new java.awt.Robot(): null

2023-03-09 12:41:11 - [TEST_STEP][PASSED] - robot.keyPress(VK_CONTROL): null

2023-03-09 12:41:11 - [TEST_STEP][PASSED] - robot.keyPress(VK_SUBTRACT): null

2023-03-09 12:41:11 - [TEST_STEP][PASSED] - robot.keyRelease(VK_CONTROL): null

2023-03-09 12:41:11 - [TEST_STEP][PASSED] - robot.keyRelease(VK_SUBTRACT): null

2023-03-09 12:41:11 - [TEST_STEP][PASSED] - robot.keyPress(VK_CONTROL): null

2023-03-09 12:41:11 - [TEST_STEP][PASSED] - robot.keyPress(VK_SUBTRACT): null

2023-03-09 12:41:11 - [TEST_STEP][PASSED] - robot.keyRelease(VK_CONTROL): null

2023-03-09 12:41:11 - [TEST_STEP][PASSED] - robot.keyRelease(VK_SUBTRACT): null

2023-03-09 12:41:11 - [TEST_STEP][PASSED] - robot.keyPress(VK_CONTROL): null

2023-03-09 12:41:11 - [TEST_STEP][PASSED] - robot.keyPress(VK_SUBTRACT): null

2023-03-09 12:41:11 - [TEST_STEP][PASSED] - robot.keyRelease(VK_CONTROL): null

2023-03-09 12:41:11 - [TEST_STEP][PASSED] - robot.keyRelease(VK_SUBTRACT): null

2023-03-09 12:41:11 - [TEST_STEP][PASSED] - robot.keyRelease(VK_CONTROL): null

2023-03-09 12:41:11 - [TEST_STEP][PASSED] - robot.keyRelease(VK_SUBTRACT): null

2023-03-09 12:41:11 - [TEST_STEP][PASSED] - setText(findTestObject("3-OBJECTS UTILIDADES/Login/input_USUARIO_loginusuario"), G_Usuario): Text 'weblogic' is set on object 'Object Repository/3-OBJECTS UTILIDADES/Login/input_USUARIO_loginusuario'

2023-03-09 12:41:11 - [MESSAGE][PASSED] - Text 'weblogic' is set on object 'Object Repository/3-OBJECTS UTILIDADES/Login/input_USUARIO_loginusuario'

2023-03-09 12:41:11 - [TEST_STEP][PASSED] - setEncryptedText(findTestObject("3-OBJECTS UTILIDADES/Login/input_CLAVE_loginpassword"), "SlAwMcyRKqrwbnzhAs8HhT6NnI7sEyng"): Text ****** has been set on object 'Object Repository/3-OBJECTS UTILIDADES/Login/input_CLAVE_loginpassword'

2023-03-09 12:41:15 - [MESSAGE][PASSED] - Text ****** has been set on object 'Object Repository/3-OBJECTS UTILIDADES/Login/input_CLAVE_loginpassword'

2023-03-09 12:41:15 - [TEST_STEP][PASSED] - while (waitForElementClickable(findTestObject("3-OBJECTS UTILIDADES/Login/a_Ingresar"), 1)): Web element with id: 'Object Repository/3-OBJECTS UTILIDADES/Login/a_Ingresar' located by '//a[contains(text(),'Ingresar')]' not found

2023-03-09 12:41:17 - [MESSAGE][INFO] - Unable to find the element located by 'By.xpath: //a[contains(text(),'Ingresar')]'. Please recheck the objects properties to make sure the desired element is located. 

2023-03-09 12:41:17 - [MESSAGE][WARNING] - Web element with id: 'Object Repository/3-OBJECTS UTILIDADES/Login/a_Ingresar' located by '//a[contains(text(),'Ingresar')]' not found

2023-03-09 12:41:17 - [MESSAGE][PASSED] - Call Test Case 'Test Cases/0.1-Login' successfully

2023-03-09 12:41:17 - [TEST_STEP][PASSED] - click(findTestObject("2-OBJECTS TAREAS SECUNDARIAS/Pruebas Hoja de Vida/Aprobación_Novedades/input_Secciones_form_templatej_idt286j_idt29")): Object: 'Object Repository/2-OBJECTS TAREAS SECUNDARIAS/Pruebas Hoja de Vida/Aprobación_Novedades/input_Secciones_form_templatej_idt286j_idt29' is clicked on

2023-03-09 12:41:19 - [MESSAGE][PASSED] - Object: 'Object Repository/2-OBJECTS TAREAS SECUNDARIAS/Pruebas Hoja de Vida/Aprobación_Novedades/input_Secciones_form_templatej_idt286j_idt29' is clicked on

2023-03-09 12:41:19 - [TEST_STEP][PASSED] - click(findTestObject("2-OBJECTS TAREAS SECUNDARIAS/Pruebas Hoja de Vida/Aprobación_Novedades/a_ADMINISTRADOR DEL SISTEMA - SARA_cerrar_menu")): Object: 'Object Repository/2-OBJECTS TAREAS SECUNDARIAS/Pruebas Hoja de Vida/Aprobación_Novedades/a_ADMINISTRADOR DEL SISTEMA - SARA_cerrar_menu' is clicked on

2023-03-09 12:41:20 - [MESSAGE][PASSED] - Object: 'Object Repository/2-OBJECTS TAREAS SECUNDARIAS/Pruebas Hoja de Vida/Aprobación_Novedades/a_ADMINISTRADOR DEL SISTEMA - SARA_cerrar_menu' is clicked on

2023-03-09 12:41:20 - [TEST_STEP][PASSED] - click(findTestObject("2-OBJECTS TAREAS SECUNDARIAS/Pruebas Hoja de Vida/Aprobación_Novedades/label_Nueva Hoja Vida")): Object: 'Object Repository/2-OBJECTS TAREAS SECUNDARIAS/Pruebas Hoja de Vida/Aprobación_Novedades/label_Nueva Hoja Vida' is clicked on

2023-03-09 12:41:20 - [MESSAGE][PASSED] - Object: 'Object Repository/2-OBJECTS TAREAS SECUNDARIAS/Pruebas Hoja de Vida/Aprobación_Novedades/label_Nueva Hoja Vida' is clicked on

2023-03-09 12:41:20 - [TEST_STEP][PASSED] - click(findTestObject("2-OBJECTS TAREAS SECUNDARIAS/Pruebas Hoja de Vida/Aprobación_Novedades/a_Novedades")): Object: 'Object Repository/2-OBJECTS TAREAS SECUNDARIAS/Pruebas Hoja de Vida/Aprobación_Novedades/a_Novedades' is clicked on

2023-03-09 12:41:21 - [MESSAGE][PASSED] - Object: 'Object Repository/2-OBJECTS TAREAS SECUNDARIAS/Pruebas Hoja de Vida/Aprobación_Novedades/a_Novedades' is clicked on

2023-03-09 12:41:21 - [TEST_STEP][PASSED] - selectOptionByIndex(findTestObject("2-OBJECTS TAREAS SECUNDARIAS/Pruebas Hoja de Vida/Aprobación_Novedades/select_-- Seleccione --AprobadaCanceladaPendienteRechazada"), 3): All options with index in [3] are selected on object 'Object Repository/2-OBJECTS TAREAS SECUNDARIAS/Pruebas Hoja de Vida/Aprobación_Novedades/select_-- Seleccione --AprobadaCanceladaPendienteRechazada'

2023-03-09 12:41:25 - [MESSAGE][PASSED] - All options with index in [3] are selected on object 'Object Repository/2-OBJECTS TAREAS SECUNDARIAS/Pruebas Hoja de Vida/Aprobación_Novedades/select_-- Seleccione --AprobadaCanceladaPendienteRechazada'

2023-03-09 12:41:25 - [TEST_STEP][PASSED] - if (waitForElementVisible(findTestObject("2-OBJECTS TAREAS SECUNDARIAS/Pruebas Hoja de Vida/Aprobación_Novedades/span_DIAZ BLANCO GUISELL"), 1)): null

2023-03-09 12:41:25 - [MESSAGE][PASSED] - Object 'Object Repository/2-OBJECTS TAREAS SECUNDARIAS/Pruebas Hoja de Vida/Aprobación_Novedades/span_DIAZ BLANCO GUISELL' is visible

2023-03-09 12:41:25 - [TEST_STEP][PASSED] - click(findTestObject("2-OBJECTS TAREAS SECUNDARIAS/Pruebas Hoja de Vida/Aprobación_Novedades/span_DIAZ BLANCO GUISELL")): Object: 'Object Repository/2-OBJECTS TAREAS SECUNDARIAS/Pruebas Hoja de Vida/Aprobación_Novedades/span_DIAZ BLANCO GUISELL' is clicked on

2023-03-09 12:41:26 - [MESSAGE][PASSED] - Object: 'Object Repository/2-OBJECTS TAREAS SECUNDARIAS/Pruebas Hoja de Vida/Aprobación_Novedades/span_DIAZ BLANCO GUISELL' is clicked on

2023-03-09 12:41:26 - [TEST_STEP][PASSED] - click(findTestObject("2-OBJECTS TAREAS SECUNDARIAS/Pruebas Hoja de Vida/Aprobación_Novedades/a_Aprobar")): Object: 'Object Repository/2-OBJECTS TAREAS SECUNDARIAS/Pruebas Hoja de Vida/Aprobación_Novedades/a_Aprobar' is clicked on

2023-03-09 12:41:26 - [MESSAGE][PASSED] - Object: 'Object Repository/2-OBJECTS TAREAS SECUNDARIAS/Pruebas Hoja de Vida/Aprobación_Novedades/a_Aprobar' is clicked on

2023-03-09 12:41:26 - [TEST_STEP][PASSED] - click(findTestObject("2-OBJECTS TAREAS SECUNDARIAS/Pruebas Hoja de Vida/Aprobación_Novedades/a_Aceptar")): Object: 'Object Repository/2-OBJECTS TAREAS SECUNDARIAS/Pruebas Hoja de Vida/Aprobación_Novedades/a_Aceptar' is clicked on

2023-03-09 12:41:27 - [MESSAGE][PASSED] - Object: 'Object Repository/2-OBJECTS TAREAS SECUNDARIAS/Pruebas Hoja de Vida/Aprobación_Novedades/a_Aceptar' is clicked on

2023-03-09 12:41:27 - [TEST_STEP][PASSED] - callTestCase(findTestCase("0.1-Login"), [:], STOP_ON_FAILURE): Call Test Case 'Test Cases/0.1-Login' successfully

2023-03-09 12:41:27 - [TEST_CASE][PASSED] - Test Cases/0.1-Login: Test Cases/0.1-Login

2023-03-09 12:41:27 - [TEST_STEP][PASSED] - openBrowser(""): Browser is opened with url: ''

2023-03-09 12:41:27 - [MESSAGE][WARNING] - A browser is already opened. Closing browser and opening a new one

2023-03-09 12:41:28 - [MESSAGE][INFO] - Starting 'Chrome' driver

2023-03-09 12:41:28 - [MESSAGE][INFO] - Action delay is set to 0 milliseconds

2023-03-09 12:41:29 - [MESSAGE][PASSED] - Browser is opened with url: ''

2023-03-09 12:41:29 - [TEST_STEP][PASSED] - maximizeWindow(): Current window maximized

2023-03-09 12:41:29 - [MESSAGE][PASSED] - Current window maximized

2023-03-09 12:41:29 - [TEST_STEP][PASSED] - i = G_Login: null

2023-03-09 12:41:29 - [TEST_STEP][PASSED] - url = new java.net.URL(i): null

2023-03-09 12:41:29 - [TEST_STEP][PASSED] - println("URL: " + url.toString()): null

2023-03-09 12:41:29 - [TEST_STEP][PASSED] - connection = url.openConnection(): null

2023-03-09 12:41:29 - [TEST_STEP][PASSED] - connection.setRequestMethod("GET"): null

2023-03-09 12:41:29 - [TEST_STEP][PASSED] - connection.setReadTimeout(2 * 1000): null

2023-03-09 12:41:29 - [TEST_STEP][PASSED] - try: null

2023-03-09 12:41:29 - [TEST_STEP][PASSED] - connection.connect(): null

2023-03-09 12:41:29 - [TEST_STEP][PASSED] - flag = connected: null

2023-03-09 12:41:29 - [TEST_STEP][PASSED] - println("Valor_ori: " + flag): null

2023-03-09 12:41:29 - [TEST_STEP][PASSED] - if (flag): null

2023-03-09 12:41:29 - [TEST_STEP][PASSED] - navigateToUrl(i): Navigate to 'http://192.168.2.19:7001/saraweb' successfully

2023-03-09 12:41:30 - [MESSAGE][PASSED] - Navigate to 'http://192.168.2.19:7001/saraweb' successfully

2023-03-09 12:41:30 - [TEST_STEP][PASSED] - a(): null

2023-03-09 12:41:30 - [TEST_STEP][PASSED] - if (waitForElementVisible(findTestObject("3-OBJECTS UTILIDADES/Login/input_USUARIO_loginusuario"), 0)): null

2023-03-09 12:41:30 - [MESSAGE][WARNING] - Timeout '0' is invalid. Using default page load timeout: '37'

2023-03-09 12:41:31 - [MESSAGE][PASSED] - Object 'Object Repository/3-OBJECTS UTILIDADES/Login/input_USUARIO_loginusuario' is visible

2023-03-09 12:41:31 - [TEST_STEP][PASSED] - switchToWindowTitle("SARA"): Switched to window with title: 'SARA'

2023-03-09 12:41:31 - [MESSAGE][PASSED] - Switched to window with title: 'SARA'

2023-03-09 12:41:31 - [TEST_STEP][PASSED] - zoom(): null

2023-03-09 12:41:31 - [TEST_STEP][PASSED] - robot = new java.awt.Robot(): null

2023-03-09 12:41:31 - [TEST_STEP][PASSED] - robot.keyPress(VK_CONTROL): null

2023-03-09 12:41:31 - [TEST_STEP][PASSED] - robot.keyPress(VK_SUBTRACT): null

2023-03-09 12:41:31 - [TEST_STEP][PASSED] - robot.keyRelease(VK_CONTROL): null

2023-03-09 12:41:31 - [TEST_STEP][PASSED] - robot.keyRelease(VK_SUBTRACT): null

2023-03-09 12:41:31 - [TEST_STEP][PASSED] - robot.keyPress(VK_CONTROL): null

2023-03-09 12:41:31 - [TEST_STEP][PASSED] - robot.keyPress(VK_SUBTRACT): null

2023-03-09 12:41:31 - [TEST_STEP][PASSED] - robot.keyRelease(VK_CONTROL): null

2023-03-09 12:41:31 - [TEST_STEP][PASSED] - robot.keyRelease(VK_SUBTRACT): null

2023-03-09 12:41:31 - [TEST_STEP][PASSED] - robot.keyPress(VK_CONTROL): null

2023-03-09 12:41:31 - [TEST_STEP][PASSED] - robot.keyPress(VK_SUBTRACT): null

2023-03-09 12:41:31 - [TEST_STEP][PASSED] - robot.keyRelease(VK_CONTROL): null

2023-03-09 12:41:31 - [TEST_STEP][PASSED] - robot.keyRelease(VK_SUBTRACT): null

2023-03-09 12:41:31 - [TEST_STEP][PASSED] - robot.keyRelease(VK_CONTROL): null

2023-03-09 12:41:31 - [TEST_STEP][PASSED] - robot.keyRelease(VK_SUBTRACT): null

2023-03-09 12:41:31 - [TEST_STEP][PASSED] - setText(findTestObject("3-OBJECTS UTILIDADES/Login/input_USUARIO_loginusuario"), G_Usuario): Text 'weblogic' is set on object 'Object Repository/3-OBJECTS UTILIDADES/Login/input_USUARIO_loginusuario'

2023-03-09 12:41:32 - [MESSAGE][PASSED] - Text 'weblogic' is set on object 'Object Repository/3-OBJECTS UTILIDADES/Login/input_USUARIO_loginusuario'

2023-03-09 12:41:32 - [TEST_STEP][PASSED] - setEncryptedText(findTestObject("3-OBJECTS UTILIDADES/Login/input_CLAVE_loginpassword"), "SlAwMcyRKqrwbnzhAs8HhT6NnI7sEyng"): Text ****** has been set on object 'Object Repository/3-OBJECTS UTILIDADES/Login/input_CLAVE_loginpassword'

2023-03-09 12:41:36 - [MESSAGE][PASSED] - Text ****** has been set on object 'Object Repository/3-OBJECTS UTILIDADES/Login/input_CLAVE_loginpassword'

2023-03-09 12:41:36 - [TEST_STEP][PASSED] - while (waitForElementClickable(findTestObject("3-OBJECTS UTILIDADES/Login/a_Ingresar"), 1)): Web element with id: 'Object Repository/3-OBJECTS UTILIDADES/Login/a_Ingresar' located by '//a[contains(text(),'Ingresar')]' not found

2023-03-09 12:41:38 - [MESSAGE][INFO] - Unable to find the element located by 'By.xpath: //a[contains(text(),'Ingresar')]'. Please recheck the objects properties to make sure the desired element is located. 

2023-03-09 12:41:38 - [MESSAGE][WARNING] - Web element with id: 'Object Repository/3-OBJECTS UTILIDADES/Login/a_Ingresar' located by '//a[contains(text(),'Ingresar')]' not found

2023-03-09 12:41:38 - [MESSAGE][PASSED] - Call Test Case 'Test Cases/0.1-Login' successfully

2023-03-09 12:41:38 - [TEST_STEP][PASSED] - click(findTestObject("2-OBJECTS TAREAS SECUNDARIAS/Pruebas Hoja de Vida/Aprobación_Novedades/input_Secciones_form_templatej_idt286j_idt29")): Object: 'Object Repository/2-OBJECTS TAREAS SECUNDARIAS/Pruebas Hoja de Vida/Aprobación_Novedades/input_Secciones_form_templatej_idt286j_idt29' is clicked on

2023-03-09 12:41:40 - [MESSAGE][PASSED] - Object: 'Object Repository/2-OBJECTS TAREAS SECUNDARIAS/Pruebas Hoja de Vida/Aprobación_Novedades/input_Secciones_form_templatej_idt286j_idt29' is clicked on

2023-03-09 12:41:40 - [TEST_STEP][PASSED] - click(findTestObject("2-OBJECTS TAREAS SECUNDARIAS/Pruebas Hoja de Vida/Aprobación_Novedades/a_ADMINISTRADOR DEL SISTEMA - SARA_cerrar_menu")): Object: 'Object Repository/2-OBJECTS TAREAS SECUNDARIAS/Pruebas Hoja de Vida/Aprobación_Novedades/a_ADMINISTRADOR DEL SISTEMA - SARA_cerrar_menu' is clicked on

2023-03-09 12:41:41 - [MESSAGE][PASSED] - Object: 'Object Repository/2-OBJECTS TAREAS SECUNDARIAS/Pruebas Hoja de Vida/Aprobación_Novedades/a_ADMINISTRADOR DEL SISTEMA - SARA_cerrar_menu' is clicked on

2023-03-09 12:41:41 - [TEST_STEP][PASSED] - click(findTestObject("2-OBJECTS TAREAS SECUNDARIAS/Pruebas Hoja de Vida/Aprobación_Novedades/label_Nueva Hoja Vida")): Object: 'Object Repository/2-OBJECTS TAREAS SECUNDARIAS/Pruebas Hoja de Vida/Aprobación_Novedades/label_Nueva Hoja Vida' is clicked on

2023-03-09 12:41:41 - [MESSAGE][PASSED] - Object: 'Object Repository/2-OBJECTS TAREAS SECUNDARIAS/Pruebas Hoja de Vida/Aprobación_Novedades/label_Nueva Hoja Vida' is clicked on

2023-03-09 12:41:41 - [TEST_STEP][PASSED] - click(findTestObject("2-OBJECTS TAREAS SECUNDARIAS/Pruebas Hoja de Vida/Aprobación_Novedades/a_Novedades")): Object: 'Object Repository/2-OBJECTS TAREAS SECUNDARIAS/Pruebas Hoja de Vida/Aprobación_Novedades/a_Novedades' is clicked on

2023-03-09 12:41:42 - [MESSAGE][PASSED] - Object: 'Object Repository/2-OBJECTS TAREAS SECUNDARIAS/Pruebas Hoja de Vida/Aprobación_Novedades/a_Novedades' is clicked on

2023-03-09 12:41:42 - [TEST_STEP][PASSED] - selectOptionByIndex(findTestObject("2-OBJECTS TAREAS SECUNDARIAS/Pruebas Hoja de Vida/Aprobación_Novedades/select_-- Seleccione --AprobadaCanceladaPendienteRechazada"), 3): All options with index in [3] are selected on object 'Object Repository/2-OBJECTS TAREAS SECUNDARIAS/Pruebas Hoja de Vida/Aprobación_Novedades/select_-- Seleccione --AprobadaCanceladaPendienteRechazada'

2023-03-09 12:41:46 - [MESSAGE][PASSED] - All options with index in [3] are selected on object 'Object Repository/2-OBJECTS TAREAS SECUNDARIAS/Pruebas Hoja de Vida/Aprobación_Novedades/select_-- Seleccione --AprobadaCanceladaPendienteRechazada'

2023-03-09 12:41:46 - [TEST_STEP][PASSED] - if (waitForElementVisible(findTestObject("2-OBJECTS TAREAS SECUNDARIAS/Pruebas Hoja de Vida/Aprobación_Novedades/span_DIAZ BLANCO GUISELL"), 1)): null

2023-03-09 12:41:46 - [MESSAGE][PASSED] - Object 'Object Repository/2-OBJECTS TAREAS SECUNDARIAS/Pruebas Hoja de Vida/Aprobación_Novedades/span_DIAZ BLANCO GUISELL' is visible

2023-03-09 12:41:46 - [TEST_STEP][PASSED] - click(findTestObject("2-OBJECTS TAREAS SECUNDARIAS/Pruebas Hoja de Vida/Aprobación_Novedades/span_DIAZ BLANCO GUISELL")): Object: 'Object Repository/2-OBJECTS TAREAS SECUNDARIAS/Pruebas Hoja de Vida/Aprobación_Novedades/span_DIAZ BLANCO GUISELL' is clicked on

2023-03-09 12:41:46 - [MESSAGE][PASSED] - Object: 'Object Repository/2-OBJECTS TAREAS SECUNDARIAS/Pruebas Hoja de Vida/Aprobación_Novedades/span_DIAZ BLANCO GUISELL' is clicked on

2023-03-09 12:41:46 - [TEST_STEP][PASSED] - click(findTestObject("2-OBJECTS TAREAS SECUNDARIAS/Pruebas Hoja de Vida/Aprobación_Novedades/a_Aprobar")): Object: 'Object Repository/2-OBJECTS TAREAS SECUNDARIAS/Pruebas Hoja de Vida/Aprobación_Novedades/a_Aprobar' is clicked on

2023-03-09 12:41:47 - [MESSAGE][PASSED] - Object: 'Object Repository/2-OBJECTS TAREAS SECUNDARIAS/Pruebas Hoja de Vida/Aprobación_Novedades/a_Aprobar' is clicked on

2023-03-09 12:41:47 - [TEST_STEP][PASSED] - click(findTestObject("2-OBJECTS TAREAS SECUNDARIAS/Pruebas Hoja de Vida/Aprobación_Novedades/a_Aceptar")): Object: 'Object Repository/2-OBJECTS TAREAS SECUNDARIAS/Pruebas Hoja de Vida/Aprobación_Novedades/a_Aceptar' is clicked on

2023-03-09 12:41:48 - [MESSAGE][PASSED] - Object: 'Object Repository/2-OBJECTS TAREAS SECUNDARIAS/Pruebas Hoja de Vida/Aprobación_Novedades/a_Aceptar' is clicked on

2023-03-09 12:41:48 - [TEST_STEP][PASSED] - Result = getText(findTestObject("3-OBJECTS UTILIDADES/Alerta/Alerta")): Text of object 'Object Repository/3-OBJECTS UTILIDADES/Alerta/Alerta' is: 'se Aprobo Correctamente el Registro'

2023-03-09 12:41:49 - [MESSAGE][PASSED] - Text of object 'Object Repository/3-OBJECTS UTILIDADES/Alerta/Alerta' is: 'se Aprobo Correctamente el Registro'

2023-03-09 12:41:49 - [TEST_STEP][PASSED] - if (Result == "se Aprobo Correctamente el Registro"): Browser is closed

2023-03-09 12:41:49 - [TEST_STEP][PASSED] - Resultado = "Prueba ok": null

2023-03-09 12:41:49 - [TEST_STEP][PASSED] - closeBrowser(): Browser is closed

2023-03-09 12:41:50 - [MESSAGE][PASSED] - Browser is closed]]></system-out>
         <system-err><![CDATA[]]></system-err>
      </testcase>
      <testcase name="Test Cases/1.2-Tareas_Secundarias/2.1-Pruebas_Hoja_de_Vida/2.2.2-Notificar_Novedades_Hoja_Vida" time="32.11" classname="Test Cases/1.2-Tareas_Secundarias/2.1-Pruebas_Hoja_de_Vida/2.2.2-Notificar_Novedades_Hoja_Vida" status="PASSED">
         <system-out><![CDATA[2023-03-09 12:41:50 - [TEST_CASE][PASSED] - Test Cases/1.2-Tareas_Secundarias/2.1-Pruebas_Hoja_de_Vida/2.2.2-Notificar_Novedades_Hoja_Vida: Test Cases/1.2-Tareas_Secundarias/2.1-Pruebas_Hoja_de_Vida/2.2.2-Notificar_Novedades_Hoja_Vida

2023-03-09 12:41:50 - [TEST_STEP][PASSED] - today = new java.util.Date(): null

2023-03-09 12:41:50 - [TEST_STEP][PASSED] - Dia = today.format("dd"): null

2023-03-09 12:41:50 - [TEST_STEP][PASSED] - Mes = today.format("MM"): null

2023-03-09 12:41:50 - [TEST_STEP][PASSED] - Año = today.format("yyyy"): null

2023-03-09 12:41:50 - [TEST_STEP][PASSED] - Añom = Año - 20: null

2023-03-09 12:41:50 - [TEST_STEP][PASSED] - AñoB = Año - 32: null

2023-03-09 12:41:50 - [TEST_STEP][PASSED] - Fecha = Dia + "/" + Mes + "/" + Añom: null

2023-03-09 12:41:50 - [TEST_STEP][PASSED] - FechaB = Dia + "/" + Mes + "/" + AñoB: null

2023-03-09 12:41:50 - [TEST_STEP][PASSED] - callTestCase(findTestCase("0.1-Login"), [:], STOP_ON_FAILURE): Call Test Case 'Test Cases/0.1-Login' successfully

2023-03-09 12:41:50 - [TEST_CASE][PASSED] - Test Cases/0.1-Login: Test Cases/0.1-Login

2023-03-09 12:41:50 - [TEST_STEP][PASSED] - openBrowser(""): Browser is opened with url: ''

2023-03-09 12:41:50 - [MESSAGE][INFO] - Starting 'Chrome' driver

2023-03-09 12:41:50 - [MESSAGE][INFO] - Action delay is set to 0 milliseconds

2023-03-09 12:41:52 - [MESSAGE][PASSED] - Browser is opened with url: ''

2023-03-09 12:41:52 - [TEST_STEP][PASSED] - maximizeWindow(): Current window maximized

2023-03-09 12:41:52 - [MESSAGE][PASSED] - Current window maximized

2023-03-09 12:41:52 - [TEST_STEP][PASSED] - i = G_Login: null

2023-03-09 12:41:52 - [TEST_STEP][PASSED] - url = new java.net.URL(i): null

2023-03-09 12:41:52 - [TEST_STEP][PASSED] - println("URL: " + url.toString()): null

2023-03-09 12:41:52 - [TEST_STEP][PASSED] - connection = url.openConnection(): null

2023-03-09 12:41:52 - [TEST_STEP][PASSED] - connection.setRequestMethod("GET"): null

2023-03-09 12:41:52 - [TEST_STEP][PASSED] - connection.setReadTimeout(2 * 1000): null

2023-03-09 12:41:52 - [TEST_STEP][PASSED] - try: null

2023-03-09 12:41:52 - [TEST_STEP][PASSED] - connection.connect(): null

2023-03-09 12:41:52 - [TEST_STEP][PASSED] - flag = connected: null

2023-03-09 12:41:52 - [TEST_STEP][PASSED] - println("Valor_ori: " + flag): null

2023-03-09 12:41:52 - [TEST_STEP][PASSED] - if (flag): null

2023-03-09 12:41:52 - [TEST_STEP][PASSED] - navigateToUrl(i): Navigate to 'http://192.168.2.19:7001/saraweb' successfully

2023-03-09 12:41:53 - [MESSAGE][PASSED] - Navigate to 'http://192.168.2.19:7001/saraweb' successfully

2023-03-09 12:41:53 - [TEST_STEP][PASSED] - a(): null

2023-03-09 12:41:53 - [TEST_STEP][PASSED] - if (waitForElementVisible(findTestObject("3-OBJECTS UTILIDADES/Login/input_USUARIO_loginusuario"), 0)): null

2023-03-09 12:41:53 - [MESSAGE][WARNING] - Timeout '0' is invalid. Using default page load timeout: '37'

2023-03-09 12:41:54 - [MESSAGE][PASSED] - Object 'Object Repository/3-OBJECTS UTILIDADES/Login/input_USUARIO_loginusuario' is visible

2023-03-09 12:41:54 - [TEST_STEP][PASSED] - switchToWindowTitle("SARA"): Switched to window with title: 'SARA'

2023-03-09 12:41:54 - [MESSAGE][PASSED] - Switched to window with title: 'SARA'

2023-03-09 12:41:54 - [TEST_STEP][PASSED] - zoom(): null

2023-03-09 12:41:54 - [TEST_STEP][PASSED] - robot = new java.awt.Robot(): null

2023-03-09 12:41:54 - [TEST_STEP][PASSED] - robot.keyPress(VK_CONTROL): null

2023-03-09 12:41:54 - [TEST_STEP][PASSED] - robot.keyPress(VK_SUBTRACT): null

2023-03-09 12:41:54 - [TEST_STEP][PASSED] - robot.keyRelease(VK_CONTROL): null

2023-03-09 12:41:54 - [TEST_STEP][PASSED] - robot.keyRelease(VK_SUBTRACT): null

2023-03-09 12:41:54 - [TEST_STEP][PASSED] - robot.keyPress(VK_CONTROL): null

2023-03-09 12:41:54 - [TEST_STEP][PASSED] - robot.keyPress(VK_SUBTRACT): null

2023-03-09 12:41:54 - [TEST_STEP][PASSED] - robot.keyRelease(VK_CONTROL): null

2023-03-09 12:41:54 - [TEST_STEP][PASSED] - robot.keyRelease(VK_SUBTRACT): null

2023-03-09 12:41:54 - [TEST_STEP][PASSED] - robot.keyPress(VK_CONTROL): null

2023-03-09 12:41:54 - [TEST_STEP][PASSED] - robot.keyPress(VK_SUBTRACT): null

2023-03-09 12:41:54 - [TEST_STEP][PASSED] - robot.keyRelease(VK_CONTROL): null

2023-03-09 12:41:54 - [TEST_STEP][PASSED] - robot.keyRelease(VK_SUBTRACT): null

2023-03-09 12:41:54 - [TEST_STEP][PASSED] - robot.keyRelease(VK_CONTROL): null

2023-03-09 12:41:54 - [TEST_STEP][PASSED] - robot.keyRelease(VK_SUBTRACT): null

2023-03-09 12:41:54 - [TEST_STEP][PASSED] - setText(findTestObject("3-OBJECTS UTILIDADES/Login/input_USUARIO_loginusuario"), G_Usuario): Text 'weblogic' is set on object 'Object Repository/3-OBJECTS UTILIDADES/Login/input_USUARIO_loginusuario'

2023-03-09 12:41:55 - [MESSAGE][PASSED] - Text 'weblogic' is set on object 'Object Repository/3-OBJECTS UTILIDADES/Login/input_USUARIO_loginusuario'

2023-03-09 12:41:55 - [TEST_STEP][PASSED] - setEncryptedText(findTestObject("3-OBJECTS UTILIDADES/Login/input_CLAVE_loginpassword"), "SlAwMcyRKqrwbnzhAs8HhT6NnI7sEyng"): Text ****** has been set on object 'Object Repository/3-OBJECTS UTILIDADES/Login/input_CLAVE_loginpassword'

2023-03-09 12:41:58 - [MESSAGE][PASSED] - Text ****** has been set on object 'Object Repository/3-OBJECTS UTILIDADES/Login/input_CLAVE_loginpassword'

2023-03-09 12:41:58 - [TEST_STEP][PASSED] - while (waitForElementClickable(findTestObject("3-OBJECTS UTILIDADES/Login/a_Ingresar"), 1)): Web element with id: 'Object Repository/3-OBJECTS UTILIDADES/Login/a_Ingresar' located by '//a[contains(text(),'Ingresar')]' not found

2023-03-09 12:42:01 - [MESSAGE][INFO] - Unable to find the element located by 'By.xpath: //a[contains(text(),'Ingresar')]'. Please recheck the objects properties to make sure the desired element is located. 

2023-03-09 12:42:01 - [MESSAGE][WARNING] - Web element with id: 'Object Repository/3-OBJECTS UTILIDADES/Login/a_Ingresar' located by '//a[contains(text(),'Ingresar')]' not found

2023-03-09 12:42:01 - [MESSAGE][PASSED] - Call Test Case 'Test Cases/0.1-Login' successfully

2023-03-09 12:42:01 - [TEST_STEP][PASSED] - waitForElementClickable(findTestObject("2-OBJECTS TAREAS SECUNDARIAS/Pruebas Hoja de Vida/Notificar_Novedades_Hoja_Vida/input_ADMINISTRADOR DEL SISTEMA - SARA_form_templatej_idt24_input"), 0): Object 'Object Repository/2-OBJECTS TAREAS SECUNDARIAS/Pruebas Hoja de Vida/Notificar_Novedades_Hoja_Vida/input_ADMINISTRADOR DEL SISTEMA - SARA_form_templatej_idt24_input' is clickable

2023-03-09 12:42:01 - [MESSAGE][WARNING] - Timeout '0' is invalid. Using default page load timeout: '37'

2023-03-09 12:42:01 - [MESSAGE][PASSED] - Object 'Object Repository/2-OBJECTS TAREAS SECUNDARIAS/Pruebas Hoja de Vida/Notificar_Novedades_Hoja_Vida/input_ADMINISTRADOR DEL SISTEMA - SARA_form_templatej_idt24_input' is clickable

2023-03-09 12:42:01 - [TEST_STEP][PASSED] - setText(findTestObject("2-OBJECTS TAREAS SECUNDARIAS/Pruebas Hoja de Vida/Notificar_Novedades_Hoja_Vida/input_ADMINISTRADOR DEL SISTEMA - SARA_form_templatej_idt24_input"), "Listado Hojas de Vida (hoj)"): Text 'Listado Hojas de Vida (hoj)' is set on object 'Object Repository/2-OBJECTS TAREAS SECUNDARIAS/Pruebas Hoja de Vida/Notificar_Novedades_Hoja_Vida/input_ADMINISTRADOR DEL SISTEMA - SARA_form_templatej_idt24_input'

2023-03-09 12:42:02 - [MESSAGE][PASSED] - Text 'Listado Hojas de Vida (hoj)' is set on object 'Object Repository/2-OBJECTS TAREAS SECUNDARIAS/Pruebas Hoja de Vida/Notificar_Novedades_Hoja_Vida/input_ADMINISTRADOR DEL SISTEMA - SARA_form_templatej_idt24_input'

2023-03-09 12:42:02 - [TEST_STEP][PASSED] - waitForElementVisible(findTestObject("2-OBJECTS TAREAS SECUNDARIAS/Pruebas Hoja de Vida/Notificar_Novedades_Hoja_Vida/span_Listado Hojas de Vida (hoj)"), 0): Object 'Object Repository/2-OBJECTS TAREAS SECUNDARIAS/Pruebas Hoja de Vida/Notificar_Novedades_Hoja_Vida/span_Listado Hojas de Vida (hoj)' is visible

2023-03-09 12:42:02 - [MESSAGE][WARNING] - Timeout '0' is invalid. Using default page load timeout: '37'

2023-03-09 12:42:03 - [MESSAGE][PASSED] - Object 'Object Repository/2-OBJECTS TAREAS SECUNDARIAS/Pruebas Hoja de Vida/Notificar_Novedades_Hoja_Vida/span_Listado Hojas de Vida (hoj)' is visible

2023-03-09 12:42:03 - [TEST_STEP][PASSED] - click(findTestObject("2-OBJECTS TAREAS SECUNDARIAS/Pruebas Hoja de Vida/Notificar_Novedades_Hoja_Vida/span_Listado Hojas de Vida (hoj)")): Object: 'Object Repository/2-OBJECTS TAREAS SECUNDARIAS/Pruebas Hoja de Vida/Notificar_Novedades_Hoja_Vida/span_Listado Hojas de Vida (hoj)' is clicked on

2023-03-09 12:42:04 - [MESSAGE][PASSED] - Object: 'Object Repository/2-OBJECTS TAREAS SECUNDARIAS/Pruebas Hoja de Vida/Notificar_Novedades_Hoja_Vida/span_Listado Hojas de Vida (hoj)' is clicked on

2023-03-09 12:42:04 - [TEST_STEP][PASSED] - setText(findTestObject("2-OBJECTS TAREAS SECUNDARIAS/Pruebas Hoja de Vida/Notificar_Novedades_Hoja_Vida/input_Identificacin_listado_hojaVidaj_idt63"), "354968431354"): Text '354968431354' is set on object 'Object Repository/2-OBJECTS TAREAS SECUNDARIAS/Pruebas Hoja de Vida/Notificar_Novedades_Hoja_Vida/input_Identificacin_listado_hojaVidaj_idt63'

2023-03-09 12:42:07 - [MESSAGE][PASSED] - Text '354968431354' is set on object 'Object Repository/2-OBJECTS TAREAS SECUNDARIAS/Pruebas Hoja de Vida/Notificar_Novedades_Hoja_Vida/input_Identificacin_listado_hojaVidaj_idt63'

2023-03-09 12:42:07 - [TEST_STEP][PASSED] - sendKeys(findTestObject("2-OBJECTS TAREAS SECUNDARIAS/Pruebas Hoja de Vida/Notificar_Novedades_Hoja_Vida/input_Identificacin_listado_hojaVidaj_idt63"), Keys.chord(ENTER)): Keys 'ENTER + ' sent to object: 'Object Repository/2-OBJECTS TAREAS SECUNDARIAS/Pruebas Hoja de Vida/Notificar_Novedades_Hoja_Vida/input_Identificacin_listado_hojaVidaj_idt63'

2023-03-09 12:42:07 - [MESSAGE][PASSED] - Keys 'ENTER + ' sent to object: 'Object Repository/2-OBJECTS TAREAS SECUNDARIAS/Pruebas Hoja de Vida/Notificar_Novedades_Hoja_Vida/input_Identificacin_listado_hojaVidaj_idt63'

2023-03-09 12:42:07 - [TEST_STEP][PASSED] - click(findTestObject("2-OBJECTS TAREAS SECUNDARIAS/Pruebas Hoja de Vida/Notificar_Novedades_Hoja_Vida/td_354968431354")): Object: 'Object Repository/2-OBJECTS TAREAS SECUNDARIAS/Pruebas Hoja de Vida/Notificar_Novedades_Hoja_Vida/td_354968431354' is clicked on

2023-03-09 12:42:08 - [MESSAGE][PASSED] - Object: 'Object Repository/2-OBJECTS TAREAS SECUNDARIAS/Pruebas Hoja de Vida/Notificar_Novedades_Hoja_Vida/td_354968431354' is clicked on

2023-03-09 12:42:08 - [TEST_STEP][PASSED] - FechaG = getText(findTestObject("2-OBJECTS TAREAS SECUNDARIAS/Pruebas Hoja de Vida/Notificar_Novedades_Hoja_Vida/input_Fecha Expedicin_hojaVidaseccionj_idt2106fecha_input"), STOP_ON_FAILURE): Text of object 'Object Repository/2-OBJECTS TAREAS SECUNDARIAS/Pruebas Hoja de Vida/Notificar_Novedades_Hoja_Vida/input_Fecha Expedicin_hojaVidaseccionj_idt2106fecha_input' is: ''

2023-03-09 12:42:09 - [MESSAGE][PASSED] - Text of object 'Object Repository/2-OBJECTS TAREAS SECUNDARIAS/Pruebas Hoja de Vida/Notificar_Novedades_Hoja_Vida/input_Fecha Expedicin_hojaVidaseccionj_idt2106fecha_input' is: ''

2023-03-09 12:42:09 - [TEST_STEP][PASSED] - if (Fecha == FechaG): null

2023-03-09 12:42:09 - [TEST_STEP][PASSED] - setText(findTestObject("2-OBJECTS TAREAS SECUNDARIAS/Pruebas Hoja de Vida/Notificar_Novedades_Hoja_Vida/input_Fecha Expedicin_hojaVidaseccionj_idt2106fecha_input"), Fecha): Text '09/03/2003' is set on object 'Object Repository/2-OBJECTS TAREAS SECUNDARIAS/Pruebas Hoja de Vida/Notificar_Novedades_Hoja_Vida/input_Fecha Expedicin_hojaVidaseccionj_idt2106fecha_input'

2023-03-09 12:42:10 - [MESSAGE][PASSED] - Text '09/03/2003' is set on object 'Object Repository/2-OBJECTS TAREAS SECUNDARIAS/Pruebas Hoja de Vida/Notificar_Novedades_Hoja_Vida/input_Fecha Expedicin_hojaVidaseccionj_idt2106fecha_input'

2023-03-09 12:42:10 - [TEST_STEP][PASSED] - click(findTestObject("2-OBJECTS TAREAS SECUNDARIAS/Pruebas Hoja de Vida/Notificar_Novedades_Hoja_Vida/a__hojaVidaseccionj_idt21411j_idt254")): Object: 'Object Repository/2-OBJECTS TAREAS SECUNDARIAS/Pruebas Hoja de Vida/Notificar_Novedades_Hoja_Vida/a__hojaVidaseccionj_idt21411j_idt254' is clicked on

2023-03-09 12:42:10 - [MESSAGE][PASSED] - Object: 'Object Repository/2-OBJECTS TAREAS SECUNDARIAS/Pruebas Hoja de Vida/Notificar_Novedades_Hoja_Vida/a__hojaVidaseccionj_idt21411j_idt254' is clicked on

2023-03-09 12:42:10 - [TEST_STEP][PASSED] - setText(findTestObject("2-OBJECTS TAREAS SECUNDARIAS/Pruebas Hoja de Vida/Notificar_Novedades_Hoja_Vida/input_Ubicacin Geogrfica_formPopUpUbicacionj_idt921"), "BOGOTÁ"): Text 'BOGOTÁ' is set on object 'Object Repository/2-OBJECTS TAREAS SECUNDARIAS/Pruebas Hoja de Vida/Notificar_Novedades_Hoja_Vida/input_Ubicacin Geogrfica_formPopUpUbicacionj_idt921'

2023-03-09 12:42:11 - [MESSAGE][PASSED] - Text 'BOGOTÁ' is set on object 'Object Repository/2-OBJECTS TAREAS SECUNDARIAS/Pruebas Hoja de Vida/Notificar_Novedades_Hoja_Vida/input_Ubicacin Geogrfica_formPopUpUbicacionj_idt921'

2023-03-09 12:42:11 - [TEST_STEP][PASSED] - sendKeys(findTestObject("2-OBJECTS TAREAS SECUNDARIAS/Pruebas Hoja de Vida/Notificar_Novedades_Hoja_Vida/input_Ubicacin Geogrfica_formPopUpUbicacionj_idt921"), Keys.chord(ENTER)): Keys 'ENTER + ' sent to object: 'Object Repository/2-OBJECTS TAREAS SECUNDARIAS/Pruebas Hoja de Vida/Notificar_Novedades_Hoja_Vida/input_Ubicacin Geogrfica_formPopUpUbicacionj_idt921'

2023-03-09 12:42:12 - [MESSAGE][PASSED] - Keys 'ENTER + ' sent to object: 'Object Repository/2-OBJECTS TAREAS SECUNDARIAS/Pruebas Hoja de Vida/Notificar_Novedades_Hoja_Vida/input_Ubicacin Geogrfica_formPopUpUbicacionj_idt921'

2023-03-09 12:42:12 - [TEST_STEP][PASSED] - click(findTestObject("2-OBJECTS TAREAS SECUNDARIAS/Pruebas Hoja de Vida/Notificar_Novedades_Hoja_Vida/td_11001     BOGOT")): Object: 'Object Repository/2-OBJECTS TAREAS SECUNDARIAS/Pruebas Hoja de Vida/Notificar_Novedades_Hoja_Vida/td_11001     BOGOT' is clicked on

2023-03-09 12:42:12 - [MESSAGE][PASSED] - Object: 'Object Repository/2-OBJECTS TAREAS SECUNDARIAS/Pruebas Hoja de Vida/Notificar_Novedades_Hoja_Vida/td_11001     BOGOT' is clicked on

2023-03-09 12:42:12 - [TEST_STEP][PASSED] - click(findTestObject("2-OBJECTS TAREAS SECUNDARIAS/Pruebas Hoja de Vida/Notificar_Novedades_Hoja_Vida/a__hojaVidaseccionj_idt21412j_idt254")): Object: 'Object Repository/2-OBJECTS TAREAS SECUNDARIAS/Pruebas Hoja de Vida/Notificar_Novedades_Hoja_Vida/a__hojaVidaseccionj_idt21412j_idt254' is clicked on

2023-03-09 12:42:13 - [MESSAGE][PASSED] - Object: 'Object Repository/2-OBJECTS TAREAS SECUNDARIAS/Pruebas Hoja de Vida/Notificar_Novedades_Hoja_Vida/a__hojaVidaseccionj_idt21412j_idt254' is clicked on

2023-03-09 12:42:13 - [TEST_STEP][PASSED] - setText(findTestObject("2-OBJECTS TAREAS SECUNDARIAS/Pruebas Hoja de Vida/Notificar_Novedades_Hoja_Vida/input_Nacionalidad_j_idt930j_idt935"), "Colombiana"): Text 'Colombiana' is set on object 'Object Repository/2-OBJECTS TAREAS SECUNDARIAS/Pruebas Hoja de Vida/Notificar_Novedades_Hoja_Vida/input_Nacionalidad_j_idt930j_idt935'

2023-03-09 12:42:14 - [MESSAGE][PASSED] - Text 'Colombiana' is set on object 'Object Repository/2-OBJECTS TAREAS SECUNDARIAS/Pruebas Hoja de Vida/Notificar_Novedades_Hoja_Vida/input_Nacionalidad_j_idt930j_idt935'

2023-03-09 12:42:14 - [TEST_STEP][PASSED] - sendKeys(findTestObject("2-OBJECTS TAREAS SECUNDARIAS/Pruebas Hoja de Vida/Notificar_Novedades_Hoja_Vida/input_Nacionalidad_j_idt930j_idt935"), Keys.chord(ENTER)): Keys 'ENTER + ' sent to object: 'Object Repository/2-OBJECTS TAREAS SECUNDARIAS/Pruebas Hoja de Vida/Notificar_Novedades_Hoja_Vida/input_Nacionalidad_j_idt930j_idt935'

2023-03-09 12:42:16 - [MESSAGE][PASSED] - Keys 'ENTER + ' sent to object: 'Object Repository/2-OBJECTS TAREAS SECUNDARIAS/Pruebas Hoja de Vida/Notificar_Novedades_Hoja_Vida/input_Nacionalidad_j_idt930j_idt935'

2023-03-09 12:42:16 - [TEST_STEP][PASSED] - click(findTestObject("2-OBJECTS TAREAS SECUNDARIAS/Pruebas Hoja de Vida/Notificar_Novedades_Hoja_Vida/span_Colombiana")): Object: 'Object Repository/2-OBJECTS TAREAS SECUNDARIAS/Pruebas Hoja de Vida/Notificar_Novedades_Hoja_Vida/span_Colombiana' is clicked on

2023-03-09 12:42:17 - [MESSAGE][PASSED] - Object: 'Object Repository/2-OBJECTS TAREAS SECUNDARIAS/Pruebas Hoja de Vida/Notificar_Novedades_Hoja_Vida/span_Colombiana' is clicked on

2023-03-09 12:42:17 - [TEST_STEP][PASSED] - click(findTestObject("2-OBJECTS TAREAS SECUNDARIAS/Pruebas Hoja de Vida/Notificar_Novedades_Hoja_Vida/a_Guardar")): Object: 'Object Repository/2-OBJECTS TAREAS SECUNDARIAS/Pruebas Hoja de Vida/Notificar_Novedades_Hoja_Vida/a_Guardar' is clicked on

2023-03-09 12:42:18 - [MESSAGE][PASSED] - Object: 'Object Repository/2-OBJECTS TAREAS SECUNDARIAS/Pruebas Hoja de Vida/Notificar_Novedades_Hoja_Vida/a_Guardar' is clicked on

2023-03-09 12:42:18 - [TEST_STEP][PASSED] - if (waitForElementVisible(findTestObject("2-OBJECTS TAREAS SECUNDARIAS/Pruebas Hoja de Vida/Notificar_Novedades_Hoja_Vida/div_INFONo hay cambios que guardar"), 1)): null

2023-03-09 12:42:18 - [MESSAGE][PASSED] - Object 'Object Repository/2-OBJECTS TAREAS SECUNDARIAS/Pruebas Hoja de Vida/Notificar_Novedades_Hoja_Vida/div_INFONo hay cambios que guardar' is visible

2023-03-09 12:42:18 - [TEST_STEP][PASSED] - setText(findTestObject("2-OBJECTS TAREAS SECUNDARIAS/Pruebas Hoja de Vida/Notificar_Novedades_Hoja_Vida/input_Fecha Expedicin_hojaVidaseccionj_idt2106fecha_input"), FechaB): Text '09/03/1991' is set on object 'Object Repository/2-OBJECTS TAREAS SECUNDARIAS/Pruebas Hoja de Vida/Notificar_Novedades_Hoja_Vida/input_Fecha Expedicin_hojaVidaseccionj_idt2106fecha_input'

2023-03-09 12:42:19 - [MESSAGE][PASSED] - Text '09/03/1991' is set on object 'Object Repository/2-OBJECTS TAREAS SECUNDARIAS/Pruebas Hoja de Vida/Notificar_Novedades_Hoja_Vida/input_Fecha Expedicin_hojaVidaseccionj_idt2106fecha_input'

2023-03-09 12:42:19 - [TEST_STEP][PASSED] - click(findTestObject("2-OBJECTS TAREAS SECUNDARIAS/Pruebas Hoja de Vida/Notificar_Novedades_Hoja_Vida/a_Guardar")): Object: 'Object Repository/2-OBJECTS TAREAS SECUNDARIAS/Pruebas Hoja de Vida/Notificar_Novedades_Hoja_Vida/a_Guardar' is clicked on

2023-03-09 12:42:20 - [MESSAGE][PASSED] - Object: 'Object Repository/2-OBJECTS TAREAS SECUNDARIAS/Pruebas Hoja de Vida/Notificar_Novedades_Hoja_Vida/a_Guardar' is clicked on

2023-03-09 12:42:20 - [TEST_STEP][PASSED] - Result = getText(findTestObject("2-OBJECTS TAREAS SECUNDARIAS/Pruebas Hoja de Vida/Notificar_Novedades_Hoja_Vida/label_Sus datos han sido Actualizados correctamente")): Text of object 'Object Repository/2-OBJECTS TAREAS SECUNDARIAS/Pruebas Hoja de Vida/Notificar_Novedades_Hoja_Vida/label_Sus datos han sido Actualizados correctamente' is: 'Sus datos han sido Actualizados correctamente'

2023-03-09 12:42:21 - [MESSAGE][PASSED] - Text of object 'Object Repository/2-OBJECTS TAREAS SECUNDARIAS/Pruebas Hoja de Vida/Notificar_Novedades_Hoja_Vida/label_Sus datos han sido Actualizados correctamente' is: 'Sus datos han sido Actualizados correctamente'

2023-03-09 12:42:21 - [TEST_STEP][PASSED] - click(findTestObject("2-OBJECTS TAREAS SECUNDARIAS/Pruebas Hoja de Vida/Notificar_Novedades_Hoja_Vida/a_Aceptar")): Object: 'Object Repository/2-OBJECTS TAREAS SECUNDARIAS/Pruebas Hoja de Vida/Notificar_Novedades_Hoja_Vida/a_Aceptar' is clicked on

2023-03-09 12:42:21 - [MESSAGE][PASSED] - Object: 'Object Repository/2-OBJECTS TAREAS SECUNDARIAS/Pruebas Hoja de Vida/Notificar_Novedades_Hoja_Vida/a_Aceptar' is clicked on

2023-03-09 12:42:21 - [TEST_STEP][PASSED] - if (Result == "Sus datos han sido Actualizados correctamente"): Browser is closed

2023-03-09 12:42:21 - [TEST_STEP][PASSED] - Resultado = "PRUEBAS OK": null

2023-03-09 12:42:21 - [TEST_STEP][PASSED] - closeBrowser(): Browser is closed

2023-03-09 12:42:22 - [MESSAGE][PASSED] - Browser is closed]]></system-out>
         <system-err><![CDATA[]]></system-err>
      </testcase>
      <testcase name="Test Cases/1.2-Tareas_Secundarias/3.1-Pruebas_Bienestar/3.1.1-Crear_un_Evento" time="235.817" classname="Test Cases/1.2-Tareas_Secundarias/3.1-Pruebas_Bienestar/3.1.1-Crear_un_Evento" status="PASSED">
         <system-out><![CDATA[2023-03-09 12:42:22 - [TEST_CASE][PASSED] - Test Cases/1.2-Tareas_Secundarias/3.1-Pruebas_Bienestar/3.1.1-Crear_un_Evento: Test Cases/1.2-Tareas_Secundarias/3.1-Pruebas_Bienestar/3.1.1-Crear_un_Evento

2023-03-09 12:42:23 - [TEST_STEP][PASSED] - today = new java.util.Date(): null

2023-03-09 12:42:23 - [TEST_STEP][PASSED] - Dia = today.format("dd"): null

2023-03-09 12:42:23 - [TEST_STEP][PASSED] - Mes = today.format("MM"): null

2023-03-09 12:42:23 - [TEST_STEP][PASSED] - MesN = today.format("MM"): null

2023-03-09 12:42:23 - [TEST_STEP][PASSED] - Año = today.format("yyyy"): null

2023-03-09 12:42:23 - [TEST_STEP][PASSED] - AñoN = today.format("yyyy"): null

2023-03-09 12:42:23 - [TEST_STEP][PASSED] - sumaD = Dia + 10: null

2023-03-09 12:42:23 - [TEST_STEP][PASSED] - sumaM = Mes + 1: null

2023-03-09 12:42:23 - [TEST_STEP][PASSED] - sumaA = Año + 1: null

2023-03-09 12:42:23 - [TEST_STEP][PASSED] - if (sumaD > 30): null

2023-03-09 12:42:23 - [TEST_STEP][PASSED] - else: null

2023-03-09 12:42:23 - [TEST_STEP][PASSED] - sumaD: null

2023-03-09 12:42:23 - [TEST_STEP][PASSED] - Mes: null

2023-03-09 12:42:23 - [TEST_STEP][PASSED] - if (sumaM > 12): null

2023-03-09 12:42:23 - [TEST_STEP][PASSED] - FechaI = Dia + "/" + MesN + "/" + AñoN: null

2023-03-09 12:42:23 - [TEST_STEP][PASSED] - FechaF = sumaD + "/" + Mes + "/" + Año: null

2023-03-09 12:42:23 - [TEST_STEP][PASSED] - callTestCase(findTestCase("Utilidades-(atajos_para _tareas)/Modulos/Modulo bienestar-eventos"), [:], STOP_ON_FAILURE): Call Test Case 'Test Cases/Utilidades-(atajos_para _tareas)/Modulos/Modulo bienestar-eventos' successfully

2023-03-09 12:42:23 - [TEST_CASE][PASSED] - Test Cases/Utilidades-(atajos_para _tareas)/Modulos/Modulo bienestar-eventos: Test Cases/Utilidades-(atajos_para _tareas)/Modulos/Modulo bienestar-eventos

2023-03-09 12:42:23 - [TEST_STEP][PASSED] - callTestCase(findTestCase("0.1-Login"), [:], STOP_ON_FAILURE): Call Test Case 'Test Cases/0.1-Login' successfully

2023-03-09 12:42:23 - [TEST_CASE][PASSED] - Test Cases/0.1-Login: Test Cases/0.1-Login

2023-03-09 12:42:23 - [TEST_STEP][PASSED] - openBrowser(""): Browser is opened with url: ''

2023-03-09 12:42:23 - [MESSAGE][INFO] - Starting 'Chrome' driver

2023-03-09 12:42:23 - [MESSAGE][INFO] - Action delay is set to 0 milliseconds

2023-03-09 12:42:24 - [MESSAGE][PASSED] - Browser is opened with url: ''

2023-03-09 12:42:24 - [TEST_STEP][PASSED] - maximizeWindow(): Current window maximized

2023-03-09 12:42:24 - [MESSAGE][PASSED] - Current window maximized

2023-03-09 12:42:24 - [TEST_STEP][PASSED] - i = G_Login: null

2023-03-09 12:42:24 - [TEST_STEP][PASSED] - url = new java.net.URL(i): null

2023-03-09 12:42:24 - [TEST_STEP][PASSED] - println("URL: " + url.toString()): null

2023-03-09 12:42:24 - [TEST_STEP][PASSED] - connection = url.openConnection(): null

2023-03-09 12:42:24 - [TEST_STEP][PASSED] - connection.setRequestMethod("GET"): null

2023-03-09 12:42:24 - [TEST_STEP][PASSED] - connection.setReadTimeout(2 * 1000): null

2023-03-09 12:42:24 - [TEST_STEP][PASSED] - try: null

2023-03-09 12:42:24 - [TEST_STEP][PASSED] - connection.connect(): null

2023-03-09 12:42:24 - [TEST_STEP][PASSED] - flag = connected: null

2023-03-09 12:42:24 - [TEST_STEP][PASSED] - println("Valor_ori: " + flag): null

2023-03-09 12:42:24 - [TEST_STEP][PASSED] - if (flag): null

2023-03-09 12:42:24 - [TEST_STEP][PASSED] - navigateToUrl(i): Navigate to 'http://192.168.2.19:7001/saraweb' successfully

2023-03-09 12:42:27 - [MESSAGE][PASSED] - Navigate to 'http://192.168.2.19:7001/saraweb' successfully

2023-03-09 12:42:27 - [TEST_STEP][PASSED] - a(): null

2023-03-09 12:42:27 - [TEST_STEP][PASSED] - if (waitForElementVisible(findTestObject("3-OBJECTS UTILIDADES/Login/input_USUARIO_loginusuario"), 0)): null

2023-03-09 12:42:27 - [MESSAGE][WARNING] - Timeout '0' is invalid. Using default page load timeout: '37'

2023-03-09 12:42:27 - [MESSAGE][PASSED] - Object 'Object Repository/3-OBJECTS UTILIDADES/Login/input_USUARIO_loginusuario' is visible

2023-03-09 12:42:27 - [TEST_STEP][PASSED] - switchToWindowTitle("SARA"): Switched to window with title: 'SARA'

2023-03-09 12:42:27 - [MESSAGE][PASSED] - Switched to window with title: 'SARA'

2023-03-09 12:42:27 - [TEST_STEP][PASSED] - zoom(): null

2023-03-09 12:42:27 - [TEST_STEP][PASSED] - robot = new java.awt.Robot(): null

2023-03-09 12:42:27 - [TEST_STEP][PASSED] - robot.keyPress(VK_CONTROL): null

2023-03-09 12:42:27 - [TEST_STEP][PASSED] - robot.keyPress(VK_SUBTRACT): null

2023-03-09 12:42:27 - [TEST_STEP][PASSED] - robot.keyRelease(VK_CONTROL): null

2023-03-09 12:42:27 - [TEST_STEP][PASSED] - robot.keyRelease(VK_SUBTRACT): null

2023-03-09 12:42:27 - [TEST_STEP][PASSED] - robot.keyPress(VK_CONTROL): null

2023-03-09 12:42:27 - [TEST_STEP][PASSED] - robot.keyPress(VK_SUBTRACT): null

2023-03-09 12:42:27 - [TEST_STEP][PASSED] - robot.keyRelease(VK_CONTROL): null

2023-03-09 12:42:27 - [TEST_STEP][PASSED] - robot.keyRelease(VK_SUBTRACT): null

2023-03-09 12:42:27 - [TEST_STEP][PASSED] - robot.keyPress(VK_CONTROL): null

2023-03-09 12:42:27 - [TEST_STEP][PASSED] - robot.keyPress(VK_SUBTRACT): null

2023-03-09 12:42:27 - [TEST_STEP][PASSED] - robot.keyRelease(VK_CONTROL): null

2023-03-09 12:42:27 - [TEST_STEP][PASSED] - robot.keyRelease(VK_SUBTRACT): null

2023-03-09 12:42:27 - [TEST_STEP][PASSED] - robot.keyRelease(VK_CONTROL): null

2023-03-09 12:42:27 - [TEST_STEP][PASSED] - robot.keyRelease(VK_SUBTRACT): null

2023-03-09 12:42:27 - [TEST_STEP][PASSED] - setText(findTestObject("3-OBJECTS UTILIDADES/Login/input_USUARIO_loginusuario"), G_Usuario): Text 'weblogic' is set on object 'Object Repository/3-OBJECTS UTILIDADES/Login/input_USUARIO_loginusuario'

2023-03-09 12:42:28 - [MESSAGE][PASSED] - Text 'weblogic' is set on object 'Object Repository/3-OBJECTS UTILIDADES/Login/input_USUARIO_loginusuario'

2023-03-09 12:42:28 - [TEST_STEP][PASSED] - setEncryptedText(findTestObject("3-OBJECTS UTILIDADES/Login/input_CLAVE_loginpassword"), "SlAwMcyRKqrwbnzhAs8HhT6NnI7sEyng"): Text ****** has been set on object 'Object Repository/3-OBJECTS UTILIDADES/Login/input_CLAVE_loginpassword'

2023-03-09 12:42:31 - [MESSAGE][PASSED] - Text ****** has been set on object 'Object Repository/3-OBJECTS UTILIDADES/Login/input_CLAVE_loginpassword'

2023-03-09 12:42:31 - [TEST_STEP][PASSED] - while (waitForElementClickable(findTestObject("3-OBJECTS UTILIDADES/Login/a_Ingresar"), 1)): Web element with id: 'Object Repository/3-OBJECTS UTILIDADES/Login/a_Ingresar' located by '//a[contains(text(),'Ingresar')]' not found

2023-03-09 12:42:33 - [MESSAGE][INFO] - Unable to find the element located by 'By.xpath: //a[contains(text(),'Ingresar')]'. Please recheck the objects properties to make sure the desired element is located. 

2023-03-09 12:42:33 - [MESSAGE][WARNING] - Web element with id: 'Object Repository/3-OBJECTS UTILIDADES/Login/a_Ingresar' located by '//a[contains(text(),'Ingresar')]' not found

2023-03-09 12:42:33 - [MESSAGE][PASSED] - Call Test Case 'Test Cases/0.1-Login' successfully

2023-03-09 12:42:33 - [TEST_STEP][PASSED] - waitForElementClickable(findTestObject("3-OBJECTS UTILIDADES/Modulo bienestar-eventos/input_ADMINISTRADOR DEL SISTEMA"), 0): Object 'Object Repository/3-OBJECTS UTILIDADES/Modulo bienestar-eventos/input_ADMINISTRADOR DEL SISTEMA' is clickable

2023-03-09 12:42:33 - [MESSAGE][WARNING] - Timeout '0' is invalid. Using default page load timeout: '37'

2023-03-09 12:42:34 - [MESSAGE][PASSED] - Object 'Object Repository/3-OBJECTS UTILIDADES/Modulo bienestar-eventos/input_ADMINISTRADOR DEL SISTEMA' is clickable

2023-03-09 12:42:34 - [TEST_STEP][PASSED] - setText(findTestObject("3-OBJECTS UTILIDADES/Modulo bienestar-eventos/input_ADMINISTRADOR DEL SISTEMA"), "eventos (bie)"): Text 'eventos (bie)' is set on object 'Object Repository/3-OBJECTS UTILIDADES/Modulo bienestar-eventos/input_ADMINISTRADOR DEL SISTEMA'

2023-03-09 12:42:35 - [MESSAGE][PASSED] - Text 'eventos (bie)' is set on object 'Object Repository/3-OBJECTS UTILIDADES/Modulo bienestar-eventos/input_ADMINISTRADOR DEL SISTEMA'

2023-03-09 12:42:35 - [TEST_STEP][PASSED] - click(findTestObject("3-OBJECTS UTILIDADES/Modulo bienestar-eventos/span_Eventos (bie)")): Object: 'Object Repository/3-OBJECTS UTILIDADES/Modulo bienestar-eventos/span_Eventos (bie)' is clicked on

2023-03-09 12:42:36 - [MESSAGE][PASSED] - Object: 'Object Repository/3-OBJECTS UTILIDADES/Modulo bienestar-eventos/span_Eventos (bie)' is clicked on

2023-03-09 12:42:36 - [MESSAGE][PASSED] - Call Test Case 'Test Cases/Utilidades-(atajos_para _tareas)/Modulos/Modulo bienestar-eventos' successfully

2023-03-09 12:42:36 - [TEST_STEP][PASSED] - if (waitForElementClickable(findTestObject("2-OBJECTS TAREAS SECUNDARIAS/Pruebas Bienestar/Crear_un_Evento/td_Prueba-S"), 1)): null

2023-03-09 12:42:40 - [MESSAGE][PASSED] - Object 'Object Repository/2-OBJECTS TAREAS SECUNDARIAS/Pruebas Bienestar/Crear_un_Evento/td_Prueba-S' is clickable

2023-03-09 12:42:40 - [TEST_STEP][PASSED] - click(findTestObject("2-OBJECTS TAREAS SECUNDARIAS/Pruebas Bienestar/Crear_un_Evento/td_Prueba-S")): Object: 'Object Repository/2-OBJECTS TAREAS SECUNDARIAS/Pruebas Bienestar/Crear_un_Evento/td_Prueba-S' is clicked on

2023-03-09 12:42:40 - [MESSAGE][PASSED] - Object: 'Object Repository/2-OBJECTS TAREAS SECUNDARIAS/Pruebas Bienestar/Crear_un_Evento/td_Prueba-S' is clicked on

2023-03-09 12:42:40 - [TEST_STEP][PASSED] - click(findTestObject("2-OBJECTS TAREAS SECUNDARIAS/Pruebas Bienestar/Crear_un_Evento/a_CostoEvento")): Object: 'Object Repository/2-OBJECTS TAREAS SECUNDARIAS/Pruebas Bienestar/Crear_un_Evento/a_CostoEvento' is clicked on

2023-03-09 12:42:41 - [MESSAGE][PASSED] - Object: 'Object Repository/2-OBJECTS TAREAS SECUNDARIAS/Pruebas Bienestar/Crear_un_Evento/a_CostoEvento' is clicked on

2023-03-09 12:42:41 - [TEST_STEP][PASSED] - if (waitForElementClickable(findTestObject("2-OBJECTS TAREAS SECUNDARIAS/Pruebas Bienestar/Crear_un_Evento/td_SALON 1"), 1)): null

2023-03-09 12:42:42 - [MESSAGE][PASSED] - Object 'Object Repository/2-OBJECTS TAREAS SECUNDARIAS/Pruebas Bienestar/Crear_un_Evento/td_SALON 1' is clickable

2023-03-09 12:42:42 - [TEST_STEP][PASSED] - click(findTestObject("2-OBJECTS TAREAS SECUNDARIAS/Pruebas Bienestar/Crear_un_Evento/a_TEST FB_form_costoEventolistaCostoEvento0j_idt663")): Object: 'Object Repository/2-OBJECTS TAREAS SECUNDARIAS/Pruebas Bienestar/Crear_un_Evento/a_TEST FB_form_costoEventolistaCostoEvento0j_idt663' is clicked on

2023-03-09 12:42:43 - [MESSAGE][PASSED] - Object: 'Object Repository/2-OBJECTS TAREAS SECUNDARIAS/Pruebas Bienestar/Crear_un_Evento/a_TEST FB_form_costoEventolistaCostoEvento0j_idt663' is clicked on

2023-03-09 12:42:43 - [TEST_STEP][PASSED] - click(findTestObject("2-OBJECTS TAREAS SECUNDARIAS/Pruebas Bienestar/Crear_un_Evento/a_Aceptar Eliminar -1")): Object: 'Object Repository/2-OBJECTS TAREAS SECUNDARIAS/Pruebas Bienestar/Crear_un_Evento/a_Aceptar Eliminar -1' is clicked on

2023-03-09 12:42:43 - [MESSAGE][PASSED] - Object: 'Object Repository/2-OBJECTS TAREAS SECUNDARIAS/Pruebas Bienestar/Crear_un_Evento/a_Aceptar Eliminar -1' is clicked on

2023-03-09 12:42:43 - [TEST_STEP][PASSED] - click(findTestObject("2-OBJECTS TAREAS SECUNDARIAS/Pruebas Bienestar/Crear_un_Evento/a_Momento Eventos")): Object: 'Object Repository/2-OBJECTS TAREAS SECUNDARIAS/Pruebas Bienestar/Crear_un_Evento/a_Momento Eventos' is clicked on

2023-03-09 12:42:44 - [MESSAGE][PASSED] - Object: 'Object Repository/2-OBJECTS TAREAS SECUNDARIAS/Pruebas Bienestar/Crear_un_Evento/a_Momento Eventos' is clicked on

2023-03-09 12:42:44 - [TEST_STEP][PASSED] - if (waitForElementClickable(findTestObject("2-OBJECTS TAREAS SECUNDARIAS/Pruebas Bienestar/Crear_un_Evento/td_02112021"), 1)): null

2023-03-09 12:42:45 - [MESSAGE][PASSED] - Object 'Object Repository/2-OBJECTS TAREAS SECUNDARIAS/Pruebas Bienestar/Crear_un_Evento/td_02112021' is clickable

2023-03-09 12:42:45 - [TEST_STEP][PASSED] - click(findTestObject("2-OBJECTS TAREAS SECUNDARIAS/Pruebas Bienestar/Crear_un_Evento/td_02112021")): Object: 'Object Repository/2-OBJECTS TAREAS SECUNDARIAS/Pruebas Bienestar/Crear_un_Evento/td_02112021' is clicked on

2023-03-09 12:42:45 - [MESSAGE][PASSED] - Object: 'Object Repository/2-OBJECTS TAREAS SECUNDARIAS/Pruebas Bienestar/Crear_un_Evento/td_02112021' is clicked on

2023-03-09 12:42:45 - [TEST_STEP][PASSED] - if (waitForElementClickable(findTestObject("2-OBJECTS TAREAS SECUNDARIAS/Pruebas Bienestar/Crear_un_Evento/a_MAR-MIE 0500-0600_popupMomentoEvento_formtablaMomentoEventoHorarioPopup0j_idt1582"), 1)): null

2023-03-09 12:42:46 - [MESSAGE][PASSED] - Object 'Object Repository/2-OBJECTS TAREAS SECUNDARIAS/Pruebas Bienestar/Crear_un_Evento/a_MAR-MIE 0500-0600_popupMomentoEvento_formtablaMomentoEventoHorarioPopup0j_idt1582' is clickable

2023-03-09 12:42:46 - [TEST_STEP][PASSED] - click(findTestObject("2-OBJECTS TAREAS SECUNDARIAS/Pruebas Bienestar/Crear_un_Evento/a_MAR-MIE 0500-0600_popupMomentoEvento_formtablaMomentoEventoHorarioPopup0j_idt1582")): Object: 'Object Repository/2-OBJECTS TAREAS SECUNDARIAS/Pruebas Bienestar/Crear_un_Evento/a_MAR-MIE 0500-0600_popupMomentoEvento_formtablaMomentoEventoHorarioPopup0j_idt1582' is clicked on

2023-03-09 12:42:47 - [MESSAGE][PASSED] - Object: 'Object Repository/2-OBJECTS TAREAS SECUNDARIAS/Pruebas Bienestar/Crear_un_Evento/a_MAR-MIE 0500-0600_popupMomentoEvento_formtablaMomentoEventoHorarioPopup0j_idt1582' is clicked on

2023-03-09 12:42:47 - [TEST_STEP][PASSED] - click(findTestObject("2-OBJECTS TAREAS SECUNDARIAS/Pruebas Bienestar/Crear_un_Evento/a_Aceptar_eliminar")): Object: 'Object Repository/2-OBJECTS TAREAS SECUNDARIAS/Pruebas Bienestar/Crear_un_Evento/a_Aceptar_eliminar' is clicked on

2023-03-09 12:42:47 - [MESSAGE][PASSED] - Object: 'Object Repository/2-OBJECTS TAREAS SECUNDARIAS/Pruebas Bienestar/Crear_un_Evento/a_Aceptar_eliminar' is clicked on

2023-03-09 12:42:47 - [TEST_STEP][PASSED] - click(findTestObject("2-OBJECTS TAREAS SECUNDARIAS/Pruebas Bienestar/Crear_un_Evento/a_Eliminar")): Object: 'Object Repository/2-OBJECTS TAREAS SECUNDARIAS/Pruebas Bienestar/Crear_un_Evento/a_Eliminar' is clicked on

2023-03-09 12:42:48 - [MESSAGE][PASSED] - Object: 'Object Repository/2-OBJECTS TAREAS SECUNDARIAS/Pruebas Bienestar/Crear_un_Evento/a_Eliminar' is clicked on

2023-03-09 12:42:48 - [TEST_STEP][PASSED] - click(findTestObject("2-OBJECTS TAREAS SECUNDARIAS/Pruebas Bienestar/Crear_un_Evento/a_Aceptar0")): Object: 'Object Repository/2-OBJECTS TAREAS SECUNDARIAS/Pruebas Bienestar/Crear_un_Evento/a_Aceptar0' is clicked on

2023-03-09 12:42:49 - [MESSAGE][PASSED] - Object: 'Object Repository/2-OBJECTS TAREAS SECUNDARIAS/Pruebas Bienestar/Crear_un_Evento/a_Aceptar0' is clicked on

2023-03-09 12:42:49 - [TEST_STEP][PASSED] - click(findTestObject("2-OBJECTS TAREAS SECUNDARIAS/Pruebas Bienestar/Crear_un_Evento/div_Evaluacin")): Object: 'Object Repository/2-OBJECTS TAREAS SECUNDARIAS/Pruebas Bienestar/Crear_un_Evento/div_Evaluacin' is clicked on

2023-03-09 12:42:50 - [MESSAGE][PASSED] - Object: 'Object Repository/2-OBJECTS TAREAS SECUNDARIAS/Pruebas Bienestar/Crear_un_Evento/div_Evaluacin' is clicked on

2023-03-09 12:42:50 - [TEST_STEP][PASSED] - click(findTestObject("2-OBJECTS TAREAS SECUNDARIAS/Pruebas Bienestar/Crear_un_Evento/a_Evento0")): Object: 'Object Repository/2-OBJECTS TAREAS SECUNDARIAS/Pruebas Bienestar/Crear_un_Evento/a_Evento0' is clicked on

2023-03-09 12:42:50 - [MESSAGE][PASSED] - Object: 'Object Repository/2-OBJECTS TAREAS SECUNDARIAS/Pruebas Bienestar/Crear_un_Evento/a_Evento0' is clicked on

2023-03-09 12:42:50 - [TEST_STEP][PASSED] - if (waitForElementVisible(findTestObject("2-OBJECTS TAREAS SECUNDARIAS/Pruebas Bienestar/Crear_un_Evento/td_1010220596"), 1)): null

2023-03-09 12:42:51 - [MESSAGE][PASSED] - Object 'Object Repository/2-OBJECTS TAREAS SECUNDARIAS/Pruebas Bienestar/Crear_un_Evento/td_1010220596' is visible

2023-03-09 12:42:51 - [TEST_STEP][PASSED] - click(findTestObject("2-OBJECTS TAREAS SECUNDARIAS/Pruebas Bienestar/Crear_un_Evento/a_No Diligenciada_formEventoEvaluacionpanel_eventotablaEvaluacion0j_idt881")): Object: 'Object Repository/2-OBJECTS TAREAS SECUNDARIAS/Pruebas Bienestar/Crear_un_Evento/a_No Diligenciada_formEventoEvaluacionpanel_eventotablaEvaluacion0j_idt881' is clicked on

2023-03-09 12:42:51 - [MESSAGE][PASSED] - Object: 'Object Repository/2-OBJECTS TAREAS SECUNDARIAS/Pruebas Bienestar/Crear_un_Evento/a_No Diligenciada_formEventoEvaluacionpanel_eventotablaEvaluacion0j_idt881' is clicked on

2023-03-09 12:42:51 - [TEST_STEP][PASSED] - click(findTestObject("2-OBJECTS TAREAS SECUNDARIAS/Pruebas Bienestar/Crear_un_Evento/a_Aceptar0")): Object: 'Object Repository/2-OBJECTS TAREAS SECUNDARIAS/Pruebas Bienestar/Crear_un_Evento/a_Aceptar0' is clicked on

2023-03-09 12:42:52 - [MESSAGE][PASSED] - Object: 'Object Repository/2-OBJECTS TAREAS SECUNDARIAS/Pruebas Bienestar/Crear_un_Evento/a_Aceptar0' is clicked on

2023-03-09 12:42:52 - [TEST_STEP][PASSED] - click(findTestObject("2-OBJECTS TAREAS SECUNDARIAS/Pruebas Bienestar/Crear_un_Evento/div_Participante")): Object: 'Object Repository/2-OBJECTS TAREAS SECUNDARIAS/Pruebas Bienestar/Crear_un_Evento/div_Participante' is clicked on

2023-03-09 12:42:53 - [MESSAGE][PASSED] - Object: 'Object Repository/2-OBJECTS TAREAS SECUNDARIAS/Pruebas Bienestar/Crear_un_Evento/div_Participante' is clicked on

2023-03-09 12:42:53 - [TEST_STEP][PASSED] - click(findTestObject("2-OBJECTS TAREAS SECUNDARIAS/Pruebas Bienestar/Crear_un_Evento/a_Grupo")): Object: 'Object Repository/2-OBJECTS TAREAS SECUNDARIAS/Pruebas Bienestar/Crear_un_Evento/a_Grupo' is clicked on

2023-03-09 12:42:53 - [MESSAGE][PASSED] - Object: 'Object Repository/2-OBJECTS TAREAS SECUNDARIAS/Pruebas Bienestar/Crear_un_Evento/a_Grupo' is clicked on

2023-03-09 12:42:53 - [TEST_STEP][PASSED] - if (waitForElementVisible(findTestObject("2-OBJECTS TAREAS SECUNDARIAS/Pruebas Bienestar/Crear_un_Evento/td_PRUEBAS K"), 1)): null

2023-03-09 12:42:54 - [MESSAGE][PASSED] - Object 'Object Repository/2-OBJECTS TAREAS SECUNDARIAS/Pruebas Bienestar/Crear_un_Evento/td_PRUEBAS K' is visible

2023-03-09 12:42:54 - [TEST_STEP][PASSED] - click(findTestObject("2-OBJECTS TAREAS SECUNDARIAS/Pruebas Bienestar/Crear_un_Evento/td_PRUEBAS K")): Object: 'Object Repository/2-OBJECTS TAREAS SECUNDARIAS/Pruebas Bienestar/Crear_un_Evento/td_PRUEBAS K' is clicked on

2023-03-09 12:42:54 - [MESSAGE][PASSED] - Object: 'Object Repository/2-OBJECTS TAREAS SECUNDARIAS/Pruebas Bienestar/Crear_un_Evento/td_PRUEBAS K' is clicked on

2023-03-09 12:42:54 - [TEST_STEP][PASSED] - if (waitForElementVisible(findTestObject("2-OBJECTS TAREAS SECUNDARIAS/Pruebas Bienestar/Crear_un_Evento/a_Integrantes"), 1)): null

2023-03-09 12:42:55 - [MESSAGE][PASSED] - Object 'Object Repository/2-OBJECTS TAREAS SECUNDARIAS/Pruebas Bienestar/Crear_un_Evento/a_Integrantes' is visible

2023-03-09 12:42:55 - [TEST_STEP][PASSED] - click(findTestObject("2-OBJECTS TAREAS SECUNDARIAS/Pruebas Bienestar/Crear_un_Evento/a_Integrantes")): Object: 'Object Repository/2-OBJECTS TAREAS SECUNDARIAS/Pruebas Bienestar/Crear_un_Evento/a_Integrantes' is clicked on

2023-03-09 12:42:56 - [MESSAGE][PASSED] - Object: 'Object Repository/2-OBJECTS TAREAS SECUNDARIAS/Pruebas Bienestar/Crear_un_Evento/a_Integrantes' is clicked on

2023-03-09 12:42:56 - [TEST_STEP][PASSED] - if (waitForElementVisible(findTestObject("2-OBJECTS TAREAS SECUNDARIAS/Pruebas Bienestar/Crear_un_Evento/a_Administracion_grupoEventopanel_principal_2pGListaIntegrantes0j_idt390"), 1)): null

2023-03-09 12:42:56 - [MESSAGE][PASSED] - Object 'Object Repository/2-OBJECTS TAREAS SECUNDARIAS/Pruebas Bienestar/Crear_un_Evento/a_Administracion_grupoEventopanel_principal_2pGListaIntegrantes0j_idt390' is visible

2023-03-09 12:42:56 - [TEST_STEP][PASSED] - click(findTestObject("2-OBJECTS TAREAS SECUNDARIAS/Pruebas Bienestar/Crear_un_Evento/a_Administracion_grupoEventopanel_principal_2pGListaIntegrantes0j_idt390")): Object: 'Object Repository/2-OBJECTS TAREAS SECUNDARIAS/Pruebas Bienestar/Crear_un_Evento/a_Administracion_grupoEventopanel_principal_2pGListaIntegrantes0j_idt390' is clicked on

2023-03-09 12:42:57 - [MESSAGE][PASSED] - Object: 'Object Repository/2-OBJECTS TAREAS SECUNDARIAS/Pruebas Bienestar/Crear_un_Evento/a_Administracion_grupoEventopanel_principal_2pGListaIntegrantes0j_idt390' is clicked on

2023-03-09 12:42:57 - [TEST_STEP][PASSED] - click(findTestObject("2-OBJECTS TAREAS SECUNDARIAS/Pruebas Bienestar/Crear_un_Evento/a_Aceptar1")): Object: 'Object Repository/2-OBJECTS TAREAS SECUNDARIAS/Pruebas Bienestar/Crear_un_Evento/a_Aceptar1' is clicked on

2023-03-09 12:42:57 - [MESSAGE][PASSED] - Object: 'Object Repository/2-OBJECTS TAREAS SECUNDARIAS/Pruebas Bienestar/Crear_un_Evento/a_Aceptar1' is clicked on

2023-03-09 12:42:57 - [TEST_STEP][PASSED] - click(findTestObject("2-OBJECTS TAREAS SECUNDARIAS/Pruebas Bienestar/Crear_un_Evento/a_Grupo_pestaa")): Object: 'Object Repository/2-OBJECTS TAREAS SECUNDARIAS/Pruebas Bienestar/Crear_un_Evento/a_Grupo_pestaa' is clicked on

2023-03-09 12:42:58 - [MESSAGE][PASSED] - Object: 'Object Repository/2-OBJECTS TAREAS SECUNDARIAS/Pruebas Bienestar/Crear_un_Evento/a_Grupo_pestaa' is clicked on

2023-03-09 12:42:58 - [TEST_STEP][PASSED] - element = findWebElement(findTestObject("2-OBJECTS TAREAS SECUNDARIAS/Pruebas Bienestar/Crear_un_Evento/a_Eliminar0"), 30): null

2023-03-09 12:42:59 - [TEST_STEP][PASSED] - executeJavaScript("arguments[0].click()", Arrays.asList(element)): Execute JavaScript 'arguments[0].click()' successfully

2023-03-09 12:42:59 - [MESSAGE][PASSED] - Execute JavaScript 'arguments[0].click()' successfully

2023-03-09 12:42:59 - [TEST_STEP][PASSED] - click(findTestObject("2-OBJECTS TAREAS SECUNDARIAS/Pruebas Bienestar/Crear_un_Evento/a_Aceptar3")): Object: 'Object Repository/2-OBJECTS TAREAS SECUNDARIAS/Pruebas Bienestar/Crear_un_Evento/a_Aceptar3' is clicked on

2023-03-09 12:43:00 - [MESSAGE][PASSED] - Object: 'Object Repository/2-OBJECTS TAREAS SECUNDARIAS/Pruebas Bienestar/Crear_un_Evento/a_Aceptar3' is clicked on

2023-03-09 12:43:00 - [TEST_STEP][PASSED] - click(findTestObject("2-OBJECTS TAREAS SECUNDARIAS/Pruebas Bienestar/Crear_un_Evento/div_Evaluacin")): Object: 'Object Repository/2-OBJECTS TAREAS SECUNDARIAS/Pruebas Bienestar/Crear_un_Evento/div_Evaluacin' is clicked on

2023-03-09 12:43:01 - [MESSAGE][PASSED] - Object: 'Object Repository/2-OBJECTS TAREAS SECUNDARIAS/Pruebas Bienestar/Crear_un_Evento/div_Evaluacin' is clicked on

2023-03-09 12:43:01 - [TEST_STEP][PASSED] - click(findTestObject("2-OBJECTS TAREAS SECUNDARIAS/Pruebas Bienestar/Crear_un_Evento/a_Evento0")): Object: 'Object Repository/2-OBJECTS TAREAS SECUNDARIAS/Pruebas Bienestar/Crear_un_Evento/a_Evento0' is clicked on

2023-03-09 12:43:01 - [MESSAGE][PASSED] - Object: 'Object Repository/2-OBJECTS TAREAS SECUNDARIAS/Pruebas Bienestar/Crear_un_Evento/a_Evento0' is clicked on

2023-03-09 12:43:01 - [TEST_STEP][PASSED] - if (waitForElementVisible(findTestObject("2-OBJECTS TAREAS SECUNDARIAS/Pruebas Bienestar/Crear_un_Evento/a_No Diligenciada_formEventoEvaluacionpanel_eventotablaEvaluacion0j_idt881"), 1)): Web element with id: 'Object Repository/2-OBJECTS TAREAS SECUNDARIAS/Pruebas Bienestar/Crear_un_Evento/a_No Diligenciada_formEventoEvaluacionpanel_eventotablaEvaluacion0j_idt881' located by '//td[10]/a' not found

2023-03-09 12:43:03 - [MESSAGE][INFO] - Unable to find the element located by 'By.xpath: //td[10]/a'. Please recheck the objects properties to make sure the desired element is located. 

2023-03-09 12:43:03 - [MESSAGE][WARNING] - Web element with id: 'Object Repository/2-OBJECTS TAREAS SECUNDARIAS/Pruebas Bienestar/Crear_un_Evento/a_No Diligenciada_formEventoEvaluacionpanel_eventotablaEvaluacion0j_idt881' located by '//td[10]/a' not found

2023-03-09 12:43:03 - [TEST_STEP][PASSED] - click(findTestObject("2-OBJECTS TAREAS SECUNDARIAS/Pruebas Bienestar/Crear_un_Evento/div_Datos Evento")): Object: 'Object Repository/2-OBJECTS TAREAS SECUNDARIAS/Pruebas Bienestar/Crear_un_Evento/div_Datos Evento' is clicked on

2023-03-09 12:43:04 - [MESSAGE][PASSED] - Object: 'Object Repository/2-OBJECTS TAREAS SECUNDARIAS/Pruebas Bienestar/Crear_un_Evento/div_Datos Evento' is clicked on

2023-03-09 12:43:04 - [TEST_STEP][PASSED] - click(findTestObject("2-OBJECTS TAREAS SECUNDARIAS/Pruebas Bienestar/Crear_un_Evento/a_Publicacin")): Object: 'Object Repository/2-OBJECTS TAREAS SECUNDARIAS/Pruebas Bienestar/Crear_un_Evento/a_Publicacin' is clicked on

2023-03-09 12:43:04 - [MESSAGE][PASSED] - Object: 'Object Repository/2-OBJECTS TAREAS SECUNDARIAS/Pruebas Bienestar/Crear_un_Evento/a_Publicacin' is clicked on

2023-03-09 12:43:04 - [TEST_STEP][PASSED] - if (waitForElementVisible(findTestObject("2-OBJECTS TAREAS SECUNDARIAS/Pruebas Bienestar/Crear_un_Evento/a_Eliminar_http"), 1)): Web element with id: 'Object Repository/2-OBJECTS TAREAS SECUNDARIAS/Pruebas Bienestar/Crear_un_Evento/a_Eliminar_http' located by '//div/div/table/tbody/tr/td[3]/a' not found

2023-03-09 12:43:06 - [MESSAGE][INFO] - Unable to find the element located by 'By.xpath: //div/div/table/tbody/tr/td[3]/a'. Please recheck the objects properties to make sure the desired element is located. 

2023-03-09 12:43:06 - [MESSAGE][WARNING] - Web element with id: 'Object Repository/2-OBJECTS TAREAS SECUNDARIAS/Pruebas Bienestar/Crear_un_Evento/a_Eliminar_http' located by '//div/div/table/tbody/tr/td[3]/a' not found

2023-03-09 12:43:06 - [TEST_STEP][PASSED] - click(findTestObject("2-OBJECTS TAREAS SECUNDARIAS/Pruebas Bienestar/Crear_un_Evento/a_Entidades")): Object: 'Object Repository/2-OBJECTS TAREAS SECUNDARIAS/Pruebas Bienestar/Crear_un_Evento/a_Entidades' is clicked on

2023-03-09 12:43:07 - [MESSAGE][PASSED] - Object: 'Object Repository/2-OBJECTS TAREAS SECUNDARIAS/Pruebas Bienestar/Crear_un_Evento/a_Entidades' is clicked on

2023-03-09 12:43:07 - [TEST_STEP][PASSED] - if (waitForElementVisible(findTestObject("2-OBJECTS TAREAS SECUNDARIAS/Pruebas Bienestar/Crear_un_Evento/a_US_form_entidadlistaEntidades0j_idt630"), 1)): null

2023-03-09 12:43:08 - [MESSAGE][PASSED] - Object 'Object Repository/2-OBJECTS TAREAS SECUNDARIAS/Pruebas Bienestar/Crear_un_Evento/a_US_form_entidadlistaEntidades0j_idt630' is visible

2023-03-09 12:43:08 - [TEST_STEP][PASSED] - click(findTestObject("2-OBJECTS TAREAS SECUNDARIAS/Pruebas Bienestar/Crear_un_Evento/a_US_form_entidadlistaEntidades0j_idt630")): Object: 'Object Repository/2-OBJECTS TAREAS SECUNDARIAS/Pruebas Bienestar/Crear_un_Evento/a_US_form_entidadlistaEntidades0j_idt630' is clicked on

2023-03-09 12:43:08 - [MESSAGE][PASSED] - Object: 'Object Repository/2-OBJECTS TAREAS SECUNDARIAS/Pruebas Bienestar/Crear_un_Evento/a_US_form_entidadlistaEntidades0j_idt630' is clicked on

2023-03-09 12:43:08 - [TEST_STEP][PASSED] - click(findTestObject("2-OBJECTS TAREAS SECUNDARIAS/Pruebas Bienestar/Crear_un_Evento/a_Aceptar_Entidades")): Object: 'Object Repository/2-OBJECTS TAREAS SECUNDARIAS/Pruebas Bienestar/Crear_un_Evento/a_Aceptar_Entidades' is clicked on

2023-03-09 12:43:09 - [MESSAGE][PASSED] - Object: 'Object Repository/2-OBJECTS TAREAS SECUNDARIAS/Pruebas Bienestar/Crear_un_Evento/a_Aceptar_Entidades' is clicked on

2023-03-09 12:43:09 - [TEST_STEP][PASSED] - click(findTestObject("2-OBJECTS TAREAS SECUNDARIAS/Pruebas Bienestar/Crear_un_Evento/a_DirigidoA")): Object: 'Object Repository/2-OBJECTS TAREAS SECUNDARIAS/Pruebas Bienestar/Crear_un_Evento/a_DirigidoA' is clicked on

2023-03-09 12:43:09 - [MESSAGE][PASSED] - Object: 'Object Repository/2-OBJECTS TAREAS SECUNDARIAS/Pruebas Bienestar/Crear_un_Evento/a_DirigidoA' is clicked on

2023-03-09 12:43:09 - [TEST_STEP][PASSED] - if (waitForElementVisible(findTestObject("2-OBJECTS TAREAS SECUNDARIAS/Pruebas Bienestar/Crear_un_Evento/a_Edad_form_condicionDerechoTipoBeneftabla_ventanaCDTB0j_idt797"), 1)): null

2023-03-09 12:43:10 - [MESSAGE][PASSED] - Object 'Object Repository/2-OBJECTS TAREAS SECUNDARIAS/Pruebas Bienestar/Crear_un_Evento/a_Edad_form_condicionDerechoTipoBeneftabla_ventanaCDTB0j_idt797' is visible

2023-03-09 12:43:10 - [TEST_STEP][PASSED] - click(findTestObject("2-OBJECTS TAREAS SECUNDARIAS/Pruebas Bienestar/Crear_un_Evento/a_Edad_form_condicionDerechoTipoBeneftabla_ventanaCDTB0j_idt797"), STOP_ON_FAILURE): Object: 'Object Repository/2-OBJECTS TAREAS SECUNDARIAS/Pruebas Bienestar/Crear_un_Evento/a_Edad_form_condicionDerechoTipoBeneftabla_ventanaCDTB0j_idt797' is clicked on

2023-03-09 12:43:11 - [MESSAGE][PASSED] - Object: 'Object Repository/2-OBJECTS TAREAS SECUNDARIAS/Pruebas Bienestar/Crear_un_Evento/a_Edad_form_condicionDerechoTipoBeneftabla_ventanaCDTB0j_idt797' is clicked on

2023-03-09 12:43:11 - [TEST_STEP][PASSED] - click(findTestObject("2-OBJECTS TAREAS SECUNDARIAS/Pruebas Bienestar/Crear_un_Evento/a_Aceptar_DirigidoA")): Object: 'Object Repository/2-OBJECTS TAREAS SECUNDARIAS/Pruebas Bienestar/Crear_un_Evento/a_Aceptar_DirigidoA' is clicked on

2023-03-09 12:43:12 - [MESSAGE][PASSED] - Object: 'Object Repository/2-OBJECTS TAREAS SECUNDARIAS/Pruebas Bienestar/Crear_un_Evento/a_Aceptar_DirigidoA' is clicked on

2023-03-09 12:43:12 - [TEST_STEP][PASSED] - click(findTestObject("2-OBJECTS TAREAS SECUNDARIAS/Pruebas Bienestar/Crear_un_Evento/div_Recursos")): Object: 'Object Repository/2-OBJECTS TAREAS SECUNDARIAS/Pruebas Bienestar/Crear_un_Evento/div_Recursos' is clicked on

2023-03-09 12:43:12 - [MESSAGE][PASSED] - Object: 'Object Repository/2-OBJECTS TAREAS SECUNDARIAS/Pruebas Bienestar/Crear_un_Evento/div_Recursos' is clicked on

2023-03-09 12:43:12 - [TEST_STEP][PASSED] - click(findTestObject("2-OBJECTS TAREAS SECUNDARIAS/Pruebas Bienestar/Crear_un_Evento/a_Logsticos")): Object: 'Object Repository/2-OBJECTS TAREAS SECUNDARIAS/Pruebas Bienestar/Crear_un_Evento/a_Logsticos' is clicked on

2023-03-09 12:43:13 - [MESSAGE][PASSED] - Object: 'Object Repository/2-OBJECTS TAREAS SECUNDARIAS/Pruebas Bienestar/Crear_un_Evento/a_Logsticos' is clicked on

2023-03-09 12:43:13 - [TEST_STEP][PASSED] - if (waitForElementVisible(findTestObject("2-OBJECTS TAREAS SECUNDARIAS/Pruebas Bienestar/Crear_un_Evento/a_INDISPENSABLE_formRecursoLogisticopanel_recursostabla_recursos0j_idt951"), 1)): null

2023-03-09 12:43:14 - [MESSAGE][PASSED] - Object 'Object Repository/2-OBJECTS TAREAS SECUNDARIAS/Pruebas Bienestar/Crear_un_Evento/a_INDISPENSABLE_formRecursoLogisticopanel_recursostabla_recursos0j_idt951' is visible

2023-03-09 12:43:14 - [TEST_STEP][PASSED] - click(findTestObject("2-OBJECTS TAREAS SECUNDARIAS/Pruebas Bienestar/Crear_un_Evento/a_INDISPENSABLE_formRecursoLogisticopanel_recursostabla_recursos0j_idt951"), STOP_ON_FAILURE): Object: 'Object Repository/2-OBJECTS TAREAS SECUNDARIAS/Pruebas Bienestar/Crear_un_Evento/a_INDISPENSABLE_formRecursoLogisticopanel_recursostabla_recursos0j_idt951' is clicked on

2023-03-09 12:43:14 - [MESSAGE][PASSED] - Object: 'Object Repository/2-OBJECTS TAREAS SECUNDARIAS/Pruebas Bienestar/Crear_un_Evento/a_INDISPENSABLE_formRecursoLogisticopanel_recursostabla_recursos0j_idt951' is clicked on

2023-03-09 12:43:14 - [TEST_STEP][PASSED] - click(findTestObject("2-OBJECTS TAREAS SECUNDARIAS/Pruebas Bienestar/Crear_un_Evento/a_Aceptar_Logisticos")): Object: 'Object Repository/2-OBJECTS TAREAS SECUNDARIAS/Pruebas Bienestar/Crear_un_Evento/a_Aceptar_Logisticos' is clicked on

2023-03-09 12:43:15 - [MESSAGE][PASSED] - Object: 'Object Repository/2-OBJECTS TAREAS SECUNDARIAS/Pruebas Bienestar/Crear_un_Evento/a_Aceptar_Logisticos' is clicked on

2023-03-09 12:43:15 - [TEST_STEP][PASSED] - click(findTestObject("2-OBJECTS TAREAS SECUNDARIAS/Pruebas Bienestar/Crear_un_Evento/div_Datos Evento")): Object: 'Object Repository/2-OBJECTS TAREAS SECUNDARIAS/Pruebas Bienestar/Crear_un_Evento/div_Datos Evento' is clicked on

2023-03-09 12:43:16 - [MESSAGE][PASSED] - Object: 'Object Repository/2-OBJECTS TAREAS SECUNDARIAS/Pruebas Bienestar/Crear_un_Evento/div_Datos Evento' is clicked on

2023-03-09 12:43:16 - [TEST_STEP][PASSED] - click(findTestObject("2-OBJECTS TAREAS SECUNDARIAS/Pruebas Bienestar/Crear_un_Evento/a_Registro")): Object: 'Object Repository/2-OBJECTS TAREAS SECUNDARIAS/Pruebas Bienestar/Crear_un_Evento/a_Registro' is clicked on

2023-03-09 12:43:16 - [MESSAGE][PASSED] - Object: 'Object Repository/2-OBJECTS TAREAS SECUNDARIAS/Pruebas Bienestar/Crear_un_Evento/a_Registro' is clicked on

2023-03-09 12:43:16 - [TEST_STEP][PASSED] - if (waitForElementPresent(findTestObject("2-OBJECTS TAREAS SECUNDARIAS/Pruebas Bienestar/Crear_un_Evento/td_MAR-MIE 0500-0600"), 1)): Object 'Object Repository/2-OBJECTS TAREAS SECUNDARIAS/Pruebas Bienestar/Crear_un_Evento/td_MAR-MIE 0500-0600' is not present after 1 second(s)

2023-03-09 12:43:18 - [MESSAGE][INFO] - Unable to find the element located by 'By.xpath: //td/div/div/table/tbody/tr/td[3]'. Please recheck the objects properties to make sure the desired element is located. 

2023-03-09 12:43:18 - [MESSAGE][WARNING] - Object 'Object Repository/2-OBJECTS TAREAS SECUNDARIAS/Pruebas Bienestar/Crear_un_Evento/td_MAR-MIE 0500-0600' is not present after 1 second(s)

2023-03-09 12:43:18 - [TEST_STEP][PASSED] - click(findTestObject("2-OBJECTS TAREAS SECUNDARIAS/Pruebas Bienestar/Crear_un_Evento/a_Eliminar")): Object: 'Object Repository/2-OBJECTS TAREAS SECUNDARIAS/Pruebas Bienestar/Crear_un_Evento/a_Eliminar' is clicked on

2023-03-09 12:43:19 - [MESSAGE][PASSED] - Object: 'Object Repository/2-OBJECTS TAREAS SECUNDARIAS/Pruebas Bienestar/Crear_un_Evento/a_Eliminar' is clicked on

2023-03-09 12:43:19 - [TEST_STEP][PASSED] - click(findTestObject("2-OBJECTS TAREAS SECUNDARIAS/Pruebas Bienestar/Crear_un_Evento/a_Aceptar2")): Object: 'Object Repository/2-OBJECTS TAREAS SECUNDARIAS/Pruebas Bienestar/Crear_un_Evento/a_Aceptar2' is clicked on

2023-03-09 12:43:20 - [MESSAGE][PASSED] - Object: 'Object Repository/2-OBJECTS TAREAS SECUNDARIAS/Pruebas Bienestar/Crear_un_Evento/a_Aceptar2' is clicked on

2023-03-09 12:43:20 - [TEST_STEP][PASSED] - if (waitForElementClickable(findTestObject("2-OBJECTS TAREAS SECUNDARIAS/Pruebas Bienestar/Crear_un_Evento/td_Prueba-S-SH"), 1)): null

2023-03-09 12:43:21 - [MESSAGE][PASSED] - Object 'Object Repository/2-OBJECTS TAREAS SECUNDARIAS/Pruebas Bienestar/Crear_un_Evento/td_Prueba-S-SH' is clickable

2023-03-09 12:43:21 - [TEST_STEP][PASSED] - click(findTestObject("2-OBJECTS TAREAS SECUNDARIAS/Pruebas Bienestar/Crear_un_Evento/td_Prueba-S-SH")): Object: 'Object Repository/2-OBJECTS TAREAS SECUNDARIAS/Pruebas Bienestar/Crear_un_Evento/td_Prueba-S-SH' is clicked on

2023-03-09 12:43:21 - [MESSAGE][PASSED] - Object: 'Object Repository/2-OBJECTS TAREAS SECUNDARIAS/Pruebas Bienestar/Crear_un_Evento/td_Prueba-S-SH' is clicked on

2023-03-09 12:43:21 - [TEST_STEP][PASSED] - click(findTestObject("2-OBJECTS TAREAS SECUNDARIAS/Pruebas Bienestar/Crear_un_Evento/div_Participante")): Object: 'Object Repository/2-OBJECTS TAREAS SECUNDARIAS/Pruebas Bienestar/Crear_un_Evento/div_Participante' is clicked on

2023-03-09 12:43:22 - [MESSAGE][PASSED] - Object: 'Object Repository/2-OBJECTS TAREAS SECUNDARIAS/Pruebas Bienestar/Crear_un_Evento/div_Participante' is clicked on

2023-03-09 12:43:22 - [TEST_STEP][PASSED] - click(findTestObject("2-OBJECTS TAREAS SECUNDARIAS/Pruebas Bienestar/Crear_un_Evento/a_Sancionados")): Object: 'Object Repository/2-OBJECTS TAREAS SECUNDARIAS/Pruebas Bienestar/Crear_un_Evento/a_Sancionados' is clicked on

2023-03-09 12:43:22 - [MESSAGE][PASSED] - Object: 'Object Repository/2-OBJECTS TAREAS SECUNDARIAS/Pruebas Bienestar/Crear_un_Evento/a_Sancionados' is clicked on

2023-03-09 12:43:22 - [TEST_STEP][PASSED] - if (waitForElementVisible(findTestObject("2-OBJECTS TAREAS SECUNDARIAS/Pruebas Bienestar/Crear_un_Evento/a_PRUEBAS K_form_sancionadoslistaSancionados0j_idt645"), 1)): null

2023-03-09 12:43:23 - [MESSAGE][PASSED] - Object 'Object Repository/2-OBJECTS TAREAS SECUNDARIAS/Pruebas Bienestar/Crear_un_Evento/a_PRUEBAS K_form_sancionadoslistaSancionados0j_idt645' is visible

2023-03-09 12:43:24 - [TEST_STEP][PASSED] - click(findTestObject("2-OBJECTS TAREAS SECUNDARIAS/Pruebas Bienestar/Crear_un_Evento/a_PRUEBAS K_form_sancionadoslistaSancionados0j_idt645")): Object: 'Object Repository/2-OBJECTS TAREAS SECUNDARIAS/Pruebas Bienestar/Crear_un_Evento/a_PRUEBAS K_form_sancionadoslistaSancionados0j_idt645' is clicked on

2023-03-09 12:43:24 - [MESSAGE][PASSED] - Object: 'Object Repository/2-OBJECTS TAREAS SECUNDARIAS/Pruebas Bienestar/Crear_un_Evento/a_PRUEBAS K_form_sancionadoslistaSancionados0j_idt645' is clicked on

2023-03-09 12:43:24 - [TEST_STEP][PASSED] - click(findTestObject("2-OBJECTS TAREAS SECUNDARIAS/Pruebas Bienestar/Crear_un_Evento/a_Aceptar_Sancionados")): Object: 'Object Repository/2-OBJECTS TAREAS SECUNDARIAS/Pruebas Bienestar/Crear_un_Evento/a_Aceptar_Sancionados' is clicked on

2023-03-09 12:43:25 - [MESSAGE][PASSED] - Object: 'Object Repository/2-OBJECTS TAREAS SECUNDARIAS/Pruebas Bienestar/Crear_un_Evento/a_Aceptar_Sancionados' is clicked on

2023-03-09 12:43:25 - [TEST_STEP][PASSED] - click(findTestObject("2-OBJECTS TAREAS SECUNDARIAS/Pruebas Bienestar/Crear_un_Evento/a_Cambiar")): Object: 'Object Repository/2-OBJECTS TAREAS SECUNDARIAS/Pruebas Bienestar/Crear_un_Evento/a_Cambiar' is clicked on

2023-03-09 12:43:26 - [MESSAGE][PASSED] - Object: 'Object Repository/2-OBJECTS TAREAS SECUNDARIAS/Pruebas Bienestar/Crear_un_Evento/a_Cambiar' is clicked on

2023-03-09 12:43:26 - [TEST_STEP][PASSED] - if (waitForElementVisible(findTestObject("2-OBJECTS TAREAS SECUNDARIAS/Pruebas Bienestar/Crear_un_Evento/td_A A A0"), 1)): Web element with id: 'Object Repository/2-OBJECTS TAREAS SECUNDARIAS/Pruebas Bienestar/Crear_un_Evento/td_A A A0' located by '//*/text()[normalize-space(.)='A A A']/parent::*' not found

2023-03-09 12:43:28 - [MESSAGE][INFO] - Unable to find the element located by 'By.xpath: //*/text()[normalize-space(.)='A A A']/parent::*'. Please recheck the objects properties to make sure the desired element is located. 

2023-03-09 12:43:28 - [MESSAGE][WARNING] - Web element with id: 'Object Repository/2-OBJECTS TAREAS SECUNDARIAS/Pruebas Bienestar/Crear_un_Evento/td_A A A0' located by '//*/text()[normalize-space(.)='A A A']/parent::*' not found

2023-03-09 12:43:28 - [TEST_STEP][PASSED] - if (waitForElementVisible(findTestObject("2-OBJECTS TAREAS SECUNDARIAS/Pruebas Bienestar/Crear_un_Evento/td_Diaz Blanco Guisell0"), 1)): Web element with id: 'Object Repository/2-OBJECTS TAREAS SECUNDARIAS/Pruebas Bienestar/Crear_un_Evento/td_Diaz Blanco Guisell0' located by '//*/text()[normalize-space(.)='Diaz Blanco Guisell']/parent::*' not found

2023-03-09 12:43:30 - [MESSAGE][INFO] - Unable to find the element located by 'By.xpath: //*/text()[normalize-space(.)='Diaz Blanco Guisell']/parent::*'. Please recheck the objects properties to make sure the desired element is located. 

2023-03-09 12:43:30 - [MESSAGE][WARNING] - Web element with id: 'Object Repository/2-OBJECTS TAREAS SECUNDARIAS/Pruebas Bienestar/Crear_un_Evento/td_Diaz Blanco Guisell0' located by '//*/text()[normalize-space(.)='Diaz Blanco Guisell']/parent::*' not found

2023-03-09 12:43:30 - [TEST_STEP][PASSED] - click(findTestObject("2-OBJECTS TAREAS SECUNDARIAS/Pruebas Bienestar/Crear_un_Evento/a_Individual")): Object: 'Object Repository/2-OBJECTS TAREAS SECUNDARIAS/Pruebas Bienestar/Crear_un_Evento/a_Individual' is clicked on

2023-03-09 12:43:31 - [MESSAGE][PASSED] - Object: 'Object Repository/2-OBJECTS TAREAS SECUNDARIAS/Pruebas Bienestar/Crear_un_Evento/a_Individual' is clicked on

2023-03-09 12:43:31 - [TEST_STEP][PASSED] - while (waitForElementVisible(findTestObject("2-OBJECTS TAREAS SECUNDARIAS/Pruebas Bienestar/Crear_un_Evento/td_A A A1"), 1)): null

2023-03-09 12:43:32 - [MESSAGE][PASSED] - Object 'Object Repository/2-OBJECTS TAREAS SECUNDARIAS/Pruebas Bienestar/Crear_un_Evento/td_A A A1' is visible

2023-03-09 12:43:32 - [TEST_STEP][PASSED] - click(findTestObject("2-OBJECTS TAREAS SECUNDARIAS/Pruebas Bienestar/Crear_un_Evento/td_A A A1")): Object: 'Object Repository/2-OBJECTS TAREAS SECUNDARIAS/Pruebas Bienestar/Crear_un_Evento/td_A A A1' is clicked on

2023-03-09 12:43:32 - [MESSAGE][PASSED] - Object: 'Object Repository/2-OBJECTS TAREAS SECUNDARIAS/Pruebas Bienestar/Crear_un_Evento/td_A A A1' is clicked on

2023-03-09 12:43:32 - [TEST_STEP][PASSED] - click(findTestObject("2-OBJECTS TAREAS SECUNDARIAS/Pruebas Bienestar/Crear_un_Evento/a_Cambiar Datos_AAA1")): Object: 'Object Repository/2-OBJECTS TAREAS SECUNDARIAS/Pruebas Bienestar/Crear_un_Evento/a_Cambiar Datos_AAA1' is clicked on

2023-03-09 12:43:33 - [MESSAGE][PASSED] - Object: 'Object Repository/2-OBJECTS TAREAS SECUNDARIAS/Pruebas Bienestar/Crear_un_Evento/a_Cambiar Datos_AAA1' is clicked on

2023-03-09 12:43:33 - [TEST_STEP][PASSED] - click(findTestObject("2-OBJECTS TAREAS SECUNDARIAS/Pruebas Bienestar/Crear_un_Evento/a_Eliminar_AAA1")): Object: 'Object Repository/2-OBJECTS TAREAS SECUNDARIAS/Pruebas Bienestar/Crear_un_Evento/a_Eliminar_AAA1' is clicked on

2023-03-09 12:43:34 - [MESSAGE][PASSED] - Object: 'Object Repository/2-OBJECTS TAREAS SECUNDARIAS/Pruebas Bienestar/Crear_un_Evento/a_Eliminar_AAA1' is clicked on

2023-03-09 12:43:34 - [TEST_STEP][PASSED] - click(findTestObject("2-OBJECTS TAREAS SECUNDARIAS/Pruebas Bienestar/Crear_un_Evento/span_Si_eliminar_AAA1")): Object 'Object Repository/2-OBJECTS TAREAS SECUNDARIAS/Pruebas Bienestar/Crear_un_Evento/td_A A A1' is visible

2023-03-09 12:43:35 - [MESSAGE][PASSED] - Object: 'Object Repository/2-OBJECTS TAREAS SECUNDARIAS/Pruebas Bienestar/Crear_un_Evento/span_Si_eliminar_AAA1' is clicked on

2023-03-09 12:43:36 - [MESSAGE][PASSED] - Object 'Object Repository/2-OBJECTS TAREAS SECUNDARIAS/Pruebas Bienestar/Crear_un_Evento/td_A A A1' is visible

2023-03-09 12:43:36 - [TEST_STEP][PASSED] - click(findTestObject("2-OBJECTS TAREAS SECUNDARIAS/Pruebas Bienestar/Crear_un_Evento/td_A A A1")): Object: 'Object Repository/2-OBJECTS TAREAS SECUNDARIAS/Pruebas Bienestar/Crear_un_Evento/td_A A A1' is clicked on

2023-03-09 12:43:36 - [MESSAGE][PASSED] - Object: 'Object Repository/2-OBJECTS TAREAS SECUNDARIAS/Pruebas Bienestar/Crear_un_Evento/td_A A A1' is clicked on

2023-03-09 12:43:36 - [TEST_STEP][PASSED] - click(findTestObject("2-OBJECTS TAREAS SECUNDARIAS/Pruebas Bienestar/Crear_un_Evento/a_Cambiar Datos_AAA1")): Object: 'Object Repository/2-OBJECTS TAREAS SECUNDARIAS/Pruebas Bienestar/Crear_un_Evento/a_Cambiar Datos_AAA1' is clicked on

2023-03-09 12:43:37 - [MESSAGE][PASSED] - Object: 'Object Repository/2-OBJECTS TAREAS SECUNDARIAS/Pruebas Bienestar/Crear_un_Evento/a_Cambiar Datos_AAA1' is clicked on

2023-03-09 12:43:37 - [TEST_STEP][PASSED] - click(findTestObject("2-OBJECTS TAREAS SECUNDARIAS/Pruebas Bienestar/Crear_un_Evento/a_Eliminar_AAA1")): Object: 'Object Repository/2-OBJECTS TAREAS SECUNDARIAS/Pruebas Bienestar/Crear_un_Evento/a_Eliminar_AAA1' is clicked on

2023-03-09 12:43:38 - [MESSAGE][PASSED] - Object: 'Object Repository/2-OBJECTS TAREAS SECUNDARIAS/Pruebas Bienestar/Crear_un_Evento/a_Eliminar_AAA1' is clicked on

2023-03-09 12:43:38 - [TEST_STEP][PASSED] - click(findTestObject("2-OBJECTS TAREAS SECUNDARIAS/Pruebas Bienestar/Crear_un_Evento/span_Si_eliminar_AAA1")): Object 'Object Repository/2-OBJECTS TAREAS SECUNDARIAS/Pruebas Bienestar/Crear_un_Evento/td_A A A1' is visible

2023-03-09 12:43:39 - [MESSAGE][PASSED] - Object: 'Object Repository/2-OBJECTS TAREAS SECUNDARIAS/Pruebas Bienestar/Crear_un_Evento/span_Si_eliminar_AAA1' is clicked on

2023-03-09 12:43:40 - [MESSAGE][PASSED] - Object 'Object Repository/2-OBJECTS TAREAS SECUNDARIAS/Pruebas Bienestar/Crear_un_Evento/td_A A A1' is visible

2023-03-09 12:43:40 - [TEST_STEP][PASSED] - click(findTestObject("2-OBJECTS TAREAS SECUNDARIAS/Pruebas Bienestar/Crear_un_Evento/td_A A A1")): Object: 'Object Repository/2-OBJECTS TAREAS SECUNDARIAS/Pruebas Bienestar/Crear_un_Evento/td_A A A1' is clicked on

2023-03-09 12:43:40 - [MESSAGE][PASSED] - Object: 'Object Repository/2-OBJECTS TAREAS SECUNDARIAS/Pruebas Bienestar/Crear_un_Evento/td_A A A1' is clicked on

2023-03-09 12:43:40 - [TEST_STEP][PASSED] - click(findTestObject("2-OBJECTS TAREAS SECUNDARIAS/Pruebas Bienestar/Crear_un_Evento/a_Cambiar Datos_AAA1")): Object: 'Object Repository/2-OBJECTS TAREAS SECUNDARIAS/Pruebas Bienestar/Crear_un_Evento/a_Cambiar Datos_AAA1' is clicked on

2023-03-09 12:43:42 - [MESSAGE][PASSED] - Object: 'Object Repository/2-OBJECTS TAREAS SECUNDARIAS/Pruebas Bienestar/Crear_un_Evento/a_Cambiar Datos_AAA1' is clicked on

2023-03-09 12:43:42 - [TEST_STEP][PASSED] - click(findTestObject("2-OBJECTS TAREAS SECUNDARIAS/Pruebas Bienestar/Crear_un_Evento/a_Eliminar_AAA1")): Object: 'Object Repository/2-OBJECTS TAREAS SECUNDARIAS/Pruebas Bienestar/Crear_un_Evento/a_Eliminar_AAA1' is clicked on

2023-03-09 12:43:43 - [MESSAGE][PASSED] - Object: 'Object Repository/2-OBJECTS TAREAS SECUNDARIAS/Pruebas Bienestar/Crear_un_Evento/a_Eliminar_AAA1' is clicked on

2023-03-09 12:43:43 - [TEST_STEP][PASSED] - click(findTestObject("2-OBJECTS TAREAS SECUNDARIAS/Pruebas Bienestar/Crear_un_Evento/span_Si_eliminar_AAA1")): Object 'Object Repository/2-OBJECTS TAREAS SECUNDARIAS/Pruebas Bienestar/Crear_un_Evento/td_A A A1' is visible

2023-03-09 12:43:43 - [MESSAGE][PASSED] - Object: 'Object Repository/2-OBJECTS TAREAS SECUNDARIAS/Pruebas Bienestar/Crear_un_Evento/span_Si_eliminar_AAA1' is clicked on

2023-03-09 12:43:44 - [MESSAGE][PASSED] - Object 'Object Repository/2-OBJECTS TAREAS SECUNDARIAS/Pruebas Bienestar/Crear_un_Evento/td_A A A1' is visible

2023-03-09 12:43:44 - [TEST_STEP][PASSED] - click(findTestObject("2-OBJECTS TAREAS SECUNDARIAS/Pruebas Bienestar/Crear_un_Evento/td_A A A1")): Object: 'Object Repository/2-OBJECTS TAREAS SECUNDARIAS/Pruebas Bienestar/Crear_un_Evento/td_A A A1' is clicked on

2023-03-09 12:43:44 - [MESSAGE][PASSED] - Object: 'Object Repository/2-OBJECTS TAREAS SECUNDARIAS/Pruebas Bienestar/Crear_un_Evento/td_A A A1' is clicked on

2023-03-09 12:43:44 - [TEST_STEP][PASSED] - click(findTestObject("2-OBJECTS TAREAS SECUNDARIAS/Pruebas Bienestar/Crear_un_Evento/a_Cambiar Datos_AAA1")): Object: 'Object Repository/2-OBJECTS TAREAS SECUNDARIAS/Pruebas Bienestar/Crear_un_Evento/a_Cambiar Datos_AAA1' is clicked on

2023-03-09 12:43:45 - [MESSAGE][PASSED] - Object: 'Object Repository/2-OBJECTS TAREAS SECUNDARIAS/Pruebas Bienestar/Crear_un_Evento/a_Cambiar Datos_AAA1' is clicked on

2023-03-09 12:43:45 - [TEST_STEP][PASSED] - click(findTestObject("2-OBJECTS TAREAS SECUNDARIAS/Pruebas Bienestar/Crear_un_Evento/a_Eliminar_AAA1")): Object: 'Object Repository/2-OBJECTS TAREAS SECUNDARIAS/Pruebas Bienestar/Crear_un_Evento/a_Eliminar_AAA1' is clicked on

2023-03-09 12:43:46 - [MESSAGE][PASSED] - Object: 'Object Repository/2-OBJECTS TAREAS SECUNDARIAS/Pruebas Bienestar/Crear_un_Evento/a_Eliminar_AAA1' is clicked on

2023-03-09 12:43:46 - [TEST_STEP][PASSED] - click(findTestObject("2-OBJECTS TAREAS SECUNDARIAS/Pruebas Bienestar/Crear_un_Evento/span_Si_eliminar_AAA1")): Object 'Object Repository/2-OBJECTS TAREAS SECUNDARIAS/Pruebas Bienestar/Crear_un_Evento/td_A A A1' is visible

2023-03-09 12:43:47 - [MESSAGE][PASSED] - Object: 'Object Repository/2-OBJECTS TAREAS SECUNDARIAS/Pruebas Bienestar/Crear_un_Evento/span_Si_eliminar_AAA1' is clicked on

2023-03-09 12:43:48 - [MESSAGE][PASSED] - Object 'Object Repository/2-OBJECTS TAREAS SECUNDARIAS/Pruebas Bienestar/Crear_un_Evento/td_A A A1' is visible

2023-03-09 12:43:48 - [TEST_STEP][PASSED] - click(findTestObject("2-OBJECTS TAREAS SECUNDARIAS/Pruebas Bienestar/Crear_un_Evento/td_A A A1")): Object: 'Object Repository/2-OBJECTS TAREAS SECUNDARIAS/Pruebas Bienestar/Crear_un_Evento/td_A A A1' is clicked on

2023-03-09 12:43:48 - [MESSAGE][PASSED] - Object: 'Object Repository/2-OBJECTS TAREAS SECUNDARIAS/Pruebas Bienestar/Crear_un_Evento/td_A A A1' is clicked on

2023-03-09 12:43:48 - [TEST_STEP][PASSED] - click(findTestObject("2-OBJECTS TAREAS SECUNDARIAS/Pruebas Bienestar/Crear_un_Evento/a_Cambiar Datos_AAA1")): Object: 'Object Repository/2-OBJECTS TAREAS SECUNDARIAS/Pruebas Bienestar/Crear_un_Evento/a_Cambiar Datos_AAA1' is clicked on

2023-03-09 12:43:49 - [MESSAGE][PASSED] - Object: 'Object Repository/2-OBJECTS TAREAS SECUNDARIAS/Pruebas Bienestar/Crear_un_Evento/a_Cambiar Datos_AAA1' is clicked on

2023-03-09 12:43:49 - [TEST_STEP][PASSED] - click(findTestObject("2-OBJECTS TAREAS SECUNDARIAS/Pruebas Bienestar/Crear_un_Evento/a_Eliminar_AAA1")): Object: 'Object Repository/2-OBJECTS TAREAS SECUNDARIAS/Pruebas Bienestar/Crear_un_Evento/a_Eliminar_AAA1' is clicked on

2023-03-09 12:43:50 - [MESSAGE][PASSED] - Object: 'Object Repository/2-OBJECTS TAREAS SECUNDARIAS/Pruebas Bienestar/Crear_un_Evento/a_Eliminar_AAA1' is clicked on

2023-03-09 12:43:50 - [TEST_STEP][PASSED] - click(findTestObject("2-OBJECTS TAREAS SECUNDARIAS/Pruebas Bienestar/Crear_un_Evento/span_Si_eliminar_AAA1")): Object 'Object Repository/2-OBJECTS TAREAS SECUNDARIAS/Pruebas Bienestar/Crear_un_Evento/td_A A A1' is visible

2023-03-09 12:43:51 - [MESSAGE][PASSED] - Object: 'Object Repository/2-OBJECTS TAREAS SECUNDARIAS/Pruebas Bienestar/Crear_un_Evento/span_Si_eliminar_AAA1' is clicked on

2023-03-09 12:43:52 - [MESSAGE][PASSED] - Object 'Object Repository/2-OBJECTS TAREAS SECUNDARIAS/Pruebas Bienestar/Crear_un_Evento/td_A A A1' is visible

2023-03-09 12:43:52 - [TEST_STEP][PASSED] - click(findTestObject("2-OBJECTS TAREAS SECUNDARIAS/Pruebas Bienestar/Crear_un_Evento/td_A A A1")): Object: 'Object Repository/2-OBJECTS TAREAS SECUNDARIAS/Pruebas Bienestar/Crear_un_Evento/td_A A A1' is clicked on

2023-03-09 12:43:52 - [MESSAGE][PASSED] - Object: 'Object Repository/2-OBJECTS TAREAS SECUNDARIAS/Pruebas Bienestar/Crear_un_Evento/td_A A A1' is clicked on

2023-03-09 12:43:52 - [TEST_STEP][PASSED] - click(findTestObject("2-OBJECTS TAREAS SECUNDARIAS/Pruebas Bienestar/Crear_un_Evento/a_Cambiar Datos_AAA1")): Object: 'Object Repository/2-OBJECTS TAREAS SECUNDARIAS/Pruebas Bienestar/Crear_un_Evento/a_Cambiar Datos_AAA1' is clicked on

2023-03-09 12:43:53 - [MESSAGE][PASSED] - Object: 'Object Repository/2-OBJECTS TAREAS SECUNDARIAS/Pruebas Bienestar/Crear_un_Evento/a_Cambiar Datos_AAA1' is clicked on

2023-03-09 12:43:53 - [TEST_STEP][PASSED] - click(findTestObject("2-OBJECTS TAREAS SECUNDARIAS/Pruebas Bienestar/Crear_un_Evento/a_Eliminar_AAA1")): Object: 'Object Repository/2-OBJECTS TAREAS SECUNDARIAS/Pruebas Bienestar/Crear_un_Evento/a_Eliminar_AAA1' is clicked on

2023-03-09 12:43:54 - [MESSAGE][PASSED] - Object: 'Object Repository/2-OBJECTS TAREAS SECUNDARIAS/Pruebas Bienestar/Crear_un_Evento/a_Eliminar_AAA1' is clicked on

2023-03-09 12:43:54 - [TEST_STEP][PASSED] - click(findTestObject("2-OBJECTS TAREAS SECUNDARIAS/Pruebas Bienestar/Crear_un_Evento/span_Si_eliminar_AAA1")): Object 'Object Repository/2-OBJECTS TAREAS SECUNDARIAS/Pruebas Bienestar/Crear_un_Evento/td_A A A1' is visible

2023-03-09 12:43:54 - [MESSAGE][PASSED] - Object: 'Object Repository/2-OBJECTS TAREAS SECUNDARIAS/Pruebas Bienestar/Crear_un_Evento/span_Si_eliminar_AAA1' is clicked on

2023-03-09 12:43:55 - [MESSAGE][PASSED] - Object 'Object Repository/2-OBJECTS TAREAS SECUNDARIAS/Pruebas Bienestar/Crear_un_Evento/td_A A A1' is visible

2023-03-09 12:43:55 - [TEST_STEP][PASSED] - click(findTestObject("2-OBJECTS TAREAS SECUNDARIAS/Pruebas Bienestar/Crear_un_Evento/td_A A A1")): Object: 'Object Repository/2-OBJECTS TAREAS SECUNDARIAS/Pruebas Bienestar/Crear_un_Evento/td_A A A1' is clicked on

2023-03-09 12:43:56 - [MESSAGE][PASSED] - Object: 'Object Repository/2-OBJECTS TAREAS SECUNDARIAS/Pruebas Bienestar/Crear_un_Evento/td_A A A1' is clicked on

2023-03-09 12:43:56 - [TEST_STEP][PASSED] - click(findTestObject("2-OBJECTS TAREAS SECUNDARIAS/Pruebas Bienestar/Crear_un_Evento/a_Cambiar Datos_AAA1")): Object: 'Object Repository/2-OBJECTS TAREAS SECUNDARIAS/Pruebas Bienestar/Crear_un_Evento/a_Cambiar Datos_AAA1' is clicked on

2023-03-09 12:43:57 - [MESSAGE][PASSED] - Object: 'Object Repository/2-OBJECTS TAREAS SECUNDARIAS/Pruebas Bienestar/Crear_un_Evento/a_Cambiar Datos_AAA1' is clicked on

2023-03-09 12:43:57 - [TEST_STEP][PASSED] - click(findTestObject("2-OBJECTS TAREAS SECUNDARIAS/Pruebas Bienestar/Crear_un_Evento/a_Eliminar_AAA1")): Object: 'Object Repository/2-OBJECTS TAREAS SECUNDARIAS/Pruebas Bienestar/Crear_un_Evento/a_Eliminar_AAA1' is clicked on

2023-03-09 12:43:58 - [MESSAGE][PASSED] - Object: 'Object Repository/2-OBJECTS TAREAS SECUNDARIAS/Pruebas Bienestar/Crear_un_Evento/a_Eliminar_AAA1' is clicked on

2023-03-09 12:43:58 - [TEST_STEP][PASSED] - click(findTestObject("2-OBJECTS TAREAS SECUNDARIAS/Pruebas Bienestar/Crear_un_Evento/span_Si_eliminar_AAA1")): Object 'Object Repository/2-OBJECTS TAREAS SECUNDARIAS/Pruebas Bienestar/Crear_un_Evento/td_A A A1' is visible

2023-03-09 12:43:58 - [MESSAGE][PASSED] - Object: 'Object Repository/2-OBJECTS TAREAS SECUNDARIAS/Pruebas Bienestar/Crear_un_Evento/span_Si_eliminar_AAA1' is clicked on

2023-03-09 12:43:59 - [MESSAGE][PASSED] - Object 'Object Repository/2-OBJECTS TAREAS SECUNDARIAS/Pruebas Bienestar/Crear_un_Evento/td_A A A1' is visible

2023-03-09 12:43:59 - [TEST_STEP][PASSED] - click(findTestObject("2-OBJECTS TAREAS SECUNDARIAS/Pruebas Bienestar/Crear_un_Evento/td_A A A1")): Object: 'Object Repository/2-OBJECTS TAREAS SECUNDARIAS/Pruebas Bienestar/Crear_un_Evento/td_A A A1' is clicked on

2023-03-09 12:44:00 - [MESSAGE][PASSED] - Object: 'Object Repository/2-OBJECTS TAREAS SECUNDARIAS/Pruebas Bienestar/Crear_un_Evento/td_A A A1' is clicked on

2023-03-09 12:44:00 - [TEST_STEP][PASSED] - click(findTestObject("2-OBJECTS TAREAS SECUNDARIAS/Pruebas Bienestar/Crear_un_Evento/a_Cambiar Datos_AAA1")): Object: 'Object Repository/2-OBJECTS TAREAS SECUNDARIAS/Pruebas Bienestar/Crear_un_Evento/a_Cambiar Datos_AAA1' is clicked on

2023-03-09 12:44:01 - [MESSAGE][PASSED] - Object: 'Object Repository/2-OBJECTS TAREAS SECUNDARIAS/Pruebas Bienestar/Crear_un_Evento/a_Cambiar Datos_AAA1' is clicked on

2023-03-09 12:44:01 - [TEST_STEP][PASSED] - click(findTestObject("2-OBJECTS TAREAS SECUNDARIAS/Pruebas Bienestar/Crear_un_Evento/a_Eliminar_AAA1")): Object: 'Object Repository/2-OBJECTS TAREAS SECUNDARIAS/Pruebas Bienestar/Crear_un_Evento/a_Eliminar_AAA1' is clicked on

2023-03-09 12:44:02 - [MESSAGE][PASSED] - Object: 'Object Repository/2-OBJECTS TAREAS SECUNDARIAS/Pruebas Bienestar/Crear_un_Evento/a_Eliminar_AAA1' is clicked on

2023-03-09 12:44:02 - [TEST_STEP][PASSED] - click(findTestObject("2-OBJECTS TAREAS SECUNDARIAS/Pruebas Bienestar/Crear_un_Evento/span_Si_eliminar_AAA1")): Object 'Object Repository/2-OBJECTS TAREAS SECUNDARIAS/Pruebas Bienestar/Crear_un_Evento/td_A A A1' is visible

2023-03-09 12:44:02 - [MESSAGE][PASSED] - Object: 'Object Repository/2-OBJECTS TAREAS SECUNDARIAS/Pruebas Bienestar/Crear_un_Evento/span_Si_eliminar_AAA1' is clicked on

2023-03-09 12:44:03 - [MESSAGE][PASSED] - Object 'Object Repository/2-OBJECTS TAREAS SECUNDARIAS/Pruebas Bienestar/Crear_un_Evento/td_A A A1' is visible

2023-03-09 12:44:03 - [TEST_STEP][PASSED] - click(findTestObject("2-OBJECTS TAREAS SECUNDARIAS/Pruebas Bienestar/Crear_un_Evento/td_A A A1")): Object: 'Object Repository/2-OBJECTS TAREAS SECUNDARIAS/Pruebas Bienestar/Crear_un_Evento/td_A A A1' is clicked on

2023-03-09 12:44:04 - [MESSAGE][PASSED] - Object: 'Object Repository/2-OBJECTS TAREAS SECUNDARIAS/Pruebas Bienestar/Crear_un_Evento/td_A A A1' is clicked on

2023-03-09 12:44:04 - [TEST_STEP][PASSED] - click(findTestObject("2-OBJECTS TAREAS SECUNDARIAS/Pruebas Bienestar/Crear_un_Evento/a_Cambiar Datos_AAA1")): Object: 'Object Repository/2-OBJECTS TAREAS SECUNDARIAS/Pruebas Bienestar/Crear_un_Evento/a_Cambiar Datos_AAA1' is clicked on

2023-03-09 12:44:05 - [MESSAGE][PASSED] - Object: 'Object Repository/2-OBJECTS TAREAS SECUNDARIAS/Pruebas Bienestar/Crear_un_Evento/a_Cambiar Datos_AAA1' is clicked on

2023-03-09 12:44:05 - [TEST_STEP][PASSED] - click(findTestObject("2-OBJECTS TAREAS SECUNDARIAS/Pruebas Bienestar/Crear_un_Evento/a_Eliminar_AAA1")): Object: 'Object Repository/2-OBJECTS TAREAS SECUNDARIAS/Pruebas Bienestar/Crear_un_Evento/a_Eliminar_AAA1' is clicked on

2023-03-09 12:44:06 - [MESSAGE][PASSED] - Object: 'Object Repository/2-OBJECTS TAREAS SECUNDARIAS/Pruebas Bienestar/Crear_un_Evento/a_Eliminar_AAA1' is clicked on

2023-03-09 12:44:06 - [TEST_STEP][PASSED] - click(findTestObject("2-OBJECTS TAREAS SECUNDARIAS/Pruebas Bienestar/Crear_un_Evento/span_Si_eliminar_AAA1")): Object 'Object Repository/2-OBJECTS TAREAS SECUNDARIAS/Pruebas Bienestar/Crear_un_Evento/td_A A A1' is visible

2023-03-09 12:44:06 - [MESSAGE][PASSED] - Object: 'Object Repository/2-OBJECTS TAREAS SECUNDARIAS/Pruebas Bienestar/Crear_un_Evento/span_Si_eliminar_AAA1' is clicked on

2023-03-09 12:44:07 - [MESSAGE][PASSED] - Object 'Object Repository/2-OBJECTS TAREAS SECUNDARIAS/Pruebas Bienestar/Crear_un_Evento/td_A A A1' is visible

2023-03-09 12:44:07 - [TEST_STEP][PASSED] - click(findTestObject("2-OBJECTS TAREAS SECUNDARIAS/Pruebas Bienestar/Crear_un_Evento/td_A A A1")): Object: 'Object Repository/2-OBJECTS TAREAS SECUNDARIAS/Pruebas Bienestar/Crear_un_Evento/td_A A A1' is clicked on

2023-03-09 12:44:08 - [MESSAGE][PASSED] - Object: 'Object Repository/2-OBJECTS TAREAS SECUNDARIAS/Pruebas Bienestar/Crear_un_Evento/td_A A A1' is clicked on

2023-03-09 12:44:08 - [TEST_STEP][PASSED] - click(findTestObject("2-OBJECTS TAREAS SECUNDARIAS/Pruebas Bienestar/Crear_un_Evento/a_Cambiar Datos_AAA1")): Object: 'Object Repository/2-OBJECTS TAREAS SECUNDARIAS/Pruebas Bienestar/Crear_un_Evento/a_Cambiar Datos_AAA1' is clicked on

2023-03-09 12:44:09 - [MESSAGE][PASSED] - Object: 'Object Repository/2-OBJECTS TAREAS SECUNDARIAS/Pruebas Bienestar/Crear_un_Evento/a_Cambiar Datos_AAA1' is clicked on

2023-03-09 12:44:09 - [TEST_STEP][PASSED] - click(findTestObject("2-OBJECTS TAREAS SECUNDARIAS/Pruebas Bienestar/Crear_un_Evento/a_Eliminar_AAA1")): Object: 'Object Repository/2-OBJECTS TAREAS SECUNDARIAS/Pruebas Bienestar/Crear_un_Evento/a_Eliminar_AAA1' is clicked on

2023-03-09 12:44:10 - [MESSAGE][PASSED] - Object: 'Object Repository/2-OBJECTS TAREAS SECUNDARIAS/Pruebas Bienestar/Crear_un_Evento/a_Eliminar_AAA1' is clicked on

2023-03-09 12:44:10 - [TEST_STEP][PASSED] - click(findTestObject("2-OBJECTS TAREAS SECUNDARIAS/Pruebas Bienestar/Crear_un_Evento/span_Si_eliminar_AAA1")): Object 'Object Repository/2-OBJECTS TAREAS SECUNDARIAS/Pruebas Bienestar/Crear_un_Evento/td_A A A1' is visible

2023-03-09 12:44:10 - [MESSAGE][PASSED] - Object: 'Object Repository/2-OBJECTS TAREAS SECUNDARIAS/Pruebas Bienestar/Crear_un_Evento/span_Si_eliminar_AAA1' is clicked on

2023-03-09 12:44:11 - [MESSAGE][PASSED] - Object 'Object Repository/2-OBJECTS TAREAS SECUNDARIAS/Pruebas Bienestar/Crear_un_Evento/td_A A A1' is visible

2023-03-09 12:44:11 - [TEST_STEP][PASSED] - click(findTestObject("2-OBJECTS TAREAS SECUNDARIAS/Pruebas Bienestar/Crear_un_Evento/td_A A A1")): Object: 'Object Repository/2-OBJECTS TAREAS SECUNDARIAS/Pruebas Bienestar/Crear_un_Evento/td_A A A1' is clicked on

2023-03-09 12:44:11 - [MESSAGE][PASSED] - Object: 'Object Repository/2-OBJECTS TAREAS SECUNDARIAS/Pruebas Bienestar/Crear_un_Evento/td_A A A1' is clicked on

2023-03-09 12:44:11 - [TEST_STEP][PASSED] - click(findTestObject("2-OBJECTS TAREAS SECUNDARIAS/Pruebas Bienestar/Crear_un_Evento/a_Cambiar Datos_AAA1")): Object: 'Object Repository/2-OBJECTS TAREAS SECUNDARIAS/Pruebas Bienestar/Crear_un_Evento/a_Cambiar Datos_AAA1' is clicked on

2023-03-09 12:44:12 - [MESSAGE][PASSED] - Object: 'Object Repository/2-OBJECTS TAREAS SECUNDARIAS/Pruebas Bienestar/Crear_un_Evento/a_Cambiar Datos_AAA1' is clicked on

2023-03-09 12:44:12 - [TEST_STEP][PASSED] - click(findTestObject("2-OBJECTS TAREAS SECUNDARIAS/Pruebas Bienestar/Crear_un_Evento/a_Eliminar_AAA1")): Object: 'Object Repository/2-OBJECTS TAREAS SECUNDARIAS/Pruebas Bienestar/Crear_un_Evento/a_Eliminar_AAA1' is clicked on

2023-03-09 12:44:13 - [MESSAGE][PASSED] - Object: 'Object Repository/2-OBJECTS TAREAS SECUNDARIAS/Pruebas Bienestar/Crear_un_Evento/a_Eliminar_AAA1' is clicked on

2023-03-09 12:44:13 - [TEST_STEP][PASSED] - click(findTestObject("2-OBJECTS TAREAS SECUNDARIAS/Pruebas Bienestar/Crear_un_Evento/span_Si_eliminar_AAA1")): Object 'Object Repository/2-OBJECTS TAREAS SECUNDARIAS/Pruebas Bienestar/Crear_un_Evento/td_A A A1' is visible

2023-03-09 12:44:14 - [MESSAGE][PASSED] - Object: 'Object Repository/2-OBJECTS TAREAS SECUNDARIAS/Pruebas Bienestar/Crear_un_Evento/span_Si_eliminar_AAA1' is clicked on

2023-03-09 12:44:15 - [MESSAGE][PASSED] - Object 'Object Repository/2-OBJECTS TAREAS SECUNDARIAS/Pruebas Bienestar/Crear_un_Evento/td_A A A1' is visible

2023-03-09 12:44:15 - [TEST_STEP][PASSED] - click(findTestObject("2-OBJECTS TAREAS SECUNDARIAS/Pruebas Bienestar/Crear_un_Evento/td_A A A1")): Object: 'Object Repository/2-OBJECTS TAREAS SECUNDARIAS/Pruebas Bienestar/Crear_un_Evento/td_A A A1' is clicked on

2023-03-09 12:44:15 - [MESSAGE][PASSED] - Object: 'Object Repository/2-OBJECTS TAREAS SECUNDARIAS/Pruebas Bienestar/Crear_un_Evento/td_A A A1' is clicked on

2023-03-09 12:44:15 - [TEST_STEP][PASSED] - click(findTestObject("2-OBJECTS TAREAS SECUNDARIAS/Pruebas Bienestar/Crear_un_Evento/a_Cambiar Datos_AAA1")): Object: 'Object Repository/2-OBJECTS TAREAS SECUNDARIAS/Pruebas Bienestar/Crear_un_Evento/a_Cambiar Datos_AAA1' is clicked on

2023-03-09 12:44:16 - [MESSAGE][PASSED] - Object: 'Object Repository/2-OBJECTS TAREAS SECUNDARIAS/Pruebas Bienestar/Crear_un_Evento/a_Cambiar Datos_AAA1' is clicked on

2023-03-09 12:44:16 - [TEST_STEP][PASSED] - click(findTestObject("2-OBJECTS TAREAS SECUNDARIAS/Pruebas Bienestar/Crear_un_Evento/a_Eliminar_AAA1")): Object: 'Object Repository/2-OBJECTS TAREAS SECUNDARIAS/Pruebas Bienestar/Crear_un_Evento/a_Eliminar_AAA1' is clicked on

2023-03-09 12:44:17 - [MESSAGE][PASSED] - Object: 'Object Repository/2-OBJECTS TAREAS SECUNDARIAS/Pruebas Bienestar/Crear_un_Evento/a_Eliminar_AAA1' is clicked on

2023-03-09 12:44:17 - [TEST_STEP][PASSED] - click(findTestObject("2-OBJECTS TAREAS SECUNDARIAS/Pruebas Bienestar/Crear_un_Evento/span_Si_eliminar_AAA1")): Object 'Object Repository/2-OBJECTS TAREAS SECUNDARIAS/Pruebas Bienestar/Crear_un_Evento/td_A A A1' is visible

2023-03-09 12:44:17 - [MESSAGE][PASSED] - Object: 'Object Repository/2-OBJECTS TAREAS SECUNDARIAS/Pruebas Bienestar/Crear_un_Evento/span_Si_eliminar_AAA1' is clicked on

2023-03-09 12:44:18 - [MESSAGE][PASSED] - Object 'Object Repository/2-OBJECTS TAREAS SECUNDARIAS/Pruebas Bienestar/Crear_un_Evento/td_A A A1' is visible

2023-03-09 12:44:18 - [TEST_STEP][PASSED] - click(findTestObject("2-OBJECTS TAREAS SECUNDARIAS/Pruebas Bienestar/Crear_un_Evento/td_A A A1")): Object: 'Object Repository/2-OBJECTS TAREAS SECUNDARIAS/Pruebas Bienestar/Crear_un_Evento/td_A A A1' is clicked on

2023-03-09 12:44:19 - [MESSAGE][PASSED] - Object: 'Object Repository/2-OBJECTS TAREAS SECUNDARIAS/Pruebas Bienestar/Crear_un_Evento/td_A A A1' is clicked on

2023-03-09 12:44:19 - [TEST_STEP][PASSED] - click(findTestObject("2-OBJECTS TAREAS SECUNDARIAS/Pruebas Bienestar/Crear_un_Evento/a_Cambiar Datos_AAA1")): Object: 'Object Repository/2-OBJECTS TAREAS SECUNDARIAS/Pruebas Bienestar/Crear_un_Evento/a_Cambiar Datos_AAA1' is clicked on

2023-03-09 12:44:20 - [MESSAGE][PASSED] - Object: 'Object Repository/2-OBJECTS TAREAS SECUNDARIAS/Pruebas Bienestar/Crear_un_Evento/a_Cambiar Datos_AAA1' is clicked on

2023-03-09 12:44:20 - [TEST_STEP][PASSED] - click(findTestObject("2-OBJECTS TAREAS SECUNDARIAS/Pruebas Bienestar/Crear_un_Evento/a_Eliminar_AAA1")): Object: 'Object Repository/2-OBJECTS TAREAS SECUNDARIAS/Pruebas Bienestar/Crear_un_Evento/a_Eliminar_AAA1' is clicked on

2023-03-09 12:44:21 - [MESSAGE][PASSED] - Object: 'Object Repository/2-OBJECTS TAREAS SECUNDARIAS/Pruebas Bienestar/Crear_un_Evento/a_Eliminar_AAA1' is clicked on

2023-03-09 12:44:21 - [TEST_STEP][PASSED] - click(findTestObject("2-OBJECTS TAREAS SECUNDARIAS/Pruebas Bienestar/Crear_un_Evento/span_Si_eliminar_AAA1")): Object 'Object Repository/2-OBJECTS TAREAS SECUNDARIAS/Pruebas Bienestar/Crear_un_Evento/td_A A A1' is visible

2023-03-09 12:44:21 - [MESSAGE][PASSED] - Object: 'Object Repository/2-OBJECTS TAREAS SECUNDARIAS/Pruebas Bienestar/Crear_un_Evento/span_Si_eliminar_AAA1' is clicked on

2023-03-09 12:44:22 - [MESSAGE][PASSED] - Object 'Object Repository/2-OBJECTS TAREAS SECUNDARIAS/Pruebas Bienestar/Crear_un_Evento/td_A A A1' is visible

2023-03-09 12:44:22 - [TEST_STEP][PASSED] - click(findTestObject("2-OBJECTS TAREAS SECUNDARIAS/Pruebas Bienestar/Crear_un_Evento/td_A A A1")): Object: 'Object Repository/2-OBJECTS TAREAS SECUNDARIAS/Pruebas Bienestar/Crear_un_Evento/td_A A A1' is clicked on

2023-03-09 12:44:23 - [MESSAGE][PASSED] - Object: 'Object Repository/2-OBJECTS TAREAS SECUNDARIAS/Pruebas Bienestar/Crear_un_Evento/td_A A A1' is clicked on

2023-03-09 12:44:23 - [TEST_STEP][PASSED] - click(findTestObject("2-OBJECTS TAREAS SECUNDARIAS/Pruebas Bienestar/Crear_un_Evento/a_Cambiar Datos_AAA1")): Object: 'Object Repository/2-OBJECTS TAREAS SECUNDARIAS/Pruebas Bienestar/Crear_un_Evento/a_Cambiar Datos_AAA1' is clicked on

2023-03-09 12:44:24 - [MESSAGE][PASSED] - Object: 'Object Repository/2-OBJECTS TAREAS SECUNDARIAS/Pruebas Bienestar/Crear_un_Evento/a_Cambiar Datos_AAA1' is clicked on

2023-03-09 12:44:24 - [TEST_STEP][PASSED] - click(findTestObject("2-OBJECTS TAREAS SECUNDARIAS/Pruebas Bienestar/Crear_un_Evento/a_Eliminar_AAA1")): Object: 'Object Repository/2-OBJECTS TAREAS SECUNDARIAS/Pruebas Bienestar/Crear_un_Evento/a_Eliminar_AAA1' is clicked on

2023-03-09 12:44:25 - [MESSAGE][PASSED] - Object: 'Object Repository/2-OBJECTS TAREAS SECUNDARIAS/Pruebas Bienestar/Crear_un_Evento/a_Eliminar_AAA1' is clicked on

2023-03-09 12:44:25 - [TEST_STEP][PASSED] - click(findTestObject("2-OBJECTS TAREAS SECUNDARIAS/Pruebas Bienestar/Crear_un_Evento/span_Si_eliminar_AAA1")): Object 'Object Repository/2-OBJECTS TAREAS SECUNDARIAS/Pruebas Bienestar/Crear_un_Evento/td_A A A1' is visible

2023-03-09 12:44:25 - [MESSAGE][PASSED] - Object: 'Object Repository/2-OBJECTS TAREAS SECUNDARIAS/Pruebas Bienestar/Crear_un_Evento/span_Si_eliminar_AAA1' is clicked on

2023-03-09 12:44:26 - [MESSAGE][PASSED] - Object 'Object Repository/2-OBJECTS TAREAS SECUNDARIAS/Pruebas Bienestar/Crear_un_Evento/td_A A A1' is visible

2023-03-09 12:44:26 - [TEST_STEP][PASSED] - click(findTestObject("2-OBJECTS TAREAS SECUNDARIAS/Pruebas Bienestar/Crear_un_Evento/td_A A A1")): Object: 'Object Repository/2-OBJECTS TAREAS SECUNDARIAS/Pruebas Bienestar/Crear_un_Evento/td_A A A1' is clicked on

2023-03-09 12:44:27 - [MESSAGE][PASSED] - Object: 'Object Repository/2-OBJECTS TAREAS SECUNDARIAS/Pruebas Bienestar/Crear_un_Evento/td_A A A1' is clicked on

2023-03-09 12:44:27 - [TEST_STEP][PASSED] - click(findTestObject("2-OBJECTS TAREAS SECUNDARIAS/Pruebas Bienestar/Crear_un_Evento/a_Cambiar Datos_AAA1")): Object: 'Object Repository/2-OBJECTS TAREAS SECUNDARIAS/Pruebas Bienestar/Crear_un_Evento/a_Cambiar Datos_AAA1' is clicked on

2023-03-09 12:44:27 - [MESSAGE][PASSED] - Object: 'Object Repository/2-OBJECTS TAREAS SECUNDARIAS/Pruebas Bienestar/Crear_un_Evento/a_Cambiar Datos_AAA1' is clicked on

2023-03-09 12:44:27 - [TEST_STEP][PASSED] - click(findTestObject("2-OBJECTS TAREAS SECUNDARIAS/Pruebas Bienestar/Crear_un_Evento/a_Eliminar_AAA1")): Object: 'Object Repository/2-OBJECTS TAREAS SECUNDARIAS/Pruebas Bienestar/Crear_un_Evento/a_Eliminar_AAA1' is clicked on

2023-03-09 12:44:28 - [MESSAGE][PASSED] - Object: 'Object Repository/2-OBJECTS TAREAS SECUNDARIAS/Pruebas Bienestar/Crear_un_Evento/a_Eliminar_AAA1' is clicked on

2023-03-09 12:44:28 - [TEST_STEP][PASSED] - click(findTestObject("2-OBJECTS TAREAS SECUNDARIAS/Pruebas Bienestar/Crear_un_Evento/span_Si_eliminar_AAA1")): Object 'Object Repository/2-OBJECTS TAREAS SECUNDARIAS/Pruebas Bienestar/Crear_un_Evento/td_A A A1' is visible

2023-03-09 12:44:29 - [MESSAGE][PASSED] - Object: 'Object Repository/2-OBJECTS TAREAS SECUNDARIAS/Pruebas Bienestar/Crear_un_Evento/span_Si_eliminar_AAA1' is clicked on

2023-03-09 12:44:30 - [MESSAGE][PASSED] - Object 'Object Repository/2-OBJECTS TAREAS SECUNDARIAS/Pruebas Bienestar/Crear_un_Evento/td_A A A1' is visible

2023-03-09 12:44:30 - [TEST_STEP][PASSED] - click(findTestObject("2-OBJECTS TAREAS SECUNDARIAS/Pruebas Bienestar/Crear_un_Evento/td_A A A1")): Object: 'Object Repository/2-OBJECTS TAREAS SECUNDARIAS/Pruebas Bienestar/Crear_un_Evento/td_A A A1' is clicked on

2023-03-09 12:44:30 - [MESSAGE][PASSED] - Object: 'Object Repository/2-OBJECTS TAREAS SECUNDARIAS/Pruebas Bienestar/Crear_un_Evento/td_A A A1' is clicked on

2023-03-09 12:44:30 - [TEST_STEP][PASSED] - click(findTestObject("2-OBJECTS TAREAS SECUNDARIAS/Pruebas Bienestar/Crear_un_Evento/a_Cambiar Datos_AAA1")): Object: 'Object Repository/2-OBJECTS TAREAS SECUNDARIAS/Pruebas Bienestar/Crear_un_Evento/a_Cambiar Datos_AAA1' is clicked on

2023-03-09 12:44:31 - [MESSAGE][PASSED] - Object: 'Object Repository/2-OBJECTS TAREAS SECUNDARIAS/Pruebas Bienestar/Crear_un_Evento/a_Cambiar Datos_AAA1' is clicked on

2023-03-09 12:44:31 - [TEST_STEP][PASSED] - click(findTestObject("2-OBJECTS TAREAS SECUNDARIAS/Pruebas Bienestar/Crear_un_Evento/a_Eliminar_AAA1")): Object: 'Object Repository/2-OBJECTS TAREAS SECUNDARIAS/Pruebas Bienestar/Crear_un_Evento/a_Eliminar_AAA1' is clicked on

2023-03-09 12:44:32 - [MESSAGE][PASSED] - Object: 'Object Repository/2-OBJECTS TAREAS SECUNDARIAS/Pruebas Bienestar/Crear_un_Evento/a_Eliminar_AAA1' is clicked on

2023-03-09 12:44:32 - [TEST_STEP][PASSED] - click(findTestObject("2-OBJECTS TAREAS SECUNDARIAS/Pruebas Bienestar/Crear_un_Evento/span_Si_eliminar_AAA1")): Object 'Object Repository/2-OBJECTS TAREAS SECUNDARIAS/Pruebas Bienestar/Crear_un_Evento/td_A A A1' is visible

2023-03-09 12:44:32 - [MESSAGE][PASSED] - Object: 'Object Repository/2-OBJECTS TAREAS SECUNDARIAS/Pruebas Bienestar/Crear_un_Evento/span_Si_eliminar_AAA1' is clicked on

2023-03-09 12:44:33 - [MESSAGE][PASSED] - Object 'Object Repository/2-OBJECTS TAREAS SECUNDARIAS/Pruebas Bienestar/Crear_un_Evento/td_A A A1' is visible

2023-03-09 12:44:33 - [TEST_STEP][PASSED] - click(findTestObject("2-OBJECTS TAREAS SECUNDARIAS/Pruebas Bienestar/Crear_un_Evento/td_A A A1")): Object: 'Object Repository/2-OBJECTS TAREAS SECUNDARIAS/Pruebas Bienestar/Crear_un_Evento/td_A A A1' is clicked on

2023-03-09 12:44:34 - [MESSAGE][PASSED] - Object: 'Object Repository/2-OBJECTS TAREAS SECUNDARIAS/Pruebas Bienestar/Crear_un_Evento/td_A A A1' is clicked on

2023-03-09 12:44:34 - [TEST_STEP][PASSED] - click(findTestObject("2-OBJECTS TAREAS SECUNDARIAS/Pruebas Bienestar/Crear_un_Evento/a_Cambiar Datos_AAA1")): Object: 'Object Repository/2-OBJECTS TAREAS SECUNDARIAS/Pruebas Bienestar/Crear_un_Evento/a_Cambiar Datos_AAA1' is clicked on

2023-03-09 12:44:35 - [MESSAGE][PASSED] - Object: 'Object Repository/2-OBJECTS TAREAS SECUNDARIAS/Pruebas Bienestar/Crear_un_Evento/a_Cambiar Datos_AAA1' is clicked on

2023-03-09 12:44:35 - [TEST_STEP][PASSED] - click(findTestObject("2-OBJECTS TAREAS SECUNDARIAS/Pruebas Bienestar/Crear_un_Evento/a_Eliminar_AAA1")): Object: 'Object Repository/2-OBJECTS TAREAS SECUNDARIAS/Pruebas Bienestar/Crear_un_Evento/a_Eliminar_AAA1' is clicked on

2023-03-09 12:44:35 - [MESSAGE][PASSED] - Object: 'Object Repository/2-OBJECTS TAREAS SECUNDARIAS/Pruebas Bienestar/Crear_un_Evento/a_Eliminar_AAA1' is clicked on

2023-03-09 12:44:35 - [TEST_STEP][PASSED] - click(findTestObject("2-OBJECTS TAREAS SECUNDARIAS/Pruebas Bienestar/Crear_un_Evento/span_Si_eliminar_AAA1")): Object 'Object Repository/2-OBJECTS TAREAS SECUNDARIAS/Pruebas Bienestar/Crear_un_Evento/td_A A A1' is visible

2023-03-09 12:44:36 - [MESSAGE][PASSED] - Object: 'Object Repository/2-OBJECTS TAREAS SECUNDARIAS/Pruebas Bienestar/Crear_un_Evento/span_Si_eliminar_AAA1' is clicked on

2023-03-09 12:44:37 - [MESSAGE][PASSED] - Object 'Object Repository/2-OBJECTS TAREAS SECUNDARIAS/Pruebas Bienestar/Crear_un_Evento/td_A A A1' is visible

2023-03-09 12:44:37 - [TEST_STEP][PASSED] - click(findTestObject("2-OBJECTS TAREAS SECUNDARIAS/Pruebas Bienestar/Crear_un_Evento/td_A A A1")): Object: 'Object Repository/2-OBJECTS TAREAS SECUNDARIAS/Pruebas Bienestar/Crear_un_Evento/td_A A A1' is clicked on

2023-03-09 12:44:37 - [MESSAGE][PASSED] - Object: 'Object Repository/2-OBJECTS TAREAS SECUNDARIAS/Pruebas Bienestar/Crear_un_Evento/td_A A A1' is clicked on

2023-03-09 12:44:37 - [TEST_STEP][PASSED] - click(findTestObject("2-OBJECTS TAREAS SECUNDARIAS/Pruebas Bienestar/Crear_un_Evento/a_Cambiar Datos_AAA1")): Object: 'Object Repository/2-OBJECTS TAREAS SECUNDARIAS/Pruebas Bienestar/Crear_un_Evento/a_Cambiar Datos_AAA1' is clicked on

2023-03-09 12:44:38 - [MESSAGE][PASSED] - Object: 'Object Repository/2-OBJECTS TAREAS SECUNDARIAS/Pruebas Bienestar/Crear_un_Evento/a_Cambiar Datos_AAA1' is clicked on

2023-03-09 12:44:38 - [TEST_STEP][PASSED] - click(findTestObject("2-OBJECTS TAREAS SECUNDARIAS/Pruebas Bienestar/Crear_un_Evento/a_Eliminar_AAA1")): Object: 'Object Repository/2-OBJECTS TAREAS SECUNDARIAS/Pruebas Bienestar/Crear_un_Evento/a_Eliminar_AAA1' is clicked on

2023-03-09 12:44:39 - [MESSAGE][PASSED] - Object: 'Object Repository/2-OBJECTS TAREAS SECUNDARIAS/Pruebas Bienestar/Crear_un_Evento/a_Eliminar_AAA1' is clicked on

2023-03-09 12:44:39 - [TEST_STEP][PASSED] - click(findTestObject("2-OBJECTS TAREAS SECUNDARIAS/Pruebas Bienestar/Crear_un_Evento/span_Si_eliminar_AAA1")): Object 'Object Repository/2-OBJECTS TAREAS SECUNDARIAS/Pruebas Bienestar/Crear_un_Evento/td_A A A1' is visible

2023-03-09 12:44:40 - [MESSAGE][PASSED] - Object: 'Object Repository/2-OBJECTS TAREAS SECUNDARIAS/Pruebas Bienestar/Crear_un_Evento/span_Si_eliminar_AAA1' is clicked on

2023-03-09 12:44:41 - [MESSAGE][PASSED] - Object 'Object Repository/2-OBJECTS TAREAS SECUNDARIAS/Pruebas Bienestar/Crear_un_Evento/td_A A A1' is visible

2023-03-09 12:44:41 - [TEST_STEP][PASSED] - click(findTestObject("2-OBJECTS TAREAS SECUNDARIAS/Pruebas Bienestar/Crear_un_Evento/td_A A A1")): Object: 'Object Repository/2-OBJECTS TAREAS SECUNDARIAS/Pruebas Bienestar/Crear_un_Evento/td_A A A1' is clicked on

2023-03-09 12:44:41 - [MESSAGE][PASSED] - Object: 'Object Repository/2-OBJECTS TAREAS SECUNDARIAS/Pruebas Bienestar/Crear_un_Evento/td_A A A1' is clicked on

2023-03-09 12:44:41 - [TEST_STEP][PASSED] - click(findTestObject("2-OBJECTS TAREAS SECUNDARIAS/Pruebas Bienestar/Crear_un_Evento/a_Cambiar Datos_AAA1")): Object: 'Object Repository/2-OBJECTS TAREAS SECUNDARIAS/Pruebas Bienestar/Crear_un_Evento/a_Cambiar Datos_AAA1' is clicked on

2023-03-09 12:44:42 - [MESSAGE][PASSED] - Object: 'Object Repository/2-OBJECTS TAREAS SECUNDARIAS/Pruebas Bienestar/Crear_un_Evento/a_Cambiar Datos_AAA1' is clicked on

2023-03-09 12:44:42 - [TEST_STEP][PASSED] - click(findTestObject("2-OBJECTS TAREAS SECUNDARIAS/Pruebas Bienestar/Crear_un_Evento/a_Eliminar_AAA1")): Object: 'Object Repository/2-OBJECTS TAREAS SECUNDARIAS/Pruebas Bienestar/Crear_un_Evento/a_Eliminar_AAA1' is clicked on

2023-03-09 12:44:43 - [MESSAGE][PASSED] - Object: 'Object Repository/2-OBJECTS TAREAS SECUNDARIAS/Pruebas Bienestar/Crear_un_Evento/a_Eliminar_AAA1' is clicked on

2023-03-09 12:44:43 - [TEST_STEP][PASSED] - click(findTestObject("2-OBJECTS TAREAS SECUNDARIAS/Pruebas Bienestar/Crear_un_Evento/span_Si_eliminar_AAA1")): Object 'Object Repository/2-OBJECTS TAREAS SECUNDARIAS/Pruebas Bienestar/Crear_un_Evento/td_A A A1' is visible

2023-03-09 12:44:44 - [MESSAGE][PASSED] - Object: 'Object Repository/2-OBJECTS TAREAS SECUNDARIAS/Pruebas Bienestar/Crear_un_Evento/span_Si_eliminar_AAA1' is clicked on

2023-03-09 12:44:45 - [MESSAGE][PASSED] - Object 'Object Repository/2-OBJECTS TAREAS SECUNDARIAS/Pruebas Bienestar/Crear_un_Evento/td_A A A1' is visible

2023-03-09 12:44:45 - [TEST_STEP][PASSED] - click(findTestObject("2-OBJECTS TAREAS SECUNDARIAS/Pruebas Bienestar/Crear_un_Evento/td_A A A1")): Object: 'Object Repository/2-OBJECTS TAREAS SECUNDARIAS/Pruebas Bienestar/Crear_un_Evento/td_A A A1' is clicked on

2023-03-09 12:44:45 - [MESSAGE][PASSED] - Object: 'Object Repository/2-OBJECTS TAREAS SECUNDARIAS/Pruebas Bienestar/Crear_un_Evento/td_A A A1' is clicked on

2023-03-09 12:44:45 - [TEST_STEP][PASSED] - click(findTestObject("2-OBJECTS TAREAS SECUNDARIAS/Pruebas Bienestar/Crear_un_Evento/a_Cambiar Datos_AAA1")): Object: 'Object Repository/2-OBJECTS TAREAS SECUNDARIAS/Pruebas Bienestar/Crear_un_Evento/a_Cambiar Datos_AAA1' is clicked on

2023-03-09 12:44:46 - [MESSAGE][PASSED] - Object: 'Object Repository/2-OBJECTS TAREAS SECUNDARIAS/Pruebas Bienestar/Crear_un_Evento/a_Cambiar Datos_AAA1' is clicked on

2023-03-09 12:44:46 - [TEST_STEP][PASSED] - click(findTestObject("2-OBJECTS TAREAS SECUNDARIAS/Pruebas Bienestar/Crear_un_Evento/a_Eliminar_AAA1")): Object: 'Object Repository/2-OBJECTS TAREAS SECUNDARIAS/Pruebas Bienestar/Crear_un_Evento/a_Eliminar_AAA1' is clicked on

2023-03-09 12:44:47 - [MESSAGE][PASSED] - Object: 'Object Repository/2-OBJECTS TAREAS SECUNDARIAS/Pruebas Bienestar/Crear_un_Evento/a_Eliminar_AAA1' is clicked on

2023-03-09 12:44:47 - [TEST_STEP][PASSED] - click(findTestObject("2-OBJECTS TAREAS SECUNDARIAS/Pruebas Bienestar/Crear_un_Evento/span_Si_eliminar_AAA1")): Object 'Object Repository/2-OBJECTS TAREAS SECUNDARIAS/Pruebas Bienestar/Crear_un_Evento/td_A A A1' is visible

2023-03-09 12:44:47 - [MESSAGE][PASSED] - Object: 'Object Repository/2-OBJECTS TAREAS SECUNDARIAS/Pruebas Bienestar/Crear_un_Evento/span_Si_eliminar_AAA1' is clicked on

2023-03-09 12:44:48 - [MESSAGE][PASSED] - Object 'Object Repository/2-OBJECTS TAREAS SECUNDARIAS/Pruebas Bienestar/Crear_un_Evento/td_A A A1' is visible

2023-03-09 12:44:48 - [TEST_STEP][PASSED] - click(findTestObject("2-OBJECTS TAREAS SECUNDARIAS/Pruebas Bienestar/Crear_un_Evento/td_A A A1")): Object: 'Object Repository/2-OBJECTS TAREAS SECUNDARIAS/Pruebas Bienestar/Crear_un_Evento/td_A A A1' is clicked on

2023-03-09 12:44:49 - [MESSAGE][PASSED] - Object: 'Object Repository/2-OBJECTS TAREAS SECUNDARIAS/Pruebas Bienestar/Crear_un_Evento/td_A A A1' is clicked on

2023-03-09 12:44:49 - [TEST_STEP][PASSED] - click(findTestObject("2-OBJECTS TAREAS SECUNDARIAS/Pruebas Bienestar/Crear_un_Evento/a_Cambiar Datos_AAA1")): Object: 'Object Repository/2-OBJECTS TAREAS SECUNDARIAS/Pruebas Bienestar/Crear_un_Evento/a_Cambiar Datos_AAA1' is clicked on

2023-03-09 12:44:49 - [MESSAGE][PASSED] - Object: 'Object Repository/2-OBJECTS TAREAS SECUNDARIAS/Pruebas Bienestar/Crear_un_Evento/a_Cambiar Datos_AAA1' is clicked on

2023-03-09 12:44:49 - [TEST_STEP][PASSED] - click(findTestObject("2-OBJECTS TAREAS SECUNDARIAS/Pruebas Bienestar/Crear_un_Evento/a_Eliminar_AAA1")): Object: 'Object Repository/2-OBJECTS TAREAS SECUNDARIAS/Pruebas Bienestar/Crear_un_Evento/a_Eliminar_AAA1' is clicked on

2023-03-09 12:44:50 - [MESSAGE][PASSED] - Object: 'Object Repository/2-OBJECTS TAREAS SECUNDARIAS/Pruebas Bienestar/Crear_un_Evento/a_Eliminar_AAA1' is clicked on

2023-03-09 12:44:50 - [TEST_STEP][PASSED] - click(findTestObject("2-OBJECTS TAREAS SECUNDARIAS/Pruebas Bienestar/Crear_un_Evento/span_Si_eliminar_AAA1")): Object 'Object Repository/2-OBJECTS TAREAS SECUNDARIAS/Pruebas Bienestar/Crear_un_Evento/td_A A A1' is not visible after 1 second(s)

2023-03-09 12:44:51 - [MESSAGE][PASSED] - Object: 'Object Repository/2-OBJECTS TAREAS SECUNDARIAS/Pruebas Bienestar/Crear_un_Evento/span_Si_eliminar_AAA1' is clicked on

2023-03-09 12:44:53 - [MESSAGE][WARNING] - Object 'Object Repository/2-OBJECTS TAREAS SECUNDARIAS/Pruebas Bienestar/Crear_un_Evento/td_A A A1' is not visible after 1 second(s)

2023-03-09 12:44:53 - [TEST_STEP][PASSED] - if (waitForElementVisible(findTestObject("2-OBJECTS TAREAS SECUNDARIAS/Pruebas Bienestar/Crear_un_Evento/td_Diaz Blanco Guisell1"), 1)): Web element with id: 'Object Repository/2-OBJECTS TAREAS SECUNDARIAS/Pruebas Bienestar/Crear_un_Evento/td_Diaz Blanco Guisell1' located by '//*/text()[normalize-space(.)='Diaz Blanco Guisell']/parent::*' not found

2023-03-09 12:44:55 - [MESSAGE][INFO] - Unable to find the element located by 'By.xpath: //*/text()[normalize-space(.)='Diaz Blanco Guisell']/parent::*'. Please recheck the objects properties to make sure the desired element is located. 

2023-03-09 12:44:55 - [MESSAGE][WARNING] - Web element with id: 'Object Repository/2-OBJECTS TAREAS SECUNDARIAS/Pruebas Bienestar/Crear_un_Evento/td_Diaz Blanco Guisell1' located by '//*/text()[normalize-space(.)='Diaz Blanco Guisell']/parent::*' not found

2023-03-09 12:44:55 - [TEST_STEP][PASSED] - click(findTestObject("2-OBJECTS TAREAS SECUNDARIAS/Pruebas Bienestar/Crear_un_Evento/div_Datos Evento")): Object: 'Object Repository/2-OBJECTS TAREAS SECUNDARIAS/Pruebas Bienestar/Crear_un_Evento/div_Datos Evento' is clicked on

2023-03-09 12:44:56 - [MESSAGE][PASSED] - Object: 'Object Repository/2-OBJECTS TAREAS SECUNDARIAS/Pruebas Bienestar/Crear_un_Evento/div_Datos Evento' is clicked on

2023-03-09 12:44:56 - [TEST_STEP][PASSED] - click(findTestObject("2-OBJECTS TAREAS SECUNDARIAS/Pruebas Bienestar/Crear_un_Evento/a_DirigidoA")): Object: 'Object Repository/2-OBJECTS TAREAS SECUNDARIAS/Pruebas Bienestar/Crear_un_Evento/a_DirigidoA' is clicked on

2023-03-09 12:44:56 - [MESSAGE][PASSED] - Object: 'Object Repository/2-OBJECTS TAREAS SECUNDARIAS/Pruebas Bienestar/Crear_un_Evento/a_DirigidoA' is clicked on

2023-03-09 12:44:56 - [TEST_STEP][PASSED] - if (waitForElementVisible(findTestObject("2-OBJECTS TAREAS SECUNDARIAS/Pruebas Bienestar/Crear_un_Evento/a_Edad_form_condicionDerechoTipoBeneftabla_ventanaCDTB0j_idt797"), 1)): null

2023-03-09 12:44:57 - [MESSAGE][PASSED] - Object 'Object Repository/2-OBJECTS TAREAS SECUNDARIAS/Pruebas Bienestar/Crear_un_Evento/a_Edad_form_condicionDerechoTipoBeneftabla_ventanaCDTB0j_idt797' is visible

2023-03-09 12:44:57 - [TEST_STEP][PASSED] - click(findTestObject("2-OBJECTS TAREAS SECUNDARIAS/Pruebas Bienestar/Crear_un_Evento/a_Edad_form_condicionDerechoTipoBeneftabla_ventanaCDTB0j_idt797")): Object: 'Object Repository/2-OBJECTS TAREAS SECUNDARIAS/Pruebas Bienestar/Crear_un_Evento/a_Edad_form_condicionDerechoTipoBeneftabla_ventanaCDTB0j_idt797' is clicked on

2023-03-09 12:44:57 - [MESSAGE][PASSED] - Object: 'Object Repository/2-OBJECTS TAREAS SECUNDARIAS/Pruebas Bienestar/Crear_un_Evento/a_Edad_form_condicionDerechoTipoBeneftabla_ventanaCDTB0j_idt797' is clicked on

2023-03-09 12:44:57 - [TEST_STEP][PASSED] - click(findTestObject("2-OBJECTS TAREAS SECUNDARIAS/Pruebas Bienestar/Crear_un_Evento/a_Aceptar_eliminar_dirigidoA")): Object: 'Object Repository/2-OBJECTS TAREAS SECUNDARIAS/Pruebas Bienestar/Crear_un_Evento/a_Aceptar_eliminar_dirigidoA' is clicked on

2023-03-09 12:44:58 - [MESSAGE][PASSED] - Object: 'Object Repository/2-OBJECTS TAREAS SECUNDARIAS/Pruebas Bienestar/Crear_un_Evento/a_Aceptar_eliminar_dirigidoA' is clicked on

2023-03-09 12:44:58 - [TEST_STEP][PASSED] - click(findTestObject("2-OBJECTS TAREAS SECUNDARIAS/Pruebas Bienestar/Crear_un_Evento/a_Instructores")): Object: 'Object Repository/2-OBJECTS TAREAS SECUNDARIAS/Pruebas Bienestar/Crear_un_Evento/a_Instructores' is clicked on

2023-03-09 12:44:59 - [MESSAGE][PASSED] - Object: 'Object Repository/2-OBJECTS TAREAS SECUNDARIAS/Pruebas Bienestar/Crear_un_Evento/a_Instructores' is clicked on

2023-03-09 12:44:59 - [TEST_STEP][PASSED] - if (waitForElementVisible(findTestObject("2-OBJECTS TAREAS SECUNDARIAS/Pruebas Bienestar/Crear_un_Evento/a_Instructores_form_entrenadorlistaEntrenadores0j_idt620"), 1)): null

2023-03-09 12:45:00 - [MESSAGE][PASSED] - Object 'Object Repository/2-OBJECTS TAREAS SECUNDARIAS/Pruebas Bienestar/Crear_un_Evento/a_Instructores_form_entrenadorlistaEntrenadores0j_idt620' is visible

2023-03-09 12:45:00 - [TEST_STEP][PASSED] - click(findTestObject("2-OBJECTS TAREAS SECUNDARIAS/Pruebas Bienestar/Crear_un_Evento/a_Instructores_form_entrenadorlistaEntrenadores0j_idt620")): Object: 'Object Repository/2-OBJECTS TAREAS SECUNDARIAS/Pruebas Bienestar/Crear_un_Evento/a_Instructores_form_entrenadorlistaEntrenadores0j_idt620' is clicked on

2023-03-09 12:45:00 - [MESSAGE][PASSED] - Object: 'Object Repository/2-OBJECTS TAREAS SECUNDARIAS/Pruebas Bienestar/Crear_un_Evento/a_Instructores_form_entrenadorlistaEntrenadores0j_idt620' is clicked on

2023-03-09 12:45:00 - [TEST_STEP][PASSED] - click(findTestObject("2-OBJECTS TAREAS SECUNDARIAS/Pruebas Bienestar/Crear_un_Evento/a_Aceptar_eliminar_instructor")): Object: 'Object Repository/2-OBJECTS TAREAS SECUNDARIAS/Pruebas Bienestar/Crear_un_Evento/a_Aceptar_eliminar_instructor' is clicked on

2023-03-09 12:45:01 - [MESSAGE][PASSED] - Object: 'Object Repository/2-OBJECTS TAREAS SECUNDARIAS/Pruebas Bienestar/Crear_un_Evento/a_Aceptar_eliminar_instructor' is clicked on

2023-03-09 12:45:01 - [TEST_STEP][PASSED] - click(findTestObject("2-OBJECTS TAREAS SECUNDARIAS/Pruebas Bienestar/Crear_un_Evento/a_Momento Eventos")): Object: 'Object Repository/2-OBJECTS TAREAS SECUNDARIAS/Pruebas Bienestar/Crear_un_Evento/a_Momento Eventos' is clicked on

2023-03-09 12:45:02 - [MESSAGE][PASSED] - Object: 'Object Repository/2-OBJECTS TAREAS SECUNDARIAS/Pruebas Bienestar/Crear_un_Evento/a_Momento Eventos' is clicked on

2023-03-09 12:45:02 - [TEST_STEP][PASSED] - if (waitForElementClickable(findTestObject("2-OBJECTS TAREAS SECUNDARIAS/Pruebas Bienestar/Crear_un_Evento/td_prueba-S-SH1"), 1)): null

2023-03-09 12:45:03 - [MESSAGE][PASSED] - Object 'Object Repository/2-OBJECTS TAREAS SECUNDARIAS/Pruebas Bienestar/Crear_un_Evento/td_prueba-S-SH1' is clickable

2023-03-09 12:45:03 - [TEST_STEP][PASSED] - click(findTestObject("2-OBJECTS TAREAS SECUNDARIAS/Pruebas Bienestar/Crear_un_Evento/td_prueba-S-SH1")): Object: 'Object Repository/2-OBJECTS TAREAS SECUNDARIAS/Pruebas Bienestar/Crear_un_Evento/td_prueba-S-SH1' is clicked on

2023-03-09 12:45:03 - [MESSAGE][PASSED] - Object: 'Object Repository/2-OBJECTS TAREAS SECUNDARIAS/Pruebas Bienestar/Crear_un_Evento/td_prueba-S-SH1' is clicked on

2023-03-09 12:45:03 - [TEST_STEP][PASSED] - if (waitForElementVisible(findTestObject("2-OBJECTS TAREAS SECUNDARIAS/Pruebas Bienestar/Crear_un_Evento/a_MAR-MIE 0500-0600_popupMomentoEvento_formtablaMomentoEventoHorarioPopup0j_idt1586"), 1)): null

2023-03-09 12:45:04 - [MESSAGE][PASSED] - Object 'Object Repository/2-OBJECTS TAREAS SECUNDARIAS/Pruebas Bienestar/Crear_un_Evento/a_MAR-MIE 0500-0600_popupMomentoEvento_formtablaMomentoEventoHorarioPopup0j_idt1586' is visible

2023-03-09 12:45:04 - [TEST_STEP][PASSED] - click(findTestObject("2-OBJECTS TAREAS SECUNDARIAS/Pruebas Bienestar/Crear_un_Evento/a_MAR-MIE 0500-0600_popupMomentoEvento_formtablaMomentoEventoHorarioPopup0j_idt1586"), STOP_ON_FAILURE): Object: 'Object Repository/2-OBJECTS TAREAS SECUNDARIAS/Pruebas Bienestar/Crear_un_Evento/a_MAR-MIE 0500-0600_popupMomentoEvento_formtablaMomentoEventoHorarioPopup0j_idt1586' is clicked on

2023-03-09 12:45:05 - [MESSAGE][PASSED] - Object: 'Object Repository/2-OBJECTS TAREAS SECUNDARIAS/Pruebas Bienestar/Crear_un_Evento/a_MAR-MIE 0500-0600_popupMomentoEvento_formtablaMomentoEventoHorarioPopup0j_idt1586' is clicked on

2023-03-09 12:45:05 - [TEST_STEP][PASSED] - click(findTestObject("2-OBJECTS TAREAS SECUNDARIAS/Pruebas Bienestar/Crear_un_Evento/a_Aceptar_eliminar_momentoE0")): Object: 'Object Repository/2-OBJECTS TAREAS SECUNDARIAS/Pruebas Bienestar/Crear_un_Evento/a_Aceptar_eliminar_momentoE0' is clicked on

2023-03-09 12:45:05 - [MESSAGE][PASSED] - Object: 'Object Repository/2-OBJECTS TAREAS SECUNDARIAS/Pruebas Bienestar/Crear_un_Evento/a_Aceptar_eliminar_momentoE0' is clicked on

2023-03-09 12:45:05 - [TEST_STEP][PASSED] - click(findTestObject("2-OBJECTS TAREAS SECUNDARIAS/Pruebas Bienestar/Crear_un_Evento/a_Eliminar_momentoE")): Object: 'Object Repository/2-OBJECTS TAREAS SECUNDARIAS/Pruebas Bienestar/Crear_un_Evento/a_Eliminar_momentoE' is clicked on

2023-03-09 12:45:06 - [MESSAGE][PASSED] - Object: 'Object Repository/2-OBJECTS TAREAS SECUNDARIAS/Pruebas Bienestar/Crear_un_Evento/a_Eliminar_momentoE' is clicked on

2023-03-09 12:45:06 - [TEST_STEP][PASSED] - click(findTestObject("2-OBJECTS TAREAS SECUNDARIAS/Pruebas Bienestar/Crear_un_Evento/a_Aceptar_eliminar_momentoE")): Object: 'Object Repository/2-OBJECTS TAREAS SECUNDARIAS/Pruebas Bienestar/Crear_un_Evento/a_Aceptar_eliminar_momentoE' is clicked on

2023-03-09 12:45:07 - [MESSAGE][PASSED] - Object: 'Object Repository/2-OBJECTS TAREAS SECUNDARIAS/Pruebas Bienestar/Crear_un_Evento/a_Aceptar_eliminar_momentoE' is clicked on

2023-03-09 12:45:07 - [TEST_STEP][PASSED] - click(findTestObject("2-OBJECTS TAREAS SECUNDARIAS/Pruebas Bienestar/Crear_un_Evento/a_Publicacin")): Object: 'Object Repository/2-OBJECTS TAREAS SECUNDARIAS/Pruebas Bienestar/Crear_un_Evento/a_Publicacin' is clicked on

2023-03-09 12:45:08 - [MESSAGE][PASSED] - Object: 'Object Repository/2-OBJECTS TAREAS SECUNDARIAS/Pruebas Bienestar/Crear_un_Evento/a_Publicacin' is clicked on

2023-03-09 12:45:08 - [TEST_STEP][PASSED] - if (waitForElementVisible(findTestObject("2-OBJECTS TAREAS SECUNDARIAS/Pruebas Bienestar/Crear_un_Evento/a_Eliminar_http"), 1)): null

2023-03-09 12:45:09 - [MESSAGE][PASSED] - Object 'Object Repository/2-OBJECTS TAREAS SECUNDARIAS/Pruebas Bienestar/Crear_un_Evento/a_Eliminar_http' is visible

2023-03-09 12:45:09 - [TEST_STEP][PASSED] - click(findTestObject("2-OBJECTS TAREAS SECUNDARIAS/Pruebas Bienestar/Crear_un_Evento/a_Eliminar_http")): Object: 'Object Repository/2-OBJECTS TAREAS SECUNDARIAS/Pruebas Bienestar/Crear_un_Evento/a_Eliminar_http' is clicked on

2023-03-09 12:45:09 - [MESSAGE][PASSED] - Object: 'Object Repository/2-OBJECTS TAREAS SECUNDARIAS/Pruebas Bienestar/Crear_un_Evento/a_Eliminar_http' is clicked on

2023-03-09 12:45:09 - [TEST_STEP][PASSED] - click(findTestObject("2-OBJECTS TAREAS SECUNDARIAS/Pruebas Bienestar/Crear_un_Evento/span_Si")): Object: 'Object Repository/2-OBJECTS TAREAS SECUNDARIAS/Pruebas Bienestar/Crear_un_Evento/span_Si' is clicked on

2023-03-09 12:45:10 - [MESSAGE][PASSED] - Object: 'Object Repository/2-OBJECTS TAREAS SECUNDARIAS/Pruebas Bienestar/Crear_un_Evento/span_Si' is clicked on

2023-03-09 12:45:10 - [TEST_STEP][PASSED] - click(findTestObject("2-OBJECTS TAREAS SECUNDARIAS/Pruebas Bienestar/Crear_un_Evento/a_Entidades")): Object: 'Object Repository/2-OBJECTS TAREAS SECUNDARIAS/Pruebas Bienestar/Crear_un_Evento/a_Entidades' is clicked on

2023-03-09 12:45:11 - [MESSAGE][PASSED] - Object: 'Object Repository/2-OBJECTS TAREAS SECUNDARIAS/Pruebas Bienestar/Crear_un_Evento/a_Entidades' is clicked on

2023-03-09 12:45:11 - [TEST_STEP][PASSED] - if (waitForElementVisible(findTestObject("2-OBJECTS TAREAS SECUNDARIAS/Pruebas Bienestar/Crear_un_Evento/a_US_form_entidadlistaEntidades0j_idt630"), 1)): Web element with id: 'Object Repository/2-OBJECTS TAREAS SECUNDARIAS/Pruebas Bienestar/Crear_un_Evento/a_US_form_entidadlistaEntidades0j_idt630' located by '//div/div/table/tbody/tr/td[2]/a' not found

2023-03-09 12:45:13 - [MESSAGE][INFO] - Unable to find the element located by 'By.xpath: //div/div/table/tbody/tr/td[2]/a'. Please recheck the objects properties to make sure the desired element is located. 

2023-03-09 12:45:13 - [MESSAGE][WARNING] - Web element with id: 'Object Repository/2-OBJECTS TAREAS SECUNDARIAS/Pruebas Bienestar/Crear_un_Evento/a_US_form_entidadlistaEntidades0j_idt630' located by '//div/div/table/tbody/tr/td[2]/a' not found

2023-03-09 12:45:13 - [TEST_STEP][PASSED] - click(findTestObject("2-OBJECTS TAREAS SECUNDARIAS/Pruebas Bienestar/Crear_un_Evento/a_DirigidoA")): Object: 'Object Repository/2-OBJECTS TAREAS SECUNDARIAS/Pruebas Bienestar/Crear_un_Evento/a_DirigidoA' is clicked on

2023-03-09 12:45:14 - [MESSAGE][PASSED] - Object: 'Object Repository/2-OBJECTS TAREAS SECUNDARIAS/Pruebas Bienestar/Crear_un_Evento/a_DirigidoA' is clicked on

2023-03-09 12:45:14 - [TEST_STEP][PASSED] - if (waitForElementVisible(findTestObject("2-OBJECTS TAREAS SECUNDARIAS/Pruebas Bienestar/Crear_un_Evento/a_Edad_form_condicionDerechoTipoBeneftabla_ventanaCDTB0j_idt797"), 1)): Web element with id: 'Object Repository/2-OBJECTS TAREAS SECUNDARIAS/Pruebas Bienestar/Crear_un_Evento/a_Edad_form_condicionDerechoTipoBeneftabla_ventanaCDTB0j_idt797' located by '//div/div/table/tbody/tr/td[3]/a' not found

2023-03-09 12:45:16 - [MESSAGE][INFO] - Unable to find the element located by 'By.xpath: //div/div/table/tbody/tr/td[3]/a'. Please recheck the objects properties to make sure the desired element is located. 

2023-03-09 12:45:16 - [MESSAGE][WARNING] - Web element with id: 'Object Repository/2-OBJECTS TAREAS SECUNDARIAS/Pruebas Bienestar/Crear_un_Evento/a_Edad_form_condicionDerechoTipoBeneftabla_ventanaCDTB0j_idt797' located by '//div/div/table/tbody/tr/td[3]/a' not found

2023-03-09 12:45:16 - [TEST_STEP][PASSED] - click(findTestObject("2-OBJECTS TAREAS SECUNDARIAS/Pruebas Bienestar/Crear_un_Evento/div_Recursos")): Object: 'Object Repository/2-OBJECTS TAREAS SECUNDARIAS/Pruebas Bienestar/Crear_un_Evento/div_Recursos' is clicked on

2023-03-09 12:45:16 - [MESSAGE][PASSED] - Object: 'Object Repository/2-OBJECTS TAREAS SECUNDARIAS/Pruebas Bienestar/Crear_un_Evento/div_Recursos' is clicked on

2023-03-09 12:45:16 - [TEST_STEP][PASSED] - click(findTestObject("2-OBJECTS TAREAS SECUNDARIAS/Pruebas Bienestar/Crear_un_Evento/a_Logsticos")): Object: 'Object Repository/2-OBJECTS TAREAS SECUNDARIAS/Pruebas Bienestar/Crear_un_Evento/a_Logsticos' is clicked on

2023-03-09 12:45:17 - [MESSAGE][PASSED] - Object: 'Object Repository/2-OBJECTS TAREAS SECUNDARIAS/Pruebas Bienestar/Crear_un_Evento/a_Logsticos' is clicked on

2023-03-09 12:45:17 - [TEST_STEP][PASSED] - if (waitForElementVisible(findTestObject("2-OBJECTS TAREAS SECUNDARIAS/Pruebas Bienestar/Crear_un_Evento/a_INDISPENSABLE_formRecursoLogisticopanel_recursostabla_recursos0j_idt951"), 1)): Web element with id: 'Object Repository/2-OBJECTS TAREAS SECUNDARIAS/Pruebas Bienestar/Crear_un_Evento/a_INDISPENSABLE_formRecursoLogisticopanel_recursostabla_recursos0j_idt951' located by '//div/div/table/tbody/tr/td[3]/a' not found

2023-03-09 12:45:19 - [MESSAGE][INFO] - Unable to find the element located by 'By.xpath: //div/div/table/tbody/tr/td[3]/a'. Please recheck the objects properties to make sure the desired element is located. 

2023-03-09 12:45:19 - [MESSAGE][WARNING] - Web element with id: 'Object Repository/2-OBJECTS TAREAS SECUNDARIAS/Pruebas Bienestar/Crear_un_Evento/a_INDISPENSABLE_formRecursoLogisticopanel_recursostabla_recursos0j_idt951' located by '//div/div/table/tbody/tr/td[3]/a' not found

2023-03-09 12:45:19 - [TEST_STEP][PASSED] - click(findTestObject("2-OBJECTS TAREAS SECUNDARIAS/Pruebas Bienestar/Crear_un_Evento/div_Evaluacin")): Object: 'Object Repository/2-OBJECTS TAREAS SECUNDARIAS/Pruebas Bienestar/Crear_un_Evento/div_Evaluacin' is clicked on

2023-03-09 12:45:20 - [MESSAGE][PASSED] - Object: 'Object Repository/2-OBJECTS TAREAS SECUNDARIAS/Pruebas Bienestar/Crear_un_Evento/div_Evaluacin' is clicked on

2023-03-09 12:45:20 - [TEST_STEP][PASSED] - click(findTestObject("2-OBJECTS TAREAS SECUNDARIAS/Pruebas Bienestar/Crear_un_Evento/a_Evento0")): Object: 'Object Repository/2-OBJECTS TAREAS SECUNDARIAS/Pruebas Bienestar/Crear_un_Evento/a_Evento0' is clicked on

2023-03-09 12:45:20 - [MESSAGE][PASSED] - Object: 'Object Repository/2-OBJECTS TAREAS SECUNDARIAS/Pruebas Bienestar/Crear_un_Evento/a_Evento0' is clicked on

2023-03-09 12:45:20 - [TEST_STEP][PASSED] - if (waitForElementVisible(findTestObject("2-OBJECTS TAREAS SECUNDARIAS/Pruebas Bienestar/Crear_un_Evento/a_No Diligenciada_formEventoEvaluacionpanel_eventotablaEvaluacion0j_idt885"), 1)): Web element with id: 'Object Repository/2-OBJECTS TAREAS SECUNDARIAS/Pruebas Bienestar/Crear_un_Evento/a_No Diligenciada_formEventoEvaluacionpanel_eventotablaEvaluacion0j_idt885' located by '//td[10]/a' not found

2023-03-09 12:45:22 - [MESSAGE][INFO] - Unable to find the element located by 'By.xpath: //td[10]/a'. Please recheck the objects properties to make sure the desired element is located. 

2023-03-09 12:45:22 - [MESSAGE][WARNING] - Web element with id: 'Object Repository/2-OBJECTS TAREAS SECUNDARIAS/Pruebas Bienestar/Crear_un_Evento/a_No Diligenciada_formEventoEvaluacionpanel_eventotablaEvaluacion0j_idt885' located by '//td[10]/a' not found

2023-03-09 12:45:22 - [TEST_STEP][PASSED] - click(findTestObject("2-OBJECTS TAREAS SECUNDARIAS/Pruebas Bienestar/Crear_un_Evento/div_Participante")): Object: 'Object Repository/2-OBJECTS TAREAS SECUNDARIAS/Pruebas Bienestar/Crear_un_Evento/div_Participante' is clicked on

2023-03-09 12:45:23 - [MESSAGE][PASSED] - Object: 'Object Repository/2-OBJECTS TAREAS SECUNDARIAS/Pruebas Bienestar/Crear_un_Evento/div_Participante' is clicked on

2023-03-09 12:45:23 - [TEST_STEP][PASSED] - click(findTestObject("2-OBJECTS TAREAS SECUNDARIAS/Pruebas Bienestar/Crear_un_Evento/a_Cambiar")): Object: 'Object Repository/2-OBJECTS TAREAS SECUNDARIAS/Pruebas Bienestar/Crear_un_Evento/a_Cambiar' is clicked on

2023-03-09 12:45:23 - [MESSAGE][PASSED] - Object: 'Object Repository/2-OBJECTS TAREAS SECUNDARIAS/Pruebas Bienestar/Crear_un_Evento/a_Cambiar' is clicked on

2023-03-09 12:45:23 - [TEST_STEP][PASSED] - if (waitForElementVisible(findTestObject("2-OBJECTS TAREAS SECUNDARIAS/Pruebas Bienestar/Crear_un_Evento/td_Noborrar Usuario Portal"), 1)): Object 'Object Repository/2-OBJECTS TAREAS SECUNDARIAS/Pruebas Bienestar/Crear_un_Evento/td_Noborrar Usuario Portal' is not visible after 1 second(s)

2023-03-09 12:45:25 - [MESSAGE][WARNING] - Object 'Object Repository/2-OBJECTS TAREAS SECUNDARIAS/Pruebas Bienestar/Crear_un_Evento/td_Noborrar Usuario Portal' is not visible after 1 second(s)

2023-03-09 12:45:25 - [TEST_STEP][PASSED] - click(findTestObject("2-OBJECTS TAREAS SECUNDARIAS/Pruebas Bienestar/Crear_un_Evento/div_Datos Evento")): Object: 'Object Repository/2-OBJECTS TAREAS SECUNDARIAS/Pruebas Bienestar/Crear_un_Evento/div_Datos Evento' is clicked on

2023-03-09 12:45:26 - [MESSAGE][PASSED] - Object: 'Object Repository/2-OBJECTS TAREAS SECUNDARIAS/Pruebas Bienestar/Crear_un_Evento/div_Datos Evento' is clicked on

2023-03-09 12:45:26 - [TEST_STEP][PASSED] - click(findTestObject("2-OBJECTS TAREAS SECUNDARIAS/Pruebas Bienestar/Crear_un_Evento/a_Registro0")): Object: 'Object Repository/2-OBJECTS TAREAS SECUNDARIAS/Pruebas Bienestar/Crear_un_Evento/a_Registro0' is clicked on

2023-03-09 12:45:26 - [MESSAGE][PASSED] - Object: 'Object Repository/2-OBJECTS TAREAS SECUNDARIAS/Pruebas Bienestar/Crear_un_Evento/a_Registro0' is clicked on

2023-03-09 12:45:26 - [TEST_STEP][PASSED] - click(findTestObject("2-OBJECTS TAREAS SECUNDARIAS/Pruebas Bienestar/Crear_un_Evento/a_Eliminar")): Object: 'Object Repository/2-OBJECTS TAREAS SECUNDARIAS/Pruebas Bienestar/Crear_un_Evento/a_Eliminar' is clicked on

2023-03-09 12:45:27 - [MESSAGE][PASSED] - Object: 'Object Repository/2-OBJECTS TAREAS SECUNDARIAS/Pruebas Bienestar/Crear_un_Evento/a_Eliminar' is clicked on

2023-03-09 12:45:27 - [TEST_STEP][PASSED] - click(findTestObject("2-OBJECTS TAREAS SECUNDARIAS/Pruebas Bienestar/Crear_un_Evento/a_Aceptar2")): Object: 'Object Repository/2-OBJECTS TAREAS SECUNDARIAS/Pruebas Bienestar/Crear_un_Evento/a_Aceptar2' is clicked on

2023-03-09 12:45:28 - [MESSAGE][PASSED] - Object: 'Object Repository/2-OBJECTS TAREAS SECUNDARIAS/Pruebas Bienestar/Crear_un_Evento/a_Aceptar2' is clicked on

2023-03-09 12:45:28 - [TEST_STEP][PASSED] - click(findTestObject("2-OBJECTS TAREAS SECUNDARIAS/Pruebas Bienestar/Crear_un_Evento/a_Nuevo")): Object: 'Object Repository/2-OBJECTS TAREAS SECUNDARIAS/Pruebas Bienestar/Crear_un_Evento/a_Nuevo' is clicked on

2023-03-09 12:45:29 - [MESSAGE][PASSED] - Object: 'Object Repository/2-OBJECTS TAREAS SECUNDARIAS/Pruebas Bienestar/Crear_un_Evento/a_Nuevo' is clicked on

2023-03-09 12:45:29 - [TEST_STEP][PASSED] - selectOptionByIndex(findTestObject("2-OBJECTS TAREAS SECUNDARIAS/Pruebas Bienestar/Crear_un_Evento/select_-- Seleccione --aprea de Saludrea Formativarea Deportivarea de cienciasrea Social"), 3): All options with index in [3] are selected on object 'Object Repository/2-OBJECTS TAREAS SECUNDARIAS/Pruebas Bienestar/Crear_un_Evento/select_-- Seleccione --aprea de Saludrea Formativarea Deportivarea de cienciasrea Social'

2023-03-09 12:45:31 - [MESSAGE][PASSED] - All options with index in [3] are selected on object 'Object Repository/2-OBJECTS TAREAS SECUNDARIAS/Pruebas Bienestar/Crear_un_Evento/select_-- Seleccione --aprea de Saludrea Formativarea Deportivarea de cienciasrea Social'

2023-03-09 12:45:31 - [TEST_STEP][PASSED] - selectOptionByIndex(findTestObject("2-OBJECTS TAREAS SECUNDARIAS/Pruebas Bienestar/Crear_un_Evento/select_-- Seleccione --Promocin y prevencinActivate Acompaamiento psicosocial Semana de la SaludSeguimiento puestos de trabajo"), "1"): All options with index in [1] are selected on object 'Object Repository/2-OBJECTS TAREAS SECUNDARIAS/Pruebas Bienestar/Crear_un_Evento/select_-- Seleccione --Promocin y prevencinActivate Acompaamiento psicosocial Semana de la SaludSeguimiento puestos de trabajo'

2023-03-09 12:45:32 - [MESSAGE][PASSED] - All options with index in [1] are selected on object 'Object Repository/2-OBJECTS TAREAS SECUNDARIAS/Pruebas Bienestar/Crear_un_Evento/select_-- Seleccione --Promocin y prevencinActivate Acompaamiento psicosocial Semana de la SaludSeguimiento puestos de trabajo'

2023-03-09 12:45:32 - [TEST_STEP][PASSED] - selectOptionByIndex(findTestObject("2-OBJECTS TAREAS SECUNDARIAS/Pruebas Bienestar/Crear_un_Evento/select_-- Seleccione --Evento grupo Bienestar MultipleEvento Grupo Bienestar Multiple SIEvento Grupo Bienestar nicoEvento Individual Multiple SS"), 5): All options with index in [5] are selected on object 'Object Repository/2-OBJECTS TAREAS SECUNDARIAS/Pruebas Bienestar/Crear_un_Evento/select_-- Seleccione --Evento grupo Bienestar MultipleEvento Grupo Bienestar Multiple SIEvento Grupo Bienestar nicoEvento Individual Multiple SS'

2023-03-09 12:45:34 - [MESSAGE][PASSED] - All options with index in [5] are selected on object 'Object Repository/2-OBJECTS TAREAS SECUNDARIAS/Pruebas Bienestar/Crear_un_Evento/select_-- Seleccione --Evento grupo Bienestar MultipleEvento Grupo Bienestar Multiple SIEvento Grupo Bienestar nicoEvento Individual Multiple SS'

2023-03-09 12:45:34 - [TEST_STEP][PASSED] - waitForElementClickable(findTestObject("2-OBJECTS TAREAS SECUNDARIAS/Pruebas Bienestar/Crear_un_Evento/a_Aplicar"), 0): Object 'Object Repository/2-OBJECTS TAREAS SECUNDARIAS/Pruebas Bienestar/Crear_un_Evento/a_Aplicar' is clickable

2023-03-09 12:45:34 - [MESSAGE][WARNING] - Timeout '0' is invalid. Using default page load timeout: '37'

2023-03-09 12:45:34 - [MESSAGE][PASSED] - Object 'Object Repository/2-OBJECTS TAREAS SECUNDARIAS/Pruebas Bienestar/Crear_un_Evento/a_Aplicar' is clickable

2023-03-09 12:45:34 - [TEST_STEP][PASSED] - click(findTestObject("2-OBJECTS TAREAS SECUNDARIAS/Pruebas Bienestar/Crear_un_Evento/a_Aplicar")): Object: 'Object Repository/2-OBJECTS TAREAS SECUNDARIAS/Pruebas Bienestar/Crear_un_Evento/a_Aplicar' is clicked on

2023-03-09 12:45:35 - [MESSAGE][PASSED] - Object: 'Object Repository/2-OBJECTS TAREAS SECUNDARIAS/Pruebas Bienestar/Crear_un_Evento/a_Aplicar' is clicked on

2023-03-09 12:45:35 - [TEST_STEP][PASSED] - waitForElementClickable(findTestObject("2-OBJECTS TAREAS SECUNDARIAS/Pruebas Bienestar/Crear_un_Evento/input_Nombre_formEventosfENombre"), 0): Object 'Object Repository/2-OBJECTS TAREAS SECUNDARIAS/Pruebas Bienestar/Crear_un_Evento/input_Nombre_formEventosfENombre' is clickable

2023-03-09 12:45:35 - [MESSAGE][WARNING] - Timeout '0' is invalid. Using default page load timeout: '37'

2023-03-09 12:45:36 - [MESSAGE][PASSED] - Object 'Object Repository/2-OBJECTS TAREAS SECUNDARIAS/Pruebas Bienestar/Crear_un_Evento/input_Nombre_formEventosfENombre' is clickable

2023-03-09 12:45:36 - [TEST_STEP][PASSED] - setText(findTestObject("2-OBJECTS TAREAS SECUNDARIAS/Pruebas Bienestar/Crear_un_Evento/input_Nombre_formEventosfENombre"), "Prueba-S"): Text 'Prueba-S' is set on object 'Object Repository/2-OBJECTS TAREAS SECUNDARIAS/Pruebas Bienestar/Crear_un_Evento/input_Nombre_formEventosfENombre'

2023-03-09 12:45:36 - [MESSAGE][PASSED] - Text 'Prueba-S' is set on object 'Object Repository/2-OBJECTS TAREAS SECUNDARIAS/Pruebas Bienestar/Crear_un_Evento/input_Nombre_formEventosfENombre'

2023-03-09 12:45:36 - [TEST_STEP][PASSED] - setText(findTestObject("2-OBJECTS TAREAS SECUNDARIAS/Pruebas Bienestar/Crear_un_Evento/input_Inicial Desarrollo_formEventosfechaIn_input"), FechaI): Text '9/3/2023' is set on object 'Object Repository/2-OBJECTS TAREAS SECUNDARIAS/Pruebas Bienestar/Crear_un_Evento/input_Inicial Desarrollo_formEventosfechaIn_input'

2023-03-09 12:45:37 - [MESSAGE][PASSED] - Text '9/3/2023' is set on object 'Object Repository/2-OBJECTS TAREAS SECUNDARIAS/Pruebas Bienestar/Crear_un_Evento/input_Inicial Desarrollo_formEventosfechaIn_input'

2023-03-09 12:45:37 - [TEST_STEP][PASSED] - setText(findTestObject("2-OBJECTS TAREAS SECUNDARIAS/Pruebas Bienestar/Crear_un_Evento/input_Final Desarrollo_formEventosfechaFin_input"), FechaF): Text '19/3/2023' is set on object 'Object Repository/2-OBJECTS TAREAS SECUNDARIAS/Pruebas Bienestar/Crear_un_Evento/input_Final Desarrollo_formEventosfechaFin_input'

2023-03-09 12:45:38 - [MESSAGE][PASSED] - Text '19/3/2023' is set on object 'Object Repository/2-OBJECTS TAREAS SECUNDARIAS/Pruebas Bienestar/Crear_un_Evento/input_Final Desarrollo_formEventosfechaFin_input'

2023-03-09 12:45:38 - [TEST_STEP][PASSED] - click(findTestObject("2-OBJECTS TAREAS SECUNDARIAS/Pruebas Bienestar/Crear_un_Evento/a_Guardar")): Object: 'Object Repository/2-OBJECTS TAREAS SECUNDARIAS/Pruebas Bienestar/Crear_un_Evento/a_Guardar' is clicked on

2023-03-09 12:45:39 - [MESSAGE][PASSED] - Object: 'Object Repository/2-OBJECTS TAREAS SECUNDARIAS/Pruebas Bienestar/Crear_un_Evento/a_Guardar' is clicked on

2023-03-09 12:45:39 - [TEST_STEP][PASSED] - click(findTestObject("2-OBJECTS TAREAS SECUNDARIAS/Pruebas Bienestar/Crear_un_Evento/a_Momento Eventos")): Object: 'Object Repository/2-OBJECTS TAREAS SECUNDARIAS/Pruebas Bienestar/Crear_un_Evento/a_Momento Eventos' is clicked on

2023-03-09 12:45:40 - [MESSAGE][PASSED] - Object: 'Object Repository/2-OBJECTS TAREAS SECUNDARIAS/Pruebas Bienestar/Crear_un_Evento/a_Momento Eventos' is clicked on

2023-03-09 12:45:40 - [TEST_STEP][PASSED] - click(findTestObject("2-OBJECTS TAREAS SECUNDARIAS/Pruebas Bienestar/Crear_un_Evento/a_Nuevo1")): Object: 'Object Repository/2-OBJECTS TAREAS SECUNDARIAS/Pruebas Bienestar/Crear_un_Evento/a_Nuevo1' is clicked on

2023-03-09 12:45:41 - [MESSAGE][PASSED] - Object: 'Object Repository/2-OBJECTS TAREAS SECUNDARIAS/Pruebas Bienestar/Crear_un_Evento/a_Nuevo1' is clicked on

2023-03-09 12:45:41 - [TEST_STEP][PASSED] - setText(findTestObject("2-OBJECTS TAREAS SECUNDARIAS/Pruebas Bienestar/Crear_un_Evento/input_Cdigo_popupMomentoEvento_formcodigo"), "355682169"): Text '355682169' is set on object 'Object Repository/2-OBJECTS TAREAS SECUNDARIAS/Pruebas Bienestar/Crear_un_Evento/input_Cdigo_popupMomentoEvento_formcodigo'

2023-03-09 12:45:43 - [MESSAGE][PASSED] - Text '355682169' is set on object 'Object Repository/2-OBJECTS TAREAS SECUNDARIAS/Pruebas Bienestar/Crear_un_Evento/input_Cdigo_popupMomentoEvento_formcodigo'

2023-03-09 12:45:43 - [TEST_STEP][PASSED] - setText(findTestObject("2-OBJECTS TAREAS SECUNDARIAS/Pruebas Bienestar/Crear_un_Evento/input_Nombre_popupMomentoEvento_formpMENombre"), "prueba"): Text 'prueba' is set on object 'Object Repository/2-OBJECTS TAREAS SECUNDARIAS/Pruebas Bienestar/Crear_un_Evento/input_Nombre_popupMomentoEvento_formpMENombre'

2023-03-09 12:45:43 - [MESSAGE][PASSED] - Text 'prueba' is set on object 'Object Repository/2-OBJECTS TAREAS SECUNDARIAS/Pruebas Bienestar/Crear_un_Evento/input_Nombre_popupMomentoEvento_formpMENombre'

2023-03-09 12:45:43 - [TEST_STEP][PASSED] - selectOptionByIndex(findTestObject("2-OBJECTS TAREAS SECUNDARIAS/Pruebas Bienestar/Crear_un_Evento/select_-- Seleccione --ESCENARIO DE PRUEBASALON 1"), 1): All options with index in [1] are selected on object 'Object Repository/2-OBJECTS TAREAS SECUNDARIAS/Pruebas Bienestar/Crear_un_Evento/select_-- Seleccione --ESCENARIO DE PRUEBASALON 1'

2023-03-09 12:45:44 - [MESSAGE][PASSED] - All options with index in [1] are selected on object 'Object Repository/2-OBJECTS TAREAS SECUNDARIAS/Pruebas Bienestar/Crear_un_Evento/select_-- Seleccione --ESCENARIO DE PRUEBASALON 1'

2023-03-09 12:45:44 - [TEST_STEP][PASSED] - selectOptionByIndex(findTestObject("2-OBJECTS TAREAS SECUNDARIAS/Pruebas Bienestar/Crear_un_Evento/select_-- Seleccione --FemeninaMasculinaMixta"), 3): All options with index in [3] are selected on object 'Object Repository/2-OBJECTS TAREAS SECUNDARIAS/Pruebas Bienestar/Crear_un_Evento/select_-- Seleccione --FemeninaMasculinaMixta'

2023-03-09 12:45:45 - [MESSAGE][PASSED] - All options with index in [3] are selected on object 'Object Repository/2-OBJECTS TAREAS SECUNDARIAS/Pruebas Bienestar/Crear_un_Evento/select_-- Seleccione --FemeninaMasculinaMixta'

2023-03-09 12:45:45 - [TEST_STEP][PASSED] - selectOptionByIndex(findTestObject("2-OBJECTS TAREAS SECUNDARIAS/Pruebas Bienestar/Crear_un_Evento/select_-- Seleccione --Nivel BsicoNivel IntermedionicoNivel Avanzado"), 1): All options with index in [1] are selected on object 'Object Repository/2-OBJECTS TAREAS SECUNDARIAS/Pruebas Bienestar/Crear_un_Evento/select_-- Seleccione --Nivel BsicoNivel IntermedionicoNivel Avanzado'

2023-03-09 12:45:47 - [MESSAGE][PASSED] - All options with index in [1] are selected on object 'Object Repository/2-OBJECTS TAREAS SECUNDARIAS/Pruebas Bienestar/Crear_un_Evento/select_-- Seleccione --Nivel BsicoNivel IntermedionicoNivel Avanzado'

2023-03-09 12:45:47 - [TEST_STEP][PASSED] - setText(findTestObject("2-OBJECTS TAREAS SECUNDARIAS/Pruebas Bienestar/Crear_un_Evento/input_Cupo Mximo_popupMomentoEvento_formpMECupoMaximo"), "150"): Text '150' is set on object 'Object Repository/2-OBJECTS TAREAS SECUNDARIAS/Pruebas Bienestar/Crear_un_Evento/input_Cupo Mximo_popupMomentoEvento_formpMECupoMaximo'

2023-03-09 12:45:47 - [MESSAGE][PASSED] - Text '150' is set on object 'Object Repository/2-OBJECTS TAREAS SECUNDARIAS/Pruebas Bienestar/Crear_un_Evento/input_Cupo Mximo_popupMomentoEvento_formpMECupoMaximo'

2023-03-09 12:45:47 - [TEST_STEP][PASSED] - setText(findTestObject("2-OBJECTS TAREAS SECUNDARIAS/Pruebas Bienestar/Crear_un_Evento/input_Cupo Minimo_popupMomentoEvento_formpMECupoMinimo"), "1"): Text '1' is set on object 'Object Repository/2-OBJECTS TAREAS SECUNDARIAS/Pruebas Bienestar/Crear_un_Evento/input_Cupo Minimo_popupMomentoEvento_formpMECupoMinimo'

2023-03-09 12:45:48 - [MESSAGE][PASSED] - Text '1' is set on object 'Object Repository/2-OBJECTS TAREAS SECUNDARIAS/Pruebas Bienestar/Crear_un_Evento/input_Cupo Minimo_popupMomentoEvento_formpMECupoMinimo'

2023-03-09 12:45:48 - [TEST_STEP][PASSED] - selectOptionByIndex(findTestObject("2-OBJECTS TAREAS SECUNDARIAS/Pruebas Bienestar/Crear_un_Evento/select_-- Seleccione --CanceladoProgramada"), 2): All options with index in [2] are selected on object 'Object Repository/2-OBJECTS TAREAS SECUNDARIAS/Pruebas Bienestar/Crear_un_Evento/select_-- Seleccione --CanceladoProgramada'

2023-03-09 12:45:49 - [MESSAGE][PASSED] - All options with index in [2] are selected on object 'Object Repository/2-OBJECTS TAREAS SECUNDARIAS/Pruebas Bienestar/Crear_un_Evento/select_-- Seleccione --CanceladoProgramada'

2023-03-09 12:45:49 - [TEST_STEP][PASSED] - setText(findTestObject("2-OBJECTS TAREAS SECUNDARIAS/Pruebas Bienestar/Crear_un_Evento/input_Inscripcin Inicial_popupMomentoEvento_formpMEInscripcionInicia_input"), FechaI): Text '9/3/2023' is set on object 'Object Repository/2-OBJECTS TAREAS SECUNDARIAS/Pruebas Bienestar/Crear_un_Evento/input_Inscripcin Inicial_popupMomentoEvento_formpMEInscripcionInicia_input'

2023-03-09 12:45:50 - [MESSAGE][PASSED] - Text '9/3/2023' is set on object 'Object Repository/2-OBJECTS TAREAS SECUNDARIAS/Pruebas Bienestar/Crear_un_Evento/input_Inscripcin Inicial_popupMomentoEvento_formpMEInscripcionInicia_input'

2023-03-09 12:45:50 - [TEST_STEP][PASSED] - setText(findTestObject("2-OBJECTS TAREAS SECUNDARIAS/Pruebas Bienestar/Crear_un_Evento/input_Inscripcin Termina_popupMomentoEvento_formpMEInscripcionFinaliza_input"), FechaF): Text '19/3/2023' is set on object 'Object Repository/2-OBJECTS TAREAS SECUNDARIAS/Pruebas Bienestar/Crear_un_Evento/input_Inscripcin Termina_popupMomentoEvento_formpMEInscripcionFinaliza_input'

2023-03-09 12:45:51 - [MESSAGE][PASSED] - Text '19/3/2023' is set on object 'Object Repository/2-OBJECTS TAREAS SECUNDARIAS/Pruebas Bienestar/Crear_un_Evento/input_Inscripcin Termina_popupMomentoEvento_formpMEInscripcionFinaliza_input'

2023-03-09 12:45:51 - [TEST_STEP][PASSED] - click(findTestObject("2-OBJECTS TAREAS SECUNDARIAS/Pruebas Bienestar/Crear_un_Evento/a_Guardar1")): Object: 'Object Repository/2-OBJECTS TAREAS SECUNDARIAS/Pruebas Bienestar/Crear_un_Evento/a_Guardar1' is clicked on

2023-03-09 12:45:52 - [MESSAGE][PASSED] - Object: 'Object Repository/2-OBJECTS TAREAS SECUNDARIAS/Pruebas Bienestar/Crear_un_Evento/a_Guardar1' is clicked on

2023-03-09 12:45:52 - [TEST_STEP][PASSED] - click(findTestObject("2-OBJECTS TAREAS SECUNDARIAS/Pruebas Bienestar/Crear_un_Evento/a_Regresar")): Object: 'Object Repository/2-OBJECTS TAREAS SECUNDARIAS/Pruebas Bienestar/Crear_un_Evento/a_Regresar' is clicked on

2023-03-09 12:45:53 - [MESSAGE][PASSED] - Object: 'Object Repository/2-OBJECTS TAREAS SECUNDARIAS/Pruebas Bienestar/Crear_un_Evento/a_Regresar' is clicked on

2023-03-09 12:45:53 - [TEST_STEP][PASSED] - click(findTestObject("2-OBJECTS TAREAS SECUNDARIAS/Pruebas Bienestar/Crear_un_Evento/a_Nuevo")): Object: 'Object Repository/2-OBJECTS TAREAS SECUNDARIAS/Pruebas Bienestar/Crear_un_Evento/a_Nuevo' is clicked on

2023-03-09 12:45:54 - [MESSAGE][PASSED] - Object: 'Object Repository/2-OBJECTS TAREAS SECUNDARIAS/Pruebas Bienestar/Crear_un_Evento/a_Nuevo' is clicked on

2023-03-09 12:45:54 - [TEST_STEP][PASSED] - selectOptionByIndex(findTestObject("2-OBJECTS TAREAS SECUNDARIAS/Pruebas Bienestar/Crear_un_Evento/select_-- Seleccione --aprea de Saludrea Formativarea Deportivarea de cienciasrea Social"), 5): All options with index in [5] are selected on object 'Object Repository/2-OBJECTS TAREAS SECUNDARIAS/Pruebas Bienestar/Crear_un_Evento/select_-- Seleccione --aprea de Saludrea Formativarea Deportivarea de cienciasrea Social'

2023-03-09 12:45:55 - [MESSAGE][PASSED] - All options with index in [5] are selected on object 'Object Repository/2-OBJECTS TAREAS SECUNDARIAS/Pruebas Bienestar/Crear_un_Evento/select_-- Seleccione --aprea de Saludrea Formativarea Deportivarea de cienciasrea Social'

2023-03-09 12:45:55 - [TEST_STEP][PASSED] - selectOptionByIndex(findTestObject("2-OBJECTS TAREAS SECUNDARIAS/Pruebas Bienestar/Crear_un_Evento/select_-- Seleccione --Promocin y prevencinActivate Acompaamiento psicosocial Semana de la SaludSeguimiento puestos de trabajo"), "1"): All options with index in [1] are selected on object 'Object Repository/2-OBJECTS TAREAS SECUNDARIAS/Pruebas Bienestar/Crear_un_Evento/select_-- Seleccione --Promocin y prevencinActivate Acompaamiento psicosocial Semana de la SaludSeguimiento puestos de trabajo'

2023-03-09 12:45:57 - [MESSAGE][PASSED] - All options with index in [1] are selected on object 'Object Repository/2-OBJECTS TAREAS SECUNDARIAS/Pruebas Bienestar/Crear_un_Evento/select_-- Seleccione --Promocin y prevencinActivate Acompaamiento psicosocial Semana de la SaludSeguimiento puestos de trabajo'

2023-03-09 12:45:57 - [TEST_STEP][PASSED] - selectOptionByIndex(findTestObject("2-OBJECTS TAREAS SECUNDARIAS/Pruebas Bienestar/Crear_un_Evento/select_-- Seleccione --Evento grupo Bienestar MultipleEvento Grupo Bienestar Multiple SIEvento Grupo Bienestar nicoEvento Individual Multiple SS"), 2): All options with index in [2] are selected on object 'Object Repository/2-OBJECTS TAREAS SECUNDARIAS/Pruebas Bienestar/Crear_un_Evento/select_-- Seleccione --Evento grupo Bienestar MultipleEvento Grupo Bienestar Multiple SIEvento Grupo Bienestar nicoEvento Individual Multiple SS'

2023-03-09 12:45:58 - [MESSAGE][PASSED] - All options with index in [2] are selected on object 'Object Repository/2-OBJECTS TAREAS SECUNDARIAS/Pruebas Bienestar/Crear_un_Evento/select_-- Seleccione --Evento grupo Bienestar MultipleEvento Grupo Bienestar Multiple SIEvento Grupo Bienestar nicoEvento Individual Multiple SS'

2023-03-09 12:45:58 - [TEST_STEP][PASSED] - click(findTestObject("2-OBJECTS TAREAS SECUNDARIAS/Pruebas Bienestar/Crear_un_Evento/a_Aplicar")): Object: 'Object Repository/2-OBJECTS TAREAS SECUNDARIAS/Pruebas Bienestar/Crear_un_Evento/a_Aplicar' is clicked on

2023-03-09 12:45:59 - [MESSAGE][PASSED] - Object: 'Object Repository/2-OBJECTS TAREAS SECUNDARIAS/Pruebas Bienestar/Crear_un_Evento/a_Aplicar' is clicked on

2023-03-09 12:45:59 - [TEST_STEP][PASSED] - waitForElementClickable(findTestObject("2-OBJECTS TAREAS SECUNDARIAS/Pruebas Bienestar/Crear_un_Evento/input_Nombre_formEventosfENombre"), 0): Object 'Object Repository/2-OBJECTS TAREAS SECUNDARIAS/Pruebas Bienestar/Crear_un_Evento/input_Nombre_formEventosfENombre' is clickable

2023-03-09 12:45:59 - [MESSAGE][WARNING] - Timeout '0' is invalid. Using default page load timeout: '37'

2023-03-09 12:46:00 - [MESSAGE][PASSED] - Object 'Object Repository/2-OBJECTS TAREAS SECUNDARIAS/Pruebas Bienestar/Crear_un_Evento/input_Nombre_formEventosfENombre' is clickable

2023-03-09 12:46:00 - [TEST_STEP][PASSED] - setText(findTestObject("2-OBJECTS TAREAS SECUNDARIAS/Pruebas Bienestar/Crear_un_Evento/input_Nombre_formEventosfENombre"), "Prueba-S-SH"): Text 'Prueba-S-SH' is set on object 'Object Repository/2-OBJECTS TAREAS SECUNDARIAS/Pruebas Bienestar/Crear_un_Evento/input_Nombre_formEventosfENombre'

2023-03-09 12:46:01 - [MESSAGE][PASSED] - Text 'Prueba-S-SH' is set on object 'Object Repository/2-OBJECTS TAREAS SECUNDARIAS/Pruebas Bienestar/Crear_un_Evento/input_Nombre_formEventosfENombre'

2023-03-09 12:46:01 - [TEST_STEP][PASSED] - setText(findTestObject("2-OBJECTS TAREAS SECUNDARIAS/Pruebas Bienestar/Crear_un_Evento/input_Inicial Desarrollo_formEventosfechaIn_input"), FechaI): Text '9/3/2023' is set on object 'Object Repository/2-OBJECTS TAREAS SECUNDARIAS/Pruebas Bienestar/Crear_un_Evento/input_Inicial Desarrollo_formEventosfechaIn_input'

2023-03-09 12:46:02 - [MESSAGE][PASSED] - Text '9/3/2023' is set on object 'Object Repository/2-OBJECTS TAREAS SECUNDARIAS/Pruebas Bienestar/Crear_un_Evento/input_Inicial Desarrollo_formEventosfechaIn_input'

2023-03-09 12:46:02 - [TEST_STEP][PASSED] - setText(findTestObject("2-OBJECTS TAREAS SECUNDARIAS/Pruebas Bienestar/Crear_un_Evento/input_Final Desarrollo_formEventosfechaFin_input"), FechaF): Text '19/3/2023' is set on object 'Object Repository/2-OBJECTS TAREAS SECUNDARIAS/Pruebas Bienestar/Crear_un_Evento/input_Final Desarrollo_formEventosfechaFin_input'

2023-03-09 12:46:03 - [MESSAGE][PASSED] - Text '19/3/2023' is set on object 'Object Repository/2-OBJECTS TAREAS SECUNDARIAS/Pruebas Bienestar/Crear_un_Evento/input_Final Desarrollo_formEventosfechaFin_input'

2023-03-09 12:46:03 - [TEST_STEP][PASSED] - click(findTestObject("2-OBJECTS TAREAS SECUNDARIAS/Pruebas Bienestar/Crear_un_Evento/a_Guardar")): Object: 'Object Repository/2-OBJECTS TAREAS SECUNDARIAS/Pruebas Bienestar/Crear_un_Evento/a_Guardar' is clicked on

2023-03-09 12:46:03 - [MESSAGE][PASSED] - Object: 'Object Repository/2-OBJECTS TAREAS SECUNDARIAS/Pruebas Bienestar/Crear_un_Evento/a_Guardar' is clicked on

2023-03-09 12:46:03 - [TEST_STEP][PASSED] - click(findTestObject("2-OBJECTS TAREAS SECUNDARIAS/Pruebas Bienestar/Crear_un_Evento/a_Momento Eventos")): Object: 'Object Repository/2-OBJECTS TAREAS SECUNDARIAS/Pruebas Bienestar/Crear_un_Evento/a_Momento Eventos' is clicked on

2023-03-09 12:46:04 - [MESSAGE][PASSED] - Object: 'Object Repository/2-OBJECTS TAREAS SECUNDARIAS/Pruebas Bienestar/Crear_un_Evento/a_Momento Eventos' is clicked on

2023-03-09 12:46:04 - [TEST_STEP][PASSED] - click(findTestObject("2-OBJECTS TAREAS SECUNDARIAS/Pruebas Bienestar/Crear_un_Evento/a_Nuevo1")): Object: 'Object Repository/2-OBJECTS TAREAS SECUNDARIAS/Pruebas Bienestar/Crear_un_Evento/a_Nuevo1' is clicked on

2023-03-09 12:46:05 - [MESSAGE][PASSED] - Object: 'Object Repository/2-OBJECTS TAREAS SECUNDARIAS/Pruebas Bienestar/Crear_un_Evento/a_Nuevo1' is clicked on

2023-03-09 12:46:05 - [TEST_STEP][PASSED] - setText(findTestObject("2-OBJECTS TAREAS SECUNDARIAS/Pruebas Bienestar/Crear_un_Evento/input_Cdigo_popupMomentoEvento_formcodigo"), "355682169"): Text '355682169' is set on object 'Object Repository/2-OBJECTS TAREAS SECUNDARIAS/Pruebas Bienestar/Crear_un_Evento/input_Cdigo_popupMomentoEvento_formcodigo'

2023-03-09 12:46:06 - [MESSAGE][PASSED] - Text '355682169' is set on object 'Object Repository/2-OBJECTS TAREAS SECUNDARIAS/Pruebas Bienestar/Crear_un_Evento/input_Cdigo_popupMomentoEvento_formcodigo'

2023-03-09 12:46:06 - [TEST_STEP][PASSED] - setText(findTestObject("2-OBJECTS TAREAS SECUNDARIAS/Pruebas Bienestar/Crear_un_Evento/input_Nombre_popupMomentoEvento_formpMENombre"), "prueba-S-SH"): Text 'prueba-S-SH' is set on object 'Object Repository/2-OBJECTS TAREAS SECUNDARIAS/Pruebas Bienestar/Crear_un_Evento/input_Nombre_popupMomentoEvento_formpMENombre'

2023-03-09 12:46:07 - [MESSAGE][PASSED] - Text 'prueba-S-SH' is set on object 'Object Repository/2-OBJECTS TAREAS SECUNDARIAS/Pruebas Bienestar/Crear_un_Evento/input_Nombre_popupMomentoEvento_formpMENombre'

2023-03-09 12:46:07 - [TEST_STEP][PASSED] - selectOptionByIndex(findTestObject("2-OBJECTS TAREAS SECUNDARIAS/Pruebas Bienestar/Crear_un_Evento/select_-- Seleccione --ESCENARIO DE PRUEBASALON 1"), 1): All options with index in [1] are selected on object 'Object Repository/2-OBJECTS TAREAS SECUNDARIAS/Pruebas Bienestar/Crear_un_Evento/select_-- Seleccione --ESCENARIO DE PRUEBASALON 1'

2023-03-09 12:46:08 - [MESSAGE][PASSED] - All options with index in [1] are selected on object 'Object Repository/2-OBJECTS TAREAS SECUNDARIAS/Pruebas Bienestar/Crear_un_Evento/select_-- Seleccione --ESCENARIO DE PRUEBASALON 1'

2023-03-09 12:46:08 - [TEST_STEP][PASSED] - selectOptionByIndex(findTestObject("2-OBJECTS TAREAS SECUNDARIAS/Pruebas Bienestar/Crear_un_Evento/select_-- Seleccione --FemeninaMasculinaMixta"), 3): All options with index in [3] are selected on object 'Object Repository/2-OBJECTS TAREAS SECUNDARIAS/Pruebas Bienestar/Crear_un_Evento/select_-- Seleccione --FemeninaMasculinaMixta'

2023-03-09 12:46:09 - [MESSAGE][PASSED] - All options with index in [3] are selected on object 'Object Repository/2-OBJECTS TAREAS SECUNDARIAS/Pruebas Bienestar/Crear_un_Evento/select_-- Seleccione --FemeninaMasculinaMixta'

2023-03-09 12:46:09 - [TEST_STEP][PASSED] - selectOptionByIndex(findTestObject("2-OBJECTS TAREAS SECUNDARIAS/Pruebas Bienestar/Crear_un_Evento/select_-- Seleccione --Nivel BsicoNivel IntermedionicoNivel Avanzado"), 1): All options with index in [1] are selected on object 'Object Repository/2-OBJECTS TAREAS SECUNDARIAS/Pruebas Bienestar/Crear_un_Evento/select_-- Seleccione --Nivel BsicoNivel IntermedionicoNivel Avanzado'

2023-03-09 12:46:10 - [MESSAGE][PASSED] - All options with index in [1] are selected on object 'Object Repository/2-OBJECTS TAREAS SECUNDARIAS/Pruebas Bienestar/Crear_un_Evento/select_-- Seleccione --Nivel BsicoNivel IntermedionicoNivel Avanzado'

2023-03-09 12:46:10 - [TEST_STEP][PASSED] - setText(findTestObject("2-OBJECTS TAREAS SECUNDARIAS/Pruebas Bienestar/Crear_un_Evento/input_Cupo Mximo_popupMomentoEvento_formpMECupoMaximo"), "150"): Text '150' is set on object 'Object Repository/2-OBJECTS TAREAS SECUNDARIAS/Pruebas Bienestar/Crear_un_Evento/input_Cupo Mximo_popupMomentoEvento_formpMECupoMaximo'

2023-03-09 12:46:11 - [MESSAGE][PASSED] - Text '150' is set on object 'Object Repository/2-OBJECTS TAREAS SECUNDARIAS/Pruebas Bienestar/Crear_un_Evento/input_Cupo Mximo_popupMomentoEvento_formpMECupoMaximo'

2023-03-09 12:46:11 - [TEST_STEP][PASSED] - setText(findTestObject("2-OBJECTS TAREAS SECUNDARIAS/Pruebas Bienestar/Crear_un_Evento/input_Cupo Minimo_popupMomentoEvento_formpMECupoMinimo"), "1"): Text '1' is set on object 'Object Repository/2-OBJECTS TAREAS SECUNDARIAS/Pruebas Bienestar/Crear_un_Evento/input_Cupo Minimo_popupMomentoEvento_formpMECupoMinimo'

2023-03-09 12:46:12 - [MESSAGE][PASSED] - Text '1' is set on object 'Object Repository/2-OBJECTS TAREAS SECUNDARIAS/Pruebas Bienestar/Crear_un_Evento/input_Cupo Minimo_popupMomentoEvento_formpMECupoMinimo'

2023-03-09 12:46:12 - [TEST_STEP][PASSED] - selectOptionByIndex(findTestObject("2-OBJECTS TAREAS SECUNDARIAS/Pruebas Bienestar/Crear_un_Evento/select_-- Seleccione --Canizalez Acero Marta BrigitteMendoza 1010 Empleado"), 2): All options with index in [2] are selected on object 'Object Repository/2-OBJECTS TAREAS SECUNDARIAS/Pruebas Bienestar/Crear_un_Evento/select_-- Seleccione --Canizalez Acero Marta BrigitteMendoza 1010 Empleado'

2023-03-09 12:46:13 - [MESSAGE][PASSED] - All options with index in [2] are selected on object 'Object Repository/2-OBJECTS TAREAS SECUNDARIAS/Pruebas Bienestar/Crear_un_Evento/select_-- Seleccione --Canizalez Acero Marta BrigitteMendoza 1010 Empleado'

2023-03-09 12:46:13 - [TEST_STEP][PASSED] - selectOptionByIndex(findTestObject("2-OBJECTS TAREAS SECUNDARIAS/Pruebas Bienestar/Crear_un_Evento/select_-- Seleccione --CanceladoProgramada"), 2): All options with index in [2] are selected on object 'Object Repository/2-OBJECTS TAREAS SECUNDARIAS/Pruebas Bienestar/Crear_un_Evento/select_-- Seleccione --CanceladoProgramada'

2023-03-09 12:46:14 - [MESSAGE][PASSED] - All options with index in [2] are selected on object 'Object Repository/2-OBJECTS TAREAS SECUNDARIAS/Pruebas Bienestar/Crear_un_Evento/select_-- Seleccione --CanceladoProgramada'

2023-03-09 12:46:14 - [TEST_STEP][PASSED] - setText(findTestObject("2-OBJECTS TAREAS SECUNDARIAS/Pruebas Bienestar/Crear_un_Evento/input_Inscripcin Inicial_popupMomentoEvento_formpMEInscripcionInicia_input"), FechaI): Text '9/3/2023' is set on object 'Object Repository/2-OBJECTS TAREAS SECUNDARIAS/Pruebas Bienestar/Crear_un_Evento/input_Inscripcin Inicial_popupMomentoEvento_formpMEInscripcionInicia_input'

2023-03-09 12:46:15 - [MESSAGE][PASSED] - Text '9/3/2023' is set on object 'Object Repository/2-OBJECTS TAREAS SECUNDARIAS/Pruebas Bienestar/Crear_un_Evento/input_Inscripcin Inicial_popupMomentoEvento_formpMEInscripcionInicia_input'

2023-03-09 12:46:15 - [TEST_STEP][PASSED] - setText(findTestObject("2-OBJECTS TAREAS SECUNDARIAS/Pruebas Bienestar/Crear_un_Evento/input_Inscripcin Termina_popupMomentoEvento_formpMEInscripcionFinaliza_input"), FechaF): Text '19/3/2023' is set on object 'Object Repository/2-OBJECTS TAREAS SECUNDARIAS/Pruebas Bienestar/Crear_un_Evento/input_Inscripcin Termina_popupMomentoEvento_formpMEInscripcionFinaliza_input'

2023-03-09 12:46:16 - [MESSAGE][PASSED] - Text '19/3/2023' is set on object 'Object Repository/2-OBJECTS TAREAS SECUNDARIAS/Pruebas Bienestar/Crear_un_Evento/input_Inscripcin Termina_popupMomentoEvento_formpMEInscripcionFinaliza_input'

2023-03-09 12:46:16 - [TEST_STEP][PASSED] - click(findTestObject("2-OBJECTS TAREAS SECUNDARIAS/Pruebas Bienestar/Crear_un_Evento/a_Guardar1")): Object: 'Object Repository/2-OBJECTS TAREAS SECUNDARIAS/Pruebas Bienestar/Crear_un_Evento/a_Guardar1' is clicked on

2023-03-09 12:46:17 - [MESSAGE][PASSED] - Object: 'Object Repository/2-OBJECTS TAREAS SECUNDARIAS/Pruebas Bienestar/Crear_un_Evento/a_Guardar1' is clicked on

2023-03-09 12:46:17 - [TEST_STEP][PASSED] - Result = getText(findTestObject("3-OBJECTS UTILIDADES/Alerta/Alerta")): Text of object 'Object Repository/3-OBJECTS UTILIDADES/Alerta/Alerta' is: 'Se guardo satisfactoriamente.'

2023-03-09 12:46:17 - [MESSAGE][PASSED] - Text of object 'Object Repository/3-OBJECTS UTILIDADES/Alerta/Alerta' is: 'Se guardo satisfactoriamente.'

2023-03-09 12:46:17 - [TEST_STEP][PASSED] - if (Result == "Se guardo satisfactoriamente."): Object: 'Object Repository/2-OBJECTS TAREAS SECUNDARIAS/Pruebas Bienestar/Crear_un_Evento/a_Regresar' is clicked on

2023-03-09 12:46:17 - [TEST_STEP][PASSED] - Resultado = "PRUEBA OK": null

2023-03-09 12:46:17 - [TEST_STEP][PASSED] - click(findTestObject("2-OBJECTS TAREAS SECUNDARIAS/Pruebas Bienestar/Crear_un_Evento/a_Regresar")): Object: 'Object Repository/2-OBJECTS TAREAS SECUNDARIAS/Pruebas Bienestar/Crear_un_Evento/a_Regresar' is clicked on

2023-03-09 12:46:18 - [MESSAGE][PASSED] - Object: 'Object Repository/2-OBJECTS TAREAS SECUNDARIAS/Pruebas Bienestar/Crear_un_Evento/a_Regresar' is clicked on]]></system-out>
         <system-err><![CDATA[]]></system-err>
      </testcase>
      <testcase name="Test Cases/1.2-Tareas_Secundarias/3.1-Pruebas_Bienestar/3.1.2-Ingresar_instructores" time="26.582" classname="Test Cases/1.2-Tareas_Secundarias/3.1-Pruebas_Bienestar/3.1.2-Ingresar_instructores" status="PASSED">
         <system-out><![CDATA[2023-03-09 12:46:18 - [TEST_CASE][PASSED] - Test Cases/1.2-Tareas_Secundarias/3.1-Pruebas_Bienestar/3.1.2-Ingresar_instructores: Test Cases/1.2-Tareas_Secundarias/3.1-Pruebas_Bienestar/3.1.2-Ingresar_instructores

2023-03-09 12:46:18 - [TEST_STEP][PASSED] - callTestCase(findTestCase("Utilidades-(atajos_para _tareas)/Modulos/Modulo bienestar-eventos"), [:], STOP_ON_FAILURE): Call Test Case 'Test Cases/Utilidades-(atajos_para _tareas)/Modulos/Modulo bienestar-eventos' successfully

2023-03-09 12:46:18 - [TEST_CASE][PASSED] - Test Cases/Utilidades-(atajos_para _tareas)/Modulos/Modulo bienestar-eventos: Test Cases/Utilidades-(atajos_para _tareas)/Modulos/Modulo bienestar-eventos

2023-03-09 12:46:18 - [TEST_STEP][PASSED] - callTestCase(findTestCase("0.1-Login"), [:], STOP_ON_FAILURE): Call Test Case 'Test Cases/0.1-Login' successfully

2023-03-09 12:46:18 - [TEST_CASE][PASSED] - Test Cases/0.1-Login: Test Cases/0.1-Login

2023-03-09 12:46:18 - [TEST_STEP][PASSED] - openBrowser(""): Browser is opened with url: ''

2023-03-09 12:46:18 - [MESSAGE][WARNING] - A browser is already opened. Closing browser and opening a new one

2023-03-09 12:46:19 - [MESSAGE][INFO] - Starting 'Chrome' driver

2023-03-09 12:46:19 - [MESSAGE][INFO] - Action delay is set to 0 milliseconds

2023-03-09 12:46:21 - [MESSAGE][PASSED] - Browser is opened with url: ''

2023-03-09 12:46:21 - [TEST_STEP][PASSED] - maximizeWindow(): Current window maximized

2023-03-09 12:46:21 - [MESSAGE][PASSED] - Current window maximized

2023-03-09 12:46:21 - [TEST_STEP][PASSED] - i = G_Login: null

2023-03-09 12:46:21 - [TEST_STEP][PASSED] - url = new java.net.URL(i): null

2023-03-09 12:46:21 - [TEST_STEP][PASSED] - println("URL: " + url.toString()): null

2023-03-09 12:46:21 - [TEST_STEP][PASSED] - connection = url.openConnection(): null

2023-03-09 12:46:21 - [TEST_STEP][PASSED] - connection.setRequestMethod("GET"): null

2023-03-09 12:46:21 - [TEST_STEP][PASSED] - connection.setReadTimeout(2 * 1000): null

2023-03-09 12:46:21 - [TEST_STEP][PASSED] - try: null

2023-03-09 12:46:21 - [TEST_STEP][PASSED] - connection.connect(): null

2023-03-09 12:46:21 - [TEST_STEP][PASSED] - flag = connected: null

2023-03-09 12:46:21 - [TEST_STEP][PASSED] - println("Valor_ori: " + flag): null

2023-03-09 12:46:21 - [TEST_STEP][PASSED] - if (flag): null

2023-03-09 12:46:21 - [TEST_STEP][PASSED] - navigateToUrl(i): Navigate to 'http://192.168.2.19:7001/saraweb' successfully

2023-03-09 12:46:23 - [MESSAGE][PASSED] - Navigate to 'http://192.168.2.19:7001/saraweb' successfully

2023-03-09 12:46:23 - [TEST_STEP][PASSED] - a(): null

2023-03-09 12:46:23 - [TEST_STEP][PASSED] - if (waitForElementVisible(findTestObject("3-OBJECTS UTILIDADES/Login/input_USUARIO_loginusuario"), 0)): null

2023-03-09 12:46:23 - [MESSAGE][WARNING] - Timeout '0' is invalid. Using default page load timeout: '37'

2023-03-09 12:46:23 - [MESSAGE][PASSED] - Object 'Object Repository/3-OBJECTS UTILIDADES/Login/input_USUARIO_loginusuario' is visible

2023-03-09 12:46:23 - [TEST_STEP][PASSED] - switchToWindowTitle("SARA"): Switched to window with title: 'SARA'

2023-03-09 12:46:23 - [MESSAGE][PASSED] - Switched to window with title: 'SARA'

2023-03-09 12:46:23 - [TEST_STEP][PASSED] - zoom(): null

2023-03-09 12:46:23 - [TEST_STEP][PASSED] - robot = new java.awt.Robot(): null

2023-03-09 12:46:23 - [TEST_STEP][PASSED] - robot.keyPress(VK_CONTROL): null

2023-03-09 12:46:23 - [TEST_STEP][PASSED] - robot.keyPress(VK_SUBTRACT): null

2023-03-09 12:46:23 - [TEST_STEP][PASSED] - robot.keyRelease(VK_CONTROL): null

2023-03-09 12:46:23 - [TEST_STEP][PASSED] - robot.keyRelease(VK_SUBTRACT): null

2023-03-09 12:46:23 - [TEST_STEP][PASSED] - robot.keyPress(VK_CONTROL): null

2023-03-09 12:46:23 - [TEST_STEP][PASSED] - robot.keyPress(VK_SUBTRACT): null

2023-03-09 12:46:23 - [TEST_STEP][PASSED] - robot.keyRelease(VK_CONTROL): null

2023-03-09 12:46:23 - [TEST_STEP][PASSED] - robot.keyRelease(VK_SUBTRACT): null

2023-03-09 12:46:23 - [TEST_STEP][PASSED] - robot.keyPress(VK_CONTROL): null

2023-03-09 12:46:23 - [TEST_STEP][PASSED] - robot.keyPress(VK_SUBTRACT): null

2023-03-09 12:46:23 - [TEST_STEP][PASSED] - robot.keyRelease(VK_CONTROL): null

2023-03-09 12:46:23 - [TEST_STEP][PASSED] - robot.keyRelease(VK_SUBTRACT): null

2023-03-09 12:46:23 - [TEST_STEP][PASSED] - robot.keyRelease(VK_CONTROL): null

2023-03-09 12:46:23 - [TEST_STEP][PASSED] - robot.keyRelease(VK_SUBTRACT): null

2023-03-09 12:46:23 - [TEST_STEP][PASSED] - setText(findTestObject("3-OBJECTS UTILIDADES/Login/input_USUARIO_loginusuario"), G_Usuario): Text 'weblogic' is set on object 'Object Repository/3-OBJECTS UTILIDADES/Login/input_USUARIO_loginusuario'

2023-03-09 12:46:24 - [MESSAGE][PASSED] - Text 'weblogic' is set on object 'Object Repository/3-OBJECTS UTILIDADES/Login/input_USUARIO_loginusuario'

2023-03-09 12:46:24 - [TEST_STEP][PASSED] - setEncryptedText(findTestObject("3-OBJECTS UTILIDADES/Login/input_CLAVE_loginpassword"), "SlAwMcyRKqrwbnzhAs8HhT6NnI7sEyng"): Text ****** has been set on object 'Object Repository/3-OBJECTS UTILIDADES/Login/input_CLAVE_loginpassword'

2023-03-09 12:46:27 - [MESSAGE][PASSED] - Text ****** has been set on object 'Object Repository/3-OBJECTS UTILIDADES/Login/input_CLAVE_loginpassword'

2023-03-09 12:46:27 - [TEST_STEP][PASSED] - while (waitForElementClickable(findTestObject("3-OBJECTS UTILIDADES/Login/a_Ingresar"), 1)): Web element with id: 'Object Repository/3-OBJECTS UTILIDADES/Login/a_Ingresar' located by '//a[contains(text(),'Ingresar')]' not found

2023-03-09 12:46:30 - [MESSAGE][INFO] - Unable to find the element located by 'By.xpath: //a[contains(text(),'Ingresar')]'. Please recheck the objects properties to make sure the desired element is located. 

2023-03-09 12:46:30 - [MESSAGE][WARNING] - Web element with id: 'Object Repository/3-OBJECTS UTILIDADES/Login/a_Ingresar' located by '//a[contains(text(),'Ingresar')]' not found

2023-03-09 12:46:30 - [MESSAGE][PASSED] - Call Test Case 'Test Cases/0.1-Login' successfully

2023-03-09 12:46:30 - [TEST_STEP][PASSED] - waitForElementClickable(findTestObject("3-OBJECTS UTILIDADES/Modulo bienestar-eventos/input_ADMINISTRADOR DEL SISTEMA"), 0): Object 'Object Repository/3-OBJECTS UTILIDADES/Modulo bienestar-eventos/input_ADMINISTRADOR DEL SISTEMA' is clickable

2023-03-09 12:46:30 - [MESSAGE][WARNING] - Timeout '0' is invalid. Using default page load timeout: '37'

2023-03-09 12:46:30 - [MESSAGE][PASSED] - Object 'Object Repository/3-OBJECTS UTILIDADES/Modulo bienestar-eventos/input_ADMINISTRADOR DEL SISTEMA' is clickable

2023-03-09 12:46:30 - [TEST_STEP][PASSED] - setText(findTestObject("3-OBJECTS UTILIDADES/Modulo bienestar-eventos/input_ADMINISTRADOR DEL SISTEMA"), "eventos (bie)"): Text 'eventos (bie)' is set on object 'Object Repository/3-OBJECTS UTILIDADES/Modulo bienestar-eventos/input_ADMINISTRADOR DEL SISTEMA'

2023-03-09 12:46:31 - [MESSAGE][PASSED] - Text 'eventos (bie)' is set on object 'Object Repository/3-OBJECTS UTILIDADES/Modulo bienestar-eventos/input_ADMINISTRADOR DEL SISTEMA'

2023-03-09 12:46:31 - [TEST_STEP][PASSED] - click(findTestObject("3-OBJECTS UTILIDADES/Modulo bienestar-eventos/span_Eventos (bie)")): Object: 'Object Repository/3-OBJECTS UTILIDADES/Modulo bienestar-eventos/span_Eventos (bie)' is clicked on

2023-03-09 12:46:32 - [MESSAGE][PASSED] - Object: 'Object Repository/3-OBJECTS UTILIDADES/Modulo bienestar-eventos/span_Eventos (bie)' is clicked on

2023-03-09 12:46:32 - [MESSAGE][PASSED] - Call Test Case 'Test Cases/Utilidades-(atajos_para _tareas)/Modulos/Modulo bienestar-eventos' successfully

2023-03-09 12:46:32 - [TEST_STEP][PASSED] - if (waitForElementPresent(findTestObject("2-OBJECTS TAREAS SECUNDARIAS/Pruebas Bienestar/Ingresar instructores/td_Prueba"), 1)): null

2023-03-09 12:46:35 - [MESSAGE][PASSED] - Object 'Object Repository/2-OBJECTS TAREAS SECUNDARIAS/Pruebas Bienestar/Ingresar instructores/td_Prueba' is present

2023-03-09 12:46:35 - [TEST_STEP][PASSED] - click(findTestObject("2-OBJECTS TAREAS SECUNDARIAS/Pruebas Bienestar/Ingresar instructores/td_Prueba")): Object: 'Object Repository/2-OBJECTS TAREAS SECUNDARIAS/Pruebas Bienestar/Ingresar instructores/td_Prueba' is clicked on

2023-03-09 12:46:35 - [MESSAGE][PASSED] - Object: 'Object Repository/2-OBJECTS TAREAS SECUNDARIAS/Pruebas Bienestar/Ingresar instructores/td_Prueba' is clicked on

2023-03-09 12:46:35 - [TEST_STEP][PASSED] - click(findTestObject("2-OBJECTS TAREAS SECUNDARIAS/Pruebas Bienestar/Ingresar instructores/a_Instructores")): Object: 'Object Repository/2-OBJECTS TAREAS SECUNDARIAS/Pruebas Bienestar/Ingresar instructores/a_Instructores' is clicked on

2023-03-09 12:46:36 - [MESSAGE][PASSED] - Object: 'Object Repository/2-OBJECTS TAREAS SECUNDARIAS/Pruebas Bienestar/Ingresar instructores/a_Instructores' is clicked on

2023-03-09 12:46:36 - [TEST_STEP][PASSED] - if (waitForElementClickable(findTestObject("2-OBJECTS TAREAS SECUNDARIAS/Pruebas Bienestar/Ingresar instructores/a_Instructores_form_entrenadorlistaEntrenadores0j_idt616"), 1)): Web element with id: 'Object Repository/2-OBJECTS TAREAS SECUNDARIAS/Pruebas Bienestar/Ingresar instructores/a_Instructores_form_entrenadorlistaEntrenadores0j_idt616' located by '//div/div/table/tbody/tr/td[2]/a' not found

2023-03-09 12:46:39 - [MESSAGE][INFO] - Unable to find the element located by 'By.xpath: //div/div/table/tbody/tr/td[2]/a'. Please recheck the objects properties to make sure the desired element is located. 

2023-03-09 12:46:39 - [MESSAGE][WARNING] - Web element with id: 'Object Repository/2-OBJECTS TAREAS SECUNDARIAS/Pruebas Bienestar/Ingresar instructores/a_Instructores_form_entrenadorlistaEntrenadores0j_idt616' located by '//div/div/table/tbody/tr/td[2]/a' not found

2023-03-09 12:46:39 - [TEST_STEP][PASSED] - selectOptionByIndex(findTestObject("2-OBJECTS TAREAS SECUNDARIAS/Pruebas Bienestar/Ingresar instructores/select_-- Seleccione --Beltran Daza Jose AndresCanizalez Acero Marta BrigitteBuitrago Buitrago Andrea12501250Mendoza 1010 Empleado"), 4): All options with index in [4] are selected on object 'Object Repository/2-OBJECTS TAREAS SECUNDARIAS/Pruebas Bienestar/Ingresar instructores/select_-- Seleccione --Beltran Daza Jose AndresCanizalez Acero Marta BrigitteBuitrago Buitrago Andrea12501250Mendoza 1010 Empleado'

2023-03-09 12:46:40 - [MESSAGE][PASSED] - All options with index in [4] are selected on object 'Object Repository/2-OBJECTS TAREAS SECUNDARIAS/Pruebas Bienestar/Ingresar instructores/select_-- Seleccione --Beltran Daza Jose AndresCanizalez Acero Marta BrigitteBuitrago Buitrago Andrea12501250Mendoza 1010 Empleado'

2023-03-09 12:46:40 - [TEST_STEP][PASSED] - click(findTestObject("2-OBJECTS TAREAS SECUNDARIAS/Pruebas Bienestar/Ingresar instructores/a_Instructores_form_entrenadorlistaEntrenadoresj_idt618")): Object: 'Object Repository/2-OBJECTS TAREAS SECUNDARIAS/Pruebas Bienestar/Ingresar instructores/a_Instructores_form_entrenadorlistaEntrenadoresj_idt618' is clicked on

2023-03-09 12:46:41 - [MESSAGE][PASSED] - Object: 'Object Repository/2-OBJECTS TAREAS SECUNDARIAS/Pruebas Bienestar/Ingresar instructores/a_Instructores_form_entrenadorlistaEntrenadoresj_idt618' is clicked on

2023-03-09 12:46:41 - [TEST_STEP][PASSED] - Result = getText(findTestObject("3-OBJECTS UTILIDADES/Alerta/Alerta")): Text of object 'Object Repository/3-OBJECTS UTILIDADES/Alerta/Alerta' is: 'Se guardo correctamente.'

2023-03-09 12:46:41 - [MESSAGE][PASSED] - Text of object 'Object Repository/3-OBJECTS UTILIDADES/Alerta/Alerta' is: 'Se guardo correctamente.'

2023-03-09 12:46:41 - [TEST_STEP][PASSED] - click(findTestObject("2-OBJECTS TAREAS SECUNDARIAS/Pruebas Bienestar/Ingresar instructores/input_Evento Bienestar_form_templatej_idt282j_idt29")): Object: 'Object Repository/2-OBJECTS TAREAS SECUNDARIAS/Pruebas Bienestar/Ingresar instructores/input_Evento Bienestar_form_templatej_idt282j_idt29' is clicked on

2023-03-09 12:46:44 - [MESSAGE][PASSED] - Object: 'Object Repository/2-OBJECTS TAREAS SECUNDARIAS/Pruebas Bienestar/Ingresar instructores/input_Evento Bienestar_form_templatej_idt282j_idt29' is clicked on

2023-03-09 12:46:44 - [TEST_STEP][PASSED] - if (Result == "Se guardo correctamente."): Browser is closed

2023-03-09 12:46:44 - [TEST_STEP][PASSED] - Resultado0 = "PRUEBA OK": null

2023-03-09 12:46:44 - [TEST_STEP][PASSED] - closeBrowser(): Browser is closed

2023-03-09 12:46:44 - [MESSAGE][PASSED] - Browser is closed]]></system-out>
         <system-err><![CDATA[]]></system-err>
      </testcase>
      <testcase name="Test Cases/1.2-Tareas_Secundarias/3.1-Pruebas_Bienestar/3.1.3-Ingresar entidades" time="21.953" classname="Test Cases/1.2-Tareas_Secundarias/3.1-Pruebas_Bienestar/3.1.3-Ingresar entidades" status="PASSED">
         <system-out><![CDATA[2023-03-09 12:46:44 - [TEST_CASE][PASSED] - Test Cases/1.2-Tareas_Secundarias/3.1-Pruebas_Bienestar/3.1.3-Ingresar entidades: Test Cases/1.2-Tareas_Secundarias/3.1-Pruebas_Bienestar/3.1.3-Ingresar entidades

2023-03-09 12:46:45 - [TEST_STEP][PASSED] - callTestCase(findTestCase("Utilidades-(atajos_para _tareas)/Modulos/Modulo bienestar-eventos"), [:], STOP_ON_FAILURE): Call Test Case 'Test Cases/Utilidades-(atajos_para _tareas)/Modulos/Modulo bienestar-eventos' successfully

2023-03-09 12:46:45 - [TEST_CASE][PASSED] - Test Cases/Utilidades-(atajos_para _tareas)/Modulos/Modulo bienestar-eventos: Test Cases/Utilidades-(atajos_para _tareas)/Modulos/Modulo bienestar-eventos

2023-03-09 12:46:45 - [TEST_STEP][PASSED] - callTestCase(findTestCase("0.1-Login"), [:], STOP_ON_FAILURE): Call Test Case 'Test Cases/0.1-Login' successfully

2023-03-09 12:46:45 - [TEST_CASE][PASSED] - Test Cases/0.1-Login: Test Cases/0.1-Login

2023-03-09 12:46:45 - [TEST_STEP][PASSED] - openBrowser(""): Browser is opened with url: ''

2023-03-09 12:46:45 - [MESSAGE][INFO] - Starting 'Chrome' driver

2023-03-09 12:46:45 - [MESSAGE][INFO] - Action delay is set to 0 milliseconds

2023-03-09 12:46:46 - [MESSAGE][PASSED] - Browser is opened with url: ''

2023-03-09 12:46:46 - [TEST_STEP][PASSED] - maximizeWindow(): Current window maximized

2023-03-09 12:46:46 - [MESSAGE][PASSED] - Current window maximized

2023-03-09 12:46:46 - [TEST_STEP][PASSED] - i = G_Login: null

2023-03-09 12:46:46 - [TEST_STEP][PASSED] - url = new java.net.URL(i): null

2023-03-09 12:46:46 - [TEST_STEP][PASSED] - println("URL: " + url.toString()): null

2023-03-09 12:46:46 - [TEST_STEP][PASSED] - connection = url.openConnection(): null

2023-03-09 12:46:46 - [TEST_STEP][PASSED] - connection.setRequestMethod("GET"): null

2023-03-09 12:46:46 - [TEST_STEP][PASSED] - connection.setReadTimeout(2 * 1000): null

2023-03-09 12:46:46 - [TEST_STEP][PASSED] - try: null

2023-03-09 12:46:46 - [TEST_STEP][PASSED] - connection.connect(): null

2023-03-09 12:46:46 - [TEST_STEP][PASSED] - flag = connected: null

2023-03-09 12:46:46 - [TEST_STEP][PASSED] - println("Valor_ori: " + flag): null

2023-03-09 12:46:46 - [TEST_STEP][PASSED] - if (flag): null

2023-03-09 12:46:46 - [TEST_STEP][PASSED] - navigateToUrl(i): Navigate to 'http://192.168.2.19:7001/saraweb' successfully

2023-03-09 12:46:49 - [MESSAGE][PASSED] - Navigate to 'http://192.168.2.19:7001/saraweb' successfully

2023-03-09 12:46:49 - [TEST_STEP][PASSED] - a(): null

2023-03-09 12:46:49 - [TEST_STEP][PASSED] - if (waitForElementVisible(findTestObject("3-OBJECTS UTILIDADES/Login/input_USUARIO_loginusuario"), 0)): null

2023-03-09 12:46:49 - [MESSAGE][WARNING] - Timeout '0' is invalid. Using default page load timeout: '37'

2023-03-09 12:46:49 - [MESSAGE][PASSED] - Object 'Object Repository/3-OBJECTS UTILIDADES/Login/input_USUARIO_loginusuario' is visible

2023-03-09 12:46:49 - [TEST_STEP][PASSED] - switchToWindowTitle("SARA"): Switched to window with title: 'SARA'

2023-03-09 12:46:49 - [MESSAGE][PASSED] - Switched to window with title: 'SARA'

2023-03-09 12:46:49 - [TEST_STEP][PASSED] - zoom(): null

2023-03-09 12:46:49 - [TEST_STEP][PASSED] - robot = new java.awt.Robot(): null

2023-03-09 12:46:49 - [TEST_STEP][PASSED] - robot.keyPress(VK_CONTROL): null

2023-03-09 12:46:49 - [TEST_STEP][PASSED] - robot.keyPress(VK_SUBTRACT): null

2023-03-09 12:46:49 - [TEST_STEP][PASSED] - robot.keyRelease(VK_CONTROL): null

2023-03-09 12:46:49 - [TEST_STEP][PASSED] - robot.keyRelease(VK_SUBTRACT): null

2023-03-09 12:46:49 - [TEST_STEP][PASSED] - robot.keyPress(VK_CONTROL): null

2023-03-09 12:46:49 - [TEST_STEP][PASSED] - robot.keyPress(VK_SUBTRACT): null

2023-03-09 12:46:49 - [TEST_STEP][PASSED] - robot.keyRelease(VK_CONTROL): null

2023-03-09 12:46:49 - [TEST_STEP][PASSED] - robot.keyRelease(VK_SUBTRACT): null

2023-03-09 12:46:49 - [TEST_STEP][PASSED] - robot.keyPress(VK_CONTROL): null

2023-03-09 12:46:49 - [TEST_STEP][PASSED] - robot.keyPress(VK_SUBTRACT): null

2023-03-09 12:46:49 - [TEST_STEP][PASSED] - robot.keyRelease(VK_CONTROL): null

2023-03-09 12:46:49 - [TEST_STEP][PASSED] - robot.keyRelease(VK_SUBTRACT): null

2023-03-09 12:46:49 - [TEST_STEP][PASSED] - robot.keyRelease(VK_CONTROL): null

2023-03-09 12:46:49 - [TEST_STEP][PASSED] - robot.keyRelease(VK_SUBTRACT): null

2023-03-09 12:46:49 - [TEST_STEP][PASSED] - setText(findTestObject("3-OBJECTS UTILIDADES/Login/input_USUARIO_loginusuario"), G_Usuario): Text 'weblogic' is set on object 'Object Repository/3-OBJECTS UTILIDADES/Login/input_USUARIO_loginusuario'

2023-03-09 12:46:50 - [MESSAGE][PASSED] - Text 'weblogic' is set on object 'Object Repository/3-OBJECTS UTILIDADES/Login/input_USUARIO_loginusuario'

2023-03-09 12:46:50 - [TEST_STEP][PASSED] - setEncryptedText(findTestObject("3-OBJECTS UTILIDADES/Login/input_CLAVE_loginpassword"), "SlAwMcyRKqrwbnzhAs8HhT6NnI7sEyng"): Text ****** has been set on object 'Object Repository/3-OBJECTS UTILIDADES/Login/input_CLAVE_loginpassword'

2023-03-09 12:46:53 - [MESSAGE][PASSED] - Text ****** has been set on object 'Object Repository/3-OBJECTS UTILIDADES/Login/input_CLAVE_loginpassword'

2023-03-09 12:46:53 - [TEST_STEP][PASSED] - while (waitForElementClickable(findTestObject("3-OBJECTS UTILIDADES/Login/a_Ingresar"), 1)): Web element with id: 'Object Repository/3-OBJECTS UTILIDADES/Login/a_Ingresar' located by '//a[contains(text(),'Ingresar')]' not found

2023-03-09 12:46:55 - [MESSAGE][INFO] - Unable to find the element located by 'By.xpath: //a[contains(text(),'Ingresar')]'. Please recheck the objects properties to make sure the desired element is located. 

2023-03-09 12:46:55 - [MESSAGE][WARNING] - Web element with id: 'Object Repository/3-OBJECTS UTILIDADES/Login/a_Ingresar' located by '//a[contains(text(),'Ingresar')]' not found

2023-03-09 12:46:55 - [MESSAGE][PASSED] - Call Test Case 'Test Cases/0.1-Login' successfully

2023-03-09 12:46:55 - [TEST_STEP][PASSED] - waitForElementClickable(findTestObject("3-OBJECTS UTILIDADES/Modulo bienestar-eventos/input_ADMINISTRADOR DEL SISTEMA"), 0): Object 'Object Repository/3-OBJECTS UTILIDADES/Modulo bienestar-eventos/input_ADMINISTRADOR DEL SISTEMA' is clickable

2023-03-09 12:46:55 - [MESSAGE][WARNING] - Timeout '0' is invalid. Using default page load timeout: '37'

2023-03-09 12:46:55 - [MESSAGE][PASSED] - Object 'Object Repository/3-OBJECTS UTILIDADES/Modulo bienestar-eventos/input_ADMINISTRADOR DEL SISTEMA' is clickable

2023-03-09 12:46:55 - [TEST_STEP][PASSED] - setText(findTestObject("3-OBJECTS UTILIDADES/Modulo bienestar-eventos/input_ADMINISTRADOR DEL SISTEMA"), "eventos (bie)"): Text 'eventos (bie)' is set on object 'Object Repository/3-OBJECTS UTILIDADES/Modulo bienestar-eventos/input_ADMINISTRADOR DEL SISTEMA'

2023-03-09 12:46:56 - [MESSAGE][PASSED] - Text 'eventos (bie)' is set on object 'Object Repository/3-OBJECTS UTILIDADES/Modulo bienestar-eventos/input_ADMINISTRADOR DEL SISTEMA'

2023-03-09 12:46:56 - [TEST_STEP][PASSED] - click(findTestObject("3-OBJECTS UTILIDADES/Modulo bienestar-eventos/span_Eventos (bie)")): Object: 'Object Repository/3-OBJECTS UTILIDADES/Modulo bienestar-eventos/span_Eventos (bie)' is clicked on

2023-03-09 12:46:58 - [MESSAGE][PASSED] - Object: 'Object Repository/3-OBJECTS UTILIDADES/Modulo bienestar-eventos/span_Eventos (bie)' is clicked on

2023-03-09 12:46:58 - [MESSAGE][PASSED] - Call Test Case 'Test Cases/Utilidades-(atajos_para _tareas)/Modulos/Modulo bienestar-eventos' successfully

2023-03-09 12:46:58 - [TEST_STEP][PASSED] - click(findTestObject("2-OBJECTS TAREAS SECUNDARIAS/Pruebas Bienestar/Ingresar_Entidades/td_Prueba-S")): Object: 'Object Repository/2-OBJECTS TAREAS SECUNDARIAS/Pruebas Bienestar/Ingresar_Entidades/td_Prueba-S' is clicked on

2023-03-09 12:47:01 - [MESSAGE][PASSED] - Object: 'Object Repository/2-OBJECTS TAREAS SECUNDARIAS/Pruebas Bienestar/Ingresar_Entidades/td_Prueba-S' is clicked on

2023-03-09 12:47:01 - [TEST_STEP][PASSED] - click(findTestObject("2-OBJECTS TAREAS SECUNDARIAS/Pruebas Bienestar/Ingresar_Entidades/a_Entidades")): Object: 'Object Repository/2-OBJECTS TAREAS SECUNDARIAS/Pruebas Bienestar/Ingresar_Entidades/a_Entidades' is clicked on

2023-03-09 12:47:02 - [MESSAGE][PASSED] - Object: 'Object Repository/2-OBJECTS TAREAS SECUNDARIAS/Pruebas Bienestar/Ingresar_Entidades/a_Entidades' is clicked on

2023-03-09 12:47:02 - [TEST_STEP][PASSED] - if (waitForElementClickable(findTestObject("2-OBJECTS TAREAS SECUNDARIAS/Pruebas Bienestar/Ingresar_Entidades/a_US_form_entidadlistaEntidades0j_idt626"), 1)): Web element with id: 'Object Repository/2-OBJECTS TAREAS SECUNDARIAS/Pruebas Bienestar/Ingresar_Entidades/a_US_form_entidadlistaEntidades0j_idt626' located by '//div/div/table/tbody/tr/td[2]/a' not found

2023-03-09 12:47:04 - [MESSAGE][INFO] - Unable to find the element located by 'By.xpath: //div/div/table/tbody/tr/td[2]/a'. Please recheck the objects properties to make sure the desired element is located. 

2023-03-09 12:47:04 - [MESSAGE][WARNING] - Web element with id: 'Object Repository/2-OBJECTS TAREAS SECUNDARIAS/Pruebas Bienestar/Ingresar_Entidades/a_US_form_entidadlistaEntidades0j_idt626' located by '//div/div/table/tbody/tr/td[2]/a' not found

2023-03-09 12:47:04 - [TEST_STEP][PASSED] - selectOptionByIndex(findTestObject("2-OBJECTS TAREAS SECUNDARIAS/Pruebas Bienestar/Ingresar_Entidades/select_-- Seleccione --US"), 1): All options with index in [1] are selected on object 'Object Repository/2-OBJECTS TAREAS SECUNDARIAS/Pruebas Bienestar/Ingresar_Entidades/select_-- Seleccione --US'

2023-03-09 12:47:05 - [MESSAGE][PASSED] - All options with index in [1] are selected on object 'Object Repository/2-OBJECTS TAREAS SECUNDARIAS/Pruebas Bienestar/Ingresar_Entidades/select_-- Seleccione --US'

2023-03-09 12:47:05 - [TEST_STEP][PASSED] - click(findTestObject("2-OBJECTS TAREAS SECUNDARIAS/Pruebas Bienestar/Ingresar_Entidades/a_Entidades_form_entidadlistaEntidadesj_idt628")): Object: 'Object Repository/2-OBJECTS TAREAS SECUNDARIAS/Pruebas Bienestar/Ingresar_Entidades/a_Entidades_form_entidadlistaEntidadesj_idt628' is clicked on

2023-03-09 12:47:06 - [MESSAGE][PASSED] - Object: 'Object Repository/2-OBJECTS TAREAS SECUNDARIAS/Pruebas Bienestar/Ingresar_Entidades/a_Entidades_form_entidadlistaEntidadesj_idt628' is clicked on

2023-03-09 12:47:06 - [TEST_STEP][PASSED] - closeBrowser(): Browser is closed

2023-03-09 12:47:06 - [MESSAGE][PASSED] - Browser is closed]]></system-out>
         <system-err><![CDATA[]]></system-err>
      </testcase>
      <testcase name="Test Cases/1.2-Tareas_Secundarias/3.1-Pruebas_Bienestar/3.1.4-Filtro_de_asistentes" time="38.537" classname="Test Cases/1.2-Tareas_Secundarias/3.1-Pruebas_Bienestar/3.1.4-Filtro_de_asistentes" status="PASSED">
         <system-out><![CDATA[2023-03-09 12:47:06 - [TEST_CASE][PASSED] - Test Cases/1.2-Tareas_Secundarias/3.1-Pruebas_Bienestar/3.1.4-Filtro_de_asistentes: Test Cases/1.2-Tareas_Secundarias/3.1-Pruebas_Bienestar/3.1.4-Filtro_de_asistentes

2023-03-09 12:47:07 - [TEST_STEP][PASSED] - callTestCase(findTestCase("Utilidades-(atajos_para _tareas)/Modulos/Modulo bienestar-eventos"), [:], STOP_ON_FAILURE): Call Test Case 'Test Cases/Utilidades-(atajos_para _tareas)/Modulos/Modulo bienestar-eventos' successfully

2023-03-09 12:47:07 - [TEST_CASE][PASSED] - Test Cases/Utilidades-(atajos_para _tareas)/Modulos/Modulo bienestar-eventos: Test Cases/Utilidades-(atajos_para _tareas)/Modulos/Modulo bienestar-eventos

2023-03-09 12:47:07 - [TEST_STEP][PASSED] - callTestCase(findTestCase("0.1-Login"), [:], STOP_ON_FAILURE): Call Test Case 'Test Cases/0.1-Login' successfully

2023-03-09 12:47:07 - [TEST_CASE][PASSED] - Test Cases/0.1-Login: Test Cases/0.1-Login

2023-03-09 12:47:07 - [TEST_STEP][PASSED] - openBrowser(""): Browser is opened with url: ''

2023-03-09 12:47:07 - [MESSAGE][INFO] - Starting 'Chrome' driver

2023-03-09 12:47:07 - [MESSAGE][INFO] - Action delay is set to 0 milliseconds

2023-03-09 12:47:08 - [MESSAGE][PASSED] - Browser is opened with url: ''

2023-03-09 12:47:08 - [TEST_STEP][PASSED] - maximizeWindow(): Current window maximized

2023-03-09 12:47:08 - [MESSAGE][PASSED] - Current window maximized

2023-03-09 12:47:08 - [TEST_STEP][PASSED] - i = G_Login: null

2023-03-09 12:47:08 - [TEST_STEP][PASSED] - url = new java.net.URL(i): null

2023-03-09 12:47:08 - [TEST_STEP][PASSED] - println("URL: " + url.toString()): null

2023-03-09 12:47:08 - [TEST_STEP][PASSED] - connection = url.openConnection(): null

2023-03-09 12:47:08 - [TEST_STEP][PASSED] - connection.setRequestMethod("GET"): null

2023-03-09 12:47:08 - [TEST_STEP][PASSED] - connection.setReadTimeout(2 * 1000): null

2023-03-09 12:47:08 - [TEST_STEP][PASSED] - try: null

2023-03-09 12:47:08 - [TEST_STEP][PASSED] - connection.connect(): null

2023-03-09 12:47:08 - [TEST_STEP][PASSED] - flag = connected: null

2023-03-09 12:47:08 - [TEST_STEP][PASSED] - println("Valor_ori: " + flag): null

2023-03-09 12:47:08 - [TEST_STEP][PASSED] - if (flag): null

2023-03-09 12:47:08 - [TEST_STEP][PASSED] - navigateToUrl(i): Navigate to 'http://192.168.2.19:7001/saraweb' successfully

2023-03-09 12:47:10 - [MESSAGE][PASSED] - Navigate to 'http://192.168.2.19:7001/saraweb' successfully

2023-03-09 12:47:10 - [TEST_STEP][PASSED] - a(): null

2023-03-09 12:47:10 - [TEST_STEP][PASSED] - if (waitForElementVisible(findTestObject("3-OBJECTS UTILIDADES/Login/input_USUARIO_loginusuario"), 0)): null

2023-03-09 12:47:10 - [MESSAGE][WARNING] - Timeout '0' is invalid. Using default page load timeout: '37'

2023-03-09 12:47:10 - [MESSAGE][PASSED] - Object 'Object Repository/3-OBJECTS UTILIDADES/Login/input_USUARIO_loginusuario' is visible

2023-03-09 12:47:10 - [TEST_STEP][PASSED] - switchToWindowTitle("SARA"): Switched to window with title: 'SARA'

2023-03-09 12:47:10 - [MESSAGE][PASSED] - Switched to window with title: 'SARA'

2023-03-09 12:47:10 - [TEST_STEP][PASSED] - zoom(): null

2023-03-09 12:47:10 - [TEST_STEP][PASSED] - robot = new java.awt.Robot(): null

2023-03-09 12:47:10 - [TEST_STEP][PASSED] - robot.keyPress(VK_CONTROL): null

2023-03-09 12:47:10 - [TEST_STEP][PASSED] - robot.keyPress(VK_SUBTRACT): null

2023-03-09 12:47:10 - [TEST_STEP][PASSED] - robot.keyRelease(VK_CONTROL): null

2023-03-09 12:47:10 - [TEST_STEP][PASSED] - robot.keyRelease(VK_SUBTRACT): null

2023-03-09 12:47:10 - [TEST_STEP][PASSED] - robot.keyPress(VK_CONTROL): null

2023-03-09 12:47:10 - [TEST_STEP][PASSED] - robot.keyPress(VK_SUBTRACT): null

2023-03-09 12:47:10 - [TEST_STEP][PASSED] - robot.keyRelease(VK_CONTROL): null

2023-03-09 12:47:10 - [TEST_STEP][PASSED] - robot.keyRelease(VK_SUBTRACT): null

2023-03-09 12:47:10 - [TEST_STEP][PASSED] - robot.keyPress(VK_CONTROL): null

2023-03-09 12:47:10 - [TEST_STEP][PASSED] - robot.keyPress(VK_SUBTRACT): null

2023-03-09 12:47:10 - [TEST_STEP][PASSED] - robot.keyRelease(VK_CONTROL): null

2023-03-09 12:47:10 - [TEST_STEP][PASSED] - robot.keyRelease(VK_SUBTRACT): null

2023-03-09 12:47:10 - [TEST_STEP][PASSED] - robot.keyRelease(VK_CONTROL): null

2023-03-09 12:47:10 - [TEST_STEP][PASSED] - robot.keyRelease(VK_SUBTRACT): null

2023-03-09 12:47:10 - [TEST_STEP][PASSED] - setText(findTestObject("3-OBJECTS UTILIDADES/Login/input_USUARIO_loginusuario"), G_Usuario): Text 'weblogic' is set on object 'Object Repository/3-OBJECTS UTILIDADES/Login/input_USUARIO_loginusuario'

2023-03-09 12:47:11 - [MESSAGE][PASSED] - Text 'weblogic' is set on object 'Object Repository/3-OBJECTS UTILIDADES/Login/input_USUARIO_loginusuario'

2023-03-09 12:47:11 - [TEST_STEP][PASSED] - setEncryptedText(findTestObject("3-OBJECTS UTILIDADES/Login/input_CLAVE_loginpassword"), "SlAwMcyRKqrwbnzhAs8HhT6NnI7sEyng"): Text ****** has been set on object 'Object Repository/3-OBJECTS UTILIDADES/Login/input_CLAVE_loginpassword'

2023-03-09 12:47:14 - [MESSAGE][PASSED] - Text ****** has been set on object 'Object Repository/3-OBJECTS UTILIDADES/Login/input_CLAVE_loginpassword'

2023-03-09 12:47:14 - [TEST_STEP][PASSED] - while (waitForElementClickable(findTestObject("3-OBJECTS UTILIDADES/Login/a_Ingresar"), 1)): Web element with id: 'Object Repository/3-OBJECTS UTILIDADES/Login/a_Ingresar' located by '//a[contains(text(),'Ingresar')]' not found

2023-03-09 12:47:17 - [MESSAGE][INFO] - Unable to find the element located by 'By.xpath: //a[contains(text(),'Ingresar')]'. Please recheck the objects properties to make sure the desired element is located. 

2023-03-09 12:47:17 - [MESSAGE][WARNING] - Web element with id: 'Object Repository/3-OBJECTS UTILIDADES/Login/a_Ingresar' located by '//a[contains(text(),'Ingresar')]' not found

2023-03-09 12:47:17 - [MESSAGE][PASSED] - Call Test Case 'Test Cases/0.1-Login' successfully

2023-03-09 12:47:17 - [TEST_STEP][PASSED] - waitForElementClickable(findTestObject("3-OBJECTS UTILIDADES/Modulo bienestar-eventos/input_ADMINISTRADOR DEL SISTEMA"), 0): Object 'Object Repository/3-OBJECTS UTILIDADES/Modulo bienestar-eventos/input_ADMINISTRADOR DEL SISTEMA' is clickable

2023-03-09 12:47:17 - [MESSAGE][WARNING] - Timeout '0' is invalid. Using default page load timeout: '37'

2023-03-09 12:47:17 - [MESSAGE][PASSED] - Object 'Object Repository/3-OBJECTS UTILIDADES/Modulo bienestar-eventos/input_ADMINISTRADOR DEL SISTEMA' is clickable

2023-03-09 12:47:17 - [TEST_STEP][PASSED] - setText(findTestObject("3-OBJECTS UTILIDADES/Modulo bienestar-eventos/input_ADMINISTRADOR DEL SISTEMA"), "eventos (bie)"): Text 'eventos (bie)' is set on object 'Object Repository/3-OBJECTS UTILIDADES/Modulo bienestar-eventos/input_ADMINISTRADOR DEL SISTEMA'

2023-03-09 12:47:18 - [MESSAGE][PASSED] - Text 'eventos (bie)' is set on object 'Object Repository/3-OBJECTS UTILIDADES/Modulo bienestar-eventos/input_ADMINISTRADOR DEL SISTEMA'

2023-03-09 12:47:18 - [TEST_STEP][PASSED] - click(findTestObject("3-OBJECTS UTILIDADES/Modulo bienestar-eventos/span_Eventos (bie)")): Object: 'Object Repository/3-OBJECTS UTILIDADES/Modulo bienestar-eventos/span_Eventos (bie)' is clicked on

2023-03-09 12:47:19 - [MESSAGE][PASSED] - Object: 'Object Repository/3-OBJECTS UTILIDADES/Modulo bienestar-eventos/span_Eventos (bie)' is clicked on

2023-03-09 12:47:19 - [MESSAGE][PASSED] - Call Test Case 'Test Cases/Utilidades-(atajos_para _tareas)/Modulos/Modulo bienestar-eventos' successfully

2023-03-09 12:47:19 - [TEST_STEP][PASSED] - click(findTestObject("2-OBJECTS TAREAS SECUNDARIAS/Pruebas Bienestar/Filtro_de_Asistentes_S-(solicitante)/td_Prueba-S")): Object: 'Object Repository/2-OBJECTS TAREAS SECUNDARIAS/Pruebas Bienestar/Filtro_de_Asistentes_S-(solicitante)/td_Prueba-S' is clicked on

2023-03-09 12:47:23 - [MESSAGE][PASSED] - Object: 'Object Repository/2-OBJECTS TAREAS SECUNDARIAS/Pruebas Bienestar/Filtro_de_Asistentes_S-(solicitante)/td_Prueba-S' is clicked on

2023-03-09 12:47:23 - [TEST_STEP][PASSED] - click(findTestObject("2-OBJECTS TAREAS SECUNDARIAS/Pruebas Bienestar/Filtro_de_Asistentes_S-(solicitante)/a_DirigidoA")): Object: 'Object Repository/2-OBJECTS TAREAS SECUNDARIAS/Pruebas Bienestar/Filtro_de_Asistentes_S-(solicitante)/a_DirigidoA' is clicked on

2023-03-09 12:47:24 - [MESSAGE][PASSED] - Object: 'Object Repository/2-OBJECTS TAREAS SECUNDARIAS/Pruebas Bienestar/Filtro_de_Asistentes_S-(solicitante)/a_DirigidoA' is clicked on

2023-03-09 12:47:24 - [TEST_STEP][PASSED] - if (waitForElementClickable(findTestObject("2-OBJECTS TAREAS SECUNDARIAS/Pruebas Bienestar/Filtro_de_Asistentes_S-(solicitante)/a_Edad_form_condicionDerechoTipoBeneftabla_ventanaCDTB0j_idt793"), 1)): Web element with id: 'Object Repository/2-OBJECTS TAREAS SECUNDARIAS/Pruebas Bienestar/Filtro_de_Asistentes_S-(solicitante)/a_Edad_form_condicionDerechoTipoBeneftabla_ventanaCDTB0j_idt793' located by '//div/div/table/tbody/tr/td[3]/a' not found

2023-03-09 12:47:27 - [MESSAGE][INFO] - Unable to find the element located by 'By.xpath: //div/div/table/tbody/tr/td[3]/a'. Please recheck the objects properties to make sure the desired element is located. 

2023-03-09 12:47:27 - [MESSAGE][WARNING] - Web element with id: 'Object Repository/2-OBJECTS TAREAS SECUNDARIAS/Pruebas Bienestar/Filtro_de_Asistentes_S-(solicitante)/a_Edad_form_condicionDerechoTipoBeneftabla_ventanaCDTB0j_idt793' located by '//div/div/table/tbody/tr/td[3]/a' not found

2023-03-09 12:47:27 - [TEST_STEP][PASSED] - selectOptionByIndex(findTestObject("2-OBJECTS TAREAS SECUNDARIAS/Pruebas Bienestar/Filtro_de_Asistentes_S-(solicitante)/select_-- Seleccione --CargoCargos"), 6): All options with index in [6] are selected on object 'Object Repository/2-OBJECTS TAREAS SECUNDARIAS/Pruebas Bienestar/Filtro_de_Asistentes_S-(solicitante)/select_-- Seleccione --CargoCargos'

2023-03-09 12:47:28 - [MESSAGE][PASSED] - All options with index in [6] are selected on object 'Object Repository/2-OBJECTS TAREAS SECUNDARIAS/Pruebas Bienestar/Filtro_de_Asistentes_S-(solicitante)/select_-- Seleccione --CargoCargos'

2023-03-09 12:47:28 - [TEST_STEP][PASSED] - setText(findTestObject("2-OBJECTS TAREAS SECUNDARIAS/Pruebas Bienestar/Filtro_de_Asistentes_S-(solicitante)/input_Tipo Campo_form_condicionDerechoTipoBeneftabla_ventanaCDTBedadMinima"), "22"): Text '22' is set on object 'Object Repository/2-OBJECTS TAREAS SECUNDARIAS/Pruebas Bienestar/Filtro_de_Asistentes_S-(solicitante)/input_Tipo Campo_form_condicionDerechoTipoBeneftabla_ventanaCDTBedadMinima'

2023-03-09 12:47:29 - [MESSAGE][PASSED] - Text '22' is set on object 'Object Repository/2-OBJECTS TAREAS SECUNDARIAS/Pruebas Bienestar/Filtro_de_Asistentes_S-(solicitante)/input_Tipo Campo_form_condicionDerechoTipoBeneftabla_ventanaCDTBedadMinima'

2023-03-09 12:47:29 - [TEST_STEP][PASSED] - setText(findTestObject("2-OBJECTS TAREAS SECUNDARIAS/Pruebas Bienestar/Filtro_de_Asistentes_S-(solicitante)/input_Tipo Campo_form_condicionDerechoTipoBeneftabla_ventanaCDTBedadMaxima"), "45"): Text '45' is set on object 'Object Repository/2-OBJECTS TAREAS SECUNDARIAS/Pruebas Bienestar/Filtro_de_Asistentes_S-(solicitante)/input_Tipo Campo_form_condicionDerechoTipoBeneftabla_ventanaCDTBedadMaxima'

2023-03-09 12:47:30 - [MESSAGE][PASSED] - Text '45' is set on object 'Object Repository/2-OBJECTS TAREAS SECUNDARIAS/Pruebas Bienestar/Filtro_de_Asistentes_S-(solicitante)/input_Tipo Campo_form_condicionDerechoTipoBeneftabla_ventanaCDTBedadMaxima'

2023-03-09 12:47:30 - [TEST_STEP][PASSED] - click(findTestObject("2-OBJECTS TAREAS SECUNDARIAS/Pruebas Bienestar/Filtro_de_Asistentes_S-(solicitante)/a_Tipo Campo_form_condicionDerechoTipoBeneftabla_ventanaCDTBj_idt794")): Object: 'Object Repository/2-OBJECTS TAREAS SECUNDARIAS/Pruebas Bienestar/Filtro_de_Asistentes_S-(solicitante)/a_Tipo Campo_form_condicionDerechoTipoBeneftabla_ventanaCDTBj_idt794' is clicked on

2023-03-09 12:47:30 - [MESSAGE][PASSED] - Object: 'Object Repository/2-OBJECTS TAREAS SECUNDARIAS/Pruebas Bienestar/Filtro_de_Asistentes_S-(solicitante)/a_Tipo Campo_form_condicionDerechoTipoBeneftabla_ventanaCDTBj_idt794' is clicked on

2023-03-09 12:47:30 - [TEST_STEP][PASSED] - click(findTestObject("2-OBJECTS TAREAS SECUNDARIAS/Pruebas Bienestar/Filtro_de_Asistentes_S-(solicitante)/a_Regresar")): Object: 'Object Repository/2-OBJECTS TAREAS SECUNDARIAS/Pruebas Bienestar/Filtro_de_Asistentes_S-(solicitante)/a_Regresar' is clicked on

2023-03-09 12:47:31 - [MESSAGE][PASSED] - Object: 'Object Repository/2-OBJECTS TAREAS SECUNDARIAS/Pruebas Bienestar/Filtro_de_Asistentes_S-(solicitante)/a_Regresar' is clicked on

2023-03-09 12:47:31 - [TEST_STEP][PASSED] - click(findTestObject("2-OBJECTS TAREAS SECUNDARIAS/Pruebas Bienestar/Filtro_de_Asistentes_S-(solicitante)/td_Prueba-S-SH")): Object: 'Object Repository/2-OBJECTS TAREAS SECUNDARIAS/Pruebas Bienestar/Filtro_de_Asistentes_S-(solicitante)/td_Prueba-S-SH' is clicked on

2023-03-09 12:47:32 - [MESSAGE][PASSED] - Object: 'Object Repository/2-OBJECTS TAREAS SECUNDARIAS/Pruebas Bienestar/Filtro_de_Asistentes_S-(solicitante)/td_Prueba-S-SH' is clicked on

2023-03-09 12:47:32 - [TEST_STEP][PASSED] - click(findTestObject("2-OBJECTS TAREAS SECUNDARIAS/Pruebas Bienestar/Filtro_de_Asistentes_S-(solicitante)/a_DirigidoA")): Object: 'Object Repository/2-OBJECTS TAREAS SECUNDARIAS/Pruebas Bienestar/Filtro_de_Asistentes_S-(solicitante)/a_DirigidoA' is clicked on

2023-03-09 12:47:32 - [MESSAGE][PASSED] - Object: 'Object Repository/2-OBJECTS TAREAS SECUNDARIAS/Pruebas Bienestar/Filtro_de_Asistentes_S-(solicitante)/a_DirigidoA' is clicked on

2023-03-09 12:47:32 - [TEST_STEP][PASSED] - if (waitForElementClickable(findTestObject("2-OBJECTS TAREAS SECUNDARIAS/Pruebas Bienestar/Filtro_de_Asistentes_S-(solicitante)/a_Edad_form_condicionDerechoTipoBeneftabla_ventanaCDTB0j_idt793"), 1)): Web element with id: 'Object Repository/2-OBJECTS TAREAS SECUNDARIAS/Pruebas Bienestar/Filtro_de_Asistentes_S-(solicitante)/a_Edad_form_condicionDerechoTipoBeneftabla_ventanaCDTB0j_idt793' located by '//div/div/table/tbody/tr/td[3]/a' not found

2023-03-09 12:47:35 - [MESSAGE][INFO] - Unable to find the element located by 'By.xpath: //div/div/table/tbody/tr/td[3]/a'. Please recheck the objects properties to make sure the desired element is located. 

2023-03-09 12:47:35 - [MESSAGE][WARNING] - Web element with id: 'Object Repository/2-OBJECTS TAREAS SECUNDARIAS/Pruebas Bienestar/Filtro_de_Asistentes_S-(solicitante)/a_Edad_form_condicionDerechoTipoBeneftabla_ventanaCDTB0j_idt793' located by '//div/div/table/tbody/tr/td[3]/a' not found

2023-03-09 12:47:35 - [TEST_STEP][PASSED] - selectOptionByIndex(findTestObject("2-OBJECTS TAREAS SECUNDARIAS/Pruebas Bienestar/Filtro_de_Asistentes_S-(solicitante)/select_-- Seleccione --CargoCargos"), 6): All options with index in [6] are selected on object 'Object Repository/2-OBJECTS TAREAS SECUNDARIAS/Pruebas Bienestar/Filtro_de_Asistentes_S-(solicitante)/select_-- Seleccione --CargoCargos'

2023-03-09 12:47:36 - [MESSAGE][PASSED] - All options with index in [6] are selected on object 'Object Repository/2-OBJECTS TAREAS SECUNDARIAS/Pruebas Bienestar/Filtro_de_Asistentes_S-(solicitante)/select_-- Seleccione --CargoCargos'

2023-03-09 12:47:36 - [TEST_STEP][PASSED] - setText(findTestObject("2-OBJECTS TAREAS SECUNDARIAS/Pruebas Bienestar/Filtro_de_Asistentes_S-(solicitante)/input_Tipo Campo_form_condicionDerechoTipoBeneftabla_ventanaCDTBedadMinima"), "22"): Text '22' is set on object 'Object Repository/2-OBJECTS TAREAS SECUNDARIAS/Pruebas Bienestar/Filtro_de_Asistentes_S-(solicitante)/input_Tipo Campo_form_condicionDerechoTipoBeneftabla_ventanaCDTBedadMinima'

2023-03-09 12:47:37 - [MESSAGE][PASSED] - Text '22' is set on object 'Object Repository/2-OBJECTS TAREAS SECUNDARIAS/Pruebas Bienestar/Filtro_de_Asistentes_S-(solicitante)/input_Tipo Campo_form_condicionDerechoTipoBeneftabla_ventanaCDTBedadMinima'

2023-03-09 12:47:37 - [TEST_STEP][PASSED] - setText(findTestObject("2-OBJECTS TAREAS SECUNDARIAS/Pruebas Bienestar/Filtro_de_Asistentes_S-(solicitante)/input_Tipo Campo_form_condicionDerechoTipoBeneftabla_ventanaCDTBedadMaxima"), "45"): Text '45' is set on object 'Object Repository/2-OBJECTS TAREAS SECUNDARIAS/Pruebas Bienestar/Filtro_de_Asistentes_S-(solicitante)/input_Tipo Campo_form_condicionDerechoTipoBeneftabla_ventanaCDTBedadMaxima'

2023-03-09 12:47:38 - [MESSAGE][PASSED] - Text '45' is set on object 'Object Repository/2-OBJECTS TAREAS SECUNDARIAS/Pruebas Bienestar/Filtro_de_Asistentes_S-(solicitante)/input_Tipo Campo_form_condicionDerechoTipoBeneftabla_ventanaCDTBedadMaxima'

2023-03-09 12:47:38 - [TEST_STEP][PASSED] - click(findTestObject("2-OBJECTS TAREAS SECUNDARIAS/Pruebas Bienestar/Filtro_de_Asistentes_S-(solicitante)/a_Tipo Campo_form_condicionDerechoTipoBeneftabla_ventanaCDTBj_idt794")): Object: 'Object Repository/2-OBJECTS TAREAS SECUNDARIAS/Pruebas Bienestar/Filtro_de_Asistentes_S-(solicitante)/a_Tipo Campo_form_condicionDerechoTipoBeneftabla_ventanaCDTBj_idt794' is clicked on

2023-03-09 12:47:38 - [MESSAGE][PASSED] - Object: 'Object Repository/2-OBJECTS TAREAS SECUNDARIAS/Pruebas Bienestar/Filtro_de_Asistentes_S-(solicitante)/a_Tipo Campo_form_condicionDerechoTipoBeneftabla_ventanaCDTBj_idt794' is clicked on

2023-03-09 12:47:38 - [TEST_STEP][PASSED] - click(findTestObject("2-OBJECTS TAREAS SECUNDARIAS/Pruebas Bienestar/Filtro_de_Asistentes_S-(solicitante)/div_Participante")): Object: 'Object Repository/2-OBJECTS TAREAS SECUNDARIAS/Pruebas Bienestar/Filtro_de_Asistentes_S-(solicitante)/div_Participante' is clicked on

2023-03-09 12:47:39 - [MESSAGE][PASSED] - Object: 'Object Repository/2-OBJECTS TAREAS SECUNDARIAS/Pruebas Bienestar/Filtro_de_Asistentes_S-(solicitante)/div_Participante' is clicked on

2023-03-09 12:47:39 - [TEST_STEP][PASSED] - click(findTestObject("2-OBJECTS TAREAS SECUNDARIAS/Pruebas Bienestar/Filtro_de_Asistentes_S-(solicitante)/a_Invitacin")): Object: 'Object Repository/2-OBJECTS TAREAS SECUNDARIAS/Pruebas Bienestar/Filtro_de_Asistentes_S-(solicitante)/a_Invitacin' is clicked on

2023-03-09 12:47:39 - [MESSAGE][PASSED] - Object: 'Object Repository/2-OBJECTS TAREAS SECUNDARIAS/Pruebas Bienestar/Filtro_de_Asistentes_S-(solicitante)/a_Invitacin' is clicked on

2023-03-09 12:47:39 - [TEST_STEP][PASSED] - selectOptionByIndex(findTestObject("2-OBJECTS TAREAS SECUNDARIAS/Pruebas Bienestar/Filtro_de_Asistentes_S-(solicitante)/select_SeleccioneCALIDADMENSUAL ABCMODELO EMPRESA QUINCENALPANSIONADOSPENSIONADOS BASEPRUEBAS"), 1): All options with index in [1] are selected on object 'Object Repository/2-OBJECTS TAREAS SECUNDARIAS/Pruebas Bienestar/Filtro_de_Asistentes_S-(solicitante)/select_SeleccioneCALIDADMENSUAL ABCMODELO EMPRESA QUINCENALPANSIONADOSPENSIONADOS BASEPRUEBAS'

2023-03-09 12:47:41 - [MESSAGE][PASSED] - All options with index in [1] are selected on object 'Object Repository/2-OBJECTS TAREAS SECUNDARIAS/Pruebas Bienestar/Filtro_de_Asistentes_S-(solicitante)/select_SeleccioneCALIDADMENSUAL ABCMODELO EMPRESA QUINCENALPANSIONADOSPENSIONADOS BASEPRUEBAS'

2023-03-09 12:47:41 - [TEST_STEP][PASSED] - click(findTestObject("2-OBJECTS TAREAS SECUNDARIAS/Pruebas Bienestar/Filtro_de_Asistentes_S-(solicitante)/a_Filtrar")): Object: 'Object Repository/2-OBJECTS TAREAS SECUNDARIAS/Pruebas Bienestar/Filtro_de_Asistentes_S-(solicitante)/a_Filtrar' is clicked on

2023-03-09 12:47:42 - [MESSAGE][PASSED] - Object: 'Object Repository/2-OBJECTS TAREAS SECUNDARIAS/Pruebas Bienestar/Filtro_de_Asistentes_S-(solicitante)/a_Filtrar' is clicked on

2023-03-09 12:47:42 - [TEST_STEP][PASSED] - waitForElementVisible(findTestObject("2-OBJECTS TAREAS SECUNDARIAS/Pruebas Bienestar/Filtro_de_Asistentes_S-(solicitante)/span_Listado Hojas de Vida (hoj)"), 1): Web element with id: 'Object Repository/2-OBJECTS TAREAS SECUNDARIAS/Pruebas Bienestar/Filtro_de_Asistentes_S-(solicitante)/span_Listado Hojas de Vida (hoj)' located by '//span/ul/li/span' not found

2023-03-09 12:47:44 - [MESSAGE][INFO] - Unable to find the element located by 'By.xpath: //span/ul/li/span'. Please recheck the objects properties to make sure the desired element is located. 

2023-03-09 12:47:44 - [MESSAGE][WARNING] - Web element with id: 'Object Repository/2-OBJECTS TAREAS SECUNDARIAS/Pruebas Bienestar/Filtro_de_Asistentes_S-(solicitante)/span_Listado Hojas de Vida (hoj)' located by '//span/ul/li/span' not found

2023-03-09 12:47:44 - [TEST_STEP][PASSED] - if (waitForElementVisible(findTestObject("2-OBJECTS TAREAS SECUNDARIAS/Pruebas Bienestar/Filtro_de_Asistentes_S-(solicitante)/td_Acevedo Rubio Luis Felipe"), 1)): null

2023-03-09 12:47:44 - [MESSAGE][PASSED] - Object 'Object Repository/2-OBJECTS TAREAS SECUNDARIAS/Pruebas Bienestar/Filtro_de_Asistentes_S-(solicitante)/td_Acevedo Rubio Luis Felipe' is visible

2023-03-09 12:47:44 - [TEST_STEP][PASSED] - Resultado = "PRUEBA OK": null

2023-03-09 12:47:44 - [TEST_STEP][PASSED] - closeBrowser(): Browser is closed

2023-03-09 12:47:45 - [MESSAGE][PASSED] - Browser is closed]]></system-out>
         <system-err><![CDATA[]]></system-err>
      </testcase>
      <testcase name="Test Cases/1.2-Tareas_Secundarias/3.1-Pruebas_Bienestar/3.1.5-Publicación_del_evento" time="75.805" classname="Test Cases/1.2-Tareas_Secundarias/3.1-Pruebas_Bienestar/3.1.5-Publicación_del_evento" status="PASSED">
         <system-out><![CDATA[2023-03-09 12:47:45 - [TEST_CASE][PASSED] - Test Cases/1.2-Tareas_Secundarias/3.1-Pruebas_Bienestar/3.1.5-Publicación_del_evento: Test Cases/1.2-Tareas_Secundarias/3.1-Pruebas_Bienestar/3.1.5-Publicación_del_evento

2023-03-09 12:47:46 - [TEST_STEP][PASSED] - comment("No Ejecutar. Falla con imagen subida"): No Ejecutar. Falla con imagen subida

2023-03-09 12:47:46 - [MESSAGE][INFO] - No Ejecutar. Falla con imagen subida

2023-03-09 12:47:46 - [TEST_STEP][PASSED] - fecha = new java.util.Date(): null

2023-03-09 12:47:46 - [TEST_STEP][PASSED] - Dia = fecha.getDate(): null

2023-03-09 12:47:46 - [TEST_STEP][PASSED] - Mes = fecha.getMonth() + 1: null

2023-03-09 12:47:46 - [TEST_STEP][PASSED] - MesN = fecha.getMonth() + 1: null

2023-03-09 12:47:46 - [TEST_STEP][PASSED] - Año = fecha.getYear() + 1900: null

2023-03-09 12:47:46 - [TEST_STEP][PASSED] - AñoN = fecha.getYear() + 1900: null

2023-03-09 12:47:46 - [TEST_STEP][PASSED] - DiaF = Dia + 10: null

2023-03-09 12:47:46 - [TEST_STEP][PASSED] - MesF = Mes + 1: null

2023-03-09 12:47:46 - [TEST_STEP][PASSED] - AñoF = Año + 1: null

2023-03-09 12:47:46 - [TEST_STEP][PASSED] - if (DiaF > 30): null

2023-03-09 12:47:46 - [TEST_STEP][PASSED] - else: null

2023-03-09 12:47:46 - [TEST_STEP][PASSED] - DiaF: null

2023-03-09 12:47:46 - [TEST_STEP][PASSED] - Mes: null

2023-03-09 12:47:46 - [TEST_STEP][PASSED] - if (MesF > 12): null

2023-03-09 12:47:46 - [TEST_STEP][PASSED] - if (Mes > 12): null

2023-03-09 12:47:46 - [TEST_STEP][PASSED] - FechaI = Dia + "/" + MesN + "/" + AñoN: null

2023-03-09 12:47:46 - [TEST_STEP][PASSED] - FechaF = DiaF + "/" + Mes + "/" + Año: null

2023-03-09 12:47:46 - [TEST_STEP][PASSED] - callTestCase(findTestCase("Utilidades-(atajos_para _tareas)/Modulos/Modulo bienestar-eventos"), [:], STOP_ON_FAILURE): Call Test Case 'Test Cases/Utilidades-(atajos_para _tareas)/Modulos/Modulo bienestar-eventos' successfully

2023-03-09 12:47:46 - [TEST_CASE][PASSED] - Test Cases/Utilidades-(atajos_para _tareas)/Modulos/Modulo bienestar-eventos: Test Cases/Utilidades-(atajos_para _tareas)/Modulos/Modulo bienestar-eventos

2023-03-09 12:47:46 - [TEST_STEP][PASSED] - callTestCase(findTestCase("0.1-Login"), [:], STOP_ON_FAILURE): Call Test Case 'Test Cases/0.1-Login' successfully

2023-03-09 12:47:46 - [TEST_CASE][PASSED] - Test Cases/0.1-Login: Test Cases/0.1-Login

2023-03-09 12:47:46 - [TEST_STEP][PASSED] - openBrowser(""): Browser is opened with url: ''

2023-03-09 12:47:46 - [MESSAGE][INFO] - Starting 'Chrome' driver

2023-03-09 12:47:46 - [MESSAGE][INFO] - Action delay is set to 0 milliseconds

2023-03-09 12:47:47 - [MESSAGE][PASSED] - Browser is opened with url: ''

2023-03-09 12:47:47 - [TEST_STEP][PASSED] - maximizeWindow(): Current window maximized

2023-03-09 12:47:47 - [MESSAGE][PASSED] - Current window maximized

2023-03-09 12:47:47 - [TEST_STEP][PASSED] - i = G_Login: null

2023-03-09 12:47:47 - [TEST_STEP][PASSED] - url = new java.net.URL(i): null

2023-03-09 12:47:47 - [TEST_STEP][PASSED] - println("URL: " + url.toString()): null

2023-03-09 12:47:47 - [TEST_STEP][PASSED] - connection = url.openConnection(): null

2023-03-09 12:47:47 - [TEST_STEP][PASSED] - connection.setRequestMethod("GET"): null

2023-03-09 12:47:47 - [TEST_STEP][PASSED] - connection.setReadTimeout(2 * 1000): null

2023-03-09 12:47:47 - [TEST_STEP][PASSED] - try: null

2023-03-09 12:47:47 - [TEST_STEP][PASSED] - connection.connect(): null

2023-03-09 12:47:47 - [TEST_STEP][PASSED] - flag = connected: null

2023-03-09 12:47:47 - [TEST_STEP][PASSED] - println("Valor_ori: " + flag): null

2023-03-09 12:47:47 - [TEST_STEP][PASSED] - if (flag): null

2023-03-09 12:47:47 - [TEST_STEP][PASSED] - navigateToUrl(i): Navigate to 'http://192.168.2.19:7001/saraweb' successfully

2023-03-09 12:47:49 - [MESSAGE][PASSED] - Navigate to 'http://192.168.2.19:7001/saraweb' successfully

2023-03-09 12:47:49 - [TEST_STEP][PASSED] - a(): null

2023-03-09 12:47:49 - [TEST_STEP][PASSED] - if (waitForElementVisible(findTestObject("3-OBJECTS UTILIDADES/Login/input_USUARIO_loginusuario"), 0)): null

2023-03-09 12:47:49 - [MESSAGE][WARNING] - Timeout '0' is invalid. Using default page load timeout: '37'

2023-03-09 12:47:50 - [MESSAGE][PASSED] - Object 'Object Repository/3-OBJECTS UTILIDADES/Login/input_USUARIO_loginusuario' is visible

2023-03-09 12:47:50 - [TEST_STEP][PASSED] - switchToWindowTitle("SARA"): Switched to window with title: 'SARA'

2023-03-09 12:47:50 - [MESSAGE][PASSED] - Switched to window with title: 'SARA'

2023-03-09 12:47:50 - [TEST_STEP][PASSED] - zoom(): null

2023-03-09 12:47:50 - [TEST_STEP][PASSED] - robot = new java.awt.Robot(): null

2023-03-09 12:47:50 - [TEST_STEP][PASSED] - robot.keyPress(VK_CONTROL): null

2023-03-09 12:47:50 - [TEST_STEP][PASSED] - robot.keyPress(VK_SUBTRACT): null

2023-03-09 12:47:50 - [TEST_STEP][PASSED] - robot.keyRelease(VK_CONTROL): null

2023-03-09 12:47:50 - [TEST_STEP][PASSED] - robot.keyRelease(VK_SUBTRACT): null

2023-03-09 12:47:50 - [TEST_STEP][PASSED] - robot.keyPress(VK_CONTROL): null

2023-03-09 12:47:50 - [TEST_STEP][PASSED] - robot.keyPress(VK_SUBTRACT): null

2023-03-09 12:47:50 - [TEST_STEP][PASSED] - robot.keyRelease(VK_CONTROL): null

2023-03-09 12:47:50 - [TEST_STEP][PASSED] - robot.keyRelease(VK_SUBTRACT): null

2023-03-09 12:47:50 - [TEST_STEP][PASSED] - robot.keyPress(VK_CONTROL): null

2023-03-09 12:47:50 - [TEST_STEP][PASSED] - robot.keyPress(VK_SUBTRACT): null

2023-03-09 12:47:50 - [TEST_STEP][PASSED] - robot.keyRelease(VK_CONTROL): null

2023-03-09 12:47:50 - [TEST_STEP][PASSED] - robot.keyRelease(VK_SUBTRACT): null

2023-03-09 12:47:50 - [TEST_STEP][PASSED] - robot.keyRelease(VK_CONTROL): null

2023-03-09 12:47:50 - [TEST_STEP][PASSED] - robot.keyRelease(VK_SUBTRACT): null

2023-03-09 12:47:50 - [TEST_STEP][PASSED] - setText(findTestObject("3-OBJECTS UTILIDADES/Login/input_USUARIO_loginusuario"), G_Usuario): Text 'weblogic' is set on object 'Object Repository/3-OBJECTS UTILIDADES/Login/input_USUARIO_loginusuario'

2023-03-09 12:47:50 - [MESSAGE][PASSED] - Text 'weblogic' is set on object 'Object Repository/3-OBJECTS UTILIDADES/Login/input_USUARIO_loginusuario'

2023-03-09 12:47:50 - [TEST_STEP][PASSED] - setEncryptedText(findTestObject("3-OBJECTS UTILIDADES/Login/input_CLAVE_loginpassword"), "SlAwMcyRKqrwbnzhAs8HhT6NnI7sEyng"): Text ****** has been set on object 'Object Repository/3-OBJECTS UTILIDADES/Login/input_CLAVE_loginpassword'

2023-03-09 12:47:53 - [MESSAGE][PASSED] - Text ****** has been set on object 'Object Repository/3-OBJECTS UTILIDADES/Login/input_CLAVE_loginpassword'

2023-03-09 12:47:53 - [TEST_STEP][PASSED] - while (waitForElementClickable(findTestObject("3-OBJECTS UTILIDADES/Login/a_Ingresar"), 1)): Web element with id: 'Object Repository/3-OBJECTS UTILIDADES/Login/a_Ingresar' located by '//a[contains(text(),'Ingresar')]' not found

2023-03-09 12:47:55 - [MESSAGE][INFO] - Unable to find the element located by 'By.xpath: //a[contains(text(),'Ingresar')]'. Please recheck the objects properties to make sure the desired element is located. 

2023-03-09 12:47:55 - [MESSAGE][WARNING] - Web element with id: 'Object Repository/3-OBJECTS UTILIDADES/Login/a_Ingresar' located by '//a[contains(text(),'Ingresar')]' not found

2023-03-09 12:47:55 - [MESSAGE][PASSED] - Call Test Case 'Test Cases/0.1-Login' successfully

2023-03-09 12:47:55 - [TEST_STEP][PASSED] - waitForElementClickable(findTestObject("3-OBJECTS UTILIDADES/Modulo bienestar-eventos/input_ADMINISTRADOR DEL SISTEMA"), 0): Object 'Object Repository/3-OBJECTS UTILIDADES/Modulo bienestar-eventos/input_ADMINISTRADOR DEL SISTEMA' is clickable

2023-03-09 12:47:55 - [MESSAGE][WARNING] - Timeout '0' is invalid. Using default page load timeout: '37'

2023-03-09 12:47:56 - [MESSAGE][PASSED] - Object 'Object Repository/3-OBJECTS UTILIDADES/Modulo bienestar-eventos/input_ADMINISTRADOR DEL SISTEMA' is clickable

2023-03-09 12:47:56 - [TEST_STEP][PASSED] - setText(findTestObject("3-OBJECTS UTILIDADES/Modulo bienestar-eventos/input_ADMINISTRADOR DEL SISTEMA"), "eventos (bie)"): Text 'eventos (bie)' is set on object 'Object Repository/3-OBJECTS UTILIDADES/Modulo bienestar-eventos/input_ADMINISTRADOR DEL SISTEMA'

2023-03-09 12:47:56 - [MESSAGE][PASSED] - Text 'eventos (bie)' is set on object 'Object Repository/3-OBJECTS UTILIDADES/Modulo bienestar-eventos/input_ADMINISTRADOR DEL SISTEMA'

2023-03-09 12:47:56 - [TEST_STEP][PASSED] - click(findTestObject("3-OBJECTS UTILIDADES/Modulo bienestar-eventos/span_Eventos (bie)")): Object: 'Object Repository/3-OBJECTS UTILIDADES/Modulo bienestar-eventos/span_Eventos (bie)' is clicked on

2023-03-09 12:47:58 - [MESSAGE][PASSED] - Object: 'Object Repository/3-OBJECTS UTILIDADES/Modulo bienestar-eventos/span_Eventos (bie)' is clicked on

2023-03-09 12:47:58 - [MESSAGE][PASSED] - Call Test Case 'Test Cases/Utilidades-(atajos_para _tareas)/Modulos/Modulo bienestar-eventos' successfully

2023-03-09 12:47:58 - [TEST_STEP][PASSED] - click(findTestObject("2-OBJECTS TAREAS SECUNDARIAS/Pruebas Bienestar/Publicación del evento/td_Prueba-S")): Object: 'Object Repository/2-OBJECTS TAREAS SECUNDARIAS/Pruebas Bienestar/Publicación del evento/td_Prueba-S' is clicked on

2023-03-09 12:48:00 - [MESSAGE][PASSED] - Object: 'Object Repository/2-OBJECTS TAREAS SECUNDARIAS/Pruebas Bienestar/Publicación del evento/td_Prueba-S' is clicked on

2023-03-09 12:48:00 - [TEST_STEP][PASSED] - click(findTestObject("2-OBJECTS TAREAS SECUNDARIAS/Pruebas Bienestar/Publicación del evento/a_Publicacin")): Object: 'Object Repository/2-OBJECTS TAREAS SECUNDARIAS/Pruebas Bienestar/Publicación del evento/a_Publicacin' is clicked on

2023-03-09 12:48:01 - [MESSAGE][PASSED] - Object: 'Object Repository/2-OBJECTS TAREAS SECUNDARIAS/Pruebas Bienestar/Publicación del evento/a_Publicacin' is clicked on

2023-03-09 12:48:01 - [TEST_STEP][PASSED] - if (waitForElementClickable(findTestObject("2-OBJECTS TAREAS SECUNDARIAS/Pruebas Bienestar/Publicación del evento/a_httplocalhost8380sarawebrepodocrecursosuid9dc2ce980076ceb250408bf7ce50f4ab_form_publicacionEventotabla10j_idt241"), 1)): null

2023-03-09 12:48:02 - [MESSAGE][PASSED] - Object 'Object Repository/2-OBJECTS TAREAS SECUNDARIAS/Pruebas Bienestar/Publicación del evento/a_httplocalhost8380sarawebrepodocrecursosuid9dc2ce980076ceb250408bf7ce50f4ab_form_publicacionEventotabla10j_idt241' is clickable

2023-03-09 12:48:02 - [TEST_STEP][PASSED] - click(findTestObject("2-OBJECTS TAREAS SECUNDARIAS/Pruebas Bienestar/Publicación del evento/a_httplocalhost8380sarawebrepodocrecursosuid9dc2ce980076ceb250408bf7ce50f4ab_form_publicacionEventotabla10j_idt241")): Object: 'Object Repository/2-OBJECTS TAREAS SECUNDARIAS/Pruebas Bienestar/Publicación del evento/a_httplocalhost8380sarawebrepodocrecursosuid9dc2ce980076ceb250408bf7ce50f4ab_form_publicacionEventotabla10j_idt241' is clicked on

2023-03-09 12:48:03 - [MESSAGE][PASSED] - Object: 'Object Repository/2-OBJECTS TAREAS SECUNDARIAS/Pruebas Bienestar/Publicación del evento/a_httplocalhost8380sarawebrepodocrecursosuid9dc2ce980076ceb250408bf7ce50f4ab_form_publicacionEventotabla10j_idt241' is clicked on

2023-03-09 12:48:03 - [TEST_STEP][PASSED] - click(findTestObject("2-OBJECTS TAREAS SECUNDARIAS/Pruebas Bienestar/Publicación del evento/span_Si")): Object: 'Object Repository/2-OBJECTS TAREAS SECUNDARIAS/Pruebas Bienestar/Publicación del evento/span_Si' is clicked on

2023-03-09 12:48:03 - [MESSAGE][PASSED] - Object: 'Object Repository/2-OBJECTS TAREAS SECUNDARIAS/Pruebas Bienestar/Publicación del evento/span_Si' is clicked on

2023-03-09 12:48:03 - [TEST_STEP][PASSED] - ruta = Systema() + "logo_union_soluciones.jpg": null

2023-03-09 12:48:03 - [TEST_STEP][PASSED] - RutaA = System.getProperty("os.name"): null

2023-03-09 12:48:03 - [TEST_STEP][PASSED] - if (RutaA == "Windows 10"): null

2023-03-09 12:48:03 - [TEST_STEP][PASSED] - rutaW = getProjectDir() + "/1.Requerimientos/Documento para pruebas/": null

2023-03-09 12:48:03 - [TEST_STEP][PASSED] - rutaW = rutaW.replace("/", "\"): null

2023-03-09 12:48:03 - [TEST_STEP][PASSED] - println("Esta es la ruta:" + rutaW): null

2023-03-09 12:48:03 - [TEST_STEP][PASSED] - ra = rutaW: null

2023-03-09 12:48:03 - [TEST_STEP][PASSED] - uploadFile(findTestObject("2-OBJECTS TAREAS SECUNDARIAS/Pruebas Bienestar/Publicación del evento/input_Choose_form_publicacionEventotabla1archivo_input"), ruta): File 'C:\Users\diego.rojas\git\Pruebas-Minimas\1.Requerimientos\Documento para pruebas\logo_union_soluciones.jpg' sent to object: 'Object Repository/2-OBJECTS TAREAS SECUNDARIAS/Pruebas Bienestar/Publicación del evento/input_Choose_form_publicacionEventotabla1archivo_input'

2023-03-09 12:48:04 - [MESSAGE][PASSED] - File 'C:\Users\diego.rojas\git\Pruebas-Minimas\1.Requerimientos\Documento para pruebas\logo_union_soluciones.jpg' sent to object: 'Object Repository/2-OBJECTS TAREAS SECUNDARIAS/Pruebas Bienestar/Publicación del evento/input_Choose_form_publicacionEventotabla1archivo_input'

2023-03-09 12:48:04 - [TEST_STEP][PASSED] - waitForElementClickable(findTestObject("2-OBJECTS TAREAS SECUNDARIAS/Pruebas Bienestar/Publicación del evento/input_Choose_form_publicacionEventotabla1subir"), 0): Object 'Object Repository/2-OBJECTS TAREAS SECUNDARIAS/Pruebas Bienestar/Publicación del evento/input_Choose_form_publicacionEventotabla1subir' is clickable

2023-03-09 12:48:04 - [MESSAGE][WARNING] - Timeout '0' is invalid. Using default page load timeout: '37'

2023-03-09 12:48:05 - [MESSAGE][PASSED] - Object 'Object Repository/2-OBJECTS TAREAS SECUNDARIAS/Pruebas Bienestar/Publicación del evento/input_Choose_form_publicacionEventotabla1subir' is clickable

2023-03-09 12:48:05 - [TEST_STEP][PASSED] - click(findTestObject("2-OBJECTS TAREAS SECUNDARIAS/Pruebas Bienestar/Publicación del evento/input_Choose_form_publicacionEventotabla1subir")): Object: 'Object Repository/2-OBJECTS TAREAS SECUNDARIAS/Pruebas Bienestar/Publicación del evento/input_Choose_form_publicacionEventotabla1subir' is clicked on

2023-03-09 12:48:07 - [MESSAGE][PASSED] - Object: 'Object Repository/2-OBJECTS TAREAS SECUNDARIAS/Pruebas Bienestar/Publicación del evento/input_Choose_form_publicacionEventotabla1subir' is clicked on

2023-03-09 12:48:07 - [TEST_STEP][PASSED] - click(findTestObject("2-OBJECTS TAREAS SECUNDARIAS/Pruebas Bienestar/Publicación del evento/input_Choose_form_publicacionEventotabla1subir")): Object: 'Object Repository/2-OBJECTS TAREAS SECUNDARIAS/Pruebas Bienestar/Publicación del evento/input_Choose_form_publicacionEventotabla1subir' is clicked on

2023-03-09 12:48:10 - [MESSAGE][PASSED] - Object: 'Object Repository/2-OBJECTS TAREAS SECUNDARIAS/Pruebas Bienestar/Publicación del evento/input_Choose_form_publicacionEventotabla1subir' is clicked on

2023-03-09 12:48:10 - [TEST_STEP][PASSED] - waitForElementVisible(findTestObject("2-OBJECTS TAREAS SECUNDARIAS/Pruebas Bienestar/Publicación del evento/span_httplocalhost8380sarawebrepodocrecursosuid9dc2ce980076ceb250408bf7ce50f4ab"), 0): Object 'Object Repository/2-OBJECTS TAREAS SECUNDARIAS/Pruebas Bienestar/Publicación del evento/span_httplocalhost8380sarawebrepodocrecursosuid9dc2ce980076ceb250408bf7ce50f4ab' is visible

2023-03-09 12:48:10 - [MESSAGE][WARNING] - Timeout '0' is invalid. Using default page load timeout: '37'

2023-03-09 12:48:11 - [MESSAGE][PASSED] - Object 'Object Repository/2-OBJECTS TAREAS SECUNDARIAS/Pruebas Bienestar/Publicación del evento/span_httplocalhost8380sarawebrepodocrecursosuid9dc2ce980076ceb250408bf7ce50f4ab' is visible

2023-03-09 12:48:11 - [TEST_STEP][PASSED] - Imagen = getText(findTestObject("2-OBJECTS TAREAS SECUNDARIAS/Pruebas Bienestar/Publicación del evento/span_httplocalhost8380sarawebrepodocrecursosuid9dc2ce980076ceb250408bf7ce50f4ab")): Text of object 'Object Repository/2-OBJECTS TAREAS SECUNDARIAS/Pruebas Bienestar/Publicación del evento/span_httplocalhost8380sarawebrepodocrecursosuid9dc2ce980076ceb250408bf7ce50f4ab' is: 'http://192.168.2.19:7001/saraweb/repodoc/recursos?uid=64f42364a287fe9901d062afb6decac0'

2023-03-09 12:48:11 - [MESSAGE][PASSED] - Text of object 'Object Repository/2-OBJECTS TAREAS SECUNDARIAS/Pruebas Bienestar/Publicación del evento/span_httplocalhost8380sarawebrepodocrecursosuid9dc2ce980076ceb250408bf7ce50f4ab' is: 'http://192.168.2.19:7001/saraweb/repodoc/recursos?uid=64f42364a287fe9901d062afb6decac0'

2023-03-09 12:48:11 - [TEST_STEP][PASSED] - setText(findTestObject("2-OBJECTS TAREAS SECUNDARIAS/Pruebas Bienestar/Publicación del evento/div_Contenido_ql-editor ql-blank"), Imagen): Text 'http://192.168.2.19:7001/saraweb/repodoc/recursos?uid=64f42364a287fe9901d062afb6decac0' is set on object 'Object Repository/2-OBJECTS TAREAS SECUNDARIAS/Pruebas Bienestar/Publicación del evento/div_Contenido_ql-editor ql-blank'

2023-03-09 12:48:12 - [MESSAGE][PASSED] - Text 'http://192.168.2.19:7001/saraweb/repodoc/recursos?uid=64f42364a287fe9901d062afb6decac0' is set on object 'Object Repository/2-OBJECTS TAREAS SECUNDARIAS/Pruebas Bienestar/Publicación del evento/div_Contenido_ql-editor ql-blank'

2023-03-09 12:48:12 - [TEST_STEP][PASSED] - click(findTestObject("2-OBJECTS TAREAS SECUNDARIAS/Pruebas Bienestar/Publicación del evento/div_Contenido_ui-editor-button")): Object: 'Object Repository/2-OBJECTS TAREAS SECUNDARIAS/Pruebas Bienestar/Publicación del evento/div_Contenido_ui-editor-button' is clicked on

2023-03-09 12:48:13 - [MESSAGE][PASSED] - Object: 'Object Repository/2-OBJECTS TAREAS SECUNDARIAS/Pruebas Bienestar/Publicación del evento/div_Contenido_ui-editor-button' is clicked on

2023-03-09 12:48:13 - [TEST_STEP][PASSED] - setText(findTestObject("2-OBJECTS TAREAS SECUNDARIAS/Pruebas Bienestar/Publicación del evento/input"), Imagen): Text 'http://192.168.2.19:7001/saraweb/repodoc/recursos?uid=64f42364a287fe9901d062afb6decac0' is set on object 'Object Repository/2-OBJECTS TAREAS SECUNDARIAS/Pruebas Bienestar/Publicación del evento/input'

2023-03-09 12:48:14 - [MESSAGE][PASSED] - Text 'http://192.168.2.19:7001/saraweb/repodoc/recursos?uid=64f42364a287fe9901d062afb6decac0' is set on object 'Object Repository/2-OBJECTS TAREAS SECUNDARIAS/Pruebas Bienestar/Publicación del evento/input'

2023-03-09 12:48:14 - [TEST_STEP][PASSED] - click(findTestObject("2-OBJECTS TAREAS SECUNDARIAS/Pruebas Bienestar/Publicación del evento/submit")): Object: 'Object Repository/2-OBJECTS TAREAS SECUNDARIAS/Pruebas Bienestar/Publicación del evento/submit' is clicked on

2023-03-09 12:48:14 - [MESSAGE][PASSED] - Object: 'Object Repository/2-OBJECTS TAREAS SECUNDARIAS/Pruebas Bienestar/Publicación del evento/submit' is clicked on

2023-03-09 12:48:14 - [TEST_STEP][PASSED] - setText(findTestObject("2-OBJECTS TAREAS SECUNDARIAS/Pruebas Bienestar/Publicación del evento/input_Fecha Publicacin_form_publicacionEventofechaInicialPub_input"), FechaI): Text '9/3/2023' is set on object 'Object Repository/2-OBJECTS TAREAS SECUNDARIAS/Pruebas Bienestar/Publicación del evento/input_Fecha Publicacin_form_publicacionEventofechaInicialPub_input'

2023-03-09 12:48:15 - [MESSAGE][PASSED] - Text '9/3/2023' is set on object 'Object Repository/2-OBJECTS TAREAS SECUNDARIAS/Pruebas Bienestar/Publicación del evento/input_Fecha Publicacin_form_publicacionEventofechaInicialPub_input'

2023-03-09 12:48:15 - [TEST_STEP][PASSED] - setText(findTestObject("2-OBJECTS TAREAS SECUNDARIAS/Pruebas Bienestar/Publicación del evento/input_Fecha Final_form_publicacionEventofechaFinalPub_input"), FechaF): Text '19/3/2023' is set on object 'Object Repository/2-OBJECTS TAREAS SECUNDARIAS/Pruebas Bienestar/Publicación del evento/input_Fecha Final_form_publicacionEventofechaFinalPub_input'

2023-03-09 12:48:16 - [MESSAGE][PASSED] - Text '19/3/2023' is set on object 'Object Repository/2-OBJECTS TAREAS SECUNDARIAS/Pruebas Bienestar/Publicación del evento/input_Fecha Final_form_publicacionEventofechaFinalPub_input'

2023-03-09 12:48:16 - [TEST_STEP][PASSED] - click(findTestObject("2-OBJECTS TAREAS SECUNDARIAS/Pruebas Bienestar/Publicación del evento/a_Actualizar")): Object: 'Object Repository/2-OBJECTS TAREAS SECUNDARIAS/Pruebas Bienestar/Publicación del evento/a_Actualizar' is clicked on

2023-03-09 12:48:17 - [MESSAGE][PASSED] - Object: 'Object Repository/2-OBJECTS TAREAS SECUNDARIAS/Pruebas Bienestar/Publicación del evento/a_Actualizar' is clicked on

2023-03-09 12:48:17 - [TEST_STEP][PASSED] - setText(findTestObject("2-OBJECTS TAREAS SECUNDARIAS/Pruebas Bienestar/Publicación del evento/input_Evento Bienestar_form_templatej_idt24_input"), "inscripcion evento"): Text 'inscripcion evento' is set on object 'Object Repository/2-OBJECTS TAREAS SECUNDARIAS/Pruebas Bienestar/Publicación del evento/input_Evento Bienestar_form_templatej_idt24_input'

2023-03-09 12:48:18 - [MESSAGE][PASSED] - Text 'inscripcion evento' is set on object 'Object Repository/2-OBJECTS TAREAS SECUNDARIAS/Pruebas Bienestar/Publicación del evento/input_Evento Bienestar_form_templatej_idt24_input'

2023-03-09 12:48:18 - [TEST_STEP][PASSED] - click(findTestObject("2-OBJECTS TAREAS SECUNDARIAS/Pruebas Bienestar/Publicación del evento/li_Inscripcion Evento (bie)")): Object: 'Object Repository/2-OBJECTS TAREAS SECUNDARIAS/Pruebas Bienestar/Publicación del evento/li_Inscripcion Evento (bie)' is clicked on

2023-03-09 12:48:20 - [MESSAGE][PASSED] - Object: 'Object Repository/2-OBJECTS TAREAS SECUNDARIAS/Pruebas Bienestar/Publicación del evento/li_Inscripcion Evento (bie)' is clicked on

2023-03-09 12:48:20 - [TEST_STEP][PASSED] - Es10 = getText(findTestObject("2-OBJECTS TAREAS SECUNDARIAS/Pruebas Bienestar/Publicación del evento/td_espacio1")): Text of object 'Object Repository/2-OBJECTS TAREAS SECUNDARIAS/Pruebas Bienestar/Publicación del evento/td_espacio1' is: '        Evento Multiple Individual SI S'

2023-03-09 12:48:22 - [MESSAGE][PASSED] - Text of object 'Object Repository/2-OBJECTS TAREAS SECUNDARIAS/Pruebas Bienestar/Publicación del evento/td_espacio1' is: '        Evento Multiple Individual SI S'

2023-03-09 12:48:22 - [TEST_STEP][PASSED] - if (Es10 == Imagen): null

2023-03-09 12:48:22 - [TEST_STEP][PASSED] - else: null

2023-03-09 12:48:22 - [TEST_STEP][PASSED] - Es20 = getText(findTestObject("2-OBJECTS TAREAS SECUNDARIAS/Pruebas Bienestar/Publicación del evento/td_espacio2")): Text of object 'Object Repository/2-OBJECTS TAREAS SECUNDARIAS/Pruebas Bienestar/Publicación del evento/td_espacio2' is: 'Inscripción Promoción y prevención de la salud portal'

2023-03-09 12:48:22 - [MESSAGE][PASSED] - Text of object 'Object Repository/2-OBJECTS TAREAS SECUNDARIAS/Pruebas Bienestar/Publicación del evento/td_espacio2' is: 'Inscripción Promoción y prevención de la salud portal'

2023-03-09 12:48:22 - [TEST_STEP][PASSED] - if (Es20 == Imagen): null

2023-03-09 12:48:22 - [TEST_STEP][PASSED] - else: null

2023-03-09 12:48:22 - [TEST_STEP][PASSED] - Es30 = getText(findTestObject("2-OBJECTS TAREAS SECUNDARIAS/Pruebas Bienestar/Publicación del evento/td_espacio3")): Text of object 'Object Repository/2-OBJECTS TAREAS SECUNDARIAS/Pruebas Bienestar/Publicación del evento/td_espacio3' is: 'http://192.168.2.19:7001/saraweb/repodoc/recursos?uid=64f42364a287fe9901d062afb6decac0'

2023-03-09 12:48:23 - [MESSAGE][PASSED] - Text of object 'Object Repository/2-OBJECTS TAREAS SECUNDARIAS/Pruebas Bienestar/Publicación del evento/td_espacio3' is: 'http://192.168.2.19:7001/saraweb/repodoc/recursos?uid=64f42364a287fe9901d062afb6decac0'

2023-03-09 12:48:23 - [TEST_STEP][PASSED] - if (Es30 == Imagen): null

2023-03-09 12:48:23 - [TEST_STEP][PASSED] - Prueba30 = "PRUEBA OK": null

2023-03-09 12:48:23 - [TEST_STEP][PASSED] - callTestCase(findTestCase("Utilidades-(atajos_para _tareas)/Modulos/Modulo bienestar-eventos"), [:], STOP_ON_FAILURE): Call Test Case 'Test Cases/Utilidades-(atajos_para _tareas)/Modulos/Modulo bienestar-eventos' successfully

2023-03-09 12:48:23 - [TEST_CASE][PASSED] - Test Cases/Utilidades-(atajos_para _tareas)/Modulos/Modulo bienestar-eventos: Test Cases/Utilidades-(atajos_para _tareas)/Modulos/Modulo bienestar-eventos

2023-03-09 12:48:23 - [TEST_STEP][PASSED] - callTestCase(findTestCase("0.1-Login"), [:], STOP_ON_FAILURE): Call Test Case 'Test Cases/0.1-Login' successfully

2023-03-09 12:48:23 - [TEST_CASE][PASSED] - Test Cases/0.1-Login: Test Cases/0.1-Login

2023-03-09 12:48:23 - [TEST_STEP][PASSED] - openBrowser(""): Browser is opened with url: ''

2023-03-09 12:48:23 - [MESSAGE][WARNING] - A browser is already opened. Closing browser and opening a new one

2023-03-09 12:48:24 - [MESSAGE][INFO] - Starting 'Chrome' driver

2023-03-09 12:48:24 - [MESSAGE][INFO] - Action delay is set to 0 milliseconds

2023-03-09 12:48:25 - [MESSAGE][PASSED] - Browser is opened with url: ''

2023-03-09 12:48:25 - [TEST_STEP][PASSED] - maximizeWindow(): Current window maximized

2023-03-09 12:48:25 - [MESSAGE][PASSED] - Current window maximized

2023-03-09 12:48:25 - [TEST_STEP][PASSED] - i = G_Login: null

2023-03-09 12:48:25 - [TEST_STEP][PASSED] - url = new java.net.URL(i): null

2023-03-09 12:48:25 - [TEST_STEP][PASSED] - println("URL: " + url.toString()): null

2023-03-09 12:48:25 - [TEST_STEP][PASSED] - connection = url.openConnection(): null

2023-03-09 12:48:25 - [TEST_STEP][PASSED] - connection.setRequestMethod("GET"): null

2023-03-09 12:48:25 - [TEST_STEP][PASSED] - connection.setReadTimeout(2 * 1000): null

2023-03-09 12:48:25 - [TEST_STEP][PASSED] - try: null

2023-03-09 12:48:25 - [TEST_STEP][PASSED] - connection.connect(): null

2023-03-09 12:48:25 - [TEST_STEP][PASSED] - flag = connected: null

2023-03-09 12:48:25 - [TEST_STEP][PASSED] - println("Valor_ori: " + flag): null

2023-03-09 12:48:25 - [TEST_STEP][PASSED] - if (flag): null

2023-03-09 12:48:25 - [TEST_STEP][PASSED] - navigateToUrl(i): Navigate to 'http://192.168.2.19:7001/saraweb' successfully

2023-03-09 12:48:28 - [MESSAGE][PASSED] - Navigate to 'http://192.168.2.19:7001/saraweb' successfully

2023-03-09 12:48:28 - [TEST_STEP][PASSED] - a(): null

2023-03-09 12:48:28 - [TEST_STEP][PASSED] - if (waitForElementVisible(findTestObject("3-OBJECTS UTILIDADES/Login/input_USUARIO_loginusuario"), 0)): null

2023-03-09 12:48:28 - [MESSAGE][WARNING] - Timeout '0' is invalid. Using default page load timeout: '37'

2023-03-09 12:48:28 - [MESSAGE][PASSED] - Object 'Object Repository/3-OBJECTS UTILIDADES/Login/input_USUARIO_loginusuario' is visible

2023-03-09 12:48:28 - [TEST_STEP][PASSED] - switchToWindowTitle("SARA"): Switched to window with title: 'SARA'

2023-03-09 12:48:28 - [MESSAGE][PASSED] - Switched to window with title: 'SARA'

2023-03-09 12:48:28 - [TEST_STEP][PASSED] - zoom(): null

2023-03-09 12:48:28 - [TEST_STEP][PASSED] - robot = new java.awt.Robot(): null

2023-03-09 12:48:28 - [TEST_STEP][PASSED] - robot.keyPress(VK_CONTROL): null

2023-03-09 12:48:28 - [TEST_STEP][PASSED] - robot.keyPress(VK_SUBTRACT): null

2023-03-09 12:48:28 - [TEST_STEP][PASSED] - robot.keyRelease(VK_CONTROL): null

2023-03-09 12:48:28 - [TEST_STEP][PASSED] - robot.keyRelease(VK_SUBTRACT): null

2023-03-09 12:48:28 - [TEST_STEP][PASSED] - robot.keyPress(VK_CONTROL): null

2023-03-09 12:48:28 - [TEST_STEP][PASSED] - robot.keyPress(VK_SUBTRACT): null

2023-03-09 12:48:28 - [TEST_STEP][PASSED] - robot.keyRelease(VK_CONTROL): null

2023-03-09 12:48:28 - [TEST_STEP][PASSED] - robot.keyRelease(VK_SUBTRACT): null

2023-03-09 12:48:28 - [TEST_STEP][PASSED] - robot.keyPress(VK_CONTROL): null

2023-03-09 12:48:28 - [TEST_STEP][PASSED] - robot.keyPress(VK_SUBTRACT): null

2023-03-09 12:48:28 - [TEST_STEP][PASSED] - robot.keyRelease(VK_CONTROL): null

2023-03-09 12:48:28 - [TEST_STEP][PASSED] - robot.keyRelease(VK_SUBTRACT): null

2023-03-09 12:48:28 - [TEST_STEP][PASSED] - robot.keyRelease(VK_CONTROL): null

2023-03-09 12:48:28 - [TEST_STEP][PASSED] - robot.keyRelease(VK_SUBTRACT): null

2023-03-09 12:48:28 - [TEST_STEP][PASSED] - setText(findTestObject("3-OBJECTS UTILIDADES/Login/input_USUARIO_loginusuario"), G_Usuario): Text 'weblogic' is set on object 'Object Repository/3-OBJECTS UTILIDADES/Login/input_USUARIO_loginusuario'

2023-03-09 12:48:29 - [MESSAGE][PASSED] - Text 'weblogic' is set on object 'Object Repository/3-OBJECTS UTILIDADES/Login/input_USUARIO_loginusuario'

2023-03-09 12:48:29 - [TEST_STEP][PASSED] - setEncryptedText(findTestObject("3-OBJECTS UTILIDADES/Login/input_CLAVE_loginpassword"), "SlAwMcyRKqrwbnzhAs8HhT6NnI7sEyng"): Text ****** has been set on object 'Object Repository/3-OBJECTS UTILIDADES/Login/input_CLAVE_loginpassword'

2023-03-09 12:48:32 - [MESSAGE][PASSED] - Text ****** has been set on object 'Object Repository/3-OBJECTS UTILIDADES/Login/input_CLAVE_loginpassword'

2023-03-09 12:48:32 - [TEST_STEP][PASSED] - while (waitForElementClickable(findTestObject("3-OBJECTS UTILIDADES/Login/a_Ingresar"), 1)): Web element with id: 'Object Repository/3-OBJECTS UTILIDADES/Login/a_Ingresar' located by '//a[contains(text(),'Ingresar')]' not found

2023-03-09 12:48:34 - [MESSAGE][INFO] - Unable to find the element located by 'By.xpath: //a[contains(text(),'Ingresar')]'. Please recheck the objects properties to make sure the desired element is located. 

2023-03-09 12:48:34 - [MESSAGE][WARNING] - Web element with id: 'Object Repository/3-OBJECTS UTILIDADES/Login/a_Ingresar' located by '//a[contains(text(),'Ingresar')]' not found

2023-03-09 12:48:34 - [MESSAGE][PASSED] - Call Test Case 'Test Cases/0.1-Login' successfully

2023-03-09 12:48:34 - [TEST_STEP][PASSED] - waitForElementClickable(findTestObject("3-OBJECTS UTILIDADES/Modulo bienestar-eventos/input_ADMINISTRADOR DEL SISTEMA"), 0): Object 'Object Repository/3-OBJECTS UTILIDADES/Modulo bienestar-eventos/input_ADMINISTRADOR DEL SISTEMA' is clickable

2023-03-09 12:48:34 - [MESSAGE][WARNING] - Timeout '0' is invalid. Using default page load timeout: '37'

2023-03-09 12:48:35 - [MESSAGE][PASSED] - Object 'Object Repository/3-OBJECTS UTILIDADES/Modulo bienestar-eventos/input_ADMINISTRADOR DEL SISTEMA' is clickable

2023-03-09 12:48:35 - [TEST_STEP][PASSED] - setText(findTestObject("3-OBJECTS UTILIDADES/Modulo bienestar-eventos/input_ADMINISTRADOR DEL SISTEMA"), "eventos (bie)"): Text 'eventos (bie)' is set on object 'Object Repository/3-OBJECTS UTILIDADES/Modulo bienestar-eventos/input_ADMINISTRADOR DEL SISTEMA'

2023-03-09 12:48:35 - [MESSAGE][PASSED] - Text 'eventos (bie)' is set on object 'Object Repository/3-OBJECTS UTILIDADES/Modulo bienestar-eventos/input_ADMINISTRADOR DEL SISTEMA'

2023-03-09 12:48:35 - [TEST_STEP][PASSED] - click(findTestObject("3-OBJECTS UTILIDADES/Modulo bienestar-eventos/span_Eventos (bie)")): Object: 'Object Repository/3-OBJECTS UTILIDADES/Modulo bienestar-eventos/span_Eventos (bie)' is clicked on

2023-03-09 12:48:37 - [MESSAGE][PASSED] - Object: 'Object Repository/3-OBJECTS UTILIDADES/Modulo bienestar-eventos/span_Eventos (bie)' is clicked on

2023-03-09 12:48:37 - [MESSAGE][PASSED] - Call Test Case 'Test Cases/Utilidades-(atajos_para _tareas)/Modulos/Modulo bienestar-eventos' successfully

2023-03-09 12:48:37 - [TEST_STEP][PASSED] - click(findTestObject("2-OBJECTS TAREAS SECUNDARIAS/Pruebas Bienestar/Publicación del evento/td_Prueba-S-SH")): Object: 'Object Repository/2-OBJECTS TAREAS SECUNDARIAS/Pruebas Bienestar/Publicación del evento/td_Prueba-S-SH' is clicked on

2023-03-09 12:48:40 - [MESSAGE][PASSED] - Object: 'Object Repository/2-OBJECTS TAREAS SECUNDARIAS/Pruebas Bienestar/Publicación del evento/td_Prueba-S-SH' is clicked on

2023-03-09 12:48:40 - [TEST_STEP][PASSED] - click(findTestObject("2-OBJECTS TAREAS SECUNDARIAS/Pruebas Bienestar/Publicación del evento/a_Publicacin")): Object: 'Object Repository/2-OBJECTS TAREAS SECUNDARIAS/Pruebas Bienestar/Publicación del evento/a_Publicacin' is clicked on

2023-03-09 12:48:42 - [MESSAGE][PASSED] - Object: 'Object Repository/2-OBJECTS TAREAS SECUNDARIAS/Pruebas Bienestar/Publicación del evento/a_Publicacin' is clicked on

2023-03-09 12:48:42 - [TEST_STEP][PASSED] - if (waitForElementClickable(findTestObject("2-OBJECTS TAREAS SECUNDARIAS/Pruebas Bienestar/Publicación del evento/a_httplocalhost8380sarawebrepodocrecursosuid9dc2ce980076ceb250408bf7ce50f4ab_form_publicacionEventotabla10j_idt241"), 1)): Web element with id: 'Object Repository/2-OBJECTS TAREAS SECUNDARIAS/Pruebas Bienestar/Publicación del evento/a_httplocalhost8380sarawebrepodocrecursosuid9dc2ce980076ceb250408bf7ce50f4ab_form_publicacionEventotabla10j_idt241' located by '//div/div/table/tbody/tr/td[3]/a' not found

2023-03-09 12:48:44 - [MESSAGE][INFO] - Unable to find the element located by 'By.xpath: //div/div/table/tbody/tr/td[3]/a'. Please recheck the objects properties to make sure the desired element is located. 

2023-03-09 12:48:44 - [MESSAGE][WARNING] - Web element with id: 'Object Repository/2-OBJECTS TAREAS SECUNDARIAS/Pruebas Bienestar/Publicación del evento/a_httplocalhost8380sarawebrepodocrecursosuid9dc2ce980076ceb250408bf7ce50f4ab_form_publicacionEventotabla10j_idt241' located by '//div/div/table/tbody/tr/td[3]/a' not found

2023-03-09 12:48:44 - [TEST_STEP][PASSED] - ra = "": null

2023-03-09 12:48:44 - [TEST_STEP][PASSED] - ruta2 = Systema(ra) + "saraapp.png": null

2023-03-09 12:48:44 - [TEST_STEP][PASSED] - RutaA = System.getProperty("os.name"): null

2023-03-09 12:48:44 - [TEST_STEP][PASSED] - if (RutaA == "Windows 10"): null

2023-03-09 12:48:44 - [TEST_STEP][PASSED] - rutaW = getProjectDir() + "/1.Requerimientos/Documento para pruebas/": null

2023-03-09 12:48:44 - [TEST_STEP][PASSED] - rutaW = rutaW.replace("/", "\"): null

2023-03-09 12:48:44 - [TEST_STEP][PASSED] - println("Esta es la ruta:" + rutaW): null

2023-03-09 12:48:44 - [TEST_STEP][PASSED] - ra = rutaW: null

2023-03-09 12:48:44 - [TEST_STEP][PASSED] - println(ruta2): null

2023-03-09 12:48:44 - [TEST_STEP][PASSED] - uploadFile(findTestObject("2-OBJECTS TAREAS SECUNDARIAS/Pruebas Bienestar/Publicación del evento/input_Choose_form_publicacionEventotabla1archivo_input"), ruta2): File 'C:\Users\diego.rojas\git\Pruebas-Minimas\1.Requerimientos\Documento para pruebas\saraapp.png' sent to object: 'Object Repository/2-OBJECTS TAREAS SECUNDARIAS/Pruebas Bienestar/Publicación del evento/input_Choose_form_publicacionEventotabla1archivo_input'

2023-03-09 12:48:44 - [MESSAGE][PASSED] - File 'C:\Users\diego.rojas\git\Pruebas-Minimas\1.Requerimientos\Documento para pruebas\saraapp.png' sent to object: 'Object Repository/2-OBJECTS TAREAS SECUNDARIAS/Pruebas Bienestar/Publicación del evento/input_Choose_form_publicacionEventotabla1archivo_input'

2023-03-09 12:48:44 - [TEST_STEP][PASSED] - click(findTestObject("2-OBJECTS TAREAS SECUNDARIAS/Pruebas Bienestar/Publicación del evento/input_Choose_form_publicacionEventotabla1subir")): Object: 'Object Repository/2-OBJECTS TAREAS SECUNDARIAS/Pruebas Bienestar/Publicación del evento/input_Choose_form_publicacionEventotabla1subir' is clicked on

2023-03-09 12:48:48 - [MESSAGE][PASSED] - Object: 'Object Repository/2-OBJECTS TAREAS SECUNDARIAS/Pruebas Bienestar/Publicación del evento/input_Choose_form_publicacionEventotabla1subir' is clicked on

2023-03-09 12:48:48 - [TEST_STEP][PASSED] - waitForElementVisible(findTestObject("2-OBJECTS TAREAS SECUNDARIAS/Pruebas Bienestar/Publicación del evento/span_httplocalhost8380sarawebrepodocrecursosuid9dc2ce980076ceb250408bf7ce50f4ab"), 0): Object 'Object Repository/2-OBJECTS TAREAS SECUNDARIAS/Pruebas Bienestar/Publicación del evento/span_httplocalhost8380sarawebrepodocrecursosuid9dc2ce980076ceb250408bf7ce50f4ab' is visible

2023-03-09 12:48:48 - [MESSAGE][WARNING] - Timeout '0' is invalid. Using default page load timeout: '37'

2023-03-09 12:48:48 - [MESSAGE][PASSED] - Object 'Object Repository/2-OBJECTS TAREAS SECUNDARIAS/Pruebas Bienestar/Publicación del evento/span_httplocalhost8380sarawebrepodocrecursosuid9dc2ce980076ceb250408bf7ce50f4ab' is visible

2023-03-09 12:48:48 - [TEST_STEP][PASSED] - Imagen2 = getText(findTestObject("2-OBJECTS TAREAS SECUNDARIAS/Pruebas Bienestar/Publicación del evento/span_httplocalhost8380sarawebrepodocrecursosuid9dc2ce980076ceb250408bf7ce50f4ab")): Text of object 'Object Repository/2-OBJECTS TAREAS SECUNDARIAS/Pruebas Bienestar/Publicación del evento/span_httplocalhost8380sarawebrepodocrecursosuid9dc2ce980076ceb250408bf7ce50f4ab' is: 'http://192.168.2.19:7001/saraweb/repodoc/recursos?uid=1b4c2139c049d55efdb2cd1490277527'

2023-03-09 12:48:49 - [MESSAGE][PASSED] - Text of object 'Object Repository/2-OBJECTS TAREAS SECUNDARIAS/Pruebas Bienestar/Publicación del evento/span_httplocalhost8380sarawebrepodocrecursosuid9dc2ce980076ceb250408bf7ce50f4ab' is: 'http://192.168.2.19:7001/saraweb/repodoc/recursos?uid=1b4c2139c049d55efdb2cd1490277527'

2023-03-09 12:48:49 - [TEST_STEP][PASSED] - setText(findTestObject("2-OBJECTS TAREAS SECUNDARIAS/Pruebas Bienestar/Publicación del evento/div_Contenido_ql-editor ql-blank"), Imagen2): Text 'http://192.168.2.19:7001/saraweb/repodoc/recursos?uid=1b4c2139c049d55efdb2cd1490277527' is set on object 'Object Repository/2-OBJECTS TAREAS SECUNDARIAS/Pruebas Bienestar/Publicación del evento/div_Contenido_ql-editor ql-blank'

2023-03-09 12:48:50 - [MESSAGE][PASSED] - Text 'http://192.168.2.19:7001/saraweb/repodoc/recursos?uid=1b4c2139c049d55efdb2cd1490277527' is set on object 'Object Repository/2-OBJECTS TAREAS SECUNDARIAS/Pruebas Bienestar/Publicación del evento/div_Contenido_ql-editor ql-blank'

2023-03-09 12:48:50 - [TEST_STEP][PASSED] - click(findTestObject("2-OBJECTS TAREAS SECUNDARIAS/Pruebas Bienestar/Publicación del evento/div_Contenido_ui-editor-button")): Object: 'Object Repository/2-OBJECTS TAREAS SECUNDARIAS/Pruebas Bienestar/Publicación del evento/div_Contenido_ui-editor-button' is clicked on

2023-03-09 12:48:50 - [MESSAGE][PASSED] - Object: 'Object Repository/2-OBJECTS TAREAS SECUNDARIAS/Pruebas Bienestar/Publicación del evento/div_Contenido_ui-editor-button' is clicked on

2023-03-09 12:48:50 - [TEST_STEP][PASSED] - setText(findTestObject("2-OBJECTS TAREAS SECUNDARIAS/Pruebas Bienestar/Publicación del evento/input"), Imagen2): Text 'http://192.168.2.19:7001/saraweb/repodoc/recursos?uid=1b4c2139c049d55efdb2cd1490277527' is set on object 'Object Repository/2-OBJECTS TAREAS SECUNDARIAS/Pruebas Bienestar/Publicación del evento/input'

2023-03-09 12:48:51 - [MESSAGE][PASSED] - Text 'http://192.168.2.19:7001/saraweb/repodoc/recursos?uid=1b4c2139c049d55efdb2cd1490277527' is set on object 'Object Repository/2-OBJECTS TAREAS SECUNDARIAS/Pruebas Bienestar/Publicación del evento/input'

2023-03-09 12:48:51 - [TEST_STEP][PASSED] - click(findTestObject("2-OBJECTS TAREAS SECUNDARIAS/Pruebas Bienestar/Publicación del evento/submit")): Object: 'Object Repository/2-OBJECTS TAREAS SECUNDARIAS/Pruebas Bienestar/Publicación del evento/submit' is clicked on

2023-03-09 12:48:52 - [MESSAGE][PASSED] - Object: 'Object Repository/2-OBJECTS TAREAS SECUNDARIAS/Pruebas Bienestar/Publicación del evento/submit' is clicked on

2023-03-09 12:48:52 - [TEST_STEP][PASSED] - setText(findTestObject("2-OBJECTS TAREAS SECUNDARIAS/Pruebas Bienestar/Publicación del evento/input_Fecha Publicacin_form_publicacionEventofechaInicialPub_input"), FechaI): Text '9/3/2023' is set on object 'Object Repository/2-OBJECTS TAREAS SECUNDARIAS/Pruebas Bienestar/Publicación del evento/input_Fecha Publicacin_form_publicacionEventofechaInicialPub_input'

2023-03-09 12:48:53 - [MESSAGE][PASSED] - Text '9/3/2023' is set on object 'Object Repository/2-OBJECTS TAREAS SECUNDARIAS/Pruebas Bienestar/Publicación del evento/input_Fecha Publicacin_form_publicacionEventofechaInicialPub_input'

2023-03-09 12:48:53 - [TEST_STEP][PASSED] - setText(findTestObject("2-OBJECTS TAREAS SECUNDARIAS/Pruebas Bienestar/Publicación del evento/input_Fecha Final_form_publicacionEventofechaFinalPub_input"), FechaF): Text '19/3/2023' is set on object 'Object Repository/2-OBJECTS TAREAS SECUNDARIAS/Pruebas Bienestar/Publicación del evento/input_Fecha Final_form_publicacionEventofechaFinalPub_input'

2023-03-09 12:48:54 - [MESSAGE][PASSED] - Text '19/3/2023' is set on object 'Object Repository/2-OBJECTS TAREAS SECUNDARIAS/Pruebas Bienestar/Publicación del evento/input_Fecha Final_form_publicacionEventofechaFinalPub_input'

2023-03-09 12:48:54 - [TEST_STEP][PASSED] - click(findTestObject("2-OBJECTS TAREAS SECUNDARIAS/Pruebas Bienestar/Publicación del evento/a_Actualizar")): Object: 'Object Repository/2-OBJECTS TAREAS SECUNDARIAS/Pruebas Bienestar/Publicación del evento/a_Actualizar' is clicked on

2023-03-09 12:48:54 - [MESSAGE][PASSED] - Object: 'Object Repository/2-OBJECTS TAREAS SECUNDARIAS/Pruebas Bienestar/Publicación del evento/a_Actualizar' is clicked on

2023-03-09 12:48:54 - [TEST_STEP][PASSED] - click(findTestObject("2-OBJECTS TAREAS SECUNDARIAS/Pruebas Bienestar/Publicación del evento/a_Actualizar")): Object: 'Object Repository/2-OBJECTS TAREAS SECUNDARIAS/Pruebas Bienestar/Publicación del evento/a_Actualizar' is clicked on

2023-03-09 12:48:55 - [MESSAGE][PASSED] - Object: 'Object Repository/2-OBJECTS TAREAS SECUNDARIAS/Pruebas Bienestar/Publicación del evento/a_Actualizar' is clicked on

2023-03-09 12:48:55 - [TEST_STEP][PASSED] - setText(findTestObject("2-OBJECTS TAREAS SECUNDARIAS/Pruebas Bienestar/Publicación del evento/input_Evento Bienestar_form_templatej_idt24_input"), "inscripcion evento"): Text 'inscripcion evento' is set on object 'Object Repository/2-OBJECTS TAREAS SECUNDARIAS/Pruebas Bienestar/Publicación del evento/input_Evento Bienestar_form_templatej_idt24_input'

2023-03-09 12:48:56 - [MESSAGE][PASSED] - Text 'inscripcion evento' is set on object 'Object Repository/2-OBJECTS TAREAS SECUNDARIAS/Pruebas Bienestar/Publicación del evento/input_Evento Bienestar_form_templatej_idt24_input'

2023-03-09 12:48:56 - [TEST_STEP][PASSED] - click(findTestObject("2-OBJECTS TAREAS SECUNDARIAS/Pruebas Bienestar/Publicación del evento/li_Inscripcion Evento (bie)")): Object: 'Object Repository/2-OBJECTS TAREAS SECUNDARIAS/Pruebas Bienestar/Publicación del evento/li_Inscripcion Evento (bie)' is clicked on

2023-03-09 12:48:58 - [MESSAGE][PASSED] - Object: 'Object Repository/2-OBJECTS TAREAS SECUNDARIAS/Pruebas Bienestar/Publicación del evento/li_Inscripcion Evento (bie)' is clicked on

2023-03-09 12:48:58 - [TEST_STEP][PASSED] - Es1 = getText(findTestObject("2-OBJECTS TAREAS SECUNDARIAS/Pruebas Bienestar/Publicación del evento/td_espacio1")): Text of object 'Object Repository/2-OBJECTS TAREAS SECUNDARIAS/Pruebas Bienestar/Publicación del evento/td_espacio1' is: 'http://192.168.2.19:7001/saraweb/repodoc/recursos?uid=1b4c2139c049d55efdb2cd1490277527'

2023-03-09 12:49:00 - [MESSAGE][PASSED] - Text of object 'Object Repository/2-OBJECTS TAREAS SECUNDARIAS/Pruebas Bienestar/Publicación del evento/td_espacio1' is: 'http://192.168.2.19:7001/saraweb/repodoc/recursos?uid=1b4c2139c049d55efdb2cd1490277527'

2023-03-09 12:49:00 - [TEST_STEP][PASSED] - if (Es1 == Imagen2): Browser is closed

2023-03-09 12:49:00 - [TEST_STEP][PASSED] - Prueba1 = "PRUEBA OK": null

2023-03-09 12:49:00 - [TEST_STEP][PASSED] - closeBrowser(): Browser is closed

2023-03-09 12:49:01 - [MESSAGE][PASSED] - Browser is closed]]></system-out>
         <system-err><![CDATA[]]></system-err>
      </testcase>
      <testcase name="Test Cases/1.2-Tareas_Secundarias/3.1-Pruebas_Bienestar/3.1.6-Programación" time="30.849" classname="Test Cases/1.2-Tareas_Secundarias/3.1-Pruebas_Bienestar/3.1.6-Programación" status="PASSED">
         <system-out><![CDATA[2023-03-09 12:49:01 - [TEST_CASE][PASSED] - Test Cases/1.2-Tareas_Secundarias/3.1-Pruebas_Bienestar/3.1.6-Programación: Test Cases/1.2-Tareas_Secundarias/3.1-Pruebas_Bienestar/3.1.6-Programación

2023-03-09 12:49:01 - [TEST_STEP][PASSED] - callTestCase(findTestCase("Utilidades-(atajos_para _tareas)/Modulos/Modulo bienestar-eventos"), [:], STOP_ON_FAILURE): Call Test Case 'Test Cases/Utilidades-(atajos_para _tareas)/Modulos/Modulo bienestar-eventos' successfully

2023-03-09 12:49:01 - [TEST_CASE][PASSED] - Test Cases/Utilidades-(atajos_para _tareas)/Modulos/Modulo bienestar-eventos: Test Cases/Utilidades-(atajos_para _tareas)/Modulos/Modulo bienestar-eventos

2023-03-09 12:49:01 - [TEST_STEP][PASSED] - callTestCase(findTestCase("0.1-Login"), [:], STOP_ON_FAILURE): Call Test Case 'Test Cases/0.1-Login' successfully

2023-03-09 12:49:01 - [TEST_CASE][PASSED] - Test Cases/0.1-Login: Test Cases/0.1-Login

2023-03-09 12:49:01 - [TEST_STEP][PASSED] - openBrowser(""): Browser is opened with url: ''

2023-03-09 12:49:01 - [MESSAGE][INFO] - Starting 'Chrome' driver

2023-03-09 12:49:01 - [MESSAGE][INFO] - Action delay is set to 0 milliseconds

2023-03-09 12:49:03 - [MESSAGE][PASSED] - Browser is opened with url: ''

2023-03-09 12:49:03 - [TEST_STEP][PASSED] - maximizeWindow(): Current window maximized

2023-03-09 12:49:03 - [MESSAGE][PASSED] - Current window maximized

2023-03-09 12:49:03 - [TEST_STEP][PASSED] - i = G_Login: null

2023-03-09 12:49:03 - [TEST_STEP][PASSED] - url = new java.net.URL(i): null

2023-03-09 12:49:03 - [TEST_STEP][PASSED] - println("URL: " + url.toString()): null

2023-03-09 12:49:03 - [TEST_STEP][PASSED] - connection = url.openConnection(): null

2023-03-09 12:49:03 - [TEST_STEP][PASSED] - connection.setRequestMethod("GET"): null

2023-03-09 12:49:03 - [TEST_STEP][PASSED] - connection.setReadTimeout(2 * 1000): null

2023-03-09 12:49:03 - [TEST_STEP][PASSED] - try: null

2023-03-09 12:49:03 - [TEST_STEP][PASSED] - connection.connect(): null

2023-03-09 12:49:03 - [TEST_STEP][PASSED] - flag = connected: null

2023-03-09 12:49:03 - [TEST_STEP][PASSED] - println("Valor_ori: " + flag): null

2023-03-09 12:49:03 - [TEST_STEP][PASSED] - if (flag): null

2023-03-09 12:49:03 - [TEST_STEP][PASSED] - navigateToUrl(i): Navigate to 'http://192.168.2.19:7001/saraweb' successfully

2023-03-09 12:49:04 - [MESSAGE][PASSED] - Navigate to 'http://192.168.2.19:7001/saraweb' successfully

2023-03-09 12:49:04 - [TEST_STEP][PASSED] - a(): null

2023-03-09 12:49:04 - [TEST_STEP][PASSED] - if (waitForElementVisible(findTestObject("3-OBJECTS UTILIDADES/Login/input_USUARIO_loginusuario"), 0)): null

2023-03-09 12:49:04 - [MESSAGE][WARNING] - Timeout '0' is invalid. Using default page load timeout: '37'

2023-03-09 12:49:05 - [MESSAGE][PASSED] - Object 'Object Repository/3-OBJECTS UTILIDADES/Login/input_USUARIO_loginusuario' is visible

2023-03-09 12:49:05 - [TEST_STEP][PASSED] - switchToWindowTitle("SARA"): Switched to window with title: 'SARA'

2023-03-09 12:49:05 - [MESSAGE][PASSED] - Switched to window with title: 'SARA'

2023-03-09 12:49:05 - [TEST_STEP][PASSED] - zoom(): null

2023-03-09 12:49:05 - [TEST_STEP][PASSED] - robot = new java.awt.Robot(): null

2023-03-09 12:49:05 - [TEST_STEP][PASSED] - robot.keyPress(VK_CONTROL): null

2023-03-09 12:49:05 - [TEST_STEP][PASSED] - robot.keyPress(VK_SUBTRACT): null

2023-03-09 12:49:05 - [TEST_STEP][PASSED] - robot.keyRelease(VK_CONTROL): null

2023-03-09 12:49:05 - [TEST_STEP][PASSED] - robot.keyRelease(VK_SUBTRACT): null

2023-03-09 12:49:05 - [TEST_STEP][PASSED] - robot.keyPress(VK_CONTROL): null

2023-03-09 12:49:05 - [TEST_STEP][PASSED] - robot.keyPress(VK_SUBTRACT): null

2023-03-09 12:49:05 - [TEST_STEP][PASSED] - robot.keyRelease(VK_CONTROL): null

2023-03-09 12:49:05 - [TEST_STEP][PASSED] - robot.keyRelease(VK_SUBTRACT): null

2023-03-09 12:49:05 - [TEST_STEP][PASSED] - robot.keyPress(VK_CONTROL): null

2023-03-09 12:49:05 - [TEST_STEP][PASSED] - robot.keyPress(VK_SUBTRACT): null

2023-03-09 12:49:05 - [TEST_STEP][PASSED] - robot.keyRelease(VK_CONTROL): null

2023-03-09 12:49:05 - [TEST_STEP][PASSED] - robot.keyRelease(VK_SUBTRACT): null

2023-03-09 12:49:05 - [TEST_STEP][PASSED] - robot.keyRelease(VK_CONTROL): null

2023-03-09 12:49:05 - [TEST_STEP][PASSED] - robot.keyRelease(VK_SUBTRACT): null

2023-03-09 12:49:05 - [TEST_STEP][PASSED] - setText(findTestObject("3-OBJECTS UTILIDADES/Login/input_USUARIO_loginusuario"), G_Usuario): Text 'weblogic' is set on object 'Object Repository/3-OBJECTS UTILIDADES/Login/input_USUARIO_loginusuario'

2023-03-09 12:49:06 - [MESSAGE][PASSED] - Text 'weblogic' is set on object 'Object Repository/3-OBJECTS UTILIDADES/Login/input_USUARIO_loginusuario'

2023-03-09 12:49:06 - [TEST_STEP][PASSED] - setEncryptedText(findTestObject("3-OBJECTS UTILIDADES/Login/input_CLAVE_loginpassword"), "SlAwMcyRKqrwbnzhAs8HhT6NnI7sEyng"): Text ****** has been set on object 'Object Repository/3-OBJECTS UTILIDADES/Login/input_CLAVE_loginpassword'

2023-03-09 12:49:10 - [MESSAGE][PASSED] - Text ****** has been set on object 'Object Repository/3-OBJECTS UTILIDADES/Login/input_CLAVE_loginpassword'

2023-03-09 12:49:10 - [TEST_STEP][PASSED] - while (waitForElementClickable(findTestObject("3-OBJECTS UTILIDADES/Login/a_Ingresar"), 1)): Web element with id: 'Object Repository/3-OBJECTS UTILIDADES/Login/a_Ingresar' located by '//a[contains(text(),'Ingresar')]' not found

2023-03-09 12:49:12 - [MESSAGE][INFO] - Unable to find the element located by 'By.xpath: //a[contains(text(),'Ingresar')]'. Please recheck the objects properties to make sure the desired element is located. 

2023-03-09 12:49:12 - [MESSAGE][WARNING] - Web element with id: 'Object Repository/3-OBJECTS UTILIDADES/Login/a_Ingresar' located by '//a[contains(text(),'Ingresar')]' not found

2023-03-09 12:49:12 - [MESSAGE][PASSED] - Call Test Case 'Test Cases/0.1-Login' successfully

2023-03-09 12:49:12 - [TEST_STEP][PASSED] - waitForElementClickable(findTestObject("3-OBJECTS UTILIDADES/Modulo bienestar-eventos/input_ADMINISTRADOR DEL SISTEMA"), 0): Object 'Object Repository/3-OBJECTS UTILIDADES/Modulo bienestar-eventos/input_ADMINISTRADOR DEL SISTEMA' is clickable

2023-03-09 12:49:12 - [MESSAGE][WARNING] - Timeout '0' is invalid. Using default page load timeout: '37'

2023-03-09 12:49:12 - [MESSAGE][PASSED] - Object 'Object Repository/3-OBJECTS UTILIDADES/Modulo bienestar-eventos/input_ADMINISTRADOR DEL SISTEMA' is clickable

2023-03-09 12:49:12 - [TEST_STEP][PASSED] - setText(findTestObject("3-OBJECTS UTILIDADES/Modulo bienestar-eventos/input_ADMINISTRADOR DEL SISTEMA"), "eventos (bie)"): Text 'eventos (bie)' is set on object 'Object Repository/3-OBJECTS UTILIDADES/Modulo bienestar-eventos/input_ADMINISTRADOR DEL SISTEMA'

2023-03-09 12:49:13 - [MESSAGE][PASSED] - Text 'eventos (bie)' is set on object 'Object Repository/3-OBJECTS UTILIDADES/Modulo bienestar-eventos/input_ADMINISTRADOR DEL SISTEMA'

2023-03-09 12:49:13 - [TEST_STEP][PASSED] - click(findTestObject("3-OBJECTS UTILIDADES/Modulo bienestar-eventos/span_Eventos (bie)")): Object: 'Object Repository/3-OBJECTS UTILIDADES/Modulo bienestar-eventos/span_Eventos (bie)' is clicked on

2023-03-09 12:49:15 - [MESSAGE][PASSED] - Object: 'Object Repository/3-OBJECTS UTILIDADES/Modulo bienestar-eventos/span_Eventos (bie)' is clicked on

2023-03-09 12:49:15 - [MESSAGE][PASSED] - Call Test Case 'Test Cases/Utilidades-(atajos_para _tareas)/Modulos/Modulo bienestar-eventos' successfully

2023-03-09 12:49:15 - [TEST_STEP][PASSED] - click(findTestObject("2-OBJECTS TAREAS SECUNDARIAS/Pruebas Bienestar/Programación/td_Evento Salud Unico")): Object: 'Object Repository/2-OBJECTS TAREAS SECUNDARIAS/Pruebas Bienestar/Programación/td_Evento Salud Unico' is clicked on

2023-03-09 12:49:17 - [MESSAGE][PASSED] - Object: 'Object Repository/2-OBJECTS TAREAS SECUNDARIAS/Pruebas Bienestar/Programación/td_Evento Salud Unico' is clicked on

2023-03-09 12:49:17 - [TEST_STEP][PASSED] - click(findTestObject("2-OBJECTS TAREAS SECUNDARIAS/Pruebas Bienestar/Programación/a_Programacin")): Object: 'Object Repository/2-OBJECTS TAREAS SECUNDARIAS/Pruebas Bienestar/Programación/a_Programacin' is clicked on

2023-03-09 12:49:18 - [MESSAGE][PASSED] - Object: 'Object Repository/2-OBJECTS TAREAS SECUNDARIAS/Pruebas Bienestar/Programación/a_Programacin' is clicked on

2023-03-09 12:49:18 - [TEST_STEP][PASSED] - while (waitForElementClickable(findTestObject("2-OBJECTS TAREAS SECUNDARIAS/Pruebas Bienestar/Programación/a_MAR-MIE 0500-0600_form_programacionMomentoEventotablaMomentoEventoHorario0j_idt836"), 1)): null

2023-03-09 12:49:19 - [MESSAGE][PASSED] - Object 'Object Repository/2-OBJECTS TAREAS SECUNDARIAS/Pruebas Bienestar/Programación/a_MAR-MIE 0500-0600_form_programacionMomentoEventotablaMomentoEventoHorario0j_idt836' is clickable

2023-03-09 12:49:19 - [TEST_STEP][PASSED] - click(findTestObject("2-OBJECTS TAREAS SECUNDARIAS/Pruebas Bienestar/Programación/a_MAR-MIE 0500-0600_form_programacionMomentoEventotablaMomentoEventoHorario0j_idt836")): Object: 'Object Repository/2-OBJECTS TAREAS SECUNDARIAS/Pruebas Bienestar/Programación/a_MAR-MIE 0500-0600_form_programacionMomentoEventotablaMomentoEventoHorario0j_idt836' is clicked on

2023-03-09 12:49:19 - [MESSAGE][PASSED] - Object: 'Object Repository/2-OBJECTS TAREAS SECUNDARIAS/Pruebas Bienestar/Programación/a_MAR-MIE 0500-0600_form_programacionMomentoEventotablaMomentoEventoHorario0j_idt836' is clicked on

2023-03-09 12:49:19 - [TEST_STEP][PASSED] - click(findTestObject("2-OBJECTS TAREAS SECUNDARIAS/Pruebas Bienestar/Programación/a_Aceptar")): Web element with id: 'Object Repository/2-OBJECTS TAREAS SECUNDARIAS/Pruebas Bienestar/Programación/a_MAR-MIE 0500-0600_form_programacionMomentoEventotablaMomentoEventoHorario0j_idt836' located by '//tbody[@id='form_programacionMomentoEvento:tablaMomentoEventoHorario_data']/tr/td[4]/a' not found

2023-03-09 12:49:20 - [MESSAGE][PASSED] - Object: 'Object Repository/2-OBJECTS TAREAS SECUNDARIAS/Pruebas Bienestar/Programación/a_Aceptar' is clicked on

2023-03-09 12:49:23 - [MESSAGE][INFO] - Unable to find the element located by 'By.xpath: //tbody[@id='form_programacionMomentoEvento:tablaMomentoEventoHorario_data']/tr/td[4]/a'. Please recheck the objects properties to make sure the desired element is located. 

2023-03-09 12:49:23 - [MESSAGE][WARNING] - Web element with id: 'Object Repository/2-OBJECTS TAREAS SECUNDARIAS/Pruebas Bienestar/Programación/a_MAR-MIE 0500-0600_form_programacionMomentoEventotablaMomentoEventoHorario0j_idt836' located by '//tbody[@id='form_programacionMomentoEvento:tablaMomentoEventoHorario_data']/tr/td[4]/a' not found

2023-03-09 12:49:23 - [TEST_STEP][PASSED] - setText(findTestObject("2-OBJECTS TAREAS SECUNDARIAS/Pruebas Bienestar/Programación/input_Horario_form_programacionMomentoEventotablaMomentoEventoHorariofechaIniciaPME_input"), "27/11/2018"): Text '27/11/2018' is set on object 'Object Repository/2-OBJECTS TAREAS SECUNDARIAS/Pruebas Bienestar/Programación/input_Horario_form_programacionMomentoEventotablaMomentoEventoHorariofechaIniciaPME_input'

2023-03-09 12:49:24 - [MESSAGE][PASSED] - Text '27/11/2018' is set on object 'Object Repository/2-OBJECTS TAREAS SECUNDARIAS/Pruebas Bienestar/Programación/input_Horario_form_programacionMomentoEventotablaMomentoEventoHorariofechaIniciaPME_input'

2023-03-09 12:49:24 - [TEST_STEP][PASSED] - setText(findTestObject("2-OBJECTS TAREAS SECUNDARIAS/Pruebas Bienestar/Programación/input_Horario_form_programacionMomentoEventotablaMomentoEventoHorariofechaTerminaPME_input"), "28/11/2018"): Text '28/11/2018' is set on object 'Object Repository/2-OBJECTS TAREAS SECUNDARIAS/Pruebas Bienestar/Programación/input_Horario_form_programacionMomentoEventotablaMomentoEventoHorariofechaTerminaPME_input'

2023-03-09 12:49:24 - [MESSAGE][PASSED] - Text '28/11/2018' is set on object 'Object Repository/2-OBJECTS TAREAS SECUNDARIAS/Pruebas Bienestar/Programación/input_Horario_form_programacionMomentoEventotablaMomentoEventoHorariofechaTerminaPME_input'

2023-03-09 12:49:24 - [TEST_STEP][PASSED] - click(findTestObject("2-OBJECTS TAREAS SECUNDARIAS/Pruebas Bienestar/Programación/a_Horario_form_programacionMomentoEventotablaMomentoEventoHorarioj_idt833")): Object: 'Object Repository/2-OBJECTS TAREAS SECUNDARIAS/Pruebas Bienestar/Programación/a_Horario_form_programacionMomentoEventotablaMomentoEventoHorarioj_idt833' is clicked on

2023-03-09 12:49:25 - [MESSAGE][PASSED] - Object: 'Object Repository/2-OBJECTS TAREAS SECUNDARIAS/Pruebas Bienestar/Programación/a_Horario_form_programacionMomentoEventotablaMomentoEventoHorarioj_idt833' is clicked on

2023-03-09 12:49:25 - [TEST_STEP][PASSED] - check(findTestObject("2-OBJECTS TAREAS SECUNDARIAS/Pruebas Bienestar/Programación/label_MAR")): Object 'Object Repository/2-OBJECTS TAREAS SECUNDARIAS/Pruebas Bienestar/Programación/label_MAR' is checked

2023-03-09 12:49:26 - [MESSAGE][PASSED] - Object 'Object Repository/2-OBJECTS TAREAS SECUNDARIAS/Pruebas Bienestar/Programación/label_MAR' is checked

2023-03-09 12:49:26 - [TEST_STEP][PASSED] - check(findTestObject("2-OBJECTS TAREAS SECUNDARIAS/Pruebas Bienestar/Programación/label_MIE")): Object 'Object Repository/2-OBJECTS TAREAS SECUNDARIAS/Pruebas Bienestar/Programación/label_MIE' is checked

2023-03-09 12:49:26 - [MESSAGE][PASSED] - Object 'Object Repository/2-OBJECTS TAREAS SECUNDARIAS/Pruebas Bienestar/Programación/label_MIE' is checked

2023-03-09 12:49:26 - [TEST_STEP][PASSED] - selectOptionByIndex(findTestObject("2-OBJECTS TAREAS SECUNDARIAS/Pruebas Bienestar/Programación/select_hora1"), 5): All options with index in [5] are selected on object 'Object Repository/2-OBJECTS TAREAS SECUNDARIAS/Pruebas Bienestar/Programación/select_hora1'

2023-03-09 12:49:27 - [MESSAGE][PASSED] - All options with index in [5] are selected on object 'Object Repository/2-OBJECTS TAREAS SECUNDARIAS/Pruebas Bienestar/Programación/select_hora1'

2023-03-09 12:49:27 - [TEST_STEP][PASSED] - selectOptionByIndex(findTestObject("2-OBJECTS TAREAS SECUNDARIAS/Pruebas Bienestar/Programación/select_hora 2"), 6): All options with index in [6] are selected on object 'Object Repository/2-OBJECTS TAREAS SECUNDARIAS/Pruebas Bienestar/Programación/select_hora 2'

2023-03-09 12:49:28 - [MESSAGE][PASSED] - All options with index in [6] are selected on object 'Object Repository/2-OBJECTS TAREAS SECUNDARIAS/Pruebas Bienestar/Programación/select_hora 2'

2023-03-09 12:49:28 - [TEST_STEP][PASSED] - click(findTestObject("2-OBJECTS TAREAS SECUNDARIAS/Pruebas Bienestar/Programación/a_mas_horario")): Object: 'Object Repository/2-OBJECTS TAREAS SECUNDARIAS/Pruebas Bienestar/Programación/a_mas_horario' is clicked on

2023-03-09 12:49:29 - [MESSAGE][PASSED] - Object: 'Object Repository/2-OBJECTS TAREAS SECUNDARIAS/Pruebas Bienestar/Programación/a_mas_horario' is clicked on

2023-03-09 12:49:29 - [TEST_STEP][PASSED] - click(findTestObject("2-OBJECTS TAREAS SECUNDARIAS/Pruebas Bienestar/Programación/a_Aplicar")): Object: 'Object Repository/2-OBJECTS TAREAS SECUNDARIAS/Pruebas Bienestar/Programación/a_Aplicar' is clicked on

2023-03-09 12:49:29 - [MESSAGE][PASSED] - Object: 'Object Repository/2-OBJECTS TAREAS SECUNDARIAS/Pruebas Bienestar/Programación/a_Aplicar' is clicked on

2023-03-09 12:49:29 - [TEST_STEP][PASSED] - click(findTestObject("2-OBJECTS TAREAS SECUNDARIAS/Pruebas Bienestar/Programación/a_mas")): Object: 'Object Repository/2-OBJECTS TAREAS SECUNDARIAS/Pruebas Bienestar/Programación/a_mas' is clicked on

2023-03-09 12:49:30 - [MESSAGE][PASSED] - Object: 'Object Repository/2-OBJECTS TAREAS SECUNDARIAS/Pruebas Bienestar/Programación/a_mas' is clicked on

2023-03-09 12:49:30 - [TEST_STEP][PASSED] - if (waitForElementVisible(findTestObject("2-OBJECTS TAREAS SECUNDARIAS/Prueba Control De Tiempo/Programación/td_MAR-MIE 0500-0600"), 1)): null

2023-03-09 12:49:31 - [MESSAGE][PASSED] - Object 'Object Repository/2-OBJECTS TAREAS SECUNDARIAS/Prueba Control De Tiempo/Programación/td_MAR-MIE 0500-0600' is visible

2023-03-09 12:49:31 - [TEST_STEP][PASSED] - Resultado = "PRUEBA OK": null

2023-03-09 12:49:31 - [TEST_STEP][PASSED] - closeBrowser(): Browser is closed

2023-03-09 12:49:32 - [MESSAGE][PASSED] - Browser is closed]]></system-out>
         <system-err><![CDATA[]]></system-err>
      </testcase>
      <testcase name="Test Cases/1.2-Tareas_Secundarias/3.1-Pruebas_Bienestar/3.1.7-Programacion_Múltiple" time="65.777" classname="Test Cases/1.2-Tareas_Secundarias/3.1-Pruebas_Bienestar/3.1.7-Programacion_Múltiple" status="PASSED">
         <system-out><![CDATA[2023-03-09 12:49:32 - [TEST_CASE][PASSED] - Test Cases/1.2-Tareas_Secundarias/3.1-Pruebas_Bienestar/3.1.7-Programacion_Múltiple: Test Cases/1.2-Tareas_Secundarias/3.1-Pruebas_Bienestar/3.1.7-Programacion_Múltiple

2023-03-09 12:49:32 - [TEST_STEP][PASSED] - today = new java.util.Date(): null

2023-03-09 12:49:32 - [TEST_STEP][PASSED] - Dia = today.format("dd"): null

2023-03-09 12:49:32 - [TEST_STEP][PASSED] - Mes = today.format("MM"): null

2023-03-09 12:49:32 - [TEST_STEP][PASSED] - Mes1 = today.format("MM"): null

2023-03-09 12:49:32 - [TEST_STEP][PASSED] - MesN = today.format("MM"): null

2023-03-09 12:49:32 - [TEST_STEP][PASSED] - Año = today.format("yyyy"): null

2023-03-09 12:49:32 - [TEST_STEP][PASSED] - AñoN = today.format("yyyy"): null

2023-03-09 12:49:32 - [TEST_STEP][PASSED] - sumaD = Dia + 10: null

2023-03-09 12:49:32 - [TEST_STEP][PASSED] - sumaM = Mes + 1: null

2023-03-09 12:49:32 - [TEST_STEP][PASSED] - sumaA = Año + 1: null

2023-03-09 12:49:32 - [TEST_STEP][PASSED] - if (Dia > 30 || Dia > 31): null

2023-03-09 12:49:32 - [TEST_STEP][PASSED] - if (Mes < 10): null

2023-03-09 12:49:32 - [TEST_STEP][PASSED] - suma1 = { -> ... }: null

2023-03-09 12:49:32 - [TEST_STEP][PASSED] - if (sumaM < 10): null

2023-03-09 12:49:32 - [TEST_STEP][PASSED] - sumaM0 = "0" + sumaM: null

2023-03-09 12:49:32 - [TEST_STEP][PASSED] - if (sumaD > 30): null

2023-03-09 12:49:32 - [TEST_STEP][PASSED] - else: null

2023-03-09 12:49:32 - [TEST_STEP][PASSED] - sumaD: null

2023-03-09 12:49:32 - [TEST_STEP][PASSED] - Mes: null

2023-03-09 12:49:32 - [TEST_STEP][PASSED] - if (sumaD > 30): null

2023-03-09 12:49:32 - [TEST_STEP][PASSED] - if (sumaM > 12): null

2023-03-09 12:49:32 - [TEST_STEP][PASSED] - Dia0 = Dia + 1: null

2023-03-09 12:49:32 - [TEST_STEP][PASSED] - restaD0 = sumaD - 1: null

2023-03-09 12:49:32 - [TEST_STEP][PASSED] - if (Dia0 > 30): null

2023-03-09 12:49:32 - [TEST_STEP][PASSED] - else: null

2023-03-09 12:49:32 - [TEST_STEP][PASSED] - Dia0: null

2023-03-09 12:49:32 - [TEST_STEP][PASSED] - MesN: null

2023-03-09 12:49:32 - [TEST_STEP][PASSED] - if (restaD0 < 1): null

2023-03-09 12:49:32 - [TEST_STEP][PASSED] - else: null

2023-03-09 12:49:32 - [TEST_STEP][PASSED] - restaD0: null

2023-03-09 12:49:32 - [TEST_STEP][PASSED] - Mes: null

2023-03-09 12:49:32 - [TEST_STEP][PASSED] - FechaI = Dia + "/" + MesN + "/" + AñoN: null

2023-03-09 12:49:32 - [TEST_STEP][PASSED] - FechaF = sumaD + "/" + Mes + "/" + Año: null

2023-03-09 12:49:32 - [TEST_STEP][PASSED] - FechaI0 = Dia0 + "/" + MesN + "/" + AñoN: null

2023-03-09 12:49:32 - [TEST_STEP][PASSED] - FechaF0 = restaD0 + "/" + Mes + "/" + Año: null

2023-03-09 12:49:32 - [TEST_STEP][PASSED] - println(FechaI): null

2023-03-09 12:49:32 - [TEST_STEP][PASSED] - println(FechaF): null

2023-03-09 12:49:32 - [TEST_STEP][PASSED] - println(FechaI0): null

2023-03-09 12:49:32 - [TEST_STEP][PASSED] - println(FechaF0): null

2023-03-09 12:49:32 - [TEST_STEP][PASSED] - callTestCase(findTestCase("Utilidades-(atajos_para _tareas)/Modulos/Modulo bienestar-eventos"), [:], STOP_ON_FAILURE): Call Test Case 'Test Cases/Utilidades-(atajos_para _tareas)/Modulos/Modulo bienestar-eventos' successfully

2023-03-09 12:49:32 - [TEST_CASE][PASSED] - Test Cases/Utilidades-(atajos_para _tareas)/Modulos/Modulo bienestar-eventos: Test Cases/Utilidades-(atajos_para _tareas)/Modulos/Modulo bienestar-eventos

2023-03-09 12:49:32 - [TEST_STEP][PASSED] - callTestCase(findTestCase("0.1-Login"), [:], STOP_ON_FAILURE): Call Test Case 'Test Cases/0.1-Login' successfully

2023-03-09 12:49:32 - [TEST_CASE][PASSED] - Test Cases/0.1-Login: Test Cases/0.1-Login

2023-03-09 12:49:32 - [TEST_STEP][PASSED] - openBrowser(""): Browser is opened with url: ''

2023-03-09 12:49:32 - [MESSAGE][INFO] - Starting 'Chrome' driver

2023-03-09 12:49:32 - [MESSAGE][INFO] - Action delay is set to 0 milliseconds

2023-03-09 12:49:34 - [MESSAGE][PASSED] - Browser is opened with url: ''

2023-03-09 12:49:34 - [TEST_STEP][PASSED] - maximizeWindow(): Current window maximized

2023-03-09 12:49:34 - [MESSAGE][PASSED] - Current window maximized

2023-03-09 12:49:34 - [TEST_STEP][PASSED] - i = G_Login: null

2023-03-09 12:49:34 - [TEST_STEP][PASSED] - url = new java.net.URL(i): null

2023-03-09 12:49:34 - [TEST_STEP][PASSED] - println("URL: " + url.toString()): null

2023-03-09 12:49:34 - [TEST_STEP][PASSED] - connection = url.openConnection(): null

2023-03-09 12:49:34 - [TEST_STEP][PASSED] - connection.setRequestMethod("GET"): null

2023-03-09 12:49:34 - [TEST_STEP][PASSED] - connection.setReadTimeout(2 * 1000): null

2023-03-09 12:49:34 - [TEST_STEP][PASSED] - try: null

2023-03-09 12:49:34 - [TEST_STEP][PASSED] - connection.connect(): null

2023-03-09 12:49:34 - [TEST_STEP][PASSED] - flag = connected: null

2023-03-09 12:49:34 - [TEST_STEP][PASSED] - println("Valor_ori: " + flag): null

2023-03-09 12:49:34 - [TEST_STEP][PASSED] - if (flag): null

2023-03-09 12:49:34 - [TEST_STEP][PASSED] - navigateToUrl(i): Navigate to 'http://192.168.2.19:7001/saraweb' successfully

2023-03-09 12:49:35 - [MESSAGE][PASSED] - Navigate to 'http://192.168.2.19:7001/saraweb' successfully

2023-03-09 12:49:35 - [TEST_STEP][PASSED] - a(): null

2023-03-09 12:49:35 - [TEST_STEP][PASSED] - if (waitForElementVisible(findTestObject("3-OBJECTS UTILIDADES/Login/input_USUARIO_loginusuario"), 0)): null

2023-03-09 12:49:35 - [MESSAGE][WARNING] - Timeout '0' is invalid. Using default page load timeout: '37'

2023-03-09 12:49:36 - [MESSAGE][PASSED] - Object 'Object Repository/3-OBJECTS UTILIDADES/Login/input_USUARIO_loginusuario' is visible

2023-03-09 12:49:36 - [TEST_STEP][PASSED] - switchToWindowTitle("SARA"): Switched to window with title: 'SARA'

2023-03-09 12:49:36 - [MESSAGE][PASSED] - Switched to window with title: 'SARA'

2023-03-09 12:49:36 - [TEST_STEP][PASSED] - zoom(): null

2023-03-09 12:49:36 - [TEST_STEP][PASSED] - robot = new java.awt.Robot(): null

2023-03-09 12:49:36 - [TEST_STEP][PASSED] - robot.keyPress(VK_CONTROL): null

2023-03-09 12:49:36 - [TEST_STEP][PASSED] - robot.keyPress(VK_SUBTRACT): null

2023-03-09 12:49:36 - [TEST_STEP][PASSED] - robot.keyRelease(VK_CONTROL): null

2023-03-09 12:49:36 - [TEST_STEP][PASSED] - robot.keyRelease(VK_SUBTRACT): null

2023-03-09 12:49:36 - [TEST_STEP][PASSED] - robot.keyPress(VK_CONTROL): null

2023-03-09 12:49:36 - [TEST_STEP][PASSED] - robot.keyPress(VK_SUBTRACT): null

2023-03-09 12:49:36 - [TEST_STEP][PASSED] - robot.keyRelease(VK_CONTROL): null

2023-03-09 12:49:36 - [TEST_STEP][PASSED] - robot.keyRelease(VK_SUBTRACT): null

2023-03-09 12:49:36 - [TEST_STEP][PASSED] - robot.keyPress(VK_CONTROL): null

2023-03-09 12:49:36 - [TEST_STEP][PASSED] - robot.keyPress(VK_SUBTRACT): null

2023-03-09 12:49:36 - [TEST_STEP][PASSED] - robot.keyRelease(VK_CONTROL): null

2023-03-09 12:49:36 - [TEST_STEP][PASSED] - robot.keyRelease(VK_SUBTRACT): null

2023-03-09 12:49:36 - [TEST_STEP][PASSED] - robot.keyRelease(VK_CONTROL): null

2023-03-09 12:49:36 - [TEST_STEP][PASSED] - robot.keyRelease(VK_SUBTRACT): null

2023-03-09 12:49:36 - [TEST_STEP][PASSED] - setText(findTestObject("3-OBJECTS UTILIDADES/Login/input_USUARIO_loginusuario"), G_Usuario): Text 'weblogic' is set on object 'Object Repository/3-OBJECTS UTILIDADES/Login/input_USUARIO_loginusuario'

2023-03-09 12:49:37 - [MESSAGE][PASSED] - Text 'weblogic' is set on object 'Object Repository/3-OBJECTS UTILIDADES/Login/input_USUARIO_loginusuario'

2023-03-09 12:49:37 - [TEST_STEP][PASSED] - setEncryptedText(findTestObject("3-OBJECTS UTILIDADES/Login/input_CLAVE_loginpassword"), "SlAwMcyRKqrwbnzhAs8HhT6NnI7sEyng"): Text ****** has been set on object 'Object Repository/3-OBJECTS UTILIDADES/Login/input_CLAVE_loginpassword'

2023-03-09 12:49:41 - [MESSAGE][PASSED] - Text ****** has been set on object 'Object Repository/3-OBJECTS UTILIDADES/Login/input_CLAVE_loginpassword'

2023-03-09 12:49:41 - [TEST_STEP][PASSED] - while (waitForElementClickable(findTestObject("3-OBJECTS UTILIDADES/Login/a_Ingresar"), 1)): Web element with id: 'Object Repository/3-OBJECTS UTILIDADES/Login/a_Ingresar' located by '//a[contains(text(),'Ingresar')]' not found

2023-03-09 12:49:43 - [MESSAGE][INFO] - Unable to find the element located by 'By.xpath: //a[contains(text(),'Ingresar')]'. Please recheck the objects properties to make sure the desired element is located. 

2023-03-09 12:49:43 - [MESSAGE][WARNING] - Web element with id: 'Object Repository/3-OBJECTS UTILIDADES/Login/a_Ingresar' located by '//a[contains(text(),'Ingresar')]' not found

2023-03-09 12:49:43 - [MESSAGE][PASSED] - Call Test Case 'Test Cases/0.1-Login' successfully

2023-03-09 12:49:43 - [TEST_STEP][PASSED] - waitForElementClickable(findTestObject("3-OBJECTS UTILIDADES/Modulo bienestar-eventos/input_ADMINISTRADOR DEL SISTEMA"), 0): Object 'Object Repository/3-OBJECTS UTILIDADES/Modulo bienestar-eventos/input_ADMINISTRADOR DEL SISTEMA' is clickable

2023-03-09 12:49:43 - [MESSAGE][WARNING] - Timeout '0' is invalid. Using default page load timeout: '37'

2023-03-09 12:49:43 - [MESSAGE][PASSED] - Object 'Object Repository/3-OBJECTS UTILIDADES/Modulo bienestar-eventos/input_ADMINISTRADOR DEL SISTEMA' is clickable

2023-03-09 12:49:43 - [TEST_STEP][PASSED] - setText(findTestObject("3-OBJECTS UTILIDADES/Modulo bienestar-eventos/input_ADMINISTRADOR DEL SISTEMA"), "eventos (bie)"): Text 'eventos (bie)' is set on object 'Object Repository/3-OBJECTS UTILIDADES/Modulo bienestar-eventos/input_ADMINISTRADOR DEL SISTEMA'

2023-03-09 12:49:44 - [MESSAGE][PASSED] - Text 'eventos (bie)' is set on object 'Object Repository/3-OBJECTS UTILIDADES/Modulo bienestar-eventos/input_ADMINISTRADOR DEL SISTEMA'

2023-03-09 12:49:44 - [TEST_STEP][PASSED] - click(findTestObject("3-OBJECTS UTILIDADES/Modulo bienestar-eventos/span_Eventos (bie)")): Object: 'Object Repository/3-OBJECTS UTILIDADES/Modulo bienestar-eventos/span_Eventos (bie)' is clicked on

2023-03-09 12:49:46 - [MESSAGE][PASSED] - Object: 'Object Repository/3-OBJECTS UTILIDADES/Modulo bienestar-eventos/span_Eventos (bie)' is clicked on

2023-03-09 12:49:46 - [MESSAGE][PASSED] - Call Test Case 'Test Cases/Utilidades-(atajos_para _tareas)/Modulos/Modulo bienestar-eventos' successfully

2023-03-09 12:49:46 - [TEST_STEP][PASSED] - click(findTestObject("2-OBJECTS TAREAS SECUNDARIAS/Pruebas Bienestar/Programacion_Múltiple/td_Prueba-S")): Object: 'Object Repository/2-OBJECTS TAREAS SECUNDARIAS/Pruebas Bienestar/Programacion_Múltiple/td_Prueba-S' is clicked on

2023-03-09 12:49:49 - [MESSAGE][PASSED] - Object: 'Object Repository/2-OBJECTS TAREAS SECUNDARIAS/Pruebas Bienestar/Programacion_Múltiple/td_Prueba-S' is clicked on

2023-03-09 12:49:49 - [TEST_STEP][PASSED] - click(findTestObject("2-OBJECTS TAREAS SECUNDARIAS/Pruebas Bienestar/Programacion_Múltiple/a_Momento Eventos")): Object: 'Object Repository/2-OBJECTS TAREAS SECUNDARIAS/Pruebas Bienestar/Programacion_Múltiple/a_Momento Eventos' is clicked on

2023-03-09 12:49:50 - [MESSAGE][PASSED] - Object: 'Object Repository/2-OBJECTS TAREAS SECUNDARIAS/Pruebas Bienestar/Programacion_Múltiple/a_Momento Eventos' is clicked on

2023-03-09 12:49:50 - [TEST_STEP][PASSED] - click(findTestObject("2-OBJECTS TAREAS SECUNDARIAS/Pruebas Bienestar/Programacion_Múltiple/td_prueba")): Object: 'Object Repository/2-OBJECTS TAREAS SECUNDARIAS/Pruebas Bienestar/Programacion_Múltiple/td_prueba' is clicked on

2023-03-09 12:49:51 - [MESSAGE][PASSED] - Object: 'Object Repository/2-OBJECTS TAREAS SECUNDARIAS/Pruebas Bienestar/Programacion_Múltiple/td_prueba' is clicked on

2023-03-09 12:49:51 - [TEST_STEP][PASSED] - if (waitForElementClickable(findTestObject("2-OBJECTS TAREAS SECUNDARIAS/Pruebas Bienestar/Programacion_Múltiple/a_MAR-MIE 0500-0600_popupMomentoEvento_formtablaMomentoEventoHorarioPopup0j_idt1582"), 1)): Web element with id: 'Object Repository/2-OBJECTS TAREAS SECUNDARIAS/Pruebas Bienestar/Programacion_Múltiple/a_MAR-MIE 0500-0600_popupMomentoEvento_formtablaMomentoEventoHorarioPopup0j_idt1582' located by '//a[@id='popupMomentoEvento_form:tablaMomentoEventoHorarioPopup:0:j_idt1582']' not found

2023-03-09 12:49:53 - [MESSAGE][INFO] - Unable to find the element located by 'By.xpath: //a[@id='popupMomentoEvento_form:tablaMomentoEventoHorarioPopup:0:j_idt1582']'. Please recheck the objects properties to make sure the desired element is located. 

2023-03-09 12:49:53 - [MESSAGE][WARNING] - Web element with id: 'Object Repository/2-OBJECTS TAREAS SECUNDARIAS/Pruebas Bienestar/Programacion_Múltiple/a_MAR-MIE 0500-0600_popupMomentoEvento_formtablaMomentoEventoHorarioPopup0j_idt1582' located by '//a[@id='popupMomentoEvento_form:tablaMomentoEventoHorarioPopup:0:j_idt1582']' not found

2023-03-09 12:49:53 - [TEST_STEP][PASSED] - setText(findTestObject("2-OBJECTS TAREAS SECUNDARIAS/Pruebas Bienestar/Programacion_Múltiple/input_Inscripcin Inicial_popupMomentoEvento_formpMEInscripcionInicia_input"), FechaI): Text '9/3/2023' is set on object 'Object Repository/2-OBJECTS TAREAS SECUNDARIAS/Pruebas Bienestar/Programacion_Múltiple/input_Inscripcin Inicial_popupMomentoEvento_formpMEInscripcionInicia_input'

2023-03-09 12:49:54 - [MESSAGE][PASSED] - Text '9/3/2023' is set on object 'Object Repository/2-OBJECTS TAREAS SECUNDARIAS/Pruebas Bienestar/Programacion_Múltiple/input_Inscripcin Inicial_popupMomentoEvento_formpMEInscripcionInicia_input'

2023-03-09 12:49:54 - [TEST_STEP][PASSED] - setText(findTestObject("2-OBJECTS TAREAS SECUNDARIAS/Pruebas Bienestar/Programacion_Múltiple/input_Inscripcin Termina_popupMomentoEvento_formpMEInscripcionFinaliza_input"), FechaF): Text '19/3/2023' is set on object 'Object Repository/2-OBJECTS TAREAS SECUNDARIAS/Pruebas Bienestar/Programacion_Múltiple/input_Inscripcin Termina_popupMomentoEvento_formpMEInscripcionFinaliza_input'

2023-03-09 12:49:55 - [MESSAGE][PASSED] - Text '19/3/2023' is set on object 'Object Repository/2-OBJECTS TAREAS SECUNDARIAS/Pruebas Bienestar/Programacion_Múltiple/input_Inscripcin Termina_popupMomentoEvento_formpMEInscripcionFinaliza_input'

2023-03-09 12:49:55 - [TEST_STEP][PASSED] - waitForElementPresent(findTestObject("2-OBJECTS TAREAS SECUNDARIAS/Pruebas Bienestar/Programacion_Múltiple/input_Horario_popupMomentoEvento_formtablaMomentoEventoHorarioPopupfechaInicialPop_input"), 0): Object 'Object Repository/2-OBJECTS TAREAS SECUNDARIAS/Pruebas Bienestar/Programacion_Múltiple/input_Horario_popupMomentoEvento_formtablaMomentoEventoHorarioPopupfechaInicialPop_input' is present

2023-03-09 12:49:55 - [MESSAGE][WARNING] - Timeout '0' is invalid. Using default page load timeout: '37'

2023-03-09 12:49:55 - [MESSAGE][PASSED] - Object 'Object Repository/2-OBJECTS TAREAS SECUNDARIAS/Pruebas Bienestar/Programacion_Múltiple/input_Horario_popupMomentoEvento_formtablaMomentoEventoHorarioPopupfechaInicialPop_input' is present

2023-03-09 12:49:55 - [TEST_STEP][PASSED] - setText(findTestObject("2-OBJECTS TAREAS SECUNDARIAS/Pruebas Bienestar/Programacion_Múltiple/input_Horario_popupMomentoEvento_formtablaMomentoEventoHorarioPopupfechaInicialPop_input"), FechaI): Text '9/3/2023' is set on object 'Object Repository/2-OBJECTS TAREAS SECUNDARIAS/Pruebas Bienestar/Programacion_Múltiple/input_Horario_popupMomentoEvento_formtablaMomentoEventoHorarioPopupfechaInicialPop_input'

2023-03-09 12:49:56 - [MESSAGE][PASSED] - Text '9/3/2023' is set on object 'Object Repository/2-OBJECTS TAREAS SECUNDARIAS/Pruebas Bienestar/Programacion_Múltiple/input_Horario_popupMomentoEvento_formtablaMomentoEventoHorarioPopupfechaInicialPop_input'

2023-03-09 12:49:56 - [TEST_STEP][PASSED] - waitForElementPresent(findTestObject("2-OBJECTS TAREAS SECUNDARIAS/Pruebas Bienestar/Programacion_Múltiple/input_Horario_popupMomentoEvento_formtablaMomentoEventoHorarioPopuppMEFechaTerminaPopup_input"), 0): Object 'Object Repository/2-OBJECTS TAREAS SECUNDARIAS/Pruebas Bienestar/Programacion_Múltiple/input_Horario_popupMomentoEvento_formtablaMomentoEventoHorarioPopuppMEFechaTerminaPopup_input' is present

2023-03-09 12:49:56 - [MESSAGE][WARNING] - Timeout '0' is invalid. Using default page load timeout: '37'

2023-03-09 12:49:56 - [MESSAGE][PASSED] - Object 'Object Repository/2-OBJECTS TAREAS SECUNDARIAS/Pruebas Bienestar/Programacion_Múltiple/input_Horario_popupMomentoEvento_formtablaMomentoEventoHorarioPopuppMEFechaTerminaPopup_input' is present

2023-03-09 12:49:56 - [TEST_STEP][PASSED] - setText(findTestObject("2-OBJECTS TAREAS SECUNDARIAS/Pruebas Bienestar/Programacion_Múltiple/input_Horario_popupMomentoEvento_formtablaMomentoEventoHorarioPopuppMEFechaTerminaPopup_input"), FechaF): Text '19/3/2023' is set on object 'Object Repository/2-OBJECTS TAREAS SECUNDARIAS/Pruebas Bienestar/Programacion_Múltiple/input_Horario_popupMomentoEvento_formtablaMomentoEventoHorarioPopuppMEFechaTerminaPopup_input'

2023-03-09 12:49:57 - [MESSAGE][PASSED] - Text '19/3/2023' is set on object 'Object Repository/2-OBJECTS TAREAS SECUNDARIAS/Pruebas Bienestar/Programacion_Múltiple/input_Horario_popupMomentoEvento_formtablaMomentoEventoHorarioPopuppMEFechaTerminaPopup_input'

2023-03-09 12:49:57 - [TEST_STEP][PASSED] - if (waitForElementVisible(findTestObject("2-OBJECTS TAREAS SECUNDARIAS/Pruebas Bienestar/Programacion_Múltiple/div_Formato de fecha no valido"), 1)): Web element with id: 'Object Repository/2-OBJECTS TAREAS SECUNDARIAS/Pruebas Bienestar/Programacion_Múltiple/div_Formato de fecha no valido' located by '//div[(text() = 'Formato de fecha no valido.' or . = 'Formato de fecha no valido.')]' not found

2023-03-09 12:49:59 - [MESSAGE][INFO] - Unable to find the element located by 'By.xpath: //div[(text() = 'Formato de fecha no valido.' or . = 'Formato de fecha no valido.')]'. Please recheck the objects properties to make sure the desired element is located. 

2023-03-09 12:49:59 - [MESSAGE][WARNING] - Web element with id: 'Object Repository/2-OBJECTS TAREAS SECUNDARIAS/Pruebas Bienestar/Programacion_Múltiple/div_Formato de fecha no valido' located by '//div[(text() = 'Formato de fecha no valido.' or . = 'Formato de fecha no valido.')]' not found

2023-03-09 12:49:59 - [TEST_STEP][PASSED] - click(findTestObject("2-OBJECTS TAREAS SECUNDARIAS/Pruebas Bienestar/Programacion_Múltiple/a_Horario_popupMomentoEvento_formtablaMomentoEventoHorarioPopupj_idt1579"), STOP_ON_FAILURE): Object: 'Object Repository/2-OBJECTS TAREAS SECUNDARIAS/Pruebas Bienestar/Programacion_Múltiple/a_Horario_popupMomentoEvento_formtablaMomentoEventoHorarioPopupj_idt1579' is clicked on

2023-03-09 12:50:00 - [MESSAGE][PASSED] - Object: 'Object Repository/2-OBJECTS TAREAS SECUNDARIAS/Pruebas Bienestar/Programacion_Múltiple/a_Horario_popupMomentoEvento_formtablaMomentoEventoHorarioPopupj_idt1579' is clicked on

2023-03-09 12:50:00 - [TEST_STEP][PASSED] - waitForElementClickable(findTestObject("2-OBJECTS TAREAS SECUNDARIAS/Pruebas Bienestar/Programacion_Múltiple/label_MAR"), 0): Object 'Object Repository/2-OBJECTS TAREAS SECUNDARIAS/Pruebas Bienestar/Programacion_Múltiple/label_MAR' is clickable

2023-03-09 12:50:00 - [MESSAGE][WARNING] - Timeout '0' is invalid. Using default page load timeout: '37'

2023-03-09 12:50:01 - [MESSAGE][PASSED] - Object 'Object Repository/2-OBJECTS TAREAS SECUNDARIAS/Pruebas Bienestar/Programacion_Múltiple/label_MAR' is clickable

2023-03-09 12:50:01 - [TEST_STEP][PASSED] - check(findTestObject("2-OBJECTS TAREAS SECUNDARIAS/Pruebas Bienestar/Programacion_Múltiple/label_MAR")): Object 'Object Repository/2-OBJECTS TAREAS SECUNDARIAS/Pruebas Bienestar/Programacion_Múltiple/label_MAR' is checked

2023-03-09 12:50:01 - [MESSAGE][PASSED] - Object 'Object Repository/2-OBJECTS TAREAS SECUNDARIAS/Pruebas Bienestar/Programacion_Múltiple/label_MAR' is checked

2023-03-09 12:50:01 - [TEST_STEP][PASSED] - check(findTestObject("2-OBJECTS TAREAS SECUNDARIAS/Pruebas Bienestar/Programacion_Múltiple/label_MIE")): Object 'Object Repository/2-OBJECTS TAREAS SECUNDARIAS/Pruebas Bienestar/Programacion_Múltiple/label_MIE' is checked

2023-03-09 12:50:02 - [MESSAGE][PASSED] - Object 'Object Repository/2-OBJECTS TAREAS SECUNDARIAS/Pruebas Bienestar/Programacion_Múltiple/label_MIE' is checked

2023-03-09 12:50:02 - [TEST_STEP][PASSED] - selectOptionByIndex(findTestObject("2-OBJECTS TAREAS SECUNDARIAS/Pruebas Bienestar/Programacion_Múltiple/select_01"), 5): All options with index in [5] are selected on object 'Object Repository/2-OBJECTS TAREAS SECUNDARIAS/Pruebas Bienestar/Programacion_Múltiple/select_01'

2023-03-09 12:50:03 - [MESSAGE][PASSED] - All options with index in [5] are selected on object 'Object Repository/2-OBJECTS TAREAS SECUNDARIAS/Pruebas Bienestar/Programacion_Múltiple/select_01'

2023-03-09 12:50:03 - [TEST_STEP][PASSED] - selectOptionByIndex(findTestObject("2-OBJECTS TAREAS SECUNDARIAS/Pruebas Bienestar/Programacion_Múltiple/select_02"), 6): All options with index in [6] are selected on object 'Object Repository/2-OBJECTS TAREAS SECUNDARIAS/Pruebas Bienestar/Programacion_Múltiple/select_02'

2023-03-09 12:50:04 - [MESSAGE][PASSED] - All options with index in [6] are selected on object 'Object Repository/2-OBJECTS TAREAS SECUNDARIAS/Pruebas Bienestar/Programacion_Múltiple/select_02'

2023-03-09 12:50:04 - [TEST_STEP][PASSED] - click(findTestObject("2-OBJECTS TAREAS SECUNDARIAS/Pruebas Bienestar/Programacion_Múltiple/a_mas_Horario")): Object: 'Object Repository/2-OBJECTS TAREAS SECUNDARIAS/Pruebas Bienestar/Programacion_Múltiple/a_mas_Horario' is clicked on

2023-03-09 12:50:04 - [MESSAGE][PASSED] - Object: 'Object Repository/2-OBJECTS TAREAS SECUNDARIAS/Pruebas Bienestar/Programacion_Múltiple/a_mas_Horario' is clicked on

2023-03-09 12:50:04 - [TEST_STEP][PASSED] - waitForElementClickable(findTestObject("2-OBJECTS TAREAS SECUNDARIAS/Pruebas Bienestar/Programacion_Múltiple/td_LUN-MAR 0500-0600"), 2): Web element with id: 'Object Repository/2-OBJECTS TAREAS SECUNDARIAS/Pruebas Bienestar/Programacion_Múltiple/td_LUN-MAR 0500-0600' located by '//*/text()[normalize-space(.)='LUN-MAR 05:00-06:00']/parent::*' not found

2023-03-09 12:50:07 - [MESSAGE][INFO] - Unable to find the element located by 'By.xpath: //*/text()[normalize-space(.)='LUN-MAR 05:00-06:00']/parent::*'. Please recheck the objects properties to make sure the desired element is located. 

2023-03-09 12:50:07 - [MESSAGE][WARNING] - Web element with id: 'Object Repository/2-OBJECTS TAREAS SECUNDARIAS/Pruebas Bienestar/Programacion_Múltiple/td_LUN-MAR 0500-0600' located by '//*/text()[normalize-space(.)='LUN-MAR 05:00-06:00']/parent::*' not found

2023-03-09 12:50:07 - [TEST_STEP][PASSED] - click(findTestObject("2-OBJECTS TAREAS SECUNDARIAS/Pruebas Bienestar/Programacion_Múltiple/a_Aplicar")): Object: 'Object Repository/2-OBJECTS TAREAS SECUNDARIAS/Pruebas Bienestar/Programacion_Múltiple/a_Aplicar' is clicked on

2023-03-09 12:50:08 - [MESSAGE][PASSED] - Object: 'Object Repository/2-OBJECTS TAREAS SECUNDARIAS/Pruebas Bienestar/Programacion_Múltiple/a_Aplicar' is clicked on

2023-03-09 12:50:08 - [TEST_STEP][PASSED] - click(findTestObject("2-OBJECTS TAREAS SECUNDARIAS/Pruebas Bienestar/Programacion_Múltiple/a_Icon_mas_principal")): Object: 'Object Repository/2-OBJECTS TAREAS SECUNDARIAS/Pruebas Bienestar/Programacion_Múltiple/a_Icon_mas_principal' is clicked on

2023-03-09 12:50:09 - [MESSAGE][PASSED] - Object: 'Object Repository/2-OBJECTS TAREAS SECUNDARIAS/Pruebas Bienestar/Programacion_Múltiple/a_Icon_mas_principal' is clicked on

2023-03-09 12:50:09 - [TEST_STEP][PASSED] - if (waitForElementVisible(findTestObject("2-OBJECTS TAREAS SECUNDARIAS/Pruebas Bienestar/Programacion_Múltiple/a_Aceptar Eliminar 0"), 1)): Web element with id: 'Object Repository/2-OBJECTS TAREAS SECUNDARIAS/Pruebas Bienestar/Programacion_Múltiple/a_Aceptar Eliminar 0' located by '//*/text()[normalize-space(.)='Aceptar']/parent::*' not found

2023-03-09 12:50:11 - [MESSAGE][INFO] - Unable to find the element located by 'By.xpath: //*/text()[normalize-space(.)='Aceptar']/parent::*'. Please recheck the objects properties to make sure the desired element is located. 

2023-03-09 12:50:11 - [MESSAGE][WARNING] - Web element with id: 'Object Repository/2-OBJECTS TAREAS SECUNDARIAS/Pruebas Bienestar/Programacion_Múltiple/a_Aceptar Eliminar 0' located by '//*/text()[normalize-space(.)='Aceptar']/parent::*' not found

2023-03-09 12:50:11 - [TEST_STEP][PASSED] - click(findTestObject("2-OBJECTS TAREAS SECUNDARIAS/Pruebas Bienestar/Programacion_Múltiple/a_Guardar")): Object: 'Object Repository/2-OBJECTS TAREAS SECUNDARIAS/Pruebas Bienestar/Programacion_Múltiple/a_Guardar' is clicked on

2023-03-09 12:50:11 - [MESSAGE][PASSED] - Object: 'Object Repository/2-OBJECTS TAREAS SECUNDARIAS/Pruebas Bienestar/Programacion_Múltiple/a_Guardar' is clicked on

2023-03-09 12:50:11 - [TEST_STEP][PASSED] - click(findTestObject("2-OBJECTS TAREAS SECUNDARIAS/Pruebas Bienestar/Programacion_Múltiple/a_Regresar")): Object: 'Object Repository/2-OBJECTS TAREAS SECUNDARIAS/Pruebas Bienestar/Programacion_Múltiple/a_Regresar' is clicked on

2023-03-09 12:50:12 - [MESSAGE][PASSED] - Object: 'Object Repository/2-OBJECTS TAREAS SECUNDARIAS/Pruebas Bienestar/Programacion_Múltiple/a_Regresar' is clicked on

2023-03-09 12:50:12 - [TEST_STEP][PASSED] - click(findTestObject("2-OBJECTS TAREAS SECUNDARIAS/Pruebas Bienestar/Programacion_Múltiple/td_Prueba-S-SH")): Object: 'Object Repository/2-OBJECTS TAREAS SECUNDARIAS/Pruebas Bienestar/Programacion_Múltiple/td_Prueba-S-SH' is clicked on

2023-03-09 12:50:13 - [MESSAGE][PASSED] - Object: 'Object Repository/2-OBJECTS TAREAS SECUNDARIAS/Pruebas Bienestar/Programacion_Múltiple/td_Prueba-S-SH' is clicked on

2023-03-09 12:50:13 - [TEST_STEP][PASSED] - click(findTestObject("2-OBJECTS TAREAS SECUNDARIAS/Pruebas Bienestar/Programacion_Múltiple/a_Momento Eventos")): Object: 'Object Repository/2-OBJECTS TAREAS SECUNDARIAS/Pruebas Bienestar/Programacion_Múltiple/a_Momento Eventos' is clicked on

2023-03-09 12:50:14 - [MESSAGE][PASSED] - Object: 'Object Repository/2-OBJECTS TAREAS SECUNDARIAS/Pruebas Bienestar/Programacion_Múltiple/a_Momento Eventos' is clicked on

2023-03-09 12:50:14 - [TEST_STEP][PASSED] - click(findTestObject("2-OBJECTS TAREAS SECUNDARIAS/Pruebas Bienestar/Programacion_Múltiple/td_prueba")): Object: 'Object Repository/2-OBJECTS TAREAS SECUNDARIAS/Pruebas Bienestar/Programacion_Múltiple/td_prueba' is clicked on

2023-03-09 12:50:15 - [MESSAGE][PASSED] - Object: 'Object Repository/2-OBJECTS TAREAS SECUNDARIAS/Pruebas Bienestar/Programacion_Múltiple/td_prueba' is clicked on

2023-03-09 12:50:15 - [TEST_STEP][PASSED] - if (waitForElementClickable(findTestObject("2-OBJECTS TAREAS SECUNDARIAS/Pruebas Bienestar/Programacion_Múltiple/a_MAR-MIE 0500-0600_popupMomentoEvento_formtablaMomentoEventoHorarioPopup0j_idt1582"), 1)): Web element with id: 'Object Repository/2-OBJECTS TAREAS SECUNDARIAS/Pruebas Bienestar/Programacion_Múltiple/a_MAR-MIE 0500-0600_popupMomentoEvento_formtablaMomentoEventoHorarioPopup0j_idt1582' located by '//a[@id='popupMomentoEvento_form:tablaMomentoEventoHorarioPopup:0:j_idt1582']' not found

2023-03-09 12:50:17 - [MESSAGE][INFO] - Unable to find the element located by 'By.xpath: //a[@id='popupMomentoEvento_form:tablaMomentoEventoHorarioPopup:0:j_idt1582']'. Please recheck the objects properties to make sure the desired element is located. 

2023-03-09 12:50:17 - [MESSAGE][WARNING] - Web element with id: 'Object Repository/2-OBJECTS TAREAS SECUNDARIAS/Pruebas Bienestar/Programacion_Múltiple/a_MAR-MIE 0500-0600_popupMomentoEvento_formtablaMomentoEventoHorarioPopup0j_idt1582' located by '//a[@id='popupMomentoEvento_form:tablaMomentoEventoHorarioPopup:0:j_idt1582']' not found

2023-03-09 12:50:17 - [TEST_STEP][PASSED] - setText(findTestObject("2-OBJECTS TAREAS SECUNDARIAS/Pruebas Bienestar/Programacion_Múltiple/input_Inscripcin Inicial_popupMomentoEvento_formpMEInscripcionInicia_input"), FechaI): Text '9/3/2023' is set on object 'Object Repository/2-OBJECTS TAREAS SECUNDARIAS/Pruebas Bienestar/Programacion_Múltiple/input_Inscripcin Inicial_popupMomentoEvento_formpMEInscripcionInicia_input'

2023-03-09 12:50:18 - [MESSAGE][PASSED] - Text '9/3/2023' is set on object 'Object Repository/2-OBJECTS TAREAS SECUNDARIAS/Pruebas Bienestar/Programacion_Múltiple/input_Inscripcin Inicial_popupMomentoEvento_formpMEInscripcionInicia_input'

2023-03-09 12:50:18 - [TEST_STEP][PASSED] - setText(findTestObject("2-OBJECTS TAREAS SECUNDARIAS/Pruebas Bienestar/Programacion_Múltiple/input_Inscripcin Termina_popupMomentoEvento_formpMEInscripcionFinaliza_input"), FechaF): Text '19/3/2023' is set on object 'Object Repository/2-OBJECTS TAREAS SECUNDARIAS/Pruebas Bienestar/Programacion_Múltiple/input_Inscripcin Termina_popupMomentoEvento_formpMEInscripcionFinaliza_input'

2023-03-09 12:50:19 - [MESSAGE][PASSED] - Text '19/3/2023' is set on object 'Object Repository/2-OBJECTS TAREAS SECUNDARIAS/Pruebas Bienestar/Programacion_Múltiple/input_Inscripcin Termina_popupMomentoEvento_formpMEInscripcionFinaliza_input'

2023-03-09 12:50:19 - [TEST_STEP][PASSED] - waitForElementPresent(findTestObject("2-OBJECTS TAREAS SECUNDARIAS/Pruebas Bienestar/Programacion_Múltiple/input_Horario_popupMomentoEvento_formtablaMomentoEventoHorarioPopupfechaInicialPop_input"), 0): Object 'Object Repository/2-OBJECTS TAREAS SECUNDARIAS/Pruebas Bienestar/Programacion_Múltiple/input_Horario_popupMomentoEvento_formtablaMomentoEventoHorarioPopupfechaInicialPop_input' is present

2023-03-09 12:50:19 - [MESSAGE][WARNING] - Timeout '0' is invalid. Using default page load timeout: '37'

2023-03-09 12:50:19 - [MESSAGE][PASSED] - Object 'Object Repository/2-OBJECTS TAREAS SECUNDARIAS/Pruebas Bienestar/Programacion_Múltiple/input_Horario_popupMomentoEvento_formtablaMomentoEventoHorarioPopupfechaInicialPop_input' is present

2023-03-09 12:50:19 - [TEST_STEP][PASSED] - setText(findTestObject("2-OBJECTS TAREAS SECUNDARIAS/Pruebas Bienestar/Programacion_Múltiple/input_Horario_popupMomentoEvento_formtablaMomentoEventoHorarioPopupfechaInicialPop_input"), FechaI0): Text '10/3/2023' is set on object 'Object Repository/2-OBJECTS TAREAS SECUNDARIAS/Pruebas Bienestar/Programacion_Múltiple/input_Horario_popupMomentoEvento_formtablaMomentoEventoHorarioPopupfechaInicialPop_input'

2023-03-09 12:50:20 - [MESSAGE][PASSED] - Text '10/3/2023' is set on object 'Object Repository/2-OBJECTS TAREAS SECUNDARIAS/Pruebas Bienestar/Programacion_Múltiple/input_Horario_popupMomentoEvento_formtablaMomentoEventoHorarioPopupfechaInicialPop_input'

2023-03-09 12:50:20 - [TEST_STEP][PASSED] - waitForElementPresent(findTestObject("2-OBJECTS TAREAS SECUNDARIAS/Pruebas Bienestar/Programacion_Múltiple/input_Horario_popupMomentoEvento_formtablaMomentoEventoHorarioPopuppMEFechaTerminaPopup_input"), 0): Object 'Object Repository/2-OBJECTS TAREAS SECUNDARIAS/Pruebas Bienestar/Programacion_Múltiple/input_Horario_popupMomentoEvento_formtablaMomentoEventoHorarioPopuppMEFechaTerminaPopup_input' is present

2023-03-09 12:50:20 - [MESSAGE][WARNING] - Timeout '0' is invalid. Using default page load timeout: '37'

2023-03-09 12:50:20 - [MESSAGE][PASSED] - Object 'Object Repository/2-OBJECTS TAREAS SECUNDARIAS/Pruebas Bienestar/Programacion_Múltiple/input_Horario_popupMomentoEvento_formtablaMomentoEventoHorarioPopuppMEFechaTerminaPopup_input' is present

2023-03-09 12:50:20 - [TEST_STEP][PASSED] - setText(findTestObject("2-OBJECTS TAREAS SECUNDARIAS/Pruebas Bienestar/Programacion_Múltiple/input_Horario_popupMomentoEvento_formtablaMomentoEventoHorarioPopuppMEFechaTerminaPopup_input"), FechaF0): Text '18/3/2023' is set on object 'Object Repository/2-OBJECTS TAREAS SECUNDARIAS/Pruebas Bienestar/Programacion_Múltiple/input_Horario_popupMomentoEvento_formtablaMomentoEventoHorarioPopuppMEFechaTerminaPopup_input'

2023-03-09 12:50:21 - [MESSAGE][PASSED] - Text '18/3/2023' is set on object 'Object Repository/2-OBJECTS TAREAS SECUNDARIAS/Pruebas Bienestar/Programacion_Múltiple/input_Horario_popupMomentoEvento_formtablaMomentoEventoHorarioPopuppMEFechaTerminaPopup_input'

2023-03-09 12:50:21 - [TEST_STEP][PASSED] - if (waitForElementPresent(findTestObject("2-OBJECTS TAREAS SECUNDARIAS/Pruebas Bienestar/Programacion_Múltiple/div_Formato de fecha no valido"), 1)): Object 'Object Repository/2-OBJECTS TAREAS SECUNDARIAS/Pruebas Bienestar/Programacion_Múltiple/div_Formato de fecha no valido' is not present after 1 second(s)

2023-03-09 12:50:24 - [MESSAGE][INFO] - Unable to find the element located by 'By.xpath: //div[(text() = 'Formato de fecha no valido.' or . = 'Formato de fecha no valido.')]'. Please recheck the objects properties to make sure the desired element is located. 

2023-03-09 12:50:24 - [MESSAGE][WARNING] - Object 'Object Repository/2-OBJECTS TAREAS SECUNDARIAS/Pruebas Bienestar/Programacion_Múltiple/div_Formato de fecha no valido' is not present after 1 second(s)

2023-03-09 12:50:24 - [TEST_STEP][PASSED] - element = findWebElement(findTestObject("2-OBJECTS TAREAS SECUNDARIAS/Pruebas Bienestar/Programacion_Múltiple/a_Horario_popupMomentoEvento_formtablaMomentoEventoHorarioPopupj_idt1579"), 30): null

2023-03-09 12:50:24 - [TEST_STEP][PASSED] - executeJavaScript("arguments[0].click()", Arrays.asList(element)): Execute JavaScript 'arguments[0].click()' successfully

2023-03-09 12:50:24 - [MESSAGE][PASSED] - Execute JavaScript 'arguments[0].click()' successfully

2023-03-09 12:50:24 - [TEST_STEP][PASSED] - sendKeys(findTestObject("2-OBJECTS TAREAS SECUNDARIAS/Pruebas Bienestar/Programacion_Múltiple/input_Horario_popupMomentoEvento_formtablaMomentoEventoHorarioPopuppMEFechaTerminaPopup_input"), Keys.chord(ENTER)): Keys 'ENTER + ' sent to object: 'Object Repository/2-OBJECTS TAREAS SECUNDARIAS/Pruebas Bienestar/Programacion_Múltiple/input_Horario_popupMomentoEvento_formtablaMomentoEventoHorarioPopuppMEFechaTerminaPopup_input'

2023-03-09 12:50:25 - [MESSAGE][PASSED] - Keys 'ENTER + ' sent to object: 'Object Repository/2-OBJECTS TAREAS SECUNDARIAS/Pruebas Bienestar/Programacion_Múltiple/input_Horario_popupMomentoEvento_formtablaMomentoEventoHorarioPopuppMEFechaTerminaPopup_input'

2023-03-09 12:50:25 - [TEST_STEP][PASSED] - waitForElementClickable(findTestObject("2-OBJECTS TAREAS SECUNDARIAS/Pruebas Bienestar/Programacion_Múltiple/label_MAR"), 0): Object 'Object Repository/2-OBJECTS TAREAS SECUNDARIAS/Pruebas Bienestar/Programacion_Múltiple/label_MAR' is clickable

2023-03-09 12:50:25 - [MESSAGE][WARNING] - Timeout '0' is invalid. Using default page load timeout: '37'

2023-03-09 12:50:25 - [MESSAGE][PASSED] - Object 'Object Repository/2-OBJECTS TAREAS SECUNDARIAS/Pruebas Bienestar/Programacion_Múltiple/label_MAR' is clickable

2023-03-09 12:50:25 - [TEST_STEP][PASSED] - check(findTestObject("2-OBJECTS TAREAS SECUNDARIAS/Pruebas Bienestar/Programacion_Múltiple/label_MAR")): Object 'Object Repository/2-OBJECTS TAREAS SECUNDARIAS/Pruebas Bienestar/Programacion_Múltiple/label_MAR' is checked

2023-03-09 12:50:26 - [MESSAGE][PASSED] - Object 'Object Repository/2-OBJECTS TAREAS SECUNDARIAS/Pruebas Bienestar/Programacion_Múltiple/label_MAR' is checked

2023-03-09 12:50:26 - [TEST_STEP][PASSED] - check(findTestObject("2-OBJECTS TAREAS SECUNDARIAS/Pruebas Bienestar/Programacion_Múltiple/label_MIE")): Object 'Object Repository/2-OBJECTS TAREAS SECUNDARIAS/Pruebas Bienestar/Programacion_Múltiple/label_MIE' is checked

2023-03-09 12:50:26 - [MESSAGE][PASSED] - Object 'Object Repository/2-OBJECTS TAREAS SECUNDARIAS/Pruebas Bienestar/Programacion_Múltiple/label_MIE' is checked

2023-03-09 12:50:26 - [TEST_STEP][PASSED] - selectOptionByIndex(findTestObject("2-OBJECTS TAREAS SECUNDARIAS/Pruebas Bienestar/Programacion_Múltiple/select_01"), 5): All options with index in [5] are selected on object 'Object Repository/2-OBJECTS TAREAS SECUNDARIAS/Pruebas Bienestar/Programacion_Múltiple/select_01'

2023-03-09 12:50:27 - [MESSAGE][PASSED] - All options with index in [5] are selected on object 'Object Repository/2-OBJECTS TAREAS SECUNDARIAS/Pruebas Bienestar/Programacion_Múltiple/select_01'

2023-03-09 12:50:27 - [TEST_STEP][PASSED] - selectOptionByIndex(findTestObject("2-OBJECTS TAREAS SECUNDARIAS/Pruebas Bienestar/Programacion_Múltiple/select_02"), 6): All options with index in [6] are selected on object 'Object Repository/2-OBJECTS TAREAS SECUNDARIAS/Pruebas Bienestar/Programacion_Múltiple/select_02'

2023-03-09 12:50:29 - [MESSAGE][PASSED] - All options with index in [6] are selected on object 'Object Repository/2-OBJECTS TAREAS SECUNDARIAS/Pruebas Bienestar/Programacion_Múltiple/select_02'

2023-03-09 12:50:29 - [TEST_STEP][PASSED] - click(findTestObject("2-OBJECTS TAREAS SECUNDARIAS/Pruebas Bienestar/Programacion_Múltiple/a_mas_Horario")): Object: 'Object Repository/2-OBJECTS TAREAS SECUNDARIAS/Pruebas Bienestar/Programacion_Múltiple/a_mas_Horario' is clicked on

2023-03-09 12:50:29 - [MESSAGE][PASSED] - Object: 'Object Repository/2-OBJECTS TAREAS SECUNDARIAS/Pruebas Bienestar/Programacion_Múltiple/a_mas_Horario' is clicked on

2023-03-09 12:50:29 - [TEST_STEP][PASSED] - waitForElementClickable(findTestObject("2-OBJECTS TAREAS SECUNDARIAS/Pruebas Bienestar/Programacion_Múltiple/td_LUN-MAR 0500-0600"), 2): Web element with id: 'Object Repository/2-OBJECTS TAREAS SECUNDARIAS/Pruebas Bienestar/Programacion_Múltiple/td_LUN-MAR 0500-0600' located by '//*/text()[normalize-space(.)='LUN-MAR 05:00-06:00']/parent::*' not found

2023-03-09 12:50:32 - [MESSAGE][INFO] - Unable to find the element located by 'By.xpath: //*/text()[normalize-space(.)='LUN-MAR 05:00-06:00']/parent::*'. Please recheck the objects properties to make sure the desired element is located. 

2023-03-09 12:50:32 - [MESSAGE][WARNING] - Web element with id: 'Object Repository/2-OBJECTS TAREAS SECUNDARIAS/Pruebas Bienestar/Programacion_Múltiple/td_LUN-MAR 0500-0600' located by '//*/text()[normalize-space(.)='LUN-MAR 05:00-06:00']/parent::*' not found

2023-03-09 12:50:32 - [TEST_STEP][PASSED] - click(findTestObject("2-OBJECTS TAREAS SECUNDARIAS/Pruebas Bienestar/Programacion_Múltiple/a_Aplicar")): Object: 'Object Repository/2-OBJECTS TAREAS SECUNDARIAS/Pruebas Bienestar/Programacion_Múltiple/a_Aplicar' is clicked on

2023-03-09 12:50:33 - [MESSAGE][PASSED] - Object: 'Object Repository/2-OBJECTS TAREAS SECUNDARIAS/Pruebas Bienestar/Programacion_Múltiple/a_Aplicar' is clicked on

2023-03-09 12:50:33 - [TEST_STEP][PASSED] - click(findTestObject("2-OBJECTS TAREAS SECUNDARIAS/Pruebas Bienestar/Programacion_Múltiple/a_Icon_mas_principal")): Object: 'Object Repository/2-OBJECTS TAREAS SECUNDARIAS/Pruebas Bienestar/Programacion_Múltiple/a_Icon_mas_principal' is clicked on

2023-03-09 12:50:33 - [MESSAGE][PASSED] - Object: 'Object Repository/2-OBJECTS TAREAS SECUNDARIAS/Pruebas Bienestar/Programacion_Múltiple/a_Icon_mas_principal' is clicked on

2023-03-09 12:50:33 - [TEST_STEP][PASSED] - if (waitForElementVisible(findTestObject("2-OBJECTS TAREAS SECUNDARIAS/Pruebas Bienestar/Programacion_Múltiple/a_Aceptar Eliminar 0"), 1)): Web element with id: 'Object Repository/2-OBJECTS TAREAS SECUNDARIAS/Pruebas Bienestar/Programacion_Múltiple/a_Aceptar Eliminar 0' located by '//*/text()[normalize-space(.)='Aceptar']/parent::*' not found

2023-03-09 12:50:35 - [MESSAGE][INFO] - Unable to find the element located by 'By.xpath: //*/text()[normalize-space(.)='Aceptar']/parent::*'. Please recheck the objects properties to make sure the desired element is located. 

2023-03-09 12:50:35 - [MESSAGE][WARNING] - Web element with id: 'Object Repository/2-OBJECTS TAREAS SECUNDARIAS/Pruebas Bienestar/Programacion_Múltiple/a_Aceptar Eliminar 0' located by '//*/text()[normalize-space(.)='Aceptar']/parent::*' not found

2023-03-09 12:50:35 - [TEST_STEP][PASSED] - click(findTestObject("2-OBJECTS TAREAS SECUNDARIAS/Pruebas Bienestar/Programacion_Múltiple/a_Guardar")): Object: 'Object Repository/2-OBJECTS TAREAS SECUNDARIAS/Pruebas Bienestar/Programacion_Múltiple/a_Guardar' is clicked on

2023-03-09 12:50:36 - [MESSAGE][PASSED] - Object: 'Object Repository/2-OBJECTS TAREAS SECUNDARIAS/Pruebas Bienestar/Programacion_Múltiple/a_Guardar' is clicked on

2023-03-09 12:50:36 - [TEST_STEP][PASSED] - Result = getText(findTestObject("3-OBJECTS UTILIDADES/Alerta/Alerta"), STOP_ON_FAILURE): Text of object 'Object Repository/3-OBJECTS UTILIDADES/Alerta/Alerta' is: 'Se guardo satisfactoriamente.'

2023-03-09 12:50:37 - [MESSAGE][PASSED] - Text of object 'Object Repository/3-OBJECTS UTILIDADES/Alerta/Alerta' is: 'Se guardo satisfactoriamente.'

2023-03-09 12:50:37 - [TEST_STEP][PASSED] - if (Result == "Se guardo satisfactoriamente."): Browser is closed

2023-03-09 12:50:37 - [TEST_STEP][PASSED] - Resultado = "PRUEBAS OK": null

2023-03-09 12:50:37 - [TEST_STEP][PASSED] - closeBrowser(): Browser is closed

2023-03-09 12:50:37 - [MESSAGE][PASSED] - Browser is closed]]></system-out>
         <system-err><![CDATA[]]></system-err>
      </testcase>
      <testcase name="Test Cases/1.2-Tareas_Secundarias/3.1-Pruebas_Bienestar/3.1.8-Calendario" time="20.895" classname="Test Cases/1.2-Tareas_Secundarias/3.1-Pruebas_Bienestar/3.1.8-Calendario" status="PASSED">
         <system-out><![CDATA[2023-03-09 12:50:37 - [TEST_CASE][PASSED] - Test Cases/1.2-Tareas_Secundarias/3.1-Pruebas_Bienestar/3.1.8-Calendario: Test Cases/1.2-Tareas_Secundarias/3.1-Pruebas_Bienestar/3.1.8-Calendario

2023-03-09 12:50:38 - [TEST_STEP][PASSED] - callTestCase(findTestCase("Utilidades-(atajos_para _tareas)/Modulos/Modulo bienestar-eventos"), [:], STOP_ON_FAILURE): Call Test Case 'Test Cases/Utilidades-(atajos_para _tareas)/Modulos/Modulo bienestar-eventos' successfully

2023-03-09 12:50:38 - [TEST_CASE][PASSED] - Test Cases/Utilidades-(atajos_para _tareas)/Modulos/Modulo bienestar-eventos: Test Cases/Utilidades-(atajos_para _tareas)/Modulos/Modulo bienestar-eventos

2023-03-09 12:50:38 - [TEST_STEP][PASSED] - callTestCase(findTestCase("0.1-Login"), [:], STOP_ON_FAILURE): Call Test Case 'Test Cases/0.1-Login' successfully

2023-03-09 12:50:38 - [TEST_CASE][PASSED] - Test Cases/0.1-Login: Test Cases/0.1-Login

2023-03-09 12:50:38 - [TEST_STEP][PASSED] - openBrowser(""): Browser is opened with url: ''

2023-03-09 12:50:38 - [MESSAGE][INFO] - Starting 'Chrome' driver

2023-03-09 12:50:38 - [MESSAGE][INFO] - Action delay is set to 0 milliseconds

2023-03-09 12:50:39 - [MESSAGE][PASSED] - Browser is opened with url: ''

2023-03-09 12:50:39 - [TEST_STEP][PASSED] - maximizeWindow(): Current window maximized

2023-03-09 12:50:39 - [MESSAGE][PASSED] - Current window maximized

2023-03-09 12:50:39 - [TEST_STEP][PASSED] - i = G_Login: null

2023-03-09 12:50:39 - [TEST_STEP][PASSED] - url = new java.net.URL(i): null

2023-03-09 12:50:39 - [TEST_STEP][PASSED] - println("URL: " + url.toString()): null

2023-03-09 12:50:39 - [TEST_STEP][PASSED] - connection = url.openConnection(): null

2023-03-09 12:50:39 - [TEST_STEP][PASSED] - connection.setRequestMethod("GET"): null

2023-03-09 12:50:39 - [TEST_STEP][PASSED] - connection.setReadTimeout(2 * 1000): null

2023-03-09 12:50:39 - [TEST_STEP][PASSED] - try: null

2023-03-09 12:50:39 - [TEST_STEP][PASSED] - connection.connect(): null

2023-03-09 12:50:39 - [TEST_STEP][PASSED] - flag = connected: null

2023-03-09 12:50:39 - [TEST_STEP][PASSED] - println("Valor_ori: " + flag): null

2023-03-09 12:50:39 - [TEST_STEP][PASSED] - if (flag): null

2023-03-09 12:50:39 - [TEST_STEP][PASSED] - navigateToUrl(i): Navigate to 'http://192.168.2.19:7001/saraweb' successfully

2023-03-09 12:50:41 - [MESSAGE][PASSED] - Navigate to 'http://192.168.2.19:7001/saraweb' successfully

2023-03-09 12:50:41 - [TEST_STEP][PASSED] - a(): null

2023-03-09 12:50:41 - [TEST_STEP][PASSED] - if (waitForElementVisible(findTestObject("3-OBJECTS UTILIDADES/Login/input_USUARIO_loginusuario"), 0)): null

2023-03-09 12:50:41 - [MESSAGE][WARNING] - Timeout '0' is invalid. Using default page load timeout: '37'

2023-03-09 12:50:41 - [MESSAGE][PASSED] - Object 'Object Repository/3-OBJECTS UTILIDADES/Login/input_USUARIO_loginusuario' is visible

2023-03-09 12:50:41 - [TEST_STEP][PASSED] - switchToWindowTitle("SARA"): Switched to window with title: 'SARA'

2023-03-09 12:50:42 - [MESSAGE][PASSED] - Switched to window with title: 'SARA'

2023-03-09 12:50:42 - [TEST_STEP][PASSED] - zoom(): null

2023-03-09 12:50:42 - [TEST_STEP][PASSED] - robot = new java.awt.Robot(): null

2023-03-09 12:50:42 - [TEST_STEP][PASSED] - robot.keyPress(VK_CONTROL): null

2023-03-09 12:50:42 - [TEST_STEP][PASSED] - robot.keyPress(VK_SUBTRACT): null

2023-03-09 12:50:42 - [TEST_STEP][PASSED] - robot.keyRelease(VK_CONTROL): null

2023-03-09 12:50:42 - [TEST_STEP][PASSED] - robot.keyRelease(VK_SUBTRACT): null

2023-03-09 12:50:42 - [TEST_STEP][PASSED] - robot.keyPress(VK_CONTROL): null

2023-03-09 12:50:42 - [TEST_STEP][PASSED] - robot.keyPress(VK_SUBTRACT): null

2023-03-09 12:50:42 - [TEST_STEP][PASSED] - robot.keyRelease(VK_CONTROL): null

2023-03-09 12:50:42 - [TEST_STEP][PASSED] - robot.keyRelease(VK_SUBTRACT): null

2023-03-09 12:50:42 - [TEST_STEP][PASSED] - robot.keyPress(VK_CONTROL): null

2023-03-09 12:50:42 - [TEST_STEP][PASSED] - robot.keyPress(VK_SUBTRACT): null

2023-03-09 12:50:42 - [TEST_STEP][PASSED] - robot.keyRelease(VK_CONTROL): null

2023-03-09 12:50:42 - [TEST_STEP][PASSED] - robot.keyRelease(VK_SUBTRACT): null

2023-03-09 12:50:42 - [TEST_STEP][PASSED] - robot.keyRelease(VK_CONTROL): null

2023-03-09 12:50:42 - [TEST_STEP][PASSED] - robot.keyRelease(VK_SUBTRACT): null

2023-03-09 12:50:42 - [TEST_STEP][PASSED] - setText(findTestObject("3-OBJECTS UTILIDADES/Login/input_USUARIO_loginusuario"), G_Usuario): Text 'weblogic' is set on object 'Object Repository/3-OBJECTS UTILIDADES/Login/input_USUARIO_loginusuario'

2023-03-09 12:50:42 - [MESSAGE][PASSED] - Text 'weblogic' is set on object 'Object Repository/3-OBJECTS UTILIDADES/Login/input_USUARIO_loginusuario'

2023-03-09 12:50:42 - [TEST_STEP][PASSED] - setEncryptedText(findTestObject("3-OBJECTS UTILIDADES/Login/input_CLAVE_loginpassword"), "SlAwMcyRKqrwbnzhAs8HhT6NnI7sEyng"): Text ****** has been set on object 'Object Repository/3-OBJECTS UTILIDADES/Login/input_CLAVE_loginpassword'

2023-03-09 12:50:46 - [MESSAGE][PASSED] - Text ****** has been set on object 'Object Repository/3-OBJECTS UTILIDADES/Login/input_CLAVE_loginpassword'

2023-03-09 12:50:46 - [TEST_STEP][PASSED] - while (waitForElementClickable(findTestObject("3-OBJECTS UTILIDADES/Login/a_Ingresar"), 1)): Web element with id: 'Object Repository/3-OBJECTS UTILIDADES/Login/a_Ingresar' located by '//a[contains(text(),'Ingresar')]' not found

2023-03-09 12:50:48 - [MESSAGE][INFO] - Unable to find the element located by 'By.xpath: //a[contains(text(),'Ingresar')]'. Please recheck the objects properties to make sure the desired element is located. 

2023-03-09 12:50:48 - [MESSAGE][WARNING] - Web element with id: 'Object Repository/3-OBJECTS UTILIDADES/Login/a_Ingresar' located by '//a[contains(text(),'Ingresar')]' not found

2023-03-09 12:50:48 - [MESSAGE][PASSED] - Call Test Case 'Test Cases/0.1-Login' successfully

2023-03-09 12:50:48 - [TEST_STEP][PASSED] - waitForElementClickable(findTestObject("3-OBJECTS UTILIDADES/Modulo bienestar-eventos/input_ADMINISTRADOR DEL SISTEMA"), 0): Object 'Object Repository/3-OBJECTS UTILIDADES/Modulo bienestar-eventos/input_ADMINISTRADOR DEL SISTEMA' is clickable

2023-03-09 12:50:48 - [MESSAGE][WARNING] - Timeout '0' is invalid. Using default page load timeout: '37'

2023-03-09 12:50:48 - [MESSAGE][PASSED] - Object 'Object Repository/3-OBJECTS UTILIDADES/Modulo bienestar-eventos/input_ADMINISTRADOR DEL SISTEMA' is clickable

2023-03-09 12:50:48 - [TEST_STEP][PASSED] - setText(findTestObject("3-OBJECTS UTILIDADES/Modulo bienestar-eventos/input_ADMINISTRADOR DEL SISTEMA"), "eventos (bie)"): Text 'eventos (bie)' is set on object 'Object Repository/3-OBJECTS UTILIDADES/Modulo bienestar-eventos/input_ADMINISTRADOR DEL SISTEMA'

2023-03-09 12:50:49 - [MESSAGE][PASSED] - Text 'eventos (bie)' is set on object 'Object Repository/3-OBJECTS UTILIDADES/Modulo bienestar-eventos/input_ADMINISTRADOR DEL SISTEMA'

2023-03-09 12:50:49 - [TEST_STEP][PASSED] - click(findTestObject("3-OBJECTS UTILIDADES/Modulo bienestar-eventos/span_Eventos (bie)")): Object: 'Object Repository/3-OBJECTS UTILIDADES/Modulo bienestar-eventos/span_Eventos (bie)' is clicked on

2023-03-09 12:50:51 - [MESSAGE][PASSED] - Object: 'Object Repository/3-OBJECTS UTILIDADES/Modulo bienestar-eventos/span_Eventos (bie)' is clicked on

2023-03-09 12:50:51 - [MESSAGE][PASSED] - Call Test Case 'Test Cases/Utilidades-(atajos_para _tareas)/Modulos/Modulo bienestar-eventos' successfully

2023-03-09 12:50:51 - [TEST_STEP][PASSED] - click(findTestObject("2-OBJECTS TAREAS SECUNDARIAS/Pruebas Bienestar/Calendario/td_Prueba-S")): Object: 'Object Repository/2-OBJECTS TAREAS SECUNDARIAS/Pruebas Bienestar/Calendario/td_Prueba-S' is clicked on

2023-03-09 12:50:53 - [MESSAGE][PASSED] - Object: 'Object Repository/2-OBJECTS TAREAS SECUNDARIAS/Pruebas Bienestar/Calendario/td_Prueba-S' is clicked on

2023-03-09 12:50:53 - [TEST_STEP][PASSED] - click(findTestObject("2-OBJECTS TAREAS SECUNDARIAS/Pruebas Bienestar/Calendario/a_Momento Eventos")): Object: 'Object Repository/2-OBJECTS TAREAS SECUNDARIAS/Pruebas Bienestar/Calendario/a_Momento Eventos' is clicked on

2023-03-09 12:50:54 - [MESSAGE][PASSED] - Object: 'Object Repository/2-OBJECTS TAREAS SECUNDARIAS/Pruebas Bienestar/Calendario/a_Momento Eventos' is clicked on

2023-03-09 12:50:54 - [TEST_STEP][PASSED] - click(findTestObject("2-OBJECTS TAREAS SECUNDARIAS/Pruebas Bienestar/Calendario/td_prueba")): Object: 'Object Repository/2-OBJECTS TAREAS SECUNDARIAS/Pruebas Bienestar/Calendario/td_prueba' is clicked on

2023-03-09 12:50:55 - [MESSAGE][PASSED] - Object: 'Object Repository/2-OBJECTS TAREAS SECUNDARIAS/Pruebas Bienestar/Calendario/td_prueba' is clicked on

2023-03-09 12:50:55 - [TEST_STEP][PASSED] - if (waitForElementPresent(findTestObject("2-OBJECTS TAREAS SECUNDARIAS/Pruebas Bienestar/Calendario/td_MAR-MIE 0500-0600"), 1)): null

2023-03-09 12:50:56 - [MESSAGE][PASSED] - Object 'Object Repository/2-OBJECTS TAREAS SECUNDARIAS/Pruebas Bienestar/Calendario/td_MAR-MIE 0500-0600' is present

2023-03-09 12:50:56 - [TEST_STEP][PASSED] - click(findTestObject("2-OBJECTS TAREAS SECUNDARIAS/Pruebas Bienestar/Calendario/span_Fecha Inscripcin_ui-icon ui-icon-closethick")): Object: 'Object Repository/2-OBJECTS TAREAS SECUNDARIAS/Pruebas Bienestar/Calendario/span_Fecha Inscripcin_ui-icon ui-icon-closethick' is clicked on

2023-03-09 12:50:56 - [MESSAGE][PASSED] - Object: 'Object Repository/2-OBJECTS TAREAS SECUNDARIAS/Pruebas Bienestar/Calendario/span_Fecha Inscripcin_ui-icon ui-icon-closethick' is clicked on

2023-03-09 12:50:56 - [TEST_STEP][PASSED] - click(findTestObject("2-OBJECTS TAREAS SECUNDARIAS/Pruebas Bienestar/Calendario/a_Calendario")): Object: 'Object Repository/2-OBJECTS TAREAS SECUNDARIAS/Pruebas Bienestar/Calendario/a_Calendario' is clicked on

2023-03-09 12:50:57 - [MESSAGE][PASSED] - Object: 'Object Repository/2-OBJECTS TAREAS SECUNDARIAS/Pruebas Bienestar/Calendario/a_Calendario' is clicked on

2023-03-09 12:50:57 - [TEST_STEP][PASSED] - click(findTestObject("2-OBJECTS TAREAS SECUNDARIAS/Pruebas Bienestar/Calendario/button_Mes")): Object: 'Object Repository/2-OBJECTS TAREAS SECUNDARIAS/Pruebas Bienestar/Calendario/button_Mes' is clicked on

2023-03-09 12:50:58 - [MESSAGE][PASSED] - Object: 'Object Repository/2-OBJECTS TAREAS SECUNDARIAS/Pruebas Bienestar/Calendario/button_Mes' is clicked on

2023-03-09 12:50:58 - [TEST_STEP][PASSED] - scrollToPosition(0, 600): Browser is scrolled to position x = 0, y = 600

2023-03-09 12:50:58 - [MESSAGE][PASSED] - Browser is scrolled to position x = 0, y = 600

2023-03-09 12:50:58 - [TEST_STEP][PASSED] - if (waitForElementVisible(findTestObject("2-OBJECTS TAREAS SECUNDARIAS/Pruebas Bienestar/Calendario/span_Momento Evento Prueba-S"), 1)): null

2023-03-09 12:50:58 - [MESSAGE][PASSED] - Object 'Object Repository/2-OBJECTS TAREAS SECUNDARIAS/Pruebas Bienestar/Calendario/span_Momento Evento Prueba-S' is visible

2023-03-09 12:50:58 - [TEST_STEP][PASSED] - Resultado = "PRUEBA OK": null]]></system-out>
         <system-err><![CDATA[]]></system-err>
      </testcase>
      <testcase name="Test Cases/1.2-Tareas_Secundarias/3.1-Pruebas_Bienestar/3.1.9-Deducción_de_costos_al_plan_inversión" time="35.529" classname="Test Cases/1.2-Tareas_Secundarias/3.1-Pruebas_Bienestar/3.1.9-Deducción_de_costos_al_plan_inversión" status="PASSED">
         <system-out><![CDATA[2023-03-09 12:50:58 - [TEST_CASE][PASSED] - Test Cases/1.2-Tareas_Secundarias/3.1-Pruebas_Bienestar/3.1.9-Deducción_de_costos_al_plan_inversión: Test Cases/1.2-Tareas_Secundarias/3.1-Pruebas_Bienestar/3.1.9-Deducción_de_costos_al_plan_inversión

2023-03-09 12:50:59 - [TEST_STEP][PASSED] - today = new java.util.Date(): null

2023-03-09 12:50:59 - [TEST_STEP][PASSED] - Dia = today.format("dd"): null

2023-03-09 12:50:59 - [TEST_STEP][PASSED] - Mes = today.format("MM"): null

2023-03-09 12:50:59 - [TEST_STEP][PASSED] - MesN = today.format("MM"): null

2023-03-09 12:50:59 - [TEST_STEP][PASSED] - Año = today.format("yyyy"): null

2023-03-09 12:50:59 - [TEST_STEP][PASSED] - AñoN = today.format("yyyy"): null

2023-03-09 12:50:59 - [TEST_STEP][PASSED] - sumaD = Dia + 10: null

2023-03-09 12:50:59 - [TEST_STEP][PASSED] - sumaM = Mes + 1: null

2023-03-09 12:50:59 - [TEST_STEP][PASSED] - sumaA = Año + 1: null

2023-03-09 12:50:59 - [TEST_STEP][PASSED] - if (sumaD > 30): null

2023-03-09 12:50:59 - [TEST_STEP][PASSED] - else: null

2023-03-09 12:50:59 - [TEST_STEP][PASSED] - sumaD: null

2023-03-09 12:50:59 - [TEST_STEP][PASSED] - Mes: null

2023-03-09 12:50:59 - [TEST_STEP][PASSED] - if (sumaM > 12): null

2023-03-09 12:50:59 - [TEST_STEP][PASSED] - Fechaini = Dia + "/" + MesN + "/" + AñoN: null

2023-03-09 12:50:59 - [TEST_STEP][PASSED] - Fechafin = sumaD + "/" + Mes + "/" + Año: null

2023-03-09 12:50:59 - [TEST_STEP][PASSED] - callTestCase(findTestCase("Utilidades-(atajos_para _tareas)/Modulos/Modulo bienestar-eventos"), [:], STOP_ON_FAILURE): Call Test Case 'Test Cases/Utilidades-(atajos_para _tareas)/Modulos/Modulo bienestar-eventos' successfully

2023-03-09 12:50:59 - [TEST_CASE][PASSED] - Test Cases/Utilidades-(atajos_para _tareas)/Modulos/Modulo bienestar-eventos: Test Cases/Utilidades-(atajos_para _tareas)/Modulos/Modulo bienestar-eventos

2023-03-09 12:50:59 - [TEST_STEP][PASSED] - callTestCase(findTestCase("0.1-Login"), [:], STOP_ON_FAILURE): Call Test Case 'Test Cases/0.1-Login' successfully

2023-03-09 12:50:59 - [TEST_CASE][PASSED] - Test Cases/0.1-Login: Test Cases/0.1-Login

2023-03-09 12:50:59 - [TEST_STEP][PASSED] - openBrowser(""): Browser is opened with url: ''

2023-03-09 12:50:59 - [MESSAGE][WARNING] - A browser is already opened. Closing browser and opening a new one

2023-03-09 12:51:00 - [MESSAGE][INFO] - Starting 'Chrome' driver

2023-03-09 12:51:00 - [MESSAGE][INFO] - Action delay is set to 0 milliseconds

2023-03-09 12:51:01 - [MESSAGE][PASSED] - Browser is opened with url: ''

2023-03-09 12:51:01 - [TEST_STEP][PASSED] - maximizeWindow(): Current window maximized

2023-03-09 12:51:01 - [MESSAGE][PASSED] - Current window maximized

2023-03-09 12:51:01 - [TEST_STEP][PASSED] - i = G_Login: null

2023-03-09 12:51:01 - [TEST_STEP][PASSED] - url = new java.net.URL(i): null

2023-03-09 12:51:01 - [TEST_STEP][PASSED] - println("URL: " + url.toString()): null

2023-03-09 12:51:01 - [TEST_STEP][PASSED] - connection = url.openConnection(): null

2023-03-09 12:51:01 - [TEST_STEP][PASSED] - connection.setRequestMethod("GET"): null

2023-03-09 12:51:01 - [TEST_STEP][PASSED] - connection.setReadTimeout(2 * 1000): null

2023-03-09 12:51:01 - [TEST_STEP][PASSED] - try: null

2023-03-09 12:51:01 - [TEST_STEP][PASSED] - connection.connect(): null

2023-03-09 12:51:01 - [TEST_STEP][PASSED] - flag = connected: null

2023-03-09 12:51:01 - [TEST_STEP][PASSED] - println("Valor_ori: " + flag): null

2023-03-09 12:51:01 - [TEST_STEP][PASSED] - if (flag): null

2023-03-09 12:51:01 - [TEST_STEP][PASSED] - navigateToUrl(i): Navigate to 'http://192.168.2.19:7001/saraweb' successfully

2023-03-09 12:51:03 - [MESSAGE][PASSED] - Navigate to 'http://192.168.2.19:7001/saraweb' successfully

2023-03-09 12:51:03 - [TEST_STEP][PASSED] - a(): null

2023-03-09 12:51:03 - [TEST_STEP][PASSED] - if (waitForElementVisible(findTestObject("3-OBJECTS UTILIDADES/Login/input_USUARIO_loginusuario"), 0)): null

2023-03-09 12:51:03 - [MESSAGE][WARNING] - Timeout '0' is invalid. Using default page load timeout: '37'

2023-03-09 12:51:03 - [MESSAGE][PASSED] - Object 'Object Repository/3-OBJECTS UTILIDADES/Login/input_USUARIO_loginusuario' is visible

2023-03-09 12:51:03 - [TEST_STEP][PASSED] - switchToWindowTitle("SARA"): Switched to window with title: 'SARA'

2023-03-09 12:51:03 - [MESSAGE][PASSED] - Switched to window with title: 'SARA'

2023-03-09 12:51:03 - [TEST_STEP][PASSED] - zoom(): null

2023-03-09 12:51:03 - [TEST_STEP][PASSED] - robot = new java.awt.Robot(): null

2023-03-09 12:51:03 - [TEST_STEP][PASSED] - robot.keyPress(VK_CONTROL): null

2023-03-09 12:51:03 - [TEST_STEP][PASSED] - robot.keyPress(VK_SUBTRACT): null

2023-03-09 12:51:03 - [TEST_STEP][PASSED] - robot.keyRelease(VK_CONTROL): null

2023-03-09 12:51:03 - [TEST_STEP][PASSED] - robot.keyRelease(VK_SUBTRACT): null

2023-03-09 12:51:03 - [TEST_STEP][PASSED] - robot.keyPress(VK_CONTROL): null

2023-03-09 12:51:03 - [TEST_STEP][PASSED] - robot.keyPress(VK_SUBTRACT): null

2023-03-09 12:51:03 - [TEST_STEP][PASSED] - robot.keyRelease(VK_CONTROL): null

2023-03-09 12:51:03 - [TEST_STEP][PASSED] - robot.keyRelease(VK_SUBTRACT): null

2023-03-09 12:51:03 - [TEST_STEP][PASSED] - robot.keyPress(VK_CONTROL): null

2023-03-09 12:51:03 - [TEST_STEP][PASSED] - robot.keyPress(VK_SUBTRACT): null

2023-03-09 12:51:03 - [TEST_STEP][PASSED] - robot.keyRelease(VK_CONTROL): null

2023-03-09 12:51:03 - [TEST_STEP][PASSED] - robot.keyRelease(VK_SUBTRACT): null

2023-03-09 12:51:03 - [TEST_STEP][PASSED] - robot.keyRelease(VK_CONTROL): null

2023-03-09 12:51:03 - [TEST_STEP][PASSED] - robot.keyRelease(VK_SUBTRACT): null

2023-03-09 12:51:03 - [TEST_STEP][PASSED] - setText(findTestObject("3-OBJECTS UTILIDADES/Login/input_USUARIO_loginusuario"), G_Usuario): Text 'weblogic' is set on object 'Object Repository/3-OBJECTS UTILIDADES/Login/input_USUARIO_loginusuario'

2023-03-09 12:51:04 - [MESSAGE][PASSED] - Text 'weblogic' is set on object 'Object Repository/3-OBJECTS UTILIDADES/Login/input_USUARIO_loginusuario'

2023-03-09 12:51:04 - [TEST_STEP][PASSED] - setEncryptedText(findTestObject("3-OBJECTS UTILIDADES/Login/input_CLAVE_loginpassword"), "SlAwMcyRKqrwbnzhAs8HhT6NnI7sEyng"): Text ****** has been set on object 'Object Repository/3-OBJECTS UTILIDADES/Login/input_CLAVE_loginpassword'

2023-03-09 12:51:08 - [MESSAGE][PASSED] - Text ****** has been set on object 'Object Repository/3-OBJECTS UTILIDADES/Login/input_CLAVE_loginpassword'

2023-03-09 12:51:08 - [TEST_STEP][PASSED] - while (waitForElementClickable(findTestObject("3-OBJECTS UTILIDADES/Login/a_Ingresar"), 1)): Web element with id: 'Object Repository/3-OBJECTS UTILIDADES/Login/a_Ingresar' located by '//a[contains(text(),'Ingresar')]' not found

2023-03-09 12:51:11 - [MESSAGE][INFO] - Unable to find the element located by 'By.xpath: //a[contains(text(),'Ingresar')]'. Please recheck the objects properties to make sure the desired element is located. 

2023-03-09 12:51:11 - [MESSAGE][WARNING] - Web element with id: 'Object Repository/3-OBJECTS UTILIDADES/Login/a_Ingresar' located by '//a[contains(text(),'Ingresar')]' not found

2023-03-09 12:51:11 - [MESSAGE][PASSED] - Call Test Case 'Test Cases/0.1-Login' successfully

2023-03-09 12:51:11 - [TEST_STEP][PASSED] - waitForElementClickable(findTestObject("3-OBJECTS UTILIDADES/Modulo bienestar-eventos/input_ADMINISTRADOR DEL SISTEMA"), 0): Object 'Object Repository/3-OBJECTS UTILIDADES/Modulo bienestar-eventos/input_ADMINISTRADOR DEL SISTEMA' is clickable

2023-03-09 12:51:11 - [MESSAGE][WARNING] - Timeout '0' is invalid. Using default page load timeout: '37'

2023-03-09 12:51:11 - [MESSAGE][PASSED] - Object 'Object Repository/3-OBJECTS UTILIDADES/Modulo bienestar-eventos/input_ADMINISTRADOR DEL SISTEMA' is clickable

2023-03-09 12:51:11 - [TEST_STEP][PASSED] - setText(findTestObject("3-OBJECTS UTILIDADES/Modulo bienestar-eventos/input_ADMINISTRADOR DEL SISTEMA"), "eventos (bie)"): Text 'eventos (bie)' is set on object 'Object Repository/3-OBJECTS UTILIDADES/Modulo bienestar-eventos/input_ADMINISTRADOR DEL SISTEMA'

2023-03-09 12:51:12 - [MESSAGE][PASSED] - Text 'eventos (bie)' is set on object 'Object Repository/3-OBJECTS UTILIDADES/Modulo bienestar-eventos/input_ADMINISTRADOR DEL SISTEMA'

2023-03-09 12:51:12 - [TEST_STEP][PASSED] - click(findTestObject("3-OBJECTS UTILIDADES/Modulo bienestar-eventos/span_Eventos (bie)")): Object: 'Object Repository/3-OBJECTS UTILIDADES/Modulo bienestar-eventos/span_Eventos (bie)' is clicked on

2023-03-09 12:51:16 - [MESSAGE][PASSED] - Object: 'Object Repository/3-OBJECTS UTILIDADES/Modulo bienestar-eventos/span_Eventos (bie)' is clicked on

2023-03-09 12:51:16 - [MESSAGE][PASSED] - Call Test Case 'Test Cases/Utilidades-(atajos_para _tareas)/Modulos/Modulo bienestar-eventos' successfully

2023-03-09 12:51:16 - [TEST_STEP][PASSED] - scrollToPosition(0, 100): Browser is scrolled to position x = 0, y = 100

2023-03-09 12:51:16 - [MESSAGE][PASSED] - Browser is scrolled to position x = 0, y = 100

2023-03-09 12:51:16 - [TEST_STEP][PASSED] - waitForElementPresent(findTestObject("2-OBJECTS TAREAS SECUNDARIAS/Pruebas Bienestar/Deducción de costos al plan inversión/td_Prueba-S"), 0): Object 'Object Repository/2-OBJECTS TAREAS SECUNDARIAS/Pruebas Bienestar/Deducción de costos al plan inversión/td_Prueba-S' is present

2023-03-09 12:51:16 - [MESSAGE][WARNING] - Timeout '0' is invalid. Using default page load timeout: '37'

2023-03-09 12:51:16 - [MESSAGE][PASSED] - Object 'Object Repository/2-OBJECTS TAREAS SECUNDARIAS/Pruebas Bienestar/Deducción de costos al plan inversión/td_Prueba-S' is present

2023-03-09 12:51:16 - [TEST_STEP][PASSED] - click(findTestObject("2-OBJECTS TAREAS SECUNDARIAS/Pruebas Bienestar/Deducción de costos al plan inversión/td_Prueba-S")): Object: 'Object Repository/2-OBJECTS TAREAS SECUNDARIAS/Pruebas Bienestar/Deducción de costos al plan inversión/td_Prueba-S' is clicked on

2023-03-09 12:51:17 - [MESSAGE][PASSED] - Object: 'Object Repository/2-OBJECTS TAREAS SECUNDARIAS/Pruebas Bienestar/Deducción de costos al plan inversión/td_Prueba-S' is clicked on

2023-03-09 12:51:17 - [TEST_STEP][PASSED] - click(findTestObject("2-OBJECTS TAREAS SECUNDARIAS/Pruebas Bienestar/Deducción de costos al plan inversión/a_CostoEvento")): Object: 'Object Repository/2-OBJECTS TAREAS SECUNDARIAS/Pruebas Bienestar/Deducción de costos al plan inversión/a_CostoEvento' is clicked on

2023-03-09 12:51:18 - [MESSAGE][PASSED] - Object: 'Object Repository/2-OBJECTS TAREAS SECUNDARIAS/Pruebas Bienestar/Deducción de costos al plan inversión/a_CostoEvento' is clicked on

2023-03-09 12:51:18 - [TEST_STEP][PASSED] - if (waitForElementPresent(findTestObject("2-OBJECTS TAREAS SECUNDARIAS/Pruebas Bienestar/Deducción de costos al plan inversión/td_TEST FB"), 1)): Object 'Object Repository/2-OBJECTS TAREAS SECUNDARIAS/Pruebas Bienestar/Deducción de costos al plan inversión/td_TEST FB' is not present after 1 second(s)

2023-03-09 12:51:20 - [MESSAGE][INFO] - Unable to find the element located by 'By.xpath: (.//*[normalize-space(text()) and normalize-space(.)='SALON 1'])[2]/following::td[4]'. Please recheck the objects properties to make sure the desired element is located. 

2023-03-09 12:51:20 - [MESSAGE][WARNING] - Object 'Object Repository/2-OBJECTS TAREAS SECUNDARIAS/Pruebas Bienestar/Deducción de costos al plan inversión/td_TEST FB' is not present after 1 second(s)

2023-03-09 12:51:20 - [TEST_STEP][PASSED] - selectOptionByIndex(findTestObject("2-OBJECTS TAREAS SECUNDARIAS/Pruebas Bienestar/Deducción de costos al plan inversión/select_-- Seleccione --SALON 1SALON 2SALON 3"), 1): All options with index in [1] are selected on object 'Object Repository/2-OBJECTS TAREAS SECUNDARIAS/Pruebas Bienestar/Deducción de costos al plan inversión/select_-- Seleccione --SALON 1SALON 2SALON 3'

2023-03-09 12:51:21 - [MESSAGE][PASSED] - All options with index in [1] are selected on object 'Object Repository/2-OBJECTS TAREAS SECUNDARIAS/Pruebas Bienestar/Deducción de costos al plan inversión/select_-- Seleccione --SALON 1SALON 2SALON 3'

2023-03-09 12:51:21 - [TEST_STEP][PASSED] - setText(findTestObject("2-OBJECTS TAREAS SECUNDARIAS/Pruebas Bienestar/Deducción de costos al plan inversión/input_Plan de Inversin_form_costoEventolistaCostoEventocENumero"), "5"): Text '5' is set on object 'Object Repository/2-OBJECTS TAREAS SECUNDARIAS/Pruebas Bienestar/Deducción de costos al plan inversión/input_Plan de Inversin_form_costoEventolistaCostoEventocENumero'

2023-03-09 12:51:22 - [MESSAGE][PASSED] - Text '5' is set on object 'Object Repository/2-OBJECTS TAREAS SECUNDARIAS/Pruebas Bienestar/Deducción de costos al plan inversión/input_Plan de Inversin_form_costoEventolistaCostoEventocENumero'

2023-03-09 12:51:22 - [TEST_STEP][PASSED] - setText(findTestObject("2-OBJECTS TAREAS SECUNDARIAS/Pruebas Bienestar/Deducción de costos al plan inversión/input_Plan de Inversin_form_costoEventolistaCostoEventocEFechaPago_input"), Fechaini): Text '9/3/2023' is set on object 'Object Repository/2-OBJECTS TAREAS SECUNDARIAS/Pruebas Bienestar/Deducción de costos al plan inversión/input_Plan de Inversin_form_costoEventolistaCostoEventocEFechaPago_input'

2023-03-09 12:51:22 - [MESSAGE][PASSED] - Text '9/3/2023' is set on object 'Object Repository/2-OBJECTS TAREAS SECUNDARIAS/Pruebas Bienestar/Deducción de costos al plan inversión/input_Plan de Inversin_form_costoEventolistaCostoEventocEFechaPago_input'

2023-03-09 12:51:22 - [TEST_STEP][PASSED] - setText(findTestObject("2-OBJECTS TAREAS SECUNDARIAS/Pruebas Bienestar/Deducción de costos al plan inversión/input_Plan de Inversin_form_costoEventolistaCostoEventocEValor"), "99966"): Text '99966' is set on object 'Object Repository/2-OBJECTS TAREAS SECUNDARIAS/Pruebas Bienestar/Deducción de costos al plan inversión/input_Plan de Inversin_form_costoEventolistaCostoEventocEValor'

2023-03-09 12:51:23 - [MESSAGE][PASSED] - Text '99966' is set on object 'Object Repository/2-OBJECTS TAREAS SECUNDARIAS/Pruebas Bienestar/Deducción de costos al plan inversión/input_Plan de Inversin_form_costoEventolistaCostoEventocEValor'

2023-03-09 12:51:23 - [TEST_STEP][PASSED] - selectOptionByIndex(findTestObject("2-OBJECTS TAREAS SECUNDARIAS/Pruebas Bienestar/Deducción de costos al plan inversión/select_-- Seleccione --Plan CapacitacinSUB PLAN EVENTO BIENESTARTEST FBSub Plan Inversin Alimen 7"), "3"): All options with index in [3] are selected on object 'Object Repository/2-OBJECTS TAREAS SECUNDARIAS/Pruebas Bienestar/Deducción de costos al plan inversión/select_-- Seleccione --Plan CapacitacinSUB PLAN EVENTO BIENESTARTEST FBSub Plan Inversin Alimen 7'

2023-03-09 12:51:24 - [MESSAGE][PASSED] - All options with index in [3] are selected on object 'Object Repository/2-OBJECTS TAREAS SECUNDARIAS/Pruebas Bienestar/Deducción de costos al plan inversión/select_-- Seleccione --Plan CapacitacinSUB PLAN EVENTO BIENESTARTEST FBSub Plan Inversin Alimen 7'

2023-03-09 12:51:24 - [TEST_STEP][PASSED] - click(findTestObject("2-OBJECTS TAREAS SECUNDARIAS/Pruebas Bienestar/Deducción de costos al plan inversión/a_Plan de Inversin_form_costoEventolistaCostoEventoj_idt665")): Object: 'Object Repository/2-OBJECTS TAREAS SECUNDARIAS/Pruebas Bienestar/Deducción de costos al plan inversión/a_Plan de Inversin_form_costoEventolistaCostoEventoj_idt665' is clicked on

2023-03-09 12:51:25 - [MESSAGE][PASSED] - Object: 'Object Repository/2-OBJECTS TAREAS SECUNDARIAS/Pruebas Bienestar/Deducción de costos al plan inversión/a_Plan de Inversin_form_costoEventolistaCostoEventoj_idt665' is clicked on

2023-03-09 12:51:25 - [TEST_STEP][PASSED] - setText(findTestObject("2-OBJECTS TAREAS SECUNDARIAS/Pruebas Bienestar/Deducción de costos al plan inversión/input_Evento Bienestar_form_templatej_idt24_input"), "Plan Inversion Bienestar (bie)"): Text 'Plan Inversion Bienestar (bie)' is set on object 'Object Repository/2-OBJECTS TAREAS SECUNDARIAS/Pruebas Bienestar/Deducción de costos al plan inversión/input_Evento Bienestar_form_templatej_idt24_input'

2023-03-09 12:51:26 - [MESSAGE][PASSED] - Text 'Plan Inversion Bienestar (bie)' is set on object 'Object Repository/2-OBJECTS TAREAS SECUNDARIAS/Pruebas Bienestar/Deducción de costos al plan inversión/input_Evento Bienestar_form_templatej_idt24_input'

2023-03-09 12:51:26 - [TEST_STEP][PASSED] - waitForElementVisible(findTestObject("2-OBJECTS TAREAS SECUNDARIAS/Pruebas Bienestar/Deducción de costos al plan inversión/span_Plan Inversion Bienestar (bie)"), 0): Object 'Object Repository/2-OBJECTS TAREAS SECUNDARIAS/Pruebas Bienestar/Deducción de costos al plan inversión/span_Plan Inversion Bienestar (bie)' is visible

2023-03-09 12:51:27 - [MESSAGE][WARNING] - Timeout '0' is invalid. Using default page load timeout: '37'

2023-03-09 12:51:28 - [MESSAGE][PASSED] - Object 'Object Repository/2-OBJECTS TAREAS SECUNDARIAS/Pruebas Bienestar/Deducción de costos al plan inversión/span_Plan Inversion Bienestar (bie)' is visible

2023-03-09 12:51:28 - [TEST_STEP][PASSED] - click(findTestObject("2-OBJECTS TAREAS SECUNDARIAS/Pruebas Bienestar/Deducción de costos al plan inversión/span_Plan Inversion Bienestar (bie)")): Object: 'Object Repository/2-OBJECTS TAREAS SECUNDARIAS/Pruebas Bienestar/Deducción de costos al plan inversión/span_Plan Inversion Bienestar (bie)' is clicked on

2023-03-09 12:51:28 - [MESSAGE][PASSED] - Object: 'Object Repository/2-OBJECTS TAREAS SECUNDARIAS/Pruebas Bienestar/Deducción de costos al plan inversión/span_Plan Inversion Bienestar (bie)' is clicked on

2023-03-09 12:51:28 - [TEST_STEP][PASSED] - click(findTestObject("2-OBJECTS TAREAS SECUNDARIAS/Pruebas Bienestar/Deducción de costos al plan inversión/a_Sub Plan Inversion")): Object: 'Object Repository/2-OBJECTS TAREAS SECUNDARIAS/Pruebas Bienestar/Deducción de costos al plan inversión/a_Sub Plan Inversion' is clicked on

2023-03-09 12:51:31 - [MESSAGE][PASSED] - Object: 'Object Repository/2-OBJECTS TAREAS SECUNDARIAS/Pruebas Bienestar/Deducción de costos al plan inversión/a_Sub Plan Inversion' is clicked on

2023-03-09 12:51:31 - [TEST_STEP][PASSED] - click(findTestObject("2-OBJECTS TAREAS SECUNDARIAS/Pruebas Bienestar/Deducción de costos al plan inversión/a_Abiertos_form_planDeInversionbienestarj_idt119")): Object: 'Object Repository/2-OBJECTS TAREAS SECUNDARIAS/Pruebas Bienestar/Deducción de costos al plan inversión/a_Abiertos_form_planDeInversionbienestarj_idt119' is clicked on

2023-03-09 12:51:32 - [MESSAGE][PASSED] - Object: 'Object Repository/2-OBJECTS TAREAS SECUNDARIAS/Pruebas Bienestar/Deducción de costos al plan inversión/a_Abiertos_form_planDeInversionbienestarj_idt119' is clicked on

2023-03-09 12:51:32 - [TEST_STEP][PASSED] - click(findTestObject("2-OBJECTS TAREAS SECUNDARIAS/Pruebas Bienestar/Deducción de costos al plan inversión/td_99.966,00")): Object: 'Object Repository/2-OBJECTS TAREAS SECUNDARIAS/Pruebas Bienestar/Deducción de costos al plan inversión/td_99.966,00' is clicked on

2023-03-09 12:51:32 - [MESSAGE][PASSED] - Object: 'Object Repository/2-OBJECTS TAREAS SECUNDARIAS/Pruebas Bienestar/Deducción de costos al plan inversión/td_99.966,00' is clicked on

2023-03-09 12:51:32 - [TEST_STEP][PASSED] - if (waitForElementVisible(findTestObject("2-OBJECTS TAREAS SECUNDARIAS/Pruebas Bienestar/Deducción de costos al plan inversión/a_Eliminar"), 1)): null

2023-03-09 12:51:33 - [MESSAGE][PASSED] - Object 'Object Repository/2-OBJECTS TAREAS SECUNDARIAS/Pruebas Bienestar/Deducción de costos al plan inversión/a_Eliminar' is visible

2023-03-09 12:51:33 - [TEST_STEP][PASSED] - closeBrowser(): Browser is closed

2023-03-09 12:51:34 - [MESSAGE][PASSED] - Browser is closed]]></system-out>
         <system-err><![CDATA[]]></system-err>
      </testcase>
      <testcase name="Test Cases/1.2-Tareas_Secundarias/3.1-Pruebas_Bienestar/3.2.1 -inscripción_a_un_evento" time="31.607" classname="Test Cases/1.2-Tareas_Secundarias/3.1-Pruebas_Bienestar/3.2.1 -inscripción_a_un_evento" status="PASSED">
         <system-out><![CDATA[2023-03-09 12:51:34 - [TEST_CASE][PASSED] - Test Cases/1.2-Tareas_Secundarias/3.1-Pruebas_Bienestar/3.2.1 -inscripción_a_un_evento: Test Cases/1.2-Tareas_Secundarias/3.1-Pruebas_Bienestar/3.2.1 -inscripción_a_un_evento

2023-03-09 12:51:34 - [TEST_STEP][PASSED] - callTestCase(findTestCase("Utilidades-(atajos_para _tareas)/Modulos/Modulo bienestar-eventos"), [:], STOP_ON_FAILURE): Call Test Case 'Test Cases/Utilidades-(atajos_para _tareas)/Modulos/Modulo bienestar-eventos' successfully

2023-03-09 12:51:34 - [TEST_CASE][PASSED] - Test Cases/Utilidades-(atajos_para _tareas)/Modulos/Modulo bienestar-eventos: Test Cases/Utilidades-(atajos_para _tareas)/Modulos/Modulo bienestar-eventos

2023-03-09 12:51:34 - [TEST_STEP][PASSED] - callTestCase(findTestCase("0.1-Login"), [:], STOP_ON_FAILURE): Call Test Case 'Test Cases/0.1-Login' successfully

2023-03-09 12:51:34 - [TEST_CASE][PASSED] - Test Cases/0.1-Login: Test Cases/0.1-Login

2023-03-09 12:51:34 - [TEST_STEP][PASSED] - openBrowser(""): Browser is opened with url: ''

2023-03-09 12:51:34 - [MESSAGE][INFO] - Starting 'Chrome' driver

2023-03-09 12:51:34 - [MESSAGE][INFO] - Action delay is set to 0 milliseconds

2023-03-09 12:51:36 - [MESSAGE][PASSED] - Browser is opened with url: ''

2023-03-09 12:51:36 - [TEST_STEP][PASSED] - maximizeWindow(): Current window maximized

2023-03-09 12:51:36 - [MESSAGE][PASSED] - Current window maximized

2023-03-09 12:51:36 - [TEST_STEP][PASSED] - i = G_Login: null

2023-03-09 12:51:36 - [TEST_STEP][PASSED] - url = new java.net.URL(i): null

2023-03-09 12:51:36 - [TEST_STEP][PASSED] - println("URL: " + url.toString()): null

2023-03-09 12:51:36 - [TEST_STEP][PASSED] - connection = url.openConnection(): null

2023-03-09 12:51:36 - [TEST_STEP][PASSED] - connection.setRequestMethod("GET"): null

2023-03-09 12:51:36 - [TEST_STEP][PASSED] - connection.setReadTimeout(2 * 1000): null

2023-03-09 12:51:36 - [TEST_STEP][PASSED] - try: null

2023-03-09 12:51:36 - [TEST_STEP][PASSED] - connection.connect(): null

2023-03-09 12:51:36 - [TEST_STEP][PASSED] - flag = connected: null

2023-03-09 12:51:36 - [TEST_STEP][PASSED] - println("Valor_ori: " + flag): null

2023-03-09 12:51:36 - [TEST_STEP][PASSED] - if (flag): null

2023-03-09 12:51:36 - [TEST_STEP][PASSED] - navigateToUrl(i): Navigate to 'http://192.168.2.19:7001/saraweb' successfully

2023-03-09 12:51:37 - [MESSAGE][PASSED] - Navigate to 'http://192.168.2.19:7001/saraweb' successfully

2023-03-09 12:51:37 - [TEST_STEP][PASSED] - a(): null

2023-03-09 12:51:37 - [TEST_STEP][PASSED] - if (waitForElementVisible(findTestObject("3-OBJECTS UTILIDADES/Login/input_USUARIO_loginusuario"), 0)): null

2023-03-09 12:51:37 - [MESSAGE][WARNING] - Timeout '0' is invalid. Using default page load timeout: '37'

2023-03-09 12:51:38 - [MESSAGE][PASSED] - Object 'Object Repository/3-OBJECTS UTILIDADES/Login/input_USUARIO_loginusuario' is visible

2023-03-09 12:51:38 - [TEST_STEP][PASSED] - switchToWindowTitle("SARA"): Switched to window with title: 'SARA'

2023-03-09 12:51:38 - [MESSAGE][PASSED] - Switched to window with title: 'SARA'

2023-03-09 12:51:38 - [TEST_STEP][PASSED] - zoom(): null

2023-03-09 12:51:38 - [TEST_STEP][PASSED] - robot = new java.awt.Robot(): null

2023-03-09 12:51:38 - [TEST_STEP][PASSED] - robot.keyPress(VK_CONTROL): null

2023-03-09 12:51:38 - [TEST_STEP][PASSED] - robot.keyPress(VK_SUBTRACT): null

2023-03-09 12:51:38 - [TEST_STEP][PASSED] - robot.keyRelease(VK_CONTROL): null

2023-03-09 12:51:38 - [TEST_STEP][PASSED] - robot.keyRelease(VK_SUBTRACT): null

2023-03-09 12:51:38 - [TEST_STEP][PASSED] - robot.keyPress(VK_CONTROL): null

2023-03-09 12:51:38 - [TEST_STEP][PASSED] - robot.keyPress(VK_SUBTRACT): null

2023-03-09 12:51:38 - [TEST_STEP][PASSED] - robot.keyRelease(VK_CONTROL): null

2023-03-09 12:51:38 - [TEST_STEP][PASSED] - robot.keyRelease(VK_SUBTRACT): null

2023-03-09 12:51:38 - [TEST_STEP][PASSED] - robot.keyPress(VK_CONTROL): null

2023-03-09 12:51:38 - [TEST_STEP][PASSED] - robot.keyPress(VK_SUBTRACT): null

2023-03-09 12:51:38 - [TEST_STEP][PASSED] - robot.keyRelease(VK_CONTROL): null

2023-03-09 12:51:38 - [TEST_STEP][PASSED] - robot.keyRelease(VK_SUBTRACT): null

2023-03-09 12:51:38 - [TEST_STEP][PASSED] - robot.keyRelease(VK_CONTROL): null

2023-03-09 12:51:38 - [TEST_STEP][PASSED] - robot.keyRelease(VK_SUBTRACT): null

2023-03-09 12:51:38 - [TEST_STEP][PASSED] - setText(findTestObject("3-OBJECTS UTILIDADES/Login/input_USUARIO_loginusuario"), G_Usuario): Text 'weblogic' is set on object 'Object Repository/3-OBJECTS UTILIDADES/Login/input_USUARIO_loginusuario'

2023-03-09 12:51:38 - [MESSAGE][PASSED] - Text 'weblogic' is set on object 'Object Repository/3-OBJECTS UTILIDADES/Login/input_USUARIO_loginusuario'

2023-03-09 12:51:38 - [TEST_STEP][PASSED] - setEncryptedText(findTestObject("3-OBJECTS UTILIDADES/Login/input_CLAVE_loginpassword"), "SlAwMcyRKqrwbnzhAs8HhT6NnI7sEyng"): Text ****** has been set on object 'Object Repository/3-OBJECTS UTILIDADES/Login/input_CLAVE_loginpassword'

2023-03-09 12:51:42 - [MESSAGE][PASSED] - Text ****** has been set on object 'Object Repository/3-OBJECTS UTILIDADES/Login/input_CLAVE_loginpassword'

2023-03-09 12:51:42 - [TEST_STEP][PASSED] - while (waitForElementClickable(findTestObject("3-OBJECTS UTILIDADES/Login/a_Ingresar"), 1)): Web element with id: 'Object Repository/3-OBJECTS UTILIDADES/Login/a_Ingresar' located by '//a[contains(text(),'Ingresar')]' not found

2023-03-09 12:51:44 - [MESSAGE][INFO] - Unable to find the element located by 'By.xpath: //a[contains(text(),'Ingresar')]'. Please recheck the objects properties to make sure the desired element is located. 

2023-03-09 12:51:44 - [MESSAGE][WARNING] - Web element with id: 'Object Repository/3-OBJECTS UTILIDADES/Login/a_Ingresar' located by '//a[contains(text(),'Ingresar')]' not found

2023-03-09 12:51:44 - [MESSAGE][PASSED] - Call Test Case 'Test Cases/0.1-Login' successfully

2023-03-09 12:51:44 - [TEST_STEP][PASSED] - waitForElementClickable(findTestObject("3-OBJECTS UTILIDADES/Modulo bienestar-eventos/input_ADMINISTRADOR DEL SISTEMA"), 0): Object 'Object Repository/3-OBJECTS UTILIDADES/Modulo bienestar-eventos/input_ADMINISTRADOR DEL SISTEMA' is clickable

2023-03-09 12:51:44 - [MESSAGE][WARNING] - Timeout '0' is invalid. Using default page load timeout: '37'

2023-03-09 12:51:45 - [MESSAGE][PASSED] - Object 'Object Repository/3-OBJECTS UTILIDADES/Modulo bienestar-eventos/input_ADMINISTRADOR DEL SISTEMA' is clickable

2023-03-09 12:51:45 - [TEST_STEP][PASSED] - setText(findTestObject("3-OBJECTS UTILIDADES/Modulo bienestar-eventos/input_ADMINISTRADOR DEL SISTEMA"), "eventos (bie)"): Text 'eventos (bie)' is set on object 'Object Repository/3-OBJECTS UTILIDADES/Modulo bienestar-eventos/input_ADMINISTRADOR DEL SISTEMA'

2023-03-09 12:51:45 - [MESSAGE][PASSED] - Text 'eventos (bie)' is set on object 'Object Repository/3-OBJECTS UTILIDADES/Modulo bienestar-eventos/input_ADMINISTRADOR DEL SISTEMA'

2023-03-09 12:51:45 - [TEST_STEP][PASSED] - click(findTestObject("3-OBJECTS UTILIDADES/Modulo bienestar-eventos/span_Eventos (bie)")): Object: 'Object Repository/3-OBJECTS UTILIDADES/Modulo bienestar-eventos/span_Eventos (bie)' is clicked on

2023-03-09 12:51:47 - [MESSAGE][PASSED] - Object: 'Object Repository/3-OBJECTS UTILIDADES/Modulo bienestar-eventos/span_Eventos (bie)' is clicked on

2023-03-09 12:51:47 - [MESSAGE][PASSED] - Call Test Case 'Test Cases/Utilidades-(atajos_para _tareas)/Modulos/Modulo bienestar-eventos' successfully

2023-03-09 12:51:47 - [TEST_STEP][PASSED] - setText(findTestObject("2-OBJECTS TAREAS SECUNDARIAS/Pruebas Bienestar/Inscripción_a_un_evento/input_No search results are available_form_templatej_idt24_input"), "Inscripcion evento (bie)"): Text 'Inscripcion evento (bie)' is set on object 'Object Repository/2-OBJECTS TAREAS SECUNDARIAS/Pruebas Bienestar/Inscripción_a_un_evento/input_No search results are available_form_templatej_idt24_input'

2023-03-09 12:51:51 - [MESSAGE][PASSED] - Text 'Inscripcion evento (bie)' is set on object 'Object Repository/2-OBJECTS TAREAS SECUNDARIAS/Pruebas Bienestar/Inscripción_a_un_evento/input_No search results are available_form_templatej_idt24_input'

2023-03-09 12:51:51 - [TEST_STEP][PASSED] - click(findTestObject("2-OBJECTS TAREAS SECUNDARIAS/Pruebas Bienestar/Inscripción_a_un_evento/li_Inscripcion Evento (bie)")): Object: 'Object Repository/2-OBJECTS TAREAS SECUNDARIAS/Pruebas Bienestar/Inscripción_a_un_evento/li_Inscripcion Evento (bie)' is clicked on

2023-03-09 12:51:52 - [MESSAGE][PASSED] - Object: 'Object Repository/2-OBJECTS TAREAS SECUNDARIAS/Pruebas Bienestar/Inscripción_a_un_evento/li_Inscripcion Evento (bie)' is clicked on

2023-03-09 12:51:52 - [TEST_STEP][PASSED] - click(findTestObject("2-OBJECTS TAREAS SECUNDARIAS/Pruebas Bienestar/Inscripción_a_un_evento/a_Inscripcin")): Object: 'Object Repository/2-OBJECTS TAREAS SECUNDARIAS/Pruebas Bienestar/Inscripción_a_un_evento/a_Inscripcin' is clicked on

2023-03-09 12:51:54 - [MESSAGE][PASSED] - Object: 'Object Repository/2-OBJECTS TAREAS SECUNDARIAS/Pruebas Bienestar/Inscripción_a_un_evento/a_Inscripcin' is clicked on

2023-03-09 12:51:54 - [TEST_STEP][PASSED] - click(findTestObject("2-OBJECTS TAREAS SECUNDARIAS/Pruebas Bienestar/Inscripción_a_un_evento/a_Nombre_formListadoEventosj_idt185")): Object: 'Object Repository/2-OBJECTS TAREAS SECUNDARIAS/Pruebas Bienestar/Inscripción_a_un_evento/a_Nombre_formListadoEventosj_idt185' is clicked on

2023-03-09 12:51:55 - [MESSAGE][PASSED] - Object: 'Object Repository/2-OBJECTS TAREAS SECUNDARIAS/Pruebas Bienestar/Inscripción_a_un_evento/a_Nombre_formListadoEventosj_idt185' is clicked on

2023-03-09 12:51:55 - [TEST_STEP][PASSED] - click(findTestObject("2-OBJECTS TAREAS SECUNDARIAS/Pruebas Bienestar/Inscripción_a_un_evento/td_")): Object: 'Object Repository/2-OBJECTS TAREAS SECUNDARIAS/Pruebas Bienestar/Inscripción_a_un_evento/td_' is clicked on

2023-03-09 12:51:56 - [MESSAGE][PASSED] - Object: 'Object Repository/2-OBJECTS TAREAS SECUNDARIAS/Pruebas Bienestar/Inscripción_a_un_evento/td_' is clicked on

2023-03-09 12:51:56 - [TEST_STEP][PASSED] - selectOptionByIndex(findTestObject("2-OBJECTS TAREAS SECUNDARIAS/Pruebas Bienestar/Inscripción_a_un_evento/select_-- Seleccione --prueba-S-SH"), 1): All options with index in [1] are selected on object 'Object Repository/2-OBJECTS TAREAS SECUNDARIAS/Pruebas Bienestar/Inscripción_a_un_evento/select_-- Seleccione --prueba-S-SH'

2023-03-09 12:51:58 - [MESSAGE][PASSED] - All options with index in [1] are selected on object 'Object Repository/2-OBJECTS TAREAS SECUNDARIAS/Pruebas Bienestar/Inscripción_a_un_evento/select_-- Seleccione --prueba-S-SH'

2023-03-09 12:51:58 - [TEST_STEP][PASSED] - setText(findTestObject("2-OBJECTS TAREAS SECUNDARIAS/Pruebas Bienestar/Inscripción_a_un_evento/input_Referencia Pago_formListadoEventospIReferencia"), "5"): Text '5' is set on object 'Object Repository/2-OBJECTS TAREAS SECUNDARIAS/Pruebas Bienestar/Inscripción_a_un_evento/input_Referencia Pago_formListadoEventospIReferencia'

2023-03-09 12:51:58 - [MESSAGE][PASSED] - Text '5' is set on object 'Object Repository/2-OBJECTS TAREAS SECUNDARIAS/Pruebas Bienestar/Inscripción_a_un_evento/input_Referencia Pago_formListadoEventospIReferencia'

2023-03-09 12:51:58 - [TEST_STEP][PASSED] - setText(findTestObject("2-OBJECTS TAREAS SECUNDARIAS/Pruebas Bienestar/Inscripción_a_un_evento/input_Valor Persona A Pagar_formListadoEventospIValor"), "100"): Text '100' is set on object 'Object Repository/2-OBJECTS TAREAS SECUNDARIAS/Pruebas Bienestar/Inscripción_a_un_evento/input_Valor Persona A Pagar_formListadoEventospIValor'

2023-03-09 12:51:59 - [MESSAGE][PASSED] - Text '100' is set on object 'Object Repository/2-OBJECTS TAREAS SECUNDARIAS/Pruebas Bienestar/Inscripción_a_un_evento/input_Valor Persona A Pagar_formListadoEventospIValor'

2023-03-09 12:51:59 - [TEST_STEP][PASSED] - setText(findTestObject("2-OBJECTS TAREAS SECUNDARIAS/Pruebas Bienestar/Inscripción_a_un_evento/input_Posicin_formListadoEventospIPosicion"), "5"): Text '5' is set on object 'Object Repository/2-OBJECTS TAREAS SECUNDARIAS/Pruebas Bienestar/Inscripción_a_un_evento/input_Posicin_formListadoEventospIPosicion'

2023-03-09 12:52:00 - [MESSAGE][PASSED] - Text '5' is set on object 'Object Repository/2-OBJECTS TAREAS SECUNDARIAS/Pruebas Bienestar/Inscripción_a_un_evento/input_Posicin_formListadoEventospIPosicion'

2023-03-09 12:52:00 - [TEST_STEP][PASSED] - if (waitForElementVisible(findTestObject("2-OBJECTS TAREAS SECUNDARIAS/Pruebas Bienestar/Inscripción_a_un_evento/select_pariente"), 1)): Web element with id: 'Object Repository/2-OBJECTS TAREAS SECUNDARIAS/Pruebas Bienestar/Inscripción_a_un_evento/select_pariente' located by '/html/body/div[1]/div[3]/div/table/tbody/tr[3]/td/table/tbody/tr/td/div/form[1]/div/div[2]/div[2]/table[1]/tbody/tr[9]/td[2]/select' not found

2023-03-09 12:52:02 - [MESSAGE][INFO] - Unable to find the element located by 'By.xpath: /html/body/div[1]/div[3]/div/table/tbody/tr[3]/td/table/tbody/tr/td/div/form[1]/div/div[2]/div[2]/table[1]/tbody/tr[9]/td[2]/select'. Please recheck the objects properties to make sure the desired element is located. 

2023-03-09 12:52:02 - [MESSAGE][WARNING] - Web element with id: 'Object Repository/2-OBJECTS TAREAS SECUNDARIAS/Pruebas Bienestar/Inscripción_a_un_evento/select_pariente' located by '/html/body/div[1]/div[3]/div/table/tbody/tr[3]/td/table/tbody/tr/td/div/form[1]/div/div[2]/div[2]/table[1]/tbody/tr[9]/td[2]/select' not found

2023-03-09 12:52:02 - [TEST_STEP][PASSED] - waitForElementVisible(findTestObject("2-OBJECTS TAREAS SECUNDARIAS/Pruebas Bienestar/Inscripción_a_un_evento/a_Guardar"), 1): Object 'Object Repository/2-OBJECTS TAREAS SECUNDARIAS/Pruebas Bienestar/Inscripción_a_un_evento/a_Guardar' is visible

2023-03-09 12:52:02 - [MESSAGE][PASSED] - Object 'Object Repository/2-OBJECTS TAREAS SECUNDARIAS/Pruebas Bienestar/Inscripción_a_un_evento/a_Guardar' is visible

2023-03-09 12:52:02 - [TEST_STEP][PASSED] - element = findWebElement(findTestObject("2-OBJECTS TAREAS SECUNDARIAS/Pruebas Bienestar/Inscripción_a_un_evento/a_Guardar"), 30): null

2023-03-09 12:52:03 - [TEST_STEP][PASSED] - executeJavaScript("arguments[0].click()", Arrays.asList(element)): Execute JavaScript 'arguments[0].click()' successfully

2023-03-09 12:52:03 - [MESSAGE][PASSED] - Execute JavaScript 'arguments[0].click()' successfully

2023-03-09 12:52:03 - [TEST_STEP][PASSED] - if (waitForElementVisible(findTestObject("3-OBJECTS UTILIDADES/Alerta/Alerta"), 2)): null

2023-03-09 12:52:04 - [MESSAGE][PASSED] - Object 'Object Repository/3-OBJECTS UTILIDADES/Alerta/Alerta' is visible

2023-03-09 12:52:04 - [TEST_STEP][PASSED] - Result = getText(findTestObject("3-OBJECTS UTILIDADES/Alerta/Alerta")): Text of object 'Object Repository/3-OBJECTS UTILIDADES/Alerta/Alerta' is: 'Se ha registrado en el evento.'

2023-03-09 12:52:05 - [MESSAGE][PASSED] - Text of object 'Object Repository/3-OBJECTS UTILIDADES/Alerta/Alerta' is: 'Se ha registrado en el evento.'

2023-03-09 12:52:05 - [TEST_STEP][PASSED] - if (Result == "Se ha registrado en el evento."): Browser is closed

2023-03-09 12:52:05 - [TEST_STEP][PASSED] - closeBrowser(): Browser is closed

2023-03-09 12:52:05 - [MESSAGE][PASSED] - Browser is closed]]></system-out>
         <system-err><![CDATA[]]></system-err>
      </testcase>
      <testcase name="Test Cases/1.2-Tareas_Secundarias/3.1-Pruebas_Bienestar/3.2.2-Invitación" time="28.607" classname="Test Cases/1.2-Tareas_Secundarias/3.1-Pruebas_Bienestar/3.2.2-Invitación" status="PASSED">
         <system-out><![CDATA[2023-03-09 12:52:06 - [TEST_CASE][PASSED] - Test Cases/1.2-Tareas_Secundarias/3.1-Pruebas_Bienestar/3.2.2-Invitación: Test Cases/1.2-Tareas_Secundarias/3.1-Pruebas_Bienestar/3.2.2-Invitación

2023-03-09 12:52:06 - [TEST_STEP][PASSED] - callTestCase(findTestCase("Utilidades-(atajos_para _tareas)/Modulos/Modulo bienestar-eventos"), [:], STOP_ON_FAILURE): Call Test Case 'Test Cases/Utilidades-(atajos_para _tareas)/Modulos/Modulo bienestar-eventos' successfully

2023-03-09 12:52:06 - [TEST_CASE][PASSED] - Test Cases/Utilidades-(atajos_para _tareas)/Modulos/Modulo bienestar-eventos: Test Cases/Utilidades-(atajos_para _tareas)/Modulos/Modulo bienestar-eventos

2023-03-09 12:52:06 - [TEST_STEP][PASSED] - callTestCase(findTestCase("0.1-Login"), [:], STOP_ON_FAILURE): Call Test Case 'Test Cases/0.1-Login' successfully

2023-03-09 12:52:06 - [TEST_CASE][PASSED] - Test Cases/0.1-Login: Test Cases/0.1-Login

2023-03-09 12:52:06 - [TEST_STEP][PASSED] - openBrowser(""): Browser is opened with url: ''

2023-03-09 12:52:06 - [MESSAGE][INFO] - Starting 'Chrome' driver

2023-03-09 12:52:06 - [MESSAGE][INFO] - Action delay is set to 0 milliseconds

2023-03-09 12:52:07 - [MESSAGE][PASSED] - Browser is opened with url: ''

2023-03-09 12:52:07 - [TEST_STEP][PASSED] - maximizeWindow(): Current window maximized

2023-03-09 12:52:07 - [MESSAGE][PASSED] - Current window maximized

2023-03-09 12:52:07 - [TEST_STEP][PASSED] - i = G_Login: null

2023-03-09 12:52:07 - [TEST_STEP][PASSED] - url = new java.net.URL(i): null

2023-03-09 12:52:07 - [TEST_STEP][PASSED] - println("URL: " + url.toString()): null

2023-03-09 12:52:07 - [TEST_STEP][PASSED] - connection = url.openConnection(): null

2023-03-09 12:52:07 - [TEST_STEP][PASSED] - connection.setRequestMethod("GET"): null

2023-03-09 12:52:07 - [TEST_STEP][PASSED] - connection.setReadTimeout(2 * 1000): null

2023-03-09 12:52:07 - [TEST_STEP][PASSED] - try: null

2023-03-09 12:52:07 - [TEST_STEP][PASSED] - connection.connect(): null

2023-03-09 12:52:07 - [TEST_STEP][PASSED] - flag = connected: null

2023-03-09 12:52:07 - [TEST_STEP][PASSED] - println("Valor_ori: " + flag): null

2023-03-09 12:52:07 - [TEST_STEP][PASSED] - if (flag): null

2023-03-09 12:52:07 - [TEST_STEP][PASSED] - navigateToUrl(i): Navigate to 'http://192.168.2.19:7001/saraweb' successfully

2023-03-09 12:52:09 - [MESSAGE][PASSED] - Navigate to 'http://192.168.2.19:7001/saraweb' successfully

2023-03-09 12:52:09 - [TEST_STEP][PASSED] - a(): null

2023-03-09 12:52:09 - [TEST_STEP][PASSED] - if (waitForElementVisible(findTestObject("3-OBJECTS UTILIDADES/Login/input_USUARIO_loginusuario"), 0)): null

2023-03-09 12:52:09 - [MESSAGE][WARNING] - Timeout '0' is invalid. Using default page load timeout: '37'

2023-03-09 12:52:10 - [MESSAGE][PASSED] - Object 'Object Repository/3-OBJECTS UTILIDADES/Login/input_USUARIO_loginusuario' is visible

2023-03-09 12:52:10 - [TEST_STEP][PASSED] - switchToWindowTitle("SARA"): Switched to window with title: 'SARA'

2023-03-09 12:52:10 - [MESSAGE][PASSED] - Switched to window with title: 'SARA'

2023-03-09 12:52:10 - [TEST_STEP][PASSED] - zoom(): null

2023-03-09 12:52:10 - [TEST_STEP][PASSED] - robot = new java.awt.Robot(): null

2023-03-09 12:52:10 - [TEST_STEP][PASSED] - robot.keyPress(VK_CONTROL): null

2023-03-09 12:52:10 - [TEST_STEP][PASSED] - robot.keyPress(VK_SUBTRACT): null

2023-03-09 12:52:10 - [TEST_STEP][PASSED] - robot.keyRelease(VK_CONTROL): null

2023-03-09 12:52:10 - [TEST_STEP][PASSED] - robot.keyRelease(VK_SUBTRACT): null

2023-03-09 12:52:10 - [TEST_STEP][PASSED] - robot.keyPress(VK_CONTROL): null

2023-03-09 12:52:10 - [TEST_STEP][PASSED] - robot.keyPress(VK_SUBTRACT): null

2023-03-09 12:52:10 - [TEST_STEP][PASSED] - robot.keyRelease(VK_CONTROL): null

2023-03-09 12:52:10 - [TEST_STEP][PASSED] - robot.keyRelease(VK_SUBTRACT): null

2023-03-09 12:52:10 - [TEST_STEP][PASSED] - robot.keyPress(VK_CONTROL): null

2023-03-09 12:52:10 - [TEST_STEP][PASSED] - robot.keyPress(VK_SUBTRACT): null

2023-03-09 12:52:10 - [TEST_STEP][PASSED] - robot.keyRelease(VK_CONTROL): null

2023-03-09 12:52:10 - [TEST_STEP][PASSED] - robot.keyRelease(VK_SUBTRACT): null

2023-03-09 12:52:10 - [TEST_STEP][PASSED] - robot.keyRelease(VK_CONTROL): null

2023-03-09 12:52:10 - [TEST_STEP][PASSED] - robot.keyRelease(VK_SUBTRACT): null

2023-03-09 12:52:10 - [TEST_STEP][PASSED] - setText(findTestObject("3-OBJECTS UTILIDADES/Login/input_USUARIO_loginusuario"), G_Usuario): Text 'weblogic' is set on object 'Object Repository/3-OBJECTS UTILIDADES/Login/input_USUARIO_loginusuario'

2023-03-09 12:52:10 - [MESSAGE][PASSED] - Text 'weblogic' is set on object 'Object Repository/3-OBJECTS UTILIDADES/Login/input_USUARIO_loginusuario'

2023-03-09 12:52:10 - [TEST_STEP][PASSED] - setEncryptedText(findTestObject("3-OBJECTS UTILIDADES/Login/input_CLAVE_loginpassword"), "SlAwMcyRKqrwbnzhAs8HhT6NnI7sEyng"): Text ****** has been set on object 'Object Repository/3-OBJECTS UTILIDADES/Login/input_CLAVE_loginpassword'

2023-03-09 12:52:14 - [MESSAGE][PASSED] - Text ****** has been set on object 'Object Repository/3-OBJECTS UTILIDADES/Login/input_CLAVE_loginpassword'

2023-03-09 12:52:14 - [TEST_STEP][PASSED] - while (waitForElementClickable(findTestObject("3-OBJECTS UTILIDADES/Login/a_Ingresar"), 1)): Web element with id: 'Object Repository/3-OBJECTS UTILIDADES/Login/a_Ingresar' located by '//a[contains(text(),'Ingresar')]' not found

2023-03-09 12:52:16 - [MESSAGE][INFO] - Unable to find the element located by 'By.xpath: //a[contains(text(),'Ingresar')]'. Please recheck the objects properties to make sure the desired element is located. 

2023-03-09 12:52:16 - [MESSAGE][WARNING] - Web element with id: 'Object Repository/3-OBJECTS UTILIDADES/Login/a_Ingresar' located by '//a[contains(text(),'Ingresar')]' not found

2023-03-09 12:52:16 - [MESSAGE][PASSED] - Call Test Case 'Test Cases/0.1-Login' successfully

2023-03-09 12:52:16 - [TEST_STEP][PASSED] - waitForElementClickable(findTestObject("3-OBJECTS UTILIDADES/Modulo bienestar-eventos/input_ADMINISTRADOR DEL SISTEMA"), 0): Object 'Object Repository/3-OBJECTS UTILIDADES/Modulo bienestar-eventos/input_ADMINISTRADOR DEL SISTEMA' is clickable

2023-03-09 12:52:16 - [MESSAGE][WARNING] - Timeout '0' is invalid. Using default page load timeout: '37'

2023-03-09 12:52:16 - [MESSAGE][PASSED] - Object 'Object Repository/3-OBJECTS UTILIDADES/Modulo bienestar-eventos/input_ADMINISTRADOR DEL SISTEMA' is clickable

2023-03-09 12:52:16 - [TEST_STEP][PASSED] - setText(findTestObject("3-OBJECTS UTILIDADES/Modulo bienestar-eventos/input_ADMINISTRADOR DEL SISTEMA"), "eventos (bie)"): Text 'eventos (bie)' is set on object 'Object Repository/3-OBJECTS UTILIDADES/Modulo bienestar-eventos/input_ADMINISTRADOR DEL SISTEMA'

2023-03-09 12:52:17 - [MESSAGE][PASSED] - Text 'eventos (bie)' is set on object 'Object Repository/3-OBJECTS UTILIDADES/Modulo bienestar-eventos/input_ADMINISTRADOR DEL SISTEMA'

2023-03-09 12:52:17 - [TEST_STEP][PASSED] - click(findTestObject("3-OBJECTS UTILIDADES/Modulo bienestar-eventos/span_Eventos (bie)")): Object: 'Object Repository/3-OBJECTS UTILIDADES/Modulo bienestar-eventos/span_Eventos (bie)' is clicked on

2023-03-09 12:52:18 - [MESSAGE][PASSED] - Object: 'Object Repository/3-OBJECTS UTILIDADES/Modulo bienestar-eventos/span_Eventos (bie)' is clicked on

2023-03-09 12:52:18 - [MESSAGE][PASSED] - Call Test Case 'Test Cases/Utilidades-(atajos_para _tareas)/Modulos/Modulo bienestar-eventos' successfully

2023-03-09 12:52:18 - [TEST_STEP][PASSED] - waitForElementClickable(findTestObject("2-OBJECTS TAREAS SECUNDARIAS/Pruebas Bienestar/Invitación/td_Prueba-S-SH"), 0): Object 'Object Repository/2-OBJECTS TAREAS SECUNDARIAS/Pruebas Bienestar/Invitación/td_Prueba-S-SH' is clickable

2023-03-09 12:52:19 - [MESSAGE][WARNING] - Timeout '0' is invalid. Using default page load timeout: '37'

2023-03-09 12:52:22 - [MESSAGE][PASSED] - Object 'Object Repository/2-OBJECTS TAREAS SECUNDARIAS/Pruebas Bienestar/Invitación/td_Prueba-S-SH' is clickable

2023-03-09 12:52:22 - [TEST_STEP][PASSED] - click(findTestObject("2-OBJECTS TAREAS SECUNDARIAS/Pruebas Bienestar/Invitación/td_Prueba-S-SH")): Object: 'Object Repository/2-OBJECTS TAREAS SECUNDARIAS/Pruebas Bienestar/Invitación/td_Prueba-S-SH' is clicked on

2023-03-09 12:52:22 - [MESSAGE][PASSED] - Object: 'Object Repository/2-OBJECTS TAREAS SECUNDARIAS/Pruebas Bienestar/Invitación/td_Prueba-S-SH' is clicked on

2023-03-09 12:52:22 - [TEST_STEP][PASSED] - click(findTestObject("2-OBJECTS TAREAS SECUNDARIAS/Pruebas Bienestar/Invitación/div_Participante")): Object: 'Object Repository/2-OBJECTS TAREAS SECUNDARIAS/Pruebas Bienestar/Invitación/div_Participante' is clicked on

2023-03-09 12:52:23 - [MESSAGE][PASSED] - Object: 'Object Repository/2-OBJECTS TAREAS SECUNDARIAS/Pruebas Bienestar/Invitación/div_Participante' is clicked on

2023-03-09 12:52:23 - [TEST_STEP][PASSED] - click(findTestObject("2-OBJECTS TAREAS SECUNDARIAS/Pruebas Bienestar/Invitación/a_Invitacin")): Object: 'Object Repository/2-OBJECTS TAREAS SECUNDARIAS/Pruebas Bienestar/Invitación/a_Invitacin' is clicked on

2023-03-09 12:52:24 - [MESSAGE][PASSED] - Object: 'Object Repository/2-OBJECTS TAREAS SECUNDARIAS/Pruebas Bienestar/Invitación/a_Invitacin' is clicked on

2023-03-09 12:52:24 - [TEST_STEP][PASSED] - selectOptionByIndex(findTestObject("2-OBJECTS TAREAS SECUNDARIAS/Pruebas Bienestar/Invitación/select_SeleccioneCALIDADMENSUAL ABCMODELO EMPRESA QUINCENALPANSIONADOSPENSIONADOS BASEPRUEBAS"), "1"): All options with index in [1] are selected on object 'Object Repository/2-OBJECTS TAREAS SECUNDARIAS/Pruebas Bienestar/Invitación/select_SeleccioneCALIDADMENSUAL ABCMODELO EMPRESA QUINCENALPANSIONADOSPENSIONADOS BASEPRUEBAS'

2023-03-09 12:52:25 - [MESSAGE][PASSED] - All options with index in [1] are selected on object 'Object Repository/2-OBJECTS TAREAS SECUNDARIAS/Pruebas Bienestar/Invitación/select_SeleccioneCALIDADMENSUAL ABCMODELO EMPRESA QUINCENALPANSIONADOSPENSIONADOS BASEPRUEBAS'

2023-03-09 12:52:25 - [TEST_STEP][PASSED] - click(findTestObject("2-OBJECTS TAREAS SECUNDARIAS/Pruebas Bienestar/Invitación/a_Unidad_invitacionEventosPopupFormj_idt1309")): Object: 'Object Repository/2-OBJECTS TAREAS SECUNDARIAS/Pruebas Bienestar/Invitación/a_Unidad_invitacionEventosPopupFormj_idt1309' is clicked on

2023-03-09 12:52:26 - [MESSAGE][PASSED] - Object: 'Object Repository/2-OBJECTS TAREAS SECUNDARIAS/Pruebas Bienestar/Invitación/a_Unidad_invitacionEventosPopupFormj_idt1309' is clicked on

2023-03-09 12:52:26 - [TEST_STEP][PASSED] - click(findTestObject("2-OBJECTS TAREAS SECUNDARIAS/Pruebas Bienestar/Invitación/a_Filtrar")): Object: 'Object Repository/2-OBJECTS TAREAS SECUNDARIAS/Pruebas Bienestar/Invitación/a_Filtrar' is clicked on

2023-03-09 12:52:27 - [MESSAGE][PASSED] - Object: 'Object Repository/2-OBJECTS TAREAS SECUNDARIAS/Pruebas Bienestar/Invitación/a_Filtrar' is clicked on

2023-03-09 12:52:27 - [TEST_STEP][PASSED] - check(findTestObject("2-OBJECTS TAREAS SECUNDARIAS/Pruebas Bienestar/Invitación/div_Cargo_ui-chkbox-box ui-widget ui-corner-all ui-state-default ui-state-hover")): Object 'Object Repository/2-OBJECTS TAREAS SECUNDARIAS/Pruebas Bienestar/Invitación/div_Cargo_ui-chkbox-box ui-widget ui-corner-all ui-state-default ui-state-hover' is checked

2023-03-09 12:52:27 - [MESSAGE][PASSED] - Object 'Object Repository/2-OBJECTS TAREAS SECUNDARIAS/Pruebas Bienestar/Invitación/div_Cargo_ui-chkbox-box ui-widget ui-corner-all ui-state-default ui-state-hover' is checked

2023-03-09 12:52:27 - [TEST_STEP][PASSED] - element = findWebElement(findTestObject("2-OBJECTS TAREAS SECUNDARIAS/Pruebas Bienestar/Invitación/a_Invitacin_boton"), 30): null

2023-03-09 12:52:28 - [TEST_STEP][PASSED] - executeJavaScript("arguments[0].click()", Arrays.asList(element)): Execute JavaScript 'arguments[0].click()' successfully

2023-03-09 12:52:28 - [MESSAGE][PASSED] - Execute JavaScript 'arguments[0].click()' successfully

2023-03-09 12:52:28 - [TEST_STEP][PASSED] - click(findTestObject("2-OBJECTS TAREAS SECUNDARIAS/Pruebas Bienestar/Invitación/a_Invitacin")): Object: 'Object Repository/2-OBJECTS TAREAS SECUNDARIAS/Pruebas Bienestar/Invitación/a_Invitacin' is clicked on

2023-03-09 12:52:29 - [MESSAGE][PASSED] - Object: 'Object Repository/2-OBJECTS TAREAS SECUNDARIAS/Pruebas Bienestar/Invitación/a_Invitacin' is clicked on

2023-03-09 12:52:29 - [TEST_STEP][PASSED] - selectOptionByIndex(findTestObject("2-OBJECTS TAREAS SECUNDARIAS/Pruebas Bienestar/Invitación/select_SeleccioneCALIDADMENSUAL ABCMODELO EMPRESA QUINCENALPANSIONADOSPENSIONADOS BASEPRUEBAS"), "1"): All options with index in [1] are selected on object 'Object Repository/2-OBJECTS TAREAS SECUNDARIAS/Pruebas Bienestar/Invitación/select_SeleccioneCALIDADMENSUAL ABCMODELO EMPRESA QUINCENALPANSIONADOSPENSIONADOS BASEPRUEBAS'

2023-03-09 12:52:30 - [MESSAGE][PASSED] - All options with index in [1] are selected on object 'Object Repository/2-OBJECTS TAREAS SECUNDARIAS/Pruebas Bienestar/Invitación/select_SeleccioneCALIDADMENSUAL ABCMODELO EMPRESA QUINCENALPANSIONADOSPENSIONADOS BASEPRUEBAS'

2023-03-09 12:52:30 - [TEST_STEP][PASSED] - click(findTestObject("2-OBJECTS TAREAS SECUNDARIAS/Pruebas Bienestar/Invitación/a_Filtrar")): Object: 'Object Repository/2-OBJECTS TAREAS SECUNDARIAS/Pruebas Bienestar/Invitación/a_Filtrar' is clicked on

2023-03-09 12:52:30 - [MESSAGE][PASSED] - Object: 'Object Repository/2-OBJECTS TAREAS SECUNDARIAS/Pruebas Bienestar/Invitación/a_Filtrar' is clicked on

2023-03-09 12:52:30 - [TEST_STEP][PASSED] - click(findTestObject("2-OBJECTS TAREAS SECUNDARIAS/Pruebas Bienestar/Invitación/span_ui-button")): Object: 'Object Repository/2-OBJECTS TAREAS SECUNDARIAS/Pruebas Bienestar/Invitación/span_ui-button' is clicked on

2023-03-09 12:52:31 - [MESSAGE][PASSED] - Object: 'Object Repository/2-OBJECTS TAREAS SECUNDARIAS/Pruebas Bienestar/Invitación/span_ui-button' is clicked on

2023-03-09 12:52:31 - [TEST_STEP][PASSED] - element2 = findWebElement(findTestObject("2-OBJECTS TAREAS SECUNDARIAS/Pruebas Bienestar/Invitación/span_ui-button"), 30): null

2023-03-09 12:52:32 - [TEST_STEP][PASSED] - executeJavaScript("arguments[0].click()", Arrays.asList(element2)): Execute JavaScript 'arguments[0].click()' successfully

2023-03-09 12:52:32 - [MESSAGE][PASSED] - Execute JavaScript 'arguments[0].click()' successfully

2023-03-09 12:52:32 - [TEST_STEP][PASSED] - click(findTestObject("2-OBJECTS TAREAS SECUNDARIAS/Pruebas Bienestar/Invitación/span_Todo")): Object: 'Object Repository/2-OBJECTS TAREAS SECUNDARIAS/Pruebas Bienestar/Invitación/span_Todo' is clicked on

2023-03-09 12:52:32 - [MESSAGE][PASSED] - Object: 'Object Repository/2-OBJECTS TAREAS SECUNDARIAS/Pruebas Bienestar/Invitación/span_Todo' is clicked on

2023-03-09 12:52:32 - [TEST_STEP][PASSED] - element1 = findWebElement(findTestObject("2-OBJECTS TAREAS SECUNDARIAS/Pruebas Bienestar/Invitación/a_Invitacin_boton"), 30): null

2023-03-09 12:52:33 - [TEST_STEP][PASSED] - executeJavaScript("arguments[0].click()", Arrays.asList(element1)): Execute JavaScript 'arguments[0].click()' successfully

2023-03-09 12:52:33 - [MESSAGE][PASSED] - Execute JavaScript 'arguments[0].click()' successfully

2023-03-09 12:52:33 - [TEST_STEP][PASSED] - Result = getText(findTestObject("3-OBJECTS UTILIDADES/Alerta/Alerta")): Text of object 'Object Repository/3-OBJECTS UTILIDADES/Alerta/Alerta' is: 'Se enviarán los correos de notificación a los empleados seleccionados.'

2023-03-09 12:52:33 - [MESSAGE][PASSED] - Text of object 'Object Repository/3-OBJECTS UTILIDADES/Alerta/Alerta' is: 'Se enviarán los correos de notificación a los empleados seleccionados.'

2023-03-09 12:52:33 - [TEST_STEP][PASSED] - if (Result == "Se enviarán los correos de notificación a los empleados seleccionados."): Browser is closed

2023-03-09 12:52:33 - [TEST_STEP][PASSED] - Resultado = "PRUEBA OK": null

2023-03-09 12:52:33 - [TEST_STEP][PASSED] - closeBrowser(): Browser is closed

2023-03-09 12:52:34 - [MESSAGE][PASSED] - Browser is closed]]></system-out>
         <system-err><![CDATA[]]></system-err>
      </testcase>
      <testcase name="Test Cases/1.2-Tareas_Secundarias/3.1-Pruebas_Bienestar/3.2.3-Inscripción_masiva" time="43.656" classname="Test Cases/1.2-Tareas_Secundarias/3.1-Pruebas_Bienestar/3.2.3-Inscripción_masiva" status="PASSED">
         <system-out><![CDATA[2023-03-09 12:52:34 - [TEST_CASE][PASSED] - Test Cases/1.2-Tareas_Secundarias/3.1-Pruebas_Bienestar/3.2.3-Inscripción_masiva: Test Cases/1.2-Tareas_Secundarias/3.1-Pruebas_Bienestar/3.2.3-Inscripción_masiva

2023-03-09 12:52:35 - [TEST_STEP][PASSED] - comment("FALLA POR CUPOS LLENOS"): FALLA POR CUPOS LLENOS

2023-03-09 12:52:35 - [MESSAGE][INFO] - FALLA POR CUPOS LLENOS

2023-03-09 12:52:35 - [TEST_STEP][PASSED] - callTestCase(findTestCase("Utilidades-(atajos_para _tareas)/Modulos/Modulo bienestar-eventos"), [:], STOP_ON_FAILURE): Call Test Case 'Test Cases/Utilidades-(atajos_para _tareas)/Modulos/Modulo bienestar-eventos' successfully

2023-03-09 12:52:35 - [TEST_CASE][PASSED] - Test Cases/Utilidades-(atajos_para _tareas)/Modulos/Modulo bienestar-eventos: Test Cases/Utilidades-(atajos_para _tareas)/Modulos/Modulo bienestar-eventos

2023-03-09 12:52:35 - [TEST_STEP][PASSED] - callTestCase(findTestCase("0.1-Login"), [:], STOP_ON_FAILURE): Call Test Case 'Test Cases/0.1-Login' successfully

2023-03-09 12:52:35 - [TEST_CASE][PASSED] - Test Cases/0.1-Login: Test Cases/0.1-Login

2023-03-09 12:52:35 - [TEST_STEP][PASSED] - openBrowser(""): Browser is opened with url: ''

2023-03-09 12:52:35 - [MESSAGE][INFO] - Starting 'Chrome' driver

2023-03-09 12:52:35 - [MESSAGE][INFO] - Action delay is set to 0 milliseconds

2023-03-09 12:52:36 - [MESSAGE][PASSED] - Browser is opened with url: ''

2023-03-09 12:52:36 - [TEST_STEP][PASSED] - maximizeWindow(): Current window maximized

2023-03-09 12:52:36 - [MESSAGE][PASSED] - Current window maximized

2023-03-09 12:52:36 - [TEST_STEP][PASSED] - i = G_Login: null

2023-03-09 12:52:36 - [TEST_STEP][PASSED] - url = new java.net.URL(i): null

2023-03-09 12:52:36 - [TEST_STEP][PASSED] - println("URL: " + url.toString()): null

2023-03-09 12:52:36 - [TEST_STEP][PASSED] - connection = url.openConnection(): null

2023-03-09 12:52:36 - [TEST_STEP][PASSED] - connection.setRequestMethod("GET"): null

2023-03-09 12:52:36 - [TEST_STEP][PASSED] - connection.setReadTimeout(2 * 1000): null

2023-03-09 12:52:36 - [TEST_STEP][PASSED] - try: null

2023-03-09 12:52:36 - [TEST_STEP][PASSED] - connection.connect(): null

2023-03-09 12:52:36 - [TEST_STEP][PASSED] - flag = connected: null

2023-03-09 12:52:36 - [TEST_STEP][PASSED] - println("Valor_ori: " + flag): null

2023-03-09 12:52:36 - [TEST_STEP][PASSED] - if (flag): null

2023-03-09 12:52:36 - [TEST_STEP][PASSED] - navigateToUrl(i): Navigate to 'http://192.168.2.19:7001/saraweb' successfully

2023-03-09 12:52:38 - [MESSAGE][PASSED] - Navigate to 'http://192.168.2.19:7001/saraweb' successfully

2023-03-09 12:52:38 - [TEST_STEP][PASSED] - a(): null

2023-03-09 12:52:38 - [TEST_STEP][PASSED] - if (waitForElementVisible(findTestObject("3-OBJECTS UTILIDADES/Login/input_USUARIO_loginusuario"), 0)): null

2023-03-09 12:52:38 - [MESSAGE][WARNING] - Timeout '0' is invalid. Using default page load timeout: '37'

2023-03-09 12:52:39 - [MESSAGE][PASSED] - Object 'Object Repository/3-OBJECTS UTILIDADES/Login/input_USUARIO_loginusuario' is visible

2023-03-09 12:52:39 - [TEST_STEP][PASSED] - switchToWindowTitle("SARA"): Switched to window with title: 'SARA'

2023-03-09 12:52:39 - [MESSAGE][PASSED] - Switched to window with title: 'SARA'

2023-03-09 12:52:39 - [TEST_STEP][PASSED] - zoom(): null

2023-03-09 12:52:39 - [TEST_STEP][PASSED] - robot = new java.awt.Robot(): null

2023-03-09 12:52:39 - [TEST_STEP][PASSED] - robot.keyPress(VK_CONTROL): null

2023-03-09 12:52:39 - [TEST_STEP][PASSED] - robot.keyPress(VK_SUBTRACT): null

2023-03-09 12:52:39 - [TEST_STEP][PASSED] - robot.keyRelease(VK_CONTROL): null

2023-03-09 12:52:39 - [TEST_STEP][PASSED] - robot.keyRelease(VK_SUBTRACT): null

2023-03-09 12:52:39 - [TEST_STEP][PASSED] - robot.keyPress(VK_CONTROL): null

2023-03-09 12:52:39 - [TEST_STEP][PASSED] - robot.keyPress(VK_SUBTRACT): null

2023-03-09 12:52:39 - [TEST_STEP][PASSED] - robot.keyRelease(VK_CONTROL): null

2023-03-09 12:52:39 - [TEST_STEP][PASSED] - robot.keyRelease(VK_SUBTRACT): null

2023-03-09 12:52:39 - [TEST_STEP][PASSED] - robot.keyPress(VK_CONTROL): null

2023-03-09 12:52:39 - [TEST_STEP][PASSED] - robot.keyPress(VK_SUBTRACT): null

2023-03-09 12:52:39 - [TEST_STEP][PASSED] - robot.keyRelease(VK_CONTROL): null

2023-03-09 12:52:39 - [TEST_STEP][PASSED] - robot.keyRelease(VK_SUBTRACT): null

2023-03-09 12:52:39 - [TEST_STEP][PASSED] - robot.keyRelease(VK_CONTROL): null

2023-03-09 12:52:39 - [TEST_STEP][PASSED] - robot.keyRelease(VK_SUBTRACT): null

2023-03-09 12:52:39 - [TEST_STEP][PASSED] - setText(findTestObject("3-OBJECTS UTILIDADES/Login/input_USUARIO_loginusuario"), G_Usuario): Text 'weblogic' is set on object 'Object Repository/3-OBJECTS UTILIDADES/Login/input_USUARIO_loginusuario'

2023-03-09 12:52:39 - [MESSAGE][PASSED] - Text 'weblogic' is set on object 'Object Repository/3-OBJECTS UTILIDADES/Login/input_USUARIO_loginusuario'

2023-03-09 12:52:39 - [TEST_STEP][PASSED] - setEncryptedText(findTestObject("3-OBJECTS UTILIDADES/Login/input_CLAVE_loginpassword"), "SlAwMcyRKqrwbnzhAs8HhT6NnI7sEyng"): Text ****** has been set on object 'Object Repository/3-OBJECTS UTILIDADES/Login/input_CLAVE_loginpassword'

2023-03-09 12:52:43 - [MESSAGE][PASSED] - Text ****** has been set on object 'Object Repository/3-OBJECTS UTILIDADES/Login/input_CLAVE_loginpassword'

2023-03-09 12:52:43 - [TEST_STEP][PASSED] - while (waitForElementClickable(findTestObject("3-OBJECTS UTILIDADES/Login/a_Ingresar"), 1)): Web element with id: 'Object Repository/3-OBJECTS UTILIDADES/Login/a_Ingresar' located by '//a[contains(text(),'Ingresar')]' not found

2023-03-09 12:52:45 - [MESSAGE][INFO] - Unable to find the element located by 'By.xpath: //a[contains(text(),'Ingresar')]'. Please recheck the objects properties to make sure the desired element is located. 

2023-03-09 12:52:45 - [MESSAGE][WARNING] - Web element with id: 'Object Repository/3-OBJECTS UTILIDADES/Login/a_Ingresar' located by '//a[contains(text(),'Ingresar')]' not found

2023-03-09 12:52:45 - [MESSAGE][PASSED] - Call Test Case 'Test Cases/0.1-Login' successfully

2023-03-09 12:52:45 - [TEST_STEP][PASSED] - waitForElementClickable(findTestObject("3-OBJECTS UTILIDADES/Modulo bienestar-eventos/input_ADMINISTRADOR DEL SISTEMA"), 0): Object 'Object Repository/3-OBJECTS UTILIDADES/Modulo bienestar-eventos/input_ADMINISTRADOR DEL SISTEMA' is clickable

2023-03-09 12:52:45 - [MESSAGE][WARNING] - Timeout '0' is invalid. Using default page load timeout: '37'

2023-03-09 12:52:46 - [MESSAGE][PASSED] - Object 'Object Repository/3-OBJECTS UTILIDADES/Modulo bienestar-eventos/input_ADMINISTRADOR DEL SISTEMA' is clickable

2023-03-09 12:52:46 - [TEST_STEP][PASSED] - setText(findTestObject("3-OBJECTS UTILIDADES/Modulo bienestar-eventos/input_ADMINISTRADOR DEL SISTEMA"), "eventos (bie)"): Text 'eventos (bie)' is set on object 'Object Repository/3-OBJECTS UTILIDADES/Modulo bienestar-eventos/input_ADMINISTRADOR DEL SISTEMA'

2023-03-09 12:52:46 - [MESSAGE][PASSED] - Text 'eventos (bie)' is set on object 'Object Repository/3-OBJECTS UTILIDADES/Modulo bienestar-eventos/input_ADMINISTRADOR DEL SISTEMA'

2023-03-09 12:52:46 - [TEST_STEP][PASSED] - click(findTestObject("3-OBJECTS UTILIDADES/Modulo bienestar-eventos/span_Eventos (bie)")): Object: 'Object Repository/3-OBJECTS UTILIDADES/Modulo bienestar-eventos/span_Eventos (bie)' is clicked on

2023-03-09 12:52:48 - [MESSAGE][PASSED] - Object: 'Object Repository/3-OBJECTS UTILIDADES/Modulo bienestar-eventos/span_Eventos (bie)' is clicked on

2023-03-09 12:52:48 - [MESSAGE][PASSED] - Call Test Case 'Test Cases/Utilidades-(atajos_para _tareas)/Modulos/Modulo bienestar-eventos' successfully

2023-03-09 12:52:48 - [TEST_STEP][PASSED] - waitForElementClickable(findTestObject("2-OBJECTS TAREAS SECUNDARIAS/Pruebas Bienestar/Inscripción masiva/td_Prueba-S-SH"), 0): Object 'Object Repository/2-OBJECTS TAREAS SECUNDARIAS/Pruebas Bienestar/Inscripción masiva/td_Prueba-S-SH' is clickable

2023-03-09 12:52:48 - [MESSAGE][WARNING] - Timeout '0' is invalid. Using default page load timeout: '37'

2023-03-09 12:52:51 - [MESSAGE][PASSED] - Object 'Object Repository/2-OBJECTS TAREAS SECUNDARIAS/Pruebas Bienestar/Inscripción masiva/td_Prueba-S-SH' is clickable

2023-03-09 12:52:51 - [TEST_STEP][PASSED] - click(findTestObject("2-OBJECTS TAREAS SECUNDARIAS/Pruebas Bienestar/Inscripción masiva/td_Prueba-S-SH")): Object: 'Object Repository/2-OBJECTS TAREAS SECUNDARIAS/Pruebas Bienestar/Inscripción masiva/td_Prueba-S-SH' is clicked on

2023-03-09 12:52:52 - [MESSAGE][PASSED] - Object: 'Object Repository/2-OBJECTS TAREAS SECUNDARIAS/Pruebas Bienestar/Inscripción masiva/td_Prueba-S-SH' is clicked on

2023-03-09 12:52:52 - [TEST_STEP][PASSED] - waitForElementClickable(findTestObject("2-OBJECTS TAREAS SECUNDARIAS/Pruebas Bienestar/Inscripción masiva/div_Participante"), 0): Object 'Object Repository/2-OBJECTS TAREAS SECUNDARIAS/Pruebas Bienestar/Inscripción masiva/div_Participante' is clickable

2023-03-09 12:52:52 - [MESSAGE][WARNING] - Timeout '0' is invalid. Using default page load timeout: '37'

2023-03-09 12:52:53 - [MESSAGE][PASSED] - Object 'Object Repository/2-OBJECTS TAREAS SECUNDARIAS/Pruebas Bienestar/Inscripción masiva/div_Participante' is clickable

2023-03-09 12:52:53 - [TEST_STEP][PASSED] - click(findTestObject("2-OBJECTS TAREAS SECUNDARIAS/Pruebas Bienestar/Inscripción masiva/div_Participante")): Object: 'Object Repository/2-OBJECTS TAREAS SECUNDARIAS/Pruebas Bienestar/Inscripción masiva/div_Participante' is clicked on

2023-03-09 12:52:53 - [MESSAGE][PASSED] - Object: 'Object Repository/2-OBJECTS TAREAS SECUNDARIAS/Pruebas Bienestar/Inscripción masiva/div_Participante' is clicked on

2023-03-09 12:52:53 - [TEST_STEP][PASSED] - click(findTestObject("2-OBJECTS TAREAS SECUNDARIAS/Pruebas Bienestar/Inscripción masiva/a_Individual")): Object: 'Object Repository/2-OBJECTS TAREAS SECUNDARIAS/Pruebas Bienestar/Inscripción masiva/a_Individual' is clicked on

2023-03-09 12:52:53 - [MESSAGE][PASSED] - Object: 'Object Repository/2-OBJECTS TAREAS SECUNDARIAS/Pruebas Bienestar/Inscripción masiva/a_Individual' is clicked on

2023-03-09 12:52:53 - [TEST_STEP][PASSED] - while (waitForElementVisible(findTestObject("2-OBJECTS TAREAS SECUNDARIAS/Pruebas Bienestar/Inscripción masiva/td_Ardila Julio"), 1)): null

2023-03-09 12:52:54 - [MESSAGE][PASSED] - Object 'Object Repository/2-OBJECTS TAREAS SECUNDARIAS/Pruebas Bienestar/Inscripción masiva/td_Ardila Julio' is visible

2023-03-09 12:52:54 - [TEST_STEP][PASSED] - click(findTestObject("2-OBJECTS TAREAS SECUNDARIAS/Pruebas Bienestar/Inscripción masiva/td_Ardila Julio")): Object: 'Object Repository/2-OBJECTS TAREAS SECUNDARIAS/Pruebas Bienestar/Inscripción masiva/td_Ardila Julio' is clicked on

2023-03-09 12:52:55 - [MESSAGE][PASSED] - Object: 'Object Repository/2-OBJECTS TAREAS SECUNDARIAS/Pruebas Bienestar/Inscripción masiva/td_Ardila Julio' is clicked on

2023-03-09 12:52:55 - [TEST_STEP][PASSED] - waitForElementPresent(findTestObject("2-OBJECTS TAREAS SECUNDARIAS/Pruebas Bienestar/Inscripción masiva/a_Cambiar Datos"), 0): Object 'Object Repository/2-OBJECTS TAREAS SECUNDARIAS/Pruebas Bienestar/Inscripción masiva/a_Cambiar Datos' is present

2023-03-09 12:52:55 - [MESSAGE][WARNING] - Timeout '0' is invalid. Using default page load timeout: '37'

2023-03-09 12:52:55 - [MESSAGE][PASSED] - Object 'Object Repository/2-OBJECTS TAREAS SECUNDARIAS/Pruebas Bienestar/Inscripción masiva/a_Cambiar Datos' is present

2023-03-09 12:52:55 - [TEST_STEP][PASSED] - click(findTestObject("2-OBJECTS TAREAS SECUNDARIAS/Pruebas Bienestar/Inscripción masiva/a_Cambiar Datos"), STOP_ON_FAILURE): Object: 'Object Repository/2-OBJECTS TAREAS SECUNDARIAS/Pruebas Bienestar/Inscripción masiva/a_Cambiar Datos' is clicked on

2023-03-09 12:52:56 - [MESSAGE][PASSED] - Object: 'Object Repository/2-OBJECTS TAREAS SECUNDARIAS/Pruebas Bienestar/Inscripción masiva/a_Cambiar Datos' is clicked on

2023-03-09 12:52:56 - [TEST_STEP][PASSED] - click(findTestObject("2-OBJECTS TAREAS SECUNDARIAS/Pruebas Bienestar/Inscripción masiva/a_Eliminar")): Object: 'Object Repository/2-OBJECTS TAREAS SECUNDARIAS/Pruebas Bienestar/Inscripción masiva/a_Eliminar' is clicked on

2023-03-09 12:52:57 - [MESSAGE][PASSED] - Object: 'Object Repository/2-OBJECTS TAREAS SECUNDARIAS/Pruebas Bienestar/Inscripción masiva/a_Eliminar' is clicked on

2023-03-09 12:52:57 - [TEST_STEP][PASSED] - click(findTestObject("2-OBJECTS TAREAS SECUNDARIAS/Pruebas Bienestar/Inscripción masiva/span_Si")): Web element with id: 'Object Repository/2-OBJECTS TAREAS SECUNDARIAS/Pruebas Bienestar/Inscripción masiva/td_Ardila Julio' located by '
//tbody[@id="grupoEvento:paginadorind_data"]/tr[1]/td[3]
' not found

2023-03-09 12:52:57 - [MESSAGE][PASSED] - Object: 'Object Repository/2-OBJECTS TAREAS SECUNDARIAS/Pruebas Bienestar/Inscripción masiva/span_Si' is clicked on

2023-03-09 12:52:59 - [MESSAGE][INFO] - Unable to find the element located by 'By.xpath: 
//tbody[@id="grupoEvento:paginadorind_data"]/tr[1]/td[3]
'. Please recheck the objects properties to make sure the desired element is located. 

2023-03-09 12:52:59 - [MESSAGE][WARNING] - Web element with id: 'Object Repository/2-OBJECTS TAREAS SECUNDARIAS/Pruebas Bienestar/Inscripción masiva/td_Ardila Julio' located by '
//tbody[@id="grupoEvento:paginadorind_data"]/tr[1]/td[3]
' not found

2023-03-09 12:52:59 - [TEST_STEP][PASSED] - click(findTestObject("2-OBJECTS TAREAS SECUNDARIAS/Pruebas Bienestar/Inscripción masiva/a_Inscribirse_Menu")): Object: 'Object Repository/2-OBJECTS TAREAS SECUNDARIAS/Pruebas Bienestar/Inscripción masiva/a_Inscribirse_Menu' is clicked on

2023-03-09 12:53:00 - [MESSAGE][PASSED] - Object: 'Object Repository/2-OBJECTS TAREAS SECUNDARIAS/Pruebas Bienestar/Inscripción masiva/a_Inscribirse_Menu' is clicked on

2023-03-09 12:53:00 - [TEST_STEP][PASSED] - selectOptionByIndex(findTestObject("2-OBJECTS TAREAS SECUNDARIAS/Pruebas Bienestar/Inscripción masiva/select_SeleccioneCALIDADMENSUAL ABCMODELO EMPRESA QUINCENALPANSIONADOSPENSIONADOS BASEPRUEBAS"), 1): All options with index in [1] are selected on object 'Object Repository/2-OBJECTS TAREAS SECUNDARIAS/Pruebas Bienestar/Inscripción masiva/select_SeleccioneCALIDADMENSUAL ABCMODELO EMPRESA QUINCENALPANSIONADOSPENSIONADOS BASEPRUEBAS'

2023-03-09 12:53:02 - [MESSAGE][PASSED] - All options with index in [1] are selected on object 'Object Repository/2-OBJECTS TAREAS SECUNDARIAS/Pruebas Bienestar/Inscripción masiva/select_SeleccioneCALIDADMENSUAL ABCMODELO EMPRESA QUINCENALPANSIONADOSPENSIONADOS BASEPRUEBAS'

2023-03-09 12:53:02 - [TEST_STEP][PASSED] - click(findTestObject("2-OBJECTS TAREAS SECUNDARIAS/Pruebas Bienestar/Inscripción masiva/a_Filtrar")): Object: 'Object Repository/2-OBJECTS TAREAS SECUNDARIAS/Pruebas Bienestar/Inscripción masiva/a_Filtrar' is clicked on

2023-03-09 12:53:02 - [MESSAGE][PASSED] - Object: 'Object Repository/2-OBJECTS TAREAS SECUNDARIAS/Pruebas Bienestar/Inscripción masiva/a_Filtrar' is clicked on

2023-03-09 12:53:02 - [TEST_STEP][PASSED] - selectOptionByIndex(findTestObject("2-OBJECTS TAREAS SECUNDARIAS/Pruebas Bienestar/Inscripción masiva/select_-- Seleccione --prueba-S-SH"), 1): All options with index in [1] are selected on object 'Object Repository/2-OBJECTS TAREAS SECUNDARIAS/Pruebas Bienestar/Inscripción masiva/select_-- Seleccione --prueba-S-SH'

2023-03-09 12:53:04 - [MESSAGE][PASSED] - All options with index in [1] are selected on object 'Object Repository/2-OBJECTS TAREAS SECUNDARIAS/Pruebas Bienestar/Inscripción masiva/select_-- Seleccione --prueba-S-SH'

2023-03-09 12:53:04 - [TEST_STEP][PASSED] - click(findTestObject("2-OBJECTS TAREAS SECUNDARIAS/Pruebas Bienestar/Inscripción masiva/div_chkbox-box1")): Object: 'Object Repository/2-OBJECTS TAREAS SECUNDARIAS/Pruebas Bienestar/Inscripción masiva/div_chkbox-box1' is clicked on

2023-03-09 12:53:05 - [MESSAGE][PASSED] - Object: 'Object Repository/2-OBJECTS TAREAS SECUNDARIAS/Pruebas Bienestar/Inscripción masiva/div_chkbox-box1' is clicked on

2023-03-09 12:53:05 - [TEST_STEP][PASSED] - click(findTestObject("2-OBJECTS TAREAS SECUNDARIAS/Pruebas Bienestar/Inscripción masiva/div_chkbox-box2")): Object: 'Object Repository/2-OBJECTS TAREAS SECUNDARIAS/Pruebas Bienestar/Inscripción masiva/div_chkbox-box2' is clicked on

2023-03-09 12:53:05 - [MESSAGE][PASSED] - Object: 'Object Repository/2-OBJECTS TAREAS SECUNDARIAS/Pruebas Bienestar/Inscripción masiva/div_chkbox-box2' is clicked on

2023-03-09 12:53:05 - [TEST_STEP][PASSED] - click(findTestObject("2-OBJECTS TAREAS SECUNDARIAS/Pruebas Bienestar/Inscripción masiva/div_chkbox-box3")): Object: 'Object Repository/2-OBJECTS TAREAS SECUNDARIAS/Pruebas Bienestar/Inscripción masiva/div_chkbox-box3' is clicked on

2023-03-09 12:53:06 - [MESSAGE][PASSED] - Object: 'Object Repository/2-OBJECTS TAREAS SECUNDARIAS/Pruebas Bienestar/Inscripción masiva/div_chkbox-box3' is clicked on

2023-03-09 12:53:06 - [TEST_STEP][PASSED] - click(findTestObject("2-OBJECTS TAREAS SECUNDARIAS/Pruebas Bienestar/Inscripción masiva/div_chkbox-box4")): Object: 'Object Repository/2-OBJECTS TAREAS SECUNDARIAS/Pruebas Bienestar/Inscripción masiva/div_chkbox-box4' is clicked on

2023-03-09 12:53:07 - [MESSAGE][PASSED] - Object: 'Object Repository/2-OBJECTS TAREAS SECUNDARIAS/Pruebas Bienestar/Inscripción masiva/div_chkbox-box4' is clicked on

2023-03-09 12:53:07 - [TEST_STEP][PASSED] - click(findTestObject("2-OBJECTS TAREAS SECUNDARIAS/Pruebas Bienestar/Inscripción masiva/div_chkbox-box5")): Object: 'Object Repository/2-OBJECTS TAREAS SECUNDARIAS/Pruebas Bienestar/Inscripción masiva/div_chkbox-box5' is clicked on

2023-03-09 12:53:07 - [MESSAGE][PASSED] - Object: 'Object Repository/2-OBJECTS TAREAS SECUNDARIAS/Pruebas Bienestar/Inscripción masiva/div_chkbox-box5' is clicked on

2023-03-09 12:53:07 - [TEST_STEP][PASSED] - click(findTestObject("2-OBJECTS TAREAS SECUNDARIAS/Pruebas Bienestar/Inscripción masiva/div_chkbox-box6")): Object: 'Object Repository/2-OBJECTS TAREAS SECUNDARIAS/Pruebas Bienestar/Inscripción masiva/div_chkbox-box6' is clicked on

2023-03-09 12:53:08 - [MESSAGE][PASSED] - Object: 'Object Repository/2-OBJECTS TAREAS SECUNDARIAS/Pruebas Bienestar/Inscripción masiva/div_chkbox-box6' is clicked on

2023-03-09 12:53:08 - [TEST_STEP][PASSED] - click(findTestObject("2-OBJECTS TAREAS SECUNDARIAS/Pruebas Bienestar/Inscripción masiva/div_chkbox-box7")): Object: 'Object Repository/2-OBJECTS TAREAS SECUNDARIAS/Pruebas Bienestar/Inscripción masiva/div_chkbox-box7' is clicked on

2023-03-09 12:53:09 - [MESSAGE][PASSED] - Object: 'Object Repository/2-OBJECTS TAREAS SECUNDARIAS/Pruebas Bienestar/Inscripción masiva/div_chkbox-box7' is clicked on

2023-03-09 12:53:09 - [TEST_STEP][PASSED] - click(findTestObject("2-OBJECTS TAREAS SECUNDARIAS/Pruebas Bienestar/Inscripción masiva/div_chkbox-box8")): Object: 'Object Repository/2-OBJECTS TAREAS SECUNDARIAS/Pruebas Bienestar/Inscripción masiva/div_chkbox-box8' is clicked on

2023-03-09 12:53:09 - [MESSAGE][PASSED] - Object: 'Object Repository/2-OBJECTS TAREAS SECUNDARIAS/Pruebas Bienestar/Inscripción masiva/div_chkbox-box8' is clicked on

2023-03-09 12:53:09 - [TEST_STEP][PASSED] - click(findTestObject("2-OBJECTS TAREAS SECUNDARIAS/Pruebas Bienestar/Inscripción masiva/div_chkbox-box9")): Object: 'Object Repository/2-OBJECTS TAREAS SECUNDARIAS/Pruebas Bienestar/Inscripción masiva/div_chkbox-box9' is clicked on

2023-03-09 12:53:10 - [MESSAGE][PASSED] - Object: 'Object Repository/2-OBJECTS TAREAS SECUNDARIAS/Pruebas Bienestar/Inscripción masiva/div_chkbox-box9' is clicked on

2023-03-09 12:53:10 - [TEST_STEP][PASSED] - click(findTestObject("2-OBJECTS TAREAS SECUNDARIAS/Pruebas Bienestar/Inscripción masiva/div_chkbox-box10")): Object: 'Object Repository/2-OBJECTS TAREAS SECUNDARIAS/Pruebas Bienestar/Inscripción masiva/div_chkbox-box10' is clicked on

2023-03-09 12:53:10 - [MESSAGE][PASSED] - Object: 'Object Repository/2-OBJECTS TAREAS SECUNDARIAS/Pruebas Bienestar/Inscripción masiva/div_chkbox-box10' is clicked on

2023-03-09 12:53:10 - [TEST_STEP][PASSED] - click(findTestObject("2-OBJECTS TAREAS SECUNDARIAS/Pruebas Bienestar/Inscripción masiva/div_chkbox-box11")): Object: 'Object Repository/2-OBJECTS TAREAS SECUNDARIAS/Pruebas Bienestar/Inscripción masiva/div_chkbox-box11' is clicked on

2023-03-09 12:53:11 - [MESSAGE][PASSED] - Object: 'Object Repository/2-OBJECTS TAREAS SECUNDARIAS/Pruebas Bienestar/Inscripción masiva/div_chkbox-box11' is clicked on

2023-03-09 12:53:11 - [TEST_STEP][PASSED] - click(findTestObject("2-OBJECTS TAREAS SECUNDARIAS/Pruebas Bienestar/Inscripción masiva/div_chkbox-box12")): Object: 'Object Repository/2-OBJECTS TAREAS SECUNDARIAS/Pruebas Bienestar/Inscripción masiva/div_chkbox-box12' is clicked on

2023-03-09 12:53:12 - [MESSAGE][PASSED] - Object: 'Object Repository/2-OBJECTS TAREAS SECUNDARIAS/Pruebas Bienestar/Inscripción masiva/div_chkbox-box12' is clicked on

2023-03-09 12:53:12 - [TEST_STEP][PASSED] - click(findTestObject("2-OBJECTS TAREAS SECUNDARIAS/Pruebas Bienestar/Inscripción masiva/div_chkbox-box13")): Object: 'Object Repository/2-OBJECTS TAREAS SECUNDARIAS/Pruebas Bienestar/Inscripción masiva/div_chkbox-box13' is clicked on

2023-03-09 12:53:12 - [MESSAGE][PASSED] - Object: 'Object Repository/2-OBJECTS TAREAS SECUNDARIAS/Pruebas Bienestar/Inscripción masiva/div_chkbox-box13' is clicked on

2023-03-09 12:53:12 - [TEST_STEP][PASSED] - click(findTestObject("2-OBJECTS TAREAS SECUNDARIAS/Pruebas Bienestar/Inscripción masiva/div_chkbox-box14")): Object: 'Object Repository/2-OBJECTS TAREAS SECUNDARIAS/Pruebas Bienestar/Inscripción masiva/div_chkbox-box14' is clicked on

2023-03-09 12:53:13 - [MESSAGE][PASSED] - Object: 'Object Repository/2-OBJECTS TAREAS SECUNDARIAS/Pruebas Bienestar/Inscripción masiva/div_chkbox-box14' is clicked on

2023-03-09 12:53:13 - [TEST_STEP][PASSED] - click(findTestObject("2-OBJECTS TAREAS SECUNDARIAS/Pruebas Bienestar/Inscripción masiva/div_chkbox-box15")): Object: 'Object Repository/2-OBJECTS TAREAS SECUNDARIAS/Pruebas Bienestar/Inscripción masiva/div_chkbox-box15' is clicked on

2023-03-09 12:53:14 - [MESSAGE][PASSED] - Object: 'Object Repository/2-OBJECTS TAREAS SECUNDARIAS/Pruebas Bienestar/Inscripción masiva/div_chkbox-box15' is clicked on

2023-03-09 12:53:14 - [TEST_STEP][PASSED] - click(findTestObject("2-OBJECTS TAREAS SECUNDARIAS/Pruebas Bienestar/Inscripción masiva/div_chkbox-box16")): Object: 'Object Repository/2-OBJECTS TAREAS SECUNDARIAS/Pruebas Bienestar/Inscripción masiva/div_chkbox-box16' is clicked on

2023-03-09 12:53:14 - [MESSAGE][PASSED] - Object: 'Object Repository/2-OBJECTS TAREAS SECUNDARIAS/Pruebas Bienestar/Inscripción masiva/div_chkbox-box16' is clicked on

2023-03-09 12:53:14 - [TEST_STEP][PASSED] - click(findTestObject("2-OBJECTS TAREAS SECUNDARIAS/Pruebas Bienestar/Inscripción masiva/div_chkbox-box17")): Object: 'Object Repository/2-OBJECTS TAREAS SECUNDARIAS/Pruebas Bienestar/Inscripción masiva/div_chkbox-box17' is clicked on

2023-03-09 12:53:15 - [MESSAGE][PASSED] - Object: 'Object Repository/2-OBJECTS TAREAS SECUNDARIAS/Pruebas Bienestar/Inscripción masiva/div_chkbox-box17' is clicked on

2023-03-09 12:53:15 - [TEST_STEP][PASSED] - click(findTestObject("2-OBJECTS TAREAS SECUNDARIAS/Pruebas Bienestar/Inscripción masiva/div_chkbox-box18")): Object: 'Object Repository/2-OBJECTS TAREAS SECUNDARIAS/Pruebas Bienestar/Inscripción masiva/div_chkbox-box18' is clicked on

2023-03-09 12:53:16 - [MESSAGE][PASSED] - Object: 'Object Repository/2-OBJECTS TAREAS SECUNDARIAS/Pruebas Bienestar/Inscripción masiva/div_chkbox-box18' is clicked on

2023-03-09 12:53:16 - [TEST_STEP][PASSED] - click(findTestObject("2-OBJECTS TAREAS SECUNDARIAS/Pruebas Bienestar/Inscripción masiva/div_chkbox-box19")): Object: 'Object Repository/2-OBJECTS TAREAS SECUNDARIAS/Pruebas Bienestar/Inscripción masiva/div_chkbox-box19' is clicked on

2023-03-09 12:53:16 - [MESSAGE][PASSED] - Object: 'Object Repository/2-OBJECTS TAREAS SECUNDARIAS/Pruebas Bienestar/Inscripción masiva/div_chkbox-box19' is clicked on

2023-03-09 12:53:16 - [TEST_STEP][PASSED] - click(findTestObject("2-OBJECTS TAREAS SECUNDARIAS/Pruebas Bienestar/Inscripción masiva/div_chkbox-box20")): Object: 'Object Repository/2-OBJECTS TAREAS SECUNDARIAS/Pruebas Bienestar/Inscripción masiva/div_chkbox-box20' is clicked on

2023-03-09 12:53:17 - [MESSAGE][PASSED] - Object: 'Object Repository/2-OBJECTS TAREAS SECUNDARIAS/Pruebas Bienestar/Inscripción masiva/div_chkbox-box20' is clicked on

2023-03-09 12:53:17 - [TEST_STEP][PASSED] - click(findTestObject("2-OBJECTS TAREAS SECUNDARIAS/Pruebas Bienestar/Inscripción masiva/a_Inscribirse")): Object: 'Object Repository/2-OBJECTS TAREAS SECUNDARIAS/Pruebas Bienestar/Inscripción masiva/a_Inscribirse' is clicked on

2023-03-09 12:53:18 - [MESSAGE][PASSED] - Object: 'Object Repository/2-OBJECTS TAREAS SECUNDARIAS/Pruebas Bienestar/Inscripción masiva/a_Inscribirse' is clicked on]]></system-out>
         <system-err><![CDATA[]]></system-err>
      </testcase>
      <testcase name="Test Cases/1.2-Tareas_Secundarias/3.1-Pruebas_Bienestar/3.2.4-Inscripción_Individual_como_funcional" time="33.46" classname="Test Cases/1.2-Tareas_Secundarias/3.1-Pruebas_Bienestar/3.2.4-Inscripción_Individual_como_funcional" status="PASSED">
         <system-out><![CDATA[2023-03-09 12:53:18 - [TEST_CASE][PASSED] - Test Cases/1.2-Tareas_Secundarias/3.1-Pruebas_Bienestar/3.2.4-Inscripción_Individual_como_funcional: Test Cases/1.2-Tareas_Secundarias/3.1-Pruebas_Bienestar/3.2.4-Inscripción_Individual_como_funcional

2023-03-09 12:53:18 - [TEST_STEP][PASSED] - callTestCase(findTestCase("Utilidades-(atajos_para _tareas)/Modulos/Modulo bienestar-eventos"), [:], STOP_ON_FAILURE): Call Test Case 'Test Cases/Utilidades-(atajos_para _tareas)/Modulos/Modulo bienestar-eventos' successfully

2023-03-09 12:53:19 - [TEST_CASE][PASSED] - Test Cases/Utilidades-(atajos_para _tareas)/Modulos/Modulo bienestar-eventos: Test Cases/Utilidades-(atajos_para _tareas)/Modulos/Modulo bienestar-eventos

2023-03-09 12:53:19 - [TEST_STEP][PASSED] - callTestCase(findTestCase("0.1-Login"), [:], STOP_ON_FAILURE): Call Test Case 'Test Cases/0.1-Login' successfully

2023-03-09 12:53:19 - [TEST_CASE][PASSED] - Test Cases/0.1-Login: Test Cases/0.1-Login

2023-03-09 12:53:19 - [TEST_STEP][PASSED] - openBrowser(""): Browser is opened with url: ''

2023-03-09 12:53:19 - [MESSAGE][WARNING] - A browser is already opened. Closing browser and opening a new one

2023-03-09 12:53:19 - [MESSAGE][INFO] - Starting 'Chrome' driver

2023-03-09 12:53:19 - [MESSAGE][INFO] - Action delay is set to 0 milliseconds

2023-03-09 12:53:21 - [MESSAGE][PASSED] - Browser is opened with url: ''

2023-03-09 12:53:21 - [TEST_STEP][PASSED] - maximizeWindow(): Current window maximized

2023-03-09 12:53:21 - [MESSAGE][PASSED] - Current window maximized

2023-03-09 12:53:21 - [TEST_STEP][PASSED] - i = G_Login: null

2023-03-09 12:53:21 - [TEST_STEP][PASSED] - url = new java.net.URL(i): null

2023-03-09 12:53:21 - [TEST_STEP][PASSED] - println("URL: " + url.toString()): null

2023-03-09 12:53:21 - [TEST_STEP][PASSED] - connection = url.openConnection(): null

2023-03-09 12:53:21 - [TEST_STEP][PASSED] - connection.setRequestMethod("GET"): null

2023-03-09 12:53:21 - [TEST_STEP][PASSED] - connection.setReadTimeout(2 * 1000): null

2023-03-09 12:53:21 - [TEST_STEP][PASSED] - try: null

2023-03-09 12:53:21 - [TEST_STEP][PASSED] - connection.connect(): null

2023-03-09 12:53:21 - [TEST_STEP][PASSED] - flag = connected: null

2023-03-09 12:53:21 - [TEST_STEP][PASSED] - println("Valor_ori: " + flag): null

2023-03-09 12:53:21 - [TEST_STEP][PASSED] - if (flag): null

2023-03-09 12:53:21 - [TEST_STEP][PASSED] - navigateToUrl(i): Navigate to 'http://192.168.2.19:7001/saraweb' successfully

2023-03-09 12:53:22 - [MESSAGE][PASSED] - Navigate to 'http://192.168.2.19:7001/saraweb' successfully

2023-03-09 12:53:22 - [TEST_STEP][PASSED] - a(): null

2023-03-09 12:53:22 - [TEST_STEP][PASSED] - if (waitForElementVisible(findTestObject("3-OBJECTS UTILIDADES/Login/input_USUARIO_loginusuario"), 0)): null

2023-03-09 12:53:23 - [MESSAGE][WARNING] - Timeout '0' is invalid. Using default page load timeout: '37'

2023-03-09 12:53:23 - [MESSAGE][PASSED] - Object 'Object Repository/3-OBJECTS UTILIDADES/Login/input_USUARIO_loginusuario' is visible

2023-03-09 12:53:23 - [TEST_STEP][PASSED] - switchToWindowTitle("SARA"): Switched to window with title: 'SARA'

2023-03-09 12:53:23 - [MESSAGE][PASSED] - Switched to window with title: 'SARA'

2023-03-09 12:53:23 - [TEST_STEP][PASSED] - zoom(): null

2023-03-09 12:53:23 - [TEST_STEP][PASSED] - robot = new java.awt.Robot(): null

2023-03-09 12:53:23 - [TEST_STEP][PASSED] - robot.keyPress(VK_CONTROL): null

2023-03-09 12:53:23 - [TEST_STEP][PASSED] - robot.keyPress(VK_SUBTRACT): null

2023-03-09 12:53:23 - [TEST_STEP][PASSED] - robot.keyRelease(VK_CONTROL): null

2023-03-09 12:53:23 - [TEST_STEP][PASSED] - robot.keyRelease(VK_SUBTRACT): null

2023-03-09 12:53:23 - [TEST_STEP][PASSED] - robot.keyPress(VK_CONTROL): null

2023-03-09 12:53:23 - [TEST_STEP][PASSED] - robot.keyPress(VK_SUBTRACT): null

2023-03-09 12:53:23 - [TEST_STEP][PASSED] - robot.keyRelease(VK_CONTROL): null

2023-03-09 12:53:23 - [TEST_STEP][PASSED] - robot.keyRelease(VK_SUBTRACT): null

2023-03-09 12:53:23 - [TEST_STEP][PASSED] - robot.keyPress(VK_CONTROL): null

2023-03-09 12:53:23 - [TEST_STEP][PASSED] - robot.keyPress(VK_SUBTRACT): null

2023-03-09 12:53:23 - [TEST_STEP][PASSED] - robot.keyRelease(VK_CONTROL): null

2023-03-09 12:53:23 - [TEST_STEP][PASSED] - robot.keyRelease(VK_SUBTRACT): null

2023-03-09 12:53:23 - [TEST_STEP][PASSED] - robot.keyRelease(VK_CONTROL): null

2023-03-09 12:53:23 - [TEST_STEP][PASSED] - robot.keyRelease(VK_SUBTRACT): null

2023-03-09 12:53:23 - [TEST_STEP][PASSED] - setText(findTestObject("3-OBJECTS UTILIDADES/Login/input_USUARIO_loginusuario"), G_Usuario): Text 'weblogic' is set on object 'Object Repository/3-OBJECTS UTILIDADES/Login/input_USUARIO_loginusuario'

2023-03-09 12:53:24 - [MESSAGE][PASSED] - Text 'weblogic' is set on object 'Object Repository/3-OBJECTS UTILIDADES/Login/input_USUARIO_loginusuario'

2023-03-09 12:53:24 - [TEST_STEP][PASSED] - setEncryptedText(findTestObject("3-OBJECTS UTILIDADES/Login/input_CLAVE_loginpassword"), "SlAwMcyRKqrwbnzhAs8HhT6NnI7sEyng"): Text ****** has been set on object 'Object Repository/3-OBJECTS UTILIDADES/Login/input_CLAVE_loginpassword'

2023-03-09 12:53:27 - [MESSAGE][PASSED] - Text ****** has been set on object 'Object Repository/3-OBJECTS UTILIDADES/Login/input_CLAVE_loginpassword'

2023-03-09 12:53:27 - [TEST_STEP][PASSED] - while (waitForElementClickable(findTestObject("3-OBJECTS UTILIDADES/Login/a_Ingresar"), 1)): Web element with id: 'Object Repository/3-OBJECTS UTILIDADES/Login/a_Ingresar' located by '//a[contains(text(),'Ingresar')]' not found

2023-03-09 12:53:29 - [MESSAGE][INFO] - Unable to find the element located by 'By.xpath: //a[contains(text(),'Ingresar')]'. Please recheck the objects properties to make sure the desired element is located. 

2023-03-09 12:53:29 - [MESSAGE][WARNING] - Web element with id: 'Object Repository/3-OBJECTS UTILIDADES/Login/a_Ingresar' located by '//a[contains(text(),'Ingresar')]' not found

2023-03-09 12:53:29 - [MESSAGE][PASSED] - Call Test Case 'Test Cases/0.1-Login' successfully

2023-03-09 12:53:29 - [TEST_STEP][PASSED] - waitForElementClickable(findTestObject("3-OBJECTS UTILIDADES/Modulo bienestar-eventos/input_ADMINISTRADOR DEL SISTEMA"), 0): Object 'Object Repository/3-OBJECTS UTILIDADES/Modulo bienestar-eventos/input_ADMINISTRADOR DEL SISTEMA' is clickable

2023-03-09 12:53:29 - [MESSAGE][WARNING] - Timeout '0' is invalid. Using default page load timeout: '37'

2023-03-09 12:53:30 - [MESSAGE][PASSED] - Object 'Object Repository/3-OBJECTS UTILIDADES/Modulo bienestar-eventos/input_ADMINISTRADOR DEL SISTEMA' is clickable

2023-03-09 12:53:30 - [TEST_STEP][PASSED] - setText(findTestObject("3-OBJECTS UTILIDADES/Modulo bienestar-eventos/input_ADMINISTRADOR DEL SISTEMA"), "eventos (bie)"): Text 'eventos (bie)' is set on object 'Object Repository/3-OBJECTS UTILIDADES/Modulo bienestar-eventos/input_ADMINISTRADOR DEL SISTEMA'

2023-03-09 12:53:31 - [MESSAGE][PASSED] - Text 'eventos (bie)' is set on object 'Object Repository/3-OBJECTS UTILIDADES/Modulo bienestar-eventos/input_ADMINISTRADOR DEL SISTEMA'

2023-03-09 12:53:31 - [TEST_STEP][PASSED] - click(findTestObject("3-OBJECTS UTILIDADES/Modulo bienestar-eventos/span_Eventos (bie)")): Object: 'Object Repository/3-OBJECTS UTILIDADES/Modulo bienestar-eventos/span_Eventos (bie)' is clicked on

2023-03-09 12:53:32 - [MESSAGE][PASSED] - Object: 'Object Repository/3-OBJECTS UTILIDADES/Modulo bienestar-eventos/span_Eventos (bie)' is clicked on

2023-03-09 12:53:32 - [MESSAGE][PASSED] - Call Test Case 'Test Cases/Utilidades-(atajos_para _tareas)/Modulos/Modulo bienestar-eventos' successfully

2023-03-09 12:53:32 - [TEST_STEP][PASSED] - click(findTestObject("2-OBJECTS TAREAS SECUNDARIAS/Pruebas Bienestar/Inscripción_Individual_como_funcional/td_Prueba-S-SH")): Object: 'Object Repository/2-OBJECTS TAREAS SECUNDARIAS/Pruebas Bienestar/Inscripción_Individual_como_funcional/td_Prueba-S-SH' is clicked on

2023-03-09 12:53:35 - [MESSAGE][PASSED] - Object: 'Object Repository/2-OBJECTS TAREAS SECUNDARIAS/Pruebas Bienestar/Inscripción_Individual_como_funcional/td_Prueba-S-SH' is clicked on

2023-03-09 12:53:35 - [TEST_STEP][PASSED] - click(findTestObject("2-OBJECTS TAREAS SECUNDARIAS/Pruebas Bienestar/Inscripción_Individual_como_funcional/div_Participante")): Object: 'Object Repository/2-OBJECTS TAREAS SECUNDARIAS/Pruebas Bienestar/Inscripción_Individual_como_funcional/div_Participante' is clicked on

2023-03-09 12:53:36 - [MESSAGE][PASSED] - Object: 'Object Repository/2-OBJECTS TAREAS SECUNDARIAS/Pruebas Bienestar/Inscripción_Individual_como_funcional/div_Participante' is clicked on

2023-03-09 12:53:36 - [TEST_STEP][PASSED] - click(findTestObject("2-OBJECTS TAREAS SECUNDARIAS/Pruebas Bienestar/Inscripción_Individual_como_funcional/a_Individual")): Object: 'Object Repository/2-OBJECTS TAREAS SECUNDARIAS/Pruebas Bienestar/Inscripción_Individual_como_funcional/a_Individual' is clicked on

2023-03-09 12:53:37 - [MESSAGE][PASSED] - Object: 'Object Repository/2-OBJECTS TAREAS SECUNDARIAS/Pruebas Bienestar/Inscripción_Individual_como_funcional/a_Individual' is clicked on

2023-03-09 12:53:37 - [TEST_STEP][PASSED] - if (waitForElementVisible(findTestObject("2-OBJECTS TAREAS SECUNDARIAS/Pruebas Bienestar/Inscripción_Individual_como_funcional/td_354968431354"), 1)): Web element with id: 'Object Repository/2-OBJECTS TAREAS SECUNDARIAS/Pruebas Bienestar/Inscripción_Individual_como_funcional/a_2' located by '/html/body/div[1]/div[3]/div/table/tbody/tr[3]/td/table/tbody/tr/td/div/table/tbody/tr/td[2]/span/span/span/form/span/div[2]/div[2]/span/a[2]' not found

2023-03-09 12:53:39 - [MESSAGE][INFO] - Unable to find the element located by 'By.xpath: //*/text()[normalize-space(.)='354968431354']/parent::*'. Please recheck the objects properties to make sure the desired element is located. 

2023-03-09 12:53:39 - [MESSAGE][WARNING] - Web element with id: 'Object Repository/2-OBJECTS TAREAS SECUNDARIAS/Pruebas Bienestar/Inscripción_Individual_como_funcional/td_354968431354' located by '//*/text()[normalize-space(.)='354968431354']/parent::*' not found

2023-03-09 12:53:41 - [MESSAGE][INFO] - Unable to find the element located by 'By.xpath: /html/body/div[1]/div[3]/div/table/tbody/tr[3]/td/table/tbody/tr/td/div/table/tbody/tr/td[2]/span/span/span/form/span/div[2]/div[2]/span/a[2]'. Please recheck the objects properties to make sure the desired element is located. 

2023-03-09 12:53:41 - [MESSAGE][WARNING] - Web element with id: 'Object Repository/2-OBJECTS TAREAS SECUNDARIAS/Pruebas Bienestar/Inscripción_Individual_como_funcional/a_2' located by '/html/body/div[1]/div[3]/div/table/tbody/tr[3]/td/table/tbody/tr/td/div/table/tbody/tr/td[2]/span/span/span/form/span/div[2]/div[2]/span/a[2]' not found

2023-03-09 12:53:41 - [TEST_STEP][PASSED] - click(findTestObject("2-OBJECTS TAREAS SECUNDARIAS/Pruebas Bienestar/Inscripción_Individual_como_funcional/a_Nuevo")): Object: 'Object Repository/2-OBJECTS TAREAS SECUNDARIAS/Pruebas Bienestar/Inscripción_Individual_como_funcional/a_Nuevo' is clicked on

2023-03-09 12:53:41 - [MESSAGE][PASSED] - Object: 'Object Repository/2-OBJECTS TAREAS SECUNDARIAS/Pruebas Bienestar/Inscripción_Individual_como_funcional/a_Nuevo' is clicked on

2023-03-09 12:53:41 - [TEST_STEP][PASSED] - click(findTestObject("2-OBJECTS TAREAS SECUNDARIAS/Pruebas Bienestar/Inscripción_Individual_como_funcional/a_Nombre_grupoEventoj_idt431")): Object: 'Object Repository/2-OBJECTS TAREAS SECUNDARIAS/Pruebas Bienestar/Inscripción_Individual_como_funcional/a_Nombre_grupoEventoj_idt431' is clicked on

2023-03-09 12:53:43 - [MESSAGE][PASSED] - Object: 'Object Repository/2-OBJECTS TAREAS SECUNDARIAS/Pruebas Bienestar/Inscripción_Individual_como_funcional/a_Nombre_grupoEventoj_idt431' is clicked on

2023-03-09 12:53:43 - [TEST_STEP][PASSED] - setText(findTestObject("2-OBJECTS TAREAS SECUNDARIAS/Pruebas Bienestar/Inscripción_Individual_como_funcional/input_Filtro Empleado_form_popupFiltroEmpleadofiltroEmpleado"), "constantino"): Text 'constantino' is set on object 'Object Repository/2-OBJECTS TAREAS SECUNDARIAS/Pruebas Bienestar/Inscripción_Individual_como_funcional/input_Filtro Empleado_form_popupFiltroEmpleadofiltroEmpleado'

2023-03-09 12:53:44 - [MESSAGE][PASSED] - Text 'constantino' is set on object 'Object Repository/2-OBJECTS TAREAS SECUNDARIAS/Pruebas Bienestar/Inscripción_Individual_como_funcional/input_Filtro Empleado_form_popupFiltroEmpleadofiltroEmpleado'

2023-03-09 12:53:44 - [TEST_STEP][PASSED] - sendKeys(findTestObject("2-OBJECTS TAREAS SECUNDARIAS/Pruebas Bienestar/Inscripción_Individual_como_funcional/input_Filtro Empleado_form_popupFiltroEmpleadofiltroEmpleado"), Keys.chord(ENTER)): Keys 'ENTER + ' sent to object: 'Object Repository/2-OBJECTS TAREAS SECUNDARIAS/Pruebas Bienestar/Inscripción_Individual_como_funcional/input_Filtro Empleado_form_popupFiltroEmpleadofiltroEmpleado'

2023-03-09 12:53:48 - [MESSAGE][PASSED] - Keys 'ENTER + ' sent to object: 'Object Repository/2-OBJECTS TAREAS SECUNDARIAS/Pruebas Bienestar/Inscripción_Individual_como_funcional/input_Filtro Empleado_form_popupFiltroEmpleadofiltroEmpleado'

2023-03-09 12:53:48 - [TEST_STEP][PASSED] - click(findTestObject("2-OBJECTS TAREAS SECUNDARIAS/Pruebas Bienestar/Inscripción_Individual_como_funcional/span_Constantino  Jhon")): Object: 'Object Repository/2-OBJECTS TAREAS SECUNDARIAS/Pruebas Bienestar/Inscripción_Individual_como_funcional/span_Constantino  Jhon' is clicked on

2023-03-09 12:53:48 - [MESSAGE][PASSED] - Object: 'Object Repository/2-OBJECTS TAREAS SECUNDARIAS/Pruebas Bienestar/Inscripción_Individual_como_funcional/span_Constantino  Jhon' is clicked on

2023-03-09 12:53:48 - [TEST_STEP][PASSED] - selectOptionByIndex(findTestObject("2-OBJECTS TAREAS SECUNDARIAS/Pruebas Bienestar/Inscripción_Individual_como_funcional/select_-- Seleccione --prueba-S-SH"), 1): All options with index in [1] are selected on object 'Object Repository/2-OBJECTS TAREAS SECUNDARIAS/Pruebas Bienestar/Inscripción_Individual_como_funcional/select_-- Seleccione --prueba-S-SH'

2023-03-09 12:53:50 - [MESSAGE][PASSED] - All options with index in [1] are selected on object 'Object Repository/2-OBJECTS TAREAS SECUNDARIAS/Pruebas Bienestar/Inscripción_Individual_como_funcional/select_-- Seleccione --prueba-S-SH'

2023-03-09 12:53:50 - [TEST_STEP][PASSED] - click(findTestObject("2-OBJECTS TAREAS SECUNDARIAS/Pruebas Bienestar/Inscripción_Individual_como_funcional/a_Guardar")): Object: 'Object Repository/2-OBJECTS TAREAS SECUNDARIAS/Pruebas Bienestar/Inscripción_Individual_como_funcional/a_Guardar' is clicked on

2023-03-09 12:53:50 - [MESSAGE][PASSED] - Object: 'Object Repository/2-OBJECTS TAREAS SECUNDARIAS/Pruebas Bienestar/Inscripción_Individual_como_funcional/a_Guardar' is clicked on

2023-03-09 12:53:50 - [TEST_STEP][PASSED] - Result = getText(findTestObject("3-OBJECTS UTILIDADES/Alerta/Alerta")): Text of object 'Object Repository/3-OBJECTS UTILIDADES/Alerta/Alerta' is: 'Se ha registrado en el evento.'

2023-03-09 12:53:51 - [MESSAGE][PASSED] - Text of object 'Object Repository/3-OBJECTS UTILIDADES/Alerta/Alerta' is: 'Se ha registrado en el evento.'

2023-03-09 12:53:51 - [TEST_STEP][PASSED] - if (Result == "Se ha registrado en el evento."): null

2023-03-09 12:53:51 - [TEST_STEP][PASSED] - Resultado = "PRUEBA OK": null]]></system-out>
         <system-err><![CDATA[]]></system-err>
      </testcase>
      <testcase name="Test Cases/1.2-Tareas_Secundarias/3.1-Pruebas_Bienestar/3.2.6-Sancionados" time="35.09" classname="Test Cases/1.2-Tareas_Secundarias/3.1-Pruebas_Bienestar/3.2.6-Sancionados" status="PASSED">
         <system-out><![CDATA[2023-03-09 12:53:51 - [TEST_CASE][PASSED] - Test Cases/1.2-Tareas_Secundarias/3.1-Pruebas_Bienestar/3.2.6-Sancionados: Test Cases/1.2-Tareas_Secundarias/3.1-Pruebas_Bienestar/3.2.6-Sancionados

2023-03-09 12:53:52 - [TEST_STEP][PASSED] - callTestCase(findTestCase("Utilidades-(atajos_para _tareas)/Modulos/Modulo bienestar-eventos"), [:], STOP_ON_FAILURE): Call Test Case 'Test Cases/Utilidades-(atajos_para _tareas)/Modulos/Modulo bienestar-eventos' successfully

2023-03-09 12:53:52 - [TEST_CASE][PASSED] - Test Cases/Utilidades-(atajos_para _tareas)/Modulos/Modulo bienestar-eventos: Test Cases/Utilidades-(atajos_para _tareas)/Modulos/Modulo bienestar-eventos

2023-03-09 12:53:52 - [TEST_STEP][PASSED] - callTestCase(findTestCase("0.1-Login"), [:], STOP_ON_FAILURE): Call Test Case 'Test Cases/0.1-Login' successfully

2023-03-09 12:53:52 - [TEST_CASE][PASSED] - Test Cases/0.1-Login: Test Cases/0.1-Login

2023-03-09 12:53:52 - [TEST_STEP][PASSED] - openBrowser(""): Browser is opened with url: ''

2023-03-09 12:53:52 - [MESSAGE][WARNING] - A browser is already opened. Closing browser and opening a new one

2023-03-09 12:53:53 - [MESSAGE][INFO] - Starting 'Chrome' driver

2023-03-09 12:53:53 - [MESSAGE][INFO] - Action delay is set to 0 milliseconds

2023-03-09 12:53:54 - [MESSAGE][PASSED] - Browser is opened with url: ''

2023-03-09 12:53:54 - [TEST_STEP][PASSED] - maximizeWindow(): Current window maximized

2023-03-09 12:53:54 - [MESSAGE][PASSED] - Current window maximized

2023-03-09 12:53:54 - [TEST_STEP][PASSED] - i = G_Login: null

2023-03-09 12:53:54 - [TEST_STEP][PASSED] - url = new java.net.URL(i): null

2023-03-09 12:53:54 - [TEST_STEP][PASSED] - println("URL: " + url.toString()): null

2023-03-09 12:53:54 - [TEST_STEP][PASSED] - connection = url.openConnection(): null

2023-03-09 12:53:54 - [TEST_STEP][PASSED] - connection.setRequestMethod("GET"): null

2023-03-09 12:53:54 - [TEST_STEP][PASSED] - connection.setReadTimeout(2 * 1000): null

2023-03-09 12:53:54 - [TEST_STEP][PASSED] - try: null

2023-03-09 12:53:54 - [TEST_STEP][PASSED] - connection.connect(): null

2023-03-09 12:53:54 - [TEST_STEP][PASSED] - flag = connected: null

2023-03-09 12:53:54 - [TEST_STEP][PASSED] - println("Valor_ori: " + flag): null

2023-03-09 12:53:54 - [TEST_STEP][PASSED] - if (flag): null

2023-03-09 12:53:54 - [TEST_STEP][PASSED] - navigateToUrl(i): Navigate to 'http://192.168.2.19:7001/saraweb' successfully

2023-03-09 12:53:56 - [MESSAGE][PASSED] - Navigate to 'http://192.168.2.19:7001/saraweb' successfully

2023-03-09 12:53:56 - [TEST_STEP][PASSED] - a(): null

2023-03-09 12:53:56 - [TEST_STEP][PASSED] - if (waitForElementVisible(findTestObject("3-OBJECTS UTILIDADES/Login/input_USUARIO_loginusuario"), 0)): null

2023-03-09 12:53:56 - [MESSAGE][WARNING] - Timeout '0' is invalid. Using default page load timeout: '37'

2023-03-09 12:53:56 - [MESSAGE][PASSED] - Object 'Object Repository/3-OBJECTS UTILIDADES/Login/input_USUARIO_loginusuario' is visible

2023-03-09 12:53:56 - [TEST_STEP][PASSED] - switchToWindowTitle("SARA"): Switched to window with title: 'SARA'

2023-03-09 12:53:56 - [MESSAGE][PASSED] - Switched to window with title: 'SARA'

2023-03-09 12:53:56 - [TEST_STEP][PASSED] - zoom(): null

2023-03-09 12:53:56 - [TEST_STEP][PASSED] - robot = new java.awt.Robot(): null

2023-03-09 12:53:56 - [TEST_STEP][PASSED] - robot.keyPress(VK_CONTROL): null

2023-03-09 12:53:56 - [TEST_STEP][PASSED] - robot.keyPress(VK_SUBTRACT): null

2023-03-09 12:53:56 - [TEST_STEP][PASSED] - robot.keyRelease(VK_CONTROL): null

2023-03-09 12:53:56 - [TEST_STEP][PASSED] - robot.keyRelease(VK_SUBTRACT): null

2023-03-09 12:53:56 - [TEST_STEP][PASSED] - robot.keyPress(VK_CONTROL): null

2023-03-09 12:53:56 - [TEST_STEP][PASSED] - robot.keyPress(VK_SUBTRACT): null

2023-03-09 12:53:56 - [TEST_STEP][PASSED] - robot.keyRelease(VK_CONTROL): null

2023-03-09 12:53:56 - [TEST_STEP][PASSED] - robot.keyRelease(VK_SUBTRACT): null

2023-03-09 12:53:56 - [TEST_STEP][PASSED] - robot.keyPress(VK_CONTROL): null

2023-03-09 12:53:56 - [TEST_STEP][PASSED] - robot.keyPress(VK_SUBTRACT): null

2023-03-09 12:53:56 - [TEST_STEP][PASSED] - robot.keyRelease(VK_CONTROL): null

2023-03-09 12:53:56 - [TEST_STEP][PASSED] - robot.keyRelease(VK_SUBTRACT): null

2023-03-09 12:53:56 - [TEST_STEP][PASSED] - robot.keyRelease(VK_CONTROL): null

2023-03-09 12:53:56 - [TEST_STEP][PASSED] - robot.keyRelease(VK_SUBTRACT): null

2023-03-09 12:53:56 - [TEST_STEP][PASSED] - setText(findTestObject("3-OBJECTS UTILIDADES/Login/input_USUARIO_loginusuario"), G_Usuario): Text 'weblogic' is set on object 'Object Repository/3-OBJECTS UTILIDADES/Login/input_USUARIO_loginusuario'

2023-03-09 12:53:57 - [MESSAGE][PASSED] - Text 'weblogic' is set on object 'Object Repository/3-OBJECTS UTILIDADES/Login/input_USUARIO_loginusuario'

2023-03-09 12:53:57 - [TEST_STEP][PASSED] - setEncryptedText(findTestObject("3-OBJECTS UTILIDADES/Login/input_CLAVE_loginpassword"), "SlAwMcyRKqrwbnzhAs8HhT6NnI7sEyng"): Text ****** has been set on object 'Object Repository/3-OBJECTS UTILIDADES/Login/input_CLAVE_loginpassword'

2023-03-09 12:54:05 - [MESSAGE][PASSED] - Text ****** has been set on object 'Object Repository/3-OBJECTS UTILIDADES/Login/input_CLAVE_loginpassword'

2023-03-09 12:54:05 - [TEST_STEP][PASSED] - while (waitForElementClickable(findTestObject("3-OBJECTS UTILIDADES/Login/a_Ingresar"), 1)): Web element with id: 'Object Repository/3-OBJECTS UTILIDADES/Login/a_Ingresar' located by '//a[contains(text(),'Ingresar')]' not found

2023-03-09 12:54:08 - [MESSAGE][INFO] - Unable to find the element located by 'By.xpath: //a[contains(text(),'Ingresar')]'. Please recheck the objects properties to make sure the desired element is located. 

2023-03-09 12:54:08 - [MESSAGE][WARNING] - Web element with id: 'Object Repository/3-OBJECTS UTILIDADES/Login/a_Ingresar' located by '//a[contains(text(),'Ingresar')]' not found

2023-03-09 12:54:08 - [MESSAGE][PASSED] - Call Test Case 'Test Cases/0.1-Login' successfully

2023-03-09 12:54:08 - [TEST_STEP][PASSED] - waitForElementClickable(findTestObject("3-OBJECTS UTILIDADES/Modulo bienestar-eventos/input_ADMINISTRADOR DEL SISTEMA"), 0): Object 'Object Repository/3-OBJECTS UTILIDADES/Modulo bienestar-eventos/input_ADMINISTRADOR DEL SISTEMA' is clickable

2023-03-09 12:54:08 - [MESSAGE][WARNING] - Timeout '0' is invalid. Using default page load timeout: '37'

2023-03-09 12:54:08 - [MESSAGE][PASSED] - Object 'Object Repository/3-OBJECTS UTILIDADES/Modulo bienestar-eventos/input_ADMINISTRADOR DEL SISTEMA' is clickable

2023-03-09 12:54:08 - [TEST_STEP][PASSED] - setText(findTestObject("3-OBJECTS UTILIDADES/Modulo bienestar-eventos/input_ADMINISTRADOR DEL SISTEMA"), "eventos (bie)"): Text 'eventos (bie)' is set on object 'Object Repository/3-OBJECTS UTILIDADES/Modulo bienestar-eventos/input_ADMINISTRADOR DEL SISTEMA'

2023-03-09 12:54:09 - [MESSAGE][PASSED] - Text 'eventos (bie)' is set on object 'Object Repository/3-OBJECTS UTILIDADES/Modulo bienestar-eventos/input_ADMINISTRADOR DEL SISTEMA'

2023-03-09 12:54:09 - [TEST_STEP][PASSED] - click(findTestObject("3-OBJECTS UTILIDADES/Modulo bienestar-eventos/span_Eventos (bie)")): Object: 'Object Repository/3-OBJECTS UTILIDADES/Modulo bienestar-eventos/span_Eventos (bie)' is clicked on

2023-03-09 12:54:10 - [MESSAGE][PASSED] - Object: 'Object Repository/3-OBJECTS UTILIDADES/Modulo bienestar-eventos/span_Eventos (bie)' is clicked on

2023-03-09 12:54:10 - [MESSAGE][PASSED] - Call Test Case 'Test Cases/Utilidades-(atajos_para _tareas)/Modulos/Modulo bienestar-eventos' successfully

2023-03-09 12:54:10 - [TEST_STEP][PASSED] - click(findTestObject("2-OBJECTS TAREAS SECUNDARIAS/Pruebas Bienestar/Sancionados/td_Prueba-S-SH")): Object: 'Object Repository/2-OBJECTS TAREAS SECUNDARIAS/Pruebas Bienestar/Sancionados/td_Prueba-S-SH' is clicked on

2023-03-09 12:54:13 - [MESSAGE][PASSED] - Object: 'Object Repository/2-OBJECTS TAREAS SECUNDARIAS/Pruebas Bienestar/Sancionados/td_Prueba-S-SH' is clicked on

2023-03-09 12:54:13 - [TEST_STEP][PASSED] - click(findTestObject("2-OBJECTS TAREAS SECUNDARIAS/Pruebas Bienestar/Sancionados/div_Participante")): Object: 'Object Repository/2-OBJECTS TAREAS SECUNDARIAS/Pruebas Bienestar/Sancionados/div_Participante' is clicked on

2023-03-09 12:54:14 - [MESSAGE][PASSED] - Object: 'Object Repository/2-OBJECTS TAREAS SECUNDARIAS/Pruebas Bienestar/Sancionados/div_Participante' is clicked on

2023-03-09 12:54:14 - [TEST_STEP][PASSED] - click(findTestObject("2-OBJECTS TAREAS SECUNDARIAS/Pruebas Bienestar/Sancionados/a_Individual")): Object: 'Object Repository/2-OBJECTS TAREAS SECUNDARIAS/Pruebas Bienestar/Sancionados/a_Individual' is clicked on

2023-03-09 12:54:15 - [MESSAGE][PASSED] - Object: 'Object Repository/2-OBJECTS TAREAS SECUNDARIAS/Pruebas Bienestar/Sancionados/a_Individual' is clicked on

2023-03-09 12:54:15 - [TEST_STEP][PASSED] - if (waitForElementVisible(findTestObject("2-OBJECTS TAREAS SECUNDARIAS/Pruebas Bienestar/Sancionados/td_Diaz Blanco Guisell"), 1)): Object 'Object Repository/2-OBJECTS TAREAS SECUNDARIAS/Pruebas Bienestar/Sancionados/a_2' is visible

2023-03-09 12:54:17 - [MESSAGE][INFO] - Unable to find the element located by 'By.xpath: //*/text()[normalize-space(.)='Constantino Jhon']/parent::*'. Please recheck the objects properties to make sure the desired element is located. 

2023-03-09 12:54:17 - [MESSAGE][WARNING] - Web element with id: 'Object Repository/2-OBJECTS TAREAS SECUNDARIAS/Pruebas Bienestar/Sancionados/td_Diaz Blanco Guisell' located by '//*/text()[normalize-space(.)='Constantino Jhon']/parent::*' not found

2023-03-09 12:54:18 - [MESSAGE][PASSED] - Object 'Object Repository/2-OBJECTS TAREAS SECUNDARIAS/Pruebas Bienestar/Sancionados/a_2' is visible

2023-03-09 12:54:18 - [TEST_STEP][PASSED] - else if (waitForElementVisible(findTestObject("2-OBJECTS TAREAS SECUNDARIAS/Pruebas Bienestar/Sancionados/a_2"), 1)): Web element with id: 'Object Repository/2-OBJECTS TAREAS SECUNDARIAS/Pruebas Bienestar/Sancionados/td_Diaz Blanco Guisell' located by '//*/text()[normalize-space(.)='Constantino Jhon']/parent::*' not found

2023-03-09 12:54:18 - [TEST_STEP][PASSED] - if (waitForElementVisible(findTestObject("2-OBJECTS TAREAS SECUNDARIAS/Pruebas Bienestar/Sancionados/td_Diaz Blanco Guisell"), 1)): Web element with id: 'Object Repository/2-OBJECTS TAREAS SECUNDARIAS/Pruebas Bienestar/Sancionados/td_Diaz Blanco Guisell' located by '//*/text()[normalize-space(.)='Constantino Jhon']/parent::*' not found

2023-03-09 12:54:20 - [MESSAGE][INFO] - Unable to find the element located by 'By.xpath: //*/text()[normalize-space(.)='Constantino Jhon']/parent::*'. Please recheck the objects properties to make sure the desired element is located. 

2023-03-09 12:54:20 - [MESSAGE][WARNING] - Web element with id: 'Object Repository/2-OBJECTS TAREAS SECUNDARIAS/Pruebas Bienestar/Sancionados/td_Diaz Blanco Guisell' located by '//*/text()[normalize-space(.)='Constantino Jhon']/parent::*' not found

2023-03-09 12:54:20 - [TEST_STEP][PASSED] - click(findTestObject("2-OBJECTS TAREAS SECUNDARIAS/Pruebas Bienestar/Sancionados/a_Sancionados")): Object: 'Object Repository/2-OBJECTS TAREAS SECUNDARIAS/Pruebas Bienestar/Sancionados/a_Sancionados' is clicked on

2023-03-09 12:54:20 - [MESSAGE][PASSED] - Object: 'Object Repository/2-OBJECTS TAREAS SECUNDARIAS/Pruebas Bienestar/Sancionados/a_Sancionados' is clicked on

2023-03-09 12:54:20 - [TEST_STEP][PASSED] - if (waitForElementVisible(findTestObject("2-OBJECTS TAREAS SECUNDARIAS/Pruebas Bienestar/Sancionados/a_PRUEBAS K_form_sancionadoslistaSancionados0j_idt641"), 1)): Web element with id: 'Object Repository/2-OBJECTS TAREAS SECUNDARIAS/Pruebas Bienestar/Sancionados/a_PRUEBAS K_form_sancionadoslistaSancionados0j_idt641' located by '//a[@id='form_sancionados:listaSancionados:0:j_idt641']' not found

2023-03-09 12:54:22 - [MESSAGE][INFO] - Unable to find the element located by 'By.xpath: //a[@id='form_sancionados:listaSancionados:0:j_idt641']'. Please recheck the objects properties to make sure the desired element is located. 

2023-03-09 12:54:22 - [MESSAGE][WARNING] - Web element with id: 'Object Repository/2-OBJECTS TAREAS SECUNDARIAS/Pruebas Bienestar/Sancionados/a_PRUEBAS K_form_sancionadoslistaSancionados0j_idt641' located by '//a[@id='form_sancionados:listaSancionados:0:j_idt641']' not found

2023-03-09 12:54:22 - [TEST_STEP][PASSED] - selectOptionByIndex(findTestObject("2-OBJECTS TAREAS SECUNDARIAS/Pruebas Bienestar/Sancionados/select_-- Seleccione --1010220596 - A A A1057596487 - Diaz Blanco Guisell"), 2): All options with index in [2] are selected on object 'Object Repository/2-OBJECTS TAREAS SECUNDARIAS/Pruebas Bienestar/Sancionados/select_-- Seleccione --1010220596 - A A A1057596487 - Diaz Blanco Guisell'

2023-03-09 12:54:23 - [MESSAGE][PASSED] - All options with index in [2] are selected on object 'Object Repository/2-OBJECTS TAREAS SECUNDARIAS/Pruebas Bienestar/Sancionados/select_-- Seleccione --1010220596 - A A A1057596487 - Diaz Blanco Guisell'

2023-03-09 12:54:23 - [TEST_STEP][PASSED] - setText(findTestObject("2-OBJECTS TAREAS SECUNDARIAS/Pruebas Bienestar/Sancionados/textarea_Observacin_form_sancionadoslistaSancionadosobservacion"), "PRUEBAS K"): Text 'PRUEBAS K' is set on object 'Object Repository/2-OBJECTS TAREAS SECUNDARIAS/Pruebas Bienestar/Sancionados/textarea_Observacin_form_sancionadoslistaSancionadosobservacion'

2023-03-09 12:54:24 - [MESSAGE][PASSED] - Text 'PRUEBAS K' is set on object 'Object Repository/2-OBJECTS TAREAS SECUNDARIAS/Pruebas Bienestar/Sancionados/textarea_Observacin_form_sancionadoslistaSancionadosobservacion'

2023-03-09 12:54:24 - [TEST_STEP][PASSED] - click(findTestObject("2-OBJECTS TAREAS SECUNDARIAS/Pruebas Bienestar/Sancionados/a_Observacin_form_sancionadoslistaSancionadosj_idt643")): Object: 'Object Repository/2-OBJECTS TAREAS SECUNDARIAS/Pruebas Bienestar/Sancionados/a_Observacin_form_sancionadoslistaSancionadosj_idt643' is clicked on

2023-03-09 12:54:25 - [MESSAGE][PASSED] - Object: 'Object Repository/2-OBJECTS TAREAS SECUNDARIAS/Pruebas Bienestar/Sancionados/a_Observacin_form_sancionadoslistaSancionadosj_idt643' is clicked on

2023-03-09 12:54:25 - [TEST_STEP][PASSED] - if (waitForElementVisible(findTestObject("2-OBJECTS TAREAS SECUNDARIAS/Pruebas Bienestar/Sancionados/td_PRUEBAS K"), 1)): null

2023-03-09 12:54:26 - [MESSAGE][PASSED] - Object 'Object Repository/2-OBJECTS TAREAS SECUNDARIAS/Pruebas Bienestar/Sancionados/td_PRUEBAS K' is visible

2023-03-09 12:54:26 - [TEST_STEP][PASSED] - Resultado = "Prueba ok": null

2023-03-09 12:54:26 - [TEST_STEP][PASSED] - closeBrowser(): Browser is closed

2023-03-09 12:54:26 - [MESSAGE][PASSED] - Browser is closed]]></system-out>
         <system-err><![CDATA[]]></system-err>
      </testcase>
      <testcase name="Test Cases/1.2-Tareas_Secundarias/3.1-Pruebas_Bienestar/3.2.8-Programación_de_evaluación" time="40.246" classname="Test Cases/1.2-Tareas_Secundarias/3.1-Pruebas_Bienestar/3.2.8-Programación_de_evaluación" status="PASSED">
         <system-out><![CDATA[2023-03-09 12:54:26 - [TEST_CASE][PASSED] - Test Cases/1.2-Tareas_Secundarias/3.1-Pruebas_Bienestar/3.2.8-Programación_de_evaluación: Test Cases/1.2-Tareas_Secundarias/3.1-Pruebas_Bienestar/3.2.8-Programación_de_evaluación

2023-03-09 12:54:27 - [TEST_STEP][PASSED] - callTestCase(findTestCase("Utilidades-(atajos_para _tareas)/Modulos/Modulo bienestar-eventos"), [:], STOP_ON_FAILURE): Call Test Case 'Test Cases/Utilidades-(atajos_para _tareas)/Modulos/Modulo bienestar-eventos' successfully

2023-03-09 12:54:27 - [TEST_CASE][PASSED] - Test Cases/Utilidades-(atajos_para _tareas)/Modulos/Modulo bienestar-eventos: Test Cases/Utilidades-(atajos_para _tareas)/Modulos/Modulo bienestar-eventos

2023-03-09 12:54:27 - [TEST_STEP][PASSED] - callTestCase(findTestCase("0.1-Login"), [:], STOP_ON_FAILURE): Call Test Case 'Test Cases/0.1-Login' successfully

2023-03-09 12:54:27 - [TEST_CASE][PASSED] - Test Cases/0.1-Login: Test Cases/0.1-Login

2023-03-09 12:54:27 - [TEST_STEP][PASSED] - openBrowser(""): Browser is opened with url: ''

2023-03-09 12:54:27 - [MESSAGE][INFO] - Starting 'Chrome' driver

2023-03-09 12:54:27 - [MESSAGE][INFO] - Action delay is set to 0 milliseconds

2023-03-09 12:54:28 - [MESSAGE][PASSED] - Browser is opened with url: ''

2023-03-09 12:54:28 - [TEST_STEP][PASSED] - maximizeWindow(): Current window maximized

2023-03-09 12:54:28 - [MESSAGE][PASSED] - Current window maximized

2023-03-09 12:54:28 - [TEST_STEP][PASSED] - i = G_Login: null

2023-03-09 12:54:28 - [TEST_STEP][PASSED] - url = new java.net.URL(i): null

2023-03-09 12:54:28 - [TEST_STEP][PASSED] - println("URL: " + url.toString()): null

2023-03-09 12:54:28 - [TEST_STEP][PASSED] - connection = url.openConnection(): null

2023-03-09 12:54:28 - [TEST_STEP][PASSED] - connection.setRequestMethod("GET"): null

2023-03-09 12:54:28 - [TEST_STEP][PASSED] - connection.setReadTimeout(2 * 1000): null

2023-03-09 12:54:28 - [TEST_STEP][PASSED] - try: null

2023-03-09 12:54:28 - [TEST_STEP][PASSED] - connection.connect(): null

2023-03-09 12:54:28 - [TEST_STEP][PASSED] - flag = connected: null

2023-03-09 12:54:28 - [TEST_STEP][PASSED] - println("Valor_ori: " + flag): null

2023-03-09 12:54:28 - [TEST_STEP][PASSED] - if (flag): null

2023-03-09 12:54:28 - [TEST_STEP][PASSED] - navigateToUrl(i): Navigate to 'http://192.168.2.19:7001/saraweb' successfully

2023-03-09 12:54:30 - [MESSAGE][PASSED] - Navigate to 'http://192.168.2.19:7001/saraweb' successfully

2023-03-09 12:54:30 - [TEST_STEP][PASSED] - a(): null

2023-03-09 12:54:30 - [TEST_STEP][PASSED] - if (waitForElementVisible(findTestObject("3-OBJECTS UTILIDADES/Login/input_USUARIO_loginusuario"), 0)): null

2023-03-09 12:54:30 - [MESSAGE][WARNING] - Timeout '0' is invalid. Using default page load timeout: '37'

2023-03-09 12:54:30 - [MESSAGE][PASSED] - Object 'Object Repository/3-OBJECTS UTILIDADES/Login/input_USUARIO_loginusuario' is visible

2023-03-09 12:54:30 - [TEST_STEP][PASSED] - switchToWindowTitle("SARA"): Switched to window with title: 'SARA'

2023-03-09 12:54:30 - [MESSAGE][PASSED] - Switched to window with title: 'SARA'

2023-03-09 12:54:30 - [TEST_STEP][PASSED] - zoom(): null

2023-03-09 12:54:30 - [TEST_STEP][PASSED] - robot = new java.awt.Robot(): null

2023-03-09 12:54:30 - [TEST_STEP][PASSED] - robot.keyPress(VK_CONTROL): null

2023-03-09 12:54:30 - [TEST_STEP][PASSED] - robot.keyPress(VK_SUBTRACT): null

2023-03-09 12:54:30 - [TEST_STEP][PASSED] - robot.keyRelease(VK_CONTROL): null

2023-03-09 12:54:30 - [TEST_STEP][PASSED] - robot.keyRelease(VK_SUBTRACT): null

2023-03-09 12:54:30 - [TEST_STEP][PASSED] - robot.keyPress(VK_CONTROL): null

2023-03-09 12:54:30 - [TEST_STEP][PASSED] - robot.keyPress(VK_SUBTRACT): null

2023-03-09 12:54:30 - [TEST_STEP][PASSED] - robot.keyRelease(VK_CONTROL): null

2023-03-09 12:54:30 - [TEST_STEP][PASSED] - robot.keyRelease(VK_SUBTRACT): null

2023-03-09 12:54:30 - [TEST_STEP][PASSED] - robot.keyPress(VK_CONTROL): null

2023-03-09 12:54:30 - [TEST_STEP][PASSED] - robot.keyPress(VK_SUBTRACT): null

2023-03-09 12:54:30 - [TEST_STEP][PASSED] - robot.keyRelease(VK_CONTROL): null

2023-03-09 12:54:30 - [TEST_STEP][PASSED] - robot.keyRelease(VK_SUBTRACT): null

2023-03-09 12:54:30 - [TEST_STEP][PASSED] - robot.keyRelease(VK_CONTROL): null

2023-03-09 12:54:30 - [TEST_STEP][PASSED] - robot.keyRelease(VK_SUBTRACT): null

2023-03-09 12:54:30 - [TEST_STEP][PASSED] - setText(findTestObject("3-OBJECTS UTILIDADES/Login/input_USUARIO_loginusuario"), G_Usuario): Text 'weblogic' is set on object 'Object Repository/3-OBJECTS UTILIDADES/Login/input_USUARIO_loginusuario'

2023-03-09 12:54:31 - [MESSAGE][PASSED] - Text 'weblogic' is set on object 'Object Repository/3-OBJECTS UTILIDADES/Login/input_USUARIO_loginusuario'

2023-03-09 12:54:31 - [TEST_STEP][PASSED] - setEncryptedText(findTestObject("3-OBJECTS UTILIDADES/Login/input_CLAVE_loginpassword"), "SlAwMcyRKqrwbnzhAs8HhT6NnI7sEyng"): Text ****** has been set on object 'Object Repository/3-OBJECTS UTILIDADES/Login/input_CLAVE_loginpassword'

2023-03-09 12:54:34 - [MESSAGE][PASSED] - Text ****** has been set on object 'Object Repository/3-OBJECTS UTILIDADES/Login/input_CLAVE_loginpassword'

2023-03-09 12:54:34 - [TEST_STEP][PASSED] - while (waitForElementClickable(findTestObject("3-OBJECTS UTILIDADES/Login/a_Ingresar"), 1)): Web element with id: 'Object Repository/3-OBJECTS UTILIDADES/Login/a_Ingresar' located by '//a[contains(text(),'Ingresar')]' not found

2023-03-09 12:54:36 - [MESSAGE][INFO] - Unable to find the element located by 'By.xpath: //a[contains(text(),'Ingresar')]'. Please recheck the objects properties to make sure the desired element is located. 

2023-03-09 12:54:36 - [MESSAGE][WARNING] - Web element with id: 'Object Repository/3-OBJECTS UTILIDADES/Login/a_Ingresar' located by '//a[contains(text(),'Ingresar')]' not found

2023-03-09 12:54:36 - [MESSAGE][PASSED] - Call Test Case 'Test Cases/0.1-Login' successfully

2023-03-09 12:54:36 - [TEST_STEP][PASSED] - waitForElementClickable(findTestObject("3-OBJECTS UTILIDADES/Modulo bienestar-eventos/input_ADMINISTRADOR DEL SISTEMA"), 0): Object 'Object Repository/3-OBJECTS UTILIDADES/Modulo bienestar-eventos/input_ADMINISTRADOR DEL SISTEMA' is clickable

2023-03-09 12:54:36 - [MESSAGE][WARNING] - Timeout '0' is invalid. Using default page load timeout: '37'

2023-03-09 12:54:36 - [MESSAGE][PASSED] - Object 'Object Repository/3-OBJECTS UTILIDADES/Modulo bienestar-eventos/input_ADMINISTRADOR DEL SISTEMA' is clickable

2023-03-09 12:54:36 - [TEST_STEP][PASSED] - setText(findTestObject("3-OBJECTS UTILIDADES/Modulo bienestar-eventos/input_ADMINISTRADOR DEL SISTEMA"), "eventos (bie)"): Text 'eventos (bie)' is set on object 'Object Repository/3-OBJECTS UTILIDADES/Modulo bienestar-eventos/input_ADMINISTRADOR DEL SISTEMA'

2023-03-09 12:54:37 - [MESSAGE][PASSED] - Text 'eventos (bie)' is set on object 'Object Repository/3-OBJECTS UTILIDADES/Modulo bienestar-eventos/input_ADMINISTRADOR DEL SISTEMA'

2023-03-09 12:54:37 - [TEST_STEP][PASSED] - click(findTestObject("3-OBJECTS UTILIDADES/Modulo bienestar-eventos/span_Eventos (bie)")): Object: 'Object Repository/3-OBJECTS UTILIDADES/Modulo bienestar-eventos/span_Eventos (bie)' is clicked on

2023-03-09 12:54:38 - [MESSAGE][PASSED] - Object: 'Object Repository/3-OBJECTS UTILIDADES/Modulo bienestar-eventos/span_Eventos (bie)' is clicked on

2023-03-09 12:54:38 - [MESSAGE][PASSED] - Call Test Case 'Test Cases/Utilidades-(atajos_para _tareas)/Modulos/Modulo bienestar-eventos' successfully

2023-03-09 12:54:38 - [TEST_STEP][PASSED] - click(findTestObject("2-OBJECTS TAREAS SECUNDARIAS/Pruebas Bienestar/Programación_de_evaluación/td_Prueba-S")): Object: 'Object Repository/2-OBJECTS TAREAS SECUNDARIAS/Pruebas Bienestar/Programación_de_evaluación/td_Prueba-S' is clicked on

2023-03-09 12:54:42 - [MESSAGE][PASSED] - Object: 'Object Repository/2-OBJECTS TAREAS SECUNDARIAS/Pruebas Bienestar/Programación_de_evaluación/td_Prueba-S' is clicked on

2023-03-09 12:54:42 - [TEST_STEP][PASSED] - click(findTestObject("2-OBJECTS TAREAS SECUNDARIAS/Pruebas Bienestar/Programación_de_evaluación/div_Participante")): Object: 'Object Repository/2-OBJECTS TAREAS SECUNDARIAS/Pruebas Bienestar/Programación_de_evaluación/div_Participante' is clicked on

2023-03-09 12:54:43 - [MESSAGE][PASSED] - Object: 'Object Repository/2-OBJECTS TAREAS SECUNDARIAS/Pruebas Bienestar/Programación_de_evaluación/div_Participante' is clicked on

2023-03-09 12:54:43 - [TEST_STEP][PASSED] - click(findTestObject("2-OBJECTS TAREAS SECUNDARIAS/Pruebas Bienestar/Programación_de_evaluación/a_Grupo")): Object: 'Object Repository/2-OBJECTS TAREAS SECUNDARIAS/Pruebas Bienestar/Programación_de_evaluación/a_Grupo' is clicked on

2023-03-09 12:54:44 - [MESSAGE][PASSED] - Object: 'Object Repository/2-OBJECTS TAREAS SECUNDARIAS/Pruebas Bienestar/Programación_de_evaluación/a_Grupo' is clicked on

2023-03-09 12:54:44 - [TEST_STEP][PASSED] - if (waitForElementVisible(findTestObject("2-OBJECTS TAREAS SECUNDARIAS/Pruebas Bienestar/Programación_de_evaluación/td_PRUEBAS K"), 1)): Web element with id: 'Object Repository/2-OBJECTS TAREAS SECUNDARIAS/Pruebas Bienestar/Programación_de_evaluación/td_PRUEBAS K' located by '//*/text()[normalize-space(.)='PRUEBAS K']/parent::*' not found

2023-03-09 12:54:46 - [MESSAGE][INFO] - Unable to find the element located by 'By.xpath: //*/text()[normalize-space(.)='PRUEBAS K']/parent::*'. Please recheck the objects properties to make sure the desired element is located. 

2023-03-09 12:54:46 - [MESSAGE][WARNING] - Web element with id: 'Object Repository/2-OBJECTS TAREAS SECUNDARIAS/Pruebas Bienestar/Programación_de_evaluación/td_PRUEBAS K' located by '//*/text()[normalize-space(.)='PRUEBAS K']/parent::*' not found

2023-03-09 12:54:46 - [TEST_STEP][PASSED] - else: Object: 'Object Repository/2-OBJECTS TAREAS SECUNDARIAS/Pruebas Bienestar/Programación_de_evaluación/span_Inscrito_ui-icon ui-icon-closethick' is clicked on

2023-03-09 12:54:46 - [TEST_STEP][PASSED] - click(findTestObject("2-OBJECTS TAREAS SECUNDARIAS/Pruebas Bienestar/Programación_de_evaluación/a_Nuevo")): Object: 'Object Repository/2-OBJECTS TAREAS SECUNDARIAS/Pruebas Bienestar/Programación_de_evaluación/a_Nuevo' is clicked on

2023-03-09 12:54:46 - [MESSAGE][PASSED] - Object: 'Object Repository/2-OBJECTS TAREAS SECUNDARIAS/Pruebas Bienestar/Programación_de_evaluación/a_Nuevo' is clicked on

2023-03-09 12:54:46 - [TEST_STEP][PASSED] - setText(findTestObject("2-OBJECTS TAREAS SECUNDARIAS/Pruebas Bienestar/Programación_de_evaluación/input_Cdigo_grupoEventopanel_principal_2codigo"), "5"): Text '5' is set on object 'Object Repository/2-OBJECTS TAREAS SECUNDARIAS/Pruebas Bienestar/Programación_de_evaluación/input_Cdigo_grupoEventopanel_principal_2codigo'

2023-03-09 12:54:47 - [MESSAGE][PASSED] - Text '5' is set on object 'Object Repository/2-OBJECTS TAREAS SECUNDARIAS/Pruebas Bienestar/Programación_de_evaluación/input_Cdigo_grupoEventopanel_principal_2codigo'

2023-03-09 12:54:47 - [TEST_STEP][PASSED] - setText(findTestObject("2-OBJECTS TAREAS SECUNDARIAS/Pruebas Bienestar/Programación_de_evaluación/input_Nombre_grupoEventopanel_principal_2pGNombre"), "PRUEBAS K"): Text 'PRUEBAS K' is set on object 'Object Repository/2-OBJECTS TAREAS SECUNDARIAS/Pruebas Bienestar/Programación_de_evaluación/input_Nombre_grupoEventopanel_principal_2pGNombre'

2023-03-09 12:54:48 - [MESSAGE][PASSED] - Text 'PRUEBAS K' is set on object 'Object Repository/2-OBJECTS TAREAS SECUNDARIAS/Pruebas Bienestar/Programación_de_evaluación/input_Nombre_grupoEventopanel_principal_2pGNombre'

2023-03-09 12:54:48 - [TEST_STEP][PASSED] - selectOptionByIndex(findTestObject("2-OBJECTS TAREAS SECUNDARIAS/Pruebas Bienestar/Programación_de_evaluación/select_-- Seleccione --prueba"), 1): All options with index in [1] are selected on object 'Object Repository/2-OBJECTS TAREAS SECUNDARIAS/Pruebas Bienestar/Programación_de_evaluación/select_-- Seleccione --prueba'

2023-03-09 12:54:49 - [MESSAGE][PASSED] - All options with index in [1] are selected on object 'Object Repository/2-OBJECTS TAREAS SECUNDARIAS/Pruebas Bienestar/Programación_de_evaluación/select_-- Seleccione --prueba'

2023-03-09 12:54:49 - [TEST_STEP][PASSED] - selectOptionByIndex(findTestObject("2-OBJECTS TAREAS SECUNDARIAS/Pruebas Bienestar/Programación_de_evaluación/select_-- Seleccione --AceptadoCanceladoFinalizadoInscritoNo AceptadoNo FinalizadoSolicitado"), 7): All options with index in [7] are selected on object 'Object Repository/2-OBJECTS TAREAS SECUNDARIAS/Pruebas Bienestar/Programación_de_evaluación/select_-- Seleccione --AceptadoCanceladoFinalizadoInscritoNo AceptadoNo FinalizadoSolicitado'

2023-03-09 12:54:50 - [MESSAGE][PASSED] - All options with index in [7] are selected on object 'Object Repository/2-OBJECTS TAREAS SECUNDARIAS/Pruebas Bienestar/Programación_de_evaluación/select_-- Seleccione --AceptadoCanceladoFinalizadoInscritoNo AceptadoNo FinalizadoSolicitado'

2023-03-09 12:54:50 - [TEST_STEP][PASSED] - selectOptionByIndex(findTestObject("2-OBJECTS TAREAS SECUNDARIAS/Pruebas Bienestar/Programación_de_evaluación/select_CALIDADMENSUAL ABCMODELO EMPRESA QUINCENALPANSIONADOSPENSIONADOS BASEPRUEBAS"), 5): All options with index in [5] are selected on object 'Object Repository/2-OBJECTS TAREAS SECUNDARIAS/Pruebas Bienestar/Programación_de_evaluación/select_CALIDADMENSUAL ABCMODELO EMPRESA QUINCENALPANSIONADOSPENSIONADOS BASEPRUEBAS'

2023-03-09 12:54:51 - [MESSAGE][PASSED] - All options with index in [5] are selected on object 'Object Repository/2-OBJECTS TAREAS SECUNDARIAS/Pruebas Bienestar/Programación_de_evaluación/select_CALIDADMENSUAL ABCMODELO EMPRESA QUINCENALPANSIONADOSPENSIONADOS BASEPRUEBAS'

2023-03-09 12:54:51 - [TEST_STEP][PASSED] - element = findWebElement(findTestObject("2-OBJECTS TAREAS SECUNDARIAS/Pruebas Bienestar/Programación_de_evaluación/a_Guardar"), 30): null

2023-03-09 12:54:52 - [TEST_STEP][PASSED] - executeJavaScript("arguments[0].click()", Arrays.asList(element)): Execute JavaScript 'arguments[0].click()' successfully

2023-03-09 12:54:52 - [MESSAGE][PASSED] - Execute JavaScript 'arguments[0].click()' successfully

2023-03-09 12:54:52 - [TEST_STEP][PASSED] - click(findTestObject("2-OBJECTS TAREAS SECUNDARIAS/Pruebas Bienestar/Programación_de_evaluación/a_Integrantes")): Object: 'Object Repository/2-OBJECTS TAREAS SECUNDARIAS/Pruebas Bienestar/Programación_de_evaluación/a_Integrantes' is clicked on

2023-03-09 12:54:53 - [MESSAGE][PASSED] - Object: 'Object Repository/2-OBJECTS TAREAS SECUNDARIAS/Pruebas Bienestar/Programación_de_evaluación/a_Integrantes' is clicked on

2023-03-09 12:54:53 - [TEST_STEP][PASSED] - click(findTestObject("2-OBJECTS TAREAS SECUNDARIAS/Pruebas Bienestar/Programación_de_evaluación/a_Costo_grupoEventopanel_principal_2pGListaIntegrantesj_idt376")): Object: 'Object Repository/2-OBJECTS TAREAS SECUNDARIAS/Pruebas Bienestar/Programación_de_evaluación/a_Costo_grupoEventopanel_principal_2pGListaIntegrantesj_idt376' is clicked on

2023-03-09 12:54:54 - [MESSAGE][PASSED] - Object: 'Object Repository/2-OBJECTS TAREAS SECUNDARIAS/Pruebas Bienestar/Programación_de_evaluación/a_Costo_grupoEventopanel_principal_2pGListaIntegrantesj_idt376' is clicked on

2023-03-09 12:54:54 - [TEST_STEP][PASSED] - setText(findTestObject("2-OBJECTS TAREAS SECUNDARIAS/Pruebas Bienestar/Programación_de_evaluación/input_Filtro Hoja de Vida_formPopupHojaVidaj_idt2407"), "A A A"): Text 'A A A' is set on object 'Object Repository/2-OBJECTS TAREAS SECUNDARIAS/Pruebas Bienestar/Programación_de_evaluación/input_Filtro Hoja de Vida_formPopupHojaVidaj_idt2407'

2023-03-09 12:54:55 - [MESSAGE][PASSED] - Text 'A A A' is set on object 'Object Repository/2-OBJECTS TAREAS SECUNDARIAS/Pruebas Bienestar/Programación_de_evaluación/input_Filtro Hoja de Vida_formPopupHojaVidaj_idt2407'

2023-03-09 12:54:55 - [TEST_STEP][PASSED] - sendKeys(findTestObject("2-OBJECTS TAREAS SECUNDARIAS/Pruebas Bienestar/Programación_de_evaluación/input_Filtro Hoja de Vida_formPopupHojaVidaj_idt2407"), Keys.chord(ENTER)): Keys 'ENTER + ' sent to object: 'Object Repository/2-OBJECTS TAREAS SECUNDARIAS/Pruebas Bienestar/Programación_de_evaluación/input_Filtro Hoja de Vida_formPopupHojaVidaj_idt2407'

2023-03-09 12:54:55 - [MESSAGE][PASSED] - Keys 'ENTER + ' sent to object: 'Object Repository/2-OBJECTS TAREAS SECUNDARIAS/Pruebas Bienestar/Programación_de_evaluación/input_Filtro Hoja de Vida_formPopupHojaVidaj_idt2407'

2023-03-09 12:54:55 - [TEST_STEP][PASSED] - click(findTestObject("2-OBJECTS TAREAS SECUNDARIAS/Pruebas Bienestar/Programación_de_evaluación/span_A A A")): Object: 'Object Repository/2-OBJECTS TAREAS SECUNDARIAS/Pruebas Bienestar/Programación_de_evaluación/span_A A A' is clicked on

2023-03-09 12:54:56 - [MESSAGE][PASSED] - Object: 'Object Repository/2-OBJECTS TAREAS SECUNDARIAS/Pruebas Bienestar/Programación_de_evaluación/span_A A A' is clicked on

2023-03-09 12:54:56 - [TEST_STEP][PASSED] - click(findTestObject("2-OBJECTS TAREAS SECUNDARIAS/Pruebas Bienestar/Programación_de_evaluación/a_Costo_grupoEventopanel_principal_2pGListaIntegrantesj_idt391")): Object: 'Object Repository/2-OBJECTS TAREAS SECUNDARIAS/Pruebas Bienestar/Programación_de_evaluación/a_Costo_grupoEventopanel_principal_2pGListaIntegrantesj_idt391' is clicked on

2023-03-09 12:54:57 - [MESSAGE][PASSED] - Object: 'Object Repository/2-OBJECTS TAREAS SECUNDARIAS/Pruebas Bienestar/Programación_de_evaluación/a_Costo_grupoEventopanel_principal_2pGListaIntegrantesj_idt391' is clicked on

2023-03-09 12:54:57 - [TEST_STEP][PASSED] - click(findTestObject("2-OBJECTS TAREAS SECUNDARIAS/Pruebas Bienestar/Programación_de_evaluación/span_Inscrito_ui-icon ui-icon-closethick")): Object: 'Object Repository/2-OBJECTS TAREAS SECUNDARIAS/Pruebas Bienestar/Programación_de_evaluación/span_Inscrito_ui-icon ui-icon-closethick' is clicked on

2023-03-09 12:54:58 - [MESSAGE][PASSED] - Object: 'Object Repository/2-OBJECTS TAREAS SECUNDARIAS/Pruebas Bienestar/Programación_de_evaluación/span_Inscrito_ui-icon ui-icon-closethick' is clicked on

2023-03-09 12:54:58 - [TEST_STEP][PASSED] - click(findTestObject("2-OBJECTS TAREAS SECUNDARIAS/Pruebas Bienestar/Programación_de_evaluación/div_Evaluacin")): Object: 'Object Repository/2-OBJECTS TAREAS SECUNDARIAS/Pruebas Bienestar/Programación_de_evaluación/div_Evaluacin' is clicked on

2023-03-09 12:54:58 - [MESSAGE][PASSED] - Object: 'Object Repository/2-OBJECTS TAREAS SECUNDARIAS/Pruebas Bienestar/Programación_de_evaluación/div_Evaluacin' is clicked on

2023-03-09 12:54:58 - [TEST_STEP][PASSED] - click(findTestObject("2-OBJECTS TAREAS SECUNDARIAS/Pruebas Bienestar/Programación_de_evaluación/a_Evento")): Object: 'Object Repository/2-OBJECTS TAREAS SECUNDARIAS/Pruebas Bienestar/Programación_de_evaluación/a_Evento' is clicked on

2023-03-09 12:54:59 - [MESSAGE][PASSED] - Object: 'Object Repository/2-OBJECTS TAREAS SECUNDARIAS/Pruebas Bienestar/Programación_de_evaluación/a_Evento' is clicked on

2023-03-09 12:54:59 - [TEST_STEP][PASSED] - if (waitForElementVisible(findTestObject("2-OBJECTS TAREAS SECUNDARIAS/Pruebas Bienestar/Programación_de_evaluación/a_No Diligenciada_formEventoEvaluacionpanel_eventotablaEvaluacion0j_idt881"), 1)): Web element with id: 'Object Repository/2-OBJECTS TAREAS SECUNDARIAS/Pruebas Bienestar/Programación_de_evaluación/a_No Diligenciada_formEventoEvaluacionpanel_eventotablaEvaluacion0j_idt881' located by '//td[10]/a' not found

2023-03-09 12:55:01 - [MESSAGE][INFO] - Unable to find the element located by 'By.xpath: //td[10]/a'. Please recheck the objects properties to make sure the desired element is located. 

2023-03-09 12:55:01 - [MESSAGE][WARNING] - Web element with id: 'Object Repository/2-OBJECTS TAREAS SECUNDARIAS/Pruebas Bienestar/Programación_de_evaluación/a_No Diligenciada_formEventoEvaluacionpanel_eventotablaEvaluacion0j_idt881' located by '//td[10]/a' not found

2023-03-09 12:55:01 - [TEST_STEP][PASSED] - click(findTestObject("2-OBJECTS TAREAS SECUNDARIAS/Pruebas Bienestar/Programación_de_evaluación/a_Programar")): Object: 'Object Repository/2-OBJECTS TAREAS SECUNDARIAS/Pruebas Bienestar/Programación_de_evaluación/a_Programar' is clicked on

2023-03-09 12:55:01 - [MESSAGE][PASSED] - Object: 'Object Repository/2-OBJECTS TAREAS SECUNDARIAS/Pruebas Bienestar/Programación_de_evaluación/a_Programar' is clicked on

2023-03-09 12:55:01 - [TEST_STEP][PASSED] - selectOptionByIndex(findTestObject("2-OBJECTS TAREAS SECUNDARIAS/Pruebas Bienestar/Programación_de_evaluación/select_SeleccioneEvaluacin ArtsticaEvaluacin Evento BienestarEvaluacin PreviaEvaluacin EventoqqEvaluacin Bienestar"), 2): All options with index in [2] are selected on object 'Object Repository/2-OBJECTS TAREAS SECUNDARIAS/Pruebas Bienestar/Programación_de_evaluación/select_SeleccioneEvaluacin ArtsticaEvaluacin Evento BienestarEvaluacin PreviaEvaluacin EventoqqEvaluacin Bienestar'

2023-03-09 12:55:03 - [MESSAGE][PASSED] - All options with index in [2] are selected on object 'Object Repository/2-OBJECTS TAREAS SECUNDARIAS/Pruebas Bienestar/Programación_de_evaluación/select_SeleccioneEvaluacin ArtsticaEvaluacin Evento BienestarEvaluacin PreviaEvaluacin EventoqqEvaluacin Bienestar'

2023-03-09 12:55:03 - [TEST_STEP][PASSED] - selectOptionByIndex(findTestObject("2-OBJECTS TAREAS SECUNDARIAS/Pruebas Bienestar/Programación_de_evaluación/select_SeleccioneAceptadoCanceladoFinalizadoInscritoNo AceptadoNo FinalizadoSolicitado"), 0): All options with index in [0] are selected on object 'Object Repository/2-OBJECTS TAREAS SECUNDARIAS/Pruebas Bienestar/Programación_de_evaluación/select_SeleccioneAceptadoCanceladoFinalizadoInscritoNo AceptadoNo FinalizadoSolicitado'

2023-03-09 12:55:04 - [MESSAGE][PASSED] - All options with index in [0] are selected on object 'Object Repository/2-OBJECTS TAREAS SECUNDARIAS/Pruebas Bienestar/Programación_de_evaluación/select_SeleccioneAceptadoCanceladoFinalizadoInscritoNo AceptadoNo FinalizadoSolicitado'

2023-03-09 12:55:04 - [TEST_STEP][PASSED] - click(findTestObject("2-OBJECTS TAREAS SECUNDARIAS/Pruebas Bienestar/Programación_de_evaluación/div_Grupo_ui-chkbox-box ui-widget ui-corner-all ui-state-default ui-state-hover")): Object: 'Object Repository/2-OBJECTS TAREAS SECUNDARIAS/Pruebas Bienestar/Programación_de_evaluación/div_Grupo_ui-chkbox-box ui-widget ui-corner-all ui-state-default ui-state-hover' is clicked on

2023-03-09 12:55:04 - [MESSAGE][PASSED] - Object: 'Object Repository/2-OBJECTS TAREAS SECUNDARIAS/Pruebas Bienestar/Programación_de_evaluación/div_Grupo_ui-chkbox-box ui-widget ui-corner-all ui-state-default ui-state-hover' is clicked on

2023-03-09 12:55:04 - [TEST_STEP][PASSED] - click(findTestObject("2-OBJECTS TAREAS SECUNDARIAS/Pruebas Bienestar/Programación_de_evaluación/a_Aplicar0")): Object: 'Object Repository/2-OBJECTS TAREAS SECUNDARIAS/Pruebas Bienestar/Programación_de_evaluación/a_Aplicar0' is clicked on

2023-03-09 12:55:05 - [MESSAGE][PASSED] - Object: 'Object Repository/2-OBJECTS TAREAS SECUNDARIAS/Pruebas Bienestar/Programación_de_evaluación/a_Aplicar0' is clicked on

2023-03-09 12:55:05 - [TEST_STEP][PASSED] - Result = getText(findTestObject("3-OBJECTS UTILIDADES/Alerta/Alerta")): Text of object 'Object Repository/3-OBJECTS UTILIDADES/Alerta/Alerta' is: 'Se aplico correctamente'

2023-03-09 12:55:06 - [MESSAGE][PASSED] - Text of object 'Object Repository/3-OBJECTS UTILIDADES/Alerta/Alerta' is: 'Se aplico correctamente'

2023-03-09 12:55:06 - [TEST_STEP][PASSED] - if (Result == "Se aplico correctamente"): Browser is closed

2023-03-09 12:55:06 - [TEST_STEP][PASSED] - Resultado = "PRUEBA OK": null

2023-03-09 12:55:06 - [TEST_STEP][PASSED] - closeBrowser(STOP_ON_FAILURE): Browser is closed

2023-03-09 12:55:07 - [MESSAGE][PASSED] - Browser is closed]]></system-out>
         <system-err><![CDATA[]]></system-err>
      </testcase>
      <testcase name="Test Cases/1.2-Tareas_Secundarias/3.1-Pruebas_Bienestar/3.3.1-Recursos" time="23.47" classname="Test Cases/1.2-Tareas_Secundarias/3.1-Pruebas_Bienestar/3.3.1-Recursos" status="PASSED">
         <system-out><![CDATA[2023-03-09 12:55:07 - [TEST_CASE][PASSED] - Test Cases/1.2-Tareas_Secundarias/3.1-Pruebas_Bienestar/3.3.1-Recursos: Test Cases/1.2-Tareas_Secundarias/3.1-Pruebas_Bienestar/3.3.1-Recursos

2023-03-09 12:55:07 - [TEST_STEP][PASSED] - callTestCase(findTestCase("Utilidades-(atajos_para _tareas)/Modulos/Modulo bienestar-eventos"), [:], STOP_ON_FAILURE): Call Test Case 'Test Cases/Utilidades-(atajos_para _tareas)/Modulos/Modulo bienestar-eventos' successfully

2023-03-09 12:55:07 - [TEST_CASE][PASSED] - Test Cases/Utilidades-(atajos_para _tareas)/Modulos/Modulo bienestar-eventos: Test Cases/Utilidades-(atajos_para _tareas)/Modulos/Modulo bienestar-eventos

2023-03-09 12:55:07 - [TEST_STEP][PASSED] - callTestCase(findTestCase("0.1-Login"), [:], STOP_ON_FAILURE): Call Test Case 'Test Cases/0.1-Login' successfully

2023-03-09 12:55:07 - [TEST_CASE][PASSED] - Test Cases/0.1-Login: Test Cases/0.1-Login

2023-03-09 12:55:07 - [TEST_STEP][PASSED] - openBrowser(""): Browser is opened with url: ''

2023-03-09 12:55:07 - [MESSAGE][INFO] - Starting 'Chrome' driver

2023-03-09 12:55:07 - [MESSAGE][INFO] - Action delay is set to 0 milliseconds

2023-03-09 12:55:08 - [MESSAGE][PASSED] - Browser is opened with url: ''

2023-03-09 12:55:08 - [TEST_STEP][PASSED] - maximizeWindow(): Current window maximized

2023-03-09 12:55:09 - [MESSAGE][PASSED] - Current window maximized

2023-03-09 12:55:09 - [TEST_STEP][PASSED] - i = G_Login: null

2023-03-09 12:55:09 - [TEST_STEP][PASSED] - url = new java.net.URL(i): null

2023-03-09 12:55:09 - [TEST_STEP][PASSED] - println("URL: " + url.toString()): null

2023-03-09 12:55:09 - [TEST_STEP][PASSED] - connection = url.openConnection(): null

2023-03-09 12:55:09 - [TEST_STEP][PASSED] - connection.setRequestMethod("GET"): null

2023-03-09 12:55:09 - [TEST_STEP][PASSED] - connection.setReadTimeout(2 * 1000): null

2023-03-09 12:55:09 - [TEST_STEP][PASSED] - try: null

2023-03-09 12:55:09 - [TEST_STEP][PASSED] - connection.connect(): null

2023-03-09 12:55:09 - [TEST_STEP][PASSED] - flag = connected: null

2023-03-09 12:55:09 - [TEST_STEP][PASSED] - println("Valor_ori: " + flag): null

2023-03-09 12:55:09 - [TEST_STEP][PASSED] - if (flag): null

2023-03-09 12:55:09 - [TEST_STEP][PASSED] - navigateToUrl(i): Navigate to 'http://192.168.2.19:7001/saraweb' successfully

2023-03-09 12:55:10 - [MESSAGE][PASSED] - Navigate to 'http://192.168.2.19:7001/saraweb' successfully

2023-03-09 12:55:10 - [TEST_STEP][PASSED] - a(): null

2023-03-09 12:55:10 - [TEST_STEP][PASSED] - if (waitForElementVisible(findTestObject("3-OBJECTS UTILIDADES/Login/input_USUARIO_loginusuario"), 0)): null

2023-03-09 12:55:11 - [MESSAGE][WARNING] - Timeout '0' is invalid. Using default page load timeout: '37'

2023-03-09 12:55:11 - [MESSAGE][PASSED] - Object 'Object Repository/3-OBJECTS UTILIDADES/Login/input_USUARIO_loginusuario' is visible

2023-03-09 12:55:11 - [TEST_STEP][PASSED] - switchToWindowTitle("SARA"): Switched to window with title: 'SARA'

2023-03-09 12:55:11 - [MESSAGE][PASSED] - Switched to window with title: 'SARA'

2023-03-09 12:55:11 - [TEST_STEP][PASSED] - zoom(): null

2023-03-09 12:55:11 - [TEST_STEP][PASSED] - robot = new java.awt.Robot(): null

2023-03-09 12:55:11 - [TEST_STEP][PASSED] - robot.keyPress(VK_CONTROL): null

2023-03-09 12:55:11 - [TEST_STEP][PASSED] - robot.keyPress(VK_SUBTRACT): null

2023-03-09 12:55:11 - [TEST_STEP][PASSED] - robot.keyRelease(VK_CONTROL): null

2023-03-09 12:55:11 - [TEST_STEP][PASSED] - robot.keyRelease(VK_SUBTRACT): null

2023-03-09 12:55:11 - [TEST_STEP][PASSED] - robot.keyPress(VK_CONTROL): null

2023-03-09 12:55:11 - [TEST_STEP][PASSED] - robot.keyPress(VK_SUBTRACT): null

2023-03-09 12:55:11 - [TEST_STEP][PASSED] - robot.keyRelease(VK_CONTROL): null

2023-03-09 12:55:11 - [TEST_STEP][PASSED] - robot.keyRelease(VK_SUBTRACT): null

2023-03-09 12:55:11 - [TEST_STEP][PASSED] - robot.keyPress(VK_CONTROL): null

2023-03-09 12:55:11 - [TEST_STEP][PASSED] - robot.keyPress(VK_SUBTRACT): null

2023-03-09 12:55:11 - [TEST_STEP][PASSED] - robot.keyRelease(VK_CONTROL): null

2023-03-09 12:55:11 - [TEST_STEP][PASSED] - robot.keyRelease(VK_SUBTRACT): null

2023-03-09 12:55:11 - [TEST_STEP][PASSED] - robot.keyRelease(VK_CONTROL): null

2023-03-09 12:55:11 - [TEST_STEP][PASSED] - robot.keyRelease(VK_SUBTRACT): null

2023-03-09 12:55:11 - [TEST_STEP][PASSED] - setText(findTestObject("3-OBJECTS UTILIDADES/Login/input_USUARIO_loginusuario"), G_Usuario): Text 'weblogic' is set on object 'Object Repository/3-OBJECTS UTILIDADES/Login/input_USUARIO_loginusuario'

2023-03-09 12:55:12 - [MESSAGE][PASSED] - Text 'weblogic' is set on object 'Object Repository/3-OBJECTS UTILIDADES/Login/input_USUARIO_loginusuario'

2023-03-09 12:55:12 - [TEST_STEP][PASSED] - setEncryptedText(findTestObject("3-OBJECTS UTILIDADES/Login/input_CLAVE_loginpassword"), "SlAwMcyRKqrwbnzhAs8HhT6NnI7sEyng"): Text ****** has been set on object 'Object Repository/3-OBJECTS UTILIDADES/Login/input_CLAVE_loginpassword'

2023-03-09 12:55:16 - [MESSAGE][PASSED] - Text ****** has been set on object 'Object Repository/3-OBJECTS UTILIDADES/Login/input_CLAVE_loginpassword'

2023-03-09 12:55:16 - [TEST_STEP][PASSED] - while (waitForElementClickable(findTestObject("3-OBJECTS UTILIDADES/Login/a_Ingresar"), 1)): Web element with id: 'Object Repository/3-OBJECTS UTILIDADES/Login/a_Ingresar' located by '//a[contains(text(),'Ingresar')]' not found

2023-03-09 12:55:18 - [MESSAGE][INFO] - Unable to find the element located by 'By.xpath: //a[contains(text(),'Ingresar')]'. Please recheck the objects properties to make sure the desired element is located. 

2023-03-09 12:55:18 - [MESSAGE][WARNING] - Web element with id: 'Object Repository/3-OBJECTS UTILIDADES/Login/a_Ingresar' located by '//a[contains(text(),'Ingresar')]' not found

2023-03-09 12:55:18 - [MESSAGE][PASSED] - Call Test Case 'Test Cases/0.1-Login' successfully

2023-03-09 12:55:18 - [TEST_STEP][PASSED] - waitForElementClickable(findTestObject("3-OBJECTS UTILIDADES/Modulo bienestar-eventos/input_ADMINISTRADOR DEL SISTEMA"), 0): Object 'Object Repository/3-OBJECTS UTILIDADES/Modulo bienestar-eventos/input_ADMINISTRADOR DEL SISTEMA' is clickable

2023-03-09 12:55:18 - [MESSAGE][WARNING] - Timeout '0' is invalid. Using default page load timeout: '37'

2023-03-09 12:55:18 - [MESSAGE][PASSED] - Object 'Object Repository/3-OBJECTS UTILIDADES/Modulo bienestar-eventos/input_ADMINISTRADOR DEL SISTEMA' is clickable

2023-03-09 12:55:18 - [TEST_STEP][PASSED] - setText(findTestObject("3-OBJECTS UTILIDADES/Modulo bienestar-eventos/input_ADMINISTRADOR DEL SISTEMA"), "eventos (bie)"): Text 'eventos (bie)' is set on object 'Object Repository/3-OBJECTS UTILIDADES/Modulo bienestar-eventos/input_ADMINISTRADOR DEL SISTEMA'

2023-03-09 12:55:19 - [MESSAGE][PASSED] - Text 'eventos (bie)' is set on object 'Object Repository/3-OBJECTS UTILIDADES/Modulo bienestar-eventos/input_ADMINISTRADOR DEL SISTEMA'

2023-03-09 12:55:19 - [TEST_STEP][PASSED] - click(findTestObject("3-OBJECTS UTILIDADES/Modulo bienestar-eventos/span_Eventos (bie)")): Object: 'Object Repository/3-OBJECTS UTILIDADES/Modulo bienestar-eventos/span_Eventos (bie)' is clicked on

2023-03-09 12:55:21 - [MESSAGE][PASSED] - Object: 'Object Repository/3-OBJECTS UTILIDADES/Modulo bienestar-eventos/span_Eventos (bie)' is clicked on

2023-03-09 12:55:21 - [MESSAGE][PASSED] - Call Test Case 'Test Cases/Utilidades-(atajos_para _tareas)/Modulos/Modulo bienestar-eventos' successfully

2023-03-09 12:55:21 - [TEST_STEP][PASSED] - click(findTestObject("2-OBJECTS TAREAS SECUNDARIAS/Pruebas Bienestar/Recursos/td_Prueba-S")): Object: 'Object Repository/2-OBJECTS TAREAS SECUNDARIAS/Pruebas Bienestar/Recursos/td_Prueba-S' is clicked on

2023-03-09 12:55:24 - [MESSAGE][PASSED] - Object: 'Object Repository/2-OBJECTS TAREAS SECUNDARIAS/Pruebas Bienestar/Recursos/td_Prueba-S' is clicked on

2023-03-09 12:55:24 - [TEST_STEP][PASSED] - click(findTestObject("2-OBJECTS TAREAS SECUNDARIAS/Pruebas Bienestar/Recursos/div_Recursos")): Object: 'Object Repository/2-OBJECTS TAREAS SECUNDARIAS/Pruebas Bienestar/Recursos/div_Recursos' is clicked on

2023-03-09 12:55:25 - [MESSAGE][PASSED] - Object: 'Object Repository/2-OBJECTS TAREAS SECUNDARIAS/Pruebas Bienestar/Recursos/div_Recursos' is clicked on

2023-03-09 12:55:25 - [TEST_STEP][PASSED] - click(findTestObject("2-OBJECTS TAREAS SECUNDARIAS/Pruebas Bienestar/Recursos/a_Logsticos")): Object: 'Object Repository/2-OBJECTS TAREAS SECUNDARIAS/Pruebas Bienestar/Recursos/a_Logsticos' is clicked on

2023-03-09 12:55:26 - [MESSAGE][PASSED] - Object: 'Object Repository/2-OBJECTS TAREAS SECUNDARIAS/Pruebas Bienestar/Recursos/a_Logsticos' is clicked on

2023-03-09 12:55:26 - [TEST_STEP][PASSED] - selectOptionByIndex(findTestObject("2-OBJECTS TAREAS SECUNDARIAS/Pruebas Bienestar/Recursos/select_SeleccioneBlue RayCmarasCamaras de videoComedoresEstacin de cafeInternetIpadLucesMicrofonosPantallasPorttilSonidoTabletsTarimaTeleconferencia"), 6): All options with index in [6] are selected on object 'Object Repository/2-OBJECTS TAREAS SECUNDARIAS/Pruebas Bienestar/Recursos/select_SeleccioneBlue RayCmarasCamaras de videoComedoresEstacin de cafeInternetIpadLucesMicrofonosPantallasPorttilSonidoTabletsTarimaTeleconferencia'

2023-03-09 12:55:27 - [MESSAGE][PASSED] - All options with index in [6] are selected on object 'Object Repository/2-OBJECTS TAREAS SECUNDARIAS/Pruebas Bienestar/Recursos/select_SeleccioneBlue RayCmarasCamaras de videoComedoresEstacin de cafeInternetIpadLucesMicrofonosPantallasPorttilSonidoTabletsTarimaTeleconferencia'

2023-03-09 12:55:27 - [TEST_STEP][PASSED] - selectOptionByIndex(findTestObject("2-OBJECTS TAREAS SECUNDARIAS/Pruebas Bienestar/Recursos/select_seleccioneINDISPENSABLEOPCIONAL"), 1): All options with index in [1] are selected on object 'Object Repository/2-OBJECTS TAREAS SECUNDARIAS/Pruebas Bienestar/Recursos/select_seleccioneINDISPENSABLEOPCIONAL'

2023-03-09 12:55:28 - [MESSAGE][PASSED] - All options with index in [1] are selected on object 'Object Repository/2-OBJECTS TAREAS SECUNDARIAS/Pruebas Bienestar/Recursos/select_seleccioneINDISPENSABLEOPCIONAL'

2023-03-09 12:55:28 - [TEST_STEP][PASSED] - click(findTestObject("2-OBJECTS TAREAS SECUNDARIAS/Pruebas Bienestar/Recursos/a_Necesidad_formRecursoLogisticopanel_recursostabla_recursosj_idt949")): Object: 'Object Repository/2-OBJECTS TAREAS SECUNDARIAS/Pruebas Bienestar/Recursos/a_Necesidad_formRecursoLogisticopanel_recursostabla_recursosj_idt949' is clicked on

2023-03-09 12:55:29 - [MESSAGE][PASSED] - Object: 'Object Repository/2-OBJECTS TAREAS SECUNDARIAS/Pruebas Bienestar/Recursos/a_Necesidad_formRecursoLogisticopanel_recursostabla_recursosj_idt949' is clicked on

2023-03-09 12:55:29 - [TEST_STEP][PASSED] - if (waitForElementVisible(findTestObject("2-OBJECTS TAREAS SECUNDARIAS/Pruebas Bienestar/Recursos/td_Internet"), 1)): null

2023-03-09 12:55:29 - [MESSAGE][PASSED] - Object 'Object Repository/2-OBJECTS TAREAS SECUNDARIAS/Pruebas Bienestar/Recursos/td_Internet' is visible

2023-03-09 12:55:29 - [TEST_STEP][PASSED] - Resultado = "PRUEBA OK": null

2023-03-09 12:55:29 - [TEST_STEP][PASSED] - closeBrowser(): Browser is closed

2023-03-09 12:55:30 - [MESSAGE][PASSED] - Browser is closed]]></system-out>
         <system-err><![CDATA[]]></system-err>
      </testcase>
      <testcase name="Test Cases/1.2-Tareas_Secundarias/3.1-Pruebas_Bienestar/3.3.2-Crear_tipo_de_beneficio_CASO1_(Novedad_nómina)" time="61.539" classname="Test Cases/1.2-Tareas_Secundarias/3.1-Pruebas_Bienestar/3.3.2-Crear_tipo_de_beneficio_CASO1_(Novedad_nómina)" status="FAILED">
         <failure type="FAILED" message="Test Cases/1.2-Tareas_Secundarias/3.1-Pruebas_Bienestar/3.3.2-Crear_tipo_de_beneficio_CASO1_(Novedad_nómina) FAILED.
Reason:
com.kms.katalon.core.exception.StepFailedException: Unable to set text 'PRUEBAS KATALON' of object 'Object Repository/2-OBJECTS TAREAS SECUNDARIAS/Pruebas Bienestar/Crear_tipo_de_beneficio_CASO1_(Novedad_nómina)/input_Descripcin_formDetalleTipoBeneficioBienestardescripcionTipoBeneficio'
	at com.kms.katalon.core.webui.keyword.internal.WebUIKeywordMain.stepFailed(WebUIKeywordMain.groovy:64)
	at com.kms.katalon.core.webui.keyword.internal.WebUIKeywordMain.runKeyword(WebUIKeywordMain.groovy:26)
	at com.kms.katalon.core.webui.keyword.builtin.SetTextKeyword.setText(SetTextKeyword.groovy:66)
	at com.kms.katalon.core.webui.keyword.builtin.SetTextKeyword.execute(SetTextKeyword.groovy:37)
	at com.kms.katalon.core.keyword.internal.KeywordExecutor.executeKeywordForPlatform(KeywordExecutor.groovy:74)
	at com.kms.katalon.core.webui.keyword.WebUiBuiltInKeywords.setText(WebUiBuiltInKeywords.groovy:980)
	at com.kms.katalon.core.webui.keyword.WebUiBuiltInKeywords$setText$6.call(Unknown Source)
	at 3.3.2-Crear_tipo_de_beneficio_CASO1_(Novedad_nómina).run(3.3.2-Crear_tipo_de_beneficio_CASO1_(Novedad_nómina):55)
	at com.kms.katalon.core.main.ScriptEngine.run(ScriptEngine.java:194)
	at com.kms.katalon.core.main.ScriptEngine.runScriptAsRawText(ScriptEngine.java:119)
	at com.kms.katalon.core.main.TestCaseExecutor.runScript(TestCaseExecutor.java:448)
	at com.kms.katalon.core.main.TestCaseExecutor.doExecute(TestCaseExecutor.java:439)
	at com.kms.katalon.core.main.TestCaseExecutor.processExecutionPhase(TestCaseExecutor.java:418)
	at com.kms.katalon.core.main.TestCaseExecutor.accessMainPhase(TestCaseExecutor.java:410)
	at com.kms.katalon.core.main.TestCaseExecutor.execute(TestCaseExecutor.java:285)
	at com.kms.katalon.core.common.CommonExecutor.accessTestCaseMainPhase(CommonExecutor.java:65)
	at com.kms.katalon.core.main.TestSuiteExecutor.accessTestSuiteMainPhase(TestSuiteExecutor.java:151)
	at com.kms.katalon.core.main.TestSuiteExecutor.execute(TestSuiteExecutor.java:106)
	at com.kms.katalon.core.main.TestCaseMain.startTestSuite(TestCaseMain.java:185)
	at com.kms.katalon.core.main.TestCaseMain$startTestSuite$0.call(Unknown Source)
	at TempTestSuite1678383366099.run(TempTestSuite1678383366099.groovy:36)
Caused by: com.kms.katalon.core.webui.exception.WebElementNotFoundException: Web element with id: 'Object Repository/2-OBJECTS TAREAS SECUNDARIAS/Pruebas Bienestar/Crear_tipo_de_beneficio_CASO1_(Novedad_nómina)/input_Descripcin_formDetalleTipoBeneficioBienestardescripcionTipoBeneficio' located by '
//tr[1]/td[5]/input' not found
	at com.kms.katalon.core.webui.common.WebUiCommonHelper.findWebElement(WebUiCommonHelper.java:1370)
	at com.kms.katalon.core.webui.keyword.internal.WebUIAbstractKeyword.findWebElement(WebUIAbstractKeyword.groovy:27)
	at com.kms.katalon.core.webui.keyword.internal.WebUIAbstractKeyword.findWebElement(WebUIAbstractKeyword.groovy:26)
	at com.kms.katalon.core.webui.keyword.builtin.SetTextKeyword$_setText_closure1.doCall(SetTextKeyword.groovy:51)
	at com.kms.katalon.core.webui.keyword.builtin.SetTextKeyword$_setText_closure1.call(SetTextKeyword.groovy)
	at com.kms.katalon.core.webui.keyword.internal.WebUIKeywordMain.runKeyword(WebUIKeywordMain.groovy:20)
	... 19 more
"/>
         <system-out><![CDATA[2023-03-09 12:55:30 - [TEST_CASE][FAILED] - Test Cases/1.2-Tareas_Secundarias/3.1-Pruebas_Bienestar/3.3.2-Crear_tipo_de_beneficio_CASO1_(Novedad_nómina): Test Cases/1.2-Tareas_Secundarias/3.1-Pruebas_Bienestar/3.3.2-Crear_tipo_de_beneficio_CASO1_(Novedad_nómina) FAILED.
Reason:
com.kms.katalon.core.exception.StepFailedException: Unable to set text 'PRUEBAS KATALON' of object 'Object Repository/2-OBJECTS TAREAS SECUNDARIAS/Pruebas Bienestar/Crear_tipo_de_beneficio_CASO1_(Novedad_nómina)/input_Descripcin_formDetalleTipoBeneficioBienestardescripcionTipoBeneficio'
	at com.kms.katalon.core.webui.keyword.internal.WebUIKeywordMain.stepFailed(WebUIKeywordMain.groovy:64)
	at com.kms.katalon.core.webui.keyword.internal.WebUIKeywordMain.runKeyword(WebUIKeywordMain.groovy:26)
	at com.kms.katalon.core.webui.keyword.builtin.SetTextKeyword.setText(SetTextKeyword.groovy:66)
	at com.kms.katalon.core.webui.keyword.builtin.SetTextKeyword.execute(SetTextKeyword.groovy:37)
	at com.kms.katalon.core.keyword.internal.KeywordExecutor.executeKeywordForPlatform(KeywordExecutor.groovy:74)
	at com.kms.katalon.core.webui.keyword.WebUiBuiltInKeywords.setText(WebUiBuiltInKeywords.groovy:980)
	at com.kms.katalon.core.webui.keyword.WebUiBuiltInKeywords$setText$6.call(Unknown Source)
	at 3.3.2-Crear_tipo_de_beneficio_CASO1_(Novedad_nómina).run(3.3.2-Crear_tipo_de_beneficio_CASO1_(Novedad_nómina):55)
	at com.kms.katalon.core.main.ScriptEngine.run(ScriptEngine.java:194)
	at com.kms.katalon.core.main.ScriptEngine.runScriptAsRawText(ScriptEngine.java:119)
	at com.kms.katalon.core.main.TestCaseExecutor.runScript(TestCaseExecutor.java:448)
	at com.kms.katalon.core.main.TestCaseExecutor.doExecute(TestCaseExecutor.java:439)
	at com.kms.katalon.core.main.TestCaseExecutor.processExecutionPhase(TestCaseExecutor.java:418)
	at com.kms.katalon.core.main.TestCaseExecutor.accessMainPhase(TestCaseExecutor.java:410)
	at com.kms.katalon.core.main.TestCaseExecutor.execute(TestCaseExecutor.java:285)
	at com.kms.katalon.core.common.CommonExecutor.accessTestCaseMainPhase(CommonExecutor.java:65)
	at com.kms.katalon.core.main.TestSuiteExecutor.accessTestSuiteMainPhase(TestSuiteExecutor.java:151)
	at com.kms.katalon.core.main.TestSuiteExecutor.execute(TestSuiteExecutor.java:106)
	at com.kms.katalon.core.main.TestCaseMain.startTestSuite(TestCaseMain.java:185)
	at com.kms.katalon.core.main.TestCaseMain$startTestSuite$0.call(Unknown Source)
	at TempTestSuite1678383366099.run(TempTestSuite1678383366099.groovy:36)
Caused by: com.kms.katalon.core.webui.exception.WebElementNotFoundException: Web element with id: 'Object Repository/2-OBJECTS TAREAS SECUNDARIAS/Pruebas Bienestar/Crear_tipo_de_beneficio_CASO1_(Novedad_nómina)/input_Descripcin_formDetalleTipoBeneficioBienestardescripcionTipoBeneficio' located by '
//tr[1]/td[5]/input' not found
	at com.kms.katalon.core.webui.common.WebUiCommonHelper.findWebElement(WebUiCommonHelper.java:1370)
	at com.kms.katalon.core.webui.keyword.internal.WebUIAbstractKeyword.findWebElement(WebUIAbstractKeyword.groovy:27)
	at com.kms.katalon.core.webui.keyword.internal.WebUIAbstractKeyword.findWebElement(WebUIAbstractKeyword.groovy:26)
	at com.kms.katalon.core.webui.keyword.builtin.SetTextKeyword$_setText_closure1.doCall(SetTextKeyword.groovy:51)
	at com.kms.katalon.core.webui.keyword.builtin.SetTextKeyword$_setText_closure1.call(SetTextKeyword.groovy)
	at com.kms.katalon.core.webui.keyword.internal.WebUIKeywordMain.runKeyword(WebUIKeywordMain.groovy:20)
	... 19 more


2023-03-09 12:55:31 - [TEST_STEP][PASSED] - callTestCase(findTestCase("0.1-Login"), [:], STOP_ON_FAILURE): Call Test Case 'Test Cases/0.1-Login' successfully

2023-03-09 12:55:31 - [TEST_CASE][PASSED] - Test Cases/0.1-Login: Test Cases/0.1-Login

2023-03-09 12:55:31 - [TEST_STEP][PASSED] - openBrowser(""): Browser is opened with url: ''

2023-03-09 12:55:31 - [MESSAGE][INFO] - Starting 'Chrome' driver

2023-03-09 12:55:31 - [MESSAGE][INFO] - Action delay is set to 0 milliseconds

2023-03-09 12:55:32 - [MESSAGE][PASSED] - Browser is opened with url: ''

2023-03-09 12:55:32 - [TEST_STEP][PASSED] - maximizeWindow(): Current window maximized

2023-03-09 12:55:32 - [MESSAGE][PASSED] - Current window maximized

2023-03-09 12:55:32 - [TEST_STEP][PASSED] - i = G_Login: null

2023-03-09 12:55:32 - [TEST_STEP][PASSED] - url = new java.net.URL(i): null

2023-03-09 12:55:32 - [TEST_STEP][PASSED] - println("URL: " + url.toString()): null

2023-03-09 12:55:32 - [TEST_STEP][PASSED] - connection = url.openConnection(): null

2023-03-09 12:55:32 - [TEST_STEP][PASSED] - connection.setRequestMethod("GET"): null

2023-03-09 12:55:32 - [TEST_STEP][PASSED] - connection.setReadTimeout(2 * 1000): null

2023-03-09 12:55:32 - [TEST_STEP][PASSED] - try: null

2023-03-09 12:55:32 - [TEST_STEP][PASSED] - connection.connect(): null

2023-03-09 12:55:32 - [TEST_STEP][PASSED] - flag = connected: null

2023-03-09 12:55:32 - [TEST_STEP][PASSED] - println("Valor_ori: " + flag): null

2023-03-09 12:55:32 - [TEST_STEP][PASSED] - if (flag): null

2023-03-09 12:55:32 - [TEST_STEP][PASSED] - navigateToUrl(i): Navigate to 'http://192.168.2.19:7001/saraweb' successfully

2023-03-09 12:55:34 - [MESSAGE][PASSED] - Navigate to 'http://192.168.2.19:7001/saraweb' successfully

2023-03-09 12:55:34 - [TEST_STEP][PASSED] - a(): null

2023-03-09 12:55:34 - [TEST_STEP][PASSED] - if (waitForElementVisible(findTestObject("3-OBJECTS UTILIDADES/Login/input_USUARIO_loginusuario"), 0)): null

2023-03-09 12:55:34 - [MESSAGE][WARNING] - Timeout '0' is invalid. Using default page load timeout: '37'

2023-03-09 12:55:34 - [MESSAGE][PASSED] - Object 'Object Repository/3-OBJECTS UTILIDADES/Login/input_USUARIO_loginusuario' is visible

2023-03-09 12:55:34 - [TEST_STEP][PASSED] - switchToWindowTitle("SARA"): Switched to window with title: 'SARA'

2023-03-09 12:55:34 - [MESSAGE][PASSED] - Switched to window with title: 'SARA'

2023-03-09 12:55:34 - [TEST_STEP][PASSED] - zoom(): null

2023-03-09 12:55:34 - [TEST_STEP][PASSED] - robot = new java.awt.Robot(): null

2023-03-09 12:55:34 - [TEST_STEP][PASSED] - robot.keyPress(VK_CONTROL): null

2023-03-09 12:55:34 - [TEST_STEP][PASSED] - robot.keyPress(VK_SUBTRACT): null

2023-03-09 12:55:34 - [TEST_STEP][PASSED] - robot.keyRelease(VK_CONTROL): null

2023-03-09 12:55:34 - [TEST_STEP][PASSED] - robot.keyRelease(VK_SUBTRACT): null

2023-03-09 12:55:34 - [TEST_STEP][PASSED] - robot.keyPress(VK_CONTROL): null

2023-03-09 12:55:34 - [TEST_STEP][PASSED] - robot.keyPress(VK_SUBTRACT): null

2023-03-09 12:55:34 - [TEST_STEP][PASSED] - robot.keyRelease(VK_CONTROL): null

2023-03-09 12:55:34 - [TEST_STEP][PASSED] - robot.keyRelease(VK_SUBTRACT): null

2023-03-09 12:55:34 - [TEST_STEP][PASSED] - robot.keyPress(VK_CONTROL): null

2023-03-09 12:55:34 - [TEST_STEP][PASSED] - robot.keyPress(VK_SUBTRACT): null

2023-03-09 12:55:34 - [TEST_STEP][PASSED] - robot.keyRelease(VK_CONTROL): null

2023-03-09 12:55:34 - [TEST_STEP][PASSED] - robot.keyRelease(VK_SUBTRACT): null

2023-03-09 12:55:34 - [TEST_STEP][PASSED] - robot.keyRelease(VK_CONTROL): null

2023-03-09 12:55:34 - [TEST_STEP][PASSED] - robot.keyRelease(VK_SUBTRACT): null

2023-03-09 12:55:34 - [TEST_STEP][PASSED] - setText(findTestObject("3-OBJECTS UTILIDADES/Login/input_USUARIO_loginusuario"), G_Usuario): Text 'weblogic' is set on object 'Object Repository/3-OBJECTS UTILIDADES/Login/input_USUARIO_loginusuario'

2023-03-09 12:55:35 - [MESSAGE][PASSED] - Text 'weblogic' is set on object 'Object Repository/3-OBJECTS UTILIDADES/Login/input_USUARIO_loginusuario'

2023-03-09 12:55:35 - [TEST_STEP][PASSED] - setEncryptedText(findTestObject("3-OBJECTS UTILIDADES/Login/input_CLAVE_loginpassword"), "SlAwMcyRKqrwbnzhAs8HhT6NnI7sEyng"): Text ****** has been set on object 'Object Repository/3-OBJECTS UTILIDADES/Login/input_CLAVE_loginpassword'

2023-03-09 12:55:38 - [MESSAGE][PASSED] - Text ****** has been set on object 'Object Repository/3-OBJECTS UTILIDADES/Login/input_CLAVE_loginpassword'

2023-03-09 12:55:38 - [TEST_STEP][PASSED] - while (waitForElementClickable(findTestObject("3-OBJECTS UTILIDADES/Login/a_Ingresar"), 1)): Web element with id: 'Object Repository/3-OBJECTS UTILIDADES/Login/a_Ingresar' located by '//a[contains(text(),'Ingresar')]' not found

2023-03-09 12:55:40 - [MESSAGE][INFO] - Unable to find the element located by 'By.xpath: //a[contains(text(),'Ingresar')]'. Please recheck the objects properties to make sure the desired element is located. 

2023-03-09 12:55:40 - [MESSAGE][WARNING] - Web element with id: 'Object Repository/3-OBJECTS UTILIDADES/Login/a_Ingresar' located by '//a[contains(text(),'Ingresar')]' not found

2023-03-09 12:55:40 - [MESSAGE][PASSED] - Call Test Case 'Test Cases/0.1-Login' successfully

2023-03-09 12:55:40 - [TEST_STEP][PASSED] - setText(findTestObject("2-OBJECTS TAREAS SECUNDARIAS/Pruebas Bienestar/Crear_tipo_de_beneficio_CASO1_(Novedad_nómina)/input_Beneficios_form_templatej_idt24_input"), "beneficio"): Text 'beneficio' is set on object 'Object Repository/2-OBJECTS TAREAS SECUNDARIAS/Pruebas Bienestar/Crear_tipo_de_beneficio_CASO1_(Novedad_nómina)/input_Beneficios_form_templatej_idt24_input'

2023-03-09 12:55:41 - [MESSAGE][PASSED] - Text 'beneficio' is set on object 'Object Repository/2-OBJECTS TAREAS SECUNDARIAS/Pruebas Bienestar/Crear_tipo_de_beneficio_CASO1_(Novedad_nómina)/input_Beneficios_form_templatej_idt24_input'

2023-03-09 12:55:41 - [TEST_STEP][PASSED] - click(findTestObject("2-OBJECTS TAREAS SECUNDARIAS/Pruebas Bienestar/Crear_tipo_de_beneficio_CASO1_(Novedad_nómina)/li_Beneficio (bie)")): Object: 'Object Repository/2-OBJECTS TAREAS SECUNDARIAS/Pruebas Bienestar/Crear_tipo_de_beneficio_CASO1_(Novedad_nómina)/li_Beneficio (bie)' is clicked on

2023-03-09 12:55:42 - [MESSAGE][PASSED] - Object: 'Object Repository/2-OBJECTS TAREAS SECUNDARIAS/Pruebas Bienestar/Crear_tipo_de_beneficio_CASO1_(Novedad_nómina)/li_Beneficio (bie)' is clicked on

2023-03-09 12:55:42 - [TEST_STEP][PASSED] - if (waitForElementVisible(findTestObject("2-OBJECTS TAREAS SECUNDARIAS/Pruebas Bienestar/Crear_tipo_de_beneficio_CASO1_(Novedad_nómina)/td_PRUEBAS K"), 1)): null

2023-03-09 12:55:45 - [MESSAGE][PASSED] - Object 'Object Repository/2-OBJECTS TAREAS SECUNDARIAS/Pruebas Bienestar/Crear_tipo_de_beneficio_CASO1_(Novedad_nómina)/td_PRUEBAS K' is visible

2023-03-09 12:55:45 - [TEST_STEP][PASSED] - click(findTestObject("2-OBJECTS TAREAS SECUNDARIAS/Pruebas Bienestar/Crear_tipo_de_beneficio_CASO1_(Novedad_nómina)/td_PRUEBAS K")): Object: 'Object Repository/2-OBJECTS TAREAS SECUNDARIAS/Pruebas Bienestar/Crear_tipo_de_beneficio_CASO1_(Novedad_nómina)/td_PRUEBAS K' is clicked on

2023-03-09 12:55:46 - [MESSAGE][PASSED] - Object: 'Object Repository/2-OBJECTS TAREAS SECUNDARIAS/Pruebas Bienestar/Crear_tipo_de_beneficio_CASO1_(Novedad_nómina)/td_PRUEBAS K' is clicked on

2023-03-09 12:55:46 - [TEST_STEP][PASSED] - click(findTestObject("2-OBJECTS TAREAS SECUNDARIAS/Pruebas Bienestar/Crear_tipo_de_beneficio_CASO1_(Novedad_nómina)/a_Filtro Seccin")): Object: 'Object Repository/2-OBJECTS TAREAS SECUNDARIAS/Pruebas Bienestar/Crear_tipo_de_beneficio_CASO1_(Novedad_nómina)/a_Filtro Seccin' is clicked on

2023-03-09 12:55:47 - [MESSAGE][PASSED] - Object: 'Object Repository/2-OBJECTS TAREAS SECUNDARIAS/Pruebas Bienestar/Crear_tipo_de_beneficio_CASO1_(Novedad_nómina)/a_Filtro Seccin' is clicked on

2023-03-09 12:55:47 - [TEST_STEP][PASSED] - if (waitForElementVisible(findTestObject("2-OBJECTS TAREAS SECUNDARIAS/Pruebas Bienestar/Crear_tipo_de_beneficio_CASO1_(Novedad_nómina)/a_CONYUGUE_form_dirigidoTipoBeneficiariotabla_dirigido0j_idt689"), 1)): null

2023-03-09 12:55:48 - [MESSAGE][PASSED] - Object 'Object Repository/2-OBJECTS TAREAS SECUNDARIAS/Pruebas Bienestar/Crear_tipo_de_beneficio_CASO1_(Novedad_nómina)/a_CONYUGUE_form_dirigidoTipoBeneficiariotabla_dirigido0j_idt689' is visible

2023-03-09 12:55:48 - [TEST_STEP][PASSED] - click(findTestObject("2-OBJECTS TAREAS SECUNDARIAS/Pruebas Bienestar/Crear_tipo_de_beneficio_CASO1_(Novedad_nómina)/a_CONYUGUE_form_dirigidoTipoBeneficiariotabla_dirigido0j_idt689")): Object: 'Object Repository/2-OBJECTS TAREAS SECUNDARIAS/Pruebas Bienestar/Crear_tipo_de_beneficio_CASO1_(Novedad_nómina)/a_CONYUGUE_form_dirigidoTipoBeneficiariotabla_dirigido0j_idt689' is clicked on

2023-03-09 12:55:48 - [MESSAGE][PASSED] - Object: 'Object Repository/2-OBJECTS TAREAS SECUNDARIAS/Pruebas Bienestar/Crear_tipo_de_beneficio_CASO1_(Novedad_nómina)/a_CONYUGUE_form_dirigidoTipoBeneficiariotabla_dirigido0j_idt689' is clicked on

2023-03-09 12:55:48 - [TEST_STEP][PASSED] - click(findTestObject("2-OBJECTS TAREAS SECUNDARIAS/Pruebas Bienestar/Crear_tipo_de_beneficio_CASO1_(Novedad_nómina)/a_Aceptar")): Object: 'Object Repository/2-OBJECTS TAREAS SECUNDARIAS/Pruebas Bienestar/Crear_tipo_de_beneficio_CASO1_(Novedad_nómina)/a_Aceptar' is clicked on

2023-03-09 12:55:49 - [MESSAGE][PASSED] - Object: 'Object Repository/2-OBJECTS TAREAS SECUNDARIAS/Pruebas Bienestar/Crear_tipo_de_beneficio_CASO1_(Novedad_nómina)/a_Aceptar' is clicked on

2023-03-09 12:55:49 - [TEST_STEP][PASSED] - click(findTestObject("2-OBJECTS TAREAS SECUNDARIAS/Pruebas Bienestar/Crear_tipo_de_beneficio_CASO1_(Novedad_nómina)/a_Registro")): Object: 'Object Repository/2-OBJECTS TAREAS SECUNDARIAS/Pruebas Bienestar/Crear_tipo_de_beneficio_CASO1_(Novedad_nómina)/a_Registro' is clicked on

2023-03-09 12:55:49 - [MESSAGE][PASSED] - Object: 'Object Repository/2-OBJECTS TAREAS SECUNDARIAS/Pruebas Bienestar/Crear_tipo_de_beneficio_CASO1_(Novedad_nómina)/a_Registro' is clicked on

2023-03-09 12:55:49 - [TEST_STEP][PASSED] - click(findTestObject("2-OBJECTS TAREAS SECUNDARIAS/Pruebas Bienestar/Crear_tipo_de_beneficio_CASO1_(Novedad_nómina)/a_Eliminar")): Object: 'Object Repository/2-OBJECTS TAREAS SECUNDARIAS/Pruebas Bienestar/Crear_tipo_de_beneficio_CASO1_(Novedad_nómina)/a_Eliminar' is clicked on

2023-03-09 12:55:50 - [MESSAGE][PASSED] - Object: 'Object Repository/2-OBJECTS TAREAS SECUNDARIAS/Pruebas Bienestar/Crear_tipo_de_beneficio_CASO1_(Novedad_nómina)/a_Eliminar' is clicked on

2023-03-09 12:55:50 - [TEST_STEP][PASSED] - click(findTestObject("2-OBJECTS TAREAS SECUNDARIAS/Pruebas Bienestar/Crear_tipo_de_beneficio_CASO1_(Novedad_nómina)/a_Aceptar")): Object: 'Object Repository/2-OBJECTS TAREAS SECUNDARIAS/Pruebas Bienestar/Crear_tipo_de_beneficio_CASO1_(Novedad_nómina)/a_Aceptar' is clicked on

2023-03-09 12:55:51 - [MESSAGE][PASSED] - Object: 'Object Repository/2-OBJECTS TAREAS SECUNDARIAS/Pruebas Bienestar/Crear_tipo_de_beneficio_CASO1_(Novedad_nómina)/a_Aceptar' is clicked on

2023-03-09 12:55:51 - [TEST_STEP][PASSED] - scrollToElement(findTestObject("2-OBJECTS TAREAS SECUNDARIAS/Pruebas Bienestar/Crear_tipo_de_beneficio_CASO1_(Novedad_nómina)/a_Nuevo"), 0): Scroll to object 'Object Repository/2-OBJECTS TAREAS SECUNDARIAS/Pruebas Bienestar/Crear_tipo_de_beneficio_CASO1_(Novedad_nómina)/a_Nuevo' successfully

2023-03-09 12:55:51 - [MESSAGE][WARNING] - Timeout '0' is invalid. Using default page load timeout: '37'

2023-03-09 12:55:52 - [MESSAGE][PASSED] - Scroll to object 'Object Repository/2-OBJECTS TAREAS SECUNDARIAS/Pruebas Bienestar/Crear_tipo_de_beneficio_CASO1_(Novedad_nómina)/a_Nuevo' successfully

2023-03-09 12:55:52 - [TEST_STEP][PASSED] - click(findTestObject("2-OBJECTS TAREAS SECUNDARIAS/Pruebas Bienestar/Crear_tipo_de_beneficio_CASO1_(Novedad_nómina)/a_Nuevo")): Object: 'Object Repository/2-OBJECTS TAREAS SECUNDARIAS/Pruebas Bienestar/Crear_tipo_de_beneficio_CASO1_(Novedad_nómina)/a_Nuevo' is clicked on

2023-03-09 12:55:52 - [MESSAGE][PASSED] - Object: 'Object Repository/2-OBJECTS TAREAS SECUNDARIAS/Pruebas Bienestar/Crear_tipo_de_beneficio_CASO1_(Novedad_nómina)/a_Nuevo' is clicked on

2023-03-09 12:55:52 - [TEST_STEP][PASSED] - setText(findTestObject("2-OBJECTS TAREAS SECUNDARIAS/Pruebas Bienestar/Crear_tipo_de_beneficio_CASO1_(Novedad_nómina)/input_Cdigo_formDetalleTipoBeneficioBienestarcodigoTipoBeneficio"), "5"): Text '5' is set on object 'Object Repository/2-OBJECTS TAREAS SECUNDARIAS/Pruebas Bienestar/Crear_tipo_de_beneficio_CASO1_(Novedad_nómina)/input_Cdigo_formDetalleTipoBeneficioBienestarcodigoTipoBeneficio'

2023-03-09 12:55:53 - [MESSAGE][PASSED] - Text '5' is set on object 'Object Repository/2-OBJECTS TAREAS SECUNDARIAS/Pruebas Bienestar/Crear_tipo_de_beneficio_CASO1_(Novedad_nómina)/input_Cdigo_formDetalleTipoBeneficioBienestarcodigoTipoBeneficio'

2023-03-09 12:55:53 - [TEST_STEP][FAILED] - setText(findTestObject("2-OBJECTS TAREAS SECUNDARIAS/Pruebas Bienestar/Crear_tipo_de_beneficio_CASO1_(Novedad_nómina)/input_Descripcin_formDetalleTipoBeneficioBienestardescripcionTipoBeneficio"), "PRUEBAS KATALON"): Unable to set text 'PRUEBAS KATALON' of object 'Object Repository/2-OBJECTS TAREAS SECUNDARIAS/Pruebas Bienestar/Crear_tipo_de_beneficio_CASO1_(Novedad_nómina)/input_Descripcin_formDetalleTipoBeneficioBienestardescripcionTipoBeneficio' (Root cause: com.kms.katalon.core.exception.StepFailedException: Unable to set text 'PRUEBAS KATALON' of object 'Object Repository/2-OBJECTS TAREAS SECUNDARIAS/Pruebas Bienestar/Crear_tipo_de_beneficio_CASO1_(Novedad_nómina)/input_Descripcin_formDetalleTipoBeneficioBienestardescripcionTipoBeneficio'
	at com.kms.katalon.core.webui.keyword.internal.WebUIKeywordMain.stepFailed(WebUIKeywordMain.groovy:64)
	at com.kms.katalon.core.webui.keyword.internal.WebUIKeywordMain.runKeyword(WebUIKeywordMain.groovy:26)
	at com.kms.katalon.core.webui.keyword.builtin.SetTextKeyword.setText(SetTextKeyword.groovy:66)
	at com.kms.katalon.core.webui.keyword.builtin.SetTextKeyword.execute(SetTextKeyword.groovy:37)
	at com.kms.katalon.core.keyword.internal.KeywordExecutor.executeKeywordForPlatform(KeywordExecutor.groovy:74)
	at com.kms.katalon.core.webui.keyword.WebUiBuiltInKeywords.setText(WebUiBuiltInKeywords.groovy:980)
	at com.kms.katalon.core.webui.keyword.WebUiBuiltInKeywords$setText$6.call(Unknown Source)
	at 3.3.2-Crear_tipo_de_beneficio_CASO1_(Novedad_nómina).run(3.3.2-Crear_tipo_de_beneficio_CASO1_(Novedad_nómina):55)
	at com.kms.katalon.core.main.ScriptEngine.run(ScriptEngine.java:194)
	at com.kms.katalon.core.main.ScriptEngine.runScriptAsRawText(ScriptEngine.java:119)
	at com.kms.katalon.core.main.TestCaseExecutor.runScript(TestCaseExecutor.java:448)
	at com.kms.katalon.core.main.TestCaseExecutor.doExecute(TestCaseExecutor.java:439)
	at com.kms.katalon.core.main.TestCaseExecutor.processExecutionPhase(TestCaseExecutor.java:418)
	at com.kms.katalon.core.main.TestCaseExecutor.accessMainPhase(TestCaseExecutor.java:410)
	at com.kms.katalon.core.main.TestCaseExecutor.execute(TestCaseExecutor.java:285)
	at com.kms.katalon.core.common.CommonExecutor.accessTestCaseMainPhase(CommonExecutor.java:65)
	at com.kms.katalon.core.main.TestSuiteExecutor.accessTestSuiteMainPhase(TestSuiteExecutor.java:151)
	at com.kms.katalon.core.main.TestSuiteExecutor.execute(TestSuiteExecutor.java:106)
	at com.kms.katalon.core.main.TestCaseMain.startTestSuite(TestCaseMain.java:185)
	at com.kms.katalon.core.main.TestCaseMain$startTestSuite$0.call(Unknown Source)
	at TempTestSuite1678383366099.run(TempTestSuite1678383366099.groovy:36)
Caused by: com.kms.katalon.core.webui.exception.WebElementNotFoundException: Web element with id: 'Object Repository/2-OBJECTS TAREAS SECUNDARIAS/Pruebas Bienestar/Crear_tipo_de_beneficio_CASO1_(Novedad_nómina)/input_Descripcin_formDetalleTipoBeneficioBienestardescripcionTipoBeneficio' located by '
//tr[1]/td[5]/input' not found
	at com.kms.katalon.core.webui.common.WebUiCommonHelper.findWebElement(WebUiCommonHelper.java:1370)
	at com.kms.katalon.core.webui.keyword.internal.WebUIAbstractKeyword.findWebElement(WebUIAbstractKeyword.groovy:27)
	at com.kms.katalon.core.webui.keyword.internal.WebUIAbstractKeyword.findWebElement(WebUIAbstractKeyword.groovy:26)
	at com.kms.katalon.core.webui.keyword.builtin.SetTextKeyword$_setText_closure1.doCall(SetTextKeyword.groovy:51)
	at com.kms.katalon.core.webui.keyword.builtin.SetTextKeyword$_setText_closure1.call(SetTextKeyword.groovy)
	at com.kms.katalon.core.webui.keyword.internal.WebUIKeywordMain.runKeyword(WebUIKeywordMain.groovy:20)
	at com.kms.katalon.core.webui.keyword.builtin.SetTextKeyword.setText(SetTextKeyword.groovy:66)
	at com.kms.katalon.core.webui.keyword.builtin.SetTextKeyword.execute(SetTextKeyword.groovy:37)
	at com.kms.katalon.core.keyword.internal.KeywordExecutor.executeKeywordForPlatform(KeywordExecutor.groovy:74)
	at com.kms.katalon.core.webui.keyword.WebUiBuiltInKeywords.setText(WebUiBuiltInKeywords.groovy:980)
	at com.kms.katalon.core.webui.keyword.WebUiBuiltInKeywords$setText$6.call(Unknown Source)
	at Script1640699245623.run(Script1640699245623.groovy:55)
	... 13 more
)

2023-03-09 12:56:32 - [MESSAGE][INFO] - Unable to find the element located by 'By.xpath: 
//tr[1]/td[5]/input'. Please recheck the objects properties to make sure the desired element is located. 

2023-03-09 12:56:32 - [MESSAGE][FAILED] - Unable to set text 'PRUEBAS KATALON' of object 'Object Repository/2-OBJECTS TAREAS SECUNDARIAS/Pruebas Bienestar/Crear_tipo_de_beneficio_CASO1_(Novedad_nómina)/input_Descripcin_formDetalleTipoBeneficioBienestardescripcionTipoBeneficio' (Root cause: com.kms.katalon.core.exception.StepFailedException: Unable to set text 'PRUEBAS KATALON' of object 'Object Repository/2-OBJECTS TAREAS SECUNDARIAS/Pruebas Bienestar/Crear_tipo_de_beneficio_CASO1_(Novedad_nómina)/input_Descripcin_formDetalleTipoBeneficioBienestardescripcionTipoBeneficio'
	at com.kms.katalon.core.webui.keyword.internal.WebUIKeywordMain.stepFailed(WebUIKeywordMain.groovy:64)
	at com.kms.katalon.core.webui.keyword.internal.WebUIKeywordMain.runKeyword(WebUIKeywordMain.groovy:26)
	at com.kms.katalon.core.webui.keyword.builtin.SetTextKeyword.setText(SetTextKeyword.groovy:66)
	at com.kms.katalon.core.webui.keyword.builtin.SetTextKeyword.execute(SetTextKeyword.groovy:37)
	at com.kms.katalon.core.keyword.internal.KeywordExecutor.executeKeywordForPlatform(KeywordExecutor.groovy:74)
	at com.kms.katalon.core.webui.keyword.WebUiBuiltInKeywords.setText(WebUiBuiltInKeywords.groovy:980)
	at com.kms.katalon.core.webui.keyword.WebUiBuiltInKeywords$setText$6.call(Unknown Source)
	at 3.3.2-Crear_tipo_de_beneficio_CASO1_(Novedad_nómina).run(3.3.2-Crear_tipo_de_beneficio_CASO1_(Novedad_nómina):55)
	at com.kms.katalon.core.main.ScriptEngine.run(ScriptEngine.java:194)
	at com.kms.katalon.core.main.ScriptEngine.runScriptAsRawText(ScriptEngine.java:119)
	at com.kms.katalon.core.main.TestCaseExecutor.runScript(TestCaseExecutor.java:448)
	at com.kms.katalon.core.main.TestCaseExecutor.doExecute(TestCaseExecutor.java:439)
	at com.kms.katalon.core.main.TestCaseExecutor.processExecutionPhase(TestCaseExecutor.java:418)
	at com.kms.katalon.core.main.TestCaseExecutor.accessMainPhase(TestCaseExecutor.java:410)
	at com.kms.katalon.core.main.TestCaseExecutor.execute(TestCaseExecutor.java:285)
	at com.kms.katalon.core.common.CommonExecutor.accessTestCaseMainPhase(CommonExecutor.java:65)
	at com.kms.katalon.core.main.TestSuiteExecutor.accessTestSuiteMainPhase(TestSuiteExecutor.java:151)
	at com.kms.katalon.core.main.TestSuiteExecutor.execute(TestSuiteExecutor.java:106)
	at com.kms.katalon.core.main.TestCaseMain.startTestSuite(TestCaseMain.java:185)
	at com.kms.katalon.core.main.TestCaseMain$startTestSuite$0.call(Unknown Source)
	at TempTestSuite1678383366099.run(TempTestSuite1678383366099.groovy:36)
Caused by: com.kms.katalon.core.webui.exception.WebElementNotFoundException: Web element with id: 'Object Repository/2-OBJECTS TAREAS SECUNDARIAS/Pruebas Bienestar/Crear_tipo_de_beneficio_CASO1_(Novedad_nómina)/input_Descripcin_formDetalleTipoBeneficioBienestardescripcionTipoBeneficio' located by '
//tr[1]/td[5]/input' not found
	at com.kms.katalon.core.webui.common.WebUiCommonHelper.findWebElement(WebUiCommonHelper.java:1370)
	at com.kms.katalon.core.webui.keyword.internal.WebUIAbstractKeyword.findWebElement(WebUIAbstractKeyword.groovy:27)
	at com.kms.katalon.core.webui.keyword.internal.WebUIAbstractKeyword.findWebElement(WebUIAbstractKeyword.groovy:26)
	at com.kms.katalon.core.webui.keyword.builtin.SetTextKeyword$_setText_closure1.doCall(SetTextKeyword.groovy:51)
	at com.kms.katalon.core.webui.keyword.builtin.SetTextKeyword$_setText_closure1.call(SetTextKeyword.groovy)
	at com.kms.katalon.core.webui.keyword.internal.WebUIKeywordMain.runKeyword(WebUIKeywordMain.groovy:20)
	at com.kms.katalon.core.webui.keyword.builtin.SetTextKeyword.setText(SetTextKeyword.groovy:66)
	at com.kms.katalon.core.webui.keyword.builtin.SetTextKeyword.execute(SetTextKeyword.groovy:37)
	at com.kms.katalon.core.keyword.internal.KeywordExecutor.executeKeywordForPlatform(KeywordExecutor.groovy:74)
	at com.kms.katalon.core.webui.keyword.WebUiBuiltInKeywords.setText(WebUiBuiltInKeywords.groovy:980)
	at com.kms.katalon.core.webui.keyword.WebUiBuiltInKeywords$setText$6.call(Unknown Source)
	at Script1640699245623.run(Script1640699245623.groovy:55)
	... 13 more
)
[[ATTACHMENT|C:\\Users\\diego.rojas\\git\\Pruebas-Minimas\\Reports\\20230309_123606\\Test_Suite_Secundaria\\1-Tareas_secundarias\\20230309_123606\\1678384592076.png]]]]></system-out>
         <system-err><![CDATA[2023-03-09 12:55:30 - [TEST_CASE][FAILED] - Test Cases/1.2-Tareas_Secundarias/3.1-Pruebas_Bienestar/3.3.2-Crear_tipo_de_beneficio_CASO1_(Novedad_nómina): Test Cases/1.2-Tareas_Secundarias/3.1-Pruebas_Bienestar/3.3.2-Crear_tipo_de_beneficio_CASO1_(Novedad_nómina) FAILED.
Reason:
com.kms.katalon.core.exception.StepFailedException: Unable to set text 'PRUEBAS KATALON' of object 'Object Repository/2-OBJECTS TAREAS SECUNDARIAS/Pruebas Bienestar/Crear_tipo_de_beneficio_CASO1_(Novedad_nómina)/input_Descripcin_formDetalleTipoBeneficioBienestardescripcionTipoBeneficio'
	at com.kms.katalon.core.webui.keyword.internal.WebUIKeywordMain.stepFailed(WebUIKeywordMain.groovy:64)
	at com.kms.katalon.core.webui.keyword.internal.WebUIKeywordMain.runKeyword(WebUIKeywordMain.groovy:26)
	at com.kms.katalon.core.webui.keyword.builtin.SetTextKeyword.setText(SetTextKeyword.groovy:66)
	at com.kms.katalon.core.webui.keyword.builtin.SetTextKeyword.execute(SetTextKeyword.groovy:37)
	at com.kms.katalon.core.keyword.internal.KeywordExecutor.executeKeywordForPlatform(KeywordExecutor.groovy:74)
	at com.kms.katalon.core.webui.keyword.WebUiBuiltInKeywords.setText(WebUiBuiltInKeywords.groovy:980)
	at com.kms.katalon.core.webui.keyword.WebUiBuiltInKeywords$setText$6.call(Unknown Source)
	at 3.3.2-Crear_tipo_de_beneficio_CASO1_(Novedad_nómina).run(3.3.2-Crear_tipo_de_beneficio_CASO1_(Novedad_nómina):55)
	at com.kms.katalon.core.main.ScriptEngine.run(ScriptEngine.java:194)
	at com.kms.katalon.core.main.ScriptEngine.runScriptAsRawText(ScriptEngine.java:119)
	at com.kms.katalon.core.main.TestCaseExecutor.runScript(TestCaseExecutor.java:448)
	at com.kms.katalon.core.main.TestCaseExecutor.doExecute(TestCaseExecutor.java:439)
	at com.kms.katalon.core.main.TestCaseExecutor.processExecutionPhase(TestCaseExecutor.java:418)
	at com.kms.katalon.core.main.TestCaseExecutor.accessMainPhase(TestCaseExecutor.java:410)
	at com.kms.katalon.core.main.TestCaseExecutor.execute(TestCaseExecutor.java:285)
	at com.kms.katalon.core.common.CommonExecutor.accessTestCaseMainPhase(CommonExecutor.java:65)
	at com.kms.katalon.core.main.TestSuiteExecutor.accessTestSuiteMainPhase(TestSuiteExecutor.java:151)
	at com.kms.katalon.core.main.TestSuiteExecutor.execute(TestSuiteExecutor.java:106)
	at com.kms.katalon.core.main.TestCaseMain.startTestSuite(TestCaseMain.java:185)
	at com.kms.katalon.core.main.TestCaseMain$startTestSuite$0.call(Unknown Source)
	at TempTestSuite1678383366099.run(TempTestSuite1678383366099.groovy:36)
Caused by: com.kms.katalon.core.webui.exception.WebElementNotFoundException: Web element with id: 'Object Repository/2-OBJECTS TAREAS SECUNDARIAS/Pruebas Bienestar/Crear_tipo_de_beneficio_CASO1_(Novedad_nómina)/input_Descripcin_formDetalleTipoBeneficioBienestardescripcionTipoBeneficio' located by '
//tr[1]/td[5]/input' not found
	at com.kms.katalon.core.webui.common.WebUiCommonHelper.findWebElement(WebUiCommonHelper.java:1370)
	at com.kms.katalon.core.webui.keyword.internal.WebUIAbstractKeyword.findWebElement(WebUIAbstractKeyword.groovy:27)
	at com.kms.katalon.core.webui.keyword.internal.WebUIAbstractKeyword.findWebElement(WebUIAbstractKeyword.groovy:26)
	at com.kms.katalon.core.webui.keyword.builtin.SetTextKeyword$_setText_closure1.doCall(SetTextKeyword.groovy:51)
	at com.kms.katalon.core.webui.keyword.builtin.SetTextKeyword$_setText_closure1.call(SetTextKeyword.groovy)
	at com.kms.katalon.core.webui.keyword.internal.WebUIKeywordMain.runKeyword(WebUIKeywordMain.groovy:20)
	... 19 more]]></system-err>
      </testcase>
      <testcase name="Test Cases/1.2-Tareas_Secundarias/3.1-Pruebas_Bienestar/3.3.3-Filtro_sección" time="24.244" classname="Test Cases/1.2-Tareas_Secundarias/3.1-Pruebas_Bienestar/3.3.3-Filtro_sección" status="PASSED">
         <system-out><![CDATA[2023-03-09 12:56:32 - [TEST_CASE][PASSED] - Test Cases/1.2-Tareas_Secundarias/3.1-Pruebas_Bienestar/3.3.3-Filtro_sección: Test Cases/1.2-Tareas_Secundarias/3.1-Pruebas_Bienestar/3.3.3-Filtro_sección

2023-03-09 12:56:32 - [TEST_STEP][PASSED] - callTestCase(findTestCase("0.1-Login"), [:], STOP_ON_FAILURE): Call Test Case 'Test Cases/0.1-Login' successfully

2023-03-09 12:56:32 - [TEST_CASE][PASSED] - Test Cases/0.1-Login: Test Cases/0.1-Login

2023-03-09 12:56:32 - [TEST_STEP][PASSED] - openBrowser(""): Browser is opened with url: ''

2023-03-09 12:56:32 - [MESSAGE][WARNING] - A browser is already opened. Closing browser and opening a new one

2023-03-09 12:56:33 - [MESSAGE][INFO] - Starting 'Chrome' driver

2023-03-09 12:56:33 - [MESSAGE][INFO] - Action delay is set to 0 milliseconds

2023-03-09 12:56:34 - [MESSAGE][PASSED] - Browser is opened with url: ''

2023-03-09 12:56:34 - [TEST_STEP][PASSED] - maximizeWindow(): Current window maximized

2023-03-09 12:56:34 - [MESSAGE][PASSED] - Current window maximized

2023-03-09 12:56:34 - [TEST_STEP][PASSED] - i = G_Login: null

2023-03-09 12:56:34 - [TEST_STEP][PASSED] - url = new java.net.URL(i): null

2023-03-09 12:56:34 - [TEST_STEP][PASSED] - println("URL: " + url.toString()): null

2023-03-09 12:56:34 - [TEST_STEP][PASSED] - connection = url.openConnection(): null

2023-03-09 12:56:34 - [TEST_STEP][PASSED] - connection.setRequestMethod("GET"): null

2023-03-09 12:56:34 - [TEST_STEP][PASSED] - connection.setReadTimeout(2 * 1000): null

2023-03-09 12:56:34 - [TEST_STEP][PASSED] - try: null

2023-03-09 12:56:34 - [TEST_STEP][PASSED] - connection.connect(): null

2023-03-09 12:56:34 - [TEST_STEP][PASSED] - flag = connected: null

2023-03-09 12:56:34 - [TEST_STEP][PASSED] - println("Valor_ori: " + flag): null

2023-03-09 12:56:34 - [TEST_STEP][PASSED] - if (flag): null

2023-03-09 12:56:34 - [TEST_STEP][PASSED] - navigateToUrl(i): Navigate to 'http://192.168.2.19:7001/saraweb' successfully

2023-03-09 12:56:36 - [MESSAGE][PASSED] - Navigate to 'http://192.168.2.19:7001/saraweb' successfully

2023-03-09 12:56:36 - [TEST_STEP][PASSED] - a(): null

2023-03-09 12:56:36 - [TEST_STEP][PASSED] - if (waitForElementVisible(findTestObject("3-OBJECTS UTILIDADES/Login/input_USUARIO_loginusuario"), 0)): null

2023-03-09 12:56:36 - [MESSAGE][WARNING] - Timeout '0' is invalid. Using default page load timeout: '37'

2023-03-09 12:56:37 - [MESSAGE][PASSED] - Object 'Object Repository/3-OBJECTS UTILIDADES/Login/input_USUARIO_loginusuario' is visible

2023-03-09 12:56:37 - [TEST_STEP][PASSED] - switchToWindowTitle("SARA"): Switched to window with title: 'SARA'

2023-03-09 12:56:37 - [MESSAGE][PASSED] - Switched to window with title: 'SARA'

2023-03-09 12:56:37 - [TEST_STEP][PASSED] - zoom(): null

2023-03-09 12:56:37 - [TEST_STEP][PASSED] - robot = new java.awt.Robot(): null

2023-03-09 12:56:37 - [TEST_STEP][PASSED] - robot.keyPress(VK_CONTROL): null

2023-03-09 12:56:37 - [TEST_STEP][PASSED] - robot.keyPress(VK_SUBTRACT): null

2023-03-09 12:56:37 - [TEST_STEP][PASSED] - robot.keyRelease(VK_CONTROL): null

2023-03-09 12:56:37 - [TEST_STEP][PASSED] - robot.keyRelease(VK_SUBTRACT): null

2023-03-09 12:56:37 - [TEST_STEP][PASSED] - robot.keyPress(VK_CONTROL): null

2023-03-09 12:56:37 - [TEST_STEP][PASSED] - robot.keyPress(VK_SUBTRACT): null

2023-03-09 12:56:37 - [TEST_STEP][PASSED] - robot.keyRelease(VK_CONTROL): null

2023-03-09 12:56:37 - [TEST_STEP][PASSED] - robot.keyRelease(VK_SUBTRACT): null

2023-03-09 12:56:37 - [TEST_STEP][PASSED] - robot.keyPress(VK_CONTROL): null

2023-03-09 12:56:37 - [TEST_STEP][PASSED] - robot.keyPress(VK_SUBTRACT): null

2023-03-09 12:56:37 - [TEST_STEP][PASSED] - robot.keyRelease(VK_CONTROL): null

2023-03-09 12:56:37 - [TEST_STEP][PASSED] - robot.keyRelease(VK_SUBTRACT): null

2023-03-09 12:56:37 - [TEST_STEP][PASSED] - robot.keyRelease(VK_CONTROL): null

2023-03-09 12:56:37 - [TEST_STEP][PASSED] - robot.keyRelease(VK_SUBTRACT): null

2023-03-09 12:56:37 - [TEST_STEP][PASSED] - setText(findTestObject("3-OBJECTS UTILIDADES/Login/input_USUARIO_loginusuario"), G_Usuario): Text 'weblogic' is set on object 'Object Repository/3-OBJECTS UTILIDADES/Login/input_USUARIO_loginusuario'

2023-03-09 12:56:37 - [MESSAGE][PASSED] - Text 'weblogic' is set on object 'Object Repository/3-OBJECTS UTILIDADES/Login/input_USUARIO_loginusuario'

2023-03-09 12:56:37 - [TEST_STEP][PASSED] - setEncryptedText(findTestObject("3-OBJECTS UTILIDADES/Login/input_CLAVE_loginpassword"), "SlAwMcyRKqrwbnzhAs8HhT6NnI7sEyng"): Text ****** has been set on object 'Object Repository/3-OBJECTS UTILIDADES/Login/input_CLAVE_loginpassword'

2023-03-09 12:56:41 - [MESSAGE][PASSED] - Text ****** has been set on object 'Object Repository/3-OBJECTS UTILIDADES/Login/input_CLAVE_loginpassword'

2023-03-09 12:56:41 - [TEST_STEP][PASSED] - while (waitForElementClickable(findTestObject("3-OBJECTS UTILIDADES/Login/a_Ingresar"), 1)): Web element with id: 'Object Repository/3-OBJECTS UTILIDADES/Login/a_Ingresar' located by '//a[contains(text(),'Ingresar')]' not found

2023-03-09 12:56:43 - [MESSAGE][INFO] - Unable to find the element located by 'By.xpath: //a[contains(text(),'Ingresar')]'. Please recheck the objects properties to make sure the desired element is located. 

2023-03-09 12:56:43 - [MESSAGE][WARNING] - Web element with id: 'Object Repository/3-OBJECTS UTILIDADES/Login/a_Ingresar' located by '//a[contains(text(),'Ingresar')]' not found

2023-03-09 12:56:43 - [MESSAGE][PASSED] - Call Test Case 'Test Cases/0.1-Login' successfully

2023-03-09 12:56:43 - [TEST_STEP][PASSED] - setText(findTestObject("2-OBJECTS TAREAS SECUNDARIAS/Pruebas Bienestar/Filtro_sección/input_Beneficios_form_templatej_idt24_input"), "beneficio (bie)"): Text 'beneficio (bie)' is set on object 'Object Repository/2-OBJECTS TAREAS SECUNDARIAS/Pruebas Bienestar/Filtro_sección/input_Beneficios_form_templatej_idt24_input'

2023-03-09 12:56:44 - [MESSAGE][PASSED] - Text 'beneficio (bie)' is set on object 'Object Repository/2-OBJECTS TAREAS SECUNDARIAS/Pruebas Bienestar/Filtro_sección/input_Beneficios_form_templatej_idt24_input'

2023-03-09 12:56:44 - [TEST_STEP][PASSED] - click(findTestObject("2-OBJECTS TAREAS SECUNDARIAS/Pruebas Bienestar/Filtro_sección/span_Beneficio (bie)")): Object: 'Object Repository/2-OBJECTS TAREAS SECUNDARIAS/Pruebas Bienestar/Filtro_sección/span_Beneficio (bie)' is clicked on

2023-03-09 12:56:45 - [MESSAGE][PASSED] - Object: 'Object Repository/2-OBJECTS TAREAS SECUNDARIAS/Pruebas Bienestar/Filtro_sección/span_Beneficio (bie)' is clicked on

2023-03-09 12:56:45 - [TEST_STEP][PASSED] - click(findTestObject("2-OBJECTS TAREAS SECUNDARIAS/Pruebas Bienestar/Filtro_sección/td_PRUEBAS KATALON")): Object: 'Object Repository/2-OBJECTS TAREAS SECUNDARIAS/Pruebas Bienestar/Filtro_sección/td_PRUEBAS KATALON' is clicked on

2023-03-09 12:56:48 - [MESSAGE][PASSED] - Object: 'Object Repository/2-OBJECTS TAREAS SECUNDARIAS/Pruebas Bienestar/Filtro_sección/td_PRUEBAS KATALON' is clicked on

2023-03-09 12:56:48 - [TEST_STEP][PASSED] - click(findTestObject("2-OBJECTS TAREAS SECUNDARIAS/Pruebas Bienestar/Filtro_sección/a_Filtro Seccin")): Object: 'Object Repository/2-OBJECTS TAREAS SECUNDARIAS/Pruebas Bienestar/Filtro_sección/a_Filtro Seccin' is clicked on

2023-03-09 12:56:49 - [MESSAGE][PASSED] - Object: 'Object Repository/2-OBJECTS TAREAS SECUNDARIAS/Pruebas Bienestar/Filtro_sección/a_Filtro Seccin' is clicked on

2023-03-09 12:56:49 - [TEST_STEP][PASSED] - if (waitForElementVisible(findTestObject("2-OBJECTS TAREAS SECUNDARIAS/Pruebas Bienestar/Filtro_sección/a_CONYUGUE_form_dirigidoTipoBeneficiariotabla_dirigido0j_idt689"), 1)): null

2023-03-09 12:56:50 - [MESSAGE][PASSED] - Object 'Object Repository/2-OBJECTS TAREAS SECUNDARIAS/Pruebas Bienestar/Filtro_sección/a_CONYUGUE_form_dirigidoTipoBeneficiariotabla_dirigido0j_idt689' is visible

2023-03-09 12:56:50 - [TEST_STEP][PASSED] - click(findTestObject("2-OBJECTS TAREAS SECUNDARIAS/Pruebas Bienestar/Filtro_sección/a_CONYUGUE_form_dirigidoTipoBeneficiariotabla_dirigido0j_idt689")): Object: 'Object Repository/2-OBJECTS TAREAS SECUNDARIAS/Pruebas Bienestar/Filtro_sección/a_CONYUGUE_form_dirigidoTipoBeneficiariotabla_dirigido0j_idt689' is clicked on

2023-03-09 12:56:51 - [MESSAGE][PASSED] - Object: 'Object Repository/2-OBJECTS TAREAS SECUNDARIAS/Pruebas Bienestar/Filtro_sección/a_CONYUGUE_form_dirigidoTipoBeneficiariotabla_dirigido0j_idt689' is clicked on

2023-03-09 12:56:51 - [TEST_STEP][PASSED] - click(findTestObject("2-OBJECTS TAREAS SECUNDARIAS/Pruebas Bienestar/Filtro_sección/a_Aceptar")): Object: 'Object Repository/2-OBJECTS TAREAS SECUNDARIAS/Pruebas Bienestar/Filtro_sección/a_Aceptar' is clicked on

2023-03-09 12:56:51 - [MESSAGE][PASSED] - Object: 'Object Repository/2-OBJECTS TAREAS SECUNDARIAS/Pruebas Bienestar/Filtro_sección/a_Aceptar' is clicked on

2023-03-09 12:56:51 - [TEST_STEP][PASSED] - selectOptionByIndex(findTestObject("2-OBJECTS TAREAS SECUNDARIAS/Pruebas Bienestar/Filtro_sección/select_--Seleccione--DiscapacidadEdadGeneroParentesco"), 4): All options with index in [4] are selected on object 'Object Repository/2-OBJECTS TAREAS SECUNDARIAS/Pruebas Bienestar/Filtro_sección/select_--Seleccione--DiscapacidadEdadGeneroParentesco'

2023-03-09 12:56:53 - [MESSAGE][PASSED] - All options with index in [4] are selected on object 'Object Repository/2-OBJECTS TAREAS SECUNDARIAS/Pruebas Bienestar/Filtro_sección/select_--Seleccione--DiscapacidadEdadGeneroParentesco'

2023-03-09 12:56:53 - [TEST_STEP][PASSED] - selectOptionByIndex(findTestObject("2-OBJECTS TAREAS SECUNDARIAS/Pruebas Bienestar/Filtro_sección/select_-- Seleccione --CONYUGUEHERMANO (A)HIJO (A)NO DEFINIDOPADRE"), 1): All options with index in [1] are selected on object 'Object Repository/2-OBJECTS TAREAS SECUNDARIAS/Pruebas Bienestar/Filtro_sección/select_-- Seleccione --CONYUGUEHERMANO (A)HIJO (A)NO DEFINIDOPADRE'

2023-03-09 12:56:54 - [MESSAGE][PASSED] - All options with index in [1] are selected on object 'Object Repository/2-OBJECTS TAREAS SECUNDARIAS/Pruebas Bienestar/Filtro_sección/select_-- Seleccione --CONYUGUEHERMANO (A)HIJO (A)NO DEFINIDOPADRE'

2023-03-09 12:56:54 - [TEST_STEP][PASSED] - click(findTestObject("2-OBJECTS TAREAS SECUNDARIAS/Pruebas Bienestar/Filtro_sección/a_Tipo Campo_form_dirigidoTipoBeneficiariotabla_dirigidoj_idt690")): Object: 'Object Repository/2-OBJECTS TAREAS SECUNDARIAS/Pruebas Bienestar/Filtro_sección/a_Tipo Campo_form_dirigidoTipoBeneficiariotabla_dirigidoj_idt690' is clicked on

2023-03-09 12:56:54 - [MESSAGE][PASSED] - Object: 'Object Repository/2-OBJECTS TAREAS SECUNDARIAS/Pruebas Bienestar/Filtro_sección/a_Tipo Campo_form_dirigidoTipoBeneficiariotabla_dirigidoj_idt690' is clicked on

2023-03-09 12:56:54 - [TEST_STEP][PASSED] - if (waitForElementVisible(findTestObject("2-OBJECTS TAREAS SECUNDARIAS/Pruebas Bienestar/Filtro_sección/td_CONYUGUE"), 1)): null

2023-03-09 12:56:55 - [MESSAGE][PASSED] - Object 'Object Repository/2-OBJECTS TAREAS SECUNDARIAS/Pruebas Bienestar/Filtro_sección/td_CONYUGUE' is visible

2023-03-09 12:56:55 - [TEST_STEP][PASSED] - Resultado = "PRUEBA OK": null

2023-03-09 12:56:55 - [TEST_STEP][PASSED] - closeBrowser(): Browser is closed

2023-03-09 12:56:56 - [MESSAGE][PASSED] - Browser is closed]]></system-out>
         <system-err><![CDATA[]]></system-err>
      </testcase>
      <testcase name="Test Cases/1.2-Tareas_Secundarias/4.1-Pruebas_Capacitación/4.1.1-Nuevo_Curso" time="35.171" classname="Test Cases/1.2-Tareas_Secundarias/4.1-Pruebas_Capacitación/4.1.1-Nuevo_Curso" status="PASSED">
         <system-out><![CDATA[2023-03-09 12:56:56 - [TEST_CASE][PASSED] - Test Cases/1.2-Tareas_Secundarias/4.1-Pruebas_Capacitación/4.1.1-Nuevo_Curso: Test Cases/1.2-Tareas_Secundarias/4.1-Pruebas_Capacitación/4.1.1-Nuevo_Curso

2023-03-09 12:56:56 - [TEST_STEP][PASSED] - callTestCase(findTestCase("0.1-Login"), [:], STOP_ON_FAILURE): Call Test Case 'Test Cases/0.1-Login' successfully

2023-03-09 12:56:56 - [TEST_CASE][PASSED] - Test Cases/0.1-Login: Test Cases/0.1-Login

2023-03-09 12:56:56 - [TEST_STEP][PASSED] - openBrowser(""): Browser is opened with url: ''

2023-03-09 12:56:56 - [MESSAGE][INFO] - Starting 'Chrome' driver

2023-03-09 12:56:56 - [MESSAGE][INFO] - Action delay is set to 0 milliseconds

2023-03-09 12:56:58 - [MESSAGE][PASSED] - Browser is opened with url: ''

2023-03-09 12:56:58 - [TEST_STEP][PASSED] - maximizeWindow(): Current window maximized

2023-03-09 12:56:58 - [MESSAGE][PASSED] - Current window maximized

2023-03-09 12:56:58 - [TEST_STEP][PASSED] - i = G_Login: null

2023-03-09 12:56:58 - [TEST_STEP][PASSED] - url = new java.net.URL(i): null

2023-03-09 12:56:58 - [TEST_STEP][PASSED] - println("URL: " + url.toString()): null

2023-03-09 12:56:58 - [TEST_STEP][PASSED] - connection = url.openConnection(): null

2023-03-09 12:56:58 - [TEST_STEP][PASSED] - connection.setRequestMethod("GET"): null

2023-03-09 12:56:58 - [TEST_STEP][PASSED] - connection.setReadTimeout(2 * 1000): null

2023-03-09 12:56:58 - [TEST_STEP][PASSED] - try: null

2023-03-09 12:56:58 - [TEST_STEP][PASSED] - connection.connect(): null

2023-03-09 12:56:58 - [TEST_STEP][PASSED] - flag = connected: null

2023-03-09 12:56:58 - [TEST_STEP][PASSED] - println("Valor_ori: " + flag): null

2023-03-09 12:56:58 - [TEST_STEP][PASSED] - if (flag): null

2023-03-09 12:56:58 - [TEST_STEP][PASSED] - navigateToUrl(i): Navigate to 'http://192.168.2.19:7001/saraweb' successfully

2023-03-09 12:57:00 - [MESSAGE][PASSED] - Navigate to 'http://192.168.2.19:7001/saraweb' successfully

2023-03-09 12:57:00 - [TEST_STEP][PASSED] - a(): null

2023-03-09 12:57:00 - [TEST_STEP][PASSED] - if (waitForElementVisible(findTestObject("3-OBJECTS UTILIDADES/Login/input_USUARIO_loginusuario"), 0)): null

2023-03-09 12:57:00 - [MESSAGE][WARNING] - Timeout '0' is invalid. Using default page load timeout: '37'

2023-03-09 12:57:01 - [MESSAGE][PASSED] - Object 'Object Repository/3-OBJECTS UTILIDADES/Login/input_USUARIO_loginusuario' is visible

2023-03-09 12:57:01 - [TEST_STEP][PASSED] - switchToWindowTitle("SARA"): Switched to window with title: 'SARA'

2023-03-09 12:57:01 - [MESSAGE][PASSED] - Switched to window with title: 'SARA'

2023-03-09 12:57:01 - [TEST_STEP][PASSED] - zoom(): null

2023-03-09 12:57:01 - [TEST_STEP][PASSED] - robot = new java.awt.Robot(): null

2023-03-09 12:57:01 - [TEST_STEP][PASSED] - robot.keyPress(VK_CONTROL): null

2023-03-09 12:57:01 - [TEST_STEP][PASSED] - robot.keyPress(VK_SUBTRACT): null

2023-03-09 12:57:01 - [TEST_STEP][PASSED] - robot.keyRelease(VK_CONTROL): null

2023-03-09 12:57:01 - [TEST_STEP][PASSED] - robot.keyRelease(VK_SUBTRACT): null

2023-03-09 12:57:01 - [TEST_STEP][PASSED] - robot.keyPress(VK_CONTROL): null

2023-03-09 12:57:01 - [TEST_STEP][PASSED] - robot.keyPress(VK_SUBTRACT): null

2023-03-09 12:57:01 - [TEST_STEP][PASSED] - robot.keyRelease(VK_CONTROL): null

2023-03-09 12:57:01 - [TEST_STEP][PASSED] - robot.keyRelease(VK_SUBTRACT): null

2023-03-09 12:57:01 - [TEST_STEP][PASSED] - robot.keyPress(VK_CONTROL): null

2023-03-09 12:57:01 - [TEST_STEP][PASSED] - robot.keyPress(VK_SUBTRACT): null

2023-03-09 12:57:01 - [TEST_STEP][PASSED] - robot.keyRelease(VK_CONTROL): null

2023-03-09 12:57:01 - [TEST_STEP][PASSED] - robot.keyRelease(VK_SUBTRACT): null

2023-03-09 12:57:01 - [TEST_STEP][PASSED] - robot.keyRelease(VK_CONTROL): null

2023-03-09 12:57:01 - [TEST_STEP][PASSED] - robot.keyRelease(VK_SUBTRACT): null

2023-03-09 12:57:01 - [TEST_STEP][PASSED] - setText(findTestObject("3-OBJECTS UTILIDADES/Login/input_USUARIO_loginusuario"), G_Usuario): Text 'weblogic' is set on object 'Object Repository/3-OBJECTS UTILIDADES/Login/input_USUARIO_loginusuario'

2023-03-09 12:57:01 - [MESSAGE][PASSED] - Text 'weblogic' is set on object 'Object Repository/3-OBJECTS UTILIDADES/Login/input_USUARIO_loginusuario'

2023-03-09 12:57:01 - [TEST_STEP][PASSED] - setEncryptedText(findTestObject("3-OBJECTS UTILIDADES/Login/input_CLAVE_loginpassword"), "SlAwMcyRKqrwbnzhAs8HhT6NnI7sEyng"): Text ****** has been set on object 'Object Repository/3-OBJECTS UTILIDADES/Login/input_CLAVE_loginpassword'

2023-03-09 12:57:05 - [MESSAGE][PASSED] - Text ****** has been set on object 'Object Repository/3-OBJECTS UTILIDADES/Login/input_CLAVE_loginpassword'

2023-03-09 12:57:05 - [TEST_STEP][PASSED] - while (waitForElementClickable(findTestObject("3-OBJECTS UTILIDADES/Login/a_Ingresar"), 1)): Web element with id: 'Object Repository/3-OBJECTS UTILIDADES/Login/a_Ingresar' located by '//a[contains(text(),'Ingresar')]' not found

2023-03-09 12:57:08 - [MESSAGE][INFO] - Unable to find the element located by 'By.xpath: //a[contains(text(),'Ingresar')]'. Please recheck the objects properties to make sure the desired element is located. 

2023-03-09 12:57:08 - [MESSAGE][WARNING] - Web element with id: 'Object Repository/3-OBJECTS UTILIDADES/Login/a_Ingresar' located by '//a[contains(text(),'Ingresar')]' not found

2023-03-09 12:57:08 - [MESSAGE][PASSED] - Call Test Case 'Test Cases/0.1-Login' successfully

2023-03-09 12:57:08 - [TEST_STEP][PASSED] - setText(findTestObject("2-OBJECTS TAREAS SECUNDARIAS/Pruebas capacitacion/Nuevo_Curso/input_ADMINISTRADOR DEL SISTEMA - SARA_form_templatej_idt24_input"), "Cursos (cap)"): Text 'Cursos (cap)' is set on object 'Object Repository/2-OBJECTS TAREAS SECUNDARIAS/Pruebas capacitacion/Nuevo_Curso/input_ADMINISTRADOR DEL SISTEMA - SARA_form_templatej_idt24_input'

2023-03-09 12:57:08 - [MESSAGE][PASSED] - Text 'Cursos (cap)' is set on object 'Object Repository/2-OBJECTS TAREAS SECUNDARIAS/Pruebas capacitacion/Nuevo_Curso/input_ADMINISTRADOR DEL SISTEMA - SARA_form_templatej_idt24_input'

2023-03-09 12:57:08 - [TEST_STEP][PASSED] - waitForElementClickable(findTestObject("2-OBJECTS TAREAS SECUNDARIAS/Pruebas capacitacion/Nuevo_Curso/li_Cursos (cap)"), 0): Object 'Object Repository/2-OBJECTS TAREAS SECUNDARIAS/Pruebas capacitacion/Nuevo_Curso/li_Cursos (cap)' is clickable

2023-03-09 12:57:09 - [MESSAGE][WARNING] - Timeout '0' is invalid. Using default page load timeout: '37'

2023-03-09 12:57:10 - [MESSAGE][PASSED] - Object 'Object Repository/2-OBJECTS TAREAS SECUNDARIAS/Pruebas capacitacion/Nuevo_Curso/li_Cursos (cap)' is clickable

2023-03-09 12:57:10 - [TEST_STEP][PASSED] - click(findTestObject("2-OBJECTS TAREAS SECUNDARIAS/Pruebas capacitacion/Nuevo_Curso/li_Cursos (cap)"), STOP_ON_FAILURE): Object: 'Object Repository/2-OBJECTS TAREAS SECUNDARIAS/Pruebas capacitacion/Nuevo_Curso/li_Cursos (cap)' is clicked on

2023-03-09 12:57:10 - [MESSAGE][PASSED] - Object: 'Object Repository/2-OBJECTS TAREAS SECUNDARIAS/Pruebas capacitacion/Nuevo_Curso/li_Cursos (cap)' is clicked on

2023-03-09 12:57:10 - [TEST_STEP][PASSED] - if (waitForElementPresent(findTestObject("2-OBJECTS TAREAS SECUNDARIAS/Pruebas capacitacion/Nuevo_Curso/td_Prueba"), 1)): Object 'Object Repository/2-OBJECTS TAREAS SECUNDARIAS/Pruebas capacitacion/Nuevo_Curso/td_Prueba' is not present after 1 second(s)

2023-03-09 12:57:13 - [MESSAGE][INFO] - Unable to find the element located by 'By.xpath: (.//*[normalize-space(text()) and normalize-space(.)='NO RELACIONADO'])[4]/preceding::td[3]'. Please recheck the objects properties to make sure the desired element is located. 

2023-03-09 12:57:13 - [MESSAGE][WARNING] - Object 'Object Repository/2-OBJECTS TAREAS SECUNDARIAS/Pruebas capacitacion/Nuevo_Curso/td_Prueba' is not present after 1 second(s)

2023-03-09 12:57:13 - [TEST_STEP][PASSED] - click(findTestObject("2-OBJECTS TAREAS SECUNDARIAS/Pruebas capacitacion/Nuevo_Curso/a_Nuevo"), STOP_ON_FAILURE): Object: 'Object Repository/2-OBJECTS TAREAS SECUNDARIAS/Pruebas capacitacion/Nuevo_Curso/a_Nuevo' is clicked on

2023-03-09 12:57:13 - [MESSAGE][PASSED] - Object: 'Object Repository/2-OBJECTS TAREAS SECUNDARIAS/Pruebas capacitacion/Nuevo_Curso/a_Nuevo' is clicked on

2023-03-09 12:57:13 - [TEST_STEP][PASSED] - setText(findTestObject("2-OBJECTS TAREAS SECUNDARIAS/Pruebas capacitacion/Nuevo_Curso/textarea_Curso_form_cursopestaniasdescripcion"), "Prueba"): Text 'Prueba' is set on object 'Object Repository/2-OBJECTS TAREAS SECUNDARIAS/Pruebas capacitacion/Nuevo_Curso/textarea_Curso_form_cursopestaniasdescripcion'

2023-03-09 12:57:14 - [MESSAGE][PASSED] - Text 'Prueba' is set on object 'Object Repository/2-OBJECTS TAREAS SECUNDARIAS/Pruebas capacitacion/Nuevo_Curso/textarea_Curso_form_cursopestaniasdescripcion'

2023-03-09 12:57:14 - [TEST_STEP][PASSED] - setText(findTestObject("2-OBJECTS TAREAS SECUNDARIAS/Pruebas capacitacion/Nuevo_Curso/input_Intensidad Horaria_form_cursopestaniasintensidad"), "12"): Text '12' is set on object 'Object Repository/2-OBJECTS TAREAS SECUNDARIAS/Pruebas capacitacion/Nuevo_Curso/input_Intensidad Horaria_form_cursopestaniasintensidad'

2023-03-09 12:57:15 - [MESSAGE][PASSED] - Text '12' is set on object 'Object Repository/2-OBJECTS TAREAS SECUNDARIAS/Pruebas capacitacion/Nuevo_Curso/input_Intensidad Horaria_form_cursopestaniasintensidad'

2023-03-09 12:57:15 - [TEST_STEP][PASSED] - check(findTestObject("2-OBJECTS TAREAS SECUNDARIAS/Pruebas capacitacion/Nuevo_Curso/label_Ambas"), STOP_ON_FAILURE): Object 'Object Repository/2-OBJECTS TAREAS SECUNDARIAS/Pruebas capacitacion/Nuevo_Curso/label_Ambas' is checked

2023-03-09 12:57:16 - [MESSAGE][PASSED] - Object 'Object Repository/2-OBJECTS TAREAS SECUNDARIAS/Pruebas capacitacion/Nuevo_Curso/label_Ambas' is checked

2023-03-09 12:57:16 - [TEST_STEP][PASSED] - setText(findTestObject("2-OBJECTS TAREAS SECUNDARIAS/Pruebas capacitacion/Nuevo_Curso/input_Puntaje Minimo_form_cursopestaniaspuntajeminimo"), "10"): Text '10' is set on object 'Object Repository/2-OBJECTS TAREAS SECUNDARIAS/Pruebas capacitacion/Nuevo_Curso/input_Puntaje Minimo_form_cursopestaniaspuntajeminimo'

2023-03-09 12:57:17 - [MESSAGE][PASSED] - Text '10' is set on object 'Object Repository/2-OBJECTS TAREAS SECUNDARIAS/Pruebas capacitacion/Nuevo_Curso/input_Puntaje Minimo_form_cursopestaniaspuntajeminimo'

2023-03-09 12:57:17 - [TEST_STEP][PASSED] - setText(findTestObject("2-OBJECTS TAREAS SECUNDARIAS/Pruebas capacitacion/Nuevo_Curso/input_Puntaje Aprobacin_form_cursopestaniaspuntajeaproba"), "31"): Text '31' is set on object 'Object Repository/2-OBJECTS TAREAS SECUNDARIAS/Pruebas capacitacion/Nuevo_Curso/input_Puntaje Aprobacin_form_cursopestaniaspuntajeaproba'

2023-03-09 12:57:17 - [MESSAGE][PASSED] - Text '31' is set on object 'Object Repository/2-OBJECTS TAREAS SECUNDARIAS/Pruebas capacitacion/Nuevo_Curso/input_Puntaje Aprobacin_form_cursopestaniaspuntajeaproba'

2023-03-09 12:57:17 - [TEST_STEP][PASSED] - setText(findTestObject("2-OBJECTS TAREAS SECUNDARIAS/Pruebas capacitacion/Nuevo_Curso/textarea_Prerrequisito_form_cursopestaniasprerequisito"), "null"): Text 'null' is set on object 'Object Repository/2-OBJECTS TAREAS SECUNDARIAS/Pruebas capacitacion/Nuevo_Curso/textarea_Prerrequisito_form_cursopestaniasprerequisito'

2023-03-09 12:57:18 - [MESSAGE][PASSED] - Text 'null' is set on object 'Object Repository/2-OBJECTS TAREAS SECUNDARIAS/Pruebas capacitacion/Nuevo_Curso/textarea_Prerrequisito_form_cursopestaniasprerequisito'

2023-03-09 12:57:18 - [TEST_STEP][PASSED] - setText(findTestObject("2-OBJECTS TAREAS SECUNDARIAS/Pruebas capacitacion/Nuevo_Curso/textarea_Metodologa_form_cursopestaniasmetodologia"), "virtual"): Text 'virtual' is set on object 'Object Repository/2-OBJECTS TAREAS SECUNDARIAS/Pruebas capacitacion/Nuevo_Curso/textarea_Metodologa_form_cursopestaniasmetodologia'

2023-03-09 12:57:19 - [MESSAGE][PASSED] - Text 'virtual' is set on object 'Object Repository/2-OBJECTS TAREAS SECUNDARIAS/Pruebas capacitacion/Nuevo_Curso/textarea_Metodologa_form_cursopestaniasmetodologia'

2023-03-09 12:57:19 - [TEST_STEP][PASSED] - selectOptionByIndex(findTestObject("2-OBJECTS TAREAS SECUNDARIAS/Pruebas capacitacion/Nuevo_Curso/select_-- Seleccione --CARTAS DE RETIROCERT"), "1"): All options with index in [1] are selected on object 'Object Repository/2-OBJECTS TAREAS SECUNDARIAS/Pruebas capacitacion/Nuevo_Curso/select_-- Seleccione --CARTAS DE RETIROCERT'

2023-03-09 12:57:20 - [MESSAGE][PASSED] - All options with index in [1] are selected on object 'Object Repository/2-OBJECTS TAREAS SECUNDARIAS/Pruebas capacitacion/Nuevo_Curso/select_-- Seleccione --CARTAS DE RETIROCERT'

2023-03-09 12:57:20 - [TEST_STEP][PASSED] - selectOptionByIndex(findTestObject("2-OBJECTS TAREAS SECUNDARIAS/Pruebas capacitacion/Nuevo_Curso/select_SeleccioneNINGUNOIcetexInstituto Caro y Cuervo.PositivaSena"), 5): All options with index in [5] are selected on object 'Object Repository/2-OBJECTS TAREAS SECUNDARIAS/Pruebas capacitacion/Nuevo_Curso/select_SeleccioneNINGUNOIcetexInstituto Caro y Cuervo.PositivaSena'

2023-03-09 12:57:21 - [MESSAGE][PASSED] - All options with index in [5] are selected on object 'Object Repository/2-OBJECTS TAREAS SECUNDARIAS/Pruebas capacitacion/Nuevo_Curso/select_SeleccioneNINGUNOIcetexInstituto Caro y Cuervo.PositivaSena'

2023-03-09 12:57:21 - [TEST_STEP][PASSED] - selectOptionByIndex(findTestObject("2-OBJECTS TAREAS SECUNDARIAS/Pruebas capacitacion/Nuevo_Curso/select_ActivoCancelado"), 0): All options with index in [0] are selected on object 'Object Repository/2-OBJECTS TAREAS SECUNDARIAS/Pruebas capacitacion/Nuevo_Curso/select_ActivoCancelado'

2023-03-09 12:57:22 - [MESSAGE][PASSED] - All options with index in [0] are selected on object 'Object Repository/2-OBJECTS TAREAS SECUNDARIAS/Pruebas capacitacion/Nuevo_Curso/select_ActivoCancelado'

2023-03-09 12:57:22 - [TEST_STEP][PASSED] - setText(findTestObject("2-OBJECTS TAREAS SECUNDARIAS/Pruebas capacitacion/Nuevo_Curso/input_Asistencia Mnima Horas_form_cursopestaniasasistenciamin"), "8"): Text '8' is set on object 'Object Repository/2-OBJECTS TAREAS SECUNDARIAS/Pruebas capacitacion/Nuevo_Curso/input_Asistencia Mnima Horas_form_cursopestaniasasistenciamin'

2023-03-09 12:57:23 - [MESSAGE][PASSED] - Text '8' is set on object 'Object Repository/2-OBJECTS TAREAS SECUNDARIAS/Pruebas capacitacion/Nuevo_Curso/input_Asistencia Mnima Horas_form_cursopestaniasasistenciamin'

2023-03-09 12:57:23 - [TEST_STEP][PASSED] - setText(findTestObject("2-OBJECTS TAREAS SECUNDARIAS/Pruebas capacitacion/Nuevo_Curso/input_Puntaje Mximo_form_cursopestaniaspuntajemaximo"), "50"): Text '50' is set on object 'Object Repository/2-OBJECTS TAREAS SECUNDARIAS/Pruebas capacitacion/Nuevo_Curso/input_Puntaje Mximo_form_cursopestaniaspuntajemaximo'

2023-03-09 12:57:23 - [MESSAGE][PASSED] - Text '50' is set on object 'Object Repository/2-OBJECTS TAREAS SECUNDARIAS/Pruebas capacitacion/Nuevo_Curso/input_Puntaje Mximo_form_cursopestaniaspuntajemaximo'

2023-03-09 12:57:23 - [TEST_STEP][PASSED] - setText(findTestObject("2-OBJECTS TAREAS SECUNDARIAS/Pruebas capacitacion/Nuevo_Curso/textarea_Poblacin Objeto_form_cursopestaniascobertura"), "null"): Text 'null' is set on object 'Object Repository/2-OBJECTS TAREAS SECUNDARIAS/Pruebas capacitacion/Nuevo_Curso/textarea_Poblacin Objeto_form_cursopestaniascobertura'

2023-03-09 12:57:24 - [MESSAGE][PASSED] - Text 'null' is set on object 'Object Repository/2-OBJECTS TAREAS SECUNDARIAS/Pruebas capacitacion/Nuevo_Curso/textarea_Poblacin Objeto_form_cursopestaniascobertura'

2023-03-09 12:57:24 - [TEST_STEP][PASSED] - setText(findTestObject("2-OBJECTS TAREAS SECUNDARIAS/Pruebas capacitacion/Nuevo_Curso/textarea_Objetivo_form_cursopestaniasimpacto"), "null"): Text 'null' is set on object 'Object Repository/2-OBJECTS TAREAS SECUNDARIAS/Pruebas capacitacion/Nuevo_Curso/textarea_Objetivo_form_cursopestaniasimpacto'

2023-03-09 12:57:25 - [MESSAGE][PASSED] - Text 'null' is set on object 'Object Repository/2-OBJECTS TAREAS SECUNDARIAS/Pruebas capacitacion/Nuevo_Curso/textarea_Objetivo_form_cursopestaniasimpacto'

2023-03-09 12:57:25 - [TEST_STEP][PASSED] - setText(findTestObject("2-OBJECTS TAREAS SECUNDARIAS/Pruebas capacitacion/Nuevo_Curso/textarea_Contenido_form_cursopestaniascontenido"), "null"): Text 'null' is set on object 'Object Repository/2-OBJECTS TAREAS SECUNDARIAS/Pruebas capacitacion/Nuevo_Curso/textarea_Contenido_form_cursopestaniascontenido'

2023-03-09 12:57:26 - [MESSAGE][PASSED] - Text 'null' is set on object 'Object Repository/2-OBJECTS TAREAS SECUNDARIAS/Pruebas capacitacion/Nuevo_Curso/textarea_Contenido_form_cursopestaniascontenido'

2023-03-09 12:57:26 - [TEST_STEP][PASSED] - click(findTestObject("2-OBJECTS TAREAS SECUNDARIAS/Pruebas capacitacion/Nuevo_Curso/a_Guardar")): Object: 'Object Repository/2-OBJECTS TAREAS SECUNDARIAS/Pruebas capacitacion/Nuevo_Curso/a_Guardar' is clicked on

2023-03-09 12:57:26 - [MESSAGE][PASSED] - Object: 'Object Repository/2-OBJECTS TAREAS SECUNDARIAS/Pruebas capacitacion/Nuevo_Curso/a_Guardar' is clicked on

2023-03-09 12:57:26 - [TEST_STEP][PASSED] - click(findTestObject("2-OBJECTS TAREAS SECUNDARIAS/Pruebas capacitacion/Nuevo_Curso/a_Tema")): Object: 'Object Repository/2-OBJECTS TAREAS SECUNDARIAS/Pruebas capacitacion/Nuevo_Curso/a_Tema' is clicked on

2023-03-09 12:57:27 - [MESSAGE][PASSED] - Object: 'Object Repository/2-OBJECTS TAREAS SECUNDARIAS/Pruebas capacitacion/Nuevo_Curso/a_Tema' is clicked on

2023-03-09 12:57:27 - [TEST_STEP][PASSED] - selectOptionByIndex(findTestObject("2-OBJECTS TAREAS SECUNDARIAS/Pruebas capacitacion/Nuevo_Curso/select_-- SELECCIONAR --GERENCIA DE PROYECTOSPLANMEACINPRUEBA DE MODULOSEGURIDAD EN EL SISTEMA DE INFORMACINTema"), 5): All options with index in [5] are selected on object 'Object Repository/2-OBJECTS TAREAS SECUNDARIAS/Pruebas capacitacion/Nuevo_Curso/select_-- SELECCIONAR --GERENCIA DE PROYECTOSPLANMEACINPRUEBA DE MODULOSEGURIDAD EN EL SISTEMA DE INFORMACINTema'

2023-03-09 12:57:28 - [MESSAGE][PASSED] - All options with index in [5] are selected on object 'Object Repository/2-OBJECTS TAREAS SECUNDARIAS/Pruebas capacitacion/Nuevo_Curso/select_-- SELECCIONAR --GERENCIA DE PROYECTOSPLANMEACINPRUEBA DE MODULOSEGURIDAD EN EL SISTEMA DE INFORMACINTema'

2023-03-09 12:57:28 - [TEST_STEP][PASSED] - setText(findTestObject("2-OBJECTS TAREAS SECUNDARIAS/Pruebas capacitacion/Nuevo_Curso/input_Orden_form_cursopestaniaslistaTemasorden"), "1"): Text '1' is set on object 'Object Repository/2-OBJECTS TAREAS SECUNDARIAS/Pruebas capacitacion/Nuevo_Curso/input_Orden_form_cursopestaniaslistaTemasorden'

2023-03-09 12:57:29 - [MESSAGE][PASSED] - Text '1' is set on object 'Object Repository/2-OBJECTS TAREAS SECUNDARIAS/Pruebas capacitacion/Nuevo_Curso/input_Orden_form_cursopestaniaslistaTemasorden'

2023-03-09 12:57:29 - [TEST_STEP][PASSED] - click(findTestObject("2-OBJECTS TAREAS SECUNDARIAS/Pruebas capacitacion/Nuevo_Curso/a_Orden_form_cursopestaniaslistaTemasj_idt609")): Object: 'Object Repository/2-OBJECTS TAREAS SECUNDARIAS/Pruebas capacitacion/Nuevo_Curso/a_Orden_form_cursopestaniaslistaTemasj_idt609' is clicked on

2023-03-09 12:57:30 - [MESSAGE][PASSED] - Object: 'Object Repository/2-OBJECTS TAREAS SECUNDARIAS/Pruebas capacitacion/Nuevo_Curso/a_Orden_form_cursopestaniaslistaTemasj_idt609' is clicked on

2023-03-09 12:57:30 - [TEST_STEP][PASSED] - click(findTestObject("2-OBJECTS TAREAS SECUNDARIAS/Pruebas capacitacion/Nuevo_Curso/a_Regresar")): Object: 'Object Repository/2-OBJECTS TAREAS SECUNDARIAS/Pruebas capacitacion/Nuevo_Curso/a_Regresar' is clicked on

2023-03-09 12:57:30 - [MESSAGE][PASSED] - Object: 'Object Repository/2-OBJECTS TAREAS SECUNDARIAS/Pruebas capacitacion/Nuevo_Curso/a_Regresar' is clicked on

2023-03-09 12:57:30 - [TEST_STEP][PASSED] - if (waitForElementVisible(findTestObject("2-OBJECTS TAREAS SECUNDARIAS/Pruebas capacitacion/Nuevo_Curso/td_Prueba"), 1)): null

2023-03-09 12:57:31 - [MESSAGE][PASSED] - Object 'Object Repository/2-OBJECTS TAREAS SECUNDARIAS/Pruebas capacitacion/Nuevo_Curso/td_Prueba' is visible

2023-03-09 12:57:31 - [TEST_STEP][PASSED] - Resultado = "PRUEBAS OK": null]]></system-out>
         <system-err><![CDATA[]]></system-err>
      </testcase>
      <testcase name="Test Cases/1.2-Tareas_Secundarias/4.1-Pruebas_Capacitación/4.1.2-Nuevo _Instructor-Entidad" time="32.581" classname="Test Cases/1.2-Tareas_Secundarias/4.1-Pruebas_Capacitación/4.1.2-Nuevo _Instructor-Entidad" status="PASSED">
         <system-out><![CDATA[2023-03-09 12:57:31 - [TEST_CASE][PASSED] - Test Cases/1.2-Tareas_Secundarias/4.1-Pruebas_Capacitación/4.1.2-Nuevo _Instructor-Entidad: Test Cases/1.2-Tareas_Secundarias/4.1-Pruebas_Capacitación/4.1.2-Nuevo _Instructor-Entidad

2023-03-09 12:57:32 - [TEST_STEP][PASSED] - today = new java.util.Date(): null

2023-03-09 12:57:32 - [TEST_STEP][PASSED] - Dia = today.format("dd"): null

2023-03-09 12:57:32 - [TEST_STEP][PASSED] - Mes = today.format("MM"): null

2023-03-09 12:57:32 - [TEST_STEP][PASSED] - MesN = today.format("MM"): null

2023-03-09 12:57:32 - [TEST_STEP][PASSED] - AñoI = today.format("yyyy"): null

2023-03-09 12:57:32 - [TEST_STEP][PASSED] - AñoR = today.format("yyyy"): null

2023-03-09 12:57:32 - [TEST_STEP][PASSED] - sumaD = Dia + 10: null

2023-03-09 12:57:32 - [TEST_STEP][PASSED] - sumaM = Mes + 1: null

2023-03-09 12:57:32 - [TEST_STEP][PASSED] - sumaA = AñoI + 1: null

2023-03-09 12:57:32 - [TEST_STEP][PASSED] - sumaAR = AñoI + 2: null

2023-03-09 12:57:32 - [TEST_STEP][PASSED] - if (sumaD > 30): null

2023-03-09 12:57:32 - [TEST_STEP][PASSED] - else: null

2023-03-09 12:57:32 - [TEST_STEP][PASSED] - sumaD: null

2023-03-09 12:57:32 - [TEST_STEP][PASSED] - Mes: null

2023-03-09 12:57:32 - [TEST_STEP][PASSED] - if (sumaM > 12): null

2023-03-09 12:57:32 - [TEST_STEP][PASSED] - println(MesN): null

2023-03-09 12:57:32 - [TEST_STEP][PASSED] - println(Mes): null

2023-03-09 12:57:32 - [TEST_STEP][PASSED] - if (MesN == 12 && Mes == 1): null

2023-03-09 12:57:32 - [TEST_STEP][PASSED] - FechaI = Dia + "/" + MesN + "/" + AñoI: null

2023-03-09 12:57:32 - [TEST_STEP][PASSED] - FechaF = sumaD + "/" + Mes + "/" + AñoR: null

2023-03-09 12:57:32 - [TEST_STEP][PASSED] - callTestCase(findTestCase("0.1-Login"), [:], STOP_ON_FAILURE): Call Test Case 'Test Cases/0.1-Login' successfully

2023-03-09 12:57:32 - [TEST_CASE][PASSED] - Test Cases/0.1-Login: Test Cases/0.1-Login

2023-03-09 12:57:32 - [TEST_STEP][PASSED] - openBrowser(""): Browser is opened with url: ''

2023-03-09 12:57:32 - [MESSAGE][WARNING] - A browser is already opened. Closing browser and opening a new one

2023-03-09 12:57:32 - [MESSAGE][INFO] - Starting 'Chrome' driver

2023-03-09 12:57:32 - [MESSAGE][INFO] - Action delay is set to 0 milliseconds

2023-03-09 12:57:34 - [MESSAGE][PASSED] - Browser is opened with url: ''

2023-03-09 12:57:34 - [TEST_STEP][PASSED] - maximizeWindow(): Current window maximized

2023-03-09 12:57:34 - [MESSAGE][PASSED] - Current window maximized

2023-03-09 12:57:34 - [TEST_STEP][PASSED] - i = G_Login: null

2023-03-09 12:57:34 - [TEST_STEP][PASSED] - url = new java.net.URL(i): null

2023-03-09 12:57:34 - [TEST_STEP][PASSED] - println("URL: " + url.toString()): null

2023-03-09 12:57:34 - [TEST_STEP][PASSED] - connection = url.openConnection(): null

2023-03-09 12:57:34 - [TEST_STEP][PASSED] - connection.setRequestMethod("GET"): null

2023-03-09 12:57:34 - [TEST_STEP][PASSED] - connection.setReadTimeout(2 * 1000): null

2023-03-09 12:57:34 - [TEST_STEP][PASSED] - try: null

2023-03-09 12:57:34 - [TEST_STEP][PASSED] - connection.connect(): null

2023-03-09 12:57:34 - [TEST_STEP][PASSED] - flag = connected: null

2023-03-09 12:57:34 - [TEST_STEP][PASSED] - println("Valor_ori: " + flag): null

2023-03-09 12:57:34 - [TEST_STEP][PASSED] - if (flag): null

2023-03-09 12:57:34 - [TEST_STEP][PASSED] - navigateToUrl(i): Navigate to 'http://192.168.2.19:7001/saraweb' successfully

2023-03-09 12:57:36 - [MESSAGE][PASSED] - Navigate to 'http://192.168.2.19:7001/saraweb' successfully

2023-03-09 12:57:36 - [TEST_STEP][PASSED] - a(): null

2023-03-09 12:57:36 - [TEST_STEP][PASSED] - if (waitForElementVisible(findTestObject("3-OBJECTS UTILIDADES/Login/input_USUARIO_loginusuario"), 0)): null

2023-03-09 12:57:36 - [MESSAGE][WARNING] - Timeout '0' is invalid. Using default page load timeout: '37'

2023-03-09 12:57:37 - [MESSAGE][PASSED] - Object 'Object Repository/3-OBJECTS UTILIDADES/Login/input_USUARIO_loginusuario' is visible

2023-03-09 12:57:37 - [TEST_STEP][PASSED] - switchToWindowTitle("SARA"): Switched to window with title: 'SARA'

2023-03-09 12:57:37 - [MESSAGE][PASSED] - Switched to window with title: 'SARA'

2023-03-09 12:57:37 - [TEST_STEP][PASSED] - zoom(): null

2023-03-09 12:57:37 - [TEST_STEP][PASSED] - robot = new java.awt.Robot(): null

2023-03-09 12:57:37 - [TEST_STEP][PASSED] - robot.keyPress(VK_CONTROL): null

2023-03-09 12:57:37 - [TEST_STEP][PASSED] - robot.keyPress(VK_SUBTRACT): null

2023-03-09 12:57:37 - [TEST_STEP][PASSED] - robot.keyRelease(VK_CONTROL): null

2023-03-09 12:57:37 - [TEST_STEP][PASSED] - robot.keyRelease(VK_SUBTRACT): null

2023-03-09 12:57:37 - [TEST_STEP][PASSED] - robot.keyPress(VK_CONTROL): null

2023-03-09 12:57:37 - [TEST_STEP][PASSED] - robot.keyPress(VK_SUBTRACT): null

2023-03-09 12:57:37 - [TEST_STEP][PASSED] - robot.keyRelease(VK_CONTROL): null

2023-03-09 12:57:37 - [TEST_STEP][PASSED] - robot.keyRelease(VK_SUBTRACT): null

2023-03-09 12:57:37 - [TEST_STEP][PASSED] - robot.keyPress(VK_CONTROL): null

2023-03-09 12:57:37 - [TEST_STEP][PASSED] - robot.keyPress(VK_SUBTRACT): null

2023-03-09 12:57:37 - [TEST_STEP][PASSED] - robot.keyRelease(VK_CONTROL): null

2023-03-09 12:57:37 - [TEST_STEP][PASSED] - robot.keyRelease(VK_SUBTRACT): null

2023-03-09 12:57:37 - [TEST_STEP][PASSED] - robot.keyRelease(VK_CONTROL): null

2023-03-09 12:57:37 - [TEST_STEP][PASSED] - robot.keyRelease(VK_SUBTRACT): null

2023-03-09 12:57:37 - [TEST_STEP][PASSED] - setText(findTestObject("3-OBJECTS UTILIDADES/Login/input_USUARIO_loginusuario"), G_Usuario): Text 'weblogic' is set on object 'Object Repository/3-OBJECTS UTILIDADES/Login/input_USUARIO_loginusuario'

2023-03-09 12:57:37 - [MESSAGE][PASSED] - Text 'weblogic' is set on object 'Object Repository/3-OBJECTS UTILIDADES/Login/input_USUARIO_loginusuario'

2023-03-09 12:57:37 - [TEST_STEP][PASSED] - setEncryptedText(findTestObject("3-OBJECTS UTILIDADES/Login/input_CLAVE_loginpassword"), "SlAwMcyRKqrwbnzhAs8HhT6NnI7sEyng"): Text ****** has been set on object 'Object Repository/3-OBJECTS UTILIDADES/Login/input_CLAVE_loginpassword'

2023-03-09 12:57:42 - [MESSAGE][PASSED] - Text ****** has been set on object 'Object Repository/3-OBJECTS UTILIDADES/Login/input_CLAVE_loginpassword'

2023-03-09 12:57:42 - [TEST_STEP][PASSED] - while (waitForElementClickable(findTestObject("3-OBJECTS UTILIDADES/Login/a_Ingresar"), 1)): Web element with id: 'Object Repository/3-OBJECTS UTILIDADES/Login/a_Ingresar' located by '//a[contains(text(),'Ingresar')]' not found

2023-03-09 12:57:44 - [MESSAGE][INFO] - Unable to find the element located by 'By.xpath: //a[contains(text(),'Ingresar')]'. Please recheck the objects properties to make sure the desired element is located. 

2023-03-09 12:57:44 - [MESSAGE][WARNING] - Web element with id: 'Object Repository/3-OBJECTS UTILIDADES/Login/a_Ingresar' located by '//a[contains(text(),'Ingresar')]' not found

2023-03-09 12:57:44 - [MESSAGE][PASSED] - Call Test Case 'Test Cases/0.1-Login' successfully

2023-03-09 12:57:44 - [TEST_STEP][PASSED] - setText(findTestObject("2-OBJECTS TAREAS SECUNDARIAS/Pruebas capacitacion/Nuevo _Instructor-Entidad/input_Parmetros EntidadInstructor_form_templatej_idt24_input"), "Parametros Entidad/Instructor"): Text 'Parametros Entidad/Instructor' is set on object 'Object Repository/2-OBJECTS TAREAS SECUNDARIAS/Pruebas capacitacion/Nuevo _Instructor-Entidad/input_Parmetros EntidadInstructor_form_templatej_idt24_input'

2023-03-09 12:57:45 - [MESSAGE][PASSED] - Text 'Parametros Entidad/Instructor' is set on object 'Object Repository/2-OBJECTS TAREAS SECUNDARIAS/Pruebas capacitacion/Nuevo _Instructor-Entidad/input_Parmetros EntidadInstructor_form_templatej_idt24_input'

2023-03-09 12:57:45 - [TEST_STEP][PASSED] - click(findTestObject("2-OBJECTS TAREAS SECUNDARIAS/Pruebas capacitacion/Nuevo _Instructor-Entidad/li_Parametros EntidadInstructor (bie)")): Object: 'Object Repository/2-OBJECTS TAREAS SECUNDARIAS/Pruebas capacitacion/Nuevo _Instructor-Entidad/li_Parametros EntidadInstructor (bie)' is clicked on

2023-03-09 12:57:46 - [MESSAGE][PASSED] - Object: 'Object Repository/2-OBJECTS TAREAS SECUNDARIAS/Pruebas capacitacion/Nuevo _Instructor-Entidad/li_Parametros EntidadInstructor (bie)' is clicked on

2023-03-09 12:57:46 - [TEST_STEP][PASSED] - click(findTestObject("2-OBJECTS TAREAS SECUNDARIAS/Pruebas capacitacion/Nuevo _Instructor-Entidad/a_Entidad")): Object: 'Object Repository/2-OBJECTS TAREAS SECUNDARIAS/Pruebas capacitacion/Nuevo _Instructor-Entidad/a_Entidad' is clicked on

2023-03-09 12:57:49 - [MESSAGE][PASSED] - Object: 'Object Repository/2-OBJECTS TAREAS SECUNDARIAS/Pruebas capacitacion/Nuevo _Instructor-Entidad/a_Entidad' is clicked on

2023-03-09 12:57:49 - [TEST_STEP][PASSED] - if (waitForElementClickable(findTestObject("2-OBJECTS TAREAS SECUNDARIAS/Pruebas capacitacion/Nuevo _Instructor-Entidad/td_123456789"), 1)): null

2023-03-09 12:57:50 - [MESSAGE][PASSED] - Object 'Object Repository/2-OBJECTS TAREAS SECUNDARIAS/Pruebas capacitacion/Nuevo _Instructor-Entidad/td_123456789' is clickable

2023-03-09 12:57:50 - [TEST_STEP][PASSED] - click(findTestObject("2-OBJECTS TAREAS SECUNDARIAS/Pruebas capacitacion/Nuevo _Instructor-Entidad/td_123456789")): Object: 'Object Repository/2-OBJECTS TAREAS SECUNDARIAS/Pruebas capacitacion/Nuevo _Instructor-Entidad/td_123456789' is clicked on

2023-03-09 12:57:50 - [MESSAGE][PASSED] - Object: 'Object Repository/2-OBJECTS TAREAS SECUNDARIAS/Pruebas capacitacion/Nuevo _Instructor-Entidad/td_123456789' is clicked on

2023-03-09 12:57:50 - [TEST_STEP][PASSED] - click(findTestObject("2-OBJECTS TAREAS SECUNDARIAS/Pruebas capacitacion/Nuevo _Instructor-Entidad/a_Eliminar")): Object: 'Object Repository/2-OBJECTS TAREAS SECUNDARIAS/Pruebas capacitacion/Nuevo _Instructor-Entidad/a_Eliminar' is clicked on

2023-03-09 12:57:51 - [MESSAGE][PASSED] - Object: 'Object Repository/2-OBJECTS TAREAS SECUNDARIAS/Pruebas capacitacion/Nuevo _Instructor-Entidad/a_Eliminar' is clicked on

2023-03-09 12:57:51 - [TEST_STEP][PASSED] - click(findTestObject("2-OBJECTS TAREAS SECUNDARIAS/Pruebas capacitacion/Nuevo _Instructor-Entidad/a_Aceptar")): Object: 'Object Repository/2-OBJECTS TAREAS SECUNDARIAS/Pruebas capacitacion/Nuevo _Instructor-Entidad/a_Aceptar' is clicked on

2023-03-09 12:57:51 - [MESSAGE][PASSED] - Object: 'Object Repository/2-OBJECTS TAREAS SECUNDARIAS/Pruebas capacitacion/Nuevo _Instructor-Entidad/a_Aceptar' is clicked on

2023-03-09 12:57:51 - [TEST_STEP][PASSED] - click(findTestObject("2-OBJECTS TAREAS SECUNDARIAS/Pruebas capacitacion/Nuevo _Instructor-Entidad/a_Nuevo")): Object: 'Object Repository/2-OBJECTS TAREAS SECUNDARIAS/Pruebas capacitacion/Nuevo _Instructor-Entidad/a_Nuevo' is clicked on

2023-03-09 12:57:52 - [MESSAGE][PASSED] - Object: 'Object Repository/2-OBJECTS TAREAS SECUNDARIAS/Pruebas capacitacion/Nuevo _Instructor-Entidad/a_Nuevo' is clicked on

2023-03-09 12:57:52 - [TEST_STEP][PASSED] - setText(findTestObject("2-OBJECTS TAREAS SECUNDARIAS/Pruebas capacitacion/Nuevo _Instructor-Entidad/input_Identificacin_form_entidadtabidentificacionEntidad"), "123456789"): Text '123456789' is set on object 'Object Repository/2-OBJECTS TAREAS SECUNDARIAS/Pruebas capacitacion/Nuevo _Instructor-Entidad/input_Identificacin_form_entidadtabidentificacionEntidad'

2023-03-09 12:57:53 - [MESSAGE][PASSED] - Text '123456789' is set on object 'Object Repository/2-OBJECTS TAREAS SECUNDARIAS/Pruebas capacitacion/Nuevo _Instructor-Entidad/input_Identificacin_form_entidadtabidentificacionEntidad'

2023-03-09 12:57:53 - [TEST_STEP][PASSED] - selectOptionByIndex(findTestObject("2-OBJECTS TAREAS SECUNDARIAS/Pruebas capacitacion/Nuevo _Instructor-Entidad/select_--Seleccione--ActivoNo Disponible"), 1): All options with index in [1] are selected on object 'Object Repository/2-OBJECTS TAREAS SECUNDARIAS/Pruebas capacitacion/Nuevo _Instructor-Entidad/select_--Seleccione--ActivoNo Disponible'

2023-03-09 12:57:54 - [MESSAGE][PASSED] - All options with index in [1] are selected on object 'Object Repository/2-OBJECTS TAREAS SECUNDARIAS/Pruebas capacitacion/Nuevo _Instructor-Entidad/select_--Seleccione--ActivoNo Disponible'

2023-03-09 12:57:54 - [TEST_STEP][PASSED] - setText(findTestObject("2-OBJECTS TAREAS SECUNDARIAS/Pruebas capacitacion/Nuevo _Instructor-Entidad/textarea_Razn Social_form_entidadtabrazonsocial"), "Prueba"): Text 'Prueba' is set on object 'Object Repository/2-OBJECTS TAREAS SECUNDARIAS/Pruebas capacitacion/Nuevo _Instructor-Entidad/textarea_Razn Social_form_entidadtabrazonsocial'

2023-03-09 12:57:55 - [MESSAGE][PASSED] - Text 'Prueba' is set on object 'Object Repository/2-OBJECTS TAREAS SECUNDARIAS/Pruebas capacitacion/Nuevo _Instructor-Entidad/textarea_Razn Social_form_entidadtabrazonsocial'

2023-03-09 12:57:55 - [TEST_STEP][PASSED] - setText(findTestObject("2-OBJECTS TAREAS SECUNDARIAS/Pruebas capacitacion/Nuevo _Instructor-Entidad/input_Contacto_form_entidadtabcontacto"), "ninguno"): Text 'ninguno' is set on object 'Object Repository/2-OBJECTS TAREAS SECUNDARIAS/Pruebas capacitacion/Nuevo _Instructor-Entidad/input_Contacto_form_entidadtabcontacto'

2023-03-09 12:57:55 - [MESSAGE][PASSED] - Text 'ninguno' is set on object 'Object Repository/2-OBJECTS TAREAS SECUNDARIAS/Pruebas capacitacion/Nuevo _Instructor-Entidad/input_Contacto_form_entidadtabcontacto'

2023-03-09 12:57:55 - [TEST_STEP][PASSED] - setText(findTestObject("2-OBJECTS TAREAS SECUNDARIAS/Pruebas capacitacion/Nuevo _Instructor-Entidad/input_Direccin_form_entidadtabdireccion"), "carrera 132 # 152 c-10"): Text 'carrera 132 # 152 c-10' is set on object 'Object Repository/2-OBJECTS TAREAS SECUNDARIAS/Pruebas capacitacion/Nuevo _Instructor-Entidad/input_Direccin_form_entidadtabdireccion'

2023-03-09 12:57:56 - [MESSAGE][PASSED] - Text 'carrera 132 # 152 c-10' is set on object 'Object Repository/2-OBJECTS TAREAS SECUNDARIAS/Pruebas capacitacion/Nuevo _Instructor-Entidad/input_Direccin_form_entidadtabdireccion'

2023-03-09 12:57:56 - [TEST_STEP][PASSED] - setText(findTestObject("2-OBJECTS TAREAS SECUNDARIAS/Pruebas capacitacion/Nuevo _Instructor-Entidad/input_Barrio_form_entidadtabbarrio"), "ninguno"): Text 'ninguno' is set on object 'Object Repository/2-OBJECTS TAREAS SECUNDARIAS/Pruebas capacitacion/Nuevo _Instructor-Entidad/input_Barrio_form_entidadtabbarrio'

2023-03-09 12:57:57 - [MESSAGE][PASSED] - Text 'ninguno' is set on object 'Object Repository/2-OBJECTS TAREAS SECUNDARIAS/Pruebas capacitacion/Nuevo _Instructor-Entidad/input_Barrio_form_entidadtabbarrio'

2023-03-09 12:57:57 - [TEST_STEP][PASSED] - setText(findTestObject("2-OBJECTS TAREAS SECUNDARIAS/Pruebas capacitacion/Nuevo _Instructor-Entidad/input_Telfono_form_entidadtabtelefono"), "319388299"): Text '319388299' is set on object 'Object Repository/2-OBJECTS TAREAS SECUNDARIAS/Pruebas capacitacion/Nuevo _Instructor-Entidad/input_Telfono_form_entidadtabtelefono'

2023-03-09 12:57:58 - [MESSAGE][PASSED] - Text '319388299' is set on object 'Object Repository/2-OBJECTS TAREAS SECUNDARIAS/Pruebas capacitacion/Nuevo _Instructor-Entidad/input_Telfono_form_entidadtabtelefono'

2023-03-09 12:57:58 - [TEST_STEP][PASSED] - setText(findTestObject("2-OBJECTS TAREAS SECUNDARIAS/Pruebas capacitacion/Nuevo _Instructor-Entidad/input_Fecha de Ingreso_form_entidadtabfechaingreso_input"), FechaI): Text '9/3/2023' is set on object 'Object Repository/2-OBJECTS TAREAS SECUNDARIAS/Pruebas capacitacion/Nuevo _Instructor-Entidad/input_Fecha de Ingreso_form_entidadtabfechaingreso_input'

2023-03-09 12:57:59 - [MESSAGE][PASSED] - Text '9/3/2023' is set on object 'Object Repository/2-OBJECTS TAREAS SECUNDARIAS/Pruebas capacitacion/Nuevo _Instructor-Entidad/input_Fecha de Ingreso_form_entidadtabfechaingreso_input'

2023-03-09 12:57:59 - [TEST_STEP][PASSED] - sendKeys(findTestObject("2-OBJECTS TAREAS SECUNDARIAS/Pruebas capacitacion/Nuevo _Instructor-Entidad/input_Fecha de Ingreso_form_entidadtabfechaingreso_input"), Keys.chord(ESCAPE)): Keys 'ESCAPE + ' sent to object: 'Object Repository/2-OBJECTS TAREAS SECUNDARIAS/Pruebas capacitacion/Nuevo _Instructor-Entidad/input_Fecha de Ingreso_form_entidadtabfechaingreso_input'

2023-03-09 12:57:59 - [MESSAGE][PASSED] - Keys 'ESCAPE + ' sent to object: 'Object Repository/2-OBJECTS TAREAS SECUNDARIAS/Pruebas capacitacion/Nuevo _Instructor-Entidad/input_Fecha de Ingreso_form_entidadtabfechaingreso_input'

2023-03-09 12:57:59 - [TEST_STEP][PASSED] - waitForElementClickable(findTestObject("2-OBJECTS TAREAS SECUNDARIAS/Pruebas capacitacion/Nuevo _Instructor-Entidad/input_Fecha de Retiro_form_entidadtabfecharetiro_input"), 0): Object 'Object Repository/2-OBJECTS TAREAS SECUNDARIAS/Pruebas capacitacion/Nuevo _Instructor-Entidad/input_Fecha de Retiro_form_entidadtabfecharetiro_input' is clickable

2023-03-09 12:57:59 - [MESSAGE][WARNING] - Timeout '0' is invalid. Using default page load timeout: '37'

2023-03-09 12:58:00 - [MESSAGE][PASSED] - Object 'Object Repository/2-OBJECTS TAREAS SECUNDARIAS/Pruebas capacitacion/Nuevo _Instructor-Entidad/input_Fecha de Retiro_form_entidadtabfecharetiro_input' is clickable

2023-03-09 12:58:00 - [TEST_STEP][PASSED] - setText(findTestObject("2-OBJECTS TAREAS SECUNDARIAS/Pruebas capacitacion/Nuevo _Instructor-Entidad/input_Fecha de Retiro_form_entidadtabfecharetiro_input"), FechaF): Text '19/3/2023' is set on object 'Object Repository/2-OBJECTS TAREAS SECUNDARIAS/Pruebas capacitacion/Nuevo _Instructor-Entidad/input_Fecha de Retiro_form_entidadtabfecharetiro_input'

2023-03-09 12:58:00 - [MESSAGE][PASSED] - Text '19/3/2023' is set on object 'Object Repository/2-OBJECTS TAREAS SECUNDARIAS/Pruebas capacitacion/Nuevo _Instructor-Entidad/input_Fecha de Retiro_form_entidadtabfecharetiro_input'

2023-03-09 12:58:00 - [TEST_STEP][PASSED] - sendKeys(findTestObject("2-OBJECTS TAREAS SECUNDARIAS/Pruebas capacitacion/Nuevo _Instructor-Entidad/input_Fecha de Retiro_form_entidadtabfecharetiro_input"), Keys.chord(ESCAPE)): Keys 'ESCAPE + ' sent to object: 'Object Repository/2-OBJECTS TAREAS SECUNDARIAS/Pruebas capacitacion/Nuevo _Instructor-Entidad/input_Fecha de Retiro_form_entidadtabfecharetiro_input'

2023-03-09 12:58:01 - [MESSAGE][PASSED] - Keys 'ESCAPE + ' sent to object: 'Object Repository/2-OBJECTS TAREAS SECUNDARIAS/Pruebas capacitacion/Nuevo _Instructor-Entidad/input_Fecha de Retiro_form_entidadtabfecharetiro_input'

2023-03-09 12:58:01 - [TEST_STEP][PASSED] - setText(findTestObject("2-OBJECTS TAREAS SECUNDARIAS/Pruebas capacitacion/Nuevo _Instructor-Entidad/textarea_Observacin_form_entidadtabobservacion"), "ninguna"): Text 'ninguna' is set on object 'Object Repository/2-OBJECTS TAREAS SECUNDARIAS/Pruebas capacitacion/Nuevo _Instructor-Entidad/textarea_Observacin_form_entidadtabobservacion'

2023-03-09 12:58:02 - [MESSAGE][PASSED] - Text 'ninguna' is set on object 'Object Repository/2-OBJECTS TAREAS SECUNDARIAS/Pruebas capacitacion/Nuevo _Instructor-Entidad/textarea_Observacin_form_entidadtabobservacion'

2023-03-09 12:58:02 - [TEST_STEP][PASSED] - setText(findTestObject("2-OBJECTS TAREAS SECUNDARIAS/Pruebas capacitacion/Nuevo _Instructor-Entidad/input_Motivo de Retiro_form_entidadtabmotivo"), "ninguna"): Text 'ninguna' is set on object 'Object Repository/2-OBJECTS TAREAS SECUNDARIAS/Pruebas capacitacion/Nuevo _Instructor-Entidad/input_Motivo de Retiro_form_entidadtabmotivo'

2023-03-09 12:58:03 - [MESSAGE][PASSED] - Text 'ninguna' is set on object 'Object Repository/2-OBJECTS TAREAS SECUNDARIAS/Pruebas capacitacion/Nuevo _Instructor-Entidad/input_Motivo de Retiro_form_entidadtabmotivo'

2023-03-09 12:58:03 - [TEST_STEP][PASSED] - click(findTestObject("2-OBJECTS TAREAS SECUNDARIAS/Pruebas capacitacion/Nuevo _Instructor-Entidad/a_Guardar")): Object: 'Object Repository/2-OBJECTS TAREAS SECUNDARIAS/Pruebas capacitacion/Nuevo _Instructor-Entidad/a_Guardar' is clicked on

2023-03-09 12:58:03 - [MESSAGE][PASSED] - Object: 'Object Repository/2-OBJECTS TAREAS SECUNDARIAS/Pruebas capacitacion/Nuevo _Instructor-Entidad/a_Guardar' is clicked on

2023-03-09 12:58:03 - [TEST_STEP][PASSED] - Result = getText(findTestObject("3-OBJECTS UTILIDADES/Alerta/Alerta")): Text of object 'Object Repository/3-OBJECTS UTILIDADES/Alerta/Alerta' is: 'Se ingreso el registro'

2023-03-09 12:58:04 - [MESSAGE][PASSED] - Text of object 'Object Repository/3-OBJECTS UTILIDADES/Alerta/Alerta' is: 'Se ingreso el registro'

2023-03-09 12:58:04 - [TEST_STEP][PASSED] - if (Result == "Se ingreso el registro"): null

2023-03-09 12:58:04 - [TEST_STEP][PASSED] - Resultado = "PRUEBA OK": null]]></system-out>
         <system-err><![CDATA[]]></system-err>
      </testcase>
      <testcase name="Test Cases/1.2-Tareas_Secundarias/4.1-Pruebas_Capacitación/4.1.3-Evento_de_Capacitación" time="83.45" classname="Test Cases/1.2-Tareas_Secundarias/4.1-Pruebas_Capacitación/4.1.3-Evento_de_Capacitación" status="PASSED">
         <system-out><![CDATA[2023-03-09 12:58:04 - [TEST_CASE][PASSED] - Test Cases/1.2-Tareas_Secundarias/4.1-Pruebas_Capacitación/4.1.3-Evento_de_Capacitación: Test Cases/1.2-Tareas_Secundarias/4.1-Pruebas_Capacitación/4.1.3-Evento_de_Capacitación

2023-03-09 12:58:04 - [TEST_STEP][PASSED] - callTestCase(findTestCase("Utilidades-(atajos_para _tareas)/Modulos/Modulo Control Evento Capacitacion"), [:], STOP_ON_FAILURE): Call Test Case 'Test Cases/Utilidades-(atajos_para _tareas)/Modulos/Modulo Control Evento Capacitacion' successfully

2023-03-09 12:58:04 - [TEST_CASE][PASSED] - Test Cases/Utilidades-(atajos_para _tareas)/Modulos/Modulo Control Evento Capacitacion: Test Cases/Utilidades-(atajos_para _tareas)/Modulos/Modulo Control Evento Capacitacion

2023-03-09 12:58:05 - [TEST_STEP][PASSED] - callTestCase(findTestCase("0.1-Login"), [:], STOP_ON_FAILURE): Call Test Case 'Test Cases/0.1-Login' successfully

2023-03-09 12:58:05 - [TEST_CASE][PASSED] - Test Cases/0.1-Login: Test Cases/0.1-Login

2023-03-09 12:58:05 - [TEST_STEP][PASSED] - openBrowser(""): Browser is opened with url: ''

2023-03-09 12:58:05 - [MESSAGE][WARNING] - A browser is already opened. Closing browser and opening a new one

2023-03-09 12:58:05 - [MESSAGE][INFO] - Starting 'Chrome' driver

2023-03-09 12:58:05 - [MESSAGE][INFO] - Action delay is set to 0 milliseconds

2023-03-09 12:58:07 - [MESSAGE][PASSED] - Browser is opened with url: ''

2023-03-09 12:58:07 - [TEST_STEP][PASSED] - maximizeWindow(): Current window maximized

2023-03-09 12:58:07 - [MESSAGE][PASSED] - Current window maximized

2023-03-09 12:58:07 - [TEST_STEP][PASSED] - i = G_Login: null

2023-03-09 12:58:07 - [TEST_STEP][PASSED] - url = new java.net.URL(i): null

2023-03-09 12:58:07 - [TEST_STEP][PASSED] - println("URL: " + url.toString()): null

2023-03-09 12:58:07 - [TEST_STEP][PASSED] - connection = url.openConnection(): null

2023-03-09 12:58:07 - [TEST_STEP][PASSED] - connection.setRequestMethod("GET"): null

2023-03-09 12:58:07 - [TEST_STEP][PASSED] - connection.setReadTimeout(2 * 1000): null

2023-03-09 12:58:07 - [TEST_STEP][PASSED] - try: null

2023-03-09 12:58:07 - [TEST_STEP][PASSED] - connection.connect(): null

2023-03-09 12:58:07 - [TEST_STEP][PASSED] - flag = connected: null

2023-03-09 12:58:07 - [TEST_STEP][PASSED] - println("Valor_ori: " + flag): null

2023-03-09 12:58:07 - [TEST_STEP][PASSED] - if (flag): null

2023-03-09 12:58:07 - [TEST_STEP][PASSED] - navigateToUrl(i): Navigate to 'http://192.168.2.19:7001/saraweb' successfully

2023-03-09 12:58:09 - [MESSAGE][PASSED] - Navigate to 'http://192.168.2.19:7001/saraweb' successfully

2023-03-09 12:58:09 - [TEST_STEP][PASSED] - a(): null

2023-03-09 12:58:09 - [TEST_STEP][PASSED] - if (waitForElementVisible(findTestObject("3-OBJECTS UTILIDADES/Login/input_USUARIO_loginusuario"), 0)): null

2023-03-09 12:58:09 - [MESSAGE][WARNING] - Timeout '0' is invalid. Using default page load timeout: '37'

2023-03-09 12:58:09 - [MESSAGE][PASSED] - Object 'Object Repository/3-OBJECTS UTILIDADES/Login/input_USUARIO_loginusuario' is visible

2023-03-09 12:58:10 - [TEST_STEP][PASSED] - switchToWindowTitle("SARA"): Switched to window with title: 'SARA'

2023-03-09 12:58:10 - [MESSAGE][PASSED] - Switched to window with title: 'SARA'

2023-03-09 12:58:10 - [TEST_STEP][PASSED] - zoom(): null

2023-03-09 12:58:10 - [TEST_STEP][PASSED] - robot = new java.awt.Robot(): null

2023-03-09 12:58:10 - [TEST_STEP][PASSED] - robot.keyPress(VK_CONTROL): null

2023-03-09 12:58:10 - [TEST_STEP][PASSED] - robot.keyPress(VK_SUBTRACT): null

2023-03-09 12:58:10 - [TEST_STEP][PASSED] - robot.keyRelease(VK_CONTROL): null

2023-03-09 12:58:10 - [TEST_STEP][PASSED] - robot.keyRelease(VK_SUBTRACT): null

2023-03-09 12:58:10 - [TEST_STEP][PASSED] - robot.keyPress(VK_CONTROL): null

2023-03-09 12:58:10 - [TEST_STEP][PASSED] - robot.keyPress(VK_SUBTRACT): null

2023-03-09 12:58:10 - [TEST_STEP][PASSED] - robot.keyRelease(VK_CONTROL): null

2023-03-09 12:58:10 - [TEST_STEP][PASSED] - robot.keyRelease(VK_SUBTRACT): null

2023-03-09 12:58:10 - [TEST_STEP][PASSED] - robot.keyPress(VK_CONTROL): null

2023-03-09 12:58:10 - [TEST_STEP][PASSED] - robot.keyPress(VK_SUBTRACT): null

2023-03-09 12:58:10 - [TEST_STEP][PASSED] - robot.keyRelease(VK_CONTROL): null

2023-03-09 12:58:10 - [TEST_STEP][PASSED] - robot.keyRelease(VK_SUBTRACT): null

2023-03-09 12:58:10 - [TEST_STEP][PASSED] - robot.keyRelease(VK_CONTROL): null

2023-03-09 12:58:10 - [TEST_STEP][PASSED] - robot.keyRelease(VK_SUBTRACT): null

2023-03-09 12:58:10 - [TEST_STEP][PASSED] - setText(findTestObject("3-OBJECTS UTILIDADES/Login/input_USUARIO_loginusuario"), G_Usuario): Text 'weblogic' is set on object 'Object Repository/3-OBJECTS UTILIDADES/Login/input_USUARIO_loginusuario'

2023-03-09 12:58:10 - [MESSAGE][PASSED] - Text 'weblogic' is set on object 'Object Repository/3-OBJECTS UTILIDADES/Login/input_USUARIO_loginusuario'

2023-03-09 12:58:10 - [TEST_STEP][PASSED] - setEncryptedText(findTestObject("3-OBJECTS UTILIDADES/Login/input_CLAVE_loginpassword"), "SlAwMcyRKqrwbnzhAs8HhT6NnI7sEyng"): Text ****** has been set on object 'Object Repository/3-OBJECTS UTILIDADES/Login/input_CLAVE_loginpassword'

2023-03-09 12:58:14 - [MESSAGE][PASSED] - Text ****** has been set on object 'Object Repository/3-OBJECTS UTILIDADES/Login/input_CLAVE_loginpassword'

2023-03-09 12:58:14 - [TEST_STEP][PASSED] - while (waitForElementClickable(findTestObject("3-OBJECTS UTILIDADES/Login/a_Ingresar"), 1)): Web element with id: 'Object Repository/3-OBJECTS UTILIDADES/Login/a_Ingresar' located by '//a[contains(text(),'Ingresar')]' not found

2023-03-09 12:58:16 - [MESSAGE][INFO] - Unable to find the element located by 'By.xpath: //a[contains(text(),'Ingresar')]'. Please recheck the objects properties to make sure the desired element is located. 

2023-03-09 12:58:16 - [MESSAGE][WARNING] - Web element with id: 'Object Repository/3-OBJECTS UTILIDADES/Login/a_Ingresar' located by '//a[contains(text(),'Ingresar')]' not found

2023-03-09 12:58:16 - [MESSAGE][PASSED] - Call Test Case 'Test Cases/0.1-Login' successfully

2023-03-09 12:58:16 - [TEST_STEP][PASSED] - setText(findTestObject("3-OBJECTS UTILIDADES/Modulo Control Evento Capacitacion/input_ADMINISTRADOR DEL SISTEMA - SARA_form_templatej_idt24_input"), "Control Evento"): Text 'Control Evento' is set on object 'Object Repository/3-OBJECTS UTILIDADES/Modulo Control Evento Capacitacion/input_ADMINISTRADOR DEL SISTEMA - SARA_form_templatej_idt24_input'

2023-03-09 12:58:17 - [MESSAGE][PASSED] - Text 'Control Evento' is set on object 'Object Repository/3-OBJECTS UTILIDADES/Modulo Control Evento Capacitacion/input_ADMINISTRADOR DEL SISTEMA - SARA_form_templatej_idt24_input'

2023-03-09 12:58:17 - [TEST_STEP][PASSED] - click(findTestObject("3-OBJECTS UTILIDADES/Modulo Control Evento Capacitacion/li_Control Evento Capacitacion (cap)")): Object: 'Object Repository/3-OBJECTS UTILIDADES/Modulo Control Evento Capacitacion/li_Control Evento Capacitacion (cap)' is clicked on

2023-03-09 12:58:18 - [MESSAGE][PASSED] - Object: 'Object Repository/3-OBJECTS UTILIDADES/Modulo Control Evento Capacitacion/li_Control Evento Capacitacion (cap)' is clicked on

2023-03-09 12:58:18 - [MESSAGE][PASSED] - Call Test Case 'Test Cases/Utilidades-(atajos_para _tareas)/Modulos/Modulo Control Evento Capacitacion' successfully

2023-03-09 12:58:18 - [TEST_STEP][PASSED] - if (waitForElementClickable(findTestObject("2-OBJECTS TAREAS SECUNDARIAS/Pruebas capacitacion/Evento_de_Capacitacion/td_prueba"), 1)): null

2023-03-09 12:58:21 - [MESSAGE][PASSED] - Object 'Object Repository/2-OBJECTS TAREAS SECUNDARIAS/Pruebas capacitacion/Evento_de_Capacitacion/td_prueba' is clickable

2023-03-09 12:58:21 - [TEST_STEP][PASSED] - click(findTestObject("2-OBJECTS TAREAS SECUNDARIAS/Pruebas capacitacion/Evento_de_Capacitacion/td_prueba")): Object: 'Object Repository/2-OBJECTS TAREAS SECUNDARIAS/Pruebas capacitacion/Evento_de_Capacitacion/td_prueba' is clicked on

2023-03-09 12:58:22 - [MESSAGE][PASSED] - Object: 'Object Repository/2-OBJECTS TAREAS SECUNDARIAS/Pruebas capacitacion/Evento_de_Capacitacion/td_prueba' is clicked on

2023-03-09 12:58:22 - [TEST_STEP][PASSED] - click(findTestObject("2-OBJECTS TAREAS SECUNDARIAS/Pruebas capacitacion/Evento_de_Capacitacion/div_Evaluacin")): Object: 'Object Repository/2-OBJECTS TAREAS SECUNDARIAS/Pruebas capacitacion/Evento_de_Capacitacion/div_Evaluacin' is clicked on

2023-03-09 12:58:23 - [MESSAGE][PASSED] - Object: 'Object Repository/2-OBJECTS TAREAS SECUNDARIAS/Pruebas capacitacion/Evento_de_Capacitacion/div_Evaluacin' is clicked on

2023-03-09 12:58:23 - [TEST_STEP][PASSED] - click(findTestObject("2-OBJECTS TAREAS SECUNDARIAS/Pruebas capacitacion/Evento_de_Capacitacion/a_Evento")): Object: 'Object Repository/2-OBJECTS TAREAS SECUNDARIAS/Pruebas capacitacion/Evento_de_Capacitacion/a_Evento' is clicked on

2023-03-09 12:58:24 - [MESSAGE][PASSED] - Object: 'Object Repository/2-OBJECTS TAREAS SECUNDARIAS/Pruebas capacitacion/Evento_de_Capacitacion/a_Evento' is clicked on

2023-03-09 12:58:24 - [TEST_STEP][PASSED] - if (waitForElementPresent(findTestObject("2-OBJECTS TAREAS SECUNDARIAS/Pruebas capacitacion/Evento_de_Capacitacion/a_No Diligenciada_formEventoEvaluacionpanel_eventotablaEvaluacion0j_idt766"), 1)): null

2023-03-09 12:58:24 - [MESSAGE][PASSED] - Object 'Object Repository/2-OBJECTS TAREAS SECUNDARIAS/Pruebas capacitacion/Evento_de_Capacitacion/a_No Diligenciada_formEventoEvaluacionpanel_eventotablaEvaluacion0j_idt766' is present

2023-03-09 12:58:24 - [TEST_STEP][PASSED] - click(findTestObject("2-OBJECTS TAREAS SECUNDARIAS/Pruebas capacitacion/Evento_de_Capacitacion/a_No Diligenciada_formEventoEvaluacionpanel_eventotablaEvaluacion0j_idt766")): Object: 'Object Repository/2-OBJECTS TAREAS SECUNDARIAS/Pruebas capacitacion/Evento_de_Capacitacion/a_No Diligenciada_formEventoEvaluacionpanel_eventotablaEvaluacion0j_idt766' is clicked on

2023-03-09 12:58:25 - [MESSAGE][PASSED] - Object: 'Object Repository/2-OBJECTS TAREAS SECUNDARIAS/Pruebas capacitacion/Evento_de_Capacitacion/a_No Diligenciada_formEventoEvaluacionpanel_eventotablaEvaluacion0j_idt766' is clicked on

2023-03-09 12:58:25 - [TEST_STEP][PASSED] - click(findTestObject("2-OBJECTS TAREAS SECUNDARIAS/Pruebas capacitacion/Evento_de_Capacitacion/a_Aceptar4")): Object: 'Object Repository/2-OBJECTS TAREAS SECUNDARIAS/Pruebas capacitacion/Evento_de_Capacitacion/a_Aceptar4' is clicked on

2023-03-09 12:58:26 - [MESSAGE][PASSED] - Object: 'Object Repository/2-OBJECTS TAREAS SECUNDARIAS/Pruebas capacitacion/Evento_de_Capacitacion/a_Aceptar4' is clicked on

2023-03-09 12:58:26 - [TEST_STEP][PASSED] - click(findTestObject("2-OBJECTS TAREAS SECUNDARIAS/Pruebas capacitacion/Evento_de_Capacitacion/div_Programacin")): Object: 'Object Repository/2-OBJECTS TAREAS SECUNDARIAS/Pruebas capacitacion/Evento_de_Capacitacion/div_Programacin' is clicked on

2023-03-09 12:58:26 - [MESSAGE][PASSED] - Object: 'Object Repository/2-OBJECTS TAREAS SECUNDARIAS/Pruebas capacitacion/Evento_de_Capacitacion/div_Programacin' is clicked on

2023-03-09 12:58:26 - [TEST_STEP][PASSED] - click(findTestObject("2-OBJECTS TAREAS SECUNDARIAS/Pruebas capacitacion/Evento_de_Capacitacion/a_Programacin0")): Object: 'Object Repository/2-OBJECTS TAREAS SECUNDARIAS/Pruebas capacitacion/Evento_de_Capacitacion/a_Programacin0' is clicked on

2023-03-09 12:58:27 - [MESSAGE][PASSED] - Object: 'Object Repository/2-OBJECTS TAREAS SECUNDARIAS/Pruebas capacitacion/Evento_de_Capacitacion/a_Programacin0' is clicked on

2023-03-09 12:58:27 - [TEST_STEP][PASSED] - if (waitForElementVisible(findTestObject("2-OBJECTS TAREAS SECUNDARIAS/Pruebas capacitacion/Evento_de_Capacitacion/td_24122021"), 1)): null

2023-03-09 12:58:27 - [MESSAGE][PASSED] - Object 'Object Repository/2-OBJECTS TAREAS SECUNDARIAS/Pruebas capacitacion/Evento_de_Capacitacion/td_24122021' is visible

2023-03-09 12:58:27 - [TEST_STEP][PASSED] - click(findTestObject("2-OBJECTS TAREAS SECUNDARIAS/Pruebas capacitacion/Evento_de_Capacitacion/div_Ubicacin_ui-chkbox-box ui-widget ui-corner-all ui-state-default ui-state-hover")): Object: 'Object Repository/2-OBJECTS TAREAS SECUNDARIAS/Pruebas capacitacion/Evento_de_Capacitacion/div_Ubicacin_ui-chkbox-box ui-widget ui-corner-all ui-state-default ui-state-hover' is clicked on

2023-03-09 12:58:28 - [MESSAGE][PASSED] - Object: 'Object Repository/2-OBJECTS TAREAS SECUNDARIAS/Pruebas capacitacion/Evento_de_Capacitacion/div_Ubicacin_ui-chkbox-box ui-widget ui-corner-all ui-state-default ui-state-hover' is clicked on

2023-03-09 12:58:28 - [TEST_STEP][PASSED] - click(findTestObject("2-OBJECTS TAREAS SECUNDARIAS/Pruebas capacitacion/Evento_de_Capacitacion/a_Eliminar2")): Object: 'Object Repository/2-OBJECTS TAREAS SECUNDARIAS/Pruebas capacitacion/Evento_de_Capacitacion/a_Eliminar2' is clicked on

2023-03-09 12:58:29 - [MESSAGE][PASSED] - Object: 'Object Repository/2-OBJECTS TAREAS SECUNDARIAS/Pruebas capacitacion/Evento_de_Capacitacion/a_Eliminar2' is clicked on

2023-03-09 12:58:29 - [TEST_STEP][PASSED] - click(findTestObject("2-OBJECTS TAREAS SECUNDARIAS/Pruebas capacitacion/Evento_de_Capacitacion/a_Aceptar2")): Object: 'Object Repository/2-OBJECTS TAREAS SECUNDARIAS/Pruebas capacitacion/Evento_de_Capacitacion/a_Aceptar2' is clicked on

2023-03-09 12:58:29 - [MESSAGE][PASSED] - Object: 'Object Repository/2-OBJECTS TAREAS SECUNDARIAS/Pruebas capacitacion/Evento_de_Capacitacion/a_Aceptar2' is clicked on

2023-03-09 12:58:29 - [TEST_STEP][PASSED] - click(findTestObject("2-OBJECTS TAREAS SECUNDARIAS/Pruebas capacitacion/Evento_de_Capacitacion/div_Costo")): Object: 'Object Repository/2-OBJECTS TAREAS SECUNDARIAS/Pruebas capacitacion/Evento_de_Capacitacion/div_Costo' is clicked on

2023-03-09 12:58:30 - [MESSAGE][PASSED] - Object: 'Object Repository/2-OBJECTS TAREAS SECUNDARIAS/Pruebas capacitacion/Evento_de_Capacitacion/div_Costo' is clicked on

2023-03-09 12:58:30 - [TEST_STEP][PASSED] - click(findTestObject("2-OBJECTS TAREAS SECUNDARIAS/Pruebas capacitacion/Evento_de_Capacitacion/a_Registro2")): Object: 'Object Repository/2-OBJECTS TAREAS SECUNDARIAS/Pruebas capacitacion/Evento_de_Capacitacion/a_Registro2' is clicked on

2023-03-09 12:58:31 - [MESSAGE][PASSED] - Object: 'Object Repository/2-OBJECTS TAREAS SECUNDARIAS/Pruebas capacitacion/Evento_de_Capacitacion/a_Registro2' is clicked on

2023-03-09 12:58:31 - [TEST_STEP][PASSED] - if (waitForElementPresent(findTestObject("2-OBJECTS TAREAS SECUNDARIAS/Pruebas capacitacion/Evento_de_Capacitacion/a_REFRIGERIO_formCostoEventopanel_costostabla_costos0j_idt634"), 1)): null

2023-03-09 12:58:31 - [MESSAGE][PASSED] - Object 'Object Repository/2-OBJECTS TAREAS SECUNDARIAS/Pruebas capacitacion/Evento_de_Capacitacion/a_REFRIGERIO_formCostoEventopanel_costostabla_costos0j_idt634' is present

2023-03-09 12:58:31 - [TEST_STEP][PASSED] - click(findTestObject("2-OBJECTS TAREAS SECUNDARIAS/Pruebas capacitacion/Evento_de_Capacitacion/a_REFRIGERIO_formCostoEventopanel_costostabla_costos0j_idt634")): Object: 'Object Repository/2-OBJECTS TAREAS SECUNDARIAS/Pruebas capacitacion/Evento_de_Capacitacion/a_REFRIGERIO_formCostoEventopanel_costostabla_costos0j_idt634' is clicked on

2023-03-09 12:58:32 - [MESSAGE][PASSED] - Object: 'Object Repository/2-OBJECTS TAREAS SECUNDARIAS/Pruebas capacitacion/Evento_de_Capacitacion/a_REFRIGERIO_formCostoEventopanel_costostabla_costos0j_idt634' is clicked on

2023-03-09 12:58:32 - [TEST_STEP][PASSED] - click(findTestObject("2-OBJECTS TAREAS SECUNDARIAS/Pruebas capacitacion/Evento_de_Capacitacion/a_Aceptar3")): Object: 'Object Repository/2-OBJECTS TAREAS SECUNDARIAS/Pruebas capacitacion/Evento_de_Capacitacion/a_Aceptar3' is clicked on

2023-03-09 12:58:32 - [MESSAGE][PASSED] - Object: 'Object Repository/2-OBJECTS TAREAS SECUNDARIAS/Pruebas capacitacion/Evento_de_Capacitacion/a_Aceptar3' is clicked on

2023-03-09 12:58:32 - [TEST_STEP][PASSED] - click(findTestObject("2-OBJECTS TAREAS SECUNDARIAS/Pruebas capacitacion/Evento_de_Capacitacion/div_Recursos")): Object: 'Object Repository/2-OBJECTS TAREAS SECUNDARIAS/Pruebas capacitacion/Evento_de_Capacitacion/div_Recursos' is clicked on

2023-03-09 12:58:33 - [MESSAGE][PASSED] - Object: 'Object Repository/2-OBJECTS TAREAS SECUNDARIAS/Pruebas capacitacion/Evento_de_Capacitacion/div_Recursos' is clicked on

2023-03-09 12:58:33 - [TEST_STEP][PASSED] - click(findTestObject("2-OBJECTS TAREAS SECUNDARIAS/Pruebas capacitacion/Evento_de_Capacitacion/a_Logsticos")): Object: 'Object Repository/2-OBJECTS TAREAS SECUNDARIAS/Pruebas capacitacion/Evento_de_Capacitacion/a_Logsticos' is clicked on

2023-03-09 12:58:34 - [MESSAGE][PASSED] - Object: 'Object Repository/2-OBJECTS TAREAS SECUNDARIAS/Pruebas capacitacion/Evento_de_Capacitacion/a_Logsticos' is clicked on

2023-03-09 12:58:34 - [TEST_STEP][PASSED] - if (waitForElementPresent(findTestObject("2-OBJECTS TAREAS SECUNDARIAS/Pruebas capacitacion/Evento_de_Capacitacion/a_INDISPENSABLE_formRecursoLogisticopanel_recursostabla_recursos0j_idt606"), 1)): null

2023-03-09 12:58:34 - [MESSAGE][PASSED] - Object 'Object Repository/2-OBJECTS TAREAS SECUNDARIAS/Pruebas capacitacion/Evento_de_Capacitacion/a_INDISPENSABLE_formRecursoLogisticopanel_recursostabla_recursos0j_idt606' is present

2023-03-09 12:58:34 - [TEST_STEP][PASSED] - click(findTestObject("2-OBJECTS TAREAS SECUNDARIAS/Pruebas capacitacion/Evento_de_Capacitacion/a_INDISPENSABLE_formRecursoLogisticopanel_recursostabla_recursos0j_idt606")): Object: 'Object Repository/2-OBJECTS TAREAS SECUNDARIAS/Pruebas capacitacion/Evento_de_Capacitacion/a_INDISPENSABLE_formRecursoLogisticopanel_recursostabla_recursos0j_idt606' is clicked on

2023-03-09 12:58:35 - [MESSAGE][PASSED] - Object: 'Object Repository/2-OBJECTS TAREAS SECUNDARIAS/Pruebas capacitacion/Evento_de_Capacitacion/a_INDISPENSABLE_formRecursoLogisticopanel_recursostabla_recursos0j_idt606' is clicked on

2023-03-09 12:58:35 - [TEST_STEP][PASSED] - click(findTestObject("2-OBJECTS TAREAS SECUNDARIAS/Pruebas capacitacion/Evento_de_Capacitacion/a_Aceptar2")): Object: 'Object Repository/2-OBJECTS TAREAS SECUNDARIAS/Pruebas capacitacion/Evento_de_Capacitacion/a_Aceptar2' is clicked on

2023-03-09 12:58:35 - [MESSAGE][PASSED] - Object: 'Object Repository/2-OBJECTS TAREAS SECUNDARIAS/Pruebas capacitacion/Evento_de_Capacitacion/a_Aceptar2' is clicked on

2023-03-09 12:58:35 - [TEST_STEP][PASSED] - click(findTestObject("2-OBJECTS TAREAS SECUNDARIAS/Pruebas capacitacion/Evento_de_Capacitacion/div_Asistentes")): Object: 'Object Repository/2-OBJECTS TAREAS SECUNDARIAS/Pruebas capacitacion/Evento_de_Capacitacion/div_Asistentes' is clicked on

2023-03-09 12:58:36 - [MESSAGE][PASSED] - Object: 'Object Repository/2-OBJECTS TAREAS SECUNDARIAS/Pruebas capacitacion/Evento_de_Capacitacion/div_Asistentes' is clicked on

2023-03-09 12:58:36 - [TEST_STEP][PASSED] - click(findTestObject("2-OBJECTS TAREAS SECUNDARIAS/Pruebas capacitacion/Evento_de_Capacitacion/a_Registro1")): Object: 'Object Repository/2-OBJECTS TAREAS SECUNDARIAS/Pruebas capacitacion/Evento_de_Capacitacion/a_Registro1' is clicked on

2023-03-09 12:58:37 - [MESSAGE][PASSED] - Object: 'Object Repository/2-OBJECTS TAREAS SECUNDARIAS/Pruebas capacitacion/Evento_de_Capacitacion/a_Registro1' is clicked on

2023-03-09 12:58:37 - [TEST_STEP][PASSED] - while (waitForElementPresent(findTestObject("2-OBJECTS TAREAS SECUNDARIAS/Pruebas capacitacion/Evento_de_Capacitacion/td_prueba ka Pruebas"), 1)): null

2023-03-09 12:58:38 - [MESSAGE][PASSED] - Object 'Object Repository/2-OBJECTS TAREAS SECUNDARIAS/Pruebas capacitacion/Evento_de_Capacitacion/td_prueba ka Pruebas' is present

2023-03-09 12:58:38 - [TEST_STEP][PASSED] - click(findTestObject("2-OBJECTS TAREAS SECUNDARIAS/Pruebas capacitacion/Evento_de_Capacitacion/td_prueba ka Pruebas")): Object: 'Object Repository/2-OBJECTS TAREAS SECUNDARIAS/Pruebas capacitacion/Evento_de_Capacitacion/td_prueba ka Pruebas' is clicked on

2023-03-09 12:58:38 - [MESSAGE][PASSED] - Object: 'Object Repository/2-OBJECTS TAREAS SECUNDARIAS/Pruebas capacitacion/Evento_de_Capacitacion/td_prueba ka Pruebas' is clicked on

2023-03-09 12:58:38 - [TEST_STEP][PASSED] - click(findTestObject("2-OBJECTS TAREAS SECUNDARIAS/Pruebas capacitacion/Evento_de_Capacitacion/a_Eliminar1")): Object: 'Object Repository/2-OBJECTS TAREAS SECUNDARIAS/Pruebas capacitacion/Evento_de_Capacitacion/a_Eliminar1' is clicked on

2023-03-09 12:58:39 - [MESSAGE][PASSED] - Object: 'Object Repository/2-OBJECTS TAREAS SECUNDARIAS/Pruebas capacitacion/Evento_de_Capacitacion/a_Eliminar1' is clicked on

2023-03-09 12:58:39 - [TEST_STEP][PASSED] - click(findTestObject("2-OBJECTS TAREAS SECUNDARIAS/Pruebas capacitacion/Evento_de_Capacitacion/a_Aceptar1")): Object 'Object Repository/2-OBJECTS TAREAS SECUNDARIAS/Pruebas capacitacion/Evento_de_Capacitacion/td_prueba ka Pruebas' is present

2023-03-09 12:58:40 - [MESSAGE][PASSED] - Object: 'Object Repository/2-OBJECTS TAREAS SECUNDARIAS/Pruebas capacitacion/Evento_de_Capacitacion/a_Aceptar1' is clicked on

2023-03-09 12:58:41 - [MESSAGE][PASSED] - Object 'Object Repository/2-OBJECTS TAREAS SECUNDARIAS/Pruebas capacitacion/Evento_de_Capacitacion/td_prueba ka Pruebas' is present

2023-03-09 12:58:41 - [TEST_STEP][PASSED] - click(findTestObject("2-OBJECTS TAREAS SECUNDARIAS/Pruebas capacitacion/Evento_de_Capacitacion/td_prueba ka Pruebas")): Object: 'Object Repository/2-OBJECTS TAREAS SECUNDARIAS/Pruebas capacitacion/Evento_de_Capacitacion/td_prueba ka Pruebas' is clicked on

2023-03-09 12:58:41 - [MESSAGE][PASSED] - Object: 'Object Repository/2-OBJECTS TAREAS SECUNDARIAS/Pruebas capacitacion/Evento_de_Capacitacion/td_prueba ka Pruebas' is clicked on

2023-03-09 12:58:41 - [TEST_STEP][PASSED] - click(findTestObject("2-OBJECTS TAREAS SECUNDARIAS/Pruebas capacitacion/Evento_de_Capacitacion/a_Eliminar1")): Object: 'Object Repository/2-OBJECTS TAREAS SECUNDARIAS/Pruebas capacitacion/Evento_de_Capacitacion/a_Eliminar1' is clicked on

2023-03-09 12:58:43 - [MESSAGE][PASSED] - Object: 'Object Repository/2-OBJECTS TAREAS SECUNDARIAS/Pruebas capacitacion/Evento_de_Capacitacion/a_Eliminar1' is clicked on

2023-03-09 12:58:43 - [TEST_STEP][PASSED] - click(findTestObject("2-OBJECTS TAREAS SECUNDARIAS/Pruebas capacitacion/Evento_de_Capacitacion/a_Aceptar1")): Object 'Object Repository/2-OBJECTS TAREAS SECUNDARIAS/Pruebas capacitacion/Evento_de_Capacitacion/td_prueba ka Pruebas' is not present after 1 second(s)

2023-03-09 12:58:44 - [MESSAGE][PASSED] - Object: 'Object Repository/2-OBJECTS TAREAS SECUNDARIAS/Pruebas capacitacion/Evento_de_Capacitacion/a_Aceptar1' is clicked on

2023-03-09 12:58:46 - [MESSAGE][INFO] - Unable to find the element located by 'By.xpath: 
//tr[2]/td/div/div/table/tbody/tr/td[3]'. Please recheck the objects properties to make sure the desired element is located. 

2023-03-09 12:58:46 - [MESSAGE][WARNING] - Object 'Object Repository/2-OBJECTS TAREAS SECUNDARIAS/Pruebas capacitacion/Evento_de_Capacitacion/td_prueba ka Pruebas' is not present after 1 second(s)

2023-03-09 12:58:46 - [TEST_STEP][PASSED] - click(findTestObject("2-OBJECTS TAREAS SECUNDARIAS/Pruebas capacitacion/Evento_de_Capacitacion/div_Grupos")): Object: 'Object Repository/2-OBJECTS TAREAS SECUNDARIAS/Pruebas capacitacion/Evento_de_Capacitacion/div_Grupos' is clicked on

2023-03-09 12:58:46 - [MESSAGE][PASSED] - Object: 'Object Repository/2-OBJECTS TAREAS SECUNDARIAS/Pruebas capacitacion/Evento_de_Capacitacion/div_Grupos' is clicked on

2023-03-09 12:58:46 - [TEST_STEP][PASSED] - click(findTestObject("2-OBJECTS TAREAS SECUNDARIAS/Pruebas capacitacion/Evento_de_Capacitacion/a_Registro0")): Object: 'Object Repository/2-OBJECTS TAREAS SECUNDARIAS/Pruebas capacitacion/Evento_de_Capacitacion/a_Registro0' is clicked on

2023-03-09 12:58:47 - [MESSAGE][PASSED] - Object: 'Object Repository/2-OBJECTS TAREAS SECUNDARIAS/Pruebas capacitacion/Evento_de_Capacitacion/a_Registro0' is clicked on

2023-03-09 12:58:47 - [TEST_STEP][PASSED] - if (waitForElementClickable(findTestObject("2-OBJECTS TAREAS SECUNDARIAS/Pruebas capacitacion/Evento_de_Capacitacion/td_pruebas k - Copy (1)"), 1)): null

2023-03-09 12:58:47 - [MESSAGE][PASSED] - Object 'Object Repository/2-OBJECTS TAREAS SECUNDARIAS/Pruebas capacitacion/Evento_de_Capacitacion/td_pruebas k - Copy (1)' is clickable

2023-03-09 12:58:47 - [TEST_STEP][PASSED] - click(findTestObject("2-OBJECTS TAREAS SECUNDARIAS/Pruebas capacitacion/Evento_de_Capacitacion/td_pruebas k")): Object: 'Object Repository/2-OBJECTS TAREAS SECUNDARIAS/Pruebas capacitacion/Evento_de_Capacitacion/td_pruebas k' is clicked on

2023-03-09 12:58:48 - [MESSAGE][PASSED] - Object: 'Object Repository/2-OBJECTS TAREAS SECUNDARIAS/Pruebas capacitacion/Evento_de_Capacitacion/td_pruebas k' is clicked on

2023-03-09 12:58:48 - [TEST_STEP][PASSED] - click(findTestObject("2-OBJECTS TAREAS SECUNDARIAS/Pruebas capacitacion/Evento_de_Capacitacion/a_Eliminar0")): Object: 'Object Repository/2-OBJECTS TAREAS SECUNDARIAS/Pruebas capacitacion/Evento_de_Capacitacion/a_Eliminar0' is clicked on

2023-03-09 12:58:48 - [MESSAGE][PASSED] - Object: 'Object Repository/2-OBJECTS TAREAS SECUNDARIAS/Pruebas capacitacion/Evento_de_Capacitacion/a_Eliminar0' is clicked on

2023-03-09 12:58:48 - [TEST_STEP][PASSED] - click(findTestObject("2-OBJECTS TAREAS SECUNDARIAS/Pruebas capacitacion/Evento_de_Capacitacion/a_Aceptar0")): Object: 'Object Repository/2-OBJECTS TAREAS SECUNDARIAS/Pruebas capacitacion/Evento_de_Capacitacion/a_Aceptar0' is clicked on

2023-03-09 12:58:49 - [MESSAGE][PASSED] - Object: 'Object Repository/2-OBJECTS TAREAS SECUNDARIAS/Pruebas capacitacion/Evento_de_Capacitacion/a_Aceptar0' is clicked on

2023-03-09 12:58:49 - [TEST_STEP][PASSED] - click(findTestObject("2-OBJECTS TAREAS SECUNDARIAS/Pruebas capacitacion/Evento_de_Capacitacion/div_Evento")): Object: 'Object Repository/2-OBJECTS TAREAS SECUNDARIAS/Pruebas capacitacion/Evento_de_Capacitacion/div_Evento' is clicked on

2023-03-09 12:58:50 - [MESSAGE][PASSED] - Object: 'Object Repository/2-OBJECTS TAREAS SECUNDARIAS/Pruebas capacitacion/Evento_de_Capacitacion/div_Evento' is clicked on

2023-03-09 12:58:50 - [TEST_STEP][PASSED] - click(findTestObject("2-OBJECTS TAREAS SECUNDARIAS/Pruebas capacitacion/Evento_de_Capacitacion/a_Registro3")): Object: 'Object Repository/2-OBJECTS TAREAS SECUNDARIAS/Pruebas capacitacion/Evento_de_Capacitacion/a_Registro3' is clicked on

2023-03-09 12:58:50 - [MESSAGE][PASSED] - Object: 'Object Repository/2-OBJECTS TAREAS SECUNDARIAS/Pruebas capacitacion/Evento_de_Capacitacion/a_Registro3' is clicked on

2023-03-09 12:58:50 - [TEST_STEP][PASSED] - click(findTestObject("2-OBJECTS TAREAS SECUNDARIAS/Pruebas capacitacion/Evento_de_Capacitacion/a_Eliminar3")): Object: 'Object Repository/2-OBJECTS TAREAS SECUNDARIAS/Pruebas capacitacion/Evento_de_Capacitacion/a_Eliminar3' is clicked on

2023-03-09 12:58:51 - [MESSAGE][PASSED] - Object: 'Object Repository/2-OBJECTS TAREAS SECUNDARIAS/Pruebas capacitacion/Evento_de_Capacitacion/a_Eliminar3' is clicked on

2023-03-09 12:58:51 - [TEST_STEP][PASSED] - click(findTestObject("2-OBJECTS TAREAS SECUNDARIAS/Pruebas capacitacion/Evento_de_Capacitacion/a_Aceptar5")): Object: 'Object Repository/2-OBJECTS TAREAS SECUNDARIAS/Pruebas capacitacion/Evento_de_Capacitacion/a_Aceptar5' is clicked on

2023-03-09 12:58:52 - [MESSAGE][PASSED] - Object: 'Object Repository/2-OBJECTS TAREAS SECUNDARIAS/Pruebas capacitacion/Evento_de_Capacitacion/a_Aceptar5' is clicked on

2023-03-09 12:58:52 - [TEST_STEP][PASSED] - click(findTestObject("2-OBJECTS TAREAS SECUNDARIAS/Pruebas capacitacion/Evento_de_Capacitacion/a_Regresar")): Object: 'Object Repository/2-OBJECTS TAREAS SECUNDARIAS/Pruebas capacitacion/Evento_de_Capacitacion/a_Regresar' is clicked on

2023-03-09 12:58:53 - [MESSAGE][PASSED] - Object: 'Object Repository/2-OBJECTS TAREAS SECUNDARIAS/Pruebas capacitacion/Evento_de_Capacitacion/a_Regresar' is clicked on

2023-03-09 12:58:53 - [TEST_STEP][PASSED] - if (waitForElementPresent(findTestObject("2-OBJECTS TAREAS SECUNDARIAS/Pruebas capacitacion/Evento_de_Capacitacion/a_Nuevo"), 1)): null

2023-03-09 12:58:54 - [MESSAGE][PASSED] - Object 'Object Repository/2-OBJECTS TAREAS SECUNDARIAS/Pruebas capacitacion/Evento_de_Capacitacion/a_Nuevo' is present

2023-03-09 12:58:54 - [TEST_STEP][PASSED] - click(findTestObject("2-OBJECTS TAREAS SECUNDARIAS/Pruebas capacitacion/Evento_de_Capacitacion/a_Nuevo")): Object: 'Object Repository/2-OBJECTS TAREAS SECUNDARIAS/Pruebas capacitacion/Evento_de_Capacitacion/a_Nuevo' is clicked on

2023-03-09 12:58:54 - [MESSAGE][PASSED] - Object: 'Object Repository/2-OBJECTS TAREAS SECUNDARIAS/Pruebas capacitacion/Evento_de_Capacitacion/a_Nuevo' is clicked on

2023-03-09 12:58:54 - [TEST_STEP][PASSED] - selectOptionByIndex(findTestObject("2-OBJECTS TAREAS SECUNDARIAS/Pruebas capacitacion/Evento_de_Capacitacion/select_-- Seleccione --Evento CapacitacinEvento Capacitacin Grupal"), 2): All options with index in [2] are selected on object 'Object Repository/2-OBJECTS TAREAS SECUNDARIAS/Pruebas capacitacion/Evento_de_Capacitacion/select_-- Seleccione --Evento CapacitacinEvento Capacitacin Grupal'

2023-03-09 12:58:56 - [MESSAGE][PASSED] - All options with index in [2] are selected on object 'Object Repository/2-OBJECTS TAREAS SECUNDARIAS/Pruebas capacitacion/Evento_de_Capacitacion/select_-- Seleccione --Evento CapacitacinEvento Capacitacin Grupal'

2023-03-09 12:58:56 - [TEST_STEP][PASSED] - click(findTestObject("2-OBJECTS TAREAS SECUNDARIAS/Pruebas capacitacion/Evento_de_Capacitacion/a_Aplicar")): Object: 'Object Repository/2-OBJECTS TAREAS SECUNDARIAS/Pruebas capacitacion/Evento_de_Capacitacion/a_Aplicar' is clicked on

2023-03-09 12:58:56 - [MESSAGE][PASSED] - Object: 'Object Repository/2-OBJECTS TAREAS SECUNDARIAS/Pruebas capacitacion/Evento_de_Capacitacion/a_Aplicar' is clicked on

2023-03-09 12:58:56 - [TEST_STEP][PASSED] - selectOptionByIndex(findTestObject("2-OBJECTS TAREAS SECUNDARIAS/Pruebas capacitacion/Evento_de_Capacitacion/select_--Seleccione--Aplicacin SaraCurso De Alturas"), 9): All options with index in [9] are selected on object 'Object Repository/2-OBJECTS TAREAS SECUNDARIAS/Pruebas capacitacion/Evento_de_Capacitacion/select_--Seleccione--Aplicacin SaraCurso De Alturas'

2023-03-09 12:58:58 - [MESSAGE][PASSED] - All options with index in [9] are selected on object 'Object Repository/2-OBJECTS TAREAS SECUNDARIAS/Pruebas capacitacion/Evento_de_Capacitacion/select_--Seleccione--Aplicacin SaraCurso De Alturas'

2023-03-09 12:58:58 - [TEST_STEP][PASSED] - selectOptionByIndex(findTestObject("2-OBJECTS TAREAS SECUNDARIAS/Pruebas capacitacion/Evento_de_Capacitacion/select_--Seleccione--BloqueadoEjecucinFinalizadoProgramado"), 4): All options with index in [4] are selected on object 'Object Repository/2-OBJECTS TAREAS SECUNDARIAS/Pruebas capacitacion/Evento_de_Capacitacion/select_--Seleccione--BloqueadoEjecucinFinalizadoProgramado'

2023-03-09 12:58:59 - [MESSAGE][PASSED] - All options with index in [4] are selected on object 'Object Repository/2-OBJECTS TAREAS SECUNDARIAS/Pruebas capacitacion/Evento_de_Capacitacion/select_--Seleccione--BloqueadoEjecucinFinalizadoProgramado'

2023-03-09 12:58:59 - [TEST_STEP][PASSED] - click(findTestObject("2-OBJECTS TAREAS SECUNDARIAS/Pruebas capacitacion/Evento_de_Capacitacion/a_Plan de Inversin_formRegistroEventoj_idt180")): Object: 'Object Repository/2-OBJECTS TAREAS SECUNDARIAS/Pruebas capacitacion/Evento_de_Capacitacion/a_Plan de Inversin_formRegistroEventoj_idt180' is clicked on

2023-03-09 12:59:00 - [MESSAGE][PASSED] - Object: 'Object Repository/2-OBJECTS TAREAS SECUNDARIAS/Pruebas capacitacion/Evento_de_Capacitacion/a_Plan de Inversin_formRegistroEventoj_idt180' is clicked on

2023-03-09 12:59:00 - [TEST_STEP][PASSED] - click(findTestObject("2-OBJECTS TAREAS SECUNDARIAS/Pruebas capacitacion/Evento_de_Capacitacion/td_prueba1")): Object: 'Object Repository/2-OBJECTS TAREAS SECUNDARIAS/Pruebas capacitacion/Evento_de_Capacitacion/td_prueba1' is clicked on

2023-03-09 12:59:01 - [MESSAGE][PASSED] - Object: 'Object Repository/2-OBJECTS TAREAS SECUNDARIAS/Pruebas capacitacion/Evento_de_Capacitacion/td_prueba1' is clicked on

2023-03-09 12:59:01 - [TEST_STEP][PASSED] - setText(findTestObject("2-OBJECTS TAREAS SECUNDARIAS/Pruebas capacitacion/Evento_de_Capacitacion/input_Fecha Rango_formRegistroEventofechaInicial_input"), "17/11/2021"): Text '17/11/2021' is set on object 'Object Repository/2-OBJECTS TAREAS SECUNDARIAS/Pruebas capacitacion/Evento_de_Capacitacion/input_Fecha Rango_formRegistroEventofechaInicial_input'

2023-03-09 12:59:02 - [MESSAGE][PASSED] - Text '17/11/2021' is set on object 'Object Repository/2-OBJECTS TAREAS SECUNDARIAS/Pruebas capacitacion/Evento_de_Capacitacion/input_Fecha Rango_formRegistroEventofechaInicial_input'

2023-03-09 12:59:02 - [TEST_STEP][PASSED] - setText(findTestObject("2-OBJECTS TAREAS SECUNDARIAS/Pruebas capacitacion/Evento_de_Capacitacion/input_Fecha Rango_formRegistroEventofechaFinal_input"), "27/11/2021"): Text '27/11/2021' is set on object 'Object Repository/2-OBJECTS TAREAS SECUNDARIAS/Pruebas capacitacion/Evento_de_Capacitacion/input_Fecha Rango_formRegistroEventofechaFinal_input'

2023-03-09 12:59:03 - [MESSAGE][PASSED] - Text '27/11/2021' is set on object 'Object Repository/2-OBJECTS TAREAS SECUNDARIAS/Pruebas capacitacion/Evento_de_Capacitacion/input_Fecha Rango_formRegistroEventofechaFinal_input'

2023-03-09 12:59:03 - [TEST_STEP][PASSED] - setText(findTestObject("2-OBJECTS TAREAS SECUNDARIAS/Pruebas capacitacion/Evento_de_Capacitacion/textarea_Descripcin del evento_formRegistroEventoj_idt1890idTexto5"), "Prueba"): Text 'Prueba' is set on object 'Object Repository/2-OBJECTS TAREAS SECUNDARIAS/Pruebas capacitacion/Evento_de_Capacitacion/textarea_Descripcin del evento_formRegistroEventoj_idt1890idTexto5'

2023-03-09 12:59:04 - [MESSAGE][PASSED] - Text 'Prueba' is set on object 'Object Repository/2-OBJECTS TAREAS SECUNDARIAS/Pruebas capacitacion/Evento_de_Capacitacion/textarea_Descripcin del evento_formRegistroEventoj_idt1890idTexto5'

2023-03-09 12:59:04 - [TEST_STEP][PASSED] - selectOptionByIndex(findTestObject("2-OBJECTS TAREAS SECUNDARIAS/Pruebas capacitacion/Evento_de_Capacitacion/select_--Seleccione--CALIDADMENSUAL ABCMODELO EMPRESA QUINCENALPANSIONADOSPENSIONADOS BASEPRUEBAS"), "7"): All options with index in [7] are selected on object 'Object Repository/2-OBJECTS TAREAS SECUNDARIAS/Pruebas capacitacion/Evento_de_Capacitacion/select_--Seleccione--CALIDADMENSUAL ABCMODELO EMPRESA QUINCENALPANSIONADOSPENSIONADOS BASEPRUEBAS'

2023-03-09 12:59:05 - [MESSAGE][PASSED] - All options with index in [7] are selected on object 'Object Repository/2-OBJECTS TAREAS SECUNDARIAS/Pruebas capacitacion/Evento_de_Capacitacion/select_--Seleccione--CALIDADMENSUAL ABCMODELO EMPRESA QUINCENALPANSIONADOSPENSIONADOS BASEPRUEBAS'

2023-03-09 12:59:05 - [TEST_STEP][PASSED] - setText(findTestObject("2-OBJECTS TAREAS SECUNDARIAS/Pruebas capacitacion/Evento_de_Capacitacion/input_Publicacion Inicial_formRegistroEventoj_idt1892fecha_input"), "17/11/2021"): Text '17/11/2021' is set on object 'Object Repository/2-OBJECTS TAREAS SECUNDARIAS/Pruebas capacitacion/Evento_de_Capacitacion/input_Publicacion Inicial_formRegistroEventoj_idt1892fecha_input'

2023-03-09 12:59:06 - [MESSAGE][PASSED] - Text '17/11/2021' is set on object 'Object Repository/2-OBJECTS TAREAS SECUNDARIAS/Pruebas capacitacion/Evento_de_Capacitacion/input_Publicacion Inicial_formRegistroEventoj_idt1892fecha_input'

2023-03-09 12:59:06 - [TEST_STEP][PASSED] - setText(findTestObject("2-OBJECTS TAREAS SECUNDARIAS/Pruebas capacitacion/Evento_de_Capacitacion/input_Publicacion Final_formRegistroEventoj_idt1893fecha_input"), "27/11/2021"): Text '27/11/2021' is set on object 'Object Repository/2-OBJECTS TAREAS SECUNDARIAS/Pruebas capacitacion/Evento_de_Capacitacion/input_Publicacion Final_formRegistroEventoj_idt1893fecha_input'

2023-03-09 12:59:07 - [MESSAGE][PASSED] - Text '27/11/2021' is set on object 'Object Repository/2-OBJECTS TAREAS SECUNDARIAS/Pruebas capacitacion/Evento_de_Capacitacion/input_Publicacion Final_formRegistroEventoj_idt1893fecha_input'

2023-03-09 12:59:07 - [TEST_STEP][PASSED] - setText(findTestObject("2-OBJECTS TAREAS SECUNDARIAS/Pruebas capacitacion/Evento_de_Capacitacion/input__formRegistroEventoj_idt1894idTexto6"), "100"): Text '100' is set on object 'Object Repository/2-OBJECTS TAREAS SECUNDARIAS/Pruebas capacitacion/Evento_de_Capacitacion/input__formRegistroEventoj_idt1894idTexto6'

2023-03-09 12:59:08 - [MESSAGE][PASSED] - Text '100' is set on object 'Object Repository/2-OBJECTS TAREAS SECUNDARIAS/Pruebas capacitacion/Evento_de_Capacitacion/input__formRegistroEventoj_idt1894idTexto6'

2023-03-09 12:59:08 - [TEST_STEP][PASSED] - setText(findTestObject("2-OBJECTS TAREAS SECUNDARIAS/Pruebas capacitacion/Evento_de_Capacitacion/input__formRegistroEventoj_idt1895idNumero1"), "2"): Text '2' is set on object 'Object Repository/2-OBJECTS TAREAS SECUNDARIAS/Pruebas capacitacion/Evento_de_Capacitacion/input__formRegistroEventoj_idt1895idNumero1'

2023-03-09 12:59:09 - [MESSAGE][PASSED] - Text '2' is set on object 'Object Repository/2-OBJECTS TAREAS SECUNDARIAS/Pruebas capacitacion/Evento_de_Capacitacion/input__formRegistroEventoj_idt1895idNumero1'

2023-03-09 12:59:09 - [TEST_STEP][PASSED] - selectOptionByIndex(findTestObject("2-OBJECTS TAREAS SECUNDARIAS/Pruebas capacitacion/Evento_de_Capacitacion/select_Diagnstico de Necesidades de CapacitacinEstrategiaEvaluacin del desempeoOrigen Evento"), 1): All options with index in [1] are selected on object 'Object Repository/2-OBJECTS TAREAS SECUNDARIAS/Pruebas capacitacion/Evento_de_Capacitacion/select_Diagnstico de Necesidades de CapacitacinEstrategiaEvaluacin del desempeoOrigen Evento'

2023-03-09 12:59:10 - [MESSAGE][PASSED] - All options with index in [1] are selected on object 'Object Repository/2-OBJECTS TAREAS SECUNDARIAS/Pruebas capacitacion/Evento_de_Capacitacion/select_Diagnstico de Necesidades de CapacitacinEstrategiaEvaluacin del desempeoOrigen Evento'

2023-03-09 12:59:10 - [TEST_STEP][PASSED] - selectOptionByIndex(findTestObject("2-OBJECTS TAREAS SECUNDARIAS/Pruebas capacitacion/Evento_de_Capacitacion/select_MixtaPresencialVirtual"), 3): All options with index in [3] are selected on object 'Object Repository/2-OBJECTS TAREAS SECUNDARIAS/Pruebas capacitacion/Evento_de_Capacitacion/select_MixtaPresencialVirtual'

2023-03-09 12:59:11 - [MESSAGE][PASSED] - All options with index in [3] are selected on object 'Object Repository/2-OBJECTS TAREAS SECUNDARIAS/Pruebas capacitacion/Evento_de_Capacitacion/select_MixtaPresencialVirtual'

2023-03-09 12:59:11 - [TEST_STEP][PASSED] - selectOptionByIndex(findTestObject("2-OBJECTS TAREAS SECUNDARIAS/Pruebas capacitacion/Evento_de_Capacitacion/select_NOSI"), 1): All options with index in [1] are selected on object 'Object Repository/2-OBJECTS TAREAS SECUNDARIAS/Pruebas capacitacion/Evento_de_Capacitacion/select_NOSI'

2023-03-09 12:59:12 - [MESSAGE][PASSED] - All options with index in [1] are selected on object 'Object Repository/2-OBJECTS TAREAS SECUNDARIAS/Pruebas capacitacion/Evento_de_Capacitacion/select_NOSI'

2023-03-09 12:59:12 - [TEST_STEP][PASSED] - selectOptionByIndex(findTestObject("2-OBJECTS TAREAS SECUNDARIAS/Pruebas capacitacion/Evento_de_Capacitacion/select_123456PRUEBA SILVIAUS654US23913781"), 2): All options with index in [2] are selected on object 'Object Repository/2-OBJECTS TAREAS SECUNDARIAS/Pruebas capacitacion/Evento_de_Capacitacion/select_123456PRUEBA SILVIAUS654US23913781'

2023-03-09 12:59:13 - [MESSAGE][PASSED] - All options with index in [2] are selected on object 'Object Repository/2-OBJECTS TAREAS SECUNDARIAS/Pruebas capacitacion/Evento_de_Capacitacion/select_123456PRUEBA SILVIAUS654US23913781'

2023-03-09 12:59:13 - [TEST_STEP][PASSED] - selectOptionByIndex(findTestObject("2-OBJECTS TAREAS SECUNDARIAS/Pruebas capacitacion/Evento_de_Capacitacion/select_BARRANQUILLABOGOTACALIFRANCIAIBIZA"), 3): All options with index in [3] are selected on object 'Object Repository/2-OBJECTS TAREAS SECUNDARIAS/Pruebas capacitacion/Evento_de_Capacitacion/select_BARRANQUILLABOGOTACALIFRANCIAIBIZA'

2023-03-09 12:59:14 - [MESSAGE][PASSED] - All options with index in [3] are selected on object 'Object Repository/2-OBJECTS TAREAS SECUNDARIAS/Pruebas capacitacion/Evento_de_Capacitacion/select_BARRANQUILLABOGOTACALIFRANCIAIBIZA'

2023-03-09 12:59:14 - [TEST_STEP][PASSED] - setText(findTestObject("2-OBJECTS TAREAS SECUNDARIAS/Pruebas capacitacion/Evento_de_Capacitacion/input_Nmeromero Autorizacin_formRegistroEventoj_idt18915idTexto"), "100000"): Text '100000' is set on object 'Object Repository/2-OBJECTS TAREAS SECUNDARIAS/Pruebas capacitacion/Evento_de_Capacitacion/input_Nmeromero Autorizacin_formRegistroEventoj_idt18915idTexto'

2023-03-09 12:59:15 - [MESSAGE][PASSED] - Text '100000' is set on object 'Object Repository/2-OBJECTS TAREAS SECUNDARIAS/Pruebas capacitacion/Evento_de_Capacitacion/input_Nmeromero Autorizacin_formRegistroEventoj_idt18915idTexto'

2023-03-09 12:59:15 - [TEST_STEP][PASSED] - setText(findTestObject("2-OBJECTS TAREAS SECUNDARIAS/Pruebas capacitacion/Evento_de_Capacitacion/input_Costo Evento_formRegistroEventoj_idt18914idTexto6"), "10000"): Text '10000' is set on object 'Object Repository/2-OBJECTS TAREAS SECUNDARIAS/Pruebas capacitacion/Evento_de_Capacitacion/input_Costo Evento_formRegistroEventoj_idt18914idTexto6'

2023-03-09 12:59:16 - [MESSAGE][PASSED] - Text '10000' is set on object 'Object Repository/2-OBJECTS TAREAS SECUNDARIAS/Pruebas capacitacion/Evento_de_Capacitacion/input_Costo Evento_formRegistroEventoj_idt18914idTexto6'

2023-03-09 12:59:16 - [TEST_STEP][PASSED] - setText(findTestObject("2-OBJECTS TAREAS SECUNDARIAS/Pruebas capacitacion/Evento_de_Capacitacion/input_Nmeromero Autorizacin_formRegistroEventoj_idt18915idTexto"), "5"): Text '5' is set on object 'Object Repository/2-OBJECTS TAREAS SECUNDARIAS/Pruebas capacitacion/Evento_de_Capacitacion/input_Nmeromero Autorizacin_formRegistroEventoj_idt18915idTexto'

2023-03-09 12:59:17 - [MESSAGE][PASSED] - Text '5' is set on object 'Object Repository/2-OBJECTS TAREAS SECUNDARIAS/Pruebas capacitacion/Evento_de_Capacitacion/input_Nmeromero Autorizacin_formRegistroEventoj_idt18915idTexto'

2023-03-09 12:59:17 - [TEST_STEP][PASSED] - setText(findTestObject("2-OBJECTS TAREAS SECUNDARIAS/Pruebas capacitacion/Evento_de_Capacitacion/textarea_Observacin_formRegistroEventoj_idt18917idTexto5"), "Prueba"): Text 'Prueba' is set on object 'Object Repository/2-OBJECTS TAREAS SECUNDARIAS/Pruebas capacitacion/Evento_de_Capacitacion/textarea_Observacin_formRegistroEventoj_idt18917idTexto5'

2023-03-09 12:59:18 - [MESSAGE][PASSED] - Text 'Prueba' is set on object 'Object Repository/2-OBJECTS TAREAS SECUNDARIAS/Pruebas capacitacion/Evento_de_Capacitacion/textarea_Observacin_formRegistroEventoj_idt18917idTexto5'

2023-03-09 12:59:18 - [TEST_STEP][PASSED] - selectOptionByIndex(findTestObject("2-OBJECTS TAREAS SECUNDARIAS/Pruebas capacitacion/Evento_de_Capacitacion/select_AmbosNo AplicaPor AsistenciaPor Puntaje"), 1): All options with index in [1] are selected on object 'Object Repository/2-OBJECTS TAREAS SECUNDARIAS/Pruebas capacitacion/Evento_de_Capacitacion/select_AmbosNo AplicaPor AsistenciaPor Puntaje'

2023-03-09 12:59:19 - [MESSAGE][PASSED] - All options with index in [1] are selected on object 'Object Repository/2-OBJECTS TAREAS SECUNDARIAS/Pruebas capacitacion/Evento_de_Capacitacion/select_AmbosNo AplicaPor AsistenciaPor Puntaje'

2023-03-09 12:59:19 - [TEST_STEP][PASSED] - click(findTestObject("2-OBJECTS TAREAS SECUNDARIAS/Pruebas capacitacion/Evento_de_Capacitacion/a__formRegistroEventoj_idt18910j_idt229")): Object: 'Object Repository/2-OBJECTS TAREAS SECUNDARIAS/Pruebas capacitacion/Evento_de_Capacitacion/a__formRegistroEventoj_idt18910j_idt229' is clicked on

2023-03-09 12:59:19 - [MESSAGE][PASSED] - Object: 'Object Repository/2-OBJECTS TAREAS SECUNDARIAS/Pruebas capacitacion/Evento_de_Capacitacion/a__formRegistroEventoj_idt18910j_idt229' is clicked on

2023-03-09 12:59:19 - [TEST_STEP][PASSED] - setText(findTestObject("2-OBJECTS TAREAS SECUNDARIAS/Pruebas capacitacion/Evento_de_Capacitacion/input_Filtro Hoja de Vida_formPopupHojaVidaj_idt23111"), "A"): Text 'A' is set on object 'Object Repository/2-OBJECTS TAREAS SECUNDARIAS/Pruebas capacitacion/Evento_de_Capacitacion/input_Filtro Hoja de Vida_formPopupHojaVidaj_idt23111'

2023-03-09 12:59:21 - [MESSAGE][PASSED] - Text 'A' is set on object 'Object Repository/2-OBJECTS TAREAS SECUNDARIAS/Pruebas capacitacion/Evento_de_Capacitacion/input_Filtro Hoja de Vida_formPopupHojaVidaj_idt23111'

2023-03-09 12:59:21 - [TEST_STEP][PASSED] - sendKeys(findTestObject("2-OBJECTS TAREAS SECUNDARIAS/Pruebas capacitacion/Evento_de_Capacitacion/input_Filtro Hoja de Vida_formPopupHojaVidaj_idt23111"), Keys.chord(ENTER)): Keys 'ENTER + ' sent to object: 'Object Repository/2-OBJECTS TAREAS SECUNDARIAS/Pruebas capacitacion/Evento_de_Capacitacion/input_Filtro Hoja de Vida_formPopupHojaVidaj_idt23111'

2023-03-09 12:59:21 - [MESSAGE][PASSED] - Keys 'ENTER + ' sent to object: 'Object Repository/2-OBJECTS TAREAS SECUNDARIAS/Pruebas capacitacion/Evento_de_Capacitacion/input_Filtro Hoja de Vida_formPopupHojaVidaj_idt23111'

2023-03-09 12:59:21 - [TEST_STEP][PASSED] - click(findTestObject("2-OBJECTS TAREAS SECUNDARIAS/Pruebas capacitacion/Evento_de_Capacitacion/span_A A A")): Object: 'Object Repository/2-OBJECTS TAREAS SECUNDARIAS/Pruebas capacitacion/Evento_de_Capacitacion/span_A A A' is clicked on

2023-03-09 12:59:22 - [MESSAGE][PASSED] - Object: 'Object Repository/2-OBJECTS TAREAS SECUNDARIAS/Pruebas capacitacion/Evento_de_Capacitacion/span_A A A' is clicked on

2023-03-09 12:59:22 - [TEST_STEP][PASSED] - click(findTestObject("2-OBJECTS TAREAS SECUNDARIAS/Pruebas capacitacion/Evento_de_Capacitacion/a_Guardar")): Object: 'Object Repository/2-OBJECTS TAREAS SECUNDARIAS/Pruebas capacitacion/Evento_de_Capacitacion/a_Guardar' is clicked on

2023-03-09 12:59:23 - [MESSAGE][PASSED] - Object: 'Object Repository/2-OBJECTS TAREAS SECUNDARIAS/Pruebas capacitacion/Evento_de_Capacitacion/a_Guardar' is clicked on

2023-03-09 12:59:23 - [TEST_STEP][PASSED] - setText(findTestObject("2-OBJECTS TAREAS SECUNDARIAS/Pruebas capacitacion/Evento_de_Capacitacion/input_Puntaje Minimo_formRegistroEventominimoPuntaje"), "3"): Text '3' is set on object 'Object Repository/2-OBJECTS TAREAS SECUNDARIAS/Pruebas capacitacion/Evento_de_Capacitacion/input_Puntaje Minimo_formRegistroEventominimoPuntaje'

2023-03-09 12:59:24 - [MESSAGE][PASSED] - Text '3' is set on object 'Object Repository/2-OBJECTS TAREAS SECUNDARIAS/Pruebas capacitacion/Evento_de_Capacitacion/input_Puntaje Minimo_formRegistroEventominimoPuntaje'

2023-03-09 12:59:24 - [TEST_STEP][PASSED] - setText(findTestObject("2-OBJECTS TAREAS SECUNDARIAS/Pruebas capacitacion/Evento_de_Capacitacion/input_Mximo Horas Ausencia_formRegistroEventomaximoHorasAusencia"), "4"): Text '4' is set on object 'Object Repository/2-OBJECTS TAREAS SECUNDARIAS/Pruebas capacitacion/Evento_de_Capacitacion/input_Mximo Horas Ausencia_formRegistroEventomaximoHorasAusencia'

2023-03-09 12:59:25 - [MESSAGE][PASSED] - Text '4' is set on object 'Object Repository/2-OBJECTS TAREAS SECUNDARIAS/Pruebas capacitacion/Evento_de_Capacitacion/input_Mximo Horas Ausencia_formRegistroEventomaximoHorasAusencia'

2023-03-09 12:59:25 - [TEST_STEP][PASSED] - click(findTestObject("2-OBJECTS TAREAS SECUNDARIAS/Pruebas capacitacion/Evento_de_Capacitacion/a_Guardar")): Object: 'Object Repository/2-OBJECTS TAREAS SECUNDARIAS/Pruebas capacitacion/Evento_de_Capacitacion/a_Guardar' is clicked on

2023-03-09 12:59:25 - [MESSAGE][PASSED] - Object: 'Object Repository/2-OBJECTS TAREAS SECUNDARIAS/Pruebas capacitacion/Evento_de_Capacitacion/a_Guardar' is clicked on

2023-03-09 12:59:25 - [TEST_STEP][PASSED] - if (waitForElementVisible(findTestObject("3-OBJECTS UTILIDADES/Alerta/Alerta"), 1)): null

2023-03-09 12:59:26 - [MESSAGE][PASSED] - Object 'Object Repository/3-OBJECTS UTILIDADES/Alerta/Alerta' is visible

2023-03-09 12:59:26 - [TEST_STEP][PASSED] - Result = getText(findTestObject("3-OBJECTS UTILIDADES/Alerta/Alerta")): Text of object 'Object Repository/3-OBJECTS UTILIDADES/Alerta/Alerta' is: 'Se ingreso el registro'

2023-03-09 12:59:26 - [MESSAGE][PASSED] - Text of object 'Object Repository/3-OBJECTS UTILIDADES/Alerta/Alerta' is: 'Se ingreso el registro'

2023-03-09 12:59:26 - [TEST_STEP][PASSED] - if (Result == "Se ingreso el registro"): Browser is closed

2023-03-09 12:59:26 - [TEST_STEP][PASSED] - closeBrowser(): Browser is closed

2023-03-09 12:59:27 - [MESSAGE][PASSED] - Browser is closed

2023-03-09 12:59:27 - [TEST_STEP][PASSED] - comment("no se esta verificando bien para eliminar los registros"): no se esta verificando bien para eliminar los registros

2023-03-09 12:59:27 - [MESSAGE][INFO] - no se esta verificando bien para eliminar los registros]]></system-out>
         <system-err><![CDATA[]]></system-err>
      </testcase>
      <testcase name="Test Cases/1.2-Tareas_Secundarias/4.1-Pruebas_Capacitación/4.1.4-Crear_un_Grupo-Curso_Tipo_Evento_Grupal" time="26.729" classname="Test Cases/1.2-Tareas_Secundarias/4.1-Pruebas_Capacitación/4.1.4-Crear_un_Grupo-Curso_Tipo_Evento_Grupal" status="PASSED">
         <system-out><![CDATA[2023-03-09 12:59:27 - [TEST_CASE][PASSED] - Test Cases/1.2-Tareas_Secundarias/4.1-Pruebas_Capacitación/4.1.4-Crear_un_Grupo-Curso_Tipo_Evento_Grupal: Test Cases/1.2-Tareas_Secundarias/4.1-Pruebas_Capacitación/4.1.4-Crear_un_Grupo-Curso_Tipo_Evento_Grupal

2023-03-09 12:59:28 - [TEST_STEP][PASSED] - callTestCase(findTestCase("Utilidades-(atajos_para _tareas)/Modulos/Modulo Control Evento Capacitacion"), [:], STOP_ON_FAILURE): Call Test Case 'Test Cases/Utilidades-(atajos_para _tareas)/Modulos/Modulo Control Evento Capacitacion' successfully

2023-03-09 12:59:28 - [TEST_CASE][PASSED] - Test Cases/Utilidades-(atajos_para _tareas)/Modulos/Modulo Control Evento Capacitacion: Test Cases/Utilidades-(atajos_para _tareas)/Modulos/Modulo Control Evento Capacitacion

2023-03-09 12:59:28 - [TEST_STEP][PASSED] - callTestCase(findTestCase("0.1-Login"), [:], STOP_ON_FAILURE): Call Test Case 'Test Cases/0.1-Login' successfully

2023-03-09 12:59:28 - [TEST_CASE][PASSED] - Test Cases/0.1-Login: Test Cases/0.1-Login

2023-03-09 12:59:28 - [TEST_STEP][PASSED] - openBrowser(""): Browser is opened with url: ''

2023-03-09 12:59:28 - [MESSAGE][INFO] - Starting 'Chrome' driver

2023-03-09 12:59:28 - [MESSAGE][INFO] - Action delay is set to 0 milliseconds

2023-03-09 12:59:29 - [MESSAGE][PASSED] - Browser is opened with url: ''

2023-03-09 12:59:29 - [TEST_STEP][PASSED] - maximizeWindow(): Current window maximized

2023-03-09 12:59:29 - [MESSAGE][PASSED] - Current window maximized

2023-03-09 12:59:29 - [TEST_STEP][PASSED] - i = G_Login: null

2023-03-09 12:59:29 - [TEST_STEP][PASSED] - url = new java.net.URL(i): null

2023-03-09 12:59:29 - [TEST_STEP][PASSED] - println("URL: " + url.toString()): null

2023-03-09 12:59:29 - [TEST_STEP][PASSED] - connection = url.openConnection(): null

2023-03-09 12:59:29 - [TEST_STEP][PASSED] - connection.setRequestMethod("GET"): null

2023-03-09 12:59:29 - [TEST_STEP][PASSED] - connection.setReadTimeout(2 * 1000): null

2023-03-09 12:59:29 - [TEST_STEP][PASSED] - try: null

2023-03-09 12:59:29 - [TEST_STEP][PASSED] - connection.connect(): null

2023-03-09 12:59:29 - [TEST_STEP][PASSED] - flag = connected: null

2023-03-09 12:59:29 - [TEST_STEP][PASSED] - println("Valor_ori: " + flag): null

2023-03-09 12:59:29 - [TEST_STEP][PASSED] - if (flag): null

2023-03-09 12:59:29 - [TEST_STEP][PASSED] - navigateToUrl(i): Navigate to 'http://192.168.2.19:7001/saraweb' successfully

2023-03-09 12:59:31 - [MESSAGE][PASSED] - Navigate to 'http://192.168.2.19:7001/saraweb' successfully

2023-03-09 12:59:31 - [TEST_STEP][PASSED] - a(): null

2023-03-09 12:59:31 - [TEST_STEP][PASSED] - if (waitForElementVisible(findTestObject("3-OBJECTS UTILIDADES/Login/input_USUARIO_loginusuario"), 0)): null

2023-03-09 12:59:31 - [MESSAGE][WARNING] - Timeout '0' is invalid. Using default page load timeout: '37'

2023-03-09 12:59:31 - [MESSAGE][PASSED] - Object 'Object Repository/3-OBJECTS UTILIDADES/Login/input_USUARIO_loginusuario' is visible

2023-03-09 12:59:31 - [TEST_STEP][PASSED] - switchToWindowTitle("SARA"): Switched to window with title: 'SARA'

2023-03-09 12:59:31 - [MESSAGE][PASSED] - Switched to window with title: 'SARA'

2023-03-09 12:59:31 - [TEST_STEP][PASSED] - zoom(): null

2023-03-09 12:59:31 - [TEST_STEP][PASSED] - robot = new java.awt.Robot(): null

2023-03-09 12:59:31 - [TEST_STEP][PASSED] - robot.keyPress(VK_CONTROL): null

2023-03-09 12:59:31 - [TEST_STEP][PASSED] - robot.keyPress(VK_SUBTRACT): null

2023-03-09 12:59:31 - [TEST_STEP][PASSED] - robot.keyRelease(VK_CONTROL): null

2023-03-09 12:59:31 - [TEST_STEP][PASSED] - robot.keyRelease(VK_SUBTRACT): null

2023-03-09 12:59:31 - [TEST_STEP][PASSED] - robot.keyPress(VK_CONTROL): null

2023-03-09 12:59:31 - [TEST_STEP][PASSED] - robot.keyPress(VK_SUBTRACT): null

2023-03-09 12:59:31 - [TEST_STEP][PASSED] - robot.keyRelease(VK_CONTROL): null

2023-03-09 12:59:31 - [TEST_STEP][PASSED] - robot.keyRelease(VK_SUBTRACT): null

2023-03-09 12:59:31 - [TEST_STEP][PASSED] - robot.keyPress(VK_CONTROL): null

2023-03-09 12:59:31 - [TEST_STEP][PASSED] - robot.keyPress(VK_SUBTRACT): null

2023-03-09 12:59:31 - [TEST_STEP][PASSED] - robot.keyRelease(VK_CONTROL): null

2023-03-09 12:59:31 - [TEST_STEP][PASSED] - robot.keyRelease(VK_SUBTRACT): null

2023-03-09 12:59:31 - [TEST_STEP][PASSED] - robot.keyRelease(VK_CONTROL): null

2023-03-09 12:59:31 - [TEST_STEP][PASSED] - robot.keyRelease(VK_SUBTRACT): null

2023-03-09 12:59:31 - [TEST_STEP][PASSED] - setText(findTestObject("3-OBJECTS UTILIDADES/Login/input_USUARIO_loginusuario"), G_Usuario): Text 'weblogic' is set on object 'Object Repository/3-OBJECTS UTILIDADES/Login/input_USUARIO_loginusuario'

2023-03-09 12:59:32 - [MESSAGE][PASSED] - Text 'weblogic' is set on object 'Object Repository/3-OBJECTS UTILIDADES/Login/input_USUARIO_loginusuario'

2023-03-09 12:59:32 - [TEST_STEP][PASSED] - setEncryptedText(findTestObject("3-OBJECTS UTILIDADES/Login/input_CLAVE_loginpassword"), "SlAwMcyRKqrwbnzhAs8HhT6NnI7sEyng"): Text ****** has been set on object 'Object Repository/3-OBJECTS UTILIDADES/Login/input_CLAVE_loginpassword'

2023-03-09 12:59:36 - [MESSAGE][PASSED] - Text ****** has been set on object 'Object Repository/3-OBJECTS UTILIDADES/Login/input_CLAVE_loginpassword'

2023-03-09 12:59:36 - [TEST_STEP][PASSED] - while (waitForElementClickable(findTestObject("3-OBJECTS UTILIDADES/Login/a_Ingresar"), 1)): Web element with id: 'Object Repository/3-OBJECTS UTILIDADES/Login/a_Ingresar' located by '//a[contains(text(),'Ingresar')]' not found

2023-03-09 12:59:38 - [MESSAGE][INFO] - Unable to find the element located by 'By.xpath: //a[contains(text(),'Ingresar')]'. Please recheck the objects properties to make sure the desired element is located. 

2023-03-09 12:59:38 - [MESSAGE][WARNING] - Web element with id: 'Object Repository/3-OBJECTS UTILIDADES/Login/a_Ingresar' located by '//a[contains(text(),'Ingresar')]' not found

2023-03-09 12:59:38 - [MESSAGE][PASSED] - Call Test Case 'Test Cases/0.1-Login' successfully

2023-03-09 12:59:38 - [TEST_STEP][PASSED] - setText(findTestObject("3-OBJECTS UTILIDADES/Modulo Control Evento Capacitacion/input_ADMINISTRADOR DEL SISTEMA - SARA_form_templatej_idt24_input"), "Control Evento"): Text 'Control Evento' is set on object 'Object Repository/3-OBJECTS UTILIDADES/Modulo Control Evento Capacitacion/input_ADMINISTRADOR DEL SISTEMA - SARA_form_templatej_idt24_input'

2023-03-09 12:59:39 - [MESSAGE][PASSED] - Text 'Control Evento' is set on object 'Object Repository/3-OBJECTS UTILIDADES/Modulo Control Evento Capacitacion/input_ADMINISTRADOR DEL SISTEMA - SARA_form_templatej_idt24_input'

2023-03-09 12:59:39 - [TEST_STEP][PASSED] - click(findTestObject("3-OBJECTS UTILIDADES/Modulo Control Evento Capacitacion/li_Control Evento Capacitacion (cap)")): Object: 'Object Repository/3-OBJECTS UTILIDADES/Modulo Control Evento Capacitacion/li_Control Evento Capacitacion (cap)' is clicked on

2023-03-09 12:59:41 - [MESSAGE][PASSED] - Object: 'Object Repository/3-OBJECTS UTILIDADES/Modulo Control Evento Capacitacion/li_Control Evento Capacitacion (cap)' is clicked on

2023-03-09 12:59:41 - [MESSAGE][PASSED] - Call Test Case 'Test Cases/Utilidades-(atajos_para _tareas)/Modulos/Modulo Control Evento Capacitacion' successfully

2023-03-09 12:59:41 - [TEST_STEP][PASSED] - if (waitForElementClickable(findTestObject("2-OBJECTS TAREAS SECUNDARIAS/Pruebas capacitacion/Crear_un_Grupo-Curso_Tipo_Evento_Grupal/td_Prueba"), 2)): null

2023-03-09 12:59:44 - [MESSAGE][PASSED] - Object 'Object Repository/2-OBJECTS TAREAS SECUNDARIAS/Pruebas capacitacion/Crear_un_Grupo-Curso_Tipo_Evento_Grupal/td_Prueba' is clickable

2023-03-09 12:59:44 - [TEST_STEP][PASSED] - click(findTestObject("2-OBJECTS TAREAS SECUNDARIAS/Pruebas capacitacion/Crear_un_Grupo-Curso_Tipo_Evento_Grupal/td_Prueba")): Object: 'Object Repository/2-OBJECTS TAREAS SECUNDARIAS/Pruebas capacitacion/Crear_un_Grupo-Curso_Tipo_Evento_Grupal/td_Prueba' is clicked on

2023-03-09 12:59:45 - [MESSAGE][PASSED] - Object: 'Object Repository/2-OBJECTS TAREAS SECUNDARIAS/Pruebas capacitacion/Crear_un_Grupo-Curso_Tipo_Evento_Grupal/td_Prueba' is clicked on

2023-03-09 12:59:45 - [TEST_STEP][PASSED] - click(findTestObject("2-OBJECTS TAREAS SECUNDARIAS/Pruebas capacitacion/Crear_un_Grupo-Curso_Tipo_Evento_Grupal/div_Grupos")): Object: 'Object Repository/2-OBJECTS TAREAS SECUNDARIAS/Pruebas capacitacion/Crear_un_Grupo-Curso_Tipo_Evento_Grupal/div_Grupos' is clicked on

2023-03-09 12:59:46 - [MESSAGE][PASSED] - Object: 'Object Repository/2-OBJECTS TAREAS SECUNDARIAS/Pruebas capacitacion/Crear_un_Grupo-Curso_Tipo_Evento_Grupal/div_Grupos' is clicked on

2023-03-09 12:59:46 - [TEST_STEP][PASSED] - click(findTestObject("2-OBJECTS TAREAS SECUNDARIAS/Pruebas capacitacion/Crear_un_Grupo-Curso_Tipo_Evento_Grupal/a_Registro")): Object: 'Object Repository/2-OBJECTS TAREAS SECUNDARIAS/Pruebas capacitacion/Crear_un_Grupo-Curso_Tipo_Evento_Grupal/a_Registro' is clicked on

2023-03-09 12:59:46 - [MESSAGE][PASSED] - Object: 'Object Repository/2-OBJECTS TAREAS SECUNDARIAS/Pruebas capacitacion/Crear_un_Grupo-Curso_Tipo_Evento_Grupal/a_Registro' is clicked on

2023-03-09 12:59:46 - [TEST_STEP][PASSED] - while (waitForElementVisible(findTestObject("2-OBJECTS TAREAS SECUNDARIAS/Pruebas capacitacion/Crear_un_Grupo-Curso_Tipo_Evento_Grupal/td_Prueba1"), 1)): Web element with id: 'Object Repository/2-OBJECTS TAREAS SECUNDARIAS/Pruebas capacitacion/Crear_un_Grupo-Curso_Tipo_Evento_Grupal/td_Prueba1' located by '//*/text()[normalize-space(.)='Pruebas k']/parent::*' not found

2023-03-09 12:59:48 - [MESSAGE][INFO] - Unable to find the element located by 'By.xpath: //*/text()[normalize-space(.)='Pruebas k']/parent::*'. Please recheck the objects properties to make sure the desired element is located. 

2023-03-09 12:59:48 - [MESSAGE][WARNING] - Web element with id: 'Object Repository/2-OBJECTS TAREAS SECUNDARIAS/Pruebas capacitacion/Crear_un_Grupo-Curso_Tipo_Evento_Grupal/td_Prueba1' located by '//*/text()[normalize-space(.)='Pruebas k']/parent::*' not found

2023-03-09 12:59:48 - [TEST_STEP][PASSED] - click(findTestObject("2-OBJECTS TAREAS SECUNDARIAS/Pruebas capacitacion/Crear_un_Grupo-Curso_Tipo_Evento_Grupal/a_Nuevo")): Object: 'Object Repository/2-OBJECTS TAREAS SECUNDARIAS/Pruebas capacitacion/Crear_un_Grupo-Curso_Tipo_Evento_Grupal/a_Nuevo' is clicked on

2023-03-09 12:59:49 - [MESSAGE][PASSED] - Object: 'Object Repository/2-OBJECTS TAREAS SECUNDARIAS/Pruebas capacitacion/Crear_un_Grupo-Curso_Tipo_Evento_Grupal/a_Nuevo' is clicked on

2023-03-09 12:59:49 - [TEST_STEP][PASSED] - setText(findTestObject("2-OBJECTS TAREAS SECUNDARIAS/Pruebas capacitacion/Crear_un_Grupo-Curso_Tipo_Evento_Grupal/input_Cdigo_popupGruposEvento_formcodigo"), "5"): Text '5' is set on object 'Object Repository/2-OBJECTS TAREAS SECUNDARIAS/Pruebas capacitacion/Crear_un_Grupo-Curso_Tipo_Evento_Grupal/input_Cdigo_popupGruposEvento_formcodigo'

2023-03-09 12:59:50 - [MESSAGE][PASSED] - Text '5' is set on object 'Object Repository/2-OBJECTS TAREAS SECUNDARIAS/Pruebas capacitacion/Crear_un_Grupo-Curso_Tipo_Evento_Grupal/input_Cdigo_popupGruposEvento_formcodigo'

2023-03-09 12:59:50 - [TEST_STEP][PASSED] - setText(findTestObject("2-OBJECTS TAREAS SECUNDARIAS/Pruebas capacitacion/Crear_un_Grupo-Curso_Tipo_Evento_Grupal/input_Descripcin_popupGruposEvento_formdescripcion"), "Pruebas k"): Text 'Pruebas k' is set on object 'Object Repository/2-OBJECTS TAREAS SECUNDARIAS/Pruebas capacitacion/Crear_un_Grupo-Curso_Tipo_Evento_Grupal/input_Descripcin_popupGruposEvento_formdescripcion'

2023-03-09 12:59:51 - [MESSAGE][PASSED] - Text 'Pruebas k' is set on object 'Object Repository/2-OBJECTS TAREAS SECUNDARIAS/Pruebas capacitacion/Crear_un_Grupo-Curso_Tipo_Evento_Grupal/input_Descripcin_popupGruposEvento_formdescripcion'

2023-03-09 12:59:51 - [TEST_STEP][PASSED] - setText(findTestObject("2-OBJECTS TAREAS SECUNDARIAS/Pruebas capacitacion/Crear_un_Grupo-Curso_Tipo_Evento_Grupal/input_Horario_popupGruposEvento_formhorario"), "16:00"): Text '16:00' is set on object 'Object Repository/2-OBJECTS TAREAS SECUNDARIAS/Pruebas capacitacion/Crear_un_Grupo-Curso_Tipo_Evento_Grupal/input_Horario_popupGruposEvento_formhorario'

2023-03-09 12:59:51 - [MESSAGE][PASSED] - Text '16:00' is set on object 'Object Repository/2-OBJECTS TAREAS SECUNDARIAS/Pruebas capacitacion/Crear_un_Grupo-Curso_Tipo_Evento_Grupal/input_Horario_popupGruposEvento_formhorario'

2023-03-09 12:59:51 - [TEST_STEP][PASSED] - setText(findTestObject("2-OBJECTS TAREAS SECUNDARIAS/Pruebas capacitacion/Crear_un_Grupo-Curso_Tipo_Evento_Grupal/input_Cupo_popupGruposEvento_formcupo"), "50"): Text '50' is set on object 'Object Repository/2-OBJECTS TAREAS SECUNDARIAS/Pruebas capacitacion/Crear_un_Grupo-Curso_Tipo_Evento_Grupal/input_Cupo_popupGruposEvento_formcupo'

2023-03-09 12:59:52 - [MESSAGE][PASSED] - Text '50' is set on object 'Object Repository/2-OBJECTS TAREAS SECUNDARIAS/Pruebas capacitacion/Crear_un_Grupo-Curso_Tipo_Evento_Grupal/input_Cupo_popupGruposEvento_formcupo'

2023-03-09 12:59:52 - [TEST_STEP][PASSED] - click(findTestObject("2-OBJECTS TAREAS SECUNDARIAS/Pruebas capacitacion/Crear_un_Grupo-Curso_Tipo_Evento_Grupal/a_Guardar")): Object: 'Object Repository/2-OBJECTS TAREAS SECUNDARIAS/Pruebas capacitacion/Crear_un_Grupo-Curso_Tipo_Evento_Grupal/a_Guardar' is clicked on

2023-03-09 12:59:52 - [MESSAGE][PASSED] - Object: 'Object Repository/2-OBJECTS TAREAS SECUNDARIAS/Pruebas capacitacion/Crear_un_Grupo-Curso_Tipo_Evento_Grupal/a_Guardar' is clicked on

2023-03-09 12:59:52 - [TEST_STEP][PASSED] - Result = getText(findTestObject("3-OBJECTS UTILIDADES/Alerta/Alerta")): Text of object 'Object Repository/3-OBJECTS UTILIDADES/Alerta/Alerta' is: 'El grupo ha sido adicionado correctamente'

2023-03-09 12:59:53 - [MESSAGE][PASSED] - Text of object 'Object Repository/3-OBJECTS UTILIDADES/Alerta/Alerta' is: 'El grupo ha sido adicionado correctamente'

2023-03-09 12:59:53 - [TEST_STEP][PASSED] - if (Result == "El grupo ha sido adicionado correctamente"): Browser is closed

2023-03-09 12:59:53 - [TEST_STEP][PASSED] - Resultado = "PRUEBA OK": null

2023-03-09 12:59:53 - [TEST_STEP][PASSED] - closeBrowser(): Browser is closed

2023-03-09 12:59:54 - [MESSAGE][PASSED] - Browser is closed]]></system-out>
         <system-err><![CDATA[]]></system-err>
      </testcase>
      <testcase name="Test Cases/1.2-Tareas_Secundarias/4.1-Pruebas_Capacitación/4.1.5-Insribir_un_asistente" time="32.366" classname="Test Cases/1.2-Tareas_Secundarias/4.1-Pruebas_Capacitación/4.1.5-Insribir_un_asistente" status="PASSED">
         <system-out><![CDATA[2023-03-09 12:59:54 - [TEST_CASE][PASSED] - Test Cases/1.2-Tareas_Secundarias/4.1-Pruebas_Capacitación/4.1.5-Insribir_un_asistente: Test Cases/1.2-Tareas_Secundarias/4.1-Pruebas_Capacitación/4.1.5-Insribir_un_asistente

2023-03-09 12:59:54 - [TEST_STEP][PASSED] - comment("PENDIENTE POR REPARAR FALLA SE PUEDE EJECUTAR PERO FALLA"): PENDIENTE POR REPARAR FALLA SE PUEDE EJECUTAR PERO FALLA

2023-03-09 12:59:54 - [MESSAGE][INFO] - PENDIENTE POR REPARAR FALLA SE PUEDE EJECUTAR PERO FALLA

2023-03-09 12:59:54 - [TEST_STEP][PASSED] - callTestCase(findTestCase("Utilidades-(atajos_para _tareas)/Modulos/Modulo Control Evento Capacitacion"), [:], STOP_ON_FAILURE): Call Test Case 'Test Cases/Utilidades-(atajos_para _tareas)/Modulos/Modulo Control Evento Capacitacion' successfully

2023-03-09 12:59:54 - [TEST_CASE][PASSED] - Test Cases/Utilidades-(atajos_para _tareas)/Modulos/Modulo Control Evento Capacitacion: Test Cases/Utilidades-(atajos_para _tareas)/Modulos/Modulo Control Evento Capacitacion

2023-03-09 12:59:54 - [TEST_STEP][PASSED] - callTestCase(findTestCase("0.1-Login"), [:], STOP_ON_FAILURE): Call Test Case 'Test Cases/0.1-Login' successfully

2023-03-09 12:59:54 - [TEST_CASE][PASSED] - Test Cases/0.1-Login: Test Cases/0.1-Login

2023-03-09 12:59:54 - [TEST_STEP][PASSED] - openBrowser(""): Browser is opened with url: ''

2023-03-09 12:59:54 - [MESSAGE][INFO] - Starting 'Chrome' driver

2023-03-09 12:59:54 - [MESSAGE][INFO] - Action delay is set to 0 milliseconds

2023-03-09 12:59:56 - [MESSAGE][PASSED] - Browser is opened with url: ''

2023-03-09 12:59:56 - [TEST_STEP][PASSED] - maximizeWindow(): Current window maximized

2023-03-09 12:59:56 - [MESSAGE][PASSED] - Current window maximized

2023-03-09 12:59:56 - [TEST_STEP][PASSED] - i = G_Login: null

2023-03-09 12:59:56 - [TEST_STEP][PASSED] - url = new java.net.URL(i): null

2023-03-09 12:59:56 - [TEST_STEP][PASSED] - println("URL: " + url.toString()): null

2023-03-09 12:59:56 - [TEST_STEP][PASSED] - connection = url.openConnection(): null

2023-03-09 12:59:56 - [TEST_STEP][PASSED] - connection.setRequestMethod("GET"): null

2023-03-09 12:59:56 - [TEST_STEP][PASSED] - connection.setReadTimeout(2 * 1000): null

2023-03-09 12:59:56 - [TEST_STEP][PASSED] - try: null

2023-03-09 12:59:56 - [TEST_STEP][PASSED] - connection.connect(): null

2023-03-09 12:59:56 - [TEST_STEP][PASSED] - flag = connected: null

2023-03-09 12:59:56 - [TEST_STEP][PASSED] - println("Valor_ori: " + flag): null

2023-03-09 12:59:56 - [TEST_STEP][PASSED] - if (flag): null

2023-03-09 12:59:56 - [TEST_STEP][PASSED] - navigateToUrl(i): Navigate to 'http://192.168.2.19:7001/saraweb' successfully

2023-03-09 12:59:58 - [MESSAGE][PASSED] - Navigate to 'http://192.168.2.19:7001/saraweb' successfully

2023-03-09 12:59:58 - [TEST_STEP][PASSED] - a(): null

2023-03-09 12:59:58 - [TEST_STEP][PASSED] - if (waitForElementVisible(findTestObject("3-OBJECTS UTILIDADES/Login/input_USUARIO_loginusuario"), 0)): null

2023-03-09 12:59:58 - [MESSAGE][WARNING] - Timeout '0' is invalid. Using default page load timeout: '37'

2023-03-09 12:59:58 - [MESSAGE][PASSED] - Object 'Object Repository/3-OBJECTS UTILIDADES/Login/input_USUARIO_loginusuario' is visible

2023-03-09 12:59:58 - [TEST_STEP][PASSED] - switchToWindowTitle("SARA"): Switched to window with title: 'SARA'

2023-03-09 12:59:58 - [MESSAGE][PASSED] - Switched to window with title: 'SARA'

2023-03-09 12:59:58 - [TEST_STEP][PASSED] - zoom(): null

2023-03-09 12:59:58 - [TEST_STEP][PASSED] - robot = new java.awt.Robot(): null

2023-03-09 12:59:58 - [TEST_STEP][PASSED] - robot.keyPress(VK_CONTROL): null

2023-03-09 12:59:58 - [TEST_STEP][PASSED] - robot.keyPress(VK_SUBTRACT): null

2023-03-09 12:59:58 - [TEST_STEP][PASSED] - robot.keyRelease(VK_CONTROL): null

2023-03-09 12:59:58 - [TEST_STEP][PASSED] - robot.keyRelease(VK_SUBTRACT): null

2023-03-09 12:59:58 - [TEST_STEP][PASSED] - robot.keyPress(VK_CONTROL): null

2023-03-09 12:59:58 - [TEST_STEP][PASSED] - robot.keyPress(VK_SUBTRACT): null

2023-03-09 12:59:58 - [TEST_STEP][PASSED] - robot.keyRelease(VK_CONTROL): null

2023-03-09 12:59:58 - [TEST_STEP][PASSED] - robot.keyRelease(VK_SUBTRACT): null

2023-03-09 12:59:58 - [TEST_STEP][PASSED] - robot.keyPress(VK_CONTROL): null

2023-03-09 12:59:58 - [TEST_STEP][PASSED] - robot.keyPress(VK_SUBTRACT): null

2023-03-09 12:59:58 - [TEST_STEP][PASSED] - robot.keyRelease(VK_CONTROL): null

2023-03-09 12:59:58 - [TEST_STEP][PASSED] - robot.keyRelease(VK_SUBTRACT): null

2023-03-09 12:59:58 - [TEST_STEP][PASSED] - robot.keyRelease(VK_CONTROL): null

2023-03-09 12:59:58 - [TEST_STEP][PASSED] - robot.keyRelease(VK_SUBTRACT): null

2023-03-09 12:59:58 - [TEST_STEP][PASSED] - setText(findTestObject("3-OBJECTS UTILIDADES/Login/input_USUARIO_loginusuario"), G_Usuario): Text 'weblogic' is set on object 'Object Repository/3-OBJECTS UTILIDADES/Login/input_USUARIO_loginusuario'

2023-03-09 12:59:59 - [MESSAGE][PASSED] - Text 'weblogic' is set on object 'Object Repository/3-OBJECTS UTILIDADES/Login/input_USUARIO_loginusuario'

2023-03-09 12:59:59 - [TEST_STEP][PASSED] - setEncryptedText(findTestObject("3-OBJECTS UTILIDADES/Login/input_CLAVE_loginpassword"), "SlAwMcyRKqrwbnzhAs8HhT6NnI7sEyng"): Text ****** has been set on object 'Object Repository/3-OBJECTS UTILIDADES/Login/input_CLAVE_loginpassword'

2023-03-09 13:00:03 - [MESSAGE][PASSED] - Text ****** has been set on object 'Object Repository/3-OBJECTS UTILIDADES/Login/input_CLAVE_loginpassword'

2023-03-09 13:00:03 - [TEST_STEP][PASSED] - while (waitForElementClickable(findTestObject("3-OBJECTS UTILIDADES/Login/a_Ingresar"), 1)): Web element with id: 'Object Repository/3-OBJECTS UTILIDADES/Login/a_Ingresar' located by '//a[contains(text(),'Ingresar')]' not found

2023-03-09 13:00:05 - [MESSAGE][INFO] - Unable to find the element located by 'By.xpath: //a[contains(text(),'Ingresar')]'. Please recheck the objects properties to make sure the desired element is located. 

2023-03-09 13:00:05 - [MESSAGE][WARNING] - Web element with id: 'Object Repository/3-OBJECTS UTILIDADES/Login/a_Ingresar' located by '//a[contains(text(),'Ingresar')]' not found

2023-03-09 13:00:05 - [MESSAGE][PASSED] - Call Test Case 'Test Cases/0.1-Login' successfully

2023-03-09 13:00:05 - [TEST_STEP][PASSED] - setText(findTestObject("3-OBJECTS UTILIDADES/Modulo Control Evento Capacitacion/input_ADMINISTRADOR DEL SISTEMA - SARA_form_templatej_idt24_input"), "Control Evento"): Text 'Control Evento' is set on object 'Object Repository/3-OBJECTS UTILIDADES/Modulo Control Evento Capacitacion/input_ADMINISTRADOR DEL SISTEMA - SARA_form_templatej_idt24_input'

2023-03-09 13:00:06 - [MESSAGE][PASSED] - Text 'Control Evento' is set on object 'Object Repository/3-OBJECTS UTILIDADES/Modulo Control Evento Capacitacion/input_ADMINISTRADOR DEL SISTEMA - SARA_form_templatej_idt24_input'

2023-03-09 13:00:06 - [TEST_STEP][PASSED] - click(findTestObject("3-OBJECTS UTILIDADES/Modulo Control Evento Capacitacion/li_Control Evento Capacitacion (cap)")): Object: 'Object Repository/3-OBJECTS UTILIDADES/Modulo Control Evento Capacitacion/li_Control Evento Capacitacion (cap)' is clicked on

2023-03-09 13:00:07 - [MESSAGE][PASSED] - Object: 'Object Repository/3-OBJECTS UTILIDADES/Modulo Control Evento Capacitacion/li_Control Evento Capacitacion (cap)' is clicked on

2023-03-09 13:00:07 - [MESSAGE][PASSED] - Call Test Case 'Test Cases/Utilidades-(atajos_para _tareas)/Modulos/Modulo Control Evento Capacitacion' successfully

2023-03-09 13:00:07 - [TEST_STEP][PASSED] - click(findTestObject("2-OBJECTS TAREAS SECUNDARIAS/Pruebas capacitacion/Inscribir_un_asistente/td_Prueba")): Object: 'Object Repository/2-OBJECTS TAREAS SECUNDARIAS/Pruebas capacitacion/Inscribir_un_asistente/td_Prueba' is clicked on

2023-03-09 13:00:11 - [MESSAGE][PASSED] - Object: 'Object Repository/2-OBJECTS TAREAS SECUNDARIAS/Pruebas capacitacion/Inscribir_un_asistente/td_Prueba' is clicked on

2023-03-09 13:00:11 - [TEST_STEP][PASSED] - click(findTestObject("2-OBJECTS TAREAS SECUNDARIAS/Pruebas capacitacion/Inscribir_un_asistente/div_Asistentes")): Object: 'Object Repository/2-OBJECTS TAREAS SECUNDARIAS/Pruebas capacitacion/Inscribir_un_asistente/div_Asistentes' is clicked on

2023-03-09 13:00:12 - [MESSAGE][PASSED] - Object: 'Object Repository/2-OBJECTS TAREAS SECUNDARIAS/Pruebas capacitacion/Inscribir_un_asistente/div_Asistentes' is clicked on

2023-03-09 13:00:12 - [TEST_STEP][PASSED] - click(findTestObject("2-OBJECTS TAREAS SECUNDARIAS/Pruebas capacitacion/Inscribir_un_asistente/a_Registro")): Object: 'Object Repository/2-OBJECTS TAREAS SECUNDARIAS/Pruebas capacitacion/Inscribir_un_asistente/a_Registro' is clicked on

2023-03-09 13:00:12 - [MESSAGE][PASSED] - Object: 'Object Repository/2-OBJECTS TAREAS SECUNDARIAS/Pruebas capacitacion/Inscribir_un_asistente/a_Registro' is clicked on

2023-03-09 13:00:12 - [TEST_STEP][PASSED] - if (waitForElementPresent(findTestObject("2-OBJECTS TAREAS SECUNDARIAS/Pruebas capacitacion/Inscribir_un_asistente/td_prueba ka Pruebas"), 1)): Object 'Object Repository/2-OBJECTS TAREAS SECUNDARIAS/Pruebas capacitacion/Inscribir_un_asistente/td_prueba ka Pruebas' is not present after 1 second(s)

2023-03-09 13:00:14 - [MESSAGE][INFO] - Unable to find the element located by 'By.xpath: //*/text()[normalize-space(.)='prueba ka Pruebas']/parent::*'. Please recheck the objects properties to make sure the desired element is located. 

2023-03-09 13:00:14 - [MESSAGE][WARNING] - Object 'Object Repository/2-OBJECTS TAREAS SECUNDARIAS/Pruebas capacitacion/Inscribir_un_asistente/td_prueba ka Pruebas' is not present after 1 second(s)

2023-03-09 13:00:14 - [TEST_STEP][PASSED] - click(findTestObject("2-OBJECTS TAREAS SECUNDARIAS/Pruebas capacitacion/Inscribir_un_asistente/a_Nuevo")): Object: 'Object Repository/2-OBJECTS TAREAS SECUNDARIAS/Pruebas capacitacion/Inscribir_un_asistente/a_Nuevo' is clicked on

2023-03-09 13:00:15 - [MESSAGE][PASSED] - Object: 'Object Repository/2-OBJECTS TAREAS SECUNDARIAS/Pruebas capacitacion/Inscribir_un_asistente/a_Nuevo' is clicked on

2023-03-09 13:00:15 - [TEST_STEP][PASSED] - selectOptionByIndex(findTestObject("2-OBJECTS TAREAS SECUNDARIAS/Pruebas capacitacion/Inscribir_un_asistente/select_SeleccioneExternoInterno"), 1): All options with index in [1] are selected on object 'Object Repository/2-OBJECTS TAREAS SECUNDARIAS/Pruebas capacitacion/Inscribir_un_asistente/select_SeleccioneExternoInterno'

2023-03-09 13:00:16 - [MESSAGE][PASSED] - All options with index in [1] are selected on object 'Object Repository/2-OBJECTS TAREAS SECUNDARIAS/Pruebas capacitacion/Inscribir_un_asistente/select_SeleccioneExternoInterno'

2023-03-09 13:00:16 - [TEST_STEP][PASSED] - setText(findTestObject("2-OBJECTS TAREAS SECUNDARIAS/Pruebas capacitacion/Inscribir_un_asistente/input_Documento_formAsistenteEventopanelTabAsistenteEvendocumentoAsistenteAlfaNumerico"), "123456789"): Text '123456789' is set on object 'Object Repository/2-OBJECTS TAREAS SECUNDARIAS/Pruebas capacitacion/Inscribir_un_asistente/input_Documento_formAsistenteEventopanelTabAsistenteEvendocumentoAsistenteAlfaNumerico'

2023-03-09 13:00:17 - [MESSAGE][PASSED] - Text '123456789' is set on object 'Object Repository/2-OBJECTS TAREAS SECUNDARIAS/Pruebas capacitacion/Inscribir_un_asistente/input_Documento_formAsistenteEventopanelTabAsistenteEvendocumentoAsistenteAlfaNumerico'

2023-03-09 13:00:17 - [TEST_STEP][PASSED] - click(findTestObject("2-OBJECTS TAREAS SECUNDARIAS/Pruebas capacitacion/Inscribir_un_asistente/input_Nombres_formAsistenteEventopanelTabAsistenteEvennombresAsistente"), STOP_ON_FAILURE): Object: 'Object Repository/2-OBJECTS TAREAS SECUNDARIAS/Pruebas capacitacion/Inscribir_un_asistente/input_Nombres_formAsistenteEventopanelTabAsistenteEvennombresAsistente' is clicked on

2023-03-09 13:00:18 - [MESSAGE][PASSED] - Object: 'Object Repository/2-OBJECTS TAREAS SECUNDARIAS/Pruebas capacitacion/Inscribir_un_asistente/input_Nombres_formAsistenteEventopanelTabAsistenteEvennombresAsistente' is clicked on

2023-03-09 13:00:18 - [TEST_STEP][PASSED] - setText(findTestObject("2-OBJECTS TAREAS SECUNDARIAS/Pruebas capacitacion/Inscribir_un_asistente/input_Nombres_formAsistenteEventopanelTabAsistenteEvennombresAsistente"), "Pruebas"): Text 'Pruebas' is set on object 'Object Repository/2-OBJECTS TAREAS SECUNDARIAS/Pruebas capacitacion/Inscribir_un_asistente/input_Nombres_formAsistenteEventopanelTabAsistenteEvennombresAsistente'

2023-03-09 13:00:18 - [MESSAGE][PASSED] - Text 'Pruebas' is set on object 'Object Repository/2-OBJECTS TAREAS SECUNDARIAS/Pruebas capacitacion/Inscribir_un_asistente/input_Nombres_formAsistenteEventopanelTabAsistenteEvennombresAsistente'

2023-03-09 13:00:18 - [TEST_STEP][PASSED] - setText(findTestObject("2-OBJECTS TAREAS SECUNDARIAS/Pruebas capacitacion/Inscribir_un_asistente/input_Primer Apellido_formAsistenteEventopanelTabAsistenteEvenprimerApellidoAsistente"), "prueba"): Text 'prueba' is set on object 'Object Repository/2-OBJECTS TAREAS SECUNDARIAS/Pruebas capacitacion/Inscribir_un_asistente/input_Primer Apellido_formAsistenteEventopanelTabAsistenteEvenprimerApellidoAsistente'

2023-03-09 13:00:19 - [MESSAGE][PASSED] - Text 'prueba' is set on object 'Object Repository/2-OBJECTS TAREAS SECUNDARIAS/Pruebas capacitacion/Inscribir_un_asistente/input_Primer Apellido_formAsistenteEventopanelTabAsistenteEvenprimerApellidoAsistente'

2023-03-09 13:00:19 - [TEST_STEP][PASSED] - click(findTestObject("2-OBJECTS TAREAS SECUNDARIAS/Pruebas capacitacion/Inscribir_un_asistente/input_Segundo Apellido_formAsistenteEventopanelTabAsistenteEvensegundoApellidoAsistente"), STOP_ON_FAILURE): Object: 'Object Repository/2-OBJECTS TAREAS SECUNDARIAS/Pruebas capacitacion/Inscribir_un_asistente/input_Segundo Apellido_formAsistenteEventopanelTabAsistenteEvensegundoApellidoAsistente' is clicked on

2023-03-09 13:00:20 - [MESSAGE][PASSED] - Object: 'Object Repository/2-OBJECTS TAREAS SECUNDARIAS/Pruebas capacitacion/Inscribir_un_asistente/input_Segundo Apellido_formAsistenteEventopanelTabAsistenteEvensegundoApellidoAsistente' is clicked on

2023-03-09 13:00:20 - [TEST_STEP][PASSED] - setText(findTestObject("2-OBJECTS TAREAS SECUNDARIAS/Pruebas capacitacion/Inscribir_un_asistente/input_Segundo Apellido_formAsistenteEventopanelTabAsistenteEvensegundoApellidoAsistente"), "ka"): Text 'ka' is set on object 'Object Repository/2-OBJECTS TAREAS SECUNDARIAS/Pruebas capacitacion/Inscribir_un_asistente/input_Segundo Apellido_formAsistenteEventopanelTabAsistenteEvensegundoApellidoAsistente'

2023-03-09 13:00:20 - [MESSAGE][PASSED] - Text 'ka' is set on object 'Object Repository/2-OBJECTS TAREAS SECUNDARIAS/Pruebas capacitacion/Inscribir_un_asistente/input_Segundo Apellido_formAsistenteEventopanelTabAsistenteEvensegundoApellidoAsistente'

2023-03-09 13:00:20 - [TEST_STEP][PASSED] - setText(findTestObject("2-OBJECTS TAREAS SECUNDARIAS/Pruebas capacitacion/Inscribir_un_asistente/input_Email_formAsistenteEventopanelTabAsistenteEvenemail"), "autotestus1994@gmail.com"): Text 'autotestus1994@gmail.com' is set on object 'Object Repository/2-OBJECTS TAREAS SECUNDARIAS/Pruebas capacitacion/Inscribir_un_asistente/input_Email_formAsistenteEventopanelTabAsistenteEvenemail'

2023-03-09 13:00:21 - [MESSAGE][PASSED] - Text 'autotestus1994@gmail.com' is set on object 'Object Repository/2-OBJECTS TAREAS SECUNDARIAS/Pruebas capacitacion/Inscribir_un_asistente/input_Email_formAsistenteEventopanelTabAsistenteEvenemail'

2023-03-09 13:00:21 - [TEST_STEP][PASSED] - setText(findTestObject("2-OBJECTS TAREAS SECUNDARIAS/Pruebas capacitacion/Inscribir_un_asistente/input_Tipo de Vinculacin_formAsistenteEventopanelTabAsistenteEventipovinculacion"), "null"): Text 'null' is set on object 'Object Repository/2-OBJECTS TAREAS SECUNDARIAS/Pruebas capacitacion/Inscribir_un_asistente/input_Tipo de Vinculacin_formAsistenteEventopanelTabAsistenteEventipovinculacion'

2023-03-09 13:00:22 - [MESSAGE][PASSED] - Text 'null' is set on object 'Object Repository/2-OBJECTS TAREAS SECUNDARIAS/Pruebas capacitacion/Inscribir_un_asistente/input_Tipo de Vinculacin_formAsistenteEventopanelTabAsistenteEventipovinculacion'

2023-03-09 13:00:22 - [TEST_STEP][PASSED] - selectOptionByIndex(findTestObject("2-OBJECTS TAREAS SECUNDARIAS/Pruebas capacitacion/Inscribir_un_asistente/select_SeleccioneACEPTADOFINALIZADOINSCRITONO ACEPTADONO APROBADONO ASISTIO"), "3"): All options with index in [3] are selected on object 'Object Repository/2-OBJECTS TAREAS SECUNDARIAS/Pruebas capacitacion/Inscribir_un_asistente/select_SeleccioneACEPTADOFINALIZADOINSCRITONO ACEPTADONO APROBADONO ASISTIO'

2023-03-09 13:00:23 - [MESSAGE][PASSED] - All options with index in [3] are selected on object 'Object Repository/2-OBJECTS TAREAS SECUNDARIAS/Pruebas capacitacion/Inscribir_un_asistente/select_SeleccioneACEPTADOFINALIZADOINSCRITONO ACEPTADONO APROBADONO ASISTIO'

2023-03-09 13:00:23 - [TEST_STEP][PASSED] - selectOptionByIndex(findTestObject("2-OBJECTS TAREAS SECUNDARIAS/Pruebas capacitacion/Inscribir_un_asistente/select_SeleccionePrueba"), "1"): All options with index in [1] are selected on object 'Object Repository/2-OBJECTS TAREAS SECUNDARIAS/Pruebas capacitacion/Inscribir_un_asistente/select_SeleccionePrueba'

2023-03-09 13:00:24 - [MESSAGE][PASSED] - All options with index in [1] are selected on object 'Object Repository/2-OBJECTS TAREAS SECUNDARIAS/Pruebas capacitacion/Inscribir_un_asistente/select_SeleccionePrueba'

2023-03-09 13:00:24 - [TEST_STEP][PASSED] - selectOptionByIndex(findTestObject("2-OBJECTS TAREAS SECUNDARIAS/Pruebas capacitacion/Inscribir_un_asistente/select_SeleccionePrueba1pruebaPRUEBA PLAN CAPACITACIONPRUEBA SILVIA"), "1"): All options with index in [1] are selected on object 'Object Repository/2-OBJECTS TAREAS SECUNDARIAS/Pruebas capacitacion/Inscribir_un_asistente/select_SeleccionePrueba1pruebaPRUEBA PLAN CAPACITACIONPRUEBA SILVIA'

2023-03-09 13:00:25 - [MESSAGE][PASSED] - All options with index in [1] are selected on object 'Object Repository/2-OBJECTS TAREAS SECUNDARIAS/Pruebas capacitacion/Inscribir_un_asistente/select_SeleccionePrueba1pruebaPRUEBA PLAN CAPACITACIONPRUEBA SILVIA'

2023-03-09 13:00:25 - [TEST_STEP][PASSED] - setText(findTestObject("2-OBJECTS TAREAS SECUNDARIAS/Pruebas capacitacion/Inscribir_un_asistente/textarea_Observacin_formAsistenteEventopanelTabAsistenteEvenobservacion"), "Pruebas"): Text 'Pruebas' is set on object 'Object Repository/2-OBJECTS TAREAS SECUNDARIAS/Pruebas capacitacion/Inscribir_un_asistente/textarea_Observacin_formAsistenteEventopanelTabAsistenteEvenobservacion'

2023-03-09 13:00:26 - [MESSAGE][PASSED] - Text 'Pruebas' is set on object 'Object Repository/2-OBJECTS TAREAS SECUNDARIAS/Pruebas capacitacion/Inscribir_un_asistente/textarea_Observacin_formAsistenteEventopanelTabAsistenteEvenobservacion'

2023-03-09 13:00:26 - [TEST_STEP][PASSED] - click(findTestObject("2-OBJECTS TAREAS SECUNDARIAS/Pruebas capacitacion/Inscribir_un_asistente/a_Guardar")): Object: 'Object Repository/2-OBJECTS TAREAS SECUNDARIAS/Pruebas capacitacion/Inscribir_un_asistente/a_Guardar' is clicked on

2023-03-09 13:00:26 - [MESSAGE][PASSED] - Object: 'Object Repository/2-OBJECTS TAREAS SECUNDARIAS/Pruebas capacitacion/Inscribir_un_asistente/a_Guardar' is clicked on]]></system-out>
         <system-err><![CDATA[]]></system-err>
      </testcase>
      <testcase name="Test Cases/1.2-Tareas_Secundarias/4.1-Pruebas_Capacitación/4.1.6-Enviar_una_invitación" time="37.942" classname="Test Cases/1.2-Tareas_Secundarias/4.1-Pruebas_Capacitación/4.1.6-Enviar_una_invitación" status="PASSED">
         <system-out><![CDATA[2023-03-09 13:00:26 - [TEST_CASE][PASSED] - Test Cases/1.2-Tareas_Secundarias/4.1-Pruebas_Capacitación/4.1.6-Enviar_una_invitación: Test Cases/1.2-Tareas_Secundarias/4.1-Pruebas_Capacitación/4.1.6-Enviar_una_invitación

2023-03-09 13:00:27 - [TEST_STEP][PASSED] - callTestCase(findTestCase("Utilidades-(atajos_para _tareas)/Modulos/Modulo Control Evento Capacitacion"), [:], STOP_ON_FAILURE): Call Test Case 'Test Cases/Utilidades-(atajos_para _tareas)/Modulos/Modulo Control Evento Capacitacion' successfully

2023-03-09 13:00:27 - [TEST_CASE][PASSED] - Test Cases/Utilidades-(atajos_para _tareas)/Modulos/Modulo Control Evento Capacitacion: Test Cases/Utilidades-(atajos_para _tareas)/Modulos/Modulo Control Evento Capacitacion

2023-03-09 13:00:27 - [TEST_STEP][PASSED] - callTestCase(findTestCase("0.1-Login"), [:], STOP_ON_FAILURE): Call Test Case 'Test Cases/0.1-Login' successfully

2023-03-09 13:00:27 - [TEST_CASE][PASSED] - Test Cases/0.1-Login: Test Cases/0.1-Login

2023-03-09 13:00:27 - [TEST_STEP][PASSED] - openBrowser(""): Browser is opened with url: ''

2023-03-09 13:00:27 - [MESSAGE][WARNING] - A browser is already opened. Closing browser and opening a new one

2023-03-09 13:00:28 - [MESSAGE][INFO] - Starting 'Chrome' driver

2023-03-09 13:00:28 - [MESSAGE][INFO] - Action delay is set to 0 milliseconds

2023-03-09 13:00:29 - [MESSAGE][PASSED] - Browser is opened with url: ''

2023-03-09 13:00:29 - [TEST_STEP][PASSED] - maximizeWindow(): Current window maximized

2023-03-09 13:00:29 - [MESSAGE][PASSED] - Current window maximized

2023-03-09 13:00:29 - [TEST_STEP][PASSED] - i = G_Login: null

2023-03-09 13:00:29 - [TEST_STEP][PASSED] - url = new java.net.URL(i): null

2023-03-09 13:00:29 - [TEST_STEP][PASSED] - println("URL: " + url.toString()): null

2023-03-09 13:00:29 - [TEST_STEP][PASSED] - connection = url.openConnection(): null

2023-03-09 13:00:29 - [TEST_STEP][PASSED] - connection.setRequestMethod("GET"): null

2023-03-09 13:00:29 - [TEST_STEP][PASSED] - connection.setReadTimeout(2 * 1000): null

2023-03-09 13:00:29 - [TEST_STEP][PASSED] - try: null

2023-03-09 13:00:29 - [TEST_STEP][PASSED] - connection.connect(): null

2023-03-09 13:00:29 - [TEST_STEP][PASSED] - flag = connected: null

2023-03-09 13:00:29 - [TEST_STEP][PASSED] - println("Valor_ori: " + flag): null

2023-03-09 13:00:29 - [TEST_STEP][PASSED] - if (flag): null

2023-03-09 13:00:29 - [TEST_STEP][PASSED] - navigateToUrl(i): Navigate to 'http://192.168.2.19:7001/saraweb' successfully

2023-03-09 13:00:31 - [MESSAGE][PASSED] - Navigate to 'http://192.168.2.19:7001/saraweb' successfully

2023-03-09 13:00:31 - [TEST_STEP][PASSED] - a(): null

2023-03-09 13:00:31 - [TEST_STEP][PASSED] - if (waitForElementVisible(findTestObject("3-OBJECTS UTILIDADES/Login/input_USUARIO_loginusuario"), 0)): null

2023-03-09 13:00:31 - [MESSAGE][WARNING] - Timeout '0' is invalid. Using default page load timeout: '37'

2023-03-09 13:00:31 - [MESSAGE][PASSED] - Object 'Object Repository/3-OBJECTS UTILIDADES/Login/input_USUARIO_loginusuario' is visible

2023-03-09 13:00:31 - [TEST_STEP][PASSED] - switchToWindowTitle("SARA"): Switched to window with title: 'SARA'

2023-03-09 13:00:31 - [MESSAGE][PASSED] - Switched to window with title: 'SARA'

2023-03-09 13:00:31 - [TEST_STEP][PASSED] - zoom(): null

2023-03-09 13:00:31 - [TEST_STEP][PASSED] - robot = new java.awt.Robot(): null

2023-03-09 13:00:31 - [TEST_STEP][PASSED] - robot.keyPress(VK_CONTROL): null

2023-03-09 13:00:31 - [TEST_STEP][PASSED] - robot.keyPress(VK_SUBTRACT): null

2023-03-09 13:00:31 - [TEST_STEP][PASSED] - robot.keyRelease(VK_CONTROL): null

2023-03-09 13:00:31 - [TEST_STEP][PASSED] - robot.keyRelease(VK_SUBTRACT): null

2023-03-09 13:00:31 - [TEST_STEP][PASSED] - robot.keyPress(VK_CONTROL): null

2023-03-09 13:00:31 - [TEST_STEP][PASSED] - robot.keyPress(VK_SUBTRACT): null

2023-03-09 13:00:31 - [TEST_STEP][PASSED] - robot.keyRelease(VK_CONTROL): null

2023-03-09 13:00:31 - [TEST_STEP][PASSED] - robot.keyRelease(VK_SUBTRACT): null

2023-03-09 13:00:31 - [TEST_STEP][PASSED] - robot.keyPress(VK_CONTROL): null

2023-03-09 13:00:31 - [TEST_STEP][PASSED] - robot.keyPress(VK_SUBTRACT): null

2023-03-09 13:00:31 - [TEST_STEP][PASSED] - robot.keyRelease(VK_CONTROL): null

2023-03-09 13:00:31 - [TEST_STEP][PASSED] - robot.keyRelease(VK_SUBTRACT): null

2023-03-09 13:00:31 - [TEST_STEP][PASSED] - robot.keyRelease(VK_CONTROL): null

2023-03-09 13:00:31 - [TEST_STEP][PASSED] - robot.keyRelease(VK_SUBTRACT): null

2023-03-09 13:00:31 - [TEST_STEP][PASSED] - setText(findTestObject("3-OBJECTS UTILIDADES/Login/input_USUARIO_loginusuario"), G_Usuario): Text 'weblogic' is set on object 'Object Repository/3-OBJECTS UTILIDADES/Login/input_USUARIO_loginusuario'

2023-03-09 13:00:32 - [MESSAGE][PASSED] - Text 'weblogic' is set on object 'Object Repository/3-OBJECTS UTILIDADES/Login/input_USUARIO_loginusuario'

2023-03-09 13:00:32 - [TEST_STEP][PASSED] - setEncryptedText(findTestObject("3-OBJECTS UTILIDADES/Login/input_CLAVE_loginpassword"), "SlAwMcyRKqrwbnzhAs8HhT6NnI7sEyng"): Text ****** has been set on object 'Object Repository/3-OBJECTS UTILIDADES/Login/input_CLAVE_loginpassword'

2023-03-09 13:00:36 - [MESSAGE][PASSED] - Text ****** has been set on object 'Object Repository/3-OBJECTS UTILIDADES/Login/input_CLAVE_loginpassword'

2023-03-09 13:00:36 - [TEST_STEP][PASSED] - while (waitForElementClickable(findTestObject("3-OBJECTS UTILIDADES/Login/a_Ingresar"), 1)): Web element with id: 'Object Repository/3-OBJECTS UTILIDADES/Login/a_Ingresar' located by '//a[contains(text(),'Ingresar')]' not found

2023-03-09 13:00:38 - [MESSAGE][INFO] - Unable to find the element located by 'By.xpath: //a[contains(text(),'Ingresar')]'. Please recheck the objects properties to make sure the desired element is located. 

2023-03-09 13:00:38 - [MESSAGE][WARNING] - Web element with id: 'Object Repository/3-OBJECTS UTILIDADES/Login/a_Ingresar' located by '//a[contains(text(),'Ingresar')]' not found

2023-03-09 13:00:38 - [MESSAGE][PASSED] - Call Test Case 'Test Cases/0.1-Login' successfully

2023-03-09 13:00:38 - [TEST_STEP][PASSED] - setText(findTestObject("3-OBJECTS UTILIDADES/Modulo Control Evento Capacitacion/input_ADMINISTRADOR DEL SISTEMA - SARA_form_templatej_idt24_input"), "Control Evento"): Text 'Control Evento' is set on object 'Object Repository/3-OBJECTS UTILIDADES/Modulo Control Evento Capacitacion/input_ADMINISTRADOR DEL SISTEMA - SARA_form_templatej_idt24_input'

2023-03-09 13:00:39 - [MESSAGE][PASSED] - Text 'Control Evento' is set on object 'Object Repository/3-OBJECTS UTILIDADES/Modulo Control Evento Capacitacion/input_ADMINISTRADOR DEL SISTEMA - SARA_form_templatej_idt24_input'

2023-03-09 13:00:39 - [TEST_STEP][PASSED] - click(findTestObject("3-OBJECTS UTILIDADES/Modulo Control Evento Capacitacion/li_Control Evento Capacitacion (cap)")): Object: 'Object Repository/3-OBJECTS UTILIDADES/Modulo Control Evento Capacitacion/li_Control Evento Capacitacion (cap)' is clicked on

2023-03-09 13:00:40 - [MESSAGE][PASSED] - Object: 'Object Repository/3-OBJECTS UTILIDADES/Modulo Control Evento Capacitacion/li_Control Evento Capacitacion (cap)' is clicked on

2023-03-09 13:00:40 - [MESSAGE][PASSED] - Call Test Case 'Test Cases/Utilidades-(atajos_para _tareas)/Modulos/Modulo Control Evento Capacitacion' successfully

2023-03-09 13:00:40 - [TEST_STEP][PASSED] - click(findTestObject("2-OBJECTS TAREAS SECUNDARIAS/Pruebas capacitacion/Enviar_una_invitación/td_Prueba")): Object: 'Object Repository/2-OBJECTS TAREAS SECUNDARIAS/Pruebas capacitacion/Enviar_una_invitación/td_Prueba' is clicked on

2023-03-09 13:00:44 - [MESSAGE][PASSED] - Object: 'Object Repository/2-OBJECTS TAREAS SECUNDARIAS/Pruebas capacitacion/Enviar_una_invitación/td_Prueba' is clicked on

2023-03-09 13:00:44 - [TEST_STEP][PASSED] - click(findTestObject("2-OBJECTS TAREAS SECUNDARIAS/Pruebas capacitacion/Enviar_una_invitación/div_Asistentes")): Object: 'Object Repository/2-OBJECTS TAREAS SECUNDARIAS/Pruebas capacitacion/Enviar_una_invitación/div_Asistentes' is clicked on

2023-03-09 13:00:45 - [MESSAGE][PASSED] - Object: 'Object Repository/2-OBJECTS TAREAS SECUNDARIAS/Pruebas capacitacion/Enviar_una_invitación/div_Asistentes' is clicked on

2023-03-09 13:00:45 - [TEST_STEP][PASSED] - click(findTestObject("2-OBJECTS TAREAS SECUNDARIAS/Pruebas capacitacion/Enviar_una_invitación/a_Invitacin")): Object: 'Object Repository/2-OBJECTS TAREAS SECUNDARIAS/Pruebas capacitacion/Enviar_una_invitación/a_Invitacin' is clicked on

2023-03-09 13:00:46 - [MESSAGE][PASSED] - Object: 'Object Repository/2-OBJECTS TAREAS SECUNDARIAS/Pruebas capacitacion/Enviar_una_invitación/a_Invitacin' is clicked on

2023-03-09 13:00:46 - [TEST_STEP][PASSED] - click(findTestObject("2-OBJECTS TAREAS SECUNDARIAS/Pruebas capacitacion/Enviar_una_invitación/span_PLANTA")): Object: 'Object Repository/2-OBJECTS TAREAS SECUNDARIAS/Pruebas capacitacion/Enviar_una_invitación/span_PLANTA' is clicked on

2023-03-09 13:00:47 - [MESSAGE][PASSED] - Object: 'Object Repository/2-OBJECTS TAREAS SECUNDARIAS/Pruebas capacitacion/Enviar_una_invitación/span_PLANTA' is clicked on

2023-03-09 13:00:47 - [TEST_STEP][PASSED] - selectOptionByIndex(findTestObject("2-OBJECTS TAREAS SECUNDARIAS/Pruebas capacitacion/Enviar_una_invitación/select_SeleccioneCALIDADMENSUAL ABCMODELO EMPRESA QUINCENALPANSIONADOSPENSIONADOS BASEPRUEBAS"), 1): All options with index in [1] are selected on object 'Object Repository/2-OBJECTS TAREAS SECUNDARIAS/Pruebas capacitacion/Enviar_una_invitación/select_SeleccioneCALIDADMENSUAL ABCMODELO EMPRESA QUINCENALPANSIONADOSPENSIONADOS BASEPRUEBAS'

2023-03-09 13:00:48 - [MESSAGE][PASSED] - All options with index in [1] are selected on object 'Object Repository/2-OBJECTS TAREAS SECUNDARIAS/Pruebas capacitacion/Enviar_una_invitación/select_SeleccioneCALIDADMENSUAL ABCMODELO EMPRESA QUINCENALPANSIONADOSPENSIONADOS BASEPRUEBAS'

2023-03-09 13:00:48 - [TEST_STEP][PASSED] - click(findTestObject("2-OBJECTS TAREAS SECUNDARIAS/Pruebas capacitacion/Enviar_una_invitación/a_Unidad_invitacioneventoPopup_formlinkPopupUnidad")): Object: 'Object Repository/2-OBJECTS TAREAS SECUNDARIAS/Pruebas capacitacion/Enviar_una_invitación/a_Unidad_invitacioneventoPopup_formlinkPopupUnidad' is clicked on

2023-03-09 13:00:50 - [MESSAGE][PASSED] - Object: 'Object Repository/2-OBJECTS TAREAS SECUNDARIAS/Pruebas capacitacion/Enviar_una_invitación/a_Unidad_invitacioneventoPopup_formlinkPopupUnidad' is clicked on

2023-03-09 13:00:50 - [TEST_STEP][PASSED] - setText(findTestObject("2-OBJECTS TAREAS SECUNDARIAS/Pruebas capacitacion/Enviar_una_invitación/input_Unidad Organizacional_invitacioneventoPopup_formdescripciones"), "a"): Text 'a' is set on object 'Object Repository/2-OBJECTS TAREAS SECUNDARIAS/Pruebas capacitacion/Enviar_una_invitación/input_Unidad Organizacional_invitacioneventoPopup_formdescripciones'

2023-03-09 13:00:51 - [MESSAGE][PASSED] - Text 'a' is set on object 'Object Repository/2-OBJECTS TAREAS SECUNDARIAS/Pruebas capacitacion/Enviar_una_invitación/input_Unidad Organizacional_invitacioneventoPopup_formdescripciones'

2023-03-09 13:00:51 - [TEST_STEP][PASSED] - sendKeys(findTestObject("2-OBJECTS TAREAS SECUNDARIAS/Pruebas capacitacion/Enviar_una_invitación/input_Unidad Organizacional_invitacioneventoPopup_formdescripciones"), Keys.chord(ENTER)): Keys 'ENTER + ' sent to object: 'Object Repository/2-OBJECTS TAREAS SECUNDARIAS/Pruebas capacitacion/Enviar_una_invitación/input_Unidad Organizacional_invitacioneventoPopup_formdescripciones'

2023-03-09 13:00:51 - [MESSAGE][PASSED] - Keys 'ENTER + ' sent to object: 'Object Repository/2-OBJECTS TAREAS SECUNDARIAS/Pruebas capacitacion/Enviar_una_invitación/input_Unidad Organizacional_invitacioneventoPopup_formdescripciones'

2023-03-09 13:00:51 - [TEST_STEP][PASSED] - click(findTestObject("2-OBJECTS TAREAS SECUNDARIAS/Pruebas capacitacion/Enviar_una_invitación/span_A1")): Object: 'Object Repository/2-OBJECTS TAREAS SECUNDARIAS/Pruebas capacitacion/Enviar_una_invitación/span_A1' is clicked on

2023-03-09 13:00:52 - [MESSAGE][PASSED] - Object: 'Object Repository/2-OBJECTS TAREAS SECUNDARIAS/Pruebas capacitacion/Enviar_una_invitación/span_A1' is clicked on

2023-03-09 13:00:52 - [TEST_STEP][PASSED] - click(findTestObject("2-OBJECTS TAREAS SECUNDARIAS/Pruebas capacitacion/Enviar_una_invitación/a_Cargo_invitacioneventoPopup_formfiltroPopupCargo")): Object: 'Object Repository/2-OBJECTS TAREAS SECUNDARIAS/Pruebas capacitacion/Enviar_una_invitación/a_Cargo_invitacioneventoPopup_formfiltroPopupCargo' is clicked on

2023-03-09 13:00:54 - [MESSAGE][PASSED] - Object: 'Object Repository/2-OBJECTS TAREAS SECUNDARIAS/Pruebas capacitacion/Enviar_una_invitación/a_Cargo_invitacioneventoPopup_formfiltroPopupCargo' is clicked on

2023-03-09 13:00:54 - [TEST_STEP][PASSED] - click(findTestObject("2-OBJECTS TAREAS SECUNDARIAS/Pruebas capacitacion/Enviar_una_invitación/span_ANALISTA DE SISTEMAS")): Object: 'Object Repository/2-OBJECTS TAREAS SECUNDARIAS/Pruebas capacitacion/Enviar_una_invitación/span_ANALISTA DE SISTEMAS' is clicked on

2023-03-09 13:00:55 - [MESSAGE][PASSED] - Object: 'Object Repository/2-OBJECTS TAREAS SECUNDARIAS/Pruebas capacitacion/Enviar_una_invitación/span_ANALISTA DE SISTEMAS' is clicked on

2023-03-09 13:00:55 - [TEST_STEP][PASSED] - click(findTestObject("2-OBJECTS TAREAS SECUNDARIAS/Pruebas capacitacion/Enviar_una_invitación/a_Empleado_invitacioneventoPopup_formlinkPopupCoordinador")): Object: 'Object Repository/2-OBJECTS TAREAS SECUNDARIAS/Pruebas capacitacion/Enviar_una_invitación/a_Empleado_invitacioneventoPopup_formlinkPopupCoordinador' is clicked on

2023-03-09 13:00:56 - [MESSAGE][PASSED] - Object: 'Object Repository/2-OBJECTS TAREAS SECUNDARIAS/Pruebas capacitacion/Enviar_una_invitación/a_Empleado_invitacioneventoPopup_formlinkPopupCoordinador' is clicked on

2023-03-09 13:00:56 - [TEST_STEP][PASSED] - setText(findTestObject("2-OBJECTS TAREAS SECUNDARIAS/Pruebas capacitacion/Enviar_una_invitación/input_Filtro Hoja de Vida_formPopupHojaVidaj_idt1714"), "Galeano Perez Maricela"): Text 'Galeano Perez Maricela' is set on object 'Object Repository/2-OBJECTS TAREAS SECUNDARIAS/Pruebas capacitacion/Enviar_una_invitación/input_Filtro Hoja de Vida_formPopupHojaVidaj_idt1714'

2023-03-09 13:00:57 - [MESSAGE][PASSED] - Text 'Galeano Perez Maricela' is set on object 'Object Repository/2-OBJECTS TAREAS SECUNDARIAS/Pruebas capacitacion/Enviar_una_invitación/input_Filtro Hoja de Vida_formPopupHojaVidaj_idt1714'

2023-03-09 13:00:57 - [TEST_STEP][PASSED] - sendKeys(findTestObject("2-OBJECTS TAREAS SECUNDARIAS/Pruebas capacitacion/Enviar_una_invitación/input_Filtro Hoja de Vida_formPopupHojaVidaj_idt1714"), Keys.chord(ENTER)): Keys 'ENTER + ' sent to object: 'Object Repository/2-OBJECTS TAREAS SECUNDARIAS/Pruebas capacitacion/Enviar_una_invitación/input_Filtro Hoja de Vida_formPopupHojaVidaj_idt1714'

2023-03-09 13:00:57 - [MESSAGE][PASSED] - Keys 'ENTER + ' sent to object: 'Object Repository/2-OBJECTS TAREAS SECUNDARIAS/Pruebas capacitacion/Enviar_una_invitación/input_Filtro Hoja de Vida_formPopupHojaVidaj_idt1714'

2023-03-09 13:00:57 - [TEST_STEP][PASSED] - click(findTestObject("2-OBJECTS TAREAS SECUNDARIAS/Pruebas capacitacion/Enviar_una_invitación/span_A A A")): Object: 'Object Repository/2-OBJECTS TAREAS SECUNDARIAS/Pruebas capacitacion/Enviar_una_invitación/span_A A A' is clicked on

2023-03-09 13:00:58 - [MESSAGE][PASSED] - Object: 'Object Repository/2-OBJECTS TAREAS SECUNDARIAS/Pruebas capacitacion/Enviar_una_invitación/span_A A A' is clicked on

2023-03-09 13:00:58 - [TEST_STEP][PASSED] - click(findTestObject("2-OBJECTS TAREAS SECUNDARIAS/Pruebas capacitacion/Enviar_una_invitación/div_Cargo_ui-chkbox-box ui-widget ui-corner-all ui-state-default ui-state-hover")): Object: 'Object Repository/2-OBJECTS TAREAS SECUNDARIAS/Pruebas capacitacion/Enviar_una_invitación/div_Cargo_ui-chkbox-box ui-widget ui-corner-all ui-state-default ui-state-hover' is clicked on

2023-03-09 13:00:59 - [MESSAGE][PASSED] - Object: 'Object Repository/2-OBJECTS TAREAS SECUNDARIAS/Pruebas capacitacion/Enviar_una_invitación/div_Cargo_ui-chkbox-box ui-widget ui-corner-all ui-state-default ui-state-hover' is clicked on

2023-03-09 13:00:59 - [TEST_STEP][PASSED] - selectOptionByIndex(findTestObject("2-OBJECTS TAREAS SECUNDARIAS/Pruebas capacitacion/Enviar_una_invitación/select_SeleccionePrueba"), 1): All options with index in [1] are selected on object 'Object Repository/2-OBJECTS TAREAS SECUNDARIAS/Pruebas capacitacion/Enviar_una_invitación/select_SeleccionePrueba'

2023-03-09 13:01:01 - [MESSAGE][PASSED] - All options with index in [1] are selected on object 'Object Repository/2-OBJECTS TAREAS SECUNDARIAS/Pruebas capacitacion/Enviar_una_invitación/select_SeleccionePrueba'

2023-03-09 13:01:01 - [TEST_STEP][PASSED] - setText(findTestObject("2-OBJECTS TAREAS SECUNDARIAS/Pruebas capacitacion/Enviar_una_invitación/input_Asunto_invitacioneventoPopup_formasunto"), "null"): Text 'null' is set on object 'Object Repository/2-OBJECTS TAREAS SECUNDARIAS/Pruebas capacitacion/Enviar_una_invitación/input_Asunto_invitacioneventoPopup_formasunto'

2023-03-09 13:01:01 - [MESSAGE][PASSED] - Text 'null' is set on object 'Object Repository/2-OBJECTS TAREAS SECUNDARIAS/Pruebas capacitacion/Enviar_una_invitación/input_Asunto_invitacioneventoPopup_formasunto'

2023-03-09 13:01:01 - [TEST_STEP][PASSED] - click(findTestObject("2-OBJECTS TAREAS SECUNDARIAS/Pruebas capacitacion/Enviar_una_invitación/a_Invitacin1")): Object: 'Object Repository/2-OBJECTS TAREAS SECUNDARIAS/Pruebas capacitacion/Enviar_una_invitación/a_Invitacin1' is clicked on

2023-03-09 13:01:02 - [MESSAGE][PASSED] - Object: 'Object Repository/2-OBJECTS TAREAS SECUNDARIAS/Pruebas capacitacion/Enviar_una_invitación/a_Invitacin1' is clicked on

2023-03-09 13:01:02 - [TEST_STEP][PASSED] - Result = getText(findTestObject("3-OBJECTS UTILIDADES/Alerta/Alerta")): Text of object 'Object Repository/3-OBJECTS UTILIDADES/Alerta/Alerta' is: 'Se envio la invitación a los empleados'

2023-03-09 13:01:03 - [MESSAGE][PASSED] - Text of object 'Object Repository/3-OBJECTS UTILIDADES/Alerta/Alerta' is: 'Se envio la invitación a los empleados'

2023-03-09 13:01:03 - [TEST_STEP][PASSED] - if (Result == "Se envio la invitación a los empleados"): Browser is closed

2023-03-09 13:01:03 - [TEST_STEP][PASSED] - Resultado = "PRUEBA OK": null

2023-03-09 13:01:03 - [TEST_STEP][PASSED] - closeBrowser(): Browser is closed

2023-03-09 13:01:04 - [MESSAGE][PASSED] - Browser is closed

2023-03-09 13:01:04 - [TEST_STEP][PASSED] - closeBrowser(): Browser is closed

2023-03-09 13:01:04 - [MESSAGE][PASSED] - Browser is closed]]></system-out>
         <system-err><![CDATA[]]></system-err>
      </testcase>
      <testcase name="Test Cases/1.2-Tareas_Secundarias/4.1-Pruebas_Capacitación/4.1.7-Cambiar_estado_de_un_asistente" time="25.007" classname="Test Cases/1.2-Tareas_Secundarias/4.1-Pruebas_Capacitación/4.1.7-Cambiar_estado_de_un_asistente" status="PASSED">
         <system-out><![CDATA[2023-03-09 13:01:04 - [TEST_CASE][PASSED] - Test Cases/1.2-Tareas_Secundarias/4.1-Pruebas_Capacitación/4.1.7-Cambiar_estado_de_un_asistente: Test Cases/1.2-Tareas_Secundarias/4.1-Pruebas_Capacitación/4.1.7-Cambiar_estado_de_un_asistente

2023-03-09 13:01:05 - [TEST_STEP][PASSED] - mensaje = "": null

2023-03-09 13:01:05 - [TEST_STEP][PASSED] - callTestCase(findTestCase("Utilidades-(atajos_para _tareas)/Modulos/Modulo Control Evento Capacitacion"), [:], STOP_ON_FAILURE): Call Test Case 'Test Cases/Utilidades-(atajos_para _tareas)/Modulos/Modulo Control Evento Capacitacion' successfully

2023-03-09 13:01:05 - [TEST_CASE][PASSED] - Test Cases/Utilidades-(atajos_para _tareas)/Modulos/Modulo Control Evento Capacitacion: Test Cases/Utilidades-(atajos_para _tareas)/Modulos/Modulo Control Evento Capacitacion

2023-03-09 13:01:05 - [TEST_STEP][PASSED] - callTestCase(findTestCase("0.1-Login"), [:], STOP_ON_FAILURE): Call Test Case 'Test Cases/0.1-Login' successfully

2023-03-09 13:01:05 - [TEST_CASE][PASSED] - Test Cases/0.1-Login: Test Cases/0.1-Login

2023-03-09 13:01:05 - [TEST_STEP][PASSED] - openBrowser(""): Browser is opened with url: ''

2023-03-09 13:01:05 - [MESSAGE][INFO] - Starting 'Chrome' driver

2023-03-09 13:01:05 - [MESSAGE][INFO] - Action delay is set to 0 milliseconds

2023-03-09 13:01:06 - [MESSAGE][PASSED] - Browser is opened with url: ''

2023-03-09 13:01:06 - [TEST_STEP][PASSED] - maximizeWindow(): Current window maximized

2023-03-09 13:01:06 - [MESSAGE][PASSED] - Current window maximized

2023-03-09 13:01:06 - [TEST_STEP][PASSED] - i = G_Login: null

2023-03-09 13:01:06 - [TEST_STEP][PASSED] - url = new java.net.URL(i): null

2023-03-09 13:01:06 - [TEST_STEP][PASSED] - println("URL: " + url.toString()): null

2023-03-09 13:01:06 - [TEST_STEP][PASSED] - connection = url.openConnection(): null

2023-03-09 13:01:06 - [TEST_STEP][PASSED] - connection.setRequestMethod("GET"): null

2023-03-09 13:01:06 - [TEST_STEP][PASSED] - connection.setReadTimeout(2 * 1000): null

2023-03-09 13:01:06 - [TEST_STEP][PASSED] - try: null

2023-03-09 13:01:06 - [TEST_STEP][PASSED] - connection.connect(): null

2023-03-09 13:01:06 - [TEST_STEP][PASSED] - flag = connected: null

2023-03-09 13:01:06 - [TEST_STEP][PASSED] - println("Valor_ori: " + flag): null

2023-03-09 13:01:06 - [TEST_STEP][PASSED] - if (flag): null

2023-03-09 13:01:06 - [TEST_STEP][PASSED] - navigateToUrl(i): Navigate to 'http://192.168.2.19:7001/saraweb' successfully

2023-03-09 13:01:09 - [MESSAGE][PASSED] - Navigate to 'http://192.168.2.19:7001/saraweb' successfully

2023-03-09 13:01:09 - [TEST_STEP][PASSED] - a(): null

2023-03-09 13:01:09 - [TEST_STEP][PASSED] - if (waitForElementVisible(findTestObject("3-OBJECTS UTILIDADES/Login/input_USUARIO_loginusuario"), 0)): null

2023-03-09 13:01:09 - [MESSAGE][WARNING] - Timeout '0' is invalid. Using default page load timeout: '37'

2023-03-09 13:01:09 - [MESSAGE][PASSED] - Object 'Object Repository/3-OBJECTS UTILIDADES/Login/input_USUARIO_loginusuario' is visible

2023-03-09 13:01:09 - [TEST_STEP][PASSED] - switchToWindowTitle("SARA"): Switched to window with title: 'SARA'

2023-03-09 13:01:09 - [MESSAGE][PASSED] - Switched to window with title: 'SARA'

2023-03-09 13:01:09 - [TEST_STEP][PASSED] - zoom(): null

2023-03-09 13:01:09 - [TEST_STEP][PASSED] - robot = new java.awt.Robot(): null

2023-03-09 13:01:09 - [TEST_STEP][PASSED] - robot.keyPress(VK_CONTROL): null

2023-03-09 13:01:09 - [TEST_STEP][PASSED] - robot.keyPress(VK_SUBTRACT): null

2023-03-09 13:01:09 - [TEST_STEP][PASSED] - robot.keyRelease(VK_CONTROL): null

2023-03-09 13:01:09 - [TEST_STEP][PASSED] - robot.keyRelease(VK_SUBTRACT): null

2023-03-09 13:01:09 - [TEST_STEP][PASSED] - robot.keyPress(VK_CONTROL): null

2023-03-09 13:01:09 - [TEST_STEP][PASSED] - robot.keyPress(VK_SUBTRACT): null

2023-03-09 13:01:09 - [TEST_STEP][PASSED] - robot.keyRelease(VK_CONTROL): null

2023-03-09 13:01:09 - [TEST_STEP][PASSED] - robot.keyRelease(VK_SUBTRACT): null

2023-03-09 13:01:09 - [TEST_STEP][PASSED] - robot.keyPress(VK_CONTROL): null

2023-03-09 13:01:09 - [TEST_STEP][PASSED] - robot.keyPress(VK_SUBTRACT): null

2023-03-09 13:01:09 - [TEST_STEP][PASSED] - robot.keyRelease(VK_CONTROL): null

2023-03-09 13:01:09 - [TEST_STEP][PASSED] - robot.keyRelease(VK_SUBTRACT): null

2023-03-09 13:01:09 - [TEST_STEP][PASSED] - robot.keyRelease(VK_CONTROL): null

2023-03-09 13:01:09 - [TEST_STEP][PASSED] - robot.keyRelease(VK_SUBTRACT): null

2023-03-09 13:01:09 - [TEST_STEP][PASSED] - setText(findTestObject("3-OBJECTS UTILIDADES/Login/input_USUARIO_loginusuario"), G_Usuario): Text 'weblogic' is set on object 'Object Repository/3-OBJECTS UTILIDADES/Login/input_USUARIO_loginusuario'

2023-03-09 13:01:10 - [MESSAGE][PASSED] - Text 'weblogic' is set on object 'Object Repository/3-OBJECTS UTILIDADES/Login/input_USUARIO_loginusuario'

2023-03-09 13:01:10 - [TEST_STEP][PASSED] - setEncryptedText(findTestObject("3-OBJECTS UTILIDADES/Login/input_CLAVE_loginpassword"), "SlAwMcyRKqrwbnzhAs8HhT6NnI7sEyng"): Text ****** has been set on object 'Object Repository/3-OBJECTS UTILIDADES/Login/input_CLAVE_loginpassword'

2023-03-09 13:01:13 - [MESSAGE][PASSED] - Text ****** has been set on object 'Object Repository/3-OBJECTS UTILIDADES/Login/input_CLAVE_loginpassword'

2023-03-09 13:01:13 - [TEST_STEP][PASSED] - while (waitForElementClickable(findTestObject("3-OBJECTS UTILIDADES/Login/a_Ingresar"), 1)): Web element with id: 'Object Repository/3-OBJECTS UTILIDADES/Login/a_Ingresar' located by '//a[contains(text(),'Ingresar')]' not found

2023-03-09 13:01:15 - [MESSAGE][INFO] - Unable to find the element located by 'By.xpath: //a[contains(text(),'Ingresar')]'. Please recheck the objects properties to make sure the desired element is located. 

2023-03-09 13:01:15 - [MESSAGE][WARNING] - Web element with id: 'Object Repository/3-OBJECTS UTILIDADES/Login/a_Ingresar' located by '//a[contains(text(),'Ingresar')]' not found

2023-03-09 13:01:15 - [MESSAGE][PASSED] - Call Test Case 'Test Cases/0.1-Login' successfully

2023-03-09 13:01:15 - [TEST_STEP][PASSED] - setText(findTestObject("3-OBJECTS UTILIDADES/Modulo Control Evento Capacitacion/input_ADMINISTRADOR DEL SISTEMA - SARA_form_templatej_idt24_input"), "Control Evento"): Text 'Control Evento' is set on object 'Object Repository/3-OBJECTS UTILIDADES/Modulo Control Evento Capacitacion/input_ADMINISTRADOR DEL SISTEMA - SARA_form_templatej_idt24_input'

2023-03-09 13:01:16 - [MESSAGE][PASSED] - Text 'Control Evento' is set on object 'Object Repository/3-OBJECTS UTILIDADES/Modulo Control Evento Capacitacion/input_ADMINISTRADOR DEL SISTEMA - SARA_form_templatej_idt24_input'

2023-03-09 13:01:16 - [TEST_STEP][PASSED] - click(findTestObject("3-OBJECTS UTILIDADES/Modulo Control Evento Capacitacion/li_Control Evento Capacitacion (cap)")): Object: 'Object Repository/3-OBJECTS UTILIDADES/Modulo Control Evento Capacitacion/li_Control Evento Capacitacion (cap)' is clicked on

2023-03-09 13:01:17 - [MESSAGE][PASSED] - Object: 'Object Repository/3-OBJECTS UTILIDADES/Modulo Control Evento Capacitacion/li_Control Evento Capacitacion (cap)' is clicked on

2023-03-09 13:01:17 - [MESSAGE][PASSED] - Call Test Case 'Test Cases/Utilidades-(atajos_para _tareas)/Modulos/Modulo Control Evento Capacitacion' successfully

2023-03-09 13:01:17 - [TEST_STEP][PASSED] - click(findTestObject("2-OBJECTS TAREAS SECUNDARIAS/Pruebas capacitacion/Cambiar_estado_de_un_asistente/td_Prueba")): Object: 'Object Repository/2-OBJECTS TAREAS SECUNDARIAS/Pruebas capacitacion/Cambiar_estado_de_un_asistente/td_Prueba' is clicked on

2023-03-09 13:01:20 - [MESSAGE][PASSED] - Object: 'Object Repository/2-OBJECTS TAREAS SECUNDARIAS/Pruebas capacitacion/Cambiar_estado_de_un_asistente/td_Prueba' is clicked on

2023-03-09 13:01:20 - [TEST_STEP][PASSED] - click(findTestObject("2-OBJECTS TAREAS SECUNDARIAS/Pruebas capacitacion/Cambiar_estado_de_un_asistente/div_Asistentes")): Object: 'Object Repository/2-OBJECTS TAREAS SECUNDARIAS/Pruebas capacitacion/Cambiar_estado_de_un_asistente/div_Asistentes' is clicked on

2023-03-09 13:01:22 - [MESSAGE][PASSED] - Object: 'Object Repository/2-OBJECTS TAREAS SECUNDARIAS/Pruebas capacitacion/Cambiar_estado_de_un_asistente/div_Asistentes' is clicked on

2023-03-09 13:01:22 - [TEST_STEP][PASSED] - click(findTestObject("2-OBJECTS TAREAS SECUNDARIAS/Pruebas capacitacion/Cambiar_estado_de_un_asistente/a_Registro")): Object: 'Object Repository/2-OBJECTS TAREAS SECUNDARIAS/Pruebas capacitacion/Cambiar_estado_de_un_asistente/a_Registro' is clicked on

2023-03-09 13:01:23 - [MESSAGE][PASSED] - Object: 'Object Repository/2-OBJECTS TAREAS SECUNDARIAS/Pruebas capacitacion/Cambiar_estado_de_un_asistente/a_Registro' is clicked on

2023-03-09 13:01:23 - [TEST_STEP][PASSED] - if (waitForElementPresent(findTestObject("2-OBJECTS TAREAS SECUNDARIAS/Pruebas capacitacion/Cambiar_estado_de_un_asistente/td_prueba ka Pruebas"), 1)): null

2023-03-09 13:01:24 - [MESSAGE][PASSED] - Object 'Object Repository/2-OBJECTS TAREAS SECUNDARIAS/Pruebas capacitacion/Cambiar_estado_de_un_asistente/td_prueba ka Pruebas' is present

2023-03-09 13:01:24 - [TEST_STEP][PASSED] - click(findTestObject("2-OBJECTS TAREAS SECUNDARIAS/Pruebas capacitacion/Cambiar_estado_de_un_asistente/td_prueba ka Pruebas")): Object: 'Object Repository/2-OBJECTS TAREAS SECUNDARIAS/Pruebas capacitacion/Cambiar_estado_de_un_asistente/td_prueba ka Pruebas' is clicked on

2023-03-09 13:01:24 - [MESSAGE][PASSED] - Object: 'Object Repository/2-OBJECTS TAREAS SECUNDARIAS/Pruebas capacitacion/Cambiar_estado_de_un_asistente/td_prueba ka Pruebas' is clicked on

2023-03-09 13:01:24 - [TEST_STEP][PASSED] - selectOptionByIndex(findTestObject("2-OBJECTS TAREAS SECUNDARIAS/Pruebas capacitacion/Cambiar_estado_de_un_asistente/select_SeleccioneACEPTADOFINALIZADOINSCRITONO ACEPTADONO APROBADONO ASISTIO"), 1): All options with index in [1] are selected on object 'Object Repository/2-OBJECTS TAREAS SECUNDARIAS/Pruebas capacitacion/Cambiar_estado_de_un_asistente/select_SeleccioneACEPTADOFINALIZADOINSCRITONO ACEPTADONO APROBADONO ASISTIO'

2023-03-09 13:01:25 - [MESSAGE][PASSED] - All options with index in [1] are selected on object 'Object Repository/2-OBJECTS TAREAS SECUNDARIAS/Pruebas capacitacion/Cambiar_estado_de_un_asistente/select_SeleccioneACEPTADOFINALIZADOINSCRITONO ACEPTADONO APROBADONO ASISTIO'

2023-03-09 13:01:25 - [TEST_STEP][PASSED] - click(findTestObject("2-OBJECTS TAREAS SECUNDARIAS/Pruebas capacitacion/Cambiar_estado_de_un_asistente/a_Actualizar")): Object: 'Object Repository/2-OBJECTS TAREAS SECUNDARIAS/Pruebas capacitacion/Cambiar_estado_de_un_asistente/a_Actualizar' is clicked on

2023-03-09 13:01:26 - [MESSAGE][PASSED] - Object: 'Object Repository/2-OBJECTS TAREAS SECUNDARIAS/Pruebas capacitacion/Cambiar_estado_de_un_asistente/a_Actualizar' is clicked on

2023-03-09 13:01:26 - [TEST_STEP][PASSED] - if (waitForElementVisible(findTestObject("2-OBJECTS TAREAS SECUNDARIAS/Pruebas capacitacion/Cambiar_estado_de_un_asistente/label_Ya se encuentra registrado en el grupo"), 1)): Web element with id: 'Object Repository/2-OBJECTS TAREAS SECUNDARIAS/Pruebas capacitacion/Cambiar_estado_de_un_asistente/label_Ya se encuentra registrado en el grupo' located by '//div[2]/label' not found

2023-03-09 13:01:28 - [MESSAGE][INFO] - Unable to find the element located by 'By.xpath: //div[2]/label'. Please recheck the objects properties to make sure the desired element is located. 

2023-03-09 13:01:28 - [MESSAGE][WARNING] - Web element with id: 'Object Repository/2-OBJECTS TAREAS SECUNDARIAS/Pruebas capacitacion/Cambiar_estado_de_un_asistente/label_Ya se encuentra registrado en el grupo' located by '//div[2]/label' not found

2023-03-09 13:01:28 - [TEST_STEP][PASSED] - Result = getText(findTestObject("3-OBJECTS UTILIDADES/Alerta/Alerta")): Text of object 'Object Repository/3-OBJECTS UTILIDADES/Alerta/Alerta' is: 'Registro Actualizado'

2023-03-09 13:01:29 - [MESSAGE][PASSED] - Text of object 'Object Repository/3-OBJECTS UTILIDADES/Alerta/Alerta' is: 'Registro Actualizado'

2023-03-09 13:01:29 - [TEST_STEP][PASSED] - if (Result == "Registro Actualizado"): Browser is closed

2023-03-09 13:01:29 - [TEST_STEP][PASSED] - Resultado = "PRUEBA OK": null

2023-03-09 13:01:29 - [TEST_STEP][PASSED] - closeBrowser(): Browser is closed

2023-03-09 13:01:29 - [MESSAGE][PASSED] - Browser is closed]]></system-out>
         <system-err><![CDATA[]]></system-err>
      </testcase>
      <testcase name="Test Cases/1.2-Tareas_Secundarias/4.1-Pruebas_Capacitación/4.1.8-Asociar_Recursos" time="23.808" classname="Test Cases/1.2-Tareas_Secundarias/4.1-Pruebas_Capacitación/4.1.8-Asociar_Recursos" status="PASSED">
         <system-out><![CDATA[2023-03-09 13:01:29 - [TEST_CASE][PASSED] - Test Cases/1.2-Tareas_Secundarias/4.1-Pruebas_Capacitación/4.1.8-Asociar_Recursos: Test Cases/1.2-Tareas_Secundarias/4.1-Pruebas_Capacitación/4.1.8-Asociar_Recursos

2023-03-09 13:01:30 - [TEST_STEP][PASSED] - callTestCase(findTestCase("Utilidades-(atajos_para _tareas)/Modulos/Modulo Control Evento Capacitacion"), [:], STOP_ON_FAILURE): Call Test Case 'Test Cases/Utilidades-(atajos_para _tareas)/Modulos/Modulo Control Evento Capacitacion' successfully

2023-03-09 13:01:30 - [TEST_CASE][PASSED] - Test Cases/Utilidades-(atajos_para _tareas)/Modulos/Modulo Control Evento Capacitacion: Test Cases/Utilidades-(atajos_para _tareas)/Modulos/Modulo Control Evento Capacitacion

2023-03-09 13:01:30 - [TEST_STEP][PASSED] - callTestCase(findTestCase("0.1-Login"), [:], STOP_ON_FAILURE): Call Test Case 'Test Cases/0.1-Login' successfully

2023-03-09 13:01:30 - [TEST_CASE][PASSED] - Test Cases/0.1-Login: Test Cases/0.1-Login

2023-03-09 13:01:30 - [TEST_STEP][PASSED] - openBrowser(""): Browser is opened with url: ''

2023-03-09 13:01:30 - [MESSAGE][INFO] - Starting 'Chrome' driver

2023-03-09 13:01:30 - [MESSAGE][INFO] - Action delay is set to 0 milliseconds

2023-03-09 13:01:31 - [MESSAGE][PASSED] - Browser is opened with url: ''

2023-03-09 13:01:31 - [TEST_STEP][PASSED] - maximizeWindow(): Current window maximized

2023-03-09 13:01:31 - [MESSAGE][PASSED] - Current window maximized

2023-03-09 13:01:31 - [TEST_STEP][PASSED] - i = G_Login: null

2023-03-09 13:01:31 - [TEST_STEP][PASSED] - url = new java.net.URL(i): null

2023-03-09 13:01:31 - [TEST_STEP][PASSED] - println("URL: " + url.toString()): null

2023-03-09 13:01:31 - [TEST_STEP][PASSED] - connection = url.openConnection(): null

2023-03-09 13:01:31 - [TEST_STEP][PASSED] - connection.setRequestMethod("GET"): null

2023-03-09 13:01:31 - [TEST_STEP][PASSED] - connection.setReadTimeout(2 * 1000): null

2023-03-09 13:01:31 - [TEST_STEP][PASSED] - try: null

2023-03-09 13:01:31 - [TEST_STEP][PASSED] - connection.connect(): null

2023-03-09 13:01:31 - [TEST_STEP][PASSED] - flag = connected: null

2023-03-09 13:01:31 - [TEST_STEP][PASSED] - println("Valor_ori: " + flag): null

2023-03-09 13:01:31 - [TEST_STEP][PASSED] - if (flag): null

2023-03-09 13:01:31 - [TEST_STEP][PASSED] - navigateToUrl(i): Navigate to 'http://192.168.2.19:7001/saraweb' successfully

2023-03-09 13:01:33 - [MESSAGE][PASSED] - Navigate to 'http://192.168.2.19:7001/saraweb' successfully

2023-03-09 13:01:33 - [TEST_STEP][PASSED] - a(): null

2023-03-09 13:01:33 - [TEST_STEP][PASSED] - if (waitForElementVisible(findTestObject("3-OBJECTS UTILIDADES/Login/input_USUARIO_loginusuario"), 0)): null

2023-03-09 13:01:33 - [MESSAGE][WARNING] - Timeout '0' is invalid. Using default page load timeout: '37'

2023-03-09 13:01:33 - [MESSAGE][PASSED] - Object 'Object Repository/3-OBJECTS UTILIDADES/Login/input_USUARIO_loginusuario' is visible

2023-03-09 13:01:33 - [TEST_STEP][PASSED] - switchToWindowTitle("SARA"): Switched to window with title: 'SARA'

2023-03-09 13:01:33 - [MESSAGE][PASSED] - Switched to window with title: 'SARA'

2023-03-09 13:01:33 - [TEST_STEP][PASSED] - zoom(): null

2023-03-09 13:01:33 - [TEST_STEP][PASSED] - robot = new java.awt.Robot(): null

2023-03-09 13:01:33 - [TEST_STEP][PASSED] - robot.keyPress(VK_CONTROL): null

2023-03-09 13:01:33 - [TEST_STEP][PASSED] - robot.keyPress(VK_SUBTRACT): null

2023-03-09 13:01:33 - [TEST_STEP][PASSED] - robot.keyRelease(VK_CONTROL): null

2023-03-09 13:01:33 - [TEST_STEP][PASSED] - robot.keyRelease(VK_SUBTRACT): null

2023-03-09 13:01:33 - [TEST_STEP][PASSED] - robot.keyPress(VK_CONTROL): null

2023-03-09 13:01:33 - [TEST_STEP][PASSED] - robot.keyPress(VK_SUBTRACT): null

2023-03-09 13:01:33 - [TEST_STEP][PASSED] - robot.keyRelease(VK_CONTROL): null

2023-03-09 13:01:33 - [TEST_STEP][PASSED] - robot.keyRelease(VK_SUBTRACT): null

2023-03-09 13:01:33 - [TEST_STEP][PASSED] - robot.keyPress(VK_CONTROL): null

2023-03-09 13:01:33 - [TEST_STEP][PASSED] - robot.keyPress(VK_SUBTRACT): null

2023-03-09 13:01:33 - [TEST_STEP][PASSED] - robot.keyRelease(VK_CONTROL): null

2023-03-09 13:01:33 - [TEST_STEP][PASSED] - robot.keyRelease(VK_SUBTRACT): null

2023-03-09 13:01:33 - [TEST_STEP][PASSED] - robot.keyRelease(VK_CONTROL): null

2023-03-09 13:01:33 - [TEST_STEP][PASSED] - robot.keyRelease(VK_SUBTRACT): null

2023-03-09 13:01:33 - [TEST_STEP][PASSED] - setText(findTestObject("3-OBJECTS UTILIDADES/Login/input_USUARIO_loginusuario"), G_Usuario): Text 'weblogic' is set on object 'Object Repository/3-OBJECTS UTILIDADES/Login/input_USUARIO_loginusuario'

2023-03-09 13:01:34 - [MESSAGE][PASSED] - Text 'weblogic' is set on object 'Object Repository/3-OBJECTS UTILIDADES/Login/input_USUARIO_loginusuario'

2023-03-09 13:01:34 - [TEST_STEP][PASSED] - setEncryptedText(findTestObject("3-OBJECTS UTILIDADES/Login/input_CLAVE_loginpassword"), "SlAwMcyRKqrwbnzhAs8HhT6NnI7sEyng"): Text ****** has been set on object 'Object Repository/3-OBJECTS UTILIDADES/Login/input_CLAVE_loginpassword'

2023-03-09 13:01:38 - [MESSAGE][PASSED] - Text ****** has been set on object 'Object Repository/3-OBJECTS UTILIDADES/Login/input_CLAVE_loginpassword'

2023-03-09 13:01:38 - [TEST_STEP][PASSED] - while (waitForElementClickable(findTestObject("3-OBJECTS UTILIDADES/Login/a_Ingresar"), 1)): Web element with id: 'Object Repository/3-OBJECTS UTILIDADES/Login/a_Ingresar' located by '//a[contains(text(),'Ingresar')]' not found

2023-03-09 13:01:40 - [MESSAGE][INFO] - Unable to find the element located by 'By.xpath: //a[contains(text(),'Ingresar')]'. Please recheck the objects properties to make sure the desired element is located. 

2023-03-09 13:01:40 - [MESSAGE][WARNING] - Web element with id: 'Object Repository/3-OBJECTS UTILIDADES/Login/a_Ingresar' located by '//a[contains(text(),'Ingresar')]' not found

2023-03-09 13:01:40 - [MESSAGE][PASSED] - Call Test Case 'Test Cases/0.1-Login' successfully

2023-03-09 13:01:40 - [TEST_STEP][PASSED] - setText(findTestObject("3-OBJECTS UTILIDADES/Modulo Control Evento Capacitacion/input_ADMINISTRADOR DEL SISTEMA - SARA_form_templatej_idt24_input"), "Control Evento"): Text 'Control Evento' is set on object 'Object Repository/3-OBJECTS UTILIDADES/Modulo Control Evento Capacitacion/input_ADMINISTRADOR DEL SISTEMA - SARA_form_templatej_idt24_input'

2023-03-09 13:01:41 - [MESSAGE][PASSED] - Text 'Control Evento' is set on object 'Object Repository/3-OBJECTS UTILIDADES/Modulo Control Evento Capacitacion/input_ADMINISTRADOR DEL SISTEMA - SARA_form_templatej_idt24_input'

2023-03-09 13:01:41 - [TEST_STEP][PASSED] - click(findTestObject("3-OBJECTS UTILIDADES/Modulo Control Evento Capacitacion/li_Control Evento Capacitacion (cap)")): Object: 'Object Repository/3-OBJECTS UTILIDADES/Modulo Control Evento Capacitacion/li_Control Evento Capacitacion (cap)' is clicked on

2023-03-09 13:01:42 - [MESSAGE][PASSED] - Object: 'Object Repository/3-OBJECTS UTILIDADES/Modulo Control Evento Capacitacion/li_Control Evento Capacitacion (cap)' is clicked on

2023-03-09 13:01:42 - [MESSAGE][PASSED] - Call Test Case 'Test Cases/Utilidades-(atajos_para _tareas)/Modulos/Modulo Control Evento Capacitacion' successfully

2023-03-09 13:01:42 - [TEST_STEP][PASSED] - click(findTestObject("2-OBJECTS TAREAS SECUNDARIAS/Pruebas capacitacion/Asociar_Recursos/td_Prueba")): Object: 'Object Repository/2-OBJECTS TAREAS SECUNDARIAS/Pruebas capacitacion/Asociar_Recursos/td_Prueba' is clicked on

2023-03-09 13:01:46 - [MESSAGE][PASSED] - Object: 'Object Repository/2-OBJECTS TAREAS SECUNDARIAS/Pruebas capacitacion/Asociar_Recursos/td_Prueba' is clicked on

2023-03-09 13:01:46 - [TEST_STEP][PASSED] - click(findTestObject("2-OBJECTS TAREAS SECUNDARIAS/Pruebas capacitacion/Asociar_Recursos/div_Recursos")): Object: 'Object Repository/2-OBJECTS TAREAS SECUNDARIAS/Pruebas capacitacion/Asociar_Recursos/div_Recursos' is clicked on

2023-03-09 13:01:47 - [MESSAGE][PASSED] - Object: 'Object Repository/2-OBJECTS TAREAS SECUNDARIAS/Pruebas capacitacion/Asociar_Recursos/div_Recursos' is clicked on

2023-03-09 13:01:47 - [TEST_STEP][PASSED] - click(findTestObject("2-OBJECTS TAREAS SECUNDARIAS/Pruebas capacitacion/Asociar_Recursos/a_Logsticos")): Object: 'Object Repository/2-OBJECTS TAREAS SECUNDARIAS/Pruebas capacitacion/Asociar_Recursos/a_Logsticos' is clicked on

2023-03-09 13:01:48 - [MESSAGE][PASSED] - Object: 'Object Repository/2-OBJECTS TAREAS SECUNDARIAS/Pruebas capacitacion/Asociar_Recursos/a_Logsticos' is clicked on

2023-03-09 13:01:48 - [TEST_STEP][PASSED] - if (waitForElementPresent(findTestObject("2-OBJECTS TAREAS SECUNDARIAS/Pruebas capacitacion/Asociar_Recursos/td_DVD"), 1)): Object 'Object Repository/2-OBJECTS TAREAS SECUNDARIAS/Pruebas capacitacion/Asociar_Recursos/td_DVD' is not present after 1 second(s)

2023-03-09 13:01:50 - [MESSAGE][INFO] - Unable to find the element located by 'By.xpath: (.//*[normalize-space(text()) and normalize-space(.)='INDISPENSABLE'])[2]/preceding::td[1]'. Please recheck the objects properties to make sure the desired element is located. 

2023-03-09 13:01:50 - [MESSAGE][WARNING] - Object 'Object Repository/2-OBJECTS TAREAS SECUNDARIAS/Pruebas capacitacion/Asociar_Recursos/td_DVD' is not present after 1 second(s)

2023-03-09 13:01:50 - [TEST_STEP][PASSED] - selectOptionByIndex(findTestObject("2-OBJECTS TAREAS SECUNDARIAS/Pruebas capacitacion/Asociar_Recursos/select_SeleccioneDVDTV"), 1): All options with index in [1] are selected on object 'Object Repository/2-OBJECTS TAREAS SECUNDARIAS/Pruebas capacitacion/Asociar_Recursos/select_SeleccioneDVDTV'

2023-03-09 13:01:51 - [MESSAGE][PASSED] - All options with index in [1] are selected on object 'Object Repository/2-OBJECTS TAREAS SECUNDARIAS/Pruebas capacitacion/Asociar_Recursos/select_SeleccioneDVDTV'

2023-03-09 13:01:51 - [TEST_STEP][PASSED] - selectOptionByIndex(findTestObject("2-OBJECTS TAREAS SECUNDARIAS/Pruebas capacitacion/Asociar_Recursos/select_SeleccioneINDISPENSABLEOPCIONAL"), 1): All options with index in [1] are selected on object 'Object Repository/2-OBJECTS TAREAS SECUNDARIAS/Pruebas capacitacion/Asociar_Recursos/select_SeleccioneINDISPENSABLEOPCIONAL'

2023-03-09 13:01:52 - [MESSAGE][PASSED] - All options with index in [1] are selected on object 'Object Repository/2-OBJECTS TAREAS SECUNDARIAS/Pruebas capacitacion/Asociar_Recursos/select_SeleccioneINDISPENSABLEOPCIONAL'

2023-03-09 13:01:52 - [TEST_STEP][PASSED] - click(findTestObject("2-OBJECTS TAREAS SECUNDARIAS/Pruebas capacitacion/Asociar_Recursos/a_Necesidad_formRecursoLogisticopanel_recursostabla_recursosj_idt608")): Object: 'Object Repository/2-OBJECTS TAREAS SECUNDARIAS/Pruebas capacitacion/Asociar_Recursos/a_Necesidad_formRecursoLogisticopanel_recursostabla_recursosj_idt608' is clicked on

2023-03-09 13:01:52 - [MESSAGE][PASSED] - Object: 'Object Repository/2-OBJECTS TAREAS SECUNDARIAS/Pruebas capacitacion/Asociar_Recursos/a_Necesidad_formRecursoLogisticopanel_recursostabla_recursosj_idt608' is clicked on

2023-03-09 13:01:52 - [TEST_STEP][PASSED] - if (waitForElementVisible(findTestObject("2-OBJECTS TAREAS SECUNDARIAS/Pruebas capacitacion/Asociar_Recursos/td_INDISPENSABLE"), 1)): null

2023-03-09 13:01:53 - [MESSAGE][PASSED] - Object 'Object Repository/2-OBJECTS TAREAS SECUNDARIAS/Pruebas capacitacion/Asociar_Recursos/td_INDISPENSABLE' is visible

2023-03-09 13:01:53 - [TEST_STEP][PASSED] - Result = "PRUEBA OK": null]]></system-out>
         <system-err><![CDATA[]]></system-err>
      </testcase>
      <testcase name="Test Cases/1.2-Tareas_Secundarias/4.1-Pruebas_Capacitación/4.1.9-Registrar_los_costos" time="26.488" classname="Test Cases/1.2-Tareas_Secundarias/4.1-Pruebas_Capacitación/4.1.9-Registrar_los_costos" status="PASSED">
         <system-out><![CDATA[2023-03-09 13:01:53 - [TEST_CASE][PASSED] - Test Cases/1.2-Tareas_Secundarias/4.1-Pruebas_Capacitación/4.1.9-Registrar_los_costos: Test Cases/1.2-Tareas_Secundarias/4.1-Pruebas_Capacitación/4.1.9-Registrar_los_costos

2023-03-09 13:01:53 - [TEST_STEP][PASSED] - callTestCase(findTestCase("Utilidades-(atajos_para _tareas)/Modulos/Modulo Control Evento Capacitacion"), [:], STOP_ON_FAILURE): Call Test Case 'Test Cases/Utilidades-(atajos_para _tareas)/Modulos/Modulo Control Evento Capacitacion' successfully

2023-03-09 13:01:54 - [TEST_CASE][PASSED] - Test Cases/Utilidades-(atajos_para _tareas)/Modulos/Modulo Control Evento Capacitacion: Test Cases/Utilidades-(atajos_para _tareas)/Modulos/Modulo Control Evento Capacitacion

2023-03-09 13:01:54 - [TEST_STEP][PASSED] - callTestCase(findTestCase("0.1-Login"), [:], STOP_ON_FAILURE): Call Test Case 'Test Cases/0.1-Login' successfully

2023-03-09 13:01:54 - [TEST_CASE][PASSED] - Test Cases/0.1-Login: Test Cases/0.1-Login

2023-03-09 13:01:54 - [TEST_STEP][PASSED] - openBrowser(""): Browser is opened with url: ''

2023-03-09 13:01:54 - [MESSAGE][WARNING] - A browser is already opened. Closing browser and opening a new one

2023-03-09 13:01:54 - [MESSAGE][INFO] - Starting 'Chrome' driver

2023-03-09 13:01:54 - [MESSAGE][INFO] - Action delay is set to 0 milliseconds

2023-03-09 13:01:56 - [MESSAGE][PASSED] - Browser is opened with url: ''

2023-03-09 13:01:56 - [TEST_STEP][PASSED] - maximizeWindow(): Current window maximized

2023-03-09 13:01:56 - [MESSAGE][PASSED] - Current window maximized

2023-03-09 13:01:56 - [TEST_STEP][PASSED] - i = G_Login: null

2023-03-09 13:01:56 - [TEST_STEP][PASSED] - url = new java.net.URL(i): null

2023-03-09 13:01:56 - [TEST_STEP][PASSED] - println("URL: " + url.toString()): null

2023-03-09 13:01:56 - [TEST_STEP][PASSED] - connection = url.openConnection(): null

2023-03-09 13:01:56 - [TEST_STEP][PASSED] - connection.setRequestMethod("GET"): null

2023-03-09 13:01:56 - [TEST_STEP][PASSED] - connection.setReadTimeout(2 * 1000): null

2023-03-09 13:01:56 - [TEST_STEP][PASSED] - try: null

2023-03-09 13:01:56 - [TEST_STEP][PASSED] - connection.connect(): null

2023-03-09 13:01:56 - [TEST_STEP][PASSED] - flag = connected: null

2023-03-09 13:01:56 - [TEST_STEP][PASSED] - println("Valor_ori: " + flag): null

2023-03-09 13:01:56 - [TEST_STEP][PASSED] - if (flag): null

2023-03-09 13:01:56 - [TEST_STEP][PASSED] - navigateToUrl(i): Navigate to 'http://192.168.2.19:7001/saraweb' successfully

2023-03-09 13:01:58 - [MESSAGE][PASSED] - Navigate to 'http://192.168.2.19:7001/saraweb' successfully

2023-03-09 13:01:58 - [TEST_STEP][PASSED] - a(): null

2023-03-09 13:01:58 - [TEST_STEP][PASSED] - if (waitForElementVisible(findTestObject("3-OBJECTS UTILIDADES/Login/input_USUARIO_loginusuario"), 0)): null

2023-03-09 13:01:58 - [MESSAGE][WARNING] - Timeout '0' is invalid. Using default page load timeout: '37'

2023-03-09 13:01:58 - [MESSAGE][PASSED] - Object 'Object Repository/3-OBJECTS UTILIDADES/Login/input_USUARIO_loginusuario' is visible

2023-03-09 13:01:58 - [TEST_STEP][PASSED] - switchToWindowTitle("SARA"): Switched to window with title: 'SARA'

2023-03-09 13:01:58 - [MESSAGE][PASSED] - Switched to window with title: 'SARA'

2023-03-09 13:01:58 - [TEST_STEP][PASSED] - zoom(): null

2023-03-09 13:01:58 - [TEST_STEP][PASSED] - robot = new java.awt.Robot(): null

2023-03-09 13:01:58 - [TEST_STEP][PASSED] - robot.keyPress(VK_CONTROL): null

2023-03-09 13:01:58 - [TEST_STEP][PASSED] - robot.keyPress(VK_SUBTRACT): null

2023-03-09 13:01:58 - [TEST_STEP][PASSED] - robot.keyRelease(VK_CONTROL): null

2023-03-09 13:01:58 - [TEST_STEP][PASSED] - robot.keyRelease(VK_SUBTRACT): null

2023-03-09 13:01:58 - [TEST_STEP][PASSED] - robot.keyPress(VK_CONTROL): null

2023-03-09 13:01:58 - [TEST_STEP][PASSED] - robot.keyPress(VK_SUBTRACT): null

2023-03-09 13:01:58 - [TEST_STEP][PASSED] - robot.keyRelease(VK_CONTROL): null

2023-03-09 13:01:58 - [TEST_STEP][PASSED] - robot.keyRelease(VK_SUBTRACT): null

2023-03-09 13:01:58 - [TEST_STEP][PASSED] - robot.keyPress(VK_CONTROL): null

2023-03-09 13:01:58 - [TEST_STEP][PASSED] - robot.keyPress(VK_SUBTRACT): null

2023-03-09 13:01:58 - [TEST_STEP][PASSED] - robot.keyRelease(VK_CONTROL): null

2023-03-09 13:01:58 - [TEST_STEP][PASSED] - robot.keyRelease(VK_SUBTRACT): null

2023-03-09 13:01:58 - [TEST_STEP][PASSED] - robot.keyRelease(VK_CONTROL): null

2023-03-09 13:01:58 - [TEST_STEP][PASSED] - robot.keyRelease(VK_SUBTRACT): null

2023-03-09 13:01:58 - [TEST_STEP][PASSED] - setText(findTestObject("3-OBJECTS UTILIDADES/Login/input_USUARIO_loginusuario"), G_Usuario): Text 'weblogic' is set on object 'Object Repository/3-OBJECTS UTILIDADES/Login/input_USUARIO_loginusuario'

2023-03-09 13:01:59 - [MESSAGE][PASSED] - Text 'weblogic' is set on object 'Object Repository/3-OBJECTS UTILIDADES/Login/input_USUARIO_loginusuario'

2023-03-09 13:01:59 - [TEST_STEP][PASSED] - setEncryptedText(findTestObject("3-OBJECTS UTILIDADES/Login/input_CLAVE_loginpassword"), "SlAwMcyRKqrwbnzhAs8HhT6NnI7sEyng"): Text ****** has been set on object 'Object Repository/3-OBJECTS UTILIDADES/Login/input_CLAVE_loginpassword'

2023-03-09 13:02:03 - [MESSAGE][PASSED] - Text ****** has been set on object 'Object Repository/3-OBJECTS UTILIDADES/Login/input_CLAVE_loginpassword'

2023-03-09 13:02:03 - [TEST_STEP][PASSED] - while (waitForElementClickable(findTestObject("3-OBJECTS UTILIDADES/Login/a_Ingresar"), 1)): Web element with id: 'Object Repository/3-OBJECTS UTILIDADES/Login/a_Ingresar' located by '//a[contains(text(),'Ingresar')]' not found

2023-03-09 13:02:05 - [MESSAGE][INFO] - Unable to find the element located by 'By.xpath: //a[contains(text(),'Ingresar')]'. Please recheck the objects properties to make sure the desired element is located. 

2023-03-09 13:02:05 - [MESSAGE][WARNING] - Web element with id: 'Object Repository/3-OBJECTS UTILIDADES/Login/a_Ingresar' located by '//a[contains(text(),'Ingresar')]' not found

2023-03-09 13:02:05 - [MESSAGE][PASSED] - Call Test Case 'Test Cases/0.1-Login' successfully

2023-03-09 13:02:05 - [TEST_STEP][PASSED] - setText(findTestObject("3-OBJECTS UTILIDADES/Modulo Control Evento Capacitacion/input_ADMINISTRADOR DEL SISTEMA - SARA_form_templatej_idt24_input"), "Control Evento"): Text 'Control Evento' is set on object 'Object Repository/3-OBJECTS UTILIDADES/Modulo Control Evento Capacitacion/input_ADMINISTRADOR DEL SISTEMA - SARA_form_templatej_idt24_input'

2023-03-09 13:02:06 - [MESSAGE][PASSED] - Text 'Control Evento' is set on object 'Object Repository/3-OBJECTS UTILIDADES/Modulo Control Evento Capacitacion/input_ADMINISTRADOR DEL SISTEMA - SARA_form_templatej_idt24_input'

2023-03-09 13:02:06 - [TEST_STEP][PASSED] - click(findTestObject("3-OBJECTS UTILIDADES/Modulo Control Evento Capacitacion/li_Control Evento Capacitacion (cap)")): Object: 'Object Repository/3-OBJECTS UTILIDADES/Modulo Control Evento Capacitacion/li_Control Evento Capacitacion (cap)' is clicked on

2023-03-09 13:02:07 - [MESSAGE][PASSED] - Object: 'Object Repository/3-OBJECTS UTILIDADES/Modulo Control Evento Capacitacion/li_Control Evento Capacitacion (cap)' is clicked on

2023-03-09 13:02:07 - [MESSAGE][PASSED] - Call Test Case 'Test Cases/Utilidades-(atajos_para _tareas)/Modulos/Modulo Control Evento Capacitacion' successfully

2023-03-09 13:02:07 - [TEST_STEP][PASSED] - click(findTestObject("2-OBJECTS TAREAS SECUNDARIAS/Pruebas capacitacion/Registrar_los_costos/td_Prueba")): Object: 'Object Repository/2-OBJECTS TAREAS SECUNDARIAS/Pruebas capacitacion/Registrar_los_costos/td_Prueba' is clicked on

2023-03-09 13:02:11 - [MESSAGE][PASSED] - Object: 'Object Repository/2-OBJECTS TAREAS SECUNDARIAS/Pruebas capacitacion/Registrar_los_costos/td_Prueba' is clicked on

2023-03-09 13:02:11 - [TEST_STEP][PASSED] - click(findTestObject("2-OBJECTS TAREAS SECUNDARIAS/Pruebas capacitacion/Registrar_los_costos/div_Costo")): Object: 'Object Repository/2-OBJECTS TAREAS SECUNDARIAS/Pruebas capacitacion/Registrar_los_costos/div_Costo' is clicked on

2023-03-09 13:02:12 - [MESSAGE][PASSED] - Object: 'Object Repository/2-OBJECTS TAREAS SECUNDARIAS/Pruebas capacitacion/Registrar_los_costos/div_Costo' is clicked on

2023-03-09 13:02:12 - [TEST_STEP][PASSED] - click(findTestObject("2-OBJECTS TAREAS SECUNDARIAS/Pruebas capacitacion/Registrar_los_costos/a_Registro")): Object: 'Object Repository/2-OBJECTS TAREAS SECUNDARIAS/Pruebas capacitacion/Registrar_los_costos/a_Registro' is clicked on

2023-03-09 13:02:12 - [MESSAGE][PASSED] - Object: 'Object Repository/2-OBJECTS TAREAS SECUNDARIAS/Pruebas capacitacion/Registrar_los_costos/a_Registro' is clicked on

2023-03-09 13:02:12 - [TEST_STEP][PASSED] - if (waitForElementVisible(findTestObject("2-OBJECTS TAREAS SECUNDARIAS/Pruebas capacitacion/Registrar_los_costos/a_REFRIGERIO_formCostoEventopanel_costostabla_costos0j_idt634"), 1)): Web element with id: 'Object Repository/2-OBJECTS TAREAS SECUNDARIAS/Pruebas capacitacion/Registrar_los_costos/a_REFRIGERIO_formCostoEventopanel_costostabla_costos0j_idt634' located by '//tbody/tr/td[5]/a' not found

2023-03-09 13:02:15 - [MESSAGE][INFO] - Unable to find the element located by 'By.xpath: //tbody/tr/td[5]/a'. Please recheck the objects properties to make sure the desired element is located. 

2023-03-09 13:02:15 - [MESSAGE][WARNING] - Web element with id: 'Object Repository/2-OBJECTS TAREAS SECUNDARIAS/Pruebas capacitacion/Registrar_los_costos/a_REFRIGERIO_formCostoEventopanel_costostabla_costos0j_idt634' located by '//tbody/tr/td[5]/a' not found

2023-03-09 13:02:15 - [TEST_STEP][PASSED] - selectOptionByIndex(findTestObject("2-OBJECTS TAREAS SECUNDARIAS/Pruebas capacitacion/Registrar_los_costos/select_SeleccioneALOJAMIENTOMATERIALESREFRIGERIOSALONTRANSPORTE"), 3): All options with index in [3] are selected on object 'Object Repository/2-OBJECTS TAREAS SECUNDARIAS/Pruebas capacitacion/Registrar_los_costos/select_SeleccioneALOJAMIENTOMATERIALESREFRIGERIOSALONTRANSPORTE'

2023-03-09 13:02:16 - [MESSAGE][PASSED] - All options with index in [3] are selected on object 'Object Repository/2-OBJECTS TAREAS SECUNDARIAS/Pruebas capacitacion/Registrar_los_costos/select_SeleccioneALOJAMIENTOMATERIALESREFRIGERIOSALONTRANSPORTE'

2023-03-09 13:02:16 - [TEST_STEP][PASSED] - setText(findTestObject("2-OBJECTS TAREAS SECUNDARIAS/Pruebas capacitacion/Registrar_los_costos/input_Valor_formCostoEventopanel_costostabla_costosnumero"), "100"): Text '100' is set on object 'Object Repository/2-OBJECTS TAREAS SECUNDARIAS/Pruebas capacitacion/Registrar_los_costos/input_Valor_formCostoEventopanel_costostabla_costosnumero'

2023-03-09 13:02:16 - [MESSAGE][PASSED] - Text '100' is set on object 'Object Repository/2-OBJECTS TAREAS SECUNDARIAS/Pruebas capacitacion/Registrar_los_costos/input_Valor_formCostoEventopanel_costostabla_costosnumero'

2023-03-09 13:02:16 - [TEST_STEP][PASSED] - setText(findTestObject("2-OBJECTS TAREAS SECUNDARIAS/Pruebas capacitacion/Registrar_los_costos/input_Valor_formCostoEventopanel_costostabla_costosfechaPago_input"), "07/05/2021"): Text '07/05/2021' is set on object 'Object Repository/2-OBJECTS TAREAS SECUNDARIAS/Pruebas capacitacion/Registrar_los_costos/input_Valor_formCostoEventopanel_costostabla_costosfechaPago_input'

2023-03-09 13:02:17 - [MESSAGE][PASSED] - Text '07/05/2021' is set on object 'Object Repository/2-OBJECTS TAREAS SECUNDARIAS/Pruebas capacitacion/Registrar_los_costos/input_Valor_formCostoEventopanel_costostabla_costosfechaPago_input'

2023-03-09 13:02:17 - [TEST_STEP][PASSED] - setText(findTestObject("2-OBJECTS TAREAS SECUNDARIAS/Pruebas capacitacion/Registrar_los_costos/input_Valor_formCostoEventopanel_costostabla_costosvalor"), "1000000"): Text '1000000' is set on object 'Object Repository/2-OBJECTS TAREAS SECUNDARIAS/Pruebas capacitacion/Registrar_los_costos/input_Valor_formCostoEventopanel_costostabla_costosvalor'

2023-03-09 13:02:18 - [MESSAGE][PASSED] - Text '1000000' is set on object 'Object Repository/2-OBJECTS TAREAS SECUNDARIAS/Pruebas capacitacion/Registrar_los_costos/input_Valor_formCostoEventopanel_costostabla_costosvalor'

2023-03-09 13:02:18 - [TEST_STEP][PASSED] - click(findTestObject("2-OBJECTS TAREAS SECUNDARIAS/Pruebas capacitacion/Registrar_los_costos/a_Valor_formCostoEventopanel_costostabla_costosj_idt637")): Object: 'Object Repository/2-OBJECTS TAREAS SECUNDARIAS/Pruebas capacitacion/Registrar_los_costos/a_Valor_formCostoEventopanel_costostabla_costosj_idt637' is clicked on

2023-03-09 13:02:19 - [MESSAGE][PASSED] - Object: 'Object Repository/2-OBJECTS TAREAS SECUNDARIAS/Pruebas capacitacion/Registrar_los_costos/a_Valor_formCostoEventopanel_costostabla_costosj_idt637' is clicked on

2023-03-09 13:02:19 - [TEST_STEP][PASSED] - Result = getText(findTestObject("3-OBJECTS UTILIDADES/Alerta/Alerta")): Text of object 'Object Repository/3-OBJECTS UTILIDADES/Alerta/Alerta' is: 'Se ingreso el registro'

2023-03-09 13:02:20 - [MESSAGE][PASSED] - Text of object 'Object Repository/3-OBJECTS UTILIDADES/Alerta/Alerta' is: 'Se ingreso el registro'

2023-03-09 13:02:20 - [TEST_STEP][PASSED] - if (Result == "Se ingreso el registro"): null

2023-03-09 13:02:20 - [TEST_STEP][PASSED] - Resultado = "PRUEBA OK": null]]></system-out>
         <system-err><![CDATA[]]></system-err>
      </testcase>
      <testcase name="Test Cases/1.2-Tareas_Secundarias/4.1-Pruebas_Capacitación/4.2.1-Programar_un_evento" time="34.08" classname="Test Cases/1.2-Tareas_Secundarias/4.1-Pruebas_Capacitación/4.2.1-Programar_un_evento" status="PASSED">
         <system-out><![CDATA[2023-03-09 13:02:20 - [TEST_CASE][PASSED] - Test Cases/1.2-Tareas_Secundarias/4.1-Pruebas_Capacitación/4.2.1-Programar_un_evento: Test Cases/1.2-Tareas_Secundarias/4.1-Pruebas_Capacitación/4.2.1-Programar_un_evento

2023-03-09 13:02:20 - [TEST_STEP][PASSED] - callTestCase(findTestCase("Utilidades-(atajos_para _tareas)/Modulos/Modulo Control Evento Capacitacion"), [:], STOP_ON_FAILURE): Call Test Case 'Test Cases/Utilidades-(atajos_para _tareas)/Modulos/Modulo Control Evento Capacitacion' successfully

2023-03-09 13:02:20 - [TEST_CASE][PASSED] - Test Cases/Utilidades-(atajos_para _tareas)/Modulos/Modulo Control Evento Capacitacion: Test Cases/Utilidades-(atajos_para _tareas)/Modulos/Modulo Control Evento Capacitacion

2023-03-09 13:02:20 - [TEST_STEP][PASSED] - callTestCase(findTestCase("0.1-Login"), [:], STOP_ON_FAILURE): Call Test Case 'Test Cases/0.1-Login' successfully

2023-03-09 13:02:20 - [TEST_CASE][PASSED] - Test Cases/0.1-Login: Test Cases/0.1-Login

2023-03-09 13:02:20 - [TEST_STEP][PASSED] - openBrowser(""): Browser is opened with url: ''

2023-03-09 13:02:20 - [MESSAGE][WARNING] - A browser is already opened. Closing browser and opening a new one

2023-03-09 13:02:21 - [MESSAGE][INFO] - Starting 'Chrome' driver

2023-03-09 13:02:21 - [MESSAGE][INFO] - Action delay is set to 0 milliseconds

2023-03-09 13:02:22 - [MESSAGE][PASSED] - Browser is opened with url: ''

2023-03-09 13:02:22 - [TEST_STEP][PASSED] - maximizeWindow(): Current window maximized

2023-03-09 13:02:22 - [MESSAGE][PASSED] - Current window maximized

2023-03-09 13:02:22 - [TEST_STEP][PASSED] - i = G_Login: null

2023-03-09 13:02:22 - [TEST_STEP][PASSED] - url = new java.net.URL(i): null

2023-03-09 13:02:22 - [TEST_STEP][PASSED] - println("URL: " + url.toString()): null

2023-03-09 13:02:22 - [TEST_STEP][PASSED] - connection = url.openConnection(): null

2023-03-09 13:02:22 - [TEST_STEP][PASSED] - connection.setRequestMethod("GET"): null

2023-03-09 13:02:22 - [TEST_STEP][PASSED] - connection.setReadTimeout(2 * 1000): null

2023-03-09 13:02:22 - [TEST_STEP][PASSED] - try: null

2023-03-09 13:02:22 - [TEST_STEP][PASSED] - connection.connect(): null

2023-03-09 13:02:22 - [TEST_STEP][PASSED] - flag = connected: null

2023-03-09 13:02:22 - [TEST_STEP][PASSED] - println("Valor_ori: " + flag): null

2023-03-09 13:02:22 - [TEST_STEP][PASSED] - if (flag): null

2023-03-09 13:02:22 - [TEST_STEP][PASSED] - navigateToUrl(i): Navigate to 'http://192.168.2.19:7001/saraweb' successfully

2023-03-09 13:02:24 - [MESSAGE][PASSED] - Navigate to 'http://192.168.2.19:7001/saraweb' successfully

2023-03-09 13:02:24 - [TEST_STEP][PASSED] - a(): null

2023-03-09 13:02:24 - [TEST_STEP][PASSED] - if (waitForElementVisible(findTestObject("3-OBJECTS UTILIDADES/Login/input_USUARIO_loginusuario"), 0)): null

2023-03-09 13:02:24 - [MESSAGE][WARNING] - Timeout '0' is invalid. Using default page load timeout: '37'

2023-03-09 13:02:24 - [MESSAGE][PASSED] - Object 'Object Repository/3-OBJECTS UTILIDADES/Login/input_USUARIO_loginusuario' is visible

2023-03-09 13:02:24 - [TEST_STEP][PASSED] - switchToWindowTitle("SARA"): Switched to window with title: 'SARA'

2023-03-09 13:02:24 - [MESSAGE][PASSED] - Switched to window with title: 'SARA'

2023-03-09 13:02:24 - [TEST_STEP][PASSED] - zoom(): null

2023-03-09 13:02:24 - [TEST_STEP][PASSED] - robot = new java.awt.Robot(): null

2023-03-09 13:02:24 - [TEST_STEP][PASSED] - robot.keyPress(VK_CONTROL): null

2023-03-09 13:02:24 - [TEST_STEP][PASSED] - robot.keyPress(VK_SUBTRACT): null

2023-03-09 13:02:24 - [TEST_STEP][PASSED] - robot.keyRelease(VK_CONTROL): null

2023-03-09 13:02:24 - [TEST_STEP][PASSED] - robot.keyRelease(VK_SUBTRACT): null

2023-03-09 13:02:24 - [TEST_STEP][PASSED] - robot.keyPress(VK_CONTROL): null

2023-03-09 13:02:24 - [TEST_STEP][PASSED] - robot.keyPress(VK_SUBTRACT): null

2023-03-09 13:02:24 - [TEST_STEP][PASSED] - robot.keyRelease(VK_CONTROL): null

2023-03-09 13:02:24 - [TEST_STEP][PASSED] - robot.keyRelease(VK_SUBTRACT): null

2023-03-09 13:02:24 - [TEST_STEP][PASSED] - robot.keyPress(VK_CONTROL): null

2023-03-09 13:02:24 - [TEST_STEP][PASSED] - robot.keyPress(VK_SUBTRACT): null

2023-03-09 13:02:24 - [TEST_STEP][PASSED] - robot.keyRelease(VK_CONTROL): null

2023-03-09 13:02:24 - [TEST_STEP][PASSED] - robot.keyRelease(VK_SUBTRACT): null

2023-03-09 13:02:24 - [TEST_STEP][PASSED] - robot.keyRelease(VK_CONTROL): null

2023-03-09 13:02:24 - [TEST_STEP][PASSED] - robot.keyRelease(VK_SUBTRACT): null

2023-03-09 13:02:24 - [TEST_STEP][PASSED] - setText(findTestObject("3-OBJECTS UTILIDADES/Login/input_USUARIO_loginusuario"), G_Usuario): Text 'weblogic' is set on object 'Object Repository/3-OBJECTS UTILIDADES/Login/input_USUARIO_loginusuario'

2023-03-09 13:02:25 - [MESSAGE][PASSED] - Text 'weblogic' is set on object 'Object Repository/3-OBJECTS UTILIDADES/Login/input_USUARIO_loginusuario'

2023-03-09 13:02:25 - [TEST_STEP][PASSED] - setEncryptedText(findTestObject("3-OBJECTS UTILIDADES/Login/input_CLAVE_loginpassword"), "SlAwMcyRKqrwbnzhAs8HhT6NnI7sEyng"): Text ****** has been set on object 'Object Repository/3-OBJECTS UTILIDADES/Login/input_CLAVE_loginpassword'

2023-03-09 13:02:29 - [MESSAGE][PASSED] - Text ****** has been set on object 'Object Repository/3-OBJECTS UTILIDADES/Login/input_CLAVE_loginpassword'

2023-03-09 13:02:29 - [TEST_STEP][PASSED] - while (waitForElementClickable(findTestObject("3-OBJECTS UTILIDADES/Login/a_Ingresar"), 1)): Web element with id: 'Object Repository/3-OBJECTS UTILIDADES/Login/a_Ingresar' located by '//a[contains(text(),'Ingresar')]' not found

2023-03-09 13:02:31 - [MESSAGE][INFO] - Unable to find the element located by 'By.xpath: //a[contains(text(),'Ingresar')]'. Please recheck the objects properties to make sure the desired element is located. 

2023-03-09 13:02:31 - [MESSAGE][WARNING] - Web element with id: 'Object Repository/3-OBJECTS UTILIDADES/Login/a_Ingresar' located by '//a[contains(text(),'Ingresar')]' not found

2023-03-09 13:02:31 - [MESSAGE][PASSED] - Call Test Case 'Test Cases/0.1-Login' successfully

2023-03-09 13:02:31 - [TEST_STEP][PASSED] - setText(findTestObject("3-OBJECTS UTILIDADES/Modulo Control Evento Capacitacion/input_ADMINISTRADOR DEL SISTEMA - SARA_form_templatej_idt24_input"), "Control Evento"): Text 'Control Evento' is set on object 'Object Repository/3-OBJECTS UTILIDADES/Modulo Control Evento Capacitacion/input_ADMINISTRADOR DEL SISTEMA - SARA_form_templatej_idt24_input'

2023-03-09 13:02:32 - [MESSAGE][PASSED] - Text 'Control Evento' is set on object 'Object Repository/3-OBJECTS UTILIDADES/Modulo Control Evento Capacitacion/input_ADMINISTRADOR DEL SISTEMA - SARA_form_templatej_idt24_input'

2023-03-09 13:02:32 - [TEST_STEP][PASSED] - click(findTestObject("3-OBJECTS UTILIDADES/Modulo Control Evento Capacitacion/li_Control Evento Capacitacion (cap)")): Object: 'Object Repository/3-OBJECTS UTILIDADES/Modulo Control Evento Capacitacion/li_Control Evento Capacitacion (cap)' is clicked on

2023-03-09 13:02:33 - [MESSAGE][PASSED] - Object: 'Object Repository/3-OBJECTS UTILIDADES/Modulo Control Evento Capacitacion/li_Control Evento Capacitacion (cap)' is clicked on

2023-03-09 13:02:33 - [MESSAGE][PASSED] - Call Test Case 'Test Cases/Utilidades-(atajos_para _tareas)/Modulos/Modulo Control Evento Capacitacion' successfully

2023-03-09 13:02:33 - [TEST_STEP][PASSED] - click(findTestObject("2-OBJECTS TAREAS SECUNDARIAS/Pruebas capacitacion/Programar_un_evento/td_Prueba")): Object: 'Object Repository/2-OBJECTS TAREAS SECUNDARIAS/Pruebas capacitacion/Programar_un_evento/td_Prueba' is clicked on

2023-03-09 13:02:36 - [MESSAGE][PASSED] - Object: 'Object Repository/2-OBJECTS TAREAS SECUNDARIAS/Pruebas capacitacion/Programar_un_evento/td_Prueba' is clicked on

2023-03-09 13:02:36 - [TEST_STEP][PASSED] - click(findTestObject("2-OBJECTS TAREAS SECUNDARIAS/Pruebas capacitacion/Programar_un_evento/div_Programacin")): Object: 'Object Repository/2-OBJECTS TAREAS SECUNDARIAS/Pruebas capacitacion/Programar_un_evento/div_Programacin' is clicked on

2023-03-09 13:02:37 - [MESSAGE][PASSED] - Object: 'Object Repository/2-OBJECTS TAREAS SECUNDARIAS/Pruebas capacitacion/Programar_un_evento/div_Programacin' is clicked on

2023-03-09 13:02:37 - [TEST_STEP][PASSED] - click(findTestObject("2-OBJECTS TAREAS SECUNDARIAS/Pruebas capacitacion/Programar_un_evento/a_Programacin")): Object: 'Object Repository/2-OBJECTS TAREAS SECUNDARIAS/Pruebas capacitacion/Programar_un_evento/a_Programacin' is clicked on

2023-03-09 13:02:38 - [MESSAGE][PASSED] - Object: 'Object Repository/2-OBJECTS TAREAS SECUNDARIAS/Pruebas capacitacion/Programar_un_evento/a_Programacin' is clicked on

2023-03-09 13:02:38 - [TEST_STEP][PASSED] - if (waitForElementVisible(findTestObject("2-OBJECTS TAREAS SECUNDARIAS/Pruebas capacitacion/Programar_un_evento/td_24122021"), 1)): Object 'Object Repository/2-OBJECTS TAREAS SECUNDARIAS/Pruebas capacitacion/Programar_un_evento/td_24122021' is not visible after 1 second(s)

2023-03-09 13:02:40 - [MESSAGE][WARNING] - Object 'Object Repository/2-OBJECTS TAREAS SECUNDARIAS/Pruebas capacitacion/Programar_un_evento/td_24122021' is not visible after 1 second(s)

2023-03-09 13:02:40 - [TEST_STEP][PASSED] - click(findTestObject("2-OBJECTS TAREAS SECUNDARIAS/Pruebas capacitacion/Programar_un_evento/a_Nuevo")): Object: 'Object Repository/2-OBJECTS TAREAS SECUNDARIAS/Pruebas capacitacion/Programar_un_evento/a_Nuevo' is clicked on

2023-03-09 13:02:40 - [MESSAGE][PASSED] - Object: 'Object Repository/2-OBJECTS TAREAS SECUNDARIAS/Pruebas capacitacion/Programar_un_evento/a_Nuevo' is clicked on

2023-03-09 13:02:40 - [TEST_STEP][PASSED] - setText(findTestObject("2-OBJECTS TAREAS SECUNDARIAS/Pruebas capacitacion/Programar_un_evento/input_Das_diaeventoPopup_formdia_input"), "24/12/2021"): Text '24/12/2021' is set on object 'Object Repository/2-OBJECTS TAREAS SECUNDARIAS/Pruebas capacitacion/Programar_un_evento/input_Das_diaeventoPopup_formdia_input'

2023-03-09 13:02:42 - [MESSAGE][PASSED] - Text '24/12/2021' is set on object 'Object Repository/2-OBJECTS TAREAS SECUNDARIAS/Pruebas capacitacion/Programar_un_evento/input_Das_diaeventoPopup_formdia_input'

2023-03-09 13:02:42 - [TEST_STEP][PASSED] - selectOptionByIndex(findTestObject("2-OBJECTS TAREAS SECUNDARIAS/Pruebas capacitacion/Programar_un_evento/select_010203040506070809101112_1"), 0): All options with index in [0] are selected on object 'Object Repository/2-OBJECTS TAREAS SECUNDARIAS/Pruebas capacitacion/Programar_un_evento/select_010203040506070809101112_1'

2023-03-09 13:02:43 - [MESSAGE][PASSED] - All options with index in [0] are selected on object 'Object Repository/2-OBJECTS TAREAS SECUNDARIAS/Pruebas capacitacion/Programar_un_evento/select_010203040506070809101112_1'

2023-03-09 13:02:43 - [TEST_STEP][PASSED] - selectOptionByIndex(findTestObject("2-OBJECTS TAREAS SECUNDARIAS/Pruebas capacitacion/Programar_un_evento/select_00153045_1"), 2): All options with index in [2] are selected on object 'Object Repository/2-OBJECTS TAREAS SECUNDARIAS/Pruebas capacitacion/Programar_un_evento/select_00153045_1'

2023-03-09 13:02:44 - [MESSAGE][PASSED] - All options with index in [2] are selected on object 'Object Repository/2-OBJECTS TAREAS SECUNDARIAS/Pruebas capacitacion/Programar_un_evento/select_00153045_1'

2023-03-09 13:02:44 - [TEST_STEP][PASSED] - selectOptionByIndex(findTestObject("2-OBJECTS TAREAS SECUNDARIAS/Pruebas capacitacion/Programar_un_evento/select_AMPM_1"), 1): All options with index in [1] are selected on object 'Object Repository/2-OBJECTS TAREAS SECUNDARIAS/Pruebas capacitacion/Programar_un_evento/select_AMPM_1'

2023-03-09 13:02:45 - [MESSAGE][PASSED] - All options with index in [1] are selected on object 'Object Repository/2-OBJECTS TAREAS SECUNDARIAS/Pruebas capacitacion/Programar_un_evento/select_AMPM_1'

2023-03-09 13:02:45 - [TEST_STEP][PASSED] - selectOptionByIndex(findTestObject("2-OBJECTS TAREAS SECUNDARIAS/Pruebas capacitacion/Programar_un_evento/select_010203040506070809101112_2"), 2): All options with index in [2] are selected on object 'Object Repository/2-OBJECTS TAREAS SECUNDARIAS/Pruebas capacitacion/Programar_un_evento/select_010203040506070809101112_2'

2023-03-09 13:02:46 - [MESSAGE][PASSED] - All options with index in [2] are selected on object 'Object Repository/2-OBJECTS TAREAS SECUNDARIAS/Pruebas capacitacion/Programar_un_evento/select_010203040506070809101112_2'

2023-03-09 13:02:46 - [TEST_STEP][PASSED] - selectOptionByIndex(findTestObject("2-OBJECTS TAREAS SECUNDARIAS/Pruebas capacitacion/Programar_un_evento/select_00153045_2"), 3): All options with index in [3] are selected on object 'Object Repository/2-OBJECTS TAREAS SECUNDARIAS/Pruebas capacitacion/Programar_un_evento/select_00153045_2'

2023-03-09 13:02:47 - [MESSAGE][PASSED] - All options with index in [3] are selected on object 'Object Repository/2-OBJECTS TAREAS SECUNDARIAS/Pruebas capacitacion/Programar_un_evento/select_00153045_2'

2023-03-09 13:02:47 - [TEST_STEP][PASSED] - selectOptionByIndex(findTestObject("2-OBJECTS TAREAS SECUNDARIAS/Pruebas capacitacion/Programar_un_evento/select_AMPM_2"), 1): All options with index in [1] are selected on object 'Object Repository/2-OBJECTS TAREAS SECUNDARIAS/Pruebas capacitacion/Programar_un_evento/select_AMPM_2'

2023-03-09 13:02:48 - [MESSAGE][PASSED] - All options with index in [1] are selected on object 'Object Repository/2-OBJECTS TAREAS SECUNDARIAS/Pruebas capacitacion/Programar_un_evento/select_AMPM_2'

2023-03-09 13:02:48 - [TEST_STEP][PASSED] - selectOptionByIndex(findTestObject("2-OBJECTS TAREAS SECUNDARIAS/Pruebas capacitacion/Programar_un_evento/select_SeleccionePrueba"), 1): All options with index in [1] are selected on object 'Object Repository/2-OBJECTS TAREAS SECUNDARIAS/Pruebas capacitacion/Programar_un_evento/select_SeleccionePrueba'

2023-03-09 13:02:49 - [MESSAGE][PASSED] - All options with index in [1] are selected on object 'Object Repository/2-OBJECTS TAREAS SECUNDARIAS/Pruebas capacitacion/Programar_un_evento/select_SeleccionePrueba'

2023-03-09 13:02:49 - [TEST_STEP][PASSED] - selectOptionByIndex(findTestObject("2-OBJECTS TAREAS SECUNDARIAS/Pruebas capacitacion/Programar_un_evento/select_SeleccioneAula InteligenteSala de JuntasSalon ExternoSalon Principal"), 4): All options with index in [4] are selected on object 'Object Repository/2-OBJECTS TAREAS SECUNDARIAS/Pruebas capacitacion/Programar_un_evento/select_SeleccioneAula InteligenteSala de JuntasSalon ExternoSalon Principal'

2023-03-09 13:02:50 - [MESSAGE][PASSED] - All options with index in [4] are selected on object 'Object Repository/2-OBJECTS TAREAS SECUNDARIAS/Pruebas capacitacion/Programar_un_evento/select_SeleccioneAula InteligenteSala de JuntasSalon ExternoSalon Principal'

2023-03-09 13:02:50 - [TEST_STEP][PASSED] - selectOptionByIndex(findTestObject("2-OBJECTS TAREAS SECUNDARIAS/Pruebas capacitacion/Programar_un_evento/select_SeleccionePRUEBA DE MODULO"), 1): All options with index in [1] are selected on object 'Object Repository/2-OBJECTS TAREAS SECUNDARIAS/Pruebas capacitacion/Programar_un_evento/select_SeleccionePRUEBA DE MODULO'

2023-03-09 13:02:51 - [MESSAGE][PASSED] - All options with index in [1] are selected on object 'Object Repository/2-OBJECTS TAREAS SECUNDARIAS/Pruebas capacitacion/Programar_un_evento/select_SeleccionePRUEBA DE MODULO'

2023-03-09 13:02:51 - [TEST_STEP][PASSED] - selectOptionByIndex(findTestObject("2-OBJECTS TAREAS SECUNDARIAS/Pruebas capacitacion/Programar_un_evento/select_Seleccione23913781ALMANZA ROSAS SILVISGUISELLGUTIERREZ ALVAREZ FERNANDA LUCIA"), 1): All options with index in [1] are selected on object 'Object Repository/2-OBJECTS TAREAS SECUNDARIAS/Pruebas capacitacion/Programar_un_evento/select_Seleccione23913781ALMANZA ROSAS SILVISGUISELLGUTIERREZ ALVAREZ FERNANDA LUCIA'

2023-03-09 13:02:53 - [MESSAGE][PASSED] - All options with index in [1] are selected on object 'Object Repository/2-OBJECTS TAREAS SECUNDARIAS/Pruebas capacitacion/Programar_un_evento/select_Seleccione23913781ALMANZA ROSAS SILVISGUISELLGUTIERREZ ALVAREZ FERNANDA LUCIA'

2023-03-09 13:02:53 - [TEST_STEP][PASSED] - click(findTestObject("2-OBJECTS TAREAS SECUNDARIAS/Pruebas capacitacion/Programar_un_evento/a_Guardar")): Object: 'Object Repository/2-OBJECTS TAREAS SECUNDARIAS/Pruebas capacitacion/Programar_un_evento/a_Guardar' is clicked on

2023-03-09 13:02:53 - [MESSAGE][PASSED] - Object: 'Object Repository/2-OBJECTS TAREAS SECUNDARIAS/Pruebas capacitacion/Programar_un_evento/a_Guardar' is clicked on

2023-03-09 13:02:53 - [TEST_STEP][PASSED] - Result = getText(findTestObject("3-OBJECTS UTILIDADES/Alerta/Alerta")): Text of object 'Object Repository/3-OBJECTS UTILIDADES/Alerta/Alerta' is: 'Se ingreso el registro'

2023-03-09 13:02:54 - [MESSAGE][PASSED] - Text of object 'Object Repository/3-OBJECTS UTILIDADES/Alerta/Alerta' is: 'Se ingreso el registro'

2023-03-09 13:02:54 - [TEST_STEP][PASSED] - if (Result == "Se ingreso el registro"): null

2023-03-09 13:02:54 - [TEST_STEP][PASSED] - Resultado = "PRueba ok": null]]></system-out>
         <system-err><![CDATA[]]></system-err>
      </testcase>
      <testcase name="Test Cases/1.2-Tareas_Secundarias/4.1-Pruebas_Capacitación/4.2.2-Programar_una_Evaluación_de_un_evento" time="31.092" classname="Test Cases/1.2-Tareas_Secundarias/4.1-Pruebas_Capacitación/4.2.2-Programar_una_Evaluación_de_un_evento" status="PASSED">
         <system-out><![CDATA[2023-03-09 13:02:54 - [TEST_CASE][PASSED] - Test Cases/1.2-Tareas_Secundarias/4.1-Pruebas_Capacitación/4.2.2-Programar_una_Evaluación_de_un_evento: Test Cases/1.2-Tareas_Secundarias/4.1-Pruebas_Capacitación/4.2.2-Programar_una_Evaluación_de_un_evento

2023-03-09 13:02:54 - [TEST_STEP][PASSED] - callTestCase(findTestCase("Utilidades-(atajos_para _tareas)/Modulos/Modulo Control Evento Capacitacion"), [:], STOP_ON_FAILURE): Call Test Case 'Test Cases/Utilidades-(atajos_para _tareas)/Modulos/Modulo Control Evento Capacitacion' successfully

2023-03-09 13:02:54 - [TEST_CASE][PASSED] - Test Cases/Utilidades-(atajos_para _tareas)/Modulos/Modulo Control Evento Capacitacion: Test Cases/Utilidades-(atajos_para _tareas)/Modulos/Modulo Control Evento Capacitacion

2023-03-09 13:02:54 - [TEST_STEP][PASSED] - callTestCase(findTestCase("0.1-Login"), [:], STOP_ON_FAILURE): Call Test Case 'Test Cases/0.1-Login' successfully

2023-03-09 13:02:54 - [TEST_CASE][PASSED] - Test Cases/0.1-Login: Test Cases/0.1-Login

2023-03-09 13:02:54 - [TEST_STEP][PASSED] - openBrowser(""): Browser is opened with url: ''

2023-03-09 13:02:54 - [MESSAGE][WARNING] - A browser is already opened. Closing browser and opening a new one

2023-03-09 13:02:55 - [MESSAGE][INFO] - Starting 'Chrome' driver

2023-03-09 13:02:55 - [MESSAGE][INFO] - Action delay is set to 0 milliseconds

2023-03-09 13:02:56 - [MESSAGE][PASSED] - Browser is opened with url: ''

2023-03-09 13:02:56 - [TEST_STEP][PASSED] - maximizeWindow(): Current window maximized

2023-03-09 13:02:56 - [MESSAGE][PASSED] - Current window maximized

2023-03-09 13:02:56 - [TEST_STEP][PASSED] - i = G_Login: null

2023-03-09 13:02:56 - [TEST_STEP][PASSED] - url = new java.net.URL(i): null

2023-03-09 13:02:56 - [TEST_STEP][PASSED] - println("URL: " + url.toString()): null

2023-03-09 13:02:56 - [TEST_STEP][PASSED] - connection = url.openConnection(): null

2023-03-09 13:02:56 - [TEST_STEP][PASSED] - connection.setRequestMethod("GET"): null

2023-03-09 13:02:56 - [TEST_STEP][PASSED] - connection.setReadTimeout(2 * 1000): null

2023-03-09 13:02:56 - [TEST_STEP][PASSED] - try: null

2023-03-09 13:02:56 - [TEST_STEP][PASSED] - connection.connect(): null

2023-03-09 13:02:56 - [TEST_STEP][PASSED] - flag = connected: null

2023-03-09 13:02:56 - [TEST_STEP][PASSED] - println("Valor_ori: " + flag): null

2023-03-09 13:02:56 - [TEST_STEP][PASSED] - if (flag): null

2023-03-09 13:02:56 - [TEST_STEP][PASSED] - navigateToUrl(i): Navigate to 'http://192.168.2.19:7001/saraweb' successfully

2023-03-09 13:02:58 - [MESSAGE][PASSED] - Navigate to 'http://192.168.2.19:7001/saraweb' successfully

2023-03-09 13:02:58 - [TEST_STEP][PASSED] - a(): null

2023-03-09 13:02:58 - [TEST_STEP][PASSED] - if (waitForElementVisible(findTestObject("3-OBJECTS UTILIDADES/Login/input_USUARIO_loginusuario"), 0)): null

2023-03-09 13:02:59 - [MESSAGE][WARNING] - Timeout '0' is invalid. Using default page load timeout: '37'

2023-03-09 13:02:59 - [MESSAGE][PASSED] - Object 'Object Repository/3-OBJECTS UTILIDADES/Login/input_USUARIO_loginusuario' is visible

2023-03-09 13:02:59 - [TEST_STEP][PASSED] - switchToWindowTitle("SARA"): Switched to window with title: 'SARA'

2023-03-09 13:02:59 - [MESSAGE][PASSED] - Switched to window with title: 'SARA'

2023-03-09 13:02:59 - [TEST_STEP][PASSED] - zoom(): null

2023-03-09 13:02:59 - [TEST_STEP][PASSED] - robot = new java.awt.Robot(): null

2023-03-09 13:02:59 - [TEST_STEP][PASSED] - robot.keyPress(VK_CONTROL): null

2023-03-09 13:02:59 - [TEST_STEP][PASSED] - robot.keyPress(VK_SUBTRACT): null

2023-03-09 13:02:59 - [TEST_STEP][PASSED] - robot.keyRelease(VK_CONTROL): null

2023-03-09 13:02:59 - [TEST_STEP][PASSED] - robot.keyRelease(VK_SUBTRACT): null

2023-03-09 13:02:59 - [TEST_STEP][PASSED] - robot.keyPress(VK_CONTROL): null

2023-03-09 13:02:59 - [TEST_STEP][PASSED] - robot.keyPress(VK_SUBTRACT): null

2023-03-09 13:02:59 - [TEST_STEP][PASSED] - robot.keyRelease(VK_CONTROL): null

2023-03-09 13:02:59 - [TEST_STEP][PASSED] - robot.keyRelease(VK_SUBTRACT): null

2023-03-09 13:02:59 - [TEST_STEP][PASSED] - robot.keyPress(VK_CONTROL): null

2023-03-09 13:02:59 - [TEST_STEP][PASSED] - robot.keyPress(VK_SUBTRACT): null

2023-03-09 13:02:59 - [TEST_STEP][PASSED] - robot.keyRelease(VK_CONTROL): null

2023-03-09 13:02:59 - [TEST_STEP][PASSED] - robot.keyRelease(VK_SUBTRACT): null

2023-03-09 13:02:59 - [TEST_STEP][PASSED] - robot.keyRelease(VK_CONTROL): null

2023-03-09 13:02:59 - [TEST_STEP][PASSED] - robot.keyRelease(VK_SUBTRACT): null

2023-03-09 13:02:59 - [TEST_STEP][PASSED] - setText(findTestObject("3-OBJECTS UTILIDADES/Login/input_USUARIO_loginusuario"), G_Usuario): Text 'weblogic' is set on object 'Object Repository/3-OBJECTS UTILIDADES/Login/input_USUARIO_loginusuario'

2023-03-09 13:03:00 - [MESSAGE][PASSED] - Text 'weblogic' is set on object 'Object Repository/3-OBJECTS UTILIDADES/Login/input_USUARIO_loginusuario'

2023-03-09 13:03:00 - [TEST_STEP][PASSED] - setEncryptedText(findTestObject("3-OBJECTS UTILIDADES/Login/input_CLAVE_loginpassword"), "SlAwMcyRKqrwbnzhAs8HhT6NnI7sEyng"): Text ****** has been set on object 'Object Repository/3-OBJECTS UTILIDADES/Login/input_CLAVE_loginpassword'

2023-03-09 13:03:06 - [MESSAGE][PASSED] - Text ****** has been set on object 'Object Repository/3-OBJECTS UTILIDADES/Login/input_CLAVE_loginpassword'

2023-03-09 13:03:06 - [TEST_STEP][PASSED] - while (waitForElementClickable(findTestObject("3-OBJECTS UTILIDADES/Login/a_Ingresar"), 1)): Web element with id: 'Object Repository/3-OBJECTS UTILIDADES/Login/a_Ingresar' located by '//a[contains(text(),'Ingresar')]' not found

2023-03-09 13:03:09 - [MESSAGE][INFO] - Unable to find the element located by 'By.xpath: //a[contains(text(),'Ingresar')]'. Please recheck the objects properties to make sure the desired element is located. 

2023-03-09 13:03:09 - [MESSAGE][WARNING] - Web element with id: 'Object Repository/3-OBJECTS UTILIDADES/Login/a_Ingresar' located by '//a[contains(text(),'Ingresar')]' not found

2023-03-09 13:03:09 - [MESSAGE][PASSED] - Call Test Case 'Test Cases/0.1-Login' successfully

2023-03-09 13:03:09 - [TEST_STEP][PASSED] - setText(findTestObject("3-OBJECTS UTILIDADES/Modulo Control Evento Capacitacion/input_ADMINISTRADOR DEL SISTEMA - SARA_form_templatej_idt24_input"), "Control Evento"): Text 'Control Evento' is set on object 'Object Repository/3-OBJECTS UTILIDADES/Modulo Control Evento Capacitacion/input_ADMINISTRADOR DEL SISTEMA - SARA_form_templatej_idt24_input'

2023-03-09 13:03:09 - [MESSAGE][PASSED] - Text 'Control Evento' is set on object 'Object Repository/3-OBJECTS UTILIDADES/Modulo Control Evento Capacitacion/input_ADMINISTRADOR DEL SISTEMA - SARA_form_templatej_idt24_input'

2023-03-09 13:03:09 - [TEST_STEP][PASSED] - click(findTestObject("3-OBJECTS UTILIDADES/Modulo Control Evento Capacitacion/li_Control Evento Capacitacion (cap)")): Object: 'Object Repository/3-OBJECTS UTILIDADES/Modulo Control Evento Capacitacion/li_Control Evento Capacitacion (cap)' is clicked on

2023-03-09 13:03:11 - [MESSAGE][PASSED] - Object: 'Object Repository/3-OBJECTS UTILIDADES/Modulo Control Evento Capacitacion/li_Control Evento Capacitacion (cap)' is clicked on

2023-03-09 13:03:11 - [MESSAGE][PASSED] - Call Test Case 'Test Cases/Utilidades-(atajos_para _tareas)/Modulos/Modulo Control Evento Capacitacion' successfully

2023-03-09 13:03:11 - [TEST_STEP][PASSED] - click(findTestObject("2-OBJECTS TAREAS SECUNDARIAS/Pruebas capacitacion/Programar_una_Evaluación_de_un_evento/td_Prueba")): Object: 'Object Repository/2-OBJECTS TAREAS SECUNDARIAS/Pruebas capacitacion/Programar_una_Evaluación_de_un_evento/td_Prueba' is clicked on

2023-03-09 13:03:14 - [MESSAGE][PASSED] - Object: 'Object Repository/2-OBJECTS TAREAS SECUNDARIAS/Pruebas capacitacion/Programar_una_Evaluación_de_un_evento/td_Prueba' is clicked on

2023-03-09 13:03:14 - [TEST_STEP][PASSED] - click(findTestObject("2-OBJECTS TAREAS SECUNDARIAS/Pruebas capacitacion/Programar_una_Evaluación_de_un_evento/div_Evaluacin")): Object: 'Object Repository/2-OBJECTS TAREAS SECUNDARIAS/Pruebas capacitacion/Programar_una_Evaluación_de_un_evento/div_Evaluacin' is clicked on

2023-03-09 13:03:15 - [MESSAGE][PASSED] - Object: 'Object Repository/2-OBJECTS TAREAS SECUNDARIAS/Pruebas capacitacion/Programar_una_Evaluación_de_un_evento/div_Evaluacin' is clicked on

2023-03-09 13:03:15 - [TEST_STEP][PASSED] - click(findTestObject("2-OBJECTS TAREAS SECUNDARIAS/Pruebas capacitacion/Programar_una_Evaluación_de_un_evento/a_Evento")): Object: 'Object Repository/2-OBJECTS TAREAS SECUNDARIAS/Pruebas capacitacion/Programar_una_Evaluación_de_un_evento/a_Evento' is clicked on

2023-03-09 13:03:15 - [MESSAGE][PASSED] - Object: 'Object Repository/2-OBJECTS TAREAS SECUNDARIAS/Pruebas capacitacion/Programar_una_Evaluación_de_un_evento/a_Evento' is clicked on

2023-03-09 13:03:15 - [TEST_STEP][PASSED] - if (waitForElementPresent(findTestObject("2-OBJECTS TAREAS SECUNDARIAS/Pruebas capacitacion/Programar_una_Evaluación_de_un_evento/td_Encuesta De Satisfaccion Capacitacion"), 1)): Object 'Object Repository/2-OBJECTS TAREAS SECUNDARIAS/Pruebas capacitacion/Programar_una_Evaluación_de_un_evento/td_Encuesta De Satisfaccion Capacitacion' is not present after 1 second(s)

2023-03-09 13:03:18 - [MESSAGE][INFO] - Unable to find the element located by 'By.xpath: //tr[2]/td/div/div/table/tbody/tr/td[2]'. Please recheck the objects properties to make sure the desired element is located. 

2023-03-09 13:03:18 - [MESSAGE][WARNING] - Object 'Object Repository/2-OBJECTS TAREAS SECUNDARIAS/Pruebas capacitacion/Programar_una_Evaluación_de_un_evento/td_Encuesta De Satisfaccion Capacitacion' is not present after 1 second(s)

2023-03-09 13:03:18 - [TEST_STEP][PASSED] - click(findTestObject("2-OBJECTS TAREAS SECUNDARIAS/Pruebas capacitacion/Programar_una_Evaluación_de_un_evento/a_Programar")): Object: 'Object Repository/2-OBJECTS TAREAS SECUNDARIAS/Pruebas capacitacion/Programar_una_Evaluación_de_un_evento/a_Programar' is clicked on

2023-03-09 13:03:18 - [MESSAGE][PASSED] - Object: 'Object Repository/2-OBJECTS TAREAS SECUNDARIAS/Pruebas capacitacion/Programar_una_Evaluación_de_un_evento/a_Programar' is clicked on

2023-03-09 13:03:18 - [TEST_STEP][PASSED] - selectOptionByIndex(findTestObject("2-OBJECTS TAREAS SECUNDARIAS/Pruebas capacitacion/Programar_una_Evaluación_de_un_evento/select_SeleccioneENCUESTA DE SATISFACCION CAPACITACION"), 1): All options with index in [1] are selected on object 'Object Repository/2-OBJECTS TAREAS SECUNDARIAS/Pruebas capacitacion/Programar_una_Evaluación_de_un_evento/select_SeleccioneENCUESTA DE SATISFACCION CAPACITACION'

2023-03-09 13:03:20 - [MESSAGE][PASSED] - All options with index in [1] are selected on object 'Object Repository/2-OBJECTS TAREAS SECUNDARIAS/Pruebas capacitacion/Programar_una_Evaluación_de_un_evento/select_SeleccioneENCUESTA DE SATISFACCION CAPACITACION'

2023-03-09 13:03:20 - [TEST_STEP][PASSED] - selectOptionByIndex(findTestObject("2-OBJECTS TAREAS SECUNDARIAS/Pruebas capacitacion/Programar_una_Evaluación_de_un_evento/select_SeleccioneACEPTADOFINALIZADOINSCRITONO ACEPTADONO APROBADONO ASISTIO"), 0): All options with index in [0] are selected on object 'Object Repository/2-OBJECTS TAREAS SECUNDARIAS/Pruebas capacitacion/Programar_una_Evaluación_de_un_evento/select_SeleccioneACEPTADOFINALIZADOINSCRITONO ACEPTADONO APROBADONO ASISTIO'

2023-03-09 13:03:21 - [MESSAGE][PASSED] - All options with index in [0] are selected on object 'Object Repository/2-OBJECTS TAREAS SECUNDARIAS/Pruebas capacitacion/Programar_una_Evaluación_de_un_evento/select_SeleccioneACEPTADOFINALIZADOINSCRITONO ACEPTADONO APROBADONO ASISTIO'

2023-03-09 13:03:21 - [TEST_STEP][PASSED] - check(findTestObject("2-OBJECTS TAREAS SECUNDARIAS/Pruebas capacitacion/Programar_una_Evaluación_de_un_evento/div_Grupo_ui-chkbox-box ui-widget ui-corner-all ui-state-default ui-state-hover")): Object 'Object Repository/2-OBJECTS TAREAS SECUNDARIAS/Pruebas capacitacion/Programar_una_Evaluación_de_un_evento/div_Grupo_ui-chkbox-box ui-widget ui-corner-all ui-state-default ui-state-hover' is checked

2023-03-09 13:03:21 - [MESSAGE][PASSED] - Object 'Object Repository/2-OBJECTS TAREAS SECUNDARIAS/Pruebas capacitacion/Programar_una_Evaluación_de_un_evento/div_Grupo_ui-chkbox-box ui-widget ui-corner-all ui-state-default ui-state-hover' is checked

2023-03-09 13:03:21 - [TEST_STEP][PASSED] - setText(findTestObject("2-OBJECTS TAREAS SECUNDARIAS/Pruebas capacitacion/Programar_una_Evaluación_de_un_evento/input_Fecha Limite_popupProgramarEvento_formfechaIn_input"), "31/12/2021"): Text '31/12/2021' is set on object 'Object Repository/2-OBJECTS TAREAS SECUNDARIAS/Pruebas capacitacion/Programar_una_Evaluación_de_un_evento/input_Fecha Limite_popupProgramarEvento_formfechaIn_input'

2023-03-09 13:03:22 - [MESSAGE][PASSED] - Text '31/12/2021' is set on object 'Object Repository/2-OBJECTS TAREAS SECUNDARIAS/Pruebas capacitacion/Programar_una_Evaluación_de_un_evento/input_Fecha Limite_popupProgramarEvento_formfechaIn_input'

2023-03-09 13:03:22 - [TEST_STEP][PASSED] - click(findTestObject("2-OBJECTS TAREAS SECUNDARIAS/Pruebas capacitacion/Programar_una_Evaluación_de_un_evento/a_Aplicar")): Object: 'Object Repository/2-OBJECTS TAREAS SECUNDARIAS/Pruebas capacitacion/Programar_una_Evaluación_de_un_evento/a_Aplicar' is clicked on

2023-03-09 13:03:23 - [MESSAGE][PASSED] - Object: 'Object Repository/2-OBJECTS TAREAS SECUNDARIAS/Pruebas capacitacion/Programar_una_Evaluación_de_un_evento/a_Aplicar' is clicked on

2023-03-09 13:03:23 - [TEST_STEP][PASSED] - Result = getText(findTestObject("3-OBJECTS UTILIDADES/Alerta/Alerta")): Text of object 'Object Repository/3-OBJECTS UTILIDADES/Alerta/Alerta' is: 'Se aplico correctamente'

2023-03-09 13:03:24 - [MESSAGE][PASSED] - Text of object 'Object Repository/3-OBJECTS UTILIDADES/Alerta/Alerta' is: 'Se aplico correctamente'

2023-03-09 13:03:24 - [TEST_STEP][PASSED] - if (Result == "Se aplico correctamente"): Browser is closed

2023-03-09 13:03:24 - [TEST_STEP][PASSED] - Resultado = "PRUEBA OK": null

2023-03-09 13:03:24 - [TEST_STEP][PASSED] - closeBrowser(): Browser is closed

2023-03-09 13:03:25 - [MESSAGE][PASSED] - Browser is closed]]></system-out>
         <system-err><![CDATA[]]></system-err>
      </testcase>
      <testcase name="Test Cases/1.2-Tareas_Secundarias/4.1-Pruebas_Capacitación/4.2.3-Crear_una_Necesidad_de_Capacitación" time="29.645" classname="Test Cases/1.2-Tareas_Secundarias/4.1-Pruebas_Capacitación/4.2.3-Crear_una_Necesidad_de_Capacitación" status="PASSED">
         <system-out><![CDATA[2023-03-09 13:03:25 - [TEST_CASE][PASSED] - Test Cases/1.2-Tareas_Secundarias/4.1-Pruebas_Capacitación/4.2.3-Crear_una_Necesidad_de_Capacitación: Test Cases/1.2-Tareas_Secundarias/4.1-Pruebas_Capacitación/4.2.3-Crear_una_Necesidad_de_Capacitación

2023-03-09 13:03:25 - [TEST_STEP][PASSED] - callTestCase(findTestCase("0.1-Login"), [:], STOP_ON_FAILURE): Call Test Case 'Test Cases/0.1-Login' successfully

2023-03-09 13:03:25 - [TEST_CASE][PASSED] - Test Cases/0.1-Login: Test Cases/0.1-Login

2023-03-09 13:03:25 - [TEST_STEP][PASSED] - openBrowser(""): Browser is opened with url: ''

2023-03-09 13:03:25 - [MESSAGE][INFO] - Starting 'Chrome' driver

2023-03-09 13:03:25 - [MESSAGE][INFO] - Action delay is set to 0 milliseconds

2023-03-09 13:03:26 - [MESSAGE][PASSED] - Browser is opened with url: ''

2023-03-09 13:03:26 - [TEST_STEP][PASSED] - maximizeWindow(): Current window maximized

2023-03-09 13:03:27 - [MESSAGE][PASSED] - Current window maximized

2023-03-09 13:03:27 - [TEST_STEP][PASSED] - i = G_Login: null

2023-03-09 13:03:27 - [TEST_STEP][PASSED] - url = new java.net.URL(i): null

2023-03-09 13:03:27 - [TEST_STEP][PASSED] - println("URL: " + url.toString()): null

2023-03-09 13:03:27 - [TEST_STEP][PASSED] - connection = url.openConnection(): null

2023-03-09 13:03:27 - [TEST_STEP][PASSED] - connection.setRequestMethod("GET"): null

2023-03-09 13:03:27 - [TEST_STEP][PASSED] - connection.setReadTimeout(2 * 1000): null

2023-03-09 13:03:27 - [TEST_STEP][PASSED] - try: null

2023-03-09 13:03:27 - [TEST_STEP][PASSED] - connection.connect(): null

2023-03-09 13:03:27 - [TEST_STEP][PASSED] - flag = connected: null

2023-03-09 13:03:27 - [TEST_STEP][PASSED] - println("Valor_ori: " + flag): null

2023-03-09 13:03:27 - [TEST_STEP][PASSED] - if (flag): null

2023-03-09 13:03:27 - [TEST_STEP][PASSED] - navigateToUrl(i): Navigate to 'http://192.168.2.19:7001/saraweb' successfully

2023-03-09 13:03:28 - [MESSAGE][PASSED] - Navigate to 'http://192.168.2.19:7001/saraweb' successfully

2023-03-09 13:03:28 - [TEST_STEP][PASSED] - a(): null

2023-03-09 13:03:28 - [TEST_STEP][PASSED] - if (waitForElementVisible(findTestObject("3-OBJECTS UTILIDADES/Login/input_USUARIO_loginusuario"), 0)): null

2023-03-09 13:03:28 - [MESSAGE][WARNING] - Timeout '0' is invalid. Using default page load timeout: '37'

2023-03-09 13:03:29 - [MESSAGE][PASSED] - Object 'Object Repository/3-OBJECTS UTILIDADES/Login/input_USUARIO_loginusuario' is visible

2023-03-09 13:03:29 - [TEST_STEP][PASSED] - switchToWindowTitle("SARA"): Switched to window with title: 'SARA'

2023-03-09 13:03:29 - [MESSAGE][PASSED] - Switched to window with title: 'SARA'

2023-03-09 13:03:29 - [TEST_STEP][PASSED] - zoom(): null

2023-03-09 13:03:29 - [TEST_STEP][PASSED] - robot = new java.awt.Robot(): null

2023-03-09 13:03:29 - [TEST_STEP][PASSED] - robot.keyPress(VK_CONTROL): null

2023-03-09 13:03:29 - [TEST_STEP][PASSED] - robot.keyPress(VK_SUBTRACT): null

2023-03-09 13:03:29 - [TEST_STEP][PASSED] - robot.keyRelease(VK_CONTROL): null

2023-03-09 13:03:29 - [TEST_STEP][PASSED] - robot.keyRelease(VK_SUBTRACT): null

2023-03-09 13:03:29 - [TEST_STEP][PASSED] - robot.keyPress(VK_CONTROL): null

2023-03-09 13:03:29 - [TEST_STEP][PASSED] - robot.keyPress(VK_SUBTRACT): null

2023-03-09 13:03:29 - [TEST_STEP][PASSED] - robot.keyRelease(VK_CONTROL): null

2023-03-09 13:03:29 - [TEST_STEP][PASSED] - robot.keyRelease(VK_SUBTRACT): null

2023-03-09 13:03:29 - [TEST_STEP][PASSED] - robot.keyPress(VK_CONTROL): null

2023-03-09 13:03:29 - [TEST_STEP][PASSED] - robot.keyPress(VK_SUBTRACT): null

2023-03-09 13:03:29 - [TEST_STEP][PASSED] - robot.keyRelease(VK_CONTROL): null

2023-03-09 13:03:29 - [TEST_STEP][PASSED] - robot.keyRelease(VK_SUBTRACT): null

2023-03-09 13:03:29 - [TEST_STEP][PASSED] - robot.keyRelease(VK_CONTROL): null

2023-03-09 13:03:29 - [TEST_STEP][PASSED] - robot.keyRelease(VK_SUBTRACT): null

2023-03-09 13:03:29 - [TEST_STEP][PASSED] - setText(findTestObject("3-OBJECTS UTILIDADES/Login/input_USUARIO_loginusuario"), G_Usuario): Text 'weblogic' is set on object 'Object Repository/3-OBJECTS UTILIDADES/Login/input_USUARIO_loginusuario'

2023-03-09 13:03:30 - [MESSAGE][PASSED] - Text 'weblogic' is set on object 'Object Repository/3-OBJECTS UTILIDADES/Login/input_USUARIO_loginusuario'

2023-03-09 13:03:30 - [TEST_STEP][PASSED] - setEncryptedText(findTestObject("3-OBJECTS UTILIDADES/Login/input_CLAVE_loginpassword"), "SlAwMcyRKqrwbnzhAs8HhT6NnI7sEyng"): Text ****** has been set on object 'Object Repository/3-OBJECTS UTILIDADES/Login/input_CLAVE_loginpassword'

2023-03-09 13:03:33 - [MESSAGE][PASSED] - Text ****** has been set on object 'Object Repository/3-OBJECTS UTILIDADES/Login/input_CLAVE_loginpassword'

2023-03-09 13:03:33 - [TEST_STEP][PASSED] - while (waitForElementClickable(findTestObject("3-OBJECTS UTILIDADES/Login/a_Ingresar"), 1)): Web element with id: 'Object Repository/3-OBJECTS UTILIDADES/Login/a_Ingresar' located by '//a[contains(text(),'Ingresar')]' not found

2023-03-09 13:03:35 - [MESSAGE][INFO] - Unable to find the element located by 'By.xpath: //a[contains(text(),'Ingresar')]'. Please recheck the objects properties to make sure the desired element is located. 

2023-03-09 13:03:35 - [MESSAGE][WARNING] - Web element with id: 'Object Repository/3-OBJECTS UTILIDADES/Login/a_Ingresar' located by '//a[contains(text(),'Ingresar')]' not found

2023-03-09 13:03:35 - [MESSAGE][PASSED] - Call Test Case 'Test Cases/0.1-Login' successfully

2023-03-09 13:03:35 - [TEST_STEP][PASSED] - setText(findTestObject("2-OBJECTS TAREAS SECUNDARIAS/Pruebas capacitacion/Crear_una_Necesidad_de_Capacitación/input_Evento Capacitacin_form_templatej_idt24_input"), "Listado necesidad de capacitacion"): Text 'Listado necesidad de capacitacion' is set on object 'Object Repository/2-OBJECTS TAREAS SECUNDARIAS/Pruebas capacitacion/Crear_una_Necesidad_de_Capacitación/input_Evento Capacitacin_form_templatej_idt24_input'

2023-03-09 13:03:36 - [MESSAGE][PASSED] - Text 'Listado necesidad de capacitacion' is set on object 'Object Repository/2-OBJECTS TAREAS SECUNDARIAS/Pruebas capacitacion/Crear_una_Necesidad_de_Capacitación/input_Evento Capacitacin_form_templatej_idt24_input'

2023-03-09 13:03:36 - [TEST_STEP][PASSED] - click(findTestObject("2-OBJECTS TAREAS SECUNDARIAS/Pruebas capacitacion/Crear_una_Necesidad_de_Capacitación/li_Listado necesidad de capacitacion (cap)")): Object: 'Object Repository/2-OBJECTS TAREAS SECUNDARIAS/Pruebas capacitacion/Crear_una_Necesidad_de_Capacitación/li_Listado necesidad de capacitacion (cap)' is clicked on

2023-03-09 13:03:37 - [MESSAGE][PASSED] - Object: 'Object Repository/2-OBJECTS TAREAS SECUNDARIAS/Pruebas capacitacion/Crear_una_Necesidad_de_Capacitación/li_Listado necesidad de capacitacion (cap)' is clicked on

2023-03-09 13:03:37 - [TEST_STEP][PASSED] - if (waitForElementPresent(findTestObject("2-OBJECTS TAREAS SECUNDARIAS/Pruebas capacitacion/Crear_una_Necesidad_de_Capacitación/td_A A A"), 1)): null

2023-03-09 13:03:40 - [MESSAGE][PASSED] - Object 'Object Repository/2-OBJECTS TAREAS SECUNDARIAS/Pruebas capacitacion/Crear_una_Necesidad_de_Capacitación/td_A A A' is present

2023-03-09 13:03:40 - [TEST_STEP][PASSED] - click(findTestObject("2-OBJECTS TAREAS SECUNDARIAS/Pruebas capacitacion/Crear_una_Necesidad_de_Capacitación/td_A A A")): Object: 'Object Repository/2-OBJECTS TAREAS SECUNDARIAS/Pruebas capacitacion/Crear_una_Necesidad_de_Capacitación/td_A A A' is clicked on

2023-03-09 13:03:40 - [MESSAGE][PASSED] - Object: 'Object Repository/2-OBJECTS TAREAS SECUNDARIAS/Pruebas capacitacion/Crear_una_Necesidad_de_Capacitación/td_A A A' is clicked on

2023-03-09 13:03:40 - [TEST_STEP][PASSED] - if (waitForElementPresent(findTestObject("2-OBJECTS TAREAS SECUNDARIAS/Pruebas capacitacion/Crear_una_Necesidad_de_Capacitación/a_Cambiar Datos"), 1)): null

2023-03-09 13:03:42 - [MESSAGE][PASSED] - Object 'Object Repository/2-OBJECTS TAREAS SECUNDARIAS/Pruebas capacitacion/Crear_una_Necesidad_de_Capacitación/a_Cambiar Datos' is present

2023-03-09 13:03:42 - [TEST_STEP][PASSED] - click(findTestObject("2-OBJECTS TAREAS SECUNDARIAS/Pruebas capacitacion/Crear_una_Necesidad_de_Capacitación/a_Cambiar Datos")): Object: 'Object Repository/2-OBJECTS TAREAS SECUNDARIAS/Pruebas capacitacion/Crear_una_Necesidad_de_Capacitación/a_Cambiar Datos' is clicked on

2023-03-09 13:03:42 - [MESSAGE][PASSED] - Object: 'Object Repository/2-OBJECTS TAREAS SECUNDARIAS/Pruebas capacitacion/Crear_una_Necesidad_de_Capacitación/a_Cambiar Datos' is clicked on

2023-03-09 13:03:42 - [TEST_STEP][PASSED] - click(findTestObject("2-OBJECTS TAREAS SECUNDARIAS/Pruebas capacitacion/Crear_una_Necesidad_de_Capacitación/a_Eliminar")): Object: 'Object Repository/2-OBJECTS TAREAS SECUNDARIAS/Pruebas capacitacion/Crear_una_Necesidad_de_Capacitación/a_Eliminar' is clicked on

2023-03-09 13:03:43 - [MESSAGE][PASSED] - Object: 'Object Repository/2-OBJECTS TAREAS SECUNDARIAS/Pruebas capacitacion/Crear_una_Necesidad_de_Capacitación/a_Eliminar' is clicked on

2023-03-09 13:03:43 - [TEST_STEP][PASSED] - click(findTestObject("2-OBJECTS TAREAS SECUNDARIAS/Pruebas capacitacion/Crear_una_Necesidad_de_Capacitación/span_Si")): Object: 'Object Repository/2-OBJECTS TAREAS SECUNDARIAS/Pruebas capacitacion/Crear_una_Necesidad_de_Capacitación/span_Si' is clicked on

2023-03-09 13:03:43 - [MESSAGE][PASSED] - Object: 'Object Repository/2-OBJECTS TAREAS SECUNDARIAS/Pruebas capacitacion/Crear_una_Necesidad_de_Capacitación/span_Si' is clicked on

2023-03-09 13:03:43 - [TEST_STEP][PASSED] - click(findTestObject("2-OBJECTS TAREAS SECUNDARIAS/Pruebas capacitacion/Crear_una_Necesidad_de_Capacitación/a_Aceptar_Eliminar")): Object: 'Object Repository/2-OBJECTS TAREAS SECUNDARIAS/Pruebas capacitacion/Crear_una_Necesidad_de_Capacitación/a_Aceptar_Eliminar' is clicked on

2023-03-09 13:03:44 - [MESSAGE][PASSED] - Object: 'Object Repository/2-OBJECTS TAREAS SECUNDARIAS/Pruebas capacitacion/Crear_una_Necesidad_de_Capacitación/a_Aceptar_Eliminar' is clicked on

2023-03-09 13:03:44 - [TEST_STEP][PASSED] - click(findTestObject("2-OBJECTS TAREAS SECUNDARIAS/Pruebas capacitacion/Crear_una_Necesidad_de_Capacitación/a_Nuevo")): Object: 'Object Repository/2-OBJECTS TAREAS SECUNDARIAS/Pruebas capacitacion/Crear_una_Necesidad_de_Capacitación/a_Nuevo' is clicked on

2023-03-09 13:03:45 - [MESSAGE][PASSED] - Object: 'Object Repository/2-OBJECTS TAREAS SECUNDARIAS/Pruebas capacitacion/Crear_una_Necesidad_de_Capacitación/a_Nuevo' is clicked on

2023-03-09 13:03:45 - [TEST_STEP][PASSED] - click(findTestObject("2-OBJECTS TAREAS SECUNDARIAS/Pruebas capacitacion/Crear_una_Necesidad_de_Capacitación/span_prueba np")): Object: 'Object Repository/2-OBJECTS TAREAS SECUNDARIAS/Pruebas capacitacion/Crear_una_Necesidad_de_Capacitación/span_prueba np' is clicked on

2023-03-09 13:03:46 - [MESSAGE][PASSED] - Object: 'Object Repository/2-OBJECTS TAREAS SECUNDARIAS/Pruebas capacitacion/Crear_una_Necesidad_de_Capacitación/span_prueba np' is clicked on

2023-03-09 13:03:46 - [TEST_STEP][PASSED] - click(findTestObject("2-OBJECTS TAREAS SECUNDARIAS/Pruebas capacitacion/Crear_una_Necesidad_de_Capacitación/a_Nombre_formj_idt628")): Object: 'Object Repository/2-OBJECTS TAREAS SECUNDARIAS/Pruebas capacitacion/Crear_una_Necesidad_de_Capacitación/a_Nombre_formj_idt628' is clicked on

2023-03-09 13:03:47 - [MESSAGE][PASSED] - Object: 'Object Repository/2-OBJECTS TAREAS SECUNDARIAS/Pruebas capacitacion/Crear_una_Necesidad_de_Capacitación/a_Nombre_formj_idt628' is clicked on

2023-03-09 13:03:47 - [TEST_STEP][PASSED] - setText(findTestObject("2-OBJECTS TAREAS SECUNDARIAS/Pruebas capacitacion/Crear_una_Necesidad_de_Capacitación/input_Filtro Hoja de Vida_formPopupHojaVidaj_idt1726"), "a"): Text 'a' is set on object 'Object Repository/2-OBJECTS TAREAS SECUNDARIAS/Pruebas capacitacion/Crear_una_Necesidad_de_Capacitación/input_Filtro Hoja de Vida_formPopupHojaVidaj_idt1726'

2023-03-09 13:03:48 - [MESSAGE][PASSED] - Text 'a' is set on object 'Object Repository/2-OBJECTS TAREAS SECUNDARIAS/Pruebas capacitacion/Crear_una_Necesidad_de_Capacitación/input_Filtro Hoja de Vida_formPopupHojaVidaj_idt1726'

2023-03-09 13:03:48 - [TEST_STEP][PASSED] - sendKeys(findTestObject("2-OBJECTS TAREAS SECUNDARIAS/Pruebas capacitacion/Crear_una_Necesidad_de_Capacitación/input_Filtro Hoja de Vida_formPopupHojaVidaj_idt1726"), Keys.chord(ENTER)): Keys 'ENTER + ' sent to object: 'Object Repository/2-OBJECTS TAREAS SECUNDARIAS/Pruebas capacitacion/Crear_una_Necesidad_de_Capacitación/input_Filtro Hoja de Vida_formPopupHojaVidaj_idt1726'

2023-03-09 13:03:48 - [MESSAGE][PASSED] - Keys 'ENTER + ' sent to object: 'Object Repository/2-OBJECTS TAREAS SECUNDARIAS/Pruebas capacitacion/Crear_una_Necesidad_de_Capacitación/input_Filtro Hoja de Vida_formPopupHojaVidaj_idt1726'

2023-03-09 13:03:48 - [TEST_STEP][PASSED] - click(findTestObject("2-OBJECTS TAREAS SECUNDARIAS/Pruebas capacitacion/Crear_una_Necesidad_de_Capacitación/span_A A A"), STOP_ON_FAILURE): Object: 'Object Repository/2-OBJECTS TAREAS SECUNDARIAS/Pruebas capacitacion/Crear_una_Necesidad_de_Capacitación/span_A A A' is clicked on

2023-03-09 13:03:49 - [MESSAGE][PASSED] - Object: 'Object Repository/2-OBJECTS TAREAS SECUNDARIAS/Pruebas capacitacion/Crear_una_Necesidad_de_Capacitación/span_A A A' is clicked on

2023-03-09 13:03:49 - [TEST_STEP][PASSED] - click(findTestObject("2-OBJECTS TAREAS SECUNDARIAS/Pruebas capacitacion/Crear_una_Necesidad_de_Capacitación/a_Solicitado Por_formj_idt661")): Object: 'Object Repository/2-OBJECTS TAREAS SECUNDARIAS/Pruebas capacitacion/Crear_una_Necesidad_de_Capacitación/a_Solicitado Por_formj_idt661' is clicked on

2023-03-09 13:03:50 - [MESSAGE][PASSED] - Object: 'Object Repository/2-OBJECTS TAREAS SECUNDARIAS/Pruebas capacitacion/Crear_una_Necesidad_de_Capacitación/a_Solicitado Por_formj_idt661' is clicked on

2023-03-09 13:03:50 - [TEST_STEP][PASSED] - setText(findTestObject("2-OBJECTS TAREAS SECUNDARIAS/Pruebas capacitacion/Crear_una_Necesidad_de_Capacitación/input_Filtro Hoja de Vida_formj_idt723"), "a"): Text 'a' is set on object 'Object Repository/2-OBJECTS TAREAS SECUNDARIAS/Pruebas capacitacion/Crear_una_Necesidad_de_Capacitación/input_Filtro Hoja de Vida_formj_idt723'

2023-03-09 13:03:51 - [MESSAGE][PASSED] - Text 'a' is set on object 'Object Repository/2-OBJECTS TAREAS SECUNDARIAS/Pruebas capacitacion/Crear_una_Necesidad_de_Capacitación/input_Filtro Hoja de Vida_formj_idt723'

2023-03-09 13:03:51 - [TEST_STEP][PASSED] - sendKeys(findTestObject("2-OBJECTS TAREAS SECUNDARIAS/Pruebas capacitacion/Crear_una_Necesidad_de_Capacitación/input_Filtro Hoja de Vida_formj_idt723"), Keys.chord(ENTER)): Keys 'ENTER + ' sent to object: 'Object Repository/2-OBJECTS TAREAS SECUNDARIAS/Pruebas capacitacion/Crear_una_Necesidad_de_Capacitación/input_Filtro Hoja de Vida_formj_idt723'

2023-03-09 13:03:51 - [MESSAGE][PASSED] - Keys 'ENTER + ' sent to object: 'Object Repository/2-OBJECTS TAREAS SECUNDARIAS/Pruebas capacitacion/Crear_una_Necesidad_de_Capacitación/input_Filtro Hoja de Vida_formj_idt723'

2023-03-09 13:03:51 - [TEST_STEP][PASSED] - click(findTestObject("2-OBJECTS TAREAS SECUNDARIAS/Pruebas capacitacion/Crear_una_Necesidad_de_Capacitación/span_Aalfalfa Aalfalfa Aalfalfa")): Object: 'Object Repository/2-OBJECTS TAREAS SECUNDARIAS/Pruebas capacitacion/Crear_una_Necesidad_de_Capacitación/span_Aalfalfa Aalfalfa Aalfalfa' is clicked on

2023-03-09 13:03:52 - [MESSAGE][PASSED] - Object: 'Object Repository/2-OBJECTS TAREAS SECUNDARIAS/Pruebas capacitacion/Crear_una_Necesidad_de_Capacitación/span_Aalfalfa Aalfalfa Aalfalfa' is clicked on

2023-03-09 13:03:52 - [TEST_STEP][PASSED] - click(findTestObject("2-OBJECTS TAREAS SECUNDARIAS/Pruebas capacitacion/Crear_una_Necesidad_de_Capacitación/a_Guardar")): Object: 'Object Repository/2-OBJECTS TAREAS SECUNDARIAS/Pruebas capacitacion/Crear_una_Necesidad_de_Capacitación/a_Guardar' is clicked on

2023-03-09 13:03:53 - [MESSAGE][PASSED] - Object: 'Object Repository/2-OBJECTS TAREAS SECUNDARIAS/Pruebas capacitacion/Crear_una_Necesidad_de_Capacitación/a_Guardar' is clicked on

2023-03-09 13:03:53 - [TEST_STEP][PASSED] - Result = getText(findTestObject("3-OBJECTS UTILIDADES/Alerta/Alerta")): Text of object 'Object Repository/3-OBJECTS UTILIDADES/Alerta/Alerta' is: 'Registro guardado'

2023-03-09 13:03:54 - [MESSAGE][PASSED] - Text of object 'Object Repository/3-OBJECTS UTILIDADES/Alerta/Alerta' is: 'Registro guardado'

2023-03-09 13:03:54 - [TEST_STEP][PASSED] - if (Result == "Registro guardado"): Browser is closed

2023-03-09 13:03:54 - [TEST_STEP][PASSED] - Resultado = "PRUEBA OK": null

2023-03-09 13:03:54 - [TEST_STEP][PASSED] - closeBrowser(): Browser is closed

2023-03-09 13:03:54 - [MESSAGE][PASSED] - Browser is closed]]></system-out>
         <system-err><![CDATA[]]></system-err>
      </testcase>
      <testcase name="Test Cases/1.2-Tareas_Secundarias/4.1-Pruebas_Capacitación/4.2.4-Reserva_de_Salones" time="33.617" classname="Test Cases/1.2-Tareas_Secundarias/4.1-Pruebas_Capacitación/4.2.4-Reserva_de_Salones" status="PASSED">
         <system-out><![CDATA[2023-03-09 13:03:54 - [TEST_CASE][PASSED] - Test Cases/1.2-Tareas_Secundarias/4.1-Pruebas_Capacitación/4.2.4-Reserva_de_Salones: Test Cases/1.2-Tareas_Secundarias/4.1-Pruebas_Capacitación/4.2.4-Reserva_de_Salones

2023-03-09 13:03:55 - [TEST_STEP][PASSED] - callTestCase(findTestCase("0.1-Login"), [:], STOP_ON_FAILURE): Call Test Case 'Test Cases/0.1-Login' successfully

2023-03-09 13:03:55 - [TEST_CASE][PASSED] - Test Cases/0.1-Login: Test Cases/0.1-Login

2023-03-09 13:03:55 - [TEST_STEP][PASSED] - openBrowser(""): Browser is opened with url: ''

2023-03-09 13:03:55 - [MESSAGE][INFO] - Starting 'Chrome' driver

2023-03-09 13:03:55 - [MESSAGE][INFO] - Action delay is set to 0 milliseconds

2023-03-09 13:03:56 - [MESSAGE][PASSED] - Browser is opened with url: ''

2023-03-09 13:03:56 - [TEST_STEP][PASSED] - maximizeWindow(): Current window maximized

2023-03-09 13:03:56 - [MESSAGE][PASSED] - Current window maximized

2023-03-09 13:03:56 - [TEST_STEP][PASSED] - i = G_Login: null

2023-03-09 13:03:56 - [TEST_STEP][PASSED] - url = new java.net.URL(i): null

2023-03-09 13:03:56 - [TEST_STEP][PASSED] - println("URL: " + url.toString()): null

2023-03-09 13:03:56 - [TEST_STEP][PASSED] - connection = url.openConnection(): null

2023-03-09 13:03:56 - [TEST_STEP][PASSED] - connection.setRequestMethod("GET"): null

2023-03-09 13:03:56 - [TEST_STEP][PASSED] - connection.setReadTimeout(2 * 1000): null

2023-03-09 13:03:56 - [TEST_STEP][PASSED] - try: null

2023-03-09 13:03:56 - [TEST_STEP][PASSED] - connection.connect(): null

2023-03-09 13:03:56 - [TEST_STEP][PASSED] - flag = connected: null

2023-03-09 13:03:56 - [TEST_STEP][PASSED] - println("Valor_ori: " + flag): null

2023-03-09 13:03:56 - [TEST_STEP][PASSED] - if (flag): null

2023-03-09 13:03:56 - [TEST_STEP][PASSED] - navigateToUrl(i): Navigate to 'http://192.168.2.19:7001/saraweb' successfully

2023-03-09 13:03:58 - [MESSAGE][PASSED] - Navigate to 'http://192.168.2.19:7001/saraweb' successfully

2023-03-09 13:03:58 - [TEST_STEP][PASSED] - a(): null

2023-03-09 13:03:58 - [TEST_STEP][PASSED] - if (waitForElementVisible(findTestObject("3-OBJECTS UTILIDADES/Login/input_USUARIO_loginusuario"), 0)): null

2023-03-09 13:03:58 - [MESSAGE][WARNING] - Timeout '0' is invalid. Using default page load timeout: '37'

2023-03-09 13:03:58 - [MESSAGE][PASSED] - Object 'Object Repository/3-OBJECTS UTILIDADES/Login/input_USUARIO_loginusuario' is visible

2023-03-09 13:03:58 - [TEST_STEP][PASSED] - switchToWindowTitle("SARA"): Switched to window with title: 'SARA'

2023-03-09 13:03:58 - [MESSAGE][PASSED] - Switched to window with title: 'SARA'

2023-03-09 13:03:58 - [TEST_STEP][PASSED] - zoom(): null

2023-03-09 13:03:58 - [TEST_STEP][PASSED] - robot = new java.awt.Robot(): null

2023-03-09 13:03:58 - [TEST_STEP][PASSED] - robot.keyPress(VK_CONTROL): null

2023-03-09 13:03:58 - [TEST_STEP][PASSED] - robot.keyPress(VK_SUBTRACT): null

2023-03-09 13:03:58 - [TEST_STEP][PASSED] - robot.keyRelease(VK_CONTROL): null

2023-03-09 13:03:58 - [TEST_STEP][PASSED] - robot.keyRelease(VK_SUBTRACT): null

2023-03-09 13:03:58 - [TEST_STEP][PASSED] - robot.keyPress(VK_CONTROL): null

2023-03-09 13:03:58 - [TEST_STEP][PASSED] - robot.keyPress(VK_SUBTRACT): null

2023-03-09 13:03:59 - [TEST_STEP][PASSED] - robot.keyRelease(VK_CONTROL): null

2023-03-09 13:03:59 - [TEST_STEP][PASSED] - robot.keyRelease(VK_SUBTRACT): null

2023-03-09 13:03:59 - [TEST_STEP][PASSED] - robot.keyPress(VK_CONTROL): null

2023-03-09 13:03:59 - [TEST_STEP][PASSED] - robot.keyPress(VK_SUBTRACT): null

2023-03-09 13:03:59 - [TEST_STEP][PASSED] - robot.keyRelease(VK_CONTROL): null

2023-03-09 13:03:59 - [TEST_STEP][PASSED] - robot.keyRelease(VK_SUBTRACT): null

2023-03-09 13:03:59 - [TEST_STEP][PASSED] - robot.keyRelease(VK_CONTROL): null

2023-03-09 13:03:59 - [TEST_STEP][PASSED] - robot.keyRelease(VK_SUBTRACT): null

2023-03-09 13:03:59 - [TEST_STEP][PASSED] - setText(findTestObject("3-OBJECTS UTILIDADES/Login/input_USUARIO_loginusuario"), G_Usuario): Text 'weblogic' is set on object 'Object Repository/3-OBJECTS UTILIDADES/Login/input_USUARIO_loginusuario'

2023-03-09 13:03:59 - [MESSAGE][PASSED] - Text 'weblogic' is set on object 'Object Repository/3-OBJECTS UTILIDADES/Login/input_USUARIO_loginusuario'

2023-03-09 13:03:59 - [TEST_STEP][PASSED] - setEncryptedText(findTestObject("3-OBJECTS UTILIDADES/Login/input_CLAVE_loginpassword"), "SlAwMcyRKqrwbnzhAs8HhT6NnI7sEyng"): Text ****** has been set on object 'Object Repository/3-OBJECTS UTILIDADES/Login/input_CLAVE_loginpassword'

2023-03-09 13:04:03 - [MESSAGE][PASSED] - Text ****** has been set on object 'Object Repository/3-OBJECTS UTILIDADES/Login/input_CLAVE_loginpassword'

2023-03-09 13:04:03 - [TEST_STEP][PASSED] - while (waitForElementClickable(findTestObject("3-OBJECTS UTILIDADES/Login/a_Ingresar"), 1)): Web element with id: 'Object Repository/3-OBJECTS UTILIDADES/Login/a_Ingresar' located by '//a[contains(text(),'Ingresar')]' not found

2023-03-09 13:04:05 - [MESSAGE][INFO] - Unable to find the element located by 'By.xpath: //a[contains(text(),'Ingresar')]'. Please recheck the objects properties to make sure the desired element is located. 

2023-03-09 13:04:05 - [MESSAGE][WARNING] - Web element with id: 'Object Repository/3-OBJECTS UTILIDADES/Login/a_Ingresar' located by '//a[contains(text(),'Ingresar')]' not found

2023-03-09 13:04:05 - [MESSAGE][PASSED] - Call Test Case 'Test Cases/0.1-Login' successfully

2023-03-09 13:04:05 - [TEST_STEP][PASSED] - setText(findTestObject("2-OBJECTS TAREAS SECUNDARIAS/Pruebas capacitacion/Reserva_de_Salones/input_Listado Necesidad Capacitacin_form_templatej_idt24_input"), "Reserva de Salones"): Text 'Reserva de Salones' is set on object 'Object Repository/2-OBJECTS TAREAS SECUNDARIAS/Pruebas capacitacion/Reserva_de_Salones/input_Listado Necesidad Capacitacin_form_templatej_idt24_input'

2023-03-09 13:04:06 - [MESSAGE][PASSED] - Text 'Reserva de Salones' is set on object 'Object Repository/2-OBJECTS TAREAS SECUNDARIAS/Pruebas capacitacion/Reserva_de_Salones/input_Listado Necesidad Capacitacin_form_templatej_idt24_input'

2023-03-09 13:04:06 - [TEST_STEP][PASSED] - click(findTestObject("2-OBJECTS TAREAS SECUNDARIAS/Pruebas capacitacion/Reserva_de_Salones/span_Reserva de Salones")): Object: 'Object Repository/2-OBJECTS TAREAS SECUNDARIAS/Pruebas capacitacion/Reserva_de_Salones/span_Reserva de Salones' is clicked on

2023-03-09 13:04:07 - [MESSAGE][PASSED] - Object: 'Object Repository/2-OBJECTS TAREAS SECUNDARIAS/Pruebas capacitacion/Reserva_de_Salones/span_Reserva de Salones' is clicked on

2023-03-09 13:04:07 - [TEST_STEP][PASSED] - click(findTestObject("2-OBJECTS TAREAS SECUNDARIAS/Pruebas capacitacion/Reserva_de_Salones/td_Sala de Juntas")): Object: 'Object Repository/2-OBJECTS TAREAS SECUNDARIAS/Pruebas capacitacion/Reserva_de_Salones/td_Sala de Juntas' is clicked on

2023-03-09 13:04:10 - [MESSAGE][PASSED] - Object: 'Object Repository/2-OBJECTS TAREAS SECUNDARIAS/Pruebas capacitacion/Reserva_de_Salones/td_Sala de Juntas' is clicked on

2023-03-09 13:04:10 - [TEST_STEP][PASSED] - if (waitForElementPresent(findTestObject("2-OBJECTS TAREAS SECUNDARIAS/Pruebas capacitacion/Reserva_de_Salones/span_Pruebas ka"), 1)): null

2023-03-09 13:04:11 - [MESSAGE][PASSED] - Object 'Object Repository/2-OBJECTS TAREAS SECUNDARIAS/Pruebas capacitacion/Reserva_de_Salones/span_Pruebas ka' is present

2023-03-09 13:04:11 - [TEST_STEP][PASSED] - click(findTestObject("2-OBJECTS TAREAS SECUNDARIAS/Pruebas capacitacion/Reserva_de_Salones/span_Pruebas ka")): Object: 'Object Repository/2-OBJECTS TAREAS SECUNDARIAS/Pruebas capacitacion/Reserva_de_Salones/span_Pruebas ka' is clicked on

2023-03-09 13:04:11 - [MESSAGE][PASSED] - Object: 'Object Repository/2-OBJECTS TAREAS SECUNDARIAS/Pruebas capacitacion/Reserva_de_Salones/span_Pruebas ka' is clicked on

2023-03-09 13:04:11 - [TEST_STEP][PASSED] - element = findWebElement(findTestObject("2-OBJECTS TAREAS SECUNDARIAS/Pruebas capacitacion/Reserva_de_Salones/a_Eliminar"), 30): null

2023-03-09 13:04:12 - [TEST_STEP][PASSED] - executeJavaScript("arguments[0].click()", Arrays.asList(element)): Execute JavaScript 'arguments[0].click()' successfully

2023-03-09 13:04:12 - [MESSAGE][PASSED] - Execute JavaScript 'arguments[0].click()' successfully

2023-03-09 13:04:12 - [TEST_STEP][PASSED] - click(findTestObject("2-OBJECTS TAREAS SECUNDARIAS/Pruebas capacitacion/Reserva_de_Salones/a_Aceptar")): Object: 'Object Repository/2-OBJECTS TAREAS SECUNDARIAS/Pruebas capacitacion/Reserva_de_Salones/a_Aceptar' is clicked on

2023-03-09 13:04:13 - [MESSAGE][PASSED] - Object: 'Object Repository/2-OBJECTS TAREAS SECUNDARIAS/Pruebas capacitacion/Reserva_de_Salones/a_Aceptar' is clicked on

2023-03-09 13:04:13 - [TEST_STEP][PASSED] - click(findTestObject("2-OBJECTS TAREAS SECUNDARIAS/Pruebas capacitacion/Reserva_de_Salones/span_----")): Object: 'Object Repository/2-OBJECTS TAREAS SECUNDARIAS/Pruebas capacitacion/Reserva_de_Salones/span_----' is clicked on

2023-03-09 13:04:14 - [MESSAGE][PASSED] - Object: 'Object Repository/2-OBJECTS TAREAS SECUNDARIAS/Pruebas capacitacion/Reserva_de_Salones/span_----' is clicked on

2023-03-09 13:04:14 - [TEST_STEP][PASSED] - setText(findTestObject("2-OBJECTS TAREAS SECUNDARIAS/Pruebas capacitacion/Reserva_de_Salones/textarea_Tema_popup_form_reservaSalonestema"), "Pruebas ka"): Text 'Pruebas ka' is set on object 'Object Repository/2-OBJECTS TAREAS SECUNDARIAS/Pruebas capacitacion/Reserva_de_Salones/textarea_Tema_popup_form_reservaSalonestema'

2023-03-09 13:04:15 - [MESSAGE][PASSED] - Text 'Pruebas ka' is set on object 'Object Repository/2-OBJECTS TAREAS SECUNDARIAS/Pruebas capacitacion/Reserva_de_Salones/textarea_Tema_popup_form_reservaSalonestema'

2023-03-09 13:04:15 - [TEST_STEP][PASSED] - selectOptionByIndex(findTestObject("2-OBJECTS TAREAS SECUNDARIAS/Pruebas capacitacion/Reserva_de_Salones/select_0830 AM0900 AM0930"), 1): All options with index in [1] are selected on object 'Object Repository/2-OBJECTS TAREAS SECUNDARIAS/Pruebas capacitacion/Reserva_de_Salones/select_0830 AM0900 AM0930'

2023-03-09 13:04:16 - [MESSAGE][PASSED] - All options with index in [1] are selected on object 'Object Repository/2-OBJECTS TAREAS SECUNDARIAS/Pruebas capacitacion/Reserva_de_Salones/select_0830 AM0900 AM0930'

2023-03-09 13:04:16 - [TEST_STEP][PASSED] - setText(findTestObject("2-OBJECTS TAREAS SECUNDARIAS/Pruebas capacitacion/Reserva_de_Salones/input_Nmero Asistentes_popup_form_reservaSalonescantidad"), "20"): Text '20' is set on object 'Object Repository/2-OBJECTS TAREAS SECUNDARIAS/Pruebas capacitacion/Reserva_de_Salones/input_Nmero Asistentes_popup_form_reservaSalonescantidad'

2023-03-09 13:04:17 - [MESSAGE][PASSED] - Text '20' is set on object 'Object Repository/2-OBJECTS TAREAS SECUNDARIAS/Pruebas capacitacion/Reserva_de_Salones/input_Nmero Asistentes_popup_form_reservaSalonescantidad'

2023-03-09 13:04:17 - [TEST_STEP][PASSED] - setText(findTestObject("2-OBJECTS TAREAS SECUNDARIAS/Pruebas capacitacion/Reserva_de_Salones/textarea_Requerimiento_popup_form_reservaSalonesrequerimiento"), "Ninguno"): Text 'Ninguno' is set on object 'Object Repository/2-OBJECTS TAREAS SECUNDARIAS/Pruebas capacitacion/Reserva_de_Salones/textarea_Requerimiento_popup_form_reservaSalonesrequerimiento'

2023-03-09 13:04:17 - [MESSAGE][PASSED] - Text 'Ninguno' is set on object 'Object Repository/2-OBJECTS TAREAS SECUNDARIAS/Pruebas capacitacion/Reserva_de_Salones/textarea_Requerimiento_popup_form_reservaSalonesrequerimiento'

2023-03-09 13:04:17 - [TEST_STEP][PASSED] - setText(findTestObject("2-OBJECTS TAREAS SECUNDARIAS/Pruebas capacitacion/Reserva_de_Salones/textarea_Observacin_popup_form_reservaSalonesobservacion"), "Ninguna"): Text 'Ninguna' is set on object 'Object Repository/2-OBJECTS TAREAS SECUNDARIAS/Pruebas capacitacion/Reserva_de_Salones/textarea_Observacin_popup_form_reservaSalonesobservacion'

2023-03-09 13:04:18 - [MESSAGE][PASSED] - Text 'Ninguna' is set on object 'Object Repository/2-OBJECTS TAREAS SECUNDARIAS/Pruebas capacitacion/Reserva_de_Salones/textarea_Observacin_popup_form_reservaSalonesobservacion'

2023-03-09 13:04:18 - [TEST_STEP][PASSED] - click(findTestObject("2-OBJECTS TAREAS SECUNDARIAS/Pruebas capacitacion/Reserva_de_Salones/a_Solicitante_popup_form_reservaSalonesj_idt173")): Object: 'Object Repository/2-OBJECTS TAREAS SECUNDARIAS/Pruebas capacitacion/Reserva_de_Salones/a_Solicitante_popup_form_reservaSalonesj_idt173' is clicked on

2023-03-09 13:04:19 - [MESSAGE][PASSED] - Object: 'Object Repository/2-OBJECTS TAREAS SECUNDARIAS/Pruebas capacitacion/Reserva_de_Salones/a_Solicitante_popup_form_reservaSalonesj_idt173' is clicked on

2023-03-09 13:04:19 - [TEST_STEP][PASSED] - setText(findTestObject("2-OBJECTS TAREAS SECUNDARIAS/Pruebas capacitacion/Reserva_de_Salones/input_Filtro Hoja de Vida_formPopupHojaVidaj_idt205"), "a"): Text 'a' is set on object 'Object Repository/2-OBJECTS TAREAS SECUNDARIAS/Pruebas capacitacion/Reserva_de_Salones/input_Filtro Hoja de Vida_formPopupHojaVidaj_idt205'

2023-03-09 13:04:20 - [MESSAGE][PASSED] - Text 'a' is set on object 'Object Repository/2-OBJECTS TAREAS SECUNDARIAS/Pruebas capacitacion/Reserva_de_Salones/input_Filtro Hoja de Vida_formPopupHojaVidaj_idt205'

2023-03-09 13:04:20 - [TEST_STEP][PASSED] - sendKeys(findTestObject("2-OBJECTS TAREAS SECUNDARIAS/Pruebas capacitacion/Reserva_de_Salones/input_Filtro Hoja de Vida_formPopupHojaVidaj_idt205"), Keys.chord(ENTER)): Keys 'ENTER + ' sent to object: 'Object Repository/2-OBJECTS TAREAS SECUNDARIAS/Pruebas capacitacion/Reserva_de_Salones/input_Filtro Hoja de Vida_formPopupHojaVidaj_idt205'

2023-03-09 13:04:21 - [MESSAGE][PASSED] - Keys 'ENTER + ' sent to object: 'Object Repository/2-OBJECTS TAREAS SECUNDARIAS/Pruebas capacitacion/Reserva_de_Salones/input_Filtro Hoja de Vida_formPopupHojaVidaj_idt205'

2023-03-09 13:04:21 - [TEST_STEP][PASSED] - click(findTestObject("2-OBJECTS TAREAS SECUNDARIAS/Pruebas capacitacion/Reserva_de_Salones/td_A A A")): Object: 'Object Repository/2-OBJECTS TAREAS SECUNDARIAS/Pruebas capacitacion/Reserva_de_Salones/td_A A A' is clicked on

2023-03-09 13:04:22 - [MESSAGE][PASSED] - Object: 'Object Repository/2-OBJECTS TAREAS SECUNDARIAS/Pruebas capacitacion/Reserva_de_Salones/td_A A A' is clicked on

2023-03-09 13:04:22 - [TEST_STEP][PASSED] - click(findTestObject("2-OBJECTS TAREAS SECUNDARIAS/Pruebas capacitacion/Reserva_de_Salones/a_Responsable de reservacin_popup_form_reservaSalonesj_idt177")): Object: 'Object Repository/2-OBJECTS TAREAS SECUNDARIAS/Pruebas capacitacion/Reserva_de_Salones/a_Responsable de reservacin_popup_form_reservaSalonesj_idt177' is clicked on

2023-03-09 13:04:23 - [MESSAGE][PASSED] - Object: 'Object Repository/2-OBJECTS TAREAS SECUNDARIAS/Pruebas capacitacion/Reserva_de_Salones/a_Responsable de reservacin_popup_form_reservaSalonesj_idt177' is clicked on

2023-03-09 13:04:23 - [TEST_STEP][PASSED] - setText(findTestObject("2-OBJECTS TAREAS SECUNDARIAS/Pruebas capacitacion/Reserva_de_Salones/input_Filtro Hoja de Vida_formPopupHojaVidaj_idt205"), "a"): Text 'a' is set on object 'Object Repository/2-OBJECTS TAREAS SECUNDARIAS/Pruebas capacitacion/Reserva_de_Salones/input_Filtro Hoja de Vida_formPopupHojaVidaj_idt205'

2023-03-09 13:04:24 - [MESSAGE][PASSED] - Text 'a' is set on object 'Object Repository/2-OBJECTS TAREAS SECUNDARIAS/Pruebas capacitacion/Reserva_de_Salones/input_Filtro Hoja de Vida_formPopupHojaVidaj_idt205'

2023-03-09 13:04:24 - [TEST_STEP][PASSED] - sendKeys(findTestObject("2-OBJECTS TAREAS SECUNDARIAS/Pruebas capacitacion/Reserva_de_Salones/input_Filtro Hoja de Vida_formPopupHojaVidaj_idt205"), Keys.chord(ENTER)): Keys 'ENTER + ' sent to object: 'Object Repository/2-OBJECTS TAREAS SECUNDARIAS/Pruebas capacitacion/Reserva_de_Salones/input_Filtro Hoja de Vida_formPopupHojaVidaj_idt205'

2023-03-09 13:04:25 - [MESSAGE][PASSED] - Keys 'ENTER + ' sent to object: 'Object Repository/2-OBJECTS TAREAS SECUNDARIAS/Pruebas capacitacion/Reserva_de_Salones/input_Filtro Hoja de Vida_formPopupHojaVidaj_idt205'

2023-03-09 13:04:25 - [TEST_STEP][PASSED] - click(findTestObject("2-OBJECTS TAREAS SECUNDARIAS/Pruebas capacitacion/Reserva_de_Salones/span_A A A"), STOP_ON_FAILURE): Object: 'Object Repository/2-OBJECTS TAREAS SECUNDARIAS/Pruebas capacitacion/Reserva_de_Salones/span_A A A' is clicked on

2023-03-09 13:04:25 - [MESSAGE][PASSED] - Object: 'Object Repository/2-OBJECTS TAREAS SECUNDARIAS/Pruebas capacitacion/Reserva_de_Salones/span_A A A' is clicked on

2023-03-09 13:04:25 - [TEST_STEP][PASSED] - executeJavaScript("document.body.style.zoom='100%'", null): Execute JavaScript 'document.body.style.zoom='100%'' successfully

2023-03-09 13:04:25 - [MESSAGE][PASSED] - Execute JavaScript 'document.body.style.zoom='100%'' successfully

2023-03-09 13:04:25 - [TEST_STEP][PASSED] - scrollToPosition(400, 4000): Browser is scrolled to position x = 400, y = 4000

2023-03-09 13:04:25 - [MESSAGE][PASSED] - Browser is scrolled to position x = 400, y = 4000

2023-03-09 13:04:25 - [TEST_STEP][PASSED] - element = findWebElement(findTestObject("2-OBJECTS TAREAS SECUNDARIAS/Pruebas capacitacion/Reserva_de_Salones/a_Guardar"), 30): null

2023-03-09 13:04:26 - [TEST_STEP][PASSED] - executeJavaScript("arguments[0].click()", Arrays.asList(element)): Execute JavaScript 'arguments[0].click()' successfully

2023-03-09 13:04:26 - [MESSAGE][PASSED] - Execute JavaScript 'arguments[0].click()' successfully

2023-03-09 13:04:26 - [TEST_STEP][PASSED] - Result = getText(findTestObject("3-OBJECTS UTILIDADES/Alerta/Alerta")): Text of object 'Object Repository/3-OBJECTS UTILIDADES/Alerta/Alerta' is: 'Registro guardado correctamente.'

2023-03-09 13:04:27 - [MESSAGE][PASSED] - Text of object 'Object Repository/3-OBJECTS UTILIDADES/Alerta/Alerta' is: 'Registro guardado correctamente.'

2023-03-09 13:04:27 - [TEST_STEP][PASSED] - if (Result == "Registro guardado correctamente."): Browser is closed

2023-03-09 13:04:27 - [TEST_STEP][PASSED] - Resultado = "PRUEBA OK": null

2023-03-09 13:04:27 - [TEST_STEP][PASSED] - closeBrowser(): Browser is closed

2023-03-09 13:04:28 - [MESSAGE][PASSED] - Browser is closed]]></system-out>
         <system-err><![CDATA[]]></system-err>
      </testcase>
      <testcase name="Test Cases/1.2-Tareas_Secundarias/4.1-Pruebas_Capacitación/4.2.5-Enviar_y_imprimir_Diploma" time="72.39" classname="Test Cases/1.2-Tareas_Secundarias/4.1-Pruebas_Capacitación/4.2.5-Enviar_y_imprimir_Diploma" status="FAILED">
         <failure type="FAILED" message="Test Cases/1.2-Tareas_Secundarias/4.1-Pruebas_Capacitación/4.2.5-Enviar_y_imprimir_Diploma FAILED.
Reason:
com.kms.katalon.core.exception.StepFailedException: Unable to click on object 'Object Repository/2-OBJECTS TAREAS SECUNDARIAS/Pruebas capacitacion/Enviar_Diploma/a_Imprimir Diploma'
	at com.kms.katalon.core.webui.keyword.internal.WebUIKeywordMain.stepFailed(WebUIKeywordMain.groovy:64)
	at com.kms.katalon.core.webui.keyword.internal.WebUIKeywordMain.runKeyword(WebUIKeywordMain.groovy:26)
	at com.kms.katalon.core.webui.keyword.builtin.ClickKeyword.click(ClickKeyword.groovy:74)
	at com.kms.katalon.core.webui.keyword.builtin.ClickKeyword.execute(ClickKeyword.groovy:40)
	at com.kms.katalon.core.keyword.internal.KeywordExecutor.executeKeywordForPlatform(KeywordExecutor.groovy:74)
	at com.kms.katalon.core.webui.keyword.WebUiBuiltInKeywords.click(WebUiBuiltInKeywords.groovy:620)
	at com.kms.katalon.core.webui.keyword.WebUiBuiltInKeywords$click$9.call(Unknown Source)
	at 4.2.5-Enviar_y_imprimir_Diploma.run(4.2.5-Enviar_y_imprimir_Diploma:71)
	at com.kms.katalon.core.main.ScriptEngine.run(ScriptEngine.java:194)
	at com.kms.katalon.core.main.ScriptEngine.runScriptAsRawText(ScriptEngine.java:119)
	at com.kms.katalon.core.main.TestCaseExecutor.runScript(TestCaseExecutor.java:448)
	at com.kms.katalon.core.main.TestCaseExecutor.doExecute(TestCaseExecutor.java:439)
	at com.kms.katalon.core.main.TestCaseExecutor.processExecutionPhase(TestCaseExecutor.java:418)
	at com.kms.katalon.core.main.TestCaseExecutor.accessMainPhase(TestCaseExecutor.java:410)
	at com.kms.katalon.core.main.TestCaseExecutor.execute(TestCaseExecutor.java:285)
	at com.kms.katalon.core.common.CommonExecutor.accessTestCaseMainPhase(CommonExecutor.java:65)
	at com.kms.katalon.core.main.TestSuiteExecutor.accessTestSuiteMainPhase(TestSuiteExecutor.java:151)
	at com.kms.katalon.core.main.TestSuiteExecutor.execute(TestSuiteExecutor.java:106)
	at com.kms.katalon.core.main.TestCaseMain.startTestSuite(TestCaseMain.java:185)
	at com.kms.katalon.core.main.TestCaseMain$startTestSuite$0.call(Unknown Source)
	at TempTestSuite1678383366099.run(TempTestSuite1678383366099.groovy:36)
Caused by: org.openqa.selenium.ElementClickInterceptedException: element click intercepted: Element &lt;a id=&quot;j_idt148:j_idt149:j_idt151:j_idt2184&quot; href=&quot;#&quot; class=&quot;ui-commandlink ui-widget&quot; onclick=&quot;PrimeFaces.ab({s:&amp;quot;j_idt148:j_idt149:j_idt151:j_idt2184&amp;quot;,f:&amp;quot;j_idt148&amp;quot;,u:&amp;quot;areaAplicacion&amp;quot;,onco:function(xhr,status,args,data){;}});return false;&quot; style=&quot;display: inline-block;&quot;>...&lt;/a> is not clickable at point (131, 494). Other element would receive the click: &lt;div id=&quot;popupErrorDialog:dialog_popupFoto_modal&quot; class=&quot;ui-widget-overlay ui-dialog-mask&quot; style=&quot;z-index: 1036;&quot;>&lt;/div>
  (Session info: chrome=110.0.5481.178)
Build info: version: '3.141.59', revision: 'e82be7d358', time: '2018-11-14T08:25:53'
System info: host: 'US-AF-000371', ip: '192.168.56.1', os.name: 'Windows 10', os.arch: 'amd64', os.version: '10.0', java.version: '1.8.0_282'
Driver info: com.kms.katalon.selenium.driver.CChromeDriver
Capabilities {acceptInsecureCerts: false, browserName: chrome, browserVersion: 110.0.5481.178, chrome: {chromedriverVersion: 109.0.5414.74 (e7c5703604da..., userDataDir: C:\Users\DIEGO~1.ROJ\AppDat...}, goog:chromeOptions: {debuggerAddress: localhost:59592}, javascriptEnabled: true, networkConnectionEnabled: false, pageLoadStrategy: normal, platform: WINDOWS, platformName: WINDOWS, proxy: Proxy(), setWindowRect: true, strictFileInteractability: false, timeouts: {implicit: 0, pageLoad: 300000, script: 30000}, unhandledPromptBehavior: dismiss and notify, webauthn:extension:credBlob: true, webauthn:extension:largeBlob: true, webauthn:virtualAuthenticators: true}
Session ID: 4a483edcb7d32782a5c50e963367d9cd
	at org.openqa.selenium.remote.http.W3CHttpResponseCodec.createException(W3CHttpResponseCodec.java:187)
	at org.openqa.selenium.remote.http.W3CHttpResponseCodec.decode(W3CHttpResponseCodec.java:122)
	at org.openqa.selenium.remote.http.W3CHttpResponseCodec.decode(W3CHttpResponseCodec.java:49)
	at org.openqa.selenium.remote.HttpCommandExecutor.execute(HttpCommandExecutor.java:158)
	at org.openqa.selenium.remote.service.DriverCommandExecutor.execute(DriverCommandExecutor.java:83)
	at org.openqa.selenium.remote.RemoteWebDriver.execute(RemoteWebDriver.java:552)
	at com.kms.katalon.selenium.driver.CChromeDriver.execute(CChromeDriver.java:19)
	at org.openqa.selenium.remote.RemoteWebElement.execute(RemoteWebElement.java:285)
	at org.openqa.selenium.remote.RemoteWebElement.click(RemoteWebElement.java:84)
	at org.openqa.selenium.support.events.EventFiringWebDriver$EventFiringWebElement.lambda$new$0(EventFiringWebDriver.java:404)
	at com.sun.proxy.$Proxy11.click(Unknown Source)
	at org.openqa.selenium.support.events.EventFiringWebDriver$EventFiringWebElement.click(EventFiringWebDriver.java:417)
	at org.openqa.selenium.WebElement$click$0.call(Unknown Source)
	at com.kms.katalon.core.webui.keyword.builtin.ClickKeyword.clickUntilSuccessWithTimeout(ClickKeyword.groovy:81)
	at com.kms.katalon.core.webui.keyword.builtin.ClickKeyword.clickUntilSuccessWithTimeout(ClickKeyword.groovy)
	at com.kms.katalon.core.webui.keyword.builtin.ClickKeyword$_click_closure1.doCall(ClickKeyword.groovy:67)
	at com.kms.katalon.core.webui.keyword.builtin.ClickKeyword$_click_closure1.call(ClickKeyword.groovy)
	at com.kms.katalon.core.webui.keyword.internal.WebUIKeywordMain.runKeyword(WebUIKeywordMain.groovy:20)
	... 19 more
"/>
         <system-out><![CDATA[2023-03-09 13:04:28 - [TEST_CASE][FAILED] - Test Cases/1.2-Tareas_Secundarias/4.1-Pruebas_Capacitación/4.2.5-Enviar_y_imprimir_Diploma: Test Cases/1.2-Tareas_Secundarias/4.1-Pruebas_Capacitación/4.2.5-Enviar_y_imprimir_Diploma FAILED.
Reason:
com.kms.katalon.core.exception.StepFailedException: Unable to click on object 'Object Repository/2-OBJECTS TAREAS SECUNDARIAS/Pruebas capacitacion/Enviar_Diploma/a_Imprimir Diploma'
	at com.kms.katalon.core.webui.keyword.internal.WebUIKeywordMain.stepFailed(WebUIKeywordMain.groovy:64)
	at com.kms.katalon.core.webui.keyword.internal.WebUIKeywordMain.runKeyword(WebUIKeywordMain.groovy:26)
	at com.kms.katalon.core.webui.keyword.builtin.ClickKeyword.click(ClickKeyword.groovy:74)
	at com.kms.katalon.core.webui.keyword.builtin.ClickKeyword.execute(ClickKeyword.groovy:40)
	at com.kms.katalon.core.keyword.internal.KeywordExecutor.executeKeywordForPlatform(KeywordExecutor.groovy:74)
	at com.kms.katalon.core.webui.keyword.WebUiBuiltInKeywords.click(WebUiBuiltInKeywords.groovy:620)
	at com.kms.katalon.core.webui.keyword.WebUiBuiltInKeywords$click$9.call(Unknown Source)
	at 4.2.5-Enviar_y_imprimir_Diploma.run(4.2.5-Enviar_y_imprimir_Diploma:71)
	at com.kms.katalon.core.main.ScriptEngine.run(ScriptEngine.java:194)
	at com.kms.katalon.core.main.ScriptEngine.runScriptAsRawText(ScriptEngine.java:119)
	at com.kms.katalon.core.main.TestCaseExecutor.runScript(TestCaseExecutor.java:448)
	at com.kms.katalon.core.main.TestCaseExecutor.doExecute(TestCaseExecutor.java:439)
	at com.kms.katalon.core.main.TestCaseExecutor.processExecutionPhase(TestCaseExecutor.java:418)
	at com.kms.katalon.core.main.TestCaseExecutor.accessMainPhase(TestCaseExecutor.java:410)
	at com.kms.katalon.core.main.TestCaseExecutor.execute(TestCaseExecutor.java:285)
	at com.kms.katalon.core.common.CommonExecutor.accessTestCaseMainPhase(CommonExecutor.java:65)
	at com.kms.katalon.core.main.TestSuiteExecutor.accessTestSuiteMainPhase(TestSuiteExecutor.java:151)
	at com.kms.katalon.core.main.TestSuiteExecutor.execute(TestSuiteExecutor.java:106)
	at com.kms.katalon.core.main.TestCaseMain.startTestSuite(TestCaseMain.java:185)
	at com.kms.katalon.core.main.TestCaseMain$startTestSuite$0.call(Unknown Source)
	at TempTestSuite1678383366099.run(TempTestSuite1678383366099.groovy:36)
Caused by: org.openqa.selenium.ElementClickInterceptedException: element click intercepted: Element <a id="j_idt148:j_idt149:j_idt151:j_idt2184" href="#" class="ui-commandlink ui-widget" onclick="PrimeFaces.ab({s:&quot;j_idt148:j_idt149:j_idt151:j_idt2184&quot;,f:&quot;j_idt148&quot;,u:&quot;areaAplicacion&quot;,onco:function(xhr,status,args,data){;}});return false;" style="display: inline-block;">...</a> is not clickable at point (131, 494). Other element would receive the click: <div id="popupErrorDialog:dialog_popupFoto_modal" class="ui-widget-overlay ui-dialog-mask" style="z-index: 1036;"></div>
  (Session info: chrome=110.0.5481.178)
Build info: version: '3.141.59', revision: 'e82be7d358', time: '2018-11-14T08:25:53'
System info: host: 'US-AF-000371', ip: '192.168.56.1', os.name: 'Windows 10', os.arch: 'amd64', os.version: '10.0', java.version: '1.8.0_282'
Driver info: com.kms.katalon.selenium.driver.CChromeDriver
Capabilities {acceptInsecureCerts: false, browserName: chrome, browserVersion: 110.0.5481.178, chrome: {chromedriverVersion: 109.0.5414.74 (e7c5703604da..., userDataDir: C:\Users\DIEGO~1.ROJ\AppDat...}, goog:chromeOptions: {debuggerAddress: localhost:59592}, javascriptEnabled: true, networkConnectionEnabled: false, pageLoadStrategy: normal, platform: WINDOWS, platformName: WINDOWS, proxy: Proxy(), setWindowRect: true, strictFileInteractability: false, timeouts: {implicit: 0, pageLoad: 300000, script: 30000}, unhandledPromptBehavior: dismiss and notify, webauthn:extension:credBlob: true, webauthn:extension:largeBlob: true, webauthn:virtualAuthenticators: true}
Session ID: 4a483edcb7d32782a5c50e963367d9cd
	at org.openqa.selenium.remote.http.W3CHttpResponseCodec.createException(W3CHttpResponseCodec.java:187)
	at org.openqa.selenium.remote.http.W3CHttpResponseCodec.decode(W3CHttpResponseCodec.java:122)
	at org.openqa.selenium.remote.http.W3CHttpResponseCodec.decode(W3CHttpResponseCodec.java:49)
	at org.openqa.selenium.remote.HttpCommandExecutor.execute(HttpCommandExecutor.java:158)
	at org.openqa.selenium.remote.service.DriverCommandExecutor.execute(DriverCommandExecutor.java:83)
	at org.openqa.selenium.remote.RemoteWebDriver.execute(RemoteWebDriver.java:552)
	at com.kms.katalon.selenium.driver.CChromeDriver.execute(CChromeDriver.java:19)
	at org.openqa.selenium.remote.RemoteWebElement.execute(RemoteWebElement.java:285)
	at org.openqa.selenium.remote.RemoteWebElement.click(RemoteWebElement.java:84)
	at org.openqa.selenium.support.events.EventFiringWebDriver$EventFiringWebElement.lambda$new$0(EventFiringWebDriver.java:404)
	at com.sun.proxy.$Proxy11.click(Unknown Source)
	at org.openqa.selenium.support.events.EventFiringWebDriver$EventFiringWebElement.click(EventFiringWebDriver.java:417)
	at org.openqa.selenium.WebElement$click$0.call(Unknown Source)
	at com.kms.katalon.core.webui.keyword.builtin.ClickKeyword.clickUntilSuccessWithTimeout(ClickKeyword.groovy:81)
	at com.kms.katalon.core.webui.keyword.builtin.ClickKeyword.clickUntilSuccessWithTimeout(ClickKeyword.groovy)
	at com.kms.katalon.core.webui.keyword.builtin.ClickKeyword$_click_closure1.doCall(ClickKeyword.groovy:67)
	at com.kms.katalon.core.webui.keyword.builtin.ClickKeyword$_click_closure1.call(ClickKeyword.groovy)
	at com.kms.katalon.core.webui.keyword.internal.WebUIKeywordMain.runKeyword(WebUIKeywordMain.groovy:20)
	... 19 more


2023-03-09 13:04:28 - [TEST_STEP][PASSED] - callTestCase(findTestCase("0.1-Login"), [:], STOP_ON_FAILURE): Call Test Case 'Test Cases/0.1-Login' successfully

2023-03-09 13:04:29 - [TEST_CASE][PASSED] - Test Cases/0.1-Login: Test Cases/0.1-Login

2023-03-09 13:04:29 - [TEST_STEP][PASSED] - openBrowser(""): Browser is opened with url: ''

2023-03-09 13:04:29 - [MESSAGE][INFO] - Starting 'Chrome' driver

2023-03-09 13:04:29 - [MESSAGE][INFO] - Action delay is set to 0 milliseconds

2023-03-09 13:04:30 - [MESSAGE][PASSED] - Browser is opened with url: ''

2023-03-09 13:04:30 - [TEST_STEP][PASSED] - maximizeWindow(): Current window maximized

2023-03-09 13:04:30 - [MESSAGE][PASSED] - Current window maximized

2023-03-09 13:04:30 - [TEST_STEP][PASSED] - i = G_Login: null

2023-03-09 13:04:30 - [TEST_STEP][PASSED] - url = new java.net.URL(i): null

2023-03-09 13:04:30 - [TEST_STEP][PASSED] - println("URL: " + url.toString()): null

2023-03-09 13:04:30 - [TEST_STEP][PASSED] - connection = url.openConnection(): null

2023-03-09 13:04:30 - [TEST_STEP][PASSED] - connection.setRequestMethod("GET"): null

2023-03-09 13:04:30 - [TEST_STEP][PASSED] - connection.setReadTimeout(2 * 1000): null

2023-03-09 13:04:30 - [TEST_STEP][PASSED] - try: null

2023-03-09 13:04:30 - [TEST_STEP][PASSED] - connection.connect(): null

2023-03-09 13:04:30 - [TEST_STEP][PASSED] - flag = connected: null

2023-03-09 13:04:30 - [TEST_STEP][PASSED] - println("Valor_ori: " + flag): null

2023-03-09 13:04:30 - [TEST_STEP][PASSED] - if (flag): null

2023-03-09 13:04:30 - [TEST_STEP][PASSED] - navigateToUrl(i): Navigate to 'http://192.168.2.19:7001/saraweb' successfully

2023-03-09 13:04:33 - [MESSAGE][PASSED] - Navigate to 'http://192.168.2.19:7001/saraweb' successfully

2023-03-09 13:04:33 - [TEST_STEP][PASSED] - a(): null

2023-03-09 13:04:33 - [TEST_STEP][PASSED] - if (waitForElementVisible(findTestObject("3-OBJECTS UTILIDADES/Login/input_USUARIO_loginusuario"), 0)): null

2023-03-09 13:04:33 - [MESSAGE][WARNING] - Timeout '0' is invalid. Using default page load timeout: '37'

2023-03-09 13:04:33 - [MESSAGE][PASSED] - Object 'Object Repository/3-OBJECTS UTILIDADES/Login/input_USUARIO_loginusuario' is visible

2023-03-09 13:04:33 - [TEST_STEP][PASSED] - switchToWindowTitle("SARA"): Switched to window with title: 'SARA'

2023-03-09 13:04:33 - [MESSAGE][PASSED] - Switched to window with title: 'SARA'

2023-03-09 13:04:33 - [TEST_STEP][PASSED] - zoom(): null

2023-03-09 13:04:33 - [TEST_STEP][PASSED] - robot = new java.awt.Robot(): null

2023-03-09 13:04:33 - [TEST_STEP][PASSED] - robot.keyPress(VK_CONTROL): null

2023-03-09 13:04:33 - [TEST_STEP][PASSED] - robot.keyPress(VK_SUBTRACT): null

2023-03-09 13:04:33 - [TEST_STEP][PASSED] - robot.keyRelease(VK_CONTROL): null

2023-03-09 13:04:33 - [TEST_STEP][PASSED] - robot.keyRelease(VK_SUBTRACT): null

2023-03-09 13:04:33 - [TEST_STEP][PASSED] - robot.keyPress(VK_CONTROL): null

2023-03-09 13:04:33 - [TEST_STEP][PASSED] - robot.keyPress(VK_SUBTRACT): null

2023-03-09 13:04:33 - [TEST_STEP][PASSED] - robot.keyRelease(VK_CONTROL): null

2023-03-09 13:04:33 - [TEST_STEP][PASSED] - robot.keyRelease(VK_SUBTRACT): null

2023-03-09 13:04:33 - [TEST_STEP][PASSED] - robot.keyPress(VK_CONTROL): null

2023-03-09 13:04:33 - [TEST_STEP][PASSED] - robot.keyPress(VK_SUBTRACT): null

2023-03-09 13:04:33 - [TEST_STEP][PASSED] - robot.keyRelease(VK_CONTROL): null

2023-03-09 13:04:33 - [TEST_STEP][PASSED] - robot.keyRelease(VK_SUBTRACT): null

2023-03-09 13:04:33 - [TEST_STEP][PASSED] - robot.keyRelease(VK_CONTROL): null

2023-03-09 13:04:33 - [TEST_STEP][PASSED] - robot.keyRelease(VK_SUBTRACT): null

2023-03-09 13:04:33 - [TEST_STEP][PASSED] - setText(findTestObject("3-OBJECTS UTILIDADES/Login/input_USUARIO_loginusuario"), G_Usuario): Text 'weblogic' is set on object 'Object Repository/3-OBJECTS UTILIDADES/Login/input_USUARIO_loginusuario'

2023-03-09 13:04:34 - [MESSAGE][PASSED] - Text 'weblogic' is set on object 'Object Repository/3-OBJECTS UTILIDADES/Login/input_USUARIO_loginusuario'

2023-03-09 13:04:34 - [TEST_STEP][PASSED] - setEncryptedText(findTestObject("3-OBJECTS UTILIDADES/Login/input_CLAVE_loginpassword"), "SlAwMcyRKqrwbnzhAs8HhT6NnI7sEyng"): Text ****** has been set on object 'Object Repository/3-OBJECTS UTILIDADES/Login/input_CLAVE_loginpassword'

2023-03-09 13:04:37 - [MESSAGE][PASSED] - Text ****** has been set on object 'Object Repository/3-OBJECTS UTILIDADES/Login/input_CLAVE_loginpassword'

2023-03-09 13:04:37 - [TEST_STEP][PASSED] - while (waitForElementClickable(findTestObject("3-OBJECTS UTILIDADES/Login/a_Ingresar"), 1)): Web element with id: 'Object Repository/3-OBJECTS UTILIDADES/Login/a_Ingresar' located by '//a[contains(text(),'Ingresar')]' not found

2023-03-09 13:04:39 - [MESSAGE][INFO] - Unable to find the element located by 'By.xpath: //a[contains(text(),'Ingresar')]'. Please recheck the objects properties to make sure the desired element is located. 

2023-03-09 13:04:39 - [MESSAGE][WARNING] - Web element with id: 'Object Repository/3-OBJECTS UTILIDADES/Login/a_Ingresar' located by '//a[contains(text(),'Ingresar')]' not found

2023-03-09 13:04:39 - [MESSAGE][PASSED] - Call Test Case 'Test Cases/0.1-Login' successfully

2023-03-09 13:04:39 - [TEST_STEP][PASSED] - setText(findTestObject("2-OBJECTS TAREAS SECUNDARIAS/Pruebas capacitacion/Enviar_Diploma/input_Empresa 1_form_templatej_idt24_input"), "Control Evento Capacitacion"): Text 'Control Evento Capacitacion' is set on object 'Object Repository/2-OBJECTS TAREAS SECUNDARIAS/Pruebas capacitacion/Enviar_Diploma/input_Empresa 1_form_templatej_idt24_input'

2023-03-09 13:04:40 - [MESSAGE][PASSED] - Text 'Control Evento Capacitacion' is set on object 'Object Repository/2-OBJECTS TAREAS SECUNDARIAS/Pruebas capacitacion/Enviar_Diploma/input_Empresa 1_form_templatej_idt24_input'

2023-03-09 13:04:40 - [TEST_STEP][PASSED] - click(findTestObject("2-OBJECTS TAREAS SECUNDARIAS/Pruebas capacitacion/Enviar_Diploma/li_Control Evento Capacitacion (cap)")): Object: 'Object Repository/2-OBJECTS TAREAS SECUNDARIAS/Pruebas capacitacion/Enviar_Diploma/li_Control Evento Capacitacion (cap)' is clicked on

2023-03-09 13:04:42 - [MESSAGE][PASSED] - Object: 'Object Repository/2-OBJECTS TAREAS SECUNDARIAS/Pruebas capacitacion/Enviar_Diploma/li_Control Evento Capacitacion (cap)' is clicked on

2023-03-09 13:04:42 - [TEST_STEP][PASSED] - click(findTestObject("2-OBJECTS TAREAS SECUNDARIAS/Pruebas capacitacion/Enviar_Diploma/td_Prueba")): Object: 'Object Repository/2-OBJECTS TAREAS SECUNDARIAS/Pruebas capacitacion/Enviar_Diploma/td_Prueba' is clicked on

2023-03-09 13:04:45 - [MESSAGE][PASSED] - Object: 'Object Repository/2-OBJECTS TAREAS SECUNDARIAS/Pruebas capacitacion/Enviar_Diploma/td_Prueba' is clicked on

2023-03-09 13:04:45 - [TEST_STEP][PASSED] - click(findTestObject("2-OBJECTS TAREAS SECUNDARIAS/Pruebas capacitacion/Enviar_Diploma/div_Asistentes")): Object: 'Object Repository/2-OBJECTS TAREAS SECUNDARIAS/Pruebas capacitacion/Enviar_Diploma/div_Asistentes' is clicked on

2023-03-09 13:04:46 - [MESSAGE][PASSED] - Object: 'Object Repository/2-OBJECTS TAREAS SECUNDARIAS/Pruebas capacitacion/Enviar_Diploma/div_Asistentes' is clicked on

2023-03-09 13:04:46 - [TEST_STEP][PASSED] - click(findTestObject("2-OBJECTS TAREAS SECUNDARIAS/Pruebas capacitacion/Enviar_Diploma/a_Registro")): Object: 'Object Repository/2-OBJECTS TAREAS SECUNDARIAS/Pruebas capacitacion/Enviar_Diploma/a_Registro' is clicked on

2023-03-09 13:04:47 - [MESSAGE][PASSED] - Object: 'Object Repository/2-OBJECTS TAREAS SECUNDARIAS/Pruebas capacitacion/Enviar_Diploma/a_Registro' is clicked on

2023-03-09 13:04:47 - [TEST_STEP][PASSED] - click(findTestObject("2-OBJECTS TAREAS SECUNDARIAS/Pruebas capacitacion/Enviar_Diploma/a_Agregar Asistentes")): Object: 'Object Repository/2-OBJECTS TAREAS SECUNDARIAS/Pruebas capacitacion/Enviar_Diploma/a_Agregar Asistentes' is clicked on

2023-03-09 13:04:48 - [MESSAGE][PASSED] - Object: 'Object Repository/2-OBJECTS TAREAS SECUNDARIAS/Pruebas capacitacion/Enviar_Diploma/a_Agregar Asistentes' is clicked on

2023-03-09 13:04:48 - [TEST_STEP][PASSED] - click(findTestObject("2-OBJECTS TAREAS SECUNDARIAS/Pruebas capacitacion/Enviar_Diploma/a_Identificacin_form_filtro_EmpleadosfiltroPopupEmpleado")): Object: 'Object Repository/2-OBJECTS TAREAS SECUNDARIAS/Pruebas capacitacion/Enviar_Diploma/a_Identificacin_form_filtro_EmpleadosfiltroPopupEmpleado' is clicked on

2023-03-09 13:04:48 - [MESSAGE][PASSED] - Object: 'Object Repository/2-OBJECTS TAREAS SECUNDARIAS/Pruebas capacitacion/Enviar_Diploma/a_Identificacin_form_filtro_EmpleadosfiltroPopupEmpleado' is clicked on

2023-03-09 13:04:48 - [TEST_STEP][PASSED] - setText(findTestObject("2-OBJECTS TAREAS SECUNDARIAS/Pruebas capacitacion/Enviar_Diploma/input_Filtro Empleado_form_popupEmpleadoj_idt2269"), "80097770"): Text '80097770' is set on object 'Object Repository/2-OBJECTS TAREAS SECUNDARIAS/Pruebas capacitacion/Enviar_Diploma/input_Filtro Empleado_form_popupEmpleadoj_idt2269'

2023-03-09 13:04:49 - [MESSAGE][PASSED] - Text '80097770' is set on object 'Object Repository/2-OBJECTS TAREAS SECUNDARIAS/Pruebas capacitacion/Enviar_Diploma/input_Filtro Empleado_form_popupEmpleadoj_idt2269'

2023-03-09 13:04:49 - [TEST_STEP][PASSED] - sendKeys(findTestObject("2-OBJECTS TAREAS SECUNDARIAS/Pruebas capacitacion/Enviar_Diploma/input_Filtro Empleado_form_popupEmpleadoj_idt2269"), Keys.chord(ENTER)): Keys 'ENTER + ' sent to object: 'Object Repository/2-OBJECTS TAREAS SECUNDARIAS/Pruebas capacitacion/Enviar_Diploma/input_Filtro Empleado_form_popupEmpleadoj_idt2269'

2023-03-09 13:04:50 - [MESSAGE][PASSED] - Keys 'ENTER + ' sent to object: 'Object Repository/2-OBJECTS TAREAS SECUNDARIAS/Pruebas capacitacion/Enviar_Diploma/input_Filtro Empleado_form_popupEmpleadoj_idt2269'

2023-03-09 13:04:50 - [TEST_STEP][PASSED] - click(findTestObject("2-OBJECTS TAREAS SECUNDARIAS/Pruebas capacitacion/Enviar_Diploma/span_80097770")): Object: 'Object Repository/2-OBJECTS TAREAS SECUNDARIAS/Pruebas capacitacion/Enviar_Diploma/span_80097770' is clicked on

2023-03-09 13:04:51 - [MESSAGE][PASSED] - Object: 'Object Repository/2-OBJECTS TAREAS SECUNDARIAS/Pruebas capacitacion/Enviar_Diploma/span_80097770' is clicked on

2023-03-09 13:04:51 - [TEST_STEP][PASSED] - click(findTestObject("2-OBJECTS TAREAS SECUNDARIAS/Pruebas capacitacion/Enviar_Diploma/div_Almanza Novoa John Alexandre_ui-chkbox-box ui-widget ui-corner-all ui-state-default ui-state-hover")): Object: 'Object Repository/2-OBJECTS TAREAS SECUNDARIAS/Pruebas capacitacion/Enviar_Diploma/div_Almanza Novoa John Alexandre_ui-chkbox-box ui-widget ui-corner-all ui-state-default ui-state-hover' is clicked on

2023-03-09 13:04:51 - [MESSAGE][PASSED] - Object: 'Object Repository/2-OBJECTS TAREAS SECUNDARIAS/Pruebas capacitacion/Enviar_Diploma/div_Almanza Novoa John Alexandre_ui-chkbox-box ui-widget ui-corner-all ui-state-default ui-state-hover' is clicked on

2023-03-09 13:04:51 - [TEST_STEP][PASSED] - selectOptionByIndex(findTestObject("2-OBJECTS TAREAS SECUNDARIAS/Pruebas capacitacion/Enviar_Diploma/select_--SeleccionePruebas k"), 1): All options with index in [1] are selected on object 'Object Repository/2-OBJECTS TAREAS SECUNDARIAS/Pruebas capacitacion/Enviar_Diploma/select_--SeleccionePruebas k'

2023-03-09 13:04:53 - [MESSAGE][PASSED] - All options with index in [1] are selected on object 'Object Repository/2-OBJECTS TAREAS SECUNDARIAS/Pruebas capacitacion/Enviar_Diploma/select_--SeleccionePruebas k'

2023-03-09 13:04:53 - [TEST_STEP][PASSED] - selectOptionByIndex(findTestObject("2-OBJECTS TAREAS SECUNDARIAS/Pruebas capacitacion/Enviar_Diploma/select_--SeleccionePrueba1pruebaPRUEBA PLAN CAPACITACIONPRUEBA SILVIA"), 1): All options with index in [1] are selected on object 'Object Repository/2-OBJECTS TAREAS SECUNDARIAS/Pruebas capacitacion/Enviar_Diploma/select_--SeleccionePrueba1pruebaPRUEBA PLAN CAPACITACIONPRUEBA SILVIA'

2023-03-09 13:04:54 - [MESSAGE][PASSED] - All options with index in [1] are selected on object 'Object Repository/2-OBJECTS TAREAS SECUNDARIAS/Pruebas capacitacion/Enviar_Diploma/select_--SeleccionePrueba1pruebaPRUEBA PLAN CAPACITACIONPRUEBA SILVIA'

2023-03-09 13:04:54 - [TEST_STEP][PASSED] - click(findTestObject("2-OBJECTS TAREAS SECUNDARIAS/Pruebas capacitacion/Enviar_Diploma/a_Aceptar")): Object: 'Object Repository/2-OBJECTS TAREAS SECUNDARIAS/Pruebas capacitacion/Enviar_Diploma/a_Aceptar' is clicked on

2023-03-09 13:04:54 - [MESSAGE][PASSED] - Object: 'Object Repository/2-OBJECTS TAREAS SECUNDARIAS/Pruebas capacitacion/Enviar_Diploma/a_Aceptar' is clicked on

2023-03-09 13:04:54 - [TEST_STEP][PASSED] - click(findTestObject("2-OBJECTS TAREAS SECUNDARIAS/Pruebas capacitacion/Enviar_Diploma/td_FINALIZADO")): Object: 'Object Repository/2-OBJECTS TAREAS SECUNDARIAS/Pruebas capacitacion/Enviar_Diploma/td_FINALIZADO' is clicked on

2023-03-09 13:04:55 - [MESSAGE][PASSED] - Object: 'Object Repository/2-OBJECTS TAREAS SECUNDARIAS/Pruebas capacitacion/Enviar_Diploma/td_FINALIZADO' is clicked on

2023-03-09 13:04:55 - [TEST_STEP][PASSED] - selectOptionByIndex(findTestObject("2-OBJECTS TAREAS SECUNDARIAS/Pruebas capacitacion/Enviar_Diploma/select_SeleccioneACEPTADOFINALIZADOINSCRITONO ACEPTADONO APROBADONO ASISTIO"), 2): All options with index in [2] are selected on object 'Object Repository/2-OBJECTS TAREAS SECUNDARIAS/Pruebas capacitacion/Enviar_Diploma/select_SeleccioneACEPTADOFINALIZADOINSCRITONO ACEPTADONO APROBADONO ASISTIO'

2023-03-09 13:04:57 - [MESSAGE][PASSED] - All options with index in [2] are selected on object 'Object Repository/2-OBJECTS TAREAS SECUNDARIAS/Pruebas capacitacion/Enviar_Diploma/select_SeleccioneACEPTADOFINALIZADOINSCRITONO ACEPTADONO APROBADONO ASISTIO'

2023-03-09 13:04:57 - [TEST_STEP][PASSED] - setText(findTestObject("2-OBJECTS TAREAS SECUNDARIAS/Pruebas capacitacion/Enviar_Diploma/input_Puntaje_formAsistenteEventopanelTabAsistenteEvenpuntaje"), "5"): Text '5' is set on object 'Object Repository/2-OBJECTS TAREAS SECUNDARIAS/Pruebas capacitacion/Enviar_Diploma/input_Puntaje_formAsistenteEventopanelTabAsistenteEvenpuntaje'

2023-03-09 13:04:58 - [MESSAGE][PASSED] - Text '5' is set on object 'Object Repository/2-OBJECTS TAREAS SECUNDARIAS/Pruebas capacitacion/Enviar_Diploma/input_Puntaje_formAsistenteEventopanelTabAsistenteEvenpuntaje'

2023-03-09 13:04:58 - [TEST_STEP][PASSED] - click(findTestObject("2-OBJECTS TAREAS SECUNDARIAS/Pruebas capacitacion/Enviar_Diploma/a_Actualizar")): Object: 'Object Repository/2-OBJECTS TAREAS SECUNDARIAS/Pruebas capacitacion/Enviar_Diploma/a_Actualizar' is clicked on

2023-03-09 13:04:58 - [MESSAGE][PASSED] - Object: 'Object Repository/2-OBJECTS TAREAS SECUNDARIAS/Pruebas capacitacion/Enviar_Diploma/a_Actualizar' is clicked on

2023-03-09 13:04:58 - [TEST_STEP][PASSED] - click(findTestObject("2-OBJECTS TAREAS SECUNDARIAS/Pruebas capacitacion/Enviar_Diploma/span_Externo_ui-icon ui-icon-closethick")): Object: 'Object Repository/2-OBJECTS TAREAS SECUNDARIAS/Pruebas capacitacion/Enviar_Diploma/span_Externo_ui-icon ui-icon-closethick' is clicked on

2023-03-09 13:04:59 - [MESSAGE][PASSED] - Object: 'Object Repository/2-OBJECTS TAREAS SECUNDARIAS/Pruebas capacitacion/Enviar_Diploma/span_Externo_ui-icon ui-icon-closethick' is clicked on

2023-03-09 13:04:59 - [TEST_STEP][PASSED] - check(findTestObject("2-OBJECTS TAREAS SECUNDARIAS/Pruebas capacitacion/Enviar_Diploma/span_Origen_ui-chkbox-icon ui-icon ui-icon-check ui-c")): Object 'Object Repository/2-OBJECTS TAREAS SECUNDARIAS/Pruebas capacitacion/Enviar_Diploma/span_Origen_ui-chkbox-icon ui-icon ui-icon-check ui-c' is checked

2023-03-09 13:05:00 - [MESSAGE][PASSED] - Object 'Object Repository/2-OBJECTS TAREAS SECUNDARIAS/Pruebas capacitacion/Enviar_Diploma/span_Origen_ui-chkbox-icon ui-icon ui-icon-check ui-c' is checked

2023-03-09 13:05:00 - [TEST_STEP][PASSED] - click(findTestObject("2-OBJECTS TAREAS SECUNDARIAS/Pruebas capacitacion/Enviar_Diploma/a_Enviar Diploma")): Object: 'Object Repository/2-OBJECTS TAREAS SECUNDARIAS/Pruebas capacitacion/Enviar_Diploma/a_Enviar Diploma' is clicked on

2023-03-09 13:05:00 - [MESSAGE][PASSED] - Object: 'Object Repository/2-OBJECTS TAREAS SECUNDARIAS/Pruebas capacitacion/Enviar_Diploma/a_Enviar Diploma' is clicked on

2023-03-09 13:05:00 - [TEST_STEP][FAILED] - click(findTestObject("2-OBJECTS TAREAS SECUNDARIAS/Pruebas capacitacion/Enviar_Diploma/a_Imprimir Diploma")): Unable to click on object 'Object Repository/2-OBJECTS TAREAS SECUNDARIAS/Pruebas capacitacion/Enviar_Diploma/a_Imprimir Diploma' (Root cause: com.kms.katalon.core.exception.StepFailedException: Unable to click on object 'Object Repository/2-OBJECTS TAREAS SECUNDARIAS/Pruebas capacitacion/Enviar_Diploma/a_Imprimir Diploma'
	at com.kms.katalon.core.webui.keyword.internal.WebUIKeywordMain.stepFailed(WebUIKeywordMain.groovy:64)
	at com.kms.katalon.core.webui.keyword.internal.WebUIKeywordMain.runKeyword(WebUIKeywordMain.groovy:26)
	at com.kms.katalon.core.webui.keyword.builtin.ClickKeyword.click(ClickKeyword.groovy:74)
	at com.kms.katalon.core.webui.keyword.builtin.ClickKeyword.execute(ClickKeyword.groovy:40)
	at com.kms.katalon.core.keyword.internal.KeywordExecutor.executeKeywordForPlatform(KeywordExecutor.groovy:74)
	at com.kms.katalon.core.webui.keyword.WebUiBuiltInKeywords.click(WebUiBuiltInKeywords.groovy:620)
	at com.kms.katalon.core.webui.keyword.WebUiBuiltInKeywords$click$9.call(Unknown Source)
	at 4.2.5-Enviar_y_imprimir_Diploma.run(4.2.5-Enviar_y_imprimir_Diploma:71)
	at com.kms.katalon.core.main.ScriptEngine.run(ScriptEngine.java:194)
	at com.kms.katalon.core.main.ScriptEngine.runScriptAsRawText(ScriptEngine.java:119)
	at com.kms.katalon.core.main.TestCaseExecutor.runScript(TestCaseExecutor.java:448)
	at com.kms.katalon.core.main.TestCaseExecutor.doExecute(TestCaseExecutor.java:439)
	at com.kms.katalon.core.main.TestCaseExecutor.processExecutionPhase(TestCaseExecutor.java:418)
	at com.kms.katalon.core.main.TestCaseExecutor.accessMainPhase(TestCaseExecutor.java:410)
	at com.kms.katalon.core.main.TestCaseExecutor.execute(TestCaseExecutor.java:285)
	at com.kms.katalon.core.common.CommonExecutor.accessTestCaseMainPhase(CommonExecutor.java:65)
	at com.kms.katalon.core.main.TestSuiteExecutor.accessTestSuiteMainPhase(TestSuiteExecutor.java:151)
	at com.kms.katalon.core.main.TestSuiteExecutor.execute(TestSuiteExecutor.java:106)
	at com.kms.katalon.core.main.TestCaseMain.startTestSuite(TestCaseMain.java:185)
	at com.kms.katalon.core.main.TestCaseMain$startTestSuite$0.call(Unknown Source)
	at TempTestSuite1678383366099.run(TempTestSuite1678383366099.groovy:36)
Caused by: org.openqa.selenium.ElementClickInterceptedException: element click intercepted: Element <a id="j_idt148:j_idt149:j_idt151:j_idt2184" href="#" class="ui-commandlink ui-widget" onclick="PrimeFaces.ab({s:&quot;j_idt148:j_idt149:j_idt151:j_idt2184&quot;,f:&quot;j_idt148&quot;,u:&quot;areaAplicacion&quot;,onco:function(xhr,status,args,data){;}});return false;" style="display: inline-block;">...</a> is not clickable at point (131, 494). Other element would receive the click: <div id="popupErrorDialog:dialog_popupFoto_modal" class="ui-widget-overlay ui-dialog-mask" style="z-index: 1036;"></div>
  (Session info: chrome=110.0.5481.178)
Build info: version: '3.141.59', revision: 'e82be7d358', time: '2018-11-14T08:25:53'
System info: host: 'US-AF-000371', ip: '192.168.56.1', os.name: 'Windows 10', os.arch: 'amd64', os.version: '10.0', java.version: '1.8.0_282'
Driver info: com.kms.katalon.selenium.driver.CChromeDriver
Capabilities {acceptInsecureCerts: false, browserName: chrome, browserVersion: 110.0.5481.178, chrome: {chromedriverVersion: 109.0.5414.74 (e7c5703604da..., userDataDir: C:\Users\DIEGO~1.ROJ\AppDat...}, goog:chromeOptions: {debuggerAddress: localhost:59592}, javascriptEnabled: true, networkConnectionEnabled: false, pageLoadStrategy: normal, platform: WINDOWS, platformName: WINDOWS, proxy: Proxy(), setWindowRect: true, strictFileInteractability: false, timeouts: {implicit: 0, pageLoad: 300000, script: 30000}, unhandledPromptBehavior: dismiss and notify, webauthn:extension:credBlob: true, webauthn:extension:largeBlob: true, webauthn:virtualAuthenticators: true}
Session ID: 4a483edcb7d32782a5c50e963367d9cd
	at org.openqa.selenium.remote.http.W3CHttpResponseCodec.createException(W3CHttpResponseCodec.java:187)
	at org.openqa.selenium.remote.http.W3CHttpResponseCodec.decode(W3CHttpResponseCodec.java:122)
	at org.openqa.selenium.remote.http.W3CHttpResponseCodec.decode(W3CHttpResponseCodec.java:49)
	at org.openqa.selenium.remote.HttpCommandExecutor.execute(HttpCommandExecutor.java:158)
	at org.openqa.selenium.remote.service.DriverCommandExecutor.execute(DriverCommandExecutor.java:83)
	at org.openqa.selenium.remote.RemoteWebDriver.execute(RemoteWebDriver.java:552)
	at com.kms.katalon.selenium.driver.CChromeDriver.execute(CChromeDriver.java:19)
	at org.openqa.selenium.remote.RemoteWebElement.execute(RemoteWebElement.java:285)
	at org.openqa.selenium.remote.RemoteWebElement.click(RemoteWebElement.java:84)
	at org.openqa.selenium.support.events.EventFiringWebDriver$EventFiringWebElement.lambda$new$0(EventFiringWebDriver.java:404)
	at com.sun.proxy.$Proxy11.click(Unknown Source)
	at org.openqa.selenium.support.events.EventFiringWebDriver$EventFiringWebElement.click(EventFiringWebDriver.java:417)
	at org.openqa.selenium.WebElement$click$0.call(Unknown Source)
	at com.kms.katalon.core.webui.keyword.builtin.ClickKeyword.clickUntilSuccessWithTimeout(ClickKeyword.groovy:81)
	at com.kms.katalon.core.webui.keyword.builtin.ClickKeyword.clickUntilSuccessWithTimeout(ClickKeyword.groovy)
	at com.kms.katalon.core.webui.keyword.builtin.ClickKeyword$_click_closure1.doCall(ClickKeyword.groovy:67)
	at com.kms.katalon.core.webui.keyword.builtin.ClickKeyword$_click_closure1.call(ClickKeyword.groovy)
	at com.kms.katalon.core.webui.keyword.internal.WebUIKeywordMain.runKeyword(WebUIKeywordMain.groovy:20)
	at com.kms.katalon.core.webui.keyword.builtin.ClickKeyword.click(ClickKeyword.groovy:74)
	at com.kms.katalon.core.webui.keyword.builtin.ClickKeyword.execute(ClickKeyword.groovy:40)
	at com.kms.katalon.core.keyword.internal.KeywordExecutor.executeKeywordForPlatform(KeywordExecutor.groovy:74)
	at com.kms.katalon.core.webui.keyword.WebUiBuiltInKeywords.click(WebUiBuiltInKeywords.groovy:620)
	at com.kms.katalon.core.webui.keyword.WebUiBuiltInKeywords$click$9.call(Unknown Source)
	at Script1643050435110.run(Script1643050435110.groovy:71)
	... 13 more
)

2023-03-09 13:05:40 - [MESSAGE][FAILED] - Unable to click on object 'Object Repository/2-OBJECTS TAREAS SECUNDARIAS/Pruebas capacitacion/Enviar_Diploma/a_Imprimir Diploma' (Root cause: com.kms.katalon.core.exception.StepFailedException: Unable to click on object 'Object Repository/2-OBJECTS TAREAS SECUNDARIAS/Pruebas capacitacion/Enviar_Diploma/a_Imprimir Diploma'
	at com.kms.katalon.core.webui.keyword.internal.WebUIKeywordMain.stepFailed(WebUIKeywordMain.groovy:64)
	at com.kms.katalon.core.webui.keyword.internal.WebUIKeywordMain.runKeyword(WebUIKeywordMain.groovy:26)
	at com.kms.katalon.core.webui.keyword.builtin.ClickKeyword.click(ClickKeyword.groovy:74)
	at com.kms.katalon.core.webui.keyword.builtin.ClickKeyword.execute(ClickKeyword.groovy:40)
	at com.kms.katalon.core.keyword.internal.KeywordExecutor.executeKeywordForPlatform(KeywordExecutor.groovy:74)
	at com.kms.katalon.core.webui.keyword.WebUiBuiltInKeywords.click(WebUiBuiltInKeywords.groovy:620)
	at com.kms.katalon.core.webui.keyword.WebUiBuiltInKeywords$click$9.call(Unknown Source)
	at 4.2.5-Enviar_y_imprimir_Diploma.run(4.2.5-Enviar_y_imprimir_Diploma:71)
	at com.kms.katalon.core.main.ScriptEngine.run(ScriptEngine.java:194)
	at com.kms.katalon.core.main.ScriptEngine.runScriptAsRawText(ScriptEngine.java:119)
	at com.kms.katalon.core.main.TestCaseExecutor.runScript(TestCaseExecutor.java:448)
	at com.kms.katalon.core.main.TestCaseExecutor.doExecute(TestCaseExecutor.java:439)
	at com.kms.katalon.core.main.TestCaseExecutor.processExecutionPhase(TestCaseExecutor.java:418)
	at com.kms.katalon.core.main.TestCaseExecutor.accessMainPhase(TestCaseExecutor.java:410)
	at com.kms.katalon.core.main.TestCaseExecutor.execute(TestCaseExecutor.java:285)
	at com.kms.katalon.core.common.CommonExecutor.accessTestCaseMainPhase(CommonExecutor.java:65)
	at com.kms.katalon.core.main.TestSuiteExecutor.accessTestSuiteMainPhase(TestSuiteExecutor.java:151)
	at com.kms.katalon.core.main.TestSuiteExecutor.execute(TestSuiteExecutor.java:106)
	at com.kms.katalon.core.main.TestCaseMain.startTestSuite(TestCaseMain.java:185)
	at com.kms.katalon.core.main.TestCaseMain$startTestSuite$0.call(Unknown Source)
	at TempTestSuite1678383366099.run(TempTestSuite1678383366099.groovy:36)
Caused by: org.openqa.selenium.ElementClickInterceptedException: element click intercepted: Element <a id="j_idt148:j_idt149:j_idt151:j_idt2184" href="#" class="ui-commandlink ui-widget" onclick="PrimeFaces.ab({s:&quot;j_idt148:j_idt149:j_idt151:j_idt2184&quot;,f:&quot;j_idt148&quot;,u:&quot;areaAplicacion&quot;,onco:function(xhr,status,args,data){;}});return false;" style="display: inline-block;">...</a> is not clickable at point (131, 494). Other element would receive the click: <div id="popupErrorDialog:dialog_popupFoto_modal" class="ui-widget-overlay ui-dialog-mask" style="z-index: 1036;"></div>
  (Session info: chrome=110.0.5481.178)
Build info: version: '3.141.59', revision: 'e82be7d358', time: '2018-11-14T08:25:53'
System info: host: 'US-AF-000371', ip: '192.168.56.1', os.name: 'Windows 10', os.arch: 'amd64', os.version: '10.0', java.version: '1.8.0_282'
Driver info: com.kms.katalon.selenium.driver.CChromeDriver
Capabilities {acceptInsecureCerts: false, browserName: chrome, browserVersion: 110.0.5481.178, chrome: {chromedriverVersion: 109.0.5414.74 (e7c5703604da..., userDataDir: C:\Users\DIEGO~1.ROJ\AppDat...}, goog:chromeOptions: {debuggerAddress: localhost:59592}, javascriptEnabled: true, networkConnectionEnabled: false, pageLoadStrategy: normal, platform: WINDOWS, platformName: WINDOWS, proxy: Proxy(), setWindowRect: true, strictFileInteractability: false, timeouts: {implicit: 0, pageLoad: 300000, script: 30000}, unhandledPromptBehavior: dismiss and notify, webauthn:extension:credBlob: true, webauthn:extension:largeBlob: true, webauthn:virtualAuthenticators: true}
Session ID: 4a483edcb7d32782a5c50e963367d9cd
	at org.openqa.selenium.remote.http.W3CHttpResponseCodec.createException(W3CHttpResponseCodec.java:187)
	at org.openqa.selenium.remote.http.W3CHttpResponseCodec.decode(W3CHttpResponseCodec.java:122)
	at org.openqa.selenium.remote.http.W3CHttpResponseCodec.decode(W3CHttpResponseCodec.java:49)
	at org.openqa.selenium.remote.HttpCommandExecutor.execute(HttpCommandExecutor.java:158)
	at org.openqa.selenium.remote.service.DriverCommandExecutor.execute(DriverCommandExecutor.java:83)
	at org.openqa.selenium.remote.RemoteWebDriver.execute(RemoteWebDriver.java:552)
	at com.kms.katalon.selenium.driver.CChromeDriver.execute(CChromeDriver.java:19)
	at org.openqa.selenium.remote.RemoteWebElement.execute(RemoteWebElement.java:285)
	at org.openqa.selenium.remote.RemoteWebElement.click(RemoteWebElement.java:84)
	at org.openqa.selenium.support.events.EventFiringWebDriver$EventFiringWebElement.lambda$new$0(EventFiringWebDriver.java:404)
	at com.sun.proxy.$Proxy11.click(Unknown Source)
	at org.openqa.selenium.support.events.EventFiringWebDriver$EventFiringWebElement.click(EventFiringWebDriver.java:417)
	at org.openqa.selenium.WebElement$click$0.call(Unknown Source)
	at com.kms.katalon.core.webui.keyword.builtin.ClickKeyword.clickUntilSuccessWithTimeout(ClickKeyword.groovy:81)
	at com.kms.katalon.core.webui.keyword.builtin.ClickKeyword.clickUntilSuccessWithTimeout(ClickKeyword.groovy)
	at com.kms.katalon.core.webui.keyword.builtin.ClickKeyword$_click_closure1.doCall(ClickKeyword.groovy:67)
	at com.kms.katalon.core.webui.keyword.builtin.ClickKeyword$_click_closure1.call(ClickKeyword.groovy)
	at com.kms.katalon.core.webui.keyword.internal.WebUIKeywordMain.runKeyword(WebUIKeywordMain.groovy:20)
	at com.kms.katalon.core.webui.keyword.builtin.ClickKeyword.click(ClickKeyword.groovy:74)
	at com.kms.katalon.core.webui.keyword.builtin.ClickKeyword.execute(ClickKeyword.groovy:40)
	at com.kms.katalon.core.keyword.internal.KeywordExecutor.executeKeywordForPlatform(KeywordExecutor.groovy:74)
	at com.kms.katalon.core.webui.keyword.WebUiBuiltInKeywords.click(WebUiBuiltInKeywords.groovy:620)
	at com.kms.katalon.core.webui.keyword.WebUiBuiltInKeywords$click$9.call(Unknown Source)
	at Script1643050435110.run(Script1643050435110.groovy:71)
	... 13 more
)
[[ATTACHMENT|C:\\Users\\diego.rojas\\git\\Pruebas-Minimas\\Reports\\20230309_123606\\Test_Suite_Secundaria\\1-Tareas_secundarias\\20230309_123606\\1678385140832.png]]]]></system-out>
         <system-err><![CDATA[2023-03-09 13:04:28 - [TEST_CASE][FAILED] - Test Cases/1.2-Tareas_Secundarias/4.1-Pruebas_Capacitación/4.2.5-Enviar_y_imprimir_Diploma: Test Cases/1.2-Tareas_Secundarias/4.1-Pruebas_Capacitación/4.2.5-Enviar_y_imprimir_Diploma FAILED.
Reason:
com.kms.katalon.core.exception.StepFailedException: Unable to click on object 'Object Repository/2-OBJECTS TAREAS SECUNDARIAS/Pruebas capacitacion/Enviar_Diploma/a_Imprimir Diploma'
	at com.kms.katalon.core.webui.keyword.internal.WebUIKeywordMain.stepFailed(WebUIKeywordMain.groovy:64)
	at com.kms.katalon.core.webui.keyword.internal.WebUIKeywordMain.runKeyword(WebUIKeywordMain.groovy:26)
	at com.kms.katalon.core.webui.keyword.builtin.ClickKeyword.click(ClickKeyword.groovy:74)
	at com.kms.katalon.core.webui.keyword.builtin.ClickKeyword.execute(ClickKeyword.groovy:40)
	at com.kms.katalon.core.keyword.internal.KeywordExecutor.executeKeywordForPlatform(KeywordExecutor.groovy:74)
	at com.kms.katalon.core.webui.keyword.WebUiBuiltInKeywords.click(WebUiBuiltInKeywords.groovy:620)
	at com.kms.katalon.core.webui.keyword.WebUiBuiltInKeywords$click$9.call(Unknown Source)
	at 4.2.5-Enviar_y_imprimir_Diploma.run(4.2.5-Enviar_y_imprimir_Diploma:71)
	at com.kms.katalon.core.main.ScriptEngine.run(ScriptEngine.java:194)
	at com.kms.katalon.core.main.ScriptEngine.runScriptAsRawText(ScriptEngine.java:119)
	at com.kms.katalon.core.main.TestCaseExecutor.runScript(TestCaseExecutor.java:448)
	at com.kms.katalon.core.main.TestCaseExecutor.doExecute(TestCaseExecutor.java:439)
	at com.kms.katalon.core.main.TestCaseExecutor.processExecutionPhase(TestCaseExecutor.java:418)
	at com.kms.katalon.core.main.TestCaseExecutor.accessMainPhase(TestCaseExecutor.java:410)
	at com.kms.katalon.core.main.TestCaseExecutor.execute(TestCaseExecutor.java:285)
	at com.kms.katalon.core.common.CommonExecutor.accessTestCaseMainPhase(CommonExecutor.java:65)
	at com.kms.katalon.core.main.TestSuiteExecutor.accessTestSuiteMainPhase(TestSuiteExecutor.java:151)
	at com.kms.katalon.core.main.TestSuiteExecutor.execute(TestSuiteExecutor.java:106)
	at com.kms.katalon.core.main.TestCaseMain.startTestSuite(TestCaseMain.java:185)
	at com.kms.katalon.core.main.TestCaseMain$startTestSuite$0.call(Unknown Source)
	at TempTestSuite1678383366099.run(TempTestSuite1678383366099.groovy:36)
Caused by: org.openqa.selenium.ElementClickInterceptedException: element click intercepted: Element <a id="j_idt148:j_idt149:j_idt151:j_idt2184" href="#" class="ui-commandlink ui-widget" onclick="PrimeFaces.ab({s:&quot;j_idt148:j_idt149:j_idt151:j_idt2184&quot;,f:&quot;j_idt148&quot;,u:&quot;areaAplicacion&quot;,onco:function(xhr,status,args,data){;}});return false;" style="display: inline-block;">...</a> is not clickable at point (131, 494). Other element would receive the click: <div id="popupErrorDialog:dialog_popupFoto_modal" class="ui-widget-overlay ui-dialog-mask" style="z-index: 1036;"></div>
  (Session info: chrome=110.0.5481.178)
Build info: version: '3.141.59', revision: 'e82be7d358', time: '2018-11-14T08:25:53'
System info: host: 'US-AF-000371', ip: '192.168.56.1', os.name: 'Windows 10', os.arch: 'amd64', os.version: '10.0', java.version: '1.8.0_282'
Driver info: com.kms.katalon.selenium.driver.CChromeDriver
Capabilities {acceptInsecureCerts: false, browserName: chrome, browserVersion: 110.0.5481.178, chrome: {chromedriverVersion: 109.0.5414.74 (e7c5703604da..., userDataDir: C:\Users\DIEGO~1.ROJ\AppDat...}, goog:chromeOptions: {debuggerAddress: localhost:59592}, javascriptEnabled: true, networkConnectionEnabled: false, pageLoadStrategy: normal, platform: WINDOWS, platformName: WINDOWS, proxy: Proxy(), setWindowRect: true, strictFileInteractability: false, timeouts: {implicit: 0, pageLoad: 300000, script: 30000}, unhandledPromptBehavior: dismiss and notify, webauthn:extension:credBlob: true, webauthn:extension:largeBlob: true, webauthn:virtualAuthenticators: true}
Session ID: 4a483edcb7d32782a5c50e963367d9cd
	at org.openqa.selenium.remote.http.W3CHttpResponseCodec.createException(W3CHttpResponseCodec.java:187)
	at org.openqa.selenium.remote.http.W3CHttpResponseCodec.decode(W3CHttpResponseCodec.java:122)
	at org.openqa.selenium.remote.http.W3CHttpResponseCodec.decode(W3CHttpResponseCodec.java:49)
	at org.openqa.selenium.remote.HttpCommandExecutor.execute(HttpCommandExecutor.java:158)
	at org.openqa.selenium.remote.service.DriverCommandExecutor.execute(DriverCommandExecutor.java:83)
	at org.openqa.selenium.remote.RemoteWebDriver.execute(RemoteWebDriver.java:552)
	at com.kms.katalon.selenium.driver.CChromeDriver.execute(CChromeDriver.java:19)
	at org.openqa.selenium.remote.RemoteWebElement.execute(RemoteWebElement.java:285)
	at org.openqa.selenium.remote.RemoteWebElement.click(RemoteWebElement.java:84)
	at org.openqa.selenium.support.events.EventFiringWebDriver$EventFiringWebElement.lambda$new$0(EventFiringWebDriver.java:404)
	at com.sun.proxy.$Proxy11.click(Unknown Source)
	at org.openqa.selenium.support.events.EventFiringWebDriver$EventFiringWebElement.click(EventFiringWebDriver.java:417)
	at org.openqa.selenium.WebElement$click$0.call(Unknown Source)
	at com.kms.katalon.core.webui.keyword.builtin.ClickKeyword.clickUntilSuccessWithTimeout(ClickKeyword.groovy:81)
	at com.kms.katalon.core.webui.keyword.builtin.ClickKeyword.clickUntilSuccessWithTimeout(ClickKeyword.groovy)
	at com.kms.katalon.core.webui.keyword.builtin.ClickKeyword$_click_closure1.doCall(ClickKeyword.groovy:67)
	at com.kms.katalon.core.webui.keyword.builtin.ClickKeyword$_click_closure1.call(ClickKeyword.groovy)
	at com.kms.katalon.core.webui.keyword.internal.WebUIKeywordMain.runKeyword(WebUIKeywordMain.groovy:20)
	... 19 more]]></system-err>
      </testcase>
      <testcase name="Test Cases/1.2-Tareas_Secundarias/4.1-Pruebas_Capacitación/4.2.6-Programa_Capacitacion" time="86.642" classname="Test Cases/1.2-Tareas_Secundarias/4.1-Pruebas_Capacitación/4.2.6-Programa_Capacitacion" status="PASSED">
         <system-out><![CDATA[2023-03-09 13:05:40 - [TEST_CASE][PASSED] - Test Cases/1.2-Tareas_Secundarias/4.1-Pruebas_Capacitación/4.2.6-Programa_Capacitacion: Test Cases/1.2-Tareas_Secundarias/4.1-Pruebas_Capacitación/4.2.6-Programa_Capacitacion

2023-03-09 13:05:41 - [TEST_STEP][PASSED] - callTestCase(findTestCase("0.1-Login"), [:], STOP_ON_FAILURE): Call Test Case 'Test Cases/0.1-Login' successfully

2023-03-09 13:05:41 - [TEST_CASE][PASSED] - Test Cases/0.1-Login: Test Cases/0.1-Login

2023-03-09 13:05:41 - [TEST_STEP][PASSED] - openBrowser(""): Browser is opened with url: ''

2023-03-09 13:05:41 - [MESSAGE][WARNING] - A browser is already opened. Closing browser and opening a new one

2023-03-09 13:05:42 - [MESSAGE][INFO] - Starting 'Chrome' driver

2023-03-09 13:05:42 - [MESSAGE][INFO] - Action delay is set to 0 milliseconds

2023-03-09 13:05:43 - [MESSAGE][PASSED] - Browser is opened with url: ''

2023-03-09 13:05:43 - [TEST_STEP][PASSED] - maximizeWindow(): Current window maximized

2023-03-09 13:05:43 - [MESSAGE][PASSED] - Current window maximized

2023-03-09 13:05:43 - [TEST_STEP][PASSED] - i = G_Login: null

2023-03-09 13:05:43 - [TEST_STEP][PASSED] - url = new java.net.URL(i): null

2023-03-09 13:05:43 - [TEST_STEP][PASSED] - println("URL: " + url.toString()): null

2023-03-09 13:05:43 - [TEST_STEP][PASSED] - connection = url.openConnection(): null

2023-03-09 13:05:43 - [TEST_STEP][PASSED] - connection.setRequestMethod("GET"): null

2023-03-09 13:05:43 - [TEST_STEP][PASSED] - connection.setReadTimeout(2 * 1000): null

2023-03-09 13:05:43 - [TEST_STEP][PASSED] - try: null

2023-03-09 13:05:43 - [TEST_STEP][PASSED] - connection.connect(): null

2023-03-09 13:05:43 - [TEST_STEP][PASSED] - flag = connected: null

2023-03-09 13:05:43 - [TEST_STEP][PASSED] - println("Valor_ori: " + flag): null

2023-03-09 13:05:43 - [TEST_STEP][PASSED] - if (flag): null

2023-03-09 13:05:43 - [TEST_STEP][PASSED] - navigateToUrl(i): Navigate to 'http://192.168.2.19:7001/saraweb' successfully

2023-03-09 13:05:45 - [MESSAGE][PASSED] - Navigate to 'http://192.168.2.19:7001/saraweb' successfully

2023-03-09 13:05:45 - [TEST_STEP][PASSED] - a(): null

2023-03-09 13:05:45 - [TEST_STEP][PASSED] - if (waitForElementVisible(findTestObject("3-OBJECTS UTILIDADES/Login/input_USUARIO_loginusuario"), 0)): null

2023-03-09 13:05:45 - [MESSAGE][WARNING] - Timeout '0' is invalid. Using default page load timeout: '37'

2023-03-09 13:05:45 - [MESSAGE][PASSED] - Object 'Object Repository/3-OBJECTS UTILIDADES/Login/input_USUARIO_loginusuario' is visible

2023-03-09 13:05:45 - [TEST_STEP][PASSED] - switchToWindowTitle("SARA"): Switched to window with title: 'SARA'

2023-03-09 13:05:45 - [MESSAGE][PASSED] - Switched to window with title: 'SARA'

2023-03-09 13:05:45 - [TEST_STEP][PASSED] - zoom(): null

2023-03-09 13:05:45 - [TEST_STEP][PASSED] - robot = new java.awt.Robot(): null

2023-03-09 13:05:45 - [TEST_STEP][PASSED] - robot.keyPress(VK_CONTROL): null

2023-03-09 13:05:45 - [TEST_STEP][PASSED] - robot.keyPress(VK_SUBTRACT): null

2023-03-09 13:05:45 - [TEST_STEP][PASSED] - robot.keyRelease(VK_CONTROL): null

2023-03-09 13:05:45 - [TEST_STEP][PASSED] - robot.keyRelease(VK_SUBTRACT): null

2023-03-09 13:05:45 - [TEST_STEP][PASSED] - robot.keyPress(VK_CONTROL): null

2023-03-09 13:05:45 - [TEST_STEP][PASSED] - robot.keyPress(VK_SUBTRACT): null

2023-03-09 13:05:45 - [TEST_STEP][PASSED] - robot.keyRelease(VK_CONTROL): null

2023-03-09 13:05:45 - [TEST_STEP][PASSED] - robot.keyRelease(VK_SUBTRACT): null

2023-03-09 13:05:45 - [TEST_STEP][PASSED] - robot.keyPress(VK_CONTROL): null

2023-03-09 13:05:45 - [TEST_STEP][PASSED] - robot.keyPress(VK_SUBTRACT): null

2023-03-09 13:05:45 - [TEST_STEP][PASSED] - robot.keyRelease(VK_CONTROL): null

2023-03-09 13:05:45 - [TEST_STEP][PASSED] - robot.keyRelease(VK_SUBTRACT): null

2023-03-09 13:05:45 - [TEST_STEP][PASSED] - robot.keyRelease(VK_CONTROL): null

2023-03-09 13:05:45 - [TEST_STEP][PASSED] - robot.keyRelease(VK_SUBTRACT): null

2023-03-09 13:05:45 - [TEST_STEP][PASSED] - setText(findTestObject("3-OBJECTS UTILIDADES/Login/input_USUARIO_loginusuario"), G_Usuario): Text 'weblogic' is set on object 'Object Repository/3-OBJECTS UTILIDADES/Login/input_USUARIO_loginusuario'

2023-03-09 13:05:46 - [MESSAGE][PASSED] - Text 'weblogic' is set on object 'Object Repository/3-OBJECTS UTILIDADES/Login/input_USUARIO_loginusuario'

2023-03-09 13:05:46 - [TEST_STEP][PASSED] - setEncryptedText(findTestObject("3-OBJECTS UTILIDADES/Login/input_CLAVE_loginpassword"), "SlAwMcyRKqrwbnzhAs8HhT6NnI7sEyng"): Text ****** has been set on object 'Object Repository/3-OBJECTS UTILIDADES/Login/input_CLAVE_loginpassword'

2023-03-09 13:05:50 - [MESSAGE][PASSED] - Text ****** has been set on object 'Object Repository/3-OBJECTS UTILIDADES/Login/input_CLAVE_loginpassword'

2023-03-09 13:05:50 - [TEST_STEP][PASSED] - while (waitForElementClickable(findTestObject("3-OBJECTS UTILIDADES/Login/a_Ingresar"), 1)): Web element with id: 'Object Repository/3-OBJECTS UTILIDADES/Login/a_Ingresar' located by '//a[contains(text(),'Ingresar')]' not found

2023-03-09 13:05:52 - [MESSAGE][INFO] - Unable to find the element located by 'By.xpath: //a[contains(text(),'Ingresar')]'. Please recheck the objects properties to make sure the desired element is located. 

2023-03-09 13:05:52 - [MESSAGE][WARNING] - Web element with id: 'Object Repository/3-OBJECTS UTILIDADES/Login/a_Ingresar' located by '//a[contains(text(),'Ingresar')]' not found

2023-03-09 13:05:52 - [MESSAGE][PASSED] - Call Test Case 'Test Cases/0.1-Login' successfully

2023-03-09 13:05:52 - [TEST_STEP][PASSED] - setText(findTestObject("2-OBJECTS TAREAS SECUNDARIAS/Pruebas capacitacion/Programa capacitacion/input_Empresa 1_form_templatej_idt24_input"), "Programa de Capacitacion (cap)"): Text 'Programa de Capacitacion (cap)' is set on object 'Object Repository/2-OBJECTS TAREAS SECUNDARIAS/Pruebas capacitacion/Programa capacitacion/input_Empresa 1_form_templatej_idt24_input'

2023-03-09 13:05:53 - [MESSAGE][PASSED] - Text 'Programa de Capacitacion (cap)' is set on object 'Object Repository/2-OBJECTS TAREAS SECUNDARIAS/Pruebas capacitacion/Programa capacitacion/input_Empresa 1_form_templatej_idt24_input'

2023-03-09 13:05:53 - [TEST_STEP][PASSED] - click(findTestObject("2-OBJECTS TAREAS SECUNDARIAS/Pruebas capacitacion/Programa capacitacion/li_Programa de Capacitacion (cap)"), STOP_ON_FAILURE): Object: 'Object Repository/2-OBJECTS TAREAS SECUNDARIAS/Pruebas capacitacion/Programa capacitacion/li_Programa de Capacitacion (cap)' is clicked on

2023-03-09 13:05:54 - [MESSAGE][PASSED] - Object: 'Object Repository/2-OBJECTS TAREAS SECUNDARIAS/Pruebas capacitacion/Programa capacitacion/li_Programa de Capacitacion (cap)' is clicked on

2023-03-09 13:05:54 - [TEST_STEP][PASSED] - click(findTestObject("2-OBJECTS TAREAS SECUNDARIAS/Pruebas capacitacion/Programa capacitacion/a_Nuevo"), STOP_ON_FAILURE): Object: 'Object Repository/2-OBJECTS TAREAS SECUNDARIAS/Pruebas capacitacion/Programa capacitacion/a_Nuevo' is clicked on

2023-03-09 13:05:57 - [MESSAGE][PASSED] - Object: 'Object Repository/2-OBJECTS TAREAS SECUNDARIAS/Pruebas capacitacion/Programa capacitacion/a_Nuevo' is clicked on

2023-03-09 13:05:57 - [TEST_STEP][PASSED] - setText(findTestObject("2-OBJECTS TAREAS SECUNDARIAS/Pruebas capacitacion/Programa capacitacion/input_Descripcin_form_datosPlanCapacitaciondescripcion"), "CapacitacionPruebasKATALON" + nombreAlea()): null

2023-03-09 13:05:57 - [TEST_STEP][PASSED] - random_double = Math.random() * 9999 + 999: null

2023-03-09 13:05:57 - [TEST_STEP][PASSED] - random_double = Math.round(random_double * 10): null

2023-03-09 13:05:57 - [TEST_STEP][PASSED] - numero = toString().replace(".0", ""): Text 'CapacitacionPruebasKATALON47354' is set on object 'Object Repository/2-OBJECTS TAREAS SECUNDARIAS/Pruebas capacitacion/Programa capacitacion/input_Descripcin_form_datosPlanCapacitaciondescripcion'

2023-03-09 13:05:58 - [MESSAGE][PASSED] - Text 'CapacitacionPruebasKATALON47354' is set on object 'Object Repository/2-OBJECTS TAREAS SECUNDARIAS/Pruebas capacitacion/Programa capacitacion/input_Descripcin_form_datosPlanCapacitaciondescripcion'

2023-03-09 13:05:58 - [TEST_STEP][PASSED] - setText(findTestObject("2-OBJECTS TAREAS SECUNDARIAS/Pruebas capacitacion/Programa capacitacion/input_Fecha Inicial_form_datosPlanCapacitacionfechaInicial_input"), fechainicial()): null

2023-03-09 13:05:58 - [TEST_STEP][PASSED] - today = new java.util.Date(): null

2023-03-09 13:05:58 - [TEST_STEP][PASSED] - Dia = today.format("dd"): null

2023-03-09 13:05:58 - [TEST_STEP][PASSED] - Mes = today.format("MM"): null

2023-03-09 13:05:58 - [TEST_STEP][PASSED] - Año = today.format("yyyy"): null

2023-03-09 13:05:58 - [TEST_STEP][PASSED] - fechaN = Dia + "/" + Mes + "/" + Año: Text '09/03/2023' is set on object 'Object Repository/2-OBJECTS TAREAS SECUNDARIAS/Pruebas capacitacion/Programa capacitacion/input_Fecha Inicial_form_datosPlanCapacitacionfechaInicial_input'

2023-03-09 13:05:58 - [MESSAGE][PASSED] - Text '09/03/2023' is set on object 'Object Repository/2-OBJECTS TAREAS SECUNDARIAS/Pruebas capacitacion/Programa capacitacion/input_Fecha Inicial_form_datosPlanCapacitacionfechaInicial_input'

2023-03-09 13:05:58 - [TEST_STEP][PASSED] - selectOptionByIndex(findTestObject("2-OBJECTS TAREAS SECUNDARIAS/Pruebas capacitacion/Programa capacitacion/select_-- Seleccione --.BARRANQUILLABOGOTACALIFRANCIAIBIZA"), "3"): All options with index in [3] are selected on object 'Object Repository/2-OBJECTS TAREAS SECUNDARIAS/Pruebas capacitacion/Programa capacitacion/select_-- Seleccione --.BARRANQUILLABOGOTACALIFRANCIAIBIZA'

2023-03-09 13:06:00 - [MESSAGE][PASSED] - All options with index in [3] are selected on object 'Object Repository/2-OBJECTS TAREAS SECUNDARIAS/Pruebas capacitacion/Programa capacitacion/select_-- Seleccione --.BARRANQUILLABOGOTACALIFRANCIAIBIZA'

2023-03-09 13:06:00 - [TEST_STEP][PASSED] - setText(findTestObject("2-OBJECTS TAREAS SECUNDARIAS/Pruebas capacitacion/Programa capacitacion/textarea_Observacin_form_datosPlanCapacitacionobservacion"), "prueba automatica katalon"): Text 'prueba automatica katalon' is set on object 'Object Repository/2-OBJECTS TAREAS SECUNDARIAS/Pruebas capacitacion/Programa capacitacion/textarea_Observacin_form_datosPlanCapacitacionobservacion'

2023-03-09 13:06:00 - [MESSAGE][PASSED] - Text 'prueba automatica katalon' is set on object 'Object Repository/2-OBJECTS TAREAS SECUNDARIAS/Pruebas capacitacion/Programa capacitacion/textarea_Observacin_form_datosPlanCapacitacionobservacion'

2023-03-09 13:06:00 - [TEST_STEP][PASSED] - setText(findTestObject("2-OBJECTS TAREAS SECUNDARIAS/Pruebas capacitacion/Programa capacitacion/input_Fecha Final_form_datosPlanCapacitacionfechaFinal_input"), fechafinal()): null

2023-03-09 13:06:00 - [TEST_STEP][PASSED] - today = new java.util.Date(): null

2023-03-09 13:06:00 - [TEST_STEP][PASSED] - Dia = today.format("dd"): null

2023-03-09 13:06:00 - [TEST_STEP][PASSED] - Mes = today.format("MM"): null

2023-03-09 13:06:00 - [TEST_STEP][PASSED] - Año = today.format("yyyy"): null

2023-03-09 13:06:00 - [TEST_STEP][PASSED] - mesMenor = "": null

2023-03-09 13:06:00 - [TEST_STEP][PASSED] - sumaD = Dia + 2: null

2023-03-09 13:06:00 - [TEST_STEP][PASSED] - sumaM = Mes + 1: null

2023-03-09 13:06:00 - [TEST_STEP][PASSED] - sumaA = Año + 1: null

2023-03-09 13:06:00 - [TEST_STEP][PASSED] - if (sumaD > 30): null

2023-03-09 13:06:00 - [TEST_STEP][PASSED] - else: null

2023-03-09 13:06:00 - [TEST_STEP][PASSED] - sumaD: null

2023-03-09 13:06:00 - [TEST_STEP][PASSED] - if (sumaM > 12): null

2023-03-09 13:06:00 - [TEST_STEP][PASSED] - else: null

2023-03-09 13:06:00 - [TEST_STEP][PASSED] - sumaM: null

2023-03-09 13:06:00 - [TEST_STEP][PASSED] - if (Mes > 12): null

2023-03-09 13:06:00 - [TEST_STEP][PASSED] - if (Mes < 10): Text '11/03/2023' is set on object 'Object Repository/2-OBJECTS TAREAS SECUNDARIAS/Pruebas capacitacion/Programa capacitacion/input_Fecha Final_form_datosPlanCapacitacionfechaFinal_input'

2023-03-09 13:06:00 - [TEST_STEP][PASSED] - mesMenor = "0" + Mes: null

2023-03-09 13:06:00 - [TEST_STEP][PASSED] - fechaF = sumaD + "/" + mesMenor + "/" + Año: Text '11/03/2023' is set on object 'Object Repository/2-OBJECTS TAREAS SECUNDARIAS/Pruebas capacitacion/Programa capacitacion/input_Fecha Final_form_datosPlanCapacitacionfechaFinal_input'

2023-03-09 13:06:01 - [MESSAGE][PASSED] - Text '11/03/2023' is set on object 'Object Repository/2-OBJECTS TAREAS SECUNDARIAS/Pruebas capacitacion/Programa capacitacion/input_Fecha Final_form_datosPlanCapacitacionfechaFinal_input'

2023-03-09 13:06:01 - [TEST_STEP][PASSED] - click(findTestObject("2-OBJECTS TAREAS SECUNDARIAS/Pruebas capacitacion/Programa capacitacion/a_Responsable_form_datosPlanCapacitacionj_idt595"), STOP_ON_FAILURE): Object: 'Object Repository/2-OBJECTS TAREAS SECUNDARIAS/Pruebas capacitacion/Programa capacitacion/a_Responsable_form_datosPlanCapacitacionj_idt595' is clicked on

2023-03-09 13:06:02 - [MESSAGE][PASSED] - Object: 'Object Repository/2-OBJECTS TAREAS SECUNDARIAS/Pruebas capacitacion/Programa capacitacion/a_Responsable_form_datosPlanCapacitacionj_idt595' is clicked on

2023-03-09 13:06:02 - [TEST_STEP][PASSED] - setText(findTestObject("2-OBJECTS TAREAS SECUNDARIAS/Pruebas capacitacion/Programa capacitacion/input_Filtro Hoja de Vida_formPopupHojaVidaj_idt868"), "80769954"): Text '80769954' is set on object 'Object Repository/2-OBJECTS TAREAS SECUNDARIAS/Pruebas capacitacion/Programa capacitacion/input_Filtro Hoja de Vida_formPopupHojaVidaj_idt868'

2023-03-09 13:06:04 - [MESSAGE][PASSED] - Text '80769954' is set on object 'Object Repository/2-OBJECTS TAREAS SECUNDARIAS/Pruebas capacitacion/Programa capacitacion/input_Filtro Hoja de Vida_formPopupHojaVidaj_idt868'

2023-03-09 13:06:04 - [TEST_STEP][PASSED] - sendKeys(findTestObject("2-OBJECTS TAREAS SECUNDARIAS/Pruebas capacitacion/Programa capacitacion/input_Filtro Hoja de Vida_formPopupHojaVidaj_idt868"), Keys.chord(ENTER)): Keys 'ENTER + ' sent to object: 'Object Repository/2-OBJECTS TAREAS SECUNDARIAS/Pruebas capacitacion/Programa capacitacion/input_Filtro Hoja de Vida_formPopupHojaVidaj_idt868'

2023-03-09 13:06:04 - [MESSAGE][PASSED] - Keys 'ENTER + ' sent to object: 'Object Repository/2-OBJECTS TAREAS SECUNDARIAS/Pruebas capacitacion/Programa capacitacion/input_Filtro Hoja de Vida_formPopupHojaVidaj_idt868'

2023-03-09 13:06:04 - [TEST_STEP][PASSED] - click(findTestObject("2-OBJECTS TAREAS SECUNDARIAS/Pruebas capacitacion/Programa capacitacion/span_354968431354"), STOP_ON_FAILURE): Object: 'Object Repository/2-OBJECTS TAREAS SECUNDARIAS/Pruebas capacitacion/Programa capacitacion/span_354968431354' is clicked on

2023-03-09 13:06:05 - [MESSAGE][PASSED] - Object: 'Object Repository/2-OBJECTS TAREAS SECUNDARIAS/Pruebas capacitacion/Programa capacitacion/span_354968431354' is clicked on

2023-03-09 13:06:05 - [TEST_STEP][PASSED] - click(findTestObject("2-OBJECTS TAREAS SECUNDARIAS/Pruebas capacitacion/Programa capacitacion/a_Guardar"), STOP_ON_FAILURE): Object: 'Object Repository/2-OBJECTS TAREAS SECUNDARIAS/Pruebas capacitacion/Programa capacitacion/a_Guardar' is clicked on

2023-03-09 13:06:06 - [MESSAGE][PASSED] - Object: 'Object Repository/2-OBJECTS TAREAS SECUNDARIAS/Pruebas capacitacion/Programa capacitacion/a_Guardar' is clicked on

2023-03-09 13:06:06 - [TEST_STEP][PASSED] - waitForElementVisible(findTestObject("2-OBJECTS TAREAS SECUNDARIAS/Pruebas capacitacion/Programa capacitacion/a_Actividades"), 0): Object 'Object Repository/2-OBJECTS TAREAS SECUNDARIAS/Pruebas capacitacion/Programa capacitacion/a_Actividades' is visible

2023-03-09 13:06:06 - [MESSAGE][WARNING] - Timeout '0' is invalid. Using default page load timeout: '37'

2023-03-09 13:06:06 - [MESSAGE][PASSED] - Object 'Object Repository/2-OBJECTS TAREAS SECUNDARIAS/Pruebas capacitacion/Programa capacitacion/a_Actividades' is visible

2023-03-09 13:06:06 - [TEST_STEP][PASSED] - click(findTestObject("2-OBJECTS TAREAS SECUNDARIAS/Pruebas capacitacion/Programa capacitacion/a_Actividades")): Object: 'Object Repository/2-OBJECTS TAREAS SECUNDARIAS/Pruebas capacitacion/Programa capacitacion/a_Actividades' is clicked on

2023-03-09 13:06:07 - [MESSAGE][PASSED] - Object: 'Object Repository/2-OBJECTS TAREAS SECUNDARIAS/Pruebas capacitacion/Programa capacitacion/a_Actividades' is clicked on

2023-03-09 13:06:07 - [TEST_STEP][PASSED] - click(findTestObject("2-OBJECTS TAREAS SECUNDARIAS/Pruebas capacitacion/Programa capacitacion/a_Nuevo")): Object: 'Object Repository/2-OBJECTS TAREAS SECUNDARIAS/Pruebas capacitacion/Programa capacitacion/a_Nuevo' is clicked on

2023-03-09 13:06:07 - [MESSAGE][PASSED] - Object: 'Object Repository/2-OBJECTS TAREAS SECUNDARIAS/Pruebas capacitacion/Programa capacitacion/a_Nuevo' is clicked on

2023-03-09 13:06:07 - [TEST_STEP][PASSED] - setText(findTestObject("2-OBJECTS TAREAS SECUNDARIAS/Pruebas capacitacion/Programa capacitacion/textarea_Descripcin_form_actividadesCapacitaciontabActividadesdescripcionActi"), "ActividadKatalon"): Text 'ActividadKatalon' is set on object 'Object Repository/2-OBJECTS TAREAS SECUNDARIAS/Pruebas capacitacion/Programa capacitacion/textarea_Descripcin_form_actividadesCapacitaciontabActividadesdescripcionActi'

2023-03-09 13:06:08 - [MESSAGE][PASSED] - Text 'ActividadKatalon' is set on object 'Object Repository/2-OBJECTS TAREAS SECUNDARIAS/Pruebas capacitacion/Programa capacitacion/textarea_Descripcin_form_actividadesCapacitaciontabActividadesdescripcionActi'

2023-03-09 13:06:08 - [TEST_STEP][PASSED] - setText(findTestObject("2-OBJECTS TAREAS SECUNDARIAS/Pruebas capacitacion/Programa capacitacion/textarea_Objetivo_form_actividadesCapacitaciontabActividadesobjetivo"), "Prueba automatica"): Text 'Prueba automatica' is set on object 'Object Repository/2-OBJECTS TAREAS SECUNDARIAS/Pruebas capacitacion/Programa capacitacion/textarea_Objetivo_form_actividadesCapacitaciontabActividadesobjetivo'

2023-03-09 13:06:09 - [MESSAGE][PASSED] - Text 'Prueba automatica' is set on object 'Object Repository/2-OBJECTS TAREAS SECUNDARIAS/Pruebas capacitacion/Programa capacitacion/textarea_Objetivo_form_actividadesCapacitaciontabActividadesobjetivo'

2023-03-09 13:06:09 - [TEST_STEP][PASSED] - setText(findTestObject("2-OBJECTS TAREAS SECUNDARIAS/Pruebas capacitacion/Programa capacitacion/input_Cantidad Horas_form_actividadesCapacitaciontabActividadescantidad"), "1"): Text '1' is set on object 'Object Repository/2-OBJECTS TAREAS SECUNDARIAS/Pruebas capacitacion/Programa capacitacion/input_Cantidad Horas_form_actividadesCapacitaciontabActividadescantidad'

2023-03-09 13:06:10 - [MESSAGE][PASSED] - Text '1' is set on object 'Object Repository/2-OBJECTS TAREAS SECUNDARIAS/Pruebas capacitacion/Programa capacitacion/input_Cantidad Horas_form_actividadesCapacitaciontabActividadescantidad'

2023-03-09 13:06:10 - [TEST_STEP][PASSED] - selectOptionByIndex(findTestObject("2-OBJECTS TAREAS SECUNDARIAS/Pruebas capacitacion/Programa capacitacion/select_-- Seleccione --Evento CapacitacinEvento Capacitacin Grupal"), 1): All options with index in [1] are selected on object 'Object Repository/2-OBJECTS TAREAS SECUNDARIAS/Pruebas capacitacion/Programa capacitacion/select_-- Seleccione --Evento CapacitacinEvento Capacitacin Grupal'

2023-03-09 13:06:11 - [MESSAGE][PASSED] - All options with index in [1] are selected on object 'Object Repository/2-OBJECTS TAREAS SECUNDARIAS/Pruebas capacitacion/Programa capacitacion/select_-- Seleccione --Evento CapacitacinEvento Capacitacin Grupal'

2023-03-09 13:06:11 - [TEST_STEP][PASSED] - setText(findTestObject("2-OBJECTS TAREAS SECUNDARIAS/Pruebas capacitacion/Programa capacitacion/input_Presupuesto_form_actividadesCapacitaciontabActividadespresupuesto"), "1000000"): Text '1000000' is set on object 'Object Repository/2-OBJECTS TAREAS SECUNDARIAS/Pruebas capacitacion/Programa capacitacion/input_Presupuesto_form_actividadesCapacitaciontabActividadespresupuesto'

2023-03-09 13:06:12 - [MESSAGE][PASSED] - Text '1000000' is set on object 'Object Repository/2-OBJECTS TAREAS SECUNDARIAS/Pruebas capacitacion/Programa capacitacion/input_Presupuesto_form_actividadesCapacitaciontabActividadespresupuesto'

2023-03-09 13:06:12 - [TEST_STEP][PASSED] - setText(findTestObject("2-OBJECTS TAREAS SECUNDARIAS/Pruebas capacitacion/Programa capacitacion/input_Recurso Disponible_form_actividadesCapacitaciontabActividadesdisponible"), "5"): Text '5' is set on object 'Object Repository/2-OBJECTS TAREAS SECUNDARIAS/Pruebas capacitacion/Programa capacitacion/input_Recurso Disponible_form_actividadesCapacitaciontabActividadesdisponible'

2023-03-09 13:06:13 - [MESSAGE][PASSED] - Text '5' is set on object 'Object Repository/2-OBJECTS TAREAS SECUNDARIAS/Pruebas capacitacion/Programa capacitacion/input_Recurso Disponible_form_actividadesCapacitaciontabActividadesdisponible'

2023-03-09 13:06:13 - [TEST_STEP][PASSED] - setText(findTestObject("2-OBJECTS TAREAS SECUNDARIAS/Pruebas capacitacion/Programa capacitacion/input_Fecha Programacin_form_actividadesCapacitaciontabActividadesfechaprogramacion_input"), fechainicial()): null

2023-03-09 13:06:13 - [TEST_STEP][PASSED] - today = new java.util.Date(): null

2023-03-09 13:06:13 - [TEST_STEP][PASSED] - Dia = today.format("dd"): null

2023-03-09 13:06:13 - [TEST_STEP][PASSED] - Mes = today.format("MM"): null

2023-03-09 13:06:13 - [TEST_STEP][PASSED] - Año = today.format("yyyy"): null

2023-03-09 13:06:13 - [TEST_STEP][PASSED] - fechaN = Dia + "/" + Mes + "/" + Año: Text '09/03/2023' is set on object 'Object Repository/2-OBJECTS TAREAS SECUNDARIAS/Pruebas capacitacion/Programa capacitacion/input_Fecha Programacin_form_actividadesCapacitaciontabActividadesfechaprogramacion_input'

2023-03-09 13:06:13 - [MESSAGE][PASSED] - Text '09/03/2023' is set on object 'Object Repository/2-OBJECTS TAREAS SECUNDARIAS/Pruebas capacitacion/Programa capacitacion/input_Fecha Programacin_form_actividadesCapacitaciontabActividadesfechaprogramacion_input'

2023-03-09 13:06:13 - [TEST_STEP][PASSED] - setText(findTestObject("2-OBJECTS TAREAS SECUNDARIAS/Pruebas capacitacion/Programa capacitacion/textarea_Programacin_form_actividadesCapacitaciontabActividadesprogramacion"), "5"): Text '5' is set on object 'Object Repository/2-OBJECTS TAREAS SECUNDARIAS/Pruebas capacitacion/Programa capacitacion/textarea_Programacin_form_actividadesCapacitaciontabActividadesprogramacion'

2023-03-09 13:06:14 - [MESSAGE][PASSED] - Text '5' is set on object 'Object Repository/2-OBJECTS TAREAS SECUNDARIAS/Pruebas capacitacion/Programa capacitacion/textarea_Programacin_form_actividadesCapacitaciontabActividadesprogramacion'

2023-03-09 13:06:14 - [TEST_STEP][PASSED] - setText(findTestObject("2-OBJECTS TAREAS SECUNDARIAS/Pruebas capacitacion/Programa capacitacion/textarea_Tema_form_actividadesCapacitaciontabActividadestema"), "prueba  automatica"): Text 'prueba  automatica' is set on object 'Object Repository/2-OBJECTS TAREAS SECUNDARIAS/Pruebas capacitacion/Programa capacitacion/textarea_Tema_form_actividadesCapacitaciontabActividadestema'

2023-03-09 13:06:15 - [MESSAGE][PASSED] - Text 'prueba  automatica' is set on object 'Object Repository/2-OBJECTS TAREAS SECUNDARIAS/Pruebas capacitacion/Programa capacitacion/textarea_Tema_form_actividadesCapacitaciontabActividadestema'

2023-03-09 13:06:15 - [TEST_STEP][PASSED] - setText(findTestObject("2-OBJECTS TAREAS SECUNDARIAS/Pruebas capacitacion/Programa capacitacion/input_Nmero Funcionarios_form_actividadesCapacitaciontabActividadesfuncionario"), "100"): Text '100' is set on object 'Object Repository/2-OBJECTS TAREAS SECUNDARIAS/Pruebas capacitacion/Programa capacitacion/input_Nmero Funcionarios_form_actividadesCapacitaciontabActividadesfuncionario'

2023-03-09 13:06:16 - [MESSAGE][PASSED] - Text '100' is set on object 'Object Repository/2-OBJECTS TAREAS SECUNDARIAS/Pruebas capacitacion/Programa capacitacion/input_Nmero Funcionarios_form_actividadesCapacitaciontabActividadesfuncionario'

2023-03-09 13:06:16 - [TEST_STEP][PASSED] - selectOptionByIndex(findTestObject("2-OBJECTS TAREAS SECUNDARIAS/Pruebas capacitacion/Programa capacitacion/select_-- Seleccione --MixtaPresencialVirtual"), 1): All options with index in [1] are selected on object 'Object Repository/2-OBJECTS TAREAS SECUNDARIAS/Pruebas capacitacion/Programa capacitacion/select_-- Seleccione --MixtaPresencialVirtual'

2023-03-09 13:06:17 - [MESSAGE][PASSED] - All options with index in [1] are selected on object 'Object Repository/2-OBJECTS TAREAS SECUNDARIAS/Pruebas capacitacion/Programa capacitacion/select_-- Seleccione --MixtaPresencialVirtual'

2023-03-09 13:06:17 - [TEST_STEP][PASSED] - selectOptionByIndex(findTestObject("2-OBJECTS TAREAS SECUNDARIAS/Pruebas capacitacion/Programa capacitacion/select_-- Seleccione --Diagnstico de Necesidades de CapacitacinEstrategiaEvaluacin del desempeoOrigen Evento"), "1"): All options with index in [1] are selected on object 'Object Repository/2-OBJECTS TAREAS SECUNDARIAS/Pruebas capacitacion/Programa capacitacion/select_-- Seleccione --Diagnstico de Necesidades de CapacitacinEstrategiaEvaluacin del desempeoOrigen Evento'

2023-03-09 13:06:18 - [MESSAGE][PASSED] - All options with index in [1] are selected on object 'Object Repository/2-OBJECTS TAREAS SECUNDARIAS/Pruebas capacitacion/Programa capacitacion/select_-- Seleccione --Diagnstico de Necesidades de CapacitacinEstrategiaEvaluacin del desempeoOrigen Evento'

2023-03-09 13:06:18 - [TEST_STEP][PASSED] - setText(findTestObject("2-OBJECTS TAREAS SECUNDARIAS/Pruebas capacitacion/Programa capacitacion/input_Ejecutado_form_actividadesCapacitaciontabActividadesejecutado"), "5"): Text '5' is set on object 'Object Repository/2-OBJECTS TAREAS SECUNDARIAS/Pruebas capacitacion/Programa capacitacion/input_Ejecutado_form_actividadesCapacitaciontabActividadesejecutado'

2023-03-09 13:06:19 - [MESSAGE][PASSED] - Text '5' is set on object 'Object Repository/2-OBJECTS TAREAS SECUNDARIAS/Pruebas capacitacion/Programa capacitacion/input_Ejecutado_form_actividadesCapacitaciontabActividadesejecutado'

2023-03-09 13:06:19 - [TEST_STEP][PASSED] - setText(findTestObject("2-OBJECTS TAREAS SECUNDARIAS/Pruebas capacitacion/Programa capacitacion/input_Fecha Ejecucin_form_actividadesCapacitaciontabActividadesfechaejecucion_input"), fechafinal()): null

2023-03-09 13:06:19 - [TEST_STEP][PASSED] - today = new java.util.Date(): null

2023-03-09 13:06:19 - [TEST_STEP][PASSED] - Dia = today.format("dd"): null

2023-03-09 13:06:19 - [TEST_STEP][PASSED] - Mes = today.format("MM"): null

2023-03-09 13:06:19 - [TEST_STEP][PASSED] - Año = today.format("yyyy"): null

2023-03-09 13:06:19 - [TEST_STEP][PASSED] - mesMenor = "": null

2023-03-09 13:06:19 - [TEST_STEP][PASSED] - sumaD = Dia + 2: null

2023-03-09 13:06:19 - [TEST_STEP][PASSED] - sumaM = Mes + 1: null

2023-03-09 13:06:19 - [TEST_STEP][PASSED] - sumaA = Año + 1: null

2023-03-09 13:06:19 - [TEST_STEP][PASSED] - if (sumaD > 30): null

2023-03-09 13:06:19 - [TEST_STEP][PASSED] - else: null

2023-03-09 13:06:19 - [TEST_STEP][PASSED] - sumaD: null

2023-03-09 13:06:19 - [TEST_STEP][PASSED] - if (sumaM > 12): null

2023-03-09 13:06:19 - [TEST_STEP][PASSED] - else: null

2023-03-09 13:06:19 - [TEST_STEP][PASSED] - sumaM: null

2023-03-09 13:06:19 - [TEST_STEP][PASSED] - if (Mes > 12): null

2023-03-09 13:06:19 - [TEST_STEP][PASSED] - if (Mes < 10): Text '11/03/2023' is set on object 'Object Repository/2-OBJECTS TAREAS SECUNDARIAS/Pruebas capacitacion/Programa capacitacion/input_Fecha Ejecucin_form_actividadesCapacitaciontabActividadesfechaejecucion_input'

2023-03-09 13:06:19 - [TEST_STEP][PASSED] - mesMenor = "0" + Mes: null

2023-03-09 13:06:19 - [TEST_STEP][PASSED] - fechaF = sumaD + "/" + mesMenor + "/" + Año: Text '11/03/2023' is set on object 'Object Repository/2-OBJECTS TAREAS SECUNDARIAS/Pruebas capacitacion/Programa capacitacion/input_Fecha Ejecucin_form_actividadesCapacitaciontabActividadesfechaejecucion_input'

2023-03-09 13:06:20 - [MESSAGE][PASSED] - Text '11/03/2023' is set on object 'Object Repository/2-OBJECTS TAREAS SECUNDARIAS/Pruebas capacitacion/Programa capacitacion/input_Fecha Ejecucin_form_actividadesCapacitaciontabActividadesfechaejecucion_input'

2023-03-09 13:06:20 - [TEST_STEP][PASSED] - click(findTestObject("2-OBJECTS TAREAS SECUNDARIAS/Pruebas capacitacion/Programa capacitacion/a_Solicita_form_actividadesCapacitaciontabActividadesj_idt710"), STOP_ON_FAILURE): Object: 'Object Repository/2-OBJECTS TAREAS SECUNDARIAS/Pruebas capacitacion/Programa capacitacion/a_Solicita_form_actividadesCapacitaciontabActividadesj_idt710' is clicked on

2023-03-09 13:06:20 - [MESSAGE][PASSED] - Object: 'Object Repository/2-OBJECTS TAREAS SECUNDARIAS/Pruebas capacitacion/Programa capacitacion/a_Solicita_form_actividadesCapacitaciontabActividadesj_idt710' is clicked on

2023-03-09 13:06:20 - [TEST_STEP][PASSED] - setText(findTestObject("2-OBJECTS TAREAS SECUNDARIAS/Pruebas capacitacion/Programa capacitacion/input_Filtro Hoja de Vida_formPopupHojaVidaj_idt868-1"), "Constantino"): Text 'Constantino' is set on object 'Object Repository/2-OBJECTS TAREAS SECUNDARIAS/Pruebas capacitacion/Programa capacitacion/input_Filtro Hoja de Vida_formPopupHojaVidaj_idt868-1'

2023-03-09 13:06:21 - [MESSAGE][PASSED] - Text 'Constantino' is set on object 'Object Repository/2-OBJECTS TAREAS SECUNDARIAS/Pruebas capacitacion/Programa capacitacion/input_Filtro Hoja de Vida_formPopupHojaVidaj_idt868-1'

2023-03-09 13:06:21 - [TEST_STEP][PASSED] - sendKeys(findTestObject("2-OBJECTS TAREAS SECUNDARIAS/Pruebas capacitacion/Programa capacitacion/input_Filtro Hoja de Vida_formPopupHojaVidaj_idt868-1"), Keys.chord(ENTER)): Keys 'ENTER + ' sent to object: 'Object Repository/2-OBJECTS TAREAS SECUNDARIAS/Pruebas capacitacion/Programa capacitacion/input_Filtro Hoja de Vida_formPopupHojaVidaj_idt868-1'

2023-03-09 13:06:22 - [MESSAGE][PASSED] - Keys 'ENTER + ' sent to object: 'Object Repository/2-OBJECTS TAREAS SECUNDARIAS/Pruebas capacitacion/Programa capacitacion/input_Filtro Hoja de Vida_formPopupHojaVidaj_idt868-1'

2023-03-09 13:06:22 - [TEST_STEP][PASSED] - click(findTestObject("2-OBJECTS TAREAS SECUNDARIAS/Pruebas capacitacion/Programa capacitacion/span_354968431354-1")): Object: 'Object Repository/2-OBJECTS TAREAS SECUNDARIAS/Pruebas capacitacion/Programa capacitacion/span_354968431354-1' is clicked on

2023-03-09 13:06:23 - [MESSAGE][PASSED] - Object: 'Object Repository/2-OBJECTS TAREAS SECUNDARIAS/Pruebas capacitacion/Programa capacitacion/span_354968431354-1' is clicked on

2023-03-09 13:06:23 - [TEST_STEP][PASSED] - click(findTestObject("2-OBJECTS TAREAS SECUNDARIAS/Pruebas capacitacion/Programa capacitacion/a_Guardar")): Object: 'Object Repository/2-OBJECTS TAREAS SECUNDARIAS/Pruebas capacitacion/Programa capacitacion/a_Guardar' is clicked on

2023-03-09 13:06:23 - [MESSAGE][PASSED] - Object: 'Object Repository/2-OBJECTS TAREAS SECUNDARIAS/Pruebas capacitacion/Programa capacitacion/a_Guardar' is clicked on

2023-03-09 13:06:23 - [TEST_STEP][PASSED] - click(findTestObject("2-OBJECTS TAREAS SECUNDARIAS/Pruebas capacitacion/Programa capacitacion/a_Detalle")): Object: 'Object Repository/2-OBJECTS TAREAS SECUNDARIAS/Pruebas capacitacion/Programa capacitacion/a_Detalle' is clicked on

2023-03-09 13:06:25 - [MESSAGE][PASSED] - Object: 'Object Repository/2-OBJECTS TAREAS SECUNDARIAS/Pruebas capacitacion/Programa capacitacion/a_Detalle' is clicked on

2023-03-09 13:06:25 - [TEST_STEP][PASSED] - click(findTestObject("2-OBJECTS TAREAS SECUNDARIAS/Pruebas capacitacion/Programa capacitacion/a_Enviar")): Object: 'Object Repository/2-OBJECTS TAREAS SECUNDARIAS/Pruebas capacitacion/Programa capacitacion/a_Enviar' is clicked on

2023-03-09 13:06:25 - [MESSAGE][PASSED] - Object: 'Object Repository/2-OBJECTS TAREAS SECUNDARIAS/Pruebas capacitacion/Programa capacitacion/a_Enviar' is clicked on

2023-03-09 13:06:25 - [TEST_STEP][PASSED] - click(findTestObject("2-OBJECTS TAREAS SECUNDARIAS/Pruebas capacitacion/Programa capacitacion/a_Aprobar")): Object: 'Object Repository/2-OBJECTS TAREAS SECUNDARIAS/Pruebas capacitacion/Programa capacitacion/a_Aprobar' is clicked on

2023-03-09 13:06:26 - [MESSAGE][PASSED] - Object: 'Object Repository/2-OBJECTS TAREAS SECUNDARIAS/Pruebas capacitacion/Programa capacitacion/a_Aprobar' is clicked on

2023-03-09 13:06:26 - [TEST_STEP][PASSED] - click(findTestObject("2-OBJECTS TAREAS SECUNDARIAS/Pruebas capacitacion/Programa capacitacion/a_Guardar")): Object: 'Object Repository/2-OBJECTS TAREAS SECUNDARIAS/Pruebas capacitacion/Programa capacitacion/a_Guardar' is clicked on

2023-03-09 13:06:26 - [MESSAGE][PASSED] - Object: 'Object Repository/2-OBJECTS TAREAS SECUNDARIAS/Pruebas capacitacion/Programa capacitacion/a_Guardar' is clicked on

2023-03-09 13:06:26 - [TEST_STEP][PASSED] - click(findTestObject("2-OBJECTS TAREAS SECUNDARIAS/Pruebas capacitacion/Programa capacitacion/a_Cerrar")): Object: 'Object Repository/2-OBJECTS TAREAS SECUNDARIAS/Pruebas capacitacion/Programa capacitacion/a_Cerrar' is clicked on

2023-03-09 13:06:27 - [MESSAGE][PASSED] - Object: 'Object Repository/2-OBJECTS TAREAS SECUNDARIAS/Pruebas capacitacion/Programa capacitacion/a_Cerrar' is clicked on

2023-03-09 13:06:27 - [TEST_STEP][PASSED] - click(findTestObject("2-OBJECTS TAREAS SECUNDARIAS/Pruebas capacitacion/Programa capacitacion/span_Si")): Object: 'Object Repository/2-OBJECTS TAREAS SECUNDARIAS/Pruebas capacitacion/Programa capacitacion/span_Si' is clicked on

2023-03-09 13:06:28 - [MESSAGE][PASSED] - Object: 'Object Repository/2-OBJECTS TAREAS SECUNDARIAS/Pruebas capacitacion/Programa capacitacion/span_Si' is clicked on

2023-03-09 13:06:28 - [TEST_STEP][PASSED] - click(findTestObject("2-OBJECTS TAREAS SECUNDARIAS/Pruebas capacitacion/Programa capacitacion/a_Regresar")): Object: 'Object Repository/2-OBJECTS TAREAS SECUNDARIAS/Pruebas capacitacion/Programa capacitacion/a_Regresar' is clicked on

2023-03-09 13:06:29 - [MESSAGE][PASSED] - Object: 'Object Repository/2-OBJECTS TAREAS SECUNDARIAS/Pruebas capacitacion/Programa capacitacion/a_Regresar' is clicked on

2023-03-09 13:06:29 - [TEST_STEP][PASSED] - setText(findTestObject("2-OBJECTS TAREAS SECUNDARIAS/Pruebas capacitacion/Programa capacitacion/input_Empresa 1_form_templatej_idt24_input"), "Programa de Capacitacion (cap)"): Text 'Programa de Capacitacion (cap)' is set on object 'Object Repository/2-OBJECTS TAREAS SECUNDARIAS/Pruebas capacitacion/Programa capacitacion/input_Empresa 1_form_templatej_idt24_input'

2023-03-09 13:06:30 - [MESSAGE][PASSED] - Text 'Programa de Capacitacion (cap)' is set on object 'Object Repository/2-OBJECTS TAREAS SECUNDARIAS/Pruebas capacitacion/Programa capacitacion/input_Empresa 1_form_templatej_idt24_input'

2023-03-09 13:06:30 - [TEST_STEP][PASSED] - click(findTestObject("2-OBJECTS TAREAS SECUNDARIAS/Pruebas capacitacion/Programa capacitacion/li_Programa de Capacitacion (cap)"), STOP_ON_FAILURE): Object: 'Object Repository/2-OBJECTS TAREAS SECUNDARIAS/Pruebas capacitacion/Programa capacitacion/li_Programa de Capacitacion (cap)' is clicked on

2023-03-09 13:06:31 - [MESSAGE][PASSED] - Object: 'Object Repository/2-OBJECTS TAREAS SECUNDARIAS/Pruebas capacitacion/Programa capacitacion/li_Programa de Capacitacion (cap)' is clicked on

2023-03-09 13:06:31 - [TEST_STEP][PASSED] - click(findTestObject("2-OBJECTS TAREAS SECUNDARIAS/Pruebas capacitacion/Programa capacitacion/a_Nuevo"), STOP_ON_FAILURE): Object: 'Object Repository/2-OBJECTS TAREAS SECUNDARIAS/Pruebas capacitacion/Programa capacitacion/a_Nuevo' is clicked on

2023-03-09 13:06:34 - [MESSAGE][PASSED] - Object: 'Object Repository/2-OBJECTS TAREAS SECUNDARIAS/Pruebas capacitacion/Programa capacitacion/a_Nuevo' is clicked on

2023-03-09 13:06:34 - [TEST_STEP][PASSED] - setText(findTestObject("2-OBJECTS TAREAS SECUNDARIAS/Pruebas capacitacion/Programa capacitacion/input_Descripcin_form_datosPlanCapacitaciondescripcion"), "CapacitacionPruebasKATALON" + nombreAlea()): null

2023-03-09 13:06:34 - [TEST_STEP][PASSED] - random_double = Math.random() * 9999 + 999: null

2023-03-09 13:06:34 - [TEST_STEP][PASSED] - random_double = Math.round(random_double * 10): null

2023-03-09 13:06:34 - [TEST_STEP][PASSED] - numero = toString().replace(".0", ""): Text 'CapacitacionPruebasKATALON95169' is set on object 'Object Repository/2-OBJECTS TAREAS SECUNDARIAS/Pruebas capacitacion/Programa capacitacion/input_Descripcin_form_datosPlanCapacitaciondescripcion'

2023-03-09 13:06:35 - [MESSAGE][PASSED] - Text 'CapacitacionPruebasKATALON95169' is set on object 'Object Repository/2-OBJECTS TAREAS SECUNDARIAS/Pruebas capacitacion/Programa capacitacion/input_Descripcin_form_datosPlanCapacitaciondescripcion'

2023-03-09 13:06:35 - [TEST_STEP][PASSED] - setText(findTestObject("2-OBJECTS TAREAS SECUNDARIAS/Pruebas capacitacion/Programa capacitacion/input_Fecha Inicial_form_datosPlanCapacitacionfechaInicial_input"), fechainicial()): null

2023-03-09 13:06:36 - [TEST_STEP][PASSED] - today = new java.util.Date(): null

2023-03-09 13:06:36 - [TEST_STEP][PASSED] - Dia = today.format("dd"): null

2023-03-09 13:06:36 - [TEST_STEP][PASSED] - Mes = today.format("MM"): null

2023-03-09 13:06:36 - [TEST_STEP][PASSED] - Año = today.format("yyyy"): null

2023-03-09 13:06:36 - [TEST_STEP][PASSED] - fechaN = Dia + "/" + Mes + "/" + Año: Text '09/03/2023' is set on object 'Object Repository/2-OBJECTS TAREAS SECUNDARIAS/Pruebas capacitacion/Programa capacitacion/input_Fecha Inicial_form_datosPlanCapacitacionfechaInicial_input'

2023-03-09 13:06:36 - [MESSAGE][PASSED] - Text '09/03/2023' is set on object 'Object Repository/2-OBJECTS TAREAS SECUNDARIAS/Pruebas capacitacion/Programa capacitacion/input_Fecha Inicial_form_datosPlanCapacitacionfechaInicial_input'

2023-03-09 13:06:36 - [TEST_STEP][PASSED] - selectOptionByIndex(findTestObject("2-OBJECTS TAREAS SECUNDARIAS/Pruebas capacitacion/Programa capacitacion/select_-- Seleccione --.BARRANQUILLABOGOTACALIFRANCIAIBIZA"), "3"): All options with index in [3] are selected on object 'Object Repository/2-OBJECTS TAREAS SECUNDARIAS/Pruebas capacitacion/Programa capacitacion/select_-- Seleccione --.BARRANQUILLABOGOTACALIFRANCIAIBIZA'

2023-03-09 13:06:38 - [MESSAGE][PASSED] - All options with index in [3] are selected on object 'Object Repository/2-OBJECTS TAREAS SECUNDARIAS/Pruebas capacitacion/Programa capacitacion/select_-- Seleccione --.BARRANQUILLABOGOTACALIFRANCIAIBIZA'

2023-03-09 13:06:38 - [TEST_STEP][PASSED] - setText(findTestObject("2-OBJECTS TAREAS SECUNDARIAS/Pruebas capacitacion/Programa capacitacion/textarea_Observacin_form_datosPlanCapacitacionobservacion"), "prueba automatica katalon"): Text 'prueba automatica katalon' is set on object 'Object Repository/2-OBJECTS TAREAS SECUNDARIAS/Pruebas capacitacion/Programa capacitacion/textarea_Observacin_form_datosPlanCapacitacionobservacion'

2023-03-09 13:06:38 - [MESSAGE][PASSED] - Text 'prueba automatica katalon' is set on object 'Object Repository/2-OBJECTS TAREAS SECUNDARIAS/Pruebas capacitacion/Programa capacitacion/textarea_Observacin_form_datosPlanCapacitacionobservacion'

2023-03-09 13:06:38 - [TEST_STEP][PASSED] - setText(findTestObject("2-OBJECTS TAREAS SECUNDARIAS/Pruebas capacitacion/Programa capacitacion/input_Fecha Final_form_datosPlanCapacitacionfechaFinal_input"), fechafinal()): null

2023-03-09 13:06:38 - [TEST_STEP][PASSED] - today = new java.util.Date(): null

2023-03-09 13:06:38 - [TEST_STEP][PASSED] - Dia = today.format("dd"): null

2023-03-09 13:06:38 - [TEST_STEP][PASSED] - Mes = today.format("MM"): null

2023-03-09 13:06:38 - [TEST_STEP][PASSED] - Año = today.format("yyyy"): null

2023-03-09 13:06:38 - [TEST_STEP][PASSED] - mesMenor = "": null

2023-03-09 13:06:38 - [TEST_STEP][PASSED] - sumaD = Dia + 2: null

2023-03-09 13:06:38 - [TEST_STEP][PASSED] - sumaM = Mes + 1: null

2023-03-09 13:06:38 - [TEST_STEP][PASSED] - sumaA = Año + 1: null

2023-03-09 13:06:38 - [TEST_STEP][PASSED] - if (sumaD > 30): null

2023-03-09 13:06:38 - [TEST_STEP][PASSED] - else: null

2023-03-09 13:06:38 - [TEST_STEP][PASSED] - sumaD: null

2023-03-09 13:06:38 - [TEST_STEP][PASSED] - if (sumaM > 12): null

2023-03-09 13:06:38 - [TEST_STEP][PASSED] - else: null

2023-03-09 13:06:38 - [TEST_STEP][PASSED] - sumaM: null

2023-03-09 13:06:38 - [TEST_STEP][PASSED] - if (Mes > 12): null

2023-03-09 13:06:38 - [TEST_STEP][PASSED] - if (Mes < 10): Text '11/03/2023' is set on object 'Object Repository/2-OBJECTS TAREAS SECUNDARIAS/Pruebas capacitacion/Programa capacitacion/input_Fecha Final_form_datosPlanCapacitacionfechaFinal_input'

2023-03-09 13:06:38 - [TEST_STEP][PASSED] - mesMenor = "0" + Mes: null

2023-03-09 13:06:38 - [TEST_STEP][PASSED] - fechaF = sumaD + "/" + mesMenor + "/" + Año: Text '11/03/2023' is set on object 'Object Repository/2-OBJECTS TAREAS SECUNDARIAS/Pruebas capacitacion/Programa capacitacion/input_Fecha Final_form_datosPlanCapacitacionfechaFinal_input'

2023-03-09 13:06:39 - [MESSAGE][PASSED] - Text '11/03/2023' is set on object 'Object Repository/2-OBJECTS TAREAS SECUNDARIAS/Pruebas capacitacion/Programa capacitacion/input_Fecha Final_form_datosPlanCapacitacionfechaFinal_input'

2023-03-09 13:06:39 - [TEST_STEP][PASSED] - click(findTestObject("2-OBJECTS TAREAS SECUNDARIAS/Pruebas capacitacion/Programa capacitacion/a_Responsable_form_datosPlanCapacitacionj_idt595"), STOP_ON_FAILURE): Object: 'Object Repository/2-OBJECTS TAREAS SECUNDARIAS/Pruebas capacitacion/Programa capacitacion/a_Responsable_form_datosPlanCapacitacionj_idt595' is clicked on

2023-03-09 13:06:40 - [MESSAGE][PASSED] - Object: 'Object Repository/2-OBJECTS TAREAS SECUNDARIAS/Pruebas capacitacion/Programa capacitacion/a_Responsable_form_datosPlanCapacitacionj_idt595' is clicked on

2023-03-09 13:06:40 - [TEST_STEP][PASSED] - setText(findTestObject("2-OBJECTS TAREAS SECUNDARIAS/Pruebas capacitacion/Programa capacitacion/input_Filtro Hoja de Vida_formPopupHojaVidaj_idt868"), "80769954"): Text '80769954' is set on object 'Object Repository/2-OBJECTS TAREAS SECUNDARIAS/Pruebas capacitacion/Programa capacitacion/input_Filtro Hoja de Vida_formPopupHojaVidaj_idt868'

2023-03-09 13:06:41 - [MESSAGE][PASSED] - Text '80769954' is set on object 'Object Repository/2-OBJECTS TAREAS SECUNDARIAS/Pruebas capacitacion/Programa capacitacion/input_Filtro Hoja de Vida_formPopupHojaVidaj_idt868'

2023-03-09 13:06:41 - [TEST_STEP][PASSED] - sendKeys(findTestObject("2-OBJECTS TAREAS SECUNDARIAS/Pruebas capacitacion/Programa capacitacion/input_Filtro Hoja de Vida_formPopupHojaVidaj_idt868"), Keys.chord(ENTER)): Keys 'ENTER + ' sent to object: 'Object Repository/2-OBJECTS TAREAS SECUNDARIAS/Pruebas capacitacion/Programa capacitacion/input_Filtro Hoja de Vida_formPopupHojaVidaj_idt868'

2023-03-09 13:06:41 - [MESSAGE][PASSED] - Keys 'ENTER + ' sent to object: 'Object Repository/2-OBJECTS TAREAS SECUNDARIAS/Pruebas capacitacion/Programa capacitacion/input_Filtro Hoja de Vida_formPopupHojaVidaj_idt868'

2023-03-09 13:06:41 - [TEST_STEP][PASSED] - click(findTestObject("2-OBJECTS TAREAS SECUNDARIAS/Pruebas capacitacion/Programa capacitacion/span_354968431354"), STOP_ON_FAILURE): Object: 'Object Repository/2-OBJECTS TAREAS SECUNDARIAS/Pruebas capacitacion/Programa capacitacion/span_354968431354' is clicked on

2023-03-09 13:06:42 - [MESSAGE][PASSED] - Object: 'Object Repository/2-OBJECTS TAREAS SECUNDARIAS/Pruebas capacitacion/Programa capacitacion/span_354968431354' is clicked on

2023-03-09 13:06:42 - [TEST_STEP][PASSED] - click(findTestObject("2-OBJECTS TAREAS SECUNDARIAS/Pruebas capacitacion/Programa capacitacion/a_Guardar"), STOP_ON_FAILURE): Object: 'Object Repository/2-OBJECTS TAREAS SECUNDARIAS/Pruebas capacitacion/Programa capacitacion/a_Guardar' is clicked on

2023-03-09 13:06:43 - [MESSAGE][PASSED] - Object: 'Object Repository/2-OBJECTS TAREAS SECUNDARIAS/Pruebas capacitacion/Programa capacitacion/a_Guardar' is clicked on

2023-03-09 13:06:43 - [TEST_STEP][PASSED] - waitForElementVisible(findTestObject("2-OBJECTS TAREAS SECUNDARIAS/Pruebas capacitacion/Programa capacitacion/a_Actividades"), 0): Object 'Object Repository/2-OBJECTS TAREAS SECUNDARIAS/Pruebas capacitacion/Programa capacitacion/a_Actividades' is visible

2023-03-09 13:06:43 - [MESSAGE][WARNING] - Timeout '0' is invalid. Using default page load timeout: '37'

2023-03-09 13:06:43 - [MESSAGE][PASSED] - Object 'Object Repository/2-OBJECTS TAREAS SECUNDARIAS/Pruebas capacitacion/Programa capacitacion/a_Actividades' is visible

2023-03-09 13:06:43 - [TEST_STEP][PASSED] - click(findTestObject("2-OBJECTS TAREAS SECUNDARIAS/Pruebas capacitacion/Programa capacitacion/a_Actividades")): Object: 'Object Repository/2-OBJECTS TAREAS SECUNDARIAS/Pruebas capacitacion/Programa capacitacion/a_Actividades' is clicked on

2023-03-09 13:06:44 - [MESSAGE][PASSED] - Object: 'Object Repository/2-OBJECTS TAREAS SECUNDARIAS/Pruebas capacitacion/Programa capacitacion/a_Actividades' is clicked on

2023-03-09 13:06:44 - [TEST_STEP][PASSED] - click(findTestObject("2-OBJECTS TAREAS SECUNDARIAS/Pruebas capacitacion/Programa capacitacion/a_Nuevo")): Object: 'Object Repository/2-OBJECTS TAREAS SECUNDARIAS/Pruebas capacitacion/Programa capacitacion/a_Nuevo' is clicked on

2023-03-09 13:06:44 - [MESSAGE][PASSED] - Object: 'Object Repository/2-OBJECTS TAREAS SECUNDARIAS/Pruebas capacitacion/Programa capacitacion/a_Nuevo' is clicked on

2023-03-09 13:06:44 - [TEST_STEP][PASSED] - setText(findTestObject("2-OBJECTS TAREAS SECUNDARIAS/Pruebas capacitacion/Programa capacitacion/textarea_Descripcin_form_actividadesCapacitaciontabActividadesdescripcionActi"), "ActividadKatalon"): Text 'ActividadKatalon' is set on object 'Object Repository/2-OBJECTS TAREAS SECUNDARIAS/Pruebas capacitacion/Programa capacitacion/textarea_Descripcin_form_actividadesCapacitaciontabActividadesdescripcionActi'

2023-03-09 13:06:45 - [MESSAGE][PASSED] - Text 'ActividadKatalon' is set on object 'Object Repository/2-OBJECTS TAREAS SECUNDARIAS/Pruebas capacitacion/Programa capacitacion/textarea_Descripcin_form_actividadesCapacitaciontabActividadesdescripcionActi'

2023-03-09 13:06:45 - [TEST_STEP][PASSED] - setText(findTestObject("2-OBJECTS TAREAS SECUNDARIAS/Pruebas capacitacion/Programa capacitacion/textarea_Objetivo_form_actividadesCapacitaciontabActividadesobjetivo"), "Prueba automatica"): Text 'Prueba automatica' is set on object 'Object Repository/2-OBJECTS TAREAS SECUNDARIAS/Pruebas capacitacion/Programa capacitacion/textarea_Objetivo_form_actividadesCapacitaciontabActividadesobjetivo'

2023-03-09 13:06:46 - [MESSAGE][PASSED] - Text 'Prueba automatica' is set on object 'Object Repository/2-OBJECTS TAREAS SECUNDARIAS/Pruebas capacitacion/Programa capacitacion/textarea_Objetivo_form_actividadesCapacitaciontabActividadesobjetivo'

2023-03-09 13:06:46 - [TEST_STEP][PASSED] - setText(findTestObject("2-OBJECTS TAREAS SECUNDARIAS/Pruebas capacitacion/Programa capacitacion/input_Cantidad Horas_form_actividadesCapacitaciontabActividadescantidad"), "1"): Text '1' is set on object 'Object Repository/2-OBJECTS TAREAS SECUNDARIAS/Pruebas capacitacion/Programa capacitacion/input_Cantidad Horas_form_actividadesCapacitaciontabActividadescantidad'

2023-03-09 13:06:47 - [MESSAGE][PASSED] - Text '1' is set on object 'Object Repository/2-OBJECTS TAREAS SECUNDARIAS/Pruebas capacitacion/Programa capacitacion/input_Cantidad Horas_form_actividadesCapacitaciontabActividadescantidad'

2023-03-09 13:06:47 - [TEST_STEP][PASSED] - selectOptionByIndex(findTestObject("2-OBJECTS TAREAS SECUNDARIAS/Pruebas capacitacion/Programa capacitacion/select_-- Seleccione --Evento CapacitacinEvento Capacitacin Grupal"), 1): All options with index in [1] are selected on object 'Object Repository/2-OBJECTS TAREAS SECUNDARIAS/Pruebas capacitacion/Programa capacitacion/select_-- Seleccione --Evento CapacitacinEvento Capacitacin Grupal'

2023-03-09 13:06:48 - [MESSAGE][PASSED] - All options with index in [1] are selected on object 'Object Repository/2-OBJECTS TAREAS SECUNDARIAS/Pruebas capacitacion/Programa capacitacion/select_-- Seleccione --Evento CapacitacinEvento Capacitacin Grupal'

2023-03-09 13:06:48 - [TEST_STEP][PASSED] - setText(findTestObject("2-OBJECTS TAREAS SECUNDARIAS/Pruebas capacitacion/Programa capacitacion/input_Presupuesto_form_actividadesCapacitaciontabActividadespresupuesto"), "1000000"): Text '1000000' is set on object 'Object Repository/2-OBJECTS TAREAS SECUNDARIAS/Pruebas capacitacion/Programa capacitacion/input_Presupuesto_form_actividadesCapacitaciontabActividadespresupuesto'

2023-03-09 13:06:49 - [MESSAGE][PASSED] - Text '1000000' is set on object 'Object Repository/2-OBJECTS TAREAS SECUNDARIAS/Pruebas capacitacion/Programa capacitacion/input_Presupuesto_form_actividadesCapacitaciontabActividadespresupuesto'

2023-03-09 13:06:49 - [TEST_STEP][PASSED] - setText(findTestObject("2-OBJECTS TAREAS SECUNDARIAS/Pruebas capacitacion/Programa capacitacion/input_Recurso Disponible_form_actividadesCapacitaciontabActividadesdisponible"), "5"): Text '5' is set on object 'Object Repository/2-OBJECTS TAREAS SECUNDARIAS/Pruebas capacitacion/Programa capacitacion/input_Recurso Disponible_form_actividadesCapacitaciontabActividadesdisponible'

2023-03-09 13:06:50 - [MESSAGE][PASSED] - Text '5' is set on object 'Object Repository/2-OBJECTS TAREAS SECUNDARIAS/Pruebas capacitacion/Programa capacitacion/input_Recurso Disponible_form_actividadesCapacitaciontabActividadesdisponible'

2023-03-09 13:06:50 - [TEST_STEP][PASSED] - setText(findTestObject("2-OBJECTS TAREAS SECUNDARIAS/Pruebas capacitacion/Programa capacitacion/input_Fecha Programacin_form_actividadesCapacitaciontabActividadesfechaprogramacion_input"), fechainicial()): null

2023-03-09 13:06:50 - [TEST_STEP][PASSED] - today = new java.util.Date(): null

2023-03-09 13:06:50 - [TEST_STEP][PASSED] - Dia = today.format("dd"): null

2023-03-09 13:06:50 - [TEST_STEP][PASSED] - Mes = today.format("MM"): null

2023-03-09 13:06:50 - [TEST_STEP][PASSED] - Año = today.format("yyyy"): null

2023-03-09 13:06:50 - [TEST_STEP][PASSED] - fechaN = Dia + "/" + Mes + "/" + Año: Text '09/03/2023' is set on object 'Object Repository/2-OBJECTS TAREAS SECUNDARIAS/Pruebas capacitacion/Programa capacitacion/input_Fecha Programacin_form_actividadesCapacitaciontabActividadesfechaprogramacion_input'

2023-03-09 13:06:50 - [MESSAGE][PASSED] - Text '09/03/2023' is set on object 'Object Repository/2-OBJECTS TAREAS SECUNDARIAS/Pruebas capacitacion/Programa capacitacion/input_Fecha Programacin_form_actividadesCapacitaciontabActividadesfechaprogramacion_input'

2023-03-09 13:06:50 - [TEST_STEP][PASSED] - setText(findTestObject("2-OBJECTS TAREAS SECUNDARIAS/Pruebas capacitacion/Programa capacitacion/textarea_Programacin_form_actividadesCapacitaciontabActividadesprogramacion"), "5"): Text '5' is set on object 'Object Repository/2-OBJECTS TAREAS SECUNDARIAS/Pruebas capacitacion/Programa capacitacion/textarea_Programacin_form_actividadesCapacitaciontabActividadesprogramacion'

2023-03-09 13:06:51 - [MESSAGE][PASSED] - Text '5' is set on object 'Object Repository/2-OBJECTS TAREAS SECUNDARIAS/Pruebas capacitacion/Programa capacitacion/textarea_Programacin_form_actividadesCapacitaciontabActividadesprogramacion'

2023-03-09 13:06:51 - [TEST_STEP][PASSED] - setText(findTestObject("2-OBJECTS TAREAS SECUNDARIAS/Pruebas capacitacion/Programa capacitacion/textarea_Tema_form_actividadesCapacitaciontabActividadestema"), "prueba  automatica"): Text 'prueba  automatica' is set on object 'Object Repository/2-OBJECTS TAREAS SECUNDARIAS/Pruebas capacitacion/Programa capacitacion/textarea_Tema_form_actividadesCapacitaciontabActividadestema'

2023-03-09 13:06:52 - [MESSAGE][PASSED] - Text 'prueba  automatica' is set on object 'Object Repository/2-OBJECTS TAREAS SECUNDARIAS/Pruebas capacitacion/Programa capacitacion/textarea_Tema_form_actividadesCapacitaciontabActividadestema'

2023-03-09 13:06:52 - [TEST_STEP][PASSED] - setText(findTestObject("2-OBJECTS TAREAS SECUNDARIAS/Pruebas capacitacion/Programa capacitacion/input_Nmero Funcionarios_form_actividadesCapacitaciontabActividadesfuncionario"), "100"): Text '100' is set on object 'Object Repository/2-OBJECTS TAREAS SECUNDARIAS/Pruebas capacitacion/Programa capacitacion/input_Nmero Funcionarios_form_actividadesCapacitaciontabActividadesfuncionario'

2023-03-09 13:06:53 - [MESSAGE][PASSED] - Text '100' is set on object 'Object Repository/2-OBJECTS TAREAS SECUNDARIAS/Pruebas capacitacion/Programa capacitacion/input_Nmero Funcionarios_form_actividadesCapacitaciontabActividadesfuncionario'

2023-03-09 13:06:53 - [TEST_STEP][PASSED] - selectOptionByIndex(findTestObject("2-OBJECTS TAREAS SECUNDARIAS/Pruebas capacitacion/Programa capacitacion/select_-- Seleccione --MixtaPresencialVirtual"), 1): All options with index in [1] are selected on object 'Object Repository/2-OBJECTS TAREAS SECUNDARIAS/Pruebas capacitacion/Programa capacitacion/select_-- Seleccione --MixtaPresencialVirtual'

2023-03-09 13:06:54 - [MESSAGE][PASSED] - All options with index in [1] are selected on object 'Object Repository/2-OBJECTS TAREAS SECUNDARIAS/Pruebas capacitacion/Programa capacitacion/select_-- Seleccione --MixtaPresencialVirtual'

2023-03-09 13:06:54 - [TEST_STEP][PASSED] - selectOptionByIndex(findTestObject("2-OBJECTS TAREAS SECUNDARIAS/Pruebas capacitacion/Programa capacitacion/select_-- Seleccione --Diagnstico de Necesidades de CapacitacinEstrategiaEvaluacin del desempeoOrigen Evento"), "1"): All options with index in [1] are selected on object 'Object Repository/2-OBJECTS TAREAS SECUNDARIAS/Pruebas capacitacion/Programa capacitacion/select_-- Seleccione --Diagnstico de Necesidades de CapacitacinEstrategiaEvaluacin del desempeoOrigen Evento'

2023-03-09 13:06:55 - [MESSAGE][PASSED] - All options with index in [1] are selected on object 'Object Repository/2-OBJECTS TAREAS SECUNDARIAS/Pruebas capacitacion/Programa capacitacion/select_-- Seleccione --Diagnstico de Necesidades de CapacitacinEstrategiaEvaluacin del desempeoOrigen Evento'

2023-03-09 13:06:55 - [TEST_STEP][PASSED] - setText(findTestObject("2-OBJECTS TAREAS SECUNDARIAS/Pruebas capacitacion/Programa capacitacion/input_Ejecutado_form_actividadesCapacitaciontabActividadesejecutado"), "5"): Text '5' is set on object 'Object Repository/2-OBJECTS TAREAS SECUNDARIAS/Pruebas capacitacion/Programa capacitacion/input_Ejecutado_form_actividadesCapacitaciontabActividadesejecutado'

2023-03-09 13:06:56 - [MESSAGE][PASSED] - Text '5' is set on object 'Object Repository/2-OBJECTS TAREAS SECUNDARIAS/Pruebas capacitacion/Programa capacitacion/input_Ejecutado_form_actividadesCapacitaciontabActividadesejecutado'

2023-03-09 13:06:56 - [TEST_STEP][PASSED] - setText(findTestObject("2-OBJECTS TAREAS SECUNDARIAS/Pruebas capacitacion/Programa capacitacion/input_Fecha Ejecucin_form_actividadesCapacitaciontabActividadesfechaejecucion_input"), fechafinal()): null

2023-03-09 13:06:56 - [TEST_STEP][PASSED] - today = new java.util.Date(): null

2023-03-09 13:06:56 - [TEST_STEP][PASSED] - Dia = today.format("dd"): null

2023-03-09 13:06:56 - [TEST_STEP][PASSED] - Mes = today.format("MM"): null

2023-03-09 13:06:56 - [TEST_STEP][PASSED] - Año = today.format("yyyy"): null

2023-03-09 13:06:56 - [TEST_STEP][PASSED] - mesMenor = "": null

2023-03-09 13:06:56 - [TEST_STEP][PASSED] - sumaD = Dia + 2: null

2023-03-09 13:06:56 - [TEST_STEP][PASSED] - sumaM = Mes + 1: null

2023-03-09 13:06:56 - [TEST_STEP][PASSED] - sumaA = Año + 1: null

2023-03-09 13:06:56 - [TEST_STEP][PASSED] - if (sumaD > 30): null

2023-03-09 13:06:56 - [TEST_STEP][PASSED] - else: null

2023-03-09 13:06:56 - [TEST_STEP][PASSED] - sumaD: null

2023-03-09 13:06:56 - [TEST_STEP][PASSED] - if (sumaM > 12): null

2023-03-09 13:06:56 - [TEST_STEP][PASSED] - else: null

2023-03-09 13:06:56 - [TEST_STEP][PASSED] - sumaM: null

2023-03-09 13:06:56 - [TEST_STEP][PASSED] - if (Mes > 12): null

2023-03-09 13:06:56 - [TEST_STEP][PASSED] - if (Mes < 10): Text '11/03/2023' is set on object 'Object Repository/2-OBJECTS TAREAS SECUNDARIAS/Pruebas capacitacion/Programa capacitacion/input_Fecha Ejecucin_form_actividadesCapacitaciontabActividadesfechaejecucion_input'

2023-03-09 13:06:56 - [TEST_STEP][PASSED] - mesMenor = "0" + Mes: null

2023-03-09 13:06:56 - [TEST_STEP][PASSED] - fechaF = sumaD + "/" + mesMenor + "/" + Año: Text '11/03/2023' is set on object 'Object Repository/2-OBJECTS TAREAS SECUNDARIAS/Pruebas capacitacion/Programa capacitacion/input_Fecha Ejecucin_form_actividadesCapacitaciontabActividadesfechaejecucion_input'

2023-03-09 13:06:56 - [MESSAGE][PASSED] - Text '11/03/2023' is set on object 'Object Repository/2-OBJECTS TAREAS SECUNDARIAS/Pruebas capacitacion/Programa capacitacion/input_Fecha Ejecucin_form_actividadesCapacitaciontabActividadesfechaejecucion_input'

2023-03-09 13:06:56 - [TEST_STEP][PASSED] - click(findTestObject("2-OBJECTS TAREAS SECUNDARIAS/Pruebas capacitacion/Programa capacitacion/a_Solicita_form_actividadesCapacitaciontabActividadesj_idt710"), STOP_ON_FAILURE): Object: 'Object Repository/2-OBJECTS TAREAS SECUNDARIAS/Pruebas capacitacion/Programa capacitacion/a_Solicita_form_actividadesCapacitaciontabActividadesj_idt710' is clicked on

2023-03-09 13:06:57 - [MESSAGE][PASSED] - Object: 'Object Repository/2-OBJECTS TAREAS SECUNDARIAS/Pruebas capacitacion/Programa capacitacion/a_Solicita_form_actividadesCapacitaciontabActividadesj_idt710' is clicked on

2023-03-09 13:06:57 - [TEST_STEP][PASSED] - setText(findTestObject("2-OBJECTS TAREAS SECUNDARIAS/Pruebas capacitacion/Programa capacitacion/input_Filtro Hoja de Vida_formPopupHojaVidaj_idt868-1"), "Constantino"): Text 'Constantino' is set on object 'Object Repository/2-OBJECTS TAREAS SECUNDARIAS/Pruebas capacitacion/Programa capacitacion/input_Filtro Hoja de Vida_formPopupHojaVidaj_idt868-1'

2023-03-09 13:06:58 - [MESSAGE][PASSED] - Text 'Constantino' is set on object 'Object Repository/2-OBJECTS TAREAS SECUNDARIAS/Pruebas capacitacion/Programa capacitacion/input_Filtro Hoja de Vida_formPopupHojaVidaj_idt868-1'

2023-03-09 13:06:58 - [TEST_STEP][PASSED] - sendKeys(findTestObject("2-OBJECTS TAREAS SECUNDARIAS/Pruebas capacitacion/Programa capacitacion/input_Filtro Hoja de Vida_formPopupHojaVidaj_idt868-1"), Keys.chord(ENTER)): Keys 'ENTER + ' sent to object: 'Object Repository/2-OBJECTS TAREAS SECUNDARIAS/Pruebas capacitacion/Programa capacitacion/input_Filtro Hoja de Vida_formPopupHojaVidaj_idt868-1'

2023-03-09 13:06:58 - [MESSAGE][PASSED] - Keys 'ENTER + ' sent to object: 'Object Repository/2-OBJECTS TAREAS SECUNDARIAS/Pruebas capacitacion/Programa capacitacion/input_Filtro Hoja de Vida_formPopupHojaVidaj_idt868-1'

2023-03-09 13:06:58 - [TEST_STEP][PASSED] - click(findTestObject("2-OBJECTS TAREAS SECUNDARIAS/Pruebas capacitacion/Programa capacitacion/span_354968431354-1")): Object: 'Object Repository/2-OBJECTS TAREAS SECUNDARIAS/Pruebas capacitacion/Programa capacitacion/span_354968431354-1' is clicked on

2023-03-09 13:06:59 - [MESSAGE][PASSED] - Object: 'Object Repository/2-OBJECTS TAREAS SECUNDARIAS/Pruebas capacitacion/Programa capacitacion/span_354968431354-1' is clicked on

2023-03-09 13:06:59 - [TEST_STEP][PASSED] - click(findTestObject("2-OBJECTS TAREAS SECUNDARIAS/Pruebas capacitacion/Programa capacitacion/a_Guardar")): Object: 'Object Repository/2-OBJECTS TAREAS SECUNDARIAS/Pruebas capacitacion/Programa capacitacion/a_Guardar' is clicked on

2023-03-09 13:07:00 - [MESSAGE][PASSED] - Object: 'Object Repository/2-OBJECTS TAREAS SECUNDARIAS/Pruebas capacitacion/Programa capacitacion/a_Guardar' is clicked on

2023-03-09 13:07:00 - [TEST_STEP][PASSED] - click(findTestObject("2-OBJECTS TAREAS SECUNDARIAS/Pruebas capacitacion/Programa capacitacion/a_Detalle")): Object: 'Object Repository/2-OBJECTS TAREAS SECUNDARIAS/Pruebas capacitacion/Programa capacitacion/a_Detalle' is clicked on

2023-03-09 13:07:01 - [MESSAGE][PASSED] - Object: 'Object Repository/2-OBJECTS TAREAS SECUNDARIAS/Pruebas capacitacion/Programa capacitacion/a_Detalle' is clicked on

2023-03-09 13:07:01 - [TEST_STEP][PASSED] - click(findTestObject("2-OBJECTS TAREAS SECUNDARIAS/Pruebas capacitacion/Programa capacitacion/a_Enviar")): Object: 'Object Repository/2-OBJECTS TAREAS SECUNDARIAS/Pruebas capacitacion/Programa capacitacion/a_Enviar' is clicked on

2023-03-09 13:07:02 - [MESSAGE][PASSED] - Object: 'Object Repository/2-OBJECTS TAREAS SECUNDARIAS/Pruebas capacitacion/Programa capacitacion/a_Enviar' is clicked on

2023-03-09 13:07:02 - [TEST_STEP][PASSED] - click(findTestObject("2-OBJECTS TAREAS SECUNDARIAS/Pruebas capacitacion/Programa capacitacion/a_Rechazar")): Object: 'Object Repository/2-OBJECTS TAREAS SECUNDARIAS/Pruebas capacitacion/Programa capacitacion/a_Rechazar' is clicked on

2023-03-09 13:07:02 - [MESSAGE][PASSED] - Object: 'Object Repository/2-OBJECTS TAREAS SECUNDARIAS/Pruebas capacitacion/Programa capacitacion/a_Rechazar' is clicked on

2023-03-09 13:07:02 - [TEST_STEP][PASSED] - setText(findTestObject("2-OBJECTS TAREAS SECUNDARIAS/Pruebas capacitacion/Programa capacitacion/textarea_Motivo_popupNoAutorizar_formmotivo"), "Pruebas automaticas katalon"): Text 'Pruebas automaticas katalon' is set on object 'Object Repository/2-OBJECTS TAREAS SECUNDARIAS/Pruebas capacitacion/Programa capacitacion/textarea_Motivo_popupNoAutorizar_formmotivo'

2023-03-09 13:07:03 - [MESSAGE][PASSED] - Text 'Pruebas automaticas katalon' is set on object 'Object Repository/2-OBJECTS TAREAS SECUNDARIAS/Pruebas capacitacion/Programa capacitacion/textarea_Motivo_popupNoAutorizar_formmotivo'

2023-03-09 13:07:03 - [TEST_STEP][PASSED] - click(findTestObject("2-OBJECTS TAREAS SECUNDARIAS/Pruebas capacitacion/Programa capacitacion/span_No Autorizar")): Object: 'Object Repository/2-OBJECTS TAREAS SECUNDARIAS/Pruebas capacitacion/Programa capacitacion/span_No Autorizar' is clicked on

2023-03-09 13:07:04 - [MESSAGE][PASSED] - Object: 'Object Repository/2-OBJECTS TAREAS SECUNDARIAS/Pruebas capacitacion/Programa capacitacion/span_No Autorizar' is clicked on

2023-03-09 13:07:04 - [TEST_STEP][PASSED] - click(findTestObject("2-OBJECTS TAREAS SECUNDARIAS/Pruebas capacitacion/Programa capacitacion/a_Guardar")): Object: 'Object Repository/2-OBJECTS TAREAS SECUNDARIAS/Pruebas capacitacion/Programa capacitacion/a_Guardar' is clicked on

2023-03-09 13:07:05 - [MESSAGE][PASSED] - Object: 'Object Repository/2-OBJECTS TAREAS SECUNDARIAS/Pruebas capacitacion/Programa capacitacion/a_Guardar' is clicked on

2023-03-09 13:07:05 - [TEST_STEP][PASSED] - click(findTestObject("2-OBJECTS TAREAS SECUNDARIAS/Pruebas capacitacion/Programa capacitacion/a_Cerrar")): Object: 'Object Repository/2-OBJECTS TAREAS SECUNDARIAS/Pruebas capacitacion/Programa capacitacion/a_Cerrar' is clicked on

2023-03-09 13:07:05 - [MESSAGE][PASSED] - Object: 'Object Repository/2-OBJECTS TAREAS SECUNDARIAS/Pruebas capacitacion/Programa capacitacion/a_Cerrar' is clicked on

2023-03-09 13:07:05 - [TEST_STEP][PASSED] - click(findTestObject("2-OBJECTS TAREAS SECUNDARIAS/Pruebas capacitacion/Programa capacitacion/span_Si")): Object: 'Object Repository/2-OBJECTS TAREAS SECUNDARIAS/Pruebas capacitacion/Programa capacitacion/span_Si' is clicked on

2023-03-09 13:07:06 - [MESSAGE][PASSED] - Object: 'Object Repository/2-OBJECTS TAREAS SECUNDARIAS/Pruebas capacitacion/Programa capacitacion/span_Si' is clicked on

2023-03-09 13:07:06 - [TEST_STEP][PASSED] - Result = getText(findTestObject("3-OBJECTS UTILIDADES/Alerta/Alerta")): Text of object 'Object Repository/3-OBJECTS UTILIDADES/Alerta/Alerta' is: 'Periodo cerrado'

2023-03-09 13:07:07 - [MESSAGE][PASSED] - Text of object 'Object Repository/3-OBJECTS UTILIDADES/Alerta/Alerta' is: 'Periodo cerrado'

2023-03-09 13:07:07 - [TEST_STEP][PASSED] - click(findTestObject("2-OBJECTS TAREAS SECUNDARIAS/Pruebas capacitacion/Programa capacitacion/a_Regresar")): Object: 'Object Repository/2-OBJECTS TAREAS SECUNDARIAS/Pruebas capacitacion/Programa capacitacion/a_Regresar' is clicked on

2023-03-09 13:07:07 - [MESSAGE][PASSED] - Object: 'Object Repository/2-OBJECTS TAREAS SECUNDARIAS/Pruebas capacitacion/Programa capacitacion/a_Regresar' is clicked on

2023-03-09 13:07:07 - [TEST_STEP][PASSED] - if (Result == "Periodo cerrado"): null

2023-03-09 13:07:07 - [TEST_STEP][PASSED] - Resultado = "PRUEBA OK": null]]></system-out>
         <system-err><![CDATA[]]></system-err>
      </testcase>
      <testcase name="Test Cases/1.2-Tareas_Secundarias/5.1-Pruebas_SST/5.1.1-Reporte_de_accidente_de_trabajo" time="107.07" classname="Test Cases/1.2-Tareas_Secundarias/5.1-Pruebas_SST/5.1.1-Reporte_de_accidente_de_trabajo" status="PASSED">
         <system-out><![CDATA[2023-03-09 13:07:07 - [TEST_CASE][PASSED] - Test Cases/1.2-Tareas_Secundarias/5.1-Pruebas_SST/5.1.1-Reporte_de_accidente_de_trabajo: Test Cases/1.2-Tareas_Secundarias/5.1-Pruebas_SST/5.1.1-Reporte_de_accidente_de_trabajo

2023-03-09 13:07:08 - [TEST_STEP][PASSED] - callTestCase(findTestCase("0.1-Login"), [:], STOP_ON_FAILURE): Call Test Case 'Test Cases/0.1-Login' successfully

2023-03-09 13:07:08 - [TEST_CASE][PASSED] - Test Cases/0.1-Login: Test Cases/0.1-Login

2023-03-09 13:07:08 - [TEST_STEP][PASSED] - openBrowser(""): Browser is opened with url: ''

2023-03-09 13:07:08 - [MESSAGE][WARNING] - A browser is already opened. Closing browser and opening a new one

2023-03-09 13:07:08 - [MESSAGE][INFO] - Starting 'Chrome' driver

2023-03-09 13:07:08 - [MESSAGE][INFO] - Action delay is set to 0 milliseconds

2023-03-09 13:07:10 - [MESSAGE][PASSED] - Browser is opened with url: ''

2023-03-09 13:07:10 - [TEST_STEP][PASSED] - maximizeWindow(): Current window maximized

2023-03-09 13:07:10 - [MESSAGE][PASSED] - Current window maximized

2023-03-09 13:07:10 - [TEST_STEP][PASSED] - i = G_Login: null

2023-03-09 13:07:10 - [TEST_STEP][PASSED] - url = new java.net.URL(i): null

2023-03-09 13:07:10 - [TEST_STEP][PASSED] - println("URL: " + url.toString()): null

2023-03-09 13:07:10 - [TEST_STEP][PASSED] - connection = url.openConnection(): null

2023-03-09 13:07:10 - [TEST_STEP][PASSED] - connection.setRequestMethod("GET"): null

2023-03-09 13:07:10 - [TEST_STEP][PASSED] - connection.setReadTimeout(2 * 1000): null

2023-03-09 13:07:10 - [TEST_STEP][PASSED] - try: null

2023-03-09 13:07:10 - [TEST_STEP][PASSED] - connection.connect(): null

2023-03-09 13:07:10 - [TEST_STEP][PASSED] - flag = connected: null

2023-03-09 13:07:10 - [TEST_STEP][PASSED] - println("Valor_ori: " + flag): null

2023-03-09 13:07:10 - [TEST_STEP][PASSED] - if (flag): null

2023-03-09 13:07:10 - [TEST_STEP][PASSED] - navigateToUrl(i): Navigate to 'http://192.168.2.19:7001/saraweb' successfully

2023-03-09 13:07:12 - [MESSAGE][PASSED] - Navigate to 'http://192.168.2.19:7001/saraweb' successfully

2023-03-09 13:07:12 - [TEST_STEP][PASSED] - a(): null

2023-03-09 13:07:12 - [TEST_STEP][PASSED] - if (waitForElementVisible(findTestObject("3-OBJECTS UTILIDADES/Login/input_USUARIO_loginusuario"), 0)): null

2023-03-09 13:07:12 - [MESSAGE][WARNING] - Timeout '0' is invalid. Using default page load timeout: '37'

2023-03-09 13:07:13 - [MESSAGE][PASSED] - Object 'Object Repository/3-OBJECTS UTILIDADES/Login/input_USUARIO_loginusuario' is visible

2023-03-09 13:07:13 - [TEST_STEP][PASSED] - switchToWindowTitle("SARA"): Switched to window with title: 'SARA'

2023-03-09 13:07:13 - [MESSAGE][PASSED] - Switched to window with title: 'SARA'

2023-03-09 13:07:13 - [TEST_STEP][PASSED] - zoom(): null

2023-03-09 13:07:13 - [TEST_STEP][PASSED] - robot = new java.awt.Robot(): null

2023-03-09 13:07:13 - [TEST_STEP][PASSED] - robot.keyPress(VK_CONTROL): null

2023-03-09 13:07:13 - [TEST_STEP][PASSED] - robot.keyPress(VK_SUBTRACT): null

2023-03-09 13:07:13 - [TEST_STEP][PASSED] - robot.keyRelease(VK_CONTROL): null

2023-03-09 13:07:13 - [TEST_STEP][PASSED] - robot.keyRelease(VK_SUBTRACT): null

2023-03-09 13:07:13 - [TEST_STEP][PASSED] - robot.keyPress(VK_CONTROL): null

2023-03-09 13:07:13 - [TEST_STEP][PASSED] - robot.keyPress(VK_SUBTRACT): null

2023-03-09 13:07:13 - [TEST_STEP][PASSED] - robot.keyRelease(VK_CONTROL): null

2023-03-09 13:07:13 - [TEST_STEP][PASSED] - robot.keyRelease(VK_SUBTRACT): null

2023-03-09 13:07:13 - [TEST_STEP][PASSED] - robot.keyPress(VK_CONTROL): null

2023-03-09 13:07:13 - [TEST_STEP][PASSED] - robot.keyPress(VK_SUBTRACT): null

2023-03-09 13:07:13 - [TEST_STEP][PASSED] - robot.keyRelease(VK_CONTROL): null

2023-03-09 13:07:13 - [TEST_STEP][PASSED] - robot.keyRelease(VK_SUBTRACT): null

2023-03-09 13:07:13 - [TEST_STEP][PASSED] - robot.keyRelease(VK_CONTROL): null

2023-03-09 13:07:13 - [TEST_STEP][PASSED] - robot.keyRelease(VK_SUBTRACT): null

2023-03-09 13:07:13 - [TEST_STEP][PASSED] - setText(findTestObject("3-OBJECTS UTILIDADES/Login/input_USUARIO_loginusuario"), G_Usuario): Text 'weblogic' is set on object 'Object Repository/3-OBJECTS UTILIDADES/Login/input_USUARIO_loginusuario'

2023-03-09 13:07:13 - [MESSAGE][PASSED] - Text 'weblogic' is set on object 'Object Repository/3-OBJECTS UTILIDADES/Login/input_USUARIO_loginusuario'

2023-03-09 13:07:13 - [TEST_STEP][PASSED] - setEncryptedText(findTestObject("3-OBJECTS UTILIDADES/Login/input_CLAVE_loginpassword"), "SlAwMcyRKqrwbnzhAs8HhT6NnI7sEyng"): Text ****** has been set on object 'Object Repository/3-OBJECTS UTILIDADES/Login/input_CLAVE_loginpassword'

2023-03-09 13:07:17 - [MESSAGE][PASSED] - Text ****** has been set on object 'Object Repository/3-OBJECTS UTILIDADES/Login/input_CLAVE_loginpassword'

2023-03-09 13:07:17 - [TEST_STEP][PASSED] - while (waitForElementClickable(findTestObject("3-OBJECTS UTILIDADES/Login/a_Ingresar"), 1)): Web element with id: 'Object Repository/3-OBJECTS UTILIDADES/Login/a_Ingresar' located by '//a[contains(text(),'Ingresar')]' not found

2023-03-09 13:07:19 - [MESSAGE][INFO] - Unable to find the element located by 'By.xpath: //a[contains(text(),'Ingresar')]'. Please recheck the objects properties to make sure the desired element is located. 

2023-03-09 13:07:19 - [MESSAGE][WARNING] - Web element with id: 'Object Repository/3-OBJECTS UTILIDADES/Login/a_Ingresar' located by '//a[contains(text(),'Ingresar')]' not found

2023-03-09 13:07:19 - [MESSAGE][PASSED] - Call Test Case 'Test Cases/0.1-Login' successfully

2023-03-09 13:07:19 - [TEST_STEP][PASSED] - setText(findTestObject("2-OBJECTS TAREAS SECUNDARIAS/Pruebas SST/Reporte_de_accidente_de_trabajo/input_ADMINISTRADOR DEL SISTEMA - SARA_form_templatej_idt24_input"), "Informe accidente de trabajo"): Text 'Informe accidente de trabajo' is set on object 'Object Repository/2-OBJECTS TAREAS SECUNDARIAS/Pruebas SST/Reporte_de_accidente_de_trabajo/input_ADMINISTRADOR DEL SISTEMA - SARA_form_templatej_idt24_input'

2023-03-09 13:07:20 - [MESSAGE][PASSED] - Text 'Informe accidente de trabajo' is set on object 'Object Repository/2-OBJECTS TAREAS SECUNDARIAS/Pruebas SST/Reporte_de_accidente_de_trabajo/input_ADMINISTRADOR DEL SISTEMA - SARA_form_templatej_idt24_input'

2023-03-09 13:07:20 - [TEST_STEP][PASSED] - click(findTestObject("2-OBJECTS TAREAS SECUNDARIAS/Pruebas SST/Reporte_de_accidente_de_trabajo/li_Informe Accidente de Trabajo (sst)")): Object: 'Object Repository/2-OBJECTS TAREAS SECUNDARIAS/Pruebas SST/Reporte_de_accidente_de_trabajo/li_Informe Accidente de Trabajo (sst)' is clicked on

2023-03-09 13:07:22 - [MESSAGE][PASSED] - Object: 'Object Repository/2-OBJECTS TAREAS SECUNDARIAS/Pruebas SST/Reporte_de_accidente_de_trabajo/li_Informe Accidente de Trabajo (sst)' is clicked on

2023-03-09 13:07:22 - [TEST_STEP][PASSED] - if (waitForElementPresent(findTestObject("2-OBJECTS TAREAS SECUNDARIAS/Pruebas SST/Reporte_de_accidente_de_trabajo/span_Prueba"), 1)): null

2023-03-09 13:07:25 - [MESSAGE][PASSED] - Object 'Object Repository/2-OBJECTS TAREAS SECUNDARIAS/Pruebas SST/Reporte_de_accidente_de_trabajo/span_Prueba' is present

2023-03-09 13:07:25 - [TEST_STEP][PASSED] - click(findTestObject("2-OBJECTS TAREAS SECUNDARIAS/Pruebas SST/Reporte_de_accidente_de_trabajo/span_Prueba")): Object: 'Object Repository/2-OBJECTS TAREAS SECUNDARIAS/Pruebas SST/Reporte_de_accidente_de_trabajo/span_Prueba' is clicked on

2023-03-09 13:07:26 - [MESSAGE][PASSED] - Object: 'Object Repository/2-OBJECTS TAREAS SECUNDARIAS/Pruebas SST/Reporte_de_accidente_de_trabajo/span_Prueba' is clicked on

2023-03-09 13:07:26 - [TEST_STEP][PASSED] - click(findTestObject("2-OBJECTS TAREAS SECUNDARIAS/Pruebas SST/Reporte_de_accidente_de_trabajo/a_Recomendaciones_Eliminar")): Object: 'Object Repository/2-OBJECTS TAREAS SECUNDARIAS/Pruebas SST/Reporte_de_accidente_de_trabajo/a_Recomendaciones_Eliminar' is clicked on

2023-03-09 13:07:27 - [MESSAGE][PASSED] - Object: 'Object Repository/2-OBJECTS TAREAS SECUNDARIAS/Pruebas SST/Reporte_de_accidente_de_trabajo/a_Recomendaciones_Eliminar' is clicked on

2023-03-09 13:07:27 - [TEST_STEP][PASSED] - if (waitForElementPresent(findTestObject("2-OBJECTS TAREAS SECUNDARIAS/Pruebas SST/Reporte_de_accidente_de_trabajo/span_Camine con Precaucin_eliminar"), 1)): null

2023-03-09 13:07:27 - [MESSAGE][PASSED] - Object 'Object Repository/2-OBJECTS TAREAS SECUNDARIAS/Pruebas SST/Reporte_de_accidente_de_trabajo/span_Camine con Precaucin_eliminar' is present

2023-03-09 13:07:27 - [TEST_STEP][PASSED] - click(findTestObject("2-OBJECTS TAREAS SECUNDARIAS/Pruebas SST/Reporte_de_accidente_de_trabajo/span_Camine con Precaucin_eliminar")): Object: 'Object Repository/2-OBJECTS TAREAS SECUNDARIAS/Pruebas SST/Reporte_de_accidente_de_trabajo/span_Camine con Precaucin_eliminar' is clicked on

2023-03-09 13:07:28 - [MESSAGE][PASSED] - Object: 'Object Repository/2-OBJECTS TAREAS SECUNDARIAS/Pruebas SST/Reporte_de_accidente_de_trabajo/span_Camine con Precaucin_eliminar' is clicked on

2023-03-09 13:07:28 - [TEST_STEP][PASSED] - click(findTestObject("2-OBJECTS TAREAS SECUNDARIAS/Pruebas SST/Reporte_de_accidente_de_trabajo/a_Eliminar0")): Object: 'Object Repository/2-OBJECTS TAREAS SECUNDARIAS/Pruebas SST/Reporte_de_accidente_de_trabajo/a_Eliminar0' is clicked on

2023-03-09 13:07:28 - [MESSAGE][PASSED] - Object: 'Object Repository/2-OBJECTS TAREAS SECUNDARIAS/Pruebas SST/Reporte_de_accidente_de_trabajo/a_Eliminar0' is clicked on

2023-03-09 13:07:28 - [TEST_STEP][PASSED] - click(findTestObject("2-OBJECTS TAREAS SECUNDARIAS/Pruebas SST/Reporte_de_accidente_de_trabajo/a_Aceptar_Eliminar0")): Object: 'Object Repository/2-OBJECTS TAREAS SECUNDARIAS/Pruebas SST/Reporte_de_accidente_de_trabajo/a_Aceptar_Eliminar0' is clicked on

2023-03-09 13:07:29 - [MESSAGE][PASSED] - Object: 'Object Repository/2-OBJECTS TAREAS SECUNDARIAS/Pruebas SST/Reporte_de_accidente_de_trabajo/a_Aceptar_Eliminar0' is clicked on

2023-03-09 13:07:29 - [TEST_STEP][PASSED] - click(findTestObject("2-OBJECTS TAREAS SECUNDARIAS/Pruebas SST/Reporte_de_accidente_de_trabajo/a_Testigo_Eliminar")): Object: 'Object Repository/2-OBJECTS TAREAS SECUNDARIAS/Pruebas SST/Reporte_de_accidente_de_trabajo/a_Testigo_Eliminar' is clicked on

2023-03-09 13:07:30 - [MESSAGE][PASSED] - Object: 'Object Repository/2-OBJECTS TAREAS SECUNDARIAS/Pruebas SST/Reporte_de_accidente_de_trabajo/a_Testigo_Eliminar' is clicked on

2023-03-09 13:07:30 - [TEST_STEP][PASSED] - if (waitForElementPresent(findTestObject("2-OBJECTS TAREAS SECUNDARIAS/Pruebas SST/Reporte_de_accidente_de_trabajo/td_DIAZ BLANCO GUISELL"), 1)): null

2023-03-09 13:07:30 - [MESSAGE][PASSED] - Object 'Object Repository/2-OBJECTS TAREAS SECUNDARIAS/Pruebas SST/Reporte_de_accidente_de_trabajo/td_DIAZ BLANCO GUISELL' is present

2023-03-09 13:07:30 - [TEST_STEP][PASSED] - click(findTestObject("2-OBJECTS TAREAS SECUNDARIAS/Pruebas SST/Reporte_de_accidente_de_trabajo/td_DIAZ BLANCO GUISELL")): Object: 'Object Repository/2-OBJECTS TAREAS SECUNDARIAS/Pruebas SST/Reporte_de_accidente_de_trabajo/td_DIAZ BLANCO GUISELL' is clicked on

2023-03-09 13:07:31 - [MESSAGE][PASSED] - Object: 'Object Repository/2-OBJECTS TAREAS SECUNDARIAS/Pruebas SST/Reporte_de_accidente_de_trabajo/td_DIAZ BLANCO GUISELL' is clicked on

2023-03-09 13:07:31 - [TEST_STEP][PASSED] - click(findTestObject("2-OBJECTS TAREAS SECUNDARIAS/Pruebas SST/Reporte_de_accidente_de_trabajo/a_Eliminar1")): Object: 'Object Repository/2-OBJECTS TAREAS SECUNDARIAS/Pruebas SST/Reporte_de_accidente_de_trabajo/a_Eliminar1' is clicked on

2023-03-09 13:07:31 - [MESSAGE][PASSED] - Object: 'Object Repository/2-OBJECTS TAREAS SECUNDARIAS/Pruebas SST/Reporte_de_accidente_de_trabajo/a_Eliminar1' is clicked on

2023-03-09 13:07:31 - [TEST_STEP][PASSED] - click(findTestObject("2-OBJECTS TAREAS SECUNDARIAS/Pruebas SST/Reporte_de_accidente_de_trabajo/a_Aceptar_Eliminar1")): Object: 'Object Repository/2-OBJECTS TAREAS SECUNDARIAS/Pruebas SST/Reporte_de_accidente_de_trabajo/a_Aceptar_Eliminar1' is clicked on

2023-03-09 13:07:32 - [MESSAGE][PASSED] - Object: 'Object Repository/2-OBJECTS TAREAS SECUNDARIAS/Pruebas SST/Reporte_de_accidente_de_trabajo/a_Aceptar_Eliminar1' is clicked on

2023-03-09 13:07:32 - [TEST_STEP][PASSED] - click(findTestObject("2-OBJECTS TAREAS SECUNDARIAS/Pruebas SST/Reporte_de_accidente_de_trabajo/a_Accidentado_Eliminar")): Object: 'Object Repository/2-OBJECTS TAREAS SECUNDARIAS/Pruebas SST/Reporte_de_accidente_de_trabajo/a_Accidentado_Eliminar' is clicked on

2023-03-09 13:07:33 - [MESSAGE][PASSED] - Object: 'Object Repository/2-OBJECTS TAREAS SECUNDARIAS/Pruebas SST/Reporte_de_accidente_de_trabajo/a_Accidentado_Eliminar' is clicked on

2023-03-09 13:07:33 - [TEST_STEP][PASSED] - if (waitForElementPresent(findTestObject("2-OBJECTS TAREAS SECUNDARIAS/Pruebas SST/Reporte_de_accidente_de_trabajo/span_DIAZ BLANCO GUISELL_Eliminar"), 1)): null

2023-03-09 13:07:33 - [MESSAGE][PASSED] - Object 'Object Repository/2-OBJECTS TAREAS SECUNDARIAS/Pruebas SST/Reporte_de_accidente_de_trabajo/span_DIAZ BLANCO GUISELL_Eliminar' is present

2023-03-09 13:07:33 - [TEST_STEP][PASSED] - click(findTestObject("2-OBJECTS TAREAS SECUNDARIAS/Pruebas SST/Reporte_de_accidente_de_trabajo/span_DIAZ BLANCO GUISELL_Eliminar")): Object: 'Object Repository/2-OBJECTS TAREAS SECUNDARIAS/Pruebas SST/Reporte_de_accidente_de_trabajo/span_DIAZ BLANCO GUISELL_Eliminar' is clicked on

2023-03-09 13:07:34 - [MESSAGE][PASSED] - Object: 'Object Repository/2-OBJECTS TAREAS SECUNDARIAS/Pruebas SST/Reporte_de_accidente_de_trabajo/span_DIAZ BLANCO GUISELL_Eliminar' is clicked on

2023-03-09 13:07:34 - [TEST_STEP][PASSED] - click(findTestObject("2-OBJECTS TAREAS SECUNDARIAS/Pruebas SST/Reporte_de_accidente_de_trabajo/a_Investigaciones")): Object: 'Object Repository/2-OBJECTS TAREAS SECUNDARIAS/Pruebas SST/Reporte_de_accidente_de_trabajo/a_Investigaciones' is clicked on

2023-03-09 13:07:35 - [MESSAGE][PASSED] - Object: 'Object Repository/2-OBJECTS TAREAS SECUNDARIAS/Pruebas SST/Reporte_de_accidente_de_trabajo/a_Investigaciones' is clicked on

2023-03-09 13:07:35 - [TEST_STEP][PASSED] - if (waitForElementVisible(findTestObject("2-OBJECTS TAREAS SECUNDARIAS/Pruebas SST/Reporte_de_accidente_de_trabajo/span_Prueba0"), 1)): null

2023-03-09 13:07:35 - [MESSAGE][PASSED] - Object 'Object Repository/2-OBJECTS TAREAS SECUNDARIAS/Pruebas SST/Reporte_de_accidente_de_trabajo/span_Prueba0' is visible

2023-03-09 13:07:35 - [TEST_STEP][PASSED] - click(findTestObject("2-OBJECTS TAREAS SECUNDARIAS/Pruebas SST/Reporte_de_accidente_de_trabajo/span_Prueba0")): Object: 'Object Repository/2-OBJECTS TAREAS SECUNDARIAS/Pruebas SST/Reporte_de_accidente_de_trabajo/span_Prueba0' is clicked on

2023-03-09 13:07:36 - [MESSAGE][PASSED] - Object: 'Object Repository/2-OBJECTS TAREAS SECUNDARIAS/Pruebas SST/Reporte_de_accidente_de_trabajo/span_Prueba0' is clicked on

2023-03-09 13:07:36 - [TEST_STEP][PASSED] - click(findTestObject("2-OBJECTS TAREAS SECUNDARIAS/Pruebas SST/Reporte_de_accidente_de_trabajo/a_Accin2")): Object: 'Object Repository/2-OBJECTS TAREAS SECUNDARIAS/Pruebas SST/Reporte_de_accidente_de_trabajo/a_Accin2' is clicked on

2023-03-09 13:07:36 - [MESSAGE][PASSED] - Object: 'Object Repository/2-OBJECTS TAREAS SECUNDARIAS/Pruebas SST/Reporte_de_accidente_de_trabajo/a_Accin2' is clicked on

2023-03-09 13:07:36 - [TEST_STEP][PASSED] - if (waitForElementVisible(findTestObject("2-OBJECTS TAREAS SECUNDARIAS/Pruebas SST/Reporte_de_accidente_de_trabajo/span_Tipo Accion"), 1)): null

2023-03-09 13:07:37 - [MESSAGE][PASSED] - Object 'Object Repository/2-OBJECTS TAREAS SECUNDARIAS/Pruebas SST/Reporte_de_accidente_de_trabajo/span_Tipo Accion' is visible

2023-03-09 13:07:37 - [TEST_STEP][PASSED] - click(findTestObject("2-OBJECTS TAREAS SECUNDARIAS/Pruebas SST/Reporte_de_accidente_de_trabajo/span_Tipo Accion")): Object: 'Object Repository/2-OBJECTS TAREAS SECUNDARIAS/Pruebas SST/Reporte_de_accidente_de_trabajo/span_Tipo Accion' is clicked on

2023-03-09 13:07:37 - [MESSAGE][PASSED] - Object: 'Object Repository/2-OBJECTS TAREAS SECUNDARIAS/Pruebas SST/Reporte_de_accidente_de_trabajo/span_Tipo Accion' is clicked on

2023-03-09 13:07:37 - [TEST_STEP][PASSED] - click(findTestObject("2-OBJECTS TAREAS SECUNDARIAS/Pruebas SST/Reporte_de_accidente_de_trabajo/a_Control")): Object: 'Object Repository/2-OBJECTS TAREAS SECUNDARIAS/Pruebas SST/Reporte_de_accidente_de_trabajo/a_Control' is clicked on

2023-03-09 13:07:38 - [MESSAGE][PASSED] - Object: 'Object Repository/2-OBJECTS TAREAS SECUNDARIAS/Pruebas SST/Reporte_de_accidente_de_trabajo/a_Control' is clicked on

2023-03-09 13:07:38 - [TEST_STEP][PASSED] - if (waitForElementVisible(findTestObject("2-OBJECTS TAREAS SECUNDARIAS/Pruebas SST/Reporte_de_accidente_de_trabajo/a_Efectuado_form_popupRecomendacionInvvpanel_principal_23tablaControl0j_idt460"), 1)): null

2023-03-09 13:07:39 - [MESSAGE][PASSED] - Object 'Object Repository/2-OBJECTS TAREAS SECUNDARIAS/Pruebas SST/Reporte_de_accidente_de_trabajo/a_Efectuado_form_popupRecomendacionInvvpanel_principal_23tablaControl0j_idt460' is visible

2023-03-09 13:07:39 - [TEST_STEP][PASSED] - click(findTestObject("2-OBJECTS TAREAS SECUNDARIAS/Pruebas SST/Reporte_de_accidente_de_trabajo/a_Efectuado_form_popupRecomendacionInvvpanel_principal_23tablaControl0j_idt460")): Object: 'Object Repository/2-OBJECTS TAREAS SECUNDARIAS/Pruebas SST/Reporte_de_accidente_de_trabajo/a_Efectuado_form_popupRecomendacionInvvpanel_principal_23tablaControl0j_idt460' is clicked on

2023-03-09 13:07:39 - [MESSAGE][PASSED] - Object: 'Object Repository/2-OBJECTS TAREAS SECUNDARIAS/Pruebas SST/Reporte_de_accidente_de_trabajo/a_Efectuado_form_popupRecomendacionInvvpanel_principal_23tablaControl0j_idt460' is clicked on

2023-03-09 13:07:39 - [TEST_STEP][PASSED] - click(findTestObject("2-OBJECTS TAREAS SECUNDARIAS/Pruebas SST/Reporte_de_accidente_de_trabajo/label_Confirmacin"), STOP_ON_FAILURE): Object: 'Object Repository/2-OBJECTS TAREAS SECUNDARIAS/Pruebas SST/Reporte_de_accidente_de_trabajo/label_Confirmacin' is clicked on

2023-03-09 13:07:40 - [MESSAGE][PASSED] - Object: 'Object Repository/2-OBJECTS TAREAS SECUNDARIAS/Pruebas SST/Reporte_de_accidente_de_trabajo/label_Confirmacin' is clicked on

2023-03-09 13:07:40 - [TEST_STEP][PASSED] - click(findTestObject("2-OBJECTS TAREAS SECUNDARIAS/Pruebas SST/Reporte_de_accidente_de_trabajo/a_Aceptar_eliminar accion")): Object: 'Object Repository/2-OBJECTS TAREAS SECUNDARIAS/Pruebas SST/Reporte_de_accidente_de_trabajo/a_Aceptar_eliminar accion' is clicked on

2023-03-09 13:07:40 - [MESSAGE][PASSED] - Object: 'Object Repository/2-OBJECTS TAREAS SECUNDARIAS/Pruebas SST/Reporte_de_accidente_de_trabajo/a_Aceptar_eliminar accion' is clicked on

2023-03-09 13:07:40 - [TEST_STEP][PASSED] - click(findTestObject("2-OBJECTS TAREAS SECUNDARIAS/Pruebas SST/Reporte_de_accidente_de_trabajo/a_Accin")): Object: 'Object Repository/2-OBJECTS TAREAS SECUNDARIAS/Pruebas SST/Reporte_de_accidente_de_trabajo/a_Accin' is clicked on

2023-03-09 13:07:41 - [MESSAGE][PASSED] - Object: 'Object Repository/2-OBJECTS TAREAS SECUNDARIAS/Pruebas SST/Reporte_de_accidente_de_trabajo/a_Accin' is clicked on

2023-03-09 13:07:41 - [TEST_STEP][PASSED] - click(findTestObject("2-OBJECTS TAREAS SECUNDARIAS/Pruebas SST/Reporte_de_accidente_de_trabajo/a_Eliminar")): Object: 'Object Repository/2-OBJECTS TAREAS SECUNDARIAS/Pruebas SST/Reporte_de_accidente_de_trabajo/a_Eliminar' is clicked on

2023-03-09 13:07:42 - [MESSAGE][PASSED] - Object: 'Object Repository/2-OBJECTS TAREAS SECUNDARIAS/Pruebas SST/Reporte_de_accidente_de_trabajo/a_Eliminar' is clicked on

2023-03-09 13:07:42 - [TEST_STEP][PASSED] - click(findTestObject("2-OBJECTS TAREAS SECUNDARIAS/Pruebas SST/Reporte_de_accidente_de_trabajo/a_Aceptar_eliminar accion")): Object: 'Object Repository/2-OBJECTS TAREAS SECUNDARIAS/Pruebas SST/Reporte_de_accidente_de_trabajo/a_Aceptar_eliminar accion' is clicked on

2023-03-09 13:07:42 - [MESSAGE][PASSED] - Object: 'Object Repository/2-OBJECTS TAREAS SECUNDARIAS/Pruebas SST/Reporte_de_accidente_de_trabajo/a_Aceptar_eliminar accion' is clicked on

2023-03-09 13:07:42 - [TEST_STEP][PASSED] - click(findTestObject("2-OBJECTS TAREAS SECUNDARIAS/Pruebas SST/Reporte_de_accidente_de_trabajo/a_Determinacin de Causas")): Object: 'Object Repository/2-OBJECTS TAREAS SECUNDARIAS/Pruebas SST/Reporte_de_accidente_de_trabajo/a_Determinacin de Causas' is clicked on

2023-03-09 13:07:43 - [MESSAGE][PASSED] - Object: 'Object Repository/2-OBJECTS TAREAS SECUNDARIAS/Pruebas SST/Reporte_de_accidente_de_trabajo/a_Determinacin de Causas' is clicked on

2023-03-09 13:07:43 - [TEST_STEP][PASSED] - if (waitForElementVisible(findTestObject("2-OBJECTS TAREAS SECUNDARIAS/Pruebas SST/Reporte_de_accidente_de_trabajo/span_Causas Bsicas"), 1)): null

2023-03-09 13:07:44 - [MESSAGE][PASSED] - Object 'Object Repository/2-OBJECTS TAREAS SECUNDARIAS/Pruebas SST/Reporte_de_accidente_de_trabajo/span_Causas Bsicas' is visible

2023-03-09 13:07:44 - [TEST_STEP][PASSED] - click(findTestObject("2-OBJECTS TAREAS SECUNDARIAS/Pruebas SST/Reporte_de_accidente_de_trabajo/a_Anexos")): Object: 'Object Repository/2-OBJECTS TAREAS SECUNDARIAS/Pruebas SST/Reporte_de_accidente_de_trabajo/a_Anexos' is clicked on

2023-03-09 13:07:44 - [MESSAGE][PASSED] - Object: 'Object Repository/2-OBJECTS TAREAS SECUNDARIAS/Pruebas SST/Reporte_de_accidente_de_trabajo/a_Anexos' is clicked on

2023-03-09 13:07:44 - [TEST_STEP][PASSED] - if (waitForElementVisible(findTestObject("2-OBJECTS TAREAS SECUNDARIAS/Pruebas SST/Reporte_de_accidente_de_trabajo/a_prueba.pdf_j_idt1841tabInvestigacionAccidentadotablaAnexos0j_idt2142"), 1)): null

2023-03-09 13:07:45 - [MESSAGE][PASSED] - Object 'Object Repository/2-OBJECTS TAREAS SECUNDARIAS/Pruebas SST/Reporte_de_accidente_de_trabajo/a_prueba.pdf_j_idt1841tabInvestigacionAccidentadotablaAnexos0j_idt2142' is visible

2023-03-09 13:07:45 - [TEST_STEP][PASSED] - click(findTestObject("2-OBJECTS TAREAS SECUNDARIAS/Pruebas SST/Reporte_de_accidente_de_trabajo/a_prueba.pdf_j_idt1841tabInvestigacionAccidentadotablaAnexos0j_idt2142")): Object: 'Object Repository/2-OBJECTS TAREAS SECUNDARIAS/Pruebas SST/Reporte_de_accidente_de_trabajo/a_prueba.pdf_j_idt1841tabInvestigacionAccidentadotablaAnexos0j_idt2142' is clicked on

2023-03-09 13:07:45 - [MESSAGE][PASSED] - Object: 'Object Repository/2-OBJECTS TAREAS SECUNDARIAS/Pruebas SST/Reporte_de_accidente_de_trabajo/a_prueba.pdf_j_idt1841tabInvestigacionAccidentadotablaAnexos0j_idt2142' is clicked on

2023-03-09 13:07:45 - [TEST_STEP][PASSED] - click(findTestObject("2-OBJECTS TAREAS SECUNDARIAS/Pruebas SST/Reporte_de_accidente_de_trabajo/span_Si")): Object: 'Object Repository/2-OBJECTS TAREAS SECUNDARIAS/Pruebas SST/Reporte_de_accidente_de_trabajo/span_Si' is clicked on

2023-03-09 13:07:46 - [MESSAGE][PASSED] - Object: 'Object Repository/2-OBJECTS TAREAS SECUNDARIAS/Pruebas SST/Reporte_de_accidente_de_trabajo/span_Si' is clicked on

2023-03-09 13:07:46 - [TEST_STEP][PASSED] - click(findTestObject("2-OBJECTS TAREAS SECUNDARIAS/Pruebas SST/Reporte_de_accidente_de_trabajo/a_Determinacin de Causas")): Object: 'Object Repository/2-OBJECTS TAREAS SECUNDARIAS/Pruebas SST/Reporte_de_accidente_de_trabajo/a_Determinacin de Causas' is clicked on

2023-03-09 13:07:47 - [MESSAGE][PASSED] - Object: 'Object Repository/2-OBJECTS TAREAS SECUNDARIAS/Pruebas SST/Reporte_de_accidente_de_trabajo/a_Determinacin de Causas' is clicked on

2023-03-09 13:07:47 - [TEST_STEP][PASSED] - click(findTestObject("2-OBJECTS TAREAS SECUNDARIAS/Pruebas SST/Reporte_de_accidente_de_trabajo/span_Causas Bsicas")): Object: 'Object Repository/2-OBJECTS TAREAS SECUNDARIAS/Pruebas SST/Reporte_de_accidente_de_trabajo/span_Causas Bsicas' is clicked on

2023-03-09 13:07:47 - [MESSAGE][PASSED] - Object: 'Object Repository/2-OBJECTS TAREAS SECUNDARIAS/Pruebas SST/Reporte_de_accidente_de_trabajo/span_Causas Bsicas' is clicked on

2023-03-09 13:07:47 - [TEST_STEP][PASSED] - click(findTestObject("2-OBJECTS TAREAS SECUNDARIAS/Pruebas SST/Reporte_de_accidente_de_trabajo/span_Eliminar")): Object: 'Object Repository/2-OBJECTS TAREAS SECUNDARIAS/Pruebas SST/Reporte_de_accidente_de_trabajo/span_Eliminar' is clicked on

2023-03-09 13:07:48 - [MESSAGE][PASSED] - Object: 'Object Repository/2-OBJECTS TAREAS SECUNDARIAS/Pruebas SST/Reporte_de_accidente_de_trabajo/span_Eliminar' is clicked on

2023-03-09 13:07:48 - [TEST_STEP][PASSED] - click(findTestObject("2-OBJECTS TAREAS SECUNDARIAS/Pruebas SST/Reporte_de_accidente_de_trabajo/a_Aceptar_Eliminar_causaInve")): Object: 'Object Repository/2-OBJECTS TAREAS SECUNDARIAS/Pruebas SST/Reporte_de_accidente_de_trabajo/a_Aceptar_Eliminar_causaInve' is clicked on

2023-03-09 13:07:48 - [MESSAGE][PASSED] - Object: 'Object Repository/2-OBJECTS TAREAS SECUNDARIAS/Pruebas SST/Reporte_de_accidente_de_trabajo/a_Aceptar_Eliminar_causaInve' is clicked on

2023-03-09 13:07:48 - [TEST_STEP][PASSED] - click(findTestObject("2-OBJECTS TAREAS SECUNDARIAS/Pruebas SST/Reporte_de_accidente_de_trabajo/a_Anlisis Causal")): Object: 'Object Repository/2-OBJECTS TAREAS SECUNDARIAS/Pruebas SST/Reporte_de_accidente_de_trabajo/a_Anlisis Causal' is clicked on

2023-03-09 13:07:49 - [MESSAGE][PASSED] - Object: 'Object Repository/2-OBJECTS TAREAS SECUNDARIAS/Pruebas SST/Reporte_de_accidente_de_trabajo/a_Anlisis Causal' is clicked on

2023-03-09 13:07:49 - [TEST_STEP][PASSED] - if (waitForElementVisible(findTestObject("2-OBJECTS TAREAS SECUNDARIAS/Pruebas SST/Reporte_de_accidente_de_trabajo/a_Anexos"), 1)): null

2023-03-09 13:07:50 - [MESSAGE][PASSED] - Object 'Object Repository/2-OBJECTS TAREAS SECUNDARIAS/Pruebas SST/Reporte_de_accidente_de_trabajo/a_Anexos' is visible

2023-03-09 13:07:50 - [TEST_STEP][PASSED] - click(findTestObject("2-OBJECTS TAREAS SECUNDARIAS/Pruebas SST/Reporte_de_accidente_de_trabajo/a_Anexos")): Object: 'Object Repository/2-OBJECTS TAREAS SECUNDARIAS/Pruebas SST/Reporte_de_accidente_de_trabajo/a_Anexos' is clicked on

2023-03-09 13:07:50 - [MESSAGE][PASSED] - Object: 'Object Repository/2-OBJECTS TAREAS SECUNDARIAS/Pruebas SST/Reporte_de_accidente_de_trabajo/a_Anexos' is clicked on

2023-03-09 13:07:50 - [TEST_STEP][PASSED] - if (waitForElementVisible(findTestObject("2-OBJECTS TAREAS SECUNDARIAS/Pruebas SST/Reporte_de_accidente_de_trabajo/a_prueba.pdf_j_idt1841tabInvestigacionAccidentadotablaAnexos0j_idt2142"), 1)): Web element with id: 'Object Repository/2-OBJECTS TAREAS SECUNDARIAS/Pruebas SST/Reporte_de_accidente_de_trabajo/a_prueba.pdf_j_idt1841tabInvestigacionAccidentadotablaAnexos0j_idt2142' located by '//tbody/tr/td[4]/a' not found

2023-03-09 13:07:53 - [MESSAGE][INFO] - Unable to find the element located by 'By.xpath: //tbody/tr/td[4]/a'. Please recheck the objects properties to make sure the desired element is located. 

2023-03-09 13:07:53 - [MESSAGE][WARNING] - Web element with id: 'Object Repository/2-OBJECTS TAREAS SECUNDARIAS/Pruebas SST/Reporte_de_accidente_de_trabajo/a_prueba.pdf_j_idt1841tabInvestigacionAccidentadotablaAnexos0j_idt2142' located by '//tbody/tr/td[4]/a' not found

2023-03-09 13:07:53 - [TEST_STEP][PASSED] - click(findTestObject("2-OBJECTS TAREAS SECUNDARIAS/Pruebas SST/Reporte_de_accidente_de_trabajo/a_Anlisis Causal")): Object: 'Object Repository/2-OBJECTS TAREAS SECUNDARIAS/Pruebas SST/Reporte_de_accidente_de_trabajo/a_Anlisis Causal' is clicked on

2023-03-09 13:07:53 - [MESSAGE][PASSED] - Object: 'Object Repository/2-OBJECTS TAREAS SECUNDARIAS/Pruebas SST/Reporte_de_accidente_de_trabajo/a_Anlisis Causal' is clicked on

2023-03-09 13:07:53 - [TEST_STEP][PASSED] - if (waitForElementVisible(findTestObject("2-OBJECTS TAREAS SECUNDARIAS/Pruebas SST/Reporte_de_accidente_de_trabajo/td_Metodologa 1"), 1)): null

2023-03-09 13:07:53 - [MESSAGE][PASSED] - Object 'Object Repository/2-OBJECTS TAREAS SECUNDARIAS/Pruebas SST/Reporte_de_accidente_de_trabajo/td_Metodologa 1' is visible

2023-03-09 13:07:53 - [TEST_STEP][PASSED] - click(findTestObject("2-OBJECTS TAREAS SECUNDARIAS/Pruebas SST/Reporte_de_accidente_de_trabajo/td_Metodologa 1")): Object: 'Object Repository/2-OBJECTS TAREAS SECUNDARIAS/Pruebas SST/Reporte_de_accidente_de_trabajo/td_Metodologa 1' is clicked on

2023-03-09 13:07:54 - [MESSAGE][PASSED] - Object: 'Object Repository/2-OBJECTS TAREAS SECUNDARIAS/Pruebas SST/Reporte_de_accidente_de_trabajo/td_Metodologa 1' is clicked on

2023-03-09 13:07:54 - [TEST_STEP][PASSED] - element = findWebElement(findTestObject("2-OBJECTS TAREAS SECUNDARIAS/Pruebas SST/Reporte_de_accidente_de_trabajo/a_EliminarNv2"), 30): null

2023-03-09 13:07:54 - [TEST_STEP][PASSED] - executeJavaScript("arguments[0].click()", Arrays.asList(element)): Execute JavaScript 'arguments[0].click()' successfully

2023-03-09 13:07:55 - [MESSAGE][PASSED] - Execute JavaScript 'arguments[0].click()' successfully

2023-03-09 13:07:55 - [TEST_STEP][PASSED] - click(findTestObject("2-OBJECTS TAREAS SECUNDARIAS/Pruebas SST/Reporte_de_accidente_de_trabajo/a_Aceptar_Eliminar_causal")): Object: 'Object Repository/2-OBJECTS TAREAS SECUNDARIAS/Pruebas SST/Reporte_de_accidente_de_trabajo/a_Aceptar_Eliminar_causal' is clicked on

2023-03-09 13:07:55 - [MESSAGE][PASSED] - Object: 'Object Repository/2-OBJECTS TAREAS SECUNDARIAS/Pruebas SST/Reporte_de_accidente_de_trabajo/a_Aceptar_Eliminar_causal' is clicked on

2023-03-09 13:07:55 - [TEST_STEP][PASSED] - click(findTestObject("2-OBJECTS TAREAS SECUNDARIAS/Pruebas SST/Reporte_de_accidente_de_trabajo/a_Datos de Investigacin Accidentado")): Object: 'Object Repository/2-OBJECTS TAREAS SECUNDARIAS/Pruebas SST/Reporte_de_accidente_de_trabajo/a_Datos de Investigacin Accidentado' is clicked on

2023-03-09 13:07:56 - [MESSAGE][PASSED] - Object: 'Object Repository/2-OBJECTS TAREAS SECUNDARIAS/Pruebas SST/Reporte_de_accidente_de_trabajo/a_Datos de Investigacin Accidentado' is clicked on

2023-03-09 13:07:56 - [TEST_STEP][PASSED] - click(findTestObject("2-OBJECTS TAREAS SECUNDARIAS/Pruebas SST/Reporte_de_accidente_de_trabajo/a_Eliminar")): Object: 'Object Repository/2-OBJECTS TAREAS SECUNDARIAS/Pruebas SST/Reporte_de_accidente_de_trabajo/a_Eliminar' is clicked on

2023-03-09 13:07:57 - [MESSAGE][PASSED] - Object: 'Object Repository/2-OBJECTS TAREAS SECUNDARIAS/Pruebas SST/Reporte_de_accidente_de_trabajo/a_Eliminar' is clicked on

2023-03-09 13:07:57 - [TEST_STEP][PASSED] - click(findTestObject("2-OBJECTS TAREAS SECUNDARIAS/Pruebas SST/Reporte_de_accidente_de_trabajo/a_Aceptar_eliminar datos investigacion")): Object: 'Object Repository/2-OBJECTS TAREAS SECUNDARIAS/Pruebas SST/Reporte_de_accidente_de_trabajo/a_Aceptar_eliminar datos investigacion' is clicked on

2023-03-09 13:07:57 - [MESSAGE][PASSED] - Object: 'Object Repository/2-OBJECTS TAREAS SECUNDARIAS/Pruebas SST/Reporte_de_accidente_de_trabajo/a_Aceptar_eliminar datos investigacion' is clicked on

2023-03-09 13:07:57 - [TEST_STEP][PASSED] - click(findTestObject("2-OBJECTS TAREAS SECUNDARIAS/Pruebas SST/Reporte_de_accidente_de_trabajo/a_Datos Bsicos")): Object: 'Object Repository/2-OBJECTS TAREAS SECUNDARIAS/Pruebas SST/Reporte_de_accidente_de_trabajo/a_Datos Bsicos' is clicked on

2023-03-09 13:07:58 - [MESSAGE][PASSED] - Object: 'Object Repository/2-OBJECTS TAREAS SECUNDARIAS/Pruebas SST/Reporte_de_accidente_de_trabajo/a_Datos Bsicos' is clicked on

2023-03-09 13:07:58 - [TEST_STEP][PASSED] - click(findTestObject("2-OBJECTS TAREAS SECUNDARIAS/Pruebas SST/Reporte_de_accidente_de_trabajo/a_Eliminar2")): Object: 'Object Repository/2-OBJECTS TAREAS SECUNDARIAS/Pruebas SST/Reporte_de_accidente_de_trabajo/a_Eliminar2' is clicked on

2023-03-09 13:07:59 - [MESSAGE][PASSED] - Object: 'Object Repository/2-OBJECTS TAREAS SECUNDARIAS/Pruebas SST/Reporte_de_accidente_de_trabajo/a_Eliminar2' is clicked on

2023-03-09 13:07:59 - [TEST_STEP][PASSED] - click(findTestObject("2-OBJECTS TAREAS SECUNDARIAS/Pruebas SST/Reporte_de_accidente_de_trabajo/a_Aceptar_Eliminar2")): Object: 'Object Repository/2-OBJECTS TAREAS SECUNDARIAS/Pruebas SST/Reporte_de_accidente_de_trabajo/a_Aceptar_Eliminar2' is clicked on

2023-03-09 13:08:00 - [MESSAGE][PASSED] - Object: 'Object Repository/2-OBJECTS TAREAS SECUNDARIAS/Pruebas SST/Reporte_de_accidente_de_trabajo/a_Aceptar_Eliminar2' is clicked on

2023-03-09 13:08:00 - [TEST_STEP][PASSED] - click(findTestObject("2-OBJECTS TAREAS SECUNDARIAS/Pruebas SST/Reporte_de_accidente_de_trabajo/a_Accidente")): Object: 'Object Repository/2-OBJECTS TAREAS SECUNDARIAS/Pruebas SST/Reporte_de_accidente_de_trabajo/a_Accidente' is clicked on

2023-03-09 13:08:00 - [MESSAGE][PASSED] - Object: 'Object Repository/2-OBJECTS TAREAS SECUNDARIAS/Pruebas SST/Reporte_de_accidente_de_trabajo/a_Accidente' is clicked on

2023-03-09 13:08:00 - [TEST_STEP][PASSED] - click(findTestObject("2-OBJECTS TAREAS SECUNDARIAS/Pruebas SST/Reporte_de_accidente_de_trabajo/a_Eliminar_3")): Object: 'Object Repository/2-OBJECTS TAREAS SECUNDARIAS/Pruebas SST/Reporte_de_accidente_de_trabajo/a_Eliminar_3' is clicked on

2023-03-09 13:08:01 - [MESSAGE][PASSED] - Object: 'Object Repository/2-OBJECTS TAREAS SECUNDARIAS/Pruebas SST/Reporte_de_accidente_de_trabajo/a_Eliminar_3' is clicked on

2023-03-09 13:08:01 - [TEST_STEP][PASSED] - click(findTestObject("2-OBJECTS TAREAS SECUNDARIAS/Pruebas SST/Reporte_de_accidente_de_trabajo/a_Aceptar_Eliminar3")): Object: 'Object Repository/2-OBJECTS TAREAS SECUNDARIAS/Pruebas SST/Reporte_de_accidente_de_trabajo/a_Aceptar_Eliminar3' is clicked on

2023-03-09 13:08:02 - [MESSAGE][PASSED] - Object: 'Object Repository/2-OBJECTS TAREAS SECUNDARIAS/Pruebas SST/Reporte_de_accidente_de_trabajo/a_Aceptar_Eliminar3' is clicked on

2023-03-09 13:08:02 - [TEST_STEP][PASSED] - click(findTestObject("2-OBJECTS TAREAS SECUNDARIAS/Pruebas SST/Reporte_de_accidente_de_trabajo/a_Nuevo")): Object: 'Object Repository/2-OBJECTS TAREAS SECUNDARIAS/Pruebas SST/Reporte_de_accidente_de_trabajo/a_Nuevo' is clicked on

2023-03-09 13:08:03 - [MESSAGE][PASSED] - Object: 'Object Repository/2-OBJECTS TAREAS SECUNDARIAS/Pruebas SST/Reporte_de_accidente_de_trabajo/a_Nuevo' is clicked on

2023-03-09 13:08:03 - [TEST_STEP][PASSED] - selectOptionByIndex(findTestObject("2-OBJECTS TAREAS SECUNDARIAS/Pruebas SST/Reporte_de_accidente_de_trabajo/select_-- Seleccin --GrupalIndividual"), 1): All options with index in [1] are selected on object 'Object Repository/2-OBJECTS TAREAS SECUNDARIAS/Pruebas SST/Reporte_de_accidente_de_trabajo/select_-- Seleccin --GrupalIndividual'

2023-03-09 13:08:04 - [MESSAGE][PASSED] - All options with index in [1] are selected on object 'Object Repository/2-OBJECTS TAREAS SECUNDARIAS/Pruebas SST/Reporte_de_accidente_de_trabajo/select_-- Seleccin --GrupalIndividual'

2023-03-09 13:08:04 - [TEST_STEP][PASSED] - click(findTestObject("2-OBJECTS TAREAS SECUNDARIAS/Pruebas SST/Reporte_de_accidente_de_trabajo/a_Continuar")): Object: 'Object Repository/2-OBJECTS TAREAS SECUNDARIAS/Pruebas SST/Reporte_de_accidente_de_trabajo/a_Continuar' is clicked on

2023-03-09 13:08:05 - [MESSAGE][PASSED] - Object: 'Object Repository/2-OBJECTS TAREAS SECUNDARIAS/Pruebas SST/Reporte_de_accidente_de_trabajo/a_Continuar' is clicked on

2023-03-09 13:08:05 - [TEST_STEP][PASSED] - click(findTestObject("2-OBJECTS TAREAS SECUNDARIAS/Pruebas SST/Reporte_de_accidente_de_trabajo/a_Accidente")): Object: 'Object Repository/2-OBJECTS TAREAS SECUNDARIAS/Pruebas SST/Reporte_de_accidente_de_trabajo/a_Accidente' is clicked on

2023-03-09 13:08:05 - [MESSAGE][PASSED] - Object: 'Object Repository/2-OBJECTS TAREAS SECUNDARIAS/Pruebas SST/Reporte_de_accidente_de_trabajo/a_Accidente' is clicked on

2023-03-09 13:08:05 - [TEST_STEP][PASSED] - selectOptionByIndex(findTestObject("2-OBJECTS TAREAS SECUNDARIAS/Pruebas SST/Reporte_de_accidente_de_trabajo/select_-- SELECCIONAR --"), 1): All options with index in [1] are selected on object 'Object Repository/2-OBJECTS TAREAS SECUNDARIAS/Pruebas SST/Reporte_de_accidente_de_trabajo/select_-- SELECCIONAR --'

2023-03-09 13:08:07 - [MESSAGE][PASSED] - All options with index in [1] are selected on object 'Object Repository/2-OBJECTS TAREAS SECUNDARIAS/Pruebas SST/Reporte_de_accidente_de_trabajo/select_-- SELECCIONAR --'

2023-03-09 13:08:07 - [TEST_STEP][PASSED] - selectOptionByIndex(findTestObject("2-OBJECTS TAREAS SECUNDARIAS/Pruebas SST/Reporte_de_accidente_de_trabajo/select_-- SELECCIONAR --desFAMILIAR Tipo AccidenteLABORALPERSONAL"), 3): All options with index in [3] are selected on object 'Object Repository/2-OBJECTS TAREAS SECUNDARIAS/Pruebas SST/Reporte_de_accidente_de_trabajo/select_-- SELECCIONAR --desFAMILIAR Tipo AccidenteLABORALPERSONAL'

2023-03-09 13:08:08 - [MESSAGE][PASSED] - All options with index in [3] are selected on object 'Object Repository/2-OBJECTS TAREAS SECUNDARIAS/Pruebas SST/Reporte_de_accidente_de_trabajo/select_-- SELECCIONAR --desFAMILIAR Tipo AccidenteLABORALPERSONAL'

2023-03-09 13:08:08 - [TEST_STEP][PASSED] - click(findTestObject("2-OBJECTS TAREAS SECUNDARIAS/Pruebas SST/Reporte_de_accidente_de_trabajo/label_Si")): Object: 'Object Repository/2-OBJECTS TAREAS SECUNDARIAS/Pruebas SST/Reporte_de_accidente_de_trabajo/label_Si' is clicked on

2023-03-09 13:08:08 - [MESSAGE][PASSED] - Object: 'Object Repository/2-OBJECTS TAREAS SECUNDARIAS/Pruebas SST/Reporte_de_accidente_de_trabajo/label_Si' is clicked on

2023-03-09 13:08:08 - [TEST_STEP][PASSED] - click(findTestObject("2-OBJECTS TAREAS SECUNDARIAS/Pruebas SST/Reporte_de_accidente_de_trabajo/label_Urbana")): Object: 'Object Repository/2-OBJECTS TAREAS SECUNDARIAS/Pruebas SST/Reporte_de_accidente_de_trabajo/label_Urbana' is clicked on

2023-03-09 13:08:09 - [MESSAGE][PASSED] - Object: 'Object Repository/2-OBJECTS TAREAS SECUNDARIAS/Pruebas SST/Reporte_de_accidente_de_trabajo/label_Urbana' is clicked on

2023-03-09 13:08:09 - [TEST_STEP][PASSED] - click(findTestObject("2-OBJECTS TAREAS SECUNDARIAS/Pruebas SST/Reporte_de_accidente_de_trabajo/a_Ubicacin Fsica_form_detalleAccidentej_idt1171")): Object: 'Object Repository/2-OBJECTS TAREAS SECUNDARIAS/Pruebas SST/Reporte_de_accidente_de_trabajo/a_Ubicacin Fsica_form_detalleAccidentej_idt1171' is clicked on

2023-03-09 13:08:09 - [MESSAGE][PASSED] - Object: 'Object Repository/2-OBJECTS TAREAS SECUNDARIAS/Pruebas SST/Reporte_de_accidente_de_trabajo/a_Ubicacin Fsica_form_detalleAccidentej_idt1171' is clicked on

2023-03-09 13:08:09 - [TEST_STEP][PASSED] - click(findTestObject("2-OBJECTS TAREAS SECUNDARIAS/Pruebas SST/Reporte_de_accidente_de_trabajo/span_Sede Suba")): Object: 'Object Repository/2-OBJECTS TAREAS SECUNDARIAS/Pruebas SST/Reporte_de_accidente_de_trabajo/span_Sede Suba' is clicked on

2023-03-09 13:08:10 - [MESSAGE][PASSED] - Object: 'Object Repository/2-OBJECTS TAREAS SECUNDARIAS/Pruebas SST/Reporte_de_accidente_de_trabajo/span_Sede Suba' is clicked on

2023-03-09 13:08:10 - [TEST_STEP][PASSED] - selectOptionByIndex(findTestObject("2-OBJECTS TAREAS SECUNDARIAS/Pruebas SST/Reporte_de_accidente_de_trabajo/select_-- SELECCIONAR --RECREATIVO O CULTURALPROPIOS DEL TRABAJODEPORTIVOTRANSITOVIOLENCIAPROVOCADOIMPRUDENCIA"), 4): All options with index in [4] are selected on object 'Object Repository/2-OBJECTS TAREAS SECUNDARIAS/Pruebas SST/Reporte_de_accidente_de_trabajo/select_-- SELECCIONAR --RECREATIVO O CULTURALPROPIOS DEL TRABAJODEPORTIVOTRANSITOVIOLENCIAPROVOCADOIMPRUDENCIA'

2023-03-09 13:08:11 - [MESSAGE][PASSED] - All options with index in [4] are selected on object 'Object Repository/2-OBJECTS TAREAS SECUNDARIAS/Pruebas SST/Reporte_de_accidente_de_trabajo/select_-- SELECCIONAR --RECREATIVO O CULTURALPROPIOS DEL TRABAJODEPORTIVOTRANSITOVIOLENCIAPROVOCADOIMPRUDENCIA'

2023-03-09 13:08:11 - [TEST_STEP][PASSED] - selectOptionByIndex(findTestObject("2-OBJECTS TAREAS SECUNDARIAS/Pruebas SST/Reporte_de_accidente_de_trabajo/select_-- SELECCIONAR --AREAS DE PRODUCCIONAREAS RECREATIVAS O DEPORTIVAS"), 9): All options with index in [9] are selected on object 'Object Repository/2-OBJECTS TAREAS SECUNDARIAS/Pruebas SST/Reporte_de_accidente_de_trabajo/select_-- SELECCIONAR --AREAS DE PRODUCCIONAREAS RECREATIVAS O DEPORTIVAS'

2023-03-09 13:08:12 - [MESSAGE][PASSED] - All options with index in [9] are selected on object 'Object Repository/2-OBJECTS TAREAS SECUNDARIAS/Pruebas SST/Reporte_de_accidente_de_trabajo/select_-- SELECCIONAR --AREAS DE PRODUCCIONAREAS RECREATIVAS O DEPORTIVAS'

2023-03-09 13:08:12 - [TEST_STEP][PASSED] - click(findTestObject("2-OBJECTS TAREAS SECUNDARIAS/Pruebas SST/Reporte_de_accidente_de_trabajo/a_Ubicacin Geogrfica Accidente_form_detalleAccidentej_idt1189")): Object: 'Object Repository/2-OBJECTS TAREAS SECUNDARIAS/Pruebas SST/Reporte_de_accidente_de_trabajo/a_Ubicacin Geogrfica Accidente_form_detalleAccidentej_idt1189' is clicked on

2023-03-09 13:08:12 - [MESSAGE][PASSED] - Object: 'Object Repository/2-OBJECTS TAREAS SECUNDARIAS/Pruebas SST/Reporte_de_accidente_de_trabajo/a_Ubicacin Geogrfica Accidente_form_detalleAccidentej_idt1189' is clicked on

2023-03-09 13:08:12 - [TEST_STEP][PASSED] - setText(findTestObject("2-OBJECTS TAREAS SECUNDARIAS/Pruebas SST/Reporte_de_accidente_de_trabajo/input_Ubicacin Geogrfica_formPopUpUbicacionj_idt1544"), "Bogotá"): Text 'Bogotá' is set on object 'Object Repository/2-OBJECTS TAREAS SECUNDARIAS/Pruebas SST/Reporte_de_accidente_de_trabajo/input_Ubicacin Geogrfica_formPopUpUbicacionj_idt1544'

2023-03-09 13:08:13 - [MESSAGE][PASSED] - Text 'Bogotá' is set on object 'Object Repository/2-OBJECTS TAREAS SECUNDARIAS/Pruebas SST/Reporte_de_accidente_de_trabajo/input_Ubicacin Geogrfica_formPopUpUbicacionj_idt1544'

2023-03-09 13:08:13 - [TEST_STEP][PASSED] - setText(findTestObject("2-OBJECTS TAREAS SECUNDARIAS/Pruebas SST/Reporte_de_accidente_de_trabajo/input_Ubicacin Geogrfica_formPopUpUbicacionj_idt1545"), "colombia"): Text 'colombia' is set on object 'Object Repository/2-OBJECTS TAREAS SECUNDARIAS/Pruebas SST/Reporte_de_accidente_de_trabajo/input_Ubicacin Geogrfica_formPopUpUbicacionj_idt1545'

2023-03-09 13:08:14 - [MESSAGE][PASSED] - Text 'colombia' is set on object 'Object Repository/2-OBJECTS TAREAS SECUNDARIAS/Pruebas SST/Reporte_de_accidente_de_trabajo/input_Ubicacin Geogrfica_formPopUpUbicacionj_idt1545'

2023-03-09 13:08:14 - [TEST_STEP][PASSED] - click(findTestObject("2-OBJECTS TAREAS SECUNDARIAS/Pruebas SST/Reporte_de_accidente_de_trabajo/td_COLO      COLOMBIA")): Object: 'Object Repository/2-OBJECTS TAREAS SECUNDARIAS/Pruebas SST/Reporte_de_accidente_de_trabajo/td_COLO      COLOMBIA' is clicked on

2023-03-09 13:08:15 - [MESSAGE][PASSED] - Object: 'Object Repository/2-OBJECTS TAREAS SECUNDARIAS/Pruebas SST/Reporte_de_accidente_de_trabajo/td_COLO      COLOMBIA' is clicked on

2023-03-09 13:08:15 - [TEST_STEP][PASSED] - click(findTestObject("2-OBJECTS TAREAS SECUNDARIAS/Pruebas SST/Reporte_de_accidente_de_trabajo/a_Persona Informa_form_detalleAccidentej_idt1196")): Object: 'Object Repository/2-OBJECTS TAREAS SECUNDARIAS/Pruebas SST/Reporte_de_accidente_de_trabajo/a_Persona Informa_form_detalleAccidentej_idt1196' is clicked on

2023-03-09 13:08:16 - [MESSAGE][PASSED] - Object: 'Object Repository/2-OBJECTS TAREAS SECUNDARIAS/Pruebas SST/Reporte_de_accidente_de_trabajo/a_Persona Informa_form_detalleAccidentej_idt1196' is clicked on

2023-03-09 13:08:16 - [TEST_STEP][PASSED] - setText(findTestObject("2-OBJECTS TAREAS SECUNDARIAS/Pruebas SST/Reporte_de_accidente_de_trabajo/input_Filtro Hoja de Vida_formPopupHojaVidaj_idt1557"), "guisell"): Text 'guisell' is set on object 'Object Repository/2-OBJECTS TAREAS SECUNDARIAS/Pruebas SST/Reporte_de_accidente_de_trabajo/input_Filtro Hoja de Vida_formPopupHojaVidaj_idt1557'

2023-03-09 13:08:17 - [MESSAGE][PASSED] - Text 'guisell' is set on object 'Object Repository/2-OBJECTS TAREAS SECUNDARIAS/Pruebas SST/Reporte_de_accidente_de_trabajo/input_Filtro Hoja de Vida_formPopupHojaVidaj_idt1557'

2023-03-09 13:08:17 - [TEST_STEP][PASSED] - sendKeys(findTestObject("2-OBJECTS TAREAS SECUNDARIAS/Pruebas SST/Reporte_de_accidente_de_trabajo/input_Filtro Hoja de Vida_formPopupHojaVidaj_idt1557"), Keys.chord(ENTER)): Keys 'ENTER + ' sent to object: 'Object Repository/2-OBJECTS TAREAS SECUNDARIAS/Pruebas SST/Reporte_de_accidente_de_trabajo/input_Filtro Hoja de Vida_formPopupHojaVidaj_idt1557'

2023-03-09 13:08:17 - [MESSAGE][PASSED] - Keys 'ENTER + ' sent to object: 'Object Repository/2-OBJECTS TAREAS SECUNDARIAS/Pruebas SST/Reporte_de_accidente_de_trabajo/input_Filtro Hoja de Vida_formPopupHojaVidaj_idt1557'

2023-03-09 13:08:17 - [TEST_STEP][PASSED] - click(findTestObject("2-OBJECTS TAREAS SECUNDARIAS/Pruebas SST/Reporte_de_accidente_de_trabajo/span_Diaz Blanco Guisell")): Object: 'Object Repository/2-OBJECTS TAREAS SECUNDARIAS/Pruebas SST/Reporte_de_accidente_de_trabajo/span_Diaz Blanco Guisell' is clicked on

2023-03-09 13:08:18 - [MESSAGE][PASSED] - Object: 'Object Repository/2-OBJECTS TAREAS SECUNDARIAS/Pruebas SST/Reporte_de_accidente_de_trabajo/span_Diaz Blanco Guisell' is clicked on

2023-03-09 13:08:18 - [TEST_STEP][PASSED] - setText(findTestObject("2-OBJECTS TAREAS SECUNDARIAS/Pruebas SST/Reporte_de_accidente_de_trabajo/textarea_Descripcin_form_detalleAccidentedescripcionAcci"), "Prueba"): Text 'Prueba' is set on object 'Object Repository/2-OBJECTS TAREAS SECUNDARIAS/Pruebas SST/Reporte_de_accidente_de_trabajo/textarea_Descripcin_form_detalleAccidentedescripcionAcci'

2023-03-09 13:08:19 - [MESSAGE][PASSED] - Text 'Prueba' is set on object 'Object Repository/2-OBJECTS TAREAS SECUNDARIAS/Pruebas SST/Reporte_de_accidente_de_trabajo/textarea_Descripcin_form_detalleAccidentedescripcionAcci'

2023-03-09 13:08:19 - [TEST_STEP][PASSED] - click(findTestObject("2-OBJECTS TAREAS SECUNDARIAS/Pruebas SST/Reporte_de_accidente_de_trabajo/a_Guardar")): Object: 'Object Repository/2-OBJECTS TAREAS SECUNDARIAS/Pruebas SST/Reporte_de_accidente_de_trabajo/a_Guardar' is clicked on

2023-03-09 13:08:19 - [MESSAGE][PASSED] - Object: 'Object Repository/2-OBJECTS TAREAS SECUNDARIAS/Pruebas SST/Reporte_de_accidente_de_trabajo/a_Guardar' is clicked on

2023-03-09 13:08:19 - [TEST_STEP][PASSED] - click(findTestObject("2-OBJECTS TAREAS SECUNDARIAS/Pruebas SST/Reporte_de_accidente_de_trabajo/a_Testigo")): Object: 'Object Repository/2-OBJECTS TAREAS SECUNDARIAS/Pruebas SST/Reporte_de_accidente_de_trabajo/a_Testigo' is clicked on

2023-03-09 13:08:20 - [MESSAGE][PASSED] - Object: 'Object Repository/2-OBJECTS TAREAS SECUNDARIAS/Pruebas SST/Reporte_de_accidente_de_trabajo/a_Testigo' is clicked on

2023-03-09 13:08:20 - [TEST_STEP][PASSED] - click(findTestObject("2-OBJECTS TAREAS SECUNDARIAS/Pruebas SST/Reporte_de_accidente_de_trabajo/a_Nuevo3")): Object: 'Object Repository/2-OBJECTS TAREAS SECUNDARIAS/Pruebas SST/Reporte_de_accidente_de_trabajo/a_Nuevo3' is clicked on

2023-03-09 13:08:21 - [MESSAGE][PASSED] - Object: 'Object Repository/2-OBJECTS TAREAS SECUNDARIAS/Pruebas SST/Reporte_de_accidente_de_trabajo/a_Nuevo3' is clicked on

2023-03-09 13:08:21 - [TEST_STEP][PASSED] - click(findTestObject("2-OBJECTS TAREAS SECUNDARIAS/Pruebas SST/Reporte_de_accidente_de_trabajo/a_Nombre Testigo_form_popupTestigoAccidentej_idt157")): Object: 'Object Repository/2-OBJECTS TAREAS SECUNDARIAS/Pruebas SST/Reporte_de_accidente_de_trabajo/a_Nombre Testigo_form_popupTestigoAccidentej_idt157' is clicked on

2023-03-09 13:08:22 - [MESSAGE][PASSED] - Object: 'Object Repository/2-OBJECTS TAREAS SECUNDARIAS/Pruebas SST/Reporte_de_accidente_de_trabajo/a_Nombre Testigo_form_popupTestigoAccidentej_idt157' is clicked on

2023-03-09 13:08:22 - [TEST_STEP][PASSED] - setText(findTestObject("2-OBJECTS TAREAS SECUNDARIAS/Pruebas SST/Reporte_de_accidente_de_trabajo/input_Filtro Hoja de Vida_formPopupHojaVidaj_idt15573"), "guisell"): Text 'guisell' is set on object 'Object Repository/2-OBJECTS TAREAS SECUNDARIAS/Pruebas SST/Reporte_de_accidente_de_trabajo/input_Filtro Hoja de Vida_formPopupHojaVidaj_idt15573'

2023-03-09 13:08:23 - [MESSAGE][PASSED] - Text 'guisell' is set on object 'Object Repository/2-OBJECTS TAREAS SECUNDARIAS/Pruebas SST/Reporte_de_accidente_de_trabajo/input_Filtro Hoja de Vida_formPopupHojaVidaj_idt15573'

2023-03-09 13:08:23 - [TEST_STEP][PASSED] - sendKeys(findTestObject("2-OBJECTS TAREAS SECUNDARIAS/Pruebas SST/Reporte_de_accidente_de_trabajo/input_Filtro Hoja de Vida_formPopupHojaVidaj_idt15573"), Keys.chord(ENTER)): Keys 'ENTER + ' sent to object: 'Object Repository/2-OBJECTS TAREAS SECUNDARIAS/Pruebas SST/Reporte_de_accidente_de_trabajo/input_Filtro Hoja de Vida_formPopupHojaVidaj_idt15573'

2023-03-09 13:08:23 - [MESSAGE][PASSED] - Keys 'ENTER + ' sent to object: 'Object Repository/2-OBJECTS TAREAS SECUNDARIAS/Pruebas SST/Reporte_de_accidente_de_trabajo/input_Filtro Hoja de Vida_formPopupHojaVidaj_idt15573'

2023-03-09 13:08:23 - [TEST_STEP][PASSED] - click(findTestObject("2-OBJECTS TAREAS SECUNDARIAS/Pruebas SST/Reporte_de_accidente_de_trabajo/span_Diaz Blanco Guisell3")): Object: 'Object Repository/2-OBJECTS TAREAS SECUNDARIAS/Pruebas SST/Reporte_de_accidente_de_trabajo/span_Diaz Blanco Guisell3' is clicked on

2023-03-09 13:08:24 - [MESSAGE][PASSED] - Object: 'Object Repository/2-OBJECTS TAREAS SECUNDARIAS/Pruebas SST/Reporte_de_accidente_de_trabajo/span_Diaz Blanco Guisell3' is clicked on

2023-03-09 13:08:24 - [TEST_STEP][PASSED] - setText(findTestObject("2-OBJECTS TAREAS SECUNDARIAS/Pruebas SST/Reporte_de_accidente_de_trabajo/input_Telfono_form_popupTestigoAccidentetelefono"), "1234567890"): Text '1234567890' is set on object 'Object Repository/2-OBJECTS TAREAS SECUNDARIAS/Pruebas SST/Reporte_de_accidente_de_trabajo/input_Telfono_form_popupTestigoAccidentetelefono'

2023-03-09 13:08:25 - [MESSAGE][PASSED] - Text '1234567890' is set on object 'Object Repository/2-OBJECTS TAREAS SECUNDARIAS/Pruebas SST/Reporte_de_accidente_de_trabajo/input_Telfono_form_popupTestigoAccidentetelefono'

2023-03-09 13:08:25 - [TEST_STEP][PASSED] - setText(findTestObject("2-OBJECTS TAREAS SECUNDARIAS/Pruebas SST/Reporte_de_accidente_de_trabajo/textarea_Versin Testigo_form_popupTestigoAccidenteversion"), "Prueba"): Text 'Prueba' is set on object 'Object Repository/2-OBJECTS TAREAS SECUNDARIAS/Pruebas SST/Reporte_de_accidente_de_trabajo/textarea_Versin Testigo_form_popupTestigoAccidenteversion'

2023-03-09 13:08:26 - [MESSAGE][PASSED] - Text 'Prueba' is set on object 'Object Repository/2-OBJECTS TAREAS SECUNDARIAS/Pruebas SST/Reporte_de_accidente_de_trabajo/textarea_Versin Testigo_form_popupTestigoAccidenteversion'

2023-03-09 13:08:26 - [TEST_STEP][PASSED] - click(findTestObject("2-OBJECTS TAREAS SECUNDARIAS/Pruebas SST/Reporte_de_accidente_de_trabajo/a_Guardar3")): Object: 'Object Repository/2-OBJECTS TAREAS SECUNDARIAS/Pruebas SST/Reporte_de_accidente_de_trabajo/a_Guardar3' is clicked on

2023-03-09 13:08:27 - [MESSAGE][PASSED] - Object: 'Object Repository/2-OBJECTS TAREAS SECUNDARIAS/Pruebas SST/Reporte_de_accidente_de_trabajo/a_Guardar3' is clicked on

2023-03-09 13:08:27 - [TEST_STEP][PASSED] - click(findTestObject("2-OBJECTS TAREAS SECUNDARIAS/Pruebas SST/Reporte_de_accidente_de_trabajo/a_Accidentado")): Object: 'Object Repository/2-OBJECTS TAREAS SECUNDARIAS/Pruebas SST/Reporte_de_accidente_de_trabajo/a_Accidentado' is clicked on

2023-03-09 13:08:27 - [MESSAGE][PASSED] - Object: 'Object Repository/2-OBJECTS TAREAS SECUNDARIAS/Pruebas SST/Reporte_de_accidente_de_trabajo/a_Accidentado' is clicked on

2023-03-09 13:08:27 - [TEST_STEP][PASSED] - click(findTestObject("2-OBJECTS TAREAS SECUNDARIAS/Pruebas SST/Reporte_de_accidente_de_trabajo/a_Nuevo2")): Object: 'Object Repository/2-OBJECTS TAREAS SECUNDARIAS/Pruebas SST/Reporte_de_accidente_de_trabajo/a_Nuevo2' is clicked on

2023-03-09 13:08:28 - [MESSAGE][PASSED] - Object: 'Object Repository/2-OBJECTS TAREAS SECUNDARIAS/Pruebas SST/Reporte_de_accidente_de_trabajo/a_Nuevo2' is clicked on

2023-03-09 13:08:28 - [TEST_STEP][PASSED] - click(findTestObject("2-OBJECTS TAREAS SECUNDARIAS/Pruebas SST/Reporte_de_accidente_de_trabajo/a_Identificacin_form_datosAccidentadoj_idt1642")): Object: 'Object Repository/2-OBJECTS TAREAS SECUNDARIAS/Pruebas SST/Reporte_de_accidente_de_trabajo/a_Identificacin_form_datosAccidentadoj_idt1642' is clicked on

2023-03-09 13:08:29 - [MESSAGE][PASSED] - Object: 'Object Repository/2-OBJECTS TAREAS SECUNDARIAS/Pruebas SST/Reporte_de_accidente_de_trabajo/a_Identificacin_form_datosAccidentadoj_idt1642' is clicked on

2023-03-09 13:08:29 - [TEST_STEP][PASSED] - setText(findTestObject("2-OBJECTS TAREAS SECUNDARIAS/Pruebas SST/Reporte_de_accidente_de_trabajo/input_Bsqueda_form_datosAccidentadoj_idt1816"), "Guisell"): Text 'Guisell' is set on object 'Object Repository/2-OBJECTS TAREAS SECUNDARIAS/Pruebas SST/Reporte_de_accidente_de_trabajo/input_Bsqueda_form_datosAccidentadoj_idt1816'

2023-03-09 13:08:30 - [MESSAGE][PASSED] - Text 'Guisell' is set on object 'Object Repository/2-OBJECTS TAREAS SECUNDARIAS/Pruebas SST/Reporte_de_accidente_de_trabajo/input_Bsqueda_form_datosAccidentadoj_idt1816'

2023-03-09 13:08:30 - [TEST_STEP][PASSED] - sendKeys(findTestObject("2-OBJECTS TAREAS SECUNDARIAS/Pruebas SST/Reporte_de_accidente_de_trabajo/input_Bsqueda_form_datosAccidentadoj_idt1816"), Keys.chord(ENTER)): Keys 'ENTER + ' sent to object: 'Object Repository/2-OBJECTS TAREAS SECUNDARIAS/Pruebas SST/Reporte_de_accidente_de_trabajo/input_Bsqueda_form_datosAccidentadoj_idt1816'

2023-03-09 13:08:30 - [MESSAGE][PASSED] - Keys 'ENTER + ' sent to object: 'Object Repository/2-OBJECTS TAREAS SECUNDARIAS/Pruebas SST/Reporte_de_accidente_de_trabajo/input_Bsqueda_form_datosAccidentadoj_idt1816'

2023-03-09 13:08:30 - [TEST_STEP][PASSED] - click(findTestObject("2-OBJECTS TAREAS SECUNDARIAS/Pruebas SST/Reporte_de_accidente_de_trabajo/span_Diaz Blanco Guisell2")): Object: 'Object Repository/2-OBJECTS TAREAS SECUNDARIAS/Pruebas SST/Reporte_de_accidente_de_trabajo/span_Diaz Blanco Guisell2' is clicked on

2023-03-09 13:08:31 - [MESSAGE][PASSED] - Object: 'Object Repository/2-OBJECTS TAREAS SECUNDARIAS/Pruebas SST/Reporte_de_accidente_de_trabajo/span_Diaz Blanco Guisell2' is clicked on

2023-03-09 13:08:31 - [TEST_STEP][PASSED] - setText(findTestObject("2-OBJECTS TAREAS SECUNDARIAS/Pruebas SST/Reporte_de_accidente_de_trabajo/input_Fecha Reporte_form_datosAccidentadoreporte_input"), "01/07/2021"): Text '01/07/2021' is set on object 'Object Repository/2-OBJECTS TAREAS SECUNDARIAS/Pruebas SST/Reporte_de_accidente_de_trabajo/input_Fecha Reporte_form_datosAccidentadoreporte_input'

2023-03-09 13:08:32 - [MESSAGE][PASSED] - Text '01/07/2021' is set on object 'Object Repository/2-OBJECTS TAREAS SECUNDARIAS/Pruebas SST/Reporte_de_accidente_de_trabajo/input_Fecha Reporte_form_datosAccidentadoreporte_input'

2023-03-09 13:08:32 - [TEST_STEP][PASSED] - setText(findTestObject("2-OBJECTS TAREAS SECUNDARIAS/Pruebas SST/Reporte_de_accidente_de_trabajo/input_Fecha Radicado_form_datosAccidentadofecharadicado_input"), "10/07/2021"): Text '10/07/2021' is set on object 'Object Repository/2-OBJECTS TAREAS SECUNDARIAS/Pruebas SST/Reporte_de_accidente_de_trabajo/input_Fecha Radicado_form_datosAccidentadofecharadicado_input'

2023-03-09 13:08:33 - [MESSAGE][PASSED] - Text '10/07/2021' is set on object 'Object Repository/2-OBJECTS TAREAS SECUNDARIAS/Pruebas SST/Reporte_de_accidente_de_trabajo/input_Fecha Radicado_form_datosAccidentadofecharadicado_input'

2023-03-09 13:08:33 - [TEST_STEP][PASSED] - sendKeys(findTestObject("2-OBJECTS TAREAS SECUNDARIAS/Pruebas SST/Reporte_de_accidente_de_trabajo/input_Fecha Radicado_form_datosAccidentadofecharadicado_input"), Keys.chord(ESCAPE)): Keys 'ESCAPE + ' sent to object: 'Object Repository/2-OBJECTS TAREAS SECUNDARIAS/Pruebas SST/Reporte_de_accidente_de_trabajo/input_Fecha Radicado_form_datosAccidentadofecharadicado_input'

2023-03-09 13:08:34 - [MESSAGE][PASSED] - Keys 'ESCAPE + ' sent to object: 'Object Repository/2-OBJECTS TAREAS SECUNDARIAS/Pruebas SST/Reporte_de_accidente_de_trabajo/input_Fecha Radicado_form_datosAccidentadofecharadicado_input'

2023-03-09 13:08:34 - [TEST_STEP][PASSED] - selectOptionByIndex(findTestObject("2-OBJECTS TAREAS SECUNDARIAS/Pruebas SST/Reporte_de_accidente_de_trabajo/select_-- SELECCIONAR --COOPERADOESTUDIANTE O APRENDIZINDEPENDIENTEMISIONPLANTA"), 5): All options with index in [5] are selected on object 'Object Repository/2-OBJECTS TAREAS SECUNDARIAS/Pruebas SST/Reporte_de_accidente_de_trabajo/select_-- SELECCIONAR --COOPERADOESTUDIANTE O APRENDIZINDEPENDIENTEMISIONPLANTA'

2023-03-09 13:08:35 - [MESSAGE][PASSED] - All options with index in [5] are selected on object 'Object Repository/2-OBJECTS TAREAS SECUNDARIAS/Pruebas SST/Reporte_de_accidente_de_trabajo/select_-- SELECCIONAR --COOPERADOESTUDIANTE O APRENDIZINDEPENDIENTEMISIONPLANTA'

2023-03-09 13:08:35 - [TEST_STEP][PASSED] - selectOptionByIndex(findTestObject("2-OBJECTS TAREAS SECUNDARIAS/Pruebas SST/Reporte_de_accidente_de_trabajo/select_-- SELECCIONAR --AREAS DE RIESGOAREAS SIN RIESGOPRUEBA SILVIA"), 4): All options with index in [4] are selected on object 'Object Repository/2-OBJECTS TAREAS SECUNDARIAS/Pruebas SST/Reporte_de_accidente_de_trabajo/select_-- SELECCIONAR --AREAS DE RIESGOAREAS SIN RIESGOPRUEBA SILVIA'

2023-03-09 13:08:36 - [MESSAGE][PASSED] - All options with index in [4] are selected on object 'Object Repository/2-OBJECTS TAREAS SECUNDARIAS/Pruebas SST/Reporte_de_accidente_de_trabajo/select_-- SELECCIONAR --AREAS DE RIESGOAREAS SIN RIESGOPRUEBA SILVIA'

2023-03-09 13:08:36 - [TEST_STEP][PASSED] - selectOptionByIndex(findTestObject("2-OBJECTS TAREAS SECUNDARIAS/Pruebas SST/Reporte_de_accidente_de_trabajo/select_-- SELECCIONAR ---"), 1): All options with index in [1] are selected on object 'Object Repository/2-OBJECTS TAREAS SECUNDARIAS/Pruebas SST/Reporte_de_accidente_de_trabajo/select_-- SELECCIONAR ---'

2023-03-09 13:08:37 - [MESSAGE][PASSED] - All options with index in [1] are selected on object 'Object Repository/2-OBJECTS TAREAS SECUNDARIAS/Pruebas SST/Reporte_de_accidente_de_trabajo/select_-- SELECCIONAR ---'

2023-03-09 13:08:37 - [TEST_STEP][PASSED] - selectOptionByIndex(findTestObject("2-OBJECTS TAREAS SECUNDARIAS/Pruebas SST/Reporte_de_accidente_de_trabajo/select_-- SELECCIONAR --AGENTES  NO CLASIFICADOSAMBIENTES DE TRABAJO(SUPERFICIES DE TRANSITO Y TRABAJO"), 2): All options with index in [2] are selected on object 'Object Repository/2-OBJECTS TAREAS SECUNDARIAS/Pruebas SST/Reporte_de_accidente_de_trabajo/select_-- SELECCIONAR --AGENTES  NO CLASIFICADOSAMBIENTES DE TRABAJO(SUPERFICIES DE TRANSITO Y TRABAJO'

2023-03-09 13:08:39 - [MESSAGE][PASSED] - All options with index in [2] are selected on object 'Object Repository/2-OBJECTS TAREAS SECUNDARIAS/Pruebas SST/Reporte_de_accidente_de_trabajo/select_-- SELECCIONAR --AGENTES  NO CLASIFICADOSAMBIENTES DE TRABAJO(SUPERFICIES DE TRANSITO Y TRABAJO'

2023-03-09 13:08:39 - [TEST_STEP][PASSED] - click(findTestObject("2-OBJECTS TAREAS SECUNDARIAS/Pruebas SST/Reporte_de_accidente_de_trabajo/label_Si2")): Object: 'Object Repository/2-OBJECTS TAREAS SECUNDARIAS/Pruebas SST/Reporte_de_accidente_de_trabajo/label_Si2' is clicked on

2023-03-09 13:08:39 - [MESSAGE][PASSED] - Object: 'Object Repository/2-OBJECTS TAREAS SECUNDARIAS/Pruebas SST/Reporte_de_accidente_de_trabajo/label_Si2' is clicked on

2023-03-09 13:08:39 - [TEST_STEP][PASSED] - selectOptionByIndex(findTestObject("2-OBJECTS TAREAS SECUNDARIAS/Pruebas SST/Reporte_de_accidente_de_trabajo/select_-- SELECCIONAR --Lesin GraveLesin MedianaLesin Mnima"), 3): All options with index in [3] are selected on object 'Object Repository/2-OBJECTS TAREAS SECUNDARIAS/Pruebas SST/Reporte_de_accidente_de_trabajo/select_-- SELECCIONAR --Lesin GraveLesin MedianaLesin Mnima'

2023-03-09 13:08:40 - [MESSAGE][PASSED] - All options with index in [3] are selected on object 'Object Repository/2-OBJECTS TAREAS SECUNDARIAS/Pruebas SST/Reporte_de_accidente_de_trabajo/select_-- SELECCIONAR --Lesin GraveLesin MedianaLesin Mnima'

2023-03-09 13:08:40 - [TEST_STEP][PASSED] - selectOptionByIndex(findTestObject("2-OBJECTS TAREAS SECUNDARIAS/Pruebas SST/Reporte_de_accidente_de_trabajo/select_-- SELECCIONAR --DIURNAMIXTANOCTURNAPOR TURNOS"), 1): All options with index in [1] are selected on object 'Object Repository/2-OBJECTS TAREAS SECUNDARIAS/Pruebas SST/Reporte_de_accidente_de_trabajo/select_-- SELECCIONAR --DIURNAMIXTANOCTURNAPOR TURNOS'

2023-03-09 13:08:41 - [MESSAGE][PASSED] - All options with index in [1] are selected on object 'Object Repository/2-OBJECTS TAREAS SECUNDARIAS/Pruebas SST/Reporte_de_accidente_de_trabajo/select_-- SELECCIONAR --DIURNAMIXTANOCTURNAPOR TURNOS'

2023-03-09 13:08:41 - [TEST_STEP][PASSED] - selectOptionByIndex(findTestObject("2-OBJECTS TAREAS SECUNDARIAS/Pruebas SST/Reporte_de_accidente_de_trabajo/select_--SELECCIONAR --idad y Salud en el Trabajo"), 1): All options with index in [1] are selected on object 'Object Repository/2-OBJECTS TAREAS SECUNDARIAS/Pruebas SST/Reporte_de_accidente_de_trabajo/select_--SELECCIONAR --idad y Salud en el Trabajo'

2023-03-09 13:08:42 - [MESSAGE][PASSED] - All options with index in [1] are selected on object 'Object Repository/2-OBJECTS TAREAS SECUNDARIAS/Pruebas SST/Reporte_de_accidente_de_trabajo/select_--SELECCIONAR --idad y Salud en el Trabajo'

2023-03-09 13:08:42 - [TEST_STEP][PASSED] - check(findTestObject("2-OBJECTS TAREAS SECUNDARIAS/Pruebas SST/Reporte_de_accidente_de_trabajo/label_No")): Object 'Object Repository/2-OBJECTS TAREAS SECUNDARIAS/Pruebas SST/Reporte_de_accidente_de_trabajo/label_No' is checked

2023-03-09 13:08:43 - [MESSAGE][PASSED] - Object 'Object Repository/2-OBJECTS TAREAS SECUNDARIAS/Pruebas SST/Reporte_de_accidente_de_trabajo/label_No' is checked

2023-03-09 13:08:43 - [TEST_STEP][PASSED] - click(findTestObject("2-OBJECTS TAREAS SECUNDARIAS/Pruebas SST/Reporte_de_accidente_de_trabajo/a_Guardar2")): Object: 'Object Repository/2-OBJECTS TAREAS SECUNDARIAS/Pruebas SST/Reporte_de_accidente_de_trabajo/a_Guardar2' is clicked on

2023-03-09 13:08:44 - [MESSAGE][PASSED] - Object: 'Object Repository/2-OBJECTS TAREAS SECUNDARIAS/Pruebas SST/Reporte_de_accidente_de_trabajo/a_Guardar2' is clicked on

2023-03-09 13:08:44 - [TEST_STEP][PASSED] - click(findTestObject("2-OBJECTS TAREAS SECUNDARIAS/Pruebas SST/Reporte_de_accidente_de_trabajo/a_Recomendaciones")): Object: 'Object Repository/2-OBJECTS TAREAS SECUNDARIAS/Pruebas SST/Reporte_de_accidente_de_trabajo/a_Recomendaciones' is clicked on

2023-03-09 13:08:45 - [MESSAGE][PASSED] - Object: 'Object Repository/2-OBJECTS TAREAS SECUNDARIAS/Pruebas SST/Reporte_de_accidente_de_trabajo/a_Recomendaciones' is clicked on

2023-03-09 13:08:45 - [TEST_STEP][PASSED] - click(findTestObject("2-OBJECTS TAREAS SECUNDARIAS/Pruebas SST/Reporte_de_accidente_de_trabajo/a_Nuevo4")): Object: 'Object Repository/2-OBJECTS TAREAS SECUNDARIAS/Pruebas SST/Reporte_de_accidente_de_trabajo/a_Nuevo4' is clicked on

2023-03-09 13:08:46 - [MESSAGE][PASSED] - Object: 'Object Repository/2-OBJECTS TAREAS SECUNDARIAS/Pruebas SST/Reporte_de_accidente_de_trabajo/a_Nuevo4' is clicked on

2023-03-09 13:08:46 - [TEST_STEP][PASSED] - selectOptionByIndex(findTestObject("2-OBJECTS TAREAS SECUNDARIAS/Pruebas SST/Reporte_de_accidente_de_trabajo/select_ActivoCanceladoCumplidoNo Cumplido"), 0): All options with index in [0] are selected on object 'Object Repository/2-OBJECTS TAREAS SECUNDARIAS/Pruebas SST/Reporte_de_accidente_de_trabajo/select_ActivoCanceladoCumplidoNo Cumplido'

2023-03-09 13:08:47 - [MESSAGE][PASSED] - All options with index in [0] are selected on object 'Object Repository/2-OBJECTS TAREAS SECUNDARIAS/Pruebas SST/Reporte_de_accidente_de_trabajo/select_ActivoCanceladoCumplidoNo Cumplido'

2023-03-09 13:08:47 - [TEST_STEP][PASSED] - selectOptionByIndex(findTestObject("2-OBJECTS TAREAS SECUNDARIAS/Pruebas SST/Reporte_de_accidente_de_trabajo/select_-- SELECCIONAR --Camine con PrecaucinCapacitacinTrate de no correr"), 1): All options with index in [1] are selected on object 'Object Repository/2-OBJECTS TAREAS SECUNDARIAS/Pruebas SST/Reporte_de_accidente_de_trabajo/select_-- SELECCIONAR --Camine con PrecaucinCapacitacinTrate de no correr'

2023-03-09 13:08:48 - [MESSAGE][PASSED] - All options with index in [1] are selected on object 'Object Repository/2-OBJECTS TAREAS SECUNDARIAS/Pruebas SST/Reporte_de_accidente_de_trabajo/select_-- SELECCIONAR --Camine con PrecaucinCapacitacinTrate de no correr'

2023-03-09 13:08:48 - [TEST_STEP][PASSED] - selectOptionByIndex(findTestObject("2-OBJECTS TAREAS SECUNDARIAS/Pruebas SST/Reporte_de_accidente_de_trabajo/select_-- SELECCIONAR --Recomendacin Atep 2Recomendacin Atep 1"), 1): All options with index in [1] are selected on object 'Object Repository/2-OBJECTS TAREAS SECUNDARIAS/Pruebas SST/Reporte_de_accidente_de_trabajo/select_-- SELECCIONAR --Recomendacin Atep 2Recomendacin Atep 1'

2023-03-09 13:08:49 - [MESSAGE][PASSED] - All options with index in [1] are selected on object 'Object Repository/2-OBJECTS TAREAS SECUNDARIAS/Pruebas SST/Reporte_de_accidente_de_trabajo/select_-- SELECCIONAR --Recomendacin Atep 2Recomendacin Atep 1'

2023-03-09 13:08:49 - [TEST_STEP][PASSED] - click(findTestObject("2-OBJECTS TAREAS SECUNDARIAS/Pruebas SST/Reporte_de_accidente_de_trabajo/a_Responsable Recomendaciones_form_popupSeguimientotabRecomendacionj_idt200")): Object: 'Object Repository/2-OBJECTS TAREAS SECUNDARIAS/Pruebas SST/Reporte_de_accidente_de_trabajo/a_Responsable Recomendaciones_form_popupSeguimientotabRecomendacionj_idt200' is clicked on

2023-03-09 13:08:50 - [MESSAGE][PASSED] - Object: 'Object Repository/2-OBJECTS TAREAS SECUNDARIAS/Pruebas SST/Reporte_de_accidente_de_trabajo/a_Responsable Recomendaciones_form_popupSeguimientotabRecomendacionj_idt200' is clicked on

2023-03-09 13:08:50 - [TEST_STEP][PASSED] - setText(findTestObject("2-OBJECTS TAREAS SECUNDARIAS/Pruebas SST/Reporte_de_accidente_de_trabajo/input_Filtro Hoja de Vida_formPopupHojaVidaj_idt15574"), "Guisell"): Text 'Guisell' is set on object 'Object Repository/2-OBJECTS TAREAS SECUNDARIAS/Pruebas SST/Reporte_de_accidente_de_trabajo/input_Filtro Hoja de Vida_formPopupHojaVidaj_idt15574'

2023-03-09 13:08:51 - [MESSAGE][PASSED] - Text 'Guisell' is set on object 'Object Repository/2-OBJECTS TAREAS SECUNDARIAS/Pruebas SST/Reporte_de_accidente_de_trabajo/input_Filtro Hoja de Vida_formPopupHojaVidaj_idt15574'

2023-03-09 13:08:51 - [TEST_STEP][PASSED] - sendKeys(findTestObject("2-OBJECTS TAREAS SECUNDARIAS/Pruebas SST/Reporte_de_accidente_de_trabajo/input_Filtro Hoja de Vida_formPopupHojaVidaj_idt15574"), Keys.chord(ENTER)): Keys 'ENTER + ' sent to object: 'Object Repository/2-OBJECTS TAREAS SECUNDARIAS/Pruebas SST/Reporte_de_accidente_de_trabajo/input_Filtro Hoja de Vida_formPopupHojaVidaj_idt15574'

2023-03-09 13:08:51 - [MESSAGE][PASSED] - Keys 'ENTER + ' sent to object: 'Object Repository/2-OBJECTS TAREAS SECUNDARIAS/Pruebas SST/Reporte_de_accidente_de_trabajo/input_Filtro Hoja de Vida_formPopupHojaVidaj_idt15574'

2023-03-09 13:08:51 - [TEST_STEP][PASSED] - click(findTestObject("2-OBJECTS TAREAS SECUNDARIAS/Pruebas SST/Reporte_de_accidente_de_trabajo/span_Diaz Blanco Guisell4")): Object: 'Object Repository/2-OBJECTS TAREAS SECUNDARIAS/Pruebas SST/Reporte_de_accidente_de_trabajo/span_Diaz Blanco Guisell4' is clicked on

2023-03-09 13:08:52 - [MESSAGE][PASSED] - Object: 'Object Repository/2-OBJECTS TAREAS SECUNDARIAS/Pruebas SST/Reporte_de_accidente_de_trabajo/span_Diaz Blanco Guisell4' is clicked on

2023-03-09 13:08:52 - [TEST_STEP][PASSED] - setText(findTestObject("2-OBJECTS TAREAS SECUNDARIAS/Pruebas SST/Reporte_de_accidente_de_trabajo/textarea_Observacin_form_popupSeguimientotabRecomendacionobservacion"), "PRUEBA"): Text 'PRUEBA' is set on object 'Object Repository/2-OBJECTS TAREAS SECUNDARIAS/Pruebas SST/Reporte_de_accidente_de_trabajo/textarea_Observacin_form_popupSeguimientotabRecomendacionobservacion'

2023-03-09 13:08:53 - [MESSAGE][PASSED] - Text 'PRUEBA' is set on object 'Object Repository/2-OBJECTS TAREAS SECUNDARIAS/Pruebas SST/Reporte_de_accidente_de_trabajo/textarea_Observacin_form_popupSeguimientotabRecomendacionobservacion'

2023-03-09 13:08:53 - [TEST_STEP][PASSED] - click(findTestObject("2-OBJECTS TAREAS SECUNDARIAS/Pruebas SST/Reporte_de_accidente_de_trabajo/a_Guardar4")): Object: 'Object Repository/2-OBJECTS TAREAS SECUNDARIAS/Pruebas SST/Reporte_de_accidente_de_trabajo/a_Guardar4' is clicked on

2023-03-09 13:08:54 - [MESSAGE][PASSED] - Object: 'Object Repository/2-OBJECTS TAREAS SECUNDARIAS/Pruebas SST/Reporte_de_accidente_de_trabajo/a_Guardar4' is clicked on

2023-03-09 13:08:54 - [TEST_STEP][PASSED] - Result = getText(findTestObject("3-OBJECTS UTILIDADES/Alerta/Alerta")): Text of object 'Object Repository/3-OBJECTS UTILIDADES/Alerta/Alerta' is: 'Registro guardado'

2023-03-09 13:08:54 - [MESSAGE][PASSED] - Text of object 'Object Repository/3-OBJECTS UTILIDADES/Alerta/Alerta' is: 'Registro guardado'

2023-03-09 13:08:54 - [TEST_STEP][PASSED] - if (Result == "Registro guardado"): null

2023-03-09 13:08:54 - [TEST_STEP][PASSED] - Resultado = "PRUEBA OK": null]]></system-out>
         <system-err><![CDATA[]]></system-err>
      </testcase>
      <testcase name="Test Cases/1.2-Tareas_Secundarias/5.1-Pruebas_SST/5.1.2-Investigación_Accidente_de_Trabajo" time="97.518" classname="Test Cases/1.2-Tareas_Secundarias/5.1-Pruebas_SST/5.1.2-Investigación_Accidente_de_Trabajo" status="PASSED">
         <system-out><![CDATA[2023-03-09 13:08:54 - [TEST_CASE][PASSED] - Test Cases/1.2-Tareas_Secundarias/5.1-Pruebas_SST/5.1.2-Investigación_Accidente_de_Trabajo: Test Cases/1.2-Tareas_Secundarias/5.1-Pruebas_SST/5.1.2-Investigación_Accidente_de_Trabajo

2023-03-09 13:08:55 - [TEST_STEP][PASSED] - callTestCase(findTestCase("0.1-Login"), [:], STOP_ON_FAILURE): Call Test Case 'Test Cases/0.1-Login' successfully

2023-03-09 13:08:55 - [TEST_CASE][PASSED] - Test Cases/0.1-Login: Test Cases/0.1-Login

2023-03-09 13:08:55 - [TEST_STEP][PASSED] - openBrowser(""): Browser is opened with url: ''

2023-03-09 13:08:55 - [MESSAGE][WARNING] - A browser is already opened. Closing browser and opening a new one

2023-03-09 13:08:55 - [MESSAGE][INFO] - Starting 'Chrome' driver

2023-03-09 13:08:55 - [MESSAGE][INFO] - Action delay is set to 0 milliseconds

2023-03-09 13:08:57 - [MESSAGE][PASSED] - Browser is opened with url: ''

2023-03-09 13:08:57 - [TEST_STEP][PASSED] - maximizeWindow(): Current window maximized

2023-03-09 13:08:57 - [MESSAGE][PASSED] - Current window maximized

2023-03-09 13:08:57 - [TEST_STEP][PASSED] - i = G_Login: null

2023-03-09 13:08:57 - [TEST_STEP][PASSED] - url = new java.net.URL(i): null

2023-03-09 13:08:57 - [TEST_STEP][PASSED] - println("URL: " + url.toString()): null

2023-03-09 13:08:57 - [TEST_STEP][PASSED] - connection = url.openConnection(): null

2023-03-09 13:08:57 - [TEST_STEP][PASSED] - connection.setRequestMethod("GET"): null

2023-03-09 13:08:57 - [TEST_STEP][PASSED] - connection.setReadTimeout(2 * 1000): null

2023-03-09 13:08:57 - [TEST_STEP][PASSED] - try: null

2023-03-09 13:08:57 - [TEST_STEP][PASSED] - connection.connect(): null

2023-03-09 13:08:57 - [TEST_STEP][PASSED] - flag = connected: null

2023-03-09 13:08:57 - [TEST_STEP][PASSED] - println("Valor_ori: " + flag): null

2023-03-09 13:08:57 - [TEST_STEP][PASSED] - if (flag): null

2023-03-09 13:08:57 - [TEST_STEP][PASSED] - navigateToUrl(i): Navigate to 'http://192.168.2.19:7001/saraweb' successfully

2023-03-09 13:08:59 - [MESSAGE][PASSED] - Navigate to 'http://192.168.2.19:7001/saraweb' successfully

2023-03-09 13:08:59 - [TEST_STEP][PASSED] - a(): null

2023-03-09 13:08:59 - [TEST_STEP][PASSED] - if (waitForElementVisible(findTestObject("3-OBJECTS UTILIDADES/Login/input_USUARIO_loginusuario"), 0)): null

2023-03-09 13:08:59 - [MESSAGE][WARNING] - Timeout '0' is invalid. Using default page load timeout: '37'

2023-03-09 13:08:59 - [MESSAGE][PASSED] - Object 'Object Repository/3-OBJECTS UTILIDADES/Login/input_USUARIO_loginusuario' is visible

2023-03-09 13:08:59 - [TEST_STEP][PASSED] - switchToWindowTitle("SARA"): Switched to window with title: 'SARA'

2023-03-09 13:08:59 - [MESSAGE][PASSED] - Switched to window with title: 'SARA'

2023-03-09 13:08:59 - [TEST_STEP][PASSED] - zoom(): null

2023-03-09 13:08:59 - [TEST_STEP][PASSED] - robot = new java.awt.Robot(): null

2023-03-09 13:08:59 - [TEST_STEP][PASSED] - robot.keyPress(VK_CONTROL): null

2023-03-09 13:08:59 - [TEST_STEP][PASSED] - robot.keyPress(VK_SUBTRACT): null

2023-03-09 13:08:59 - [TEST_STEP][PASSED] - robot.keyRelease(VK_CONTROL): null

2023-03-09 13:08:59 - [TEST_STEP][PASSED] - robot.keyRelease(VK_SUBTRACT): null

2023-03-09 13:08:59 - [TEST_STEP][PASSED] - robot.keyPress(VK_CONTROL): null

2023-03-09 13:08:59 - [TEST_STEP][PASSED] - robot.keyPress(VK_SUBTRACT): null

2023-03-09 13:08:59 - [TEST_STEP][PASSED] - robot.keyRelease(VK_CONTROL): null

2023-03-09 13:08:59 - [TEST_STEP][PASSED] - robot.keyRelease(VK_SUBTRACT): null

2023-03-09 13:08:59 - [TEST_STEP][PASSED] - robot.keyPress(VK_CONTROL): null

2023-03-09 13:08:59 - [TEST_STEP][PASSED] - robot.keyPress(VK_SUBTRACT): null

2023-03-09 13:08:59 - [TEST_STEP][PASSED] - robot.keyRelease(VK_CONTROL): null

2023-03-09 13:08:59 - [TEST_STEP][PASSED] - robot.keyRelease(VK_SUBTRACT): null

2023-03-09 13:08:59 - [TEST_STEP][PASSED] - robot.keyRelease(VK_CONTROL): null

2023-03-09 13:08:59 - [TEST_STEP][PASSED] - robot.keyRelease(VK_SUBTRACT): null

2023-03-09 13:08:59 - [TEST_STEP][PASSED] - setText(findTestObject("3-OBJECTS UTILIDADES/Login/input_USUARIO_loginusuario"), G_Usuario): Text 'weblogic' is set on object 'Object Repository/3-OBJECTS UTILIDADES/Login/input_USUARIO_loginusuario'

2023-03-09 13:09:00 - [MESSAGE][PASSED] - Text 'weblogic' is set on object 'Object Repository/3-OBJECTS UTILIDADES/Login/input_USUARIO_loginusuario'

2023-03-09 13:09:00 - [TEST_STEP][PASSED] - setEncryptedText(findTestObject("3-OBJECTS UTILIDADES/Login/input_CLAVE_loginpassword"), "SlAwMcyRKqrwbnzhAs8HhT6NnI7sEyng"): Text ****** has been set on object 'Object Repository/3-OBJECTS UTILIDADES/Login/input_CLAVE_loginpassword'

2023-03-09 13:09:04 - [MESSAGE][PASSED] - Text ****** has been set on object 'Object Repository/3-OBJECTS UTILIDADES/Login/input_CLAVE_loginpassword'

2023-03-09 13:09:04 - [TEST_STEP][PASSED] - while (waitForElementClickable(findTestObject("3-OBJECTS UTILIDADES/Login/a_Ingresar"), 1)): Web element with id: 'Object Repository/3-OBJECTS UTILIDADES/Login/a_Ingresar' located by '//a[contains(text(),'Ingresar')]' not found

2023-03-09 13:09:06 - [MESSAGE][INFO] - Unable to find the element located by 'By.xpath: //a[contains(text(),'Ingresar')]'. Please recheck the objects properties to make sure the desired element is located. 

2023-03-09 13:09:06 - [MESSAGE][WARNING] - Web element with id: 'Object Repository/3-OBJECTS UTILIDADES/Login/a_Ingresar' located by '//a[contains(text(),'Ingresar')]' not found

2023-03-09 13:09:06 - [MESSAGE][PASSED] - Call Test Case 'Test Cases/0.1-Login' successfully

2023-03-09 13:09:06 - [TEST_STEP][PASSED] - executeJavaScript("document.body.style.zoom='98%'", null): Execute JavaScript 'document.body.style.zoom='98%'' successfully

2023-03-09 13:09:06 - [MESSAGE][PASSED] - Execute JavaScript 'document.body.style.zoom='98%'' successfully

2023-03-09 13:09:06 - [TEST_STEP][PASSED] - waitForElementVisible(findTestObject("2-OBJECTS TAREAS SECUNDARIAS/Pruebas SST/Investigación_Accidente_de_Trabajo/input_Informes de Accidentes e Incidentes de Trabajo_form_templatej_idt24_input"), 0): Object 'Object Repository/2-OBJECTS TAREAS SECUNDARIAS/Pruebas SST/Investigación_Accidente_de_Trabajo/input_Informes de Accidentes e Incidentes de Trabajo_form_templatej_idt24_input' is visible

2023-03-09 13:09:06 - [MESSAGE][WARNING] - Timeout '0' is invalid. Using default page load timeout: '37'

2023-03-09 13:09:07 - [MESSAGE][PASSED] - Object 'Object Repository/2-OBJECTS TAREAS SECUNDARIAS/Pruebas SST/Investigación_Accidente_de_Trabajo/input_Informes de Accidentes e Incidentes de Trabajo_form_templatej_idt24_input' is visible

2023-03-09 13:09:07 - [TEST_STEP][PASSED] - setText(findTestObject("2-OBJECTS TAREAS SECUNDARIAS/Pruebas SST/Investigación_Accidente_de_Trabajo/input_Informes de Accidentes e Incidentes de Trabajo_form_templatej_idt24_input"), "Informe Accidente de Trabajo"): Text 'Informe Accidente de Trabajo' is set on object 'Object Repository/2-OBJECTS TAREAS SECUNDARIAS/Pruebas SST/Investigación_Accidente_de_Trabajo/input_Informes de Accidentes e Incidentes de Trabajo_form_templatej_idt24_input'

2023-03-09 13:09:07 - [MESSAGE][PASSED] - Text 'Informe Accidente de Trabajo' is set on object 'Object Repository/2-OBJECTS TAREAS SECUNDARIAS/Pruebas SST/Investigación_Accidente_de_Trabajo/input_Informes de Accidentes e Incidentes de Trabajo_form_templatej_idt24_input'

2023-03-09 13:09:07 - [TEST_STEP][PASSED] - waitForElementPresent(findTestObject("2-OBJECTS TAREAS SECUNDARIAS/Pruebas SST/Investigación_Accidente_de_Trabajo/span_Informe Accidente de Trabajo (sst)"), 0): Object 'Object Repository/2-OBJECTS TAREAS SECUNDARIAS/Pruebas SST/Investigación_Accidente_de_Trabajo/span_Informe Accidente de Trabajo (sst)' is present

2023-03-09 13:09:08 - [MESSAGE][WARNING] - Timeout '0' is invalid. Using default page load timeout: '37'

2023-03-09 13:09:09 - [MESSAGE][PASSED] - Object 'Object Repository/2-OBJECTS TAREAS SECUNDARIAS/Pruebas SST/Investigación_Accidente_de_Trabajo/span_Informe Accidente de Trabajo (sst)' is present

2023-03-09 13:09:09 - [TEST_STEP][PASSED] - click(findTestObject("2-OBJECTS TAREAS SECUNDARIAS/Pruebas SST/Investigación_Accidente_de_Trabajo/span_Informe Accidente de Trabajo (sst)")): Object: 'Object Repository/2-OBJECTS TAREAS SECUNDARIAS/Pruebas SST/Investigación_Accidente_de_Trabajo/span_Informe Accidente de Trabajo (sst)' is clicked on

2023-03-09 13:09:09 - [MESSAGE][PASSED] - Object: 'Object Repository/2-OBJECTS TAREAS SECUNDARIAS/Pruebas SST/Investigación_Accidente_de_Trabajo/span_Informe Accidente de Trabajo (sst)' is clicked on

2023-03-09 13:09:09 - [TEST_STEP][PASSED] - click(findTestObject("2-OBJECTS TAREAS SECUNDARIAS/Pruebas SST/Investigación_Accidente_de_Trabajo/span_Prueba")): Object: 'Object Repository/2-OBJECTS TAREAS SECUNDARIAS/Pruebas SST/Investigación_Accidente_de_Trabajo/span_Prueba' is clicked on

2023-03-09 13:09:12 - [MESSAGE][PASSED] - Object: 'Object Repository/2-OBJECTS TAREAS SECUNDARIAS/Pruebas SST/Investigación_Accidente_de_Trabajo/span_Prueba' is clicked on

2023-03-09 13:09:12 - [TEST_STEP][PASSED] - click(findTestObject("2-OBJECTS TAREAS SECUNDARIAS/Pruebas SST/Investigación_Accidente_de_Trabajo/a_Accidentado")): Object: 'Object Repository/2-OBJECTS TAREAS SECUNDARIAS/Pruebas SST/Investigación_Accidente_de_Trabajo/a_Accidentado' is clicked on

2023-03-09 13:09:13 - [MESSAGE][PASSED] - Object: 'Object Repository/2-OBJECTS TAREAS SECUNDARIAS/Pruebas SST/Investigación_Accidente_de_Trabajo/a_Accidentado' is clicked on

2023-03-09 13:09:13 - [TEST_STEP][PASSED] - click(findTestObject("2-OBJECTS TAREAS SECUNDARIAS/Pruebas SST/Investigación_Accidente_de_Trabajo/span_DIAZ BLANCO GUISELL")): Object: 'Object Repository/2-OBJECTS TAREAS SECUNDARIAS/Pruebas SST/Investigación_Accidente_de_Trabajo/span_DIAZ BLANCO GUISELL' is clicked on

2023-03-09 13:09:14 - [MESSAGE][PASSED] - Object: 'Object Repository/2-OBJECTS TAREAS SECUNDARIAS/Pruebas SST/Investigación_Accidente_de_Trabajo/span_DIAZ BLANCO GUISELL' is clicked on

2023-03-09 13:09:14 - [TEST_STEP][PASSED] - click(findTestObject("2-OBJECTS TAREAS SECUNDARIAS/Pruebas SST/Investigación_Accidente_de_Trabajo/a_Investigaciones")): Object: 'Object Repository/2-OBJECTS TAREAS SECUNDARIAS/Pruebas SST/Investigación_Accidente_de_Trabajo/a_Investigaciones' is clicked on

2023-03-09 13:09:15 - [MESSAGE][PASSED] - Object: 'Object Repository/2-OBJECTS TAREAS SECUNDARIAS/Pruebas SST/Investigación_Accidente_de_Trabajo/a_Investigaciones' is clicked on

2023-03-09 13:09:15 - [TEST_STEP][PASSED] - if (waitForElementPresent(findTestObject("2-OBJECTS TAREAS SECUNDARIAS/Pruebas SST/Investigación_Accidente_de_Trabajo/span_Prueba2"), 1)): Object 'Object Repository/2-OBJECTS TAREAS SECUNDARIAS/Pruebas SST/Investigación_Accidente_de_Trabajo/span_Prueba2' is not present after 1 second(s)

2023-03-09 13:09:17 - [MESSAGE][INFO] - Unable to find the element located by 'By.xpath: //div[2]/div[2]/table/tbody/tr/td/span'. Please recheck the objects properties to make sure the desired element is located. 

2023-03-09 13:09:17 - [MESSAGE][WARNING] - Object 'Object Repository/2-OBJECTS TAREAS SECUNDARIAS/Pruebas SST/Investigación_Accidente_de_Trabajo/span_Prueba2' is not present after 1 second(s)

2023-03-09 13:09:17 - [TEST_STEP][PASSED] - click(findTestObject("2-OBJECTS TAREAS SECUNDARIAS/Pruebas SST/Investigación_Accidente_de_Trabajo/a_Nuevo")): Object: 'Object Repository/2-OBJECTS TAREAS SECUNDARIAS/Pruebas SST/Investigación_Accidente_de_Trabajo/a_Nuevo' is clicked on

2023-03-09 13:09:17 - [MESSAGE][PASSED] - Object: 'Object Repository/2-OBJECTS TAREAS SECUNDARIAS/Pruebas SST/Investigación_Accidente_de_Trabajo/a_Nuevo' is clicked on

2023-03-09 13:09:17 - [TEST_STEP][PASSED] - setText(findTestObject("2-OBJECTS TAREAS SECUNDARIAS/Pruebas SST/Investigación_Accidente_de_Trabajo/input_Costo Estimado del Dao_j_idt1827tabInvestigacionAccidentadocosto"), "100"): Text '100' is set on object 'Object Repository/2-OBJECTS TAREAS SECUNDARIAS/Pruebas SST/Investigación_Accidente_de_Trabajo/input_Costo Estimado del Dao_j_idt1827tabInvestigacionAccidentadocosto'

2023-03-09 13:09:18 - [MESSAGE][PASSED] - Text '100' is set on object 'Object Repository/2-OBJECTS TAREAS SECUNDARIAS/Pruebas SST/Investigación_Accidente_de_Trabajo/input_Costo Estimado del Dao_j_idt1827tabInvestigacionAccidentadocosto'

2023-03-09 13:09:18 - [TEST_STEP][PASSED] - setText(findTestObject("2-OBJECTS TAREAS SECUNDARIAS/Pruebas SST/Investigación_Accidente_de_Trabajo (1)/textarea_Propiedad o Equipo Daado_j_idt1827tabInvestigacionAccidentadoequipoDanado"), "null"): Text 'null' is set on object 'Object Repository/2-OBJECTS TAREAS SECUNDARIAS/Pruebas SST/Investigación_Accidente_de_Trabajo (1)/textarea_Propiedad o Equipo Daado_j_idt1827tabInvestigacionAccidentadoequipoDanado'

2023-03-09 13:09:19 - [MESSAGE][PASSED] - Text 'null' is set on object 'Object Repository/2-OBJECTS TAREAS SECUNDARIAS/Pruebas SST/Investigación_Accidente_de_Trabajo (1)/textarea_Propiedad o Equipo Daado_j_idt1827tabInvestigacionAccidentadoequipoDanado'

2023-03-09 13:09:19 - [TEST_STEP][PASSED] - setText(findTestObject("2-OBJECTS TAREAS SECUNDARIAS/Pruebas SST/Investigación_Accidente_de_Trabajo (1)/textarea_Naturaleza del Dao_j_idt1827tabInvestigacionAccidentadonaturaleza"), "null"): Text 'null' is set on object 'Object Repository/2-OBJECTS TAREAS SECUNDARIAS/Pruebas SST/Investigación_Accidente_de_Trabajo (1)/textarea_Naturaleza del Dao_j_idt1827tabInvestigacionAccidentadonaturaleza'

2023-03-09 13:09:20 - [MESSAGE][PASSED] - Text 'null' is set on object 'Object Repository/2-OBJECTS TAREAS SECUNDARIAS/Pruebas SST/Investigación_Accidente_de_Trabajo (1)/textarea_Naturaleza del Dao_j_idt1827tabInvestigacionAccidentadonaturaleza'

2023-03-09 13:09:20 - [TEST_STEP][PASSED] - setText(findTestObject("2-OBJECTS TAREAS SECUNDARIAS/Pruebas SST/Investigación_Accidente_de_Trabajo/textarea_Agente Dao_j_idt1827tabInvestigacionAccidentadoorigenDano"), "null"): Text 'null' is set on object 'Object Repository/2-OBJECTS TAREAS SECUNDARIAS/Pruebas SST/Investigación_Accidente_de_Trabajo/textarea_Agente Dao_j_idt1827tabInvestigacionAccidentadoorigenDano'

2023-03-09 13:09:21 - [MESSAGE][PASSED] - Text 'null' is set on object 'Object Repository/2-OBJECTS TAREAS SECUNDARIAS/Pruebas SST/Investigación_Accidente_de_Trabajo/textarea_Agente Dao_j_idt1827tabInvestigacionAccidentadoorigenDano'

2023-03-09 13:09:21 - [TEST_STEP][PASSED] - selectOptionByIndex(findTestObject("2-OBJECTS TAREAS SECUNDARIAS/Pruebas SST/Investigación_Accidente_de_Trabajo/select_-- SELECCIONAR --GraveLeveUrgente"), "2"): All options with index in [2] are selected on object 'Object Repository/2-OBJECTS TAREAS SECUNDARIAS/Pruebas SST/Investigación_Accidente_de_Trabajo/select_-- SELECCIONAR --GraveLeveUrgente'

2023-03-09 13:09:22 - [MESSAGE][PASSED] - All options with index in [2] are selected on object 'Object Repository/2-OBJECTS TAREAS SECUNDARIAS/Pruebas SST/Investigación_Accidente_de_Trabajo/select_-- SELECCIONAR --GraveLeveUrgente'

2023-03-09 13:09:22 - [TEST_STEP][PASSED] - setText(findTestObject("2-OBJECTS TAREAS SECUNDARIAS/Pruebas SST/Investigación_Accidente_de_Trabajo (1)/textarea_Descripcin del rea de Trabajo en Dnde Ocurri el Accidente_j_idt1827tabInvestigacionAccidentadoareaTrabajo"), "null"): Text 'null' is set on object 'Object Repository/2-OBJECTS TAREAS SECUNDARIAS/Pruebas SST/Investigación_Accidente_de_Trabajo (1)/textarea_Descripcin del rea de Trabajo en Dnde Ocurri el Accidente_j_idt1827tabInvestigacionAccidentadoareaTrabajo'

2023-03-09 13:09:22 - [MESSAGE][PASSED] - Text 'null' is set on object 'Object Repository/2-OBJECTS TAREAS SECUNDARIAS/Pruebas SST/Investigación_Accidente_de_Trabajo (1)/textarea_Descripcin del rea de Trabajo en Dnde Ocurri el Accidente_j_idt1827tabInvestigacionAccidentadoareaTrabajo'

2023-03-09 13:09:22 - [TEST_STEP][PASSED] - setText(findTestObject("2-OBJECTS TAREAS SECUNDARIAS/Pruebas SST/Investigación_Accidente_de_Trabajo/textarea_Descripcin de la Operacin Desarrollada en el Momento del Accidente_j_idt1827tabInvestigacionAccidentadooperacion"), "null"): Text 'null' is set on object 'Object Repository/2-OBJECTS TAREAS SECUNDARIAS/Pruebas SST/Investigación_Accidente_de_Trabajo/textarea_Descripcin de la Operacin Desarrollada en el Momento del Accidente_j_idt1827tabInvestigacionAccidentadooperacion'

2023-03-09 13:09:23 - [MESSAGE][PASSED] - Text 'null' is set on object 'Object Repository/2-OBJECTS TAREAS SECUNDARIAS/Pruebas SST/Investigación_Accidente_de_Trabajo/textarea_Descripcin de la Operacin Desarrollada en el Momento del Accidente_j_idt1827tabInvestigacionAccidentadooperacion'

2023-03-09 13:09:23 - [TEST_STEP][PASSED] - setText(findTestObject("2-OBJECTS TAREAS SECUNDARIAS/Pruebas SST/Investigación_Accidente_de_Trabajo/textarea_Acciones Adoptadas Despus del Accidente_j_idt1827tabInvestigacionAccidentadoacciones"), "null"): Text 'null' is set on object 'Object Repository/2-OBJECTS TAREAS SECUNDARIAS/Pruebas SST/Investigación_Accidente_de_Trabajo/textarea_Acciones Adoptadas Despus del Accidente_j_idt1827tabInvestigacionAccidentadoacciones'

2023-03-09 13:09:24 - [MESSAGE][PASSED] - Text 'null' is set on object 'Object Repository/2-OBJECTS TAREAS SECUNDARIAS/Pruebas SST/Investigación_Accidente_de_Trabajo/textarea_Acciones Adoptadas Despus del Accidente_j_idt1827tabInvestigacionAccidentadoacciones'

2023-03-09 13:09:24 - [TEST_STEP][PASSED] - setText(findTestObject("2-OBJECTS TAREAS SECUNDARIAS/Pruebas SST/Investigación_Accidente_de_Trabajo/textarea_Conclusin_j_idt1827tabInvestigacionAccidentadoconclusion"), "Prueba"): Text 'Prueba' is set on object 'Object Repository/2-OBJECTS TAREAS SECUNDARIAS/Pruebas SST/Investigación_Accidente_de_Trabajo/textarea_Conclusin_j_idt1827tabInvestigacionAccidentadoconclusion'

2023-03-09 13:09:25 - [MESSAGE][PASSED] - Text 'Prueba' is set on object 'Object Repository/2-OBJECTS TAREAS SECUNDARIAS/Pruebas SST/Investigación_Accidente_de_Trabajo/textarea_Conclusin_j_idt1827tabInvestigacionAccidentadoconclusion'

2023-03-09 13:09:25 - [TEST_STEP][PASSED] - setText(findTestObject("2-OBJECTS TAREAS SECUNDARIAS/Pruebas SST/Investigación_Accidente_de_Trabajo/textarea_Caracterstica No Obligatoria Investigacin_j_idt1827tabInvestigacionAccidentadoj_idt19321idTexto3"), "null"): Text 'null' is set on object 'Object Repository/2-OBJECTS TAREAS SECUNDARIAS/Pruebas SST/Investigación_Accidente_de_Trabajo/textarea_Caracterstica No Obligatoria Investigacin_j_idt1827tabInvestigacionAccidentadoj_idt19321idTexto3'

2023-03-09 13:09:26 - [MESSAGE][PASSED] - Text 'null' is set on object 'Object Repository/2-OBJECTS TAREAS SECUNDARIAS/Pruebas SST/Investigación_Accidente_de_Trabajo/textarea_Caracterstica No Obligatoria Investigacin_j_idt1827tabInvestigacionAccidentadoj_idt19321idTexto3'

2023-03-09 13:09:26 - [TEST_STEP][PASSED] - setText(findTestObject("2-OBJECTS TAREAS SECUNDARIAS/Pruebas SST/Investigación_Accidente_de_Trabajo/input_Fecha_j_idt1827tabInvestigacionAccidentadoj_idt19322fecha_input"), "01/07/2021"): Text '01/07/2021' is set on object 'Object Repository/2-OBJECTS TAREAS SECUNDARIAS/Pruebas SST/Investigación_Accidente_de_Trabajo/input_Fecha_j_idt1827tabInvestigacionAccidentadoj_idt19322fecha_input'

2023-03-09 13:09:27 - [MESSAGE][PASSED] - Text '01/07/2021' is set on object 'Object Repository/2-OBJECTS TAREAS SECUNDARIAS/Pruebas SST/Investigación_Accidente_de_Trabajo/input_Fecha_j_idt1827tabInvestigacionAccidentadoj_idt19322fecha_input'

2023-03-09 13:09:27 - [TEST_STEP][PASSED] - click(findTestObject("2-OBJECTS TAREAS SECUNDARIAS/Pruebas SST/Investigación_Accidente_de_Trabajo/a_Guardar"), STOP_ON_FAILURE): Object: 'Object Repository/2-OBJECTS TAREAS SECUNDARIAS/Pruebas SST/Investigación_Accidente_de_Trabajo/a_Guardar' is clicked on

2023-03-09 13:09:27 - [MESSAGE][PASSED] - Object: 'Object Repository/2-OBJECTS TAREAS SECUNDARIAS/Pruebas SST/Investigación_Accidente_de_Trabajo/a_Guardar' is clicked on

2023-03-09 13:09:27 - [TEST_STEP][PASSED] - click(findTestObject("2-OBJECTS TAREAS SECUNDARIAS/Pruebas SST/Investigación_Accidente_de_Trabajo/a_Anlisis Causal")): Object: 'Object Repository/2-OBJECTS TAREAS SECUNDARIAS/Pruebas SST/Investigación_Accidente_de_Trabajo/a_Anlisis Causal' is clicked on

2023-03-09 13:09:28 - [MESSAGE][PASSED] - Object: 'Object Repository/2-OBJECTS TAREAS SECUNDARIAS/Pruebas SST/Investigación_Accidente_de_Trabajo/a_Anlisis Causal' is clicked on

2023-03-09 13:09:28 - [TEST_STEP][PASSED] - click(findTestObject("2-OBJECTS TAREAS SECUNDARIAS/Pruebas SST/Investigación_Accidente_de_Trabajo/a_Nuevo1")): Object: 'Object Repository/2-OBJECTS TAREAS SECUNDARIAS/Pruebas SST/Investigación_Accidente_de_Trabajo/a_Nuevo1' is clicked on

2023-03-09 13:09:29 - [MESSAGE][PASSED] - Object: 'Object Repository/2-OBJECTS TAREAS SECUNDARIAS/Pruebas SST/Investigación_Accidente_de_Trabajo/a_Nuevo1' is clicked on

2023-03-09 13:09:29 - [TEST_STEP][PASSED] - selectOptionByIndex(findTestObject("2-OBJECTS TAREAS SECUNDARIAS/Pruebas SST/Investigación_Accidente_de_Trabajo/select_Seleccionar1111-Metodologa 1"), 1): All options with index in [1] are selected on object 'Object Repository/2-OBJECTS TAREAS SECUNDARIAS/Pruebas SST/Investigación_Accidente_de_Trabajo/select_Seleccionar1111-Metodologa 1'

2023-03-09 13:09:30 - [MESSAGE][PASSED] - All options with index in [1] are selected on object 'Object Repository/2-OBJECTS TAREAS SECUNDARIAS/Pruebas SST/Investigación_Accidente_de_Trabajo/select_Seleccionar1111-Metodologa 1'

2023-03-09 13:09:30 - [TEST_STEP][PASSED] - selectOptionByIndex(findTestObject("2-OBJECTS TAREAS SECUNDARIAS/Pruebas SST/Investigación_Accidente_de_Trabajo/select_Seleccionar"), 1): All options with index in [1] are selected on object 'Object Repository/2-OBJECTS TAREAS SECUNDARIAS/Pruebas SST/Investigación_Accidente_de_Trabajo/select_Seleccionar'

2023-03-09 13:09:32 - [MESSAGE][PASSED] - All options with index in [1] are selected on object 'Object Repository/2-OBJECTS TAREAS SECUNDARIAS/Pruebas SST/Investigación_Accidente_de_Trabajo/select_Seleccionar'

2023-03-09 13:09:32 - [TEST_STEP][PASSED] - setText(findTestObject("2-OBJECTS TAREAS SECUNDARIAS/Pruebas SST/Investigación_Accidente_de_Trabajo (1)/textarea_Descripcin_form_PopupAnalisisCausaldesc"), "prueba"): Text 'prueba' is set on object 'Object Repository/2-OBJECTS TAREAS SECUNDARIAS/Pruebas SST/Investigación_Accidente_de_Trabajo (1)/textarea_Descripcin_form_PopupAnalisisCausaldesc'

2023-03-09 13:09:32 - [MESSAGE][PASSED] - Text 'prueba' is set on object 'Object Repository/2-OBJECTS TAREAS SECUNDARIAS/Pruebas SST/Investigación_Accidente_de_Trabajo (1)/textarea_Descripcin_form_PopupAnalisisCausaldesc'

2023-03-09 13:09:33 - [TEST_STEP][PASSED] - setText(findTestObject("2-OBJECTS TAREAS SECUNDARIAS/Pruebas SST/Investigación_Accidente_de_Trabajo (1)/textarea_Observacin_form_PopupAnalisisCausalobservacion"), "prueba"): Text 'prueba' is set on object 'Object Repository/2-OBJECTS TAREAS SECUNDARIAS/Pruebas SST/Investigación_Accidente_de_Trabajo (1)/textarea_Observacin_form_PopupAnalisisCausalobservacion'

2023-03-09 13:09:33 - [MESSAGE][PASSED] - Text 'prueba' is set on object 'Object Repository/2-OBJECTS TAREAS SECUNDARIAS/Pruebas SST/Investigación_Accidente_de_Trabajo (1)/textarea_Observacin_form_PopupAnalisisCausalobservacion'

2023-03-09 13:09:33 - [TEST_STEP][PASSED] - selectOptionByIndex(findTestObject("2-OBJECTS TAREAS SECUNDARIAS/Pruebas SST/Investigación_Accidente_de_Trabajo/select_SeleccionarBAJAMEDIAALTO"), 2): All options with index in [2] are selected on object 'Object Repository/2-OBJECTS TAREAS SECUNDARIAS/Pruebas SST/Investigación_Accidente_de_Trabajo/select_SeleccionarBAJAMEDIAALTO'

2023-03-09 13:09:34 - [MESSAGE][PASSED] - All options with index in [2] are selected on object 'Object Repository/2-OBJECTS TAREAS SECUNDARIAS/Pruebas SST/Investigación_Accidente_de_Trabajo/select_SeleccionarBAJAMEDIAALTO'

2023-03-09 13:09:34 - [TEST_STEP][PASSED] - click(findTestObject("2-OBJECTS TAREAS SECUNDARIAS/Pruebas SST/Investigación_Accidente_de_Trabajo/a_Guardar_Anlisis Causal")): Object: 'Object Repository/2-OBJECTS TAREAS SECUNDARIAS/Pruebas SST/Investigación_Accidente_de_Trabajo/a_Guardar_Anlisis Causal' is clicked on

2023-03-09 13:09:35 - [MESSAGE][PASSED] - Object: 'Object Repository/2-OBJECTS TAREAS SECUNDARIAS/Pruebas SST/Investigación_Accidente_de_Trabajo/a_Guardar_Anlisis Causal' is clicked on

2023-03-09 13:09:35 - [TEST_STEP][PASSED] - click(findTestObject("2-OBJECTS TAREAS SECUNDARIAS/Pruebas SST/Investigación_Accidente_de_Trabajo/a_Determinacin de Causas")): Object: 'Object Repository/2-OBJECTS TAREAS SECUNDARIAS/Pruebas SST/Investigación_Accidente_de_Trabajo/a_Determinacin de Causas' is clicked on

2023-03-09 13:09:35 - [MESSAGE][PASSED] - Object: 'Object Repository/2-OBJECTS TAREAS SECUNDARIAS/Pruebas SST/Investigación_Accidente_de_Trabajo/a_Determinacin de Causas' is clicked on

2023-03-09 13:09:35 - [TEST_STEP][PASSED] - click(findTestObject("2-OBJECTS TAREAS SECUNDARIAS/Pruebas SST/Investigación_Accidente_de_Trabajo/a_Nuevo2")): Object: 'Object Repository/2-OBJECTS TAREAS SECUNDARIAS/Pruebas SST/Investigación_Accidente_de_Trabajo/a_Nuevo2' is clicked on

2023-03-09 13:09:36 - [MESSAGE][PASSED] - Object: 'Object Repository/2-OBJECTS TAREAS SECUNDARIAS/Pruebas SST/Investigación_Accidente_de_Trabajo/a_Nuevo2' is clicked on

2023-03-09 13:09:36 - [TEST_STEP][PASSED] - click(findTestObject("2-OBJECTS TAREAS SECUNDARIAS/Pruebas SST/Investigación_Accidente_de_Trabajo/a_Metodologa_causaAccidente_formj_idt513")): Object: 'Object Repository/2-OBJECTS TAREAS SECUNDARIAS/Pruebas SST/Investigación_Accidente_de_Trabajo/a_Metodologa_causaAccidente_formj_idt513' is clicked on

2023-03-09 13:09:37 - [MESSAGE][PASSED] - Object: 'Object Repository/2-OBJECTS TAREAS SECUNDARIAS/Pruebas SST/Investigación_Accidente_de_Trabajo/a_Metodologa_causaAccidente_formj_idt513' is clicked on

2023-03-09 13:09:37 - [TEST_STEP][PASSED] - selectOptionByIndex(findTestObject("2-OBJECTS TAREAS SECUNDARIAS/Pruebas SST/Investigación_Accidente_de_Trabajo/select_Seleccionar1111-Metodologa 12"), 1): All options with index in [1] are selected on object 'Object Repository/2-OBJECTS TAREAS SECUNDARIAS/Pruebas SST/Investigación_Accidente_de_Trabajo/select_Seleccionar1111-Metodologa 12'

2023-03-09 13:09:38 - [MESSAGE][PASSED] - All options with index in [1] are selected on object 'Object Repository/2-OBJECTS TAREAS SECUNDARIAS/Pruebas SST/Investigación_Accidente_de_Trabajo/select_Seleccionar1111-Metodologa 12'

2023-03-09 13:09:38 - [TEST_STEP][PASSED] - selectOptionByIndex(findTestObject("2-OBJECTS TAREAS SECUNDARIAS/Pruebas SST/Investigación_Accidente_de_Trabajo/select_Seleccionar2"), 1): All options with index in [1] are selected on object 'Object Repository/2-OBJECTS TAREAS SECUNDARIAS/Pruebas SST/Investigación_Accidente_de_Trabajo/select_Seleccionar2'

2023-03-09 13:09:39 - [MESSAGE][PASSED] - All options with index in [1] are selected on object 'Object Repository/2-OBJECTS TAREAS SECUNDARIAS/Pruebas SST/Investigación_Accidente_de_Trabajo/select_Seleccionar2'

2023-03-09 13:09:39 - [TEST_STEP][PASSED] - click(findTestObject("2-OBJECTS TAREAS SECUNDARIAS/Pruebas SST/Investigación_Accidente_de_Trabajo/span_Metodologa_ui-icon ui-icon-closethick")): Object: 'Object Repository/2-OBJECTS TAREAS SECUNDARIAS/Pruebas SST/Investigación_Accidente_de_Trabajo/span_Metodologa_ui-icon ui-icon-closethick' is clicked on

2023-03-09 13:09:40 - [MESSAGE][PASSED] - Object: 'Object Repository/2-OBJECTS TAREAS SECUNDARIAS/Pruebas SST/Investigación_Accidente_de_Trabajo/span_Metodologa_ui-icon ui-icon-closethick' is clicked on

2023-03-09 13:09:40 - [TEST_STEP][PASSED] - selectOptionByIndex(findTestObject("2-OBJECTS TAREAS SECUNDARIAS/Pruebas SST/Investigación_Accidente_de_Trabajo/select_SeleccionarCausas BsicasCausas Inmediatas"), 1): All options with index in [1] are selected on object 'Object Repository/2-OBJECTS TAREAS SECUNDARIAS/Pruebas SST/Investigación_Accidente_de_Trabajo/select_SeleccionarCausas BsicasCausas Inmediatas'

2023-03-09 13:09:41 - [MESSAGE][PASSED] - All options with index in [1] are selected on object 'Object Repository/2-OBJECTS TAREAS SECUNDARIAS/Pruebas SST/Investigación_Accidente_de_Trabajo/select_SeleccionarCausas BsicasCausas Inmediatas'

2023-03-09 13:09:41 - [TEST_STEP][PASSED] - selectOptionByIndex(findTestObject("2-OBJECTS TAREAS SECUNDARIAS/Pruebas SST/Investigación_Accidente_de_Trabajo/select_SeleccionarFactores PersonalesFactores del Trabajo"), 2): All options with index in [2] are selected on object 'Object Repository/2-OBJECTS TAREAS SECUNDARIAS/Pruebas SST/Investigación_Accidente_de_Trabajo/select_SeleccionarFactores PersonalesFactores del Trabajo'

2023-03-09 13:09:43 - [MESSAGE][PASSED] - All options with index in [2] are selected on object 'Object Repository/2-OBJECTS TAREAS SECUNDARIAS/Pruebas SST/Investigación_Accidente_de_Trabajo/select_SeleccionarFactores PersonalesFactores del Trabajo'

2023-03-09 13:09:43 - [TEST_STEP][PASSED] - selectOptionByIndex(findTestObject("2-OBJECTS TAREAS SECUNDARIAS/Pruebas SST/Investigación_Accidente_de_Trabajo/select_SeleccionarLIMPIEZA, LUBRICACIN, AJUSTE O REPARACIN DE EQUIPO MVIL ELCTRICO O DE PRESIN"), 1): All options with index in [1] are selected on object 'Object Repository/2-OBJECTS TAREAS SECUNDARIAS/Pruebas SST/Investigación_Accidente_de_Trabajo/select_SeleccionarLIMPIEZA, LUBRICACIN, AJUSTE O REPARACIN DE EQUIPO MVIL ELCTRICO O DE PRESIN'

2023-03-09 13:09:44 - [MESSAGE][PASSED] - All options with index in [1] are selected on object 'Object Repository/2-OBJECTS TAREAS SECUNDARIAS/Pruebas SST/Investigación_Accidente_de_Trabajo/select_SeleccionarLIMPIEZA, LUBRICACIN, AJUSTE O REPARACIN DE EQUIPO MVIL ELCTRICO O DE PRESIN'

2023-03-09 13:09:44 - [TEST_STEP][PASSED] - selectOptionByIndex(findTestObject("2-OBJECTS TAREAS SECUNDARIAS/Pruebas SST/Investigación_Accidente_de_Trabajo/select_SeleccionarNo especificada en otra parteTrabajar"), 1): All options with index in [1] are selected on object 'Object Repository/2-OBJECTS TAREAS SECUNDARIAS/Pruebas SST/Investigación_Accidente_de_Trabajo/select_SeleccionarNo especificada en otra parteTrabajar'

2023-03-09 13:09:45 - [MESSAGE][PASSED] - All options with index in [1] are selected on object 'Object Repository/2-OBJECTS TAREAS SECUNDARIAS/Pruebas SST/Investigación_Accidente_de_Trabajo/select_SeleccionarNo especificada en otra parteTrabajar'

2023-03-09 13:09:45 - [TEST_STEP][PASSED] - setText(findTestObject("2-OBJECTS TAREAS SECUNDARIAS/Pruebas SST/Investigación_Accidente_de_Trabajo/textarea_Conclusin_causaAccidente_formobservacion"), "Prueba"): Text 'Prueba' is set on object 'Object Repository/2-OBJECTS TAREAS SECUNDARIAS/Pruebas SST/Investigación_Accidente_de_Trabajo/textarea_Conclusin_causaAccidente_formobservacion'

2023-03-09 13:09:46 - [MESSAGE][PASSED] - Text 'Prueba' is set on object 'Object Repository/2-OBJECTS TAREAS SECUNDARIAS/Pruebas SST/Investigación_Accidente_de_Trabajo/textarea_Conclusin_causaAccidente_formobservacion'

2023-03-09 13:09:46 - [TEST_STEP][PASSED] - click(findTestObject("2-OBJECTS TAREAS SECUNDARIAS/Pruebas SST/Investigación_Accidente_de_Trabajo/a_Guardar_Causa investigacion")): Object: 'Object Repository/2-OBJECTS TAREAS SECUNDARIAS/Pruebas SST/Investigación_Accidente_de_Trabajo/a_Guardar_Causa investigacion' is clicked on

2023-03-09 13:09:47 - [MESSAGE][PASSED] - Object: 'Object Repository/2-OBJECTS TAREAS SECUNDARIAS/Pruebas SST/Investigación_Accidente_de_Trabajo/a_Guardar_Causa investigacion' is clicked on

2023-03-09 13:09:47 - [TEST_STEP][PASSED] - click(findTestObject("2-OBJECTS TAREAS SECUNDARIAS/Pruebas SST/Investigación_Accidente_de_Trabajo/a_Accin")): Object: 'Object Repository/2-OBJECTS TAREAS SECUNDARIAS/Pruebas SST/Investigación_Accidente_de_Trabajo/a_Accin' is clicked on

2023-03-09 13:09:47 - [MESSAGE][PASSED] - Object: 'Object Repository/2-OBJECTS TAREAS SECUNDARIAS/Pruebas SST/Investigación_Accidente_de_Trabajo/a_Accin' is clicked on

2023-03-09 13:09:47 - [TEST_STEP][PASSED] - click(findTestObject("2-OBJECTS TAREAS SECUNDARIAS/Pruebas SST/Investigación_Accidente_de_Trabajo/a_Nuevo3")): Object: 'Object Repository/2-OBJECTS TAREAS SECUNDARIAS/Pruebas SST/Investigación_Accidente_de_Trabajo/a_Nuevo3' is clicked on

2023-03-09 13:09:48 - [MESSAGE][PASSED] - Object: 'Object Repository/2-OBJECTS TAREAS SECUNDARIAS/Pruebas SST/Investigación_Accidente_de_Trabajo/a_Nuevo3' is clicked on

2023-03-09 13:09:48 - [TEST_STEP][PASSED] - selectOptionByIndex(findTestObject("2-OBJECTS TAREAS SECUNDARIAS/Pruebas SST/Investigación_Accidente_de_Trabajo/select_SeleccionarTipo Accion"), 1): All options with index in [1] are selected on object 'Object Repository/2-OBJECTS TAREAS SECUNDARIAS/Pruebas SST/Investigación_Accidente_de_Trabajo/select_SeleccionarTipo Accion'

2023-03-09 13:09:49 - [MESSAGE][PASSED] - All options with index in [1] are selected on object 'Object Repository/2-OBJECTS TAREAS SECUNDARIAS/Pruebas SST/Investigación_Accidente_de_Trabajo/select_SeleccionarTipo Accion'

2023-03-09 13:09:49 - [TEST_STEP][PASSED] - setText(findTestObject("2-OBJECTS TAREAS SECUNDARIAS/Pruebas SST/Investigación_Accidente_de_Trabajo/textarea_Descripcin De La  Accin_form_popupRecomendacionInvvpanel_principal_23descripcion"), "Prueba"): Text 'Prueba' is set on object 'Object Repository/2-OBJECTS TAREAS SECUNDARIAS/Pruebas SST/Investigación_Accidente_de_Trabajo/textarea_Descripcin De La  Accin_form_popupRecomendacionInvvpanel_principal_23descripcion'

2023-03-09 13:09:50 - [MESSAGE][PASSED] - Text 'Prueba' is set on object 'Object Repository/2-OBJECTS TAREAS SECUNDARIAS/Pruebas SST/Investigación_Accidente_de_Trabajo/textarea_Descripcin De La  Accin_form_popupRecomendacionInvvpanel_principal_23descripcion'

2023-03-09 13:09:50 - [TEST_STEP][PASSED] - setText(findTestObject("2-OBJECTS TAREAS SECUNDARIAS/Pruebas SST/Investigación_Accidente_de_Trabajo/input_Fecha De Accin_form_popupRecomendacionInvvpanel_principal_23recomendacion_input"), "01/07/2021"): Text '01/07/2021' is set on object 'Object Repository/2-OBJECTS TAREAS SECUNDARIAS/Pruebas SST/Investigación_Accidente_de_Trabajo/input_Fecha De Accin_form_popupRecomendacionInvvpanel_principal_23recomendacion_input'

2023-03-09 13:09:51 - [MESSAGE][PASSED] - Text '01/07/2021' is set on object 'Object Repository/2-OBJECTS TAREAS SECUNDARIAS/Pruebas SST/Investigación_Accidente_de_Trabajo/input_Fecha De Accin_form_popupRecomendacionInvvpanel_principal_23recomendacion_input'

2023-03-09 13:09:51 - [TEST_STEP][PASSED] - setText(findTestObject("2-OBJECTS TAREAS SECUNDARIAS/Pruebas SST/Investigación_Accidente_de_Trabajo/input_Fecha de Seguimiento_form_popupRecomendacionInvvpanel_principal_23seguimiento_input"), "02/07/2021"): Text '02/07/2021' is set on object 'Object Repository/2-OBJECTS TAREAS SECUNDARIAS/Pruebas SST/Investigación_Accidente_de_Trabajo/input_Fecha de Seguimiento_form_popupRecomendacionInvvpanel_principal_23seguimiento_input'

2023-03-09 13:09:52 - [MESSAGE][PASSED] - Text '02/07/2021' is set on object 'Object Repository/2-OBJECTS TAREAS SECUNDARIAS/Pruebas SST/Investigación_Accidente_de_Trabajo/input_Fecha de Seguimiento_form_popupRecomendacionInvvpanel_principal_23seguimiento_input'

2023-03-09 13:09:52 - [TEST_STEP][PASSED] - click(findTestObject("2-OBJECTS TAREAS SECUNDARIAS/Pruebas SST/Investigación_Accidente_de_Trabajo/a_Responsable_form_popupRecomendacionInvvpanel_principal_23j_idt405")): Object: 'Object Repository/2-OBJECTS TAREAS SECUNDARIAS/Pruebas SST/Investigación_Accidente_de_Trabajo/a_Responsable_form_popupRecomendacionInvvpanel_principal_23j_idt405' is clicked on

2023-03-09 13:09:53 - [MESSAGE][PASSED] - Object: 'Object Repository/2-OBJECTS TAREAS SECUNDARIAS/Pruebas SST/Investigación_Accidente_de_Trabajo/a_Responsable_form_popupRecomendacionInvvpanel_principal_23j_idt405' is clicked on

2023-03-09 13:09:53 - [TEST_STEP][PASSED] - click(findTestObject("2-OBJECTS TAREAS SECUNDARIAS/Pruebas SST/Investigación_Accidente_de_Trabajo/label_Responsable")): Object: 'Object Repository/2-OBJECTS TAREAS SECUNDARIAS/Pruebas SST/Investigación_Accidente_de_Trabajo/label_Responsable' is clicked on

2023-03-09 13:09:53 - [MESSAGE][PASSED] - Object: 'Object Repository/2-OBJECTS TAREAS SECUNDARIAS/Pruebas SST/Investigación_Accidente_de_Trabajo/label_Responsable' is clicked on

2023-03-09 13:09:53 - [TEST_STEP][PASSED] - waitForElementClickable(findTestObject("2-OBJECTS TAREAS SECUNDARIAS/Pruebas SST/Investigación_Accidente_de_Trabajo/span_ALMANZA NOVOA JOHN ALEXANDRE"), 0): Object 'Object Repository/2-OBJECTS TAREAS SECUNDARIAS/Pruebas SST/Investigación_Accidente_de_Trabajo/span_ALMANZA NOVOA JOHN ALEXANDRE' is clickable

2023-03-09 13:09:53 - [MESSAGE][WARNING] - Timeout '0' is invalid. Using default page load timeout: '37'

2023-03-09 13:09:54 - [MESSAGE][PASSED] - Object 'Object Repository/2-OBJECTS TAREAS SECUNDARIAS/Pruebas SST/Investigación_Accidente_de_Trabajo/span_ALMANZA NOVOA JOHN ALEXANDRE' is clickable

2023-03-09 13:09:54 - [TEST_STEP][PASSED] - element = findWebElement(findTestObject("2-OBJECTS TAREAS SECUNDARIAS/Pruebas SST/Investigación_Accidente_de_Trabajo/span_ALMANZA NOVOA JOHN ALEXANDRE"), 30): null

2023-03-09 13:09:54 - [TEST_STEP][PASSED] - executeJavaScript("arguments[0].click()", Arrays.asList(element)): Execute JavaScript 'arguments[0].click()' successfully

2023-03-09 13:09:54 - [MESSAGE][PASSED] - Execute JavaScript 'arguments[0].click()' successfully

2023-03-09 13:09:54 - [TEST_STEP][PASSED] - if (waitForElementPresent(findTestObject("2-OBJECTS TAREAS SECUNDARIAS/Pruebas SST/Investigación_Accidente_de_Trabajo/div_Responsable"), 1)): Object 'Object Repository/2-OBJECTS TAREAS SECUNDARIAS/Pruebas SST/Investigación_Accidente_de_Trabajo/div_Responsable' is not present after 1 second(s)

2023-03-09 13:09:56 - [MESSAGE][INFO] - Unable to find the element located by 'By.xpath: (.//*[normalize-space(text()) and normalize-space(.)='Responsable'])[3]/preceding::label[1]'. Please recheck the objects properties to make sure the desired element is located. 

2023-03-09 13:09:56 - [MESSAGE][WARNING] - Object 'Object Repository/2-OBJECTS TAREAS SECUNDARIAS/Pruebas SST/Investigación_Accidente_de_Trabajo/div_Responsable' is not present after 1 second(s)

2023-03-09 13:09:56 - [TEST_STEP][PASSED] - click(findTestObject("2-OBJECTS TAREAS SECUNDARIAS/Pruebas SST/Investigación_Accidente_de_Trabajo/a_Responsable De Accin_form_popupRecomendacionInvvpanel_principal_23j_idt409")): Object: 'Object Repository/2-OBJECTS TAREAS SECUNDARIAS/Pruebas SST/Investigación_Accidente_de_Trabajo/a_Responsable De Accin_form_popupRecomendacionInvvpanel_principal_23j_idt409' is clicked on

2023-03-09 13:09:57 - [MESSAGE][PASSED] - Object: 'Object Repository/2-OBJECTS TAREAS SECUNDARIAS/Pruebas SST/Investigación_Accidente_de_Trabajo/a_Responsable De Accin_form_popupRecomendacionInvvpanel_principal_23j_idt409' is clicked on

2023-03-09 13:09:57 - [TEST_STEP][PASSED] - setText(findTestObject("2-OBJECTS TAREAS SECUNDARIAS/Pruebas SST/Investigación_Accidente_de_Trabajo/input_Filtro Hoja de Vida_formPopupHojaVidaj_idt1557"), "a"): Text 'a' is set on object 'Object Repository/2-OBJECTS TAREAS SECUNDARIAS/Pruebas SST/Investigación_Accidente_de_Trabajo/input_Filtro Hoja de Vida_formPopupHojaVidaj_idt1557'

2023-03-09 13:09:58 - [MESSAGE][PASSED] - Text 'a' is set on object 'Object Repository/2-OBJECTS TAREAS SECUNDARIAS/Pruebas SST/Investigación_Accidente_de_Trabajo/input_Filtro Hoja de Vida_formPopupHojaVidaj_idt1557'

2023-03-09 13:09:58 - [TEST_STEP][PASSED] - sendKeys(findTestObject("2-OBJECTS TAREAS SECUNDARIAS/Pruebas SST/Investigación_Accidente_de_Trabajo/input_Filtro Hoja de Vida_formPopupHojaVidaj_idt1557"), Keys.chord(ENTER)): Keys 'ENTER + ' sent to object: 'Object Repository/2-OBJECTS TAREAS SECUNDARIAS/Pruebas SST/Investigación_Accidente_de_Trabajo/input_Filtro Hoja de Vida_formPopupHojaVidaj_idt1557'

2023-03-09 13:09:58 - [MESSAGE][PASSED] - Keys 'ENTER + ' sent to object: 'Object Repository/2-OBJECTS TAREAS SECUNDARIAS/Pruebas SST/Investigación_Accidente_de_Trabajo/input_Filtro Hoja de Vida_formPopupHojaVidaj_idt1557'

2023-03-09 13:09:58 - [TEST_STEP][PASSED] - click(findTestObject("2-OBJECTS TAREAS SECUNDARIAS/Pruebas SST/Investigación_Accidente_de_Trabajo/span_A A A")): Object: 'Object Repository/2-OBJECTS TAREAS SECUNDARIAS/Pruebas SST/Investigación_Accidente_de_Trabajo/span_A A A' is clicked on

2023-03-09 13:09:59 - [MESSAGE][PASSED] - Object: 'Object Repository/2-OBJECTS TAREAS SECUNDARIAS/Pruebas SST/Investigación_Accidente_de_Trabajo/span_A A A' is clicked on

2023-03-09 13:09:59 - [TEST_STEP][PASSED] - click(findTestObject("2-OBJECTS TAREAS SECUNDARIAS/Pruebas SST/Investigación_Accidente_de_Trabajo/a_Unidad Organizacional_form_popupRecomendacionInvvpanel_principal_23j_idt413")): Object: 'Object Repository/2-OBJECTS TAREAS SECUNDARIAS/Pruebas SST/Investigación_Accidente_de_Trabajo/a_Unidad Organizacional_form_popupRecomendacionInvvpanel_principal_23j_idt413' is clicked on

2023-03-09 13:10:00 - [MESSAGE][PASSED] - Object: 'Object Repository/2-OBJECTS TAREAS SECUNDARIAS/Pruebas SST/Investigación_Accidente_de_Trabajo/a_Unidad Organizacional_form_popupRecomendacionInvvpanel_principal_23j_idt413' is clicked on

2023-03-09 13:10:00 - [TEST_STEP][PASSED] - setText(findTestObject("2-OBJECTS TAREAS SECUNDARIAS/Pruebas SST/Investigación_Accidente_de_Trabajo/input_Unidad Organizacional_formPopUpUnidaddescripciones"), "a"): Text 'a' is set on object 'Object Repository/2-OBJECTS TAREAS SECUNDARIAS/Pruebas SST/Investigación_Accidente_de_Trabajo/input_Unidad Organizacional_formPopUpUnidaddescripciones'

2023-03-09 13:10:01 - [MESSAGE][PASSED] - Text 'a' is set on object 'Object Repository/2-OBJECTS TAREAS SECUNDARIAS/Pruebas SST/Investigación_Accidente_de_Trabajo/input_Unidad Organizacional_formPopUpUnidaddescripciones'

2023-03-09 13:10:01 - [TEST_STEP][PASSED] - sendKeys(findTestObject("2-OBJECTS TAREAS SECUNDARIAS/Pruebas SST/Investigación_Accidente_de_Trabajo/input_Unidad Organizacional_formPopUpUnidaddescripciones"), Keys.chord(ENTER)): Keys 'ENTER + ' sent to object: 'Object Repository/2-OBJECTS TAREAS SECUNDARIAS/Pruebas SST/Investigación_Accidente_de_Trabajo/input_Unidad Organizacional_formPopUpUnidaddescripciones'

2023-03-09 13:10:01 - [MESSAGE][PASSED] - Keys 'ENTER + ' sent to object: 'Object Repository/2-OBJECTS TAREAS SECUNDARIAS/Pruebas SST/Investigación_Accidente_de_Trabajo/input_Unidad Organizacional_formPopUpUnidaddescripciones'

2023-03-09 13:10:01 - [TEST_STEP][PASSED] - click(findTestObject("2-OBJECTS TAREAS SECUNDARIAS/Pruebas SST/Investigación_Accidente_de_Trabajo/span_ADMINISTRACION")): Object: 'Object Repository/2-OBJECTS TAREAS SECUNDARIAS/Pruebas SST/Investigación_Accidente_de_Trabajo/span_ADMINISTRACION' is clicked on

2023-03-09 13:10:02 - [MESSAGE][PASSED] - Object: 'Object Repository/2-OBJECTS TAREAS SECUNDARIAS/Pruebas SST/Investigación_Accidente_de_Trabajo/span_ADMINISTRACION' is clicked on

2023-03-09 13:10:02 - [TEST_STEP][PASSED] - selectOptionByIndex(findTestObject("2-OBJECTS TAREAS SECUNDARIAS/Pruebas SST/Investigación_Accidente_de_Trabajo/select_SeleccionarEfectuadoNo Efectuado"), 1): All options with index in [1] are selected on object 'Object Repository/2-OBJECTS TAREAS SECUNDARIAS/Pruebas SST/Investigación_Accidente_de_Trabajo/select_SeleccionarEfectuadoNo Efectuado'

2023-03-09 13:10:04 - [MESSAGE][PASSED] - All options with index in [1] are selected on object 'Object Repository/2-OBJECTS TAREAS SECUNDARIAS/Pruebas SST/Investigación_Accidente_de_Trabajo/select_SeleccionarEfectuadoNo Efectuado'

2023-03-09 13:10:04 - [TEST_STEP][PASSED] - click(findTestObject("2-OBJECTS TAREAS SECUNDARIAS/Pruebas SST/Investigación_Accidente_de_Trabajo/a_Metodologa_form_popupRecomendacionInvvpanel_principal_23j_idt344")): Object: 'Object Repository/2-OBJECTS TAREAS SECUNDARIAS/Pruebas SST/Investigación_Accidente_de_Trabajo/a_Metodologa_form_popupRecomendacionInvvpanel_principal_23j_idt344' is clicked on

2023-03-09 13:10:04 - [MESSAGE][PASSED] - Object: 'Object Repository/2-OBJECTS TAREAS SECUNDARIAS/Pruebas SST/Investigación_Accidente_de_Trabajo/a_Metodologa_form_popupRecomendacionInvvpanel_principal_23j_idt344' is clicked on

2023-03-09 13:10:04 - [TEST_STEP][PASSED] - if (waitForElementPresent(findTestObject("2-OBJECTS TAREAS SECUNDARIAS/Pruebas SST/Investigación_Accidente_de_Trabajo/span_Metodologa 1"), 1)): null

2023-03-09 13:10:05 - [MESSAGE][PASSED] - Object 'Object Repository/2-OBJECTS TAREAS SECUNDARIAS/Pruebas SST/Investigación_Accidente_de_Trabajo/span_Metodologa 1' is present

2023-03-09 13:10:05 - [TEST_STEP][PASSED] - click(findTestObject("2-OBJECTS TAREAS SECUNDARIAS/Pruebas SST/Investigación_Accidente_de_Trabajo/span_Metodologa 1")): Object: 'Object Repository/2-OBJECTS TAREAS SECUNDARIAS/Pruebas SST/Investigación_Accidente_de_Trabajo/span_Metodologa 1' is clicked on

2023-03-09 13:10:06 - [MESSAGE][PASSED] - Object: 'Object Repository/2-OBJECTS TAREAS SECUNDARIAS/Pruebas SST/Investigación_Accidente_de_Trabajo/span_Metodologa 1' is clicked on

2023-03-09 13:10:06 - [TEST_STEP][PASSED] - click(findTestObject("2-OBJECTS TAREAS SECUNDARIAS/Pruebas SST/Investigación_Accidente_de_Trabajo/a_Causa_form_popupRecomendacionInvvpanel_principal_23j_idt365")): Object: 'Object Repository/2-OBJECTS TAREAS SECUNDARIAS/Pruebas SST/Investigación_Accidente_de_Trabajo/a_Causa_form_popupRecomendacionInvvpanel_principal_23j_idt365' is clicked on

2023-03-09 13:10:06 - [MESSAGE][PASSED] - Object: 'Object Repository/2-OBJECTS TAREAS SECUNDARIAS/Pruebas SST/Investigación_Accidente_de_Trabajo/a_Causa_form_popupRecomendacionInvvpanel_principal_23j_idt365' is clicked on

2023-03-09 13:10:06 - [TEST_STEP][PASSED] - click(findTestObject("2-OBJECTS TAREAS SECUNDARIAS/Pruebas SST/Investigación_Accidente_de_Trabajo/span_Causas Bsicas")): Object: 'Object Repository/2-OBJECTS TAREAS SECUNDARIAS/Pruebas SST/Investigación_Accidente_de_Trabajo/span_Causas Bsicas' is clicked on

2023-03-09 13:10:07 - [MESSAGE][PASSED] - Object: 'Object Repository/2-OBJECTS TAREAS SECUNDARIAS/Pruebas SST/Investigación_Accidente_de_Trabajo/span_Causas Bsicas' is clicked on

2023-03-09 13:10:07 - [TEST_STEP][PASSED] - click(findTestObject("2-OBJECTS TAREAS SECUNDARIAS/Pruebas SST/Investigación_Accidente_de_Trabajo/a_Guardar3")): Object: 'Object Repository/2-OBJECTS TAREAS SECUNDARIAS/Pruebas SST/Investigación_Accidente_de_Trabajo/a_Guardar3' is clicked on

2023-03-09 13:10:08 - [MESSAGE][PASSED] - Object: 'Object Repository/2-OBJECTS TAREAS SECUNDARIAS/Pruebas SST/Investigación_Accidente_de_Trabajo/a_Guardar3' is clicked on

2023-03-09 13:10:08 - [TEST_STEP][PASSED] - click(findTestObject("2-OBJECTS TAREAS SECUNDARIAS/Pruebas SST/Investigación_Accidente_de_Trabajo/a_Control")): Object: 'Object Repository/2-OBJECTS TAREAS SECUNDARIAS/Pruebas SST/Investigación_Accidente_de_Trabajo/a_Control' is clicked on

2023-03-09 13:10:09 - [MESSAGE][PASSED] - Object: 'Object Repository/2-OBJECTS TAREAS SECUNDARIAS/Pruebas SST/Investigación_Accidente_de_Trabajo/a_Control' is clicked on

2023-03-09 13:10:09 - [TEST_STEP][PASSED] - setText(findTestObject("2-OBJECTS TAREAS SECUNDARIAS/Pruebas SST/Investigación_Accidente_de_Trabajo/input_Estado_form_popupRecomendacionInvvpanel_principal_23tablaControlfechaEditable_input"), "01/07/2021"): Text '01/07/2021' is set on object 'Object Repository/2-OBJECTS TAREAS SECUNDARIAS/Pruebas SST/Investigación_Accidente_de_Trabajo/input_Estado_form_popupRecomendacionInvvpanel_principal_23tablaControlfechaEditable_input'

2023-03-09 13:10:10 - [MESSAGE][PASSED] - Text '01/07/2021' is set on object 'Object Repository/2-OBJECTS TAREAS SECUNDARIAS/Pruebas SST/Investigación_Accidente_de_Trabajo/input_Estado_form_popupRecomendacionInvvpanel_principal_23tablaControlfechaEditable_input'

2023-03-09 13:10:10 - [TEST_STEP][PASSED] - selectOptionByIndex(findTestObject("2-OBJECTS TAREAS SECUNDARIAS/Pruebas SST/Investigación_Accidente_de_Trabajo/select_SeleccionarTipo Control"), "1"): All options with index in [1] are selected on object 'Object Repository/2-OBJECTS TAREAS SECUNDARIAS/Pruebas SST/Investigación_Accidente_de_Trabajo/select_SeleccionarTipo Control'

2023-03-09 13:10:11 - [MESSAGE][PASSED] - All options with index in [1] are selected on object 'Object Repository/2-OBJECTS TAREAS SECUNDARIAS/Pruebas SST/Investigación_Accidente_de_Trabajo/select_SeleccionarTipo Control'

2023-03-09 13:10:11 - [TEST_STEP][PASSED] - setText(findTestObject("2-OBJECTS TAREAS SECUNDARIAS/Pruebas SST/Investigación_Accidente_de_Trabajo/input_Estado_form_popupRecomendacionInvvpanel_principal_23tablaControldescripcionEditable"), "Prueba"): Text 'Prueba' is set on object 'Object Repository/2-OBJECTS TAREAS SECUNDARIAS/Pruebas SST/Investigación_Accidente_de_Trabajo/input_Estado_form_popupRecomendacionInvvpanel_principal_23tablaControldescripcionEditable'

2023-03-09 13:10:12 - [MESSAGE][PASSED] - Text 'Prueba' is set on object 'Object Repository/2-OBJECTS TAREAS SECUNDARIAS/Pruebas SST/Investigación_Accidente_de_Trabajo/input_Estado_form_popupRecomendacionInvvpanel_principal_23tablaControldescripcionEditable'

2023-03-09 13:10:12 - [TEST_STEP][PASSED] - click(findTestObject("2-OBJECTS TAREAS SECUNDARIAS/Pruebas SST/Investigación_Accidente_de_Trabajo/a_Estado_form_popupRecomendacionInvvpanel_principal_23tablaControlj_idt450")): Object: 'Object Repository/2-OBJECTS TAREAS SECUNDARIAS/Pruebas SST/Investigación_Accidente_de_Trabajo/a_Estado_form_popupRecomendacionInvvpanel_principal_23tablaControlj_idt450' is clicked on

2023-03-09 13:10:12 - [MESSAGE][PASSED] - Object: 'Object Repository/2-OBJECTS TAREAS SECUNDARIAS/Pruebas SST/Investigación_Accidente_de_Trabajo/a_Estado_form_popupRecomendacionInvvpanel_principal_23tablaControlj_idt450' is clicked on

2023-03-09 13:10:12 - [TEST_STEP][PASSED] - click(findTestObject("2-OBJECTS TAREAS SECUNDARIAS/Pruebas SST/Investigación_Accidente_de_Trabajo/span_ALMANZA NOVOA JOHN ALEXANDRE4")): Object: 'Object Repository/2-OBJECTS TAREAS SECUNDARIAS/Pruebas SST/Investigación_Accidente_de_Trabajo/span_ALMANZA NOVOA JOHN ALEXANDRE4' is clicked on

2023-03-09 13:10:13 - [MESSAGE][PASSED] - Object: 'Object Repository/2-OBJECTS TAREAS SECUNDARIAS/Pruebas SST/Investigación_Accidente_de_Trabajo/span_ALMANZA NOVOA JOHN ALEXANDRE4' is clicked on

2023-03-09 13:10:13 - [TEST_STEP][PASSED] - selectOptionByIndex(findTestObject("2-OBJECTS TAREAS SECUNDARIAS/Pruebas SST/Investigación_Accidente_de_Trabajo/select_SeleccionarEfectuadoNo Efectuado4"), 1): All options with index in [1] are selected on object 'Object Repository/2-OBJECTS TAREAS SECUNDARIAS/Pruebas SST/Investigación_Accidente_de_Trabajo/select_SeleccionarEfectuadoNo Efectuado4'

2023-03-09 13:10:14 - [MESSAGE][PASSED] - All options with index in [1] are selected on object 'Object Repository/2-OBJECTS TAREAS SECUNDARIAS/Pruebas SST/Investigación_Accidente_de_Trabajo/select_SeleccionarEfectuadoNo Efectuado4'

2023-03-09 13:10:14 - [TEST_STEP][PASSED] - click(findTestObject("2-OBJECTS TAREAS SECUNDARIAS/Pruebas SST/Investigación_Accidente_de_Trabajo/a_Estado_form_popupRecomendacionInvvpanel_principal_23tablaControlj_idt462")): Object: 'Object Repository/2-OBJECTS TAREAS SECUNDARIAS/Pruebas SST/Investigación_Accidente_de_Trabajo/a_Estado_form_popupRecomendacionInvvpanel_principal_23tablaControlj_idt462' is clicked on

2023-03-09 13:10:15 - [MESSAGE][PASSED] - Object: 'Object Repository/2-OBJECTS TAREAS SECUNDARIAS/Pruebas SST/Investigación_Accidente_de_Trabajo/a_Estado_form_popupRecomendacionInvvpanel_principal_23tablaControlj_idt462' is clicked on

2023-03-09 13:10:15 - [TEST_STEP][PASSED] - click(findTestObject("2-OBJECTS TAREAS SECUNDARIAS/Pruebas SST/Investigación_Accidente_de_Trabajo/label_Accin")): Object: 'Object Repository/2-OBJECTS TAREAS SECUNDARIAS/Pruebas SST/Investigación_Accidente_de_Trabajo/label_Accin' is clicked on

2023-03-09 13:10:15 - [MESSAGE][PASSED] - Object: 'Object Repository/2-OBJECTS TAREAS SECUNDARIAS/Pruebas SST/Investigación_Accidente_de_Trabajo/label_Accin' is clicked on

2023-03-09 13:10:15 - [TEST_STEP][PASSED] - click(findTestObject("2-OBJECTS TAREAS SECUNDARIAS/Pruebas SST/Investigación_Accidente_de_Trabajo/a_Seguimiento")): Object: 'Object Repository/2-OBJECTS TAREAS SECUNDARIAS/Pruebas SST/Investigación_Accidente_de_Trabajo/a_Seguimiento' is clicked on

2023-03-09 13:10:16 - [MESSAGE][PASSED] - Object: 'Object Repository/2-OBJECTS TAREAS SECUNDARIAS/Pruebas SST/Investigación_Accidente_de_Trabajo/a_Seguimiento' is clicked on

2023-03-09 13:10:16 - [TEST_STEP][PASSED] - click(findTestObject("2-OBJECTS TAREAS SECUNDARIAS/Pruebas SST/Investigación_Accidente_de_Trabajo/a_Observacin_form_popupRecomendacionInvvpanel_principal_23j_idt464j_idt480")): Object: 'Object Repository/2-OBJECTS TAREAS SECUNDARIAS/Pruebas SST/Investigación_Accidente_de_Trabajo/a_Observacin_form_popupRecomendacionInvvpanel_principal_23j_idt464j_idt480' is clicked on

2023-03-09 13:10:16 - [MESSAGE][PASSED] - Object: 'Object Repository/2-OBJECTS TAREAS SECUNDARIAS/Pruebas SST/Investigación_Accidente_de_Trabajo/a_Observacin_form_popupRecomendacionInvvpanel_principal_23j_idt464j_idt480' is clicked on

2023-03-09 13:10:16 - [TEST_STEP][PASSED] - click(findTestObject("2-OBJECTS TAREAS SECUNDARIAS/Pruebas SST/Investigación_Accidente_de_Trabajo/label_Tipo  Control"), STOP_ON_FAILURE): Object: 'Object Repository/2-OBJECTS TAREAS SECUNDARIAS/Pruebas SST/Investigación_Accidente_de_Trabajo/label_Tipo  Control' is clicked on

2023-03-09 13:10:17 - [MESSAGE][PASSED] - Object: 'Object Repository/2-OBJECTS TAREAS SECUNDARIAS/Pruebas SST/Investigación_Accidente_de_Trabajo/label_Tipo  Control' is clicked on

2023-03-09 13:10:17 - [TEST_STEP][PASSED] - click(findTestObject("2-OBJECTS TAREAS SECUNDARIAS/Pruebas SST/Investigación_Accidente_de_Trabajo/span_Tipo Control")): Object: 'Object Repository/2-OBJECTS TAREAS SECUNDARIAS/Pruebas SST/Investigación_Accidente_de_Trabajo/span_Tipo Control' is clicked on

2023-03-09 13:10:17 - [MESSAGE][PASSED] - Object: 'Object Repository/2-OBJECTS TAREAS SECUNDARIAS/Pruebas SST/Investigación_Accidente_de_Trabajo/span_Tipo Control' is clicked on

2023-03-09 13:10:17 - [TEST_STEP][PASSED] - setText(findTestObject("2-OBJECTS TAREAS SECUNDARIAS/Pruebas SST/Investigación_Accidente_de_Trabajo (1)/textarea_Observacin_form_popupRecomendacionInvvpanel_principal_23j_idt464obserSeguim"), "Prueba"): Text 'Prueba' is set on object 'Object Repository/2-OBJECTS TAREAS SECUNDARIAS/Pruebas SST/Investigación_Accidente_de_Trabajo (1)/textarea_Observacin_form_popupRecomendacionInvvpanel_principal_23j_idt464obserSeguim'

2023-03-09 13:10:18 - [MESSAGE][PASSED] - Text 'Prueba' is set on object 'Object Repository/2-OBJECTS TAREAS SECUNDARIAS/Pruebas SST/Investigación_Accidente_de_Trabajo (1)/textarea_Observacin_form_popupRecomendacionInvvpanel_principal_23j_idt464obserSeguim'

2023-03-09 13:10:18 - [TEST_STEP][PASSED] - click(findTestObject("2-OBJECTS TAREAS SECUNDARIAS/Pruebas SST/Investigación_Accidente_de_Trabajo/a_Observacin_form_popupRecomendacionInvvpanel_principal_23j_idt464j_idt498")): Object: 'Object Repository/2-OBJECTS TAREAS SECUNDARIAS/Pruebas SST/Investigación_Accidente_de_Trabajo/a_Observacin_form_popupRecomendacionInvvpanel_principal_23j_idt464j_idt498' is clicked on

2023-03-09 13:10:19 - [MESSAGE][PASSED] - Object: 'Object Repository/2-OBJECTS TAREAS SECUNDARIAS/Pruebas SST/Investigación_Accidente_de_Trabajo/a_Observacin_form_popupRecomendacionInvvpanel_principal_23j_idt464j_idt498' is clicked on

2023-03-09 13:10:19 - [TEST_STEP][PASSED] - click(findTestObject("2-OBJECTS TAREAS SECUNDARIAS/Pruebas SST/Investigación_Accidente_de_Trabajo/a_Accion")): Object: 'Object Repository/2-OBJECTS TAREAS SECUNDARIAS/Pruebas SST/Investigación_Accidente_de_Trabajo/a_Accion' is clicked on

2023-03-09 13:10:20 - [MESSAGE][PASSED] - Object: 'Object Repository/2-OBJECTS TAREAS SECUNDARIAS/Pruebas SST/Investigación_Accidente_de_Trabajo/a_Accion' is clicked on

2023-03-09 13:10:20 - [TEST_STEP][PASSED] - click(findTestObject("2-OBJECTS TAREAS SECUNDARIAS/Pruebas SST/Investigación_Accidente_de_Trabajo/a_Actualizar")): Object: 'Object Repository/2-OBJECTS TAREAS SECUNDARIAS/Pruebas SST/Investigación_Accidente_de_Trabajo/a_Actualizar' is clicked on

2023-03-09 13:10:21 - [MESSAGE][PASSED] - Object: 'Object Repository/2-OBJECTS TAREAS SECUNDARIAS/Pruebas SST/Investigación_Accidente_de_Trabajo/a_Actualizar' is clicked on

2023-03-09 13:10:21 - [TEST_STEP][PASSED] - click(findTestObject("2-OBJECTS TAREAS SECUNDARIAS/Pruebas SST/Investigación_Accidente_de_Trabajo/a_Equipo de investigacin")): Object: 'Object Repository/2-OBJECTS TAREAS SECUNDARIAS/Pruebas SST/Investigación_Accidente_de_Trabajo/a_Equipo de investigacin' is clicked on

2023-03-09 13:10:21 - [MESSAGE][PASSED] - Object: 'Object Repository/2-OBJECTS TAREAS SECUNDARIAS/Pruebas SST/Investigación_Accidente_de_Trabajo/a_Equipo de investigacin' is clicked on

2023-03-09 13:10:21 - [TEST_STEP][PASSED] - click(findTestObject("2-OBJECTS TAREAS SECUNDARIAS/Pruebas SST/Investigación_Accidente_de_Trabajo/a_Nivel del Cargo_j_idt1810tabInvestigacionAccidentadotablaEquipoj_idt2013")): Object: 'Object Repository/2-OBJECTS TAREAS SECUNDARIAS/Pruebas SST/Investigación_Accidente_de_Trabajo/a_Nivel del Cargo_j_idt1810tabInvestigacionAccidentadotablaEquipoj_idt2013' is clicked on

2023-03-09 13:10:22 - [MESSAGE][PASSED] - Object: 'Object Repository/2-OBJECTS TAREAS SECUNDARIAS/Pruebas SST/Investigación_Accidente_de_Trabajo/a_Nivel del Cargo_j_idt1810tabInvestigacionAccidentadotablaEquipoj_idt2013' is clicked on

2023-03-09 13:10:22 - [TEST_STEP][PASSED] - setText(findTestObject("2-OBJECTS TAREAS SECUNDARIAS/Pruebas SST/Investigación_Accidente_de_Trabajo/input_Filtro Hoja de Vida_formPopupHojaVidaj_idt2086"), "a"): Text 'a' is set on object 'Object Repository/2-OBJECTS TAREAS SECUNDARIAS/Pruebas SST/Investigación_Accidente_de_Trabajo/input_Filtro Hoja de Vida_formPopupHojaVidaj_idt2086'

2023-03-09 13:10:23 - [MESSAGE][PASSED] - Text 'a' is set on object 'Object Repository/2-OBJECTS TAREAS SECUNDARIAS/Pruebas SST/Investigación_Accidente_de_Trabajo/input_Filtro Hoja de Vida_formPopupHojaVidaj_idt2086'

2023-03-09 13:10:23 - [TEST_STEP][PASSED] - sendKeys(findTestObject("2-OBJECTS TAREAS SECUNDARIAS/Pruebas SST/Investigación_Accidente_de_Trabajo/input_Filtro Hoja de Vida_formPopupHojaVidaj_idt2086"), Keys.chord(ENTER)): Keys 'ENTER + ' sent to object: 'Object Repository/2-OBJECTS TAREAS SECUNDARIAS/Pruebas SST/Investigación_Accidente_de_Trabajo/input_Filtro Hoja de Vida_formPopupHojaVidaj_idt2086'

2023-03-09 13:10:23 - [MESSAGE][PASSED] - Keys 'ENTER + ' sent to object: 'Object Repository/2-OBJECTS TAREAS SECUNDARIAS/Pruebas SST/Investigación_Accidente_de_Trabajo/input_Filtro Hoja de Vida_formPopupHojaVidaj_idt2086'

2023-03-09 13:10:23 - [TEST_STEP][PASSED] - click(findTestObject("2-OBJECTS TAREAS SECUNDARIAS/Pruebas SST/Investigación_Accidente_de_Trabajo/span_A A A2")): Object: 'Object Repository/2-OBJECTS TAREAS SECUNDARIAS/Pruebas SST/Investigación_Accidente_de_Trabajo/span_A A A2' is clicked on

2023-03-09 13:10:24 - [MESSAGE][PASSED] - Object: 'Object Repository/2-OBJECTS TAREAS SECUNDARIAS/Pruebas SST/Investigación_Accidente_de_Trabajo/span_A A A2' is clicked on

2023-03-09 13:10:24 - [TEST_STEP][PASSED] - setText(findTestObject("2-OBJECTS TAREAS SECUNDARIAS/Pruebas SST/Investigación_Accidente_de_Trabajo/input_Nivel del Cargo_j_idt1810tabInvestigacionAccidentadotablaEquipofechaaccidente_input"), "01/07/2021"): Text '01/07/2021' is set on object 'Object Repository/2-OBJECTS TAREAS SECUNDARIAS/Pruebas SST/Investigación_Accidente_de_Trabajo/input_Nivel del Cargo_j_idt1810tabInvestigacionAccidentadotablaEquipofechaaccidente_input'

2023-03-09 13:10:26 - [MESSAGE][PASSED] - Text '01/07/2021' is set on object 'Object Repository/2-OBJECTS TAREAS SECUNDARIAS/Pruebas SST/Investigación_Accidente_de_Trabajo/input_Nivel del Cargo_j_idt1810tabInvestigacionAccidentadotablaEquipofechaaccidente_input'

2023-03-09 13:10:26 - [TEST_STEP][PASSED] - setText(findTestObject("2-OBJECTS TAREAS SECUNDARIAS/Pruebas SST/Investigación_Accidente_de_Trabajo/input_Nivel del Cargo_j_idt1810tabInvestigacionAccidentadotablaEquiporol"), "prueba"): Text 'prueba' is set on object 'Object Repository/2-OBJECTS TAREAS SECUNDARIAS/Pruebas SST/Investigación_Accidente_de_Trabajo/input_Nivel del Cargo_j_idt1810tabInvestigacionAccidentadotablaEquiporol'

2023-03-09 13:10:26 - [MESSAGE][PASSED] - Text 'prueba' is set on object 'Object Repository/2-OBJECTS TAREAS SECUNDARIAS/Pruebas SST/Investigación_Accidente_de_Trabajo/input_Nivel del Cargo_j_idt1810tabInvestigacionAccidentadotablaEquiporol'

2023-03-09 13:10:26 - [TEST_STEP][PASSED] - click(findTestObject("2-OBJECTS TAREAS SECUNDARIAS/Pruebas SST/Investigación_Accidente_de_Trabajo/a_Nivel del Cargo_j_idt1810tabInvestigacionAccidentadotablaEquipoj_idt2022")): Object: 'Object Repository/2-OBJECTS TAREAS SECUNDARIAS/Pruebas SST/Investigación_Accidente_de_Trabajo/a_Nivel del Cargo_j_idt1810tabInvestigacionAccidentadotablaEquipoj_idt2022' is clicked on

2023-03-09 13:10:27 - [MESSAGE][PASSED] - Object: 'Object Repository/2-OBJECTS TAREAS SECUNDARIAS/Pruebas SST/Investigación_Accidente_de_Trabajo/a_Nivel del Cargo_j_idt1810tabInvestigacionAccidentadotablaEquipoj_idt2022' is clicked on

2023-03-09 13:10:27 - [TEST_STEP][PASSED] - click(findTestObject("2-OBJECTS TAREAS SECUNDARIAS/Pruebas SST/Investigación_Accidente_de_Trabajo/a_Anexos")): Object: 'Object Repository/2-OBJECTS TAREAS SECUNDARIAS/Pruebas SST/Investigación_Accidente_de_Trabajo/a_Anexos' is clicked on

2023-03-09 13:10:27 - [MESSAGE][PASSED] - Object: 'Object Repository/2-OBJECTS TAREAS SECUNDARIAS/Pruebas SST/Investigación_Accidente_de_Trabajo/a_Anexos' is clicked on

2023-03-09 13:10:27 - [TEST_STEP][PASSED] - click(findTestObject("2-OBJECTS TAREAS SECUNDARIAS/Pruebas SST/Investigación_Accidente_de_Trabajo/a_Descargar_j_idt1810tabInvestigacionAccidentadotablaAnexosj_idt2030")): Object: 'Object Repository/2-OBJECTS TAREAS SECUNDARIAS/Pruebas SST/Investigación_Accidente_de_Trabajo/a_Descargar_j_idt1810tabInvestigacionAccidentadotablaAnexosj_idt2030' is clicked on

2023-03-09 13:10:28 - [MESSAGE][PASSED] - Object: 'Object Repository/2-OBJECTS TAREAS SECUNDARIAS/Pruebas SST/Investigación_Accidente_de_Trabajo/a_Descargar_j_idt1810tabInvestigacionAccidentadotablaAnexosj_idt2030' is clicked on

2023-03-09 13:10:28 - [TEST_STEP][PASSED] - ra = "": null

2023-03-09 13:10:28 - [TEST_STEP][PASSED] - ruta = Systema(ra) + "prueba.pdf": null

2023-03-09 13:10:28 - [TEST_STEP][PASSED] - RutaA = System.getProperty("os.name"): null

2023-03-09 13:10:28 - [TEST_STEP][PASSED] - if (RutaA == "Windows 10"): null

2023-03-09 13:10:28 - [TEST_STEP][PASSED] - rutaW = getProjectDir() + "/1.Requerimientos/Documento para pruebas/": null

2023-03-09 13:10:28 - [TEST_STEP][PASSED] - rutaW = rutaW.replace("/", "\"): null

2023-03-09 13:10:28 - [TEST_STEP][PASSED] - println("Esta es la ruta:" + rutaW): null

2023-03-09 13:10:28 - [TEST_STEP][PASSED] - ra = rutaW: null

2023-03-09 13:10:28 - [TEST_STEP][PASSED] - println(ruta): null

2023-03-09 13:10:28 - [TEST_STEP][PASSED] - uploadFile(findTestObject("2-OBJECTS TAREAS SECUNDARIAS/Pruebas SST/Investigación_Accidente_de_Trabajo/input_Cargar Archivo_popupCargarArchivoForminputFileName_input"), ruta): File 'C:\Users\diego.rojas\git\Pruebas-Minimas\1.Requerimientos\Documento para pruebas\prueba.pdf' sent to object: 'Object Repository/2-OBJECTS TAREAS SECUNDARIAS/Pruebas SST/Investigación_Accidente_de_Trabajo/input_Cargar Archivo_popupCargarArchivoForminputFileName_input'

2023-03-09 13:10:29 - [MESSAGE][PASSED] - File 'C:\Users\diego.rojas\git\Pruebas-Minimas\1.Requerimientos\Documento para pruebas\prueba.pdf' sent to object: 'Object Repository/2-OBJECTS TAREAS SECUNDARIAS/Pruebas SST/Investigación_Accidente_de_Trabajo/input_Cargar Archivo_popupCargarArchivoForminputFileName_input'

2023-03-09 13:10:29 - [TEST_STEP][PASSED] - setText(findTestObject("2-OBJECTS TAREAS SECUNDARIAS/Pruebas SST/Investigación_Accidente_de_Trabajo/input_Descargar_j_idt1810tabInvestigacionAccidentadotablaAnexosdescripcionAnexo"), "Prueba"): Text 'Prueba' is set on object 'Object Repository/2-OBJECTS TAREAS SECUNDARIAS/Pruebas SST/Investigación_Accidente_de_Trabajo/input_Descargar_j_idt1810tabInvestigacionAccidentadotablaAnexosdescripcionAnexo'

2023-03-09 13:10:30 - [MESSAGE][PASSED] - Text 'Prueba' is set on object 'Object Repository/2-OBJECTS TAREAS SECUNDARIAS/Pruebas SST/Investigación_Accidente_de_Trabajo/input_Descargar_j_idt1810tabInvestigacionAccidentadotablaAnexosdescripcionAnexo'

2023-03-09 13:10:30 - [TEST_STEP][PASSED] - click(findTestObject("2-OBJECTS TAREAS SECUNDARIAS/Pruebas SST/Investigación_Accidente_de_Trabajo/a_Descargar_j_idt1810tabInvestigacionAccidentadotablaAnexosj_idt2037")): Object: 'Object Repository/2-OBJECTS TAREAS SECUNDARIAS/Pruebas SST/Investigación_Accidente_de_Trabajo/a_Descargar_j_idt1810tabInvestigacionAccidentadotablaAnexosj_idt2037' is clicked on

2023-03-09 13:10:30 - [MESSAGE][PASSED] - Object: 'Object Repository/2-OBJECTS TAREAS SECUNDARIAS/Pruebas SST/Investigación_Accidente_de_Trabajo/a_Descargar_j_idt1810tabInvestigacionAccidentadotablaAnexosj_idt2037' is clicked on

2023-03-09 13:10:30 - [TEST_STEP][PASSED] - Result = getText(findTestObject("3-OBJECTS UTILIDADES/Alerta/Alerta")): Text of object 'Object Repository/3-OBJECTS UTILIDADES/Alerta/Alerta' is: 'Registro Actualizado'

2023-03-09 13:10:31 - [MESSAGE][PASSED] - Text of object 'Object Repository/3-OBJECTS UTILIDADES/Alerta/Alerta' is: 'Registro Actualizado'

2023-03-09 13:10:31 - [TEST_STEP][PASSED] - if (Result == "Registro Actualizado"): Browser is closed

2023-03-09 13:10:31 - [TEST_STEP][PASSED] - Resultado = "PRUEBA OK": null

2023-03-09 13:10:31 - [TEST_STEP][PASSED] - closeBrowser(): Browser is closed

2023-03-09 13:10:32 - [MESSAGE][PASSED] - Browser is closed]]></system-out>
         <system-err><![CDATA[]]></system-err>
      </testcase>
      <testcase name="Test Cases/1.2-Tareas_Secundarias/5.1-Pruebas_SST/5.1.3-Seguimiento_a_accidente laborales_enfermedades_laborales_y_comunes" time="67.831" classname="Test Cases/1.2-Tareas_Secundarias/5.1-Pruebas_SST/5.1.3-Seguimiento_a_accidente laborales_enfermedades_laborales_y_comunes" status="PASSED">
         <system-out><![CDATA[2023-03-09 13:10:32 - [TEST_CASE][PASSED] - Test Cases/1.2-Tareas_Secundarias/5.1-Pruebas_SST/5.1.3-Seguimiento_a_accidente laborales_enfermedades_laborales_y_comunes: Test Cases/1.2-Tareas_Secundarias/5.1-Pruebas_SST/5.1.3-Seguimiento_a_accidente laborales_enfermedades_laborales_y_comunes

2023-03-09 13:10:32 - [TEST_STEP][PASSED] - callTestCase(findTestCase("0.1-Login"), [:], STOP_ON_FAILURE): Call Test Case 'Test Cases/0.1-Login' successfully

2023-03-09 13:10:32 - [TEST_CASE][PASSED] - Test Cases/0.1-Login: Test Cases/0.1-Login

2023-03-09 13:10:32 - [TEST_STEP][PASSED] - openBrowser(""): Browser is opened with url: ''

2023-03-09 13:10:32 - [MESSAGE][INFO] - Starting 'Chrome' driver

2023-03-09 13:10:32 - [MESSAGE][INFO] - Action delay is set to 0 milliseconds

2023-03-09 13:10:33 - [MESSAGE][PASSED] - Browser is opened with url: ''

2023-03-09 13:10:33 - [TEST_STEP][PASSED] - maximizeWindow(): Current window maximized

2023-03-09 13:10:33 - [MESSAGE][PASSED] - Current window maximized

2023-03-09 13:10:33 - [TEST_STEP][PASSED] - i = G_Login: null

2023-03-09 13:10:33 - [TEST_STEP][PASSED] - url = new java.net.URL(i): null

2023-03-09 13:10:33 - [TEST_STEP][PASSED] - println("URL: " + url.toString()): null

2023-03-09 13:10:33 - [TEST_STEP][PASSED] - connection = url.openConnection(): null

2023-03-09 13:10:33 - [TEST_STEP][PASSED] - connection.setRequestMethod("GET"): null

2023-03-09 13:10:33 - [TEST_STEP][PASSED] - connection.setReadTimeout(2 * 1000): null

2023-03-09 13:10:33 - [TEST_STEP][PASSED] - try: null

2023-03-09 13:10:33 - [TEST_STEP][PASSED] - connection.connect(): null

2023-03-09 13:10:33 - [TEST_STEP][PASSED] - flag = connected: null

2023-03-09 13:10:33 - [TEST_STEP][PASSED] - println("Valor_ori: " + flag): null

2023-03-09 13:10:33 - [TEST_STEP][PASSED] - if (flag): null

2023-03-09 13:10:33 - [TEST_STEP][PASSED] - navigateToUrl(i): Navigate to 'http://192.168.2.19:7001/saraweb' successfully

2023-03-09 13:10:36 - [MESSAGE][PASSED] - Navigate to 'http://192.168.2.19:7001/saraweb' successfully

2023-03-09 13:10:36 - [TEST_STEP][PASSED] - a(): null

2023-03-09 13:10:36 - [TEST_STEP][PASSED] - if (waitForElementVisible(findTestObject("3-OBJECTS UTILIDADES/Login/input_USUARIO_loginusuario"), 0)): null

2023-03-09 13:10:36 - [MESSAGE][WARNING] - Timeout '0' is invalid. Using default page load timeout: '37'

2023-03-09 13:10:36 - [MESSAGE][PASSED] - Object 'Object Repository/3-OBJECTS UTILIDADES/Login/input_USUARIO_loginusuario' is visible

2023-03-09 13:10:36 - [TEST_STEP][PASSED] - switchToWindowTitle("SARA"): Switched to window with title: 'SARA'

2023-03-09 13:10:36 - [MESSAGE][PASSED] - Switched to window with title: 'SARA'

2023-03-09 13:10:36 - [TEST_STEP][PASSED] - zoom(): null

2023-03-09 13:10:36 - [TEST_STEP][PASSED] - robot = new java.awt.Robot(): null

2023-03-09 13:10:36 - [TEST_STEP][PASSED] - robot.keyPress(VK_CONTROL): null

2023-03-09 13:10:36 - [TEST_STEP][PASSED] - robot.keyPress(VK_SUBTRACT): null

2023-03-09 13:10:36 - [TEST_STEP][PASSED] - robot.keyRelease(VK_CONTROL): null

2023-03-09 13:10:36 - [TEST_STEP][PASSED] - robot.keyRelease(VK_SUBTRACT): null

2023-03-09 13:10:36 - [TEST_STEP][PASSED] - robot.keyPress(VK_CONTROL): null

2023-03-09 13:10:36 - [TEST_STEP][PASSED] - robot.keyPress(VK_SUBTRACT): null

2023-03-09 13:10:36 - [TEST_STEP][PASSED] - robot.keyRelease(VK_CONTROL): null

2023-03-09 13:10:36 - [TEST_STEP][PASSED] - robot.keyRelease(VK_SUBTRACT): null

2023-03-09 13:10:36 - [TEST_STEP][PASSED] - robot.keyPress(VK_CONTROL): null

2023-03-09 13:10:36 - [TEST_STEP][PASSED] - robot.keyPress(VK_SUBTRACT): null

2023-03-09 13:10:36 - [TEST_STEP][PASSED] - robot.keyRelease(VK_CONTROL): null

2023-03-09 13:10:36 - [TEST_STEP][PASSED] - robot.keyRelease(VK_SUBTRACT): null

2023-03-09 13:10:36 - [TEST_STEP][PASSED] - robot.keyRelease(VK_CONTROL): null

2023-03-09 13:10:36 - [TEST_STEP][PASSED] - robot.keyRelease(VK_SUBTRACT): null

2023-03-09 13:10:36 - [TEST_STEP][PASSED] - setText(findTestObject("3-OBJECTS UTILIDADES/Login/input_USUARIO_loginusuario"), G_Usuario): Text 'weblogic' is set on object 'Object Repository/3-OBJECTS UTILIDADES/Login/input_USUARIO_loginusuario'

2023-03-09 13:10:37 - [MESSAGE][PASSED] - Text 'weblogic' is set on object 'Object Repository/3-OBJECTS UTILIDADES/Login/input_USUARIO_loginusuario'

2023-03-09 13:10:37 - [TEST_STEP][PASSED] - setEncryptedText(findTestObject("3-OBJECTS UTILIDADES/Login/input_CLAVE_loginpassword"), "SlAwMcyRKqrwbnzhAs8HhT6NnI7sEyng"): Text ****** has been set on object 'Object Repository/3-OBJECTS UTILIDADES/Login/input_CLAVE_loginpassword'

2023-03-09 13:10:40 - [MESSAGE][PASSED] - Text ****** has been set on object 'Object Repository/3-OBJECTS UTILIDADES/Login/input_CLAVE_loginpassword'

2023-03-09 13:10:40 - [TEST_STEP][PASSED] - while (waitForElementClickable(findTestObject("3-OBJECTS UTILIDADES/Login/a_Ingresar"), 1)): Web element with id: 'Object Repository/3-OBJECTS UTILIDADES/Login/a_Ingresar' located by '//a[contains(text(),'Ingresar')]' not found

2023-03-09 13:10:42 - [MESSAGE][INFO] - Unable to find the element located by 'By.xpath: //a[contains(text(),'Ingresar')]'. Please recheck the objects properties to make sure the desired element is located. 

2023-03-09 13:10:42 - [MESSAGE][WARNING] - Web element with id: 'Object Repository/3-OBJECTS UTILIDADES/Login/a_Ingresar' located by '//a[contains(text(),'Ingresar')]' not found

2023-03-09 13:10:42 - [MESSAGE][PASSED] - Call Test Case 'Test Cases/0.1-Login' successfully

2023-03-09 13:10:42 - [TEST_STEP][PASSED] - setText(findTestObject("2-OBJECTS TAREAS SECUNDARIAS/Pruebas SST/Seguimiento_a_accidente laborales_enfermedades_laborales_y_comunes/input_ADMINISTRADOR DEL SISTEMA - SARA_form_templatej_idt24_input"), "Registrar / Nov"): Text 'Registrar / Nov' is set on object 'Object Repository/2-OBJECTS TAREAS SECUNDARIAS/Pruebas SST/Seguimiento_a_accidente laborales_enfermedades_laborales_y_comunes/input_ADMINISTRADOR DEL SISTEMA - SARA_form_templatej_idt24_input'

2023-03-09 13:10:43 - [MESSAGE][PASSED] - Text 'Registrar / Nov' is set on object 'Object Repository/2-OBJECTS TAREAS SECUNDARIAS/Pruebas SST/Seguimiento_a_accidente laborales_enfermedades_laborales_y_comunes/input_ADMINISTRADOR DEL SISTEMA - SARA_form_templatej_idt24_input'

2023-03-09 13:10:43 - [TEST_STEP][PASSED] - click(findTestObject("2-OBJECTS TAREAS SECUNDARIAS/Pruebas SST/Seguimiento_a_accidente laborales_enfermedades_laborales_y_comunes/li_Registrar  Nov. Caso Atep (sst)")): Object: 'Object Repository/2-OBJECTS TAREAS SECUNDARIAS/Pruebas SST/Seguimiento_a_accidente laborales_enfermedades_laborales_y_comunes/li_Registrar  Nov. Caso Atep (sst)' is clicked on

2023-03-09 13:10:45 - [MESSAGE][PASSED] - Object: 'Object Repository/2-OBJECTS TAREAS SECUNDARIAS/Pruebas SST/Seguimiento_a_accidente laborales_enfermedades_laborales_y_comunes/li_Registrar  Nov. Caso Atep (sst)' is clicked on

2023-03-09 13:10:45 - [TEST_STEP][PASSED] - selectOptionByIndex(findTestObject("2-OBJECTS TAREAS SECUNDARIAS/Pruebas SST/Seguimiento_a_accidente laborales_enfermedades_laborales_y_comunes (1)/select_-- SELECCIONAR --SEDE NORTESEDE OCCIDENTESEDE SUR1"), 1): All options with index in [1] are selected on object 'Object Repository/2-OBJECTS TAREAS SECUNDARIAS/Pruebas SST/Seguimiento_a_accidente laborales_enfermedades_laborales_y_comunes (1)/select_-- SELECCIONAR --SEDE NORTESEDE OCCIDENTESEDE SUR1'

2023-03-09 13:10:49 - [MESSAGE][PASSED] - All options with index in [1] are selected on object 'Object Repository/2-OBJECTS TAREAS SECUNDARIAS/Pruebas SST/Seguimiento_a_accidente laborales_enfermedades_laborales_y_comunes (1)/select_-- SELECCIONAR --SEDE NORTESEDE OCCIDENTESEDE SUR1'

2023-03-09 13:10:49 - [TEST_STEP][PASSED] - click(findTestObject("2-OBJECTS TAREAS SECUNDARIAS/Pruebas SST/Seguimiento_a_accidente laborales_enfermedades_laborales_y_comunes/a_Nombre_form_listadoSolicitudElementoj_idt65")): Object: 'Object Repository/2-OBJECTS TAREAS SECUNDARIAS/Pruebas SST/Seguimiento_a_accidente laborales_enfermedades_laborales_y_comunes/a_Nombre_form_listadoSolicitudElementoj_idt65' is clicked on

2023-03-09 13:10:49 - [MESSAGE][PASSED] - Object: 'Object Repository/2-OBJECTS TAREAS SECUNDARIAS/Pruebas SST/Seguimiento_a_accidente laborales_enfermedades_laborales_y_comunes/a_Nombre_form_listadoSolicitudElementoj_idt65' is clicked on

2023-03-09 13:10:49 - [TEST_STEP][PASSED] - setText(findTestObject("2-OBJECTS TAREAS SECUNDARIAS/Pruebas SST/Seguimiento_a_accidente laborales_enfermedades_laborales_y_comunes/input_Filtro Hoja de Vida_formPopupHojaVidaj_idt7951"), "A A A"): Text 'A A A' is set on object 'Object Repository/2-OBJECTS TAREAS SECUNDARIAS/Pruebas SST/Seguimiento_a_accidente laborales_enfermedades_laborales_y_comunes/input_Filtro Hoja de Vida_formPopupHojaVidaj_idt7951'

2023-03-09 13:10:50 - [MESSAGE][PASSED] - Text 'A A A' is set on object 'Object Repository/2-OBJECTS TAREAS SECUNDARIAS/Pruebas SST/Seguimiento_a_accidente laborales_enfermedades_laborales_y_comunes/input_Filtro Hoja de Vida_formPopupHojaVidaj_idt7951'

2023-03-09 13:10:50 - [TEST_STEP][PASSED] - sendKeys(findTestObject("2-OBJECTS TAREAS SECUNDARIAS/Pruebas SST/Seguimiento_a_accidente laborales_enfermedades_laborales_y_comunes/input_Filtro Hoja de Vida_formPopupHojaVidaj_idt7951"), Keys.chord(ENTER)): Keys 'ENTER + ' sent to object: 'Object Repository/2-OBJECTS TAREAS SECUNDARIAS/Pruebas SST/Seguimiento_a_accidente laborales_enfermedades_laborales_y_comunes/input_Filtro Hoja de Vida_formPopupHojaVidaj_idt7951'

2023-03-09 13:10:51 - [MESSAGE][PASSED] - Keys 'ENTER + ' sent to object: 'Object Repository/2-OBJECTS TAREAS SECUNDARIAS/Pruebas SST/Seguimiento_a_accidente laborales_enfermedades_laborales_y_comunes/input_Filtro Hoja de Vida_formPopupHojaVidaj_idt7951'

2023-03-09 13:10:51 - [TEST_STEP][PASSED] - if (waitForElementClickable(findTestObject("2-OBJECTS TAREAS SECUNDARIAS/Pruebas SST/Seguimiento_a_accidente laborales_enfermedades_laborales_y_comunes (1)/span_A A A"), 1)): null

2023-03-09 13:10:51 - [MESSAGE][PASSED] - Object 'Object Repository/2-OBJECTS TAREAS SECUNDARIAS/Pruebas SST/Seguimiento_a_accidente laborales_enfermedades_laborales_y_comunes (1)/span_A A A' is clickable

2023-03-09 13:10:51 - [TEST_STEP][PASSED] - click(findTestObject("2-OBJECTS TAREAS SECUNDARIAS/Pruebas SST/Seguimiento_a_accidente laborales_enfermedades_laborales_y_comunes (1)/span_A A A")): Object: 'Object Repository/2-OBJECTS TAREAS SECUNDARIAS/Pruebas SST/Seguimiento_a_accidente laborales_enfermedades_laborales_y_comunes (1)/span_A A A' is clicked on

2023-03-09 13:10:52 - [MESSAGE][PASSED] - Object: 'Object Repository/2-OBJECTS TAREAS SECUNDARIAS/Pruebas SST/Seguimiento_a_accidente laborales_enfermedades_laborales_y_comunes (1)/span_A A A' is clicked on

2023-03-09 13:10:52 - [TEST_STEP][PASSED] - if (waitForElementPresent(findTestObject("2-OBJECTS TAREAS SECUNDARIAS/Pruebas SST/Seguimiento_a_accidente laborales_enfermedades_laborales_y_comunes (1)/td_1010220596 - A A A"), 1)): null

2023-03-09 13:10:52 - [MESSAGE][PASSED] - Object 'Object Repository/2-OBJECTS TAREAS SECUNDARIAS/Pruebas SST/Seguimiento_a_accidente laborales_enfermedades_laborales_y_comunes (1)/td_1010220596 - A A A' is present

2023-03-09 13:10:52 - [TEST_STEP][PASSED] - click(findTestObject("2-OBJECTS TAREAS SECUNDARIAS/Pruebas SST/Seguimiento_a_accidente laborales_enfermedades_laborales_y_comunes (1)/td_1010220596 - A A A"), STOP_ON_FAILURE): Object: 'Object Repository/2-OBJECTS TAREAS SECUNDARIAS/Pruebas SST/Seguimiento_a_accidente laborales_enfermedades_laborales_y_comunes (1)/td_1010220596 - A A A' is clicked on

2023-03-09 13:10:53 - [MESSAGE][PASSED] - Object: 'Object Repository/2-OBJECTS TAREAS SECUNDARIAS/Pruebas SST/Seguimiento_a_accidente laborales_enfermedades_laborales_y_comunes (1)/td_1010220596 - A A A' is clicked on

2023-03-09 13:10:53 - [TEST_STEP][PASSED] - click(findTestObject("2-OBJECTS TAREAS SECUNDARIAS/Pruebas SST/Seguimiento_a_accidente laborales_enfermedades_laborales_y_comunes/a_Dictamen")): Object: 'Object Repository/2-OBJECTS TAREAS SECUNDARIAS/Pruebas SST/Seguimiento_a_accidente laborales_enfermedades_laborales_y_comunes/a_Dictamen' is clicked on

2023-03-09 13:10:53 - [MESSAGE][PASSED] - Object: 'Object Repository/2-OBJECTS TAREAS SECUNDARIAS/Pruebas SST/Seguimiento_a_accidente laborales_enfermedades_laborales_y_comunes/a_Dictamen' is clicked on

2023-03-09 13:10:53 - [TEST_STEP][PASSED] - if (waitForElementPresent(findTestObject("2-OBJECTS TAREAS SECUNDARIAS/Pruebas SST/Seguimiento_a_accidente laborales_enfermedades_laborales_y_comunes (1)/td_ALMANZA NOVOA JOHN ALEXANDRE"), 1)): null

2023-03-09 13:10:54 - [MESSAGE][PASSED] - Object 'Object Repository/2-OBJECTS TAREAS SECUNDARIAS/Pruebas SST/Seguimiento_a_accidente laborales_enfermedades_laborales_y_comunes (1)/td_ALMANZA NOVOA JOHN ALEXANDRE' is present

2023-03-09 13:10:54 - [TEST_STEP][PASSED] - click(findTestObject("2-OBJECTS TAREAS SECUNDARIAS/Pruebas SST/Seguimiento_a_accidente laborales_enfermedades_laborales_y_comunes (1)/td_ALMANZA NOVOA JOHN ALEXANDRE")): Object: 'Object Repository/2-OBJECTS TAREAS SECUNDARIAS/Pruebas SST/Seguimiento_a_accidente laborales_enfermedades_laborales_y_comunes (1)/td_ALMANZA NOVOA JOHN ALEXANDRE' is clicked on

2023-03-09 13:10:54 - [MESSAGE][PASSED] - Object: 'Object Repository/2-OBJECTS TAREAS SECUNDARIAS/Pruebas SST/Seguimiento_a_accidente laborales_enfermedades_laborales_y_comunes (1)/td_ALMANZA NOVOA JOHN ALEXANDRE' is clicked on

2023-03-09 13:10:54 - [TEST_STEP][PASSED] - click(findTestObject("2-OBJECTS TAREAS SECUNDARIAS/Pruebas SST/Seguimiento_a_accidente laborales_enfermedades_laborales_y_comunes/a_Eliminar2")): Object: 'Object Repository/2-OBJECTS TAREAS SECUNDARIAS/Pruebas SST/Seguimiento_a_accidente laborales_enfermedades_laborales_y_comunes/a_Eliminar2' is clicked on

2023-03-09 13:10:55 - [MESSAGE][PASSED] - Object: 'Object Repository/2-OBJECTS TAREAS SECUNDARIAS/Pruebas SST/Seguimiento_a_accidente laborales_enfermedades_laborales_y_comunes/a_Eliminar2' is clicked on

2023-03-09 13:10:55 - [TEST_STEP][PASSED] - click(findTestObject("2-OBJECTS TAREAS SECUNDARIAS/Pruebas SST/Seguimiento_a_accidente laborales_enfermedades_laborales_y_comunes (1)/span_Si2")): Object: 'Object Repository/2-OBJECTS TAREAS SECUNDARIAS/Pruebas SST/Seguimiento_a_accidente laborales_enfermedades_laborales_y_comunes (1)/span_Si2' is clicked on

2023-03-09 13:10:55 - [MESSAGE][PASSED] - Object: 'Object Repository/2-OBJECTS TAREAS SECUNDARIAS/Pruebas SST/Seguimiento_a_accidente laborales_enfermedades_laborales_y_comunes (1)/span_Si2' is clicked on

2023-03-09 13:10:55 - [TEST_STEP][PASSED] - click(findTestObject("2-OBJECTS TAREAS SECUNDARIAS/Pruebas SST/Seguimiento_a_accidente laborales_enfermedades_laborales_y_comunes/a_Regresar")): Object: 'Object Repository/2-OBJECTS TAREAS SECUNDARIAS/Pruebas SST/Seguimiento_a_accidente laborales_enfermedades_laborales_y_comunes/a_Regresar' is clicked on

2023-03-09 13:10:56 - [MESSAGE][PASSED] - Object: 'Object Repository/2-OBJECTS TAREAS SECUNDARIAS/Pruebas SST/Seguimiento_a_accidente laborales_enfermedades_laborales_y_comunes/a_Regresar' is clicked on

2023-03-09 13:10:56 - [TEST_STEP][PASSED] - click(findTestObject("2-OBJECTS TAREAS SECUNDARIAS/Pruebas SST/Seguimiento_a_accidente laborales_enfermedades_laborales_y_comunes/a_Nombre_form_listadoSolicitudElementoj_idt65")): Object: 'Object Repository/2-OBJECTS TAREAS SECUNDARIAS/Pruebas SST/Seguimiento_a_accidente laborales_enfermedades_laborales_y_comunes/a_Nombre_form_listadoSolicitudElementoj_idt65' is clicked on

2023-03-09 13:10:57 - [MESSAGE][PASSED] - Object: 'Object Repository/2-OBJECTS TAREAS SECUNDARIAS/Pruebas SST/Seguimiento_a_accidente laborales_enfermedades_laborales_y_comunes/a_Nombre_form_listadoSolicitudElementoj_idt65' is clicked on

2023-03-09 13:10:57 - [TEST_STEP][PASSED] - setText(findTestObject("2-OBJECTS TAREAS SECUNDARIAS/Pruebas SST/Seguimiento_a_accidente laborales_enfermedades_laborales_y_comunes/input_Filtro Hoja de Vida_formPopupHojaVidaj_idt7951"), "A A A"): Text 'A A A' is set on object 'Object Repository/2-OBJECTS TAREAS SECUNDARIAS/Pruebas SST/Seguimiento_a_accidente laborales_enfermedades_laborales_y_comunes/input_Filtro Hoja de Vida_formPopupHojaVidaj_idt7951'

2023-03-09 13:10:58 - [MESSAGE][PASSED] - Text 'A A A' is set on object 'Object Repository/2-OBJECTS TAREAS SECUNDARIAS/Pruebas SST/Seguimiento_a_accidente laborales_enfermedades_laborales_y_comunes/input_Filtro Hoja de Vida_formPopupHojaVidaj_idt7951'

2023-03-09 13:10:58 - [TEST_STEP][PASSED] - sendKeys(findTestObject("2-OBJECTS TAREAS SECUNDARIAS/Pruebas SST/Seguimiento_a_accidente laborales_enfermedades_laborales_y_comunes/input_Filtro Hoja de Vida_formPopupHojaVidaj_idt7951"), Keys.chord(ENTER)): Keys 'ENTER + ' sent to object: 'Object Repository/2-OBJECTS TAREAS SECUNDARIAS/Pruebas SST/Seguimiento_a_accidente laborales_enfermedades_laborales_y_comunes/input_Filtro Hoja de Vida_formPopupHojaVidaj_idt7951'

2023-03-09 13:10:58 - [MESSAGE][PASSED] - Keys 'ENTER + ' sent to object: 'Object Repository/2-OBJECTS TAREAS SECUNDARIAS/Pruebas SST/Seguimiento_a_accidente laborales_enfermedades_laborales_y_comunes/input_Filtro Hoja de Vida_formPopupHojaVidaj_idt7951'

2023-03-09 13:10:58 - [TEST_STEP][PASSED] - click(findTestObject("2-OBJECTS TAREAS SECUNDARIAS/Pruebas SST/Seguimiento_a_accidente laborales_enfermedades_laborales_y_comunes (1)/span_A A A")): Object: 'Object Repository/2-OBJECTS TAREAS SECUNDARIAS/Pruebas SST/Seguimiento_a_accidente laborales_enfermedades_laborales_y_comunes (1)/span_A A A' is clicked on

2023-03-09 13:10:59 - [MESSAGE][PASSED] - Object: 'Object Repository/2-OBJECTS TAREAS SECUNDARIAS/Pruebas SST/Seguimiento_a_accidente laborales_enfermedades_laborales_y_comunes (1)/span_A A A' is clicked on

2023-03-09 13:10:59 - [TEST_STEP][PASSED] - click(findTestObject("2-OBJECTS TAREAS SECUNDARIAS/Pruebas SST/Seguimiento_a_accidente laborales_enfermedades_laborales_y_comunes/a_Novedades")): Object: 'Object Repository/2-OBJECTS TAREAS SECUNDARIAS/Pruebas SST/Seguimiento_a_accidente laborales_enfermedades_laborales_y_comunes/a_Novedades' is clicked on

2023-03-09 13:11:00 - [MESSAGE][PASSED] - Object: 'Object Repository/2-OBJECTS TAREAS SECUNDARIAS/Pruebas SST/Seguimiento_a_accidente laborales_enfermedades_laborales_y_comunes/a_Novedades' is clicked on

2023-03-09 13:11:00 - [TEST_STEP][PASSED] - if (waitForElementPresent(findTestObject("2-OBJECTS TAREAS SECUNDARIAS/Pruebas SST/Seguimiento_a_accidente laborales_enfermedades_laborales_y_comunes (1)/td_Seguridad y Salud en el Trabajo - Parmetro Bsico"), 1)): null

2023-03-09 13:11:01 - [MESSAGE][PASSED] - Object 'Object Repository/2-OBJECTS TAREAS SECUNDARIAS/Pruebas SST/Seguimiento_a_accidente laborales_enfermedades_laborales_y_comunes (1)/td_Seguridad y Salud en el Trabajo - Parmetro Bsico' is present

2023-03-09 13:11:01 - [TEST_STEP][PASSED] - click(findTestObject("2-OBJECTS TAREAS SECUNDARIAS/Pruebas SST/Seguimiento_a_accidente laborales_enfermedades_laborales_y_comunes (1)/td_Seguridad y Salud en el Trabajo - Parmetro Bsico")): Object: 'Object Repository/2-OBJECTS TAREAS SECUNDARIAS/Pruebas SST/Seguimiento_a_accidente laborales_enfermedades_laborales_y_comunes (1)/td_Seguridad y Salud en el Trabajo - Parmetro Bsico' is clicked on

2023-03-09 13:11:01 - [MESSAGE][PASSED] - Object: 'Object Repository/2-OBJECTS TAREAS SECUNDARIAS/Pruebas SST/Seguimiento_a_accidente laborales_enfermedades_laborales_y_comunes (1)/td_Seguridad y Salud en el Trabajo - Parmetro Bsico' is clicked on

2023-03-09 13:11:01 - [TEST_STEP][PASSED] - click(findTestObject("2-OBJECTS TAREAS SECUNDARIAS/Pruebas SST/Seguimiento_a_accidente laborales_enfermedades_laborales_y_comunes/label_Novedad Caso Atep")): Object: 'Object Repository/2-OBJECTS TAREAS SECUNDARIAS/Pruebas SST/Seguimiento_a_accidente laborales_enfermedades_laborales_y_comunes/label_Novedad Caso Atep' is clicked on

2023-03-09 13:11:02 - [MESSAGE][PASSED] - Object: 'Object Repository/2-OBJECTS TAREAS SECUNDARIAS/Pruebas SST/Seguimiento_a_accidente laborales_enfermedades_laborales_y_comunes/label_Novedad Caso Atep' is clicked on

2023-03-09 13:11:02 - [TEST_STEP][PASSED] - click(findTestObject("2-OBJECTS TAREAS SECUNDARIAS/Pruebas SST/Seguimiento_a_accidente laborales_enfermedades_laborales_y_comunes/a_Eliminar3")): Object: 'Object Repository/2-OBJECTS TAREAS SECUNDARIAS/Pruebas SST/Seguimiento_a_accidente laborales_enfermedades_laborales_y_comunes/a_Eliminar3' is clicked on

2023-03-09 13:11:02 - [MESSAGE][PASSED] - Object: 'Object Repository/2-OBJECTS TAREAS SECUNDARIAS/Pruebas SST/Seguimiento_a_accidente laborales_enfermedades_laborales_y_comunes/a_Eliminar3' is clicked on

2023-03-09 13:11:02 - [TEST_STEP][PASSED] - click(findTestObject("2-OBJECTS TAREAS SECUNDARIAS/Pruebas SST/Seguimiento_a_accidente laborales_enfermedades_laborales_y_comunes (1)/span_Si3")): Object: 'Object Repository/2-OBJECTS TAREAS SECUNDARIAS/Pruebas SST/Seguimiento_a_accidente laborales_enfermedades_laborales_y_comunes (1)/span_Si3' is clicked on

2023-03-09 13:11:03 - [MESSAGE][PASSED] - Object: 'Object Repository/2-OBJECTS TAREAS SECUNDARIAS/Pruebas SST/Seguimiento_a_accidente laborales_enfermedades_laborales_y_comunes (1)/span_Si3' is clicked on

2023-03-09 13:11:03 - [TEST_STEP][PASSED] - click(findTestObject("2-OBJECTS TAREAS SECUNDARIAS/Pruebas SST/Seguimiento_a_accidente laborales_enfermedades_laborales_y_comunes/a_Regresar")): Object: 'Object Repository/2-OBJECTS TAREAS SECUNDARIAS/Pruebas SST/Seguimiento_a_accidente laborales_enfermedades_laborales_y_comunes/a_Regresar' is clicked on

2023-03-09 13:11:04 - [MESSAGE][PASSED] - Object: 'Object Repository/2-OBJECTS TAREAS SECUNDARIAS/Pruebas SST/Seguimiento_a_accidente laborales_enfermedades_laborales_y_comunes/a_Regresar' is clicked on

2023-03-09 13:11:04 - [TEST_STEP][PASSED] - click(findTestObject("2-OBJECTS TAREAS SECUNDARIAS/Pruebas SST/Seguimiento_a_accidente laborales_enfermedades_laborales_y_comunes/a_Nombre_form_listadoSolicitudElementoj_idt65")): Object: 'Object Repository/2-OBJECTS TAREAS SECUNDARIAS/Pruebas SST/Seguimiento_a_accidente laborales_enfermedades_laborales_y_comunes/a_Nombre_form_listadoSolicitudElementoj_idt65' is clicked on

2023-03-09 13:11:04 - [MESSAGE][PASSED] - Object: 'Object Repository/2-OBJECTS TAREAS SECUNDARIAS/Pruebas SST/Seguimiento_a_accidente laborales_enfermedades_laborales_y_comunes/a_Nombre_form_listadoSolicitudElementoj_idt65' is clicked on

2023-03-09 13:11:04 - [TEST_STEP][PASSED] - setText(findTestObject("2-OBJECTS TAREAS SECUNDARIAS/Pruebas SST/Seguimiento_a_accidente laborales_enfermedades_laborales_y_comunes/input_Filtro Hoja de Vida_formPopupHojaVidaj_idt7951"), "A A A"): Text 'A A A' is set on object 'Object Repository/2-OBJECTS TAREAS SECUNDARIAS/Pruebas SST/Seguimiento_a_accidente laborales_enfermedades_laborales_y_comunes/input_Filtro Hoja de Vida_formPopupHojaVidaj_idt7951'

2023-03-09 13:11:05 - [MESSAGE][PASSED] - Text 'A A A' is set on object 'Object Repository/2-OBJECTS TAREAS SECUNDARIAS/Pruebas SST/Seguimiento_a_accidente laborales_enfermedades_laborales_y_comunes/input_Filtro Hoja de Vida_formPopupHojaVidaj_idt7951'

2023-03-09 13:11:05 - [TEST_STEP][PASSED] - sendKeys(findTestObject("2-OBJECTS TAREAS SECUNDARIAS/Pruebas SST/Seguimiento_a_accidente laborales_enfermedades_laborales_y_comunes/input_Filtro Hoja de Vida_formPopupHojaVidaj_idt7951"), Keys.chord(ENTER)): Keys 'ENTER + ' sent to object: 'Object Repository/2-OBJECTS TAREAS SECUNDARIAS/Pruebas SST/Seguimiento_a_accidente laborales_enfermedades_laborales_y_comunes/input_Filtro Hoja de Vida_formPopupHojaVidaj_idt7951'

2023-03-09 13:11:06 - [MESSAGE][PASSED] - Keys 'ENTER + ' sent to object: 'Object Repository/2-OBJECTS TAREAS SECUNDARIAS/Pruebas SST/Seguimiento_a_accidente laborales_enfermedades_laborales_y_comunes/input_Filtro Hoja de Vida_formPopupHojaVidaj_idt7951'

2023-03-09 13:11:06 - [TEST_STEP][PASSED] - click(findTestObject("2-OBJECTS TAREAS SECUNDARIAS/Pruebas SST/Seguimiento_a_accidente laborales_enfermedades_laborales_y_comunes (1)/span_A A A")): Object: 'Object Repository/2-OBJECTS TAREAS SECUNDARIAS/Pruebas SST/Seguimiento_a_accidente laborales_enfermedades_laborales_y_comunes (1)/span_A A A' is clicked on

2023-03-09 13:11:07 - [MESSAGE][PASSED] - Object: 'Object Repository/2-OBJECTS TAREAS SECUNDARIAS/Pruebas SST/Seguimiento_a_accidente laborales_enfermedades_laborales_y_comunes (1)/span_A A A' is clicked on

2023-03-09 13:11:07 - [TEST_STEP][PASSED] - click(findTestObject("2-OBJECTS TAREAS SECUNDARIAS/Pruebas SST/Seguimiento_a_accidente laborales_enfermedades_laborales_y_comunes/a_Ver")): Object: 'Object Repository/2-OBJECTS TAREAS SECUNDARIAS/Pruebas SST/Seguimiento_a_accidente laborales_enfermedades_laborales_y_comunes/a_Ver' is clicked on

2023-03-09 13:11:07 - [MESSAGE][PASSED] - Object: 'Object Repository/2-OBJECTS TAREAS SECUNDARIAS/Pruebas SST/Seguimiento_a_accidente laborales_enfermedades_laborales_y_comunes/a_Ver' is clicked on

2023-03-09 13:11:07 - [TEST_STEP][PASSED] - click(findTestObject("2-OBJECTS TAREAS SECUNDARIAS/Pruebas SST/Seguimiento_a_accidente laborales_enfermedades_laborales_y_comunes/a_Eliminar")): Object: 'Object Repository/2-OBJECTS TAREAS SECUNDARIAS/Pruebas SST/Seguimiento_a_accidente laborales_enfermedades_laborales_y_comunes/a_Eliminar' is clicked on

2023-03-09 13:11:08 - [MESSAGE][PASSED] - Object: 'Object Repository/2-OBJECTS TAREAS SECUNDARIAS/Pruebas SST/Seguimiento_a_accidente laborales_enfermedades_laborales_y_comunes/a_Eliminar' is clicked on

2023-03-09 13:11:08 - [TEST_STEP][PASSED] - click(findTestObject("2-OBJECTS TAREAS SECUNDARIAS/Pruebas SST/Seguimiento_a_accidente laborales_enfermedades_laborales_y_comunes/a_Aceptar_Eliminar")): Object: 'Object Repository/2-OBJECTS TAREAS SECUNDARIAS/Pruebas SST/Seguimiento_a_accidente laborales_enfermedades_laborales_y_comunes/a_Aceptar_Eliminar' is clicked on

2023-03-09 13:11:09 - [MESSAGE][PASSED] - Object: 'Object Repository/2-OBJECTS TAREAS SECUNDARIAS/Pruebas SST/Seguimiento_a_accidente laborales_enfermedades_laborales_y_comunes/a_Aceptar_Eliminar' is clicked on

2023-03-09 13:11:09 - [TEST_STEP][PASSED] - click(findTestObject("2-OBJECTS TAREAS SECUNDARIAS/Pruebas SST/Seguimiento_a_accidente laborales_enfermedades_laborales_y_comunes/a_Nuevo")): Object: 'Object Repository/2-OBJECTS TAREAS SECUNDARIAS/Pruebas SST/Seguimiento_a_accidente laborales_enfermedades_laborales_y_comunes/a_Nuevo' is clicked on

2023-03-09 13:11:10 - [MESSAGE][PASSED] - Object: 'Object Repository/2-OBJECTS TAREAS SECUNDARIAS/Pruebas SST/Seguimiento_a_accidente laborales_enfermedades_laborales_y_comunes/a_Nuevo' is clicked on

2023-03-09 13:11:10 - [TEST_STEP][PASSED] - click(findTestObject("2-OBJECTS TAREAS SECUNDARIAS/Pruebas SST/Seguimiento_a_accidente laborales_enfermedades_laborales_y_comunes/a_Identificacin_form_popupCasoAteptabj_idt102")): Object: 'Object Repository/2-OBJECTS TAREAS SECUNDARIAS/Pruebas SST/Seguimiento_a_accidente laborales_enfermedades_laborales_y_comunes/a_Identificacin_form_popupCasoAteptabj_idt102' is clicked on

2023-03-09 13:11:10 - [MESSAGE][PASSED] - Object: 'Object Repository/2-OBJECTS TAREAS SECUNDARIAS/Pruebas SST/Seguimiento_a_accidente laborales_enfermedades_laborales_y_comunes/a_Identificacin_form_popupCasoAteptabj_idt102' is clicked on

2023-03-09 13:11:10 - [TEST_STEP][PASSED] - setText(findTestObject("2-OBJECTS TAREAS SECUNDARIAS/Pruebas SST/Seguimiento_a_accidente laborales_enfermedades_laborales_y_comunes/input_Filtro Hoja de Vida_formPopupHojaVidaj_idt795"), "A A A"): Text 'A A A' is set on object 'Object Repository/2-OBJECTS TAREAS SECUNDARIAS/Pruebas SST/Seguimiento_a_accidente laborales_enfermedades_laborales_y_comunes/input_Filtro Hoja de Vida_formPopupHojaVidaj_idt795'

2023-03-09 13:11:11 - [MESSAGE][PASSED] - Text 'A A A' is set on object 'Object Repository/2-OBJECTS TAREAS SECUNDARIAS/Pruebas SST/Seguimiento_a_accidente laborales_enfermedades_laborales_y_comunes/input_Filtro Hoja de Vida_formPopupHojaVidaj_idt795'

2023-03-09 13:11:11 - [TEST_STEP][PASSED] - sendKeys(findTestObject("2-OBJECTS TAREAS SECUNDARIAS/Pruebas SST/Seguimiento_a_accidente laborales_enfermedades_laborales_y_comunes/input_Filtro Hoja de Vida_formPopupHojaVidaj_idt795"), Keys.chord(ENTER)): Keys 'ENTER + ' sent to object: 'Object Repository/2-OBJECTS TAREAS SECUNDARIAS/Pruebas SST/Seguimiento_a_accidente laborales_enfermedades_laborales_y_comunes/input_Filtro Hoja de Vida_formPopupHojaVidaj_idt795'

2023-03-09 13:11:12 - [MESSAGE][PASSED] - Keys 'ENTER + ' sent to object: 'Object Repository/2-OBJECTS TAREAS SECUNDARIAS/Pruebas SST/Seguimiento_a_accidente laborales_enfermedades_laborales_y_comunes/input_Filtro Hoja de Vida_formPopupHojaVidaj_idt795'

2023-03-09 13:11:12 - [TEST_STEP][PASSED] - click(findTestObject("2-OBJECTS TAREAS SECUNDARIAS/Pruebas SST/Seguimiento_a_accidente laborales_enfermedades_laborales_y_comunes (1)/span_A A A"), STOP_ON_FAILURE): Object: 'Object Repository/2-OBJECTS TAREAS SECUNDARIAS/Pruebas SST/Seguimiento_a_accidente laborales_enfermedades_laborales_y_comunes (1)/span_A A A' is clicked on

2023-03-09 13:11:13 - [MESSAGE][PASSED] - Object: 'Object Repository/2-OBJECTS TAREAS SECUNDARIAS/Pruebas SST/Seguimiento_a_accidente laborales_enfermedades_laborales_y_comunes (1)/span_A A A' is clicked on

2023-03-09 13:11:13 - [TEST_STEP][PASSED] - selectOptionByIndex(findTestObject("2-OBJECTS TAREAS SECUNDARIAS/Pruebas SST/Seguimiento_a_accidente laborales_enfermedades_laborales_y_comunes (1)/select_-- SELECCIONAR --SEDE NORTESEDE OCCIDENTESEDE SUR"), 1): All options with index in [1] are selected on object 'Object Repository/2-OBJECTS TAREAS SECUNDARIAS/Pruebas SST/Seguimiento_a_accidente laborales_enfermedades_laborales_y_comunes (1)/select_-- SELECCIONAR --SEDE NORTESEDE OCCIDENTESEDE SUR'

2023-03-09 13:11:14 - [MESSAGE][PASSED] - All options with index in [1] are selected on object 'Object Repository/2-OBJECTS TAREAS SECUNDARIAS/Pruebas SST/Seguimiento_a_accidente laborales_enfermedades_laborales_y_comunes (1)/select_-- SELECCIONAR --SEDE NORTESEDE OCCIDENTESEDE SUR'

2023-03-09 13:11:14 - [TEST_STEP][PASSED] - selectOptionByIndex(findTestObject("2-OBJECTS TAREAS SECUNDARIAS/Pruebas SST/Seguimiento_a_accidente laborales_enfermedades_laborales_y_comunes (1)/select_--Seleccione--AccidenteEnfermedad ComnEnfermedad Laboral"), 2): All options with index in [2] are selected on object 'Object Repository/2-OBJECTS TAREAS SECUNDARIAS/Pruebas SST/Seguimiento_a_accidente laborales_enfermedades_laborales_y_comunes (1)/select_--Seleccione--AccidenteEnfermedad ComnEnfermedad Laboral'

2023-03-09 13:11:15 - [MESSAGE][PASSED] - All options with index in [2] are selected on object 'Object Repository/2-OBJECTS TAREAS SECUNDARIAS/Pruebas SST/Seguimiento_a_accidente laborales_enfermedades_laborales_y_comunes (1)/select_--Seleccione--AccidenteEnfermedad ComnEnfermedad Laboral'

2023-03-09 13:11:15 - [TEST_STEP][PASSED] - selectOptionByIndex(findTestObject("2-OBJECTS TAREAS SECUNDARIAS/Pruebas SST/Seguimiento_a_accidente laborales_enfermedades_laborales_y_comunes (1)/select_-- SELECCIONAR --Aula InteligenteSala de JuntasSalon ExternoSalon Principal"), 2): All options with index in [2] are selected on object 'Object Repository/2-OBJECTS TAREAS SECUNDARIAS/Pruebas SST/Seguimiento_a_accidente laborales_enfermedades_laborales_y_comunes (1)/select_-- SELECCIONAR --Aula InteligenteSala de JuntasSalon ExternoSalon Principal'

2023-03-09 13:11:16 - [MESSAGE][PASSED] - All options with index in [2] are selected on object 'Object Repository/2-OBJECTS TAREAS SECUNDARIAS/Pruebas SST/Seguimiento_a_accidente laborales_enfermedades_laborales_y_comunes (1)/select_-- SELECCIONAR --Aula InteligenteSala de JuntasSalon ExternoSalon Principal'

2023-03-09 13:11:16 - [TEST_STEP][PASSED] - selectOptionByIndex(findTestObject("2-OBJECTS TAREAS SECUNDARIAS/Pruebas SST/Seguimiento_a_accidente laborales_enfermedades_laborales_y_comunes (1)/select_-- SELECCIONAR --COOPERADOESTUDIANTE O APRENDIZINDEPENDIENTEMISIONPLANTA"), 5): All options with index in [5] are selected on object 'Object Repository/2-OBJECTS TAREAS SECUNDARIAS/Pruebas SST/Seguimiento_a_accidente laborales_enfermedades_laborales_y_comunes (1)/select_-- SELECCIONAR --COOPERADOESTUDIANTE O APRENDIZINDEPENDIENTEMISIONPLANTA'

2023-03-09 13:11:17 - [MESSAGE][PASSED] - All options with index in [5] are selected on object 'Object Repository/2-OBJECTS TAREAS SECUNDARIAS/Pruebas SST/Seguimiento_a_accidente laborales_enfermedades_laborales_y_comunes (1)/select_-- SELECCIONAR --COOPERADOESTUDIANTE O APRENDIZINDEPENDIENTEMISIONPLANTA'

2023-03-09 13:11:17 - [TEST_STEP][PASSED] - selectOptionByIndex(findTestObject("2-OBJECTS TAREAS SECUNDARIAS/Pruebas SST/Seguimiento_a_accidente laborales_enfermedades_laborales_y_comunes (1)/select_-- SELECCIONAR --EPS - ALIANSALUD EPSEPS - CAFESALUDEPS"), 8): All options with index in [8] are selected on object 'Object Repository/2-OBJECTS TAREAS SECUNDARIAS/Pruebas SST/Seguimiento_a_accidente laborales_enfermedades_laborales_y_comunes (1)/select_-- SELECCIONAR --EPS - ALIANSALUD EPSEPS - CAFESALUDEPS'

2023-03-09 13:11:19 - [MESSAGE][PASSED] - All options with index in [8] are selected on object 'Object Repository/2-OBJECTS TAREAS SECUNDARIAS/Pruebas SST/Seguimiento_a_accidente laborales_enfermedades_laborales_y_comunes (1)/select_-- SELECCIONAR --EPS - ALIANSALUD EPSEPS - CAFESALUDEPS'

2023-03-09 13:11:19 - [TEST_STEP][PASSED] - selectOptionByIndex(findTestObject("2-OBJECTS TAREAS SECUNDARIAS/Pruebas SST/Seguimiento_a_accidente laborales_enfermedades_laborales_y_comunes (1)/select_-- SELECCIONAR --ALMANZA NOVOA JOHN ALEXANDREAYA SILVA CINDY"), 1): All options with index in [1] are selected on object 'Object Repository/2-OBJECTS TAREAS SECUNDARIAS/Pruebas SST/Seguimiento_a_accidente laborales_enfermedades_laborales_y_comunes (1)/select_-- SELECCIONAR --ALMANZA NOVOA JOHN ALEXANDREAYA SILVA CINDY'

2023-03-09 13:11:20 - [MESSAGE][PASSED] - All options with index in [1] are selected on object 'Object Repository/2-OBJECTS TAREAS SECUNDARIAS/Pruebas SST/Seguimiento_a_accidente laborales_enfermedades_laborales_y_comunes (1)/select_-- SELECCIONAR --ALMANZA NOVOA JOHN ALEXANDREAYA SILVA CINDY'

2023-03-09 13:11:20 - [TEST_STEP][PASSED] - click(findTestObject("2-OBJECTS TAREAS SECUNDARIAS/Pruebas SST/Seguimiento_a_accidente laborales_enfermedades_laborales_y_comunes/a_Diagnstico Preliminar_form_popupCasoAteptabj_idt139")): Object: 'Object Repository/2-OBJECTS TAREAS SECUNDARIAS/Pruebas SST/Seguimiento_a_accidente laborales_enfermedades_laborales_y_comunes/a_Diagnstico Preliminar_form_popupCasoAteptabj_idt139' is clicked on

2023-03-09 13:11:20 - [MESSAGE][PASSED] - Object: 'Object Repository/2-OBJECTS TAREAS SECUNDARIAS/Pruebas SST/Seguimiento_a_accidente laborales_enfermedades_laborales_y_comunes/a_Diagnstico Preliminar_form_popupCasoAteptabj_idt139' is clicked on

2023-03-09 13:11:20 - [TEST_STEP][PASSED] - click(findTestObject("2-OBJECTS TAREAS SECUNDARIAS/Pruebas SST/Seguimiento_a_accidente laborales_enfermedades_laborales_y_comunes (1)/td_Prueba")): Object: 'Object Repository/2-OBJECTS TAREAS SECUNDARIAS/Pruebas SST/Seguimiento_a_accidente laborales_enfermedades_laborales_y_comunes (1)/td_Prueba' is clicked on

2023-03-09 13:11:21 - [MESSAGE][PASSED] - Object: 'Object Repository/2-OBJECTS TAREAS SECUNDARIAS/Pruebas SST/Seguimiento_a_accidente laborales_enfermedades_laborales_y_comunes (1)/td_Prueba' is clicked on

2023-03-09 13:11:21 - [TEST_STEP][PASSED] - click(findTestObject("2-OBJECTS TAREAS SECUNDARIAS/Pruebas SST/Seguimiento_a_accidente laborales_enfermedades_laborales_y_comunes/a_Guardar")): Object: 'Object Repository/2-OBJECTS TAREAS SECUNDARIAS/Pruebas SST/Seguimiento_a_accidente laborales_enfermedades_laborales_y_comunes/a_Guardar' is clicked on

2023-03-09 13:11:22 - [MESSAGE][PASSED] - Object: 'Object Repository/2-OBJECTS TAREAS SECUNDARIAS/Pruebas SST/Seguimiento_a_accidente laborales_enfermedades_laborales_y_comunes/a_Guardar' is clicked on

2023-03-09 13:11:22 - [TEST_STEP][PASSED] - selectOptionByIndex(findTestObject("2-OBJECTS TAREAS SECUNDARIAS/Pruebas SST/Seguimiento_a_accidente laborales_enfermedades_laborales_y_comunes (1)/select_-- SELECCIONAR --SEDE NORTESEDE OCCIDENTESEDE SUR1"), 1): All options with index in [1] are selected on object 'Object Repository/2-OBJECTS TAREAS SECUNDARIAS/Pruebas SST/Seguimiento_a_accidente laborales_enfermedades_laborales_y_comunes (1)/select_-- SELECCIONAR --SEDE NORTESEDE OCCIDENTESEDE SUR1'

2023-03-09 13:11:23 - [MESSAGE][PASSED] - All options with index in [1] are selected on object 'Object Repository/2-OBJECTS TAREAS SECUNDARIAS/Pruebas SST/Seguimiento_a_accidente laborales_enfermedades_laborales_y_comunes (1)/select_-- SELECCIONAR --SEDE NORTESEDE OCCIDENTESEDE SUR1'

2023-03-09 13:11:23 - [TEST_STEP][PASSED] - click(findTestObject("2-OBJECTS TAREAS SECUNDARIAS/Pruebas SST/Seguimiento_a_accidente laborales_enfermedades_laborales_y_comunes/a_Nombre_form_listadoSolicitudElementoj_idt65")): Object: 'Object Repository/2-OBJECTS TAREAS SECUNDARIAS/Pruebas SST/Seguimiento_a_accidente laborales_enfermedades_laborales_y_comunes/a_Nombre_form_listadoSolicitudElementoj_idt65' is clicked on

2023-03-09 13:11:24 - [MESSAGE][PASSED] - Object: 'Object Repository/2-OBJECTS TAREAS SECUNDARIAS/Pruebas SST/Seguimiento_a_accidente laborales_enfermedades_laborales_y_comunes/a_Nombre_form_listadoSolicitudElementoj_idt65' is clicked on

2023-03-09 13:11:24 - [TEST_STEP][PASSED] - setText(findTestObject("2-OBJECTS TAREAS SECUNDARIAS/Pruebas SST/Seguimiento_a_accidente laborales_enfermedades_laborales_y_comunes/input_Filtro Hoja de Vida_formPopupHojaVidaj_idt7951"), "A A A"): Text 'A A A' is set on object 'Object Repository/2-OBJECTS TAREAS SECUNDARIAS/Pruebas SST/Seguimiento_a_accidente laborales_enfermedades_laborales_y_comunes/input_Filtro Hoja de Vida_formPopupHojaVidaj_idt7951'

2023-03-09 13:11:25 - [MESSAGE][PASSED] - Text 'A A A' is set on object 'Object Repository/2-OBJECTS TAREAS SECUNDARIAS/Pruebas SST/Seguimiento_a_accidente laborales_enfermedades_laborales_y_comunes/input_Filtro Hoja de Vida_formPopupHojaVidaj_idt7951'

2023-03-09 13:11:25 - [TEST_STEP][PASSED] - sendKeys(findTestObject("2-OBJECTS TAREAS SECUNDARIAS/Pruebas SST/Seguimiento_a_accidente laborales_enfermedades_laborales_y_comunes/input_Filtro Hoja de Vida_formPopupHojaVidaj_idt7951"), Keys.chord(ENTER)): Keys 'ENTER + ' sent to object: 'Object Repository/2-OBJECTS TAREAS SECUNDARIAS/Pruebas SST/Seguimiento_a_accidente laborales_enfermedades_laborales_y_comunes/input_Filtro Hoja de Vida_formPopupHojaVidaj_idt7951'

2023-03-09 13:11:25 - [MESSAGE][PASSED] - Keys 'ENTER + ' sent to object: 'Object Repository/2-OBJECTS TAREAS SECUNDARIAS/Pruebas SST/Seguimiento_a_accidente laborales_enfermedades_laborales_y_comunes/input_Filtro Hoja de Vida_formPopupHojaVidaj_idt7951'

2023-03-09 13:11:25 - [TEST_STEP][PASSED] - click(findTestObject("2-OBJECTS TAREAS SECUNDARIAS/Pruebas SST/Seguimiento_a_accidente laborales_enfermedades_laborales_y_comunes (1)/span_A A A")): Object: 'Object Repository/2-OBJECTS TAREAS SECUNDARIAS/Pruebas SST/Seguimiento_a_accidente laborales_enfermedades_laborales_y_comunes (1)/span_A A A' is clicked on

2023-03-09 13:11:26 - [MESSAGE][PASSED] - Object: 'Object Repository/2-OBJECTS TAREAS SECUNDARIAS/Pruebas SST/Seguimiento_a_accidente laborales_enfermedades_laborales_y_comunes (1)/span_A A A' is clicked on

2023-03-09 13:11:26 - [TEST_STEP][PASSED] - click(findTestObject("2-OBJECTS TAREAS SECUNDARIAS/Pruebas SST/Seguimiento_a_accidente laborales_enfermedades_laborales_y_comunes/a_Novedades")): Object: 'Object Repository/2-OBJECTS TAREAS SECUNDARIAS/Pruebas SST/Seguimiento_a_accidente laborales_enfermedades_laborales_y_comunes/a_Novedades' is clicked on

2023-03-09 13:11:27 - [MESSAGE][PASSED] - Object: 'Object Repository/2-OBJECTS TAREAS SECUNDARIAS/Pruebas SST/Seguimiento_a_accidente laborales_enfermedades_laborales_y_comunes/a_Novedades' is clicked on

2023-03-09 13:11:27 - [TEST_STEP][PASSED] - click(findTestObject("2-OBJECTS TAREAS SECUNDARIAS/Pruebas SST/Seguimiento_a_accidente laborales_enfermedades_laborales_y_comunes/a_Nuevo1")): Object: 'Object Repository/2-OBJECTS TAREAS SECUNDARIAS/Pruebas SST/Seguimiento_a_accidente laborales_enfermedades_laborales_y_comunes/a_Nuevo1' is clicked on

2023-03-09 13:11:28 - [MESSAGE][PASSED] - Object: 'Object Repository/2-OBJECTS TAREAS SECUNDARIAS/Pruebas SST/Seguimiento_a_accidente laborales_enfermedades_laborales_y_comunes/a_Nuevo1' is clicked on

2023-03-09 13:11:28 - [TEST_STEP][PASSED] - click(findTestObject("2-OBJECTS TAREAS SECUNDARIAS/Pruebas SST/Seguimiento_a_accidente laborales_enfermedades_laborales_y_comunes/label_Novedad Caso Atep")): Object: 'Object Repository/2-OBJECTS TAREAS SECUNDARIAS/Pruebas SST/Seguimiento_a_accidente laborales_enfermedades_laborales_y_comunes/label_Novedad Caso Atep' is clicked on

2023-03-09 13:11:28 - [MESSAGE][PASSED] - Object: 'Object Repository/2-OBJECTS TAREAS SECUNDARIAS/Pruebas SST/Seguimiento_a_accidente laborales_enfermedades_laborales_y_comunes/label_Novedad Caso Atep' is clicked on

2023-03-09 13:11:28 - [TEST_STEP][PASSED] - selectOptionByIndex(findTestObject("2-OBJECTS TAREAS SECUNDARIAS/Pruebas SST/Seguimiento_a_accidente laborales_enfermedades_laborales_y_comunes (1)/select_-- SELECCIONAR --ALMANZA NOVOA JOHN ALEXANDREAYA SILVA"), 1): All options with index in [1] are selected on object 'Object Repository/2-OBJECTS TAREAS SECUNDARIAS/Pruebas SST/Seguimiento_a_accidente laborales_enfermedades_laborales_y_comunes (1)/select_-- SELECCIONAR --ALMANZA NOVOA JOHN ALEXANDREAYA SILVA'

2023-03-09 13:11:29 - [MESSAGE][PASSED] - All options with index in [1] are selected on object 'Object Repository/2-OBJECTS TAREAS SECUNDARIAS/Pruebas SST/Seguimiento_a_accidente laborales_enfermedades_laborales_y_comunes (1)/select_-- SELECCIONAR --ALMANZA NOVOA JOHN ALEXANDREAYA SILVA'

2023-03-09 13:11:29 - [TEST_STEP][PASSED] - selectOptionByIndex(findTestObject("2-OBJECTS TAREAS SECUNDARIAS/Pruebas SST/Seguimiento_a_accidente laborales_enfermedades_laborales_y_comunes (1)/select_-- SELECCIONAR --NOVEDAD SALUD OCUPACIONAL"), 1): All options with index in [1] are selected on object 'Object Repository/2-OBJECTS TAREAS SECUNDARIAS/Pruebas SST/Seguimiento_a_accidente laborales_enfermedades_laborales_y_comunes (1)/select_-- SELECCIONAR --NOVEDAD SALUD OCUPACIONAL'

2023-03-09 13:11:30 - [MESSAGE][PASSED] - All options with index in [1] are selected on object 'Object Repository/2-OBJECTS TAREAS SECUNDARIAS/Pruebas SST/Seguimiento_a_accidente laborales_enfermedades_laborales_y_comunes (1)/select_-- SELECCIONAR --NOVEDAD SALUD OCUPACIONAL'

2023-03-09 13:11:30 - [TEST_STEP][PASSED] - setText(findTestObject("2-OBJECTS TAREAS SECUNDARIAS/Pruebas SST/Seguimiento_a_accidente laborales_enfermedades_laborales_y_comunes (1)/textarea_Observacin_form_popupNovedadAtepobservacion"), "Prueba"): Text 'Prueba' is set on object 'Object Repository/2-OBJECTS TAREAS SECUNDARIAS/Pruebas SST/Seguimiento_a_accidente laborales_enfermedades_laborales_y_comunes (1)/textarea_Observacin_form_popupNovedadAtepobservacion'

2023-03-09 13:11:31 - [MESSAGE][PASSED] - Text 'Prueba' is set on object 'Object Repository/2-OBJECTS TAREAS SECUNDARIAS/Pruebas SST/Seguimiento_a_accidente laborales_enfermedades_laborales_y_comunes (1)/textarea_Observacin_form_popupNovedadAtepobservacion'

2023-03-09 13:11:31 - [TEST_STEP][PASSED] - click(findTestObject("2-OBJECTS TAREAS SECUNDARIAS/Pruebas SST/Seguimiento_a_accidente laborales_enfermedades_laborales_y_comunes/a_Guardar1")): Object: 'Object Repository/2-OBJECTS TAREAS SECUNDARIAS/Pruebas SST/Seguimiento_a_accidente laborales_enfermedades_laborales_y_comunes/a_Guardar1' is clicked on

2023-03-09 13:11:32 - [MESSAGE][PASSED] - Object: 'Object Repository/2-OBJECTS TAREAS SECUNDARIAS/Pruebas SST/Seguimiento_a_accidente laborales_enfermedades_laborales_y_comunes/a_Guardar1' is clicked on

2023-03-09 13:11:32 - [TEST_STEP][PASSED] - click(findTestObject("2-OBJECTS TAREAS SECUNDARIAS/Pruebas SST/Seguimiento_a_accidente laborales_enfermedades_laborales_y_comunes/a_Regresar")): Object: 'Object Repository/2-OBJECTS TAREAS SECUNDARIAS/Pruebas SST/Seguimiento_a_accidente laborales_enfermedades_laborales_y_comunes/a_Regresar' is clicked on

2023-03-09 13:11:32 - [MESSAGE][PASSED] - Object: 'Object Repository/2-OBJECTS TAREAS SECUNDARIAS/Pruebas SST/Seguimiento_a_accidente laborales_enfermedades_laborales_y_comunes/a_Regresar' is clicked on

2023-03-09 13:11:32 - [TEST_STEP][PASSED] - click(findTestObject("2-OBJECTS TAREAS SECUNDARIAS/Pruebas SST/Seguimiento_a_accidente laborales_enfermedades_laborales_y_comunes/a_Dictamen")): Object: 'Object Repository/2-OBJECTS TAREAS SECUNDARIAS/Pruebas SST/Seguimiento_a_accidente laborales_enfermedades_laborales_y_comunes/a_Dictamen' is clicked on

2023-03-09 13:11:33 - [MESSAGE][PASSED] - Object: 'Object Repository/2-OBJECTS TAREAS SECUNDARIAS/Pruebas SST/Seguimiento_a_accidente laborales_enfermedades_laborales_y_comunes/a_Dictamen' is clicked on

2023-03-09 13:11:33 - [TEST_STEP][PASSED] - click(findTestObject("2-OBJECTS TAREAS SECUNDARIAS/Pruebas SST/Seguimiento_a_accidente laborales_enfermedades_laborales_y_comunes/a_Nuevo2")): Object: 'Object Repository/2-OBJECTS TAREAS SECUNDARIAS/Pruebas SST/Seguimiento_a_accidente laborales_enfermedades_laborales_y_comunes/a_Nuevo2' is clicked on

2023-03-09 13:11:34 - [MESSAGE][PASSED] - Object: 'Object Repository/2-OBJECTS TAREAS SECUNDARIAS/Pruebas SST/Seguimiento_a_accidente laborales_enfermedades_laborales_y_comunes/a_Nuevo2' is clicked on

2023-03-09 13:11:34 - [TEST_STEP][PASSED] - click(findTestObject("2-OBJECTS TAREAS SECUNDARIAS/Pruebas SST/Seguimiento_a_accidente laborales_enfermedades_laborales_y_comunes/label_Dictamen Caso Atep")): Object: 'Object Repository/2-OBJECTS TAREAS SECUNDARIAS/Pruebas SST/Seguimiento_a_accidente laborales_enfermedades_laborales_y_comunes/label_Dictamen Caso Atep' is clicked on

2023-03-09 13:11:34 - [MESSAGE][PASSED] - Object: 'Object Repository/2-OBJECTS TAREAS SECUNDARIAS/Pruebas SST/Seguimiento_a_accidente laborales_enfermedades_laborales_y_comunes/label_Dictamen Caso Atep' is clicked on

2023-03-09 13:11:34 - [TEST_STEP][PASSED] - selectOptionByIndex(findTestObject("2-OBJECTS TAREAS SECUNDARIAS/Pruebas SST/Seguimiento_a_accidente laborales_enfermedades_laborales_y_comunes (1)/select_-- SELECCIONAR --AFPARLARPEPSJUNTA"), 2): All options with index in [2] are selected on object 'Object Repository/2-OBJECTS TAREAS SECUNDARIAS/Pruebas SST/Seguimiento_a_accidente laborales_enfermedades_laborales_y_comunes (1)/select_-- SELECCIONAR --AFPARLARPEPSJUNTA'

2023-03-09 13:11:35 - [MESSAGE][PASSED] - All options with index in [2] are selected on object 'Object Repository/2-OBJECTS TAREAS SECUNDARIAS/Pruebas SST/Seguimiento_a_accidente laborales_enfermedades_laborales_y_comunes (1)/select_-- SELECCIONAR --AFPARLARPEPSJUNTA'

2023-03-09 13:11:35 - [TEST_STEP][PASSED] - selectOptionByIndex(findTestObject("2-OBJECTS TAREAS SECUNDARIAS/Pruebas SST/Seguimiento_a_accidente laborales_enfermedades_laborales_y_comunes (1)/select_-- SELECCIONAR --ALMANZA NOVOA JOHN"), 1): All options with index in [1] are selected on object 'Object Repository/2-OBJECTS TAREAS SECUNDARIAS/Pruebas SST/Seguimiento_a_accidente laborales_enfermedades_laborales_y_comunes (1)/select_-- SELECCIONAR --ALMANZA NOVOA JOHN'

2023-03-09 13:11:36 - [MESSAGE][PASSED] - All options with index in [1] are selected on object 'Object Repository/2-OBJECTS TAREAS SECUNDARIAS/Pruebas SST/Seguimiento_a_accidente laborales_enfermedades_laborales_y_comunes (1)/select_-- SELECCIONAR --ALMANZA NOVOA JOHN'

2023-03-09 13:11:36 - [TEST_STEP][PASSED] - click(findTestObject("2-OBJECTS TAREAS SECUNDARIAS/Pruebas SST/Seguimiento_a_accidente laborales_enfermedades_laborales_y_comunes/label_Calificacin prdida capacidad laboral")): Object: 'Object Repository/2-OBJECTS TAREAS SECUNDARIAS/Pruebas SST/Seguimiento_a_accidente laborales_enfermedades_laborales_y_comunes/label_Calificacin prdida capacidad laboral' is clicked on

2023-03-09 13:11:37 - [MESSAGE][PASSED] - Object: 'Object Repository/2-OBJECTS TAREAS SECUNDARIAS/Pruebas SST/Seguimiento_a_accidente laborales_enfermedades_laborales_y_comunes/label_Calificacin prdida capacidad laboral' is clicked on

2023-03-09 13:11:37 - [TEST_STEP][PASSED] - click(findTestObject("2-OBJECTS TAREAS SECUNDARIAS/Pruebas SST/Seguimiento_a_accidente laborales_enfermedades_laborales_y_comunes/label_Determinacin Origen")): Object: 'Object Repository/2-OBJECTS TAREAS SECUNDARIAS/Pruebas SST/Seguimiento_a_accidente laborales_enfermedades_laborales_y_comunes/label_Determinacin Origen' is clicked on

2023-03-09 13:11:37 - [MESSAGE][PASSED] - Object: 'Object Repository/2-OBJECTS TAREAS SECUNDARIAS/Pruebas SST/Seguimiento_a_accidente laborales_enfermedades_laborales_y_comunes/label_Determinacin Origen' is clicked on

2023-03-09 13:11:37 - [TEST_STEP][PASSED] - click(findTestObject("2-OBJECTS TAREAS SECUNDARIAS/Pruebas SST/Seguimiento_a_accidente laborales_enfermedades_laborales_y_comunes/a_Guardar2")): Object: 'Object Repository/2-OBJECTS TAREAS SECUNDARIAS/Pruebas SST/Seguimiento_a_accidente laborales_enfermedades_laborales_y_comunes/a_Guardar2' is clicked on

2023-03-09 13:11:38 - [MESSAGE][PASSED] - Object: 'Object Repository/2-OBJECTS TAREAS SECUNDARIAS/Pruebas SST/Seguimiento_a_accidente laborales_enfermedades_laborales_y_comunes/a_Guardar2' is clicked on

2023-03-09 13:11:38 - [TEST_STEP][PASSED] - Result = getText(findTestObject("3-OBJECTS UTILIDADES/Alerta/Alerta")): Text of object 'Object Repository/3-OBJECTS UTILIDADES/Alerta/Alerta' is: 'Se Guardó el registro correctamente'

2023-03-09 13:11:38 - [MESSAGE][PASSED] - Text of object 'Object Repository/3-OBJECTS UTILIDADES/Alerta/Alerta' is: 'Se Guardó el registro correctamente'

2023-03-09 13:11:38 - [TEST_STEP][PASSED] - click(findTestObject("2-OBJECTS TAREAS SECUNDARIAS/Pruebas SST/Seguimiento_a_accidente laborales_enfermedades_laborales_y_comunes (1)/span_No se encontr registros_ui-icon ui-icon-closethick")): Object: 'Object Repository/2-OBJECTS TAREAS SECUNDARIAS/Pruebas SST/Seguimiento_a_accidente laborales_enfermedades_laborales_y_comunes (1)/span_No se encontr registros_ui-icon ui-icon-closethick' is clicked on

2023-03-09 13:11:39 - [MESSAGE][PASSED] - Object: 'Object Repository/2-OBJECTS TAREAS SECUNDARIAS/Pruebas SST/Seguimiento_a_accidente laborales_enfermedades_laborales_y_comunes (1)/span_No se encontr registros_ui-icon ui-icon-closethick' is clicked on

2023-03-09 13:11:39 - [TEST_STEP][PASSED] - if (Result == "Se Guardó el registro correctamente"): Browser is closed

2023-03-09 13:11:39 - [TEST_STEP][PASSED] - Resultado = "PRUEBA OK": null

2023-03-09 13:11:39 - [TEST_STEP][PASSED] - closeBrowser(): Browser is closed

2023-03-09 13:11:40 - [MESSAGE][PASSED] - Browser is closed]]></system-out>
         <system-err><![CDATA[]]></system-err>
      </testcase>
      <testcase name="Test Cases/1.2-Tareas_Secundarias/5.1-Pruebas_SST/5.1.4-Creación_de_Matriz_de_Peligros" time="89.626" classname="Test Cases/1.2-Tareas_Secundarias/5.1-Pruebas_SST/5.1.4-Creación_de_Matriz_de_Peligros" status="PASSED">
         <system-out><![CDATA[2023-03-09 13:11:40 - [TEST_CASE][PASSED] - Test Cases/1.2-Tareas_Secundarias/5.1-Pruebas_SST/5.1.4-Creación_de_Matriz_de_Peligros: Test Cases/1.2-Tareas_Secundarias/5.1-Pruebas_SST/5.1.4-Creación_de_Matriz_de_Peligros

2023-03-09 13:11:40 - [TEST_STEP][PASSED] - callTestCase(findTestCase("0.1-Login"), [:], STOP_ON_FAILURE): Call Test Case 'Test Cases/0.1-Login' successfully

2023-03-09 13:11:40 - [TEST_CASE][PASSED] - Test Cases/0.1-Login: Test Cases/0.1-Login

2023-03-09 13:11:40 - [TEST_STEP][PASSED] - openBrowser(""): Browser is opened with url: ''

2023-03-09 13:11:40 - [MESSAGE][INFO] - Starting 'Chrome' driver

2023-03-09 13:11:40 - [MESSAGE][INFO] - Action delay is set to 0 milliseconds

2023-03-09 13:11:41 - [MESSAGE][PASSED] - Browser is opened with url: ''

2023-03-09 13:11:41 - [TEST_STEP][PASSED] - maximizeWindow(): Current window maximized

2023-03-09 13:11:42 - [MESSAGE][PASSED] - Current window maximized

2023-03-09 13:11:42 - [TEST_STEP][PASSED] - i = G_Login: null

2023-03-09 13:11:42 - [TEST_STEP][PASSED] - url = new java.net.URL(i): null

2023-03-09 13:11:42 - [TEST_STEP][PASSED] - println("URL: " + url.toString()): null

2023-03-09 13:11:42 - [TEST_STEP][PASSED] - connection = url.openConnection(): null

2023-03-09 13:11:42 - [TEST_STEP][PASSED] - connection.setRequestMethod("GET"): null

2023-03-09 13:11:42 - [TEST_STEP][PASSED] - connection.setReadTimeout(2 * 1000): null

2023-03-09 13:11:42 - [TEST_STEP][PASSED] - try: null

2023-03-09 13:11:42 - [TEST_STEP][PASSED] - connection.connect(): null

2023-03-09 13:11:42 - [TEST_STEP][PASSED] - flag = connected: null

2023-03-09 13:11:42 - [TEST_STEP][PASSED] - println("Valor_ori: " + flag): null

2023-03-09 13:11:42 - [TEST_STEP][PASSED] - if (flag): null

2023-03-09 13:11:42 - [TEST_STEP][PASSED] - navigateToUrl(i): Navigate to 'http://192.168.2.19:7001/saraweb' successfully

2023-03-09 13:11:43 - [MESSAGE][PASSED] - Navigate to 'http://192.168.2.19:7001/saraweb' successfully

2023-03-09 13:11:43 - [TEST_STEP][PASSED] - a(): null

2023-03-09 13:11:43 - [TEST_STEP][PASSED] - if (waitForElementVisible(findTestObject("3-OBJECTS UTILIDADES/Login/input_USUARIO_loginusuario"), 0)): null

2023-03-09 13:11:43 - [MESSAGE][WARNING] - Timeout '0' is invalid. Using default page load timeout: '37'

2023-03-09 13:11:44 - [MESSAGE][PASSED] - Object 'Object Repository/3-OBJECTS UTILIDADES/Login/input_USUARIO_loginusuario' is visible

2023-03-09 13:11:44 - [TEST_STEP][PASSED] - switchToWindowTitle("SARA"): Switched to window with title: 'SARA'

2023-03-09 13:11:44 - [MESSAGE][PASSED] - Switched to window with title: 'SARA'

2023-03-09 13:11:44 - [TEST_STEP][PASSED] - zoom(): null

2023-03-09 13:11:44 - [TEST_STEP][PASSED] - robot = new java.awt.Robot(): null

2023-03-09 13:11:44 - [TEST_STEP][PASSED] - robot.keyPress(VK_CONTROL): null

2023-03-09 13:11:44 - [TEST_STEP][PASSED] - robot.keyPress(VK_SUBTRACT): null

2023-03-09 13:11:44 - [TEST_STEP][PASSED] - robot.keyRelease(VK_CONTROL): null

2023-03-09 13:11:44 - [TEST_STEP][PASSED] - robot.keyRelease(VK_SUBTRACT): null

2023-03-09 13:11:44 - [TEST_STEP][PASSED] - robot.keyPress(VK_CONTROL): null

2023-03-09 13:11:44 - [TEST_STEP][PASSED] - robot.keyPress(VK_SUBTRACT): null

2023-03-09 13:11:44 - [TEST_STEP][PASSED] - robot.keyRelease(VK_CONTROL): null

2023-03-09 13:11:44 - [TEST_STEP][PASSED] - robot.keyRelease(VK_SUBTRACT): null

2023-03-09 13:11:44 - [TEST_STEP][PASSED] - robot.keyPress(VK_CONTROL): null

2023-03-09 13:11:44 - [TEST_STEP][PASSED] - robot.keyPress(VK_SUBTRACT): null

2023-03-09 13:11:44 - [TEST_STEP][PASSED] - robot.keyRelease(VK_CONTROL): null

2023-03-09 13:11:44 - [TEST_STEP][PASSED] - robot.keyRelease(VK_SUBTRACT): null

2023-03-09 13:11:44 - [TEST_STEP][PASSED] - robot.keyRelease(VK_CONTROL): null

2023-03-09 13:11:44 - [TEST_STEP][PASSED] - robot.keyRelease(VK_SUBTRACT): null

2023-03-09 13:11:44 - [TEST_STEP][PASSED] - setText(findTestObject("3-OBJECTS UTILIDADES/Login/input_USUARIO_loginusuario"), G_Usuario): Text 'weblogic' is set on object 'Object Repository/3-OBJECTS UTILIDADES/Login/input_USUARIO_loginusuario'

2023-03-09 13:11:45 - [MESSAGE][PASSED] - Text 'weblogic' is set on object 'Object Repository/3-OBJECTS UTILIDADES/Login/input_USUARIO_loginusuario'

2023-03-09 13:11:45 - [TEST_STEP][PASSED] - setEncryptedText(findTestObject("3-OBJECTS UTILIDADES/Login/input_CLAVE_loginpassword"), "SlAwMcyRKqrwbnzhAs8HhT6NnI7sEyng"): Text ****** has been set on object 'Object Repository/3-OBJECTS UTILIDADES/Login/input_CLAVE_loginpassword'

2023-03-09 13:11:48 - [MESSAGE][PASSED] - Text ****** has been set on object 'Object Repository/3-OBJECTS UTILIDADES/Login/input_CLAVE_loginpassword'

2023-03-09 13:11:48 - [TEST_STEP][PASSED] - while (waitForElementClickable(findTestObject("3-OBJECTS UTILIDADES/Login/a_Ingresar"), 1)): Web element with id: 'Object Repository/3-OBJECTS UTILIDADES/Login/a_Ingresar' located by '//a[contains(text(),'Ingresar')]' not found

2023-03-09 13:11:50 - [MESSAGE][INFO] - Unable to find the element located by 'By.xpath: //a[contains(text(),'Ingresar')]'. Please recheck the objects properties to make sure the desired element is located. 

2023-03-09 13:11:50 - [MESSAGE][WARNING] - Web element with id: 'Object Repository/3-OBJECTS UTILIDADES/Login/a_Ingresar' located by '//a[contains(text(),'Ingresar')]' not found

2023-03-09 13:11:50 - [MESSAGE][PASSED] - Call Test Case 'Test Cases/0.1-Login' successfully

2023-03-09 13:11:50 - [TEST_STEP][PASSED] - setText(findTestObject("2-OBJECTS TAREAS SECUNDARIAS/Pruebas SST/Creación_de_Matriz_de_Peligros/1/input_Listado Caso Atep_form_templatej_idt24_input"), "Matriz de peligros"): Text 'Matriz de peligros' is set on object 'Object Repository/2-OBJECTS TAREAS SECUNDARIAS/Pruebas SST/Creación_de_Matriz_de_Peligros/1/input_Listado Caso Atep_form_templatej_idt24_input'

2023-03-09 13:11:51 - [MESSAGE][PASSED] - Text 'Matriz de peligros' is set on object 'Object Repository/2-OBJECTS TAREAS SECUNDARIAS/Pruebas SST/Creación_de_Matriz_de_Peligros/1/input_Listado Caso Atep_form_templatej_idt24_input'

2023-03-09 13:11:51 - [TEST_STEP][PASSED] - click(findTestObject("2-OBJECTS TAREAS SECUNDARIAS/Pruebas SST/Creación_de_Matriz_de_Peligros/1/li_Matriz de peligros (sst)")): Object: 'Object Repository/2-OBJECTS TAREAS SECUNDARIAS/Pruebas SST/Creación_de_Matriz_de_Peligros/1/li_Matriz de peligros (sst)' is clicked on

2023-03-09 13:11:52 - [MESSAGE][PASSED] - Object: 'Object Repository/2-OBJECTS TAREAS SECUNDARIAS/Pruebas SST/Creación_de_Matriz_de_Peligros/1/li_Matriz de peligros (sst)' is clicked on

2023-03-09 13:11:52 - [TEST_STEP][PASSED] - selectOptionByIndex(findTestObject("2-OBJECTS TAREAS SECUNDARIAS/Pruebas SST/Creación_de_Matriz_de_Peligros/1/select_Periodo_principal"), 2): All options with index in [2] are selected on object 'Object Repository/2-OBJECTS TAREAS SECUNDARIAS/Pruebas SST/Creación_de_Matriz_de_Peligros/1/select_Periodo_principal'

2023-03-09 13:11:55 - [MESSAGE][PASSED] - All options with index in [2] are selected on object 'Object Repository/2-OBJECTS TAREAS SECUNDARIAS/Pruebas SST/Creación_de_Matriz_de_Peligros/1/select_Periodo_principal'

2023-03-09 13:11:55 - [TEST_STEP][PASSED] - selectOptionByIndex(findTestObject("2-OBJECTS TAREAS SECUNDARIAS/Pruebas SST/Creación_de_Matriz_de_Peligros/1/select_Empresa_principal"), 1): All options with index in [1] are selected on object 'Object Repository/2-OBJECTS TAREAS SECUNDARIAS/Pruebas SST/Creación_de_Matriz_de_Peligros/1/select_Empresa_principal'

2023-03-09 13:11:57 - [MESSAGE][PASSED] - All options with index in [1] are selected on object 'Object Repository/2-OBJECTS TAREAS SECUNDARIAS/Pruebas SST/Creación_de_Matriz_de_Peligros/1/select_Empresa_principal'

2023-03-09 13:11:57 - [TEST_STEP][PASSED] - if (waitForElementPresent(findTestObject("2-OBJECTS TAREAS SECUNDARIAS/Pruebas SST/Creación_de_Matriz_de_Peligros/2/td_PRUEBA KATALON"), 1)): null

2023-03-09 13:11:57 - [MESSAGE][PASSED] - Object 'Object Repository/2-OBJECTS TAREAS SECUNDARIAS/Pruebas SST/Creación_de_Matriz_de_Peligros/2/td_PRUEBA KATALON' is present

2023-03-09 13:11:57 - [TEST_STEP][PASSED] - click(findTestObject("2-OBJECTS TAREAS SECUNDARIAS/Pruebas SST/Creación_de_Matriz_de_Peligros/1/a_Fsico. - Riesgo Fsico_form_listadoMatrizPeligrotablaMatrizPeligroDetalle1j_idt138")): Object: 'Object Repository/2-OBJECTS TAREAS SECUNDARIAS/Pruebas SST/Creación_de_Matriz_de_Peligros/1/a_Fsico. - Riesgo Fsico_form_listadoMatrizPeligrotablaMatrizPeligroDetalle1j_idt138' is clicked on

2023-03-09 13:11:58 - [MESSAGE][PASSED] - Object: 'Object Repository/2-OBJECTS TAREAS SECUNDARIAS/Pruebas SST/Creación_de_Matriz_de_Peligros/1/a_Fsico. - Riesgo Fsico_form_listadoMatrizPeligrotablaMatrizPeligroDetalle1j_idt138' is clicked on

2023-03-09 13:11:58 - [TEST_STEP][PASSED] - click(findTestObject("2-OBJECTS TAREAS SECUNDARIAS/Pruebas SST/Creación_de_Matriz_de_Peligros/1/a_Anexos_Eliminar")): Object: 'Object Repository/2-OBJECTS TAREAS SECUNDARIAS/Pruebas SST/Creación_de_Matriz_de_Peligros/1/a_Anexos_Eliminar' is clicked on

2023-03-09 13:11:59 - [MESSAGE][PASSED] - Object: 'Object Repository/2-OBJECTS TAREAS SECUNDARIAS/Pruebas SST/Creación_de_Matriz_de_Peligros/1/a_Anexos_Eliminar' is clicked on

2023-03-09 13:11:59 - [TEST_STEP][PASSED] - if (waitForElementPresent(findTestObject("2-OBJECTS TAREAS SECUNDARIAS/Pruebas SST/Creación_de_Matriz_de_Peligros/2/td_Pruebas k"), 1)): null

2023-03-09 13:11:59 - [MESSAGE][PASSED] - Object 'Object Repository/2-OBJECTS TAREAS SECUNDARIAS/Pruebas SST/Creación_de_Matriz_de_Peligros/2/td_Pruebas k' is present

2023-03-09 13:11:59 - [TEST_STEP][PASSED] - click(findTestObject("2-OBJECTS TAREAS SECUNDARIAS/Pruebas SST/Creación_de_Matriz_de_Peligros/2/td_Pruebas k")): Object: 'Object Repository/2-OBJECTS TAREAS SECUNDARIAS/Pruebas SST/Creación_de_Matriz_de_Peligros/2/td_Pruebas k' is clicked on

2023-03-09 13:12:00 - [MESSAGE][PASSED] - Object: 'Object Repository/2-OBJECTS TAREAS SECUNDARIAS/Pruebas SST/Creación_de_Matriz_de_Peligros/2/td_Pruebas k' is clicked on

2023-03-09 13:12:00 - [TEST_STEP][PASSED] - click(findTestObject("2-OBJECTS TAREAS SECUNDARIAS/Pruebas SST/Creación_de_Matriz_de_Peligros/1/a_prueba.pdf_Eliminar")): Object: 'Object Repository/2-OBJECTS TAREAS SECUNDARIAS/Pruebas SST/Creación_de_Matriz_de_Peligros/1/a_prueba.pdf_Eliminar' is clicked on

2023-03-09 13:12:00 - [MESSAGE][PASSED] - Object: 'Object Repository/2-OBJECTS TAREAS SECUNDARIAS/Pruebas SST/Creación_de_Matriz_de_Peligros/1/a_prueba.pdf_Eliminar' is clicked on

2023-03-09 13:12:00 - [TEST_STEP][PASSED] - click(findTestObject("2-OBJECTS TAREAS SECUNDARIAS/Pruebas SST/Creación_de_Matriz_de_Peligros/2/span_Si")): Object: 'Object Repository/2-OBJECTS TAREAS SECUNDARIAS/Pruebas SST/Creación_de_Matriz_de_Peligros/2/span_Si' is clicked on

2023-03-09 13:12:01 - [MESSAGE][PASSED] - Object: 'Object Repository/2-OBJECTS TAREAS SECUNDARIAS/Pruebas SST/Creación_de_Matriz_de_Peligros/2/span_Si' is clicked on

2023-03-09 13:12:01 - [TEST_STEP][PASSED] - click(findTestObject("2-OBJECTS TAREAS SECUNDARIAS/Pruebas SST/Creación_de_Matriz_de_Peligros/1/a_Medida de intervencin_Eliminar"), STOP_ON_FAILURE): Object: 'Object Repository/2-OBJECTS TAREAS SECUNDARIAS/Pruebas SST/Creación_de_Matriz_de_Peligros/1/a_Medida de intervencin_Eliminar' is clicked on

2023-03-09 13:12:02 - [MESSAGE][PASSED] - Object: 'Object Repository/2-OBJECTS TAREAS SECUNDARIAS/Pruebas SST/Creación_de_Matriz_de_Peligros/1/a_Medida de intervencin_Eliminar' is clicked on

2023-03-09 13:12:02 - [TEST_STEP][PASSED] - if (waitForElementPresent(findTestObject("2-OBJECTS TAREAS SECUNDARIAS/Pruebas SST/Creación_de_Matriz_de_Peligros/2/td_PRUEBAS K (1)"), 1)): null

2023-03-09 13:12:02 - [MESSAGE][PASSED] - Object 'Object Repository/2-OBJECTS TAREAS SECUNDARIAS/Pruebas SST/Creación_de_Matriz_de_Peligros/2/td_PRUEBAS K (1)' is present

2023-03-09 13:12:02 - [TEST_STEP][PASSED] - click(findTestObject("2-OBJECTS TAREAS SECUNDARIAS/Pruebas SST/Creación_de_Matriz_de_Peligros/2/td_PRUEBAS K (1)")): Object: 'Object Repository/2-OBJECTS TAREAS SECUNDARIAS/Pruebas SST/Creación_de_Matriz_de_Peligros/2/td_PRUEBAS K (1)' is clicked on

2023-03-09 13:12:03 - [MESSAGE][PASSED] - Object: 'Object Repository/2-OBJECTS TAREAS SECUNDARIAS/Pruebas SST/Creación_de_Matriz_de_Peligros/2/td_PRUEBAS K (1)' is clicked on

2023-03-09 13:12:03 - [TEST_STEP][PASSED] - click(findTestObject("2-OBJECTS TAREAS SECUNDARIAS/Pruebas SST/Creación_de_Matriz_de_Peligros/1/a_Eliminar0")): Object: 'Object Repository/2-OBJECTS TAREAS SECUNDARIAS/Pruebas SST/Creación_de_Matriz_de_Peligros/1/a_Eliminar0' is clicked on

2023-03-09 13:12:03 - [MESSAGE][PASSED] - Object: 'Object Repository/2-OBJECTS TAREAS SECUNDARIAS/Pruebas SST/Creación_de_Matriz_de_Peligros/1/a_Eliminar0' is clicked on

2023-03-09 13:12:03 - [TEST_STEP][PASSED] - click(findTestObject("2-OBJECTS TAREAS SECUNDARIAS/Pruebas SST/Creación_de_Matriz_de_Peligros/1/a_Aceptar_Eliminar0")): Object: 'Object Repository/2-OBJECTS TAREAS SECUNDARIAS/Pruebas SST/Creación_de_Matriz_de_Peligros/1/a_Aceptar_Eliminar0' is clicked on

2023-03-09 13:12:04 - [MESSAGE][PASSED] - Object: 'Object Repository/2-OBJECTS TAREAS SECUNDARIAS/Pruebas SST/Creación_de_Matriz_de_Peligros/1/a_Aceptar_Eliminar0' is clicked on

2023-03-09 13:12:04 - [TEST_STEP][PASSED] - click(findTestObject("2-OBJECTS TAREAS SECUNDARIAS/Pruebas SST/Creación_de_Matriz_de_Peligros/1/a_Niveles de Riesgo_Eliminar")): Object: 'Object Repository/2-OBJECTS TAREAS SECUNDARIAS/Pruebas SST/Creación_de_Matriz_de_Peligros/1/a_Niveles de Riesgo_Eliminar' is clicked on

2023-03-09 13:12:05 - [MESSAGE][PASSED] - Object: 'Object Repository/2-OBJECTS TAREAS SECUNDARIAS/Pruebas SST/Creación_de_Matriz_de_Peligros/1/a_Niveles de Riesgo_Eliminar' is clicked on

2023-03-09 13:12:05 - [TEST_STEP][PASSED] - if (waitForElementVisible(findTestObject("2-OBJECTS TAREAS SECUNDARIAS/Pruebas SST/Creación_de_Matriz_de_Peligros/2/td_1"), 1)): null

2023-03-09 13:12:05 - [MESSAGE][PASSED] - Object 'Object Repository/2-OBJECTS TAREAS SECUNDARIAS/Pruebas SST/Creación_de_Matriz_de_Peligros/2/td_1' is visible

2023-03-09 13:12:05 - [TEST_STEP][PASSED] - click(findTestObject("2-OBJECTS TAREAS SECUNDARIAS/Pruebas SST/Creación_de_Matriz_de_Peligros/2/td_1")): Object: 'Object Repository/2-OBJECTS TAREAS SECUNDARIAS/Pruebas SST/Creación_de_Matriz_de_Peligros/2/td_1' is clicked on

2023-03-09 13:12:06 - [MESSAGE][PASSED] - Object: 'Object Repository/2-OBJECTS TAREAS SECUNDARIAS/Pruebas SST/Creación_de_Matriz_de_Peligros/2/td_1' is clicked on

2023-03-09 13:12:06 - [TEST_STEP][PASSED] - click(findTestObject("2-OBJECTS TAREAS SECUNDARIAS/Pruebas SST/Creación_de_Matriz_de_Peligros/1/a_Eliminar1")): Object: 'Object Repository/2-OBJECTS TAREAS SECUNDARIAS/Pruebas SST/Creación_de_Matriz_de_Peligros/1/a_Eliminar1' is clicked on

2023-03-09 13:12:06 - [MESSAGE][PASSED] - Object: 'Object Repository/2-OBJECTS TAREAS SECUNDARIAS/Pruebas SST/Creación_de_Matriz_de_Peligros/1/a_Eliminar1' is clicked on

2023-03-09 13:12:06 - [TEST_STEP][PASSED] - click(findTestObject("2-OBJECTS TAREAS SECUNDARIAS/Pruebas SST/Creación_de_Matriz_de_Peligros/1/a_Aceptar_Eliminar1")): Object: 'Object Repository/2-OBJECTS TAREAS SECUNDARIAS/Pruebas SST/Creación_de_Matriz_de_Peligros/1/a_Aceptar_Eliminar1' is clicked on

2023-03-09 13:12:07 - [MESSAGE][PASSED] - Object: 'Object Repository/2-OBJECTS TAREAS SECUNDARIAS/Pruebas SST/Creación_de_Matriz_de_Peligros/1/a_Aceptar_Eliminar1' is clicked on

2023-03-09 13:12:07 - [TEST_STEP][PASSED] - click(findTestObject("2-OBJECTS TAREAS SECUNDARIAS/Pruebas SST/Creación_de_Matriz_de_Peligros/1/a_Controles Existentes_Eliminar")): Object: 'Object Repository/2-OBJECTS TAREAS SECUNDARIAS/Pruebas SST/Creación_de_Matriz_de_Peligros/1/a_Controles Existentes_Eliminar' is clicked on

2023-03-09 13:12:08 - [MESSAGE][PASSED] - Object: 'Object Repository/2-OBJECTS TAREAS SECUNDARIAS/Pruebas SST/Creación_de_Matriz_de_Peligros/1/a_Controles Existentes_Eliminar' is clicked on

2023-03-09 13:12:08 - [TEST_STEP][PASSED] - if (waitForElementPresent(findTestObject("2-OBJECTS TAREAS SECUNDARIAS/Pruebas SST/Creación_de_Matriz_de_Peligros/2/td_Individuo"), 1)): null

2023-03-09 13:12:08 - [MESSAGE][PASSED] - Object 'Object Repository/2-OBJECTS TAREAS SECUNDARIAS/Pruebas SST/Creación_de_Matriz_de_Peligros/2/td_Individuo' is present

2023-03-09 13:12:08 - [TEST_STEP][PASSED] - element = findWebElement(findTestObject("2-OBJECTS TAREAS SECUNDARIAS/Pruebas SST/Creación_de_Matriz_de_Peligros/2/td_Individuo"), 30): null

2023-03-09 13:12:09 - [TEST_STEP][PASSED] - executeJavaScript("arguments[0].click()", Arrays.asList(element)): Execute JavaScript 'arguments[0].click()' successfully

2023-03-09 13:12:09 - [MESSAGE][PASSED] - Execute JavaScript 'arguments[0].click()' successfully

2023-03-09 13:12:09 - [TEST_STEP][PASSED] - click(findTestObject("2-OBJECTS TAREAS SECUNDARIAS/Pruebas SST/Creación_de_Matriz_de_Peligros/2/td_Individuo")): Object: 'Object Repository/2-OBJECTS TAREAS SECUNDARIAS/Pruebas SST/Creación_de_Matriz_de_Peligros/2/td_Individuo' is clicked on

2023-03-09 13:12:09 - [MESSAGE][PASSED] - Object: 'Object Repository/2-OBJECTS TAREAS SECUNDARIAS/Pruebas SST/Creación_de_Matriz_de_Peligros/2/td_Individuo' is clicked on

2023-03-09 13:12:09 - [TEST_STEP][PASSED] - click(findTestObject("2-OBJECTS TAREAS SECUNDARIAS/Pruebas SST/Creación_de_Matriz_de_Peligros/1/a_Eliminar2")): Object: 'Object Repository/2-OBJECTS TAREAS SECUNDARIAS/Pruebas SST/Creación_de_Matriz_de_Peligros/1/a_Eliminar2' is clicked on

2023-03-09 13:12:10 - [MESSAGE][PASSED] - Object: 'Object Repository/2-OBJECTS TAREAS SECUNDARIAS/Pruebas SST/Creación_de_Matriz_de_Peligros/1/a_Eliminar2' is clicked on

2023-03-09 13:12:10 - [TEST_STEP][PASSED] - click(findTestObject("2-OBJECTS TAREAS SECUNDARIAS/Pruebas SST/Creación_de_Matriz_de_Peligros/1/a_Aceptar_Eliminar2")): Object: 'Object Repository/2-OBJECTS TAREAS SECUNDARIAS/Pruebas SST/Creación_de_Matriz_de_Peligros/1/a_Aceptar_Eliminar2' is clicked on

2023-03-09 13:12:11 - [MESSAGE][PASSED] - Object: 'Object Repository/2-OBJECTS TAREAS SECUNDARIAS/Pruebas SST/Creación_de_Matriz_de_Peligros/1/a_Aceptar_Eliminar2' is clicked on

2023-03-09 13:12:11 - [TEST_STEP][PASSED] - click(findTestObject("2-OBJECTS TAREAS SECUNDARIAS/Pruebas SST/Creación_de_Matriz_de_Peligros/1/a_Detalle")): Object: 'Object Repository/2-OBJECTS TAREAS SECUNDARIAS/Pruebas SST/Creación_de_Matriz_de_Peligros/1/a_Detalle' is clicked on

2023-03-09 13:12:11 - [MESSAGE][PASSED] - Object: 'Object Repository/2-OBJECTS TAREAS SECUNDARIAS/Pruebas SST/Creación_de_Matriz_de_Peligros/1/a_Detalle' is clicked on

2023-03-09 13:12:11 - [TEST_STEP][PASSED] - click(findTestObject("2-OBJECTS TAREAS SECUNDARIAS/Pruebas SST/Creación_de_Matriz_de_Peligros/1/a_Eliminar3")): Object: 'Object Repository/2-OBJECTS TAREAS SECUNDARIAS/Pruebas SST/Creación_de_Matriz_de_Peligros/1/a_Eliminar3' is clicked on

2023-03-09 13:12:12 - [MESSAGE][PASSED] - Object: 'Object Repository/2-OBJECTS TAREAS SECUNDARIAS/Pruebas SST/Creación_de_Matriz_de_Peligros/1/a_Eliminar3' is clicked on

2023-03-09 13:12:12 - [TEST_STEP][PASSED] - click(findTestObject("2-OBJECTS TAREAS SECUNDARIAS/Pruebas SST/Creación_de_Matriz_de_Peligros/1/a_Aceptar_Eliminar3")): Object: 'Object Repository/2-OBJECTS TAREAS SECUNDARIAS/Pruebas SST/Creación_de_Matriz_de_Peligros/1/a_Aceptar_Eliminar3' is clicked on

2023-03-09 13:12:12 - [MESSAGE][PASSED] - Object: 'Object Repository/2-OBJECTS TAREAS SECUNDARIAS/Pruebas SST/Creación_de_Matriz_de_Peligros/1/a_Aceptar_Eliminar3' is clicked on

2023-03-09 13:12:12 - [TEST_STEP][PASSED] - click(findTestObject("2-OBJECTS TAREAS SECUNDARIAS/Pruebas SST/Creación_de_Matriz_de_Peligros/1/a_Eliminar4")): Object: 'Object Repository/2-OBJECTS TAREAS SECUNDARIAS/Pruebas SST/Creación_de_Matriz_de_Peligros/1/a_Eliminar4' is clicked on

2023-03-09 13:12:13 - [MESSAGE][PASSED] - Object: 'Object Repository/2-OBJECTS TAREAS SECUNDARIAS/Pruebas SST/Creación_de_Matriz_de_Peligros/1/a_Eliminar4' is clicked on

2023-03-09 13:12:13 - [TEST_STEP][PASSED] - click(findTestObject("2-OBJECTS TAREAS SECUNDARIAS/Pruebas SST/Creación_de_Matriz_de_Peligros/1/a_Aceptar_Eliminar4")): Object: 'Object Repository/2-OBJECTS TAREAS SECUNDARIAS/Pruebas SST/Creación_de_Matriz_de_Peligros/1/a_Aceptar_Eliminar4' is clicked on

2023-03-09 13:12:14 - [MESSAGE][PASSED] - Object: 'Object Repository/2-OBJECTS TAREAS SECUNDARIAS/Pruebas SST/Creación_de_Matriz_de_Peligros/1/a_Aceptar_Eliminar4' is clicked on

2023-03-09 13:12:14 - [TEST_STEP][PASSED] - click(findTestObject("2-OBJECTS TAREAS SECUNDARIAS/Pruebas SST/Creación_de_Matriz_de_Peligros/1/a_Eliminar5")): Object: 'Object Repository/2-OBJECTS TAREAS SECUNDARIAS/Pruebas SST/Creación_de_Matriz_de_Peligros/1/a_Eliminar5' is clicked on

2023-03-09 13:12:14 - [MESSAGE][PASSED] - Object: 'Object Repository/2-OBJECTS TAREAS SECUNDARIAS/Pruebas SST/Creación_de_Matriz_de_Peligros/1/a_Eliminar5' is clicked on

2023-03-09 13:12:14 - [TEST_STEP][PASSED] - click(findTestObject("2-OBJECTS TAREAS SECUNDARIAS/Pruebas SST/Creación_de_Matriz_de_Peligros/1/a_Aceptar_Eliminar5")): Object: 'Object Repository/2-OBJECTS TAREAS SECUNDARIAS/Pruebas SST/Creación_de_Matriz_de_Peligros/1/a_Aceptar_Eliminar5' is clicked on

2023-03-09 13:12:15 - [MESSAGE][PASSED] - Object: 'Object Repository/2-OBJECTS TAREAS SECUNDARIAS/Pruebas SST/Creación_de_Matriz_de_Peligros/1/a_Aceptar_Eliminar5' is clicked on

2023-03-09 13:12:15 - [TEST_STEP][PASSED] - click(findTestObject("2-OBJECTS TAREAS SECUNDARIAS/Pruebas SST/Creación_de_Matriz_de_Peligros/1/a_Eliminar6")): Object: 'Object Repository/2-OBJECTS TAREAS SECUNDARIAS/Pruebas SST/Creación_de_Matriz_de_Peligros/1/a_Eliminar6' is clicked on

2023-03-09 13:12:16 - [MESSAGE][PASSED] - Object: 'Object Repository/2-OBJECTS TAREAS SECUNDARIAS/Pruebas SST/Creación_de_Matriz_de_Peligros/1/a_Eliminar6' is clicked on

2023-03-09 13:12:16 - [TEST_STEP][PASSED] - click(findTestObject("2-OBJECTS TAREAS SECUNDARIAS/Pruebas SST/Creación_de_Matriz_de_Peligros/1/a_Aceptar_Eliminar6")): Object: 'Object Repository/2-OBJECTS TAREAS SECUNDARIAS/Pruebas SST/Creación_de_Matriz_de_Peligros/1/a_Aceptar_Eliminar6' is clicked on

2023-03-09 13:12:16 - [MESSAGE][PASSED] - Object: 'Object Repository/2-OBJECTS TAREAS SECUNDARIAS/Pruebas SST/Creación_de_Matriz_de_Peligros/1/a_Aceptar_Eliminar6' is clicked on

2023-03-09 13:12:16 - [TEST_STEP][PASSED] - click(findTestObject("2-OBJECTS TAREAS SECUNDARIAS/Pruebas SST/Creación_de_Matriz_de_Peligros/1/a_Nuevo")): Object: 'Object Repository/2-OBJECTS TAREAS SECUNDARIAS/Pruebas SST/Creación_de_Matriz_de_Peligros/1/a_Nuevo' is clicked on

2023-03-09 13:12:17 - [MESSAGE][PASSED] - Object: 'Object Repository/2-OBJECTS TAREAS SECUNDARIAS/Pruebas SST/Creación_de_Matriz_de_Peligros/1/a_Nuevo' is clicked on

2023-03-09 13:12:17 - [TEST_STEP][PASSED] - selectOptionByIndex(findTestObject("2-OBJECTS TAREAS SECUNDARIAS/Pruebas SST/Creación_de_Matriz_de_Peligros/2/select_SeleccionarPeriodo 2018Periodo No. 1"), 2): All options with index in [2] are selected on object 'Object Repository/2-OBJECTS TAREAS SECUNDARIAS/Pruebas SST/Creación_de_Matriz_de_Peligros/2/select_SeleccionarPeriodo 2018Periodo No. 1'

2023-03-09 13:12:19 - [MESSAGE][PASSED] - All options with index in [2] are selected on object 'Object Repository/2-OBJECTS TAREAS SECUNDARIAS/Pruebas SST/Creación_de_Matriz_de_Peligros/2/select_SeleccionarPeriodo 2018Periodo No. 1'

2023-03-09 13:12:19 - [TEST_STEP][PASSED] - selectOptionByIndex(findTestObject("2-OBJECTS TAREAS SECUNDARIAS/Pruebas SST/Creación_de_Matriz_de_Peligros/1/select_SeleccionarCALIDADMENSUAL ABCMODELO EMPRESA QUINCENALPANSIONADOSPENSIONADOS BASEPRUEBAS"), 1): All options with index in [1] are selected on object 'Object Repository/2-OBJECTS TAREAS SECUNDARIAS/Pruebas SST/Creación_de_Matriz_de_Peligros/1/select_SeleccionarCALIDADMENSUAL ABCMODELO EMPRESA QUINCENALPANSIONADOSPENSIONADOS BASEPRUEBAS'

2023-03-09 13:12:20 - [MESSAGE][PASSED] - All options with index in [1] are selected on object 'Object Repository/2-OBJECTS TAREAS SECUNDARIAS/Pruebas SST/Creación_de_Matriz_de_Peligros/1/select_SeleccionarCALIDADMENSUAL ABCMODELO EMPRESA QUINCENALPANSIONADOSPENSIONADOS BASEPRUEBAS'

2023-03-09 13:12:20 - [TEST_STEP][PASSED] - setText(findTestObject("2-OBJECTS TAREAS SECUNDARIAS/Pruebas SST/Creación_de_Matriz_de_Peligros/1/input_Descripcin_form_datosMatrizPeligrodescripcion"), "PRUEBA KATALON"): Text 'PRUEBA KATALON' is set on object 'Object Repository/2-OBJECTS TAREAS SECUNDARIAS/Pruebas SST/Creación_de_Matriz_de_Peligros/1/input_Descripcin_form_datosMatrizPeligrodescripcion'

2023-03-09 13:12:21 - [MESSAGE][PASSED] - Text 'PRUEBA KATALON' is set on object 'Object Repository/2-OBJECTS TAREAS SECUNDARIAS/Pruebas SST/Creación_de_Matriz_de_Peligros/1/input_Descripcin_form_datosMatrizPeligrodescripcion'

2023-03-09 13:12:21 - [TEST_STEP][PASSED] - selectOptionByIndex(findTestObject("2-OBJECTS TAREAS SECUNDARIAS/Pruebas SST/Creación_de_Matriz_de_Peligros/2/select_SeleccionarNo VigenteVigente"), 2): All options with index in [2] are selected on object 'Object Repository/2-OBJECTS TAREAS SECUNDARIAS/Pruebas SST/Creación_de_Matriz_de_Peligros/2/select_SeleccionarNo VigenteVigente'

2023-03-09 13:12:22 - [MESSAGE][PASSED] - All options with index in [2] are selected on object 'Object Repository/2-OBJECTS TAREAS SECUNDARIAS/Pruebas SST/Creación_de_Matriz_de_Peligros/2/select_SeleccionarNo VigenteVigente'

2023-03-09 13:12:22 - [TEST_STEP][PASSED] - setText(findTestObject("2-OBJECTS TAREAS SECUNDARIAS/Pruebas SST/Creación_de_Matriz_de_Peligros/1/input_Fecha Vigencia_form_datosMatrizPeligrofechaVigencia_input"), "01/07/2021"): Text '01/07/2021' is set on object 'Object Repository/2-OBJECTS TAREAS SECUNDARIAS/Pruebas SST/Creación_de_Matriz_de_Peligros/1/input_Fecha Vigencia_form_datosMatrizPeligrofechaVigencia_input'

2023-03-09 13:12:23 - [MESSAGE][PASSED] - Text '01/07/2021' is set on object 'Object Repository/2-OBJECTS TAREAS SECUNDARIAS/Pruebas SST/Creación_de_Matriz_de_Peligros/1/input_Fecha Vigencia_form_datosMatrizPeligrofechaVigencia_input'

2023-03-09 13:12:23 - [TEST_STEP][PASSED] - click(findTestObject("2-OBJECTS TAREAS SECUNDARIAS/Pruebas SST/Creación_de_Matriz_de_Peligros/1/a_Guardar")): Object: 'Object Repository/2-OBJECTS TAREAS SECUNDARIAS/Pruebas SST/Creación_de_Matriz_de_Peligros/1/a_Guardar' is clicked on

2023-03-09 13:12:24 - [MESSAGE][PASSED] - Object: 'Object Repository/2-OBJECTS TAREAS SECUNDARIAS/Pruebas SST/Creación_de_Matriz_de_Peligros/1/a_Guardar' is clicked on

2023-03-09 13:12:24 - [TEST_STEP][PASSED] - click(findTestObject("2-OBJECTS TAREAS SECUNDARIAS/Pruebas SST/Creación_de_Matriz_de_Peligros/1/a_Actividades")): Object: 'Object Repository/2-OBJECTS TAREAS SECUNDARIAS/Pruebas SST/Creación_de_Matriz_de_Peligros/1/a_Actividades' is clicked on

2023-03-09 13:12:26 - [MESSAGE][PASSED] - Object: 'Object Repository/2-OBJECTS TAREAS SECUNDARIAS/Pruebas SST/Creación_de_Matriz_de_Peligros/1/a_Actividades' is clicked on

2023-03-09 13:12:26 - [TEST_STEP][PASSED] - click(findTestObject("2-OBJECTS TAREAS SECUNDARIAS/Pruebas SST/Creación_de_Matriz_de_Peligros/1/a_Nuevo1")): Object: 'Object Repository/2-OBJECTS TAREAS SECUNDARIAS/Pruebas SST/Creación_de_Matriz_de_Peligros/1/a_Nuevo1' is clicked on

2023-03-09 13:12:27 - [MESSAGE][PASSED] - Object: 'Object Repository/2-OBJECTS TAREAS SECUNDARIAS/Pruebas SST/Creación_de_Matriz_de_Peligros/1/a_Nuevo1' is clicked on

2023-03-09 13:12:27 - [TEST_STEP][PASSED] - setText(findTestObject("2-OBJECTS TAREAS SECUNDARIAS/Pruebas SST/Creación_de_Matriz_de_Peligros/1/input_Cdigo_form_datosActividadMatrizcodigo"), "1122334455"): Text '1122334455' is set on object 'Object Repository/2-OBJECTS TAREAS SECUNDARIAS/Pruebas SST/Creación_de_Matriz_de_Peligros/1/input_Cdigo_form_datosActividadMatrizcodigo'

2023-03-09 13:12:28 - [MESSAGE][PASSED] - Text '1122334455' is set on object 'Object Repository/2-OBJECTS TAREAS SECUNDARIAS/Pruebas SST/Creación_de_Matriz_de_Peligros/1/input_Cdigo_form_datosActividadMatrizcodigo'

2023-03-09 13:12:28 - [TEST_STEP][PASSED] - setText(findTestObject("2-OBJECTS TAREAS SECUNDARIAS/Pruebas SST/Creación_de_Matriz_de_Peligros/2/textarea_Descripcin_form_datosActividadMatrizdescripcion"), "PRUEBAS K"): Text 'PRUEBAS K' is set on object 'Object Repository/2-OBJECTS TAREAS SECUNDARIAS/Pruebas SST/Creación_de_Matriz_de_Peligros/2/textarea_Descripcin_form_datosActividadMatrizdescripcion'

2023-03-09 13:12:29 - [MESSAGE][PASSED] - Text 'PRUEBAS K' is set on object 'Object Repository/2-OBJECTS TAREAS SECUNDARIAS/Pruebas SST/Creación_de_Matriz_de_Peligros/2/textarea_Descripcin_form_datosActividadMatrizdescripcion'

2023-03-09 13:12:29 - [TEST_STEP][PASSED] - selectOptionByIndex(findTestObject("2-OBJECTS TAREAS SECUNDARIAS/Pruebas SST/Creación_de_Matriz_de_Peligros/2/select_SeleccionarNoSi"), 2): All options with index in [2] are selected on object 'Object Repository/2-OBJECTS TAREAS SECUNDARIAS/Pruebas SST/Creación_de_Matriz_de_Peligros/2/select_SeleccionarNoSi'

2023-03-09 13:12:30 - [MESSAGE][PASSED] - All options with index in [2] are selected on object 'Object Repository/2-OBJECTS TAREAS SECUNDARIAS/Pruebas SST/Creación_de_Matriz_de_Peligros/2/select_SeleccionarNoSi'

2023-03-09 13:12:30 - [TEST_STEP][PASSED] - click(findTestObject("2-OBJECTS TAREAS SECUNDARIAS/Pruebas SST/Creación_de_Matriz_de_Peligros/1/a_Guardar")): Object: 'Object Repository/2-OBJECTS TAREAS SECUNDARIAS/Pruebas SST/Creación_de_Matriz_de_Peligros/1/a_Guardar' is clicked on

2023-03-09 13:12:30 - [MESSAGE][PASSED] - Object: 'Object Repository/2-OBJECTS TAREAS SECUNDARIAS/Pruebas SST/Creación_de_Matriz_de_Peligros/1/a_Guardar' is clicked on

2023-03-09 13:12:30 - [TEST_STEP][PASSED] - click(findTestObject("2-OBJECTS TAREAS SECUNDARIAS/Pruebas SST/Creación_de_Matriz_de_Peligros/1/a_Nuevo2")): Object: 'Object Repository/2-OBJECTS TAREAS SECUNDARIAS/Pruebas SST/Creación_de_Matriz_de_Peligros/1/a_Nuevo2' is clicked on

2023-03-09 13:12:31 - [MESSAGE][PASSED] - Object: 'Object Repository/2-OBJECTS TAREAS SECUNDARIAS/Pruebas SST/Creación_de_Matriz_de_Peligros/1/a_Nuevo2' is clicked on

2023-03-09 13:12:31 - [TEST_STEP][PASSED] - setText(findTestObject("2-OBJECTS TAREAS SECUNDARIAS/Pruebas SST/Creación_de_Matriz_de_Peligros/1/input_Cdigo_form_detalleTareaMatrizcodigoTar"), "66778899"): Text '66778899' is set on object 'Object Repository/2-OBJECTS TAREAS SECUNDARIAS/Pruebas SST/Creación_de_Matriz_de_Peligros/1/input_Cdigo_form_detalleTareaMatrizcodigoTar'

2023-03-09 13:12:32 - [MESSAGE][PASSED] - Text '66778899' is set on object 'Object Repository/2-OBJECTS TAREAS SECUNDARIAS/Pruebas SST/Creación_de_Matriz_de_Peligros/1/input_Cdigo_form_detalleTareaMatrizcodigoTar'

2023-03-09 13:12:32 - [TEST_STEP][PASSED] - setText(findTestObject("2-OBJECTS TAREAS SECUNDARIAS/Pruebas SST/Creación_de_Matriz_de_Peligros/2/textarea_Descripcin_form_detalleTareaMatrizdescripcionTar"), "Pruebas k"): Text 'Pruebas k' is set on object 'Object Repository/2-OBJECTS TAREAS SECUNDARIAS/Pruebas SST/Creación_de_Matriz_de_Peligros/2/textarea_Descripcin_form_detalleTareaMatrizdescripcionTar'

2023-03-09 13:12:33 - [MESSAGE][PASSED] - Text 'Pruebas k' is set on object 'Object Repository/2-OBJECTS TAREAS SECUNDARIAS/Pruebas SST/Creación_de_Matriz_de_Peligros/2/textarea_Descripcin_form_detalleTareaMatrizdescripcionTar'

2023-03-09 13:12:33 - [TEST_STEP][PASSED] - click(findTestObject("2-OBJECTS TAREAS SECUNDARIAS/Pruebas SST/Creación_de_Matriz_de_Peligros/1/a_Guardar")): Object: 'Object Repository/2-OBJECTS TAREAS SECUNDARIAS/Pruebas SST/Creación_de_Matriz_de_Peligros/1/a_Guardar' is clicked on

2023-03-09 13:12:33 - [MESSAGE][PASSED] - Object: 'Object Repository/2-OBJECTS TAREAS SECUNDARIAS/Pruebas SST/Creación_de_Matriz_de_Peligros/1/a_Guardar' is clicked on

2023-03-09 13:12:33 - [TEST_STEP][PASSED] - click(findTestObject("2-OBJECTS TAREAS SECUNDARIAS/Pruebas SST/Creación_de_Matriz_de_Peligros/1/a_Nuevo3")): Object: 'Object Repository/2-OBJECTS TAREAS SECUNDARIAS/Pruebas SST/Creación_de_Matriz_de_Peligros/1/a_Nuevo3' is clicked on

2023-03-09 13:12:34 - [MESSAGE][PASSED] - Object: 'Object Repository/2-OBJECTS TAREAS SECUNDARIAS/Pruebas SST/Creación_de_Matriz_de_Peligros/1/a_Nuevo3' is clicked on

2023-03-09 13:12:34 - [TEST_STEP][PASSED] - selectOptionByIndex(findTestObject("2-OBJECTS TAREAS SECUNDARIAS/Pruebas SST/Creación_de_Matriz_de_Peligros/1/select_SeleccionarFsicoPrueba cdigo repetidoCondiciones de SeguridadPsicosocialBiomecnicoAuditivoFenmenos NaturalesVisualMotriz"), "1"): All options with index in [1] are selected on object 'Object Repository/2-OBJECTS TAREAS SECUNDARIAS/Pruebas SST/Creación_de_Matriz_de_Peligros/1/select_SeleccionarFsicoPrueba cdigo repetidoCondiciones de SeguridadPsicosocialBiomecnicoAuditivoFenmenos NaturalesVisualMotriz'

2023-03-09 13:12:35 - [MESSAGE][PASSED] - All options with index in [1] are selected on object 'Object Repository/2-OBJECTS TAREAS SECUNDARIAS/Pruebas SST/Creación_de_Matriz_de_Peligros/1/select_SeleccionarFsicoPrueba cdigo repetidoCondiciones de SeguridadPsicosocialBiomecnicoAuditivoFenmenos NaturalesVisualMotriz'

2023-03-09 13:12:35 - [TEST_STEP][PASSED] - selectOptionByIndex(findTestObject("2-OBJECTS TAREAS SECUNDARIAS/Pruebas SST/Creación_de_Matriz_de_Peligros/1/select_Seleccionar"), "1"): All options with index in [1] are selected on object 'Object Repository/2-OBJECTS TAREAS SECUNDARIAS/Pruebas SST/Creación_de_Matriz_de_Peligros/1/select_Seleccionar'

2023-03-09 13:12:36 - [MESSAGE][PASSED] - All options with index in [1] are selected on object 'Object Repository/2-OBJECTS TAREAS SECUNDARIAS/Pruebas SST/Creación_de_Matriz_de_Peligros/1/select_Seleccionar'

2023-03-09 13:12:36 - [TEST_STEP][PASSED] - setText(findTestObject("2-OBJECTS TAREAS SECUNDARIAS/Pruebas SST/Creación_de_Matriz_de_Peligros/2/textarea_Efecto Posible_form_listadoPeligroListadoActividaddtabconsecuencia"), "prueba k"): Text 'prueba k' is set on object 'Object Repository/2-OBJECTS TAREAS SECUNDARIAS/Pruebas SST/Creación_de_Matriz_de_Peligros/2/textarea_Efecto Posible_form_listadoPeligroListadoActividaddtabconsecuencia'

2023-03-09 13:12:37 - [MESSAGE][PASSED] - Text 'prueba k' is set on object 'Object Repository/2-OBJECTS TAREAS SECUNDARIAS/Pruebas SST/Creación_de_Matriz_de_Peligros/2/textarea_Efecto Posible_form_listadoPeligroListadoActividaddtabconsecuencia'

2023-03-09 13:12:37 - [TEST_STEP][PASSED] - click(findTestObject("2-OBJECTS TAREAS SECUNDARIAS/Pruebas SST/Creación_de_Matriz_de_Peligros/1/a_Guardar")): Object: 'Object Repository/2-OBJECTS TAREAS SECUNDARIAS/Pruebas SST/Creación_de_Matriz_de_Peligros/1/a_Guardar' is clicked on

2023-03-09 13:12:37 - [MESSAGE][PASSED] - Object: 'Object Repository/2-OBJECTS TAREAS SECUNDARIAS/Pruebas SST/Creación_de_Matriz_de_Peligros/1/a_Guardar' is clicked on

2023-03-09 13:12:37 - [TEST_STEP][PASSED] - click(findTestObject("2-OBJECTS TAREAS SECUNDARIAS/Pruebas SST/Creación_de_Matriz_de_Peligros/1/a_Controles Existentes")): Object: 'Object Repository/2-OBJECTS TAREAS SECUNDARIAS/Pruebas SST/Creación_de_Matriz_de_Peligros/1/a_Controles Existentes' is clicked on

2023-03-09 13:12:38 - [MESSAGE][PASSED] - Object: 'Object Repository/2-OBJECTS TAREAS SECUNDARIAS/Pruebas SST/Creación_de_Matriz_de_Peligros/1/a_Controles Existentes' is clicked on

2023-03-09 13:12:38 - [TEST_STEP][PASSED] - click(findTestObject("2-OBJECTS TAREAS SECUNDARIAS/Pruebas SST/Creación_de_Matriz_de_Peligros/1/a_Nuevo4")): Object: 'Object Repository/2-OBJECTS TAREAS SECUNDARIAS/Pruebas SST/Creación_de_Matriz_de_Peligros/1/a_Nuevo4' is clicked on

2023-03-09 13:12:39 - [MESSAGE][PASSED] - Object: 'Object Repository/2-OBJECTS TAREAS SECUNDARIAS/Pruebas SST/Creación_de_Matriz_de_Peligros/1/a_Nuevo4' is clicked on

2023-03-09 13:12:39 - [TEST_STEP][PASSED] - selectOptionByIndex(findTestObject("2-OBJECTS TAREAS SECUNDARIAS/Pruebas SST/Creación_de_Matriz_de_Peligros/2/select_SeleccionarIndividuoFuenteMedio"), 1): All options with index in [1] are selected on object 'Object Repository/2-OBJECTS TAREAS SECUNDARIAS/Pruebas SST/Creación_de_Matriz_de_Peligros/2/select_SeleccionarIndividuoFuenteMedio'

2023-03-09 13:12:40 - [MESSAGE][PASSED] - All options with index in [1] are selected on object 'Object Repository/2-OBJECTS TAREAS SECUNDARIAS/Pruebas SST/Creación_de_Matriz_de_Peligros/2/select_SeleccionarIndividuoFuenteMedio'

2023-03-09 13:12:40 - [TEST_STEP][PASSED] - setText(findTestObject("2-OBJECTS TAREAS SECUNDARIAS/Pruebas SST/Creación_de_Matriz_de_Peligros/2/textarea_Descripcin_form_listadoPeligroListadoActividaddtabdescripcionMedControl"), "pruebas k"): Text 'pruebas k' is set on object 'Object Repository/2-OBJECTS TAREAS SECUNDARIAS/Pruebas SST/Creación_de_Matriz_de_Peligros/2/textarea_Descripcin_form_listadoPeligroListadoActividaddtabdescripcionMedControl'

2023-03-09 13:12:41 - [MESSAGE][PASSED] - Text 'pruebas k' is set on object 'Object Repository/2-OBJECTS TAREAS SECUNDARIAS/Pruebas SST/Creación_de_Matriz_de_Peligros/2/textarea_Descripcin_form_listadoPeligroListadoActividaddtabdescripcionMedControl'

2023-03-09 13:12:41 - [TEST_STEP][PASSED] - click(findTestObject("2-OBJECTS TAREAS SECUNDARIAS/Pruebas SST/Creación_de_Matriz_de_Peligros/1/a_Guardar4")): Object: 'Object Repository/2-OBJECTS TAREAS SECUNDARIAS/Pruebas SST/Creación_de_Matriz_de_Peligros/1/a_Guardar4' is clicked on

2023-03-09 13:12:41 - [MESSAGE][PASSED] - Object: 'Object Repository/2-OBJECTS TAREAS SECUNDARIAS/Pruebas SST/Creación_de_Matriz_de_Peligros/1/a_Guardar4' is clicked on

2023-03-09 13:12:41 - [TEST_STEP][PASSED] - click(findTestObject("2-OBJECTS TAREAS SECUNDARIAS/Pruebas SST/Creación_de_Matriz_de_Peligros/1/a_Niveles de Riesgo")): Object: 'Object Repository/2-OBJECTS TAREAS SECUNDARIAS/Pruebas SST/Creación_de_Matriz_de_Peligros/1/a_Niveles de Riesgo' is clicked on

2023-03-09 13:12:42 - [MESSAGE][PASSED] - Object: 'Object Repository/2-OBJECTS TAREAS SECUNDARIAS/Pruebas SST/Creación_de_Matriz_de_Peligros/1/a_Niveles de Riesgo' is clicked on

2023-03-09 13:12:42 - [TEST_STEP][PASSED] - click(findTestObject("2-OBJECTS TAREAS SECUNDARIAS/Pruebas SST/Creación_de_Matriz_de_Peligros/1/a_Nuevo6")): Object: 'Object Repository/2-OBJECTS TAREAS SECUNDARIAS/Pruebas SST/Creación_de_Matriz_de_Peligros/1/a_Nuevo6' is clicked on

2023-03-09 13:12:43 - [MESSAGE][PASSED] - Object: 'Object Repository/2-OBJECTS TAREAS SECUNDARIAS/Pruebas SST/Creación_de_Matriz_de_Peligros/1/a_Nuevo6' is clicked on

2023-03-09 13:12:43 - [TEST_STEP][PASSED] - setText(findTestObject("2-OBJECTS TAREAS SECUNDARIAS/Pruebas SST/Creación_de_Matriz_de_Peligros/1/input_Fecha Original_form_l5"), "01/07/2021"): Text '01/07/2021' is set on object 'Object Repository/2-OBJECTS TAREAS SECUNDARIAS/Pruebas SST/Creación_de_Matriz_de_Peligros/1/input_Fecha Original_form_l5'

2023-03-09 13:12:44 - [MESSAGE][PASSED] - Text '01/07/2021' is set on object 'Object Repository/2-OBJECTS TAREAS SECUNDARIAS/Pruebas SST/Creación_de_Matriz_de_Peligros/1/input_Fecha Original_form_l5'

2023-03-09 13:12:44 - [TEST_STEP][PASSED] - selectOptionByIndex(findTestObject("2-OBJECTS TAREAS SECUNDARIAS/Pruebas SST/Creación_de_Matriz_de_Peligros/1/select_SeleccionarBAJAMEDIAALTO"), "1"): All options with index in [1] are selected on object 'Object Repository/2-OBJECTS TAREAS SECUNDARIAS/Pruebas SST/Creación_de_Matriz_de_Peligros/1/select_SeleccionarBAJAMEDIAALTO'

2023-03-09 13:12:45 - [MESSAGE][PASSED] - All options with index in [1] are selected on object 'Object Repository/2-OBJECTS TAREAS SECUNDARIAS/Pruebas SST/Creación_de_Matriz_de_Peligros/1/select_SeleccionarBAJAMEDIAALTO'

2023-03-09 13:12:45 - [TEST_STEP][PASSED] - selectOptionByIndex(findTestObject("2-OBJECTS TAREAS SECUNDARIAS/Pruebas SST/Creación_de_Matriz_de_Peligros/2/select_SeleccionarSiNoNo Aplica"), 1): All options with index in [1] are selected on object 'Object Repository/2-OBJECTS TAREAS SECUNDARIAS/Pruebas SST/Creación_de_Matriz_de_Peligros/2/select_SeleccionarSiNoNo Aplica'

2023-03-09 13:12:46 - [MESSAGE][PASSED] - All options with index in [1] are selected on object 'Object Repository/2-OBJECTS TAREAS SECUNDARIAS/Pruebas SST/Creación_de_Matriz_de_Peligros/2/select_SeleccionarSiNoNo Aplica'

2023-03-09 13:12:46 - [TEST_STEP][PASSED] - selectOptionByIndex(findTestObject("2-OBJECTS TAREAS SECUNDARIAS/Pruebas SST/Creación_de_Matriz_de_Peligros/2/select_SeleccionarIIIIIIIV"), "1"): All options with index in [1] are selected on object 'Object Repository/2-OBJECTS TAREAS SECUNDARIAS/Pruebas SST/Creación_de_Matriz_de_Peligros/2/select_SeleccionarIIIIIIIV'

2023-03-09 13:12:48 - [MESSAGE][PASSED] - All options with index in [1] are selected on object 'Object Repository/2-OBJECTS TAREAS SECUNDARIAS/Pruebas SST/Creación_de_Matriz_de_Peligros/2/select_SeleccionarIIIIIIIV'

2023-03-09 13:12:48 - [TEST_STEP][PASSED] - click(findTestObject("2-OBJECTS TAREAS SECUNDARIAS/Pruebas SST/Creación_de_Matriz_de_Peligros/1/a_Guardar6")): Object: 'Object Repository/2-OBJECTS TAREAS SECUNDARIAS/Pruebas SST/Creación_de_Matriz_de_Peligros/1/a_Guardar6' is clicked on

2023-03-09 13:12:48 - [MESSAGE][PASSED] - Object: 'Object Repository/2-OBJECTS TAREAS SECUNDARIAS/Pruebas SST/Creación_de_Matriz_de_Peligros/1/a_Guardar6' is clicked on

2023-03-09 13:12:48 - [TEST_STEP][PASSED] - click(findTestObject("2-OBJECTS TAREAS SECUNDARIAS/Pruebas SST/Creación_de_Matriz_de_Peligros/1/a_Seguimiento")): Object: 'Object Repository/2-OBJECTS TAREAS SECUNDARIAS/Pruebas SST/Creación_de_Matriz_de_Peligros/1/a_Seguimiento' is clicked on

2023-03-09 13:12:49 - [MESSAGE][PASSED] - Object: 'Object Repository/2-OBJECTS TAREAS SECUNDARIAS/Pruebas SST/Creación_de_Matriz_de_Peligros/1/a_Seguimiento' is clicked on

2023-03-09 13:12:49 - [TEST_STEP][PASSED] - click(findTestObject("2-OBJECTS TAREAS SECUNDARIAS/Pruebas SST/Creación_de_Matriz_de_Peligros/2/td_4")): Object: 'Object Repository/2-OBJECTS TAREAS SECUNDARIAS/Pruebas SST/Creación_de_Matriz_de_Peligros/2/td_4' is clicked on

2023-03-09 13:12:50 - [MESSAGE][PASSED] - Object: 'Object Repository/2-OBJECTS TAREAS SECUNDARIAS/Pruebas SST/Creación_de_Matriz_de_Peligros/2/td_4' is clicked on

2023-03-09 13:12:50 - [TEST_STEP][PASSED] - setText(findTestObject("2-OBJECTS TAREAS SECUNDARIAS/Pruebas SST/Creación_de_Matriz_de_Peligros/1/input_Fecha de Seguimiento_form_listadoPeligroListadoActividaddtabtab2fechaSeguimiento_input"), "01/07/2021"): Text '01/07/2021' is set on object 'Object Repository/2-OBJECTS TAREAS SECUNDARIAS/Pruebas SST/Creación_de_Matriz_de_Peligros/1/input_Fecha de Seguimiento_form_listadoPeligroListadoActividaddtabtab2fechaSeguimiento_input'

2023-03-09 13:12:51 - [MESSAGE][PASSED] - Text '01/07/2021' is set on object 'Object Repository/2-OBJECTS TAREAS SECUNDARIAS/Pruebas SST/Creación_de_Matriz_de_Peligros/1/input_Fecha de Seguimiento_form_listadoPeligroListadoActividaddtabtab2fechaSeguimiento_input'

2023-03-09 13:12:51 - [TEST_STEP][PASSED] - selectOptionByIndex(findTestObject("2-OBJECTS TAREAS SECUNDARIAS/Pruebas SST/Creación_de_Matriz_de_Peligros/1/select_SeleccionarBAJAMEDIAALTO2"), "3"): All options with index in [3] are selected on object 'Object Repository/2-OBJECTS TAREAS SECUNDARIAS/Pruebas SST/Creación_de_Matriz_de_Peligros/1/select_SeleccionarBAJAMEDIAALTO2'

2023-03-09 13:12:52 - [MESSAGE][PASSED] - All options with index in [3] are selected on object 'Object Repository/2-OBJECTS TAREAS SECUNDARIAS/Pruebas SST/Creación_de_Matriz_de_Peligros/1/select_SeleccionarBAJAMEDIAALTO2'

2023-03-09 13:12:52 - [TEST_STEP][PASSED] - selectOptionByIndex(findTestObject("2-OBJECTS TAREAS SECUNDARIAS/Pruebas SST/Creación_de_Matriz_de_Peligros/2/select_SeleccionarSiNoNo Aplica2"), "1"): All options with index in [1] are selected on object 'Object Repository/2-OBJECTS TAREAS SECUNDARIAS/Pruebas SST/Creación_de_Matriz_de_Peligros/2/select_SeleccionarSiNoNo Aplica2'

2023-03-09 13:12:54 - [MESSAGE][PASSED] - All options with index in [1] are selected on object 'Object Repository/2-OBJECTS TAREAS SECUNDARIAS/Pruebas SST/Creación_de_Matriz_de_Peligros/2/select_SeleccionarSiNoNo Aplica2'

2023-03-09 13:12:54 - [TEST_STEP][PASSED] - selectOptionByIndex(findTestObject("2-OBJECTS TAREAS SECUNDARIAS/Pruebas SST/Creación_de_Matriz_de_Peligros/2/select_SeleccionarIIIIIIIV2"), "1"): All options with index in [1] are selected on object 'Object Repository/2-OBJECTS TAREAS SECUNDARIAS/Pruebas SST/Creación_de_Matriz_de_Peligros/2/select_SeleccionarIIIIIIIV2'

2023-03-09 13:12:55 - [MESSAGE][PASSED] - All options with index in [1] are selected on object 'Object Repository/2-OBJECTS TAREAS SECUNDARIAS/Pruebas SST/Creación_de_Matriz_de_Peligros/2/select_SeleccionarIIIIIIIV2'

2023-03-09 13:12:55 - [TEST_STEP][PASSED] - click(findTestObject("2-OBJECTS TAREAS SECUNDARIAS/Pruebas SST/Creación_de_Matriz_de_Peligros/1/a_Actualizar")): Object: 'Object Repository/2-OBJECTS TAREAS SECUNDARIAS/Pruebas SST/Creación_de_Matriz_de_Peligros/1/a_Actualizar' is clicked on

2023-03-09 13:12:56 - [MESSAGE][PASSED] - Object: 'Object Repository/2-OBJECTS TAREAS SECUNDARIAS/Pruebas SST/Creación_de_Matriz_de_Peligros/1/a_Actualizar' is clicked on

2023-03-09 13:12:56 - [TEST_STEP][PASSED] - click(findTestObject("2-OBJECTS TAREAS SECUNDARIAS/Pruebas SST/Creación_de_Matriz_de_Peligros/1/a_Medida de intervencin")): Object: 'Object Repository/2-OBJECTS TAREAS SECUNDARIAS/Pruebas SST/Creación_de_Matriz_de_Peligros/1/a_Medida de intervencin' is clicked on

2023-03-09 13:12:56 - [MESSAGE][PASSED] - Object: 'Object Repository/2-OBJECTS TAREAS SECUNDARIAS/Pruebas SST/Creación_de_Matriz_de_Peligros/1/a_Medida de intervencin' is clicked on

2023-03-09 13:12:56 - [TEST_STEP][PASSED] - click(findTestObject("2-OBJECTS TAREAS SECUNDARIAS/Pruebas SST/Creación_de_Matriz_de_Peligros/1/a_Nuevo7")): Object: 'Object Repository/2-OBJECTS TAREAS SECUNDARIAS/Pruebas SST/Creación_de_Matriz_de_Peligros/1/a_Nuevo7' is clicked on

2023-03-09 13:12:57 - [MESSAGE][PASSED] - Object: 'Object Repository/2-OBJECTS TAREAS SECUNDARIAS/Pruebas SST/Creación_de_Matriz_de_Peligros/1/a_Nuevo7' is clicked on

2023-03-09 13:12:57 - [TEST_STEP][PASSED] - selectOptionByIndex(findTestObject("2-OBJECTS TAREAS SECUNDARIAS/Pruebas SST/Creación_de_Matriz_de_Peligros/2/select_SeleccionarPrevencin Nivel 1Prevencin Nivel 2Prevencin Nivel 3"), "1"): All options with index in [1] are selected on object 'Object Repository/2-OBJECTS TAREAS SECUNDARIAS/Pruebas SST/Creación_de_Matriz_de_Peligros/2/select_SeleccionarPrevencin Nivel 1Prevencin Nivel 2Prevencin Nivel 3'

2023-03-09 13:12:58 - [MESSAGE][PASSED] - All options with index in [1] are selected on object 'Object Repository/2-OBJECTS TAREAS SECUNDARIAS/Pruebas SST/Creación_de_Matriz_de_Peligros/2/select_SeleccionarPrevencin Nivel 1Prevencin Nivel 2Prevencin Nivel 3'

2023-03-09 13:12:58 - [TEST_STEP][PASSED] - setText(findTestObject("2-OBJECTS TAREAS SECUNDARIAS/Pruebas SST/Creación_de_Matriz_de_Peligros/2/textarea_Descripcin_form_listadoPeligroListadoActividaddtabdescripcionMedInter"), "PRUEBAS K"): Text 'PRUEBAS K' is set on object 'Object Repository/2-OBJECTS TAREAS SECUNDARIAS/Pruebas SST/Creación_de_Matriz_de_Peligros/2/textarea_Descripcin_form_listadoPeligroListadoActividaddtabdescripcionMedInter'

2023-03-09 13:12:59 - [MESSAGE][PASSED] - Text 'PRUEBAS K' is set on object 'Object Repository/2-OBJECTS TAREAS SECUNDARIAS/Pruebas SST/Creación_de_Matriz_de_Peligros/2/textarea_Descripcin_form_listadoPeligroListadoActividaddtabdescripcionMedInter'

2023-03-09 13:12:59 - [TEST_STEP][PASSED] - setText(findTestObject("2-OBJECTS TAREAS SECUNDARIAS/Pruebas SST/Creación_de_Matriz_de_Peligros/2/textarea_Recurso Inversin_form_listadoPeligroListadoActividaddtabrecuInvsMedInter"), "PRUEBAS K"): Text 'PRUEBAS K' is set on object 'Object Repository/2-OBJECTS TAREAS SECUNDARIAS/Pruebas SST/Creación_de_Matriz_de_Peligros/2/textarea_Recurso Inversin_form_listadoPeligroListadoActividaddtabrecuInvsMedInter'

2023-03-09 13:13:00 - [MESSAGE][PASSED] - Text 'PRUEBAS K' is set on object 'Object Repository/2-OBJECTS TAREAS SECUNDARIAS/Pruebas SST/Creación_de_Matriz_de_Peligros/2/textarea_Recurso Inversin_form_listadoPeligroListadoActividaddtabrecuInvsMedInter'

2023-03-09 13:13:00 - [TEST_STEP][PASSED] - click(findTestObject("2-OBJECTS TAREAS SECUNDARIAS/Pruebas SST/Creación_de_Matriz_de_Peligros/1/a_Guardar8")): Object: 'Object Repository/2-OBJECTS TAREAS SECUNDARIAS/Pruebas SST/Creación_de_Matriz_de_Peligros/1/a_Guardar8' is clicked on

2023-03-09 13:13:00 - [MESSAGE][PASSED] - Object: 'Object Repository/2-OBJECTS TAREAS SECUNDARIAS/Pruebas SST/Creación_de_Matriz_de_Peligros/1/a_Guardar8' is clicked on

2023-03-09 13:13:00 - [TEST_STEP][PASSED] - click(findTestObject("2-OBJECTS TAREAS SECUNDARIAS/Pruebas SST/Creación_de_Matriz_de_Peligros/1/a_Anexos")): Object: 'Object Repository/2-OBJECTS TAREAS SECUNDARIAS/Pruebas SST/Creación_de_Matriz_de_Peligros/1/a_Anexos' is clicked on

2023-03-09 13:13:01 - [MESSAGE][PASSED] - Object: 'Object Repository/2-OBJECTS TAREAS SECUNDARIAS/Pruebas SST/Creación_de_Matriz_de_Peligros/1/a_Anexos' is clicked on

2023-03-09 13:13:01 - [TEST_STEP][PASSED] - click(findTestObject("2-OBJECTS TAREAS SECUNDARIAS/Pruebas SST/Creación_de_Matriz_de_Peligros/1/a_Descargar_form_listadoPeligroListadoActividaddtabtablaAnexosj_idt1133")): Object: 'Object Repository/2-OBJECTS TAREAS SECUNDARIAS/Pruebas SST/Creación_de_Matriz_de_Peligros/1/a_Descargar_form_listadoPeligroListadoActividaddtabtablaAnexosj_idt1133' is clicked on

2023-03-09 13:13:02 - [MESSAGE][PASSED] - Object: 'Object Repository/2-OBJECTS TAREAS SECUNDARIAS/Pruebas SST/Creación_de_Matriz_de_Peligros/1/a_Descargar_form_listadoPeligroListadoActividaddtabtablaAnexosj_idt1133' is clicked on

2023-03-09 13:13:02 - [TEST_STEP][PASSED] - ra = "": null

2023-03-09 13:13:02 - [TEST_STEP][PASSED] - ruta = Systema(ra) + "prueba.pdf": null

2023-03-09 13:13:02 - [TEST_STEP][PASSED] - RutaA = System.getProperty("os.name"): null

2023-03-09 13:13:02 - [TEST_STEP][PASSED] - if (RutaA == "Windows 10"): null

2023-03-09 13:13:02 - [TEST_STEP][PASSED] - rutaW = getProjectDir() + "/1.Requerimientos/Documento para pruebas/": null

2023-03-09 13:13:02 - [TEST_STEP][PASSED] - rutaW = rutaW.replace("/", "\"): null

2023-03-09 13:13:02 - [TEST_STEP][PASSED] - println("Esta es la ruta:" + rutaW): null

2023-03-09 13:13:02 - [TEST_STEP][PASSED] - ra = rutaW: null

2023-03-09 13:13:02 - [TEST_STEP][PASSED] - println(ruta): null

2023-03-09 13:13:02 - [TEST_STEP][PASSED] - uploadFile(findTestObject("2-OBJECTS TAREAS SECUNDARIAS/Pruebas SST/Creación_de_Matriz_de_Peligros/1/input_Cargar Archivo_popupCargarArchivoForminputFileName_input"), ruta): File 'C:\Users\diego.rojas\git\Pruebas-Minimas\1.Requerimientos\Documento para pruebas\prueba.pdf' sent to object: 'Object Repository/2-OBJECTS TAREAS SECUNDARIAS/Pruebas SST/Creación_de_Matriz_de_Peligros/1/input_Cargar Archivo_popupCargarArchivoForminputFileName_input'

2023-03-09 13:13:03 - [MESSAGE][PASSED] - File 'C:\Users\diego.rojas\git\Pruebas-Minimas\1.Requerimientos\Documento para pruebas\prueba.pdf' sent to object: 'Object Repository/2-OBJECTS TAREAS SECUNDARIAS/Pruebas SST/Creación_de_Matriz_de_Peligros/1/input_Cargar Archivo_popupCargarArchivoForminputFileName_input'

2023-03-09 13:13:03 - [TEST_STEP][PASSED] - setText(findTestObject("2-OBJECTS TAREAS SECUNDARIAS/Pruebas SST/Creación_de_Matriz_de_Peligros/1/input_Descargar_form_listadoPeligroListadoActividaddtabtablaAnexosdescripcionAnexo"), "Pruebas k"): Text 'Pruebas k' is set on object 'Object Repository/2-OBJECTS TAREAS SECUNDARIAS/Pruebas SST/Creación_de_Matriz_de_Peligros/1/input_Descargar_form_listadoPeligroListadoActividaddtabtablaAnexosdescripcionAnexo'

2023-03-09 13:13:04 - [MESSAGE][PASSED] - Text 'Pruebas k' is set on object 'Object Repository/2-OBJECTS TAREAS SECUNDARIAS/Pruebas SST/Creación_de_Matriz_de_Peligros/1/input_Descargar_form_listadoPeligroListadoActividaddtabtablaAnexosdescripcionAnexo'

2023-03-09 13:13:04 - [TEST_STEP][PASSED] - click(findTestObject("2-OBJECTS TAREAS SECUNDARIAS/Pruebas SST/Creación_de_Matriz_de_Peligros/1/a_Descargar_form_listadoPeligroListadoActividaddtabtablaAnexosj_idt1140")): Object: 'Object Repository/2-OBJECTS TAREAS SECUNDARIAS/Pruebas SST/Creación_de_Matriz_de_Peligros/1/a_Descargar_form_listadoPeligroListadoActividaddtabtablaAnexosj_idt1140' is clicked on

2023-03-09 13:13:04 - [MESSAGE][PASSED] - Object: 'Object Repository/2-OBJECTS TAREAS SECUNDARIAS/Pruebas SST/Creación_de_Matriz_de_Peligros/1/a_Descargar_form_listadoPeligroListadoActividaddtabtablaAnexosj_idt1140' is clicked on

2023-03-09 13:13:04 - [TEST_STEP][PASSED] - click(findTestObject("2-OBJECTS TAREAS SECUNDARIAS/Pruebas SST/Creación_de_Matriz_de_Peligros/1/a_Regresar al inicio")): Object: 'Object Repository/2-OBJECTS TAREAS SECUNDARIAS/Pruebas SST/Creación_de_Matriz_de_Peligros/1/a_Regresar al inicio' is clicked on

2023-03-09 13:13:05 - [MESSAGE][PASSED] - Object: 'Object Repository/2-OBJECTS TAREAS SECUNDARIAS/Pruebas SST/Creación_de_Matriz_de_Peligros/1/a_Regresar al inicio' is clicked on

2023-03-09 13:13:05 - [TEST_STEP][PASSED] - selectOptionByIndex(findTestObject("2-OBJECTS TAREAS SECUNDARIAS/Pruebas SST/Creación_de_Matriz_de_Peligros/1/select_Periodo_principal"), 2): All options with index in [2] are selected on object 'Object Repository/2-OBJECTS TAREAS SECUNDARIAS/Pruebas SST/Creación_de_Matriz_de_Peligros/1/select_Periodo_principal'

2023-03-09 13:13:06 - [MESSAGE][PASSED] - All options with index in [2] are selected on object 'Object Repository/2-OBJECTS TAREAS SECUNDARIAS/Pruebas SST/Creación_de_Matriz_de_Peligros/1/select_Periodo_principal'

2023-03-09 13:13:06 - [TEST_STEP][PASSED] - selectOptionByIndex(findTestObject("2-OBJECTS TAREAS SECUNDARIAS/Pruebas SST/Creación_de_Matriz_de_Peligros/1/select_Empresa_principal"), 1): All options with index in [1] are selected on object 'Object Repository/2-OBJECTS TAREAS SECUNDARIAS/Pruebas SST/Creación_de_Matriz_de_Peligros/1/select_Empresa_principal'

2023-03-09 13:13:08 - [MESSAGE][PASSED] - All options with index in [1] are selected on object 'Object Repository/2-OBJECTS TAREAS SECUNDARIAS/Pruebas SST/Creación_de_Matriz_de_Peligros/1/select_Empresa_principal'

2023-03-09 13:13:08 - [TEST_STEP][PASSED] - if (waitForElementVisible(findTestObject("2-OBJECTS TAREAS SECUNDARIAS/Pruebas SST/Creación_de_Matriz_de_Peligros/td_PRUEBA KATALON"), 1)): null

2023-03-09 13:13:08 - [MESSAGE][PASSED] - Object 'Object Repository/2-OBJECTS TAREAS SECUNDARIAS/Pruebas SST/Creación_de_Matriz_de_Peligros/td_PRUEBA KATALON' is visible

2023-03-09 13:13:08 - [TEST_STEP][PASSED] - Resultado = "PRUEBA OK": null

2023-03-09 13:13:08 - [TEST_STEP][PASSED] - closeBrowser(): Browser is closed

2023-03-09 13:13:09 - [MESSAGE][PASSED] - Browser is closed]]></system-out>
         <system-err><![CDATA[]]></system-err>
      </testcase>
      <testcase name="Test Cases/1.2-Tareas_Secundarias/5.1-Pruebas_SST/5.1.5-Diligenciar_una_inspección" time="47.594" classname="Test Cases/1.2-Tareas_Secundarias/5.1-Pruebas_SST/5.1.5-Diligenciar_una_inspección" status="PASSED">
         <system-out><![CDATA[2023-03-09 13:13:09 - [TEST_CASE][PASSED] - Test Cases/1.2-Tareas_Secundarias/5.1-Pruebas_SST/5.1.5-Diligenciar_una_inspección: Test Cases/1.2-Tareas_Secundarias/5.1-Pruebas_SST/5.1.5-Diligenciar_una_inspección

2023-03-09 13:13:10 - [TEST_STEP][PASSED] - callTestCase(findTestCase("0.1-Login"), [:], STOP_ON_FAILURE): Call Test Case 'Test Cases/0.1-Login' successfully

2023-03-09 13:13:10 - [TEST_CASE][PASSED] - Test Cases/0.1-Login: Test Cases/0.1-Login

2023-03-09 13:13:10 - [TEST_STEP][PASSED] - openBrowser(""): Browser is opened with url: ''

2023-03-09 13:13:10 - [MESSAGE][INFO] - Starting 'Chrome' driver

2023-03-09 13:13:10 - [MESSAGE][INFO] - Action delay is set to 0 milliseconds

2023-03-09 13:13:11 - [MESSAGE][PASSED] - Browser is opened with url: ''

2023-03-09 13:13:11 - [TEST_STEP][PASSED] - maximizeWindow(): Current window maximized

2023-03-09 13:13:11 - [MESSAGE][PASSED] - Current window maximized

2023-03-09 13:13:11 - [TEST_STEP][PASSED] - i = G_Login: null

2023-03-09 13:13:11 - [TEST_STEP][PASSED] - url = new java.net.URL(i): null

2023-03-09 13:13:11 - [TEST_STEP][PASSED] - println("URL: " + url.toString()): null

2023-03-09 13:13:11 - [TEST_STEP][PASSED] - connection = url.openConnection(): null

2023-03-09 13:13:11 - [TEST_STEP][PASSED] - connection.setRequestMethod("GET"): null

2023-03-09 13:13:11 - [TEST_STEP][PASSED] - connection.setReadTimeout(2 * 1000): null

2023-03-09 13:13:11 - [TEST_STEP][PASSED] - try: null

2023-03-09 13:13:11 - [TEST_STEP][PASSED] - connection.connect(): null

2023-03-09 13:13:11 - [TEST_STEP][PASSED] - flag = connected: null

2023-03-09 13:13:11 - [TEST_STEP][PASSED] - println("Valor_ori: " + flag): null

2023-03-09 13:13:11 - [TEST_STEP][PASSED] - if (flag): null

2023-03-09 13:13:11 - [TEST_STEP][PASSED] - navigateToUrl(i): Navigate to 'http://192.168.2.19:7001/saraweb' successfully

2023-03-09 13:13:13 - [MESSAGE][PASSED] - Navigate to 'http://192.168.2.19:7001/saraweb' successfully

2023-03-09 13:13:13 - [TEST_STEP][PASSED] - a(): null

2023-03-09 13:13:13 - [TEST_STEP][PASSED] - if (waitForElementVisible(findTestObject("3-OBJECTS UTILIDADES/Login/input_USUARIO_loginusuario"), 0)): null

2023-03-09 13:13:13 - [MESSAGE][WARNING] - Timeout '0' is invalid. Using default page load timeout: '37'

2023-03-09 13:13:14 - [MESSAGE][PASSED] - Object 'Object Repository/3-OBJECTS UTILIDADES/Login/input_USUARIO_loginusuario' is visible

2023-03-09 13:13:14 - [TEST_STEP][PASSED] - switchToWindowTitle("SARA"): Switched to window with title: 'SARA'

2023-03-09 13:13:14 - [MESSAGE][PASSED] - Switched to window with title: 'SARA'

2023-03-09 13:13:14 - [TEST_STEP][PASSED] - zoom(): null

2023-03-09 13:13:14 - [TEST_STEP][PASSED] - robot = new java.awt.Robot(): null

2023-03-09 13:13:14 - [TEST_STEP][PASSED] - robot.keyPress(VK_CONTROL): null

2023-03-09 13:13:14 - [TEST_STEP][PASSED] - robot.keyPress(VK_SUBTRACT): null

2023-03-09 13:13:14 - [TEST_STEP][PASSED] - robot.keyRelease(VK_CONTROL): null

2023-03-09 13:13:14 - [TEST_STEP][PASSED] - robot.keyRelease(VK_SUBTRACT): null

2023-03-09 13:13:14 - [TEST_STEP][PASSED] - robot.keyPress(VK_CONTROL): null

2023-03-09 13:13:14 - [TEST_STEP][PASSED] - robot.keyPress(VK_SUBTRACT): null

2023-03-09 13:13:14 - [TEST_STEP][PASSED] - robot.keyRelease(VK_CONTROL): null

2023-03-09 13:13:14 - [TEST_STEP][PASSED] - robot.keyRelease(VK_SUBTRACT): null

2023-03-09 13:13:14 - [TEST_STEP][PASSED] - robot.keyPress(VK_CONTROL): null

2023-03-09 13:13:14 - [TEST_STEP][PASSED] - robot.keyPress(VK_SUBTRACT): null

2023-03-09 13:13:14 - [TEST_STEP][PASSED] - robot.keyRelease(VK_CONTROL): null

2023-03-09 13:13:14 - [TEST_STEP][PASSED] - robot.keyRelease(VK_SUBTRACT): null

2023-03-09 13:13:14 - [TEST_STEP][PASSED] - robot.keyRelease(VK_CONTROL): null

2023-03-09 13:13:14 - [TEST_STEP][PASSED] - robot.keyRelease(VK_SUBTRACT): null

2023-03-09 13:13:14 - [TEST_STEP][PASSED] - setText(findTestObject("3-OBJECTS UTILIDADES/Login/input_USUARIO_loginusuario"), G_Usuario): Text 'weblogic' is set on object 'Object Repository/3-OBJECTS UTILIDADES/Login/input_USUARIO_loginusuario'

2023-03-09 13:13:15 - [MESSAGE][PASSED] - Text 'weblogic' is set on object 'Object Repository/3-OBJECTS UTILIDADES/Login/input_USUARIO_loginusuario'

2023-03-09 13:13:15 - [TEST_STEP][PASSED] - setEncryptedText(findTestObject("3-OBJECTS UTILIDADES/Login/input_CLAVE_loginpassword"), "SlAwMcyRKqrwbnzhAs8HhT6NnI7sEyng"): Text ****** has been set on object 'Object Repository/3-OBJECTS UTILIDADES/Login/input_CLAVE_loginpassword'

2023-03-09 13:13:17 - [MESSAGE][PASSED] - Text ****** has been set on object 'Object Repository/3-OBJECTS UTILIDADES/Login/input_CLAVE_loginpassword'

2023-03-09 13:13:17 - [TEST_STEP][PASSED] - while (waitForElementClickable(findTestObject("3-OBJECTS UTILIDADES/Login/a_Ingresar"), 1)): Web element with id: 'Object Repository/3-OBJECTS UTILIDADES/Login/a_Ingresar' located by '//a[contains(text(),'Ingresar')]' not found

2023-03-09 13:13:19 - [MESSAGE][INFO] - Unable to find the element located by 'By.xpath: //a[contains(text(),'Ingresar')]'. Please recheck the objects properties to make sure the desired element is located. 

2023-03-09 13:13:19 - [MESSAGE][WARNING] - Web element with id: 'Object Repository/3-OBJECTS UTILIDADES/Login/a_Ingresar' located by '//a[contains(text(),'Ingresar')]' not found

2023-03-09 13:13:19 - [MESSAGE][PASSED] - Call Test Case 'Test Cases/0.1-Login' successfully

2023-03-09 13:13:19 - [TEST_STEP][PASSED] - setText(findTestObject("2-OBJECTS TAREAS SECUNDARIAS/Pruebas SST/Diligenciar_una_inspección/input_ADMINISTRADOR DEL SISTEMA - SARA_form_templatej_idt24_input"), "Inspecciones"): Text 'Inspecciones' is set on object 'Object Repository/2-OBJECTS TAREAS SECUNDARIAS/Pruebas SST/Diligenciar_una_inspección/input_ADMINISTRADOR DEL SISTEMA - SARA_form_templatej_idt24_input'

2023-03-09 13:13:20 - [MESSAGE][PASSED] - Text 'Inspecciones' is set on object 'Object Repository/2-OBJECTS TAREAS SECUNDARIAS/Pruebas SST/Diligenciar_una_inspección/input_ADMINISTRADOR DEL SISTEMA - SARA_form_templatej_idt24_input'

2023-03-09 13:13:20 - [TEST_STEP][PASSED] - click(findTestObject("2-OBJECTS TAREAS SECUNDARIAS/Pruebas SST/Diligenciar_una_inspección/li_Inspecciones (sst)")): Object: 'Object Repository/2-OBJECTS TAREAS SECUNDARIAS/Pruebas SST/Diligenciar_una_inspección/li_Inspecciones (sst)' is clicked on

2023-03-09 13:13:22 - [MESSAGE][PASSED] - Object: 'Object Repository/2-OBJECTS TAREAS SECUNDARIAS/Pruebas SST/Diligenciar_una_inspección/li_Inspecciones (sst)' is clicked on

2023-03-09 13:13:22 - [TEST_STEP][PASSED] - if (waitForElementPresent(findTestObject("2-OBJECTS TAREAS SECUNDARIAS/Pruebas SST/Diligenciar_una_inspección/td_PRUEBAS KATALON"), 1)): null

2023-03-09 13:13:24 - [MESSAGE][PASSED] - Object 'Object Repository/2-OBJECTS TAREAS SECUNDARIAS/Pruebas SST/Diligenciar_una_inspección/td_PRUEBAS KATALON' is present

2023-03-09 13:13:24 - [TEST_STEP][PASSED] - click(findTestObject("2-OBJECTS TAREAS SECUNDARIAS/Pruebas SST/Diligenciar_una_inspección/td_PRUEBAS KATALON")): Object: 'Object Repository/2-OBJECTS TAREAS SECUNDARIAS/Pruebas SST/Diligenciar_una_inspección/td_PRUEBAS KATALON' is clicked on

2023-03-09 13:13:24 - [MESSAGE][PASSED] - Object: 'Object Repository/2-OBJECTS TAREAS SECUNDARIAS/Pruebas SST/Diligenciar_una_inspección/td_PRUEBAS KATALON' is clicked on

2023-03-09 13:13:24 - [TEST_STEP][PASSED] - click(findTestObject("2-OBJECTS TAREAS SECUNDARIAS/Pruebas SST/Diligenciar_una_inspección/a_Programacin1")): Object: 'Object Repository/2-OBJECTS TAREAS SECUNDARIAS/Pruebas SST/Diligenciar_una_inspección/a_Programacin1' is clicked on

2023-03-09 13:13:25 - [MESSAGE][PASSED] - Object: 'Object Repository/2-OBJECTS TAREAS SECUNDARIAS/Pruebas SST/Diligenciar_una_inspección/a_Programacin1' is clicked on

2023-03-09 13:13:25 - [TEST_STEP][PASSED] - if (waitForElementPresent(findTestObject("2-OBJECTS TAREAS SECUNDARIAS/Pruebas SST/Diligenciar_una_inspección/td_1010220596"), 1)): null

2023-03-09 13:13:26 - [MESSAGE][PASSED] - Object 'Object Repository/2-OBJECTS TAREAS SECUNDARIAS/Pruebas SST/Diligenciar_una_inspección/td_1010220596' is present

2023-03-09 13:13:26 - [TEST_STEP][PASSED] - click(findTestObject("2-OBJECTS TAREAS SECUNDARIAS/Pruebas SST/Diligenciar_una_inspección/td_1010220596")): Object: 'Object Repository/2-OBJECTS TAREAS SECUNDARIAS/Pruebas SST/Diligenciar_una_inspección/td_1010220596' is clicked on

2023-03-09 13:13:26 - [MESSAGE][PASSED] - Object: 'Object Repository/2-OBJECTS TAREAS SECUNDARIAS/Pruebas SST/Diligenciar_una_inspección/td_1010220596' is clicked on

2023-03-09 13:13:26 - [TEST_STEP][PASSED] - click(findTestObject("2-OBJECTS TAREAS SECUNDARIAS/Pruebas SST/Diligenciar_una_inspección/a_Eliminar")): Object: 'Object Repository/2-OBJECTS TAREAS SECUNDARIAS/Pruebas SST/Diligenciar_una_inspección/a_Eliminar' is clicked on

2023-03-09 13:13:27 - [MESSAGE][PASSED] - Object: 'Object Repository/2-OBJECTS TAREAS SECUNDARIAS/Pruebas SST/Diligenciar_una_inspección/a_Eliminar' is clicked on

2023-03-09 13:13:27 - [TEST_STEP][PASSED] - click(findTestObject("2-OBJECTS TAREAS SECUNDARIAS/Pruebas SST/Diligenciar_una_inspección/button_Si")): Object: 'Object Repository/2-OBJECTS TAREAS SECUNDARIAS/Pruebas SST/Diligenciar_una_inspección/button_Si' is clicked on

2023-03-09 13:13:27 - [MESSAGE][PASSED] - Object: 'Object Repository/2-OBJECTS TAREAS SECUNDARIAS/Pruebas SST/Diligenciar_una_inspección/button_Si' is clicked on

2023-03-09 13:13:27 - [TEST_STEP][PASSED] - click(findTestObject("2-OBJECTS TAREAS SECUNDARIAS/Pruebas SST/Diligenciar_una_inspección/a_Detalle_principal")): Object: 'Object Repository/2-OBJECTS TAREAS SECUNDARIAS/Pruebas SST/Diligenciar_una_inspección/a_Detalle_principal' is clicked on

2023-03-09 13:13:28 - [MESSAGE][PASSED] - Object: 'Object Repository/2-OBJECTS TAREAS SECUNDARIAS/Pruebas SST/Diligenciar_una_inspección/a_Detalle_principal' is clicked on

2023-03-09 13:13:28 - [TEST_STEP][PASSED] - click(findTestObject("2-OBJECTS TAREAS SECUNDARIAS/Pruebas SST/Diligenciar_una_inspección/a_Eliminar2")): Object: 'Object Repository/2-OBJECTS TAREAS SECUNDARIAS/Pruebas SST/Diligenciar_una_inspección/a_Eliminar2' is clicked on

2023-03-09 13:13:29 - [MESSAGE][PASSED] - Object: 'Object Repository/2-OBJECTS TAREAS SECUNDARIAS/Pruebas SST/Diligenciar_una_inspección/a_Eliminar2' is clicked on

2023-03-09 13:13:29 - [TEST_STEP][PASSED] - click(findTestObject("2-OBJECTS TAREAS SECUNDARIAS/Pruebas SST/Diligenciar_una_inspección/a_Aceptar2")): Object: 'Object Repository/2-OBJECTS TAREAS SECUNDARIAS/Pruebas SST/Diligenciar_una_inspección/a_Aceptar2' is clicked on

2023-03-09 13:13:30 - [MESSAGE][PASSED] - Object: 'Object Repository/2-OBJECTS TAREAS SECUNDARIAS/Pruebas SST/Diligenciar_una_inspección/a_Aceptar2' is clicked on

2023-03-09 13:13:30 - [TEST_STEP][PASSED] - click(findTestObject("2-OBJECTS TAREAS SECUNDARIAS/Pruebas SST/Diligenciar_una_inspección/a_Nuevo")): Object: 'Object Repository/2-OBJECTS TAREAS SECUNDARIAS/Pruebas SST/Diligenciar_una_inspección/a_Nuevo' is clicked on

2023-03-09 13:13:30 - [MESSAGE][PASSED] - Object: 'Object Repository/2-OBJECTS TAREAS SECUNDARIAS/Pruebas SST/Diligenciar_una_inspección/a_Nuevo' is clicked on

2023-03-09 13:13:30 - [TEST_STEP][PASSED] - setText(findTestObject("2-OBJECTS TAREAS SECUNDARIAS/Pruebas SST/Diligenciar_una_inspección/textarea_Descripcin_form_datobasicoinspecciondescripcion"), "PRUEBAS KATALON"): Text 'PRUEBAS KATALON' is set on object 'Object Repository/2-OBJECTS TAREAS SECUNDARIAS/Pruebas SST/Diligenciar_una_inspección/textarea_Descripcin_form_datobasicoinspecciondescripcion'

2023-03-09 13:13:31 - [MESSAGE][PASSED] - Text 'PRUEBAS KATALON' is set on object 'Object Repository/2-OBJECTS TAREAS SECUNDARIAS/Pruebas SST/Diligenciar_una_inspección/textarea_Descripcin_form_datobasicoinspecciondescripcion'

2023-03-09 13:13:31 - [TEST_STEP][PASSED] - selectOptionByIndex(findTestObject("2-OBJECTS TAREAS SECUNDARIAS/Pruebas SST/Diligenciar_una_inspección/select_SeleccionarDe rea o punto crticoNo planeadaPlaneada"), 1): All options with index in [1] are selected on object 'Object Repository/2-OBJECTS TAREAS SECUNDARIAS/Pruebas SST/Diligenciar_una_inspección/select_SeleccionarDe rea o punto crticoNo planeadaPlaneada'

2023-03-09 13:13:32 - [MESSAGE][PASSED] - All options with index in [1] are selected on object 'Object Repository/2-OBJECTS TAREAS SECUNDARIAS/Pruebas SST/Diligenciar_una_inspección/select_SeleccionarDe rea o punto crticoNo planeadaPlaneada'

2023-03-09 13:13:32 - [TEST_STEP][PASSED] - selectOptionByIndex(findTestObject("2-OBJECTS TAREAS SECUNDARIAS/Pruebas SST/Diligenciar_una_inspección/select_SeleccionarSEDE NORTESEDE OCCIDENTESEDE SUR"), 1): All options with index in [1] are selected on object 'Object Repository/2-OBJECTS TAREAS SECUNDARIAS/Pruebas SST/Diligenciar_una_inspección/select_SeleccionarSEDE NORTESEDE OCCIDENTESEDE SUR'

2023-03-09 13:13:34 - [MESSAGE][PASSED] - All options with index in [1] are selected on object 'Object Repository/2-OBJECTS TAREAS SECUNDARIAS/Pruebas SST/Diligenciar_una_inspección/select_SeleccionarSEDE NORTESEDE OCCIDENTESEDE SUR'

2023-03-09 13:13:34 - [TEST_STEP][PASSED] - selectOptionByIndex(findTestObject("2-OBJECTS TAREAS SECUNDARIAS/Pruebas SST/Diligenciar_una_inspección/select_SeleccionarMENSUALBIMESTRALANUALSEMANALTRIMESTRALSEMESTRALDIARIA"), 1): All options with index in [1] are selected on object 'Object Repository/2-OBJECTS TAREAS SECUNDARIAS/Pruebas SST/Diligenciar_una_inspección/select_SeleccionarMENSUALBIMESTRALANUALSEMANALTRIMESTRALSEMESTRALDIARIA'

2023-03-09 13:13:35 - [MESSAGE][PASSED] - All options with index in [1] are selected on object 'Object Repository/2-OBJECTS TAREAS SECUNDARIAS/Pruebas SST/Diligenciar_una_inspección/select_SeleccionarMENSUALBIMESTRALANUALSEMANALTRIMESTRALSEMESTRALDIARIA'

2023-03-09 13:13:35 - [TEST_STEP][PASSED] - setText(findTestObject("2-OBJECTS TAREAS SECUNDARIAS/Pruebas SST/Diligenciar_una_inspección/input_Fecha Inicial_form_datobasicoinspeccionfechaInPeriodicidad_input"), "01/07/2021"): Text '01/07/2021' is set on object 'Object Repository/2-OBJECTS TAREAS SECUNDARIAS/Pruebas SST/Diligenciar_una_inspección/input_Fecha Inicial_form_datobasicoinspeccionfechaInPeriodicidad_input'

2023-03-09 13:13:36 - [MESSAGE][PASSED] - Text '01/07/2021' is set on object 'Object Repository/2-OBJECTS TAREAS SECUNDARIAS/Pruebas SST/Diligenciar_una_inspección/input_Fecha Inicial_form_datobasicoinspeccionfechaInPeriodicidad_input'

2023-03-09 13:13:36 - [TEST_STEP][PASSED] - setText(findTestObject("2-OBJECTS TAREAS SECUNDARIAS/Pruebas SST/Diligenciar_una_inspección/input_Fecha Final_form_datobasicoinspeccionfechaFnPeriodicidad_input"), "10/07/2021"): Text '10/07/2021' is set on object 'Object Repository/2-OBJECTS TAREAS SECUNDARIAS/Pruebas SST/Diligenciar_una_inspección/input_Fecha Final_form_datobasicoinspeccionfechaFnPeriodicidad_input'

2023-03-09 13:13:37 - [MESSAGE][PASSED] - Text '10/07/2021' is set on object 'Object Repository/2-OBJECTS TAREAS SECUNDARIAS/Pruebas SST/Diligenciar_una_inspección/input_Fecha Final_form_datobasicoinspeccionfechaFnPeriodicidad_input'

2023-03-09 13:13:37 - [TEST_STEP][PASSED] - click(findTestObject("2-OBJECTS TAREAS SECUNDARIAS/Pruebas SST/Diligenciar_una_inspección/a_Responsable_form_datobasicoinspeccionj_idt599")): Object: 'Object Repository/2-OBJECTS TAREAS SECUNDARIAS/Pruebas SST/Diligenciar_una_inspección/a_Responsable_form_datobasicoinspeccionj_idt599' is clicked on

2023-03-09 13:13:37 - [MESSAGE][PASSED] - Object: 'Object Repository/2-OBJECTS TAREAS SECUNDARIAS/Pruebas SST/Diligenciar_una_inspección/a_Responsable_form_datobasicoinspeccionj_idt599' is clicked on

2023-03-09 13:13:37 - [TEST_STEP][PASSED] - setText(findTestObject("2-OBJECTS TAREAS SECUNDARIAS/Pruebas SST/Diligenciar_una_inspección/input_Filtro Hoja de Vida_formPopupHojaVidaj_idt895"), "A A A"): Text 'A A A' is set on object 'Object Repository/2-OBJECTS TAREAS SECUNDARIAS/Pruebas SST/Diligenciar_una_inspección/input_Filtro Hoja de Vida_formPopupHojaVidaj_idt895'

2023-03-09 13:13:38 - [MESSAGE][PASSED] - Text 'A A A' is set on object 'Object Repository/2-OBJECTS TAREAS SECUNDARIAS/Pruebas SST/Diligenciar_una_inspección/input_Filtro Hoja de Vida_formPopupHojaVidaj_idt895'

2023-03-09 13:13:38 - [TEST_STEP][PASSED] - sendKeys(findTestObject("2-OBJECTS TAREAS SECUNDARIAS/Pruebas SST/Diligenciar_una_inspección/input_Filtro Hoja de Vida_formPopupHojaVidaj_idt895"), Keys.chord(ENTER)): Keys 'ENTER + ' sent to object: 'Object Repository/2-OBJECTS TAREAS SECUNDARIAS/Pruebas SST/Diligenciar_una_inspección/input_Filtro Hoja de Vida_formPopupHojaVidaj_idt895'

2023-03-09 13:13:38 - [MESSAGE][PASSED] - Keys 'ENTER + ' sent to object: 'Object Repository/2-OBJECTS TAREAS SECUNDARIAS/Pruebas SST/Diligenciar_una_inspección/input_Filtro Hoja de Vida_formPopupHojaVidaj_idt895'

2023-03-09 13:13:38 - [TEST_STEP][PASSED] - click(findTestObject("2-OBJECTS TAREAS SECUNDARIAS/Pruebas SST/Diligenciar_una_inspección/span_A A A")): Object: 'Object Repository/2-OBJECTS TAREAS SECUNDARIAS/Pruebas SST/Diligenciar_una_inspección/span_A A A' is clicked on

2023-03-09 13:13:39 - [MESSAGE][PASSED] - Object: 'Object Repository/2-OBJECTS TAREAS SECUNDARIAS/Pruebas SST/Diligenciar_una_inspección/span_A A A' is clicked on

2023-03-09 13:13:39 - [TEST_STEP][PASSED] - selectOptionByIndex(findTestObject("2-OBJECTS TAREAS SECUNDARIAS/Pruebas SST/Diligenciar_una_inspección/select_Seleccionar001002003GESTIN HSE1"), 1): All options with index in [1] are selected on object 'Object Repository/2-OBJECTS TAREAS SECUNDARIAS/Pruebas SST/Diligenciar_una_inspección/select_Seleccionar001002003GESTIN HSE1'

2023-03-09 13:13:41 - [MESSAGE][PASSED] - All options with index in [1] are selected on object 'Object Repository/2-OBJECTS TAREAS SECUNDARIAS/Pruebas SST/Diligenciar_una_inspección/select_Seleccionar001002003GESTIN HSE1'

2023-03-09 13:13:41 - [TEST_STEP][PASSED] - click(findTestObject("2-OBJECTS TAREAS SECUNDARIAS/Pruebas SST/Diligenciar_una_inspección/a_Formulario_form_datobasicoinspeccionj_idt6181")): Object: 'Object Repository/2-OBJECTS TAREAS SECUNDARIAS/Pruebas SST/Diligenciar_una_inspección/a_Formulario_form_datobasicoinspeccionj_idt6181' is clicked on

2023-03-09 13:13:42 - [MESSAGE][PASSED] - Object: 'Object Repository/2-OBJECTS TAREAS SECUNDARIAS/Pruebas SST/Diligenciar_una_inspección/a_Formulario_form_datobasicoinspeccionj_idt6181' is clicked on

2023-03-09 13:13:42 - [TEST_STEP][PASSED] - setText(findTestObject("2-OBJECTS TAREAS SECUNDARIAS/Pruebas SST/Diligenciar_una_inspección/input_Filtro Hoja de Vida_formPopupHojaVidaj_idt8951"), " A A A"): Text ' A A A' is set on object 'Object Repository/2-OBJECTS TAREAS SECUNDARIAS/Pruebas SST/Diligenciar_una_inspección/input_Filtro Hoja de Vida_formPopupHojaVidaj_idt8951'

2023-03-09 13:13:43 - [MESSAGE][PASSED] - Text ' A A A' is set on object 'Object Repository/2-OBJECTS TAREAS SECUNDARIAS/Pruebas SST/Diligenciar_una_inspección/input_Filtro Hoja de Vida_formPopupHojaVidaj_idt8951'

2023-03-09 13:13:43 - [TEST_STEP][PASSED] - sendKeys(findTestObject("2-OBJECTS TAREAS SECUNDARIAS/Pruebas SST/Diligenciar_una_inspección/input_Filtro Hoja de Vida_formPopupHojaVidaj_idt8951"), Keys.chord(ENTER)): Keys 'ENTER + ' sent to object: 'Object Repository/2-OBJECTS TAREAS SECUNDARIAS/Pruebas SST/Diligenciar_una_inspección/input_Filtro Hoja de Vida_formPopupHojaVidaj_idt8951'

2023-03-09 13:13:43 - [MESSAGE][PASSED] - Keys 'ENTER + ' sent to object: 'Object Repository/2-OBJECTS TAREAS SECUNDARIAS/Pruebas SST/Diligenciar_una_inspección/input_Filtro Hoja de Vida_formPopupHojaVidaj_idt8951'

2023-03-09 13:13:43 - [TEST_STEP][PASSED] - click(findTestObject("2-OBJECTS TAREAS SECUNDARIAS/Pruebas SST/Diligenciar_una_inspección/span_A A A")): Object: 'Object Repository/2-OBJECTS TAREAS SECUNDARIAS/Pruebas SST/Diligenciar_una_inspección/span_A A A' is clicked on

2023-03-09 13:13:44 - [MESSAGE][PASSED] - Object: 'Object Repository/2-OBJECTS TAREAS SECUNDARIAS/Pruebas SST/Diligenciar_una_inspección/span_A A A' is clicked on

2023-03-09 13:13:44 - [TEST_STEP][PASSED] - setText(findTestObject("2-OBJECTS TAREAS SECUNDARIAS/Pruebas SST/Diligenciar_una_inspección/input_Fecha_form_datobasicoinspeccionfecha_input"), "01/07/2021"): Text '01/07/2021' is set on object 'Object Repository/2-OBJECTS TAREAS SECUNDARIAS/Pruebas SST/Diligenciar_una_inspección/input_Fecha_form_datobasicoinspeccionfecha_input'

2023-03-09 13:13:45 - [MESSAGE][PASSED] - Text '01/07/2021' is set on object 'Object Repository/2-OBJECTS TAREAS SECUNDARIAS/Pruebas SST/Diligenciar_una_inspección/input_Fecha_form_datobasicoinspeccionfecha_input'

2023-03-09 13:13:45 - [TEST_STEP][PASSED] - click(findTestObject("2-OBJECTS TAREAS SECUNDARIAS/Pruebas SST/Diligenciar_una_inspección/a_Guardar")): Object: 'Object Repository/2-OBJECTS TAREAS SECUNDARIAS/Pruebas SST/Diligenciar_una_inspección/a_Guardar' is clicked on

2023-03-09 13:13:45 - [MESSAGE][PASSED] - Object: 'Object Repository/2-OBJECTS TAREAS SECUNDARIAS/Pruebas SST/Diligenciar_una_inspección/a_Guardar' is clicked on

2023-03-09 13:13:45 - [TEST_STEP][PASSED] - click(findTestObject("2-OBJECTS TAREAS SECUNDARIAS/Pruebas SST/Diligenciar_una_inspección/a_Programacin")): Object: 'Object Repository/2-OBJECTS TAREAS SECUNDARIAS/Pruebas SST/Diligenciar_una_inspección/a_Programacin' is clicked on

2023-03-09 13:13:46 - [MESSAGE][PASSED] - Object: 'Object Repository/2-OBJECTS TAREAS SECUNDARIAS/Pruebas SST/Diligenciar_una_inspección/a_Programacin' is clicked on

2023-03-09 13:13:46 - [TEST_STEP][PASSED] - click(findTestObject("2-OBJECTS TAREAS SECUNDARIAS/Pruebas SST/Diligenciar_una_inspección/a_Nuevo1")): Object: 'Object Repository/2-OBJECTS TAREAS SECUNDARIAS/Pruebas SST/Diligenciar_una_inspección/a_Nuevo1' is clicked on

2023-03-09 13:13:47 - [MESSAGE][PASSED] - Object: 'Object Repository/2-OBJECTS TAREAS SECUNDARIAS/Pruebas SST/Diligenciar_una_inspección/a_Nuevo1' is clicked on

2023-03-09 13:13:47 - [TEST_STEP][PASSED] - click(findTestObject("2-OBJECTS TAREAS SECUNDARIAS/Pruebas SST/Diligenciar_una_inspección/a_Responsable_form_detalleProgramacionXj_idt714")): Object: 'Object Repository/2-OBJECTS TAREAS SECUNDARIAS/Pruebas SST/Diligenciar_una_inspección/a_Responsable_form_detalleProgramacionXj_idt714' is clicked on

2023-03-09 13:13:48 - [MESSAGE][PASSED] - Object: 'Object Repository/2-OBJECTS TAREAS SECUNDARIAS/Pruebas SST/Diligenciar_una_inspección/a_Responsable_form_detalleProgramacionXj_idt714' is clicked on

2023-03-09 13:13:48 - [TEST_STEP][PASSED] - setText(findTestObject("2-OBJECTS TAREAS SECUNDARIAS/Pruebas SST/Diligenciar_una_inspección/input_Filtro Hoja de Vida_formPopupHojaVidaj_idt8953"), "A A A"): Text 'A A A' is set on object 'Object Repository/2-OBJECTS TAREAS SECUNDARIAS/Pruebas SST/Diligenciar_una_inspección/input_Filtro Hoja de Vida_formPopupHojaVidaj_idt8953'

2023-03-09 13:13:49 - [MESSAGE][PASSED] - Text 'A A A' is set on object 'Object Repository/2-OBJECTS TAREAS SECUNDARIAS/Pruebas SST/Diligenciar_una_inspección/input_Filtro Hoja de Vida_formPopupHojaVidaj_idt8953'

2023-03-09 13:13:49 - [TEST_STEP][PASSED] - sendKeys(findTestObject("2-OBJECTS TAREAS SECUNDARIAS/Pruebas SST/Diligenciar_una_inspección/input_Filtro Hoja de Vida_formPopupHojaVidaj_idt8953"), Keys.chord(ENTER)): Keys 'ENTER + ' sent to object: 'Object Repository/2-OBJECTS TAREAS SECUNDARIAS/Pruebas SST/Diligenciar_una_inspección/input_Filtro Hoja de Vida_formPopupHojaVidaj_idt8953'

2023-03-09 13:13:49 - [MESSAGE][PASSED] - Keys 'ENTER + ' sent to object: 'Object Repository/2-OBJECTS TAREAS SECUNDARIAS/Pruebas SST/Diligenciar_una_inspección/input_Filtro Hoja de Vida_formPopupHojaVidaj_idt8953'

2023-03-09 13:13:49 - [TEST_STEP][PASSED] - click(findTestObject("2-OBJECTS TAREAS SECUNDARIAS/Pruebas SST/Diligenciar_una_inspección/span_A A A3")): Object: 'Object Repository/2-OBJECTS TAREAS SECUNDARIAS/Pruebas SST/Diligenciar_una_inspección/span_A A A3' is clicked on

2023-03-09 13:13:50 - [MESSAGE][PASSED] - Object: 'Object Repository/2-OBJECTS TAREAS SECUNDARIAS/Pruebas SST/Diligenciar_una_inspección/span_A A A3' is clicked on

2023-03-09 13:13:50 - [TEST_STEP][PASSED] - setText(findTestObject("2-OBJECTS TAREAS SECUNDARIAS/Pruebas SST/Diligenciar_una_inspección/input_Fecha Programacin_form_detalleProgramacionXprogramacionf_input"), "01/07/2021"): Text '01/07/2021' is set on object 'Object Repository/2-OBJECTS TAREAS SECUNDARIAS/Pruebas SST/Diligenciar_una_inspección/input_Fecha Programacin_form_detalleProgramacionXprogramacionf_input'

2023-03-09 13:13:51 - [MESSAGE][PASSED] - Text '01/07/2021' is set on object 'Object Repository/2-OBJECTS TAREAS SECUNDARIAS/Pruebas SST/Diligenciar_una_inspección/input_Fecha Programacin_form_detalleProgramacionXprogramacionf_input'

2023-03-09 13:13:51 - [TEST_STEP][PASSED] - setText(findTestObject("2-OBJECTS TAREAS SECUNDARIAS/Pruebas SST/Diligenciar_una_inspección/input_Nmero_form_detalleProgramacionXnumero"), "5"): Text '5' is set on object 'Object Repository/2-OBJECTS TAREAS SECUNDARIAS/Pruebas SST/Diligenciar_una_inspección/input_Nmero_form_detalleProgramacionXnumero'

2023-03-09 13:13:52 - [MESSAGE][PASSED] - Text '5' is set on object 'Object Repository/2-OBJECTS TAREAS SECUNDARIAS/Pruebas SST/Diligenciar_una_inspección/input_Nmero_form_detalleProgramacionXnumero'

2023-03-09 13:13:52 - [TEST_STEP][PASSED] - click(findTestObject("2-OBJECTS TAREAS SECUNDARIAS/Pruebas SST/Diligenciar_una_inspección/a_Guardar1")): Object: 'Object Repository/2-OBJECTS TAREAS SECUNDARIAS/Pruebas SST/Diligenciar_una_inspección/a_Guardar1' is clicked on

2023-03-09 13:13:52 - [MESSAGE][PASSED] - Object: 'Object Repository/2-OBJECTS TAREAS SECUNDARIAS/Pruebas SST/Diligenciar_una_inspección/a_Guardar1' is clicked on

2023-03-09 13:13:52 - [TEST_STEP][PASSED] - click(findTestObject("2-OBJECTS TAREAS SECUNDARIAS/Pruebas SST/Diligenciar_una_inspección/a_Evidencias")): Object: 'Object Repository/2-OBJECTS TAREAS SECUNDARIAS/Pruebas SST/Diligenciar_una_inspección/a_Evidencias' is clicked on

2023-03-09 13:13:53 - [MESSAGE][PASSED] - Object: 'Object Repository/2-OBJECTS TAREAS SECUNDARIAS/Pruebas SST/Diligenciar_una_inspección/a_Evidencias' is clicked on

2023-03-09 13:13:53 - [TEST_STEP][PASSED] - click(findTestObject("2-OBJECTS TAREAS SECUNDARIAS/Pruebas SST/Diligenciar_una_inspección/a_subir")): Object: 'Object Repository/2-OBJECTS TAREAS SECUNDARIAS/Pruebas SST/Diligenciar_una_inspección/a_subir' is clicked on

2023-03-09 13:13:53 - [MESSAGE][PASSED] - Object: 'Object Repository/2-OBJECTS TAREAS SECUNDARIAS/Pruebas SST/Diligenciar_una_inspección/a_subir' is clicked on

2023-03-09 13:13:53 - [TEST_STEP][PASSED] - ra = "": null

2023-03-09 13:13:53 - [TEST_STEP][PASSED] - ruta = Systema(ra) + "prueba.pdf": null

2023-03-09 13:13:53 - [TEST_STEP][PASSED] - RutaA = System.getProperty("os.name"): null

2023-03-09 13:13:53 - [TEST_STEP][PASSED] - if (RutaA == "Windows 10"): null

2023-03-09 13:13:53 - [TEST_STEP][PASSED] - rutaW = getProjectDir() + "/1.Requerimientos/Documento para pruebas/": null

2023-03-09 13:13:53 - [TEST_STEP][PASSED] - rutaW = rutaW.replace("/", "\"): null

2023-03-09 13:13:53 - [TEST_STEP][PASSED] - println("Esta es la ruta:" + rutaW): null

2023-03-09 13:13:53 - [TEST_STEP][PASSED] - ra = rutaW: null

2023-03-09 13:13:53 - [TEST_STEP][PASSED] - println(ruta): null

2023-03-09 13:13:53 - [TEST_STEP][PASSED] - uploadFile(findTestObject("2-OBJECTS TAREAS SECUNDARIAS/Pruebas SST/Diligenciar_una_inspección/input_Cargar Archivo_popupCargarArchivoForminputFileName_input"), ruta): File 'C:\Users\diego.rojas\git\Pruebas-Minimas\1.Requerimientos\Documento para pruebas\prueba.pdf' sent to object: 'Object Repository/2-OBJECTS TAREAS SECUNDARIAS/Pruebas SST/Diligenciar_una_inspección/input_Cargar Archivo_popupCargarArchivoForminputFileName_input'

2023-03-09 13:13:54 - [MESSAGE][PASSED] - File 'C:\Users\diego.rojas\git\Pruebas-Minimas\1.Requerimientos\Documento para pruebas\prueba.pdf' sent to object: 'Object Repository/2-OBJECTS TAREAS SECUNDARIAS/Pruebas SST/Diligenciar_una_inspección/input_Cargar Archivo_popupCargarArchivoForminputFileName_input'

2023-03-09 13:13:54 - [TEST_STEP][PASSED] - setText(findTestObject("2-OBJECTS TAREAS SECUNDARIAS/Pruebas SST/Diligenciar_una_inspección/input_Descargar_form_evidenciastabladescripcion"), "pruebas k"): Text 'pruebas k' is set on object 'Object Repository/2-OBJECTS TAREAS SECUNDARIAS/Pruebas SST/Diligenciar_una_inspección/input_Descargar_form_evidenciastabladescripcion'

2023-03-09 13:13:55 - [MESSAGE][PASSED] - Text 'pruebas k' is set on object 'Object Repository/2-OBJECTS TAREAS SECUNDARIAS/Pruebas SST/Diligenciar_una_inspección/input_Descargar_form_evidenciastabladescripcion'

2023-03-09 13:13:55 - [TEST_STEP][PASSED] - click(findTestObject("2-OBJECTS TAREAS SECUNDARIAS/Pruebas SST/Diligenciar_una_inspección/a_Descargar_form_evidenciastablaj_idt776")): Object: 'Object Repository/2-OBJECTS TAREAS SECUNDARIAS/Pruebas SST/Diligenciar_una_inspección/a_Descargar_form_evidenciastablaj_idt776' is clicked on

2023-03-09 13:13:55 - [MESSAGE][PASSED] - Object: 'Object Repository/2-OBJECTS TAREAS SECUNDARIAS/Pruebas SST/Diligenciar_una_inspección/a_Descargar_form_evidenciastablaj_idt776' is clicked on

2023-03-09 13:13:55 - [TEST_STEP][PASSED] - Result = getText(findTestObject("3-OBJECTS UTILIDADES/Alerta/Alerta")): Text of object 'Object Repository/3-OBJECTS UTILIDADES/Alerta/Alerta' is: 'Registro Actualizado'

2023-03-09 13:13:56 - [MESSAGE][PASSED] - Text of object 'Object Repository/3-OBJECTS UTILIDADES/Alerta/Alerta' is: 'Registro Actualizado'

2023-03-09 13:13:56 - [TEST_STEP][PASSED] - if (Result == "Registro Actualizado"): Browser is closed

2023-03-09 13:13:56 - [TEST_STEP][PASSED] - Resultado = "PRUEBA OK": null

2023-03-09 13:13:56 - [TEST_STEP][PASSED] - closeBrowser(): Browser is closed

2023-03-09 13:13:57 - [MESSAGE][PASSED] - Browser is closed]]></system-out>
         <system-err><![CDATA[]]></system-err>
      </testcase>
      <testcase name="Test Cases/1.2-Tareas_Secundarias/5.1-Pruebas_SST/5.1.6-Crear_una_entidad_de_riesgo_sst" time="65.625" classname="Test Cases/1.2-Tareas_Secundarias/5.1-Pruebas_SST/5.1.6-Crear_una_entidad_de_riesgo_sst" status="PASSED">
         <system-out><![CDATA[2023-03-09 13:13:57 - [TEST_CASE][PASSED] - Test Cases/1.2-Tareas_Secundarias/5.1-Pruebas_SST/5.1.6-Crear_una_entidad_de_riesgo_sst: Test Cases/1.2-Tareas_Secundarias/5.1-Pruebas_SST/5.1.6-Crear_una_entidad_de_riesgo_sst

2023-03-09 13:13:57 - [TEST_STEP][PASSED] - callTestCase(findTestCase("0.1-Login"), [:], STOP_ON_FAILURE): Call Test Case 'Test Cases/0.1-Login' successfully

2023-03-09 13:13:57 - [TEST_CASE][PASSED] - Test Cases/0.1-Login: Test Cases/0.1-Login

2023-03-09 13:13:57 - [TEST_STEP][PASSED] - openBrowser(""): Browser is opened with url: ''

2023-03-09 13:13:57 - [MESSAGE][INFO] - Starting 'Chrome' driver

2023-03-09 13:13:57 - [MESSAGE][INFO] - Action delay is set to 0 milliseconds

2023-03-09 13:13:59 - [MESSAGE][PASSED] - Browser is opened with url: ''

2023-03-09 13:13:59 - [TEST_STEP][PASSED] - maximizeWindow(): Current window maximized

2023-03-09 13:13:59 - [MESSAGE][PASSED] - Current window maximized

2023-03-09 13:13:59 - [TEST_STEP][PASSED] - i = G_Login: null

2023-03-09 13:13:59 - [TEST_STEP][PASSED] - url = new java.net.URL(i): null

2023-03-09 13:13:59 - [TEST_STEP][PASSED] - println("URL: " + url.toString()): null

2023-03-09 13:13:59 - [TEST_STEP][PASSED] - connection = url.openConnection(): null

2023-03-09 13:13:59 - [TEST_STEP][PASSED] - connection.setRequestMethod("GET"): null

2023-03-09 13:13:59 - [TEST_STEP][PASSED] - connection.setReadTimeout(2 * 1000): null

2023-03-09 13:13:59 - [TEST_STEP][PASSED] - try: null

2023-03-09 13:13:59 - [TEST_STEP][PASSED] - connection.connect(): null

2023-03-09 13:13:59 - [TEST_STEP][PASSED] - flag = connected: null

2023-03-09 13:13:59 - [TEST_STEP][PASSED] - println("Valor_ori: " + flag): null

2023-03-09 13:13:59 - [TEST_STEP][PASSED] - if (flag): null

2023-03-09 13:13:59 - [TEST_STEP][PASSED] - navigateToUrl(i): Navigate to 'http://192.168.2.19:7001/saraweb' successfully

2023-03-09 13:14:01 - [MESSAGE][PASSED] - Navigate to 'http://192.168.2.19:7001/saraweb' successfully

2023-03-09 13:14:01 - [TEST_STEP][PASSED] - a(): null

2023-03-09 13:14:01 - [TEST_STEP][PASSED] - if (waitForElementVisible(findTestObject("3-OBJECTS UTILIDADES/Login/input_USUARIO_loginusuario"), 0)): null

2023-03-09 13:14:01 - [MESSAGE][WARNING] - Timeout '0' is invalid. Using default page load timeout: '37'

2023-03-09 13:14:01 - [MESSAGE][PASSED] - Object 'Object Repository/3-OBJECTS UTILIDADES/Login/input_USUARIO_loginusuario' is visible

2023-03-09 13:14:01 - [TEST_STEP][PASSED] - switchToWindowTitle("SARA"): Switched to window with title: 'SARA'

2023-03-09 13:14:02 - [MESSAGE][PASSED] - Switched to window with title: 'SARA'

2023-03-09 13:14:02 - [TEST_STEP][PASSED] - zoom(): null

2023-03-09 13:14:02 - [TEST_STEP][PASSED] - robot = new java.awt.Robot(): null

2023-03-09 13:14:02 - [TEST_STEP][PASSED] - robot.keyPress(VK_CONTROL): null

2023-03-09 13:14:02 - [TEST_STEP][PASSED] - robot.keyPress(VK_SUBTRACT): null

2023-03-09 13:14:02 - [TEST_STEP][PASSED] - robot.keyRelease(VK_CONTROL): null

2023-03-09 13:14:02 - [TEST_STEP][PASSED] - robot.keyRelease(VK_SUBTRACT): null

2023-03-09 13:14:02 - [TEST_STEP][PASSED] - robot.keyPress(VK_CONTROL): null

2023-03-09 13:14:02 - [TEST_STEP][PASSED] - robot.keyPress(VK_SUBTRACT): null

2023-03-09 13:14:02 - [TEST_STEP][PASSED] - robot.keyRelease(VK_CONTROL): null

2023-03-09 13:14:02 - [TEST_STEP][PASSED] - robot.keyRelease(VK_SUBTRACT): null

2023-03-09 13:14:02 - [TEST_STEP][PASSED] - robot.keyPress(VK_CONTROL): null

2023-03-09 13:14:02 - [TEST_STEP][PASSED] - robot.keyPress(VK_SUBTRACT): null

2023-03-09 13:14:02 - [TEST_STEP][PASSED] - robot.keyRelease(VK_CONTROL): null

2023-03-09 13:14:02 - [TEST_STEP][PASSED] - robot.keyRelease(VK_SUBTRACT): null

2023-03-09 13:14:02 - [TEST_STEP][PASSED] - robot.keyRelease(VK_CONTROL): null

2023-03-09 13:14:02 - [TEST_STEP][PASSED] - robot.keyRelease(VK_SUBTRACT): null

2023-03-09 13:14:02 - [TEST_STEP][PASSED] - setText(findTestObject("3-OBJECTS UTILIDADES/Login/input_USUARIO_loginusuario"), G_Usuario): Text 'weblogic' is set on object 'Object Repository/3-OBJECTS UTILIDADES/Login/input_USUARIO_loginusuario'

2023-03-09 13:14:02 - [MESSAGE][PASSED] - Text 'weblogic' is set on object 'Object Repository/3-OBJECTS UTILIDADES/Login/input_USUARIO_loginusuario'

2023-03-09 13:14:02 - [TEST_STEP][PASSED] - setEncryptedText(findTestObject("3-OBJECTS UTILIDADES/Login/input_CLAVE_loginpassword"), "SlAwMcyRKqrwbnzhAs8HhT6NnI7sEyng"): Text ****** has been set on object 'Object Repository/3-OBJECTS UTILIDADES/Login/input_CLAVE_loginpassword'

2023-03-09 13:14:06 - [MESSAGE][PASSED] - Text ****** has been set on object 'Object Repository/3-OBJECTS UTILIDADES/Login/input_CLAVE_loginpassword'

2023-03-09 13:14:06 - [TEST_STEP][PASSED] - while (waitForElementClickable(findTestObject("3-OBJECTS UTILIDADES/Login/a_Ingresar"), 1)): Web element with id: 'Object Repository/3-OBJECTS UTILIDADES/Login/a_Ingresar' located by '//a[contains(text(),'Ingresar')]' not found

2023-03-09 13:14:08 - [MESSAGE][INFO] - Unable to find the element located by 'By.xpath: //a[contains(text(),'Ingresar')]'. Please recheck the objects properties to make sure the desired element is located. 

2023-03-09 13:14:08 - [MESSAGE][WARNING] - Web element with id: 'Object Repository/3-OBJECTS UTILIDADES/Login/a_Ingresar' located by '//a[contains(text(),'Ingresar')]' not found

2023-03-09 13:14:08 - [MESSAGE][PASSED] - Call Test Case 'Test Cases/0.1-Login' successfully

2023-03-09 13:14:08 - [TEST_STEP][PASSED] - setText(findTestObject("2-OBJECTS TAREAS SECUNDARIAS/Pruebas SST/Reporte_de_accidente_de_trabajo/input_ADMINISTRADOR DEL SISTEMA - SARA_form_templatej_idt24_input"), "entidades riesgo"): Text 'entidades riesgo' is set on object 'Object Repository/2-OBJECTS TAREAS SECUNDARIAS/Pruebas SST/Reporte_de_accidente_de_trabajo/input_ADMINISTRADOR DEL SISTEMA - SARA_form_templatej_idt24_input'

2023-03-09 13:14:09 - [MESSAGE][PASSED] - Text 'entidades riesgo' is set on object 'Object Repository/2-OBJECTS TAREAS SECUNDARIAS/Pruebas SST/Reporte_de_accidente_de_trabajo/input_ADMINISTRADOR DEL SISTEMA - SARA_form_templatej_idt24_input'

2023-03-09 13:14:09 - [TEST_STEP][PASSED] - waitForElementVisible(findTestObject("2-OBJECTS TAREAS SECUNDARIAS/Pruebas SST/Crear_una_entidad_de_riesgo_sst/span_entidad riesgo"), 0): Object 'Object Repository/2-OBJECTS TAREAS SECUNDARIAS/Pruebas SST/Crear_una_entidad_de_riesgo_sst/span_entidad riesgo' is visible

2023-03-09 13:14:09 - [MESSAGE][WARNING] - Timeout '0' is invalid. Using default page load timeout: '37'

2023-03-09 13:14:10 - [MESSAGE][PASSED] - Object 'Object Repository/2-OBJECTS TAREAS SECUNDARIAS/Pruebas SST/Crear_una_entidad_de_riesgo_sst/span_entidad riesgo' is visible

2023-03-09 13:14:10 - [TEST_STEP][PASSED] - click(findTestObject("2-OBJECTS TAREAS SECUNDARIAS/Pruebas SST/Crear_una_entidad_de_riesgo_sst/span_entidad riesgo")): Object: 'Object Repository/2-OBJECTS TAREAS SECUNDARIAS/Pruebas SST/Crear_una_entidad_de_riesgo_sst/span_entidad riesgo' is clicked on

2023-03-09 13:14:10 - [MESSAGE][PASSED] - Object: 'Object Repository/2-OBJECTS TAREAS SECUNDARIAS/Pruebas SST/Crear_una_entidad_de_riesgo_sst/span_entidad riesgo' is clicked on

2023-03-09 13:14:10 - [TEST_STEP][PASSED] - setText(findTestObject("2-OBJECTS TAREAS SECUNDARIAS/Pruebas SST/Crear_una_entidad_de_riesgo_sst/input_Nombre_form_entidadRiesgoj_idt59"), "pruebas k"): Text 'pruebas k' is set on object 'Object Repository/2-OBJECTS TAREAS SECUNDARIAS/Pruebas SST/Crear_una_entidad_de_riesgo_sst/input_Nombre_form_entidadRiesgoj_idt59'

2023-03-09 13:14:13 - [MESSAGE][PASSED] - Text 'pruebas k' is set on object 'Object Repository/2-OBJECTS TAREAS SECUNDARIAS/Pruebas SST/Crear_una_entidad_de_riesgo_sst/input_Nombre_form_entidadRiesgoj_idt59'

2023-03-09 13:14:13 - [TEST_STEP][PASSED] - sendKeys(findTestObject("2-OBJECTS TAREAS SECUNDARIAS/Pruebas SST/Crear_una_entidad_de_riesgo_sst/input_Nombre_form_entidadRiesgoj_idt59"), Keys.chord(ENTER)): Keys 'ENTER + ' sent to object: 'Object Repository/2-OBJECTS TAREAS SECUNDARIAS/Pruebas SST/Crear_una_entidad_de_riesgo_sst/input_Nombre_form_entidadRiesgoj_idt59'

2023-03-09 13:14:13 - [MESSAGE][PASSED] - Keys 'ENTER + ' sent to object: 'Object Repository/2-OBJECTS TAREAS SECUNDARIAS/Pruebas SST/Crear_una_entidad_de_riesgo_sst/input_Nombre_form_entidadRiesgoj_idt59'

2023-03-09 13:14:13 - [TEST_STEP][PASSED] - if (waitForElementPresent(findTestObject("2-OBJECTS TAREAS SECUNDARIAS/Pruebas SST/Crear_una_entidad_de_riesgo_sst/td_PRUEBAS K"), 1)): null

2023-03-09 13:14:14 - [MESSAGE][PASSED] - Object 'Object Repository/2-OBJECTS TAREAS SECUNDARIAS/Pruebas SST/Crear_una_entidad_de_riesgo_sst/td_PRUEBAS K' is present

2023-03-09 13:14:14 - [TEST_STEP][PASSED] - click(findTestObject("2-OBJECTS TAREAS SECUNDARIAS/Pruebas SST/Crear_una_entidad_de_riesgo_sst/td_PRUEBAS K")): Object: 'Object Repository/2-OBJECTS TAREAS SECUNDARIAS/Pruebas SST/Crear_una_entidad_de_riesgo_sst/td_PRUEBAS K' is clicked on

2023-03-09 13:14:14 - [MESSAGE][PASSED] - Object: 'Object Repository/2-OBJECTS TAREAS SECUNDARIAS/Pruebas SST/Crear_una_entidad_de_riesgo_sst/td_PRUEBAS K' is clicked on

2023-03-09 13:14:14 - [TEST_STEP][PASSED] - click(findTestObject("2-OBJECTS TAREAS SECUNDARIAS/Pruebas SST/Crear_una_entidad_de_riesgo_sst/a_Seguimiento")): Object: 'Object Repository/2-OBJECTS TAREAS SECUNDARIAS/Pruebas SST/Crear_una_entidad_de_riesgo_sst/a_Seguimiento' is clicked on

2023-03-09 13:14:15 - [MESSAGE][PASSED] - Object: 'Object Repository/2-OBJECTS TAREAS SECUNDARIAS/Pruebas SST/Crear_una_entidad_de_riesgo_sst/a_Seguimiento' is clicked on

2023-03-09 13:14:15 - [TEST_STEP][PASSED] - if (waitForElementPresent(findTestObject("2-OBJECTS TAREAS SECUNDARIAS/Pruebas SST/Crear_una_entidad_de_riesgo_sst/td_DIAZ BLANCO GUISELL"), 1)): null

2023-03-09 13:14:16 - [MESSAGE][PASSED] - Object 'Object Repository/2-OBJECTS TAREAS SECUNDARIAS/Pruebas SST/Crear_una_entidad_de_riesgo_sst/td_DIAZ BLANCO GUISELL' is present

2023-03-09 13:14:16 - [TEST_STEP][PASSED] - click(findTestObject("2-OBJECTS TAREAS SECUNDARIAS/Pruebas SST/Crear_una_entidad_de_riesgo_sst/td_DIAZ BLANCO GUISELL")): Object: 'Object Repository/2-OBJECTS TAREAS SECUNDARIAS/Pruebas SST/Crear_una_entidad_de_riesgo_sst/td_DIAZ BLANCO GUISELL' is clicked on

2023-03-09 13:14:16 - [MESSAGE][PASSED] - Object: 'Object Repository/2-OBJECTS TAREAS SECUNDARIAS/Pruebas SST/Crear_una_entidad_de_riesgo_sst/td_DIAZ BLANCO GUISELL' is clicked on

2023-03-09 13:14:16 - [TEST_STEP][PASSED] - click(findTestObject("2-OBJECTS TAREAS SECUNDARIAS/Pruebas SST/Crear_una_entidad_de_riesgo_sst/a_Eliminar1")): Object: 'Object Repository/2-OBJECTS TAREAS SECUNDARIAS/Pruebas SST/Crear_una_entidad_de_riesgo_sst/a_Eliminar1' is clicked on

2023-03-09 13:14:17 - [MESSAGE][PASSED] - Object: 'Object Repository/2-OBJECTS TAREAS SECUNDARIAS/Pruebas SST/Crear_una_entidad_de_riesgo_sst/a_Eliminar1' is clicked on

2023-03-09 13:14:17 - [TEST_STEP][PASSED] - click(findTestObject("2-OBJECTS TAREAS SECUNDARIAS/Pruebas SST/Crear_una_entidad_de_riesgo_sst/a_Aceptar1")): Object: 'Object Repository/2-OBJECTS TAREAS SECUNDARIAS/Pruebas SST/Crear_una_entidad_de_riesgo_sst/a_Aceptar1' is clicked on

2023-03-09 13:14:17 - [MESSAGE][PASSED] - Object: 'Object Repository/2-OBJECTS TAREAS SECUNDARIAS/Pruebas SST/Crear_una_entidad_de_riesgo_sst/a_Aceptar1' is clicked on

2023-03-09 13:14:17 - [TEST_STEP][PASSED] - click(findTestObject("2-OBJECTS TAREAS SECUNDARIAS/Pruebas SST/Crear_una_entidad_de_riesgo_sst/a_Entidad de Riesgo")): Object: 'Object Repository/2-OBJECTS TAREAS SECUNDARIAS/Pruebas SST/Crear_una_entidad_de_riesgo_sst/a_Entidad de Riesgo' is clicked on

2023-03-09 13:14:18 - [MESSAGE][PASSED] - Object: 'Object Repository/2-OBJECTS TAREAS SECUNDARIAS/Pruebas SST/Crear_una_entidad_de_riesgo_sst/a_Entidad de Riesgo' is clicked on

2023-03-09 13:14:18 - [TEST_STEP][PASSED] - if (waitForElementVisible(findTestObject("2-OBJECTS TAREAS SECUNDARIAS/Pruebas SST/Crear_una_entidad_de_riesgo_sst/a_Eliminar1"), 1)): null

2023-03-09 13:14:19 - [MESSAGE][PASSED] - Object 'Object Repository/2-OBJECTS TAREAS SECUNDARIAS/Pruebas SST/Crear_una_entidad_de_riesgo_sst/a_Eliminar1' is visible

2023-03-09 13:14:19 - [TEST_STEP][PASSED] - click(findTestObject("2-OBJECTS TAREAS SECUNDARIAS/Pruebas SST/Crear_una_entidad_de_riesgo_sst/a_Eliminar1")): Object: 'Object Repository/2-OBJECTS TAREAS SECUNDARIAS/Pruebas SST/Crear_una_entidad_de_riesgo_sst/a_Eliminar1' is clicked on

2023-03-09 13:14:19 - [MESSAGE][PASSED] - Object: 'Object Repository/2-OBJECTS TAREAS SECUNDARIAS/Pruebas SST/Crear_una_entidad_de_riesgo_sst/a_Eliminar1' is clicked on

2023-03-09 13:14:19 - [TEST_STEP][PASSED] - click(findTestObject("2-OBJECTS TAREAS SECUNDARIAS/Pruebas SST/Crear_una_entidad_de_riesgo_sst/a_Aceptar1")): Object: 'Object Repository/2-OBJECTS TAREAS SECUNDARIAS/Pruebas SST/Crear_una_entidad_de_riesgo_sst/a_Aceptar1' is clicked on

2023-03-09 13:14:20 - [MESSAGE][PASSED] - Object: 'Object Repository/2-OBJECTS TAREAS SECUNDARIAS/Pruebas SST/Crear_una_entidad_de_riesgo_sst/a_Aceptar1' is clicked on

2023-03-09 13:14:20 - [TEST_STEP][PASSED] - click(findTestObject("2-OBJECTS TAREAS SECUNDARIAS/Pruebas SST/Crear_una_entidad_de_riesgo_sst/a_Regresar")): Object: 'Object Repository/2-OBJECTS TAREAS SECUNDARIAS/Pruebas SST/Crear_una_entidad_de_riesgo_sst/a_Regresar' is clicked on

2023-03-09 13:14:21 - [MESSAGE][PASSED] - Object: 'Object Repository/2-OBJECTS TAREAS SECUNDARIAS/Pruebas SST/Crear_una_entidad_de_riesgo_sst/a_Regresar' is clicked on

2023-03-09 13:14:21 - [TEST_STEP][PASSED] - click(findTestObject("2-OBJECTS TAREAS SECUNDARIAS/Pruebas SST/Crear_una_entidad_de_riesgo_sst/a_Nuevo")): Object: 'Object Repository/2-OBJECTS TAREAS SECUNDARIAS/Pruebas SST/Crear_una_entidad_de_riesgo_sst/a_Nuevo' is clicked on

2023-03-09 13:14:21 - [MESSAGE][PASSED] - Object: 'Object Repository/2-OBJECTS TAREAS SECUNDARIAS/Pruebas SST/Crear_una_entidad_de_riesgo_sst/a_Nuevo' is clicked on

2023-03-09 13:14:21 - [TEST_STEP][PASSED] - setText(findTestObject("2-OBJECTS TAREAS SECUNDARIAS/Pruebas SST/Crear_una_entidad_de_riesgo_sst/input_Cdigo_form_detalleEntidadRiesgocodigoInterno"), "5"): Text '5' is set on object 'Object Repository/2-OBJECTS TAREAS SECUNDARIAS/Pruebas SST/Crear_una_entidad_de_riesgo_sst/input_Cdigo_form_detalleEntidadRiesgocodigoInterno'

2023-03-09 13:14:22 - [MESSAGE][PASSED] - Text '5' is set on object 'Object Repository/2-OBJECTS TAREAS SECUNDARIAS/Pruebas SST/Crear_una_entidad_de_riesgo_sst/input_Cdigo_form_detalleEntidadRiesgocodigoInterno'

2023-03-09 13:14:22 - [TEST_STEP][PASSED] - setText(findTestObject("2-OBJECTS TAREAS SECUNDARIAS/Pruebas SST/Crear_una_entidad_de_riesgo_sst/input_Nombre_form_detalleEntidadRiesgodescripcion"), "PRUEBAS K"): Text 'PRUEBAS K' is set on object 'Object Repository/2-OBJECTS TAREAS SECUNDARIAS/Pruebas SST/Crear_una_entidad_de_riesgo_sst/input_Nombre_form_detalleEntidadRiesgodescripcion'

2023-03-09 13:14:23 - [MESSAGE][PASSED] - Text 'PRUEBAS K' is set on object 'Object Repository/2-OBJECTS TAREAS SECUNDARIAS/Pruebas SST/Crear_una_entidad_de_riesgo_sst/input_Nombre_form_detalleEntidadRiesgodescripcion'

2023-03-09 13:14:23 - [TEST_STEP][PASSED] - click(findTestObject("2-OBJECTS TAREAS SECUNDARIAS/Pruebas SST/Crear_una_entidad_de_riesgo_sst/a_Unidad Organizacional_form_detalleEntidadRiesgoj_idt6210")): Object: 'Object Repository/2-OBJECTS TAREAS SECUNDARIAS/Pruebas SST/Crear_una_entidad_de_riesgo_sst/a_Unidad Organizacional_form_detalleEntidadRiesgoj_idt6210' is clicked on

2023-03-09 13:14:24 - [MESSAGE][PASSED] - Object: 'Object Repository/2-OBJECTS TAREAS SECUNDARIAS/Pruebas SST/Crear_una_entidad_de_riesgo_sst/a_Unidad Organizacional_form_detalleEntidadRiesgoj_idt6210' is clicked on

2023-03-09 13:14:24 - [TEST_STEP][PASSED] - setText(findTestObject("2-OBJECTS TAREAS SECUNDARIAS/Pruebas SST/Crear_una_entidad_de_riesgo_sst/input_Unidad Organizacional_formPopUpUnidaddescripciones0"), "ADMINISTRACION"): Text 'ADMINISTRACION' is set on object 'Object Repository/2-OBJECTS TAREAS SECUNDARIAS/Pruebas SST/Crear_una_entidad_de_riesgo_sst/input_Unidad Organizacional_formPopUpUnidaddescripciones0'

2023-03-09 13:14:25 - [MESSAGE][PASSED] - Text 'ADMINISTRACION' is set on object 'Object Repository/2-OBJECTS TAREAS SECUNDARIAS/Pruebas SST/Crear_una_entidad_de_riesgo_sst/input_Unidad Organizacional_formPopUpUnidaddescripciones0'

2023-03-09 13:14:25 - [TEST_STEP][PASSED] - sendKeys(findTestObject("2-OBJECTS TAREAS SECUNDARIAS/Pruebas SST/Crear_una_entidad_de_riesgo_sst/input_Unidad Organizacional_formPopUpUnidaddescripciones0"), Keys.chord(ENTER)): Keys 'ENTER + ' sent to object: 'Object Repository/2-OBJECTS TAREAS SECUNDARIAS/Pruebas SST/Crear_una_entidad_de_riesgo_sst/input_Unidad Organizacional_formPopUpUnidaddescripciones0'

2023-03-09 13:14:25 - [MESSAGE][PASSED] - Keys 'ENTER + ' sent to object: 'Object Repository/2-OBJECTS TAREAS SECUNDARIAS/Pruebas SST/Crear_una_entidad_de_riesgo_sst/input_Unidad Organizacional_formPopUpUnidaddescripciones0'

2023-03-09 13:14:25 - [TEST_STEP][PASSED] - click(findTestObject("2-OBJECTS TAREAS SECUNDARIAS/Pruebas SST/Crear_una_entidad_de_riesgo_sst/span_ADMINISTRACION")): Object: 'Object Repository/2-OBJECTS TAREAS SECUNDARIAS/Pruebas SST/Crear_una_entidad_de_riesgo_sst/span_ADMINISTRACION' is clicked on

2023-03-09 13:14:26 - [MESSAGE][PASSED] - Object: 'Object Repository/2-OBJECTS TAREAS SECUNDARIAS/Pruebas SST/Crear_una_entidad_de_riesgo_sst/span_ADMINISTRACION' is clicked on

2023-03-09 13:14:26 - [TEST_STEP][PASSED] - selectOptionByIndex(findTestObject("2-OBJECTS TAREAS SECUNDARIAS/Pruebas SST/Crear_una_entidad_de_riesgo_sst/select_SeleccionarAREAS DE RIESGOAREAS SIN RIESGOPRUEBA SILVIA 1PRUEBA SILVIA 2"), 5): All options with index in [5] are selected on object 'Object Repository/2-OBJECTS TAREAS SECUNDARIAS/Pruebas SST/Crear_una_entidad_de_riesgo_sst/select_SeleccionarAREAS DE RIESGOAREAS SIN RIESGOPRUEBA SILVIA 1PRUEBA SILVIA 2'

2023-03-09 13:14:27 - [MESSAGE][PASSED] - All options with index in [5] are selected on object 'Object Repository/2-OBJECTS TAREAS SECUNDARIAS/Pruebas SST/Crear_una_entidad_de_riesgo_sst/select_SeleccionarAREAS DE RIESGOAREAS SIN RIESGOPRUEBA SILVIA 1PRUEBA SILVIA 2'

2023-03-09 13:14:27 - [TEST_STEP][PASSED] - selectOptionByIndex(findTestObject("2-OBJECTS TAREAS SECUNDARIAS/Pruebas SST/Crear_una_entidad_de_riesgo_sst/select_-- SELECCIONAR --SEDE NORTESEDE OCCIDENTESEDE SUR"), 1): All options with index in [1] are selected on object 'Object Repository/2-OBJECTS TAREAS SECUNDARIAS/Pruebas SST/Crear_una_entidad_de_riesgo_sst/select_-- SELECCIONAR --SEDE NORTESEDE OCCIDENTESEDE SUR'

2023-03-09 13:14:28 - [MESSAGE][PASSED] - All options with index in [1] are selected on object 'Object Repository/2-OBJECTS TAREAS SECUNDARIAS/Pruebas SST/Crear_una_entidad_de_riesgo_sst/select_-- SELECCIONAR --SEDE NORTESEDE OCCIDENTESEDE SUR'

2023-03-09 13:14:28 - [TEST_STEP][PASSED] - selectOptionByIndex(findTestObject("2-OBJECTS TAREAS SECUNDARIAS/Pruebas SST/Crear_una_entidad_de_riesgo_sst/select_-- SELECCIONAR --Aula InteligenteSala de JuntasSalon ExternoSalon Principal"), 1): All options with index in [1] are selected on object 'Object Repository/2-OBJECTS TAREAS SECUNDARIAS/Pruebas SST/Crear_una_entidad_de_riesgo_sst/select_-- SELECCIONAR --Aula InteligenteSala de JuntasSalon ExternoSalon Principal'

2023-03-09 13:14:29 - [MESSAGE][PASSED] - All options with index in [1] are selected on object 'Object Repository/2-OBJECTS TAREAS SECUNDARIAS/Pruebas SST/Crear_una_entidad_de_riesgo_sst/select_-- SELECCIONAR --Aula InteligenteSala de JuntasSalon ExternoSalon Principal'

2023-03-09 13:14:29 - [TEST_STEP][PASSED] - click(findTestObject("2-OBJECTS TAREAS SECUNDARIAS/Pruebas SST/Crear_una_entidad_de_riesgo_sst/a_Responsable_form_detalleEntidadRiesgoj_idt6320")): Object: 'Object Repository/2-OBJECTS TAREAS SECUNDARIAS/Pruebas SST/Crear_una_entidad_de_riesgo_sst/a_Responsable_form_detalleEntidadRiesgoj_idt6320' is clicked on

2023-03-09 13:14:30 - [MESSAGE][PASSED] - Object: 'Object Repository/2-OBJECTS TAREAS SECUNDARIAS/Pruebas SST/Crear_una_entidad_de_riesgo_sst/a_Responsable_form_detalleEntidadRiesgoj_idt6320' is clicked on

2023-03-09 13:14:30 - [TEST_STEP][PASSED] - setText(findTestObject("2-OBJECTS TAREAS SECUNDARIAS/Pruebas SST/Crear_una_entidad_de_riesgo_sst/input_Filtro Hoja de Vida_formPopupHojaVidaj_idt9270"), "A A A"): Text 'A A A' is set on object 'Object Repository/2-OBJECTS TAREAS SECUNDARIAS/Pruebas SST/Crear_una_entidad_de_riesgo_sst/input_Filtro Hoja de Vida_formPopupHojaVidaj_idt9270'

2023-03-09 13:14:31 - [MESSAGE][PASSED] - Text 'A A A' is set on object 'Object Repository/2-OBJECTS TAREAS SECUNDARIAS/Pruebas SST/Crear_una_entidad_de_riesgo_sst/input_Filtro Hoja de Vida_formPopupHojaVidaj_idt9270'

2023-03-09 13:14:31 - [TEST_STEP][PASSED] - sendKeys(findTestObject("2-OBJECTS TAREAS SECUNDARIAS/Pruebas SST/Crear_una_entidad_de_riesgo_sst/input_Filtro Hoja de Vida_formPopupHojaVidaj_idt9270"), Keys.chord(ENTER)): Keys 'ENTER + ' sent to object: 'Object Repository/2-OBJECTS TAREAS SECUNDARIAS/Pruebas SST/Crear_una_entidad_de_riesgo_sst/input_Filtro Hoja de Vida_formPopupHojaVidaj_idt9270'

2023-03-09 13:14:31 - [MESSAGE][PASSED] - Keys 'ENTER + ' sent to object: 'Object Repository/2-OBJECTS TAREAS SECUNDARIAS/Pruebas SST/Crear_una_entidad_de_riesgo_sst/input_Filtro Hoja de Vida_formPopupHojaVidaj_idt9270'

2023-03-09 13:14:31 - [TEST_STEP][PASSED] - click(findTestObject("2-OBJECTS TAREAS SECUNDARIAS/Pruebas SST/Crear_una_entidad_de_riesgo_sst/span_1010220596")): Object: 'Object Repository/2-OBJECTS TAREAS SECUNDARIAS/Pruebas SST/Crear_una_entidad_de_riesgo_sst/span_1010220596' is clicked on

2023-03-09 13:14:32 - [MESSAGE][PASSED] - Object: 'Object Repository/2-OBJECTS TAREAS SECUNDARIAS/Pruebas SST/Crear_una_entidad_de_riesgo_sst/span_1010220596' is clicked on

2023-03-09 13:14:32 - [TEST_STEP][PASSED] - click(findTestObject("2-OBJECTS TAREAS SECUNDARIAS/Pruebas SST/Crear_una_entidad_de_riesgo_sst/a_Guardar")): Object: 'Object Repository/2-OBJECTS TAREAS SECUNDARIAS/Pruebas SST/Crear_una_entidad_de_riesgo_sst/a_Guardar' is clicked on

2023-03-09 13:14:33 - [MESSAGE][PASSED] - Object: 'Object Repository/2-OBJECTS TAREAS SECUNDARIAS/Pruebas SST/Crear_una_entidad_de_riesgo_sst/a_Guardar' is clicked on

2023-03-09 13:14:33 - [TEST_STEP][PASSED] - click(findTestObject("2-OBJECTS TAREAS SECUNDARIAS/Pruebas SST/Crear_una_entidad_de_riesgo_sst/a_Personas")): Object: 'Object Repository/2-OBJECTS TAREAS SECUNDARIAS/Pruebas SST/Crear_una_entidad_de_riesgo_sst/a_Personas' is clicked on

2023-03-09 13:14:33 - [MESSAGE][PASSED] - Object: 'Object Repository/2-OBJECTS TAREAS SECUNDARIAS/Pruebas SST/Crear_una_entidad_de_riesgo_sst/a_Personas' is clicked on

2023-03-09 13:14:33 - [TEST_STEP][PASSED] - click(findTestObject("2-OBJECTS TAREAS SECUNDARIAS/Pruebas SST/Crear_una_entidad_de_riesgo_sst/a_Persona_form_detalleEntidadRiesgoj_idt692")): Object: 'Object Repository/2-OBJECTS TAREAS SECUNDARIAS/Pruebas SST/Crear_una_entidad_de_riesgo_sst/a_Persona_form_detalleEntidadRiesgoj_idt692' is clicked on

2023-03-09 13:14:34 - [MESSAGE][PASSED] - Object: 'Object Repository/2-OBJECTS TAREAS SECUNDARIAS/Pruebas SST/Crear_una_entidad_de_riesgo_sst/a_Persona_form_detalleEntidadRiesgoj_idt692' is clicked on

2023-03-09 13:14:34 - [TEST_STEP][PASSED] - setText(findTestObject("2-OBJECTS TAREAS SECUNDARIAS/Pruebas SST/Crear_una_entidad_de_riesgo_sst/input_Filtro Hoja de Vida_formPopupHojaVidaj_idt92700"), "A A A"): Text 'A A A' is set on object 'Object Repository/2-OBJECTS TAREAS SECUNDARIAS/Pruebas SST/Crear_una_entidad_de_riesgo_sst/input_Filtro Hoja de Vida_formPopupHojaVidaj_idt92700'

2023-03-09 13:14:35 - [MESSAGE][PASSED] - Text 'A A A' is set on object 'Object Repository/2-OBJECTS TAREAS SECUNDARIAS/Pruebas SST/Crear_una_entidad_de_riesgo_sst/input_Filtro Hoja de Vida_formPopupHojaVidaj_idt92700'

2023-03-09 13:14:35 - [TEST_STEP][PASSED] - sendKeys(findTestObject("2-OBJECTS TAREAS SECUNDARIAS/Pruebas SST/Crear_una_entidad_de_riesgo_sst/input_Filtro Hoja de Vida_formPopupHojaVidaj_idt92700"), Keys.chord(ENTER)): Keys 'ENTER + ' sent to object: 'Object Repository/2-OBJECTS TAREAS SECUNDARIAS/Pruebas SST/Crear_una_entidad_de_riesgo_sst/input_Filtro Hoja de Vida_formPopupHojaVidaj_idt92700'

2023-03-09 13:14:36 - [MESSAGE][PASSED] - Keys 'ENTER + ' sent to object: 'Object Repository/2-OBJECTS TAREAS SECUNDARIAS/Pruebas SST/Crear_una_entidad_de_riesgo_sst/input_Filtro Hoja de Vida_formPopupHojaVidaj_idt92700'

2023-03-09 13:14:36 - [TEST_STEP][PASSED] - click(findTestObject("2-OBJECTS TAREAS SECUNDARIAS/Pruebas SST/Crear_una_entidad_de_riesgo_sst/span_1010220596")): Object: 'Object Repository/2-OBJECTS TAREAS SECUNDARIAS/Pruebas SST/Crear_una_entidad_de_riesgo_sst/span_1010220596' is clicked on

2023-03-09 13:14:36 - [MESSAGE][PASSED] - Object: 'Object Repository/2-OBJECTS TAREAS SECUNDARIAS/Pruebas SST/Crear_una_entidad_de_riesgo_sst/span_1010220596' is clicked on

2023-03-09 13:14:36 - [TEST_STEP][PASSED] - click(findTestObject("2-OBJECTS TAREAS SECUNDARIAS/Pruebas SST/Crear_una_entidad_de_riesgo_sst/a_Nuevo")): Object: 'Object Repository/2-OBJECTS TAREAS SECUNDARIAS/Pruebas SST/Crear_una_entidad_de_riesgo_sst/a_Nuevo' is clicked on

2023-03-09 13:14:37 - [MESSAGE][PASSED] - Object: 'Object Repository/2-OBJECTS TAREAS SECUNDARIAS/Pruebas SST/Crear_una_entidad_de_riesgo_sst/a_Nuevo' is clicked on

2023-03-09 13:14:37 - [TEST_STEP][PASSED] - click(findTestObject("2-OBJECTS TAREAS SECUNDARIAS/Pruebas SST/Crear_una_entidad_de_riesgo_sst/a_Identificacin_form_popupHojaVidaEntidadj_idt838")): Object: 'Object Repository/2-OBJECTS TAREAS SECUNDARIAS/Pruebas SST/Crear_una_entidad_de_riesgo_sst/a_Identificacin_form_popupHojaVidaEntidadj_idt838' is clicked on

2023-03-09 13:14:38 - [MESSAGE][PASSED] - Object: 'Object Repository/2-OBJECTS TAREAS SECUNDARIAS/Pruebas SST/Crear_una_entidad_de_riesgo_sst/a_Identificacin_form_popupHojaVidaEntidadj_idt838' is clicked on

2023-03-09 13:14:38 - [TEST_STEP][PASSED] - setText(findTestObject("2-OBJECTS TAREAS SECUNDARIAS/Pruebas SST/Crear_una_entidad_de_riesgo_sst/input_Filtro Hoja de Vida_formPopupHojaVidaj_idt92700"), "GUISELL"): Text 'GUISELL' is set on object 'Object Repository/2-OBJECTS TAREAS SECUNDARIAS/Pruebas SST/Crear_una_entidad_de_riesgo_sst/input_Filtro Hoja de Vida_formPopupHojaVidaj_idt92700'

2023-03-09 13:14:39 - [MESSAGE][PASSED] - Text 'GUISELL' is set on object 'Object Repository/2-OBJECTS TAREAS SECUNDARIAS/Pruebas SST/Crear_una_entidad_de_riesgo_sst/input_Filtro Hoja de Vida_formPopupHojaVidaj_idt92700'

2023-03-09 13:14:39 - [TEST_STEP][PASSED] - sendKeys(findTestObject("2-OBJECTS TAREAS SECUNDARIAS/Pruebas SST/Crear_una_entidad_de_riesgo_sst/input_Filtro Hoja de Vida_formPopupHojaVidaj_idt92700"), Keys.chord(ENTER)): Keys 'ENTER + ' sent to object: 'Object Repository/2-OBJECTS TAREAS SECUNDARIAS/Pruebas SST/Crear_una_entidad_de_riesgo_sst/input_Filtro Hoja de Vida_formPopupHojaVidaj_idt92700'

2023-03-09 13:14:39 - [MESSAGE][PASSED] - Keys 'ENTER + ' sent to object: 'Object Repository/2-OBJECTS TAREAS SECUNDARIAS/Pruebas SST/Crear_una_entidad_de_riesgo_sst/input_Filtro Hoja de Vida_formPopupHojaVidaj_idt92700'

2023-03-09 13:14:39 - [TEST_STEP][PASSED] - click(findTestObject("2-OBJECTS TAREAS SECUNDARIAS/Pruebas SST/Crear_una_entidad_de_riesgo_sst/span_Diaz Blanco Guisell")): Object: 'Object Repository/2-OBJECTS TAREAS SECUNDARIAS/Pruebas SST/Crear_una_entidad_de_riesgo_sst/span_Diaz Blanco Guisell' is clicked on

2023-03-09 13:14:40 - [MESSAGE][PASSED] - Object: 'Object Repository/2-OBJECTS TAREAS SECUNDARIAS/Pruebas SST/Crear_una_entidad_de_riesgo_sst/span_Diaz Blanco Guisell' is clicked on

2023-03-09 13:14:40 - [TEST_STEP][PASSED] - click(findTestObject("2-OBJECTS TAREAS SECUNDARIAS/Pruebas SST/Crear_una_entidad_de_riesgo_sst/td_Indefinido")): Object: 'Object Repository/2-OBJECTS TAREAS SECUNDARIAS/Pruebas SST/Crear_una_entidad_de_riesgo_sst/td_Indefinido' is clicked on

2023-03-09 13:14:41 - [MESSAGE][PASSED] - Object: 'Object Repository/2-OBJECTS TAREAS SECUNDARIAS/Pruebas SST/Crear_una_entidad_de_riesgo_sst/td_Indefinido' is clicked on

2023-03-09 13:14:41 - [TEST_STEP][PASSED] - click(findTestObject("2-OBJECTS TAREAS SECUNDARIAS/Pruebas SST/Crear_una_entidad_de_riesgo_sst/a_Guardar")): Object: 'Object Repository/2-OBJECTS TAREAS SECUNDARIAS/Pruebas SST/Crear_una_entidad_de_riesgo_sst/a_Guardar' is clicked on

2023-03-09 13:14:42 - [MESSAGE][PASSED] - Object: 'Object Repository/2-OBJECTS TAREAS SECUNDARIAS/Pruebas SST/Crear_una_entidad_de_riesgo_sst/a_Guardar' is clicked on

2023-03-09 13:14:42 - [TEST_STEP][PASSED] - click(findTestObject("2-OBJECTS TAREAS SECUNDARIAS/Pruebas SST/Crear_una_entidad_de_riesgo_sst/a_Generar")): Object: 'Object Repository/2-OBJECTS TAREAS SECUNDARIAS/Pruebas SST/Crear_una_entidad_de_riesgo_sst/a_Generar' is clicked on

2023-03-09 13:14:43 - [MESSAGE][PASSED] - Object: 'Object Repository/2-OBJECTS TAREAS SECUNDARIAS/Pruebas SST/Crear_una_entidad_de_riesgo_sst/a_Generar' is clicked on

2023-03-09 13:14:43 - [TEST_STEP][PASSED] - click(findTestObject("2-OBJECTS TAREAS SECUNDARIAS/Pruebas SST/Crear_una_entidad_de_riesgo_sst/a_Unidad_form_popupHojaVidaEntidadMasivaj_idt891")): Object: 'Object Repository/2-OBJECTS TAREAS SECUNDARIAS/Pruebas SST/Crear_una_entidad_de_riesgo_sst/a_Unidad_form_popupHojaVidaEntidadMasivaj_idt891' is clicked on

2023-03-09 13:14:43 - [MESSAGE][PASSED] - Object: 'Object Repository/2-OBJECTS TAREAS SECUNDARIAS/Pruebas SST/Crear_una_entidad_de_riesgo_sst/a_Unidad_form_popupHojaVidaEntidadMasivaj_idt891' is clicked on

2023-03-09 13:14:43 - [TEST_STEP][PASSED] - setText(findTestObject("2-OBJECTS TAREAS SECUNDARIAS/Pruebas SST/Crear_una_entidad_de_riesgo_sst/input_Unidad Organizacional_formPopUpUnidaddescripciones"), "a"): Text 'a' is set on object 'Object Repository/2-OBJECTS TAREAS SECUNDARIAS/Pruebas SST/Crear_una_entidad_de_riesgo_sst/input_Unidad Organizacional_formPopUpUnidaddescripciones'

2023-03-09 13:14:44 - [MESSAGE][PASSED] - Text 'a' is set on object 'Object Repository/2-OBJECTS TAREAS SECUNDARIAS/Pruebas SST/Crear_una_entidad_de_riesgo_sst/input_Unidad Organizacional_formPopUpUnidaddescripciones'

2023-03-09 13:14:44 - [TEST_STEP][PASSED] - sendKeys(findTestObject("2-OBJECTS TAREAS SECUNDARIAS/Pruebas SST/Crear_una_entidad_de_riesgo_sst/input_Unidad Organizacional_formPopUpUnidaddescripciones"), Keys.chord(ENTER)): Keys 'ENTER + ' sent to object: 'Object Repository/2-OBJECTS TAREAS SECUNDARIAS/Pruebas SST/Crear_una_entidad_de_riesgo_sst/input_Unidad Organizacional_formPopUpUnidaddescripciones'

2023-03-09 13:14:45 - [MESSAGE][PASSED] - Keys 'ENTER + ' sent to object: 'Object Repository/2-OBJECTS TAREAS SECUNDARIAS/Pruebas SST/Crear_una_entidad_de_riesgo_sst/input_Unidad Organizacional_formPopUpUnidaddescripciones'

2023-03-09 13:14:45 - [TEST_STEP][PASSED] - click(findTestObject("2-OBJECTS TAREAS SECUNDARIAS/Pruebas SST/Crear_una_entidad_de_riesgo_sst/span_ADMINISTRACION")): Object: 'Object Repository/2-OBJECTS TAREAS SECUNDARIAS/Pruebas SST/Crear_una_entidad_de_riesgo_sst/span_ADMINISTRACION' is clicked on

2023-03-09 13:14:45 - [MESSAGE][PASSED] - Object: 'Object Repository/2-OBJECTS TAREAS SECUNDARIAS/Pruebas SST/Crear_una_entidad_de_riesgo_sst/span_ADMINISTRACION' is clicked on

2023-03-09 13:14:45 - [TEST_STEP][PASSED] - selectOptionByIndex(findTestObject("2-OBJECTS TAREAS SECUNDARIAS/Pruebas SST/Crear_una_entidad_de_riesgo_sst/select_Seleccione40 MIL STAFF .  ABOGADO"), 2): All options with index in [2] are selected on object 'Object Repository/2-OBJECTS TAREAS SECUNDARIAS/Pruebas SST/Crear_una_entidad_de_riesgo_sst/select_Seleccione40 MIL STAFF .  ABOGADO'

2023-03-09 13:14:47 - [MESSAGE][PASSED] - All options with index in [2] are selected on object 'Object Repository/2-OBJECTS TAREAS SECUNDARIAS/Pruebas SST/Crear_una_entidad_de_riesgo_sst/select_Seleccione40 MIL STAFF .  ABOGADO'

2023-03-09 13:14:47 - [TEST_STEP][PASSED] - click(findTestObject("2-OBJECTS TAREAS SECUNDARIAS/Pruebas SST/Crear_una_entidad_de_riesgo_sst/a_Buscar")): Object: 'Object Repository/2-OBJECTS TAREAS SECUNDARIAS/Pruebas SST/Crear_una_entidad_de_riesgo_sst/a_Buscar' is clicked on

2023-03-09 13:14:47 - [MESSAGE][PASSED] - Object: 'Object Repository/2-OBJECTS TAREAS SECUNDARIAS/Pruebas SST/Crear_una_entidad_de_riesgo_sst/a_Buscar' is clicked on

2023-03-09 13:14:47 - [TEST_STEP][PASSED] - click(findTestObject("2-OBJECTS TAREAS SECUNDARIAS/Pruebas SST/Crear_una_entidad_de_riesgo_sst/div_Cargo_ui-chkbox-box ui-widget ui-corner-all ui-state-default ui-state-hover")): Object: 'Object Repository/2-OBJECTS TAREAS SECUNDARIAS/Pruebas SST/Crear_una_entidad_de_riesgo_sst/div_Cargo_ui-chkbox-box ui-widget ui-corner-all ui-state-default ui-state-hover' is clicked on

2023-03-09 13:14:48 - [MESSAGE][PASSED] - Object: 'Object Repository/2-OBJECTS TAREAS SECUNDARIAS/Pruebas SST/Crear_una_entidad_de_riesgo_sst/div_Cargo_ui-chkbox-box ui-widget ui-corner-all ui-state-default ui-state-hover' is clicked on

2023-03-09 13:14:48 - [TEST_STEP][PASSED] - click(findTestObject("2-OBJECTS TAREAS SECUNDARIAS/Pruebas SST/Crear_una_entidad_de_riesgo_sst/a_Guardar")): Object: 'Object Repository/2-OBJECTS TAREAS SECUNDARIAS/Pruebas SST/Crear_una_entidad_de_riesgo_sst/a_Guardar' is clicked on

2023-03-09 13:14:49 - [MESSAGE][PASSED] - Object: 'Object Repository/2-OBJECTS TAREAS SECUNDARIAS/Pruebas SST/Crear_una_entidad_de_riesgo_sst/a_Guardar' is clicked on

2023-03-09 13:14:49 - [TEST_STEP][PASSED] - click(findTestObject("2-OBJECTS TAREAS SECUNDARIAS/Pruebas SST/Crear_una_entidad_de_riesgo_sst/a_Elementos")): Object: 'Object Repository/2-OBJECTS TAREAS SECUNDARIAS/Pruebas SST/Crear_una_entidad_de_riesgo_sst/a_Elementos' is clicked on

2023-03-09 13:14:49 - [MESSAGE][PASSED] - Object: 'Object Repository/2-OBJECTS TAREAS SECUNDARIAS/Pruebas SST/Crear_una_entidad_de_riesgo_sst/a_Elementos' is clicked on

2023-03-09 13:14:49 - [TEST_STEP][PASSED] - waitForElementVisible(findTestObject("2-OBJECTS TAREAS SECUNDARIAS/Pruebas SST/Crear_una_entidad_de_riesgo_sst/a_Recomendacin"), 0): Object 'Object Repository/2-OBJECTS TAREAS SECUNDARIAS/Pruebas SST/Crear_una_entidad_de_riesgo_sst/a_Recomendacin' is visible

2023-03-09 13:14:49 - [MESSAGE][WARNING] - Timeout '0' is invalid. Using default page load timeout: '37'

2023-03-09 13:14:50 - [MESSAGE][PASSED] - Object 'Object Repository/2-OBJECTS TAREAS SECUNDARIAS/Pruebas SST/Crear_una_entidad_de_riesgo_sst/a_Recomendacin' is visible

2023-03-09 13:14:50 - [TEST_STEP][PASSED] - click(findTestObject("2-OBJECTS TAREAS SECUNDARIAS/Pruebas SST/Crear_una_entidad_de_riesgo_sst/a_Recomendacin")): Object: 'Object Repository/2-OBJECTS TAREAS SECUNDARIAS/Pruebas SST/Crear_una_entidad_de_riesgo_sst/a_Recomendacin' is clicked on

2023-03-09 13:14:50 - [MESSAGE][PASSED] - Object: 'Object Repository/2-OBJECTS TAREAS SECUNDARIAS/Pruebas SST/Crear_una_entidad_de_riesgo_sst/a_Recomendacin' is clicked on

2023-03-09 13:14:50 - [TEST_STEP][PASSED] - click(findTestObject("2-OBJECTS TAREAS SECUNDARIAS/Pruebas SST/Crear_una_entidad_de_riesgo_sst/a_Nuevo")): Object: 'Object Repository/2-OBJECTS TAREAS SECUNDARIAS/Pruebas SST/Crear_una_entidad_de_riesgo_sst/a_Nuevo' is clicked on

2023-03-09 13:14:51 - [MESSAGE][PASSED] - Object: 'Object Repository/2-OBJECTS TAREAS SECUNDARIAS/Pruebas SST/Crear_una_entidad_de_riesgo_sst/a_Nuevo' is clicked on

2023-03-09 13:14:51 - [TEST_STEP][PASSED] - click(findTestObject("2-OBJECTS TAREAS SECUNDARIAS/Pruebas SST/Crear_una_entidad_de_riesgo_sst/a_Responsable_form_detalleEntidadRiesgoj_idt774")): Object: 'Object Repository/2-OBJECTS TAREAS SECUNDARIAS/Pruebas SST/Crear_una_entidad_de_riesgo_sst/a_Responsable_form_detalleEntidadRiesgoj_idt774' is clicked on

2023-03-09 13:14:51 - [MESSAGE][PASSED] - Object: 'Object Repository/2-OBJECTS TAREAS SECUNDARIAS/Pruebas SST/Crear_una_entidad_de_riesgo_sst/a_Responsable_form_detalleEntidadRiesgoj_idt774' is clicked on

2023-03-09 13:14:51 - [TEST_STEP][PASSED] - setText(findTestObject("2-OBJECTS TAREAS SECUNDARIAS/Pruebas SST/Crear_una_entidad_de_riesgo_sst/input_Filtro Hoja de Vida_formPopupHojaVidaj_idt9270"), "guisell"): Text 'guisell' is set on object 'Object Repository/2-OBJECTS TAREAS SECUNDARIAS/Pruebas SST/Crear_una_entidad_de_riesgo_sst/input_Filtro Hoja de Vida_formPopupHojaVidaj_idt9270'

2023-03-09 13:14:53 - [MESSAGE][PASSED] - Text 'guisell' is set on object 'Object Repository/2-OBJECTS TAREAS SECUNDARIAS/Pruebas SST/Crear_una_entidad_de_riesgo_sst/input_Filtro Hoja de Vida_formPopupHojaVidaj_idt9270'

2023-03-09 13:14:53 - [TEST_STEP][PASSED] - sendKeys(findTestObject("2-OBJECTS TAREAS SECUNDARIAS/Pruebas SST/Crear_una_entidad_de_riesgo_sst/input_Filtro Hoja de Vida_formPopupHojaVidaj_idt9270"), Keys.chord(ENTER)): Keys 'ENTER + ' sent to object: 'Object Repository/2-OBJECTS TAREAS SECUNDARIAS/Pruebas SST/Crear_una_entidad_de_riesgo_sst/input_Filtro Hoja de Vida_formPopupHojaVidaj_idt9270'

2023-03-09 13:14:53 - [MESSAGE][PASSED] - Keys 'ENTER + ' sent to object: 'Object Repository/2-OBJECTS TAREAS SECUNDARIAS/Pruebas SST/Crear_una_entidad_de_riesgo_sst/input_Filtro Hoja de Vida_formPopupHojaVidaj_idt9270'

2023-03-09 13:14:53 - [TEST_STEP][PASSED] - click(findTestObject("2-OBJECTS TAREAS SECUNDARIAS/Pruebas SST/Crear_una_entidad_de_riesgo_sst/span_1057596487")): Object: 'Object Repository/2-OBJECTS TAREAS SECUNDARIAS/Pruebas SST/Crear_una_entidad_de_riesgo_sst/span_1057596487' is clicked on

2023-03-09 13:14:54 - [MESSAGE][PASSED] - Object: 'Object Repository/2-OBJECTS TAREAS SECUNDARIAS/Pruebas SST/Crear_una_entidad_de_riesgo_sst/span_1057596487' is clicked on

2023-03-09 13:14:54 - [TEST_STEP][PASSED] - setText(findTestObject("2-OBJECTS TAREAS SECUNDARIAS/Pruebas SST/Crear_una_entidad_de_riesgo_sst/input_Fecha de Implementacin_form_detalleEntidadRiesgofecharecomendacionr_input"), "01/07/2021"): Text '01/07/2021' is set on object 'Object Repository/2-OBJECTS TAREAS SECUNDARIAS/Pruebas SST/Crear_una_entidad_de_riesgo_sst/input_Fecha de Implementacin_form_detalleEntidadRiesgofecharecomendacionr_input'

2023-03-09 13:14:55 - [MESSAGE][PASSED] - Text '01/07/2021' is set on object 'Object Repository/2-OBJECTS TAREAS SECUNDARIAS/Pruebas SST/Crear_una_entidad_de_riesgo_sst/input_Fecha de Implementacin_form_detalleEntidadRiesgofecharecomendacionr_input'

2023-03-09 13:14:55 - [TEST_STEP][PASSED] - setText(findTestObject("2-OBJECTS TAREAS SECUNDARIAS/Pruebas SST/Crear_una_entidad_de_riesgo_sst/textarea_Observacin_form_detalleEntidadRiesgoobservacionr"), "pruebas katalon"): Text 'pruebas katalon' is set on object 'Object Repository/2-OBJECTS TAREAS SECUNDARIAS/Pruebas SST/Crear_una_entidad_de_riesgo_sst/textarea_Observacin_form_detalleEntidadRiesgoobservacionr'

2023-03-09 13:14:56 - [MESSAGE][PASSED] - Text 'pruebas katalon' is set on object 'Object Repository/2-OBJECTS TAREAS SECUNDARIAS/Pruebas SST/Crear_una_entidad_de_riesgo_sst/textarea_Observacin_form_detalleEntidadRiesgoobservacionr'

2023-03-09 13:14:56 - [TEST_STEP][PASSED] - setText(findTestObject("2-OBJECTS TAREAS SECUNDARIAS/Pruebas SST/Crear_una_entidad_de_riesgo_sst/input_Nombre_form_detalleEntidadRiesgonombrerecomendacionr"), "pruebas katalon"): Text 'pruebas katalon' is set on object 'Object Repository/2-OBJECTS TAREAS SECUNDARIAS/Pruebas SST/Crear_una_entidad_de_riesgo_sst/input_Nombre_form_detalleEntidadRiesgonombrerecomendacionr'

2023-03-09 13:14:57 - [MESSAGE][PASSED] - Text 'pruebas katalon' is set on object 'Object Repository/2-OBJECTS TAREAS SECUNDARIAS/Pruebas SST/Crear_una_entidad_de_riesgo_sst/input_Nombre_form_detalleEntidadRiesgonombrerecomendacionr'

2023-03-09 13:14:57 - [TEST_STEP][PASSED] - click(findTestObject("2-OBJECTS TAREAS SECUNDARIAS/Pruebas SST/Crear_una_entidad_de_riesgo_sst/a_Guardar")): Object: 'Object Repository/2-OBJECTS TAREAS SECUNDARIAS/Pruebas SST/Crear_una_entidad_de_riesgo_sst/a_Guardar' is clicked on

2023-03-09 13:14:57 - [MESSAGE][PASSED] - Object: 'Object Repository/2-OBJECTS TAREAS SECUNDARIAS/Pruebas SST/Crear_una_entidad_de_riesgo_sst/a_Guardar' is clicked on

2023-03-09 13:14:57 - [TEST_STEP][PASSED] - click(findTestObject("2-OBJECTS TAREAS SECUNDARIAS/Pruebas SST/Crear_una_entidad_de_riesgo_sst/a_Seguimiento")): Object: 'Object Repository/2-OBJECTS TAREAS SECUNDARIAS/Pruebas SST/Crear_una_entidad_de_riesgo_sst/a_Seguimiento' is clicked on

2023-03-09 13:14:58 - [MESSAGE][PASSED] - Object: 'Object Repository/2-OBJECTS TAREAS SECUNDARIAS/Pruebas SST/Crear_una_entidad_de_riesgo_sst/a_Seguimiento' is clicked on

2023-03-09 13:14:58 - [TEST_STEP][PASSED] - click(findTestObject("2-OBJECTS TAREAS SECUNDARIAS/Pruebas SST/Crear_una_entidad_de_riesgo_sst/td_DIAZ BLANCO GUISELL")): Object: 'Object Repository/2-OBJECTS TAREAS SECUNDARIAS/Pruebas SST/Crear_una_entidad_de_riesgo_sst/td_DIAZ BLANCO GUISELL' is clicked on

2023-03-09 13:14:58 - [MESSAGE][PASSED] - Object: 'Object Repository/2-OBJECTS TAREAS SECUNDARIAS/Pruebas SST/Crear_una_entidad_de_riesgo_sst/td_DIAZ BLANCO GUISELL' is clicked on

2023-03-09 13:14:58 - [TEST_STEP][PASSED] - setText(findTestObject("2-OBJECTS TAREAS SECUNDARIAS/Pruebas SST/Crear_una_entidad_de_riesgo_sst/input_Fecha de Seguimiento_form_detalleEntidadRiesgofechaseguimientoreal_input"), "01/08/2021"): Text '01/08/2021' is set on object 'Object Repository/2-OBJECTS TAREAS SECUNDARIAS/Pruebas SST/Crear_una_entidad_de_riesgo_sst/input_Fecha de Seguimiento_form_detalleEntidadRiesgofechaseguimientoreal_input'

2023-03-09 13:14:59 - [MESSAGE][PASSED] - Text '01/08/2021' is set on object 'Object Repository/2-OBJECTS TAREAS SECUNDARIAS/Pruebas SST/Crear_una_entidad_de_riesgo_sst/input_Fecha de Seguimiento_form_detalleEntidadRiesgofechaseguimientoreal_input'

2023-03-09 13:14:59 - [TEST_STEP][PASSED] - setText(findTestObject("2-OBJECTS TAREAS SECUNDARIAS/Pruebas SST/Crear_una_entidad_de_riesgo_sst/textarea_Observacin_form_detalleEntidadRiesgoobservacions"), "pruebas katalon"): Text 'pruebas katalon' is set on object 'Object Repository/2-OBJECTS TAREAS SECUNDARIAS/Pruebas SST/Crear_una_entidad_de_riesgo_sst/textarea_Observacin_form_detalleEntidadRiesgoobservacions'

2023-03-09 13:15:00 - [MESSAGE][PASSED] - Text 'pruebas katalon' is set on object 'Object Repository/2-OBJECTS TAREAS SECUNDARIAS/Pruebas SST/Crear_una_entidad_de_riesgo_sst/textarea_Observacin_form_detalleEntidadRiesgoobservacions'

2023-03-09 13:15:00 - [TEST_STEP][PASSED] - click(findTestObject("2-OBJECTS TAREAS SECUNDARIAS/Pruebas SST/Crear_una_entidad_de_riesgo_sst/a_Guardar")): Object: 'Object Repository/2-OBJECTS TAREAS SECUNDARIAS/Pruebas SST/Crear_una_entidad_de_riesgo_sst/a_Guardar' is clicked on

2023-03-09 13:15:01 - [MESSAGE][PASSED] - Object: 'Object Repository/2-OBJECTS TAREAS SECUNDARIAS/Pruebas SST/Crear_una_entidad_de_riesgo_sst/a_Guardar' is clicked on

2023-03-09 13:15:01 - [TEST_STEP][PASSED] - Result = getText(findTestObject("3-OBJECTS UTILIDADES/Alerta/Alerta")): Text of object 'Object Repository/3-OBJECTS UTILIDADES/Alerta/Alerta' is: 'Registro Actualizado'

2023-03-09 13:15:02 - [MESSAGE][PASSED] - Text of object 'Object Repository/3-OBJECTS UTILIDADES/Alerta/Alerta' is: 'Registro Actualizado'

2023-03-09 13:15:02 - [TEST_STEP][PASSED] - if (Result == "Registro Actualizado"): Browser is closed

2023-03-09 13:15:02 - [TEST_STEP][PASSED] - Resultado = "PRUEBA OK": null

2023-03-09 13:15:02 - [TEST_STEP][PASSED] - closeBrowser(): Browser is closed

2023-03-09 13:15:02 - [MESSAGE][PASSED] - Browser is closed]]></system-out>
         <system-err><![CDATA[]]></system-err>
      </testcase>
      <testcase name="Test Cases/1.2-Tareas_Secundarias/5.1-Pruebas_SST/5.1.7-Crear_un_Sistema_de_Vigilancia_Epidemiologica" time="70.161" classname="Test Cases/1.2-Tareas_Secundarias/5.1-Pruebas_SST/5.1.7-Crear_un_Sistema_de_Vigilancia_Epidemiologica" status="PASSED">
         <system-out><![CDATA[2023-03-09 13:15:02 - [TEST_CASE][PASSED] - Test Cases/1.2-Tareas_Secundarias/5.1-Pruebas_SST/5.1.7-Crear_un_Sistema_de_Vigilancia_Epidemiologica: Test Cases/1.2-Tareas_Secundarias/5.1-Pruebas_SST/5.1.7-Crear_un_Sistema_de_Vigilancia_Epidemiologica

2023-03-09 13:15:03 - [TEST_STEP][PASSED] - today = new java.util.Date(): null

2023-03-09 13:15:03 - [TEST_STEP][PASSED] - todaysDate = today.format("dd/MM/yyyy HH:mm"): null

2023-03-09 13:15:03 - [TEST_STEP][PASSED] - comment("FALTA CONDICION PARA ELIMINAR REGISTRO."): FALTA CONDICION PARA ELIMINAR REGISTRO.

2023-03-09 13:15:03 - [MESSAGE][INFO] - FALTA CONDICION PARA ELIMINAR REGISTRO.

2023-03-09 13:15:03 - [TEST_STEP][PASSED] - comment("conflicto con base de datos no permite eliminar registro"): conflicto con base de datos no permite eliminar registro

2023-03-09 13:15:03 - [MESSAGE][INFO] - conflicto con base de datos no permite eliminar registro

2023-03-09 13:15:03 - [TEST_STEP][PASSED] - callTestCase(findTestCase("0.1-Login"), [:], STOP_ON_FAILURE): Call Test Case 'Test Cases/0.1-Login' successfully

2023-03-09 13:15:03 - [TEST_CASE][PASSED] - Test Cases/0.1-Login: Test Cases/0.1-Login

2023-03-09 13:15:03 - [TEST_STEP][PASSED] - openBrowser(""): Browser is opened with url: ''

2023-03-09 13:15:03 - [MESSAGE][INFO] - Starting 'Chrome' driver

2023-03-09 13:15:03 - [MESSAGE][INFO] - Action delay is set to 0 milliseconds

2023-03-09 13:15:04 - [MESSAGE][PASSED] - Browser is opened with url: ''

2023-03-09 13:15:04 - [TEST_STEP][PASSED] - maximizeWindow(): Current window maximized

2023-03-09 13:15:04 - [MESSAGE][PASSED] - Current window maximized

2023-03-09 13:15:04 - [TEST_STEP][PASSED] - i = G_Login: null

2023-03-09 13:15:04 - [TEST_STEP][PASSED] - url = new java.net.URL(i): null

2023-03-09 13:15:04 - [TEST_STEP][PASSED] - println("URL: " + url.toString()): null

2023-03-09 13:15:04 - [TEST_STEP][PASSED] - connection = url.openConnection(): null

2023-03-09 13:15:04 - [TEST_STEP][PASSED] - connection.setRequestMethod("GET"): null

2023-03-09 13:15:04 - [TEST_STEP][PASSED] - connection.setReadTimeout(2 * 1000): null

2023-03-09 13:15:04 - [TEST_STEP][PASSED] - try: null

2023-03-09 13:15:04 - [TEST_STEP][PASSED] - connection.connect(): null

2023-03-09 13:15:04 - [TEST_STEP][PASSED] - flag = connected: null

2023-03-09 13:15:04 - [TEST_STEP][PASSED] - println("Valor_ori: " + flag): null

2023-03-09 13:15:04 - [TEST_STEP][PASSED] - if (flag): null

2023-03-09 13:15:04 - [TEST_STEP][PASSED] - navigateToUrl(i): Navigate to 'http://192.168.2.19:7001/saraweb' successfully

2023-03-09 13:15:06 - [MESSAGE][PASSED] - Navigate to 'http://192.168.2.19:7001/saraweb' successfully

2023-03-09 13:15:06 - [TEST_STEP][PASSED] - a(): null

2023-03-09 13:15:06 - [TEST_STEP][PASSED] - if (waitForElementVisible(findTestObject("3-OBJECTS UTILIDADES/Login/input_USUARIO_loginusuario"), 0)): null

2023-03-09 13:15:06 - [MESSAGE][WARNING] - Timeout '0' is invalid. Using default page load timeout: '37'

2023-03-09 13:15:07 - [MESSAGE][PASSED] - Object 'Object Repository/3-OBJECTS UTILIDADES/Login/input_USUARIO_loginusuario' is visible

2023-03-09 13:15:07 - [TEST_STEP][PASSED] - switchToWindowTitle("SARA"): Switched to window with title: 'SARA'

2023-03-09 13:15:07 - [MESSAGE][PASSED] - Switched to window with title: 'SARA'

2023-03-09 13:15:07 - [TEST_STEP][PASSED] - zoom(): null

2023-03-09 13:15:07 - [TEST_STEP][PASSED] - robot = new java.awt.Robot(): null

2023-03-09 13:15:07 - [TEST_STEP][PASSED] - robot.keyPress(VK_CONTROL): null

2023-03-09 13:15:07 - [TEST_STEP][PASSED] - robot.keyPress(VK_SUBTRACT): null

2023-03-09 13:15:07 - [TEST_STEP][PASSED] - robot.keyRelease(VK_CONTROL): null

2023-03-09 13:15:07 - [TEST_STEP][PASSED] - robot.keyRelease(VK_SUBTRACT): null

2023-03-09 13:15:07 - [TEST_STEP][PASSED] - robot.keyPress(VK_CONTROL): null

2023-03-09 13:15:07 - [TEST_STEP][PASSED] - robot.keyPress(VK_SUBTRACT): null

2023-03-09 13:15:07 - [TEST_STEP][PASSED] - robot.keyRelease(VK_CONTROL): null

2023-03-09 13:15:07 - [TEST_STEP][PASSED] - robot.keyRelease(VK_SUBTRACT): null

2023-03-09 13:15:07 - [TEST_STEP][PASSED] - robot.keyPress(VK_CONTROL): null

2023-03-09 13:15:07 - [TEST_STEP][PASSED] - robot.keyPress(VK_SUBTRACT): null

2023-03-09 13:15:07 - [TEST_STEP][PASSED] - robot.keyRelease(VK_CONTROL): null

2023-03-09 13:15:07 - [TEST_STEP][PASSED] - robot.keyRelease(VK_SUBTRACT): null

2023-03-09 13:15:07 - [TEST_STEP][PASSED] - robot.keyRelease(VK_CONTROL): null

2023-03-09 13:15:07 - [TEST_STEP][PASSED] - robot.keyRelease(VK_SUBTRACT): null

2023-03-09 13:15:07 - [TEST_STEP][PASSED] - setText(findTestObject("3-OBJECTS UTILIDADES/Login/input_USUARIO_loginusuario"), G_Usuario): Text 'weblogic' is set on object 'Object Repository/3-OBJECTS UTILIDADES/Login/input_USUARIO_loginusuario'

2023-03-09 13:15:07 - [MESSAGE][PASSED] - Text 'weblogic' is set on object 'Object Repository/3-OBJECTS UTILIDADES/Login/input_USUARIO_loginusuario'

2023-03-09 13:15:07 - [TEST_STEP][PASSED] - setEncryptedText(findTestObject("3-OBJECTS UTILIDADES/Login/input_CLAVE_loginpassword"), "SlAwMcyRKqrwbnzhAs8HhT6NnI7sEyng"): Text ****** has been set on object 'Object Repository/3-OBJECTS UTILIDADES/Login/input_CLAVE_loginpassword'

2023-03-09 13:15:11 - [MESSAGE][PASSED] - Text ****** has been set on object 'Object Repository/3-OBJECTS UTILIDADES/Login/input_CLAVE_loginpassword'

2023-03-09 13:15:11 - [TEST_STEP][PASSED] - while (waitForElementClickable(findTestObject("3-OBJECTS UTILIDADES/Login/a_Ingresar"), 1)): Web element with id: 'Object Repository/3-OBJECTS UTILIDADES/Login/a_Ingresar' located by '//a[contains(text(),'Ingresar')]' not found

2023-03-09 13:15:13 - [MESSAGE][INFO] - Unable to find the element located by 'By.xpath: //a[contains(text(),'Ingresar')]'. Please recheck the objects properties to make sure the desired element is located. 

2023-03-09 13:15:13 - [MESSAGE][WARNING] - Web element with id: 'Object Repository/3-OBJECTS UTILIDADES/Login/a_Ingresar' located by '//a[contains(text(),'Ingresar')]' not found

2023-03-09 13:15:13 - [MESSAGE][PASSED] - Call Test Case 'Test Cases/0.1-Login' successfully

2023-03-09 13:15:13 - [TEST_STEP][PASSED] - setText(findTestObject("2-OBJECTS TAREAS SECUNDARIAS/Pruebas SST/Crear_un_Sistema_de_Vigilancia_Epidemiologica/input_Entidad de Riesgo_form_templatej_idt24_input"), "vigilancia epidemiologica"): Text 'vigilancia epidemiologica' is set on object 'Object Repository/2-OBJECTS TAREAS SECUNDARIAS/Pruebas SST/Crear_un_Sistema_de_Vigilancia_Epidemiologica/input_Entidad de Riesgo_form_templatej_idt24_input'

2023-03-09 13:15:14 - [MESSAGE][PASSED] - Text 'vigilancia epidemiologica' is set on object 'Object Repository/2-OBJECTS TAREAS SECUNDARIAS/Pruebas SST/Crear_un_Sistema_de_Vigilancia_Epidemiologica/input_Entidad de Riesgo_form_templatej_idt24_input'

2023-03-09 13:15:14 - [TEST_STEP][PASSED] - click(findTestObject("2-OBJECTS TAREAS SECUNDARIAS/Pruebas SST/Crear_un_Sistema_de_Vigilancia_Epidemiologica/li_Programas de Vigilancia Epidemiologica (sst)")): Object: 'Object Repository/2-OBJECTS TAREAS SECUNDARIAS/Pruebas SST/Crear_un_Sistema_de_Vigilancia_Epidemiologica/li_Programas de Vigilancia Epidemiologica (sst)' is clicked on

2023-03-09 13:15:16 - [MESSAGE][PASSED] - Object: 'Object Repository/2-OBJECTS TAREAS SECUNDARIAS/Pruebas SST/Crear_un_Sistema_de_Vigilancia_Epidemiologica/li_Programas de Vigilancia Epidemiologica (sst)' is clicked on

2023-03-09 13:15:16 - [TEST_STEP][PASSED] - click(findTestObject("2-OBJECTS TAREAS SECUNDARIAS/Pruebas SST/Crear_un_Sistema_de_Vigilancia_Epidemiologica/td_PRUEBAS K")): Object: 'Object Repository/2-OBJECTS TAREAS SECUNDARIAS/Pruebas SST/Crear_un_Sistema_de_Vigilancia_Epidemiologica/td_PRUEBAS K' is clicked on

2023-03-09 13:15:19 - [MESSAGE][PASSED] - Object: 'Object Repository/2-OBJECTS TAREAS SECUNDARIAS/Pruebas SST/Crear_un_Sistema_de_Vigilancia_Epidemiologica/td_PRUEBAS K' is clicked on

2023-03-09 13:15:19 - [TEST_STEP][PASSED] - click(findTestObject("2-OBJECTS TAREAS SECUNDARIAS/Pruebas SST/Crear_un_Sistema_de_Vigilancia_Epidemiologica/a_Nuevo0")): Object: 'Object Repository/2-OBJECTS TAREAS SECUNDARIAS/Pruebas SST/Crear_un_Sistema_de_Vigilancia_Epidemiologica/a_Nuevo0' is clicked on

2023-03-09 13:15:20 - [MESSAGE][PASSED] - Object: 'Object Repository/2-OBJECTS TAREAS SECUNDARIAS/Pruebas SST/Crear_un_Sistema_de_Vigilancia_Epidemiologica/a_Nuevo0' is clicked on

2023-03-09 13:15:20 - [TEST_STEP][PASSED] - selectOptionByIndex(findTestObject("2-OBJECTS TAREAS SECUNDARIAS/Pruebas SST/Crear_un_Sistema_de_Vigilancia_Epidemiologica/select_--Seleccione--PRUEBAS KATALON"), "1"): All options with index in [1] are selected on object 'Object Repository/2-OBJECTS TAREAS SECUNDARIAS/Pruebas SST/Crear_un_Sistema_de_Vigilancia_Epidemiologica/select_--Seleccione--PRUEBAS KATALON'

2023-03-09 13:15:21 - [MESSAGE][PASSED] - All options with index in [1] are selected on object 'Object Repository/2-OBJECTS TAREAS SECUNDARIAS/Pruebas SST/Crear_un_Sistema_de_Vigilancia_Epidemiologica/select_--Seleccione--PRUEBAS KATALON'

2023-03-09 13:15:21 - [TEST_STEP][PASSED] - setText(findTestObject("2-OBJECTS TAREAS SECUNDARIAS/Pruebas SST/Crear_un_Sistema_de_Vigilancia_Epidemiologica/input_Descripcin_form_programaVigilanciatabdescripcion"), "pruebas k " + todaysDate): Text 'pruebas k 09/03/2023 13:15' is set on object 'Object Repository/2-OBJECTS TAREAS SECUNDARIAS/Pruebas SST/Crear_un_Sistema_de_Vigilancia_Epidemiologica/input_Descripcin_form_programaVigilanciatabdescripcion'

2023-03-09 13:15:22 - [MESSAGE][PASSED] - Text 'pruebas k 09/03/2023 13:15' is set on object 'Object Repository/2-OBJECTS TAREAS SECUNDARIAS/Pruebas SST/Crear_un_Sistema_de_Vigilancia_Epidemiologica/input_Descripcin_form_programaVigilanciatabdescripcion'

2023-03-09 13:15:22 - [TEST_STEP][PASSED] - click(findTestObject("2-OBJECTS TAREAS SECUNDARIAS/Pruebas SST/Crear_un_Sistema_de_Vigilancia_Epidemiologica/label_SI")): Object: 'Object Repository/2-OBJECTS TAREAS SECUNDARIAS/Pruebas SST/Crear_un_Sistema_de_Vigilancia_Epidemiologica/label_SI' is clicked on

2023-03-09 13:15:23 - [MESSAGE][PASSED] - Object: 'Object Repository/2-OBJECTS TAREAS SECUNDARIAS/Pruebas SST/Crear_un_Sistema_de_Vigilancia_Epidemiologica/label_SI' is clicked on

2023-03-09 13:15:23 - [TEST_STEP][PASSED] - click(findTestObject("2-OBJECTS TAREAS SECUNDARIAS/Pruebas SST/Crear_un_Sistema_de_Vigilancia_Epidemiologica/a_Guardar")): Object: 'Object Repository/2-OBJECTS TAREAS SECUNDARIAS/Pruebas SST/Crear_un_Sistema_de_Vigilancia_Epidemiologica/a_Guardar' is clicked on

2023-03-09 13:15:23 - [MESSAGE][PASSED] - Object: 'Object Repository/2-OBJECTS TAREAS SECUNDARIAS/Pruebas SST/Crear_un_Sistema_de_Vigilancia_Epidemiologica/a_Guardar' is clicked on

2023-03-09 13:15:23 - [TEST_STEP][PASSED] - click(findTestObject("2-OBJECTS TAREAS SECUNDARIAS/Pruebas SST/Crear_un_Sistema_de_Vigilancia_Epidemiologica/a_Personas")): Object: 'Object Repository/2-OBJECTS TAREAS SECUNDARIAS/Pruebas SST/Crear_un_Sistema_de_Vigilancia_Epidemiologica/a_Personas' is clicked on

2023-03-09 13:15:24 - [MESSAGE][PASSED] - Object: 'Object Repository/2-OBJECTS TAREAS SECUNDARIAS/Pruebas SST/Crear_un_Sistema_de_Vigilancia_Epidemiologica/a_Personas' is clicked on

2023-03-09 13:15:24 - [TEST_STEP][PASSED] - click(findTestObject("2-OBJECTS TAREAS SECUNDARIAS/Pruebas SST/Crear_un_Sistema_de_Vigilancia_Epidemiologica/a_Nuevo_personas")): Object: 'Object Repository/2-OBJECTS TAREAS SECUNDARIAS/Pruebas SST/Crear_un_Sistema_de_Vigilancia_Epidemiologica/a_Nuevo_personas' is clicked on

2023-03-09 13:15:24 - [MESSAGE][PASSED] - Object: 'Object Repository/2-OBJECTS TAREAS SECUNDARIAS/Pruebas SST/Crear_un_Sistema_de_Vigilancia_Epidemiologica/a_Nuevo_personas' is clicked on

2023-03-09 13:15:24 - [TEST_STEP][PASSED] - selectOptionByIndex(findTestObject("2-OBJECTS TAREAS SECUNDARIAS/Pruebas SST/Crear_un_Sistema_de_Vigilancia_Epidemiologica/select_SeleccioneSEDE NORTESEDE OCCIDENTESEDE SUR"), 1): All options with index in [1] are selected on object 'Object Repository/2-OBJECTS TAREAS SECUNDARIAS/Pruebas SST/Crear_un_Sistema_de_Vigilancia_Epidemiologica/select_SeleccioneSEDE NORTESEDE OCCIDENTESEDE SUR'

2023-03-09 13:15:26 - [MESSAGE][PASSED] - All options with index in [1] are selected on object 'Object Repository/2-OBJECTS TAREAS SECUNDARIAS/Pruebas SST/Crear_un_Sistema_de_Vigilancia_Epidemiologica/select_SeleccioneSEDE NORTESEDE OCCIDENTESEDE SUR'

2023-03-09 13:15:26 - [TEST_STEP][PASSED] - click(findTestObject("2-OBJECTS TAREAS SECUNDARIAS/Pruebas SST/Crear_un_Sistema_de_Vigilancia_Epidemiologica/a_Identificacin_form_popupInscritostabj_idt117")): Object: 'Object Repository/2-OBJECTS TAREAS SECUNDARIAS/Pruebas SST/Crear_un_Sistema_de_Vigilancia_Epidemiologica/a_Identificacin_form_popupInscritostabj_idt117' is clicked on

2023-03-09 13:15:26 - [MESSAGE][PASSED] - Object: 'Object Repository/2-OBJECTS TAREAS SECUNDARIAS/Pruebas SST/Crear_un_Sistema_de_Vigilancia_Epidemiologica/a_Identificacin_form_popupInscritostabj_idt117' is clicked on

2023-03-09 13:15:26 - [TEST_STEP][PASSED] - setText(findTestObject("2-OBJECTS TAREAS SECUNDARIAS/Pruebas SST/Crear_un_Sistema_de_Vigilancia_Epidemiologica/input_Filtro Hoja de Vida_formPopupHojaVidaj_idt1722"), "A A A"): Text 'A A A' is set on object 'Object Repository/2-OBJECTS TAREAS SECUNDARIAS/Pruebas SST/Crear_un_Sistema_de_Vigilancia_Epidemiologica/input_Filtro Hoja de Vida_formPopupHojaVidaj_idt1722'

2023-03-09 13:15:27 - [MESSAGE][PASSED] - Text 'A A A' is set on object 'Object Repository/2-OBJECTS TAREAS SECUNDARIAS/Pruebas SST/Crear_un_Sistema_de_Vigilancia_Epidemiologica/input_Filtro Hoja de Vida_formPopupHojaVidaj_idt1722'

2023-03-09 13:15:27 - [TEST_STEP][PASSED] - sendKeys(findTestObject("2-OBJECTS TAREAS SECUNDARIAS/Pruebas SST/Crear_un_Sistema_de_Vigilancia_Epidemiologica/input_Filtro Hoja de Vida_formPopupHojaVidaj_idt1722"), Keys.chord(ENTER)): Keys 'ENTER + ' sent to object: 'Object Repository/2-OBJECTS TAREAS SECUNDARIAS/Pruebas SST/Crear_un_Sistema_de_Vigilancia_Epidemiologica/input_Filtro Hoja de Vida_formPopupHojaVidaj_idt1722'

2023-03-09 13:15:28 - [MESSAGE][PASSED] - Keys 'ENTER + ' sent to object: 'Object Repository/2-OBJECTS TAREAS SECUNDARIAS/Pruebas SST/Crear_un_Sistema_de_Vigilancia_Epidemiologica/input_Filtro Hoja de Vida_formPopupHojaVidaj_idt1722'

2023-03-09 13:15:28 - [TEST_STEP][PASSED] - click(findTestObject("2-OBJECTS TAREAS SECUNDARIAS/Pruebas SST/Crear_un_Sistema_de_Vigilancia_Epidemiologica/td_A A A")): Object: 'Object Repository/2-OBJECTS TAREAS SECUNDARIAS/Pruebas SST/Crear_un_Sistema_de_Vigilancia_Epidemiologica/td_A A A' is clicked on

2023-03-09 13:15:28 - [MESSAGE][PASSED] - Object: 'Object Repository/2-OBJECTS TAREAS SECUNDARIAS/Pruebas SST/Crear_un_Sistema_de_Vigilancia_Epidemiologica/td_A A A' is clicked on

2023-03-09 13:15:28 - [TEST_STEP][PASSED] - selectOptionByIndex(findTestObject("2-OBJECTS TAREAS SECUNDARIAS/Pruebas SST/Crear_un_Sistema_de_Vigilancia_Epidemiologica/select_SeleccioneAula InteligenteSala de JuntasSalon ExternoSalon Principal"), 1): All options with index in [1] are selected on object 'Object Repository/2-OBJECTS TAREAS SECUNDARIAS/Pruebas SST/Crear_un_Sistema_de_Vigilancia_Epidemiologica/select_SeleccioneAula InteligenteSala de JuntasSalon ExternoSalon Principal'

2023-03-09 13:15:30 - [MESSAGE][PASSED] - All options with index in [1] are selected on object 'Object Repository/2-OBJECTS TAREAS SECUNDARIAS/Pruebas SST/Crear_un_Sistema_de_Vigilancia_Epidemiologica/select_SeleccioneAula InteligenteSala de JuntasSalon ExternoSalon Principal'

2023-03-09 13:15:30 - [TEST_STEP][PASSED] - click(findTestObject("2-OBJECTS TAREAS SECUNDARIAS/Pruebas SST/Crear_un_Sistema_de_Vigilancia_Epidemiologica/span_Remitido EPS_ui-chkbox-icon ui-icon ui-icon-blank ui-c")): Object: 'Object Repository/2-OBJECTS TAREAS SECUNDARIAS/Pruebas SST/Crear_un_Sistema_de_Vigilancia_Epidemiologica/span_Remitido EPS_ui-chkbox-icon ui-icon ui-icon-blank ui-c' is clicked on

2023-03-09 13:15:31 - [MESSAGE][PASSED] - Object: 'Object Repository/2-OBJECTS TAREAS SECUNDARIAS/Pruebas SST/Crear_un_Sistema_de_Vigilancia_Epidemiologica/span_Remitido EPS_ui-chkbox-icon ui-icon ui-icon-blank ui-c' is clicked on

2023-03-09 13:15:31 - [TEST_STEP][PASSED] - setText(findTestObject("2-OBJECTS TAREAS SECUNDARIAS/Pruebas SST/Crear_un_Sistema_de_Vigilancia_Epidemiologica/textarea_Observacin_form_popupInscritostabobservacion"), "pruebas k"): Text 'pruebas k' is set on object 'Object Repository/2-OBJECTS TAREAS SECUNDARIAS/Pruebas SST/Crear_un_Sistema_de_Vigilancia_Epidemiologica/textarea_Observacin_form_popupInscritostabobservacion'

2023-03-09 13:15:31 - [MESSAGE][PASSED] - Text 'pruebas k' is set on object 'Object Repository/2-OBJECTS TAREAS SECUNDARIAS/Pruebas SST/Crear_un_Sistema_de_Vigilancia_Epidemiologica/textarea_Observacin_form_popupInscritostabobservacion'

2023-03-09 13:15:31 - [TEST_STEP][PASSED] - element = findWebElement(findTestObject("2-OBJECTS TAREAS SECUNDARIAS/Pruebas SST/Crear_un_Sistema_de_Vigilancia_Epidemiologica/a_Guardar"), 30): null

2023-03-09 13:15:32 - [TEST_STEP][PASSED] - executeJavaScript("arguments[0].click()", Arrays.asList(element)): Execute JavaScript 'arguments[0].click()' successfully

2023-03-09 13:15:32 - [MESSAGE][PASSED] - Execute JavaScript 'arguments[0].click()' successfully

2023-03-09 13:15:32 - [TEST_STEP][PASSED] - click(findTestObject("2-OBJECTS TAREAS SECUNDARIAS/Pruebas SST/Crear_un_Sistema_de_Vigilancia_Epidemiologica/a_Grupos")): Object: 'Object Repository/2-OBJECTS TAREAS SECUNDARIAS/Pruebas SST/Crear_un_Sistema_de_Vigilancia_Epidemiologica/a_Grupos' is clicked on

2023-03-09 13:15:32 - [MESSAGE][PASSED] - Object: 'Object Repository/2-OBJECTS TAREAS SECUNDARIAS/Pruebas SST/Crear_un_Sistema_de_Vigilancia_Epidemiologica/a_Grupos' is clicked on

2023-03-09 13:15:32 - [TEST_STEP][PASSED] - click(findTestObject("2-OBJECTS TAREAS SECUNDARIAS/Pruebas SST/Crear_un_Sistema_de_Vigilancia_Epidemiologica/a_Personas Entidad de Riesgo")): Object: 'Object Repository/2-OBJECTS TAREAS SECUNDARIAS/Pruebas SST/Crear_un_Sistema_de_Vigilancia_Epidemiologica/a_Personas Entidad de Riesgo' is clicked on

2023-03-09 13:15:33 - [MESSAGE][PASSED] - Object: 'Object Repository/2-OBJECTS TAREAS SECUNDARIAS/Pruebas SST/Crear_un_Sistema_de_Vigilancia_Epidemiologica/a_Personas Entidad de Riesgo' is clicked on

2023-03-09 13:15:33 - [TEST_STEP][PASSED] - selectOptionByIndex(findTestObject("2-OBJECTS TAREAS SECUNDARIAS/Pruebas SST/Crear_un_Sistema_de_Vigilancia_Epidemiologica/select_Seleccione234ENTIDAD DE RIESGO 01idad y Salud en el Trabajo"), 26): All options with index in [26] are selected on object 'Object Repository/2-OBJECTS TAREAS SECUNDARIAS/Pruebas SST/Crear_un_Sistema_de_Vigilancia_Epidemiologica/select_Seleccione234ENTIDAD DE RIESGO 01idad y Salud en el Trabajo'

2023-03-09 13:15:35 - [MESSAGE][PASSED] - All options with index in [26] are selected on object 'Object Repository/2-OBJECTS TAREAS SECUNDARIAS/Pruebas SST/Crear_un_Sistema_de_Vigilancia_Epidemiologica/select_Seleccione234ENTIDAD DE RIESGO 01idad y Salud en el Trabajo'

2023-03-09 13:15:35 - [TEST_STEP][PASSED] - click(findTestObject("2-OBJECTS TAREAS SECUNDARIAS/Pruebas SST/Crear_un_Sistema_de_Vigilancia_Epidemiologica/div_DIAZ BLANCO GUISELL_ui-chkbox-box ui-widget ui-corner-all ui-state-default ui-state-hover")): Object: 'Object Repository/2-OBJECTS TAREAS SECUNDARIAS/Pruebas SST/Crear_un_Sistema_de_Vigilancia_Epidemiologica/div_DIAZ BLANCO GUISELL_ui-chkbox-box ui-widget ui-corner-all ui-state-default ui-state-hover' is clicked on

2023-03-09 13:15:36 - [MESSAGE][PASSED] - Object: 'Object Repository/2-OBJECTS TAREAS SECUNDARIAS/Pruebas SST/Crear_un_Sistema_de_Vigilancia_Epidemiologica/div_DIAZ BLANCO GUISELL_ui-chkbox-box ui-widget ui-corner-all ui-state-default ui-state-hover' is clicked on

2023-03-09 13:15:36 - [TEST_STEP][PASSED] - click(findTestObject("2-OBJECTS TAREAS SECUNDARIAS/Pruebas SST/Crear_un_Sistema_de_Vigilancia_Epidemiologica/div_CONSTA BELFEGORD  JHON1393138_ui-chkbox-box ui-widget ui-corner-all ui-state-default ui-state-hover")): Object: 'Object Repository/2-OBJECTS TAREAS SECUNDARIAS/Pruebas SST/Crear_un_Sistema_de_Vigilancia_Epidemiologica/div_CONSTA BELFEGORD  JHON1393138_ui-chkbox-box ui-widget ui-corner-all ui-state-default ui-state-hover' is clicked on

2023-03-09 13:15:37 - [MESSAGE][PASSED] - Object: 'Object Repository/2-OBJECTS TAREAS SECUNDARIAS/Pruebas SST/Crear_un_Sistema_de_Vigilancia_Epidemiologica/div_CONSTA BELFEGORD  JHON1393138_ui-chkbox-box ui-widget ui-corner-all ui-state-default ui-state-hover' is clicked on

2023-03-09 13:15:37 - [TEST_STEP][PASSED] - click(findTestObject("2-OBJECTS TAREAS SECUNDARIAS/Pruebas SST/Crear_un_Sistema_de_Vigilancia_Epidemiologica/a_Enviar")): Object: 'Object Repository/2-OBJECTS TAREAS SECUNDARIAS/Pruebas SST/Crear_un_Sistema_de_Vigilancia_Epidemiologica/a_Enviar' is clicked on

2023-03-09 13:15:37 - [MESSAGE][PASSED] - Object: 'Object Repository/2-OBJECTS TAREAS SECUNDARIAS/Pruebas SST/Crear_un_Sistema_de_Vigilancia_Epidemiologica/a_Enviar' is clicked on

2023-03-09 13:15:37 - [TEST_STEP][PASSED] - sendKeys(findTestObject("2-OBJECTS TAREAS SECUNDARIAS/Pruebas SST/Crear_un_Sistema_de_Vigilancia_Epidemiologica/input_Fecha Inscripcin_form_popupInscritostabinicio_input"), Keys.chord(ESCAPE)): Keys 'ESCAPE + ' sent to object: 'Object Repository/2-OBJECTS TAREAS SECUNDARIAS/Pruebas SST/Crear_un_Sistema_de_Vigilancia_Epidemiologica/input_Fecha Inscripcin_form_popupInscritostabinicio_input'

2023-03-09 13:15:38 - [MESSAGE][PASSED] - Keys 'ESCAPE + ' sent to object: 'Object Repository/2-OBJECTS TAREAS SECUNDARIAS/Pruebas SST/Crear_un_Sistema_de_Vigilancia_Epidemiologica/input_Fecha Inscripcin_form_popupInscritostabinicio_input'

2023-03-09 13:15:38 - [TEST_STEP][PASSED] - setText(findTestObject("2-OBJECTS TAREAS SECUNDARIAS/Pruebas SST/Crear_un_Sistema_de_Vigilancia_Epidemiologica/textarea_Observacin_form_popupInscritostabobservacion"), "pruebas k"): Text 'pruebas k' is set on object 'Object Repository/2-OBJECTS TAREAS SECUNDARIAS/Pruebas SST/Crear_un_Sistema_de_Vigilancia_Epidemiologica/textarea_Observacin_form_popupInscritostabobservacion'

2023-03-09 13:15:39 - [MESSAGE][PASSED] - Text 'pruebas k' is set on object 'Object Repository/2-OBJECTS TAREAS SECUNDARIAS/Pruebas SST/Crear_un_Sistema_de_Vigilancia_Epidemiologica/textarea_Observacin_form_popupInscritostabobservacion'

2023-03-09 13:15:39 - [TEST_STEP][PASSED] - click(findTestObject("2-OBJECTS TAREAS SECUNDARIAS/Pruebas SST/Crear_un_Sistema_de_Vigilancia_Epidemiologica/a_Guardar")): Object: 'Object Repository/2-OBJECTS TAREAS SECUNDARIAS/Pruebas SST/Crear_un_Sistema_de_Vigilancia_Epidemiologica/a_Guardar' is clicked on

2023-03-09 13:15:39 - [MESSAGE][PASSED] - Object: 'Object Repository/2-OBJECTS TAREAS SECUNDARIAS/Pruebas SST/Crear_un_Sistema_de_Vigilancia_Epidemiologica/a_Guardar' is clicked on

2023-03-09 13:15:39 - [TEST_STEP][PASSED] - click(findTestObject("2-OBJECTS TAREAS SECUNDARIAS/Pruebas SST/Crear_un_Sistema_de_Vigilancia_Epidemiologica/td_PRUEBAS K")): Object: 'Object Repository/2-OBJECTS TAREAS SECUNDARIAS/Pruebas SST/Crear_un_Sistema_de_Vigilancia_Epidemiologica/td_PRUEBAS K' is clicked on

2023-03-09 13:15:40 - [MESSAGE][PASSED] - Object: 'Object Repository/2-OBJECTS TAREAS SECUNDARIAS/Pruebas SST/Crear_un_Sistema_de_Vigilancia_Epidemiologica/td_PRUEBAS K' is clicked on

2023-03-09 13:15:40 - [TEST_STEP][PASSED] - click(findTestObject("2-OBJECTS TAREAS SECUNDARIAS/Pruebas SST/Crear_un_Sistema_de_Vigilancia_Epidemiologica/a_Recomendaciones")): Object: 'Object Repository/2-OBJECTS TAREAS SECUNDARIAS/Pruebas SST/Crear_un_Sistema_de_Vigilancia_Epidemiologica/a_Recomendaciones' is clicked on

2023-03-09 13:15:41 - [MESSAGE][PASSED] - Object: 'Object Repository/2-OBJECTS TAREAS SECUNDARIAS/Pruebas SST/Crear_un_Sistema_de_Vigilancia_Epidemiologica/a_Recomendaciones' is clicked on

2023-03-09 13:15:41 - [TEST_STEP][PASSED] - click(findTestObject("2-OBJECTS TAREAS SECUNDARIAS/Pruebas SST/Crear_un_Sistema_de_Vigilancia_Epidemiologica/a_Nuevo")): Object: 'Object Repository/2-OBJECTS TAREAS SECUNDARIAS/Pruebas SST/Crear_un_Sistema_de_Vigilancia_Epidemiologica/a_Nuevo' is clicked on

2023-03-09 13:15:42 - [MESSAGE][PASSED] - Object: 'Object Repository/2-OBJECTS TAREAS SECUNDARIAS/Pruebas SST/Crear_un_Sistema_de_Vigilancia_Epidemiologica/a_Nuevo' is clicked on

2023-03-09 13:15:42 - [TEST_STEP][PASSED] - selectOptionByIndex(findTestObject("2-OBJECTS TAREAS SECUNDARIAS/Pruebas SST/Crear_un_Sistema_de_Vigilancia_Epidemiologica/select_ActivoCanceladoCumplidoNo Cumplido"), 0): All options with index in [0] are selected on object 'Object Repository/2-OBJECTS TAREAS SECUNDARIAS/Pruebas SST/Crear_un_Sistema_de_Vigilancia_Epidemiologica/select_ActivoCanceladoCumplidoNo Cumplido'

2023-03-09 13:15:43 - [MESSAGE][PASSED] - All options with index in [0] are selected on object 'Object Repository/2-OBJECTS TAREAS SECUNDARIAS/Pruebas SST/Crear_un_Sistema_de_Vigilancia_Epidemiologica/select_ActivoCanceladoCumplidoNo Cumplido'

2023-03-09 13:15:43 - [TEST_STEP][PASSED] - selectOptionByIndex(findTestObject("2-OBJECTS TAREAS SECUNDARIAS/Pruebas SST/Crear_un_Sistema_de_Vigilancia_Epidemiologica/select_-- SELECCIONAR --Trate de no correr"), 1): All options with index in [1] are selected on object 'Object Repository/2-OBJECTS TAREAS SECUNDARIAS/Pruebas SST/Crear_un_Sistema_de_Vigilancia_Epidemiologica/select_-- SELECCIONAR --Trate de no correr'

2023-03-09 13:15:44 - [MESSAGE][PASSED] - All options with index in [1] are selected on object 'Object Repository/2-OBJECTS TAREAS SECUNDARIAS/Pruebas SST/Crear_un_Sistema_de_Vigilancia_Epidemiologica/select_-- SELECCIONAR --Trate de no correr'

2023-03-09 13:15:44 - [TEST_STEP][PASSED] - selectOptionByIndex(findTestObject("2-OBJECTS TAREAS SECUNDARIAS/Pruebas SST/Crear_un_Sistema_de_Vigilancia_Epidemiologica/select_-- SELECCIONAR --Recomendacin Atep 2Recomendacin Atep 1"), 1): All options with index in [1] are selected on object 'Object Repository/2-OBJECTS TAREAS SECUNDARIAS/Pruebas SST/Crear_un_Sistema_de_Vigilancia_Epidemiologica/select_-- SELECCIONAR --Recomendacin Atep 2Recomendacin Atep 1'

2023-03-09 13:15:45 - [MESSAGE][PASSED] - All options with index in [1] are selected on object 'Object Repository/2-OBJECTS TAREAS SECUNDARIAS/Pruebas SST/Crear_un_Sistema_de_Vigilancia_Epidemiologica/select_-- SELECCIONAR --Recomendacin Atep 2Recomendacin Atep 1'

2023-03-09 13:15:45 - [TEST_STEP][PASSED] - click(findTestObject("2-OBJECTS TAREAS SECUNDARIAS/Pruebas SST/Crear_un_Sistema_de_Vigilancia_Epidemiologica/a_Responsable Recomendaciones_form_popupSeguimientotabRecomendacionj_idt607")): Object: 'Object Repository/2-OBJECTS TAREAS SECUNDARIAS/Pruebas SST/Crear_un_Sistema_de_Vigilancia_Epidemiologica/a_Responsable Recomendaciones_form_popupSeguimientotabRecomendacionj_idt607' is clicked on

2023-03-09 13:15:46 - [MESSAGE][PASSED] - Object: 'Object Repository/2-OBJECTS TAREAS SECUNDARIAS/Pruebas SST/Crear_un_Sistema_de_Vigilancia_Epidemiologica/a_Responsable Recomendaciones_form_popupSeguimientotabRecomendacionj_idt607' is clicked on

2023-03-09 13:15:46 - [TEST_STEP][PASSED] - setText(findTestObject("2-OBJECTS TAREAS SECUNDARIAS/Pruebas SST/Crear_un_Sistema_de_Vigilancia_Epidemiologica/input_Filtro Hoja de Vida_formPopupHojaVidaj_idt1722"), "A A A"): Text 'A A A' is set on object 'Object Repository/2-OBJECTS TAREAS SECUNDARIAS/Pruebas SST/Crear_un_Sistema_de_Vigilancia_Epidemiologica/input_Filtro Hoja de Vida_formPopupHojaVidaj_idt1722'

2023-03-09 13:15:47 - [MESSAGE][PASSED] - Text 'A A A' is set on object 'Object Repository/2-OBJECTS TAREAS SECUNDARIAS/Pruebas SST/Crear_un_Sistema_de_Vigilancia_Epidemiologica/input_Filtro Hoja de Vida_formPopupHojaVidaj_idt1722'

2023-03-09 13:15:47 - [TEST_STEP][PASSED] - sendKeys(findTestObject("2-OBJECTS TAREAS SECUNDARIAS/Pruebas SST/Crear_un_Sistema_de_Vigilancia_Epidemiologica/input_Filtro Hoja de Vida_formPopupHojaVidaj_idt1722"), Keys.chord(ENTER)): Keys 'ENTER + ' sent to object: 'Object Repository/2-OBJECTS TAREAS SECUNDARIAS/Pruebas SST/Crear_un_Sistema_de_Vigilancia_Epidemiologica/input_Filtro Hoja de Vida_formPopupHojaVidaj_idt1722'

2023-03-09 13:15:47 - [MESSAGE][PASSED] - Keys 'ENTER + ' sent to object: 'Object Repository/2-OBJECTS TAREAS SECUNDARIAS/Pruebas SST/Crear_un_Sistema_de_Vigilancia_Epidemiologica/input_Filtro Hoja de Vida_formPopupHojaVidaj_idt1722'

2023-03-09 13:15:47 - [TEST_STEP][PASSED] - click(findTestObject("2-OBJECTS TAREAS SECUNDARIAS/Pruebas SST/Crear_un_Sistema_de_Vigilancia_Epidemiologica/td_A A A")): Object: 'Object Repository/2-OBJECTS TAREAS SECUNDARIAS/Pruebas SST/Crear_un_Sistema_de_Vigilancia_Epidemiologica/td_A A A' is clicked on

2023-03-09 13:15:48 - [MESSAGE][PASSED] - Object: 'Object Repository/2-OBJECTS TAREAS SECUNDARIAS/Pruebas SST/Crear_un_Sistema_de_Vigilancia_Epidemiologica/td_A A A' is clicked on

2023-03-09 13:15:48 - [TEST_STEP][PASSED] - click(findTestObject("2-OBJECTS TAREAS SECUNDARIAS/Pruebas SST/Crear_un_Sistema_de_Vigilancia_Epidemiologica/a_Guardar")): Object: 'Object Repository/2-OBJECTS TAREAS SECUNDARIAS/Pruebas SST/Crear_un_Sistema_de_Vigilancia_Epidemiologica/a_Guardar' is clicked on

2023-03-09 13:15:49 - [MESSAGE][PASSED] - Object: 'Object Repository/2-OBJECTS TAREAS SECUNDARIAS/Pruebas SST/Crear_un_Sistema_de_Vigilancia_Epidemiologica/a_Guardar' is clicked on

2023-03-09 13:15:49 - [TEST_STEP][PASSED] - click(findTestObject("2-OBJECTS TAREAS SECUNDARIAS/Pruebas SST/Crear_un_Sistema_de_Vigilancia_Epidemiologica/a_Seguimiento")): Object: 'Object Repository/2-OBJECTS TAREAS SECUNDARIAS/Pruebas SST/Crear_un_Sistema_de_Vigilancia_Epidemiologica/a_Seguimiento' is clicked on

2023-03-09 13:15:49 - [MESSAGE][PASSED] - Object: 'Object Repository/2-OBJECTS TAREAS SECUNDARIAS/Pruebas SST/Crear_un_Sistema_de_Vigilancia_Epidemiologica/a_Seguimiento' is clicked on

2023-03-09 13:15:49 - [TEST_STEP][PASSED] - click(findTestObject("2-OBJECTS TAREAS SECUNDARIAS/Pruebas SST/Crear_un_Sistema_de_Vigilancia_Epidemiologica/a_Fecha Seguimiento_form_popupInscritostabtablaSeguimientoj_idt192")): Object: 'Object Repository/2-OBJECTS TAREAS SECUNDARIAS/Pruebas SST/Crear_un_Sistema_de_Vigilancia_Epidemiologica/a_Fecha Seguimiento_form_popupInscritostabtablaSeguimientoj_idt192' is clicked on

2023-03-09 13:15:50 - [MESSAGE][PASSED] - Object: 'Object Repository/2-OBJECTS TAREAS SECUNDARIAS/Pruebas SST/Crear_un_Sistema_de_Vigilancia_Epidemiologica/a_Fecha Seguimiento_form_popupInscritostabtablaSeguimientoj_idt192' is clicked on

2023-03-09 13:15:50 - [TEST_STEP][PASSED] - selectOptionByIndex(findTestObject("2-OBJECTS TAREAS SECUNDARIAS/Pruebas SST/Crear_un_Sistema_de_Vigilancia_Epidemiologica/select_-- SELECCIONAR --Trate de no correr0"), 1): All options with index in [1] are selected on object 'Object Repository/2-OBJECTS TAREAS SECUNDARIAS/Pruebas SST/Crear_un_Sistema_de_Vigilancia_Epidemiologica/select_-- SELECCIONAR --Trate de no correr0'

2023-03-09 13:15:51 - [MESSAGE][PASSED] - All options with index in [1] are selected on object 'Object Repository/2-OBJECTS TAREAS SECUNDARIAS/Pruebas SST/Crear_un_Sistema_de_Vigilancia_Epidemiologica/select_-- SELECCIONAR --Trate de no correr0'

2023-03-09 13:15:51 - [TEST_STEP][PASSED] - click(findTestObject("2-OBJECTS TAREAS SECUNDARIAS/Pruebas SST/Crear_un_Sistema_de_Vigilancia_Epidemiologica/span_Trate de no correr")): Object: 'Object Repository/2-OBJECTS TAREAS SECUNDARIAS/Pruebas SST/Crear_un_Sistema_de_Vigilancia_Epidemiologica/span_Trate de no correr' is clicked on

2023-03-09 13:15:52 - [MESSAGE][PASSED] - Object: 'Object Repository/2-OBJECTS TAREAS SECUNDARIAS/Pruebas SST/Crear_un_Sistema_de_Vigilancia_Epidemiologica/span_Trate de no correr' is clicked on

2023-03-09 13:15:52 - [TEST_STEP][PASSED] - setText(findTestObject("2-OBJECTS TAREAS SECUNDARIAS/Pruebas SST/Crear_un_Sistema_de_Vigilancia_Epidemiologica/textarea_Fecha Seguimiento_form_popupInscritostabtablaSeguimientoj_idt197"), "pruebas k"): Text 'pruebas k' is set on object 'Object Repository/2-OBJECTS TAREAS SECUNDARIAS/Pruebas SST/Crear_un_Sistema_de_Vigilancia_Epidemiologica/textarea_Fecha Seguimiento_form_popupInscritostabtablaSeguimientoj_idt197'

2023-03-09 13:15:53 - [MESSAGE][PASSED] - Text 'pruebas k' is set on object 'Object Repository/2-OBJECTS TAREAS SECUNDARIAS/Pruebas SST/Crear_un_Sistema_de_Vigilancia_Epidemiologica/textarea_Fecha Seguimiento_form_popupInscritostabtablaSeguimientoj_idt197'

2023-03-09 13:15:53 - [TEST_STEP][PASSED] - setText(findTestObject("2-OBJECTS TAREAS SECUNDARIAS/Pruebas SST/Crear_un_Sistema_de_Vigilancia_Epidemiologica/input_Fecha Seguimiento_form_popupInscritostabtablaSeguimientoj_idt202_input"), "15/12/2021"): Text '15/12/2021' is set on object 'Object Repository/2-OBJECTS TAREAS SECUNDARIAS/Pruebas SST/Crear_un_Sistema_de_Vigilancia_Epidemiologica/input_Fecha Seguimiento_form_popupInscritostabtablaSeguimientoj_idt202_input'

2023-03-09 13:15:54 - [MESSAGE][PASSED] - Text '15/12/2021' is set on object 'Object Repository/2-OBJECTS TAREAS SECUNDARIAS/Pruebas SST/Crear_un_Sistema_de_Vigilancia_Epidemiologica/input_Fecha Seguimiento_form_popupInscritostabtablaSeguimientoj_idt202_input'

2023-03-09 13:15:54 - [TEST_STEP][PASSED] - click(findTestObject("2-OBJECTS TAREAS SECUNDARIAS/Pruebas SST/Crear_un_Sistema_de_Vigilancia_Epidemiologica/a_Fecha Seguimiento_form_popupInscritostabtablaSeguimientoj_idt206")): Object: 'Object Repository/2-OBJECTS TAREAS SECUNDARIAS/Pruebas SST/Crear_un_Sistema_de_Vigilancia_Epidemiologica/a_Fecha Seguimiento_form_popupInscritostabtablaSeguimientoj_idt206' is clicked on

2023-03-09 13:15:54 - [MESSAGE][PASSED] - Object: 'Object Repository/2-OBJECTS TAREAS SECUNDARIAS/Pruebas SST/Crear_un_Sistema_de_Vigilancia_Epidemiologica/a_Fecha Seguimiento_form_popupInscritostabtablaSeguimientoj_idt206' is clicked on

2023-03-09 13:15:54 - [TEST_STEP][PASSED] - click(findTestObject("2-OBJECTS TAREAS SECUNDARIAS/Pruebas SST/Crear_un_Sistema_de_Vigilancia_Epidemiologica/span_SEDE NORTE_ui-icon ui-icon-closethick")): Object: 'Object Repository/2-OBJECTS TAREAS SECUNDARIAS/Pruebas SST/Crear_un_Sistema_de_Vigilancia_Epidemiologica/span_SEDE NORTE_ui-icon ui-icon-closethick' is clicked on

2023-03-09 13:15:59 - [MESSAGE][PASSED] - Object: 'Object Repository/2-OBJECTS TAREAS SECUNDARIAS/Pruebas SST/Crear_un_Sistema_de_Vigilancia_Epidemiologica/span_SEDE NORTE_ui-icon ui-icon-closethick' is clicked on

2023-03-09 13:15:59 - [TEST_STEP][PASSED] - click(findTestObject("2-OBJECTS TAREAS SECUNDARIAS/Pruebas SST/Crear_un_Sistema_de_Vigilancia_Epidemiologica/a_Examen")): Object: 'Object Repository/2-OBJECTS TAREAS SECUNDARIAS/Pruebas SST/Crear_un_Sistema_de_Vigilancia_Epidemiologica/a_Examen' is clicked on

2023-03-09 13:16:00 - [MESSAGE][PASSED] - Object: 'Object Repository/2-OBJECTS TAREAS SECUNDARIAS/Pruebas SST/Crear_un_Sistema_de_Vigilancia_Epidemiologica/a_Examen' is clicked on

2023-03-09 13:16:00 - [TEST_STEP][PASSED] - click(findTestObject("2-OBJECTS TAREAS SECUNDARIAS/Pruebas SST/Crear_un_Sistema_de_Vigilancia_Epidemiologica/a_Nuevo")): Object: 'Object Repository/2-OBJECTS TAREAS SECUNDARIAS/Pruebas SST/Crear_un_Sistema_de_Vigilancia_Epidemiologica/a_Nuevo' is clicked on

2023-03-09 13:16:01 - [MESSAGE][PASSED] - Object: 'Object Repository/2-OBJECTS TAREAS SECUNDARIAS/Pruebas SST/Crear_un_Sistema_de_Vigilancia_Epidemiologica/a_Nuevo' is clicked on

2023-03-09 13:16:01 - [TEST_STEP][PASSED] - selectOptionByIndex(findTestObject("2-OBJECTS TAREAS SECUNDARIAS/Pruebas SST/Crear_un_Sistema_de_Vigilancia_Epidemiologica/select_SeleccioneSEDE NORTESEDE OCCIDENTESEDE SUR1"), 1): All options with index in [1] are selected on object 'Object Repository/2-OBJECTS TAREAS SECUNDARIAS/Pruebas SST/Crear_un_Sistema_de_Vigilancia_Epidemiologica/select_SeleccioneSEDE NORTESEDE OCCIDENTESEDE SUR1'

2023-03-09 13:16:02 - [MESSAGE][PASSED] - All options with index in [1] are selected on object 'Object Repository/2-OBJECTS TAREAS SECUNDARIAS/Pruebas SST/Crear_un_Sistema_de_Vigilancia_Epidemiologica/select_SeleccioneSEDE NORTESEDE OCCIDENTESEDE SUR1'

2023-03-09 13:16:02 - [TEST_STEP][PASSED] - selectOptionByIndex(findTestObject("2-OBJECTS TAREAS SECUNDARIAS/Pruebas SST/Crear_un_Sistema_de_Vigilancia_Epidemiologica/select_SeleccioneALMANZA NOVOA JOHN"), 1): All options with index in [1] are selected on object 'Object Repository/2-OBJECTS TAREAS SECUNDARIAS/Pruebas SST/Crear_un_Sistema_de_Vigilancia_Epidemiologica/select_SeleccioneALMANZA NOVOA JOHN'

2023-03-09 13:16:03 - [MESSAGE][PASSED] - All options with index in [1] are selected on object 'Object Repository/2-OBJECTS TAREAS SECUNDARIAS/Pruebas SST/Crear_un_Sistema_de_Vigilancia_Epidemiologica/select_SeleccioneALMANZA NOVOA JOHN'

2023-03-09 13:16:03 - [TEST_STEP][PASSED] - click(findTestObject("2-OBJECTS TAREAS SECUNDARIAS/Pruebas SST/Crear_un_Sistema_de_Vigilancia_Epidemiologica/a_Examinado_form_popupExamenesj_idt286")): Object: 'Object Repository/2-OBJECTS TAREAS SECUNDARIAS/Pruebas SST/Crear_un_Sistema_de_Vigilancia_Epidemiologica/a_Examinado_form_popupExamenesj_idt286' is clicked on

2023-03-09 13:16:04 - [MESSAGE][PASSED] - Object: 'Object Repository/2-OBJECTS TAREAS SECUNDARIAS/Pruebas SST/Crear_un_Sistema_de_Vigilancia_Epidemiologica/a_Examinado_form_popupExamenesj_idt286' is clicked on

2023-03-09 13:16:04 - [TEST_STEP][PASSED] - click(findTestObject("2-OBJECTS TAREAS SECUNDARIAS/Pruebas SST/Crear_un_Sistema_de_Vigilancia_Epidemiologica/span_A A A")): Object: 'Object Repository/2-OBJECTS TAREAS SECUNDARIAS/Pruebas SST/Crear_un_Sistema_de_Vigilancia_Epidemiologica/span_A A A' is clicked on

2023-03-09 13:16:05 - [MESSAGE][PASSED] - Object: 'Object Repository/2-OBJECTS TAREAS SECUNDARIAS/Pruebas SST/Crear_un_Sistema_de_Vigilancia_Epidemiologica/span_A A A' is clicked on

2023-03-09 13:16:05 - [TEST_STEP][PASSED] - selectOptionByIndex(findTestObject("2-OBJECTS TAREAS SECUNDARIAS/Pruebas SST/Crear_un_Sistema_de_Vigilancia_Epidemiologica/select_SeleccioneCuadro HematicoExamen de OrinaExamen Medico de RutinaExamen Medico de Rutina"), 3): All options with index in [3] are selected on object 'Object Repository/2-OBJECTS TAREAS SECUNDARIAS/Pruebas SST/Crear_un_Sistema_de_Vigilancia_Epidemiologica/select_SeleccioneCuadro HematicoExamen de OrinaExamen Medico de RutinaExamen Medico de Rutina'

2023-03-09 13:16:06 - [MESSAGE][PASSED] - All options with index in [3] are selected on object 'Object Repository/2-OBJECTS TAREAS SECUNDARIAS/Pruebas SST/Crear_un_Sistema_de_Vigilancia_Epidemiologica/select_SeleccioneCuadro HematicoExamen de OrinaExamen Medico de RutinaExamen Medico de Rutina'

2023-03-09 13:16:06 - [TEST_STEP][PASSED] - click(findTestObject("2-OBJECTS TAREAS SECUNDARIAS/Pruebas SST/Crear_un_Sistema_de_Vigilancia_Epidemiologica/a_Guardar")): Object: 'Object Repository/2-OBJECTS TAREAS SECUNDARIAS/Pruebas SST/Crear_un_Sistema_de_Vigilancia_Epidemiologica/a_Guardar' is clicked on

2023-03-09 13:16:06 - [MESSAGE][PASSED] - Object: 'Object Repository/2-OBJECTS TAREAS SECUNDARIAS/Pruebas SST/Crear_un_Sistema_de_Vigilancia_Epidemiologica/a_Guardar' is clicked on

2023-03-09 13:16:06 - [TEST_STEP][PASSED] - click(findTestObject("2-OBJECTS TAREAS SECUNDARIAS/Pruebas SST/Crear_un_Sistema_de_Vigilancia_Epidemiologica/a_Programar Encuestas")): Object: 'Object Repository/2-OBJECTS TAREAS SECUNDARIAS/Pruebas SST/Crear_un_Sistema_de_Vigilancia_Epidemiologica/a_Programar Encuestas' is clicked on

2023-03-09 13:16:07 - [MESSAGE][PASSED] - Object: 'Object Repository/2-OBJECTS TAREAS SECUNDARIAS/Pruebas SST/Crear_un_Sistema_de_Vigilancia_Epidemiologica/a_Programar Encuestas' is clicked on

2023-03-09 13:16:07 - [TEST_STEP][PASSED] - selectOptionByIndex(findTestObject("2-OBJECTS TAREAS SECUNDARIAS/Pruebas SST/Crear_un_Sistema_de_Vigilancia_Epidemiologica/select_-- SELECCIONAR --EntidadListado Chequeo encuesta"), 2): All options with index in [2] are selected on object 'Object Repository/2-OBJECTS TAREAS SECUNDARIAS/Pruebas SST/Crear_un_Sistema_de_Vigilancia_Epidemiologica/select_-- SELECCIONAR --EntidadListado Chequeo encuesta'

2023-03-09 13:16:08 - [MESSAGE][PASSED] - All options with index in [2] are selected on object 'Object Repository/2-OBJECTS TAREAS SECUNDARIAS/Pruebas SST/Crear_un_Sistema_de_Vigilancia_Epidemiologica/select_-- SELECCIONAR --EntidadListado Chequeo encuesta'

2023-03-09 13:16:08 - [TEST_STEP][PASSED] - click(findTestObject("2-OBJECTS TAREAS SECUNDARIAS/Pruebas SST/Crear_un_Sistema_de_Vigilancia_Epidemiologica/a_Adicionar Personas")): Object: 'Object Repository/2-OBJECTS TAREAS SECUNDARIAS/Pruebas SST/Crear_un_Sistema_de_Vigilancia_Epidemiologica/a_Adicionar Personas' is clicked on

2023-03-09 13:16:09 - [MESSAGE][PASSED] - Object: 'Object Repository/2-OBJECTS TAREAS SECUNDARIAS/Pruebas SST/Crear_un_Sistema_de_Vigilancia_Epidemiologica/a_Adicionar Personas' is clicked on

2023-03-09 13:16:09 - [TEST_STEP][PASSED] - click(findTestObject("2-OBJECTS TAREAS SECUNDARIAS/Pruebas SST/Crear_un_Sistema_de_Vigilancia_Epidemiologica/span_CONSTA BELFEGORD  JHON1393138")): Object: 'Object Repository/2-OBJECTS TAREAS SECUNDARIAS/Pruebas SST/Crear_un_Sistema_de_Vigilancia_Epidemiologica/span_CONSTA BELFEGORD  JHON1393138' is clicked on

2023-03-09 13:16:10 - [MESSAGE][PASSED] - Object: 'Object Repository/2-OBJECTS TAREAS SECUNDARIAS/Pruebas SST/Crear_un_Sistema_de_Vigilancia_Epidemiologica/span_CONSTA BELFEGORD  JHON1393138' is clicked on

2023-03-09 13:16:10 - [TEST_STEP][PASSED] - click(findTestObject("2-OBJECTS TAREAS SECUNDARIAS/Pruebas SST/Crear_un_Sistema_de_Vigilancia_Epidemiologica/a_Guardar")): Object: 'Object Repository/2-OBJECTS TAREAS SECUNDARIAS/Pruebas SST/Crear_un_Sistema_de_Vigilancia_Epidemiologica/a_Guardar' is clicked on

2023-03-09 13:16:10 - [MESSAGE][PASSED] - Object: 'Object Repository/2-OBJECTS TAREAS SECUNDARIAS/Pruebas SST/Crear_un_Sistema_de_Vigilancia_Epidemiologica/a_Guardar' is clicked on

2023-03-09 13:16:10 - [TEST_STEP][PASSED] - click(findTestObject("2-OBJECTS TAREAS SECUNDARIAS/Pruebas SST/Crear_un_Sistema_de_Vigilancia_Epidemiologica/a_Resultado Encuestas")): Object: 'Object Repository/2-OBJECTS TAREAS SECUNDARIAS/Pruebas SST/Crear_un_Sistema_de_Vigilancia_Epidemiologica/a_Resultado Encuestas' is clicked on

2023-03-09 13:16:11 - [MESSAGE][PASSED] - Object: 'Object Repository/2-OBJECTS TAREAS SECUNDARIAS/Pruebas SST/Crear_un_Sistema_de_Vigilancia_Epidemiologica/a_Resultado Encuestas' is clicked on

2023-03-09 13:16:11 - [TEST_STEP][PASSED] - click(findTestObject("2-OBJECTS TAREAS SECUNDARIAS/Pruebas SST/Crear_un_Sistema_de_Vigilancia_Epidemiologica/td_1393138 - CONSTA BELFEGORD  JHON1393138")): Object: 'Object Repository/2-OBJECTS TAREAS SECUNDARIAS/Pruebas SST/Crear_un_Sistema_de_Vigilancia_Epidemiologica/td_1393138 - CONSTA BELFEGORD  JHON1393138' is clicked on

2023-03-09 13:16:12 - [MESSAGE][PASSED] - Object: 'Object Repository/2-OBJECTS TAREAS SECUNDARIAS/Pruebas SST/Crear_un_Sistema_de_Vigilancia_Epidemiologica/td_1393138 - CONSTA BELFEGORD  JHON1393138' is clicked on

2023-03-09 13:16:12 - [TEST_STEP][PASSED] - comment("FALTA CONDICION PARA ELIMINAR REGISTRO."): FALTA CONDICION PARA ELIMINAR REGISTRO.

2023-03-09 13:16:12 - [MESSAGE][INFO] - FALTA CONDICION PARA ELIMINAR REGISTRO.

2023-03-09 13:16:12 - [TEST_STEP][PASSED] - comment("conflicto con base de datos no permite eliminar registro"): conflicto con base de datos no permite eliminar registro

2023-03-09 13:16:12 - [MESSAGE][INFO] - conflicto con base de datos no permite eliminar registro

2023-03-09 13:16:12 - [TEST_STEP][PASSED] - closeBrowser(): Browser is closed

2023-03-09 13:16:13 - [MESSAGE][PASSED] - Browser is closed]]></system-out>
         <system-err><![CDATA[]]></system-err>
      </testcase>
      <testcase name="Test Cases/1.2-Tareas_Secundarias/5.1-Pruebas_SST/5.1.8-Crear_plan_de_trabajo_anual" time="71.249" classname="Test Cases/1.2-Tareas_Secundarias/5.1-Pruebas_SST/5.1.8-Crear_plan_de_trabajo_anual" status="PASSED">
         <system-out><![CDATA[2023-03-09 13:16:13 - [TEST_CASE][PASSED] - Test Cases/1.2-Tareas_Secundarias/5.1-Pruebas_SST/5.1.8-Crear_plan_de_trabajo_anual: Test Cases/1.2-Tareas_Secundarias/5.1-Pruebas_SST/5.1.8-Crear_plan_de_trabajo_anual

2023-03-09 13:16:13 - [TEST_STEP][PASSED] - callTestCase(findTestCase("0.1-Login"), [:], STOP_ON_FAILURE): Call Test Case 'Test Cases/0.1-Login' successfully

2023-03-09 13:16:13 - [TEST_CASE][PASSED] - Test Cases/0.1-Login: Test Cases/0.1-Login

2023-03-09 13:16:13 - [TEST_STEP][PASSED] - openBrowser(""): Browser is opened with url: ''

2023-03-09 13:16:13 - [MESSAGE][INFO] - Starting 'Chrome' driver

2023-03-09 13:16:13 - [MESSAGE][INFO] - Action delay is set to 0 milliseconds

2023-03-09 13:16:14 - [MESSAGE][PASSED] - Browser is opened with url: ''

2023-03-09 13:16:14 - [TEST_STEP][PASSED] - maximizeWindow(): Current window maximized

2023-03-09 13:16:15 - [MESSAGE][PASSED] - Current window maximized

2023-03-09 13:16:15 - [TEST_STEP][PASSED] - i = G_Login: null

2023-03-09 13:16:15 - [TEST_STEP][PASSED] - url = new java.net.URL(i): null

2023-03-09 13:16:15 - [TEST_STEP][PASSED] - println("URL: " + url.toString()): null

2023-03-09 13:16:15 - [TEST_STEP][PASSED] - connection = url.openConnection(): null

2023-03-09 13:16:15 - [TEST_STEP][PASSED] - connection.setRequestMethod("GET"): null

2023-03-09 13:16:15 - [TEST_STEP][PASSED] - connection.setReadTimeout(2 * 1000): null

2023-03-09 13:16:15 - [TEST_STEP][PASSED] - try: null

2023-03-09 13:16:15 - [TEST_STEP][PASSED] - connection.connect(): null

2023-03-09 13:16:15 - [TEST_STEP][PASSED] - flag = connected: null

2023-03-09 13:16:15 - [TEST_STEP][PASSED] - println("Valor_ori: " + flag): null

2023-03-09 13:16:15 - [TEST_STEP][PASSED] - if (flag): null

2023-03-09 13:16:15 - [TEST_STEP][PASSED] - navigateToUrl(i): Navigate to 'http://192.168.2.19:7001/saraweb' successfully

2023-03-09 13:16:17 - [MESSAGE][PASSED] - Navigate to 'http://192.168.2.19:7001/saraweb' successfully

2023-03-09 13:16:17 - [TEST_STEP][PASSED] - a(): null

2023-03-09 13:16:17 - [TEST_STEP][PASSED] - if (waitForElementVisible(findTestObject("3-OBJECTS UTILIDADES/Login/input_USUARIO_loginusuario"), 0)): null

2023-03-09 13:16:17 - [MESSAGE][WARNING] - Timeout '0' is invalid. Using default page load timeout: '37'

2023-03-09 13:16:17 - [MESSAGE][PASSED] - Object 'Object Repository/3-OBJECTS UTILIDADES/Login/input_USUARIO_loginusuario' is visible

2023-03-09 13:16:17 - [TEST_STEP][PASSED] - switchToWindowTitle("SARA"): Switched to window with title: 'SARA'

2023-03-09 13:16:17 - [MESSAGE][PASSED] - Switched to window with title: 'SARA'

2023-03-09 13:16:17 - [TEST_STEP][PASSED] - zoom(): null

2023-03-09 13:16:17 - [TEST_STEP][PASSED] - robot = new java.awt.Robot(): null

2023-03-09 13:16:17 - [TEST_STEP][PASSED] - robot.keyPress(VK_CONTROL): null

2023-03-09 13:16:17 - [TEST_STEP][PASSED] - robot.keyPress(VK_SUBTRACT): null

2023-03-09 13:16:17 - [TEST_STEP][PASSED] - robot.keyRelease(VK_CONTROL): null

2023-03-09 13:16:17 - [TEST_STEP][PASSED] - robot.keyRelease(VK_SUBTRACT): null

2023-03-09 13:16:17 - [TEST_STEP][PASSED] - robot.keyPress(VK_CONTROL): null

2023-03-09 13:16:17 - [TEST_STEP][PASSED] - robot.keyPress(VK_SUBTRACT): null

2023-03-09 13:16:17 - [TEST_STEP][PASSED] - robot.keyRelease(VK_CONTROL): null

2023-03-09 13:16:17 - [TEST_STEP][PASSED] - robot.keyRelease(VK_SUBTRACT): null

2023-03-09 13:16:17 - [TEST_STEP][PASSED] - robot.keyPress(VK_CONTROL): null

2023-03-09 13:16:17 - [TEST_STEP][PASSED] - robot.keyPress(VK_SUBTRACT): null

2023-03-09 13:16:17 - [TEST_STEP][PASSED] - robot.keyRelease(VK_CONTROL): null

2023-03-09 13:16:17 - [TEST_STEP][PASSED] - robot.keyRelease(VK_SUBTRACT): null

2023-03-09 13:16:17 - [TEST_STEP][PASSED] - robot.keyRelease(VK_CONTROL): null

2023-03-09 13:16:17 - [TEST_STEP][PASSED] - robot.keyRelease(VK_SUBTRACT): null

2023-03-09 13:16:17 - [TEST_STEP][PASSED] - setText(findTestObject("3-OBJECTS UTILIDADES/Login/input_USUARIO_loginusuario"), G_Usuario): Text 'weblogic' is set on object 'Object Repository/3-OBJECTS UTILIDADES/Login/input_USUARIO_loginusuario'

2023-03-09 13:16:18 - [MESSAGE][PASSED] - Text 'weblogic' is set on object 'Object Repository/3-OBJECTS UTILIDADES/Login/input_USUARIO_loginusuario'

2023-03-09 13:16:18 - [TEST_STEP][PASSED] - setEncryptedText(findTestObject("3-OBJECTS UTILIDADES/Login/input_CLAVE_loginpassword"), "SlAwMcyRKqrwbnzhAs8HhT6NnI7sEyng"): Text ****** has been set on object 'Object Repository/3-OBJECTS UTILIDADES/Login/input_CLAVE_loginpassword'

2023-03-09 13:16:22 - [MESSAGE][PASSED] - Text ****** has been set on object 'Object Repository/3-OBJECTS UTILIDADES/Login/input_CLAVE_loginpassword'

2023-03-09 13:16:22 - [TEST_STEP][PASSED] - while (waitForElementClickable(findTestObject("3-OBJECTS UTILIDADES/Login/a_Ingresar"), 1)): Web element with id: 'Object Repository/3-OBJECTS UTILIDADES/Login/a_Ingresar' located by '//a[contains(text(),'Ingresar')]' not found

2023-03-09 13:16:24 - [MESSAGE][INFO] - Unable to find the element located by 'By.xpath: //a[contains(text(),'Ingresar')]'. Please recheck the objects properties to make sure the desired element is located. 

2023-03-09 13:16:24 - [MESSAGE][WARNING] - Web element with id: 'Object Repository/3-OBJECTS UTILIDADES/Login/a_Ingresar' located by '//a[contains(text(),'Ingresar')]' not found

2023-03-09 13:16:24 - [MESSAGE][PASSED] - Call Test Case 'Test Cases/0.1-Login' successfully

2023-03-09 13:16:24 - [TEST_STEP][PASSED] - setText(findTestObject("2-OBJECTS TAREAS SECUNDARIAS/Pruebas SST/Crear_plan_de_trabajo_anual/input_ADMINISTRADOR DEL SISTEMA - SARA_form_templatej_idt24_input"), "Plan de trabajo anual"): Text 'Plan de trabajo anual' is set on object 'Object Repository/2-OBJECTS TAREAS SECUNDARIAS/Pruebas SST/Crear_plan_de_trabajo_anual/input_ADMINISTRADOR DEL SISTEMA - SARA_form_templatej_idt24_input'

2023-03-09 13:16:25 - [MESSAGE][PASSED] - Text 'Plan de trabajo anual' is set on object 'Object Repository/2-OBJECTS TAREAS SECUNDARIAS/Pruebas SST/Crear_plan_de_trabajo_anual/input_ADMINISTRADOR DEL SISTEMA - SARA_form_templatej_idt24_input'

2023-03-09 13:16:25 - [TEST_STEP][PASSED] - click(findTestObject("2-OBJECTS TAREAS SECUNDARIAS/Pruebas SST/Crear_plan_de_trabajo_anual/li_Plan de Trabajo Anual (sst)")): Object: 'Object Repository/2-OBJECTS TAREAS SECUNDARIAS/Pruebas SST/Crear_plan_de_trabajo_anual/li_Plan de Trabajo Anual (sst)' is clicked on

2023-03-09 13:16:26 - [MESSAGE][PASSED] - Object: 'Object Repository/2-OBJECTS TAREAS SECUNDARIAS/Pruebas SST/Crear_plan_de_trabajo_anual/li_Plan de Trabajo Anual (sst)' is clicked on

2023-03-09 13:16:26 - [TEST_STEP][PASSED] - if (waitForElementPresent(findTestObject("2-OBJECTS TAREAS SECUNDARIAS/Pruebas SST/Crear_plan_de_trabajo_anual/td_pruebas katalon"), 1)): null

2023-03-09 13:16:28 - [MESSAGE][PASSED] - Object 'Object Repository/2-OBJECTS TAREAS SECUNDARIAS/Pruebas SST/Crear_plan_de_trabajo_anual/td_pruebas katalon' is present

2023-03-09 13:16:28 - [TEST_STEP][PASSED] - click(findTestObject("2-OBJECTS TAREAS SECUNDARIAS/Pruebas SST/Crear_plan_de_trabajo_anual/td_pruebas katalon")): Object: 'Object Repository/2-OBJECTS TAREAS SECUNDARIAS/Pruebas SST/Crear_plan_de_trabajo_anual/td_pruebas katalon' is clicked on

2023-03-09 13:16:29 - [MESSAGE][PASSED] - Object: 'Object Repository/2-OBJECTS TAREAS SECUNDARIAS/Pruebas SST/Crear_plan_de_trabajo_anual/td_pruebas katalon' is clicked on

2023-03-09 13:16:29 - [TEST_STEP][PASSED] - click(findTestObject("2-OBJECTS TAREAS SECUNDARIAS/Pruebas SST/Crear_plan_de_trabajo_anual/a_Objetivos")): Object: 'Object Repository/2-OBJECTS TAREAS SECUNDARIAS/Pruebas SST/Crear_plan_de_trabajo_anual/a_Objetivos' is clicked on

2023-03-09 13:16:29 - [MESSAGE][PASSED] - Object: 'Object Repository/2-OBJECTS TAREAS SECUNDARIAS/Pruebas SST/Crear_plan_de_trabajo_anual/a_Objetivos' is clicked on

2023-03-09 13:16:29 - [TEST_STEP][PASSED] - if (waitForElementPresent(findTestObject("2-OBJECTS TAREAS SECUNDARIAS/Pruebas SST/Crear_plan_de_trabajo_anual/td_BASE LEGAL"), 1)): null

2023-03-09 13:16:30 - [MESSAGE][PASSED] - Object 'Object Repository/2-OBJECTS TAREAS SECUNDARIAS/Pruebas SST/Crear_plan_de_trabajo_anual/td_BASE LEGAL' is present

2023-03-09 13:16:30 - [TEST_STEP][PASSED] - click(findTestObject("2-OBJECTS TAREAS SECUNDARIAS/Pruebas SST/Crear_plan_de_trabajo_anual/td_BASE LEGAL")): Object: 'Object Repository/2-OBJECTS TAREAS SECUNDARIAS/Pruebas SST/Crear_plan_de_trabajo_anual/td_BASE LEGAL' is clicked on

2023-03-09 13:16:30 - [MESSAGE][PASSED] - Object: 'Object Repository/2-OBJECTS TAREAS SECUNDARIAS/Pruebas SST/Crear_plan_de_trabajo_anual/td_BASE LEGAL' is clicked on

2023-03-09 13:16:30 - [TEST_STEP][PASSED] - click(findTestObject("2-OBJECTS TAREAS SECUNDARIAS/Pruebas SST/Crear_plan_de_trabajo_anual/a_Actividades")): Object: 'Object Repository/2-OBJECTS TAREAS SECUNDARIAS/Pruebas SST/Crear_plan_de_trabajo_anual/a_Actividades' is clicked on

2023-03-09 13:16:31 - [MESSAGE][PASSED] - Object: 'Object Repository/2-OBJECTS TAREAS SECUNDARIAS/Pruebas SST/Crear_plan_de_trabajo_anual/a_Actividades' is clicked on

2023-03-09 13:16:31 - [TEST_STEP][PASSED] - if (waitForElementPresent(findTestObject("2-OBJECTS TAREAS SECUNDARIAS/Pruebas SST/Crear_plan_de_trabajo_anual/td_pruebas k"), 1)): null

2023-03-09 13:16:31 - [MESSAGE][PASSED] - Object 'Object Repository/2-OBJECTS TAREAS SECUNDARIAS/Pruebas SST/Crear_plan_de_trabajo_anual/td_pruebas k' is present

2023-03-09 13:16:31 - [TEST_STEP][PASSED] - click(findTestObject("2-OBJECTS TAREAS SECUNDARIAS/Pruebas SST/Crear_plan_de_trabajo_anual/td_pruebas k")): Object: 'Object Repository/2-OBJECTS TAREAS SECUNDARIAS/Pruebas SST/Crear_plan_de_trabajo_anual/td_pruebas k' is clicked on

2023-03-09 13:16:32 - [MESSAGE][PASSED] - Object: 'Object Repository/2-OBJECTS TAREAS SECUNDARIAS/Pruebas SST/Crear_plan_de_trabajo_anual/td_pruebas k' is clicked on

2023-03-09 13:16:32 - [TEST_STEP][PASSED] - if (waitForElementPresent(findTestObject("2-OBJECTS TAREAS SECUNDARIAS/Pruebas SST/Crear_plan_de_trabajo_anual/a_Anexos"), 1)): null

2023-03-09 13:16:32 - [MESSAGE][PASSED] - Object 'Object Repository/2-OBJECTS TAREAS SECUNDARIAS/Pruebas SST/Crear_plan_de_trabajo_anual/a_Anexos' is present

2023-03-09 13:16:32 - [TEST_STEP][PASSED] - click(findTestObject("2-OBJECTS TAREAS SECUNDARIAS/Pruebas SST/Crear_plan_de_trabajo_anual/a_Anexos")): Object: 'Object Repository/2-OBJECTS TAREAS SECUNDARIAS/Pruebas SST/Crear_plan_de_trabajo_anual/a_Anexos' is clicked on

2023-03-09 13:16:33 - [MESSAGE][PASSED] - Object: 'Object Repository/2-OBJECTS TAREAS SECUNDARIAS/Pruebas SST/Crear_plan_de_trabajo_anual/a_Anexos' is clicked on

2023-03-09 13:16:33 - [TEST_STEP][PASSED] - if (waitForElementPresent(findTestObject("2-OBJECTS TAREAS SECUNDARIAS/Pruebas SST/Crear_plan_de_trabajo_anual/a_prueba.pdf_form_actividadesObjetivosPlanTrabajotabsActividadestablaAnexos0j_idt769"), 1)): Object 'Object Repository/2-OBJECTS TAREAS SECUNDARIAS/Pruebas SST/Crear_plan_de_trabajo_anual/a_prueba.pdf_form_actividadesObjetivosPlanTrabajotabsActividadestablaAnexos0j_idt769' is not present after 1 second(s)

2023-03-09 13:16:35 - [MESSAGE][INFO] - Unable to find the element located by 'By.xpath: //a[@id='form_actividadesObjetivosPlanTrabajo:tabsActividades:tablaAnexos:0:j_idt769']'. Please recheck the objects properties to make sure the desired element is located. 

2023-03-09 13:16:35 - [MESSAGE][WARNING] - Object 'Object Repository/2-OBJECTS TAREAS SECUNDARIAS/Pruebas SST/Crear_plan_de_trabajo_anual/a_prueba.pdf_form_actividadesObjetivosPlanTrabajotabsActividadestablaAnexos0j_idt769' is not present after 1 second(s)

2023-03-09 13:16:35 - [TEST_STEP][PASSED] - if (waitForElementPresent(findTestObject("2-OBJECTS TAREAS SECUNDARIAS/Pruebas SST/Crear_plan_de_trabajo_anual/a_Cronograma"), 1)): null

2023-03-09 13:16:36 - [MESSAGE][PASSED] - Object 'Object Repository/2-OBJECTS TAREAS SECUNDARIAS/Pruebas SST/Crear_plan_de_trabajo_anual/a_Cronograma' is present

2023-03-09 13:16:36 - [TEST_STEP][PASSED] - click(findTestObject("2-OBJECTS TAREAS SECUNDARIAS/Pruebas SST/Crear_plan_de_trabajo_anual/a_Cronograma")): Object: 'Object Repository/2-OBJECTS TAREAS SECUNDARIAS/Pruebas SST/Crear_plan_de_trabajo_anual/a_Cronograma' is clicked on

2023-03-09 13:16:36 - [MESSAGE][PASSED] - Object: 'Object Repository/2-OBJECTS TAREAS SECUNDARIAS/Pruebas SST/Crear_plan_de_trabajo_anual/a_Cronograma' is clicked on

2023-03-09 13:16:36 - [TEST_STEP][PASSED] - if (waitForElementVisible(findTestObject("2-OBJECTS TAREAS SECUNDARIAS/Pruebas SST/Crear_plan_de_trabajo_anual/td_Programado0"), 1)): null

2023-03-09 13:16:37 - [MESSAGE][PASSED] - Object 'Object Repository/2-OBJECTS TAREAS SECUNDARIAS/Pruebas SST/Crear_plan_de_trabajo_anual/td_Programado0' is visible

2023-03-09 13:16:37 - [TEST_STEP][PASSED] - click(findTestObject("2-OBJECTS TAREAS SECUNDARIAS/Pruebas SST/Crear_plan_de_trabajo_anual/td_Programado0")): Object: 'Object Repository/2-OBJECTS TAREAS SECUNDARIAS/Pruebas SST/Crear_plan_de_trabajo_anual/td_Programado0' is clicked on

2023-03-09 13:16:37 - [MESSAGE][PASSED] - Object: 'Object Repository/2-OBJECTS TAREAS SECUNDARIAS/Pruebas SST/Crear_plan_de_trabajo_anual/td_Programado0' is clicked on

2023-03-09 13:16:37 - [TEST_STEP][PASSED] - click(findTestObject("2-OBJECTS TAREAS SECUNDARIAS/Pruebas SST/Crear_plan_de_trabajo_anual/a_Eliminar")): Object: 'Object Repository/2-OBJECTS TAREAS SECUNDARIAS/Pruebas SST/Crear_plan_de_trabajo_anual/a_Eliminar' is clicked on

2023-03-09 13:16:38 - [MESSAGE][PASSED] - Object: 'Object Repository/2-OBJECTS TAREAS SECUNDARIAS/Pruebas SST/Crear_plan_de_trabajo_anual/a_Eliminar' is clicked on

2023-03-09 13:16:38 - [TEST_STEP][PASSED] - click(findTestObject("2-OBJECTS TAREAS SECUNDARIAS/Pruebas SST/Crear_plan_de_trabajo_anual/a_Aceptar")): Object: 'Object Repository/2-OBJECTS TAREAS SECUNDARIAS/Pruebas SST/Crear_plan_de_trabajo_anual/a_Aceptar' is clicked on

2023-03-09 13:16:38 - [MESSAGE][PASSED] - Object: 'Object Repository/2-OBJECTS TAREAS SECUNDARIAS/Pruebas SST/Crear_plan_de_trabajo_anual/a_Aceptar' is clicked on

2023-03-09 13:16:38 - [TEST_STEP][PASSED] - if (waitForElementPresent(findTestObject("2-OBJECTS TAREAS SECUNDARIAS/Pruebas SST/Crear_plan_de_trabajo_anual/a_Responsable"), 1)): null

2023-03-09 13:16:39 - [MESSAGE][PASSED] - Object 'Object Repository/2-OBJECTS TAREAS SECUNDARIAS/Pruebas SST/Crear_plan_de_trabajo_anual/a_Responsable' is present

2023-03-09 13:16:39 - [TEST_STEP][PASSED] - click(findTestObject("2-OBJECTS TAREAS SECUNDARIAS/Pruebas SST/Crear_plan_de_trabajo_anual/a_Responsable")): Object: 'Object Repository/2-OBJECTS TAREAS SECUNDARIAS/Pruebas SST/Crear_plan_de_trabajo_anual/a_Responsable' is clicked on

2023-03-09 13:16:40 - [MESSAGE][PASSED] - Object: 'Object Repository/2-OBJECTS TAREAS SECUNDARIAS/Pruebas SST/Crear_plan_de_trabajo_anual/a_Responsable' is clicked on

2023-03-09 13:16:40 - [TEST_STEP][PASSED] - if (waitForElementPresent(findTestObject("2-OBJECTS TAREAS SECUNDARIAS/Pruebas SST/Crear_plan_de_trabajo_anual/a_A A A_form_actividadesObjetivosPlanTrabajotabsActividadestabla_responsables0j_idt714"), 1)): null

2023-03-09 13:16:40 - [MESSAGE][PASSED] - Object 'Object Repository/2-OBJECTS TAREAS SECUNDARIAS/Pruebas SST/Crear_plan_de_trabajo_anual/a_A A A_form_actividadesObjetivosPlanTrabajotabsActividadestabla_responsables0j_idt714' is present

2023-03-09 13:16:40 - [TEST_STEP][PASSED] - click(findTestObject("2-OBJECTS TAREAS SECUNDARIAS/Pruebas SST/Crear_plan_de_trabajo_anual/a_A A A_form_actividadesObjetivosPlanTrabajotabsActividadestabla_responsables0j_idt714")): Object: 'Object Repository/2-OBJECTS TAREAS SECUNDARIAS/Pruebas SST/Crear_plan_de_trabajo_anual/a_A A A_form_actividadesObjetivosPlanTrabajotabsActividadestabla_responsables0j_idt714' is clicked on

2023-03-09 13:16:41 - [MESSAGE][PASSED] - Object: 'Object Repository/2-OBJECTS TAREAS SECUNDARIAS/Pruebas SST/Crear_plan_de_trabajo_anual/a_A A A_form_actividadesObjetivosPlanTrabajotabsActividadestabla_responsables0j_idt714' is clicked on

2023-03-09 13:16:41 - [TEST_STEP][PASSED] - click(findTestObject("2-OBJECTS TAREAS SECUNDARIAS/Pruebas SST/Crear_plan_de_trabajo_anual/a_Aceptar")): Object: 'Object Repository/2-OBJECTS TAREAS SECUNDARIAS/Pruebas SST/Crear_plan_de_trabajo_anual/a_Aceptar' is clicked on

2023-03-09 13:16:41 - [MESSAGE][PASSED] - Object: 'Object Repository/2-OBJECTS TAREAS SECUNDARIAS/Pruebas SST/Crear_plan_de_trabajo_anual/a_Aceptar' is clicked on

2023-03-09 13:16:41 - [TEST_STEP][PASSED] - if (waitForElementPresent(findTestObject("2-OBJECTS TAREAS SECUNDARIAS/Pruebas SST/Crear_plan_de_trabajo_anual/a_Actividades_Pestaa"), 1)): null

2023-03-09 13:16:42 - [MESSAGE][PASSED] - Object 'Object Repository/2-OBJECTS TAREAS SECUNDARIAS/Pruebas SST/Crear_plan_de_trabajo_anual/a_Actividades_Pestaa' is present

2023-03-09 13:16:42 - [TEST_STEP][PASSED] - click(findTestObject("2-OBJECTS TAREAS SECUNDARIAS/Pruebas SST/Crear_plan_de_trabajo_anual/a_Actividades_Pestaa")): Object: 'Object Repository/2-OBJECTS TAREAS SECUNDARIAS/Pruebas SST/Crear_plan_de_trabajo_anual/a_Actividades_Pestaa' is clicked on

2023-03-09 13:16:42 - [MESSAGE][PASSED] - Object: 'Object Repository/2-OBJECTS TAREAS SECUNDARIAS/Pruebas SST/Crear_plan_de_trabajo_anual/a_Actividades_Pestaa' is clicked on

2023-03-09 13:16:42 - [TEST_STEP][PASSED] - click(findTestObject("2-OBJECTS TAREAS SECUNDARIAS/Pruebas SST/Crear_plan_de_trabajo_anual/a_Eliminar")): Object: 'Object Repository/2-OBJECTS TAREAS SECUNDARIAS/Pruebas SST/Crear_plan_de_trabajo_anual/a_Eliminar' is clicked on

2023-03-09 13:16:43 - [MESSAGE][PASSED] - Object: 'Object Repository/2-OBJECTS TAREAS SECUNDARIAS/Pruebas SST/Crear_plan_de_trabajo_anual/a_Eliminar' is clicked on

2023-03-09 13:16:43 - [TEST_STEP][PASSED] - click(findTestObject("2-OBJECTS TAREAS SECUNDARIAS/Pruebas SST/Crear_plan_de_trabajo_anual/a_Aceptar")): Object: 'Object Repository/2-OBJECTS TAREAS SECUNDARIAS/Pruebas SST/Crear_plan_de_trabajo_anual/a_Aceptar' is clicked on

2023-03-09 13:16:44 - [MESSAGE][PASSED] - Object: 'Object Repository/2-OBJECTS TAREAS SECUNDARIAS/Pruebas SST/Crear_plan_de_trabajo_anual/a_Aceptar' is clicked on

2023-03-09 13:16:44 - [TEST_STEP][PASSED] - click(findTestObject("2-OBJECTS TAREAS SECUNDARIAS/Pruebas SST/Crear_plan_de_trabajo_anual/a_Detalle")): Object: 'Object Repository/2-OBJECTS TAREAS SECUNDARIAS/Pruebas SST/Crear_plan_de_trabajo_anual/a_Detalle' is clicked on

2023-03-09 13:16:44 - [MESSAGE][PASSED] - Object: 'Object Repository/2-OBJECTS TAREAS SECUNDARIAS/Pruebas SST/Crear_plan_de_trabajo_anual/a_Detalle' is clicked on

2023-03-09 13:16:44 - [TEST_STEP][PASSED] - click(findTestObject("2-OBJECTS TAREAS SECUNDARIAS/Pruebas SST/Crear_plan_de_trabajo_anual/a_Eliminar")): Object: 'Object Repository/2-OBJECTS TAREAS SECUNDARIAS/Pruebas SST/Crear_plan_de_trabajo_anual/a_Eliminar' is clicked on

2023-03-09 13:16:45 - [MESSAGE][PASSED] - Object: 'Object Repository/2-OBJECTS TAREAS SECUNDARIAS/Pruebas SST/Crear_plan_de_trabajo_anual/a_Eliminar' is clicked on

2023-03-09 13:16:45 - [TEST_STEP][PASSED] - click(findTestObject("2-OBJECTS TAREAS SECUNDARIAS/Pruebas SST/Crear_plan_de_trabajo_anual/a_Aceptar")): Object: 'Object Repository/2-OBJECTS TAREAS SECUNDARIAS/Pruebas SST/Crear_plan_de_trabajo_anual/a_Aceptar' is clicked on

2023-03-09 13:16:46 - [MESSAGE][PASSED] - Object: 'Object Repository/2-OBJECTS TAREAS SECUNDARIAS/Pruebas SST/Crear_plan_de_trabajo_anual/a_Aceptar' is clicked on

2023-03-09 13:16:46 - [TEST_STEP][PASSED] - click(findTestObject("2-OBJECTS TAREAS SECUNDARIAS/Pruebas SST/Crear_plan_de_trabajo_anual/a_Regresar")): Object: 'Object Repository/2-OBJECTS TAREAS SECUNDARIAS/Pruebas SST/Crear_plan_de_trabajo_anual/a_Regresar' is clicked on

2023-03-09 13:16:46 - [MESSAGE][PASSED] - Object: 'Object Repository/2-OBJECTS TAREAS SECUNDARIAS/Pruebas SST/Crear_plan_de_trabajo_anual/a_Regresar' is clicked on

2023-03-09 13:16:46 - [TEST_STEP][PASSED] - click(findTestObject("2-OBJECTS TAREAS SECUNDARIAS/Pruebas SST/Crear_plan_de_trabajo_anual/a_Detalle")): Object: 'Object Repository/2-OBJECTS TAREAS SECUNDARIAS/Pruebas SST/Crear_plan_de_trabajo_anual/a_Detalle' is clicked on

2023-03-09 13:16:47 - [MESSAGE][PASSED] - Object: 'Object Repository/2-OBJECTS TAREAS SECUNDARIAS/Pruebas SST/Crear_plan_de_trabajo_anual/a_Detalle' is clicked on

2023-03-09 13:16:47 - [TEST_STEP][PASSED] - if (waitForElementPresent(findTestObject("2-OBJECTS TAREAS SECUNDARIAS/Pruebas SST/Crear_plan_de_trabajo_anual/a_Eliminar"), 1)): null

2023-03-09 13:16:48 - [MESSAGE][PASSED] - Object 'Object Repository/2-OBJECTS TAREAS SECUNDARIAS/Pruebas SST/Crear_plan_de_trabajo_anual/a_Eliminar' is present

2023-03-09 13:16:48 - [TEST_STEP][PASSED] - click(findTestObject("2-OBJECTS TAREAS SECUNDARIAS/Pruebas SST/Crear_plan_de_trabajo_anual/a_Eliminar")): Object: 'Object Repository/2-OBJECTS TAREAS SECUNDARIAS/Pruebas SST/Crear_plan_de_trabajo_anual/a_Eliminar' is clicked on

2023-03-09 13:16:48 - [MESSAGE][PASSED] - Object: 'Object Repository/2-OBJECTS TAREAS SECUNDARIAS/Pruebas SST/Crear_plan_de_trabajo_anual/a_Eliminar' is clicked on

2023-03-09 13:16:48 - [TEST_STEP][PASSED] - click(findTestObject("2-OBJECTS TAREAS SECUNDARIAS/Pruebas SST/Crear_plan_de_trabajo_anual/a_Aceptar")): Object: 'Object Repository/2-OBJECTS TAREAS SECUNDARIAS/Pruebas SST/Crear_plan_de_trabajo_anual/a_Aceptar' is clicked on

2023-03-09 13:16:49 - [MESSAGE][PASSED] - Object: 'Object Repository/2-OBJECTS TAREAS SECUNDARIAS/Pruebas SST/Crear_plan_de_trabajo_anual/a_Aceptar' is clicked on

2023-03-09 13:16:49 - [TEST_STEP][PASSED] - click(findTestObject("2-OBJECTS TAREAS SECUNDARIAS/Pruebas SST/Crear_plan_de_trabajo_anual/a_Regresar")): Object: 'Object Repository/2-OBJECTS TAREAS SECUNDARIAS/Pruebas SST/Crear_plan_de_trabajo_anual/a_Regresar' is clicked on

2023-03-09 13:16:49 - [MESSAGE][PASSED] - Object: 'Object Repository/2-OBJECTS TAREAS SECUNDARIAS/Pruebas SST/Crear_plan_de_trabajo_anual/a_Regresar' is clicked on

2023-03-09 13:16:49 - [TEST_STEP][PASSED] - click(findTestObject("2-OBJECTS TAREAS SECUNDARIAS/Pruebas SST/Crear_plan_de_trabajo_anual/a_Nuevo")): Object: 'Object Repository/2-OBJECTS TAREAS SECUNDARIAS/Pruebas SST/Crear_plan_de_trabajo_anual/a_Nuevo' is clicked on

2023-03-09 13:16:50 - [MESSAGE][PASSED] - Object: 'Object Repository/2-OBJECTS TAREAS SECUNDARIAS/Pruebas SST/Crear_plan_de_trabajo_anual/a_Nuevo' is clicked on

2023-03-09 13:16:50 - [TEST_STEP][PASSED] - setText(findTestObject("2-OBJECTS TAREAS SECUNDARIAS/Pruebas SST/Crear_plan_de_trabajo_anual/input_Nombre_form_datosBasicosPlanTrabajonombre"), "Pruebas  k"): Text 'Pruebas  k' is set on object 'Object Repository/2-OBJECTS TAREAS SECUNDARIAS/Pruebas SST/Crear_plan_de_trabajo_anual/input_Nombre_form_datosBasicosPlanTrabajonombre'

2023-03-09 13:16:51 - [MESSAGE][PASSED] - Text 'Pruebas  k' is set on object 'Object Repository/2-OBJECTS TAREAS SECUNDARIAS/Pruebas SST/Crear_plan_de_trabajo_anual/input_Nombre_form_datosBasicosPlanTrabajonombre'

2023-03-09 13:16:51 - [TEST_STEP][PASSED] - setText(findTestObject("2-OBJECTS TAREAS SECUNDARIAS/Pruebas SST/Crear_plan_de_trabajo_anual/textarea_Descripcin_form_datosBasicosPlanTrabajodescripcion"), "pruebas katalon"): Text 'pruebas katalon' is set on object 'Object Repository/2-OBJECTS TAREAS SECUNDARIAS/Pruebas SST/Crear_plan_de_trabajo_anual/textarea_Descripcin_form_datosBasicosPlanTrabajodescripcion'

2023-03-09 13:16:52 - [MESSAGE][PASSED] - Text 'pruebas katalon' is set on object 'Object Repository/2-OBJECTS TAREAS SECUNDARIAS/Pruebas SST/Crear_plan_de_trabajo_anual/textarea_Descripcin_form_datosBasicosPlanTrabajodescripcion'

2023-03-09 13:16:52 - [TEST_STEP][PASSED] - setText(findTestObject("2-OBJECTS TAREAS SECUNDARIAS/Pruebas SST/Crear_plan_de_trabajo_anual/input_Fecha_form_datosBasicosPlanTrabajofecha_input"), "01/07/2021"): Text '01/07/2021' is set on object 'Object Repository/2-OBJECTS TAREAS SECUNDARIAS/Pruebas SST/Crear_plan_de_trabajo_anual/input_Fecha_form_datosBasicosPlanTrabajofecha_input'

2023-03-09 13:16:53 - [MESSAGE][PASSED] - Text '01/07/2021' is set on object 'Object Repository/2-OBJECTS TAREAS SECUNDARIAS/Pruebas SST/Crear_plan_de_trabajo_anual/input_Fecha_form_datosBasicosPlanTrabajofecha_input'

2023-03-09 13:16:53 - [TEST_STEP][PASSED] - selectOptionByIndex(findTestObject("2-OBJECTS TAREAS SECUNDARIAS/Pruebas SST/Crear_plan_de_trabajo_anual/select_SEDE NORTESEDE OCCIDENTESEDE SUR"), 0): All options with index in [0] are selected on object 'Object Repository/2-OBJECTS TAREAS SECUNDARIAS/Pruebas SST/Crear_plan_de_trabajo_anual/select_SEDE NORTESEDE OCCIDENTESEDE SUR'

2023-03-09 13:16:54 - [MESSAGE][PASSED] - All options with index in [0] are selected on object 'Object Repository/2-OBJECTS TAREAS SECUNDARIAS/Pruebas SST/Crear_plan_de_trabajo_anual/select_SEDE NORTESEDE OCCIDENTESEDE SUR'

2023-03-09 13:16:54 - [TEST_STEP][PASSED] - click(findTestObject("2-OBJECTS TAREAS SECUNDARIAS/Pruebas SST/Crear_plan_de_trabajo_anual/a_Guardar")): Object: 'Object Repository/2-OBJECTS TAREAS SECUNDARIAS/Pruebas SST/Crear_plan_de_trabajo_anual/a_Guardar' is clicked on

2023-03-09 13:16:54 - [MESSAGE][PASSED] - Object: 'Object Repository/2-OBJECTS TAREAS SECUNDARIAS/Pruebas SST/Crear_plan_de_trabajo_anual/a_Guardar' is clicked on

2023-03-09 13:16:54 - [TEST_STEP][PASSED] - click(findTestObject("2-OBJECTS TAREAS SECUNDARIAS/Pruebas SST/Crear_plan_de_trabajo_anual/a_Objetivos")): Object: 'Object Repository/2-OBJECTS TAREAS SECUNDARIAS/Pruebas SST/Crear_plan_de_trabajo_anual/a_Objetivos' is clicked on

2023-03-09 13:16:55 - [MESSAGE][PASSED] - Object: 'Object Repository/2-OBJECTS TAREAS SECUNDARIAS/Pruebas SST/Crear_plan_de_trabajo_anual/a_Objetivos' is clicked on

2023-03-09 13:16:55 - [TEST_STEP][PASSED] - click(findTestObject("2-OBJECTS TAREAS SECUNDARIAS/Pruebas SST/Crear_plan_de_trabajo_anual/a_Nuevo")): Object: 'Object Repository/2-OBJECTS TAREAS SECUNDARIAS/Pruebas SST/Crear_plan_de_trabajo_anual/a_Nuevo' is clicked on

2023-03-09 13:16:55 - [MESSAGE][PASSED] - Object: 'Object Repository/2-OBJECTS TAREAS SECUNDARIAS/Pruebas SST/Crear_plan_de_trabajo_anual/a_Nuevo' is clicked on

2023-03-09 13:16:55 - [TEST_STEP][PASSED] - setText(findTestObject("2-OBJECTS TAREAS SECUNDARIAS/Pruebas SST/Crear_plan_de_trabajo_anual/textarea_Objetivo_form_datosObjetivosPlanTrabajoobjetivo"), "pruebas katalon"): Text 'pruebas katalon' is set on object 'Object Repository/2-OBJECTS TAREAS SECUNDARIAS/Pruebas SST/Crear_plan_de_trabajo_anual/textarea_Objetivo_form_datosObjetivosPlanTrabajoobjetivo'

2023-03-09 13:16:56 - [MESSAGE][PASSED] - Text 'pruebas katalon' is set on object 'Object Repository/2-OBJECTS TAREAS SECUNDARIAS/Pruebas SST/Crear_plan_de_trabajo_anual/textarea_Objetivo_form_datosObjetivosPlanTrabajoobjetivo'

2023-03-09 13:16:56 - [TEST_STEP][PASSED] - selectOptionByIndex(findTestObject("2-OBJECTS TAREAS SECUNDARIAS/Pruebas SST/Crear_plan_de_trabajo_anual/select_SeleccionarBASE LEGAL"), 1): All options with index in [1] are selected on object 'Object Repository/2-OBJECTS TAREAS SECUNDARIAS/Pruebas SST/Crear_plan_de_trabajo_anual/select_SeleccionarBASE LEGAL'

2023-03-09 13:16:57 - [MESSAGE][PASSED] - All options with index in [1] are selected on object 'Object Repository/2-OBJECTS TAREAS SECUNDARIAS/Pruebas SST/Crear_plan_de_trabajo_anual/select_SeleccionarBASE LEGAL'

2023-03-09 13:16:57 - [TEST_STEP][PASSED] - selectOptionByIndex(findTestObject("2-OBJECTS TAREAS SECUNDARIAS/Pruebas SST/Crear_plan_de_trabajo_anual/select_SeleccionarPSO"), 1): All options with index in [1] are selected on object 'Object Repository/2-OBJECTS TAREAS SECUNDARIAS/Pruebas SST/Crear_plan_de_trabajo_anual/select_SeleccionarPSO'

2023-03-09 13:16:58 - [MESSAGE][PASSED] - All options with index in [1] are selected on object 'Object Repository/2-OBJECTS TAREAS SECUNDARIAS/Pruebas SST/Crear_plan_de_trabajo_anual/select_SeleccionarPSO'

2023-03-09 13:16:58 - [TEST_STEP][PASSED] - click(findTestObject("2-OBJECTS TAREAS SECUNDARIAS/Pruebas SST/Crear_plan_de_trabajo_anual/a_Guardar")): Object: 'Object Repository/2-OBJECTS TAREAS SECUNDARIAS/Pruebas SST/Crear_plan_de_trabajo_anual/a_Guardar' is clicked on

2023-03-09 13:16:59 - [MESSAGE][PASSED] - Object: 'Object Repository/2-OBJECTS TAREAS SECUNDARIAS/Pruebas SST/Crear_plan_de_trabajo_anual/a_Guardar' is clicked on

2023-03-09 13:16:59 - [TEST_STEP][PASSED] - click(findTestObject("2-OBJECTS TAREAS SECUNDARIAS/Pruebas SST/Crear_plan_de_trabajo_anual/a_Actividades")): Object: 'Object Repository/2-OBJECTS TAREAS SECUNDARIAS/Pruebas SST/Crear_plan_de_trabajo_anual/a_Actividades' is clicked on

2023-03-09 13:17:00 - [MESSAGE][PASSED] - Object: 'Object Repository/2-OBJECTS TAREAS SECUNDARIAS/Pruebas SST/Crear_plan_de_trabajo_anual/a_Actividades' is clicked on

2023-03-09 13:17:00 - [TEST_STEP][PASSED] - click(findTestObject("2-OBJECTS TAREAS SECUNDARIAS/Pruebas SST/Crear_plan_de_trabajo_anual/a_Nuevo")): Object: 'Object Repository/2-OBJECTS TAREAS SECUNDARIAS/Pruebas SST/Crear_plan_de_trabajo_anual/a_Nuevo' is clicked on

2023-03-09 13:17:00 - [MESSAGE][PASSED] - Object: 'Object Repository/2-OBJECTS TAREAS SECUNDARIAS/Pruebas SST/Crear_plan_de_trabajo_anual/a_Nuevo' is clicked on

2023-03-09 13:17:00 - [TEST_STEP][PASSED] - setText(findTestObject("2-OBJECTS TAREAS SECUNDARIAS/Pruebas SST/Crear_plan_de_trabajo_anual/input_Cdigo_form_actividadesObjetivosPlanTrabajotabsActividadesactividad"), "5"): Text '5' is set on object 'Object Repository/2-OBJECTS TAREAS SECUNDARIAS/Pruebas SST/Crear_plan_de_trabajo_anual/input_Cdigo_form_actividadesObjetivosPlanTrabajotabsActividadesactividad'

2023-03-09 13:17:01 - [MESSAGE][PASSED] - Text '5' is set on object 'Object Repository/2-OBJECTS TAREAS SECUNDARIAS/Pruebas SST/Crear_plan_de_trabajo_anual/input_Cdigo_form_actividadesObjetivosPlanTrabajotabsActividadesactividad'

2023-03-09 13:17:01 - [TEST_STEP][PASSED] - setText(findTestObject("2-OBJECTS TAREAS SECUNDARIAS/Pruebas SST/Crear_plan_de_trabajo_anual/textarea_Descripcin_form_actividadesObjetivosPlanTrabajotabsActividadesdescripcion"), "pruebas k"): Text 'pruebas k' is set on object 'Object Repository/2-OBJECTS TAREAS SECUNDARIAS/Pruebas SST/Crear_plan_de_trabajo_anual/textarea_Descripcin_form_actividadesObjetivosPlanTrabajotabsActividadesdescripcion'

2023-03-09 13:17:02 - [MESSAGE][PASSED] - Text 'pruebas k' is set on object 'Object Repository/2-OBJECTS TAREAS SECUNDARIAS/Pruebas SST/Crear_plan_de_trabajo_anual/textarea_Descripcin_form_actividadesObjetivosPlanTrabajotabsActividadesdescripcion'

2023-03-09 13:17:02 - [TEST_STEP][PASSED] - click(findTestObject("2-OBJECTS TAREAS SECUNDARIAS/Pruebas SST/Crear_plan_de_trabajo_anual/a_Responsable Principal_form_actividadesObjetivosPlanTrabajotabsActividadesj_idt673")): Object: 'Object Repository/2-OBJECTS TAREAS SECUNDARIAS/Pruebas SST/Crear_plan_de_trabajo_anual/a_Responsable Principal_form_actividadesObjetivosPlanTrabajotabsActividadesj_idt673' is clicked on

2023-03-09 13:17:03 - [MESSAGE][PASSED] - Object: 'Object Repository/2-OBJECTS TAREAS SECUNDARIAS/Pruebas SST/Crear_plan_de_trabajo_anual/a_Responsable Principal_form_actividadesObjetivosPlanTrabajotabsActividadesj_idt673' is clicked on

2023-03-09 13:17:03 - [TEST_STEP][PASSED] - setText(findTestObject("2-OBJECTS TAREAS SECUNDARIAS/Pruebas SST/Crear_plan_de_trabajo_anual/input_Filtro Hoja de Vida_formPopupHojaVidaj_idt782"), "A A A"): Text 'A A A' is set on object 'Object Repository/2-OBJECTS TAREAS SECUNDARIAS/Pruebas SST/Crear_plan_de_trabajo_anual/input_Filtro Hoja de Vida_formPopupHojaVidaj_idt782'

2023-03-09 13:17:04 - [MESSAGE][PASSED] - Text 'A A A' is set on object 'Object Repository/2-OBJECTS TAREAS SECUNDARIAS/Pruebas SST/Crear_plan_de_trabajo_anual/input_Filtro Hoja de Vida_formPopupHojaVidaj_idt782'

2023-03-09 13:17:04 - [TEST_STEP][PASSED] - sendKeys(findTestObject("2-OBJECTS TAREAS SECUNDARIAS/Pruebas SST/Crear_plan_de_trabajo_anual/input_Filtro Hoja de Vida_formPopupHojaVidaj_idt782"), Keys.chord(ENTER)): Keys 'ENTER + ' sent to object: 'Object Repository/2-OBJECTS TAREAS SECUNDARIAS/Pruebas SST/Crear_plan_de_trabajo_anual/input_Filtro Hoja de Vida_formPopupHojaVidaj_idt782'

2023-03-09 13:17:04 - [MESSAGE][PASSED] - Keys 'ENTER + ' sent to object: 'Object Repository/2-OBJECTS TAREAS SECUNDARIAS/Pruebas SST/Crear_plan_de_trabajo_anual/input_Filtro Hoja de Vida_formPopupHojaVidaj_idt782'

2023-03-09 13:17:04 - [TEST_STEP][PASSED] - click(findTestObject("2-OBJECTS TAREAS SECUNDARIAS/Pruebas SST/Crear_plan_de_trabajo_anual/span_A A A")): Object: 'Object Repository/2-OBJECTS TAREAS SECUNDARIAS/Pruebas SST/Crear_plan_de_trabajo_anual/span_A A A' is clicked on

2023-03-09 13:17:05 - [MESSAGE][PASSED] - Object: 'Object Repository/2-OBJECTS TAREAS SECUNDARIAS/Pruebas SST/Crear_plan_de_trabajo_anual/span_A A A' is clicked on

2023-03-09 13:17:05 - [TEST_STEP][PASSED] - click(findTestObject("2-OBJECTS TAREAS SECUNDARIAS/Pruebas SST/Crear_plan_de_trabajo_anual/a_Tipo de Riesgo_form_actividadesObjetivosPlanTrabajotabsActividadesj_idt677")): Object: 'Object Repository/2-OBJECTS TAREAS SECUNDARIAS/Pruebas SST/Crear_plan_de_trabajo_anual/a_Tipo de Riesgo_form_actividadesObjetivosPlanTrabajotabsActividadesj_idt677' is clicked on

2023-03-09 13:17:06 - [MESSAGE][PASSED] - Object: 'Object Repository/2-OBJECTS TAREAS SECUNDARIAS/Pruebas SST/Crear_plan_de_trabajo_anual/a_Tipo de Riesgo_form_actividadesObjetivosPlanTrabajotabsActividadesj_idt677' is clicked on

2023-03-09 13:17:06 - [TEST_STEP][PASSED] - click(findTestObject("2-OBJECTS TAREAS SECUNDARIAS/Pruebas SST/Crear_plan_de_trabajo_anual/td_prueba")): Object: 'Object Repository/2-OBJECTS TAREAS SECUNDARIAS/Pruebas SST/Crear_plan_de_trabajo_anual/td_prueba' is clicked on

2023-03-09 13:17:06 - [MESSAGE][PASSED] - Object: 'Object Repository/2-OBJECTS TAREAS SECUNDARIAS/Pruebas SST/Crear_plan_de_trabajo_anual/td_prueba' is clicked on

2023-03-09 13:17:06 - [TEST_STEP][PASSED] - click(findTestObject("2-OBJECTS TAREAS SECUNDARIAS/Pruebas SST/Crear_plan_de_trabajo_anual/a_Guardar")): Object: 'Object Repository/2-OBJECTS TAREAS SECUNDARIAS/Pruebas SST/Crear_plan_de_trabajo_anual/a_Guardar' is clicked on

2023-03-09 13:17:07 - [MESSAGE][PASSED] - Object: 'Object Repository/2-OBJECTS TAREAS SECUNDARIAS/Pruebas SST/Crear_plan_de_trabajo_anual/a_Guardar' is clicked on

2023-03-09 13:17:07 - [TEST_STEP][PASSED] - click(findTestObject("2-OBJECTS TAREAS SECUNDARIAS/Pruebas SST/Crear_plan_de_trabajo_anual/a_Responsable")): Object: 'Object Repository/2-OBJECTS TAREAS SECUNDARIAS/Pruebas SST/Crear_plan_de_trabajo_anual/a_Responsable' is clicked on

2023-03-09 13:17:08 - [MESSAGE][PASSED] - Object: 'Object Repository/2-OBJECTS TAREAS SECUNDARIAS/Pruebas SST/Crear_plan_de_trabajo_anual/a_Responsable' is clicked on

2023-03-09 13:17:08 - [TEST_STEP][PASSED] - click(findTestObject("2-OBJECTS TAREAS SECUNDARIAS/Pruebas SST/Crear_plan_de_trabajo_anual/a_Nombre_form_actividadesObjetivosPlanTrabajotabsActividadestabla_responsablesj_idt710")): Object: 'Object Repository/2-OBJECTS TAREAS SECUNDARIAS/Pruebas SST/Crear_plan_de_trabajo_anual/a_Nombre_form_actividadesObjetivosPlanTrabajotabsActividadestabla_responsablesj_idt710' is clicked on

2023-03-09 13:17:08 - [MESSAGE][PASSED] - Object: 'Object Repository/2-OBJECTS TAREAS SECUNDARIAS/Pruebas SST/Crear_plan_de_trabajo_anual/a_Nombre_form_actividadesObjetivosPlanTrabajotabsActividadestabla_responsablesj_idt710' is clicked on

2023-03-09 13:17:08 - [TEST_STEP][PASSED] - setText(findTestObject("2-OBJECTS TAREAS SECUNDARIAS/Pruebas SST/Crear_plan_de_trabajo_anual/input_Filtro Hoja de Vida_formPopupHojaVidaj_idt7820"), "A A A"): Text 'A A A' is set on object 'Object Repository/2-OBJECTS TAREAS SECUNDARIAS/Pruebas SST/Crear_plan_de_trabajo_anual/input_Filtro Hoja de Vida_formPopupHojaVidaj_idt7820'

2023-03-09 13:17:09 - [MESSAGE][PASSED] - Text 'A A A' is set on object 'Object Repository/2-OBJECTS TAREAS SECUNDARIAS/Pruebas SST/Crear_plan_de_trabajo_anual/input_Filtro Hoja de Vida_formPopupHojaVidaj_idt7820'

2023-03-09 13:17:09 - [TEST_STEP][PASSED] - sendKeys(findTestObject("2-OBJECTS TAREAS SECUNDARIAS/Pruebas SST/Crear_plan_de_trabajo_anual/input_Filtro Hoja de Vida_formPopupHojaVidaj_idt7820"), Keys.chord(ENTER)): Keys 'ENTER + ' sent to object: 'Object Repository/2-OBJECTS TAREAS SECUNDARIAS/Pruebas SST/Crear_plan_de_trabajo_anual/input_Filtro Hoja de Vida_formPopupHojaVidaj_idt7820'

2023-03-09 13:17:10 - [MESSAGE][PASSED] - Keys 'ENTER + ' sent to object: 'Object Repository/2-OBJECTS TAREAS SECUNDARIAS/Pruebas SST/Crear_plan_de_trabajo_anual/input_Filtro Hoja de Vida_formPopupHojaVidaj_idt7820'

2023-03-09 13:17:10 - [TEST_STEP][PASSED] - click(findTestObject("2-OBJECTS TAREAS SECUNDARIAS/Pruebas SST/Crear_plan_de_trabajo_anual/td_A A A")): Object: 'Object Repository/2-OBJECTS TAREAS SECUNDARIAS/Pruebas SST/Crear_plan_de_trabajo_anual/td_A A A' is clicked on

2023-03-09 13:17:11 - [MESSAGE][PASSED] - Object: 'Object Repository/2-OBJECTS TAREAS SECUNDARIAS/Pruebas SST/Crear_plan_de_trabajo_anual/td_A A A' is clicked on

2023-03-09 13:17:11 - [TEST_STEP][PASSED] - click(findTestObject("2-OBJECTS TAREAS SECUNDARIAS/Pruebas SST/Crear_plan_de_trabajo_anual/a_Nombre_form_actividadesObjetivosPlanTrabajotabsActividadestabla_responsablesj_idt715")): Object: 'Object Repository/2-OBJECTS TAREAS SECUNDARIAS/Pruebas SST/Crear_plan_de_trabajo_anual/a_Nombre_form_actividadesObjetivosPlanTrabajotabsActividadestabla_responsablesj_idt715' is clicked on

2023-03-09 13:17:11 - [MESSAGE][PASSED] - Object: 'Object Repository/2-OBJECTS TAREAS SECUNDARIAS/Pruebas SST/Crear_plan_de_trabajo_anual/a_Nombre_form_actividadesObjetivosPlanTrabajotabsActividadestabla_responsablesj_idt715' is clicked on

2023-03-09 13:17:11 - [TEST_STEP][PASSED] - click(findTestObject("2-OBJECTS TAREAS SECUNDARIAS/Pruebas SST/Crear_plan_de_trabajo_anual/a_Cronograma")): Object: 'Object Repository/2-OBJECTS TAREAS SECUNDARIAS/Pruebas SST/Crear_plan_de_trabajo_anual/a_Cronograma' is clicked on

2023-03-09 13:17:12 - [MESSAGE][PASSED] - Object: 'Object Repository/2-OBJECTS TAREAS SECUNDARIAS/Pruebas SST/Crear_plan_de_trabajo_anual/a_Cronograma' is clicked on

2023-03-09 13:17:12 - [TEST_STEP][PASSED] - click(findTestObject("2-OBJECTS TAREAS SECUNDARIAS/Pruebas SST/Crear_plan_de_trabajo_anual/a_Nuevo")): Object: 'Object Repository/2-OBJECTS TAREAS SECUNDARIAS/Pruebas SST/Crear_plan_de_trabajo_anual/a_Nuevo' is clicked on

2023-03-09 13:17:13 - [MESSAGE][PASSED] - Object: 'Object Repository/2-OBJECTS TAREAS SECUNDARIAS/Pruebas SST/Crear_plan_de_trabajo_anual/a_Nuevo' is clicked on

2023-03-09 13:17:13 - [TEST_STEP][PASSED] - setText(findTestObject("2-OBJECTS TAREAS SECUNDARIAS/Pruebas SST/Crear_plan_de_trabajo_anual/input_Fecha Inicio_form_actividadesObjetivosPlanTrabajotabsActividadesfechaInicial_input"), "01/07/2021"): Text '01/07/2021' is set on object 'Object Repository/2-OBJECTS TAREAS SECUNDARIAS/Pruebas SST/Crear_plan_de_trabajo_anual/input_Fecha Inicio_form_actividadesObjetivosPlanTrabajotabsActividadesfechaInicial_input'

2023-03-09 13:17:14 - [MESSAGE][PASSED] - Text '01/07/2021' is set on object 'Object Repository/2-OBJECTS TAREAS SECUNDARIAS/Pruebas SST/Crear_plan_de_trabajo_anual/input_Fecha Inicio_form_actividadesObjetivosPlanTrabajotabsActividadesfechaInicial_input'

2023-03-09 13:17:14 - [TEST_STEP][PASSED] - setText(findTestObject("2-OBJECTS TAREAS SECUNDARIAS/Pruebas SST/Crear_plan_de_trabajo_anual/input_Fecha Final_form_actividadesObjetivosPlanTrabajotabsActividadesfechaFinal_input"), "02/07/2021"): Text '02/07/2021' is set on object 'Object Repository/2-OBJECTS TAREAS SECUNDARIAS/Pruebas SST/Crear_plan_de_trabajo_anual/input_Fecha Final_form_actividadesObjetivosPlanTrabajotabsActividadesfechaFinal_input'

2023-03-09 13:17:15 - [MESSAGE][PASSED] - Text '02/07/2021' is set on object 'Object Repository/2-OBJECTS TAREAS SECUNDARIAS/Pruebas SST/Crear_plan_de_trabajo_anual/input_Fecha Final_form_actividadesObjetivosPlanTrabajotabsActividadesfechaFinal_input'

2023-03-09 13:17:15 - [TEST_STEP][PASSED] - setText(findTestObject("2-OBJECTS TAREAS SECUNDARIAS/Pruebas SST/Crear_plan_de_trabajo_anual/input_Horas Programadas_form_actividadesObjetivosPlanTrabajotabsActividadeshorasProgramadas"), "5"): Text '5' is set on object 'Object Repository/2-OBJECTS TAREAS SECUNDARIAS/Pruebas SST/Crear_plan_de_trabajo_anual/input_Horas Programadas_form_actividadesObjetivosPlanTrabajotabsActividadeshorasProgramadas'

2023-03-09 13:17:15 - [MESSAGE][PASSED] - Text '5' is set on object 'Object Repository/2-OBJECTS TAREAS SECUNDARIAS/Pruebas SST/Crear_plan_de_trabajo_anual/input_Horas Programadas_form_actividadesObjetivosPlanTrabajotabsActividadeshorasProgramadas'

2023-03-09 13:17:15 - [TEST_STEP][PASSED] - selectOptionByIndex(findTestObject("2-OBJECTS TAREAS SECUNDARIAS/Pruebas SST/Crear_plan_de_trabajo_anual/select_SeleccionarEjecutadoProgramado"), 2): All options with index in [2] are selected on object 'Object Repository/2-OBJECTS TAREAS SECUNDARIAS/Pruebas SST/Crear_plan_de_trabajo_anual/select_SeleccionarEjecutadoProgramado'

2023-03-09 13:17:17 - [MESSAGE][PASSED] - All options with index in [2] are selected on object 'Object Repository/2-OBJECTS TAREAS SECUNDARIAS/Pruebas SST/Crear_plan_de_trabajo_anual/select_SeleccionarEjecutadoProgramado'

2023-03-09 13:17:17 - [TEST_STEP][PASSED] - click(findTestObject("2-OBJECTS TAREAS SECUNDARIAS/Pruebas SST/Crear_plan_de_trabajo_anual/a_Guardar")): Object: 'Object Repository/2-OBJECTS TAREAS SECUNDARIAS/Pruebas SST/Crear_plan_de_trabajo_anual/a_Guardar' is clicked on

2023-03-09 13:17:17 - [MESSAGE][PASSED] - Object: 'Object Repository/2-OBJECTS TAREAS SECUNDARIAS/Pruebas SST/Crear_plan_de_trabajo_anual/a_Guardar' is clicked on

2023-03-09 13:17:17 - [TEST_STEP][PASSED] - click(findTestObject("2-OBJECTS TAREAS SECUNDARIAS/Pruebas SST/Crear_plan_de_trabajo_anual/a_Anexos")): Object: 'Object Repository/2-OBJECTS TAREAS SECUNDARIAS/Pruebas SST/Crear_plan_de_trabajo_anual/a_Anexos' is clicked on

2023-03-09 13:17:18 - [MESSAGE][PASSED] - Object: 'Object Repository/2-OBJECTS TAREAS SECUNDARIAS/Pruebas SST/Crear_plan_de_trabajo_anual/a_Anexos' is clicked on

2023-03-09 13:17:18 - [TEST_STEP][PASSED] - click(findTestObject("2-OBJECTS TAREAS SECUNDARIAS/Pruebas SST/Crear_plan_de_trabajo_anual/a_Descargar_form_actividadesObjetivosPlanTrabajotabsActividadestablaAnexosj_idt763")): Object: 'Object Repository/2-OBJECTS TAREAS SECUNDARIAS/Pruebas SST/Crear_plan_de_trabajo_anual/a_Descargar_form_actividadesObjetivosPlanTrabajotabsActividadestablaAnexosj_idt763' is clicked on

2023-03-09 13:17:18 - [MESSAGE][PASSED] - Object: 'Object Repository/2-OBJECTS TAREAS SECUNDARIAS/Pruebas SST/Crear_plan_de_trabajo_anual/a_Descargar_form_actividadesObjetivosPlanTrabajotabsActividadestablaAnexosj_idt763' is clicked on

2023-03-09 13:17:18 - [TEST_STEP][PASSED] - waitForElementPresent(findTestObject("2-OBJECTS TAREAS SECUNDARIAS/Pruebas SST/Crear_plan_de_trabajo_anual/input_Cargar Archivo_popupCargarArchivoForminputFileName_input"), 0): Object 'Object Repository/2-OBJECTS TAREAS SECUNDARIAS/Pruebas SST/Crear_plan_de_trabajo_anual/input_Cargar Archivo_popupCargarArchivoForminputFileName_input' is present

2023-03-09 13:17:19 - [MESSAGE][WARNING] - Timeout '0' is invalid. Using default page load timeout: '37'

2023-03-09 13:17:19 - [MESSAGE][PASSED] - Object 'Object Repository/2-OBJECTS TAREAS SECUNDARIAS/Pruebas SST/Crear_plan_de_trabajo_anual/input_Cargar Archivo_popupCargarArchivoForminputFileName_input' is present

2023-03-09 13:17:19 - [TEST_STEP][PASSED] - ra = "": null

2023-03-09 13:17:19 - [TEST_STEP][PASSED] - ruta = Systema(ra) + "prueba.pdf": null

2023-03-09 13:17:19 - [TEST_STEP][PASSED] - RutaA = System.getProperty("os.name"): null

2023-03-09 13:17:19 - [TEST_STEP][PASSED] - if (RutaA == "Windows 10"): null

2023-03-09 13:17:19 - [TEST_STEP][PASSED] - rutaW = getProjectDir() + "/1.Requerimientos/Documento para pruebas/": null

2023-03-09 13:17:19 - [TEST_STEP][PASSED] - rutaW = rutaW.replace("/", "\"): null

2023-03-09 13:17:19 - [TEST_STEP][PASSED] - println("Esta es la ruta:" + rutaW): null

2023-03-09 13:17:19 - [TEST_STEP][PASSED] - ra = rutaW: null

2023-03-09 13:17:19 - [TEST_STEP][PASSED] - println(ra): null

2023-03-09 13:17:19 - [TEST_STEP][PASSED] - uploadFile(findTestObject("2-OBJECTS TAREAS SECUNDARIAS/Pruebas SST/Crear_plan_de_trabajo_anual/input_Cargar Archivo_popupCargarArchivoForminputFileName_input"), ruta): File 'C:\Users\diego.rojas\git\Pruebas-Minimas\1.Requerimientos\Documento para pruebas\prueba.pdf' sent to object: 'Object Repository/2-OBJECTS TAREAS SECUNDARIAS/Pruebas SST/Crear_plan_de_trabajo_anual/input_Cargar Archivo_popupCargarArchivoForminputFileName_input'

2023-03-09 13:17:20 - [MESSAGE][PASSED] - File 'C:\Users\diego.rojas\git\Pruebas-Minimas\1.Requerimientos\Documento para pruebas\prueba.pdf' sent to object: 'Object Repository/2-OBJECTS TAREAS SECUNDARIAS/Pruebas SST/Crear_plan_de_trabajo_anual/input_Cargar Archivo_popupCargarArchivoForminputFileName_input'

2023-03-09 13:17:20 - [TEST_STEP][PASSED] - setText(findTestObject("2-OBJECTS TAREAS SECUNDARIAS/Pruebas SST/Crear_plan_de_trabajo_anual/input_Descargar_form_actividadesObjetivosPlanTrabajotabsActividadestablaAnexosdescripcionAnexo"), "prueba"): Text 'prueba' is set on object 'Object Repository/2-OBJECTS TAREAS SECUNDARIAS/Pruebas SST/Crear_plan_de_trabajo_anual/input_Descargar_form_actividadesObjetivosPlanTrabajotabsActividadestablaAnexosdescripcionAnexo'

2023-03-09 13:17:21 - [MESSAGE][PASSED] - Text 'prueba' is set on object 'Object Repository/2-OBJECTS TAREAS SECUNDARIAS/Pruebas SST/Crear_plan_de_trabajo_anual/input_Descargar_form_actividadesObjetivosPlanTrabajotabsActividadestablaAnexosdescripcionAnexo'

2023-03-09 13:17:21 - [TEST_STEP][PASSED] - setText(findTestObject("2-OBJECTS TAREAS SECUNDARIAS/Pruebas SST/Crear_plan_de_trabajo_anual/input_Descargar_form_actividadesObjetivosPlanTrabajotabsActividadestablaAnexosfecha_input"), "01/07/2021"): Text '01/07/2021' is set on object 'Object Repository/2-OBJECTS TAREAS SECUNDARIAS/Pruebas SST/Crear_plan_de_trabajo_anual/input_Descargar_form_actividadesObjetivosPlanTrabajotabsActividadestablaAnexosfecha_input'

2023-03-09 13:17:22 - [MESSAGE][PASSED] - Text '01/07/2021' is set on object 'Object Repository/2-OBJECTS TAREAS SECUNDARIAS/Pruebas SST/Crear_plan_de_trabajo_anual/input_Descargar_form_actividadesObjetivosPlanTrabajotabsActividadestablaAnexosfecha_input'

2023-03-09 13:17:22 - [TEST_STEP][PASSED] - waitForElementPresent(findTestObject("2-OBJECTS TAREAS SECUNDARIAS/Pruebas SST/Crear_plan_de_trabajo_anual/a_Descargar_form_actividadesObjetivosPlanTrabajotabsActividadestablaAnexosj_idt770"), 0): Object 'Object Repository/2-OBJECTS TAREAS SECUNDARIAS/Pruebas SST/Crear_plan_de_trabajo_anual/a_Descargar_form_actividadesObjetivosPlanTrabajotabsActividadestablaAnexosj_idt770' is present

2023-03-09 13:17:22 - [MESSAGE][WARNING] - Timeout '0' is invalid. Using default page load timeout: '37'

2023-03-09 13:17:22 - [MESSAGE][PASSED] - Object 'Object Repository/2-OBJECTS TAREAS SECUNDARIAS/Pruebas SST/Crear_plan_de_trabajo_anual/a_Descargar_form_actividadesObjetivosPlanTrabajotabsActividadestablaAnexosj_idt770' is present

2023-03-09 13:17:22 - [TEST_STEP][PASSED] - click(findTestObject("2-OBJECTS TAREAS SECUNDARIAS/Pruebas SST/Crear_plan_de_trabajo_anual/a_Descargar_form_actividadesObjetivosPlanTrabajotabsActividadestablaAnexosj_idt770")): Object: 'Object Repository/2-OBJECTS TAREAS SECUNDARIAS/Pruebas SST/Crear_plan_de_trabajo_anual/a_Descargar_form_actividadesObjetivosPlanTrabajotabsActividadestablaAnexosj_idt770' is clicked on

2023-03-09 13:17:23 - [MESSAGE][PASSED] - Object: 'Object Repository/2-OBJECTS TAREAS SECUNDARIAS/Pruebas SST/Crear_plan_de_trabajo_anual/a_Descargar_form_actividadesObjetivosPlanTrabajotabsActividadestablaAnexosj_idt770' is clicked on

2023-03-09 13:17:23 - [TEST_STEP][PASSED] - Result = getText(findTestObject("3-OBJECTS UTILIDADES/Alerta/Alerta")): Text of object 'Object Repository/3-OBJECTS UTILIDADES/Alerta/Alerta' is: 'Registro Actualizado'

2023-03-09 13:17:23 - [MESSAGE][PASSED] - Text of object 'Object Repository/3-OBJECTS UTILIDADES/Alerta/Alerta' is: 'Registro Actualizado'

2023-03-09 13:17:23 - [TEST_STEP][PASSED] - scrollToPosition(400, 400): Browser is scrolled to position x = 400, y = 400

2023-03-09 13:17:23 - [MESSAGE][PASSED] - Browser is scrolled to position x = 400, y = 400

2023-03-09 13:17:23 - [TEST_STEP][PASSED] - if (Result == "Registro Actualizado"): Browser is closed

2023-03-09 13:17:23 - [TEST_STEP][PASSED] - Resultado = "PRUEBA OK": null

2023-03-09 13:17:23 - [TEST_STEP][PASSED] - closeBrowser(): Browser is closed

2023-03-09 13:17:24 - [MESSAGE][PASSED] - Browser is closed]]></system-out>
         <system-err><![CDATA[]]></system-err>
      </testcase>
      <testcase name="Test Cases/1.2-Tareas_Secundarias/5.1-Pruebas_SST/5.1.9-Creación_de_Grupos_de_Apoyo" time="83.288" classname="Test Cases/1.2-Tareas_Secundarias/5.1-Pruebas_SST/5.1.9-Creación_de_Grupos_de_Apoyo" status="PASSED">
         <system-out><![CDATA[2023-03-09 13:17:24 - [TEST_CASE][PASSED] - Test Cases/1.2-Tareas_Secundarias/5.1-Pruebas_SST/5.1.9-Creación_de_Grupos_de_Apoyo: Test Cases/1.2-Tareas_Secundarias/5.1-Pruebas_SST/5.1.9-Creación_de_Grupos_de_Apoyo

2023-03-09 13:17:24 - [TEST_STEP][PASSED] - callTestCase(findTestCase("0.1-Login"), [:], STOP_ON_FAILURE): Call Test Case 'Test Cases/0.1-Login' successfully

2023-03-09 13:17:24 - [TEST_CASE][PASSED] - Test Cases/0.1-Login: Test Cases/0.1-Login

2023-03-09 13:17:24 - [TEST_STEP][PASSED] - openBrowser(""): Browser is opened with url: ''

2023-03-09 13:17:24 - [MESSAGE][INFO] - Starting 'Chrome' driver

2023-03-09 13:17:24 - [MESSAGE][INFO] - Action delay is set to 0 milliseconds

2023-03-09 13:17:26 - [MESSAGE][PASSED] - Browser is opened with url: ''

2023-03-09 13:17:26 - [TEST_STEP][PASSED] - maximizeWindow(): Current window maximized

2023-03-09 13:17:26 - [MESSAGE][PASSED] - Current window maximized

2023-03-09 13:17:26 - [TEST_STEP][PASSED] - i = G_Login: null

2023-03-09 13:17:26 - [TEST_STEP][PASSED] - url = new java.net.URL(i): null

2023-03-09 13:17:26 - [TEST_STEP][PASSED] - println("URL: " + url.toString()): null

2023-03-09 13:17:26 - [TEST_STEP][PASSED] - connection = url.openConnection(): null

2023-03-09 13:17:26 - [TEST_STEP][PASSED] - connection.setRequestMethod("GET"): null

2023-03-09 13:17:26 - [TEST_STEP][PASSED] - connection.setReadTimeout(2 * 1000): null

2023-03-09 13:17:26 - [TEST_STEP][PASSED] - try: null

2023-03-09 13:17:26 - [TEST_STEP][PASSED] - connection.connect(): null

2023-03-09 13:17:26 - [TEST_STEP][PASSED] - flag = connected: null

2023-03-09 13:17:26 - [TEST_STEP][PASSED] - println("Valor_ori: " + flag): null

2023-03-09 13:17:26 - [TEST_STEP][PASSED] - if (flag): null

2023-03-09 13:17:26 - [TEST_STEP][PASSED] - navigateToUrl(i): Navigate to 'http://192.168.2.19:7001/saraweb' successfully

2023-03-09 13:17:28 - [MESSAGE][PASSED] - Navigate to 'http://192.168.2.19:7001/saraweb' successfully

2023-03-09 13:17:28 - [TEST_STEP][PASSED] - a(): null

2023-03-09 13:17:28 - [TEST_STEP][PASSED] - if (waitForElementVisible(findTestObject("3-OBJECTS UTILIDADES/Login/input_USUARIO_loginusuario"), 0)): null

2023-03-09 13:17:28 - [MESSAGE][WARNING] - Timeout '0' is invalid. Using default page load timeout: '37'

2023-03-09 13:17:29 - [MESSAGE][PASSED] - Object 'Object Repository/3-OBJECTS UTILIDADES/Login/input_USUARIO_loginusuario' is visible

2023-03-09 13:17:29 - [TEST_STEP][PASSED] - switchToWindowTitle("SARA"): Switched to window with title: 'SARA'

2023-03-09 13:17:29 - [MESSAGE][PASSED] - Switched to window with title: 'SARA'

2023-03-09 13:17:29 - [TEST_STEP][PASSED] - zoom(): null

2023-03-09 13:17:29 - [TEST_STEP][PASSED] - robot = new java.awt.Robot(): null

2023-03-09 13:17:29 - [TEST_STEP][PASSED] - robot.keyPress(VK_CONTROL): null

2023-03-09 13:17:29 - [TEST_STEP][PASSED] - robot.keyPress(VK_SUBTRACT): null

2023-03-09 13:17:29 - [TEST_STEP][PASSED] - robot.keyRelease(VK_CONTROL): null

2023-03-09 13:17:29 - [TEST_STEP][PASSED] - robot.keyRelease(VK_SUBTRACT): null

2023-03-09 13:17:29 - [TEST_STEP][PASSED] - robot.keyPress(VK_CONTROL): null

2023-03-09 13:17:29 - [TEST_STEP][PASSED] - robot.keyPress(VK_SUBTRACT): null

2023-03-09 13:17:29 - [TEST_STEP][PASSED] - robot.keyRelease(VK_CONTROL): null

2023-03-09 13:17:29 - [TEST_STEP][PASSED] - robot.keyRelease(VK_SUBTRACT): null

2023-03-09 13:17:29 - [TEST_STEP][PASSED] - robot.keyPress(VK_CONTROL): null

2023-03-09 13:17:29 - [TEST_STEP][PASSED] - robot.keyPress(VK_SUBTRACT): null

2023-03-09 13:17:29 - [TEST_STEP][PASSED] - robot.keyRelease(VK_CONTROL): null

2023-03-09 13:17:29 - [TEST_STEP][PASSED] - robot.keyRelease(VK_SUBTRACT): null

2023-03-09 13:17:29 - [TEST_STEP][PASSED] - robot.keyRelease(VK_CONTROL): null

2023-03-09 13:17:29 - [TEST_STEP][PASSED] - robot.keyRelease(VK_SUBTRACT): null

2023-03-09 13:17:29 - [TEST_STEP][PASSED] - setText(findTestObject("3-OBJECTS UTILIDADES/Login/input_USUARIO_loginusuario"), G_Usuario): Text 'weblogic' is set on object 'Object Repository/3-OBJECTS UTILIDADES/Login/input_USUARIO_loginusuario'

2023-03-09 13:17:29 - [MESSAGE][PASSED] - Text 'weblogic' is set on object 'Object Repository/3-OBJECTS UTILIDADES/Login/input_USUARIO_loginusuario'

2023-03-09 13:17:29 - [TEST_STEP][PASSED] - setEncryptedText(findTestObject("3-OBJECTS UTILIDADES/Login/input_CLAVE_loginpassword"), "SlAwMcyRKqrwbnzhAs8HhT6NnI7sEyng"): Text ****** has been set on object 'Object Repository/3-OBJECTS UTILIDADES/Login/input_CLAVE_loginpassword'

2023-03-09 13:17:33 - [MESSAGE][PASSED] - Text ****** has been set on object 'Object Repository/3-OBJECTS UTILIDADES/Login/input_CLAVE_loginpassword'

2023-03-09 13:17:33 - [TEST_STEP][PASSED] - while (waitForElementClickable(findTestObject("3-OBJECTS UTILIDADES/Login/a_Ingresar"), 1)): Web element with id: 'Object Repository/3-OBJECTS UTILIDADES/Login/a_Ingresar' located by '//a[contains(text(),'Ingresar')]' not found

2023-03-09 13:17:35 - [MESSAGE][INFO] - Unable to find the element located by 'By.xpath: //a[contains(text(),'Ingresar')]'. Please recheck the objects properties to make sure the desired element is located. 

2023-03-09 13:17:35 - [MESSAGE][WARNING] - Web element with id: 'Object Repository/3-OBJECTS UTILIDADES/Login/a_Ingresar' located by '//a[contains(text(),'Ingresar')]' not found

2023-03-09 13:17:35 - [MESSAGE][PASSED] - Call Test Case 'Test Cases/0.1-Login' successfully

2023-03-09 13:17:35 - [TEST_STEP][PASSED] - setText(findTestObject("2-OBJECTS TAREAS SECUNDARIAS/Pruebas SST/Creación de Grupos de Apoyo/input_ADMINISTRADOR DEL SISTEMA - SARA_form_templatej_idt24_input"), "grupos de apoyo"): Text 'grupos de apoyo' is set on object 'Object Repository/2-OBJECTS TAREAS SECUNDARIAS/Pruebas SST/Creación de Grupos de Apoyo/input_ADMINISTRADOR DEL SISTEMA - SARA_form_templatej_idt24_input'

2023-03-09 13:17:36 - [MESSAGE][PASSED] - Text 'grupos de apoyo' is set on object 'Object Repository/2-OBJECTS TAREAS SECUNDARIAS/Pruebas SST/Creación de Grupos de Apoyo/input_ADMINISTRADOR DEL SISTEMA - SARA_form_templatej_idt24_input'

2023-03-09 13:17:36 - [TEST_STEP][PASSED] - click(findTestObject("2-OBJECTS TAREAS SECUNDARIAS/Pruebas SST/Creación de Grupos de Apoyo/li_Grupos de Apoyo (sst)")): Object: 'Object Repository/2-OBJECTS TAREAS SECUNDARIAS/Pruebas SST/Creación de Grupos de Apoyo/li_Grupos de Apoyo (sst)' is clicked on

2023-03-09 13:17:37 - [MESSAGE][PASSED] - Object: 'Object Repository/2-OBJECTS TAREAS SECUNDARIAS/Pruebas SST/Creación de Grupos de Apoyo/li_Grupos de Apoyo (sst)' is clicked on

2023-03-09 13:17:37 - [TEST_STEP][PASSED] - setText(findTestObject("2-OBJECTS TAREAS SECUNDARIAS/Pruebas SST/Creación de Grupos de Apoyo/input_Descripcin_form_equipoTrabajoSalfiltroGrupoApoyo0"), "Katalon"): Text 'Katalon' is set on object 'Object Repository/2-OBJECTS TAREAS SECUNDARIAS/Pruebas SST/Creación de Grupos de Apoyo/input_Descripcin_form_equipoTrabajoSalfiltroGrupoApoyo0'

2023-03-09 13:17:40 - [MESSAGE][PASSED] - Text 'Katalon' is set on object 'Object Repository/2-OBJECTS TAREAS SECUNDARIAS/Pruebas SST/Creación de Grupos de Apoyo/input_Descripcin_form_equipoTrabajoSalfiltroGrupoApoyo0'

2023-03-09 13:17:40 - [TEST_STEP][PASSED] - if (waitForElementPresent(findTestObject("2-OBJECTS TAREAS SECUNDARIAS/Pruebas SST/Creación de Grupos de Apoyo/td_PRUEBAS KATALON0"), 1)): null

2023-03-09 13:17:40 - [MESSAGE][PASSED] - Object 'Object Repository/2-OBJECTS TAREAS SECUNDARIAS/Pruebas SST/Creación de Grupos de Apoyo/td_PRUEBAS KATALON0' is present

2023-03-09 13:17:40 - [TEST_STEP][PASSED] - click(findTestObject("2-OBJECTS TAREAS SECUNDARIAS/Pruebas SST/Creación de Grupos de Apoyo/td_PRUEBAS KATALON0")): Object: 'Object Repository/2-OBJECTS TAREAS SECUNDARIAS/Pruebas SST/Creación de Grupos de Apoyo/td_PRUEBAS KATALON0' is clicked on

2023-03-09 13:17:41 - [MESSAGE][PASSED] - Object: 'Object Repository/2-OBJECTS TAREAS SECUNDARIAS/Pruebas SST/Creación de Grupos de Apoyo/td_PRUEBAS KATALON0' is clicked on

2023-03-09 13:17:41 - [TEST_STEP][PASSED] - click(findTestObject("2-OBJECTS TAREAS SECUNDARIAS/Pruebas SST/Creación de Grupos de Apoyo/a_Anexos")): Object: 'Object Repository/2-OBJECTS TAREAS SECUNDARIAS/Pruebas SST/Creación de Grupos de Apoyo/a_Anexos' is clicked on

2023-03-09 13:17:42 - [MESSAGE][PASSED] - Object: 'Object Repository/2-OBJECTS TAREAS SECUNDARIAS/Pruebas SST/Creación de Grupos de Apoyo/a_Anexos' is clicked on

2023-03-09 13:17:42 - [TEST_STEP][PASSED] - if (waitForElementPresent(findTestObject("2-OBJECTS TAREAS SECUNDARIAS/Pruebas SST/Creación de Grupos de Apoyo/a_prueba.pdf_form_equipoTrabajoSaltabtablaAnexos0j_idt208"), 1)): null

2023-03-09 13:17:43 - [MESSAGE][PASSED] - Object 'Object Repository/2-OBJECTS TAREAS SECUNDARIAS/Pruebas SST/Creación de Grupos de Apoyo/a_prueba.pdf_form_equipoTrabajoSaltabtablaAnexos0j_idt208' is present

2023-03-09 13:17:43 - [TEST_STEP][PASSED] - click(findTestObject("2-OBJECTS TAREAS SECUNDARIAS/Pruebas SST/Creación de Grupos de Apoyo/a_prueba.pdf_form_equipoTrabajoSaltabtablaAnexos0j_idt208")): Object: 'Object Repository/2-OBJECTS TAREAS SECUNDARIAS/Pruebas SST/Creación de Grupos de Apoyo/a_prueba.pdf_form_equipoTrabajoSaltabtablaAnexos0j_idt208' is clicked on

2023-03-09 13:17:43 - [MESSAGE][PASSED] - Object: 'Object Repository/2-OBJECTS TAREAS SECUNDARIAS/Pruebas SST/Creación de Grupos de Apoyo/a_prueba.pdf_form_equipoTrabajoSaltabtablaAnexos0j_idt208' is clicked on

2023-03-09 13:17:43 - [TEST_STEP][PASSED] - click(findTestObject("2-OBJECTS TAREAS SECUNDARIAS/Pruebas SST/Creación de Grupos de Apoyo/span_Si0")): Object: 'Object Repository/2-OBJECTS TAREAS SECUNDARIAS/Pruebas SST/Creación de Grupos de Apoyo/span_Si0' is clicked on

2023-03-09 13:17:44 - [MESSAGE][PASSED] - Object: 'Object Repository/2-OBJECTS TAREAS SECUNDARIAS/Pruebas SST/Creación de Grupos de Apoyo/span_Si0' is clicked on

2023-03-09 13:17:44 - [TEST_STEP][PASSED] - click(findTestObject("2-OBJECTS TAREAS SECUNDARIAS/Pruebas SST/Creación de Grupos de Apoyo/a_Compromisos")): Object: 'Object Repository/2-OBJECTS TAREAS SECUNDARIAS/Pruebas SST/Creación de Grupos de Apoyo/a_Compromisos' is clicked on

2023-03-09 13:17:45 - [MESSAGE][PASSED] - Object: 'Object Repository/2-OBJECTS TAREAS SECUNDARIAS/Pruebas SST/Creación de Grupos de Apoyo/a_Compromisos' is clicked on

2023-03-09 13:17:45 - [TEST_STEP][PASSED] - if (waitForElementPresent(findTestObject("2-OBJECTS TAREAS SECUNDARIAS/Pruebas SST/Creación de Grupos de Apoyo/span_Trate de no correr"), 1)): null

2023-03-09 13:17:45 - [MESSAGE][PASSED] - Object 'Object Repository/2-OBJECTS TAREAS SECUNDARIAS/Pruebas SST/Creación de Grupos de Apoyo/span_Trate de no correr' is present

2023-03-09 13:17:45 - [TEST_STEP][PASSED] - click(findTestObject("2-OBJECTS TAREAS SECUNDARIAS/Pruebas SST/Creación de Grupos de Apoyo/span_Trate de no correr")): Object: 'Object Repository/2-OBJECTS TAREAS SECUNDARIAS/Pruebas SST/Creación de Grupos de Apoyo/span_Trate de no correr' is clicked on

2023-03-09 13:17:46 - [MESSAGE][PASSED] - Object: 'Object Repository/2-OBJECTS TAREAS SECUNDARIAS/Pruebas SST/Creación de Grupos de Apoyo/span_Trate de no correr' is clicked on

2023-03-09 13:17:46 - [TEST_STEP][PASSED] - click(findTestObject("2-OBJECTS TAREAS SECUNDARIAS/Pruebas SST/Creación de Grupos de Apoyo/a_Eliminar0")): Object: 'Object Repository/2-OBJECTS TAREAS SECUNDARIAS/Pruebas SST/Creación de Grupos de Apoyo/a_Eliminar0' is clicked on

2023-03-09 13:17:47 - [MESSAGE][PASSED] - Object: 'Object Repository/2-OBJECTS TAREAS SECUNDARIAS/Pruebas SST/Creación de Grupos de Apoyo/a_Eliminar0' is clicked on

2023-03-09 13:17:47 - [TEST_STEP][PASSED] - click(findTestObject("2-OBJECTS TAREAS SECUNDARIAS/Pruebas SST/Creación de Grupos de Apoyo/a_Aceptar0")): Object: 'Object Repository/2-OBJECTS TAREAS SECUNDARIAS/Pruebas SST/Creación de Grupos de Apoyo/a_Aceptar0' is clicked on

2023-03-09 13:17:47 - [MESSAGE][PASSED] - Object: 'Object Repository/2-OBJECTS TAREAS SECUNDARIAS/Pruebas SST/Creación de Grupos de Apoyo/a_Aceptar0' is clicked on

2023-03-09 13:17:47 - [TEST_STEP][PASSED] - click(findTestObject("2-OBJECTS TAREAS SECUNDARIAS/Pruebas SST/Creación de Grupos de Apoyo/a_Actividades")): Object: 'Object Repository/2-OBJECTS TAREAS SECUNDARIAS/Pruebas SST/Creación de Grupos de Apoyo/a_Actividades' is clicked on

2023-03-09 13:17:48 - [MESSAGE][PASSED] - Object: 'Object Repository/2-OBJECTS TAREAS SECUNDARIAS/Pruebas SST/Creación de Grupos de Apoyo/a_Actividades' is clicked on

2023-03-09 13:17:48 - [TEST_STEP][PASSED] - if (waitForElementPresent(findTestObject("2-OBJECTS TAREAS SECUNDARIAS/Pruebas SST/Creación de Grupos de Apoyo/span_A A A"), 1)): null

2023-03-09 13:17:49 - [MESSAGE][PASSED] - Object 'Object Repository/2-OBJECTS TAREAS SECUNDARIAS/Pruebas SST/Creación de Grupos de Apoyo/span_A A A' is present

2023-03-09 13:17:49 - [TEST_STEP][PASSED] - click(findTestObject("2-OBJECTS TAREAS SECUNDARIAS/Pruebas SST/Creación de Grupos de Apoyo/span_A A A")): Object: 'Object Repository/2-OBJECTS TAREAS SECUNDARIAS/Pruebas SST/Creación de Grupos de Apoyo/span_A A A' is clicked on

2023-03-09 13:17:49 - [MESSAGE][PASSED] - Object: 'Object Repository/2-OBJECTS TAREAS SECUNDARIAS/Pruebas SST/Creación de Grupos de Apoyo/span_A A A' is clicked on

2023-03-09 13:17:49 - [TEST_STEP][PASSED] - click(findTestObject("2-OBJECTS TAREAS SECUNDARIAS/Pruebas SST/Creación de Grupos de Apoyo/a_Asistentes")): Object: 'Object Repository/2-OBJECTS TAREAS SECUNDARIAS/Pruebas SST/Creación de Grupos de Apoyo/a_Asistentes' is clicked on

2023-03-09 13:17:50 - [MESSAGE][PASSED] - Object: 'Object Repository/2-OBJECTS TAREAS SECUNDARIAS/Pruebas SST/Creación de Grupos de Apoyo/a_Asistentes' is clicked on

2023-03-09 13:17:50 - [TEST_STEP][PASSED] - if (waitForElementPresent(findTestObject("2-OBJECTS TAREAS SECUNDARIAS/Pruebas SST/Creación de Grupos de Apoyo/a_JEFE DE BRIGADA_form_popupSeguimientotabPopupSeguimientolistaAsistentesIntegrantes0j_idt309"), 1)): null

2023-03-09 13:17:51 - [MESSAGE][PASSED] - Object 'Object Repository/2-OBJECTS TAREAS SECUNDARIAS/Pruebas SST/Creación de Grupos de Apoyo/a_JEFE DE BRIGADA_form_popupSeguimientotabPopupSeguimientolistaAsistentesIntegrantes0j_idt309' is present

2023-03-09 13:17:51 - [TEST_STEP][PASSED] - click(findTestObject("2-OBJECTS TAREAS SECUNDARIAS/Pruebas SST/Creación de Grupos de Apoyo/a_JEFE DE BRIGADA_form_popupSeguimientotabPopupSeguimientolistaAsistentesIntegrantes0j_idt309")): Object: 'Object Repository/2-OBJECTS TAREAS SECUNDARIAS/Pruebas SST/Creación de Grupos de Apoyo/a_JEFE DE BRIGADA_form_popupSeguimientotabPopupSeguimientolistaAsistentesIntegrantes0j_idt309' is clicked on

2023-03-09 13:17:51 - [MESSAGE][PASSED] - Object: 'Object Repository/2-OBJECTS TAREAS SECUNDARIAS/Pruebas SST/Creación de Grupos de Apoyo/a_JEFE DE BRIGADA_form_popupSeguimientotabPopupSeguimientolistaAsistentesIntegrantes0j_idt309' is clicked on

2023-03-09 13:17:51 - [TEST_STEP][PASSED] - click(findTestObject("2-OBJECTS TAREAS SECUNDARIAS/Pruebas SST/Creación de Grupos de Apoyo/span_Si1")): Object: 'Object Repository/2-OBJECTS TAREAS SECUNDARIAS/Pruebas SST/Creación de Grupos de Apoyo/span_Si1' is clicked on

2023-03-09 13:17:52 - [MESSAGE][PASSED] - Object: 'Object Repository/2-OBJECTS TAREAS SECUNDARIAS/Pruebas SST/Creación de Grupos de Apoyo/span_Si1' is clicked on

2023-03-09 13:17:52 - [TEST_STEP][PASSED] - click(findTestObject("2-OBJECTS TAREAS SECUNDARIAS/Pruebas SST/Creación de Grupos de Apoyo/a_Grupo Actividad")): Object: 'Object Repository/2-OBJECTS TAREAS SECUNDARIAS/Pruebas SST/Creación de Grupos de Apoyo/a_Grupo Actividad' is clicked on

2023-03-09 13:17:52 - [MESSAGE][PASSED] - Object: 'Object Repository/2-OBJECTS TAREAS SECUNDARIAS/Pruebas SST/Creación de Grupos de Apoyo/a_Grupo Actividad' is clicked on

2023-03-09 13:17:52 - [TEST_STEP][PASSED] - element = findWebElement(findTestObject("2-OBJECTS TAREAS SECUNDARIAS/Pruebas SST/Creación de Grupos de Apoyo/a_Eliminar1"), 30): null

2023-03-09 13:17:53 - [TEST_STEP][PASSED] - executeJavaScript("arguments[0].click()", Arrays.asList(element)): Execute JavaScript 'arguments[0].click()' successfully

2023-03-09 13:17:53 - [MESSAGE][PASSED] - Execute JavaScript 'arguments[0].click()' successfully

2023-03-09 13:17:53 - [TEST_STEP][PASSED] - click(findTestObject("2-OBJECTS TAREAS SECUNDARIAS/Pruebas SST/Creación de Grupos de Apoyo/a_Aceptar1")): Object: 'Object Repository/2-OBJECTS TAREAS SECUNDARIAS/Pruebas SST/Creación de Grupos de Apoyo/a_Aceptar1' is clicked on

2023-03-09 13:17:54 - [MESSAGE][PASSED] - Object: 'Object Repository/2-OBJECTS TAREAS SECUNDARIAS/Pruebas SST/Creación de Grupos de Apoyo/a_Aceptar1' is clicked on

2023-03-09 13:17:54 - [TEST_STEP][PASSED] - click(findTestObject("2-OBJECTS TAREAS SECUNDARIAS/Pruebas SST/Creación de Grupos de Apoyo/a_Integrantes")): Object: 'Object Repository/2-OBJECTS TAREAS SECUNDARIAS/Pruebas SST/Creación de Grupos de Apoyo/a_Integrantes' is clicked on

2023-03-09 13:17:54 - [MESSAGE][PASSED] - Object: 'Object Repository/2-OBJECTS TAREAS SECUNDARIAS/Pruebas SST/Creación de Grupos de Apoyo/a_Integrantes' is clicked on

2023-03-09 13:17:54 - [TEST_STEP][PASSED] - if (waitForElementVisible(findTestObject("2-OBJECTS TAREAS SECUNDARIAS/Pruebas SST/Creación de Grupos de Apoyo/span_SEDE NORTE"), 1)): null

2023-03-09 13:17:55 - [MESSAGE][PASSED] - Object 'Object Repository/2-OBJECTS TAREAS SECUNDARIAS/Pruebas SST/Creación de Grupos de Apoyo/span_SEDE NORTE' is visible

2023-03-09 13:17:55 - [TEST_STEP][PASSED] - click(findTestObject("2-OBJECTS TAREAS SECUNDARIAS/Pruebas SST/Creación de Grupos de Apoyo/span_SEDE NORTE"), STOP_ON_FAILURE): Object: 'Object Repository/2-OBJECTS TAREAS SECUNDARIAS/Pruebas SST/Creación de Grupos de Apoyo/span_SEDE NORTE' is clicked on

2023-03-09 13:17:56 - [MESSAGE][PASSED] - Object: 'Object Repository/2-OBJECTS TAREAS SECUNDARIAS/Pruebas SST/Creación de Grupos de Apoyo/span_SEDE NORTE' is clicked on

2023-03-09 13:17:56 - [TEST_STEP][PASSED] - click(findTestObject("2-OBJECTS TAREAS SECUNDARIAS/Pruebas SST/Creación de Grupos de Apoyo/a_Eliminar2")): Object: 'Object Repository/2-OBJECTS TAREAS SECUNDARIAS/Pruebas SST/Creación de Grupos de Apoyo/a_Eliminar2' is clicked on

2023-03-09 13:17:56 - [MESSAGE][PASSED] - Object: 'Object Repository/2-OBJECTS TAREAS SECUNDARIAS/Pruebas SST/Creación de Grupos de Apoyo/a_Eliminar2' is clicked on

2023-03-09 13:17:56 - [TEST_STEP][PASSED] - click(findTestObject("2-OBJECTS TAREAS SECUNDARIAS/Pruebas SST/Creación de Grupos de Apoyo/a_Aceptar2")): Object: 'Object Repository/2-OBJECTS TAREAS SECUNDARIAS/Pruebas SST/Creación de Grupos de Apoyo/a_Aceptar2' is clicked on

2023-03-09 13:17:57 - [MESSAGE][PASSED] - Object: 'Object Repository/2-OBJECTS TAREAS SECUNDARIAS/Pruebas SST/Creación de Grupos de Apoyo/a_Aceptar2' is clicked on

2023-03-09 13:17:57 - [TEST_STEP][PASSED] - click(findTestObject("2-OBJECTS TAREAS SECUNDARIAS/Pruebas SST/Creación de Grupos de Apoyo/a_Grupo Apoyo")): Object: 'Object Repository/2-OBJECTS TAREAS SECUNDARIAS/Pruebas SST/Creación de Grupos de Apoyo/a_Grupo Apoyo' is clicked on

2023-03-09 13:17:58 - [MESSAGE][PASSED] - Object: 'Object Repository/2-OBJECTS TAREAS SECUNDARIAS/Pruebas SST/Creación de Grupos de Apoyo/a_Grupo Apoyo' is clicked on

2023-03-09 13:17:58 - [TEST_STEP][PASSED] - click(findTestObject("2-OBJECTS TAREAS SECUNDARIAS/Pruebas SST/Creación de Grupos de Apoyo/a_Eliminar3")): Object: 'Object Repository/2-OBJECTS TAREAS SECUNDARIAS/Pruebas SST/Creación de Grupos de Apoyo/a_Eliminar3' is clicked on

2023-03-09 13:17:58 - [MESSAGE][PASSED] - Object: 'Object Repository/2-OBJECTS TAREAS SECUNDARIAS/Pruebas SST/Creación de Grupos de Apoyo/a_Eliminar3' is clicked on

2023-03-09 13:17:58 - [TEST_STEP][PASSED] - click(findTestObject("2-OBJECTS TAREAS SECUNDARIAS/Pruebas SST/Creación de Grupos de Apoyo/a_Aceptar4")): Object: 'Object Repository/2-OBJECTS TAREAS SECUNDARIAS/Pruebas SST/Creación de Grupos de Apoyo/a_Aceptar4' is clicked on

2023-03-09 13:17:59 - [MESSAGE][PASSED] - Object: 'Object Repository/2-OBJECTS TAREAS SECUNDARIAS/Pruebas SST/Creación de Grupos de Apoyo/a_Aceptar4' is clicked on

2023-03-09 13:17:59 - [TEST_STEP][PASSED] - click(findTestObject("2-OBJECTS TAREAS SECUNDARIAS/Pruebas SST/Creación de Grupos de Apoyo/a_Nuevo")): Object: 'Object Repository/2-OBJECTS TAREAS SECUNDARIAS/Pruebas SST/Creación de Grupos de Apoyo/a_Nuevo' is clicked on

2023-03-09 13:18:02 - [MESSAGE][PASSED] - Object: 'Object Repository/2-OBJECTS TAREAS SECUNDARIAS/Pruebas SST/Creación de Grupos de Apoyo/a_Nuevo' is clicked on

2023-03-09 13:18:02 - [TEST_STEP][PASSED] - setText(findTestObject("2-OBJECTS TAREAS SECUNDARIAS/Pruebas SST/Creación de Grupos de Apoyo/input_Nombre Grupo Apoyo_form_equipoTrabajoSaltabdescripcion"), "PRUEBAS KATALON"): Text 'PRUEBAS KATALON' is set on object 'Object Repository/2-OBJECTS TAREAS SECUNDARIAS/Pruebas SST/Creación de Grupos de Apoyo/input_Nombre Grupo Apoyo_form_equipoTrabajoSaltabdescripcion'

2023-03-09 13:18:03 - [MESSAGE][PASSED] - Text 'PRUEBAS KATALON' is set on object 'Object Repository/2-OBJECTS TAREAS SECUNDARIAS/Pruebas SST/Creación de Grupos de Apoyo/input_Nombre Grupo Apoyo_form_equipoTrabajoSaltabdescripcion'

2023-03-09 13:18:03 - [TEST_STEP][PASSED] - selectOptionByIndex(findTestObject("2-OBJECTS TAREAS SECUNDARIAS/Pruebas SST/Creación de Grupos de Apoyo/select_-- SELECCIONAR --BRIGADA DE PRIMEROS AUXILIOS"), 4): All options with index in [4] are selected on object 'Object Repository/2-OBJECTS TAREAS SECUNDARIAS/Pruebas SST/Creación de Grupos de Apoyo/select_-- SELECCIONAR --BRIGADA DE PRIMEROS AUXILIOS'

2023-03-09 13:18:04 - [MESSAGE][PASSED] - All options with index in [4] are selected on object 'Object Repository/2-OBJECTS TAREAS SECUNDARIAS/Pruebas SST/Creación de Grupos de Apoyo/select_-- SELECCIONAR --BRIGADA DE PRIMEROS AUXILIOS'

2023-03-09 13:18:04 - [TEST_STEP][PASSED] - selectOptionByIndex(findTestObject("2-OBJECTS TAREAS SECUNDARIAS/Pruebas SST/Creación de Grupos de Apoyo/select_SeleccioneSEDE NORTESEDE OCCIDENTESEDE SUR"), 1): All options with index in [1] are selected on object 'Object Repository/2-OBJECTS TAREAS SECUNDARIAS/Pruebas SST/Creación de Grupos de Apoyo/select_SeleccioneSEDE NORTESEDE OCCIDENTESEDE SUR'

2023-03-09 13:18:05 - [MESSAGE][PASSED] - All options with index in [1] are selected on object 'Object Repository/2-OBJECTS TAREAS SECUNDARIAS/Pruebas SST/Creación de Grupos de Apoyo/select_SeleccioneSEDE NORTESEDE OCCIDENTESEDE SUR'

2023-03-09 13:18:05 - [TEST_STEP][PASSED] - setText(findTestObject("2-OBJECTS TAREAS SECUNDARIAS/Pruebas SST/Creación de Grupos de Apoyo/textarea_Objetivo_form_equipoTrabajoSaltabobjetivo"), "null"): Text 'null' is set on object 'Object Repository/2-OBJECTS TAREAS SECUNDARIAS/Pruebas SST/Creación de Grupos de Apoyo/textarea_Objetivo_form_equipoTrabajoSaltabobjetivo'

2023-03-09 13:18:05 - [MESSAGE][PASSED] - Text 'null' is set on object 'Object Repository/2-OBJECTS TAREAS SECUNDARIAS/Pruebas SST/Creación de Grupos de Apoyo/textarea_Objetivo_form_equipoTrabajoSaltabobjetivo'

2023-03-09 13:18:05 - [TEST_STEP][PASSED] - click(findTestObject("2-OBJECTS TAREAS SECUNDARIAS/Pruebas SST/Creación de Grupos de Apoyo/a_Guardar")): Object: 'Object Repository/2-OBJECTS TAREAS SECUNDARIAS/Pruebas SST/Creación de Grupos de Apoyo/a_Guardar' is clicked on

2023-03-09 13:18:06 - [MESSAGE][PASSED] - Object: 'Object Repository/2-OBJECTS TAREAS SECUNDARIAS/Pruebas SST/Creación de Grupos de Apoyo/a_Guardar' is clicked on

2023-03-09 13:18:06 - [TEST_STEP][PASSED] - click(findTestObject("2-OBJECTS TAREAS SECUNDARIAS/Pruebas SST/Creación de Grupos de Apoyo/a_Integrantes")): Object: 'Object Repository/2-OBJECTS TAREAS SECUNDARIAS/Pruebas SST/Creación de Grupos de Apoyo/a_Integrantes' is clicked on

2023-03-09 13:18:07 - [MESSAGE][PASSED] - Object: 'Object Repository/2-OBJECTS TAREAS SECUNDARIAS/Pruebas SST/Creación de Grupos de Apoyo/a_Integrantes' is clicked on

2023-03-09 13:18:07 - [TEST_STEP][PASSED] - click(findTestObject("2-OBJECTS TAREAS SECUNDARIAS/Pruebas SST/Creación de Grupos de Apoyo/a_Nuevo0")): Object: 'Object Repository/2-OBJECTS TAREAS SECUNDARIAS/Pruebas SST/Creación de Grupos de Apoyo/a_Nuevo0' is clicked on

2023-03-09 13:18:07 - [MESSAGE][PASSED] - Object: 'Object Repository/2-OBJECTS TAREAS SECUNDARIAS/Pruebas SST/Creación de Grupos de Apoyo/a_Nuevo0' is clicked on

2023-03-09 13:18:07 - [TEST_STEP][PASSED] - click(findTestObject("2-OBJECTS TAREAS SECUNDARIAS/Pruebas SST/Creación de Grupos de Apoyo/a_Identificacin_form_popupGrupoApoyoIntegrantej_idt217")): Object: 'Object Repository/2-OBJECTS TAREAS SECUNDARIAS/Pruebas SST/Creación de Grupos de Apoyo/a_Identificacin_form_popupGrupoApoyoIntegrantej_idt217' is clicked on

2023-03-09 13:18:08 - [MESSAGE][PASSED] - Object: 'Object Repository/2-OBJECTS TAREAS SECUNDARIAS/Pruebas SST/Creación de Grupos de Apoyo/a_Identificacin_form_popupGrupoApoyoIntegrantej_idt217' is clicked on

2023-03-09 13:18:08 - [TEST_STEP][PASSED] - setText(findTestObject("2-OBJECTS TAREAS SECUNDARIAS/Pruebas SST/Creación de Grupos de Apoyo/input_Filtro Hoja de Vida_formPopupHojaVidaj_idt840"), "Diaz Blanco Guisell"): Text 'Diaz Blanco Guisell' is set on object 'Object Repository/2-OBJECTS TAREAS SECUNDARIAS/Pruebas SST/Creación de Grupos de Apoyo/input_Filtro Hoja de Vida_formPopupHojaVidaj_idt840'

2023-03-09 13:18:09 - [MESSAGE][PASSED] - Text 'Diaz Blanco Guisell' is set on object 'Object Repository/2-OBJECTS TAREAS SECUNDARIAS/Pruebas SST/Creación de Grupos de Apoyo/input_Filtro Hoja de Vida_formPopupHojaVidaj_idt840'

2023-03-09 13:18:09 - [TEST_STEP][PASSED] - sendKeys(findTestObject("2-OBJECTS TAREAS SECUNDARIAS/Pruebas SST/Creación de Grupos de Apoyo/input_Filtro Hoja de Vida_formPopupHojaVidaj_idt840"), Keys.chord(ENTER)): Keys 'ENTER + ' sent to object: 'Object Repository/2-OBJECTS TAREAS SECUNDARIAS/Pruebas SST/Creación de Grupos de Apoyo/input_Filtro Hoja de Vida_formPopupHojaVidaj_idt840'

2023-03-09 13:18:09 - [MESSAGE][PASSED] - Keys 'ENTER + ' sent to object: 'Object Repository/2-OBJECTS TAREAS SECUNDARIAS/Pruebas SST/Creación de Grupos de Apoyo/input_Filtro Hoja de Vida_formPopupHojaVidaj_idt840'

2023-03-09 13:18:09 - [TEST_STEP][PASSED] - click(findTestObject("2-OBJECTS TAREAS SECUNDARIAS/Pruebas SST/Creación de Grupos de Apoyo/span_Diaz Blanco Guisell")): Object: 'Object Repository/2-OBJECTS TAREAS SECUNDARIAS/Pruebas SST/Creación de Grupos de Apoyo/span_Diaz Blanco Guisell' is clicked on

2023-03-09 13:18:10 - [MESSAGE][PASSED] - Object: 'Object Repository/2-OBJECTS TAREAS SECUNDARIAS/Pruebas SST/Creación de Grupos de Apoyo/span_Diaz Blanco Guisell' is clicked on

2023-03-09 13:18:10 - [TEST_STEP][PASSED] - selectOptionByIndex(findTestObject("2-OBJECTS TAREAS SECUNDARIAS/Pruebas SST/Creación de Grupos de Apoyo/select_-- SELECCIONAR --SEDE NORTESEDE OCCIDENTESEDE SUR"), 1): All options with index in [1] are selected on object 'Object Repository/2-OBJECTS TAREAS SECUNDARIAS/Pruebas SST/Creación de Grupos de Apoyo/select_-- SELECCIONAR --SEDE NORTESEDE OCCIDENTESEDE SUR'

2023-03-09 13:18:12 - [MESSAGE][PASSED] - All options with index in [1] are selected on object 'Object Repository/2-OBJECTS TAREAS SECUNDARIAS/Pruebas SST/Creación de Grupos de Apoyo/select_-- SELECCIONAR --SEDE NORTESEDE OCCIDENTESEDE SUR'

2023-03-09 13:18:12 - [TEST_STEP][PASSED] - selectOptionByIndex(findTestObject("2-OBJECTS TAREAS SECUNDARIAS/Pruebas SST/Creación de Grupos de Apoyo/select_-- SELECCIONAR --ADMINISTRADOR SSTBRIGADISTAJEFE DE BRIGADAPRESIDENTEREPRESENTATE DE LOS TRABAJADORESSECRETARIA"), 3): All options with index in [3] are selected on object 'Object Repository/2-OBJECTS TAREAS SECUNDARIAS/Pruebas SST/Creación de Grupos de Apoyo/select_-- SELECCIONAR --ADMINISTRADOR SSTBRIGADISTAJEFE DE BRIGADAPRESIDENTEREPRESENTATE DE LOS TRABAJADORESSECRETARIA'

2023-03-09 13:18:13 - [MESSAGE][PASSED] - All options with index in [3] are selected on object 'Object Repository/2-OBJECTS TAREAS SECUNDARIAS/Pruebas SST/Creación de Grupos de Apoyo/select_-- SELECCIONAR --ADMINISTRADOR SSTBRIGADISTAJEFE DE BRIGADAPRESIDENTEREPRESENTATE DE LOS TRABAJADORESSECRETARIA'

2023-03-09 13:18:13 - [TEST_STEP][PASSED] - setText(findTestObject("2-OBJECTS TAREAS SECUNDARIAS/Pruebas SST/Creación de Grupos de Apoyo/textarea_Detalle Ingreso_form_popupGrupoApoyoIntegranteobjetivo"), "pruebas katalon"): Text 'pruebas katalon' is set on object 'Object Repository/2-OBJECTS TAREAS SECUNDARIAS/Pruebas SST/Creación de Grupos de Apoyo/textarea_Detalle Ingreso_form_popupGrupoApoyoIntegranteobjetivo'

2023-03-09 13:18:14 - [MESSAGE][PASSED] - Text 'pruebas katalon' is set on object 'Object Repository/2-OBJECTS TAREAS SECUNDARIAS/Pruebas SST/Creación de Grupos de Apoyo/textarea_Detalle Ingreso_form_popupGrupoApoyoIntegranteobjetivo'

2023-03-09 13:18:14 - [TEST_STEP][PASSED] - click(findTestObject("2-OBJECTS TAREAS SECUNDARIAS/Pruebas SST/Creación de Grupos de Apoyo/a_Guardar")): Object: 'Object Repository/2-OBJECTS TAREAS SECUNDARIAS/Pruebas SST/Creación de Grupos de Apoyo/a_Guardar' is clicked on

2023-03-09 13:18:14 - [MESSAGE][PASSED] - Object: 'Object Repository/2-OBJECTS TAREAS SECUNDARIAS/Pruebas SST/Creación de Grupos de Apoyo/a_Guardar' is clicked on

2023-03-09 13:18:14 - [TEST_STEP][PASSED] - click(findTestObject("2-OBJECTS TAREAS SECUNDARIAS/Pruebas SST/Creación de Grupos de Apoyo/a_Actividades")): Object: 'Object Repository/2-OBJECTS TAREAS SECUNDARIAS/Pruebas SST/Creación de Grupos de Apoyo/a_Actividades' is clicked on

2023-03-09 13:18:15 - [MESSAGE][PASSED] - Object: 'Object Repository/2-OBJECTS TAREAS SECUNDARIAS/Pruebas SST/Creación de Grupos de Apoyo/a_Actividades' is clicked on

2023-03-09 13:18:15 - [TEST_STEP][PASSED] - click(findTestObject("2-OBJECTS TAREAS SECUNDARIAS/Pruebas SST/Creación de Grupos de Apoyo/a_Nuevo1"), STOP_ON_FAILURE): Object: 'Object Repository/2-OBJECTS TAREAS SECUNDARIAS/Pruebas SST/Creación de Grupos de Apoyo/a_Nuevo1' is clicked on

2023-03-09 13:18:15 - [MESSAGE][PASSED] - Object: 'Object Repository/2-OBJECTS TAREAS SECUNDARIAS/Pruebas SST/Creación de Grupos de Apoyo/a_Nuevo1' is clicked on

2023-03-09 13:18:15 - [TEST_STEP][PASSED] - click(findTestObject("2-OBJECTS TAREAS SECUNDARIAS/Pruebas SST/Creación de Grupos de Apoyo/a_Responsable_form_popupSeguimientotabPopupSeguimientoj_idt276")): Object: 'Object Repository/2-OBJECTS TAREAS SECUNDARIAS/Pruebas SST/Creación de Grupos de Apoyo/a_Responsable_form_popupSeguimientotabPopupSeguimientoj_idt276' is clicked on

2023-03-09 13:18:16 - [MESSAGE][PASSED] - Object: 'Object Repository/2-OBJECTS TAREAS SECUNDARIAS/Pruebas SST/Creación de Grupos de Apoyo/a_Responsable_form_popupSeguimientotabPopupSeguimientoj_idt276' is clicked on

2023-03-09 13:18:16 - [TEST_STEP][PASSED] - setText(findTestObject("2-OBJECTS TAREAS SECUNDARIAS/Pruebas SST/Creación de Grupos de Apoyo/input_Filtro Hoja de Vida_formPopupHojaVidaj_idt8401"), "A A A"): Text 'A A A' is set on object 'Object Repository/2-OBJECTS TAREAS SECUNDARIAS/Pruebas SST/Creación de Grupos de Apoyo/input_Filtro Hoja de Vida_formPopupHojaVidaj_idt8401'

2023-03-09 13:18:17 - [MESSAGE][PASSED] - Text 'A A A' is set on object 'Object Repository/2-OBJECTS TAREAS SECUNDARIAS/Pruebas SST/Creación de Grupos de Apoyo/input_Filtro Hoja de Vida_formPopupHojaVidaj_idt8401'

2023-03-09 13:18:17 - [TEST_STEP][PASSED] - sendKeys(findTestObject("2-OBJECTS TAREAS SECUNDARIAS/Pruebas SST/Creación de Grupos de Apoyo/input_Filtro Hoja de Vida_formPopupHojaVidaj_idt8401"), Keys.chord(ENTER)): Keys 'ENTER + ' sent to object: 'Object Repository/2-OBJECTS TAREAS SECUNDARIAS/Pruebas SST/Creación de Grupos de Apoyo/input_Filtro Hoja de Vida_formPopupHojaVidaj_idt8401'

2023-03-09 13:18:18 - [MESSAGE][PASSED] - Keys 'ENTER + ' sent to object: 'Object Repository/2-OBJECTS TAREAS SECUNDARIAS/Pruebas SST/Creación de Grupos de Apoyo/input_Filtro Hoja de Vida_formPopupHojaVidaj_idt8401'

2023-03-09 13:18:18 - [TEST_STEP][PASSED] - click(findTestObject("2-OBJECTS TAREAS SECUNDARIAS/Pruebas SST/Creación de Grupos de Apoyo/span_A A A")): Object: 'Object Repository/2-OBJECTS TAREAS SECUNDARIAS/Pruebas SST/Creación de Grupos de Apoyo/span_A A A' is clicked on

2023-03-09 13:18:18 - [MESSAGE][PASSED] - Object: 'Object Repository/2-OBJECTS TAREAS SECUNDARIAS/Pruebas SST/Creación de Grupos de Apoyo/span_A A A' is clicked on

2023-03-09 13:18:18 - [TEST_STEP][PASSED] - selectOptionByIndex(findTestObject("2-OBJECTS TAREAS SECUNDARIAS/Pruebas SST/Creación de Grupos de Apoyo/select_ProgramadoCumplidoCancelado"), 0): All options with index in [0] are selected on object 'Object Repository/2-OBJECTS TAREAS SECUNDARIAS/Pruebas SST/Creación de Grupos de Apoyo/select_ProgramadoCumplidoCancelado'

2023-03-09 13:18:20 - [MESSAGE][PASSED] - All options with index in [0] are selected on object 'Object Repository/2-OBJECTS TAREAS SECUNDARIAS/Pruebas SST/Creación de Grupos de Apoyo/select_ProgramadoCumplidoCancelado'

2023-03-09 13:18:20 - [TEST_STEP][PASSED] - setText(findTestObject("2-OBJECTS TAREAS SECUNDARIAS/Pruebas SST/Creación de Grupos de Apoyo/textarea_Objetivo_form_popupSeguimientotabPopupSeguimientoobjetivo"), "pruebas k"): Text 'pruebas k' is set on object 'Object Repository/2-OBJECTS TAREAS SECUNDARIAS/Pruebas SST/Creación de Grupos de Apoyo/textarea_Objetivo_form_popupSeguimientotabPopupSeguimientoobjetivo'

2023-03-09 13:18:21 - [MESSAGE][PASSED] - Text 'pruebas k' is set on object 'Object Repository/2-OBJECTS TAREAS SECUNDARIAS/Pruebas SST/Creación de Grupos de Apoyo/textarea_Objetivo_form_popupSeguimientotabPopupSeguimientoobjetivo'

2023-03-09 13:18:21 - [TEST_STEP][PASSED] - setText(findTestObject("2-OBJECTS TAREAS SECUNDARIAS/Pruebas SST/Creación de Grupos de Apoyo/textarea_Detalle Actividad_form_popupSeguimientotabPopupSeguimientoobservacion"), "pruebas k"): Text 'pruebas k' is set on object 'Object Repository/2-OBJECTS TAREAS SECUNDARIAS/Pruebas SST/Creación de Grupos de Apoyo/textarea_Detalle Actividad_form_popupSeguimientotabPopupSeguimientoobservacion'

2023-03-09 13:18:22 - [MESSAGE][PASSED] - Text 'pruebas k' is set on object 'Object Repository/2-OBJECTS TAREAS SECUNDARIAS/Pruebas SST/Creación de Grupos de Apoyo/textarea_Detalle Actividad_form_popupSeguimientotabPopupSeguimientoobservacion'

2023-03-09 13:18:22 - [TEST_STEP][PASSED] - setText(findTestObject("2-OBJECTS TAREAS SECUNDARIAS/Pruebas SST/Creación de Grupos de Apoyo/textarea_Detalle Cumplimiento_form_popupSeguimientotabPopupSeguimientodetallecump"), "pruebas k"): Text 'pruebas k' is set on object 'Object Repository/2-OBJECTS TAREAS SECUNDARIAS/Pruebas SST/Creación de Grupos de Apoyo/textarea_Detalle Cumplimiento_form_popupSeguimientotabPopupSeguimientodetallecump'

2023-03-09 13:18:23 - [MESSAGE][PASSED] - Text 'pruebas k' is set on object 'Object Repository/2-OBJECTS TAREAS SECUNDARIAS/Pruebas SST/Creación de Grupos de Apoyo/textarea_Detalle Cumplimiento_form_popupSeguimientotabPopupSeguimientodetallecump'

2023-03-09 13:18:23 - [TEST_STEP][PASSED] - selectOptionByIndex(findTestObject("2-OBJECTS TAREAS SECUNDARIAS/Pruebas SST/Creación de Grupos de Apoyo/select_-- SELECCIONAR --Trate de no correr"), 1): All options with index in [1] are selected on object 'Object Repository/2-OBJECTS TAREAS SECUNDARIAS/Pruebas SST/Creación de Grupos de Apoyo/select_-- SELECCIONAR --Trate de no correr'

2023-03-09 13:18:24 - [MESSAGE][PASSED] - All options with index in [1] are selected on object 'Object Repository/2-OBJECTS TAREAS SECUNDARIAS/Pruebas SST/Creación de Grupos de Apoyo/select_-- SELECCIONAR --Trate de no correr'

2023-03-09 13:18:24 - [TEST_STEP][PASSED] - element = findWebElement(findTestObject("2-OBJECTS TAREAS SECUNDARIAS/Pruebas SST/Creación de Grupos de Apoyo/a_Guardar"), 30): null

2023-03-09 13:18:24 - [TEST_STEP][PASSED] - executeJavaScript("arguments[0].click()", Arrays.asList(element)): Execute JavaScript 'arguments[0].click()' successfully

2023-03-09 13:18:24 - [MESSAGE][PASSED] - Execute JavaScript 'arguments[0].click()' successfully

2023-03-09 13:18:24 - [TEST_STEP][PASSED] - click(findTestObject("2-OBJECTS TAREAS SECUNDARIAS/Pruebas SST/Creación de Grupos de Apoyo/td_Trate de no correr")): Object: 'Object Repository/2-OBJECTS TAREAS SECUNDARIAS/Pruebas SST/Creación de Grupos de Apoyo/td_Trate de no correr' is clicked on

2023-03-09 13:18:25 - [MESSAGE][PASSED] - Object: 'Object Repository/2-OBJECTS TAREAS SECUNDARIAS/Pruebas SST/Creación de Grupos de Apoyo/td_Trate de no correr' is clicked on

2023-03-09 13:18:25 - [TEST_STEP][PASSED] - click(findTestObject("2-OBJECTS TAREAS SECUNDARIAS/Pruebas SST/Creación de Grupos de Apoyo/a_Asistentes")): Object: 'Object Repository/2-OBJECTS TAREAS SECUNDARIAS/Pruebas SST/Creación de Grupos de Apoyo/a_Asistentes' is clicked on

2023-03-09 13:18:26 - [MESSAGE][PASSED] - Object: 'Object Repository/2-OBJECTS TAREAS SECUNDARIAS/Pruebas SST/Creación de Grupos de Apoyo/a_Asistentes' is clicked on

2023-03-09 13:18:26 - [TEST_STEP][PASSED] - click(findTestObject("2-OBJECTS TAREAS SECUNDARIAS/Pruebas SST/Creación de Grupos de Apoyo/a_Rol_form_popupSeguimientotabPopupSeguimientolistaAsistentesIntegrantesj_idt304")): Object: 'Object Repository/2-OBJECTS TAREAS SECUNDARIAS/Pruebas SST/Creación de Grupos de Apoyo/a_Rol_form_popupSeguimientotabPopupSeguimientolistaAsistentesIntegrantesj_idt304' is clicked on

2023-03-09 13:18:26 - [MESSAGE][PASSED] - Object: 'Object Repository/2-OBJECTS TAREAS SECUNDARIAS/Pruebas SST/Creación de Grupos de Apoyo/a_Rol_form_popupSeguimientotabPopupSeguimientolistaAsistentesIntegrantesj_idt304' is clicked on

2023-03-09 13:18:26 - [TEST_STEP][PASSED] - setText(findTestObject("2-OBJECTS TAREAS SECUNDARIAS/Pruebas SST/Creación de Grupos de Apoyo/input_Filtro Inscritos_form_AsistenteGrupoApoyoPopUpj_idt350"), "guisell"): Text 'guisell' is set on object 'Object Repository/2-OBJECTS TAREAS SECUNDARIAS/Pruebas SST/Creación de Grupos de Apoyo/input_Filtro Inscritos_form_AsistenteGrupoApoyoPopUpj_idt350'

2023-03-09 13:18:27 - [MESSAGE][PASSED] - Text 'guisell' is set on object 'Object Repository/2-OBJECTS TAREAS SECUNDARIAS/Pruebas SST/Creación de Grupos de Apoyo/input_Filtro Inscritos_form_AsistenteGrupoApoyoPopUpj_idt350'

2023-03-09 13:18:27 - [TEST_STEP][PASSED] - sendKeys(findTestObject("2-OBJECTS TAREAS SECUNDARIAS/Pruebas SST/Creación de Grupos de Apoyo/input_Filtro Inscritos_form_AsistenteGrupoApoyoPopUpj_idt350"), Keys.chord(ENTER)): Keys 'ENTER + ' sent to object: 'Object Repository/2-OBJECTS TAREAS SECUNDARIAS/Pruebas SST/Creación de Grupos de Apoyo/input_Filtro Inscritos_form_AsistenteGrupoApoyoPopUpj_idt350'

2023-03-09 13:18:30 - [MESSAGE][PASSED] - Keys 'ENTER + ' sent to object: 'Object Repository/2-OBJECTS TAREAS SECUNDARIAS/Pruebas SST/Creación de Grupos de Apoyo/input_Filtro Inscritos_form_AsistenteGrupoApoyoPopUpj_idt350'

2023-03-09 13:18:30 - [TEST_STEP][PASSED] - click(findTestObject("2-OBJECTS TAREAS SECUNDARIAS/Pruebas SST/Creación de Grupos de Apoyo/span_1057596487")): Object: 'Object Repository/2-OBJECTS TAREAS SECUNDARIAS/Pruebas SST/Creación de Grupos de Apoyo/span_1057596487' is clicked on

2023-03-09 13:18:31 - [MESSAGE][PASSED] - Object: 'Object Repository/2-OBJECTS TAREAS SECUNDARIAS/Pruebas SST/Creación de Grupos de Apoyo/span_1057596487' is clicked on

2023-03-09 13:18:31 - [TEST_STEP][PASSED] - click(findTestObject("2-OBJECTS TAREAS SECUNDARIAS/Pruebas SST/Creación de Grupos de Apoyo/a_Rol_form_popupSeguimientotabPopupSeguimientolistaAsistentesIntegrantesj_idt310")): Object: 'Object Repository/2-OBJECTS TAREAS SECUNDARIAS/Pruebas SST/Creación de Grupos de Apoyo/a_Rol_form_popupSeguimientotabPopupSeguimientolistaAsistentesIntegrantesj_idt310' is clicked on

2023-03-09 13:18:31 - [MESSAGE][PASSED] - Object: 'Object Repository/2-OBJECTS TAREAS SECUNDARIAS/Pruebas SST/Creación de Grupos de Apoyo/a_Rol_form_popupSeguimientotabPopupSeguimientolistaAsistentesIntegrantesj_idt310' is clicked on

2023-03-09 13:18:31 - [TEST_STEP][PASSED] - click(findTestObject("2-OBJECTS TAREAS SECUNDARIAS/Pruebas SST/Creación de Grupos de Apoyo/a_Grupo Actividad")): Object: 'Object Repository/2-OBJECTS TAREAS SECUNDARIAS/Pruebas SST/Creación de Grupos de Apoyo/a_Grupo Actividad' is clicked on

2023-03-09 13:18:32 - [MESSAGE][PASSED] - Object: 'Object Repository/2-OBJECTS TAREAS SECUNDARIAS/Pruebas SST/Creación de Grupos de Apoyo/a_Grupo Actividad' is clicked on

2023-03-09 13:18:32 - [TEST_STEP][PASSED] - click(findTestObject("2-OBJECTS TAREAS SECUNDARIAS/Pruebas SST/Creación de Grupos de Apoyo/span_No se encontr registros_ui-icon ui-icon-closethick")): Object: 'Object Repository/2-OBJECTS TAREAS SECUNDARIAS/Pruebas SST/Creación de Grupos de Apoyo/span_No se encontr registros_ui-icon ui-icon-closethick' is clicked on

2023-03-09 13:18:33 - [MESSAGE][PASSED] - Object: 'Object Repository/2-OBJECTS TAREAS SECUNDARIAS/Pruebas SST/Creación de Grupos de Apoyo/span_No se encontr registros_ui-icon ui-icon-closethick' is clicked on

2023-03-09 13:18:33 - [TEST_STEP][PASSED] - click(findTestObject("2-OBJECTS TAREAS SECUNDARIAS/Pruebas SST/Creación de Grupos de Apoyo/a_Compromisos")): Object: 'Object Repository/2-OBJECTS TAREAS SECUNDARIAS/Pruebas SST/Creación de Grupos de Apoyo/a_Compromisos' is clicked on

2023-03-09 13:18:33 - [MESSAGE][PASSED] - Object: 'Object Repository/2-OBJECTS TAREAS SECUNDARIAS/Pruebas SST/Creación de Grupos de Apoyo/a_Compromisos' is clicked on

2023-03-09 13:18:33 - [TEST_STEP][PASSED] - click(findTestObject("2-OBJECTS TAREAS SECUNDARIAS/Pruebas SST/Creación de Grupos de Apoyo/a_Nuevo3")): Object: 'Object Repository/2-OBJECTS TAREAS SECUNDARIAS/Pruebas SST/Creación de Grupos de Apoyo/a_Nuevo3' is clicked on

2023-03-09 13:18:34 - [MESSAGE][PASSED] - Object: 'Object Repository/2-OBJECTS TAREAS SECUNDARIAS/Pruebas SST/Creación de Grupos de Apoyo/a_Nuevo3' is clicked on

2023-03-09 13:18:34 - [TEST_STEP][PASSED] - click(findTestObject("2-OBJECTS TAREAS SECUNDARIAS/Pruebas SST/Creación de Grupos de Apoyo/a_Responsable_form_popupSeguimientoComj_idt323")): Object: 'Object Repository/2-OBJECTS TAREAS SECUNDARIAS/Pruebas SST/Creación de Grupos de Apoyo/a_Responsable_form_popupSeguimientoComj_idt323' is clicked on

2023-03-09 13:18:35 - [MESSAGE][PASSED] - Object: 'Object Repository/2-OBJECTS TAREAS SECUNDARIAS/Pruebas SST/Creación de Grupos de Apoyo/a_Responsable_form_popupSeguimientoComj_idt323' is clicked on

2023-03-09 13:18:35 - [TEST_STEP][PASSED] - setText(findTestObject("2-OBJECTS TAREAS SECUNDARIAS/Pruebas SST/Creación de Grupos de Apoyo/input_Filtro Hoja de Vida_formPopupHojaVidaj_idt8402"), "guisell"): Text 'guisell' is set on object 'Object Repository/2-OBJECTS TAREAS SECUNDARIAS/Pruebas SST/Creación de Grupos de Apoyo/input_Filtro Hoja de Vida_formPopupHojaVidaj_idt8402'

2023-03-09 13:18:36 - [MESSAGE][PASSED] - Text 'guisell' is set on object 'Object Repository/2-OBJECTS TAREAS SECUNDARIAS/Pruebas SST/Creación de Grupos de Apoyo/input_Filtro Hoja de Vida_formPopupHojaVidaj_idt8402'

2023-03-09 13:18:36 - [TEST_STEP][PASSED] - sendKeys(findTestObject("2-OBJECTS TAREAS SECUNDARIAS/Pruebas SST/Creación de Grupos de Apoyo/input_Filtro Hoja de Vida_formPopupHojaVidaj_idt8402"), Keys.chord(ENTER)): Keys 'ENTER + ' sent to object: 'Object Repository/2-OBJECTS TAREAS SECUNDARIAS/Pruebas SST/Creación de Grupos de Apoyo/input_Filtro Hoja de Vida_formPopupHojaVidaj_idt8402'

2023-03-09 13:18:36 - [MESSAGE][PASSED] - Keys 'ENTER + ' sent to object: 'Object Repository/2-OBJECTS TAREAS SECUNDARIAS/Pruebas SST/Creación de Grupos de Apoyo/input_Filtro Hoja de Vida_formPopupHojaVidaj_idt8402'

2023-03-09 13:18:36 - [TEST_STEP][PASSED] - click(findTestObject("2-OBJECTS TAREAS SECUNDARIAS/Pruebas SST/Creación de Grupos de Apoyo/span_Diaz Blanco Guisell2")): Object: 'Object Repository/2-OBJECTS TAREAS SECUNDARIAS/Pruebas SST/Creación de Grupos de Apoyo/span_Diaz Blanco Guisell2' is clicked on

2023-03-09 13:18:37 - [MESSAGE][PASSED] - Object: 'Object Repository/2-OBJECTS TAREAS SECUNDARIAS/Pruebas SST/Creación de Grupos de Apoyo/span_Diaz Blanco Guisell2' is clicked on

2023-03-09 13:18:37 - [TEST_STEP][PASSED] - selectOptionByIndex(findTestObject("2-OBJECTS TAREAS SECUNDARIAS/Pruebas SST/Creación de Grupos de Apoyo/select_-- SELECCIONAR --Trate de no correr2"), 1): All options with index in [1] are selected on object 'Object Repository/2-OBJECTS TAREAS SECUNDARIAS/Pruebas SST/Creación de Grupos de Apoyo/select_-- SELECCIONAR --Trate de no correr2'

2023-03-09 13:18:38 - [MESSAGE][PASSED] - All options with index in [1] are selected on object 'Object Repository/2-OBJECTS TAREAS SECUNDARIAS/Pruebas SST/Creación de Grupos de Apoyo/select_-- SELECCIONAR --Trate de no correr2'

2023-03-09 13:18:38 - [TEST_STEP][PASSED] - selectOptionByIndex(findTestObject("2-OBJECTS TAREAS SECUNDARIAS/Pruebas SST/Creación de Grupos de Apoyo/select_-- SELECCIONAR --ProgramadoCumplidoCancelado"), 1): All options with index in [1] are selected on object 'Object Repository/2-OBJECTS TAREAS SECUNDARIAS/Pruebas SST/Creación de Grupos de Apoyo/select_-- SELECCIONAR --ProgramadoCumplidoCancelado'

2023-03-09 13:18:39 - [MESSAGE][PASSED] - All options with index in [1] are selected on object 'Object Repository/2-OBJECTS TAREAS SECUNDARIAS/Pruebas SST/Creación de Grupos de Apoyo/select_-- SELECCIONAR --ProgramadoCumplidoCancelado'

2023-03-09 13:18:39 - [TEST_STEP][PASSED] - setText(findTestObject("2-OBJECTS TAREAS SECUNDARIAS/Pruebas SST/Creación de Grupos de Apoyo/textarea_Observacin_form_popupSeguimientoComobservacion"), "pruebas katalon"): Text 'pruebas katalon' is set on object 'Object Repository/2-OBJECTS TAREAS SECUNDARIAS/Pruebas SST/Creación de Grupos de Apoyo/textarea_Observacin_form_popupSeguimientoComobservacion'

2023-03-09 13:18:40 - [MESSAGE][PASSED] - Text 'pruebas katalon' is set on object 'Object Repository/2-OBJECTS TAREAS SECUNDARIAS/Pruebas SST/Creación de Grupos de Apoyo/textarea_Observacin_form_popupSeguimientoComobservacion'

2023-03-09 13:18:40 - [TEST_STEP][PASSED] - click(findTestObject("2-OBJECTS TAREAS SECUNDARIAS/Pruebas SST/Creación de Grupos de Apoyo/a_Guardar")): Object: 'Object Repository/2-OBJECTS TAREAS SECUNDARIAS/Pruebas SST/Creación de Grupos de Apoyo/a_Guardar' is clicked on

2023-03-09 13:18:41 - [MESSAGE][PASSED] - Object: 'Object Repository/2-OBJECTS TAREAS SECUNDARIAS/Pruebas SST/Creación de Grupos de Apoyo/a_Guardar' is clicked on

2023-03-09 13:18:41 - [TEST_STEP][PASSED] - click(findTestObject("2-OBJECTS TAREAS SECUNDARIAS/Pruebas SST/Creación de Grupos de Apoyo/a_Anexos")): Object: 'Object Repository/2-OBJECTS TAREAS SECUNDARIAS/Pruebas SST/Creación de Grupos de Apoyo/a_Anexos' is clicked on

2023-03-09 13:18:42 - [MESSAGE][PASSED] - Object: 'Object Repository/2-OBJECTS TAREAS SECUNDARIAS/Pruebas SST/Creación de Grupos de Apoyo/a_Anexos' is clicked on

2023-03-09 13:18:42 - [TEST_STEP][PASSED] - click(findTestObject("2-OBJECTS TAREAS SECUNDARIAS/Pruebas SST/Creación de Grupos de Apoyo/a_Descargar_form_equipoTrabajoSaltabtablaAnexosj_idt202")): Object: 'Object Repository/2-OBJECTS TAREAS SECUNDARIAS/Pruebas SST/Creación de Grupos de Apoyo/a_Descargar_form_equipoTrabajoSaltabtablaAnexosj_idt202' is clicked on

2023-03-09 13:18:43 - [MESSAGE][PASSED] - Object: 'Object Repository/2-OBJECTS TAREAS SECUNDARIAS/Pruebas SST/Creación de Grupos de Apoyo/a_Descargar_form_equipoTrabajoSaltabtablaAnexosj_idt202' is clicked on

2023-03-09 13:18:43 - [TEST_STEP][PASSED] - ra = "": null

2023-03-09 13:18:43 - [TEST_STEP][PASSED] - ruta = Systema(ra) + "prueba.pdf": null

2023-03-09 13:18:43 - [TEST_STEP][PASSED] - RutaA = System.getProperty("os.name"): null

2023-03-09 13:18:43 - [TEST_STEP][PASSED] - if (RutaA == "Windows 10"): null

2023-03-09 13:18:43 - [TEST_STEP][PASSED] - rutaW = getProjectDir() + "/1.Requerimientos/Documento para pruebas/": null

2023-03-09 13:18:43 - [TEST_STEP][PASSED] - rutaW = rutaW.replace("/", "\"): null

2023-03-09 13:18:43 - [TEST_STEP][PASSED] - println("Esta es la ruta:" + rutaW): null

2023-03-09 13:18:43 - [TEST_STEP][PASSED] - ra = rutaW: null

2023-03-09 13:18:43 - [TEST_STEP][PASSED] - println(ruta): null

2023-03-09 13:18:43 - [TEST_STEP][PASSED] - uploadFile(findTestObject("2-OBJECTS TAREAS SECUNDARIAS/Pruebas SST/Creación de Grupos de Apoyo/input_Cargar Archivo_popupCargarArchivoForminputFileName_input"), ruta): File 'C:\Users\diego.rojas\git\Pruebas-Minimas\1.Requerimientos\Documento para pruebas\prueba.pdf' sent to object: 'Object Repository/2-OBJECTS TAREAS SECUNDARIAS/Pruebas SST/Creación de Grupos de Apoyo/input_Cargar Archivo_popupCargarArchivoForminputFileName_input'

2023-03-09 13:18:43 - [MESSAGE][PASSED] - File 'C:\Users\diego.rojas\git\Pruebas-Minimas\1.Requerimientos\Documento para pruebas\prueba.pdf' sent to object: 'Object Repository/2-OBJECTS TAREAS SECUNDARIAS/Pruebas SST/Creación de Grupos de Apoyo/input_Cargar Archivo_popupCargarArchivoForminputFileName_input'

2023-03-09 13:18:43 - [TEST_STEP][PASSED] - setText(findTestObject("2-OBJECTS TAREAS SECUNDARIAS/Pruebas SST/Creación de Grupos de Apoyo/input_Descargar_form_equipoTrabajoSaltabtablaAnexosfecha_input"), "01/07/2021"): Text '01/07/2021' is set on object 'Object Repository/2-OBJECTS TAREAS SECUNDARIAS/Pruebas SST/Creación de Grupos de Apoyo/input_Descargar_form_equipoTrabajoSaltabtablaAnexosfecha_input'

2023-03-09 13:18:45 - [MESSAGE][PASSED] - Text '01/07/2021' is set on object 'Object Repository/2-OBJECTS TAREAS SECUNDARIAS/Pruebas SST/Creación de Grupos de Apoyo/input_Descargar_form_equipoTrabajoSaltabtablaAnexosfecha_input'

2023-03-09 13:18:45 - [TEST_STEP][PASSED] - setText(findTestObject("2-OBJECTS TAREAS SECUNDARIAS/Pruebas SST/Creación de Grupos de Apoyo/input_Descargar_form_equipoTrabajoSaltabtablaAnexosdescripcionAnexo"), "pruebas k"): Text 'pruebas k' is set on object 'Object Repository/2-OBJECTS TAREAS SECUNDARIAS/Pruebas SST/Creación de Grupos de Apoyo/input_Descargar_form_equipoTrabajoSaltabtablaAnexosdescripcionAnexo'

2023-03-09 13:18:45 - [MESSAGE][PASSED] - Text 'pruebas k' is set on object 'Object Repository/2-OBJECTS TAREAS SECUNDARIAS/Pruebas SST/Creación de Grupos de Apoyo/input_Descargar_form_equipoTrabajoSaltabtablaAnexosdescripcionAnexo'

2023-03-09 13:18:45 - [TEST_STEP][PASSED] - click(findTestObject("2-OBJECTS TAREAS SECUNDARIAS/Pruebas SST/Creación de Grupos de Apoyo/a_Descargar_form_equipoTrabajoSaltabtablaAnexosj_idt209")): Object: 'Object Repository/2-OBJECTS TAREAS SECUNDARIAS/Pruebas SST/Creación de Grupos de Apoyo/a_Descargar_form_equipoTrabajoSaltabtablaAnexosj_idt209' is clicked on

2023-03-09 13:18:46 - [MESSAGE][PASSED] - Object: 'Object Repository/2-OBJECTS TAREAS SECUNDARIAS/Pruebas SST/Creación de Grupos de Apoyo/a_Descargar_form_equipoTrabajoSaltabtablaAnexosj_idt209' is clicked on

2023-03-09 13:18:46 - [TEST_STEP][PASSED] - Result = getText(findTestObject("3-OBJECTS UTILIDADES/Alerta/Alerta")): Text of object 'Object Repository/3-OBJECTS UTILIDADES/Alerta/Alerta' is: 'Registro Actualizado'

2023-03-09 13:18:46 - [MESSAGE][PASSED] - Text of object 'Object Repository/3-OBJECTS UTILIDADES/Alerta/Alerta' is: 'Registro Actualizado'

2023-03-09 13:18:46 - [TEST_STEP][PASSED] - if (Result == "Registro Actualizado"): Browser is closed

2023-03-09 13:18:46 - [TEST_STEP][PASSED] - Resultado = "PRUEBA OK": null

2023-03-09 13:18:46 - [TEST_STEP][PASSED] - closeBrowser(): Browser is closed

2023-03-09 13:18:47 - [MESSAGE][PASSED] - Browser is closed]]></system-out>
         <system-err><![CDATA[]]></system-err>
      </testcase>
      <testcase name="Test Cases/1.2-Tareas_Secundarias/7.1-Pruebas_Vinculación/7.1.1-Crear_un_tipo_Documento" time="27.466" classname="Test Cases/1.2-Tareas_Secundarias/7.1-Pruebas_Vinculación/7.1.1-Crear_un_tipo_Documento" status="PASSED">
         <system-out><![CDATA[2023-03-09 13:18:47 - [TEST_CASE][PASSED] - Test Cases/1.2-Tareas_Secundarias/7.1-Pruebas_Vinculación/7.1.1-Crear_un_tipo_Documento: Test Cases/1.2-Tareas_Secundarias/7.1-Pruebas_Vinculación/7.1.1-Crear_un_tipo_Documento

2023-03-09 13:18:48 - [TEST_STEP][PASSED] - callTestCase(findTestCase("0.1-Login"), [:], STOP_ON_FAILURE): Call Test Case 'Test Cases/0.1-Login' successfully

2023-03-09 13:18:48 - [TEST_CASE][PASSED] - Test Cases/0.1-Login: Test Cases/0.1-Login

2023-03-09 13:18:48 - [TEST_STEP][PASSED] - openBrowser(""): Browser is opened with url: ''

2023-03-09 13:18:48 - [MESSAGE][INFO] - Starting 'Chrome' driver

2023-03-09 13:18:48 - [MESSAGE][INFO] - Action delay is set to 0 milliseconds

2023-03-09 13:18:49 - [MESSAGE][PASSED] - Browser is opened with url: ''

2023-03-09 13:18:49 - [TEST_STEP][PASSED] - maximizeWindow(): Current window maximized

2023-03-09 13:18:49 - [MESSAGE][PASSED] - Current window maximized

2023-03-09 13:18:49 - [TEST_STEP][PASSED] - i = G_Login: null

2023-03-09 13:18:49 - [TEST_STEP][PASSED] - url = new java.net.URL(i): null

2023-03-09 13:18:49 - [TEST_STEP][PASSED] - println("URL: " + url.toString()): null

2023-03-09 13:18:49 - [TEST_STEP][PASSED] - connection = url.openConnection(): null

2023-03-09 13:18:49 - [TEST_STEP][PASSED] - connection.setRequestMethod("GET"): null

2023-03-09 13:18:49 - [TEST_STEP][PASSED] - connection.setReadTimeout(2 * 1000): null

2023-03-09 13:18:49 - [TEST_STEP][PASSED] - try: null

2023-03-09 13:18:49 - [TEST_STEP][PASSED] - connection.connect(): null

2023-03-09 13:18:49 - [TEST_STEP][PASSED] - flag = connected: null

2023-03-09 13:18:49 - [TEST_STEP][PASSED] - println("Valor_ori: " + flag): null

2023-03-09 13:18:49 - [TEST_STEP][PASSED] - if (flag): null

2023-03-09 13:18:49 - [TEST_STEP][PASSED] - navigateToUrl(i): Navigate to 'http://192.168.2.19:7001/saraweb' successfully

2023-03-09 13:18:51 - [MESSAGE][PASSED] - Navigate to 'http://192.168.2.19:7001/saraweb' successfully

2023-03-09 13:18:51 - [TEST_STEP][PASSED] - a(): null

2023-03-09 13:18:51 - [TEST_STEP][PASSED] - if (waitForElementVisible(findTestObject("3-OBJECTS UTILIDADES/Login/input_USUARIO_loginusuario"), 0)): null

2023-03-09 13:18:51 - [MESSAGE][WARNING] - Timeout '0' is invalid. Using default page load timeout: '37'

2023-03-09 13:18:51 - [MESSAGE][PASSED] - Object 'Object Repository/3-OBJECTS UTILIDADES/Login/input_USUARIO_loginusuario' is visible

2023-03-09 13:18:51 - [TEST_STEP][PASSED] - switchToWindowTitle("SARA"): Switched to window with title: 'SARA'

2023-03-09 13:18:51 - [MESSAGE][PASSED] - Switched to window with title: 'SARA'

2023-03-09 13:18:51 - [TEST_STEP][PASSED] - zoom(): null

2023-03-09 13:18:51 - [TEST_STEP][PASSED] - robot = new java.awt.Robot(): null

2023-03-09 13:18:51 - [TEST_STEP][PASSED] - robot.keyPress(VK_CONTROL): null

2023-03-09 13:18:51 - [TEST_STEP][PASSED] - robot.keyPress(VK_SUBTRACT): null

2023-03-09 13:18:51 - [TEST_STEP][PASSED] - robot.keyRelease(VK_CONTROL): null

2023-03-09 13:18:51 - [TEST_STEP][PASSED] - robot.keyRelease(VK_SUBTRACT): null

2023-03-09 13:18:51 - [TEST_STEP][PASSED] - robot.keyPress(VK_CONTROL): null

2023-03-09 13:18:51 - [TEST_STEP][PASSED] - robot.keyPress(VK_SUBTRACT): null

2023-03-09 13:18:51 - [TEST_STEP][PASSED] - robot.keyRelease(VK_CONTROL): null

2023-03-09 13:18:51 - [TEST_STEP][PASSED] - robot.keyRelease(VK_SUBTRACT): null

2023-03-09 13:18:51 - [TEST_STEP][PASSED] - robot.keyPress(VK_CONTROL): null

2023-03-09 13:18:51 - [TEST_STEP][PASSED] - robot.keyPress(VK_SUBTRACT): null

2023-03-09 13:18:51 - [TEST_STEP][PASSED] - robot.keyRelease(VK_CONTROL): null

2023-03-09 13:18:51 - [TEST_STEP][PASSED] - robot.keyRelease(VK_SUBTRACT): null

2023-03-09 13:18:51 - [TEST_STEP][PASSED] - robot.keyRelease(VK_CONTROL): null

2023-03-09 13:18:51 - [TEST_STEP][PASSED] - robot.keyRelease(VK_SUBTRACT): null

2023-03-09 13:18:51 - [TEST_STEP][PASSED] - setText(findTestObject("3-OBJECTS UTILIDADES/Login/input_USUARIO_loginusuario"), G_Usuario): Text 'weblogic' is set on object 'Object Repository/3-OBJECTS UTILIDADES/Login/input_USUARIO_loginusuario'

2023-03-09 13:18:52 - [MESSAGE][PASSED] - Text 'weblogic' is set on object 'Object Repository/3-OBJECTS UTILIDADES/Login/input_USUARIO_loginusuario'

2023-03-09 13:18:52 - [TEST_STEP][PASSED] - setEncryptedText(findTestObject("3-OBJECTS UTILIDADES/Login/input_CLAVE_loginpassword"), "SlAwMcyRKqrwbnzhAs8HhT6NnI7sEyng"): Text ****** has been set on object 'Object Repository/3-OBJECTS UTILIDADES/Login/input_CLAVE_loginpassword'

2023-03-09 13:18:56 - [MESSAGE][PASSED] - Text ****** has been set on object 'Object Repository/3-OBJECTS UTILIDADES/Login/input_CLAVE_loginpassword'

2023-03-09 13:18:56 - [TEST_STEP][PASSED] - while (waitForElementClickable(findTestObject("3-OBJECTS UTILIDADES/Login/a_Ingresar"), 1)): Web element with id: 'Object Repository/3-OBJECTS UTILIDADES/Login/a_Ingresar' located by '//a[contains(text(),'Ingresar')]' not found

2023-03-09 13:18:58 - [MESSAGE][INFO] - Unable to find the element located by 'By.xpath: //a[contains(text(),'Ingresar')]'. Please recheck the objects properties to make sure the desired element is located. 

2023-03-09 13:18:58 - [MESSAGE][WARNING] - Web element with id: 'Object Repository/3-OBJECTS UTILIDADES/Login/a_Ingresar' located by '//a[contains(text(),'Ingresar')]' not found

2023-03-09 13:18:58 - [MESSAGE][PASSED] - Call Test Case 'Test Cases/0.1-Login' successfully

2023-03-09 13:18:58 - [TEST_STEP][PASSED] - setText(findTestObject("2-OBJECTS TAREAS SECUNDARIAS/Pruebas Vinculación/Crear_un_tipo_Documento/input_Empresa 1_form_templatej_idt24_input"), "parametros contratacion"): Text 'parametros contratacion' is set on object 'Object Repository/2-OBJECTS TAREAS SECUNDARIAS/Pruebas Vinculación/Crear_un_tipo_Documento/input_Empresa 1_form_templatej_idt24_input'

2023-03-09 13:18:59 - [MESSAGE][PASSED] - Text 'parametros contratacion' is set on object 'Object Repository/2-OBJECTS TAREAS SECUNDARIAS/Pruebas Vinculación/Crear_un_tipo_Documento/input_Empresa 1_form_templatej_idt24_input'

2023-03-09 13:18:59 - [TEST_STEP][PASSED] - click(findTestObject("2-OBJECTS TAREAS SECUNDARIAS/Pruebas Vinculación/Crear_un_tipo_Documento/span_Parametros Contratacion")): Object: 'Object Repository/2-OBJECTS TAREAS SECUNDARIAS/Pruebas Vinculación/Crear_un_tipo_Documento/span_Parametros Contratacion' is clicked on

2023-03-09 13:19:01 - [MESSAGE][PASSED] - Object: 'Object Repository/2-OBJECTS TAREAS SECUNDARIAS/Pruebas Vinculación/Crear_un_tipo_Documento/span_Parametros Contratacion' is clicked on

2023-03-09 13:19:01 - [TEST_STEP][PASSED] - click(findTestObject("2-OBJECTS TAREAS SECUNDARIAS/Pruebas Vinculación/Crear_un_tipo_Documento/a_Tipo  Documento")): Object: 'Object Repository/2-OBJECTS TAREAS SECUNDARIAS/Pruebas Vinculación/Crear_un_tipo_Documento/a_Tipo  Documento' is clicked on

2023-03-09 13:19:03 - [MESSAGE][PASSED] - Object: 'Object Repository/2-OBJECTS TAREAS SECUNDARIAS/Pruebas Vinculación/Crear_un_tipo_Documento/a_Tipo  Documento' is clicked on

2023-03-09 13:19:03 - [TEST_STEP][PASSED] - setText(findTestObject("2-OBJECTS TAREAS SECUNDARIAS/Pruebas Vinculación/Crear_un_Momento/input_Parmetros_form_tipodocumentofiltroTipoHoja"), "pruebas katalon"): Text 'pruebas katalon' is set on object 'Object Repository/2-OBJECTS TAREAS SECUNDARIAS/Pruebas Vinculación/Crear_un_Momento/input_Parmetros_form_tipodocumentofiltroTipoHoja'

2023-03-09 13:19:04 - [MESSAGE][PASSED] - Text 'pruebas katalon' is set on object 'Object Repository/2-OBJECTS TAREAS SECUNDARIAS/Pruebas Vinculación/Crear_un_Momento/input_Parmetros_form_tipodocumentofiltroTipoHoja'

2023-03-09 13:19:04 - [TEST_STEP][PASSED] - sendKeys(findTestObject("2-OBJECTS TAREAS SECUNDARIAS/Pruebas Vinculación/Crear_un_Momento/input_Parmetros_form_tipodocumentofiltroTipoHoja"), Keys.chord(ENTER)): Keys 'ENTER + ' sent to object: 'Object Repository/2-OBJECTS TAREAS SECUNDARIAS/Pruebas Vinculación/Crear_un_Momento/input_Parmetros_form_tipodocumentofiltroTipoHoja'

2023-03-09 13:19:07 - [MESSAGE][PASSED] - Keys 'ENTER + ' sent to object: 'Object Repository/2-OBJECTS TAREAS SECUNDARIAS/Pruebas Vinculación/Crear_un_Momento/input_Parmetros_form_tipodocumentofiltroTipoHoja'

2023-03-09 13:19:07 - [TEST_STEP][PASSED] - if (waitForElementVisible(findTestObject("2-OBJECTS TAREAS SECUNDARIAS/Pruebas Vinculación/Crear_un_Momento/span_Pruebas katalon"), 1)): null

2023-03-09 13:19:07 - [MESSAGE][PASSED] - Object 'Object Repository/2-OBJECTS TAREAS SECUNDARIAS/Pruebas Vinculación/Crear_un_Momento/span_Pruebas katalon' is visible

2023-03-09 13:19:07 - [TEST_STEP][PASSED] - click(findTestObject("2-OBJECTS TAREAS SECUNDARIAS/Pruebas Vinculación/Crear_un_Momento/span_Pruebas katalon")): Object: 'Object Repository/2-OBJECTS TAREAS SECUNDARIAS/Pruebas Vinculación/Crear_un_Momento/span_Pruebas katalon' is clicked on

2023-03-09 13:19:07 - [MESSAGE][PASSED] - Object: 'Object Repository/2-OBJECTS TAREAS SECUNDARIAS/Pruebas Vinculación/Crear_un_Momento/span_Pruebas katalon' is clicked on

2023-03-09 13:19:07 - [TEST_STEP][PASSED] - click(findTestObject("2-OBJECTS TAREAS SECUNDARIAS/Pruebas Vinculación/Crear_un_Momento/a_Eliminar")): Object: 'Object Repository/2-OBJECTS TAREAS SECUNDARIAS/Pruebas Vinculación/Crear_un_Momento/a_Eliminar' is clicked on

2023-03-09 13:19:08 - [MESSAGE][PASSED] - Object: 'Object Repository/2-OBJECTS TAREAS SECUNDARIAS/Pruebas Vinculación/Crear_un_Momento/a_Eliminar' is clicked on

2023-03-09 13:19:08 - [TEST_STEP][PASSED] - click(findTestObject("2-OBJECTS TAREAS SECUNDARIAS/Pruebas Vinculación/Crear_un_Momento/a_Aceptar")): Object: 'Object Repository/2-OBJECTS TAREAS SECUNDARIAS/Pruebas Vinculación/Crear_un_Momento/a_Aceptar' is clicked on

2023-03-09 13:19:09 - [MESSAGE][PASSED] - Object: 'Object Repository/2-OBJECTS TAREAS SECUNDARIAS/Pruebas Vinculación/Crear_un_Momento/a_Aceptar' is clicked on

2023-03-09 13:19:09 - [TEST_STEP][PASSED] - click(findTestObject("2-OBJECTS TAREAS SECUNDARIAS/Pruebas Vinculación/Crear_un_tipo_Documento/a_Nuevo")): Object: 'Object Repository/2-OBJECTS TAREAS SECUNDARIAS/Pruebas Vinculación/Crear_un_tipo_Documento/a_Nuevo' is clicked on

2023-03-09 13:19:09 - [MESSAGE][PASSED] - Object: 'Object Repository/2-OBJECTS TAREAS SECUNDARIAS/Pruebas Vinculación/Crear_un_tipo_Documento/a_Nuevo' is clicked on

2023-03-09 13:19:09 - [TEST_STEP][PASSED] - setText(findTestObject("2-OBJECTS TAREAS SECUNDARIAS/Pruebas Vinculación/Crear_un_tipo_Documento/input_Cdigo_form_tipodocumentocodigo"), "5"): Text '5' is set on object 'Object Repository/2-OBJECTS TAREAS SECUNDARIAS/Pruebas Vinculación/Crear_un_tipo_Documento/input_Cdigo_form_tipodocumentocodigo'

2023-03-09 13:19:10 - [MESSAGE][PASSED] - Text '5' is set on object 'Object Repository/2-OBJECTS TAREAS SECUNDARIAS/Pruebas Vinculación/Crear_un_tipo_Documento/input_Cdigo_form_tipodocumentocodigo'

2023-03-09 13:19:10 - [TEST_STEP][PASSED] - setText(findTestObject("2-OBJECTS TAREAS SECUNDARIAS/Pruebas Vinculación/Crear_un_tipo_Documento/textarea_Descripcin_form_tipodocumentodescripcion"), "Pruebas katalon"): Text 'Pruebas katalon' is set on object 'Object Repository/2-OBJECTS TAREAS SECUNDARIAS/Pruebas Vinculación/Crear_un_tipo_Documento/textarea_Descripcin_form_tipodocumentodescripcion'

2023-03-09 13:19:11 - [MESSAGE][PASSED] - Text 'Pruebas katalon' is set on object 'Object Repository/2-OBJECTS TAREAS SECUNDARIAS/Pruebas Vinculación/Crear_un_tipo_Documento/textarea_Descripcin_form_tipodocumentodescripcion'

2023-03-09 13:19:11 - [TEST_STEP][PASSED] - selectOptionByIndex(findTestObject("2-OBJECTS TAREAS SECUNDARIAS/Pruebas Vinculación/Crear_un_tipo_Documento/select_Documento AnexoDocumento Control"), 1): All options with index in [1] are selected on object 'Object Repository/2-OBJECTS TAREAS SECUNDARIAS/Pruebas Vinculación/Crear_un_tipo_Documento/select_Documento AnexoDocumento Control'

2023-03-09 13:19:12 - [MESSAGE][PASSED] - All options with index in [1] are selected on object 'Object Repository/2-OBJECTS TAREAS SECUNDARIAS/Pruebas Vinculación/Crear_un_tipo_Documento/select_Documento AnexoDocumento Control'

2023-03-09 13:19:12 - [TEST_STEP][PASSED] - selectOptionByIndex(findTestObject("2-OBJECTS TAREAS SECUNDARIAS/Pruebas Vinculación/Crear_un_tipo_Documento/select_--Seleccione--MODO COLOMBIA HV"), 1): All options with index in [1] are selected on object 'Object Repository/2-OBJECTS TAREAS SECUNDARIAS/Pruebas Vinculación/Crear_un_tipo_Documento/select_--Seleccione--MODO COLOMBIA HV'

2023-03-09 13:19:13 - [MESSAGE][PASSED] - All options with index in [1] are selected on object 'Object Repository/2-OBJECTS TAREAS SECUNDARIAS/Pruebas Vinculación/Crear_un_tipo_Documento/select_--Seleccione--MODO COLOMBIA HV'

2023-03-09 13:19:13 - [TEST_STEP][PASSED] - click(findTestObject("2-OBJECTS TAREAS SECUNDARIAS/Pruebas Vinculación/Crear_un_tipo_Documento/a_Guardar")): Object: 'Object Repository/2-OBJECTS TAREAS SECUNDARIAS/Pruebas Vinculación/Crear_un_tipo_Documento/a_Guardar' is clicked on

2023-03-09 13:19:13 - [MESSAGE][PASSED] - Object: 'Object Repository/2-OBJECTS TAREAS SECUNDARIAS/Pruebas Vinculación/Crear_un_tipo_Documento/a_Guardar' is clicked on

2023-03-09 13:19:13 - [TEST_STEP][PASSED] - Result = getText(findTestObject("3-OBJECTS UTILIDADES/Alerta/Alerta")): Text of object 'Object Repository/3-OBJECTS UTILIDADES/Alerta/Alerta' is: 'Se adiciono el registro correctamente'

2023-03-09 13:19:14 - [MESSAGE][PASSED] - Text of object 'Object Repository/3-OBJECTS UTILIDADES/Alerta/Alerta' is: 'Se adiciono el registro correctamente'

2023-03-09 13:19:14 - [TEST_STEP][PASSED] - if (Result == "Se adiciono el registro correctamente"): Browser is closed

2023-03-09 13:19:14 - [TEST_STEP][PASSED] - Resultado = "Se adiciono el registro correctamente": null

2023-03-09 13:19:14 - [TEST_STEP][PASSED] - closeBrowser(): Browser is closed

2023-03-09 13:19:15 - [MESSAGE][PASSED] - Browser is closed]]></system-out>
         <system-err><![CDATA[]]></system-err>
      </testcase>
      <testcase name="Test Cases/1.2-Tareas_Secundarias/7.1-Pruebas_Vinculación/7.1.2-Crear_un_Momento" time="22.285" classname="Test Cases/1.2-Tareas_Secundarias/7.1-Pruebas_Vinculación/7.1.2-Crear_un_Momento" status="PASSED">
         <system-out><![CDATA[2023-03-09 13:19:15 - [TEST_CASE][PASSED] - Test Cases/1.2-Tareas_Secundarias/7.1-Pruebas_Vinculación/7.1.2-Crear_un_Momento: Test Cases/1.2-Tareas_Secundarias/7.1-Pruebas_Vinculación/7.1.2-Crear_un_Momento

2023-03-09 13:19:15 - [TEST_STEP][PASSED] - callTestCase(findTestCase("0.1-Login"), [:], STOP_ON_FAILURE): Call Test Case 'Test Cases/0.1-Login' successfully

2023-03-09 13:19:15 - [TEST_CASE][PASSED] - Test Cases/0.1-Login: Test Cases/0.1-Login

2023-03-09 13:19:15 - [TEST_STEP][PASSED] - openBrowser(""): Browser is opened with url: ''

2023-03-09 13:19:15 - [MESSAGE][INFO] - Starting 'Chrome' driver

2023-03-09 13:19:15 - [MESSAGE][INFO] - Action delay is set to 0 milliseconds

2023-03-09 13:19:16 - [MESSAGE][PASSED] - Browser is opened with url: ''

2023-03-09 13:19:16 - [TEST_STEP][PASSED] - maximizeWindow(): Current window maximized

2023-03-09 13:19:17 - [MESSAGE][PASSED] - Current window maximized

2023-03-09 13:19:17 - [TEST_STEP][PASSED] - i = G_Login: null

2023-03-09 13:19:17 - [TEST_STEP][PASSED] - url = new java.net.URL(i): null

2023-03-09 13:19:17 - [TEST_STEP][PASSED] - println("URL: " + url.toString()): null

2023-03-09 13:19:17 - [TEST_STEP][PASSED] - connection = url.openConnection(): null

2023-03-09 13:19:17 - [TEST_STEP][PASSED] - connection.setRequestMethod("GET"): null

2023-03-09 13:19:17 - [TEST_STEP][PASSED] - connection.setReadTimeout(2 * 1000): null

2023-03-09 13:19:17 - [TEST_STEP][PASSED] - try: null

2023-03-09 13:19:17 - [TEST_STEP][PASSED] - connection.connect(): null

2023-03-09 13:19:17 - [TEST_STEP][PASSED] - flag = connected: null

2023-03-09 13:19:17 - [TEST_STEP][PASSED] - println("Valor_ori: " + flag): null

2023-03-09 13:19:17 - [TEST_STEP][PASSED] - if (flag): null

2023-03-09 13:19:17 - [TEST_STEP][PASSED] - navigateToUrl(i): Navigate to 'http://192.168.2.19:7001/saraweb' successfully

2023-03-09 13:19:19 - [MESSAGE][PASSED] - Navigate to 'http://192.168.2.19:7001/saraweb' successfully

2023-03-09 13:19:19 - [TEST_STEP][PASSED] - a(): null

2023-03-09 13:19:19 - [TEST_STEP][PASSED] - if (waitForElementVisible(findTestObject("3-OBJECTS UTILIDADES/Login/input_USUARIO_loginusuario"), 0)): null

2023-03-09 13:19:19 - [MESSAGE][WARNING] - Timeout '0' is invalid. Using default page load timeout: '37'

2023-03-09 13:19:19 - [MESSAGE][PASSED] - Object 'Object Repository/3-OBJECTS UTILIDADES/Login/input_USUARIO_loginusuario' is visible

2023-03-09 13:19:19 - [TEST_STEP][PASSED] - switchToWindowTitle("SARA"): Switched to window with title: 'SARA'

2023-03-09 13:19:19 - [MESSAGE][PASSED] - Switched to window with title: 'SARA'

2023-03-09 13:19:19 - [TEST_STEP][PASSED] - zoom(): null

2023-03-09 13:19:19 - [TEST_STEP][PASSED] - robot = new java.awt.Robot(): null

2023-03-09 13:19:19 - [TEST_STEP][PASSED] - robot.keyPress(VK_CONTROL): null

2023-03-09 13:19:19 - [TEST_STEP][PASSED] - robot.keyPress(VK_SUBTRACT): null

2023-03-09 13:19:19 - [TEST_STEP][PASSED] - robot.keyRelease(VK_CONTROL): null

2023-03-09 13:19:19 - [TEST_STEP][PASSED] - robot.keyRelease(VK_SUBTRACT): null

2023-03-09 13:19:19 - [TEST_STEP][PASSED] - robot.keyPress(VK_CONTROL): null

2023-03-09 13:19:19 - [TEST_STEP][PASSED] - robot.keyPress(VK_SUBTRACT): null

2023-03-09 13:19:19 - [TEST_STEP][PASSED] - robot.keyRelease(VK_CONTROL): null

2023-03-09 13:19:19 - [TEST_STEP][PASSED] - robot.keyRelease(VK_SUBTRACT): null

2023-03-09 13:19:19 - [TEST_STEP][PASSED] - robot.keyPress(VK_CONTROL): null

2023-03-09 13:19:19 - [TEST_STEP][PASSED] - robot.keyPress(VK_SUBTRACT): null

2023-03-09 13:19:19 - [TEST_STEP][PASSED] - robot.keyRelease(VK_CONTROL): null

2023-03-09 13:19:19 - [TEST_STEP][PASSED] - robot.keyRelease(VK_SUBTRACT): null

2023-03-09 13:19:19 - [TEST_STEP][PASSED] - robot.keyRelease(VK_CONTROL): null

2023-03-09 13:19:19 - [TEST_STEP][PASSED] - robot.keyRelease(VK_SUBTRACT): null

2023-03-09 13:19:19 - [TEST_STEP][PASSED] - setText(findTestObject("3-OBJECTS UTILIDADES/Login/input_USUARIO_loginusuario"), G_Usuario): Text 'weblogic' is set on object 'Object Repository/3-OBJECTS UTILIDADES/Login/input_USUARIO_loginusuario'

2023-03-09 13:19:20 - [MESSAGE][PASSED] - Text 'weblogic' is set on object 'Object Repository/3-OBJECTS UTILIDADES/Login/input_USUARIO_loginusuario'

2023-03-09 13:19:20 - [TEST_STEP][PASSED] - setEncryptedText(findTestObject("3-OBJECTS UTILIDADES/Login/input_CLAVE_loginpassword"), "SlAwMcyRKqrwbnzhAs8HhT6NnI7sEyng"): Text ****** has been set on object 'Object Repository/3-OBJECTS UTILIDADES/Login/input_CLAVE_loginpassword'

2023-03-09 13:19:24 - [MESSAGE][PASSED] - Text ****** has been set on object 'Object Repository/3-OBJECTS UTILIDADES/Login/input_CLAVE_loginpassword'

2023-03-09 13:19:24 - [TEST_STEP][PASSED] - while (waitForElementClickable(findTestObject("3-OBJECTS UTILIDADES/Login/a_Ingresar"), 1)): Web element with id: 'Object Repository/3-OBJECTS UTILIDADES/Login/a_Ingresar' located by '//a[contains(text(),'Ingresar')]' not found

2023-03-09 13:19:26 - [MESSAGE][INFO] - Unable to find the element located by 'By.xpath: //a[contains(text(),'Ingresar')]'. Please recheck the objects properties to make sure the desired element is located. 

2023-03-09 13:19:26 - [MESSAGE][WARNING] - Web element with id: 'Object Repository/3-OBJECTS UTILIDADES/Login/a_Ingresar' located by '//a[contains(text(),'Ingresar')]' not found

2023-03-09 13:19:26 - [MESSAGE][PASSED] - Call Test Case 'Test Cases/0.1-Login' successfully

2023-03-09 13:19:26 - [TEST_STEP][PASSED] - setText(findTestObject("2-OBJECTS TAREAS SECUNDARIAS/Pruebas Vinculación/Crear_un_Momento/input_Empresa 1_form_templatej_idt24_input"), "parametros contratacion"): Text 'parametros contratacion' is set on object 'Object Repository/2-OBJECTS TAREAS SECUNDARIAS/Pruebas Vinculación/Crear_un_Momento/input_Empresa 1_form_templatej_idt24_input'

2023-03-09 13:19:27 - [MESSAGE][PASSED] - Text 'parametros contratacion' is set on object 'Object Repository/2-OBJECTS TAREAS SECUNDARIAS/Pruebas Vinculación/Crear_un_Momento/input_Empresa 1_form_templatej_idt24_input'

2023-03-09 13:19:27 - [TEST_STEP][PASSED] - click(findTestObject("2-OBJECTS TAREAS SECUNDARIAS/Pruebas Vinculación/Crear_un_Momento/li_Parametros Contratacion (tal)")): Object: 'Object Repository/2-OBJECTS TAREAS SECUNDARIAS/Pruebas Vinculación/Crear_un_Momento/li_Parametros Contratacion (tal)' is clicked on

2023-03-09 13:19:28 - [MESSAGE][PASSED] - Object: 'Object Repository/2-OBJECTS TAREAS SECUNDARIAS/Pruebas Vinculación/Crear_un_Momento/li_Parametros Contratacion (tal)' is clicked on

2023-03-09 13:19:28 - [TEST_STEP][PASSED] - click(findTestObject("2-OBJECTS TAREAS SECUNDARIAS/Pruebas Vinculación/Crear_un_Momento/a_Momento")): Object: 'Object Repository/2-OBJECTS TAREAS SECUNDARIAS/Pruebas Vinculación/Crear_un_Momento/a_Momento' is clicked on

2023-03-09 13:19:30 - [MESSAGE][PASSED] - Object: 'Object Repository/2-OBJECTS TAREAS SECUNDARIAS/Pruebas Vinculación/Crear_un_Momento/a_Momento' is clicked on

2023-03-09 13:19:30 - [TEST_STEP][PASSED] - if (waitForElementVisible(findTestObject("2-OBJECTS TAREAS SECUNDARIAS/Pruebas Vinculación/Crear_un_Momento/td_Pruebas katalon"), 1)): null

2023-03-09 13:19:31 - [MESSAGE][PASSED] - Object 'Object Repository/2-OBJECTS TAREAS SECUNDARIAS/Pruebas Vinculación/Crear_un_Momento/td_Pruebas katalon' is visible

2023-03-09 13:19:31 - [TEST_STEP][PASSED] - click(findTestObject("2-OBJECTS TAREAS SECUNDARIAS/Pruebas Vinculación/Crear_un_Momento/td_Pruebas katalon")): Object: 'Object Repository/2-OBJECTS TAREAS SECUNDARIAS/Pruebas Vinculación/Crear_un_Momento/td_Pruebas katalon' is clicked on

2023-03-09 13:19:31 - [MESSAGE][PASSED] - Object: 'Object Repository/2-OBJECTS TAREAS SECUNDARIAS/Pruebas Vinculación/Crear_un_Momento/td_Pruebas katalon' is clicked on

2023-03-09 13:19:31 - [TEST_STEP][PASSED] - click(findTestObject("2-OBJECTS TAREAS SECUNDARIAS/Pruebas Vinculación/Crear_un_Momento/a_Eliminar")): Object: 'Object Repository/2-OBJECTS TAREAS SECUNDARIAS/Pruebas Vinculación/Crear_un_Momento/a_Eliminar' is clicked on

2023-03-09 13:19:32 - [MESSAGE][PASSED] - Object: 'Object Repository/2-OBJECTS TAREAS SECUNDARIAS/Pruebas Vinculación/Crear_un_Momento/a_Eliminar' is clicked on

2023-03-09 13:19:32 - [TEST_STEP][PASSED] - click(findTestObject("2-OBJECTS TAREAS SECUNDARIAS/Pruebas Vinculación/Crear_un_Momento/a_Aceptar")): Object: 'Object Repository/2-OBJECTS TAREAS SECUNDARIAS/Pruebas Vinculación/Crear_un_Momento/a_Aceptar' is clicked on

2023-03-09 13:19:33 - [MESSAGE][PASSED] - Object: 'Object Repository/2-OBJECTS TAREAS SECUNDARIAS/Pruebas Vinculación/Crear_un_Momento/a_Aceptar' is clicked on

2023-03-09 13:19:33 - [TEST_STEP][PASSED] - click(findTestObject("2-OBJECTS TAREAS SECUNDARIAS/Pruebas Vinculación/Crear_un_Momento/a_Nuevo")): Object: 'Object Repository/2-OBJECTS TAREAS SECUNDARIAS/Pruebas Vinculación/Crear_un_Momento/a_Nuevo' is clicked on

2023-03-09 13:19:33 - [MESSAGE][PASSED] - Object: 'Object Repository/2-OBJECTS TAREAS SECUNDARIAS/Pruebas Vinculación/Crear_un_Momento/a_Nuevo' is clicked on

2023-03-09 13:19:33 - [TEST_STEP][PASSED] - setText(findTestObject("2-OBJECTS TAREAS SECUNDARIAS/Pruebas Vinculación/Crear_un_Momento/input_Cdigo_form_momentopanelTabcodigo"), "5"): Text '5' is set on object 'Object Repository/2-OBJECTS TAREAS SECUNDARIAS/Pruebas Vinculación/Crear_un_Momento/input_Cdigo_form_momentopanelTabcodigo'

2023-03-09 13:19:34 - [MESSAGE][PASSED] - Text '5' is set on object 'Object Repository/2-OBJECTS TAREAS SECUNDARIAS/Pruebas Vinculación/Crear_un_Momento/input_Cdigo_form_momentopanelTabcodigo'

2023-03-09 13:19:34 - [TEST_STEP][PASSED] - setText(findTestObject("2-OBJECTS TAREAS SECUNDARIAS/Pruebas Vinculación/Crear_un_Momento/textarea_Descripcin_form_momentopanelTabdescripcion"), "Pruebas katalon"): Text 'Pruebas katalon' is set on object 'Object Repository/2-OBJECTS TAREAS SECUNDARIAS/Pruebas Vinculación/Crear_un_Momento/textarea_Descripcin_form_momentopanelTabdescripcion'

2023-03-09 13:19:35 - [MESSAGE][PASSED] - Text 'Pruebas katalon' is set on object 'Object Repository/2-OBJECTS TAREAS SECUNDARIAS/Pruebas Vinculación/Crear_un_Momento/textarea_Descripcin_form_momentopanelTabdescripcion'

2023-03-09 13:19:35 - [TEST_STEP][PASSED] - selectOptionByIndex(findTestObject("2-OBJECTS TAREAS SECUNDARIAS/Pruebas Vinculación/Crear_un_Momento/select_--Seleccione--MODO COLOMBIA HV"), 1): All options with index in [1] are selected on object 'Object Repository/2-OBJECTS TAREAS SECUNDARIAS/Pruebas Vinculación/Crear_un_Momento/select_--Seleccione--MODO COLOMBIA HV'

2023-03-09 13:19:36 - [MESSAGE][PASSED] - All options with index in [1] are selected on object 'Object Repository/2-OBJECTS TAREAS SECUNDARIAS/Pruebas Vinculación/Crear_un_Momento/select_--Seleccione--MODO COLOMBIA HV'

2023-03-09 13:19:36 - [TEST_STEP][PASSED] - click(findTestObject("2-OBJECTS TAREAS SECUNDARIAS/Pruebas Vinculación/Crear_un_Momento/a_Guardar")): Object: 'Object Repository/2-OBJECTS TAREAS SECUNDARIAS/Pruebas Vinculación/Crear_un_Momento/a_Guardar' is clicked on

2023-03-09 13:19:36 - [MESSAGE][PASSED] - Object: 'Object Repository/2-OBJECTS TAREAS SECUNDARIAS/Pruebas Vinculación/Crear_un_Momento/a_Guardar' is clicked on

2023-03-09 13:19:36 - [TEST_STEP][PASSED] - Result = getText(findTestObject("3-OBJECTS UTILIDADES/Alerta/Alerta")): Text of object 'Object Repository/3-OBJECTS UTILIDADES/Alerta/Alerta' is: 'Se Modifico el registro correctamente'

2023-03-09 13:19:37 - [MESSAGE][PASSED] - Text of object 'Object Repository/3-OBJECTS UTILIDADES/Alerta/Alerta' is: 'Se Modifico el registro correctamente'

2023-03-09 13:19:37 - [TEST_STEP][PASSED] - if (Result == "Se Modifico el registro correctamente"): null

2023-03-09 13:19:37 - [TEST_STEP][PASSED] - Result = "PRUEBA OK": null]]></system-out>
         <system-err><![CDATA[]]></system-err>
      </testcase>
      <testcase name="Test Cases/1.2-Tareas_Secundarias/7.1-Pruebas_Vinculación/7.1.3-Crear_un_Origen_de_Contratación" time="26.121" classname="Test Cases/1.2-Tareas_Secundarias/7.1-Pruebas_Vinculación/7.1.3-Crear_un_Origen_de_Contratación" status="PASSED">
         <system-out><![CDATA[2023-03-09 13:19:37 - [TEST_CASE][PASSED] - Test Cases/1.2-Tareas_Secundarias/7.1-Pruebas_Vinculación/7.1.3-Crear_un_Origen_de_Contratación: Test Cases/1.2-Tareas_Secundarias/7.1-Pruebas_Vinculación/7.1.3-Crear_un_Origen_de_Contratación

2023-03-09 13:19:37 - [TEST_STEP][PASSED] - callTestCase(findTestCase("0.1-Login"), [:], STOP_ON_FAILURE): Call Test Case 'Test Cases/0.1-Login' successfully

2023-03-09 13:19:37 - [TEST_CASE][PASSED] - Test Cases/0.1-Login: Test Cases/0.1-Login

2023-03-09 13:19:37 - [TEST_STEP][PASSED] - openBrowser(""): Browser is opened with url: ''

2023-03-09 13:19:37 - [MESSAGE][WARNING] - A browser is already opened. Closing browser and opening a new one

2023-03-09 13:19:38 - [MESSAGE][INFO] - Starting 'Chrome' driver

2023-03-09 13:19:38 - [MESSAGE][INFO] - Action delay is set to 0 milliseconds

2023-03-09 13:19:39 - [MESSAGE][PASSED] - Browser is opened with url: ''

2023-03-09 13:19:39 - [TEST_STEP][PASSED] - maximizeWindow(): Current window maximized

2023-03-09 13:19:40 - [MESSAGE][PASSED] - Current window maximized

2023-03-09 13:19:40 - [TEST_STEP][PASSED] - i = G_Login: null

2023-03-09 13:19:40 - [TEST_STEP][PASSED] - url = new java.net.URL(i): null

2023-03-09 13:19:40 - [TEST_STEP][PASSED] - println("URL: " + url.toString()): null

2023-03-09 13:19:40 - [TEST_STEP][PASSED] - connection = url.openConnection(): null

2023-03-09 13:19:40 - [TEST_STEP][PASSED] - connection.setRequestMethod("GET"): null

2023-03-09 13:19:40 - [TEST_STEP][PASSED] - connection.setReadTimeout(2 * 1000): null

2023-03-09 13:19:40 - [TEST_STEP][PASSED] - try: null

2023-03-09 13:19:40 - [TEST_STEP][PASSED] - connection.connect(): null

2023-03-09 13:19:40 - [TEST_STEP][PASSED] - flag = connected: null

2023-03-09 13:19:40 - [TEST_STEP][PASSED] - println("Valor_ori: " + flag): null

2023-03-09 13:19:40 - [TEST_STEP][PASSED] - if (flag): null

2023-03-09 13:19:40 - [TEST_STEP][PASSED] - navigateToUrl(i): Navigate to 'http://192.168.2.19:7001/saraweb' successfully

2023-03-09 13:19:42 - [MESSAGE][PASSED] - Navigate to 'http://192.168.2.19:7001/saraweb' successfully

2023-03-09 13:19:42 - [TEST_STEP][PASSED] - a(): null

2023-03-09 13:19:42 - [TEST_STEP][PASSED] - if (waitForElementVisible(findTestObject("3-OBJECTS UTILIDADES/Login/input_USUARIO_loginusuario"), 0)): null

2023-03-09 13:19:42 - [MESSAGE][WARNING] - Timeout '0' is invalid. Using default page load timeout: '37'

2023-03-09 13:19:43 - [MESSAGE][PASSED] - Object 'Object Repository/3-OBJECTS UTILIDADES/Login/input_USUARIO_loginusuario' is visible

2023-03-09 13:19:43 - [TEST_STEP][PASSED] - switchToWindowTitle("SARA"): Switched to window with title: 'SARA'

2023-03-09 13:19:43 - [MESSAGE][PASSED] - Switched to window with title: 'SARA'

2023-03-09 13:19:43 - [TEST_STEP][PASSED] - zoom(): null

2023-03-09 13:19:43 - [TEST_STEP][PASSED] - robot = new java.awt.Robot(): null

2023-03-09 13:19:43 - [TEST_STEP][PASSED] - robot.keyPress(VK_CONTROL): null

2023-03-09 13:19:43 - [TEST_STEP][PASSED] - robot.keyPress(VK_SUBTRACT): null

2023-03-09 13:19:43 - [TEST_STEP][PASSED] - robot.keyRelease(VK_CONTROL): null

2023-03-09 13:19:43 - [TEST_STEP][PASSED] - robot.keyRelease(VK_SUBTRACT): null

2023-03-09 13:19:43 - [TEST_STEP][PASSED] - robot.keyPress(VK_CONTROL): null

2023-03-09 13:19:43 - [TEST_STEP][PASSED] - robot.keyPress(VK_SUBTRACT): null

2023-03-09 13:19:43 - [TEST_STEP][PASSED] - robot.keyRelease(VK_CONTROL): null

2023-03-09 13:19:43 - [TEST_STEP][PASSED] - robot.keyRelease(VK_SUBTRACT): null

2023-03-09 13:19:43 - [TEST_STEP][PASSED] - robot.keyPress(VK_CONTROL): null

2023-03-09 13:19:43 - [TEST_STEP][PASSED] - robot.keyPress(VK_SUBTRACT): null

2023-03-09 13:19:43 - [TEST_STEP][PASSED] - robot.keyRelease(VK_CONTROL): null

2023-03-09 13:19:43 - [TEST_STEP][PASSED] - robot.keyRelease(VK_SUBTRACT): null

2023-03-09 13:19:43 - [TEST_STEP][PASSED] - robot.keyRelease(VK_CONTROL): null

2023-03-09 13:19:43 - [TEST_STEP][PASSED] - robot.keyRelease(VK_SUBTRACT): null

2023-03-09 13:19:43 - [TEST_STEP][PASSED] - setText(findTestObject("3-OBJECTS UTILIDADES/Login/input_USUARIO_loginusuario"), G_Usuario): Text 'weblogic' is set on object 'Object Repository/3-OBJECTS UTILIDADES/Login/input_USUARIO_loginusuario'

2023-03-09 13:19:44 - [MESSAGE][PASSED] - Text 'weblogic' is set on object 'Object Repository/3-OBJECTS UTILIDADES/Login/input_USUARIO_loginusuario'

2023-03-09 13:19:44 - [TEST_STEP][PASSED] - setEncryptedText(findTestObject("3-OBJECTS UTILIDADES/Login/input_CLAVE_loginpassword"), "SlAwMcyRKqrwbnzhAs8HhT6NnI7sEyng"): Text ****** has been set on object 'Object Repository/3-OBJECTS UTILIDADES/Login/input_CLAVE_loginpassword'

2023-03-09 13:19:47 - [MESSAGE][PASSED] - Text ****** has been set on object 'Object Repository/3-OBJECTS UTILIDADES/Login/input_CLAVE_loginpassword'

2023-03-09 13:19:47 - [TEST_STEP][PASSED] - while (waitForElementClickable(findTestObject("3-OBJECTS UTILIDADES/Login/a_Ingresar"), 1)): Web element with id: 'Object Repository/3-OBJECTS UTILIDADES/Login/a_Ingresar' located by '//a[contains(text(),'Ingresar')]' not found

2023-03-09 13:19:50 - [MESSAGE][INFO] - Unable to find the element located by 'By.xpath: //a[contains(text(),'Ingresar')]'. Please recheck the objects properties to make sure the desired element is located. 

2023-03-09 13:19:50 - [MESSAGE][WARNING] - Web element with id: 'Object Repository/3-OBJECTS UTILIDADES/Login/a_Ingresar' located by '//a[contains(text(),'Ingresar')]' not found

2023-03-09 13:19:50 - [MESSAGE][PASSED] - Call Test Case 'Test Cases/0.1-Login' successfully

2023-03-09 13:19:50 - [TEST_STEP][PASSED] - setText(findTestObject("2-OBJECTS TAREAS SECUNDARIAS/Pruebas Vinculación/Crear_un_Origen_de_Contratación/input_Empresa 1_form_templatej_idt24_input"), "Parametros Contratacion"): Text 'Parametros Contratacion' is set on object 'Object Repository/2-OBJECTS TAREAS SECUNDARIAS/Pruebas Vinculación/Crear_un_Origen_de_Contratación/input_Empresa 1_form_templatej_idt24_input'

2023-03-09 13:19:50 - [MESSAGE][PASSED] - Text 'Parametros Contratacion' is set on object 'Object Repository/2-OBJECTS TAREAS SECUNDARIAS/Pruebas Vinculación/Crear_un_Origen_de_Contratación/input_Empresa 1_form_templatej_idt24_input'

2023-03-09 13:19:50 - [TEST_STEP][PASSED] - click(findTestObject("2-OBJECTS TAREAS SECUNDARIAS/Pruebas Vinculación/Crear_un_Origen_de_Contratación/li_Parametros Contratacion (tal)")): Object: 'Object Repository/2-OBJECTS TAREAS SECUNDARIAS/Pruebas Vinculación/Crear_un_Origen_de_Contratación/li_Parametros Contratacion (tal)' is clicked on

2023-03-09 13:19:52 - [MESSAGE][PASSED] - Object: 'Object Repository/2-OBJECTS TAREAS SECUNDARIAS/Pruebas Vinculación/Crear_un_Origen_de_Contratación/li_Parametros Contratacion (tal)' is clicked on

2023-03-09 13:19:52 - [TEST_STEP][PASSED] - click(findTestObject("2-OBJECTS TAREAS SECUNDARIAS/Pruebas Vinculación/Crear_un_Origen_de_Contratación/a_Origen Contratacin")): Object: 'Object Repository/2-OBJECTS TAREAS SECUNDARIAS/Pruebas Vinculación/Crear_un_Origen_de_Contratación/a_Origen Contratacin' is clicked on

2023-03-09 13:19:54 - [MESSAGE][PASSED] - Object: 'Object Repository/2-OBJECTS TAREAS SECUNDARIAS/Pruebas Vinculación/Crear_un_Origen_de_Contratación/a_Origen Contratacin' is clicked on

2023-03-09 13:19:54 - [TEST_STEP][PASSED] - if (waitForElementVisible(findTestObject("2-OBJECTS TAREAS SECUNDARIAS/Pruebas Vinculación/Crear_un_Origen_de_Contratación/td_Pruebas katalon"), 1)): null

2023-03-09 13:19:55 - [MESSAGE][PASSED] - Object 'Object Repository/2-OBJECTS TAREAS SECUNDARIAS/Pruebas Vinculación/Crear_un_Origen_de_Contratación/td_Pruebas katalon' is visible

2023-03-09 13:19:55 - [TEST_STEP][PASSED] - click(findTestObject("2-OBJECTS TAREAS SECUNDARIAS/Pruebas Vinculación/Crear_un_Origen_de_Contratación/td_Pruebas katalon")): Object: 'Object Repository/2-OBJECTS TAREAS SECUNDARIAS/Pruebas Vinculación/Crear_un_Origen_de_Contratación/td_Pruebas katalon' is clicked on

2023-03-09 13:19:55 - [MESSAGE][PASSED] - Object: 'Object Repository/2-OBJECTS TAREAS SECUNDARIAS/Pruebas Vinculación/Crear_un_Origen_de_Contratación/td_Pruebas katalon' is clicked on

2023-03-09 13:19:55 - [TEST_STEP][PASSED] - click(findTestObject("2-OBJECTS TAREAS SECUNDARIAS/Pruebas Vinculación/Crear_un_Origen_de_Contratación/a_Eliminar")): Object: 'Object Repository/2-OBJECTS TAREAS SECUNDARIAS/Pruebas Vinculación/Crear_un_Origen_de_Contratación/a_Eliminar' is clicked on

2023-03-09 13:19:56 - [MESSAGE][PASSED] - Object: 'Object Repository/2-OBJECTS TAREAS SECUNDARIAS/Pruebas Vinculación/Crear_un_Origen_de_Contratación/a_Eliminar' is clicked on

2023-03-09 13:19:56 - [TEST_STEP][PASSED] - click(findTestObject("2-OBJECTS TAREAS SECUNDARIAS/Pruebas Vinculación/Crear_un_Origen_de_Contratación/a_Aceptar")): Object: 'Object Repository/2-OBJECTS TAREAS SECUNDARIAS/Pruebas Vinculación/Crear_un_Origen_de_Contratación/a_Aceptar' is clicked on

2023-03-09 13:19:56 - [MESSAGE][PASSED] - Object: 'Object Repository/2-OBJECTS TAREAS SECUNDARIAS/Pruebas Vinculación/Crear_un_Origen_de_Contratación/a_Aceptar' is clicked on

2023-03-09 13:19:56 - [TEST_STEP][PASSED] - click(findTestObject("2-OBJECTS TAREAS SECUNDARIAS/Pruebas Vinculación/Crear_un_Origen_de_Contratación/a_Nuevo")): Object: 'Object Repository/2-OBJECTS TAREAS SECUNDARIAS/Pruebas Vinculación/Crear_un_Origen_de_Contratación/a_Nuevo' is clicked on

2023-03-09 13:19:57 - [MESSAGE][PASSED] - Object: 'Object Repository/2-OBJECTS TAREAS SECUNDARIAS/Pruebas Vinculación/Crear_un_Origen_de_Contratación/a_Nuevo' is clicked on

2023-03-09 13:19:57 - [TEST_STEP][PASSED] - setText(findTestObject("2-OBJECTS TAREAS SECUNDARIAS/Pruebas Vinculación/Crear_un_Origen_de_Contratación/input_Cdigo_form_origencontratacioncodigo"), "5"): Text '5' is set on object 'Object Repository/2-OBJECTS TAREAS SECUNDARIAS/Pruebas Vinculación/Crear_un_Origen_de_Contratación/input_Cdigo_form_origencontratacioncodigo'

2023-03-09 13:19:58 - [MESSAGE][PASSED] - Text '5' is set on object 'Object Repository/2-OBJECTS TAREAS SECUNDARIAS/Pruebas Vinculación/Crear_un_Origen_de_Contratación/input_Cdigo_form_origencontratacioncodigo'

2023-03-09 13:19:58 - [TEST_STEP][PASSED] - setText(findTestObject("2-OBJECTS TAREAS SECUNDARIAS/Pruebas Vinculación/Crear_un_Origen_de_Contratación/input_Descripcin_form_origencontrataciondescripcion"), "Pruebas katalon"): Text 'Pruebas katalon' is set on object 'Object Repository/2-OBJECTS TAREAS SECUNDARIAS/Pruebas Vinculación/Crear_un_Origen_de_Contratación/input_Descripcin_form_origencontrataciondescripcion'

2023-03-09 13:19:59 - [MESSAGE][PASSED] - Text 'Pruebas katalon' is set on object 'Object Repository/2-OBJECTS TAREAS SECUNDARIAS/Pruebas Vinculación/Crear_un_Origen_de_Contratación/input_Descripcin_form_origencontrataciondescripcion'

2023-03-09 13:19:59 - [TEST_STEP][PASSED] - selectOptionByIndex(findTestObject("2-OBJECTS TAREAS SECUNDARIAS/Pruebas Vinculación/Crear_un_Origen_de_Contratación/select_Hoja Vida ExisteIngresa Hoja Manual"), "0"): All options with index in [0] are selected on object 'Object Repository/2-OBJECTS TAREAS SECUNDARIAS/Pruebas Vinculación/Crear_un_Origen_de_Contratación/select_Hoja Vida ExisteIngresa Hoja Manual'

2023-03-09 13:20:00 - [MESSAGE][PASSED] - All options with index in [0] are selected on object 'Object Repository/2-OBJECTS TAREAS SECUNDARIAS/Pruebas Vinculación/Crear_un_Origen_de_Contratación/select_Hoja Vida ExisteIngresa Hoja Manual'

2023-03-09 13:20:00 - [TEST_STEP][PASSED] - selectOptionByIndex(findTestObject("2-OBJECTS TAREAS SECUNDARIAS/Pruebas Vinculación/Crear_un_Origen_de_Contratación/select_Datos de un RequerimientoDatos de una SeleccionNo aplica"), 2): All options with index in [2] are selected on object 'Object Repository/2-OBJECTS TAREAS SECUNDARIAS/Pruebas Vinculación/Crear_un_Origen_de_Contratación/select_Datos de un RequerimientoDatos de una SeleccionNo aplica'

2023-03-09 13:20:01 - [MESSAGE][PASSED] - All options with index in [2] are selected on object 'Object Repository/2-OBJECTS TAREAS SECUNDARIAS/Pruebas Vinculación/Crear_un_Origen_de_Contratación/select_Datos de un RequerimientoDatos de una SeleccionNo aplica'

2023-03-09 13:20:01 - [TEST_STEP][PASSED] - selectOptionByIndex(findTestObject("2-OBJECTS TAREAS SECUNDARIAS/Pruebas Vinculación/Crear_un_Origen_de_Contratación/select_SiNo"), 1): All options with index in [1] are selected on object 'Object Repository/2-OBJECTS TAREAS SECUNDARIAS/Pruebas Vinculación/Crear_un_Origen_de_Contratación/select_SiNo'

2023-03-09 13:20:02 - [MESSAGE][PASSED] - All options with index in [1] are selected on object 'Object Repository/2-OBJECTS TAREAS SECUNDARIAS/Pruebas Vinculación/Crear_un_Origen_de_Contratación/select_SiNo'

2023-03-09 13:20:02 - [TEST_STEP][PASSED] - click(findTestObject("2-OBJECTS TAREAS SECUNDARIAS/Pruebas Vinculación/Crear_un_Origen_de_Contratación/a_Guardar")): Object: 'Object Repository/2-OBJECTS TAREAS SECUNDARIAS/Pruebas Vinculación/Crear_un_Origen_de_Contratación/a_Guardar' is clicked on

2023-03-09 13:20:03 - [MESSAGE][PASSED] - Object: 'Object Repository/2-OBJECTS TAREAS SECUNDARIAS/Pruebas Vinculación/Crear_un_Origen_de_Contratación/a_Guardar' is clicked on

2023-03-09 13:20:03 - [TEST_STEP][PASSED] - Result = getText(findTestObject("3-OBJECTS UTILIDADES/Alerta/Alerta")): Text of object 'Object Repository/3-OBJECTS UTILIDADES/Alerta/Alerta' is: 'Se adiciono el registro correctamente'

2023-03-09 13:20:03 - [MESSAGE][PASSED] - Text of object 'Object Repository/3-OBJECTS UTILIDADES/Alerta/Alerta' is: 'Se adiciono el registro correctamente'

2023-03-09 13:20:03 - [TEST_STEP][PASSED] - if (Result == "Se adiciono el registro correctamente"): null

2023-03-09 13:20:03 - [TEST_STEP][PASSED] - Resultado = "PRUEBA OK": null]]></system-out>
         <system-err><![CDATA[]]></system-err>
      </testcase>
      <testcase name="Test Cases/1.2-Tareas_Secundarias/7.1-Pruebas_Vinculación/7.1.4-Crear_un_Registro_de_Contratación" time="63.905" classname="Test Cases/1.2-Tareas_Secundarias/7.1-Pruebas_Vinculación/7.1.4-Crear_un_Registro_de_Contratación" status="FAILED">
         <failure type="FAILED" message="Test Cases/1.2-Tareas_Secundarias/7.1-Pruebas_Vinculación/7.1.4-Crear_un_Registro_de_Contratación FAILED.
Reason:
com.kms.katalon.core.exception.StepFailedException: Unable to click on object 'Object Repository/2-OBJECTS TAREAS SECUNDARIAS/Pruebas Vinculación/Crear un Registro de Contratación/td_Pruebas katalon'
	at com.kms.katalon.core.webui.keyword.internal.WebUIKeywordMain.stepFailed(WebUIKeywordMain.groovy:64)
	at com.kms.katalon.core.webui.keyword.internal.WebUIKeywordMain.runKeyword(WebUIKeywordMain.groovy:26)
	at com.kms.katalon.core.webui.keyword.builtin.ClickKeyword.click(ClickKeyword.groovy:74)
	at com.kms.katalon.core.webui.keyword.builtin.ClickKeyword.execute(ClickKeyword.groovy:40)
	at com.kms.katalon.core.keyword.internal.KeywordExecutor.executeKeywordForPlatform(KeywordExecutor.groovy:74)
	at com.kms.katalon.core.webui.keyword.WebUiBuiltInKeywords.click(WebUiBuiltInKeywords.groovy:620)
	at com.kms.katalon.core.webui.keyword.WebUiBuiltInKeywords$click$9.call(Unknown Source)
	at 7.1.4-Crear_un_Registro_de_Contratación.run(7.1.4-Crear_un_Registro_de_Contratación:70)
	at com.kms.katalon.core.main.ScriptEngine.run(ScriptEngine.java:194)
	at com.kms.katalon.core.main.ScriptEngine.runScriptAsRawText(ScriptEngine.java:119)
	at com.kms.katalon.core.main.TestCaseExecutor.runScript(TestCaseExecutor.java:448)
	at com.kms.katalon.core.main.TestCaseExecutor.doExecute(TestCaseExecutor.java:439)
	at com.kms.katalon.core.main.TestCaseExecutor.processExecutionPhase(TestCaseExecutor.java:418)
	at com.kms.katalon.core.main.TestCaseExecutor.accessMainPhase(TestCaseExecutor.java:410)
	at com.kms.katalon.core.main.TestCaseExecutor.execute(TestCaseExecutor.java:285)
	at com.kms.katalon.core.common.CommonExecutor.accessTestCaseMainPhase(CommonExecutor.java:65)
	at com.kms.katalon.core.main.TestSuiteExecutor.accessTestSuiteMainPhase(TestSuiteExecutor.java:151)
	at com.kms.katalon.core.main.TestSuiteExecutor.execute(TestSuiteExecutor.java:106)
	at com.kms.katalon.core.main.TestCaseMain.startTestSuite(TestCaseMain.java:185)
	at com.kms.katalon.core.main.TestCaseMain$startTestSuite$0.call(Unknown Source)
	at TempTestSuite1678383366099.run(TempTestSuite1678383366099.groovy:36)
Caused by: com.kms.katalon.core.webui.exception.WebElementNotFoundException: Web element with id: 'Object Repository/2-OBJECTS TAREAS SECUNDARIAS/Pruebas Vinculación/Crear un Registro de Contratación/td_Pruebas katalon' located by '//*/text()[normalize-space(.)='Pruebas katalon']/parent::*' not found
	at com.kms.katalon.core.webui.common.WebUiCommonHelper.findWebElement(WebUiCommonHelper.java:1370)
	at com.kms.katalon.core.webui.keyword.internal.WebUIAbstractKeyword.findWebElement(WebUIAbstractKeyword.groovy:27)
	at com.kms.katalon.core.webui.keyword.builtin.ClickKeyword$_click_closure1.doCall(ClickKeyword.groovy:65)
	at com.kms.katalon.core.webui.keyword.builtin.ClickKeyword$_click_closure1.call(ClickKeyword.groovy)
	at com.kms.katalon.core.webui.keyword.internal.WebUIKeywordMain.runKeyword(WebUIKeywordMain.groovy:20)
	... 19 more
"/>
         <system-out><![CDATA[2023-03-09 13:20:03 - [TEST_CASE][FAILED] - Test Cases/1.2-Tareas_Secundarias/7.1-Pruebas_Vinculación/7.1.4-Crear_un_Registro_de_Contratación: Test Cases/1.2-Tareas_Secundarias/7.1-Pruebas_Vinculación/7.1.4-Crear_un_Registro_de_Contratación FAILED.
Reason:
com.kms.katalon.core.exception.StepFailedException: Unable to click on object 'Object Repository/2-OBJECTS TAREAS SECUNDARIAS/Pruebas Vinculación/Crear un Registro de Contratación/td_Pruebas katalon'
	at com.kms.katalon.core.webui.keyword.internal.WebUIKeywordMain.stepFailed(WebUIKeywordMain.groovy:64)
	at com.kms.katalon.core.webui.keyword.internal.WebUIKeywordMain.runKeyword(WebUIKeywordMain.groovy:26)
	at com.kms.katalon.core.webui.keyword.builtin.ClickKeyword.click(ClickKeyword.groovy:74)
	at com.kms.katalon.core.webui.keyword.builtin.ClickKeyword.execute(ClickKeyword.groovy:40)
	at com.kms.katalon.core.keyword.internal.KeywordExecutor.executeKeywordForPlatform(KeywordExecutor.groovy:74)
	at com.kms.katalon.core.webui.keyword.WebUiBuiltInKeywords.click(WebUiBuiltInKeywords.groovy:620)
	at com.kms.katalon.core.webui.keyword.WebUiBuiltInKeywords$click$9.call(Unknown Source)
	at 7.1.4-Crear_un_Registro_de_Contratación.run(7.1.4-Crear_un_Registro_de_Contratación:70)
	at com.kms.katalon.core.main.ScriptEngine.run(ScriptEngine.java:194)
	at com.kms.katalon.core.main.ScriptEngine.runScriptAsRawText(ScriptEngine.java:119)
	at com.kms.katalon.core.main.TestCaseExecutor.runScript(TestCaseExecutor.java:448)
	at com.kms.katalon.core.main.TestCaseExecutor.doExecute(TestCaseExecutor.java:439)
	at com.kms.katalon.core.main.TestCaseExecutor.processExecutionPhase(TestCaseExecutor.java:418)
	at com.kms.katalon.core.main.TestCaseExecutor.accessMainPhase(TestCaseExecutor.java:410)
	at com.kms.katalon.core.main.TestCaseExecutor.execute(TestCaseExecutor.java:285)
	at com.kms.katalon.core.common.CommonExecutor.accessTestCaseMainPhase(CommonExecutor.java:65)
	at com.kms.katalon.core.main.TestSuiteExecutor.accessTestSuiteMainPhase(TestSuiteExecutor.java:151)
	at com.kms.katalon.core.main.TestSuiteExecutor.execute(TestSuiteExecutor.java:106)
	at com.kms.katalon.core.main.TestCaseMain.startTestSuite(TestCaseMain.java:185)
	at com.kms.katalon.core.main.TestCaseMain$startTestSuite$0.call(Unknown Source)
	at TempTestSuite1678383366099.run(TempTestSuite1678383366099.groovy:36)
Caused by: com.kms.katalon.core.webui.exception.WebElementNotFoundException: Web element with id: 'Object Repository/2-OBJECTS TAREAS SECUNDARIAS/Pruebas Vinculación/Crear un Registro de Contratación/td_Pruebas katalon' located by '//*/text()[normalize-space(.)='Pruebas katalon']/parent::*' not found
	at com.kms.katalon.core.webui.common.WebUiCommonHelper.findWebElement(WebUiCommonHelper.java:1370)
	at com.kms.katalon.core.webui.keyword.internal.WebUIAbstractKeyword.findWebElement(WebUIAbstractKeyword.groovy:27)
	at com.kms.katalon.core.webui.keyword.builtin.ClickKeyword$_click_closure1.doCall(ClickKeyword.groovy:65)
	at com.kms.katalon.core.webui.keyword.builtin.ClickKeyword$_click_closure1.call(ClickKeyword.groovy)
	at com.kms.katalon.core.webui.keyword.internal.WebUIKeywordMain.runKeyword(WebUIKeywordMain.groovy:20)
	... 19 more


2023-03-09 13:20:04 - [TEST_STEP][PASSED] - callTestCase(findTestCase("0.1-Login"), [:], STOP_ON_FAILURE): Call Test Case 'Test Cases/0.1-Login' successfully

2023-03-09 13:20:04 - [TEST_CASE][PASSED] - Test Cases/0.1-Login: Test Cases/0.1-Login

2023-03-09 13:20:04 - [TEST_STEP][PASSED] - openBrowser(""): Browser is opened with url: ''

2023-03-09 13:20:04 - [MESSAGE][WARNING] - A browser is already opened. Closing browser and opening a new one

2023-03-09 13:20:04 - [MESSAGE][INFO] - Starting 'Chrome' driver

2023-03-09 13:20:04 - [MESSAGE][INFO] - Action delay is set to 0 milliseconds

2023-03-09 13:20:06 - [MESSAGE][PASSED] - Browser is opened with url: ''

2023-03-09 13:20:06 - [TEST_STEP][PASSED] - maximizeWindow(): Current window maximized

2023-03-09 13:20:06 - [MESSAGE][PASSED] - Current window maximized

2023-03-09 13:20:06 - [TEST_STEP][PASSED] - i = G_Login: null

2023-03-09 13:20:06 - [TEST_STEP][PASSED] - url = new java.net.URL(i): null

2023-03-09 13:20:06 - [TEST_STEP][PASSED] - println("URL: " + url.toString()): null

2023-03-09 13:20:06 - [TEST_STEP][PASSED] - connection = url.openConnection(): null

2023-03-09 13:20:06 - [TEST_STEP][PASSED] - connection.setRequestMethod("GET"): null

2023-03-09 13:20:06 - [TEST_STEP][PASSED] - connection.setReadTimeout(2 * 1000): null

2023-03-09 13:20:06 - [TEST_STEP][PASSED] - try: null

2023-03-09 13:20:06 - [TEST_STEP][PASSED] - connection.connect(): null

2023-03-09 13:20:06 - [TEST_STEP][PASSED] - flag = connected: null

2023-03-09 13:20:06 - [TEST_STEP][PASSED] - println("Valor_ori: " + flag): null

2023-03-09 13:20:06 - [TEST_STEP][PASSED] - if (flag): null

2023-03-09 13:20:06 - [TEST_STEP][PASSED] - navigateToUrl(i): Navigate to 'http://192.168.2.19:7001/saraweb' successfully

2023-03-09 13:20:07 - [MESSAGE][PASSED] - Navigate to 'http://192.168.2.19:7001/saraweb' successfully

2023-03-09 13:20:07 - [TEST_STEP][PASSED] - a(): null

2023-03-09 13:20:07 - [TEST_STEP][PASSED] - if (waitForElementVisible(findTestObject("3-OBJECTS UTILIDADES/Login/input_USUARIO_loginusuario"), 0)): null

2023-03-09 13:20:07 - [MESSAGE][WARNING] - Timeout '0' is invalid. Using default page load timeout: '37'

2023-03-09 13:20:08 - [MESSAGE][PASSED] - Object 'Object Repository/3-OBJECTS UTILIDADES/Login/input_USUARIO_loginusuario' is visible

2023-03-09 13:20:08 - [TEST_STEP][PASSED] - switchToWindowTitle("SARA"): Switched to window with title: 'SARA'

2023-03-09 13:20:08 - [MESSAGE][PASSED] - Switched to window with title: 'SARA'

2023-03-09 13:20:08 - [TEST_STEP][PASSED] - zoom(): null

2023-03-09 13:20:08 - [TEST_STEP][PASSED] - robot = new java.awt.Robot(): null

2023-03-09 13:20:08 - [TEST_STEP][PASSED] - robot.keyPress(VK_CONTROL): null

2023-03-09 13:20:08 - [TEST_STEP][PASSED] - robot.keyPress(VK_SUBTRACT): null

2023-03-09 13:20:08 - [TEST_STEP][PASSED] - robot.keyRelease(VK_CONTROL): null

2023-03-09 13:20:08 - [TEST_STEP][PASSED] - robot.keyRelease(VK_SUBTRACT): null

2023-03-09 13:20:08 - [TEST_STEP][PASSED] - robot.keyPress(VK_CONTROL): null

2023-03-09 13:20:08 - [TEST_STEP][PASSED] - robot.keyPress(VK_SUBTRACT): null

2023-03-09 13:20:08 - [TEST_STEP][PASSED] - robot.keyRelease(VK_CONTROL): null

2023-03-09 13:20:08 - [TEST_STEP][PASSED] - robot.keyRelease(VK_SUBTRACT): null

2023-03-09 13:20:08 - [TEST_STEP][PASSED] - robot.keyPress(VK_CONTROL): null

2023-03-09 13:20:08 - [TEST_STEP][PASSED] - robot.keyPress(VK_SUBTRACT): null

2023-03-09 13:20:08 - [TEST_STEP][PASSED] - robot.keyRelease(VK_CONTROL): null

2023-03-09 13:20:08 - [TEST_STEP][PASSED] - robot.keyRelease(VK_SUBTRACT): null

2023-03-09 13:20:08 - [TEST_STEP][PASSED] - robot.keyRelease(VK_CONTROL): null

2023-03-09 13:20:08 - [TEST_STEP][PASSED] - robot.keyRelease(VK_SUBTRACT): null

2023-03-09 13:20:08 - [TEST_STEP][PASSED] - setText(findTestObject("3-OBJECTS UTILIDADES/Login/input_USUARIO_loginusuario"), G_Usuario): Text 'weblogic' is set on object 'Object Repository/3-OBJECTS UTILIDADES/Login/input_USUARIO_loginusuario'

2023-03-09 13:20:09 - [MESSAGE][PASSED] - Text 'weblogic' is set on object 'Object Repository/3-OBJECTS UTILIDADES/Login/input_USUARIO_loginusuario'

2023-03-09 13:20:09 - [TEST_STEP][PASSED] - setEncryptedText(findTestObject("3-OBJECTS UTILIDADES/Login/input_CLAVE_loginpassword"), "SlAwMcyRKqrwbnzhAs8HhT6NnI7sEyng"): Text ****** has been set on object 'Object Repository/3-OBJECTS UTILIDADES/Login/input_CLAVE_loginpassword'

2023-03-09 13:20:13 - [MESSAGE][PASSED] - Text ****** has been set on object 'Object Repository/3-OBJECTS UTILIDADES/Login/input_CLAVE_loginpassword'

2023-03-09 13:20:13 - [TEST_STEP][PASSED] - while (waitForElementClickable(findTestObject("3-OBJECTS UTILIDADES/Login/a_Ingresar"), 1)): Web element with id: 'Object Repository/3-OBJECTS UTILIDADES/Login/a_Ingresar' located by '//a[contains(text(),'Ingresar')]' not found

2023-03-09 13:20:15 - [MESSAGE][INFO] - Unable to find the element located by 'By.xpath: //a[contains(text(),'Ingresar')]'. Please recheck the objects properties to make sure the desired element is located. 

2023-03-09 13:20:15 - [MESSAGE][WARNING] - Web element with id: 'Object Repository/3-OBJECTS UTILIDADES/Login/a_Ingresar' located by '//a[contains(text(),'Ingresar')]' not found

2023-03-09 13:20:15 - [MESSAGE][PASSED] - Call Test Case 'Test Cases/0.1-Login' successfully

2023-03-09 13:20:15 - [TEST_STEP][PASSED] - setText(findTestObject("2-OBJECTS TAREAS SECUNDARIAS/Pruebas Vinculación/Crear un Registro de Contratación/input_Empresa 1_form_templatej_idt24_input"), "listado contratacion"): Text 'listado contratacion' is set on object 'Object Repository/2-OBJECTS TAREAS SECUNDARIAS/Pruebas Vinculación/Crear un Registro de Contratación/input_Empresa 1_form_templatej_idt24_input'

2023-03-09 13:20:16 - [MESSAGE][PASSED] - Text 'listado contratacion' is set on object 'Object Repository/2-OBJECTS TAREAS SECUNDARIAS/Pruebas Vinculación/Crear un Registro de Contratación/input_Empresa 1_form_templatej_idt24_input'

2023-03-09 13:20:16 - [TEST_STEP][PASSED] - click(findTestObject("2-OBJECTS TAREAS SECUNDARIAS/Pruebas Vinculación/Crear un Registro de Contratación/li_Listado Contratacion (tal)")): Object: 'Object Repository/2-OBJECTS TAREAS SECUNDARIAS/Pruebas Vinculación/Crear un Registro de Contratación/li_Listado Contratacion (tal)' is clicked on

2023-03-09 13:20:17 - [MESSAGE][PASSED] - Object: 'Object Repository/2-OBJECTS TAREAS SECUNDARIAS/Pruebas Vinculación/Crear un Registro de Contratación/li_Listado Contratacion (tal)' is clicked on

2023-03-09 13:20:17 - [TEST_STEP][PASSED] - selectOptionByIndex(findTestObject("2-OBJECTS TAREAS SECUNDARIAS/Pruebas Vinculación/Crear un Registro de Contratación/select_-- Seleccione --ANULADOCERRADOELIMINADOSOLICITADO"), 4): All options with index in [4] are selected on object 'Object Repository/2-OBJECTS TAREAS SECUNDARIAS/Pruebas Vinculación/Crear un Registro de Contratación/select_-- Seleccione --ANULADOCERRADOELIMINADOSOLICITADO'

2023-03-09 13:20:21 - [MESSAGE][PASSED] - All options with index in [4] are selected on object 'Object Repository/2-OBJECTS TAREAS SECUNDARIAS/Pruebas Vinculación/Crear un Registro de Contratación/select_-- Seleccione --ANULADOCERRADOELIMINADOSOLICITADO'

2023-03-09 13:20:21 - [TEST_STEP][PASSED] - click(findTestObject("2-OBJECTS TAREAS SECUNDARIAS/Pruebas Vinculación/Crear un Registro de Contratación/a_Nombre Persona_listado_contratacionj_idt68")): Object: 'Object Repository/2-OBJECTS TAREAS SECUNDARIAS/Pruebas Vinculación/Crear un Registro de Contratación/a_Nombre Persona_listado_contratacionj_idt68' is clicked on

2023-03-09 13:20:21 - [MESSAGE][PASSED] - Object: 'Object Repository/2-OBJECTS TAREAS SECUNDARIAS/Pruebas Vinculación/Crear un Registro de Contratación/a_Nombre Persona_listado_contratacionj_idt68' is clicked on

2023-03-09 13:20:21 - [TEST_STEP][PASSED] - setText(findTestObject("2-OBJECTS TAREAS SECUNDARIAS/Pruebas Vinculación/Crear un Registro de Contratación/input_Filtro Hoja de Vida_formPopupHojaVidaj_idt13270"), "A A A"): Text 'A A A' is set on object 'Object Repository/2-OBJECTS TAREAS SECUNDARIAS/Pruebas Vinculación/Crear un Registro de Contratación/input_Filtro Hoja de Vida_formPopupHojaVidaj_idt13270'

2023-03-09 13:20:23 - [MESSAGE][PASSED] - Text 'A A A' is set on object 'Object Repository/2-OBJECTS TAREAS SECUNDARIAS/Pruebas Vinculación/Crear un Registro de Contratación/input_Filtro Hoja de Vida_formPopupHojaVidaj_idt13270'

2023-03-09 13:20:23 - [TEST_STEP][PASSED] - sendKeys(findTestObject("2-OBJECTS TAREAS SECUNDARIAS/Pruebas Vinculación/Crear un Registro de Contratación/input_Filtro Hoja de Vida_formPopupHojaVidaj_idt13270"), Keys.chord(ENTER)): Keys 'ENTER + ' sent to object: 'Object Repository/2-OBJECTS TAREAS SECUNDARIAS/Pruebas Vinculación/Crear un Registro de Contratación/input_Filtro Hoja de Vida_formPopupHojaVidaj_idt13270'

2023-03-09 13:20:23 - [MESSAGE][PASSED] - Keys 'ENTER + ' sent to object: 'Object Repository/2-OBJECTS TAREAS SECUNDARIAS/Pruebas Vinculación/Crear un Registro de Contratación/input_Filtro Hoja de Vida_formPopupHojaVidaj_idt13270'

2023-03-09 13:20:23 - [TEST_STEP][PASSED] - if (waitForElementVisible(findTestObject("2-OBJECTS TAREAS SECUNDARIAS/Pruebas Vinculación/Crear un Registro de Contratación/span_A A A1"), 1)): Web element with id: 'Object Repository/2-OBJECTS TAREAS SECUNDARIAS/Pruebas Vinculación/Crear un Registro de Contratación/span_A A A1' located by '//div/table/tbody/tr/td[2]/span' not found

2023-03-09 13:20:25 - [MESSAGE][INFO] - Unable to find the element located by 'By.xpath: //div/table/tbody/tr/td[2]/span'. Please recheck the objects properties to make sure the desired element is located. 

2023-03-09 13:20:25 - [MESSAGE][WARNING] - Web element with id: 'Object Repository/2-OBJECTS TAREAS SECUNDARIAS/Pruebas Vinculación/Crear un Registro de Contratación/span_A A A1' located by '//div/table/tbody/tr/td[2]/span' not found

2023-03-09 13:20:25 - [TEST_STEP][PASSED] - else: Object: 'Object Repository/2-OBJECTS TAREAS SECUNDARIAS/Pruebas Vinculación/Crear un Registro de Contratación/span_concat(, ,  autocomplete, , off, , )_ui-icon ui-icon-closethick' is clicked on

2023-03-09 13:20:25 - [TEST_STEP][PASSED] - click(findTestObject("2-OBJECTS TAREAS SECUNDARIAS/Pruebas Vinculación/Crear un Registro de Contratación/span_concat(, ,  autocomplete, , off, , )_ui-icon ui-icon-closethick")): Object: 'Object Repository/2-OBJECTS TAREAS SECUNDARIAS/Pruebas Vinculación/Crear un Registro de Contratación/span_concat(, ,  autocomplete, , off, , )_ui-icon ui-icon-closethick' is clicked on

2023-03-09 13:20:26 - [MESSAGE][PASSED] - Object: 'Object Repository/2-OBJECTS TAREAS SECUNDARIAS/Pruebas Vinculación/Crear un Registro de Contratación/span_concat(, ,  autocomplete, , off, , )_ui-icon ui-icon-closethick' is clicked on

2023-03-09 13:20:26 - [TEST_STEP][PASSED] - if (waitForElementVisible(findTestObject("2-OBJECTS TAREAS SECUNDARIAS/Pruebas Vinculación/Crear un Registro de Contratación/td_A A A"), 1)): Web element with id: 'Object Repository/2-OBJECTS TAREAS SECUNDARIAS/Pruebas Vinculación/Crear un Registro de Contratación/td_A A A' located by '//*/text()[normalize-space(.)='A A A']/parent::*' not found

2023-03-09 13:20:28 - [MESSAGE][INFO] - Unable to find the element located by 'By.xpath: //*/text()[normalize-space(.)='A A A']/parent::*'. Please recheck the objects properties to make sure the desired element is located. 

2023-03-09 13:20:28 - [MESSAGE][WARNING] - Web element with id: 'Object Repository/2-OBJECTS TAREAS SECUNDARIAS/Pruebas Vinculación/Crear un Registro de Contratación/td_A A A' located by '//*/text()[normalize-space(.)='A A A']/parent::*' not found

2023-03-09 13:20:28 - [TEST_STEP][PASSED] - click(findTestObject("2-OBJECTS TAREAS SECUNDARIAS/Pruebas Vinculación/Crear un Registro de Contratación/a_Nuevo")): Object: 'Object Repository/2-OBJECTS TAREAS SECUNDARIAS/Pruebas Vinculación/Crear un Registro de Contratación/a_Nuevo' is clicked on

2023-03-09 13:20:29 - [MESSAGE][PASSED] - Object: 'Object Repository/2-OBJECTS TAREAS SECUNDARIAS/Pruebas Vinculación/Crear un Registro de Contratación/a_Nuevo' is clicked on

2023-03-09 13:20:29 - [TEST_STEP][FAILED] - click(findTestObject("2-OBJECTS TAREAS SECUNDARIAS/Pruebas Vinculación/Crear un Registro de Contratación/td_Pruebas katalon")): Unable to click on object 'Object Repository/2-OBJECTS TAREAS SECUNDARIAS/Pruebas Vinculación/Crear un Registro de Contratación/td_Pruebas katalon' (Root cause: com.kms.katalon.core.exception.StepFailedException: Unable to click on object 'Object Repository/2-OBJECTS TAREAS SECUNDARIAS/Pruebas Vinculación/Crear un Registro de Contratación/td_Pruebas katalon'
	at com.kms.katalon.core.webui.keyword.internal.WebUIKeywordMain.stepFailed(WebUIKeywordMain.groovy:64)
	at com.kms.katalon.core.webui.keyword.internal.WebUIKeywordMain.runKeyword(WebUIKeywordMain.groovy:26)
	at com.kms.katalon.core.webui.keyword.builtin.ClickKeyword.click(ClickKeyword.groovy:74)
	at com.kms.katalon.core.webui.keyword.builtin.ClickKeyword.execute(ClickKeyword.groovy:40)
	at com.kms.katalon.core.keyword.internal.KeywordExecutor.executeKeywordForPlatform(KeywordExecutor.groovy:74)
	at com.kms.katalon.core.webui.keyword.WebUiBuiltInKeywords.click(WebUiBuiltInKeywords.groovy:620)
	at com.kms.katalon.core.webui.keyword.WebUiBuiltInKeywords$click$9.call(Unknown Source)
	at 7.1.4-Crear_un_Registro_de_Contratación.run(7.1.4-Crear_un_Registro_de_Contratación:70)
	at com.kms.katalon.core.main.ScriptEngine.run(ScriptEngine.java:194)
	at com.kms.katalon.core.main.ScriptEngine.runScriptAsRawText(ScriptEngine.java:119)
	at com.kms.katalon.core.main.TestCaseExecutor.runScript(TestCaseExecutor.java:448)
	at com.kms.katalon.core.main.TestCaseExecutor.doExecute(TestCaseExecutor.java:439)
	at com.kms.katalon.core.main.TestCaseExecutor.processExecutionPhase(TestCaseExecutor.java:418)
	at com.kms.katalon.core.main.TestCaseExecutor.accessMainPhase(TestCaseExecutor.java:410)
	at com.kms.katalon.core.main.TestCaseExecutor.execute(TestCaseExecutor.java:285)
	at com.kms.katalon.core.common.CommonExecutor.accessTestCaseMainPhase(CommonExecutor.java:65)
	at com.kms.katalon.core.main.TestSuiteExecutor.accessTestSuiteMainPhase(TestSuiteExecutor.java:151)
	at com.kms.katalon.core.main.TestSuiteExecutor.execute(TestSuiteExecutor.java:106)
	at com.kms.katalon.core.main.TestCaseMain.startTestSuite(TestCaseMain.java:185)
	at com.kms.katalon.core.main.TestCaseMain$startTestSuite$0.call(Unknown Source)
	at TempTestSuite1678383366099.run(TempTestSuite1678383366099.groovy:36)
Caused by: com.kms.katalon.core.webui.exception.WebElementNotFoundException: Web element with id: 'Object Repository/2-OBJECTS TAREAS SECUNDARIAS/Pruebas Vinculación/Crear un Registro de Contratación/td_Pruebas katalon' located by '//*/text()[normalize-space(.)='Pruebas katalon']/parent::*' not found
	at com.kms.katalon.core.webui.common.WebUiCommonHelper.findWebElement(WebUiCommonHelper.java:1370)
	at com.kms.katalon.core.webui.keyword.internal.WebUIAbstractKeyword.findWebElement(WebUIAbstractKeyword.groovy:27)
	at com.kms.katalon.core.webui.keyword.builtin.ClickKeyword$_click_closure1.doCall(ClickKeyword.groovy:65)
	at com.kms.katalon.core.webui.keyword.builtin.ClickKeyword$_click_closure1.call(ClickKeyword.groovy)
	at com.kms.katalon.core.webui.keyword.internal.WebUIKeywordMain.runKeyword(WebUIKeywordMain.groovy:20)
	at com.kms.katalon.core.webui.keyword.builtin.ClickKeyword.click(ClickKeyword.groovy:74)
	at com.kms.katalon.core.webui.keyword.builtin.ClickKeyword.execute(ClickKeyword.groovy:40)
	at com.kms.katalon.core.keyword.internal.KeywordExecutor.executeKeywordForPlatform(KeywordExecutor.groovy:74)
	at com.kms.katalon.core.webui.keyword.WebUiBuiltInKeywords.click(WebUiBuiltInKeywords.groovy:620)
	at com.kms.katalon.core.webui.keyword.WebUiBuiltInKeywords$click$9.call(Unknown Source)
	at Script1641993971489.run(Script1641993971489.groovy:70)
	... 13 more
)

2023-03-09 13:21:07 - [MESSAGE][INFO] - Unable to find the element located by 'By.xpath: //*/text()[normalize-space(.)='Pruebas katalon']/parent::*'. Please recheck the objects properties to make sure the desired element is located. 

2023-03-09 13:21:07 - [MESSAGE][FAILED] - Unable to click on object 'Object Repository/2-OBJECTS TAREAS SECUNDARIAS/Pruebas Vinculación/Crear un Registro de Contratación/td_Pruebas katalon' (Root cause: com.kms.katalon.core.exception.StepFailedException: Unable to click on object 'Object Repository/2-OBJECTS TAREAS SECUNDARIAS/Pruebas Vinculación/Crear un Registro de Contratación/td_Pruebas katalon'
	at com.kms.katalon.core.webui.keyword.internal.WebUIKeywordMain.stepFailed(WebUIKeywordMain.groovy:64)
	at com.kms.katalon.core.webui.keyword.internal.WebUIKeywordMain.runKeyword(WebUIKeywordMain.groovy:26)
	at com.kms.katalon.core.webui.keyword.builtin.ClickKeyword.click(ClickKeyword.groovy:74)
	at com.kms.katalon.core.webui.keyword.builtin.ClickKeyword.execute(ClickKeyword.groovy:40)
	at com.kms.katalon.core.keyword.internal.KeywordExecutor.executeKeywordForPlatform(KeywordExecutor.groovy:74)
	at com.kms.katalon.core.webui.keyword.WebUiBuiltInKeywords.click(WebUiBuiltInKeywords.groovy:620)
	at com.kms.katalon.core.webui.keyword.WebUiBuiltInKeywords$click$9.call(Unknown Source)
	at 7.1.4-Crear_un_Registro_de_Contratación.run(7.1.4-Crear_un_Registro_de_Contratación:70)
	at com.kms.katalon.core.main.ScriptEngine.run(ScriptEngine.java:194)
	at com.kms.katalon.core.main.ScriptEngine.runScriptAsRawText(ScriptEngine.java:119)
	at com.kms.katalon.core.main.TestCaseExecutor.runScript(TestCaseExecutor.java:448)
	at com.kms.katalon.core.main.TestCaseExecutor.doExecute(TestCaseExecutor.java:439)
	at com.kms.katalon.core.main.TestCaseExecutor.processExecutionPhase(TestCaseExecutor.java:418)
	at com.kms.katalon.core.main.TestCaseExecutor.accessMainPhase(TestCaseExecutor.java:410)
	at com.kms.katalon.core.main.TestCaseExecutor.execute(TestCaseExecutor.java:285)
	at com.kms.katalon.core.common.CommonExecutor.accessTestCaseMainPhase(CommonExecutor.java:65)
	at com.kms.katalon.core.main.TestSuiteExecutor.accessTestSuiteMainPhase(TestSuiteExecutor.java:151)
	at com.kms.katalon.core.main.TestSuiteExecutor.execute(TestSuiteExecutor.java:106)
	at com.kms.katalon.core.main.TestCaseMain.startTestSuite(TestCaseMain.java:185)
	at com.kms.katalon.core.main.TestCaseMain$startTestSuite$0.call(Unknown Source)
	at TempTestSuite1678383366099.run(TempTestSuite1678383366099.groovy:36)
Caused by: com.kms.katalon.core.webui.exception.WebElementNotFoundException: Web element with id: 'Object Repository/2-OBJECTS TAREAS SECUNDARIAS/Pruebas Vinculación/Crear un Registro de Contratación/td_Pruebas katalon' located by '//*/text()[normalize-space(.)='Pruebas katalon']/parent::*' not found
	at com.kms.katalon.core.webui.common.WebUiCommonHelper.findWebElement(WebUiCommonHelper.java:1370)
	at com.kms.katalon.core.webui.keyword.internal.WebUIAbstractKeyword.findWebElement(WebUIAbstractKeyword.groovy:27)
	at com.kms.katalon.core.webui.keyword.builtin.ClickKeyword$_click_closure1.doCall(ClickKeyword.groovy:65)
	at com.kms.katalon.core.webui.keyword.builtin.ClickKeyword$_click_closure1.call(ClickKeyword.groovy)
	at com.kms.katalon.core.webui.keyword.internal.WebUIKeywordMain.runKeyword(WebUIKeywordMain.groovy:20)
	at com.kms.katalon.core.webui.keyword.builtin.ClickKeyword.click(ClickKeyword.groovy:74)
	at com.kms.katalon.core.webui.keyword.builtin.ClickKeyword.execute(ClickKeyword.groovy:40)
	at com.kms.katalon.core.keyword.internal.KeywordExecutor.executeKeywordForPlatform(KeywordExecutor.groovy:74)
	at com.kms.katalon.core.webui.keyword.WebUiBuiltInKeywords.click(WebUiBuiltInKeywords.groovy:620)
	at com.kms.katalon.core.webui.keyword.WebUiBuiltInKeywords$click$9.call(Unknown Source)
	at Script1641993971489.run(Script1641993971489.groovy:70)
	... 13 more
)
[[ATTACHMENT|C:\\Users\\diego.rojas\\git\\Pruebas-Minimas\\Reports\\20230309_123606\\Test_Suite_Secundaria\\1-Tareas_secundarias\\20230309_123606\\1678386067456.png]]]]></system-out>
         <system-err><![CDATA[2023-03-09 13:20:03 - [TEST_CASE][FAILED] - Test Cases/1.2-Tareas_Secundarias/7.1-Pruebas_Vinculación/7.1.4-Crear_un_Registro_de_Contratación: Test Cases/1.2-Tareas_Secundarias/7.1-Pruebas_Vinculación/7.1.4-Crear_un_Registro_de_Contratación FAILED.
Reason:
com.kms.katalon.core.exception.StepFailedException: Unable to click on object 'Object Repository/2-OBJECTS TAREAS SECUNDARIAS/Pruebas Vinculación/Crear un Registro de Contratación/td_Pruebas katalon'
	at com.kms.katalon.core.webui.keyword.internal.WebUIKeywordMain.stepFailed(WebUIKeywordMain.groovy:64)
	at com.kms.katalon.core.webui.keyword.internal.WebUIKeywordMain.runKeyword(WebUIKeywordMain.groovy:26)
	at com.kms.katalon.core.webui.keyword.builtin.ClickKeyword.click(ClickKeyword.groovy:74)
	at com.kms.katalon.core.webui.keyword.builtin.ClickKeyword.execute(ClickKeyword.groovy:40)
	at com.kms.katalon.core.keyword.internal.KeywordExecutor.executeKeywordForPlatform(KeywordExecutor.groovy:74)
	at com.kms.katalon.core.webui.keyword.WebUiBuiltInKeywords.click(WebUiBuiltInKeywords.groovy:620)
	at com.kms.katalon.core.webui.keyword.WebUiBuiltInKeywords$click$9.call(Unknown Source)
	at 7.1.4-Crear_un_Registro_de_Contratación.run(7.1.4-Crear_un_Registro_de_Contratación:70)
	at com.kms.katalon.core.main.ScriptEngine.run(ScriptEngine.java:194)
	at com.kms.katalon.core.main.ScriptEngine.runScriptAsRawText(ScriptEngine.java:119)
	at com.kms.katalon.core.main.TestCaseExecutor.runScript(TestCaseExecutor.java:448)
	at com.kms.katalon.core.main.TestCaseExecutor.doExecute(TestCaseExecutor.java:439)
	at com.kms.katalon.core.main.TestCaseExecutor.processExecutionPhase(TestCaseExecutor.java:418)
	at com.kms.katalon.core.main.TestCaseExecutor.accessMainPhase(TestCaseExecutor.java:410)
	at com.kms.katalon.core.main.TestCaseExecutor.execute(TestCaseExecutor.java:285)
	at com.kms.katalon.core.common.CommonExecutor.accessTestCaseMainPhase(CommonExecutor.java:65)
	at com.kms.katalon.core.main.TestSuiteExecutor.accessTestSuiteMainPhase(TestSuiteExecutor.java:151)
	at com.kms.katalon.core.main.TestSuiteExecutor.execute(TestSuiteExecutor.java:106)
	at com.kms.katalon.core.main.TestCaseMain.startTestSuite(TestCaseMain.java:185)
	at com.kms.katalon.core.main.TestCaseMain$startTestSuite$0.call(Unknown Source)
	at TempTestSuite1678383366099.run(TempTestSuite1678383366099.groovy:36)
Caused by: com.kms.katalon.core.webui.exception.WebElementNotFoundException: Web element with id: 'Object Repository/2-OBJECTS TAREAS SECUNDARIAS/Pruebas Vinculación/Crear un Registro de Contratación/td_Pruebas katalon' located by '//*/text()[normalize-space(.)='Pruebas katalon']/parent::*' not found
	at com.kms.katalon.core.webui.common.WebUiCommonHelper.findWebElement(WebUiCommonHelper.java:1370)
	at com.kms.katalon.core.webui.keyword.internal.WebUIAbstractKeyword.findWebElement(WebUIAbstractKeyword.groovy:27)
	at com.kms.katalon.core.webui.keyword.builtin.ClickKeyword$_click_closure1.doCall(ClickKeyword.groovy:65)
	at com.kms.katalon.core.webui.keyword.builtin.ClickKeyword$_click_closure1.call(ClickKeyword.groovy)
	at com.kms.katalon.core.webui.keyword.internal.WebUIKeywordMain.runKeyword(WebUIKeywordMain.groovy:20)
	... 19 more]]></system-err>
      </testcase>
      <testcase name="Test Cases/1.2-Tareas_Secundarias/7.1-Pruebas_Vinculación/7.1.5-Validar_la_creación_del_Registro_de_Contratación_por_BPM" time="37.055" classname="Test Cases/1.2-Tareas_Secundarias/7.1-Pruebas_Vinculación/7.1.5-Validar_la_creación_del_Registro_de_Contratación_por_BPM" status="PASSED">
         <system-out><![CDATA[2023-03-09 13:21:07 - [TEST_CASE][PASSED] - Test Cases/1.2-Tareas_Secundarias/7.1-Pruebas_Vinculación/7.1.5-Validar_la_creación_del_Registro_de_Contratación_por_BPM: Test Cases/1.2-Tareas_Secundarias/7.1-Pruebas_Vinculación/7.1.5-Validar_la_creación_del_Registro_de_Contratación_por_BPM

2023-03-09 13:21:07 - [TEST_STEP][PASSED] - callTestCase(findTestCase("0.1-Login"), [:], STOP_ON_FAILURE): Call Test Case 'Test Cases/0.1-Login' successfully

2023-03-09 13:21:07 - [TEST_CASE][PASSED] - Test Cases/0.1-Login: Test Cases/0.1-Login

2023-03-09 13:21:07 - [TEST_STEP][PASSED] - openBrowser(""): Browser is opened with url: ''

2023-03-09 13:21:07 - [MESSAGE][WARNING] - A browser is already opened. Closing browser and opening a new one

2023-03-09 13:21:08 - [MESSAGE][INFO] - Starting 'Chrome' driver

2023-03-09 13:21:08 - [MESSAGE][INFO] - Action delay is set to 0 milliseconds

2023-03-09 13:21:10 - [MESSAGE][PASSED] - Browser is opened with url: ''

2023-03-09 13:21:10 - [TEST_STEP][PASSED] - maximizeWindow(): Current window maximized

2023-03-09 13:21:10 - [MESSAGE][PASSED] - Current window maximized

2023-03-09 13:21:10 - [TEST_STEP][PASSED] - i = G_Login: null

2023-03-09 13:21:10 - [TEST_STEP][PASSED] - url = new java.net.URL(i): null

2023-03-09 13:21:10 - [TEST_STEP][PASSED] - println("URL: " + url.toString()): null

2023-03-09 13:21:10 - [TEST_STEP][PASSED] - connection = url.openConnection(): null

2023-03-09 13:21:10 - [TEST_STEP][PASSED] - connection.setRequestMethod("GET"): null

2023-03-09 13:21:10 - [TEST_STEP][PASSED] - connection.setReadTimeout(2 * 1000): null

2023-03-09 13:21:10 - [TEST_STEP][PASSED] - try: null

2023-03-09 13:21:10 - [TEST_STEP][PASSED] - connection.connect(): null

2023-03-09 13:21:10 - [TEST_STEP][PASSED] - flag = connected: null

2023-03-09 13:21:10 - [TEST_STEP][PASSED] - println("Valor_ori: " + flag): null

2023-03-09 13:21:10 - [TEST_STEP][PASSED] - if (flag): null

2023-03-09 13:21:10 - [TEST_STEP][PASSED] - navigateToUrl(i): Navigate to 'http://192.168.2.19:7001/saraweb' successfully

2023-03-09 13:21:12 - [MESSAGE][PASSED] - Navigate to 'http://192.168.2.19:7001/saraweb' successfully

2023-03-09 13:21:12 - [TEST_STEP][PASSED] - a(): null

2023-03-09 13:21:12 - [TEST_STEP][PASSED] - if (waitForElementVisible(findTestObject("3-OBJECTS UTILIDADES/Login/input_USUARIO_loginusuario"), 0)): null

2023-03-09 13:21:12 - [MESSAGE][WARNING] - Timeout '0' is invalid. Using default page load timeout: '37'

2023-03-09 13:21:13 - [MESSAGE][PASSED] - Object 'Object Repository/3-OBJECTS UTILIDADES/Login/input_USUARIO_loginusuario' is visible

2023-03-09 13:21:13 - [TEST_STEP][PASSED] - switchToWindowTitle("SARA"): Switched to window with title: 'SARA'

2023-03-09 13:21:13 - [MESSAGE][PASSED] - Switched to window with title: 'SARA'

2023-03-09 13:21:13 - [TEST_STEP][PASSED] - zoom(): null

2023-03-09 13:21:13 - [TEST_STEP][PASSED] - robot = new java.awt.Robot(): null

2023-03-09 13:21:13 - [TEST_STEP][PASSED] - robot.keyPress(VK_CONTROL): null

2023-03-09 13:21:13 - [TEST_STEP][PASSED] - robot.keyPress(VK_SUBTRACT): null

2023-03-09 13:21:13 - [TEST_STEP][PASSED] - robot.keyRelease(VK_CONTROL): null

2023-03-09 13:21:13 - [TEST_STEP][PASSED] - robot.keyRelease(VK_SUBTRACT): null

2023-03-09 13:21:13 - [TEST_STEP][PASSED] - robot.keyPress(VK_CONTROL): null

2023-03-09 13:21:13 - [TEST_STEP][PASSED] - robot.keyPress(VK_SUBTRACT): null

2023-03-09 13:21:13 - [TEST_STEP][PASSED] - robot.keyRelease(VK_CONTROL): null

2023-03-09 13:21:13 - [TEST_STEP][PASSED] - robot.keyRelease(VK_SUBTRACT): null

2023-03-09 13:21:13 - [TEST_STEP][PASSED] - robot.keyPress(VK_CONTROL): null

2023-03-09 13:21:13 - [TEST_STEP][PASSED] - robot.keyPress(VK_SUBTRACT): null

2023-03-09 13:21:13 - [TEST_STEP][PASSED] - robot.keyRelease(VK_CONTROL): null

2023-03-09 13:21:13 - [TEST_STEP][PASSED] - robot.keyRelease(VK_SUBTRACT): null

2023-03-09 13:21:13 - [TEST_STEP][PASSED] - robot.keyRelease(VK_CONTROL): null

2023-03-09 13:21:13 - [TEST_STEP][PASSED] - robot.keyRelease(VK_SUBTRACT): null

2023-03-09 13:21:13 - [TEST_STEP][PASSED] - setText(findTestObject("3-OBJECTS UTILIDADES/Login/input_USUARIO_loginusuario"), G_Usuario): Text 'weblogic' is set on object 'Object Repository/3-OBJECTS UTILIDADES/Login/input_USUARIO_loginusuario'

2023-03-09 13:21:13 - [MESSAGE][PASSED] - Text 'weblogic' is set on object 'Object Repository/3-OBJECTS UTILIDADES/Login/input_USUARIO_loginusuario'

2023-03-09 13:21:13 - [TEST_STEP][PASSED] - setEncryptedText(findTestObject("3-OBJECTS UTILIDADES/Login/input_CLAVE_loginpassword"), "SlAwMcyRKqrwbnzhAs8HhT6NnI7sEyng"): Text ****** has been set on object 'Object Repository/3-OBJECTS UTILIDADES/Login/input_CLAVE_loginpassword'

2023-03-09 13:21:17 - [MESSAGE][PASSED] - Text ****** has been set on object 'Object Repository/3-OBJECTS UTILIDADES/Login/input_CLAVE_loginpassword'

2023-03-09 13:21:17 - [TEST_STEP][PASSED] - while (waitForElementClickable(findTestObject("3-OBJECTS UTILIDADES/Login/a_Ingresar"), 1)): Web element with id: 'Object Repository/3-OBJECTS UTILIDADES/Login/a_Ingresar' located by '//a[contains(text(),'Ingresar')]' not found

2023-03-09 13:21:20 - [MESSAGE][INFO] - Unable to find the element located by 'By.xpath: //a[contains(text(),'Ingresar')]'. Please recheck the objects properties to make sure the desired element is located. 

2023-03-09 13:21:20 - [MESSAGE][WARNING] - Web element with id: 'Object Repository/3-OBJECTS UTILIDADES/Login/a_Ingresar' located by '//a[contains(text(),'Ingresar')]' not found

2023-03-09 13:21:20 - [MESSAGE][PASSED] - Call Test Case 'Test Cases/0.1-Login' successfully

2023-03-09 13:21:20 - [TEST_STEP][PASSED] - setText(findTestObject("2-OBJECTS TAREAS SECUNDARIAS/Pruebas Vinculación/Validar_la_creación_del_Registro_de_Contratación_por_BPM/input_Empresa 1_form_templatej_idt24_input"), "proceso de seleccion"): Text 'proceso de seleccion' is set on object 'Object Repository/2-OBJECTS TAREAS SECUNDARIAS/Pruebas Vinculación/Validar_la_creación_del_Registro_de_Contratación_por_BPM/input_Empresa 1_form_templatej_idt24_input'

2023-03-09 13:21:20 - [MESSAGE][PASSED] - Text 'proceso de seleccion' is set on object 'Object Repository/2-OBJECTS TAREAS SECUNDARIAS/Pruebas Vinculación/Validar_la_creación_del_Registro_de_Contratación_por_BPM/input_Empresa 1_form_templatej_idt24_input'

2023-03-09 13:21:20 - [TEST_STEP][PASSED] - click(findTestObject("2-OBJECTS TAREAS SECUNDARIAS/Pruebas Vinculación/Validar_la_creación_del_Registro_de_Contratación_por_BPM (1)/span_Proceso de Seleccion")): Object: 'Object Repository/2-OBJECTS TAREAS SECUNDARIAS/Pruebas Vinculación/Validar_la_creación_del_Registro_de_Contratación_por_BPM (1)/span_Proceso de Seleccion' is clicked on

2023-03-09 13:21:22 - [MESSAGE][PASSED] - Object: 'Object Repository/2-OBJECTS TAREAS SECUNDARIAS/Pruebas Vinculación/Validar_la_creación_del_Registro_de_Contratación_por_BPM (1)/span_Proceso de Seleccion' is clicked on

2023-03-09 13:21:22 - [TEST_STEP][PASSED] - click(findTestObject("2-OBJECTS TAREAS SECUNDARIAS/Pruebas Vinculación/Validar_la_creación_del_Registro_de_Contratación_por_BPM/a_Nuevo")): Object: 'Object Repository/2-OBJECTS TAREAS SECUNDARIAS/Pruebas Vinculación/Validar_la_creación_del_Registro_de_Contratación_por_BPM/a_Nuevo' is clicked on

2023-03-09 13:21:27 - [MESSAGE][PASSED] - Object: 'Object Repository/2-OBJECTS TAREAS SECUNDARIAS/Pruebas Vinculación/Validar_la_creación_del_Registro_de_Contratación_por_BPM/a_Nuevo' is clicked on

2023-03-09 13:21:27 - [TEST_STEP][PASSED] - selectOptionByIndex(findTestObject("2-OBJECTS TAREAS SECUNDARIAS/Pruebas Vinculación/Validar_la_creación_del_Registro_de_Contratación_por_BPM (1)/select_SeleccionarSiNo"), 2): All options with index in [2] are selected on object 'Object Repository/2-OBJECTS TAREAS SECUNDARIAS/Pruebas Vinculación/Validar_la_creación_del_Registro_de_Contratación_por_BPM (1)/select_SeleccionarSiNo'

2023-03-09 13:21:29 - [MESSAGE][PASSED] - All options with index in [2] are selected on object 'Object Repository/2-OBJECTS TAREAS SECUNDARIAS/Pruebas Vinculación/Validar_la_creación_del_Registro_de_Contratación_por_BPM (1)/select_SeleccionarSiNo'

2023-03-09 13:21:29 - [TEST_STEP][PASSED] - selectOptionByIndex(findTestObject("2-OBJECTS TAREAS SECUNDARIAS/Pruebas Vinculación/Validar_la_creación_del_Registro_de_Contratación_por_BPM/select_--Seleccione--CALIDADMENSUAL ABCMODELO EMPRESA QUINCENALPANSIONADOSPENSIONADOS BASEPRUEBAS"), 1): All options with index in [1] are selected on object 'Object Repository/2-OBJECTS TAREAS SECUNDARIAS/Pruebas Vinculación/Validar_la_creación_del_Registro_de_Contratación_por_BPM/select_--Seleccione--CALIDADMENSUAL ABCMODELO EMPRESA QUINCENALPANSIONADOSPENSIONADOS BASEPRUEBAS'

2023-03-09 13:21:30 - [MESSAGE][PASSED] - All options with index in [1] are selected on object 'Object Repository/2-OBJECTS TAREAS SECUNDARIAS/Pruebas Vinculación/Validar_la_creación_del_Registro_de_Contratación_por_BPM/select_--Seleccione--CALIDADMENSUAL ABCMODELO EMPRESA QUINCENALPANSIONADOSPENSIONADOS BASEPRUEBAS'

2023-03-09 13:21:30 - [TEST_STEP][PASSED] - click(findTestObject("2-OBJECTS TAREAS SECUNDARIAS/Pruebas Vinculación/Validar_la_creación_del_Registro_de_Contratación_por_BPM/a_Unidad Organizacional_popupConfirmacionRequerimientoj_idt132")): Object: 'Object Repository/2-OBJECTS TAREAS SECUNDARIAS/Pruebas Vinculación/Validar_la_creación_del_Registro_de_Contratación_por_BPM/a_Unidad Organizacional_popupConfirmacionRequerimientoj_idt132' is clicked on

2023-03-09 13:21:31 - [MESSAGE][PASSED] - Object: 'Object Repository/2-OBJECTS TAREAS SECUNDARIAS/Pruebas Vinculación/Validar_la_creación_del_Registro_de_Contratación_por_BPM/a_Unidad Organizacional_popupConfirmacionRequerimientoj_idt132' is clicked on

2023-03-09 13:21:31 - [TEST_STEP][PASSED] - setText(findTestObject("2-OBJECTS TAREAS SECUNDARIAS/Pruebas Vinculación/Validar_la_creación_del_Registro_de_Contratación_por_BPM/input_Unidad Organizacional_formPopUpUnidaddescripciones"), "ADMINISTRACION"): Text 'ADMINISTRACION' is set on object 'Object Repository/2-OBJECTS TAREAS SECUNDARIAS/Pruebas Vinculación/Validar_la_creación_del_Registro_de_Contratación_por_BPM/input_Unidad Organizacional_formPopUpUnidaddescripciones'

2023-03-09 13:21:33 - [MESSAGE][PASSED] - Text 'ADMINISTRACION' is set on object 'Object Repository/2-OBJECTS TAREAS SECUNDARIAS/Pruebas Vinculación/Validar_la_creación_del_Registro_de_Contratación_por_BPM/input_Unidad Organizacional_formPopUpUnidaddescripciones'

2023-03-09 13:21:33 - [TEST_STEP][PASSED] - sendKeys(findTestObject("2-OBJECTS TAREAS SECUNDARIAS/Pruebas Vinculación/Validar_la_creación_del_Registro_de_Contratación_por_BPM/input_Unidad Organizacional_formPopUpUnidaddescripciones"), Keys.chord(ENTER)): Keys 'ENTER + ' sent to object: 'Object Repository/2-OBJECTS TAREAS SECUNDARIAS/Pruebas Vinculación/Validar_la_creación_del_Registro_de_Contratación_por_BPM/input_Unidad Organizacional_formPopUpUnidaddescripciones'

2023-03-09 13:21:33 - [MESSAGE][PASSED] - Keys 'ENTER + ' sent to object: 'Object Repository/2-OBJECTS TAREAS SECUNDARIAS/Pruebas Vinculación/Validar_la_creación_del_Registro_de_Contratación_por_BPM/input_Unidad Organizacional_formPopUpUnidaddescripciones'

2023-03-09 13:21:33 - [TEST_STEP][PASSED] - click(findTestObject("2-OBJECTS TAREAS SECUNDARIAS/Pruebas Vinculación/Validar_la_creación_del_Registro_de_Contratación_por_BPM (1)/span_ADMINISTRACION")): Object: 'Object Repository/2-OBJECTS TAREAS SECUNDARIAS/Pruebas Vinculación/Validar_la_creación_del_Registro_de_Contratación_por_BPM (1)/span_ADMINISTRACION' is clicked on

2023-03-09 13:21:34 - [MESSAGE][PASSED] - Object: 'Object Repository/2-OBJECTS TAREAS SECUNDARIAS/Pruebas Vinculación/Validar_la_creación_del_Registro_de_Contratación_por_BPM (1)/span_ADMINISTRACION' is clicked on

2023-03-09 13:21:34 - [TEST_STEP][PASSED] - click(findTestObject("2-OBJECTS TAREAS SECUNDARIAS/Pruebas Vinculación/Validar_la_creación_del_Registro_de_Contratación_por_BPM/a_Cargo_popupConfirmacionRequerimientoj_idt136")): Object: 'Object Repository/2-OBJECTS TAREAS SECUNDARIAS/Pruebas Vinculación/Validar_la_creación_del_Registro_de_Contratación_por_BPM/a_Cargo_popupConfirmacionRequerimientoj_idt136' is clicked on

2023-03-09 13:21:35 - [MESSAGE][PASSED] - Object: 'Object Repository/2-OBJECTS TAREAS SECUNDARIAS/Pruebas Vinculación/Validar_la_creación_del_Registro_de_Contratación_por_BPM/a_Cargo_popupConfirmacionRequerimientoj_idt136' is clicked on

2023-03-09 13:21:35 - [TEST_STEP][PASSED] - setText(findTestObject("2-OBJECTS TAREAS SECUNDARIAS/Pruebas Vinculación/Validar_la_creación_del_Registro_de_Contratación_por_BPM/input_Cargo_popupCargo_Formj_idt668"), "ABOGADO"): Text 'ABOGADO' is set on object 'Object Repository/2-OBJECTS TAREAS SECUNDARIAS/Pruebas Vinculación/Validar_la_creación_del_Registro_de_Contratación_por_BPM/input_Cargo_popupCargo_Formj_idt668'

2023-03-09 13:21:36 - [MESSAGE][PASSED] - Text 'ABOGADO' is set on object 'Object Repository/2-OBJECTS TAREAS SECUNDARIAS/Pruebas Vinculación/Validar_la_creación_del_Registro_de_Contratación_por_BPM/input_Cargo_popupCargo_Formj_idt668'

2023-03-09 13:21:36 - [TEST_STEP][PASSED] - sendKeys(findTestObject("2-OBJECTS TAREAS SECUNDARIAS/Pruebas Vinculación/Validar_la_creación_del_Registro_de_Contratación_por_BPM/input_Cargo_popupCargo_Formj_idt668"), Keys.chord(ENTER)): Keys 'ENTER + ' sent to object: 'Object Repository/2-OBJECTS TAREAS SECUNDARIAS/Pruebas Vinculación/Validar_la_creación_del_Registro_de_Contratación_por_BPM/input_Cargo_popupCargo_Formj_idt668'

2023-03-09 13:21:39 - [MESSAGE][PASSED] - Keys 'ENTER + ' sent to object: 'Object Repository/2-OBJECTS TAREAS SECUNDARIAS/Pruebas Vinculación/Validar_la_creación_del_Registro_de_Contratación_por_BPM/input_Cargo_popupCargo_Formj_idt668'

2023-03-09 13:21:39 - [TEST_STEP][PASSED] - click(findTestObject("2-OBJECTS TAREAS SECUNDARIAS/Pruebas Vinculación/Validar_la_creación_del_Registro_de_Contratación_por_BPM (1)/span_ABOGADO")): Object: 'Object Repository/2-OBJECTS TAREAS SECUNDARIAS/Pruebas Vinculación/Validar_la_creación_del_Registro_de_Contratación_por_BPM (1)/span_ABOGADO' is clicked on

2023-03-09 13:21:40 - [MESSAGE][PASSED] - Object: 'Object Repository/2-OBJECTS TAREAS SECUNDARIAS/Pruebas Vinculación/Validar_la_creación_del_Registro_de_Contratación_por_BPM (1)/span_ABOGADO' is clicked on

2023-03-09 13:21:40 - [TEST_STEP][PASSED] - selectOptionByIndex(findTestObject("2-OBJECTS TAREAS SECUNDARIAS/Pruebas Vinculación/Validar_la_creación_del_Registro_de_Contratación_por_BPM (1)/select_--Seleccione--Primer Modelo Seleccin R. Modelo Etapa"), 1): All options with index in [1] are selected on object 'Object Repository/2-OBJECTS TAREAS SECUNDARIAS/Pruebas Vinculación/Validar_la_creación_del_Registro_de_Contratación_por_BPM (1)/select_--Seleccione--Primer Modelo Seleccin R. Modelo Etapa'

2023-03-09 13:21:41 - [MESSAGE][PASSED] - All options with index in [1] are selected on object 'Object Repository/2-OBJECTS TAREAS SECUNDARIAS/Pruebas Vinculación/Validar_la_creación_del_Registro_de_Contratación_por_BPM (1)/select_--Seleccione--Primer Modelo Seleccin R. Modelo Etapa'

2023-03-09 13:21:41 - [TEST_STEP][PASSED] - click(findTestObject("2-OBJECTS TAREAS SECUNDARIAS/Pruebas Vinculación/Validar_la_creación_del_Registro_de_Contratación_por_BPM/a_Continuar")): Object: 'Object Repository/2-OBJECTS TAREAS SECUNDARIAS/Pruebas Vinculación/Validar_la_creación_del_Registro_de_Contratación_por_BPM/a_Continuar' is clicked on

2023-03-09 13:21:42 - [MESSAGE][PASSED] - Object: 'Object Repository/2-OBJECTS TAREAS SECUNDARIAS/Pruebas Vinculación/Validar_la_creación_del_Registro_de_Contratación_por_BPM/a_Continuar' is clicked on

2023-03-09 13:21:42 - [TEST_STEP][PASSED] - if (waitForElementVisible(findTestObject("2-OBJECTS TAREAS SECUNDARIAS/Pruebas Vinculación/Validar_la_creación_del_Registro_de_Contratación_por_BPM (1)/a_Guardar"), 1)): null

2023-03-09 13:21:44 - [MESSAGE][PASSED] - Object 'Object Repository/2-OBJECTS TAREAS SECUNDARIAS/Pruebas Vinculación/Validar_la_creación_del_Registro_de_Contratación_por_BPM (1)/a_Guardar' is visible

2023-03-09 13:21:44 - [TEST_STEP][PASSED] - Resultado = "PRUEBA OK": null]]></system-out>
         <system-err><![CDATA[]]></system-err>
      </testcase>
      <testcase name="Test Cases/1.2-Tareas_Secundarias/7.1-Pruebas_Vinculación/7.1.6-Validar_Documentos" time="57.862" classname="Test Cases/1.2-Tareas_Secundarias/7.1-Pruebas_Vinculación/7.1.6-Validar_Documentos" status="FAILED">
         <failure type="FAILED" message="Test Cases/1.2-Tareas_Secundarias/7.1-Pruebas_Vinculación/7.1.6-Validar_Documentos FAILED.
Reason:
com.kms.katalon.core.exception.StepFailedException: Unable to click on object 'Object Repository/2-OBJECTS TAREAS SECUNDARIAS/Pruebas Vinculación/Validar_Documentos/td_A A A'
	at com.kms.katalon.core.webui.keyword.internal.WebUIKeywordMain.stepFailed(WebUIKeywordMain.groovy:64)
	at com.kms.katalon.core.webui.keyword.internal.WebUIKeywordMain.runKeyword(WebUIKeywordMain.groovy:26)
	at com.kms.katalon.core.webui.keyword.builtin.ClickKeyword.click(ClickKeyword.groovy:74)
	at com.kms.katalon.core.webui.keyword.builtin.ClickKeyword.execute(ClickKeyword.groovy:40)
	at com.kms.katalon.core.keyword.internal.KeywordExecutor.executeKeywordForPlatform(KeywordExecutor.groovy:74)
	at com.kms.katalon.core.webui.keyword.WebUiBuiltInKeywords.click(WebUiBuiltInKeywords.groovy:620)
	at com.kms.katalon.core.webui.keyword.WebUiBuiltInKeywords$click$9.call(Unknown Source)
	at 7.1.6-Validar_Documentos.run(7.1.6-Validar_Documentos:142)
	at com.kms.katalon.core.main.ScriptEngine.run(ScriptEngine.java:194)
	at com.kms.katalon.core.main.ScriptEngine.runScriptAsRawText(ScriptEngine.java:119)
	at com.kms.katalon.core.main.TestCaseExecutor.runScript(TestCaseExecutor.java:448)
	at com.kms.katalon.core.main.TestCaseExecutor.doExecute(TestCaseExecutor.java:439)
	at com.kms.katalon.core.main.TestCaseExecutor.processExecutionPhase(TestCaseExecutor.java:418)
	at com.kms.katalon.core.main.TestCaseExecutor.accessMainPhase(TestCaseExecutor.java:410)
	at com.kms.katalon.core.main.TestCaseExecutor.execute(TestCaseExecutor.java:285)
	at com.kms.katalon.core.common.CommonExecutor.accessTestCaseMainPhase(CommonExecutor.java:65)
	at com.kms.katalon.core.main.TestSuiteExecutor.accessTestSuiteMainPhase(TestSuiteExecutor.java:151)
	at com.kms.katalon.core.main.TestSuiteExecutor.execute(TestSuiteExecutor.java:106)
	at com.kms.katalon.core.main.TestCaseMain.startTestSuite(TestCaseMain.java:185)
	at com.kms.katalon.core.main.TestCaseMain$startTestSuite$0.call(Unknown Source)
	at TempTestSuite1678383366099.run(TempTestSuite1678383366099.groovy:36)
Caused by: com.kms.katalon.core.webui.exception.WebElementNotFoundException: Web element with id: 'Object Repository/2-OBJECTS TAREAS SECUNDARIAS/Pruebas Vinculación/Validar_Documentos/td_A A A' located by '
//*/text()[normalize-space(.)='A A A']/parent::*' not found
	at com.kms.katalon.core.webui.common.WebUiCommonHelper.findWebElement(WebUiCommonHelper.java:1370)
	at com.kms.katalon.core.webui.keyword.internal.WebUIAbstractKeyword.findWebElement(WebUIAbstractKeyword.groovy:27)
	at com.kms.katalon.core.webui.keyword.builtin.ClickKeyword$_click_closure1.doCall(ClickKeyword.groovy:65)
	at com.kms.katalon.core.webui.keyword.builtin.ClickKeyword$_click_closure1.call(ClickKeyword.groovy)
	at com.kms.katalon.core.webui.keyword.internal.WebUIKeywordMain.runKeyword(WebUIKeywordMain.groovy:20)
	... 19 more
"/>
         <system-out><![CDATA[2023-03-09 13:21:44 - [TEST_CASE][FAILED] - Test Cases/1.2-Tareas_Secundarias/7.1-Pruebas_Vinculación/7.1.6-Validar_Documentos: Test Cases/1.2-Tareas_Secundarias/7.1-Pruebas_Vinculación/7.1.6-Validar_Documentos FAILED.
Reason:
com.kms.katalon.core.exception.StepFailedException: Unable to click on object 'Object Repository/2-OBJECTS TAREAS SECUNDARIAS/Pruebas Vinculación/Validar_Documentos/td_A A A'
	at com.kms.katalon.core.webui.keyword.internal.WebUIKeywordMain.stepFailed(WebUIKeywordMain.groovy:64)
	at com.kms.katalon.core.webui.keyword.internal.WebUIKeywordMain.runKeyword(WebUIKeywordMain.groovy:26)
	at com.kms.katalon.core.webui.keyword.builtin.ClickKeyword.click(ClickKeyword.groovy:74)
	at com.kms.katalon.core.webui.keyword.builtin.ClickKeyword.execute(ClickKeyword.groovy:40)
	at com.kms.katalon.core.keyword.internal.KeywordExecutor.executeKeywordForPlatform(KeywordExecutor.groovy:74)
	at com.kms.katalon.core.webui.keyword.WebUiBuiltInKeywords.click(WebUiBuiltInKeywords.groovy:620)
	at com.kms.katalon.core.webui.keyword.WebUiBuiltInKeywords$click$9.call(Unknown Source)
	at 7.1.6-Validar_Documentos.run(7.1.6-Validar_Documentos:142)
	at com.kms.katalon.core.main.ScriptEngine.run(ScriptEngine.java:194)
	at com.kms.katalon.core.main.ScriptEngine.runScriptAsRawText(ScriptEngine.java:119)
	at com.kms.katalon.core.main.TestCaseExecutor.runScript(TestCaseExecutor.java:448)
	at com.kms.katalon.core.main.TestCaseExecutor.doExecute(TestCaseExecutor.java:439)
	at com.kms.katalon.core.main.TestCaseExecutor.processExecutionPhase(TestCaseExecutor.java:418)
	at com.kms.katalon.core.main.TestCaseExecutor.accessMainPhase(TestCaseExecutor.java:410)
	at com.kms.katalon.core.main.TestCaseExecutor.execute(TestCaseExecutor.java:285)
	at com.kms.katalon.core.common.CommonExecutor.accessTestCaseMainPhase(CommonExecutor.java:65)
	at com.kms.katalon.core.main.TestSuiteExecutor.accessTestSuiteMainPhase(TestSuiteExecutor.java:151)
	at com.kms.katalon.core.main.TestSuiteExecutor.execute(TestSuiteExecutor.java:106)
	at com.kms.katalon.core.main.TestCaseMain.startTestSuite(TestCaseMain.java:185)
	at com.kms.katalon.core.main.TestCaseMain$startTestSuite$0.call(Unknown Source)
	at TempTestSuite1678383366099.run(TempTestSuite1678383366099.groovy:36)
Caused by: com.kms.katalon.core.webui.exception.WebElementNotFoundException: Web element with id: 'Object Repository/2-OBJECTS TAREAS SECUNDARIAS/Pruebas Vinculación/Validar_Documentos/td_A A A' located by '
//*/text()[normalize-space(.)='A A A']/parent::*' not found
	at com.kms.katalon.core.webui.common.WebUiCommonHelper.findWebElement(WebUiCommonHelper.java:1370)
	at com.kms.katalon.core.webui.keyword.internal.WebUIAbstractKeyword.findWebElement(WebUIAbstractKeyword.groovy:27)
	at com.kms.katalon.core.webui.keyword.builtin.ClickKeyword$_click_closure1.doCall(ClickKeyword.groovy:65)
	at com.kms.katalon.core.webui.keyword.builtin.ClickKeyword$_click_closure1.call(ClickKeyword.groovy)
	at com.kms.katalon.core.webui.keyword.internal.WebUIKeywordMain.runKeyword(WebUIKeywordMain.groovy:20)
	... 19 more


2023-03-09 13:21:45 - [TEST_STEP][PASSED] - callTestCase(findTestCase("0.1-Login"), [:], STOP_ON_FAILURE): Call Test Case 'Test Cases/0.1-Login' successfully

2023-03-09 13:21:45 - [TEST_CASE][PASSED] - Test Cases/0.1-Login: Test Cases/0.1-Login

2023-03-09 13:21:45 - [TEST_STEP][PASSED] - openBrowser(""): Browser is opened with url: ''

2023-03-09 13:21:45 - [MESSAGE][WARNING] - A browser is already opened. Closing browser and opening a new one

2023-03-09 13:21:45 - [MESSAGE][INFO] - Starting 'Chrome' driver

2023-03-09 13:21:45 - [MESSAGE][INFO] - Action delay is set to 0 milliseconds

2023-03-09 13:21:47 - [MESSAGE][PASSED] - Browser is opened with url: ''

2023-03-09 13:21:47 - [TEST_STEP][PASSED] - maximizeWindow(): Current window maximized

2023-03-09 13:21:47 - [MESSAGE][PASSED] - Current window maximized

2023-03-09 13:21:47 - [TEST_STEP][PASSED] - i = G_Login: null

2023-03-09 13:21:47 - [TEST_STEP][PASSED] - url = new java.net.URL(i): null

2023-03-09 13:21:47 - [TEST_STEP][PASSED] - println("URL: " + url.toString()): null

2023-03-09 13:21:47 - [TEST_STEP][PASSED] - connection = url.openConnection(): null

2023-03-09 13:21:47 - [TEST_STEP][PASSED] - connection.setRequestMethod("GET"): null

2023-03-09 13:21:47 - [TEST_STEP][PASSED] - connection.setReadTimeout(2 * 1000): null

2023-03-09 13:21:47 - [TEST_STEP][PASSED] - try: null

2023-03-09 13:21:47 - [TEST_STEP][PASSED] - connection.connect(): null

2023-03-09 13:21:47 - [TEST_STEP][PASSED] - flag = connected: null

2023-03-09 13:21:47 - [TEST_STEP][PASSED] - println("Valor_ori: " + flag): null

2023-03-09 13:21:47 - [TEST_STEP][PASSED] - if (flag): null

2023-03-09 13:21:47 - [TEST_STEP][PASSED] - navigateToUrl(i): Navigate to 'http://192.168.2.19:7001/saraweb' successfully

2023-03-09 13:21:49 - [MESSAGE][PASSED] - Navigate to 'http://192.168.2.19:7001/saraweb' successfully

2023-03-09 13:21:49 - [TEST_STEP][PASSED] - a(): null

2023-03-09 13:21:49 - [TEST_STEP][PASSED] - if (waitForElementVisible(findTestObject("3-OBJECTS UTILIDADES/Login/input_USUARIO_loginusuario"), 0)): null

2023-03-09 13:21:49 - [MESSAGE][WARNING] - Timeout '0' is invalid. Using default page load timeout: '37'

2023-03-09 13:21:49 - [MESSAGE][PASSED] - Object 'Object Repository/3-OBJECTS UTILIDADES/Login/input_USUARIO_loginusuario' is visible

2023-03-09 13:21:49 - [TEST_STEP][PASSED] - switchToWindowTitle("SARA"): Switched to window with title: 'SARA'

2023-03-09 13:21:49 - [MESSAGE][PASSED] - Switched to window with title: 'SARA'

2023-03-09 13:21:49 - [TEST_STEP][PASSED] - zoom(): null

2023-03-09 13:21:49 - [TEST_STEP][PASSED] - robot = new java.awt.Robot(): null

2023-03-09 13:21:49 - [TEST_STEP][PASSED] - robot.keyPress(VK_CONTROL): null

2023-03-09 13:21:49 - [TEST_STEP][PASSED] - robot.keyPress(VK_SUBTRACT): null

2023-03-09 13:21:49 - [TEST_STEP][PASSED] - robot.keyRelease(VK_CONTROL): null

2023-03-09 13:21:49 - [TEST_STEP][PASSED] - robot.keyRelease(VK_SUBTRACT): null

2023-03-09 13:21:49 - [TEST_STEP][PASSED] - robot.keyPress(VK_CONTROL): null

2023-03-09 13:21:49 - [TEST_STEP][PASSED] - robot.keyPress(VK_SUBTRACT): null

2023-03-09 13:21:49 - [TEST_STEP][PASSED] - robot.keyRelease(VK_CONTROL): null

2023-03-09 13:21:49 - [TEST_STEP][PASSED] - robot.keyRelease(VK_SUBTRACT): null

2023-03-09 13:21:49 - [TEST_STEP][PASSED] - robot.keyPress(VK_CONTROL): null

2023-03-09 13:21:49 - [TEST_STEP][PASSED] - robot.keyPress(VK_SUBTRACT): null

2023-03-09 13:21:49 - [TEST_STEP][PASSED] - robot.keyRelease(VK_CONTROL): null

2023-03-09 13:21:49 - [TEST_STEP][PASSED] - robot.keyRelease(VK_SUBTRACT): null

2023-03-09 13:21:49 - [TEST_STEP][PASSED] - robot.keyRelease(VK_CONTROL): null

2023-03-09 13:21:49 - [TEST_STEP][PASSED] - robot.keyRelease(VK_SUBTRACT): null

2023-03-09 13:21:49 - [TEST_STEP][PASSED] - setText(findTestObject("3-OBJECTS UTILIDADES/Login/input_USUARIO_loginusuario"), G_Usuario): Text 'weblogic' is set on object 'Object Repository/3-OBJECTS UTILIDADES/Login/input_USUARIO_loginusuario'

2023-03-09 13:21:50 - [MESSAGE][PASSED] - Text 'weblogic' is set on object 'Object Repository/3-OBJECTS UTILIDADES/Login/input_USUARIO_loginusuario'

2023-03-09 13:21:50 - [TEST_STEP][PASSED] - setEncryptedText(findTestObject("3-OBJECTS UTILIDADES/Login/input_CLAVE_loginpassword"), "SlAwMcyRKqrwbnzhAs8HhT6NnI7sEyng"): Text ****** has been set on object 'Object Repository/3-OBJECTS UTILIDADES/Login/input_CLAVE_loginpassword'

2023-03-09 13:21:53 - [MESSAGE][PASSED] - Text ****** has been set on object 'Object Repository/3-OBJECTS UTILIDADES/Login/input_CLAVE_loginpassword'

2023-03-09 13:21:53 - [TEST_STEP][PASSED] - while (waitForElementClickable(findTestObject("3-OBJECTS UTILIDADES/Login/a_Ingresar"), 1)): Web element with id: 'Object Repository/3-OBJECTS UTILIDADES/Login/a_Ingresar' located by '//a[contains(text(),'Ingresar')]' not found

2023-03-09 13:21:56 - [MESSAGE][INFO] - Unable to find the element located by 'By.xpath: //a[contains(text(),'Ingresar')]'. Please recheck the objects properties to make sure the desired element is located. 

2023-03-09 13:21:56 - [MESSAGE][WARNING] - Web element with id: 'Object Repository/3-OBJECTS UTILIDADES/Login/a_Ingresar' located by '//a[contains(text(),'Ingresar')]' not found

2023-03-09 13:21:56 - [MESSAGE][PASSED] - Call Test Case 'Test Cases/0.1-Login' successfully

2023-03-09 13:21:56 - [TEST_STEP][PASSED] - setText(findTestObject("2-OBJECTS TAREAS SECUNDARIAS/Pruebas Vinculación/Validar_Documentos/input_Empresa 1_form_templatej_idt24_input"), "listado contratacion"): Text 'listado contratacion' is set on object 'Object Repository/2-OBJECTS TAREAS SECUNDARIAS/Pruebas Vinculación/Validar_Documentos/input_Empresa 1_form_templatej_idt24_input'

2023-03-09 13:21:57 - [MESSAGE][PASSED] - Text 'listado contratacion' is set on object 'Object Repository/2-OBJECTS TAREAS SECUNDARIAS/Pruebas Vinculación/Validar_Documentos/input_Empresa 1_form_templatej_idt24_input'

2023-03-09 13:21:57 - [TEST_STEP][PASSED] - click(findTestObject("2-OBJECTS TAREAS SECUNDARIAS/Pruebas Vinculación/Validar_Documentos/li_Listado Contratacion (tal)")): Object: 'Object Repository/2-OBJECTS TAREAS SECUNDARIAS/Pruebas Vinculación/Validar_Documentos/li_Listado Contratacion (tal)' is clicked on

2023-03-09 13:21:58 - [MESSAGE][PASSED] - Object: 'Object Repository/2-OBJECTS TAREAS SECUNDARIAS/Pruebas Vinculación/Validar_Documentos/li_Listado Contratacion (tal)' is clicked on

2023-03-09 13:21:58 - [TEST_STEP][PASSED] - if (waitForElementVisible(findTestObject("2-OBJECTS TAREAS SECUNDARIAS/Pruebas Vinculación/Validar_Documentos/td_A A A - Copy"), 1)): Object 'Object Repository/2-OBJECTS TAREAS SECUNDARIAS/Pruebas Vinculación/Validar_Documentos/a_Nombre Persona_listado_contratacionj_idt68' is visible

2023-03-09 13:22:01 - [MESSAGE][INFO] - Unable to find the element located by 'By.xpath: //*/text()[normalize-space(.)='A A A']/parent::*'. Please recheck the objects properties to make sure the desired element is located. 

2023-03-09 13:22:01 - [MESSAGE][WARNING] - Web element with id: 'Object Repository/2-OBJECTS TAREAS SECUNDARIAS/Pruebas Vinculación/Validar_Documentos/td_A A A - Copy' located by '//*/text()[normalize-space(.)='A A A']/parent::*' not found

2023-03-09 13:22:01 - [MESSAGE][PASSED] - Object 'Object Repository/2-OBJECTS TAREAS SECUNDARIAS/Pruebas Vinculación/Validar_Documentos/a_Nombre Persona_listado_contratacionj_idt68' is visible

2023-03-09 13:22:01 - [TEST_STEP][FAILED] - else if (waitForElementVisible(findTestObject("2-OBJECTS TAREAS SECUNDARIAS/Pruebas Vinculación/Validar_Documentos/a_Nombre Persona_listado_contratacionj_idt68"), 1)): Unable to click on object 'Object Repository/2-OBJECTS TAREAS SECUNDARIAS/Pruebas Vinculación/Validar_Documentos/td_A A A' (Root cause: com.kms.katalon.core.exception.StepFailedException: Unable to click on object 'Object Repository/2-OBJECTS TAREAS SECUNDARIAS/Pruebas Vinculación/Validar_Documentos/td_A A A'
	at com.kms.katalon.core.webui.keyword.internal.WebUIKeywordMain.stepFailed(WebUIKeywordMain.groovy:64)
	at com.kms.katalon.core.webui.keyword.internal.WebUIKeywordMain.runKeyword(WebUIKeywordMain.groovy:26)
	at com.kms.katalon.core.webui.keyword.builtin.ClickKeyword.click(ClickKeyword.groovy:74)
	at com.kms.katalon.core.webui.keyword.builtin.ClickKeyword.execute(ClickKeyword.groovy:40)
	at com.kms.katalon.core.keyword.internal.KeywordExecutor.executeKeywordForPlatform(KeywordExecutor.groovy:74)
	at com.kms.katalon.core.webui.keyword.WebUiBuiltInKeywords.click(WebUiBuiltInKeywords.groovy:620)
	at com.kms.katalon.core.webui.keyword.WebUiBuiltInKeywords$click$9.call(Unknown Source)
	at 7.1.6-Validar_Documentos.run(7.1.6-Validar_Documentos:142)
	at com.kms.katalon.core.main.ScriptEngine.run(ScriptEngine.java:194)
	at com.kms.katalon.core.main.ScriptEngine.runScriptAsRawText(ScriptEngine.java:119)
	at com.kms.katalon.core.main.TestCaseExecutor.runScript(TestCaseExecutor.java:448)
	at com.kms.katalon.core.main.TestCaseExecutor.doExecute(TestCaseExecutor.java:439)
	at com.kms.katalon.core.main.TestCaseExecutor.processExecutionPhase(TestCaseExecutor.java:418)
	at com.kms.katalon.core.main.TestCaseExecutor.accessMainPhase(TestCaseExecutor.java:410)
	at com.kms.katalon.core.main.TestCaseExecutor.execute(TestCaseExecutor.java:285)
	at com.kms.katalon.core.common.CommonExecutor.accessTestCaseMainPhase(CommonExecutor.java:65)
	at com.kms.katalon.core.main.TestSuiteExecutor.accessTestSuiteMainPhase(TestSuiteExecutor.java:151)
	at com.kms.katalon.core.main.TestSuiteExecutor.execute(TestSuiteExecutor.java:106)
	at com.kms.katalon.core.main.TestCaseMain.startTestSuite(TestCaseMain.java:185)
	at com.kms.katalon.core.main.TestCaseMain$startTestSuite$0.call(Unknown Source)
	at TempTestSuite1678383366099.run(TempTestSuite1678383366099.groovy:36)
Caused by: com.kms.katalon.core.webui.exception.WebElementNotFoundException: Web element with id: 'Object Repository/2-OBJECTS TAREAS SECUNDARIAS/Pruebas Vinculación/Validar_Documentos/td_A A A' located by '
//*/text()[normalize-space(.)='A A A']/parent::*' not found
	at com.kms.katalon.core.webui.common.WebUiCommonHelper.findWebElement(WebUiCommonHelper.java:1370)
	at com.kms.katalon.core.webui.keyword.internal.WebUIAbstractKeyword.findWebElement(WebUIAbstractKeyword.groovy:27)
	at com.kms.katalon.core.webui.keyword.builtin.ClickKeyword$_click_closure1.doCall(ClickKeyword.groovy:65)
	at com.kms.katalon.core.webui.keyword.builtin.ClickKeyword$_click_closure1.call(ClickKeyword.groovy)
	at com.kms.katalon.core.webui.keyword.internal.WebUIKeywordMain.runKeyword(WebUIKeywordMain.groovy:20)
	at com.kms.katalon.core.webui.keyword.builtin.ClickKeyword.click(ClickKeyword.groovy:74)
	at com.kms.katalon.core.webui.keyword.builtin.ClickKeyword.execute(ClickKeyword.groovy:40)
	at com.kms.katalon.core.keyword.internal.KeywordExecutor.executeKeywordForPlatform(KeywordExecutor.groovy:74)
	at com.kms.katalon.core.webui.keyword.WebUiBuiltInKeywords.click(WebUiBuiltInKeywords.groovy:620)
	at com.kms.katalon.core.webui.keyword.WebUiBuiltInKeywords$click$9.call(Unknown Source)
	at Script1642081329839.run(Script1642081329839.groovy:142)
	... 13 more
)

2023-03-09 13:22:01 - [TEST_STEP][PASSED] - click(findTestObject("2-OBJECTS TAREAS SECUNDARIAS/Pruebas Vinculación/Validar_Documentos/a_Nombre Persona_listado_contratacionj_idt68")): Object: 'Object Repository/2-OBJECTS TAREAS SECUNDARIAS/Pruebas Vinculación/Validar_Documentos/a_Nombre Persona_listado_contratacionj_idt68' is clicked on

2023-03-09 13:22:02 - [MESSAGE][PASSED] - Object: 'Object Repository/2-OBJECTS TAREAS SECUNDARIAS/Pruebas Vinculación/Validar_Documentos/a_Nombre Persona_listado_contratacionj_idt68' is clicked on

2023-03-09 13:22:02 - [TEST_STEP][PASSED] - setText(findTestObject("2-OBJECTS TAREAS SECUNDARIAS/Pruebas Vinculación/Validar_Documentos/input_Filtro Hoja de Vida_formPopupHojaVidaj_idt1320"), "1010220596"): Text '1010220596' is set on object 'Object Repository/2-OBJECTS TAREAS SECUNDARIAS/Pruebas Vinculación/Validar_Documentos/input_Filtro Hoja de Vida_formPopupHojaVidaj_idt1320'

2023-03-09 13:22:03 - [MESSAGE][PASSED] - Text '1010220596' is set on object 'Object Repository/2-OBJECTS TAREAS SECUNDARIAS/Pruebas Vinculación/Validar_Documentos/input_Filtro Hoja de Vida_formPopupHojaVidaj_idt1320'

2023-03-09 13:22:03 - [TEST_STEP][PASSED] - sendKeys(findTestObject("2-OBJECTS TAREAS SECUNDARIAS/Pruebas Vinculación/Validar_Documentos/input_Filtro Hoja de Vida_formPopupHojaVidaj_idt1320"), Keys.chord(ENTER)): Keys 'ENTER + ' sent to object: 'Object Repository/2-OBJECTS TAREAS SECUNDARIAS/Pruebas Vinculación/Validar_Documentos/input_Filtro Hoja de Vida_formPopupHojaVidaj_idt1320'

2023-03-09 13:22:04 - [MESSAGE][PASSED] - Keys 'ENTER + ' sent to object: 'Object Repository/2-OBJECTS TAREAS SECUNDARIAS/Pruebas Vinculación/Validar_Documentos/input_Filtro Hoja de Vida_formPopupHojaVidaj_idt1320'

2023-03-09 13:22:04 - [TEST_STEP][FAILED] - click(findTestObject("2-OBJECTS TAREAS SECUNDARIAS/Pruebas Vinculación/Validar_Documentos/td_A A A")): Unable to click on object 'Object Repository/2-OBJECTS TAREAS SECUNDARIAS/Pruebas Vinculación/Validar_Documentos/td_A A A' (Root cause: com.kms.katalon.core.exception.StepFailedException: Unable to click on object 'Object Repository/2-OBJECTS TAREAS SECUNDARIAS/Pruebas Vinculación/Validar_Documentos/td_A A A'
	at com.kms.katalon.core.webui.keyword.internal.WebUIKeywordMain.stepFailed(WebUIKeywordMain.groovy:64)
	at com.kms.katalon.core.webui.keyword.internal.WebUIKeywordMain.runKeyword(WebUIKeywordMain.groovy:26)
	at com.kms.katalon.core.webui.keyword.builtin.ClickKeyword.click(ClickKeyword.groovy:74)
	at com.kms.katalon.core.webui.keyword.builtin.ClickKeyword.execute(ClickKeyword.groovy:40)
	at com.kms.katalon.core.keyword.internal.KeywordExecutor.executeKeywordForPlatform(KeywordExecutor.groovy:74)
	at com.kms.katalon.core.webui.keyword.WebUiBuiltInKeywords.click(WebUiBuiltInKeywords.groovy:620)
	at com.kms.katalon.core.webui.keyword.WebUiBuiltInKeywords$click$9.call(Unknown Source)
	at 7.1.6-Validar_Documentos.run(7.1.6-Validar_Documentos:142)
	at com.kms.katalon.core.main.ScriptEngine.run(ScriptEngine.java:194)
	at com.kms.katalon.core.main.ScriptEngine.runScriptAsRawText(ScriptEngine.java:119)
	at com.kms.katalon.core.main.TestCaseExecutor.runScript(TestCaseExecutor.java:448)
	at com.kms.katalon.core.main.TestCaseExecutor.doExecute(TestCaseExecutor.java:439)
	at com.kms.katalon.core.main.TestCaseExecutor.processExecutionPhase(TestCaseExecutor.java:418)
	at com.kms.katalon.core.main.TestCaseExecutor.accessMainPhase(TestCaseExecutor.java:410)
	at com.kms.katalon.core.main.TestCaseExecutor.execute(TestCaseExecutor.java:285)
	at com.kms.katalon.core.common.CommonExecutor.accessTestCaseMainPhase(CommonExecutor.java:65)
	at com.kms.katalon.core.main.TestSuiteExecutor.accessTestSuiteMainPhase(TestSuiteExecutor.java:151)
	at com.kms.katalon.core.main.TestSuiteExecutor.execute(TestSuiteExecutor.java:106)
	at com.kms.katalon.core.main.TestCaseMain.startTestSuite(TestCaseMain.java:185)
	at com.kms.katalon.core.main.TestCaseMain$startTestSuite$0.call(Unknown Source)
	at TempTestSuite1678383366099.run(TempTestSuite1678383366099.groovy:36)
Caused by: com.kms.katalon.core.webui.exception.WebElementNotFoundException: Web element with id: 'Object Repository/2-OBJECTS TAREAS SECUNDARIAS/Pruebas Vinculación/Validar_Documentos/td_A A A' located by '
//*/text()[normalize-space(.)='A A A']/parent::*' not found
	at com.kms.katalon.core.webui.common.WebUiCommonHelper.findWebElement(WebUiCommonHelper.java:1370)
	at com.kms.katalon.core.webui.keyword.internal.WebUIAbstractKeyword.findWebElement(WebUIAbstractKeyword.groovy:27)
	at com.kms.katalon.core.webui.keyword.builtin.ClickKeyword$_click_closure1.doCall(ClickKeyword.groovy:65)
	at com.kms.katalon.core.webui.keyword.builtin.ClickKeyword$_click_closure1.call(ClickKeyword.groovy)
	at com.kms.katalon.core.webui.keyword.internal.WebUIKeywordMain.runKeyword(WebUIKeywordMain.groovy:20)
	at com.kms.katalon.core.webui.keyword.builtin.ClickKeyword.click(ClickKeyword.groovy:74)
	at com.kms.katalon.core.webui.keyword.builtin.ClickKeyword.execute(ClickKeyword.groovy:40)
	at com.kms.katalon.core.keyword.internal.KeywordExecutor.executeKeywordForPlatform(KeywordExecutor.groovy:74)
	at com.kms.katalon.core.webui.keyword.WebUiBuiltInKeywords.click(WebUiBuiltInKeywords.groovy:620)
	at com.kms.katalon.core.webui.keyword.WebUiBuiltInKeywords$click$9.call(Unknown Source)
	at Script1642081329839.run(Script1642081329839.groovy:142)
	... 13 more
)

2023-03-09 13:22:42 - [MESSAGE][INFO] - Unable to find the element located by 'By.xpath: 
//*/text()[normalize-space(.)='A A A']/parent::*'. Please recheck the objects properties to make sure the desired element is located. 

2023-03-09 13:22:42 - [MESSAGE][FAILED] - Unable to click on object 'Object Repository/2-OBJECTS TAREAS SECUNDARIAS/Pruebas Vinculación/Validar_Documentos/td_A A A' (Root cause: com.kms.katalon.core.exception.StepFailedException: Unable to click on object 'Object Repository/2-OBJECTS TAREAS SECUNDARIAS/Pruebas Vinculación/Validar_Documentos/td_A A A'
	at com.kms.katalon.core.webui.keyword.internal.WebUIKeywordMain.stepFailed(WebUIKeywordMain.groovy:64)
	at com.kms.katalon.core.webui.keyword.internal.WebUIKeywordMain.runKeyword(WebUIKeywordMain.groovy:26)
	at com.kms.katalon.core.webui.keyword.builtin.ClickKeyword.click(ClickKeyword.groovy:74)
	at com.kms.katalon.core.webui.keyword.builtin.ClickKeyword.execute(ClickKeyword.groovy:40)
	at com.kms.katalon.core.keyword.internal.KeywordExecutor.executeKeywordForPlatform(KeywordExecutor.groovy:74)
	at com.kms.katalon.core.webui.keyword.WebUiBuiltInKeywords.click(WebUiBuiltInKeywords.groovy:620)
	at com.kms.katalon.core.webui.keyword.WebUiBuiltInKeywords$click$9.call(Unknown Source)
	at 7.1.6-Validar_Documentos.run(7.1.6-Validar_Documentos:142)
	at com.kms.katalon.core.main.ScriptEngine.run(ScriptEngine.java:194)
	at com.kms.katalon.core.main.ScriptEngine.runScriptAsRawText(ScriptEngine.java:119)
	at com.kms.katalon.core.main.TestCaseExecutor.runScript(TestCaseExecutor.java:448)
	at com.kms.katalon.core.main.TestCaseExecutor.doExecute(TestCaseExecutor.java:439)
	at com.kms.katalon.core.main.TestCaseExecutor.processExecutionPhase(TestCaseExecutor.java:418)
	at com.kms.katalon.core.main.TestCaseExecutor.accessMainPhase(TestCaseExecutor.java:410)
	at com.kms.katalon.core.main.TestCaseExecutor.execute(TestCaseExecutor.java:285)
	at com.kms.katalon.core.common.CommonExecutor.accessTestCaseMainPhase(CommonExecutor.java:65)
	at com.kms.katalon.core.main.TestSuiteExecutor.accessTestSuiteMainPhase(TestSuiteExecutor.java:151)
	at com.kms.katalon.core.main.TestSuiteExecutor.execute(TestSuiteExecutor.java:106)
	at com.kms.katalon.core.main.TestCaseMain.startTestSuite(TestCaseMain.java:185)
	at com.kms.katalon.core.main.TestCaseMain$startTestSuite$0.call(Unknown Source)
	at TempTestSuite1678383366099.run(TempTestSuite1678383366099.groovy:36)
Caused by: com.kms.katalon.core.webui.exception.WebElementNotFoundException: Web element with id: 'Object Repository/2-OBJECTS TAREAS SECUNDARIAS/Pruebas Vinculación/Validar_Documentos/td_A A A' located by '
//*/text()[normalize-space(.)='A A A']/parent::*' not found
	at com.kms.katalon.core.webui.common.WebUiCommonHelper.findWebElement(WebUiCommonHelper.java:1370)
	at com.kms.katalon.core.webui.keyword.internal.WebUIAbstractKeyword.findWebElement(WebUIAbstractKeyword.groovy:27)
	at com.kms.katalon.core.webui.keyword.builtin.ClickKeyword$_click_closure1.doCall(ClickKeyword.groovy:65)
	at com.kms.katalon.core.webui.keyword.builtin.ClickKeyword$_click_closure1.call(ClickKeyword.groovy)
	at com.kms.katalon.core.webui.keyword.internal.WebUIKeywordMain.runKeyword(WebUIKeywordMain.groovy:20)
	at com.kms.katalon.core.webui.keyword.builtin.ClickKeyword.click(ClickKeyword.groovy:74)
	at com.kms.katalon.core.webui.keyword.builtin.ClickKeyword.execute(ClickKeyword.groovy:40)
	at com.kms.katalon.core.keyword.internal.KeywordExecutor.executeKeywordForPlatform(KeywordExecutor.groovy:74)
	at com.kms.katalon.core.webui.keyword.WebUiBuiltInKeywords.click(WebUiBuiltInKeywords.groovy:620)
	at com.kms.katalon.core.webui.keyword.WebUiBuiltInKeywords$click$9.call(Unknown Source)
	at Script1642081329839.run(Script1642081329839.groovy:142)
	... 13 more
)
[[ATTACHMENT|C:\\Users\\diego.rojas\\git\\Pruebas-Minimas\\Reports\\20230309_123606\\Test_Suite_Secundaria\\1-Tareas_secundarias\\20230309_123606\\1678386162367.png]]]]></system-out>
         <system-err><![CDATA[2023-03-09 13:21:44 - [TEST_CASE][FAILED] - Test Cases/1.2-Tareas_Secundarias/7.1-Pruebas_Vinculación/7.1.6-Validar_Documentos: Test Cases/1.2-Tareas_Secundarias/7.1-Pruebas_Vinculación/7.1.6-Validar_Documentos FAILED.
Reason:
com.kms.katalon.core.exception.StepFailedException: Unable to click on object 'Object Repository/2-OBJECTS TAREAS SECUNDARIAS/Pruebas Vinculación/Validar_Documentos/td_A A A'
	at com.kms.katalon.core.webui.keyword.internal.WebUIKeywordMain.stepFailed(WebUIKeywordMain.groovy:64)
	at com.kms.katalon.core.webui.keyword.internal.WebUIKeywordMain.runKeyword(WebUIKeywordMain.groovy:26)
	at com.kms.katalon.core.webui.keyword.builtin.ClickKeyword.click(ClickKeyword.groovy:74)
	at com.kms.katalon.core.webui.keyword.builtin.ClickKeyword.execute(ClickKeyword.groovy:40)
	at com.kms.katalon.core.keyword.internal.KeywordExecutor.executeKeywordForPlatform(KeywordExecutor.groovy:74)
	at com.kms.katalon.core.webui.keyword.WebUiBuiltInKeywords.click(WebUiBuiltInKeywords.groovy:620)
	at com.kms.katalon.core.webui.keyword.WebUiBuiltInKeywords$click$9.call(Unknown Source)
	at 7.1.6-Validar_Documentos.run(7.1.6-Validar_Documentos:142)
	at com.kms.katalon.core.main.ScriptEngine.run(ScriptEngine.java:194)
	at com.kms.katalon.core.main.ScriptEngine.runScriptAsRawText(ScriptEngine.java:119)
	at com.kms.katalon.core.main.TestCaseExecutor.runScript(TestCaseExecutor.java:448)
	at com.kms.katalon.core.main.TestCaseExecutor.doExecute(TestCaseExecutor.java:439)
	at com.kms.katalon.core.main.TestCaseExecutor.processExecutionPhase(TestCaseExecutor.java:418)
	at com.kms.katalon.core.main.TestCaseExecutor.accessMainPhase(TestCaseExecutor.java:410)
	at com.kms.katalon.core.main.TestCaseExecutor.execute(TestCaseExecutor.java:285)
	at com.kms.katalon.core.common.CommonExecutor.accessTestCaseMainPhase(CommonExecutor.java:65)
	at com.kms.katalon.core.main.TestSuiteExecutor.accessTestSuiteMainPhase(TestSuiteExecutor.java:151)
	at com.kms.katalon.core.main.TestSuiteExecutor.execute(TestSuiteExecutor.java:106)
	at com.kms.katalon.core.main.TestCaseMain.startTestSuite(TestCaseMain.java:185)
	at com.kms.katalon.core.main.TestCaseMain$startTestSuite$0.call(Unknown Source)
	at TempTestSuite1678383366099.run(TempTestSuite1678383366099.groovy:36)
Caused by: com.kms.katalon.core.webui.exception.WebElementNotFoundException: Web element with id: 'Object Repository/2-OBJECTS TAREAS SECUNDARIAS/Pruebas Vinculación/Validar_Documentos/td_A A A' located by '
//*/text()[normalize-space(.)='A A A']/parent::*' not found
	at com.kms.katalon.core.webui.common.WebUiCommonHelper.findWebElement(WebUiCommonHelper.java:1370)
	at com.kms.katalon.core.webui.keyword.internal.WebUIAbstractKeyword.findWebElement(WebUIAbstractKeyword.groovy:27)
	at com.kms.katalon.core.webui.keyword.builtin.ClickKeyword$_click_closure1.doCall(ClickKeyword.groovy:65)
	at com.kms.katalon.core.webui.keyword.builtin.ClickKeyword$_click_closure1.call(ClickKeyword.groovy)
	at com.kms.katalon.core.webui.keyword.internal.WebUIKeywordMain.runKeyword(WebUIKeywordMain.groovy:20)
	... 19 more]]></system-err>
      </testcase>
      <testcase name="Test Cases/1.2-Tareas_Secundarias/7.1-Pruebas_Vinculación/7.1.7-Elaborar_Contrato" time="56.849" classname="Test Cases/1.2-Tareas_Secundarias/7.1-Pruebas_Vinculación/7.1.7-Elaborar_Contrato" status="FAILED">
         <failure type="FAILED" message="Test Cases/1.2-Tareas_Secundarias/7.1-Pruebas_Vinculación/7.1.7-Elaborar_Contrato FAILED.
Reason:
com.kms.katalon.core.exception.StepFailedException: Unable to click on object 'Object Repository/2-OBJECTS TAREAS SECUNDARIAS/Pruebas Vinculación/Elaborar_Contrato/td_A A A - 2'
	at com.kms.katalon.core.webui.keyword.internal.WebUIKeywordMain.stepFailed(WebUIKeywordMain.groovy:64)
	at com.kms.katalon.core.webui.keyword.internal.WebUIKeywordMain.runKeyword(WebUIKeywordMain.groovy:26)
	at com.kms.katalon.core.webui.keyword.builtin.ClickKeyword.click(ClickKeyword.groovy:74)
	at com.kms.katalon.core.webui.keyword.builtin.ClickKeyword.execute(ClickKeyword.groovy:40)
	at com.kms.katalon.core.keyword.internal.KeywordExecutor.executeKeywordForPlatform(KeywordExecutor.groovy:74)
	at com.kms.katalon.core.webui.keyword.WebUiBuiltInKeywords.click(WebUiBuiltInKeywords.groovy:620)
	at com.kms.katalon.core.webui.keyword.WebUiBuiltInKeywords$click$9.call(Unknown Source)
	at 7.1.7-Elaborar_Contrato.run(7.1.7-Elaborar_Contrato:85)
	at com.kms.katalon.core.main.ScriptEngine.run(ScriptEngine.java:194)
	at com.kms.katalon.core.main.ScriptEngine.runScriptAsRawText(ScriptEngine.java:119)
	at com.kms.katalon.core.main.TestCaseExecutor.runScript(TestCaseExecutor.java:448)
	at com.kms.katalon.core.main.TestCaseExecutor.doExecute(TestCaseExecutor.java:439)
	at com.kms.katalon.core.main.TestCaseExecutor.processExecutionPhase(TestCaseExecutor.java:418)
	at com.kms.katalon.core.main.TestCaseExecutor.accessMainPhase(TestCaseExecutor.java:410)
	at com.kms.katalon.core.main.TestCaseExecutor.execute(TestCaseExecutor.java:285)
	at com.kms.katalon.core.common.CommonExecutor.accessTestCaseMainPhase(CommonExecutor.java:65)
	at com.kms.katalon.core.main.TestSuiteExecutor.accessTestSuiteMainPhase(TestSuiteExecutor.java:151)
	at com.kms.katalon.core.main.TestSuiteExecutor.execute(TestSuiteExecutor.java:106)
	at com.kms.katalon.core.main.TestCaseMain.startTestSuite(TestCaseMain.java:185)
	at com.kms.katalon.core.main.TestCaseMain$startTestSuite$0.call(Unknown Source)
	at TempTestSuite1678383366099.run(TempTestSuite1678383366099.groovy:36)
Caused by: com.kms.katalon.core.webui.exception.WebElementNotFoundException: Web element with id: 'Object Repository/2-OBJECTS TAREAS SECUNDARIAS/Pruebas Vinculación/Elaborar_Contrato/td_A A A - 2' located by '//*/text()[normalize-space(.)='A A A']/parent::*' not found
	at com.kms.katalon.core.webui.common.WebUiCommonHelper.findWebElement(WebUiCommonHelper.java:1370)
	at com.kms.katalon.core.webui.keyword.internal.WebUIAbstractKeyword.findWebElement(WebUIAbstractKeyword.groovy:27)
	at com.kms.katalon.core.webui.keyword.builtin.ClickKeyword$_click_closure1.doCall(ClickKeyword.groovy:65)
	at com.kms.katalon.core.webui.keyword.builtin.ClickKeyword$_click_closure1.call(ClickKeyword.groovy)
	at com.kms.katalon.core.webui.keyword.internal.WebUIKeywordMain.runKeyword(WebUIKeywordMain.groovy:20)
	... 19 more
"/>
         <system-out><![CDATA[2023-03-09 13:22:42 - [TEST_CASE][FAILED] - Test Cases/1.2-Tareas_Secundarias/7.1-Pruebas_Vinculación/7.1.7-Elaborar_Contrato: Test Cases/1.2-Tareas_Secundarias/7.1-Pruebas_Vinculación/7.1.7-Elaborar_Contrato FAILED.
Reason:
com.kms.katalon.core.exception.StepFailedException: Unable to click on object 'Object Repository/2-OBJECTS TAREAS SECUNDARIAS/Pruebas Vinculación/Elaborar_Contrato/td_A A A - 2'
	at com.kms.katalon.core.webui.keyword.internal.WebUIKeywordMain.stepFailed(WebUIKeywordMain.groovy:64)
	at com.kms.katalon.core.webui.keyword.internal.WebUIKeywordMain.runKeyword(WebUIKeywordMain.groovy:26)
	at com.kms.katalon.core.webui.keyword.builtin.ClickKeyword.click(ClickKeyword.groovy:74)
	at com.kms.katalon.core.webui.keyword.builtin.ClickKeyword.execute(ClickKeyword.groovy:40)
	at com.kms.katalon.core.keyword.internal.KeywordExecutor.executeKeywordForPlatform(KeywordExecutor.groovy:74)
	at com.kms.katalon.core.webui.keyword.WebUiBuiltInKeywords.click(WebUiBuiltInKeywords.groovy:620)
	at com.kms.katalon.core.webui.keyword.WebUiBuiltInKeywords$click$9.call(Unknown Source)
	at 7.1.7-Elaborar_Contrato.run(7.1.7-Elaborar_Contrato:85)
	at com.kms.katalon.core.main.ScriptEngine.run(ScriptEngine.java:194)
	at com.kms.katalon.core.main.ScriptEngine.runScriptAsRawText(ScriptEngine.java:119)
	at com.kms.katalon.core.main.TestCaseExecutor.runScript(TestCaseExecutor.java:448)
	at com.kms.katalon.core.main.TestCaseExecutor.doExecute(TestCaseExecutor.java:439)
	at com.kms.katalon.core.main.TestCaseExecutor.processExecutionPhase(TestCaseExecutor.java:418)
	at com.kms.katalon.core.main.TestCaseExecutor.accessMainPhase(TestCaseExecutor.java:410)
	at com.kms.katalon.core.main.TestCaseExecutor.execute(TestCaseExecutor.java:285)
	at com.kms.katalon.core.common.CommonExecutor.accessTestCaseMainPhase(CommonExecutor.java:65)
	at com.kms.katalon.core.main.TestSuiteExecutor.accessTestSuiteMainPhase(TestSuiteExecutor.java:151)
	at com.kms.katalon.core.main.TestSuiteExecutor.execute(TestSuiteExecutor.java:106)
	at com.kms.katalon.core.main.TestCaseMain.startTestSuite(TestCaseMain.java:185)
	at com.kms.katalon.core.main.TestCaseMain$startTestSuite$0.call(Unknown Source)
	at TempTestSuite1678383366099.run(TempTestSuite1678383366099.groovy:36)
Caused by: com.kms.katalon.core.webui.exception.WebElementNotFoundException: Web element with id: 'Object Repository/2-OBJECTS TAREAS SECUNDARIAS/Pruebas Vinculación/Elaborar_Contrato/td_A A A - 2' located by '//*/text()[normalize-space(.)='A A A']/parent::*' not found
	at com.kms.katalon.core.webui.common.WebUiCommonHelper.findWebElement(WebUiCommonHelper.java:1370)
	at com.kms.katalon.core.webui.keyword.internal.WebUIAbstractKeyword.findWebElement(WebUIAbstractKeyword.groovy:27)
	at com.kms.katalon.core.webui.keyword.builtin.ClickKeyword$_click_closure1.doCall(ClickKeyword.groovy:65)
	at com.kms.katalon.core.webui.keyword.builtin.ClickKeyword$_click_closure1.call(ClickKeyword.groovy)
	at com.kms.katalon.core.webui.keyword.internal.WebUIKeywordMain.runKeyword(WebUIKeywordMain.groovy:20)
	... 19 more


2023-03-09 13:22:42 - [TEST_STEP][PASSED] - comment("SE GENERA FALLA AL DAR CLICK SOBRE REGISTRO ACTIVIDAD"): SE GENERA FALLA AL DAR CLICK SOBRE REGISTRO ACTIVIDAD

2023-03-09 13:22:42 - [MESSAGE][INFO] - SE GENERA FALLA AL DAR CLICK SOBRE REGISTRO ACTIVIDAD

2023-03-09 13:22:42 - [TEST_STEP][PASSED] - callTestCase(findTestCase("0.1-Login"), [:], STOP_ON_FAILURE): Call Test Case 'Test Cases/0.1-Login' successfully

2023-03-09 13:22:42 - [TEST_CASE][PASSED] - Test Cases/0.1-Login: Test Cases/0.1-Login

2023-03-09 13:22:42 - [TEST_STEP][PASSED] - openBrowser(""): Browser is opened with url: ''

2023-03-09 13:22:42 - [MESSAGE][WARNING] - A browser is already opened. Closing browser and opening a new one

2023-03-09 13:22:43 - [MESSAGE][INFO] - Starting 'Chrome' driver

2023-03-09 13:22:43 - [MESSAGE][INFO] - Action delay is set to 0 milliseconds

2023-03-09 13:22:45 - [MESSAGE][PASSED] - Browser is opened with url: ''

2023-03-09 13:22:45 - [TEST_STEP][PASSED] - maximizeWindow(): Current window maximized

2023-03-09 13:22:45 - [MESSAGE][PASSED] - Current window maximized

2023-03-09 13:22:45 - [TEST_STEP][PASSED] - i = G_Login: null

2023-03-09 13:22:45 - [TEST_STEP][PASSED] - url = new java.net.URL(i): null

2023-03-09 13:22:45 - [TEST_STEP][PASSED] - println("URL: " + url.toString()): null

2023-03-09 13:22:45 - [TEST_STEP][PASSED] - connection = url.openConnection(): null

2023-03-09 13:22:45 - [TEST_STEP][PASSED] - connection.setRequestMethod("GET"): null

2023-03-09 13:22:45 - [TEST_STEP][PASSED] - connection.setReadTimeout(2 * 1000): null

2023-03-09 13:22:45 - [TEST_STEP][PASSED] - try: null

2023-03-09 13:22:45 - [TEST_STEP][PASSED] - connection.connect(): null

2023-03-09 13:22:45 - [TEST_STEP][PASSED] - flag = connected: null

2023-03-09 13:22:45 - [TEST_STEP][PASSED] - println("Valor_ori: " + flag): null

2023-03-09 13:22:45 - [TEST_STEP][PASSED] - if (flag): null

2023-03-09 13:22:45 - [TEST_STEP][PASSED] - navigateToUrl(i): Navigate to 'http://192.168.2.19:7001/saraweb' successfully

2023-03-09 13:22:46 - [MESSAGE][PASSED] - Navigate to 'http://192.168.2.19:7001/saraweb' successfully

2023-03-09 13:22:46 - [TEST_STEP][PASSED] - a(): null

2023-03-09 13:22:46 - [TEST_STEP][PASSED] - if (waitForElementVisible(findTestObject("3-OBJECTS UTILIDADES/Login/input_USUARIO_loginusuario"), 0)): null

2023-03-09 13:22:47 - [MESSAGE][WARNING] - Timeout '0' is invalid. Using default page load timeout: '37'

2023-03-09 13:22:47 - [MESSAGE][PASSED] - Object 'Object Repository/3-OBJECTS UTILIDADES/Login/input_USUARIO_loginusuario' is visible

2023-03-09 13:22:47 - [TEST_STEP][PASSED] - switchToWindowTitle("SARA"): Switched to window with title: 'SARA'

2023-03-09 13:22:47 - [MESSAGE][PASSED] - Switched to window with title: 'SARA'

2023-03-09 13:22:47 - [TEST_STEP][PASSED] - zoom(): null

2023-03-09 13:22:47 - [TEST_STEP][PASSED] - robot = new java.awt.Robot(): null

2023-03-09 13:22:47 - [TEST_STEP][PASSED] - robot.keyPress(VK_CONTROL): null

2023-03-09 13:22:47 - [TEST_STEP][PASSED] - robot.keyPress(VK_SUBTRACT): null

2023-03-09 13:22:47 - [TEST_STEP][PASSED] - robot.keyRelease(VK_CONTROL): null

2023-03-09 13:22:47 - [TEST_STEP][PASSED] - robot.keyRelease(VK_SUBTRACT): null

2023-03-09 13:22:47 - [TEST_STEP][PASSED] - robot.keyPress(VK_CONTROL): null

2023-03-09 13:22:47 - [TEST_STEP][PASSED] - robot.keyPress(VK_SUBTRACT): null

2023-03-09 13:22:47 - [TEST_STEP][PASSED] - robot.keyRelease(VK_CONTROL): null

2023-03-09 13:22:47 - [TEST_STEP][PASSED] - robot.keyRelease(VK_SUBTRACT): null

2023-03-09 13:22:47 - [TEST_STEP][PASSED] - robot.keyPress(VK_CONTROL): null

2023-03-09 13:22:47 - [TEST_STEP][PASSED] - robot.keyPress(VK_SUBTRACT): null

2023-03-09 13:22:47 - [TEST_STEP][PASSED] - robot.keyRelease(VK_CONTROL): null

2023-03-09 13:22:47 - [TEST_STEP][PASSED] - robot.keyRelease(VK_SUBTRACT): null

2023-03-09 13:22:47 - [TEST_STEP][PASSED] - robot.keyRelease(VK_CONTROL): null

2023-03-09 13:22:47 - [TEST_STEP][PASSED] - robot.keyRelease(VK_SUBTRACT): null

2023-03-09 13:22:47 - [TEST_STEP][PASSED] - setText(findTestObject("3-OBJECTS UTILIDADES/Login/input_USUARIO_loginusuario"), G_Usuario): Text 'weblogic' is set on object 'Object Repository/3-OBJECTS UTILIDADES/Login/input_USUARIO_loginusuario'

2023-03-09 13:22:48 - [MESSAGE][PASSED] - Text 'weblogic' is set on object 'Object Repository/3-OBJECTS UTILIDADES/Login/input_USUARIO_loginusuario'

2023-03-09 13:22:48 - [TEST_STEP][PASSED] - setEncryptedText(findTestObject("3-OBJECTS UTILIDADES/Login/input_CLAVE_loginpassword"), "SlAwMcyRKqrwbnzhAs8HhT6NnI7sEyng"): Text ****** has been set on object 'Object Repository/3-OBJECTS UTILIDADES/Login/input_CLAVE_loginpassword'

2023-03-09 13:22:51 - [MESSAGE][PASSED] - Text ****** has been set on object 'Object Repository/3-OBJECTS UTILIDADES/Login/input_CLAVE_loginpassword'

2023-03-09 13:22:51 - [TEST_STEP][PASSED] - while (waitForElementClickable(findTestObject("3-OBJECTS UTILIDADES/Login/a_Ingresar"), 1)): Web element with id: 'Object Repository/3-OBJECTS UTILIDADES/Login/a_Ingresar' located by '//a[contains(text(),'Ingresar')]' not found

2023-03-09 13:22:54 - [MESSAGE][INFO] - Unable to find the element located by 'By.xpath: //a[contains(text(),'Ingresar')]'. Please recheck the objects properties to make sure the desired element is located. 

2023-03-09 13:22:54 - [MESSAGE][WARNING] - Web element with id: 'Object Repository/3-OBJECTS UTILIDADES/Login/a_Ingresar' located by '//a[contains(text(),'Ingresar')]' not found

2023-03-09 13:22:54 - [MESSAGE][PASSED] - Call Test Case 'Test Cases/0.1-Login' successfully

2023-03-09 13:22:54 - [TEST_STEP][PASSED] - setText(findTestObject("2-OBJECTS TAREAS SECUNDARIAS/Pruebas Vinculación/Elaborar_Contrato/input_Empresa 1_form_templatej_idt24_input"), "Listado Contratacion"): Text 'Listado Contratacion' is set on object 'Object Repository/2-OBJECTS TAREAS SECUNDARIAS/Pruebas Vinculación/Elaborar_Contrato/input_Empresa 1_form_templatej_idt24_input'

2023-03-09 13:22:55 - [MESSAGE][PASSED] - Text 'Listado Contratacion' is set on object 'Object Repository/2-OBJECTS TAREAS SECUNDARIAS/Pruebas Vinculación/Elaborar_Contrato/input_Empresa 1_form_templatej_idt24_input'

2023-03-09 13:22:55 - [TEST_STEP][PASSED] - click(findTestObject("2-OBJECTS TAREAS SECUNDARIAS/Pruebas Vinculación/Elaborar_Contrato/span_Listado Contratacion")): Object: 'Object Repository/2-OBJECTS TAREAS SECUNDARIAS/Pruebas Vinculación/Elaborar_Contrato/span_Listado Contratacion' is clicked on

2023-03-09 13:22:56 - [MESSAGE][PASSED] - Object: 'Object Repository/2-OBJECTS TAREAS SECUNDARIAS/Pruebas Vinculación/Elaborar_Contrato/span_Listado Contratacion' is clicked on

2023-03-09 13:22:56 - [TEST_STEP][PASSED] - if (waitForElementVisible(findTestObject("2-OBJECTS TAREAS SECUNDARIAS/Pruebas Vinculación/Elaborar_Contrato/td_A A A"), 1)): Web element with id: 'Object Repository/2-OBJECTS TAREAS SECUNDARIAS/Pruebas Vinculación/Elaborar_Contrato/td_A A A' located by '//*/text()[normalize-space(.)='A A A']/parent::*' not found

2023-03-09 13:22:58 - [MESSAGE][INFO] - Unable to find the element located by 'By.xpath: //*/text()[normalize-space(.)='A A A']/parent::*'. Please recheck the objects properties to make sure the desired element is located. 

2023-03-09 13:22:58 - [MESSAGE][WARNING] - Web element with id: 'Object Repository/2-OBJECTS TAREAS SECUNDARIAS/Pruebas Vinculación/Elaborar_Contrato/td_A A A' located by '//*/text()[normalize-space(.)='A A A']/parent::*' not found

2023-03-09 13:22:58 - [TEST_STEP][FAILED] - else: Unable to click on object 'Object Repository/2-OBJECTS TAREAS SECUNDARIAS/Pruebas Vinculación/Elaborar_Contrato/td_A A A - 2' (Root cause: com.kms.katalon.core.exception.StepFailedException: Unable to click on object 'Object Repository/2-OBJECTS TAREAS SECUNDARIAS/Pruebas Vinculación/Elaborar_Contrato/td_A A A - 2'
	at com.kms.katalon.core.webui.keyword.internal.WebUIKeywordMain.stepFailed(WebUIKeywordMain.groovy:64)
	at com.kms.katalon.core.webui.keyword.internal.WebUIKeywordMain.runKeyword(WebUIKeywordMain.groovy:26)
	at com.kms.katalon.core.webui.keyword.builtin.ClickKeyword.click(ClickKeyword.groovy:74)
	at com.kms.katalon.core.webui.keyword.builtin.ClickKeyword.execute(ClickKeyword.groovy:40)
	at com.kms.katalon.core.keyword.internal.KeywordExecutor.executeKeywordForPlatform(KeywordExecutor.groovy:74)
	at com.kms.katalon.core.webui.keyword.WebUiBuiltInKeywords.click(WebUiBuiltInKeywords.groovy:620)
	at com.kms.katalon.core.webui.keyword.WebUiBuiltInKeywords$click$9.call(Unknown Source)
	at 7.1.7-Elaborar_Contrato.run(7.1.7-Elaborar_Contrato:85)
	at com.kms.katalon.core.main.ScriptEngine.run(ScriptEngine.java:194)
	at com.kms.katalon.core.main.ScriptEngine.runScriptAsRawText(ScriptEngine.java:119)
	at com.kms.katalon.core.main.TestCaseExecutor.runScript(TestCaseExecutor.java:448)
	at com.kms.katalon.core.main.TestCaseExecutor.doExecute(TestCaseExecutor.java:439)
	at com.kms.katalon.core.main.TestCaseExecutor.processExecutionPhase(TestCaseExecutor.java:418)
	at com.kms.katalon.core.main.TestCaseExecutor.accessMainPhase(TestCaseExecutor.java:410)
	at com.kms.katalon.core.main.TestCaseExecutor.execute(TestCaseExecutor.java:285)
	at com.kms.katalon.core.common.CommonExecutor.accessTestCaseMainPhase(CommonExecutor.java:65)
	at com.kms.katalon.core.main.TestSuiteExecutor.accessTestSuiteMainPhase(TestSuiteExecutor.java:151)
	at com.kms.katalon.core.main.TestSuiteExecutor.execute(TestSuiteExecutor.java:106)
	at com.kms.katalon.core.main.TestCaseMain.startTestSuite(TestCaseMain.java:185)
	at com.kms.katalon.core.main.TestCaseMain$startTestSuite$0.call(Unknown Source)
	at TempTestSuite1678383366099.run(TempTestSuite1678383366099.groovy:36)
Caused by: com.kms.katalon.core.webui.exception.WebElementNotFoundException: Web element with id: 'Object Repository/2-OBJECTS TAREAS SECUNDARIAS/Pruebas Vinculación/Elaborar_Contrato/td_A A A - 2' located by '//*/text()[normalize-space(.)='A A A']/parent::*' not found
	at com.kms.katalon.core.webui.common.WebUiCommonHelper.findWebElement(WebUiCommonHelper.java:1370)
	at com.kms.katalon.core.webui.keyword.internal.WebUIAbstractKeyword.findWebElement(WebUIAbstractKeyword.groovy:27)
	at com.kms.katalon.core.webui.keyword.builtin.ClickKeyword$_click_closure1.doCall(ClickKeyword.groovy:65)
	at com.kms.katalon.core.webui.keyword.builtin.ClickKeyword$_click_closure1.call(ClickKeyword.groovy)
	at com.kms.katalon.core.webui.keyword.internal.WebUIKeywordMain.runKeyword(WebUIKeywordMain.groovy:20)
	at com.kms.katalon.core.webui.keyword.builtin.ClickKeyword.click(ClickKeyword.groovy:74)
	at com.kms.katalon.core.webui.keyword.builtin.ClickKeyword.execute(ClickKeyword.groovy:40)
	at com.kms.katalon.core.keyword.internal.KeywordExecutor.executeKeywordForPlatform(KeywordExecutor.groovy:74)
	at com.kms.katalon.core.webui.keyword.WebUiBuiltInKeywords.click(WebUiBuiltInKeywords.groovy:620)
	at com.kms.katalon.core.webui.keyword.WebUiBuiltInKeywords$click$9.call(Unknown Source)
	at Script1642109773291.run(Script1642109773291.groovy:85)
	... 13 more
)

2023-03-09 13:22:58 - [TEST_STEP][PASSED] - click(findTestObject("2-OBJECTS TAREAS SECUNDARIAS/Pruebas Vinculación/Elaborar_Contrato/a_Nombre Persona_listado_contratacionj_idt68")): Object: 'Object Repository/2-OBJECTS TAREAS SECUNDARIAS/Pruebas Vinculación/Elaborar_Contrato/a_Nombre Persona_listado_contratacionj_idt68' is clicked on

2023-03-09 13:22:59 - [MESSAGE][PASSED] - Object: 'Object Repository/2-OBJECTS TAREAS SECUNDARIAS/Pruebas Vinculación/Elaborar_Contrato/a_Nombre Persona_listado_contratacionj_idt68' is clicked on

2023-03-09 13:22:59 - [TEST_STEP][PASSED] - setText(findTestObject("2-OBJECTS TAREAS SECUNDARIAS/Pruebas Vinculación/Elaborar_Contrato/input_Filtro Hoja de Vida_formPopupHojaVidaj_idt1320"), "A A A"): Text 'A A A' is set on object 'Object Repository/2-OBJECTS TAREAS SECUNDARIAS/Pruebas Vinculación/Elaborar_Contrato/input_Filtro Hoja de Vida_formPopupHojaVidaj_idt1320'

2023-03-09 13:23:00 - [MESSAGE][PASSED] - Text 'A A A' is set on object 'Object Repository/2-OBJECTS TAREAS SECUNDARIAS/Pruebas Vinculación/Elaborar_Contrato/input_Filtro Hoja de Vida_formPopupHojaVidaj_idt1320'

2023-03-09 13:23:00 - [TEST_STEP][PASSED] - sendKeys(findTestObject("2-OBJECTS TAREAS SECUNDARIAS/Pruebas Vinculación/Elaborar_Contrato/input_Filtro Hoja de Vida_formPopupHojaVidaj_idt1320"), Keys.chord(ENTER)): Keys 'ENTER + ' sent to object: 'Object Repository/2-OBJECTS TAREAS SECUNDARIAS/Pruebas Vinculación/Elaborar_Contrato/input_Filtro Hoja de Vida_formPopupHojaVidaj_idt1320'

2023-03-09 13:23:00 - [MESSAGE][PASSED] - Keys 'ENTER + ' sent to object: 'Object Repository/2-OBJECTS TAREAS SECUNDARIAS/Pruebas Vinculación/Elaborar_Contrato/input_Filtro Hoja de Vida_formPopupHojaVidaj_idt1320'

2023-03-09 13:23:00 - [TEST_STEP][FAILED] - click(findTestObject("2-OBJECTS TAREAS SECUNDARIAS/Pruebas Vinculación/Elaborar_Contrato/td_A A A - 2")): Unable to click on object 'Object Repository/2-OBJECTS TAREAS SECUNDARIAS/Pruebas Vinculación/Elaborar_Contrato/td_A A A - 2' (Root cause: com.kms.katalon.core.exception.StepFailedException: Unable to click on object 'Object Repository/2-OBJECTS TAREAS SECUNDARIAS/Pruebas Vinculación/Elaborar_Contrato/td_A A A - 2'
	at com.kms.katalon.core.webui.keyword.internal.WebUIKeywordMain.stepFailed(WebUIKeywordMain.groovy:64)
	at com.kms.katalon.core.webui.keyword.internal.WebUIKeywordMain.runKeyword(WebUIKeywordMain.groovy:26)
	at com.kms.katalon.core.webui.keyword.builtin.ClickKeyword.click(ClickKeyword.groovy:74)
	at com.kms.katalon.core.webui.keyword.builtin.ClickKeyword.execute(ClickKeyword.groovy:40)
	at com.kms.katalon.core.keyword.internal.KeywordExecutor.executeKeywordForPlatform(KeywordExecutor.groovy:74)
	at com.kms.katalon.core.webui.keyword.WebUiBuiltInKeywords.click(WebUiBuiltInKeywords.groovy:620)
	at com.kms.katalon.core.webui.keyword.WebUiBuiltInKeywords$click$9.call(Unknown Source)
	at 7.1.7-Elaborar_Contrato.run(7.1.7-Elaborar_Contrato:85)
	at com.kms.katalon.core.main.ScriptEngine.run(ScriptEngine.java:194)
	at com.kms.katalon.core.main.ScriptEngine.runScriptAsRawText(ScriptEngine.java:119)
	at com.kms.katalon.core.main.TestCaseExecutor.runScript(TestCaseExecutor.java:448)
	at com.kms.katalon.core.main.TestCaseExecutor.doExecute(TestCaseExecutor.java:439)
	at com.kms.katalon.core.main.TestCaseExecutor.processExecutionPhase(TestCaseExecutor.java:418)
	at com.kms.katalon.core.main.TestCaseExecutor.accessMainPhase(TestCaseExecutor.java:410)
	at com.kms.katalon.core.main.TestCaseExecutor.execute(TestCaseExecutor.java:285)
	at com.kms.katalon.core.common.CommonExecutor.accessTestCaseMainPhase(CommonExecutor.java:65)
	at com.kms.katalon.core.main.TestSuiteExecutor.accessTestSuiteMainPhase(TestSuiteExecutor.java:151)
	at com.kms.katalon.core.main.TestSuiteExecutor.execute(TestSuiteExecutor.java:106)
	at com.kms.katalon.core.main.TestCaseMain.startTestSuite(TestCaseMain.java:185)
	at com.kms.katalon.core.main.TestCaseMain$startTestSuite$0.call(Unknown Source)
	at TempTestSuite1678383366099.run(TempTestSuite1678383366099.groovy:36)
Caused by: com.kms.katalon.core.webui.exception.WebElementNotFoundException: Web element with id: 'Object Repository/2-OBJECTS TAREAS SECUNDARIAS/Pruebas Vinculación/Elaborar_Contrato/td_A A A - 2' located by '//*/text()[normalize-space(.)='A A A']/parent::*' not found
	at com.kms.katalon.core.webui.common.WebUiCommonHelper.findWebElement(WebUiCommonHelper.java:1370)
	at com.kms.katalon.core.webui.keyword.internal.WebUIAbstractKeyword.findWebElement(WebUIAbstractKeyword.groovy:27)
	at com.kms.katalon.core.webui.keyword.builtin.ClickKeyword$_click_closure1.doCall(ClickKeyword.groovy:65)
	at com.kms.katalon.core.webui.keyword.builtin.ClickKeyword$_click_closure1.call(ClickKeyword.groovy)
	at com.kms.katalon.core.webui.keyword.internal.WebUIKeywordMain.runKeyword(WebUIKeywordMain.groovy:20)
	at com.kms.katalon.core.webui.keyword.builtin.ClickKeyword.click(ClickKeyword.groovy:74)
	at com.kms.katalon.core.webui.keyword.builtin.ClickKeyword.execute(ClickKeyword.groovy:40)
	at com.kms.katalon.core.keyword.internal.KeywordExecutor.executeKeywordForPlatform(KeywordExecutor.groovy:74)
	at com.kms.katalon.core.webui.keyword.WebUiBuiltInKeywords.click(WebUiBuiltInKeywords.groovy:620)
	at com.kms.katalon.core.webui.keyword.WebUiBuiltInKeywords$click$9.call(Unknown Source)
	at Script1642109773291.run(Script1642109773291.groovy:85)
	... 13 more
)

2023-03-09 13:23:39 - [MESSAGE][INFO] - Unable to find the element located by 'By.xpath: //*/text()[normalize-space(.)='A A A']/parent::*'. Please recheck the objects properties to make sure the desired element is located. 

2023-03-09 13:23:39 - [MESSAGE][FAILED] - Unable to click on object 'Object Repository/2-OBJECTS TAREAS SECUNDARIAS/Pruebas Vinculación/Elaborar_Contrato/td_A A A - 2' (Root cause: com.kms.katalon.core.exception.StepFailedException: Unable to click on object 'Object Repository/2-OBJECTS TAREAS SECUNDARIAS/Pruebas Vinculación/Elaborar_Contrato/td_A A A - 2'
	at com.kms.katalon.core.webui.keyword.internal.WebUIKeywordMain.stepFailed(WebUIKeywordMain.groovy:64)
	at com.kms.katalon.core.webui.keyword.internal.WebUIKeywordMain.runKeyword(WebUIKeywordMain.groovy:26)
	at com.kms.katalon.core.webui.keyword.builtin.ClickKeyword.click(ClickKeyword.groovy:74)
	at com.kms.katalon.core.webui.keyword.builtin.ClickKeyword.execute(ClickKeyword.groovy:40)
	at com.kms.katalon.core.keyword.internal.KeywordExecutor.executeKeywordForPlatform(KeywordExecutor.groovy:74)
	at com.kms.katalon.core.webui.keyword.WebUiBuiltInKeywords.click(WebUiBuiltInKeywords.groovy:620)
	at com.kms.katalon.core.webui.keyword.WebUiBuiltInKeywords$click$9.call(Unknown Source)
	at 7.1.7-Elaborar_Contrato.run(7.1.7-Elaborar_Contrato:85)
	at com.kms.katalon.core.main.ScriptEngine.run(ScriptEngine.java:194)
	at com.kms.katalon.core.main.ScriptEngine.runScriptAsRawText(ScriptEngine.java:119)
	at com.kms.katalon.core.main.TestCaseExecutor.runScript(TestCaseExecutor.java:448)
	at com.kms.katalon.core.main.TestCaseExecutor.doExecute(TestCaseExecutor.java:439)
	at com.kms.katalon.core.main.TestCaseExecutor.processExecutionPhase(TestCaseExecutor.java:418)
	at com.kms.katalon.core.main.TestCaseExecutor.accessMainPhase(TestCaseExecutor.java:410)
	at com.kms.katalon.core.main.TestCaseExecutor.execute(TestCaseExecutor.java:285)
	at com.kms.katalon.core.common.CommonExecutor.accessTestCaseMainPhase(CommonExecutor.java:65)
	at com.kms.katalon.core.main.TestSuiteExecutor.accessTestSuiteMainPhase(TestSuiteExecutor.java:151)
	at com.kms.katalon.core.main.TestSuiteExecutor.execute(TestSuiteExecutor.java:106)
	at com.kms.katalon.core.main.TestCaseMain.startTestSuite(TestCaseMain.java:185)
	at com.kms.katalon.core.main.TestCaseMain$startTestSuite$0.call(Unknown Source)
	at TempTestSuite1678383366099.run(TempTestSuite1678383366099.groovy:36)
Caused by: com.kms.katalon.core.webui.exception.WebElementNotFoundException: Web element with id: 'Object Repository/2-OBJECTS TAREAS SECUNDARIAS/Pruebas Vinculación/Elaborar_Contrato/td_A A A - 2' located by '//*/text()[normalize-space(.)='A A A']/parent::*' not found
	at com.kms.katalon.core.webui.common.WebUiCommonHelper.findWebElement(WebUiCommonHelper.java:1370)
	at com.kms.katalon.core.webui.keyword.internal.WebUIAbstractKeyword.findWebElement(WebUIAbstractKeyword.groovy:27)
	at com.kms.katalon.core.webui.keyword.builtin.ClickKeyword$_click_closure1.doCall(ClickKeyword.groovy:65)
	at com.kms.katalon.core.webui.keyword.builtin.ClickKeyword$_click_closure1.call(ClickKeyword.groovy)
	at com.kms.katalon.core.webui.keyword.internal.WebUIKeywordMain.runKeyword(WebUIKeywordMain.groovy:20)
	at com.kms.katalon.core.webui.keyword.builtin.ClickKeyword.click(ClickKeyword.groovy:74)
	at com.kms.katalon.core.webui.keyword.builtin.ClickKeyword.execute(ClickKeyword.groovy:40)
	at com.kms.katalon.core.keyword.internal.KeywordExecutor.executeKeywordForPlatform(KeywordExecutor.groovy:74)
	at com.kms.katalon.core.webui.keyword.WebUiBuiltInKeywords.click(WebUiBuiltInKeywords.groovy:620)
	at com.kms.katalon.core.webui.keyword.WebUiBuiltInKeywords$click$9.call(Unknown Source)
	at Script1642109773291.run(Script1642109773291.groovy:85)
	... 13 more
)
[[ATTACHMENT|C:\\Users\\diego.rojas\\git\\Pruebas-Minimas\\Reports\\20230309_123606\\Test_Suite_Secundaria\\1-Tareas_secundarias\\20230309_123606\\1678386219222.png]]]]></system-out>
         <system-err><![CDATA[2023-03-09 13:22:42 - [TEST_CASE][FAILED] - Test Cases/1.2-Tareas_Secundarias/7.1-Pruebas_Vinculación/7.1.7-Elaborar_Contrato: Test Cases/1.2-Tareas_Secundarias/7.1-Pruebas_Vinculación/7.1.7-Elaborar_Contrato FAILED.
Reason:
com.kms.katalon.core.exception.StepFailedException: Unable to click on object 'Object Repository/2-OBJECTS TAREAS SECUNDARIAS/Pruebas Vinculación/Elaborar_Contrato/td_A A A - 2'
	at com.kms.katalon.core.webui.keyword.internal.WebUIKeywordMain.stepFailed(WebUIKeywordMain.groovy:64)
	at com.kms.katalon.core.webui.keyword.internal.WebUIKeywordMain.runKeyword(WebUIKeywordMain.groovy:26)
	at com.kms.katalon.core.webui.keyword.builtin.ClickKeyword.click(ClickKeyword.groovy:74)
	at com.kms.katalon.core.webui.keyword.builtin.ClickKeyword.execute(ClickKeyword.groovy:40)
	at com.kms.katalon.core.keyword.internal.KeywordExecutor.executeKeywordForPlatform(KeywordExecutor.groovy:74)
	at com.kms.katalon.core.webui.keyword.WebUiBuiltInKeywords.click(WebUiBuiltInKeywords.groovy:620)
	at com.kms.katalon.core.webui.keyword.WebUiBuiltInKeywords$click$9.call(Unknown Source)
	at 7.1.7-Elaborar_Contrato.run(7.1.7-Elaborar_Contrato:85)
	at com.kms.katalon.core.main.ScriptEngine.run(ScriptEngine.java:194)
	at com.kms.katalon.core.main.ScriptEngine.runScriptAsRawText(ScriptEngine.java:119)
	at com.kms.katalon.core.main.TestCaseExecutor.runScript(TestCaseExecutor.java:448)
	at com.kms.katalon.core.main.TestCaseExecutor.doExecute(TestCaseExecutor.java:439)
	at com.kms.katalon.core.main.TestCaseExecutor.processExecutionPhase(TestCaseExecutor.java:418)
	at com.kms.katalon.core.main.TestCaseExecutor.accessMainPhase(TestCaseExecutor.java:410)
	at com.kms.katalon.core.main.TestCaseExecutor.execute(TestCaseExecutor.java:285)
	at com.kms.katalon.core.common.CommonExecutor.accessTestCaseMainPhase(CommonExecutor.java:65)
	at com.kms.katalon.core.main.TestSuiteExecutor.accessTestSuiteMainPhase(TestSuiteExecutor.java:151)
	at com.kms.katalon.core.main.TestSuiteExecutor.execute(TestSuiteExecutor.java:106)
	at com.kms.katalon.core.main.TestCaseMain.startTestSuite(TestCaseMain.java:185)
	at com.kms.katalon.core.main.TestCaseMain$startTestSuite$0.call(Unknown Source)
	at TempTestSuite1678383366099.run(TempTestSuite1678383366099.groovy:36)
Caused by: com.kms.katalon.core.webui.exception.WebElementNotFoundException: Web element with id: 'Object Repository/2-OBJECTS TAREAS SECUNDARIAS/Pruebas Vinculación/Elaborar_Contrato/td_A A A - 2' located by '//*/text()[normalize-space(.)='A A A']/parent::*' not found
	at com.kms.katalon.core.webui.common.WebUiCommonHelper.findWebElement(WebUiCommonHelper.java:1370)
	at com.kms.katalon.core.webui.keyword.internal.WebUIAbstractKeyword.findWebElement(WebUIAbstractKeyword.groovy:27)
	at com.kms.katalon.core.webui.keyword.builtin.ClickKeyword$_click_closure1.doCall(ClickKeyword.groovy:65)
	at com.kms.katalon.core.webui.keyword.builtin.ClickKeyword$_click_closure1.call(ClickKeyword.groovy)
	at com.kms.katalon.core.webui.keyword.internal.WebUIKeywordMain.runKeyword(WebUIKeywordMain.groovy:20)
	... 19 more]]></system-err>
      </testcase>
      <testcase name="Test Cases/1.2-Tareas_Secundarias/7.1-Pruebas_Vinculación/7.1.8-Cerrar_Proceso_de_Contratación" time="14.433" classname="Test Cases/1.2-Tareas_Secundarias/7.1-Pruebas_Vinculación/7.1.8-Cerrar_Proceso_de_Contratación" status="PASSED">
         <system-out><![CDATA[2023-03-09 13:23:39 - [TEST_CASE][PASSED] - Test Cases/1.2-Tareas_Secundarias/7.1-Pruebas_Vinculación/7.1.8-Cerrar_Proceso_de_Contratación: Test Cases/1.2-Tareas_Secundarias/7.1-Pruebas_Vinculación/7.1.8-Cerrar_Proceso_de_Contratación

2023-03-09 13:23:39 - [TEST_STEP][PASSED] - callTestCase(findTestCase("0.1-Login"), [:], STOP_ON_FAILURE): Call Test Case 'Test Cases/0.1-Login' successfully

2023-03-09 13:23:39 - [TEST_CASE][PASSED] - Test Cases/0.1-Login: Test Cases/0.1-Login

2023-03-09 13:23:39 - [TEST_STEP][PASSED] - openBrowser(""): Browser is opened with url: ''

2023-03-09 13:23:39 - [MESSAGE][WARNING] - A browser is already opened. Closing browser and opening a new one

2023-03-09 13:23:40 - [MESSAGE][INFO] - Starting 'Chrome' driver

2023-03-09 13:23:40 - [MESSAGE][INFO] - Action delay is set to 0 milliseconds

2023-03-09 13:23:41 - [MESSAGE][PASSED] - Browser is opened with url: ''

2023-03-09 13:23:41 - [TEST_STEP][PASSED] - maximizeWindow(): Current window maximized

2023-03-09 13:23:41 - [MESSAGE][PASSED] - Current window maximized

2023-03-09 13:23:41 - [TEST_STEP][PASSED] - i = G_Login: null

2023-03-09 13:23:41 - [TEST_STEP][PASSED] - url = new java.net.URL(i): null

2023-03-09 13:23:41 - [TEST_STEP][PASSED] - println("URL: " + url.toString()): null

2023-03-09 13:23:41 - [TEST_STEP][PASSED] - connection = url.openConnection(): null

2023-03-09 13:23:41 - [TEST_STEP][PASSED] - connection.setRequestMethod("GET"): null

2023-03-09 13:23:41 - [TEST_STEP][PASSED] - connection.setReadTimeout(2 * 1000): null

2023-03-09 13:23:41 - [TEST_STEP][PASSED] - try: null

2023-03-09 13:23:41 - [TEST_STEP][PASSED] - connection.connect(): null

2023-03-09 13:23:41 - [TEST_STEP][PASSED] - flag = connected: null

2023-03-09 13:23:41 - [TEST_STEP][PASSED] - println("Valor_ori: " + flag): null

2023-03-09 13:23:41 - [TEST_STEP][PASSED] - if (flag): null

2023-03-09 13:23:41 - [TEST_STEP][PASSED] - navigateToUrl(i): Navigate to 'http://192.168.2.19:7001/saraweb' successfully

2023-03-09 13:23:44 - [MESSAGE][PASSED] - Navigate to 'http://192.168.2.19:7001/saraweb' successfully

2023-03-09 13:23:44 - [TEST_STEP][PASSED] - a(): null

2023-03-09 13:23:44 - [TEST_STEP][PASSED] - if (waitForElementVisible(findTestObject("3-OBJECTS UTILIDADES/Login/input_USUARIO_loginusuario"), 0)): null

2023-03-09 13:23:44 - [MESSAGE][WARNING] - Timeout '0' is invalid. Using default page load timeout: '37'

2023-03-09 13:23:44 - [MESSAGE][PASSED] - Object 'Object Repository/3-OBJECTS UTILIDADES/Login/input_USUARIO_loginusuario' is visible

2023-03-09 13:23:44 - [TEST_STEP][PASSED] - switchToWindowTitle("SARA"): Switched to window with title: 'SARA'

2023-03-09 13:23:44 - [MESSAGE][PASSED] - Switched to window with title: 'SARA'

2023-03-09 13:23:44 - [TEST_STEP][PASSED] - zoom(): null

2023-03-09 13:23:44 - [TEST_STEP][PASSED] - robot = new java.awt.Robot(): null

2023-03-09 13:23:44 - [TEST_STEP][PASSED] - robot.keyPress(VK_CONTROL): null

2023-03-09 13:23:44 - [TEST_STEP][PASSED] - robot.keyPress(VK_SUBTRACT): null

2023-03-09 13:23:44 - [TEST_STEP][PASSED] - robot.keyRelease(VK_CONTROL): null

2023-03-09 13:23:44 - [TEST_STEP][PASSED] - robot.keyRelease(VK_SUBTRACT): null

2023-03-09 13:23:44 - [TEST_STEP][PASSED] - robot.keyPress(VK_CONTROL): null

2023-03-09 13:23:44 - [TEST_STEP][PASSED] - robot.keyPress(VK_SUBTRACT): null

2023-03-09 13:23:44 - [TEST_STEP][PASSED] - robot.keyRelease(VK_CONTROL): null

2023-03-09 13:23:44 - [TEST_STEP][PASSED] - robot.keyRelease(VK_SUBTRACT): null

2023-03-09 13:23:44 - [TEST_STEP][PASSED] - robot.keyPress(VK_CONTROL): null

2023-03-09 13:23:44 - [TEST_STEP][PASSED] - robot.keyPress(VK_SUBTRACT): null

2023-03-09 13:23:44 - [TEST_STEP][PASSED] - robot.keyRelease(VK_CONTROL): null

2023-03-09 13:23:44 - [TEST_STEP][PASSED] - robot.keyRelease(VK_SUBTRACT): null

2023-03-09 13:23:44 - [TEST_STEP][PASSED] - robot.keyRelease(VK_CONTROL): null

2023-03-09 13:23:44 - [TEST_STEP][PASSED] - robot.keyRelease(VK_SUBTRACT): null

2023-03-09 13:23:44 - [TEST_STEP][PASSED] - setText(findTestObject("3-OBJECTS UTILIDADES/Login/input_USUARIO_loginusuario"), G_Usuario): Text 'weblogic' is set on object 'Object Repository/3-OBJECTS UTILIDADES/Login/input_USUARIO_loginusuario'

2023-03-09 13:23:45 - [MESSAGE][PASSED] - Text 'weblogic' is set on object 'Object Repository/3-OBJECTS UTILIDADES/Login/input_USUARIO_loginusuario'

2023-03-09 13:23:45 - [TEST_STEP][PASSED] - setEncryptedText(findTestObject("3-OBJECTS UTILIDADES/Login/input_CLAVE_loginpassword"), "SlAwMcyRKqrwbnzhAs8HhT6NnI7sEyng"): Text ****** has been set on object 'Object Repository/3-OBJECTS UTILIDADES/Login/input_CLAVE_loginpassword'

2023-03-09 13:23:49 - [MESSAGE][PASSED] - Text ****** has been set on object 'Object Repository/3-OBJECTS UTILIDADES/Login/input_CLAVE_loginpassword'

2023-03-09 13:23:49 - [TEST_STEP][PASSED] - while (waitForElementClickable(findTestObject("3-OBJECTS UTILIDADES/Login/a_Ingresar"), 1)): Web element with id: 'Object Repository/3-OBJECTS UTILIDADES/Login/a_Ingresar' located by '//a[contains(text(),'Ingresar')]' not found

2023-03-09 13:23:51 - [MESSAGE][INFO] - Unable to find the element located by 'By.xpath: //a[contains(text(),'Ingresar')]'. Please recheck the objects properties to make sure the desired element is located. 

2023-03-09 13:23:51 - [MESSAGE][WARNING] - Web element with id: 'Object Repository/3-OBJECTS UTILIDADES/Login/a_Ingresar' located by '//a[contains(text(),'Ingresar')]' not found

2023-03-09 13:23:51 - [MESSAGE][PASSED] - Call Test Case 'Test Cases/0.1-Login' successfully

2023-03-09 13:23:51 - [TEST_STEP][PASSED] - setText(findTestObject("2-OBJECTS TAREAS SECUNDARIAS/Pruebas Vinculación/Cerrar_Proceso_de_Contratación/input_Empresa 1_form_templatej_idt24_input"), "Listado contratacion"): Text 'Listado contratacion' is set on object 'Object Repository/2-OBJECTS TAREAS SECUNDARIAS/Pruebas Vinculación/Cerrar_Proceso_de_Contratación/input_Empresa 1_form_templatej_idt24_input'

2023-03-09 13:23:52 - [MESSAGE][PASSED] - Text 'Listado contratacion' is set on object 'Object Repository/2-OBJECTS TAREAS SECUNDARIAS/Pruebas Vinculación/Cerrar_Proceso_de_Contratación/input_Empresa 1_form_templatej_idt24_input'

2023-03-09 13:23:52 - [TEST_STEP][PASSED] - click(findTestObject("2-OBJECTS TAREAS SECUNDARIAS/Pruebas Vinculación/Cerrar_Proceso_de_Contratación/li_Listado Contratacion (tal)")): Object: 'Object Repository/2-OBJECTS TAREAS SECUNDARIAS/Pruebas Vinculación/Cerrar_Proceso_de_Contratación/li_Listado Contratacion (tal)' is clicked on

2023-03-09 13:23:53 - [MESSAGE][PASSED] - Object: 'Object Repository/2-OBJECTS TAREAS SECUNDARIAS/Pruebas Vinculación/Cerrar_Proceso_de_Contratación/li_Listado Contratacion (tal)' is clicked on

2023-03-09 13:23:53 - [TEST_STEP][PASSED] - comment("NO SE ESPECIFICA LA TAREA"): NO SE ESPECIFICA LA TAREA

2023-03-09 13:23:53 - [MESSAGE][INFO] - NO SE ESPECIFICA LA TAREA]]></system-out>
         <system-err><![CDATA[]]></system-err>
      </testcase>
      <testcase name="Test Cases/1.2-Tareas_Secundarias/8.1-Pruebas_Auditoria/8.1.1-Seguimiento_a_objeto_Succeso_Adicion" time="24.901" classname="Test Cases/1.2-Tareas_Secundarias/8.1-Pruebas_Auditoria/8.1.1-Seguimiento_a_objeto_Succeso_Adicion" status="PASSED">
         <system-out><![CDATA[2023-03-09 13:23:53 - [TEST_CASE][PASSED] - Test Cases/1.2-Tareas_Secundarias/8.1-Pruebas_Auditoria/8.1.1-Seguimiento_a_objeto_Succeso_Adicion: Test Cases/1.2-Tareas_Secundarias/8.1-Pruebas_Auditoria/8.1.1-Seguimiento_a_objeto_Succeso_Adicion

2023-03-09 13:23:54 - [TEST_STEP][PASSED] - callTestCase(findTestCase("Utilidades-(atajos_para _tareas)/Modulos/Modulo Auditoria"), [:], STOP_ON_FAILURE): Call Test Case 'Test Cases/Utilidades-(atajos_para _tareas)/Modulos/Modulo Auditoria' successfully

2023-03-09 13:23:54 - [TEST_CASE][PASSED] - Test Cases/Utilidades-(atajos_para _tareas)/Modulos/Modulo Auditoria: Test Cases/Utilidades-(atajos_para _tareas)/Modulos/Modulo Auditoria

2023-03-09 13:23:54 - [TEST_STEP][PASSED] - callTestCase(findTestCase("0.1-Login"), [:], STOP_ON_FAILURE): Call Test Case 'Test Cases/0.1-Login' successfully

2023-03-09 13:23:54 - [TEST_CASE][PASSED] - Test Cases/0.1-Login: Test Cases/0.1-Login

2023-03-09 13:23:54 - [TEST_STEP][PASSED] - openBrowser(""): Browser is opened with url: ''

2023-03-09 13:23:54 - [MESSAGE][WARNING] - A browser is already opened. Closing browser and opening a new one

2023-03-09 13:23:55 - [MESSAGE][INFO] - Starting 'Chrome' driver

2023-03-09 13:23:55 - [MESSAGE][INFO] - Action delay is set to 0 milliseconds

2023-03-09 13:23:56 - [MESSAGE][PASSED] - Browser is opened with url: ''

2023-03-09 13:23:56 - [TEST_STEP][PASSED] - maximizeWindow(): Current window maximized

2023-03-09 13:23:56 - [MESSAGE][PASSED] - Current window maximized

2023-03-09 13:23:56 - [TEST_STEP][PASSED] - i = G_Login: null

2023-03-09 13:23:56 - [TEST_STEP][PASSED] - url = new java.net.URL(i): null

2023-03-09 13:23:56 - [TEST_STEP][PASSED] - println("URL: " + url.toString()): null

2023-03-09 13:23:56 - [TEST_STEP][PASSED] - connection = url.openConnection(): null

2023-03-09 13:23:56 - [TEST_STEP][PASSED] - connection.setRequestMethod("GET"): null

2023-03-09 13:23:56 - [TEST_STEP][PASSED] - connection.setReadTimeout(2 * 1000): null

2023-03-09 13:23:56 - [TEST_STEP][PASSED] - try: null

2023-03-09 13:23:56 - [TEST_STEP][PASSED] - connection.connect(): null

2023-03-09 13:23:56 - [TEST_STEP][PASSED] - flag = connected: null

2023-03-09 13:23:56 - [TEST_STEP][PASSED] - println("Valor_ori: " + flag): null

2023-03-09 13:23:56 - [TEST_STEP][PASSED] - if (flag): null

2023-03-09 13:23:56 - [TEST_STEP][PASSED] - navigateToUrl(i): Navigate to 'http://192.168.2.19:7001/saraweb' successfully

2023-03-09 13:23:58 - [MESSAGE][PASSED] - Navigate to 'http://192.168.2.19:7001/saraweb' successfully

2023-03-09 13:23:58 - [TEST_STEP][PASSED] - a(): null

2023-03-09 13:23:58 - [TEST_STEP][PASSED] - if (waitForElementVisible(findTestObject("3-OBJECTS UTILIDADES/Login/input_USUARIO_loginusuario"), 0)): null

2023-03-09 13:23:58 - [MESSAGE][WARNING] - Timeout '0' is invalid. Using default page load timeout: '37'

2023-03-09 13:23:58 - [MESSAGE][PASSED] - Object 'Object Repository/3-OBJECTS UTILIDADES/Login/input_USUARIO_loginusuario' is visible

2023-03-09 13:23:58 - [TEST_STEP][PASSED] - switchToWindowTitle("SARA"): Switched to window with title: 'SARA'

2023-03-09 13:23:58 - [MESSAGE][PASSED] - Switched to window with title: 'SARA'

2023-03-09 13:23:58 - [TEST_STEP][PASSED] - zoom(): null

2023-03-09 13:23:58 - [TEST_STEP][PASSED] - robot = new java.awt.Robot(): null

2023-03-09 13:23:58 - [TEST_STEP][PASSED] - robot.keyPress(VK_CONTROL): null

2023-03-09 13:23:58 - [TEST_STEP][PASSED] - robot.keyPress(VK_SUBTRACT): null

2023-03-09 13:23:58 - [TEST_STEP][PASSED] - robot.keyRelease(VK_CONTROL): null

2023-03-09 13:23:58 - [TEST_STEP][PASSED] - robot.keyRelease(VK_SUBTRACT): null

2023-03-09 13:23:58 - [TEST_STEP][PASSED] - robot.keyPress(VK_CONTROL): null

2023-03-09 13:23:58 - [TEST_STEP][PASSED] - robot.keyPress(VK_SUBTRACT): null

2023-03-09 13:23:58 - [TEST_STEP][PASSED] - robot.keyRelease(VK_CONTROL): null

2023-03-09 13:23:58 - [TEST_STEP][PASSED] - robot.keyRelease(VK_SUBTRACT): null

2023-03-09 13:23:58 - [TEST_STEP][PASSED] - robot.keyPress(VK_CONTROL): null

2023-03-09 13:23:58 - [TEST_STEP][PASSED] - robot.keyPress(VK_SUBTRACT): null

2023-03-09 13:23:58 - [TEST_STEP][PASSED] - robot.keyRelease(VK_CONTROL): null

2023-03-09 13:23:58 - [TEST_STEP][PASSED] - robot.keyRelease(VK_SUBTRACT): null

2023-03-09 13:23:58 - [TEST_STEP][PASSED] - robot.keyRelease(VK_CONTROL): null

2023-03-09 13:23:58 - [TEST_STEP][PASSED] - robot.keyRelease(VK_SUBTRACT): null

2023-03-09 13:23:58 - [TEST_STEP][PASSED] - setText(findTestObject("3-OBJECTS UTILIDADES/Login/input_USUARIO_loginusuario"), G_Usuario): Text 'weblogic' is set on object 'Object Repository/3-OBJECTS UTILIDADES/Login/input_USUARIO_loginusuario'

2023-03-09 13:23:59 - [MESSAGE][PASSED] - Text 'weblogic' is set on object 'Object Repository/3-OBJECTS UTILIDADES/Login/input_USUARIO_loginusuario'

2023-03-09 13:23:59 - [TEST_STEP][PASSED] - setEncryptedText(findTestObject("3-OBJECTS UTILIDADES/Login/input_CLAVE_loginpassword"), "SlAwMcyRKqrwbnzhAs8HhT6NnI7sEyng"): Text ****** has been set on object 'Object Repository/3-OBJECTS UTILIDADES/Login/input_CLAVE_loginpassword'

2023-03-09 13:24:03 - [MESSAGE][PASSED] - Text ****** has been set on object 'Object Repository/3-OBJECTS UTILIDADES/Login/input_CLAVE_loginpassword'

2023-03-09 13:24:03 - [TEST_STEP][PASSED] - while (waitForElementClickable(findTestObject("3-OBJECTS UTILIDADES/Login/a_Ingresar"), 1)): Web element with id: 'Object Repository/3-OBJECTS UTILIDADES/Login/a_Ingresar' located by '//a[contains(text(),'Ingresar')]' not found

2023-03-09 13:24:05 - [MESSAGE][INFO] - Unable to find the element located by 'By.xpath: //a[contains(text(),'Ingresar')]'. Please recheck the objects properties to make sure the desired element is located. 

2023-03-09 13:24:05 - [MESSAGE][WARNING] - Web element with id: 'Object Repository/3-OBJECTS UTILIDADES/Login/a_Ingresar' located by '//a[contains(text(),'Ingresar')]' not found

2023-03-09 13:24:05 - [MESSAGE][PASSED] - Call Test Case 'Test Cases/0.1-Login' successfully

2023-03-09 13:24:05 - [TEST_STEP][PASSED] - setText(findTestObject("3-OBJECTS UTILIDADES/Modulo Auditoria/input_Empresa 1_form_templatej_idt24_input"), "Auditoria"): Text 'Auditoria' is set on object 'Object Repository/3-OBJECTS UTILIDADES/Modulo Auditoria/input_Empresa 1_form_templatej_idt24_input'

2023-03-09 13:24:06 - [MESSAGE][PASSED] - Text 'Auditoria' is set on object 'Object Repository/3-OBJECTS UTILIDADES/Modulo Auditoria/input_Empresa 1_form_templatej_idt24_input'

2023-03-09 13:24:06 - [TEST_STEP][PASSED] - click(findTestObject("3-OBJECTS UTILIDADES/Modulo Auditoria/li_Auditoria (com)")): Object: 'Object Repository/3-OBJECTS UTILIDADES/Modulo Auditoria/li_Auditoria (com)' is clicked on

2023-03-09 13:24:07 - [MESSAGE][PASSED] - Object: 'Object Repository/3-OBJECTS UTILIDADES/Modulo Auditoria/li_Auditoria (com)' is clicked on

2023-03-09 13:24:07 - [MESSAGE][PASSED] - Call Test Case 'Test Cases/Utilidades-(atajos_para _tareas)/Modulos/Modulo Auditoria' successfully

2023-03-09 13:24:07 - [TEST_STEP][PASSED] - click(findTestObject("2-OBJECTS TAREAS SECUNDARIAS/Pruebas Auditoria/Seguimiento_a_objeto_Succeso_Adicion/a_Suceso Adicion")): Object: 'Object Repository/2-OBJECTS TAREAS SECUNDARIAS/Pruebas Auditoria/Seguimiento_a_objeto_Succeso_Adicion/a_Suceso Adicion' is clicked on

2023-03-09 13:24:10 - [MESSAGE][PASSED] - Object: 'Object Repository/2-OBJECTS TAREAS SECUNDARIAS/Pruebas Auditoria/Seguimiento_a_objeto_Succeso_Adicion/a_Suceso Adicion' is clicked on

2023-03-09 13:24:10 - [TEST_STEP][PASSED] - click(findTestObject("2-OBJECTS TAREAS SECUNDARIAS/Pruebas Auditoria/Seguimiento_a_objeto_Succeso_Adicion/td_concepto_con")): Object: 'Object Repository/2-OBJECTS TAREAS SECUNDARIAS/Pruebas Auditoria/Seguimiento_a_objeto_Succeso_Adicion/td_concepto_con' is clicked on

2023-03-09 13:24:10 - [MESSAGE][PASSED] - Object: 'Object Repository/2-OBJECTS TAREAS SECUNDARIAS/Pruebas Auditoria/Seguimiento_a_objeto_Succeso_Adicion/td_concepto_con' is clicked on

2023-03-09 13:24:10 - [TEST_STEP][PASSED] - click(findTestObject("2-OBJECTS TAREAS SECUNDARIAS/Pruebas Auditoria/Seguimiento_a_objeto_Succeso_Adicion/a_Aplicar")): Object: 'Object Repository/2-OBJECTS TAREAS SECUNDARIAS/Pruebas Auditoria/Seguimiento_a_objeto_Succeso_Adicion/a_Aplicar' is clicked on

2023-03-09 13:24:13 - [MESSAGE][PASSED] - Object: 'Object Repository/2-OBJECTS TAREAS SECUNDARIAS/Pruebas Auditoria/Seguimiento_a_objeto_Succeso_Adicion/a_Aplicar' is clicked on

2023-03-09 13:24:13 - [TEST_STEP][PASSED] - codigo = getText(findTestObject("2-OBJECTS TAREAS SECUNDARIAS/Pruebas Auditoria/Seguimiento_a_objeto_Succeso_Adicion/td_123456")): Text of object 'Object Repository/2-OBJECTS TAREAS SECUNDARIAS/Pruebas Auditoria/Seguimiento_a_objeto_Succeso_Adicion/td_123456' is: '123456'

2023-03-09 13:24:13 - [MESSAGE][PASSED] - Text of object 'Object Repository/2-OBJECTS TAREAS SECUNDARIAS/Pruebas Auditoria/Seguimiento_a_objeto_Succeso_Adicion/td_123456' is: '123456'

2023-03-09 13:24:13 - [TEST_STEP][PASSED] - setText(findTestObject("2-OBJECTS TAREAS SECUNDARIAS/Pruebas Auditoria/Seguimiento_a_objeto_Succeso_Adicion/input_codigo_form_sucesoadiciontablaFiltros0j_idt234"), codigo): Text '123456' is set on object 'Object Repository/2-OBJECTS TAREAS SECUNDARIAS/Pruebas Auditoria/Seguimiento_a_objeto_Succeso_Adicion/input_codigo_form_sucesoadiciontablaFiltros0j_idt234'

2023-03-09 13:24:14 - [MESSAGE][PASSED] - Text '123456' is set on object 'Object Repository/2-OBJECTS TAREAS SECUNDARIAS/Pruebas Auditoria/Seguimiento_a_objeto_Succeso_Adicion/input_codigo_form_sucesoadiciontablaFiltros0j_idt234'

2023-03-09 13:24:14 - [TEST_STEP][PASSED] - click(findTestObject("2-OBJECTS TAREAS SECUNDARIAS/Pruebas Auditoria/Seguimiento_a_objeto_Succeso_Adicion/a_Aplicar")): Object: 'Object Repository/2-OBJECTS TAREAS SECUNDARIAS/Pruebas Auditoria/Seguimiento_a_objeto_Succeso_Adicion/a_Aplicar' is clicked on

2023-03-09 13:24:17 - [MESSAGE][PASSED] - Object: 'Object Repository/2-OBJECTS TAREAS SECUNDARIAS/Pruebas Auditoria/Seguimiento_a_objeto_Succeso_Adicion/a_Aplicar' is clicked on

2023-03-09 13:24:17 - [TEST_STEP][PASSED] - codigoR = getText(findTestObject("2-OBJECTS TAREAS SECUNDARIAS/Pruebas Auditoria/Seguimiento_a_objeto_Succeso_Adicion/td_123456")): Text of object 'Object Repository/2-OBJECTS TAREAS SECUNDARIAS/Pruebas Auditoria/Seguimiento_a_objeto_Succeso_Adicion/td_123456' is: '123456'

2023-03-09 13:24:17 - [MESSAGE][PASSED] - Text of object 'Object Repository/2-OBJECTS TAREAS SECUNDARIAS/Pruebas Auditoria/Seguimiento_a_objeto_Succeso_Adicion/td_123456' is: '123456'

2023-03-09 13:24:17 - [TEST_STEP][PASSED] - if (codigo == codigoR): Browser is closed

2023-03-09 13:24:17 - [TEST_STEP][PASSED] - Resultado = "PRUEBA OK": null

2023-03-09 13:24:17 - [TEST_STEP][PASSED] - closeBrowser(): Browser is closed

2023-03-09 13:24:18 - [MESSAGE][PASSED] - Browser is closed]]></system-out>
         <system-err><![CDATA[]]></system-err>
      </testcase>
      <testcase name="Test Cases/1.2-Tareas_Secundarias/8.1-Pruebas_Auditoria/8.1.2-Seguimiento_a_objeto_Succeso_Actualización" time="19.947" classname="Test Cases/1.2-Tareas_Secundarias/8.1-Pruebas_Auditoria/8.1.2-Seguimiento_a_objeto_Succeso_Actualización" status="PASSED">
         <system-out><![CDATA[2023-03-09 13:24:18 - [TEST_CASE][PASSED] - Test Cases/1.2-Tareas_Secundarias/8.1-Pruebas_Auditoria/8.1.2-Seguimiento_a_objeto_Succeso_Actualización: Test Cases/1.2-Tareas_Secundarias/8.1-Pruebas_Auditoria/8.1.2-Seguimiento_a_objeto_Succeso_Actualización

2023-03-09 13:24:19 - [TEST_STEP][PASSED] - callTestCase(findTestCase("Utilidades-(atajos_para _tareas)/Modulos/Modulo Auditoria"), [:], STOP_ON_FAILURE): Call Test Case 'Test Cases/Utilidades-(atajos_para _tareas)/Modulos/Modulo Auditoria' successfully

2023-03-09 13:24:19 - [TEST_CASE][PASSED] - Test Cases/Utilidades-(atajos_para _tareas)/Modulos/Modulo Auditoria: Test Cases/Utilidades-(atajos_para _tareas)/Modulos/Modulo Auditoria

2023-03-09 13:24:19 - [TEST_STEP][PASSED] - callTestCase(findTestCase("0.1-Login"), [:], STOP_ON_FAILURE): Call Test Case 'Test Cases/0.1-Login' successfully

2023-03-09 13:24:19 - [TEST_CASE][PASSED] - Test Cases/0.1-Login: Test Cases/0.1-Login

2023-03-09 13:24:19 - [TEST_STEP][PASSED] - openBrowser(""): Browser is opened with url: ''

2023-03-09 13:24:19 - [MESSAGE][INFO] - Starting 'Chrome' driver

2023-03-09 13:24:19 - [MESSAGE][INFO] - Action delay is set to 0 milliseconds

2023-03-09 13:24:20 - [MESSAGE][PASSED] - Browser is opened with url: ''

2023-03-09 13:24:20 - [TEST_STEP][PASSED] - maximizeWindow(): Current window maximized

2023-03-09 13:24:20 - [MESSAGE][PASSED] - Current window maximized

2023-03-09 13:24:20 - [TEST_STEP][PASSED] - i = G_Login: null

2023-03-09 13:24:20 - [TEST_STEP][PASSED] - url = new java.net.URL(i): null

2023-03-09 13:24:20 - [TEST_STEP][PASSED] - println("URL: " + url.toString()): null

2023-03-09 13:24:20 - [TEST_STEP][PASSED] - connection = url.openConnection(): null

2023-03-09 13:24:20 - [TEST_STEP][PASSED] - connection.setRequestMethod("GET"): null

2023-03-09 13:24:20 - [TEST_STEP][PASSED] - connection.setReadTimeout(2 * 1000): null

2023-03-09 13:24:20 - [TEST_STEP][PASSED] - try: null

2023-03-09 13:24:20 - [TEST_STEP][PASSED] - connection.connect(): null

2023-03-09 13:24:20 - [TEST_STEP][PASSED] - flag = connected: null

2023-03-09 13:24:20 - [TEST_STEP][PASSED] - println("Valor_ori: " + flag): null

2023-03-09 13:24:20 - [TEST_STEP][PASSED] - if (flag): null

2023-03-09 13:24:20 - [TEST_STEP][PASSED] - navigateToUrl(i): Navigate to 'http://192.168.2.19:7001/saraweb' successfully

2023-03-09 13:24:22 - [MESSAGE][PASSED] - Navigate to 'http://192.168.2.19:7001/saraweb' successfully

2023-03-09 13:24:22 - [TEST_STEP][PASSED] - a(): null

2023-03-09 13:24:22 - [TEST_STEP][PASSED] - if (waitForElementVisible(findTestObject("3-OBJECTS UTILIDADES/Login/input_USUARIO_loginusuario"), 0)): null

2023-03-09 13:24:22 - [MESSAGE][WARNING] - Timeout '0' is invalid. Using default page load timeout: '37'

2023-03-09 13:24:23 - [MESSAGE][PASSED] - Object 'Object Repository/3-OBJECTS UTILIDADES/Login/input_USUARIO_loginusuario' is visible

2023-03-09 13:24:23 - [TEST_STEP][PASSED] - switchToWindowTitle("SARA"): Switched to window with title: 'SARA'

2023-03-09 13:24:23 - [MESSAGE][PASSED] - Switched to window with title: 'SARA'

2023-03-09 13:24:23 - [TEST_STEP][PASSED] - zoom(): null

2023-03-09 13:24:23 - [TEST_STEP][PASSED] - robot = new java.awt.Robot(): null

2023-03-09 13:24:23 - [TEST_STEP][PASSED] - robot.keyPress(VK_CONTROL): null

2023-03-09 13:24:23 - [TEST_STEP][PASSED] - robot.keyPress(VK_SUBTRACT): null

2023-03-09 13:24:23 - [TEST_STEP][PASSED] - robot.keyRelease(VK_CONTROL): null

2023-03-09 13:24:23 - [TEST_STEP][PASSED] - robot.keyRelease(VK_SUBTRACT): null

2023-03-09 13:24:23 - [TEST_STEP][PASSED] - robot.keyPress(VK_CONTROL): null

2023-03-09 13:24:23 - [TEST_STEP][PASSED] - robot.keyPress(VK_SUBTRACT): null

2023-03-09 13:24:23 - [TEST_STEP][PASSED] - robot.keyRelease(VK_CONTROL): null

2023-03-09 13:24:23 - [TEST_STEP][PASSED] - robot.keyRelease(VK_SUBTRACT): null

2023-03-09 13:24:23 - [TEST_STEP][PASSED] - robot.keyPress(VK_CONTROL): null

2023-03-09 13:24:23 - [TEST_STEP][PASSED] - robot.keyPress(VK_SUBTRACT): null

2023-03-09 13:24:23 - [TEST_STEP][PASSED] - robot.keyRelease(VK_CONTROL): null

2023-03-09 13:24:23 - [TEST_STEP][PASSED] - robot.keyRelease(VK_SUBTRACT): null

2023-03-09 13:24:23 - [TEST_STEP][PASSED] - robot.keyRelease(VK_CONTROL): null

2023-03-09 13:24:23 - [TEST_STEP][PASSED] - robot.keyRelease(VK_SUBTRACT): null

2023-03-09 13:24:23 - [TEST_STEP][PASSED] - setText(findTestObject("3-OBJECTS UTILIDADES/Login/input_USUARIO_loginusuario"), G_Usuario): Text 'weblogic' is set on object 'Object Repository/3-OBJECTS UTILIDADES/Login/input_USUARIO_loginusuario'

2023-03-09 13:24:23 - [MESSAGE][PASSED] - Text 'weblogic' is set on object 'Object Repository/3-OBJECTS UTILIDADES/Login/input_USUARIO_loginusuario'

2023-03-09 13:24:23 - [TEST_STEP][PASSED] - setEncryptedText(findTestObject("3-OBJECTS UTILIDADES/Login/input_CLAVE_loginpassword"), "SlAwMcyRKqrwbnzhAs8HhT6NnI7sEyng"): Text ****** has been set on object 'Object Repository/3-OBJECTS UTILIDADES/Login/input_CLAVE_loginpassword'

2023-03-09 13:24:27 - [MESSAGE][PASSED] - Text ****** has been set on object 'Object Repository/3-OBJECTS UTILIDADES/Login/input_CLAVE_loginpassword'

2023-03-09 13:24:27 - [TEST_STEP][PASSED] - while (waitForElementClickable(findTestObject("3-OBJECTS UTILIDADES/Login/a_Ingresar"), 1)): Web element with id: 'Object Repository/3-OBJECTS UTILIDADES/Login/a_Ingresar' located by '//a[contains(text(),'Ingresar')]' not found

2023-03-09 13:24:29 - [MESSAGE][INFO] - Unable to find the element located by 'By.xpath: //a[contains(text(),'Ingresar')]'. Please recheck the objects properties to make sure the desired element is located. 

2023-03-09 13:24:29 - [MESSAGE][WARNING] - Web element with id: 'Object Repository/3-OBJECTS UTILIDADES/Login/a_Ingresar' located by '//a[contains(text(),'Ingresar')]' not found

2023-03-09 13:24:29 - [MESSAGE][PASSED] - Call Test Case 'Test Cases/0.1-Login' successfully

2023-03-09 13:24:29 - [TEST_STEP][PASSED] - setText(findTestObject("3-OBJECTS UTILIDADES/Modulo Auditoria/input_Empresa 1_form_templatej_idt24_input"), "Auditoria"): Text 'Auditoria' is set on object 'Object Repository/3-OBJECTS UTILIDADES/Modulo Auditoria/input_Empresa 1_form_templatej_idt24_input'

2023-03-09 13:24:30 - [MESSAGE][PASSED] - Text 'Auditoria' is set on object 'Object Repository/3-OBJECTS UTILIDADES/Modulo Auditoria/input_Empresa 1_form_templatej_idt24_input'

2023-03-09 13:24:30 - [TEST_STEP][PASSED] - click(findTestObject("3-OBJECTS UTILIDADES/Modulo Auditoria/li_Auditoria (com)")): Object: 'Object Repository/3-OBJECTS UTILIDADES/Modulo Auditoria/li_Auditoria (com)' is clicked on

2023-03-09 13:24:31 - [MESSAGE][PASSED] - Object: 'Object Repository/3-OBJECTS UTILIDADES/Modulo Auditoria/li_Auditoria (com)' is clicked on

2023-03-09 13:24:31 - [MESSAGE][PASSED] - Call Test Case 'Test Cases/Utilidades-(atajos_para _tareas)/Modulos/Modulo Auditoria' successfully

2023-03-09 13:24:31 - [TEST_STEP][PASSED] - click(findTestObject("2-OBJECTS TAREAS SECUNDARIAS/Pruebas Auditoria/Seguimiento_a_objeto_Succeso_Actualización/a_Suceso Actualizacin")): Object: 'Object Repository/2-OBJECTS TAREAS SECUNDARIAS/Pruebas Auditoria/Seguimiento_a_objeto_Succeso_Actualización/a_Suceso Actualizacin' is clicked on

2023-03-09 13:24:34 - [MESSAGE][PASSED] - Object: 'Object Repository/2-OBJECTS TAREAS SECUNDARIAS/Pruebas Auditoria/Seguimiento_a_objeto_Succeso_Actualización/a_Suceso Actualizacin' is clicked on

2023-03-09 13:24:34 - [TEST_STEP][PASSED] - setText(findTestObject("2-OBJECTS TAREAS SECUNDARIAS/Pruebas Auditoria/Seguimiento_a_objeto_Succeso_Actualización/input_Fecha Inicial_form_visorj_idt253fechaInicial_input"), "10/12/2018 10:34:00"): Text '10/12/2018 10:34:00' is set on object 'Object Repository/2-OBJECTS TAREAS SECUNDARIAS/Pruebas Auditoria/Seguimiento_a_objeto_Succeso_Actualización/input_Fecha Inicial_form_visorj_idt253fechaInicial_input'

2023-03-09 13:24:35 - [MESSAGE][PASSED] - Text '10/12/2018 10:34:00' is set on object 'Object Repository/2-OBJECTS TAREAS SECUNDARIAS/Pruebas Auditoria/Seguimiento_a_objeto_Succeso_Actualización/input_Fecha Inicial_form_visorj_idt253fechaInicial_input'

2023-03-09 13:24:35 - [TEST_STEP][PASSED] - setText(findTestObject("2-OBJECTS TAREAS SECUNDARIAS/Pruebas Auditoria/Seguimiento_a_objeto_Succeso_Actualización/input_Fecha Final_form_visorj_idt253fechaFinal_input"), "10/12/2018 10:35:00"): Text '10/12/2018 10:35:00' is set on object 'Object Repository/2-OBJECTS TAREAS SECUNDARIAS/Pruebas Auditoria/Seguimiento_a_objeto_Succeso_Actualización/input_Fecha Final_form_visorj_idt253fechaFinal_input'

2023-03-09 13:24:36 - [MESSAGE][PASSED] - Text '10/12/2018 10:35:00' is set on object 'Object Repository/2-OBJECTS TAREAS SECUNDARIAS/Pruebas Auditoria/Seguimiento_a_objeto_Succeso_Actualización/input_Fecha Final_form_visorj_idt253fechaFinal_input'

2023-03-09 13:24:36 - [TEST_STEP][PASSED] - sendKeys(findTestObject("2-OBJECTS TAREAS SECUNDARIAS/Pruebas Auditoria/Seguimiento_a_objeto_Succeso_Actualización/input_Fecha Final_form_visorj_idt253fechaFinal_input"), Keys.chord(ENTER)): Keys 'ENTER + ' sent to object: 'Object Repository/2-OBJECTS TAREAS SECUNDARIAS/Pruebas Auditoria/Seguimiento_a_objeto_Succeso_Actualización/input_Fecha Final_form_visorj_idt253fechaFinal_input'

2023-03-09 13:24:37 - [MESSAGE][PASSED] - Keys 'ENTER + ' sent to object: 'Object Repository/2-OBJECTS TAREAS SECUNDARIAS/Pruebas Auditoria/Seguimiento_a_objeto_Succeso_Actualización/input_Fecha Final_form_visorj_idt253fechaFinal_input'

2023-03-09 13:24:37 - [TEST_STEP][PASSED] - if (waitForElementVisible(findTestObject("2-OBJECTS TAREAS SECUNDARIAS/Pruebas Auditoria/Seguimiento_a_objeto_Succeso_Actualización/td_jornadadocente_jord"), 1)): null

2023-03-09 13:24:37 - [MESSAGE][PASSED] - Object 'Object Repository/2-OBJECTS TAREAS SECUNDARIAS/Pruebas Auditoria/Seguimiento_a_objeto_Succeso_Actualización/td_jornadadocente_jord' is visible

2023-03-09 13:24:37 - [TEST_STEP][PASSED] - Resultado = "PRUEBA OK": null

2023-03-09 13:24:37 - [TEST_STEP][PASSED] - closeBrowser(): Browser is closed

2023-03-09 13:24:38 - [MESSAGE][PASSED] - Browser is closed]]></system-out>
         <system-err><![CDATA[]]></system-err>
      </testcase>
      <testcase name="Test Cases/1.2-Tareas_Secundarias/8.1-Pruebas_Auditoria/8.1.3-Seguimiento_a_objeto_Succeso_Borrado" time="57.388" classname="Test Cases/1.2-Tareas_Secundarias/8.1-Pruebas_Auditoria/8.1.3-Seguimiento_a_objeto_Succeso_Borrado" status="FAILED">
         <failure type="FAILED" message="Test Cases/1.2-Tareas_Secundarias/8.1-Pruebas_Auditoria/8.1.3-Seguimiento_a_objeto_Succeso_Borrado FAILED.
Reason:
com.kms.katalon.core.exception.StepFailedException: Unable to scroll to object 'Object Repository/2-OBJECTS TAREAS SECUNDARIAS/Pruebas Auditoria/Seguimiento_a_objeto_Succeso_Borrado/td_14012022 093405'
	at com.kms.katalon.core.webui.keyword.internal.WebUIKeywordMain.stepFailed(WebUIKeywordMain.groovy:64)
	at com.kms.katalon.core.webui.keyword.internal.WebUIKeywordMain.runKeyword(WebUIKeywordMain.groovy:26)
	at com.kms.katalon.core.webui.keyword.builtin.ScrollToElementKeyword.scrollToElement(ScrollToElementKeyword.groovy:88)
	at com.kms.katalon.core.webui.keyword.builtin.ScrollToElementKeyword.execute(ScrollToElementKeyword.groovy:68)
	at com.kms.katalon.core.keyword.internal.KeywordExecutor.executeKeywordForPlatform(KeywordExecutor.groovy:74)
	at com.kms.katalon.core.webui.keyword.WebUiBuiltInKeywords.scrollToElement(WebUiBuiltInKeywords.groovy:4061)
	at com.kms.katalon.core.webui.keyword.WebUiBuiltInKeywords$scrollToElement$21.call(Unknown Source)
	at 8.1.3-Seguimiento_a_objeto_Succeso_Borrado.run(8.1.3-Seguimiento_a_objeto_Succeso_Borrado:39)
	at com.kms.katalon.core.main.ScriptEngine.run(ScriptEngine.java:194)
	at com.kms.katalon.core.main.ScriptEngine.runScriptAsRawText(ScriptEngine.java:119)
	at com.kms.katalon.core.main.TestCaseExecutor.runScript(TestCaseExecutor.java:448)
	at com.kms.katalon.core.main.TestCaseExecutor.doExecute(TestCaseExecutor.java:439)
	at com.kms.katalon.core.main.TestCaseExecutor.processExecutionPhase(TestCaseExecutor.java:418)
	at com.kms.katalon.core.main.TestCaseExecutor.accessMainPhase(TestCaseExecutor.java:410)
	at com.kms.katalon.core.main.TestCaseExecutor.execute(TestCaseExecutor.java:285)
	at com.kms.katalon.core.common.CommonExecutor.accessTestCaseMainPhase(CommonExecutor.java:65)
	at com.kms.katalon.core.main.TestSuiteExecutor.accessTestSuiteMainPhase(TestSuiteExecutor.java:151)
	at com.kms.katalon.core.main.TestSuiteExecutor.execute(TestSuiteExecutor.java:106)
	at com.kms.katalon.core.main.TestCaseMain.startTestSuite(TestCaseMain.java:185)
	at com.kms.katalon.core.main.TestCaseMain$startTestSuite$0.call(Unknown Source)
	at TempTestSuite1678383366099.run(TempTestSuite1678383366099.groovy:36)
Caused by: com.kms.katalon.core.webui.exception.WebElementNotFoundException: Web element with id: 'Object Repository/2-OBJECTS TAREAS SECUNDARIAS/Pruebas Auditoria/Seguimiento_a_objeto_Succeso_Borrado/td_14012022 093405' located by '//*/text()[normalize-space(.)='22/10/2021 08:19:30']/parent::*' not found
	at com.kms.katalon.core.webui.common.WebUiCommonHelper.findWebElement(WebUiCommonHelper.java:1370)
	at com.kms.katalon.core.webui.keyword.internal.WebUIAbstractKeyword.findWebElement(WebUIAbstractKeyword.groovy:27)
	at com.kms.katalon.core.webui.keyword.internal.WebUIAbstractKeyword.findWebElement(WebUIAbstractKeyword.groovy:26)
	at com.kms.katalon.core.webui.keyword.builtin.ScrollToElementKeyword$_scrollToElement_closure1.doCall(ScrollToElementKeyword.groovy:79)
	at com.kms.katalon.core.webui.keyword.builtin.ScrollToElementKeyword$_scrollToElement_closure1.call(ScrollToElementKeyword.groovy)
	at com.kms.katalon.core.webui.keyword.internal.WebUIKeywordMain.runKeyword(WebUIKeywordMain.groovy:20)
	... 19 more
"/>
         <system-out><![CDATA[2023-03-09 13:24:38 - [TEST_CASE][FAILED] - Test Cases/1.2-Tareas_Secundarias/8.1-Pruebas_Auditoria/8.1.3-Seguimiento_a_objeto_Succeso_Borrado: Test Cases/1.2-Tareas_Secundarias/8.1-Pruebas_Auditoria/8.1.3-Seguimiento_a_objeto_Succeso_Borrado FAILED.
Reason:
com.kms.katalon.core.exception.StepFailedException: Unable to scroll to object 'Object Repository/2-OBJECTS TAREAS SECUNDARIAS/Pruebas Auditoria/Seguimiento_a_objeto_Succeso_Borrado/td_14012022 093405'
	at com.kms.katalon.core.webui.keyword.internal.WebUIKeywordMain.stepFailed(WebUIKeywordMain.groovy:64)
	at com.kms.katalon.core.webui.keyword.internal.WebUIKeywordMain.runKeyword(WebUIKeywordMain.groovy:26)
	at com.kms.katalon.core.webui.keyword.builtin.ScrollToElementKeyword.scrollToElement(ScrollToElementKeyword.groovy:88)
	at com.kms.katalon.core.webui.keyword.builtin.ScrollToElementKeyword.execute(ScrollToElementKeyword.groovy:68)
	at com.kms.katalon.core.keyword.internal.KeywordExecutor.executeKeywordForPlatform(KeywordExecutor.groovy:74)
	at com.kms.katalon.core.webui.keyword.WebUiBuiltInKeywords.scrollToElement(WebUiBuiltInKeywords.groovy:4061)
	at com.kms.katalon.core.webui.keyword.WebUiBuiltInKeywords$scrollToElement$21.call(Unknown Source)
	at 8.1.3-Seguimiento_a_objeto_Succeso_Borrado.run(8.1.3-Seguimiento_a_objeto_Succeso_Borrado:39)
	at com.kms.katalon.core.main.ScriptEngine.run(ScriptEngine.java:194)
	at com.kms.katalon.core.main.ScriptEngine.runScriptAsRawText(ScriptEngine.java:119)
	at com.kms.katalon.core.main.TestCaseExecutor.runScript(TestCaseExecutor.java:448)
	at com.kms.katalon.core.main.TestCaseExecutor.doExecute(TestCaseExecutor.java:439)
	at com.kms.katalon.core.main.TestCaseExecutor.processExecutionPhase(TestCaseExecutor.java:418)
	at com.kms.katalon.core.main.TestCaseExecutor.accessMainPhase(TestCaseExecutor.java:410)
	at com.kms.katalon.core.main.TestCaseExecutor.execute(TestCaseExecutor.java:285)
	at com.kms.katalon.core.common.CommonExecutor.accessTestCaseMainPhase(CommonExecutor.java:65)
	at com.kms.katalon.core.main.TestSuiteExecutor.accessTestSuiteMainPhase(TestSuiteExecutor.java:151)
	at com.kms.katalon.core.main.TestSuiteExecutor.execute(TestSuiteExecutor.java:106)
	at com.kms.katalon.core.main.TestCaseMain.startTestSuite(TestCaseMain.java:185)
	at com.kms.katalon.core.main.TestCaseMain$startTestSuite$0.call(Unknown Source)
	at TempTestSuite1678383366099.run(TempTestSuite1678383366099.groovy:36)
Caused by: com.kms.katalon.core.webui.exception.WebElementNotFoundException: Web element with id: 'Object Repository/2-OBJECTS TAREAS SECUNDARIAS/Pruebas Auditoria/Seguimiento_a_objeto_Succeso_Borrado/td_14012022 093405' located by '//*/text()[normalize-space(.)='22/10/2021 08:19:30']/parent::*' not found
	at com.kms.katalon.core.webui.common.WebUiCommonHelper.findWebElement(WebUiCommonHelper.java:1370)
	at com.kms.katalon.core.webui.keyword.internal.WebUIAbstractKeyword.findWebElement(WebUIAbstractKeyword.groovy:27)
	at com.kms.katalon.core.webui.keyword.internal.WebUIAbstractKeyword.findWebElement(WebUIAbstractKeyword.groovy:26)
	at com.kms.katalon.core.webui.keyword.builtin.ScrollToElementKeyword$_scrollToElement_closure1.doCall(ScrollToElementKeyword.groovy:79)
	at com.kms.katalon.core.webui.keyword.builtin.ScrollToElementKeyword$_scrollToElement_closure1.call(ScrollToElementKeyword.groovy)
	at com.kms.katalon.core.webui.keyword.internal.WebUIKeywordMain.runKeyword(WebUIKeywordMain.groovy:20)
	... 19 more


2023-03-09 13:24:39 - [TEST_STEP][PASSED] - callTestCase(findTestCase("Utilidades-(atajos_para _tareas)/Modulos/Modulo Auditoria"), [:], STOP_ON_FAILURE): Call Test Case 'Test Cases/Utilidades-(atajos_para _tareas)/Modulos/Modulo Auditoria' successfully

2023-03-09 13:24:39 - [TEST_CASE][PASSED] - Test Cases/Utilidades-(atajos_para _tareas)/Modulos/Modulo Auditoria: Test Cases/Utilidades-(atajos_para _tareas)/Modulos/Modulo Auditoria

2023-03-09 13:24:39 - [TEST_STEP][PASSED] - callTestCase(findTestCase("0.1-Login"), [:], STOP_ON_FAILURE): Call Test Case 'Test Cases/0.1-Login' successfully

2023-03-09 13:24:39 - [TEST_CASE][PASSED] - Test Cases/0.1-Login: Test Cases/0.1-Login

2023-03-09 13:24:39 - [TEST_STEP][PASSED] - openBrowser(""): Browser is opened with url: ''

2023-03-09 13:24:39 - [MESSAGE][INFO] - Starting 'Chrome' driver

2023-03-09 13:24:39 - [MESSAGE][INFO] - Action delay is set to 0 milliseconds

2023-03-09 13:24:40 - [MESSAGE][PASSED] - Browser is opened with url: ''

2023-03-09 13:24:40 - [TEST_STEP][PASSED] - maximizeWindow(): Current window maximized

2023-03-09 13:24:40 - [MESSAGE][PASSED] - Current window maximized

2023-03-09 13:24:40 - [TEST_STEP][PASSED] - i = G_Login: null

2023-03-09 13:24:40 - [TEST_STEP][PASSED] - url = new java.net.URL(i): null

2023-03-09 13:24:40 - [TEST_STEP][PASSED] - println("URL: " + url.toString()): null

2023-03-09 13:24:40 - [TEST_STEP][PASSED] - connection = url.openConnection(): null

2023-03-09 13:24:40 - [TEST_STEP][PASSED] - connection.setRequestMethod("GET"): null

2023-03-09 13:24:40 - [TEST_STEP][PASSED] - connection.setReadTimeout(2 * 1000): null

2023-03-09 13:24:40 - [TEST_STEP][PASSED] - try: null

2023-03-09 13:24:40 - [TEST_STEP][PASSED] - connection.connect(): null

2023-03-09 13:24:40 - [TEST_STEP][PASSED] - flag = connected: null

2023-03-09 13:24:40 - [TEST_STEP][PASSED] - println("Valor_ori: " + flag): null

2023-03-09 13:24:40 - [TEST_STEP][PASSED] - if (flag): null

2023-03-09 13:24:40 - [TEST_STEP][PASSED] - navigateToUrl(i): Navigate to 'http://192.168.2.19:7001/saraweb' successfully

2023-03-09 13:24:42 - [MESSAGE][PASSED] - Navigate to 'http://192.168.2.19:7001/saraweb' successfully

2023-03-09 13:24:42 - [TEST_STEP][PASSED] - a(): null

2023-03-09 13:24:42 - [TEST_STEP][PASSED] - if (waitForElementVisible(findTestObject("3-OBJECTS UTILIDADES/Login/input_USUARIO_loginusuario"), 0)): null

2023-03-09 13:24:42 - [MESSAGE][WARNING] - Timeout '0' is invalid. Using default page load timeout: '37'

2023-03-09 13:24:42 - [MESSAGE][PASSED] - Object 'Object Repository/3-OBJECTS UTILIDADES/Login/input_USUARIO_loginusuario' is visible

2023-03-09 13:24:42 - [TEST_STEP][PASSED] - switchToWindowTitle("SARA"): Switched to window with title: 'SARA'

2023-03-09 13:24:42 - [MESSAGE][PASSED] - Switched to window with title: 'SARA'

2023-03-09 13:24:42 - [TEST_STEP][PASSED] - zoom(): null

2023-03-09 13:24:42 - [TEST_STEP][PASSED] - robot = new java.awt.Robot(): null

2023-03-09 13:24:42 - [TEST_STEP][PASSED] - robot.keyPress(VK_CONTROL): null

2023-03-09 13:24:42 - [TEST_STEP][PASSED] - robot.keyPress(VK_SUBTRACT): null

2023-03-09 13:24:42 - [TEST_STEP][PASSED] - robot.keyRelease(VK_CONTROL): null

2023-03-09 13:24:42 - [TEST_STEP][PASSED] - robot.keyRelease(VK_SUBTRACT): null

2023-03-09 13:24:42 - [TEST_STEP][PASSED] - robot.keyPress(VK_CONTROL): null

2023-03-09 13:24:42 - [TEST_STEP][PASSED] - robot.keyPress(VK_SUBTRACT): null

2023-03-09 13:24:42 - [TEST_STEP][PASSED] - robot.keyRelease(VK_CONTROL): null

2023-03-09 13:24:42 - [TEST_STEP][PASSED] - robot.keyRelease(VK_SUBTRACT): null

2023-03-09 13:24:42 - [TEST_STEP][PASSED] - robot.keyPress(VK_CONTROL): null

2023-03-09 13:24:42 - [TEST_STEP][PASSED] - robot.keyPress(VK_SUBTRACT): null

2023-03-09 13:24:42 - [TEST_STEP][PASSED] - robot.keyRelease(VK_CONTROL): null

2023-03-09 13:24:42 - [TEST_STEP][PASSED] - robot.keyRelease(VK_SUBTRACT): null

2023-03-09 13:24:42 - [TEST_STEP][PASSED] - robot.keyRelease(VK_CONTROL): null

2023-03-09 13:24:42 - [TEST_STEP][PASSED] - robot.keyRelease(VK_SUBTRACT): null

2023-03-09 13:24:42 - [TEST_STEP][PASSED] - setText(findTestObject("3-OBJECTS UTILIDADES/Login/input_USUARIO_loginusuario"), G_Usuario): Text 'weblogic' is set on object 'Object Repository/3-OBJECTS UTILIDADES/Login/input_USUARIO_loginusuario'

2023-03-09 13:24:43 - [MESSAGE][PASSED] - Text 'weblogic' is set on object 'Object Repository/3-OBJECTS UTILIDADES/Login/input_USUARIO_loginusuario'

2023-03-09 13:24:43 - [TEST_STEP][PASSED] - setEncryptedText(findTestObject("3-OBJECTS UTILIDADES/Login/input_CLAVE_loginpassword"), "SlAwMcyRKqrwbnzhAs8HhT6NnI7sEyng"): Text ****** has been set on object 'Object Repository/3-OBJECTS UTILIDADES/Login/input_CLAVE_loginpassword'

2023-03-09 13:24:46 - [MESSAGE][PASSED] - Text ****** has been set on object 'Object Repository/3-OBJECTS UTILIDADES/Login/input_CLAVE_loginpassword'

2023-03-09 13:24:46 - [TEST_STEP][PASSED] - while (waitForElementClickable(findTestObject("3-OBJECTS UTILIDADES/Login/a_Ingresar"), 1)): Web element with id: 'Object Repository/3-OBJECTS UTILIDADES/Login/a_Ingresar' located by '//a[contains(text(),'Ingresar')]' not found

2023-03-09 13:24:49 - [MESSAGE][INFO] - Unable to find the element located by 'By.xpath: //a[contains(text(),'Ingresar')]'. Please recheck the objects properties to make sure the desired element is located. 

2023-03-09 13:24:49 - [MESSAGE][WARNING] - Web element with id: 'Object Repository/3-OBJECTS UTILIDADES/Login/a_Ingresar' located by '//a[contains(text(),'Ingresar')]' not found

2023-03-09 13:24:49 - [MESSAGE][PASSED] - Call Test Case 'Test Cases/0.1-Login' successfully

2023-03-09 13:24:49 - [TEST_STEP][PASSED] - setText(findTestObject("3-OBJECTS UTILIDADES/Modulo Auditoria/input_Empresa 1_form_templatej_idt24_input"), "Auditoria"): Text 'Auditoria' is set on object 'Object Repository/3-OBJECTS UTILIDADES/Modulo Auditoria/input_Empresa 1_form_templatej_idt24_input'

2023-03-09 13:24:49 - [MESSAGE][PASSED] - Text 'Auditoria' is set on object 'Object Repository/3-OBJECTS UTILIDADES/Modulo Auditoria/input_Empresa 1_form_templatej_idt24_input'

2023-03-09 13:24:49 - [TEST_STEP][PASSED] - click(findTestObject("3-OBJECTS UTILIDADES/Modulo Auditoria/li_Auditoria (com)")): Object: 'Object Repository/3-OBJECTS UTILIDADES/Modulo Auditoria/li_Auditoria (com)' is clicked on

2023-03-09 13:24:51 - [MESSAGE][PASSED] - Object: 'Object Repository/3-OBJECTS UTILIDADES/Modulo Auditoria/li_Auditoria (com)' is clicked on

2023-03-09 13:24:51 - [MESSAGE][PASSED] - Call Test Case 'Test Cases/Utilidades-(atajos_para _tareas)/Modulos/Modulo Auditoria' successfully

2023-03-09 13:24:51 - [TEST_STEP][PASSED] - click(findTestObject("2-OBJECTS TAREAS SECUNDARIAS/Pruebas Auditoria/Seguimiento_a_objeto_Succeso_Borrado/a_Suceso Borrado")): Object: 'Object Repository/2-OBJECTS TAREAS SECUNDARIAS/Pruebas Auditoria/Seguimiento_a_objeto_Succeso_Borrado/a_Suceso Borrado' is clicked on

2023-03-09 13:24:54 - [MESSAGE][PASSED] - Object: 'Object Repository/2-OBJECTS TAREAS SECUNDARIAS/Pruebas Auditoria/Seguimiento_a_objeto_Succeso_Borrado/a_Suceso Borrado' is clicked on

2023-03-09 13:24:54 - [TEST_STEP][PASSED] - setText(findTestObject("2-OBJECTS TAREAS SECUNDARIAS/Pruebas Auditoria/Seguimiento_a_objeto_Succeso_Borrado/input_Filtro_form_visorj_idt253j_idt257"), "saraadmin"): Text 'saraadmin' is set on object 'Object Repository/2-OBJECTS TAREAS SECUNDARIAS/Pruebas Auditoria/Seguimiento_a_objeto_Succeso_Borrado/input_Filtro_form_visorj_idt253j_idt257'

2023-03-09 13:24:55 - [MESSAGE][PASSED] - Text 'saraadmin' is set on object 'Object Repository/2-OBJECTS TAREAS SECUNDARIAS/Pruebas Auditoria/Seguimiento_a_objeto_Succeso_Borrado/input_Filtro_form_visorj_idt253j_idt257'

2023-03-09 13:24:55 - [TEST_STEP][PASSED] - sendKeys(findTestObject("2-OBJECTS TAREAS SECUNDARIAS/Pruebas Auditoria/Seguimiento_a_objeto_Succeso_Borrado/input_Filtro_form_visorj_idt253j_idt257"), Keys.chord(ENTER)): Keys 'ENTER + ' sent to object: 'Object Repository/2-OBJECTS TAREAS SECUNDARIAS/Pruebas Auditoria/Seguimiento_a_objeto_Succeso_Borrado/input_Filtro_form_visorj_idt253j_idt257'

2023-03-09 13:24:55 - [MESSAGE][PASSED] - Keys 'ENTER + ' sent to object: 'Object Repository/2-OBJECTS TAREAS SECUNDARIAS/Pruebas Auditoria/Seguimiento_a_objeto_Succeso_Borrado/input_Filtro_form_visorj_idt253j_idt257'

2023-03-09 13:24:55 - [TEST_STEP][PASSED] - scrollToElement(findTestObject("2-OBJECTS TAREAS SECUNDARIAS/Pruebas Auditoria/Seguimiento_a_objeto_Succeso_Borrado/td_06122021 075237"), 0): Scroll to object 'Object Repository/2-OBJECTS TAREAS SECUNDARIAS/Pruebas Auditoria/Seguimiento_a_objeto_Succeso_Borrado/td_06122021 075237' successfully

2023-03-09 13:24:55 - [MESSAGE][WARNING] - Timeout '0' is invalid. Using default page load timeout: '37'

2023-03-09 13:24:56 - [MESSAGE][PASSED] - Scroll to object 'Object Repository/2-OBJECTS TAREAS SECUNDARIAS/Pruebas Auditoria/Seguimiento_a_objeto_Succeso_Borrado/td_06122021 075237' successfully

2023-03-09 13:24:56 - [TEST_STEP][PASSED] - setText(findTestObject("2-OBJECTS TAREAS SECUNDARIAS/Pruebas Auditoria/Seguimiento_a_objeto_Succeso_Borrado/input_Filtro_form_visorj_idt253j_idt257"), "weblogic"): Text 'weblogic' is set on object 'Object Repository/2-OBJECTS TAREAS SECUNDARIAS/Pruebas Auditoria/Seguimiento_a_objeto_Succeso_Borrado/input_Filtro_form_visorj_idt253j_idt257'

2023-03-09 13:24:57 - [MESSAGE][PASSED] - Text 'weblogic' is set on object 'Object Repository/2-OBJECTS TAREAS SECUNDARIAS/Pruebas Auditoria/Seguimiento_a_objeto_Succeso_Borrado/input_Filtro_form_visorj_idt253j_idt257'

2023-03-09 13:24:57 - [TEST_STEP][PASSED] - sendKeys(findTestObject("2-OBJECTS TAREAS SECUNDARIAS/Pruebas Auditoria/Seguimiento_a_objeto_Succeso_Borrado/input_Filtro_form_visorj_idt253j_idt257"), Keys.chord(ENTER)): Keys 'ENTER + ' sent to object: 'Object Repository/2-OBJECTS TAREAS SECUNDARIAS/Pruebas Auditoria/Seguimiento_a_objeto_Succeso_Borrado/input_Filtro_form_visorj_idt253j_idt257'

2023-03-09 13:24:57 - [MESSAGE][PASSED] - Keys 'ENTER + ' sent to object: 'Object Repository/2-OBJECTS TAREAS SECUNDARIAS/Pruebas Auditoria/Seguimiento_a_objeto_Succeso_Borrado/input_Filtro_form_visorj_idt253j_idt257'

2023-03-09 13:24:57 - [TEST_STEP][FAILED] - scrollToElement(findTestObject("2-OBJECTS TAREAS SECUNDARIAS/Pruebas Auditoria/Seguimiento_a_objeto_Succeso_Borrado/td_14012022 093405"), 0): Unable to scroll to object 'Object Repository/2-OBJECTS TAREAS SECUNDARIAS/Pruebas Auditoria/Seguimiento_a_objeto_Succeso_Borrado/td_14012022 093405' (Root cause: com.kms.katalon.core.exception.StepFailedException: Unable to scroll to object 'Object Repository/2-OBJECTS TAREAS SECUNDARIAS/Pruebas Auditoria/Seguimiento_a_objeto_Succeso_Borrado/td_14012022 093405'
	at com.kms.katalon.core.webui.keyword.internal.WebUIKeywordMain.stepFailed(WebUIKeywordMain.groovy:64)
	at com.kms.katalon.core.webui.keyword.internal.WebUIKeywordMain.runKeyword(WebUIKeywordMain.groovy:26)
	at com.kms.katalon.core.webui.keyword.builtin.ScrollToElementKeyword.scrollToElement(ScrollToElementKeyword.groovy:88)
	at com.kms.katalon.core.webui.keyword.builtin.ScrollToElementKeyword.execute(ScrollToElementKeyword.groovy:68)
	at com.kms.katalon.core.keyword.internal.KeywordExecutor.executeKeywordForPlatform(KeywordExecutor.groovy:74)
	at com.kms.katalon.core.webui.keyword.WebUiBuiltInKeywords.scrollToElement(WebUiBuiltInKeywords.groovy:4061)
	at com.kms.katalon.core.webui.keyword.WebUiBuiltInKeywords$scrollToElement$21.call(Unknown Source)
	at 8.1.3-Seguimiento_a_objeto_Succeso_Borrado.run(8.1.3-Seguimiento_a_objeto_Succeso_Borrado:39)
	at com.kms.katalon.core.main.ScriptEngine.run(ScriptEngine.java:194)
	at com.kms.katalon.core.main.ScriptEngine.runScriptAsRawText(ScriptEngine.java:119)
	at com.kms.katalon.core.main.TestCaseExecutor.runScript(TestCaseExecutor.java:448)
	at com.kms.katalon.core.main.TestCaseExecutor.doExecute(TestCaseExecutor.java:439)
	at com.kms.katalon.core.main.TestCaseExecutor.processExecutionPhase(TestCaseExecutor.java:418)
	at com.kms.katalon.core.main.TestCaseExecutor.accessMainPhase(TestCaseExecutor.java:410)
	at com.kms.katalon.core.main.TestCaseExecutor.execute(TestCaseExecutor.java:285)
	at com.kms.katalon.core.common.CommonExecutor.accessTestCaseMainPhase(CommonExecutor.java:65)
	at com.kms.katalon.core.main.TestSuiteExecutor.accessTestSuiteMainPhase(TestSuiteExecutor.java:151)
	at com.kms.katalon.core.main.TestSuiteExecutor.execute(TestSuiteExecutor.java:106)
	at com.kms.katalon.core.main.TestCaseMain.startTestSuite(TestCaseMain.java:185)
	at com.kms.katalon.core.main.TestCaseMain$startTestSuite$0.call(Unknown Source)
	at TempTestSuite1678383366099.run(TempTestSuite1678383366099.groovy:36)
Caused by: com.kms.katalon.core.webui.exception.WebElementNotFoundException: Web element with id: 'Object Repository/2-OBJECTS TAREAS SECUNDARIAS/Pruebas Auditoria/Seguimiento_a_objeto_Succeso_Borrado/td_14012022 093405' located by '//*/text()[normalize-space(.)='22/10/2021 08:19:30']/parent::*' not found
	at com.kms.katalon.core.webui.common.WebUiCommonHelper.findWebElement(WebUiCommonHelper.java:1370)
	at com.kms.katalon.core.webui.keyword.internal.WebUIAbstractKeyword.findWebElement(WebUIAbstractKeyword.groovy:27)
	at com.kms.katalon.core.webui.keyword.internal.WebUIAbstractKeyword.findWebElement(WebUIAbstractKeyword.groovy:26)
	at com.kms.katalon.core.webui.keyword.builtin.ScrollToElementKeyword$_scrollToElement_closure1.doCall(ScrollToElementKeyword.groovy:79)
	at com.kms.katalon.core.webui.keyword.builtin.ScrollToElementKeyword$_scrollToElement_closure1.call(ScrollToElementKeyword.groovy)
	at com.kms.katalon.core.webui.keyword.internal.WebUIKeywordMain.runKeyword(WebUIKeywordMain.groovy:20)
	at com.kms.katalon.core.webui.keyword.builtin.ScrollToElementKeyword.scrollToElement(ScrollToElementKeyword.groovy:88)
	at com.kms.katalon.core.webui.keyword.builtin.ScrollToElementKeyword.execute(ScrollToElementKeyword.groovy:68)
	at com.kms.katalon.core.keyword.internal.KeywordExecutor.executeKeywordForPlatform(KeywordExecutor.groovy:74)
	at com.kms.katalon.core.webui.keyword.WebUiBuiltInKeywords.scrollToElement(WebUiBuiltInKeywords.groovy:4061)
	at com.kms.katalon.core.webui.keyword.WebUiBuiltInKeywords$scrollToElement$21.call(Unknown Source)
	at Script1642513270153.run(Script1642513270153.groovy:39)
	... 13 more
)

2023-03-09 13:24:57 - [MESSAGE][WARNING] - Timeout '0' is invalid. Using default page load timeout: '37'

2023-03-09 13:25:35 - [MESSAGE][INFO] - Unable to find the element located by 'By.xpath: //*/text()[normalize-space(.)='22/10/2021 08:19:30']/parent::*'. Please recheck the objects properties to make sure the desired element is located. 

2023-03-09 13:25:36 - [MESSAGE][FAILED] - Unable to scroll to object 'Object Repository/2-OBJECTS TAREAS SECUNDARIAS/Pruebas Auditoria/Seguimiento_a_objeto_Succeso_Borrado/td_14012022 093405' (Root cause: com.kms.katalon.core.exception.StepFailedException: Unable to scroll to object 'Object Repository/2-OBJECTS TAREAS SECUNDARIAS/Pruebas Auditoria/Seguimiento_a_objeto_Succeso_Borrado/td_14012022 093405'
	at com.kms.katalon.core.webui.keyword.internal.WebUIKeywordMain.stepFailed(WebUIKeywordMain.groovy:64)
	at com.kms.katalon.core.webui.keyword.internal.WebUIKeywordMain.runKeyword(WebUIKeywordMain.groovy:26)
	at com.kms.katalon.core.webui.keyword.builtin.ScrollToElementKeyword.scrollToElement(ScrollToElementKeyword.groovy:88)
	at com.kms.katalon.core.webui.keyword.builtin.ScrollToElementKeyword.execute(ScrollToElementKeyword.groovy:68)
	at com.kms.katalon.core.keyword.internal.KeywordExecutor.executeKeywordForPlatform(KeywordExecutor.groovy:74)
	at com.kms.katalon.core.webui.keyword.WebUiBuiltInKeywords.scrollToElement(WebUiBuiltInKeywords.groovy:4061)
	at com.kms.katalon.core.webui.keyword.WebUiBuiltInKeywords$scrollToElement$21.call(Unknown Source)
	at 8.1.3-Seguimiento_a_objeto_Succeso_Borrado.run(8.1.3-Seguimiento_a_objeto_Succeso_Borrado:39)
	at com.kms.katalon.core.main.ScriptEngine.run(ScriptEngine.java:194)
	at com.kms.katalon.core.main.ScriptEngine.runScriptAsRawText(ScriptEngine.java:119)
	at com.kms.katalon.core.main.TestCaseExecutor.runScript(TestCaseExecutor.java:448)
	at com.kms.katalon.core.main.TestCaseExecutor.doExecute(TestCaseExecutor.java:439)
	at com.kms.katalon.core.main.TestCaseExecutor.processExecutionPhase(TestCaseExecutor.java:418)
	at com.kms.katalon.core.main.TestCaseExecutor.accessMainPhase(TestCaseExecutor.java:410)
	at com.kms.katalon.core.main.TestCaseExecutor.execute(TestCaseExecutor.java:285)
	at com.kms.katalon.core.common.CommonExecutor.accessTestCaseMainPhase(CommonExecutor.java:65)
	at com.kms.katalon.core.main.TestSuiteExecutor.accessTestSuiteMainPhase(TestSuiteExecutor.java:151)
	at com.kms.katalon.core.main.TestSuiteExecutor.execute(TestSuiteExecutor.java:106)
	at com.kms.katalon.core.main.TestCaseMain.startTestSuite(TestCaseMain.java:185)
	at com.kms.katalon.core.main.TestCaseMain$startTestSuite$0.call(Unknown Source)
	at TempTestSuite1678383366099.run(TempTestSuite1678383366099.groovy:36)
Caused by: com.kms.katalon.core.webui.exception.WebElementNotFoundException: Web element with id: 'Object Repository/2-OBJECTS TAREAS SECUNDARIAS/Pruebas Auditoria/Seguimiento_a_objeto_Succeso_Borrado/td_14012022 093405' located by '//*/text()[normalize-space(.)='22/10/2021 08:19:30']/parent::*' not found
	at com.kms.katalon.core.webui.common.WebUiCommonHelper.findWebElement(WebUiCommonHelper.java:1370)
	at com.kms.katalon.core.webui.keyword.internal.WebUIAbstractKeyword.findWebElement(WebUIAbstractKeyword.groovy:27)
	at com.kms.katalon.core.webui.keyword.internal.WebUIAbstractKeyword.findWebElement(WebUIAbstractKeyword.groovy:26)
	at com.kms.katalon.core.webui.keyword.builtin.ScrollToElementKeyword$_scrollToElement_closure1.doCall(ScrollToElementKeyword.groovy:79)
	at com.kms.katalon.core.webui.keyword.builtin.ScrollToElementKeyword$_scrollToElement_closure1.call(ScrollToElementKeyword.groovy)
	at com.kms.katalon.core.webui.keyword.internal.WebUIKeywordMain.runKeyword(WebUIKeywordMain.groovy:20)
	at com.kms.katalon.core.webui.keyword.builtin.ScrollToElementKeyword.scrollToElement(ScrollToElementKeyword.groovy:88)
	at com.kms.katalon.core.webui.keyword.builtin.ScrollToElementKeyword.execute(ScrollToElementKeyword.groovy:68)
	at com.kms.katalon.core.keyword.internal.KeywordExecutor.executeKeywordForPlatform(KeywordExecutor.groovy:74)
	at com.kms.katalon.core.webui.keyword.WebUiBuiltInKeywords.scrollToElement(WebUiBuiltInKeywords.groovy:4061)
	at com.kms.katalon.core.webui.keyword.WebUiBuiltInKeywords$scrollToElement$21.call(Unknown Source)
	at Script1642513270153.run(Script1642513270153.groovy:39)
	... 13 more
)
[[ATTACHMENT|C:\\Users\\diego.rojas\\git\\Pruebas-Minimas\\Reports\\20230309_123606\\Test_Suite_Secundaria\\1-Tareas_secundarias\\20230309_123606\\1678386335968.png]]]]></system-out>
         <system-err><![CDATA[2023-03-09 13:24:38 - [TEST_CASE][FAILED] - Test Cases/1.2-Tareas_Secundarias/8.1-Pruebas_Auditoria/8.1.3-Seguimiento_a_objeto_Succeso_Borrado: Test Cases/1.2-Tareas_Secundarias/8.1-Pruebas_Auditoria/8.1.3-Seguimiento_a_objeto_Succeso_Borrado FAILED.
Reason:
com.kms.katalon.core.exception.StepFailedException: Unable to scroll to object 'Object Repository/2-OBJECTS TAREAS SECUNDARIAS/Pruebas Auditoria/Seguimiento_a_objeto_Succeso_Borrado/td_14012022 093405'
	at com.kms.katalon.core.webui.keyword.internal.WebUIKeywordMain.stepFailed(WebUIKeywordMain.groovy:64)
	at com.kms.katalon.core.webui.keyword.internal.WebUIKeywordMain.runKeyword(WebUIKeywordMain.groovy:26)
	at com.kms.katalon.core.webui.keyword.builtin.ScrollToElementKeyword.scrollToElement(ScrollToElementKeyword.groovy:88)
	at com.kms.katalon.core.webui.keyword.builtin.ScrollToElementKeyword.execute(ScrollToElementKeyword.groovy:68)
	at com.kms.katalon.core.keyword.internal.KeywordExecutor.executeKeywordForPlatform(KeywordExecutor.groovy:74)
	at com.kms.katalon.core.webui.keyword.WebUiBuiltInKeywords.scrollToElement(WebUiBuiltInKeywords.groovy:4061)
	at com.kms.katalon.core.webui.keyword.WebUiBuiltInKeywords$scrollToElement$21.call(Unknown Source)
	at 8.1.3-Seguimiento_a_objeto_Succeso_Borrado.run(8.1.3-Seguimiento_a_objeto_Succeso_Borrado:39)
	at com.kms.katalon.core.main.ScriptEngine.run(ScriptEngine.java:194)
	at com.kms.katalon.core.main.ScriptEngine.runScriptAsRawText(ScriptEngine.java:119)
	at com.kms.katalon.core.main.TestCaseExecutor.runScript(TestCaseExecutor.java:448)
	at com.kms.katalon.core.main.TestCaseExecutor.doExecute(TestCaseExecutor.java:439)
	at com.kms.katalon.core.main.TestCaseExecutor.processExecutionPhase(TestCaseExecutor.java:418)
	at com.kms.katalon.core.main.TestCaseExecutor.accessMainPhase(TestCaseExecutor.java:410)
	at com.kms.katalon.core.main.TestCaseExecutor.execute(TestCaseExecutor.java:285)
	at com.kms.katalon.core.common.CommonExecutor.accessTestCaseMainPhase(CommonExecutor.java:65)
	at com.kms.katalon.core.main.TestSuiteExecutor.accessTestSuiteMainPhase(TestSuiteExecutor.java:151)
	at com.kms.katalon.core.main.TestSuiteExecutor.execute(TestSuiteExecutor.java:106)
	at com.kms.katalon.core.main.TestCaseMain.startTestSuite(TestCaseMain.java:185)
	at com.kms.katalon.core.main.TestCaseMain$startTestSuite$0.call(Unknown Source)
	at TempTestSuite1678383366099.run(TempTestSuite1678383366099.groovy:36)
Caused by: com.kms.katalon.core.webui.exception.WebElementNotFoundException: Web element with id: 'Object Repository/2-OBJECTS TAREAS SECUNDARIAS/Pruebas Auditoria/Seguimiento_a_objeto_Succeso_Borrado/td_14012022 093405' located by '//*/text()[normalize-space(.)='22/10/2021 08:19:30']/parent::*' not found
	at com.kms.katalon.core.webui.common.WebUiCommonHelper.findWebElement(WebUiCommonHelper.java:1370)
	at com.kms.katalon.core.webui.keyword.internal.WebUIAbstractKeyword.findWebElement(WebUIAbstractKeyword.groovy:27)
	at com.kms.katalon.core.webui.keyword.internal.WebUIAbstractKeyword.findWebElement(WebUIAbstractKeyword.groovy:26)
	at com.kms.katalon.core.webui.keyword.builtin.ScrollToElementKeyword$_scrollToElement_closure1.doCall(ScrollToElementKeyword.groovy:79)
	at com.kms.katalon.core.webui.keyword.builtin.ScrollToElementKeyword$_scrollToElement_closure1.call(ScrollToElementKeyword.groovy)
	at com.kms.katalon.core.webui.keyword.internal.WebUIKeywordMain.runKeyword(WebUIKeywordMain.groovy:20)
	... 19 more]]></system-err>
      </testcase>
      <testcase name="Test Cases/1.2-Tareas_Secundarias/8.1-Pruebas_Auditoria/8.1.4-Seguimiento_a_objeto_Succeso_Acceso" time="115.553" classname="Test Cases/1.2-Tareas_Secundarias/8.1-Pruebas_Auditoria/8.1.4-Seguimiento_a_objeto_Succeso_Acceso" status="PASSED">
         <system-out><![CDATA[2023-03-09 13:25:36 - [TEST_CASE][PASSED] - Test Cases/1.2-Tareas_Secundarias/8.1-Pruebas_Auditoria/8.1.4-Seguimiento_a_objeto_Succeso_Acceso: Test Cases/1.2-Tareas_Secundarias/8.1-Pruebas_Auditoria/8.1.4-Seguimiento_a_objeto_Succeso_Acceso

2023-03-09 13:25:36 - [TEST_STEP][PASSED] - callTestCase(findTestCase("Utilidades-(atajos_para _tareas)/Modulos/Modulo Auditoria"), [:], STOP_ON_FAILURE): Call Test Case 'Test Cases/Utilidades-(atajos_para _tareas)/Modulos/Modulo Auditoria' successfully

2023-03-09 13:25:36 - [TEST_CASE][PASSED] - Test Cases/Utilidades-(atajos_para _tareas)/Modulos/Modulo Auditoria: Test Cases/Utilidades-(atajos_para _tareas)/Modulos/Modulo Auditoria

2023-03-09 13:25:36 - [TEST_STEP][PASSED] - callTestCase(findTestCase("0.1-Login"), [:], STOP_ON_FAILURE): Call Test Case 'Test Cases/0.1-Login' successfully

2023-03-09 13:25:36 - [TEST_CASE][PASSED] - Test Cases/0.1-Login: Test Cases/0.1-Login

2023-03-09 13:25:36 - [TEST_STEP][PASSED] - openBrowser(""): Browser is opened with url: ''

2023-03-09 13:25:36 - [MESSAGE][WARNING] - A browser is already opened. Closing browser and opening a new one

2023-03-09 13:25:37 - [MESSAGE][INFO] - Starting 'Chrome' driver

2023-03-09 13:25:37 - [MESSAGE][INFO] - Action delay is set to 0 milliseconds

2023-03-09 13:25:38 - [MESSAGE][PASSED] - Browser is opened with url: ''

2023-03-09 13:25:38 - [TEST_STEP][PASSED] - maximizeWindow(): Current window maximized

2023-03-09 13:25:38 - [MESSAGE][PASSED] - Current window maximized

2023-03-09 13:25:38 - [TEST_STEP][PASSED] - i = G_Login: null

2023-03-09 13:25:38 - [TEST_STEP][PASSED] - url = new java.net.URL(i): null

2023-03-09 13:25:38 - [TEST_STEP][PASSED] - println("URL: " + url.toString()): null

2023-03-09 13:25:38 - [TEST_STEP][PASSED] - connection = url.openConnection(): null

2023-03-09 13:25:38 - [TEST_STEP][PASSED] - connection.setRequestMethod("GET"): null

2023-03-09 13:25:38 - [TEST_STEP][PASSED] - connection.setReadTimeout(2 * 1000): null

2023-03-09 13:25:38 - [TEST_STEP][PASSED] - try: null

2023-03-09 13:25:38 - [TEST_STEP][PASSED] - connection.connect(): null

2023-03-09 13:25:38 - [TEST_STEP][PASSED] - flag = connected: null

2023-03-09 13:25:38 - [TEST_STEP][PASSED] - println("Valor_ori: " + flag): null

2023-03-09 13:25:38 - [TEST_STEP][PASSED] - if (flag): null

2023-03-09 13:25:38 - [TEST_STEP][PASSED] - navigateToUrl(i): Navigate to 'http://192.168.2.19:7001/saraweb' successfully

2023-03-09 13:25:41 - [MESSAGE][PASSED] - Navigate to 'http://192.168.2.19:7001/saraweb' successfully

2023-03-09 13:25:41 - [TEST_STEP][PASSED] - a(): null

2023-03-09 13:25:41 - [TEST_STEP][PASSED] - if (waitForElementVisible(findTestObject("3-OBJECTS UTILIDADES/Login/input_USUARIO_loginusuario"), 0)): null

2023-03-09 13:25:41 - [MESSAGE][WARNING] - Timeout '0' is invalid. Using default page load timeout: '37'

2023-03-09 13:25:41 - [MESSAGE][PASSED] - Object 'Object Repository/3-OBJECTS UTILIDADES/Login/input_USUARIO_loginusuario' is visible

2023-03-09 13:25:41 - [TEST_STEP][PASSED] - switchToWindowTitle("SARA"): Switched to window with title: 'SARA'

2023-03-09 13:25:41 - [MESSAGE][PASSED] - Switched to window with title: 'SARA'

2023-03-09 13:25:41 - [TEST_STEP][PASSED] - zoom(): null

2023-03-09 13:25:41 - [TEST_STEP][PASSED] - robot = new java.awt.Robot(): null

2023-03-09 13:25:41 - [TEST_STEP][PASSED] - robot.keyPress(VK_CONTROL): null

2023-03-09 13:25:41 - [TEST_STEP][PASSED] - robot.keyPress(VK_SUBTRACT): null

2023-03-09 13:25:41 - [TEST_STEP][PASSED] - robot.keyRelease(VK_CONTROL): null

2023-03-09 13:25:41 - [TEST_STEP][PASSED] - robot.keyRelease(VK_SUBTRACT): null

2023-03-09 13:25:41 - [TEST_STEP][PASSED] - robot.keyPress(VK_CONTROL): null

2023-03-09 13:25:41 - [TEST_STEP][PASSED] - robot.keyPress(VK_SUBTRACT): null

2023-03-09 13:25:41 - [TEST_STEP][PASSED] - robot.keyRelease(VK_CONTROL): null

2023-03-09 13:25:41 - [TEST_STEP][PASSED] - robot.keyRelease(VK_SUBTRACT): null

2023-03-09 13:25:41 - [TEST_STEP][PASSED] - robot.keyPress(VK_CONTROL): null

2023-03-09 13:25:41 - [TEST_STEP][PASSED] - robot.keyPress(VK_SUBTRACT): null

2023-03-09 13:25:41 - [TEST_STEP][PASSED] - robot.keyRelease(VK_CONTROL): null

2023-03-09 13:25:41 - [TEST_STEP][PASSED] - robot.keyRelease(VK_SUBTRACT): null

2023-03-09 13:25:41 - [TEST_STEP][PASSED] - robot.keyRelease(VK_CONTROL): null

2023-03-09 13:25:41 - [TEST_STEP][PASSED] - robot.keyRelease(VK_SUBTRACT): null

2023-03-09 13:25:41 - [TEST_STEP][PASSED] - setText(findTestObject("3-OBJECTS UTILIDADES/Login/input_USUARIO_loginusuario"), G_Usuario): Text 'weblogic' is set on object 'Object Repository/3-OBJECTS UTILIDADES/Login/input_USUARIO_loginusuario'

2023-03-09 13:25:42 - [MESSAGE][PASSED] - Text 'weblogic' is set on object 'Object Repository/3-OBJECTS UTILIDADES/Login/input_USUARIO_loginusuario'

2023-03-09 13:25:42 - [TEST_STEP][PASSED] - setEncryptedText(findTestObject("3-OBJECTS UTILIDADES/Login/input_CLAVE_loginpassword"), "SlAwMcyRKqrwbnzhAs8HhT6NnI7sEyng"): Text ****** has been set on object 'Object Repository/3-OBJECTS UTILIDADES/Login/input_CLAVE_loginpassword'

2023-03-09 13:25:45 - [MESSAGE][PASSED] - Text ****** has been set on object 'Object Repository/3-OBJECTS UTILIDADES/Login/input_CLAVE_loginpassword'

2023-03-09 13:25:45 - [TEST_STEP][PASSED] - while (waitForElementClickable(findTestObject("3-OBJECTS UTILIDADES/Login/a_Ingresar"), 1)): Web element with id: 'Object Repository/3-OBJECTS UTILIDADES/Login/a_Ingresar' located by '//a[contains(text(),'Ingresar')]' not found

2023-03-09 13:25:48 - [MESSAGE][INFO] - Unable to find the element located by 'By.xpath: //a[contains(text(),'Ingresar')]'. Please recheck the objects properties to make sure the desired element is located. 

2023-03-09 13:25:48 - [MESSAGE][WARNING] - Web element with id: 'Object Repository/3-OBJECTS UTILIDADES/Login/a_Ingresar' located by '//a[contains(text(),'Ingresar')]' not found

2023-03-09 13:25:48 - [MESSAGE][PASSED] - Call Test Case 'Test Cases/0.1-Login' successfully

2023-03-09 13:25:48 - [TEST_STEP][PASSED] - setText(findTestObject("3-OBJECTS UTILIDADES/Modulo Auditoria/input_Empresa 1_form_templatej_idt24_input"), "Auditoria"): Text 'Auditoria' is set on object 'Object Repository/3-OBJECTS UTILIDADES/Modulo Auditoria/input_Empresa 1_form_templatej_idt24_input'

2023-03-09 13:25:48 - [MESSAGE][PASSED] - Text 'Auditoria' is set on object 'Object Repository/3-OBJECTS UTILIDADES/Modulo Auditoria/input_Empresa 1_form_templatej_idt24_input'

2023-03-09 13:25:48 - [TEST_STEP][PASSED] - click(findTestObject("3-OBJECTS UTILIDADES/Modulo Auditoria/li_Auditoria (com)")): Object: 'Object Repository/3-OBJECTS UTILIDADES/Modulo Auditoria/li_Auditoria (com)' is clicked on

2023-03-09 13:25:50 - [MESSAGE][PASSED] - Object: 'Object Repository/3-OBJECTS UTILIDADES/Modulo Auditoria/li_Auditoria (com)' is clicked on

2023-03-09 13:25:50 - [MESSAGE][PASSED] - Call Test Case 'Test Cases/Utilidades-(atajos_para _tareas)/Modulos/Modulo Auditoria' successfully

2023-03-09 13:25:50 - [TEST_STEP][PASSED] - click(findTestObject("2-OBJECTS TAREAS SECUNDARIAS/Pruebas Auditoria/Seguimiento_a_objeto_Succeso_Acceso/a_Suceso Acceso")): Object: 'Object Repository/2-OBJECTS TAREAS SECUNDARIAS/Pruebas Auditoria/Seguimiento_a_objeto_Succeso_Acceso/a_Suceso Acceso' is clicked on

2023-03-09 13:25:52 - [MESSAGE][PASSED] - Object: 'Object Repository/2-OBJECTS TAREAS SECUNDARIAS/Pruebas Auditoria/Seguimiento_a_objeto_Succeso_Acceso/a_Suceso Acceso' is clicked on

2023-03-09 13:25:52 - [TEST_STEP][PASSED] - setText(findTestObject("2-OBJECTS TAREAS SECUNDARIAS/Pruebas Auditoria/Seguimiento_a_objeto_Succeso_Acceso/input_Vista Suceso Acceso Sistema_form_visorj_idt253j_idt306"), "saraadmin"): Text 'saraadmin' is set on object 'Object Repository/2-OBJECTS TAREAS SECUNDARIAS/Pruebas Auditoria/Seguimiento_a_objeto_Succeso_Acceso/input_Vista Suceso Acceso Sistema_form_visorj_idt253j_idt306'

2023-03-09 13:25:55 - [MESSAGE][PASSED] - Text 'saraadmin' is set on object 'Object Repository/2-OBJECTS TAREAS SECUNDARIAS/Pruebas Auditoria/Seguimiento_a_objeto_Succeso_Acceso/input_Vista Suceso Acceso Sistema_form_visorj_idt253j_idt306'

2023-03-09 13:25:55 - [TEST_STEP][PASSED] - sendKeys(findTestObject("2-OBJECTS TAREAS SECUNDARIAS/Pruebas Auditoria/Seguimiento_a_objeto_Succeso_Acceso/input_Vista Suceso Acceso Sistema_form_visorj_idt253j_idt306"), Keys.chord(ENTER)): Keys 'ENTER + ' sent to object: 'Object Repository/2-OBJECTS TAREAS SECUNDARIAS/Pruebas Auditoria/Seguimiento_a_objeto_Succeso_Acceso/input_Vista Suceso Acceso Sistema_form_visorj_idt253j_idt306'

2023-03-09 13:25:55 - [MESSAGE][PASSED] - Keys 'ENTER + ' sent to object: 'Object Repository/2-OBJECTS TAREAS SECUNDARIAS/Pruebas Auditoria/Seguimiento_a_objeto_Succeso_Acceso/input_Vista Suceso Acceso Sistema_form_visorj_idt253j_idt306'

2023-03-09 13:25:55 - [TEST_STEP][PASSED] - waitForElementVisible(findTestObject("2-OBJECTS TAREAS SECUNDARIAS/Pruebas Auditoria/Seguimiento_a_objeto_Succeso_Acceso/td_18012022 092902"), 0): Web element with id: 'Object Repository/2-OBJECTS TAREAS SECUNDARIAS/Pruebas Auditoria/Seguimiento_a_objeto_Succeso_Acceso/td_18012022 092902' located by '//*/text()[normalize-space(.)='18/01/2022 09:29:02']/parent::*' not found

2023-03-09 13:25:55 - [MESSAGE][WARNING] - Timeout '0' is invalid. Using default page load timeout: '37'

2023-03-09 13:26:33 - [MESSAGE][INFO] - Unable to find the element located by 'By.xpath: //*/text()[normalize-space(.)='18/01/2022 09:29:02']/parent::*'. Please recheck the objects properties to make sure the desired element is located. 

2023-03-09 13:26:33 - [MESSAGE][WARNING] - Web element with id: 'Object Repository/2-OBJECTS TAREAS SECUNDARIAS/Pruebas Auditoria/Seguimiento_a_objeto_Succeso_Acceso/td_18012022 092902' located by '//*/text()[normalize-space(.)='18/01/2022 09:29:02']/parent::*' not found

2023-03-09 13:26:33 - [TEST_STEP][PASSED] - click(findTestObject("2-OBJECTS TAREAS SECUNDARIAS/Pruebas Auditoria/Seguimiento_a_objeto_Succeso_Acceso/div_Fecha_ui-chkbox-box ui-widget ui-corner-all ui-state-default ui-state-hover")): Object: 'Object Repository/2-OBJECTS TAREAS SECUNDARIAS/Pruebas Auditoria/Seguimiento_a_objeto_Succeso_Acceso/div_Fecha_ui-chkbox-box ui-widget ui-corner-all ui-state-default ui-state-hover' is clicked on

2023-03-09 13:26:34 - [MESSAGE][PASSED] - Object: 'Object Repository/2-OBJECTS TAREAS SECUNDARIAS/Pruebas Auditoria/Seguimiento_a_objeto_Succeso_Acceso/div_Fecha_ui-chkbox-box ui-widget ui-corner-all ui-state-default ui-state-hover' is clicked on

2023-03-09 13:26:34 - [TEST_STEP][PASSED] - click(findTestObject("2-OBJECTS TAREAS SECUNDARIAS/Pruebas Auditoria/Seguimiento_a_objeto_Succeso_Acceso/img_csv")): Object: 'Object Repository/2-OBJECTS TAREAS SECUNDARIAS/Pruebas Auditoria/Seguimiento_a_objeto_Succeso_Acceso/img_csv' is clicked on

2023-03-09 13:26:36 - [MESSAGE][PASSED] - Object: 'Object Repository/2-OBJECTS TAREAS SECUNDARIAS/Pruebas Auditoria/Seguimiento_a_objeto_Succeso_Acceso/img_csv' is clicked on

2023-03-09 13:26:36 - [TEST_STEP][PASSED] - click(findTestObject("2-OBJECTS TAREAS SECUNDARIAS/Pruebas Auditoria/Seguimiento_a_objeto_Succeso_Acceso/img_PDF")): Object: 'Object Repository/2-OBJECTS TAREAS SECUNDARIAS/Pruebas Auditoria/Seguimiento_a_objeto_Succeso_Acceso/img_PDF' is clicked on

2023-03-09 13:26:39 - [MESSAGE][PASSED] - Object: 'Object Repository/2-OBJECTS TAREAS SECUNDARIAS/Pruebas Auditoria/Seguimiento_a_objeto_Succeso_Acceso/img_PDF' is clicked on

2023-03-09 13:26:39 - [TEST_STEP][PASSED] - click(findTestObject("2-OBJECTS TAREAS SECUNDARIAS/Pruebas Auditoria/Seguimiento_a_objeto_Succeso_Acceso/img_xls")): Object: 'Object Repository/2-OBJECTS TAREAS SECUNDARIAS/Pruebas Auditoria/Seguimiento_a_objeto_Succeso_Acceso/img_xls' is clicked on

2023-03-09 13:26:45 - [MESSAGE][PASSED] - Object: 'Object Repository/2-OBJECTS TAREAS SECUNDARIAS/Pruebas Auditoria/Seguimiento_a_objeto_Succeso_Acceso/img_xls' is clicked on

2023-03-09 13:26:45 - [TEST_STEP][PASSED] - setText(findTestObject("2-OBJECTS TAREAS SECUNDARIAS/Pruebas Auditoria/Seguimiento_a_objeto_Succeso_Acceso/input_Vista Suceso Acceso Sistema_form_visorj_idt253j_idt306"), "weblogic"): Text 'weblogic' is set on object 'Object Repository/2-OBJECTS TAREAS SECUNDARIAS/Pruebas Auditoria/Seguimiento_a_objeto_Succeso_Acceso/input_Vista Suceso Acceso Sistema_form_visorj_idt253j_idt306'

2023-03-09 13:26:47 - [MESSAGE][PASSED] - Text 'weblogic' is set on object 'Object Repository/2-OBJECTS TAREAS SECUNDARIAS/Pruebas Auditoria/Seguimiento_a_objeto_Succeso_Acceso/input_Vista Suceso Acceso Sistema_form_visorj_idt253j_idt306'

2023-03-09 13:26:47 - [TEST_STEP][PASSED] - sendKeys(findTestObject("2-OBJECTS TAREAS SECUNDARIAS/Pruebas Auditoria/Seguimiento_a_objeto_Succeso_Acceso/input_Vista Suceso Acceso Sistema_form_visorj_idt253j_idt306"), Keys.chord(ENTER)): Keys 'ENTER + ' sent to object: 'Object Repository/2-OBJECTS TAREAS SECUNDARIAS/Pruebas Auditoria/Seguimiento_a_objeto_Succeso_Acceso/input_Vista Suceso Acceso Sistema_form_visorj_idt253j_idt306'

2023-03-09 13:26:48 - [MESSAGE][PASSED] - Keys 'ENTER + ' sent to object: 'Object Repository/2-OBJECTS TAREAS SECUNDARIAS/Pruebas Auditoria/Seguimiento_a_objeto_Succeso_Acceso/input_Vista Suceso Acceso Sistema_form_visorj_idt253j_idt306'

2023-03-09 13:26:48 - [TEST_STEP][PASSED] - sendKeys(findTestObject("2-OBJECTS TAREAS SECUNDARIAS/Pruebas Auditoria/Seguimiento_a_objeto_Succeso_Acceso/input_Vista Suceso Acceso Sistema_form_visorj_idt253j_idt306"), Keys.chord(ENTER)): Keys 'ENTER + ' sent to object: 'Object Repository/2-OBJECTS TAREAS SECUNDARIAS/Pruebas Auditoria/Seguimiento_a_objeto_Succeso_Acceso/input_Vista Suceso Acceso Sistema_form_visorj_idt253j_idt306'

2023-03-09 13:26:49 - [MESSAGE][PASSED] - Keys 'ENTER + ' sent to object: 'Object Repository/2-OBJECTS TAREAS SECUNDARIAS/Pruebas Auditoria/Seguimiento_a_objeto_Succeso_Acceso/input_Vista Suceso Acceso Sistema_form_visorj_idt253j_idt306'

2023-03-09 13:26:49 - [TEST_STEP][PASSED] - waitForElementVisible(findTestObject("2-OBJECTS TAREAS SECUNDARIAS/Pruebas Auditoria/Seguimiento_a_objeto_Succeso_Acceso/td_17012022 031118"), 0): Web element with id: 'Object Repository/2-OBJECTS TAREAS SECUNDARIAS/Pruebas Auditoria/Seguimiento_a_objeto_Succeso_Acceso/td_17012022 031118' located by '//*/text()[normalize-space(.)='17/01/2022 03:11:18']/parent::*' not found

2023-03-09 13:26:49 - [MESSAGE][WARNING] - Timeout '0' is invalid. Using default page load timeout: '37'

2023-03-09 13:27:27 - [MESSAGE][INFO] - Unable to find the element located by 'By.xpath: //*/text()[normalize-space(.)='17/01/2022 03:11:18']/parent::*'. Please recheck the objects properties to make sure the desired element is located. 

2023-03-09 13:27:27 - [MESSAGE][WARNING] - Web element with id: 'Object Repository/2-OBJECTS TAREAS SECUNDARIAS/Pruebas Auditoria/Seguimiento_a_objeto_Succeso_Acceso/td_17012022 031118' located by '//*/text()[normalize-space(.)='17/01/2022 03:11:18']/parent::*' not found

2023-03-09 13:27:27 - [TEST_STEP][PASSED] - click(findTestObject("2-OBJECTS TAREAS SECUNDARIAS/Pruebas Auditoria/Seguimiento_a_objeto_Succeso_Acceso/input_Vista Suceso Acceso Sistema_form_visorj_idt253j_idt306")): Object: 'Object Repository/2-OBJECTS TAREAS SECUNDARIAS/Pruebas Auditoria/Seguimiento_a_objeto_Succeso_Acceso/input_Vista Suceso Acceso Sistema_form_visorj_idt253j_idt306' is clicked on

2023-03-09 13:27:27 - [MESSAGE][PASSED] - Object: 'Object Repository/2-OBJECTS TAREAS SECUNDARIAS/Pruebas Auditoria/Seguimiento_a_objeto_Succeso_Acceso/input_Vista Suceso Acceso Sistema_form_visorj_idt253j_idt306' is clicked on

2023-03-09 13:27:27 - [TEST_STEP][PASSED] - click(findTestObject("2-OBJECTS TAREAS SECUNDARIAS/Pruebas Auditoria/Seguimiento_a_objeto_Succeso_Acceso/img_csv")): Object: 'Object Repository/2-OBJECTS TAREAS SECUNDARIAS/Pruebas Auditoria/Seguimiento_a_objeto_Succeso_Acceso/img_csv' is clicked on

2023-03-09 13:27:28 - [MESSAGE][PASSED] - Object: 'Object Repository/2-OBJECTS TAREAS SECUNDARIAS/Pruebas Auditoria/Seguimiento_a_objeto_Succeso_Acceso/img_csv' is clicked on

2023-03-09 13:27:28 - [TEST_STEP][PASSED] - click(findTestObject("2-OBJECTS TAREAS SECUNDARIAS/Pruebas Auditoria/Seguimiento_a_objeto_Succeso_Acceso/img_PDF")): Object: 'Object Repository/2-OBJECTS TAREAS SECUNDARIAS/Pruebas Auditoria/Seguimiento_a_objeto_Succeso_Acceso/img_PDF' is clicked on

2023-03-09 13:27:29 - [MESSAGE][PASSED] - Object: 'Object Repository/2-OBJECTS TAREAS SECUNDARIAS/Pruebas Auditoria/Seguimiento_a_objeto_Succeso_Acceso/img_PDF' is clicked on

2023-03-09 13:27:29 - [TEST_STEP][PASSED] - click(findTestObject("2-OBJECTS TAREAS SECUNDARIAS/Pruebas Auditoria/Seguimiento_a_objeto_Succeso_Acceso/img_xls")): Object: 'Object Repository/2-OBJECTS TAREAS SECUNDARIAS/Pruebas Auditoria/Seguimiento_a_objeto_Succeso_Acceso/img_xls' is clicked on

2023-03-09 13:27:30 - [MESSAGE][PASSED] - Object: 'Object Repository/2-OBJECTS TAREAS SECUNDARIAS/Pruebas Auditoria/Seguimiento_a_objeto_Succeso_Acceso/img_xls' is clicked on

2023-03-09 13:27:30 - [TEST_STEP][PASSED] - closeBrowser(): Browser is closed

2023-03-09 13:27:31 - [MESSAGE][PASSED] - Browser is closed]]></system-out>
         <system-err><![CDATA[]]></system-err>
      </testcase>
      <testcase name="Test Cases/1.2-Tareas_Secundarias/8.1-Pruebas_Auditoria/8.1.5-Seguimiento_a_objeto_Succeso_Petición" time="50.283" classname="Test Cases/1.2-Tareas_Secundarias/8.1-Pruebas_Auditoria/8.1.5-Seguimiento_a_objeto_Succeso_Petición" status="PASSED">
         <system-out><![CDATA[2023-03-09 13:27:31 - [TEST_CASE][PASSED] - Test Cases/1.2-Tareas_Secundarias/8.1-Pruebas_Auditoria/8.1.5-Seguimiento_a_objeto_Succeso_Petición: Test Cases/1.2-Tareas_Secundarias/8.1-Pruebas_Auditoria/8.1.5-Seguimiento_a_objeto_Succeso_Petición

2023-03-09 13:27:32 - [TEST_STEP][PASSED] - callTestCase(findTestCase("Utilidades-(atajos_para _tareas)/Modulos/Modulo Auditoria"), [:], STOP_ON_FAILURE): Call Test Case 'Test Cases/Utilidades-(atajos_para _tareas)/Modulos/Modulo Auditoria' successfully

2023-03-09 13:27:32 - [TEST_CASE][PASSED] - Test Cases/Utilidades-(atajos_para _tareas)/Modulos/Modulo Auditoria: Test Cases/Utilidades-(atajos_para _tareas)/Modulos/Modulo Auditoria

2023-03-09 13:27:32 - [TEST_STEP][PASSED] - callTestCase(findTestCase("0.1-Login"), [:], STOP_ON_FAILURE): Call Test Case 'Test Cases/0.1-Login' successfully

2023-03-09 13:27:32 - [TEST_CASE][PASSED] - Test Cases/0.1-Login: Test Cases/0.1-Login

2023-03-09 13:27:32 - [TEST_STEP][PASSED] - openBrowser(""): Browser is opened with url: ''

2023-03-09 13:27:32 - [MESSAGE][INFO] - Starting 'Chrome' driver

2023-03-09 13:27:32 - [MESSAGE][INFO] - Action delay is set to 0 milliseconds

2023-03-09 13:27:33 - [MESSAGE][PASSED] - Browser is opened with url: ''

2023-03-09 13:27:33 - [TEST_STEP][PASSED] - maximizeWindow(): Current window maximized

2023-03-09 13:27:33 - [MESSAGE][PASSED] - Current window maximized

2023-03-09 13:27:33 - [TEST_STEP][PASSED] - i = G_Login: null

2023-03-09 13:27:33 - [TEST_STEP][PASSED] - url = new java.net.URL(i): null

2023-03-09 13:27:33 - [TEST_STEP][PASSED] - println("URL: " + url.toString()): null

2023-03-09 13:27:33 - [TEST_STEP][PASSED] - connection = url.openConnection(): null

2023-03-09 13:27:33 - [TEST_STEP][PASSED] - connection.setRequestMethod("GET"): null

2023-03-09 13:27:33 - [TEST_STEP][PASSED] - connection.setReadTimeout(2 * 1000): null

2023-03-09 13:27:33 - [TEST_STEP][PASSED] - try: null

2023-03-09 13:27:33 - [TEST_STEP][PASSED] - connection.connect(): null

2023-03-09 13:27:33 - [TEST_STEP][PASSED] - flag = connected: null

2023-03-09 13:27:33 - [TEST_STEP][PASSED] - println("Valor_ori: " + flag): null

2023-03-09 13:27:33 - [TEST_STEP][PASSED] - if (flag): null

2023-03-09 13:27:33 - [TEST_STEP][PASSED] - navigateToUrl(i): Navigate to 'http://192.168.2.19:7001/saraweb' successfully

2023-03-09 13:27:36 - [MESSAGE][PASSED] - Navigate to 'http://192.168.2.19:7001/saraweb' successfully

2023-03-09 13:27:36 - [TEST_STEP][PASSED] - a(): null

2023-03-09 13:27:36 - [TEST_STEP][PASSED] - if (waitForElementVisible(findTestObject("3-OBJECTS UTILIDADES/Login/input_USUARIO_loginusuario"), 0)): null

2023-03-09 13:27:36 - [MESSAGE][WARNING] - Timeout '0' is invalid. Using default page load timeout: '37'

2023-03-09 13:27:36 - [MESSAGE][PASSED] - Object 'Object Repository/3-OBJECTS UTILIDADES/Login/input_USUARIO_loginusuario' is visible

2023-03-09 13:27:36 - [TEST_STEP][PASSED] - switchToWindowTitle("SARA"): Switched to window with title: 'SARA'

2023-03-09 13:27:36 - [MESSAGE][PASSED] - Switched to window with title: 'SARA'

2023-03-09 13:27:36 - [TEST_STEP][PASSED] - zoom(): null

2023-03-09 13:27:36 - [TEST_STEP][PASSED] - robot = new java.awt.Robot(): null

2023-03-09 13:27:36 - [TEST_STEP][PASSED] - robot.keyPress(VK_CONTROL): null

2023-03-09 13:27:36 - [TEST_STEP][PASSED] - robot.keyPress(VK_SUBTRACT): null

2023-03-09 13:27:36 - [TEST_STEP][PASSED] - robot.keyRelease(VK_CONTROL): null

2023-03-09 13:27:36 - [TEST_STEP][PASSED] - robot.keyRelease(VK_SUBTRACT): null

2023-03-09 13:27:36 - [TEST_STEP][PASSED] - robot.keyPress(VK_CONTROL): null

2023-03-09 13:27:36 - [TEST_STEP][PASSED] - robot.keyPress(VK_SUBTRACT): null

2023-03-09 13:27:36 - [TEST_STEP][PASSED] - robot.keyRelease(VK_CONTROL): null

2023-03-09 13:27:36 - [TEST_STEP][PASSED] - robot.keyRelease(VK_SUBTRACT): null

2023-03-09 13:27:36 - [TEST_STEP][PASSED] - robot.keyPress(VK_CONTROL): null

2023-03-09 13:27:36 - [TEST_STEP][PASSED] - robot.keyPress(VK_SUBTRACT): null

2023-03-09 13:27:36 - [TEST_STEP][PASSED] - robot.keyRelease(VK_CONTROL): null

2023-03-09 13:27:36 - [TEST_STEP][PASSED] - robot.keyRelease(VK_SUBTRACT): null

2023-03-09 13:27:36 - [TEST_STEP][PASSED] - robot.keyRelease(VK_CONTROL): null

2023-03-09 13:27:36 - [TEST_STEP][PASSED] - robot.keyRelease(VK_SUBTRACT): null

2023-03-09 13:27:36 - [TEST_STEP][PASSED] - setText(findTestObject("3-OBJECTS UTILIDADES/Login/input_USUARIO_loginusuario"), G_Usuario): Text 'weblogic' is set on object 'Object Repository/3-OBJECTS UTILIDADES/Login/input_USUARIO_loginusuario'

2023-03-09 13:27:37 - [MESSAGE][PASSED] - Text 'weblogic' is set on object 'Object Repository/3-OBJECTS UTILIDADES/Login/input_USUARIO_loginusuario'

2023-03-09 13:27:37 - [TEST_STEP][PASSED] - setEncryptedText(findTestObject("3-OBJECTS UTILIDADES/Login/input_CLAVE_loginpassword"), "SlAwMcyRKqrwbnzhAs8HhT6NnI7sEyng"): Text ****** has been set on object 'Object Repository/3-OBJECTS UTILIDADES/Login/input_CLAVE_loginpassword'

2023-03-09 13:27:41 - [MESSAGE][PASSED] - Text ****** has been set on object 'Object Repository/3-OBJECTS UTILIDADES/Login/input_CLAVE_loginpassword'

2023-03-09 13:27:41 - [TEST_STEP][PASSED] - while (waitForElementClickable(findTestObject("3-OBJECTS UTILIDADES/Login/a_Ingresar"), 1)): Web element with id: 'Object Repository/3-OBJECTS UTILIDADES/Login/a_Ingresar' located by '//a[contains(text(),'Ingresar')]' not found

2023-03-09 13:27:43 - [MESSAGE][INFO] - Unable to find the element located by 'By.xpath: //a[contains(text(),'Ingresar')]'. Please recheck the objects properties to make sure the desired element is located. 

2023-03-09 13:27:43 - [MESSAGE][WARNING] - Web element with id: 'Object Repository/3-OBJECTS UTILIDADES/Login/a_Ingresar' located by '//a[contains(text(),'Ingresar')]' not found

2023-03-09 13:27:43 - [MESSAGE][PASSED] - Call Test Case 'Test Cases/0.1-Login' successfully

2023-03-09 13:27:43 - [TEST_STEP][PASSED] - setText(findTestObject("3-OBJECTS UTILIDADES/Modulo Auditoria/input_Empresa 1_form_templatej_idt24_input"), "Auditoria"): Text 'Auditoria' is set on object 'Object Repository/3-OBJECTS UTILIDADES/Modulo Auditoria/input_Empresa 1_form_templatej_idt24_input'

2023-03-09 13:27:44 - [MESSAGE][PASSED] - Text 'Auditoria' is set on object 'Object Repository/3-OBJECTS UTILIDADES/Modulo Auditoria/input_Empresa 1_form_templatej_idt24_input'

2023-03-09 13:27:44 - [TEST_STEP][PASSED] - click(findTestObject("3-OBJECTS UTILIDADES/Modulo Auditoria/li_Auditoria (com)")): Object: 'Object Repository/3-OBJECTS UTILIDADES/Modulo Auditoria/li_Auditoria (com)' is clicked on

2023-03-09 13:27:46 - [MESSAGE][PASSED] - Object: 'Object Repository/3-OBJECTS UTILIDADES/Modulo Auditoria/li_Auditoria (com)' is clicked on

2023-03-09 13:27:46 - [MESSAGE][PASSED] - Call Test Case 'Test Cases/Utilidades-(atajos_para _tareas)/Modulos/Modulo Auditoria' successfully

2023-03-09 13:27:46 - [TEST_STEP][PASSED] - click(findTestObject("2-OBJECTS TAREAS SECUNDARIAS/Pruebas Auditoria/Seguimiento_a_objeto_Succeso_Petición/a_Suceso Peticin"), STOP_ON_FAILURE): Object: 'Object Repository/2-OBJECTS TAREAS SECUNDARIAS/Pruebas Auditoria/Seguimiento_a_objeto_Succeso_Petición/a_Suceso Peticin' is clicked on

2023-03-09 13:27:48 - [MESSAGE][PASSED] - Object: 'Object Repository/2-OBJECTS TAREAS SECUNDARIAS/Pruebas Auditoria/Seguimiento_a_objeto_Succeso_Petición/a_Suceso Peticin' is clicked on

2023-03-09 13:27:48 - [TEST_STEP][PASSED] - Cedula = getText(findTestObject("2-OBJECTS TAREAS SECUNDARIAS/Pruebas Auditoria/Seguimiento_a_objeto_Succeso_Petición/td_712854829")): Text of object 'Object Repository/2-OBJECTS TAREAS SECUNDARIAS/Pruebas Auditoria/Seguimiento_a_objeto_Succeso_Petición/td_712854829' is: '1559240878'

2023-03-09 13:27:54 - [MESSAGE][PASSED] - Text of object 'Object Repository/2-OBJECTS TAREAS SECUNDARIAS/Pruebas Auditoria/Seguimiento_a_objeto_Succeso_Petición/td_712854829' is: '1559240878'

2023-03-09 13:27:54 - [TEST_STEP][PASSED] - setText(findTestObject("2-OBJECTS TAREAS SECUNDARIAS/Pruebas Auditoria/Seguimiento_a_objeto_Succeso_Petición/input_Vista Suceso Acceso Peticion_form_peticionj_idt337j_idt340"), Cedula): Text '1559240878' is set on object 'Object Repository/2-OBJECTS TAREAS SECUNDARIAS/Pruebas Auditoria/Seguimiento_a_objeto_Succeso_Petición/input_Vista Suceso Acceso Peticion_form_peticionj_idt337j_idt340'

2023-03-09 13:27:55 - [MESSAGE][PASSED] - Text '1559240878' is set on object 'Object Repository/2-OBJECTS TAREAS SECUNDARIAS/Pruebas Auditoria/Seguimiento_a_objeto_Succeso_Petición/input_Vista Suceso Acceso Peticion_form_peticionj_idt337j_idt340'

2023-03-09 13:27:55 - [TEST_STEP][PASSED] - sendKeys(findTestObject("2-OBJECTS TAREAS SECUNDARIAS/Pruebas Auditoria/Seguimiento_a_objeto_Succeso_Petición/input_Vista Suceso Acceso Peticion_form_peticionj_idt337j_idt340"), Keys.chord(ENTER)): Keys 'ENTER + ' sent to object: 'Object Repository/2-OBJECTS TAREAS SECUNDARIAS/Pruebas Auditoria/Seguimiento_a_objeto_Succeso_Petición/input_Vista Suceso Acceso Peticion_form_peticionj_idt337j_idt340'

2023-03-09 13:27:56 - [MESSAGE][PASSED] - Keys 'ENTER + ' sent to object: 'Object Repository/2-OBJECTS TAREAS SECUNDARIAS/Pruebas Auditoria/Seguimiento_a_objeto_Succeso_Petición/input_Vista Suceso Acceso Peticion_form_peticionj_idt337j_idt340'

2023-03-09 13:27:56 - [TEST_STEP][PASSED] - waitForElementVisible(findTestObject("2-OBJECTS TAREAS SECUNDARIAS/Pruebas Auditoria/Seguimiento_a_objeto_Succeso_Petición/a_Conexin_btn-limpiar-campo"), 0): Object 'Object Repository/2-OBJECTS TAREAS SECUNDARIAS/Pruebas Auditoria/Seguimiento_a_objeto_Succeso_Petición/a_Conexin_btn-limpiar-campo' is visible

2023-03-09 13:27:56 - [MESSAGE][WARNING] - Timeout '0' is invalid. Using default page load timeout: '37'

2023-03-09 13:28:05 - [MESSAGE][PASSED] - Object 'Object Repository/2-OBJECTS TAREAS SECUNDARIAS/Pruebas Auditoria/Seguimiento_a_objeto_Succeso_Petición/a_Conexin_btn-limpiar-campo' is visible

2023-03-09 13:28:05 - [TEST_STEP][PASSED] - click(findTestObject("2-OBJECTS TAREAS SECUNDARIAS/Pruebas Auditoria/Seguimiento_a_objeto_Succeso_Petición/a_Conexin_btn-limpiar-campo")): Object: 'Object Repository/2-OBJECTS TAREAS SECUNDARIAS/Pruebas Auditoria/Seguimiento_a_objeto_Succeso_Petición/a_Conexin_btn-limpiar-campo' is clicked on

2023-03-09 13:28:11 - [MESSAGE][PASSED] - Object: 'Object Repository/2-OBJECTS TAREAS SECUNDARIAS/Pruebas Auditoria/Seguimiento_a_objeto_Succeso_Petición/a_Conexin_btn-limpiar-campo' is clicked on

2023-03-09 13:28:11 - [TEST_STEP][PASSED] - Cedula1 = getText(findTestObject("2-OBJECTS TAREAS SECUNDARIAS/Pruebas Auditoria/Seguimiento_a_objeto_Succeso_Petición/td_1907626860")): Text of object 'Object Repository/2-OBJECTS TAREAS SECUNDARIAS/Pruebas Auditoria/Seguimiento_a_objeto_Succeso_Petición/td_1907626860' is: '2007372737'

2023-03-09 13:28:12 - [MESSAGE][PASSED] - Text of object 'Object Repository/2-OBJECTS TAREAS SECUNDARIAS/Pruebas Auditoria/Seguimiento_a_objeto_Succeso_Petición/td_1907626860' is: '2007372737'

2023-03-09 13:28:12 - [TEST_STEP][PASSED] - setText(findTestObject("2-OBJECTS TAREAS SECUNDARIAS/Pruebas Auditoria/Seguimiento_a_objeto_Succeso_Petición/input_Vista Suceso Acceso Peticion_form_peticionj_idt337j_idt340"), Cedula1): Text '2007372737' is set on object 'Object Repository/2-OBJECTS TAREAS SECUNDARIAS/Pruebas Auditoria/Seguimiento_a_objeto_Succeso_Petición/input_Vista Suceso Acceso Peticion_form_peticionj_idt337j_idt340'

2023-03-09 13:28:13 - [MESSAGE][PASSED] - Text '2007372737' is set on object 'Object Repository/2-OBJECTS TAREAS SECUNDARIAS/Pruebas Auditoria/Seguimiento_a_objeto_Succeso_Petición/input_Vista Suceso Acceso Peticion_form_peticionj_idt337j_idt340'

2023-03-09 13:28:13 - [TEST_STEP][PASSED] - sendKeys(findTestObject("2-OBJECTS TAREAS SECUNDARIAS/Pruebas Auditoria/Seguimiento_a_objeto_Succeso_Petición/input_Vista Suceso Acceso Peticion_form_peticionj_idt337j_idt340"), Keys.chord(ENTER)): Keys 'ENTER + ' sent to object: 'Object Repository/2-OBJECTS TAREAS SECUNDARIAS/Pruebas Auditoria/Seguimiento_a_objeto_Succeso_Petición/input_Vista Suceso Acceso Peticion_form_peticionj_idt337j_idt340'

2023-03-09 13:28:13 - [MESSAGE][PASSED] - Keys 'ENTER + ' sent to object: 'Object Repository/2-OBJECTS TAREAS SECUNDARIAS/Pruebas Auditoria/Seguimiento_a_objeto_Succeso_Petición/input_Vista Suceso Acceso Peticion_form_peticionj_idt337j_idt340'

2023-03-09 13:28:13 - [TEST_STEP][PASSED] - Cedula2 = getText(findTestObject("2-OBJECTS TAREAS SECUNDARIAS/Pruebas Auditoria/Seguimiento_a_objeto_Succeso_Petición/td_sarawebwebcommonauditoriaauditoria.jsf")): Text of object 'Object Repository/2-OBJECTS TAREAS SECUNDARIAS/Pruebas Auditoria/Seguimiento_a_objeto_Succeso_Petición/td_sarawebwebcommonauditoriaauditoria.jsf' is: '2007372737'

2023-03-09 13:28:21 - [MESSAGE][PASSED] - Text of object 'Object Repository/2-OBJECTS TAREAS SECUNDARIAS/Pruebas Auditoria/Seguimiento_a_objeto_Succeso_Petición/td_sarawebwebcommonauditoriaauditoria.jsf' is: '2007372737'

2023-03-09 13:28:21 - [TEST_STEP][PASSED] - if (Cedula2 == Cedula1): Browser is closed

2023-03-09 13:28:21 - [TEST_STEP][PASSED] - Resultado = "PRUEBA OK": null

2023-03-09 13:28:21 - [TEST_STEP][PASSED] - closeBrowser(): Browser is closed

2023-03-09 13:28:21 - [MESSAGE][PASSED] - Browser is closed]]></system-out>
         <system-err><![CDATA[]]></system-err>
      </testcase>
      <testcase name="Test Cases/1.2-Tareas_Secundarias/9.1-Pruebas_Evaluaciones/9.1.1-Crear_un_periodo_de_evaluación" time="21.182" classname="Test Cases/1.2-Tareas_Secundarias/9.1-Pruebas_Evaluaciones/9.1.1-Crear_un_periodo_de_evaluación" status="PASSED">
         <system-out><![CDATA[2023-03-09 13:28:21 - [TEST_CASE][PASSED] - Test Cases/1.2-Tareas_Secundarias/9.1-Pruebas_Evaluaciones/9.1.1-Crear_un_periodo_de_evaluación: Test Cases/1.2-Tareas_Secundarias/9.1-Pruebas_Evaluaciones/9.1.1-Crear_un_periodo_de_evaluación

2023-03-09 13:28:22 - [TEST_STEP][PASSED] - callTestCase(findTestCase("0.1-Login"), [:], STOP_ON_FAILURE): Call Test Case 'Test Cases/0.1-Login' successfully

2023-03-09 13:28:22 - [TEST_CASE][PASSED] - Test Cases/0.1-Login: Test Cases/0.1-Login

2023-03-09 13:28:22 - [TEST_STEP][PASSED] - openBrowser(""): Browser is opened with url: ''

2023-03-09 13:28:22 - [MESSAGE][INFO] - Starting 'Chrome' driver

2023-03-09 13:28:22 - [MESSAGE][INFO] - Action delay is set to 0 milliseconds

2023-03-09 13:28:23 - [MESSAGE][PASSED] - Browser is opened with url: ''

2023-03-09 13:28:23 - [TEST_STEP][PASSED] - maximizeWindow(): Current window maximized

2023-03-09 13:28:23 - [MESSAGE][PASSED] - Current window maximized

2023-03-09 13:28:23 - [TEST_STEP][PASSED] - i = G_Login: null

2023-03-09 13:28:23 - [TEST_STEP][PASSED] - url = new java.net.URL(i): null

2023-03-09 13:28:23 - [TEST_STEP][PASSED] - println("URL: " + url.toString()): null

2023-03-09 13:28:23 - [TEST_STEP][PASSED] - connection = url.openConnection(): null

2023-03-09 13:28:23 - [TEST_STEP][PASSED] - connection.setRequestMethod("GET"): null

2023-03-09 13:28:23 - [TEST_STEP][PASSED] - connection.setReadTimeout(2 * 1000): null

2023-03-09 13:28:23 - [TEST_STEP][PASSED] - try: null

2023-03-09 13:28:23 - [TEST_STEP][PASSED] - connection.connect(): null

2023-03-09 13:28:23 - [TEST_STEP][PASSED] - flag = connected: null

2023-03-09 13:28:23 - [TEST_STEP][PASSED] - println("Valor_ori: " + flag): null

2023-03-09 13:28:23 - [TEST_STEP][PASSED] - if (flag): null

2023-03-09 13:28:23 - [TEST_STEP][PASSED] - navigateToUrl(i): Navigate to 'http://192.168.2.19:7001/saraweb' successfully

2023-03-09 13:28:25 - [MESSAGE][PASSED] - Navigate to 'http://192.168.2.19:7001/saraweb' successfully

2023-03-09 13:28:25 - [TEST_STEP][PASSED] - a(): null

2023-03-09 13:28:25 - [TEST_STEP][PASSED] - if (waitForElementVisible(findTestObject("3-OBJECTS UTILIDADES/Login/input_USUARIO_loginusuario"), 0)): null

2023-03-09 13:28:25 - [MESSAGE][WARNING] - Timeout '0' is invalid. Using default page load timeout: '37'

2023-03-09 13:28:25 - [MESSAGE][PASSED] - Object 'Object Repository/3-OBJECTS UTILIDADES/Login/input_USUARIO_loginusuario' is visible

2023-03-09 13:28:25 - [TEST_STEP][PASSED] - switchToWindowTitle("SARA"): Switched to window with title: 'SARA'

2023-03-09 13:28:25 - [MESSAGE][PASSED] - Switched to window with title: 'SARA'

2023-03-09 13:28:25 - [TEST_STEP][PASSED] - zoom(): null

2023-03-09 13:28:25 - [TEST_STEP][PASSED] - robot = new java.awt.Robot(): null

2023-03-09 13:28:25 - [TEST_STEP][PASSED] - robot.keyPress(VK_CONTROL): null

2023-03-09 13:28:25 - [TEST_STEP][PASSED] - robot.keyPress(VK_SUBTRACT): null

2023-03-09 13:28:25 - [TEST_STEP][PASSED] - robot.keyRelease(VK_CONTROL): null

2023-03-09 13:28:25 - [TEST_STEP][PASSED] - robot.keyRelease(VK_SUBTRACT): null

2023-03-09 13:28:25 - [TEST_STEP][PASSED] - robot.keyPress(VK_CONTROL): null

2023-03-09 13:28:25 - [TEST_STEP][PASSED] - robot.keyPress(VK_SUBTRACT): null

2023-03-09 13:28:25 - [TEST_STEP][PASSED] - robot.keyRelease(VK_CONTROL): null

2023-03-09 13:28:25 - [TEST_STEP][PASSED] - robot.keyRelease(VK_SUBTRACT): null

2023-03-09 13:28:25 - [TEST_STEP][PASSED] - robot.keyPress(VK_CONTROL): null

2023-03-09 13:28:25 - [TEST_STEP][PASSED] - robot.keyPress(VK_SUBTRACT): null

2023-03-09 13:28:25 - [TEST_STEP][PASSED] - robot.keyRelease(VK_CONTROL): null

2023-03-09 13:28:25 - [TEST_STEP][PASSED] - robot.keyRelease(VK_SUBTRACT): null

2023-03-09 13:28:25 - [TEST_STEP][PASSED] - robot.keyRelease(VK_CONTROL): null

2023-03-09 13:28:25 - [TEST_STEP][PASSED] - robot.keyRelease(VK_SUBTRACT): null

2023-03-09 13:28:25 - [TEST_STEP][PASSED] - setText(findTestObject("3-OBJECTS UTILIDADES/Login/input_USUARIO_loginusuario"), G_Usuario): Text 'weblogic' is set on object 'Object Repository/3-OBJECTS UTILIDADES/Login/input_USUARIO_loginusuario'

2023-03-09 13:28:26 - [MESSAGE][PASSED] - Text 'weblogic' is set on object 'Object Repository/3-OBJECTS UTILIDADES/Login/input_USUARIO_loginusuario'

2023-03-09 13:28:26 - [TEST_STEP][PASSED] - setEncryptedText(findTestObject("3-OBJECTS UTILIDADES/Login/input_CLAVE_loginpassword"), "SlAwMcyRKqrwbnzhAs8HhT6NnI7sEyng"): Text ****** has been set on object 'Object Repository/3-OBJECTS UTILIDADES/Login/input_CLAVE_loginpassword'

2023-03-09 13:28:29 - [MESSAGE][PASSED] - Text ****** has been set on object 'Object Repository/3-OBJECTS UTILIDADES/Login/input_CLAVE_loginpassword'

2023-03-09 13:28:29 - [TEST_STEP][PASSED] - while (waitForElementClickable(findTestObject("3-OBJECTS UTILIDADES/Login/a_Ingresar"), 1)): Web element with id: 'Object Repository/3-OBJECTS UTILIDADES/Login/a_Ingresar' located by '//a[contains(text(),'Ingresar')]' not found

2023-03-09 13:28:32 - [MESSAGE][INFO] - Unable to find the element located by 'By.xpath: //a[contains(text(),'Ingresar')]'. Please recheck the objects properties to make sure the desired element is located. 

2023-03-09 13:28:32 - [MESSAGE][WARNING] - Web element with id: 'Object Repository/3-OBJECTS UTILIDADES/Login/a_Ingresar' located by '//a[contains(text(),'Ingresar')]' not found

2023-03-09 13:28:32 - [MESSAGE][PASSED] - Call Test Case 'Test Cases/0.1-Login' successfully

2023-03-09 13:28:32 - [TEST_STEP][PASSED] - setText(findTestObject("2-OBJECTS TAREAS SECUNDARIAS/Pruebas Evaluacion/Crear_un_periodo_de_evaluación/input_Empresa 1_form_templatej_idt24_input"), "Periodo evaluaciones"): Text 'Periodo evaluaciones' is set on object 'Object Repository/2-OBJECTS TAREAS SECUNDARIAS/Pruebas Evaluacion/Crear_un_periodo_de_evaluación/input_Empresa 1_form_templatej_idt24_input'

2023-03-09 13:28:32 - [MESSAGE][PASSED] - Text 'Periodo evaluaciones' is set on object 'Object Repository/2-OBJECTS TAREAS SECUNDARIAS/Pruebas Evaluacion/Crear_un_periodo_de_evaluación/input_Empresa 1_form_templatej_idt24_input'

2023-03-09 13:28:32 - [TEST_STEP][PASSED] - click(findTestObject("2-OBJECTS TAREAS SECUNDARIAS/Pruebas Evaluacion/Crear_un_periodo_de_evaluación/span_Periodo Evaluaciones")): Object: 'Object Repository/2-OBJECTS TAREAS SECUNDARIAS/Pruebas Evaluacion/Crear_un_periodo_de_evaluación/span_Periodo Evaluaciones' is clicked on

2023-03-09 13:28:34 - [MESSAGE][PASSED] - Object: 'Object Repository/2-OBJECTS TAREAS SECUNDARIAS/Pruebas Evaluacion/Crear_un_periodo_de_evaluación/span_Periodo Evaluaciones' is clicked on

2023-03-09 13:28:34 - [TEST_STEP][PASSED] - click(findTestObject("2-OBJECTS TAREAS SECUNDARIAS/Pruebas Evaluacion/Crear_un_periodo_de_evaluación/td_Pruebas katalon")): Object: 'Object Repository/2-OBJECTS TAREAS SECUNDARIAS/Pruebas Evaluacion/Crear_un_periodo_de_evaluación/td_Pruebas katalon' is clicked on

2023-03-09 13:28:36 - [MESSAGE][PASSED] - Object: 'Object Repository/2-OBJECTS TAREAS SECUNDARIAS/Pruebas Evaluacion/Crear_un_periodo_de_evaluación/td_Pruebas katalon' is clicked on

2023-03-09 13:28:36 - [TEST_STEP][PASSED] - if (waitForElementPresent(findTestObject("2-OBJECTS TAREAS SECUNDARIAS/Pruebas Evaluacion/Crear_un_periodo_de_evaluación/span_PRUEBAS K"), 1)): null

2023-03-09 13:28:37 - [MESSAGE][PASSED] - Object 'Object Repository/2-OBJECTS TAREAS SECUNDARIAS/Pruebas Evaluacion/Crear_un_periodo_de_evaluación/span_PRUEBAS K' is present

2023-03-09 13:28:37 - [TEST_STEP][PASSED] - click(findTestObject("2-OBJECTS TAREAS SECUNDARIAS/Pruebas Evaluacion/Crear_un_periodo_de_evaluación/span_PRUEBAS K")): Object: 'Object Repository/2-OBJECTS TAREAS SECUNDARIAS/Pruebas Evaluacion/Crear_un_periodo_de_evaluación/span_PRUEBAS K' is clicked on

2023-03-09 13:28:37 - [MESSAGE][PASSED] - Object: 'Object Repository/2-OBJECTS TAREAS SECUNDARIAS/Pruebas Evaluacion/Crear_un_periodo_de_evaluación/span_PRUEBAS K' is clicked on

2023-03-09 13:28:37 - [TEST_STEP][PASSED] - click(findTestObject("2-OBJECTS TAREAS SECUNDARIAS/Pruebas Evaluacion/Crear_un_periodo_de_evaluación/a_Eliminar")): Object: 'Object Repository/2-OBJECTS TAREAS SECUNDARIAS/Pruebas Evaluacion/Crear_un_periodo_de_evaluación/a_Eliminar' is clicked on

2023-03-09 13:28:38 - [MESSAGE][PASSED] - Object: 'Object Repository/2-OBJECTS TAREAS SECUNDARIAS/Pruebas Evaluacion/Crear_un_periodo_de_evaluación/a_Eliminar' is clicked on

2023-03-09 13:28:38 - [TEST_STEP][PASSED] - click(findTestObject("2-OBJECTS TAREAS SECUNDARIAS/Pruebas Evaluacion/Crear_un_periodo_de_evaluación/a_Aceptar")): Object: 'Object Repository/2-OBJECTS TAREAS SECUNDARIAS/Pruebas Evaluacion/Crear_un_periodo_de_evaluación/a_Aceptar' is clicked on

2023-03-09 13:28:39 - [MESSAGE][PASSED] - Object: 'Object Repository/2-OBJECTS TAREAS SECUNDARIAS/Pruebas Evaluacion/Crear_un_periodo_de_evaluación/a_Aceptar' is clicked on

2023-03-09 13:28:39 - [TEST_STEP][PASSED] - click(findTestObject("2-OBJECTS TAREAS SECUNDARIAS/Pruebas Evaluacion/Crear_un_periodo_de_evaluación/a_Nuevo")): Object: 'Object Repository/2-OBJECTS TAREAS SECUNDARIAS/Pruebas Evaluacion/Crear_un_periodo_de_evaluación/a_Nuevo' is clicked on

2023-03-09 13:28:39 - [MESSAGE][PASSED] - Object: 'Object Repository/2-OBJECTS TAREAS SECUNDARIAS/Pruebas Evaluacion/Crear_un_periodo_de_evaluación/a_Nuevo' is clicked on

2023-03-09 13:28:39 - [TEST_STEP][PASSED] - setText(findTestObject("2-OBJECTS TAREAS SECUNDARIAS/Pruebas Evaluacion/Crear_un_periodo_de_evaluación/input_Descripcin_form_popupperiodoevaluaciondescripcion"), "PRUEBAS K"): Text 'PRUEBAS K' is set on object 'Object Repository/2-OBJECTS TAREAS SECUNDARIAS/Pruebas Evaluacion/Crear_un_periodo_de_evaluación/input_Descripcin_form_popupperiodoevaluaciondescripcion'

2023-03-09 13:28:41 - [MESSAGE][PASSED] - Text 'PRUEBAS K' is set on object 'Object Repository/2-OBJECTS TAREAS SECUNDARIAS/Pruebas Evaluacion/Crear_un_periodo_de_evaluación/input_Descripcin_form_popupperiodoevaluaciondescripcion'

2023-03-09 13:28:41 - [TEST_STEP][PASSED] - selectOptionByIndex(findTestObject("2-OBJECTS TAREAS SECUNDARIAS/Pruebas Evaluacion/Crear_un_periodo_de_evaluación/select_Periodo fijo, control de fechaPeriodo fijo de tiempoNo hay un rango definido"), 2): All options with index in [2] are selected on object 'Object Repository/2-OBJECTS TAREAS SECUNDARIAS/Pruebas Evaluacion/Crear_un_periodo_de_evaluación/select_Periodo fijo, control de fechaPeriodo fijo de tiempoNo hay un rango definido'

2023-03-09 13:28:42 - [MESSAGE][PASSED] - All options with index in [2] are selected on object 'Object Repository/2-OBJECTS TAREAS SECUNDARIAS/Pruebas Evaluacion/Crear_un_periodo_de_evaluación/select_Periodo fijo, control de fechaPeriodo fijo de tiempoNo hay un rango definido'

2023-03-09 13:28:42 - [TEST_STEP][PASSED] - click(findTestObject("2-OBJECTS TAREAS SECUNDARIAS/Pruebas Evaluacion/Crear_un_periodo_de_evaluación/a_Guardar")): Object: 'Object Repository/2-OBJECTS TAREAS SECUNDARIAS/Pruebas Evaluacion/Crear_un_periodo_de_evaluación/a_Guardar' is clicked on

2023-03-09 13:28:42 - [MESSAGE][PASSED] - Object: 'Object Repository/2-OBJECTS TAREAS SECUNDARIAS/Pruebas Evaluacion/Crear_un_periodo_de_evaluación/a_Guardar' is clicked on

2023-03-09 13:28:42 - [TEST_STEP][PASSED] - Result = getText(findTestObject("3-OBJECTS UTILIDADES/Alerta/Alerta")): Text of object 'Object Repository/3-OBJECTS UTILIDADES/Alerta/Alerta' is: 'El registro ha sido insertado correctamente'

2023-03-09 13:28:43 - [MESSAGE][PASSED] - Text of object 'Object Repository/3-OBJECTS UTILIDADES/Alerta/Alerta' is: 'El registro ha sido insertado correctamente'

2023-03-09 13:28:43 - [TEST_STEP][PASSED] - if (Result == "El registro ha sido insertado correctamente"): null

2023-03-09 13:28:43 - [TEST_STEP][PASSED] - Resultado = "PRUEBAS OK": null]]></system-out>
         <system-err><![CDATA[]]></system-err>
      </testcase>
      <testcase name="Test Cases/1.2-Tareas_Secundarias/9.1-Pruebas_Evaluaciones/9.1.2-Crear_una_Fase" time="32.859" classname="Test Cases/1.2-Tareas_Secundarias/9.1-Pruebas_Evaluaciones/9.1.2-Crear_una_Fase" status="PASSED">
         <system-out><![CDATA[2023-03-09 13:28:43 - [TEST_CASE][PASSED] - Test Cases/1.2-Tareas_Secundarias/9.1-Pruebas_Evaluaciones/9.1.2-Crear_una_Fase: Test Cases/1.2-Tareas_Secundarias/9.1-Pruebas_Evaluaciones/9.1.2-Crear_una_Fase

2023-03-09 13:28:43 - [TEST_STEP][PASSED] - callTestCase(findTestCase("0.1-Login"), [:], STOP_ON_FAILURE): Call Test Case 'Test Cases/0.1-Login' successfully

2023-03-09 13:28:43 - [TEST_CASE][PASSED] - Test Cases/0.1-Login: Test Cases/0.1-Login

2023-03-09 13:28:43 - [TEST_STEP][PASSED] - openBrowser(""): Browser is opened with url: ''

2023-03-09 13:28:43 - [MESSAGE][WARNING] - A browser is already opened. Closing browser and opening a new one

2023-03-09 13:28:44 - [MESSAGE][INFO] - Starting 'Chrome' driver

2023-03-09 13:28:44 - [MESSAGE][INFO] - Action delay is set to 0 milliseconds

2023-03-09 13:28:45 - [MESSAGE][PASSED] - Browser is opened with url: ''

2023-03-09 13:28:45 - [TEST_STEP][PASSED] - maximizeWindow(): Current window maximized

2023-03-09 13:28:45 - [MESSAGE][PASSED] - Current window maximized

2023-03-09 13:28:45 - [TEST_STEP][PASSED] - i = G_Login: null

2023-03-09 13:28:45 - [TEST_STEP][PASSED] - url = new java.net.URL(i): null

2023-03-09 13:28:45 - [TEST_STEP][PASSED] - println("URL: " + url.toString()): null

2023-03-09 13:28:45 - [TEST_STEP][PASSED] - connection = url.openConnection(): null

2023-03-09 13:28:45 - [TEST_STEP][PASSED] - connection.setRequestMethod("GET"): null

2023-03-09 13:28:45 - [TEST_STEP][PASSED] - connection.setReadTimeout(2 * 1000): null

2023-03-09 13:28:45 - [TEST_STEP][PASSED] - try: null

2023-03-09 13:28:45 - [TEST_STEP][PASSED] - connection.connect(): null

2023-03-09 13:28:45 - [TEST_STEP][PASSED] - flag = connected: null

2023-03-09 13:28:45 - [TEST_STEP][PASSED] - println("Valor_ori: " + flag): null

2023-03-09 13:28:45 - [TEST_STEP][PASSED] - if (flag): null

2023-03-09 13:28:45 - [TEST_STEP][PASSED] - navigateToUrl(i): Navigate to 'http://192.168.2.19:7001/saraweb' successfully

2023-03-09 13:28:47 - [MESSAGE][PASSED] - Navigate to 'http://192.168.2.19:7001/saraweb' successfully

2023-03-09 13:28:47 - [TEST_STEP][PASSED] - a(): null

2023-03-09 13:28:47 - [TEST_STEP][PASSED] - if (waitForElementVisible(findTestObject("3-OBJECTS UTILIDADES/Login/input_USUARIO_loginusuario"), 0)): null

2023-03-09 13:28:47 - [MESSAGE][WARNING] - Timeout '0' is invalid. Using default page load timeout: '37'

2023-03-09 13:28:47 - [MESSAGE][PASSED] - Object 'Object Repository/3-OBJECTS UTILIDADES/Login/input_USUARIO_loginusuario' is visible

2023-03-09 13:28:47 - [TEST_STEP][PASSED] - switchToWindowTitle("SARA"): Switched to window with title: 'SARA'

2023-03-09 13:28:47 - [MESSAGE][PASSED] - Switched to window with title: 'SARA'

2023-03-09 13:28:47 - [TEST_STEP][PASSED] - zoom(): null

2023-03-09 13:28:47 - [TEST_STEP][PASSED] - robot = new java.awt.Robot(): null

2023-03-09 13:28:47 - [TEST_STEP][PASSED] - robot.keyPress(VK_CONTROL): null

2023-03-09 13:28:47 - [TEST_STEP][PASSED] - robot.keyPress(VK_SUBTRACT): null

2023-03-09 13:28:47 - [TEST_STEP][PASSED] - robot.keyRelease(VK_CONTROL): null

2023-03-09 13:28:47 - [TEST_STEP][PASSED] - robot.keyRelease(VK_SUBTRACT): null

2023-03-09 13:28:47 - [TEST_STEP][PASSED] - robot.keyPress(VK_CONTROL): null

2023-03-09 13:28:47 - [TEST_STEP][PASSED] - robot.keyPress(VK_SUBTRACT): null

2023-03-09 13:28:47 - [TEST_STEP][PASSED] - robot.keyRelease(VK_CONTROL): null

2023-03-09 13:28:47 - [TEST_STEP][PASSED] - robot.keyRelease(VK_SUBTRACT): null

2023-03-09 13:28:47 - [TEST_STEP][PASSED] - robot.keyPress(VK_CONTROL): null

2023-03-09 13:28:47 - [TEST_STEP][PASSED] - robot.keyPress(VK_SUBTRACT): null

2023-03-09 13:28:47 - [TEST_STEP][PASSED] - robot.keyRelease(VK_CONTROL): null

2023-03-09 13:28:47 - [TEST_STEP][PASSED] - robot.keyRelease(VK_SUBTRACT): null

2023-03-09 13:28:47 - [TEST_STEP][PASSED] - robot.keyRelease(VK_CONTROL): null

2023-03-09 13:28:47 - [TEST_STEP][PASSED] - robot.keyRelease(VK_SUBTRACT): null

2023-03-09 13:28:47 - [TEST_STEP][PASSED] - setText(findTestObject("3-OBJECTS UTILIDADES/Login/input_USUARIO_loginusuario"), G_Usuario): Text 'weblogic' is set on object 'Object Repository/3-OBJECTS UTILIDADES/Login/input_USUARIO_loginusuario'

2023-03-09 13:28:48 - [MESSAGE][PASSED] - Text 'weblogic' is set on object 'Object Repository/3-OBJECTS UTILIDADES/Login/input_USUARIO_loginusuario'

2023-03-09 13:28:48 - [TEST_STEP][PASSED] - setEncryptedText(findTestObject("3-OBJECTS UTILIDADES/Login/input_CLAVE_loginpassword"), "SlAwMcyRKqrwbnzhAs8HhT6NnI7sEyng"): Text ****** has been set on object 'Object Repository/3-OBJECTS UTILIDADES/Login/input_CLAVE_loginpassword'

2023-03-09 13:28:51 - [MESSAGE][PASSED] - Text ****** has been set on object 'Object Repository/3-OBJECTS UTILIDADES/Login/input_CLAVE_loginpassword'

2023-03-09 13:28:51 - [TEST_STEP][PASSED] - while (waitForElementClickable(findTestObject("3-OBJECTS UTILIDADES/Login/a_Ingresar"), 1)): Web element with id: 'Object Repository/3-OBJECTS UTILIDADES/Login/a_Ingresar' located by '//a[contains(text(),'Ingresar')]' not found

2023-03-09 13:28:53 - [MESSAGE][INFO] - Unable to find the element located by 'By.xpath: //a[contains(text(),'Ingresar')]'. Please recheck the objects properties to make sure the desired element is located. 

2023-03-09 13:28:53 - [MESSAGE][WARNING] - Web element with id: 'Object Repository/3-OBJECTS UTILIDADES/Login/a_Ingresar' located by '//a[contains(text(),'Ingresar')]' not found

2023-03-09 13:28:53 - [MESSAGE][PASSED] - Call Test Case 'Test Cases/0.1-Login' successfully

2023-03-09 13:28:53 - [TEST_STEP][PASSED] - setText(findTestObject("2-OBJECTS TAREAS SECUNDARIAS/Pruebas Evaluacion/Crear_una_Fase/input_Empresa 1_form_templatej_idt24_input"), "gestion herramientas"): Text 'gestion herramientas' is set on object 'Object Repository/2-OBJECTS TAREAS SECUNDARIAS/Pruebas Evaluacion/Crear_una_Fase/input_Empresa 1_form_templatej_idt24_input'

2023-03-09 13:28:54 - [MESSAGE][PASSED] - Text 'gestion herramientas' is set on object 'Object Repository/2-OBJECTS TAREAS SECUNDARIAS/Pruebas Evaluacion/Crear_una_Fase/input_Empresa 1_form_templatej_idt24_input'

2023-03-09 13:28:54 - [TEST_STEP][PASSED] - click(findTestObject("2-OBJECTS TAREAS SECUNDARIAS/Pruebas Evaluacion/Crear_una_Fase/li_Gestion Herramientas (tal)")): Object: 'Object Repository/2-OBJECTS TAREAS SECUNDARIAS/Pruebas Evaluacion/Crear_una_Fase/li_Gestion Herramientas (tal)' is clicked on

2023-03-09 13:28:56 - [MESSAGE][PASSED] - Object: 'Object Repository/2-OBJECTS TAREAS SECUNDARIAS/Pruebas Evaluacion/Crear_una_Fase/li_Gestion Herramientas (tal)' is clicked on

2023-03-09 13:28:56 - [TEST_STEP][PASSED] - if (waitForElementNotVisible(findTestObject("2-OBJECTS TAREAS SECUNDARIAS/Pruebas Evaluacion/Crear_una_Fase/td_Pruebas katalon"), 1)): Object 'Object Repository/2-OBJECTS TAREAS SECUNDARIAS/Pruebas Evaluacion/Crear_una_Fase/td_Pruebas katalon' is visible after 1 second(s)

2023-03-09 13:28:59 - [MESSAGE][WARNING] - Object 'Object Repository/2-OBJECTS TAREAS SECUNDARIAS/Pruebas Evaluacion/Crear_una_Fase/td_Pruebas katalon' is visible after 1 second(s)

2023-03-09 13:28:59 - [TEST_STEP][PASSED] - else: Browser is closed

2023-03-09 13:28:59 - [TEST_STEP][PASSED] - click(findTestObject("2-OBJECTS TAREAS SECUNDARIAS/Pruebas Evaluacion/Crear_una_Fase/td_Pruebas katalon")): Object: 'Object Repository/2-OBJECTS TAREAS SECUNDARIAS/Pruebas Evaluacion/Crear_una_Fase/td_Pruebas katalon' is clicked on

2023-03-09 13:28:59 - [MESSAGE][PASSED] - Object: 'Object Repository/2-OBJECTS TAREAS SECUNDARIAS/Pruebas Evaluacion/Crear_una_Fase/td_Pruebas katalon' is clicked on

2023-03-09 13:28:59 - [TEST_STEP][PASSED] - click(findTestObject("2-OBJECTS TAREAS SECUNDARIAS/Pruebas Evaluacion/Crear_una_Fase/a_Tipo Evaluador")): Object: 'Object Repository/2-OBJECTS TAREAS SECUNDARIAS/Pruebas Evaluacion/Crear_una_Fase/a_Tipo Evaluador' is clicked on

2023-03-09 13:29:00 - [MESSAGE][PASSED] - Object: 'Object Repository/2-OBJECTS TAREAS SECUNDARIAS/Pruebas Evaluacion/Crear_una_Fase/a_Tipo Evaluador' is clicked on

2023-03-09 13:29:00 - [TEST_STEP][PASSED] - if (waitForElementVisible(findTestObject("2-OBJECTS TAREAS SECUNDARIAS/Pruebas Evaluacion/Crear_una_Fase/td_pr.katalon"), 1)): null

2023-03-09 13:29:01 - [MESSAGE][PASSED] - Object 'Object Repository/2-OBJECTS TAREAS SECUNDARIAS/Pruebas Evaluacion/Crear_una_Fase/td_pr.katalon' is visible

2023-03-09 13:29:01 - [TEST_STEP][PASSED] - click(findTestObject("2-OBJECTS TAREAS SECUNDARIAS/Pruebas Evaluacion/Crear_una_Fase/td_pr.katalon")): Object: 'Object Repository/2-OBJECTS TAREAS SECUNDARIAS/Pruebas Evaluacion/Crear_una_Fase/td_pr.katalon' is clicked on

2023-03-09 13:29:01 - [MESSAGE][PASSED] - Object: 'Object Repository/2-OBJECTS TAREAS SECUNDARIAS/Pruebas Evaluacion/Crear_una_Fase/td_pr.katalon' is clicked on

2023-03-09 13:29:01 - [TEST_STEP][PASSED] - click(findTestObject("2-OBJECTS TAREAS SECUNDARIAS/Pruebas Evaluacion/Crear_una_Fase/a_Eliminar_Tipo evaluador")): Object: 'Object Repository/2-OBJECTS TAREAS SECUNDARIAS/Pruebas Evaluacion/Crear_una_Fase/a_Eliminar_Tipo evaluador' is clicked on

2023-03-09 13:29:02 - [MESSAGE][PASSED] - Object: 'Object Repository/2-OBJECTS TAREAS SECUNDARIAS/Pruebas Evaluacion/Crear_una_Fase/a_Eliminar_Tipo evaluador' is clicked on

2023-03-09 13:29:02 - [TEST_STEP][PASSED] - click(findTestObject("2-OBJECTS TAREAS SECUNDARIAS/Pruebas Evaluacion/Crear_una_Fase/a_Aceptar_Tipo evaluador")): Object: 'Object Repository/2-OBJECTS TAREAS SECUNDARIAS/Pruebas Evaluacion/Crear_una_Fase/a_Aceptar_Tipo evaluador' is clicked on

2023-03-09 13:29:03 - [MESSAGE][PASSED] - Object: 'Object Repository/2-OBJECTS TAREAS SECUNDARIAS/Pruebas Evaluacion/Crear_una_Fase/a_Aceptar_Tipo evaluador' is clicked on

2023-03-09 13:29:03 - [TEST_STEP][PASSED] - click(findTestObject("2-OBJECTS TAREAS SECUNDARIAS/Pruebas Evaluacion/Crear_una_Fase/a_Fase Evaluacin")): Object: 'Object Repository/2-OBJECTS TAREAS SECUNDARIAS/Pruebas Evaluacion/Crear_una_Fase/a_Fase Evaluacin' is clicked on

2023-03-09 13:29:04 - [MESSAGE][PASSED] - Object: 'Object Repository/2-OBJECTS TAREAS SECUNDARIAS/Pruebas Evaluacion/Crear_una_Fase/a_Fase Evaluacin' is clicked on

2023-03-09 13:29:04 - [TEST_STEP][PASSED] - if (waitForElementVisible(findTestObject("2-OBJECTS TAREAS SECUNDARIAS/Pruebas Evaluacion/Crear_una_Fase/td_PRUEBAS K"), 1)): null

2023-03-09 13:29:04 - [MESSAGE][PASSED] - Object 'Object Repository/2-OBJECTS TAREAS SECUNDARIAS/Pruebas Evaluacion/Crear_una_Fase/td_PRUEBAS K' is visible

2023-03-09 13:29:04 - [TEST_STEP][PASSED] - click(findTestObject("2-OBJECTS TAREAS SECUNDARIAS/Pruebas Evaluacion/Crear_una_Fase/td_PRUEBAS K")): Object: 'Object Repository/2-OBJECTS TAREAS SECUNDARIAS/Pruebas Evaluacion/Crear_una_Fase/td_PRUEBAS K' is clicked on

2023-03-09 13:29:05 - [MESSAGE][PASSED] - Object: 'Object Repository/2-OBJECTS TAREAS SECUNDARIAS/Pruebas Evaluacion/Crear_una_Fase/td_PRUEBAS K' is clicked on

2023-03-09 13:29:05 - [TEST_STEP][PASSED] - click(findTestObject("2-OBJECTS TAREAS SECUNDARIAS/Pruebas Evaluacion/Crear_una_Fase/a_Etapa")): Object: 'Object Repository/2-OBJECTS TAREAS SECUNDARIAS/Pruebas Evaluacion/Crear_una_Fase/a_Etapa' is clicked on

2023-03-09 13:29:05 - [MESSAGE][PASSED] - Object: 'Object Repository/2-OBJECTS TAREAS SECUNDARIAS/Pruebas Evaluacion/Crear_una_Fase/a_Etapa' is clicked on

2023-03-09 13:29:05 - [TEST_STEP][PASSED] - if (waitForElementVisible(findTestObject("2-OBJECTS TAREAS SECUNDARIAS/Pruebas Evaluacion/Crear_una_Fase/span_Pruebas Ka_Etapa"), 1)): null

2023-03-09 13:29:06 - [MESSAGE][PASSED] - Object 'Object Repository/2-OBJECTS TAREAS SECUNDARIAS/Pruebas Evaluacion/Crear_una_Fase/span_Pruebas Ka_Etapa' is visible

2023-03-09 13:29:06 - [TEST_STEP][PASSED] - click(findTestObject("2-OBJECTS TAREAS SECUNDARIAS/Pruebas Evaluacion/Crear_una_Fase/span_Pruebas Ka_Etapa")): Object: 'Object Repository/2-OBJECTS TAREAS SECUNDARIAS/Pruebas Evaluacion/Crear_una_Fase/span_Pruebas Ka_Etapa' is clicked on

2023-03-09 13:29:06 - [MESSAGE][PASSED] - Object: 'Object Repository/2-OBJECTS TAREAS SECUNDARIAS/Pruebas Evaluacion/Crear_una_Fase/span_Pruebas Ka_Etapa' is clicked on

2023-03-09 13:29:06 - [TEST_STEP][PASSED] - click(findTestObject("2-OBJECTS TAREAS SECUNDARIAS/Pruebas Evaluacion/Crear_una_Fase/a_Eliminar_Etapa")): Object: 'Object Repository/2-OBJECTS TAREAS SECUNDARIAS/Pruebas Evaluacion/Crear_una_Fase/a_Eliminar_Etapa' is clicked on

2023-03-09 13:29:07 - [MESSAGE][PASSED] - Object: 'Object Repository/2-OBJECTS TAREAS SECUNDARIAS/Pruebas Evaluacion/Crear_una_Fase/a_Eliminar_Etapa' is clicked on

2023-03-09 13:29:07 - [TEST_STEP][PASSED] - click(findTestObject("2-OBJECTS TAREAS SECUNDARIAS/Pruebas Evaluacion/Crear_una_Fase/span_Si_Etapa")): Object: 'Object Repository/2-OBJECTS TAREAS SECUNDARIAS/Pruebas Evaluacion/Crear_una_Fase/span_Si_Etapa' is clicked on

2023-03-09 13:29:07 - [MESSAGE][PASSED] - Object: 'Object Repository/2-OBJECTS TAREAS SECUNDARIAS/Pruebas Evaluacion/Crear_una_Fase/span_Si_Etapa' is clicked on

2023-03-09 13:29:07 - [TEST_STEP][PASSED] - click(findTestObject("2-OBJECTS TAREAS SECUNDARIAS/Pruebas Evaluacion/Crear_una_Fase/a_Detalle")): Object: 'Object Repository/2-OBJECTS TAREAS SECUNDARIAS/Pruebas Evaluacion/Crear_una_Fase/a_Detalle' is clicked on

2023-03-09 13:29:08 - [MESSAGE][PASSED] - Object: 'Object Repository/2-OBJECTS TAREAS SECUNDARIAS/Pruebas Evaluacion/Crear_una_Fase/a_Detalle' is clicked on

2023-03-09 13:29:08 - [TEST_STEP][PASSED] - click(findTestObject("2-OBJECTS TAREAS SECUNDARIAS/Pruebas Evaluacion/Crear_una_Fase/a_Eliminar")): Object: 'Object Repository/2-OBJECTS TAREAS SECUNDARIAS/Pruebas Evaluacion/Crear_una_Fase/a_Eliminar' is clicked on

2023-03-09 13:29:09 - [MESSAGE][PASSED] - Object: 'Object Repository/2-OBJECTS TAREAS SECUNDARIAS/Pruebas Evaluacion/Crear_una_Fase/a_Eliminar' is clicked on

2023-03-09 13:29:09 - [TEST_STEP][PASSED] - click(findTestObject("2-OBJECTS TAREAS SECUNDARIAS/Pruebas Evaluacion/Crear_una_Fase/a_Aceptar")): Object: 'Object Repository/2-OBJECTS TAREAS SECUNDARIAS/Pruebas Evaluacion/Crear_una_Fase/a_Aceptar' is clicked on

2023-03-09 13:29:10 - [MESSAGE][PASSED] - Object: 'Object Repository/2-OBJECTS TAREAS SECUNDARIAS/Pruebas Evaluacion/Crear_una_Fase/a_Aceptar' is clicked on

2023-03-09 13:29:10 - [TEST_STEP][PASSED] - click(findTestObject("2-OBJECTS TAREAS SECUNDARIAS/Pruebas Evaluacion/Crear_una_Fase/a_Nuevo1")): Object: 'Object Repository/2-OBJECTS TAREAS SECUNDARIAS/Pruebas Evaluacion/Crear_una_Fase/a_Nuevo1' is clicked on

2023-03-09 13:29:10 - [MESSAGE][PASSED] - Object: 'Object Repository/2-OBJECTS TAREAS SECUNDARIAS/Pruebas Evaluacion/Crear_una_Fase/a_Nuevo1' is clicked on

2023-03-09 13:29:10 - [TEST_STEP][PASSED] - setText(findTestObject("2-OBJECTS TAREAS SECUNDARIAS/Pruebas Evaluacion/Crear_una_Fase/input_Cdigo_formGestionHerramientaspanelTabFasecodigo"), "5"): Text '5' is set on object 'Object Repository/2-OBJECTS TAREAS SECUNDARIAS/Pruebas Evaluacion/Crear_una_Fase/input_Cdigo_formGestionHerramientaspanelTabFasecodigo'

2023-03-09 13:29:11 - [MESSAGE][PASSED] - Text '5' is set on object 'Object Repository/2-OBJECTS TAREAS SECUNDARIAS/Pruebas Evaluacion/Crear_una_Fase/input_Cdigo_formGestionHerramientaspanelTabFasecodigo'

2023-03-09 13:29:11 - [TEST_STEP][PASSED] - setText(findTestObject("2-OBJECTS TAREAS SECUNDARIAS/Pruebas Evaluacion/Crear_una_Fase/input_Descripcin_formGestionHerramientaspanelTabFasedescripcion"), "PRUEBAS K"): Text 'PRUEBAS K' is set on object 'Object Repository/2-OBJECTS TAREAS SECUNDARIAS/Pruebas Evaluacion/Crear_una_Fase/input_Descripcin_formGestionHerramientaspanelTabFasedescripcion'

2023-03-09 13:29:12 - [MESSAGE][PASSED] - Text 'PRUEBAS K' is set on object 'Object Repository/2-OBJECTS TAREAS SECUNDARIAS/Pruebas Evaluacion/Crear_una_Fase/input_Descripcin_formGestionHerramientaspanelTabFasedescripcion'

2023-03-09 13:29:12 - [TEST_STEP][PASSED] - setText(findTestObject("2-OBJECTS TAREAS SECUNDARIAS/Pruebas Evaluacion/Crear_una_Fase/input_Orden_formGestionHerramientaspanelTabFaseorden"), "5"): Text '5' is set on object 'Object Repository/2-OBJECTS TAREAS SECUNDARIAS/Pruebas Evaluacion/Crear_una_Fase/input_Orden_formGestionHerramientaspanelTabFaseorden'

2023-03-09 13:29:13 - [MESSAGE][PASSED] - Text '5' is set on object 'Object Repository/2-OBJECTS TAREAS SECUNDARIAS/Pruebas Evaluacion/Crear_una_Fase/input_Orden_formGestionHerramientaspanelTabFaseorden'

2023-03-09 13:29:13 - [TEST_STEP][PASSED] - setText(findTestObject("2-OBJECTS TAREAS SECUNDARIAS/Pruebas Evaluacion/Crear_una_Fase/input_Nmero Seguimiento_formGestionHerramientaspanelTabFaseseguimiento"), "5"): Text '5' is set on object 'Object Repository/2-OBJECTS TAREAS SECUNDARIAS/Pruebas Evaluacion/Crear_una_Fase/input_Nmero Seguimiento_formGestionHerramientaspanelTabFaseseguimiento'

2023-03-09 13:29:14 - [MESSAGE][PASSED] - Text '5' is set on object 'Object Repository/2-OBJECTS TAREAS SECUNDARIAS/Pruebas Evaluacion/Crear_una_Fase/input_Nmero Seguimiento_formGestionHerramientaspanelTabFaseseguimiento'

2023-03-09 13:29:14 - [TEST_STEP][PASSED] - click(findTestObject("2-OBJECTS TAREAS SECUNDARIAS/Pruebas Evaluacion/Crear_una_Fase/a_Guardar1")): Object: 'Object Repository/2-OBJECTS TAREAS SECUNDARIAS/Pruebas Evaluacion/Crear_una_Fase/a_Guardar1' is clicked on

2023-03-09 13:29:14 - [MESSAGE][PASSED] - Object: 'Object Repository/2-OBJECTS TAREAS SECUNDARIAS/Pruebas Evaluacion/Crear_una_Fase/a_Guardar1' is clicked on

2023-03-09 13:29:14 - [TEST_STEP][PASSED] - Result0 = getText(findTestObject("3-OBJECTS UTILIDADES/Alerta/Alerta")): Text of object 'Object Repository/3-OBJECTS UTILIDADES/Alerta/Alerta' is: 'Registro ingresado correctamente..'

2023-03-09 13:29:15 - [MESSAGE][PASSED] - Text of object 'Object Repository/3-OBJECTS UTILIDADES/Alerta/Alerta' is: 'Registro ingresado correctamente..'

2023-03-09 13:29:15 - [TEST_STEP][PASSED] - if (Result0 == "Registro ingresado correctamente.."): Browser is closed

2023-03-09 13:29:15 - [TEST_STEP][PASSED] - Resultado0 = "PRUEBA OK": null

2023-03-09 13:29:15 - [TEST_STEP][PASSED] - closeBrowser(): Browser is closed

2023-03-09 13:29:16 - [MESSAGE][PASSED] - Browser is closed]]></system-out>
         <system-err><![CDATA[]]></system-err>
      </testcase>
      <testcase name="Test Cases/1.2-Tareas_Secundarias/9.1-Pruebas_Evaluaciones/9.1.3-Crear_una_Etapa" time="26.148" classname="Test Cases/1.2-Tareas_Secundarias/9.1-Pruebas_Evaluaciones/9.1.3-Crear_una_Etapa" status="PASSED">
         <system-out><![CDATA[2023-03-09 13:29:16 - [TEST_CASE][PASSED] - Test Cases/1.2-Tareas_Secundarias/9.1-Pruebas_Evaluaciones/9.1.3-Crear_una_Etapa: Test Cases/1.2-Tareas_Secundarias/9.1-Pruebas_Evaluaciones/9.1.3-Crear_una_Etapa

2023-03-09 13:29:16 - [TEST_STEP][PASSED] - callTestCase(findTestCase("0.1-Login"), [:], STOP_ON_FAILURE): Call Test Case 'Test Cases/0.1-Login' successfully

2023-03-09 13:29:16 - [TEST_CASE][PASSED] - Test Cases/0.1-Login: Test Cases/0.1-Login

2023-03-09 13:29:16 - [TEST_STEP][PASSED] - openBrowser(""): Browser is opened with url: ''

2023-03-09 13:29:16 - [MESSAGE][INFO] - Starting 'Chrome' driver

2023-03-09 13:29:16 - [MESSAGE][INFO] - Action delay is set to 0 milliseconds

2023-03-09 13:29:17 - [MESSAGE][PASSED] - Browser is opened with url: ''

2023-03-09 13:29:17 - [TEST_STEP][PASSED] - maximizeWindow(): Current window maximized

2023-03-09 13:29:17 - [MESSAGE][PASSED] - Current window maximized

2023-03-09 13:29:17 - [TEST_STEP][PASSED] - i = G_Login: null

2023-03-09 13:29:17 - [TEST_STEP][PASSED] - url = new java.net.URL(i): null

2023-03-09 13:29:17 - [TEST_STEP][PASSED] - println("URL: " + url.toString()): null

2023-03-09 13:29:17 - [TEST_STEP][PASSED] - connection = url.openConnection(): null

2023-03-09 13:29:17 - [TEST_STEP][PASSED] - connection.setRequestMethod("GET"): null

2023-03-09 13:29:17 - [TEST_STEP][PASSED] - connection.setReadTimeout(2 * 1000): null

2023-03-09 13:29:17 - [TEST_STEP][PASSED] - try: null

2023-03-09 13:29:17 - [TEST_STEP][PASSED] - connection.connect(): null

2023-03-09 13:29:17 - [TEST_STEP][PASSED] - flag = connected: null

2023-03-09 13:29:17 - [TEST_STEP][PASSED] - println("Valor_ori: " + flag): null

2023-03-09 13:29:17 - [TEST_STEP][PASSED] - if (flag): null

2023-03-09 13:29:17 - [TEST_STEP][PASSED] - navigateToUrl(i): Navigate to 'http://192.168.2.19:7001/saraweb' successfully

2023-03-09 13:29:18 - [MESSAGE][PASSED] - Navigate to 'http://192.168.2.19:7001/saraweb' successfully

2023-03-09 13:29:18 - [TEST_STEP][PASSED] - a(): null

2023-03-09 13:29:18 - [TEST_STEP][PASSED] - if (waitForElementVisible(findTestObject("3-OBJECTS UTILIDADES/Login/input_USUARIO_loginusuario"), 0)): null

2023-03-09 13:29:19 - [MESSAGE][WARNING] - Timeout '0' is invalid. Using default page load timeout: '37'

2023-03-09 13:29:19 - [MESSAGE][PASSED] - Object 'Object Repository/3-OBJECTS UTILIDADES/Login/input_USUARIO_loginusuario' is visible

2023-03-09 13:29:19 - [TEST_STEP][PASSED] - switchToWindowTitle("SARA"): Switched to window with title: 'SARA'

2023-03-09 13:29:19 - [MESSAGE][PASSED] - Switched to window with title: 'SARA'

2023-03-09 13:29:19 - [TEST_STEP][PASSED] - zoom(): null

2023-03-09 13:29:19 - [TEST_STEP][PASSED] - robot = new java.awt.Robot(): null

2023-03-09 13:29:19 - [TEST_STEP][PASSED] - robot.keyPress(VK_CONTROL): null

2023-03-09 13:29:19 - [TEST_STEP][PASSED] - robot.keyPress(VK_SUBTRACT): null

2023-03-09 13:29:19 - [TEST_STEP][PASSED] - robot.keyRelease(VK_CONTROL): null

2023-03-09 13:29:19 - [TEST_STEP][PASSED] - robot.keyRelease(VK_SUBTRACT): null

2023-03-09 13:29:19 - [TEST_STEP][PASSED] - robot.keyPress(VK_CONTROL): null

2023-03-09 13:29:19 - [TEST_STEP][PASSED] - robot.keyPress(VK_SUBTRACT): null

2023-03-09 13:29:19 - [TEST_STEP][PASSED] - robot.keyRelease(VK_CONTROL): null

2023-03-09 13:29:19 - [TEST_STEP][PASSED] - robot.keyRelease(VK_SUBTRACT): null

2023-03-09 13:29:19 - [TEST_STEP][PASSED] - robot.keyPress(VK_CONTROL): null

2023-03-09 13:29:19 - [TEST_STEP][PASSED] - robot.keyPress(VK_SUBTRACT): null

2023-03-09 13:29:19 - [TEST_STEP][PASSED] - robot.keyRelease(VK_CONTROL): null

2023-03-09 13:29:19 - [TEST_STEP][PASSED] - robot.keyRelease(VK_SUBTRACT): null

2023-03-09 13:29:19 - [TEST_STEP][PASSED] - robot.keyRelease(VK_CONTROL): null

2023-03-09 13:29:19 - [TEST_STEP][PASSED] - robot.keyRelease(VK_SUBTRACT): null

2023-03-09 13:29:19 - [TEST_STEP][PASSED] - setText(findTestObject("3-OBJECTS UTILIDADES/Login/input_USUARIO_loginusuario"), G_Usuario): Text 'weblogic' is set on object 'Object Repository/3-OBJECTS UTILIDADES/Login/input_USUARIO_loginusuario'

2023-03-09 13:29:20 - [MESSAGE][PASSED] - Text 'weblogic' is set on object 'Object Repository/3-OBJECTS UTILIDADES/Login/input_USUARIO_loginusuario'

2023-03-09 13:29:20 - [TEST_STEP][PASSED] - setEncryptedText(findTestObject("3-OBJECTS UTILIDADES/Login/input_CLAVE_loginpassword"), "SlAwMcyRKqrwbnzhAs8HhT6NnI7sEyng"): Text ****** has been set on object 'Object Repository/3-OBJECTS UTILIDADES/Login/input_CLAVE_loginpassword'

2023-03-09 13:29:23 - [MESSAGE][PASSED] - Text ****** has been set on object 'Object Repository/3-OBJECTS UTILIDADES/Login/input_CLAVE_loginpassword'

2023-03-09 13:29:23 - [TEST_STEP][PASSED] - while (waitForElementClickable(findTestObject("3-OBJECTS UTILIDADES/Login/a_Ingresar"), 1)): Web element with id: 'Object Repository/3-OBJECTS UTILIDADES/Login/a_Ingresar' located by '//a[contains(text(),'Ingresar')]' not found

2023-03-09 13:29:25 - [MESSAGE][INFO] - Unable to find the element located by 'By.xpath: //a[contains(text(),'Ingresar')]'. Please recheck the objects properties to make sure the desired element is located. 

2023-03-09 13:29:25 - [MESSAGE][WARNING] - Web element with id: 'Object Repository/3-OBJECTS UTILIDADES/Login/a_Ingresar' located by '//a[contains(text(),'Ingresar')]' not found

2023-03-09 13:29:25 - [MESSAGE][PASSED] - Call Test Case 'Test Cases/0.1-Login' successfully

2023-03-09 13:29:25 - [TEST_STEP][PASSED] - setText(findTestObject("2-OBJECTS TAREAS SECUNDARIAS/Pruebas Evaluacion/Crear_una_Etapa/input_Empresa 1_form_templatej_idt24_input"), "gestion herramientas"): Text 'gestion herramientas' is set on object 'Object Repository/2-OBJECTS TAREAS SECUNDARIAS/Pruebas Evaluacion/Crear_una_Etapa/input_Empresa 1_form_templatej_idt24_input'

2023-03-09 13:29:26 - [MESSAGE][PASSED] - Text 'gestion herramientas' is set on object 'Object Repository/2-OBJECTS TAREAS SECUNDARIAS/Pruebas Evaluacion/Crear_una_Etapa/input_Empresa 1_form_templatej_idt24_input'

2023-03-09 13:29:26 - [TEST_STEP][PASSED] - click(findTestObject("2-OBJECTS TAREAS SECUNDARIAS/Pruebas Evaluacion/Crear_una_Etapa/span_Gestion Herramientas")): Object: 'Object Repository/2-OBJECTS TAREAS SECUNDARIAS/Pruebas Evaluacion/Crear_una_Etapa/span_Gestion Herramientas' is clicked on

2023-03-09 13:29:28 - [MESSAGE][PASSED] - Object: 'Object Repository/2-OBJECTS TAREAS SECUNDARIAS/Pruebas Evaluacion/Crear_una_Etapa/span_Gestion Herramientas' is clicked on

2023-03-09 13:29:28 - [TEST_STEP][PASSED] - if (waitForElementVisible(findTestObject("2-OBJECTS TAREAS SECUNDARIAS/Pruebas Evaluacion/Crear_una_Etapa/td_Pruebas katalon"), 1)): null

2023-03-09 13:29:30 - [MESSAGE][PASSED] - Object 'Object Repository/2-OBJECTS TAREAS SECUNDARIAS/Pruebas Evaluacion/Crear_una_Etapa/td_Pruebas katalon' is visible

2023-03-09 13:29:30 - [TEST_STEP][PASSED] - click(findTestObject("2-OBJECTS TAREAS SECUNDARIAS/Pruebas Evaluacion/Crear_una_Etapa/td_Pruebas katalon")): Object: 'Object Repository/2-OBJECTS TAREAS SECUNDARIAS/Pruebas Evaluacion/Crear_una_Etapa/td_Pruebas katalon' is clicked on

2023-03-09 13:29:31 - [MESSAGE][PASSED] - Object: 'Object Repository/2-OBJECTS TAREAS SECUNDARIAS/Pruebas Evaluacion/Crear_una_Etapa/td_Pruebas katalon' is clicked on

2023-03-09 13:29:31 - [TEST_STEP][PASSED] - click(findTestObject("2-OBJECTS TAREAS SECUNDARIAS/Pruebas Evaluacion/Crear_una_Etapa/a_Fase Evaluacin")): Object: 'Object Repository/2-OBJECTS TAREAS SECUNDARIAS/Pruebas Evaluacion/Crear_una_Etapa/a_Fase Evaluacin' is clicked on

2023-03-09 13:29:31 - [MESSAGE][PASSED] - Object: 'Object Repository/2-OBJECTS TAREAS SECUNDARIAS/Pruebas Evaluacion/Crear_una_Etapa/a_Fase Evaluacin' is clicked on

2023-03-09 13:29:31 - [TEST_STEP][PASSED] - if (waitForElementVisible(findTestObject("2-OBJECTS TAREAS SECUNDARIAS/Pruebas Evaluacion/Crear_una_Etapa/td_PRUEBAS K"), 1)): null

2023-03-09 13:29:32 - [MESSAGE][PASSED] - Object 'Object Repository/2-OBJECTS TAREAS SECUNDARIAS/Pruebas Evaluacion/Crear_una_Etapa/td_PRUEBAS K' is visible

2023-03-09 13:29:32 - [TEST_STEP][PASSED] - click(findTestObject("2-OBJECTS TAREAS SECUNDARIAS/Pruebas Evaluacion/Crear_una_Etapa/td_PRUEBAS K")): Object: 'Object Repository/2-OBJECTS TAREAS SECUNDARIAS/Pruebas Evaluacion/Crear_una_Etapa/td_PRUEBAS K' is clicked on

2023-03-09 13:29:32 - [MESSAGE][PASSED] - Object: 'Object Repository/2-OBJECTS TAREAS SECUNDARIAS/Pruebas Evaluacion/Crear_una_Etapa/td_PRUEBAS K' is clicked on

2023-03-09 13:29:32 - [TEST_STEP][PASSED] - click(findTestObject("2-OBJECTS TAREAS SECUNDARIAS/Pruebas Evaluacion/Crear_una_Etapa/a_Etapa")): Object: 'Object Repository/2-OBJECTS TAREAS SECUNDARIAS/Pruebas Evaluacion/Crear_una_Etapa/a_Etapa' is clicked on

2023-03-09 13:29:33 - [MESSAGE][PASSED] - Object: 'Object Repository/2-OBJECTS TAREAS SECUNDARIAS/Pruebas Evaluacion/Crear_una_Etapa/a_Etapa' is clicked on

2023-03-09 13:29:33 - [TEST_STEP][PASSED] - if (waitForElementVisible(findTestObject("2-OBJECTS TAREAS SECUNDARIAS/Pruebas Evaluacion/Crear_una_Etapa/span_Pruebas Ka"), 1)): Web element with id: 'Object Repository/2-OBJECTS TAREAS SECUNDARIAS/Pruebas Evaluacion/Crear_una_Etapa/span_Pruebas Ka' located by '//*/text()[normalize-space(.)='Pruebas Ka']/parent::*' not found

2023-03-09 13:29:35 - [MESSAGE][INFO] - Unable to find the element located by 'By.xpath: //*/text()[normalize-space(.)='Pruebas Ka']/parent::*'. Please recheck the objects properties to make sure the desired element is located. 

2023-03-09 13:29:35 - [MESSAGE][WARNING] - Web element with id: 'Object Repository/2-OBJECTS TAREAS SECUNDARIAS/Pruebas Evaluacion/Crear_una_Etapa/span_Pruebas Ka' located by '//*/text()[normalize-space(.)='Pruebas Ka']/parent::*' not found

2023-03-09 13:29:35 - [TEST_STEP][PASSED] - click(findTestObject("2-OBJECTS TAREAS SECUNDARIAS/Pruebas Evaluacion/Crear_una_Etapa/a_Nuevo")): Object: 'Object Repository/2-OBJECTS TAREAS SECUNDARIAS/Pruebas Evaluacion/Crear_una_Etapa/a_Nuevo' is clicked on

2023-03-09 13:29:35 - [MESSAGE][PASSED] - Object: 'Object Repository/2-OBJECTS TAREAS SECUNDARIAS/Pruebas Evaluacion/Crear_una_Etapa/a_Nuevo' is clicked on

2023-03-09 13:29:35 - [TEST_STEP][PASSED] - setText(findTestObject("2-OBJECTS TAREAS SECUNDARIAS/Pruebas Evaluacion/Crear_una_Etapa/input_Descripcin_formGestionHerramientaspanelTabFasepanelDetalleEtapadescripcion"), "Pruebas Ka"): Text 'Pruebas Ka' is set on object 'Object Repository/2-OBJECTS TAREAS SECUNDARIAS/Pruebas Evaluacion/Crear_una_Etapa/input_Descripcin_formGestionHerramientaspanelTabFasepanelDetalleEtapadescripcion'

2023-03-09 13:29:36 - [MESSAGE][PASSED] - Text 'Pruebas Ka' is set on object 'Object Repository/2-OBJECTS TAREAS SECUNDARIAS/Pruebas Evaluacion/Crear_una_Etapa/input_Descripcin_formGestionHerramientaspanelTabFasepanelDetalleEtapadescripcion'

2023-03-09 13:29:36 - [TEST_STEP][PASSED] - selectOptionByIndex(findTestObject("2-OBJECTS TAREAS SECUNDARIAS/Pruebas Evaluacion/Crear_una_Etapa/select_-- Seleccione --CapacitacionEncuestaMetaPlan AccionSeguimiento Competencias"), 2): All options with index in [2] are selected on object 'Object Repository/2-OBJECTS TAREAS SECUNDARIAS/Pruebas Evaluacion/Crear_una_Etapa/select_-- Seleccione --CapacitacionEncuestaMetaPlan AccionSeguimiento Competencias'

2023-03-09 13:29:38 - [MESSAGE][PASSED] - All options with index in [2] are selected on object 'Object Repository/2-OBJECTS TAREAS SECUNDARIAS/Pruebas Evaluacion/Crear_una_Etapa/select_-- Seleccione --CapacitacionEncuestaMetaPlan AccionSeguimiento Competencias'

2023-03-09 13:29:38 - [TEST_STEP][PASSED] - selectOptionByIndex(findTestObject("2-OBJECTS TAREAS SECUNDARIAS/Pruebas Evaluacion/Crear_una_Etapa/select_-- Seleccione --NoSi"), 1): All options with index in [1] are selected on object 'Object Repository/2-OBJECTS TAREAS SECUNDARIAS/Pruebas Evaluacion/Crear_una_Etapa/select_-- Seleccione --NoSi'

2023-03-09 13:29:39 - [MESSAGE][PASSED] - All options with index in [1] are selected on object 'Object Repository/2-OBJECTS TAREAS SECUNDARIAS/Pruebas Evaluacion/Crear_una_Etapa/select_-- Seleccione --NoSi'

2023-03-09 13:29:39 - [TEST_STEP][PASSED] - setText(findTestObject("2-OBJECTS TAREAS SECUNDARIAS/Pruebas Evaluacion/Crear_una_Etapa/input_Orden_formGestionHerramientaspanelTabFasepanelDetalleEtapaorden"), "5"): Text '5' is set on object 'Object Repository/2-OBJECTS TAREAS SECUNDARIAS/Pruebas Evaluacion/Crear_una_Etapa/input_Orden_formGestionHerramientaspanelTabFasepanelDetalleEtapaorden'

2023-03-09 13:29:40 - [MESSAGE][PASSED] - Text '5' is set on object 'Object Repository/2-OBJECTS TAREAS SECUNDARIAS/Pruebas Evaluacion/Crear_una_Etapa/input_Orden_formGestionHerramientaspanelTabFasepanelDetalleEtapaorden'

2023-03-09 13:29:40 - [TEST_STEP][PASSED] - click(findTestObject("2-OBJECTS TAREAS SECUNDARIAS/Pruebas Evaluacion/Crear_una_Etapa/a_Guardar")): Object: 'Object Repository/2-OBJECTS TAREAS SECUNDARIAS/Pruebas Evaluacion/Crear_una_Etapa/a_Guardar' is clicked on

2023-03-09 13:29:40 - [MESSAGE][PASSED] - Object: 'Object Repository/2-OBJECTS TAREAS SECUNDARIAS/Pruebas Evaluacion/Crear_una_Etapa/a_Guardar' is clicked on

2023-03-09 13:29:40 - [TEST_STEP][PASSED] - Result = getText(findTestObject("3-OBJECTS UTILIDADES/Alerta/Alerta")): Text of object 'Object Repository/3-OBJECTS UTILIDADES/Alerta/Alerta' is: 'El registro se ha creado correctamente'

2023-03-09 13:29:41 - [MESSAGE][PASSED] - Text of object 'Object Repository/3-OBJECTS UTILIDADES/Alerta/Alerta' is: 'El registro se ha creado correctamente'

2023-03-09 13:29:41 - [TEST_STEP][PASSED] - if (Result == "El registro se ha creado correctamente"): Browser is closed

2023-03-09 13:29:41 - [TEST_STEP][PASSED] - Resultado = "PRUEBAS OK": null

2023-03-09 13:29:41 - [TEST_STEP][PASSED] - closeBrowser(): Browser is closed

2023-03-09 13:29:42 - [MESSAGE][PASSED] - Browser is closed]]></system-out>
         <system-err><![CDATA[]]></system-err>
      </testcase>
      <testcase name="Test Cases/1.2-Tareas_Secundarias/9.1-Pruebas_Evaluaciones/9.1.4-Crear_modelos_de_evaluaciones 360º 180º 90º" time="22.463" classname="Test Cases/1.2-Tareas_Secundarias/9.1-Pruebas_Evaluaciones/9.1.4-Crear_modelos_de_evaluaciones 360º 180º 90º" status="PASSED">
         <system-out><![CDATA[2023-03-09 13:29:42 - [TEST_CASE][PASSED] - Test Cases/1.2-Tareas_Secundarias/9.1-Pruebas_Evaluaciones/9.1.4-Crear_modelos_de_evaluaciones 360º 180º 90º: Test Cases/1.2-Tareas_Secundarias/9.1-Pruebas_Evaluaciones/9.1.4-Crear_modelos_de_evaluaciones 360º 180º 90º

2023-03-09 13:29:42 - [TEST_STEP][PASSED] - callTestCase(findTestCase("0.1-Login"), [:], STOP_ON_FAILURE): Call Test Case 'Test Cases/0.1-Login' successfully

2023-03-09 13:29:42 - [TEST_CASE][PASSED] - Test Cases/0.1-Login: Test Cases/0.1-Login

2023-03-09 13:29:42 - [TEST_STEP][PASSED] - openBrowser(""): Browser is opened with url: ''

2023-03-09 13:29:42 - [MESSAGE][INFO] - Starting 'Chrome' driver

2023-03-09 13:29:42 - [MESSAGE][INFO] - Action delay is set to 0 milliseconds

2023-03-09 13:29:43 - [MESSAGE][PASSED] - Browser is opened with url: ''

2023-03-09 13:29:43 - [TEST_STEP][PASSED] - maximizeWindow(): Current window maximized

2023-03-09 13:29:44 - [MESSAGE][PASSED] - Current window maximized

2023-03-09 13:29:44 - [TEST_STEP][PASSED] - i = G_Login: null

2023-03-09 13:29:44 - [TEST_STEP][PASSED] - url = new java.net.URL(i): null

2023-03-09 13:29:44 - [TEST_STEP][PASSED] - println("URL: " + url.toString()): null

2023-03-09 13:29:44 - [TEST_STEP][PASSED] - connection = url.openConnection(): null

2023-03-09 13:29:44 - [TEST_STEP][PASSED] - connection.setRequestMethod("GET"): null

2023-03-09 13:29:44 - [TEST_STEP][PASSED] - connection.setReadTimeout(2 * 1000): null

2023-03-09 13:29:44 - [TEST_STEP][PASSED] - try: null

2023-03-09 13:29:44 - [TEST_STEP][PASSED] - connection.connect(): null

2023-03-09 13:29:44 - [TEST_STEP][PASSED] - flag = connected: null

2023-03-09 13:29:44 - [TEST_STEP][PASSED] - println("Valor_ori: " + flag): null

2023-03-09 13:29:44 - [TEST_STEP][PASSED] - if (flag): null

2023-03-09 13:29:44 - [TEST_STEP][PASSED] - navigateToUrl(i): Navigate to 'http://192.168.2.19:7001/saraweb' successfully

2023-03-09 13:29:45 - [MESSAGE][PASSED] - Navigate to 'http://192.168.2.19:7001/saraweb' successfully

2023-03-09 13:29:45 - [TEST_STEP][PASSED] - a(): null

2023-03-09 13:29:45 - [TEST_STEP][PASSED] - if (waitForElementVisible(findTestObject("3-OBJECTS UTILIDADES/Login/input_USUARIO_loginusuario"), 0)): null

2023-03-09 13:29:45 - [MESSAGE][WARNING] - Timeout '0' is invalid. Using default page load timeout: '37'

2023-03-09 13:29:46 - [MESSAGE][PASSED] - Object 'Object Repository/3-OBJECTS UTILIDADES/Login/input_USUARIO_loginusuario' is visible

2023-03-09 13:29:46 - [TEST_STEP][PASSED] - switchToWindowTitle("SARA"): Switched to window with title: 'SARA'

2023-03-09 13:29:46 - [MESSAGE][PASSED] - Switched to window with title: 'SARA'

2023-03-09 13:29:46 - [TEST_STEP][PASSED] - zoom(): null

2023-03-09 13:29:46 - [TEST_STEP][PASSED] - robot = new java.awt.Robot(): null

2023-03-09 13:29:46 - [TEST_STEP][PASSED] - robot.keyPress(VK_CONTROL): null

2023-03-09 13:29:46 - [TEST_STEP][PASSED] - robot.keyPress(VK_SUBTRACT): null

2023-03-09 13:29:46 - [TEST_STEP][PASSED] - robot.keyRelease(VK_CONTROL): null

2023-03-09 13:29:46 - [TEST_STEP][PASSED] - robot.keyRelease(VK_SUBTRACT): null

2023-03-09 13:29:46 - [TEST_STEP][PASSED] - robot.keyPress(VK_CONTROL): null

2023-03-09 13:29:46 - [TEST_STEP][PASSED] - robot.keyPress(VK_SUBTRACT): null

2023-03-09 13:29:46 - [TEST_STEP][PASSED] - robot.keyRelease(VK_CONTROL): null

2023-03-09 13:29:46 - [TEST_STEP][PASSED] - robot.keyRelease(VK_SUBTRACT): null

2023-03-09 13:29:46 - [TEST_STEP][PASSED] - robot.keyPress(VK_CONTROL): null

2023-03-09 13:29:46 - [TEST_STEP][PASSED] - robot.keyPress(VK_SUBTRACT): null

2023-03-09 13:29:46 - [TEST_STEP][PASSED] - robot.keyRelease(VK_CONTROL): null

2023-03-09 13:29:46 - [TEST_STEP][PASSED] - robot.keyRelease(VK_SUBTRACT): null

2023-03-09 13:29:46 - [TEST_STEP][PASSED] - robot.keyRelease(VK_CONTROL): null

2023-03-09 13:29:46 - [TEST_STEP][PASSED] - robot.keyRelease(VK_SUBTRACT): null

2023-03-09 13:29:46 - [TEST_STEP][PASSED] - setText(findTestObject("3-OBJECTS UTILIDADES/Login/input_USUARIO_loginusuario"), G_Usuario): Text 'weblogic' is set on object 'Object Repository/3-OBJECTS UTILIDADES/Login/input_USUARIO_loginusuario'

2023-03-09 13:29:46 - [MESSAGE][PASSED] - Text 'weblogic' is set on object 'Object Repository/3-OBJECTS UTILIDADES/Login/input_USUARIO_loginusuario'

2023-03-09 13:29:46 - [TEST_STEP][PASSED] - setEncryptedText(findTestObject("3-OBJECTS UTILIDADES/Login/input_CLAVE_loginpassword"), "SlAwMcyRKqrwbnzhAs8HhT6NnI7sEyng"): Text ****** has been set on object 'Object Repository/3-OBJECTS UTILIDADES/Login/input_CLAVE_loginpassword'

2023-03-09 13:29:50 - [MESSAGE][PASSED] - Text ****** has been set on object 'Object Repository/3-OBJECTS UTILIDADES/Login/input_CLAVE_loginpassword'

2023-03-09 13:29:50 - [TEST_STEP][PASSED] - while (waitForElementClickable(findTestObject("3-OBJECTS UTILIDADES/Login/a_Ingresar"), 1)): Web element with id: 'Object Repository/3-OBJECTS UTILIDADES/Login/a_Ingresar' located by '//a[contains(text(),'Ingresar')]' not found

2023-03-09 13:29:52 - [MESSAGE][INFO] - Unable to find the element located by 'By.xpath: //a[contains(text(),'Ingresar')]'. Please recheck the objects properties to make sure the desired element is located. 

2023-03-09 13:29:52 - [MESSAGE][WARNING] - Web element with id: 'Object Repository/3-OBJECTS UTILIDADES/Login/a_Ingresar' located by '//a[contains(text(),'Ingresar')]' not found

2023-03-09 13:29:52 - [MESSAGE][PASSED] - Call Test Case 'Test Cases/0.1-Login' successfully

2023-03-09 13:29:52 - [TEST_STEP][PASSED] - setText(findTestObject("2-OBJECTS TAREAS SECUNDARIAS/Pruebas Evaluacion/Crear_modelos_de_evaluaciones 360º 180º 90º/input_Empresa 1_form_templatej_idt24_input"), "gestion herramientas"): Text 'gestion herramientas' is set on object 'Object Repository/2-OBJECTS TAREAS SECUNDARIAS/Pruebas Evaluacion/Crear_modelos_de_evaluaciones 360º 180º 90º/input_Empresa 1_form_templatej_idt24_input'

2023-03-09 13:29:53 - [MESSAGE][PASSED] - Text 'gestion herramientas' is set on object 'Object Repository/2-OBJECTS TAREAS SECUNDARIAS/Pruebas Evaluacion/Crear_modelos_de_evaluaciones 360º 180º 90º/input_Empresa 1_form_templatej_idt24_input'

2023-03-09 13:29:53 - [TEST_STEP][PASSED] - click(findTestObject("2-OBJECTS TAREAS SECUNDARIAS/Pruebas Evaluacion/Crear_modelos_de_evaluaciones 360º 180º 90º/span_Gestion Herramientas")): Object: 'Object Repository/2-OBJECTS TAREAS SECUNDARIAS/Pruebas Evaluacion/Crear_modelos_de_evaluaciones 360º 180º 90º/span_Gestion Herramientas' is clicked on

2023-03-09 13:29:54 - [MESSAGE][PASSED] - Object: 'Object Repository/2-OBJECTS TAREAS SECUNDARIAS/Pruebas Evaluacion/Crear_modelos_de_evaluaciones 360º 180º 90º/span_Gestion Herramientas' is clicked on

2023-03-09 13:29:54 - [TEST_STEP][PASSED] - if (waitForElementVisible(findTestObject("2-OBJECTS TAREAS SECUNDARIAS/Pruebas Evaluacion/Crear_modelos_de_evaluaciones 360º 180º 90º/td_Pruebas katalon"), 1)): null

2023-03-09 13:29:56 - [MESSAGE][PASSED] - Object 'Object Repository/2-OBJECTS TAREAS SECUNDARIAS/Pruebas Evaluacion/Crear_modelos_de_evaluaciones 360º 180º 90º/td_Pruebas katalon' is visible

2023-03-09 13:29:56 - [TEST_STEP][PASSED] - click(findTestObject("2-OBJECTS TAREAS SECUNDARIAS/Pruebas Evaluacion/Crear_modelos_de_evaluaciones 360º 180º 90º/td_Pruebas katalon")): Object: 'Object Repository/2-OBJECTS TAREAS SECUNDARIAS/Pruebas Evaluacion/Crear_modelos_de_evaluaciones 360º 180º 90º/td_Pruebas katalon' is clicked on

2023-03-09 13:29:57 - [MESSAGE][PASSED] - Object: 'Object Repository/2-OBJECTS TAREAS SECUNDARIAS/Pruebas Evaluacion/Crear_modelos_de_evaluaciones 360º 180º 90º/td_Pruebas katalon' is clicked on

2023-03-09 13:29:57 - [TEST_STEP][PASSED] - click(findTestObject("2-OBJECTS TAREAS SECUNDARIAS/Pruebas Evaluacion/Crear_modelos_de_evaluaciones 360º 180º 90º/a_Tipo Evaluador")): Object: 'Object Repository/2-OBJECTS TAREAS SECUNDARIAS/Pruebas Evaluacion/Crear_modelos_de_evaluaciones 360º 180º 90º/a_Tipo Evaluador' is clicked on

2023-03-09 13:29:57 - [MESSAGE][PASSED] - Object: 'Object Repository/2-OBJECTS TAREAS SECUNDARIAS/Pruebas Evaluacion/Crear_modelos_de_evaluaciones 360º 180º 90º/a_Tipo Evaluador' is clicked on

2023-03-09 13:29:57 - [TEST_STEP][PASSED] - if (waitForElementVisible(findTestObject("2-OBJECTS TAREAS SECUNDARIAS/Pruebas Evaluacion/Crear_modelos_de_evaluaciones 360º 180º 90º/td_pr.katalon"), 1)): Web element with id: 'Object Repository/2-OBJECTS TAREAS SECUNDARIAS/Pruebas Evaluacion/Crear_modelos_de_evaluaciones 360º 180º 90º/td_pr.katalon' located by '//*/text()[normalize-space(.)='pr.katalon']/parent::*' not found

2023-03-09 13:30:00 - [MESSAGE][INFO] - Unable to find the element located by 'By.xpath: //*/text()[normalize-space(.)='pr.katalon']/parent::*'. Please recheck the objects properties to make sure the desired element is located. 

2023-03-09 13:30:00 - [MESSAGE][WARNING] - Web element with id: 'Object Repository/2-OBJECTS TAREAS SECUNDARIAS/Pruebas Evaluacion/Crear_modelos_de_evaluaciones 360º 180º 90º/td_pr.katalon' located by '//*/text()[normalize-space(.)='pr.katalon']/parent::*' not found

2023-03-09 13:30:00 - [TEST_STEP][PASSED] - click(findTestObject("2-OBJECTS TAREAS SECUNDARIAS/Pruebas Evaluacion/Crear_modelos_de_evaluaciones 360º 180º 90º/a_Nuevo")): Object: 'Object Repository/2-OBJECTS TAREAS SECUNDARIAS/Pruebas Evaluacion/Crear_modelos_de_evaluaciones 360º 180º 90º/a_Nuevo' is clicked on

2023-03-09 13:30:00 - [MESSAGE][PASSED] - Object: 'Object Repository/2-OBJECTS TAREAS SECUNDARIAS/Pruebas Evaluacion/Crear_modelos_de_evaluaciones 360º 180º 90º/a_Nuevo' is clicked on

2023-03-09 13:30:00 - [TEST_STEP][PASSED] - setText(findTestObject("2-OBJECTS TAREAS SECUNDARIAS/Pruebas Evaluacion/Crear_modelos_de_evaluaciones 360º 180º 90º/input_Descripcin_form_planillaGestiondescripcion"), "pr.katalon"): Text 'pr.katalon' is set on object 'Object Repository/2-OBJECTS TAREAS SECUNDARIAS/Pruebas Evaluacion/Crear_modelos_de_evaluaciones 360º 180º 90º/input_Descripcin_form_planillaGestiondescripcion'

2023-03-09 13:30:01 - [MESSAGE][PASSED] - Text 'pr.katalon' is set on object 'Object Repository/2-OBJECTS TAREAS SECUNDARIAS/Pruebas Evaluacion/Crear_modelos_de_evaluaciones 360º 180º 90º/input_Descripcin_form_planillaGestiondescripcion'

2023-03-09 13:30:01 - [TEST_STEP][PASSED] - selectOptionByIndex(findTestObject("2-OBJECTS TAREAS SECUNDARIAS/Pruebas Evaluacion/Crear_modelos_de_evaluaciones 360º 180º 90º/select_--Seleccione--AutoevaluacinCompaeroJefeOtroSubalterno"), 1): All options with index in [1] are selected on object 'Object Repository/2-OBJECTS TAREAS SECUNDARIAS/Pruebas Evaluacion/Crear_modelos_de_evaluaciones 360º 180º 90º/select_--Seleccione--AutoevaluacinCompaeroJefeOtroSubalterno'

2023-03-09 13:30:02 - [MESSAGE][PASSED] - All options with index in [1] are selected on object 'Object Repository/2-OBJECTS TAREAS SECUNDARIAS/Pruebas Evaluacion/Crear_modelos_de_evaluaciones 360º 180º 90º/select_--Seleccione--AutoevaluacinCompaeroJefeOtroSubalterno'

2023-03-09 13:30:02 - [TEST_STEP][PASSED] - click(findTestObject("2-OBJECTS TAREAS SECUNDARIAS/Pruebas Evaluacion/Crear_modelos_de_evaluaciones 360º 180º 90º/a_Guardar")): Object: 'Object Repository/2-OBJECTS TAREAS SECUNDARIAS/Pruebas Evaluacion/Crear_modelos_de_evaluaciones 360º 180º 90º/a_Guardar' is clicked on

2023-03-09 13:30:03 - [MESSAGE][PASSED] - Object: 'Object Repository/2-OBJECTS TAREAS SECUNDARIAS/Pruebas Evaluacion/Crear_modelos_de_evaluaciones 360º 180º 90º/a_Guardar' is clicked on

2023-03-09 13:30:03 - [TEST_STEP][PASSED] - Result = getText(findTestObject("3-OBJECTS UTILIDADES/Alerta/Alerta")): Text of object 'Object Repository/3-OBJECTS UTILIDADES/Alerta/Alerta' is: 'Registro ingresado correctamente..'

2023-03-09 13:30:03 - [MESSAGE][PASSED] - Text of object 'Object Repository/3-OBJECTS UTILIDADES/Alerta/Alerta' is: 'Registro ingresado correctamente..'

2023-03-09 13:30:03 - [TEST_STEP][PASSED] - if (Result == "Registro ingresado correctamente.."): Browser is closed

2023-03-09 13:30:03 - [TEST_STEP][PASSED] - Resultado = "PRUEBA OK": null

2023-03-09 13:30:03 - [TEST_STEP][PASSED] - closeBrowser(): Browser is closed

2023-03-09 13:30:04 - [MESSAGE][PASSED] - Browser is closed]]></system-out>
         <system-err><![CDATA[]]></system-err>
      </testcase>
      <testcase name="Test Cases/1.2-Tareas_Secundarias/9.1-Pruebas_Evaluaciones/9.1.5-Programar_la_evaluación_Individual" time="31.549" classname="Test Cases/1.2-Tareas_Secundarias/9.1-Pruebas_Evaluaciones/9.1.5-Programar_la_evaluación_Individual" status="PASSED">
         <system-out><![CDATA[2023-03-09 13:30:04 - [TEST_CASE][PASSED] - Test Cases/1.2-Tareas_Secundarias/9.1-Pruebas_Evaluaciones/9.1.5-Programar_la_evaluación_Individual: Test Cases/1.2-Tareas_Secundarias/9.1-Pruebas_Evaluaciones/9.1.5-Programar_la_evaluación_Individual

2023-03-09 13:30:05 - [TEST_STEP][PASSED] - callTestCase(findTestCase("0.1-Login"), [:], STOP_ON_FAILURE): Call Test Case 'Test Cases/0.1-Login' successfully

2023-03-09 13:30:05 - [TEST_CASE][PASSED] - Test Cases/0.1-Login: Test Cases/0.1-Login

2023-03-09 13:30:05 - [TEST_STEP][PASSED] - openBrowser(""): Browser is opened with url: ''

2023-03-09 13:30:05 - [MESSAGE][INFO] - Starting 'Chrome' driver

2023-03-09 13:30:05 - [MESSAGE][INFO] - Action delay is set to 0 milliseconds

2023-03-09 13:30:06 - [MESSAGE][PASSED] - Browser is opened with url: ''

2023-03-09 13:30:06 - [TEST_STEP][PASSED] - maximizeWindow(): Current window maximized

2023-03-09 13:30:06 - [MESSAGE][PASSED] - Current window maximized

2023-03-09 13:30:06 - [TEST_STEP][PASSED] - i = G_Login: null

2023-03-09 13:30:06 - [TEST_STEP][PASSED] - url = new java.net.URL(i): null

2023-03-09 13:30:06 - [TEST_STEP][PASSED] - println("URL: " + url.toString()): null

2023-03-09 13:30:06 - [TEST_STEP][PASSED] - connection = url.openConnection(): null

2023-03-09 13:30:06 - [TEST_STEP][PASSED] - connection.setRequestMethod("GET"): null

2023-03-09 13:30:06 - [TEST_STEP][PASSED] - connection.setReadTimeout(2 * 1000): null

2023-03-09 13:30:06 - [TEST_STEP][PASSED] - try: null

2023-03-09 13:30:06 - [TEST_STEP][PASSED] - connection.connect(): null

2023-03-09 13:30:06 - [TEST_STEP][PASSED] - flag = connected: null

2023-03-09 13:30:06 - [TEST_STEP][PASSED] - println("Valor_ori: " + flag): null

2023-03-09 13:30:06 - [TEST_STEP][PASSED] - if (flag): null

2023-03-09 13:30:06 - [TEST_STEP][PASSED] - navigateToUrl(i): Navigate to 'http://192.168.2.19:7001/saraweb' successfully

2023-03-09 13:30:07 - [MESSAGE][PASSED] - Navigate to 'http://192.168.2.19:7001/saraweb' successfully

2023-03-09 13:30:07 - [TEST_STEP][PASSED] - a(): null

2023-03-09 13:30:07 - [TEST_STEP][PASSED] - if (waitForElementVisible(findTestObject("3-OBJECTS UTILIDADES/Login/input_USUARIO_loginusuario"), 0)): null

2023-03-09 13:30:07 - [MESSAGE][WARNING] - Timeout '0' is invalid. Using default page load timeout: '37'

2023-03-09 13:30:08 - [MESSAGE][PASSED] - Object 'Object Repository/3-OBJECTS UTILIDADES/Login/input_USUARIO_loginusuario' is visible

2023-03-09 13:30:08 - [TEST_STEP][PASSED] - switchToWindowTitle("SARA"): Switched to window with title: 'SARA'

2023-03-09 13:30:08 - [MESSAGE][PASSED] - Switched to window with title: 'SARA'

2023-03-09 13:30:08 - [TEST_STEP][PASSED] - zoom(): null

2023-03-09 13:30:08 - [TEST_STEP][PASSED] - robot = new java.awt.Robot(): null

2023-03-09 13:30:08 - [TEST_STEP][PASSED] - robot.keyPress(VK_CONTROL): null

2023-03-09 13:30:08 - [TEST_STEP][PASSED] - robot.keyPress(VK_SUBTRACT): null

2023-03-09 13:30:08 - [TEST_STEP][PASSED] - robot.keyRelease(VK_CONTROL): null

2023-03-09 13:30:08 - [TEST_STEP][PASSED] - robot.keyRelease(VK_SUBTRACT): null

2023-03-09 13:30:08 - [TEST_STEP][PASSED] - robot.keyPress(VK_CONTROL): null

2023-03-09 13:30:08 - [TEST_STEP][PASSED] - robot.keyPress(VK_SUBTRACT): null

2023-03-09 13:30:08 - [TEST_STEP][PASSED] - robot.keyRelease(VK_CONTROL): null

2023-03-09 13:30:08 - [TEST_STEP][PASSED] - robot.keyRelease(VK_SUBTRACT): null

2023-03-09 13:30:08 - [TEST_STEP][PASSED] - robot.keyPress(VK_CONTROL): null

2023-03-09 13:30:08 - [TEST_STEP][PASSED] - robot.keyPress(VK_SUBTRACT): null

2023-03-09 13:30:08 - [TEST_STEP][PASSED] - robot.keyRelease(VK_CONTROL): null

2023-03-09 13:30:08 - [TEST_STEP][PASSED] - robot.keyRelease(VK_SUBTRACT): null

2023-03-09 13:30:08 - [TEST_STEP][PASSED] - robot.keyRelease(VK_CONTROL): null

2023-03-09 13:30:08 - [TEST_STEP][PASSED] - robot.keyRelease(VK_SUBTRACT): null

2023-03-09 13:30:08 - [TEST_STEP][PASSED] - setText(findTestObject("3-OBJECTS UTILIDADES/Login/input_USUARIO_loginusuario"), G_Usuario): Text 'weblogic' is set on object 'Object Repository/3-OBJECTS UTILIDADES/Login/input_USUARIO_loginusuario'

2023-03-09 13:30:08 - [MESSAGE][PASSED] - Text 'weblogic' is set on object 'Object Repository/3-OBJECTS UTILIDADES/Login/input_USUARIO_loginusuario'

2023-03-09 13:30:08 - [TEST_STEP][PASSED] - setEncryptedText(findTestObject("3-OBJECTS UTILIDADES/Login/input_CLAVE_loginpassword"), "SlAwMcyRKqrwbnzhAs8HhT6NnI7sEyng"): Text ****** has been set on object 'Object Repository/3-OBJECTS UTILIDADES/Login/input_CLAVE_loginpassword'

2023-03-09 13:30:12 - [MESSAGE][PASSED] - Text ****** has been set on object 'Object Repository/3-OBJECTS UTILIDADES/Login/input_CLAVE_loginpassword'

2023-03-09 13:30:12 - [TEST_STEP][PASSED] - while (waitForElementClickable(findTestObject("3-OBJECTS UTILIDADES/Login/a_Ingresar"), 1)): Web element with id: 'Object Repository/3-OBJECTS UTILIDADES/Login/a_Ingresar' located by '//a[contains(text(),'Ingresar')]' not found

2023-03-09 13:30:14 - [MESSAGE][INFO] - Unable to find the element located by 'By.xpath: //a[contains(text(),'Ingresar')]'. Please recheck the objects properties to make sure the desired element is located. 

2023-03-09 13:30:14 - [MESSAGE][WARNING] - Web element with id: 'Object Repository/3-OBJECTS UTILIDADES/Login/a_Ingresar' located by '//a[contains(text(),'Ingresar')]' not found

2023-03-09 13:30:14 - [MESSAGE][PASSED] - Call Test Case 'Test Cases/0.1-Login' successfully

2023-03-09 13:30:14 - [TEST_STEP][PASSED] - setText(findTestObject("2-OBJECTS TAREAS SECUNDARIAS/Pruebas Evaluacion/Programar_la_evaluación_Individual/input_Empresa 1_form_templatej_idt24_input"), "listado herramientas"): Text 'listado herramientas' is set on object 'Object Repository/2-OBJECTS TAREAS SECUNDARIAS/Pruebas Evaluacion/Programar_la_evaluación_Individual/input_Empresa 1_form_templatej_idt24_input'

2023-03-09 13:30:15 - [MESSAGE][PASSED] - Text 'listado herramientas' is set on object 'Object Repository/2-OBJECTS TAREAS SECUNDARIAS/Pruebas Evaluacion/Programar_la_evaluación_Individual/input_Empresa 1_form_templatej_idt24_input'

2023-03-09 13:30:15 - [TEST_STEP][PASSED] - click(findTestObject("2-OBJECTS TAREAS SECUNDARIAS/Pruebas Evaluacion/Programar_la_evaluación_Individual/li_Listado Herramientas (tal)")): Object: 'Object Repository/2-OBJECTS TAREAS SECUNDARIAS/Pruebas Evaluacion/Programar_la_evaluación_Individual/li_Listado Herramientas (tal)' is clicked on

2023-03-09 13:30:16 - [MESSAGE][PASSED] - Object: 'Object Repository/2-OBJECTS TAREAS SECUNDARIAS/Pruebas Evaluacion/Programar_la_evaluación_Individual/li_Listado Herramientas (tal)' is clicked on

2023-03-09 13:30:16 - [TEST_STEP][PASSED] - click(findTestObject("2-OBJECTS TAREAS SECUNDARIAS/Pruebas Evaluacion/Programar_la_evaluación_Individual/div_Contratacion_ui-radiobutton-box ui-widget ui-corner-all ui-state-default ui-state-hover")): Object: 'Object Repository/2-OBJECTS TAREAS SECUNDARIAS/Pruebas Evaluacion/Programar_la_evaluación_Individual/div_Contratacion_ui-radiobutton-box ui-widget ui-corner-all ui-state-default ui-state-hover' is clicked on

2023-03-09 13:30:18 - [MESSAGE][PASSED] - Object: 'Object Repository/2-OBJECTS TAREAS SECUNDARIAS/Pruebas Evaluacion/Programar_la_evaluación_Individual/div_Contratacion_ui-radiobutton-box ui-widget ui-corner-all ui-state-default ui-state-hover' is clicked on

2023-03-09 13:30:18 - [TEST_STEP][PASSED] - selectOptionByIndex(findTestObject("2-OBJECTS TAREAS SECUNDARIAS/Pruebas Evaluacion/Programar_la_evaluación_Individual/select_--- Seleccione Herramienta ---ENCUESTA DE RETIROEVALUACION 2011"), 2): All options with index in [2] are selected on object 'Object Repository/2-OBJECTS TAREAS SECUNDARIAS/Pruebas Evaluacion/Programar_la_evaluación_Individual/select_--- Seleccione Herramienta ---ENCUESTA DE RETIROEVALUACION 2011'

2023-03-09 13:30:20 - [MESSAGE][PASSED] - All options with index in [2] are selected on object 'Object Repository/2-OBJECTS TAREAS SECUNDARIAS/Pruebas Evaluacion/Programar_la_evaluación_Individual/select_--- Seleccione Herramienta ---ENCUESTA DE RETIROEVALUACION 2011'

2023-03-09 13:30:20 - [TEST_STEP][PASSED] - if (waitForElementVisible(findTestObject("2-OBJECTS TAREAS SECUNDARIAS/Pruebas Evaluacion/Programar_la_evaluación_Individual/span_A A A"), 1)): null

2023-03-09 13:30:20 - [MESSAGE][PASSED] - Object 'Object Repository/2-OBJECTS TAREAS SECUNDARIAS/Pruebas Evaluacion/Programar_la_evaluación_Individual/span_A A A' is visible

2023-03-09 13:30:20 - [TEST_STEP][PASSED] - click(findTestObject("2-OBJECTS TAREAS SECUNDARIAS/Pruebas Evaluacion/Programar_la_evaluación_Individual/span_A A A")): Object: 'Object Repository/2-OBJECTS TAREAS SECUNDARIAS/Pruebas Evaluacion/Programar_la_evaluación_Individual/span_A A A' is clicked on

2023-03-09 13:30:21 - [MESSAGE][PASSED] - Object: 'Object Repository/2-OBJECTS TAREAS SECUNDARIAS/Pruebas Evaluacion/Programar_la_evaluación_Individual/span_A A A' is clicked on

2023-03-09 13:30:21 - [TEST_STEP][PASSED] - click(findTestObject("2-OBJECTS TAREAS SECUNDARIAS/Pruebas Evaluacion/Programar_la_evaluación_Individual/span_Eliminar")): Object: 'Object Repository/2-OBJECTS TAREAS SECUNDARIAS/Pruebas Evaluacion/Programar_la_evaluación_Individual/span_Eliminar' is clicked on

2023-03-09 13:30:22 - [MESSAGE][PASSED] - Object: 'Object Repository/2-OBJECTS TAREAS SECUNDARIAS/Pruebas Evaluacion/Programar_la_evaluación_Individual/span_Eliminar' is clicked on

2023-03-09 13:30:22 - [TEST_STEP][PASSED] - click(findTestObject("2-OBJECTS TAREAS SECUNDARIAS/Pruebas Evaluacion/Programar_la_evaluación_Individual/span_Si")): Object: 'Object Repository/2-OBJECTS TAREAS SECUNDARIAS/Pruebas Evaluacion/Programar_la_evaluación_Individual/span_Si' is clicked on

2023-03-09 13:30:22 - [MESSAGE][PASSED] - Object: 'Object Repository/2-OBJECTS TAREAS SECUNDARIAS/Pruebas Evaluacion/Programar_la_evaluación_Individual/span_Si' is clicked on

2023-03-09 13:30:22 - [TEST_STEP][PASSED] - click(findTestObject("2-OBJECTS TAREAS SECUNDARIAS/Pruebas Evaluacion/Programar_la_evaluación_Individual/span_Regresar")): Object: 'Object Repository/2-OBJECTS TAREAS SECUNDARIAS/Pruebas Evaluacion/Programar_la_evaluación_Individual/span_Regresar' is clicked on

2023-03-09 13:30:23 - [MESSAGE][PASSED] - Object: 'Object Repository/2-OBJECTS TAREAS SECUNDARIAS/Pruebas Evaluacion/Programar_la_evaluación_Individual/span_Regresar' is clicked on

2023-03-09 13:30:23 - [TEST_STEP][PASSED] - click(findTestObject("2-OBJECTS TAREAS SECUNDARIAS/Pruebas Evaluacion/Programar_la_evaluación_Individual/a_Nuevo")): Object: 'Object Repository/2-OBJECTS TAREAS SECUNDARIAS/Pruebas Evaluacion/Programar_la_evaluación_Individual/a_Nuevo' is clicked on

2023-03-09 13:30:24 - [MESSAGE][PASSED] - Object: 'Object Repository/2-OBJECTS TAREAS SECUNDARIAS/Pruebas Evaluacion/Programar_la_evaluación_Individual/a_Nuevo' is clicked on

2023-03-09 13:30:24 - [TEST_STEP][PASSED] - selectOptionByIndex(findTestObject("2-OBJECTS TAREAS SECUNDARIAS/Pruebas Evaluacion/Programar_la_evaluación_Individual/select_--- Seleccione Herramienta ---ENCUESTA DE RETIROEVALUACION 2011 - Copy"), 2): All options with index in [2] are selected on object 'Object Repository/2-OBJECTS TAREAS SECUNDARIAS/Pruebas Evaluacion/Programar_la_evaluación_Individual/select_--- Seleccione Herramienta ---ENCUESTA DE RETIROEVALUACION 2011 - Copy'

2023-03-09 13:30:25 - [MESSAGE][PASSED] - All options with index in [2] are selected on object 'Object Repository/2-OBJECTS TAREAS SECUNDARIAS/Pruebas Evaluacion/Programar_la_evaluación_Individual/select_--- Seleccione Herramienta ---ENCUESTA DE RETIROEVALUACION 2011 - Copy'

2023-03-09 13:30:25 - [TEST_STEP][PASSED] - click(findTestObject("2-OBJECTS TAREAS SECUNDARIAS/Pruebas Evaluacion/Programar_la_evaluación_Individual/a_Identificacion Evaluado_form_popupDetalleEvaluacionj_idt215")): Object: 'Object Repository/2-OBJECTS TAREAS SECUNDARIAS/Pruebas Evaluacion/Programar_la_evaluación_Individual/a_Identificacion Evaluado_form_popupDetalleEvaluacionj_idt215' is clicked on

2023-03-09 13:30:26 - [MESSAGE][PASSED] - Object: 'Object Repository/2-OBJECTS TAREAS SECUNDARIAS/Pruebas Evaluacion/Programar_la_evaluación_Individual/a_Identificacion Evaluado_form_popupDetalleEvaluacionj_idt215' is clicked on

2023-03-09 13:30:26 - [TEST_STEP][PASSED] - setText(findTestObject("2-OBJECTS TAREAS SECUNDARIAS/Pruebas Evaluacion/Programar_la_evaluación_Individual/input_Filtro Hoja de Vida_formPopupHojaVidaj_idt723"), "A"): Text 'A' is set on object 'Object Repository/2-OBJECTS TAREAS SECUNDARIAS/Pruebas Evaluacion/Programar_la_evaluación_Individual/input_Filtro Hoja de Vida_formPopupHojaVidaj_idt723'

2023-03-09 13:30:27 - [MESSAGE][PASSED] - Text 'A' is set on object 'Object Repository/2-OBJECTS TAREAS SECUNDARIAS/Pruebas Evaluacion/Programar_la_evaluación_Individual/input_Filtro Hoja de Vida_formPopupHojaVidaj_idt723'

2023-03-09 13:30:27 - [TEST_STEP][PASSED] - sendKeys(findTestObject("2-OBJECTS TAREAS SECUNDARIAS/Pruebas Evaluacion/Programar_la_evaluación_Individual/input_Filtro Hoja de Vida_formPopupHojaVidaj_idt723"), Keys.chord(ENTER)): Keys 'ENTER + ' sent to object: 'Object Repository/2-OBJECTS TAREAS SECUNDARIAS/Pruebas Evaluacion/Programar_la_evaluación_Individual/input_Filtro Hoja de Vida_formPopupHojaVidaj_idt723'

2023-03-09 13:30:27 - [MESSAGE][PASSED] - Keys 'ENTER + ' sent to object: 'Object Repository/2-OBJECTS TAREAS SECUNDARIAS/Pruebas Evaluacion/Programar_la_evaluación_Individual/input_Filtro Hoja de Vida_formPopupHojaVidaj_idt723'

2023-03-09 13:30:27 - [TEST_STEP][PASSED] - click(findTestObject("2-OBJECTS TAREAS SECUNDARIAS/Pruebas Evaluacion/Programar_la_evaluación_Individual/span_A A A")): Object: 'Object Repository/2-OBJECTS TAREAS SECUNDARIAS/Pruebas Evaluacion/Programar_la_evaluación_Individual/span_A A A' is clicked on

2023-03-09 13:30:28 - [MESSAGE][PASSED] - Object: 'Object Repository/2-OBJECTS TAREAS SECUNDARIAS/Pruebas Evaluacion/Programar_la_evaluación_Individual/span_A A A' is clicked on

2023-03-09 13:30:28 - [TEST_STEP][PASSED] - selectOptionByIndex(findTestObject("2-OBJECTS TAREAS SECUNDARIAS/Pruebas Evaluacion/Programar_la_evaluación_Individual/select_--Seleccione--CALIDADMENSUAL ABCMODELO EMPRESA QUINCENALPANSIONADOSPENSIONADOS BASEPRUEBAS"), "1"): All options with index in [1] are selected on object 'Object Repository/2-OBJECTS TAREAS SECUNDARIAS/Pruebas Evaluacion/Programar_la_evaluación_Individual/select_--Seleccione--CALIDADMENSUAL ABCMODELO EMPRESA QUINCENALPANSIONADOSPENSIONADOS BASEPRUEBAS'

2023-03-09 13:30:30 - [MESSAGE][PASSED] - All options with index in [1] are selected on object 'Object Repository/2-OBJECTS TAREAS SECUNDARIAS/Pruebas Evaluacion/Programar_la_evaluación_Individual/select_--Seleccione--CALIDADMENSUAL ABCMODELO EMPRESA QUINCENALPANSIONADOSPENSIONADOS BASEPRUEBAS'

2023-03-09 13:30:30 - [TEST_STEP][PASSED] - selectOptionByIndex(findTestObject("2-OBJECTS TAREAS SECUNDARIAS/Pruebas Evaluacion/Programar_la_evaluación_Individual/select_--- Seleccione Unidad Organizacional ---1111123456ADMINISTRACIONADMINISTRACIONAnalista"), 4): All options with index in [4] are selected on object 'Object Repository/2-OBJECTS TAREAS SECUNDARIAS/Pruebas Evaluacion/Programar_la_evaluación_Individual/select_--- Seleccione Unidad Organizacional ---1111123456ADMINISTRACIONADMINISTRACIONAnalista'

2023-03-09 13:30:31 - [MESSAGE][PASSED] - All options with index in [4] are selected on object 'Object Repository/2-OBJECTS TAREAS SECUNDARIAS/Pruebas Evaluacion/Programar_la_evaluación_Individual/select_--- Seleccione Unidad Organizacional ---1111123456ADMINISTRACIONADMINISTRACIONAnalista'

2023-03-09 13:30:31 - [TEST_STEP][PASSED] - selectOptionByIndex(findTestObject("2-OBJECTS TAREAS SECUNDARIAS/Pruebas Evaluacion/Programar_la_evaluación_Individual/select_--- Seleccione Cargo ---20145   -40 MIL STAFF20139   -ABOGADO20117   -ABOGADO JUNIOR10"), 2): All options with index in [2] are selected on object 'Object Repository/2-OBJECTS TAREAS SECUNDARIAS/Pruebas Evaluacion/Programar_la_evaluación_Individual/select_--- Seleccione Cargo ---20145   -40 MIL STAFF20139   -ABOGADO20117   -ABOGADO JUNIOR10'

2023-03-09 13:30:32 - [MESSAGE][PASSED] - All options with index in [2] are selected on object 'Object Repository/2-OBJECTS TAREAS SECUNDARIAS/Pruebas Evaluacion/Programar_la_evaluación_Individual/select_--- Seleccione Cargo ---20145   -40 MIL STAFF20139   -ABOGADO20117   -ABOGADO JUNIOR10'

2023-03-09 13:30:32 - [TEST_STEP][PASSED] - selectOptionByIndex(findTestObject("2-OBJECTS TAREAS SECUNDARIAS/Pruebas Evaluacion/Programar_la_evaluación_Individual/select_ADMINISTRATIVOSAPRENDICESEMPLEADOFBROLESTSMECANICOSNO APLICANOMINA 40 MIL"), 6): All options with index in [6] are selected on object 'Object Repository/2-OBJECTS TAREAS SECUNDARIAS/Pruebas Evaluacion/Programar_la_evaluación_Individual/select_ADMINISTRATIVOSAPRENDICESEMPLEADOFBROLESTSMECANICOSNO APLICANOMINA 40 MIL'

2023-03-09 13:30:33 - [MESSAGE][PASSED] - All options with index in [6] are selected on object 'Object Repository/2-OBJECTS TAREAS SECUNDARIAS/Pruebas Evaluacion/Programar_la_evaluación_Individual/select_ADMINISTRATIVOSAPRENDICESEMPLEADOFBROLESTSMECANICOSNO APLICANOMINA 40 MIL'

2023-03-09 13:30:33 - [TEST_STEP][PASSED] - click(findTestObject("2-OBJECTS TAREAS SECUNDARIAS/Pruebas Evaluacion/Programar_la_evaluación_Individual/a_Periodo_form_popupDetalleEvaluacionj_idt208")): Object: 'Object Repository/2-OBJECTS TAREAS SECUNDARIAS/Pruebas Evaluacion/Programar_la_evaluación_Individual/a_Periodo_form_popupDetalleEvaluacionj_idt208' is clicked on

2023-03-09 13:30:34 - [MESSAGE][PASSED] - Object: 'Object Repository/2-OBJECTS TAREAS SECUNDARIAS/Pruebas Evaluacion/Programar_la_evaluación_Individual/a_Periodo_form_popupDetalleEvaluacionj_idt208' is clicked on

2023-03-09 13:30:34 - [TEST_STEP][PASSED] - click(findTestObject("2-OBJECTS TAREAS SECUNDARIAS/Pruebas Evaluacion/Programar_la_evaluación_Individual/span_PERIODO DE PRUEBA")): Object: 'Object Repository/2-OBJECTS TAREAS SECUNDARIAS/Pruebas Evaluacion/Programar_la_evaluación_Individual/span_PERIODO DE PRUEBA' is clicked on

2023-03-09 13:30:34 - [MESSAGE][PASSED] - Object: 'Object Repository/2-OBJECTS TAREAS SECUNDARIAS/Pruebas Evaluacion/Programar_la_evaluación_Individual/span_PERIODO DE PRUEBA' is clicked on

2023-03-09 13:30:34 - [TEST_STEP][PASSED] - click(findTestObject("2-OBJECTS TAREAS SECUNDARIAS/Pruebas Evaluacion/Programar_la_evaluación_Individual/span_Guardar")): Object: 'Object Repository/2-OBJECTS TAREAS SECUNDARIAS/Pruebas Evaluacion/Programar_la_evaluación_Individual/span_Guardar' is clicked on

2023-03-09 13:30:35 - [MESSAGE][PASSED] - Object: 'Object Repository/2-OBJECTS TAREAS SECUNDARIAS/Pruebas Evaluacion/Programar_la_evaluación_Individual/span_Guardar' is clicked on

2023-03-09 13:30:35 - [TEST_STEP][PASSED] - Result = getText(findTestObject("3-OBJECTS UTILIDADES/Alerta/Alerta")): Text of object 'Object Repository/3-OBJECTS UTILIDADES/Alerta/Alerta' is: 'Registro guardado'

2023-03-09 13:30:36 - [MESSAGE][PASSED] - Text of object 'Object Repository/3-OBJECTS UTILIDADES/Alerta/Alerta' is: 'Registro guardado'

2023-03-09 13:30:36 - [TEST_STEP][PASSED] - if (Result == "Registro guardado"): null

2023-03-09 13:30:36 - [TEST_STEP][PASSED] - Resultado = "PRUEBA OK": null]]></system-out>
         <system-err><![CDATA[]]></system-err>
      </testcase>
      <testcase name="Test Cases/1.2-Tareas_Secundarias/A.0-Pruebas_Selección/10.1.1-Crear_un_requerimiento_según_motivo_y_formato" time="28.495" classname="Test Cases/1.2-Tareas_Secundarias/A.0-Pruebas_Selección/10.1.1-Crear_un_requerimiento_según_motivo_y_formato" status="PASSED">
         <system-out><![CDATA[2023-03-09 13:30:36 - [TEST_CASE][PASSED] - Test Cases/1.2-Tareas_Secundarias/A.0-Pruebas_Selección/10.1.1-Crear_un_requerimiento_según_motivo_y_formato: Test Cases/1.2-Tareas_Secundarias/A.0-Pruebas_Selección/10.1.1-Crear_un_requerimiento_según_motivo_y_formato

2023-03-09 13:30:36 - [TEST_STEP][PASSED] - callTestCase(findTestCase("0.1-Login"), [:], STOP_ON_FAILURE): Call Test Case 'Test Cases/0.1-Login' successfully

2023-03-09 13:30:36 - [TEST_CASE][PASSED] - Test Cases/0.1-Login: Test Cases/0.1-Login

2023-03-09 13:30:36 - [TEST_STEP][PASSED] - openBrowser(""): Browser is opened with url: ''

2023-03-09 13:30:36 - [MESSAGE][WARNING] - A browser is already opened. Closing browser and opening a new one

2023-03-09 13:30:37 - [MESSAGE][INFO] - Starting 'Chrome' driver

2023-03-09 13:30:37 - [MESSAGE][INFO] - Action delay is set to 0 milliseconds

2023-03-09 13:30:38 - [MESSAGE][PASSED] - Browser is opened with url: ''

2023-03-09 13:30:38 - [TEST_STEP][PASSED] - maximizeWindow(): Current window maximized

2023-03-09 13:30:38 - [MESSAGE][PASSED] - Current window maximized

2023-03-09 13:30:38 - [TEST_STEP][PASSED] - i = G_Login: null

2023-03-09 13:30:38 - [TEST_STEP][PASSED] - url = new java.net.URL(i): null

2023-03-09 13:30:38 - [TEST_STEP][PASSED] - println("URL: " + url.toString()): null

2023-03-09 13:30:38 - [TEST_STEP][PASSED] - connection = url.openConnection(): null

2023-03-09 13:30:38 - [TEST_STEP][PASSED] - connection.setRequestMethod("GET"): null

2023-03-09 13:30:38 - [TEST_STEP][PASSED] - connection.setReadTimeout(2 * 1000): null

2023-03-09 13:30:38 - [TEST_STEP][PASSED] - try: null

2023-03-09 13:30:38 - [TEST_STEP][PASSED] - connection.connect(): null

2023-03-09 13:30:38 - [TEST_STEP][PASSED] - flag = connected: null

2023-03-09 13:30:38 - [TEST_STEP][PASSED] - println("Valor_ori: " + flag): null

2023-03-09 13:30:38 - [TEST_STEP][PASSED] - if (flag): null

2023-03-09 13:30:38 - [TEST_STEP][PASSED] - navigateToUrl(i): Navigate to 'http://192.168.2.19:7001/saraweb' successfully

2023-03-09 13:30:40 - [MESSAGE][PASSED] - Navigate to 'http://192.168.2.19:7001/saraweb' successfully

2023-03-09 13:30:40 - [TEST_STEP][PASSED] - a(): null

2023-03-09 13:30:40 - [TEST_STEP][PASSED] - if (waitForElementVisible(findTestObject("3-OBJECTS UTILIDADES/Login/input_USUARIO_loginusuario"), 0)): null

2023-03-09 13:30:40 - [MESSAGE][WARNING] - Timeout '0' is invalid. Using default page load timeout: '37'

2023-03-09 13:30:40 - [MESSAGE][PASSED] - Object 'Object Repository/3-OBJECTS UTILIDADES/Login/input_USUARIO_loginusuario' is visible

2023-03-09 13:30:40 - [TEST_STEP][PASSED] - switchToWindowTitle("SARA"): Switched to window with title: 'SARA'

2023-03-09 13:30:40 - [MESSAGE][PASSED] - Switched to window with title: 'SARA'

2023-03-09 13:30:40 - [TEST_STEP][PASSED] - zoom(): null

2023-03-09 13:30:40 - [TEST_STEP][PASSED] - robot = new java.awt.Robot(): null

2023-03-09 13:30:40 - [TEST_STEP][PASSED] - robot.keyPress(VK_CONTROL): null

2023-03-09 13:30:40 - [TEST_STEP][PASSED] - robot.keyPress(VK_SUBTRACT): null

2023-03-09 13:30:40 - [TEST_STEP][PASSED] - robot.keyRelease(VK_CONTROL): null

2023-03-09 13:30:40 - [TEST_STEP][PASSED] - robot.keyRelease(VK_SUBTRACT): null

2023-03-09 13:30:40 - [TEST_STEP][PASSED] - robot.keyPress(VK_CONTROL): null

2023-03-09 13:30:40 - [TEST_STEP][PASSED] - robot.keyPress(VK_SUBTRACT): null

2023-03-09 13:30:40 - [TEST_STEP][PASSED] - robot.keyRelease(VK_CONTROL): null

2023-03-09 13:30:40 - [TEST_STEP][PASSED] - robot.keyRelease(VK_SUBTRACT): null

2023-03-09 13:30:40 - [TEST_STEP][PASSED] - robot.keyPress(VK_CONTROL): null

2023-03-09 13:30:40 - [TEST_STEP][PASSED] - robot.keyPress(VK_SUBTRACT): null

2023-03-09 13:30:40 - [TEST_STEP][PASSED] - robot.keyRelease(VK_CONTROL): null

2023-03-09 13:30:40 - [TEST_STEP][PASSED] - robot.keyRelease(VK_SUBTRACT): null

2023-03-09 13:30:40 - [TEST_STEP][PASSED] - robot.keyRelease(VK_CONTROL): null

2023-03-09 13:30:40 - [TEST_STEP][PASSED] - robot.keyRelease(VK_SUBTRACT): null

2023-03-09 13:30:40 - [TEST_STEP][PASSED] - setText(findTestObject("3-OBJECTS UTILIDADES/Login/input_USUARIO_loginusuario"), G_Usuario): Text 'weblogic' is set on object 'Object Repository/3-OBJECTS UTILIDADES/Login/input_USUARIO_loginusuario'

2023-03-09 13:30:41 - [MESSAGE][PASSED] - Text 'weblogic' is set on object 'Object Repository/3-OBJECTS UTILIDADES/Login/input_USUARIO_loginusuario'

2023-03-09 13:30:41 - [TEST_STEP][PASSED] - setEncryptedText(findTestObject("3-OBJECTS UTILIDADES/Login/input_CLAVE_loginpassword"), "SlAwMcyRKqrwbnzhAs8HhT6NnI7sEyng"): Text ****** has been set on object 'Object Repository/3-OBJECTS UTILIDADES/Login/input_CLAVE_loginpassword'

2023-03-09 13:30:44 - [MESSAGE][PASSED] - Text ****** has been set on object 'Object Repository/3-OBJECTS UTILIDADES/Login/input_CLAVE_loginpassword'

2023-03-09 13:30:44 - [TEST_STEP][PASSED] - while (waitForElementClickable(findTestObject("3-OBJECTS UTILIDADES/Login/a_Ingresar"), 1)): Web element with id: 'Object Repository/3-OBJECTS UTILIDADES/Login/a_Ingresar' located by '//a[contains(text(),'Ingresar')]' not found

2023-03-09 13:30:46 - [MESSAGE][INFO] - Unable to find the element located by 'By.xpath: //a[contains(text(),'Ingresar')]'. Please recheck the objects properties to make sure the desired element is located. 

2023-03-09 13:30:46 - [MESSAGE][WARNING] - Web element with id: 'Object Repository/3-OBJECTS UTILIDADES/Login/a_Ingresar' located by '//a[contains(text(),'Ingresar')]' not found

2023-03-09 13:30:46 - [MESSAGE][PASSED] - Call Test Case 'Test Cases/0.1-Login' successfully

2023-03-09 13:30:46 - [TEST_STEP][PASSED] - setText(findTestObject("2-OBJECTS TAREAS SECUNDARIAS/Pruebas Selección/Crear_un_requerimiento_según_motivo_y_formato/input_Empresa 1_form_templatej_idt24_input"), "requerimiento personal"): Text 'requerimiento personal' is set on object 'Object Repository/2-OBJECTS TAREAS SECUNDARIAS/Pruebas Selección/Crear_un_requerimiento_según_motivo_y_formato/input_Empresa 1_form_templatej_idt24_input'

2023-03-09 13:30:47 - [MESSAGE][PASSED] - Text 'requerimiento personal' is set on object 'Object Repository/2-OBJECTS TAREAS SECUNDARIAS/Pruebas Selección/Crear_un_requerimiento_según_motivo_y_formato/input_Empresa 1_form_templatej_idt24_input'

2023-03-09 13:30:47 - [TEST_STEP][PASSED] - click(findTestObject("2-OBJECTS TAREAS SECUNDARIAS/Pruebas Selección/Crear_un_requerimiento_según_motivo_y_formato/span_Requerimiento Personal")): Object: 'Object Repository/2-OBJECTS TAREAS SECUNDARIAS/Pruebas Selección/Crear_un_requerimiento_según_motivo_y_formato/span_Requerimiento Personal' is clicked on

2023-03-09 13:30:49 - [MESSAGE][PASSED] - Object: 'Object Repository/2-OBJECTS TAREAS SECUNDARIAS/Pruebas Selección/Crear_un_requerimiento_según_motivo_y_formato/span_Requerimiento Personal' is clicked on

2023-03-09 13:30:49 - [TEST_STEP][PASSED] - if (waitForElementVisible(findTestObject("2-OBJECTS TAREAS SECUNDARIAS/Pruebas Selección/Crear_un_requerimiento_según_motivo_y_formato/span_PRUEBA"), 1)): Web element with id: 'Object Repository/2-OBJECTS TAREAS SECUNDARIAS/Pruebas Selección/Crear_un_requerimiento_según_motivo_y_formato/span_PRUEBA' located by '//*/text()[normalize-space(.)='PRUEBA']/parent::*' not found

2023-03-09 13:30:51 - [MESSAGE][INFO] - Unable to find the element located by 'By.xpath: //*/text()[normalize-space(.)='PRUEBA']/parent::*'. Please recheck the objects properties to make sure the desired element is located. 

2023-03-09 13:30:51 - [MESSAGE][WARNING] - Web element with id: 'Object Repository/2-OBJECTS TAREAS SECUNDARIAS/Pruebas Selección/Crear_un_requerimiento_según_motivo_y_formato/span_PRUEBA' located by '//*/text()[normalize-space(.)='PRUEBA']/parent::*' not found

2023-03-09 13:30:51 - [TEST_STEP][PASSED] - else: Object: 'Object Repository/2-OBJECTS TAREAS SECUNDARIAS/Pruebas Selección/Crear_un_requerimiento_según_motivo_y_formato/span_PRUEBA' is clicked on

2023-03-09 13:30:51 - [TEST_STEP][PASSED] - click(findTestObject("2-OBJECTS TAREAS SECUNDARIAS/Pruebas Selección/Crear_un_requerimiento_según_motivo_y_formato/a_2")): Object: 'Object Repository/2-OBJECTS TAREAS SECUNDARIAS/Pruebas Selección/Crear_un_requerimiento_según_motivo_y_formato/a_2' is clicked on

2023-03-09 13:30:51 - [MESSAGE][PASSED] - Object: 'Object Repository/2-OBJECTS TAREAS SECUNDARIAS/Pruebas Selección/Crear_un_requerimiento_según_motivo_y_formato/a_2' is clicked on

2023-03-09 13:30:51 - [TEST_STEP][PASSED] - if (waitForElementVisible(findTestObject("2-OBJECTS TAREAS SECUNDARIAS/Pruebas Selección/Crear_un_requerimiento_según_motivo_y_formato/span_PRUEBA"), 1)): Web element with id: 'Object Repository/2-OBJECTS TAREAS SECUNDARIAS/Pruebas Selección/Crear_un_requerimiento_según_motivo_y_formato/span_PRUEBA' located by '//*/text()[normalize-space(.)='PRUEBA']/parent::*' not found

2023-03-09 13:30:53 - [MESSAGE][INFO] - Unable to find the element located by 'By.xpath: //*/text()[normalize-space(.)='PRUEBA']/parent::*'. Please recheck the objects properties to make sure the desired element is located. 

2023-03-09 13:30:53 - [MESSAGE][WARNING] - Web element with id: 'Object Repository/2-OBJECTS TAREAS SECUNDARIAS/Pruebas Selección/Crear_un_requerimiento_según_motivo_y_formato/span_PRUEBA' located by '//*/text()[normalize-space(.)='PRUEBA']/parent::*' not found

2023-03-09 13:30:53 - [TEST_STEP][PASSED] - else: Object: 'Object Repository/2-OBJECTS TAREAS SECUNDARIAS/Pruebas Selección/Crear_un_requerimiento_según_motivo_y_formato/span_PRUEBA' is clicked on

2023-03-09 13:30:53 - [TEST_STEP][PASSED] - click(findTestObject("2-OBJECTS TAREAS SECUNDARIAS/Pruebas Selección/Crear_un_requerimiento_según_motivo_y_formato/a_3")): Object: 'Object Repository/2-OBJECTS TAREAS SECUNDARIAS/Pruebas Selección/Crear_un_requerimiento_según_motivo_y_formato/a_3' is clicked on

2023-03-09 13:30:54 - [MESSAGE][PASSED] - Object: 'Object Repository/2-OBJECTS TAREAS SECUNDARIAS/Pruebas Selección/Crear_un_requerimiento_según_motivo_y_formato/a_3' is clicked on

2023-03-09 13:30:54 - [TEST_STEP][PASSED] - click(findTestObject("2-OBJECTS TAREAS SECUNDARIAS/Pruebas Selección/Crear_un_requerimiento_según_motivo_y_formato/span_PRUEBA")): Object: 'Object Repository/2-OBJECTS TAREAS SECUNDARIAS/Pruebas Selección/Crear_un_requerimiento_según_motivo_y_formato/span_PRUEBA' is clicked on

2023-03-09 13:30:55 - [MESSAGE][PASSED] - Object: 'Object Repository/2-OBJECTS TAREAS SECUNDARIAS/Pruebas Selección/Crear_un_requerimiento_según_motivo_y_formato/span_PRUEBA' is clicked on

2023-03-09 13:30:55 - [TEST_STEP][PASSED] - if (waitForElementVisible(findTestObject("2-OBJECTS TAREAS SECUNDARIAS/Pruebas Selección/Crear_un_requerimiento_según_motivo_y_formato/a_Modificar Motivo"), 1)): null

2023-03-09 13:30:56 - [MESSAGE][PASSED] - Object 'Object Repository/2-OBJECTS TAREAS SECUNDARIAS/Pruebas Selección/Crear_un_requerimiento_según_motivo_y_formato/a_Modificar Motivo' is visible

2023-03-09 13:30:56 - [TEST_STEP][PASSED] - click(findTestObject("2-OBJECTS TAREAS SECUNDARIAS/Pruebas Selección/Crear_un_requerimiento_según_motivo_y_formato/a_Modificar Motivo")): Object: 'Object Repository/2-OBJECTS TAREAS SECUNDARIAS/Pruebas Selección/Crear_un_requerimiento_según_motivo_y_formato/a_Modificar Motivo' is clicked on

2023-03-09 13:30:56 - [MESSAGE][PASSED] - Object: 'Object Repository/2-OBJECTS TAREAS SECUNDARIAS/Pruebas Selección/Crear_un_requerimiento_según_motivo_y_formato/a_Modificar Motivo' is clicked on

2023-03-09 13:30:56 - [TEST_STEP][PASSED] - selectOptionByIndex(findTestObject("2-OBJECTS TAREAS SECUNDARIAS/Pruebas Selección/Crear_un_requerimiento_según_motivo_y_formato/select_2120 HORAS1240 HORAS0NO DEFINIDO61Pensin Convencional62"), 3): All options with index in [3] are selected on object 'Object Repository/2-OBJECTS TAREAS SECUNDARIAS/Pruebas Selección/Crear_un_requerimiento_según_motivo_y_formato/select_2120 HORAS1240 HORAS0NO DEFINIDO61Pensin Convencional62'

2023-03-09 13:30:58 - [MESSAGE][PASSED] - All options with index in [3] are selected on object 'Object Repository/2-OBJECTS TAREAS SECUNDARIAS/Pruebas Selección/Crear_un_requerimiento_según_motivo_y_formato/select_2120 HORAS1240 HORAS0NO DEFINIDO61Pensin Convencional62'

2023-03-09 13:30:58 - [TEST_STEP][PASSED] - selectOptionByIndex(findTestObject("2-OBJECTS TAREAS SECUNDARIAS/Pruebas Selección/Crear_un_requerimiento_según_motivo_y_formato/select_Tcnico AdministrativoOperativo"), 2): All options with index in [2] are selected on object 'Object Repository/2-OBJECTS TAREAS SECUNDARIAS/Pruebas Selección/Crear_un_requerimiento_según_motivo_y_formato/select_Tcnico AdministrativoOperativo'

2023-03-09 13:30:59 - [MESSAGE][PASSED] - All options with index in [2] are selected on object 'Object Repository/2-OBJECTS TAREAS SECUNDARIAS/Pruebas Selección/Crear_un_requerimiento_según_motivo_y_formato/select_Tcnico AdministrativoOperativo'

2023-03-09 13:30:59 - [TEST_STEP][PASSED] - selectOptionByIndex(findTestObject("2-OBJECTS TAREAS SECUNDARIAS/Pruebas Selección/Crear_un_requerimiento_según_motivo_y_formato/select_1 mes2 meses3 meses6 mesesNo aplicaOtro"), 4): All options with index in [4] are selected on object 'Object Repository/2-OBJECTS TAREAS SECUNDARIAS/Pruebas Selección/Crear_un_requerimiento_según_motivo_y_formato/select_1 mes2 meses3 meses6 mesesNo aplicaOtro'

2023-03-09 13:31:00 - [MESSAGE][PASSED] - All options with index in [4] are selected on object 'Object Repository/2-OBJECTS TAREAS SECUNDARIAS/Pruebas Selección/Crear_un_requerimiento_según_motivo_y_formato/select_1 mes2 meses3 meses6 mesesNo aplicaOtro'

2023-03-09 13:31:00 - [TEST_STEP][PASSED] - selectOptionByIndex(findTestObject("2-OBJECTS TAREAS SECUNDARIAS/Pruebas Selección/Crear_un_requerimiento_según_motivo_y_formato/select_1. volumenes de venta2. Carga en volumenes de operacin3"), 3): All options with index in [3] are selected on object 'Object Repository/2-OBJECTS TAREAS SECUNDARIAS/Pruebas Selección/Crear_un_requerimiento_según_motivo_y_formato/select_1. volumenes de venta2. Carga en volumenes de operacin3'

2023-03-09 13:31:01 - [MESSAGE][PASSED] - All options with index in [3] are selected on object 'Object Repository/2-OBJECTS TAREAS SECUNDARIAS/Pruebas Selección/Crear_un_requerimiento_según_motivo_y_formato/select_1. volumenes de venta2. Carga en volumenes de operacin3'

2023-03-09 13:31:01 - [TEST_STEP][PASSED] - selectOptionByIndex(findTestObject("2-OBJECTS TAREAS SECUNDARIAS/Pruebas Selección/Crear_un_requerimiento_según_motivo_y_formato/select_Interna AbiertaInterna CerradaExternaInterna y Externa"), 1): All options with index in [1] are selected on object 'Object Repository/2-OBJECTS TAREAS SECUNDARIAS/Pruebas Selección/Crear_un_requerimiento_según_motivo_y_formato/select_Interna AbiertaInterna CerradaExternaInterna y Externa'

2023-03-09 13:31:02 - [MESSAGE][PASSED] - All options with index in [1] are selected on object 'Object Repository/2-OBJECTS TAREAS SECUNDARIAS/Pruebas Selección/Crear_un_requerimiento_según_motivo_y_formato/select_Interna AbiertaInterna CerradaExternaInterna y Externa'

2023-03-09 13:31:02 - [TEST_STEP][PASSED] - click(findTestObject("2-OBJECTS TAREAS SECUNDARIAS/Pruebas Selección/Crear_un_requerimiento_según_motivo_y_formato/a_Guardar Directo")): Object: 'Object Repository/2-OBJECTS TAREAS SECUNDARIAS/Pruebas Selección/Crear_un_requerimiento_según_motivo_y_formato/a_Guardar Directo' is clicked on

2023-03-09 13:31:02 - [MESSAGE][PASSED] - Object: 'Object Repository/2-OBJECTS TAREAS SECUNDARIAS/Pruebas Selección/Crear_un_requerimiento_según_motivo_y_formato/a_Guardar Directo' is clicked on

2023-03-09 13:31:02 - [TEST_STEP][PASSED] - Result = getText(findTestObject("3-OBJECTS UTILIDADES/Alerta/Alerta")): Text of object 'Object Repository/3-OBJECTS UTILIDADES/Alerta/Alerta' is: 'Se Actualizo el registro correctamente'

2023-03-09 13:31:04 - [MESSAGE][PASSED] - Text of object 'Object Repository/3-OBJECTS UTILIDADES/Alerta/Alerta' is: 'Se Actualizo el registro correctamente'

2023-03-09 13:31:04 - [TEST_STEP][PASSED] - if (Result == "Se Actualizo el registro correctamente"): Browser is closed

2023-03-09 13:31:04 - [TEST_STEP][PASSED] - Resultado = "PRUEBA OK": null

2023-03-09 13:31:04 - [TEST_STEP][PASSED] - closeBrowser(): Browser is closed

2023-03-09 13:31:04 - [MESSAGE][PASSED] - Browser is closed]]></system-out>
         <system-err><![CDATA[]]></system-err>
      </testcase>
      <testcase name="Test Cases/1.2-Tareas_Secundarias/A.0-Pruebas_Selección/10.1.2-Flujo_aprobación_requerimiento" time="16.142" classname="Test Cases/1.2-Tareas_Secundarias/A.0-Pruebas_Selección/10.1.2-Flujo_aprobación_requerimiento" status="PASSED">
         <system-out><![CDATA[2023-03-09 13:31:04 - [TEST_CASE][PASSED] - Test Cases/1.2-Tareas_Secundarias/A.0-Pruebas_Selección/10.1.2-Flujo_aprobación_requerimiento: Test Cases/1.2-Tareas_Secundarias/A.0-Pruebas_Selección/10.1.2-Flujo_aprobación_requerimiento

2023-03-09 13:31:05 - [TEST_STEP][PASSED] - callTestCase(findTestCase("0.1-Login"), [:], STOP_ON_FAILURE): Call Test Case 'Test Cases/0.1-Login' successfully

2023-03-09 13:31:05 - [TEST_CASE][PASSED] - Test Cases/0.1-Login: Test Cases/0.1-Login

2023-03-09 13:31:05 - [TEST_STEP][PASSED] - openBrowser(""): Browser is opened with url: ''

2023-03-09 13:31:05 - [MESSAGE][INFO] - Starting 'Chrome' driver

2023-03-09 13:31:05 - [MESSAGE][INFO] - Action delay is set to 0 milliseconds

2023-03-09 13:31:06 - [MESSAGE][PASSED] - Browser is opened with url: ''

2023-03-09 13:31:06 - [TEST_STEP][PASSED] - maximizeWindow(): Current window maximized

2023-03-09 13:31:06 - [MESSAGE][PASSED] - Current window maximized

2023-03-09 13:31:06 - [TEST_STEP][PASSED] - i = G_Login: null

2023-03-09 13:31:06 - [TEST_STEP][PASSED] - url = new java.net.URL(i): null

2023-03-09 13:31:06 - [TEST_STEP][PASSED] - println("URL: " + url.toString()): null

2023-03-09 13:31:06 - [TEST_STEP][PASSED] - connection = url.openConnection(): null

2023-03-09 13:31:06 - [TEST_STEP][PASSED] - connection.setRequestMethod("GET"): null

2023-03-09 13:31:06 - [TEST_STEP][PASSED] - connection.setReadTimeout(2 * 1000): null

2023-03-09 13:31:06 - [TEST_STEP][PASSED] - try: null

2023-03-09 13:31:06 - [TEST_STEP][PASSED] - connection.connect(): null

2023-03-09 13:31:06 - [TEST_STEP][PASSED] - flag = connected: null

2023-03-09 13:31:06 - [TEST_STEP][PASSED] - println("Valor_ori: " + flag): null

2023-03-09 13:31:06 - [TEST_STEP][PASSED] - if (flag): null

2023-03-09 13:31:06 - [TEST_STEP][PASSED] - navigateToUrl(i): Navigate to 'http://192.168.2.19:7001/saraweb' successfully

2023-03-09 13:31:07 - [MESSAGE][PASSED] - Navigate to 'http://192.168.2.19:7001/saraweb' successfully

2023-03-09 13:31:07 - [TEST_STEP][PASSED] - a(): null

2023-03-09 13:31:07 - [TEST_STEP][PASSED] - if (waitForElementVisible(findTestObject("3-OBJECTS UTILIDADES/Login/input_USUARIO_loginusuario"), 0)): null

2023-03-09 13:31:07 - [MESSAGE][WARNING] - Timeout '0' is invalid. Using default page load timeout: '37'

2023-03-09 13:31:08 - [MESSAGE][PASSED] - Object 'Object Repository/3-OBJECTS UTILIDADES/Login/input_USUARIO_loginusuario' is visible

2023-03-09 13:31:08 - [TEST_STEP][PASSED] - switchToWindowTitle("SARA"): Switched to window with title: 'SARA'

2023-03-09 13:31:08 - [MESSAGE][PASSED] - Switched to window with title: 'SARA'

2023-03-09 13:31:08 - [TEST_STEP][PASSED] - zoom(): null

2023-03-09 13:31:08 - [TEST_STEP][PASSED] - robot = new java.awt.Robot(): null

2023-03-09 13:31:08 - [TEST_STEP][PASSED] - robot.keyPress(VK_CONTROL): null

2023-03-09 13:31:08 - [TEST_STEP][PASSED] - robot.keyPress(VK_SUBTRACT): null

2023-03-09 13:31:08 - [TEST_STEP][PASSED] - robot.keyRelease(VK_CONTROL): null

2023-03-09 13:31:08 - [TEST_STEP][PASSED] - robot.keyRelease(VK_SUBTRACT): null

2023-03-09 13:31:08 - [TEST_STEP][PASSED] - robot.keyPress(VK_CONTROL): null

2023-03-09 13:31:08 - [TEST_STEP][PASSED] - robot.keyPress(VK_SUBTRACT): null

2023-03-09 13:31:08 - [TEST_STEP][PASSED] - robot.keyRelease(VK_CONTROL): null

2023-03-09 13:31:08 - [TEST_STEP][PASSED] - robot.keyRelease(VK_SUBTRACT): null

2023-03-09 13:31:08 - [TEST_STEP][PASSED] - robot.keyPress(VK_CONTROL): null

2023-03-09 13:31:08 - [TEST_STEP][PASSED] - robot.keyPress(VK_SUBTRACT): null

2023-03-09 13:31:08 - [TEST_STEP][PASSED] - robot.keyRelease(VK_CONTROL): null

2023-03-09 13:31:08 - [TEST_STEP][PASSED] - robot.keyRelease(VK_SUBTRACT): null

2023-03-09 13:31:08 - [TEST_STEP][PASSED] - robot.keyRelease(VK_CONTROL): null

2023-03-09 13:31:08 - [TEST_STEP][PASSED] - robot.keyRelease(VK_SUBTRACT): null

2023-03-09 13:31:08 - [TEST_STEP][PASSED] - setText(findTestObject("3-OBJECTS UTILIDADES/Login/input_USUARIO_loginusuario"), G_Usuario): Text 'weblogic' is set on object 'Object Repository/3-OBJECTS UTILIDADES/Login/input_USUARIO_loginusuario'

2023-03-09 13:31:08 - [MESSAGE][PASSED] - Text 'weblogic' is set on object 'Object Repository/3-OBJECTS UTILIDADES/Login/input_USUARIO_loginusuario'

2023-03-09 13:31:08 - [TEST_STEP][PASSED] - setEncryptedText(findTestObject("3-OBJECTS UTILIDADES/Login/input_CLAVE_loginpassword"), "SlAwMcyRKqrwbnzhAs8HhT6NnI7sEyng"): Text ****** has been set on object 'Object Repository/3-OBJECTS UTILIDADES/Login/input_CLAVE_loginpassword'

2023-03-09 13:31:12 - [MESSAGE][PASSED] - Text ****** has been set on object 'Object Repository/3-OBJECTS UTILIDADES/Login/input_CLAVE_loginpassword'

2023-03-09 13:31:12 - [TEST_STEP][PASSED] - while (waitForElementClickable(findTestObject("3-OBJECTS UTILIDADES/Login/a_Ingresar"), 1)): Web element with id: 'Object Repository/3-OBJECTS UTILIDADES/Login/a_Ingresar' located by '//a[contains(text(),'Ingresar')]' not found

2023-03-09 13:31:14 - [MESSAGE][INFO] - Unable to find the element located by 'By.xpath: //a[contains(text(),'Ingresar')]'. Please recheck the objects properties to make sure the desired element is located. 

2023-03-09 13:31:14 - [MESSAGE][WARNING] - Web element with id: 'Object Repository/3-OBJECTS UTILIDADES/Login/a_Ingresar' located by '//a[contains(text(),'Ingresar')]' not found

2023-03-09 13:31:14 - [MESSAGE][PASSED] - Call Test Case 'Test Cases/0.1-Login' successfully

2023-03-09 13:31:14 - [TEST_STEP][PASSED] - setText(findTestObject("2-OBJECTS TAREAS SECUNDARIAS/Pruebas Selección/Flujo_aprobación_requerimiento/input_Empresa 1_form_templatej_idt24_input"), "Manejo proceso"): Text 'Manejo proceso' is set on object 'Object Repository/2-OBJECTS TAREAS SECUNDARIAS/Pruebas Selección/Flujo_aprobación_requerimiento/input_Empresa 1_form_templatej_idt24_input'

2023-03-09 13:31:15 - [MESSAGE][PASSED] - Text 'Manejo proceso' is set on object 'Object Repository/2-OBJECTS TAREAS SECUNDARIAS/Pruebas Selección/Flujo_aprobación_requerimiento/input_Empresa 1_form_templatej_idt24_input'

2023-03-09 13:31:15 - [TEST_STEP][PASSED] - click(findTestObject("2-OBJECTS TAREAS SECUNDARIAS/Pruebas Selección/Flujo_aprobación_requerimiento/li_Manejo Proceso (gna)")): Object: 'Object Repository/2-OBJECTS TAREAS SECUNDARIAS/Pruebas Selección/Flujo_aprobación_requerimiento/li_Manejo Proceso (gna)' is clicked on

2023-03-09 13:31:16 - [MESSAGE][PASSED] - Object: 'Object Repository/2-OBJECTS TAREAS SECUNDARIAS/Pruebas Selección/Flujo_aprobación_requerimiento/li_Manejo Proceso (gna)' is clicked on

2023-03-09 13:31:16 - [TEST_STEP][PASSED] - click(findTestObject("2-OBJECTS TAREAS SECUNDARIAS/Pruebas Selección/Flujo_aprobación_requerimiento/a_Requerimiento")): Object: 'Object Repository/2-OBJECTS TAREAS SECUNDARIAS/Pruebas Selección/Flujo_aprobación_requerimiento/a_Requerimiento' is clicked on

2023-03-09 13:31:18 - [MESSAGE][PASSED] - Object: 'Object Repository/2-OBJECTS TAREAS SECUNDARIAS/Pruebas Selección/Flujo_aprobación_requerimiento/a_Requerimiento' is clicked on

2023-03-09 13:31:18 - [TEST_STEP][PASSED] - click(findTestObject("2-OBJECTS TAREAS SECUNDARIAS/Pruebas Selección/Flujo_aprobación_requerimiento/td_MOD1-Requerimiento de personal")): Object: 'Object Repository/2-OBJECTS TAREAS SECUNDARIAS/Pruebas Selección/Flujo_aprobación_requerimiento/td_MOD1-Requerimiento de personal' is clicked on

2023-03-09 13:31:19 - [MESSAGE][PASSED] - Object: 'Object Repository/2-OBJECTS TAREAS SECUNDARIAS/Pruebas Selección/Flujo_aprobación_requerimiento/td_MOD1-Requerimiento de personal' is clicked on

2023-03-09 13:31:19 - [TEST_STEP][PASSED] - if (waitForElementVisible(findTestObject("2-OBJECTS TAREAS SECUNDARIAS/Pruebas Selección/Flujo_aprobación_requerimiento/input_Descripcin_formFlujoTrabajopanelTabPrincipalpanelTabInternodescripcion"), 1)): null

2023-03-09 13:31:20 - [MESSAGE][PASSED] - Object 'Object Repository/2-OBJECTS TAREAS SECUNDARIAS/Pruebas Selección/Flujo_aprobación_requerimiento/input_Descripcin_formFlujoTrabajopanelTabPrincipalpanelTabInternodescripcion' is visible

2023-03-09 13:31:20 - [TEST_STEP][PASSED] - Resultado = "PRUEBA OK": null

2023-03-09 13:31:20 - [TEST_STEP][PASSED] - closeBrowser(): Browser is closed

2023-03-09 13:31:20 - [MESSAGE][PASSED] - Browser is closed]]></system-out>
         <system-err><![CDATA[]]></system-err>
      </testcase>
      <testcase name="Test Cases/1.2-Tareas_Secundarias/A.0-Pruebas_Selección/10.1.3-Crear_proceso_de_selección_por_BPM" time="63.302" classname="Test Cases/1.2-Tareas_Secundarias/A.0-Pruebas_Selección/10.1.3-Crear_proceso_de_selección_por_BPM" status="PASSED">
         <system-out><![CDATA[2023-03-09 13:31:20 - [TEST_CASE][PASSED] - Test Cases/1.2-Tareas_Secundarias/A.0-Pruebas_Selección/10.1.3-Crear_proceso_de_selección_por_BPM: Test Cases/1.2-Tareas_Secundarias/A.0-Pruebas_Selección/10.1.3-Crear_proceso_de_selección_por_BPM

2023-03-09 13:31:21 - [TEST_STEP][PASSED] - comment("NO SE PUEDE ELIMINAR REGISTROS"): NO SE PUEDE ELIMINAR REGISTROS

2023-03-09 13:31:21 - [MESSAGE][INFO] - NO SE PUEDE ELIMINAR REGISTROS

2023-03-09 13:31:21 - [TEST_STEP][PASSED] - callTestCase(findTestCase("0.1-Login"), [:], STOP_ON_FAILURE): Call Test Case 'Test Cases/0.1-Login' successfully

2023-03-09 13:31:21 - [TEST_CASE][PASSED] - Test Cases/0.1-Login: Test Cases/0.1-Login

2023-03-09 13:31:21 - [TEST_STEP][PASSED] - openBrowser(""): Browser is opened with url: ''

2023-03-09 13:31:21 - [MESSAGE][INFO] - Starting 'Chrome' driver

2023-03-09 13:31:21 - [MESSAGE][INFO] - Action delay is set to 0 milliseconds

2023-03-09 13:31:22 - [MESSAGE][PASSED] - Browser is opened with url: ''

2023-03-09 13:31:22 - [TEST_STEP][PASSED] - maximizeWindow(): Current window maximized

2023-03-09 13:31:22 - [MESSAGE][PASSED] - Current window maximized

2023-03-09 13:31:22 - [TEST_STEP][PASSED] - i = G_Login: null

2023-03-09 13:31:22 - [TEST_STEP][PASSED] - url = new java.net.URL(i): null

2023-03-09 13:31:22 - [TEST_STEP][PASSED] - println("URL: " + url.toString()): null

2023-03-09 13:31:22 - [TEST_STEP][PASSED] - connection = url.openConnection(): null

2023-03-09 13:31:22 - [TEST_STEP][PASSED] - connection.setRequestMethod("GET"): null

2023-03-09 13:31:22 - [TEST_STEP][PASSED] - connection.setReadTimeout(2 * 1000): null

2023-03-09 13:31:22 - [TEST_STEP][PASSED] - try: null

2023-03-09 13:31:22 - [TEST_STEP][PASSED] - connection.connect(): null

2023-03-09 13:31:22 - [TEST_STEP][PASSED] - flag = connected: null

2023-03-09 13:31:22 - [TEST_STEP][PASSED] - println("Valor_ori: " + flag): null

2023-03-09 13:31:22 - [TEST_STEP][PASSED] - if (flag): null

2023-03-09 13:31:22 - [TEST_STEP][PASSED] - navigateToUrl(i): Navigate to 'http://192.168.2.19:7001/saraweb' successfully

2023-03-09 13:31:24 - [MESSAGE][PASSED] - Navigate to 'http://192.168.2.19:7001/saraweb' successfully

2023-03-09 13:31:24 - [TEST_STEP][PASSED] - a(): null

2023-03-09 13:31:24 - [TEST_STEP][PASSED] - if (waitForElementVisible(findTestObject("3-OBJECTS UTILIDADES/Login/input_USUARIO_loginusuario"), 0)): null

2023-03-09 13:31:24 - [MESSAGE][WARNING] - Timeout '0' is invalid. Using default page load timeout: '37'

2023-03-09 13:31:24 - [MESSAGE][PASSED] - Object 'Object Repository/3-OBJECTS UTILIDADES/Login/input_USUARIO_loginusuario' is visible

2023-03-09 13:31:24 - [TEST_STEP][PASSED] - switchToWindowTitle("SARA"): Switched to window with title: 'SARA'

2023-03-09 13:31:24 - [MESSAGE][PASSED] - Switched to window with title: 'SARA'

2023-03-09 13:31:24 - [TEST_STEP][PASSED] - zoom(): null

2023-03-09 13:31:24 - [TEST_STEP][PASSED] - robot = new java.awt.Robot(): null

2023-03-09 13:31:24 - [TEST_STEP][PASSED] - robot.keyPress(VK_CONTROL): null

2023-03-09 13:31:24 - [TEST_STEP][PASSED] - robot.keyPress(VK_SUBTRACT): null

2023-03-09 13:31:24 - [TEST_STEP][PASSED] - robot.keyRelease(VK_CONTROL): null

2023-03-09 13:31:24 - [TEST_STEP][PASSED] - robot.keyRelease(VK_SUBTRACT): null

2023-03-09 13:31:24 - [TEST_STEP][PASSED] - robot.keyPress(VK_CONTROL): null

2023-03-09 13:31:24 - [TEST_STEP][PASSED] - robot.keyPress(VK_SUBTRACT): null

2023-03-09 13:31:24 - [TEST_STEP][PASSED] - robot.keyRelease(VK_CONTROL): null

2023-03-09 13:31:24 - [TEST_STEP][PASSED] - robot.keyRelease(VK_SUBTRACT): null

2023-03-09 13:31:24 - [TEST_STEP][PASSED] - robot.keyPress(VK_CONTROL): null

2023-03-09 13:31:24 - [TEST_STEP][PASSED] - robot.keyPress(VK_SUBTRACT): null

2023-03-09 13:31:24 - [TEST_STEP][PASSED] - robot.keyRelease(VK_CONTROL): null

2023-03-09 13:31:24 - [TEST_STEP][PASSED] - robot.keyRelease(VK_SUBTRACT): null

2023-03-09 13:31:24 - [TEST_STEP][PASSED] - robot.keyRelease(VK_CONTROL): null

2023-03-09 13:31:24 - [TEST_STEP][PASSED] - robot.keyRelease(VK_SUBTRACT): null

2023-03-09 13:31:24 - [TEST_STEP][PASSED] - setText(findTestObject("3-OBJECTS UTILIDADES/Login/input_USUARIO_loginusuario"), G_Usuario): Text 'weblogic' is set on object 'Object Repository/3-OBJECTS UTILIDADES/Login/input_USUARIO_loginusuario'

2023-03-09 13:31:25 - [MESSAGE][PASSED] - Text 'weblogic' is set on object 'Object Repository/3-OBJECTS UTILIDADES/Login/input_USUARIO_loginusuario'

2023-03-09 13:31:25 - [TEST_STEP][PASSED] - setEncryptedText(findTestObject("3-OBJECTS UTILIDADES/Login/input_CLAVE_loginpassword"), "SlAwMcyRKqrwbnzhAs8HhT6NnI7sEyng"): Text ****** has been set on object 'Object Repository/3-OBJECTS UTILIDADES/Login/input_CLAVE_loginpassword'

2023-03-09 13:31:28 - [MESSAGE][PASSED] - Text ****** has been set on object 'Object Repository/3-OBJECTS UTILIDADES/Login/input_CLAVE_loginpassword'

2023-03-09 13:31:28 - [TEST_STEP][PASSED] - while (waitForElementClickable(findTestObject("3-OBJECTS UTILIDADES/Login/a_Ingresar"), 1)): Web element with id: 'Object Repository/3-OBJECTS UTILIDADES/Login/a_Ingresar' located by '//a[contains(text(),'Ingresar')]' not found

2023-03-09 13:31:31 - [MESSAGE][INFO] - Unable to find the element located by 'By.xpath: //a[contains(text(),'Ingresar')]'. Please recheck the objects properties to make sure the desired element is located. 

2023-03-09 13:31:31 - [MESSAGE][WARNING] - Web element with id: 'Object Repository/3-OBJECTS UTILIDADES/Login/a_Ingresar' located by '//a[contains(text(),'Ingresar')]' not found

2023-03-09 13:31:31 - [MESSAGE][PASSED] - Call Test Case 'Test Cases/0.1-Login' successfully

2023-03-09 13:31:31 - [TEST_STEP][PASSED] - setText(findTestObject("2-OBJECTS TAREAS SECUNDARIAS/Pruebas Selección/Crear_proceso_de_selección_por_BPM/input_Empresa 1_form_templatej_idt24_input"), "proceso de seleccion"): Text 'proceso de seleccion' is set on object 'Object Repository/2-OBJECTS TAREAS SECUNDARIAS/Pruebas Selección/Crear_proceso_de_selección_por_BPM/input_Empresa 1_form_templatej_idt24_input'

2023-03-09 13:31:31 - [MESSAGE][PASSED] - Text 'proceso de seleccion' is set on object 'Object Repository/2-OBJECTS TAREAS SECUNDARIAS/Pruebas Selección/Crear_proceso_de_selección_por_BPM/input_Empresa 1_form_templatej_idt24_input'

2023-03-09 13:31:31 - [TEST_STEP][PASSED] - click(findTestObject("2-OBJECTS TAREAS SECUNDARIAS/Pruebas Selección/Crear_proceso_de_selección_por_BPM/span_Proceso de Sele")): Object: 'Object Repository/2-OBJECTS TAREAS SECUNDARIAS/Pruebas Selección/Crear_proceso_de_selección_por_BPM/span_Proceso de Sele' is clicked on

2023-03-09 13:31:33 - [MESSAGE][PASSED] - Object: 'Object Repository/2-OBJECTS TAREAS SECUNDARIAS/Pruebas Selección/Crear_proceso_de_selección_por_BPM/span_Proceso de Sele' is clicked on

2023-03-09 13:31:33 - [TEST_STEP][PASSED] - setText(findTestObject("2-OBJECTS TAREAS SECUNDARIAS/Pruebas Selección/Crear_proceso_de_selección_por_BPM/input_Fecha Inicial_filtro_procesoseleccionfechaps_input"), "29/06/2017"): Text '29/06/2017' is set on object 'Object Repository/2-OBJECTS TAREAS SECUNDARIAS/Pruebas Selección/Crear_proceso_de_selección_por_BPM/input_Fecha Inicial_filtro_procesoseleccionfechaps_input'

2023-03-09 13:31:36 - [MESSAGE][PASSED] - Text '29/06/2017' is set on object 'Object Repository/2-OBJECTS TAREAS SECUNDARIAS/Pruebas Selección/Crear_proceso_de_selección_por_BPM/input_Fecha Inicial_filtro_procesoseleccionfechaps_input'

2023-03-09 13:31:36 - [TEST_STEP][PASSED] - setText(findTestObject("2-OBJECTS TAREAS SECUNDARIAS/Pruebas Selección/Crear_proceso_de_selección_por_BPM/input_Fecha Final_filtro_procesoseleccionfechaps1_input"), "10/07/2017"): Text '10/07/2017' is set on object 'Object Repository/2-OBJECTS TAREAS SECUNDARIAS/Pruebas Selección/Crear_proceso_de_selección_por_BPM/input_Fecha Final_filtro_procesoseleccionfechaps1_input'

2023-03-09 13:31:37 - [MESSAGE][PASSED] - Text '10/07/2017' is set on object 'Object Repository/2-OBJECTS TAREAS SECUNDARIAS/Pruebas Selección/Crear_proceso_de_selección_por_BPM/input_Fecha Final_filtro_procesoseleccionfechaps1_input'

2023-03-09 13:31:37 - [TEST_STEP][PASSED] - if (waitForElementVisible(findTestObject("2-OBJECTS TAREAS SECUNDARIAS/Pruebas Selección/Crear_proceso_de_selección_por_BPM/td_8028     - Analista De Sistemas"), 1)): Web element with id: 'Object Repository/2-OBJECTS TAREAS SECUNDARIAS/Pruebas Selección/Crear_proceso_de_selección_por_BPM/td_8028     - Analista De Sistemas' located by '//td[(text() = '8028     - Analista De Sistemas' or . = '8028     - Analista De Sistemas')]' not found

2023-03-09 13:31:39 - [MESSAGE][INFO] - Unable to find the element located by 'By.xpath: //td[(text() = '8028     - Analista De Sistemas' or . = '8028     - Analista De Sistemas')]'. Please recheck the objects properties to make sure the desired element is located. 

2023-03-09 13:31:39 - [MESSAGE][WARNING] - Web element with id: 'Object Repository/2-OBJECTS TAREAS SECUNDARIAS/Pruebas Selección/Crear_proceso_de_selección_por_BPM/td_8028     - Analista De Sistemas' located by '//td[(text() = '8028     - Analista De Sistemas' or . = '8028     - Analista De Sistemas')]' not found

2023-03-09 13:31:39 - [TEST_STEP][PASSED] - else: Browser is closed

2023-03-09 13:31:39 - [TEST_STEP][PASSED] - click(findTestObject("2-OBJECTS TAREAS SECUNDARIAS/Pruebas Selección/Crear_proceso_de_selección_por_BPM/a_Nuevo - Copy")): Object: 'Object Repository/2-OBJECTS TAREAS SECUNDARIAS/Pruebas Selección/Crear_proceso_de_selección_por_BPM/a_Nuevo - Copy' is clicked on

2023-03-09 13:31:40 - [MESSAGE][PASSED] - Object: 'Object Repository/2-OBJECTS TAREAS SECUNDARIAS/Pruebas Selección/Crear_proceso_de_selección_por_BPM/a_Nuevo - Copy' is clicked on

2023-03-09 13:31:40 - [TEST_STEP][PASSED] - selectOptionByIndex(findTestObject("2-OBJECTS TAREAS SECUNDARIAS/Pruebas Selección/Crear_proceso_de_selección_por_BPM/select_SeleccionarSiNo"), 2): All options with index in [2] are selected on object 'Object Repository/2-OBJECTS TAREAS SECUNDARIAS/Pruebas Selección/Crear_proceso_de_selección_por_BPM/select_SeleccionarSiNo'

2023-03-09 13:31:41 - [MESSAGE][PASSED] - All options with index in [2] are selected on object 'Object Repository/2-OBJECTS TAREAS SECUNDARIAS/Pruebas Selección/Crear_proceso_de_selección_por_BPM/select_SeleccionarSiNo'

2023-03-09 13:31:41 - [TEST_STEP][PASSED] - selectOptionByIndex(findTestObject("2-OBJECTS TAREAS SECUNDARIAS/Pruebas Selección/Crear_proceso_de_selección_por_BPM/select_--Seleccione--CALIDADMENSUAL ABCMODELO EMPRESA QUINCENALPANSIONADOSPENSIONADOS BASEPRUEBAS"), 1): All options with index in [1] are selected on object 'Object Repository/2-OBJECTS TAREAS SECUNDARIAS/Pruebas Selección/Crear_proceso_de_selección_por_BPM/select_--Seleccione--CALIDADMENSUAL ABCMODELO EMPRESA QUINCENALPANSIONADOSPENSIONADOS BASEPRUEBAS'

2023-03-09 13:31:43 - [MESSAGE][PASSED] - All options with index in [1] are selected on object 'Object Repository/2-OBJECTS TAREAS SECUNDARIAS/Pruebas Selección/Crear_proceso_de_selección_por_BPM/select_--Seleccione--CALIDADMENSUAL ABCMODELO EMPRESA QUINCENALPANSIONADOSPENSIONADOS BASEPRUEBAS'

2023-03-09 13:31:43 - [TEST_STEP][PASSED] - click(findTestObject("2-OBJECTS TAREAS SECUNDARIAS/Pruebas Selección/Crear_proceso_de_selección_por_BPM/a_Unidad Organizacional_popupConfirmacionRequerimientoj_idt132")): Object: 'Object Repository/2-OBJECTS TAREAS SECUNDARIAS/Pruebas Selección/Crear_proceso_de_selección_por_BPM/a_Unidad Organizacional_popupConfirmacionRequerimientoj_idt132' is clicked on

2023-03-09 13:31:43 - [MESSAGE][PASSED] - Object: 'Object Repository/2-OBJECTS TAREAS SECUNDARIAS/Pruebas Selección/Crear_proceso_de_selección_por_BPM/a_Unidad Organizacional_popupConfirmacionRequerimientoj_idt132' is clicked on

2023-03-09 13:31:43 - [TEST_STEP][PASSED] - setText(findTestObject("2-OBJECTS TAREAS SECUNDARIAS/Pruebas Selección/Crear_proceso_de_selección_por_BPM/input_Unidad Organizacional_formPopUpUnidaddescripciones"), "Analista QA"): Text 'Analista QA' is set on object 'Object Repository/2-OBJECTS TAREAS SECUNDARIAS/Pruebas Selección/Crear_proceso_de_selección_por_BPM/input_Unidad Organizacional_formPopUpUnidaddescripciones'

2023-03-09 13:31:45 - [MESSAGE][PASSED] - Text 'Analista QA' is set on object 'Object Repository/2-OBJECTS TAREAS SECUNDARIAS/Pruebas Selección/Crear_proceso_de_selección_por_BPM/input_Unidad Organizacional_formPopUpUnidaddescripciones'

2023-03-09 13:31:45 - [TEST_STEP][PASSED] - sendKeys(findTestObject("2-OBJECTS TAREAS SECUNDARIAS/Pruebas Selección/Crear_proceso_de_selección_por_BPM/input_Unidad Organizacional_formPopUpUnidaddescripciones"), Keys.chord(ENTER)): Keys 'ENTER + ' sent to object: 'Object Repository/2-OBJECTS TAREAS SECUNDARIAS/Pruebas Selección/Crear_proceso_de_selección_por_BPM/input_Unidad Organizacional_formPopUpUnidaddescripciones'

2023-03-09 13:31:45 - [MESSAGE][PASSED] - Keys 'ENTER + ' sent to object: 'Object Repository/2-OBJECTS TAREAS SECUNDARIAS/Pruebas Selección/Crear_proceso_de_selección_por_BPM/input_Unidad Organizacional_formPopUpUnidaddescripciones'

2023-03-09 13:31:45 - [TEST_STEP][PASSED] - click(findTestObject("2-OBJECTS TAREAS SECUNDARIAS/Pruebas Selección/Crear_proceso_de_selección_por_BPM/span_Analista QA")): Object: 'Object Repository/2-OBJECTS TAREAS SECUNDARIAS/Pruebas Selección/Crear_proceso_de_selección_por_BPM/span_Analista QA' is clicked on

2023-03-09 13:31:46 - [MESSAGE][PASSED] - Object: 'Object Repository/2-OBJECTS TAREAS SECUNDARIAS/Pruebas Selección/Crear_proceso_de_selección_por_BPM/span_Analista QA' is clicked on

2023-03-09 13:31:46 - [TEST_STEP][PASSED] - click(findTestObject("2-OBJECTS TAREAS SECUNDARIAS/Pruebas Selección/Crear_proceso_de_selección_por_BPM/a_Cargo_popupConfirmacionRequerimientoj_idt136")): Object: 'Object Repository/2-OBJECTS TAREAS SECUNDARIAS/Pruebas Selección/Crear_proceso_de_selección_por_BPM/a_Cargo_popupConfirmacionRequerimientoj_idt136' is clicked on

2023-03-09 13:31:47 - [MESSAGE][PASSED] - Object: 'Object Repository/2-OBJECTS TAREAS SECUNDARIAS/Pruebas Selección/Crear_proceso_de_selección_por_BPM/a_Cargo_popupConfirmacionRequerimientoj_idt136' is clicked on

2023-03-09 13:31:47 - [TEST_STEP][PASSED] - setText(findTestObject("2-OBJECTS TAREAS SECUNDARIAS/Pruebas Selección/Crear_proceso_de_selección_por_BPM/input_Cargo_popupCargo_Formj_idt668"), "ANALISTA DE SISTEMAS"): Text 'ANALISTA DE SISTEMAS' is set on object 'Object Repository/2-OBJECTS TAREAS SECUNDARIAS/Pruebas Selección/Crear_proceso_de_selección_por_BPM/input_Cargo_popupCargo_Formj_idt668'

2023-03-09 13:31:48 - [MESSAGE][PASSED] - Text 'ANALISTA DE SISTEMAS' is set on object 'Object Repository/2-OBJECTS TAREAS SECUNDARIAS/Pruebas Selección/Crear_proceso_de_selección_por_BPM/input_Cargo_popupCargo_Formj_idt668'

2023-03-09 13:31:48 - [TEST_STEP][PASSED] - sendKeys(findTestObject("2-OBJECTS TAREAS SECUNDARIAS/Pruebas Selección/Crear_proceso_de_selección_por_BPM/input_Cargo_popupCargo_Formj_idt668"), Keys.chord(ENTER)): Keys 'ENTER + ' sent to object: 'Object Repository/2-OBJECTS TAREAS SECUNDARIAS/Pruebas Selección/Crear_proceso_de_selección_por_BPM/input_Cargo_popupCargo_Formj_idt668'

2023-03-09 13:31:51 - [MESSAGE][PASSED] - Keys 'ENTER + ' sent to object: 'Object Repository/2-OBJECTS TAREAS SECUNDARIAS/Pruebas Selección/Crear_proceso_de_selección_por_BPM/input_Cargo_popupCargo_Formj_idt668'

2023-03-09 13:31:51 - [TEST_STEP][PASSED] - click(findTestObject("2-OBJECTS TAREAS SECUNDARIAS/Pruebas Selección/Crear_proceso_de_selección_por_BPM/span_ANALISTA DE SISTEMAS")): Object: 'Object Repository/2-OBJECTS TAREAS SECUNDARIAS/Pruebas Selección/Crear_proceso_de_selección_por_BPM/span_ANALISTA DE SISTEMAS' is clicked on

2023-03-09 13:31:51 - [MESSAGE][PASSED] - Object: 'Object Repository/2-OBJECTS TAREAS SECUNDARIAS/Pruebas Selección/Crear_proceso_de_selección_por_BPM/span_ANALISTA DE SISTEMAS' is clicked on

2023-03-09 13:31:51 - [TEST_STEP][PASSED] - selectOptionByIndex(findTestObject("2-OBJECTS TAREAS SECUNDARIAS/Pruebas Selección/Crear_proceso_de_selección_por_BPM/select_--Seleccione--Primer Modelo Seleccin R. Modelo Etapa"), 1): All options with index in [1] are selected on object 'Object Repository/2-OBJECTS TAREAS SECUNDARIAS/Pruebas Selección/Crear_proceso_de_selección_por_BPM/select_--Seleccione--Primer Modelo Seleccin R. Modelo Etapa'

2023-03-09 13:31:53 - [MESSAGE][PASSED] - All options with index in [1] are selected on object 'Object Repository/2-OBJECTS TAREAS SECUNDARIAS/Pruebas Selección/Crear_proceso_de_selección_por_BPM/select_--Seleccione--Primer Modelo Seleccin R. Modelo Etapa'

2023-03-09 13:31:53 - [TEST_STEP][PASSED] - click(findTestObject("2-OBJECTS TAREAS SECUNDARIAS/Pruebas Selección/Crear_proceso_de_selección_por_BPM/a_Continuar")): Object: 'Object Repository/2-OBJECTS TAREAS SECUNDARIAS/Pruebas Selección/Crear_proceso_de_selección_por_BPM/a_Continuar' is clicked on

2023-03-09 13:31:53 - [MESSAGE][PASSED] - Object: 'Object Repository/2-OBJECTS TAREAS SECUNDARIAS/Pruebas Selección/Crear_proceso_de_selección_por_BPM/a_Continuar' is clicked on

2023-03-09 13:31:53 - [TEST_STEP][PASSED] - selectOptionByIndex(findTestObject("2-OBJECTS TAREAS SECUNDARIAS/Pruebas Selección/Crear_proceso_de_selección_por_BPM/select_SeleccioneNOSI"), 2): All options with index in [2] are selected on object 'Object Repository/2-OBJECTS TAREAS SECUNDARIAS/Pruebas Selección/Crear_proceso_de_selección_por_BPM/select_SeleccioneNOSI'

2023-03-09 13:31:56 - [MESSAGE][PASSED] - All options with index in [2] are selected on object 'Object Repository/2-OBJECTS TAREAS SECUNDARIAS/Pruebas Selección/Crear_proceso_de_selección_por_BPM/select_SeleccioneNOSI'

2023-03-09 13:31:56 - [TEST_STEP][PASSED] - setText(findTestObject("2-OBJECTS TAREAS SECUNDARIAS/Pruebas Selección/Crear_proceso_de_selección_por_BPM/input_Proceso_seleccion_procesofecha_inicio_input"), "29/06/2017"): Text '29/06/2017' is set on object 'Object Repository/2-OBJECTS TAREAS SECUNDARIAS/Pruebas Selección/Crear_proceso_de_selección_por_BPM/input_Proceso_seleccion_procesofecha_inicio_input'

2023-03-09 13:31:57 - [MESSAGE][PASSED] - Text '29/06/2017' is set on object 'Object Repository/2-OBJECTS TAREAS SECUNDARIAS/Pruebas Selección/Crear_proceso_de_selección_por_BPM/input_Proceso_seleccion_procesofecha_inicio_input'

2023-03-09 13:31:57 - [TEST_STEP][PASSED] - selectOptionByIndex(findTestObject("2-OBJECTS TAREAS SECUNDARIAS/Pruebas Selección/Crear_proceso_de_selección_por_BPM/select_Concurso InternoMixtoProceso Externo"), 0): All options with index in [0] are selected on object 'Object Repository/2-OBJECTS TAREAS SECUNDARIAS/Pruebas Selección/Crear_proceso_de_selección_por_BPM/select_Concurso InternoMixtoProceso Externo'

2023-03-09 13:31:58 - [MESSAGE][PASSED] - All options with index in [0] are selected on object 'Object Repository/2-OBJECTS TAREAS SECUNDARIAS/Pruebas Selección/Crear_proceso_de_selección_por_BPM/select_Concurso InternoMixtoProceso Externo'

2023-03-09 13:31:58 - [TEST_STEP][PASSED] - setText(findTestObject("2-OBJECTS TAREAS SECUNDARIAS/Pruebas Selección/Crear_proceso_de_selección_por_BPM/input__seleccion_procesofechaconvocatoria_input"), "10/07/2017"): Text '10/07/2017' is set on object 'Object Repository/2-OBJECTS TAREAS SECUNDARIAS/Pruebas Selección/Crear_proceso_de_selección_por_BPM/input__seleccion_procesofechaconvocatoria_input'

2023-03-09 13:31:58 - [MESSAGE][PASSED] - Text '10/07/2017' is set on object 'Object Repository/2-OBJECTS TAREAS SECUNDARIAS/Pruebas Selección/Crear_proceso_de_selección_por_BPM/input__seleccion_procesofechaconvocatoria_input'

2023-03-09 13:31:58 - [TEST_STEP][PASSED] - setText(findTestObject("2-OBJECTS TAREAS SECUNDARIAS/Pruebas Selección/Crear_proceso_de_selección_por_BPM/textarea_TEST_seleccion_procesoproceso"), "PRUEBAS KATALON"): Text 'PRUEBAS KATALON' is set on object 'Object Repository/2-OBJECTS TAREAS SECUNDARIAS/Pruebas Selección/Crear_proceso_de_selección_por_BPM/textarea_TEST_seleccion_procesoproceso'

2023-03-09 13:31:59 - [MESSAGE][PASSED] - Text 'PRUEBAS KATALON' is set on object 'Object Repository/2-OBJECTS TAREAS SECUNDARIAS/Pruebas Selección/Crear_proceso_de_selección_por_BPM/textarea_TEST_seleccion_procesoproceso'

2023-03-09 13:31:59 - [TEST_STEP][PASSED] - setText(findTestObject("2-OBJECTS TAREAS SECUNDARIAS/Pruebas Selección/Crear_proceso_de_selección_por_BPM/input_Cantidad Puesto_seleccion_procesocantidad"), "100"): Text '100' is set on object 'Object Repository/2-OBJECTS TAREAS SECUNDARIAS/Pruebas Selección/Crear_proceso_de_selección_por_BPM/input_Cantidad Puesto_seleccion_procesocantidad'

2023-03-09 13:32:00 - [MESSAGE][PASSED] - Text '100' is set on object 'Object Repository/2-OBJECTS TAREAS SECUNDARIAS/Pruebas Selección/Crear_proceso_de_selección_por_BPM/input_Cantidad Puesto_seleccion_procesocantidad'

2023-03-09 13:32:00 - [TEST_STEP][PASSED] - click(findTestObject("2-OBJECTS TAREAS SECUNDARIAS/Pruebas Selección/Crear_proceso_de_selección_por_BPM/a_Guardar")): Object: 'Object Repository/2-OBJECTS TAREAS SECUNDARIAS/Pruebas Selección/Crear_proceso_de_selección_por_BPM/a_Guardar' is clicked on

2023-03-09 13:32:00 - [MESSAGE][PASSED] - Object: 'Object Repository/2-OBJECTS TAREAS SECUNDARIAS/Pruebas Selección/Crear_proceso_de_selección_por_BPM/a_Guardar' is clicked on

2023-03-09 13:32:00 - [TEST_STEP][PASSED] - click(findTestObject("2-OBJECTS TAREAS SECUNDARIAS/Pruebas Selección/Crear_proceso_de_selección_por_BPM/a_Etapa")): Object: 'Object Repository/2-OBJECTS TAREAS SECUNDARIAS/Pruebas Selección/Crear_proceso_de_selección_por_BPM/a_Etapa' is clicked on

2023-03-09 13:32:02 - [MESSAGE][PASSED] - Object: 'Object Repository/2-OBJECTS TAREAS SECUNDARIAS/Pruebas Selección/Crear_proceso_de_selección_por_BPM/a_Etapa' is clicked on

2023-03-09 13:32:02 - [TEST_STEP][PASSED] - if (waitForElementVisible(findTestObject("2-OBJECTS TAREAS SECUNDARIAS/Pruebas Selección/Crear_proceso_de_selección_por_BPM/td_PRUEBA"), 1)): Web element with id: 'Object Repository/2-OBJECTS TAREAS SECUNDARIAS/Pruebas Selección/Crear_proceso_de_selección_por_BPM/td_PRUEBA' located by '//*/text()[normalize-space(.)='PRUEBA']/parent::*' not found

2023-03-09 13:32:04 - [MESSAGE][INFO] - Unable to find the element located by 'By.xpath: //*/text()[normalize-space(.)='PRUEBA']/parent::*'. Please recheck the objects properties to make sure the desired element is located. 

2023-03-09 13:32:04 - [MESSAGE][WARNING] - Web element with id: 'Object Repository/2-OBJECTS TAREAS SECUNDARIAS/Pruebas Selección/Crear_proceso_de_selección_por_BPM/td_PRUEBA' located by '//*/text()[normalize-space(.)='PRUEBA']/parent::*' not found

2023-03-09 13:32:04 - [TEST_STEP][PASSED] - click(findTestObject("2-OBJECTS TAREAS SECUNDARIAS/Pruebas Selección/Crear_proceso_de_selección_por_BPM/a_Nuevo1")): Object: 'Object Repository/2-OBJECTS TAREAS SECUNDARIAS/Pruebas Selección/Crear_proceso_de_selección_por_BPM/a_Nuevo1' is clicked on

2023-03-09 13:32:05 - [MESSAGE][PASSED] - Object: 'Object Repository/2-OBJECTS TAREAS SECUNDARIAS/Pruebas Selección/Crear_proceso_de_selección_por_BPM/a_Nuevo1' is clicked on

2023-03-09 13:32:05 - [TEST_STEP][PASSED] - selectOptionByIndex(findTestObject("2-OBJECTS TAREAS SECUNDARIAS/Pruebas Selección/Crear_proceso_de_selección_por_BPM/select_--Seleccione--Ajuste al cargoContacto"), 9): All options with index in [9] are selected on object 'Object Repository/2-OBJECTS TAREAS SECUNDARIAS/Pruebas Selección/Crear_proceso_de_selección_por_BPM/select_--Seleccione--Ajuste al cargoContacto'

2023-03-09 13:32:06 - [MESSAGE][PASSED] - All options with index in [9] are selected on object 'Object Repository/2-OBJECTS TAREAS SECUNDARIAS/Pruebas Selección/Crear_proceso_de_selección_por_BPM/select_--Seleccione--Ajuste al cargoContacto'

2023-03-09 13:32:06 - [TEST_STEP][PASSED] - setText(findTestObject("2-OBJECTS TAREAS SECUNDARIAS/Pruebas Selección/Crear_proceso_de_selección_por_BPM/input_Nmero_popupEtapaSeleccion_formorden"), "11"): Text '11' is set on object 'Object Repository/2-OBJECTS TAREAS SECUNDARIAS/Pruebas Selección/Crear_proceso_de_selección_por_BPM/input_Nmero_popupEtapaSeleccion_formorden'

2023-03-09 13:32:08 - [MESSAGE][PASSED] - Text '11' is set on object 'Object Repository/2-OBJECTS TAREAS SECUNDARIAS/Pruebas Selección/Crear_proceso_de_selección_por_BPM/input_Nmero_popupEtapaSeleccion_formorden'

2023-03-09 13:32:08 - [TEST_STEP][PASSED] - click(findTestObject("2-OBJECTS TAREAS SECUNDARIAS/Pruebas Selección/Crear_proceso_de_selección_por_BPM/div_INFORME FINAL_ui-chkbox-box ui-widget ui-corner-all ui-state-default ui-state-hover1")): Object: 'Object Repository/2-OBJECTS TAREAS SECUNDARIAS/Pruebas Selección/Crear_proceso_de_selección_por_BPM/div_INFORME FINAL_ui-chkbox-box ui-widget ui-corner-all ui-state-default ui-state-hover1' is clicked on

2023-03-09 13:32:08 - [MESSAGE][PASSED] - Object: 'Object Repository/2-OBJECTS TAREAS SECUNDARIAS/Pruebas Selección/Crear_proceso_de_selección_por_BPM/div_INFORME FINAL_ui-chkbox-box ui-widget ui-corner-all ui-state-default ui-state-hover1' is clicked on

2023-03-09 13:32:08 - [TEST_STEP][PASSED] - selectOptionByIndex(findTestObject("2-OBJECTS TAREAS SECUNDARIAS/Pruebas Selección/Crear_proceso_de_selección_por_BPM/select_SeleccioneClasificatoriaEliminatoriaNo Aplica"), 3): All options with index in [3] are selected on object 'Object Repository/2-OBJECTS TAREAS SECUNDARIAS/Pruebas Selección/Crear_proceso_de_selección_por_BPM/select_SeleccioneClasificatoriaEliminatoriaNo Aplica'

2023-03-09 13:32:09 - [MESSAGE][PASSED] - All options with index in [3] are selected on object 'Object Repository/2-OBJECTS TAREAS SECUNDARIAS/Pruebas Selección/Crear_proceso_de_selección_por_BPM/select_SeleccioneClasificatoriaEliminatoriaNo Aplica'

2023-03-09 13:32:10 - [TEST_STEP][PASSED] - setText(findTestObject("2-OBJECTS TAREAS SECUNDARIAS/Pruebas Selección/Crear_proceso_de_selección_por_BPM/input_Evaluacin Artstica_popupEtapaSeleccion_formtabla1peso"), "15"): Text '15' is set on object 'Object Repository/2-OBJECTS TAREAS SECUNDARIAS/Pruebas Selección/Crear_proceso_de_selección_por_BPM/input_Evaluacin Artstica_popupEtapaSeleccion_formtabla1peso'

2023-03-09 13:32:10 - [MESSAGE][PASSED] - Text '15' is set on object 'Object Repository/2-OBJECTS TAREAS SECUNDARIAS/Pruebas Selección/Crear_proceso_de_selección_por_BPM/input_Evaluacin Artstica_popupEtapaSeleccion_formtabla1peso'

2023-03-09 13:32:10 - [TEST_STEP][PASSED] - setText(findTestObject("2-OBJECTS TAREAS SECUNDARIAS/Pruebas Selección/Crear_proceso_de_selección_por_BPM/input_Evaluacin Artstica_popupEtapaSeleccion_formtabla1minimo"), "3"): Text '3' is set on object 'Object Repository/2-OBJECTS TAREAS SECUNDARIAS/Pruebas Selección/Crear_proceso_de_selección_por_BPM/input_Evaluacin Artstica_popupEtapaSeleccion_formtabla1minimo'

2023-03-09 13:32:11 - [MESSAGE][PASSED] - Text '3' is set on object 'Object Repository/2-OBJECTS TAREAS SECUNDARIAS/Pruebas Selección/Crear_proceso_de_selección_por_BPM/input_Evaluacin Artstica_popupEtapaSeleccion_formtabla1minimo'

2023-03-09 13:32:11 - [TEST_STEP][PASSED] - setText(findTestObject("2-OBJECTS TAREAS SECUNDARIAS/Pruebas Selección/Crear_proceso_de_selección_por_BPM/input_Evaluacin Artstica_popupEtapaSeleccion_formtabla1maximo"), "10"): Text '10' is set on object 'Object Repository/2-OBJECTS TAREAS SECUNDARIAS/Pruebas Selección/Crear_proceso_de_selección_por_BPM/input_Evaluacin Artstica_popupEtapaSeleccion_formtabla1maximo'

2023-03-09 13:32:12 - [MESSAGE][PASSED] - Text '10' is set on object 'Object Repository/2-OBJECTS TAREAS SECUNDARIAS/Pruebas Selección/Crear_proceso_de_selección_por_BPM/input_Evaluacin Artstica_popupEtapaSeleccion_formtabla1maximo'

2023-03-09 13:32:12 - [TEST_STEP][PASSED] - click(findTestObject("2-OBJECTS TAREAS SECUNDARIAS/Pruebas Selección/Crear_proceso_de_selección_por_BPM/a_Guardar1")): Object: 'Object Repository/2-OBJECTS TAREAS SECUNDARIAS/Pruebas Selección/Crear_proceso_de_selección_por_BPM/a_Guardar1' is clicked on

2023-03-09 13:32:12 - [MESSAGE][PASSED] - Object: 'Object Repository/2-OBJECTS TAREAS SECUNDARIAS/Pruebas Selección/Crear_proceso_de_selección_por_BPM/a_Guardar1' is clicked on

2023-03-09 13:32:12 - [TEST_STEP][PASSED] - click(findTestObject("2-OBJECTS TAREAS SECUNDARIAS/Pruebas Selección/Crear_proceso_de_selección_por_BPM/a_Medio")): Object: 'Object Repository/2-OBJECTS TAREAS SECUNDARIAS/Pruebas Selección/Crear_proceso_de_selección_por_BPM/a_Medio' is clicked on

2023-03-09 13:32:13 - [MESSAGE][PASSED] - Object: 'Object Repository/2-OBJECTS TAREAS SECUNDARIAS/Pruebas Selección/Crear_proceso_de_selección_por_BPM/a_Medio' is clicked on

2023-03-09 13:32:13 - [TEST_STEP][PASSED] - if (waitForElementVisible(findTestObject("2-OBJECTS TAREAS SECUNDARIAS/Pruebas Selección/Crear_proceso_de_selección_por_BPM/td_Evaluacin Artstica"), 1)): null

2023-03-09 13:32:14 - [MESSAGE][PASSED] - Object 'Object Repository/2-OBJECTS TAREAS SECUNDARIAS/Pruebas Selección/Crear_proceso_de_selección_por_BPM/td_Evaluacin Artstica' is visible

2023-03-09 13:32:14 - [TEST_STEP][PASSED] - click(findTestObject("2-OBJECTS TAREAS SECUNDARIAS/Pruebas Selección/Crear_proceso_de_selección_por_BPM/td_Evaluacin Artstica")): Object: 'Object Repository/2-OBJECTS TAREAS SECUNDARIAS/Pruebas Selección/Crear_proceso_de_selección_por_BPM/td_Evaluacin Artstica' is clicked on

2023-03-09 13:32:15 - [MESSAGE][PASSED] - Object: 'Object Repository/2-OBJECTS TAREAS SECUNDARIAS/Pruebas Selección/Crear_proceso_de_selección_por_BPM/td_Evaluacin Artstica' is clicked on

2023-03-09 13:32:15 - [TEST_STEP][PASSED] - click(findTestObject("2-OBJECTS TAREAS SECUNDARIAS/Pruebas Selección/Crear_proceso_de_selección_por_BPM/a_Eliminar2")): Object: 'Object Repository/2-OBJECTS TAREAS SECUNDARIAS/Pruebas Selección/Crear_proceso_de_selección_por_BPM/a_Eliminar2' is clicked on

2023-03-09 13:32:15 - [MESSAGE][PASSED] - Object: 'Object Repository/2-OBJECTS TAREAS SECUNDARIAS/Pruebas Selección/Crear_proceso_de_selección_por_BPM/a_Eliminar2' is clicked on

2023-03-09 13:32:15 - [TEST_STEP][PASSED] - click(findTestObject("2-OBJECTS TAREAS SECUNDARIAS/Pruebas Selección/Crear_proceso_de_selección_por_BPM/span_Si")): Object: 'Object Repository/2-OBJECTS TAREAS SECUNDARIAS/Pruebas Selección/Crear_proceso_de_selección_por_BPM/span_Si' is clicked on

2023-03-09 13:32:16 - [MESSAGE][PASSED] - Object: 'Object Repository/2-OBJECTS TAREAS SECUNDARIAS/Pruebas Selección/Crear_proceso_de_selección_por_BPM/span_Si' is clicked on

2023-03-09 13:32:16 - [TEST_STEP][PASSED] - click(findTestObject("2-OBJECTS TAREAS SECUNDARIAS/Pruebas Selección/Crear_proceso_de_selección_por_BPM/a_Nuevo")): Object: 'Object Repository/2-OBJECTS TAREAS SECUNDARIAS/Pruebas Selección/Crear_proceso_de_selección_por_BPM/a_Nuevo' is clicked on

2023-03-09 13:32:17 - [MESSAGE][PASSED] - Object: 'Object Repository/2-OBJECTS TAREAS SECUNDARIAS/Pruebas Selección/Crear_proceso_de_selección_por_BPM/a_Nuevo' is clicked on

2023-03-09 13:32:17 - [TEST_STEP][PASSED] - selectOptionByIndex(findTestObject("2-OBJECTS TAREAS SECUNDARIAS/Pruebas Selección/Crear_proceso_de_selección_por_BPM/select_--Seleccione--Evaluacin ArtsticaINFORME FINAL"), 1): All options with index in [1] are selected on object 'Object Repository/2-OBJECTS TAREAS SECUNDARIAS/Pruebas Selección/Crear_proceso_de_selección_por_BPM/select_--Seleccione--Evaluacin ArtsticaINFORME FINAL'

2023-03-09 13:32:18 - [MESSAGE][PASSED] - All options with index in [1] are selected on object 'Object Repository/2-OBJECTS TAREAS SECUNDARIAS/Pruebas Selección/Crear_proceso_de_selección_por_BPM/select_--Seleccione--Evaluacin ArtsticaINFORME FINAL'

2023-03-09 13:32:18 - [TEST_STEP][PASSED] - selectOptionByIndex(findTestObject("2-OBJECTS TAREAS SECUNDARIAS/Pruebas Selección/Crear_proceso_de_selección_por_BPM/select_--Seleccione--ClasificatoriaEliminatoriaNo Aplica"), 3): All options with index in [3] are selected on object 'Object Repository/2-OBJECTS TAREAS SECUNDARIAS/Pruebas Selección/Crear_proceso_de_selección_por_BPM/select_--Seleccione--ClasificatoriaEliminatoriaNo Aplica'

2023-03-09 13:32:19 - [MESSAGE][PASSED] - All options with index in [3] are selected on object 'Object Repository/2-OBJECTS TAREAS SECUNDARIAS/Pruebas Selección/Crear_proceso_de_selección_por_BPM/select_--Seleccione--ClasificatoriaEliminatoriaNo Aplica'

2023-03-09 13:32:19 - [TEST_STEP][PASSED] - setText(findTestObject("2-OBJECTS TAREAS SECUNDARIAS/Pruebas Selección/Crear_proceso_de_selección_por_BPM/input_Peso_popupMedioSeleccion_formpeso"), "10"): Text '10' is set on object 'Object Repository/2-OBJECTS TAREAS SECUNDARIAS/Pruebas Selección/Crear_proceso_de_selección_por_BPM/input_Peso_popupMedioSeleccion_formpeso'

2023-03-09 13:32:20 - [MESSAGE][PASSED] - Text '10' is set on object 'Object Repository/2-OBJECTS TAREAS SECUNDARIAS/Pruebas Selección/Crear_proceso_de_selección_por_BPM/input_Peso_popupMedioSeleccion_formpeso'

2023-03-09 13:32:20 - [TEST_STEP][PASSED] - setText(findTestObject("2-OBJECTS TAREAS SECUNDARIAS/Pruebas Selección/Crear_proceso_de_selección_por_BPM/input_Mnimo_popupMedioSeleccion_formminimo"), "3"): Text '3' is set on object 'Object Repository/2-OBJECTS TAREAS SECUNDARIAS/Pruebas Selección/Crear_proceso_de_selección_por_BPM/input_Mnimo_popupMedioSeleccion_formminimo'

2023-03-09 13:32:21 - [MESSAGE][PASSED] - Text '3' is set on object 'Object Repository/2-OBJECTS TAREAS SECUNDARIAS/Pruebas Selección/Crear_proceso_de_selección_por_BPM/input_Mnimo_popupMedioSeleccion_formminimo'

2023-03-09 13:32:21 - [TEST_STEP][PASSED] - setText(findTestObject("2-OBJECTS TAREAS SECUNDARIAS/Pruebas Selección/Crear_proceso_de_selección_por_BPM/input_Mximo_popupMedioSeleccion_formmaximo"), "10"): Text '10' is set on object 'Object Repository/2-OBJECTS TAREAS SECUNDARIAS/Pruebas Selección/Crear_proceso_de_selección_por_BPM/input_Mximo_popupMedioSeleccion_formmaximo'

2023-03-09 13:32:22 - [MESSAGE][PASSED] - Text '10' is set on object 'Object Repository/2-OBJECTS TAREAS SECUNDARIAS/Pruebas Selección/Crear_proceso_de_selección_por_BPM/input_Mximo_popupMedioSeleccion_formmaximo'

2023-03-09 13:32:22 - [TEST_STEP][PASSED] - click(findTestObject("2-OBJECTS TAREAS SECUNDARIAS/Pruebas Selección/Crear_proceso_de_selección_por_BPM/a_Guardar2")): Object: 'Object Repository/2-OBJECTS TAREAS SECUNDARIAS/Pruebas Selección/Crear_proceso_de_selección_por_BPM/a_Guardar2' is clicked on

2023-03-09 13:32:22 - [MESSAGE][PASSED] - Object: 'Object Repository/2-OBJECTS TAREAS SECUNDARIAS/Pruebas Selección/Crear_proceso_de_selección_por_BPM/a_Guardar2' is clicked on

2023-03-09 13:32:22 - [TEST_STEP][PASSED] - waitForElementVisible(findTestObject("2-OBJECTS TAREAS SECUNDARIAS/Pruebas Selección/Crear_proceso_de_selección_por_BPM/p_La etapa ha sido actualizada correctamente"), 0): Object 'Object Repository/2-OBJECTS TAREAS SECUNDARIAS/Pruebas Selección/Crear_proceso_de_selección_por_BPM/p_La etapa ha sido actualizada correctamente' is visible

2023-03-09 13:32:22 - [MESSAGE][WARNING] - Timeout '0' is invalid. Using default page load timeout: '37'

2023-03-09 13:32:23 - [MESSAGE][PASSED] - Object 'Object Repository/2-OBJECTS TAREAS SECUNDARIAS/Pruebas Selección/Crear_proceso_de_selección_por_BPM/p_La etapa ha sido actualizada correctamente' is visible

2023-03-09 13:32:23 - [TEST_STEP][PASSED] - closeBrowser(): Browser is closed

2023-03-09 13:32:24 - [MESSAGE][PASSED] - Browser is closed]]></system-out>
         <system-err><![CDATA[]]></system-err>
      </testcase>
      <testcase name="Test Cases/1.2-Tareas_Secundarias/A.0-Pruebas_Selección/10.1.4-Condición_de_derecho" time="32.404" classname="Test Cases/1.2-Tareas_Secundarias/A.0-Pruebas_Selección/10.1.4-Condición_de_derecho" status="PASSED">
         <system-out><![CDATA[2023-03-09 13:32:24 - [TEST_CASE][PASSED] - Test Cases/1.2-Tareas_Secundarias/A.0-Pruebas_Selección/10.1.4-Condición_de_derecho: Test Cases/1.2-Tareas_Secundarias/A.0-Pruebas_Selección/10.1.4-Condición_de_derecho

2023-03-09 13:32:24 - [TEST_STEP][PASSED] - callTestCase(findTestCase("0.1-Login"), [:], STOP_ON_FAILURE): Call Test Case 'Test Cases/0.1-Login' successfully

2023-03-09 13:32:24 - [TEST_CASE][PASSED] - Test Cases/0.1-Login: Test Cases/0.1-Login

2023-03-09 13:32:24 - [TEST_STEP][PASSED] - openBrowser(""): Browser is opened with url: ''

2023-03-09 13:32:24 - [MESSAGE][INFO] - Starting 'Chrome' driver

2023-03-09 13:32:24 - [MESSAGE][INFO] - Action delay is set to 0 milliseconds

2023-03-09 13:32:25 - [MESSAGE][PASSED] - Browser is opened with url: ''

2023-03-09 13:32:25 - [TEST_STEP][PASSED] - maximizeWindow(): Current window maximized

2023-03-09 13:32:26 - [MESSAGE][PASSED] - Current window maximized

2023-03-09 13:32:26 - [TEST_STEP][PASSED] - i = G_Login: null

2023-03-09 13:32:26 - [TEST_STEP][PASSED] - url = new java.net.URL(i): null

2023-03-09 13:32:26 - [TEST_STEP][PASSED] - println("URL: " + url.toString()): null

2023-03-09 13:32:26 - [TEST_STEP][PASSED] - connection = url.openConnection(): null

2023-03-09 13:32:26 - [TEST_STEP][PASSED] - connection.setRequestMethod("GET"): null

2023-03-09 13:32:26 - [TEST_STEP][PASSED] - connection.setReadTimeout(2 * 1000): null

2023-03-09 13:32:26 - [TEST_STEP][PASSED] - try: null

2023-03-09 13:32:26 - [TEST_STEP][PASSED] - connection.connect(): null

2023-03-09 13:32:26 - [TEST_STEP][PASSED] - flag = connected: null

2023-03-09 13:32:26 - [TEST_STEP][PASSED] - println("Valor_ori: " + flag): null

2023-03-09 13:32:26 - [TEST_STEP][PASSED] - if (flag): null

2023-03-09 13:32:26 - [TEST_STEP][PASSED] - navigateToUrl(i): Navigate to 'http://192.168.2.19:7001/saraweb' successfully

2023-03-09 13:32:27 - [MESSAGE][PASSED] - Navigate to 'http://192.168.2.19:7001/saraweb' successfully

2023-03-09 13:32:27 - [TEST_STEP][PASSED] - a(): null

2023-03-09 13:32:27 - [TEST_STEP][PASSED] - if (waitForElementVisible(findTestObject("3-OBJECTS UTILIDADES/Login/input_USUARIO_loginusuario"), 0)): null

2023-03-09 13:32:27 - [MESSAGE][WARNING] - Timeout '0' is invalid. Using default page load timeout: '37'

2023-03-09 13:32:27 - [MESSAGE][PASSED] - Object 'Object Repository/3-OBJECTS UTILIDADES/Login/input_USUARIO_loginusuario' is visible

2023-03-09 13:32:27 - [TEST_STEP][PASSED] - switchToWindowTitle("SARA"): Switched to window with title: 'SARA'

2023-03-09 13:32:27 - [MESSAGE][PASSED] - Switched to window with title: 'SARA'

2023-03-09 13:32:27 - [TEST_STEP][PASSED] - zoom(): null

2023-03-09 13:32:27 - [TEST_STEP][PASSED] - robot = new java.awt.Robot(): null

2023-03-09 13:32:27 - [TEST_STEP][PASSED] - robot.keyPress(VK_CONTROL): null

2023-03-09 13:32:27 - [TEST_STEP][PASSED] - robot.keyPress(VK_SUBTRACT): null

2023-03-09 13:32:27 - [TEST_STEP][PASSED] - robot.keyRelease(VK_CONTROL): null

2023-03-09 13:32:27 - [TEST_STEP][PASSED] - robot.keyRelease(VK_SUBTRACT): null

2023-03-09 13:32:27 - [TEST_STEP][PASSED] - robot.keyPress(VK_CONTROL): null

2023-03-09 13:32:27 - [TEST_STEP][PASSED] - robot.keyPress(VK_SUBTRACT): null

2023-03-09 13:32:27 - [TEST_STEP][PASSED] - robot.keyRelease(VK_CONTROL): null

2023-03-09 13:32:27 - [TEST_STEP][PASSED] - robot.keyRelease(VK_SUBTRACT): null

2023-03-09 13:32:27 - [TEST_STEP][PASSED] - robot.keyPress(VK_CONTROL): null

2023-03-09 13:32:27 - [TEST_STEP][PASSED] - robot.keyPress(VK_SUBTRACT): null

2023-03-09 13:32:27 - [TEST_STEP][PASSED] - robot.keyRelease(VK_CONTROL): null

2023-03-09 13:32:27 - [TEST_STEP][PASSED] - robot.keyRelease(VK_SUBTRACT): null

2023-03-09 13:32:27 - [TEST_STEP][PASSED] - robot.keyRelease(VK_CONTROL): null

2023-03-09 13:32:27 - [TEST_STEP][PASSED] - robot.keyRelease(VK_SUBTRACT): null

2023-03-09 13:32:27 - [TEST_STEP][PASSED] - setText(findTestObject("3-OBJECTS UTILIDADES/Login/input_USUARIO_loginusuario"), G_Usuario): Text 'weblogic' is set on object 'Object Repository/3-OBJECTS UTILIDADES/Login/input_USUARIO_loginusuario'

2023-03-09 13:32:28 - [MESSAGE][PASSED] - Text 'weblogic' is set on object 'Object Repository/3-OBJECTS UTILIDADES/Login/input_USUARIO_loginusuario'

2023-03-09 13:32:28 - [TEST_STEP][PASSED] - setEncryptedText(findTestObject("3-OBJECTS UTILIDADES/Login/input_CLAVE_loginpassword"), "SlAwMcyRKqrwbnzhAs8HhT6NnI7sEyng"): Text ****** has been set on object 'Object Repository/3-OBJECTS UTILIDADES/Login/input_CLAVE_loginpassword'

2023-03-09 13:32:32 - [MESSAGE][PASSED] - Text ****** has been set on object 'Object Repository/3-OBJECTS UTILIDADES/Login/input_CLAVE_loginpassword'

2023-03-09 13:32:32 - [TEST_STEP][PASSED] - while (waitForElementClickable(findTestObject("3-OBJECTS UTILIDADES/Login/a_Ingresar"), 1)): Web element with id: 'Object Repository/3-OBJECTS UTILIDADES/Login/a_Ingresar' located by '//a[contains(text(),'Ingresar')]' not found

2023-03-09 13:32:34 - [MESSAGE][INFO] - Unable to find the element located by 'By.xpath: //a[contains(text(),'Ingresar')]'. Please recheck the objects properties to make sure the desired element is located. 

2023-03-09 13:32:34 - [MESSAGE][WARNING] - Web element with id: 'Object Repository/3-OBJECTS UTILIDADES/Login/a_Ingresar' located by '//a[contains(text(),'Ingresar')]' not found

2023-03-09 13:32:34 - [MESSAGE][PASSED] - Call Test Case 'Test Cases/0.1-Login' successfully

2023-03-09 13:32:34 - [TEST_STEP][PASSED] - setText(findTestObject("2-OBJECTS TAREAS SECUNDARIAS/Pruebas Selección/Condición_de_derecho/input_Empresa 1_form_templatej_idt24_input"), "proceso de seleccion"): Text 'proceso de seleccion' is set on object 'Object Repository/2-OBJECTS TAREAS SECUNDARIAS/Pruebas Selección/Condición_de_derecho/input_Empresa 1_form_templatej_idt24_input'

2023-03-09 13:32:35 - [MESSAGE][PASSED] - Text 'proceso de seleccion' is set on object 'Object Repository/2-OBJECTS TAREAS SECUNDARIAS/Pruebas Selección/Condición_de_derecho/input_Empresa 1_form_templatej_idt24_input'

2023-03-09 13:32:35 - [TEST_STEP][PASSED] - waitForElementVisible(findTestObject("2-OBJECTS TAREAS SECUNDARIAS/Pruebas Selección/Condición_de_derecho/span_Proceso de Se"), 0): Object 'Object Repository/2-OBJECTS TAREAS SECUNDARIAS/Pruebas Selección/Condición_de_derecho/span_Proceso de Se' is visible

2023-03-09 13:32:35 - [MESSAGE][WARNING] - Timeout '0' is invalid. Using default page load timeout: '37'

2023-03-09 13:32:36 - [MESSAGE][PASSED] - Object 'Object Repository/2-OBJECTS TAREAS SECUNDARIAS/Pruebas Selección/Condición_de_derecho/span_Proceso de Se' is visible

2023-03-09 13:32:36 - [TEST_STEP][PASSED] - click(findTestObject("2-OBJECTS TAREAS SECUNDARIAS/Pruebas Selección/Condición_de_derecho/span_Proceso de Se")): Object: 'Object Repository/2-OBJECTS TAREAS SECUNDARIAS/Pruebas Selección/Condición_de_derecho/span_Proceso de Se' is clicked on

2023-03-09 13:32:37 - [MESSAGE][PASSED] - Object: 'Object Repository/2-OBJECTS TAREAS SECUNDARIAS/Pruebas Selección/Condición_de_derecho/span_Proceso de Se' is clicked on

2023-03-09 13:32:37 - [TEST_STEP][PASSED] - setText(findTestObject("2-OBJECTS TAREAS SECUNDARIAS/Pruebas Selección/Condición_de_derecho/input_filtro_procesoseleccion"), "544"): Text '544' is set on object 'Object Repository/2-OBJECTS TAREAS SECUNDARIAS/Pruebas Selección/Condición_de_derecho/input_filtro_procesoseleccion'

2023-03-09 13:32:40 - [MESSAGE][PASSED] - Text '544' is set on object 'Object Repository/2-OBJECTS TAREAS SECUNDARIAS/Pruebas Selección/Condición_de_derecho/input_filtro_procesoseleccion'

2023-03-09 13:32:40 - [TEST_STEP][PASSED] - sendKeys(findTestObject("2-OBJECTS TAREAS SECUNDARIAS/Pruebas Selección/Condición_de_derecho/input_filtro_procesoseleccion"), Keys.chord(ENTER)): Keys 'ENTER + ' sent to object: 'Object Repository/2-OBJECTS TAREAS SECUNDARIAS/Pruebas Selección/Condición_de_derecho/input_filtro_procesoseleccion'

2023-03-09 13:32:40 - [MESSAGE][PASSED] - Keys 'ENTER + ' sent to object: 'Object Repository/2-OBJECTS TAREAS SECUNDARIAS/Pruebas Selección/Condición_de_derecho/input_filtro_procesoseleccion'

2023-03-09 13:32:40 - [TEST_STEP][PASSED] - click(findTestObject("2-OBJECTS TAREAS SECUNDARIAS/Pruebas Selección/Condición_de_derecho/td_8028     - Analista De Sistemas")): Object: 'Object Repository/2-OBJECTS TAREAS SECUNDARIAS/Pruebas Selección/Condición_de_derecho/td_8028     - Analista De Sistemas' is clicked on

2023-03-09 13:32:41 - [MESSAGE][PASSED] - Object: 'Object Repository/2-OBJECTS TAREAS SECUNDARIAS/Pruebas Selección/Condición_de_derecho/td_8028     - Analista De Sistemas' is clicked on

2023-03-09 13:32:41 - [TEST_STEP][PASSED] - click(findTestObject("2-OBJECTS TAREAS SECUNDARIAS/Pruebas Selección/Condición_de_derecho/a_Condicin de Derecho")): Object: 'Object Repository/2-OBJECTS TAREAS SECUNDARIAS/Pruebas Selección/Condición_de_derecho/a_Condicin de Derecho' is clicked on

2023-03-09 13:32:43 - [MESSAGE][PASSED] - Object: 'Object Repository/2-OBJECTS TAREAS SECUNDARIAS/Pruebas Selección/Condición_de_derecho/a_Condicin de Derecho' is clicked on

2023-03-09 13:32:43 - [TEST_STEP][PASSED] - if (waitForElementVisible(findTestObject("2-OBJECTS TAREAS SECUNDARIAS/Pruebas Selección/Condición_de_derecho/a_Edad_seleccion_procesotabla_ventanaCDTB1j_idt15812"), 1)): null

2023-03-09 13:32:44 - [MESSAGE][PASSED] - Object 'Object Repository/2-OBJECTS TAREAS SECUNDARIAS/Pruebas Selección/Condición_de_derecho/a_Edad_seleccion_procesotabla_ventanaCDTB1j_idt15812' is visible

2023-03-09 13:32:44 - [TEST_STEP][PASSED] - click(findTestObject("2-OBJECTS TAREAS SECUNDARIAS/Pruebas Selección/Condición_de_derecho/a_Edad_seleccion_procesotabla_ventanaCDTB1j_idt15812")): Object: 'Object Repository/2-OBJECTS TAREAS SECUNDARIAS/Pruebas Selección/Condición_de_derecho/a_Edad_seleccion_procesotabla_ventanaCDTB1j_idt15812' is clicked on

2023-03-09 13:32:44 - [MESSAGE][PASSED] - Object: 'Object Repository/2-OBJECTS TAREAS SECUNDARIAS/Pruebas Selección/Condición_de_derecho/a_Edad_seleccion_procesotabla_ventanaCDTB1j_idt15812' is clicked on

2023-03-09 13:32:44 - [TEST_STEP][PASSED] - click(findTestObject("2-OBJECTS TAREAS SECUNDARIAS/Pruebas Selección/Condición_de_derecho/a_Aceptar")): Object: 'Object Repository/2-OBJECTS TAREAS SECUNDARIAS/Pruebas Selección/Condición_de_derecho/a_Aceptar' is clicked on

2023-03-09 13:32:45 - [MESSAGE][PASSED] - Object: 'Object Repository/2-OBJECTS TAREAS SECUNDARIAS/Pruebas Selección/Condición_de_derecho/a_Aceptar' is clicked on

2023-03-09 13:32:45 - [TEST_STEP][PASSED] - if (waitForElementVisible(findTestObject("2-OBJECTS TAREAS SECUNDARIAS/Pruebas Selección/Condición_de_derecho/a_BOGOT_seleccion_procesotabla_ventanaCDTB0j_idt1581"), 1)): null

2023-03-09 13:32:46 - [MESSAGE][PASSED] - Object 'Object Repository/2-OBJECTS TAREAS SECUNDARIAS/Pruebas Selección/Condición_de_derecho/a_BOGOT_seleccion_procesotabla_ventanaCDTB0j_idt1581' is visible

2023-03-09 13:32:46 - [TEST_STEP][PASSED] - click(findTestObject("2-OBJECTS TAREAS SECUNDARIAS/Pruebas Selección/Condición_de_derecho/a_BOGOT_seleccion_procesotabla_ventanaCDTB0j_idt1581")): Object: 'Object Repository/2-OBJECTS TAREAS SECUNDARIAS/Pruebas Selección/Condición_de_derecho/a_BOGOT_seleccion_procesotabla_ventanaCDTB0j_idt1581' is clicked on

2023-03-09 13:32:46 - [MESSAGE][PASSED] - Object: 'Object Repository/2-OBJECTS TAREAS SECUNDARIAS/Pruebas Selección/Condición_de_derecho/a_BOGOT_seleccion_procesotabla_ventanaCDTB0j_idt1581' is clicked on

2023-03-09 13:32:46 - [TEST_STEP][PASSED] - click(findTestObject("2-OBJECTS TAREAS SECUNDARIAS/Pruebas Selección/Condición_de_derecho/a_Aceptar")): Object: 'Object Repository/2-OBJECTS TAREAS SECUNDARIAS/Pruebas Selección/Condición_de_derecho/a_Aceptar' is clicked on

2023-03-09 13:32:47 - [MESSAGE][PASSED] - Object: 'Object Repository/2-OBJECTS TAREAS SECUNDARIAS/Pruebas Selección/Condición_de_derecho/a_Aceptar' is clicked on

2023-03-09 13:32:47 - [TEST_STEP][PASSED] - selectOptionByIndex(findTestObject("2-OBJECTS TAREAS SECUNDARIAS/Pruebas Selección/Condición_de_derecho/select_-- Seleccione --CargoCargos MultiplesCategoriaCiudad"), 4): All options with index in [4] are selected on object 'Object Repository/2-OBJECTS TAREAS SECUNDARIAS/Pruebas Selección/Condición_de_derecho/select_-- Seleccione --CargoCargos MultiplesCategoriaCiudad'

2023-03-09 13:32:48 - [MESSAGE][PASSED] - All options with index in [4] are selected on object 'Object Repository/2-OBJECTS TAREAS SECUNDARIAS/Pruebas Selección/Condición_de_derecho/select_-- Seleccione --CargoCargos MultiplesCategoriaCiudad'

2023-03-09 13:32:48 - [TEST_STEP][PASSED] - click(findTestObject("2-OBJECTS TAREAS SECUNDARIAS/Pruebas Selección/Condición_de_derecho/a_No se encontr registros_seleccion_procesotabla_ventanaCDTBj_idt1504")): Object: 'Object Repository/2-OBJECTS TAREAS SECUNDARIAS/Pruebas Selección/Condición_de_derecho/a_No se encontr registros_seleccion_procesotabla_ventanaCDTBj_idt1504' is clicked on

2023-03-09 13:32:49 - [MESSAGE][PASSED] - Object: 'Object Repository/2-OBJECTS TAREAS SECUNDARIAS/Pruebas Selección/Condición_de_derecho/a_No se encontr registros_seleccion_procesotabla_ventanaCDTBj_idt1504' is clicked on

2023-03-09 13:32:49 - [TEST_STEP][PASSED] - setText(findTestObject("2-OBJECTS TAREAS SECUNDARIAS/Pruebas Selección/Condición_de_derecho/input_Ubicacin Geogrfica_formPopUpUbicacionj_idt2630"), "bogotá"): Text 'bogotá' is set on object 'Object Repository/2-OBJECTS TAREAS SECUNDARIAS/Pruebas Selección/Condición_de_derecho/input_Ubicacin Geogrfica_formPopUpUbicacionj_idt2630'

2023-03-09 13:32:50 - [MESSAGE][PASSED] - Text 'bogotá' is set on object 'Object Repository/2-OBJECTS TAREAS SECUNDARIAS/Pruebas Selección/Condición_de_derecho/input_Ubicacin Geogrfica_formPopUpUbicacionj_idt2630'

2023-03-09 13:32:50 - [TEST_STEP][PASSED] - sendKeys(findTestObject("2-OBJECTS TAREAS SECUNDARIAS/Pruebas Selección/Condición_de_derecho/input_Ubicacin Geogrfica_formPopUpUbicacionj_idt2630"), Keys.chord(ENTER)): Keys 'ENTER + ' sent to object: 'Object Repository/2-OBJECTS TAREAS SECUNDARIAS/Pruebas Selección/Condición_de_derecho/input_Ubicacin Geogrfica_formPopUpUbicacionj_idt2630'

2023-03-09 13:32:50 - [MESSAGE][PASSED] - Keys 'ENTER + ' sent to object: 'Object Repository/2-OBJECTS TAREAS SECUNDARIAS/Pruebas Selección/Condición_de_derecho/input_Ubicacin Geogrfica_formPopUpUbicacionj_idt2630'

2023-03-09 13:32:50 - [TEST_STEP][PASSED] - click(findTestObject("2-OBJECTS TAREAS SECUNDARIAS/Pruebas Selección/Condición_de_derecho/td_11001     BOGOT")): Object: 'Object Repository/2-OBJECTS TAREAS SECUNDARIAS/Pruebas Selección/Condición_de_derecho/td_11001     BOGOT' is clicked on

2023-03-09 13:32:51 - [MESSAGE][PASSED] - Object: 'Object Repository/2-OBJECTS TAREAS SECUNDARIAS/Pruebas Selección/Condición_de_derecho/td_11001     BOGOT' is clicked on

2023-03-09 13:32:51 - [TEST_STEP][PASSED] - click(findTestObject("2-OBJECTS TAREAS SECUNDARIAS/Pruebas Selección/Condición_de_derecho/a_No se encontr registros_seleccion_procesotabla_ventanaCDTBj_idt1582")): Object: 'Object Repository/2-OBJECTS TAREAS SECUNDARIAS/Pruebas Selección/Condición_de_derecho/a_No se encontr registros_seleccion_procesotabla_ventanaCDTBj_idt1582' is clicked on

2023-03-09 13:32:52 - [MESSAGE][PASSED] - Object: 'Object Repository/2-OBJECTS TAREAS SECUNDARIAS/Pruebas Selección/Condición_de_derecho/a_No se encontr registros_seleccion_procesotabla_ventanaCDTBj_idt1582' is clicked on

2023-03-09 13:32:52 - [TEST_STEP][PASSED] - selectOptionByIndex(findTestObject("2-OBJECTS TAREAS SECUNDARIAS/Pruebas Selección/Condición_de_derecho/select_-- Seleccione --CargoCargos MultiplesCategoriaCiudad"), 6): All options with index in [6] are selected on object 'Object Repository/2-OBJECTS TAREAS SECUNDARIAS/Pruebas Selección/Condición_de_derecho/select_-- Seleccione --CargoCargos MultiplesCategoriaCiudad'

2023-03-09 13:32:53 - [MESSAGE][PASSED] - All options with index in [6] are selected on object 'Object Repository/2-OBJECTS TAREAS SECUNDARIAS/Pruebas Selección/Condición_de_derecho/select_-- Seleccione --CargoCargos MultiplesCategoriaCiudad'

2023-03-09 13:32:53 - [TEST_STEP][PASSED] - setText(findTestObject("2-OBJECTS TAREAS SECUNDARIAS/Pruebas Selección/Condición_de_derecho/input_BOGOT_seleccion_procesotabla_ventanaCDTBedadMinima"), "20"): Text '20' is set on object 'Object Repository/2-OBJECTS TAREAS SECUNDARIAS/Pruebas Selección/Condición_de_derecho/input_BOGOT_seleccion_procesotabla_ventanaCDTBedadMinima'

2023-03-09 13:32:54 - [MESSAGE][PASSED] - Text '20' is set on object 'Object Repository/2-OBJECTS TAREAS SECUNDARIAS/Pruebas Selección/Condición_de_derecho/input_BOGOT_seleccion_procesotabla_ventanaCDTBedadMinima'

2023-03-09 13:32:54 - [TEST_STEP][PASSED] - setText(findTestObject("2-OBJECTS TAREAS SECUNDARIAS/Pruebas Selección/Condición_de_derecho/input_BOGOT_seleccion_procesotabla_ventanaCDTBedadMaxima"), "60"): Text '60' is set on object 'Object Repository/2-OBJECTS TAREAS SECUNDARIAS/Pruebas Selección/Condición_de_derecho/input_BOGOT_seleccion_procesotabla_ventanaCDTBedadMaxima'

2023-03-09 13:32:55 - [MESSAGE][PASSED] - Text '60' is set on object 'Object Repository/2-OBJECTS TAREAS SECUNDARIAS/Pruebas Selección/Condición_de_derecho/input_BOGOT_seleccion_procesotabla_ventanaCDTBedadMaxima'

2023-03-09 13:32:55 - [TEST_STEP][PASSED] - click(findTestObject("2-OBJECTS TAREAS SECUNDARIAS/Pruebas Selección/Condición_de_derecho/a_No se encontr registros_seleccion_procesotabla_ventanaCDTBj_idt1582")): Object: 'Object Repository/2-OBJECTS TAREAS SECUNDARIAS/Pruebas Selección/Condición_de_derecho/a_No se encontr registros_seleccion_procesotabla_ventanaCDTBj_idt1582' is clicked on

2023-03-09 13:32:55 - [MESSAGE][PASSED] - Object: 'Object Repository/2-OBJECTS TAREAS SECUNDARIAS/Pruebas Selección/Condición_de_derecho/a_No se encontr registros_seleccion_procesotabla_ventanaCDTBj_idt1582' is clicked on

2023-03-09 13:32:55 - [TEST_STEP][PASSED] - Result = getText(findTestObject("3-OBJECTS UTILIDADES/Alerta/Alerta")): Text of object 'Object Repository/3-OBJECTS UTILIDADES/Alerta/Alerta' is: 'Se guardó el registro correctamente'

2023-03-09 13:32:56 - [MESSAGE][PASSED] - Text of object 'Object Repository/3-OBJECTS UTILIDADES/Alerta/Alerta' is: 'Se guardó el registro correctamente'

2023-03-09 13:32:56 - [TEST_STEP][PASSED] - if (Result == "Se guardó el registro correctamente"): null

2023-03-09 13:32:56 - [TEST_STEP][PASSED] - Resultado = "PRUEBA OK": null]]></system-out>
         <system-err><![CDATA[]]></system-err>
      </testcase>
      <testcase name="Test Cases/1.2-Tareas_Secundarias/A.0-Pruebas_Selección/10.1.5-Publicación_de_la_convocatoria" time="27.866" classname="Test Cases/1.2-Tareas_Secundarias/A.0-Pruebas_Selección/10.1.5-Publicación_de_la_convocatoria" status="PASSED">
         <system-out><![CDATA[2023-03-09 13:32:56 - [TEST_CASE][PASSED] - Test Cases/1.2-Tareas_Secundarias/A.0-Pruebas_Selección/10.1.5-Publicación_de_la_convocatoria: Test Cases/1.2-Tareas_Secundarias/A.0-Pruebas_Selección/10.1.5-Publicación_de_la_convocatoria

2023-03-09 13:32:57 - [TEST_STEP][PASSED] - today = new java.util.Date(): null

2023-03-09 13:32:57 - [TEST_STEP][PASSED] - Dia = today.format("dd"): null

2023-03-09 13:32:57 - [TEST_STEP][PASSED] - Mes = today.format("MM"): null

2023-03-09 13:32:57 - [TEST_STEP][PASSED] - Año = today.format("yyyy"): null

2023-03-09 13:32:57 - [TEST_STEP][PASSED] - AñoM = Año + 1: null

2023-03-09 13:32:57 - [TEST_STEP][PASSED] - fechaI = Dia + "/" + Mes + "/" + Año: null

2023-03-09 13:32:57 - [TEST_STEP][PASSED] - fechaF = Dia + "/" + Mes + "/" + AñoM: null

2023-03-09 13:32:57 - [TEST_STEP][PASSED] - callTestCase(findTestCase("0.1-Login"), [:], STOP_ON_FAILURE): Call Test Case 'Test Cases/0.1-Login' successfully

2023-03-09 13:32:57 - [TEST_CASE][PASSED] - Test Cases/0.1-Login: Test Cases/0.1-Login

2023-03-09 13:32:57 - [TEST_STEP][PASSED] - openBrowser(""): Browser is opened with url: ''

2023-03-09 13:32:57 - [MESSAGE][WARNING] - A browser is already opened. Closing browser and opening a new one

2023-03-09 13:32:57 - [MESSAGE][INFO] - Starting 'Chrome' driver

2023-03-09 13:32:57 - [MESSAGE][INFO] - Action delay is set to 0 milliseconds

2023-03-09 13:32:59 - [MESSAGE][PASSED] - Browser is opened with url: ''

2023-03-09 13:32:59 - [TEST_STEP][PASSED] - maximizeWindow(): Current window maximized

2023-03-09 13:32:59 - [MESSAGE][PASSED] - Current window maximized

2023-03-09 13:32:59 - [TEST_STEP][PASSED] - i = G_Login: null

2023-03-09 13:32:59 - [TEST_STEP][PASSED] - url = new java.net.URL(i): null

2023-03-09 13:32:59 - [TEST_STEP][PASSED] - println("URL: " + url.toString()): null

2023-03-09 13:32:59 - [TEST_STEP][PASSED] - connection = url.openConnection(): null

2023-03-09 13:32:59 - [TEST_STEP][PASSED] - connection.setRequestMethod("GET"): null

2023-03-09 13:32:59 - [TEST_STEP][PASSED] - connection.setReadTimeout(2 * 1000): null

2023-03-09 13:32:59 - [TEST_STEP][PASSED] - try: null

2023-03-09 13:32:59 - [TEST_STEP][PASSED] - connection.connect(): null

2023-03-09 13:32:59 - [TEST_STEP][PASSED] - flag = connected: null

2023-03-09 13:32:59 - [TEST_STEP][PASSED] - println("Valor_ori: " + flag): null

2023-03-09 13:32:59 - [TEST_STEP][PASSED] - if (flag): null

2023-03-09 13:32:59 - [TEST_STEP][PASSED] - navigateToUrl(i): Navigate to 'http://192.168.2.19:7001/saraweb' successfully

2023-03-09 13:33:01 - [MESSAGE][PASSED] - Navigate to 'http://192.168.2.19:7001/saraweb' successfully

2023-03-09 13:33:01 - [TEST_STEP][PASSED] - a(): null

2023-03-09 13:33:01 - [TEST_STEP][PASSED] - if (waitForElementVisible(findTestObject("3-OBJECTS UTILIDADES/Login/input_USUARIO_loginusuario"), 0)): null

2023-03-09 13:33:01 - [MESSAGE][WARNING] - Timeout '0' is invalid. Using default page load timeout: '37'

2023-03-09 13:33:01 - [MESSAGE][PASSED] - Object 'Object Repository/3-OBJECTS UTILIDADES/Login/input_USUARIO_loginusuario' is visible

2023-03-09 13:33:01 - [TEST_STEP][PASSED] - switchToWindowTitle("SARA"): Switched to window with title: 'SARA'

2023-03-09 13:33:01 - [MESSAGE][PASSED] - Switched to window with title: 'SARA'

2023-03-09 13:33:01 - [TEST_STEP][PASSED] - zoom(): null

2023-03-09 13:33:01 - [TEST_STEP][PASSED] - robot = new java.awt.Robot(): null

2023-03-09 13:33:01 - [TEST_STEP][PASSED] - robot.keyPress(VK_CONTROL): null

2023-03-09 13:33:01 - [TEST_STEP][PASSED] - robot.keyPress(VK_SUBTRACT): null

2023-03-09 13:33:01 - [TEST_STEP][PASSED] - robot.keyRelease(VK_CONTROL): null

2023-03-09 13:33:01 - [TEST_STEP][PASSED] - robot.keyRelease(VK_SUBTRACT): null

2023-03-09 13:33:01 - [TEST_STEP][PASSED] - robot.keyPress(VK_CONTROL): null

2023-03-09 13:33:01 - [TEST_STEP][PASSED] - robot.keyPress(VK_SUBTRACT): null

2023-03-09 13:33:01 - [TEST_STEP][PASSED] - robot.keyRelease(VK_CONTROL): null

2023-03-09 13:33:01 - [TEST_STEP][PASSED] - robot.keyRelease(VK_SUBTRACT): null

2023-03-09 13:33:01 - [TEST_STEP][PASSED] - robot.keyPress(VK_CONTROL): null

2023-03-09 13:33:01 - [TEST_STEP][PASSED] - robot.keyPress(VK_SUBTRACT): null

2023-03-09 13:33:01 - [TEST_STEP][PASSED] - robot.keyRelease(VK_CONTROL): null

2023-03-09 13:33:01 - [TEST_STEP][PASSED] - robot.keyRelease(VK_SUBTRACT): null

2023-03-09 13:33:01 - [TEST_STEP][PASSED] - robot.keyRelease(VK_CONTROL): null

2023-03-09 13:33:01 - [TEST_STEP][PASSED] - robot.keyRelease(VK_SUBTRACT): null

2023-03-09 13:33:01 - [TEST_STEP][PASSED] - setText(findTestObject("3-OBJECTS UTILIDADES/Login/input_USUARIO_loginusuario"), G_Usuario): Text 'weblogic' is set on object 'Object Repository/3-OBJECTS UTILIDADES/Login/input_USUARIO_loginusuario'

2023-03-09 13:33:02 - [MESSAGE][PASSED] - Text 'weblogic' is set on object 'Object Repository/3-OBJECTS UTILIDADES/Login/input_USUARIO_loginusuario'

2023-03-09 13:33:02 - [TEST_STEP][PASSED] - setEncryptedText(findTestObject("3-OBJECTS UTILIDADES/Login/input_CLAVE_loginpassword"), "SlAwMcyRKqrwbnzhAs8HhT6NnI7sEyng"): Text ****** has been set on object 'Object Repository/3-OBJECTS UTILIDADES/Login/input_CLAVE_loginpassword'

2023-03-09 13:33:05 - [MESSAGE][PASSED] - Text ****** has been set on object 'Object Repository/3-OBJECTS UTILIDADES/Login/input_CLAVE_loginpassword'

2023-03-09 13:33:05 - [TEST_STEP][PASSED] - while (waitForElementClickable(findTestObject("3-OBJECTS UTILIDADES/Login/a_Ingresar"), 1)): Web element with id: 'Object Repository/3-OBJECTS UTILIDADES/Login/a_Ingresar' located by '//a[contains(text(),'Ingresar')]' not found

2023-03-09 13:33:07 - [MESSAGE][INFO] - Unable to find the element located by 'By.xpath: //a[contains(text(),'Ingresar')]'. Please recheck the objects properties to make sure the desired element is located. 

2023-03-09 13:33:07 - [MESSAGE][WARNING] - Web element with id: 'Object Repository/3-OBJECTS UTILIDADES/Login/a_Ingresar' located by '//a[contains(text(),'Ingresar')]' not found

2023-03-09 13:33:07 - [MESSAGE][PASSED] - Call Test Case 'Test Cases/0.1-Login' successfully

2023-03-09 13:33:07 - [TEST_STEP][PASSED] - setText(findTestObject("2-OBJECTS TAREAS SECUNDARIAS/Pruebas Selección/Publicación_de_la_convocatoria/input_Empresa 1_form_templatej_idt24_input"), "proceso de seleccion"): Text 'proceso de seleccion' is set on object 'Object Repository/2-OBJECTS TAREAS SECUNDARIAS/Pruebas Selección/Publicación_de_la_convocatoria/input_Empresa 1_form_templatej_idt24_input'

2023-03-09 13:33:08 - [MESSAGE][PASSED] - Text 'proceso de seleccion' is set on object 'Object Repository/2-OBJECTS TAREAS SECUNDARIAS/Pruebas Selección/Publicación_de_la_convocatoria/input_Empresa 1_form_templatej_idt24_input'

2023-03-09 13:33:08 - [TEST_STEP][PASSED] - click(findTestObject("2-OBJECTS TAREAS SECUNDARIAS/Pruebas Selección/Publicación_de_la_convocatoria/span_Proceso de Sel")): Object: 'Object Repository/2-OBJECTS TAREAS SECUNDARIAS/Pruebas Selección/Publicación_de_la_convocatoria/span_Proceso de Sel' is clicked on

2023-03-09 13:33:10 - [MESSAGE][PASSED] - Object: 'Object Repository/2-OBJECTS TAREAS SECUNDARIAS/Pruebas Selección/Publicación_de_la_convocatoria/span_Proceso de Sel' is clicked on

2023-03-09 13:33:10 - [TEST_STEP][PASSED] - setText(findTestObject("2-OBJECTS TAREAS SECUNDARIAS/Pruebas Selección/Publicación_de_la_convocatoria/input_Fecha Inicial_filtro_procesoseleccionfechaps_input"), "29/06/2017"): Text '29/06/2017' is set on object 'Object Repository/2-OBJECTS TAREAS SECUNDARIAS/Pruebas Selección/Publicación_de_la_convocatoria/input_Fecha Inicial_filtro_procesoseleccionfechaps_input'

2023-03-09 13:33:13 - [MESSAGE][PASSED] - Text '29/06/2017' is set on object 'Object Repository/2-OBJECTS TAREAS SECUNDARIAS/Pruebas Selección/Publicación_de_la_convocatoria/input_Fecha Inicial_filtro_procesoseleccionfechaps_input'

2023-03-09 13:33:13 - [TEST_STEP][PASSED] - setText(findTestObject("2-OBJECTS TAREAS SECUNDARIAS/Pruebas Selección/Publicación_de_la_convocatoria/input_Fecha Final_filtro_procesoseleccionfechaps1_input"), "10/07/2017"): Text '10/07/2017' is set on object 'Object Repository/2-OBJECTS TAREAS SECUNDARIAS/Pruebas Selección/Publicación_de_la_convocatoria/input_Fecha Final_filtro_procesoseleccionfechaps1_input'

2023-03-09 13:33:14 - [MESSAGE][PASSED] - Text '10/07/2017' is set on object 'Object Repository/2-OBJECTS TAREAS SECUNDARIAS/Pruebas Selección/Publicación_de_la_convocatoria/input_Fecha Final_filtro_procesoseleccionfechaps1_input'

2023-03-09 13:33:14 - [TEST_STEP][PASSED] - sendKeys(findTestObject("2-OBJECTS TAREAS SECUNDARIAS/Pruebas Selección/Publicación_de_la_convocatoria/input_Fecha Final_filtro_procesoseleccionfechaps1_input"), Keys.chord(ENTER)): Keys 'ENTER + ' sent to object: 'Object Repository/2-OBJECTS TAREAS SECUNDARIAS/Pruebas Selección/Publicación_de_la_convocatoria/input_Fecha Final_filtro_procesoseleccionfechaps1_input'

2023-03-09 13:33:15 - [MESSAGE][PASSED] - Keys 'ENTER + ' sent to object: 'Object Repository/2-OBJECTS TAREAS SECUNDARIAS/Pruebas Selección/Publicación_de_la_convocatoria/input_Fecha Final_filtro_procesoseleccionfechaps1_input'

2023-03-09 13:33:15 - [TEST_STEP][PASSED] - setText(findTestObject("2-OBJECTS TAREAS SECUNDARIAS/Pruebas Selección/Publicación_de_la_convocatoria/input_Fecha Final_filtro_procesoseleccionfechaps1_input"), "10/07/2017"): Text '10/07/2017' is set on object 'Object Repository/2-OBJECTS TAREAS SECUNDARIAS/Pruebas Selección/Publicación_de_la_convocatoria/input_Fecha Final_filtro_procesoseleccionfechaps1_input'

2023-03-09 13:33:15 - [MESSAGE][PASSED] - Text '10/07/2017' is set on object 'Object Repository/2-OBJECTS TAREAS SECUNDARIAS/Pruebas Selección/Publicación_de_la_convocatoria/input_Fecha Final_filtro_procesoseleccionfechaps1_input'

2023-03-09 13:33:15 - [TEST_STEP][PASSED] - sendKeys(findTestObject("2-OBJECTS TAREAS SECUNDARIAS/Pruebas Selección/Publicación_de_la_convocatoria/input_Fecha Final_filtro_procesoseleccionfechaps1_input"), Keys.chord(ENTER)): Keys 'ENTER + ' sent to object: 'Object Repository/2-OBJECTS TAREAS SECUNDARIAS/Pruebas Selección/Publicación_de_la_convocatoria/input_Fecha Final_filtro_procesoseleccionfechaps1_input'

2023-03-09 13:33:16 - [MESSAGE][PASSED] - Keys 'ENTER + ' sent to object: 'Object Repository/2-OBJECTS TAREAS SECUNDARIAS/Pruebas Selección/Publicación_de_la_convocatoria/input_Fecha Final_filtro_procesoseleccionfechaps1_input'

2023-03-09 13:33:16 - [TEST_STEP][PASSED] - waitForElementVisible(findTestObject("2-OBJECTS TAREAS SECUNDARIAS/Pruebas Selección/Publicación_de_la_convocatoria/td_8028     - Analista De Sistemas"), 0): Object 'Object Repository/2-OBJECTS TAREAS SECUNDARIAS/Pruebas Selección/Publicación_de_la_convocatoria/td_8028     - Analista De Sistemas' is visible

2023-03-09 13:33:16 - [MESSAGE][WARNING] - Timeout '0' is invalid. Using default page load timeout: '37'

2023-03-09 13:33:16 - [MESSAGE][PASSED] - Object 'Object Repository/2-OBJECTS TAREAS SECUNDARIAS/Pruebas Selección/Publicación_de_la_convocatoria/td_8028     - Analista De Sistemas' is visible

2023-03-09 13:33:16 - [TEST_STEP][PASSED] - click(findTestObject("2-OBJECTS TAREAS SECUNDARIAS/Pruebas Selección/Publicación_de_la_convocatoria/td_8028     - Analista De Sistemas")): Object: 'Object Repository/2-OBJECTS TAREAS SECUNDARIAS/Pruebas Selección/Publicación_de_la_convocatoria/td_8028     - Analista De Sistemas' is clicked on

2023-03-09 13:33:17 - [MESSAGE][PASSED] - Object: 'Object Repository/2-OBJECTS TAREAS SECUNDARIAS/Pruebas Selección/Publicación_de_la_convocatoria/td_8028     - Analista De Sistemas' is clicked on

2023-03-09 13:33:17 - [TEST_STEP][PASSED] - click(findTestObject("2-OBJECTS TAREAS SECUNDARIAS/Pruebas Selección/Publicación_de_la_convocatoria/a_Publicacin")): Object: 'Object Repository/2-OBJECTS TAREAS SECUNDARIAS/Pruebas Selección/Publicación_de_la_convocatoria/a_Publicacin' is clicked on

2023-03-09 13:33:18 - [MESSAGE][PASSED] - Object: 'Object Repository/2-OBJECTS TAREAS SECUNDARIAS/Pruebas Selección/Publicación_de_la_convocatoria/a_Publicacin' is clicked on

2023-03-09 13:33:18 - [TEST_STEP][PASSED] - setText(findTestObject("2-OBJECTS TAREAS SECUNDARIAS/Pruebas Selección/Publicación_de_la_convocatoria/input_Publicacin_seleccion_procesofecha_publicacion_input"), fechaI): Text '9/3/2023' is set on object 'Object Repository/2-OBJECTS TAREAS SECUNDARIAS/Pruebas Selección/Publicación_de_la_convocatoria/input_Publicacin_seleccion_procesofecha_publicacion_input'

2023-03-09 13:33:19 - [MESSAGE][PASSED] - Text '9/3/2023' is set on object 'Object Repository/2-OBJECTS TAREAS SECUNDARIAS/Pruebas Selección/Publicación_de_la_convocatoria/input_Publicacin_seleccion_procesofecha_publicacion_input'

2023-03-09 13:33:19 - [TEST_STEP][PASSED] - setText(findTestObject("2-OBJECTS TAREAS SECUNDARIAS/Pruebas Selección/Publicación_de_la_convocatoria/input_Hasta_seleccion_procesofecha_hasta_input"), fechaF): Text '9/3/2024' is set on object 'Object Repository/2-OBJECTS TAREAS SECUNDARIAS/Pruebas Selección/Publicación_de_la_convocatoria/input_Hasta_seleccion_procesofecha_hasta_input'

2023-03-09 13:33:20 - [MESSAGE][PASSED] - Text '9/3/2024' is set on object 'Object Repository/2-OBJECTS TAREAS SECUNDARIAS/Pruebas Selección/Publicación_de_la_convocatoria/input_Hasta_seleccion_procesofecha_hasta_input'

2023-03-09 13:33:20 - [TEST_STEP][PASSED] - setText(findTestObject("2-OBJECTS TAREAS SECUNDARIAS/Pruebas Selección/Publicación_de_la_convocatoria/div_Detalle_ql-editor ql-blank"), "pruebas katalon 10.1.5"): Text 'pruebas katalon 10.1.5' is set on object 'Object Repository/2-OBJECTS TAREAS SECUNDARIAS/Pruebas Selección/Publicación_de_la_convocatoria/div_Detalle_ql-editor ql-blank'

2023-03-09 13:33:21 - [MESSAGE][PASSED] - Text 'pruebas katalon 10.1.5' is set on object 'Object Repository/2-OBJECTS TAREAS SECUNDARIAS/Pruebas Selección/Publicación_de_la_convocatoria/div_Detalle_ql-editor ql-blank'

2023-03-09 13:33:21 - [TEST_STEP][PASSED] - click(findTestObject("2-OBJECTS TAREAS SECUNDARIAS/Pruebas Selección/Publicación_de_la_convocatoria/a_Publicar")): Object: 'Object Repository/2-OBJECTS TAREAS SECUNDARIAS/Pruebas Selección/Publicación_de_la_convocatoria/a_Publicar' is clicked on

2023-03-09 13:33:22 - [MESSAGE][PASSED] - Object: 'Object Repository/2-OBJECTS TAREAS SECUNDARIAS/Pruebas Selección/Publicación_de_la_convocatoria/a_Publicar' is clicked on

2023-03-09 13:33:22 - [TEST_STEP][PASSED] - Result = getText(findTestObject("3-OBJECTS UTILIDADES/Alerta/Alerta")): Text of object 'Object Repository/3-OBJECTS UTILIDADES/Alerta/Alerta' is: 'El proceso ha sido publicado exitosamente'

2023-03-09 13:33:23 - [MESSAGE][PASSED] - Text of object 'Object Repository/3-OBJECTS UTILIDADES/Alerta/Alerta' is: 'El proceso ha sido publicado exitosamente'

2023-03-09 13:33:23 - [TEST_STEP][PASSED] - if (Result == "El proceso ha sido publicado exitosamente"): Browser is closed

2023-03-09 13:33:23 - [TEST_STEP][PASSED] - Resultado = "PRUEBA OK": null

2023-03-09 13:33:23 - [TEST_STEP][PASSED] - closeBrowser(): Browser is closed

2023-03-09 13:33:24 - [MESSAGE][PASSED] - Browser is closed]]></system-out>
         <system-err><![CDATA[]]></system-err>
      </testcase>
      <testcase name="Test Cases/1.2-Tareas_Secundarias/A.0-Pruebas_Selección/10.1.7-Buscar_hoja_de_vida" time="24.302" classname="Test Cases/1.2-Tareas_Secundarias/A.0-Pruebas_Selección/10.1.7-Buscar_hoja_de_vida" status="PASSED">
         <system-out><![CDATA[2023-03-09 13:33:24 - [TEST_CASE][PASSED] - Test Cases/1.2-Tareas_Secundarias/A.0-Pruebas_Selección/10.1.7-Buscar_hoja_de_vida: Test Cases/1.2-Tareas_Secundarias/A.0-Pruebas_Selección/10.1.7-Buscar_hoja_de_vida

2023-03-09 13:33:24 - [TEST_STEP][PASSED] - callTestCase(findTestCase("0.1-Login"), [:], STOP_ON_FAILURE): Call Test Case 'Test Cases/0.1-Login' successfully

2023-03-09 13:33:24 - [TEST_CASE][PASSED] - Test Cases/0.1-Login: Test Cases/0.1-Login

2023-03-09 13:33:24 - [TEST_STEP][PASSED] - openBrowser(""): Browser is opened with url: ''

2023-03-09 13:33:24 - [MESSAGE][INFO] - Starting 'Chrome' driver

2023-03-09 13:33:25 - [MESSAGE][INFO] - Action delay is set to 0 milliseconds

2023-03-09 13:33:26 - [MESSAGE][PASSED] - Browser is opened with url: ''

2023-03-09 13:33:26 - [TEST_STEP][PASSED] - maximizeWindow(): Current window maximized

2023-03-09 13:33:26 - [MESSAGE][PASSED] - Current window maximized

2023-03-09 13:33:26 - [TEST_STEP][PASSED] - i = G_Login: null

2023-03-09 13:33:26 - [TEST_STEP][PASSED] - url = new java.net.URL(i): null

2023-03-09 13:33:26 - [TEST_STEP][PASSED] - println("URL: " + url.toString()): null

2023-03-09 13:33:26 - [TEST_STEP][PASSED] - connection = url.openConnection(): null

2023-03-09 13:33:26 - [TEST_STEP][PASSED] - connection.setRequestMethod("GET"): null

2023-03-09 13:33:26 - [TEST_STEP][PASSED] - connection.setReadTimeout(2 * 1000): null

2023-03-09 13:33:26 - [TEST_STEP][PASSED] - try: null

2023-03-09 13:33:26 - [TEST_STEP][PASSED] - connection.connect(): null

2023-03-09 13:33:26 - [TEST_STEP][PASSED] - flag = connected: null

2023-03-09 13:33:26 - [TEST_STEP][PASSED] - println("Valor_ori: " + flag): null

2023-03-09 13:33:26 - [TEST_STEP][PASSED] - if (flag): null

2023-03-09 13:33:26 - [TEST_STEP][PASSED] - navigateToUrl(i): Navigate to 'http://192.168.2.19:7001/saraweb' successfully

2023-03-09 13:33:27 - [MESSAGE][PASSED] - Navigate to 'http://192.168.2.19:7001/saraweb' successfully

2023-03-09 13:33:27 - [TEST_STEP][PASSED] - a(): null

2023-03-09 13:33:27 - [TEST_STEP][PASSED] - if (waitForElementVisible(findTestObject("3-OBJECTS UTILIDADES/Login/input_USUARIO_loginusuario"), 0)): null

2023-03-09 13:33:27 - [MESSAGE][WARNING] - Timeout '0' is invalid. Using default page load timeout: '37'

2023-03-09 13:33:28 - [MESSAGE][PASSED] - Object 'Object Repository/3-OBJECTS UTILIDADES/Login/input_USUARIO_loginusuario' is visible

2023-03-09 13:33:28 - [TEST_STEP][PASSED] - switchToWindowTitle("SARA"): Switched to window with title: 'SARA'

2023-03-09 13:33:28 - [MESSAGE][PASSED] - Switched to window with title: 'SARA'

2023-03-09 13:33:28 - [TEST_STEP][PASSED] - zoom(): null

2023-03-09 13:33:28 - [TEST_STEP][PASSED] - robot = new java.awt.Robot(): null

2023-03-09 13:33:28 - [TEST_STEP][PASSED] - robot.keyPress(VK_CONTROL): null

2023-03-09 13:33:28 - [TEST_STEP][PASSED] - robot.keyPress(VK_SUBTRACT): null

2023-03-09 13:33:28 - [TEST_STEP][PASSED] - robot.keyRelease(VK_CONTROL): null

2023-03-09 13:33:28 - [TEST_STEP][PASSED] - robot.keyRelease(VK_SUBTRACT): null

2023-03-09 13:33:28 - [TEST_STEP][PASSED] - robot.keyPress(VK_CONTROL): null

2023-03-09 13:33:28 - [TEST_STEP][PASSED] - robot.keyPress(VK_SUBTRACT): null

2023-03-09 13:33:28 - [TEST_STEP][PASSED] - robot.keyRelease(VK_CONTROL): null

2023-03-09 13:33:28 - [TEST_STEP][PASSED] - robot.keyRelease(VK_SUBTRACT): null

2023-03-09 13:33:28 - [TEST_STEP][PASSED] - robot.keyPress(VK_CONTROL): null

2023-03-09 13:33:28 - [TEST_STEP][PASSED] - robot.keyPress(VK_SUBTRACT): null

2023-03-09 13:33:28 - [TEST_STEP][PASSED] - robot.keyRelease(VK_CONTROL): null

2023-03-09 13:33:28 - [TEST_STEP][PASSED] - robot.keyRelease(VK_SUBTRACT): null

2023-03-09 13:33:28 - [TEST_STEP][PASSED] - robot.keyRelease(VK_CONTROL): null

2023-03-09 13:33:28 - [TEST_STEP][PASSED] - robot.keyRelease(VK_SUBTRACT): null

2023-03-09 13:33:28 - [TEST_STEP][PASSED] - setText(findTestObject("3-OBJECTS UTILIDADES/Login/input_USUARIO_loginusuario"), G_Usuario): Text 'weblogic' is set on object 'Object Repository/3-OBJECTS UTILIDADES/Login/input_USUARIO_loginusuario'

2023-03-09 13:33:29 - [MESSAGE][PASSED] - Text 'weblogic' is set on object 'Object Repository/3-OBJECTS UTILIDADES/Login/input_USUARIO_loginusuario'

2023-03-09 13:33:29 - [TEST_STEP][PASSED] - setEncryptedText(findTestObject("3-OBJECTS UTILIDADES/Login/input_CLAVE_loginpassword"), "SlAwMcyRKqrwbnzhAs8HhT6NnI7sEyng"): Text ****** has been set on object 'Object Repository/3-OBJECTS UTILIDADES/Login/input_CLAVE_loginpassword'

2023-03-09 13:33:32 - [MESSAGE][PASSED] - Text ****** has been set on object 'Object Repository/3-OBJECTS UTILIDADES/Login/input_CLAVE_loginpassword'

2023-03-09 13:33:32 - [TEST_STEP][PASSED] - while (waitForElementClickable(findTestObject("3-OBJECTS UTILIDADES/Login/a_Ingresar"), 1)): Web element with id: 'Object Repository/3-OBJECTS UTILIDADES/Login/a_Ingresar' located by '//a[contains(text(),'Ingresar')]' not found

2023-03-09 13:33:34 - [MESSAGE][INFO] - Unable to find the element located by 'By.xpath: //a[contains(text(),'Ingresar')]'. Please recheck the objects properties to make sure the desired element is located. 

2023-03-09 13:33:34 - [MESSAGE][WARNING] - Web element with id: 'Object Repository/3-OBJECTS UTILIDADES/Login/a_Ingresar' located by '//a[contains(text(),'Ingresar')]' not found

2023-03-09 13:33:34 - [MESSAGE][PASSED] - Call Test Case 'Test Cases/0.1-Login' successfully

2023-03-09 13:33:34 - [TEST_STEP][PASSED] - setText(findTestObject("2-OBJECTS TAREAS SECUNDARIAS/Pruebas Selección/Buscar_hoja_de_vida/input_Empresa 1_form_templatej_idt24_input"), "Buscador Hoja vida"): Text 'Buscador Hoja vida' is set on object 'Object Repository/2-OBJECTS TAREAS SECUNDARIAS/Pruebas Selección/Buscar_hoja_de_vida/input_Empresa 1_form_templatej_idt24_input'

2023-03-09 13:33:35 - [MESSAGE][PASSED] - Text 'Buscador Hoja vida' is set on object 'Object Repository/2-OBJECTS TAREAS SECUNDARIAS/Pruebas Selección/Buscar_hoja_de_vida/input_Empresa 1_form_templatej_idt24_input'

2023-03-09 13:33:35 - [TEST_STEP][PASSED] - click(findTestObject("2-OBJECTS TAREAS SECUNDARIAS/Pruebas Selección/Buscar_hoja_de_vida/li_Buscador Hoja Vida (hoj)")): Object: 'Object Repository/2-OBJECTS TAREAS SECUNDARIAS/Pruebas Selección/Buscar_hoja_de_vida/li_Buscador Hoja Vida (hoj)' is clicked on

2023-03-09 13:33:36 - [MESSAGE][PASSED] - Object: 'Object Repository/2-OBJECTS TAREAS SECUNDARIAS/Pruebas Selección/Buscar_hoja_de_vida/li_Buscador Hoja Vida (hoj)' is clicked on

2023-03-09 13:33:36 - [TEST_STEP][PASSED] - click(findTestObject("2-OBJECTS TAREAS SECUNDARIAS/Pruebas Selección/Buscar_hoja_de_vida/label_Las hojas de vidas de los empleados")): Object: 'Object Repository/2-OBJECTS TAREAS SECUNDARIAS/Pruebas Selección/Buscar_hoja_de_vida/label_Las hojas de vidas de los empleados' is clicked on

2023-03-09 13:33:38 - [MESSAGE][PASSED] - Object: 'Object Repository/2-OBJECTS TAREAS SECUNDARIAS/Pruebas Selección/Buscar_hoja_de_vida/label_Las hojas de vidas de los empleados' is clicked on

2023-03-09 13:33:38 - [TEST_STEP][PASSED] - click(findTestObject("2-OBJECTS TAREAS SECUNDARIAS/Pruebas Selección/Buscar_hoja_de_vida/label_Las hojas de vida que cumplan con el perfil de una cargo")): Object: 'Object Repository/2-OBJECTS TAREAS SECUNDARIAS/Pruebas Selección/Buscar_hoja_de_vida/label_Las hojas de vida que cumplan con el perfil de una cargo' is clicked on

2023-03-09 13:33:39 - [MESSAGE][PASSED] - Object: 'Object Repository/2-OBJECTS TAREAS SECUNDARIAS/Pruebas Selección/Buscar_hoja_de_vida/label_Las hojas de vida que cumplan con el perfil de una cargo' is clicked on

2023-03-09 13:33:39 - [TEST_STEP][PASSED] - selectOptionByIndex(findTestObject("2-OBJECTS TAREAS SECUNDARIAS/Pruebas Selección/Buscar_hoja_de_vida/select_CALIDADMENSUAL ABCMODELO EMPRESA QUINCENAL"), 1): All options with index in [1] are selected on object 'Object Repository/2-OBJECTS TAREAS SECUNDARIAS/Pruebas Selección/Buscar_hoja_de_vida/select_CALIDADMENSUAL ABCMODELO EMPRESA QUINCENAL'

2023-03-09 13:33:40 - [MESSAGE][PASSED] - All options with index in [1] are selected on object 'Object Repository/2-OBJECTS TAREAS SECUNDARIAS/Pruebas Selección/Buscar_hoja_de_vida/select_CALIDADMENSUAL ABCMODELO EMPRESA QUINCENAL'

2023-03-09 13:33:40 - [TEST_STEP][PASSED] - selectOptionByIndex(findTestObject("2-OBJECTS TAREAS SECUNDARIAS/Pruebas Selección/Buscar_hoja_de_vida/select_1111123456ADMINISTRACIONADMINISTRACIONAnalista QA"), 8): All options with index in [8] are selected on object 'Object Repository/2-OBJECTS TAREAS SECUNDARIAS/Pruebas Selección/Buscar_hoja_de_vida/select_1111123456ADMINISTRACIONADMINISTRACIONAnalista QA'

2023-03-09 13:33:42 - [MESSAGE][PASSED] - All options with index in [8] are selected on object 'Object Repository/2-OBJECTS TAREAS SECUNDARIAS/Pruebas Selección/Buscar_hoja_de_vida/select_1111123456ADMINISTRACIONADMINISTRACIONAnalista QA'

2023-03-09 13:33:42 - [TEST_STEP][PASSED] - selectOptionByIndex(findTestObject("2-OBJECTS TAREAS SECUNDARIAS/Pruebas Selección/Buscar_hoja_de_vida/select_20061    - ANALISTA DE MARKETING20139    - ABOGADO20156    - ANALISTA CONTABLE"), 1): All options with index in [1] are selected on object 'Object Repository/2-OBJECTS TAREAS SECUNDARIAS/Pruebas Selección/Buscar_hoja_de_vida/select_20061    - ANALISTA DE MARKETING20139    - ABOGADO20156    - ANALISTA CONTABLE'

2023-03-09 13:33:43 - [MESSAGE][PASSED] - All options with index in [1] are selected on object 'Object Repository/2-OBJECTS TAREAS SECUNDARIAS/Pruebas Selección/Buscar_hoja_de_vida/select_20061    - ANALISTA DE MARKETING20139    - ABOGADO20156    - ANALISTA CONTABLE'

2023-03-09 13:33:43 - [TEST_STEP][PASSED] - click(findTestObject("2-OBJECTS TAREAS SECUNDARIAS/Pruebas Selección/Buscar_hoja_de_vida/a_Aplicar")): Object: 'Object Repository/2-OBJECTS TAREAS SECUNDARIAS/Pruebas Selección/Buscar_hoja_de_vida/a_Aplicar' is clicked on

2023-03-09 13:33:44 - [MESSAGE][PASSED] - Object: 'Object Repository/2-OBJECTS TAREAS SECUNDARIAS/Pruebas Selección/Buscar_hoja_de_vida/a_Aplicar' is clicked on

2023-03-09 13:33:44 - [TEST_STEP][PASSED] - if (waitForElementVisible(findTestObject("2-OBJECTS TAREAS SECUNDARIAS/Pruebas Selección/Buscar_hoja_de_vida/div_QUINTERO 11, EMPLEADO Documento 11Fecha Modificacin Barrio .Direccin CALLE FALSA 133Ciudad de Residencia BOGOT"), 1)): null

2023-03-09 13:33:48 - [MESSAGE][PASSED] - Object 'Object Repository/2-OBJECTS TAREAS SECUNDARIAS/Pruebas Selección/Buscar_hoja_de_vida/div_QUINTERO 11, EMPLEADO Documento 11Fecha Modificacin Barrio .Direccin CALLE FALSA 133Ciudad de Residencia BOGOT' is visible

2023-03-09 13:33:48 - [TEST_STEP][PASSED] - Result = "PRUEBA OK": null

2023-03-09 13:33:48 - [TEST_STEP][PASSED] - closeBrowser(): Browser is closed

2023-03-09 13:33:48 - [MESSAGE][PASSED] - Browser is closed]]></system-out>
         <system-err><![CDATA[]]></system-err>
      </testcase>
      <testcase name="Test Cases/1.2-Tareas_Secundarias/A.0-Pruebas_Selección/10.1.8-Buscar_hoja_de_vida_externa" time="76.889" classname="Test Cases/1.2-Tareas_Secundarias/A.0-Pruebas_Selección/10.1.8-Buscar_hoja_de_vida_externa" status="FAILED">
         <failure type="FAILED" message="Test Cases/1.2-Tareas_Secundarias/A.0-Pruebas_Selección/10.1.8-Buscar_hoja_de_vida_externa FAILED.
Reason:
com.kms.katalon.core.exception.StepFailedException: Unable to click on object 'Object Repository/2-OBJECTS TAREAS SECUNDARIAS/Pruebas Selección/Buscar_hoja_de_vida_externa/span_Excluir candidatos bloqueados_ui-chkbox-icon ui-icon ui-icon-check ui-c'
	at com.kms.katalon.core.webui.keyword.internal.WebUIKeywordMain.stepFailed(WebUIKeywordMain.groovy:64)
	at com.kms.katalon.core.webui.keyword.internal.WebUIKeywordMain.runKeyword(WebUIKeywordMain.groovy:26)
	at com.kms.katalon.core.webui.keyword.builtin.ClickKeyword.click(ClickKeyword.groovy:74)
	at com.kms.katalon.core.webui.keyword.builtin.ClickKeyword.execute(ClickKeyword.groovy:40)
	at com.kms.katalon.core.keyword.internal.KeywordExecutor.executeKeywordForPlatform(KeywordExecutor.groovy:74)
	at com.kms.katalon.core.webui.keyword.WebUiBuiltInKeywords.click(WebUiBuiltInKeywords.groovy:620)
	at com.kms.katalon.core.webui.keyword.WebUiBuiltInKeywords$click$9.call(Unknown Source)
	at 10.1.8-Buscar_hoja_de_vida_externa.run(10.1.8-Buscar_hoja_de_vida_externa:68)
	at com.kms.katalon.core.main.ScriptEngine.run(ScriptEngine.java:194)
	at com.kms.katalon.core.main.ScriptEngine.runScriptAsRawText(ScriptEngine.java:119)
	at com.kms.katalon.core.main.TestCaseExecutor.runScript(TestCaseExecutor.java:448)
	at com.kms.katalon.core.main.TestCaseExecutor.doExecute(TestCaseExecutor.java:439)
	at com.kms.katalon.core.main.TestCaseExecutor.processExecutionPhase(TestCaseExecutor.java:418)
	at com.kms.katalon.core.main.TestCaseExecutor.accessMainPhase(TestCaseExecutor.java:410)
	at com.kms.katalon.core.main.TestCaseExecutor.execute(TestCaseExecutor.java:285)
	at com.kms.katalon.core.common.CommonExecutor.accessTestCaseMainPhase(CommonExecutor.java:65)
	at com.kms.katalon.core.main.TestSuiteExecutor.accessTestSuiteMainPhase(TestSuiteExecutor.java:151)
	at com.kms.katalon.core.main.TestSuiteExecutor.execute(TestSuiteExecutor.java:106)
	at com.kms.katalon.core.main.TestCaseMain.startTestSuite(TestCaseMain.java:185)
	at com.kms.katalon.core.main.TestCaseMain$startTestSuite$0.call(Unknown Source)
	at TempTestSuite1678383366099.run(TempTestSuite1678383366099.groovy:36)
Caused by: org.openqa.selenium.ElementClickInterceptedException: element click intercepted: Element &lt;span class=&quot;ui-chkbox-icon ui-icon ui-icon-blank ui-c&quot;>&lt;/span> is not clickable at point (484, 213). Other element would receive the click: &lt;div style=&quot;text-align:center;&quot;>...&lt;/div>
  (Session info: chrome=110.0.5481.178)
Build info: version: '3.141.59', revision: 'e82be7d358', time: '2018-11-14T08:25:53'
System info: host: 'US-AF-000371', ip: '192.168.56.1', os.name: 'Windows 10', os.arch: 'amd64', os.version: '10.0', java.version: '1.8.0_282'
Driver info: com.kms.katalon.selenium.driver.CChromeDriver
Capabilities {acceptInsecureCerts: false, browserName: chrome, browserVersion: 110.0.5481.178, chrome: {chromedriverVersion: 109.0.5414.74 (e7c5703604da..., userDataDir: C:\Users\DIEGO~1.ROJ\AppDat...}, goog:chromeOptions: {debuggerAddress: localhost:63912}, javascriptEnabled: true, networkConnectionEnabled: false, pageLoadStrategy: normal, platform: WINDOWS, platformName: WINDOWS, proxy: Proxy(), setWindowRect: true, strictFileInteractability: false, timeouts: {implicit: 0, pageLoad: 300000, script: 30000}, unhandledPromptBehavior: dismiss and notify, webauthn:extension:credBlob: true, webauthn:extension:largeBlob: true, webauthn:virtualAuthenticators: true}
Session ID: ce6611e3ae7efc65acff2bf6bd70ea35
	at org.openqa.selenium.remote.http.W3CHttpResponseCodec.createException(W3CHttpResponseCodec.java:187)
	at org.openqa.selenium.remote.http.W3CHttpResponseCodec.decode(W3CHttpResponseCodec.java:122)
	at org.openqa.selenium.remote.http.W3CHttpResponseCodec.decode(W3CHttpResponseCodec.java:49)
	at org.openqa.selenium.remote.HttpCommandExecutor.execute(HttpCommandExecutor.java:158)
	at org.openqa.selenium.remote.service.DriverCommandExecutor.execute(DriverCommandExecutor.java:83)
	at org.openqa.selenium.remote.RemoteWebDriver.execute(RemoteWebDriver.java:552)
	at com.kms.katalon.selenium.driver.CChromeDriver.execute(CChromeDriver.java:19)
	at org.openqa.selenium.remote.RemoteWebElement.execute(RemoteWebElement.java:285)
	at org.openqa.selenium.remote.RemoteWebElement.click(RemoteWebElement.java:84)
	at org.openqa.selenium.support.events.EventFiringWebDriver$EventFiringWebElement.lambda$new$0(EventFiringWebDriver.java:404)
	at com.sun.proxy.$Proxy11.click(Unknown Source)
	at org.openqa.selenium.support.events.EventFiringWebDriver$EventFiringWebElement.click(EventFiringWebDriver.java:417)
	at org.openqa.selenium.WebElement$click$0.call(Unknown Source)
	at com.kms.katalon.core.webui.keyword.builtin.ClickKeyword.clickUntilSuccessWithTimeout(ClickKeyword.groovy:81)
	at com.kms.katalon.core.webui.keyword.builtin.ClickKeyword.clickUntilSuccessWithTimeout(ClickKeyword.groovy)
	at com.kms.katalon.core.webui.keyword.builtin.ClickKeyword$_click_closure1.doCall(ClickKeyword.groovy:67)
	at com.kms.katalon.core.webui.keyword.builtin.ClickKeyword$_click_closure1.call(ClickKeyword.groovy)
	at com.kms.katalon.core.webui.keyword.internal.WebUIKeywordMain.runKeyword(WebUIKeywordMain.groovy:20)
	... 19 more
"/>
         <system-out><![CDATA[2023-03-09 13:33:48 - [TEST_CASE][FAILED] - Test Cases/1.2-Tareas_Secundarias/A.0-Pruebas_Selección/10.1.8-Buscar_hoja_de_vida_externa: Test Cases/1.2-Tareas_Secundarias/A.0-Pruebas_Selección/10.1.8-Buscar_hoja_de_vida_externa FAILED.
Reason:
com.kms.katalon.core.exception.StepFailedException: Unable to click on object 'Object Repository/2-OBJECTS TAREAS SECUNDARIAS/Pruebas Selección/Buscar_hoja_de_vida_externa/span_Excluir candidatos bloqueados_ui-chkbox-icon ui-icon ui-icon-check ui-c'
	at com.kms.katalon.core.webui.keyword.internal.WebUIKeywordMain.stepFailed(WebUIKeywordMain.groovy:64)
	at com.kms.katalon.core.webui.keyword.internal.WebUIKeywordMain.runKeyword(WebUIKeywordMain.groovy:26)
	at com.kms.katalon.core.webui.keyword.builtin.ClickKeyword.click(ClickKeyword.groovy:74)
	at com.kms.katalon.core.webui.keyword.builtin.ClickKeyword.execute(ClickKeyword.groovy:40)
	at com.kms.katalon.core.keyword.internal.KeywordExecutor.executeKeywordForPlatform(KeywordExecutor.groovy:74)
	at com.kms.katalon.core.webui.keyword.WebUiBuiltInKeywords.click(WebUiBuiltInKeywords.groovy:620)
	at com.kms.katalon.core.webui.keyword.WebUiBuiltInKeywords$click$9.call(Unknown Source)
	at 10.1.8-Buscar_hoja_de_vida_externa.run(10.1.8-Buscar_hoja_de_vida_externa:68)
	at com.kms.katalon.core.main.ScriptEngine.run(ScriptEngine.java:194)
	at com.kms.katalon.core.main.ScriptEngine.runScriptAsRawText(ScriptEngine.java:119)
	at com.kms.katalon.core.main.TestCaseExecutor.runScript(TestCaseExecutor.java:448)
	at com.kms.katalon.core.main.TestCaseExecutor.doExecute(TestCaseExecutor.java:439)
	at com.kms.katalon.core.main.TestCaseExecutor.processExecutionPhase(TestCaseExecutor.java:418)
	at com.kms.katalon.core.main.TestCaseExecutor.accessMainPhase(TestCaseExecutor.java:410)
	at com.kms.katalon.core.main.TestCaseExecutor.execute(TestCaseExecutor.java:285)
	at com.kms.katalon.core.common.CommonExecutor.accessTestCaseMainPhase(CommonExecutor.java:65)
	at com.kms.katalon.core.main.TestSuiteExecutor.accessTestSuiteMainPhase(TestSuiteExecutor.java:151)
	at com.kms.katalon.core.main.TestSuiteExecutor.execute(TestSuiteExecutor.java:106)
	at com.kms.katalon.core.main.TestCaseMain.startTestSuite(TestCaseMain.java:185)
	at com.kms.katalon.core.main.TestCaseMain$startTestSuite$0.call(Unknown Source)
	at TempTestSuite1678383366099.run(TempTestSuite1678383366099.groovy:36)
Caused by: org.openqa.selenium.ElementClickInterceptedException: element click intercepted: Element <span class="ui-chkbox-icon ui-icon ui-icon-blank ui-c"></span> is not clickable at point (484, 213). Other element would receive the click: <div style="text-align:center;">...</div>
  (Session info: chrome=110.0.5481.178)
Build info: version: '3.141.59', revision: 'e82be7d358', time: '2018-11-14T08:25:53'
System info: host: 'US-AF-000371', ip: '192.168.56.1', os.name: 'Windows 10', os.arch: 'amd64', os.version: '10.0', java.version: '1.8.0_282'
Driver info: com.kms.katalon.selenium.driver.CChromeDriver
Capabilities {acceptInsecureCerts: false, browserName: chrome, browserVersion: 110.0.5481.178, chrome: {chromedriverVersion: 109.0.5414.74 (e7c5703604da..., userDataDir: C:\Users\DIEGO~1.ROJ\AppDat...}, goog:chromeOptions: {debuggerAddress: localhost:63912}, javascriptEnabled: true, networkConnectionEnabled: false, pageLoadStrategy: normal, platform: WINDOWS, platformName: WINDOWS, proxy: Proxy(), setWindowRect: true, strictFileInteractability: false, timeouts: {implicit: 0, pageLoad: 300000, script: 30000}, unhandledPromptBehavior: dismiss and notify, webauthn:extension:credBlob: true, webauthn:extension:largeBlob: true, webauthn:virtualAuthenticators: true}
Session ID: ce6611e3ae7efc65acff2bf6bd70ea35
	at org.openqa.selenium.remote.http.W3CHttpResponseCodec.createException(W3CHttpResponseCodec.java:187)
	at org.openqa.selenium.remote.http.W3CHttpResponseCodec.decode(W3CHttpResponseCodec.java:122)
	at org.openqa.selenium.remote.http.W3CHttpResponseCodec.decode(W3CHttpResponseCodec.java:49)
	at org.openqa.selenium.remote.HttpCommandExecutor.execute(HttpCommandExecutor.java:158)
	at org.openqa.selenium.remote.service.DriverCommandExecutor.execute(DriverCommandExecutor.java:83)
	at org.openqa.selenium.remote.RemoteWebDriver.execute(RemoteWebDriver.java:552)
	at com.kms.katalon.selenium.driver.CChromeDriver.execute(CChromeDriver.java:19)
	at org.openqa.selenium.remote.RemoteWebElement.execute(RemoteWebElement.java:285)
	at org.openqa.selenium.remote.RemoteWebElement.click(RemoteWebElement.java:84)
	at org.openqa.selenium.support.events.EventFiringWebDriver$EventFiringWebElement.lambda$new$0(EventFiringWebDriver.java:404)
	at com.sun.proxy.$Proxy11.click(Unknown Source)
	at org.openqa.selenium.support.events.EventFiringWebDriver$EventFiringWebElement.click(EventFiringWebDriver.java:417)
	at org.openqa.selenium.WebElement$click$0.call(Unknown Source)
	at com.kms.katalon.core.webui.keyword.builtin.ClickKeyword.clickUntilSuccessWithTimeout(ClickKeyword.groovy:81)
	at com.kms.katalon.core.webui.keyword.builtin.ClickKeyword.clickUntilSuccessWithTimeout(ClickKeyword.groovy)
	at com.kms.katalon.core.webui.keyword.builtin.ClickKeyword$_click_closure1.doCall(ClickKeyword.groovy:67)
	at com.kms.katalon.core.webui.keyword.builtin.ClickKeyword$_click_closure1.call(ClickKeyword.groovy)
	at com.kms.katalon.core.webui.keyword.internal.WebUIKeywordMain.runKeyword(WebUIKeywordMain.groovy:20)
	... 19 more


2023-03-09 13:33:49 - [TEST_STEP][PASSED] - callTestCase(findTestCase("0.1-Login"), [:], STOP_ON_FAILURE): Call Test Case 'Test Cases/0.1-Login' successfully

2023-03-09 13:33:49 - [TEST_CASE][PASSED] - Test Cases/0.1-Login: Test Cases/0.1-Login

2023-03-09 13:33:49 - [TEST_STEP][PASSED] - openBrowser(""): Browser is opened with url: ''

2023-03-09 13:33:49 - [MESSAGE][INFO] - Starting 'Chrome' driver

2023-03-09 13:33:49 - [MESSAGE][INFO] - Action delay is set to 0 milliseconds

2023-03-09 13:33:50 - [MESSAGE][PASSED] - Browser is opened with url: ''

2023-03-09 13:33:50 - [TEST_STEP][PASSED] - maximizeWindow(): Current window maximized

2023-03-09 13:33:50 - [MESSAGE][PASSED] - Current window maximized

2023-03-09 13:33:50 - [TEST_STEP][PASSED] - i = G_Login: null

2023-03-09 13:33:50 - [TEST_STEP][PASSED] - url = new java.net.URL(i): null

2023-03-09 13:33:50 - [TEST_STEP][PASSED] - println("URL: " + url.toString()): null

2023-03-09 13:33:50 - [TEST_STEP][PASSED] - connection = url.openConnection(): null

2023-03-09 13:33:50 - [TEST_STEP][PASSED] - connection.setRequestMethod("GET"): null

2023-03-09 13:33:50 - [TEST_STEP][PASSED] - connection.setReadTimeout(2 * 1000): null

2023-03-09 13:33:50 - [TEST_STEP][PASSED] - try: null

2023-03-09 13:33:50 - [TEST_STEP][PASSED] - connection.connect(): null

2023-03-09 13:33:50 - [TEST_STEP][PASSED] - flag = connected: null

2023-03-09 13:33:50 - [TEST_STEP][PASSED] - println("Valor_ori: " + flag): null

2023-03-09 13:33:50 - [TEST_STEP][PASSED] - if (flag): null

2023-03-09 13:33:50 - [TEST_STEP][PASSED] - navigateToUrl(i): Navigate to 'http://192.168.2.19:7001/saraweb' successfully

2023-03-09 13:33:52 - [MESSAGE][PASSED] - Navigate to 'http://192.168.2.19:7001/saraweb' successfully

2023-03-09 13:33:52 - [TEST_STEP][PASSED] - a(): null

2023-03-09 13:33:52 - [TEST_STEP][PASSED] - if (waitForElementVisible(findTestObject("3-OBJECTS UTILIDADES/Login/input_USUARIO_loginusuario"), 0)): null

2023-03-09 13:33:52 - [MESSAGE][WARNING] - Timeout '0' is invalid. Using default page load timeout: '37'

2023-03-09 13:33:52 - [MESSAGE][PASSED] - Object 'Object Repository/3-OBJECTS UTILIDADES/Login/input_USUARIO_loginusuario' is visible

2023-03-09 13:33:52 - [TEST_STEP][PASSED] - switchToWindowTitle("SARA"): Switched to window with title: 'SARA'

2023-03-09 13:33:52 - [MESSAGE][PASSED] - Switched to window with title: 'SARA'

2023-03-09 13:33:52 - [TEST_STEP][PASSED] - zoom(): null

2023-03-09 13:33:52 - [TEST_STEP][PASSED] - robot = new java.awt.Robot(): null

2023-03-09 13:33:52 - [TEST_STEP][PASSED] - robot.keyPress(VK_CONTROL): null

2023-03-09 13:33:52 - [TEST_STEP][PASSED] - robot.keyPress(VK_SUBTRACT): null

2023-03-09 13:33:52 - [TEST_STEP][PASSED] - robot.keyRelease(VK_CONTROL): null

2023-03-09 13:33:52 - [TEST_STEP][PASSED] - robot.keyRelease(VK_SUBTRACT): null

2023-03-09 13:33:52 - [TEST_STEP][PASSED] - robot.keyPress(VK_CONTROL): null

2023-03-09 13:33:52 - [TEST_STEP][PASSED] - robot.keyPress(VK_SUBTRACT): null

2023-03-09 13:33:52 - [TEST_STEP][PASSED] - robot.keyRelease(VK_CONTROL): null

2023-03-09 13:33:52 - [TEST_STEP][PASSED] - robot.keyRelease(VK_SUBTRACT): null

2023-03-09 13:33:52 - [TEST_STEP][PASSED] - robot.keyPress(VK_CONTROL): null

2023-03-09 13:33:52 - [TEST_STEP][PASSED] - robot.keyPress(VK_SUBTRACT): null

2023-03-09 13:33:52 - [TEST_STEP][PASSED] - robot.keyRelease(VK_CONTROL): null

2023-03-09 13:33:52 - [TEST_STEP][PASSED] - robot.keyRelease(VK_SUBTRACT): null

2023-03-09 13:33:52 - [TEST_STEP][PASSED] - robot.keyRelease(VK_CONTROL): null

2023-03-09 13:33:52 - [TEST_STEP][PASSED] - robot.keyRelease(VK_SUBTRACT): null

2023-03-09 13:33:52 - [TEST_STEP][PASSED] - setText(findTestObject("3-OBJECTS UTILIDADES/Login/input_USUARIO_loginusuario"), G_Usuario): Text 'weblogic' is set on object 'Object Repository/3-OBJECTS UTILIDADES/Login/input_USUARIO_loginusuario'

2023-03-09 13:33:53 - [MESSAGE][PASSED] - Text 'weblogic' is set on object 'Object Repository/3-OBJECTS UTILIDADES/Login/input_USUARIO_loginusuario'

2023-03-09 13:33:53 - [TEST_STEP][PASSED] - setEncryptedText(findTestObject("3-OBJECTS UTILIDADES/Login/input_CLAVE_loginpassword"), "SlAwMcyRKqrwbnzhAs8HhT6NnI7sEyng"): Text ****** has been set on object 'Object Repository/3-OBJECTS UTILIDADES/Login/input_CLAVE_loginpassword'

2023-03-09 13:33:56 - [MESSAGE][PASSED] - Text ****** has been set on object 'Object Repository/3-OBJECTS UTILIDADES/Login/input_CLAVE_loginpassword'

2023-03-09 13:33:56 - [TEST_STEP][PASSED] - while (waitForElementClickable(findTestObject("3-OBJECTS UTILIDADES/Login/a_Ingresar"), 1)): Web element with id: 'Object Repository/3-OBJECTS UTILIDADES/Login/a_Ingresar' located by '//a[contains(text(),'Ingresar')]' not found

2023-03-09 13:33:58 - [MESSAGE][INFO] - Unable to find the element located by 'By.xpath: //a[contains(text(),'Ingresar')]'. Please recheck the objects properties to make sure the desired element is located. 

2023-03-09 13:33:58 - [MESSAGE][WARNING] - Web element with id: 'Object Repository/3-OBJECTS UTILIDADES/Login/a_Ingresar' located by '//a[contains(text(),'Ingresar')]' not found

2023-03-09 13:33:58 - [MESSAGE][PASSED] - Call Test Case 'Test Cases/0.1-Login' successfully

2023-03-09 13:33:58 - [TEST_STEP][PASSED] - setText(findTestObject("2-OBJECTS TAREAS SECUNDARIAS/Pruebas Selección/Buscar_hoja_de_vida_externa/input_Empresa 1_form_templatej_idt24_input"), "Buscador Hoja Vida Externa"): Text 'Buscador Hoja Vida Externa' is set on object 'Object Repository/2-OBJECTS TAREAS SECUNDARIAS/Pruebas Selección/Buscar_hoja_de_vida_externa/input_Empresa 1_form_templatej_idt24_input'

2023-03-09 13:33:59 - [MESSAGE][PASSED] - Text 'Buscador Hoja Vida Externa' is set on object 'Object Repository/2-OBJECTS TAREAS SECUNDARIAS/Pruebas Selección/Buscar_hoja_de_vida_externa/input_Empresa 1_form_templatej_idt24_input'

2023-03-09 13:33:59 - [TEST_STEP][PASSED] - click(findTestObject("2-OBJECTS TAREAS SECUNDARIAS/Pruebas Selección/Buscar_hoja_de_vida_externa/span_Buscador Hoja Vida Externa")): Object: 'Object Repository/2-OBJECTS TAREAS SECUNDARIAS/Pruebas Selección/Buscar_hoja_de_vida_externa/span_Buscador Hoja Vida Externa' is clicked on

2023-03-09 13:34:00 - [MESSAGE][PASSED] - Object: 'Object Repository/2-OBJECTS TAREAS SECUNDARIAS/Pruebas Selección/Buscar_hoja_de_vida_externa/span_Buscador Hoja Vida Externa' is clicked on

2023-03-09 13:34:00 - [TEST_STEP][PASSED] - click(findTestObject("2-OBJECTS TAREAS SECUNDARIAS/Pruebas Selección/Buscar_hoja_de_vida_externa/label_Las hojas de vida que no correspondan a empleados")): Object: 'Object Repository/2-OBJECTS TAREAS SECUNDARIAS/Pruebas Selección/Buscar_hoja_de_vida_externa/label_Las hojas de vida que no correspondan a empleados' is clicked on

2023-03-09 13:34:03 - [MESSAGE][PASSED] - Object: 'Object Repository/2-OBJECTS TAREAS SECUNDARIAS/Pruebas Selección/Buscar_hoja_de_vida_externa/label_Las hojas de vida que no correspondan a empleados' is clicked on

2023-03-09 13:34:03 - [TEST_STEP][PASSED] - click(findTestObject("2-OBJECTS TAREAS SECUNDARIAS/Pruebas Selección/Buscar_hoja_de_vida_externa/label_Las hojas de vida que cumplan con el perfil de una cargo")): Object: 'Object Repository/2-OBJECTS TAREAS SECUNDARIAS/Pruebas Selección/Buscar_hoja_de_vida_externa/label_Las hojas de vida que cumplan con el perfil de una cargo' is clicked on

2023-03-09 13:34:03 - [MESSAGE][PASSED] - Object: 'Object Repository/2-OBJECTS TAREAS SECUNDARIAS/Pruebas Selección/Buscar_hoja_de_vida_externa/label_Las hojas de vida que cumplan con el perfil de una cargo' is clicked on

2023-03-09 13:34:03 - [TEST_STEP][PASSED] - selectOptionByIndex(findTestObject("2-OBJECTS TAREAS SECUNDARIAS/Pruebas Selección/Buscar_hoja_de_vida_externa/select_CALIDADMENSUAL ABCMODELO EMPRESA QUINCENALPANSIONADOSPENSIONADOS BASEPRUEBAS"), 1): All options with index in [1] are selected on object 'Object Repository/2-OBJECTS TAREAS SECUNDARIAS/Pruebas Selección/Buscar_hoja_de_vida_externa/select_CALIDADMENSUAL ABCMODELO EMPRESA QUINCENALPANSIONADOSPENSIONADOS BASEPRUEBAS'

2023-03-09 13:34:05 - [MESSAGE][PASSED] - All options with index in [1] are selected on object 'Object Repository/2-OBJECTS TAREAS SECUNDARIAS/Pruebas Selección/Buscar_hoja_de_vida_externa/select_CALIDADMENSUAL ABCMODELO EMPRESA QUINCENALPANSIONADOSPENSIONADOS BASEPRUEBAS'

2023-03-09 13:34:05 - [TEST_STEP][PASSED] - selectOptionByIndex(findTestObject("2-OBJECTS TAREAS SECUNDARIAS/Pruebas Selección/Buscar_hoja_de_vida_externa/select_1111123456ADMINISTRACIONADMINISTRACIONAnalista QAASISTENCIAASISTENTE ASISTENTE"), 8): All options with index in [8] are selected on object 'Object Repository/2-OBJECTS TAREAS SECUNDARIAS/Pruebas Selección/Buscar_hoja_de_vida_externa/select_1111123456ADMINISTRACIONADMINISTRACIONAnalista QAASISTENCIAASISTENTE ASISTENTE'

2023-03-09 13:34:06 - [MESSAGE][PASSED] - All options with index in [8] are selected on object 'Object Repository/2-OBJECTS TAREAS SECUNDARIAS/Pruebas Selección/Buscar_hoja_de_vida_externa/select_1111123456ADMINISTRACIONADMINISTRACIONAnalista QAASISTENCIAASISTENTE ASISTENTE'

2023-03-09 13:34:06 - [TEST_STEP][PASSED] - selectOptionByIndex(findTestObject("2-OBJECTS TAREAS SECUNDARIAS/Pruebas Selección/Buscar_hoja_de_vida_externa/select_20061    - ANALISTA DE MARKETING20139    - ABOGADO20156    - ANALISTA CONTABLE"), 2): All options with index in [2] are selected on object 'Object Repository/2-OBJECTS TAREAS SECUNDARIAS/Pruebas Selección/Buscar_hoja_de_vida_externa/select_20061    - ANALISTA DE MARKETING20139    - ABOGADO20156    - ANALISTA CONTABLE'

2023-03-09 13:34:07 - [MESSAGE][PASSED] - All options with index in [2] are selected on object 'Object Repository/2-OBJECTS TAREAS SECUNDARIAS/Pruebas Selección/Buscar_hoja_de_vida_externa/select_20061    - ANALISTA DE MARKETING20139    - ABOGADO20156    - ANALISTA CONTABLE'

2023-03-09 13:34:07 - [TEST_STEP][PASSED] - click(findTestObject("2-OBJECTS TAREAS SECUNDARIAS/Pruebas Selección/Buscar_hoja_de_vida_externa/span_Agregar Filtro_btn-miniadicionar")): Object: 'Object Repository/2-OBJECTS TAREAS SECUNDARIAS/Pruebas Selección/Buscar_hoja_de_vida_externa/span_Agregar Filtro_btn-miniadicionar' is clicked on

2023-03-09 13:34:08 - [MESSAGE][PASSED] - Object: 'Object Repository/2-OBJECTS TAREAS SECUNDARIAS/Pruebas Selección/Buscar_hoja_de_vida_externa/span_Agregar Filtro_btn-miniadicionar' is clicked on

2023-03-09 13:34:08 - [TEST_STEP][PASSED] - selectOptionByIndex(findTestObject("2-OBJECTS TAREAS SECUNDARIAS/Pruebas Selección/Buscar_hoja_de_vida_externa/select_1rea de experiencia NPARTICULO DE REVISTAARTICULO PERIODICOASOCIACIONESAsociaciones"), 31): All options with index in [31] are selected on object 'Object Repository/2-OBJECTS TAREAS SECUNDARIAS/Pruebas Selección/Buscar_hoja_de_vida_externa/select_1rea de experiencia NPARTICULO DE REVISTAARTICULO PERIODICOASOCIACIONESAsociaciones'

2023-03-09 13:34:10 - [MESSAGE][PASSED] - All options with index in [31] are selected on object 'Object Repository/2-OBJECTS TAREAS SECUNDARIAS/Pruebas Selección/Buscar_hoja_de_vida_externa/select_1rea de experiencia NPARTICULO DE REVISTAARTICULO PERIODICOASOCIACIONESAsociaciones'

2023-03-09 13:34:10 - [TEST_STEP][PASSED] - selectOptionByIndex(findTestObject("2-OBJECTS TAREAS SECUNDARIAS/Pruebas Selección/Buscar_hoja_de_vida_externa/select_CiudadCorreoDocumentoNombresPrimer ApellidoDOCUMENTOEDADACTUALIZACION"), 3): All options with index in [3] are selected on object 'Object Repository/2-OBJECTS TAREAS SECUNDARIAS/Pruebas Selección/Buscar_hoja_de_vida_externa/select_CiudadCorreoDocumentoNombresPrimer ApellidoDOCUMENTOEDADACTUALIZACION'

2023-03-09 13:34:11 - [MESSAGE][PASSED] - All options with index in [3] are selected on object 'Object Repository/2-OBJECTS TAREAS SECUNDARIAS/Pruebas Selección/Buscar_hoja_de_vida_externa/select_CiudadCorreoDocumentoNombresPrimer ApellidoDOCUMENTOEDADACTUALIZACION'

2023-03-09 13:34:11 - [TEST_STEP][PASSED] - click(findTestObject("2-OBJECTS TAREAS SECUNDARIAS/Pruebas Selección/Buscar_hoja_de_vida_externa/a_Valor")): Object: 'Object Repository/2-OBJECTS TAREAS SECUNDARIAS/Pruebas Selección/Buscar_hoja_de_vida_externa/a_Valor' is clicked on

2023-03-09 13:34:12 - [MESSAGE][PASSED] - Object: 'Object Repository/2-OBJECTS TAREAS SECUNDARIAS/Pruebas Selección/Buscar_hoja_de_vida_externa/a_Valor' is clicked on

2023-03-09 13:34:12 - [TEST_STEP][PASSED] - setText(findTestObject("2-OBJECTS TAREAS SECUNDARIAS/Pruebas Selección/Buscar_hoja_de_vida_externa/input_Ciudad"), "Bogotá"): Text 'Bogotá' is set on object 'Object Repository/2-OBJECTS TAREAS SECUNDARIAS/Pruebas Selección/Buscar_hoja_de_vida_externa/input_Ciudad'

2023-03-09 13:34:13 - [MESSAGE][PASSED] - Text 'Bogotá' is set on object 'Object Repository/2-OBJECTS TAREAS SECUNDARIAS/Pruebas Selección/Buscar_hoja_de_vida_externa/input_Ciudad'

2023-03-09 13:34:13 - [TEST_STEP][PASSED] - sendKeys(findTestObject("2-OBJECTS TAREAS SECUNDARIAS/Pruebas Selección/Buscar_hoja_de_vida_externa/input_Ciudad"), Keys.chord(ENTER)): Keys 'ENTER + ' sent to object: 'Object Repository/2-OBJECTS TAREAS SECUNDARIAS/Pruebas Selección/Buscar_hoja_de_vida_externa/input_Ciudad'

2023-03-09 13:34:13 - [MESSAGE][PASSED] - Keys 'ENTER + ' sent to object: 'Object Repository/2-OBJECTS TAREAS SECUNDARIAS/Pruebas Selección/Buscar_hoja_de_vida_externa/input_Ciudad'

2023-03-09 13:34:13 - [TEST_STEP][PASSED] - click(findTestObject("2-OBJECTS TAREAS SECUNDARIAS/Pruebas Selección/Buscar_hoja_de_vida_externa/Span_BOGOTA")): Object: 'Object Repository/2-OBJECTS TAREAS SECUNDARIAS/Pruebas Selección/Buscar_hoja_de_vida_externa/Span_BOGOTA' is clicked on

2023-03-09 13:34:14 - [MESSAGE][PASSED] - Object: 'Object Repository/2-OBJECTS TAREAS SECUNDARIAS/Pruebas Selección/Buscar_hoja_de_vida_externa/Span_BOGOTA' is clicked on

2023-03-09 13:34:14 - [TEST_STEP][PASSED] - click(findTestObject("2-OBJECTS TAREAS SECUNDARIAS/Pruebas Selección/Buscar_hoja_de_vida_externa/a_Aplicar3")): Object: 'Object Repository/2-OBJECTS TAREAS SECUNDARIAS/Pruebas Selección/Buscar_hoja_de_vida_externa/a_Aplicar3' is clicked on

2023-03-09 13:34:15 - [MESSAGE][PASSED] - Object: 'Object Repository/2-OBJECTS TAREAS SECUNDARIAS/Pruebas Selección/Buscar_hoja_de_vida_externa/a_Aplicar3' is clicked on

2023-03-09 13:34:15 - [TEST_STEP][PASSED] - click(findTestObject("2-OBJECTS TAREAS SECUNDARIAS/Pruebas Selección/Buscar_hoja_de_vida_externa/a_Aplicar2")): Object: 'Object Repository/2-OBJECTS TAREAS SECUNDARIAS/Pruebas Selección/Buscar_hoja_de_vida_externa/a_Aplicar2' is clicked on

2023-03-09 13:34:15 - [MESSAGE][PASSED] - Object: 'Object Repository/2-OBJECTS TAREAS SECUNDARIAS/Pruebas Selección/Buscar_hoja_de_vida_externa/a_Aplicar2' is clicked on

2023-03-09 13:34:15 - [TEST_STEP][PASSED] - if (waitForElementVisible(findTestObject("2-OBJECTS TAREAS SECUNDARIAS/Pruebas Selección/Buscar_hoja_de_vida_externa/a_Aceptar"), 1)): null

2023-03-09 13:34:25 - [MESSAGE][PASSED] - Object 'Object Repository/2-OBJECTS TAREAS SECUNDARIAS/Pruebas Selección/Buscar_hoja_de_vida_externa/a_Aceptar' is visible

2023-03-09 13:34:25 - [TEST_STEP][PASSED] - click(findTestObject("2-OBJECTS TAREAS SECUNDARIAS/Pruebas Selección/Buscar_hoja_de_vida_externa/a_Aceptar")): Object: 'Object Repository/2-OBJECTS TAREAS SECUNDARIAS/Pruebas Selección/Buscar_hoja_de_vida_externa/a_Aceptar' is clicked on

2023-03-09 13:34:25 - [MESSAGE][PASSED] - Object: 'Object Repository/2-OBJECTS TAREAS SECUNDARIAS/Pruebas Selección/Buscar_hoja_de_vida_externa/a_Aceptar' is clicked on

2023-03-09 13:34:25 - [TEST_STEP][FAILED] - click(findTestObject("2-OBJECTS TAREAS SECUNDARIAS/Pruebas Selección/Buscar_hoja_de_vida_externa/span_Excluir candidatos bloqueados_ui-chkbox-icon ui-icon ui-icon-check ui-c")): Unable to click on object 'Object Repository/2-OBJECTS TAREAS SECUNDARIAS/Pruebas Selección/Buscar_hoja_de_vida_externa/span_Excluir candidatos bloqueados_ui-chkbox-icon ui-icon ui-icon-check ui-c' (Root cause: com.kms.katalon.core.exception.StepFailedException: Unable to click on object 'Object Repository/2-OBJECTS TAREAS SECUNDARIAS/Pruebas Selección/Buscar_hoja_de_vida_externa/span_Excluir candidatos bloqueados_ui-chkbox-icon ui-icon ui-icon-check ui-c'
	at com.kms.katalon.core.webui.keyword.internal.WebUIKeywordMain.stepFailed(WebUIKeywordMain.groovy:64)
	at com.kms.katalon.core.webui.keyword.internal.WebUIKeywordMain.runKeyword(WebUIKeywordMain.groovy:26)
	at com.kms.katalon.core.webui.keyword.builtin.ClickKeyword.click(ClickKeyword.groovy:74)
	at com.kms.katalon.core.webui.keyword.builtin.ClickKeyword.execute(ClickKeyword.groovy:40)
	at com.kms.katalon.core.keyword.internal.KeywordExecutor.executeKeywordForPlatform(KeywordExecutor.groovy:74)
	at com.kms.katalon.core.webui.keyword.WebUiBuiltInKeywords.click(WebUiBuiltInKeywords.groovy:620)
	at com.kms.katalon.core.webui.keyword.WebUiBuiltInKeywords$click$9.call(Unknown Source)
	at 10.1.8-Buscar_hoja_de_vida_externa.run(10.1.8-Buscar_hoja_de_vida_externa:68)
	at com.kms.katalon.core.main.ScriptEngine.run(ScriptEngine.java:194)
	at com.kms.katalon.core.main.ScriptEngine.runScriptAsRawText(ScriptEngine.java:119)
	at com.kms.katalon.core.main.TestCaseExecutor.runScript(TestCaseExecutor.java:448)
	at com.kms.katalon.core.main.TestCaseExecutor.doExecute(TestCaseExecutor.java:439)
	at com.kms.katalon.core.main.TestCaseExecutor.processExecutionPhase(TestCaseExecutor.java:418)
	at com.kms.katalon.core.main.TestCaseExecutor.accessMainPhase(TestCaseExecutor.java:410)
	at com.kms.katalon.core.main.TestCaseExecutor.execute(TestCaseExecutor.java:285)
	at com.kms.katalon.core.common.CommonExecutor.accessTestCaseMainPhase(CommonExecutor.java:65)
	at com.kms.katalon.core.main.TestSuiteExecutor.accessTestSuiteMainPhase(TestSuiteExecutor.java:151)
	at com.kms.katalon.core.main.TestSuiteExecutor.execute(TestSuiteExecutor.java:106)
	at com.kms.katalon.core.main.TestCaseMain.startTestSuite(TestCaseMain.java:185)
	at com.kms.katalon.core.main.TestCaseMain$startTestSuite$0.call(Unknown Source)
	at TempTestSuite1678383366099.run(TempTestSuite1678383366099.groovy:36)
Caused by: org.openqa.selenium.ElementClickInterceptedException: element click intercepted: Element <span class="ui-chkbox-icon ui-icon ui-icon-blank ui-c"></span> is not clickable at point (484, 213). Other element would receive the click: <div style="text-align:center;">...</div>
  (Session info: chrome=110.0.5481.178)
Build info: version: '3.141.59', revision: 'e82be7d358', time: '2018-11-14T08:25:53'
System info: host: 'US-AF-000371', ip: '192.168.56.1', os.name: 'Windows 10', os.arch: 'amd64', os.version: '10.0', java.version: '1.8.0_282'
Driver info: com.kms.katalon.selenium.driver.CChromeDriver
Capabilities {acceptInsecureCerts: false, browserName: chrome, browserVersion: 110.0.5481.178, chrome: {chromedriverVersion: 109.0.5414.74 (e7c5703604da..., userDataDir: C:\Users\DIEGO~1.ROJ\AppDat...}, goog:chromeOptions: {debuggerAddress: localhost:63912}, javascriptEnabled: true, networkConnectionEnabled: false, pageLoadStrategy: normal, platform: WINDOWS, platformName: WINDOWS, proxy: Proxy(), setWindowRect: true, strictFileInteractability: false, timeouts: {implicit: 0, pageLoad: 300000, script: 30000}, unhandledPromptBehavior: dismiss and notify, webauthn:extension:credBlob: true, webauthn:extension:largeBlob: true, webauthn:virtualAuthenticators: true}
Session ID: ce6611e3ae7efc65acff2bf6bd70ea35
	at org.openqa.selenium.remote.http.W3CHttpResponseCodec.createException(W3CHttpResponseCodec.java:187)
	at org.openqa.selenium.remote.http.W3CHttpResponseCodec.decode(W3CHttpResponseCodec.java:122)
	at org.openqa.selenium.remote.http.W3CHttpResponseCodec.decode(W3CHttpResponseCodec.java:49)
	at org.openqa.selenium.remote.HttpCommandExecutor.execute(HttpCommandExecutor.java:158)
	at org.openqa.selenium.remote.service.DriverCommandExecutor.execute(DriverCommandExecutor.java:83)
	at org.openqa.selenium.remote.RemoteWebDriver.execute(RemoteWebDriver.java:552)
	at com.kms.katalon.selenium.driver.CChromeDriver.execute(CChromeDriver.java:19)
	at org.openqa.selenium.remote.RemoteWebElement.execute(RemoteWebElement.java:285)
	at org.openqa.selenium.remote.RemoteWebElement.click(RemoteWebElement.java:84)
	at org.openqa.selenium.support.events.EventFiringWebDriver$EventFiringWebElement.lambda$new$0(EventFiringWebDriver.java:404)
	at com.sun.proxy.$Proxy11.click(Unknown Source)
	at org.openqa.selenium.support.events.EventFiringWebDriver$EventFiringWebElement.click(EventFiringWebDriver.java:417)
	at org.openqa.selenium.WebElement$click$0.call(Unknown Source)
	at com.kms.katalon.core.webui.keyword.builtin.ClickKeyword.clickUntilSuccessWithTimeout(ClickKeyword.groovy:81)
	at com.kms.katalon.core.webui.keyword.builtin.ClickKeyword.clickUntilSuccessWithTimeout(ClickKeyword.groovy)
	at com.kms.katalon.core.webui.keyword.builtin.ClickKeyword$_click_closure1.doCall(ClickKeyword.groovy:67)
	at com.kms.katalon.core.webui.keyword.builtin.ClickKeyword$_click_closure1.call(ClickKeyword.groovy)
	at com.kms.katalon.core.webui.keyword.internal.WebUIKeywordMain.runKeyword(WebUIKeywordMain.groovy:20)
	at com.kms.katalon.core.webui.keyword.builtin.ClickKeyword.click(ClickKeyword.groovy:74)
	at com.kms.katalon.core.webui.keyword.builtin.ClickKeyword.execute(ClickKeyword.groovy:40)
	at com.kms.katalon.core.keyword.internal.KeywordExecutor.executeKeywordForPlatform(KeywordExecutor.groovy:74)
	at com.kms.katalon.core.webui.keyword.WebUiBuiltInKeywords.click(WebUiBuiltInKeywords.groovy:620)
	at com.kms.katalon.core.webui.keyword.WebUiBuiltInKeywords$click$9.call(Unknown Source)
	at Script1648473971316.run(Script1648473971316.groovy:68)
	... 13 more
)

2023-03-09 13:35:05 - [MESSAGE][FAILED] - Unable to click on object 'Object Repository/2-OBJECTS TAREAS SECUNDARIAS/Pruebas Selección/Buscar_hoja_de_vida_externa/span_Excluir candidatos bloqueados_ui-chkbox-icon ui-icon ui-icon-check ui-c' (Root cause: com.kms.katalon.core.exception.StepFailedException: Unable to click on object 'Object Repository/2-OBJECTS TAREAS SECUNDARIAS/Pruebas Selección/Buscar_hoja_de_vida_externa/span_Excluir candidatos bloqueados_ui-chkbox-icon ui-icon ui-icon-check ui-c'
	at com.kms.katalon.core.webui.keyword.internal.WebUIKeywordMain.stepFailed(WebUIKeywordMain.groovy:64)
	at com.kms.katalon.core.webui.keyword.internal.WebUIKeywordMain.runKeyword(WebUIKeywordMain.groovy:26)
	at com.kms.katalon.core.webui.keyword.builtin.ClickKeyword.click(ClickKeyword.groovy:74)
	at com.kms.katalon.core.webui.keyword.builtin.ClickKeyword.execute(ClickKeyword.groovy:40)
	at com.kms.katalon.core.keyword.internal.KeywordExecutor.executeKeywordForPlatform(KeywordExecutor.groovy:74)
	at com.kms.katalon.core.webui.keyword.WebUiBuiltInKeywords.click(WebUiBuiltInKeywords.groovy:620)
	at com.kms.katalon.core.webui.keyword.WebUiBuiltInKeywords$click$9.call(Unknown Source)
	at 10.1.8-Buscar_hoja_de_vida_externa.run(10.1.8-Buscar_hoja_de_vida_externa:68)
	at com.kms.katalon.core.main.ScriptEngine.run(ScriptEngine.java:194)
	at com.kms.katalon.core.main.ScriptEngine.runScriptAsRawText(ScriptEngine.java:119)
	at com.kms.katalon.core.main.TestCaseExecutor.runScript(TestCaseExecutor.java:448)
	at com.kms.katalon.core.main.TestCaseExecutor.doExecute(TestCaseExecutor.java:439)
	at com.kms.katalon.core.main.TestCaseExecutor.processExecutionPhase(TestCaseExecutor.java:418)
	at com.kms.katalon.core.main.TestCaseExecutor.accessMainPhase(TestCaseExecutor.java:410)
	at com.kms.katalon.core.main.TestCaseExecutor.execute(TestCaseExecutor.java:285)
	at com.kms.katalon.core.common.CommonExecutor.accessTestCaseMainPhase(CommonExecutor.java:65)
	at com.kms.katalon.core.main.TestSuiteExecutor.accessTestSuiteMainPhase(TestSuiteExecutor.java:151)
	at com.kms.katalon.core.main.TestSuiteExecutor.execute(TestSuiteExecutor.java:106)
	at com.kms.katalon.core.main.TestCaseMain.startTestSuite(TestCaseMain.java:185)
	at com.kms.katalon.core.main.TestCaseMain$startTestSuite$0.call(Unknown Source)
	at TempTestSuite1678383366099.run(TempTestSuite1678383366099.groovy:36)
Caused by: org.openqa.selenium.ElementClickInterceptedException: element click intercepted: Element <span class="ui-chkbox-icon ui-icon ui-icon-blank ui-c"></span> is not clickable at point (484, 213). Other element would receive the click: <div style="text-align:center;">...</div>
  (Session info: chrome=110.0.5481.178)
Build info: version: '3.141.59', revision: 'e82be7d358', time: '2018-11-14T08:25:53'
System info: host: 'US-AF-000371', ip: '192.168.56.1', os.name: 'Windows 10', os.arch: 'amd64', os.version: '10.0', java.version: '1.8.0_282'
Driver info: com.kms.katalon.selenium.driver.CChromeDriver
Capabilities {acceptInsecureCerts: false, browserName: chrome, browserVersion: 110.0.5481.178, chrome: {chromedriverVersion: 109.0.5414.74 (e7c5703604da..., userDataDir: C:\Users\DIEGO~1.ROJ\AppDat...}, goog:chromeOptions: {debuggerAddress: localhost:63912}, javascriptEnabled: true, networkConnectionEnabled: false, pageLoadStrategy: normal, platform: WINDOWS, platformName: WINDOWS, proxy: Proxy(), setWindowRect: true, strictFileInteractability: false, timeouts: {implicit: 0, pageLoad: 300000, script: 30000}, unhandledPromptBehavior: dismiss and notify, webauthn:extension:credBlob: true, webauthn:extension:largeBlob: true, webauthn:virtualAuthenticators: true}
Session ID: ce6611e3ae7efc65acff2bf6bd70ea35
	at org.openqa.selenium.remote.http.W3CHttpResponseCodec.createException(W3CHttpResponseCodec.java:187)
	at org.openqa.selenium.remote.http.W3CHttpResponseCodec.decode(W3CHttpResponseCodec.java:122)
	at org.openqa.selenium.remote.http.W3CHttpResponseCodec.decode(W3CHttpResponseCodec.java:49)
	at org.openqa.selenium.remote.HttpCommandExecutor.execute(HttpCommandExecutor.java:158)
	at org.openqa.selenium.remote.service.DriverCommandExecutor.execute(DriverCommandExecutor.java:83)
	at org.openqa.selenium.remote.RemoteWebDriver.execute(RemoteWebDriver.java:552)
	at com.kms.katalon.selenium.driver.CChromeDriver.execute(CChromeDriver.java:19)
	at org.openqa.selenium.remote.RemoteWebElement.execute(RemoteWebElement.java:285)
	at org.openqa.selenium.remote.RemoteWebElement.click(RemoteWebElement.java:84)
	at org.openqa.selenium.support.events.EventFiringWebDriver$EventFiringWebElement.lambda$new$0(EventFiringWebDriver.java:404)
	at com.sun.proxy.$Proxy11.click(Unknown Source)
	at org.openqa.selenium.support.events.EventFiringWebDriver$EventFiringWebElement.click(EventFiringWebDriver.java:417)
	at org.openqa.selenium.WebElement$click$0.call(Unknown Source)
	at com.kms.katalon.core.webui.keyword.builtin.ClickKeyword.clickUntilSuccessWithTimeout(ClickKeyword.groovy:81)
	at com.kms.katalon.core.webui.keyword.builtin.ClickKeyword.clickUntilSuccessWithTimeout(ClickKeyword.groovy)
	at com.kms.katalon.core.webui.keyword.builtin.ClickKeyword$_click_closure1.doCall(ClickKeyword.groovy:67)
	at com.kms.katalon.core.webui.keyword.builtin.ClickKeyword$_click_closure1.call(ClickKeyword.groovy)
	at com.kms.katalon.core.webui.keyword.internal.WebUIKeywordMain.runKeyword(WebUIKeywordMain.groovy:20)
	at com.kms.katalon.core.webui.keyword.builtin.ClickKeyword.click(ClickKeyword.groovy:74)
	at com.kms.katalon.core.webui.keyword.builtin.ClickKeyword.execute(ClickKeyword.groovy:40)
	at com.kms.katalon.core.keyword.internal.KeywordExecutor.executeKeywordForPlatform(KeywordExecutor.groovy:74)
	at com.kms.katalon.core.webui.keyword.WebUiBuiltInKeywords.click(WebUiBuiltInKeywords.groovy:620)
	at com.kms.katalon.core.webui.keyword.WebUiBuiltInKeywords$click$9.call(Unknown Source)
	at Script1648473971316.run(Script1648473971316.groovy:68)
	... 13 more
)
[[ATTACHMENT|C:\\Users\\diego.rojas\\git\\Pruebas-Minimas\\Reports\\20230309_123606\\Test_Suite_Secundaria\\1-Tareas_secundarias\\20230309_123606\\1678386905616.png]]]]></system-out>
         <system-err><![CDATA[2023-03-09 13:33:48 - [TEST_CASE][FAILED] - Test Cases/1.2-Tareas_Secundarias/A.0-Pruebas_Selección/10.1.8-Buscar_hoja_de_vida_externa: Test Cases/1.2-Tareas_Secundarias/A.0-Pruebas_Selección/10.1.8-Buscar_hoja_de_vida_externa FAILED.
Reason:
com.kms.katalon.core.exception.StepFailedException: Unable to click on object 'Object Repository/2-OBJECTS TAREAS SECUNDARIAS/Pruebas Selección/Buscar_hoja_de_vida_externa/span_Excluir candidatos bloqueados_ui-chkbox-icon ui-icon ui-icon-check ui-c'
	at com.kms.katalon.core.webui.keyword.internal.WebUIKeywordMain.stepFailed(WebUIKeywordMain.groovy:64)
	at com.kms.katalon.core.webui.keyword.internal.WebUIKeywordMain.runKeyword(WebUIKeywordMain.groovy:26)
	at com.kms.katalon.core.webui.keyword.builtin.ClickKeyword.click(ClickKeyword.groovy:74)
	at com.kms.katalon.core.webui.keyword.builtin.ClickKeyword.execute(ClickKeyword.groovy:40)
	at com.kms.katalon.core.keyword.internal.KeywordExecutor.executeKeywordForPlatform(KeywordExecutor.groovy:74)
	at com.kms.katalon.core.webui.keyword.WebUiBuiltInKeywords.click(WebUiBuiltInKeywords.groovy:620)
	at com.kms.katalon.core.webui.keyword.WebUiBuiltInKeywords$click$9.call(Unknown Source)
	at 10.1.8-Buscar_hoja_de_vida_externa.run(10.1.8-Buscar_hoja_de_vida_externa:68)
	at com.kms.katalon.core.main.ScriptEngine.run(ScriptEngine.java:194)
	at com.kms.katalon.core.main.ScriptEngine.runScriptAsRawText(ScriptEngine.java:119)
	at com.kms.katalon.core.main.TestCaseExecutor.runScript(TestCaseExecutor.java:448)
	at com.kms.katalon.core.main.TestCaseExecutor.doExecute(TestCaseExecutor.java:439)
	at com.kms.katalon.core.main.TestCaseExecutor.processExecutionPhase(TestCaseExecutor.java:418)
	at com.kms.katalon.core.main.TestCaseExecutor.accessMainPhase(TestCaseExecutor.java:410)
	at com.kms.katalon.core.main.TestCaseExecutor.execute(TestCaseExecutor.java:285)
	at com.kms.katalon.core.common.CommonExecutor.accessTestCaseMainPhase(CommonExecutor.java:65)
	at com.kms.katalon.core.main.TestSuiteExecutor.accessTestSuiteMainPhase(TestSuiteExecutor.java:151)
	at com.kms.katalon.core.main.TestSuiteExecutor.execute(TestSuiteExecutor.java:106)
	at com.kms.katalon.core.main.TestCaseMain.startTestSuite(TestCaseMain.java:185)
	at com.kms.katalon.core.main.TestCaseMain$startTestSuite$0.call(Unknown Source)
	at TempTestSuite1678383366099.run(TempTestSuite1678383366099.groovy:36)
Caused by: org.openqa.selenium.ElementClickInterceptedException: element click intercepted: Element <span class="ui-chkbox-icon ui-icon ui-icon-blank ui-c"></span> is not clickable at point (484, 213). Other element would receive the click: <div style="text-align:center;">...</div>
  (Session info: chrome=110.0.5481.178)
Build info: version: '3.141.59', revision: 'e82be7d358', time: '2018-11-14T08:25:53'
System info: host: 'US-AF-000371', ip: '192.168.56.1', os.name: 'Windows 10', os.arch: 'amd64', os.version: '10.0', java.version: '1.8.0_282'
Driver info: com.kms.katalon.selenium.driver.CChromeDriver
Capabilities {acceptInsecureCerts: false, browserName: chrome, browserVersion: 110.0.5481.178, chrome: {chromedriverVersion: 109.0.5414.74 (e7c5703604da..., userDataDir: C:\Users\DIEGO~1.ROJ\AppDat...}, goog:chromeOptions: {debuggerAddress: localhost:63912}, javascriptEnabled: true, networkConnectionEnabled: false, pageLoadStrategy: normal, platform: WINDOWS, platformName: WINDOWS, proxy: Proxy(), setWindowRect: true, strictFileInteractability: false, timeouts: {implicit: 0, pageLoad: 300000, script: 30000}, unhandledPromptBehavior: dismiss and notify, webauthn:extension:credBlob: true, webauthn:extension:largeBlob: true, webauthn:virtualAuthenticators: true}
Session ID: ce6611e3ae7efc65acff2bf6bd70ea35
	at org.openqa.selenium.remote.http.W3CHttpResponseCodec.createException(W3CHttpResponseCodec.java:187)
	at org.openqa.selenium.remote.http.W3CHttpResponseCodec.decode(W3CHttpResponseCodec.java:122)
	at org.openqa.selenium.remote.http.W3CHttpResponseCodec.decode(W3CHttpResponseCodec.java:49)
	at org.openqa.selenium.remote.HttpCommandExecutor.execute(HttpCommandExecutor.java:158)
	at org.openqa.selenium.remote.service.DriverCommandExecutor.execute(DriverCommandExecutor.java:83)
	at org.openqa.selenium.remote.RemoteWebDriver.execute(RemoteWebDriver.java:552)
	at com.kms.katalon.selenium.driver.CChromeDriver.execute(CChromeDriver.java:19)
	at org.openqa.selenium.remote.RemoteWebElement.execute(RemoteWebElement.java:285)
	at org.openqa.selenium.remote.RemoteWebElement.click(RemoteWebElement.java:84)
	at org.openqa.selenium.support.events.EventFiringWebDriver$EventFiringWebElement.lambda$new$0(EventFiringWebDriver.java:404)
	at com.sun.proxy.$Proxy11.click(Unknown Source)
	at org.openqa.selenium.support.events.EventFiringWebDriver$EventFiringWebElement.click(EventFiringWebDriver.java:417)
	at org.openqa.selenium.WebElement$click$0.call(Unknown Source)
	at com.kms.katalon.core.webui.keyword.builtin.ClickKeyword.clickUntilSuccessWithTimeout(ClickKeyword.groovy:81)
	at com.kms.katalon.core.webui.keyword.builtin.ClickKeyword.clickUntilSuccessWithTimeout(ClickKeyword.groovy)
	at com.kms.katalon.core.webui.keyword.builtin.ClickKeyword$_click_closure1.doCall(ClickKeyword.groovy:67)
	at com.kms.katalon.core.webui.keyword.builtin.ClickKeyword$_click_closure1.call(ClickKeyword.groovy)
	at com.kms.katalon.core.webui.keyword.internal.WebUIKeywordMain.runKeyword(WebUIKeywordMain.groovy:20)
	... 19 more]]></system-err>
      </testcase>
      <testcase name="Test Cases/1.2-Tareas_Secundarias/A.0-Pruebas_Selección/10.1.9-Asociar_candidatos" time="39.325" classname="Test Cases/1.2-Tareas_Secundarias/A.0-Pruebas_Selección/10.1.9-Asociar_candidatos" status="PASSED">
         <system-out><![CDATA[2023-03-09 13:35:05 - [TEST_CASE][PASSED] - Test Cases/1.2-Tareas_Secundarias/A.0-Pruebas_Selección/10.1.9-Asociar_candidatos: Test Cases/1.2-Tareas_Secundarias/A.0-Pruebas_Selección/10.1.9-Asociar_candidatos

2023-03-09 13:35:06 - [TEST_STEP][PASSED] - callTestCase(findTestCase("0.1-Login"), [:], STOP_ON_FAILURE): Call Test Case 'Test Cases/0.1-Login' successfully

2023-03-09 13:35:06 - [TEST_CASE][PASSED] - Test Cases/0.1-Login: Test Cases/0.1-Login

2023-03-09 13:35:06 - [TEST_STEP][PASSED] - openBrowser(""): Browser is opened with url: ''

2023-03-09 13:35:06 - [MESSAGE][WARNING] - A browser is already opened. Closing browser and opening a new one

2023-03-09 13:35:06 - [MESSAGE][INFO] - Starting 'Chrome' driver

2023-03-09 13:35:06 - [MESSAGE][INFO] - Action delay is set to 0 milliseconds

2023-03-09 13:35:08 - [MESSAGE][PASSED] - Browser is opened with url: ''

2023-03-09 13:35:08 - [TEST_STEP][PASSED] - maximizeWindow(): Current window maximized

2023-03-09 13:35:08 - [MESSAGE][PASSED] - Current window maximized

2023-03-09 13:35:08 - [TEST_STEP][PASSED] - i = G_Login: null

2023-03-09 13:35:08 - [TEST_STEP][PASSED] - url = new java.net.URL(i): null

2023-03-09 13:35:08 - [TEST_STEP][PASSED] - println("URL: " + url.toString()): null

2023-03-09 13:35:08 - [TEST_STEP][PASSED] - connection = url.openConnection(): null

2023-03-09 13:35:08 - [TEST_STEP][PASSED] - connection.setRequestMethod("GET"): null

2023-03-09 13:35:08 - [TEST_STEP][PASSED] - connection.setReadTimeout(2 * 1000): null

2023-03-09 13:35:08 - [TEST_STEP][PASSED] - try: null

2023-03-09 13:35:08 - [TEST_STEP][PASSED] - connection.connect(): null

2023-03-09 13:35:08 - [TEST_STEP][PASSED] - flag = connected: null

2023-03-09 13:35:08 - [TEST_STEP][PASSED] - println("Valor_ori: " + flag): null

2023-03-09 13:35:08 - [TEST_STEP][PASSED] - if (flag): null

2023-03-09 13:35:08 - [TEST_STEP][PASSED] - navigateToUrl(i): Navigate to 'http://192.168.2.19:7001/saraweb' successfully

2023-03-09 13:35:09 - [MESSAGE][PASSED] - Navigate to 'http://192.168.2.19:7001/saraweb' successfully

2023-03-09 13:35:09 - [TEST_STEP][PASSED] - a(): null

2023-03-09 13:35:09 - [TEST_STEP][PASSED] - if (waitForElementVisible(findTestObject("3-OBJECTS UTILIDADES/Login/input_USUARIO_loginusuario"), 0)): null

2023-03-09 13:35:09 - [MESSAGE][WARNING] - Timeout '0' is invalid. Using default page load timeout: '37'

2023-03-09 13:35:10 - [MESSAGE][PASSED] - Object 'Object Repository/3-OBJECTS UTILIDADES/Login/input_USUARIO_loginusuario' is visible

2023-03-09 13:35:10 - [TEST_STEP][PASSED] - switchToWindowTitle("SARA"): Switched to window with title: 'SARA'

2023-03-09 13:35:10 - [MESSAGE][PASSED] - Switched to window with title: 'SARA'

2023-03-09 13:35:10 - [TEST_STEP][PASSED] - zoom(): null

2023-03-09 13:35:10 - [TEST_STEP][PASSED] - robot = new java.awt.Robot(): null

2023-03-09 13:35:10 - [TEST_STEP][PASSED] - robot.keyPress(VK_CONTROL): null

2023-03-09 13:35:10 - [TEST_STEP][PASSED] - robot.keyPress(VK_SUBTRACT): null

2023-03-09 13:35:10 - [TEST_STEP][PASSED] - robot.keyRelease(VK_CONTROL): null

2023-03-09 13:35:10 - [TEST_STEP][PASSED] - robot.keyRelease(VK_SUBTRACT): null

2023-03-09 13:35:10 - [TEST_STEP][PASSED] - robot.keyPress(VK_CONTROL): null

2023-03-09 13:35:10 - [TEST_STEP][PASSED] - robot.keyPress(VK_SUBTRACT): null

2023-03-09 13:35:10 - [TEST_STEP][PASSED] - robot.keyRelease(VK_CONTROL): null

2023-03-09 13:35:10 - [TEST_STEP][PASSED] - robot.keyRelease(VK_SUBTRACT): null

2023-03-09 13:35:10 - [TEST_STEP][PASSED] - robot.keyPress(VK_CONTROL): null

2023-03-09 13:35:10 - [TEST_STEP][PASSED] - robot.keyPress(VK_SUBTRACT): null

2023-03-09 13:35:10 - [TEST_STEP][PASSED] - robot.keyRelease(VK_CONTROL): null

2023-03-09 13:35:10 - [TEST_STEP][PASSED] - robot.keyRelease(VK_SUBTRACT): null

2023-03-09 13:35:10 - [TEST_STEP][PASSED] - robot.keyRelease(VK_CONTROL): null

2023-03-09 13:35:10 - [TEST_STEP][PASSED] - robot.keyRelease(VK_SUBTRACT): null

2023-03-09 13:35:10 - [TEST_STEP][PASSED] - setText(findTestObject("3-OBJECTS UTILIDADES/Login/input_USUARIO_loginusuario"), G_Usuario): Text 'weblogic' is set on object 'Object Repository/3-OBJECTS UTILIDADES/Login/input_USUARIO_loginusuario'

2023-03-09 13:35:11 - [MESSAGE][PASSED] - Text 'weblogic' is set on object 'Object Repository/3-OBJECTS UTILIDADES/Login/input_USUARIO_loginusuario'

2023-03-09 13:35:11 - [TEST_STEP][PASSED] - setEncryptedText(findTestObject("3-OBJECTS UTILIDADES/Login/input_CLAVE_loginpassword"), "SlAwMcyRKqrwbnzhAs8HhT6NnI7sEyng"): Text ****** has been set on object 'Object Repository/3-OBJECTS UTILIDADES/Login/input_CLAVE_loginpassword'

2023-03-09 13:35:14 - [MESSAGE][PASSED] - Text ****** has been set on object 'Object Repository/3-OBJECTS UTILIDADES/Login/input_CLAVE_loginpassword'

2023-03-09 13:35:14 - [TEST_STEP][PASSED] - while (waitForElementClickable(findTestObject("3-OBJECTS UTILIDADES/Login/a_Ingresar"), 1)): Web element with id: 'Object Repository/3-OBJECTS UTILIDADES/Login/a_Ingresar' located by '//a[contains(text(),'Ingresar')]' not found

2023-03-09 13:35:16 - [MESSAGE][INFO] - Unable to find the element located by 'By.xpath: //a[contains(text(),'Ingresar')]'. Please recheck the objects properties to make sure the desired element is located. 

2023-03-09 13:35:16 - [MESSAGE][WARNING] - Web element with id: 'Object Repository/3-OBJECTS UTILIDADES/Login/a_Ingresar' located by '//a[contains(text(),'Ingresar')]' not found

2023-03-09 13:35:16 - [MESSAGE][PASSED] - Call Test Case 'Test Cases/0.1-Login' successfully

2023-03-09 13:35:16 - [TEST_STEP][PASSED] - setText(findTestObject("2-OBJECTS TAREAS SECUNDARIAS/Pruebas Selección/Asociar_candidatos/input_Empresa 1_form_templatej_idt24_input"), "proceso de seleccion"): Text 'proceso de seleccion' is set on object 'Object Repository/2-OBJECTS TAREAS SECUNDARIAS/Pruebas Selección/Asociar_candidatos/input_Empresa 1_form_templatej_idt24_input'

2023-03-09 13:35:17 - [MESSAGE][PASSED] - Text 'proceso de seleccion' is set on object 'Object Repository/2-OBJECTS TAREAS SECUNDARIAS/Pruebas Selección/Asociar_candidatos/input_Empresa 1_form_templatej_idt24_input'

2023-03-09 13:35:17 - [TEST_STEP][PASSED] - click(findTestObject("2-OBJECTS TAREAS SECUNDARIAS/Pruebas Selección/Asociar_candidatos/li_Proceso de Seleccion (tal)")): Object: 'Object Repository/2-OBJECTS TAREAS SECUNDARIAS/Pruebas Selección/Asociar_candidatos/li_Proceso de Seleccion (tal)' is clicked on

2023-03-09 13:35:18 - [MESSAGE][PASSED] - Object: 'Object Repository/2-OBJECTS TAREAS SECUNDARIAS/Pruebas Selección/Asociar_candidatos/li_Proceso de Seleccion (tal)' is clicked on

2023-03-09 13:35:18 - [TEST_STEP][PASSED] - selectOptionByIndex(findTestObject("2-OBJECTS TAREAS SECUNDARIAS/Pruebas Selección/Asociar_candidatos/select_--Seleccione--CALIDADMENSUAL ABCMODELO EMPRESA QUINCENALPANSIONADOSPENSIONADOS BASEPRUEBAS"), 1): All options with index in [1] are selected on object 'Object Repository/2-OBJECTS TAREAS SECUNDARIAS/Pruebas Selección/Asociar_candidatos/select_--Seleccione--CALIDADMENSUAL ABCMODELO EMPRESA QUINCENALPANSIONADOSPENSIONADOS BASEPRUEBAS'

2023-03-09 13:35:23 - [MESSAGE][PASSED] - All options with index in [1] are selected on object 'Object Repository/2-OBJECTS TAREAS SECUNDARIAS/Pruebas Selección/Asociar_candidatos/select_--Seleccione--CALIDADMENSUAL ABCMODELO EMPRESA QUINCENALPANSIONADOSPENSIONADOS BASEPRUEBAS'

2023-03-09 13:35:23 - [TEST_STEP][PASSED] - setText(findTestObject("2-OBJECTS TAREAS SECUNDARIAS/Pruebas Selección/Asociar_candidatos/input_Fecha Inicial_filtro_procesoseleccionfechaps_input"), "544"): Text '544' is set on object 'Object Repository/2-OBJECTS TAREAS SECUNDARIAS/Pruebas Selección/Asociar_candidatos/input_Fecha Inicial_filtro_procesoseleccionfechaps_input'

2023-03-09 13:35:24 - [MESSAGE][PASSED] - Text '544' is set on object 'Object Repository/2-OBJECTS TAREAS SECUNDARIAS/Pruebas Selección/Asociar_candidatos/input_Fecha Inicial_filtro_procesoseleccionfechaps_input'

2023-03-09 13:35:24 - [TEST_STEP][PASSED] - sendKeys(findTestObject("2-OBJECTS TAREAS SECUNDARIAS/Pruebas Selección/Asociar_candidatos/input_Fecha Inicial_filtro_procesoseleccionfechaps_input"), Keys.chord(ENTER)): Keys 'ENTER + ' sent to object: 'Object Repository/2-OBJECTS TAREAS SECUNDARIAS/Pruebas Selección/Asociar_candidatos/input_Fecha Inicial_filtro_procesoseleccionfechaps_input'

2023-03-09 13:35:24 - [MESSAGE][PASSED] - Keys 'ENTER + ' sent to object: 'Object Repository/2-OBJECTS TAREAS SECUNDARIAS/Pruebas Selección/Asociar_candidatos/input_Fecha Inicial_filtro_procesoseleccionfechaps_input'

2023-03-09 13:35:24 - [TEST_STEP][PASSED] - click(findTestObject("2-OBJECTS TAREAS SECUNDARIAS/Pruebas Selección/Asociar_candidatos/td_8028     - Analista De Sistemas")): Object: 'Object Repository/2-OBJECTS TAREAS SECUNDARIAS/Pruebas Selección/Asociar_candidatos/td_8028     - Analista De Sistemas' is clicked on

2023-03-09 13:35:25 - [MESSAGE][PASSED] - Object: 'Object Repository/2-OBJECTS TAREAS SECUNDARIAS/Pruebas Selección/Asociar_candidatos/td_8028     - Analista De Sistemas' is clicked on

2023-03-09 13:35:25 - [TEST_STEP][PASSED] - click(findTestObject("2-OBJECTS TAREAS SECUNDARIAS/Pruebas Selección/Asociar_candidatos/div_Citacion")): Object: 'Object Repository/2-OBJECTS TAREAS SECUNDARIAS/Pruebas Selección/Asociar_candidatos/div_Citacion' is clicked on

2023-03-09 13:35:26 - [MESSAGE][PASSED] - Object: 'Object Repository/2-OBJECTS TAREAS SECUNDARIAS/Pruebas Selección/Asociar_candidatos/div_Citacion' is clicked on

2023-03-09 13:35:26 - [TEST_STEP][PASSED] - click(findTestObject("2-OBJECTS TAREAS SECUNDARIAS/Pruebas Selección/Asociar_candidatos/a_Registro Citacin")): Object: 'Object Repository/2-OBJECTS TAREAS SECUNDARIAS/Pruebas Selección/Asociar_candidatos/a_Registro Citacin' is clicked on

2023-03-09 13:35:27 - [MESSAGE][PASSED] - Object: 'Object Repository/2-OBJECTS TAREAS SECUNDARIAS/Pruebas Selección/Asociar_candidatos/a_Registro Citacin' is clicked on

2023-03-09 13:35:27 - [TEST_STEP][PASSED] - if (waitForElementVisible(findTestObject("2-OBJECTS TAREAS SECUNDARIAS/Pruebas Selección/Asociar_candidatos/td_A A A0"), 1)): null

2023-03-09 13:35:28 - [MESSAGE][PASSED] - Object 'Object Repository/2-OBJECTS TAREAS SECUNDARIAS/Pruebas Selección/Asociar_candidatos/td_A A A0' is visible

2023-03-09 13:35:28 - [TEST_STEP][PASSED] - click(findTestObject("2-OBJECTS TAREAS SECUNDARIAS/Pruebas Selección/Asociar_candidatos/td_A A A0")): Object: 'Object Repository/2-OBJECTS TAREAS SECUNDARIAS/Pruebas Selección/Asociar_candidatos/td_A A A0' is clicked on

2023-03-09 13:35:28 - [MESSAGE][PASSED] - Object: 'Object Repository/2-OBJECTS TAREAS SECUNDARIAS/Pruebas Selección/Asociar_candidatos/td_A A A0' is clicked on

2023-03-09 13:35:28 - [TEST_STEP][PASSED] - click(findTestObject("2-OBJECTS TAREAS SECUNDARIAS/Pruebas Selección/Asociar_candidatos/a_Eliminar0")): Object: 'Object Repository/2-OBJECTS TAREAS SECUNDARIAS/Pruebas Selección/Asociar_candidatos/a_Eliminar0' is clicked on

2023-03-09 13:35:29 - [MESSAGE][PASSED] - Object: 'Object Repository/2-OBJECTS TAREAS SECUNDARIAS/Pruebas Selección/Asociar_candidatos/a_Eliminar0' is clicked on

2023-03-09 13:35:29 - [TEST_STEP][PASSED] - click(findTestObject("2-OBJECTS TAREAS SECUNDARIAS/Pruebas Selección/Asociar_candidatos/span_Si0")): Object: 'Object Repository/2-OBJECTS TAREAS SECUNDARIAS/Pruebas Selección/Asociar_candidatos/span_Si0' is clicked on

2023-03-09 13:35:29 - [MESSAGE][PASSED] - Object: 'Object Repository/2-OBJECTS TAREAS SECUNDARIAS/Pruebas Selección/Asociar_candidatos/span_Si0' is clicked on

2023-03-09 13:35:29 - [TEST_STEP][PASSED] - click(findTestObject("2-OBJECTS TAREAS SECUNDARIAS/Pruebas Selección/Asociar_candidatos/div_Candidato")): Object: 'Object Repository/2-OBJECTS TAREAS SECUNDARIAS/Pruebas Selección/Asociar_candidatos/div_Candidato' is clicked on

2023-03-09 13:35:30 - [MESSAGE][PASSED] - Object: 'Object Repository/2-OBJECTS TAREAS SECUNDARIAS/Pruebas Selección/Asociar_candidatos/div_Candidato' is clicked on

2023-03-09 13:35:30 - [TEST_STEP][PASSED] - click(findTestObject("2-OBJECTS TAREAS SECUNDARIAS/Pruebas Selección/Asociar_candidatos/a_Registro Candidato")): Object: 'Object Repository/2-OBJECTS TAREAS SECUNDARIAS/Pruebas Selección/Asociar_candidatos/a_Registro Candidato' is clicked on

2023-03-09 13:35:31 - [MESSAGE][PASSED] - Object: 'Object Repository/2-OBJECTS TAREAS SECUNDARIAS/Pruebas Selección/Asociar_candidatos/a_Registro Candidato' is clicked on

2023-03-09 13:35:31 - [TEST_STEP][PASSED] - if (waitForElementVisible(findTestObject("2-OBJECTS TAREAS SECUNDARIAS/Pruebas Selección/Asociar_candidatos/td_A A A"), 1)): null

2023-03-09 13:35:32 - [MESSAGE][PASSED] - Object 'Object Repository/2-OBJECTS TAREAS SECUNDARIAS/Pruebas Selección/Asociar_candidatos/td_A A A' is visible

2023-03-09 13:35:32 - [TEST_STEP][PASSED] - click(findTestObject("2-OBJECTS TAREAS SECUNDARIAS/Pruebas Selección/Asociar_candidatos/td_A A A")): Object: 'Object Repository/2-OBJECTS TAREAS SECUNDARIAS/Pruebas Selección/Asociar_candidatos/td_A A A' is clicked on

2023-03-09 13:35:32 - [MESSAGE][PASSED] - Object: 'Object Repository/2-OBJECTS TAREAS SECUNDARIAS/Pruebas Selección/Asociar_candidatos/td_A A A' is clicked on

2023-03-09 13:35:32 - [TEST_STEP][PASSED] - click(findTestObject("2-OBJECTS TAREAS SECUNDARIAS/Pruebas Selección/Asociar_candidatos/a_Eliminar")): Object: 'Object Repository/2-OBJECTS TAREAS SECUNDARIAS/Pruebas Selección/Asociar_candidatos/a_Eliminar' is clicked on

2023-03-09 13:35:33 - [MESSAGE][PASSED] - Object: 'Object Repository/2-OBJECTS TAREAS SECUNDARIAS/Pruebas Selección/Asociar_candidatos/a_Eliminar' is clicked on

2023-03-09 13:35:33 - [TEST_STEP][PASSED] - click(findTestObject("2-OBJECTS TAREAS SECUNDARIAS/Pruebas Selección/Asociar_candidatos/span_Si")): Object: 'Object Repository/2-OBJECTS TAREAS SECUNDARIAS/Pruebas Selección/Asociar_candidatos/span_Si' is clicked on

2023-03-09 13:35:34 - [MESSAGE][PASSED] - Object: 'Object Repository/2-OBJECTS TAREAS SECUNDARIAS/Pruebas Selección/Asociar_candidatos/span_Si' is clicked on

2023-03-09 13:35:34 - [TEST_STEP][PASSED] - element = findWebElement(findTestObject("2-OBJECTS TAREAS SECUNDARIAS/Pruebas Selección/Asociar_candidatos/a_Nuevo"), 30): null

2023-03-09 13:35:35 - [TEST_STEP][PASSED] - executeJavaScript("arguments[0].click()", Arrays.asList(element)): Execute JavaScript 'arguments[0].click()' successfully

2023-03-09 13:35:35 - [MESSAGE][PASSED] - Execute JavaScript 'arguments[0].click()' successfully

2023-03-09 13:35:35 - [TEST_STEP][PASSED] - click(findTestObject("2-OBJECTS TAREAS SECUNDARIAS/Pruebas Selección/Asociar_candidatos/a_Identificacin_seleccion_procesopanelCandidatoj_idt924")): Object: 'Object Repository/2-OBJECTS TAREAS SECUNDARIAS/Pruebas Selección/Asociar_candidatos/a_Identificacin_seleccion_procesopanelCandidatoj_idt924' is clicked on

2023-03-09 13:35:36 - [MESSAGE][PASSED] - Object: 'Object Repository/2-OBJECTS TAREAS SECUNDARIAS/Pruebas Selección/Asociar_candidatos/a_Identificacin_seleccion_procesopanelCandidatoj_idt924' is clicked on

2023-03-09 13:35:36 - [TEST_STEP][PASSED] - setText(findTestObject("2-OBJECTS TAREAS SECUNDARIAS/Pruebas Selección/Asociar_candidatos/input_Filtro Candidatos_form_popUpCandidatosSeleccionj_idt171"), "A A A"): Text 'A A A' is set on object 'Object Repository/2-OBJECTS TAREAS SECUNDARIAS/Pruebas Selección/Asociar_candidatos/input_Filtro Candidatos_form_popUpCandidatosSeleccionj_idt171'

2023-03-09 13:35:37 - [MESSAGE][PASSED] - Text 'A A A' is set on object 'Object Repository/2-OBJECTS TAREAS SECUNDARIAS/Pruebas Selección/Asociar_candidatos/input_Filtro Candidatos_form_popUpCandidatosSeleccionj_idt171'

2023-03-09 13:35:37 - [TEST_STEP][PASSED] - sendKeys(findTestObject("2-OBJECTS TAREAS SECUNDARIAS/Pruebas Selección/Asociar_candidatos/input_Filtro Candidatos_form_popUpCandidatosSeleccionj_idt171"), Keys.chord(ENTER)): Keys 'ENTER + ' sent to object: 'Object Repository/2-OBJECTS TAREAS SECUNDARIAS/Pruebas Selección/Asociar_candidatos/input_Filtro Candidatos_form_popUpCandidatosSeleccionj_idt171'

2023-03-09 13:35:42 - [MESSAGE][PASSED] - Keys 'ENTER + ' sent to object: 'Object Repository/2-OBJECTS TAREAS SECUNDARIAS/Pruebas Selección/Asociar_candidatos/input_Filtro Candidatos_form_popUpCandidatosSeleccionj_idt171'

2023-03-09 13:35:42 - [TEST_STEP][PASSED] - click(findTestObject("2-OBJECTS TAREAS SECUNDARIAS/Pruebas Selección/Asociar_candidatos/span_A A A")): Object: 'Object Repository/2-OBJECTS TAREAS SECUNDARIAS/Pruebas Selección/Asociar_candidatos/span_A A A' is clicked on

2023-03-09 13:35:42 - [MESSAGE][PASSED] - Object: 'Object Repository/2-OBJECTS TAREAS SECUNDARIAS/Pruebas Selección/Asociar_candidatos/span_A A A' is clicked on

2023-03-09 13:35:42 - [TEST_STEP][PASSED] - click(findTestObject("2-OBJECTS TAREAS SECUNDARIAS/Pruebas capacitacion/Comprobar Parametros/a_Guardar")): Object: 'Object Repository/2-OBJECTS TAREAS SECUNDARIAS/Pruebas capacitacion/Comprobar Parametros/a_Guardar' is clicked on

2023-03-09 13:35:43 - [MESSAGE][PASSED] - Object: 'Object Repository/2-OBJECTS TAREAS SECUNDARIAS/Pruebas capacitacion/Comprobar Parametros/a_Guardar' is clicked on

2023-03-09 13:35:43 - [TEST_STEP][PASSED] - Result = getText(findTestObject("3-OBJECTS UTILIDADES/Alerta/Alerta")): Text of object 'Object Repository/3-OBJECTS UTILIDADES/Alerta/Alerta' is: 'El candidato ha sido registrado correctamente'

2023-03-09 13:35:45 - [MESSAGE][PASSED] - Text of object 'Object Repository/3-OBJECTS UTILIDADES/Alerta/Alerta' is: 'El candidato ha sido registrado correctamente'

2023-03-09 13:35:45 - [TEST_STEP][PASSED] - if (Result == "El candidato ha sido registrado correctamente"): null

2023-03-09 13:35:45 - [TEST_STEP][PASSED] - Resultado = "PRUEBA OK": null]]></system-out>
         <system-err><![CDATA[]]></system-err>
      </testcase>
      <testcase name="Test Cases/1.2-Tareas_Secundarias/A.0-Pruebas_Selección/10.2.1-Programación_de_etapas_a_un_candidato" time="76.209" classname="Test Cases/1.2-Tareas_Secundarias/A.0-Pruebas_Selección/10.2.1-Programación_de_etapas_a_un_candidato" status="FAILED">
         <failure type="FAILED" message="Test Cases/1.2-Tareas_Secundarias/A.0-Pruebas_Selección/10.2.1-Programación_de_etapas_a_un_candidato FAILED.
Reason:
com.kms.katalon.core.exception.StepFailedException: Unable to get text of object 'Object Repository/3-OBJECTS UTILIDADES/Alerta/Alerta'
	at com.kms.katalon.core.webui.keyword.internal.WebUIKeywordMain.stepFailed(WebUIKeywordMain.groovy:64)
	at com.kms.katalon.core.webui.keyword.internal.WebUIKeywordMain.runKeyword(WebUIKeywordMain.groovy:26)
	at com.kms.katalon.core.webui.keyword.builtin.GetTextKeyword.getText(GetTextKeyword.groovy:88)
	at com.kms.katalon.core.webui.keyword.builtin.GetTextKeyword.execute(GetTextKeyword.groovy:67)
	at com.kms.katalon.core.keyword.internal.KeywordExecutor.executeKeywordForPlatform(KeywordExecutor.groovy:74)
	at com.kms.katalon.core.webui.keyword.WebUiBuiltInKeywords.getText(WebUiBuiltInKeywords.groovy:918)
	at com.kms.katalon.core.webui.keyword.WebUiBuiltInKeywords$getText$2.call(Unknown Source)
	at 10.2.1-Programación_de_etapas_a_un_candidato.run(10.2.1-Programación_de_etapas_a_un_candidato:107)
	at com.kms.katalon.core.main.ScriptEngine.run(ScriptEngine.java:194)
	at com.kms.katalon.core.main.ScriptEngine.runScriptAsRawText(ScriptEngine.java:119)
	at com.kms.katalon.core.main.TestCaseExecutor.runScript(TestCaseExecutor.java:448)
	at com.kms.katalon.core.main.TestCaseExecutor.doExecute(TestCaseExecutor.java:439)
	at com.kms.katalon.core.main.TestCaseExecutor.processExecutionPhase(TestCaseExecutor.java:418)
	at com.kms.katalon.core.main.TestCaseExecutor.accessMainPhase(TestCaseExecutor.java:410)
	at com.kms.katalon.core.main.TestCaseExecutor.execute(TestCaseExecutor.java:285)
	at com.kms.katalon.core.common.CommonExecutor.accessTestCaseMainPhase(CommonExecutor.java:65)
	at com.kms.katalon.core.main.TestSuiteExecutor.accessTestSuiteMainPhase(TestSuiteExecutor.java:151)
	at com.kms.katalon.core.main.TestSuiteExecutor.execute(TestSuiteExecutor.java:106)
	at com.kms.katalon.core.main.TestCaseMain.startTestSuite(TestCaseMain.java:185)
	at com.kms.katalon.core.main.TestCaseMain$startTestSuite$0.call(Unknown Source)
	at TempTestSuite1678383366099.run(TempTestSuite1678383366099.groovy:36)
Caused by: com.kms.katalon.core.webui.exception.WebElementNotFoundException: Web element with id: 'Object Repository/3-OBJECTS UTILIDADES/Alerta/Alerta' located by '
//*[@id=&quot;growl_container&quot;]/div/div/div[2]/p' not found
	at com.kms.katalon.core.webui.common.WebUiCommonHelper.findWebElement(WebUiCommonHelper.java:1370)
	at com.kms.katalon.core.webui.keyword.internal.WebUIAbstractKeyword.findWebElement(WebUIAbstractKeyword.groovy:27)
	at com.kms.katalon.core.webui.keyword.internal.WebUIAbstractKeyword.findWebElement(WebUIAbstractKeyword.groovy:26)
	at com.kms.katalon.core.webui.keyword.builtin.GetTextKeyword$_getText_closure1.doCall(GetTextKeyword.groovy:78)
	at com.kms.katalon.core.webui.keyword.builtin.GetTextKeyword$_getText_closure1.call(GetTextKeyword.groovy)
	at com.kms.katalon.core.webui.keyword.internal.WebUIKeywordMain.runKeyword(WebUIKeywordMain.groovy:20)
	... 19 more
"/>
         <system-out><![CDATA[2023-03-09 13:35:45 - [TEST_CASE][FAILED] - Test Cases/1.2-Tareas_Secundarias/A.0-Pruebas_Selección/10.2.1-Programación_de_etapas_a_un_candidato: Test Cases/1.2-Tareas_Secundarias/A.0-Pruebas_Selección/10.2.1-Programación_de_etapas_a_un_candidato FAILED.
Reason:
com.kms.katalon.core.exception.StepFailedException: Unable to get text of object 'Object Repository/3-OBJECTS UTILIDADES/Alerta/Alerta'
	at com.kms.katalon.core.webui.keyword.internal.WebUIKeywordMain.stepFailed(WebUIKeywordMain.groovy:64)
	at com.kms.katalon.core.webui.keyword.internal.WebUIKeywordMain.runKeyword(WebUIKeywordMain.groovy:26)
	at com.kms.katalon.core.webui.keyword.builtin.GetTextKeyword.getText(GetTextKeyword.groovy:88)
	at com.kms.katalon.core.webui.keyword.builtin.GetTextKeyword.execute(GetTextKeyword.groovy:67)
	at com.kms.katalon.core.keyword.internal.KeywordExecutor.executeKeywordForPlatform(KeywordExecutor.groovy:74)
	at com.kms.katalon.core.webui.keyword.WebUiBuiltInKeywords.getText(WebUiBuiltInKeywords.groovy:918)
	at com.kms.katalon.core.webui.keyword.WebUiBuiltInKeywords$getText$2.call(Unknown Source)
	at 10.2.1-Programación_de_etapas_a_un_candidato.run(10.2.1-Programación_de_etapas_a_un_candidato:107)
	at com.kms.katalon.core.main.ScriptEngine.run(ScriptEngine.java:194)
	at com.kms.katalon.core.main.ScriptEngine.runScriptAsRawText(ScriptEngine.java:119)
	at com.kms.katalon.core.main.TestCaseExecutor.runScript(TestCaseExecutor.java:448)
	at com.kms.katalon.core.main.TestCaseExecutor.doExecute(TestCaseExecutor.java:439)
	at com.kms.katalon.core.main.TestCaseExecutor.processExecutionPhase(TestCaseExecutor.java:418)
	at com.kms.katalon.core.main.TestCaseExecutor.accessMainPhase(TestCaseExecutor.java:410)
	at com.kms.katalon.core.main.TestCaseExecutor.execute(TestCaseExecutor.java:285)
	at com.kms.katalon.core.common.CommonExecutor.accessTestCaseMainPhase(CommonExecutor.java:65)
	at com.kms.katalon.core.main.TestSuiteExecutor.accessTestSuiteMainPhase(TestSuiteExecutor.java:151)
	at com.kms.katalon.core.main.TestSuiteExecutor.execute(TestSuiteExecutor.java:106)
	at com.kms.katalon.core.main.TestCaseMain.startTestSuite(TestCaseMain.java:185)
	at com.kms.katalon.core.main.TestCaseMain$startTestSuite$0.call(Unknown Source)
	at TempTestSuite1678383366099.run(TempTestSuite1678383366099.groovy:36)
Caused by: com.kms.katalon.core.webui.exception.WebElementNotFoundException: Web element with id: 'Object Repository/3-OBJECTS UTILIDADES/Alerta/Alerta' located by '
//*[@id="growl_container"]/div/div/div[2]/p' not found
	at com.kms.katalon.core.webui.common.WebUiCommonHelper.findWebElement(WebUiCommonHelper.java:1370)
	at com.kms.katalon.core.webui.keyword.internal.WebUIAbstractKeyword.findWebElement(WebUIAbstractKeyword.groovy:27)
	at com.kms.katalon.core.webui.keyword.internal.WebUIAbstractKeyword.findWebElement(WebUIAbstractKeyword.groovy:26)
	at com.kms.katalon.core.webui.keyword.builtin.GetTextKeyword$_getText_closure1.doCall(GetTextKeyword.groovy:78)
	at com.kms.katalon.core.webui.keyword.builtin.GetTextKeyword$_getText_closure1.call(GetTextKeyword.groovy)
	at com.kms.katalon.core.webui.keyword.internal.WebUIKeywordMain.runKeyword(WebUIKeywordMain.groovy:20)
	... 19 more


2023-03-09 13:35:45 - [TEST_STEP][PASSED] - callTestCase(findTestCase("0.1-Login"), [:], STOP_ON_FAILURE): Call Test Case 'Test Cases/0.1-Login' successfully

2023-03-09 13:35:45 - [TEST_CASE][PASSED] - Test Cases/0.1-Login: Test Cases/0.1-Login

2023-03-09 13:35:45 - [TEST_STEP][PASSED] - openBrowser(""): Browser is opened with url: ''

2023-03-09 13:35:45 - [MESSAGE][WARNING] - A browser is already opened. Closing browser and opening a new one

2023-03-09 13:35:46 - [MESSAGE][INFO] - Starting 'Chrome' driver

2023-03-09 13:35:46 - [MESSAGE][INFO] - Action delay is set to 0 milliseconds

2023-03-09 13:35:47 - [MESSAGE][PASSED] - Browser is opened with url: ''

2023-03-09 13:35:47 - [TEST_STEP][PASSED] - maximizeWindow(): Current window maximized

2023-03-09 13:35:47 - [MESSAGE][PASSED] - Current window maximized

2023-03-09 13:35:47 - [TEST_STEP][PASSED] - i = G_Login: null

2023-03-09 13:35:47 - [TEST_STEP][PASSED] - url = new java.net.URL(i): null

2023-03-09 13:35:47 - [TEST_STEP][PASSED] - println("URL: " + url.toString()): null

2023-03-09 13:35:47 - [TEST_STEP][PASSED] - connection = url.openConnection(): null

2023-03-09 13:35:47 - [TEST_STEP][PASSED] - connection.setRequestMethod("GET"): null

2023-03-09 13:35:47 - [TEST_STEP][PASSED] - connection.setReadTimeout(2 * 1000): null

2023-03-09 13:35:47 - [TEST_STEP][PASSED] - try: null

2023-03-09 13:35:47 - [TEST_STEP][PASSED] - connection.connect(): null

2023-03-09 13:35:47 - [TEST_STEP][PASSED] - flag = connected: null

2023-03-09 13:35:47 - [TEST_STEP][PASSED] - println("Valor_ori: " + flag): null

2023-03-09 13:35:47 - [TEST_STEP][PASSED] - if (flag): null

2023-03-09 13:35:47 - [TEST_STEP][PASSED] - navigateToUrl(i): Navigate to 'http://192.168.2.19:7001/saraweb' successfully

2023-03-09 13:35:48 - [MESSAGE][PASSED] - Navigate to 'http://192.168.2.19:7001/saraweb' successfully

2023-03-09 13:35:48 - [TEST_STEP][PASSED] - a(): null

2023-03-09 13:35:48 - [TEST_STEP][PASSED] - if (waitForElementVisible(findTestObject("3-OBJECTS UTILIDADES/Login/input_USUARIO_loginusuario"), 0)): null

2023-03-09 13:35:48 - [MESSAGE][WARNING] - Timeout '0' is invalid. Using default page load timeout: '37'

2023-03-09 13:35:49 - [MESSAGE][PASSED] - Object 'Object Repository/3-OBJECTS UTILIDADES/Login/input_USUARIO_loginusuario' is visible

2023-03-09 13:35:49 - [TEST_STEP][PASSED] - switchToWindowTitle("SARA"): Switched to window with title: 'SARA'

2023-03-09 13:35:49 - [MESSAGE][PASSED] - Switched to window with title: 'SARA'

2023-03-09 13:35:49 - [TEST_STEP][PASSED] - zoom(): null

2023-03-09 13:35:49 - [TEST_STEP][PASSED] - robot = new java.awt.Robot(): null

2023-03-09 13:35:49 - [TEST_STEP][PASSED] - robot.keyPress(VK_CONTROL): null

2023-03-09 13:35:49 - [TEST_STEP][PASSED] - robot.keyPress(VK_SUBTRACT): null

2023-03-09 13:35:49 - [TEST_STEP][PASSED] - robot.keyRelease(VK_CONTROL): null

2023-03-09 13:35:49 - [TEST_STEP][PASSED] - robot.keyRelease(VK_SUBTRACT): null

2023-03-09 13:35:49 - [TEST_STEP][PASSED] - robot.keyPress(VK_CONTROL): null

2023-03-09 13:35:49 - [TEST_STEP][PASSED] - robot.keyPress(VK_SUBTRACT): null

2023-03-09 13:35:49 - [TEST_STEP][PASSED] - robot.keyRelease(VK_CONTROL): null

2023-03-09 13:35:49 - [TEST_STEP][PASSED] - robot.keyRelease(VK_SUBTRACT): null

2023-03-09 13:35:49 - [TEST_STEP][PASSED] - robot.keyPress(VK_CONTROL): null

2023-03-09 13:35:49 - [TEST_STEP][PASSED] - robot.keyPress(VK_SUBTRACT): null

2023-03-09 13:35:49 - [TEST_STEP][PASSED] - robot.keyRelease(VK_CONTROL): null

2023-03-09 13:35:49 - [TEST_STEP][PASSED] - robot.keyRelease(VK_SUBTRACT): null

2023-03-09 13:35:49 - [TEST_STEP][PASSED] - robot.keyRelease(VK_CONTROL): null

2023-03-09 13:35:49 - [TEST_STEP][PASSED] - robot.keyRelease(VK_SUBTRACT): null

2023-03-09 13:35:49 - [TEST_STEP][PASSED] - setText(findTestObject("3-OBJECTS UTILIDADES/Login/input_USUARIO_loginusuario"), G_Usuario): Text 'weblogic' is set on object 'Object Repository/3-OBJECTS UTILIDADES/Login/input_USUARIO_loginusuario'

2023-03-09 13:35:50 - [MESSAGE][PASSED] - Text 'weblogic' is set on object 'Object Repository/3-OBJECTS UTILIDADES/Login/input_USUARIO_loginusuario'

2023-03-09 13:35:50 - [TEST_STEP][PASSED] - setEncryptedText(findTestObject("3-OBJECTS UTILIDADES/Login/input_CLAVE_loginpassword"), "SlAwMcyRKqrwbnzhAs8HhT6NnI7sEyng"): Text ****** has been set on object 'Object Repository/3-OBJECTS UTILIDADES/Login/input_CLAVE_loginpassword'

2023-03-09 13:35:53 - [MESSAGE][PASSED] - Text ****** has been set on object 'Object Repository/3-OBJECTS UTILIDADES/Login/input_CLAVE_loginpassword'

2023-03-09 13:35:53 - [TEST_STEP][PASSED] - while (waitForElementClickable(findTestObject("3-OBJECTS UTILIDADES/Login/a_Ingresar"), 1)): Web element with id: 'Object Repository/3-OBJECTS UTILIDADES/Login/a_Ingresar' located by '//a[contains(text(),'Ingresar')]' not found

2023-03-09 13:35:55 - [MESSAGE][INFO] - Unable to find the element located by 'By.xpath: //a[contains(text(),'Ingresar')]'. Please recheck the objects properties to make sure the desired element is located. 

2023-03-09 13:35:55 - [MESSAGE][WARNING] - Web element with id: 'Object Repository/3-OBJECTS UTILIDADES/Login/a_Ingresar' located by '//a[contains(text(),'Ingresar')]' not found

2023-03-09 13:35:55 - [MESSAGE][PASSED] - Call Test Case 'Test Cases/0.1-Login' successfully

2023-03-09 13:35:55 - [TEST_STEP][PASSED] - setText(findTestObject("2-OBJECTS TAREAS SECUNDARIAS/Pruebas Selección/Programación_de_etapas_a_un_candidato/input_No search results are available_form_templatej_idt24_input"), "proceso de seleccion"): Text 'proceso de seleccion' is set on object 'Object Repository/2-OBJECTS TAREAS SECUNDARIAS/Pruebas Selección/Programación_de_etapas_a_un_candidato/input_No search results are available_form_templatej_idt24_input'

2023-03-09 13:35:56 - [MESSAGE][PASSED] - Text 'proceso de seleccion' is set on object 'Object Repository/2-OBJECTS TAREAS SECUNDARIAS/Pruebas Selección/Programación_de_etapas_a_un_candidato/input_No search results are available_form_templatej_idt24_input'

2023-03-09 13:35:56 - [TEST_STEP][PASSED] - click(findTestObject("2-OBJECTS TAREAS SECUNDARIAS/Pruebas Selección/Programación_de_etapas_a_un_candidato/span_Proceso de Seleccion")): Object: 'Object Repository/2-OBJECTS TAREAS SECUNDARIAS/Pruebas Selección/Programación_de_etapas_a_un_candidato/span_Proceso de Seleccion' is clicked on

2023-03-09 13:35:58 - [MESSAGE][PASSED] - Object: 'Object Repository/2-OBJECTS TAREAS SECUNDARIAS/Pruebas Selección/Programación_de_etapas_a_un_candidato/span_Proceso de Seleccion' is clicked on

2023-03-09 13:35:58 - [TEST_STEP][PASSED] - selectOptionByIndex(findTestObject("2-OBJECTS TAREAS SECUNDARIAS/Pruebas Selección/Programación_de_etapas_a_un_candidato/select_--Seleccione--CALIDADMENSUAL ABCMODELO EMPRESA QUINCENALPANSIONADOSPENSIONADOS BASEPRUEBAS"), 1): All options with index in [1] are selected on object 'Object Repository/2-OBJECTS TAREAS SECUNDARIAS/Pruebas Selección/Programación_de_etapas_a_un_candidato/select_--Seleccione--CALIDADMENSUAL ABCMODELO EMPRESA QUINCENALPANSIONADOSPENSIONADOS BASEPRUEBAS'

2023-03-09 13:36:01 - [MESSAGE][PASSED] - All options with index in [1] are selected on object 'Object Repository/2-OBJECTS TAREAS SECUNDARIAS/Pruebas Selección/Programación_de_etapas_a_un_candidato/select_--Seleccione--CALIDADMENSUAL ABCMODELO EMPRESA QUINCENALPANSIONADOSPENSIONADOS BASEPRUEBAS'

2023-03-09 13:36:01 - [TEST_STEP][PASSED] - sendKeys(findTestObject("2-OBJECTS TAREAS SECUNDARIAS/Pruebas Selección/Programación_de_etapas_a_un_candidato/input_filtroprocesoseleccion"), "544"): Keys '544' sent to object: 'Object Repository/2-OBJECTS TAREAS SECUNDARIAS/Pruebas Selección/Programación_de_etapas_a_un_candidato/input_filtroprocesoseleccion'

2023-03-09 13:36:02 - [MESSAGE][PASSED] - Keys '544' sent to object: 'Object Repository/2-OBJECTS TAREAS SECUNDARIAS/Pruebas Selección/Programación_de_etapas_a_un_candidato/input_filtroprocesoseleccion'

2023-03-09 13:36:02 - [TEST_STEP][PASSED] - sendKeys(findTestObject("2-OBJECTS TAREAS SECUNDARIAS/Pruebas Selección/Programación_de_etapas_a_un_candidato/input_filtroprocesoseleccion"), Keys.chord(ENTER)): Keys 'ENTER + ' sent to object: 'Object Repository/2-OBJECTS TAREAS SECUNDARIAS/Pruebas Selección/Programación_de_etapas_a_un_candidato/input_filtroprocesoseleccion'

2023-03-09 13:36:03 - [MESSAGE][PASSED] - Keys 'ENTER + ' sent to object: 'Object Repository/2-OBJECTS TAREAS SECUNDARIAS/Pruebas Selección/Programación_de_etapas_a_un_candidato/input_filtroprocesoseleccion'

2023-03-09 13:36:03 - [TEST_STEP][PASSED] - click(findTestObject("2-OBJECTS TAREAS SECUNDARIAS/Pruebas Selección/Programación_de_etapas_a_un_candidato/td_8028     - Analista De Sistemas")): Object: 'Object Repository/2-OBJECTS TAREAS SECUNDARIAS/Pruebas Selección/Programación_de_etapas_a_un_candidato/td_8028     - Analista De Sistemas' is clicked on

2023-03-09 13:36:03 - [MESSAGE][PASSED] - Object: 'Object Repository/2-OBJECTS TAREAS SECUNDARIAS/Pruebas Selección/Programación_de_etapas_a_un_candidato/td_8028     - Analista De Sistemas' is clicked on

2023-03-09 13:36:03 - [TEST_STEP][PASSED] - click(findTestObject("2-OBJECTS TAREAS SECUNDARIAS/Pruebas Selección/Programación_de_etapas_a_un_candidato/div_Citacion")): Object: 'Object Repository/2-OBJECTS TAREAS SECUNDARIAS/Pruebas Selección/Programación_de_etapas_a_un_candidato/div_Citacion' is clicked on

2023-03-09 13:36:05 - [MESSAGE][PASSED] - Object: 'Object Repository/2-OBJECTS TAREAS SECUNDARIAS/Pruebas Selección/Programación_de_etapas_a_un_candidato/div_Citacion' is clicked on

2023-03-09 13:36:05 - [TEST_STEP][PASSED] - click(findTestObject("2-OBJECTS TAREAS SECUNDARIAS/Pruebas Selección/Programación_de_etapas_a_un_candidato/a_Registro Citacin")): Object: 'Object Repository/2-OBJECTS TAREAS SECUNDARIAS/Pruebas Selección/Programación_de_etapas_a_un_candidato/a_Registro Citacin' is clicked on

2023-03-09 13:36:05 - [MESSAGE][PASSED] - Object: 'Object Repository/2-OBJECTS TAREAS SECUNDARIAS/Pruebas Selección/Programación_de_etapas_a_un_candidato/a_Registro Citacin' is clicked on

2023-03-09 13:36:05 - [TEST_STEP][PASSED] - if (waitForElementVisible(findTestObject("2-OBJECTS TAREAS SECUNDARIAS/Pruebas Selección/Programación_de_etapas_a_un_candidato/td_A A A"), 1)): Web element with id: 'Object Repository/2-OBJECTS TAREAS SECUNDARIAS/Pruebas Selección/Programación_de_etapas_a_un_candidato/td_A A A' located by '//td[(text() = 'A A A' or . = 'A A A')]' not found

2023-03-09 13:36:07 - [MESSAGE][INFO] - Unable to find the element located by 'By.xpath: //td[(text() = 'A A A' or . = 'A A A')]'. Please recheck the objects properties to make sure the desired element is located. 

2023-03-09 13:36:07 - [MESSAGE][WARNING] - Web element with id: 'Object Repository/2-OBJECTS TAREAS SECUNDARIAS/Pruebas Selección/Programación_de_etapas_a_un_candidato/td_A A A' located by '//td[(text() = 'A A A' or . = 'A A A')]' not found

2023-03-09 13:36:07 - [TEST_STEP][PASSED] - if (waitForElementVisible(findTestObject("2-OBJECTS TAREAS SECUNDARIAS/Pruebas Selección/Programación_de_etapas_a_un_candidato/td_Constantino  Jhon"), 1)): Web element with id: 'Object Repository/2-OBJECTS TAREAS SECUNDARIAS/Pruebas Selección/Programación_de_etapas_a_un_candidato/td_Constantino  Jhon' located by '//td[(text() = 'Constantino  Jhon' or . = 'Constantino  Jhon')]' not found

2023-03-09 13:36:10 - [MESSAGE][INFO] - Unable to find the element located by 'By.xpath: //td[(text() = 'Constantino  Jhon' or . = 'Constantino  Jhon')]'. Please recheck the objects properties to make sure the desired element is located. 

2023-03-09 13:36:10 - [MESSAGE][WARNING] - Web element with id: 'Object Repository/2-OBJECTS TAREAS SECUNDARIAS/Pruebas Selección/Programación_de_etapas_a_un_candidato/td_Constantino  Jhon' located by '//td[(text() = 'Constantino  Jhon' or . = 'Constantino  Jhon')]' not found

2023-03-09 13:36:10 - [TEST_STEP][PASSED] - click(findTestObject("2-OBJECTS TAREAS SECUNDARIAS/Pruebas Selección/Programación_de_etapas_a_un_candidato/a_Etapas Por Asistente")): Object: 'Object Repository/2-OBJECTS TAREAS SECUNDARIAS/Pruebas Selección/Programación_de_etapas_a_un_candidato/a_Etapas Por Asistente' is clicked on

2023-03-09 13:36:10 - [MESSAGE][PASSED] - Object: 'Object Repository/2-OBJECTS TAREAS SECUNDARIAS/Pruebas Selección/Programación_de_etapas_a_un_candidato/a_Etapas Por Asistente' is clicked on

2023-03-09 13:36:10 - [TEST_STEP][PASSED] - if (waitForElementVisible(findTestObject("2-OBJECTS TAREAS SECUNDARIAS/Pruebas Selección/Programación_de_etapas_a_un_candidato/span_A A A_glyphicons glyphicons-user-add"), 1)): Web element with id: 'Object Repository/2-OBJECTS TAREAS SECUNDARIAS/Pruebas Selección/Programación_de_etapas_a_un_candidato/span_A A A_glyphicons glyphicons-user-add' located by '//td/a/span' not found

2023-03-09 13:36:13 - [MESSAGE][INFO] - Unable to find the element located by 'By.xpath: //td/a/span'. Please recheck the objects properties to make sure the desired element is located. 

2023-03-09 13:36:13 - [MESSAGE][WARNING] - Web element with id: 'Object Repository/2-OBJECTS TAREAS SECUNDARIAS/Pruebas Selección/Programación_de_etapas_a_un_candidato/span_A A A_glyphicons glyphicons-user-add' located by '//td/a/span' not found

2023-03-09 13:36:13 - [TEST_STEP][PASSED] - click(findTestObject("2-OBJECTS TAREAS SECUNDARIAS/Pruebas Selección/Programación_de_etapas_a_un_candidato/a_Jurados")): Object: 'Object Repository/2-OBJECTS TAREAS SECUNDARIAS/Pruebas Selección/Programación_de_etapas_a_un_candidato/a_Jurados' is clicked on

2023-03-09 13:36:13 - [MESSAGE][PASSED] - Object: 'Object Repository/2-OBJECTS TAREAS SECUNDARIAS/Pruebas Selección/Programación_de_etapas_a_un_candidato/a_Jurados' is clicked on

2023-03-09 13:36:13 - [TEST_STEP][PASSED] - click(findTestObject("2-OBJECTS TAREAS SECUNDARIAS/Pruebas Selección/Programación_de_etapas_a_un_candidato/a_Programar")): Object: 'Object Repository/2-OBJECTS TAREAS SECUNDARIAS/Pruebas Selección/Programación_de_etapas_a_un_candidato/a_Programar' is clicked on

2023-03-09 13:36:14 - [MESSAGE][PASSED] - Object: 'Object Repository/2-OBJECTS TAREAS SECUNDARIAS/Pruebas Selección/Programación_de_etapas_a_un_candidato/a_Programar' is clicked on

2023-03-09 13:36:14 - [TEST_STEP][PASSED] - click(findTestObject("2-OBJECTS TAREAS SECUNDARIAS/Pruebas Selección/Programación_de_etapas_a_un_candidato/td_PRUEBA")): Object: 'Object Repository/2-OBJECTS TAREAS SECUNDARIAS/Pruebas Selección/Programación_de_etapas_a_un_candidato/td_PRUEBA' is clicked on

2023-03-09 13:36:15 - [MESSAGE][PASSED] - Object: 'Object Repository/2-OBJECTS TAREAS SECUNDARIAS/Pruebas Selección/Programación_de_etapas_a_un_candidato/td_PRUEBA' is clicked on

2023-03-09 13:36:15 - [TEST_STEP][PASSED] - click(findTestObject("2-OBJECTS TAREAS SECUNDARIAS/Pruebas Selección/Programación_de_etapas_a_un_candidato/a_Responsable_popupCitacion_formj_idt1947")): Object: 'Object Repository/2-OBJECTS TAREAS SECUNDARIAS/Pruebas Selección/Programación_de_etapas_a_un_candidato/a_Responsable_popupCitacion_formj_idt1947' is clicked on

2023-03-09 13:36:16 - [MESSAGE][PASSED] - Object: 'Object Repository/2-OBJECTS TAREAS SECUNDARIAS/Pruebas Selección/Programación_de_etapas_a_un_candidato/a_Responsable_popupCitacion_formj_idt1947' is clicked on

2023-03-09 13:36:16 - [TEST_STEP][PASSED] - setText(findTestObject("2-OBJECTS TAREAS SECUNDARIAS/Pruebas Selección/Programación_de_etapas_a_un_candidato/input_Filtro Hoja de Vida_formPopupHojaVidaj_idt2644"), "constantino jhon"): Text 'constantino jhon' is set on object 'Object Repository/2-OBJECTS TAREAS SECUNDARIAS/Pruebas Selección/Programación_de_etapas_a_un_candidato/input_Filtro Hoja de Vida_formPopupHojaVidaj_idt2644'

2023-03-09 13:36:17 - [MESSAGE][PASSED] - Text 'constantino jhon' is set on object 'Object Repository/2-OBJECTS TAREAS SECUNDARIAS/Pruebas Selección/Programación_de_etapas_a_un_candidato/input_Filtro Hoja de Vida_formPopupHojaVidaj_idt2644'

2023-03-09 13:36:17 - [TEST_STEP][PASSED] - sendKeys(findTestObject("2-OBJECTS TAREAS SECUNDARIAS/Pruebas Selección/Programación_de_etapas_a_un_candidato/input_Filtro Hoja de Vida_formPopupHojaVidaj_idt2644"), Keys.chord(ENTER)): Keys 'ENTER + ' sent to object: 'Object Repository/2-OBJECTS TAREAS SECUNDARIAS/Pruebas Selección/Programación_de_etapas_a_un_candidato/input_Filtro Hoja de Vida_formPopupHojaVidaj_idt2644'

2023-03-09 13:36:17 - [MESSAGE][PASSED] - Keys 'ENTER + ' sent to object: 'Object Repository/2-OBJECTS TAREAS SECUNDARIAS/Pruebas Selección/Programación_de_etapas_a_un_candidato/input_Filtro Hoja de Vida_formPopupHojaVidaj_idt2644'

2023-03-09 13:36:17 - [TEST_STEP][PASSED] - click(findTestObject("2-OBJECTS TAREAS SECUNDARIAS/Pruebas Selección/Programación_de_etapas_a_un_candidato/span_Constantino  Jhon")): Object: 'Object Repository/2-OBJECTS TAREAS SECUNDARIAS/Pruebas Selección/Programación_de_etapas_a_un_candidato/span_Constantino  Jhon' is clicked on

2023-03-09 13:36:18 - [MESSAGE][PASSED] - Object: 'Object Repository/2-OBJECTS TAREAS SECUNDARIAS/Pruebas Selección/Programación_de_etapas_a_un_candidato/span_Constantino  Jhon' is clicked on

2023-03-09 13:36:18 - [TEST_STEP][PASSED] - setText(findTestObject("2-OBJECTS TAREAS SECUNDARIAS/Pruebas Selección/Programación_de_etapas_a_un_candidato/textarea_Observacin_popupCitacion_formobservacion"), "pr katalon"): Text 'pr katalon' is set on object 'Object Repository/2-OBJECTS TAREAS SECUNDARIAS/Pruebas Selección/Programación_de_etapas_a_un_candidato/textarea_Observacin_popupCitacion_formobservacion'

2023-03-09 13:36:19 - [MESSAGE][PASSED] - Text 'pr katalon' is set on object 'Object Repository/2-OBJECTS TAREAS SECUNDARIAS/Pruebas Selección/Programación_de_etapas_a_un_candidato/textarea_Observacin_popupCitacion_formobservacion'

2023-03-09 13:36:19 - [TEST_STEP][PASSED] - check(findTestObject("2-OBJECTS TAREAS SECUNDARIAS/Pruebas Selección/Programación_de_etapas_a_un_candidato/div_Evaluacin Artstica_ui-chkbox-box ui-widget ui-corner-all ui-state-default ui-state-hover")): Object 'Object Repository/2-OBJECTS TAREAS SECUNDARIAS/Pruebas Selección/Programación_de_etapas_a_un_candidato/div_Evaluacin Artstica_ui-chkbox-box ui-widget ui-corner-all ui-state-default ui-state-hover' is checked

2023-03-09 13:36:20 - [MESSAGE][PASSED] - Object 'Object Repository/2-OBJECTS TAREAS SECUNDARIAS/Pruebas Selección/Programación_de_etapas_a_un_candidato/div_Evaluacin Artstica_ui-chkbox-box ui-widget ui-corner-all ui-state-default ui-state-hover' is checked

2023-03-09 13:36:20 - [TEST_STEP][PASSED] - click(findTestObject("2-OBJECTS TAREAS SECUNDARIAS/Pruebas Selección/Programación_de_etapas_a_un_candidato/a_Continuar")): Object: 'Object Repository/2-OBJECTS TAREAS SECUNDARIAS/Pruebas Selección/Programación_de_etapas_a_un_candidato/a_Continuar' is clicked on

2023-03-09 13:36:20 - [MESSAGE][PASSED] - Object: 'Object Repository/2-OBJECTS TAREAS SECUNDARIAS/Pruebas Selección/Programación_de_etapas_a_un_candidato/a_Continuar' is clicked on

2023-03-09 13:36:20 - [TEST_STEP][PASSED] - if (waitForElementVisible(findTestObject("2-OBJECTS TAREAS SECUNDARIAS/Pruebas Selección/Programación_de_etapas_a_un_candidato/span_ui-chkbox-icon2"), 1)): null

2023-03-09 13:36:21 - [MESSAGE][PASSED] - Object 'Object Repository/2-OBJECTS TAREAS SECUNDARIAS/Pruebas Selección/Programación_de_etapas_a_un_candidato/span_ui-chkbox-icon2' is visible

2023-03-09 13:36:21 - [TEST_STEP][PASSED] - click(findTestObject("2-OBJECTS TAREAS SECUNDARIAS/Pruebas Selección/Programación_de_etapas_a_un_candidato/span_ui-chkbox-icon2")): Object: 'Object Repository/2-OBJECTS TAREAS SECUNDARIAS/Pruebas Selección/Programación_de_etapas_a_un_candidato/span_ui-chkbox-icon2' is clicked on

2023-03-09 13:36:22 - [MESSAGE][PASSED] - Object: 'Object Repository/2-OBJECTS TAREAS SECUNDARIAS/Pruebas Selección/Programación_de_etapas_a_un_candidato/span_ui-chkbox-icon2' is clicked on

2023-03-09 13:36:22 - [TEST_STEP][PASSED] - click(findTestObject("2-OBJECTS TAREAS SECUNDARIAS/Pruebas Selección/Programación_de_etapas_a_un_candidato/a_Generar")): Object: 'Object Repository/2-OBJECTS TAREAS SECUNDARIAS/Pruebas Selección/Programación_de_etapas_a_un_candidato/a_Generar' is clicked on

2023-03-09 13:36:22 - [MESSAGE][PASSED] - Object: 'Object Repository/2-OBJECTS TAREAS SECUNDARIAS/Pruebas Selección/Programación_de_etapas_a_un_candidato/a_Generar' is clicked on

2023-03-09 13:36:22 - [TEST_STEP][FAILED] - Result = getText(findTestObject("3-OBJECTS UTILIDADES/Alerta/Alerta")): Unable to get text of object 'Object Repository/3-OBJECTS UTILIDADES/Alerta/Alerta' (Root cause: com.kms.katalon.core.exception.StepFailedException: Unable to get text of object 'Object Repository/3-OBJECTS UTILIDADES/Alerta/Alerta'
	at com.kms.katalon.core.webui.keyword.internal.WebUIKeywordMain.stepFailed(WebUIKeywordMain.groovy:64)
	at com.kms.katalon.core.webui.keyword.internal.WebUIKeywordMain.runKeyword(WebUIKeywordMain.groovy:26)
	at com.kms.katalon.core.webui.keyword.builtin.GetTextKeyword.getText(GetTextKeyword.groovy:88)
	at com.kms.katalon.core.webui.keyword.builtin.GetTextKeyword.execute(GetTextKeyword.groovy:67)
	at com.kms.katalon.core.keyword.internal.KeywordExecutor.executeKeywordForPlatform(KeywordExecutor.groovy:74)
	at com.kms.katalon.core.webui.keyword.WebUiBuiltInKeywords.getText(WebUiBuiltInKeywords.groovy:918)
	at com.kms.katalon.core.webui.keyword.WebUiBuiltInKeywords$getText$2.call(Unknown Source)
	at 10.2.1-Programación_de_etapas_a_un_candidato.run(10.2.1-Programación_de_etapas_a_un_candidato:107)
	at com.kms.katalon.core.main.ScriptEngine.run(ScriptEngine.java:194)
	at com.kms.katalon.core.main.ScriptEngine.runScriptAsRawText(ScriptEngine.java:119)
	at com.kms.katalon.core.main.TestCaseExecutor.runScript(TestCaseExecutor.java:448)
	at com.kms.katalon.core.main.TestCaseExecutor.doExecute(TestCaseExecutor.java:439)
	at com.kms.katalon.core.main.TestCaseExecutor.processExecutionPhase(TestCaseExecutor.java:418)
	at com.kms.katalon.core.main.TestCaseExecutor.accessMainPhase(TestCaseExecutor.java:410)
	at com.kms.katalon.core.main.TestCaseExecutor.execute(TestCaseExecutor.java:285)
	at com.kms.katalon.core.common.CommonExecutor.accessTestCaseMainPhase(CommonExecutor.java:65)
	at com.kms.katalon.core.main.TestSuiteExecutor.accessTestSuiteMainPhase(TestSuiteExecutor.java:151)
	at com.kms.katalon.core.main.TestSuiteExecutor.execute(TestSuiteExecutor.java:106)
	at com.kms.katalon.core.main.TestCaseMain.startTestSuite(TestCaseMain.java:185)
	at com.kms.katalon.core.main.TestCaseMain$startTestSuite$0.call(Unknown Source)
	at TempTestSuite1678383366099.run(TempTestSuite1678383366099.groovy:36)
Caused by: com.kms.katalon.core.webui.exception.WebElementNotFoundException: Web element with id: 'Object Repository/3-OBJECTS UTILIDADES/Alerta/Alerta' located by '
//*[@id="growl_container"]/div/div/div[2]/p' not found
	at com.kms.katalon.core.webui.common.WebUiCommonHelper.findWebElement(WebUiCommonHelper.java:1370)
	at com.kms.katalon.core.webui.keyword.internal.WebUIAbstractKeyword.findWebElement(WebUIAbstractKeyword.groovy:27)
	at com.kms.katalon.core.webui.keyword.internal.WebUIAbstractKeyword.findWebElement(WebUIAbstractKeyword.groovy:26)
	at com.kms.katalon.core.webui.keyword.builtin.GetTextKeyword$_getText_closure1.doCall(GetTextKeyword.groovy:78)
	at com.kms.katalon.core.webui.keyword.builtin.GetTextKeyword$_getText_closure1.call(GetTextKeyword.groovy)
	at com.kms.katalon.core.webui.keyword.internal.WebUIKeywordMain.runKeyword(WebUIKeywordMain.groovy:20)
	at com.kms.katalon.core.webui.keyword.builtin.GetTextKeyword.getText(GetTextKeyword.groovy:88)
	at com.kms.katalon.core.webui.keyword.builtin.GetTextKeyword.execute(GetTextKeyword.groovy:67)
	at com.kms.katalon.core.keyword.internal.KeywordExecutor.executeKeywordForPlatform(KeywordExecutor.groovy:74)
	at com.kms.katalon.core.webui.keyword.WebUiBuiltInKeywords.getText(WebUiBuiltInKeywords.groovy:918)
	at com.kms.katalon.core.webui.keyword.WebUiBuiltInKeywords$getText$2.call(Unknown Source)
	at Script1648473971331.run(Script1648473971331.groovy:107)
	... 13 more
)

2023-03-09 13:37:01 - [MESSAGE][INFO] - Unable to find the element located by 'By.xpath: 
//*[@id="growl_container"]/div/div/div[2]/p'. Please recheck the objects properties to make sure the desired element is located. 

2023-03-09 13:37:01 - [MESSAGE][FAILED] - Unable to get text of object 'Object Repository/3-OBJECTS UTILIDADES/Alerta/Alerta' (Root cause: com.kms.katalon.core.exception.StepFailedException: Unable to get text of object 'Object Repository/3-OBJECTS UTILIDADES/Alerta/Alerta'
	at com.kms.katalon.core.webui.keyword.internal.WebUIKeywordMain.stepFailed(WebUIKeywordMain.groovy:64)
	at com.kms.katalon.core.webui.keyword.internal.WebUIKeywordMain.runKeyword(WebUIKeywordMain.groovy:26)
	at com.kms.katalon.core.webui.keyword.builtin.GetTextKeyword.getText(GetTextKeyword.groovy:88)
	at com.kms.katalon.core.webui.keyword.builtin.GetTextKeyword.execute(GetTextKeyword.groovy:67)
	at com.kms.katalon.core.keyword.internal.KeywordExecutor.executeKeywordForPlatform(KeywordExecutor.groovy:74)
	at com.kms.katalon.core.webui.keyword.WebUiBuiltInKeywords.getText(WebUiBuiltInKeywords.groovy:918)
	at com.kms.katalon.core.webui.keyword.WebUiBuiltInKeywords$getText$2.call(Unknown Source)
	at 10.2.1-Programación_de_etapas_a_un_candidato.run(10.2.1-Programación_de_etapas_a_un_candidato:107)
	at com.kms.katalon.core.main.ScriptEngine.run(ScriptEngine.java:194)
	at com.kms.katalon.core.main.ScriptEngine.runScriptAsRawText(ScriptEngine.java:119)
	at com.kms.katalon.core.main.TestCaseExecutor.runScript(TestCaseExecutor.java:448)
	at com.kms.katalon.core.main.TestCaseExecutor.doExecute(TestCaseExecutor.java:439)
	at com.kms.katalon.core.main.TestCaseExecutor.processExecutionPhase(TestCaseExecutor.java:418)
	at com.kms.katalon.core.main.TestCaseExecutor.accessMainPhase(TestCaseExecutor.java:410)
	at com.kms.katalon.core.main.TestCaseExecutor.execute(TestCaseExecutor.java:285)
	at com.kms.katalon.core.common.CommonExecutor.accessTestCaseMainPhase(CommonExecutor.java:65)
	at com.kms.katalon.core.main.TestSuiteExecutor.accessTestSuiteMainPhase(TestSuiteExecutor.java:151)
	at com.kms.katalon.core.main.TestSuiteExecutor.execute(TestSuiteExecutor.java:106)
	at com.kms.katalon.core.main.TestCaseMain.startTestSuite(TestCaseMain.java:185)
	at com.kms.katalon.core.main.TestCaseMain$startTestSuite$0.call(Unknown Source)
	at TempTestSuite1678383366099.run(TempTestSuite1678383366099.groovy:36)
Caused by: com.kms.katalon.core.webui.exception.WebElementNotFoundException: Web element with id: 'Object Repository/3-OBJECTS UTILIDADES/Alerta/Alerta' located by '
//*[@id="growl_container"]/div/div/div[2]/p' not found
	at com.kms.katalon.core.webui.common.WebUiCommonHelper.findWebElement(WebUiCommonHelper.java:1370)
	at com.kms.katalon.core.webui.keyword.internal.WebUIAbstractKeyword.findWebElement(WebUIAbstractKeyword.groovy:27)
	at com.kms.katalon.core.webui.keyword.internal.WebUIAbstractKeyword.findWebElement(WebUIAbstractKeyword.groovy:26)
	at com.kms.katalon.core.webui.keyword.builtin.GetTextKeyword$_getText_closure1.doCall(GetTextKeyword.groovy:78)
	at com.kms.katalon.core.webui.keyword.builtin.GetTextKeyword$_getText_closure1.call(GetTextKeyword.groovy)
	at com.kms.katalon.core.webui.keyword.internal.WebUIKeywordMain.runKeyword(WebUIKeywordMain.groovy:20)
	at com.kms.katalon.core.webui.keyword.builtin.GetTextKeyword.getText(GetTextKeyword.groovy:88)
	at com.kms.katalon.core.webui.keyword.builtin.GetTextKeyword.execute(GetTextKeyword.groovy:67)
	at com.kms.katalon.core.keyword.internal.KeywordExecutor.executeKeywordForPlatform(KeywordExecutor.groovy:74)
	at com.kms.katalon.core.webui.keyword.WebUiBuiltInKeywords.getText(WebUiBuiltInKeywords.groovy:918)
	at com.kms.katalon.core.webui.keyword.WebUiBuiltInKeywords$getText$2.call(Unknown Source)
	at Script1648473971331.run(Script1648473971331.groovy:107)
	... 13 more
)
[[ATTACHMENT|C:\\Users\\diego.rojas\\git\\Pruebas-Minimas\\Reports\\20230309_123606\\Test_Suite_Secundaria\\1-Tareas_secundarias\\20230309_123606\\1678387021226.png]]]]></system-out>
         <system-err><![CDATA[2023-03-09 13:35:45 - [TEST_CASE][FAILED] - Test Cases/1.2-Tareas_Secundarias/A.0-Pruebas_Selección/10.2.1-Programación_de_etapas_a_un_candidato: Test Cases/1.2-Tareas_Secundarias/A.0-Pruebas_Selección/10.2.1-Programación_de_etapas_a_un_candidato FAILED.
Reason:
com.kms.katalon.core.exception.StepFailedException: Unable to get text of object 'Object Repository/3-OBJECTS UTILIDADES/Alerta/Alerta'
	at com.kms.katalon.core.webui.keyword.internal.WebUIKeywordMain.stepFailed(WebUIKeywordMain.groovy:64)
	at com.kms.katalon.core.webui.keyword.internal.WebUIKeywordMain.runKeyword(WebUIKeywordMain.groovy:26)
	at com.kms.katalon.core.webui.keyword.builtin.GetTextKeyword.getText(GetTextKeyword.groovy:88)
	at com.kms.katalon.core.webui.keyword.builtin.GetTextKeyword.execute(GetTextKeyword.groovy:67)
	at com.kms.katalon.core.keyword.internal.KeywordExecutor.executeKeywordForPlatform(KeywordExecutor.groovy:74)
	at com.kms.katalon.core.webui.keyword.WebUiBuiltInKeywords.getText(WebUiBuiltInKeywords.groovy:918)
	at com.kms.katalon.core.webui.keyword.WebUiBuiltInKeywords$getText$2.call(Unknown Source)
	at 10.2.1-Programación_de_etapas_a_un_candidato.run(10.2.1-Programación_de_etapas_a_un_candidato:107)
	at com.kms.katalon.core.main.ScriptEngine.run(ScriptEngine.java:194)
	at com.kms.katalon.core.main.ScriptEngine.runScriptAsRawText(ScriptEngine.java:119)
	at com.kms.katalon.core.main.TestCaseExecutor.runScript(TestCaseExecutor.java:448)
	at com.kms.katalon.core.main.TestCaseExecutor.doExecute(TestCaseExecutor.java:439)
	at com.kms.katalon.core.main.TestCaseExecutor.processExecutionPhase(TestCaseExecutor.java:418)
	at com.kms.katalon.core.main.TestCaseExecutor.accessMainPhase(TestCaseExecutor.java:410)
	at com.kms.katalon.core.main.TestCaseExecutor.execute(TestCaseExecutor.java:285)
	at com.kms.katalon.core.common.CommonExecutor.accessTestCaseMainPhase(CommonExecutor.java:65)
	at com.kms.katalon.core.main.TestSuiteExecutor.accessTestSuiteMainPhase(TestSuiteExecutor.java:151)
	at com.kms.katalon.core.main.TestSuiteExecutor.execute(TestSuiteExecutor.java:106)
	at com.kms.katalon.core.main.TestCaseMain.startTestSuite(TestCaseMain.java:185)
	at com.kms.katalon.core.main.TestCaseMain$startTestSuite$0.call(Unknown Source)
	at TempTestSuite1678383366099.run(TempTestSuite1678383366099.groovy:36)
Caused by: com.kms.katalon.core.webui.exception.WebElementNotFoundException: Web element with id: 'Object Repository/3-OBJECTS UTILIDADES/Alerta/Alerta' located by '
//*[@id="growl_container"]/div/div/div[2]/p' not found
	at com.kms.katalon.core.webui.common.WebUiCommonHelper.findWebElement(WebUiCommonHelper.java:1370)
	at com.kms.katalon.core.webui.keyword.internal.WebUIAbstractKeyword.findWebElement(WebUIAbstractKeyword.groovy:27)
	at com.kms.katalon.core.webui.keyword.internal.WebUIAbstractKeyword.findWebElement(WebUIAbstractKeyword.groovy:26)
	at com.kms.katalon.core.webui.keyword.builtin.GetTextKeyword$_getText_closure1.doCall(GetTextKeyword.groovy:78)
	at com.kms.katalon.core.webui.keyword.builtin.GetTextKeyword$_getText_closure1.call(GetTextKeyword.groovy)
	at com.kms.katalon.core.webui.keyword.internal.WebUIKeywordMain.runKeyword(WebUIKeywordMain.groovy:20)
	... 19 more]]></system-err>
      </testcase>
      <testcase name="Test Cases/1.2-Tareas_Secundarias/A.1-Pruebas_compensaciones/11.1.1-Recálcular_nómina_por_empleado" time="22.378" classname="Test Cases/1.2-Tareas_Secundarias/A.1-Pruebas_compensaciones/11.1.1-Recálcular_nómina_por_empleado" status="PASSED">
         <system-out><![CDATA[2023-03-09 13:37:01 - [TEST_CASE][PASSED] - Test Cases/1.2-Tareas_Secundarias/A.1-Pruebas_compensaciones/11.1.1-Recálcular_nómina_por_empleado: Test Cases/1.2-Tareas_Secundarias/A.1-Pruebas_compensaciones/11.1.1-Recálcular_nómina_por_empleado

2023-03-09 13:37:01 - [TEST_STEP][PASSED] - callTestCase(findTestCase("0.1-Login"), [:], STOP_ON_FAILURE): Call Test Case 'Test Cases/0.1-Login' successfully

2023-03-09 13:37:01 - [TEST_CASE][PASSED] - Test Cases/0.1-Login: Test Cases/0.1-Login

2023-03-09 13:37:01 - [TEST_STEP][PASSED] - openBrowser(""): Browser is opened with url: ''

2023-03-09 13:37:01 - [MESSAGE][WARNING] - A browser is already opened. Closing browser and opening a new one

2023-03-09 13:37:02 - [MESSAGE][INFO] - Starting 'Chrome' driver

2023-03-09 13:37:02 - [MESSAGE][INFO] - Action delay is set to 0 milliseconds

2023-03-09 13:37:03 - [MESSAGE][PASSED] - Browser is opened with url: ''

2023-03-09 13:37:03 - [TEST_STEP][PASSED] - maximizeWindow(): Current window maximized

2023-03-09 13:37:03 - [MESSAGE][PASSED] - Current window maximized

2023-03-09 13:37:03 - [TEST_STEP][PASSED] - i = G_Login: null

2023-03-09 13:37:03 - [TEST_STEP][PASSED] - url = new java.net.URL(i): null

2023-03-09 13:37:03 - [TEST_STEP][PASSED] - println("URL: " + url.toString()): null

2023-03-09 13:37:03 - [TEST_STEP][PASSED] - connection = url.openConnection(): null

2023-03-09 13:37:03 - [TEST_STEP][PASSED] - connection.setRequestMethod("GET"): null

2023-03-09 13:37:03 - [TEST_STEP][PASSED] - connection.setReadTimeout(2 * 1000): null

2023-03-09 13:37:03 - [TEST_STEP][PASSED] - try: null

2023-03-09 13:37:03 - [TEST_STEP][PASSED] - connection.connect(): null

2023-03-09 13:37:03 - [TEST_STEP][PASSED] - flag = connected: null

2023-03-09 13:37:03 - [TEST_STEP][PASSED] - println("Valor_ori: " + flag): null

2023-03-09 13:37:03 - [TEST_STEP][PASSED] - if (flag): null

2023-03-09 13:37:03 - [TEST_STEP][PASSED] - navigateToUrl(i): Navigate to 'http://192.168.2.19:7001/saraweb' successfully

2023-03-09 13:37:05 - [MESSAGE][PASSED] - Navigate to 'http://192.168.2.19:7001/saraweb' successfully

2023-03-09 13:37:05 - [TEST_STEP][PASSED] - a(): null

2023-03-09 13:37:05 - [TEST_STEP][PASSED] - if (waitForElementVisible(findTestObject("3-OBJECTS UTILIDADES/Login/input_USUARIO_loginusuario"), 0)): null

2023-03-09 13:37:05 - [MESSAGE][WARNING] - Timeout '0' is invalid. Using default page load timeout: '37'

2023-03-09 13:37:06 - [MESSAGE][PASSED] - Object 'Object Repository/3-OBJECTS UTILIDADES/Login/input_USUARIO_loginusuario' is visible

2023-03-09 13:37:06 - [TEST_STEP][PASSED] - switchToWindowTitle("SARA"): Switched to window with title: 'SARA'

2023-03-09 13:37:06 - [MESSAGE][PASSED] - Switched to window with title: 'SARA'

2023-03-09 13:37:06 - [TEST_STEP][PASSED] - zoom(): null

2023-03-09 13:37:06 - [TEST_STEP][PASSED] - robot = new java.awt.Robot(): null

2023-03-09 13:37:06 - [TEST_STEP][PASSED] - robot.keyPress(VK_CONTROL): null

2023-03-09 13:37:06 - [TEST_STEP][PASSED] - robot.keyPress(VK_SUBTRACT): null

2023-03-09 13:37:06 - [TEST_STEP][PASSED] - robot.keyRelease(VK_CONTROL): null

2023-03-09 13:37:06 - [TEST_STEP][PASSED] - robot.keyRelease(VK_SUBTRACT): null

2023-03-09 13:37:06 - [TEST_STEP][PASSED] - robot.keyPress(VK_CONTROL): null

2023-03-09 13:37:06 - [TEST_STEP][PASSED] - robot.keyPress(VK_SUBTRACT): null

2023-03-09 13:37:06 - [TEST_STEP][PASSED] - robot.keyRelease(VK_CONTROL): null

2023-03-09 13:37:06 - [TEST_STEP][PASSED] - robot.keyRelease(VK_SUBTRACT): null

2023-03-09 13:37:06 - [TEST_STEP][PASSED] - robot.keyPress(VK_CONTROL): null

2023-03-09 13:37:06 - [TEST_STEP][PASSED] - robot.keyPress(VK_SUBTRACT): null

2023-03-09 13:37:06 - [TEST_STEP][PASSED] - robot.keyRelease(VK_CONTROL): null

2023-03-09 13:37:06 - [TEST_STEP][PASSED] - robot.keyRelease(VK_SUBTRACT): null

2023-03-09 13:37:06 - [TEST_STEP][PASSED] - robot.keyRelease(VK_CONTROL): null

2023-03-09 13:37:06 - [TEST_STEP][PASSED] - robot.keyRelease(VK_SUBTRACT): null

2023-03-09 13:37:06 - [TEST_STEP][PASSED] - setText(findTestObject("3-OBJECTS UTILIDADES/Login/input_USUARIO_loginusuario"), G_Usuario): Text 'weblogic' is set on object 'Object Repository/3-OBJECTS UTILIDADES/Login/input_USUARIO_loginusuario'

2023-03-09 13:37:06 - [MESSAGE][PASSED] - Text 'weblogic' is set on object 'Object Repository/3-OBJECTS UTILIDADES/Login/input_USUARIO_loginusuario'

2023-03-09 13:37:06 - [TEST_STEP][PASSED] - setEncryptedText(findTestObject("3-OBJECTS UTILIDADES/Login/input_CLAVE_loginpassword"), "SlAwMcyRKqrwbnzhAs8HhT6NnI7sEyng"): Text ****** has been set on object 'Object Repository/3-OBJECTS UTILIDADES/Login/input_CLAVE_loginpassword'

2023-03-09 13:37:10 - [MESSAGE][PASSED] - Text ****** has been set on object 'Object Repository/3-OBJECTS UTILIDADES/Login/input_CLAVE_loginpassword'

2023-03-09 13:37:10 - [TEST_STEP][PASSED] - while (waitForElementClickable(findTestObject("3-OBJECTS UTILIDADES/Login/a_Ingresar"), 1)): Web element with id: 'Object Repository/3-OBJECTS UTILIDADES/Login/a_Ingresar' located by '//a[contains(text(),'Ingresar')]' not found

2023-03-09 13:37:12 - [MESSAGE][INFO] - Unable to find the element located by 'By.xpath: //a[contains(text(),'Ingresar')]'. Please recheck the objects properties to make sure the desired element is located. 

2023-03-09 13:37:12 - [MESSAGE][WARNING] - Web element with id: 'Object Repository/3-OBJECTS UTILIDADES/Login/a_Ingresar' located by '//a[contains(text(),'Ingresar')]' not found

2023-03-09 13:37:12 - [MESSAGE][PASSED] - Call Test Case 'Test Cases/0.1-Login' successfully

2023-03-09 13:37:12 - [TEST_STEP][PASSED] - setText(findTestObject("2-OBJECTS TAREAS SECUNDARIAS/Pruebas Compensación/Recálcular_nómina_por_empleado/input_Empresa 1_form_templatej_idt24_input"), "liquidacion nomina"): Text 'liquidacion nomina' is set on object 'Object Repository/2-OBJECTS TAREAS SECUNDARIAS/Pruebas Compensación/Recálcular_nómina_por_empleado/input_Empresa 1_form_templatej_idt24_input'

2023-03-09 13:37:13 - [MESSAGE][PASSED] - Text 'liquidacion nomina' is set on object 'Object Repository/2-OBJECTS TAREAS SECUNDARIAS/Pruebas Compensación/Recálcular_nómina_por_empleado/input_Empresa 1_form_templatej_idt24_input'

2023-03-09 13:37:13 - [TEST_STEP][PASSED] - click(findTestObject("2-OBJECTS TAREAS SECUNDARIAS/Pruebas Compensación/Recálcular_nómina_por_empleado/li_Liquidacion Nomina (com)")): Object: 'Object Repository/2-OBJECTS TAREAS SECUNDARIAS/Pruebas Compensación/Recálcular_nómina_por_empleado/li_Liquidacion Nomina (com)' is clicked on

2023-03-09 13:37:14 - [MESSAGE][PASSED] - Object: 'Object Repository/2-OBJECTS TAREAS SECUNDARIAS/Pruebas Compensación/Recálcular_nómina_por_empleado/li_Liquidacion Nomina (com)' is clicked on

2023-03-09 13:37:14 - [TEST_STEP][PASSED] - click(findTestObject("2-OBJECTS TAREAS SECUNDARIAS/Pruebas Compensación/Recálcular_nómina_por_empleado/a_Periodo Nomina_LiquidacionNominaj_idt68")): Object: 'Object Repository/2-OBJECTS TAREAS SECUNDARIAS/Pruebas Compensación/Recálcular_nómina_por_empleado/a_Periodo Nomina_LiquidacionNominaj_idt68' is clicked on

2023-03-09 13:37:16 - [MESSAGE][PASSED] - Object: 'Object Repository/2-OBJECTS TAREAS SECUNDARIAS/Pruebas Compensación/Recálcular_nómina_por_empleado/a_Periodo Nomina_LiquidacionNominaj_idt68' is clicked on

2023-03-09 13:37:16 - [TEST_STEP][PASSED] - selectOptionByIndex(findTestObject("2-OBJECTS TAREAS SECUNDARIAS/Pruebas Compensación/Recálcular_nómina_por_empleado/select_--  Seleccione  --Periodo CerradoPeriodo en Proceso"), 2): All options with index in [2] are selected on object 'Object Repository/2-OBJECTS TAREAS SECUNDARIAS/Pruebas Compensación/Recálcular_nómina_por_empleado/select_--  Seleccione  --Periodo CerradoPeriodo en Proceso'

2023-03-09 13:37:18 - [MESSAGE][PASSED] - All options with index in [2] are selected on object 'Object Repository/2-OBJECTS TAREAS SECUNDARIAS/Pruebas Compensación/Recálcular_nómina_por_empleado/select_--  Seleccione  --Periodo CerradoPeriodo en Proceso'

2023-03-09 13:37:18 - [TEST_STEP][PASSED] - waitForElementVisible(findTestObject("2-OBJECTS TAREAS SECUNDARIAS/Pruebas Compensación/Recálcular_nómina_por_empleado/span_P. MensualJunio2021"), 1): Object 'Object Repository/2-OBJECTS TAREAS SECUNDARIAS/Pruebas Compensación/Recálcular_nómina_por_empleado/span_P. MensualJunio2021' is visible

2023-03-09 13:37:18 - [MESSAGE][PASSED] - Object 'Object Repository/2-OBJECTS TAREAS SECUNDARIAS/Pruebas Compensación/Recálcular_nómina_por_empleado/span_P. MensualJunio2021' is visible

2023-03-09 13:37:18 - [TEST_STEP][PASSED] - click(findTestObject("2-OBJECTS TAREAS SECUNDARIAS/Pruebas Compensación/Recálcular_nómina_por_empleado/span_P. MensualJunio2021")): Object: 'Object Repository/2-OBJECTS TAREAS SECUNDARIAS/Pruebas Compensación/Recálcular_nómina_por_empleado/span_P. MensualJunio2021' is clicked on

2023-03-09 13:37:19 - [MESSAGE][PASSED] - Object: 'Object Repository/2-OBJECTS TAREAS SECUNDARIAS/Pruebas Compensación/Recálcular_nómina_por_empleado/span_P. MensualJunio2021' is clicked on

2023-03-09 13:37:19 - [TEST_STEP][PASSED] - check(findTestObject("2-OBJECTS TAREAS SECUNDARIAS/Pruebas Compensación/Recálcular_nómina_por_empleado/div_Estado_ui-chkbox-box ui-widget ui-corner-all ui-state-default")): Object 'Object Repository/2-OBJECTS TAREAS SECUNDARIAS/Pruebas Compensación/Recálcular_nómina_por_empleado/div_Estado_ui-chkbox-box ui-widget ui-corner-all ui-state-default' is checked

2023-03-09 13:37:20 - [MESSAGE][PASSED] - Object 'Object Repository/2-OBJECTS TAREAS SECUNDARIAS/Pruebas Compensación/Recálcular_nómina_por_empleado/div_Estado_ui-chkbox-box ui-widget ui-corner-all ui-state-default' is checked

2023-03-09 13:37:20 - [TEST_STEP][PASSED] - click(findTestObject("2-OBJECTS TAREAS SECUNDARIAS/Pruebas Compensación/Recálcular_nómina_por_empleado/a_Reclculo Seleccin")): Object: 'Object Repository/2-OBJECTS TAREAS SECUNDARIAS/Pruebas Compensación/Recálcular_nómina_por_empleado/a_Reclculo Seleccin' is clicked on

2023-03-09 13:37:21 - [MESSAGE][PASSED] - Object: 'Object Repository/2-OBJECTS TAREAS SECUNDARIAS/Pruebas Compensación/Recálcular_nómina_por_empleado/a_Reclculo Seleccin' is clicked on

2023-03-09 13:37:21 - [TEST_STEP][PASSED] - click(findTestObject("2-OBJECTS TAREAS SECUNDARIAS/Pruebas Compensación/Recálcular_nómina_por_empleado/span_Si")): Object: 'Object Repository/2-OBJECTS TAREAS SECUNDARIAS/Pruebas Compensación/Recálcular_nómina_por_empleado/span_Si' is clicked on

2023-03-09 13:37:21 - [MESSAGE][PASSED] - Object: 'Object Repository/2-OBJECTS TAREAS SECUNDARIAS/Pruebas Compensación/Recálcular_nómina_por_empleado/span_Si' is clicked on

2023-03-09 13:37:21 - [TEST_STEP][PASSED] - Result = getText(findTestObject("3-OBJECTS UTILIDADES/Alerta/Alerta")): Text of object 'Object Repository/3-OBJECTS UTILIDADES/Alerta/Alerta' is: 'Recalculo Finalizado'

2023-03-09 13:37:22 - [MESSAGE][PASSED] - Text of object 'Object Repository/3-OBJECTS UTILIDADES/Alerta/Alerta' is: 'Recalculo Finalizado'

2023-03-09 13:37:22 - [TEST_STEP][PASSED] - if (Result == "Recalculo Finalizado"): Browser is closed

2023-03-09 13:37:22 - [TEST_STEP][PASSED] - Resultado = "PRUEBA OK": null

2023-03-09 13:37:22 - [TEST_STEP][PASSED] - closeBrowser(): Browser is closed

2023-03-09 13:37:23 - [MESSAGE][PASSED] - Browser is closed]]></system-out>
         <system-err><![CDATA[]]></system-err>
      </testcase>
      <testcase name="Test Cases/1.2-Tareas_Secundarias/A.1-Pruebas_compensaciones/11.1.2-Terminación_de_Contrato_Definitivo" time="116.413" classname="Test Cases/1.2-Tareas_Secundarias/A.1-Pruebas_compensaciones/11.1.2-Terminación_de_Contrato_Definitivo" status="FAILED">
         <failure type="FAILED" message="Test Cases/1.2-Tareas_Secundarias/A.1-Pruebas_compensaciones/11.1.2-Terminación_de_Contrato_Definitivo FAILED.
Reason:
com.kms.katalon.core.exception.StepFailedException: Unable to get text of object 'Object Repository/2-OBJECTS TAREAS SECUNDARIAS/Pruebas Compensación/Terminación_de_Contrato_Definitivo (2)/td_10247'
	at com.kms.katalon.core.webui.keyword.internal.WebUIKeywordMain.stepFailed(WebUIKeywordMain.groovy:64)
	at com.kms.katalon.core.webui.keyword.internal.WebUIKeywordMain.runKeyword(WebUIKeywordMain.groovy:26)
	at com.kms.katalon.core.webui.keyword.builtin.GetTextKeyword.getText(GetTextKeyword.groovy:88)
	at com.kms.katalon.core.webui.keyword.builtin.GetTextKeyword.execute(GetTextKeyword.groovy:67)
	at com.kms.katalon.core.keyword.internal.KeywordExecutor.executeKeywordForPlatform(KeywordExecutor.groovy:74)
	at com.kms.katalon.core.webui.keyword.WebUiBuiltInKeywords.getText(WebUiBuiltInKeywords.groovy:918)
	at com.kms.katalon.core.webui.keyword.WebUiBuiltInKeywords$getText$2.call(Unknown Source)
	at 11.1.2-Terminación_de_Contrato_Definitivo.run(11.1.2-Terminación_de_Contrato_Definitivo:226)
	at com.kms.katalon.core.main.ScriptEngine.run(ScriptEngine.java:194)
	at com.kms.katalon.core.main.ScriptEngine.runScriptAsRawText(ScriptEngine.java:119)
	at com.kms.katalon.core.main.TestCaseExecutor.runScript(TestCaseExecutor.java:448)
	at com.kms.katalon.core.main.TestCaseExecutor.doExecute(TestCaseExecutor.java:439)
	at com.kms.katalon.core.main.TestCaseExecutor.processExecutionPhase(TestCaseExecutor.java:418)
	at com.kms.katalon.core.main.TestCaseExecutor.accessMainPhase(TestCaseExecutor.java:410)
	at com.kms.katalon.core.main.TestCaseExecutor.execute(TestCaseExecutor.java:285)
	at com.kms.katalon.core.common.CommonExecutor.accessTestCaseMainPhase(CommonExecutor.java:65)
	at com.kms.katalon.core.main.TestSuiteExecutor.accessTestSuiteMainPhase(TestSuiteExecutor.java:151)
	at com.kms.katalon.core.main.TestSuiteExecutor.execute(TestSuiteExecutor.java:106)
	at com.kms.katalon.core.main.TestCaseMain.startTestSuite(TestCaseMain.java:185)
	at com.kms.katalon.core.main.TestCaseMain$startTestSuite$0.call(Unknown Source)
	at TempTestSuite1678383366099.run(TempTestSuite1678383366099.groovy:36)
Caused by: com.kms.katalon.core.webui.exception.WebElementNotFoundException: Web element with id: 'Object Repository/2-OBJECTS TAREAS SECUNDARIAS/Pruebas Compensación/Terminación_de_Contrato_Definitivo (2)/td_10247' located by '//div[2]/table/tbody/tr/td/div/div/table/tbody/tr/td[3]' not found
	at com.kms.katalon.core.webui.common.WebUiCommonHelper.findWebElement(WebUiCommonHelper.java:1370)
	at com.kms.katalon.core.webui.keyword.internal.WebUIAbstractKeyword.findWebElement(WebUIAbstractKeyword.groovy:27)
	at com.kms.katalon.core.webui.keyword.internal.WebUIAbstractKeyword.findWebElement(WebUIAbstractKeyword.groovy:26)
	at com.kms.katalon.core.webui.keyword.builtin.GetTextKeyword$_getText_closure1.doCall(GetTextKeyword.groovy:78)
	at com.kms.katalon.core.webui.keyword.builtin.GetTextKeyword$_getText_closure1.call(GetTextKeyword.groovy)
	at com.kms.katalon.core.webui.keyword.internal.WebUIKeywordMain.runKeyword(WebUIKeywordMain.groovy:20)
	... 19 more
"/>
         <system-out><![CDATA[2023-03-09 13:37:23 - [TEST_CASE][FAILED] - Test Cases/1.2-Tareas_Secundarias/A.1-Pruebas_compensaciones/11.1.2-Terminación_de_Contrato_Definitivo: Test Cases/1.2-Tareas_Secundarias/A.1-Pruebas_compensaciones/11.1.2-Terminación_de_Contrato_Definitivo FAILED.
Reason:
com.kms.katalon.core.exception.StepFailedException: Unable to get text of object 'Object Repository/2-OBJECTS TAREAS SECUNDARIAS/Pruebas Compensación/Terminación_de_Contrato_Definitivo (2)/td_10247'
	at com.kms.katalon.core.webui.keyword.internal.WebUIKeywordMain.stepFailed(WebUIKeywordMain.groovy:64)
	at com.kms.katalon.core.webui.keyword.internal.WebUIKeywordMain.runKeyword(WebUIKeywordMain.groovy:26)
	at com.kms.katalon.core.webui.keyword.builtin.GetTextKeyword.getText(GetTextKeyword.groovy:88)
	at com.kms.katalon.core.webui.keyword.builtin.GetTextKeyword.execute(GetTextKeyword.groovy:67)
	at com.kms.katalon.core.keyword.internal.KeywordExecutor.executeKeywordForPlatform(KeywordExecutor.groovy:74)
	at com.kms.katalon.core.webui.keyword.WebUiBuiltInKeywords.getText(WebUiBuiltInKeywords.groovy:918)
	at com.kms.katalon.core.webui.keyword.WebUiBuiltInKeywords$getText$2.call(Unknown Source)
	at 11.1.2-Terminación_de_Contrato_Definitivo.run(11.1.2-Terminación_de_Contrato_Definitivo:226)
	at com.kms.katalon.core.main.ScriptEngine.run(ScriptEngine.java:194)
	at com.kms.katalon.core.main.ScriptEngine.runScriptAsRawText(ScriptEngine.java:119)
	at com.kms.katalon.core.main.TestCaseExecutor.runScript(TestCaseExecutor.java:448)
	at com.kms.katalon.core.main.TestCaseExecutor.doExecute(TestCaseExecutor.java:439)
	at com.kms.katalon.core.main.TestCaseExecutor.processExecutionPhase(TestCaseExecutor.java:418)
	at com.kms.katalon.core.main.TestCaseExecutor.accessMainPhase(TestCaseExecutor.java:410)
	at com.kms.katalon.core.main.TestCaseExecutor.execute(TestCaseExecutor.java:285)
	at com.kms.katalon.core.common.CommonExecutor.accessTestCaseMainPhase(CommonExecutor.java:65)
	at com.kms.katalon.core.main.TestSuiteExecutor.accessTestSuiteMainPhase(TestSuiteExecutor.java:151)
	at com.kms.katalon.core.main.TestSuiteExecutor.execute(TestSuiteExecutor.java:106)
	at com.kms.katalon.core.main.TestCaseMain.startTestSuite(TestCaseMain.java:185)
	at com.kms.katalon.core.main.TestCaseMain$startTestSuite$0.call(Unknown Source)
	at TempTestSuite1678383366099.run(TempTestSuite1678383366099.groovy:36)
Caused by: com.kms.katalon.core.webui.exception.WebElementNotFoundException: Web element with id: 'Object Repository/2-OBJECTS TAREAS SECUNDARIAS/Pruebas Compensación/Terminación_de_Contrato_Definitivo (2)/td_10247' located by '//div[2]/table/tbody/tr/td/div/div/table/tbody/tr/td[3]' not found
	at com.kms.katalon.core.webui.common.WebUiCommonHelper.findWebElement(WebUiCommonHelper.java:1370)
	at com.kms.katalon.core.webui.keyword.internal.WebUIAbstractKeyword.findWebElement(WebUIAbstractKeyword.groovy:27)
	at com.kms.katalon.core.webui.keyword.internal.WebUIAbstractKeyword.findWebElement(WebUIAbstractKeyword.groovy:26)
	at com.kms.katalon.core.webui.keyword.builtin.GetTextKeyword$_getText_closure1.doCall(GetTextKeyword.groovy:78)
	at com.kms.katalon.core.webui.keyword.builtin.GetTextKeyword$_getText_closure1.call(GetTextKeyword.groovy)
	at com.kms.katalon.core.webui.keyword.internal.WebUIKeywordMain.runKeyword(WebUIKeywordMain.groovy:20)
	... 19 more


2023-03-09 13:37:24 - [TEST_STEP][PASSED] - random_double = Math.random() * 9999 + 999: null

2023-03-09 13:37:24 - [TEST_STEP][PASSED] - random_double = Math.round(random_double * 1000): null

2023-03-09 13:37:24 - [TEST_STEP][PASSED] - identificacion = toString().replace(".0", ""): null

2023-03-09 13:37:24 - [TEST_STEP][PASSED] - callTestCase(findTestCase("0.1-Login"), [:], STOP_ON_FAILURE): Call Test Case 'Test Cases/0.1-Login' successfully

2023-03-09 13:37:24 - [TEST_CASE][PASSED] - Test Cases/0.1-Login: Test Cases/0.1-Login

2023-03-09 13:37:24 - [TEST_STEP][PASSED] - openBrowser(""): Browser is opened with url: ''

2023-03-09 13:37:24 - [MESSAGE][INFO] - Starting 'Chrome' driver

2023-03-09 13:37:24 - [MESSAGE][INFO] - Action delay is set to 0 milliseconds

2023-03-09 13:37:25 - [MESSAGE][PASSED] - Browser is opened with url: ''

2023-03-09 13:37:25 - [TEST_STEP][PASSED] - maximizeWindow(): Current window maximized

2023-03-09 13:37:25 - [MESSAGE][PASSED] - Current window maximized

2023-03-09 13:37:25 - [TEST_STEP][PASSED] - i = G_Login: null

2023-03-09 13:37:25 - [TEST_STEP][PASSED] - url = new java.net.URL(i): null

2023-03-09 13:37:25 - [TEST_STEP][PASSED] - println("URL: " + url.toString()): null

2023-03-09 13:37:25 - [TEST_STEP][PASSED] - connection = url.openConnection(): null

2023-03-09 13:37:25 - [TEST_STEP][PASSED] - connection.setRequestMethod("GET"): null

2023-03-09 13:37:25 - [TEST_STEP][PASSED] - connection.setReadTimeout(2 * 1000): null

2023-03-09 13:37:25 - [TEST_STEP][PASSED] - try: null

2023-03-09 13:37:25 - [TEST_STEP][PASSED] - connection.connect(): null

2023-03-09 13:37:25 - [TEST_STEP][PASSED] - flag = connected: null

2023-03-09 13:37:25 - [TEST_STEP][PASSED] - println("Valor_ori: " + flag): null

2023-03-09 13:37:25 - [TEST_STEP][PASSED] - if (flag): null

2023-03-09 13:37:25 - [TEST_STEP][PASSED] - navigateToUrl(i): Navigate to 'http://192.168.2.19:7001/saraweb' successfully

2023-03-09 13:37:26 - [MESSAGE][PASSED] - Navigate to 'http://192.168.2.19:7001/saraweb' successfully

2023-03-09 13:37:26 - [TEST_STEP][PASSED] - a(): null

2023-03-09 13:37:26 - [TEST_STEP][PASSED] - if (waitForElementVisible(findTestObject("3-OBJECTS UTILIDADES/Login/input_USUARIO_loginusuario"), 0)): null

2023-03-09 13:37:26 - [MESSAGE][WARNING] - Timeout '0' is invalid. Using default page load timeout: '37'

2023-03-09 13:37:27 - [MESSAGE][PASSED] - Object 'Object Repository/3-OBJECTS UTILIDADES/Login/input_USUARIO_loginusuario' is visible

2023-03-09 13:37:27 - [TEST_STEP][PASSED] - switchToWindowTitle("SARA"): Switched to window with title: 'SARA'

2023-03-09 13:37:27 - [MESSAGE][PASSED] - Switched to window with title: 'SARA'

2023-03-09 13:37:27 - [TEST_STEP][PASSED] - zoom(): null

2023-03-09 13:37:27 - [TEST_STEP][PASSED] - robot = new java.awt.Robot(): null

2023-03-09 13:37:27 - [TEST_STEP][PASSED] - robot.keyPress(VK_CONTROL): null

2023-03-09 13:37:27 - [TEST_STEP][PASSED] - robot.keyPress(VK_SUBTRACT): null

2023-03-09 13:37:27 - [TEST_STEP][PASSED] - robot.keyRelease(VK_CONTROL): null

2023-03-09 13:37:27 - [TEST_STEP][PASSED] - robot.keyRelease(VK_SUBTRACT): null

2023-03-09 13:37:27 - [TEST_STEP][PASSED] - robot.keyPress(VK_CONTROL): null

2023-03-09 13:37:27 - [TEST_STEP][PASSED] - robot.keyPress(VK_SUBTRACT): null

2023-03-09 13:37:27 - [TEST_STEP][PASSED] - robot.keyRelease(VK_CONTROL): null

2023-03-09 13:37:27 - [TEST_STEP][PASSED] - robot.keyRelease(VK_SUBTRACT): null

2023-03-09 13:37:27 - [TEST_STEP][PASSED] - robot.keyPress(VK_CONTROL): null

2023-03-09 13:37:27 - [TEST_STEP][PASSED] - robot.keyPress(VK_SUBTRACT): null

2023-03-09 13:37:27 - [TEST_STEP][PASSED] - robot.keyRelease(VK_CONTROL): null

2023-03-09 13:37:27 - [TEST_STEP][PASSED] - robot.keyRelease(VK_SUBTRACT): null

2023-03-09 13:37:27 - [TEST_STEP][PASSED] - robot.keyRelease(VK_CONTROL): null

2023-03-09 13:37:27 - [TEST_STEP][PASSED] - robot.keyRelease(VK_SUBTRACT): null

2023-03-09 13:37:27 - [TEST_STEP][PASSED] - setText(findTestObject("3-OBJECTS UTILIDADES/Login/input_USUARIO_loginusuario"), G_Usuario): Text 'weblogic' is set on object 'Object Repository/3-OBJECTS UTILIDADES/Login/input_USUARIO_loginusuario'

2023-03-09 13:37:28 - [MESSAGE][PASSED] - Text 'weblogic' is set on object 'Object Repository/3-OBJECTS UTILIDADES/Login/input_USUARIO_loginusuario'

2023-03-09 13:37:28 - [TEST_STEP][PASSED] - setEncryptedText(findTestObject("3-OBJECTS UTILIDADES/Login/input_CLAVE_loginpassword"), "SlAwMcyRKqrwbnzhAs8HhT6NnI7sEyng"): Text ****** has been set on object 'Object Repository/3-OBJECTS UTILIDADES/Login/input_CLAVE_loginpassword'

2023-03-09 13:37:31 - [MESSAGE][PASSED] - Text ****** has been set on object 'Object Repository/3-OBJECTS UTILIDADES/Login/input_CLAVE_loginpassword'

2023-03-09 13:37:31 - [TEST_STEP][PASSED] - while (waitForElementClickable(findTestObject("3-OBJECTS UTILIDADES/Login/a_Ingresar"), 1)): Web element with id: 'Object Repository/3-OBJECTS UTILIDADES/Login/a_Ingresar' located by '//a[contains(text(),'Ingresar')]' not found

2023-03-09 13:37:33 - [MESSAGE][INFO] - Unable to find the element located by 'By.xpath: //a[contains(text(),'Ingresar')]'. Please recheck the objects properties to make sure the desired element is located. 

2023-03-09 13:37:33 - [MESSAGE][WARNING] - Web element with id: 'Object Repository/3-OBJECTS UTILIDADES/Login/a_Ingresar' located by '//a[contains(text(),'Ingresar')]' not found

2023-03-09 13:37:33 - [MESSAGE][PASSED] - Call Test Case 'Test Cases/0.1-Login' successfully

2023-03-09 13:37:33 - [TEST_STEP][PASSED] - setText(findTestObject("2-OBJECTS TAREAS SECUNDARIAS/Pruebas Compensación/Terminación_de_Contrato_Definitivo/input_Empresa 1_form_templatej_idt24_input"), "Listado Hojas de Vida"): Text 'Listado Hojas de Vida' is set on object 'Object Repository/2-OBJECTS TAREAS SECUNDARIAS/Pruebas Compensación/Terminación_de_Contrato_Definitivo/input_Empresa 1_form_templatej_idt24_input'

2023-03-09 13:37:34 - [MESSAGE][PASSED] - Text 'Listado Hojas de Vida' is set on object 'Object Repository/2-OBJECTS TAREAS SECUNDARIAS/Pruebas Compensación/Terminación_de_Contrato_Definitivo/input_Empresa 1_form_templatej_idt24_input'

2023-03-09 13:37:34 - [TEST_STEP][PASSED] - click(findTestObject("2-OBJECTS TAREAS SECUNDARIAS/Pruebas Compensación/Terminación_de_Contrato_Definitivo/li_Listado Hojas de Vida (hoj)")): Object: 'Object Repository/2-OBJECTS TAREAS SECUNDARIAS/Pruebas Compensación/Terminación_de_Contrato_Definitivo/li_Listado Hojas de Vida (hoj)' is clicked on

2023-03-09 13:37:35 - [MESSAGE][PASSED] - Object: 'Object Repository/2-OBJECTS TAREAS SECUNDARIAS/Pruebas Compensación/Terminación_de_Contrato_Definitivo/li_Listado Hojas de Vida (hoj)' is clicked on

2023-03-09 13:37:35 - [TEST_STEP][PASSED] - click(findTestObject("2-OBJECTS TAREAS SECUNDARIAS/Pruebas Compensación/Terminación_de_Contrato_Definitivo/a_Nueva HojaVida")): Object: 'Object Repository/2-OBJECTS TAREAS SECUNDARIAS/Pruebas Compensación/Terminación_de_Contrato_Definitivo/a_Nueva HojaVida' is clicked on

2023-03-09 13:37:38 - [MESSAGE][PASSED] - Object: 'Object Repository/2-OBJECTS TAREAS SECUNDARIAS/Pruebas Compensación/Terminación_de_Contrato_Definitivo/a_Nueva HojaVida' is clicked on

2023-03-09 13:37:38 - [TEST_STEP][PASSED] - setText(findTestObject("2-OBJECTS TAREAS SECUNDARIAS/Pruebas Compensación/Terminación_de_Contrato_Definitivo/input_Identificacin_nuevahoja_formcedula"), identificacion): Text '4915663' is set on object 'Object Repository/2-OBJECTS TAREAS SECUNDARIAS/Pruebas Compensación/Terminación_de_Contrato_Definitivo/input_Identificacin_nuevahoja_formcedula'

2023-03-09 13:37:39 - [MESSAGE][PASSED] - Text '4915663' is set on object 'Object Repository/2-OBJECTS TAREAS SECUNDARIAS/Pruebas Compensación/Terminación_de_Contrato_Definitivo/input_Identificacin_nuevahoja_formcedula'

2023-03-09 13:37:39 - [TEST_STEP][PASSED] - selectOptionByIndex(findTestObject("2-OBJECTS TAREAS SECUNDARIAS/Pruebas Compensación/Terminación_de_Contrato_Definitivo/select_-- Seleccione --.ASPIRANTEAspirante NPxEspaol Tipo Hoja EmpleadoIngles Tipo Hoja AspirantepruebaTcnico"), 4): All options with index in [4] are selected on object 'Object Repository/2-OBJECTS TAREAS SECUNDARIAS/Pruebas Compensación/Terminación_de_Contrato_Definitivo/select_-- Seleccione --.ASPIRANTEAspirante NPxEspaol Tipo Hoja EmpleadoIngles Tipo Hoja AspirantepruebaTcnico'

2023-03-09 13:37:40 - [MESSAGE][PASSED] - All options with index in [4] are selected on object 'Object Repository/2-OBJECTS TAREAS SECUNDARIAS/Pruebas Compensación/Terminación_de_Contrato_Definitivo/select_-- Seleccione --.ASPIRANTEAspirante NPxEspaol Tipo Hoja EmpleadoIngles Tipo Hoja AspirantepruebaTcnico'

2023-03-09 13:37:40 - [TEST_STEP][PASSED] - click(findTestObject("2-OBJECTS TAREAS SECUNDARIAS/Pruebas Compensación/Terminación_de_Contrato_Definitivo/a_Nueva Solicitud")): Object: 'Object Repository/2-OBJECTS TAREAS SECUNDARIAS/Pruebas Compensación/Terminación_de_Contrato_Definitivo/a_Nueva Solicitud' is clicked on

2023-03-09 13:37:40 - [MESSAGE][PASSED] - Object: 'Object Repository/2-OBJECTS TAREAS SECUNDARIAS/Pruebas Compensación/Terminación_de_Contrato_Definitivo/a_Nueva Solicitud' is clicked on

2023-03-09 13:37:40 - [TEST_STEP][PASSED] - setText(findTestObject("2-OBJECTS TAREAS SECUNDARIAS/Pruebas Compensación/Terminación_de_Contrato_Definitivo/input__hojaVidaseccionj_idt2140idTexto"), identificacion): Text '4915663' is set on object 'Object Repository/2-OBJECTS TAREAS SECUNDARIAS/Pruebas Compensación/Terminación_de_Contrato_Definitivo/input__hojaVidaseccionj_idt2140idTexto'

2023-03-09 13:37:42 - [MESSAGE][PASSED] - Text '4915663' is set on object 'Object Repository/2-OBJECTS TAREAS SECUNDARIAS/Pruebas Compensación/Terminación_de_Contrato_Definitivo/input__hojaVidaseccionj_idt2140idTexto'

2023-03-09 13:37:42 - [TEST_STEP][PASSED] - setText(findTestObject("2-OBJECTS TAREAS SECUNDARIAS/Pruebas Compensación/Terminación_de_Contrato_Definitivo/input__hojaVidaseccionj_idt2141idTexto"), "Francis " + identificacion): Text 'Francis 4915663' is set on object 'Object Repository/2-OBJECTS TAREAS SECUNDARIAS/Pruebas Compensación/Terminación_de_Contrato_Definitivo/input__hojaVidaseccionj_idt2141idTexto'

2023-03-09 13:37:43 - [MESSAGE][PASSED] - Text 'Francis 4915663' is set on object 'Object Repository/2-OBJECTS TAREAS SECUNDARIAS/Pruebas Compensación/Terminación_de_Contrato_Definitivo/input__hojaVidaseccionj_idt2141idTexto'

2023-03-09 13:37:43 - [TEST_STEP][PASSED] - setText(findTestObject("2-OBJECTS TAREAS SECUNDARIAS/Pruebas Compensación/Terminación_de_Contrato_Definitivo/input__hojaVidaseccionj_idt2142idTexto"), "Chandler"): Text 'Chandler' is set on object 'Object Repository/2-OBJECTS TAREAS SECUNDARIAS/Pruebas Compensación/Terminación_de_Contrato_Definitivo/input__hojaVidaseccionj_idt2142idTexto'

2023-03-09 13:37:43 - [MESSAGE][PASSED] - Text 'Chandler' is set on object 'Object Repository/2-OBJECTS TAREAS SECUNDARIAS/Pruebas Compensación/Terminación_de_Contrato_Definitivo/input__hojaVidaseccionj_idt2142idTexto'

2023-03-09 13:37:43 - [TEST_STEP][PASSED] - setText(findTestObject("2-OBJECTS TAREAS SECUNDARIAS/Pruebas Compensación/Terminación_de_Contrato_Definitivo/input__hojaVidaseccionj_idt2143fecha_input"), "08/10/1990"): Text '08/10/1990' is set on object 'Object Repository/2-OBJECTS TAREAS SECUNDARIAS/Pruebas Compensación/Terminación_de_Contrato_Definitivo/input__hojaVidaseccionj_idt2143fecha_input'

2023-03-09 13:37:44 - [MESSAGE][PASSED] - Text '08/10/1990' is set on object 'Object Repository/2-OBJECTS TAREAS SECUNDARIAS/Pruebas Compensación/Terminación_de_Contrato_Definitivo/input__hojaVidaseccionj_idt2143fecha_input'

2023-03-09 13:37:44 - [TEST_STEP][PASSED] - click(findTestObject("2-OBJECTS TAREAS SECUNDARIAS/Pruebas Compensación/Terminación_de_Contrato_Definitivo/a__hojaVidaseccionj_idt2144j_idt254")): Object: 'Object Repository/2-OBJECTS TAREAS SECUNDARIAS/Pruebas Compensación/Terminación_de_Contrato_Definitivo/a__hojaVidaseccionj_idt2144j_idt254' is clicked on

2023-03-09 13:37:45 - [MESSAGE][PASSED] - Object: 'Object Repository/2-OBJECTS TAREAS SECUNDARIAS/Pruebas Compensación/Terminación_de_Contrato_Definitivo/a__hojaVidaseccionj_idt2144j_idt254' is clicked on

2023-03-09 13:37:45 - [TEST_STEP][PASSED] - click(findTestObject("2-OBJECTS TAREAS SECUNDARIAS/Pruebas Compensación/Terminación_de_Contrato_Definitivo (2)/span_CEDULA CIUDADANIA")): Object: 'Object Repository/2-OBJECTS TAREAS SECUNDARIAS/Pruebas Compensación/Terminación_de_Contrato_Definitivo (2)/span_CEDULA CIUDADANIA' is clicked on

2023-03-09 13:37:45 - [MESSAGE][PASSED] - Object: 'Object Repository/2-OBJECTS TAREAS SECUNDARIAS/Pruebas Compensación/Terminación_de_Contrato_Definitivo (2)/span_CEDULA CIUDADANIA' is clicked on

2023-03-09 13:37:45 - [TEST_STEP][PASSED] - setText(findTestObject("2-OBJECTS TAREAS SECUNDARIAS/Pruebas Compensación/Terminación_de_Contrato_Definitivo/input_Fecha Expedicin_hojaVidaseccionj_idt2146fecha_input"), "08/10/2008"): Text '08/10/2008' is set on object 'Object Repository/2-OBJECTS TAREAS SECUNDARIAS/Pruebas Compensación/Terminación_de_Contrato_Definitivo/input_Fecha Expedicin_hojaVidaseccionj_idt2146fecha_input'

2023-03-09 13:37:47 - [MESSAGE][PASSED] - Text '08/10/2008' is set on object 'Object Repository/2-OBJECTS TAREAS SECUNDARIAS/Pruebas Compensación/Terminación_de_Contrato_Definitivo/input_Fecha Expedicin_hojaVidaseccionj_idt2146fecha_input'

2023-03-09 13:37:47 - [TEST_STEP][PASSED] - selectOptionByLabel(findTestObject("2-OBJECTS TAREAS SECUNDARIAS/Pruebas Compensación/Terminación_de_Contrato_Definitivo (1)/select_--Seleccione---- Seleccione--000000ABEJORRA"), "BOGOTÁ", false): All options with label 'BOGOTÁ' are selected in object 'Object Repository/2-OBJECTS TAREAS SECUNDARIAS/Pruebas Compensación/Terminación_de_Contrato_Definitivo (1)/select_--Seleccione---- Seleccione--000000ABEJORRA' 

2023-03-09 13:37:47 - [MESSAGE][PASSED] - All options with label 'BOGOTÁ' are selected in object 'Object Repository/2-OBJECTS TAREAS SECUNDARIAS/Pruebas Compensación/Terminación_de_Contrato_Definitivo (1)/select_--Seleccione---- Seleccione--000000ABEJORRA' 

2023-03-09 13:37:47 - [TEST_STEP][PASSED] - setText(findTestObject("2-OBJECTS TAREAS SECUNDARIAS/Pruebas Compensación/Terminación_de_Contrato_Definitivo/input__hojaVidaseccionj_idt2148idTexto"), "624564654684"): Text '624564654684' is set on object 'Object Repository/2-OBJECTS TAREAS SECUNDARIAS/Pruebas Compensación/Terminación_de_Contrato_Definitivo/input__hojaVidaseccionj_idt2148idTexto'

2023-03-09 13:37:48 - [MESSAGE][PASSED] - Text '624564654684' is set on object 'Object Repository/2-OBJECTS TAREAS SECUNDARIAS/Pruebas Compensación/Terminación_de_Contrato_Definitivo/input__hojaVidaseccionj_idt2148idTexto'

2023-03-09 13:37:48 - [TEST_STEP][PASSED] - setText(findTestObject("2-OBJECTS TAREAS SECUNDARIAS/Pruebas Compensación/Terminación_de_Contrato_Definitivo/input__hojaVidaseccionj_idt2149idTexto"), "noodle@gmail.com"): Text 'noodle@gmail.com' is set on object 'Object Repository/2-OBJECTS TAREAS SECUNDARIAS/Pruebas Compensación/Terminación_de_Contrato_Definitivo/input__hojaVidaseccionj_idt2149idTexto'

2023-03-09 13:37:49 - [MESSAGE][PASSED] - Text 'noodle@gmail.com' is set on object 'Object Repository/2-OBJECTS TAREAS SECUNDARIAS/Pruebas Compensación/Terminación_de_Contrato_Definitivo/input__hojaVidaseccionj_idt2149idTexto'

2023-03-09 13:37:49 - [TEST_STEP][PASSED] - selectOptionByIndex(findTestObject("2-OBJECTS TAREAS SECUNDARIAS/Pruebas Compensación/Terminación_de_Contrato_Definitivo (1)/select_--Seleccione--AA-ABAB-BB-OO-"), 8): All options with index in [8] are selected on object 'Object Repository/2-OBJECTS TAREAS SECUNDARIAS/Pruebas Compensación/Terminación_de_Contrato_Definitivo (1)/select_--Seleccione--AA-ABAB-BB-OO-'

2023-03-09 13:37:50 - [MESSAGE][PASSED] - All options with index in [8] are selected on object 'Object Repository/2-OBJECTS TAREAS SECUNDARIAS/Pruebas Compensación/Terminación_de_Contrato_Definitivo (1)/select_--Seleccione--AA-ABAB-BB-OO-'

2023-03-09 13:37:50 - [TEST_STEP][PASSED] - click(findTestObject("2-OBJECTS TAREAS SECUNDARIAS/Pruebas Compensación/Terminación_de_Contrato_Definitivo (2)/a__hojaVidaseccionj_idt21411j_idt254")): Object: 'Object Repository/2-OBJECTS TAREAS SECUNDARIAS/Pruebas Compensación/Terminación_de_Contrato_Definitivo (2)/a__hojaVidaseccionj_idt21411j_idt254' is clicked on

2023-03-09 13:37:51 - [MESSAGE][PASSED] - Object: 'Object Repository/2-OBJECTS TAREAS SECUNDARIAS/Pruebas Compensación/Terminación_de_Contrato_Definitivo (2)/a__hojaVidaseccionj_idt21411j_idt254' is clicked on

2023-03-09 13:37:51 - [TEST_STEP][PASSED] - setText(findTestObject("2-OBJECTS TAREAS SECUNDARIAS/Pruebas Compensación/Terminación_de_Contrato_Definitivo (2)/input_Ubicacin Geogrfica_formPopUpUbicacionj_idt893"), "BOGOTÁ"): Text 'BOGOTÁ' is set on object 'Object Repository/2-OBJECTS TAREAS SECUNDARIAS/Pruebas Compensación/Terminación_de_Contrato_Definitivo (2)/input_Ubicacin Geogrfica_formPopUpUbicacionj_idt893'

2023-03-09 13:37:52 - [MESSAGE][PASSED] - Text 'BOGOTÁ' is set on object 'Object Repository/2-OBJECTS TAREAS SECUNDARIAS/Pruebas Compensación/Terminación_de_Contrato_Definitivo (2)/input_Ubicacin Geogrfica_formPopUpUbicacionj_idt893'

2023-03-09 13:37:52 - [TEST_STEP][PASSED] - sendKeys(findTestObject("2-OBJECTS TAREAS SECUNDARIAS/Pruebas Compensación/Terminación_de_Contrato_Definitivo (2)/input_Ubicacin Geogrfica_formPopUpUbicacionj_idt893"), Keys.chord(ENTER)): Keys 'ENTER + ' sent to object: 'Object Repository/2-OBJECTS TAREAS SECUNDARIAS/Pruebas Compensación/Terminación_de_Contrato_Definitivo (2)/input_Ubicacin Geogrfica_formPopUpUbicacionj_idt893'

2023-03-09 13:37:52 - [MESSAGE][PASSED] - Keys 'ENTER + ' sent to object: 'Object Repository/2-OBJECTS TAREAS SECUNDARIAS/Pruebas Compensación/Terminación_de_Contrato_Definitivo (2)/input_Ubicacin Geogrfica_formPopUpUbicacionj_idt893'

2023-03-09 13:37:52 - [TEST_STEP][PASSED] - click(findTestObject("2-OBJECTS TAREAS SECUNDARIAS/Pruebas Compensación/Terminación_de_Contrato_Definitivo (2)/td_11001     BOGOT")): Object: 'Object Repository/2-OBJECTS TAREAS SECUNDARIAS/Pruebas Compensación/Terminación_de_Contrato_Definitivo (2)/td_11001     BOGOT' is clicked on

2023-03-09 13:37:53 - [MESSAGE][PASSED] - Object: 'Object Repository/2-OBJECTS TAREAS SECUNDARIAS/Pruebas Compensación/Terminación_de_Contrato_Definitivo (2)/td_11001     BOGOT' is clicked on

2023-03-09 13:37:53 - [TEST_STEP][PASSED] - click(findTestObject("2-OBJECTS TAREAS SECUNDARIAS/Pruebas Compensación/Terminación_de_Contrato_Definitivo (2)/a__hojaVidaseccionj_idt21412j_idt254")): Object: 'Object Repository/2-OBJECTS TAREAS SECUNDARIAS/Pruebas Compensación/Terminación_de_Contrato_Definitivo (2)/a__hojaVidaseccionj_idt21412j_idt254' is clicked on

2023-03-09 13:37:53 - [MESSAGE][PASSED] - Object: 'Object Repository/2-OBJECTS TAREAS SECUNDARIAS/Pruebas Compensación/Terminación_de_Contrato_Definitivo (2)/a__hojaVidaseccionj_idt21412j_idt254' is clicked on

2023-03-09 13:37:53 - [TEST_STEP][PASSED] - setText(findTestObject("2-OBJECTS TAREAS SECUNDARIAS/Pruebas Compensación/Terminación_de_Contrato_Definitivo (2)/input_Nacionalidad_j_idt902j_idt907"), "COLOMBIANA"): Text 'COLOMBIANA' is set on object 'Object Repository/2-OBJECTS TAREAS SECUNDARIAS/Pruebas Compensación/Terminación_de_Contrato_Definitivo (2)/input_Nacionalidad_j_idt902j_idt907'

2023-03-09 13:37:54 - [MESSAGE][PASSED] - Text 'COLOMBIANA' is set on object 'Object Repository/2-OBJECTS TAREAS SECUNDARIAS/Pruebas Compensación/Terminación_de_Contrato_Definitivo (2)/input_Nacionalidad_j_idt902j_idt907'

2023-03-09 13:37:54 - [TEST_STEP][PASSED] - sendKeys(findTestObject("2-OBJECTS TAREAS SECUNDARIAS/Pruebas Compensación/Terminación_de_Contrato_Definitivo (2)/input_Nacionalidad_j_idt902j_idt907"), Keys.chord(ENTER)): Keys 'ENTER + ' sent to object: 'Object Repository/2-OBJECTS TAREAS SECUNDARIAS/Pruebas Compensación/Terminación_de_Contrato_Definitivo (2)/input_Nacionalidad_j_idt902j_idt907'

2023-03-09 13:37:57 - [MESSAGE][PASSED] - Keys 'ENTER + ' sent to object: 'Object Repository/2-OBJECTS TAREAS SECUNDARIAS/Pruebas Compensación/Terminación_de_Contrato_Definitivo (2)/input_Nacionalidad_j_idt902j_idt907'

2023-03-09 13:37:57 - [TEST_STEP][PASSED] - click(findTestObject("2-OBJECTS TAREAS SECUNDARIAS/Pruebas Compensación/Terminación_de_Contrato_Definitivo (2)/span_Colombiana")): Object: 'Object Repository/2-OBJECTS TAREAS SECUNDARIAS/Pruebas Compensación/Terminación_de_Contrato_Definitivo (2)/span_Colombiana' is clicked on

2023-03-09 13:37:57 - [MESSAGE][PASSED] - Object: 'Object Repository/2-OBJECTS TAREAS SECUNDARIAS/Pruebas Compensación/Terminación_de_Contrato_Definitivo (2)/span_Colombiana' is clicked on

2023-03-09 13:37:57 - [TEST_STEP][PASSED] - click(findTestObject("2-OBJECTS TAREAS SECUNDARIAS/Pruebas Compensación/Terminación_de_Contrato_Definitivo/a_Continuar")): Object: 'Object Repository/2-OBJECTS TAREAS SECUNDARIAS/Pruebas Compensación/Terminación_de_Contrato_Definitivo/a_Continuar' is clicked on

2023-03-09 13:37:58 - [MESSAGE][PASSED] - Object: 'Object Repository/2-OBJECTS TAREAS SECUNDARIAS/Pruebas Compensación/Terminación_de_Contrato_Definitivo/a_Continuar' is clicked on

2023-03-09 13:37:58 - [TEST_STEP][PASSED] - click(findTestObject("2-OBJECTS TAREAS SECUNDARIAS/Pruebas Compensación/Terminación_de_Contrato_Definitivo/a_Aceptar")): Object: 'Object Repository/2-OBJECTS TAREAS SECUNDARIAS/Pruebas Compensación/Terminación_de_Contrato_Definitivo/a_Aceptar' is clicked on

2023-03-09 13:37:59 - [MESSAGE][PASSED] - Object: 'Object Repository/2-OBJECTS TAREAS SECUNDARIAS/Pruebas Compensación/Terminación_de_Contrato_Definitivo/a_Aceptar' is clicked on

2023-03-09 13:37:59 - [TEST_STEP][PASSED] - Nombre = getText(findTestObject("2-OBJECTS TAREAS SECUNDARIAS/Pruebas Compensación/Terminación_de_Contrato_Definitivo/input__hojaVidaseccionj_idt2140idTexto")): Text of object 'Object Repository/2-OBJECTS TAREAS SECUNDARIAS/Pruebas Compensación/Terminación_de_Contrato_Definitivo/input__hojaVidaseccionj_idt2140idTexto' is: ''

2023-03-09 13:38:00 - [MESSAGE][PASSED] - Text of object 'Object Repository/2-OBJECTS TAREAS SECUNDARIAS/Pruebas Compensación/Terminación_de_Contrato_Definitivo/input__hojaVidaseccionj_idt2140idTexto' is: ''

2023-03-09 13:38:00 - [TEST_STEP][PASSED] - setText(findTestObject("2-OBJECTS TAREAS SECUNDARIAS/Pruebas Compensación/Terminación_de_Contrato_Definitivo/input_Empresa 1_form_templatej_idt24_input"), "Actos administrativos"): Text 'Actos administrativos' is set on object 'Object Repository/2-OBJECTS TAREAS SECUNDARIAS/Pruebas Compensación/Terminación_de_Contrato_Definitivo/input_Empresa 1_form_templatej_idt24_input'

2023-03-09 13:38:00 - [MESSAGE][PASSED] - Text 'Actos administrativos' is set on object 'Object Repository/2-OBJECTS TAREAS SECUNDARIAS/Pruebas Compensación/Terminación_de_Contrato_Definitivo/input_Empresa 1_form_templatej_idt24_input'

2023-03-09 13:38:00 - [TEST_STEP][PASSED] - click(findTestObject("2-OBJECTS TAREAS SECUNDARIAS/Pruebas Compensación/Terminación_de_Contrato_Definitivo/li_Listado Hojas de Vida (hoj)")): Object: 'Object Repository/2-OBJECTS TAREAS SECUNDARIAS/Pruebas Compensación/Terminación_de_Contrato_Definitivo/li_Listado Hojas de Vida (hoj)' is clicked on

2023-03-09 13:38:02 - [MESSAGE][PASSED] - Object: 'Object Repository/2-OBJECTS TAREAS SECUNDARIAS/Pruebas Compensación/Terminación_de_Contrato_Definitivo/li_Listado Hojas de Vida (hoj)' is clicked on

2023-03-09 13:38:02 - [TEST_STEP][PASSED] - click(findTestObject("2-OBJECTS TAREAS SECUNDARIAS/Pruebas Compensación/Terminación_de_Contrato_Definitivo/i_Actos_glyphicons glyphicons-group")): Object: 'Object Repository/2-OBJECTS TAREAS SECUNDARIAS/Pruebas Compensación/Terminación_de_Contrato_Definitivo/i_Actos_glyphicons glyphicons-group' is clicked on

2023-03-09 13:38:04 - [MESSAGE][PASSED] - Object: 'Object Repository/2-OBJECTS TAREAS SECUNDARIAS/Pruebas Compensación/Terminación_de_Contrato_Definitivo/i_Actos_glyphicons glyphicons-group' is clicked on

2023-03-09 13:38:04 - [TEST_STEP][PASSED] - click(findTestObject("2-OBJECTS TAREAS SECUNDARIAS/Pruebas Compensación/Terminación_de_Contrato_Definitivo/a_Regresar")): Object: 'Object Repository/2-OBJECTS TAREAS SECUNDARIAS/Pruebas Compensación/Terminación_de_Contrato_Definitivo/a_Regresar' is clicked on

2023-03-09 13:38:05 - [MESSAGE][PASSED] - Object: 'Object Repository/2-OBJECTS TAREAS SECUNDARIAS/Pruebas Compensación/Terminación_de_Contrato_Definitivo/a_Regresar' is clicked on

2023-03-09 13:38:05 - [TEST_STEP][PASSED] - click(findTestObject("2-OBJECTS TAREAS SECUNDARIAS/Pruebas Compensación/Terminación_de_Contrato_Definitivo/a_Acto cambio del Empleado_form_ActosAdministrativostabla_principal_10j_idt79")): Object: 'Object Repository/2-OBJECTS TAREAS SECUNDARIAS/Pruebas Compensación/Terminación_de_Contrato_Definitivo/a_Acto cambio del Empleado_form_ActosAdministrativostabla_principal_10j_idt79' is clicked on

2023-03-09 13:38:06 - [MESSAGE][PASSED] - Object: 'Object Repository/2-OBJECTS TAREAS SECUNDARIAS/Pruebas Compensación/Terminación_de_Contrato_Definitivo/a_Acto cambio del Empleado_form_ActosAdministrativostabla_principal_10j_idt79' is clicked on

2023-03-09 13:38:06 - [TEST_STEP][PASSED] - click(findTestObject("2-OBJECTS TAREAS SECUNDARIAS/Pruebas Compensación/Terminación_de_Contrato_Definitivo/a_elaborar")): Object: 'Object Repository/2-OBJECTS TAREAS SECUNDARIAS/Pruebas Compensación/Terminación_de_Contrato_Definitivo/a_elaborar' is clicked on

2023-03-09 13:38:06 - [MESSAGE][PASSED] - Object: 'Object Repository/2-OBJECTS TAREAS SECUNDARIAS/Pruebas Compensación/Terminación_de_Contrato_Definitivo/a_elaborar' is clicked on

2023-03-09 13:38:06 - [TEST_STEP][PASSED] - click(findTestObject("2-OBJECTS TAREAS SECUNDARIAS/Pruebas Compensación/Terminación_de_Contrato_Definitivo (2)/span_Nomina")): Object: 'Object Repository/2-OBJECTS TAREAS SECUNDARIAS/Pruebas Compensación/Terminación_de_Contrato_Definitivo (2)/span_Nomina' is clicked on

2023-03-09 13:38:07 - [MESSAGE][PASSED] - Object: 'Object Repository/2-OBJECTS TAREAS SECUNDARIAS/Pruebas Compensación/Terminación_de_Contrato_Definitivo (2)/span_Nomina' is clicked on

2023-03-09 13:38:07 - [TEST_STEP][PASSED] - click(findTestObject("2-OBJECTS TAREAS SECUNDARIAS/Pruebas Compensación/Terminación_de_Contrato_Definitivo (2)/span_ingreso definitivo indefinido salario basico")): Object: 'Object Repository/2-OBJECTS TAREAS SECUNDARIAS/Pruebas Compensación/Terminación_de_Contrato_Definitivo (2)/span_ingreso definitivo indefinido salario basico' is clicked on

2023-03-09 13:38:08 - [MESSAGE][PASSED] - Object: 'Object Repository/2-OBJECTS TAREAS SECUNDARIAS/Pruebas Compensación/Terminación_de_Contrato_Definitivo (2)/span_ingreso definitivo indefinido salario basico' is clicked on

2023-03-09 13:38:08 - [TEST_STEP][PASSED] - click(findTestObject("2-OBJECTS TAREAS SECUNDARIAS/Pruebas Compensación/Terminación_de_Contrato_Definitivo/a_Elaboracin_glyphicons glyphicons-chronicle x2")): Object: 'Object Repository/2-OBJECTS TAREAS SECUNDARIAS/Pruebas Compensación/Terminación_de_Contrato_Definitivo/a_Elaboracin_glyphicons glyphicons-chronicle x2' is clicked on

2023-03-09 13:38:08 - [MESSAGE][PASSED] - Object: 'Object Repository/2-OBJECTS TAREAS SECUNDARIAS/Pruebas Compensación/Terminación_de_Contrato_Definitivo/a_Elaboracin_glyphicons glyphicons-chronicle x2' is clicked on

2023-03-09 13:38:08 - [TEST_STEP][PASSED] - click(findTestObject("2-OBJECTS TAREAS SECUNDARIAS/Pruebas Compensación/Terminación_de_Contrato_Definitivo/a_Identificacin_form_actoIngresoj_idt1250")): Object: 'Object Repository/2-OBJECTS TAREAS SECUNDARIAS/Pruebas Compensación/Terminación_de_Contrato_Definitivo/a_Identificacin_form_actoIngresoj_idt1250' is clicked on

2023-03-09 13:38:09 - [MESSAGE][PASSED] - Object: 'Object Repository/2-OBJECTS TAREAS SECUNDARIAS/Pruebas Compensación/Terminación_de_Contrato_Definitivo/a_Identificacin_form_actoIngresoj_idt1250' is clicked on

2023-03-09 13:38:09 - [TEST_STEP][PASSED] - setText(findTestObject("2-OBJECTS TAREAS SECUNDARIAS/Pruebas Compensación/Terminación_de_Contrato_Definitivo/input_Filtro Hoja de Vida_formPopupHojaVidaj_idt1762"), identificacion): Text '4915663' is set on object 'Object Repository/2-OBJECTS TAREAS SECUNDARIAS/Pruebas Compensación/Terminación_de_Contrato_Definitivo/input_Filtro Hoja de Vida_formPopupHojaVidaj_idt1762'

2023-03-09 13:38:10 - [MESSAGE][PASSED] - Text '4915663' is set on object 'Object Repository/2-OBJECTS TAREAS SECUNDARIAS/Pruebas Compensación/Terminación_de_Contrato_Definitivo/input_Filtro Hoja de Vida_formPopupHojaVidaj_idt1762'

2023-03-09 13:38:10 - [TEST_STEP][PASSED] - sendKeys(findTestObject("2-OBJECTS TAREAS SECUNDARIAS/Pruebas Compensación/Terminación_de_Contrato_Definitivo/input_Filtro Hoja de Vida_formPopupHojaVidaj_idt1762"), Keys.chord(ENTER)): Keys 'ENTER + ' sent to object: 'Object Repository/2-OBJECTS TAREAS SECUNDARIAS/Pruebas Compensación/Terminación_de_Contrato_Definitivo/input_Filtro Hoja de Vida_formPopupHojaVidaj_idt1762'

2023-03-09 13:38:11 - [MESSAGE][PASSED] - Keys 'ENTER + ' sent to object: 'Object Repository/2-OBJECTS TAREAS SECUNDARIAS/Pruebas Compensación/Terminación_de_Contrato_Definitivo/input_Filtro Hoja de Vida_formPopupHojaVidaj_idt1762'

2023-03-09 13:38:11 - [TEST_STEP][PASSED] - click(findTestObject("2-OBJECTS TAREAS SECUNDARIAS/Pruebas Compensación/Terminación_de_Contrato_Definitivo (2)/td_Chandler  Francis 1537948e7")): Object: 'Object Repository/2-OBJECTS TAREAS SECUNDARIAS/Pruebas Compensación/Terminación_de_Contrato_Definitivo (2)/td_Chandler  Francis 1537948e7' is clicked on

2023-03-09 13:38:11 - [MESSAGE][PASSED] - Object: 'Object Repository/2-OBJECTS TAREAS SECUNDARIAS/Pruebas Compensación/Terminación_de_Contrato_Definitivo (2)/td_Chandler  Francis 1537948e7' is clicked on

2023-03-09 13:38:11 - [TEST_STEP][PASSED] - click(findTestObject("2-OBJECTS TAREAS SECUNDARIAS/Pruebas Compensación/Terminación_de_Contrato_Definitivo/a_Continuar")): Object: 'Object Repository/2-OBJECTS TAREAS SECUNDARIAS/Pruebas Compensación/Terminación_de_Contrato_Definitivo/a_Continuar' is clicked on

2023-03-09 13:38:12 - [MESSAGE][PASSED] - Object: 'Object Repository/2-OBJECTS TAREAS SECUNDARIAS/Pruebas Compensación/Terminación_de_Contrato_Definitivo/a_Continuar' is clicked on

2023-03-09 13:38:12 - [TEST_STEP][PASSED] - setText(findTestObject("2-OBJECTS TAREAS SECUNDARIAS/Pruebas Compensación/Terminación_de_Contrato_Definitivo/input__form_actoIngresoj_idt12870fecha_input"), "01/07/2021"): Text '01/07/2021' is set on object 'Object Repository/2-OBJECTS TAREAS SECUNDARIAS/Pruebas Compensación/Terminación_de_Contrato_Definitivo/input__form_actoIngresoj_idt12870fecha_input'

2023-03-09 13:38:13 - [MESSAGE][PASSED] - Text '01/07/2021' is set on object 'Object Repository/2-OBJECTS TAREAS SECUNDARIAS/Pruebas Compensación/Terminación_de_Contrato_Definitivo/input__form_actoIngresoj_idt12870fecha_input'

2023-03-09 13:38:13 - [TEST_STEP][PASSED] - setText(findTestObject("2-OBJECTS TAREAS SECUNDARIAS/Pruebas Compensación/Terminación_de_Contrato_Definitivo/input__form_actoIngresoj_idt12871fecha_input"), "01/07/2021"): Text '01/07/2021' is set on object 'Object Repository/2-OBJECTS TAREAS SECUNDARIAS/Pruebas Compensación/Terminación_de_Contrato_Definitivo/input__form_actoIngresoj_idt12871fecha_input'

2023-03-09 13:38:14 - [MESSAGE][PASSED] - Text '01/07/2021' is set on object 'Object Repository/2-OBJECTS TAREAS SECUNDARIAS/Pruebas Compensación/Terminación_de_Contrato_Definitivo/input__form_actoIngresoj_idt12871fecha_input'

2023-03-09 13:38:14 - [TEST_STEP][PASSED] - selectOptionByIndex(findTestObject("2-OBJECTS TAREAS SECUNDARIAS/Pruebas Compensación/Terminación_de_Contrato_Definitivo (1)/select_10 - Ingreso Puesto Nuevo"), 1): All options with index in [1] are selected on object 'Object Repository/2-OBJECTS TAREAS SECUNDARIAS/Pruebas Compensación/Terminación_de_Contrato_Definitivo (1)/select_10 - Ingreso Puesto Nuevo'

2023-03-09 13:38:15 - [MESSAGE][PASSED] - All options with index in [1] are selected on object 'Object Repository/2-OBJECTS TAREAS SECUNDARIAS/Pruebas Compensación/Terminación_de_Contrato_Definitivo (1)/select_10 - Ingreso Puesto Nuevo'

2023-03-09 13:38:15 - [TEST_STEP][PASSED] - if (waitForElementVisible(findTestObject("2-OBJECTS TAREAS SECUNDARIAS/Pruebas Compensación/Terminación_de_Contrato_Definitivo (1)/select_DIAZ BLANCO GUISELL"), 1)): Web element with id: 'Object Repository/2-OBJECTS TAREAS SECUNDARIAS/Pruebas Compensación/Terminación_de_Contrato_Definitivo (1)/select_DIAZ BLANCO GUISELL' located by '//tr[4]/td[2]/table/tbody/tr/td/table/tbody/tr/td/select' not found

2023-03-09 13:38:18 - [MESSAGE][INFO] - Unable to find the element located by 'By.xpath: //tr[4]/td[2]/table/tbody/tr/td/table/tbody/tr/td/select'. Please recheck the objects properties to make sure the desired element is located. 

2023-03-09 13:38:18 - [MESSAGE][WARNING] - Web element with id: 'Object Repository/2-OBJECTS TAREAS SECUNDARIAS/Pruebas Compensación/Terminación_de_Contrato_Definitivo (1)/select_DIAZ BLANCO GUISELL' located by '//tr[4]/td[2]/table/tbody/tr/td/table/tbody/tr/td/select' not found

2023-03-09 13:38:18 - [TEST_STEP][PASSED] - setText(findTestObject("2-OBJECTS TAREAS SECUNDARIAS/Pruebas Compensación/Terminación_de_Contrato_Definitivo (2)/textarea__form_actoIngresoj_idt12874idTexto5"), "Magister en derecho penal"): Text 'Magister en derecho penal' is set on object 'Object Repository/2-OBJECTS TAREAS SECUNDARIAS/Pruebas Compensación/Terminación_de_Contrato_Definitivo (2)/textarea__form_actoIngresoj_idt12874idTexto5'

2023-03-09 13:38:19 - [MESSAGE][PASSED] - Text 'Magister en derecho penal' is set on object 'Object Repository/2-OBJECTS TAREAS SECUNDARIAS/Pruebas Compensación/Terminación_de_Contrato_Definitivo (2)/textarea__form_actoIngresoj_idt12874idTexto5'

2023-03-09 13:38:19 - [TEST_STEP][PASSED] - selectOptionByIndex(findTestObject("2-OBJECTS TAREAS SECUNDARIAS/Pruebas Compensación/Terminación_de_Contrato_Definitivo (1)/select_-- Seleccione --1. Actualizacin por Ascenso del Escalafn Origina2.Actualizacin por Ascenso"), 2): All options with index in [2] are selected on object 'Object Repository/2-OBJECTS TAREAS SECUNDARIAS/Pruebas Compensación/Terminación_de_Contrato_Definitivo (1)/select_-- Seleccione --1. Actualizacin por Ascenso del Escalafn Origina2.Actualizacin por Ascenso'

2023-03-09 13:38:20 - [MESSAGE][PASSED] - All options with index in [2] are selected on object 'Object Repository/2-OBJECTS TAREAS SECUNDARIAS/Pruebas Compensación/Terminación_de_Contrato_Definitivo (1)/select_-- Seleccione --1. Actualizacin por Ascenso del Escalafn Origina2.Actualizacin por Ascenso'

2023-03-09 13:38:20 - [TEST_STEP][PASSED] - setText(findTestObject("2-OBJECTS TAREAS SECUNDARIAS/Pruebas Compensación/Terminación_de_Contrato_Definitivo/input__form_actoIngresoj_idt12876idTexto"), "AAAAAA"): Text 'AAAAAA' is set on object 'Object Repository/2-OBJECTS TAREAS SECUNDARIAS/Pruebas Compensación/Terminación_de_Contrato_Definitivo/input__form_actoIngresoj_idt12876idTexto'

2023-03-09 13:38:21 - [MESSAGE][PASSED] - Text 'AAAAAA' is set on object 'Object Repository/2-OBJECTS TAREAS SECUNDARIAS/Pruebas Compensación/Terminación_de_Contrato_Definitivo/input__form_actoIngresoj_idt12876idTexto'

2023-03-09 13:38:21 - [TEST_STEP][PASSED] - click(findTestObject("2-OBJECTS TAREAS SECUNDARIAS/Pruebas Compensación/Terminación_de_Contrato_Definitivo/a__form_actoIngresoj_idt12877j_idt1327")): Object: 'Object Repository/2-OBJECTS TAREAS SECUNDARIAS/Pruebas Compensación/Terminación_de_Contrato_Definitivo/a__form_actoIngresoj_idt12877j_idt1327' is clicked on

2023-03-09 13:38:21 - [MESSAGE][PASSED] - Object: 'Object Repository/2-OBJECTS TAREAS SECUNDARIAS/Pruebas Compensación/Terminación_de_Contrato_Definitivo/a__form_actoIngresoj_idt12877j_idt1327' is clicked on

2023-03-09 13:38:21 - [TEST_STEP][PASSED] - setText(findTestObject("2-OBJECTS TAREAS SECUNDARIAS/Pruebas Compensación/Terminación_de_Contrato_Definitivo/input_Unidad_form_popupUnidadUsuarioj_idt1777"), "1"): Text '1' is set on object 'Object Repository/2-OBJECTS TAREAS SECUNDARIAS/Pruebas Compensación/Terminación_de_Contrato_Definitivo/input_Unidad_form_popupUnidadUsuarioj_idt1777'

2023-03-09 13:38:22 - [MESSAGE][PASSED] - Text '1' is set on object 'Object Repository/2-OBJECTS TAREAS SECUNDARIAS/Pruebas Compensación/Terminación_de_Contrato_Definitivo/input_Unidad_form_popupUnidadUsuarioj_idt1777'

2023-03-09 13:38:22 - [TEST_STEP][PASSED] - sendKeys(findTestObject("2-OBJECTS TAREAS SECUNDARIAS/Pruebas Compensación/Terminación_de_Contrato_Definitivo/input_Unidad_form_popupUnidadUsuarioj_idt1777"), Keys.chord(ENTER)): Keys 'ENTER + ' sent to object: 'Object Repository/2-OBJECTS TAREAS SECUNDARIAS/Pruebas Compensación/Terminación_de_Contrato_Definitivo/input_Unidad_form_popupUnidadUsuarioj_idt1777'

2023-03-09 13:38:23 - [MESSAGE][PASSED] - Keys 'ENTER + ' sent to object: 'Object Repository/2-OBJECTS TAREAS SECUNDARIAS/Pruebas Compensación/Terminación_de_Contrato_Definitivo/input_Unidad_form_popupUnidadUsuarioj_idt1777'

2023-03-09 13:38:23 - [TEST_STEP][PASSED] - click(findTestObject("2-OBJECTS TAREAS SECUNDARIAS/Pruebas Compensación/Terminación_de_Contrato_Definitivo (2)/span_ADMINISTRACION")): Object: 'Object Repository/2-OBJECTS TAREAS SECUNDARIAS/Pruebas Compensación/Terminación_de_Contrato_Definitivo (2)/span_ADMINISTRACION' is clicked on

2023-03-09 13:38:23 - [MESSAGE][PASSED] - Object: 'Object Repository/2-OBJECTS TAREAS SECUNDARIAS/Pruebas Compensación/Terminación_de_Contrato_Definitivo (2)/span_ADMINISTRACION' is clicked on

2023-03-09 13:38:23 - [TEST_STEP][PASSED] - click(findTestObject("2-OBJECTS TAREAS SECUNDARIAS/Pruebas Compensación/Terminación_de_Contrato_Definitivo/a__form_actoIngresoj_idt12878j_idt1327")): Object: 'Object Repository/2-OBJECTS TAREAS SECUNDARIAS/Pruebas Compensación/Terminación_de_Contrato_Definitivo/a__form_actoIngresoj_idt12878j_idt1327' is clicked on

2023-03-09 13:38:24 - [MESSAGE][PASSED] - Object: 'Object Repository/2-OBJECTS TAREAS SECUNDARIAS/Pruebas Compensación/Terminación_de_Contrato_Definitivo/a__form_actoIngresoj_idt12878j_idt1327' is clicked on

2023-03-09 13:38:24 - [TEST_STEP][PASSED] - click(findTestObject("2-OBJECTS TAREAS SECUNDARIAS/Pruebas Compensación/Terminación_de_Contrato_Definitivo (2)/span_APRENDIZ SENA PRODUCTIVA")): Object: 'Object Repository/2-OBJECTS TAREAS SECUNDARIAS/Pruebas Compensación/Terminación_de_Contrato_Definitivo (2)/span_APRENDIZ SENA PRODUCTIVA' is clicked on

2023-03-09 13:38:25 - [MESSAGE][PASSED] - Object: 'Object Repository/2-OBJECTS TAREAS SECUNDARIAS/Pruebas Compensación/Terminación_de_Contrato_Definitivo (2)/span_APRENDIZ SENA PRODUCTIVA' is clicked on

2023-03-09 13:38:25 - [TEST_STEP][PASSED] - setText(findTestObject("2-OBJECTS TAREAS SECUNDARIAS/Pruebas Compensación/Terminación_de_Contrato_Definitivo/input_VALOR4_form_actoIngresoj_idt12879idNumero1"), "3"): Text '3' is set on object 'Object Repository/2-OBJECTS TAREAS SECUNDARIAS/Pruebas Compensación/Terminación_de_Contrato_Definitivo/input_VALOR4_form_actoIngresoj_idt12879idNumero1'

2023-03-09 13:38:26 - [MESSAGE][PASSED] - Text '3' is set on object 'Object Repository/2-OBJECTS TAREAS SECUNDARIAS/Pruebas Compensación/Terminación_de_Contrato_Definitivo/input_VALOR4_form_actoIngresoj_idt12879idNumero1'

2023-03-09 13:38:26 - [TEST_STEP][PASSED] - click(findTestObject("2-OBJECTS TAREAS SECUNDARIAS/Pruebas Compensación/Terminación_de_Contrato_Definitivo (2)/td_ENTIDAD DE SALUD")): Object: 'Object Repository/2-OBJECTS TAREAS SECUNDARIAS/Pruebas Compensación/Terminación_de_Contrato_Definitivo (2)/td_ENTIDAD DE SALUD' is clicked on

2023-03-09 13:38:26 - [MESSAGE][PASSED] - Object: 'Object Repository/2-OBJECTS TAREAS SECUNDARIAS/Pruebas Compensación/Terminación_de_Contrato_Definitivo (2)/td_ENTIDAD DE SALUD' is clicked on

2023-03-09 13:38:26 - [TEST_STEP][PASSED] - click(findTestObject("2-OBJECTS TAREAS SECUNDARIAS/Pruebas Compensación/Terminación_de_Contrato_Definitivo (2)/span_Eps - Aliansalud Eps")): Object: 'Object Repository/2-OBJECTS TAREAS SECUNDARIAS/Pruebas Compensación/Terminación_de_Contrato_Definitivo (2)/span_Eps - Aliansalud Eps' is clicked on

2023-03-09 13:38:27 - [MESSAGE][PASSED] - Object: 'Object Repository/2-OBJECTS TAREAS SECUNDARIAS/Pruebas Compensación/Terminación_de_Contrato_Definitivo (2)/span_Eps - Aliansalud Eps' is clicked on

2023-03-09 13:38:27 - [TEST_STEP][PASSED] - click(findTestObject("2-OBJECTS TAREAS SECUNDARIAS/Pruebas Compensación/Terminación_de_Contrato_Definitivo (2)/td_FONDO DE PENSIONES")): Object: 'Object Repository/2-OBJECTS TAREAS SECUNDARIAS/Pruebas Compensación/Terminación_de_Contrato_Definitivo (2)/td_FONDO DE PENSIONES' is clicked on

2023-03-09 13:38:28 - [MESSAGE][PASSED] - Object: 'Object Repository/2-OBJECTS TAREAS SECUNDARIAS/Pruebas Compensación/Terminación_de_Contrato_Definitivo (2)/td_FONDO DE PENSIONES' is clicked on

2023-03-09 13:38:28 - [TEST_STEP][PASSED] - click(findTestObject("2-OBJECTS TAREAS SECUNDARIAS/Pruebas Compensación/Terminación_de_Contrato_Definitivo (2)/span_Afp - Colfondos")): Object: 'Object Repository/2-OBJECTS TAREAS SECUNDARIAS/Pruebas Compensación/Terminación_de_Contrato_Definitivo (2)/span_Afp - Colfondos' is clicked on

2023-03-09 13:38:29 - [MESSAGE][PASSED] - Object: 'Object Repository/2-OBJECTS TAREAS SECUNDARIAS/Pruebas Compensación/Terminación_de_Contrato_Definitivo (2)/span_Afp - Colfondos' is clicked on

2023-03-09 13:38:29 - [TEST_STEP][PASSED] - click(findTestObject("2-OBJECTS TAREAS SECUNDARIAS/Pruebas Compensación/Terminación_de_Contrato_Definitivo (2)/span_ASEG. RIESGOS PROFESIONALES")): Object: 'Object Repository/2-OBJECTS TAREAS SECUNDARIAS/Pruebas Compensación/Terminación_de_Contrato_Definitivo (2)/span_ASEG. RIESGOS PROFESIONALES' is clicked on

2023-03-09 13:38:29 - [MESSAGE][PASSED] - Object: 'Object Repository/2-OBJECTS TAREAS SECUNDARIAS/Pruebas Compensación/Terminación_de_Contrato_Definitivo (2)/span_ASEG. RIESGOS PROFESIONALES' is clicked on

2023-03-09 13:38:29 - [TEST_STEP][PASSED] - click(findTestObject("2-OBJECTS TAREAS SECUNDARIAS/Pruebas Compensación/Terminación_de_Contrato_Definitivo (2)/span_Arl - Seguros Bolivar")): Object: 'Object Repository/2-OBJECTS TAREAS SECUNDARIAS/Pruebas Compensación/Terminación_de_Contrato_Definitivo (2)/span_Arl - Seguros Bolivar' is clicked on

2023-03-09 13:38:30 - [MESSAGE][PASSED] - Object: 'Object Repository/2-OBJECTS TAREAS SECUNDARIAS/Pruebas Compensación/Terminación_de_Contrato_Definitivo (2)/span_Arl - Seguros Bolivar' is clicked on

2023-03-09 13:38:30 - [TEST_STEP][PASSED] - click(findTestObject("2-OBJECTS TAREAS SECUNDARIAS/Pruebas Compensación/Terminación_de_Contrato_Definitivo (2)/span_FONDO DE CESANTIAS")): Object: 'Object Repository/2-OBJECTS TAREAS SECUNDARIAS/Pruebas Compensación/Terminación_de_Contrato_Definitivo (2)/span_FONDO DE CESANTIAS' is clicked on

2023-03-09 13:38:31 - [MESSAGE][PASSED] - Object: 'Object Repository/2-OBJECTS TAREAS SECUNDARIAS/Pruebas Compensación/Terminación_de_Contrato_Definitivo (2)/span_FONDO DE CESANTIAS' is clicked on

2023-03-09 13:38:31 - [TEST_STEP][PASSED] - click(findTestObject("2-OBJECTS TAREAS SECUNDARIAS/Pruebas Compensación/Terminación_de_Contrato_Definitivo (2)/span_Fc - Colfondos")): Object: 'Object Repository/2-OBJECTS TAREAS SECUNDARIAS/Pruebas Compensación/Terminación_de_Contrato_Definitivo (2)/span_Fc - Colfondos' is clicked on

2023-03-09 13:38:31 - [MESSAGE][PASSED] - Object: 'Object Repository/2-OBJECTS TAREAS SECUNDARIAS/Pruebas Compensación/Terminación_de_Contrato_Definitivo (2)/span_Fc - Colfondos' is clicked on

2023-03-09 13:38:31 - [TEST_STEP][PASSED] - click(findTestObject("2-OBJECTS TAREAS SECUNDARIAS/Pruebas Compensación/Terminación_de_Contrato_Definitivo (2)/td_PAGO DE NOMINA")): Object: 'Object Repository/2-OBJECTS TAREAS SECUNDARIAS/Pruebas Compensación/Terminación_de_Contrato_Definitivo (2)/td_PAGO DE NOMINA' is clicked on

2023-03-09 13:38:32 - [MESSAGE][PASSED] - Object: 'Object Repository/2-OBJECTS TAREAS SECUNDARIAS/Pruebas Compensación/Terminación_de_Contrato_Definitivo (2)/td_PAGO DE NOMINA' is clicked on

2023-03-09 13:38:32 - [TEST_STEP][PASSED] - click(findTestObject("2-OBJECTS TAREAS SECUNDARIAS/Pruebas Compensación/Terminación_de_Contrato_Definitivo/a_Sucursal_entidadempleado_formtabj_idt1562")): Object: 'Object Repository/2-OBJECTS TAREAS SECUNDARIAS/Pruebas Compensación/Terminación_de_Contrato_Definitivo/a_Sucursal_entidadempleado_formtabj_idt1562' is clicked on

2023-03-09 13:38:33 - [MESSAGE][PASSED] - Object: 'Object Repository/2-OBJECTS TAREAS SECUNDARIAS/Pruebas Compensación/Terminación_de_Contrato_Definitivo/a_Sucursal_entidadempleado_formtabj_idt1562' is clicked on

2023-03-09 13:38:33 - [TEST_STEP][PASSED] - click(findTestObject("2-OBJECTS TAREAS SECUNDARIAS/Pruebas Compensación/Terminación_de_Contrato_Definitivo (2)/span_Ccf - Cafam")): Object: 'Object Repository/2-OBJECTS TAREAS SECUNDARIAS/Pruebas Compensación/Terminación_de_Contrato_Definitivo (2)/span_Ccf - Cafam' is clicked on

2023-03-09 13:38:34 - [MESSAGE][PASSED] - Object: 'Object Repository/2-OBJECTS TAREAS SECUNDARIAS/Pruebas Compensación/Terminación_de_Contrato_Definitivo (2)/span_Ccf - Cafam' is clicked on

2023-03-09 13:38:34 - [TEST_STEP][PASSED] - selectOptionByIndex(findTestObject("2-OBJECTS TAREAS SECUNDARIAS/Pruebas Compensación/Terminación_de_Contrato_Definitivo (1)/select_--Seleccione--003 Familia Popayan"), 2): All options with index in [2] are selected on object 'Object Repository/2-OBJECTS TAREAS SECUNDARIAS/Pruebas Compensación/Terminación_de_Contrato_Definitivo (1)/select_--Seleccione--003 Familia Popayan'

2023-03-09 13:38:35 - [MESSAGE][PASSED] - All options with index in [2] are selected on object 'Object Repository/2-OBJECTS TAREAS SECUNDARIAS/Pruebas Compensación/Terminación_de_Contrato_Definitivo (1)/select_--Seleccione--003 Familia Popayan'

2023-03-09 13:38:35 - [TEST_STEP][PASSED] - setText(findTestObject("2-OBJECTS TAREAS SECUNDARIAS/Pruebas Compensación/Terminación_de_Contrato_Definitivo/input_Cuenta_entidadempleado_formtabtablaCampos0referencia"), "12345678910"): Text '12345678910' is set on object 'Object Repository/2-OBJECTS TAREAS SECUNDARIAS/Pruebas Compensación/Terminación_de_Contrato_Definitivo/input_Cuenta_entidadempleado_formtabtablaCampos0referencia'

2023-03-09 13:38:36 - [MESSAGE][PASSED] - Text '12345678910' is set on object 'Object Repository/2-OBJECTS TAREAS SECUNDARIAS/Pruebas Compensación/Terminación_de_Contrato_Definitivo/input_Cuenta_entidadempleado_formtabtablaCampos0referencia'

2023-03-09 13:38:36 - [TEST_STEP][PASSED] - setText(findTestObject("2-OBJECTS TAREAS SECUNDARIAS/Pruebas Compensación/Terminación_de_Contrato_Definitivo/input_Bco Destino_entidadempleado_formtabtablaCampos1valor"), "5"): Text '5' is set on object 'Object Repository/2-OBJECTS TAREAS SECUNDARIAS/Pruebas Compensación/Terminación_de_Contrato_Definitivo/input_Bco Destino_entidadempleado_formtabtablaCampos1valor'

2023-03-09 13:38:37 - [MESSAGE][PASSED] - Text '5' is set on object 'Object Repository/2-OBJECTS TAREAS SECUNDARIAS/Pruebas Compensación/Terminación_de_Contrato_Definitivo/input_Bco Destino_entidadempleado_formtabtablaCampos1valor'

2023-03-09 13:38:37 - [TEST_STEP][PASSED] - setText(findTestObject("2-OBJECTS TAREAS SECUNDARIAS/Pruebas Compensación/Terminación_de_Contrato_Definitivo/input_Tipo de cuenta_entidadempleado_formtabtablaCampos2sucReferencia"), "Corriente"): Text 'Corriente' is set on object 'Object Repository/2-OBJECTS TAREAS SECUNDARIAS/Pruebas Compensación/Terminación_de_Contrato_Definitivo/input_Tipo de cuenta_entidadempleado_formtabtablaCampos2sucReferencia'

2023-03-09 13:38:37 - [MESSAGE][PASSED] - Text 'Corriente' is set on object 'Object Repository/2-OBJECTS TAREAS SECUNDARIAS/Pruebas Compensación/Terminación_de_Contrato_Definitivo/input_Tipo de cuenta_entidadempleado_formtabtablaCampos2sucReferencia'

2023-03-09 13:38:37 - [TEST_STEP][PASSED] - setText(findTestObject("2-OBJECTS TAREAS SECUNDARIAS/Pruebas Compensación/Terminación_de_Contrato_Definitivo/input_Tipo Cuenta 1ahorro 2 corr_entidadempleado_formtabtablaCampos4tipo"), "1"): Text '1' is set on object 'Object Repository/2-OBJECTS TAREAS SECUNDARIAS/Pruebas Compensación/Terminación_de_Contrato_Definitivo/input_Tipo Cuenta 1ahorro 2 corr_entidadempleado_formtabtablaCampos4tipo'

2023-03-09 13:38:38 - [MESSAGE][PASSED] - Text '1' is set on object 'Object Repository/2-OBJECTS TAREAS SECUNDARIAS/Pruebas Compensación/Terminación_de_Contrato_Definitivo/input_Tipo Cuenta 1ahorro 2 corr_entidadempleado_formtabtablaCampos4tipo'

2023-03-09 13:38:38 - [TEST_STEP][PASSED] - click(findTestObject("2-OBJECTS TAREAS SECUNDARIAS/Pruebas Compensación/Terminación_de_Contrato_Definitivo/a_Aplicar2")): Object: 'Object Repository/2-OBJECTS TAREAS SECUNDARIAS/Pruebas Compensación/Terminación_de_Contrato_Definitivo/a_Aplicar2' is clicked on

2023-03-09 13:38:39 - [MESSAGE][PASSED] - Object: 'Object Repository/2-OBJECTS TAREAS SECUNDARIAS/Pruebas Compensación/Terminación_de_Contrato_Definitivo/a_Aplicar2' is clicked on

2023-03-09 13:38:39 - [TEST_STEP][PASSED] - click(findTestObject("1-OBJECTS TAREAS PRINCIPALES/Modulo Tarea Actos Administrativos/Elaboracion Acto Cambio de Empleado/span_CAJA DE COMPENSACION")): Object: 'Object Repository/1-OBJECTS TAREAS PRINCIPALES/Modulo Tarea Actos Administrativos/Elaboracion Acto Cambio de Empleado/span_CAJA DE COMPENSACION' is clicked on

2023-03-09 13:38:39 - [MESSAGE][PASSED] - Object: 'Object Repository/1-OBJECTS TAREAS PRINCIPALES/Modulo Tarea Actos Administrativos/Elaboracion Acto Cambio de Empleado/span_CAJA DE COMPENSACION' is clicked on

2023-03-09 13:38:39 - [TEST_STEP][PASSED] - click(findTestObject("2-OBJECTS TAREAS SECUNDARIAS/Pruebas Compensación/Terminación_de_Contrato_Definitivo (2)/span_Ccf - Compensar")): Object: 'Object Repository/2-OBJECTS TAREAS SECUNDARIAS/Pruebas Compensación/Terminación_de_Contrato_Definitivo (2)/span_Ccf - Compensar' is clicked on

2023-03-09 13:38:40 - [MESSAGE][PASSED] - Object: 'Object Repository/2-OBJECTS TAREAS SECUNDARIAS/Pruebas Compensación/Terminación_de_Contrato_Definitivo (2)/span_Ccf - Compensar' is clicked on

2023-03-09 13:38:40 - [TEST_STEP][PASSED] - click(findTestObject("2-OBJECTS TAREAS SECUNDARIAS/Pruebas Compensación/Terminación_de_Contrato_Definitivo/a_Continuar")): Object: 'Object Repository/2-OBJECTS TAREAS SECUNDARIAS/Pruebas Compensación/Terminación_de_Contrato_Definitivo/a_Continuar' is clicked on

2023-03-09 13:38:41 - [MESSAGE][PASSED] - Object: 'Object Repository/2-OBJECTS TAREAS SECUNDARIAS/Pruebas Compensación/Terminación_de_Contrato_Definitivo/a_Continuar' is clicked on

2023-03-09 13:38:41 - [TEST_STEP][FAILED] - Puesto = getText(findTestObject("2-OBJECTS TAREAS SECUNDARIAS/Pruebas Compensación/Terminación_de_Contrato_Definitivo (2)/td_10247")): Unable to get text of object 'Object Repository/2-OBJECTS TAREAS SECUNDARIAS/Pruebas Compensación/Terminación_de_Contrato_Definitivo (2)/td_10247' (Root cause: com.kms.katalon.core.exception.StepFailedException: Unable to get text of object 'Object Repository/2-OBJECTS TAREAS SECUNDARIAS/Pruebas Compensación/Terminación_de_Contrato_Definitivo (2)/td_10247'
	at com.kms.katalon.core.webui.keyword.internal.WebUIKeywordMain.stepFailed(WebUIKeywordMain.groovy:64)
	at com.kms.katalon.core.webui.keyword.internal.WebUIKeywordMain.runKeyword(WebUIKeywordMain.groovy:26)
	at com.kms.katalon.core.webui.keyword.builtin.GetTextKeyword.getText(GetTextKeyword.groovy:88)
	at com.kms.katalon.core.webui.keyword.builtin.GetTextKeyword.execute(GetTextKeyword.groovy:67)
	at com.kms.katalon.core.keyword.internal.KeywordExecutor.executeKeywordForPlatform(KeywordExecutor.groovy:74)
	at com.kms.katalon.core.webui.keyword.WebUiBuiltInKeywords.getText(WebUiBuiltInKeywords.groovy:918)
	at com.kms.katalon.core.webui.keyword.WebUiBuiltInKeywords$getText$2.call(Unknown Source)
	at 11.1.2-Terminación_de_Contrato_Definitivo.run(11.1.2-Terminación_de_Contrato_Definitivo:226)
	at com.kms.katalon.core.main.ScriptEngine.run(ScriptEngine.java:194)
	at com.kms.katalon.core.main.ScriptEngine.runScriptAsRawText(ScriptEngine.java:119)
	at com.kms.katalon.core.main.TestCaseExecutor.runScript(TestCaseExecutor.java:448)
	at com.kms.katalon.core.main.TestCaseExecutor.doExecute(TestCaseExecutor.java:439)
	at com.kms.katalon.core.main.TestCaseExecutor.processExecutionPhase(TestCaseExecutor.java:418)
	at com.kms.katalon.core.main.TestCaseExecutor.accessMainPhase(TestCaseExecutor.java:410)
	at com.kms.katalon.core.main.TestCaseExecutor.execute(TestCaseExecutor.java:285)
	at com.kms.katalon.core.common.CommonExecutor.accessTestCaseMainPhase(CommonExecutor.java:65)
	at com.kms.katalon.core.main.TestSuiteExecutor.accessTestSuiteMainPhase(TestSuiteExecutor.java:151)
	at com.kms.katalon.core.main.TestSuiteExecutor.execute(TestSuiteExecutor.java:106)
	at com.kms.katalon.core.main.TestCaseMain.startTestSuite(TestCaseMain.java:185)
	at com.kms.katalon.core.main.TestCaseMain$startTestSuite$0.call(Unknown Source)
	at TempTestSuite1678383366099.run(TempTestSuite1678383366099.groovy:36)
Caused by: com.kms.katalon.core.webui.exception.WebElementNotFoundException: Web element with id: 'Object Repository/2-OBJECTS TAREAS SECUNDARIAS/Pruebas Compensación/Terminación_de_Contrato_Definitivo (2)/td_10247' located by '//div[2]/table/tbody/tr/td/div/div/table/tbody/tr/td[3]' not found
	at com.kms.katalon.core.webui.common.WebUiCommonHelper.findWebElement(WebUiCommonHelper.java:1370)
	at com.kms.katalon.core.webui.keyword.internal.WebUIAbstractKeyword.findWebElement(WebUIAbstractKeyword.groovy:27)
	at com.kms.katalon.core.webui.keyword.internal.WebUIAbstractKeyword.findWebElement(WebUIAbstractKeyword.groovy:26)
	at com.kms.katalon.core.webui.keyword.builtin.GetTextKeyword$_getText_closure1.doCall(GetTextKeyword.groovy:78)
	at com.kms.katalon.core.webui.keyword.builtin.GetTextKeyword$_getText_closure1.call(GetTextKeyword.groovy)
	at com.kms.katalon.core.webui.keyword.internal.WebUIKeywordMain.runKeyword(WebUIKeywordMain.groovy:20)
	at com.kms.katalon.core.webui.keyword.builtin.GetTextKeyword.getText(GetTextKeyword.groovy:88)
	at com.kms.katalon.core.webui.keyword.builtin.GetTextKeyword.execute(GetTextKeyword.groovy:67)
	at com.kms.katalon.core.keyword.internal.KeywordExecutor.executeKeywordForPlatform(KeywordExecutor.groovy:74)
	at com.kms.katalon.core.webui.keyword.WebUiBuiltInKeywords.getText(WebUiBuiltInKeywords.groovy:918)
	at com.kms.katalon.core.webui.keyword.WebUiBuiltInKeywords$getText$2.call(Unknown Source)
	at Script1648473989058.run(Script1648473989058.groovy:226)
	... 13 more
)

2023-03-09 13:39:19 - [MESSAGE][INFO] - Unable to find the element located by 'By.xpath: //div[2]/table/tbody/tr/td/div/div/table/tbody/tr/td[3]'. Please recheck the objects properties to make sure the desired element is located. 

2023-03-09 13:39:20 - [MESSAGE][FAILED] - Unable to get text of object 'Object Repository/2-OBJECTS TAREAS SECUNDARIAS/Pruebas Compensación/Terminación_de_Contrato_Definitivo (2)/td_10247' (Root cause: com.kms.katalon.core.exception.StepFailedException: Unable to get text of object 'Object Repository/2-OBJECTS TAREAS SECUNDARIAS/Pruebas Compensación/Terminación_de_Contrato_Definitivo (2)/td_10247'
	at com.kms.katalon.core.webui.keyword.internal.WebUIKeywordMain.stepFailed(WebUIKeywordMain.groovy:64)
	at com.kms.katalon.core.webui.keyword.internal.WebUIKeywordMain.runKeyword(WebUIKeywordMain.groovy:26)
	at com.kms.katalon.core.webui.keyword.builtin.GetTextKeyword.getText(GetTextKeyword.groovy:88)
	at com.kms.katalon.core.webui.keyword.builtin.GetTextKeyword.execute(GetTextKeyword.groovy:67)
	at com.kms.katalon.core.keyword.internal.KeywordExecutor.executeKeywordForPlatform(KeywordExecutor.groovy:74)
	at com.kms.katalon.core.webui.keyword.WebUiBuiltInKeywords.getText(WebUiBuiltInKeywords.groovy:918)
	at com.kms.katalon.core.webui.keyword.WebUiBuiltInKeywords$getText$2.call(Unknown Source)
	at 11.1.2-Terminación_de_Contrato_Definitivo.run(11.1.2-Terminación_de_Contrato_Definitivo:226)
	at com.kms.katalon.core.main.ScriptEngine.run(ScriptEngine.java:194)
	at com.kms.katalon.core.main.ScriptEngine.runScriptAsRawText(ScriptEngine.java:119)
	at com.kms.katalon.core.main.TestCaseExecutor.runScript(TestCaseExecutor.java:448)
	at com.kms.katalon.core.main.TestCaseExecutor.doExecute(TestCaseExecutor.java:439)
	at com.kms.katalon.core.main.TestCaseExecutor.processExecutionPhase(TestCaseExecutor.java:418)
	at com.kms.katalon.core.main.TestCaseExecutor.accessMainPhase(TestCaseExecutor.java:410)
	at com.kms.katalon.core.main.TestCaseExecutor.execute(TestCaseExecutor.java:285)
	at com.kms.katalon.core.common.CommonExecutor.accessTestCaseMainPhase(CommonExecutor.java:65)
	at com.kms.katalon.core.main.TestSuiteExecutor.accessTestSuiteMainPhase(TestSuiteExecutor.java:151)
	at com.kms.katalon.core.main.TestSuiteExecutor.execute(TestSuiteExecutor.java:106)
	at com.kms.katalon.core.main.TestCaseMain.startTestSuite(TestCaseMain.java:185)
	at com.kms.katalon.core.main.TestCaseMain$startTestSuite$0.call(Unknown Source)
	at TempTestSuite1678383366099.run(TempTestSuite1678383366099.groovy:36)
Caused by: com.kms.katalon.core.webui.exception.WebElementNotFoundException: Web element with id: 'Object Repository/2-OBJECTS TAREAS SECUNDARIAS/Pruebas Compensación/Terminación_de_Contrato_Definitivo (2)/td_10247' located by '//div[2]/table/tbody/tr/td/div/div/table/tbody/tr/td[3]' not found
	at com.kms.katalon.core.webui.common.WebUiCommonHelper.findWebElement(WebUiCommonHelper.java:1370)
	at com.kms.katalon.core.webui.keyword.internal.WebUIAbstractKeyword.findWebElement(WebUIAbstractKeyword.groovy:27)
	at com.kms.katalon.core.webui.keyword.internal.WebUIAbstractKeyword.findWebElement(WebUIAbstractKeyword.groovy:26)
	at com.kms.katalon.core.webui.keyword.builtin.GetTextKeyword$_getText_closure1.doCall(GetTextKeyword.groovy:78)
	at com.kms.katalon.core.webui.keyword.builtin.GetTextKeyword$_getText_closure1.call(GetTextKeyword.groovy)
	at com.kms.katalon.core.webui.keyword.internal.WebUIKeywordMain.runKeyword(WebUIKeywordMain.groovy:20)
	at com.kms.katalon.core.webui.keyword.builtin.GetTextKeyword.getText(GetTextKeyword.groovy:88)
	at com.kms.katalon.core.webui.keyword.builtin.GetTextKeyword.execute(GetTextKeyword.groovy:67)
	at com.kms.katalon.core.keyword.internal.KeywordExecutor.executeKeywordForPlatform(KeywordExecutor.groovy:74)
	at com.kms.katalon.core.webui.keyword.WebUiBuiltInKeywords.getText(WebUiBuiltInKeywords.groovy:918)
	at com.kms.katalon.core.webui.keyword.WebUiBuiltInKeywords$getText$2.call(Unknown Source)
	at Script1648473989058.run(Script1648473989058.groovy:226)
	... 13 more
)
[[ATTACHMENT|C:\\Users\\diego.rojas\\git\\Pruebas-Minimas\\Reports\\20230309_123606\\Test_Suite_Secundaria\\1-Tareas_secundarias\\20230309_123606\\1678387159991.png]]]]></system-out>
         <system-err><![CDATA[2023-03-09 13:37:23 - [TEST_CASE][FAILED] - Test Cases/1.2-Tareas_Secundarias/A.1-Pruebas_compensaciones/11.1.2-Terminación_de_Contrato_Definitivo: Test Cases/1.2-Tareas_Secundarias/A.1-Pruebas_compensaciones/11.1.2-Terminación_de_Contrato_Definitivo FAILED.
Reason:
com.kms.katalon.core.exception.StepFailedException: Unable to get text of object 'Object Repository/2-OBJECTS TAREAS SECUNDARIAS/Pruebas Compensación/Terminación_de_Contrato_Definitivo (2)/td_10247'
	at com.kms.katalon.core.webui.keyword.internal.WebUIKeywordMain.stepFailed(WebUIKeywordMain.groovy:64)
	at com.kms.katalon.core.webui.keyword.internal.WebUIKeywordMain.runKeyword(WebUIKeywordMain.groovy:26)
	at com.kms.katalon.core.webui.keyword.builtin.GetTextKeyword.getText(GetTextKeyword.groovy:88)
	at com.kms.katalon.core.webui.keyword.builtin.GetTextKeyword.execute(GetTextKeyword.groovy:67)
	at com.kms.katalon.core.keyword.internal.KeywordExecutor.executeKeywordForPlatform(KeywordExecutor.groovy:74)
	at com.kms.katalon.core.webui.keyword.WebUiBuiltInKeywords.getText(WebUiBuiltInKeywords.groovy:918)
	at com.kms.katalon.core.webui.keyword.WebUiBuiltInKeywords$getText$2.call(Unknown Source)
	at 11.1.2-Terminación_de_Contrato_Definitivo.run(11.1.2-Terminación_de_Contrato_Definitivo:226)
	at com.kms.katalon.core.main.ScriptEngine.run(ScriptEngine.java:194)
	at com.kms.katalon.core.main.ScriptEngine.runScriptAsRawText(ScriptEngine.java:119)
	at com.kms.katalon.core.main.TestCaseExecutor.runScript(TestCaseExecutor.java:448)
	at com.kms.katalon.core.main.TestCaseExecutor.doExecute(TestCaseExecutor.java:439)
	at com.kms.katalon.core.main.TestCaseExecutor.processExecutionPhase(TestCaseExecutor.java:418)
	at com.kms.katalon.core.main.TestCaseExecutor.accessMainPhase(TestCaseExecutor.java:410)
	at com.kms.katalon.core.main.TestCaseExecutor.execute(TestCaseExecutor.java:285)
	at com.kms.katalon.core.common.CommonExecutor.accessTestCaseMainPhase(CommonExecutor.java:65)
	at com.kms.katalon.core.main.TestSuiteExecutor.accessTestSuiteMainPhase(TestSuiteExecutor.java:151)
	at com.kms.katalon.core.main.TestSuiteExecutor.execute(TestSuiteExecutor.java:106)
	at com.kms.katalon.core.main.TestCaseMain.startTestSuite(TestCaseMain.java:185)
	at com.kms.katalon.core.main.TestCaseMain$startTestSuite$0.call(Unknown Source)
	at TempTestSuite1678383366099.run(TempTestSuite1678383366099.groovy:36)
Caused by: com.kms.katalon.core.webui.exception.WebElementNotFoundException: Web element with id: 'Object Repository/2-OBJECTS TAREAS SECUNDARIAS/Pruebas Compensación/Terminación_de_Contrato_Definitivo (2)/td_10247' located by '//div[2]/table/tbody/tr/td/div/div/table/tbody/tr/td[3]' not found
	at com.kms.katalon.core.webui.common.WebUiCommonHelper.findWebElement(WebUiCommonHelper.java:1370)
	at com.kms.katalon.core.webui.keyword.internal.WebUIAbstractKeyword.findWebElement(WebUIAbstractKeyword.groovy:27)
	at com.kms.katalon.core.webui.keyword.internal.WebUIAbstractKeyword.findWebElement(WebUIAbstractKeyword.groovy:26)
	at com.kms.katalon.core.webui.keyword.builtin.GetTextKeyword$_getText_closure1.doCall(GetTextKeyword.groovy:78)
	at com.kms.katalon.core.webui.keyword.builtin.GetTextKeyword$_getText_closure1.call(GetTextKeyword.groovy)
	at com.kms.katalon.core.webui.keyword.internal.WebUIKeywordMain.runKeyword(WebUIKeywordMain.groovy:20)
	... 19 more]]></system-err>
      </testcase>
      <testcase name="Test Cases/1.2-Tareas_Secundarias/A.1-Pruebas_compensaciones/11.1.3-Liquidación_Nomina" time="30.016" classname="Test Cases/1.2-Tareas_Secundarias/A.1-Pruebas_compensaciones/11.1.3-Liquidación_Nomina" status="PASSED">
         <system-out><![CDATA[2023-03-09 13:39:20 - [TEST_CASE][PASSED] - Test Cases/1.2-Tareas_Secundarias/A.1-Pruebas_compensaciones/11.1.3-Liquidación_Nomina: Test Cases/1.2-Tareas_Secundarias/A.1-Pruebas_compensaciones/11.1.3-Liquidación_Nomina

2023-03-09 13:39:20 - [TEST_STEP][PASSED] - callTestCase(findTestCase("0.1-Login"), [:], STOP_ON_FAILURE): Call Test Case 'Test Cases/0.1-Login' successfully

2023-03-09 13:39:20 - [TEST_CASE][PASSED] - Test Cases/0.1-Login: Test Cases/0.1-Login

2023-03-09 13:39:20 - [TEST_STEP][PASSED] - openBrowser(""): Browser is opened with url: ''

2023-03-09 13:39:20 - [MESSAGE][WARNING] - A browser is already opened. Closing browser and opening a new one

2023-03-09 13:39:21 - [MESSAGE][INFO] - Starting 'Chrome' driver

2023-03-09 13:39:21 - [MESSAGE][INFO] - Action delay is set to 0 milliseconds

2023-03-09 13:39:22 - [MESSAGE][PASSED] - Browser is opened with url: ''

2023-03-09 13:39:22 - [TEST_STEP][PASSED] - maximizeWindow(): Current window maximized

2023-03-09 13:39:22 - [MESSAGE][PASSED] - Current window maximized

2023-03-09 13:39:22 - [TEST_STEP][PASSED] - i = G_Login: null

2023-03-09 13:39:22 - [TEST_STEP][PASSED] - url = new java.net.URL(i): null

2023-03-09 13:39:22 - [TEST_STEP][PASSED] - println("URL: " + url.toString()): null

2023-03-09 13:39:22 - [TEST_STEP][PASSED] - connection = url.openConnection(): null

2023-03-09 13:39:22 - [TEST_STEP][PASSED] - connection.setRequestMethod("GET"): null

2023-03-09 13:39:22 - [TEST_STEP][PASSED] - connection.setReadTimeout(2 * 1000): null

2023-03-09 13:39:22 - [TEST_STEP][PASSED] - try: null

2023-03-09 13:39:22 - [TEST_STEP][PASSED] - connection.connect(): null

2023-03-09 13:39:22 - [TEST_STEP][PASSED] - flag = connected: null

2023-03-09 13:39:22 - [TEST_STEP][PASSED] - println("Valor_ori: " + flag): null

2023-03-09 13:39:22 - [TEST_STEP][PASSED] - if (flag): null

2023-03-09 13:39:22 - [TEST_STEP][PASSED] - navigateToUrl(i): Navigate to 'http://192.168.2.19:7001/saraweb' successfully

2023-03-09 13:39:24 - [MESSAGE][PASSED] - Navigate to 'http://192.168.2.19:7001/saraweb' successfully

2023-03-09 13:39:24 - [TEST_STEP][PASSED] - a(): null

2023-03-09 13:39:24 - [TEST_STEP][PASSED] - if (waitForElementVisible(findTestObject("3-OBJECTS UTILIDADES/Login/input_USUARIO_loginusuario"), 0)): null

2023-03-09 13:39:24 - [MESSAGE][WARNING] - Timeout '0' is invalid. Using default page load timeout: '37'

2023-03-09 13:39:25 - [MESSAGE][PASSED] - Object 'Object Repository/3-OBJECTS UTILIDADES/Login/input_USUARIO_loginusuario' is visible

2023-03-09 13:39:25 - [TEST_STEP][PASSED] - switchToWindowTitle("SARA"): Switched to window with title: 'SARA'

2023-03-09 13:39:25 - [MESSAGE][PASSED] - Switched to window with title: 'SARA'

2023-03-09 13:39:25 - [TEST_STEP][PASSED] - zoom(): null

2023-03-09 13:39:25 - [TEST_STEP][PASSED] - robot = new java.awt.Robot(): null

2023-03-09 13:39:25 - [TEST_STEP][PASSED] - robot.keyPress(VK_CONTROL): null

2023-03-09 13:39:25 - [TEST_STEP][PASSED] - robot.keyPress(VK_SUBTRACT): null

2023-03-09 13:39:25 - [TEST_STEP][PASSED] - robot.keyRelease(VK_CONTROL): null

2023-03-09 13:39:25 - [TEST_STEP][PASSED] - robot.keyRelease(VK_SUBTRACT): null

2023-03-09 13:39:25 - [TEST_STEP][PASSED] - robot.keyPress(VK_CONTROL): null

2023-03-09 13:39:25 - [TEST_STEP][PASSED] - robot.keyPress(VK_SUBTRACT): null

2023-03-09 13:39:25 - [TEST_STEP][PASSED] - robot.keyRelease(VK_CONTROL): null

2023-03-09 13:39:25 - [TEST_STEP][PASSED] - robot.keyRelease(VK_SUBTRACT): null

2023-03-09 13:39:25 - [TEST_STEP][PASSED] - robot.keyPress(VK_CONTROL): null

2023-03-09 13:39:25 - [TEST_STEP][PASSED] - robot.keyPress(VK_SUBTRACT): null

2023-03-09 13:39:25 - [TEST_STEP][PASSED] - robot.keyRelease(VK_CONTROL): null

2023-03-09 13:39:25 - [TEST_STEP][PASSED] - robot.keyRelease(VK_SUBTRACT): null

2023-03-09 13:39:25 - [TEST_STEP][PASSED] - robot.keyRelease(VK_CONTROL): null

2023-03-09 13:39:25 - [TEST_STEP][PASSED] - robot.keyRelease(VK_SUBTRACT): null

2023-03-09 13:39:25 - [TEST_STEP][PASSED] - setText(findTestObject("3-OBJECTS UTILIDADES/Login/input_USUARIO_loginusuario"), G_Usuario): Text 'weblogic' is set on object 'Object Repository/3-OBJECTS UTILIDADES/Login/input_USUARIO_loginusuario'

2023-03-09 13:39:25 - [MESSAGE][PASSED] - Text 'weblogic' is set on object 'Object Repository/3-OBJECTS UTILIDADES/Login/input_USUARIO_loginusuario'

2023-03-09 13:39:25 - [TEST_STEP][PASSED] - setEncryptedText(findTestObject("3-OBJECTS UTILIDADES/Login/input_CLAVE_loginpassword"), "SlAwMcyRKqrwbnzhAs8HhT6NnI7sEyng"): Text ****** has been set on object 'Object Repository/3-OBJECTS UTILIDADES/Login/input_CLAVE_loginpassword'

2023-03-09 13:39:29 - [MESSAGE][PASSED] - Text ****** has been set on object 'Object Repository/3-OBJECTS UTILIDADES/Login/input_CLAVE_loginpassword'

2023-03-09 13:39:29 - [TEST_STEP][PASSED] - while (waitForElementClickable(findTestObject("3-OBJECTS UTILIDADES/Login/a_Ingresar"), 1)): Web element with id: 'Object Repository/3-OBJECTS UTILIDADES/Login/a_Ingresar' located by '//a[contains(text(),'Ingresar')]' not found

2023-03-09 13:39:31 - [MESSAGE][INFO] - Unable to find the element located by 'By.xpath: //a[contains(text(),'Ingresar')]'. Please recheck the objects properties to make sure the desired element is located. 

2023-03-09 13:39:31 - [MESSAGE][WARNING] - Web element with id: 'Object Repository/3-OBJECTS UTILIDADES/Login/a_Ingresar' located by '//a[contains(text(),'Ingresar')]' not found

2023-03-09 13:39:31 - [MESSAGE][PASSED] - Call Test Case 'Test Cases/0.1-Login' successfully

2023-03-09 13:39:31 - [TEST_STEP][PASSED] - setText(findTestObject("2-OBJECTS TAREAS SECUNDARIAS/Pruebas Compensación/Liquidación_Nomina/input_Empresa 1_form_templatej_idt24_input"), "Liquidacion Nomina"): Text 'Liquidacion Nomina' is set on object 'Object Repository/2-OBJECTS TAREAS SECUNDARIAS/Pruebas Compensación/Liquidación_Nomina/input_Empresa 1_form_templatej_idt24_input'

2023-03-09 13:39:32 - [MESSAGE][PASSED] - Text 'Liquidacion Nomina' is set on object 'Object Repository/2-OBJECTS TAREAS SECUNDARIAS/Pruebas Compensación/Liquidación_Nomina/input_Empresa 1_form_templatej_idt24_input'

2023-03-09 13:39:32 - [TEST_STEP][PASSED] - click(findTestObject("2-OBJECTS TAREAS SECUNDARIAS/Pruebas Compensación/Liquidación_Nomina/li_Liquidacion Nomina (com)")): Object: 'Object Repository/2-OBJECTS TAREAS SECUNDARIAS/Pruebas Compensación/Liquidación_Nomina/li_Liquidacion Nomina (com)' is clicked on

2023-03-09 13:39:33 - [MESSAGE][PASSED] - Object: 'Object Repository/2-OBJECTS TAREAS SECUNDARIAS/Pruebas Compensación/Liquidación_Nomina/li_Liquidacion Nomina (com)' is clicked on

2023-03-09 13:39:33 - [TEST_STEP][PASSED] - click(findTestObject("2-OBJECTS TAREAS SECUNDARIAS/Pruebas Compensación/Liquidación_Nomina/a_Periodo Nomina_LiquidacionNominaj_idt68")): Object: 'Object Repository/2-OBJECTS TAREAS SECUNDARIAS/Pruebas Compensación/Liquidación_Nomina/a_Periodo Nomina_LiquidacionNominaj_idt68' is clicked on

2023-03-09 13:39:36 - [MESSAGE][PASSED] - Object: 'Object Repository/2-OBJECTS TAREAS SECUNDARIAS/Pruebas Compensación/Liquidación_Nomina/a_Periodo Nomina_LiquidacionNominaj_idt68' is clicked on

2023-03-09 13:39:36 - [TEST_STEP][PASSED] - selectOptionByIndex(findTestObject("2-OBJECTS TAREAS SECUNDARIAS/Pruebas Compensación/Liquidación_Nomina/select_--  Seleccione  --Periodo CerradoPeriodo en Proceso"), 2): All options with index in [2] are selected on object 'Object Repository/2-OBJECTS TAREAS SECUNDARIAS/Pruebas Compensación/Liquidación_Nomina/select_--  Seleccione  --Periodo CerradoPeriodo en Proceso'

2023-03-09 13:39:37 - [MESSAGE][PASSED] - All options with index in [2] are selected on object 'Object Repository/2-OBJECTS TAREAS SECUNDARIAS/Pruebas Compensación/Liquidación_Nomina/select_--  Seleccione  --Periodo CerradoPeriodo en Proceso'

2023-03-09 13:39:37 - [TEST_STEP][PASSED] - click(findTestObject("2-OBJECTS TAREAS SECUNDARIAS/Pruebas Compensación/Liquidación_Nomina/span_P. MensualJulio2021")): Object: 'Object Repository/2-OBJECTS TAREAS SECUNDARIAS/Pruebas Compensación/Liquidación_Nomina/span_P. MensualJulio2021' is clicked on

2023-03-09 13:39:38 - [MESSAGE][PASSED] - Object: 'Object Repository/2-OBJECTS TAREAS SECUNDARIAS/Pruebas Compensación/Liquidación_Nomina/span_P. MensualJulio2021' is clicked on

2023-03-09 13:39:38 - [TEST_STEP][PASSED] - setText(findTestObject("2-OBJECTS TAREAS SECUNDARIAS/Pruebas Compensación/Liquidación_Nomina/input_Nombre Persona_LiquidacionNominaj_idt124"), "1026588953"): Text '1026588953' is set on object 'Object Repository/2-OBJECTS TAREAS SECUNDARIAS/Pruebas Compensación/Liquidación_Nomina/input_Nombre Persona_LiquidacionNominaj_idt124'

2023-03-09 13:39:39 - [MESSAGE][PASSED] - Text '1026588953' is set on object 'Object Repository/2-OBJECTS TAREAS SECUNDARIAS/Pruebas Compensación/Liquidación_Nomina/input_Nombre Persona_LiquidacionNominaj_idt124'

2023-03-09 13:39:39 - [TEST_STEP][PASSED] - sendKeys(findTestObject("2-OBJECTS TAREAS SECUNDARIAS/Pruebas Compensación/Liquidación_Nomina/input_Nombre Persona_LiquidacionNominaj_idt124"), Keys.chord(ENTER)): Keys 'ENTER + ' sent to object: 'Object Repository/2-OBJECTS TAREAS SECUNDARIAS/Pruebas Compensación/Liquidación_Nomina/input_Nombre Persona_LiquidacionNominaj_idt124'

2023-03-09 13:39:40 - [MESSAGE][PASSED] - Keys 'ENTER + ' sent to object: 'Object Repository/2-OBJECTS TAREAS SECUNDARIAS/Pruebas Compensación/Liquidación_Nomina/input_Nombre Persona_LiquidacionNominaj_idt124'

2023-03-09 13:39:40 - [TEST_STEP][PASSED] - click(findTestObject("2-OBJECTS TAREAS SECUNDARIAS/Pruebas Compensación/Liquidación_Nomina/td_Aya Silva Cindy Ximena")): Object: 'Object Repository/2-OBJECTS TAREAS SECUNDARIAS/Pruebas Compensación/Liquidación_Nomina/td_Aya Silva Cindy Ximena' is clicked on

2023-03-09 13:39:41 - [MESSAGE][PASSED] - Object: 'Object Repository/2-OBJECTS TAREAS SECUNDARIAS/Pruebas Compensación/Liquidación_Nomina/td_Aya Silva Cindy Ximena' is clicked on

2023-03-09 13:39:41 - [TEST_STEP][PASSED] - click(findTestObject("2-OBJECTS TAREAS SECUNDARIAS/Pruebas Compensación/Liquidación_Nomina/a_Liquidacin Periodica")): Object: 'Object Repository/2-OBJECTS TAREAS SECUNDARIAS/Pruebas Compensación/Liquidación_Nomina/a_Liquidacin Periodica' is clicked on

2023-03-09 13:39:41 - [MESSAGE][PASSED] - Object: 'Object Repository/2-OBJECTS TAREAS SECUNDARIAS/Pruebas Compensación/Liquidación_Nomina/a_Liquidacin Periodica' is clicked on

2023-03-09 13:39:41 - [TEST_STEP][PASSED] - if (waitForElementVisible(findTestObject("2-OBJECTS TAREAS SECUNDARIAS/Pruebas Compensación/Liquidación_Nomina/span_Prestamo Compaa"), 1)): Web element with id: 'Object Repository/2-OBJECTS TAREAS SECUNDARIAS/Pruebas Compensación/Liquidación_Nomina/span_Prestamo Compaa' located by '//*/text()[normalize-space(.)='Prestamo Compañía']/parent::*' not found

2023-03-09 13:39:44 - [MESSAGE][INFO] - Unable to find the element located by 'By.xpath: //*/text()[normalize-space(.)='Prestamo Compañía']/parent::*'. Please recheck the objects properties to make sure the desired element is located. 

2023-03-09 13:39:44 - [MESSAGE][WARNING] - Web element with id: 'Object Repository/2-OBJECTS TAREAS SECUNDARIAS/Pruebas Compensación/Liquidación_Nomina/span_Prestamo Compaa' located by '//*/text()[normalize-space(.)='Prestamo Compañía']/parent::*' not found

2023-03-09 13:39:44 - [TEST_STEP][PASSED] - else: null

2023-03-09 13:39:44 - [TEST_STEP][PASSED] - click(findTestObject("2-OBJECTS TAREAS SECUNDARIAS/Pruebas Compensación/Liquidación_Nomina/a_Concepto")): Object: 'Object Repository/2-OBJECTS TAREAS SECUNDARIAS/Pruebas Compensación/Liquidación_Nomina/a_Concepto' is clicked on

2023-03-09 13:39:44 - [MESSAGE][PASSED] - Object: 'Object Repository/2-OBJECTS TAREAS SECUNDARIAS/Pruebas Compensación/Liquidación_Nomina/a_Concepto' is clicked on

2023-03-09 13:39:44 - [TEST_STEP][PASSED] - click(findTestObject("2-OBJECTS TAREAS SECUNDARIAS/Pruebas Compensación/Liquidación_Nomina/a_Liquidar")): Object: 'Object Repository/2-OBJECTS TAREAS SECUNDARIAS/Pruebas Compensación/Liquidación_Nomina/a_Liquidar' is clicked on

2023-03-09 13:39:45 - [MESSAGE][PASSED] - Object: 'Object Repository/2-OBJECTS TAREAS SECUNDARIAS/Pruebas Compensación/Liquidación_Nomina/a_Liquidar' is clicked on

2023-03-09 13:39:45 - [TEST_STEP][PASSED] - click(findTestObject("2-OBJECTS TAREAS SECUNDARIAS/Pruebas Compensación/Liquidación_Nomina/span_Si")): Object: 'Object Repository/2-OBJECTS TAREAS SECUNDARIAS/Pruebas Compensación/Liquidación_Nomina/span_Si' is clicked on

2023-03-09 13:39:45 - [MESSAGE][PASSED] - Object: 'Object Repository/2-OBJECTS TAREAS SECUNDARIAS/Pruebas Compensación/Liquidación_Nomina/span_Si' is clicked on

2023-03-09 13:39:45 - [TEST_STEP][PASSED] - click(findTestObject("2-OBJECTS TAREAS SECUNDARIAS/Pruebas Compensación/Liquidación_Nomina/a_Liquidacin Periodica")): Object: 'Object Repository/2-OBJECTS TAREAS SECUNDARIAS/Pruebas Compensación/Liquidación_Nomina/a_Liquidacin Periodica' is clicked on

2023-03-09 13:39:46 - [MESSAGE][PASSED] - Object: 'Object Repository/2-OBJECTS TAREAS SECUNDARIAS/Pruebas Compensación/Liquidación_Nomina/a_Liquidacin Periodica' is clicked on

2023-03-09 13:39:46 - [TEST_STEP][PASSED] - if (waitForElementVisible(findTestObject("2-OBJECTS TAREAS SECUNDARIAS/Pruebas Compensación/Liquidación_Nomina/span_Prestamo Compaa"), 1)): null

2023-03-09 13:39:47 - [MESSAGE][PASSED] - Object 'Object Repository/2-OBJECTS TAREAS SECUNDARIAS/Pruebas Compensación/Liquidación_Nomina/span_Prestamo Compaa' is visible

2023-03-09 13:39:47 - [TEST_STEP][PASSED] - click(findTestObject("2-OBJECTS TAREAS SECUNDARIAS/Pruebas Compensación/Liquidación_Nomina/span_Prestamo Compaa")): Object: 'Object Repository/2-OBJECTS TAREAS SECUNDARIAS/Pruebas Compensación/Liquidación_Nomina/span_Prestamo Compaa' is clicked on

2023-03-09 13:39:47 - [MESSAGE][PASSED] - Object: 'Object Repository/2-OBJECTS TAREAS SECUNDARIAS/Pruebas Compensación/Liquidación_Nomina/span_Prestamo Compaa' is clicked on

2023-03-09 13:39:47 - [TEST_STEP][PASSED] - click(findTestObject("2-OBJECTS TAREAS SECUNDARIAS/Pruebas Compensación/Liquidación_Nomina/a_Ver")): Object: 'Object Repository/2-OBJECTS TAREAS SECUNDARIAS/Pruebas Compensación/Liquidación_Nomina/a_Ver' is clicked on

2023-03-09 13:39:48 - [MESSAGE][PASSED] - Object: 'Object Repository/2-OBJECTS TAREAS SECUNDARIAS/Pruebas Compensación/Liquidación_Nomina/a_Ver' is clicked on

2023-03-09 13:39:48 - [TEST_STEP][PASSED] - if (waitForElementVisible(findTestObject("2-OBJECTS TAREAS SECUNDARIAS/Pruebas Compensación/Liquidación_Nomina/a_Pagos o Descuentos Extra"), 1)): null

2023-03-09 13:39:49 - [MESSAGE][PASSED] - Object 'Object Repository/2-OBJECTS TAREAS SECUNDARIAS/Pruebas Compensación/Liquidación_Nomina/a_Pagos o Descuentos Extra' is visible

2023-03-09 13:39:49 - [TEST_STEP][PASSED] - Resultado = "PRUEBA OK": null

2023-03-09 13:39:49 - [TEST_STEP][PASSED] - closeBrowser(): Browser is closed

2023-03-09 13:39:50 - [MESSAGE][PASSED] - Browser is closed]]></system-out>
         <system-err><![CDATA[]]></system-err>
      </testcase>
      <testcase name="Test Cases/1.2-Tareas_Secundarias/A.1-Pruebas_compensaciones/11.1.4-Fuente_General" time="114.625" classname="Test Cases/1.2-Tareas_Secundarias/A.1-Pruebas_compensaciones/11.1.4-Fuente_General" status="FAILED">
         <failure type="FAILED" message="Test Cases/1.2-Tareas_Secundarias/A.1-Pruebas_compensaciones/11.1.4-Fuente_General FAILED.
Reason:
com.kms.katalon.core.exception.StepFailedException: Unable to click on object 'Object Repository/2-OBJECTS TAREAS SECUNDARIAS/Pruebas Compensación/Fuente_General/a_Liquidacin Periodica'
	at com.kms.katalon.core.webui.keyword.internal.WebUIKeywordMain.stepFailed(WebUIKeywordMain.groovy:64)
	at com.kms.katalon.core.webui.keyword.internal.WebUIKeywordMain.runKeyword(WebUIKeywordMain.groovy:26)
	at com.kms.katalon.core.webui.keyword.builtin.ClickKeyword.click(ClickKeyword.groovy:74)
	at com.kms.katalon.core.webui.keyword.builtin.ClickKeyword.execute(ClickKeyword.groovy:40)
	at com.kms.katalon.core.keyword.internal.KeywordExecutor.executeKeywordForPlatform(KeywordExecutor.groovy:74)
	at com.kms.katalon.core.webui.keyword.WebUiBuiltInKeywords.click(WebUiBuiltInKeywords.groovy:620)
	at com.kms.katalon.core.webui.keyword.WebUiBuiltInKeywords$click$9.call(Unknown Source)
	at 11.1.4-Fuente_General.run(11.1.4-Fuente_General:133)
	at com.kms.katalon.core.main.ScriptEngine.run(ScriptEngine.java:194)
	at com.kms.katalon.core.main.ScriptEngine.runScriptAsRawText(ScriptEngine.java:119)
	at com.kms.katalon.core.main.TestCaseExecutor.runScript(TestCaseExecutor.java:448)
	at com.kms.katalon.core.main.TestCaseExecutor.doExecute(TestCaseExecutor.java:439)
	at com.kms.katalon.core.main.TestCaseExecutor.processExecutionPhase(TestCaseExecutor.java:418)
	at com.kms.katalon.core.main.TestCaseExecutor.accessMainPhase(TestCaseExecutor.java:410)
	at com.kms.katalon.core.main.TestCaseExecutor.execute(TestCaseExecutor.java:285)
	at com.kms.katalon.core.common.CommonExecutor.accessTestCaseMainPhase(CommonExecutor.java:65)
	at com.kms.katalon.core.main.TestSuiteExecutor.accessTestSuiteMainPhase(TestSuiteExecutor.java:151)
	at com.kms.katalon.core.main.TestSuiteExecutor.execute(TestSuiteExecutor.java:106)
	at com.kms.katalon.core.main.TestCaseMain.startTestSuite(TestCaseMain.java:185)
	at com.kms.katalon.core.main.TestCaseMain$startTestSuite$0.call(Unknown Source)
	at TempTestSuite1678383366099.run(TempTestSuite1678383366099.groovy:36)
Caused by: org.openqa.selenium.ElementClickInterceptedException: element click intercepted: Element &lt;a id=&quot;form_menuEmpleado:j_idt1638:j_idt1640:j_idt1681&quot; href=&quot;#&quot; class=&quot;ui-commandlink ui-widget&quot; onclick=&quot;PrimeFaces.ab({s:&amp;quot;form_menuEmpleado:j_idt1638:j_idt1640:j_idt1681&amp;quot;,f:&amp;quot;form_menuEmpleado&amp;quot;,u:&amp;quot;areaAplicacion&amp;quot;,onco:function(xhr,status,args,data){;}});return false;&quot; style=&quot;display: inline-block;&quot;>...&lt;/a> is not clickable at point (145, 433). Other element would receive the click: &lt;div id=&quot;popupErrorDialog:dialog_popupFoto_modal&quot; class=&quot;ui-widget-overlay ui-dialog-mask&quot; style=&quot;z-index: 1003;&quot;>&lt;/div>
  (Session info: chrome=110.0.5481.178)
Build info: version: '3.141.59', revision: 'e82be7d358', time: '2018-11-14T08:25:53'
System info: host: 'US-AF-000371', ip: '192.168.56.1', os.name: 'Windows 10', os.arch: 'amd64', os.version: '10.0', java.version: '1.8.0_282'
Driver info: com.kms.katalon.selenium.driver.CChromeDriver
Capabilities {acceptInsecureCerts: false, browserName: chrome, browserVersion: 110.0.5481.178, chrome: {chromedriverVersion: 109.0.5414.74 (e7c5703604da..., userDataDir: C:\Users\DIEGO~1.ROJ\AppDat...}, goog:chromeOptions: {debuggerAddress: localhost:64670}, javascriptEnabled: true, networkConnectionEnabled: false, pageLoadStrategy: normal, platform: WINDOWS, platformName: WINDOWS, proxy: Proxy(), setWindowRect: true, strictFileInteractability: false, timeouts: {implicit: 0, pageLoad: 300000, script: 30000}, unhandledPromptBehavior: dismiss and notify, webauthn:extension:credBlob: true, webauthn:extension:largeBlob: true, webauthn:virtualAuthenticators: true}
Session ID: e7de2c056ca0b8c56ffbb5fc376b89c0
	at org.openqa.selenium.remote.http.W3CHttpResponseCodec.createException(W3CHttpResponseCodec.java:187)
	at org.openqa.selenium.remote.http.W3CHttpResponseCodec.decode(W3CHttpResponseCodec.java:122)
	at org.openqa.selenium.remote.http.W3CHttpResponseCodec.decode(W3CHttpResponseCodec.java:49)
	at org.openqa.selenium.remote.HttpCommandExecutor.execute(HttpCommandExecutor.java:158)
	at org.openqa.selenium.remote.service.DriverCommandExecutor.execute(DriverCommandExecutor.java:83)
	at org.openqa.selenium.remote.RemoteWebDriver.execute(RemoteWebDriver.java:552)
	at com.kms.katalon.selenium.driver.CChromeDriver.execute(CChromeDriver.java:19)
	at org.openqa.selenium.remote.RemoteWebElement.execute(RemoteWebElement.java:285)
	at org.openqa.selenium.remote.RemoteWebElement.click(RemoteWebElement.java:84)
	at org.openqa.selenium.support.events.EventFiringWebDriver$EventFiringWebElement.lambda$new$0(EventFiringWebDriver.java:404)
	at com.sun.proxy.$Proxy11.click(Unknown Source)
	at org.openqa.selenium.support.events.EventFiringWebDriver$EventFiringWebElement.click(EventFiringWebDriver.java:417)
	at org.openqa.selenium.WebElement$click$0.call(Unknown Source)
	at com.kms.katalon.core.webui.keyword.builtin.ClickKeyword.clickUntilSuccessWithTimeout(ClickKeyword.groovy:81)
	at com.kms.katalon.core.webui.keyword.builtin.ClickKeyword.clickUntilSuccessWithTimeout(ClickKeyword.groovy)
	at com.kms.katalon.core.webui.keyword.builtin.ClickKeyword$_click_closure1.doCall(ClickKeyword.groovy:67)
	at com.kms.katalon.core.webui.keyword.builtin.ClickKeyword$_click_closure1.call(ClickKeyword.groovy)
	at com.kms.katalon.core.webui.keyword.internal.WebUIKeywordMain.runKeyword(WebUIKeywordMain.groovy:20)
	... 19 more
"/>
         <system-out><![CDATA[2023-03-09 13:39:50 - [TEST_CASE][FAILED] - Test Cases/1.2-Tareas_Secundarias/A.1-Pruebas_compensaciones/11.1.4-Fuente_General: Test Cases/1.2-Tareas_Secundarias/A.1-Pruebas_compensaciones/11.1.4-Fuente_General FAILED.
Reason:
com.kms.katalon.core.exception.StepFailedException: Unable to click on object 'Object Repository/2-OBJECTS TAREAS SECUNDARIAS/Pruebas Compensación/Fuente_General/a_Liquidacin Periodica'
	at com.kms.katalon.core.webui.keyword.internal.WebUIKeywordMain.stepFailed(WebUIKeywordMain.groovy:64)
	at com.kms.katalon.core.webui.keyword.internal.WebUIKeywordMain.runKeyword(WebUIKeywordMain.groovy:26)
	at com.kms.katalon.core.webui.keyword.builtin.ClickKeyword.click(ClickKeyword.groovy:74)
	at com.kms.katalon.core.webui.keyword.builtin.ClickKeyword.execute(ClickKeyword.groovy:40)
	at com.kms.katalon.core.keyword.internal.KeywordExecutor.executeKeywordForPlatform(KeywordExecutor.groovy:74)
	at com.kms.katalon.core.webui.keyword.WebUiBuiltInKeywords.click(WebUiBuiltInKeywords.groovy:620)
	at com.kms.katalon.core.webui.keyword.WebUiBuiltInKeywords$click$9.call(Unknown Source)
	at 11.1.4-Fuente_General.run(11.1.4-Fuente_General:133)
	at com.kms.katalon.core.main.ScriptEngine.run(ScriptEngine.java:194)
	at com.kms.katalon.core.main.ScriptEngine.runScriptAsRawText(ScriptEngine.java:119)
	at com.kms.katalon.core.main.TestCaseExecutor.runScript(TestCaseExecutor.java:448)
	at com.kms.katalon.core.main.TestCaseExecutor.doExecute(TestCaseExecutor.java:439)
	at com.kms.katalon.core.main.TestCaseExecutor.processExecutionPhase(TestCaseExecutor.java:418)
	at com.kms.katalon.core.main.TestCaseExecutor.accessMainPhase(TestCaseExecutor.java:410)
	at com.kms.katalon.core.main.TestCaseExecutor.execute(TestCaseExecutor.java:285)
	at com.kms.katalon.core.common.CommonExecutor.accessTestCaseMainPhase(CommonExecutor.java:65)
	at com.kms.katalon.core.main.TestSuiteExecutor.accessTestSuiteMainPhase(TestSuiteExecutor.java:151)
	at com.kms.katalon.core.main.TestSuiteExecutor.execute(TestSuiteExecutor.java:106)
	at com.kms.katalon.core.main.TestCaseMain.startTestSuite(TestCaseMain.java:185)
	at com.kms.katalon.core.main.TestCaseMain$startTestSuite$0.call(Unknown Source)
	at TempTestSuite1678383366099.run(TempTestSuite1678383366099.groovy:36)
Caused by: org.openqa.selenium.ElementClickInterceptedException: element click intercepted: Element <a id="form_menuEmpleado:j_idt1638:j_idt1640:j_idt1681" href="#" class="ui-commandlink ui-widget" onclick="PrimeFaces.ab({s:&quot;form_menuEmpleado:j_idt1638:j_idt1640:j_idt1681&quot;,f:&quot;form_menuEmpleado&quot;,u:&quot;areaAplicacion&quot;,onco:function(xhr,status,args,data){;}});return false;" style="display: inline-block;">...</a> is not clickable at point (145, 433). Other element would receive the click: <div id="popupErrorDialog:dialog_popupFoto_modal" class="ui-widget-overlay ui-dialog-mask" style="z-index: 1003;"></div>
  (Session info: chrome=110.0.5481.178)
Build info: version: '3.141.59', revision: 'e82be7d358', time: '2018-11-14T08:25:53'
System info: host: 'US-AF-000371', ip: '192.168.56.1', os.name: 'Windows 10', os.arch: 'amd64', os.version: '10.0', java.version: '1.8.0_282'
Driver info: com.kms.katalon.selenium.driver.CChromeDriver
Capabilities {acceptInsecureCerts: false, browserName: chrome, browserVersion: 110.0.5481.178, chrome: {chromedriverVersion: 109.0.5414.74 (e7c5703604da..., userDataDir: C:\Users\DIEGO~1.ROJ\AppDat...}, goog:chromeOptions: {debuggerAddress: localhost:64670}, javascriptEnabled: true, networkConnectionEnabled: false, pageLoadStrategy: normal, platform: WINDOWS, platformName: WINDOWS, proxy: Proxy(), setWindowRect: true, strictFileInteractability: false, timeouts: {implicit: 0, pageLoad: 300000, script: 30000}, unhandledPromptBehavior: dismiss and notify, webauthn:extension:credBlob: true, webauthn:extension:largeBlob: true, webauthn:virtualAuthenticators: true}
Session ID: e7de2c056ca0b8c56ffbb5fc376b89c0
	at org.openqa.selenium.remote.http.W3CHttpResponseCodec.createException(W3CHttpResponseCodec.java:187)
	at org.openqa.selenium.remote.http.W3CHttpResponseCodec.decode(W3CHttpResponseCodec.java:122)
	at org.openqa.selenium.remote.http.W3CHttpResponseCodec.decode(W3CHttpResponseCodec.java:49)
	at org.openqa.selenium.remote.HttpCommandExecutor.execute(HttpCommandExecutor.java:158)
	at org.openqa.selenium.remote.service.DriverCommandExecutor.execute(DriverCommandExecutor.java:83)
	at org.openqa.selenium.remote.RemoteWebDriver.execute(RemoteWebDriver.java:552)
	at com.kms.katalon.selenium.driver.CChromeDriver.execute(CChromeDriver.java:19)
	at org.openqa.selenium.remote.RemoteWebElement.execute(RemoteWebElement.java:285)
	at org.openqa.selenium.remote.RemoteWebElement.click(RemoteWebElement.java:84)
	at org.openqa.selenium.support.events.EventFiringWebDriver$EventFiringWebElement.lambda$new$0(EventFiringWebDriver.java:404)
	at com.sun.proxy.$Proxy11.click(Unknown Source)
	at org.openqa.selenium.support.events.EventFiringWebDriver$EventFiringWebElement.click(EventFiringWebDriver.java:417)
	at org.openqa.selenium.WebElement$click$0.call(Unknown Source)
	at com.kms.katalon.core.webui.keyword.builtin.ClickKeyword.clickUntilSuccessWithTimeout(ClickKeyword.groovy:81)
	at com.kms.katalon.core.webui.keyword.builtin.ClickKeyword.clickUntilSuccessWithTimeout(ClickKeyword.groovy)
	at com.kms.katalon.core.webui.keyword.builtin.ClickKeyword$_click_closure1.doCall(ClickKeyword.groovy:67)
	at com.kms.katalon.core.webui.keyword.builtin.ClickKeyword$_click_closure1.call(ClickKeyword.groovy)
	at com.kms.katalon.core.webui.keyword.internal.WebUIKeywordMain.runKeyword(WebUIKeywordMain.groovy:20)
	... 19 more


2023-03-09 13:39:50 - [TEST_STEP][PASSED] - callTestCase(findTestCase("0.1-Login"), [:], STOP_ON_FAILURE): Call Test Case 'Test Cases/0.1-Login' successfully

2023-03-09 13:39:50 - [TEST_CASE][PASSED] - Test Cases/0.1-Login: Test Cases/0.1-Login

2023-03-09 13:39:50 - [TEST_STEP][PASSED] - openBrowser(""): Browser is opened with url: ''

2023-03-09 13:39:50 - [MESSAGE][INFO] - Starting 'Chrome' driver

2023-03-09 13:39:50 - [MESSAGE][INFO] - Action delay is set to 0 milliseconds

2023-03-09 13:39:51 - [MESSAGE][PASSED] - Browser is opened with url: ''

2023-03-09 13:39:51 - [TEST_STEP][PASSED] - maximizeWindow(): Current window maximized

2023-03-09 13:39:52 - [MESSAGE][PASSED] - Current window maximized

2023-03-09 13:39:52 - [TEST_STEP][PASSED] - i = G_Login: null

2023-03-09 13:39:52 - [TEST_STEP][PASSED] - url = new java.net.URL(i): null

2023-03-09 13:39:52 - [TEST_STEP][PASSED] - println("URL: " + url.toString()): null

2023-03-09 13:39:52 - [TEST_STEP][PASSED] - connection = url.openConnection(): null

2023-03-09 13:39:52 - [TEST_STEP][PASSED] - connection.setRequestMethod("GET"): null

2023-03-09 13:39:52 - [TEST_STEP][PASSED] - connection.setReadTimeout(2 * 1000): null

2023-03-09 13:39:52 - [TEST_STEP][PASSED] - try: null

2023-03-09 13:39:52 - [TEST_STEP][PASSED] - connection.connect(): null

2023-03-09 13:39:52 - [TEST_STEP][PASSED] - flag = connected: null

2023-03-09 13:39:52 - [TEST_STEP][PASSED] - println("Valor_ori: " + flag): null

2023-03-09 13:39:52 - [TEST_STEP][PASSED] - if (flag): null

2023-03-09 13:39:52 - [TEST_STEP][PASSED] - navigateToUrl(i): Navigate to 'http://192.168.2.19:7001/saraweb' successfully

2023-03-09 13:39:53 - [MESSAGE][PASSED] - Navigate to 'http://192.168.2.19:7001/saraweb' successfully

2023-03-09 13:39:53 - [TEST_STEP][PASSED] - a(): null

2023-03-09 13:39:53 - [TEST_STEP][PASSED] - if (waitForElementVisible(findTestObject("3-OBJECTS UTILIDADES/Login/input_USUARIO_loginusuario"), 0)): null

2023-03-09 13:39:53 - [MESSAGE][WARNING] - Timeout '0' is invalid. Using default page load timeout: '37'

2023-03-09 13:39:53 - [MESSAGE][PASSED] - Object 'Object Repository/3-OBJECTS UTILIDADES/Login/input_USUARIO_loginusuario' is visible

2023-03-09 13:39:53 - [TEST_STEP][PASSED] - switchToWindowTitle("SARA"): Switched to window with title: 'SARA'

2023-03-09 13:39:53 - [MESSAGE][PASSED] - Switched to window with title: 'SARA'

2023-03-09 13:39:53 - [TEST_STEP][PASSED] - zoom(): null

2023-03-09 13:39:53 - [TEST_STEP][PASSED] - robot = new java.awt.Robot(): null

2023-03-09 13:39:53 - [TEST_STEP][PASSED] - robot.keyPress(VK_CONTROL): null

2023-03-09 13:39:53 - [TEST_STEP][PASSED] - robot.keyPress(VK_SUBTRACT): null

2023-03-09 13:39:53 - [TEST_STEP][PASSED] - robot.keyRelease(VK_CONTROL): null

2023-03-09 13:39:53 - [TEST_STEP][PASSED] - robot.keyRelease(VK_SUBTRACT): null

2023-03-09 13:39:53 - [TEST_STEP][PASSED] - robot.keyPress(VK_CONTROL): null

2023-03-09 13:39:53 - [TEST_STEP][PASSED] - robot.keyPress(VK_SUBTRACT): null

2023-03-09 13:39:53 - [TEST_STEP][PASSED] - robot.keyRelease(VK_CONTROL): null

2023-03-09 13:39:53 - [TEST_STEP][PASSED] - robot.keyRelease(VK_SUBTRACT): null

2023-03-09 13:39:53 - [TEST_STEP][PASSED] - robot.keyPress(VK_CONTROL): null

2023-03-09 13:39:53 - [TEST_STEP][PASSED] - robot.keyPress(VK_SUBTRACT): null

2023-03-09 13:39:53 - [TEST_STEP][PASSED] - robot.keyRelease(VK_CONTROL): null

2023-03-09 13:39:53 - [TEST_STEP][PASSED] - robot.keyRelease(VK_SUBTRACT): null

2023-03-09 13:39:53 - [TEST_STEP][PASSED] - robot.keyRelease(VK_CONTROL): null

2023-03-09 13:39:53 - [TEST_STEP][PASSED] - robot.keyRelease(VK_SUBTRACT): null

2023-03-09 13:39:53 - [TEST_STEP][PASSED] - setText(findTestObject("3-OBJECTS UTILIDADES/Login/input_USUARIO_loginusuario"), G_Usuario): Text 'weblogic' is set on object 'Object Repository/3-OBJECTS UTILIDADES/Login/input_USUARIO_loginusuario'

2023-03-09 13:39:54 - [MESSAGE][PASSED] - Text 'weblogic' is set on object 'Object Repository/3-OBJECTS UTILIDADES/Login/input_USUARIO_loginusuario'

2023-03-09 13:39:54 - [TEST_STEP][PASSED] - setEncryptedText(findTestObject("3-OBJECTS UTILIDADES/Login/input_CLAVE_loginpassword"), "SlAwMcyRKqrwbnzhAs8HhT6NnI7sEyng"): Text ****** has been set on object 'Object Repository/3-OBJECTS UTILIDADES/Login/input_CLAVE_loginpassword'

2023-03-09 13:39:57 - [MESSAGE][PASSED] - Text ****** has been set on object 'Object Repository/3-OBJECTS UTILIDADES/Login/input_CLAVE_loginpassword'

2023-03-09 13:39:57 - [TEST_STEP][PASSED] - while (waitForElementClickable(findTestObject("3-OBJECTS UTILIDADES/Login/a_Ingresar"), 1)): Web element with id: 'Object Repository/3-OBJECTS UTILIDADES/Login/a_Ingresar' located by '//a[contains(text(),'Ingresar')]' not found

2023-03-09 13:40:00 - [MESSAGE][INFO] - Unable to find the element located by 'By.xpath: //a[contains(text(),'Ingresar')]'. Please recheck the objects properties to make sure the desired element is located. 

2023-03-09 13:40:00 - [MESSAGE][WARNING] - Web element with id: 'Object Repository/3-OBJECTS UTILIDADES/Login/a_Ingresar' located by '//a[contains(text(),'Ingresar')]' not found

2023-03-09 13:40:00 - [MESSAGE][PASSED] - Call Test Case 'Test Cases/0.1-Login' successfully

2023-03-09 13:40:00 - [TEST_STEP][PASSED] - setText(findTestObject("2-OBJECTS TAREAS SECUNDARIAS/Pruebas Compensación/Fuente_General/input_Empresa 1_form_templatej_idt24_input"), "importar fuente general"): Text 'importar fuente general' is set on object 'Object Repository/2-OBJECTS TAREAS SECUNDARIAS/Pruebas Compensación/Fuente_General/input_Empresa 1_form_templatej_idt24_input'

2023-03-09 13:40:00 - [MESSAGE][PASSED] - Text 'importar fuente general' is set on object 'Object Repository/2-OBJECTS TAREAS SECUNDARIAS/Pruebas Compensación/Fuente_General/input_Empresa 1_form_templatej_idt24_input'

2023-03-09 13:40:00 - [TEST_STEP][PASSED] - click(findTestObject("2-OBJECTS TAREAS SECUNDARIAS/Pruebas Compensación/Fuente_General/li_fuente general (gna)")): Object: 'Object Repository/2-OBJECTS TAREAS SECUNDARIAS/Pruebas Compensación/Fuente_General/li_fuente general (gna)' is clicked on

2023-03-09 13:40:02 - [MESSAGE][PASSED] - Object: 'Object Repository/2-OBJECTS TAREAS SECUNDARIAS/Pruebas Compensación/Fuente_General/li_fuente general (gna)' is clicked on

2023-03-09 13:40:02 - [TEST_STEP][PASSED] - setText(findTestObject("1-OBJECTS TAREAS PRINCIPALES/Modulo Tarea Sara General/Importar Fuente General/input_Procesos Generados_formImportarListadoFuentej_idt67"), "Creación prestamos"): Text 'Creación prestamos' is set on object 'Object Repository/1-OBJECTS TAREAS PRINCIPALES/Modulo Tarea Sara General/Importar Fuente General/input_Procesos Generados_formImportarListadoFuentej_idt67'

2023-03-09 13:40:05 - [MESSAGE][PASSED] - Text 'Creación prestamos' is set on object 'Object Repository/1-OBJECTS TAREAS PRINCIPALES/Modulo Tarea Sara General/Importar Fuente General/input_Procesos Generados_formImportarListadoFuentej_idt67'

2023-03-09 13:40:05 - [TEST_STEP][PASSED] - sendKeys(findTestObject("1-OBJECTS TAREAS PRINCIPALES/Modulo Tarea Sara General/Importar Fuente General/input_Procesos Generados_formImportarListadoFuentej_idt67"), Keys.chord(ENTER)): Keys 'ENTER + ' sent to object: 'Object Repository/1-OBJECTS TAREAS PRINCIPALES/Modulo Tarea Sara General/Importar Fuente General/input_Procesos Generados_formImportarListadoFuentej_idt67'

2023-03-09 13:40:07 - [MESSAGE][PASSED] - Keys 'ENTER + ' sent to object: 'Object Repository/1-OBJECTS TAREAS PRINCIPALES/Modulo Tarea Sara General/Importar Fuente General/input_Procesos Generados_formImportarListadoFuentej_idt67'

2023-03-09 13:40:07 - [TEST_STEP][PASSED] - click(findTestObject("1-OBJECTS TAREAS PRINCIPALES/Modulo Tarea Sara General/Importar Fuente General/td_Creacin Prestamos")): Object: 'Object Repository/1-OBJECTS TAREAS PRINCIPALES/Modulo Tarea Sara General/Importar Fuente General/td_Creacin Prestamos' is clicked on

2023-03-09 13:40:08 - [MESSAGE][PASSED] - Object: 'Object Repository/1-OBJECTS TAREAS PRINCIPALES/Modulo Tarea Sara General/Importar Fuente General/td_Creacin Prestamos' is clicked on

2023-03-09 13:40:08 - [TEST_STEP][PASSED] - ra = "": null

2023-03-09 13:40:08 - [TEST_STEP][PASSED] - ruta = Systema() + "carguePrestamo.txt": null

2023-03-09 13:40:08 - [TEST_STEP][PASSED] - RutaA = System.getProperty("os.name"): null

2023-03-09 13:40:08 - [TEST_STEP][PASSED] - println(RutaA): null

2023-03-09 13:40:08 - [TEST_STEP][PASSED] - if (RutaA == "Windows 10"): null

2023-03-09 13:40:08 - [TEST_STEP][PASSED] - rutaW = getProjectDir() + "/1.Requerimientos/Documento para pruebas/": null

2023-03-09 13:40:08 - [TEST_STEP][PASSED] - rutaW = rutaW.replace("/", "\"): null

2023-03-09 13:40:08 - [TEST_STEP][PASSED] - println("Esta es la ruta:" + rutaW): null

2023-03-09 13:40:08 - [TEST_STEP][PASSED] - ra = rutaW: null

2023-03-09 13:40:08 - [TEST_STEP][PASSED] - uploadFile(findTestObject("1-OBJECTS TAREAS PRINCIPALES/Modulo Tarea Sara General/Importar Fuente General/input_Cargar_formImportarFuentetabarchivo_input"), ruta): File 'C:\Users\diego.rojas\git\Pruebas-Minimas\1.Requerimientos\Documento para pruebas\carguePrestamo.txt' sent to object: 'Object Repository/1-OBJECTS TAREAS PRINCIPALES/Modulo Tarea Sara General/Importar Fuente General/input_Cargar_formImportarFuentetabarchivo_input'

2023-03-09 13:40:08 - [MESSAGE][PASSED] - File 'C:\Users\diego.rojas\git\Pruebas-Minimas\1.Requerimientos\Documento para pruebas\carguePrestamo.txt' sent to object: 'Object Repository/1-OBJECTS TAREAS PRINCIPALES/Modulo Tarea Sara General/Importar Fuente General/input_Cargar_formImportarFuentetabarchivo_input'

2023-03-09 13:40:08 - [TEST_STEP][PASSED] - click(findTestObject("1-OBJECTS TAREAS PRINCIPALES/Modulo Tarea Sara General/Importar Fuente General/a_Importar")): Object: 'Object Repository/1-OBJECTS TAREAS PRINCIPALES/Modulo Tarea Sara General/Importar Fuente General/a_Importar' is clicked on

2023-03-09 13:40:11 - [MESSAGE][PASSED] - Object: 'Object Repository/1-OBJECTS TAREAS PRINCIPALES/Modulo Tarea Sara General/Importar Fuente General/a_Importar' is clicked on

2023-03-09 13:40:11 - [TEST_STEP][PASSED] - waitForElementVisible(findTestObject("2-OBJECTS TAREAS SECUNDARIAS/Pruebas Compensación/Fuente_General/a_Continuar"), 0): Object 'Object Repository/2-OBJECTS TAREAS SECUNDARIAS/Pruebas Compensación/Fuente_General/a_Continuar' is visible

2023-03-09 13:40:11 - [MESSAGE][WARNING] - Timeout '0' is invalid. Using default page load timeout: '37'

2023-03-09 13:40:14 - [MESSAGE][PASSED] - Object 'Object Repository/2-OBJECTS TAREAS SECUNDARIAS/Pruebas Compensación/Fuente_General/a_Continuar' is visible

2023-03-09 13:40:14 - [TEST_STEP][PASSED] - click(findTestObject("2-OBJECTS TAREAS SECUNDARIAS/Pruebas Compensación/Fuente_General/a_Continuar")): Object: 'Object Repository/2-OBJECTS TAREAS SECUNDARIAS/Pruebas Compensación/Fuente_General/a_Continuar' is clicked on

2023-03-09 13:40:14 - [MESSAGE][PASSED] - Object: 'Object Repository/2-OBJECTS TAREAS SECUNDARIAS/Pruebas Compensación/Fuente_General/a_Continuar' is clicked on

2023-03-09 13:40:14 - [TEST_STEP][PASSED] - click(findTestObject("2-OBJECTS TAREAS SECUNDARIAS/Pruebas Compensación/Fuente_General/a_Ejecutar")): Object: 'Object Repository/2-OBJECTS TAREAS SECUNDARIAS/Pruebas Compensación/Fuente_General/a_Ejecutar' is clicked on

2023-03-09 13:40:22 - [MESSAGE][PASSED] - Object: 'Object Repository/2-OBJECTS TAREAS SECUNDARIAS/Pruebas Compensación/Fuente_General/a_Ejecutar' is clicked on

2023-03-09 13:40:22 - [TEST_STEP][PASSED] - if (waitForElementVisible(findTestObject("2-OBJECTS TAREAS SECUNDARIAS/Pruebas Compensación/Fuente_General/a_Continuar - Copy"), 3)): null

2023-03-09 13:40:24 - [MESSAGE][PASSED] - Object 'Object Repository/2-OBJECTS TAREAS SECUNDARIAS/Pruebas Compensación/Fuente_General/a_Continuar - Copy' is visible

2023-03-09 13:40:24 - [TEST_STEP][PASSED] - click(findTestObject("2-OBJECTS TAREAS SECUNDARIAS/Pruebas Compensación/Fuente_General/a_Continuar - Copy")): Object: 'Object Repository/2-OBJECTS TAREAS SECUNDARIAS/Pruebas Compensación/Fuente_General/a_Continuar - Copy' is clicked on

2023-03-09 13:40:25 - [MESSAGE][PASSED] - Object: 'Object Repository/2-OBJECTS TAREAS SECUNDARIAS/Pruebas Compensación/Fuente_General/a_Continuar - Copy' is clicked on

2023-03-09 13:40:25 - [TEST_STEP][PASSED] - waitForElementVisible(findTestObject("2-OBJECTS TAREAS SECUNDARIAS/Pruebas Compensación/Fuente_General/mensaje"), 0): Object 'Object Repository/2-OBJECTS TAREAS SECUNDARIAS/Pruebas Compensación/Fuente_General/mensaje' is visible

2023-03-09 13:40:25 - [MESSAGE][WARNING] - Timeout '0' is invalid. Using default page load timeout: '37'

2023-03-09 13:40:25 - [MESSAGE][PASSED] - Object 'Object Repository/2-OBJECTS TAREAS SECUNDARIAS/Pruebas Compensación/Fuente_General/mensaje' is visible

2023-03-09 13:40:25 - [TEST_STEP][PASSED] - Result = getText(findTestObject("2-OBJECTS TAREAS SECUNDARIAS/Pruebas Compensación/Fuente_General/mensaje")): Text of object 'Object Repository/2-OBJECTS TAREAS SECUNDARIAS/Pruebas Compensación/Fuente_General/mensaje' is: 'insertarprestamo:No valida (.,Registro ya existe-789)|'

2023-03-09 13:40:26 - [MESSAGE][PASSED] - Text of object 'Object Repository/2-OBJECTS TAREAS SECUNDARIAS/Pruebas Compensación/Fuente_General/mensaje' is: 'insertarprestamo:No valida (.,Registro ya existe-789)|'

2023-03-09 13:40:26 - [TEST_STEP][PASSED] - if (Result == ""): null

2023-03-09 13:40:26 - [TEST_STEP][PASSED] - else: null

2023-03-09 13:40:26 - [TEST_STEP][PASSED] - click(findTestObject("2-OBJECTS TAREAS SECUNDARIAS/Pruebas Compensación/Fuente_General/a_Regresar")): Object: 'Object Repository/2-OBJECTS TAREAS SECUNDARIAS/Pruebas Compensación/Fuente_General/a_Regresar' is clicked on

2023-03-09 13:40:28 - [MESSAGE][PASSED] - Object: 'Object Repository/2-OBJECTS TAREAS SECUNDARIAS/Pruebas Compensación/Fuente_General/a_Regresar' is clicked on

2023-03-09 13:40:28 - [TEST_STEP][PASSED] - click(findTestObject("1-OBJECTS TAREAS PRINCIPALES/Modulo Tarea Sara General/Importar Fuente General/td_Creacin Prestamos")): Object: 'Object Repository/1-OBJECTS TAREAS PRINCIPALES/Modulo Tarea Sara General/Importar Fuente General/td_Creacin Prestamos' is clicked on

2023-03-09 13:40:28 - [MESSAGE][PASSED] - Object: 'Object Repository/1-OBJECTS TAREAS PRINCIPALES/Modulo Tarea Sara General/Importar Fuente General/td_Creacin Prestamos' is clicked on

2023-03-09 13:40:28 - [TEST_STEP][PASSED] - ruta1 = Systema() + "carguePrestamo1.txt": null

2023-03-09 13:40:28 - [TEST_STEP][PASSED] - RutaA = System.getProperty("os.name"): null

2023-03-09 13:40:28 - [TEST_STEP][PASSED] - println(RutaA): null

2023-03-09 13:40:28 - [TEST_STEP][FAILED] - if (RutaA == "Windows 10"): Unable to click on object 'Object Repository/2-OBJECTS TAREAS SECUNDARIAS/Pruebas Compensación/Fuente_General/a_Liquidacin Periodica' (Root cause: com.kms.katalon.core.exception.StepFailedException: Unable to click on object 'Object Repository/2-OBJECTS TAREAS SECUNDARIAS/Pruebas Compensación/Fuente_General/a_Liquidacin Periodica'
	at com.kms.katalon.core.webui.keyword.internal.WebUIKeywordMain.stepFailed(WebUIKeywordMain.groovy:64)
	at com.kms.katalon.core.webui.keyword.internal.WebUIKeywordMain.runKeyword(WebUIKeywordMain.groovy:26)
	at com.kms.katalon.core.webui.keyword.builtin.ClickKeyword.click(ClickKeyword.groovy:74)
	at com.kms.katalon.core.webui.keyword.builtin.ClickKeyword.execute(ClickKeyword.groovy:40)
	at com.kms.katalon.core.keyword.internal.KeywordExecutor.executeKeywordForPlatform(KeywordExecutor.groovy:74)
	at com.kms.katalon.core.webui.keyword.WebUiBuiltInKeywords.click(WebUiBuiltInKeywords.groovy:620)
	at com.kms.katalon.core.webui.keyword.WebUiBuiltInKeywords$click$9.call(Unknown Source)
	at 11.1.4-Fuente_General.run(11.1.4-Fuente_General:133)
	at com.kms.katalon.core.main.ScriptEngine.run(ScriptEngine.java:194)
	at com.kms.katalon.core.main.ScriptEngine.runScriptAsRawText(ScriptEngine.java:119)
	at com.kms.katalon.core.main.TestCaseExecutor.runScript(TestCaseExecutor.java:448)
	at com.kms.katalon.core.main.TestCaseExecutor.doExecute(TestCaseExecutor.java:439)
	at com.kms.katalon.core.main.TestCaseExecutor.processExecutionPhase(TestCaseExecutor.java:418)
	at com.kms.katalon.core.main.TestCaseExecutor.accessMainPhase(TestCaseExecutor.java:410)
	at com.kms.katalon.core.main.TestCaseExecutor.execute(TestCaseExecutor.java:285)
	at com.kms.katalon.core.common.CommonExecutor.accessTestCaseMainPhase(CommonExecutor.java:65)
	at com.kms.katalon.core.main.TestSuiteExecutor.accessTestSuiteMainPhase(TestSuiteExecutor.java:151)
	at com.kms.katalon.core.main.TestSuiteExecutor.execute(TestSuiteExecutor.java:106)
	at com.kms.katalon.core.main.TestCaseMain.startTestSuite(TestCaseMain.java:185)
	at com.kms.katalon.core.main.TestCaseMain$startTestSuite$0.call(Unknown Source)
	at TempTestSuite1678383366099.run(TempTestSuite1678383366099.groovy:36)
Caused by: org.openqa.selenium.ElementClickInterceptedException: element click intercepted: Element <a id="form_menuEmpleado:j_idt1638:j_idt1640:j_idt1681" href="#" class="ui-commandlink ui-widget" onclick="PrimeFaces.ab({s:&quot;form_menuEmpleado:j_idt1638:j_idt1640:j_idt1681&quot;,f:&quot;form_menuEmpleado&quot;,u:&quot;areaAplicacion&quot;,onco:function(xhr,status,args,data){;}});return false;" style="display: inline-block;">...</a> is not clickable at point (145, 433). Other element would receive the click: <div id="popupErrorDialog:dialog_popupFoto_modal" class="ui-widget-overlay ui-dialog-mask" style="z-index: 1003;"></div>
  (Session info: chrome=110.0.5481.178)
Build info: version: '3.141.59', revision: 'e82be7d358', time: '2018-11-14T08:25:53'
System info: host: 'US-AF-000371', ip: '192.168.56.1', os.name: 'Windows 10', os.arch: 'amd64', os.version: '10.0', java.version: '1.8.0_282'
Driver info: com.kms.katalon.selenium.driver.CChromeDriver
Capabilities {acceptInsecureCerts: false, browserName: chrome, browserVersion: 110.0.5481.178, chrome: {chromedriverVersion: 109.0.5414.74 (e7c5703604da..., userDataDir: C:\Users\DIEGO~1.ROJ\AppDat...}, goog:chromeOptions: {debuggerAddress: localhost:64670}, javascriptEnabled: true, networkConnectionEnabled: false, pageLoadStrategy: normal, platform: WINDOWS, platformName: WINDOWS, proxy: Proxy(), setWindowRect: true, strictFileInteractability: false, timeouts: {implicit: 0, pageLoad: 300000, script: 30000}, unhandledPromptBehavior: dismiss and notify, webauthn:extension:credBlob: true, webauthn:extension:largeBlob: true, webauthn:virtualAuthenticators: true}
Session ID: e7de2c056ca0b8c56ffbb5fc376b89c0
	at org.openqa.selenium.remote.http.W3CHttpResponseCodec.createException(W3CHttpResponseCodec.java:187)
	at org.openqa.selenium.remote.http.W3CHttpResponseCodec.decode(W3CHttpResponseCodec.java:122)
	at org.openqa.selenium.remote.http.W3CHttpResponseCodec.decode(W3CHttpResponseCodec.java:49)
	at org.openqa.selenium.remote.HttpCommandExecutor.execute(HttpCommandExecutor.java:158)
	at org.openqa.selenium.remote.service.DriverCommandExecutor.execute(DriverCommandExecutor.java:83)
	at org.openqa.selenium.remote.RemoteWebDriver.execute(RemoteWebDriver.java:552)
	at com.kms.katalon.selenium.driver.CChromeDriver.execute(CChromeDriver.java:19)
	at org.openqa.selenium.remote.RemoteWebElement.execute(RemoteWebElement.java:285)
	at org.openqa.selenium.remote.RemoteWebElement.click(RemoteWebElement.java:84)
	at org.openqa.selenium.support.events.EventFiringWebDriver$EventFiringWebElement.lambda$new$0(EventFiringWebDriver.java:404)
	at com.sun.proxy.$Proxy11.click(Unknown Source)
	at org.openqa.selenium.support.events.EventFiringWebDriver$EventFiringWebElement.click(EventFiringWebDriver.java:417)
	at org.openqa.selenium.WebElement$click$0.call(Unknown Source)
	at com.kms.katalon.core.webui.keyword.builtin.ClickKeyword.clickUntilSuccessWithTimeout(ClickKeyword.groovy:81)
	at com.kms.katalon.core.webui.keyword.builtin.ClickKeyword.clickUntilSuccessWithTimeout(ClickKeyword.groovy)
	at com.kms.katalon.core.webui.keyword.builtin.ClickKeyword$_click_closure1.doCall(ClickKeyword.groovy:67)
	at com.kms.katalon.core.webui.keyword.builtin.ClickKeyword$_click_closure1.call(ClickKeyword.groovy)
	at com.kms.katalon.core.webui.keyword.internal.WebUIKeywordMain.runKeyword(WebUIKeywordMain.groovy:20)
	at com.kms.katalon.core.webui.keyword.builtin.ClickKeyword.click(ClickKeyword.groovy:74)
	at com.kms.katalon.core.webui.keyword.builtin.ClickKeyword.execute(ClickKeyword.groovy:40)
	at com.kms.katalon.core.keyword.internal.KeywordExecutor.executeKeywordForPlatform(KeywordExecutor.groovy:74)
	at com.kms.katalon.core.webui.keyword.WebUiBuiltInKeywords.click(WebUiBuiltInKeywords.groovy:620)
	at com.kms.katalon.core.webui.keyword.WebUiBuiltInKeywords$click$9.call(Unknown Source)
	at Script1648473989075.run(Script1648473989075.groovy:133)
	... 13 more
)

2023-03-09 13:40:28 - [TEST_STEP][PASSED] - rutaW = getProjectDir() + "/1.Requerimientos/Documento para pruebas/": null

2023-03-09 13:40:28 - [TEST_STEP][PASSED] - rutaW = rutaW.replace("/", "\"): null

2023-03-09 13:40:28 - [TEST_STEP][PASSED] - println("Esta es la ruta:" + rutaW): null

2023-03-09 13:40:28 - [TEST_STEP][PASSED] - ra = rutaW: null

2023-03-09 13:40:28 - [TEST_STEP][PASSED] - uploadFile(findTestObject("1-OBJECTS TAREAS PRINCIPALES/Modulo Tarea Sara General/Importar Fuente General/input_Cargar_formImportarFuentetabarchivo_input"), ruta1): File 'C:\Users\diego.rojas\git\Pruebas-Minimas\1.Requerimientos\Documento para pruebas\carguePrestamo1.txt' sent to object: 'Object Repository/1-OBJECTS TAREAS PRINCIPALES/Modulo Tarea Sara General/Importar Fuente General/input_Cargar_formImportarFuentetabarchivo_input'

2023-03-09 13:40:29 - [MESSAGE][PASSED] - File 'C:\Users\diego.rojas\git\Pruebas-Minimas\1.Requerimientos\Documento para pruebas\carguePrestamo1.txt' sent to object: 'Object Repository/1-OBJECTS TAREAS PRINCIPALES/Modulo Tarea Sara General/Importar Fuente General/input_Cargar_formImportarFuentetabarchivo_input'

2023-03-09 13:40:29 - [TEST_STEP][PASSED] - click(findTestObject("1-OBJECTS TAREAS PRINCIPALES/Modulo Tarea Sara General/Importar Fuente General/a_Importar")): Object: 'Object Repository/1-OBJECTS TAREAS PRINCIPALES/Modulo Tarea Sara General/Importar Fuente General/a_Importar' is clicked on

2023-03-09 13:40:31 - [MESSAGE][PASSED] - Object: 'Object Repository/1-OBJECTS TAREAS PRINCIPALES/Modulo Tarea Sara General/Importar Fuente General/a_Importar' is clicked on

2023-03-09 13:40:31 - [TEST_STEP][PASSED] - waitForElementVisible(findTestObject("2-OBJECTS TAREAS SECUNDARIAS/Pruebas Compensación/Fuente_General/a_Continuar"), 0): Object 'Object Repository/2-OBJECTS TAREAS SECUNDARIAS/Pruebas Compensación/Fuente_General/a_Continuar' is visible

2023-03-09 13:40:31 - [MESSAGE][WARNING] - Timeout '0' is invalid. Using default page load timeout: '37'

2023-03-09 13:40:34 - [MESSAGE][PASSED] - Object 'Object Repository/2-OBJECTS TAREAS SECUNDARIAS/Pruebas Compensación/Fuente_General/a_Continuar' is visible

2023-03-09 13:40:34 - [TEST_STEP][PASSED] - click(findTestObject("2-OBJECTS TAREAS SECUNDARIAS/Pruebas Compensación/Fuente_General/a_Continuar")): Object: 'Object Repository/2-OBJECTS TAREAS SECUNDARIAS/Pruebas Compensación/Fuente_General/a_Continuar' is clicked on

2023-03-09 13:40:35 - [MESSAGE][PASSED] - Object: 'Object Repository/2-OBJECTS TAREAS SECUNDARIAS/Pruebas Compensación/Fuente_General/a_Continuar' is clicked on

2023-03-09 13:40:35 - [TEST_STEP][PASSED] - click(findTestObject("2-OBJECTS TAREAS SECUNDARIAS/Pruebas Compensación/Fuente_General/a_Ejecutar")): Object: 'Object Repository/2-OBJECTS TAREAS SECUNDARIAS/Pruebas Compensación/Fuente_General/a_Ejecutar' is clicked on

2023-03-09 13:40:42 - [MESSAGE][PASSED] - Object: 'Object Repository/2-OBJECTS TAREAS SECUNDARIAS/Pruebas Compensación/Fuente_General/a_Ejecutar' is clicked on

2023-03-09 13:40:42 - [TEST_STEP][PASSED] - click(findTestObject("2-OBJECTS TAREAS SECUNDARIAS/Pruebas Compensación/Fuente_General/a_Continuar")): Object: 'Object Repository/2-OBJECTS TAREAS SECUNDARIAS/Pruebas Compensación/Fuente_General/a_Continuar' is clicked on

2023-03-09 13:40:45 - [MESSAGE][PASSED] - Object: 'Object Repository/2-OBJECTS TAREAS SECUNDARIAS/Pruebas Compensación/Fuente_General/a_Continuar' is clicked on

2023-03-09 13:40:45 - [TEST_STEP][PASSED] - Result1 = getText(findTestObject("2-OBJECTS TAREAS SECUNDARIAS/Pruebas Compensación/Fuente_General/mensaje")): Text of object 'Object Repository/2-OBJECTS TAREAS SECUNDARIAS/Pruebas Compensación/Fuente_General/mensaje' is: 'insertarprestamo:No valida (.,Registro ya existe-999)|'

2023-03-09 13:40:45 - [MESSAGE][PASSED] - Text of object 'Object Repository/2-OBJECTS TAREAS SECUNDARIAS/Pruebas Compensación/Fuente_General/mensaje' is: 'insertarprestamo:No valida (.,Registro ya existe-999)|'

2023-03-09 13:40:45 - [TEST_STEP][PASSED] - if (Result1 == ""): null

2023-03-09 13:40:45 - [TEST_STEP][FAILED] - else: Unable to click on object 'Object Repository/2-OBJECTS TAREAS SECUNDARIAS/Pruebas Compensación/Fuente_General/a_Liquidacin Periodica' (Root cause: com.kms.katalon.core.exception.StepFailedException: Unable to click on object 'Object Repository/2-OBJECTS TAREAS SECUNDARIAS/Pruebas Compensación/Fuente_General/a_Liquidacin Periodica'
	at com.kms.katalon.core.webui.keyword.internal.WebUIKeywordMain.stepFailed(WebUIKeywordMain.groovy:64)
	at com.kms.katalon.core.webui.keyword.internal.WebUIKeywordMain.runKeyword(WebUIKeywordMain.groovy:26)
	at com.kms.katalon.core.webui.keyword.builtin.ClickKeyword.click(ClickKeyword.groovy:74)
	at com.kms.katalon.core.webui.keyword.builtin.ClickKeyword.execute(ClickKeyword.groovy:40)
	at com.kms.katalon.core.keyword.internal.KeywordExecutor.executeKeywordForPlatform(KeywordExecutor.groovy:74)
	at com.kms.katalon.core.webui.keyword.WebUiBuiltInKeywords.click(WebUiBuiltInKeywords.groovy:620)
	at com.kms.katalon.core.webui.keyword.WebUiBuiltInKeywords$click$9.call(Unknown Source)
	at 11.1.4-Fuente_General.run(11.1.4-Fuente_General:133)
	at com.kms.katalon.core.main.ScriptEngine.run(ScriptEngine.java:194)
	at com.kms.katalon.core.main.ScriptEngine.runScriptAsRawText(ScriptEngine.java:119)
	at com.kms.katalon.core.main.TestCaseExecutor.runScript(TestCaseExecutor.java:448)
	at com.kms.katalon.core.main.TestCaseExecutor.doExecute(TestCaseExecutor.java:439)
	at com.kms.katalon.core.main.TestCaseExecutor.processExecutionPhase(TestCaseExecutor.java:418)
	at com.kms.katalon.core.main.TestCaseExecutor.accessMainPhase(TestCaseExecutor.java:410)
	at com.kms.katalon.core.main.TestCaseExecutor.execute(TestCaseExecutor.java:285)
	at com.kms.katalon.core.common.CommonExecutor.accessTestCaseMainPhase(CommonExecutor.java:65)
	at com.kms.katalon.core.main.TestSuiteExecutor.accessTestSuiteMainPhase(TestSuiteExecutor.java:151)
	at com.kms.katalon.core.main.TestSuiteExecutor.execute(TestSuiteExecutor.java:106)
	at com.kms.katalon.core.main.TestCaseMain.startTestSuite(TestCaseMain.java:185)
	at com.kms.katalon.core.main.TestCaseMain$startTestSuite$0.call(Unknown Source)
	at TempTestSuite1678383366099.run(TempTestSuite1678383366099.groovy:36)
Caused by: org.openqa.selenium.ElementClickInterceptedException: element click intercepted: Element <a id="form_menuEmpleado:j_idt1638:j_idt1640:j_idt1681" href="#" class="ui-commandlink ui-widget" onclick="PrimeFaces.ab({s:&quot;form_menuEmpleado:j_idt1638:j_idt1640:j_idt1681&quot;,f:&quot;form_menuEmpleado&quot;,u:&quot;areaAplicacion&quot;,onco:function(xhr,status,args,data){;}});return false;" style="display: inline-block;">...</a> is not clickable at point (145, 433). Other element would receive the click: <div id="popupErrorDialog:dialog_popupFoto_modal" class="ui-widget-overlay ui-dialog-mask" style="z-index: 1003;"></div>
  (Session info: chrome=110.0.5481.178)
Build info: version: '3.141.59', revision: 'e82be7d358', time: '2018-11-14T08:25:53'
System info: host: 'US-AF-000371', ip: '192.168.56.1', os.name: 'Windows 10', os.arch: 'amd64', os.version: '10.0', java.version: '1.8.0_282'
Driver info: com.kms.katalon.selenium.driver.CChromeDriver
Capabilities {acceptInsecureCerts: false, browserName: chrome, browserVersion: 110.0.5481.178, chrome: {chromedriverVersion: 109.0.5414.74 (e7c5703604da..., userDataDir: C:\Users\DIEGO~1.ROJ\AppDat...}, goog:chromeOptions: {debuggerAddress: localhost:64670}, javascriptEnabled: true, networkConnectionEnabled: false, pageLoadStrategy: normal, platform: WINDOWS, platformName: WINDOWS, proxy: Proxy(), setWindowRect: true, strictFileInteractability: false, timeouts: {implicit: 0, pageLoad: 300000, script: 30000}, unhandledPromptBehavior: dismiss and notify, webauthn:extension:credBlob: true, webauthn:extension:largeBlob: true, webauthn:virtualAuthenticators: true}
Session ID: e7de2c056ca0b8c56ffbb5fc376b89c0
	at org.openqa.selenium.remote.http.W3CHttpResponseCodec.createException(W3CHttpResponseCodec.java:187)
	at org.openqa.selenium.remote.http.W3CHttpResponseCodec.decode(W3CHttpResponseCodec.java:122)
	at org.openqa.selenium.remote.http.W3CHttpResponseCodec.decode(W3CHttpResponseCodec.java:49)
	at org.openqa.selenium.remote.HttpCommandExecutor.execute(HttpCommandExecutor.java:158)
	at org.openqa.selenium.remote.service.DriverCommandExecutor.execute(DriverCommandExecutor.java:83)
	at org.openqa.selenium.remote.RemoteWebDriver.execute(RemoteWebDriver.java:552)
	at com.kms.katalon.selenium.driver.CChromeDriver.execute(CChromeDriver.java:19)
	at org.openqa.selenium.remote.RemoteWebElement.execute(RemoteWebElement.java:285)
	at org.openqa.selenium.remote.RemoteWebElement.click(RemoteWebElement.java:84)
	at org.openqa.selenium.support.events.EventFiringWebDriver$EventFiringWebElement.lambda$new$0(EventFiringWebDriver.java:404)
	at com.sun.proxy.$Proxy11.click(Unknown Source)
	at org.openqa.selenium.support.events.EventFiringWebDriver$EventFiringWebElement.click(EventFiringWebDriver.java:417)
	at org.openqa.selenium.WebElement$click$0.call(Unknown Source)
	at com.kms.katalon.core.webui.keyword.builtin.ClickKeyword.clickUntilSuccessWithTimeout(ClickKeyword.groovy:81)
	at com.kms.katalon.core.webui.keyword.builtin.ClickKeyword.clickUntilSuccessWithTimeout(ClickKeyword.groovy)
	at com.kms.katalon.core.webui.keyword.builtin.ClickKeyword$_click_closure1.doCall(ClickKeyword.groovy:67)
	at com.kms.katalon.core.webui.keyword.builtin.ClickKeyword$_click_closure1.call(ClickKeyword.groovy)
	at com.kms.katalon.core.webui.keyword.internal.WebUIKeywordMain.runKeyword(WebUIKeywordMain.groovy:20)
	at com.kms.katalon.core.webui.keyword.builtin.ClickKeyword.click(ClickKeyword.groovy:74)
	at com.kms.katalon.core.webui.keyword.builtin.ClickKeyword.execute(ClickKeyword.groovy:40)
	at com.kms.katalon.core.keyword.internal.KeywordExecutor.executeKeywordForPlatform(KeywordExecutor.groovy:74)
	at com.kms.katalon.core.webui.keyword.WebUiBuiltInKeywords.click(WebUiBuiltInKeywords.groovy:620)
	at com.kms.katalon.core.webui.keyword.WebUiBuiltInKeywords$click$9.call(Unknown Source)
	at Script1648473989075.run(Script1648473989075.groovy:133)
	... 13 more
)

2023-03-09 13:40:45 - [TEST_STEP][PASSED] - setText(findTestObject("2-OBJECTS TAREAS SECUNDARIAS/Pruebas Compensación/Fuente_General/input_Empresa 1_form_templatej_idt24_input"), "Liquidacion Nomina (com)"): Text 'Liquidacion Nomina (com)' is set on object 'Object Repository/2-OBJECTS TAREAS SECUNDARIAS/Pruebas Compensación/Fuente_General/input_Empresa 1_form_templatej_idt24_input'

2023-03-09 13:40:46 - [MESSAGE][PASSED] - Text 'Liquidacion Nomina (com)' is set on object 'Object Repository/2-OBJECTS TAREAS SECUNDARIAS/Pruebas Compensación/Fuente_General/input_Empresa 1_form_templatej_idt24_input'

2023-03-09 13:40:46 - [TEST_STEP][PASSED] - click(findTestObject("2-OBJECTS TAREAS SECUNDARIAS/Pruebas Compensación/Fuente_General/li_fuente general (gna)")): Object: 'Object Repository/2-OBJECTS TAREAS SECUNDARIAS/Pruebas Compensación/Fuente_General/li_fuente general (gna)' is clicked on

2023-03-09 13:40:48 - [MESSAGE][PASSED] - Object: 'Object Repository/2-OBJECTS TAREAS SECUNDARIAS/Pruebas Compensación/Fuente_General/li_fuente general (gna)' is clicked on

2023-03-09 13:40:48 - [TEST_STEP][PASSED] - click(findTestObject("2-OBJECTS TAREAS SECUNDARIAS/Pruebas Compensación/Fuente_General/a_Periodo Nomina_LiquidacionNominaj_idt68")): Object: 'Object Repository/2-OBJECTS TAREAS SECUNDARIAS/Pruebas Compensación/Fuente_General/a_Periodo Nomina_LiquidacionNominaj_idt68' is clicked on

2023-03-09 13:40:50 - [MESSAGE][PASSED] - Object: 'Object Repository/2-OBJECTS TAREAS SECUNDARIAS/Pruebas Compensación/Fuente_General/a_Periodo Nomina_LiquidacionNominaj_idt68' is clicked on

2023-03-09 13:40:50 - [TEST_STEP][PASSED] - selectOptionByIndex(findTestObject("2-OBJECTS TAREAS SECUNDARIAS/Pruebas Compensación/Fuente_General/select_--  Seleccione  --Periodo CerradoPeriodo en Proceso"), 2): All options with index in [2] are selected on object 'Object Repository/2-OBJECTS TAREAS SECUNDARIAS/Pruebas Compensación/Fuente_General/select_--  Seleccione  --Periodo CerradoPeriodo en Proceso'

2023-03-09 13:40:52 - [MESSAGE][PASSED] - All options with index in [2] are selected on object 'Object Repository/2-OBJECTS TAREAS SECUNDARIAS/Pruebas Compensación/Fuente_General/select_--  Seleccione  --Periodo CerradoPeriodo en Proceso'

2023-03-09 13:40:52 - [TEST_STEP][PASSED] - click(findTestObject("2-OBJECTS TAREAS SECUNDARIAS/Pruebas Compensación/Fuente_General/td_P. MensualJulio2021")): Object: 'Object Repository/2-OBJECTS TAREAS SECUNDARIAS/Pruebas Compensación/Fuente_General/td_P. MensualJulio2021' is clicked on

2023-03-09 13:40:52 - [MESSAGE][PASSED] - Object: 'Object Repository/2-OBJECTS TAREAS SECUNDARIAS/Pruebas Compensación/Fuente_General/td_P. MensualJulio2021' is clicked on

2023-03-09 13:40:52 - [TEST_STEP][PASSED] - setText(findTestObject("2-OBJECTS TAREAS SECUNDARIAS/Pruebas Compensación/Fuente_General/input_Nombre Persona_LiquidacionNominaj_idt124"), "1026588953"): Text '1026588953' is set on object 'Object Repository/2-OBJECTS TAREAS SECUNDARIAS/Pruebas Compensación/Fuente_General/input_Nombre Persona_LiquidacionNominaj_idt124'

2023-03-09 13:40:54 - [MESSAGE][PASSED] - Text '1026588953' is set on object 'Object Repository/2-OBJECTS TAREAS SECUNDARIAS/Pruebas Compensación/Fuente_General/input_Nombre Persona_LiquidacionNominaj_idt124'

2023-03-09 13:40:54 - [TEST_STEP][PASSED] - sendKeys(findTestObject("2-OBJECTS TAREAS SECUNDARIAS/Pruebas Compensación/Fuente_General/input_Nombre Persona_LiquidacionNominaj_idt124"), Keys.chord(ENTER)): Keys 'ENTER + ' sent to object: 'Object Repository/2-OBJECTS TAREAS SECUNDARIAS/Pruebas Compensación/Fuente_General/input_Nombre Persona_LiquidacionNominaj_idt124'

2023-03-09 13:40:54 - [MESSAGE][PASSED] - Keys 'ENTER + ' sent to object: 'Object Repository/2-OBJECTS TAREAS SECUNDARIAS/Pruebas Compensación/Fuente_General/input_Nombre Persona_LiquidacionNominaj_idt124'

2023-03-09 13:40:54 - [TEST_STEP][PASSED] - click(findTestObject("2-OBJECTS TAREAS SECUNDARIAS/Pruebas Compensación/Fuente_General/td_Aya Silva Cindy Ximena")): Object: 'Object Repository/2-OBJECTS TAREAS SECUNDARIAS/Pruebas Compensación/Fuente_General/td_Aya Silva Cindy Ximena' is clicked on

2023-03-09 13:40:55 - [MESSAGE][PASSED] - Object: 'Object Repository/2-OBJECTS TAREAS SECUNDARIAS/Pruebas Compensación/Fuente_General/td_Aya Silva Cindy Ximena' is clicked on

2023-03-09 13:40:55 - [TEST_STEP][PASSED] - click(findTestObject("2-OBJECTS TAREAS SECUNDARIAS/Pruebas Compensación/Fuente_General/a_Concepto")): Object: 'Object Repository/2-OBJECTS TAREAS SECUNDARIAS/Pruebas Compensación/Fuente_General/a_Concepto' is clicked on

2023-03-09 13:40:56 - [MESSAGE][PASSED] - Object: 'Object Repository/2-OBJECTS TAREAS SECUNDARIAS/Pruebas Compensación/Fuente_General/a_Concepto' is clicked on

2023-03-09 13:40:56 - [TEST_STEP][PASSED] - click(findTestObject("2-OBJECTS TAREAS SECUNDARIAS/Pruebas Compensación/Fuente_General/a_Reversar")): Object: 'Object Repository/2-OBJECTS TAREAS SECUNDARIAS/Pruebas Compensación/Fuente_General/a_Reversar' is clicked on

2023-03-09 13:40:56 - [MESSAGE][PASSED] - Object: 'Object Repository/2-OBJECTS TAREAS SECUNDARIAS/Pruebas Compensación/Fuente_General/a_Reversar' is clicked on

2023-03-09 13:40:56 - [TEST_STEP][PASSED] - click(findTestObject("2-OBJECTS TAREAS SECUNDARIAS/Pruebas Compensación/Fuente_General/span_Si")): Object: 'Object Repository/2-OBJECTS TAREAS SECUNDARIAS/Pruebas Compensación/Fuente_General/span_Si' is clicked on

2023-03-09 13:40:57 - [MESSAGE][PASSED] - Object: 'Object Repository/2-OBJECTS TAREAS SECUNDARIAS/Pruebas Compensación/Fuente_General/span_Si' is clicked on

2023-03-09 13:40:57 - [TEST_STEP][PASSED] - setText(findTestObject("2-OBJECTS TAREAS SECUNDARIAS/Pruebas Compensación/Fuente_General/input_Empresa 1_form_templatej_idt24_input"), "Listado de Empleados (com)"): Text 'Listado de Empleados (com)' is set on object 'Object Repository/2-OBJECTS TAREAS SECUNDARIAS/Pruebas Compensación/Fuente_General/input_Empresa 1_form_templatej_idt24_input'

2023-03-09 13:40:58 - [MESSAGE][PASSED] - Text 'Listado de Empleados (com)' is set on object 'Object Repository/2-OBJECTS TAREAS SECUNDARIAS/Pruebas Compensación/Fuente_General/input_Empresa 1_form_templatej_idt24_input'

2023-03-09 13:40:58 - [TEST_STEP][PASSED] - click(findTestObject("2-OBJECTS TAREAS SECUNDARIAS/Pruebas Compensación/Fuente_General/li_fuente general (gna)")): Object: 'Object Repository/2-OBJECTS TAREAS SECUNDARIAS/Pruebas Compensación/Fuente_General/li_fuente general (gna)' is clicked on

2023-03-09 13:41:00 - [MESSAGE][PASSED] - Object: 'Object Repository/2-OBJECTS TAREAS SECUNDARIAS/Pruebas Compensación/Fuente_General/li_fuente general (gna)' is clicked on

2023-03-09 13:41:00 - [TEST_STEP][PASSED] - setText(findTestObject("2-OBJECTS TAREAS SECUNDARIAS/Pruebas Compensación/Fuente_General/input_Identificacin_listadoEmpleadoIdentificacionEmpleado"), "1026588953"): Text '1026588953' is set on object 'Object Repository/2-OBJECTS TAREAS SECUNDARIAS/Pruebas Compensación/Fuente_General/input_Identificacin_listadoEmpleadoIdentificacionEmpleado'

2023-03-09 13:41:03 - [MESSAGE][PASSED] - Text '1026588953' is set on object 'Object Repository/2-OBJECTS TAREAS SECUNDARIAS/Pruebas Compensación/Fuente_General/input_Identificacin_listadoEmpleadoIdentificacionEmpleado'

2023-03-09 13:41:03 - [TEST_STEP][PASSED] - sendKeys(findTestObject("2-OBJECTS TAREAS SECUNDARIAS/Pruebas Compensación/Fuente_General/input_Identificacin_listadoEmpleadoIdentificacionEmpleado"), Keys.chord(ENTER)): Keys 'ENTER + ' sent to object: 'Object Repository/2-OBJECTS TAREAS SECUNDARIAS/Pruebas Compensación/Fuente_General/input_Identificacin_listadoEmpleadoIdentificacionEmpleado'

2023-03-09 13:41:04 - [MESSAGE][PASSED] - Keys 'ENTER + ' sent to object: 'Object Repository/2-OBJECTS TAREAS SECUNDARIAS/Pruebas Compensación/Fuente_General/input_Identificacin_listadoEmpleadoIdentificacionEmpleado'

2023-03-09 13:41:04 - [TEST_STEP][PASSED] - click(findTestObject("2-OBJECTS TAREAS SECUNDARIAS/Pruebas Compensación/Fuente_General/span_Aya Silva Cindy Ximena")): Object: 'Object Repository/2-OBJECTS TAREAS SECUNDARIAS/Pruebas Compensación/Fuente_General/span_Aya Silva Cindy Ximena' is clicked on

2023-03-09 13:41:05 - [MESSAGE][PASSED] - Object: 'Object Repository/2-OBJECTS TAREAS SECUNDARIAS/Pruebas Compensación/Fuente_General/span_Aya Silva Cindy Ximena' is clicked on

2023-03-09 13:41:05 - [TEST_STEP][FAILED] - click(findTestObject("2-OBJECTS TAREAS SECUNDARIAS/Pruebas Compensación/Fuente_General/a_Liquidacin Periodica")): Unable to click on object 'Object Repository/2-OBJECTS TAREAS SECUNDARIAS/Pruebas Compensación/Fuente_General/a_Liquidacin Periodica' (Root cause: com.kms.katalon.core.exception.StepFailedException: Unable to click on object 'Object Repository/2-OBJECTS TAREAS SECUNDARIAS/Pruebas Compensación/Fuente_General/a_Liquidacin Periodica'
	at com.kms.katalon.core.webui.keyword.internal.WebUIKeywordMain.stepFailed(WebUIKeywordMain.groovy:64)
	at com.kms.katalon.core.webui.keyword.internal.WebUIKeywordMain.runKeyword(WebUIKeywordMain.groovy:26)
	at com.kms.katalon.core.webui.keyword.builtin.ClickKeyword.click(ClickKeyword.groovy:74)
	at com.kms.katalon.core.webui.keyword.builtin.ClickKeyword.execute(ClickKeyword.groovy:40)
	at com.kms.katalon.core.keyword.internal.KeywordExecutor.executeKeywordForPlatform(KeywordExecutor.groovy:74)
	at com.kms.katalon.core.webui.keyword.WebUiBuiltInKeywords.click(WebUiBuiltInKeywords.groovy:620)
	at com.kms.katalon.core.webui.keyword.WebUiBuiltInKeywords$click$9.call(Unknown Source)
	at 11.1.4-Fuente_General.run(11.1.4-Fuente_General:133)
	at com.kms.katalon.core.main.ScriptEngine.run(ScriptEngine.java:194)
	at com.kms.katalon.core.main.ScriptEngine.runScriptAsRawText(ScriptEngine.java:119)
	at com.kms.katalon.core.main.TestCaseExecutor.runScript(TestCaseExecutor.java:448)
	at com.kms.katalon.core.main.TestCaseExecutor.doExecute(TestCaseExecutor.java:439)
	at com.kms.katalon.core.main.TestCaseExecutor.processExecutionPhase(TestCaseExecutor.java:418)
	at com.kms.katalon.core.main.TestCaseExecutor.accessMainPhase(TestCaseExecutor.java:410)
	at com.kms.katalon.core.main.TestCaseExecutor.execute(TestCaseExecutor.java:285)
	at com.kms.katalon.core.common.CommonExecutor.accessTestCaseMainPhase(CommonExecutor.java:65)
	at com.kms.katalon.core.main.TestSuiteExecutor.accessTestSuiteMainPhase(TestSuiteExecutor.java:151)
	at com.kms.katalon.core.main.TestSuiteExecutor.execute(TestSuiteExecutor.java:106)
	at com.kms.katalon.core.main.TestCaseMain.startTestSuite(TestCaseMain.java:185)
	at com.kms.katalon.core.main.TestCaseMain$startTestSuite$0.call(Unknown Source)
	at TempTestSuite1678383366099.run(TempTestSuite1678383366099.groovy:36)
Caused by: org.openqa.selenium.ElementClickInterceptedException: element click intercepted: Element <a id="form_menuEmpleado:j_idt1638:j_idt1640:j_idt1681" href="#" class="ui-commandlink ui-widget" onclick="PrimeFaces.ab({s:&quot;form_menuEmpleado:j_idt1638:j_idt1640:j_idt1681&quot;,f:&quot;form_menuEmpleado&quot;,u:&quot;areaAplicacion&quot;,onco:function(xhr,status,args,data){;}});return false;" style="display: inline-block;">...</a> is not clickable at point (145, 433). Other element would receive the click: <div id="popupErrorDialog:dialog_popupFoto_modal" class="ui-widget-overlay ui-dialog-mask" style="z-index: 1003;"></div>
  (Session info: chrome=110.0.5481.178)
Build info: version: '3.141.59', revision: 'e82be7d358', time: '2018-11-14T08:25:53'
System info: host: 'US-AF-000371', ip: '192.168.56.1', os.name: 'Windows 10', os.arch: 'amd64', os.version: '10.0', java.version: '1.8.0_282'
Driver info: com.kms.katalon.selenium.driver.CChromeDriver
Capabilities {acceptInsecureCerts: false, browserName: chrome, browserVersion: 110.0.5481.178, chrome: {chromedriverVersion: 109.0.5414.74 (e7c5703604da..., userDataDir: C:\Users\DIEGO~1.ROJ\AppDat...}, goog:chromeOptions: {debuggerAddress: localhost:64670}, javascriptEnabled: true, networkConnectionEnabled: false, pageLoadStrategy: normal, platform: WINDOWS, platformName: WINDOWS, proxy: Proxy(), setWindowRect: true, strictFileInteractability: false, timeouts: {implicit: 0, pageLoad: 300000, script: 30000}, unhandledPromptBehavior: dismiss and notify, webauthn:extension:credBlob: true, webauthn:extension:largeBlob: true, webauthn:virtualAuthenticators: true}
Session ID: e7de2c056ca0b8c56ffbb5fc376b89c0
	at org.openqa.selenium.remote.http.W3CHttpResponseCodec.createException(W3CHttpResponseCodec.java:187)
	at org.openqa.selenium.remote.http.W3CHttpResponseCodec.decode(W3CHttpResponseCodec.java:122)
	at org.openqa.selenium.remote.http.W3CHttpResponseCodec.decode(W3CHttpResponseCodec.java:49)
	at org.openqa.selenium.remote.HttpCommandExecutor.execute(HttpCommandExecutor.java:158)
	at org.openqa.selenium.remote.service.DriverCommandExecutor.execute(DriverCommandExecutor.java:83)
	at org.openqa.selenium.remote.RemoteWebDriver.execute(RemoteWebDriver.java:552)
	at com.kms.katalon.selenium.driver.CChromeDriver.execute(CChromeDriver.java:19)
	at org.openqa.selenium.remote.RemoteWebElement.execute(RemoteWebElement.java:285)
	at org.openqa.selenium.remote.RemoteWebElement.click(RemoteWebElement.java:84)
	at org.openqa.selenium.support.events.EventFiringWebDriver$EventFiringWebElement.lambda$new$0(EventFiringWebDriver.java:404)
	at com.sun.proxy.$Proxy11.click(Unknown Source)
	at org.openqa.selenium.support.events.EventFiringWebDriver$EventFiringWebElement.click(EventFiringWebDriver.java:417)
	at org.openqa.selenium.WebElement$click$0.call(Unknown Source)
	at com.kms.katalon.core.webui.keyword.builtin.ClickKeyword.clickUntilSuccessWithTimeout(ClickKeyword.groovy:81)
	at com.kms.katalon.core.webui.keyword.builtin.ClickKeyword.clickUntilSuccessWithTimeout(ClickKeyword.groovy)
	at com.kms.katalon.core.webui.keyword.builtin.ClickKeyword$_click_closure1.doCall(ClickKeyword.groovy:67)
	at com.kms.katalon.core.webui.keyword.builtin.ClickKeyword$_click_closure1.call(ClickKeyword.groovy)
	at com.kms.katalon.core.webui.keyword.internal.WebUIKeywordMain.runKeyword(WebUIKeywordMain.groovy:20)
	at com.kms.katalon.core.webui.keyword.builtin.ClickKeyword.click(ClickKeyword.groovy:74)
	at com.kms.katalon.core.webui.keyword.builtin.ClickKeyword.execute(ClickKeyword.groovy:40)
	at com.kms.katalon.core.keyword.internal.KeywordExecutor.executeKeywordForPlatform(KeywordExecutor.groovy:74)
	at com.kms.katalon.core.webui.keyword.WebUiBuiltInKeywords.click(WebUiBuiltInKeywords.groovy:620)
	at com.kms.katalon.core.webui.keyword.WebUiBuiltInKeywords$click$9.call(Unknown Source)
	at Script1648473989075.run(Script1648473989075.groovy:133)
	... 13 more
)

2023-03-09 13:41:44 - [MESSAGE][FAILED] - Unable to click on object 'Object Repository/2-OBJECTS TAREAS SECUNDARIAS/Pruebas Compensación/Fuente_General/a_Liquidacin Periodica' (Root cause: com.kms.katalon.core.exception.StepFailedException: Unable to click on object 'Object Repository/2-OBJECTS TAREAS SECUNDARIAS/Pruebas Compensación/Fuente_General/a_Liquidacin Periodica'
	at com.kms.katalon.core.webui.keyword.internal.WebUIKeywordMain.stepFailed(WebUIKeywordMain.groovy:64)
	at com.kms.katalon.core.webui.keyword.internal.WebUIKeywordMain.runKeyword(WebUIKeywordMain.groovy:26)
	at com.kms.katalon.core.webui.keyword.builtin.ClickKeyword.click(ClickKeyword.groovy:74)
	at com.kms.katalon.core.webui.keyword.builtin.ClickKeyword.execute(ClickKeyword.groovy:40)
	at com.kms.katalon.core.keyword.internal.KeywordExecutor.executeKeywordForPlatform(KeywordExecutor.groovy:74)
	at com.kms.katalon.core.webui.keyword.WebUiBuiltInKeywords.click(WebUiBuiltInKeywords.groovy:620)
	at com.kms.katalon.core.webui.keyword.WebUiBuiltInKeywords$click$9.call(Unknown Source)
	at 11.1.4-Fuente_General.run(11.1.4-Fuente_General:133)
	at com.kms.katalon.core.main.ScriptEngine.run(ScriptEngine.java:194)
	at com.kms.katalon.core.main.ScriptEngine.runScriptAsRawText(ScriptEngine.java:119)
	at com.kms.katalon.core.main.TestCaseExecutor.runScript(TestCaseExecutor.java:448)
	at com.kms.katalon.core.main.TestCaseExecutor.doExecute(TestCaseExecutor.java:439)
	at com.kms.katalon.core.main.TestCaseExecutor.processExecutionPhase(TestCaseExecutor.java:418)
	at com.kms.katalon.core.main.TestCaseExecutor.accessMainPhase(TestCaseExecutor.java:410)
	at com.kms.katalon.core.main.TestCaseExecutor.execute(TestCaseExecutor.java:285)
	at com.kms.katalon.core.common.CommonExecutor.accessTestCaseMainPhase(CommonExecutor.java:65)
	at com.kms.katalon.core.main.TestSuiteExecutor.accessTestSuiteMainPhase(TestSuiteExecutor.java:151)
	at com.kms.katalon.core.main.TestSuiteExecutor.execute(TestSuiteExecutor.java:106)
	at com.kms.katalon.core.main.TestCaseMain.startTestSuite(TestCaseMain.java:185)
	at com.kms.katalon.core.main.TestCaseMain$startTestSuite$0.call(Unknown Source)
	at TempTestSuite1678383366099.run(TempTestSuite1678383366099.groovy:36)
Caused by: org.openqa.selenium.ElementClickInterceptedException: element click intercepted: Element <a id="form_menuEmpleado:j_idt1638:j_idt1640:j_idt1681" href="#" class="ui-commandlink ui-widget" onclick="PrimeFaces.ab({s:&quot;form_menuEmpleado:j_idt1638:j_idt1640:j_idt1681&quot;,f:&quot;form_menuEmpleado&quot;,u:&quot;areaAplicacion&quot;,onco:function(xhr,status,args,data){;}});return false;" style="display: inline-block;">...</a> is not clickable at point (145, 433). Other element would receive the click: <div id="popupErrorDialog:dialog_popupFoto_modal" class="ui-widget-overlay ui-dialog-mask" style="z-index: 1003;"></div>
  (Session info: chrome=110.0.5481.178)
Build info: version: '3.141.59', revision: 'e82be7d358', time: '2018-11-14T08:25:53'
System info: host: 'US-AF-000371', ip: '192.168.56.1', os.name: 'Windows 10', os.arch: 'amd64', os.version: '10.0', java.version: '1.8.0_282'
Driver info: com.kms.katalon.selenium.driver.CChromeDriver
Capabilities {acceptInsecureCerts: false, browserName: chrome, browserVersion: 110.0.5481.178, chrome: {chromedriverVersion: 109.0.5414.74 (e7c5703604da..., userDataDir: C:\Users\DIEGO~1.ROJ\AppDat...}, goog:chromeOptions: {debuggerAddress: localhost:64670}, javascriptEnabled: true, networkConnectionEnabled: false, pageLoadStrategy: normal, platform: WINDOWS, platformName: WINDOWS, proxy: Proxy(), setWindowRect: true, strictFileInteractability: false, timeouts: {implicit: 0, pageLoad: 300000, script: 30000}, unhandledPromptBehavior: dismiss and notify, webauthn:extension:credBlob: true, webauthn:extension:largeBlob: true, webauthn:virtualAuthenticators: true}
Session ID: e7de2c056ca0b8c56ffbb5fc376b89c0
	at org.openqa.selenium.remote.http.W3CHttpResponseCodec.createException(W3CHttpResponseCodec.java:187)
	at org.openqa.selenium.remote.http.W3CHttpResponseCodec.decode(W3CHttpResponseCodec.java:122)
	at org.openqa.selenium.remote.http.W3CHttpResponseCodec.decode(W3CHttpResponseCodec.java:49)
	at org.openqa.selenium.remote.HttpCommandExecutor.execute(HttpCommandExecutor.java:158)
	at org.openqa.selenium.remote.service.DriverCommandExecutor.execute(DriverCommandExecutor.java:83)
	at org.openqa.selenium.remote.RemoteWebDriver.execute(RemoteWebDriver.java:552)
	at com.kms.katalon.selenium.driver.CChromeDriver.execute(CChromeDriver.java:19)
	at org.openqa.selenium.remote.RemoteWebElement.execute(RemoteWebElement.java:285)
	at org.openqa.selenium.remote.RemoteWebElement.click(RemoteWebElement.java:84)
	at org.openqa.selenium.support.events.EventFiringWebDriver$EventFiringWebElement.lambda$new$0(EventFiringWebDriver.java:404)
	at com.sun.proxy.$Proxy11.click(Unknown Source)
	at org.openqa.selenium.support.events.EventFiringWebDriver$EventFiringWebElement.click(EventFiringWebDriver.java:417)
	at org.openqa.selenium.WebElement$click$0.call(Unknown Source)
	at com.kms.katalon.core.webui.keyword.builtin.ClickKeyword.clickUntilSuccessWithTimeout(ClickKeyword.groovy:81)
	at com.kms.katalon.core.webui.keyword.builtin.ClickKeyword.clickUntilSuccessWithTimeout(ClickKeyword.groovy)
	at com.kms.katalon.core.webui.keyword.builtin.ClickKeyword$_click_closure1.doCall(ClickKeyword.groovy:67)
	at com.kms.katalon.core.webui.keyword.builtin.ClickKeyword$_click_closure1.call(ClickKeyword.groovy)
	at com.kms.katalon.core.webui.keyword.internal.WebUIKeywordMain.runKeyword(WebUIKeywordMain.groovy:20)
	at com.kms.katalon.core.webui.keyword.builtin.ClickKeyword.click(ClickKeyword.groovy:74)
	at com.kms.katalon.core.webui.keyword.builtin.ClickKeyword.execute(ClickKeyword.groovy:40)
	at com.kms.katalon.core.keyword.internal.KeywordExecutor.executeKeywordForPlatform(KeywordExecutor.groovy:74)
	at com.kms.katalon.core.webui.keyword.WebUiBuiltInKeywords.click(WebUiBuiltInKeywords.groovy:620)
	at com.kms.katalon.core.webui.keyword.WebUiBuiltInKeywords$click$9.call(Unknown Source)
	at Script1648473989075.run(Script1648473989075.groovy:133)
	... 13 more
)
[[ATTACHMENT|C:\\Users\\diego.rojas\\git\\Pruebas-Minimas\\Reports\\20230309_123606\\Test_Suite_Secundaria\\1-Tareas_secundarias\\20230309_123606\\1678387304687.png]]]]></system-out>
         <system-err><![CDATA[2023-03-09 13:39:50 - [TEST_CASE][FAILED] - Test Cases/1.2-Tareas_Secundarias/A.1-Pruebas_compensaciones/11.1.4-Fuente_General: Test Cases/1.2-Tareas_Secundarias/A.1-Pruebas_compensaciones/11.1.4-Fuente_General FAILED.
Reason:
com.kms.katalon.core.exception.StepFailedException: Unable to click on object 'Object Repository/2-OBJECTS TAREAS SECUNDARIAS/Pruebas Compensación/Fuente_General/a_Liquidacin Periodica'
	at com.kms.katalon.core.webui.keyword.internal.WebUIKeywordMain.stepFailed(WebUIKeywordMain.groovy:64)
	at com.kms.katalon.core.webui.keyword.internal.WebUIKeywordMain.runKeyword(WebUIKeywordMain.groovy:26)
	at com.kms.katalon.core.webui.keyword.builtin.ClickKeyword.click(ClickKeyword.groovy:74)
	at com.kms.katalon.core.webui.keyword.builtin.ClickKeyword.execute(ClickKeyword.groovy:40)
	at com.kms.katalon.core.keyword.internal.KeywordExecutor.executeKeywordForPlatform(KeywordExecutor.groovy:74)
	at com.kms.katalon.core.webui.keyword.WebUiBuiltInKeywords.click(WebUiBuiltInKeywords.groovy:620)
	at com.kms.katalon.core.webui.keyword.WebUiBuiltInKeywords$click$9.call(Unknown Source)
	at 11.1.4-Fuente_General.run(11.1.4-Fuente_General:133)
	at com.kms.katalon.core.main.ScriptEngine.run(ScriptEngine.java:194)
	at com.kms.katalon.core.main.ScriptEngine.runScriptAsRawText(ScriptEngine.java:119)
	at com.kms.katalon.core.main.TestCaseExecutor.runScript(TestCaseExecutor.java:448)
	at com.kms.katalon.core.main.TestCaseExecutor.doExecute(TestCaseExecutor.java:439)
	at com.kms.katalon.core.main.TestCaseExecutor.processExecutionPhase(TestCaseExecutor.java:418)
	at com.kms.katalon.core.main.TestCaseExecutor.accessMainPhase(TestCaseExecutor.java:410)
	at com.kms.katalon.core.main.TestCaseExecutor.execute(TestCaseExecutor.java:285)
	at com.kms.katalon.core.common.CommonExecutor.accessTestCaseMainPhase(CommonExecutor.java:65)
	at com.kms.katalon.core.main.TestSuiteExecutor.accessTestSuiteMainPhase(TestSuiteExecutor.java:151)
	at com.kms.katalon.core.main.TestSuiteExecutor.execute(TestSuiteExecutor.java:106)
	at com.kms.katalon.core.main.TestCaseMain.startTestSuite(TestCaseMain.java:185)
	at com.kms.katalon.core.main.TestCaseMain$startTestSuite$0.call(Unknown Source)
	at TempTestSuite1678383366099.run(TempTestSuite1678383366099.groovy:36)
Caused by: org.openqa.selenium.ElementClickInterceptedException: element click intercepted: Element <a id="form_menuEmpleado:j_idt1638:j_idt1640:j_idt1681" href="#" class="ui-commandlink ui-widget" onclick="PrimeFaces.ab({s:&quot;form_menuEmpleado:j_idt1638:j_idt1640:j_idt1681&quot;,f:&quot;form_menuEmpleado&quot;,u:&quot;areaAplicacion&quot;,onco:function(xhr,status,args,data){;}});return false;" style="display: inline-block;">...</a> is not clickable at point (145, 433). Other element would receive the click: <div id="popupErrorDialog:dialog_popupFoto_modal" class="ui-widget-overlay ui-dialog-mask" style="z-index: 1003;"></div>
  (Session info: chrome=110.0.5481.178)
Build info: version: '3.141.59', revision: 'e82be7d358', time: '2018-11-14T08:25:53'
System info: host: 'US-AF-000371', ip: '192.168.56.1', os.name: 'Windows 10', os.arch: 'amd64', os.version: '10.0', java.version: '1.8.0_282'
Driver info: com.kms.katalon.selenium.driver.CChromeDriver
Capabilities {acceptInsecureCerts: false, browserName: chrome, browserVersion: 110.0.5481.178, chrome: {chromedriverVersion: 109.0.5414.74 (e7c5703604da..., userDataDir: C:\Users\DIEGO~1.ROJ\AppDat...}, goog:chromeOptions: {debuggerAddress: localhost:64670}, javascriptEnabled: true, networkConnectionEnabled: false, pageLoadStrategy: normal, platform: WINDOWS, platformName: WINDOWS, proxy: Proxy(), setWindowRect: true, strictFileInteractability: false, timeouts: {implicit: 0, pageLoad: 300000, script: 30000}, unhandledPromptBehavior: dismiss and notify, webauthn:extension:credBlob: true, webauthn:extension:largeBlob: true, webauthn:virtualAuthenticators: true}
Session ID: e7de2c056ca0b8c56ffbb5fc376b89c0
	at org.openqa.selenium.remote.http.W3CHttpResponseCodec.createException(W3CHttpResponseCodec.java:187)
	at org.openqa.selenium.remote.http.W3CHttpResponseCodec.decode(W3CHttpResponseCodec.java:122)
	at org.openqa.selenium.remote.http.W3CHttpResponseCodec.decode(W3CHttpResponseCodec.java:49)
	at org.openqa.selenium.remote.HttpCommandExecutor.execute(HttpCommandExecutor.java:158)
	at org.openqa.selenium.remote.service.DriverCommandExecutor.execute(DriverCommandExecutor.java:83)
	at org.openqa.selenium.remote.RemoteWebDriver.execute(RemoteWebDriver.java:552)
	at com.kms.katalon.selenium.driver.CChromeDriver.execute(CChromeDriver.java:19)
	at org.openqa.selenium.remote.RemoteWebElement.execute(RemoteWebElement.java:285)
	at org.openqa.selenium.remote.RemoteWebElement.click(RemoteWebElement.java:84)
	at org.openqa.selenium.support.events.EventFiringWebDriver$EventFiringWebElement.lambda$new$0(EventFiringWebDriver.java:404)
	at com.sun.proxy.$Proxy11.click(Unknown Source)
	at org.openqa.selenium.support.events.EventFiringWebDriver$EventFiringWebElement.click(EventFiringWebDriver.java:417)
	at org.openqa.selenium.WebElement$click$0.call(Unknown Source)
	at com.kms.katalon.core.webui.keyword.builtin.ClickKeyword.clickUntilSuccessWithTimeout(ClickKeyword.groovy:81)
	at com.kms.katalon.core.webui.keyword.builtin.ClickKeyword.clickUntilSuccessWithTimeout(ClickKeyword.groovy)
	at com.kms.katalon.core.webui.keyword.builtin.ClickKeyword$_click_closure1.doCall(ClickKeyword.groovy:67)
	at com.kms.katalon.core.webui.keyword.builtin.ClickKeyword$_click_closure1.call(ClickKeyword.groovy)
	at com.kms.katalon.core.webui.keyword.internal.WebUIKeywordMain.runKeyword(WebUIKeywordMain.groovy:20)
	... 19 more]]></system-err>
      </testcase>
      <testcase name="Test Cases/1.2-Tareas_Secundarias/A.1-Pruebas_compensaciones/11.1.5-Listado_Empleados" time="58.27" classname="Test Cases/1.2-Tareas_Secundarias/A.1-Pruebas_compensaciones/11.1.5-Listado_Empleados" status="FAILED">
         <failure type="FAILED" message="Test Cases/1.2-Tareas_Secundarias/A.1-Pruebas_compensaciones/11.1.5-Listado_Empleados FAILED.
Reason:
com.kms.katalon.core.exception.StepFailedException: Unable to click on object 'Object Repository/2-OBJECTS TAREAS SECUNDARIAS/Pruebas Compensación/Listado_Empleados/a_Liquidacin Periodica'
	at com.kms.katalon.core.webui.keyword.internal.WebUIKeywordMain.stepFailed(WebUIKeywordMain.groovy:64)
	at com.kms.katalon.core.webui.keyword.internal.WebUIKeywordMain.runKeyword(WebUIKeywordMain.groovy:26)
	at com.kms.katalon.core.webui.keyword.builtin.ClickKeyword.click(ClickKeyword.groovy:74)
	at com.kms.katalon.core.webui.keyword.builtin.ClickKeyword.execute(ClickKeyword.groovy:40)
	at com.kms.katalon.core.keyword.internal.KeywordExecutor.executeKeywordForPlatform(KeywordExecutor.groovy:74)
	at com.kms.katalon.core.webui.keyword.WebUiBuiltInKeywords.click(WebUiBuiltInKeywords.groovy:620)
	at com.kms.katalon.core.webui.keyword.WebUiBuiltInKeywords$click$9.call(Unknown Source)
	at 11.1.5-Listado_Empleados.run(11.1.5-Listado_Empleados:35)
	at com.kms.katalon.core.main.ScriptEngine.run(ScriptEngine.java:194)
	at com.kms.katalon.core.main.ScriptEngine.runScriptAsRawText(ScriptEngine.java:119)
	at com.kms.katalon.core.main.TestCaseExecutor.runScript(TestCaseExecutor.java:448)
	at com.kms.katalon.core.main.TestCaseExecutor.doExecute(TestCaseExecutor.java:439)
	at com.kms.katalon.core.main.TestCaseExecutor.processExecutionPhase(TestCaseExecutor.java:418)
	at com.kms.katalon.core.main.TestCaseExecutor.accessMainPhase(TestCaseExecutor.java:410)
	at com.kms.katalon.core.main.TestCaseExecutor.execute(TestCaseExecutor.java:285)
	at com.kms.katalon.core.common.CommonExecutor.accessTestCaseMainPhase(CommonExecutor.java:65)
	at com.kms.katalon.core.main.TestSuiteExecutor.accessTestSuiteMainPhase(TestSuiteExecutor.java:151)
	at com.kms.katalon.core.main.TestSuiteExecutor.execute(TestSuiteExecutor.java:106)
	at com.kms.katalon.core.main.TestCaseMain.startTestSuite(TestCaseMain.java:185)
	at com.kms.katalon.core.main.TestCaseMain$startTestSuite$0.call(Unknown Source)
	at TempTestSuite1678383366099.run(TempTestSuite1678383366099.groovy:36)
Caused by: org.openqa.selenium.ElementClickInterceptedException: element click intercepted: Element &lt;a id=&quot;form_menuEmpleado:j_idt1638:j_idt1640:j_idt1681&quot; href=&quot;#&quot; class=&quot;ui-commandlink ui-widget&quot; onclick=&quot;PrimeFaces.ab({s:&amp;quot;form_menuEmpleado:j_idt1638:j_idt1640:j_idt1681&amp;quot;,f:&amp;quot;form_menuEmpleado&amp;quot;,u:&amp;quot;areaAplicacion&amp;quot;,onco:function(xhr,status,args,data){;}});return false;&quot; style=&quot;display: inline-block;&quot;>...&lt;/a> is not clickable at point (145, 433). Other element would receive the click: &lt;div id=&quot;popupErrorDialog:dialog_popupFoto_modal&quot; class=&quot;ui-widget-overlay ui-dialog-mask&quot; style=&quot;z-index: 1004;&quot;>&lt;/div>
  (Session info: chrome=110.0.5481.178)
Build info: version: '3.141.59', revision: 'e82be7d358', time: '2018-11-14T08:25:53'
System info: host: 'US-AF-000371', ip: '192.168.56.1', os.name: 'Windows 10', os.arch: 'amd64', os.version: '10.0', java.version: '1.8.0_282'
Driver info: com.kms.katalon.selenium.driver.CChromeDriver
Capabilities {acceptInsecureCerts: false, browserName: chrome, browserVersion: 110.0.5481.178, chrome: {chromedriverVersion: 109.0.5414.74 (e7c5703604da..., userDataDir: C:\Users\DIEGO~1.ROJ\AppDat...}, goog:chromeOptions: {debuggerAddress: localhost:64968}, javascriptEnabled: true, networkConnectionEnabled: false, pageLoadStrategy: normal, platform: WINDOWS, platformName: WINDOWS, proxy: Proxy(), setWindowRect: true, strictFileInteractability: false, timeouts: {implicit: 0, pageLoad: 300000, script: 30000}, unhandledPromptBehavior: dismiss and notify, webauthn:extension:credBlob: true, webauthn:extension:largeBlob: true, webauthn:virtualAuthenticators: true}
Session ID: 7a2f9424e297ad1c37e212d9c7e5193b
	at org.openqa.selenium.remote.http.W3CHttpResponseCodec.createException(W3CHttpResponseCodec.java:187)
	at org.openqa.selenium.remote.http.W3CHttpResponseCodec.decode(W3CHttpResponseCodec.java:122)
	at org.openqa.selenium.remote.http.W3CHttpResponseCodec.decode(W3CHttpResponseCodec.java:49)
	at org.openqa.selenium.remote.HttpCommandExecutor.execute(HttpCommandExecutor.java:158)
	at org.openqa.selenium.remote.service.DriverCommandExecutor.execute(DriverCommandExecutor.java:83)
	at org.openqa.selenium.remote.RemoteWebDriver.execute(RemoteWebDriver.java:552)
	at com.kms.katalon.selenium.driver.CChromeDriver.execute(CChromeDriver.java:19)
	at org.openqa.selenium.remote.RemoteWebElement.execute(RemoteWebElement.java:285)
	at org.openqa.selenium.remote.RemoteWebElement.click(RemoteWebElement.java:84)
	at org.openqa.selenium.support.events.EventFiringWebDriver$EventFiringWebElement.lambda$new$0(EventFiringWebDriver.java:404)
	at com.sun.proxy.$Proxy11.click(Unknown Source)
	at org.openqa.selenium.support.events.EventFiringWebDriver$EventFiringWebElement.click(EventFiringWebDriver.java:417)
	at org.openqa.selenium.WebElement$click$0.call(Unknown Source)
	at com.kms.katalon.core.webui.keyword.builtin.ClickKeyword.clickUntilSuccessWithTimeout(ClickKeyword.groovy:81)
	at com.kms.katalon.core.webui.keyword.builtin.ClickKeyword.clickUntilSuccessWithTimeout(ClickKeyword.groovy)
	at com.kms.katalon.core.webui.keyword.builtin.ClickKeyword$_click_closure1.doCall(ClickKeyword.groovy:67)
	at com.kms.katalon.core.webui.keyword.builtin.ClickKeyword$_click_closure1.call(ClickKeyword.groovy)
	at com.kms.katalon.core.webui.keyword.internal.WebUIKeywordMain.runKeyword(WebUIKeywordMain.groovy:20)
	... 19 more
"/>
         <system-out><![CDATA[2023-03-09 13:41:44 - [TEST_CASE][FAILED] - Test Cases/1.2-Tareas_Secundarias/A.1-Pruebas_compensaciones/11.1.5-Listado_Empleados: Test Cases/1.2-Tareas_Secundarias/A.1-Pruebas_compensaciones/11.1.5-Listado_Empleados FAILED.
Reason:
com.kms.katalon.core.exception.StepFailedException: Unable to click on object 'Object Repository/2-OBJECTS TAREAS SECUNDARIAS/Pruebas Compensación/Listado_Empleados/a_Liquidacin Periodica'
	at com.kms.katalon.core.webui.keyword.internal.WebUIKeywordMain.stepFailed(WebUIKeywordMain.groovy:64)
	at com.kms.katalon.core.webui.keyword.internal.WebUIKeywordMain.runKeyword(WebUIKeywordMain.groovy:26)
	at com.kms.katalon.core.webui.keyword.builtin.ClickKeyword.click(ClickKeyword.groovy:74)
	at com.kms.katalon.core.webui.keyword.builtin.ClickKeyword.execute(ClickKeyword.groovy:40)
	at com.kms.katalon.core.keyword.internal.KeywordExecutor.executeKeywordForPlatform(KeywordExecutor.groovy:74)
	at com.kms.katalon.core.webui.keyword.WebUiBuiltInKeywords.click(WebUiBuiltInKeywords.groovy:620)
	at com.kms.katalon.core.webui.keyword.WebUiBuiltInKeywords$click$9.call(Unknown Source)
	at 11.1.5-Listado_Empleados.run(11.1.5-Listado_Empleados:35)
	at com.kms.katalon.core.main.ScriptEngine.run(ScriptEngine.java:194)
	at com.kms.katalon.core.main.ScriptEngine.runScriptAsRawText(ScriptEngine.java:119)
	at com.kms.katalon.core.main.TestCaseExecutor.runScript(TestCaseExecutor.java:448)
	at com.kms.katalon.core.main.TestCaseExecutor.doExecute(TestCaseExecutor.java:439)
	at com.kms.katalon.core.main.TestCaseExecutor.processExecutionPhase(TestCaseExecutor.java:418)
	at com.kms.katalon.core.main.TestCaseExecutor.accessMainPhase(TestCaseExecutor.java:410)
	at com.kms.katalon.core.main.TestCaseExecutor.execute(TestCaseExecutor.java:285)
	at com.kms.katalon.core.common.CommonExecutor.accessTestCaseMainPhase(CommonExecutor.java:65)
	at com.kms.katalon.core.main.TestSuiteExecutor.accessTestSuiteMainPhase(TestSuiteExecutor.java:151)
	at com.kms.katalon.core.main.TestSuiteExecutor.execute(TestSuiteExecutor.java:106)
	at com.kms.katalon.core.main.TestCaseMain.startTestSuite(TestCaseMain.java:185)
	at com.kms.katalon.core.main.TestCaseMain$startTestSuite$0.call(Unknown Source)
	at TempTestSuite1678383366099.run(TempTestSuite1678383366099.groovy:36)
Caused by: org.openqa.selenium.ElementClickInterceptedException: element click intercepted: Element <a id="form_menuEmpleado:j_idt1638:j_idt1640:j_idt1681" href="#" class="ui-commandlink ui-widget" onclick="PrimeFaces.ab({s:&quot;form_menuEmpleado:j_idt1638:j_idt1640:j_idt1681&quot;,f:&quot;form_menuEmpleado&quot;,u:&quot;areaAplicacion&quot;,onco:function(xhr,status,args,data){;}});return false;" style="display: inline-block;">...</a> is not clickable at point (145, 433). Other element would receive the click: <div id="popupErrorDialog:dialog_popupFoto_modal" class="ui-widget-overlay ui-dialog-mask" style="z-index: 1004;"></div>
  (Session info: chrome=110.0.5481.178)
Build info: version: '3.141.59', revision: 'e82be7d358', time: '2018-11-14T08:25:53'
System info: host: 'US-AF-000371', ip: '192.168.56.1', os.name: 'Windows 10', os.arch: 'amd64', os.version: '10.0', java.version: '1.8.0_282'
Driver info: com.kms.katalon.selenium.driver.CChromeDriver
Capabilities {acceptInsecureCerts: false, browserName: chrome, browserVersion: 110.0.5481.178, chrome: {chromedriverVersion: 109.0.5414.74 (e7c5703604da..., userDataDir: C:\Users\DIEGO~1.ROJ\AppDat...}, goog:chromeOptions: {debuggerAddress: localhost:64968}, javascriptEnabled: true, networkConnectionEnabled: false, pageLoadStrategy: normal, platform: WINDOWS, platformName: WINDOWS, proxy: Proxy(), setWindowRect: true, strictFileInteractability: false, timeouts: {implicit: 0, pageLoad: 300000, script: 30000}, unhandledPromptBehavior: dismiss and notify, webauthn:extension:credBlob: true, webauthn:extension:largeBlob: true, webauthn:virtualAuthenticators: true}
Session ID: 7a2f9424e297ad1c37e212d9c7e5193b
	at org.openqa.selenium.remote.http.W3CHttpResponseCodec.createException(W3CHttpResponseCodec.java:187)
	at org.openqa.selenium.remote.http.W3CHttpResponseCodec.decode(W3CHttpResponseCodec.java:122)
	at org.openqa.selenium.remote.http.W3CHttpResponseCodec.decode(W3CHttpResponseCodec.java:49)
	at org.openqa.selenium.remote.HttpCommandExecutor.execute(HttpCommandExecutor.java:158)
	at org.openqa.selenium.remote.service.DriverCommandExecutor.execute(DriverCommandExecutor.java:83)
	at org.openqa.selenium.remote.RemoteWebDriver.execute(RemoteWebDriver.java:552)
	at com.kms.katalon.selenium.driver.CChromeDriver.execute(CChromeDriver.java:19)
	at org.openqa.selenium.remote.RemoteWebElement.execute(RemoteWebElement.java:285)
	at org.openqa.selenium.remote.RemoteWebElement.click(RemoteWebElement.java:84)
	at org.openqa.selenium.support.events.EventFiringWebDriver$EventFiringWebElement.lambda$new$0(EventFiringWebDriver.java:404)
	at com.sun.proxy.$Proxy11.click(Unknown Source)
	at org.openqa.selenium.support.events.EventFiringWebDriver$EventFiringWebElement.click(EventFiringWebDriver.java:417)
	at org.openqa.selenium.WebElement$click$0.call(Unknown Source)
	at com.kms.katalon.core.webui.keyword.builtin.ClickKeyword.clickUntilSuccessWithTimeout(ClickKeyword.groovy:81)
	at com.kms.katalon.core.webui.keyword.builtin.ClickKeyword.clickUntilSuccessWithTimeout(ClickKeyword.groovy)
	at com.kms.katalon.core.webui.keyword.builtin.ClickKeyword$_click_closure1.doCall(ClickKeyword.groovy:67)
	at com.kms.katalon.core.webui.keyword.builtin.ClickKeyword$_click_closure1.call(ClickKeyword.groovy)
	at com.kms.katalon.core.webui.keyword.internal.WebUIKeywordMain.runKeyword(WebUIKeywordMain.groovy:20)
	... 19 more


2023-03-09 13:41:45 - [TEST_STEP][PASSED] - callTestCase(findTestCase("0.1-Login"), [:], STOP_ON_FAILURE): Call Test Case 'Test Cases/0.1-Login' successfully

2023-03-09 13:41:45 - [TEST_CASE][PASSED] - Test Cases/0.1-Login: Test Cases/0.1-Login

2023-03-09 13:41:45 - [TEST_STEP][PASSED] - openBrowser(""): Browser is opened with url: ''

2023-03-09 13:41:45 - [MESSAGE][WARNING] - A browser is already opened. Closing browser and opening a new one

2023-03-09 13:41:45 - [MESSAGE][INFO] - Starting 'Chrome' driver

2023-03-09 13:41:45 - [MESSAGE][INFO] - Action delay is set to 0 milliseconds

2023-03-09 13:41:47 - [MESSAGE][PASSED] - Browser is opened with url: ''

2023-03-09 13:41:47 - [TEST_STEP][PASSED] - maximizeWindow(): Current window maximized

2023-03-09 13:41:47 - [MESSAGE][PASSED] - Current window maximized

2023-03-09 13:41:47 - [TEST_STEP][PASSED] - i = G_Login: null

2023-03-09 13:41:47 - [TEST_STEP][PASSED] - url = new java.net.URL(i): null

2023-03-09 13:41:47 - [TEST_STEP][PASSED] - println("URL: " + url.toString()): null

2023-03-09 13:41:47 - [TEST_STEP][PASSED] - connection = url.openConnection(): null

2023-03-09 13:41:47 - [TEST_STEP][PASSED] - connection.setRequestMethod("GET"): null

2023-03-09 13:41:47 - [TEST_STEP][PASSED] - connection.setReadTimeout(2 * 1000): null

2023-03-09 13:41:47 - [TEST_STEP][PASSED] - try: null

2023-03-09 13:41:47 - [TEST_STEP][PASSED] - connection.connect(): null

2023-03-09 13:41:47 - [TEST_STEP][PASSED] - flag = connected: null

2023-03-09 13:41:47 - [TEST_STEP][PASSED] - println("Valor_ori: " + flag): null

2023-03-09 13:41:47 - [TEST_STEP][PASSED] - if (flag): null

2023-03-09 13:41:47 - [TEST_STEP][PASSED] - navigateToUrl(i): Navigate to 'http://192.168.2.19:7001/saraweb' successfully

2023-03-09 13:41:48 - [MESSAGE][PASSED] - Navigate to 'http://192.168.2.19:7001/saraweb' successfully

2023-03-09 13:41:48 - [TEST_STEP][PASSED] - a(): null

2023-03-09 13:41:48 - [TEST_STEP][PASSED] - if (waitForElementVisible(findTestObject("3-OBJECTS UTILIDADES/Login/input_USUARIO_loginusuario"), 0)): null

2023-03-09 13:41:48 - [MESSAGE][WARNING] - Timeout '0' is invalid. Using default page load timeout: '37'

2023-03-09 13:41:49 - [MESSAGE][PASSED] - Object 'Object Repository/3-OBJECTS UTILIDADES/Login/input_USUARIO_loginusuario' is visible

2023-03-09 13:41:49 - [TEST_STEP][PASSED] - switchToWindowTitle("SARA"): Switched to window with title: 'SARA'

2023-03-09 13:41:49 - [MESSAGE][PASSED] - Switched to window with title: 'SARA'

2023-03-09 13:41:49 - [TEST_STEP][PASSED] - zoom(): null

2023-03-09 13:41:49 - [TEST_STEP][PASSED] - robot = new java.awt.Robot(): null

2023-03-09 13:41:49 - [TEST_STEP][PASSED] - robot.keyPress(VK_CONTROL): null

2023-03-09 13:41:49 - [TEST_STEP][PASSED] - robot.keyPress(VK_SUBTRACT): null

2023-03-09 13:41:49 - [TEST_STEP][PASSED] - robot.keyRelease(VK_CONTROL): null

2023-03-09 13:41:49 - [TEST_STEP][PASSED] - robot.keyRelease(VK_SUBTRACT): null

2023-03-09 13:41:49 - [TEST_STEP][PASSED] - robot.keyPress(VK_CONTROL): null

2023-03-09 13:41:49 - [TEST_STEP][PASSED] - robot.keyPress(VK_SUBTRACT): null

2023-03-09 13:41:49 - [TEST_STEP][PASSED] - robot.keyRelease(VK_CONTROL): null

2023-03-09 13:41:49 - [TEST_STEP][PASSED] - robot.keyRelease(VK_SUBTRACT): null

2023-03-09 13:41:49 - [TEST_STEP][PASSED] - robot.keyPress(VK_CONTROL): null

2023-03-09 13:41:49 - [TEST_STEP][PASSED] - robot.keyPress(VK_SUBTRACT): null

2023-03-09 13:41:49 - [TEST_STEP][PASSED] - robot.keyRelease(VK_CONTROL): null

2023-03-09 13:41:49 - [TEST_STEP][PASSED] - robot.keyRelease(VK_SUBTRACT): null

2023-03-09 13:41:49 - [TEST_STEP][PASSED] - robot.keyRelease(VK_CONTROL): null

2023-03-09 13:41:49 - [TEST_STEP][PASSED] - robot.keyRelease(VK_SUBTRACT): null

2023-03-09 13:41:49 - [TEST_STEP][PASSED] - setText(findTestObject("3-OBJECTS UTILIDADES/Login/input_USUARIO_loginusuario"), G_Usuario): Text 'weblogic' is set on object 'Object Repository/3-OBJECTS UTILIDADES/Login/input_USUARIO_loginusuario'

2023-03-09 13:41:49 - [MESSAGE][PASSED] - Text 'weblogic' is set on object 'Object Repository/3-OBJECTS UTILIDADES/Login/input_USUARIO_loginusuario'

2023-03-09 13:41:49 - [TEST_STEP][PASSED] - setEncryptedText(findTestObject("3-OBJECTS UTILIDADES/Login/input_CLAVE_loginpassword"), "SlAwMcyRKqrwbnzhAs8HhT6NnI7sEyng"): Text ****** has been set on object 'Object Repository/3-OBJECTS UTILIDADES/Login/input_CLAVE_loginpassword'

2023-03-09 13:41:53 - [MESSAGE][PASSED] - Text ****** has been set on object 'Object Repository/3-OBJECTS UTILIDADES/Login/input_CLAVE_loginpassword'

2023-03-09 13:41:53 - [TEST_STEP][PASSED] - while (waitForElementClickable(findTestObject("3-OBJECTS UTILIDADES/Login/a_Ingresar"), 1)): Web element with id: 'Object Repository/3-OBJECTS UTILIDADES/Login/a_Ingresar' located by '//a[contains(text(),'Ingresar')]' not found

2023-03-09 13:41:55 - [MESSAGE][INFO] - Unable to find the element located by 'By.xpath: //a[contains(text(),'Ingresar')]'. Please recheck the objects properties to make sure the desired element is located. 

2023-03-09 13:41:55 - [MESSAGE][WARNING] - Web element with id: 'Object Repository/3-OBJECTS UTILIDADES/Login/a_Ingresar' located by '//a[contains(text(),'Ingresar')]' not found

2023-03-09 13:41:55 - [MESSAGE][PASSED] - Call Test Case 'Test Cases/0.1-Login' successfully

2023-03-09 13:41:55 - [TEST_STEP][PASSED] - setText(findTestObject("2-OBJECTS TAREAS SECUNDARIAS/Pruebas Compensación/Listado_Empleados/input_Empresa 1_form_templatej_idt24_input"), "Listado de empleados"): Text 'Listado de empleados' is set on object 'Object Repository/2-OBJECTS TAREAS SECUNDARIAS/Pruebas Compensación/Listado_Empleados/input_Empresa 1_form_templatej_idt24_input'

2023-03-09 13:41:56 - [MESSAGE][PASSED] - Text 'Listado de empleados' is set on object 'Object Repository/2-OBJECTS TAREAS SECUNDARIAS/Pruebas Compensación/Listado_Empleados/input_Empresa 1_form_templatej_idt24_input'

2023-03-09 13:41:56 - [TEST_STEP][PASSED] - click(findTestObject("2-OBJECTS TAREAS SECUNDARIAS/Pruebas Compensación/Listado_Empleados/li_Listado de Empleados (com)")): Object: 'Object Repository/2-OBJECTS TAREAS SECUNDARIAS/Pruebas Compensación/Listado_Empleados/li_Listado de Empleados (com)' is clicked on

2023-03-09 13:41:57 - [MESSAGE][PASSED] - Object: 'Object Repository/2-OBJECTS TAREAS SECUNDARIAS/Pruebas Compensación/Listado_Empleados/li_Listado de Empleados (com)' is clicked on

2023-03-09 13:41:57 - [TEST_STEP][PASSED] - setText(findTestObject("2-OBJECTS TAREAS SECUNDARIAS/Pruebas Compensación/Listado_Empleados/input_Nombre Funcionario_listadoEmpleadoj_idt64"), "Aya Silva Cindy Ximena"): Text 'Aya Silva Cindy Ximena' is set on object 'Object Repository/2-OBJECTS TAREAS SECUNDARIAS/Pruebas Compensación/Listado_Empleados/input_Nombre Funcionario_listadoEmpleadoj_idt64'

2023-03-09 13:42:01 - [MESSAGE][PASSED] - Text 'Aya Silva Cindy Ximena' is set on object 'Object Repository/2-OBJECTS TAREAS SECUNDARIAS/Pruebas Compensación/Listado_Empleados/input_Nombre Funcionario_listadoEmpleadoj_idt64'

2023-03-09 13:42:01 - [TEST_STEP][PASSED] - sendKeys(findTestObject("2-OBJECTS TAREAS SECUNDARIAS/Pruebas Compensación/Listado_Empleados/input_Nombre Funcionario_listadoEmpleadoj_idt64"), Keys.chord(ENTER)): Keys 'ENTER + ' sent to object: 'Object Repository/2-OBJECTS TAREAS SECUNDARIAS/Pruebas Compensación/Listado_Empleados/input_Nombre Funcionario_listadoEmpleadoj_idt64'

2023-03-09 13:42:02 - [MESSAGE][PASSED] - Keys 'ENTER + ' sent to object: 'Object Repository/2-OBJECTS TAREAS SECUNDARIAS/Pruebas Compensación/Listado_Empleados/input_Nombre Funcionario_listadoEmpleadoj_idt64'

2023-03-09 13:42:02 - [TEST_STEP][PASSED] - click(findTestObject("2-OBJECTS TAREAS SECUNDARIAS/Pruebas Compensación/Listado_Empleados/span_Constantino Jhon")): Object: 'Object Repository/2-OBJECTS TAREAS SECUNDARIAS/Pruebas Compensación/Listado_Empleados/span_Constantino Jhon' is clicked on

2023-03-09 13:42:03 - [MESSAGE][PASSED] - Object: 'Object Repository/2-OBJECTS TAREAS SECUNDARIAS/Pruebas Compensación/Listado_Empleados/span_Constantino Jhon' is clicked on

2023-03-09 13:42:03 - [TEST_STEP][FAILED] - click(findTestObject("2-OBJECTS TAREAS SECUNDARIAS/Pruebas Compensación/Listado_Empleados/a_Liquidacin Periodica")): Unable to click on object 'Object Repository/2-OBJECTS TAREAS SECUNDARIAS/Pruebas Compensación/Listado_Empleados/a_Liquidacin Periodica' (Root cause: com.kms.katalon.core.exception.StepFailedException: Unable to click on object 'Object Repository/2-OBJECTS TAREAS SECUNDARIAS/Pruebas Compensación/Listado_Empleados/a_Liquidacin Periodica'
	at com.kms.katalon.core.webui.keyword.internal.WebUIKeywordMain.stepFailed(WebUIKeywordMain.groovy:64)
	at com.kms.katalon.core.webui.keyword.internal.WebUIKeywordMain.runKeyword(WebUIKeywordMain.groovy:26)
	at com.kms.katalon.core.webui.keyword.builtin.ClickKeyword.click(ClickKeyword.groovy:74)
	at com.kms.katalon.core.webui.keyword.builtin.ClickKeyword.execute(ClickKeyword.groovy:40)
	at com.kms.katalon.core.keyword.internal.KeywordExecutor.executeKeywordForPlatform(KeywordExecutor.groovy:74)
	at com.kms.katalon.core.webui.keyword.WebUiBuiltInKeywords.click(WebUiBuiltInKeywords.groovy:620)
	at com.kms.katalon.core.webui.keyword.WebUiBuiltInKeywords$click$9.call(Unknown Source)
	at 11.1.5-Listado_Empleados.run(11.1.5-Listado_Empleados:35)
	at com.kms.katalon.core.main.ScriptEngine.run(ScriptEngine.java:194)
	at com.kms.katalon.core.main.ScriptEngine.runScriptAsRawText(ScriptEngine.java:119)
	at com.kms.katalon.core.main.TestCaseExecutor.runScript(TestCaseExecutor.java:448)
	at com.kms.katalon.core.main.TestCaseExecutor.doExecute(TestCaseExecutor.java:439)
	at com.kms.katalon.core.main.TestCaseExecutor.processExecutionPhase(TestCaseExecutor.java:418)
	at com.kms.katalon.core.main.TestCaseExecutor.accessMainPhase(TestCaseExecutor.java:410)
	at com.kms.katalon.core.main.TestCaseExecutor.execute(TestCaseExecutor.java:285)
	at com.kms.katalon.core.common.CommonExecutor.accessTestCaseMainPhase(CommonExecutor.java:65)
	at com.kms.katalon.core.main.TestSuiteExecutor.accessTestSuiteMainPhase(TestSuiteExecutor.java:151)
	at com.kms.katalon.core.main.TestSuiteExecutor.execute(TestSuiteExecutor.java:106)
	at com.kms.katalon.core.main.TestCaseMain.startTestSuite(TestCaseMain.java:185)
	at com.kms.katalon.core.main.TestCaseMain$startTestSuite$0.call(Unknown Source)
	at TempTestSuite1678383366099.run(TempTestSuite1678383366099.groovy:36)
Caused by: org.openqa.selenium.ElementClickInterceptedException: element click intercepted: Element <a id="form_menuEmpleado:j_idt1638:j_idt1640:j_idt1681" href="#" class="ui-commandlink ui-widget" onclick="PrimeFaces.ab({s:&quot;form_menuEmpleado:j_idt1638:j_idt1640:j_idt1681&quot;,f:&quot;form_menuEmpleado&quot;,u:&quot;areaAplicacion&quot;,onco:function(xhr,status,args,data){;}});return false;" style="display: inline-block;">...</a> is not clickable at point (145, 433). Other element would receive the click: <div id="popupErrorDialog:dialog_popupFoto_modal" class="ui-widget-overlay ui-dialog-mask" style="z-index: 1004;"></div>
  (Session info: chrome=110.0.5481.178)
Build info: version: '3.141.59', revision: 'e82be7d358', time: '2018-11-14T08:25:53'
System info: host: 'US-AF-000371', ip: '192.168.56.1', os.name: 'Windows 10', os.arch: 'amd64', os.version: '10.0', java.version: '1.8.0_282'
Driver info: com.kms.katalon.selenium.driver.CChromeDriver
Capabilities {acceptInsecureCerts: false, browserName: chrome, browserVersion: 110.0.5481.178, chrome: {chromedriverVersion: 109.0.5414.74 (e7c5703604da..., userDataDir: C:\Users\DIEGO~1.ROJ\AppDat...}, goog:chromeOptions: {debuggerAddress: localhost:64968}, javascriptEnabled: true, networkConnectionEnabled: false, pageLoadStrategy: normal, platform: WINDOWS, platformName: WINDOWS, proxy: Proxy(), setWindowRect: true, strictFileInteractability: false, timeouts: {implicit: 0, pageLoad: 300000, script: 30000}, unhandledPromptBehavior: dismiss and notify, webauthn:extension:credBlob: true, webauthn:extension:largeBlob: true, webauthn:virtualAuthenticators: true}
Session ID: 7a2f9424e297ad1c37e212d9c7e5193b
	at org.openqa.selenium.remote.http.W3CHttpResponseCodec.createException(W3CHttpResponseCodec.java:187)
	at org.openqa.selenium.remote.http.W3CHttpResponseCodec.decode(W3CHttpResponseCodec.java:122)
	at org.openqa.selenium.remote.http.W3CHttpResponseCodec.decode(W3CHttpResponseCodec.java:49)
	at org.openqa.selenium.remote.HttpCommandExecutor.execute(HttpCommandExecutor.java:158)
	at org.openqa.selenium.remote.service.DriverCommandExecutor.execute(DriverCommandExecutor.java:83)
	at org.openqa.selenium.remote.RemoteWebDriver.execute(RemoteWebDriver.java:552)
	at com.kms.katalon.selenium.driver.CChromeDriver.execute(CChromeDriver.java:19)
	at org.openqa.selenium.remote.RemoteWebElement.execute(RemoteWebElement.java:285)
	at org.openqa.selenium.remote.RemoteWebElement.click(RemoteWebElement.java:84)
	at org.openqa.selenium.support.events.EventFiringWebDriver$EventFiringWebElement.lambda$new$0(EventFiringWebDriver.java:404)
	at com.sun.proxy.$Proxy11.click(Unknown Source)
	at org.openqa.selenium.support.events.EventFiringWebDriver$EventFiringWebElement.click(EventFiringWebDriver.java:417)
	at org.openqa.selenium.WebElement$click$0.call(Unknown Source)
	at com.kms.katalon.core.webui.keyword.builtin.ClickKeyword.clickUntilSuccessWithTimeout(ClickKeyword.groovy:81)
	at com.kms.katalon.core.webui.keyword.builtin.ClickKeyword.clickUntilSuccessWithTimeout(ClickKeyword.groovy)
	at com.kms.katalon.core.webui.keyword.builtin.ClickKeyword$_click_closure1.doCall(ClickKeyword.groovy:67)
	at com.kms.katalon.core.webui.keyword.builtin.ClickKeyword$_click_closure1.call(ClickKeyword.groovy)
	at com.kms.katalon.core.webui.keyword.internal.WebUIKeywordMain.runKeyword(WebUIKeywordMain.groovy:20)
	at com.kms.katalon.core.webui.keyword.builtin.ClickKeyword.click(ClickKeyword.groovy:74)
	at com.kms.katalon.core.webui.keyword.builtin.ClickKeyword.execute(ClickKeyword.groovy:40)
	at com.kms.katalon.core.keyword.internal.KeywordExecutor.executeKeywordForPlatform(KeywordExecutor.groovy:74)
	at com.kms.katalon.core.webui.keyword.WebUiBuiltInKeywords.click(WebUiBuiltInKeywords.groovy:620)
	at com.kms.katalon.core.webui.keyword.WebUiBuiltInKeywords$click$9.call(Unknown Source)
	at Script1648473989083.run(Script1648473989083.groovy:35)
	... 13 more
)

2023-03-09 13:42:43 - [MESSAGE][FAILED] - Unable to click on object 'Object Repository/2-OBJECTS TAREAS SECUNDARIAS/Pruebas Compensación/Listado_Empleados/a_Liquidacin Periodica' (Root cause: com.kms.katalon.core.exception.StepFailedException: Unable to click on object 'Object Repository/2-OBJECTS TAREAS SECUNDARIAS/Pruebas Compensación/Listado_Empleados/a_Liquidacin Periodica'
	at com.kms.katalon.core.webui.keyword.internal.WebUIKeywordMain.stepFailed(WebUIKeywordMain.groovy:64)
	at com.kms.katalon.core.webui.keyword.internal.WebUIKeywordMain.runKeyword(WebUIKeywordMain.groovy:26)
	at com.kms.katalon.core.webui.keyword.builtin.ClickKeyword.click(ClickKeyword.groovy:74)
	at com.kms.katalon.core.webui.keyword.builtin.ClickKeyword.execute(ClickKeyword.groovy:40)
	at com.kms.katalon.core.keyword.internal.KeywordExecutor.executeKeywordForPlatform(KeywordExecutor.groovy:74)
	at com.kms.katalon.core.webui.keyword.WebUiBuiltInKeywords.click(WebUiBuiltInKeywords.groovy:620)
	at com.kms.katalon.core.webui.keyword.WebUiBuiltInKeywords$click$9.call(Unknown Source)
	at 11.1.5-Listado_Empleados.run(11.1.5-Listado_Empleados:35)
	at com.kms.katalon.core.main.ScriptEngine.run(ScriptEngine.java:194)
	at com.kms.katalon.core.main.ScriptEngine.runScriptAsRawText(ScriptEngine.java:119)
	at com.kms.katalon.core.main.TestCaseExecutor.runScript(TestCaseExecutor.java:448)
	at com.kms.katalon.core.main.TestCaseExecutor.doExecute(TestCaseExecutor.java:439)
	at com.kms.katalon.core.main.TestCaseExecutor.processExecutionPhase(TestCaseExecutor.java:418)
	at com.kms.katalon.core.main.TestCaseExecutor.accessMainPhase(TestCaseExecutor.java:410)
	at com.kms.katalon.core.main.TestCaseExecutor.execute(TestCaseExecutor.java:285)
	at com.kms.katalon.core.common.CommonExecutor.accessTestCaseMainPhase(CommonExecutor.java:65)
	at com.kms.katalon.core.main.TestSuiteExecutor.accessTestSuiteMainPhase(TestSuiteExecutor.java:151)
	at com.kms.katalon.core.main.TestSuiteExecutor.execute(TestSuiteExecutor.java:106)
	at com.kms.katalon.core.main.TestCaseMain.startTestSuite(TestCaseMain.java:185)
	at com.kms.katalon.core.main.TestCaseMain$startTestSuite$0.call(Unknown Source)
	at TempTestSuite1678383366099.run(TempTestSuite1678383366099.groovy:36)
Caused by: org.openqa.selenium.ElementClickInterceptedException: element click intercepted: Element <a id="form_menuEmpleado:j_idt1638:j_idt1640:j_idt1681" href="#" class="ui-commandlink ui-widget" onclick="PrimeFaces.ab({s:&quot;form_menuEmpleado:j_idt1638:j_idt1640:j_idt1681&quot;,f:&quot;form_menuEmpleado&quot;,u:&quot;areaAplicacion&quot;,onco:function(xhr,status,args,data){;}});return false;" style="display: inline-block;">...</a> is not clickable at point (145, 433). Other element would receive the click: <div id="popupErrorDialog:dialog_popupFoto_modal" class="ui-widget-overlay ui-dialog-mask" style="z-index: 1004;"></div>
  (Session info: chrome=110.0.5481.178)
Build info: version: '3.141.59', revision: 'e82be7d358', time: '2018-11-14T08:25:53'
System info: host: 'US-AF-000371', ip: '192.168.56.1', os.name: 'Windows 10', os.arch: 'amd64', os.version: '10.0', java.version: '1.8.0_282'
Driver info: com.kms.katalon.selenium.driver.CChromeDriver
Capabilities {acceptInsecureCerts: false, browserName: chrome, browserVersion: 110.0.5481.178, chrome: {chromedriverVersion: 109.0.5414.74 (e7c5703604da..., userDataDir: C:\Users\DIEGO~1.ROJ\AppDat...}, goog:chromeOptions: {debuggerAddress: localhost:64968}, javascriptEnabled: true, networkConnectionEnabled: false, pageLoadStrategy: normal, platform: WINDOWS, platformName: WINDOWS, proxy: Proxy(), setWindowRect: true, strictFileInteractability: false, timeouts: {implicit: 0, pageLoad: 300000, script: 30000}, unhandledPromptBehavior: dismiss and notify, webauthn:extension:credBlob: true, webauthn:extension:largeBlob: true, webauthn:virtualAuthenticators: true}
Session ID: 7a2f9424e297ad1c37e212d9c7e5193b
	at org.openqa.selenium.remote.http.W3CHttpResponseCodec.createException(W3CHttpResponseCodec.java:187)
	at org.openqa.selenium.remote.http.W3CHttpResponseCodec.decode(W3CHttpResponseCodec.java:122)
	at org.openqa.selenium.remote.http.W3CHttpResponseCodec.decode(W3CHttpResponseCodec.java:49)
	at org.openqa.selenium.remote.HttpCommandExecutor.execute(HttpCommandExecutor.java:158)
	at org.openqa.selenium.remote.service.DriverCommandExecutor.execute(DriverCommandExecutor.java:83)
	at org.openqa.selenium.remote.RemoteWebDriver.execute(RemoteWebDriver.java:552)
	at com.kms.katalon.selenium.driver.CChromeDriver.execute(CChromeDriver.java:19)
	at org.openqa.selenium.remote.RemoteWebElement.execute(RemoteWebElement.java:285)
	at org.openqa.selenium.remote.RemoteWebElement.click(RemoteWebElement.java:84)
	at org.openqa.selenium.support.events.EventFiringWebDriver$EventFiringWebElement.lambda$new$0(EventFiringWebDriver.java:404)
	at com.sun.proxy.$Proxy11.click(Unknown Source)
	at org.openqa.selenium.support.events.EventFiringWebDriver$EventFiringWebElement.click(EventFiringWebDriver.java:417)
	at org.openqa.selenium.WebElement$click$0.call(Unknown Source)
	at com.kms.katalon.core.webui.keyword.builtin.ClickKeyword.clickUntilSuccessWithTimeout(ClickKeyword.groovy:81)
	at com.kms.katalon.core.webui.keyword.builtin.ClickKeyword.clickUntilSuccessWithTimeout(ClickKeyword.groovy)
	at com.kms.katalon.core.webui.keyword.builtin.ClickKeyword$_click_closure1.doCall(ClickKeyword.groovy:67)
	at com.kms.katalon.core.webui.keyword.builtin.ClickKeyword$_click_closure1.call(ClickKeyword.groovy)
	at com.kms.katalon.core.webui.keyword.internal.WebUIKeywordMain.runKeyword(WebUIKeywordMain.groovy:20)
	at com.kms.katalon.core.webui.keyword.builtin.ClickKeyword.click(ClickKeyword.groovy:74)
	at com.kms.katalon.core.webui.keyword.builtin.ClickKeyword.execute(ClickKeyword.groovy:40)
	at com.kms.katalon.core.keyword.internal.KeywordExecutor.executeKeywordForPlatform(KeywordExecutor.groovy:74)
	at com.kms.katalon.core.webui.keyword.WebUiBuiltInKeywords.click(WebUiBuiltInKeywords.groovy:620)
	at com.kms.katalon.core.webui.keyword.WebUiBuiltInKeywords$click$9.call(Unknown Source)
	at Script1648473989083.run(Script1648473989083.groovy:35)
	... 13 more
)
[[ATTACHMENT|C:\\Users\\diego.rojas\\git\\Pruebas-Minimas\\Reports\\20230309_123606\\Test_Suite_Secundaria\\1-Tareas_secundarias\\20230309_123606\\1678387362959.png]]]]></system-out>
         <system-err><![CDATA[2023-03-09 13:41:44 - [TEST_CASE][FAILED] - Test Cases/1.2-Tareas_Secundarias/A.1-Pruebas_compensaciones/11.1.5-Listado_Empleados: Test Cases/1.2-Tareas_Secundarias/A.1-Pruebas_compensaciones/11.1.5-Listado_Empleados FAILED.
Reason:
com.kms.katalon.core.exception.StepFailedException: Unable to click on object 'Object Repository/2-OBJECTS TAREAS SECUNDARIAS/Pruebas Compensación/Listado_Empleados/a_Liquidacin Periodica'
	at com.kms.katalon.core.webui.keyword.internal.WebUIKeywordMain.stepFailed(WebUIKeywordMain.groovy:64)
	at com.kms.katalon.core.webui.keyword.internal.WebUIKeywordMain.runKeyword(WebUIKeywordMain.groovy:26)
	at com.kms.katalon.core.webui.keyword.builtin.ClickKeyword.click(ClickKeyword.groovy:74)
	at com.kms.katalon.core.webui.keyword.builtin.ClickKeyword.execute(ClickKeyword.groovy:40)
	at com.kms.katalon.core.keyword.internal.KeywordExecutor.executeKeywordForPlatform(KeywordExecutor.groovy:74)
	at com.kms.katalon.core.webui.keyword.WebUiBuiltInKeywords.click(WebUiBuiltInKeywords.groovy:620)
	at com.kms.katalon.core.webui.keyword.WebUiBuiltInKeywords$click$9.call(Unknown Source)
	at 11.1.5-Listado_Empleados.run(11.1.5-Listado_Empleados:35)
	at com.kms.katalon.core.main.ScriptEngine.run(ScriptEngine.java:194)
	at com.kms.katalon.core.main.ScriptEngine.runScriptAsRawText(ScriptEngine.java:119)
	at com.kms.katalon.core.main.TestCaseExecutor.runScript(TestCaseExecutor.java:448)
	at com.kms.katalon.core.main.TestCaseExecutor.doExecute(TestCaseExecutor.java:439)
	at com.kms.katalon.core.main.TestCaseExecutor.processExecutionPhase(TestCaseExecutor.java:418)
	at com.kms.katalon.core.main.TestCaseExecutor.accessMainPhase(TestCaseExecutor.java:410)
	at com.kms.katalon.core.main.TestCaseExecutor.execute(TestCaseExecutor.java:285)
	at com.kms.katalon.core.common.CommonExecutor.accessTestCaseMainPhase(CommonExecutor.java:65)
	at com.kms.katalon.core.main.TestSuiteExecutor.accessTestSuiteMainPhase(TestSuiteExecutor.java:151)
	at com.kms.katalon.core.main.TestSuiteExecutor.execute(TestSuiteExecutor.java:106)
	at com.kms.katalon.core.main.TestCaseMain.startTestSuite(TestCaseMain.java:185)
	at com.kms.katalon.core.main.TestCaseMain$startTestSuite$0.call(Unknown Source)
	at TempTestSuite1678383366099.run(TempTestSuite1678383366099.groovy:36)
Caused by: org.openqa.selenium.ElementClickInterceptedException: element click intercepted: Element <a id="form_menuEmpleado:j_idt1638:j_idt1640:j_idt1681" href="#" class="ui-commandlink ui-widget" onclick="PrimeFaces.ab({s:&quot;form_menuEmpleado:j_idt1638:j_idt1640:j_idt1681&quot;,f:&quot;form_menuEmpleado&quot;,u:&quot;areaAplicacion&quot;,onco:function(xhr,status,args,data){;}});return false;" style="display: inline-block;">...</a> is not clickable at point (145, 433). Other element would receive the click: <div id="popupErrorDialog:dialog_popupFoto_modal" class="ui-widget-overlay ui-dialog-mask" style="z-index: 1004;"></div>
  (Session info: chrome=110.0.5481.178)
Build info: version: '3.141.59', revision: 'e82be7d358', time: '2018-11-14T08:25:53'
System info: host: 'US-AF-000371', ip: '192.168.56.1', os.name: 'Windows 10', os.arch: 'amd64', os.version: '10.0', java.version: '1.8.0_282'
Driver info: com.kms.katalon.selenium.driver.CChromeDriver
Capabilities {acceptInsecureCerts: false, browserName: chrome, browserVersion: 110.0.5481.178, chrome: {chromedriverVersion: 109.0.5414.74 (e7c5703604da..., userDataDir: C:\Users\DIEGO~1.ROJ\AppDat...}, goog:chromeOptions: {debuggerAddress: localhost:64968}, javascriptEnabled: true, networkConnectionEnabled: false, pageLoadStrategy: normal, platform: WINDOWS, platformName: WINDOWS, proxy: Proxy(), setWindowRect: true, strictFileInteractability: false, timeouts: {implicit: 0, pageLoad: 300000, script: 30000}, unhandledPromptBehavior: dismiss and notify, webauthn:extension:credBlob: true, webauthn:extension:largeBlob: true, webauthn:virtualAuthenticators: true}
Session ID: 7a2f9424e297ad1c37e212d9c7e5193b
	at org.openqa.selenium.remote.http.W3CHttpResponseCodec.createException(W3CHttpResponseCodec.java:187)
	at org.openqa.selenium.remote.http.W3CHttpResponseCodec.decode(W3CHttpResponseCodec.java:122)
	at org.openqa.selenium.remote.http.W3CHttpResponseCodec.decode(W3CHttpResponseCodec.java:49)
	at org.openqa.selenium.remote.HttpCommandExecutor.execute(HttpCommandExecutor.java:158)
	at org.openqa.selenium.remote.service.DriverCommandExecutor.execute(DriverCommandExecutor.java:83)
	at org.openqa.selenium.remote.RemoteWebDriver.execute(RemoteWebDriver.java:552)
	at com.kms.katalon.selenium.driver.CChromeDriver.execute(CChromeDriver.java:19)
	at org.openqa.selenium.remote.RemoteWebElement.execute(RemoteWebElement.java:285)
	at org.openqa.selenium.remote.RemoteWebElement.click(RemoteWebElement.java:84)
	at org.openqa.selenium.support.events.EventFiringWebDriver$EventFiringWebElement.lambda$new$0(EventFiringWebDriver.java:404)
	at com.sun.proxy.$Proxy11.click(Unknown Source)
	at org.openqa.selenium.support.events.EventFiringWebDriver$EventFiringWebElement.click(EventFiringWebDriver.java:417)
	at org.openqa.selenium.WebElement$click$0.call(Unknown Source)
	at com.kms.katalon.core.webui.keyword.builtin.ClickKeyword.clickUntilSuccessWithTimeout(ClickKeyword.groovy:81)
	at com.kms.katalon.core.webui.keyword.builtin.ClickKeyword.clickUntilSuccessWithTimeout(ClickKeyword.groovy)
	at com.kms.katalon.core.webui.keyword.builtin.ClickKeyword$_click_closure1.doCall(ClickKeyword.groovy:67)
	at com.kms.katalon.core.webui.keyword.builtin.ClickKeyword$_click_closure1.call(ClickKeyword.groovy)
	at com.kms.katalon.core.webui.keyword.internal.WebUIKeywordMain.runKeyword(WebUIKeywordMain.groovy:20)
	... 19 more]]></system-err>
      </testcase>
      <testcase name="Test Cases/1.2-Tareas_Secundarias/A.1-Pruebas_compensaciones/11.1.6-Liquidación_Nomina" time="24.065" classname="Test Cases/1.2-Tareas_Secundarias/A.1-Pruebas_compensaciones/11.1.6-Liquidación_Nomina" status="PASSED">
         <system-out><![CDATA[2023-03-09 13:42:43 - [TEST_CASE][PASSED] - Test Cases/1.2-Tareas_Secundarias/A.1-Pruebas_compensaciones/11.1.6-Liquidación_Nomina: Test Cases/1.2-Tareas_Secundarias/A.1-Pruebas_compensaciones/11.1.6-Liquidación_Nomina

2023-03-09 13:42:43 - [TEST_STEP][PASSED] - callTestCase(findTestCase("0.1-Login"), [:], STOP_ON_FAILURE): Call Test Case 'Test Cases/0.1-Login' successfully

2023-03-09 13:42:43 - [TEST_CASE][PASSED] - Test Cases/0.1-Login: Test Cases/0.1-Login

2023-03-09 13:42:43 - [TEST_STEP][PASSED] - openBrowser(""): Browser is opened with url: ''

2023-03-09 13:42:43 - [MESSAGE][WARNING] - A browser is already opened. Closing browser and opening a new one

2023-03-09 13:42:44 - [MESSAGE][INFO] - Starting 'Chrome' driver

2023-03-09 13:42:44 - [MESSAGE][INFO] - Action delay is set to 0 milliseconds

2023-03-09 13:42:45 - [MESSAGE][PASSED] - Browser is opened with url: ''

2023-03-09 13:42:45 - [TEST_STEP][PASSED] - maximizeWindow(): Current window maximized

2023-03-09 13:42:45 - [MESSAGE][PASSED] - Current window maximized

2023-03-09 13:42:45 - [TEST_STEP][PASSED] - i = G_Login: null

2023-03-09 13:42:45 - [TEST_STEP][PASSED] - url = new java.net.URL(i): null

2023-03-09 13:42:45 - [TEST_STEP][PASSED] - println("URL: " + url.toString()): null

2023-03-09 13:42:45 - [TEST_STEP][PASSED] - connection = url.openConnection(): null

2023-03-09 13:42:45 - [TEST_STEP][PASSED] - connection.setRequestMethod("GET"): null

2023-03-09 13:42:45 - [TEST_STEP][PASSED] - connection.setReadTimeout(2 * 1000): null

2023-03-09 13:42:45 - [TEST_STEP][PASSED] - try: null

2023-03-09 13:42:45 - [TEST_STEP][PASSED] - connection.connect(): null

2023-03-09 13:42:45 - [TEST_STEP][PASSED] - flag = connected: null

2023-03-09 13:42:45 - [TEST_STEP][PASSED] - println("Valor_ori: " + flag): null

2023-03-09 13:42:45 - [TEST_STEP][PASSED] - if (flag): null

2023-03-09 13:42:45 - [TEST_STEP][PASSED] - navigateToUrl(i): Navigate to 'http://192.168.2.19:7001/saraweb' successfully

2023-03-09 13:42:47 - [MESSAGE][PASSED] - Navigate to 'http://192.168.2.19:7001/saraweb' successfully

2023-03-09 13:42:47 - [TEST_STEP][PASSED] - a(): null

2023-03-09 13:42:47 - [TEST_STEP][PASSED] - if (waitForElementVisible(findTestObject("3-OBJECTS UTILIDADES/Login/input_USUARIO_loginusuario"), 0)): null

2023-03-09 13:42:47 - [MESSAGE][WARNING] - Timeout '0' is invalid. Using default page load timeout: '37'

2023-03-09 13:42:47 - [MESSAGE][PASSED] - Object 'Object Repository/3-OBJECTS UTILIDADES/Login/input_USUARIO_loginusuario' is visible

2023-03-09 13:42:47 - [TEST_STEP][PASSED] - switchToWindowTitle("SARA"): Switched to window with title: 'SARA'

2023-03-09 13:42:47 - [MESSAGE][PASSED] - Switched to window with title: 'SARA'

2023-03-09 13:42:47 - [TEST_STEP][PASSED] - zoom(): null

2023-03-09 13:42:47 - [TEST_STEP][PASSED] - robot = new java.awt.Robot(): null

2023-03-09 13:42:47 - [TEST_STEP][PASSED] - robot.keyPress(VK_CONTROL): null

2023-03-09 13:42:47 - [TEST_STEP][PASSED] - robot.keyPress(VK_SUBTRACT): null

2023-03-09 13:42:47 - [TEST_STEP][PASSED] - robot.keyRelease(VK_CONTROL): null

2023-03-09 13:42:47 - [TEST_STEP][PASSED] - robot.keyRelease(VK_SUBTRACT): null

2023-03-09 13:42:47 - [TEST_STEP][PASSED] - robot.keyPress(VK_CONTROL): null

2023-03-09 13:42:47 - [TEST_STEP][PASSED] - robot.keyPress(VK_SUBTRACT): null

2023-03-09 13:42:47 - [TEST_STEP][PASSED] - robot.keyRelease(VK_CONTROL): null

2023-03-09 13:42:47 - [TEST_STEP][PASSED] - robot.keyRelease(VK_SUBTRACT): null

2023-03-09 13:42:47 - [TEST_STEP][PASSED] - robot.keyPress(VK_CONTROL): null

2023-03-09 13:42:47 - [TEST_STEP][PASSED] - robot.keyPress(VK_SUBTRACT): null

2023-03-09 13:42:47 - [TEST_STEP][PASSED] - robot.keyRelease(VK_CONTROL): null

2023-03-09 13:42:47 - [TEST_STEP][PASSED] - robot.keyRelease(VK_SUBTRACT): null

2023-03-09 13:42:47 - [TEST_STEP][PASSED] - robot.keyRelease(VK_CONTROL): null

2023-03-09 13:42:47 - [TEST_STEP][PASSED] - robot.keyRelease(VK_SUBTRACT): null

2023-03-09 13:42:47 - [TEST_STEP][PASSED] - setText(findTestObject("3-OBJECTS UTILIDADES/Login/input_USUARIO_loginusuario"), G_Usuario): Text 'weblogic' is set on object 'Object Repository/3-OBJECTS UTILIDADES/Login/input_USUARIO_loginusuario'

2023-03-09 13:42:48 - [MESSAGE][PASSED] - Text 'weblogic' is set on object 'Object Repository/3-OBJECTS UTILIDADES/Login/input_USUARIO_loginusuario'

2023-03-09 13:42:48 - [TEST_STEP][PASSED] - setEncryptedText(findTestObject("3-OBJECTS UTILIDADES/Login/input_CLAVE_loginpassword"), "SlAwMcyRKqrwbnzhAs8HhT6NnI7sEyng"): Text ****** has been set on object 'Object Repository/3-OBJECTS UTILIDADES/Login/input_CLAVE_loginpassword'

2023-03-09 13:42:51 - [MESSAGE][PASSED] - Text ****** has been set on object 'Object Repository/3-OBJECTS UTILIDADES/Login/input_CLAVE_loginpassword'

2023-03-09 13:42:51 - [TEST_STEP][PASSED] - while (waitForElementClickable(findTestObject("3-OBJECTS UTILIDADES/Login/a_Ingresar"), 1)): Web element with id: 'Object Repository/3-OBJECTS UTILIDADES/Login/a_Ingresar' located by '//a[contains(text(),'Ingresar')]' not found

2023-03-09 13:42:53 - [MESSAGE][INFO] - Unable to find the element located by 'By.xpath: //a[contains(text(),'Ingresar')]'. Please recheck the objects properties to make sure the desired element is located. 

2023-03-09 13:42:53 - [MESSAGE][WARNING] - Web element with id: 'Object Repository/3-OBJECTS UTILIDADES/Login/a_Ingresar' located by '//a[contains(text(),'Ingresar')]' not found

2023-03-09 13:42:53 - [MESSAGE][PASSED] - Call Test Case 'Test Cases/0.1-Login' successfully

2023-03-09 13:42:53 - [TEST_STEP][PASSED] - setText(findTestObject("2-OBJECTS TAREAS SECUNDARIAS/Pruebas Compensación/Liquidación_Nomina0/input_Empresa 1_form_templatej_idt24_input"), "liquidacion nomina"): Text 'liquidacion nomina' is set on object 'Object Repository/2-OBJECTS TAREAS SECUNDARIAS/Pruebas Compensación/Liquidación_Nomina0/input_Empresa 1_form_templatej_idt24_input'

2023-03-09 13:42:54 - [MESSAGE][PASSED] - Text 'liquidacion nomina' is set on object 'Object Repository/2-OBJECTS TAREAS SECUNDARIAS/Pruebas Compensación/Liquidación_Nomina0/input_Empresa 1_form_templatej_idt24_input'

2023-03-09 13:42:54 - [TEST_STEP][PASSED] - click(findTestObject("2-OBJECTS TAREAS SECUNDARIAS/Pruebas Compensación/Liquidación_Nomina0/li_Liquidacion Nomina (com)")): Object: 'Object Repository/2-OBJECTS TAREAS SECUNDARIAS/Pruebas Compensación/Liquidación_Nomina0/li_Liquidacion Nomina (com)' is clicked on

2023-03-09 13:42:55 - [MESSAGE][PASSED] - Object: 'Object Repository/2-OBJECTS TAREAS SECUNDARIAS/Pruebas Compensación/Liquidación_Nomina0/li_Liquidacion Nomina (com)' is clicked on

2023-03-09 13:42:55 - [TEST_STEP][PASSED] - click(findTestObject("2-OBJECTS TAREAS SECUNDARIAS/Pruebas Compensación/Liquidación_Nomina0/a_Periodo Nomina_LiquidacionNominaj_idt68")): Object: 'Object Repository/2-OBJECTS TAREAS SECUNDARIAS/Pruebas Compensación/Liquidación_Nomina0/a_Periodo Nomina_LiquidacionNominaj_idt68' is clicked on

2023-03-09 13:42:57 - [MESSAGE][PASSED] - Object: 'Object Repository/2-OBJECTS TAREAS SECUNDARIAS/Pruebas Compensación/Liquidación_Nomina0/a_Periodo Nomina_LiquidacionNominaj_idt68' is clicked on

2023-03-09 13:42:57 - [TEST_STEP][PASSED] - selectOptionByIndex(findTestObject("2-OBJECTS TAREAS SECUNDARIAS/Pruebas Compensación/Liquidación_Nomina0/select_--  Seleccione  --Periodo CerradoPeriodo en Proceso"), 2): All options with index in [2] are selected on object 'Object Repository/2-OBJECTS TAREAS SECUNDARIAS/Pruebas Compensación/Liquidación_Nomina0/select_--  Seleccione  --Periodo CerradoPeriodo en Proceso'

2023-03-09 13:42:59 - [MESSAGE][PASSED] - All options with index in [2] are selected on object 'Object Repository/2-OBJECTS TAREAS SECUNDARIAS/Pruebas Compensación/Liquidación_Nomina0/select_--  Seleccione  --Periodo CerradoPeriodo en Proceso'

2023-03-09 13:42:59 - [TEST_STEP][PASSED] - click(findTestObject("2-OBJECTS TAREAS SECUNDARIAS/Pruebas Compensación/Liquidación_Nomina0/span_P. MensualJulio2021")): Object: 'Object Repository/2-OBJECTS TAREAS SECUNDARIAS/Pruebas Compensación/Liquidación_Nomina0/span_P. MensualJulio2021' is clicked on

2023-03-09 13:42:59 - [MESSAGE][PASSED] - Object: 'Object Repository/2-OBJECTS TAREAS SECUNDARIAS/Pruebas Compensación/Liquidación_Nomina0/span_P. MensualJulio2021' is clicked on

2023-03-09 13:42:59 - [TEST_STEP][PASSED] - click(findTestObject("2-OBJECTS TAREAS SECUNDARIAS/Pruebas Compensación/Liquidación_Nomina0/a_Nombre Persona_LiquidacionNominaj_idt126")): Object: 'Object Repository/2-OBJECTS TAREAS SECUNDARIAS/Pruebas Compensación/Liquidación_Nomina0/a_Nombre Persona_LiquidacionNominaj_idt126' is clicked on

2023-03-09 13:43:01 - [MESSAGE][PASSED] - Object: 'Object Repository/2-OBJECTS TAREAS SECUNDARIAS/Pruebas Compensación/Liquidación_Nomina0/a_Nombre Persona_LiquidacionNominaj_idt126' is clicked on

2023-03-09 13:43:01 - [TEST_STEP][PASSED] - setText(findTestObject("2-OBJECTS TAREAS SECUNDARIAS/Pruebas Compensación/Liquidación_Nomina0/input_Filtro Empleado_form_popupEmpleadoj_idt2433"), "1026588953"): Text '1026588953' is set on object 'Object Repository/2-OBJECTS TAREAS SECUNDARIAS/Pruebas Compensación/Liquidación_Nomina0/input_Filtro Empleado_form_popupEmpleadoj_idt2433'

2023-03-09 13:43:02 - [MESSAGE][PASSED] - Text '1026588953' is set on object 'Object Repository/2-OBJECTS TAREAS SECUNDARIAS/Pruebas Compensación/Liquidación_Nomina0/input_Filtro Empleado_form_popupEmpleadoj_idt2433'

2023-03-09 13:43:02 - [TEST_STEP][PASSED] - sendKeys(findTestObject("2-OBJECTS TAREAS SECUNDARIAS/Pruebas Compensación/Liquidación_Nomina0/input_Filtro Empleado_form_popupEmpleadoj_idt2433"), Keys.chord(ENTER)): Keys 'ENTER + ' sent to object: 'Object Repository/2-OBJECTS TAREAS SECUNDARIAS/Pruebas Compensación/Liquidación_Nomina0/input_Filtro Empleado_form_popupEmpleadoj_idt2433'

2023-03-09 13:43:02 - [MESSAGE][PASSED] - Keys 'ENTER + ' sent to object: 'Object Repository/2-OBJECTS TAREAS SECUNDARIAS/Pruebas Compensación/Liquidación_Nomina0/input_Filtro Empleado_form_popupEmpleadoj_idt2433'

2023-03-09 13:43:02 - [TEST_STEP][PASSED] - click(findTestObject("2-OBJECTS TAREAS SECUNDARIAS/Pruebas Compensación/Liquidación_Nomina0/span_Constantino Jhon")): Object: 'Object Repository/2-OBJECTS TAREAS SECUNDARIAS/Pruebas Compensación/Liquidación_Nomina0/span_Constantino Jhon' is clicked on

2023-03-09 13:43:03 - [MESSAGE][PASSED] - Object: 'Object Repository/2-OBJECTS TAREAS SECUNDARIAS/Pruebas Compensación/Liquidación_Nomina0/span_Constantino Jhon' is clicked on

2023-03-09 13:43:03 - [TEST_STEP][PASSED] - click(findTestObject("2-OBJECTS TAREAS SECUNDARIAS/Pruebas Compensación/Liquidación_Nomina0/td_Aya Silva Cindy Ximena"), STOP_ON_FAILURE): Object: 'Object Repository/2-OBJECTS TAREAS SECUNDARIAS/Pruebas Compensación/Liquidación_Nomina0/td_Aya Silva Cindy Ximena' is clicked on

2023-03-09 13:43:04 - [MESSAGE][PASSED] - Object: 'Object Repository/2-OBJECTS TAREAS SECUNDARIAS/Pruebas Compensación/Liquidación_Nomina0/td_Aya Silva Cindy Ximena' is clicked on

2023-03-09 13:43:04 - [TEST_STEP][PASSED] - click(findTestObject("2-OBJECTS TAREAS SECUNDARIAS/Pruebas Compensación/Liquidación_Nomina0/a_ adicionales")): Object: 'Object Repository/2-OBJECTS TAREAS SECUNDARIAS/Pruebas Compensación/Liquidación_Nomina0/a_ adicionales' is clicked on

2023-03-09 13:43:05 - [MESSAGE][PASSED] - Object: 'Object Repository/2-OBJECTS TAREAS SECUNDARIAS/Pruebas Compensación/Liquidación_Nomina0/a_ adicionales' is clicked on

2023-03-09 13:43:05 - [TEST_STEP][PASSED] - click(findTestObject("2-OBJECTS TAREAS SECUNDARIAS/Pruebas capacitacion/Comprobar Parametros/a_Guardar")): Object: 'Object Repository/2-OBJECTS TAREAS SECUNDARIAS/Pruebas capacitacion/Comprobar Parametros/a_Guardar' is clicked on

2023-03-09 13:43:05 - [MESSAGE][PASSED] - Object: 'Object Repository/2-OBJECTS TAREAS SECUNDARIAS/Pruebas capacitacion/Comprobar Parametros/a_Guardar' is clicked on

2023-03-09 13:43:05 - [TEST_STEP][PASSED] - Result = getText(findTestObject("3-OBJECTS UTILIDADES/Alerta/Alerta")): Text of object 'Object Repository/3-OBJECTS UTILIDADES/Alerta/Alerta' is: 'Se guardo el mensaje'

2023-03-09 13:43:06 - [MESSAGE][PASSED] - Text of object 'Object Repository/3-OBJECTS UTILIDADES/Alerta/Alerta' is: 'Se guardo el mensaje'

2023-03-09 13:43:06 - [TEST_STEP][PASSED] - if (Result == "Se guardo el mensaje"): Browser is closed

2023-03-09 13:43:06 - [TEST_STEP][PASSED] - Resultado = "PRUEBA OK": null

2023-03-09 13:43:06 - [TEST_STEP][PASSED] - closeBrowser(): Browser is closed

2023-03-09 13:43:07 - [MESSAGE][PASSED] - Browser is closed]]></system-out>
         <system-err><![CDATA[]]></system-err>
      </testcase>
      <testcase name="Test Cases/1.2-Tareas_Secundarias/A.1-Pruebas_compensaciones/11.1.7-Listado_Empleados" time="56.552" classname="Test Cases/1.2-Tareas_Secundarias/A.1-Pruebas_compensaciones/11.1.7-Listado_Empleados" status="FAILED">
         <failure type="FAILED" message="Test Cases/1.2-Tareas_Secundarias/A.1-Pruebas_compensaciones/11.1.7-Listado_Empleados FAILED.
Reason:
com.kms.katalon.core.exception.StepFailedException: Unable to click on object 'Object Repository/2-OBJECTS TAREAS SECUNDARIAS/Pruebas Compensación/Listado_Empleados/a_Liquidacin Periodica'
	at com.kms.katalon.core.webui.keyword.internal.WebUIKeywordMain.stepFailed(WebUIKeywordMain.groovy:64)
	at com.kms.katalon.core.webui.keyword.internal.WebUIKeywordMain.runKeyword(WebUIKeywordMain.groovy:26)
	at com.kms.katalon.core.webui.keyword.builtin.ClickKeyword.click(ClickKeyword.groovy:74)
	at com.kms.katalon.core.webui.keyword.builtin.ClickKeyword.execute(ClickKeyword.groovy:40)
	at com.kms.katalon.core.keyword.internal.KeywordExecutor.executeKeywordForPlatform(KeywordExecutor.groovy:74)
	at com.kms.katalon.core.webui.keyword.WebUiBuiltInKeywords.click(WebUiBuiltInKeywords.groovy:620)
	at com.kms.katalon.core.webui.keyword.WebUiBuiltInKeywords$click$9.call(Unknown Source)
	at 11.1.7-Listado_Empleados.run(11.1.7-Listado_Empleados:35)
	at com.kms.katalon.core.main.ScriptEngine.run(ScriptEngine.java:194)
	at com.kms.katalon.core.main.ScriptEngine.runScriptAsRawText(ScriptEngine.java:119)
	at com.kms.katalon.core.main.TestCaseExecutor.runScript(TestCaseExecutor.java:448)
	at com.kms.katalon.core.main.TestCaseExecutor.doExecute(TestCaseExecutor.java:439)
	at com.kms.katalon.core.main.TestCaseExecutor.processExecutionPhase(TestCaseExecutor.java:418)
	at com.kms.katalon.core.main.TestCaseExecutor.accessMainPhase(TestCaseExecutor.java:410)
	at com.kms.katalon.core.main.TestCaseExecutor.execute(TestCaseExecutor.java:285)
	at com.kms.katalon.core.common.CommonExecutor.accessTestCaseMainPhase(CommonExecutor.java:65)
	at com.kms.katalon.core.main.TestSuiteExecutor.accessTestSuiteMainPhase(TestSuiteExecutor.java:151)
	at com.kms.katalon.core.main.TestSuiteExecutor.execute(TestSuiteExecutor.java:106)
	at com.kms.katalon.core.main.TestCaseMain.startTestSuite(TestCaseMain.java:185)
	at com.kms.katalon.core.main.TestCaseMain$startTestSuite$0.call(Unknown Source)
	at TempTestSuite1678383366099.run(TempTestSuite1678383366099.groovy:36)
Caused by: org.openqa.selenium.ElementClickInterceptedException: element click intercepted: Element &lt;a id=&quot;form_menuEmpleado:j_idt1638:j_idt1640:j_idt1681&quot; href=&quot;#&quot; class=&quot;ui-commandlink ui-widget&quot; onclick=&quot;PrimeFaces.ab({s:&amp;quot;form_menuEmpleado:j_idt1638:j_idt1640:j_idt1681&amp;quot;,f:&amp;quot;form_menuEmpleado&amp;quot;,u:&amp;quot;areaAplicacion&amp;quot;,onco:function(xhr,status,args,data){;}});return false;&quot; style=&quot;display: inline-block;&quot;>...&lt;/a> is not clickable at point (145, 433). Other element would receive the click: &lt;div id=&quot;popupErrorDialog:dialog_popupFoto_modal&quot; class=&quot;ui-widget-overlay ui-dialog-mask&quot; style=&quot;z-index: 1004;&quot;>&lt;/div>
  (Session info: chrome=110.0.5481.178)
Build info: version: '3.141.59', revision: 'e82be7d358', time: '2018-11-14T08:25:53'
System info: host: 'US-AF-000371', ip: '192.168.56.1', os.name: 'Windows 10', os.arch: 'amd64', os.version: '10.0', java.version: '1.8.0_282'
Driver info: com.kms.katalon.selenium.driver.CChromeDriver
Capabilities {acceptInsecureCerts: false, browserName: chrome, browserVersion: 110.0.5481.178, chrome: {chromedriverVersion: 109.0.5414.74 (e7c5703604da..., userDataDir: C:\Users\DIEGO~1.ROJ\AppDat...}, goog:chromeOptions: {debuggerAddress: localhost:65169}, javascriptEnabled: true, networkConnectionEnabled: false, pageLoadStrategy: normal, platform: WINDOWS, platformName: WINDOWS, proxy: Proxy(), setWindowRect: true, strictFileInteractability: false, timeouts: {implicit: 0, pageLoad: 300000, script: 30000}, unhandledPromptBehavior: dismiss and notify, webauthn:extension:credBlob: true, webauthn:extension:largeBlob: true, webauthn:virtualAuthenticators: true}
Session ID: 7846e0897465ed71379a609602d74bee
	at org.openqa.selenium.remote.http.W3CHttpResponseCodec.createException(W3CHttpResponseCodec.java:187)
	at org.openqa.selenium.remote.http.W3CHttpResponseCodec.decode(W3CHttpResponseCodec.java:122)
	at org.openqa.selenium.remote.http.W3CHttpResponseCodec.decode(W3CHttpResponseCodec.java:49)
	at org.openqa.selenium.remote.HttpCommandExecutor.execute(HttpCommandExecutor.java:158)
	at org.openqa.selenium.remote.service.DriverCommandExecutor.execute(DriverCommandExecutor.java:83)
	at org.openqa.selenium.remote.RemoteWebDriver.execute(RemoteWebDriver.java:552)
	at com.kms.katalon.selenium.driver.CChromeDriver.execute(CChromeDriver.java:19)
	at org.openqa.selenium.remote.RemoteWebElement.execute(RemoteWebElement.java:285)
	at org.openqa.selenium.remote.RemoteWebElement.click(RemoteWebElement.java:84)
	at org.openqa.selenium.support.events.EventFiringWebDriver$EventFiringWebElement.lambda$new$0(EventFiringWebDriver.java:404)
	at com.sun.proxy.$Proxy11.click(Unknown Source)
	at org.openqa.selenium.support.events.EventFiringWebDriver$EventFiringWebElement.click(EventFiringWebDriver.java:417)
	at org.openqa.selenium.WebElement$click$0.call(Unknown Source)
	at com.kms.katalon.core.webui.keyword.builtin.ClickKeyword.clickUntilSuccessWithTimeout(ClickKeyword.groovy:81)
	at com.kms.katalon.core.webui.keyword.builtin.ClickKeyword.clickUntilSuccessWithTimeout(ClickKeyword.groovy)
	at com.kms.katalon.core.webui.keyword.builtin.ClickKeyword$_click_closure1.doCall(ClickKeyword.groovy:67)
	at com.kms.katalon.core.webui.keyword.builtin.ClickKeyword$_click_closure1.call(ClickKeyword.groovy)
	at com.kms.katalon.core.webui.keyword.internal.WebUIKeywordMain.runKeyword(WebUIKeywordMain.groovy:20)
	... 19 more
"/>
         <system-out><![CDATA[2023-03-09 13:43:07 - [TEST_CASE][FAILED] - Test Cases/1.2-Tareas_Secundarias/A.1-Pruebas_compensaciones/11.1.7-Listado_Empleados: Test Cases/1.2-Tareas_Secundarias/A.1-Pruebas_compensaciones/11.1.7-Listado_Empleados FAILED.
Reason:
com.kms.katalon.core.exception.StepFailedException: Unable to click on object 'Object Repository/2-OBJECTS TAREAS SECUNDARIAS/Pruebas Compensación/Listado_Empleados/a_Liquidacin Periodica'
	at com.kms.katalon.core.webui.keyword.internal.WebUIKeywordMain.stepFailed(WebUIKeywordMain.groovy:64)
	at com.kms.katalon.core.webui.keyword.internal.WebUIKeywordMain.runKeyword(WebUIKeywordMain.groovy:26)
	at com.kms.katalon.core.webui.keyword.builtin.ClickKeyword.click(ClickKeyword.groovy:74)
	at com.kms.katalon.core.webui.keyword.builtin.ClickKeyword.execute(ClickKeyword.groovy:40)
	at com.kms.katalon.core.keyword.internal.KeywordExecutor.executeKeywordForPlatform(KeywordExecutor.groovy:74)
	at com.kms.katalon.core.webui.keyword.WebUiBuiltInKeywords.click(WebUiBuiltInKeywords.groovy:620)
	at com.kms.katalon.core.webui.keyword.WebUiBuiltInKeywords$click$9.call(Unknown Source)
	at 11.1.7-Listado_Empleados.run(11.1.7-Listado_Empleados:35)
	at com.kms.katalon.core.main.ScriptEngine.run(ScriptEngine.java:194)
	at com.kms.katalon.core.main.ScriptEngine.runScriptAsRawText(ScriptEngine.java:119)
	at com.kms.katalon.core.main.TestCaseExecutor.runScript(TestCaseExecutor.java:448)
	at com.kms.katalon.core.main.TestCaseExecutor.doExecute(TestCaseExecutor.java:439)
	at com.kms.katalon.core.main.TestCaseExecutor.processExecutionPhase(TestCaseExecutor.java:418)
	at com.kms.katalon.core.main.TestCaseExecutor.accessMainPhase(TestCaseExecutor.java:410)
	at com.kms.katalon.core.main.TestCaseExecutor.execute(TestCaseExecutor.java:285)
	at com.kms.katalon.core.common.CommonExecutor.accessTestCaseMainPhase(CommonExecutor.java:65)
	at com.kms.katalon.core.main.TestSuiteExecutor.accessTestSuiteMainPhase(TestSuiteExecutor.java:151)
	at com.kms.katalon.core.main.TestSuiteExecutor.execute(TestSuiteExecutor.java:106)
	at com.kms.katalon.core.main.TestCaseMain.startTestSuite(TestCaseMain.java:185)
	at com.kms.katalon.core.main.TestCaseMain$startTestSuite$0.call(Unknown Source)
	at TempTestSuite1678383366099.run(TempTestSuite1678383366099.groovy:36)
Caused by: org.openqa.selenium.ElementClickInterceptedException: element click intercepted: Element <a id="form_menuEmpleado:j_idt1638:j_idt1640:j_idt1681" href="#" class="ui-commandlink ui-widget" onclick="PrimeFaces.ab({s:&quot;form_menuEmpleado:j_idt1638:j_idt1640:j_idt1681&quot;,f:&quot;form_menuEmpleado&quot;,u:&quot;areaAplicacion&quot;,onco:function(xhr,status,args,data){;}});return false;" style="display: inline-block;">...</a> is not clickable at point (145, 433). Other element would receive the click: <div id="popupErrorDialog:dialog_popupFoto_modal" class="ui-widget-overlay ui-dialog-mask" style="z-index: 1004;"></div>
  (Session info: chrome=110.0.5481.178)
Build info: version: '3.141.59', revision: 'e82be7d358', time: '2018-11-14T08:25:53'
System info: host: 'US-AF-000371', ip: '192.168.56.1', os.name: 'Windows 10', os.arch: 'amd64', os.version: '10.0', java.version: '1.8.0_282'
Driver info: com.kms.katalon.selenium.driver.CChromeDriver
Capabilities {acceptInsecureCerts: false, browserName: chrome, browserVersion: 110.0.5481.178, chrome: {chromedriverVersion: 109.0.5414.74 (e7c5703604da..., userDataDir: C:\Users\DIEGO~1.ROJ\AppDat...}, goog:chromeOptions: {debuggerAddress: localhost:65169}, javascriptEnabled: true, networkConnectionEnabled: false, pageLoadStrategy: normal, platform: WINDOWS, platformName: WINDOWS, proxy: Proxy(), setWindowRect: true, strictFileInteractability: false, timeouts: {implicit: 0, pageLoad: 300000, script: 30000}, unhandledPromptBehavior: dismiss and notify, webauthn:extension:credBlob: true, webauthn:extension:largeBlob: true, webauthn:virtualAuthenticators: true}
Session ID: 7846e0897465ed71379a609602d74bee
	at org.openqa.selenium.remote.http.W3CHttpResponseCodec.createException(W3CHttpResponseCodec.java:187)
	at org.openqa.selenium.remote.http.W3CHttpResponseCodec.decode(W3CHttpResponseCodec.java:122)
	at org.openqa.selenium.remote.http.W3CHttpResponseCodec.decode(W3CHttpResponseCodec.java:49)
	at org.openqa.selenium.remote.HttpCommandExecutor.execute(HttpCommandExecutor.java:158)
	at org.openqa.selenium.remote.service.DriverCommandExecutor.execute(DriverCommandExecutor.java:83)
	at org.openqa.selenium.remote.RemoteWebDriver.execute(RemoteWebDriver.java:552)
	at com.kms.katalon.selenium.driver.CChromeDriver.execute(CChromeDriver.java:19)
	at org.openqa.selenium.remote.RemoteWebElement.execute(RemoteWebElement.java:285)
	at org.openqa.selenium.remote.RemoteWebElement.click(RemoteWebElement.java:84)
	at org.openqa.selenium.support.events.EventFiringWebDriver$EventFiringWebElement.lambda$new$0(EventFiringWebDriver.java:404)
	at com.sun.proxy.$Proxy11.click(Unknown Source)
	at org.openqa.selenium.support.events.EventFiringWebDriver$EventFiringWebElement.click(EventFiringWebDriver.java:417)
	at org.openqa.selenium.WebElement$click$0.call(Unknown Source)
	at com.kms.katalon.core.webui.keyword.builtin.ClickKeyword.clickUntilSuccessWithTimeout(ClickKeyword.groovy:81)
	at com.kms.katalon.core.webui.keyword.builtin.ClickKeyword.clickUntilSuccessWithTimeout(ClickKeyword.groovy)
	at com.kms.katalon.core.webui.keyword.builtin.ClickKeyword$_click_closure1.doCall(ClickKeyword.groovy:67)
	at com.kms.katalon.core.webui.keyword.builtin.ClickKeyword$_click_closure1.call(ClickKeyword.groovy)
	at com.kms.katalon.core.webui.keyword.internal.WebUIKeywordMain.runKeyword(WebUIKeywordMain.groovy:20)
	... 19 more


2023-03-09 13:43:07 - [TEST_STEP][PASSED] - callTestCase(findTestCase("0.1-Login"), [:], STOP_ON_FAILURE): Call Test Case 'Test Cases/0.1-Login' successfully

2023-03-09 13:43:07 - [TEST_CASE][PASSED] - Test Cases/0.1-Login: Test Cases/0.1-Login

2023-03-09 13:43:07 - [TEST_STEP][PASSED] - openBrowser(""): Browser is opened with url: ''

2023-03-09 13:43:07 - [MESSAGE][INFO] - Starting 'Chrome' driver

2023-03-09 13:43:07 - [MESSAGE][INFO] - Action delay is set to 0 milliseconds

2023-03-09 13:43:08 - [MESSAGE][PASSED] - Browser is opened with url: ''

2023-03-09 13:43:08 - [TEST_STEP][PASSED] - maximizeWindow(): Current window maximized

2023-03-09 13:43:08 - [MESSAGE][PASSED] - Current window maximized

2023-03-09 13:43:08 - [TEST_STEP][PASSED] - i = G_Login: null

2023-03-09 13:43:08 - [TEST_STEP][PASSED] - url = new java.net.URL(i): null

2023-03-09 13:43:08 - [TEST_STEP][PASSED] - println("URL: " + url.toString()): null

2023-03-09 13:43:08 - [TEST_STEP][PASSED] - connection = url.openConnection(): null

2023-03-09 13:43:08 - [TEST_STEP][PASSED] - connection.setRequestMethod("GET"): null

2023-03-09 13:43:08 - [TEST_STEP][PASSED] - connection.setReadTimeout(2 * 1000): null

2023-03-09 13:43:08 - [TEST_STEP][PASSED] - try: null

2023-03-09 13:43:08 - [TEST_STEP][PASSED] - connection.connect(): null

2023-03-09 13:43:08 - [TEST_STEP][PASSED] - flag = connected: null

2023-03-09 13:43:08 - [TEST_STEP][PASSED] - println("Valor_ori: " + flag): null

2023-03-09 13:43:08 - [TEST_STEP][PASSED] - if (flag): null

2023-03-09 13:43:08 - [TEST_STEP][PASSED] - navigateToUrl(i): Navigate to 'http://192.168.2.19:7001/saraweb' successfully

2023-03-09 13:43:10 - [MESSAGE][PASSED] - Navigate to 'http://192.168.2.19:7001/saraweb' successfully

2023-03-09 13:43:10 - [TEST_STEP][PASSED] - a(): null

2023-03-09 13:43:10 - [TEST_STEP][PASSED] - if (waitForElementVisible(findTestObject("3-OBJECTS UTILIDADES/Login/input_USUARIO_loginusuario"), 0)): null

2023-03-09 13:43:10 - [MESSAGE][WARNING] - Timeout '0' is invalid. Using default page load timeout: '37'

2023-03-09 13:43:10 - [MESSAGE][PASSED] - Object 'Object Repository/3-OBJECTS UTILIDADES/Login/input_USUARIO_loginusuario' is visible

2023-03-09 13:43:10 - [TEST_STEP][PASSED] - switchToWindowTitle("SARA"): Switched to window with title: 'SARA'

2023-03-09 13:43:10 - [MESSAGE][PASSED] - Switched to window with title: 'SARA'

2023-03-09 13:43:10 - [TEST_STEP][PASSED] - zoom(): null

2023-03-09 13:43:10 - [TEST_STEP][PASSED] - robot = new java.awt.Robot(): null

2023-03-09 13:43:10 - [TEST_STEP][PASSED] - robot.keyPress(VK_CONTROL): null

2023-03-09 13:43:10 - [TEST_STEP][PASSED] - robot.keyPress(VK_SUBTRACT): null

2023-03-09 13:43:10 - [TEST_STEP][PASSED] - robot.keyRelease(VK_CONTROL): null

2023-03-09 13:43:10 - [TEST_STEP][PASSED] - robot.keyRelease(VK_SUBTRACT): null

2023-03-09 13:43:10 - [TEST_STEP][PASSED] - robot.keyPress(VK_CONTROL): null

2023-03-09 13:43:10 - [TEST_STEP][PASSED] - robot.keyPress(VK_SUBTRACT): null

2023-03-09 13:43:10 - [TEST_STEP][PASSED] - robot.keyRelease(VK_CONTROL): null

2023-03-09 13:43:10 - [TEST_STEP][PASSED] - robot.keyRelease(VK_SUBTRACT): null

2023-03-09 13:43:10 - [TEST_STEP][PASSED] - robot.keyPress(VK_CONTROL): null

2023-03-09 13:43:10 - [TEST_STEP][PASSED] - robot.keyPress(VK_SUBTRACT): null

2023-03-09 13:43:10 - [TEST_STEP][PASSED] - robot.keyRelease(VK_CONTROL): null

2023-03-09 13:43:10 - [TEST_STEP][PASSED] - robot.keyRelease(VK_SUBTRACT): null

2023-03-09 13:43:10 - [TEST_STEP][PASSED] - robot.keyRelease(VK_CONTROL): null

2023-03-09 13:43:10 - [TEST_STEP][PASSED] - robot.keyRelease(VK_SUBTRACT): null

2023-03-09 13:43:10 - [TEST_STEP][PASSED] - setText(findTestObject("3-OBJECTS UTILIDADES/Login/input_USUARIO_loginusuario"), G_Usuario): Text 'weblogic' is set on object 'Object Repository/3-OBJECTS UTILIDADES/Login/input_USUARIO_loginusuario'

2023-03-09 13:43:11 - [MESSAGE][PASSED] - Text 'weblogic' is set on object 'Object Repository/3-OBJECTS UTILIDADES/Login/input_USUARIO_loginusuario'

2023-03-09 13:43:11 - [TEST_STEP][PASSED] - setEncryptedText(findTestObject("3-OBJECTS UTILIDADES/Login/input_CLAVE_loginpassword"), "SlAwMcyRKqrwbnzhAs8HhT6NnI7sEyng"): Text ****** has been set on object 'Object Repository/3-OBJECTS UTILIDADES/Login/input_CLAVE_loginpassword'

2023-03-09 13:43:14 - [MESSAGE][PASSED] - Text ****** has been set on object 'Object Repository/3-OBJECTS UTILIDADES/Login/input_CLAVE_loginpassword'

2023-03-09 13:43:14 - [TEST_STEP][PASSED] - while (waitForElementClickable(findTestObject("3-OBJECTS UTILIDADES/Login/a_Ingresar"), 1)): Web element with id: 'Object Repository/3-OBJECTS UTILIDADES/Login/a_Ingresar' located by '//a[contains(text(),'Ingresar')]' not found

2023-03-09 13:43:16 - [MESSAGE][INFO] - Unable to find the element located by 'By.xpath: //a[contains(text(),'Ingresar')]'. Please recheck the objects properties to make sure the desired element is located. 

2023-03-09 13:43:16 - [MESSAGE][WARNING] - Web element with id: 'Object Repository/3-OBJECTS UTILIDADES/Login/a_Ingresar' located by '//a[contains(text(),'Ingresar')]' not found

2023-03-09 13:43:16 - [MESSAGE][PASSED] - Call Test Case 'Test Cases/0.1-Login' successfully

2023-03-09 13:43:16 - [TEST_STEP][PASSED] - setText(findTestObject("2-OBJECTS TAREAS SECUNDARIAS/Pruebas Compensación/Listado_Empleados/input_Empresa 1_form_templatej_idt24_input"), "Listado de Empleados"): Text 'Listado de Empleados' is set on object 'Object Repository/2-OBJECTS TAREAS SECUNDARIAS/Pruebas Compensación/Listado_Empleados/input_Empresa 1_form_templatej_idt24_input'

2023-03-09 13:43:17 - [MESSAGE][PASSED] - Text 'Listado de Empleados' is set on object 'Object Repository/2-OBJECTS TAREAS SECUNDARIAS/Pruebas Compensación/Listado_Empleados/input_Empresa 1_form_templatej_idt24_input'

2023-03-09 13:43:17 - [TEST_STEP][PASSED] - click(findTestObject("2-OBJECTS TAREAS SECUNDARIAS/Pruebas Compensación/Listado_Empleados/li_Listado de Empleados (com)")): Object: 'Object Repository/2-OBJECTS TAREAS SECUNDARIAS/Pruebas Compensación/Listado_Empleados/li_Listado de Empleados (com)' is clicked on

2023-03-09 13:43:19 - [MESSAGE][PASSED] - Object: 'Object Repository/2-OBJECTS TAREAS SECUNDARIAS/Pruebas Compensación/Listado_Empleados/li_Listado de Empleados (com)' is clicked on

2023-03-09 13:43:19 - [TEST_STEP][PASSED] - setText(findTestObject("2-OBJECTS TAREAS SECUNDARIAS/Pruebas Compensación/Listado_Empleados/input_Nombre Funcionario_listadoEmpleadoj_idt64"), "Aya Silva Cindy Ximena"): Text 'Aya Silva Cindy Ximena' is set on object 'Object Repository/2-OBJECTS TAREAS SECUNDARIAS/Pruebas Compensación/Listado_Empleados/input_Nombre Funcionario_listadoEmpleadoj_idt64'

2023-03-09 13:43:22 - [MESSAGE][PASSED] - Text 'Aya Silva Cindy Ximena' is set on object 'Object Repository/2-OBJECTS TAREAS SECUNDARIAS/Pruebas Compensación/Listado_Empleados/input_Nombre Funcionario_listadoEmpleadoj_idt64'

2023-03-09 13:43:22 - [TEST_STEP][PASSED] - sendKeys(findTestObject("2-OBJECTS TAREAS SECUNDARIAS/Pruebas Compensación/Listado_Empleados/input_Nombre Funcionario_listadoEmpleadoj_idt64"), Keys.chord(ENTER)): Keys 'ENTER + ' sent to object: 'Object Repository/2-OBJECTS TAREAS SECUNDARIAS/Pruebas Compensación/Listado_Empleados/input_Nombre Funcionario_listadoEmpleadoj_idt64'

2023-03-09 13:43:22 - [MESSAGE][PASSED] - Keys 'ENTER + ' sent to object: 'Object Repository/2-OBJECTS TAREAS SECUNDARIAS/Pruebas Compensación/Listado_Empleados/input_Nombre Funcionario_listadoEmpleadoj_idt64'

2023-03-09 13:43:22 - [TEST_STEP][PASSED] - click(findTestObject("2-OBJECTS TAREAS SECUNDARIAS/Pruebas Compensación/Listado_Empleados/span_Constantino Jhon")): Object: 'Object Repository/2-OBJECTS TAREAS SECUNDARIAS/Pruebas Compensación/Listado_Empleados/span_Constantino Jhon' is clicked on

2023-03-09 13:43:23 - [MESSAGE][PASSED] - Object: 'Object Repository/2-OBJECTS TAREAS SECUNDARIAS/Pruebas Compensación/Listado_Empleados/span_Constantino Jhon' is clicked on

2023-03-09 13:43:23 - [TEST_STEP][FAILED] - click(findTestObject("2-OBJECTS TAREAS SECUNDARIAS/Pruebas Compensación/Listado_Empleados/a_Liquidacin Periodica")): Unable to click on object 'Object Repository/2-OBJECTS TAREAS SECUNDARIAS/Pruebas Compensación/Listado_Empleados/a_Liquidacin Periodica' (Root cause: com.kms.katalon.core.exception.StepFailedException: Unable to click on object 'Object Repository/2-OBJECTS TAREAS SECUNDARIAS/Pruebas Compensación/Listado_Empleados/a_Liquidacin Periodica'
	at com.kms.katalon.core.webui.keyword.internal.WebUIKeywordMain.stepFailed(WebUIKeywordMain.groovy:64)
	at com.kms.katalon.core.webui.keyword.internal.WebUIKeywordMain.runKeyword(WebUIKeywordMain.groovy:26)
	at com.kms.katalon.core.webui.keyword.builtin.ClickKeyword.click(ClickKeyword.groovy:74)
	at com.kms.katalon.core.webui.keyword.builtin.ClickKeyword.execute(ClickKeyword.groovy:40)
	at com.kms.katalon.core.keyword.internal.KeywordExecutor.executeKeywordForPlatform(KeywordExecutor.groovy:74)
	at com.kms.katalon.core.webui.keyword.WebUiBuiltInKeywords.click(WebUiBuiltInKeywords.groovy:620)
	at com.kms.katalon.core.webui.keyword.WebUiBuiltInKeywords$click$9.call(Unknown Source)
	at 11.1.7-Listado_Empleados.run(11.1.7-Listado_Empleados:35)
	at com.kms.katalon.core.main.ScriptEngine.run(ScriptEngine.java:194)
	at com.kms.katalon.core.main.ScriptEngine.runScriptAsRawText(ScriptEngine.java:119)
	at com.kms.katalon.core.main.TestCaseExecutor.runScript(TestCaseExecutor.java:448)
	at com.kms.katalon.core.main.TestCaseExecutor.doExecute(TestCaseExecutor.java:439)
	at com.kms.katalon.core.main.TestCaseExecutor.processExecutionPhase(TestCaseExecutor.java:418)
	at com.kms.katalon.core.main.TestCaseExecutor.accessMainPhase(TestCaseExecutor.java:410)
	at com.kms.katalon.core.main.TestCaseExecutor.execute(TestCaseExecutor.java:285)
	at com.kms.katalon.core.common.CommonExecutor.accessTestCaseMainPhase(CommonExecutor.java:65)
	at com.kms.katalon.core.main.TestSuiteExecutor.accessTestSuiteMainPhase(TestSuiteExecutor.java:151)
	at com.kms.katalon.core.main.TestSuiteExecutor.execute(TestSuiteExecutor.java:106)
	at com.kms.katalon.core.main.TestCaseMain.startTestSuite(TestCaseMain.java:185)
	at com.kms.katalon.core.main.TestCaseMain$startTestSuite$0.call(Unknown Source)
	at TempTestSuite1678383366099.run(TempTestSuite1678383366099.groovy:36)
Caused by: org.openqa.selenium.ElementClickInterceptedException: element click intercepted: Element <a id="form_menuEmpleado:j_idt1638:j_idt1640:j_idt1681" href="#" class="ui-commandlink ui-widget" onclick="PrimeFaces.ab({s:&quot;form_menuEmpleado:j_idt1638:j_idt1640:j_idt1681&quot;,f:&quot;form_menuEmpleado&quot;,u:&quot;areaAplicacion&quot;,onco:function(xhr,status,args,data){;}});return false;" style="display: inline-block;">...</a> is not clickable at point (145, 433). Other element would receive the click: <div id="popupErrorDialog:dialog_popupFoto_modal" class="ui-widget-overlay ui-dialog-mask" style="z-index: 1004;"></div>
  (Session info: chrome=110.0.5481.178)
Build info: version: '3.141.59', revision: 'e82be7d358', time: '2018-11-14T08:25:53'
System info: host: 'US-AF-000371', ip: '192.168.56.1', os.name: 'Windows 10', os.arch: 'amd64', os.version: '10.0', java.version: '1.8.0_282'
Driver info: com.kms.katalon.selenium.driver.CChromeDriver
Capabilities {acceptInsecureCerts: false, browserName: chrome, browserVersion: 110.0.5481.178, chrome: {chromedriverVersion: 109.0.5414.74 (e7c5703604da..., userDataDir: C:\Users\DIEGO~1.ROJ\AppDat...}, goog:chromeOptions: {debuggerAddress: localhost:65169}, javascriptEnabled: true, networkConnectionEnabled: false, pageLoadStrategy: normal, platform: WINDOWS, platformName: WINDOWS, proxy: Proxy(), setWindowRect: true, strictFileInteractability: false, timeouts: {implicit: 0, pageLoad: 300000, script: 30000}, unhandledPromptBehavior: dismiss and notify, webauthn:extension:credBlob: true, webauthn:extension:largeBlob: true, webauthn:virtualAuthenticators: true}
Session ID: 7846e0897465ed71379a609602d74bee
	at org.openqa.selenium.remote.http.W3CHttpResponseCodec.createException(W3CHttpResponseCodec.java:187)
	at org.openqa.selenium.remote.http.W3CHttpResponseCodec.decode(W3CHttpResponseCodec.java:122)
	at org.openqa.selenium.remote.http.W3CHttpResponseCodec.decode(W3CHttpResponseCodec.java:49)
	at org.openqa.selenium.remote.HttpCommandExecutor.execute(HttpCommandExecutor.java:158)
	at org.openqa.selenium.remote.service.DriverCommandExecutor.execute(DriverCommandExecutor.java:83)
	at org.openqa.selenium.remote.RemoteWebDriver.execute(RemoteWebDriver.java:552)
	at com.kms.katalon.selenium.driver.CChromeDriver.execute(CChromeDriver.java:19)
	at org.openqa.selenium.remote.RemoteWebElement.execute(RemoteWebElement.java:285)
	at org.openqa.selenium.remote.RemoteWebElement.click(RemoteWebElement.java:84)
	at org.openqa.selenium.support.events.EventFiringWebDriver$EventFiringWebElement.lambda$new$0(EventFiringWebDriver.java:404)
	at com.sun.proxy.$Proxy11.click(Unknown Source)
	at org.openqa.selenium.support.events.EventFiringWebDriver$EventFiringWebElement.click(EventFiringWebDriver.java:417)
	at org.openqa.selenium.WebElement$click$0.call(Unknown Source)
	at com.kms.katalon.core.webui.keyword.builtin.ClickKeyword.clickUntilSuccessWithTimeout(ClickKeyword.groovy:81)
	at com.kms.katalon.core.webui.keyword.builtin.ClickKeyword.clickUntilSuccessWithTimeout(ClickKeyword.groovy)
	at com.kms.katalon.core.webui.keyword.builtin.ClickKeyword$_click_closure1.doCall(ClickKeyword.groovy:67)
	at com.kms.katalon.core.webui.keyword.builtin.ClickKeyword$_click_closure1.call(ClickKeyword.groovy)
	at com.kms.katalon.core.webui.keyword.internal.WebUIKeywordMain.runKeyword(WebUIKeywordMain.groovy:20)
	at com.kms.katalon.core.webui.keyword.builtin.ClickKeyword.click(ClickKeyword.groovy:74)
	at com.kms.katalon.core.webui.keyword.builtin.ClickKeyword.execute(ClickKeyword.groovy:40)
	at com.kms.katalon.core.keyword.internal.KeywordExecutor.executeKeywordForPlatform(KeywordExecutor.groovy:74)
	at com.kms.katalon.core.webui.keyword.WebUiBuiltInKeywords.click(WebUiBuiltInKeywords.groovy:620)
	at com.kms.katalon.core.webui.keyword.WebUiBuiltInKeywords$click$9.call(Unknown Source)
	at Script1648473989100.run(Script1648473989100.groovy:35)
	... 13 more
)

2023-03-09 13:44:03 - [MESSAGE][FAILED] - Unable to click on object 'Object Repository/2-OBJECTS TAREAS SECUNDARIAS/Pruebas Compensación/Listado_Empleados/a_Liquidacin Periodica' (Root cause: com.kms.katalon.core.exception.StepFailedException: Unable to click on object 'Object Repository/2-OBJECTS TAREAS SECUNDARIAS/Pruebas Compensación/Listado_Empleados/a_Liquidacin Periodica'
	at com.kms.katalon.core.webui.keyword.internal.WebUIKeywordMain.stepFailed(WebUIKeywordMain.groovy:64)
	at com.kms.katalon.core.webui.keyword.internal.WebUIKeywordMain.runKeyword(WebUIKeywordMain.groovy:26)
	at com.kms.katalon.core.webui.keyword.builtin.ClickKeyword.click(ClickKeyword.groovy:74)
	at com.kms.katalon.core.webui.keyword.builtin.ClickKeyword.execute(ClickKeyword.groovy:40)
	at com.kms.katalon.core.keyword.internal.KeywordExecutor.executeKeywordForPlatform(KeywordExecutor.groovy:74)
	at com.kms.katalon.core.webui.keyword.WebUiBuiltInKeywords.click(WebUiBuiltInKeywords.groovy:620)
	at com.kms.katalon.core.webui.keyword.WebUiBuiltInKeywords$click$9.call(Unknown Source)
	at 11.1.7-Listado_Empleados.run(11.1.7-Listado_Empleados:35)
	at com.kms.katalon.core.main.ScriptEngine.run(ScriptEngine.java:194)
	at com.kms.katalon.core.main.ScriptEngine.runScriptAsRawText(ScriptEngine.java:119)
	at com.kms.katalon.core.main.TestCaseExecutor.runScript(TestCaseExecutor.java:448)
	at com.kms.katalon.core.main.TestCaseExecutor.doExecute(TestCaseExecutor.java:439)
	at com.kms.katalon.core.main.TestCaseExecutor.processExecutionPhase(TestCaseExecutor.java:418)
	at com.kms.katalon.core.main.TestCaseExecutor.accessMainPhase(TestCaseExecutor.java:410)
	at com.kms.katalon.core.main.TestCaseExecutor.execute(TestCaseExecutor.java:285)
	at com.kms.katalon.core.common.CommonExecutor.accessTestCaseMainPhase(CommonExecutor.java:65)
	at com.kms.katalon.core.main.TestSuiteExecutor.accessTestSuiteMainPhase(TestSuiteExecutor.java:151)
	at com.kms.katalon.core.main.TestSuiteExecutor.execute(TestSuiteExecutor.java:106)
	at com.kms.katalon.core.main.TestCaseMain.startTestSuite(TestCaseMain.java:185)
	at com.kms.katalon.core.main.TestCaseMain$startTestSuite$0.call(Unknown Source)
	at TempTestSuite1678383366099.run(TempTestSuite1678383366099.groovy:36)
Caused by: org.openqa.selenium.ElementClickInterceptedException: element click intercepted: Element <a id="form_menuEmpleado:j_idt1638:j_idt1640:j_idt1681" href="#" class="ui-commandlink ui-widget" onclick="PrimeFaces.ab({s:&quot;form_menuEmpleado:j_idt1638:j_idt1640:j_idt1681&quot;,f:&quot;form_menuEmpleado&quot;,u:&quot;areaAplicacion&quot;,onco:function(xhr,status,args,data){;}});return false;" style="display: inline-block;">...</a> is not clickable at point (145, 433). Other element would receive the click: <div id="popupErrorDialog:dialog_popupFoto_modal" class="ui-widget-overlay ui-dialog-mask" style="z-index: 1004;"></div>
  (Session info: chrome=110.0.5481.178)
Build info: version: '3.141.59', revision: 'e82be7d358', time: '2018-11-14T08:25:53'
System info: host: 'US-AF-000371', ip: '192.168.56.1', os.name: 'Windows 10', os.arch: 'amd64', os.version: '10.0', java.version: '1.8.0_282'
Driver info: com.kms.katalon.selenium.driver.CChromeDriver
Capabilities {acceptInsecureCerts: false, browserName: chrome, browserVersion: 110.0.5481.178, chrome: {chromedriverVersion: 109.0.5414.74 (e7c5703604da..., userDataDir: C:\Users\DIEGO~1.ROJ\AppDat...}, goog:chromeOptions: {debuggerAddress: localhost:65169}, javascriptEnabled: true, networkConnectionEnabled: false, pageLoadStrategy: normal, platform: WINDOWS, platformName: WINDOWS, proxy: Proxy(), setWindowRect: true, strictFileInteractability: false, timeouts: {implicit: 0, pageLoad: 300000, script: 30000}, unhandledPromptBehavior: dismiss and notify, webauthn:extension:credBlob: true, webauthn:extension:largeBlob: true, webauthn:virtualAuthenticators: true}
Session ID: 7846e0897465ed71379a609602d74bee
	at org.openqa.selenium.remote.http.W3CHttpResponseCodec.createException(W3CHttpResponseCodec.java:187)
	at org.openqa.selenium.remote.http.W3CHttpResponseCodec.decode(W3CHttpResponseCodec.java:122)
	at org.openqa.selenium.remote.http.W3CHttpResponseCodec.decode(W3CHttpResponseCodec.java:49)
	at org.openqa.selenium.remote.HttpCommandExecutor.execute(HttpCommandExecutor.java:158)
	at org.openqa.selenium.remote.service.DriverCommandExecutor.execute(DriverCommandExecutor.java:83)
	at org.openqa.selenium.remote.RemoteWebDriver.execute(RemoteWebDriver.java:552)
	at com.kms.katalon.selenium.driver.CChromeDriver.execute(CChromeDriver.java:19)
	at org.openqa.selenium.remote.RemoteWebElement.execute(RemoteWebElement.java:285)
	at org.openqa.selenium.remote.RemoteWebElement.click(RemoteWebElement.java:84)
	at org.openqa.selenium.support.events.EventFiringWebDriver$EventFiringWebElement.lambda$new$0(EventFiringWebDriver.java:404)
	at com.sun.proxy.$Proxy11.click(Unknown Source)
	at org.openqa.selenium.support.events.EventFiringWebDriver$EventFiringWebElement.click(EventFiringWebDriver.java:417)
	at org.openqa.selenium.WebElement$click$0.call(Unknown Source)
	at com.kms.katalon.core.webui.keyword.builtin.ClickKeyword.clickUntilSuccessWithTimeout(ClickKeyword.groovy:81)
	at com.kms.katalon.core.webui.keyword.builtin.ClickKeyword.clickUntilSuccessWithTimeout(ClickKeyword.groovy)
	at com.kms.katalon.core.webui.keyword.builtin.ClickKeyword$_click_closure1.doCall(ClickKeyword.groovy:67)
	at com.kms.katalon.core.webui.keyword.builtin.ClickKeyword$_click_closure1.call(ClickKeyword.groovy)
	at com.kms.katalon.core.webui.keyword.internal.WebUIKeywordMain.runKeyword(WebUIKeywordMain.groovy:20)
	at com.kms.katalon.core.webui.keyword.builtin.ClickKeyword.click(ClickKeyword.groovy:74)
	at com.kms.katalon.core.webui.keyword.builtin.ClickKeyword.execute(ClickKeyword.groovy:40)
	at com.kms.katalon.core.keyword.internal.KeywordExecutor.executeKeywordForPlatform(KeywordExecutor.groovy:74)
	at com.kms.katalon.core.webui.keyword.WebUiBuiltInKeywords.click(WebUiBuiltInKeywords.groovy:620)
	at com.kms.katalon.core.webui.keyword.WebUiBuiltInKeywords$click$9.call(Unknown Source)
	at Script1648473989100.run(Script1648473989100.groovy:35)
	... 13 more
)
[[ATTACHMENT|C:\\Users\\diego.rojas\\git\\Pruebas-Minimas\\Reports\\20230309_123606\\Test_Suite_Secundaria\\1-Tareas_secundarias\\20230309_123606\\1678387443492.png]]]]></system-out>
         <system-err><![CDATA[2023-03-09 13:43:07 - [TEST_CASE][FAILED] - Test Cases/1.2-Tareas_Secundarias/A.1-Pruebas_compensaciones/11.1.7-Listado_Empleados: Test Cases/1.2-Tareas_Secundarias/A.1-Pruebas_compensaciones/11.1.7-Listado_Empleados FAILED.
Reason:
com.kms.katalon.core.exception.StepFailedException: Unable to click on object 'Object Repository/2-OBJECTS TAREAS SECUNDARIAS/Pruebas Compensación/Listado_Empleados/a_Liquidacin Periodica'
	at com.kms.katalon.core.webui.keyword.internal.WebUIKeywordMain.stepFailed(WebUIKeywordMain.groovy:64)
	at com.kms.katalon.core.webui.keyword.internal.WebUIKeywordMain.runKeyword(WebUIKeywordMain.groovy:26)
	at com.kms.katalon.core.webui.keyword.builtin.ClickKeyword.click(ClickKeyword.groovy:74)
	at com.kms.katalon.core.webui.keyword.builtin.ClickKeyword.execute(ClickKeyword.groovy:40)
	at com.kms.katalon.core.keyword.internal.KeywordExecutor.executeKeywordForPlatform(KeywordExecutor.groovy:74)
	at com.kms.katalon.core.webui.keyword.WebUiBuiltInKeywords.click(WebUiBuiltInKeywords.groovy:620)
	at com.kms.katalon.core.webui.keyword.WebUiBuiltInKeywords$click$9.call(Unknown Source)
	at 11.1.7-Listado_Empleados.run(11.1.7-Listado_Empleados:35)
	at com.kms.katalon.core.main.ScriptEngine.run(ScriptEngine.java:194)
	at com.kms.katalon.core.main.ScriptEngine.runScriptAsRawText(ScriptEngine.java:119)
	at com.kms.katalon.core.main.TestCaseExecutor.runScript(TestCaseExecutor.java:448)
	at com.kms.katalon.core.main.TestCaseExecutor.doExecute(TestCaseExecutor.java:439)
	at com.kms.katalon.core.main.TestCaseExecutor.processExecutionPhase(TestCaseExecutor.java:418)
	at com.kms.katalon.core.main.TestCaseExecutor.accessMainPhase(TestCaseExecutor.java:410)
	at com.kms.katalon.core.main.TestCaseExecutor.execute(TestCaseExecutor.java:285)
	at com.kms.katalon.core.common.CommonExecutor.accessTestCaseMainPhase(CommonExecutor.java:65)
	at com.kms.katalon.core.main.TestSuiteExecutor.accessTestSuiteMainPhase(TestSuiteExecutor.java:151)
	at com.kms.katalon.core.main.TestSuiteExecutor.execute(TestSuiteExecutor.java:106)
	at com.kms.katalon.core.main.TestCaseMain.startTestSuite(TestCaseMain.java:185)
	at com.kms.katalon.core.main.TestCaseMain$startTestSuite$0.call(Unknown Source)
	at TempTestSuite1678383366099.run(TempTestSuite1678383366099.groovy:36)
Caused by: org.openqa.selenium.ElementClickInterceptedException: element click intercepted: Element <a id="form_menuEmpleado:j_idt1638:j_idt1640:j_idt1681" href="#" class="ui-commandlink ui-widget" onclick="PrimeFaces.ab({s:&quot;form_menuEmpleado:j_idt1638:j_idt1640:j_idt1681&quot;,f:&quot;form_menuEmpleado&quot;,u:&quot;areaAplicacion&quot;,onco:function(xhr,status,args,data){;}});return false;" style="display: inline-block;">...</a> is not clickable at point (145, 433). Other element would receive the click: <div id="popupErrorDialog:dialog_popupFoto_modal" class="ui-widget-overlay ui-dialog-mask" style="z-index: 1004;"></div>
  (Session info: chrome=110.0.5481.178)
Build info: version: '3.141.59', revision: 'e82be7d358', time: '2018-11-14T08:25:53'
System info: host: 'US-AF-000371', ip: '192.168.56.1', os.name: 'Windows 10', os.arch: 'amd64', os.version: '10.0', java.version: '1.8.0_282'
Driver info: com.kms.katalon.selenium.driver.CChromeDriver
Capabilities {acceptInsecureCerts: false, browserName: chrome, browserVersion: 110.0.5481.178, chrome: {chromedriverVersion: 109.0.5414.74 (e7c5703604da..., userDataDir: C:\Users\DIEGO~1.ROJ\AppDat...}, goog:chromeOptions: {debuggerAddress: localhost:65169}, javascriptEnabled: true, networkConnectionEnabled: false, pageLoadStrategy: normal, platform: WINDOWS, platformName: WINDOWS, proxy: Proxy(), setWindowRect: true, strictFileInteractability: false, timeouts: {implicit: 0, pageLoad: 300000, script: 30000}, unhandledPromptBehavior: dismiss and notify, webauthn:extension:credBlob: true, webauthn:extension:largeBlob: true, webauthn:virtualAuthenticators: true}
Session ID: 7846e0897465ed71379a609602d74bee
	at org.openqa.selenium.remote.http.W3CHttpResponseCodec.createException(W3CHttpResponseCodec.java:187)
	at org.openqa.selenium.remote.http.W3CHttpResponseCodec.decode(W3CHttpResponseCodec.java:122)
	at org.openqa.selenium.remote.http.W3CHttpResponseCodec.decode(W3CHttpResponseCodec.java:49)
	at org.openqa.selenium.remote.HttpCommandExecutor.execute(HttpCommandExecutor.java:158)
	at org.openqa.selenium.remote.service.DriverCommandExecutor.execute(DriverCommandExecutor.java:83)
	at org.openqa.selenium.remote.RemoteWebDriver.execute(RemoteWebDriver.java:552)
	at com.kms.katalon.selenium.driver.CChromeDriver.execute(CChromeDriver.java:19)
	at org.openqa.selenium.remote.RemoteWebElement.execute(RemoteWebElement.java:285)
	at org.openqa.selenium.remote.RemoteWebElement.click(RemoteWebElement.java:84)
	at org.openqa.selenium.support.events.EventFiringWebDriver$EventFiringWebElement.lambda$new$0(EventFiringWebDriver.java:404)
	at com.sun.proxy.$Proxy11.click(Unknown Source)
	at org.openqa.selenium.support.events.EventFiringWebDriver$EventFiringWebElement.click(EventFiringWebDriver.java:417)
	at org.openqa.selenium.WebElement$click$0.call(Unknown Source)
	at com.kms.katalon.core.webui.keyword.builtin.ClickKeyword.clickUntilSuccessWithTimeout(ClickKeyword.groovy:81)
	at com.kms.katalon.core.webui.keyword.builtin.ClickKeyword.clickUntilSuccessWithTimeout(ClickKeyword.groovy)
	at com.kms.katalon.core.webui.keyword.builtin.ClickKeyword$_click_closure1.doCall(ClickKeyword.groovy:67)
	at com.kms.katalon.core.webui.keyword.builtin.ClickKeyword$_click_closure1.call(ClickKeyword.groovy)
	at com.kms.katalon.core.webui.keyword.internal.WebUIKeywordMain.runKeyword(WebUIKeywordMain.groovy:20)
	... 19 more]]></system-err>
      </testcase>
      <testcase name="Test Cases/1.2-Tareas_Secundarias/A.1-Pruebas_compensaciones/11.1.8-Regresion" time="215.118" classname="Test Cases/1.2-Tareas_Secundarias/A.1-Pruebas_compensaciones/11.1.8-Regresion" status="PASSED">
         <system-out><![CDATA[2023-03-09 13:44:03 - [TEST_CASE][PASSED] - Test Cases/1.2-Tareas_Secundarias/A.1-Pruebas_compensaciones/11.1.8-Regresion: Test Cases/1.2-Tareas_Secundarias/A.1-Pruebas_compensaciones/11.1.8-Regresion

2023-03-09 13:44:04 - [TEST_STEP][PASSED] - callTestCase(findTestCase("0.1-Login"), [:], STOP_ON_FAILURE): Call Test Case 'Test Cases/0.1-Login' successfully

2023-03-09 13:44:04 - [TEST_CASE][PASSED] - Test Cases/0.1-Login: Test Cases/0.1-Login

2023-03-09 13:44:04 - [TEST_STEP][PASSED] - openBrowser(""): Browser is opened with url: ''

2023-03-09 13:44:04 - [MESSAGE][WARNING] - A browser is already opened. Closing browser and opening a new one

2023-03-09 13:44:04 - [MESSAGE][INFO] - Starting 'Chrome' driver

2023-03-09 13:44:04 - [MESSAGE][INFO] - Action delay is set to 0 milliseconds

2023-03-09 13:44:06 - [MESSAGE][PASSED] - Browser is opened with url: ''

2023-03-09 13:44:06 - [TEST_STEP][PASSED] - maximizeWindow(): Current window maximized

2023-03-09 13:44:06 - [MESSAGE][PASSED] - Current window maximized

2023-03-09 13:44:06 - [TEST_STEP][PASSED] - i = G_Login: null

2023-03-09 13:44:06 - [TEST_STEP][PASSED] - url = new java.net.URL(i): null

2023-03-09 13:44:06 - [TEST_STEP][PASSED] - println("URL: " + url.toString()): null

2023-03-09 13:44:06 - [TEST_STEP][PASSED] - connection = url.openConnection(): null

2023-03-09 13:44:06 - [TEST_STEP][PASSED] - connection.setRequestMethod("GET"): null

2023-03-09 13:44:06 - [TEST_STEP][PASSED] - connection.setReadTimeout(2 * 1000): null

2023-03-09 13:44:06 - [TEST_STEP][PASSED] - try: null

2023-03-09 13:44:06 - [TEST_STEP][PASSED] - connection.connect(): null

2023-03-09 13:44:06 - [TEST_STEP][PASSED] - flag = connected: null

2023-03-09 13:44:06 - [TEST_STEP][PASSED] - println("Valor_ori: " + flag): null

2023-03-09 13:44:06 - [TEST_STEP][PASSED] - if (flag): null

2023-03-09 13:44:06 - [TEST_STEP][PASSED] - navigateToUrl(i): Navigate to 'http://192.168.2.19:7001/saraweb' successfully

2023-03-09 13:44:08 - [MESSAGE][PASSED] - Navigate to 'http://192.168.2.19:7001/saraweb' successfully

2023-03-09 13:44:08 - [TEST_STEP][PASSED] - a(): null

2023-03-09 13:44:08 - [TEST_STEP][PASSED] - if (waitForElementVisible(findTestObject("3-OBJECTS UTILIDADES/Login/input_USUARIO_loginusuario"), 0)): null

2023-03-09 13:44:08 - [MESSAGE][WARNING] - Timeout '0' is invalid. Using default page load timeout: '37'

2023-03-09 13:44:08 - [MESSAGE][PASSED] - Object 'Object Repository/3-OBJECTS UTILIDADES/Login/input_USUARIO_loginusuario' is visible

2023-03-09 13:44:08 - [TEST_STEP][PASSED] - switchToWindowTitle("SARA"): Switched to window with title: 'SARA'

2023-03-09 13:44:08 - [MESSAGE][PASSED] - Switched to window with title: 'SARA'

2023-03-09 13:44:08 - [TEST_STEP][PASSED] - zoom(): null

2023-03-09 13:44:08 - [TEST_STEP][PASSED] - robot = new java.awt.Robot(): null

2023-03-09 13:44:08 - [TEST_STEP][PASSED] - robot.keyPress(VK_CONTROL): null

2023-03-09 13:44:08 - [TEST_STEP][PASSED] - robot.keyPress(VK_SUBTRACT): null

2023-03-09 13:44:08 - [TEST_STEP][PASSED] - robot.keyRelease(VK_CONTROL): null

2023-03-09 13:44:08 - [TEST_STEP][PASSED] - robot.keyRelease(VK_SUBTRACT): null

2023-03-09 13:44:08 - [TEST_STEP][PASSED] - robot.keyPress(VK_CONTROL): null

2023-03-09 13:44:08 - [TEST_STEP][PASSED] - robot.keyPress(VK_SUBTRACT): null

2023-03-09 13:44:08 - [TEST_STEP][PASSED] - robot.keyRelease(VK_CONTROL): null

2023-03-09 13:44:08 - [TEST_STEP][PASSED] - robot.keyRelease(VK_SUBTRACT): null

2023-03-09 13:44:08 - [TEST_STEP][PASSED] - robot.keyPress(VK_CONTROL): null

2023-03-09 13:44:08 - [TEST_STEP][PASSED] - robot.keyPress(VK_SUBTRACT): null

2023-03-09 13:44:08 - [TEST_STEP][PASSED] - robot.keyRelease(VK_CONTROL): null

2023-03-09 13:44:08 - [TEST_STEP][PASSED] - robot.keyRelease(VK_SUBTRACT): null

2023-03-09 13:44:08 - [TEST_STEP][PASSED] - robot.keyRelease(VK_CONTROL): null

2023-03-09 13:44:08 - [TEST_STEP][PASSED] - robot.keyRelease(VK_SUBTRACT): null

2023-03-09 13:44:08 - [TEST_STEP][PASSED] - setText(findTestObject("3-OBJECTS UTILIDADES/Login/input_USUARIO_loginusuario"), G_Usuario): Text 'weblogic' is set on object 'Object Repository/3-OBJECTS UTILIDADES/Login/input_USUARIO_loginusuario'

2023-03-09 13:44:09 - [MESSAGE][PASSED] - Text 'weblogic' is set on object 'Object Repository/3-OBJECTS UTILIDADES/Login/input_USUARIO_loginusuario'

2023-03-09 13:44:09 - [TEST_STEP][PASSED] - setEncryptedText(findTestObject("3-OBJECTS UTILIDADES/Login/input_CLAVE_loginpassword"), "SlAwMcyRKqrwbnzhAs8HhT6NnI7sEyng"): Text ****** has been set on object 'Object Repository/3-OBJECTS UTILIDADES/Login/input_CLAVE_loginpassword'

2023-03-09 13:44:12 - [MESSAGE][PASSED] - Text ****** has been set on object 'Object Repository/3-OBJECTS UTILIDADES/Login/input_CLAVE_loginpassword'

2023-03-09 13:44:12 - [TEST_STEP][PASSED] - while (waitForElementClickable(findTestObject("3-OBJECTS UTILIDADES/Login/a_Ingresar"), 1)): Web element with id: 'Object Repository/3-OBJECTS UTILIDADES/Login/a_Ingresar' located by '//a[contains(text(),'Ingresar')]' not found

2023-03-09 13:44:14 - [MESSAGE][INFO] - Unable to find the element located by 'By.xpath: //a[contains(text(),'Ingresar')]'. Please recheck the objects properties to make sure the desired element is located. 

2023-03-09 13:44:14 - [MESSAGE][WARNING] - Web element with id: 'Object Repository/3-OBJECTS UTILIDADES/Login/a_Ingresar' located by '//a[contains(text(),'Ingresar')]' not found

2023-03-09 13:44:14 - [MESSAGE][PASSED] - Call Test Case 'Test Cases/0.1-Login' successfully

2023-03-09 13:44:14 - [TEST_STEP][PASSED] - setText(findTestObject("2-OBJECTS TAREAS SECUNDARIAS/Pruebas Compensación/Regresion/input_Empresa 1_form_templatej_idt24_input"), "Actos administrativos (act)"): Text 'Actos administrativos (act)' is set on object 'Object Repository/2-OBJECTS TAREAS SECUNDARIAS/Pruebas Compensación/Regresion/input_Empresa 1_form_templatej_idt24_input'

2023-03-09 13:44:15 - [MESSAGE][PASSED] - Text 'Actos administrativos (act)' is set on object 'Object Repository/2-OBJECTS TAREAS SECUNDARIAS/Pruebas Compensación/Regresion/input_Empresa 1_form_templatej_idt24_input'

2023-03-09 13:44:15 - [TEST_STEP][PASSED] - click(findTestObject("2-OBJECTS TAREAS SECUNDARIAS/Pruebas Compensación/Regresion/span_Actos Administrativos (act)")): Object: 'Object Repository/2-OBJECTS TAREAS SECUNDARIAS/Pruebas Compensación/Regresion/span_Actos Administrativos (act)' is clicked on

2023-03-09 13:44:16 - [MESSAGE][PASSED] - Object: 'Object Repository/2-OBJECTS TAREAS SECUNDARIAS/Pruebas Compensación/Regresion/span_Actos Administrativos (act)' is clicked on

2023-03-09 13:44:16 - [TEST_STEP][PASSED] - click(findTestObject("2-OBJECTS TAREAS SECUNDARIAS/Pruebas Compensación/Regresion/span_Acto cambio del Empleado")): Object: 'Object Repository/2-OBJECTS TAREAS SECUNDARIAS/Pruebas Compensación/Regresion/span_Acto cambio del Empleado' is clicked on

2023-03-09 13:44:18 - [MESSAGE][PASSED] - Object: 'Object Repository/2-OBJECTS TAREAS SECUNDARIAS/Pruebas Compensación/Regresion/span_Acto cambio del Empleado' is clicked on

2023-03-09 13:44:18 - [TEST_STEP][PASSED] - Eliminar(): null

2023-03-09 13:44:18 - [TEST_STEP][PASSED] - eliminar = getText(findTestObject("2-OBJECTS TAREAS SECUNDARIAS/Pruebas Compensación/Regresion/a_textico")): Text of object 'Object Repository/2-OBJECTS TAREAS SECUNDARIAS/Pruebas Compensación/Regresion/a_textico' is: 'Elaborar'

2023-03-09 13:44:19 - [MESSAGE][PASSED] - Text of object 'Object Repository/2-OBJECTS TAREAS SECUNDARIAS/Pruebas Compensación/Regresion/a_textico' is: 'Elaborar'

2023-03-09 13:44:19 - [TEST_STEP][PASSED] - eliminar1 = getText(findTestObject("2-OBJECTS TAREAS SECUNDARIAS/Pruebas Compensación/Regresion/a_textico1")): Text of object 'Object Repository/2-OBJECTS TAREAS SECUNDARIAS/Pruebas Compensación/Regresion/a_textico1' is: 'Eliminar'

2023-03-09 13:44:19 - [MESSAGE][PASSED] - Text of object 'Object Repository/2-OBJECTS TAREAS SECUNDARIAS/Pruebas Compensación/Regresion/a_textico1' is: 'Eliminar'

2023-03-09 13:44:19 - [TEST_STEP][PASSED] - eliminar2 = getText(findTestObject("2-OBJECTS TAREAS SECUNDARIAS/Pruebas Compensación/Regresion/a_textico2")): Text of object 'Object Repository/2-OBJECTS TAREAS SECUNDARIAS/Pruebas Compensación/Regresion/a_textico2' is: 'Legalizar'

2023-03-09 13:44:20 - [MESSAGE][PASSED] - Text of object 'Object Repository/2-OBJECTS TAREAS SECUNDARIAS/Pruebas Compensación/Regresion/a_textico2' is: 'Legalizar'

2023-03-09 13:44:20 - [TEST_STEP][PASSED] - eliminar3 = getText(findTestObject("2-OBJECTS TAREAS SECUNDARIAS/Pruebas Compensación/Regresion/a_textico3")): Text of object 'Object Repository/2-OBJECTS TAREAS SECUNDARIAS/Pruebas Compensación/Regresion/a_textico3' is: 'Modificar'

2023-03-09 13:44:20 - [MESSAGE][PASSED] - Text of object 'Object Repository/2-OBJECTS TAREAS SECUNDARIAS/Pruebas Compensación/Regresion/a_textico3' is: 'Modificar'

2023-03-09 13:44:20 - [TEST_STEP][PASSED] - if (eliminar == "Eliminar"): null

2023-03-09 13:44:20 - [TEST_STEP][PASSED] - else if (eliminar1 == "Eliminar"): Object: 'Object Repository/2-OBJECTS TAREAS SECUNDARIAS/Pruebas Compensación/Regresion/a_iconEliminar1' is clicked on

2023-03-09 13:44:20 - [TEST_STEP][PASSED] - click(findTestObject("2-OBJECTS TAREAS SECUNDARIAS/Pruebas Compensación/Regresion/a_iconEliminar1")): Object: 'Object Repository/2-OBJECTS TAREAS SECUNDARIAS/Pruebas Compensación/Regresion/a_iconEliminar1' is clicked on

2023-03-09 13:44:20 - [MESSAGE][PASSED] - Object: 'Object Repository/2-OBJECTS TAREAS SECUNDARIAS/Pruebas Compensación/Regresion/a_iconEliminar1' is clicked on

2023-03-09 13:44:20 - [TEST_STEP][PASSED] - while (waitForElementVisible(findTestObject("2-OBJECTS TAREAS SECUNDARIAS/Pruebas Compensación/Regresion/input_Actos Administrativos"), 1)): null

2023-03-09 13:44:21 - [MESSAGE][PASSED] - Object 'Object Repository/2-OBJECTS TAREAS SECUNDARIAS/Pruebas Compensación/Regresion/input_Actos Administrativos' is visible

2023-03-09 13:44:21 - [TEST_STEP][PASSED] - setText(findTestObject("2-OBJECTS TAREAS SECUNDARIAS/Pruebas Compensación/Regresion/input_Actos Administrativos"), "Cambio De Sueldo"): Text 'Cambio De Sueldo' is set on object 'Object Repository/2-OBJECTS TAREAS SECUNDARIAS/Pruebas Compensación/Regresion/input_Actos Administrativos'

2023-03-09 13:44:22 - [MESSAGE][PASSED] - Text 'Cambio De Sueldo' is set on object 'Object Repository/2-OBJECTS TAREAS SECUNDARIAS/Pruebas Compensación/Regresion/input_Actos Administrativos'

2023-03-09 13:44:22 - [TEST_STEP][PASSED] - sendKeys(findTestObject("2-OBJECTS TAREAS SECUNDARIAS/Pruebas Compensación/Regresion/input_Actos Administrativos"), Keys.chord(ENTER)): Keys 'ENTER + ' sent to object: 'Object Repository/2-OBJECTS TAREAS SECUNDARIAS/Pruebas Compensación/Regresion/input_Actos Administrativos'

2023-03-09 13:44:23 - [MESSAGE][PASSED] - Keys 'ENTER + ' sent to object: 'Object Repository/2-OBJECTS TAREAS SECUNDARIAS/Pruebas Compensación/Regresion/input_Actos Administrativos'

2023-03-09 13:44:23 - [TEST_STEP][PASSED] - resultado = "": null

2023-03-09 13:44:23 - [TEST_STEP][PASSED] - if (waitForElementVisible(findTestObject("2-OBJECTS TAREAS SECUNDARIAS/Pruebas Compensación/Regresion/a_registro1"), 2)): Web element with id: 'Object Repository/2-OBJECTS TAREAS SECUNDARIAS/Pruebas Compensación/Regresion/a_registro1' located by '/html/body/div[1]/div[3]/div/table/tbody/tr[3]/td/table/tbody/tr/td/div/form[1]/div/table/tbody/tr/td[2]/table/tbody/tr/td/table/tbody/tr[3]/td/table/tbody/tr/td/table/tbody/tr/td/table/tbody/tr/td/div/div/table/tbody/tr/td[2]' not found

2023-03-09 13:44:26 - [MESSAGE][INFO] - Unable to find the element located by 'By.xpath: /html/body/div[1]/div[3]/div/table/tbody/tr[3]/td/table/tbody/tr/td/div/form[1]/div/table/tbody/tr/td[2]/table/tbody/tr/td/table/tbody/tr[3]/td/table/tbody/tr/td/table/tbody/tr/td/table/tbody/tr/td/div/div/table/tbody/tr/td[2]'. Please recheck the objects properties to make sure the desired element is located. 

2023-03-09 13:44:26 - [MESSAGE][WARNING] - Web element with id: 'Object Repository/2-OBJECTS TAREAS SECUNDARIAS/Pruebas Compensación/Regresion/a_registro1' located by '/html/body/div[1]/div[3]/div/table/tbody/tr[3]/td/table/tbody/tr/td/div/form[1]/div/table/tbody/tr/td[2]/table/tbody/tr/td/table/tbody/tr[3]/td/table/tbody/tr/td/table/tbody/tr/td/table/tbody/tr/td/div/div/table/tbody/tr/td[2]' not found

2023-03-09 13:44:26 - [TEST_STEP][PASSED] - if (resultado == "Cambio De Sueldo"): null

2023-03-09 13:44:26 - [TEST_STEP][PASSED] - else: null

2023-03-09 13:44:26 - [TEST_STEP][PASSED] - break: null

2023-03-09 13:44:26 - [TEST_STEP][PASSED] - click(findTestObject("2-OBJECTS TAREAS SECUNDARIAS/Pruebas Compensación/Regresion/a_Acto cambio del Empleado_form_ActosAdministrativostabla_principal_10j_idt79")): Object: 'Object Repository/2-OBJECTS TAREAS SECUNDARIAS/Pruebas Compensación/Regresion/a_Acto cambio del Empleado_form_ActosAdministrativostabla_principal_10j_idt79' is clicked on

2023-03-09 13:44:26 - [MESSAGE][PASSED] - Object: 'Object Repository/2-OBJECTS TAREAS SECUNDARIAS/Pruebas Compensación/Regresion/a_Acto cambio del Empleado_form_ActosAdministrativostabla_principal_10j_idt79' is clicked on

2023-03-09 13:44:26 - [TEST_STEP][PASSED] - click(findTestObject("2-OBJECTS TAREAS SECUNDARIAS/Pruebas Compensación/Regresion/span_Nomina")): Object: 'Object Repository/2-OBJECTS TAREAS SECUNDARIAS/Pruebas Compensación/Regresion/span_Nomina' is clicked on

2023-03-09 13:44:27 - [MESSAGE][PASSED] - Object: 'Object Repository/2-OBJECTS TAREAS SECUNDARIAS/Pruebas Compensación/Regresion/span_Nomina' is clicked on

2023-03-09 13:44:27 - [TEST_STEP][PASSED] - click(findTestObject("2-OBJECTS TAREAS SECUNDARIAS/Pruebas Compensación/Regresion/span_cambio de sueldo")): Object: 'Object Repository/2-OBJECTS TAREAS SECUNDARIAS/Pruebas Compensación/Regresion/span_cambio de sueldo' is clicked on

2023-03-09 13:44:28 - [MESSAGE][PASSED] - Object: 'Object Repository/2-OBJECTS TAREAS SECUNDARIAS/Pruebas Compensación/Regresion/span_cambio de sueldo' is clicked on

2023-03-09 13:44:28 - [TEST_STEP][PASSED] - click(findTestObject("2-OBJECTS TAREAS SECUNDARIAS/Pruebas Compensación/Regresion/a_Elaborar")): Object: 'Object Repository/2-OBJECTS TAREAS SECUNDARIAS/Pruebas Compensación/Regresion/a_Elaborar' is clicked on

2023-03-09 13:44:28 - [MESSAGE][PASSED] - Object: 'Object Repository/2-OBJECTS TAREAS SECUNDARIAS/Pruebas Compensación/Regresion/a_Elaborar' is clicked on

2023-03-09 13:44:28 - [TEST_STEP][PASSED] - click(findTestObject("2-OBJECTS TAREAS SECUNDARIAS/Pruebas Compensación/Regresion/a_Contrato_form_actoCambioPuestoj_idt2043")): Object: 'Object Repository/2-OBJECTS TAREAS SECUNDARIAS/Pruebas Compensación/Regresion/a_Contrato_form_actoCambioPuestoj_idt2043' is clicked on

2023-03-09 13:44:29 - [MESSAGE][PASSED] - Object: 'Object Repository/2-OBJECTS TAREAS SECUNDARIAS/Pruebas Compensación/Regresion/a_Contrato_form_actoCambioPuestoj_idt2043' is clicked on

2023-03-09 13:44:29 - [TEST_STEP][PASSED] - setText(findTestObject("2-OBJECTS TAREAS SECUNDARIAS/Pruebas Compensación/Regresion/input_Filtro Empleado_form_popupEmpleadoj_idt1407"), "185101"): Text '185101' is set on object 'Object Repository/2-OBJECTS TAREAS SECUNDARIAS/Pruebas Compensación/Regresion/input_Filtro Empleado_form_popupEmpleadoj_idt1407'

2023-03-09 13:44:30 - [MESSAGE][PASSED] - Text '185101' is set on object 'Object Repository/2-OBJECTS TAREAS SECUNDARIAS/Pruebas Compensación/Regresion/input_Filtro Empleado_form_popupEmpleadoj_idt1407'

2023-03-09 13:44:30 - [TEST_STEP][PASSED] - sendKeys(findTestObject("2-OBJECTS TAREAS SECUNDARIAS/Pruebas Compensación/Regresion/input_Filtro Empleado_form_popupEmpleadoj_idt1407"), Keys.chord(ENTER)): Keys 'ENTER + ' sent to object: 'Object Repository/2-OBJECTS TAREAS SECUNDARIAS/Pruebas Compensación/Regresion/input_Filtro Empleado_form_popupEmpleadoj_idt1407'

2023-03-09 13:44:31 - [MESSAGE][PASSED] - Keys 'ENTER + ' sent to object: 'Object Repository/2-OBJECTS TAREAS SECUNDARIAS/Pruebas Compensación/Regresion/input_Filtro Empleado_form_popupEmpleadoj_idt1407'

2023-03-09 13:44:31 - [TEST_STEP][PASSED] - click(findTestObject("2-OBJECTS TAREAS SECUNDARIAS/Pruebas Compensación/Regresion/span_Mendoza Cabra Empleado")): Object: 'Object Repository/2-OBJECTS TAREAS SECUNDARIAS/Pruebas Compensación/Regresion/span_Mendoza Cabra Empleado' is clicked on

2023-03-09 13:44:31 - [MESSAGE][PASSED] - Object: 'Object Repository/2-OBJECTS TAREAS SECUNDARIAS/Pruebas Compensación/Regresion/span_Mendoza Cabra Empleado' is clicked on

2023-03-09 13:44:31 - [TEST_STEP][PASSED] - click(findTestObject("2-OBJECTS TAREAS SECUNDARIAS/Pruebas Compensación/Regresion/a_Continuar0")): Object: 'Object Repository/2-OBJECTS TAREAS SECUNDARIAS/Pruebas Compensación/Regresion/a_Continuar0' is clicked on

2023-03-09 13:44:32 - [MESSAGE][PASSED] - Object: 'Object Repository/2-OBJECTS TAREAS SECUNDARIAS/Pruebas Compensación/Regresion/a_Continuar0' is clicked on

2023-03-09 13:44:32 - [TEST_STEP][PASSED] - setText(findTestObject("2-OBJECTS TAREAS SECUNDARIAS/Pruebas Compensación/Regresion/input__form_actoCambioPuestoj_idt33530fecha_input"), "02/03/2021"): Text '02/03/2021' is set on object 'Object Repository/2-OBJECTS TAREAS SECUNDARIAS/Pruebas Compensación/Regresion/input__form_actoCambioPuestoj_idt33530fecha_input'

2023-03-09 13:44:34 - [MESSAGE][PASSED] - Text '02/03/2021' is set on object 'Object Repository/2-OBJECTS TAREAS SECUNDARIAS/Pruebas Compensación/Regresion/input__form_actoCambioPuestoj_idt33530fecha_input'

2023-03-09 13:44:34 - [TEST_STEP][PASSED] - setText(findTestObject("2-OBJECTS TAREAS SECUNDARIAS/Pruebas Compensación/Regresion/input_Fecha Documento"), "02/03/2021"): Text '02/03/2021' is set on object 'Object Repository/2-OBJECTS TAREAS SECUNDARIAS/Pruebas Compensación/Regresion/input_Fecha Documento'

2023-03-09 13:44:35 - [MESSAGE][PASSED] - Text '02/03/2021' is set on object 'Object Repository/2-OBJECTS TAREAS SECUNDARIAS/Pruebas Compensación/Regresion/input_Fecha Documento'

2023-03-09 13:44:35 - [TEST_STEP][PASSED] - click(findTestObject("2-OBJECTS TAREAS SECUNDARIAS/Pruebas Compensación/Regresion/input_Fecha Documento"), STOP_ON_FAILURE): Object: 'Object Repository/2-OBJECTS TAREAS SECUNDARIAS/Pruebas Compensación/Regresion/input_Fecha Documento' is clicked on

2023-03-09 13:44:36 - [MESSAGE][PASSED] - Object: 'Object Repository/2-OBJECTS TAREAS SECUNDARIAS/Pruebas Compensación/Regresion/input_Fecha Documento' is clicked on

2023-03-09 13:44:36 - [TEST_STEP][PASSED] - click(findTestObject("2-OBJECTS TAREAS SECUNDARIAS/Pruebas Compensación/Regresion/a_Continuar1")): Object: 'Object Repository/2-OBJECTS TAREAS SECUNDARIAS/Pruebas Compensación/Regresion/a_Continuar1' is clicked on

2023-03-09 13:44:36 - [MESSAGE][PASSED] - Object: 'Object Repository/2-OBJECTS TAREAS SECUNDARIAS/Pruebas Compensación/Regresion/a_Continuar1' is clicked on

2023-03-09 13:44:36 - [TEST_STEP][PASSED] - Salario = getAttribute(findTestObject("2-OBJECTS TAREAS SECUNDARIAS/Pruebas Compensación/Regresion/input_Sueldo_form_actoCambioPuestosueldo"), "Value"): Attribute 'Value' of object 'Object Repository/2-OBJECTS TAREAS SECUNDARIAS/Pruebas Compensación/Regresion/input_Sueldo_form_actoCambioPuestosueldo' is: '2500000.00'

2023-03-09 13:44:37 - [MESSAGE][PASSED] - Attribute 'Value' of object 'Object Repository/2-OBJECTS TAREAS SECUNDARIAS/Pruebas Compensación/Regresion/input_Sueldo_form_actoCambioPuestosueldo' is: '2500000.00'

2023-03-09 13:44:37 - [TEST_STEP][PASSED] - if (Salario == "689455.00"): null

2023-03-09 13:44:37 - [TEST_STEP][PASSED] - else: Text '689455' is set on object 'Object Repository/2-OBJECTS TAREAS SECUNDARIAS/Pruebas Compensación/Regresion/input_Sueldo_form_actoCambioPuestosueldo'

2023-03-09 13:44:37 - [TEST_STEP][PASSED] - setText(findTestObject("2-OBJECTS TAREAS SECUNDARIAS/Pruebas Compensación/Regresion/input_Sueldo_form_actoCambioPuestosueldo"), "689455"): Text '689455' is set on object 'Object Repository/2-OBJECTS TAREAS SECUNDARIAS/Pruebas Compensación/Regresion/input_Sueldo_form_actoCambioPuestosueldo'

2023-03-09 13:44:38 - [MESSAGE][PASSED] - Text '689455' is set on object 'Object Repository/2-OBJECTS TAREAS SECUNDARIAS/Pruebas Compensación/Regresion/input_Sueldo_form_actoCambioPuestosueldo'

2023-03-09 13:44:38 - [TEST_STEP][PASSED] - Salario0 = getAttribute(findTestObject("2-OBJECTS TAREAS SECUNDARIAS/Pruebas Compensación/Regresion/input_Sueldo_form_actoCambioPuestosueldo"), "Value"): Attribute 'Value' of object 'Object Repository/2-OBJECTS TAREAS SECUNDARIAS/Pruebas Compensación/Regresion/input_Sueldo_form_actoCambioPuestosueldo' is: '2500000.00'

2023-03-09 13:44:38 - [MESSAGE][PASSED] - Attribute 'Value' of object 'Object Repository/2-OBJECTS TAREAS SECUNDARIAS/Pruebas Compensación/Regresion/input_Sueldo_form_actoCambioPuestosueldo' is: '2500000.00'

2023-03-09 13:44:38 - [TEST_STEP][PASSED] - click(findTestObject("2-OBJECTS TAREAS SECUNDARIAS/Pruebas Compensación/Regresion/a_Continuar2")): Object: 'Object Repository/2-OBJECTS TAREAS SECUNDARIAS/Pruebas Compensación/Regresion/a_Continuar2' is clicked on

2023-03-09 13:44:39 - [MESSAGE][PASSED] - Object: 'Object Repository/2-OBJECTS TAREAS SECUNDARIAS/Pruebas Compensación/Regresion/a_Continuar2' is clicked on

2023-03-09 13:44:39 - [TEST_STEP][PASSED] - click(findTestObject("2-OBJECTS TAREAS SECUNDARIAS/Pruebas Compensación/Regresion/a_Aplicar0")): Object: 'Object Repository/2-OBJECTS TAREAS SECUNDARIAS/Pruebas Compensación/Regresion/a_Aplicar0' is clicked on

2023-03-09 13:44:40 - [MESSAGE][PASSED] - Object: 'Object Repository/2-OBJECTS TAREAS SECUNDARIAS/Pruebas Compensación/Regresion/a_Aplicar0' is clicked on

2023-03-09 13:44:40 - [TEST_STEP][PASSED] - click(findTestObject("2-OBJECTS TAREAS SECUNDARIAS/Pruebas Compensación/Regresion/span_Si")): Object: 'Object Repository/2-OBJECTS TAREAS SECUNDARIAS/Pruebas Compensación/Regresion/span_Si' is clicked on

2023-03-09 13:44:41 - [MESSAGE][PASSED] - Object: 'Object Repository/2-OBJECTS TAREAS SECUNDARIAS/Pruebas Compensación/Regresion/span_Si' is clicked on

2023-03-09 13:44:41 - [TEST_STEP][PASSED] - click(findTestObject("2-OBJECTS TAREAS SECUNDARIAS/Pruebas Compensación/Regresion/a_Aceptar")): Object: 'Object Repository/2-OBJECTS TAREAS SECUNDARIAS/Pruebas Compensación/Regresion/a_Aceptar' is clicked on

2023-03-09 13:44:42 - [MESSAGE][PASSED] - Object: 'Object Repository/2-OBJECTS TAREAS SECUNDARIAS/Pruebas Compensación/Regresion/a_Aceptar' is clicked on

2023-03-09 13:44:42 - [TEST_STEP][PASSED] - legalizar(): null

2023-03-09 13:44:42 - [TEST_STEP][PASSED] - legalizar = getText(findTestObject("2-OBJECTS TAREAS SECUNDARIAS/Pruebas Compensación/Regresion/a_textico")): Text of object 'Object Repository/2-OBJECTS TAREAS SECUNDARIAS/Pruebas Compensación/Regresion/a_textico' is: 'Elaborar'

2023-03-09 13:44:43 - [MESSAGE][PASSED] - Text of object 'Object Repository/2-OBJECTS TAREAS SECUNDARIAS/Pruebas Compensación/Regresion/a_textico' is: 'Elaborar'

2023-03-09 13:44:43 - [TEST_STEP][PASSED] - legalizar1 = getText(findTestObject("2-OBJECTS TAREAS SECUNDARIAS/Pruebas Compensación/Regresion/a_textico1")): Text of object 'Object Repository/2-OBJECTS TAREAS SECUNDARIAS/Pruebas Compensación/Regresion/a_textico1' is: 'Eliminar'

2023-03-09 13:44:43 - [MESSAGE][PASSED] - Text of object 'Object Repository/2-OBJECTS TAREAS SECUNDARIAS/Pruebas Compensación/Regresion/a_textico1' is: 'Eliminar'

2023-03-09 13:44:43 - [TEST_STEP][PASSED] - legalizar2 = getText(findTestObject("2-OBJECTS TAREAS SECUNDARIAS/Pruebas Compensación/Regresion/a_textico2")): Text of object 'Object Repository/2-OBJECTS TAREAS SECUNDARIAS/Pruebas Compensación/Regresion/a_textico2' is: 'Legalizar'

2023-03-09 13:44:44 - [MESSAGE][PASSED] - Text of object 'Object Repository/2-OBJECTS TAREAS SECUNDARIAS/Pruebas Compensación/Regresion/a_textico2' is: 'Legalizar'

2023-03-09 13:44:44 - [TEST_STEP][PASSED] - legalizar3 = getText(findTestObject("2-OBJECTS TAREAS SECUNDARIAS/Pruebas Compensación/Regresion/a_textico3")): Text of object 'Object Repository/2-OBJECTS TAREAS SECUNDARIAS/Pruebas Compensación/Regresion/a_textico3' is: 'Modificar'

2023-03-09 13:44:44 - [MESSAGE][PASSED] - Text of object 'Object Repository/2-OBJECTS TAREAS SECUNDARIAS/Pruebas Compensación/Regresion/a_textico3' is: 'Modificar'

2023-03-09 13:44:44 - [TEST_STEP][PASSED] - if (legalizar == "Legalizar"): null

2023-03-09 13:44:44 - [TEST_STEP][PASSED] - else if (legalizar1 == "Legalizar"): null

2023-03-09 13:44:44 - [TEST_STEP][PASSED] - else if (legalizar2 == "Legalizar"): Object: 'Object Repository/2-OBJECTS TAREAS SECUNDARIAS/Pruebas Compensación/Regresion/a_iconEliminar2' is clicked on

2023-03-09 13:44:44 - [TEST_STEP][PASSED] - click(findTestObject("2-OBJECTS TAREAS SECUNDARIAS/Pruebas Compensación/Regresion/a_iconEliminar2")): Object: 'Object Repository/2-OBJECTS TAREAS SECUNDARIAS/Pruebas Compensación/Regresion/a_iconEliminar2' is clicked on

2023-03-09 13:44:44 - [MESSAGE][PASSED] - Object: 'Object Repository/2-OBJECTS TAREAS SECUNDARIAS/Pruebas Compensación/Regresion/a_iconEliminar2' is clicked on

2023-03-09 13:44:44 - [TEST_STEP][PASSED] - setText(findTestObject("2-OBJECTS TAREAS SECUNDARIAS/Pruebas Compensación/Regresion/input_Actos Administrativos"), "Cambio De Sueldo"): Text 'Cambio De Sueldo' is set on object 'Object Repository/2-OBJECTS TAREAS SECUNDARIAS/Pruebas Compensación/Regresion/input_Actos Administrativos'

2023-03-09 13:44:45 - [MESSAGE][PASSED] - Text 'Cambio De Sueldo' is set on object 'Object Repository/2-OBJECTS TAREAS SECUNDARIAS/Pruebas Compensación/Regresion/input_Actos Administrativos'

2023-03-09 13:44:45 - [TEST_STEP][PASSED] - sendKeys(findTestObject("2-OBJECTS TAREAS SECUNDARIAS/Pruebas Compensación/Regresion/input_Actos Administrativos"), Keys.chord(ENTER)): Keys 'ENTER + ' sent to object: 'Object Repository/2-OBJECTS TAREAS SECUNDARIAS/Pruebas Compensación/Regresion/input_Actos Administrativos'

2023-03-09 13:44:46 - [MESSAGE][PASSED] - Keys 'ENTER + ' sent to object: 'Object Repository/2-OBJECTS TAREAS SECUNDARIAS/Pruebas Compensación/Regresion/input_Actos Administrativos'

2023-03-09 13:44:46 - [TEST_STEP][PASSED] - resultado = "": null

2023-03-09 13:44:46 - [TEST_STEP][PASSED] - if (waitForElementVisible(findTestObject("2-OBJECTS TAREAS SECUNDARIAS/Pruebas Compensación/Regresion/a_registro1"), 2)): null

2023-03-09 13:44:46 - [MESSAGE][PASSED] - Object 'Object Repository/2-OBJECTS TAREAS SECUNDARIAS/Pruebas Compensación/Regresion/a_registro1' is visible

2023-03-09 13:44:46 - [TEST_STEP][PASSED] - resultado = getText(findTestObject("2-OBJECTS TAREAS SECUNDARIAS/Pruebas Compensación/Regresion/a_registro1")): Text of object 'Object Repository/2-OBJECTS TAREAS SECUNDARIAS/Pruebas Compensación/Regresion/a_registro1' is: 'Cambio De Sueldo'

2023-03-09 13:44:47 - [MESSAGE][PASSED] - Text of object 'Object Repository/2-OBJECTS TAREAS SECUNDARIAS/Pruebas Compensación/Regresion/a_registro1' is: 'Cambio De Sueldo'

2023-03-09 13:44:47 - [TEST_STEP][PASSED] - if (waitForElementVisible(findTestObject("2-OBJECTS TAREAS SECUNDARIAS/Pruebas Compensación/Regresion/a_registro1"), 1)): null

2023-03-09 13:44:47 - [MESSAGE][PASSED] - Object 'Object Repository/2-OBJECTS TAREAS SECUNDARIAS/Pruebas Compensación/Regresion/a_registro1' is visible

2023-03-09 13:44:47 - [TEST_STEP][PASSED] - click(findTestObject("2-OBJECTS TAREAS SECUNDARIAS/Pruebas Compensación/Regresion/a_registro1")): Object: 'Object Repository/2-OBJECTS TAREAS SECUNDARIAS/Pruebas Compensación/Regresion/a_registro1' is clicked on

2023-03-09 13:44:48 - [MESSAGE][PASSED] - Object: 'Object Repository/2-OBJECTS TAREAS SECUNDARIAS/Pruebas Compensación/Regresion/a_registro1' is clicked on

2023-03-09 13:44:48 - [TEST_STEP][PASSED] - if (waitForElementVisible(findTestObject("2-OBJECTS TAREAS SECUNDARIAS/Pruebas Compensación/Regresion/a_Aplicar0"), 1)): null

2023-03-09 13:44:49 - [MESSAGE][PASSED] - Object 'Object Repository/2-OBJECTS TAREAS SECUNDARIAS/Pruebas Compensación/Regresion/a_Aplicar0' is visible

2023-03-09 13:44:49 - [TEST_STEP][PASSED] - click(findTestObject("2-OBJECTS TAREAS SECUNDARIAS/Pruebas Compensación/Regresion/a_Aplicar0")): Object: 'Object Repository/2-OBJECTS TAREAS SECUNDARIAS/Pruebas Compensación/Regresion/a_Aplicar0' is clicked on

2023-03-09 13:44:49 - [MESSAGE][PASSED] - Object: 'Object Repository/2-OBJECTS TAREAS SECUNDARIAS/Pruebas Compensación/Regresion/a_Aplicar0' is clicked on

2023-03-09 13:44:49 - [TEST_STEP][PASSED] - click(findTestObject("2-OBJECTS TAREAS SECUNDARIAS/Pruebas Compensación/Regresion/span_Si")): Object: 'Object Repository/2-OBJECTS TAREAS SECUNDARIAS/Pruebas Compensación/Regresion/span_Si' is clicked on

2023-03-09 13:44:50 - [MESSAGE][PASSED] - Object: 'Object Repository/2-OBJECTS TAREAS SECUNDARIAS/Pruebas Compensación/Regresion/span_Si' is clicked on

2023-03-09 13:44:50 - [TEST_STEP][PASSED] - if (waitForElementVisible(findTestObject("2-OBJECTS TAREAS SECUNDARIAS/Pruebas Compensación/Regresion/a_Aceptar"), 1)): null

2023-03-09 13:44:51 - [MESSAGE][PASSED] - Object 'Object Repository/2-OBJECTS TAREAS SECUNDARIAS/Pruebas Compensación/Regresion/a_Aceptar' is visible

2023-03-09 13:44:51 - [TEST_STEP][PASSED] - click(findTestObject("2-OBJECTS TAREAS SECUNDARIAS/Pruebas Compensación/Regresion/a_Aceptar")): Object: 'Object Repository/2-OBJECTS TAREAS SECUNDARIAS/Pruebas Compensación/Regresion/a_Aceptar' is clicked on

2023-03-09 13:44:51 - [MESSAGE][PASSED] - Object: 'Object Repository/2-OBJECTS TAREAS SECUNDARIAS/Pruebas Compensación/Regresion/a_Aceptar' is clicked on

2023-03-09 13:44:51 - [TEST_STEP][PASSED] - setText(findTestObject("2-OBJECTS TAREAS SECUNDARIAS/Pruebas Compensación/Regresion/input_Empresa 1_form_templatej_idt24_input"), "Listado de Empleados (com)"): Text 'Listado de Empleados (com)' is set on object 'Object Repository/2-OBJECTS TAREAS SECUNDARIAS/Pruebas Compensación/Regresion/input_Empresa 1_form_templatej_idt24_input'

2023-03-09 13:44:52 - [MESSAGE][PASSED] - Text 'Listado de Empleados (com)' is set on object 'Object Repository/2-OBJECTS TAREAS SECUNDARIAS/Pruebas Compensación/Regresion/input_Empresa 1_form_templatej_idt24_input'

2023-03-09 13:44:52 - [TEST_STEP][PASSED] - click(findTestObject("2-OBJECTS TAREAS SECUNDARIAS/Pruebas Compensación/Regresion/span_Actos Administrativos (act)")): Object: 'Object Repository/2-OBJECTS TAREAS SECUNDARIAS/Pruebas Compensación/Regresion/span_Actos Administrativos (act)' is clicked on

2023-03-09 13:44:54 - [MESSAGE][PASSED] - Object: 'Object Repository/2-OBJECTS TAREAS SECUNDARIAS/Pruebas Compensación/Regresion/span_Actos Administrativos (act)' is clicked on

2023-03-09 13:44:54 - [TEST_STEP][PASSED] - sendKeys(findTestObject("2-OBJECTS TAREAS SECUNDARIAS/Pruebas Compensación/Regresion/input_Nombre Funcionario_listadoEmpleadoj_idt64"), Keys.chord(F5)): Keys 'F5 + ' sent to object: 'Object Repository/2-OBJECTS TAREAS SECUNDARIAS/Pruebas Compensación/Regresion/input_Nombre Funcionario_listadoEmpleadoj_idt64'

2023-03-09 13:44:56 - [MESSAGE][PASSED] - Keys 'F5 + ' sent to object: 'Object Repository/2-OBJECTS TAREAS SECUNDARIAS/Pruebas Compensación/Regresion/input_Nombre Funcionario_listadoEmpleadoj_idt64'

2023-03-09 13:44:56 - [TEST_STEP][PASSED] - waitForElementVisible(findTestObject("2-OBJECTS TAREAS SECUNDARIAS/Pruebas Compensación/Regresion/input_Nombre Funcionario_listadoEmpleadoj_idt64"), 0): Object 'Object Repository/2-OBJECTS TAREAS SECUNDARIAS/Pruebas Compensación/Regresion/input_Nombre Funcionario_listadoEmpleadoj_idt64' is visible

2023-03-09 13:44:56 - [MESSAGE][WARNING] - Timeout '0' is invalid. Using default page load timeout: '37'

2023-03-09 13:44:57 - [MESSAGE][PASSED] - Object 'Object Repository/2-OBJECTS TAREAS SECUNDARIAS/Pruebas Compensación/Regresion/input_Nombre Funcionario_listadoEmpleadoj_idt64' is visible

2023-03-09 13:44:57 - [TEST_STEP][PASSED] - setText(findTestObject("2-OBJECTS TAREAS SECUNDARIAS/Pruebas Compensación/Regresion/input_Nombre Funcionario_listadoEmpleadoj_idt64"), "Mendoza Cabra Empleado"): Text 'Mendoza Cabra Empleado' is set on object 'Object Repository/2-OBJECTS TAREAS SECUNDARIAS/Pruebas Compensación/Regresion/input_Nombre Funcionario_listadoEmpleadoj_idt64'

2023-03-09 13:44:58 - [MESSAGE][PASSED] - Text 'Mendoza Cabra Empleado' is set on object 'Object Repository/2-OBJECTS TAREAS SECUNDARIAS/Pruebas Compensación/Regresion/input_Nombre Funcionario_listadoEmpleadoj_idt64'

2023-03-09 13:44:58 - [TEST_STEP][PASSED] - sendKeys(findTestObject("2-OBJECTS TAREAS SECUNDARIAS/Pruebas Compensación/Regresion/input_Nombre Funcionario_listadoEmpleadoj_idt64"), Keys.chord(ENTER)): Keys 'ENTER + ' sent to object: 'Object Repository/2-OBJECTS TAREAS SECUNDARIAS/Pruebas Compensación/Regresion/input_Nombre Funcionario_listadoEmpleadoj_idt64'

2023-03-09 13:44:58 - [MESSAGE][PASSED] - Keys 'ENTER + ' sent to object: 'Object Repository/2-OBJECTS TAREAS SECUNDARIAS/Pruebas Compensación/Regresion/input_Nombre Funcionario_listadoEmpleadoj_idt64'

2023-03-09 13:44:58 - [TEST_STEP][PASSED] - click(findTestObject("2-OBJECTS TAREAS SECUNDARIAS/Pruebas Compensación/Regresion/span_185101")): Object: 'Object Repository/2-OBJECTS TAREAS SECUNDARIAS/Pruebas Compensación/Regresion/span_185101' is clicked on

2023-03-09 13:44:59 - [MESSAGE][PASSED] - Object: 'Object Repository/2-OBJECTS TAREAS SECUNDARIAS/Pruebas Compensación/Regresion/span_185101' is clicked on

2023-03-09 13:44:59 - [TEST_STEP][PASSED] - click(findTestObject("2-OBJECTS TAREAS SECUNDARIAS/Pruebas Compensación/Regresion/a_Datos Empleado")): Object: 'Object Repository/2-OBJECTS TAREAS SECUNDARIAS/Pruebas Compensación/Regresion/a_Datos Empleado' is clicked on

2023-03-09 13:45:00 - [MESSAGE][PASSED] - Object: 'Object Repository/2-OBJECTS TAREAS SECUNDARIAS/Pruebas Compensación/Regresion/a_Datos Empleado' is clicked on

2023-03-09 13:45:00 - [TEST_STEP][PASSED] - scrollToElement(findTestObject("2-OBJECTS TAREAS SECUNDARIAS/Pruebas Compensación/Regresion/span_1.300.000"), 0): Scroll to object 'Object Repository/2-OBJECTS TAREAS SECUNDARIAS/Pruebas Compensación/Regresion/span_1.300.000' successfully

2023-03-09 13:45:00 - [MESSAGE][WARNING] - Timeout '0' is invalid. Using default page load timeout: '37'

2023-03-09 13:45:00 - [MESSAGE][PASSED] - Scroll to object 'Object Repository/2-OBJECTS TAREAS SECUNDARIAS/Pruebas Compensación/Regresion/span_1.300.000' successfully

2023-03-09 13:45:00 - [TEST_STEP][PASSED] - Sueldo = getText(findTestObject("2-OBJECTS TAREAS SECUNDARIAS/Pruebas Compensación/Regresion/span_1.300.000")): Text of object 'Object Repository/2-OBJECTS TAREAS SECUNDARIAS/Pruebas Compensación/Regresion/span_1.300.000' is: '689.455'

2023-03-09 13:45:01 - [MESSAGE][PASSED] - Text of object 'Object Repository/2-OBJECTS TAREAS SECUNDARIAS/Pruebas Compensación/Regresion/span_1.300.000' is: '689.455'

2023-03-09 13:45:01 - [TEST_STEP][PASSED] - Vigencia = getText(findTestObject("2-OBJECTS TAREAS SECUNDARIAS/Pruebas Compensación/Regresion/span_Vigencia")): Text of object 'Object Repository/2-OBJECTS TAREAS SECUNDARIAS/Pruebas Compensación/Regresion/span_Vigencia' is: '02/03/2021'

2023-03-09 13:45:01 - [MESSAGE][PASSED] - Text of object 'Object Repository/2-OBJECTS TAREAS SECUNDARIAS/Pruebas Compensación/Regresion/span_Vigencia' is: '02/03/2021'

2023-03-09 13:45:01 - [TEST_STEP][PASSED] - click(findTestObject("2-OBJECTS TAREAS SECUNDARIAS/Pruebas Compensación/Regresion/div_Historicos")): Object: 'Object Repository/2-OBJECTS TAREAS SECUNDARIAS/Pruebas Compensación/Regresion/div_Historicos' is clicked on

2023-03-09 13:45:01 - [MESSAGE][PASSED] - Object: 'Object Repository/2-OBJECTS TAREAS SECUNDARIAS/Pruebas Compensación/Regresion/div_Historicos' is clicked on

2023-03-09 13:45:01 - [TEST_STEP][PASSED] - click(findTestObject("2-OBJECTS TAREAS SECUNDARIAS/Pruebas Compensación/Regresion/a_Regresin")): Object: 'Object Repository/2-OBJECTS TAREAS SECUNDARIAS/Pruebas Compensación/Regresion/a_Regresin' is clicked on

2023-03-09 13:45:02 - [MESSAGE][PASSED] - Object: 'Object Repository/2-OBJECTS TAREAS SECUNDARIAS/Pruebas Compensación/Regresion/a_Regresin' is clicked on

2023-03-09 13:45:02 - [TEST_STEP][PASSED] - if (waitForElementVisible(findTestObject("2-OBJECTS TAREAS SECUNDARIAS/Pruebas Compensación/Regresion/span_01012021"), 1)): null

2023-03-09 13:45:03 - [MESSAGE][PASSED] - Object 'Object Repository/2-OBJECTS TAREAS SECUNDARIAS/Pruebas Compensación/Regresion/span_01012021' is visible

2023-03-09 13:45:03 - [TEST_STEP][PASSED] - firstResult = "Resultado ok": null

2023-03-09 13:45:03 - [TEST_STEP][PASSED] - setText(findTestObject("2-OBJECTS TAREAS SECUNDARIAS/Pruebas Compensación/Regresion/input_Empresa 1_form_templatej_idt24_input"), "Generacion Regresion (com)"): Text 'Generacion Regresion (com)' is set on object 'Object Repository/2-OBJECTS TAREAS SECUNDARIAS/Pruebas Compensación/Regresion/input_Empresa 1_form_templatej_idt24_input'

2023-03-09 13:45:04 - [MESSAGE][PASSED] - Text 'Generacion Regresion (com)' is set on object 'Object Repository/2-OBJECTS TAREAS SECUNDARIAS/Pruebas Compensación/Regresion/input_Empresa 1_form_templatej_idt24_input'

2023-03-09 13:45:04 - [TEST_STEP][PASSED] - click(findTestObject("2-OBJECTS TAREAS SECUNDARIAS/Pruebas Compensación/Regresion/span_Actos Administrativos (act)")): Object: 'Object Repository/2-OBJECTS TAREAS SECUNDARIAS/Pruebas Compensación/Regresion/span_Actos Administrativos (act)' is clicked on

2023-03-09 13:45:05 - [MESSAGE][PASSED] - Object: 'Object Repository/2-OBJECTS TAREAS SECUNDARIAS/Pruebas Compensación/Regresion/span_Actos Administrativos (act)' is clicked on

2023-03-09 13:45:05 - [TEST_STEP][PASSED] - click(findTestObject("2-OBJECTS TAREAS SECUNDARIAS/Pruebas Compensación/Regresion/a_Tipo Periodo_j_idt61j_idt96")): Object: 'Object Repository/2-OBJECTS TAREAS SECUNDARIAS/Pruebas Compensación/Regresion/a_Tipo Periodo_j_idt61j_idt96' is clicked on

2023-03-09 13:45:08 - [MESSAGE][PASSED] - Object: 'Object Repository/2-OBJECTS TAREAS SECUNDARIAS/Pruebas Compensación/Regresion/a_Tipo Periodo_j_idt61j_idt96' is clicked on

2023-03-09 13:45:08 - [TEST_STEP][PASSED] - click(findTestObject("2-OBJECTS TAREAS SECUNDARIAS/Pruebas Compensación/Regresion/td_PM202106")): Object: 'Object Repository/2-OBJECTS TAREAS SECUNDARIAS/Pruebas Compensación/Regresion/td_PM202106' is clicked on

2023-03-09 13:45:09 - [MESSAGE][PASSED] - Object: 'Object Repository/2-OBJECTS TAREAS SECUNDARIAS/Pruebas Compensación/Regresion/td_PM202106' is clicked on

2023-03-09 13:45:09 - [TEST_STEP][PASSED] - setText(findTestObject("2-OBJECTS TAREAS SECUNDARIAS/Pruebas Compensación/Regresion/input_Contrato_j_idt61contrato"), "185101"): Text '185101' is set on object 'Object Repository/2-OBJECTS TAREAS SECUNDARIAS/Pruebas Compensación/Regresion/input_Contrato_j_idt61contrato'

2023-03-09 13:45:10 - [MESSAGE][PASSED] - Text '185101' is set on object 'Object Repository/2-OBJECTS TAREAS SECUNDARIAS/Pruebas Compensación/Regresion/input_Contrato_j_idt61contrato'

2023-03-09 13:45:10 - [TEST_STEP][PASSED] - click(findTestObject("2-OBJECTS TAREAS SECUNDARIAS/Pruebas Compensación/Regresion/a_Filtrar")): Object: 'Object Repository/2-OBJECTS TAREAS SECUNDARIAS/Pruebas Compensación/Regresion/a_Filtrar' is clicked on

2023-03-09 13:45:10 - [MESSAGE][PASSED] - Object: 'Object Repository/2-OBJECTS TAREAS SECUNDARIAS/Pruebas Compensación/Regresion/a_Filtrar' is clicked on

2023-03-09 13:45:10 - [TEST_STEP][PASSED] - click(findTestObject("2-OBJECTS TAREAS SECUNDARIAS/Pruebas Compensación/Regresion/span_Adicional_ui-chkbox-icon ui-icon ui-icon-check ui-c"), STOP_ON_FAILURE): Object: 'Object Repository/2-OBJECTS TAREAS SECUNDARIAS/Pruebas Compensación/Regresion/span_Adicional_ui-chkbox-icon ui-icon ui-icon-check ui-c' is clicked on

2023-03-09 13:45:11 - [MESSAGE][PASSED] - Object: 'Object Repository/2-OBJECTS TAREAS SECUNDARIAS/Pruebas Compensación/Regresion/span_Adicional_ui-chkbox-icon ui-icon ui-icon-check ui-c' is clicked on

2023-03-09 13:45:11 - [TEST_STEP][PASSED] - click(findTestObject("2-OBJECTS TAREAS SECUNDARIAS/Pruebas Compensación/Regresion/a_Aplicar")): Object: 'Object Repository/2-OBJECTS TAREAS SECUNDARIAS/Pruebas Compensación/Regresion/a_Aplicar' is clicked on

2023-03-09 13:45:11 - [MESSAGE][PASSED] - Object: 'Object Repository/2-OBJECTS TAREAS SECUNDARIAS/Pruebas Compensación/Regresion/a_Aplicar' is clicked on

2023-03-09 13:45:11 - [TEST_STEP][PASSED] - click(findTestObject("2-OBJECTS TAREAS SECUNDARIAS/Pruebas Compensación/Regresion/span_Si")): Object: 'Object Repository/2-OBJECTS TAREAS SECUNDARIAS/Pruebas Compensación/Regresion/span_Si' is clicked on

2023-03-09 13:45:12 - [MESSAGE][PASSED] - Object: 'Object Repository/2-OBJECTS TAREAS SECUNDARIAS/Pruebas Compensación/Regresion/span_Si' is clicked on

2023-03-09 13:45:12 - [TEST_STEP][PASSED] - waitForElementVisible(findTestObject("2-OBJECTS TAREAS SECUNDARIAS/Pruebas Compensación/Regresion/a_Continuar3"), 0): Object 'Object Repository/2-OBJECTS TAREAS SECUNDARIAS/Pruebas Compensación/Regresion/a_Continuar3' is visible

2023-03-09 13:45:12 - [MESSAGE][WARNING] - Timeout '0' is invalid. Using default page load timeout: '37'

2023-03-09 13:45:16 - [MESSAGE][PASSED] - Object 'Object Repository/2-OBJECTS TAREAS SECUNDARIAS/Pruebas Compensación/Regresion/a_Continuar3' is visible

2023-03-09 13:45:16 - [TEST_STEP][PASSED] - SecondResult = getText(findTestObject("2-OBJECTS TAREAS SECUNDARIAS/Pruebas Compensación/Regresion/div_Regresion aplicada satifactoriamente")): Text of object 'Object Repository/2-OBJECTS TAREAS SECUNDARIAS/Pruebas Compensación/Regresion/div_Regresion aplicada satifactoriamente' is: 'Regresion aplicada satifactoriamente.'

2023-03-09 13:45:16 - [MESSAGE][PASSED] - Text of object 'Object Repository/2-OBJECTS TAREAS SECUNDARIAS/Pruebas Compensación/Regresion/div_Regresion aplicada satifactoriamente' is: 'Regresion aplicada satifactoriamente.'

2023-03-09 13:45:16 - [TEST_STEP][PASSED] - if (SecondResult == "Regresion aplicada satifactoriamente."): null

2023-03-09 13:45:16 - [TEST_STEP][PASSED] - click(findTestObject("2-OBJECTS TAREAS SECUNDARIAS/Pruebas Compensación/Regresion/a_Continuar3")): Object: 'Object Repository/2-OBJECTS TAREAS SECUNDARIAS/Pruebas Compensación/Regresion/a_Continuar3' is clicked on

2023-03-09 13:45:16 - [MESSAGE][PASSED] - Object: 'Object Repository/2-OBJECTS TAREAS SECUNDARIAS/Pruebas Compensación/Regresion/a_Continuar3' is clicked on

2023-03-09 13:45:16 - [TEST_STEP][PASSED] - click(findTestObject("2-OBJECTS TAREAS SECUNDARIAS/Pruebas Compensación/Regresion/a_Imprimir")): Object: 'Object Repository/2-OBJECTS TAREAS SECUNDARIAS/Pruebas Compensación/Regresion/a_Imprimir' is clicked on

2023-03-09 13:45:17 - [MESSAGE][PASSED] - Object: 'Object Repository/2-OBJECTS TAREAS SECUNDARIAS/Pruebas Compensación/Regresion/a_Imprimir' is clicked on

2023-03-09 13:45:17 - [TEST_STEP][PASSED] - click(findTestObject("2-OBJECTS TAREAS SECUNDARIAS/Pruebas Compensación/Regresion/a_Descargar")): Object: 'Object Repository/2-OBJECTS TAREAS SECUNDARIAS/Pruebas Compensación/Regresion/a_Descargar' is clicked on

2023-03-09 13:45:18 - [MESSAGE][PASSED] - Object: 'Object Repository/2-OBJECTS TAREAS SECUNDARIAS/Pruebas Compensación/Regresion/a_Descargar' is clicked on

2023-03-09 13:45:18 - [TEST_STEP][PASSED] - switchToWindowTitle("SARA"): Switched to window with title: 'SARA'

2023-03-09 13:45:18 - [MESSAGE][PASSED] - Switched to window with title: 'SARA'

2023-03-09 13:45:18 - [TEST_STEP][PASSED] - click(findTestObject("2-OBJECTS TAREAS SECUNDARIAS/Pruebas Compensación/Regresion/Clowse")): Object: 'Object Repository/2-OBJECTS TAREAS SECUNDARIAS/Pruebas Compensación/Regresion/Clowse' is clicked on

2023-03-09 13:45:18 - [MESSAGE][PASSED] - Object: 'Object Repository/2-OBJECTS TAREAS SECUNDARIAS/Pruebas Compensación/Regresion/Clowse' is clicked on

2023-03-09 13:45:18 - [TEST_STEP][PASSED] - setText(findTestObject("2-OBJECTS TAREAS SECUNDARIAS/Pruebas Compensación/Regresion/input_Empresa 1_form_templatej_idt24_input"), "Mantenimiento Regresion (com)"): Text 'Mantenimiento Regresion (com)' is set on object 'Object Repository/2-OBJECTS TAREAS SECUNDARIAS/Pruebas Compensación/Regresion/input_Empresa 1_form_templatej_idt24_input'

2023-03-09 13:45:19 - [MESSAGE][PASSED] - Text 'Mantenimiento Regresion (com)' is set on object 'Object Repository/2-OBJECTS TAREAS SECUNDARIAS/Pruebas Compensación/Regresion/input_Empresa 1_form_templatej_idt24_input'

2023-03-09 13:45:19 - [TEST_STEP][PASSED] - click(findTestObject("2-OBJECTS TAREAS SECUNDARIAS/Pruebas Compensación/Regresion/span_Actos Administrativos (act)")): Object: 'Object Repository/2-OBJECTS TAREAS SECUNDARIAS/Pruebas Compensación/Regresion/span_Actos Administrativos (act)' is clicked on

2023-03-09 13:45:21 - [MESSAGE][PASSED] - Object: 'Object Repository/2-OBJECTS TAREAS SECUNDARIAS/Pruebas Compensación/Regresion/span_Actos Administrativos (act)' is clicked on

2023-03-09 13:45:21 - [TEST_STEP][PASSED] - selectOptionByIndex(findTestObject("2-OBJECTS TAREAS SECUNDARIAS/Pruebas Compensación/Regresion/select_SeleccionePeriodo AbonadoPeriodo CerradoPeriodo en ProcesoPeriodo no Generado"), 3): All options with index in [3] are selected on object 'Object Repository/2-OBJECTS TAREAS SECUNDARIAS/Pruebas Compensación/Regresion/select_SeleccionePeriodo AbonadoPeriodo CerradoPeriodo en ProcesoPeriodo no Generado'

2023-03-09 13:45:24 - [MESSAGE][PASSED] - All options with index in [3] are selected on object 'Object Repository/2-OBJECTS TAREAS SECUNDARIAS/Pruebas Compensación/Regresion/select_SeleccionePeriodo AbonadoPeriodo CerradoPeriodo en ProcesoPeriodo no Generado'

2023-03-09 13:45:24 - [TEST_STEP][PASSED] - click(findTestObject("2-OBJECTS TAREAS SECUNDARIAS/Pruebas Compensación/Regresion/div_Estado_ui-chkbox-box ui-widget ui-corner-all ui-state-default ui-state-hover")): Object: 'Object Repository/2-OBJECTS TAREAS SECUNDARIAS/Pruebas Compensación/Regresion/div_Estado_ui-chkbox-box ui-widget ui-corner-all ui-state-default ui-state-hover' is clicked on

2023-03-09 13:45:25 - [MESSAGE][PASSED] - Object: 'Object Repository/2-OBJECTS TAREAS SECUNDARIAS/Pruebas Compensación/Regresion/div_Estado_ui-chkbox-box ui-widget ui-corner-all ui-state-default ui-state-hover' is clicked on

2023-03-09 13:45:25 - [TEST_STEP][PASSED] - click(findTestObject("2-OBJECTS TAREAS SECUNDARIAS/Pruebas Compensación/Regresion/a_Reliquidacion")): Object: 'Object Repository/2-OBJECTS TAREAS SECUNDARIAS/Pruebas Compensación/Regresion/a_Reliquidacion' is clicked on

2023-03-09 13:45:25 - [MESSAGE][PASSED] - Object: 'Object Repository/2-OBJECTS TAREAS SECUNDARIAS/Pruebas Compensación/Regresion/a_Reliquidacion' is clicked on

2023-03-09 13:45:25 - [TEST_STEP][PASSED] - click(findTestObject("2-OBJECTS TAREAS SECUNDARIAS/Pruebas Compensación/Regresion/span_Si")): Object: 'Object Repository/2-OBJECTS TAREAS SECUNDARIAS/Pruebas Compensación/Regresion/span_Si' is clicked on

2023-03-09 13:45:26 - [MESSAGE][PASSED] - Object: 'Object Repository/2-OBJECTS TAREAS SECUNDARIAS/Pruebas Compensación/Regresion/span_Si' is clicked on

2023-03-09 13:45:26 - [TEST_STEP][PASSED] - click(findTestObject("2-OBJECTS TAREAS SECUNDARIAS/Pruebas Compensación/Regresion/a_Continuar4")): Object: 'Object Repository/2-OBJECTS TAREAS SECUNDARIAS/Pruebas Compensación/Regresion/a_Continuar4' is clicked on

2023-03-09 13:45:30 - [MESSAGE][PASSED] - Object: 'Object Repository/2-OBJECTS TAREAS SECUNDARIAS/Pruebas Compensación/Regresion/a_Continuar4' is clicked on

2023-03-09 13:45:30 - [TEST_STEP][PASSED] - click(findTestObject("2-OBJECTS TAREAS SECUNDARIAS/Pruebas Compensación/Regresion/a_Reversar")): Object: 'Object Repository/2-OBJECTS TAREAS SECUNDARIAS/Pruebas Compensación/Regresion/a_Reversar' is clicked on

2023-03-09 13:45:30 - [MESSAGE][PASSED] - Object: 'Object Repository/2-OBJECTS TAREAS SECUNDARIAS/Pruebas Compensación/Regresion/a_Reversar' is clicked on

2023-03-09 13:45:30 - [TEST_STEP][PASSED] - click(findTestObject("2-OBJECTS TAREAS SECUNDARIAS/Pruebas Compensación/Regresion/span_Si")): Object: 'Object Repository/2-OBJECTS TAREAS SECUNDARIAS/Pruebas Compensación/Regresion/span_Si' is clicked on

2023-03-09 13:45:31 - [MESSAGE][PASSED] - Object: 'Object Repository/2-OBJECTS TAREAS SECUNDARIAS/Pruebas Compensación/Regresion/span_Si' is clicked on

2023-03-09 13:45:31 - [TEST_STEP][PASSED] - ResultRev = getText(findTestObject("3-OBJECTS UTILIDADES/Alerta/Alerta")): Text of object 'Object Repository/3-OBJECTS UTILIDADES/Alerta/Alerta' is: 'Reversión realizada.'

2023-03-09 13:45:32 - [MESSAGE][PASSED] - Text of object 'Object Repository/3-OBJECTS UTILIDADES/Alerta/Alerta' is: 'Reversión realizada.'

2023-03-09 13:45:32 - [TEST_STEP][PASSED] - if (waitForElementVisible(findTestObject("2-OBJECTS TAREAS SECUNDARIAS/Pruebas Compensación/Regresion/td_No se encontr registros"), 2)): null

2023-03-09 13:45:32 - [MESSAGE][PASSED] - Object 'Object Repository/2-OBJECTS TAREAS SECUNDARIAS/Pruebas Compensación/Regresion/td_No se encontr registros' is visible

2023-03-09 13:45:32 - [TEST_STEP][PASSED] - setText(findTestObject("2-OBJECTS TAREAS SECUNDARIAS/Pruebas Compensación/Regresion/input_Empresa 1_form_templatej_idt24_input"), "Actos administrativos (act)"): Text 'Actos administrativos (act)' is set on object 'Object Repository/2-OBJECTS TAREAS SECUNDARIAS/Pruebas Compensación/Regresion/input_Empresa 1_form_templatej_idt24_input'

2023-03-09 13:45:33 - [MESSAGE][PASSED] - Text 'Actos administrativos (act)' is set on object 'Object Repository/2-OBJECTS TAREAS SECUNDARIAS/Pruebas Compensación/Regresion/input_Empresa 1_form_templatej_idt24_input'

2023-03-09 13:45:33 - [TEST_STEP][PASSED] - click(findTestObject("2-OBJECTS TAREAS SECUNDARIAS/Pruebas Compensación/Regresion/span_Actos Administrativos (act)")): Object: 'Object Repository/2-OBJECTS TAREAS SECUNDARIAS/Pruebas Compensación/Regresion/span_Actos Administrativos (act)' is clicked on

2023-03-09 13:45:34 - [MESSAGE][PASSED] - Object: 'Object Repository/2-OBJECTS TAREAS SECUNDARIAS/Pruebas Compensación/Regresion/span_Actos Administrativos (act)' is clicked on

2023-03-09 13:45:34 - [TEST_STEP][PASSED] - click(findTestObject("2-OBJECTS TAREAS SECUNDARIAS/Pruebas Compensación/Regresion/span_Acto cambio del Empleado")): Object: 'Object Repository/2-OBJECTS TAREAS SECUNDARIAS/Pruebas Compensación/Regresion/span_Acto cambio del Empleado' is clicked on

2023-03-09 13:45:37 - [MESSAGE][PASSED] - Object: 'Object Repository/2-OBJECTS TAREAS SECUNDARIAS/Pruebas Compensación/Regresion/span_Acto cambio del Empleado' is clicked on

2023-03-09 13:45:37 - [TEST_STEP][PASSED] - click(findTestObject("2-OBJECTS TAREAS SECUNDARIAS/Pruebas Compensación/Regresion/a_Acto cambio del Empleado_form_ActosAdministrativostabla_principal_10j_idt79")): Object: 'Object Repository/2-OBJECTS TAREAS SECUNDARIAS/Pruebas Compensación/Regresion/a_Acto cambio del Empleado_form_ActosAdministrativostabla_principal_10j_idt79' is clicked on

2023-03-09 13:45:38 - [MESSAGE][PASSED] - Object: 'Object Repository/2-OBJECTS TAREAS SECUNDARIAS/Pruebas Compensación/Regresion/a_Acto cambio del Empleado_form_ActosAdministrativostabla_principal_10j_idt79' is clicked on

2023-03-09 13:45:38 - [TEST_STEP][PASSED] - click(findTestObject("2-OBJECTS TAREAS SECUNDARIAS/Pruebas Compensación/Regresion/span_Nomina")): Object: 'Object Repository/2-OBJECTS TAREAS SECUNDARIAS/Pruebas Compensación/Regresion/span_Nomina' is clicked on

2023-03-09 13:45:38 - [MESSAGE][PASSED] - Object: 'Object Repository/2-OBJECTS TAREAS SECUNDARIAS/Pruebas Compensación/Regresion/span_Nomina' is clicked on

2023-03-09 13:45:38 - [TEST_STEP][PASSED] - click(findTestObject("2-OBJECTS TAREAS SECUNDARIAS/Pruebas Compensación/Regresion/span_cambio de sueldo")): Object: 'Object Repository/2-OBJECTS TAREAS SECUNDARIAS/Pruebas Compensación/Regresion/span_cambio de sueldo' is clicked on

2023-03-09 13:45:39 - [MESSAGE][PASSED] - Object: 'Object Repository/2-OBJECTS TAREAS SECUNDARIAS/Pruebas Compensación/Regresion/span_cambio de sueldo' is clicked on

2023-03-09 13:45:39 - [TEST_STEP][PASSED] - click(findTestObject("2-OBJECTS TAREAS SECUNDARIAS/Pruebas Compensación/Regresion/a_Elaborar")): Object: 'Object Repository/2-OBJECTS TAREAS SECUNDARIAS/Pruebas Compensación/Regresion/a_Elaborar' is clicked on

2023-03-09 13:45:40 - [MESSAGE][PASSED] - Object: 'Object Repository/2-OBJECTS TAREAS SECUNDARIAS/Pruebas Compensación/Regresion/a_Elaborar' is clicked on

2023-03-09 13:45:40 - [TEST_STEP][PASSED] - click(findTestObject("2-OBJECTS TAREAS SECUNDARIAS/Pruebas Compensación/Regresion/a_Contrato_form_actoCambioPuestoj_idt2043")): Object: 'Object Repository/2-OBJECTS TAREAS SECUNDARIAS/Pruebas Compensación/Regresion/a_Contrato_form_actoCambioPuestoj_idt2043' is clicked on

2023-03-09 13:45:41 - [MESSAGE][PASSED] - Object: 'Object Repository/2-OBJECTS TAREAS SECUNDARIAS/Pruebas Compensación/Regresion/a_Contrato_form_actoCambioPuestoj_idt2043' is clicked on

2023-03-09 13:45:41 - [TEST_STEP][PASSED] - setText(findTestObject("2-OBJECTS TAREAS SECUNDARIAS/Pruebas Compensación/Regresion/input_Filtro Empleado_form_popupEmpleadoj_idt1407"), "185101"): Text '185101' is set on object 'Object Repository/2-OBJECTS TAREAS SECUNDARIAS/Pruebas Compensación/Regresion/input_Filtro Empleado_form_popupEmpleadoj_idt1407'

2023-03-09 13:45:42 - [MESSAGE][PASSED] - Text '185101' is set on object 'Object Repository/2-OBJECTS TAREAS SECUNDARIAS/Pruebas Compensación/Regresion/input_Filtro Empleado_form_popupEmpleadoj_idt1407'

2023-03-09 13:45:42 - [TEST_STEP][PASSED] - sendKeys(findTestObject("2-OBJECTS TAREAS SECUNDARIAS/Pruebas Compensación/Regresion/input_Filtro Empleado_form_popupEmpleadoj_idt1407"), Keys.chord(ENTER)): Keys 'ENTER + ' sent to object: 'Object Repository/2-OBJECTS TAREAS SECUNDARIAS/Pruebas Compensación/Regresion/input_Filtro Empleado_form_popupEmpleadoj_idt1407'

2023-03-09 13:45:42 - [MESSAGE][PASSED] - Keys 'ENTER + ' sent to object: 'Object Repository/2-OBJECTS TAREAS SECUNDARIAS/Pruebas Compensación/Regresion/input_Filtro Empleado_form_popupEmpleadoj_idt1407'

2023-03-09 13:45:42 - [TEST_STEP][PASSED] - click(findTestObject("2-OBJECTS TAREAS SECUNDARIAS/Pruebas Compensación/Regresion/span_Mendoza Cabra Empleado")): Object: 'Object Repository/2-OBJECTS TAREAS SECUNDARIAS/Pruebas Compensación/Regresion/span_Mendoza Cabra Empleado' is clicked on

2023-03-09 13:45:43 - [MESSAGE][PASSED] - Object: 'Object Repository/2-OBJECTS TAREAS SECUNDARIAS/Pruebas Compensación/Regresion/span_Mendoza Cabra Empleado' is clicked on

2023-03-09 13:45:43 - [TEST_STEP][PASSED] - click(findTestObject("2-OBJECTS TAREAS SECUNDARIAS/Pruebas Compensación/Regresion/a_Continuar0")): Object: 'Object Repository/2-OBJECTS TAREAS SECUNDARIAS/Pruebas Compensación/Regresion/a_Continuar0' is clicked on

2023-03-09 13:45:44 - [MESSAGE][PASSED] - Object: 'Object Repository/2-OBJECTS TAREAS SECUNDARIAS/Pruebas Compensación/Regresion/a_Continuar0' is clicked on

2023-03-09 13:45:44 - [TEST_STEP][PASSED] - setText(findTestObject("2-OBJECTS TAREAS SECUNDARIAS/Pruebas Compensación/Regresion/input__form_actoCambioPuestoj_idt33530fecha_input"), "01/01/2021"): Text '01/01/2021' is set on object 'Object Repository/2-OBJECTS TAREAS SECUNDARIAS/Pruebas Compensación/Regresion/input__form_actoCambioPuestoj_idt33530fecha_input'

2023-03-09 13:45:45 - [MESSAGE][PASSED] - Text '01/01/2021' is set on object 'Object Repository/2-OBJECTS TAREAS SECUNDARIAS/Pruebas Compensación/Regresion/input__form_actoCambioPuestoj_idt33530fecha_input'

2023-03-09 13:45:45 - [TEST_STEP][PASSED] - setText(findTestObject("2-OBJECTS TAREAS SECUNDARIAS/Pruebas Compensación/Regresion/input_Fecha Documento"), "01/07/2021"): Text '01/07/2021' is set on object 'Object Repository/2-OBJECTS TAREAS SECUNDARIAS/Pruebas Compensación/Regresion/input_Fecha Documento'

2023-03-09 13:45:46 - [MESSAGE][PASSED] - Text '01/07/2021' is set on object 'Object Repository/2-OBJECTS TAREAS SECUNDARIAS/Pruebas Compensación/Regresion/input_Fecha Documento'

2023-03-09 13:45:46 - [TEST_STEP][PASSED] - click(findTestObject("2-OBJECTS TAREAS SECUNDARIAS/Pruebas Compensación/Regresion/a_Continuar1")): Object: 'Object Repository/2-OBJECTS TAREAS SECUNDARIAS/Pruebas Compensación/Regresion/a_Continuar1' is clicked on

2023-03-09 13:45:47 - [MESSAGE][PASSED] - Object: 'Object Repository/2-OBJECTS TAREAS SECUNDARIAS/Pruebas Compensación/Regresion/a_Continuar1' is clicked on

2023-03-09 13:45:47 - [TEST_STEP][PASSED] - Salario2 = getAttribute(findTestObject("2-OBJECTS TAREAS SECUNDARIAS/Pruebas Compensación/Regresion/input_Sueldo_form_actoCambioPuestosueldo"), "Value"): Attribute 'Value' of object 'Object Repository/2-OBJECTS TAREAS SECUNDARIAS/Pruebas Compensación/Regresion/input_Sueldo_form_actoCambioPuestosueldo' is: '689455.00'

2023-03-09 13:45:47 - [MESSAGE][PASSED] - Attribute 'Value' of object 'Object Repository/2-OBJECTS TAREAS SECUNDARIAS/Pruebas Compensación/Regresion/input_Sueldo_form_actoCambioPuestosueldo' is: '689455.00'

2023-03-09 13:45:47 - [TEST_STEP][PASSED] - if (Salario2 == "1300000.00"): null

2023-03-09 13:45:47 - [TEST_STEP][PASSED] - else: Text '1300000' is set on object 'Object Repository/2-OBJECTS TAREAS SECUNDARIAS/Pruebas Compensación/Regresion/input_Sueldo_form_actoCambioPuestosueldo'

2023-03-09 13:45:47 - [TEST_STEP][PASSED] - setText(findTestObject("2-OBJECTS TAREAS SECUNDARIAS/Pruebas Compensación/Regresion/input_Sueldo_form_actoCambioPuestosueldo"), "1300000"): Text '1300000' is set on object 'Object Repository/2-OBJECTS TAREAS SECUNDARIAS/Pruebas Compensación/Regresion/input_Sueldo_form_actoCambioPuestosueldo'

2023-03-09 13:45:48 - [MESSAGE][PASSED] - Text '1300000' is set on object 'Object Repository/2-OBJECTS TAREAS SECUNDARIAS/Pruebas Compensación/Regresion/input_Sueldo_form_actoCambioPuestosueldo'

2023-03-09 13:45:48 - [TEST_STEP][PASSED] - Salario3 = getAttribute(findTestObject("2-OBJECTS TAREAS SECUNDARIAS/Pruebas Compensación/Regresion/input_Sueldo_form_actoCambioPuestosueldo"), "Value"): Attribute 'Value' of object 'Object Repository/2-OBJECTS TAREAS SECUNDARIAS/Pruebas Compensación/Regresion/input_Sueldo_form_actoCambioPuestosueldo' is: '689455.00'

2023-03-09 13:45:48 - [MESSAGE][PASSED] - Attribute 'Value' of object 'Object Repository/2-OBJECTS TAREAS SECUNDARIAS/Pruebas Compensación/Regresion/input_Sueldo_form_actoCambioPuestosueldo' is: '689455.00'

2023-03-09 13:45:48 - [TEST_STEP][PASSED] - click(findTestObject("2-OBJECTS TAREAS SECUNDARIAS/Pruebas Compensación/Regresion/a_Continuar2")): Object: 'Object Repository/2-OBJECTS TAREAS SECUNDARIAS/Pruebas Compensación/Regresion/a_Continuar2' is clicked on

2023-03-09 13:45:49 - [MESSAGE][PASSED] - Object: 'Object Repository/2-OBJECTS TAREAS SECUNDARIAS/Pruebas Compensación/Regresion/a_Continuar2' is clicked on

2023-03-09 13:45:49 - [TEST_STEP][PASSED] - click(findTestObject("2-OBJECTS TAREAS SECUNDARIAS/Pruebas Compensación/Regresion/a_Aplicar0")): Object: 'Object Repository/2-OBJECTS TAREAS SECUNDARIAS/Pruebas Compensación/Regresion/a_Aplicar0' is clicked on

2023-03-09 13:45:50 - [MESSAGE][PASSED] - Object: 'Object Repository/2-OBJECTS TAREAS SECUNDARIAS/Pruebas Compensación/Regresion/a_Aplicar0' is clicked on

2023-03-09 13:45:50 - [TEST_STEP][PASSED] - click(findTestObject("2-OBJECTS TAREAS SECUNDARIAS/Pruebas Compensación/Regresion/span_Si")): Object: 'Object Repository/2-OBJECTS TAREAS SECUNDARIAS/Pruebas Compensación/Regresion/span_Si' is clicked on

2023-03-09 13:45:51 - [MESSAGE][PASSED] - Object: 'Object Repository/2-OBJECTS TAREAS SECUNDARIAS/Pruebas Compensación/Regresion/span_Si' is clicked on

2023-03-09 13:45:51 - [TEST_STEP][PASSED] - click(findTestObject("2-OBJECTS TAREAS SECUNDARIAS/Pruebas Compensación/Regresion/a_Aceptar")): Object: 'Object Repository/2-OBJECTS TAREAS SECUNDARIAS/Pruebas Compensación/Regresion/a_Aceptar' is clicked on

2023-03-09 13:45:52 - [MESSAGE][PASSED] - Object: 'Object Repository/2-OBJECTS TAREAS SECUNDARIAS/Pruebas Compensación/Regresion/a_Aceptar' is clicked on

2023-03-09 13:45:52 - [TEST_STEP][PASSED] - legalizar(): null

2023-03-09 13:45:52 - [TEST_STEP][PASSED] - legalizar = getText(findTestObject("2-OBJECTS TAREAS SECUNDARIAS/Pruebas Compensación/Regresion/a_textico")): Text of object 'Object Repository/2-OBJECTS TAREAS SECUNDARIAS/Pruebas Compensación/Regresion/a_textico' is: 'Elaborar'

2023-03-09 13:45:52 - [MESSAGE][PASSED] - Text of object 'Object Repository/2-OBJECTS TAREAS SECUNDARIAS/Pruebas Compensación/Regresion/a_textico' is: 'Elaborar'

2023-03-09 13:45:52 - [TEST_STEP][PASSED] - legalizar1 = getText(findTestObject("2-OBJECTS TAREAS SECUNDARIAS/Pruebas Compensación/Regresion/a_textico1")): Text of object 'Object Repository/2-OBJECTS TAREAS SECUNDARIAS/Pruebas Compensación/Regresion/a_textico1' is: 'Eliminar'

2023-03-09 13:45:53 - [MESSAGE][PASSED] - Text of object 'Object Repository/2-OBJECTS TAREAS SECUNDARIAS/Pruebas Compensación/Regresion/a_textico1' is: 'Eliminar'

2023-03-09 13:45:53 - [TEST_STEP][PASSED] - legalizar2 = getText(findTestObject("2-OBJECTS TAREAS SECUNDARIAS/Pruebas Compensación/Regresion/a_textico2")): Text of object 'Object Repository/2-OBJECTS TAREAS SECUNDARIAS/Pruebas Compensación/Regresion/a_textico2' is: 'Legalizar'

2023-03-09 13:45:53 - [MESSAGE][PASSED] - Text of object 'Object Repository/2-OBJECTS TAREAS SECUNDARIAS/Pruebas Compensación/Regresion/a_textico2' is: 'Legalizar'

2023-03-09 13:45:53 - [TEST_STEP][PASSED] - legalizar3 = getText(findTestObject("2-OBJECTS TAREAS SECUNDARIAS/Pruebas Compensación/Regresion/a_textico3")): Text of object 'Object Repository/2-OBJECTS TAREAS SECUNDARIAS/Pruebas Compensación/Regresion/a_textico3' is: 'Modificar'

2023-03-09 13:45:53 - [MESSAGE][PASSED] - Text of object 'Object Repository/2-OBJECTS TAREAS SECUNDARIAS/Pruebas Compensación/Regresion/a_textico3' is: 'Modificar'

2023-03-09 13:45:53 - [TEST_STEP][PASSED] - if (legalizar == "Legalizar"): null

2023-03-09 13:45:53 - [TEST_STEP][PASSED] - else if (legalizar1 == "Legalizar"): null

2023-03-09 13:45:53 - [TEST_STEP][PASSED] - else if (legalizar2 == "Legalizar"): Object: 'Object Repository/2-OBJECTS TAREAS SECUNDARIAS/Pruebas Compensación/Regresion/a_iconEliminar2' is clicked on

2023-03-09 13:45:53 - [TEST_STEP][PASSED] - click(findTestObject("2-OBJECTS TAREAS SECUNDARIAS/Pruebas Compensación/Regresion/a_iconEliminar2")): Object: 'Object Repository/2-OBJECTS TAREAS SECUNDARIAS/Pruebas Compensación/Regresion/a_iconEliminar2' is clicked on

2023-03-09 13:45:54 - [MESSAGE][PASSED] - Object: 'Object Repository/2-OBJECTS TAREAS SECUNDARIAS/Pruebas Compensación/Regresion/a_iconEliminar2' is clicked on

2023-03-09 13:45:54 - [TEST_STEP][PASSED] - setText(findTestObject("2-OBJECTS TAREAS SECUNDARIAS/Pruebas Compensación/Regresion/input_Actos Administrativos"), "Cambio De Sueldo"): Text 'Cambio De Sueldo' is set on object 'Object Repository/2-OBJECTS TAREAS SECUNDARIAS/Pruebas Compensación/Regresion/input_Actos Administrativos'

2023-03-09 13:45:55 - [MESSAGE][PASSED] - Text 'Cambio De Sueldo' is set on object 'Object Repository/2-OBJECTS TAREAS SECUNDARIAS/Pruebas Compensación/Regresion/input_Actos Administrativos'

2023-03-09 13:45:55 - [TEST_STEP][PASSED] - sendKeys(findTestObject("2-OBJECTS TAREAS SECUNDARIAS/Pruebas Compensación/Regresion/input_Actos Administrativos"), Keys.chord(ENTER)): Keys 'ENTER + ' sent to object: 'Object Repository/2-OBJECTS TAREAS SECUNDARIAS/Pruebas Compensación/Regresion/input_Actos Administrativos'

2023-03-09 13:45:55 - [MESSAGE][PASSED] - Keys 'ENTER + ' sent to object: 'Object Repository/2-OBJECTS TAREAS SECUNDARIAS/Pruebas Compensación/Regresion/input_Actos Administrativos'

2023-03-09 13:45:55 - [TEST_STEP][PASSED] - resultado = "": null

2023-03-09 13:45:55 - [TEST_STEP][PASSED] - if (waitForElementVisible(findTestObject("2-OBJECTS TAREAS SECUNDARIAS/Pruebas Compensación/Regresion/a_registro1"), 2)): null

2023-03-09 13:45:56 - [MESSAGE][PASSED] - Object 'Object Repository/2-OBJECTS TAREAS SECUNDARIAS/Pruebas Compensación/Regresion/a_registro1' is visible

2023-03-09 13:45:56 - [TEST_STEP][PASSED] - resultado = getText(findTestObject("2-OBJECTS TAREAS SECUNDARIAS/Pruebas Compensación/Regresion/a_registro1")): Text of object 'Object Repository/2-OBJECTS TAREAS SECUNDARIAS/Pruebas Compensación/Regresion/a_registro1' is: 'Cambio De Sueldo'

2023-03-09 13:45:56 - [MESSAGE][PASSED] - Text of object 'Object Repository/2-OBJECTS TAREAS SECUNDARIAS/Pruebas Compensación/Regresion/a_registro1' is: 'Cambio De Sueldo'

2023-03-09 13:45:56 - [TEST_STEP][PASSED] - if (waitForElementVisible(findTestObject("2-OBJECTS TAREAS SECUNDARIAS/Pruebas Compensación/Regresion/a_registro1"), 1)): null

2023-03-09 13:45:57 - [MESSAGE][PASSED] - Object 'Object Repository/2-OBJECTS TAREAS SECUNDARIAS/Pruebas Compensación/Regresion/a_registro1' is visible

2023-03-09 13:45:57 - [TEST_STEP][PASSED] - click(findTestObject("2-OBJECTS TAREAS SECUNDARIAS/Pruebas Compensación/Regresion/a_registro1")): Object: 'Object Repository/2-OBJECTS TAREAS SECUNDARIAS/Pruebas Compensación/Regresion/a_registro1' is clicked on

2023-03-09 13:45:57 - [MESSAGE][PASSED] - Object: 'Object Repository/2-OBJECTS TAREAS SECUNDARIAS/Pruebas Compensación/Regresion/a_registro1' is clicked on

2023-03-09 13:45:57 - [TEST_STEP][PASSED] - if (waitForElementVisible(findTestObject("2-OBJECTS TAREAS SECUNDARIAS/Pruebas Compensación/Regresion/a_Aplicar0"), 1)): null

2023-03-09 13:45:58 - [MESSAGE][PASSED] - Object 'Object Repository/2-OBJECTS TAREAS SECUNDARIAS/Pruebas Compensación/Regresion/a_Aplicar0' is visible

2023-03-09 13:45:58 - [TEST_STEP][PASSED] - click(findTestObject("2-OBJECTS TAREAS SECUNDARIAS/Pruebas Compensación/Regresion/a_Aplicar0")): Object: 'Object Repository/2-OBJECTS TAREAS SECUNDARIAS/Pruebas Compensación/Regresion/a_Aplicar0' is clicked on

2023-03-09 13:45:58 - [MESSAGE][PASSED] - Object: 'Object Repository/2-OBJECTS TAREAS SECUNDARIAS/Pruebas Compensación/Regresion/a_Aplicar0' is clicked on

2023-03-09 13:45:58 - [TEST_STEP][PASSED] - click(findTestObject("2-OBJECTS TAREAS SECUNDARIAS/Pruebas Compensación/Regresion/span_Si")): Object: 'Object Repository/2-OBJECTS TAREAS SECUNDARIAS/Pruebas Compensación/Regresion/span_Si' is clicked on

2023-03-09 13:45:59 - [MESSAGE][PASSED] - Object: 'Object Repository/2-OBJECTS TAREAS SECUNDARIAS/Pruebas Compensación/Regresion/span_Si' is clicked on

2023-03-09 13:45:59 - [TEST_STEP][PASSED] - if (waitForElementVisible(findTestObject("2-OBJECTS TAREAS SECUNDARIAS/Pruebas Compensación/Regresion/a_Aceptar"), 1)): null

2023-03-09 13:46:00 - [MESSAGE][PASSED] - Object 'Object Repository/2-OBJECTS TAREAS SECUNDARIAS/Pruebas Compensación/Regresion/a_Aceptar' is visible

2023-03-09 13:46:00 - [TEST_STEP][PASSED] - click(findTestObject("2-OBJECTS TAREAS SECUNDARIAS/Pruebas Compensación/Regresion/a_Aceptar")): Object: 'Object Repository/2-OBJECTS TAREAS SECUNDARIAS/Pruebas Compensación/Regresion/a_Aceptar' is clicked on

2023-03-09 13:46:00 - [MESSAGE][PASSED] - Object: 'Object Repository/2-OBJECTS TAREAS SECUNDARIAS/Pruebas Compensación/Regresion/a_Aceptar' is clicked on

2023-03-09 13:46:00 - [TEST_STEP][PASSED] - setText(findTestObject("2-OBJECTS TAREAS SECUNDARIAS/Pruebas Compensación/Regresion/input_Empresa 1_form_templatej_idt24_input"), "Generacion Regresion (com)"): Text 'Generacion Regresion (com)' is set on object 'Object Repository/2-OBJECTS TAREAS SECUNDARIAS/Pruebas Compensación/Regresion/input_Empresa 1_form_templatej_idt24_input'

2023-03-09 13:46:02 - [MESSAGE][PASSED] - Text 'Generacion Regresion (com)' is set on object 'Object Repository/2-OBJECTS TAREAS SECUNDARIAS/Pruebas Compensación/Regresion/input_Empresa 1_form_templatej_idt24_input'

2023-03-09 13:46:02 - [TEST_STEP][PASSED] - click(findTestObject("2-OBJECTS TAREAS SECUNDARIAS/Pruebas Compensación/Regresion/span_Actos Administrativos (act)")): Object: 'Object Repository/2-OBJECTS TAREAS SECUNDARIAS/Pruebas Compensación/Regresion/span_Actos Administrativos (act)' is clicked on

2023-03-09 13:46:03 - [MESSAGE][PASSED] - Object: 'Object Repository/2-OBJECTS TAREAS SECUNDARIAS/Pruebas Compensación/Regresion/span_Actos Administrativos (act)' is clicked on

2023-03-09 13:46:03 - [TEST_STEP][PASSED] - click(findTestObject("2-OBJECTS TAREAS SECUNDARIAS/Pruebas Compensación/Regresion/a_Tipo Periodo_j_idt61j_idt96")): Object: 'Object Repository/2-OBJECTS TAREAS SECUNDARIAS/Pruebas Compensación/Regresion/a_Tipo Periodo_j_idt61j_idt96' is clicked on

2023-03-09 13:46:05 - [MESSAGE][PASSED] - Object: 'Object Repository/2-OBJECTS TAREAS SECUNDARIAS/Pruebas Compensación/Regresion/a_Tipo Periodo_j_idt61j_idt96' is clicked on

2023-03-09 13:46:05 - [TEST_STEP][PASSED] - click(findTestObject("2-OBJECTS TAREAS SECUNDARIAS/Pruebas Compensación/Regresion/td_PM202106")): Object: 'Object Repository/2-OBJECTS TAREAS SECUNDARIAS/Pruebas Compensación/Regresion/td_PM202106' is clicked on

2023-03-09 13:46:06 - [MESSAGE][PASSED] - Object: 'Object Repository/2-OBJECTS TAREAS SECUNDARIAS/Pruebas Compensación/Regresion/td_PM202106' is clicked on

2023-03-09 13:46:06 - [TEST_STEP][PASSED] - setText(findTestObject("2-OBJECTS TAREAS SECUNDARIAS/Pruebas Compensación/Regresion/input_Contrato_j_idt61contrato"), "185101"): Text '185101' is set on object 'Object Repository/2-OBJECTS TAREAS SECUNDARIAS/Pruebas Compensación/Regresion/input_Contrato_j_idt61contrato'

2023-03-09 13:46:07 - [MESSAGE][PASSED] - Text '185101' is set on object 'Object Repository/2-OBJECTS TAREAS SECUNDARIAS/Pruebas Compensación/Regresion/input_Contrato_j_idt61contrato'

2023-03-09 13:46:07 - [TEST_STEP][PASSED] - click(findTestObject("2-OBJECTS TAREAS SECUNDARIAS/Pruebas Compensación/Regresion/a_Filtrar")): Object: 'Object Repository/2-OBJECTS TAREAS SECUNDARIAS/Pruebas Compensación/Regresion/a_Filtrar' is clicked on

2023-03-09 13:46:07 - [MESSAGE][PASSED] - Object: 'Object Repository/2-OBJECTS TAREAS SECUNDARIAS/Pruebas Compensación/Regresion/a_Filtrar' is clicked on

2023-03-09 13:46:07 - [TEST_STEP][PASSED] - click(findTestObject("2-OBJECTS TAREAS SECUNDARIAS/Pruebas Compensación/Regresion/span_Adicional_ui-chkbox-icon ui-icon ui-icon-check ui-c"), STOP_ON_FAILURE): Object: 'Object Repository/2-OBJECTS TAREAS SECUNDARIAS/Pruebas Compensación/Regresion/span_Adicional_ui-chkbox-icon ui-icon ui-icon-check ui-c' is clicked on

2023-03-09 13:46:08 - [MESSAGE][PASSED] - Object: 'Object Repository/2-OBJECTS TAREAS SECUNDARIAS/Pruebas Compensación/Regresion/span_Adicional_ui-chkbox-icon ui-icon ui-icon-check ui-c' is clicked on

2023-03-09 13:46:08 - [TEST_STEP][PASSED] - click(findTestObject("2-OBJECTS TAREAS SECUNDARIAS/Pruebas Compensación/Regresion/a_Aplicar")): Object: 'Object Repository/2-OBJECTS TAREAS SECUNDARIAS/Pruebas Compensación/Regresion/a_Aplicar' is clicked on

2023-03-09 13:46:09 - [MESSAGE][PASSED] - Object: 'Object Repository/2-OBJECTS TAREAS SECUNDARIAS/Pruebas Compensación/Regresion/a_Aplicar' is clicked on

2023-03-09 13:46:09 - [TEST_STEP][PASSED] - click(findTestObject("2-OBJECTS TAREAS SECUNDARIAS/Pruebas Compensación/Regresion/span_Si")): Object: 'Object Repository/2-OBJECTS TAREAS SECUNDARIAS/Pruebas Compensación/Regresion/span_Si' is clicked on

2023-03-09 13:46:09 - [MESSAGE][PASSED] - Object: 'Object Repository/2-OBJECTS TAREAS SECUNDARIAS/Pruebas Compensación/Regresion/span_Si' is clicked on

2023-03-09 13:46:09 - [TEST_STEP][PASSED] - waitForElementVisible(findTestObject("2-OBJECTS TAREAS SECUNDARIAS/Pruebas Compensación/Regresion/a_Continuar3"), 0): Object 'Object Repository/2-OBJECTS TAREAS SECUNDARIAS/Pruebas Compensación/Regresion/a_Continuar3' is visible

2023-03-09 13:46:09 - [MESSAGE][WARNING] - Timeout '0' is invalid. Using default page load timeout: '37'

2023-03-09 13:46:13 - [MESSAGE][PASSED] - Object 'Object Repository/2-OBJECTS TAREAS SECUNDARIAS/Pruebas Compensación/Regresion/a_Continuar3' is visible

2023-03-09 13:46:13 - [TEST_STEP][PASSED] - click(findTestObject("2-OBJECTS TAREAS SECUNDARIAS/Pruebas Compensación/Regresion/a_Continuar3"), STOP_ON_FAILURE): Object: 'Object Repository/2-OBJECTS TAREAS SECUNDARIAS/Pruebas Compensación/Regresion/a_Continuar3' is clicked on

2023-03-09 13:46:13 - [MESSAGE][PASSED] - Object: 'Object Repository/2-OBJECTS TAREAS SECUNDARIAS/Pruebas Compensación/Regresion/a_Continuar3' is clicked on

2023-03-09 13:46:13 - [TEST_STEP][PASSED] - click(findTestObject("2-OBJECTS TAREAS SECUNDARIAS/Pruebas Compensación/Regresion/Clowse - Copy")): Object: 'Object Repository/2-OBJECTS TAREAS SECUNDARIAS/Pruebas Compensación/Regresion/Clowse - Copy' is clicked on

2023-03-09 13:46:14 - [MESSAGE][PASSED] - Object: 'Object Repository/2-OBJECTS TAREAS SECUNDARIAS/Pruebas Compensación/Regresion/Clowse - Copy' is clicked on

2023-03-09 13:46:14 - [TEST_STEP][PASSED] - setText(findTestObject("2-OBJECTS TAREAS SECUNDARIAS/Pruebas Compensación/Regresion/input_Empresa 1_form_templatej_idt24_input"), "Mantenimiento Regresion (com)"): Text 'Mantenimiento Regresion (com)' is set on object 'Object Repository/2-OBJECTS TAREAS SECUNDARIAS/Pruebas Compensación/Regresion/input_Empresa 1_form_templatej_idt24_input'

2023-03-09 13:46:15 - [MESSAGE][PASSED] - Text 'Mantenimiento Regresion (com)' is set on object 'Object Repository/2-OBJECTS TAREAS SECUNDARIAS/Pruebas Compensación/Regresion/input_Empresa 1_form_templatej_idt24_input'

2023-03-09 13:46:15 - [TEST_STEP][PASSED] - click(findTestObject("2-OBJECTS TAREAS SECUNDARIAS/Pruebas Compensación/Regresion/span_Actos Administrativos (act)")): Object: 'Object Repository/2-OBJECTS TAREAS SECUNDARIAS/Pruebas Compensación/Regresion/span_Actos Administrativos (act)' is clicked on

2023-03-09 13:46:17 - [MESSAGE][PASSED] - Object: 'Object Repository/2-OBJECTS TAREAS SECUNDARIAS/Pruebas Compensación/Regresion/span_Actos Administrativos (act)' is clicked on

2023-03-09 13:46:17 - [TEST_STEP][PASSED] - selectOptionByIndex(findTestObject("2-OBJECTS TAREAS SECUNDARIAS/Pruebas Compensación/Regresion/select_SeleccionePeriodo AbonadoPeriodo CerradoPeriodo en ProcesoPeriodo no Generado"), 3): All options with index in [3] are selected on object 'Object Repository/2-OBJECTS TAREAS SECUNDARIAS/Pruebas Compensación/Regresion/select_SeleccionePeriodo AbonadoPeriodo CerradoPeriodo en ProcesoPeriodo no Generado'

2023-03-09 13:46:20 - [MESSAGE][PASSED] - All options with index in [3] are selected on object 'Object Repository/2-OBJECTS TAREAS SECUNDARIAS/Pruebas Compensación/Regresion/select_SeleccionePeriodo AbonadoPeriodo CerradoPeriodo en ProcesoPeriodo no Generado'

2023-03-09 13:46:20 - [TEST_STEP][PASSED] - click(findTestObject("2-OBJECTS TAREAS SECUNDARIAS/Pruebas Compensación/Regresion/td_Mendoza Cabra Empleado")): Object: 'Object Repository/2-OBJECTS TAREAS SECUNDARIAS/Pruebas Compensación/Regresion/td_Mendoza Cabra Empleado' is clicked on

2023-03-09 13:46:21 - [MESSAGE][PASSED] - Object: 'Object Repository/2-OBJECTS TAREAS SECUNDARIAS/Pruebas Compensación/Regresion/td_Mendoza Cabra Empleado' is clicked on

2023-03-09 13:46:21 - [TEST_STEP][PASSED] - click(findTestObject("2-OBJECTS TAREAS SECUNDARIAS/Pruebas Compensación/Regresion/a_Reversar")): Object: 'Object Repository/2-OBJECTS TAREAS SECUNDARIAS/Pruebas Compensación/Regresion/a_Reversar' is clicked on

2023-03-09 13:46:22 - [MESSAGE][PASSED] - Object: 'Object Repository/2-OBJECTS TAREAS SECUNDARIAS/Pruebas Compensación/Regresion/a_Reversar' is clicked on

2023-03-09 13:46:22 - [TEST_STEP][PASSED] - setText(findTestObject("2-OBJECTS TAREAS SECUNDARIAS/Pruebas Compensación/Regresion/input_Empresa 1_form_templatej_idt24_input"), "Actos Administrativos (act)"): Text 'Actos Administrativos (act)' is set on object 'Object Repository/2-OBJECTS TAREAS SECUNDARIAS/Pruebas Compensación/Regresion/input_Empresa 1_form_templatej_idt24_input'

2023-03-09 13:46:23 - [MESSAGE][PASSED] - Text 'Actos Administrativos (act)' is set on object 'Object Repository/2-OBJECTS TAREAS SECUNDARIAS/Pruebas Compensación/Regresion/input_Empresa 1_form_templatej_idt24_input'

2023-03-09 13:46:23 - [TEST_STEP][PASSED] - click(findTestObject("2-OBJECTS TAREAS SECUNDARIAS/Pruebas Compensación/Regresion/span_Actos Administrativos (act)")): Object: 'Object Repository/2-OBJECTS TAREAS SECUNDARIAS/Pruebas Compensación/Regresion/span_Actos Administrativos (act)' is clicked on

2023-03-09 13:46:25 - [MESSAGE][PASSED] - Object: 'Object Repository/2-OBJECTS TAREAS SECUNDARIAS/Pruebas Compensación/Regresion/span_Actos Administrativos (act)' is clicked on

2023-03-09 13:46:25 - [TEST_STEP][PASSED] - click(findTestObject("2-OBJECTS TAREAS SECUNDARIAS/Pruebas Compensación/Regresion/span_Acto cambio del Empleado")): Object: 'Object Repository/2-OBJECTS TAREAS SECUNDARIAS/Pruebas Compensación/Regresion/span_Acto cambio del Empleado' is clicked on

2023-03-09 13:46:27 - [MESSAGE][PASSED] - Object: 'Object Repository/2-OBJECTS TAREAS SECUNDARIAS/Pruebas Compensación/Regresion/span_Acto cambio del Empleado' is clicked on

2023-03-09 13:46:27 - [TEST_STEP][PASSED] - click(findTestObject("2-OBJECTS TAREAS SECUNDARIAS/Pruebas Compensación/Regresion/a_Acto cambio del Empleado_form_ActosAdministrativostabla_principal_10j_idt79")): Object: 'Object Repository/2-OBJECTS TAREAS SECUNDARIAS/Pruebas Compensación/Regresion/a_Acto cambio del Empleado_form_ActosAdministrativostabla_principal_10j_idt79' is clicked on

2023-03-09 13:46:28 - [MESSAGE][PASSED] - Object: 'Object Repository/2-OBJECTS TAREAS SECUNDARIAS/Pruebas Compensación/Regresion/a_Acto cambio del Empleado_form_ActosAdministrativostabla_principal_10j_idt79' is clicked on

2023-03-09 13:46:28 - [TEST_STEP][PASSED] - click(findTestObject("2-OBJECTS TAREAS SECUNDARIAS/Pruebas Compensación/Regresion/span_Nomina")): Object: 'Object Repository/2-OBJECTS TAREAS SECUNDARIAS/Pruebas Compensación/Regresion/span_Nomina' is clicked on

2023-03-09 13:46:28 - [MESSAGE][PASSED] - Object: 'Object Repository/2-OBJECTS TAREAS SECUNDARIAS/Pruebas Compensación/Regresion/span_Nomina' is clicked on

2023-03-09 13:46:28 - [TEST_STEP][PASSED] - while (waitForElementVisible(findTestObject("2-OBJECTS TAREAS SECUNDARIAS/Pruebas Compensación/Regresion/span_cambio de sueldo"), 1)): null

2023-03-09 13:46:29 - [MESSAGE][PASSED] - Object 'Object Repository/2-OBJECTS TAREAS SECUNDARIAS/Pruebas Compensación/Regresion/span_cambio de sueldo' is visible

2023-03-09 13:46:29 - [TEST_STEP][PASSED] - click(findTestObject("2-OBJECTS TAREAS SECUNDARIAS/Pruebas Compensación/Regresion/span_cambio de sueldo")): Object: 'Object Repository/2-OBJECTS TAREAS SECUNDARIAS/Pruebas Compensación/Regresion/span_cambio de sueldo' is clicked on

2023-03-09 13:46:29 - [MESSAGE][PASSED] - Object: 'Object Repository/2-OBJECTS TAREAS SECUNDARIAS/Pruebas Compensación/Regresion/span_cambio de sueldo' is clicked on

2023-03-09 13:46:29 - [TEST_STEP][PASSED] - click(findTestObject("2-OBJECTS TAREAS SECUNDARIAS/Pruebas Compensación/Regresion/a_Derogar")): Object: 'Object Repository/2-OBJECTS TAREAS SECUNDARIAS/Pruebas Compensación/Regresion/a_Derogar' is clicked on

2023-03-09 13:46:30 - [MESSAGE][PASSED] - Object: 'Object Repository/2-OBJECTS TAREAS SECUNDARIAS/Pruebas Compensación/Regresion/a_Derogar' is clicked on

2023-03-09 13:46:30 - [TEST_STEP][PASSED] - click(findTestObject("2-OBJECTS TAREAS SECUNDARIAS/Pruebas Compensación/Regresion/a_Contrato_form_popupSeleccionDerogarTrasladoj_idt373")): Object: 'Object Repository/2-OBJECTS TAREAS SECUNDARIAS/Pruebas Compensación/Regresion/a_Contrato_form_popupSeleccionDerogarTrasladoj_idt373' is clicked on

2023-03-09 13:46:31 - [MESSAGE][PASSED] - Object: 'Object Repository/2-OBJECTS TAREAS SECUNDARIAS/Pruebas Compensación/Regresion/a_Contrato_form_popupSeleccionDerogarTrasladoj_idt373' is clicked on

2023-03-09 13:46:31 - [TEST_STEP][PASSED] - setText(findTestObject("2-OBJECTS TAREAS SECUNDARIAS/Pruebas Compensación/Regresion/input_Filtro Empleado_form_popupEmpleadoj_idt896"), "185101"): Text '185101' is set on object 'Object Repository/2-OBJECTS TAREAS SECUNDARIAS/Pruebas Compensación/Regresion/input_Filtro Empleado_form_popupEmpleadoj_idt896'

2023-03-09 13:46:32 - [MESSAGE][PASSED] - Text '185101' is set on object 'Object Repository/2-OBJECTS TAREAS SECUNDARIAS/Pruebas Compensación/Regresion/input_Filtro Empleado_form_popupEmpleadoj_idt896'

2023-03-09 13:46:32 - [TEST_STEP][PASSED] - sendKeys(findTestObject("2-OBJECTS TAREAS SECUNDARIAS/Pruebas Compensación/Regresion/input_Filtro Empleado_form_popupEmpleadoj_idt896"), Keys.chord(ENTER)): Keys 'ENTER + ' sent to object: 'Object Repository/2-OBJECTS TAREAS SECUNDARIAS/Pruebas Compensación/Regresion/input_Filtro Empleado_form_popupEmpleadoj_idt896'

2023-03-09 13:46:32 - [MESSAGE][PASSED] - Keys 'ENTER + ' sent to object: 'Object Repository/2-OBJECTS TAREAS SECUNDARIAS/Pruebas Compensación/Regresion/input_Filtro Empleado_form_popupEmpleadoj_idt896'

2023-03-09 13:46:32 - [TEST_STEP][PASSED] - click(findTestObject("2-OBJECTS TAREAS SECUNDARIAS/Pruebas Compensación/Regresion/span_185101_R")): Object: 'Object Repository/2-OBJECTS TAREAS SECUNDARIAS/Pruebas Compensación/Regresion/span_185101_R' is clicked on

2023-03-09 13:46:33 - [MESSAGE][PASSED] - Object: 'Object Repository/2-OBJECTS TAREAS SECUNDARIAS/Pruebas Compensación/Regresion/span_185101_R' is clicked on

2023-03-09 13:46:33 - [TEST_STEP][PASSED] - if (waitForElementVisible(findTestObject("2-OBJECTS TAREAS SECUNDARIAS/Pruebas Compensación/Regresion/span_Fecha Documento"), 1)): null

2023-03-09 13:46:34 - [MESSAGE][PASSED] - Object 'Object Repository/2-OBJECTS TAREAS SECUNDARIAS/Pruebas Compensación/Regresion/span_Fecha Documento' is visible

2023-03-09 13:46:34 - [TEST_STEP][PASSED] - click(findTestObject("2-OBJECTS TAREAS SECUNDARIAS/Pruebas Compensación/Regresion/span_Fecha Documento")): Object: 'Object Repository/2-OBJECTS TAREAS SECUNDARIAS/Pruebas Compensación/Regresion/span_Fecha Documento' is clicked on

2023-03-09 13:46:35 - [MESSAGE][PASSED] - Object: 'Object Repository/2-OBJECTS TAREAS SECUNDARIAS/Pruebas Compensación/Regresion/span_Fecha Documento' is clicked on

2023-03-09 13:46:35 - [TEST_STEP][PASSED] - selectOptionByIndex(findTestObject("2-OBJECTS TAREAS SECUNDARIAS/Pruebas Compensación/Regresion/select_- No Relacionado1  - Cambio Datos Del Puesto10 - Ingreso Puesto Nuevo11_R"), 2): All options with index in [2] are selected on object 'Object Repository/2-OBJECTS TAREAS SECUNDARIAS/Pruebas Compensación/Regresion/select_- No Relacionado1  - Cambio Datos Del Puesto10 - Ingreso Puesto Nuevo11_R'

2023-03-09 13:46:36 - [MESSAGE][PASSED] - All options with index in [2] are selected on object 'Object Repository/2-OBJECTS TAREAS SECUNDARIAS/Pruebas Compensación/Regresion/select_- No Relacionado1  - Cambio Datos Del Puesto10 - Ingreso Puesto Nuevo11_R'

2023-03-09 13:46:36 - [TEST_STEP][PASSED] - fechaAumento = getText(findTestObject("2-OBJECTS TAREAS SECUNDARIAS/Pruebas Compensación/Regresion/input__form_actoIngresoj_idt9851fecha_input"), STOP_ON_FAILURE): Text of object 'Object Repository/2-OBJECTS TAREAS SECUNDARIAS/Pruebas Compensación/Regresion/input__form_actoIngresoj_idt9851fecha_input' is: ''

2023-03-09 13:46:37 - [MESSAGE][PASSED] - Text of object 'Object Repository/2-OBJECTS TAREAS SECUNDARIAS/Pruebas Compensación/Regresion/input__form_actoIngresoj_idt9851fecha_input' is: ''

2023-03-09 13:46:37 - [TEST_STEP][PASSED] - if (fechaAumento == ""): null

2023-03-09 13:46:37 - [TEST_STEP][PASSED] - setText(findTestObject("2-OBJECTS TAREAS SECUNDARIAS/Pruebas Compensación/Regresion/input__form_actoIngresoj_idt9851fecha_input"), fecha()): null

2023-03-09 13:46:37 - [TEST_STEP][PASSED] - today = new java.util.Date(): null

2023-03-09 13:46:37 - [TEST_STEP][PASSED] - Dia = today.format("dd"): null

2023-03-09 13:46:37 - [TEST_STEP][PASSED] - Mes = today.format("MM"): null

2023-03-09 13:46:37 - [TEST_STEP][PASSED] - Año = today.format("yyyy"): null

2023-03-09 13:46:37 - [TEST_STEP][PASSED] - fecha = Dia + "/" + Mes + "/" + Año: null

2023-03-09 13:46:37 - [MESSAGE][PASSED] - Text '09/03/2023' is set on object 'Object Repository/2-OBJECTS TAREAS SECUNDARIAS/Pruebas Compensación/Regresion/input__form_actoIngresoj_idt9851fecha_input'

2023-03-09 13:46:37 - [TEST_STEP][PASSED] - click(findTestObject("2-OBJECTS TAREAS SECUNDARIAS/Pruebas Compensación/Regresion/a_Continuar_Regresion")): Object: 'Object Repository/2-OBJECTS TAREAS SECUNDARIAS/Pruebas Compensación/Regresion/a_Continuar_Regresion' is clicked on

2023-03-09 13:46:38 - [MESSAGE][PASSED] - Object: 'Object Repository/2-OBJECTS TAREAS SECUNDARIAS/Pruebas Compensación/Regresion/a_Continuar_Regresion' is clicked on

2023-03-09 13:46:38 - [TEST_STEP][PASSED] - click(findTestObject("2-OBJECTS TAREAS SECUNDARIAS/Pruebas Compensación/Regresion/a_Aplicar_Regresion")): Object: 'Object Repository/2-OBJECTS TAREAS SECUNDARIAS/Pruebas Compensación/Regresion/a_Aplicar_Regresion' is clicked on

2023-03-09 13:46:39 - [MESSAGE][PASSED] - Object: 'Object Repository/2-OBJECTS TAREAS SECUNDARIAS/Pruebas Compensación/Regresion/a_Aplicar_Regresion' is clicked on

2023-03-09 13:46:39 - [TEST_STEP][PASSED] - legalizar(): null

2023-03-09 13:46:39 - [TEST_STEP][PASSED] - legalizar = getText(findTestObject("2-OBJECTS TAREAS SECUNDARIAS/Pruebas Compensación/Regresion/a_textico")): Text of object 'Object Repository/2-OBJECTS TAREAS SECUNDARIAS/Pruebas Compensación/Regresion/a_textico' is: 'Elaborar'

2023-03-09 13:46:39 - [MESSAGE][PASSED] - Text of object 'Object Repository/2-OBJECTS TAREAS SECUNDARIAS/Pruebas Compensación/Regresion/a_textico' is: 'Elaborar'

2023-03-09 13:46:39 - [TEST_STEP][PASSED] - legalizar1 = getText(findTestObject("2-OBJECTS TAREAS SECUNDARIAS/Pruebas Compensación/Regresion/a_textico1")): Text of object 'Object Repository/2-OBJECTS TAREAS SECUNDARIAS/Pruebas Compensación/Regresion/a_textico1' is: 'Eliminar'

2023-03-09 13:46:40 - [MESSAGE][PASSED] - Text of object 'Object Repository/2-OBJECTS TAREAS SECUNDARIAS/Pruebas Compensación/Regresion/a_textico1' is: 'Eliminar'

2023-03-09 13:46:40 - [TEST_STEP][PASSED] - legalizar2 = getText(findTestObject("2-OBJECTS TAREAS SECUNDARIAS/Pruebas Compensación/Regresion/a_textico2")): Text of object 'Object Repository/2-OBJECTS TAREAS SECUNDARIAS/Pruebas Compensación/Regresion/a_textico2' is: 'Legalizar'

2023-03-09 13:46:40 - [MESSAGE][PASSED] - Text of object 'Object Repository/2-OBJECTS TAREAS SECUNDARIAS/Pruebas Compensación/Regresion/a_textico2' is: 'Legalizar'

2023-03-09 13:46:40 - [TEST_STEP][PASSED] - legalizar3 = getText(findTestObject("2-OBJECTS TAREAS SECUNDARIAS/Pruebas Compensación/Regresion/a_textico3")): Text of object 'Object Repository/2-OBJECTS TAREAS SECUNDARIAS/Pruebas Compensación/Regresion/a_textico3' is: 'Modificar'

2023-03-09 13:46:40 - [MESSAGE][PASSED] - Text of object 'Object Repository/2-OBJECTS TAREAS SECUNDARIAS/Pruebas Compensación/Regresion/a_textico3' is: 'Modificar'

2023-03-09 13:46:40 - [TEST_STEP][PASSED] - if (legalizar == "Legalizar"): null

2023-03-09 13:46:40 - [TEST_STEP][PASSED] - else if (legalizar1 == "Legalizar"): null

2023-03-09 13:46:40 - [TEST_STEP][PASSED] - else if (legalizar2 == "Legalizar"): Object: 'Object Repository/2-OBJECTS TAREAS SECUNDARIAS/Pruebas Compensación/Regresion/a_iconEliminar2' is clicked on

2023-03-09 13:46:40 - [TEST_STEP][PASSED] - click(findTestObject("2-OBJECTS TAREAS SECUNDARIAS/Pruebas Compensación/Regresion/a_iconEliminar2")): Object: 'Object Repository/2-OBJECTS TAREAS SECUNDARIAS/Pruebas Compensación/Regresion/a_iconEliminar2' is clicked on

2023-03-09 13:46:41 - [MESSAGE][PASSED] - Object: 'Object Repository/2-OBJECTS TAREAS SECUNDARIAS/Pruebas Compensación/Regresion/a_iconEliminar2' is clicked on

2023-03-09 13:46:41 - [TEST_STEP][PASSED] - setText(findTestObject("2-OBJECTS TAREAS SECUNDARIAS/Pruebas Compensación/Regresion/input_Actos Administrativos"), "Cambio De Sueldo"): Text 'Cambio De Sueldo' is set on object 'Object Repository/2-OBJECTS TAREAS SECUNDARIAS/Pruebas Compensación/Regresion/input_Actos Administrativos'

2023-03-09 13:46:42 - [MESSAGE][PASSED] - Text 'Cambio De Sueldo' is set on object 'Object Repository/2-OBJECTS TAREAS SECUNDARIAS/Pruebas Compensación/Regresion/input_Actos Administrativos'

2023-03-09 13:46:42 - [TEST_STEP][PASSED] - sendKeys(findTestObject("2-OBJECTS TAREAS SECUNDARIAS/Pruebas Compensación/Regresion/input_Actos Administrativos"), Keys.chord(ENTER)): Keys 'ENTER + ' sent to object: 'Object Repository/2-OBJECTS TAREAS SECUNDARIAS/Pruebas Compensación/Regresion/input_Actos Administrativos'

2023-03-09 13:46:43 - [MESSAGE][PASSED] - Keys 'ENTER + ' sent to object: 'Object Repository/2-OBJECTS TAREAS SECUNDARIAS/Pruebas Compensación/Regresion/input_Actos Administrativos'

2023-03-09 13:46:43 - [TEST_STEP][PASSED] - resultado = "": null

2023-03-09 13:46:43 - [TEST_STEP][PASSED] - if (waitForElementVisible(findTestObject("2-OBJECTS TAREAS SECUNDARIAS/Pruebas Compensación/Regresion/a_registro1"), 2)): null

2023-03-09 13:46:43 - [MESSAGE][PASSED] - Object 'Object Repository/2-OBJECTS TAREAS SECUNDARIAS/Pruebas Compensación/Regresion/a_registro1' is visible

2023-03-09 13:46:43 - [TEST_STEP][PASSED] - resultado = getText(findTestObject("2-OBJECTS TAREAS SECUNDARIAS/Pruebas Compensación/Regresion/a_registro1")): Text of object 'Object Repository/2-OBJECTS TAREAS SECUNDARIAS/Pruebas Compensación/Regresion/a_registro1' is: 'Cambio De Sueldo'

2023-03-09 13:46:44 - [MESSAGE][PASSED] - Text of object 'Object Repository/2-OBJECTS TAREAS SECUNDARIAS/Pruebas Compensación/Regresion/a_registro1' is: 'Cambio De Sueldo'

2023-03-09 13:46:44 - [TEST_STEP][PASSED] - if (waitForElementVisible(findTestObject("2-OBJECTS TAREAS SECUNDARIAS/Pruebas Compensación/Regresion/a_registro1"), 1)): null

2023-03-09 13:46:44 - [MESSAGE][PASSED] - Object 'Object Repository/2-OBJECTS TAREAS SECUNDARIAS/Pruebas Compensación/Regresion/a_registro1' is visible

2023-03-09 13:46:44 - [TEST_STEP][PASSED] - click(findTestObject("2-OBJECTS TAREAS SECUNDARIAS/Pruebas Compensación/Regresion/a_registro1")): Object: 'Object Repository/2-OBJECTS TAREAS SECUNDARIAS/Pruebas Compensación/Regresion/a_registro1' is clicked on

2023-03-09 13:46:44 - [MESSAGE][PASSED] - Object: 'Object Repository/2-OBJECTS TAREAS SECUNDARIAS/Pruebas Compensación/Regresion/a_registro1' is clicked on

2023-03-09 13:46:44 - [TEST_STEP][PASSED] - if (waitForElementVisible(findTestObject("2-OBJECTS TAREAS SECUNDARIAS/Pruebas Compensación/Regresion/a_Aplicar0"), 1)): Web element with id: 'Object Repository/2-OBJECTS TAREAS SECUNDARIAS/Pruebas Compensación/Regresion/a_Aplicar0' located by '//*/text()[normalize-space(.)='Aplicar']/parent::*' not found

2023-03-09 13:46:46 - [MESSAGE][INFO] - Unable to find the element located by 'By.xpath: //*/text()[normalize-space(.)='Aplicar']/parent::*'. Please recheck the objects properties to make sure the desired element is located. 

2023-03-09 13:46:46 - [MESSAGE][WARNING] - Web element with id: 'Object Repository/2-OBJECTS TAREAS SECUNDARIAS/Pruebas Compensación/Regresion/a_Aplicar0' located by '//*/text()[normalize-space(.)='Aplicar']/parent::*' not found

2023-03-09 13:46:46 - [TEST_STEP][PASSED] - else: Object 'Object Repository/2-OBJECTS TAREAS SECUNDARIAS/Pruebas Compensación/Regresion/span_cambio de sueldo' is visible

2023-03-09 13:46:46 - [TEST_STEP][PASSED] - click(findTestObject("2-OBJECTS TAREAS SECUNDARIAS/Pruebas Compensación/Regresion/a_Continuar0")): Object: 'Object Repository/2-OBJECTS TAREAS SECUNDARIAS/Pruebas Compensación/Regresion/a_Continuar0' is clicked on

2023-03-09 13:46:47 - [MESSAGE][PASSED] - Object: 'Object Repository/2-OBJECTS TAREAS SECUNDARIAS/Pruebas Compensación/Regresion/a_Continuar0' is clicked on

2023-03-09 13:46:47 - [TEST_STEP][PASSED] - click(findTestObject("2-OBJECTS TAREAS SECUNDARIAS/Pruebas Compensación/Regresion/a_Aplicar0")): Object: 'Object Repository/2-OBJECTS TAREAS SECUNDARIAS/Pruebas Compensación/Regresion/a_Aplicar0' is clicked on

2023-03-09 13:46:48 - [MESSAGE][PASSED] - Object: 'Object Repository/2-OBJECTS TAREAS SECUNDARIAS/Pruebas Compensación/Regresion/a_Aplicar0' is clicked on

2023-03-09 13:46:48 - [TEST_STEP][PASSED] - click(findTestObject("2-OBJECTS TAREAS SECUNDARIAS/Pruebas Compensación/Regresion/a_Acto cambio del Empleado_form_ActosAdministrativostabla_principal_10j_idt79")): Object: 'Object Repository/2-OBJECTS TAREAS SECUNDARIAS/Pruebas Compensación/Regresion/a_Acto cambio del Empleado_form_ActosAdministrativostabla_principal_10j_idt79' is clicked on

2023-03-09 13:46:48 - [MESSAGE][PASSED] - Object: 'Object Repository/2-OBJECTS TAREAS SECUNDARIAS/Pruebas Compensación/Regresion/a_Acto cambio del Empleado_form_ActosAdministrativostabla_principal_10j_idt79' is clicked on

2023-03-09 13:46:48 - [TEST_STEP][PASSED] - click(findTestObject("2-OBJECTS TAREAS SECUNDARIAS/Pruebas Compensación/Regresion/span_Nomina")): Object 'Object Repository/2-OBJECTS TAREAS SECUNDARIAS/Pruebas Compensación/Regresion/span_cambio de sueldo' is visible

2023-03-09 13:46:49 - [MESSAGE][PASSED] - Object: 'Object Repository/2-OBJECTS TAREAS SECUNDARIAS/Pruebas Compensación/Regresion/span_Nomina' is clicked on

2023-03-09 13:46:50 - [MESSAGE][PASSED] - Object 'Object Repository/2-OBJECTS TAREAS SECUNDARIAS/Pruebas Compensación/Regresion/span_cambio de sueldo' is visible

2023-03-09 13:46:50 - [TEST_STEP][PASSED] - click(findTestObject("2-OBJECTS TAREAS SECUNDARIAS/Pruebas Compensación/Regresion/span_cambio de sueldo")): Object: 'Object Repository/2-OBJECTS TAREAS SECUNDARIAS/Pruebas Compensación/Regresion/span_cambio de sueldo' is clicked on

2023-03-09 13:46:50 - [MESSAGE][PASSED] - Object: 'Object Repository/2-OBJECTS TAREAS SECUNDARIAS/Pruebas Compensación/Regresion/span_cambio de sueldo' is clicked on

2023-03-09 13:46:50 - [TEST_STEP][PASSED] - click(findTestObject("2-OBJECTS TAREAS SECUNDARIAS/Pruebas Compensación/Regresion/a_Derogar")): Object: 'Object Repository/2-OBJECTS TAREAS SECUNDARIAS/Pruebas Compensación/Regresion/a_Derogar' is clicked on

2023-03-09 13:46:51 - [MESSAGE][PASSED] - Object: 'Object Repository/2-OBJECTS TAREAS SECUNDARIAS/Pruebas Compensación/Regresion/a_Derogar' is clicked on

2023-03-09 13:46:51 - [TEST_STEP][PASSED] - click(findTestObject("2-OBJECTS TAREAS SECUNDARIAS/Pruebas Compensación/Regresion/a_Contrato_form_popupSeleccionDerogarTrasladoj_idt373")): Object: 'Object Repository/2-OBJECTS TAREAS SECUNDARIAS/Pruebas Compensación/Regresion/a_Contrato_form_popupSeleccionDerogarTrasladoj_idt373' is clicked on

2023-03-09 13:46:51 - [MESSAGE][PASSED] - Object: 'Object Repository/2-OBJECTS TAREAS SECUNDARIAS/Pruebas Compensación/Regresion/a_Contrato_form_popupSeleccionDerogarTrasladoj_idt373' is clicked on

2023-03-09 13:46:51 - [TEST_STEP][PASSED] - setText(findTestObject("2-OBJECTS TAREAS SECUNDARIAS/Pruebas Compensación/Regresion/input_Filtro Empleado_form_popupEmpleadoj_idt896"), "185101"): Text '185101' is set on object 'Object Repository/2-OBJECTS TAREAS SECUNDARIAS/Pruebas Compensación/Regresion/input_Filtro Empleado_form_popupEmpleadoj_idt896'

2023-03-09 13:46:53 - [MESSAGE][PASSED] - Text '185101' is set on object 'Object Repository/2-OBJECTS TAREAS SECUNDARIAS/Pruebas Compensación/Regresion/input_Filtro Empleado_form_popupEmpleadoj_idt896'

2023-03-09 13:46:53 - [TEST_STEP][PASSED] - sendKeys(findTestObject("2-OBJECTS TAREAS SECUNDARIAS/Pruebas Compensación/Regresion/input_Filtro Empleado_form_popupEmpleadoj_idt896"), Keys.chord(ENTER)): Keys 'ENTER + ' sent to object: 'Object Repository/2-OBJECTS TAREAS SECUNDARIAS/Pruebas Compensación/Regresion/input_Filtro Empleado_form_popupEmpleadoj_idt896'

2023-03-09 13:46:53 - [MESSAGE][PASSED] - Keys 'ENTER + ' sent to object: 'Object Repository/2-OBJECTS TAREAS SECUNDARIAS/Pruebas Compensación/Regresion/input_Filtro Empleado_form_popupEmpleadoj_idt896'

2023-03-09 13:46:53 - [TEST_STEP][PASSED] - click(findTestObject("2-OBJECTS TAREAS SECUNDARIAS/Pruebas Compensación/Regresion/span_185101_R")): Object: 'Object Repository/2-OBJECTS TAREAS SECUNDARIAS/Pruebas Compensación/Regresion/span_185101_R' is clicked on

2023-03-09 13:46:54 - [MESSAGE][PASSED] - Object: 'Object Repository/2-OBJECTS TAREAS SECUNDARIAS/Pruebas Compensación/Regresion/span_185101_R' is clicked on

2023-03-09 13:46:54 - [TEST_STEP][PASSED] - if (waitForElementVisible(findTestObject("2-OBJECTS TAREAS SECUNDARIAS/Pruebas Compensación/Regresion/span_Fecha Documento"), 1)): null

2023-03-09 13:46:55 - [MESSAGE][PASSED] - Object 'Object Repository/2-OBJECTS TAREAS SECUNDARIAS/Pruebas Compensación/Regresion/span_Fecha Documento' is visible

2023-03-09 13:46:55 - [TEST_STEP][PASSED] - click(findTestObject("2-OBJECTS TAREAS SECUNDARIAS/Pruebas Compensación/Regresion/span_Fecha Documento")): Object: 'Object Repository/2-OBJECTS TAREAS SECUNDARIAS/Pruebas Compensación/Regresion/span_Fecha Documento' is clicked on

2023-03-09 13:46:55 - [MESSAGE][PASSED] - Object: 'Object Repository/2-OBJECTS TAREAS SECUNDARIAS/Pruebas Compensación/Regresion/span_Fecha Documento' is clicked on

2023-03-09 13:46:55 - [TEST_STEP][PASSED] - selectOptionByIndex(findTestObject("2-OBJECTS TAREAS SECUNDARIAS/Pruebas Compensación/Regresion/select_- No Relacionado1  - Cambio Datos Del Puesto10 - Ingreso Puesto Nuevo11_R"), 2): All options with index in [2] are selected on object 'Object Repository/2-OBJECTS TAREAS SECUNDARIAS/Pruebas Compensación/Regresion/select_- No Relacionado1  - Cambio Datos Del Puesto10 - Ingreso Puesto Nuevo11_R'

2023-03-09 13:46:57 - [MESSAGE][PASSED] - All options with index in [2] are selected on object 'Object Repository/2-OBJECTS TAREAS SECUNDARIAS/Pruebas Compensación/Regresion/select_- No Relacionado1  - Cambio Datos Del Puesto10 - Ingreso Puesto Nuevo11_R'

2023-03-09 13:46:57 - [TEST_STEP][PASSED] - fechaAumento = getText(findTestObject("2-OBJECTS TAREAS SECUNDARIAS/Pruebas Compensación/Regresion/input__form_actoIngresoj_idt9851fecha_input"), STOP_ON_FAILURE): Text of object 'Object Repository/2-OBJECTS TAREAS SECUNDARIAS/Pruebas Compensación/Regresion/input__form_actoIngresoj_idt9851fecha_input' is: ''

2023-03-09 13:46:57 - [MESSAGE][PASSED] - Text of object 'Object Repository/2-OBJECTS TAREAS SECUNDARIAS/Pruebas Compensación/Regresion/input__form_actoIngresoj_idt9851fecha_input' is: ''

2023-03-09 13:46:57 - [TEST_STEP][PASSED] - if (fechaAumento == ""): null

2023-03-09 13:46:57 - [TEST_STEP][PASSED] - setText(findTestObject("2-OBJECTS TAREAS SECUNDARIAS/Pruebas Compensación/Regresion/input__form_actoIngresoj_idt9851fecha_input"), fecha()): null

2023-03-09 13:46:57 - [TEST_STEP][PASSED] - today = new java.util.Date(): null

2023-03-09 13:46:57 - [TEST_STEP][PASSED] - Dia = today.format("dd"): null

2023-03-09 13:46:57 - [TEST_STEP][PASSED] - Mes = today.format("MM"): null

2023-03-09 13:46:57 - [TEST_STEP][PASSED] - Año = today.format("yyyy"): null

2023-03-09 13:46:57 - [TEST_STEP][PASSED] - fecha = Dia + "/" + Mes + "/" + Año: null

2023-03-09 13:46:58 - [MESSAGE][PASSED] - Text '09/03/2023' is set on object 'Object Repository/2-OBJECTS TAREAS SECUNDARIAS/Pruebas Compensación/Regresion/input__form_actoIngresoj_idt9851fecha_input'

2023-03-09 13:46:58 - [TEST_STEP][PASSED] - click(findTestObject("2-OBJECTS TAREAS SECUNDARIAS/Pruebas Compensación/Regresion/a_Continuar_Regresion")): Object: 'Object Repository/2-OBJECTS TAREAS SECUNDARIAS/Pruebas Compensación/Regresion/a_Continuar_Regresion' is clicked on

2023-03-09 13:46:58 - [MESSAGE][PASSED] - Object: 'Object Repository/2-OBJECTS TAREAS SECUNDARIAS/Pruebas Compensación/Regresion/a_Continuar_Regresion' is clicked on

2023-03-09 13:46:58 - [TEST_STEP][PASSED] - click(findTestObject("2-OBJECTS TAREAS SECUNDARIAS/Pruebas Compensación/Regresion/a_Aplicar_Regresion")): Object: 'Object Repository/2-OBJECTS TAREAS SECUNDARIAS/Pruebas Compensación/Regresion/a_Aplicar_Regresion' is clicked on

2023-03-09 13:46:59 - [MESSAGE][PASSED] - Object: 'Object Repository/2-OBJECTS TAREAS SECUNDARIAS/Pruebas Compensación/Regresion/a_Aplicar_Regresion' is clicked on

2023-03-09 13:46:59 - [TEST_STEP][PASSED] - legalizar(): null

2023-03-09 13:46:59 - [TEST_STEP][PASSED] - legalizar = getText(findTestObject("2-OBJECTS TAREAS SECUNDARIAS/Pruebas Compensación/Regresion/a_textico")): Text of object 'Object Repository/2-OBJECTS TAREAS SECUNDARIAS/Pruebas Compensación/Regresion/a_textico' is: 'Elaborar'

2023-03-09 13:47:00 - [MESSAGE][PASSED] - Text of object 'Object Repository/2-OBJECTS TAREAS SECUNDARIAS/Pruebas Compensación/Regresion/a_textico' is: 'Elaborar'

2023-03-09 13:47:00 - [TEST_STEP][PASSED] - legalizar1 = getText(findTestObject("2-OBJECTS TAREAS SECUNDARIAS/Pruebas Compensación/Regresion/a_textico1")): Text of object 'Object Repository/2-OBJECTS TAREAS SECUNDARIAS/Pruebas Compensación/Regresion/a_textico1' is: 'Eliminar'

2023-03-09 13:47:00 - [MESSAGE][PASSED] - Text of object 'Object Repository/2-OBJECTS TAREAS SECUNDARIAS/Pruebas Compensación/Regresion/a_textico1' is: 'Eliminar'

2023-03-09 13:47:00 - [TEST_STEP][PASSED] - legalizar2 = getText(findTestObject("2-OBJECTS TAREAS SECUNDARIAS/Pruebas Compensación/Regresion/a_textico2")): Text of object 'Object Repository/2-OBJECTS TAREAS SECUNDARIAS/Pruebas Compensación/Regresion/a_textico2' is: 'Legalizar'

2023-03-09 13:47:00 - [MESSAGE][PASSED] - Text of object 'Object Repository/2-OBJECTS TAREAS SECUNDARIAS/Pruebas Compensación/Regresion/a_textico2' is: 'Legalizar'

2023-03-09 13:47:00 - [TEST_STEP][PASSED] - legalizar3 = getText(findTestObject("2-OBJECTS TAREAS SECUNDARIAS/Pruebas Compensación/Regresion/a_textico3")): Text of object 'Object Repository/2-OBJECTS TAREAS SECUNDARIAS/Pruebas Compensación/Regresion/a_textico3' is: 'Modificar'

2023-03-09 13:47:01 - [MESSAGE][PASSED] - Text of object 'Object Repository/2-OBJECTS TAREAS SECUNDARIAS/Pruebas Compensación/Regresion/a_textico3' is: 'Modificar'

2023-03-09 13:47:01 - [TEST_STEP][PASSED] - if (legalizar == "Legalizar"): null

2023-03-09 13:47:01 - [TEST_STEP][PASSED] - else if (legalizar1 == "Legalizar"): null

2023-03-09 13:47:01 - [TEST_STEP][PASSED] - else if (legalizar2 == "Legalizar"): Object: 'Object Repository/2-OBJECTS TAREAS SECUNDARIAS/Pruebas Compensación/Regresion/a_iconEliminar2' is clicked on

2023-03-09 13:47:01 - [TEST_STEP][PASSED] - click(findTestObject("2-OBJECTS TAREAS SECUNDARIAS/Pruebas Compensación/Regresion/a_iconEliminar2")): Object: 'Object Repository/2-OBJECTS TAREAS SECUNDARIAS/Pruebas Compensación/Regresion/a_iconEliminar2' is clicked on

2023-03-09 13:47:01 - [MESSAGE][PASSED] - Object: 'Object Repository/2-OBJECTS TAREAS SECUNDARIAS/Pruebas Compensación/Regresion/a_iconEliminar2' is clicked on

2023-03-09 13:47:01 - [TEST_STEP][PASSED] - setText(findTestObject("2-OBJECTS TAREAS SECUNDARIAS/Pruebas Compensación/Regresion/input_Actos Administrativos"), "Cambio De Sueldo"): Text 'Cambio De Sueldo' is set on object 'Object Repository/2-OBJECTS TAREAS SECUNDARIAS/Pruebas Compensación/Regresion/input_Actos Administrativos'

2023-03-09 13:47:03 - [MESSAGE][PASSED] - Text 'Cambio De Sueldo' is set on object 'Object Repository/2-OBJECTS TAREAS SECUNDARIAS/Pruebas Compensación/Regresion/input_Actos Administrativos'

2023-03-09 13:47:03 - [TEST_STEP][PASSED] - sendKeys(findTestObject("2-OBJECTS TAREAS SECUNDARIAS/Pruebas Compensación/Regresion/input_Actos Administrativos"), Keys.chord(ENTER)): Keys 'ENTER + ' sent to object: 'Object Repository/2-OBJECTS TAREAS SECUNDARIAS/Pruebas Compensación/Regresion/input_Actos Administrativos'

2023-03-09 13:47:03 - [MESSAGE][PASSED] - Keys 'ENTER + ' sent to object: 'Object Repository/2-OBJECTS TAREAS SECUNDARIAS/Pruebas Compensación/Regresion/input_Actos Administrativos'

2023-03-09 13:47:03 - [TEST_STEP][PASSED] - resultado = "": null

2023-03-09 13:47:03 - [TEST_STEP][PASSED] - if (waitForElementVisible(findTestObject("2-OBJECTS TAREAS SECUNDARIAS/Pruebas Compensación/Regresion/a_registro1"), 2)): null

2023-03-09 13:47:04 - [MESSAGE][PASSED] - Object 'Object Repository/2-OBJECTS TAREAS SECUNDARIAS/Pruebas Compensación/Regresion/a_registro1' is visible

2023-03-09 13:47:04 - [TEST_STEP][PASSED] - resultado = getText(findTestObject("2-OBJECTS TAREAS SECUNDARIAS/Pruebas Compensación/Regresion/a_registro1")): Text of object 'Object Repository/2-OBJECTS TAREAS SECUNDARIAS/Pruebas Compensación/Regresion/a_registro1' is: 'Cambio De Sueldo'

2023-03-09 13:47:04 - [MESSAGE][PASSED] - Text of object 'Object Repository/2-OBJECTS TAREAS SECUNDARIAS/Pruebas Compensación/Regresion/a_registro1' is: 'Cambio De Sueldo'

2023-03-09 13:47:04 - [TEST_STEP][PASSED] - if (waitForElementVisible(findTestObject("2-OBJECTS TAREAS SECUNDARIAS/Pruebas Compensación/Regresion/a_registro1"), 1)): null

2023-03-09 13:47:04 - [MESSAGE][PASSED] - Object 'Object Repository/2-OBJECTS TAREAS SECUNDARIAS/Pruebas Compensación/Regresion/a_registro1' is visible

2023-03-09 13:47:04 - [TEST_STEP][PASSED] - click(findTestObject("2-OBJECTS TAREAS SECUNDARIAS/Pruebas Compensación/Regresion/a_registro1")): Object: 'Object Repository/2-OBJECTS TAREAS SECUNDARIAS/Pruebas Compensación/Regresion/a_registro1' is clicked on

2023-03-09 13:47:05 - [MESSAGE][PASSED] - Object: 'Object Repository/2-OBJECTS TAREAS SECUNDARIAS/Pruebas Compensación/Regresion/a_registro1' is clicked on

2023-03-09 13:47:05 - [TEST_STEP][PASSED] - if (waitForElementVisible(findTestObject("2-OBJECTS TAREAS SECUNDARIAS/Pruebas Compensación/Regresion/a_Aplicar0"), 1)): Web element with id: 'Object Repository/2-OBJECTS TAREAS SECUNDARIAS/Pruebas Compensación/Regresion/a_Aplicar0' located by '//*/text()[normalize-space(.)='Aplicar']/parent::*' not found

2023-03-09 13:47:07 - [MESSAGE][INFO] - Unable to find the element located by 'By.xpath: //*/text()[normalize-space(.)='Aplicar']/parent::*'. Please recheck the objects properties to make sure the desired element is located. 

2023-03-09 13:47:07 - [MESSAGE][WARNING] - Web element with id: 'Object Repository/2-OBJECTS TAREAS SECUNDARIAS/Pruebas Compensación/Regresion/a_Aplicar0' located by '//*/text()[normalize-space(.)='Aplicar']/parent::*' not found

2023-03-09 13:47:07 - [TEST_STEP][PASSED] - else: Object 'Object Repository/2-OBJECTS TAREAS SECUNDARIAS/Pruebas Compensación/Regresion/span_cambio de sueldo' is visible

2023-03-09 13:47:07 - [TEST_STEP][PASSED] - click(findTestObject("2-OBJECTS TAREAS SECUNDARIAS/Pruebas Compensación/Regresion/a_Continuar0")): Object: 'Object Repository/2-OBJECTS TAREAS SECUNDARIAS/Pruebas Compensación/Regresion/a_Continuar0' is clicked on

2023-03-09 13:47:07 - [MESSAGE][PASSED] - Object: 'Object Repository/2-OBJECTS TAREAS SECUNDARIAS/Pruebas Compensación/Regresion/a_Continuar0' is clicked on

2023-03-09 13:47:07 - [TEST_STEP][PASSED] - click(findTestObject("2-OBJECTS TAREAS SECUNDARIAS/Pruebas Compensación/Regresion/a_Aplicar0")): Object: 'Object Repository/2-OBJECTS TAREAS SECUNDARIAS/Pruebas Compensación/Regresion/a_Aplicar0' is clicked on

2023-03-09 13:47:08 - [MESSAGE][PASSED] - Object: 'Object Repository/2-OBJECTS TAREAS SECUNDARIAS/Pruebas Compensación/Regresion/a_Aplicar0' is clicked on

2023-03-09 13:47:08 - [TEST_STEP][PASSED] - click(findTestObject("2-OBJECTS TAREAS SECUNDARIAS/Pruebas Compensación/Regresion/a_Acto cambio del Empleado_form_ActosAdministrativostabla_principal_10j_idt79")): Object: 'Object Repository/2-OBJECTS TAREAS SECUNDARIAS/Pruebas Compensación/Regresion/a_Acto cambio del Empleado_form_ActosAdministrativostabla_principal_10j_idt79' is clicked on

2023-03-09 13:47:09 - [MESSAGE][PASSED] - Object: 'Object Repository/2-OBJECTS TAREAS SECUNDARIAS/Pruebas Compensación/Regresion/a_Acto cambio del Empleado_form_ActosAdministrativostabla_principal_10j_idt79' is clicked on

2023-03-09 13:47:09 - [TEST_STEP][PASSED] - click(findTestObject("2-OBJECTS TAREAS SECUNDARIAS/Pruebas Compensación/Regresion/span_Nomina")): Object 'Object Repository/2-OBJECTS TAREAS SECUNDARIAS/Pruebas Compensación/Regresion/span_cambio de sueldo' is visible

2023-03-09 13:47:09 - [MESSAGE][PASSED] - Object: 'Object Repository/2-OBJECTS TAREAS SECUNDARIAS/Pruebas Compensación/Regresion/span_Nomina' is clicked on

2023-03-09 13:47:10 - [MESSAGE][PASSED] - Object 'Object Repository/2-OBJECTS TAREAS SECUNDARIAS/Pruebas Compensación/Regresion/span_cambio de sueldo' is visible

2023-03-09 13:47:10 - [TEST_STEP][PASSED] - click(findTestObject("2-OBJECTS TAREAS SECUNDARIAS/Pruebas Compensación/Regresion/span_cambio de sueldo")): Object: 'Object Repository/2-OBJECTS TAREAS SECUNDARIAS/Pruebas Compensación/Regresion/span_cambio de sueldo' is clicked on

2023-03-09 13:47:10 - [MESSAGE][PASSED] - Object: 'Object Repository/2-OBJECTS TAREAS SECUNDARIAS/Pruebas Compensación/Regresion/span_cambio de sueldo' is clicked on

2023-03-09 13:47:10 - [TEST_STEP][PASSED] - click(findTestObject("2-OBJECTS TAREAS SECUNDARIAS/Pruebas Compensación/Regresion/a_Derogar")): Object: 'Object Repository/2-OBJECTS TAREAS SECUNDARIAS/Pruebas Compensación/Regresion/a_Derogar' is clicked on

2023-03-09 13:47:11 - [MESSAGE][PASSED] - Object: 'Object Repository/2-OBJECTS TAREAS SECUNDARIAS/Pruebas Compensación/Regresion/a_Derogar' is clicked on

2023-03-09 13:47:11 - [TEST_STEP][PASSED] - click(findTestObject("2-OBJECTS TAREAS SECUNDARIAS/Pruebas Compensación/Regresion/a_Contrato_form_popupSeleccionDerogarTrasladoj_idt373")): Object: 'Object Repository/2-OBJECTS TAREAS SECUNDARIAS/Pruebas Compensación/Regresion/a_Contrato_form_popupSeleccionDerogarTrasladoj_idt373' is clicked on

2023-03-09 13:47:12 - [MESSAGE][PASSED] - Object: 'Object Repository/2-OBJECTS TAREAS SECUNDARIAS/Pruebas Compensación/Regresion/a_Contrato_form_popupSeleccionDerogarTrasladoj_idt373' is clicked on

2023-03-09 13:47:12 - [TEST_STEP][PASSED] - setText(findTestObject("2-OBJECTS TAREAS SECUNDARIAS/Pruebas Compensación/Regresion/input_Filtro Empleado_form_popupEmpleadoj_idt896"), "185101"): Text '185101' is set on object 'Object Repository/2-OBJECTS TAREAS SECUNDARIAS/Pruebas Compensación/Regresion/input_Filtro Empleado_form_popupEmpleadoj_idt896'

2023-03-09 13:47:13 - [MESSAGE][PASSED] - Text '185101' is set on object 'Object Repository/2-OBJECTS TAREAS SECUNDARIAS/Pruebas Compensación/Regresion/input_Filtro Empleado_form_popupEmpleadoj_idt896'

2023-03-09 13:47:13 - [TEST_STEP][PASSED] - sendKeys(findTestObject("2-OBJECTS TAREAS SECUNDARIAS/Pruebas Compensación/Regresion/input_Filtro Empleado_form_popupEmpleadoj_idt896"), Keys.chord(ENTER)): Keys 'ENTER + ' sent to object: 'Object Repository/2-OBJECTS TAREAS SECUNDARIAS/Pruebas Compensación/Regresion/input_Filtro Empleado_form_popupEmpleadoj_idt896'

2023-03-09 13:47:14 - [MESSAGE][PASSED] - Keys 'ENTER + ' sent to object: 'Object Repository/2-OBJECTS TAREAS SECUNDARIAS/Pruebas Compensación/Regresion/input_Filtro Empleado_form_popupEmpleadoj_idt896'

2023-03-09 13:47:14 - [TEST_STEP][PASSED] - click(findTestObject("2-OBJECTS TAREAS SECUNDARIAS/Pruebas Compensación/Regresion/span_185101_R")): Object: 'Object Repository/2-OBJECTS TAREAS SECUNDARIAS/Pruebas Compensación/Regresion/span_185101_R' is clicked on

2023-03-09 13:47:14 - [MESSAGE][PASSED] - Object: 'Object Repository/2-OBJECTS TAREAS SECUNDARIAS/Pruebas Compensación/Regresion/span_185101_R' is clicked on

2023-03-09 13:47:14 - [TEST_STEP][PASSED] - if (waitForElementVisible(findTestObject("2-OBJECTS TAREAS SECUNDARIAS/Pruebas Compensación/Regresion/span_Fecha Documento"), 1)): Web element with id: 'Object Repository/2-OBJECTS TAREAS SECUNDARIAS/Pruebas Compensación/Regresion/span_Fecha Documento' located by '//*/text()[normalize-space(.)='Fecha Documento']/parent::*' not found

2023-03-09 13:47:16 - [MESSAGE][INFO] - Unable to find the element located by 'By.xpath: //*/text()[normalize-space(.)='Fecha Documento']/parent::*'. Please recheck the objects properties to make sure the desired element is located. 

2023-03-09 13:47:16 - [MESSAGE][WARNING] - Web element with id: 'Object Repository/2-OBJECTS TAREAS SECUNDARIAS/Pruebas Compensación/Regresion/span_Fecha Documento' located by '//*/text()[normalize-space(.)='Fecha Documento']/parent::*' not found

2023-03-09 13:47:16 - [TEST_STEP][PASSED] - else: null

2023-03-09 13:47:16 - [TEST_STEP][PASSED] - click(findTestObject("2-OBJECTS TAREAS SECUNDARIAS/Pruebas Compensación/Regresion/a_Cerrar1")): Object: 'Object Repository/2-OBJECTS TAREAS SECUNDARIAS/Pruebas Compensación/Regresion/a_Cerrar1' is clicked on

2023-03-09 13:47:17 - [MESSAGE][PASSED] - Object: 'Object Repository/2-OBJECTS TAREAS SECUNDARIAS/Pruebas Compensación/Regresion/a_Cerrar1' is clicked on

2023-03-09 13:47:17 - [TEST_STEP][PASSED] - break: null

2023-03-09 13:47:17 - [TEST_STEP][PASSED] - setText(findTestObject("2-OBJECTS TAREAS SECUNDARIAS/Pruebas Compensación/Regresion/input_Empresa 1_form_templatej_idt24_input"), "Listado de Empleados (com)"): Text 'Listado de Empleados (com)' is set on object 'Object Repository/2-OBJECTS TAREAS SECUNDARIAS/Pruebas Compensación/Regresion/input_Empresa 1_form_templatej_idt24_input'

2023-03-09 13:47:18 - [MESSAGE][PASSED] - Text 'Listado de Empleados (com)' is set on object 'Object Repository/2-OBJECTS TAREAS SECUNDARIAS/Pruebas Compensación/Regresion/input_Empresa 1_form_templatej_idt24_input'

2023-03-09 13:47:18 - [TEST_STEP][PASSED] - click(findTestObject("2-OBJECTS TAREAS SECUNDARIAS/Pruebas Compensación/Regresion/span_Actos Administrativos (act)")): Object: 'Object Repository/2-OBJECTS TAREAS SECUNDARIAS/Pruebas Compensación/Regresion/span_Actos Administrativos (act)' is clicked on

2023-03-09 13:47:19 - [MESSAGE][PASSED] - Object: 'Object Repository/2-OBJECTS TAREAS SECUNDARIAS/Pruebas Compensación/Regresion/span_Actos Administrativos (act)' is clicked on

2023-03-09 13:47:19 - [TEST_STEP][PASSED] - sendKeys(findTestObject("2-OBJECTS TAREAS SECUNDARIAS/Pruebas Compensación/Regresion/input_Nombre Funcionario_listadoEmpleadoj_idt64"), Keys.chord(F5)): Keys 'F5 + ' sent to object: 'Object Repository/2-OBJECTS TAREAS SECUNDARIAS/Pruebas Compensación/Regresion/input_Nombre Funcionario_listadoEmpleadoj_idt64'

2023-03-09 13:47:21 - [MESSAGE][PASSED] - Keys 'F5 + ' sent to object: 'Object Repository/2-OBJECTS TAREAS SECUNDARIAS/Pruebas Compensación/Regresion/input_Nombre Funcionario_listadoEmpleadoj_idt64'

2023-03-09 13:47:21 - [TEST_STEP][PASSED] - waitForElementVisible(findTestObject("2-OBJECTS TAREAS SECUNDARIAS/Pruebas Compensación/Regresion/input_Nombre Funcionario_listadoEmpleadoj_idt64"), 1): Object 'Object Repository/2-OBJECTS TAREAS SECUNDARIAS/Pruebas Compensación/Regresion/input_Nombre Funcionario_listadoEmpleadoj_idt64' is visible

2023-03-09 13:47:22 - [MESSAGE][PASSED] - Object 'Object Repository/2-OBJECTS TAREAS SECUNDARIAS/Pruebas Compensación/Regresion/input_Nombre Funcionario_listadoEmpleadoj_idt64' is visible

2023-03-09 13:47:22 - [TEST_STEP][PASSED] - setText(findTestObject("2-OBJECTS TAREAS SECUNDARIAS/Pruebas Compensación/Regresion/input_Nombre Funcionario_listadoEmpleadoj_idt64"), "Mendoza Cabra Empleado"): Text 'Mendoza Cabra Empleado' is set on object 'Object Repository/2-OBJECTS TAREAS SECUNDARIAS/Pruebas Compensación/Regresion/input_Nombre Funcionario_listadoEmpleadoj_idt64'

2023-03-09 13:47:23 - [MESSAGE][PASSED] - Text 'Mendoza Cabra Empleado' is set on object 'Object Repository/2-OBJECTS TAREAS SECUNDARIAS/Pruebas Compensación/Regresion/input_Nombre Funcionario_listadoEmpleadoj_idt64'

2023-03-09 13:47:23 - [TEST_STEP][PASSED] - sendKeys(findTestObject("2-OBJECTS TAREAS SECUNDARIAS/Pruebas Compensación/Regresion/input_Nombre Funcionario_listadoEmpleadoj_idt64"), Keys.chord(ENTER)): Keys 'ENTER + ' sent to object: 'Object Repository/2-OBJECTS TAREAS SECUNDARIAS/Pruebas Compensación/Regresion/input_Nombre Funcionario_listadoEmpleadoj_idt64'

2023-03-09 13:47:23 - [MESSAGE][PASSED] - Keys 'ENTER + ' sent to object: 'Object Repository/2-OBJECTS TAREAS SECUNDARIAS/Pruebas Compensación/Regresion/input_Nombre Funcionario_listadoEmpleadoj_idt64'

2023-03-09 13:47:23 - [TEST_STEP][PASSED] - click(findTestObject("2-OBJECTS TAREAS SECUNDARIAS/Pruebas Compensación/Regresion/span_185101")): Object: 'Object Repository/2-OBJECTS TAREAS SECUNDARIAS/Pruebas Compensación/Regresion/span_185101' is clicked on

2023-03-09 13:47:24 - [MESSAGE][PASSED] - Object: 'Object Repository/2-OBJECTS TAREAS SECUNDARIAS/Pruebas Compensación/Regresion/span_185101' is clicked on

2023-03-09 13:47:24 - [TEST_STEP][PASSED] - click(findTestObject("2-OBJECTS TAREAS SECUNDARIAS/Pruebas Compensación/Regresion/a_Datos Empleado")): Object: 'Object Repository/2-OBJECTS TAREAS SECUNDARIAS/Pruebas Compensación/Regresion/a_Datos Empleado' is clicked on

2023-03-09 13:47:25 - [MESSAGE][PASSED] - Object: 'Object Repository/2-OBJECTS TAREAS SECUNDARIAS/Pruebas Compensación/Regresion/a_Datos Empleado' is clicked on

2023-03-09 13:47:25 - [TEST_STEP][PASSED] - scrollToElement(findTestObject("2-OBJECTS TAREAS SECUNDARIAS/Pruebas Compensación/Regresion/span_1.300.000"), 0): Scroll to object 'Object Repository/2-OBJECTS TAREAS SECUNDARIAS/Pruebas Compensación/Regresion/span_1.300.000' successfully

2023-03-09 13:47:25 - [MESSAGE][WARNING] - Timeout '0' is invalid. Using default page load timeout: '37'

2023-03-09 13:47:26 - [MESSAGE][PASSED] - Scroll to object 'Object Repository/2-OBJECTS TAREAS SECUNDARIAS/Pruebas Compensación/Regresion/span_1.300.000' successfully

2023-03-09 13:47:26 - [TEST_STEP][PASSED] - SueldoF = getText(findTestObject("2-OBJECTS TAREAS SECUNDARIAS/Pruebas Compensación/Regresion/span_1.300.000")): Text of object 'Object Repository/2-OBJECTS TAREAS SECUNDARIAS/Pruebas Compensación/Regresion/span_1.300.000' is: '689.455'

2023-03-09 13:47:26 - [MESSAGE][PASSED] - Text of object 'Object Repository/2-OBJECTS TAREAS SECUNDARIAS/Pruebas Compensación/Regresion/span_1.300.000' is: '689.455'

2023-03-09 13:47:26 - [TEST_STEP][PASSED] - if (SueldoF == "689.455" || SueldoF == "2.500.000"): null

2023-03-09 13:47:26 - [TEST_STEP][PASSED] - click(findTestObject("2-OBJECTS TAREAS SECUNDARIAS/Pruebas Compensación/Regresion/div_Historicos")): Object: 'Object Repository/2-OBJECTS TAREAS SECUNDARIAS/Pruebas Compensación/Regresion/div_Historicos' is clicked on

2023-03-09 13:47:26 - [MESSAGE][PASSED] - Object: 'Object Repository/2-OBJECTS TAREAS SECUNDARIAS/Pruebas Compensación/Regresion/div_Historicos' is clicked on

2023-03-09 13:47:26 - [TEST_STEP][PASSED] - click(findTestObject("2-OBJECTS TAREAS SECUNDARIAS/Pruebas Compensación/Regresion/a_Regresin")): Object: 'Object Repository/2-OBJECTS TAREAS SECUNDARIAS/Pruebas Compensación/Regresion/a_Regresin' is clicked on

2023-03-09 13:47:27 - [MESSAGE][PASSED] - Object: 'Object Repository/2-OBJECTS TAREAS SECUNDARIAS/Pruebas Compensación/Regresion/a_Regresin' is clicked on

2023-03-09 13:47:27 - [TEST_STEP][PASSED] - while (waitForElementVisible(findTestObject("2-OBJECTS TAREAS SECUNDARIAS/Pruebas Compensación/Regresion/a_ACTOS ADMINISTRATIVO"), 1)): null

2023-03-09 13:47:27 - [MESSAGE][PASSED] - Object 'Object Repository/2-OBJECTS TAREAS SECUNDARIAS/Pruebas Compensación/Regresion/a_ACTOS ADMINISTRATIVO' is visible

2023-03-09 13:47:27 - [TEST_STEP][PASSED] - click(findTestObject("2-OBJECTS TAREAS SECUNDARIAS/Pruebas Compensación/Regresion/a_ACTOS ADMINISTRATIVO"), STOP_ON_FAILURE): Object: 'Object Repository/2-OBJECTS TAREAS SECUNDARIAS/Pruebas Compensación/Regresion/a_ACTOS ADMINISTRATIVO' is clicked on

2023-03-09 13:47:28 - [MESSAGE][PASSED] - Object: 'Object Repository/2-OBJECTS TAREAS SECUNDARIAS/Pruebas Compensación/Regresion/a_ACTOS ADMINISTRATIVO' is clicked on

2023-03-09 13:47:28 - [TEST_STEP][PASSED] - click(findTestObject("2-OBJECTS TAREAS SECUNDARIAS/Pruebas Compensación/Regresion/a_Eliminar")): Object: 'Object Repository/2-OBJECTS TAREAS SECUNDARIAS/Pruebas Compensación/Regresion/a_Eliminar' is clicked on

2023-03-09 13:47:29 - [MESSAGE][PASSED] - Object: 'Object Repository/2-OBJECTS TAREAS SECUNDARIAS/Pruebas Compensación/Regresion/a_Eliminar' is clicked on

2023-03-09 13:47:29 - [TEST_STEP][PASSED] - click(findTestObject("2-OBJECTS TAREAS SECUNDARIAS/Pruebas Compensación/Regresion/a_Aceptar")): Object: 'Object Repository/2-OBJECTS TAREAS SECUNDARIAS/Pruebas Compensación/Regresion/a_Aceptar' is clicked on

2023-03-09 13:47:29 - [MESSAGE][PASSED] - Object: 'Object Repository/2-OBJECTS TAREAS SECUNDARIAS/Pruebas Compensación/Regresion/a_Aceptar' is clicked on

2023-03-09 13:47:29 - [TEST_STEP][PASSED] - if (waitForElementNotVisible(findTestObject("2-OBJECTS TAREAS SECUNDARIAS/Pruebas Compensación/Regresion/a_ACTOS ADMINISTRATIVO"), 1)): Object 'Object Repository/2-OBJECTS TAREAS SECUNDARIAS/Pruebas Compensación/Regresion/a_ACTOS ADMINISTRATIVO' is visible

2023-03-09 13:47:31 - [MESSAGE][WARNING] - Object 'Object Repository/2-OBJECTS TAREAS SECUNDARIAS/Pruebas Compensación/Regresion/a_ACTOS ADMINISTRATIVO' is visible after 1 second(s)

2023-03-09 13:47:31 - [MESSAGE][PASSED] - Object 'Object Repository/2-OBJECTS TAREAS SECUNDARIAS/Pruebas Compensación/Regresion/a_ACTOS ADMINISTRATIVO' is visible

2023-03-09 13:47:31 - [TEST_STEP][PASSED] - click(findTestObject("2-OBJECTS TAREAS SECUNDARIAS/Pruebas Compensación/Regresion/a_ACTOS ADMINISTRATIVO"), STOP_ON_FAILURE): Object: 'Object Repository/2-OBJECTS TAREAS SECUNDARIAS/Pruebas Compensación/Regresion/a_ACTOS ADMINISTRATIVO' is clicked on

2023-03-09 13:47:32 - [MESSAGE][PASSED] - Object: 'Object Repository/2-OBJECTS TAREAS SECUNDARIAS/Pruebas Compensación/Regresion/a_ACTOS ADMINISTRATIVO' is clicked on

2023-03-09 13:47:32 - [TEST_STEP][PASSED] - click(findTestObject("2-OBJECTS TAREAS SECUNDARIAS/Pruebas Compensación/Regresion/a_Eliminar")): Object: 'Object Repository/2-OBJECTS TAREAS SECUNDARIAS/Pruebas Compensación/Regresion/a_Eliminar' is clicked on

2023-03-09 13:47:32 - [MESSAGE][PASSED] - Object: 'Object Repository/2-OBJECTS TAREAS SECUNDARIAS/Pruebas Compensación/Regresion/a_Eliminar' is clicked on

2023-03-09 13:47:32 - [TEST_STEP][PASSED] - click(findTestObject("2-OBJECTS TAREAS SECUNDARIAS/Pruebas Compensación/Regresion/a_Aceptar")): Object: 'Object Repository/2-OBJECTS TAREAS SECUNDARIAS/Pruebas Compensación/Regresion/a_Aceptar' is clicked on

2023-03-09 13:47:33 - [MESSAGE][PASSED] - Object: 'Object Repository/2-OBJECTS TAREAS SECUNDARIAS/Pruebas Compensación/Regresion/a_Aceptar' is clicked on

2023-03-09 13:47:33 - [TEST_STEP][PASSED] - if (waitForElementNotVisible(findTestObject("2-OBJECTS TAREAS SECUNDARIAS/Pruebas Compensación/Regresion/a_ACTOS ADMINISTRATIVO"), 1)): Web element with id: 'Object Repository/2-OBJECTS TAREAS SECUNDARIAS/Pruebas Compensación/Regresion/a_ACTOS ADMINISTRATIVO' located by '/html/body/div[1]/div[3]/div/table/tbody/tr[3]/td/table/tbody/tr/td/div/table/tbody/tr/td[2]/table/tbody/tr/td/div/span/form[1]/table/tbody/tr[1]/td/div/div[1]/table/tbody/tr[1]/td[1]/span' not found

2023-03-09 13:47:35 - [MESSAGE][INFO] - Unable to find the element located by 'By.xpath: /html/body/div[1]/div[3]/div/table/tbody/tr[3]/td/table/tbody/tr/td/div/table/tbody/tr/td[2]/table/tbody/tr/td/div/span/form[1]/table/tbody/tr[1]/td/div/div[1]/table/tbody/tr[1]/td[1]/span'. Please recheck the objects properties to make sure the desired element is located. 

2023-03-09 13:47:35 - [MESSAGE][WARNING] - Web element with id: 'Object Repository/2-OBJECTS TAREAS SECUNDARIAS/Pruebas Compensación/Regresion/a_ACTOS ADMINISTRATIVO' located by '/html/body/div[1]/div[3]/div/table/tbody/tr[3]/td/table/tbody/tr/td/div/table/tbody/tr/td[2]/table/tbody/tr/td/div/span/form[1]/table/tbody/tr[1]/td/div/div[1]/table/tbody/tr[1]/td[1]/span' not found

2023-03-09 13:47:37 - [MESSAGE][INFO] - Unable to find the element located by 'By.xpath: /html/body/div[1]/div[3]/div/table/tbody/tr[3]/td/table/tbody/tr/td/div/table/tbody/tr/td[2]/table/tbody/tr/td/div/span/form[1]/table/tbody/tr[1]/td/div/div[1]/table/tbody/tr[1]/td[1]/span'. Please recheck the objects properties to make sure the desired element is located. 

2023-03-09 13:47:37 - [MESSAGE][WARNING] - Web element with id: 'Object Repository/2-OBJECTS TAREAS SECUNDARIAS/Pruebas Compensación/Regresion/a_ACTOS ADMINISTRATIVO' located by '/html/body/div[1]/div[3]/div/table/tbody/tr[3]/td/table/tbody/tr/td/div/table/tbody/tr/td[2]/table/tbody/tr/td/div/span/form[1]/table/tbody/tr[1]/td/div/div[1]/table/tbody/tr[1]/td[1]/span' not found

2023-03-09 13:47:37 - [TEST_STEP][PASSED] - if (SueldoF == "689.455" || SueldoF == "1.300.000"): Browser is closed

2023-03-09 13:47:37 - [TEST_STEP][PASSED] - closeBrowser(): Browser is closed

2023-03-09 13:47:38 - [MESSAGE][PASSED] - Browser is closed]]></system-out>
         <system-err><![CDATA[]]></system-err>
      </testcase>
      <testcase name="Test Cases/1.2-Tareas_Secundarias/A.1-Pruebas_compensaciones/11.1.9-situacion_adminitrativa-(situacion-actos)" time="91.664" classname="Test Cases/1.2-Tareas_Secundarias/A.1-Pruebas_compensaciones/11.1.9-situacion_adminitrativa-(situacion-actos)" status="PASSED">
         <system-out><![CDATA[2023-03-09 13:47:38 - [TEST_CASE][PASSED] - Test Cases/1.2-Tareas_Secundarias/A.1-Pruebas_compensaciones/11.1.9-situacion_adminitrativa-(situacion-actos): Test Cases/1.2-Tareas_Secundarias/A.1-Pruebas_compensaciones/11.1.9-situacion_adminitrativa-(situacion-actos)

2023-03-09 13:47:39 - [TEST_STEP][PASSED] - callTestCase(findTestCase("0.1-Login"), [:], STOP_ON_FAILURE): Call Test Case 'Test Cases/0.1-Login' successfully

2023-03-09 13:47:39 - [TEST_CASE][PASSED] - Test Cases/0.1-Login: Test Cases/0.1-Login

2023-03-09 13:47:39 - [TEST_STEP][PASSED] - openBrowser(""): Browser is opened with url: ''

2023-03-09 13:47:39 - [MESSAGE][INFO] - Starting 'Chrome' driver

2023-03-09 13:47:39 - [MESSAGE][INFO] - Action delay is set to 0 milliseconds

2023-03-09 13:47:40 - [MESSAGE][PASSED] - Browser is opened with url: ''

2023-03-09 13:47:40 - [TEST_STEP][PASSED] - maximizeWindow(): Current window maximized

2023-03-09 13:47:40 - [MESSAGE][PASSED] - Current window maximized

2023-03-09 13:47:40 - [TEST_STEP][PASSED] - i = G_Login: null

2023-03-09 13:47:40 - [TEST_STEP][PASSED] - url = new java.net.URL(i): null

2023-03-09 13:47:40 - [TEST_STEP][PASSED] - println("URL: " + url.toString()): null

2023-03-09 13:47:40 - [TEST_STEP][PASSED] - connection = url.openConnection(): null

2023-03-09 13:47:40 - [TEST_STEP][PASSED] - connection.setRequestMethod("GET"): null

2023-03-09 13:47:40 - [TEST_STEP][PASSED] - connection.setReadTimeout(2 * 1000): null

2023-03-09 13:47:40 - [TEST_STEP][PASSED] - try: null

2023-03-09 13:47:40 - [TEST_STEP][PASSED] - connection.connect(): null

2023-03-09 13:47:40 - [TEST_STEP][PASSED] - flag = connected: null

2023-03-09 13:47:40 - [TEST_STEP][PASSED] - println("Valor_ori: " + flag): null

2023-03-09 13:47:40 - [TEST_STEP][PASSED] - if (flag): null

2023-03-09 13:47:40 - [TEST_STEP][PASSED] - navigateToUrl(i): Navigate to 'http://192.168.2.19:7001/saraweb' successfully

2023-03-09 13:47:42 - [MESSAGE][PASSED] - Navigate to 'http://192.168.2.19:7001/saraweb' successfully

2023-03-09 13:47:42 - [TEST_STEP][PASSED] - a(): null

2023-03-09 13:47:42 - [TEST_STEP][PASSED] - if (waitForElementVisible(findTestObject("3-OBJECTS UTILIDADES/Login/input_USUARIO_loginusuario"), 0)): null

2023-03-09 13:47:42 - [MESSAGE][WARNING] - Timeout '0' is invalid. Using default page load timeout: '37'

2023-03-09 13:47:42 - [MESSAGE][PASSED] - Object 'Object Repository/3-OBJECTS UTILIDADES/Login/input_USUARIO_loginusuario' is visible

2023-03-09 13:47:42 - [TEST_STEP][PASSED] - switchToWindowTitle("SARA"): Switched to window with title: 'SARA'

2023-03-09 13:47:42 - [MESSAGE][PASSED] - Switched to window with title: 'SARA'

2023-03-09 13:47:42 - [TEST_STEP][PASSED] - zoom(): null

2023-03-09 13:47:42 - [TEST_STEP][PASSED] - robot = new java.awt.Robot(): null

2023-03-09 13:47:42 - [TEST_STEP][PASSED] - robot.keyPress(VK_CONTROL): null

2023-03-09 13:47:42 - [TEST_STEP][PASSED] - robot.keyPress(VK_SUBTRACT): null

2023-03-09 13:47:42 - [TEST_STEP][PASSED] - robot.keyRelease(VK_CONTROL): null

2023-03-09 13:47:42 - [TEST_STEP][PASSED] - robot.keyRelease(VK_SUBTRACT): null

2023-03-09 13:47:42 - [TEST_STEP][PASSED] - robot.keyPress(VK_CONTROL): null

2023-03-09 13:47:42 - [TEST_STEP][PASSED] - robot.keyPress(VK_SUBTRACT): null

2023-03-09 13:47:42 - [TEST_STEP][PASSED] - robot.keyRelease(VK_CONTROL): null

2023-03-09 13:47:42 - [TEST_STEP][PASSED] - robot.keyRelease(VK_SUBTRACT): null

2023-03-09 13:47:42 - [TEST_STEP][PASSED] - robot.keyPress(VK_CONTROL): null

2023-03-09 13:47:42 - [TEST_STEP][PASSED] - robot.keyPress(VK_SUBTRACT): null

2023-03-09 13:47:42 - [TEST_STEP][PASSED] - robot.keyRelease(VK_CONTROL): null

2023-03-09 13:47:42 - [TEST_STEP][PASSED] - robot.keyRelease(VK_SUBTRACT): null

2023-03-09 13:47:42 - [TEST_STEP][PASSED] - robot.keyRelease(VK_CONTROL): null

2023-03-09 13:47:42 - [TEST_STEP][PASSED] - robot.keyRelease(VK_SUBTRACT): null

2023-03-09 13:47:42 - [TEST_STEP][PASSED] - setText(findTestObject("3-OBJECTS UTILIDADES/Login/input_USUARIO_loginusuario"), G_Usuario): Text 'weblogic' is set on object 'Object Repository/3-OBJECTS UTILIDADES/Login/input_USUARIO_loginusuario'

2023-03-09 13:47:43 - [MESSAGE][PASSED] - Text 'weblogic' is set on object 'Object Repository/3-OBJECTS UTILIDADES/Login/input_USUARIO_loginusuario'

2023-03-09 13:47:43 - [TEST_STEP][PASSED] - setEncryptedText(findTestObject("3-OBJECTS UTILIDADES/Login/input_CLAVE_loginpassword"), "SlAwMcyRKqrwbnzhAs8HhT6NnI7sEyng"): Text ****** has been set on object 'Object Repository/3-OBJECTS UTILIDADES/Login/input_CLAVE_loginpassword'

2023-03-09 13:47:46 - [MESSAGE][PASSED] - Text ****** has been set on object 'Object Repository/3-OBJECTS UTILIDADES/Login/input_CLAVE_loginpassword'

2023-03-09 13:47:46 - [TEST_STEP][PASSED] - while (waitForElementClickable(findTestObject("3-OBJECTS UTILIDADES/Login/a_Ingresar"), 1)): Web element with id: 'Object Repository/3-OBJECTS UTILIDADES/Login/a_Ingresar' located by '//a[contains(text(),'Ingresar')]' not found

2023-03-09 13:47:49 - [MESSAGE][INFO] - Unable to find the element located by 'By.xpath: //a[contains(text(),'Ingresar')]'. Please recheck the objects properties to make sure the desired element is located. 

2023-03-09 13:47:49 - [MESSAGE][WARNING] - Web element with id: 'Object Repository/3-OBJECTS UTILIDADES/Login/a_Ingresar' located by '//a[contains(text(),'Ingresar')]' not found

2023-03-09 13:47:49 - [MESSAGE][PASSED] - Call Test Case 'Test Cases/0.1-Login' successfully

2023-03-09 13:47:49 - [TEST_STEP][PASSED] - verificador(): null

2023-03-09 13:47:49 - [TEST_STEP][PASSED] - setText(findTestObject("2-OBJECTS TAREAS SECUNDARIAS/Pruebas Compensación/situacion_adminitrativa-(situacion-actos)/input_Empresa 1_form_templatej_idt24_input"), "actos administrativos"): Text 'actos administrativos' is set on object 'Object Repository/2-OBJECTS TAREAS SECUNDARIAS/Pruebas Compensación/situacion_adminitrativa-(situacion-actos)/input_Empresa 1_form_templatej_idt24_input'

2023-03-09 13:47:49 - [MESSAGE][PASSED] - Text 'actos administrativos' is set on object 'Object Repository/2-OBJECTS TAREAS SECUNDARIAS/Pruebas Compensación/situacion_adminitrativa-(situacion-actos)/input_Empresa 1_form_templatej_idt24_input'

2023-03-09 13:47:49 - [TEST_STEP][PASSED] - click(findTestObject("2-OBJECTS TAREAS SECUNDARIAS/Pruebas Compensación/situacion_adminitrativa-(situacion-actos)/span_Listado de Empleados")): Object: 'Object Repository/2-OBJECTS TAREAS SECUNDARIAS/Pruebas Compensación/situacion_adminitrativa-(situacion-actos)/span_Listado de Empleados' is clicked on

2023-03-09 13:47:51 - [MESSAGE][PASSED] - Object: 'Object Repository/2-OBJECTS TAREAS SECUNDARIAS/Pruebas Compensación/situacion_adminitrativa-(situacion-actos)/span_Listado de Empleados' is clicked on

2023-03-09 13:47:51 - [TEST_STEP][PASSED] - click(findTestObject("2-OBJECTS TAREAS SECUNDARIAS/Pruebas Compensación/situacion_adminitrativa-(situacion-actos)/i_Actos_glyphicons glyphicons-group x3 icon-acto")): Object: 'Object Repository/2-OBJECTS TAREAS SECUNDARIAS/Pruebas Compensación/situacion_adminitrativa-(situacion-actos)/i_Actos_glyphicons glyphicons-group x3 icon-acto' is clicked on

2023-03-09 13:47:53 - [MESSAGE][PASSED] - Object: 'Object Repository/2-OBJECTS TAREAS SECUNDARIAS/Pruebas Compensación/situacion_adminitrativa-(situacion-actos)/i_Actos_glyphicons glyphicons-group x3 icon-acto' is clicked on

2023-03-09 13:47:53 - [TEST_STEP][PASSED] - opcion1 = getText(findTestObject("2-OBJECTS TAREAS SECUNDARIAS/Pruebas Compensación/situacion_adminitrativa-(situacion-actos)/verificarActoAdministrativos_cambio_DE_Sueldo/span_opcion1")): Text of object 'Object Repository/2-OBJECTS TAREAS SECUNDARIAS/Pruebas Compensación/situacion_adminitrativa-(situacion-actos)/verificarActoAdministrativos_cambio_DE_Sueldo/span_opcion1' is: 'Elaborar'

2023-03-09 13:47:54 - [MESSAGE][PASSED] - Text of object 'Object Repository/2-OBJECTS TAREAS SECUNDARIAS/Pruebas Compensación/situacion_adminitrativa-(situacion-actos)/verificarActoAdministrativos_cambio_DE_Sueldo/span_opcion1' is: 'Elaborar'

2023-03-09 13:47:54 - [TEST_STEP][PASSED] - opcion2 = getText(findTestObject("2-OBJECTS TAREAS SECUNDARIAS/Pruebas Compensación/situacion_adminitrativa-(situacion-actos)/verificarActoAdministrativos_cambio_DE_Sueldo/span_opcion2")): Text of object 'Object Repository/2-OBJECTS TAREAS SECUNDARIAS/Pruebas Compensación/situacion_adminitrativa-(situacion-actos)/verificarActoAdministrativos_cambio_DE_Sueldo/span_opcion2' is: 'Eliminar'

2023-03-09 13:47:54 - [MESSAGE][PASSED] - Text of object 'Object Repository/2-OBJECTS TAREAS SECUNDARIAS/Pruebas Compensación/situacion_adminitrativa-(situacion-actos)/verificarActoAdministrativos_cambio_DE_Sueldo/span_opcion2' is: 'Eliminar'

2023-03-09 13:47:54 - [TEST_STEP][PASSED] - opcion3 = getText(findTestObject("2-OBJECTS TAREAS SECUNDARIAS/Pruebas Compensación/situacion_adminitrativa-(situacion-actos)/verificarActoAdministrativos_cambio_DE_Sueldo/span_opcion3")): Text of object 'Object Repository/2-OBJECTS TAREAS SECUNDARIAS/Pruebas Compensación/situacion_adminitrativa-(situacion-actos)/verificarActoAdministrativos_cambio_DE_Sueldo/span_opcion3' is: 'Legalizar'

2023-03-09 13:47:54 - [MESSAGE][PASSED] - Text of object 'Object Repository/2-OBJECTS TAREAS SECUNDARIAS/Pruebas Compensación/situacion_adminitrativa-(situacion-actos)/verificarActoAdministrativos_cambio_DE_Sueldo/span_opcion3' is: 'Legalizar'

2023-03-09 13:47:54 - [TEST_STEP][PASSED] - opcion4 = getText(findTestObject("2-OBJECTS TAREAS SECUNDARIAS/Pruebas Compensación/situacion_adminitrativa-(situacion-actos)/verificarActoAdministrativos_cambio_DE_Sueldo/span_opcion4")): Text of object 'Object Repository/2-OBJECTS TAREAS SECUNDARIAS/Pruebas Compensación/situacion_adminitrativa-(situacion-actos)/verificarActoAdministrativos_cambio_DE_Sueldo/span_opcion4' is: 'Modificar'

2023-03-09 13:47:55 - [MESSAGE][PASSED] - Text of object 'Object Repository/2-OBJECTS TAREAS SECUNDARIAS/Pruebas Compensación/situacion_adminitrativa-(situacion-actos)/verificarActoAdministrativos_cambio_DE_Sueldo/span_opcion4' is: 'Modificar'

2023-03-09 13:47:55 - [TEST_STEP][PASSED] - switch (opcion1 && opcion2 && opcion3 && opcion4): null

2023-03-09 13:47:55 - [TEST_STEP][PASSED] - case opcion2 == "Eliminar":: null

2023-03-09 13:47:55 - [TEST_STEP][PASSED] - click(findTestObject("2-OBJECTS TAREAS SECUNDARIAS/Pruebas Compensación/situacion_adminitrativa-(situacion-actos)/verificarActoAdministrativos_cambio_DE_Sueldo/a_icono2")): Object: 'Object Repository/2-OBJECTS TAREAS SECUNDARIAS/Pruebas Compensación/situacion_adminitrativa-(situacion-actos)/verificarActoAdministrativos_cambio_DE_Sueldo/a_icono2' is clicked on

2023-03-09 13:47:55 - [MESSAGE][PASSED] - Object: 'Object Repository/2-OBJECTS TAREAS SECUNDARIAS/Pruebas Compensación/situacion_adminitrativa-(situacion-actos)/verificarActoAdministrativos_cambio_DE_Sueldo/a_icono2' is clicked on

2023-03-09 13:47:55 - [TEST_STEP][PASSED] - break: null

2023-03-09 13:47:55 - [TEST_STEP][PASSED] - while (waitForElementVisible(findTestObject("2-OBJECTS TAREAS SECUNDARIAS/Pruebas Compensación/situacion_adminitrativa-(situacion-actos)/verificarActoAdministrativos_cambio_DE_Sueldo/input_Filtrar por Actos Administrativos"), 1)): null

2023-03-09 13:47:56 - [MESSAGE][PASSED] - Object 'Object Repository/2-OBJECTS TAREAS SECUNDARIAS/Pruebas Compensación/situacion_adminitrativa-(situacion-actos)/verificarActoAdministrativos_cambio_DE_Sueldo/input_Filtrar por Actos Administrativos' is visible

2023-03-09 13:47:56 - [TEST_STEP][PASSED] - setText(findTestObject("2-OBJECTS TAREAS SECUNDARIAS/Pruebas Compensación/situacion_adminitrativa-(situacion-actos)/verificarActoAdministrativos_cambio_DE_Sueldo/input_Filtrar por Actos Administrativos"), "Cambio De Sueldo"): Text 'Cambio De Sueldo' is set on object 'Object Repository/2-OBJECTS TAREAS SECUNDARIAS/Pruebas Compensación/situacion_adminitrativa-(situacion-actos)/verificarActoAdministrativos_cambio_DE_Sueldo/input_Filtrar por Actos Administrativos'

2023-03-09 13:47:57 - [MESSAGE][PASSED] - Text 'Cambio De Sueldo' is set on object 'Object Repository/2-OBJECTS TAREAS SECUNDARIAS/Pruebas Compensación/situacion_adminitrativa-(situacion-actos)/verificarActoAdministrativos_cambio_DE_Sueldo/input_Filtrar por Actos Administrativos'

2023-03-09 13:47:57 - [TEST_STEP][PASSED] - sendKeys(findTestObject("2-OBJECTS TAREAS SECUNDARIAS/Pruebas Compensación/situacion_adminitrativa-(situacion-actos)/verificarActoAdministrativos_cambio_DE_Sueldo/input_Filtrar por Actos Administrativos"), Keys.chord(ENTER)): Keys 'ENTER + ' sent to object: 'Object Repository/2-OBJECTS TAREAS SECUNDARIAS/Pruebas Compensación/situacion_adminitrativa-(situacion-actos)/verificarActoAdministrativos_cambio_DE_Sueldo/input_Filtrar por Actos Administrativos'

2023-03-09 13:47:57 - [MESSAGE][PASSED] - Keys 'ENTER + ' sent to object: 'Object Repository/2-OBJECTS TAREAS SECUNDARIAS/Pruebas Compensación/situacion_adminitrativa-(situacion-actos)/verificarActoAdministrativos_cambio_DE_Sueldo/input_Filtrar por Actos Administrativos'

2023-03-09 13:47:57 - [TEST_STEP][PASSED] - if (waitForElementVisible(findTestObject("2-OBJECTS TAREAS SECUNDARIAS/Pruebas Compensación/situacion_adminitrativa-(situacion-actos)/verificarActoAdministrativos_cambio_DE_Sueldo/td_Cambio De Sueldo"), 1)): Web element with id: 'Object Repository/2-OBJECTS TAREAS SECUNDARIAS/Pruebas Compensación/situacion_adminitrativa-(situacion-actos)/verificarActoAdministrativos_cambio_DE_Sueldo/td_Cambio De Sueldo' located by '//*/text()[normalize-space(.)='Cambio De Sueldo']/parent::*' not found

2023-03-09 13:47:59 - [MESSAGE][INFO] - Unable to find the element located by 'By.xpath: //*/text()[normalize-space(.)='Cambio De Sueldo']/parent::*'. Please recheck the objects properties to make sure the desired element is located. 

2023-03-09 13:47:59 - [MESSAGE][WARNING] - Web element with id: 'Object Repository/2-OBJECTS TAREAS SECUNDARIAS/Pruebas Compensación/situacion_adminitrativa-(situacion-actos)/verificarActoAdministrativos_cambio_DE_Sueldo/td_Cambio De Sueldo' located by '//*/text()[normalize-space(.)='Cambio De Sueldo']/parent::*' not found

2023-03-09 13:47:59 - [TEST_STEP][PASSED] - else: null

2023-03-09 13:47:59 - [TEST_STEP][PASSED] - break: null

2023-03-09 13:47:59 - [TEST_STEP][PASSED] - setText(findTestObject("2-OBJECTS TAREAS SECUNDARIAS/Pruebas Compensación/situacion_adminitrativa-(situacion-actos)/input_Empresa 1_form_templatej_idt24_input"), "listado de empleados (com)"): Text 'listado de empleados (com)' is set on object 'Object Repository/2-OBJECTS TAREAS SECUNDARIAS/Pruebas Compensación/situacion_adminitrativa-(situacion-actos)/input_Empresa 1_form_templatej_idt24_input'

2023-03-09 13:48:00 - [MESSAGE][PASSED] - Text 'listado de empleados (com)' is set on object 'Object Repository/2-OBJECTS TAREAS SECUNDARIAS/Pruebas Compensación/situacion_adminitrativa-(situacion-actos)/input_Empresa 1_form_templatej_idt24_input'

2023-03-09 13:48:00 - [TEST_STEP][PASSED] - click(findTestObject("2-OBJECTS TAREAS SECUNDARIAS/Pruebas Compensación/situacion_adminitrativa-(situacion-actos)/span_Listado de Empleados")): Object: 'Object Repository/2-OBJECTS TAREAS SECUNDARIAS/Pruebas Compensación/situacion_adminitrativa-(situacion-actos)/span_Listado de Empleados' is clicked on

2023-03-09 13:48:02 - [MESSAGE][PASSED] - Object: 'Object Repository/2-OBJECTS TAREAS SECUNDARIAS/Pruebas Compensación/situacion_adminitrativa-(situacion-actos)/span_Listado de Empleados' is clicked on

2023-03-09 13:48:02 - [TEST_STEP][PASSED] - setText(findTestObject("2-OBJECTS TAREAS SECUNDARIAS/Pruebas Compensación/situacion_adminitrativa-(situacion-actos)/input_Identificacin_listadoEmpleadoIdentificacionEmpleado"), "1252462"): Text '1252462' is set on object 'Object Repository/2-OBJECTS TAREAS SECUNDARIAS/Pruebas Compensación/situacion_adminitrativa-(situacion-actos)/input_Identificacin_listadoEmpleadoIdentificacionEmpleado'

2023-03-09 13:48:05 - [MESSAGE][PASSED] - Text '1252462' is set on object 'Object Repository/2-OBJECTS TAREAS SECUNDARIAS/Pruebas Compensación/situacion_adminitrativa-(situacion-actos)/input_Identificacin_listadoEmpleadoIdentificacionEmpleado'

2023-03-09 13:48:05 - [TEST_STEP][PASSED] - sendKeys(findTestObject("2-OBJECTS TAREAS SECUNDARIAS/Pruebas Compensación/situacion_adminitrativa-(situacion-actos)/input_Identificacin_listadoEmpleadoIdentificacionEmpleado"), Keys.chord(ENTER)): Keys 'ENTER + ' sent to object: 'Object Repository/2-OBJECTS TAREAS SECUNDARIAS/Pruebas Compensación/situacion_adminitrativa-(situacion-actos)/input_Identificacin_listadoEmpleadoIdentificacionEmpleado'

2023-03-09 13:48:05 - [MESSAGE][PASSED] - Keys 'ENTER + ' sent to object: 'Object Repository/2-OBJECTS TAREAS SECUNDARIAS/Pruebas Compensación/situacion_adminitrativa-(situacion-actos)/input_Identificacin_listadoEmpleadoIdentificacionEmpleado'

2023-03-09 13:48:05 - [TEST_STEP][PASSED] - click(findTestObject("2-OBJECTS TAREAS SECUNDARIAS/Pruebas Compensación/situacion_adminitrativa-(situacion-actos)/span_1252462")): Object: 'Object Repository/2-OBJECTS TAREAS SECUNDARIAS/Pruebas Compensación/situacion_adminitrativa-(situacion-actos)/span_1252462' is clicked on

2023-03-09 13:48:06 - [MESSAGE][PASSED] - Object: 'Object Repository/2-OBJECTS TAREAS SECUNDARIAS/Pruebas Compensación/situacion_adminitrativa-(situacion-actos)/span_1252462' is clicked on

2023-03-09 13:48:06 - [TEST_STEP][PASSED] - click(findTestObject("2-OBJECTS TAREAS SECUNDARIAS/Pruebas Compensación/situacion_adminitrativa-(situacion-actos)/a_Situacin Administrativa")): Object: 'Object Repository/2-OBJECTS TAREAS SECUNDARIAS/Pruebas Compensación/situacion_adminitrativa-(situacion-actos)/a_Situacin Administrativa' is clicked on

2023-03-09 13:48:07 - [MESSAGE][PASSED] - Object: 'Object Repository/2-OBJECTS TAREAS SECUNDARIAS/Pruebas Compensación/situacion_adminitrativa-(situacion-actos)/a_Situacin Administrativa' is clicked on

2023-03-09 13:48:07 - [TEST_STEP][PASSED] - click(findTestObject("2-OBJECTS TAREAS SECUNDARIAS/Pruebas Compensación/situacion_adminitrativa-(situacion-actos)/span_CAMBIO DE SUELDO")): Object: 'Object Repository/2-OBJECTS TAREAS SECUNDARIAS/Pruebas Compensación/situacion_adminitrativa-(situacion-actos)/span_CAMBIO DE SUELDO' is clicked on

2023-03-09 13:48:08 - [MESSAGE][PASSED] - Object: 'Object Repository/2-OBJECTS TAREAS SECUNDARIAS/Pruebas Compensación/situacion_adminitrativa-(situacion-actos)/span_CAMBIO DE SUELDO' is clicked on

2023-03-09 13:48:08 - [TEST_STEP][PASSED] - click(findTestObject("2-OBJECTS TAREAS SECUNDARIAS/Pruebas Compensación/situacion_adminitrativa-(situacion-actos)/a_Continuar0")): Object: 'Object Repository/2-OBJECTS TAREAS SECUNDARIAS/Pruebas Compensación/situacion_adminitrativa-(situacion-actos)/a_Continuar0' is clicked on

2023-03-09 13:48:09 - [MESSAGE][PASSED] - Object: 'Object Repository/2-OBJECTS TAREAS SECUNDARIAS/Pruebas Compensación/situacion_adminitrativa-(situacion-actos)/a_Continuar0' is clicked on

2023-03-09 13:48:09 - [TEST_STEP][PASSED] - setText(findTestObject("2-OBJECTS TAREAS SECUNDARIAS/Pruebas Compensación/situacion_adminitrativa-(situacion-actos)/input__form_actosDirectosEmpleadoj_idt25340fecha_input"), Fecha()): null

2023-03-09 13:48:09 - [TEST_STEP][PASSED] - today = new java.util.Date(): null

2023-03-09 13:48:09 - [TEST_STEP][PASSED] - Fecha = today.format("dd/MM/yyyy"): null

2023-03-09 13:48:09 - [TEST_STEP][PASSED] - FechaF = Fecha: Text '09/03/2023' is set on object 'Object Repository/2-OBJECTS TAREAS SECUNDARIAS/Pruebas Compensación/situacion_adminitrativa-(situacion-actos)/input__form_actosDirectosEmpleadoj_idt25340fecha_input'

2023-03-09 13:48:10 - [MESSAGE][PASSED] - Text '09/03/2023' is set on object 'Object Repository/2-OBJECTS TAREAS SECUNDARIAS/Pruebas Compensación/situacion_adminitrativa-(situacion-actos)/input__form_actosDirectosEmpleadoj_idt25340fecha_input'

2023-03-09 13:48:10 - [TEST_STEP][PASSED] - selectOptionByIndex(findTestObject("2-OBJECTS TAREAS SECUNDARIAS/Pruebas Compensación/situacion_adminitrativa-(situacion-actos)/select_11 - Redistribucion Flexible4  - Aumento Directo5  - Nivelacion6  - Cambio Sueldo Masivo"), 2): All options with index in [2] are selected on object 'Object Repository/2-OBJECTS TAREAS SECUNDARIAS/Pruebas Compensación/situacion_adminitrativa-(situacion-actos)/select_11 - Redistribucion Flexible4  - Aumento Directo5  - Nivelacion6  - Cambio Sueldo Masivo'

2023-03-09 13:48:11 - [MESSAGE][PASSED] - All options with index in [2] are selected on object 'Object Repository/2-OBJECTS TAREAS SECUNDARIAS/Pruebas Compensación/situacion_adminitrativa-(situacion-actos)/select_11 - Redistribucion Flexible4  - Aumento Directo5  - Nivelacion6  - Cambio Sueldo Masivo'

2023-03-09 13:48:11 - [TEST_STEP][PASSED] - setText(findTestObject("2-OBJECTS TAREAS SECUNDARIAS/Pruebas Compensación/situacion_adminitrativa-(situacion-actos)/input__form_actosDirectosEmpleadoj_idt25342fecha_input"), Fecha()): null

2023-03-09 13:48:11 - [TEST_STEP][PASSED] - today = new java.util.Date(): null

2023-03-09 13:48:11 - [TEST_STEP][PASSED] - Fecha = today.format("dd/MM/yyyy"): null

2023-03-09 13:48:11 - [TEST_STEP][PASSED] - FechaF = Fecha: Text '09/03/2023' is set on object 'Object Repository/2-OBJECTS TAREAS SECUNDARIAS/Pruebas Compensación/situacion_adminitrativa-(situacion-actos)/input__form_actosDirectosEmpleadoj_idt25342fecha_input'

2023-03-09 13:48:12 - [MESSAGE][PASSED] - Text '09/03/2023' is set on object 'Object Repository/2-OBJECTS TAREAS SECUNDARIAS/Pruebas Compensación/situacion_adminitrativa-(situacion-actos)/input__form_actosDirectosEmpleadoj_idt25342fecha_input'

2023-03-09 13:48:12 - [TEST_STEP][PASSED] - element = findWebElement(findTestObject("2-OBJECTS TAREAS SECUNDARIAS/Pruebas Compensación/situacion_adminitrativa-(situacion-actos)/a_Continuar"), 30): null

2023-03-09 13:48:12 - [TEST_STEP][PASSED] - executeJavaScript("arguments[0].click()", Arrays.asList(element)): Execute JavaScript 'arguments[0].click()' successfully

2023-03-09 13:48:12 - [MESSAGE][PASSED] - Execute JavaScript 'arguments[0].click()' successfully

2023-03-09 13:48:12 - [TEST_STEP][PASSED] - filepath = getAttribute(findTestObject("2-OBJECTS TAREAS SECUNDARIAS/Pruebas Compensación/situacion_adminitrativa-(situacion-actos)/input_Sueldo_form_actosDirectosEmpleadosueldo"), "value"): Attribute 'value' of object 'Object Repository/2-OBJECTS TAREAS SECUNDARIAS/Pruebas Compensación/situacion_adminitrativa-(situacion-actos)/input_Sueldo_form_actosDirectosEmpleadosueldo' is: '689455.00'

2023-03-09 13:48:13 - [MESSAGE][PASSED] - Attribute 'value' of object 'Object Repository/2-OBJECTS TAREAS SECUNDARIAS/Pruebas Compensación/situacion_adminitrativa-(situacion-actos)/input_Sueldo_form_actosDirectosEmpleadosueldo' is: '689455.00'

2023-03-09 13:48:13 - [TEST_STEP][PASSED] - if (filepath == "689455.00"): Text '700000' is set on object 'Object Repository/2-OBJECTS TAREAS SECUNDARIAS/Pruebas Compensación/situacion_adminitrativa-(situacion-actos)/input_Sueldo_form_actosDirectosEmpleadosueldo'

2023-03-09 13:48:13 - [TEST_STEP][PASSED] - setText(findTestObject("2-OBJECTS TAREAS SECUNDARIAS/Pruebas Compensación/situacion_adminitrativa-(situacion-actos)/input_Sueldo_form_actosDirectosEmpleadosueldo"), "700000"): Text '700000' is set on object 'Object Repository/2-OBJECTS TAREAS SECUNDARIAS/Pruebas Compensación/situacion_adminitrativa-(situacion-actos)/input_Sueldo_form_actosDirectosEmpleadosueldo'

2023-03-09 13:48:14 - [MESSAGE][PASSED] - Text '700000' is set on object 'Object Repository/2-OBJECTS TAREAS SECUNDARIAS/Pruebas Compensación/situacion_adminitrativa-(situacion-actos)/input_Sueldo_form_actosDirectosEmpleadosueldo'

2023-03-09 13:48:14 - [TEST_STEP][PASSED] - click(findTestObject("2-OBJECTS TAREAS SECUNDARIAS/Pruebas Compensación/situacion_adminitrativa-(situacion-actos)/a_Continuar")): Object: 'Object Repository/2-OBJECTS TAREAS SECUNDARIAS/Pruebas Compensación/situacion_adminitrativa-(situacion-actos)/a_Continuar' is clicked on

2023-03-09 13:48:14 - [MESSAGE][PASSED] - Object: 'Object Repository/2-OBJECTS TAREAS SECUNDARIAS/Pruebas Compensación/situacion_adminitrativa-(situacion-actos)/a_Continuar' is clicked on

2023-03-09 13:48:14 - [TEST_STEP][PASSED] - click(findTestObject("2-OBJECTS TAREAS SECUNDARIAS/Pruebas Compensación/situacion_adminitrativa-(situacion-actos)/a_Aplicar")): Object: 'Object Repository/2-OBJECTS TAREAS SECUNDARIAS/Pruebas Compensación/situacion_adminitrativa-(situacion-actos)/a_Aplicar' is clicked on

2023-03-09 13:48:15 - [MESSAGE][PASSED] - Object: 'Object Repository/2-OBJECTS TAREAS SECUNDARIAS/Pruebas Compensación/situacion_adminitrativa-(situacion-actos)/a_Aplicar' is clicked on

2023-03-09 13:48:15 - [TEST_STEP][PASSED] - click(findTestObject("2-OBJECTS TAREAS SECUNDARIAS/Pruebas Compensación/situacion_adminitrativa-(situacion-actos)/a_SI")): Object: 'Object Repository/2-OBJECTS TAREAS SECUNDARIAS/Pruebas Compensación/situacion_adminitrativa-(situacion-actos)/a_SI' is clicked on

2023-03-09 13:48:16 - [MESSAGE][PASSED] - Object: 'Object Repository/2-OBJECTS TAREAS SECUNDARIAS/Pruebas Compensación/situacion_adminitrativa-(situacion-actos)/a_SI' is clicked on

2023-03-09 13:48:16 - [TEST_STEP][PASSED] - click(findTestObject("2-OBJECTS TAREAS SECUNDARIAS/Pruebas Compensación/situacion_adminitrativa-(situacion-actos)/a_Aceptar")): Object: 'Object Repository/2-OBJECTS TAREAS SECUNDARIAS/Pruebas Compensación/situacion_adminitrativa-(situacion-actos)/a_Aceptar' is clicked on

2023-03-09 13:48:17 - [MESSAGE][PASSED] - Object: 'Object Repository/2-OBJECTS TAREAS SECUNDARIAS/Pruebas Compensación/situacion_adminitrativa-(situacion-actos)/a_Aceptar' is clicked on

2023-03-09 13:48:17 - [TEST_STEP][PASSED] - setText(findTestObject("2-OBJECTS TAREAS SECUNDARIAS/Pruebas Compensación/situacion_adminitrativa-(situacion-actos)/input_Empresa 1_form_templatej_idt24_input"), "actos administrativos"): Text 'actos administrativos' is set on object 'Object Repository/2-OBJECTS TAREAS SECUNDARIAS/Pruebas Compensación/situacion_adminitrativa-(situacion-actos)/input_Empresa 1_form_templatej_idt24_input'

2023-03-09 13:48:18 - [MESSAGE][PASSED] - Text 'actos administrativos' is set on object 'Object Repository/2-OBJECTS TAREAS SECUNDARIAS/Pruebas Compensación/situacion_adminitrativa-(situacion-actos)/input_Empresa 1_form_templatej_idt24_input'

2023-03-09 13:48:18 - [TEST_STEP][PASSED] - click(findTestObject("2-OBJECTS TAREAS SECUNDARIAS/Pruebas Compensación/situacion_adminitrativa-(situacion-actos)/span_Listado de Empleados")): Object: 'Object Repository/2-OBJECTS TAREAS SECUNDARIAS/Pruebas Compensación/situacion_adminitrativa-(situacion-actos)/span_Listado de Empleados' is clicked on

2023-03-09 13:48:19 - [MESSAGE][PASSED] - Object: 'Object Repository/2-OBJECTS TAREAS SECUNDARIAS/Pruebas Compensación/situacion_adminitrativa-(situacion-actos)/span_Listado de Empleados' is clicked on

2023-03-09 13:48:19 - [TEST_STEP][PASSED] - click(findTestObject("2-OBJECTS TAREAS SECUNDARIAS/Pruebas Compensación/situacion_adminitrativa-(situacion-actos)/i_Actos_glyphicons glyphicons-group x3 icon-acto")): Object: 'Object Repository/2-OBJECTS TAREAS SECUNDARIAS/Pruebas Compensación/situacion_adminitrativa-(situacion-actos)/i_Actos_glyphicons glyphicons-group x3 icon-acto' is clicked on

2023-03-09 13:48:22 - [MESSAGE][PASSED] - Object: 'Object Repository/2-OBJECTS TAREAS SECUNDARIAS/Pruebas Compensación/situacion_adminitrativa-(situacion-actos)/i_Actos_glyphicons glyphicons-group x3 icon-acto' is clicked on

2023-03-09 13:48:22 - [TEST_STEP][PASSED] - click(findTestObject("2-OBJECTS TAREAS SECUNDARIAS/Pruebas Compensación/situacion_adminitrativa-(situacion-actos)/a_Acto cambio del Empleado_form_ActosAdministrativostabla_principal_10j_idt79")): Object: 'Object Repository/2-OBJECTS TAREAS SECUNDARIAS/Pruebas Compensación/situacion_adminitrativa-(situacion-actos)/a_Acto cambio del Empleado_form_ActosAdministrativostabla_principal_10j_idt79' is clicked on

2023-03-09 13:48:23 - [MESSAGE][PASSED] - Object: 'Object Repository/2-OBJECTS TAREAS SECUNDARIAS/Pruebas Compensación/situacion_adminitrativa-(situacion-actos)/a_Acto cambio del Empleado_form_ActosAdministrativostabla_principal_10j_idt79' is clicked on

2023-03-09 13:48:23 - [TEST_STEP][PASSED] - click(findTestObject("2-OBJECTS TAREAS SECUNDARIAS/Pruebas Compensación/situacion_adminitrativa-(situacion-actos)/span_Nomina")): Object: 'Object Repository/2-OBJECTS TAREAS SECUNDARIAS/Pruebas Compensación/situacion_adminitrativa-(situacion-actos)/span_Nomina' is clicked on

2023-03-09 13:48:23 - [MESSAGE][PASSED] - Object: 'Object Repository/2-OBJECTS TAREAS SECUNDARIAS/Pruebas Compensación/situacion_adminitrativa-(situacion-actos)/span_Nomina' is clicked on

2023-03-09 13:48:23 - [TEST_STEP][PASSED] - setText(findTestObject("2-OBJECTS TAREAS SECUNDARIAS/Pruebas Compensación/situacion_adminitrativa-(situacion-actos)/input_Empleados_form_ActosAdministrativosj_idt104"), "Cambio De Sueldo"): Text 'Cambio De Sueldo' is set on object 'Object Repository/2-OBJECTS TAREAS SECUNDARIAS/Pruebas Compensación/situacion_adminitrativa-(situacion-actos)/input_Empleados_form_ActosAdministrativosj_idt104'

2023-03-09 13:48:24 - [MESSAGE][PASSED] - Text 'Cambio De Sueldo' is set on object 'Object Repository/2-OBJECTS TAREAS SECUNDARIAS/Pruebas Compensación/situacion_adminitrativa-(situacion-actos)/input_Empleados_form_ActosAdministrativosj_idt104'

2023-03-09 13:48:24 - [TEST_STEP][PASSED] - sendKeys(findTestObject("2-OBJECTS TAREAS SECUNDARIAS/Pruebas Compensación/situacion_adminitrativa-(situacion-actos)/input_Empleados_form_ActosAdministrativosj_idt104"), Keys.chord(ENTER)): Keys 'ENTER + ' sent to object: 'Object Repository/2-OBJECTS TAREAS SECUNDARIAS/Pruebas Compensación/situacion_adminitrativa-(situacion-actos)/input_Empleados_form_ActosAdministrativosj_idt104'

2023-03-09 13:48:25 - [MESSAGE][PASSED] - Keys 'ENTER + ' sent to object: 'Object Repository/2-OBJECTS TAREAS SECUNDARIAS/Pruebas Compensación/situacion_adminitrativa-(situacion-actos)/input_Empleados_form_ActosAdministrativosj_idt104'

2023-03-09 13:48:25 - [TEST_STEP][PASSED] - click(findTestObject("2-OBJECTS TAREAS SECUNDARIAS/Pruebas Compensación/situacion_adminitrativa-(situacion-actos)/span_cambio de sueldo_")): Object: 'Object Repository/2-OBJECTS TAREAS SECUNDARIAS/Pruebas Compensación/situacion_adminitrativa-(situacion-actos)/span_cambio de sueldo_' is clicked on

2023-03-09 13:48:25 - [MESSAGE][PASSED] - Object: 'Object Repository/2-OBJECTS TAREAS SECUNDARIAS/Pruebas Compensación/situacion_adminitrativa-(situacion-actos)/span_cambio de sueldo_' is clicked on

2023-03-09 13:48:25 - [TEST_STEP][PASSED] - click(findTestObject("2-OBJECTS TAREAS SECUNDARIAS/Pruebas Compensación/situacion_adminitrativa-(situacion-actos)/a_Elaboracin_form_popupSeleccionDerogarj_idt408")): Object: 'Object Repository/2-OBJECTS TAREAS SECUNDARIAS/Pruebas Compensación/situacion_adminitrativa-(situacion-actos)/a_Elaboracin_form_popupSeleccionDerogarj_idt408' is clicked on

2023-03-09 13:48:26 - [MESSAGE][PASSED] - Object: 'Object Repository/2-OBJECTS TAREAS SECUNDARIAS/Pruebas Compensación/situacion_adminitrativa-(situacion-actos)/a_Elaboracin_form_popupSeleccionDerogarj_idt408' is clicked on

2023-03-09 13:48:26 - [TEST_STEP][PASSED] - click(findTestObject("2-OBJECTS TAREAS SECUNDARIAS/Pruebas Compensación/situacion_adminitrativa-(situacion-actos)/a_Contrato_form_popupSeleccionDerogarTrasladoj_idt372")): Object: 'Object Repository/2-OBJECTS TAREAS SECUNDARIAS/Pruebas Compensación/situacion_adminitrativa-(situacion-actos)/a_Contrato_form_popupSeleccionDerogarTrasladoj_idt372' is clicked on

2023-03-09 13:48:27 - [MESSAGE][PASSED] - Object: 'Object Repository/2-OBJECTS TAREAS SECUNDARIAS/Pruebas Compensación/situacion_adminitrativa-(situacion-actos)/a_Contrato_form_popupSeleccionDerogarTrasladoj_idt372' is clicked on

2023-03-09 13:48:27 - [TEST_STEP][PASSED] - setText(findTestObject("2-OBJECTS TAREAS SECUNDARIAS/Pruebas Compensación/situacion_adminitrativa-(situacion-actos)/input_Filtro Empleado_form_popupEmpleadoj_idt895"), "1252462"): Text '1252462' is set on object 'Object Repository/2-OBJECTS TAREAS SECUNDARIAS/Pruebas Compensación/situacion_adminitrativa-(situacion-actos)/input_Filtro Empleado_form_popupEmpleadoj_idt895'

2023-03-09 13:48:28 - [MESSAGE][PASSED] - Text '1252462' is set on object 'Object Repository/2-OBJECTS TAREAS SECUNDARIAS/Pruebas Compensación/situacion_adminitrativa-(situacion-actos)/input_Filtro Empleado_form_popupEmpleadoj_idt895'

2023-03-09 13:48:28 - [TEST_STEP][PASSED] - sendKeys(findTestObject("2-OBJECTS TAREAS SECUNDARIAS/Pruebas Compensación/situacion_adminitrativa-(situacion-actos)/input_Filtro Empleado_form_popupEmpleadoj_idt895"), Keys.chord(ENTER)): Keys 'ENTER + ' sent to object: 'Object Repository/2-OBJECTS TAREAS SECUNDARIAS/Pruebas Compensación/situacion_adminitrativa-(situacion-actos)/input_Filtro Empleado_form_popupEmpleadoj_idt895'

2023-03-09 13:48:28 - [MESSAGE][PASSED] - Keys 'ENTER + ' sent to object: 'Object Repository/2-OBJECTS TAREAS SECUNDARIAS/Pruebas Compensación/situacion_adminitrativa-(situacion-actos)/input_Filtro Empleado_form_popupEmpleadoj_idt895'

2023-03-09 13:48:28 - [TEST_STEP][PASSED] - click(findTestObject("2-OBJECTS TAREAS SECUNDARIAS/Pruebas Compensación/situacion_adminitrativa-(situacion-actos)/span_1252462_")): Object: 'Object Repository/2-OBJECTS TAREAS SECUNDARIAS/Pruebas Compensación/situacion_adminitrativa-(situacion-actos)/span_1252462_' is clicked on

2023-03-09 13:48:29 - [MESSAGE][PASSED] - Object: 'Object Repository/2-OBJECTS TAREAS SECUNDARIAS/Pruebas Compensación/situacion_adminitrativa-(situacion-actos)/span_1252462_' is clicked on

2023-03-09 13:48:29 - [TEST_STEP][PASSED] - click(findTestObject("2-OBJECTS TAREAS SECUNDARIAS/Pruebas Compensación/situacion_adminitrativa-(situacion-actos)/td_03062022")): Object: 'Object Repository/2-OBJECTS TAREAS SECUNDARIAS/Pruebas Compensación/situacion_adminitrativa-(situacion-actos)/td_03062022' is clicked on

2023-03-09 13:48:30 - [MESSAGE][PASSED] - Object: 'Object Repository/2-OBJECTS TAREAS SECUNDARIAS/Pruebas Compensación/situacion_adminitrativa-(situacion-actos)/td_03062022' is clicked on

2023-03-09 13:48:30 - [TEST_STEP][PASSED] - selectOptionByIndex(findTestObject("2-OBJECTS TAREAS SECUNDARIAS/Pruebas Compensación/situacion_adminitrativa-(situacion-actos)/select_- No Relacionado1  - Cambio Datos Del Puesto10 - Ingreso Puesto Nuevo11"), 2): All options with index in [2] are selected on object 'Object Repository/2-OBJECTS TAREAS SECUNDARIAS/Pruebas Compensación/situacion_adminitrativa-(situacion-actos)/select_- No Relacionado1  - Cambio Datos Del Puesto10 - Ingreso Puesto Nuevo11'

2023-03-09 13:48:31 - [MESSAGE][PASSED] - All options with index in [2] are selected on object 'Object Repository/2-OBJECTS TAREAS SECUNDARIAS/Pruebas Compensación/situacion_adminitrativa-(situacion-actos)/select_- No Relacionado1  - Cambio Datos Del Puesto10 - Ingreso Puesto Nuevo11'

2023-03-09 13:48:31 - [TEST_STEP][PASSED] - setText(findTestObject("2-OBJECTS TAREAS SECUNDARIAS/Pruebas Compensación/situacion_adminitrativa-(situacion-actos)/input__form_actoIngresoj_idt9841fecha_input"), Fecha()): null

2023-03-09 13:48:31 - [TEST_STEP][PASSED] - today = new java.util.Date(): null

2023-03-09 13:48:31 - [TEST_STEP][PASSED] - Fecha = today.format("dd/MM/yyyy"): null

2023-03-09 13:48:31 - [TEST_STEP][PASSED] - FechaF = Fecha: Text '09/03/2023' is set on object 'Object Repository/2-OBJECTS TAREAS SECUNDARIAS/Pruebas Compensación/situacion_adminitrativa-(situacion-actos)/input__form_actoIngresoj_idt9841fecha_input'

2023-03-09 13:48:32 - [MESSAGE][PASSED] - Text '09/03/2023' is set on object 'Object Repository/2-OBJECTS TAREAS SECUNDARIAS/Pruebas Compensación/situacion_adminitrativa-(situacion-actos)/input__form_actoIngresoj_idt9841fecha_input'

2023-03-09 13:48:32 - [TEST_STEP][PASSED] - click(findTestObject("2-OBJECTS TAREAS SECUNDARIAS/Pruebas Compensación/situacion_adminitrativa-(situacion-actos)/a_Continuar2")): Object: 'Object Repository/2-OBJECTS TAREAS SECUNDARIAS/Pruebas Compensación/situacion_adminitrativa-(situacion-actos)/a_Continuar2' is clicked on

2023-03-09 13:48:33 - [MESSAGE][PASSED] - Object: 'Object Repository/2-OBJECTS TAREAS SECUNDARIAS/Pruebas Compensación/situacion_adminitrativa-(situacion-actos)/a_Continuar2' is clicked on

2023-03-09 13:48:33 - [TEST_STEP][PASSED] - click(findTestObject("2-OBJECTS TAREAS SECUNDARIAS/Pruebas Compensación/situacion_adminitrativa-(situacion-actos)/a_Aplicar2")): Object: 'Object Repository/2-OBJECTS TAREAS SECUNDARIAS/Pruebas Compensación/situacion_adminitrativa-(situacion-actos)/a_Aplicar2' is clicked on

2023-03-09 13:48:33 - [MESSAGE][PASSED] - Object: 'Object Repository/2-OBJECTS TAREAS SECUNDARIAS/Pruebas Compensación/situacion_adminitrativa-(situacion-actos)/a_Aplicar2' is clicked on

2023-03-09 13:48:33 - [TEST_STEP][PASSED] - Result = getText(findTestObject("3-OBJECTS UTILIDADES/Alerta/Alerta")): Text of object 'Object Repository/3-OBJECTS UTILIDADES/Alerta/Alerta' is: 'EL SISTEMA HA GENERADO EL ACTO ADMINISTRATIVO CORRECTAMENTE'

2023-03-09 13:48:34 - [MESSAGE][PASSED] - Text of object 'Object Repository/3-OBJECTS UTILIDADES/Alerta/Alerta' is: 'EL SISTEMA HA GENERADO EL ACTO ADMINISTRATIVO CORRECTAMENTE'

2023-03-09 13:48:34 - [TEST_STEP][PASSED] - verificador(): null

2023-03-09 13:48:34 - [TEST_STEP][PASSED] - setText(findTestObject("2-OBJECTS TAREAS SECUNDARIAS/Pruebas Compensación/situacion_adminitrativa-(situacion-actos)/input_Empresa 1_form_templatej_idt24_input"), "actos administrativos"): Text 'actos administrativos' is set on object 'Object Repository/2-OBJECTS TAREAS SECUNDARIAS/Pruebas Compensación/situacion_adminitrativa-(situacion-actos)/input_Empresa 1_form_templatej_idt24_input'

2023-03-09 13:48:35 - [MESSAGE][PASSED] - Text 'actos administrativos' is set on object 'Object Repository/2-OBJECTS TAREAS SECUNDARIAS/Pruebas Compensación/situacion_adminitrativa-(situacion-actos)/input_Empresa 1_form_templatej_idt24_input'

2023-03-09 13:48:35 - [TEST_STEP][PASSED] - click(findTestObject("2-OBJECTS TAREAS SECUNDARIAS/Pruebas Compensación/situacion_adminitrativa-(situacion-actos)/span_Listado de Empleados")): Object: 'Object Repository/2-OBJECTS TAREAS SECUNDARIAS/Pruebas Compensación/situacion_adminitrativa-(situacion-actos)/span_Listado de Empleados' is clicked on

2023-03-09 13:48:37 - [MESSAGE][PASSED] - Object: 'Object Repository/2-OBJECTS TAREAS SECUNDARIAS/Pruebas Compensación/situacion_adminitrativa-(situacion-actos)/span_Listado de Empleados' is clicked on

2023-03-09 13:48:37 - [TEST_STEP][PASSED] - click(findTestObject("2-OBJECTS TAREAS SECUNDARIAS/Pruebas Compensación/situacion_adminitrativa-(situacion-actos)/i_Actos_glyphicons glyphicons-group x3 icon-acto")): Object: 'Object Repository/2-OBJECTS TAREAS SECUNDARIAS/Pruebas Compensación/situacion_adminitrativa-(situacion-actos)/i_Actos_glyphicons glyphicons-group x3 icon-acto' is clicked on

2023-03-09 13:48:39 - [MESSAGE][PASSED] - Object: 'Object Repository/2-OBJECTS TAREAS SECUNDARIAS/Pruebas Compensación/situacion_adminitrativa-(situacion-actos)/i_Actos_glyphicons glyphicons-group x3 icon-acto' is clicked on

2023-03-09 13:48:39 - [TEST_STEP][PASSED] - opcion1 = getText(findTestObject("2-OBJECTS TAREAS SECUNDARIAS/Pruebas Compensación/situacion_adminitrativa-(situacion-actos)/verificarActoAdministrativos_cambio_DE_Sueldo/span_opcion1")): Text of object 'Object Repository/2-OBJECTS TAREAS SECUNDARIAS/Pruebas Compensación/situacion_adminitrativa-(situacion-actos)/verificarActoAdministrativos_cambio_DE_Sueldo/span_opcion1' is: 'Elaborar'

2023-03-09 13:48:40 - [MESSAGE][PASSED] - Text of object 'Object Repository/2-OBJECTS TAREAS SECUNDARIAS/Pruebas Compensación/situacion_adminitrativa-(situacion-actos)/verificarActoAdministrativos_cambio_DE_Sueldo/span_opcion1' is: 'Elaborar'

2023-03-09 13:48:40 - [TEST_STEP][PASSED] - opcion2 = getText(findTestObject("2-OBJECTS TAREAS SECUNDARIAS/Pruebas Compensación/situacion_adminitrativa-(situacion-actos)/verificarActoAdministrativos_cambio_DE_Sueldo/span_opcion2")): Text of object 'Object Repository/2-OBJECTS TAREAS SECUNDARIAS/Pruebas Compensación/situacion_adminitrativa-(situacion-actos)/verificarActoAdministrativos_cambio_DE_Sueldo/span_opcion2' is: 'Eliminar'

2023-03-09 13:48:40 - [MESSAGE][PASSED] - Text of object 'Object Repository/2-OBJECTS TAREAS SECUNDARIAS/Pruebas Compensación/situacion_adminitrativa-(situacion-actos)/verificarActoAdministrativos_cambio_DE_Sueldo/span_opcion2' is: 'Eliminar'

2023-03-09 13:48:40 - [TEST_STEP][PASSED] - opcion3 = getText(findTestObject("2-OBJECTS TAREAS SECUNDARIAS/Pruebas Compensación/situacion_adminitrativa-(situacion-actos)/verificarActoAdministrativos_cambio_DE_Sueldo/span_opcion3")): Text of object 'Object Repository/2-OBJECTS TAREAS SECUNDARIAS/Pruebas Compensación/situacion_adminitrativa-(situacion-actos)/verificarActoAdministrativos_cambio_DE_Sueldo/span_opcion3' is: 'Legalizar'

2023-03-09 13:48:41 - [MESSAGE][PASSED] - Text of object 'Object Repository/2-OBJECTS TAREAS SECUNDARIAS/Pruebas Compensación/situacion_adminitrativa-(situacion-actos)/verificarActoAdministrativos_cambio_DE_Sueldo/span_opcion3' is: 'Legalizar'

2023-03-09 13:48:41 - [TEST_STEP][PASSED] - opcion4 = getText(findTestObject("2-OBJECTS TAREAS SECUNDARIAS/Pruebas Compensación/situacion_adminitrativa-(situacion-actos)/verificarActoAdministrativos_cambio_DE_Sueldo/span_opcion4")): Text of object 'Object Repository/2-OBJECTS TAREAS SECUNDARIAS/Pruebas Compensación/situacion_adminitrativa-(situacion-actos)/verificarActoAdministrativos_cambio_DE_Sueldo/span_opcion4' is: 'Modificar'

2023-03-09 13:48:41 - [MESSAGE][PASSED] - Text of object 'Object Repository/2-OBJECTS TAREAS SECUNDARIAS/Pruebas Compensación/situacion_adminitrativa-(situacion-actos)/verificarActoAdministrativos_cambio_DE_Sueldo/span_opcion4' is: 'Modificar'

2023-03-09 13:48:41 - [TEST_STEP][PASSED] - switch (opcion1 && opcion2 && opcion3 && opcion4): null

2023-03-09 13:48:41 - [TEST_STEP][PASSED] - case opcion2 == "Eliminar":: null

2023-03-09 13:48:41 - [TEST_STEP][PASSED] - click(findTestObject("2-OBJECTS TAREAS SECUNDARIAS/Pruebas Compensación/situacion_adminitrativa-(situacion-actos)/verificarActoAdministrativos_cambio_DE_Sueldo/a_icono2")): Object: 'Object Repository/2-OBJECTS TAREAS SECUNDARIAS/Pruebas Compensación/situacion_adminitrativa-(situacion-actos)/verificarActoAdministrativos_cambio_DE_Sueldo/a_icono2' is clicked on

2023-03-09 13:48:41 - [MESSAGE][PASSED] - Object: 'Object Repository/2-OBJECTS TAREAS SECUNDARIAS/Pruebas Compensación/situacion_adminitrativa-(situacion-actos)/verificarActoAdministrativos_cambio_DE_Sueldo/a_icono2' is clicked on

2023-03-09 13:48:41 - [TEST_STEP][PASSED] - break: null

2023-03-09 13:48:41 - [TEST_STEP][PASSED] - while (waitForElementVisible(findTestObject("2-OBJECTS TAREAS SECUNDARIAS/Pruebas Compensación/situacion_adminitrativa-(situacion-actos)/verificarActoAdministrativos_cambio_DE_Sueldo/input_Filtrar por Actos Administrativos"), 1)): null

2023-03-09 13:48:42 - [MESSAGE][PASSED] - Object 'Object Repository/2-OBJECTS TAREAS SECUNDARIAS/Pruebas Compensación/situacion_adminitrativa-(situacion-actos)/verificarActoAdministrativos_cambio_DE_Sueldo/input_Filtrar por Actos Administrativos' is visible

2023-03-09 13:48:42 - [TEST_STEP][PASSED] - setText(findTestObject("2-OBJECTS TAREAS SECUNDARIAS/Pruebas Compensación/situacion_adminitrativa-(situacion-actos)/verificarActoAdministrativos_cambio_DE_Sueldo/input_Filtrar por Actos Administrativos"), "Cambio De Sueldo"): Text 'Cambio De Sueldo' is set on object 'Object Repository/2-OBJECTS TAREAS SECUNDARIAS/Pruebas Compensación/situacion_adminitrativa-(situacion-actos)/verificarActoAdministrativos_cambio_DE_Sueldo/input_Filtrar por Actos Administrativos'

2023-03-09 13:48:43 - [MESSAGE][PASSED] - Text 'Cambio De Sueldo' is set on object 'Object Repository/2-OBJECTS TAREAS SECUNDARIAS/Pruebas Compensación/situacion_adminitrativa-(situacion-actos)/verificarActoAdministrativos_cambio_DE_Sueldo/input_Filtrar por Actos Administrativos'

2023-03-09 13:48:43 - [TEST_STEP][PASSED] - sendKeys(findTestObject("2-OBJECTS TAREAS SECUNDARIAS/Pruebas Compensación/situacion_adminitrativa-(situacion-actos)/verificarActoAdministrativos_cambio_DE_Sueldo/input_Filtrar por Actos Administrativos"), Keys.chord(ENTER)): Keys 'ENTER + ' sent to object: 'Object Repository/2-OBJECTS TAREAS SECUNDARIAS/Pruebas Compensación/situacion_adminitrativa-(situacion-actos)/verificarActoAdministrativos_cambio_DE_Sueldo/input_Filtrar por Actos Administrativos'

2023-03-09 13:48:44 - [MESSAGE][PASSED] - Keys 'ENTER + ' sent to object: 'Object Repository/2-OBJECTS TAREAS SECUNDARIAS/Pruebas Compensación/situacion_adminitrativa-(situacion-actos)/verificarActoAdministrativos_cambio_DE_Sueldo/input_Filtrar por Actos Administrativos'

2023-03-09 13:48:44 - [TEST_STEP][PASSED] - if (waitForElementVisible(findTestObject("2-OBJECTS TAREAS SECUNDARIAS/Pruebas Compensación/situacion_adminitrativa-(situacion-actos)/verificarActoAdministrativos_cambio_DE_Sueldo/td_Cambio De Sueldo"), 1)): null

2023-03-09 13:48:44 - [MESSAGE][PASSED] - Object 'Object Repository/2-OBJECTS TAREAS SECUNDARIAS/Pruebas Compensación/situacion_adminitrativa-(situacion-actos)/verificarActoAdministrativos_cambio_DE_Sueldo/td_Cambio De Sueldo' is visible

2023-03-09 13:48:44 - [TEST_STEP][PASSED] - click(findTestObject("2-OBJECTS TAREAS SECUNDARIAS/Pruebas Compensación/situacion_adminitrativa-(situacion-actos)/verificarActoAdministrativos_cambio_DE_Sueldo/td_Cambio De Sueldo")): Object: 'Object Repository/2-OBJECTS TAREAS SECUNDARIAS/Pruebas Compensación/situacion_adminitrativa-(situacion-actos)/verificarActoAdministrativos_cambio_DE_Sueldo/td_Cambio De Sueldo' is clicked on

2023-03-09 13:48:45 - [MESSAGE][PASSED] - Object: 'Object Repository/2-OBJECTS TAREAS SECUNDARIAS/Pruebas Compensación/situacion_adminitrativa-(situacion-actos)/verificarActoAdministrativos_cambio_DE_Sueldo/td_Cambio De Sueldo' is clicked on

2023-03-09 13:48:45 - [TEST_STEP][PASSED] - click(findTestObject("2-OBJECTS TAREAS SECUNDARIAS/Pruebas Compensación/situacion_adminitrativa-(situacion-actos)/verificarActoAdministrativos_cambio_DE_Sueldo/a_Aplicar")): Object: 'Object Repository/2-OBJECTS TAREAS SECUNDARIAS/Pruebas Compensación/situacion_adminitrativa-(situacion-actos)/verificarActoAdministrativos_cambio_DE_Sueldo/a_Aplicar' is clicked on

2023-03-09 13:48:46 - [MESSAGE][PASSED] - Object: 'Object Repository/2-OBJECTS TAREAS SECUNDARIAS/Pruebas Compensación/situacion_adminitrativa-(situacion-actos)/verificarActoAdministrativos_cambio_DE_Sueldo/a_Aplicar' is clicked on

2023-03-09 13:48:46 - [TEST_STEP][PASSED] - if (waitForElementVisible(findTestObject("2-OBJECTS TAREAS SECUNDARIAS/Pruebas Compensación/situacion_adminitrativa-(situacion-actos)/verificarActoAdministrativos_cambio_DE_Sueldo/span_Si"), 1)): null

2023-03-09 13:48:46 - [MESSAGE][PASSED] - Object 'Object Repository/2-OBJECTS TAREAS SECUNDARIAS/Pruebas Compensación/situacion_adminitrativa-(situacion-actos)/verificarActoAdministrativos_cambio_DE_Sueldo/span_Si' is visible

2023-03-09 13:48:46 - [TEST_STEP][PASSED] - click(findTestObject("2-OBJECTS TAREAS SECUNDARIAS/Pruebas Compensación/situacion_adminitrativa-(situacion-actos)/verificarActoAdministrativos_cambio_DE_Sueldo/span_Si")): Object: 'Object Repository/2-OBJECTS TAREAS SECUNDARIAS/Pruebas Compensación/situacion_adminitrativa-(situacion-actos)/verificarActoAdministrativos_cambio_DE_Sueldo/span_Si' is clicked on

2023-03-09 13:48:47 - [MESSAGE][PASSED] - Object: 'Object Repository/2-OBJECTS TAREAS SECUNDARIAS/Pruebas Compensación/situacion_adminitrativa-(situacion-actos)/verificarActoAdministrativos_cambio_DE_Sueldo/span_Si' is clicked on

2023-03-09 13:48:47 - [TEST_STEP][PASSED] - if (waitForElementVisible(findTestObject("2-OBJECTS TAREAS SECUNDARIAS/Pruebas Compensación/situacion_adminitrativa-(situacion-actos)/verificarActoAdministrativos_cambio_DE_Sueldo/a_Aceptar"), 1)): null

2023-03-09 13:48:48 - [MESSAGE][PASSED] - Object 'Object Repository/2-OBJECTS TAREAS SECUNDARIAS/Pruebas Compensación/situacion_adminitrativa-(situacion-actos)/verificarActoAdministrativos_cambio_DE_Sueldo/a_Aceptar' is visible

2023-03-09 13:48:48 - [TEST_STEP][PASSED] - click(findTestObject("2-OBJECTS TAREAS SECUNDARIAS/Pruebas Compensación/situacion_adminitrativa-(situacion-actos)/verificarActoAdministrativos_cambio_DE_Sueldo/a_Aceptar")): Object 'Object Repository/2-OBJECTS TAREAS SECUNDARIAS/Pruebas Compensación/situacion_adminitrativa-(situacion-actos)/verificarActoAdministrativos_cambio_DE_Sueldo/input_Filtrar por Actos Administrativos' is visible

2023-03-09 13:48:48 - [MESSAGE][PASSED] - Object: 'Object Repository/2-OBJECTS TAREAS SECUNDARIAS/Pruebas Compensación/situacion_adminitrativa-(situacion-actos)/verificarActoAdministrativos_cambio_DE_Sueldo/a_Aceptar' is clicked on

2023-03-09 13:48:49 - [MESSAGE][PASSED] - Object 'Object Repository/2-OBJECTS TAREAS SECUNDARIAS/Pruebas Compensación/situacion_adminitrativa-(situacion-actos)/verificarActoAdministrativos_cambio_DE_Sueldo/input_Filtrar por Actos Administrativos' is visible

2023-03-09 13:48:49 - [TEST_STEP][PASSED] - setText(findTestObject("2-OBJECTS TAREAS SECUNDARIAS/Pruebas Compensación/situacion_adminitrativa-(situacion-actos)/verificarActoAdministrativos_cambio_DE_Sueldo/input_Filtrar por Actos Administrativos"), "Cambio De Sueldo"): Text 'Cambio De Sueldo' is set on object 'Object Repository/2-OBJECTS TAREAS SECUNDARIAS/Pruebas Compensación/situacion_adminitrativa-(situacion-actos)/verificarActoAdministrativos_cambio_DE_Sueldo/input_Filtrar por Actos Administrativos'

2023-03-09 13:48:50 - [MESSAGE][PASSED] - Text 'Cambio De Sueldo' is set on object 'Object Repository/2-OBJECTS TAREAS SECUNDARIAS/Pruebas Compensación/situacion_adminitrativa-(situacion-actos)/verificarActoAdministrativos_cambio_DE_Sueldo/input_Filtrar por Actos Administrativos'

2023-03-09 13:48:50 - [TEST_STEP][PASSED] - sendKeys(findTestObject("2-OBJECTS TAREAS SECUNDARIAS/Pruebas Compensación/situacion_adminitrativa-(situacion-actos)/verificarActoAdministrativos_cambio_DE_Sueldo/input_Filtrar por Actos Administrativos"), Keys.chord(ENTER)): Keys 'ENTER + ' sent to object: 'Object Repository/2-OBJECTS TAREAS SECUNDARIAS/Pruebas Compensación/situacion_adminitrativa-(situacion-actos)/verificarActoAdministrativos_cambio_DE_Sueldo/input_Filtrar por Actos Administrativos'

2023-03-09 13:48:50 - [MESSAGE][PASSED] - Keys 'ENTER + ' sent to object: 'Object Repository/2-OBJECTS TAREAS SECUNDARIAS/Pruebas Compensación/situacion_adminitrativa-(situacion-actos)/verificarActoAdministrativos_cambio_DE_Sueldo/input_Filtrar por Actos Administrativos'

2023-03-09 13:48:50 - [TEST_STEP][PASSED] - if (waitForElementVisible(findTestObject("2-OBJECTS TAREAS SECUNDARIAS/Pruebas Compensación/situacion_adminitrativa-(situacion-actos)/verificarActoAdministrativos_cambio_DE_Sueldo/td_Cambio De Sueldo"), 1)): null

2023-03-09 13:48:51 - [MESSAGE][PASSED] - Object 'Object Repository/2-OBJECTS TAREAS SECUNDARIAS/Pruebas Compensación/situacion_adminitrativa-(situacion-actos)/verificarActoAdministrativos_cambio_DE_Sueldo/td_Cambio De Sueldo' is visible

2023-03-09 13:48:51 - [TEST_STEP][PASSED] - click(findTestObject("2-OBJECTS TAREAS SECUNDARIAS/Pruebas Compensación/situacion_adminitrativa-(situacion-actos)/verificarActoAdministrativos_cambio_DE_Sueldo/td_Cambio De Sueldo")): Object: 'Object Repository/2-OBJECTS TAREAS SECUNDARIAS/Pruebas Compensación/situacion_adminitrativa-(situacion-actos)/verificarActoAdministrativos_cambio_DE_Sueldo/td_Cambio De Sueldo' is clicked on

2023-03-09 13:48:51 - [MESSAGE][PASSED] - Object: 'Object Repository/2-OBJECTS TAREAS SECUNDARIAS/Pruebas Compensación/situacion_adminitrativa-(situacion-actos)/verificarActoAdministrativos_cambio_DE_Sueldo/td_Cambio De Sueldo' is clicked on

2023-03-09 13:48:51 - [TEST_STEP][PASSED] - click(findTestObject("2-OBJECTS TAREAS SECUNDARIAS/Pruebas Compensación/situacion_adminitrativa-(situacion-actos)/verificarActoAdministrativos_cambio_DE_Sueldo/a_Aplicar")): Object: 'Object Repository/2-OBJECTS TAREAS SECUNDARIAS/Pruebas Compensación/situacion_adminitrativa-(situacion-actos)/verificarActoAdministrativos_cambio_DE_Sueldo/a_Aplicar' is clicked on

2023-03-09 13:48:52 - [MESSAGE][PASSED] - Object: 'Object Repository/2-OBJECTS TAREAS SECUNDARIAS/Pruebas Compensación/situacion_adminitrativa-(situacion-actos)/verificarActoAdministrativos_cambio_DE_Sueldo/a_Aplicar' is clicked on

2023-03-09 13:48:52 - [TEST_STEP][PASSED] - if (waitForElementVisible(findTestObject("2-OBJECTS TAREAS SECUNDARIAS/Pruebas Compensación/situacion_adminitrativa-(situacion-actos)/verificarActoAdministrativos_cambio_DE_Sueldo/span_Si"), 1)): Object 'Object Repository/2-OBJECTS TAREAS SECUNDARIAS/Pruebas Compensación/situacion_adminitrativa-(situacion-actos)/verificarActoAdministrativos_cambio_DE_Sueldo/span_Si' is not visible after 1 second(s)

2023-03-09 13:48:54 - [MESSAGE][WARNING] - Object 'Object Repository/2-OBJECTS TAREAS SECUNDARIAS/Pruebas Compensación/situacion_adminitrativa-(situacion-actos)/verificarActoAdministrativos_cambio_DE_Sueldo/span_Si' is not visible after 1 second(s)

2023-03-09 13:48:54 - [TEST_STEP][PASSED] - if (waitForElementVisible(findTestObject("2-OBJECTS TAREAS SECUNDARIAS/Pruebas Compensación/situacion_adminitrativa-(situacion-actos)/verificarActoAdministrativos_cambio_DE_Sueldo/a_Aceptar"), 1)): Object 'Object Repository/2-OBJECTS TAREAS SECUNDARIAS/Pruebas Compensación/situacion_adminitrativa-(situacion-actos)/verificarActoAdministrativos_cambio_DE_Sueldo/input_Filtrar por Actos Administrativos' is visible

2023-03-09 13:48:56 - [MESSAGE][INFO] - Unable to find the element located by 'By.xpath: //a[contains(text(),'Aceptar')]'. Please recheck the objects properties to make sure the desired element is located. 

2023-03-09 13:48:56 - [MESSAGE][WARNING] - Web element with id: 'Object Repository/2-OBJECTS TAREAS SECUNDARIAS/Pruebas Compensación/situacion_adminitrativa-(situacion-actos)/verificarActoAdministrativos_cambio_DE_Sueldo/a_Aceptar' located by '//a[contains(text(),'Aceptar')]' not found

2023-03-09 13:48:57 - [MESSAGE][PASSED] - Object 'Object Repository/2-OBJECTS TAREAS SECUNDARIAS/Pruebas Compensación/situacion_adminitrativa-(situacion-actos)/verificarActoAdministrativos_cambio_DE_Sueldo/input_Filtrar por Actos Administrativos' is visible

2023-03-09 13:48:57 - [TEST_STEP][PASSED] - setText(findTestObject("2-OBJECTS TAREAS SECUNDARIAS/Pruebas Compensación/situacion_adminitrativa-(situacion-actos)/verificarActoAdministrativos_cambio_DE_Sueldo/input_Filtrar por Actos Administrativos"), "Cambio De Sueldo"): Text 'Cambio De Sueldo' is set on object 'Object Repository/2-OBJECTS TAREAS SECUNDARIAS/Pruebas Compensación/situacion_adminitrativa-(situacion-actos)/verificarActoAdministrativos_cambio_DE_Sueldo/input_Filtrar por Actos Administrativos'

2023-03-09 13:48:57 - [MESSAGE][PASSED] - Text 'Cambio De Sueldo' is set on object 'Object Repository/2-OBJECTS TAREAS SECUNDARIAS/Pruebas Compensación/situacion_adminitrativa-(situacion-actos)/verificarActoAdministrativos_cambio_DE_Sueldo/input_Filtrar por Actos Administrativos'

2023-03-09 13:48:57 - [TEST_STEP][PASSED] - sendKeys(findTestObject("2-OBJECTS TAREAS SECUNDARIAS/Pruebas Compensación/situacion_adminitrativa-(situacion-actos)/verificarActoAdministrativos_cambio_DE_Sueldo/input_Filtrar por Actos Administrativos"), Keys.chord(ENTER)): Keys 'ENTER + ' sent to object: 'Object Repository/2-OBJECTS TAREAS SECUNDARIAS/Pruebas Compensación/situacion_adminitrativa-(situacion-actos)/verificarActoAdministrativos_cambio_DE_Sueldo/input_Filtrar por Actos Administrativos'

2023-03-09 13:48:58 - [MESSAGE][PASSED] - Keys 'ENTER + ' sent to object: 'Object Repository/2-OBJECTS TAREAS SECUNDARIAS/Pruebas Compensación/situacion_adminitrativa-(situacion-actos)/verificarActoAdministrativos_cambio_DE_Sueldo/input_Filtrar por Actos Administrativos'

2023-03-09 13:48:58 - [TEST_STEP][PASSED] - if (waitForElementVisible(findTestObject("2-OBJECTS TAREAS SECUNDARIAS/Pruebas Compensación/situacion_adminitrativa-(situacion-actos)/verificarActoAdministrativos_cambio_DE_Sueldo/td_Cambio De Sueldo"), 1)): Web element with id: 'Object Repository/2-OBJECTS TAREAS SECUNDARIAS/Pruebas Compensación/situacion_adminitrativa-(situacion-actos)/verificarActoAdministrativos_cambio_DE_Sueldo/td_Cambio De Sueldo' located by '//*/text()[normalize-space(.)='Cambio De Sueldo']/parent::*' not found

2023-03-09 13:49:00 - [MESSAGE][INFO] - Unable to find the element located by 'By.xpath: //*/text()[normalize-space(.)='Cambio De Sueldo']/parent::*'. Please recheck the objects properties to make sure the desired element is located. 

2023-03-09 13:49:00 - [MESSAGE][WARNING] - Web element with id: 'Object Repository/2-OBJECTS TAREAS SECUNDARIAS/Pruebas Compensación/situacion_adminitrativa-(situacion-actos)/verificarActoAdministrativos_cambio_DE_Sueldo/td_Cambio De Sueldo' located by '//*/text()[normalize-space(.)='Cambio De Sueldo']/parent::*' not found

2023-03-09 13:49:00 - [TEST_STEP][PASSED] - else: null

2023-03-09 13:49:00 - [TEST_STEP][PASSED] - break: null

2023-03-09 13:49:00 - [TEST_STEP][PASSED] - legalizar(): null

2023-03-09 13:49:00 - [TEST_STEP][PASSED] - legalizar = getText(findTestObject("2-OBJECTS TAREAS SECUNDARIAS/Pruebas Compensación/Regresion/a_textico")): Text of object 'Object Repository/2-OBJECTS TAREAS SECUNDARIAS/Pruebas Compensación/Regresion/a_textico' is: 'Elaborar'

2023-03-09 13:49:01 - [MESSAGE][PASSED] - Text of object 'Object Repository/2-OBJECTS TAREAS SECUNDARIAS/Pruebas Compensación/Regresion/a_textico' is: 'Elaborar'

2023-03-09 13:49:01 - [TEST_STEP][PASSED] - legalizar1 = getText(findTestObject("2-OBJECTS TAREAS SECUNDARIAS/Pruebas Compensación/Regresion/a_textico1")): Text of object 'Object Repository/2-OBJECTS TAREAS SECUNDARIAS/Pruebas Compensación/Regresion/a_textico1' is: 'Eliminar'

2023-03-09 13:49:01 - [MESSAGE][PASSED] - Text of object 'Object Repository/2-OBJECTS TAREAS SECUNDARIAS/Pruebas Compensación/Regresion/a_textico1' is: 'Eliminar'

2023-03-09 13:49:01 - [TEST_STEP][PASSED] - legalizar2 = getText(findTestObject("2-OBJECTS TAREAS SECUNDARIAS/Pruebas Compensación/Regresion/a_textico2")): Text of object 'Object Repository/2-OBJECTS TAREAS SECUNDARIAS/Pruebas Compensación/Regresion/a_textico2' is: 'Legalizar'

2023-03-09 13:49:01 - [MESSAGE][PASSED] - Text of object 'Object Repository/2-OBJECTS TAREAS SECUNDARIAS/Pruebas Compensación/Regresion/a_textico2' is: 'Legalizar'

2023-03-09 13:49:01 - [TEST_STEP][PASSED] - legalizar3 = getText(findTestObject("2-OBJECTS TAREAS SECUNDARIAS/Pruebas Compensación/Regresion/a_textico3")): Text of object 'Object Repository/2-OBJECTS TAREAS SECUNDARIAS/Pruebas Compensación/Regresion/a_textico3' is: 'Modificar'

2023-03-09 13:49:02 - [MESSAGE][PASSED] - Text of object 'Object Repository/2-OBJECTS TAREAS SECUNDARIAS/Pruebas Compensación/Regresion/a_textico3' is: 'Modificar'

2023-03-09 13:49:02 - [TEST_STEP][PASSED] - if (legalizar == "Legalizar"): null

2023-03-09 13:49:02 - [TEST_STEP][PASSED] - else if (legalizar1 == "Legalizar"): null

2023-03-09 13:49:02 - [TEST_STEP][PASSED] - else if (legalizar2 == "Legalizar"): Object: 'Object Repository/2-OBJECTS TAREAS SECUNDARIAS/Pruebas Compensación/Regresion/a_iconEliminar2' is clicked on

2023-03-09 13:49:02 - [TEST_STEP][PASSED] - click(findTestObject("2-OBJECTS TAREAS SECUNDARIAS/Pruebas Compensación/Regresion/a_iconEliminar2")): Object: 'Object Repository/2-OBJECTS TAREAS SECUNDARIAS/Pruebas Compensación/Regresion/a_iconEliminar2' is clicked on

2023-03-09 13:49:02 - [MESSAGE][PASSED] - Object: 'Object Repository/2-OBJECTS TAREAS SECUNDARIAS/Pruebas Compensación/Regresion/a_iconEliminar2' is clicked on

2023-03-09 13:49:02 - [TEST_STEP][PASSED] - setText(findTestObject("2-OBJECTS TAREAS SECUNDARIAS/Pruebas Compensación/Regresion/input_Actos Administrativos"), "Cambio De Sueldo"): Text 'Cambio De Sueldo' is set on object 'Object Repository/2-OBJECTS TAREAS SECUNDARIAS/Pruebas Compensación/Regresion/input_Actos Administrativos'

2023-03-09 13:49:04 - [MESSAGE][PASSED] - Text 'Cambio De Sueldo' is set on object 'Object Repository/2-OBJECTS TAREAS SECUNDARIAS/Pruebas Compensación/Regresion/input_Actos Administrativos'

2023-03-09 13:49:04 - [TEST_STEP][PASSED] - sendKeys(findTestObject("2-OBJECTS TAREAS SECUNDARIAS/Pruebas Compensación/Regresion/input_Actos Administrativos"), Keys.chord(ENTER)): Keys 'ENTER + ' sent to object: 'Object Repository/2-OBJECTS TAREAS SECUNDARIAS/Pruebas Compensación/Regresion/input_Actos Administrativos'

2023-03-09 13:49:04 - [MESSAGE][PASSED] - Keys 'ENTER + ' sent to object: 'Object Repository/2-OBJECTS TAREAS SECUNDARIAS/Pruebas Compensación/Regresion/input_Actos Administrativos'

2023-03-09 13:49:04 - [TEST_STEP][PASSED] - resultado = "": null

2023-03-09 13:49:04 - [TEST_STEP][PASSED] - if (waitForElementVisible(findTestObject("2-OBJECTS TAREAS SECUNDARIAS/Pruebas Compensación/Regresion/a_registro1"), 2)): Web element with id: 'Object Repository/2-OBJECTS TAREAS SECUNDARIAS/Pruebas Compensación/Regresion/a_registro1' located by '/html/body/div[1]/div[3]/div/table/tbody/tr[3]/td/table/tbody/tr/td/div/form[1]/div/table/tbody/tr/td[2]/table/tbody/tr/td/table/tbody/tr[3]/td/table/tbody/tr/td/table/tbody/tr/td/table/tbody/tr/td/div/div/table/tbody/tr/td[2]' not found

2023-03-09 13:49:07 - [MESSAGE][INFO] - Unable to find the element located by 'By.xpath: /html/body/div[1]/div[3]/div/table/tbody/tr[3]/td/table/tbody/tr/td/div/form[1]/div/table/tbody/tr/td[2]/table/tbody/tr/td/table/tbody/tr[3]/td/table/tbody/tr/td/table/tbody/tr/td/table/tbody/tr/td/div/div/table/tbody/tr/td[2]'. Please recheck the objects properties to make sure the desired element is located. 

2023-03-09 13:49:07 - [MESSAGE][WARNING] - Web element with id: 'Object Repository/2-OBJECTS TAREAS SECUNDARIAS/Pruebas Compensación/Regresion/a_registro1' located by '/html/body/div[1]/div[3]/div/table/tbody/tr[3]/td/table/tbody/tr/td/div/form[1]/div/table/tbody/tr/td[2]/table/tbody/tr/td/table/tbody/tr[3]/td/table/tbody/tr/td/table/tbody/tr/td/table/tbody/tr/td/div/div/table/tbody/tr/td[2]' not found

2023-03-09 13:49:07 - [TEST_STEP][PASSED] - if (waitForElementVisible(findTestObject("2-OBJECTS TAREAS SECUNDARIAS/Pruebas Compensación/Regresion/a_registro1"), 1)): Web element with id: 'Object Repository/2-OBJECTS TAREAS SECUNDARIAS/Pruebas Compensación/Regresion/a_registro1' located by '/html/body/div[1]/div[3]/div/table/tbody/tr[3]/td/table/tbody/tr/td/div/form[1]/div/table/tbody/tr/td[2]/table/tbody/tr/td/table/tbody/tr[3]/td/table/tbody/tr/td/table/tbody/tr/td/table/tbody/tr/td/div/div/table/tbody/tr/td[2]' not found

2023-03-09 13:49:09 - [MESSAGE][INFO] - Unable to find the element located by 'By.xpath: /html/body/div[1]/div[3]/div/table/tbody/tr[3]/td/table/tbody/tr/td/div/form[1]/div/table/tbody/tr/td[2]/table/tbody/tr/td/table/tbody/tr[3]/td/table/tbody/tr/td/table/tbody/tr/td/table/tbody/tr/td/div/div/table/tbody/tr/td[2]'. Please recheck the objects properties to make sure the desired element is located. 

2023-03-09 13:49:09 - [MESSAGE][WARNING] - Web element with id: 'Object Repository/2-OBJECTS TAREAS SECUNDARIAS/Pruebas Compensación/Regresion/a_registro1' located by '/html/body/div[1]/div[3]/div/table/tbody/tr[3]/td/table/tbody/tr/td/div/form[1]/div/table/tbody/tr/td[2]/table/tbody/tr/td/table/tbody/tr[3]/td/table/tbody/tr/td/table/tbody/tr/td/table/tbody/tr/td/div/div/table/tbody/tr/td[2]' not found

2023-03-09 13:49:09 - [TEST_STEP][PASSED] - if (Result == "EL SISTEMA HA GENERADO EL ACTO ADMINISTRATIVO CORRECTAMENTE"): Browser is closed

2023-03-09 13:49:09 - [TEST_STEP][PASSED] - Resultado = "PRUEBA OK": null

2023-03-09 13:49:09 - [TEST_STEP][PASSED] - closeBrowser(): Browser is closed

2023-03-09 13:49:10 - [MESSAGE][PASSED] - Browser is closed

2023-03-09 13:49:10 - [TEST_STEP][PASSED] - out.println(Fecha()): null

2023-03-09 13:49:10 - [TEST_STEP][PASSED] - today = new java.util.Date(): null

2023-03-09 13:49:10 - [TEST_STEP][PASSED] - Fecha = today.format("dd/MM/yyyy"): null

2023-03-09 13:49:10 - [TEST_STEP][PASSED] - FechaF = Fecha: null]]></system-out>
         <system-err><![CDATA[]]></system-err>
      </testcase>
      <testcase name="Test Cases/1.2-Tareas_Secundarias/A.1-Pruebas_compensaciones/11.2.1-Mantenimiento_vacaciones-generación_comprobante" time="20.154" classname="Test Cases/1.2-Tareas_Secundarias/A.1-Pruebas_compensaciones/11.2.1-Mantenimiento_vacaciones-generación_comprobante" status="PASSED">
         <system-out><![CDATA[2023-03-09 13:49:10 - [TEST_CASE][PASSED] - Test Cases/1.2-Tareas_Secundarias/A.1-Pruebas_compensaciones/11.2.1-Mantenimiento_vacaciones-generación_comprobante: Test Cases/1.2-Tareas_Secundarias/A.1-Pruebas_compensaciones/11.2.1-Mantenimiento_vacaciones-generación_comprobante

2023-03-09 13:49:10 - [TEST_STEP][PASSED] - callTestCase(findTestCase("0.1-Login"), [:], STOP_ON_FAILURE): Call Test Case 'Test Cases/0.1-Login' successfully

2023-03-09 13:49:10 - [TEST_CASE][PASSED] - Test Cases/0.1-Login: Test Cases/0.1-Login

2023-03-09 13:49:10 - [TEST_STEP][PASSED] - openBrowser(""): Browser is opened with url: ''

2023-03-09 13:49:10 - [MESSAGE][INFO] - Starting 'Chrome' driver

2023-03-09 13:49:10 - [MESSAGE][INFO] - Action delay is set to 0 milliseconds

2023-03-09 13:49:12 - [MESSAGE][PASSED] - Browser is opened with url: ''

2023-03-09 13:49:12 - [TEST_STEP][PASSED] - maximizeWindow(): Current window maximized

2023-03-09 13:49:12 - [MESSAGE][PASSED] - Current window maximized

2023-03-09 13:49:12 - [TEST_STEP][PASSED] - i = G_Login: null

2023-03-09 13:49:12 - [TEST_STEP][PASSED] - url = new java.net.URL(i): null

2023-03-09 13:49:12 - [TEST_STEP][PASSED] - println("URL: " + url.toString()): null

2023-03-09 13:49:12 - [TEST_STEP][PASSED] - connection = url.openConnection(): null

2023-03-09 13:49:12 - [TEST_STEP][PASSED] - connection.setRequestMethod("GET"): null

2023-03-09 13:49:12 - [TEST_STEP][PASSED] - connection.setReadTimeout(2 * 1000): null

2023-03-09 13:49:12 - [TEST_STEP][PASSED] - try: null

2023-03-09 13:49:12 - [TEST_STEP][PASSED] - connection.connect(): null

2023-03-09 13:49:12 - [TEST_STEP][PASSED] - flag = connected: null

2023-03-09 13:49:12 - [TEST_STEP][PASSED] - println("Valor_ori: " + flag): null

2023-03-09 13:49:12 - [TEST_STEP][PASSED] - if (flag): null

2023-03-09 13:49:12 - [TEST_STEP][PASSED] - navigateToUrl(i): Navigate to 'http://192.168.2.19:7001/saraweb' successfully

2023-03-09 13:49:13 - [MESSAGE][PASSED] - Navigate to 'http://192.168.2.19:7001/saraweb' successfully

2023-03-09 13:49:13 - [TEST_STEP][PASSED] - a(): null

2023-03-09 13:49:13 - [TEST_STEP][PASSED] - if (waitForElementVisible(findTestObject("3-OBJECTS UTILIDADES/Login/input_USUARIO_loginusuario"), 0)): null

2023-03-09 13:49:13 - [MESSAGE][WARNING] - Timeout '0' is invalid. Using default page load timeout: '37'

2023-03-09 13:49:14 - [MESSAGE][PASSED] - Object 'Object Repository/3-OBJECTS UTILIDADES/Login/input_USUARIO_loginusuario' is visible

2023-03-09 13:49:14 - [TEST_STEP][PASSED] - switchToWindowTitle("SARA"): Switched to window with title: 'SARA'

2023-03-09 13:49:14 - [MESSAGE][PASSED] - Switched to window with title: 'SARA'

2023-03-09 13:49:14 - [TEST_STEP][PASSED] - zoom(): null

2023-03-09 13:49:14 - [TEST_STEP][PASSED] - robot = new java.awt.Robot(): null

2023-03-09 13:49:14 - [TEST_STEP][PASSED] - robot.keyPress(VK_CONTROL): null

2023-03-09 13:49:14 - [TEST_STEP][PASSED] - robot.keyPress(VK_SUBTRACT): null

2023-03-09 13:49:14 - [TEST_STEP][PASSED] - robot.keyRelease(VK_CONTROL): null

2023-03-09 13:49:14 - [TEST_STEP][PASSED] - robot.keyRelease(VK_SUBTRACT): null

2023-03-09 13:49:14 - [TEST_STEP][PASSED] - robot.keyPress(VK_CONTROL): null

2023-03-09 13:49:14 - [TEST_STEP][PASSED] - robot.keyPress(VK_SUBTRACT): null

2023-03-09 13:49:14 - [TEST_STEP][PASSED] - robot.keyRelease(VK_CONTROL): null

2023-03-09 13:49:14 - [TEST_STEP][PASSED] - robot.keyRelease(VK_SUBTRACT): null

2023-03-09 13:49:14 - [TEST_STEP][PASSED] - robot.keyPress(VK_CONTROL): null

2023-03-09 13:49:14 - [TEST_STEP][PASSED] - robot.keyPress(VK_SUBTRACT): null

2023-03-09 13:49:14 - [TEST_STEP][PASSED] - robot.keyRelease(VK_CONTROL): null

2023-03-09 13:49:14 - [TEST_STEP][PASSED] - robot.keyRelease(VK_SUBTRACT): null

2023-03-09 13:49:14 - [TEST_STEP][PASSED] - robot.keyRelease(VK_CONTROL): null

2023-03-09 13:49:14 - [TEST_STEP][PASSED] - robot.keyRelease(VK_SUBTRACT): null

2023-03-09 13:49:14 - [TEST_STEP][PASSED] - setText(findTestObject("3-OBJECTS UTILIDADES/Login/input_USUARIO_loginusuario"), G_Usuario): Text 'weblogic' is set on object 'Object Repository/3-OBJECTS UTILIDADES/Login/input_USUARIO_loginusuario'

2023-03-09 13:49:14 - [MESSAGE][PASSED] - Text 'weblogic' is set on object 'Object Repository/3-OBJECTS UTILIDADES/Login/input_USUARIO_loginusuario'

2023-03-09 13:49:14 - [TEST_STEP][PASSED] - setEncryptedText(findTestObject("3-OBJECTS UTILIDADES/Login/input_CLAVE_loginpassword"), "SlAwMcyRKqrwbnzhAs8HhT6NnI7sEyng"): Text ****** has been set on object 'Object Repository/3-OBJECTS UTILIDADES/Login/input_CLAVE_loginpassword'

2023-03-09 13:49:18 - [MESSAGE][PASSED] - Text ****** has been set on object 'Object Repository/3-OBJECTS UTILIDADES/Login/input_CLAVE_loginpassword'

2023-03-09 13:49:18 - [TEST_STEP][PASSED] - while (waitForElementClickable(findTestObject("3-OBJECTS UTILIDADES/Login/a_Ingresar"), 1)): Web element with id: 'Object Repository/3-OBJECTS UTILIDADES/Login/a_Ingresar' located by '//a[contains(text(),'Ingresar')]' not found

2023-03-09 13:49:20 - [MESSAGE][INFO] - Unable to find the element located by 'By.xpath: //a[contains(text(),'Ingresar')]'. Please recheck the objects properties to make sure the desired element is located. 

2023-03-09 13:49:20 - [MESSAGE][WARNING] - Web element with id: 'Object Repository/3-OBJECTS UTILIDADES/Login/a_Ingresar' located by '//a[contains(text(),'Ingresar')]' not found

2023-03-09 13:49:20 - [MESSAGE][PASSED] - Call Test Case 'Test Cases/0.1-Login' successfully

2023-03-09 13:49:20 - [TEST_STEP][PASSED] - setText(findTestObject("2-OBJECTS TAREAS SECUNDARIAS/Pruebas Compensación/Mantenimiento_vacaciones-generación_comprobante/input_Empresa 1_form_templatej_idt24_input"), "Mantenimiento de vacaciones (com)"): Text 'Mantenimiento de vacaciones (com)' is set on object 'Object Repository/2-OBJECTS TAREAS SECUNDARIAS/Pruebas Compensación/Mantenimiento_vacaciones-generación_comprobante/input_Empresa 1_form_templatej_idt24_input'

2023-03-09 13:49:21 - [MESSAGE][PASSED] - Text 'Mantenimiento de vacaciones (com)' is set on object 'Object Repository/2-OBJECTS TAREAS SECUNDARIAS/Pruebas Compensación/Mantenimiento_vacaciones-generación_comprobante/input_Empresa 1_form_templatej_idt24_input'

2023-03-09 13:49:21 - [TEST_STEP][PASSED] - click(findTestObject("2-OBJECTS TAREAS SECUNDARIAS/Pruebas Compensación/Mantenimiento_vacaciones-generación_comprobante/span_Mantenimiento de Vacaciones (com)")): Object: 'Object Repository/2-OBJECTS TAREAS SECUNDARIAS/Pruebas Compensación/Mantenimiento_vacaciones-generación_comprobante/span_Mantenimiento de Vacaciones (com)' is clicked on

2023-03-09 13:49:22 - [MESSAGE][PASSED] - Object: 'Object Repository/2-OBJECTS TAREAS SECUNDARIAS/Pruebas Compensación/Mantenimiento_vacaciones-generación_comprobante/span_Mantenimiento de Vacaciones (com)' is clicked on

2023-03-09 13:49:22 - [TEST_STEP][PASSED] - selectOptionByIndex(findTestObject("2-OBJECTS TAREAS SECUNDARIAS/Pruebas Compensación/Mantenimiento_vacaciones-generación_comprobante/select_SeleccioneCerradaNo Cerrada"), 1): All options with index in [1] are selected on object 'Object Repository/2-OBJECTS TAREAS SECUNDARIAS/Pruebas Compensación/Mantenimiento_vacaciones-generación_comprobante/select_SeleccioneCerradaNo Cerrada'

2023-03-09 13:49:25 - [MESSAGE][PASSED] - All options with index in [1] are selected on object 'Object Repository/2-OBJECTS TAREAS SECUNDARIAS/Pruebas Compensación/Mantenimiento_vacaciones-generación_comprobante/select_SeleccioneCerradaNo Cerrada'

2023-03-09 13:49:25 - [TEST_STEP][PASSED] - click(findTestObject("2-OBJECTS TAREAS SECUNDARIAS/Pruebas Compensación/Mantenimiento_vacaciones-generación_comprobante/td_Prueba 106 Empleado-106h")): Object: 'Object Repository/2-OBJECTS TAREAS SECUNDARIAS/Pruebas Compensación/Mantenimiento_vacaciones-generación_comprobante/td_Prueba 106 Empleado-106h' is clicked on

2023-03-09 13:49:26 - [MESSAGE][PASSED] - Object: 'Object Repository/2-OBJECTS TAREAS SECUNDARIAS/Pruebas Compensación/Mantenimiento_vacaciones-generación_comprobante/td_Prueba 106 Empleado-106h' is clicked on

2023-03-09 13:49:26 - [TEST_STEP][PASSED] - click(findTestObject("2-OBJECTS TAREAS SECUNDARIAS/Pruebas Compensación/Mantenimiento_vacaciones-generación_comprobante/a_Imprimir")): Object: 'Object Repository/2-OBJECTS TAREAS SECUNDARIAS/Pruebas Compensación/Mantenimiento_vacaciones-generación_comprobante/a_Imprimir' is clicked on

2023-03-09 13:49:27 - [MESSAGE][PASSED] - Object: 'Object Repository/2-OBJECTS TAREAS SECUNDARIAS/Pruebas Compensación/Mantenimiento_vacaciones-generación_comprobante/a_Imprimir' is clicked on

2023-03-09 13:49:27 - [TEST_STEP][PASSED] - click(findTestObject("2-OBJECTS TAREAS SECUNDARIAS/Pruebas Compensación/Mantenimiento_vacaciones-generación_comprobante/label_Enviar correo y Publicar")): Object: 'Object Repository/2-OBJECTS TAREAS SECUNDARIAS/Pruebas Compensación/Mantenimiento_vacaciones-generación_comprobante/label_Enviar correo y Publicar' is clicked on

2023-03-09 13:49:28 - [MESSAGE][PASSED] - Object: 'Object Repository/2-OBJECTS TAREAS SECUNDARIAS/Pruebas Compensación/Mantenimiento_vacaciones-generación_comprobante/label_Enviar correo y Publicar' is clicked on

2023-03-09 13:49:28 - [TEST_STEP][PASSED] - selectOptionByIndex(findTestObject("2-OBJECTS TAREAS SECUNDARIAS/Pruebas Compensación/Mantenimiento_vacaciones-generación_comprobante/select_-- Seleccione --COMPROBANTE DE VACACIONES"), 1): All options with index in [1] are selected on object 'Object Repository/2-OBJECTS TAREAS SECUNDARIAS/Pruebas Compensación/Mantenimiento_vacaciones-generación_comprobante/select_-- Seleccione --COMPROBANTE DE VACACIONES'

2023-03-09 13:49:29 - [MESSAGE][PASSED] - All options with index in [1] are selected on object 'Object Repository/2-OBJECTS TAREAS SECUNDARIAS/Pruebas Compensación/Mantenimiento_vacaciones-generación_comprobante/select_-- Seleccione --COMPROBANTE DE VACACIONES'

2023-03-09 13:49:29 - [TEST_STEP][PASSED] - click(findTestObject("2-OBJECTS TAREAS SECUNDARIAS/Pruebas Compensación/Mantenimiento_vacaciones-generación_comprobante/a_Generar")): Object: 'Object Repository/2-OBJECTS TAREAS SECUNDARIAS/Pruebas Compensación/Mantenimiento_vacaciones-generación_comprobante/a_Generar' is clicked on

2023-03-09 13:49:29 - [MESSAGE][PASSED] - Object: 'Object Repository/2-OBJECTS TAREAS SECUNDARIAS/Pruebas Compensación/Mantenimiento_vacaciones-generación_comprobante/a_Generar' is clicked on

2023-03-09 13:49:29 - [TEST_STEP][PASSED] - click(findTestObject("2-OBJECTS TAREAS SECUNDARIAS/Pruebas Compensación/Mantenimiento_vacaciones-generación_comprobante/a_Descargar")): Object: 'Object Repository/2-OBJECTS TAREAS SECUNDARIAS/Pruebas Compensación/Mantenimiento_vacaciones-generación_comprobante/a_Descargar' is clicked on

2023-03-09 13:49:30 - [MESSAGE][PASSED] - Object: 'Object Repository/2-OBJECTS TAREAS SECUNDARIAS/Pruebas Compensación/Mantenimiento_vacaciones-generación_comprobante/a_Descargar' is clicked on]]></system-out>
         <system-err><![CDATA[]]></system-err>
      </testcase>
      <testcase name="Test Cases/1.2-Tareas_Secundarias/A.1-Pruebas_compensaciones/11.2.2-Ingreso_Fuera_Nomina" time="207.255" classname="Test Cases/1.2-Tareas_Secundarias/A.1-Pruebas_compensaciones/11.2.2-Ingreso_Fuera_Nomina" status="FAILED">
         <failure type="FAILED" message="Test Cases/1.2-Tareas_Secundarias/A.1-Pruebas_compensaciones/11.2.2-Ingreso_Fuera_Nomina FAILED.
Reason:
com.kms.katalon.core.exception.StepFailedException: Unable to set text '11011' of object 'Object Repository/2-OBJECTS TAREAS SECUNDARIAS/Pruebas Compensación/Ingreso_Fuera_Nomina/a_Puesto'
	at com.kms.katalon.core.webui.keyword.internal.WebUIKeywordMain.stepFailed(WebUIKeywordMain.groovy:64)
	at com.kms.katalon.core.webui.keyword.internal.WebUIKeywordMain.runKeyword(WebUIKeywordMain.groovy:26)
	at com.kms.katalon.core.webui.keyword.builtin.SetTextKeyword.setText(SetTextKeyword.groovy:66)
	at com.kms.katalon.core.webui.keyword.builtin.SetTextKeyword.execute(SetTextKeyword.groovy:37)
	at com.kms.katalon.core.keyword.internal.KeywordExecutor.executeKeywordForPlatform(KeywordExecutor.groovy:74)
	at com.kms.katalon.core.webui.keyword.WebUiBuiltInKeywords.setText(WebUiBuiltInKeywords.groovy:980)
	at com.kms.katalon.core.webui.keyword.WebUiBuiltInKeywords$setText$6.call(Unknown Source)
	at 11.2.2-Ingreso_Fuera_Nomina.run(11.2.2-Ingreso_Fuera_Nomina:209)
	at com.kms.katalon.core.main.ScriptEngine.run(ScriptEngine.java:194)
	at com.kms.katalon.core.main.ScriptEngine.runScriptAsRawText(ScriptEngine.java:119)
	at com.kms.katalon.core.main.TestCaseExecutor.runScript(TestCaseExecutor.java:448)
	at com.kms.katalon.core.main.TestCaseExecutor.doExecute(TestCaseExecutor.java:439)
	at com.kms.katalon.core.main.TestCaseExecutor.processExecutionPhase(TestCaseExecutor.java:418)
	at com.kms.katalon.core.main.TestCaseExecutor.accessMainPhase(TestCaseExecutor.java:410)
	at com.kms.katalon.core.main.TestCaseExecutor.execute(TestCaseExecutor.java:285)
	at com.kms.katalon.core.common.CommonExecutor.accessTestCaseMainPhase(CommonExecutor.java:65)
	at com.kms.katalon.core.main.TestSuiteExecutor.accessTestSuiteMainPhase(TestSuiteExecutor.java:151)
	at com.kms.katalon.core.main.TestSuiteExecutor.execute(TestSuiteExecutor.java:106)
	at com.kms.katalon.core.main.TestCaseMain.startTestSuite(TestCaseMain.java:185)
	at com.kms.katalon.core.main.TestCaseMain$startTestSuite$0.call(Unknown Source)
	at TempTestSuite1678383366099.run(TempTestSuite1678383366099.groovy:36)
Caused by: com.kms.katalon.core.webui.exception.WebElementNotFoundException: Web element with id: 'Object Repository/2-OBJECTS TAREAS SECUNDARIAS/Pruebas Compensación/Ingreso_Fuera_Nomina/a_Puesto' located by '
//body/div[1]/div[3]/div/table/tbody/tr[3]/td/table/tbody/tr/td/div/form[4]/div/div[2]/div[2]/table/tbody/tr[1]/td/div/div[1]/table/thead/tr/th[3]/input' not found
	at com.kms.katalon.core.webui.common.WebUiCommonHelper.findWebElement(WebUiCommonHelper.java:1370)
	at com.kms.katalon.core.webui.keyword.internal.WebUIAbstractKeyword.findWebElement(WebUIAbstractKeyword.groovy:27)
	at com.kms.katalon.core.webui.keyword.internal.WebUIAbstractKeyword.findWebElement(WebUIAbstractKeyword.groovy:26)
	at com.kms.katalon.core.webui.keyword.builtin.SetTextKeyword$_setText_closure1.doCall(SetTextKeyword.groovy:51)
	at com.kms.katalon.core.webui.keyword.builtin.SetTextKeyword$_setText_closure1.call(SetTextKeyword.groovy)
	at com.kms.katalon.core.webui.keyword.internal.WebUIKeywordMain.runKeyword(WebUIKeywordMain.groovy:20)
	... 19 more
"/>
         <system-out><![CDATA[2023-03-09 13:49:30 - [TEST_CASE][FAILED] - Test Cases/1.2-Tareas_Secundarias/A.1-Pruebas_compensaciones/11.2.2-Ingreso_Fuera_Nomina: Test Cases/1.2-Tareas_Secundarias/A.1-Pruebas_compensaciones/11.2.2-Ingreso_Fuera_Nomina FAILED.
Reason:
com.kms.katalon.core.exception.StepFailedException: Unable to set text '11011' of object 'Object Repository/2-OBJECTS TAREAS SECUNDARIAS/Pruebas Compensación/Ingreso_Fuera_Nomina/a_Puesto'
	at com.kms.katalon.core.webui.keyword.internal.WebUIKeywordMain.stepFailed(WebUIKeywordMain.groovy:64)
	at com.kms.katalon.core.webui.keyword.internal.WebUIKeywordMain.runKeyword(WebUIKeywordMain.groovy:26)
	at com.kms.katalon.core.webui.keyword.builtin.SetTextKeyword.setText(SetTextKeyword.groovy:66)
	at com.kms.katalon.core.webui.keyword.builtin.SetTextKeyword.execute(SetTextKeyword.groovy:37)
	at com.kms.katalon.core.keyword.internal.KeywordExecutor.executeKeywordForPlatform(KeywordExecutor.groovy:74)
	at com.kms.katalon.core.webui.keyword.WebUiBuiltInKeywords.setText(WebUiBuiltInKeywords.groovy:980)
	at com.kms.katalon.core.webui.keyword.WebUiBuiltInKeywords$setText$6.call(Unknown Source)
	at 11.2.2-Ingreso_Fuera_Nomina.run(11.2.2-Ingreso_Fuera_Nomina:209)
	at com.kms.katalon.core.main.ScriptEngine.run(ScriptEngine.java:194)
	at com.kms.katalon.core.main.ScriptEngine.runScriptAsRawText(ScriptEngine.java:119)
	at com.kms.katalon.core.main.TestCaseExecutor.runScript(TestCaseExecutor.java:448)
	at com.kms.katalon.core.main.TestCaseExecutor.doExecute(TestCaseExecutor.java:439)
	at com.kms.katalon.core.main.TestCaseExecutor.processExecutionPhase(TestCaseExecutor.java:418)
	at com.kms.katalon.core.main.TestCaseExecutor.accessMainPhase(TestCaseExecutor.java:410)
	at com.kms.katalon.core.main.TestCaseExecutor.execute(TestCaseExecutor.java:285)
	at com.kms.katalon.core.common.CommonExecutor.accessTestCaseMainPhase(CommonExecutor.java:65)
	at com.kms.katalon.core.main.TestSuiteExecutor.accessTestSuiteMainPhase(TestSuiteExecutor.java:151)
	at com.kms.katalon.core.main.TestSuiteExecutor.execute(TestSuiteExecutor.java:106)
	at com.kms.katalon.core.main.TestCaseMain.startTestSuite(TestCaseMain.java:185)
	at com.kms.katalon.core.main.TestCaseMain$startTestSuite$0.call(Unknown Source)
	at TempTestSuite1678383366099.run(TempTestSuite1678383366099.groovy:36)
Caused by: com.kms.katalon.core.webui.exception.WebElementNotFoundException: Web element with id: 'Object Repository/2-OBJECTS TAREAS SECUNDARIAS/Pruebas Compensación/Ingreso_Fuera_Nomina/a_Puesto' located by '
//body/div[1]/div[3]/div/table/tbody/tr[3]/td/table/tbody/tr/td/div/form[4]/div/div[2]/div[2]/table/tbody/tr[1]/td/div/div[1]/table/thead/tr/th[3]/input' not found
	at com.kms.katalon.core.webui.common.WebUiCommonHelper.findWebElement(WebUiCommonHelper.java:1370)
	at com.kms.katalon.core.webui.keyword.internal.WebUIAbstractKeyword.findWebElement(WebUIAbstractKeyword.groovy:27)
	at com.kms.katalon.core.webui.keyword.internal.WebUIAbstractKeyword.findWebElement(WebUIAbstractKeyword.groovy:26)
	at com.kms.katalon.core.webui.keyword.builtin.SetTextKeyword$_setText_closure1.doCall(SetTextKeyword.groovy:51)
	at com.kms.katalon.core.webui.keyword.builtin.SetTextKeyword$_setText_closure1.call(SetTextKeyword.groovy)
	at com.kms.katalon.core.webui.keyword.internal.WebUIKeywordMain.runKeyword(WebUIKeywordMain.groovy:20)
	... 19 more


2023-03-09 13:49:31 - [TEST_STEP][PASSED] - numero = aleatorio(): null

2023-03-09 13:49:31 - [TEST_STEP][PASSED] - random_double = Math.random() * 9999 + 999: null

2023-03-09 13:49:31 - [TEST_STEP][PASSED] - random_double = Math.round(random_double * 1000): null

2023-03-09 13:49:31 - [TEST_STEP][PASSED] - numeroRandom = toString().replace(".0", ""): null

2023-03-09 13:49:31 - [TEST_STEP][PASSED] - filePath = "": null

2023-03-09 13:49:31 - [TEST_STEP][PASSED] - callTestCase(findTestCase("0.1-Login"), [:], STOP_ON_FAILURE): Call Test Case 'Test Cases/0.1-Login' successfully

2023-03-09 13:49:31 - [TEST_CASE][PASSED] - Test Cases/0.1-Login: Test Cases/0.1-Login

2023-03-09 13:49:31 - [TEST_STEP][PASSED] - openBrowser(""): Browser is opened with url: ''

2023-03-09 13:49:31 - [MESSAGE][WARNING] - A browser is already opened. Closing browser and opening a new one

2023-03-09 13:49:32 - [MESSAGE][INFO] - Starting 'Chrome' driver

2023-03-09 13:49:32 - [MESSAGE][INFO] - Action delay is set to 0 milliseconds

2023-03-09 13:49:33 - [MESSAGE][PASSED] - Browser is opened with url: ''

2023-03-09 13:49:33 - [TEST_STEP][PASSED] - maximizeWindow(): Current window maximized

2023-03-09 13:49:33 - [MESSAGE][PASSED] - Current window maximized

2023-03-09 13:49:33 - [TEST_STEP][PASSED] - i = G_Login: null

2023-03-09 13:49:33 - [TEST_STEP][PASSED] - url = new java.net.URL(i): null

2023-03-09 13:49:33 - [TEST_STEP][PASSED] - println("URL: " + url.toString()): null

2023-03-09 13:49:33 - [TEST_STEP][PASSED] - connection = url.openConnection(): null

2023-03-09 13:49:33 - [TEST_STEP][PASSED] - connection.setRequestMethod("GET"): null

2023-03-09 13:49:33 - [TEST_STEP][PASSED] - connection.setReadTimeout(2 * 1000): null

2023-03-09 13:49:33 - [TEST_STEP][PASSED] - try: null

2023-03-09 13:49:33 - [TEST_STEP][PASSED] - connection.connect(): null

2023-03-09 13:49:33 - [TEST_STEP][PASSED] - flag = connected: null

2023-03-09 13:49:33 - [TEST_STEP][PASSED] - println("Valor_ori: " + flag): null

2023-03-09 13:49:33 - [TEST_STEP][PASSED] - if (flag): null

2023-03-09 13:49:33 - [TEST_STEP][PASSED] - navigateToUrl(i): Navigate to 'http://192.168.2.19:7001/saraweb' successfully

2023-03-09 13:49:34 - [MESSAGE][PASSED] - Navigate to 'http://192.168.2.19:7001/saraweb' successfully

2023-03-09 13:49:34 - [TEST_STEP][PASSED] - a(): null

2023-03-09 13:49:34 - [TEST_STEP][PASSED] - if (waitForElementVisible(findTestObject("3-OBJECTS UTILIDADES/Login/input_USUARIO_loginusuario"), 0)): null

2023-03-09 13:49:34 - [MESSAGE][WARNING] - Timeout '0' is invalid. Using default page load timeout: '37'

2023-03-09 13:49:35 - [MESSAGE][PASSED] - Object 'Object Repository/3-OBJECTS UTILIDADES/Login/input_USUARIO_loginusuario' is visible

2023-03-09 13:49:35 - [TEST_STEP][PASSED] - switchToWindowTitle("SARA"): Switched to window with title: 'SARA'

2023-03-09 13:49:35 - [MESSAGE][PASSED] - Switched to window with title: 'SARA'

2023-03-09 13:49:35 - [TEST_STEP][PASSED] - zoom(): null

2023-03-09 13:49:35 - [TEST_STEP][PASSED] - robot = new java.awt.Robot(): null

2023-03-09 13:49:35 - [TEST_STEP][PASSED] - robot.keyPress(VK_CONTROL): null

2023-03-09 13:49:35 - [TEST_STEP][PASSED] - robot.keyPress(VK_SUBTRACT): null

2023-03-09 13:49:35 - [TEST_STEP][PASSED] - robot.keyRelease(VK_CONTROL): null

2023-03-09 13:49:35 - [TEST_STEP][PASSED] - robot.keyRelease(VK_SUBTRACT): null

2023-03-09 13:49:35 - [TEST_STEP][PASSED] - robot.keyPress(VK_CONTROL): null

2023-03-09 13:49:35 - [TEST_STEP][PASSED] - robot.keyPress(VK_SUBTRACT): null

2023-03-09 13:49:35 - [TEST_STEP][PASSED] - robot.keyRelease(VK_CONTROL): null

2023-03-09 13:49:35 - [TEST_STEP][PASSED] - robot.keyRelease(VK_SUBTRACT): null

2023-03-09 13:49:35 - [TEST_STEP][PASSED] - robot.keyPress(VK_CONTROL): null

2023-03-09 13:49:35 - [TEST_STEP][PASSED] - robot.keyPress(VK_SUBTRACT): null

2023-03-09 13:49:35 - [TEST_STEP][PASSED] - robot.keyRelease(VK_CONTROL): null

2023-03-09 13:49:35 - [TEST_STEP][PASSED] - robot.keyRelease(VK_SUBTRACT): null

2023-03-09 13:49:35 - [TEST_STEP][PASSED] - robot.keyRelease(VK_CONTROL): null

2023-03-09 13:49:35 - [TEST_STEP][PASSED] - robot.keyRelease(VK_SUBTRACT): null

2023-03-09 13:49:35 - [TEST_STEP][PASSED] - setText(findTestObject("3-OBJECTS UTILIDADES/Login/input_USUARIO_loginusuario"), G_Usuario): Text 'weblogic' is set on object 'Object Repository/3-OBJECTS UTILIDADES/Login/input_USUARIO_loginusuario'

2023-03-09 13:49:36 - [MESSAGE][PASSED] - Text 'weblogic' is set on object 'Object Repository/3-OBJECTS UTILIDADES/Login/input_USUARIO_loginusuario'

2023-03-09 13:49:36 - [TEST_STEP][PASSED] - setEncryptedText(findTestObject("3-OBJECTS UTILIDADES/Login/input_CLAVE_loginpassword"), "SlAwMcyRKqrwbnzhAs8HhT6NnI7sEyng"): Text ****** has been set on object 'Object Repository/3-OBJECTS UTILIDADES/Login/input_CLAVE_loginpassword'

2023-03-09 13:49:39 - [MESSAGE][PASSED] - Text ****** has been set on object 'Object Repository/3-OBJECTS UTILIDADES/Login/input_CLAVE_loginpassword'

2023-03-09 13:49:39 - [TEST_STEP][PASSED] - while (waitForElementClickable(findTestObject("3-OBJECTS UTILIDADES/Login/a_Ingresar"), 1)): Web element with id: 'Object Repository/3-OBJECTS UTILIDADES/Login/a_Ingresar' located by '//a[contains(text(),'Ingresar')]' not found

2023-03-09 13:49:41 - [MESSAGE][INFO] - Unable to find the element located by 'By.xpath: //a[contains(text(),'Ingresar')]'. Please recheck the objects properties to make sure the desired element is located. 

2023-03-09 13:49:41 - [MESSAGE][WARNING] - Web element with id: 'Object Repository/3-OBJECTS UTILIDADES/Login/a_Ingresar' located by '//a[contains(text(),'Ingresar')]' not found

2023-03-09 13:49:41 - [MESSAGE][PASSED] - Call Test Case 'Test Cases/0.1-Login' successfully

2023-03-09 13:49:41 - [TEST_STEP][PASSED] - puesto(filePath): null

2023-03-09 13:49:41 - [TEST_STEP][PASSED] - setText(findTestObject("2-OBJECTS TAREAS SECUNDARIAS/Pruebas Compensación/Ingreso_Fuera_Nomina/input_Empresa 1_form_templatej_idt24_input"), "Planta personal (tal)"): Text 'Planta personal (tal)' is set on object 'Object Repository/2-OBJECTS TAREAS SECUNDARIAS/Pruebas Compensación/Ingreso_Fuera_Nomina/input_Empresa 1_form_templatej_idt24_input'

2023-03-09 13:49:42 - [MESSAGE][PASSED] - Text 'Planta personal (tal)' is set on object 'Object Repository/2-OBJECTS TAREAS SECUNDARIAS/Pruebas Compensación/Ingreso_Fuera_Nomina/input_Empresa 1_form_templatej_idt24_input'

2023-03-09 13:49:42 - [TEST_STEP][PASSED] - click(findTestObject("2-OBJECTS TAREAS SECUNDARIAS/Pruebas Compensación/Ingreso_Fuera_Nomina/li_Listado Hojas de Vida (hoj)")): Object: 'Object Repository/2-OBJECTS TAREAS SECUNDARIAS/Pruebas Compensación/Ingreso_Fuera_Nomina/li_Listado Hojas de Vida (hoj)' is clicked on

2023-03-09 13:49:44 - [MESSAGE][PASSED] - Object: 'Object Repository/2-OBJECTS TAREAS SECUNDARIAS/Pruebas Compensación/Ingreso_Fuera_Nomina/li_Listado Hojas de Vida (hoj)' is clicked on

2023-03-09 13:49:44 - [TEST_STEP][PASSED] - click(findTestObject("2-OBJECTS TAREAS SECUNDARIAS/Pruebas Compensación/ingreso_fuera_nomina_2/span_Administracion")): Object: 'Object Repository/2-OBJECTS TAREAS SECUNDARIAS/Pruebas Compensación/ingreso_fuera_nomina_2/span_Administracion' is clicked on

2023-03-09 13:49:47 - [MESSAGE][PASSED] - Object: 'Object Repository/2-OBJECTS TAREAS SECUNDARIAS/Pruebas Compensación/ingreso_fuera_nomina_2/span_Administracion' is clicked on

2023-03-09 13:49:47 - [TEST_STEP][PASSED] - click(findTestObject("2-OBJECTS TAREAS SECUNDARIAS/Pruebas Compensación/ingreso_fuera_nomina_2/a_Posicion_organigramanuevoPuestoTrabajo")): Object: 'Object Repository/2-OBJECTS TAREAS SECUNDARIAS/Pruebas Compensación/ingreso_fuera_nomina_2/a_Posicion_organigramanuevoPuestoTrabajo' is clicked on

2023-03-09 13:49:48 - [MESSAGE][PASSED] - Object: 'Object Repository/2-OBJECTS TAREAS SECUNDARIAS/Pruebas Compensación/ingreso_fuera_nomina_2/a_Posicion_organigramanuevoPuestoTrabajo' is clicked on

2023-03-09 13:49:48 - [TEST_STEP][PASSED] - click(findTestObject("2-OBJECTS TAREAS SECUNDARIAS/Pruebas Compensación/ingreso_fuera_nomina_2/a_Cargo_datosPuestoTrabajo_formj_idt878")): Object: 'Object Repository/2-OBJECTS TAREAS SECUNDARIAS/Pruebas Compensación/ingreso_fuera_nomina_2/a_Cargo_datosPuestoTrabajo_formj_idt878' is clicked on

2023-03-09 13:49:49 - [MESSAGE][PASSED] - Object: 'Object Repository/2-OBJECTS TAREAS SECUNDARIAS/Pruebas Compensación/ingreso_fuera_nomina_2/a_Cargo_datosPuestoTrabajo_formj_idt878' is clicked on

2023-03-09 13:49:49 - [TEST_STEP][PASSED] - setText(findTestObject("2-OBJECTS TAREAS SECUNDARIAS/Pruebas Compensación/ingreso_fuera_nomina_2/input_Cargo_popupCargo_Formj_idt1159"), "ABOGADO"): Text 'ABOGADO' is set on object 'Object Repository/2-OBJECTS TAREAS SECUNDARIAS/Pruebas Compensación/ingreso_fuera_nomina_2/input_Cargo_popupCargo_Formj_idt1159'

2023-03-09 13:49:50 - [MESSAGE][PASSED] - Text 'ABOGADO' is set on object 'Object Repository/2-OBJECTS TAREAS SECUNDARIAS/Pruebas Compensación/ingreso_fuera_nomina_2/input_Cargo_popupCargo_Formj_idt1159'

2023-03-09 13:49:50 - [TEST_STEP][PASSED] - sendKeys(findTestObject("2-OBJECTS TAREAS SECUNDARIAS/Pruebas Compensación/ingreso_fuera_nomina_2/input_Cargo_popupCargo_Formj_idt1159"), Keys.chord(ENTER)): Keys 'ENTER + ' sent to object: 'Object Repository/2-OBJECTS TAREAS SECUNDARIAS/Pruebas Compensación/ingreso_fuera_nomina_2/input_Cargo_popupCargo_Formj_idt1159'

2023-03-09 13:49:52 - [MESSAGE][PASSED] - Keys 'ENTER + ' sent to object: 'Object Repository/2-OBJECTS TAREAS SECUNDARIAS/Pruebas Compensación/ingreso_fuera_nomina_2/input_Cargo_popupCargo_Formj_idt1159'

2023-03-09 13:49:52 - [TEST_STEP][PASSED] - click(findTestObject("2-OBJECTS TAREAS SECUNDARIAS/Pruebas Compensación/ingreso_fuera_nomina_2/span_ABOGADO")): Object: 'Object Repository/2-OBJECTS TAREAS SECUNDARIAS/Pruebas Compensación/ingreso_fuera_nomina_2/span_ABOGADO' is clicked on

2023-03-09 13:49:52 - [MESSAGE][PASSED] - Object: 'Object Repository/2-OBJECTS TAREAS SECUNDARIAS/Pruebas Compensación/ingreso_fuera_nomina_2/span_ABOGADO' is clicked on

2023-03-09 13:49:52 - [TEST_STEP][PASSED] - selectOptionByIndex(findTestObject("2-OBJECTS TAREAS SECUNDARIAS/Pruebas Compensación/ingreso_fuera_nomina_2/select_-- Seleccione --Planta Dinamica                (1)Planta Fija                    (B1)"), 2): All options with index in [2] are selected on object 'Object Repository/2-OBJECTS TAREAS SECUNDARIAS/Pruebas Compensación/ingreso_fuera_nomina_2/select_-- Seleccione --Planta Dinamica                (1)Planta Fija                    (B1)'

2023-03-09 13:49:54 - [MESSAGE][PASSED] - All options with index in [2] are selected on object 'Object Repository/2-OBJECTS TAREAS SECUNDARIAS/Pruebas Compensación/ingreso_fuera_nomina_2/select_-- Seleccione --Planta Dinamica                (1)Planta Fija                    (B1)'

2023-03-09 13:49:54 - [TEST_STEP][PASSED] - selectOptionByIndex(findTestObject("2-OBJECTS TAREAS SECUNDARIAS/Pruebas Compensación/ingreso_fuera_nomina_2/select_-- Seleccione --Ampleado                       (Z3)Empleado                       (B3)Mapa"), 2): All options with index in [2] are selected on object 'Object Repository/2-OBJECTS TAREAS SECUNDARIAS/Pruebas Compensación/ingreso_fuera_nomina_2/select_-- Seleccione --Ampleado                       (Z3)Empleado                       (B3)Mapa'

2023-03-09 13:49:55 - [MESSAGE][PASSED] - All options with index in [2] are selected on object 'Object Repository/2-OBJECTS TAREAS SECUNDARIAS/Pruebas Compensación/ingreso_fuera_nomina_2/select_-- Seleccione --Ampleado                       (Z3)Empleado                       (B3)Mapa'

2023-03-09 13:49:55 - [TEST_STEP][PASSED] - selectOptionByIndex(findTestObject("2-OBJECTS TAREAS SECUNDARIAS/Pruebas Compensación/ingreso_fuera_nomina_2/select_-- Seleccione --BloqueadoEliminadoOcupado y disponibleOcupado y disponible x"), 6): All options with index in [6] are selected on object 'Object Repository/2-OBJECTS TAREAS SECUNDARIAS/Pruebas Compensación/ingreso_fuera_nomina_2/select_-- Seleccione --BloqueadoEliminadoOcupado y disponibleOcupado y disponible x'

2023-03-09 13:49:56 - [MESSAGE][PASSED] - All options with index in [6] are selected on object 'Object Repository/2-OBJECTS TAREAS SECUNDARIAS/Pruebas Compensación/ingreso_fuera_nomina_2/select_-- Seleccione --BloqueadoEliminadoOcupado y disponibleOcupado y disponible x'

2023-03-09 13:49:56 - [TEST_STEP][PASSED] - click(findTestObject("2-OBJECTS TAREAS SECUNDARIAS/Pruebas Compensación/ingreso_fuera_nomina_2/label_No es responsable de la Unidad")): Object: 'Object Repository/2-OBJECTS TAREAS SECUNDARIAS/Pruebas Compensación/ingreso_fuera_nomina_2/label_No es responsable de la Unidad' is clicked on

2023-03-09 13:49:56 - [MESSAGE][PASSED] - Object: 'Object Repository/2-OBJECTS TAREAS SECUNDARIAS/Pruebas Compensación/ingreso_fuera_nomina_2/label_No es responsable de la Unidad' is clicked on

2023-03-09 13:49:56 - [TEST_STEP][PASSED] - click(findTestObject("2-OBJECTS TAREAS SECUNDARIAS/Pruebas Compensación/ingreso_fuera_nomina_2/label_No")): Object: 'Object Repository/2-OBJECTS TAREAS SECUNDARIAS/Pruebas Compensación/ingreso_fuera_nomina_2/label_No' is clicked on

2023-03-09 13:49:57 - [MESSAGE][PASSED] - Object: 'Object Repository/2-OBJECTS TAREAS SECUNDARIAS/Pruebas Compensación/ingreso_fuera_nomina_2/label_No' is clicked on

2023-03-09 13:49:57 - [TEST_STEP][PASSED] - click(findTestObject("2-OBJECTS TAREAS SECUNDARIAS/Pruebas Compensación/ingreso_fuera_nomina_2/span_Actualizar0")): Object: 'Object Repository/2-OBJECTS TAREAS SECUNDARIAS/Pruebas Compensación/ingreso_fuera_nomina_2/span_Actualizar0' is clicked on

2023-03-09 13:49:57 - [MESSAGE][PASSED] - Object: 'Object Repository/2-OBJECTS TAREAS SECUNDARIAS/Pruebas Compensación/ingreso_fuera_nomina_2/span_Actualizar0' is clicked on

2023-03-09 13:49:57 - [TEST_STEP][PASSED] - click(findTestObject("2-OBJECTS TAREAS SECUNDARIAS/Pruebas Compensación/ingreso_fuera_nomina_2/a_Zona Econmica_datosPuestoTrabajo_formj_idt1008")): Object: 'Object Repository/2-OBJECTS TAREAS SECUNDARIAS/Pruebas Compensación/ingreso_fuera_nomina_2/a_Zona Econmica_datosPuestoTrabajo_formj_idt1008' is clicked on

2023-03-09 13:49:58 - [MESSAGE][PASSED] - Object: 'Object Repository/2-OBJECTS TAREAS SECUNDARIAS/Pruebas Compensación/ingreso_fuera_nomina_2/a_Zona Econmica_datosPuestoTrabajo_formj_idt1008' is clicked on

2023-03-09 13:49:58 - [TEST_STEP][PASSED] - click(findTestObject("2-OBJECTS TAREAS SECUNDARIAS/Pruebas Compensación/ingreso_fuera_nomina_2/span_ADMINISTRATIVA")): Object: 'Object Repository/2-OBJECTS TAREAS SECUNDARIAS/Pruebas Compensación/ingreso_fuera_nomina_2/span_ADMINISTRATIVA' is clicked on

2023-03-09 13:49:59 - [MESSAGE][PASSED] - Object: 'Object Repository/2-OBJECTS TAREAS SECUNDARIAS/Pruebas Compensación/ingreso_fuera_nomina_2/span_ADMINISTRATIVA' is clicked on

2023-03-09 13:49:59 - [TEST_STEP][PASSED] - selectOptionByIndex(findTestObject("2-OBJECTS TAREAS SECUNDARIAS/Pruebas Compensación/ingreso_fuera_nomina_2/select_-- Seleccione empleados_lineacosto --ADMINISTRATIVO -- 1NO RELACIONADA -- .SUBCENTROS -- 9999"), 1): All options with index in [1] are selected on object 'Object Repository/2-OBJECTS TAREAS SECUNDARIAS/Pruebas Compensación/ingreso_fuera_nomina_2/select_-- Seleccione empleados_lineacosto --ADMINISTRATIVO -- 1NO RELACIONADA -- .SUBCENTROS -- 9999'

2023-03-09 13:50:00 - [MESSAGE][PASSED] - All options with index in [1] are selected on object 'Object Repository/2-OBJECTS TAREAS SECUNDARIAS/Pruebas Compensación/ingreso_fuera_nomina_2/select_-- Seleccione empleados_lineacosto --ADMINISTRATIVO -- 1NO RELACIONADA -- .SUBCENTROS -- 9999'

2023-03-09 13:50:00 - [TEST_STEP][PASSED] - selectOptionByIndex(findTestObject("2-OBJECTS TAREAS SECUNDARIAS/Pruebas Compensación/ingreso_fuera_nomina_2/select_-- Seleccione Ubicacin Fsica --ABEJORRAL"), 1): All options with index in [1] are selected on object 'Object Repository/2-OBJECTS TAREAS SECUNDARIAS/Pruebas Compensación/ingreso_fuera_nomina_2/select_-- Seleccione Ubicacin Fsica --ABEJORRAL'

2023-03-09 13:50:01 - [MESSAGE][PASSED] - All options with index in [1] are selected on object 'Object Repository/2-OBJECTS TAREAS SECUNDARIAS/Pruebas Compensación/ingreso_fuera_nomina_2/select_-- Seleccione Ubicacin Fsica --ABEJORRAL'

2023-03-09 13:50:01 - [TEST_STEP][PASSED] - selectOptionByIndex(findTestObject("2-OBJECTS TAREAS SECUNDARIAS/Pruebas Compensación/ingreso_fuera_nomina_2/select_2120 HORAS1240 HORAS0NO DEFINIDO61Pensin"), 2): All options with index in [2] are selected on object 'Object Repository/2-OBJECTS TAREAS SECUNDARIAS/Pruebas Compensación/ingreso_fuera_nomina_2/select_2120 HORAS1240 HORAS0NO DEFINIDO61Pensin'

2023-03-09 13:50:02 - [MESSAGE][PASSED] - All options with index in [2] are selected on object 'Object Repository/2-OBJECTS TAREAS SECUNDARIAS/Pruebas Compensación/ingreso_fuera_nomina_2/select_2120 HORAS1240 HORAS0NO DEFINIDO61Pensin'

2023-03-09 13:50:02 - [TEST_STEP][PASSED] - selectOptionByIndex(findTestObject("2-OBJECTS TAREAS SECUNDARIAS/Pruebas Compensación/ingreso_fuera_nomina_2/select_12kataloonkataloonNOMINA CATORCENALNOMINA CATORCENALNOMINA MENSUALNOMINA"), 8): All options with index in [8] are selected on object 'Object Repository/2-OBJECTS TAREAS SECUNDARIAS/Pruebas Compensación/ingreso_fuera_nomina_2/select_12kataloonkataloonNOMINA CATORCENALNOMINA CATORCENALNOMINA MENSUALNOMINA'

2023-03-09 13:50:04 - [MESSAGE][PASSED] - All options with index in [8] are selected on object 'Object Repository/2-OBJECTS TAREAS SECUNDARIAS/Pruebas Compensación/ingreso_fuera_nomina_2/select_12kataloonkataloonNOMINA CATORCENALNOMINA CATORCENALNOMINA MENSUALNOMINA'

2023-03-09 13:50:04 - [TEST_STEP][PASSED] - selectOptionByIndex(findTestObject("2-OBJECTS TAREAS SECUNDARIAS/Pruebas Compensación/ingreso_fuera_nomina_2/select_0.5APRENDIZ ETAPA LECTIVA6APRENDIZ ETAPA PRODUCTIVA96ASISTENTE DE INVESTIGACION"), 8): All options with index in [8] are selected on object 'Object Repository/2-OBJECTS TAREAS SECUNDARIAS/Pruebas Compensación/ingreso_fuera_nomina_2/select_0.5APRENDIZ ETAPA LECTIVA6APRENDIZ ETAPA PRODUCTIVA96ASISTENTE DE INVESTIGACION'

2023-03-09 13:50:05 - [MESSAGE][PASSED] - All options with index in [8] are selected on object 'Object Repository/2-OBJECTS TAREAS SECUNDARIAS/Pruebas Compensación/ingreso_fuera_nomina_2/select_0.5APRENDIZ ETAPA LECTIVA6APRENDIZ ETAPA PRODUCTIVA96ASISTENTE DE INVESTIGACION'

2023-03-09 13:50:05 - [TEST_STEP][PASSED] - selectOptionByIndex(findTestObject("2-OBJECTS TAREAS SECUNDARIAS/Pruebas Compensación/ingreso_fuera_nomina_2/select_ADMINISTRATIVOSAPRENDICESEMPLEADOFBROLESTSMECANICOSNO APLICANOMINA"), 1): All options with index in [1] are selected on object 'Object Repository/2-OBJECTS TAREAS SECUNDARIAS/Pruebas Compensación/ingreso_fuera_nomina_2/select_ADMINISTRATIVOSAPRENDICESEMPLEADOFBROLESTSMECANICOSNO APLICANOMINA'

2023-03-09 13:50:06 - [MESSAGE][PASSED] - All options with index in [1] are selected on object 'Object Repository/2-OBJECTS TAREAS SECUNDARIAS/Pruebas Compensación/ingreso_fuera_nomina_2/select_ADMINISTRATIVOSAPRENDICESEMPLEADOFBROLESTSMECANICOSNO APLICANOMINA'

2023-03-09 13:50:06 - [TEST_STEP][PASSED] - setText(findTestObject("2-OBJECTS TAREAS SECUNDARIAS/Pruebas Compensación/ingreso_fuera_nomina_2/input_Mesada_datosPuestoTrabajo_formsueldo"), "1800000"): Text '1800000' is set on object 'Object Repository/2-OBJECTS TAREAS SECUNDARIAS/Pruebas Compensación/ingreso_fuera_nomina_2/input_Mesada_datosPuestoTrabajo_formsueldo'

2023-03-09 13:50:06 - [MESSAGE][PASSED] - Text '1800000' is set on object 'Object Repository/2-OBJECTS TAREAS SECUNDARIAS/Pruebas Compensación/ingreso_fuera_nomina_2/input_Mesada_datosPuestoTrabajo_formsueldo'

2023-03-09 13:50:06 - [TEST_STEP][PASSED] - click(findTestObject("2-OBJECTS TAREAS SECUNDARIAS/Pruebas Compensación/ingreso_fuera_nomina_2/span_Actualizar0")): Object: 'Object Repository/2-OBJECTS TAREAS SECUNDARIAS/Pruebas Compensación/ingreso_fuera_nomina_2/span_Actualizar0' is clicked on

2023-03-09 13:50:07 - [MESSAGE][PASSED] - Object: 'Object Repository/2-OBJECTS TAREAS SECUNDARIAS/Pruebas Compensación/ingreso_fuera_nomina_2/span_Actualizar0' is clicked on

2023-03-09 13:50:07 - [TEST_STEP][PASSED] - filePath = getAttribute(findTestObject("2-OBJECTS TAREAS SECUNDARIAS/Pruebas Compensación/ingreso_fuera_nomina_2/input_Cargo_datosPuestoTrabajo_formcargocodigo"), "value"): Attribute 'value' of object 'Object Repository/2-OBJECTS TAREAS SECUNDARIAS/Pruebas Compensación/ingreso_fuera_nomina_2/input_Cargo_datosPuestoTrabajo_formcargocodigo' is: '11010'

2023-03-09 13:50:08 - [MESSAGE][PASSED] - Attribute 'value' of object 'Object Repository/2-OBJECTS TAREAS SECUNDARIAS/Pruebas Compensación/ingreso_fuera_nomina_2/input_Cargo_datosPuestoTrabajo_formcargocodigo' is: '11010'

2023-03-09 13:50:08 - [TEST_STEP][PASSED] - return filePath: null

2023-03-09 13:50:08 - [TEST_STEP][PASSED] - numPuesto = puesto(filePath): null

2023-03-09 13:50:08 - [TEST_STEP][PASSED] - setText(findTestObject("2-OBJECTS TAREAS SECUNDARIAS/Pruebas Compensación/Ingreso_Fuera_Nomina/input_Empresa 1_form_templatej_idt24_input"), "Planta personal (tal)"): Text 'Planta personal (tal)' is set on object 'Object Repository/2-OBJECTS TAREAS SECUNDARIAS/Pruebas Compensación/Ingreso_Fuera_Nomina/input_Empresa 1_form_templatej_idt24_input'

2023-03-09 13:50:09 - [MESSAGE][PASSED] - Text 'Planta personal (tal)' is set on object 'Object Repository/2-OBJECTS TAREAS SECUNDARIAS/Pruebas Compensación/Ingreso_Fuera_Nomina/input_Empresa 1_form_templatej_idt24_input'

2023-03-09 13:50:09 - [TEST_STEP][PASSED] - click(findTestObject("2-OBJECTS TAREAS SECUNDARIAS/Pruebas Compensación/Ingreso_Fuera_Nomina/li_Listado Hojas de Vida (hoj)")): Object: 'Object Repository/2-OBJECTS TAREAS SECUNDARIAS/Pruebas Compensación/Ingreso_Fuera_Nomina/li_Listado Hojas de Vida (hoj)' is clicked on

2023-03-09 13:50:10 - [MESSAGE][PASSED] - Object: 'Object Repository/2-OBJECTS TAREAS SECUNDARIAS/Pruebas Compensación/Ingreso_Fuera_Nomina/li_Listado Hojas de Vida (hoj)' is clicked on

2023-03-09 13:50:10 - [TEST_STEP][PASSED] - click(findTestObject("2-OBJECTS TAREAS SECUNDARIAS/Pruebas Compensación/ingreso_fuera_nomina_2/span_Administracion")): Object: 'Object Repository/2-OBJECTS TAREAS SECUNDARIAS/Pruebas Compensación/ingreso_fuera_nomina_2/span_Administracion' is clicked on

2023-03-09 13:50:13 - [MESSAGE][PASSED] - Object: 'Object Repository/2-OBJECTS TAREAS SECUNDARIAS/Pruebas Compensación/ingreso_fuera_nomina_2/span_Administracion' is clicked on

2023-03-09 13:50:13 - [TEST_STEP][PASSED] - click(findTestObject("2-OBJECTS TAREAS SECUNDARIAS/Pruebas Compensación/ingreso_fuera_nomina_2/a_Posicion_organigramanuevoPuestoTrabajo")): Object: 'Object Repository/2-OBJECTS TAREAS SECUNDARIAS/Pruebas Compensación/ingreso_fuera_nomina_2/a_Posicion_organigramanuevoPuestoTrabajo' is clicked on

2023-03-09 13:50:14 - [MESSAGE][PASSED] - Object: 'Object Repository/2-OBJECTS TAREAS SECUNDARIAS/Pruebas Compensación/ingreso_fuera_nomina_2/a_Posicion_organigramanuevoPuestoTrabajo' is clicked on

2023-03-09 13:50:14 - [TEST_STEP][PASSED] - click(findTestObject("2-OBJECTS TAREAS SECUNDARIAS/Pruebas Compensación/ingreso_fuera_nomina_2/a_Cargo_datosPuestoTrabajo_formj_idt878")): Object: 'Object Repository/2-OBJECTS TAREAS SECUNDARIAS/Pruebas Compensación/ingreso_fuera_nomina_2/a_Cargo_datosPuestoTrabajo_formj_idt878' is clicked on

2023-03-09 13:50:15 - [MESSAGE][PASSED] - Object: 'Object Repository/2-OBJECTS TAREAS SECUNDARIAS/Pruebas Compensación/ingreso_fuera_nomina_2/a_Cargo_datosPuestoTrabajo_formj_idt878' is clicked on

2023-03-09 13:50:15 - [TEST_STEP][PASSED] - setText(findTestObject("2-OBJECTS TAREAS SECUNDARIAS/Pruebas Compensación/ingreso_fuera_nomina_2/input_Cargo_popupCargo_Formj_idt1159"), "ABOGADO"): Text 'ABOGADO' is set on object 'Object Repository/2-OBJECTS TAREAS SECUNDARIAS/Pruebas Compensación/ingreso_fuera_nomina_2/input_Cargo_popupCargo_Formj_idt1159'

2023-03-09 13:50:16 - [MESSAGE][PASSED] - Text 'ABOGADO' is set on object 'Object Repository/2-OBJECTS TAREAS SECUNDARIAS/Pruebas Compensación/ingreso_fuera_nomina_2/input_Cargo_popupCargo_Formj_idt1159'

2023-03-09 13:50:16 - [TEST_STEP][PASSED] - sendKeys(findTestObject("2-OBJECTS TAREAS SECUNDARIAS/Pruebas Compensación/ingreso_fuera_nomina_2/input_Cargo_popupCargo_Formj_idt1159"), Keys.chord(ENTER)): Keys 'ENTER + ' sent to object: 'Object Repository/2-OBJECTS TAREAS SECUNDARIAS/Pruebas Compensación/ingreso_fuera_nomina_2/input_Cargo_popupCargo_Formj_idt1159'

2023-03-09 13:50:17 - [MESSAGE][PASSED] - Keys 'ENTER + ' sent to object: 'Object Repository/2-OBJECTS TAREAS SECUNDARIAS/Pruebas Compensación/ingreso_fuera_nomina_2/input_Cargo_popupCargo_Formj_idt1159'

2023-03-09 13:50:17 - [TEST_STEP][PASSED] - click(findTestObject("2-OBJECTS TAREAS SECUNDARIAS/Pruebas Compensación/ingreso_fuera_nomina_2/span_ABOGADO")): Object: 'Object Repository/2-OBJECTS TAREAS SECUNDARIAS/Pruebas Compensación/ingreso_fuera_nomina_2/span_ABOGADO' is clicked on

2023-03-09 13:50:18 - [MESSAGE][PASSED] - Object: 'Object Repository/2-OBJECTS TAREAS SECUNDARIAS/Pruebas Compensación/ingreso_fuera_nomina_2/span_ABOGADO' is clicked on

2023-03-09 13:50:18 - [TEST_STEP][PASSED] - selectOptionByIndex(findTestObject("2-OBJECTS TAREAS SECUNDARIAS/Pruebas Compensación/ingreso_fuera_nomina_2/select_-- Seleccione --Planta Dinamica                (1)Planta Fija                    (B1)"), 2): All options with index in [2] are selected on object 'Object Repository/2-OBJECTS TAREAS SECUNDARIAS/Pruebas Compensación/ingreso_fuera_nomina_2/select_-- Seleccione --Planta Dinamica                (1)Planta Fija                    (B1)'

2023-03-09 13:50:19 - [MESSAGE][PASSED] - All options with index in [2] are selected on object 'Object Repository/2-OBJECTS TAREAS SECUNDARIAS/Pruebas Compensación/ingreso_fuera_nomina_2/select_-- Seleccione --Planta Dinamica                (1)Planta Fija                    (B1)'

2023-03-09 13:50:19 - [TEST_STEP][PASSED] - selectOptionByIndex(findTestObject("2-OBJECTS TAREAS SECUNDARIAS/Pruebas Compensación/ingreso_fuera_nomina_2/select_-- Seleccione --Ampleado                       (Z3)Empleado                       (B3)Mapa"), 2): All options with index in [2] are selected on object 'Object Repository/2-OBJECTS TAREAS SECUNDARIAS/Pruebas Compensación/ingreso_fuera_nomina_2/select_-- Seleccione --Ampleado                       (Z3)Empleado                       (B3)Mapa'

2023-03-09 13:50:20 - [MESSAGE][PASSED] - All options with index in [2] are selected on object 'Object Repository/2-OBJECTS TAREAS SECUNDARIAS/Pruebas Compensación/ingreso_fuera_nomina_2/select_-- Seleccione --Ampleado                       (Z3)Empleado                       (B3)Mapa'

2023-03-09 13:50:20 - [TEST_STEP][PASSED] - selectOptionByIndex(findTestObject("2-OBJECTS TAREAS SECUNDARIAS/Pruebas Compensación/ingreso_fuera_nomina_2/select_-- Seleccione --BloqueadoEliminadoOcupado y disponibleOcupado y disponible x"), 6): All options with index in [6] are selected on object 'Object Repository/2-OBJECTS TAREAS SECUNDARIAS/Pruebas Compensación/ingreso_fuera_nomina_2/select_-- Seleccione --BloqueadoEliminadoOcupado y disponibleOcupado y disponible x'

2023-03-09 13:50:21 - [MESSAGE][PASSED] - All options with index in [6] are selected on object 'Object Repository/2-OBJECTS TAREAS SECUNDARIAS/Pruebas Compensación/ingreso_fuera_nomina_2/select_-- Seleccione --BloqueadoEliminadoOcupado y disponibleOcupado y disponible x'

2023-03-09 13:50:21 - [TEST_STEP][PASSED] - click(findTestObject("2-OBJECTS TAREAS SECUNDARIAS/Pruebas Compensación/ingreso_fuera_nomina_2/label_No es responsable de la Unidad")): Object: 'Object Repository/2-OBJECTS TAREAS SECUNDARIAS/Pruebas Compensación/ingreso_fuera_nomina_2/label_No es responsable de la Unidad' is clicked on

2023-03-09 13:50:22 - [MESSAGE][PASSED] - Object: 'Object Repository/2-OBJECTS TAREAS SECUNDARIAS/Pruebas Compensación/ingreso_fuera_nomina_2/label_No es responsable de la Unidad' is clicked on

2023-03-09 13:50:22 - [TEST_STEP][PASSED] - click(findTestObject("2-OBJECTS TAREAS SECUNDARIAS/Pruebas Compensación/ingreso_fuera_nomina_2/label_No")): Object: 'Object Repository/2-OBJECTS TAREAS SECUNDARIAS/Pruebas Compensación/ingreso_fuera_nomina_2/label_No' is clicked on

2023-03-09 13:50:23 - [MESSAGE][PASSED] - Object: 'Object Repository/2-OBJECTS TAREAS SECUNDARIAS/Pruebas Compensación/ingreso_fuera_nomina_2/label_No' is clicked on

2023-03-09 13:50:23 - [TEST_STEP][PASSED] - click(findTestObject("2-OBJECTS TAREAS SECUNDARIAS/Pruebas Compensación/ingreso_fuera_nomina_2/span_Actualizar0")): Object: 'Object Repository/2-OBJECTS TAREAS SECUNDARIAS/Pruebas Compensación/ingreso_fuera_nomina_2/span_Actualizar0' is clicked on

2023-03-09 13:50:23 - [MESSAGE][PASSED] - Object: 'Object Repository/2-OBJECTS TAREAS SECUNDARIAS/Pruebas Compensación/ingreso_fuera_nomina_2/span_Actualizar0' is clicked on

2023-03-09 13:50:23 - [TEST_STEP][PASSED] - click(findTestObject("2-OBJECTS TAREAS SECUNDARIAS/Pruebas Compensación/ingreso_fuera_nomina_2/a_Zona Econmica_datosPuestoTrabajo_formj_idt1008")): Object: 'Object Repository/2-OBJECTS TAREAS SECUNDARIAS/Pruebas Compensación/ingreso_fuera_nomina_2/a_Zona Econmica_datosPuestoTrabajo_formj_idt1008' is clicked on

2023-03-09 13:50:24 - [MESSAGE][PASSED] - Object: 'Object Repository/2-OBJECTS TAREAS SECUNDARIAS/Pruebas Compensación/ingreso_fuera_nomina_2/a_Zona Econmica_datosPuestoTrabajo_formj_idt1008' is clicked on

2023-03-09 13:50:24 - [TEST_STEP][PASSED] - click(findTestObject("2-OBJECTS TAREAS SECUNDARIAS/Pruebas Compensación/ingreso_fuera_nomina_2/span_ADMINISTRATIVA")): Object: 'Object Repository/2-OBJECTS TAREAS SECUNDARIAS/Pruebas Compensación/ingreso_fuera_nomina_2/span_ADMINISTRATIVA' is clicked on

2023-03-09 13:50:25 - [MESSAGE][PASSED] - Object: 'Object Repository/2-OBJECTS TAREAS SECUNDARIAS/Pruebas Compensación/ingreso_fuera_nomina_2/span_ADMINISTRATIVA' is clicked on

2023-03-09 13:50:25 - [TEST_STEP][PASSED] - selectOptionByIndex(findTestObject("2-OBJECTS TAREAS SECUNDARIAS/Pruebas Compensación/ingreso_fuera_nomina_2/select_-- Seleccione empleados_lineacosto --ADMINISTRATIVO -- 1NO RELACIONADA -- .SUBCENTROS -- 9999"), 1): All options with index in [1] are selected on object 'Object Repository/2-OBJECTS TAREAS SECUNDARIAS/Pruebas Compensación/ingreso_fuera_nomina_2/select_-- Seleccione empleados_lineacosto --ADMINISTRATIVO -- 1NO RELACIONADA -- .SUBCENTROS -- 9999'

2023-03-09 13:50:26 - [MESSAGE][PASSED] - All options with index in [1] are selected on object 'Object Repository/2-OBJECTS TAREAS SECUNDARIAS/Pruebas Compensación/ingreso_fuera_nomina_2/select_-- Seleccione empleados_lineacosto --ADMINISTRATIVO -- 1NO RELACIONADA -- .SUBCENTROS -- 9999'

2023-03-09 13:50:26 - [TEST_STEP][PASSED] - selectOptionByIndex(findTestObject("2-OBJECTS TAREAS SECUNDARIAS/Pruebas Compensación/ingreso_fuera_nomina_2/select_-- Seleccione Ubicacin Fsica --ABEJORRAL"), 1): All options with index in [1] are selected on object 'Object Repository/2-OBJECTS TAREAS SECUNDARIAS/Pruebas Compensación/ingreso_fuera_nomina_2/select_-- Seleccione Ubicacin Fsica --ABEJORRAL'

2023-03-09 13:50:28 - [MESSAGE][PASSED] - All options with index in [1] are selected on object 'Object Repository/2-OBJECTS TAREAS SECUNDARIAS/Pruebas Compensación/ingreso_fuera_nomina_2/select_-- Seleccione Ubicacin Fsica --ABEJORRAL'

2023-03-09 13:50:28 - [TEST_STEP][PASSED] - selectOptionByIndex(findTestObject("2-OBJECTS TAREAS SECUNDARIAS/Pruebas Compensación/ingreso_fuera_nomina_2/select_2120 HORAS1240 HORAS0NO DEFINIDO61Pensin"), 2): All options with index in [2] are selected on object 'Object Repository/2-OBJECTS TAREAS SECUNDARIAS/Pruebas Compensación/ingreso_fuera_nomina_2/select_2120 HORAS1240 HORAS0NO DEFINIDO61Pensin'

2023-03-09 13:50:29 - [MESSAGE][PASSED] - All options with index in [2] are selected on object 'Object Repository/2-OBJECTS TAREAS SECUNDARIAS/Pruebas Compensación/ingreso_fuera_nomina_2/select_2120 HORAS1240 HORAS0NO DEFINIDO61Pensin'

2023-03-09 13:50:29 - [TEST_STEP][PASSED] - selectOptionByIndex(findTestObject("2-OBJECTS TAREAS SECUNDARIAS/Pruebas Compensación/ingreso_fuera_nomina_2/select_12kataloonkataloonNOMINA CATORCENALNOMINA CATORCENALNOMINA MENSUALNOMINA"), 8): All options with index in [8] are selected on object 'Object Repository/2-OBJECTS TAREAS SECUNDARIAS/Pruebas Compensación/ingreso_fuera_nomina_2/select_12kataloonkataloonNOMINA CATORCENALNOMINA CATORCENALNOMINA MENSUALNOMINA'

2023-03-09 13:50:30 - [MESSAGE][PASSED] - All options with index in [8] are selected on object 'Object Repository/2-OBJECTS TAREAS SECUNDARIAS/Pruebas Compensación/ingreso_fuera_nomina_2/select_12kataloonkataloonNOMINA CATORCENALNOMINA CATORCENALNOMINA MENSUALNOMINA'

2023-03-09 13:50:30 - [TEST_STEP][PASSED] - selectOptionByIndex(findTestObject("2-OBJECTS TAREAS SECUNDARIAS/Pruebas Compensación/ingreso_fuera_nomina_2/select_0.5APRENDIZ ETAPA LECTIVA6APRENDIZ ETAPA PRODUCTIVA96ASISTENTE DE INVESTIGACION"), 8): All options with index in [8] are selected on object 'Object Repository/2-OBJECTS TAREAS SECUNDARIAS/Pruebas Compensación/ingreso_fuera_nomina_2/select_0.5APRENDIZ ETAPA LECTIVA6APRENDIZ ETAPA PRODUCTIVA96ASISTENTE DE INVESTIGACION'

2023-03-09 13:50:31 - [MESSAGE][PASSED] - All options with index in [8] are selected on object 'Object Repository/2-OBJECTS TAREAS SECUNDARIAS/Pruebas Compensación/ingreso_fuera_nomina_2/select_0.5APRENDIZ ETAPA LECTIVA6APRENDIZ ETAPA PRODUCTIVA96ASISTENTE DE INVESTIGACION'

2023-03-09 13:50:31 - [TEST_STEP][PASSED] - selectOptionByIndex(findTestObject("2-OBJECTS TAREAS SECUNDARIAS/Pruebas Compensación/ingreso_fuera_nomina_2/select_ADMINISTRATIVOSAPRENDICESEMPLEADOFBROLESTSMECANICOSNO APLICANOMINA"), 1): All options with index in [1] are selected on object 'Object Repository/2-OBJECTS TAREAS SECUNDARIAS/Pruebas Compensación/ingreso_fuera_nomina_2/select_ADMINISTRATIVOSAPRENDICESEMPLEADOFBROLESTSMECANICOSNO APLICANOMINA'

2023-03-09 13:50:33 - [MESSAGE][PASSED] - All options with index in [1] are selected on object 'Object Repository/2-OBJECTS TAREAS SECUNDARIAS/Pruebas Compensación/ingreso_fuera_nomina_2/select_ADMINISTRATIVOSAPRENDICESEMPLEADOFBROLESTSMECANICOSNO APLICANOMINA'

2023-03-09 13:50:33 - [TEST_STEP][PASSED] - setText(findTestObject("2-OBJECTS TAREAS SECUNDARIAS/Pruebas Compensación/ingreso_fuera_nomina_2/input_Mesada_datosPuestoTrabajo_formsueldo"), "1800000"): Text '1800000' is set on object 'Object Repository/2-OBJECTS TAREAS SECUNDARIAS/Pruebas Compensación/ingreso_fuera_nomina_2/input_Mesada_datosPuestoTrabajo_formsueldo'

2023-03-09 13:50:33 - [MESSAGE][PASSED] - Text '1800000' is set on object 'Object Repository/2-OBJECTS TAREAS SECUNDARIAS/Pruebas Compensación/ingreso_fuera_nomina_2/input_Mesada_datosPuestoTrabajo_formsueldo'

2023-03-09 13:50:33 - [TEST_STEP][PASSED] - click(findTestObject("2-OBJECTS TAREAS SECUNDARIAS/Pruebas Compensación/ingreso_fuera_nomina_2/span_Actualizar0")): Object: 'Object Repository/2-OBJECTS TAREAS SECUNDARIAS/Pruebas Compensación/ingreso_fuera_nomina_2/span_Actualizar0' is clicked on

2023-03-09 13:50:34 - [MESSAGE][PASSED] - Object: 'Object Repository/2-OBJECTS TAREAS SECUNDARIAS/Pruebas Compensación/ingreso_fuera_nomina_2/span_Actualizar0' is clicked on

2023-03-09 13:50:34 - [TEST_STEP][PASSED] - filePath = getAttribute(findTestObject("2-OBJECTS TAREAS SECUNDARIAS/Pruebas Compensación/ingreso_fuera_nomina_2/input_Cargo_datosPuestoTrabajo_formcargocodigo"), "value"): Attribute 'value' of object 'Object Repository/2-OBJECTS TAREAS SECUNDARIAS/Pruebas Compensación/ingreso_fuera_nomina_2/input_Cargo_datosPuestoTrabajo_formcargocodigo' is: '11011'

2023-03-09 13:50:34 - [MESSAGE][PASSED] - Attribute 'value' of object 'Object Repository/2-OBJECTS TAREAS SECUNDARIAS/Pruebas Compensación/ingreso_fuera_nomina_2/input_Cargo_datosPuestoTrabajo_formcargocodigo' is: '11011'

2023-03-09 13:50:34 - [TEST_STEP][PASSED] - return filePath: null

2023-03-09 13:50:34 - [TEST_STEP][PASSED] - println(numPuesto): null

2023-03-09 13:50:34 - [TEST_STEP][PASSED] - waitForElementVisible(findTestObject("2-OBJECTS TAREAS SECUNDARIAS/Pruebas Compensación/Ingreso_Fuera_Nomina/input_Empresa 1_form_templatej_idt24_input"), 1): Object 'Object Repository/2-OBJECTS TAREAS SECUNDARIAS/Pruebas Compensación/Ingreso_Fuera_Nomina/input_Empresa 1_form_templatej_idt24_input' is visible

2023-03-09 13:50:35 - [MESSAGE][PASSED] - Object 'Object Repository/2-OBJECTS TAREAS SECUNDARIAS/Pruebas Compensación/Ingreso_Fuera_Nomina/input_Empresa 1_form_templatej_idt24_input' is visible

2023-03-09 13:50:35 - [TEST_STEP][PASSED] - setText(findTestObject("2-OBJECTS TAREAS SECUNDARIAS/Pruebas Compensación/Ingreso_Fuera_Nomina/input_Empresa 1_form_templatej_idt24_input"), "Listado Hojas de Vida (hoj)"): Text 'Listado Hojas de Vida (hoj)' is set on object 'Object Repository/2-OBJECTS TAREAS SECUNDARIAS/Pruebas Compensación/Ingreso_Fuera_Nomina/input_Empresa 1_form_templatej_idt24_input'

2023-03-09 13:50:36 - [MESSAGE][PASSED] - Text 'Listado Hojas de Vida (hoj)' is set on object 'Object Repository/2-OBJECTS TAREAS SECUNDARIAS/Pruebas Compensación/Ingreso_Fuera_Nomina/input_Empresa 1_form_templatej_idt24_input'

2023-03-09 13:50:36 - [TEST_STEP][PASSED] - click(findTestObject("2-OBJECTS TAREAS SECUNDARIAS/Pruebas Compensación/Ingreso_Fuera_Nomina/li_Listado Hojas de Vida (hoj)")): Object: 'Object Repository/2-OBJECTS TAREAS SECUNDARIAS/Pruebas Compensación/Ingreso_Fuera_Nomina/li_Listado Hojas de Vida (hoj)' is clicked on

2023-03-09 13:50:37 - [MESSAGE][PASSED] - Object: 'Object Repository/2-OBJECTS TAREAS SECUNDARIAS/Pruebas Compensación/Ingreso_Fuera_Nomina/li_Listado Hojas de Vida (hoj)' is clicked on

2023-03-09 13:50:37 - [TEST_STEP][PASSED] - click(findTestObject("2-OBJECTS TAREAS SECUNDARIAS/Pruebas Compensación/Ingreso_Fuera_Nomina/a_Nueva HojaVida")): Object: 'Object Repository/2-OBJECTS TAREAS SECUNDARIAS/Pruebas Compensación/Ingreso_Fuera_Nomina/a_Nueva HojaVida' is clicked on

2023-03-09 13:50:40 - [MESSAGE][PASSED] - Object: 'Object Repository/2-OBJECTS TAREAS SECUNDARIAS/Pruebas Compensación/Ingreso_Fuera_Nomina/a_Nueva HojaVida' is clicked on

2023-03-09 13:50:40 - [TEST_STEP][PASSED] - setText(findTestObject("2-OBJECTS TAREAS SECUNDARIAS/Pruebas Compensación/Ingreso_Fuera_Nomina/input_Identificacin_nuevahoja_formcedula"), numero): Text '7400999' is set on object 'Object Repository/2-OBJECTS TAREAS SECUNDARIAS/Pruebas Compensación/Ingreso_Fuera_Nomina/input_Identificacin_nuevahoja_formcedula'

2023-03-09 13:50:41 - [MESSAGE][PASSED] - Text '7400999' is set on object 'Object Repository/2-OBJECTS TAREAS SECUNDARIAS/Pruebas Compensación/Ingreso_Fuera_Nomina/input_Identificacin_nuevahoja_formcedula'

2023-03-09 13:50:41 - [TEST_STEP][PASSED] - selectOptionByIndex(findTestObject("2-OBJECTS TAREAS SECUNDARIAS/Pruebas Compensación/Ingreso_Fuera_Nomina/select_-- Seleccione --.ASPIRANTEAspirante NPxEspaol Tipo Hoja EmpleadoIngles Tipo Hoja AspirantepruebaTcnico"), 4): All options with index in [4] are selected on object 'Object Repository/2-OBJECTS TAREAS SECUNDARIAS/Pruebas Compensación/Ingreso_Fuera_Nomina/select_-- Seleccione --.ASPIRANTEAspirante NPxEspaol Tipo Hoja EmpleadoIngles Tipo Hoja AspirantepruebaTcnico'

2023-03-09 13:50:42 - [MESSAGE][PASSED] - All options with index in [4] are selected on object 'Object Repository/2-OBJECTS TAREAS SECUNDARIAS/Pruebas Compensación/Ingreso_Fuera_Nomina/select_-- Seleccione --.ASPIRANTEAspirante NPxEspaol Tipo Hoja EmpleadoIngles Tipo Hoja AspirantepruebaTcnico'

2023-03-09 13:50:42 - [TEST_STEP][PASSED] - click(findTestObject("2-OBJECTS TAREAS SECUNDARIAS/Pruebas Compensación/Ingreso_Fuera_Nomina/a_Nueva Solicitud")): Object: 'Object Repository/2-OBJECTS TAREAS SECUNDARIAS/Pruebas Compensación/Ingreso_Fuera_Nomina/a_Nueva Solicitud' is clicked on

2023-03-09 13:50:42 - [MESSAGE][PASSED] - Object: 'Object Repository/2-OBJECTS TAREAS SECUNDARIAS/Pruebas Compensación/Ingreso_Fuera_Nomina/a_Nueva Solicitud' is clicked on

2023-03-09 13:50:42 - [TEST_STEP][PASSED] - setText(findTestObject("2-OBJECTS TAREAS SECUNDARIAS/Pruebas Compensación/Ingreso_Fuera_Nomina/input__hojaVidaseccionj_idt1960idTexto"), numero): Text '7400999' is set on object 'Object Repository/2-OBJECTS TAREAS SECUNDARIAS/Pruebas Compensación/Ingreso_Fuera_Nomina/input__hojaVidaseccionj_idt1960idTexto'

2023-03-09 13:50:44 - [MESSAGE][PASSED] - Text '7400999' is set on object 'Object Repository/2-OBJECTS TAREAS SECUNDARIAS/Pruebas Compensación/Ingreso_Fuera_Nomina/input__hojaVidaseccionj_idt1960idTexto'

2023-03-09 13:50:44 - [TEST_STEP][PASSED] - setText(findTestObject("2-OBJECTS TAREAS SECUNDARIAS/Pruebas Compensación/Ingreso_Fuera_Nomina/input__hojaVidaseccionj_idt1961idTexto"), "Brian hugn"): Text 'Brian hugn' is set on object 'Object Repository/2-OBJECTS TAREAS SECUNDARIAS/Pruebas Compensación/Ingreso_Fuera_Nomina/input__hojaVidaseccionj_idt1961idTexto'

2023-03-09 13:50:45 - [MESSAGE][PASSED] - Text 'Brian hugn' is set on object 'Object Repository/2-OBJECTS TAREAS SECUNDARIAS/Pruebas Compensación/Ingreso_Fuera_Nomina/input__hojaVidaseccionj_idt1961idTexto'

2023-03-09 13:50:45 - [TEST_STEP][PASSED] - setText(findTestObject("2-OBJECTS TAREAS SECUNDARIAS/Pruebas Compensación/Ingreso_Fuera_Nomina/input__hojaVidaseccionj_idt1962idTexto"), "Warner" + numero): Text 'Warner7400999' is set on object 'Object Repository/2-OBJECTS TAREAS SECUNDARIAS/Pruebas Compensación/Ingreso_Fuera_Nomina/input__hojaVidaseccionj_idt1962idTexto'

2023-03-09 13:50:45 - [MESSAGE][PASSED] - Text 'Warner7400999' is set on object 'Object Repository/2-OBJECTS TAREAS SECUNDARIAS/Pruebas Compensación/Ingreso_Fuera_Nomina/input__hojaVidaseccionj_idt1962idTexto'

2023-03-09 13:50:45 - [TEST_STEP][PASSED] - setText(findTestObject("2-OBJECTS TAREAS SECUNDARIAS/Pruebas Compensación/Ingreso_Fuera_Nomina/input__hojaVidaseccionj_idt1963fecha_input"), "08/10/1990"): Text '08/10/1990' is set on object 'Object Repository/2-OBJECTS TAREAS SECUNDARIAS/Pruebas Compensación/Ingreso_Fuera_Nomina/input__hojaVidaseccionj_idt1963fecha_input'

2023-03-09 13:50:46 - [MESSAGE][PASSED] - Text '08/10/1990' is set on object 'Object Repository/2-OBJECTS TAREAS SECUNDARIAS/Pruebas Compensación/Ingreso_Fuera_Nomina/input__hojaVidaseccionj_idt1963fecha_input'

2023-03-09 13:50:46 - [TEST_STEP][PASSED] - selectOptionByIndex(findTestObject("2-OBJECTS TAREAS SECUNDARIAS/Pruebas Compensación/Ingreso_Fuera_Nomina/select_--Seleccione---- Seleccione--000000ABEJORRAL"), 12): All options with index in [12] are selected on object 'Object Repository/2-OBJECTS TAREAS SECUNDARIAS/Pruebas Compensación/Ingreso_Fuera_Nomina/select_--Seleccione---- Seleccione--000000ABEJORRAL'

2023-03-09 13:50:48 - [MESSAGE][PASSED] - All options with index in [12] are selected on object 'Object Repository/2-OBJECTS TAREAS SECUNDARIAS/Pruebas Compensación/Ingreso_Fuera_Nomina/select_--Seleccione---- Seleccione--000000ABEJORRAL'

2023-03-09 13:50:48 - [TEST_STEP][PASSED] - click(findTestObject("2-OBJECTS TAREAS SECUNDARIAS/Pruebas Compensación/Ingreso_Fuera_Nomina/a__hojaVidaseccionj_idt1964j_idt236"), STOP_ON_FAILURE): Object: 'Object Repository/2-OBJECTS TAREAS SECUNDARIAS/Pruebas Compensación/Ingreso_Fuera_Nomina/a__hojaVidaseccionj_idt1964j_idt236' is clicked on

2023-03-09 13:50:48 - [MESSAGE][PASSED] - Object: 'Object Repository/2-OBJECTS TAREAS SECUNDARIAS/Pruebas Compensación/Ingreso_Fuera_Nomina/a__hojaVidaseccionj_idt1964j_idt236' is clicked on

2023-03-09 13:50:48 - [TEST_STEP][PASSED] - click(findTestObject("2-OBJECTS TAREAS SECUNDARIAS/Pruebas Compensación/Ingreso_Fuera_Nomina/td_CEDULA CIUDADANIA (COLOMBIA)")): Object: 'Object Repository/2-OBJECTS TAREAS SECUNDARIAS/Pruebas Compensación/Ingreso_Fuera_Nomina/td_CEDULA CIUDADANIA (COLOMBIA)' is clicked on

2023-03-09 13:50:49 - [MESSAGE][PASSED] - Object: 'Object Repository/2-OBJECTS TAREAS SECUNDARIAS/Pruebas Compensación/Ingreso_Fuera_Nomina/td_CEDULA CIUDADANIA (COLOMBIA)' is clicked on

2023-03-09 13:50:49 - [TEST_STEP][PASSED] - setText(findTestObject("2-OBJECTS TAREAS SECUNDARIAS/Pruebas Compensación/Ingreso_Fuera_Nomina/input_Fecha Expedicin_hojaVidaseccionj_idt1966fecha_input"), "08/10/2018"): Text '08/10/2018' is set on object 'Object Repository/2-OBJECTS TAREAS SECUNDARIAS/Pruebas Compensación/Ingreso_Fuera_Nomina/input_Fecha Expedicin_hojaVidaseccionj_idt1966fecha_input'

2023-03-09 13:50:50 - [MESSAGE][PASSED] - Text '08/10/2018' is set on object 'Object Repository/2-OBJECTS TAREAS SECUNDARIAS/Pruebas Compensación/Ingreso_Fuera_Nomina/input_Fecha Expedicin_hojaVidaseccionj_idt1966fecha_input'

2023-03-09 13:50:50 - [TEST_STEP][PASSED] - sendKeys(findTestObject("2-OBJECTS TAREAS SECUNDARIAS/Pruebas Compensación/Ingreso_Fuera_Nomina/select_--Seleccione---- Seleccione--000000ABEJORRAL"), "12"): Keys '12' sent to object: 'Object Repository/2-OBJECTS TAREAS SECUNDARIAS/Pruebas Compensación/Ingreso_Fuera_Nomina/select_--Seleccione---- Seleccione--000000ABEJORRAL'

2023-03-09 13:50:51 - [MESSAGE][PASSED] - Keys '12' sent to object: 'Object Repository/2-OBJECTS TAREAS SECUNDARIAS/Pruebas Compensación/Ingreso_Fuera_Nomina/select_--Seleccione---- Seleccione--000000ABEJORRAL'

2023-03-09 13:50:51 - [TEST_STEP][PASSED] - setText(findTestObject("2-OBJECTS TAREAS SECUNDARIAS/Pruebas Compensación/Ingreso_Fuera_Nomina/input__hojaVidaseccionj_idt1968idTexto"), "300" + numero): Text '3007400999' is set on object 'Object Repository/2-OBJECTS TAREAS SECUNDARIAS/Pruebas Compensación/Ingreso_Fuera_Nomina/input__hojaVidaseccionj_idt1968idTexto'

2023-03-09 13:50:52 - [MESSAGE][PASSED] - Text '3007400999' is set on object 'Object Repository/2-OBJECTS TAREAS SECUNDARIAS/Pruebas Compensación/Ingreso_Fuera_Nomina/input__hojaVidaseccionj_idt1968idTexto'

2023-03-09 13:50:52 - [TEST_STEP][PASSED] - setText(findTestObject("2-OBJECTS TAREAS SECUNDARIAS/Pruebas Compensación/Ingreso_Fuera_Nomina/input__hojaVidaseccionj_idt1969idTexto"), "prueba" + numero + "@null.com"): Text 'prueba7400999@null.com' is set on object 'Object Repository/2-OBJECTS TAREAS SECUNDARIAS/Pruebas Compensación/Ingreso_Fuera_Nomina/input__hojaVidaseccionj_idt1969idTexto'

2023-03-09 13:50:52 - [MESSAGE][PASSED] - Text 'prueba7400999@null.com' is set on object 'Object Repository/2-OBJECTS TAREAS SECUNDARIAS/Pruebas Compensación/Ingreso_Fuera_Nomina/input__hojaVidaseccionj_idt1969idTexto'

2023-03-09 13:50:52 - [TEST_STEP][PASSED] - selectOptionByIndex(findTestObject("2-OBJECTS TAREAS SECUNDARIAS/Pruebas Compensación/Ingreso_Fuera_Nomina/select_--Seleccione--AA-ABAB-BB-OO-"), "7"): All options with index in [7] are selected on object 'Object Repository/2-OBJECTS TAREAS SECUNDARIAS/Pruebas Compensación/Ingreso_Fuera_Nomina/select_--Seleccione--AA-ABAB-BB-OO-'

2023-03-09 13:50:54 - [MESSAGE][PASSED] - All options with index in [7] are selected on object 'Object Repository/2-OBJECTS TAREAS SECUNDARIAS/Pruebas Compensación/Ingreso_Fuera_Nomina/select_--Seleccione--AA-ABAB-BB-OO-'

2023-03-09 13:50:54 - [TEST_STEP][PASSED] - click(findTestObject("2-OBJECTS TAREAS SECUNDARIAS/Pruebas Compensación/Ingreso_Fuera_Nomina/a__hojaVidaseccionj_idt19611j_idt236")): Object: 'Object Repository/2-OBJECTS TAREAS SECUNDARIAS/Pruebas Compensación/Ingreso_Fuera_Nomina/a__hojaVidaseccionj_idt19611j_idt236' is clicked on

2023-03-09 13:50:54 - [MESSAGE][PASSED] - Object: 'Object Repository/2-OBJECTS TAREAS SECUNDARIAS/Pruebas Compensación/Ingreso_Fuera_Nomina/a__hojaVidaseccionj_idt19611j_idt236' is clicked on

2023-03-09 13:50:54 - [TEST_STEP][PASSED] - setText(findTestObject("2-OBJECTS TAREAS SECUNDARIAS/Pruebas Compensación/Ingreso_Fuera_Nomina/input_Ubicacin Geogrfica_formPopUpUbicacionj_idt875"), "Bogotá"): Text 'Bogotá' is set on object 'Object Repository/2-OBJECTS TAREAS SECUNDARIAS/Pruebas Compensación/Ingreso_Fuera_Nomina/input_Ubicacin Geogrfica_formPopUpUbicacionj_idt875'

2023-03-09 13:50:55 - [MESSAGE][PASSED] - Text 'Bogotá' is set on object 'Object Repository/2-OBJECTS TAREAS SECUNDARIAS/Pruebas Compensación/Ingreso_Fuera_Nomina/input_Ubicacin Geogrfica_formPopUpUbicacionj_idt875'

2023-03-09 13:50:55 - [TEST_STEP][PASSED] - sendKeys(findTestObject("2-OBJECTS TAREAS SECUNDARIAS/Pruebas Compensación/Ingreso_Fuera_Nomina/input_Ubicacin Geogrfica_formPopUpUbicacionj_idt875"), Keys.chord(ENTER)): Keys 'ENTER + ' sent to object: 'Object Repository/2-OBJECTS TAREAS SECUNDARIAS/Pruebas Compensación/Ingreso_Fuera_Nomina/input_Ubicacin Geogrfica_formPopUpUbicacionj_idt875'

2023-03-09 13:50:56 - [MESSAGE][PASSED] - Keys 'ENTER + ' sent to object: 'Object Repository/2-OBJECTS TAREAS SECUNDARIAS/Pruebas Compensación/Ingreso_Fuera_Nomina/input_Ubicacin Geogrfica_formPopUpUbicacionj_idt875'

2023-03-09 13:50:56 - [TEST_STEP][PASSED] - click(findTestObject("2-OBJECTS TAREAS SECUNDARIAS/Pruebas Compensación/Ingreso_Fuera_Nomina/td_11001     BOGOT")): Object: 'Object Repository/2-OBJECTS TAREAS SECUNDARIAS/Pruebas Compensación/Ingreso_Fuera_Nomina/td_11001     BOGOT' is clicked on

2023-03-09 13:50:56 - [MESSAGE][PASSED] - Object: 'Object Repository/2-OBJECTS TAREAS SECUNDARIAS/Pruebas Compensación/Ingreso_Fuera_Nomina/td_11001     BOGOT' is clicked on

2023-03-09 13:50:56 - [TEST_STEP][PASSED] - click(findTestObject("2-OBJECTS TAREAS SECUNDARIAS/Pruebas Compensación/Ingreso_Fuera_Nomina/a__hojaVidaseccionj_idt19612j_idt236")): Object: 'Object Repository/2-OBJECTS TAREAS SECUNDARIAS/Pruebas Compensación/Ingreso_Fuera_Nomina/a__hojaVidaseccionj_idt19612j_idt236' is clicked on

2023-03-09 13:50:57 - [MESSAGE][PASSED] - Object: 'Object Repository/2-OBJECTS TAREAS SECUNDARIAS/Pruebas Compensación/Ingreso_Fuera_Nomina/a__hojaVidaseccionj_idt19612j_idt236' is clicked on

2023-03-09 13:50:57 - [TEST_STEP][PASSED] - click(findTestObject("2-OBJECTS TAREAS SECUNDARIAS/Pruebas Compensación/Ingreso_Fuera_Nomina/span_Colombiana")): Object: 'Object Repository/2-OBJECTS TAREAS SECUNDARIAS/Pruebas Compensación/Ingreso_Fuera_Nomina/span_Colombiana' is clicked on

2023-03-09 13:50:58 - [MESSAGE][PASSED] - Object: 'Object Repository/2-OBJECTS TAREAS SECUNDARIAS/Pruebas Compensación/Ingreso_Fuera_Nomina/span_Colombiana' is clicked on

2023-03-09 13:50:58 - [TEST_STEP][PASSED] - click(findTestObject("2-OBJECTS TAREAS SECUNDARIAS/Pruebas Compensación/Ingreso_Fuera_Nomina/a_Continuar")): Object: 'Object Repository/2-OBJECTS TAREAS SECUNDARIAS/Pruebas Compensación/Ingreso_Fuera_Nomina/a_Continuar' is clicked on

2023-03-09 13:50:58 - [MESSAGE][PASSED] - Object: 'Object Repository/2-OBJECTS TAREAS SECUNDARIAS/Pruebas Compensación/Ingreso_Fuera_Nomina/a_Continuar' is clicked on

2023-03-09 13:50:58 - [TEST_STEP][PASSED] - click(findTestObject("2-OBJECTS TAREAS SECUNDARIAS/Pruebas Compensación/Ingreso_Fuera_Nomina/a_Aceptar")): Object: 'Object Repository/2-OBJECTS TAREAS SECUNDARIAS/Pruebas Compensación/Ingreso_Fuera_Nomina/a_Aceptar' is clicked on

2023-03-09 13:50:59 - [MESSAGE][PASSED] - Object: 'Object Repository/2-OBJECTS TAREAS SECUNDARIAS/Pruebas Compensación/Ingreso_Fuera_Nomina/a_Aceptar' is clicked on

2023-03-09 13:50:59 - [TEST_STEP][PASSED] - setText(findTestObject("2-OBJECTS TAREAS SECUNDARIAS/Pruebas Compensación/Ingreso_Fuera_Nomina/input_Empresa 1_form_templatej_idt24_input"), "Actos Administrativos (act)"): Text 'Actos Administrativos (act)' is set on object 'Object Repository/2-OBJECTS TAREAS SECUNDARIAS/Pruebas Compensación/Ingreso_Fuera_Nomina/input_Empresa 1_form_templatej_idt24_input'

2023-03-09 13:51:00 - [MESSAGE][PASSED] - Text 'Actos Administrativos (act)' is set on object 'Object Repository/2-OBJECTS TAREAS SECUNDARIAS/Pruebas Compensación/Ingreso_Fuera_Nomina/input_Empresa 1_form_templatej_idt24_input'

2023-03-09 13:51:00 - [TEST_STEP][PASSED] - click(findTestObject("2-OBJECTS TAREAS SECUNDARIAS/Pruebas Compensación/Ingreso_Fuera_Nomina/li_Listado Hojas de Vida (hoj)")): Object: 'Object Repository/2-OBJECTS TAREAS SECUNDARIAS/Pruebas Compensación/Ingreso_Fuera_Nomina/li_Listado Hojas de Vida (hoj)' is clicked on

2023-03-09 13:51:02 - [MESSAGE][PASSED] - Object: 'Object Repository/2-OBJECTS TAREAS SECUNDARIAS/Pruebas Compensación/Ingreso_Fuera_Nomina/li_Listado Hojas de Vida (hoj)' is clicked on

2023-03-09 13:51:02 - [TEST_STEP][PASSED] - click(findTestObject("2-OBJECTS TAREAS SECUNDARIAS/Pruebas Compensación/Ingreso_Fuera_Nomina/span_Acto cambio del Empleado")): Object: 'Object Repository/2-OBJECTS TAREAS SECUNDARIAS/Pruebas Compensación/Ingreso_Fuera_Nomina/span_Acto cambio del Empleado' is clicked on

2023-03-09 13:51:05 - [MESSAGE][PASSED] - Object: 'Object Repository/2-OBJECTS TAREAS SECUNDARIAS/Pruebas Compensación/Ingreso_Fuera_Nomina/span_Acto cambio del Empleado' is clicked on

2023-03-09 13:51:05 - [TEST_STEP][PASSED] - Elaborar(): null

2023-03-09 13:51:05 - [TEST_STEP][PASSED] - titulo1 = getText(findTestObject("2-OBJECTS TAREAS SECUNDARIAS/Pruebas Compensación/Ingreso_Fuera_Nomina/span_Title1")): Text of object 'Object Repository/2-OBJECTS TAREAS SECUNDARIAS/Pruebas Compensación/Ingreso_Fuera_Nomina/span_Title1' is: 'Elaborar'

2023-03-09 13:51:05 - [MESSAGE][PASSED] - Text of object 'Object Repository/2-OBJECTS TAREAS SECUNDARIAS/Pruebas Compensación/Ingreso_Fuera_Nomina/span_Title1' is: 'Elaborar'

2023-03-09 13:51:05 - [TEST_STEP][PASSED] - titulo2 = getText(findTestObject("2-OBJECTS TAREAS SECUNDARIAS/Pruebas Compensación/Ingreso_Fuera_Nomina/span_Title2")): Text of object 'Object Repository/2-OBJECTS TAREAS SECUNDARIAS/Pruebas Compensación/Ingreso_Fuera_Nomina/span_Title2' is: 'Eliminar'

2023-03-09 13:51:06 - [MESSAGE][PASSED] - Text of object 'Object Repository/2-OBJECTS TAREAS SECUNDARIAS/Pruebas Compensación/Ingreso_Fuera_Nomina/span_Title2' is: 'Eliminar'

2023-03-09 13:51:06 - [TEST_STEP][PASSED] - titulo3 = getText(findTestObject("2-OBJECTS TAREAS SECUNDARIAS/Pruebas Compensación/Ingreso_Fuera_Nomina/span_Title3")): Text of object 'Object Repository/2-OBJECTS TAREAS SECUNDARIAS/Pruebas Compensación/Ingreso_Fuera_Nomina/span_Title3' is: 'Legalizar'

2023-03-09 13:51:06 - [MESSAGE][PASSED] - Text of object 'Object Repository/2-OBJECTS TAREAS SECUNDARIAS/Pruebas Compensación/Ingreso_Fuera_Nomina/span_Title3' is: 'Legalizar'

2023-03-09 13:51:06 - [TEST_STEP][PASSED] - titulo4 = getText(findTestObject("2-OBJECTS TAREAS SECUNDARIAS/Pruebas Compensación/Ingreso_Fuera_Nomina/span_Title4")): Text of object 'Object Repository/2-OBJECTS TAREAS SECUNDARIAS/Pruebas Compensación/Ingreso_Fuera_Nomina/span_Title4' is: 'Modificar'

2023-03-09 13:51:06 - [MESSAGE][PASSED] - Text of object 'Object Repository/2-OBJECTS TAREAS SECUNDARIAS/Pruebas Compensación/Ingreso_Fuera_Nomina/span_Title4' is: 'Modificar'

2023-03-09 13:51:06 - [TEST_STEP][PASSED] - switch (titulo1 || titulo2 || titulo3 || titulo4): null

2023-03-09 13:51:06 - [TEST_STEP][PASSED] - case titulo1 == "Elaborar":: null

2023-03-09 13:51:06 - [TEST_STEP][PASSED] - click(findTestObject("2-OBJECTS TAREAS SECUNDARIAS/Pruebas Compensación/Ingreso_Fuera_Nomina/a_Ico1")): Object: 'Object Repository/2-OBJECTS TAREAS SECUNDARIAS/Pruebas Compensación/Ingreso_Fuera_Nomina/a_Ico1' is clicked on

2023-03-09 13:51:07 - [MESSAGE][PASSED] - Object: 'Object Repository/2-OBJECTS TAREAS SECUNDARIAS/Pruebas Compensación/Ingreso_Fuera_Nomina/a_Ico1' is clicked on

2023-03-09 13:51:07 - [TEST_STEP][PASSED] - break: null

2023-03-09 13:51:07 - [TEST_STEP][PASSED] - click(findTestObject("2-OBJECTS TAREAS SECUNDARIAS/Pruebas Compensación/Ingreso_Fuera_Nomina/span_Nomina")): Object: 'Object Repository/2-OBJECTS TAREAS SECUNDARIAS/Pruebas Compensación/Ingreso_Fuera_Nomina/span_Nomina' is clicked on

2023-03-09 13:51:07 - [MESSAGE][PASSED] - Object: 'Object Repository/2-OBJECTS TAREAS SECUNDARIAS/Pruebas Compensación/Ingreso_Fuera_Nomina/span_Nomina' is clicked on

2023-03-09 13:51:07 - [TEST_STEP][PASSED] - click(findTestObject("2-OBJECTS TAREAS SECUNDARIAS/Pruebas Compensación/Ingreso_Fuera_Nomina/span_ingreso - definitivo")): Object: 'Object Repository/2-OBJECTS TAREAS SECUNDARIAS/Pruebas Compensación/Ingreso_Fuera_Nomina/span_ingreso - definitivo' is clicked on

2023-03-09 13:51:08 - [MESSAGE][PASSED] - Object: 'Object Repository/2-OBJECTS TAREAS SECUNDARIAS/Pruebas Compensación/Ingreso_Fuera_Nomina/span_ingreso - definitivo' is clicked on

2023-03-09 13:51:08 - [TEST_STEP][PASSED] - click(findTestObject("2-OBJECTS TAREAS SECUNDARIAS/Pruebas Compensación/Ingreso_Fuera_Nomina/a_Elaboracin_form_popupSeleccionDerogarj_idt405")): Object: 'Object Repository/2-OBJECTS TAREAS SECUNDARIAS/Pruebas Compensación/Ingreso_Fuera_Nomina/a_Elaboracin_form_popupSeleccionDerogarj_idt405' is clicked on

2023-03-09 13:51:09 - [MESSAGE][PASSED] - Object: 'Object Repository/2-OBJECTS TAREAS SECUNDARIAS/Pruebas Compensación/Ingreso_Fuera_Nomina/a_Elaboracin_form_popupSeleccionDerogarj_idt405' is clicked on

2023-03-09 13:51:09 - [TEST_STEP][PASSED] - click(findTestObject("2-OBJECTS TAREAS SECUNDARIAS/Pruebas Compensación/Ingreso_Fuera_Nomina/a_Identificacin_form_actoIngresoj_idt1076")): Object: 'Object Repository/2-OBJECTS TAREAS SECUNDARIAS/Pruebas Compensación/Ingreso_Fuera_Nomina/a_Identificacin_form_actoIngresoj_idt1076' is clicked on

2023-03-09 13:51:10 - [MESSAGE][PASSED] - Object: 'Object Repository/2-OBJECTS TAREAS SECUNDARIAS/Pruebas Compensación/Ingreso_Fuera_Nomina/a_Identificacin_form_actoIngresoj_idt1076' is clicked on

2023-03-09 13:51:10 - [TEST_STEP][PASSED] - setText(findTestObject("2-OBJECTS TAREAS SECUNDARIAS/Pruebas Compensación/Ingreso_Fuera_Nomina/input_Filtro Hoja de Vida_formPopupHojaVidaj_idt1436"), numero): Text '7400999' is set on object 'Object Repository/2-OBJECTS TAREAS SECUNDARIAS/Pruebas Compensación/Ingreso_Fuera_Nomina/input_Filtro Hoja de Vida_formPopupHojaVidaj_idt1436'

2023-03-09 13:51:11 - [MESSAGE][PASSED] - Text '7400999' is set on object 'Object Repository/2-OBJECTS TAREAS SECUNDARIAS/Pruebas Compensación/Ingreso_Fuera_Nomina/input_Filtro Hoja de Vida_formPopupHojaVidaj_idt1436'

2023-03-09 13:51:11 - [TEST_STEP][PASSED] - sendKeys(findTestObject("2-OBJECTS TAREAS SECUNDARIAS/Pruebas Compensación/Ingreso_Fuera_Nomina/input_Filtro Hoja de Vida_formPopupHojaVidaj_idt1436"), Keys.chord(ENTER)): Keys 'ENTER + ' sent to object: 'Object Repository/2-OBJECTS TAREAS SECUNDARIAS/Pruebas Compensación/Ingreso_Fuera_Nomina/input_Filtro Hoja de Vida_formPopupHojaVidaj_idt1436'

2023-03-09 13:51:11 - [MESSAGE][PASSED] - Keys 'ENTER + ' sent to object: 'Object Repository/2-OBJECTS TAREAS SECUNDARIAS/Pruebas Compensación/Ingreso_Fuera_Nomina/input_Filtro Hoja de Vida_formPopupHojaVidaj_idt1436'

2023-03-09 13:51:11 - [TEST_STEP][PASSED] - click(findTestObject("2-OBJECTS TAREAS SECUNDARIAS/Pruebas Compensación/Ingreso_Fuera_Nomina/td_idenfiticacion")): Object: 'Object Repository/2-OBJECTS TAREAS SECUNDARIAS/Pruebas Compensación/Ingreso_Fuera_Nomina/td_idenfiticacion' is clicked on

2023-03-09 13:51:12 - [MESSAGE][PASSED] - Object: 'Object Repository/2-OBJECTS TAREAS SECUNDARIAS/Pruebas Compensación/Ingreso_Fuera_Nomina/td_idenfiticacion' is clicked on

2023-03-09 13:51:12 - [TEST_STEP][PASSED] - click(findTestObject("2-OBJECTS TAREAS SECUNDARIAS/Pruebas Compensación/Ingreso_Fuera_Nomina/a_Continuar")): Object: 'Object Repository/2-OBJECTS TAREAS SECUNDARIAS/Pruebas Compensación/Ingreso_Fuera_Nomina/a_Continuar' is clicked on

2023-03-09 13:51:13 - [MESSAGE][PASSED] - Object: 'Object Repository/2-OBJECTS TAREAS SECUNDARIAS/Pruebas Compensación/Ingreso_Fuera_Nomina/a_Continuar' is clicked on

2023-03-09 13:51:13 - [TEST_STEP][PASSED] - setText(findTestObject("2-OBJECTS TAREAS SECUNDARIAS/Pruebas Compensación/Ingreso_Fuera_Nomina/input__form_actoIngresoj_idt11150fecha_input"), "16/05/2021"): Text '16/05/2021' is set on object 'Object Repository/2-OBJECTS TAREAS SECUNDARIAS/Pruebas Compensación/Ingreso_Fuera_Nomina/input__form_actoIngresoj_idt11150fecha_input'

2023-03-09 13:51:14 - [MESSAGE][PASSED] - Text '16/05/2021' is set on object 'Object Repository/2-OBJECTS TAREAS SECUNDARIAS/Pruebas Compensación/Ingreso_Fuera_Nomina/input__form_actoIngresoj_idt11150fecha_input'

2023-03-09 13:51:14 - [TEST_STEP][PASSED] - setText(findTestObject("2-OBJECTS TAREAS SECUNDARIAS/Pruebas Compensación/Ingreso_Fuera_Nomina/input__form_actoIngresoj_idt11151fecha_input"), "01/04/2040"): Text '01/04/2040' is set on object 'Object Repository/2-OBJECTS TAREAS SECUNDARIAS/Pruebas Compensación/Ingreso_Fuera_Nomina/input__form_actoIngresoj_idt11151fecha_input'

2023-03-09 13:51:15 - [MESSAGE][PASSED] - Text '01/04/2040' is set on object 'Object Repository/2-OBJECTS TAREAS SECUNDARIAS/Pruebas Compensación/Ingreso_Fuera_Nomina/input__form_actoIngresoj_idt11151fecha_input'

2023-03-09 13:51:15 - [TEST_STEP][PASSED] - setText(findTestObject("2-OBJECTS TAREAS SECUNDARIAS/Pruebas Compensación/Ingreso_Fuera_Nomina/input__form_actoIngresoj_idt11152fecha_input"), "16/05/2021"): Text '16/05/2021' is set on object 'Object Repository/2-OBJECTS TAREAS SECUNDARIAS/Pruebas Compensación/Ingreso_Fuera_Nomina/input__form_actoIngresoj_idt11152fecha_input'

2023-03-09 13:51:16 - [MESSAGE][PASSED] - Text '16/05/2021' is set on object 'Object Repository/2-OBJECTS TAREAS SECUNDARIAS/Pruebas Compensación/Ingreso_Fuera_Nomina/input__form_actoIngresoj_idt11152fecha_input'

2023-03-09 13:51:16 - [TEST_STEP][PASSED] - selectOptionByIndex(findTestObject("2-OBJECTS TAREAS SECUNDARIAS/Pruebas Compensación/Ingreso_Fuera_Nomina/select_10 - Ingreso Puesto Nuevo"), 1): All options with index in [1] are selected on object 'Object Repository/2-OBJECTS TAREAS SECUNDARIAS/Pruebas Compensación/Ingreso_Fuera_Nomina/select_10 - Ingreso Puesto Nuevo'

2023-03-09 13:51:17 - [MESSAGE][PASSED] - All options with index in [1] are selected on object 'Object Repository/2-OBJECTS TAREAS SECUNDARIAS/Pruebas Compensación/Ingreso_Fuera_Nomina/select_10 - Ingreso Puesto Nuevo'

2023-03-09 13:51:17 - [TEST_STEP][PASSED] - setText(findTestObject("2-OBJECTS TAREAS SECUNDARIAS/Pruebas Compensación/Ingreso_Fuera_Nomina/textarea__form_actoIngresoj_idt11154idTexto5"), "NULL"): Text 'NULL' is set on object 'Object Repository/2-OBJECTS TAREAS SECUNDARIAS/Pruebas Compensación/Ingreso_Fuera_Nomina/textarea__form_actoIngresoj_idt11154idTexto5'

2023-03-09 13:51:18 - [MESSAGE][PASSED] - Text 'NULL' is set on object 'Object Repository/2-OBJECTS TAREAS SECUNDARIAS/Pruebas Compensación/Ingreso_Fuera_Nomina/textarea__form_actoIngresoj_idt11154idTexto5'

2023-03-09 13:51:18 - [TEST_STEP][PASSED] - setText(findTestObject("2-OBJECTS TAREAS SECUNDARIAS/Pruebas Compensación/Ingreso_Fuera_Nomina/input__form_actoIngresoj_idt11155idTexto"), "NULL"): Text 'NULL' is set on object 'Object Repository/2-OBJECTS TAREAS SECUNDARIAS/Pruebas Compensación/Ingreso_Fuera_Nomina/input__form_actoIngresoj_idt11155idTexto'

2023-03-09 13:51:19 - [MESSAGE][PASSED] - Text 'NULL' is set on object 'Object Repository/2-OBJECTS TAREAS SECUNDARIAS/Pruebas Compensación/Ingreso_Fuera_Nomina/input__form_actoIngresoj_idt11155idTexto'

2023-03-09 13:51:19 - [TEST_STEP][PASSED] - setText(findTestObject("2-OBJECTS TAREAS SECUNDARIAS/Pruebas Compensación/Ingreso_Fuera_Nomina/input__form_actoIngresoj_idt11156fecha_input"), "01/07/2008"): Text '01/07/2008' is set on object 'Object Repository/2-OBJECTS TAREAS SECUNDARIAS/Pruebas Compensación/Ingreso_Fuera_Nomina/input__form_actoIngresoj_idt11156fecha_input'

2023-03-09 13:51:20 - [MESSAGE][PASSED] - Text '01/07/2008' is set on object 'Object Repository/2-OBJECTS TAREAS SECUNDARIAS/Pruebas Compensación/Ingreso_Fuera_Nomina/input__form_actoIngresoj_idt11156fecha_input'

2023-03-09 13:51:20 - [TEST_STEP][PASSED] - setText(findTestObject("2-OBJECTS TAREAS SECUNDARIAS/Pruebas Compensación/Ingreso_Fuera_Nomina/input__form_actoIngresoj_idt11157idTexto"), numero): Text '7400999' is set on object 'Object Repository/2-OBJECTS TAREAS SECUNDARIAS/Pruebas Compensación/Ingreso_Fuera_Nomina/input__form_actoIngresoj_idt11157idTexto'

2023-03-09 13:51:21 - [MESSAGE][PASSED] - Text '7400999' is set on object 'Object Repository/2-OBJECTS TAREAS SECUNDARIAS/Pruebas Compensación/Ingreso_Fuera_Nomina/input__form_actoIngresoj_idt11157idTexto'

2023-03-09 13:51:21 - [TEST_STEP][PASSED] - selectOptionByIndex(findTestObject("2-OBJECTS TAREAS SECUNDARIAS/Pruebas Compensación/Ingreso_Fuera_Nomina/select_-- Seleccione Sucursal--BOGOTANO RELACIONADA"), 2): All options with index in [2] are selected on object 'Object Repository/2-OBJECTS TAREAS SECUNDARIAS/Pruebas Compensación/Ingreso_Fuera_Nomina/select_-- Seleccione Sucursal--BOGOTANO RELACIONADA'

2023-03-09 13:51:22 - [MESSAGE][PASSED] - All options with index in [2] are selected on object 'Object Repository/2-OBJECTS TAREAS SECUNDARIAS/Pruebas Compensación/Ingreso_Fuera_Nomina/select_-- Seleccione Sucursal--BOGOTANO RELACIONADA'

2023-03-09 13:51:22 - [TEST_STEP][PASSED] - selectOptionByIndex(findTestObject("2-OBJECTS TAREAS SECUNDARIAS/Pruebas Compensación/Ingreso_Fuera_Nomina/select_-- Seleccione --1"), 2): All options with index in [2] are selected on object 'Object Repository/2-OBJECTS TAREAS SECUNDARIAS/Pruebas Compensación/Ingreso_Fuera_Nomina/select_-- Seleccione --1'

2023-03-09 13:51:23 - [MESSAGE][PASSED] - All options with index in [2] are selected on object 'Object Repository/2-OBJECTS TAREAS SECUNDARIAS/Pruebas Compensación/Ingreso_Fuera_Nomina/select_-- Seleccione --1'

2023-03-09 13:51:23 - [TEST_STEP][PASSED] - click(findTestObject("2-OBJECTS TAREAS SECUNDARIAS/Pruebas Compensación/Ingreso_Fuera_Nomina/a_unidadDeOrigen")): Object: 'Object Repository/2-OBJECTS TAREAS SECUNDARIAS/Pruebas Compensación/Ingreso_Fuera_Nomina/a_unidadDeOrigen' is clicked on

2023-03-09 13:51:23 - [MESSAGE][PASSED] - Object: 'Object Repository/2-OBJECTS TAREAS SECUNDARIAS/Pruebas Compensación/Ingreso_Fuera_Nomina/a_unidadDeOrigen' is clicked on

2023-03-09 13:51:23 - [TEST_STEP][PASSED] - setText(findTestObject("2-OBJECTS TAREAS SECUNDARIAS/Pruebas Compensación/Ingreso_Fuera_Nomina/input_Unidad_form_popupUnidadUsuarioj_idt14512"), "B5"): Text 'B5' is set on object 'Object Repository/2-OBJECTS TAREAS SECUNDARIAS/Pruebas Compensación/Ingreso_Fuera_Nomina/input_Unidad_form_popupUnidadUsuarioj_idt14512'

2023-03-09 13:51:24 - [MESSAGE][PASSED] - Text 'B5' is set on object 'Object Repository/2-OBJECTS TAREAS SECUNDARIAS/Pruebas Compensación/Ingreso_Fuera_Nomina/input_Unidad_form_popupUnidadUsuarioj_idt14512'

2023-03-09 13:51:24 - [TEST_STEP][PASSED] - sendKeys(findTestObject("2-OBJECTS TAREAS SECUNDARIAS/Pruebas Compensación/Ingreso_Fuera_Nomina/input_Unidad_form_popupUnidadUsuarioj_idt14512"), Keys.chord(ENTER)): Keys 'ENTER + ' sent to object: 'Object Repository/2-OBJECTS TAREAS SECUNDARIAS/Pruebas Compensación/Ingreso_Fuera_Nomina/input_Unidad_form_popupUnidadUsuarioj_idt14512'

2023-03-09 13:51:25 - [MESSAGE][PASSED] - Keys 'ENTER + ' sent to object: 'Object Repository/2-OBJECTS TAREAS SECUNDARIAS/Pruebas Compensación/Ingreso_Fuera_Nomina/input_Unidad_form_popupUnidadUsuarioj_idt14512'

2023-03-09 13:51:25 - [TEST_STEP][PASSED] - click(findTestObject("2-OBJECTS TAREAS SECUNDARIAS/Pruebas Compensación/Ingreso_Fuera_Nomina/td_A1")): Object: 'Object Repository/2-OBJECTS TAREAS SECUNDARIAS/Pruebas Compensación/Ingreso_Fuera_Nomina/td_A1' is clicked on

2023-03-09 13:51:26 - [MESSAGE][PASSED] - Object: 'Object Repository/2-OBJECTS TAREAS SECUNDARIAS/Pruebas Compensación/Ingreso_Fuera_Nomina/td_A1' is clicked on

2023-03-09 13:51:26 - [TEST_STEP][PASSED] - click(findTestObject("2-OBJECTS TAREAS SECUNDARIAS/Pruebas Compensación/Ingreso_Fuera_Nomina/a__unidad")): Object: 'Object Repository/2-OBJECTS TAREAS SECUNDARIAS/Pruebas Compensación/Ingreso_Fuera_Nomina/a__unidad' is clicked on

2023-03-09 13:51:26 - [MESSAGE][PASSED] - Object: 'Object Repository/2-OBJECTS TAREAS SECUNDARIAS/Pruebas Compensación/Ingreso_Fuera_Nomina/a__unidad' is clicked on

2023-03-09 13:51:26 - [TEST_STEP][PASSED] - setText(findTestObject("2-OBJECTS TAREAS SECUNDARIAS/Pruebas Compensación/Ingreso_Fuera_Nomina/input_Unidad_form_popupUnidadUsuarioj_idt14512"), "B5"): Text 'B5' is set on object 'Object Repository/2-OBJECTS TAREAS SECUNDARIAS/Pruebas Compensación/Ingreso_Fuera_Nomina/input_Unidad_form_popupUnidadUsuarioj_idt14512'

2023-03-09 13:51:28 - [MESSAGE][PASSED] - Text 'B5' is set on object 'Object Repository/2-OBJECTS TAREAS SECUNDARIAS/Pruebas Compensación/Ingreso_Fuera_Nomina/input_Unidad_form_popupUnidadUsuarioj_idt14512'

2023-03-09 13:51:28 - [TEST_STEP][PASSED] - sendKeys(findTestObject("2-OBJECTS TAREAS SECUNDARIAS/Pruebas Compensación/Ingreso_Fuera_Nomina/input_Unidad_form_popupUnidadUsuarioj_idt14512"), Keys.chord(ENTER)): Keys 'ENTER + ' sent to object: 'Object Repository/2-OBJECTS TAREAS SECUNDARIAS/Pruebas Compensación/Ingreso_Fuera_Nomina/input_Unidad_form_popupUnidadUsuarioj_idt14512'

2023-03-09 13:51:28 - [MESSAGE][PASSED] - Keys 'ENTER + ' sent to object: 'Object Repository/2-OBJECTS TAREAS SECUNDARIAS/Pruebas Compensación/Ingreso_Fuera_Nomina/input_Unidad_form_popupUnidadUsuarioj_idt14512'

2023-03-09 13:51:28 - [TEST_STEP][PASSED] - click(findTestObject("2-OBJECTS TAREAS SECUNDARIAS/Pruebas Compensación/Ingreso_Fuera_Nomina/td_A1")): Object: 'Object Repository/2-OBJECTS TAREAS SECUNDARIAS/Pruebas Compensación/Ingreso_Fuera_Nomina/td_A1' is clicked on

2023-03-09 13:51:29 - [MESSAGE][PASSED] - Object: 'Object Repository/2-OBJECTS TAREAS SECUNDARIAS/Pruebas Compensación/Ingreso_Fuera_Nomina/td_A1' is clicked on

2023-03-09 13:51:29 - [TEST_STEP][PASSED] - click(findTestObject("2-OBJECTS TAREAS SECUNDARIAS/Pruebas Compensación/Ingreso_Fuera_Nomina/a__form_actoIngresoj_idt111512j_idt1155")): Object: 'Object Repository/2-OBJECTS TAREAS SECUNDARIAS/Pruebas Compensación/Ingreso_Fuera_Nomina/a__form_actoIngresoj_idt111512j_idt1155' is clicked on

2023-03-09 13:51:29 - [MESSAGE][PASSED] - Object: 'Object Repository/2-OBJECTS TAREAS SECUNDARIAS/Pruebas Compensación/Ingreso_Fuera_Nomina/a__form_actoIngresoj_idt111512j_idt1155' is clicked on

2023-03-09 13:51:29 - [TEST_STEP][PASSED] - click(findTestObject("2-OBJECTS TAREAS SECUNDARIAS/Pruebas Compensación/Ingreso_Fuera_Nomina/span_ABOGADO")): Object: 'Object Repository/2-OBJECTS TAREAS SECUNDARIAS/Pruebas Compensación/Ingreso_Fuera_Nomina/span_ABOGADO' is clicked on

2023-03-09 13:51:30 - [MESSAGE][PASSED] - Object: 'Object Repository/2-OBJECTS TAREAS SECUNDARIAS/Pruebas Compensación/Ingreso_Fuera_Nomina/span_ABOGADO' is clicked on

2023-03-09 13:51:30 - [TEST_STEP][PASSED] - click(findTestObject("2-OBJECTS TAREAS SECUNDARIAS/Pruebas Compensación/Ingreso_Fuera_Nomina/span_ENTIDAD DE SALUD")): Object: 'Object Repository/2-OBJECTS TAREAS SECUNDARIAS/Pruebas Compensación/Ingreso_Fuera_Nomina/span_ENTIDAD DE SALUD' is clicked on

2023-03-09 13:51:31 - [MESSAGE][PASSED] - Object: 'Object Repository/2-OBJECTS TAREAS SECUNDARIAS/Pruebas Compensación/Ingreso_Fuera_Nomina/span_ENTIDAD DE SALUD' is clicked on

2023-03-09 13:51:31 - [TEST_STEP][PASSED] - setText(findTestObject("2-OBJECTS TAREAS SECUNDARIAS/Pruebas Compensación/Ingreso_Fuera_Nomina/Input_caja de compensacion"), "compensar"): Text 'compensar' is set on object 'Object Repository/2-OBJECTS TAREAS SECUNDARIAS/Pruebas Compensación/Ingreso_Fuera_Nomina/Input_caja de compensacion'

2023-03-09 13:51:32 - [MESSAGE][PASSED] - Text 'compensar' is set on object 'Object Repository/2-OBJECTS TAREAS SECUNDARIAS/Pruebas Compensación/Ingreso_Fuera_Nomina/Input_caja de compensacion'

2023-03-09 13:51:32 - [TEST_STEP][PASSED] - sendKeys(findTestObject("2-OBJECTS TAREAS SECUNDARIAS/Pruebas Compensación/Ingreso_Fuera_Nomina/Input_caja de compensacion"), Keys.chord(ENTER)): Keys 'ENTER + ' sent to object: 'Object Repository/2-OBJECTS TAREAS SECUNDARIAS/Pruebas Compensación/Ingreso_Fuera_Nomina/Input_caja de compensacion'

2023-03-09 13:51:35 - [MESSAGE][PASSED] - Keys 'ENTER + ' sent to object: 'Object Repository/2-OBJECTS TAREAS SECUNDARIAS/Pruebas Compensación/Ingreso_Fuera_Nomina/Input_caja de compensacion'

2023-03-09 13:51:35 - [TEST_STEP][PASSED] - click(findTestObject("2-OBJECTS TAREAS SECUNDARIAS/Pruebas Compensación/Ingreso_Fuera_Nomina/span_Ccf - Compensar - Copy")): Object: 'Object Repository/2-OBJECTS TAREAS SECUNDARIAS/Pruebas Compensación/Ingreso_Fuera_Nomina/span_Ccf - Compensar - Copy' is clicked on

2023-03-09 13:51:35 - [MESSAGE][PASSED] - Object: 'Object Repository/2-OBJECTS TAREAS SECUNDARIAS/Pruebas Compensación/Ingreso_Fuera_Nomina/span_Ccf - Compensar - Copy' is clicked on

2023-03-09 13:51:35 - [TEST_STEP][PASSED] - click(findTestObject("2-OBJECTS TAREAS SECUNDARIAS/Pruebas Compensación/Ingreso_Fuera_Nomina/span_CAJA DE COMPENSACION")): Object: 'Object Repository/2-OBJECTS TAREAS SECUNDARIAS/Pruebas Compensación/Ingreso_Fuera_Nomina/span_CAJA DE COMPENSACION' is clicked on

2023-03-09 13:51:36 - [MESSAGE][PASSED] - Object: 'Object Repository/2-OBJECTS TAREAS SECUNDARIAS/Pruebas Compensación/Ingreso_Fuera_Nomina/span_CAJA DE COMPENSACION' is clicked on

2023-03-09 13:51:36 - [TEST_STEP][PASSED] - setText(findTestObject("2-OBJECTS TAREAS SECUNDARIAS/Pruebas Compensación/Ingreso_Fuera_Nomina/Input_entidad de salud"), "Compensar"): Text 'Compensar' is set on object 'Object Repository/2-OBJECTS TAREAS SECUNDARIAS/Pruebas Compensación/Ingreso_Fuera_Nomina/Input_entidad de salud'

2023-03-09 13:51:37 - [MESSAGE][PASSED] - Text 'Compensar' is set on object 'Object Repository/2-OBJECTS TAREAS SECUNDARIAS/Pruebas Compensación/Ingreso_Fuera_Nomina/Input_entidad de salud'

2023-03-09 13:51:37 - [TEST_STEP][PASSED] - sendKeys(findTestObject("2-OBJECTS TAREAS SECUNDARIAS/Pruebas Compensación/Ingreso_Fuera_Nomina/Input_entidad de salud"), Keys.chord(ENTER)): Keys 'ENTER + ' sent to object: 'Object Repository/2-OBJECTS TAREAS SECUNDARIAS/Pruebas Compensación/Ingreso_Fuera_Nomina/Input_entidad de salud'

2023-03-09 13:51:39 - [MESSAGE][PASSED] - Keys 'ENTER + ' sent to object: 'Object Repository/2-OBJECTS TAREAS SECUNDARIAS/Pruebas Compensación/Ingreso_Fuera_Nomina/Input_entidad de salud'

2023-03-09 13:51:39 - [TEST_STEP][PASSED] - click(findTestObject("2-OBJECTS TAREAS SECUNDARIAS/Pruebas Compensación/Ingreso_Fuera_Nomina/span_Eps - Compensar - Copy")): Object: 'Object Repository/2-OBJECTS TAREAS SECUNDARIAS/Pruebas Compensación/Ingreso_Fuera_Nomina/span_Eps - Compensar - Copy' is clicked on

2023-03-09 13:51:40 - [MESSAGE][PASSED] - Object: 'Object Repository/2-OBJECTS TAREAS SECUNDARIAS/Pruebas Compensación/Ingreso_Fuera_Nomina/span_Eps - Compensar - Copy' is clicked on

2023-03-09 13:51:40 - [TEST_STEP][PASSED] - click(findTestObject("2-OBJECTS TAREAS SECUNDARIAS/Pruebas Compensación/Ingreso_Fuera_Nomina/a_Continuar")): Object: 'Object Repository/2-OBJECTS TAREAS SECUNDARIAS/Pruebas Compensación/Ingreso_Fuera_Nomina/a_Continuar' is clicked on

2023-03-09 13:51:41 - [MESSAGE][PASSED] - Object: 'Object Repository/2-OBJECTS TAREAS SECUNDARIAS/Pruebas Compensación/Ingreso_Fuera_Nomina/a_Continuar' is clicked on

2023-03-09 13:51:41 - [TEST_STEP][PASSED] - waitForElementVisible(findTestObject("2-OBJECTS TAREAS SECUNDARIAS/Pruebas Compensación/Ingreso_Fuera_Nomina/a_Puesto"), 0): Web element with id: 'Object Repository/2-OBJECTS TAREAS SECUNDARIAS/Pruebas Compensación/Ingreso_Fuera_Nomina/a_Puesto' located by '
//body/div[1]/div[3]/div/table/tbody/tr[3]/td/table/tbody/tr/td/div/form[4]/div/div[2]/div[2]/table/tbody/tr[1]/td/div/div[1]/table/thead/tr/th[3]/input' not found

2023-03-09 13:51:41 - [MESSAGE][WARNING] - Timeout '0' is invalid. Using default page load timeout: '37'

2023-03-09 13:52:19 - [MESSAGE][INFO] - Unable to find the element located by 'By.xpath: 
//body/div[1]/div[3]/div/table/tbody/tr[3]/td/table/tbody/tr/td/div/form[4]/div/div[2]/div[2]/table/tbody/tr[1]/td/div/div[1]/table/thead/tr/th[3]/input'. Please recheck the objects properties to make sure the desired element is located. 

2023-03-09 13:52:19 - [MESSAGE][WARNING] - Web element with id: 'Object Repository/2-OBJECTS TAREAS SECUNDARIAS/Pruebas Compensación/Ingreso_Fuera_Nomina/a_Puesto' located by '
//body/div[1]/div[3]/div/table/tbody/tr[3]/td/table/tbody/tr/td/div/form[4]/div/div[2]/div[2]/table/tbody/tr[1]/td/div/div[1]/table/thead/tr/th[3]/input' not found

2023-03-09 13:52:19 - [TEST_STEP][FAILED] - setText(findTestObject("2-OBJECTS TAREAS SECUNDARIAS/Pruebas Compensación/Ingreso_Fuera_Nomina/a_Puesto"), numPuesto): Unable to set text '11011' of object 'Object Repository/2-OBJECTS TAREAS SECUNDARIAS/Pruebas Compensación/Ingreso_Fuera_Nomina/a_Puesto' (Root cause: com.kms.katalon.core.exception.StepFailedException: Unable to set text '11011' of object 'Object Repository/2-OBJECTS TAREAS SECUNDARIAS/Pruebas Compensación/Ingreso_Fuera_Nomina/a_Puesto'
	at com.kms.katalon.core.webui.keyword.internal.WebUIKeywordMain.stepFailed(WebUIKeywordMain.groovy:64)
	at com.kms.katalon.core.webui.keyword.internal.WebUIKeywordMain.runKeyword(WebUIKeywordMain.groovy:26)
	at com.kms.katalon.core.webui.keyword.builtin.SetTextKeyword.setText(SetTextKeyword.groovy:66)
	at com.kms.katalon.core.webui.keyword.builtin.SetTextKeyword.execute(SetTextKeyword.groovy:37)
	at com.kms.katalon.core.keyword.internal.KeywordExecutor.executeKeywordForPlatform(KeywordExecutor.groovy:74)
	at com.kms.katalon.core.webui.keyword.WebUiBuiltInKeywords.setText(WebUiBuiltInKeywords.groovy:980)
	at com.kms.katalon.core.webui.keyword.WebUiBuiltInKeywords$setText$6.call(Unknown Source)
	at 11.2.2-Ingreso_Fuera_Nomina.run(11.2.2-Ingreso_Fuera_Nomina:209)
	at com.kms.katalon.core.main.ScriptEngine.run(ScriptEngine.java:194)
	at com.kms.katalon.core.main.ScriptEngine.runScriptAsRawText(ScriptEngine.java:119)
	at com.kms.katalon.core.main.TestCaseExecutor.runScript(TestCaseExecutor.java:448)
	at com.kms.katalon.core.main.TestCaseExecutor.doExecute(TestCaseExecutor.java:439)
	at com.kms.katalon.core.main.TestCaseExecutor.processExecutionPhase(TestCaseExecutor.java:418)
	at com.kms.katalon.core.main.TestCaseExecutor.accessMainPhase(TestCaseExecutor.java:410)
	at com.kms.katalon.core.main.TestCaseExecutor.execute(TestCaseExecutor.java:285)
	at com.kms.katalon.core.common.CommonExecutor.accessTestCaseMainPhase(CommonExecutor.java:65)
	at com.kms.katalon.core.main.TestSuiteExecutor.accessTestSuiteMainPhase(TestSuiteExecutor.java:151)
	at com.kms.katalon.core.main.TestSuiteExecutor.execute(TestSuiteExecutor.java:106)
	at com.kms.katalon.core.main.TestCaseMain.startTestSuite(TestCaseMain.java:185)
	at com.kms.katalon.core.main.TestCaseMain$startTestSuite$0.call(Unknown Source)
	at TempTestSuite1678383366099.run(TempTestSuite1678383366099.groovy:36)
Caused by: com.kms.katalon.core.webui.exception.WebElementNotFoundException: Web element with id: 'Object Repository/2-OBJECTS TAREAS SECUNDARIAS/Pruebas Compensación/Ingreso_Fuera_Nomina/a_Puesto' located by '
//body/div[1]/div[3]/div/table/tbody/tr[3]/td/table/tbody/tr/td/div/form[4]/div/div[2]/div[2]/table/tbody/tr[1]/td/div/div[1]/table/thead/tr/th[3]/input' not found
	at com.kms.katalon.core.webui.common.WebUiCommonHelper.findWebElement(WebUiCommonHelper.java:1370)
	at com.kms.katalon.core.webui.keyword.internal.WebUIAbstractKeyword.findWebElement(WebUIAbstractKeyword.groovy:27)
	at com.kms.katalon.core.webui.keyword.internal.WebUIAbstractKeyword.findWebElement(WebUIAbstractKeyword.groovy:26)
	at com.kms.katalon.core.webui.keyword.builtin.SetTextKeyword$_setText_closure1.doCall(SetTextKeyword.groovy:51)
	at com.kms.katalon.core.webui.keyword.builtin.SetTextKeyword$_setText_closure1.call(SetTextKeyword.groovy)
	at com.kms.katalon.core.webui.keyword.internal.WebUIKeywordMain.runKeyword(WebUIKeywordMain.groovy:20)
	at com.kms.katalon.core.webui.keyword.builtin.SetTextKeyword.setText(SetTextKeyword.groovy:66)
	at com.kms.katalon.core.webui.keyword.builtin.SetTextKeyword.execute(SetTextKeyword.groovy:37)
	at com.kms.katalon.core.keyword.internal.KeywordExecutor.executeKeywordForPlatform(KeywordExecutor.groovy:74)
	at com.kms.katalon.core.webui.keyword.WebUiBuiltInKeywords.setText(WebUiBuiltInKeywords.groovy:980)
	at com.kms.katalon.core.webui.keyword.WebUiBuiltInKeywords$setText$6.call(Unknown Source)
	at Script1664202872539.run(Script1664202872539.groovy:209)
	... 13 more
)

2023-03-09 13:52:57 - [MESSAGE][INFO] - Unable to find the element located by 'By.xpath: 
//body/div[1]/div[3]/div/table/tbody/tr[3]/td/table/tbody/tr/td/div/form[4]/div/div[2]/div[2]/table/tbody/tr[1]/td/div/div[1]/table/thead/tr/th[3]/input'. Please recheck the objects properties to make sure the desired element is located. 

2023-03-09 13:52:57 - [MESSAGE][FAILED] - Unable to set text '11011' of object 'Object Repository/2-OBJECTS TAREAS SECUNDARIAS/Pruebas Compensación/Ingreso_Fuera_Nomina/a_Puesto' (Root cause: com.kms.katalon.core.exception.StepFailedException: Unable to set text '11011' of object 'Object Repository/2-OBJECTS TAREAS SECUNDARIAS/Pruebas Compensación/Ingreso_Fuera_Nomina/a_Puesto'
	at com.kms.katalon.core.webui.keyword.internal.WebUIKeywordMain.stepFailed(WebUIKeywordMain.groovy:64)
	at com.kms.katalon.core.webui.keyword.internal.WebUIKeywordMain.runKeyword(WebUIKeywordMain.groovy:26)
	at com.kms.katalon.core.webui.keyword.builtin.SetTextKeyword.setText(SetTextKeyword.groovy:66)
	at com.kms.katalon.core.webui.keyword.builtin.SetTextKeyword.execute(SetTextKeyword.groovy:37)
	at com.kms.katalon.core.keyword.internal.KeywordExecutor.executeKeywordForPlatform(KeywordExecutor.groovy:74)
	at com.kms.katalon.core.webui.keyword.WebUiBuiltInKeywords.setText(WebUiBuiltInKeywords.groovy:980)
	at com.kms.katalon.core.webui.keyword.WebUiBuiltInKeywords$setText$6.call(Unknown Source)
	at 11.2.2-Ingreso_Fuera_Nomina.run(11.2.2-Ingreso_Fuera_Nomina:209)
	at com.kms.katalon.core.main.ScriptEngine.run(ScriptEngine.java:194)
	at com.kms.katalon.core.main.ScriptEngine.runScriptAsRawText(ScriptEngine.java:119)
	at com.kms.katalon.core.main.TestCaseExecutor.runScript(TestCaseExecutor.java:448)
	at com.kms.katalon.core.main.TestCaseExecutor.doExecute(TestCaseExecutor.java:439)
	at com.kms.katalon.core.main.TestCaseExecutor.processExecutionPhase(TestCaseExecutor.java:418)
	at com.kms.katalon.core.main.TestCaseExecutor.accessMainPhase(TestCaseExecutor.java:410)
	at com.kms.katalon.core.main.TestCaseExecutor.execute(TestCaseExecutor.java:285)
	at com.kms.katalon.core.common.CommonExecutor.accessTestCaseMainPhase(CommonExecutor.java:65)
	at com.kms.katalon.core.main.TestSuiteExecutor.accessTestSuiteMainPhase(TestSuiteExecutor.java:151)
	at com.kms.katalon.core.main.TestSuiteExecutor.execute(TestSuiteExecutor.java:106)
	at com.kms.katalon.core.main.TestCaseMain.startTestSuite(TestCaseMain.java:185)
	at com.kms.katalon.core.main.TestCaseMain$startTestSuite$0.call(Unknown Source)
	at TempTestSuite1678383366099.run(TempTestSuite1678383366099.groovy:36)
Caused by: com.kms.katalon.core.webui.exception.WebElementNotFoundException: Web element with id: 'Object Repository/2-OBJECTS TAREAS SECUNDARIAS/Pruebas Compensación/Ingreso_Fuera_Nomina/a_Puesto' located by '
//body/div[1]/div[3]/div/table/tbody/tr[3]/td/table/tbody/tr/td/div/form[4]/div/div[2]/div[2]/table/tbody/tr[1]/td/div/div[1]/table/thead/tr/th[3]/input' not found
	at com.kms.katalon.core.webui.common.WebUiCommonHelper.findWebElement(WebUiCommonHelper.java:1370)
	at com.kms.katalon.core.webui.keyword.internal.WebUIAbstractKeyword.findWebElement(WebUIAbstractKeyword.groovy:27)
	at com.kms.katalon.core.webui.keyword.internal.WebUIAbstractKeyword.findWebElement(WebUIAbstractKeyword.groovy:26)
	at com.kms.katalon.core.webui.keyword.builtin.SetTextKeyword$_setText_closure1.doCall(SetTextKeyword.groovy:51)
	at com.kms.katalon.core.webui.keyword.builtin.SetTextKeyword$_setText_closure1.call(SetTextKeyword.groovy)
	at com.kms.katalon.core.webui.keyword.internal.WebUIKeywordMain.runKeyword(WebUIKeywordMain.groovy:20)
	at com.kms.katalon.core.webui.keyword.builtin.SetTextKeyword.setText(SetTextKeyword.groovy:66)
	at com.kms.katalon.core.webui.keyword.builtin.SetTextKeyword.execute(SetTextKeyword.groovy:37)
	at com.kms.katalon.core.keyword.internal.KeywordExecutor.executeKeywordForPlatform(KeywordExecutor.groovy:74)
	at com.kms.katalon.core.webui.keyword.WebUiBuiltInKeywords.setText(WebUiBuiltInKeywords.groovy:980)
	at com.kms.katalon.core.webui.keyword.WebUiBuiltInKeywords$setText$6.call(Unknown Source)
	at Script1664202872539.run(Script1664202872539.groovy:209)
	... 13 more
)
[[ATTACHMENT|C:\\Users\\diego.rojas\\git\\Pruebas-Minimas\\Reports\\20230309_123606\\Test_Suite_Secundaria\\1-Tareas_secundarias\\20230309_123606\\1678387977813.png]]]]></system-out>
         <system-err><![CDATA[2023-03-09 13:49:30 - [TEST_CASE][FAILED] - Test Cases/1.2-Tareas_Secundarias/A.1-Pruebas_compensaciones/11.2.2-Ingreso_Fuera_Nomina: Test Cases/1.2-Tareas_Secundarias/A.1-Pruebas_compensaciones/11.2.2-Ingreso_Fuera_Nomina FAILED.
Reason:
com.kms.katalon.core.exception.StepFailedException: Unable to set text '11011' of object 'Object Repository/2-OBJECTS TAREAS SECUNDARIAS/Pruebas Compensación/Ingreso_Fuera_Nomina/a_Puesto'
	at com.kms.katalon.core.webui.keyword.internal.WebUIKeywordMain.stepFailed(WebUIKeywordMain.groovy:64)
	at com.kms.katalon.core.webui.keyword.internal.WebUIKeywordMain.runKeyword(WebUIKeywordMain.groovy:26)
	at com.kms.katalon.core.webui.keyword.builtin.SetTextKeyword.setText(SetTextKeyword.groovy:66)
	at com.kms.katalon.core.webui.keyword.builtin.SetTextKeyword.execute(SetTextKeyword.groovy:37)
	at com.kms.katalon.core.keyword.internal.KeywordExecutor.executeKeywordForPlatform(KeywordExecutor.groovy:74)
	at com.kms.katalon.core.webui.keyword.WebUiBuiltInKeywords.setText(WebUiBuiltInKeywords.groovy:980)
	at com.kms.katalon.core.webui.keyword.WebUiBuiltInKeywords$setText$6.call(Unknown Source)
	at 11.2.2-Ingreso_Fuera_Nomina.run(11.2.2-Ingreso_Fuera_Nomina:209)
	at com.kms.katalon.core.main.ScriptEngine.run(ScriptEngine.java:194)
	at com.kms.katalon.core.main.ScriptEngine.runScriptAsRawText(ScriptEngine.java:119)
	at com.kms.katalon.core.main.TestCaseExecutor.runScript(TestCaseExecutor.java:448)
	at com.kms.katalon.core.main.TestCaseExecutor.doExecute(TestCaseExecutor.java:439)
	at com.kms.katalon.core.main.TestCaseExecutor.processExecutionPhase(TestCaseExecutor.java:418)
	at com.kms.katalon.core.main.TestCaseExecutor.accessMainPhase(TestCaseExecutor.java:410)
	at com.kms.katalon.core.main.TestCaseExecutor.execute(TestCaseExecutor.java:285)
	at com.kms.katalon.core.common.CommonExecutor.accessTestCaseMainPhase(CommonExecutor.java:65)
	at com.kms.katalon.core.main.TestSuiteExecutor.accessTestSuiteMainPhase(TestSuiteExecutor.java:151)
	at com.kms.katalon.core.main.TestSuiteExecutor.execute(TestSuiteExecutor.java:106)
	at com.kms.katalon.core.main.TestCaseMain.startTestSuite(TestCaseMain.java:185)
	at com.kms.katalon.core.main.TestCaseMain$startTestSuite$0.call(Unknown Source)
	at TempTestSuite1678383366099.run(TempTestSuite1678383366099.groovy:36)
Caused by: com.kms.katalon.core.webui.exception.WebElementNotFoundException: Web element with id: 'Object Repository/2-OBJECTS TAREAS SECUNDARIAS/Pruebas Compensación/Ingreso_Fuera_Nomina/a_Puesto' located by '
//body/div[1]/div[3]/div/table/tbody/tr[3]/td/table/tbody/tr/td/div/form[4]/div/div[2]/div[2]/table/tbody/tr[1]/td/div/div[1]/table/thead/tr/th[3]/input' not found
	at com.kms.katalon.core.webui.common.WebUiCommonHelper.findWebElement(WebUiCommonHelper.java:1370)
	at com.kms.katalon.core.webui.keyword.internal.WebUIAbstractKeyword.findWebElement(WebUIAbstractKeyword.groovy:27)
	at com.kms.katalon.core.webui.keyword.internal.WebUIAbstractKeyword.findWebElement(WebUIAbstractKeyword.groovy:26)
	at com.kms.katalon.core.webui.keyword.builtin.SetTextKeyword$_setText_closure1.doCall(SetTextKeyword.groovy:51)
	at com.kms.katalon.core.webui.keyword.builtin.SetTextKeyword$_setText_closure1.call(SetTextKeyword.groovy)
	at com.kms.katalon.core.webui.keyword.internal.WebUIKeywordMain.runKeyword(WebUIKeywordMain.groovy:20)
	... 19 more]]></system-err>
      </testcase>
      <testcase name="Test Cases/1.2-Tareas_Secundarias/A.1-Pruebas_compensaciones/11.2.3-Formato_actos_administrativos" time="93.296" classname="Test Cases/1.2-Tareas_Secundarias/A.1-Pruebas_compensaciones/11.2.3-Formato_actos_administrativos" status="FAILED">
         <failure type="FAILED" message="Test Cases/1.2-Tareas_Secundarias/A.1-Pruebas_compensaciones/11.2.3-Formato_actos_administrativos FAILED.
Reason:
com.kms.katalon.core.exception.StepFailedException: Unable to click on object 'Object Repository/2-OBJECTS TAREAS SECUNDARIAS/Pruebas Compensación/Formato_actos_administrativos/span_Cambio puesto'
	at com.kms.katalon.core.webui.keyword.internal.WebUIKeywordMain.stepFailed(WebUIKeywordMain.groovy:64)
	at com.kms.katalon.core.webui.keyword.internal.WebUIKeywordMain.runKeyword(WebUIKeywordMain.groovy:26)
	at com.kms.katalon.core.webui.keyword.builtin.ClickKeyword.click(ClickKeyword.groovy:74)
	at com.kms.katalon.core.webui.keyword.builtin.ClickKeyword.execute(ClickKeyword.groovy:40)
	at com.kms.katalon.core.keyword.internal.KeywordExecutor.executeKeywordForPlatform(KeywordExecutor.groovy:74)
	at com.kms.katalon.core.webui.keyword.WebUiBuiltInKeywords.click(WebUiBuiltInKeywords.groovy:620)
	at com.kms.katalon.core.webui.keyword.WebUiBuiltInKeywords$click$9.call(Unknown Source)
	at 11.2.3-Formato_actos_administrativos.run(11.2.3-Formato_actos_administrativos:155)
	at com.kms.katalon.core.main.ScriptEngine.run(ScriptEngine.java:194)
	at com.kms.katalon.core.main.ScriptEngine.runScriptAsRawText(ScriptEngine.java:119)
	at com.kms.katalon.core.main.TestCaseExecutor.runScript(TestCaseExecutor.java:448)
	at com.kms.katalon.core.main.TestCaseExecutor.doExecute(TestCaseExecutor.java:439)
	at com.kms.katalon.core.main.TestCaseExecutor.processExecutionPhase(TestCaseExecutor.java:418)
	at com.kms.katalon.core.main.TestCaseExecutor.accessMainPhase(TestCaseExecutor.java:410)
	at com.kms.katalon.core.main.TestCaseExecutor.execute(TestCaseExecutor.java:285)
	at com.kms.katalon.core.common.CommonExecutor.accessTestCaseMainPhase(CommonExecutor.java:65)
	at com.kms.katalon.core.main.TestSuiteExecutor.accessTestSuiteMainPhase(TestSuiteExecutor.java:151)
	at com.kms.katalon.core.main.TestSuiteExecutor.execute(TestSuiteExecutor.java:106)
	at com.kms.katalon.core.main.TestCaseMain.startTestSuite(TestCaseMain.java:185)
	at com.kms.katalon.core.main.TestCaseMain$startTestSuite$0.call(Unknown Source)
	at TempTestSuite1678383366099.run(TempTestSuite1678383366099.groovy:36)
Caused by: com.kms.katalon.core.webui.exception.WebElementNotFoundException: Web element with id: 'Object Repository/2-OBJECTS TAREAS SECUNDARIAS/Pruebas Compensación/Formato_actos_administrativos/span_Cambio puesto' located by '//*/text()[normalize-space(.)='Cambio puesto']/parent::*' not found
	at com.kms.katalon.core.webui.common.WebUiCommonHelper.findWebElement(WebUiCommonHelper.java:1370)
	at com.kms.katalon.core.webui.keyword.internal.WebUIAbstractKeyword.findWebElement(WebUIAbstractKeyword.groovy:27)
	at com.kms.katalon.core.webui.keyword.builtin.ClickKeyword$_click_closure1.doCall(ClickKeyword.groovy:65)
	at com.kms.katalon.core.webui.keyword.builtin.ClickKeyword$_click_closure1.call(ClickKeyword.groovy)
	at com.kms.katalon.core.webui.keyword.internal.WebUIKeywordMain.runKeyword(WebUIKeywordMain.groovy:20)
	... 19 more
"/>
         <system-out><![CDATA[2023-03-09 13:52:57 - [TEST_CASE][FAILED] - Test Cases/1.2-Tareas_Secundarias/A.1-Pruebas_compensaciones/11.2.3-Formato_actos_administrativos: Test Cases/1.2-Tareas_Secundarias/A.1-Pruebas_compensaciones/11.2.3-Formato_actos_administrativos FAILED.
Reason:
com.kms.katalon.core.exception.StepFailedException: Unable to click on object 'Object Repository/2-OBJECTS TAREAS SECUNDARIAS/Pruebas Compensación/Formato_actos_administrativos/span_Cambio puesto'
	at com.kms.katalon.core.webui.keyword.internal.WebUIKeywordMain.stepFailed(WebUIKeywordMain.groovy:64)
	at com.kms.katalon.core.webui.keyword.internal.WebUIKeywordMain.runKeyword(WebUIKeywordMain.groovy:26)
	at com.kms.katalon.core.webui.keyword.builtin.ClickKeyword.click(ClickKeyword.groovy:74)
	at com.kms.katalon.core.webui.keyword.builtin.ClickKeyword.execute(ClickKeyword.groovy:40)
	at com.kms.katalon.core.keyword.internal.KeywordExecutor.executeKeywordForPlatform(KeywordExecutor.groovy:74)
	at com.kms.katalon.core.webui.keyword.WebUiBuiltInKeywords.click(WebUiBuiltInKeywords.groovy:620)
	at com.kms.katalon.core.webui.keyword.WebUiBuiltInKeywords$click$9.call(Unknown Source)
	at 11.2.3-Formato_actos_administrativos.run(11.2.3-Formato_actos_administrativos:155)
	at com.kms.katalon.core.main.ScriptEngine.run(ScriptEngine.java:194)
	at com.kms.katalon.core.main.ScriptEngine.runScriptAsRawText(ScriptEngine.java:119)
	at com.kms.katalon.core.main.TestCaseExecutor.runScript(TestCaseExecutor.java:448)
	at com.kms.katalon.core.main.TestCaseExecutor.doExecute(TestCaseExecutor.java:439)
	at com.kms.katalon.core.main.TestCaseExecutor.processExecutionPhase(TestCaseExecutor.java:418)
	at com.kms.katalon.core.main.TestCaseExecutor.accessMainPhase(TestCaseExecutor.java:410)
	at com.kms.katalon.core.main.TestCaseExecutor.execute(TestCaseExecutor.java:285)
	at com.kms.katalon.core.common.CommonExecutor.accessTestCaseMainPhase(CommonExecutor.java:65)
	at com.kms.katalon.core.main.TestSuiteExecutor.accessTestSuiteMainPhase(TestSuiteExecutor.java:151)
	at com.kms.katalon.core.main.TestSuiteExecutor.execute(TestSuiteExecutor.java:106)
	at com.kms.katalon.core.main.TestCaseMain.startTestSuite(TestCaseMain.java:185)
	at com.kms.katalon.core.main.TestCaseMain$startTestSuite$0.call(Unknown Source)
	at TempTestSuite1678383366099.run(TempTestSuite1678383366099.groovy:36)
Caused by: com.kms.katalon.core.webui.exception.WebElementNotFoundException: Web element with id: 'Object Repository/2-OBJECTS TAREAS SECUNDARIAS/Pruebas Compensación/Formato_actos_administrativos/span_Cambio puesto' located by '//*/text()[normalize-space(.)='Cambio puesto']/parent::*' not found
	at com.kms.katalon.core.webui.common.WebUiCommonHelper.findWebElement(WebUiCommonHelper.java:1370)
	at com.kms.katalon.core.webui.keyword.internal.WebUIAbstractKeyword.findWebElement(WebUIAbstractKeyword.groovy:27)
	at com.kms.katalon.core.webui.keyword.builtin.ClickKeyword$_click_closure1.doCall(ClickKeyword.groovy:65)
	at com.kms.katalon.core.webui.keyword.builtin.ClickKeyword$_click_closure1.call(ClickKeyword.groovy)
	at com.kms.katalon.core.webui.keyword.internal.WebUIKeywordMain.runKeyword(WebUIKeywordMain.groovy:20)
	... 19 more


2023-03-09 13:52:58 - [TEST_STEP][PASSED] - callTestCase(findTestCase("0.1-Login"), [:], STOP_ON_FAILURE): Call Test Case 'Test Cases/0.1-Login' successfully

2023-03-09 13:52:58 - [TEST_CASE][PASSED] - Test Cases/0.1-Login: Test Cases/0.1-Login

2023-03-09 13:52:58 - [TEST_STEP][PASSED] - openBrowser(""): Browser is opened with url: ''

2023-03-09 13:52:58 - [MESSAGE][WARNING] - A browser is already opened. Closing browser and opening a new one

2023-03-09 13:52:59 - [MESSAGE][INFO] - Starting 'Chrome' driver

2023-03-09 13:52:59 - [MESSAGE][INFO] - Action delay is set to 0 milliseconds

2023-03-09 13:53:00 - [MESSAGE][PASSED] - Browser is opened with url: ''

2023-03-09 13:53:00 - [TEST_STEP][PASSED] - maximizeWindow(): Current window maximized

2023-03-09 13:53:00 - [MESSAGE][PASSED] - Current window maximized

2023-03-09 13:53:00 - [TEST_STEP][PASSED] - i = G_Login: null

2023-03-09 13:53:00 - [TEST_STEP][PASSED] - url = new java.net.URL(i): null

2023-03-09 13:53:00 - [TEST_STEP][PASSED] - println("URL: " + url.toString()): null

2023-03-09 13:53:00 - [TEST_STEP][PASSED] - connection = url.openConnection(): null

2023-03-09 13:53:00 - [TEST_STEP][PASSED] - connection.setRequestMethod("GET"): null

2023-03-09 13:53:00 - [TEST_STEP][PASSED] - connection.setReadTimeout(2 * 1000): null

2023-03-09 13:53:00 - [TEST_STEP][PASSED] - try: null

2023-03-09 13:53:00 - [TEST_STEP][PASSED] - connection.connect(): null

2023-03-09 13:53:00 - [TEST_STEP][PASSED] - flag = connected: null

2023-03-09 13:53:00 - [TEST_STEP][PASSED] - println("Valor_ori: " + flag): null

2023-03-09 13:53:00 - [TEST_STEP][PASSED] - if (flag): null

2023-03-09 13:53:00 - [TEST_STEP][PASSED] - navigateToUrl(i): Navigate to 'http://192.168.2.19:7001/saraweb' successfully

2023-03-09 13:53:01 - [MESSAGE][PASSED] - Navigate to 'http://192.168.2.19:7001/saraweb' successfully

2023-03-09 13:53:01 - [TEST_STEP][PASSED] - a(): null

2023-03-09 13:53:01 - [TEST_STEP][PASSED] - if (waitForElementVisible(findTestObject("3-OBJECTS UTILIDADES/Login/input_USUARIO_loginusuario"), 0)): null

2023-03-09 13:53:02 - [MESSAGE][WARNING] - Timeout '0' is invalid. Using default page load timeout: '37'

2023-03-09 13:53:02 - [MESSAGE][PASSED] - Object 'Object Repository/3-OBJECTS UTILIDADES/Login/input_USUARIO_loginusuario' is visible

2023-03-09 13:53:02 - [TEST_STEP][PASSED] - switchToWindowTitle("SARA"): Switched to window with title: 'SARA'

2023-03-09 13:53:02 - [MESSAGE][PASSED] - Switched to window with title: 'SARA'

2023-03-09 13:53:02 - [TEST_STEP][PASSED] - zoom(): null

2023-03-09 13:53:02 - [TEST_STEP][PASSED] - robot = new java.awt.Robot(): null

2023-03-09 13:53:02 - [TEST_STEP][PASSED] - robot.keyPress(VK_CONTROL): null

2023-03-09 13:53:02 - [TEST_STEP][PASSED] - robot.keyPress(VK_SUBTRACT): null

2023-03-09 13:53:02 - [TEST_STEP][PASSED] - robot.keyRelease(VK_CONTROL): null

2023-03-09 13:53:02 - [TEST_STEP][PASSED] - robot.keyRelease(VK_SUBTRACT): null

2023-03-09 13:53:02 - [TEST_STEP][PASSED] - robot.keyPress(VK_CONTROL): null

2023-03-09 13:53:02 - [TEST_STEP][PASSED] - robot.keyPress(VK_SUBTRACT): null

2023-03-09 13:53:02 - [TEST_STEP][PASSED] - robot.keyRelease(VK_CONTROL): null

2023-03-09 13:53:02 - [TEST_STEP][PASSED] - robot.keyRelease(VK_SUBTRACT): null

2023-03-09 13:53:02 - [TEST_STEP][PASSED] - robot.keyPress(VK_CONTROL): null

2023-03-09 13:53:02 - [TEST_STEP][PASSED] - robot.keyPress(VK_SUBTRACT): null

2023-03-09 13:53:02 - [TEST_STEP][PASSED] - robot.keyRelease(VK_CONTROL): null

2023-03-09 13:53:02 - [TEST_STEP][PASSED] - robot.keyRelease(VK_SUBTRACT): null

2023-03-09 13:53:02 - [TEST_STEP][PASSED] - robot.keyRelease(VK_CONTROL): null

2023-03-09 13:53:02 - [TEST_STEP][PASSED] - robot.keyRelease(VK_SUBTRACT): null

2023-03-09 13:53:02 - [TEST_STEP][PASSED] - setText(findTestObject("3-OBJECTS UTILIDADES/Login/input_USUARIO_loginusuario"), G_Usuario): Text 'weblogic' is set on object 'Object Repository/3-OBJECTS UTILIDADES/Login/input_USUARIO_loginusuario'

2023-03-09 13:53:03 - [MESSAGE][PASSED] - Text 'weblogic' is set on object 'Object Repository/3-OBJECTS UTILIDADES/Login/input_USUARIO_loginusuario'

2023-03-09 13:53:03 - [TEST_STEP][PASSED] - setEncryptedText(findTestObject("3-OBJECTS UTILIDADES/Login/input_CLAVE_loginpassword"), "SlAwMcyRKqrwbnzhAs8HhT6NnI7sEyng"): Text ****** has been set on object 'Object Repository/3-OBJECTS UTILIDADES/Login/input_CLAVE_loginpassword'

2023-03-09 13:53:06 - [MESSAGE][PASSED] - Text ****** has been set on object 'Object Repository/3-OBJECTS UTILIDADES/Login/input_CLAVE_loginpassword'

2023-03-09 13:53:06 - [TEST_STEP][PASSED] - while (waitForElementClickable(findTestObject("3-OBJECTS UTILIDADES/Login/a_Ingresar"), 1)): Web element with id: 'Object Repository/3-OBJECTS UTILIDADES/Login/a_Ingresar' located by '//a[contains(text(),'Ingresar')]' not found

2023-03-09 13:53:08 - [MESSAGE][INFO] - Unable to find the element located by 'By.xpath: //a[contains(text(),'Ingresar')]'. Please recheck the objects properties to make sure the desired element is located. 

2023-03-09 13:53:08 - [MESSAGE][WARNING] - Web element with id: 'Object Repository/3-OBJECTS UTILIDADES/Login/a_Ingresar' located by '//a[contains(text(),'Ingresar')]' not found

2023-03-09 13:53:08 - [MESSAGE][PASSED] - Call Test Case 'Test Cases/0.1-Login' successfully

2023-03-09 13:53:08 - [TEST_STEP][PASSED] - setText(findTestObject("2-OBJECTS TAREAS SECUNDARIAS/Pruebas Compensación/Formato_actos_administrativos/input_Empresa 1_form_templatej_idt24_input"), "Formato (act)"): Text 'Formato (act)' is set on object 'Object Repository/2-OBJECTS TAREAS SECUNDARIAS/Pruebas Compensación/Formato_actos_administrativos/input_Empresa 1_form_templatej_idt24_input'

2023-03-09 13:53:09 - [MESSAGE][PASSED] - Text 'Formato (act)' is set on object 'Object Repository/2-OBJECTS TAREAS SECUNDARIAS/Pruebas Compensación/Formato_actos_administrativos/input_Empresa 1_form_templatej_idt24_input'

2023-03-09 13:53:09 - [TEST_STEP][PASSED] - click(findTestObject("2-OBJECTS TAREAS SECUNDARIAS/Pruebas Compensación/Formato_actos_administrativos/li_Formato (act)")): Object: 'Object Repository/2-OBJECTS TAREAS SECUNDARIAS/Pruebas Compensación/Formato_actos_administrativos/li_Formato (act)' is clicked on

2023-03-09 13:53:11 - [MESSAGE][PASSED] - Object: 'Object Repository/2-OBJECTS TAREAS SECUNDARIAS/Pruebas Compensación/Formato_actos_administrativos/li_Formato (act)' is clicked on

2023-03-09 13:53:11 - [TEST_STEP][PASSED] - click(findTestObject("2-OBJECTS TAREAS SECUNDARIAS/Pruebas Compensación/Formato_actos_administrativos/a_Cambio Del Empleado")): Object: 'Object Repository/2-OBJECTS TAREAS SECUNDARIAS/Pruebas Compensación/Formato_actos_administrativos/a_Cambio Del Empleado' is clicked on

2023-03-09 13:53:13 - [MESSAGE][PASSED] - Object: 'Object Repository/2-OBJECTS TAREAS SECUNDARIAS/Pruebas Compensación/Formato_actos_administrativos/a_Cambio Del Empleado' is clicked on

2023-03-09 13:53:13 - [TEST_STEP][PASSED] - setText(findTestObject("2-OBJECTS TAREAS SECUNDARIAS/Pruebas Compensación/Formato_actos_administrativos/input_Bsqueda_form_parametroformatoconceptofiltro"), "INGRESO - DEFINITIVO"): Text 'INGRESO - DEFINITIVO' is set on object 'Object Repository/2-OBJECTS TAREAS SECUNDARIAS/Pruebas Compensación/Formato_actos_administrativos/input_Bsqueda_form_parametroformatoconceptofiltro'

2023-03-09 13:53:14 - [MESSAGE][PASSED] - Text 'INGRESO - DEFINITIVO' is set on object 'Object Repository/2-OBJECTS TAREAS SECUNDARIAS/Pruebas Compensación/Formato_actos_administrativos/input_Bsqueda_form_parametroformatoconceptofiltro'

2023-03-09 13:53:14 - [TEST_STEP][PASSED] - sendKeys(findTestObject("2-OBJECTS TAREAS SECUNDARIAS/Pruebas Compensación/Formato_actos_administrativos/input_Bsqueda_form_parametroformatoconceptofiltro"), Keys.chord(ENTER)): Keys 'ENTER + ' sent to object: 'Object Repository/2-OBJECTS TAREAS SECUNDARIAS/Pruebas Compensación/Formato_actos_administrativos/input_Bsqueda_form_parametroformatoconceptofiltro'

2023-03-09 13:53:16 - [MESSAGE][PASSED] - Keys 'ENTER + ' sent to object: 'Object Repository/2-OBJECTS TAREAS SECUNDARIAS/Pruebas Compensación/Formato_actos_administrativos/input_Bsqueda_form_parametroformatoconceptofiltro'

2023-03-09 13:53:16 - [TEST_STEP][PASSED] - click(findTestObject("2-OBJECTS TAREAS SECUNDARIAS/Pruebas Compensación/Formato_actos_administrativos/span_INGRESO - DEFINITIVO")): Object: 'Object Repository/2-OBJECTS TAREAS SECUNDARIAS/Pruebas Compensación/Formato_actos_administrativos/span_INGRESO - DEFINITIVO' is clicked on

2023-03-09 13:53:17 - [MESSAGE][PASSED] - Object: 'Object Repository/2-OBJECTS TAREAS SECUNDARIAS/Pruebas Compensación/Formato_actos_administrativos/span_INGRESO - DEFINITIVO' is clicked on

2023-03-09 13:53:17 - [TEST_STEP][PASSED] - if (waitForElementVisible(findTestObject("2-OBJECTS TAREAS SECUNDARIAS/Pruebas Compensación/Formato_actos_administrativos/a_Predecesor_form_parametroformatotabInfoj_idt143"), 1)): Web element with id: 'Object Repository/2-OBJECTS TAREAS SECUNDARIAS/Pruebas Compensación/Formato_actos_administrativos/a_Predecesor_form_parametroformatotabInfoj_idt143' located by '
//td[2]/table/tbody/tr/td[3]/a' not found

2023-03-09 13:53:19 - [MESSAGE][INFO] - Unable to find the element located by 'By.xpath: 
//td[2]/table/tbody/tr/td[3]/a'. Please recheck the objects properties to make sure the desired element is located. 

2023-03-09 13:53:19 - [MESSAGE][WARNING] - Web element with id: 'Object Repository/2-OBJECTS TAREAS SECUNDARIAS/Pruebas Compensación/Formato_actos_administrativos/a_Predecesor_form_parametroformatotabInfoj_idt143' located by '
//td[2]/table/tbody/tr/td[3]/a' not found

2023-03-09 13:53:19 - [TEST_STEP][PASSED] - else: Object: 'Object Repository/2-OBJECTS TAREAS SECUNDARIAS/Pruebas Compensación/Formato_actos_administrativos/a_Predecesor_form_parametroformatotabInfoj_idt143 - Copy' is clicked on

2023-03-09 13:53:19 - [TEST_STEP][PASSED] - click(findTestObject("2-OBJECTS TAREAS SECUNDARIAS/Pruebas Compensación/Formato_actos_administrativos/a_Predecesor_form_parametroformatotabInfoj_idt143 - Copy")): Object: 'Object Repository/2-OBJECTS TAREAS SECUNDARIAS/Pruebas Compensación/Formato_actos_administrativos/a_Predecesor_form_parametroformatotabInfoj_idt143 - Copy' is clicked on

2023-03-09 13:53:19 - [MESSAGE][PASSED] - Object: 'Object Repository/2-OBJECTS TAREAS SECUNDARIAS/Pruebas Compensación/Formato_actos_administrativos/a_Predecesor_form_parametroformatotabInfoj_idt143 - Copy' is clicked on

2023-03-09 13:53:19 - [TEST_STEP][PASSED] - if (waitForElementVisible(findTestObject("2-OBJECTS TAREAS SECUNDARIAS/Pruebas Compensación/Formato_actos_administrativos/td_123123123"), 1)): null

2023-03-09 13:53:20 - [MESSAGE][PASSED] - Object 'Object Repository/2-OBJECTS TAREAS SECUNDARIAS/Pruebas Compensación/Formato_actos_administrativos/td_123123123' is visible

2023-03-09 13:53:20 - [TEST_STEP][PASSED] - click(findTestObject("2-OBJECTS TAREAS SECUNDARIAS/Pruebas Compensación/Formato_actos_administrativos/td_123123123")): Object: 'Object Repository/2-OBJECTS TAREAS SECUNDARIAS/Pruebas Compensación/Formato_actos_administrativos/td_123123123' is clicked on

2023-03-09 13:53:20 - [MESSAGE][PASSED] - Object: 'Object Repository/2-OBJECTS TAREAS SECUNDARIAS/Pruebas Compensación/Formato_actos_administrativos/td_123123123' is clicked on

2023-03-09 13:53:20 - [TEST_STEP][PASSED] - selectOptionByIndex(findTestObject("2-OBJECTS TAREAS SECUNDARIAS/Pruebas Compensación/Formato_actos_administrativos/select_SeleccioneHorario Fijo De TiempoNo Registrar En TiempoProgramacion Turno En Tiempos"), 1): All options with index in [1] are selected on object 'Object Repository/2-OBJECTS TAREAS SECUNDARIAS/Pruebas Compensación/Formato_actos_administrativos/select_SeleccioneHorario Fijo De TiempoNo Registrar En TiempoProgramacion Turno En Tiempos'

2023-03-09 13:53:22 - [MESSAGE][PASSED] - All options with index in [1] are selected on object 'Object Repository/2-OBJECTS TAREAS SECUNDARIAS/Pruebas Compensación/Formato_actos_administrativos/select_SeleccioneHorario Fijo De TiempoNo Registrar En TiempoProgramacion Turno En Tiempos'

2023-03-09 13:53:22 - [TEST_STEP][PASSED] - selectOptionByIndex(findTestObject("2-OBJECTS TAREAS SECUNDARIAS/Pruebas Compensación/Formato_actos_administrativos/select_SeleccioneUnivalle - Semestre PromedioUnivalle - Validar EstudianteUnivalle - Validar Ingreso"), 1): All options with index in [1] are selected on object 'Object Repository/2-OBJECTS TAREAS SECUNDARIAS/Pruebas Compensación/Formato_actos_administrativos/select_SeleccioneUnivalle - Semestre PromedioUnivalle - Validar EstudianteUnivalle - Validar Ingreso'

2023-03-09 13:53:23 - [MESSAGE][PASSED] - All options with index in [1] are selected on object 'Object Repository/2-OBJECTS TAREAS SECUNDARIAS/Pruebas Compensación/Formato_actos_administrativos/select_SeleccioneUnivalle - Semestre PromedioUnivalle - Validar EstudianteUnivalle - Validar Ingreso'

2023-03-09 13:53:23 - [TEST_STEP][PASSED] - selectOptionByIndex(findTestObject("2-OBJECTS TAREAS SECUNDARIAS/Pruebas Compensación/Formato_actos_administrativos/select_SUSTITUCIN PATRONALUNILATERAL DEL EMPLEADOJUSTA CAUSATERMINACION DE"), 1): All options with index in [1] are selected on object 'Object Repository/2-OBJECTS TAREAS SECUNDARIAS/Pruebas Compensación/Formato_actos_administrativos/select_SUSTITUCIN PATRONALUNILATERAL DEL EMPLEADOJUSTA CAUSATERMINACION DE'

2023-03-09 13:53:24 - [MESSAGE][PASSED] - All options with index in [1] are selected on object 'Object Repository/2-OBJECTS TAREAS SECUNDARIAS/Pruebas Compensación/Formato_actos_administrativos/select_SUSTITUCIN PATRONALUNILATERAL DEL EMPLEADOJUSTA CAUSATERMINACION DE'

2023-03-09 13:53:24 - [TEST_STEP][PASSED] - selectOptionByIndex(findTestObject("2-OBJECTS TAREAS SECUNDARIAS/Pruebas Compensación/Formato_actos_administrativos/select_-- Seleccione Vinculacin --.APRENDIZ ETAPA LECTIVAAPRENDIZ ETAPA PRODUCTIVAASISTENTE"), 1): All options with index in [1] are selected on object 'Object Repository/2-OBJECTS TAREAS SECUNDARIAS/Pruebas Compensación/Formato_actos_administrativos/select_-- Seleccione Vinculacin --.APRENDIZ ETAPA LECTIVAAPRENDIZ ETAPA PRODUCTIVAASISTENTE'

2023-03-09 13:53:25 - [MESSAGE][PASSED] - All options with index in [1] are selected on object 'Object Repository/2-OBJECTS TAREAS SECUNDARIAS/Pruebas Compensación/Formato_actos_administrativos/select_-- Seleccione Vinculacin --.APRENDIZ ETAPA LECTIVAAPRENDIZ ETAPA PRODUCTIVAASISTENTE'

2023-03-09 13:53:25 - [TEST_STEP][PASSED] - selectOptionByIndex(findTestObject("2-OBJECTS TAREAS SECUNDARIAS/Pruebas Compensación/Formato_actos_administrativos/select_-- Seleccione Tipo Puesto --PLANTA DINAMICA               PLANTA FIJA"), 1): All options with index in [1] are selected on object 'Object Repository/2-OBJECTS TAREAS SECUNDARIAS/Pruebas Compensación/Formato_actos_administrativos/select_-- Seleccione Tipo Puesto --PLANTA DINAMICA               PLANTA FIJA'

2023-03-09 13:53:26 - [MESSAGE][PASSED] - All options with index in [1] are selected on object 'Object Repository/2-OBJECTS TAREAS SECUNDARIAS/Pruebas Compensación/Formato_actos_administrativos/select_-- Seleccione Tipo Puesto --PLANTA DINAMICA               PLANTA FIJA'

2023-03-09 13:53:26 - [TEST_STEP][PASSED] - selectOptionByIndex(findTestObject("2-OBJECTS TAREAS SECUNDARIAS/Pruebas Compensación/Formato_actos_administrativos/select_-- Seleccione Clase Puesto --EMPLEADO                      NUEVA ADMIN                   AMPLEADO"), 1): All options with index in [1] are selected on object 'Object Repository/2-OBJECTS TAREAS SECUNDARIAS/Pruebas Compensación/Formato_actos_administrativos/select_-- Seleccione Clase Puesto --EMPLEADO                      NUEVA ADMIN                   AMPLEADO'

2023-03-09 13:53:27 - [MESSAGE][PASSED] - All options with index in [1] are selected on object 'Object Repository/2-OBJECTS TAREAS SECUNDARIAS/Pruebas Compensación/Formato_actos_administrativos/select_-- Seleccione Clase Puesto --EMPLEADO                      NUEVA ADMIN                   AMPLEADO'

2023-03-09 13:53:27 - [TEST_STEP][PASSED] - selectOptionByIndex(findTestObject("2-OBJECTS TAREAS SECUNDARIAS/Pruebas Compensación/Formato_actos_administrativos/select_NoSi"), 1): All options with index in [1] are selected on object 'Object Repository/2-OBJECTS TAREAS SECUNDARIAS/Pruebas Compensación/Formato_actos_administrativos/select_NoSi'

2023-03-09 13:53:28 - [MESSAGE][PASSED] - All options with index in [1] are selected on object 'Object Repository/2-OBJECTS TAREAS SECUNDARIAS/Pruebas Compensación/Formato_actos_administrativos/select_NoSi'

2023-03-09 13:53:28 - [TEST_STEP][PASSED] - selectOptionByIndex(findTestObject("2-OBJECTS TAREAS SECUNDARIAS/Pruebas Compensación/Formato_actos_administrativos/select_--Seleccione--En el mismo formato en elaboracionEn el mismo formato en elaboracion"), 1): All options with index in [1] are selected on object 'Object Repository/2-OBJECTS TAREAS SECUNDARIAS/Pruebas Compensación/Formato_actos_administrativos/select_--Seleccione--En el mismo formato en elaboracionEn el mismo formato en elaboracion'

2023-03-09 13:53:29 - [MESSAGE][PASSED] - All options with index in [1] are selected on object 'Object Repository/2-OBJECTS TAREAS SECUNDARIAS/Pruebas Compensación/Formato_actos_administrativos/select_--Seleccione--En el mismo formato en elaboracionEn el mismo formato en elaboracion'

2023-03-09 13:53:29 - [TEST_STEP][PASSED] - selectOptionByIndex(findTestObject("2-OBJECTS TAREAS SECUNDARIAS/Pruebas Compensación/Formato_actos_administrativos/select_--Seleccione--NoNo AplicaSi"), 1): All options with index in [1] are selected on object 'Object Repository/2-OBJECTS TAREAS SECUNDARIAS/Pruebas Compensación/Formato_actos_administrativos/select_--Seleccione--NoNo AplicaSi'

2023-03-09 13:53:30 - [MESSAGE][PASSED] - All options with index in [1] are selected on object 'Object Repository/2-OBJECTS TAREAS SECUNDARIAS/Pruebas Compensación/Formato_actos_administrativos/select_--Seleccione--NoNo AplicaSi'

2023-03-09 13:53:30 - [TEST_STEP][PASSED] - selectOptionByIndex(findTestObject("2-OBJECTS TAREAS SECUNDARIAS/Pruebas Compensación/Formato_actos_administrativos/select_--Seleccione--No Genera RegistroNo Requiere LegalizacinRequiere Legalizacin"), 1): All options with index in [1] are selected on object 'Object Repository/2-OBJECTS TAREAS SECUNDARIAS/Pruebas Compensación/Formato_actos_administrativos/select_--Seleccione--No Genera RegistroNo Requiere LegalizacinRequiere Legalizacin'

2023-03-09 13:53:32 - [MESSAGE][PASSED] - All options with index in [1] are selected on object 'Object Repository/2-OBJECTS TAREAS SECUNDARIAS/Pruebas Compensación/Formato_actos_administrativos/select_--Seleccione--No Genera RegistroNo Requiere LegalizacinRequiere Legalizacin'

2023-03-09 13:53:32 - [TEST_STEP][PASSED] - selectOptionByIndex(findTestObject("2-OBJECTS TAREAS SECUNDARIAS/Pruebas Compensación/Formato_actos_administrativos/select_--Seleccione--Formato Basicoformato pruebaMaterias"), 1): All options with index in [1] are selected on object 'Object Repository/2-OBJECTS TAREAS SECUNDARIAS/Pruebas Compensación/Formato_actos_administrativos/select_--Seleccione--Formato Basicoformato pruebaMaterias'

2023-03-09 13:53:33 - [MESSAGE][PASSED] - All options with index in [1] are selected on object 'Object Repository/2-OBJECTS TAREAS SECUNDARIAS/Pruebas Compensación/Formato_actos_administrativos/select_--Seleccione--Formato Basicoformato pruebaMaterias'

2023-03-09 13:53:33 - [TEST_STEP][PASSED] - setText(findTestObject("2-OBJECTS TAREAS SECUNDARIAS/Pruebas Compensación/Formato_actos_administrativos/input_Titulo 1_form_parametroformatotabInfoj_idt273"), "1_Pruebas"): Text '1_Pruebas' is set on object 'Object Repository/2-OBJECTS TAREAS SECUNDARIAS/Pruebas Compensación/Formato_actos_administrativos/input_Titulo 1_form_parametroformatotabInfoj_idt273'

2023-03-09 13:53:33 - [MESSAGE][PASSED] - Text '1_Pruebas' is set on object 'Object Repository/2-OBJECTS TAREAS SECUNDARIAS/Pruebas Compensación/Formato_actos_administrativos/input_Titulo 1_form_parametroformatotabInfoj_idt273'

2023-03-09 13:53:33 - [TEST_STEP][PASSED] - setText(findTestObject("2-OBJECTS TAREAS SECUNDARIAS/Pruebas Compensación/Formato_actos_administrativos/input_Titulo 2_form_parametroformatotabInfoj_idt275"), "2_Pruebas"): Text '2_Pruebas' is set on object 'Object Repository/2-OBJECTS TAREAS SECUNDARIAS/Pruebas Compensación/Formato_actos_administrativos/input_Titulo 2_form_parametroformatotabInfoj_idt275'

2023-03-09 13:53:34 - [MESSAGE][PASSED] - Text '2_Pruebas' is set on object 'Object Repository/2-OBJECTS TAREAS SECUNDARIAS/Pruebas Compensación/Formato_actos_administrativos/input_Titulo 2_form_parametroformatotabInfoj_idt275'

2023-03-09 13:53:34 - [TEST_STEP][PASSED] - click(findTestObject("2-OBJECTS TAREAS SECUNDARIAS/Pruebas Compensación/Formato_actos_administrativos/a_Actualizar")): Object: 'Object Repository/2-OBJECTS TAREAS SECUNDARIAS/Pruebas Compensación/Formato_actos_administrativos/a_Actualizar' is clicked on

2023-03-09 13:53:35 - [MESSAGE][PASSED] - Object: 'Object Repository/2-OBJECTS TAREAS SECUNDARIAS/Pruebas Compensación/Formato_actos_administrativos/a_Actualizar' is clicked on

2023-03-09 13:53:35 - [TEST_STEP][PASSED] - ingresoDefinitivo = getText(findTestObject("3-OBJECTS UTILIDADES/Alerta/Alerta")): Text of object 'Object Repository/3-OBJECTS UTILIDADES/Alerta/Alerta' is: 'Registro Actualizado'

2023-03-09 13:53:36 - [MESSAGE][PASSED] - Text of object 'Object Repository/3-OBJECTS UTILIDADES/Alerta/Alerta' is: 'Registro Actualizado'

2023-03-09 13:53:36 - [TEST_STEP][PASSED] - if (ingresoDefinitivo == "Registro Actualizado"): Object: 'Object Repository/2-OBJECTS TAREAS SECUNDARIAS/Pruebas Compensación/Formato_actos_administrativos/a_Regresar' is clicked on

2023-03-09 13:53:36 - [TEST_STEP][PASSED] - click(findTestObject("2-OBJECTS TAREAS SECUNDARIAS/Pruebas Compensación/Formato_actos_administrativos/a_Predecesor_form_parametroformatotabInfoj_idt143 - Copy")): Object: 'Object Repository/2-OBJECTS TAREAS SECUNDARIAS/Pruebas Compensación/Formato_actos_administrativos/a_Predecesor_form_parametroformatotabInfoj_idt143 - Copy' is clicked on

2023-03-09 13:53:36 - [MESSAGE][PASSED] - Object: 'Object Repository/2-OBJECTS TAREAS SECUNDARIAS/Pruebas Compensación/Formato_actos_administrativos/a_Predecesor_form_parametroformatotabInfoj_idt143 - Copy' is clicked on

2023-03-09 13:53:36 - [TEST_STEP][PASSED] - selectOptionByIndex(findTestObject("2-OBJECTS TAREAS SECUNDARIAS/Pruebas Compensación/Formato_actos_administrativos/select_SeleccioneHorario Fijo De TiempoNo Registrar En TiempoProgramacion Turno En Tiempos"), 0): All options with index in [0] are selected on object 'Object Repository/2-OBJECTS TAREAS SECUNDARIAS/Pruebas Compensación/Formato_actos_administrativos/select_SeleccioneHorario Fijo De TiempoNo Registrar En TiempoProgramacion Turno En Tiempos'

2023-03-09 13:53:37 - [MESSAGE][PASSED] - All options with index in [0] are selected on object 'Object Repository/2-OBJECTS TAREAS SECUNDARIAS/Pruebas Compensación/Formato_actos_administrativos/select_SeleccioneHorario Fijo De TiempoNo Registrar En TiempoProgramacion Turno En Tiempos'

2023-03-09 13:53:37 - [TEST_STEP][PASSED] - selectOptionByIndex(findTestObject("2-OBJECTS TAREAS SECUNDARIAS/Pruebas Compensación/Formato_actos_administrativos/select_SeleccioneUnivalle - Semestre PromedioUnivalle - Validar EstudianteUnivalle - Validar Ingreso"), 0): All options with index in [0] are selected on object 'Object Repository/2-OBJECTS TAREAS SECUNDARIAS/Pruebas Compensación/Formato_actos_administrativos/select_SeleccioneUnivalle - Semestre PromedioUnivalle - Validar EstudianteUnivalle - Validar Ingreso'

2023-03-09 13:53:38 - [MESSAGE][PASSED] - All options with index in [0] are selected on object 'Object Repository/2-OBJECTS TAREAS SECUNDARIAS/Pruebas Compensación/Formato_actos_administrativos/select_SeleccioneUnivalle - Semestre PromedioUnivalle - Validar EstudianteUnivalle - Validar Ingreso'

2023-03-09 13:53:38 - [TEST_STEP][PASSED] - selectOptionByIndex(findTestObject("2-OBJECTS TAREAS SECUNDARIAS/Pruebas Compensación/Formato_actos_administrativos/select_SUSTITUCIN PATRONALUNILATERAL DEL EMPLEADOJUSTA CAUSATERMINACION DE"), 0): All options with index in [0] are selected on object 'Object Repository/2-OBJECTS TAREAS SECUNDARIAS/Pruebas Compensación/Formato_actos_administrativos/select_SUSTITUCIN PATRONALUNILATERAL DEL EMPLEADOJUSTA CAUSATERMINACION DE'

2023-03-09 13:53:39 - [MESSAGE][PASSED] - All options with index in [0] are selected on object 'Object Repository/2-OBJECTS TAREAS SECUNDARIAS/Pruebas Compensación/Formato_actos_administrativos/select_SUSTITUCIN PATRONALUNILATERAL DEL EMPLEADOJUSTA CAUSATERMINACION DE'

2023-03-09 13:53:39 - [TEST_STEP][PASSED] - selectOptionByIndex(findTestObject("2-OBJECTS TAREAS SECUNDARIAS/Pruebas Compensación/Formato_actos_administrativos/select_-- Seleccione Vinculacin --.APRENDIZ ETAPA LECTIVAAPRENDIZ ETAPA PRODUCTIVAASISTENTE"), 0): All options with index in [0] are selected on object 'Object Repository/2-OBJECTS TAREAS SECUNDARIAS/Pruebas Compensación/Formato_actos_administrativos/select_-- Seleccione Vinculacin --.APRENDIZ ETAPA LECTIVAAPRENDIZ ETAPA PRODUCTIVAASISTENTE'

2023-03-09 13:53:40 - [MESSAGE][PASSED] - All options with index in [0] are selected on object 'Object Repository/2-OBJECTS TAREAS SECUNDARIAS/Pruebas Compensación/Formato_actos_administrativos/select_-- Seleccione Vinculacin --.APRENDIZ ETAPA LECTIVAAPRENDIZ ETAPA PRODUCTIVAASISTENTE'

2023-03-09 13:53:40 - [TEST_STEP][PASSED] - selectOptionByIndex(findTestObject("2-OBJECTS TAREAS SECUNDARIAS/Pruebas Compensación/Formato_actos_administrativos/select_-- Seleccione Tipo Puesto --PLANTA DINAMICA               PLANTA FIJA"), 0): All options with index in [0] are selected on object 'Object Repository/2-OBJECTS TAREAS SECUNDARIAS/Pruebas Compensación/Formato_actos_administrativos/select_-- Seleccione Tipo Puesto --PLANTA DINAMICA               PLANTA FIJA'

2023-03-09 13:53:41 - [MESSAGE][PASSED] - All options with index in [0] are selected on object 'Object Repository/2-OBJECTS TAREAS SECUNDARIAS/Pruebas Compensación/Formato_actos_administrativos/select_-- Seleccione Tipo Puesto --PLANTA DINAMICA               PLANTA FIJA'

2023-03-09 13:53:41 - [TEST_STEP][PASSED] - selectOptionByIndex(findTestObject("2-OBJECTS TAREAS SECUNDARIAS/Pruebas Compensación/Formato_actos_administrativos/select_-- Seleccione Clase Puesto --EMPLEADO                      NUEVA ADMIN                   AMPLEADO"), 0): All options with index in [0] are selected on object 'Object Repository/2-OBJECTS TAREAS SECUNDARIAS/Pruebas Compensación/Formato_actos_administrativos/select_-- Seleccione Clase Puesto --EMPLEADO                      NUEVA ADMIN                   AMPLEADO'

2023-03-09 13:53:42 - [MESSAGE][PASSED] - All options with index in [0] are selected on object 'Object Repository/2-OBJECTS TAREAS SECUNDARIAS/Pruebas Compensación/Formato_actos_administrativos/select_-- Seleccione Clase Puesto --EMPLEADO                      NUEVA ADMIN                   AMPLEADO'

2023-03-09 13:53:42 - [TEST_STEP][PASSED] - selectOptionByIndex(findTestObject("2-OBJECTS TAREAS SECUNDARIAS/Pruebas Compensación/Formato_actos_administrativos/select_NoSi"), 0): All options with index in [0] are selected on object 'Object Repository/2-OBJECTS TAREAS SECUNDARIAS/Pruebas Compensación/Formato_actos_administrativos/select_NoSi'

2023-03-09 13:53:44 - [MESSAGE][PASSED] - All options with index in [0] are selected on object 'Object Repository/2-OBJECTS TAREAS SECUNDARIAS/Pruebas Compensación/Formato_actos_administrativos/select_NoSi'

2023-03-09 13:53:44 - [TEST_STEP][PASSED] - selectOptionByIndex(findTestObject("2-OBJECTS TAREAS SECUNDARIAS/Pruebas Compensación/Formato_actos_administrativos/select_--Seleccione--En el mismo formato en elaboracionEn el mismo formato en elaboracion"), 0): All options with index in [0] are selected on object 'Object Repository/2-OBJECTS TAREAS SECUNDARIAS/Pruebas Compensación/Formato_actos_administrativos/select_--Seleccione--En el mismo formato en elaboracionEn el mismo formato en elaboracion'

2023-03-09 13:53:44 - [MESSAGE][PASSED] - All options with index in [0] are selected on object 'Object Repository/2-OBJECTS TAREAS SECUNDARIAS/Pruebas Compensación/Formato_actos_administrativos/select_--Seleccione--En el mismo formato en elaboracionEn el mismo formato en elaboracion'

2023-03-09 13:53:44 - [TEST_STEP][PASSED] - selectOptionByIndex(findTestObject("2-OBJECTS TAREAS SECUNDARIAS/Pruebas Compensación/Formato_actos_administrativos/select_--Seleccione--NoNo AplicaSi"), 0): All options with index in [0] are selected on object 'Object Repository/2-OBJECTS TAREAS SECUNDARIAS/Pruebas Compensación/Formato_actos_administrativos/select_--Seleccione--NoNo AplicaSi'

2023-03-09 13:53:45 - [MESSAGE][PASSED] - All options with index in [0] are selected on object 'Object Repository/2-OBJECTS TAREAS SECUNDARIAS/Pruebas Compensación/Formato_actos_administrativos/select_--Seleccione--NoNo AplicaSi'

2023-03-09 13:53:45 - [TEST_STEP][PASSED] - selectOptionByIndex(findTestObject("2-OBJECTS TAREAS SECUNDARIAS/Pruebas Compensación/Formato_actos_administrativos/select_--Seleccione--No Genera RegistroNo Requiere LegalizacinRequiere Legalizacin"), 0): All options with index in [0] are selected on object 'Object Repository/2-OBJECTS TAREAS SECUNDARIAS/Pruebas Compensación/Formato_actos_administrativos/select_--Seleccione--No Genera RegistroNo Requiere LegalizacinRequiere Legalizacin'

2023-03-09 13:53:46 - [MESSAGE][PASSED] - All options with index in [0] are selected on object 'Object Repository/2-OBJECTS TAREAS SECUNDARIAS/Pruebas Compensación/Formato_actos_administrativos/select_--Seleccione--No Genera RegistroNo Requiere LegalizacinRequiere Legalizacin'

2023-03-09 13:53:46 - [TEST_STEP][PASSED] - selectOptionByIndex(findTestObject("2-OBJECTS TAREAS SECUNDARIAS/Pruebas Compensación/Formato_actos_administrativos/select_--Seleccione--Formato Basicoformato pruebaMaterias"), 0): All options with index in [0] are selected on object 'Object Repository/2-OBJECTS TAREAS SECUNDARIAS/Pruebas Compensación/Formato_actos_administrativos/select_--Seleccione--Formato Basicoformato pruebaMaterias'

2023-03-09 13:53:47 - [MESSAGE][PASSED] - All options with index in [0] are selected on object 'Object Repository/2-OBJECTS TAREAS SECUNDARIAS/Pruebas Compensación/Formato_actos_administrativos/select_--Seleccione--Formato Basicoformato pruebaMaterias'

2023-03-09 13:53:47 - [TEST_STEP][PASSED] - setText(findTestObject("2-OBJECTS TAREAS SECUNDARIAS/Pruebas Compensación/Formato_actos_administrativos/input_Titulo 1_form_parametroformatotabInfoj_idt273"), ""): Text '' is set on object 'Object Repository/2-OBJECTS TAREAS SECUNDARIAS/Pruebas Compensación/Formato_actos_administrativos/input_Titulo 1_form_parametroformatotabInfoj_idt273'

2023-03-09 13:53:48 - [MESSAGE][PASSED] - Text '' is set on object 'Object Repository/2-OBJECTS TAREAS SECUNDARIAS/Pruebas Compensación/Formato_actos_administrativos/input_Titulo 1_form_parametroformatotabInfoj_idt273'

2023-03-09 13:53:48 - [TEST_STEP][PASSED] - setText(findTestObject("2-OBJECTS TAREAS SECUNDARIAS/Pruebas Compensación/Formato_actos_administrativos/input_Titulo 2_form_parametroformatotabInfoj_idt275"), ""): Text '' is set on object 'Object Repository/2-OBJECTS TAREAS SECUNDARIAS/Pruebas Compensación/Formato_actos_administrativos/input_Titulo 2_form_parametroformatotabInfoj_idt275'

2023-03-09 13:53:49 - [MESSAGE][PASSED] - Text '' is set on object 'Object Repository/2-OBJECTS TAREAS SECUNDARIAS/Pruebas Compensación/Formato_actos_administrativos/input_Titulo 2_form_parametroformatotabInfoj_idt275'

2023-03-09 13:53:49 - [TEST_STEP][PASSED] - click(findTestObject("2-OBJECTS TAREAS SECUNDARIAS/Pruebas Compensación/Formato_actos_administrativos/a_Actualizar")): Object: 'Object Repository/2-OBJECTS TAREAS SECUNDARIAS/Pruebas Compensación/Formato_actos_administrativos/a_Actualizar' is clicked on

2023-03-09 13:53:49 - [MESSAGE][PASSED] - Object: 'Object Repository/2-OBJECTS TAREAS SECUNDARIAS/Pruebas Compensación/Formato_actos_administrativos/a_Actualizar' is clicked on

2023-03-09 13:53:49 - [TEST_STEP][PASSED] - restablecer1 = getText(findTestObject("3-OBJECTS UTILIDADES/Alerta/Alerta")): Text of object 'Object Repository/3-OBJECTS UTILIDADES/Alerta/Alerta' is: 'Registro Actualizado'

2023-03-09 13:53:50 - [MESSAGE][PASSED] - Text of object 'Object Repository/3-OBJECTS UTILIDADES/Alerta/Alerta' is: 'Registro Actualizado'

2023-03-09 13:53:50 - [TEST_STEP][PASSED] - if (restablecer1 != "Registro Actualizado"): null

2023-03-09 13:53:50 - [TEST_STEP][PASSED] - click(findTestObject("2-OBJECTS TAREAS SECUNDARIAS/Pruebas Compensación/Formato_actos_administrativos/a_Regresar")): Object: 'Object Repository/2-OBJECTS TAREAS SECUNDARIAS/Pruebas Compensación/Formato_actos_administrativos/a_Regresar' is clicked on

2023-03-09 13:53:51 - [MESSAGE][PASSED] - Object: 'Object Repository/2-OBJECTS TAREAS SECUNDARIAS/Pruebas Compensación/Formato_actos_administrativos/a_Regresar' is clicked on

2023-03-09 13:53:51 - [TEST_STEP][PASSED] - setText(findTestObject("2-OBJECTS TAREAS SECUNDARIAS/Pruebas Compensación/Formato_actos_administrativos/input_Bsqueda_form_parametroformatoconceptofiltro"), "CAMBIO PUESTO"): Text 'CAMBIO PUESTO' is set on object 'Object Repository/2-OBJECTS TAREAS SECUNDARIAS/Pruebas Compensación/Formato_actos_administrativos/input_Bsqueda_form_parametroformatoconceptofiltro'

2023-03-09 13:53:52 - [MESSAGE][PASSED] - Text 'CAMBIO PUESTO' is set on object 'Object Repository/2-OBJECTS TAREAS SECUNDARIAS/Pruebas Compensación/Formato_actos_administrativos/input_Bsqueda_form_parametroformatoconceptofiltro'

2023-03-09 13:53:52 - [TEST_STEP][PASSED] - sendKeys(findTestObject("2-OBJECTS TAREAS SECUNDARIAS/Pruebas Compensación/Formato_actos_administrativos/input_Bsqueda_form_parametroformatoconceptofiltro"), Keys.chord(ENTER)): Keys 'ENTER + ' sent to object: 'Object Repository/2-OBJECTS TAREAS SECUNDARIAS/Pruebas Compensación/Formato_actos_administrativos/input_Bsqueda_form_parametroformatoconceptofiltro'

2023-03-09 13:53:52 - [MESSAGE][PASSED] - Keys 'ENTER + ' sent to object: 'Object Repository/2-OBJECTS TAREAS SECUNDARIAS/Pruebas Compensación/Formato_actos_administrativos/input_Bsqueda_form_parametroformatoconceptofiltro'

2023-03-09 13:53:52 - [TEST_STEP][FAILED] - click(findTestObject("2-OBJECTS TAREAS SECUNDARIAS/Pruebas Compensación/Formato_actos_administrativos/span_Cambio puesto")): Unable to click on object 'Object Repository/2-OBJECTS TAREAS SECUNDARIAS/Pruebas Compensación/Formato_actos_administrativos/span_Cambio puesto' (Root cause: com.kms.katalon.core.exception.StepFailedException: Unable to click on object 'Object Repository/2-OBJECTS TAREAS SECUNDARIAS/Pruebas Compensación/Formato_actos_administrativos/span_Cambio puesto'
	at com.kms.katalon.core.webui.keyword.internal.WebUIKeywordMain.stepFailed(WebUIKeywordMain.groovy:64)
	at com.kms.katalon.core.webui.keyword.internal.WebUIKeywordMain.runKeyword(WebUIKeywordMain.groovy:26)
	at com.kms.katalon.core.webui.keyword.builtin.ClickKeyword.click(ClickKeyword.groovy:74)
	at com.kms.katalon.core.webui.keyword.builtin.ClickKeyword.execute(ClickKeyword.groovy:40)
	at com.kms.katalon.core.keyword.internal.KeywordExecutor.executeKeywordForPlatform(KeywordExecutor.groovy:74)
	at com.kms.katalon.core.webui.keyword.WebUiBuiltInKeywords.click(WebUiBuiltInKeywords.groovy:620)
	at com.kms.katalon.core.webui.keyword.WebUiBuiltInKeywords$click$9.call(Unknown Source)
	at 11.2.3-Formato_actos_administrativos.run(11.2.3-Formato_actos_administrativos:155)
	at com.kms.katalon.core.main.ScriptEngine.run(ScriptEngine.java:194)
	at com.kms.katalon.core.main.ScriptEngine.runScriptAsRawText(ScriptEngine.java:119)
	at com.kms.katalon.core.main.TestCaseExecutor.runScript(TestCaseExecutor.java:448)
	at com.kms.katalon.core.main.TestCaseExecutor.doExecute(TestCaseExecutor.java:439)
	at com.kms.katalon.core.main.TestCaseExecutor.processExecutionPhase(TestCaseExecutor.java:418)
	at com.kms.katalon.core.main.TestCaseExecutor.accessMainPhase(TestCaseExecutor.java:410)
	at com.kms.katalon.core.main.TestCaseExecutor.execute(TestCaseExecutor.java:285)
	at com.kms.katalon.core.common.CommonExecutor.accessTestCaseMainPhase(CommonExecutor.java:65)
	at com.kms.katalon.core.main.TestSuiteExecutor.accessTestSuiteMainPhase(TestSuiteExecutor.java:151)
	at com.kms.katalon.core.main.TestSuiteExecutor.execute(TestSuiteExecutor.java:106)
	at com.kms.katalon.core.main.TestCaseMain.startTestSuite(TestCaseMain.java:185)
	at com.kms.katalon.core.main.TestCaseMain$startTestSuite$0.call(Unknown Source)
	at TempTestSuite1678383366099.run(TempTestSuite1678383366099.groovy:36)
Caused by: com.kms.katalon.core.webui.exception.WebElementNotFoundException: Web element with id: 'Object Repository/2-OBJECTS TAREAS SECUNDARIAS/Pruebas Compensación/Formato_actos_administrativos/span_Cambio puesto' located by '//*/text()[normalize-space(.)='Cambio puesto']/parent::*' not found
	at com.kms.katalon.core.webui.common.WebUiCommonHelper.findWebElement(WebUiCommonHelper.java:1370)
	at com.kms.katalon.core.webui.keyword.internal.WebUIAbstractKeyword.findWebElement(WebUIAbstractKeyword.groovy:27)
	at com.kms.katalon.core.webui.keyword.builtin.ClickKeyword$_click_closure1.doCall(ClickKeyword.groovy:65)
	at com.kms.katalon.core.webui.keyword.builtin.ClickKeyword$_click_closure1.call(ClickKeyword.groovy)
	at com.kms.katalon.core.webui.keyword.internal.WebUIKeywordMain.runKeyword(WebUIKeywordMain.groovy:20)
	at com.kms.katalon.core.webui.keyword.builtin.ClickKeyword.click(ClickKeyword.groovy:74)
	at com.kms.katalon.core.webui.keyword.builtin.ClickKeyword.execute(ClickKeyword.groovy:40)
	at com.kms.katalon.core.keyword.internal.KeywordExecutor.executeKeywordForPlatform(KeywordExecutor.groovy:74)
	at com.kms.katalon.core.webui.keyword.WebUiBuiltInKeywords.click(WebUiBuiltInKeywords.groovy:620)
	at com.kms.katalon.core.webui.keyword.WebUiBuiltInKeywords$click$9.call(Unknown Source)
	at Script1667492684444.run(Script1667492684444.groovy:155)
	... 13 more
)

2023-03-09 13:54:31 - [MESSAGE][INFO] - Unable to find the element located by 'By.xpath: //*/text()[normalize-space(.)='Cambio puesto']/parent::*'. Please recheck the objects properties to make sure the desired element is located. 

2023-03-09 13:54:31 - [MESSAGE][FAILED] - Unable to click on object 'Object Repository/2-OBJECTS TAREAS SECUNDARIAS/Pruebas Compensación/Formato_actos_administrativos/span_Cambio puesto' (Root cause: com.kms.katalon.core.exception.StepFailedException: Unable to click on object 'Object Repository/2-OBJECTS TAREAS SECUNDARIAS/Pruebas Compensación/Formato_actos_administrativos/span_Cambio puesto'
	at com.kms.katalon.core.webui.keyword.internal.WebUIKeywordMain.stepFailed(WebUIKeywordMain.groovy:64)
	at com.kms.katalon.core.webui.keyword.internal.WebUIKeywordMain.runKeyword(WebUIKeywordMain.groovy:26)
	at com.kms.katalon.core.webui.keyword.builtin.ClickKeyword.click(ClickKeyword.groovy:74)
	at com.kms.katalon.core.webui.keyword.builtin.ClickKeyword.execute(ClickKeyword.groovy:40)
	at com.kms.katalon.core.keyword.internal.KeywordExecutor.executeKeywordForPlatform(KeywordExecutor.groovy:74)
	at com.kms.katalon.core.webui.keyword.WebUiBuiltInKeywords.click(WebUiBuiltInKeywords.groovy:620)
	at com.kms.katalon.core.webui.keyword.WebUiBuiltInKeywords$click$9.call(Unknown Source)
	at 11.2.3-Formato_actos_administrativos.run(11.2.3-Formato_actos_administrativos:155)
	at com.kms.katalon.core.main.ScriptEngine.run(ScriptEngine.java:194)
	at com.kms.katalon.core.main.ScriptEngine.runScriptAsRawText(ScriptEngine.java:119)
	at com.kms.katalon.core.main.TestCaseExecutor.runScript(TestCaseExecutor.java:448)
	at com.kms.katalon.core.main.TestCaseExecutor.doExecute(TestCaseExecutor.java:439)
	at com.kms.katalon.core.main.TestCaseExecutor.processExecutionPhase(TestCaseExecutor.java:418)
	at com.kms.katalon.core.main.TestCaseExecutor.accessMainPhase(TestCaseExecutor.java:410)
	at com.kms.katalon.core.main.TestCaseExecutor.execute(TestCaseExecutor.java:285)
	at com.kms.katalon.core.common.CommonExecutor.accessTestCaseMainPhase(CommonExecutor.java:65)
	at com.kms.katalon.core.main.TestSuiteExecutor.accessTestSuiteMainPhase(TestSuiteExecutor.java:151)
	at com.kms.katalon.core.main.TestSuiteExecutor.execute(TestSuiteExecutor.java:106)
	at com.kms.katalon.core.main.TestCaseMain.startTestSuite(TestCaseMain.java:185)
	at com.kms.katalon.core.main.TestCaseMain$startTestSuite$0.call(Unknown Source)
	at TempTestSuite1678383366099.run(TempTestSuite1678383366099.groovy:36)
Caused by: com.kms.katalon.core.webui.exception.WebElementNotFoundException: Web element with id: 'Object Repository/2-OBJECTS TAREAS SECUNDARIAS/Pruebas Compensación/Formato_actos_administrativos/span_Cambio puesto' located by '//*/text()[normalize-space(.)='Cambio puesto']/parent::*' not found
	at com.kms.katalon.core.webui.common.WebUiCommonHelper.findWebElement(WebUiCommonHelper.java:1370)
	at com.kms.katalon.core.webui.keyword.internal.WebUIAbstractKeyword.findWebElement(WebUIAbstractKeyword.groovy:27)
	at com.kms.katalon.core.webui.keyword.builtin.ClickKeyword$_click_closure1.doCall(ClickKeyword.groovy:65)
	at com.kms.katalon.core.webui.keyword.builtin.ClickKeyword$_click_closure1.call(ClickKeyword.groovy)
	at com.kms.katalon.core.webui.keyword.internal.WebUIKeywordMain.runKeyword(WebUIKeywordMain.groovy:20)
	at com.kms.katalon.core.webui.keyword.builtin.ClickKeyword.click(ClickKeyword.groovy:74)
	at com.kms.katalon.core.webui.keyword.builtin.ClickKeyword.execute(ClickKeyword.groovy:40)
	at com.kms.katalon.core.keyword.internal.KeywordExecutor.executeKeywordForPlatform(KeywordExecutor.groovy:74)
	at com.kms.katalon.core.webui.keyword.WebUiBuiltInKeywords.click(WebUiBuiltInKeywords.groovy:620)
	at com.kms.katalon.core.webui.keyword.WebUiBuiltInKeywords$click$9.call(Unknown Source)
	at Script1667492684444.run(Script1667492684444.groovy:155)
	... 13 more
)
[[ATTACHMENT|C:\\Users\\diego.rojas\\git\\Pruebas-Minimas\\Reports\\20230309_123606\\Test_Suite_Secundaria\\1-Tareas_secundarias\\20230309_123606\\1678388071119.png]]]]></system-out>
         <system-err><![CDATA[2023-03-09 13:52:57 - [TEST_CASE][FAILED] - Test Cases/1.2-Tareas_Secundarias/A.1-Pruebas_compensaciones/11.2.3-Formato_actos_administrativos: Test Cases/1.2-Tareas_Secundarias/A.1-Pruebas_compensaciones/11.2.3-Formato_actos_administrativos FAILED.
Reason:
com.kms.katalon.core.exception.StepFailedException: Unable to click on object 'Object Repository/2-OBJECTS TAREAS SECUNDARIAS/Pruebas Compensación/Formato_actos_administrativos/span_Cambio puesto'
	at com.kms.katalon.core.webui.keyword.internal.WebUIKeywordMain.stepFailed(WebUIKeywordMain.groovy:64)
	at com.kms.katalon.core.webui.keyword.internal.WebUIKeywordMain.runKeyword(WebUIKeywordMain.groovy:26)
	at com.kms.katalon.core.webui.keyword.builtin.ClickKeyword.click(ClickKeyword.groovy:74)
	at com.kms.katalon.core.webui.keyword.builtin.ClickKeyword.execute(ClickKeyword.groovy:40)
	at com.kms.katalon.core.keyword.internal.KeywordExecutor.executeKeywordForPlatform(KeywordExecutor.groovy:74)
	at com.kms.katalon.core.webui.keyword.WebUiBuiltInKeywords.click(WebUiBuiltInKeywords.groovy:620)
	at com.kms.katalon.core.webui.keyword.WebUiBuiltInKeywords$click$9.call(Unknown Source)
	at 11.2.3-Formato_actos_administrativos.run(11.2.3-Formato_actos_administrativos:155)
	at com.kms.katalon.core.main.ScriptEngine.run(ScriptEngine.java:194)
	at com.kms.katalon.core.main.ScriptEngine.runScriptAsRawText(ScriptEngine.java:119)
	at com.kms.katalon.core.main.TestCaseExecutor.runScript(TestCaseExecutor.java:448)
	at com.kms.katalon.core.main.TestCaseExecutor.doExecute(TestCaseExecutor.java:439)
	at com.kms.katalon.core.main.TestCaseExecutor.processExecutionPhase(TestCaseExecutor.java:418)
	at com.kms.katalon.core.main.TestCaseExecutor.accessMainPhase(TestCaseExecutor.java:410)
	at com.kms.katalon.core.main.TestCaseExecutor.execute(TestCaseExecutor.java:285)
	at com.kms.katalon.core.common.CommonExecutor.accessTestCaseMainPhase(CommonExecutor.java:65)
	at com.kms.katalon.core.main.TestSuiteExecutor.accessTestSuiteMainPhase(TestSuiteExecutor.java:151)
	at com.kms.katalon.core.main.TestSuiteExecutor.execute(TestSuiteExecutor.java:106)
	at com.kms.katalon.core.main.TestCaseMain.startTestSuite(TestCaseMain.java:185)
	at com.kms.katalon.core.main.TestCaseMain$startTestSuite$0.call(Unknown Source)
	at TempTestSuite1678383366099.run(TempTestSuite1678383366099.groovy:36)
Caused by: com.kms.katalon.core.webui.exception.WebElementNotFoundException: Web element with id: 'Object Repository/2-OBJECTS TAREAS SECUNDARIAS/Pruebas Compensación/Formato_actos_administrativos/span_Cambio puesto' located by '//*/text()[normalize-space(.)='Cambio puesto']/parent::*' not found
	at com.kms.katalon.core.webui.common.WebUiCommonHelper.findWebElement(WebUiCommonHelper.java:1370)
	at com.kms.katalon.core.webui.keyword.internal.WebUIAbstractKeyword.findWebElement(WebUIAbstractKeyword.groovy:27)
	at com.kms.katalon.core.webui.keyword.builtin.ClickKeyword$_click_closure1.doCall(ClickKeyword.groovy:65)
	at com.kms.katalon.core.webui.keyword.builtin.ClickKeyword$_click_closure1.call(ClickKeyword.groovy)
	at com.kms.katalon.core.webui.keyword.internal.WebUIKeywordMain.runKeyword(WebUIKeywordMain.groovy:20)
	... 19 more]]></system-err>
      </testcase>
      <testcase name="Test Cases/1.2-Tareas_Secundarias/A.2-Pruebas_planta_personal/12.1.1-Crear_una_unidad" time="32.2" classname="Test Cases/1.2-Tareas_Secundarias/A.2-Pruebas_planta_personal/12.1.1-Crear_una_unidad" status="PASSED">
         <system-out><![CDATA[2023-03-09 13:54:31 - [TEST_CASE][PASSED] - Test Cases/1.2-Tareas_Secundarias/A.2-Pruebas_planta_personal/12.1.1-Crear_una_unidad: Test Cases/1.2-Tareas_Secundarias/A.2-Pruebas_planta_personal/12.1.1-Crear_una_unidad

2023-03-09 13:54:31 - [TEST_STEP][PASSED] - callTestCase(findTestCase("0.1-Login"), [:], STOP_ON_FAILURE): Call Test Case 'Test Cases/0.1-Login' successfully

2023-03-09 13:54:31 - [TEST_CASE][PASSED] - Test Cases/0.1-Login: Test Cases/0.1-Login

2023-03-09 13:54:31 - [TEST_STEP][PASSED] - openBrowser(""): Browser is opened with url: ''

2023-03-09 13:54:31 - [MESSAGE][WARNING] - A browser is already opened. Closing browser and opening a new one

2023-03-09 13:54:32 - [MESSAGE][INFO] - Starting 'Chrome' driver

2023-03-09 13:54:32 - [MESSAGE][INFO] - Action delay is set to 0 milliseconds

2023-03-09 13:54:33 - [MESSAGE][PASSED] - Browser is opened with url: ''

2023-03-09 13:54:33 - [TEST_STEP][PASSED] - maximizeWindow(): Current window maximized

2023-03-09 13:54:33 - [MESSAGE][PASSED] - Current window maximized

2023-03-09 13:54:33 - [TEST_STEP][PASSED] - i = G_Login: null

2023-03-09 13:54:33 - [TEST_STEP][PASSED] - url = new java.net.URL(i): null

2023-03-09 13:54:33 - [TEST_STEP][PASSED] - println("URL: " + url.toString()): null

2023-03-09 13:54:33 - [TEST_STEP][PASSED] - connection = url.openConnection(): null

2023-03-09 13:54:33 - [TEST_STEP][PASSED] - connection.setRequestMethod("GET"): null

2023-03-09 13:54:33 - [TEST_STEP][PASSED] - connection.setReadTimeout(2 * 1000): null

2023-03-09 13:54:33 - [TEST_STEP][PASSED] - try: null

2023-03-09 13:54:33 - [TEST_STEP][PASSED] - connection.connect(): null

2023-03-09 13:54:33 - [TEST_STEP][PASSED] - flag = connected: null

2023-03-09 13:54:33 - [TEST_STEP][PASSED] - println("Valor_ori: " + flag): null

2023-03-09 13:54:33 - [TEST_STEP][PASSED] - if (flag): null

2023-03-09 13:54:33 - [TEST_STEP][PASSED] - navigateToUrl(i): Navigate to 'http://192.168.2.19:7001/saraweb' successfully

2023-03-09 13:54:35 - [MESSAGE][PASSED] - Navigate to 'http://192.168.2.19:7001/saraweb' successfully

2023-03-09 13:54:35 - [TEST_STEP][PASSED] - a(): null

2023-03-09 13:54:35 - [TEST_STEP][PASSED] - if (waitForElementVisible(findTestObject("3-OBJECTS UTILIDADES/Login/input_USUARIO_loginusuario"), 0)): null

2023-03-09 13:54:35 - [MESSAGE][WARNING] - Timeout '0' is invalid. Using default page load timeout: '37'

2023-03-09 13:54:35 - [MESSAGE][PASSED] - Object 'Object Repository/3-OBJECTS UTILIDADES/Login/input_USUARIO_loginusuario' is visible

2023-03-09 13:54:35 - [TEST_STEP][PASSED] - switchToWindowTitle("SARA"): Switched to window with title: 'SARA'

2023-03-09 13:54:35 - [MESSAGE][PASSED] - Switched to window with title: 'SARA'

2023-03-09 13:54:35 - [TEST_STEP][PASSED] - zoom(): null

2023-03-09 13:54:35 - [TEST_STEP][PASSED] - robot = new java.awt.Robot(): null

2023-03-09 13:54:35 - [TEST_STEP][PASSED] - robot.keyPress(VK_CONTROL): null

2023-03-09 13:54:35 - [TEST_STEP][PASSED] - robot.keyPress(VK_SUBTRACT): null

2023-03-09 13:54:35 - [TEST_STEP][PASSED] - robot.keyRelease(VK_CONTROL): null

2023-03-09 13:54:35 - [TEST_STEP][PASSED] - robot.keyRelease(VK_SUBTRACT): null

2023-03-09 13:54:35 - [TEST_STEP][PASSED] - robot.keyPress(VK_CONTROL): null

2023-03-09 13:54:35 - [TEST_STEP][PASSED] - robot.keyPress(VK_SUBTRACT): null

2023-03-09 13:54:35 - [TEST_STEP][PASSED] - robot.keyRelease(VK_CONTROL): null

2023-03-09 13:54:35 - [TEST_STEP][PASSED] - robot.keyRelease(VK_SUBTRACT): null

2023-03-09 13:54:35 - [TEST_STEP][PASSED] - robot.keyPress(VK_CONTROL): null

2023-03-09 13:54:35 - [TEST_STEP][PASSED] - robot.keyPress(VK_SUBTRACT): null

2023-03-09 13:54:35 - [TEST_STEP][PASSED] - robot.keyRelease(VK_CONTROL): null

2023-03-09 13:54:35 - [TEST_STEP][PASSED] - robot.keyRelease(VK_SUBTRACT): null

2023-03-09 13:54:35 - [TEST_STEP][PASSED] - robot.keyRelease(VK_CONTROL): null

2023-03-09 13:54:35 - [TEST_STEP][PASSED] - robot.keyRelease(VK_SUBTRACT): null

2023-03-09 13:54:35 - [TEST_STEP][PASSED] - setText(findTestObject("3-OBJECTS UTILIDADES/Login/input_USUARIO_loginusuario"), G_Usuario): Text 'weblogic' is set on object 'Object Repository/3-OBJECTS UTILIDADES/Login/input_USUARIO_loginusuario'

2023-03-09 13:54:36 - [MESSAGE][PASSED] - Text 'weblogic' is set on object 'Object Repository/3-OBJECTS UTILIDADES/Login/input_USUARIO_loginusuario'

2023-03-09 13:54:36 - [TEST_STEP][PASSED] - setEncryptedText(findTestObject("3-OBJECTS UTILIDADES/Login/input_CLAVE_loginpassword"), "SlAwMcyRKqrwbnzhAs8HhT6NnI7sEyng"): Text ****** has been set on object 'Object Repository/3-OBJECTS UTILIDADES/Login/input_CLAVE_loginpassword'

2023-03-09 13:54:39 - [MESSAGE][PASSED] - Text ****** has been set on object 'Object Repository/3-OBJECTS UTILIDADES/Login/input_CLAVE_loginpassword'

2023-03-09 13:54:39 - [TEST_STEP][PASSED] - while (waitForElementClickable(findTestObject("3-OBJECTS UTILIDADES/Login/a_Ingresar"), 1)): Web element with id: 'Object Repository/3-OBJECTS UTILIDADES/Login/a_Ingresar' located by '//a[contains(text(),'Ingresar')]' not found

2023-03-09 13:54:41 - [MESSAGE][INFO] - Unable to find the element located by 'By.xpath: //a[contains(text(),'Ingresar')]'. Please recheck the objects properties to make sure the desired element is located. 

2023-03-09 13:54:41 - [MESSAGE][WARNING] - Web element with id: 'Object Repository/3-OBJECTS UTILIDADES/Login/a_Ingresar' located by '//a[contains(text(),'Ingresar')]' not found

2023-03-09 13:54:41 - [MESSAGE][PASSED] - Call Test Case 'Test Cases/0.1-Login' successfully

2023-03-09 13:54:41 - [TEST_STEP][PASSED] - setText(findTestObject("2-OBJECTS TAREAS SECUNDARIAS/Pruebas planta personal/Crear_una_unidad/input_Empresa 1_form_templatej_idt24_input"), "planta personal (tal)"): Text 'planta personal (tal)' is set on object 'Object Repository/2-OBJECTS TAREAS SECUNDARIAS/Pruebas planta personal/Crear_una_unidad/input_Empresa 1_form_templatej_idt24_input'

2023-03-09 13:54:42 - [MESSAGE][PASSED] - Text 'planta personal (tal)' is set on object 'Object Repository/2-OBJECTS TAREAS SECUNDARIAS/Pruebas planta personal/Crear_una_unidad/input_Empresa 1_form_templatej_idt24_input'

2023-03-09 13:54:42 - [TEST_STEP][PASSED] - click(findTestObject("2-OBJECTS TAREAS SECUNDARIAS/Pruebas planta personal/Crear_una_unidad/span_Planta Personal (tal)")): Object: 'Object Repository/2-OBJECTS TAREAS SECUNDARIAS/Pruebas planta personal/Crear_una_unidad/span_Planta Personal (tal)' is clicked on

2023-03-09 13:54:44 - [MESSAGE][PASSED] - Object: 'Object Repository/2-OBJECTS TAREAS SECUNDARIAS/Pruebas planta personal/Crear_una_unidad/span_Planta Personal (tal)' is clicked on

2023-03-09 13:54:44 - [TEST_STEP][PASSED] - click(findTestObject("2-OBJECTS TAREAS SECUNDARIAS/Pruebas planta personal/Crear_una_unidad/span_Administracion")): Object: 'Object Repository/2-OBJECTS TAREAS SECUNDARIAS/Pruebas planta personal/Crear_una_unidad/span_Administracion' is clicked on

2023-03-09 13:54:47 - [MESSAGE][PASSED] - Object: 'Object Repository/2-OBJECTS TAREAS SECUNDARIAS/Pruebas planta personal/Crear_una_unidad/span_Administracion' is clicked on

2023-03-09 13:54:47 - [TEST_STEP][PASSED] - if (waitForElementVisible(findTestObject("2-OBJECTS TAREAS SECUNDARIAS/Pruebas planta personal/Crear_una_unidad/span_Pruebas  Katalon1"), 1)): null

2023-03-09 13:54:48 - [MESSAGE][PASSED] - Object 'Object Repository/2-OBJECTS TAREAS SECUNDARIAS/Pruebas planta personal/Crear_una_unidad/span_Pruebas  Katalon1' is visible

2023-03-09 13:54:48 - [TEST_STEP][PASSED] - click(findTestObject("2-OBJECTS TAREAS SECUNDARIAS/Pruebas planta personal/Crear_una_unidad/span_Pruebas  Katalon1")): Object: 'Object Repository/2-OBJECTS TAREAS SECUNDARIAS/Pruebas planta personal/Crear_una_unidad/span_Pruebas  Katalon1' is clicked on

2023-03-09 13:54:48 - [MESSAGE][PASSED] - Object: 'Object Repository/2-OBJECTS TAREAS SECUNDARIAS/Pruebas planta personal/Crear_una_unidad/span_Pruebas  Katalon1' is clicked on

2023-03-09 13:54:48 - [TEST_STEP][PASSED] - click(findTestObject("2-OBJECTS TAREAS SECUNDARIAS/Pruebas planta personal/Crear_una_unidad/span_No Relacionado_ui-button-icon-left ui-icon ui-c ui-icon-triangle-1-s")): Object: 'Object Repository/2-OBJECTS TAREAS SECUNDARIAS/Pruebas planta personal/Crear_una_unidad/span_No Relacionado_ui-button-icon-left ui-icon ui-c ui-icon-triangle-1-s' is clicked on

2023-03-09 13:54:49 - [MESSAGE][PASSED] - Object: 'Object Repository/2-OBJECTS TAREAS SECUNDARIAS/Pruebas planta personal/Crear_una_unidad/span_No Relacionado_ui-button-icon-left ui-icon ui-c ui-icon-triangle-1-s' is clicked on

2023-03-09 13:54:49 - [TEST_STEP][PASSED] - click(findTestObject("2-OBJECTS TAREAS SECUNDARIAS/Pruebas planta personal/Crear_una_unidad/span_Organigrama1")): Object: 'Object Repository/2-OBJECTS TAREAS SECUNDARIAS/Pruebas planta personal/Crear_una_unidad/span_Organigrama1' is clicked on

2023-03-09 13:54:49 - [MESSAGE][PASSED] - Object: 'Object Repository/2-OBJECTS TAREAS SECUNDARIAS/Pruebas planta personal/Crear_una_unidad/span_Organigrama1' is clicked on

2023-03-09 13:54:49 - [TEST_STEP][PASSED] - click(findTestObject("2-OBJECTS TAREAS SECUNDARIAS/Pruebas planta personal/Crear_una_unidad/a_QAS_organigramaj_idt1420modificar")): Object: 'Object Repository/2-OBJECTS TAREAS SECUNDARIAS/Pruebas planta personal/Crear_una_unidad/a_QAS_organigramaj_idt1420modificar' is clicked on

2023-03-09 13:54:50 - [MESSAGE][PASSED] - Object: 'Object Repository/2-OBJECTS TAREAS SECUNDARIAS/Pruebas planta personal/Crear_una_unidad/a_QAS_organigramaj_idt1420modificar' is clicked on

2023-03-09 13:54:50 - [TEST_STEP][PASSED] - click(findTestObject("2-OBJECTS TAREAS SECUNDARIAS/Pruebas planta personal/Crear_una_unidad/a_Eliminar1")): Object: 'Object Repository/2-OBJECTS TAREAS SECUNDARIAS/Pruebas planta personal/Crear_una_unidad/a_Eliminar1' is clicked on

2023-03-09 13:54:51 - [MESSAGE][PASSED] - Object: 'Object Repository/2-OBJECTS TAREAS SECUNDARIAS/Pruebas planta personal/Crear_una_unidad/a_Eliminar1' is clicked on

2023-03-09 13:54:51 - [TEST_STEP][PASSED] - click(findTestObject("2-OBJECTS TAREAS SECUNDARIAS/Pruebas planta personal/Crear_una_unidad/span_Si1")): Object: 'Object Repository/2-OBJECTS TAREAS SECUNDARIAS/Pruebas planta personal/Crear_una_unidad/span_Si1' is clicked on

2023-03-09 13:54:52 - [MESSAGE][PASSED] - Object: 'Object Repository/2-OBJECTS TAREAS SECUNDARIAS/Pruebas planta personal/Crear_una_unidad/span_Si1' is clicked on

2023-03-09 13:54:52 - [TEST_STEP][PASSED] - click(findTestObject("2-OBJECTS TAREAS SECUNDARIAS/Pruebas planta personal/Crear_una_unidad/span_Administracion")): Object: 'Object Repository/2-OBJECTS TAREAS SECUNDARIAS/Pruebas planta personal/Crear_una_unidad/span_Administracion' is clicked on

2023-03-09 13:54:53 - [MESSAGE][PASSED] - Object: 'Object Repository/2-OBJECTS TAREAS SECUNDARIAS/Pruebas planta personal/Crear_una_unidad/span_Administracion' is clicked on

2023-03-09 13:54:53 - [TEST_STEP][PASSED] - click(findTestObject("2-OBJECTS TAREAS SECUNDARIAS/Pruebas planta personal/Crear_una_unidad/span_No Relacionado_ui-button-icon-left ui-icon ui-c ui-icon-triangle-1-s")): Object: 'Object Repository/2-OBJECTS TAREAS SECUNDARIAS/Pruebas planta personal/Crear_una_unidad/span_No Relacionado_ui-button-icon-left ui-icon ui-c ui-icon-triangle-1-s' is clicked on

2023-03-09 13:54:54 - [MESSAGE][PASSED] - Object: 'Object Repository/2-OBJECTS TAREAS SECUNDARIAS/Pruebas planta personal/Crear_una_unidad/span_No Relacionado_ui-button-icon-left ui-icon ui-c ui-icon-triangle-1-s' is clicked on

2023-03-09 13:54:54 - [TEST_STEP][PASSED] - click(findTestObject("2-OBJECTS TAREAS SECUNDARIAS/Pruebas planta personal/Crear_una_unidad/span_Organigrama")): Object: 'Object Repository/2-OBJECTS TAREAS SECUNDARIAS/Pruebas planta personal/Crear_una_unidad/span_Organigrama' is clicked on

2023-03-09 13:54:54 - [MESSAGE][PASSED] - Object: 'Object Repository/2-OBJECTS TAREAS SECUNDARIAS/Pruebas planta personal/Crear_una_unidad/span_Organigrama' is clicked on

2023-03-09 13:54:54 - [TEST_STEP][PASSED] - Result = getText(findTestObject("2-OBJECTS TAREAS SECUNDARIAS/Pruebas planta personal/Crear_una_unidad/span_Pruebas  Katalon")): Text of object 'Object Repository/2-OBJECTS TAREAS SECUNDARIAS/Pruebas planta personal/Crear_una_unidad/span_Pruebas  Katalon' is: 'UNIDAD NUEVA1'

2023-03-09 13:54:55 - [MESSAGE][PASSED] - Text of object 'Object Repository/2-OBJECTS TAREAS SECUNDARIAS/Pruebas planta personal/Crear_una_unidad/span_Pruebas  Katalon' is: 'UNIDAD NUEVA1'

2023-03-09 13:54:55 - [TEST_STEP][PASSED] - if (Result == "Pruebas Katalon"): null

2023-03-09 13:54:55 - [TEST_STEP][PASSED] - click(findTestObject("2-OBJECTS TAREAS SECUNDARIAS/Pruebas planta personal/Crear_una_unidad/a_Organigrama_organigramacrearUnidad")): Object: 'Object Repository/2-OBJECTS TAREAS SECUNDARIAS/Pruebas planta personal/Crear_una_unidad/a_Organigrama_organigramacrearUnidad' is clicked on

2023-03-09 13:54:55 - [MESSAGE][PASSED] - Object: 'Object Repository/2-OBJECTS TAREAS SECUNDARIAS/Pruebas planta personal/Crear_una_unidad/a_Organigrama_organigramacrearUnidad' is clicked on

2023-03-09 13:54:55 - [TEST_STEP][PASSED] - setText(findTestObject("2-OBJECTS TAREAS SECUNDARIAS/Pruebas planta personal/Crear_una_unidad/input_Unidad Organizacional_popupUnidadOrganizacional_formcodigoUnidadPopup"), "27"): Text '27' is set on object 'Object Repository/2-OBJECTS TAREAS SECUNDARIAS/Pruebas planta personal/Crear_una_unidad/input_Unidad Organizacional_popupUnidadOrganizacional_formcodigoUnidadPopup'

2023-03-09 13:54:57 - [MESSAGE][PASSED] - Text '27' is set on object 'Object Repository/2-OBJECTS TAREAS SECUNDARIAS/Pruebas planta personal/Crear_una_unidad/input_Unidad Organizacional_popupUnidadOrganizacional_formcodigoUnidadPopup'

2023-03-09 13:54:57 - [TEST_STEP][PASSED] - selectOptionByIndex(findTestObject("2-OBJECTS TAREAS SECUNDARIAS/Pruebas planta personal/Crear_una_unidad/select_--Seleccione Tipo Unidad--COORDINACIONPRESIDENCIAVICEPRESIDENCIA"), 5): All options with index in [5] are selected on object 'Object Repository/2-OBJECTS TAREAS SECUNDARIAS/Pruebas planta personal/Crear_una_unidad/select_--Seleccione Tipo Unidad--COORDINACIONPRESIDENCIAVICEPRESIDENCIA'

2023-03-09 13:54:58 - [MESSAGE][PASSED] - All options with index in [5] are selected on object 'Object Repository/2-OBJECTS TAREAS SECUNDARIAS/Pruebas planta personal/Crear_una_unidad/select_--Seleccione Tipo Unidad--COORDINACIONPRESIDENCIAVICEPRESIDENCIA'

2023-03-09 13:54:58 - [TEST_STEP][PASSED] - setText(findTestObject("2-OBJECTS TAREAS SECUNDARIAS/Pruebas planta personal/Crear_una_unidad/input_Descripcin_popupUnidadOrganizacional_formnombreUnidadPopup"), "Pruebas  Katalon"): Text 'Pruebas  Katalon' is set on object 'Object Repository/2-OBJECTS TAREAS SECUNDARIAS/Pruebas planta personal/Crear_una_unidad/input_Descripcin_popupUnidadOrganizacional_formnombreUnidadPopup'

2023-03-09 13:54:59 - [MESSAGE][PASSED] - Text 'Pruebas  Katalon' is set on object 'Object Repository/2-OBJECTS TAREAS SECUNDARIAS/Pruebas planta personal/Crear_una_unidad/input_Descripcin_popupUnidadOrganizacional_formnombreUnidadPopup'

2023-03-09 13:54:59 - [TEST_STEP][PASSED] - selectOptionByIndex(findTestObject("2-OBJECTS TAREAS SECUNDARIAS/Pruebas planta personal/Crear_una_unidad/select_--Seleccione Sucursal--NO RELACIONADABOGOTA"), 2): All options with index in [2] are selected on object 'Object Repository/2-OBJECTS TAREAS SECUNDARIAS/Pruebas planta personal/Crear_una_unidad/select_--Seleccione Sucursal--NO RELACIONADABOGOTA'

2023-03-09 13:55:00 - [MESSAGE][PASSED] - All options with index in [2] are selected on object 'Object Repository/2-OBJECTS TAREAS SECUNDARIAS/Pruebas planta personal/Crear_una_unidad/select_--Seleccione Sucursal--NO RELACIONADABOGOTA'

2023-03-09 13:55:00 - [TEST_STEP][PASSED] - selectOptionByIndex(findTestObject("2-OBJECTS TAREAS SECUNDARIAS/Pruebas planta personal/Crear_una_unidad/select_--Seleccione el Estado--SINO"), 1): All options with index in [1] are selected on object 'Object Repository/2-OBJECTS TAREAS SECUNDARIAS/Pruebas planta personal/Crear_una_unidad/select_--Seleccione el Estado--SINO'

2023-03-09 13:55:01 - [MESSAGE][PASSED] - All options with index in [1] are selected on object 'Object Repository/2-OBJECTS TAREAS SECUNDARIAS/Pruebas planta personal/Crear_una_unidad/select_--Seleccione el Estado--SINO'

2023-03-09 13:55:01 - [TEST_STEP][PASSED] - click(findTestObject("2-OBJECTS TAREAS SECUNDARIAS/Pruebas planta personal/Crear_una_unidad/a_Actualizar")): Object: 'Object Repository/2-OBJECTS TAREAS SECUNDARIAS/Pruebas planta personal/Crear_una_unidad/a_Actualizar' is clicked on

2023-03-09 13:55:02 - [MESSAGE][PASSED] - Object: 'Object Repository/2-OBJECTS TAREAS SECUNDARIAS/Pruebas planta personal/Crear_una_unidad/a_Actualizar' is clicked on

2023-03-09 13:55:02 - [TEST_STEP][PASSED] - Result0 = getText(findTestObject("3-OBJECTS UTILIDADES/Alerta/Alerta")): Text of object 'Object Repository/3-OBJECTS UTILIDADES/Alerta/Alerta' is: 'Se guardo exitosamente el registro'

2023-03-09 13:55:03 - [MESSAGE][PASSED] - Text of object 'Object Repository/3-OBJECTS UTILIDADES/Alerta/Alerta' is: 'Se guardo exitosamente el registro'

2023-03-09 13:55:03 - [TEST_STEP][PASSED] - if (Result0 == "Se guardo exitosamente el registro"): null

2023-03-09 13:55:03 - [TEST_STEP][PASSED] - Resultado0 = "PRUEBA OK": null]]></system-out>
         <system-err><![CDATA[]]></system-err>
      </testcase>
      <testcase name="Test Cases/1.2-Tareas_Secundarias/A.2-Pruebas_planta_personal/12.1.2-Crear_una_unidad_transversal" time="27.063" classname="Test Cases/1.2-Tareas_Secundarias/A.2-Pruebas_planta_personal/12.1.2-Crear_una_unidad_transversal" status="PASSED">
         <system-out><![CDATA[2023-03-09 13:55:03 - [TEST_CASE][PASSED] - Test Cases/1.2-Tareas_Secundarias/A.2-Pruebas_planta_personal/12.1.2-Crear_una_unidad_transversal: Test Cases/1.2-Tareas_Secundarias/A.2-Pruebas_planta_personal/12.1.2-Crear_una_unidad_transversal

2023-03-09 13:55:03 - [TEST_STEP][PASSED] - callTestCase(findTestCase("0.1-Login"), [:], STOP_ON_FAILURE): Call Test Case 'Test Cases/0.1-Login' successfully

2023-03-09 13:55:03 - [TEST_CASE][PASSED] - Test Cases/0.1-Login: Test Cases/0.1-Login

2023-03-09 13:55:03 - [TEST_STEP][PASSED] - openBrowser(""): Browser is opened with url: ''

2023-03-09 13:55:03 - [MESSAGE][WARNING] - A browser is already opened. Closing browser and opening a new one

2023-03-09 13:55:04 - [MESSAGE][INFO] - Starting 'Chrome' driver

2023-03-09 13:55:04 - [MESSAGE][INFO] - Action delay is set to 0 milliseconds

2023-03-09 13:55:05 - [MESSAGE][PASSED] - Browser is opened with url: ''

2023-03-09 13:55:05 - [TEST_STEP][PASSED] - maximizeWindow(): Current window maximized

2023-03-09 13:55:06 - [MESSAGE][PASSED] - Current window maximized

2023-03-09 13:55:06 - [TEST_STEP][PASSED] - i = G_Login: null

2023-03-09 13:55:06 - [TEST_STEP][PASSED] - url = new java.net.URL(i): null

2023-03-09 13:55:06 - [TEST_STEP][PASSED] - println("URL: " + url.toString()): null

2023-03-09 13:55:06 - [TEST_STEP][PASSED] - connection = url.openConnection(): null

2023-03-09 13:55:06 - [TEST_STEP][PASSED] - connection.setRequestMethod("GET"): null

2023-03-09 13:55:06 - [TEST_STEP][PASSED] - connection.setReadTimeout(2 * 1000): null

2023-03-09 13:55:06 - [TEST_STEP][PASSED] - try: null

2023-03-09 13:55:06 - [TEST_STEP][PASSED] - connection.connect(): null

2023-03-09 13:55:06 - [TEST_STEP][PASSED] - flag = connected: null

2023-03-09 13:55:06 - [TEST_STEP][PASSED] - println("Valor_ori: " + flag): null

2023-03-09 13:55:06 - [TEST_STEP][PASSED] - if (flag): null

2023-03-09 13:55:06 - [TEST_STEP][PASSED] - navigateToUrl(i): Navigate to 'http://192.168.2.19:7001/saraweb' successfully

2023-03-09 13:55:07 - [MESSAGE][PASSED] - Navigate to 'http://192.168.2.19:7001/saraweb' successfully

2023-03-09 13:55:07 - [TEST_STEP][PASSED] - a(): null

2023-03-09 13:55:07 - [TEST_STEP][PASSED] - if (waitForElementVisible(findTestObject("3-OBJECTS UTILIDADES/Login/input_USUARIO_loginusuario"), 0)): null

2023-03-09 13:55:07 - [MESSAGE][WARNING] - Timeout '0' is invalid. Using default page load timeout: '37'

2023-03-09 13:55:07 - [MESSAGE][PASSED] - Object 'Object Repository/3-OBJECTS UTILIDADES/Login/input_USUARIO_loginusuario' is visible

2023-03-09 13:55:07 - [TEST_STEP][PASSED] - switchToWindowTitle("SARA"): Switched to window with title: 'SARA'

2023-03-09 13:55:07 - [MESSAGE][PASSED] - Switched to window with title: 'SARA'

2023-03-09 13:55:07 - [TEST_STEP][PASSED] - zoom(): null

2023-03-09 13:55:07 - [TEST_STEP][PASSED] - robot = new java.awt.Robot(): null

2023-03-09 13:55:07 - [TEST_STEP][PASSED] - robot.keyPress(VK_CONTROL): null

2023-03-09 13:55:07 - [TEST_STEP][PASSED] - robot.keyPress(VK_SUBTRACT): null

2023-03-09 13:55:07 - [TEST_STEP][PASSED] - robot.keyRelease(VK_CONTROL): null

2023-03-09 13:55:07 - [TEST_STEP][PASSED] - robot.keyRelease(VK_SUBTRACT): null

2023-03-09 13:55:07 - [TEST_STEP][PASSED] - robot.keyPress(VK_CONTROL): null

2023-03-09 13:55:07 - [TEST_STEP][PASSED] - robot.keyPress(VK_SUBTRACT): null

2023-03-09 13:55:07 - [TEST_STEP][PASSED] - robot.keyRelease(VK_CONTROL): null

2023-03-09 13:55:07 - [TEST_STEP][PASSED] - robot.keyRelease(VK_SUBTRACT): null

2023-03-09 13:55:07 - [TEST_STEP][PASSED] - robot.keyPress(VK_CONTROL): null

2023-03-09 13:55:07 - [TEST_STEP][PASSED] - robot.keyPress(VK_SUBTRACT): null

2023-03-09 13:55:07 - [TEST_STEP][PASSED] - robot.keyRelease(VK_CONTROL): null

2023-03-09 13:55:07 - [TEST_STEP][PASSED] - robot.keyRelease(VK_SUBTRACT): null

2023-03-09 13:55:07 - [TEST_STEP][PASSED] - robot.keyRelease(VK_CONTROL): null

2023-03-09 13:55:07 - [TEST_STEP][PASSED] - robot.keyRelease(VK_SUBTRACT): null

2023-03-09 13:55:07 - [TEST_STEP][PASSED] - setText(findTestObject("3-OBJECTS UTILIDADES/Login/input_USUARIO_loginusuario"), G_Usuario): Text 'weblogic' is set on object 'Object Repository/3-OBJECTS UTILIDADES/Login/input_USUARIO_loginusuario'

2023-03-09 13:55:08 - [MESSAGE][PASSED] - Text 'weblogic' is set on object 'Object Repository/3-OBJECTS UTILIDADES/Login/input_USUARIO_loginusuario'

2023-03-09 13:55:08 - [TEST_STEP][PASSED] - setEncryptedText(findTestObject("3-OBJECTS UTILIDADES/Login/input_CLAVE_loginpassword"), "SlAwMcyRKqrwbnzhAs8HhT6NnI7sEyng"): Text ****** has been set on object 'Object Repository/3-OBJECTS UTILIDADES/Login/input_CLAVE_loginpassword'

2023-03-09 13:55:11 - [MESSAGE][PASSED] - Text ****** has been set on object 'Object Repository/3-OBJECTS UTILIDADES/Login/input_CLAVE_loginpassword'

2023-03-09 13:55:11 - [TEST_STEP][PASSED] - while (waitForElementClickable(findTestObject("3-OBJECTS UTILIDADES/Login/a_Ingresar"), 1)): Web element with id: 'Object Repository/3-OBJECTS UTILIDADES/Login/a_Ingresar' located by '//a[contains(text(),'Ingresar')]' not found

2023-03-09 13:55:14 - [MESSAGE][INFO] - Unable to find the element located by 'By.xpath: //a[contains(text(),'Ingresar')]'. Please recheck the objects properties to make sure the desired element is located. 

2023-03-09 13:55:14 - [MESSAGE][WARNING] - Web element with id: 'Object Repository/3-OBJECTS UTILIDADES/Login/a_Ingresar' located by '//a[contains(text(),'Ingresar')]' not found

2023-03-09 13:55:14 - [MESSAGE][PASSED] - Call Test Case 'Test Cases/0.1-Login' successfully

2023-03-09 13:55:14 - [TEST_STEP][PASSED] - setText(findTestObject("2-OBJECTS TAREAS SECUNDARIAS/Pruebas planta personal/Crear_una_unidad_transversal/input_Empresa 1_form_templatej_idt24_input"), "planta personal (tal)"): Text 'planta personal (tal)' is set on object 'Object Repository/2-OBJECTS TAREAS SECUNDARIAS/Pruebas planta personal/Crear_una_unidad_transversal/input_Empresa 1_form_templatej_idt24_input'

2023-03-09 13:55:14 - [MESSAGE][PASSED] - Text 'planta personal (tal)' is set on object 'Object Repository/2-OBJECTS TAREAS SECUNDARIAS/Pruebas planta personal/Crear_una_unidad_transversal/input_Empresa 1_form_templatej_idt24_input'

2023-03-09 13:55:14 - [TEST_STEP][PASSED] - click(findTestObject("2-OBJECTS TAREAS SECUNDARIAS/Pruebas planta personal/Crear_una_unidad/span_Planta Personal (tal)")): Object: 'Object Repository/2-OBJECTS TAREAS SECUNDARIAS/Pruebas planta personal/Crear_una_unidad/span_Planta Personal (tal)' is clicked on

2023-03-09 13:55:16 - [MESSAGE][PASSED] - Object: 'Object Repository/2-OBJECTS TAREAS SECUNDARIAS/Pruebas planta personal/Crear_una_unidad/span_Planta Personal (tal)' is clicked on

2023-03-09 13:55:16 - [TEST_STEP][PASSED] - click(findTestObject("2-OBJECTS TAREAS SECUNDARIAS/Pruebas planta personal/Crear_una_unidad_transversal/span_Administracion")): Object: 'Object Repository/2-OBJECTS TAREAS SECUNDARIAS/Pruebas planta personal/Crear_una_unidad_transversal/span_Administracion' is clicked on

2023-03-09 13:55:18 - [MESSAGE][PASSED] - Object: 'Object Repository/2-OBJECTS TAREAS SECUNDARIAS/Pruebas planta personal/Crear_una_unidad_transversal/span_Administracion' is clicked on

2023-03-09 13:55:18 - [TEST_STEP][PASSED] - click(findTestObject("2-OBJECTS TAREAS SECUNDARIAS/Pruebas planta personal/Crear_una_unidad_transversal/span_Pruebas  Katalon")): Object: 'Object Repository/2-OBJECTS TAREAS SECUNDARIAS/Pruebas planta personal/Crear_una_unidad_transversal/span_Pruebas  Katalon' is clicked on

2023-03-09 13:55:19 - [MESSAGE][PASSED] - Object: 'Object Repository/2-OBJECTS TAREAS SECUNDARIAS/Pruebas planta personal/Crear_una_unidad_transversal/span_Pruebas  Katalon' is clicked on

2023-03-09 13:55:19 - [TEST_STEP][PASSED] - click(findTestObject("2-OBJECTS TAREAS SECUNDARIAS/Pruebas planta personal/Crear_una_unidad/span_No Relacionado_ui-button-icon-left ui-icon ui-c ui-icon-triangle-1-s")): Object: 'Object Repository/2-OBJECTS TAREAS SECUNDARIAS/Pruebas planta personal/Crear_una_unidad/span_No Relacionado_ui-button-icon-left ui-icon ui-c ui-icon-triangle-1-s' is clicked on

2023-03-09 13:55:20 - [MESSAGE][PASSED] - Object: 'Object Repository/2-OBJECTS TAREAS SECUNDARIAS/Pruebas planta personal/Crear_una_unidad/span_No Relacionado_ui-button-icon-left ui-icon ui-c ui-icon-triangle-1-s' is clicked on

2023-03-09 13:55:20 - [TEST_STEP][PASSED] - click(findTestObject("2-OBJECTS TAREAS SECUNDARIAS/Pruebas planta personal/Crear_una_unidad/span_Organigrama")): Object: 'Object Repository/2-OBJECTS TAREAS SECUNDARIAS/Pruebas planta personal/Crear_una_unidad/span_Organigrama' is clicked on

2023-03-09 13:55:20 - [MESSAGE][PASSED] - Object: 'Object Repository/2-OBJECTS TAREAS SECUNDARIAS/Pruebas planta personal/Crear_una_unidad/span_Organigrama' is clicked on

2023-03-09 13:55:20 - [TEST_STEP][PASSED] - if (waitForElementVisible(findTestObject("2-OBJECTS TAREAS SECUNDARIAS/Pruebas planta personal/Crear_una_unidad_transversal/span_QAS"), 1)): null

2023-03-09 13:55:21 - [MESSAGE][PASSED] - Object 'Object Repository/2-OBJECTS TAREAS SECUNDARIAS/Pruebas planta personal/Crear_una_unidad_transversal/span_QAS' is visible

2023-03-09 13:55:21 - [TEST_STEP][PASSED] - click(findTestObject("2-OBJECTS TAREAS SECUNDARIAS/Pruebas planta personal/Crear_una_unidad_transversal/a_QAS_organigramaj_idt1420modificar")): Object: 'Object Repository/2-OBJECTS TAREAS SECUNDARIAS/Pruebas planta personal/Crear_una_unidad_transversal/a_QAS_organigramaj_idt1420modificar' is clicked on

2023-03-09 13:55:21 - [MESSAGE][PASSED] - Object: 'Object Repository/2-OBJECTS TAREAS SECUNDARIAS/Pruebas planta personal/Crear_una_unidad_transversal/a_QAS_organigramaj_idt1420modificar' is clicked on

2023-03-09 13:55:21 - [TEST_STEP][PASSED] - click(findTestObject("2-OBJECTS TAREAS SECUNDARIAS/Pruebas planta personal/Crear_una_unidad_transversal/a_Eliminar")): Object: 'Object Repository/2-OBJECTS TAREAS SECUNDARIAS/Pruebas planta personal/Crear_una_unidad_transversal/a_Eliminar' is clicked on

2023-03-09 13:55:23 - [MESSAGE][PASSED] - Object: 'Object Repository/2-OBJECTS TAREAS SECUNDARIAS/Pruebas planta personal/Crear_una_unidad_transversal/a_Eliminar' is clicked on

2023-03-09 13:55:23 - [TEST_STEP][PASSED] - click(findTestObject("2-OBJECTS TAREAS SECUNDARIAS/Pruebas planta personal/Crear_una_unidad_transversal/span_Si")): Object: 'Object Repository/2-OBJECTS TAREAS SECUNDARIAS/Pruebas planta personal/Crear_una_unidad_transversal/span_Si' is clicked on

2023-03-09 13:55:23 - [MESSAGE][PASSED] - Object: 'Object Repository/2-OBJECTS TAREAS SECUNDARIAS/Pruebas planta personal/Crear_una_unidad_transversal/span_Si' is clicked on

2023-03-09 13:55:23 - [TEST_STEP][PASSED] - click(findTestObject("2-OBJECTS TAREAS SECUNDARIAS/Pruebas planta personal/Crear_una_unidad_transversal/a_Organigrama_organigramacrearUnidadTransversal")): Object: 'Object Repository/2-OBJECTS TAREAS SECUNDARIAS/Pruebas planta personal/Crear_una_unidad_transversal/a_Organigrama_organigramacrearUnidadTransversal' is clicked on

2023-03-09 13:55:24 - [MESSAGE][PASSED] - Object: 'Object Repository/2-OBJECTS TAREAS SECUNDARIAS/Pruebas planta personal/Crear_una_unidad_transversal/a_Organigrama_organigramacrearUnidadTransversal' is clicked on

2023-03-09 13:55:24 - [TEST_STEP][PASSED] - selectOptionByIndex(findTestObject("2-OBJECTS TAREAS SECUNDARIAS/Pruebas planta personal/Crear_una_unidad_transversal/select_--Seleccione Unidad Transicional--3            - CALIDAD1"), 5): All options with index in [5] are selected on object 'Object Repository/2-OBJECTS TAREAS SECUNDARIAS/Pruebas planta personal/Crear_una_unidad_transversal/select_--Seleccione Unidad Transicional--3            - CALIDAD1'

2023-03-09 13:55:26 - [MESSAGE][PASSED] - All options with index in [5] are selected on object 'Object Repository/2-OBJECTS TAREAS SECUNDARIAS/Pruebas planta personal/Crear_una_unidad_transversal/select_--Seleccione Unidad Transicional--3            - CALIDAD1'

2023-03-09 13:55:26 - [TEST_STEP][PASSED] - selectOptionByIndex(findTestObject("2-OBJECTS TAREAS SECUNDARIAS/Pruebas planta personal/Crear_una_unidad_transversal/select_--Seleccione Sucursal--NO RELACIONADABOGOTA"), 2): All options with index in [2] are selected on object 'Object Repository/2-OBJECTS TAREAS SECUNDARIAS/Pruebas planta personal/Crear_una_unidad_transversal/select_--Seleccione Sucursal--NO RELACIONADABOGOTA'

2023-03-09 13:55:27 - [MESSAGE][PASSED] - All options with index in [2] are selected on object 'Object Repository/2-OBJECTS TAREAS SECUNDARIAS/Pruebas planta personal/Crear_una_unidad_transversal/select_--Seleccione Sucursal--NO RELACIONADABOGOTA'

2023-03-09 13:55:27 - [TEST_STEP][PASSED] - selectOptionByIndex(findTestObject("2-OBJECTS TAREAS SECUNDARIAS/Pruebas planta personal/Crear_una_unidad_transversal/select_--Seleccione el Estado--SINO"), 1): All options with index in [1] are selected on object 'Object Repository/2-OBJECTS TAREAS SECUNDARIAS/Pruebas planta personal/Crear_una_unidad_transversal/select_--Seleccione el Estado--SINO'

2023-03-09 13:55:28 - [MESSAGE][PASSED] - All options with index in [1] are selected on object 'Object Repository/2-OBJECTS TAREAS SECUNDARIAS/Pruebas planta personal/Crear_una_unidad_transversal/select_--Seleccione el Estado--SINO'

2023-03-09 13:55:28 - [TEST_STEP][PASSED] - click(findTestObject("2-OBJECTS TAREAS SECUNDARIAS/Pruebas planta personal/Crear_una_unidad_transversal/a_Actualizar")): Object: 'Object Repository/2-OBJECTS TAREAS SECUNDARIAS/Pruebas planta personal/Crear_una_unidad_transversal/a_Actualizar' is clicked on

2023-03-09 13:55:28 - [MESSAGE][PASSED] - Object: 'Object Repository/2-OBJECTS TAREAS SECUNDARIAS/Pruebas planta personal/Crear_una_unidad_transversal/a_Actualizar' is clicked on

2023-03-09 13:55:28 - [TEST_STEP][PASSED] - Result = getText(findTestObject("3-OBJECTS UTILIDADES/Alerta/Alerta")): Text of object 'Object Repository/3-OBJECTS UTILIDADES/Alerta/Alerta' is: 'Se guardo exitosamente el registro'

2023-03-09 13:55:29 - [MESSAGE][PASSED] - Text of object 'Object Repository/3-OBJECTS UTILIDADES/Alerta/Alerta' is: 'Se guardo exitosamente el registro'

2023-03-09 13:55:29 - [TEST_STEP][PASSED] - if (Result == "Se guardo exitosamente el registro"): Browser is closed

2023-03-09 13:55:29 - [TEST_STEP][PASSED] - Resultado = "PRUEBA OK": null

2023-03-09 13:55:29 - [TEST_STEP][PASSED] - closeBrowser(): Browser is closed

2023-03-09 13:55:30 - [MESSAGE][PASSED] - Browser is closed]]></system-out>
         <system-err><![CDATA[]]></system-err>
      </testcase>
      <testcase name="Test Cases/1.2-Tareas_Secundarias/A.2-Pruebas_planta_personal/12.1.3-Crear_un_puesto_de_trabajo_y_buscar_puesto" time="52.545" classname="Test Cases/1.2-Tareas_Secundarias/A.2-Pruebas_planta_personal/12.1.3-Crear_un_puesto_de_trabajo_y_buscar_puesto" status="PASSED">
         <system-out><![CDATA[2023-03-09 13:55:30 - [TEST_CASE][PASSED] - Test Cases/1.2-Tareas_Secundarias/A.2-Pruebas_planta_personal/12.1.3-Crear_un_puesto_de_trabajo_y_buscar_puesto: Test Cases/1.2-Tareas_Secundarias/A.2-Pruebas_planta_personal/12.1.3-Crear_un_puesto_de_trabajo_y_buscar_puesto

2023-03-09 13:55:30 - [TEST_STEP][PASSED] - callTestCase(findTestCase("0.1-Login"), [:], STOP_ON_FAILURE): Call Test Case 'Test Cases/0.1-Login' successfully

2023-03-09 13:55:30 - [TEST_CASE][PASSED] - Test Cases/0.1-Login: Test Cases/0.1-Login

2023-03-09 13:55:30 - [TEST_STEP][PASSED] - openBrowser(""): Browser is opened with url: ''

2023-03-09 13:55:30 - [MESSAGE][INFO] - Starting 'Chrome' driver

2023-03-09 13:55:30 - [MESSAGE][INFO] - Action delay is set to 0 milliseconds

2023-03-09 13:55:32 - [MESSAGE][PASSED] - Browser is opened with url: ''

2023-03-09 13:55:32 - [TEST_STEP][PASSED] - maximizeWindow(): Current window maximized

2023-03-09 13:55:32 - [MESSAGE][PASSED] - Current window maximized

2023-03-09 13:55:32 - [TEST_STEP][PASSED] - i = G_Login: null

2023-03-09 13:55:32 - [TEST_STEP][PASSED] - url = new java.net.URL(i): null

2023-03-09 13:55:32 - [TEST_STEP][PASSED] - println("URL: " + url.toString()): null

2023-03-09 13:55:32 - [TEST_STEP][PASSED] - connection = url.openConnection(): null

2023-03-09 13:55:32 - [TEST_STEP][PASSED] - connection.setRequestMethod("GET"): null

2023-03-09 13:55:32 - [TEST_STEP][PASSED] - connection.setReadTimeout(2 * 1000): null

2023-03-09 13:55:32 - [TEST_STEP][PASSED] - try: null

2023-03-09 13:55:32 - [TEST_STEP][PASSED] - connection.connect(): null

2023-03-09 13:55:32 - [TEST_STEP][PASSED] - flag = connected: null

2023-03-09 13:55:32 - [TEST_STEP][PASSED] - println("Valor_ori: " + flag): null

2023-03-09 13:55:32 - [TEST_STEP][PASSED] - if (flag): null

2023-03-09 13:55:32 - [TEST_STEP][PASSED] - navigateToUrl(i): Navigate to 'http://192.168.2.19:7001/saraweb' successfully

2023-03-09 13:55:33 - [MESSAGE][PASSED] - Navigate to 'http://192.168.2.19:7001/saraweb' successfully

2023-03-09 13:55:33 - [TEST_STEP][PASSED] - a(): null

2023-03-09 13:55:33 - [TEST_STEP][PASSED] - if (waitForElementVisible(findTestObject("3-OBJECTS UTILIDADES/Login/input_USUARIO_loginusuario"), 0)): null

2023-03-09 13:55:33 - [MESSAGE][WARNING] - Timeout '0' is invalid. Using default page load timeout: '37'

2023-03-09 13:55:34 - [MESSAGE][PASSED] - Object 'Object Repository/3-OBJECTS UTILIDADES/Login/input_USUARIO_loginusuario' is visible

2023-03-09 13:55:34 - [TEST_STEP][PASSED] - switchToWindowTitle("SARA"): Switched to window with title: 'SARA'

2023-03-09 13:55:34 - [MESSAGE][PASSED] - Switched to window with title: 'SARA'

2023-03-09 13:55:34 - [TEST_STEP][PASSED] - zoom(): null

2023-03-09 13:55:34 - [TEST_STEP][PASSED] - robot = new java.awt.Robot(): null

2023-03-09 13:55:34 - [TEST_STEP][PASSED] - robot.keyPress(VK_CONTROL): null

2023-03-09 13:55:34 - [TEST_STEP][PASSED] - robot.keyPress(VK_SUBTRACT): null

2023-03-09 13:55:34 - [TEST_STEP][PASSED] - robot.keyRelease(VK_CONTROL): null

2023-03-09 13:55:34 - [TEST_STEP][PASSED] - robot.keyRelease(VK_SUBTRACT): null

2023-03-09 13:55:34 - [TEST_STEP][PASSED] - robot.keyPress(VK_CONTROL): null

2023-03-09 13:55:34 - [TEST_STEP][PASSED] - robot.keyPress(VK_SUBTRACT): null

2023-03-09 13:55:34 - [TEST_STEP][PASSED] - robot.keyRelease(VK_CONTROL): null

2023-03-09 13:55:34 - [TEST_STEP][PASSED] - robot.keyRelease(VK_SUBTRACT): null

2023-03-09 13:55:34 - [TEST_STEP][PASSED] - robot.keyPress(VK_CONTROL): null

2023-03-09 13:55:34 - [TEST_STEP][PASSED] - robot.keyPress(VK_SUBTRACT): null

2023-03-09 13:55:34 - [TEST_STEP][PASSED] - robot.keyRelease(VK_CONTROL): null

2023-03-09 13:55:34 - [TEST_STEP][PASSED] - robot.keyRelease(VK_SUBTRACT): null

2023-03-09 13:55:34 - [TEST_STEP][PASSED] - robot.keyRelease(VK_CONTROL): null

2023-03-09 13:55:34 - [TEST_STEP][PASSED] - robot.keyRelease(VK_SUBTRACT): null

2023-03-09 13:55:34 - [TEST_STEP][PASSED] - setText(findTestObject("3-OBJECTS UTILIDADES/Login/input_USUARIO_loginusuario"), G_Usuario): Text 'weblogic' is set on object 'Object Repository/3-OBJECTS UTILIDADES/Login/input_USUARIO_loginusuario'

2023-03-09 13:55:34 - [MESSAGE][PASSED] - Text 'weblogic' is set on object 'Object Repository/3-OBJECTS UTILIDADES/Login/input_USUARIO_loginusuario'

2023-03-09 13:55:34 - [TEST_STEP][PASSED] - setEncryptedText(findTestObject("3-OBJECTS UTILIDADES/Login/input_CLAVE_loginpassword"), "SlAwMcyRKqrwbnzhAs8HhT6NnI7sEyng"): Text ****** has been set on object 'Object Repository/3-OBJECTS UTILIDADES/Login/input_CLAVE_loginpassword'

2023-03-09 13:55:37 - [MESSAGE][PASSED] - Text ****** has been set on object 'Object Repository/3-OBJECTS UTILIDADES/Login/input_CLAVE_loginpassword'

2023-03-09 13:55:37 - [TEST_STEP][PASSED] - while (waitForElementClickable(findTestObject("3-OBJECTS UTILIDADES/Login/a_Ingresar"), 1)): Web element with id: 'Object Repository/3-OBJECTS UTILIDADES/Login/a_Ingresar' located by '//a[contains(text(),'Ingresar')]' not found

2023-03-09 13:55:40 - [MESSAGE][INFO] - Unable to find the element located by 'By.xpath: //a[contains(text(),'Ingresar')]'. Please recheck the objects properties to make sure the desired element is located. 

2023-03-09 13:55:40 - [MESSAGE][WARNING] - Web element with id: 'Object Repository/3-OBJECTS UTILIDADES/Login/a_Ingresar' located by '//a[contains(text(),'Ingresar')]' not found

2023-03-09 13:55:40 - [MESSAGE][PASSED] - Call Test Case 'Test Cases/0.1-Login' successfully

2023-03-09 13:55:40 - [TEST_STEP][PASSED] - setText(findTestObject("2-OBJECTS TAREAS SECUNDARIAS/Pruebas planta personal/Crear_un_puesto_de_trabajo/input_Empresa 1_form_templatej_idt24_input"), "Planta personal (tal)"): Text 'Planta personal (tal)' is set on object 'Object Repository/2-OBJECTS TAREAS SECUNDARIAS/Pruebas planta personal/Crear_un_puesto_de_trabajo/input_Empresa 1_form_templatej_idt24_input'

2023-03-09 13:55:40 - [MESSAGE][PASSED] - Text 'Planta personal (tal)' is set on object 'Object Repository/2-OBJECTS TAREAS SECUNDARIAS/Pruebas planta personal/Crear_un_puesto_de_trabajo/input_Empresa 1_form_templatej_idt24_input'

2023-03-09 13:55:40 - [TEST_STEP][PASSED] - click(findTestObject("2-OBJECTS TAREAS SECUNDARIAS/Pruebas planta personal/Crear_un_puesto_de_trabajo/span_Planta Personal (tal)")): Object: 'Object Repository/2-OBJECTS TAREAS SECUNDARIAS/Pruebas planta personal/Crear_un_puesto_de_trabajo/span_Planta Personal (tal)' is clicked on

2023-03-09 13:55:42 - [MESSAGE][PASSED] - Object: 'Object Repository/2-OBJECTS TAREAS SECUNDARIAS/Pruebas planta personal/Crear_un_puesto_de_trabajo/span_Planta Personal (tal)' is clicked on

2023-03-09 13:55:42 - [TEST_STEP][PASSED] - click(findTestObject("2-OBJECTS TAREAS SECUNDARIAS/Pruebas planta personal/Crear_un_puesto_de_trabajo/span_Administracion")): Object: 'Object Repository/2-OBJECTS TAREAS SECUNDARIAS/Pruebas planta personal/Crear_un_puesto_de_trabajo/span_Administracion' is clicked on

2023-03-09 13:55:45 - [MESSAGE][PASSED] - Object: 'Object Repository/2-OBJECTS TAREAS SECUNDARIAS/Pruebas planta personal/Crear_un_puesto_de_trabajo/span_Administracion' is clicked on

2023-03-09 13:55:45 - [TEST_STEP][PASSED] - click(findTestObject("2-OBJECTS TAREAS SECUNDARIAS/Pruebas planta personal/Crear_un_puesto_de_trabajo/span_Posicion")): Object: 'Object Repository/2-OBJECTS TAREAS SECUNDARIAS/Pruebas planta personal/Crear_un_puesto_de_trabajo/span_Posicion' is clicked on

2023-03-09 13:55:46 - [MESSAGE][PASSED] - Object: 'Object Repository/2-OBJECTS TAREAS SECUNDARIAS/Pruebas planta personal/Crear_un_puesto_de_trabajo/span_Posicion' is clicked on

2023-03-09 13:55:46 - [TEST_STEP][PASSED] - click(findTestObject("2-OBJECTS TAREAS SECUNDARIAS/Pruebas planta personal/Crear_un_puesto_de_trabajo/span_Administracion")): Object: 'Object Repository/2-OBJECTS TAREAS SECUNDARIAS/Pruebas planta personal/Crear_un_puesto_de_trabajo/span_Administracion' is clicked on

2023-03-09 13:55:47 - [MESSAGE][PASSED] - Object: 'Object Repository/2-OBJECTS TAREAS SECUNDARIAS/Pruebas planta personal/Crear_un_puesto_de_trabajo/span_Administracion' is clicked on

2023-03-09 13:55:47 - [TEST_STEP][PASSED] - click(findTestObject("2-OBJECTS TAREAS SECUNDARIAS/Pruebas planta personal/Crear_un_puesto_de_trabajo/a_Posicion_organigramanuevoPuestoTrabajo")): Object: 'Object Repository/2-OBJECTS TAREAS SECUNDARIAS/Pruebas planta personal/Crear_un_puesto_de_trabajo/a_Posicion_organigramanuevoPuestoTrabajo' is clicked on

2023-03-09 13:55:48 - [MESSAGE][PASSED] - Object: 'Object Repository/2-OBJECTS TAREAS SECUNDARIAS/Pruebas planta personal/Crear_un_puesto_de_trabajo/a_Posicion_organigramanuevoPuestoTrabajo' is clicked on

2023-03-09 13:55:48 - [TEST_STEP][PASSED] - click(findTestObject("2-OBJECTS TAREAS SECUNDARIAS/Pruebas planta personal/Crear_un_puesto_de_trabajo/a_Cargo_datosPuestoTrabajo_formj_idt931")): Object: 'Object Repository/2-OBJECTS TAREAS SECUNDARIAS/Pruebas planta personal/Crear_un_puesto_de_trabajo/a_Cargo_datosPuestoTrabajo_formj_idt931' is clicked on

2023-03-09 13:55:49 - [MESSAGE][PASSED] - Object: 'Object Repository/2-OBJECTS TAREAS SECUNDARIAS/Pruebas planta personal/Crear_un_puesto_de_trabajo/a_Cargo_datosPuestoTrabajo_formj_idt931' is clicked on

2023-03-09 13:55:49 - [TEST_STEP][PASSED] - click(findTestObject("2-OBJECTS TAREAS SECUNDARIAS/Pruebas planta personal/Crear_un_puesto_de_trabajo/span_ABOGADO")): Object: 'Object Repository/2-OBJECTS TAREAS SECUNDARIAS/Pruebas planta personal/Crear_un_puesto_de_trabajo/span_ABOGADO' is clicked on

2023-03-09 13:55:50 - [MESSAGE][PASSED] - Object: 'Object Repository/2-OBJECTS TAREAS SECUNDARIAS/Pruebas planta personal/Crear_un_puesto_de_trabajo/span_ABOGADO' is clicked on

2023-03-09 13:55:50 - [TEST_STEP][PASSED] - selectOptionByIndex(findTestObject("2-OBJECTS TAREAS SECUNDARIAS/Pruebas planta personal/Crear_un_puesto_de_trabajo/select_-- Seleccione --Planta Dinamica                (1)Planta Fija                    (B1)"), 1): All options with index in [1] are selected on object 'Object Repository/2-OBJECTS TAREAS SECUNDARIAS/Pruebas planta personal/Crear_un_puesto_de_trabajo/select_-- Seleccione --Planta Dinamica                (1)Planta Fija                    (B1)'

2023-03-09 13:55:51 - [MESSAGE][PASSED] - All options with index in [1] are selected on object 'Object Repository/2-OBJECTS TAREAS SECUNDARIAS/Pruebas planta personal/Crear_un_puesto_de_trabajo/select_-- Seleccione --Planta Dinamica                (1)Planta Fija                    (B1)'

2023-03-09 13:55:51 - [TEST_STEP][PASSED] - selectOptionByIndex(findTestObject("2-OBJECTS TAREAS SECUNDARIAS/Pruebas planta personal/Crear_un_puesto_de_trabajo/select_-- Seleccione --Ampleado                       (Z3)Empleado                       (B3)Mapa"), 2): All options with index in [2] are selected on object 'Object Repository/2-OBJECTS TAREAS SECUNDARIAS/Pruebas planta personal/Crear_un_puesto_de_trabajo/select_-- Seleccione --Ampleado                       (Z3)Empleado                       (B3)Mapa'

2023-03-09 13:55:52 - [MESSAGE][PASSED] - All options with index in [2] are selected on object 'Object Repository/2-OBJECTS TAREAS SECUNDARIAS/Pruebas planta personal/Crear_un_puesto_de_trabajo/select_-- Seleccione --Ampleado                       (Z3)Empleado                       (B3)Mapa'

2023-03-09 13:55:52 - [TEST_STEP][PASSED] - selectOptionByIndex(findTestObject("2-OBJECTS TAREAS SECUNDARIAS/Pruebas planta personal/Crear_un_puesto_de_trabajo/select_-- Seleccione --BloqueadoEliminadoOcupado y disponible"), 6): All options with index in [6] are selected on object 'Object Repository/2-OBJECTS TAREAS SECUNDARIAS/Pruebas planta personal/Crear_un_puesto_de_trabajo/select_-- Seleccione --BloqueadoEliminadoOcupado y disponible'

2023-03-09 13:55:53 - [MESSAGE][PASSED] - All options with index in [6] are selected on object 'Object Repository/2-OBJECTS TAREAS SECUNDARIAS/Pruebas planta personal/Crear_un_puesto_de_trabajo/select_-- Seleccione --BloqueadoEliminadoOcupado y disponible'

2023-03-09 13:55:53 - [TEST_STEP][PASSED] - click(findTestObject("2-OBJECTS TAREAS SECUNDARIAS/Pruebas planta personal/Crear_un_puesto_de_trabajo/label_No es responsable de la Unidad")): Object: 'Object Repository/2-OBJECTS TAREAS SECUNDARIAS/Pruebas planta personal/Crear_un_puesto_de_trabajo/label_No es responsable de la Unidad' is clicked on

2023-03-09 13:55:54 - [MESSAGE][PASSED] - Object: 'Object Repository/2-OBJECTS TAREAS SECUNDARIAS/Pruebas planta personal/Crear_un_puesto_de_trabajo/label_No es responsable de la Unidad' is clicked on

2023-03-09 13:55:54 - [TEST_STEP][PASSED] - click(findTestObject("2-OBJECTS TAREAS SECUNDARIAS/Pruebas planta personal/Crear_un_puesto_de_trabajo/label_No")): Object: 'Object Repository/2-OBJECTS TAREAS SECUNDARIAS/Pruebas planta personal/Crear_un_puesto_de_trabajo/label_No' is clicked on

2023-03-09 13:55:54 - [MESSAGE][PASSED] - Object: 'Object Repository/2-OBJECTS TAREAS SECUNDARIAS/Pruebas planta personal/Crear_un_puesto_de_trabajo/label_No' is clicked on

2023-03-09 13:55:54 - [TEST_STEP][PASSED] - click(findTestObject("2-OBJECTS TAREAS SECUNDARIAS/Pruebas planta personal/Crear_un_puesto_de_trabajo/span_Actualizar")): Object: 'Object Repository/2-OBJECTS TAREAS SECUNDARIAS/Pruebas planta personal/Crear_un_puesto_de_trabajo/span_Actualizar' is clicked on

2023-03-09 13:55:55 - [MESSAGE][PASSED] - Object: 'Object Repository/2-OBJECTS TAREAS SECUNDARIAS/Pruebas planta personal/Crear_un_puesto_de_trabajo/span_Actualizar' is clicked on

2023-03-09 13:55:55 - [TEST_STEP][PASSED] - click(findTestObject("2-OBJECTS TAREAS SECUNDARIAS/Pruebas planta personal/Crear_un_puesto_de_trabajo/a_Zona Econmica_datosPuestoTrabajo_formj_idt1061")): Object: 'Object Repository/2-OBJECTS TAREAS SECUNDARIAS/Pruebas planta personal/Crear_un_puesto_de_trabajo/a_Zona Econmica_datosPuestoTrabajo_formj_idt1061' is clicked on

2023-03-09 13:55:55 - [MESSAGE][PASSED] - Object: 'Object Repository/2-OBJECTS TAREAS SECUNDARIAS/Pruebas planta personal/Crear_un_puesto_de_trabajo/a_Zona Econmica_datosPuestoTrabajo_formj_idt1061' is clicked on

2023-03-09 13:55:55 - [TEST_STEP][PASSED] - click(findTestObject("2-OBJECTS TAREAS SECUNDARIAS/Pruebas planta personal/Crear_un_puesto_de_trabajo/span_ADMINISTRATIVA")): Object: 'Object Repository/2-OBJECTS TAREAS SECUNDARIAS/Pruebas planta personal/Crear_un_puesto_de_trabajo/span_ADMINISTRATIVA' is clicked on

2023-03-09 13:55:56 - [MESSAGE][PASSED] - Object: 'Object Repository/2-OBJECTS TAREAS SECUNDARIAS/Pruebas planta personal/Crear_un_puesto_de_trabajo/span_ADMINISTRATIVA' is clicked on

2023-03-09 13:55:56 - [TEST_STEP][PASSED] - selectOptionByIndex(findTestObject("2-OBJECTS TAREAS SECUNDARIAS/Pruebas planta personal/Crear_un_puesto_de_trabajo/select_-- Seleccione empleados_lineacosto --ADMINISTRATIVO -- 1NO RELACIONADA"), 1): All options with index in [1] are selected on object 'Object Repository/2-OBJECTS TAREAS SECUNDARIAS/Pruebas planta personal/Crear_un_puesto_de_trabajo/select_-- Seleccione empleados_lineacosto --ADMINISTRATIVO -- 1NO RELACIONADA'

2023-03-09 13:55:57 - [MESSAGE][PASSED] - All options with index in [1] are selected on object 'Object Repository/2-OBJECTS TAREAS SECUNDARIAS/Pruebas planta personal/Crear_un_puesto_de_trabajo/select_-- Seleccione empleados_lineacosto --ADMINISTRATIVO -- 1NO RELACIONADA'

2023-03-09 13:55:57 - [TEST_STEP][PASSED] - selectOptionByLabel(findTestObject("2-OBJECTS TAREAS SECUNDARIAS/Pruebas planta personal/Crear_un_puesto_de_trabajo/select_-- Seleccione Ubicacin Fsica --ABEJORRALABREGOACACIASACANDIACEVEDOACHIAGRADO"), "BOGOTÁ", false): All options with label 'BOGOTÁ' are selected in object 'Object Repository/2-OBJECTS TAREAS SECUNDARIAS/Pruebas planta personal/Crear_un_puesto_de_trabajo/select_-- Seleccione Ubicacin Fsica --ABEJORRALABREGOACACIASACANDIACEVEDOACHIAGRADO' 

2023-03-09 13:55:58 - [MESSAGE][PASSED] - All options with label 'BOGOTÁ' are selected in object 'Object Repository/2-OBJECTS TAREAS SECUNDARIAS/Pruebas planta personal/Crear_un_puesto_de_trabajo/select_-- Seleccione Ubicacin Fsica --ABEJORRALABREGOACACIASACANDIACEVEDOACHIAGRADO' 

2023-03-09 13:55:58 - [TEST_STEP][PASSED] - selectOptionByIndex(findTestObject("2-OBJECTS TAREAS SECUNDARIAS/Pruebas planta personal/Crear_un_puesto_de_trabajo/select_2120 HORAS1240 HORAS0NO DEFINIDO61Pensin"), 2): All options with index in [2] are selected on object 'Object Repository/2-OBJECTS TAREAS SECUNDARIAS/Pruebas planta personal/Crear_un_puesto_de_trabajo/select_2120 HORAS1240 HORAS0NO DEFINIDO61Pensin'

2023-03-09 13:55:59 - [MESSAGE][PASSED] - All options with index in [2] are selected on object 'Object Repository/2-OBJECTS TAREAS SECUNDARIAS/Pruebas planta personal/Crear_un_puesto_de_trabajo/select_2120 HORAS1240 HORAS0NO DEFINIDO61Pensin'

2023-03-09 13:55:59 - [TEST_STEP][PASSED] - selectOptionByIndex(findTestObject("2-OBJECTS TAREAS SECUNDARIAS/Pruebas planta personal/Crear_un_puesto_de_trabajo/select_12kataloonkataloonNOMINA CATORCENALNOMINA"), 3): All options with index in [3] are selected on object 'Object Repository/2-OBJECTS TAREAS SECUNDARIAS/Pruebas planta personal/Crear_un_puesto_de_trabajo/select_12kataloonkataloonNOMINA CATORCENALNOMINA'

2023-03-09 13:56:00 - [MESSAGE][PASSED] - All options with index in [3] are selected on object 'Object Repository/2-OBJECTS TAREAS SECUNDARIAS/Pruebas planta personal/Crear_un_puesto_de_trabajo/select_12kataloonkataloonNOMINA CATORCENALNOMINA'

2023-03-09 13:56:00 - [TEST_STEP][PASSED] - selectOptionByIndex(findTestObject("2-OBJECTS TAREAS SECUNDARIAS/Pruebas planta personal/Crear_un_puesto_de_trabajo/select_0.5APRENDIZ ETAPA LECTIVA6APRENDIZ ETAPA PRODUCTIVA"), 7): All options with index in [7] are selected on object 'Object Repository/2-OBJECTS TAREAS SECUNDARIAS/Pruebas planta personal/Crear_un_puesto_de_trabajo/select_0.5APRENDIZ ETAPA LECTIVA6APRENDIZ ETAPA PRODUCTIVA'

2023-03-09 13:56:01 - [MESSAGE][PASSED] - All options with index in [7] are selected on object 'Object Repository/2-OBJECTS TAREAS SECUNDARIAS/Pruebas planta personal/Crear_un_puesto_de_trabajo/select_0.5APRENDIZ ETAPA LECTIVA6APRENDIZ ETAPA PRODUCTIVA'

2023-03-09 13:56:01 - [TEST_STEP][PASSED] - selectOptionByIndex(findTestObject("2-OBJECTS TAREAS SECUNDARIAS/Pruebas planta personal/Crear_un_puesto_de_trabajo/select_ADMINISTRATIVOSAPRENDICESEMPLEADOFBROLESTSMECANICOS"), 1): All options with index in [1] are selected on object 'Object Repository/2-OBJECTS TAREAS SECUNDARIAS/Pruebas planta personal/Crear_un_puesto_de_trabajo/select_ADMINISTRATIVOSAPRENDICESEMPLEADOFBROLESTSMECANICOS'

2023-03-09 13:56:02 - [MESSAGE][PASSED] - All options with index in [1] are selected on object 'Object Repository/2-OBJECTS TAREAS SECUNDARIAS/Pruebas planta personal/Crear_un_puesto_de_trabajo/select_ADMINISTRATIVOSAPRENDICESEMPLEADOFBROLESTSMECANICOS'

2023-03-09 13:56:02 - [TEST_STEP][PASSED] - setText(findTestObject("2-OBJECTS TAREAS SECUNDARIAS/Pruebas planta personal/Crear_un_puesto_de_trabajo/input_Mesada_datosPuestoTrabajo_formsueldo"), "150000"): Text '150000' is set on object 'Object Repository/2-OBJECTS TAREAS SECUNDARIAS/Pruebas planta personal/Crear_un_puesto_de_trabajo/input_Mesada_datosPuestoTrabajo_formsueldo'

2023-03-09 13:56:03 - [MESSAGE][PASSED] - Text '150000' is set on object 'Object Repository/2-OBJECTS TAREAS SECUNDARIAS/Pruebas planta personal/Crear_un_puesto_de_trabajo/input_Mesada_datosPuestoTrabajo_formsueldo'

2023-03-09 13:56:03 - [TEST_STEP][PASSED] - click(findTestObject("2-OBJECTS TAREAS SECUNDARIAS/Pruebas planta personal/Crear_un_puesto_de_trabajo/span_Actualizar")): Object: 'Object Repository/2-OBJECTS TAREAS SECUNDARIAS/Pruebas planta personal/Crear_un_puesto_de_trabajo/span_Actualizar' is clicked on

2023-03-09 13:56:03 - [MESSAGE][PASSED] - Object: 'Object Repository/2-OBJECTS TAREAS SECUNDARIAS/Pruebas planta personal/Crear_un_puesto_de_trabajo/span_Actualizar' is clicked on

2023-03-09 13:56:03 - [TEST_STEP][PASSED] - Puesto = getAttribute(findTestObject("2-OBJECTS TAREAS SECUNDARIAS/Pruebas planta personal/Crear_un_puesto_de_trabajo/a_puesto"), "Value"): Attribute 'Value' of object 'Object Repository/2-OBJECTS TAREAS SECUNDARIAS/Pruebas planta personal/Crear_un_puesto_de_trabajo/a_puesto' is: '11012'

2023-03-09 13:56:04 - [MESSAGE][PASSED] - Attribute 'Value' of object 'Object Repository/2-OBJECTS TAREAS SECUNDARIAS/Pruebas planta personal/Crear_un_puesto_de_trabajo/a_puesto' is: '11012'

2023-03-09 13:56:04 - [TEST_STEP][PASSED] - setText(findTestObject("2-OBJECTS TAREAS SECUNDARIAS/Pruebas Compensación/Listado_Empleados/input_Empresa 1_form_templatej_idt24_input (1)"), "planta personal (tal)"): Text 'planta personal (tal)' is set on object 'Object Repository/2-OBJECTS TAREAS SECUNDARIAS/Pruebas Compensación/Listado_Empleados/input_Empresa 1_form_templatej_idt24_input (1)'

2023-03-09 13:56:05 - [MESSAGE][PASSED] - Text 'planta personal (tal)' is set on object 'Object Repository/2-OBJECTS TAREAS SECUNDARIAS/Pruebas Compensación/Listado_Empleados/input_Empresa 1_form_templatej_idt24_input (1)'

2023-03-09 13:56:05 - [TEST_STEP][PASSED] - click(findTestObject("2-OBJECTS TAREAS SECUNDARIAS/Pruebas planta personal/Buscar_puesto_de_trabajo/span_Planta Personal (ta")): Object: 'Object Repository/2-OBJECTS TAREAS SECUNDARIAS/Pruebas planta personal/Buscar_puesto_de_trabajo/span_Planta Personal (ta' is clicked on

2023-03-09 13:56:07 - [MESSAGE][PASSED] - Object: 'Object Repository/2-OBJECTS TAREAS SECUNDARIAS/Pruebas planta personal/Buscar_puesto_de_trabajo/span_Planta Personal (ta' is clicked on

2023-03-09 13:56:07 - [TEST_STEP][PASSED] - click(findTestObject("2-OBJECTS TAREAS SECUNDARIAS/Pruebas planta personal/Buscar_puesto_de_trabajo/a_Actos Administrativos_organigramabuscar")): Object: 'Object Repository/2-OBJECTS TAREAS SECUNDARIAS/Pruebas planta personal/Buscar_puesto_de_trabajo/a_Actos Administrativos_organigramabuscar' is clicked on

2023-03-09 13:56:10 - [MESSAGE][PASSED] - Object: 'Object Repository/2-OBJECTS TAREAS SECUNDARIAS/Pruebas planta personal/Buscar_puesto_de_trabajo/a_Actos Administrativos_organigramabuscar' is clicked on

2023-03-09 13:56:10 - [TEST_STEP][PASSED] - selectOptionByIndex(findTestObject("2-OBJECTS TAREAS SECUNDARIAS/Pruebas planta personal/Buscar_puesto_de_trabajo/select_--Seleccione--EmpleadoPuesto"), 2): All options with index in [2] are selected on object 'Object Repository/2-OBJECTS TAREAS SECUNDARIAS/Pruebas planta personal/Buscar_puesto_de_trabajo/select_--Seleccione--EmpleadoPuesto'

2023-03-09 13:56:11 - [MESSAGE][PASSED] - All options with index in [2] are selected on object 'Object Repository/2-OBJECTS TAREAS SECUNDARIAS/Pruebas planta personal/Buscar_puesto_de_trabajo/select_--Seleccione--EmpleadoPuesto'

2023-03-09 13:56:11 - [TEST_STEP][PASSED] - click(findTestObject("2-OBJECTS TAREAS SECUNDARIAS/Pruebas planta personal/Buscar_puesto_de_trabajo/a_Cargo_popupBusquedaPlantaj_idt279")): Object: 'Object Repository/2-OBJECTS TAREAS SECUNDARIAS/Pruebas planta personal/Buscar_puesto_de_trabajo/a_Cargo_popupBusquedaPlantaj_idt279' is clicked on

2023-03-09 13:56:12 - [MESSAGE][PASSED] - Object: 'Object Repository/2-OBJECTS TAREAS SECUNDARIAS/Pruebas planta personal/Buscar_puesto_de_trabajo/a_Cargo_popupBusquedaPlantaj_idt279' is clicked on

2023-03-09 13:56:12 - [TEST_STEP][PASSED] - click(findTestObject("2-OBJECTS TAREAS SECUNDARIAS/Pruebas planta personal/Buscar_puesto_de_trabajo/a_Unidad Organizacional_popupBusquedaPlantaj_idt274")): Object: 'Object Repository/2-OBJECTS TAREAS SECUNDARIAS/Pruebas planta personal/Buscar_puesto_de_trabajo/a_Unidad Organizacional_popupBusquedaPlantaj_idt274' is clicked on

2023-03-09 13:56:12 - [MESSAGE][PASSED] - Object: 'Object Repository/2-OBJECTS TAREAS SECUNDARIAS/Pruebas planta personal/Buscar_puesto_de_trabajo/a_Unidad Organizacional_popupBusquedaPlantaj_idt274' is clicked on

2023-03-09 13:56:12 - [TEST_STEP][PASSED] - setText(findTestObject("2-OBJECTS TAREAS SECUNDARIAS/Pruebas planta personal/Buscar_puesto_de_trabajo/input_Unidad_form_popupUnidadUsuarioj_idt880"), "administracion"): Text 'administracion' is set on object 'Object Repository/2-OBJECTS TAREAS SECUNDARIAS/Pruebas planta personal/Buscar_puesto_de_trabajo/input_Unidad_form_popupUnidadUsuarioj_idt880'

2023-03-09 13:56:13 - [MESSAGE][PASSED] - Text 'administracion' is set on object 'Object Repository/2-OBJECTS TAREAS SECUNDARIAS/Pruebas planta personal/Buscar_puesto_de_trabajo/input_Unidad_form_popupUnidadUsuarioj_idt880'

2023-03-09 13:56:13 - [TEST_STEP][PASSED] - sendKeys(findTestObject("2-OBJECTS TAREAS SECUNDARIAS/Pruebas planta personal/Buscar_puesto_de_trabajo/input_Unidad_form_popupUnidadUsuarioj_idt880"), Keys.chord(ENTER)): Keys 'ENTER + ' sent to object: 'Object Repository/2-OBJECTS TAREAS SECUNDARIAS/Pruebas planta personal/Buscar_puesto_de_trabajo/input_Unidad_form_popupUnidadUsuarioj_idt880'

2023-03-09 13:56:14 - [MESSAGE][PASSED] - Keys 'ENTER + ' sent to object: 'Object Repository/2-OBJECTS TAREAS SECUNDARIAS/Pruebas planta personal/Buscar_puesto_de_trabajo/input_Unidad_form_popupUnidadUsuarioj_idt880'

2023-03-09 13:56:14 - [TEST_STEP][PASSED] - click(findTestObject("2-OBJECTS TAREAS SECUNDARIAS/Pruebas planta personal/Buscar_puesto_de_trabajo/span_ADMINISTRACION")): Object: 'Object Repository/2-OBJECTS TAREAS SECUNDARIAS/Pruebas planta personal/Buscar_puesto_de_trabajo/span_ADMINISTRACION' is clicked on

2023-03-09 13:56:14 - [MESSAGE][PASSED] - Object: 'Object Repository/2-OBJECTS TAREAS SECUNDARIAS/Pruebas planta personal/Buscar_puesto_de_trabajo/span_ADMINISTRACION' is clicked on

2023-03-09 13:56:14 - [TEST_STEP][PASSED] - click(findTestObject("2-OBJECTS TAREAS SECUNDARIAS/Pruebas planta personal/Buscar_puesto_de_trabajo/a_Cargo_popupBusquedaPlantaj_idt2790")): Object: 'Object Repository/2-OBJECTS TAREAS SECUNDARIAS/Pruebas planta personal/Buscar_puesto_de_trabajo/a_Cargo_popupBusquedaPlantaj_idt2790' is clicked on

2023-03-09 13:56:15 - [MESSAGE][PASSED] - Object: 'Object Repository/2-OBJECTS TAREAS SECUNDARIAS/Pruebas planta personal/Buscar_puesto_de_trabajo/a_Cargo_popupBusquedaPlantaj_idt2790' is clicked on

2023-03-09 13:56:15 - [TEST_STEP][PASSED] - click(findTestObject("2-OBJECTS TAREAS SECUNDARIAS/Pruebas planta personal/Buscar_puesto_de_trabajo/span_ABOGADO")): Object: 'Object Repository/2-OBJECTS TAREAS SECUNDARIAS/Pruebas planta personal/Buscar_puesto_de_trabajo/span_ABOGADO' is clicked on

2023-03-09 13:56:16 - [MESSAGE][PASSED] - Object: 'Object Repository/2-OBJECTS TAREAS SECUNDARIAS/Pruebas planta personal/Buscar_puesto_de_trabajo/span_ABOGADO' is clicked on

2023-03-09 13:56:16 - [TEST_STEP][PASSED] - setText(findTestObject("2-OBJECTS TAREAS SECUNDARIAS/Pruebas planta personal/Buscar_puesto_de_trabajo/input_Buscar"), Puesto): Text '11012' is set on object 'Object Repository/2-OBJECTS TAREAS SECUNDARIAS/Pruebas planta personal/Buscar_puesto_de_trabajo/input_Buscar'

2023-03-09 13:56:17 - [MESSAGE][PASSED] - Text '11012' is set on object 'Object Repository/2-OBJECTS TAREAS SECUNDARIAS/Pruebas planta personal/Buscar_puesto_de_trabajo/input_Buscar'

2023-03-09 13:56:17 - [TEST_STEP][PASSED] - sendKeys(findTestObject("2-OBJECTS TAREAS SECUNDARIAS/Pruebas planta personal/Buscar_puesto_de_trabajo/input_Buscar"), Keys.chord(ENTER)): Keys 'ENTER + ' sent to object: 'Object Repository/2-OBJECTS TAREAS SECUNDARIAS/Pruebas planta personal/Buscar_puesto_de_trabajo/input_Buscar'

2023-03-09 13:56:17 - [MESSAGE][PASSED] - Keys 'ENTER + ' sent to object: 'Object Repository/2-OBJECTS TAREAS SECUNDARIAS/Pruebas planta personal/Buscar_puesto_de_trabajo/input_Buscar'

2023-03-09 13:56:17 - [TEST_STEP][PASSED] - click(findTestObject("2-OBJECTS TAREAS SECUNDARIAS/Pruebas planta personal/Buscar_puesto_de_trabajo/span_20139    - Abogado")): Object: 'Object Repository/2-OBJECTS TAREAS SECUNDARIAS/Pruebas planta personal/Buscar_puesto_de_trabajo/span_20139    - Abogado' is clicked on

2023-03-09 13:56:18 - [MESSAGE][PASSED] - Object: 'Object Repository/2-OBJECTS TAREAS SECUNDARIAS/Pruebas planta personal/Buscar_puesto_de_trabajo/span_20139    - Abogado' is clicked on

2023-03-09 13:56:18 - [TEST_STEP][PASSED] - click(findTestObject("2-OBJECTS TAREAS SECUNDARIAS/Pruebas planta personal/Buscar_puesto_de_trabajo/a_Abogado_organigramaj_idt113")): Object: 'Object Repository/2-OBJECTS TAREAS SECUNDARIAS/Pruebas planta personal/Buscar_puesto_de_trabajo/a_Abogado_organigramaj_idt113' is clicked on

2023-03-09 13:56:20 - [MESSAGE][PASSED] - Object: 'Object Repository/2-OBJECTS TAREAS SECUNDARIAS/Pruebas planta personal/Buscar_puesto_de_trabajo/a_Abogado_organigramaj_idt113' is clicked on

2023-03-09 13:56:20 - [TEST_STEP][PASSED] - scrollToElement(findTestObject("2-OBJECTS TAREAS SECUNDARIAS/Pruebas planta personal/Crear_un_puesto_de_trabajo/a_puesto"), 0): Scroll to object 'Object Repository/2-OBJECTS TAREAS SECUNDARIAS/Pruebas planta personal/Crear_un_puesto_de_trabajo/a_puesto' successfully

2023-03-09 13:56:20 - [MESSAGE][WARNING] - Timeout '0' is invalid. Using default page load timeout: '37'

2023-03-09 13:56:21 - [MESSAGE][PASSED] - Scroll to object 'Object Repository/2-OBJECTS TAREAS SECUNDARIAS/Pruebas planta personal/Crear_un_puesto_de_trabajo/a_puesto' successfully

2023-03-09 13:56:21 - [TEST_STEP][PASSED] - if (waitForElementVisible(findTestObject("2-OBJECTS TAREAS SECUNDARIAS/Pruebas planta personal/Crear_un_puesto_de_trabajo/a_puesto"), 1)): null

2023-03-09 13:56:22 - [MESSAGE][PASSED] - Object 'Object Repository/2-OBJECTS TAREAS SECUNDARIAS/Pruebas planta personal/Crear_un_puesto_de_trabajo/a_puesto' is visible

2023-03-09 13:56:22 - [TEST_STEP][PASSED] - Resultado = "Prueba ok": null

2023-03-09 13:56:22 - [TEST_STEP][PASSED] - closeBrowser(): Browser is closed

2023-03-09 13:56:23 - [MESSAGE][PASSED] - Browser is closed]]></system-out>
         <system-err><![CDATA[]]></system-err>
      </testcase>
      <testcase name="Test Cases/1.2-Tareas_Secundarias/A.2-Pruebas_planta_personal/12.1.4-Ajuste_relación_(Encargos)" time="15.988" classname="Test Cases/1.2-Tareas_Secundarias/A.2-Pruebas_planta_personal/12.1.4-Ajuste_relación_(Encargos)" status="PASSED">
         <system-out><![CDATA[2023-03-09 13:56:23 - [TEST_CASE][PASSED] - Test Cases/1.2-Tareas_Secundarias/A.2-Pruebas_planta_personal/12.1.4-Ajuste_relación_(Encargos): Test Cases/1.2-Tareas_Secundarias/A.2-Pruebas_planta_personal/12.1.4-Ajuste_relación_(Encargos)

2023-03-09 13:56:23 - [TEST_STEP][PASSED] - callTestCase(findTestCase("0.1-Login"), [:], STOP_ON_FAILURE): Call Test Case 'Test Cases/0.1-Login' successfully

2023-03-09 13:56:23 - [TEST_CASE][PASSED] - Test Cases/0.1-Login: Test Cases/0.1-Login

2023-03-09 13:56:23 - [TEST_STEP][PASSED] - openBrowser(""): Browser is opened with url: ''

2023-03-09 13:56:23 - [MESSAGE][INFO] - Starting 'Chrome' driver

2023-03-09 13:56:23 - [MESSAGE][INFO] - Action delay is set to 0 milliseconds

2023-03-09 13:56:24 - [MESSAGE][PASSED] - Browser is opened with url: ''

2023-03-09 13:56:24 - [TEST_STEP][PASSED] - maximizeWindow(): Current window maximized

2023-03-09 13:56:24 - [MESSAGE][PASSED] - Current window maximized

2023-03-09 13:56:24 - [TEST_STEP][PASSED] - i = G_Login: null

2023-03-09 13:56:24 - [TEST_STEP][PASSED] - url = new java.net.URL(i): null

2023-03-09 13:56:24 - [TEST_STEP][PASSED] - println("URL: " + url.toString()): null

2023-03-09 13:56:24 - [TEST_STEP][PASSED] - connection = url.openConnection(): null

2023-03-09 13:56:24 - [TEST_STEP][PASSED] - connection.setRequestMethod("GET"): null

2023-03-09 13:56:24 - [TEST_STEP][PASSED] - connection.setReadTimeout(2 * 1000): null

2023-03-09 13:56:24 - [TEST_STEP][PASSED] - try: null

2023-03-09 13:56:24 - [TEST_STEP][PASSED] - connection.connect(): null

2023-03-09 13:56:24 - [TEST_STEP][PASSED] - flag = connected: null

2023-03-09 13:56:24 - [TEST_STEP][PASSED] - println("Valor_ori: " + flag): null

2023-03-09 13:56:24 - [TEST_STEP][PASSED] - if (flag): null

2023-03-09 13:56:24 - [TEST_STEP][PASSED] - navigateToUrl(i): Navigate to 'http://192.168.2.19:7001/saraweb' successfully

2023-03-09 13:56:26 - [MESSAGE][PASSED] - Navigate to 'http://192.168.2.19:7001/saraweb' successfully

2023-03-09 13:56:26 - [TEST_STEP][PASSED] - a(): null

2023-03-09 13:56:26 - [TEST_STEP][PASSED] - if (waitForElementVisible(findTestObject("3-OBJECTS UTILIDADES/Login/input_USUARIO_loginusuario"), 0)): null

2023-03-09 13:56:26 - [MESSAGE][WARNING] - Timeout '0' is invalid. Using default page load timeout: '37'

2023-03-09 13:56:26 - [MESSAGE][PASSED] - Object 'Object Repository/3-OBJECTS UTILIDADES/Login/input_USUARIO_loginusuario' is visible

2023-03-09 13:56:26 - [TEST_STEP][PASSED] - switchToWindowTitle("SARA"): Switched to window with title: 'SARA'

2023-03-09 13:56:26 - [MESSAGE][PASSED] - Switched to window with title: 'SARA'

2023-03-09 13:56:26 - [TEST_STEP][PASSED] - zoom(): null

2023-03-09 13:56:26 - [TEST_STEP][PASSED] - robot = new java.awt.Robot(): null

2023-03-09 13:56:26 - [TEST_STEP][PASSED] - robot.keyPress(VK_CONTROL): null

2023-03-09 13:56:26 - [TEST_STEP][PASSED] - robot.keyPress(VK_SUBTRACT): null

2023-03-09 13:56:26 - [TEST_STEP][PASSED] - robot.keyRelease(VK_CONTROL): null

2023-03-09 13:56:26 - [TEST_STEP][PASSED] - robot.keyRelease(VK_SUBTRACT): null

2023-03-09 13:56:26 - [TEST_STEP][PASSED] - robot.keyPress(VK_CONTROL): null

2023-03-09 13:56:26 - [TEST_STEP][PASSED] - robot.keyPress(VK_SUBTRACT): null

2023-03-09 13:56:26 - [TEST_STEP][PASSED] - robot.keyRelease(VK_CONTROL): null

2023-03-09 13:56:26 - [TEST_STEP][PASSED] - robot.keyRelease(VK_SUBTRACT): null

2023-03-09 13:56:26 - [TEST_STEP][PASSED] - robot.keyPress(VK_CONTROL): null

2023-03-09 13:56:26 - [TEST_STEP][PASSED] - robot.keyPress(VK_SUBTRACT): null

2023-03-09 13:56:26 - [TEST_STEP][PASSED] - robot.keyRelease(VK_CONTROL): null

2023-03-09 13:56:26 - [TEST_STEP][PASSED] - robot.keyRelease(VK_SUBTRACT): null

2023-03-09 13:56:26 - [TEST_STEP][PASSED] - robot.keyRelease(VK_CONTROL): null

2023-03-09 13:56:26 - [TEST_STEP][PASSED] - robot.keyRelease(VK_SUBTRACT): null

2023-03-09 13:56:26 - [TEST_STEP][PASSED] - setText(findTestObject("3-OBJECTS UTILIDADES/Login/input_USUARIO_loginusuario"), G_Usuario): Text 'weblogic' is set on object 'Object Repository/3-OBJECTS UTILIDADES/Login/input_USUARIO_loginusuario'

2023-03-09 13:56:27 - [MESSAGE][PASSED] - Text 'weblogic' is set on object 'Object Repository/3-OBJECTS UTILIDADES/Login/input_USUARIO_loginusuario'

2023-03-09 13:56:27 - [TEST_STEP][PASSED] - setEncryptedText(findTestObject("3-OBJECTS UTILIDADES/Login/input_CLAVE_loginpassword"), "SlAwMcyRKqrwbnzhAs8HhT6NnI7sEyng"): Text ****** has been set on object 'Object Repository/3-OBJECTS UTILIDADES/Login/input_CLAVE_loginpassword'

2023-03-09 13:56:30 - [MESSAGE][PASSED] - Text ****** has been set on object 'Object Repository/3-OBJECTS UTILIDADES/Login/input_CLAVE_loginpassword'

2023-03-09 13:56:30 - [TEST_STEP][PASSED] - while (waitForElementClickable(findTestObject("3-OBJECTS UTILIDADES/Login/a_Ingresar"), 1)): Web element with id: 'Object Repository/3-OBJECTS UTILIDADES/Login/a_Ingresar' located by '//a[contains(text(),'Ingresar')]' not found

2023-03-09 13:56:32 - [MESSAGE][INFO] - Unable to find the element located by 'By.xpath: //a[contains(text(),'Ingresar')]'. Please recheck the objects properties to make sure the desired element is located. 

2023-03-09 13:56:32 - [MESSAGE][WARNING] - Web element with id: 'Object Repository/3-OBJECTS UTILIDADES/Login/a_Ingresar' located by '//a[contains(text(),'Ingresar')]' not found

2023-03-09 13:56:32 - [MESSAGE][PASSED] - Call Test Case 'Test Cases/0.1-Login' successfully

2023-03-09 13:56:32 - [TEST_STEP][PASSED] - setText(findTestObject("2-OBJECTS TAREAS SECUNDARIAS/Pruebas Compensación/Listado_Empleados/input_Empresa 1_form_templatej_idt24_input (1)"), "Planta Personal (tal)"): Text 'Planta Personal (tal)' is set on object 'Object Repository/2-OBJECTS TAREAS SECUNDARIAS/Pruebas Compensación/Listado_Empleados/input_Empresa 1_form_templatej_idt24_input (1)'

2023-03-09 13:56:33 - [MESSAGE][PASSED] - Text 'Planta Personal (tal)' is set on object 'Object Repository/2-OBJECTS TAREAS SECUNDARIAS/Pruebas Compensación/Listado_Empleados/input_Empresa 1_form_templatej_idt24_input (1)'

2023-03-09 13:56:33 - [TEST_STEP][PASSED] - click(findTestObject("2-OBJECTS TAREAS SECUNDARIAS/Pruebas planta personal/Ajuste_relación_(Encargos)/span_Planta Personal (ta")): Object: 'Object Repository/2-OBJECTS TAREAS SECUNDARIAS/Pruebas planta personal/Ajuste_relación_(Encargos)/span_Planta Personal (ta' is clicked on

2023-03-09 13:56:34 - [MESSAGE][PASSED] - Object: 'Object Repository/2-OBJECTS TAREAS SECUNDARIAS/Pruebas planta personal/Ajuste_relación_(Encargos)/span_Planta Personal (ta' is clicked on

2023-03-09 13:56:34 - [TEST_STEP][PASSED] - click(findTestObject("2-OBJECTS TAREAS SECUNDARIAS/Pruebas planta personal/Ajuste_relación_(Encargos)/a_Actos Administrativos_organigramaajusterelacion")): Object: 'Object Repository/2-OBJECTS TAREAS SECUNDARIAS/Pruebas planta personal/Ajuste_relación_(Encargos)/a_Actos Administrativos_organigramaajusterelacion' is clicked on

2023-03-09 13:56:36 - [MESSAGE][PASSED] - Object: 'Object Repository/2-OBJECTS TAREAS SECUNDARIAS/Pruebas planta personal/Ajuste_relación_(Encargos)/a_Actos Administrativos_organigramaajusterelacion' is clicked on

2023-03-09 13:56:36 - [TEST_STEP][PASSED] - click(findTestObject("2-OBJECTS TAREAS SECUNDARIAS/Pruebas planta personal/Ajuste_relación_(Encargos)/a_Ajuste Relacion")): Object: 'Object Repository/2-OBJECTS TAREAS SECUNDARIAS/Pruebas planta personal/Ajuste_relación_(Encargos)/a_Ajuste Relacion' is clicked on

2023-03-09 13:56:37 - [MESSAGE][PASSED] - Object: 'Object Repository/2-OBJECTS TAREAS SECUNDARIAS/Pruebas planta personal/Ajuste_relación_(Encargos)/a_Ajuste Relacion' is clicked on

2023-03-09 13:56:37 - [TEST_STEP][PASSED] - click(findTestObject("2-OBJECTS TAREAS SECUNDARIAS/Pruebas planta personal/Ajuste_relación_(Encargos)/a_Aceptar")): Object: 'Object Repository/2-OBJECTS TAREAS SECUNDARIAS/Pruebas planta personal/Ajuste_relación_(Encargos)/a_Aceptar' is clicked on

2023-03-09 13:56:38 - [MESSAGE][PASSED] - Object: 'Object Repository/2-OBJECTS TAREAS SECUNDARIAS/Pruebas planta personal/Ajuste_relación_(Encargos)/a_Aceptar' is clicked on

2023-03-09 13:56:38 - [TEST_STEP][PASSED] - closeBrowser(): Browser is closed

2023-03-09 13:56:39 - [MESSAGE][PASSED] - Browser is closed]]></system-out>
         <system-err><![CDATA[]]></system-err>
      </testcase>
      <testcase name="Test Cases/1.2-Tareas_Secundarias/A.2-Pruebas_planta_personal/12.1.5-Buscar_Empleado" time="29.312" classname="Test Cases/1.2-Tareas_Secundarias/A.2-Pruebas_planta_personal/12.1.5-Buscar_Empleado" status="PASSED">
         <system-out><![CDATA[2023-03-09 13:56:39 - [TEST_CASE][PASSED] - Test Cases/1.2-Tareas_Secundarias/A.2-Pruebas_planta_personal/12.1.5-Buscar_Empleado: Test Cases/1.2-Tareas_Secundarias/A.2-Pruebas_planta_personal/12.1.5-Buscar_Empleado

2023-03-09 13:56:39 - [TEST_STEP][PASSED] - callTestCase(findTestCase("0.1-Login"), [:], STOP_ON_FAILURE): Call Test Case 'Test Cases/0.1-Login' successfully

2023-03-09 13:56:39 - [TEST_CASE][PASSED] - Test Cases/0.1-Login: Test Cases/0.1-Login

2023-03-09 13:56:39 - [TEST_STEP][PASSED] - openBrowser(""): Browser is opened with url: ''

2023-03-09 13:56:39 - [MESSAGE][INFO] - Starting 'Chrome' driver

2023-03-09 13:56:39 - [MESSAGE][INFO] - Action delay is set to 0 milliseconds

2023-03-09 13:56:40 - [MESSAGE][PASSED] - Browser is opened with url: ''

2023-03-09 13:56:40 - [TEST_STEP][PASSED] - maximizeWindow(): Current window maximized

2023-03-09 13:56:40 - [MESSAGE][PASSED] - Current window maximized

2023-03-09 13:56:40 - [TEST_STEP][PASSED] - i = G_Login: null

2023-03-09 13:56:40 - [TEST_STEP][PASSED] - url = new java.net.URL(i): null

2023-03-09 13:56:40 - [TEST_STEP][PASSED] - println("URL: " + url.toString()): null

2023-03-09 13:56:40 - [TEST_STEP][PASSED] - connection = url.openConnection(): null

2023-03-09 13:56:40 - [TEST_STEP][PASSED] - connection.setRequestMethod("GET"): null

2023-03-09 13:56:40 - [TEST_STEP][PASSED] - connection.setReadTimeout(2 * 1000): null

2023-03-09 13:56:40 - [TEST_STEP][PASSED] - try: null

2023-03-09 13:56:40 - [TEST_STEP][PASSED] - connection.connect(): null

2023-03-09 13:56:40 - [TEST_STEP][PASSED] - flag = connected: null

2023-03-09 13:56:40 - [TEST_STEP][PASSED] - println("Valor_ori: " + flag): null

2023-03-09 13:56:40 - [TEST_STEP][PASSED] - if (flag): null

2023-03-09 13:56:40 - [TEST_STEP][PASSED] - navigateToUrl(i): Navigate to 'http://192.168.2.19:7001/saraweb' successfully

2023-03-09 13:56:42 - [MESSAGE][PASSED] - Navigate to 'http://192.168.2.19:7001/saraweb' successfully

2023-03-09 13:56:42 - [TEST_STEP][PASSED] - a(): null

2023-03-09 13:56:42 - [TEST_STEP][PASSED] - if (waitForElementVisible(findTestObject("3-OBJECTS UTILIDADES/Login/input_USUARIO_loginusuario"), 0)): null

2023-03-09 13:56:42 - [MESSAGE][WARNING] - Timeout '0' is invalid. Using default page load timeout: '37'

2023-03-09 13:56:43 - [MESSAGE][PASSED] - Object 'Object Repository/3-OBJECTS UTILIDADES/Login/input_USUARIO_loginusuario' is visible

2023-03-09 13:56:43 - [TEST_STEP][PASSED] - switchToWindowTitle("SARA"): Switched to window with title: 'SARA'

2023-03-09 13:56:43 - [MESSAGE][PASSED] - Switched to window with title: 'SARA'

2023-03-09 13:56:43 - [TEST_STEP][PASSED] - zoom(): null

2023-03-09 13:56:43 - [TEST_STEP][PASSED] - robot = new java.awt.Robot(): null

2023-03-09 13:56:43 - [TEST_STEP][PASSED] - robot.keyPress(VK_CONTROL): null

2023-03-09 13:56:43 - [TEST_STEP][PASSED] - robot.keyPress(VK_SUBTRACT): null

2023-03-09 13:56:43 - [TEST_STEP][PASSED] - robot.keyRelease(VK_CONTROL): null

2023-03-09 13:56:43 - [TEST_STEP][PASSED] - robot.keyRelease(VK_SUBTRACT): null

2023-03-09 13:56:43 - [TEST_STEP][PASSED] - robot.keyPress(VK_CONTROL): null

2023-03-09 13:56:43 - [TEST_STEP][PASSED] - robot.keyPress(VK_SUBTRACT): null

2023-03-09 13:56:43 - [TEST_STEP][PASSED] - robot.keyRelease(VK_CONTROL): null

2023-03-09 13:56:43 - [TEST_STEP][PASSED] - robot.keyRelease(VK_SUBTRACT): null

2023-03-09 13:56:43 - [TEST_STEP][PASSED] - robot.keyPress(VK_CONTROL): null

2023-03-09 13:56:43 - [TEST_STEP][PASSED] - robot.keyPress(VK_SUBTRACT): null

2023-03-09 13:56:43 - [TEST_STEP][PASSED] - robot.keyRelease(VK_CONTROL): null

2023-03-09 13:56:43 - [TEST_STEP][PASSED] - robot.keyRelease(VK_SUBTRACT): null

2023-03-09 13:56:43 - [TEST_STEP][PASSED] - robot.keyRelease(VK_CONTROL): null

2023-03-09 13:56:43 - [TEST_STEP][PASSED] - robot.keyRelease(VK_SUBTRACT): null

2023-03-09 13:56:43 - [TEST_STEP][PASSED] - setText(findTestObject("3-OBJECTS UTILIDADES/Login/input_USUARIO_loginusuario"), G_Usuario): Text 'weblogic' is set on object 'Object Repository/3-OBJECTS UTILIDADES/Login/input_USUARIO_loginusuario'

2023-03-09 13:56:43 - [MESSAGE][PASSED] - Text 'weblogic' is set on object 'Object Repository/3-OBJECTS UTILIDADES/Login/input_USUARIO_loginusuario'

2023-03-09 13:56:43 - [TEST_STEP][PASSED] - setEncryptedText(findTestObject("3-OBJECTS UTILIDADES/Login/input_CLAVE_loginpassword"), "SlAwMcyRKqrwbnzhAs8HhT6NnI7sEyng"): Text ****** has been set on object 'Object Repository/3-OBJECTS UTILIDADES/Login/input_CLAVE_loginpassword'

2023-03-09 13:56:47 - [MESSAGE][PASSED] - Text ****** has been set on object 'Object Repository/3-OBJECTS UTILIDADES/Login/input_CLAVE_loginpassword'

2023-03-09 13:56:47 - [TEST_STEP][PASSED] - while (waitForElementClickable(findTestObject("3-OBJECTS UTILIDADES/Login/a_Ingresar"), 1)): Web element with id: 'Object Repository/3-OBJECTS UTILIDADES/Login/a_Ingresar' located by '//a[contains(text(),'Ingresar')]' not found

2023-03-09 13:56:49 - [MESSAGE][INFO] - Unable to find the element located by 'By.xpath: //a[contains(text(),'Ingresar')]'. Please recheck the objects properties to make sure the desired element is located. 

2023-03-09 13:56:49 - [MESSAGE][WARNING] - Web element with id: 'Object Repository/3-OBJECTS UTILIDADES/Login/a_Ingresar' located by '//a[contains(text(),'Ingresar')]' not found

2023-03-09 13:56:49 - [MESSAGE][PASSED] - Call Test Case 'Test Cases/0.1-Login' successfully

2023-03-09 13:56:49 - [TEST_STEP][PASSED] - setText(findTestObject("2-OBJECTS TAREAS SECUNDARIAS/Pruebas planta personal/Buscar_Empleado/input_Empresa 1_form_templatej_idt24_input"), "planta personal (tal)"): Text 'planta personal (tal)' is set on object 'Object Repository/2-OBJECTS TAREAS SECUNDARIAS/Pruebas planta personal/Buscar_Empleado/input_Empresa 1_form_templatej_idt24_input'

2023-03-09 13:56:50 - [MESSAGE][PASSED] - Text 'planta personal (tal)' is set on object 'Object Repository/2-OBJECTS TAREAS SECUNDARIAS/Pruebas planta personal/Buscar_Empleado/input_Empresa 1_form_templatej_idt24_input'

2023-03-09 13:56:50 - [TEST_STEP][PASSED] - click(findTestObject("2-OBJECTS TAREAS SECUNDARIAS/Pruebas planta personal/Buscar_Empleado/span_Planta Personal (ta")): Object: 'Object Repository/2-OBJECTS TAREAS SECUNDARIAS/Pruebas planta personal/Buscar_Empleado/span_Planta Personal (ta' is clicked on

2023-03-09 13:56:51 - [MESSAGE][PASSED] - Object: 'Object Repository/2-OBJECTS TAREAS SECUNDARIAS/Pruebas planta personal/Buscar_Empleado/span_Planta Personal (ta' is clicked on

2023-03-09 13:56:51 - [TEST_STEP][PASSED] - click(findTestObject("2-OBJECTS TAREAS SECUNDARIAS/Pruebas planta personal/Buscar_Empleado/a_Actos Administrativos_organigramabuscar")): Object: 'Object Repository/2-OBJECTS TAREAS SECUNDARIAS/Pruebas planta personal/Buscar_Empleado/a_Actos Administrativos_organigramabuscar' is clicked on

2023-03-09 13:56:53 - [MESSAGE][PASSED] - Object: 'Object Repository/2-OBJECTS TAREAS SECUNDARIAS/Pruebas planta personal/Buscar_Empleado/a_Actos Administrativos_organigramabuscar' is clicked on

2023-03-09 13:56:53 - [TEST_STEP][PASSED] - selectOptionByIndex(findTestObject("2-OBJECTS TAREAS SECUNDARIAS/Pruebas planta personal/Buscar_Empleado/select_--Seleccione--EmpleadoPuesto"), 1): All options with index in [1] are selected on object 'Object Repository/2-OBJECTS TAREAS SECUNDARIAS/Pruebas planta personal/Buscar_Empleado/select_--Seleccione--EmpleadoPuesto'

2023-03-09 13:56:55 - [MESSAGE][PASSED] - All options with index in [1] are selected on object 'Object Repository/2-OBJECTS TAREAS SECUNDARIAS/Pruebas planta personal/Buscar_Empleado/select_--Seleccione--EmpleadoPuesto'

2023-03-09 13:56:55 - [TEST_STEP][PASSED] - click(findTestObject("2-OBJECTS TAREAS SECUNDARIAS/Pruebas planta personal/Buscar_Empleado/a_Identificacin_popupBusquedaPlantaj_idt286")): Object: 'Object Repository/2-OBJECTS TAREAS SECUNDARIAS/Pruebas planta personal/Buscar_Empleado/a_Identificacin_popupBusquedaPlantaj_idt286' is clicked on

2023-03-09 13:56:55 - [MESSAGE][PASSED] - Object: 'Object Repository/2-OBJECTS TAREAS SECUNDARIAS/Pruebas planta personal/Buscar_Empleado/a_Identificacin_popupBusquedaPlantaj_idt286' is clicked on

2023-03-09 13:56:55 - [TEST_STEP][PASSED] - setText(findTestObject("2-OBJECTS TAREAS SECUNDARIAS/Pruebas planta personal/Buscar_Empleado/input_Filtro Hoja de Vida_formPopupHojaVidaj_idt1339"), "mendoza cabra empleado"): Text 'mendoza cabra empleado' is set on object 'Object Repository/2-OBJECTS TAREAS SECUNDARIAS/Pruebas planta personal/Buscar_Empleado/input_Filtro Hoja de Vida_formPopupHojaVidaj_idt1339'

2023-03-09 13:56:56 - [MESSAGE][PASSED] - Text 'mendoza cabra empleado' is set on object 'Object Repository/2-OBJECTS TAREAS SECUNDARIAS/Pruebas planta personal/Buscar_Empleado/input_Filtro Hoja de Vida_formPopupHojaVidaj_idt1339'

2023-03-09 13:56:56 - [TEST_STEP][PASSED] - sendKeys(findTestObject("2-OBJECTS TAREAS SECUNDARIAS/Pruebas planta personal/Buscar_Empleado/input_Filtro Hoja de Vida_formPopupHojaVidaj_idt1339"), Keys.chord(ENTER)): Keys 'ENTER + ' sent to object: 'Object Repository/2-OBJECTS TAREAS SECUNDARIAS/Pruebas planta personal/Buscar_Empleado/input_Filtro Hoja de Vida_formPopupHojaVidaj_idt1339'

2023-03-09 13:56:57 - [MESSAGE][PASSED] - Keys 'ENTER + ' sent to object: 'Object Repository/2-OBJECTS TAREAS SECUNDARIAS/Pruebas planta personal/Buscar_Empleado/input_Filtro Hoja de Vida_formPopupHojaVidaj_idt1339'

2023-03-09 13:56:57 - [TEST_STEP][PASSED] - click(findTestObject("2-OBJECTS TAREAS SECUNDARIAS/Pruebas planta personal/Buscar_Empleado/span_Mendoza Cabra Empleado")): Object: 'Object Repository/2-OBJECTS TAREAS SECUNDARIAS/Pruebas planta personal/Buscar_Empleado/span_Mendoza Cabra Empleado' is clicked on

2023-03-09 13:56:57 - [MESSAGE][PASSED] - Object: 'Object Repository/2-OBJECTS TAREAS SECUNDARIAS/Pruebas planta personal/Buscar_Empleado/span_Mendoza Cabra Empleado' is clicked on

2023-03-09 13:56:57 - [TEST_STEP][PASSED] - click(findTestObject("2-OBJECTS TAREAS SECUNDARIAS/Pruebas planta personal/Buscar_Empleado/span_65       - Asistente")): Object: 'Object Repository/2-OBJECTS TAREAS SECUNDARIAS/Pruebas planta personal/Buscar_Empleado/span_65       - Asistente' is clicked on

2023-03-09 13:56:59 - [MESSAGE][PASSED] - Object: 'Object Repository/2-OBJECTS TAREAS SECUNDARIAS/Pruebas planta personal/Buscar_Empleado/span_65       - Asistente' is clicked on

2023-03-09 13:56:59 - [TEST_STEP][PASSED] - scrollToElement(findTestObject("2-OBJECTS TAREAS SECUNDARIAS/Pruebas planta personal/Buscar_Empleado/a_1"), 0): Scroll to object 'Object Repository/2-OBJECTS TAREAS SECUNDARIAS/Pruebas planta personal/Buscar_Empleado/a_1' successfully

2023-03-09 13:56:59 - [MESSAGE][WARNING] - Timeout '0' is invalid. Using default page load timeout: '37'

2023-03-09 13:57:02 - [MESSAGE][PASSED] - Scroll to object 'Object Repository/2-OBJECTS TAREAS SECUNDARIAS/Pruebas planta personal/Buscar_Empleado/a_1' successfully

2023-03-09 13:57:02 - [TEST_STEP][PASSED] - setText(findTestObject("2-OBJECTS TAREAS SECUNDARIAS/Pruebas planta personal/Buscar_Empleado/input_A1            - Administracion_organigramalistaPuestosActivosj_idt150"), "Mendoza 960"): Text 'Mendoza 960' is set on object 'Object Repository/2-OBJECTS TAREAS SECUNDARIAS/Pruebas planta personal/Buscar_Empleado/input_A1            - Administracion_organigramalistaPuestosActivosj_idt150'

2023-03-09 13:57:03 - [MESSAGE][PASSED] - Text 'Mendoza 960' is set on object 'Object Repository/2-OBJECTS TAREAS SECUNDARIAS/Pruebas planta personal/Buscar_Empleado/input_A1            - Administracion_organigramalistaPuestosActivosj_idt150'

2023-03-09 13:57:03 - [TEST_STEP][PASSED] - sendKeys(findTestObject("2-OBJECTS TAREAS SECUNDARIAS/Pruebas planta personal/Buscar_Empleado/input_A1            - Administracion_organigramalistaPuestosActivosj_idt150"), Keys.chord(ENTER)): Keys 'ENTER + ' sent to object: 'Object Repository/2-OBJECTS TAREAS SECUNDARIAS/Pruebas planta personal/Buscar_Empleado/input_A1            - Administracion_organigramalistaPuestosActivosj_idt150'

2023-03-09 13:57:05 - [MESSAGE][PASSED] - Keys 'ENTER + ' sent to object: 'Object Repository/2-OBJECTS TAREAS SECUNDARIAS/Pruebas planta personal/Buscar_Empleado/input_A1            - Administracion_organigramalistaPuestosActivosj_idt150'

2023-03-09 13:57:05 - [TEST_STEP][PASSED] - click(findTestObject("2-OBJECTS TAREAS SECUNDARIAS/Pruebas planta personal/Buscar_Empleado/span_Mendoza Cabra Empleado0")): Object: 'Object Repository/2-OBJECTS TAREAS SECUNDARIAS/Pruebas planta personal/Buscar_Empleado/span_Mendoza Cabra Empleado0' is clicked on

2023-03-09 13:57:06 - [MESSAGE][PASSED] - Object: 'Object Repository/2-OBJECTS TAREAS SECUNDARIAS/Pruebas planta personal/Buscar_Empleado/span_Mendoza Cabra Empleado0' is clicked on

2023-03-09 13:57:06 - [TEST_STEP][PASSED] - scrollToElement(findTestObject("2-OBJECTS TAREAS SECUNDARIAS/Pruebas planta personal/Buscar_Empleado/div_Mendoza Cabra Empleado Asistente"), 1): Scroll to object 'Object Repository/2-OBJECTS TAREAS SECUNDARIAS/Pruebas planta personal/Buscar_Empleado/div_Mendoza Cabra Empleado Asistente' successfully

2023-03-09 13:57:07 - [MESSAGE][PASSED] - Scroll to object 'Object Repository/2-OBJECTS TAREAS SECUNDARIAS/Pruebas planta personal/Buscar_Empleado/div_Mendoza Cabra Empleado Asistente' successfully

2023-03-09 13:57:07 - [TEST_STEP][PASSED] - if (waitForElementVisible(findTestObject("2-OBJECTS TAREAS SECUNDARIAS/Pruebas planta personal/Buscar_Empleado/div_Mendoza Cabra Empleado Asistente"), 1)): null

2023-03-09 13:57:07 - [MESSAGE][PASSED] - Object 'Object Repository/2-OBJECTS TAREAS SECUNDARIAS/Pruebas planta personal/Buscar_Empleado/div_Mendoza Cabra Empleado Asistente' is visible

2023-03-09 13:57:07 - [TEST_STEP][PASSED] - Resultado = "PRUEBA OK": null

2023-03-09 13:57:07 - [TEST_STEP][PASSED] - closeBrowser(): Browser is closed

2023-03-09 13:57:08 - [MESSAGE][PASSED] - Browser is closed

2023-03-09 13:57:08 - [TEST_STEP][PASSED] - closeBrowser(): Browser is closed

2023-03-09 13:57:08 - [MESSAGE][PASSED] - Browser is closed]]></system-out>
         <system-err><![CDATA[]]></system-err>
      </testcase>
      <testcase name="Test Cases/1.2-Tareas_Secundarias/A.2-Pruebas_planta_personal/12.1.6-Buscar_puesto_de_trabajo" time="24.496" classname="Test Cases/1.2-Tareas_Secundarias/A.2-Pruebas_planta_personal/12.1.6-Buscar_puesto_de_trabajo" status="PASSED">
         <system-out><![CDATA[2023-03-09 13:57:08 - [TEST_CASE][PASSED] - Test Cases/1.2-Tareas_Secundarias/A.2-Pruebas_planta_personal/12.1.6-Buscar_puesto_de_trabajo: Test Cases/1.2-Tareas_Secundarias/A.2-Pruebas_planta_personal/12.1.6-Buscar_puesto_de_trabajo

2023-03-09 13:57:08 - [TEST_STEP][PASSED] - callTestCase(findTestCase("0.1-Login"), [:], STOP_ON_FAILURE): Call Test Case 'Test Cases/0.1-Login' successfully

2023-03-09 13:57:08 - [TEST_CASE][PASSED] - Test Cases/0.1-Login: Test Cases/0.1-Login

2023-03-09 13:57:08 - [TEST_STEP][PASSED] - openBrowser(""): Browser is opened with url: ''

2023-03-09 13:57:08 - [MESSAGE][INFO] - Starting 'Chrome' driver

2023-03-09 13:57:08 - [MESSAGE][INFO] - Action delay is set to 0 milliseconds

2023-03-09 13:57:10 - [MESSAGE][PASSED] - Browser is opened with url: ''

2023-03-09 13:57:10 - [TEST_STEP][PASSED] - maximizeWindow(): Current window maximized

2023-03-09 13:57:10 - [MESSAGE][PASSED] - Current window maximized

2023-03-09 13:57:10 - [TEST_STEP][PASSED] - i = G_Login: null

2023-03-09 13:57:10 - [TEST_STEP][PASSED] - url = new java.net.URL(i): null

2023-03-09 13:57:10 - [TEST_STEP][PASSED] - println("URL: " + url.toString()): null

2023-03-09 13:57:10 - [TEST_STEP][PASSED] - connection = url.openConnection(): null

2023-03-09 13:57:10 - [TEST_STEP][PASSED] - connection.setRequestMethod("GET"): null

2023-03-09 13:57:10 - [TEST_STEP][PASSED] - connection.setReadTimeout(2 * 1000): null

2023-03-09 13:57:10 - [TEST_STEP][PASSED] - try: null

2023-03-09 13:57:10 - [TEST_STEP][PASSED] - connection.connect(): null

2023-03-09 13:57:10 - [TEST_STEP][PASSED] - flag = connected: null

2023-03-09 13:57:10 - [TEST_STEP][PASSED] - println("Valor_ori: " + flag): null

2023-03-09 13:57:10 - [TEST_STEP][PASSED] - if (flag): null

2023-03-09 13:57:10 - [TEST_STEP][PASSED] - navigateToUrl(i): Navigate to 'http://192.168.2.19:7001/saraweb' successfully

2023-03-09 13:57:11 - [MESSAGE][PASSED] - Navigate to 'http://192.168.2.19:7001/saraweb' successfully

2023-03-09 13:57:11 - [TEST_STEP][PASSED] - a(): null

2023-03-09 13:57:11 - [TEST_STEP][PASSED] - if (waitForElementVisible(findTestObject("3-OBJECTS UTILIDADES/Login/input_USUARIO_loginusuario"), 0)): null

2023-03-09 13:57:11 - [MESSAGE][WARNING] - Timeout '0' is invalid. Using default page load timeout: '37'

2023-03-09 13:57:12 - [MESSAGE][PASSED] - Object 'Object Repository/3-OBJECTS UTILIDADES/Login/input_USUARIO_loginusuario' is visible

2023-03-09 13:57:12 - [TEST_STEP][PASSED] - switchToWindowTitle("SARA"): Switched to window with title: 'SARA'

2023-03-09 13:57:12 - [MESSAGE][PASSED] - Switched to window with title: 'SARA'

2023-03-09 13:57:12 - [TEST_STEP][PASSED] - zoom(): null

2023-03-09 13:57:12 - [TEST_STEP][PASSED] - robot = new java.awt.Robot(): null

2023-03-09 13:57:12 - [TEST_STEP][PASSED] - robot.keyPress(VK_CONTROL): null

2023-03-09 13:57:12 - [TEST_STEP][PASSED] - robot.keyPress(VK_SUBTRACT): null

2023-03-09 13:57:12 - [TEST_STEP][PASSED] - robot.keyRelease(VK_CONTROL): null

2023-03-09 13:57:12 - [TEST_STEP][PASSED] - robot.keyRelease(VK_SUBTRACT): null

2023-03-09 13:57:12 - [TEST_STEP][PASSED] - robot.keyPress(VK_CONTROL): null

2023-03-09 13:57:12 - [TEST_STEP][PASSED] - robot.keyPress(VK_SUBTRACT): null

2023-03-09 13:57:12 - [TEST_STEP][PASSED] - robot.keyRelease(VK_CONTROL): null

2023-03-09 13:57:12 - [TEST_STEP][PASSED] - robot.keyRelease(VK_SUBTRACT): null

2023-03-09 13:57:12 - [TEST_STEP][PASSED] - robot.keyPress(VK_CONTROL): null

2023-03-09 13:57:12 - [TEST_STEP][PASSED] - robot.keyPress(VK_SUBTRACT): null

2023-03-09 13:57:12 - [TEST_STEP][PASSED] - robot.keyRelease(VK_CONTROL): null

2023-03-09 13:57:12 - [TEST_STEP][PASSED] - robot.keyRelease(VK_SUBTRACT): null

2023-03-09 13:57:12 - [TEST_STEP][PASSED] - robot.keyRelease(VK_CONTROL): null

2023-03-09 13:57:12 - [TEST_STEP][PASSED] - robot.keyRelease(VK_SUBTRACT): null

2023-03-09 13:57:12 - [TEST_STEP][PASSED] - setText(findTestObject("3-OBJECTS UTILIDADES/Login/input_USUARIO_loginusuario"), G_Usuario): Text 'weblogic' is set on object 'Object Repository/3-OBJECTS UTILIDADES/Login/input_USUARIO_loginusuario'

2023-03-09 13:57:12 - [MESSAGE][PASSED] - Text 'weblogic' is set on object 'Object Repository/3-OBJECTS UTILIDADES/Login/input_USUARIO_loginusuario'

2023-03-09 13:57:12 - [TEST_STEP][PASSED] - setEncryptedText(findTestObject("3-OBJECTS UTILIDADES/Login/input_CLAVE_loginpassword"), "SlAwMcyRKqrwbnzhAs8HhT6NnI7sEyng"): Text ****** has been set on object 'Object Repository/3-OBJECTS UTILIDADES/Login/input_CLAVE_loginpassword'

2023-03-09 13:57:16 - [MESSAGE][PASSED] - Text ****** has been set on object 'Object Repository/3-OBJECTS UTILIDADES/Login/input_CLAVE_loginpassword'

2023-03-09 13:57:16 - [TEST_STEP][PASSED] - while (waitForElementClickable(findTestObject("3-OBJECTS UTILIDADES/Login/a_Ingresar"), 1)): Web element with id: 'Object Repository/3-OBJECTS UTILIDADES/Login/a_Ingresar' located by '//a[contains(text(),'Ingresar')]' not found

2023-03-09 13:57:18 - [MESSAGE][INFO] - Unable to find the element located by 'By.xpath: //a[contains(text(),'Ingresar')]'. Please recheck the objects properties to make sure the desired element is located. 

2023-03-09 13:57:18 - [MESSAGE][WARNING] - Web element with id: 'Object Repository/3-OBJECTS UTILIDADES/Login/a_Ingresar' located by '//a[contains(text(),'Ingresar')]' not found

2023-03-09 13:57:18 - [MESSAGE][PASSED] - Call Test Case 'Test Cases/0.1-Login' successfully

2023-03-09 13:57:18 - [TEST_STEP][PASSED] - setText(findTestObject("2-OBJECTS TAREAS SECUNDARIAS/Pruebas Compensación/Listado_Empleados/input_Empresa 1_form_templatej_idt24_input (1)"), "planta personal (tal)"): Text 'planta personal (tal)' is set on object 'Object Repository/2-OBJECTS TAREAS SECUNDARIAS/Pruebas Compensación/Listado_Empleados/input_Empresa 1_form_templatej_idt24_input (1)'

2023-03-09 13:57:19 - [MESSAGE][PASSED] - Text 'planta personal (tal)' is set on object 'Object Repository/2-OBJECTS TAREAS SECUNDARIAS/Pruebas Compensación/Listado_Empleados/input_Empresa 1_form_templatej_idt24_input (1)'

2023-03-09 13:57:19 - [TEST_STEP][PASSED] - click(findTestObject("2-OBJECTS TAREAS SECUNDARIAS/Pruebas planta personal/Buscar_puesto_de_trabajo/span_Planta Personal (ta")): Object: 'Object Repository/2-OBJECTS TAREAS SECUNDARIAS/Pruebas planta personal/Buscar_puesto_de_trabajo/span_Planta Personal (ta' is clicked on

2023-03-09 13:57:20 - [MESSAGE][PASSED] - Object: 'Object Repository/2-OBJECTS TAREAS SECUNDARIAS/Pruebas planta personal/Buscar_puesto_de_trabajo/span_Planta Personal (ta' is clicked on

2023-03-09 13:57:20 - [TEST_STEP][PASSED] - click(findTestObject("2-OBJECTS TAREAS SECUNDARIAS/Pruebas planta personal/Buscar_puesto_de_trabajo/a_Actos Administrativos_organigramabuscar")): Object: 'Object Repository/2-OBJECTS TAREAS SECUNDARIAS/Pruebas planta personal/Buscar_puesto_de_trabajo/a_Actos Administrativos_organigramabuscar' is clicked on

2023-03-09 13:57:24 - [MESSAGE][PASSED] - Object: 'Object Repository/2-OBJECTS TAREAS SECUNDARIAS/Pruebas planta personal/Buscar_puesto_de_trabajo/a_Actos Administrativos_organigramabuscar' is clicked on

2023-03-09 13:57:24 - [TEST_STEP][PASSED] - selectOptionByIndex(findTestObject("2-OBJECTS TAREAS SECUNDARIAS/Pruebas planta personal/Buscar_puesto_de_trabajo/select_--Seleccione--EmpleadoPuesto"), 2): All options with index in [2] are selected on object 'Object Repository/2-OBJECTS TAREAS SECUNDARIAS/Pruebas planta personal/Buscar_puesto_de_trabajo/select_--Seleccione--EmpleadoPuesto'

2023-03-09 13:57:25 - [MESSAGE][PASSED] - All options with index in [2] are selected on object 'Object Repository/2-OBJECTS TAREAS SECUNDARIAS/Pruebas planta personal/Buscar_puesto_de_trabajo/select_--Seleccione--EmpleadoPuesto'

2023-03-09 13:57:25 - [TEST_STEP][PASSED] - click(findTestObject("2-OBJECTS TAREAS SECUNDARIAS/Pruebas planta personal/Buscar_puesto_de_trabajo/a_Cargo_popupBusquedaPlantaj_idt279")): Object: 'Object Repository/2-OBJECTS TAREAS SECUNDARIAS/Pruebas planta personal/Buscar_puesto_de_trabajo/a_Cargo_popupBusquedaPlantaj_idt279' is clicked on

2023-03-09 13:57:26 - [MESSAGE][PASSED] - Object: 'Object Repository/2-OBJECTS TAREAS SECUNDARIAS/Pruebas planta personal/Buscar_puesto_de_trabajo/a_Cargo_popupBusquedaPlantaj_idt279' is clicked on

2023-03-09 13:57:26 - [TEST_STEP][PASSED] - click(findTestObject("2-OBJECTS TAREAS SECUNDARIAS/Pruebas planta personal/Buscar_puesto_de_trabajo/a_Unidad Organizacional_popupBusquedaPlantaj_idt274")): Object: 'Object Repository/2-OBJECTS TAREAS SECUNDARIAS/Pruebas planta personal/Buscar_puesto_de_trabajo/a_Unidad Organizacional_popupBusquedaPlantaj_idt274' is clicked on

2023-03-09 13:57:26 - [MESSAGE][PASSED] - Object: 'Object Repository/2-OBJECTS TAREAS SECUNDARIAS/Pruebas planta personal/Buscar_puesto_de_trabajo/a_Unidad Organizacional_popupBusquedaPlantaj_idt274' is clicked on

2023-03-09 13:57:26 - [TEST_STEP][PASSED] - setText(findTestObject("2-OBJECTS TAREAS SECUNDARIAS/Pruebas planta personal/Buscar_puesto_de_trabajo/input_Unidad_form_popupUnidadUsuarioj_idt880"), "administracion"): Text 'administracion' is set on object 'Object Repository/2-OBJECTS TAREAS SECUNDARIAS/Pruebas planta personal/Buscar_puesto_de_trabajo/input_Unidad_form_popupUnidadUsuarioj_idt880'

2023-03-09 13:57:27 - [MESSAGE][PASSED] - Text 'administracion' is set on object 'Object Repository/2-OBJECTS TAREAS SECUNDARIAS/Pruebas planta personal/Buscar_puesto_de_trabajo/input_Unidad_form_popupUnidadUsuarioj_idt880'

2023-03-09 13:57:27 - [TEST_STEP][PASSED] - sendKeys(findTestObject("2-OBJECTS TAREAS SECUNDARIAS/Pruebas planta personal/Buscar_puesto_de_trabajo/input_Unidad_form_popupUnidadUsuarioj_idt880"), Keys.chord(ENTER)): Keys 'ENTER + ' sent to object: 'Object Repository/2-OBJECTS TAREAS SECUNDARIAS/Pruebas planta personal/Buscar_puesto_de_trabajo/input_Unidad_form_popupUnidadUsuarioj_idt880'

2023-03-09 13:57:28 - [MESSAGE][PASSED] - Keys 'ENTER + ' sent to object: 'Object Repository/2-OBJECTS TAREAS SECUNDARIAS/Pruebas planta personal/Buscar_puesto_de_trabajo/input_Unidad_form_popupUnidadUsuarioj_idt880'

2023-03-09 13:57:28 - [TEST_STEP][PASSED] - click(findTestObject("2-OBJECTS TAREAS SECUNDARIAS/Pruebas planta personal/Buscar_puesto_de_trabajo/span_ADMINISTRACION")): Object: 'Object Repository/2-OBJECTS TAREAS SECUNDARIAS/Pruebas planta personal/Buscar_puesto_de_trabajo/span_ADMINISTRACION' is clicked on

2023-03-09 13:57:28 - [MESSAGE][PASSED] - Object: 'Object Repository/2-OBJECTS TAREAS SECUNDARIAS/Pruebas planta personal/Buscar_puesto_de_trabajo/span_ADMINISTRACION' is clicked on

2023-03-09 13:57:28 - [TEST_STEP][PASSED] - click(findTestObject("2-OBJECTS TAREAS SECUNDARIAS/Pruebas planta personal/Buscar_puesto_de_trabajo/a_Cargo_popupBusquedaPlantaj_idt2790")): Object: 'Object Repository/2-OBJECTS TAREAS SECUNDARIAS/Pruebas planta personal/Buscar_puesto_de_trabajo/a_Cargo_popupBusquedaPlantaj_idt2790' is clicked on

2023-03-09 13:57:29 - [MESSAGE][PASSED] - Object: 'Object Repository/2-OBJECTS TAREAS SECUNDARIAS/Pruebas planta personal/Buscar_puesto_de_trabajo/a_Cargo_popupBusquedaPlantaj_idt2790' is clicked on

2023-03-09 13:57:29 - [TEST_STEP][PASSED] - click(findTestObject("2-OBJECTS TAREAS SECUNDARIAS/Pruebas planta personal/Buscar_puesto_de_trabajo/span_ABOGADO")): Object: 'Object Repository/2-OBJECTS TAREAS SECUNDARIAS/Pruebas planta personal/Buscar_puesto_de_trabajo/span_ABOGADO' is clicked on

2023-03-09 13:57:30 - [MESSAGE][PASSED] - Object: 'Object Repository/2-OBJECTS TAREAS SECUNDARIAS/Pruebas planta personal/Buscar_puesto_de_trabajo/span_ABOGADO' is clicked on

2023-03-09 13:57:30 - [TEST_STEP][PASSED] - click(findTestObject("2-OBJECTS TAREAS SECUNDARIAS/Pruebas planta personal/Buscar_puesto_de_trabajo/span_20139    - Abogado")): Object: 'Object Repository/2-OBJECTS TAREAS SECUNDARIAS/Pruebas planta personal/Buscar_puesto_de_trabajo/span_20139    - Abogado' is clicked on

2023-03-09 13:57:31 - [MESSAGE][PASSED] - Object: 'Object Repository/2-OBJECTS TAREAS SECUNDARIAS/Pruebas planta personal/Buscar_puesto_de_trabajo/span_20139    - Abogado' is clicked on

2023-03-09 13:57:31 - [TEST_STEP][PASSED] - scrollToElement(findTestObject("2-OBJECTS TAREAS SECUNDARIAS/Pruebas planta personal/Buscar_puesto_de_trabajo/span_10308"), 0): Scroll to object 'Object Repository/2-OBJECTS TAREAS SECUNDARIAS/Pruebas planta personal/Buscar_puesto_de_trabajo/span_10308' successfully

2023-03-09 13:57:31 - [MESSAGE][WARNING] - Timeout '0' is invalid. Using default page load timeout: '37'

2023-03-09 13:57:32 - [MESSAGE][PASSED] - Scroll to object 'Object Repository/2-OBJECTS TAREAS SECUNDARIAS/Pruebas planta personal/Buscar_puesto_de_trabajo/span_10308' successfully

2023-03-09 13:57:32 - [TEST_STEP][PASSED] - if (waitForElementVisible(findTestObject("2-OBJECTS TAREAS SECUNDARIAS/Pruebas planta personal/Buscar_puesto_de_trabajo/span_10308"), 1)): null

2023-03-09 13:57:32 - [MESSAGE][PASSED] - Object 'Object Repository/2-OBJECTS TAREAS SECUNDARIAS/Pruebas planta personal/Buscar_puesto_de_trabajo/span_10308' is visible

2023-03-09 13:57:32 - [TEST_STEP][PASSED] - Resultado = "PRUEBA OK": null]]></system-out>
         <system-err><![CDATA[]]></system-err>
      </testcase>
      <testcase name="Test Cases/1.2-Tareas_Secundarias/A.2-Pruebas_planta_personal/12.1.7-Consultar_posición__nómina" time="29.114" classname="Test Cases/1.2-Tareas_Secundarias/A.2-Pruebas_planta_personal/12.1.7-Consultar_posición__nómina" status="PASSED">
         <system-out><![CDATA[2023-03-09 13:57:32 - [TEST_CASE][PASSED] - Test Cases/1.2-Tareas_Secundarias/A.2-Pruebas_planta_personal/12.1.7-Consultar_posición__nómina: Test Cases/1.2-Tareas_Secundarias/A.2-Pruebas_planta_personal/12.1.7-Consultar_posición__nómina

2023-03-09 13:57:33 - [TEST_STEP][PASSED] - callTestCase(findTestCase("1.2-Tareas_Secundarias/A.2-Pruebas_planta_personal/12.1.6-Buscar_puesto_de_trabajo"), [:], STOP_ON_FAILURE): Call Test Case 'Test Cases/1.2-Tareas_Secundarias/A.2-Pruebas_planta_personal/12.1.6-Buscar_puesto_de_trabajo' successfully

2023-03-09 13:57:33 - [TEST_CASE][PASSED] - Test Cases/1.2-Tareas_Secundarias/A.2-Pruebas_planta_personal/12.1.6-Buscar_puesto_de_trabajo: Test Cases/1.2-Tareas_Secundarias/A.2-Pruebas_planta_personal/12.1.6-Buscar_puesto_de_trabajo

2023-03-09 13:57:33 - [TEST_STEP][PASSED] - callTestCase(findTestCase("0.1-Login"), [:], STOP_ON_FAILURE): Call Test Case 'Test Cases/0.1-Login' successfully

2023-03-09 13:57:33 - [TEST_CASE][PASSED] - Test Cases/0.1-Login: Test Cases/0.1-Login

2023-03-09 13:57:33 - [TEST_STEP][PASSED] - openBrowser(""): Browser is opened with url: ''

2023-03-09 13:57:33 - [MESSAGE][WARNING] - A browser is already opened. Closing browser and opening a new one

2023-03-09 13:57:34 - [MESSAGE][INFO] - Starting 'Chrome' driver

2023-03-09 13:57:34 - [MESSAGE][INFO] - Action delay is set to 0 milliseconds

2023-03-09 13:57:35 - [MESSAGE][PASSED] - Browser is opened with url: ''

2023-03-09 13:57:35 - [TEST_STEP][PASSED] - maximizeWindow(): Current window maximized

2023-03-09 13:57:35 - [MESSAGE][PASSED] - Current window maximized

2023-03-09 13:57:35 - [TEST_STEP][PASSED] - i = G_Login: null

2023-03-09 13:57:35 - [TEST_STEP][PASSED] - url = new java.net.URL(i): null

2023-03-09 13:57:35 - [TEST_STEP][PASSED] - println("URL: " + url.toString()): null

2023-03-09 13:57:35 - [TEST_STEP][PASSED] - connection = url.openConnection(): null

2023-03-09 13:57:35 - [TEST_STEP][PASSED] - connection.setRequestMethod("GET"): null

2023-03-09 13:57:35 - [TEST_STEP][PASSED] - connection.setReadTimeout(2 * 1000): null

2023-03-09 13:57:35 - [TEST_STEP][PASSED] - try: null

2023-03-09 13:57:35 - [TEST_STEP][PASSED] - connection.connect(): null

2023-03-09 13:57:35 - [TEST_STEP][PASSED] - flag = connected: null

2023-03-09 13:57:35 - [TEST_STEP][PASSED] - println("Valor_ori: " + flag): null

2023-03-09 13:57:35 - [TEST_STEP][PASSED] - if (flag): null

2023-03-09 13:57:35 - [TEST_STEP][PASSED] - navigateToUrl(i): Navigate to 'http://192.168.2.19:7001/saraweb' successfully

2023-03-09 13:57:36 - [MESSAGE][PASSED] - Navigate to 'http://192.168.2.19:7001/saraweb' successfully

2023-03-09 13:57:36 - [TEST_STEP][PASSED] - a(): null

2023-03-09 13:57:36 - [TEST_STEP][PASSED] - if (waitForElementVisible(findTestObject("3-OBJECTS UTILIDADES/Login/input_USUARIO_loginusuario"), 0)): null

2023-03-09 13:57:36 - [MESSAGE][WARNING] - Timeout '0' is invalid. Using default page load timeout: '37'

2023-03-09 13:57:37 - [MESSAGE][PASSED] - Object 'Object Repository/3-OBJECTS UTILIDADES/Login/input_USUARIO_loginusuario' is visible

2023-03-09 13:57:37 - [TEST_STEP][PASSED] - switchToWindowTitle("SARA"): Switched to window with title: 'SARA'

2023-03-09 13:57:37 - [MESSAGE][PASSED] - Switched to window with title: 'SARA'

2023-03-09 13:57:37 - [TEST_STEP][PASSED] - zoom(): null

2023-03-09 13:57:37 - [TEST_STEP][PASSED] - robot = new java.awt.Robot(): null

2023-03-09 13:57:37 - [TEST_STEP][PASSED] - robot.keyPress(VK_CONTROL): null

2023-03-09 13:57:37 - [TEST_STEP][PASSED] - robot.keyPress(VK_SUBTRACT): null

2023-03-09 13:57:37 - [TEST_STEP][PASSED] - robot.keyRelease(VK_CONTROL): null

2023-03-09 13:57:37 - [TEST_STEP][PASSED] - robot.keyRelease(VK_SUBTRACT): null

2023-03-09 13:57:37 - [TEST_STEP][PASSED] - robot.keyPress(VK_CONTROL): null

2023-03-09 13:57:37 - [TEST_STEP][PASSED] - robot.keyPress(VK_SUBTRACT): null

2023-03-09 13:57:37 - [TEST_STEP][PASSED] - robot.keyRelease(VK_CONTROL): null

2023-03-09 13:57:37 - [TEST_STEP][PASSED] - robot.keyRelease(VK_SUBTRACT): null

2023-03-09 13:57:37 - [TEST_STEP][PASSED] - robot.keyPress(VK_CONTROL): null

2023-03-09 13:57:37 - [TEST_STEP][PASSED] - robot.keyPress(VK_SUBTRACT): null

2023-03-09 13:57:37 - [TEST_STEP][PASSED] - robot.keyRelease(VK_CONTROL): null

2023-03-09 13:57:37 - [TEST_STEP][PASSED] - robot.keyRelease(VK_SUBTRACT): null

2023-03-09 13:57:37 - [TEST_STEP][PASSED] - robot.keyRelease(VK_CONTROL): null

2023-03-09 13:57:37 - [TEST_STEP][PASSED] - robot.keyRelease(VK_SUBTRACT): null

2023-03-09 13:57:37 - [TEST_STEP][PASSED] - setText(findTestObject("3-OBJECTS UTILIDADES/Login/input_USUARIO_loginusuario"), G_Usuario): Text 'weblogic' is set on object 'Object Repository/3-OBJECTS UTILIDADES/Login/input_USUARIO_loginusuario'

2023-03-09 13:57:37 - [MESSAGE][PASSED] - Text 'weblogic' is set on object 'Object Repository/3-OBJECTS UTILIDADES/Login/input_USUARIO_loginusuario'

2023-03-09 13:57:37 - [TEST_STEP][PASSED] - setEncryptedText(findTestObject("3-OBJECTS UTILIDADES/Login/input_CLAVE_loginpassword"), "SlAwMcyRKqrwbnzhAs8HhT6NnI7sEyng"): Text ****** has been set on object 'Object Repository/3-OBJECTS UTILIDADES/Login/input_CLAVE_loginpassword'

2023-03-09 13:57:41 - [MESSAGE][PASSED] - Text ****** has been set on object 'Object Repository/3-OBJECTS UTILIDADES/Login/input_CLAVE_loginpassword'

2023-03-09 13:57:41 - [TEST_STEP][PASSED] - while (waitForElementClickable(findTestObject("3-OBJECTS UTILIDADES/Login/a_Ingresar"), 1)): Web element with id: 'Object Repository/3-OBJECTS UTILIDADES/Login/a_Ingresar' located by '//a[contains(text(),'Ingresar')]' not found

2023-03-09 13:57:43 - [MESSAGE][INFO] - Unable to find the element located by 'By.xpath: //a[contains(text(),'Ingresar')]'. Please recheck the objects properties to make sure the desired element is located. 

2023-03-09 13:57:43 - [MESSAGE][WARNING] - Web element with id: 'Object Repository/3-OBJECTS UTILIDADES/Login/a_Ingresar' located by '//a[contains(text(),'Ingresar')]' not found

2023-03-09 13:57:43 - [MESSAGE][PASSED] - Call Test Case 'Test Cases/0.1-Login' successfully

2023-03-09 13:57:43 - [TEST_STEP][PASSED] - setText(findTestObject("2-OBJECTS TAREAS SECUNDARIAS/Pruebas Compensación/Listado_Empleados/input_Empresa 1_form_templatej_idt24_input (1)"), "planta personal (tal)"): Text 'planta personal (tal)' is set on object 'Object Repository/2-OBJECTS TAREAS SECUNDARIAS/Pruebas Compensación/Listado_Empleados/input_Empresa 1_form_templatej_idt24_input (1)'

2023-03-09 13:57:44 - [MESSAGE][PASSED] - Text 'planta personal (tal)' is set on object 'Object Repository/2-OBJECTS TAREAS SECUNDARIAS/Pruebas Compensación/Listado_Empleados/input_Empresa 1_form_templatej_idt24_input (1)'

2023-03-09 13:57:44 - [TEST_STEP][PASSED] - click(findTestObject("2-OBJECTS TAREAS SECUNDARIAS/Pruebas planta personal/Buscar_puesto_de_trabajo/span_Planta Personal (ta")): Object: 'Object Repository/2-OBJECTS TAREAS SECUNDARIAS/Pruebas planta personal/Buscar_puesto_de_trabajo/span_Planta Personal (ta' is clicked on

2023-03-09 13:57:45 - [MESSAGE][PASSED] - Object: 'Object Repository/2-OBJECTS TAREAS SECUNDARIAS/Pruebas planta personal/Buscar_puesto_de_trabajo/span_Planta Personal (ta' is clicked on

2023-03-09 13:57:45 - [TEST_STEP][PASSED] - click(findTestObject("2-OBJECTS TAREAS SECUNDARIAS/Pruebas planta personal/Buscar_puesto_de_trabajo/a_Actos Administrativos_organigramabuscar")): Object: 'Object Repository/2-OBJECTS TAREAS SECUNDARIAS/Pruebas planta personal/Buscar_puesto_de_trabajo/a_Actos Administrativos_organigramabuscar' is clicked on

2023-03-09 13:57:48 - [MESSAGE][PASSED] - Object: 'Object Repository/2-OBJECTS TAREAS SECUNDARIAS/Pruebas planta personal/Buscar_puesto_de_trabajo/a_Actos Administrativos_organigramabuscar' is clicked on

2023-03-09 13:57:48 - [TEST_STEP][PASSED] - selectOptionByIndex(findTestObject("2-OBJECTS TAREAS SECUNDARIAS/Pruebas planta personal/Buscar_puesto_de_trabajo/select_--Seleccione--EmpleadoPuesto"), 2): All options with index in [2] are selected on object 'Object Repository/2-OBJECTS TAREAS SECUNDARIAS/Pruebas planta personal/Buscar_puesto_de_trabajo/select_--Seleccione--EmpleadoPuesto'

2023-03-09 13:57:50 - [MESSAGE][PASSED] - All options with index in [2] are selected on object 'Object Repository/2-OBJECTS TAREAS SECUNDARIAS/Pruebas planta personal/Buscar_puesto_de_trabajo/select_--Seleccione--EmpleadoPuesto'

2023-03-09 13:57:50 - [TEST_STEP][PASSED] - click(findTestObject("2-OBJECTS TAREAS SECUNDARIAS/Pruebas planta personal/Buscar_puesto_de_trabajo/a_Cargo_popupBusquedaPlantaj_idt279")): Object: 'Object Repository/2-OBJECTS TAREAS SECUNDARIAS/Pruebas planta personal/Buscar_puesto_de_trabajo/a_Cargo_popupBusquedaPlantaj_idt279' is clicked on

2023-03-09 13:57:50 - [MESSAGE][PASSED] - Object: 'Object Repository/2-OBJECTS TAREAS SECUNDARIAS/Pruebas planta personal/Buscar_puesto_de_trabajo/a_Cargo_popupBusquedaPlantaj_idt279' is clicked on

2023-03-09 13:57:50 - [TEST_STEP][PASSED] - click(findTestObject("2-OBJECTS TAREAS SECUNDARIAS/Pruebas planta personal/Buscar_puesto_de_trabajo/a_Unidad Organizacional_popupBusquedaPlantaj_idt274")): Object: 'Object Repository/2-OBJECTS TAREAS SECUNDARIAS/Pruebas planta personal/Buscar_puesto_de_trabajo/a_Unidad Organizacional_popupBusquedaPlantaj_idt274' is clicked on

2023-03-09 13:57:51 - [MESSAGE][PASSED] - Object: 'Object Repository/2-OBJECTS TAREAS SECUNDARIAS/Pruebas planta personal/Buscar_puesto_de_trabajo/a_Unidad Organizacional_popupBusquedaPlantaj_idt274' is clicked on

2023-03-09 13:57:51 - [TEST_STEP][PASSED] - setText(findTestObject("2-OBJECTS TAREAS SECUNDARIAS/Pruebas planta personal/Buscar_puesto_de_trabajo/input_Unidad_form_popupUnidadUsuarioj_idt880"), "administracion"): Text 'administracion' is set on object 'Object Repository/2-OBJECTS TAREAS SECUNDARIAS/Pruebas planta personal/Buscar_puesto_de_trabajo/input_Unidad_form_popupUnidadUsuarioj_idt880'

2023-03-09 13:57:52 - [MESSAGE][PASSED] - Text 'administracion' is set on object 'Object Repository/2-OBJECTS TAREAS SECUNDARIAS/Pruebas planta personal/Buscar_puesto_de_trabajo/input_Unidad_form_popupUnidadUsuarioj_idt880'

2023-03-09 13:57:52 - [TEST_STEP][PASSED] - sendKeys(findTestObject("2-OBJECTS TAREAS SECUNDARIAS/Pruebas planta personal/Buscar_puesto_de_trabajo/input_Unidad_form_popupUnidadUsuarioj_idt880"), Keys.chord(ENTER)): Keys 'ENTER + ' sent to object: 'Object Repository/2-OBJECTS TAREAS SECUNDARIAS/Pruebas planta personal/Buscar_puesto_de_trabajo/input_Unidad_form_popupUnidadUsuarioj_idt880'

2023-03-09 13:57:53 - [MESSAGE][PASSED] - Keys 'ENTER + ' sent to object: 'Object Repository/2-OBJECTS TAREAS SECUNDARIAS/Pruebas planta personal/Buscar_puesto_de_trabajo/input_Unidad_form_popupUnidadUsuarioj_idt880'

2023-03-09 13:57:53 - [TEST_STEP][PASSED] - click(findTestObject("2-OBJECTS TAREAS SECUNDARIAS/Pruebas planta personal/Buscar_puesto_de_trabajo/span_ADMINISTRACION")): Object: 'Object Repository/2-OBJECTS TAREAS SECUNDARIAS/Pruebas planta personal/Buscar_puesto_de_trabajo/span_ADMINISTRACION' is clicked on

2023-03-09 13:57:53 - [MESSAGE][PASSED] - Object: 'Object Repository/2-OBJECTS TAREAS SECUNDARIAS/Pruebas planta personal/Buscar_puesto_de_trabajo/span_ADMINISTRACION' is clicked on

2023-03-09 13:57:53 - [TEST_STEP][PASSED] - click(findTestObject("2-OBJECTS TAREAS SECUNDARIAS/Pruebas planta personal/Buscar_puesto_de_trabajo/a_Cargo_popupBusquedaPlantaj_idt2790")): Object: 'Object Repository/2-OBJECTS TAREAS SECUNDARIAS/Pruebas planta personal/Buscar_puesto_de_trabajo/a_Cargo_popupBusquedaPlantaj_idt2790' is clicked on

2023-03-09 13:57:54 - [MESSAGE][PASSED] - Object: 'Object Repository/2-OBJECTS TAREAS SECUNDARIAS/Pruebas planta personal/Buscar_puesto_de_trabajo/a_Cargo_popupBusquedaPlantaj_idt2790' is clicked on

2023-03-09 13:57:54 - [TEST_STEP][PASSED] - click(findTestObject("2-OBJECTS TAREAS SECUNDARIAS/Pruebas planta personal/Buscar_puesto_de_trabajo/span_ABOGADO")): Object: 'Object Repository/2-OBJECTS TAREAS SECUNDARIAS/Pruebas planta personal/Buscar_puesto_de_trabajo/span_ABOGADO' is clicked on

2023-03-09 13:57:54 - [MESSAGE][PASSED] - Object: 'Object Repository/2-OBJECTS TAREAS SECUNDARIAS/Pruebas planta personal/Buscar_puesto_de_trabajo/span_ABOGADO' is clicked on

2023-03-09 13:57:54 - [TEST_STEP][PASSED] - click(findTestObject("2-OBJECTS TAREAS SECUNDARIAS/Pruebas planta personal/Buscar_puesto_de_trabajo/span_20139    - Abogado")): Object: 'Object Repository/2-OBJECTS TAREAS SECUNDARIAS/Pruebas planta personal/Buscar_puesto_de_trabajo/span_20139    - Abogado' is clicked on

2023-03-09 13:57:55 - [MESSAGE][PASSED] - Object: 'Object Repository/2-OBJECTS TAREAS SECUNDARIAS/Pruebas planta personal/Buscar_puesto_de_trabajo/span_20139    - Abogado' is clicked on

2023-03-09 13:57:55 - [TEST_STEP][PASSED] - scrollToElement(findTestObject("2-OBJECTS TAREAS SECUNDARIAS/Pruebas planta personal/Buscar_puesto_de_trabajo/span_10308"), 0): Scroll to object 'Object Repository/2-OBJECTS TAREAS SECUNDARIAS/Pruebas planta personal/Buscar_puesto_de_trabajo/span_10308' successfully

2023-03-09 13:57:55 - [MESSAGE][WARNING] - Timeout '0' is invalid. Using default page load timeout: '37'

2023-03-09 13:57:56 - [MESSAGE][PASSED] - Scroll to object 'Object Repository/2-OBJECTS TAREAS SECUNDARIAS/Pruebas planta personal/Buscar_puesto_de_trabajo/span_10308' successfully

2023-03-09 13:57:56 - [TEST_STEP][PASSED] - if (waitForElementVisible(findTestObject("2-OBJECTS TAREAS SECUNDARIAS/Pruebas planta personal/Buscar_puesto_de_trabajo/span_10308"), 1)): null

2023-03-09 13:57:57 - [MESSAGE][PASSED] - Object 'Object Repository/2-OBJECTS TAREAS SECUNDARIAS/Pruebas planta personal/Buscar_puesto_de_trabajo/span_10308' is visible

2023-03-09 13:57:57 - [TEST_STEP][PASSED] - Resultado = "PRUEBA OK": null

2023-03-09 13:57:57 - [MESSAGE][PASSED] - Call Test Case 'Test Cases/1.2-Tareas_Secundarias/A.2-Pruebas_planta_personal/12.1.6-Buscar_puesto_de_trabajo' successfully

2023-03-09 13:57:57 - [TEST_STEP][PASSED] - click(findTestObject("2-OBJECTS TAREAS SECUNDARIAS/Pruebas planta personal/Consultar_posición__nómina/span_Salgado . Paula")): Object: 'Object Repository/2-OBJECTS TAREAS SECUNDARIAS/Pruebas planta personal/Consultar_posición__nómina/span_Salgado . Paula' is clicked on

2023-03-09 13:57:57 - [MESSAGE][PASSED] - Object: 'Object Repository/2-OBJECTS TAREAS SECUNDARIAS/Pruebas planta personal/Consultar_posición__nómina/span_Salgado . Paula' is clicked on

2023-03-09 13:57:57 - [TEST_STEP][PASSED] - scrollToElement(findTestObject("2-OBJECTS TAREAS SECUNDARIAS/Pruebas planta personal/Consultar_posición__nómina/div_Salgado . Paula 40 Mil Staff"), 0): Scroll to object 'Object Repository/2-OBJECTS TAREAS SECUNDARIAS/Pruebas planta personal/Consultar_posición__nómina/div_Salgado . Paula 40 Mil Staff' successfully

2023-03-09 13:57:57 - [MESSAGE][WARNING] - Timeout '0' is invalid. Using default page load timeout: '37'

2023-03-09 13:57:58 - [MESSAGE][PASSED] - Scroll to object 'Object Repository/2-OBJECTS TAREAS SECUNDARIAS/Pruebas planta personal/Consultar_posición__nómina/div_Salgado . Paula 40 Mil Staff' successfully

2023-03-09 13:57:58 - [TEST_STEP][PASSED] - click(findTestObject("2-OBJECTS TAREAS SECUNDARIAS/Pruebas planta personal/Consultar_posición__nómina/a_Salgado . Paula_organigramaj_idt113")): Object: 'Object Repository/2-OBJECTS TAREAS SECUNDARIAS/Pruebas planta personal/Consultar_posición__nómina/a_Salgado . Paula_organigramaj_idt113' is clicked on

2023-03-09 13:57:59 - [MESSAGE][PASSED] - Object: 'Object Repository/2-OBJECTS TAREAS SECUNDARIAS/Pruebas planta personal/Consultar_posición__nómina/a_Salgado . Paula_organigramaj_idt113' is clicked on

2023-03-09 13:57:59 - [TEST_STEP][PASSED] - scrollToElement(findTestObject("2-OBJECTS TAREAS SECUNDARIAS/Pruebas planta personal/Consultar_posición__nómina/span_Actualizar"), 0): Scroll to object 'Object Repository/2-OBJECTS TAREAS SECUNDARIAS/Pruebas planta personal/Consultar_posición__nómina/span_Actualizar' successfully

2023-03-09 13:57:59 - [MESSAGE][WARNING] - Timeout '0' is invalid. Using default page load timeout: '37'

2023-03-09 13:58:00 - [MESSAGE][PASSED] - Scroll to object 'Object Repository/2-OBJECTS TAREAS SECUNDARIAS/Pruebas planta personal/Consultar_posición__nómina/span_Actualizar' successfully

2023-03-09 13:58:00 - [TEST_STEP][PASSED] - waitForElementVisible(findTestObject("2-OBJECTS TAREAS SECUNDARIAS/Pruebas planta personal/Consultar_posición__nómina/span_Actualizar"), 0): Object 'Object Repository/2-OBJECTS TAREAS SECUNDARIAS/Pruebas planta personal/Consultar_posición__nómina/span_Actualizar' is visible

2023-03-09 13:58:00 - [MESSAGE][WARNING] - Timeout '0' is invalid. Using default page load timeout: '37'

2023-03-09 13:58:01 - [MESSAGE][PASSED] - Object 'Object Repository/2-OBJECTS TAREAS SECUNDARIAS/Pruebas planta personal/Consultar_posición__nómina/span_Actualizar' is visible

2023-03-09 13:58:01 - [TEST_STEP][PASSED] - closeBrowser(): Browser is closed

2023-03-09 13:58:02 - [MESSAGE][PASSED] - Browser is closed]]></system-out>
         <system-err><![CDATA[]]></system-err>
      </testcase>
      <testcase name="Test Cases/1.2-Tareas_Secundarias/A.2-Pruebas_planta_personal/12.1.8-Solicitar_requerimiento" time="25.76" classname="Test Cases/1.2-Tareas_Secundarias/A.2-Pruebas_planta_personal/12.1.8-Solicitar_requerimiento" status="PASSED">
         <system-out><![CDATA[2023-03-09 13:58:02 - [TEST_CASE][PASSED] - Test Cases/1.2-Tareas_Secundarias/A.2-Pruebas_planta_personal/12.1.8-Solicitar_requerimiento: Test Cases/1.2-Tareas_Secundarias/A.2-Pruebas_planta_personal/12.1.8-Solicitar_requerimiento

2023-03-09 13:58:02 - [TEST_STEP][PASSED] - callTestCase(findTestCase("1.2-Tareas_Secundarias/A.2-Pruebas_planta_personal/12.1.6-Buscar_puesto_de_trabajo"), [:], STOP_ON_FAILURE): Call Test Case 'Test Cases/1.2-Tareas_Secundarias/A.2-Pruebas_planta_personal/12.1.6-Buscar_puesto_de_trabajo' successfully

2023-03-09 13:58:02 - [TEST_CASE][PASSED] - Test Cases/1.2-Tareas_Secundarias/A.2-Pruebas_planta_personal/12.1.6-Buscar_puesto_de_trabajo: Test Cases/1.2-Tareas_Secundarias/A.2-Pruebas_planta_personal/12.1.6-Buscar_puesto_de_trabajo

2023-03-09 13:58:02 - [TEST_STEP][PASSED] - callTestCase(findTestCase("0.1-Login"), [:], STOP_ON_FAILURE): Call Test Case 'Test Cases/0.1-Login' successfully

2023-03-09 13:58:02 - [TEST_CASE][PASSED] - Test Cases/0.1-Login: Test Cases/0.1-Login

2023-03-09 13:58:02 - [TEST_STEP][PASSED] - openBrowser(""): Browser is opened with url: ''

2023-03-09 13:58:02 - [MESSAGE][INFO] - Starting 'Chrome' driver

2023-03-09 13:58:02 - [MESSAGE][INFO] - Action delay is set to 0 milliseconds

2023-03-09 13:58:03 - [MESSAGE][PASSED] - Browser is opened with url: ''

2023-03-09 13:58:03 - [TEST_STEP][PASSED] - maximizeWindow(): Current window maximized

2023-03-09 13:58:03 - [MESSAGE][PASSED] - Current window maximized

2023-03-09 13:58:03 - [TEST_STEP][PASSED] - i = G_Login: null

2023-03-09 13:58:03 - [TEST_STEP][PASSED] - url = new java.net.URL(i): null

2023-03-09 13:58:03 - [TEST_STEP][PASSED] - println("URL: " + url.toString()): null

2023-03-09 13:58:03 - [TEST_STEP][PASSED] - connection = url.openConnection(): null

2023-03-09 13:58:03 - [TEST_STEP][PASSED] - connection.setRequestMethod("GET"): null

2023-03-09 13:58:03 - [TEST_STEP][PASSED] - connection.setReadTimeout(2 * 1000): null

2023-03-09 13:58:03 - [TEST_STEP][PASSED] - try: null

2023-03-09 13:58:03 - [TEST_STEP][PASSED] - connection.connect(): null

2023-03-09 13:58:03 - [TEST_STEP][PASSED] - flag = connected: null

2023-03-09 13:58:03 - [TEST_STEP][PASSED] - println("Valor_ori: " + flag): null

2023-03-09 13:58:03 - [TEST_STEP][PASSED] - if (flag): null

2023-03-09 13:58:03 - [TEST_STEP][PASSED] - navigateToUrl(i): Navigate to 'http://192.168.2.19:7001/saraweb' successfully

2023-03-09 13:58:05 - [MESSAGE][PASSED] - Navigate to 'http://192.168.2.19:7001/saraweb' successfully

2023-03-09 13:58:05 - [TEST_STEP][PASSED] - a(): null

2023-03-09 13:58:05 - [TEST_STEP][PASSED] - if (waitForElementVisible(findTestObject("3-OBJECTS UTILIDADES/Login/input_USUARIO_loginusuario"), 0)): null

2023-03-09 13:58:05 - [MESSAGE][WARNING] - Timeout '0' is invalid. Using default page load timeout: '37'

2023-03-09 13:58:05 - [MESSAGE][PASSED] - Object 'Object Repository/3-OBJECTS UTILIDADES/Login/input_USUARIO_loginusuario' is visible

2023-03-09 13:58:05 - [TEST_STEP][PASSED] - switchToWindowTitle("SARA"): Switched to window with title: 'SARA'

2023-03-09 13:58:05 - [MESSAGE][PASSED] - Switched to window with title: 'SARA'

2023-03-09 13:58:05 - [TEST_STEP][PASSED] - zoom(): null

2023-03-09 13:58:05 - [TEST_STEP][PASSED] - robot = new java.awt.Robot(): null

2023-03-09 13:58:05 - [TEST_STEP][PASSED] - robot.keyPress(VK_CONTROL): null

2023-03-09 13:58:05 - [TEST_STEP][PASSED] - robot.keyPress(VK_SUBTRACT): null

2023-03-09 13:58:05 - [TEST_STEP][PASSED] - robot.keyRelease(VK_CONTROL): null

2023-03-09 13:58:05 - [TEST_STEP][PASSED] - robot.keyRelease(VK_SUBTRACT): null

2023-03-09 13:58:05 - [TEST_STEP][PASSED] - robot.keyPress(VK_CONTROL): null

2023-03-09 13:58:05 - [TEST_STEP][PASSED] - robot.keyPress(VK_SUBTRACT): null

2023-03-09 13:58:05 - [TEST_STEP][PASSED] - robot.keyRelease(VK_CONTROL): null

2023-03-09 13:58:05 - [TEST_STEP][PASSED] - robot.keyRelease(VK_SUBTRACT): null

2023-03-09 13:58:05 - [TEST_STEP][PASSED] - robot.keyPress(VK_CONTROL): null

2023-03-09 13:58:05 - [TEST_STEP][PASSED] - robot.keyPress(VK_SUBTRACT): null

2023-03-09 13:58:05 - [TEST_STEP][PASSED] - robot.keyRelease(VK_CONTROL): null

2023-03-09 13:58:05 - [TEST_STEP][PASSED] - robot.keyRelease(VK_SUBTRACT): null

2023-03-09 13:58:05 - [TEST_STEP][PASSED] - robot.keyRelease(VK_CONTROL): null

2023-03-09 13:58:05 - [TEST_STEP][PASSED] - robot.keyRelease(VK_SUBTRACT): null

2023-03-09 13:58:05 - [TEST_STEP][PASSED] - setText(findTestObject("3-OBJECTS UTILIDADES/Login/input_USUARIO_loginusuario"), G_Usuario): Text 'weblogic' is set on object 'Object Repository/3-OBJECTS UTILIDADES/Login/input_USUARIO_loginusuario'

2023-03-09 13:58:06 - [MESSAGE][PASSED] - Text 'weblogic' is set on object 'Object Repository/3-OBJECTS UTILIDADES/Login/input_USUARIO_loginusuario'

2023-03-09 13:58:06 - [TEST_STEP][PASSED] - setEncryptedText(findTestObject("3-OBJECTS UTILIDADES/Login/input_CLAVE_loginpassword"), "SlAwMcyRKqrwbnzhAs8HhT6NnI7sEyng"): Text ****** has been set on object 'Object Repository/3-OBJECTS UTILIDADES/Login/input_CLAVE_loginpassword'

2023-03-09 13:58:09 - [MESSAGE][PASSED] - Text ****** has been set on object 'Object Repository/3-OBJECTS UTILIDADES/Login/input_CLAVE_loginpassword'

2023-03-09 13:58:10 - [TEST_STEP][PASSED] - while (waitForElementClickable(findTestObject("3-OBJECTS UTILIDADES/Login/a_Ingresar"), 1)): Web element with id: 'Object Repository/3-OBJECTS UTILIDADES/Login/a_Ingresar' located by '//a[contains(text(),'Ingresar')]' not found

2023-03-09 13:58:12 - [MESSAGE][INFO] - Unable to find the element located by 'By.xpath: //a[contains(text(),'Ingresar')]'. Please recheck the objects properties to make sure the desired element is located. 

2023-03-09 13:58:12 - [MESSAGE][WARNING] - Web element with id: 'Object Repository/3-OBJECTS UTILIDADES/Login/a_Ingresar' located by '//a[contains(text(),'Ingresar')]' not found

2023-03-09 13:58:12 - [MESSAGE][PASSED] - Call Test Case 'Test Cases/0.1-Login' successfully

2023-03-09 13:58:12 - [TEST_STEP][PASSED] - setText(findTestObject("2-OBJECTS TAREAS SECUNDARIAS/Pruebas Compensación/Listado_Empleados/input_Empresa 1_form_templatej_idt24_input (1)"), "planta personal (tal)"): Text 'planta personal (tal)' is set on object 'Object Repository/2-OBJECTS TAREAS SECUNDARIAS/Pruebas Compensación/Listado_Empleados/input_Empresa 1_form_templatej_idt24_input (1)'

2023-03-09 13:58:12 - [MESSAGE][PASSED] - Text 'planta personal (tal)' is set on object 'Object Repository/2-OBJECTS TAREAS SECUNDARIAS/Pruebas Compensación/Listado_Empleados/input_Empresa 1_form_templatej_idt24_input (1)'

2023-03-09 13:58:12 - [TEST_STEP][PASSED] - click(findTestObject("2-OBJECTS TAREAS SECUNDARIAS/Pruebas planta personal/Buscar_puesto_de_trabajo/span_Planta Personal (ta")): Object: 'Object Repository/2-OBJECTS TAREAS SECUNDARIAS/Pruebas planta personal/Buscar_puesto_de_trabajo/span_Planta Personal (ta' is clicked on

2023-03-09 13:58:14 - [MESSAGE][PASSED] - Object: 'Object Repository/2-OBJECTS TAREAS SECUNDARIAS/Pruebas planta personal/Buscar_puesto_de_trabajo/span_Planta Personal (ta' is clicked on

2023-03-09 13:58:14 - [TEST_STEP][PASSED] - click(findTestObject("2-OBJECTS TAREAS SECUNDARIAS/Pruebas planta personal/Buscar_puesto_de_trabajo/a_Actos Administrativos_organigramabuscar")): Object: 'Object Repository/2-OBJECTS TAREAS SECUNDARIAS/Pruebas planta personal/Buscar_puesto_de_trabajo/a_Actos Administrativos_organigramabuscar' is clicked on

2023-03-09 13:58:16 - [MESSAGE][PASSED] - Object: 'Object Repository/2-OBJECTS TAREAS SECUNDARIAS/Pruebas planta personal/Buscar_puesto_de_trabajo/a_Actos Administrativos_organigramabuscar' is clicked on

2023-03-09 13:58:16 - [TEST_STEP][PASSED] - selectOptionByIndex(findTestObject("2-OBJECTS TAREAS SECUNDARIAS/Pruebas planta personal/Buscar_puesto_de_trabajo/select_--Seleccione--EmpleadoPuesto"), 2): All options with index in [2] are selected on object 'Object Repository/2-OBJECTS TAREAS SECUNDARIAS/Pruebas planta personal/Buscar_puesto_de_trabajo/select_--Seleccione--EmpleadoPuesto'

2023-03-09 13:58:18 - [MESSAGE][PASSED] - All options with index in [2] are selected on object 'Object Repository/2-OBJECTS TAREAS SECUNDARIAS/Pruebas planta personal/Buscar_puesto_de_trabajo/select_--Seleccione--EmpleadoPuesto'

2023-03-09 13:58:18 - [TEST_STEP][PASSED] - click(findTestObject("2-OBJECTS TAREAS SECUNDARIAS/Pruebas planta personal/Buscar_puesto_de_trabajo/a_Cargo_popupBusquedaPlantaj_idt279")): Object: 'Object Repository/2-OBJECTS TAREAS SECUNDARIAS/Pruebas planta personal/Buscar_puesto_de_trabajo/a_Cargo_popupBusquedaPlantaj_idt279' is clicked on

2023-03-09 13:58:18 - [MESSAGE][PASSED] - Object: 'Object Repository/2-OBJECTS TAREAS SECUNDARIAS/Pruebas planta personal/Buscar_puesto_de_trabajo/a_Cargo_popupBusquedaPlantaj_idt279' is clicked on

2023-03-09 13:58:18 - [TEST_STEP][PASSED] - click(findTestObject("2-OBJECTS TAREAS SECUNDARIAS/Pruebas planta personal/Buscar_puesto_de_trabajo/a_Unidad Organizacional_popupBusquedaPlantaj_idt274")): Object: 'Object Repository/2-OBJECTS TAREAS SECUNDARIAS/Pruebas planta personal/Buscar_puesto_de_trabajo/a_Unidad Organizacional_popupBusquedaPlantaj_idt274' is clicked on

2023-03-09 13:58:19 - [MESSAGE][PASSED] - Object: 'Object Repository/2-OBJECTS TAREAS SECUNDARIAS/Pruebas planta personal/Buscar_puesto_de_trabajo/a_Unidad Organizacional_popupBusquedaPlantaj_idt274' is clicked on

2023-03-09 13:58:19 - [TEST_STEP][PASSED] - setText(findTestObject("2-OBJECTS TAREAS SECUNDARIAS/Pruebas planta personal/Buscar_puesto_de_trabajo/input_Unidad_form_popupUnidadUsuarioj_idt880"), "administracion"): Text 'administracion' is set on object 'Object Repository/2-OBJECTS TAREAS SECUNDARIAS/Pruebas planta personal/Buscar_puesto_de_trabajo/input_Unidad_form_popupUnidadUsuarioj_idt880'

2023-03-09 13:58:20 - [MESSAGE][PASSED] - Text 'administracion' is set on object 'Object Repository/2-OBJECTS TAREAS SECUNDARIAS/Pruebas planta personal/Buscar_puesto_de_trabajo/input_Unidad_form_popupUnidadUsuarioj_idt880'

2023-03-09 13:58:20 - [TEST_STEP][PASSED] - sendKeys(findTestObject("2-OBJECTS TAREAS SECUNDARIAS/Pruebas planta personal/Buscar_puesto_de_trabajo/input_Unidad_form_popupUnidadUsuarioj_idt880"), Keys.chord(ENTER)): Keys 'ENTER + ' sent to object: 'Object Repository/2-OBJECTS TAREAS SECUNDARIAS/Pruebas planta personal/Buscar_puesto_de_trabajo/input_Unidad_form_popupUnidadUsuarioj_idt880'

2023-03-09 13:58:20 - [MESSAGE][PASSED] - Keys 'ENTER + ' sent to object: 'Object Repository/2-OBJECTS TAREAS SECUNDARIAS/Pruebas planta personal/Buscar_puesto_de_trabajo/input_Unidad_form_popupUnidadUsuarioj_idt880'

2023-03-09 13:58:20 - [TEST_STEP][PASSED] - click(findTestObject("2-OBJECTS TAREAS SECUNDARIAS/Pruebas planta personal/Buscar_puesto_de_trabajo/span_ADMINISTRACION")): Object: 'Object Repository/2-OBJECTS TAREAS SECUNDARIAS/Pruebas planta personal/Buscar_puesto_de_trabajo/span_ADMINISTRACION' is clicked on

2023-03-09 13:58:21 - [MESSAGE][PASSED] - Object: 'Object Repository/2-OBJECTS TAREAS SECUNDARIAS/Pruebas planta personal/Buscar_puesto_de_trabajo/span_ADMINISTRACION' is clicked on

2023-03-09 13:58:21 - [TEST_STEP][PASSED] - click(findTestObject("2-OBJECTS TAREAS SECUNDARIAS/Pruebas planta personal/Buscar_puesto_de_trabajo/a_Cargo_popupBusquedaPlantaj_idt2790")): Object: 'Object Repository/2-OBJECTS TAREAS SECUNDARIAS/Pruebas planta personal/Buscar_puesto_de_trabajo/a_Cargo_popupBusquedaPlantaj_idt2790' is clicked on

2023-03-09 13:58:22 - [MESSAGE][PASSED] - Object: 'Object Repository/2-OBJECTS TAREAS SECUNDARIAS/Pruebas planta personal/Buscar_puesto_de_trabajo/a_Cargo_popupBusquedaPlantaj_idt2790' is clicked on

2023-03-09 13:58:22 - [TEST_STEP][PASSED] - click(findTestObject("2-OBJECTS TAREAS SECUNDARIAS/Pruebas planta personal/Buscar_puesto_de_trabajo/span_ABOGADO")): Object: 'Object Repository/2-OBJECTS TAREAS SECUNDARIAS/Pruebas planta personal/Buscar_puesto_de_trabajo/span_ABOGADO' is clicked on

2023-03-09 13:58:23 - [MESSAGE][PASSED] - Object: 'Object Repository/2-OBJECTS TAREAS SECUNDARIAS/Pruebas planta personal/Buscar_puesto_de_trabajo/span_ABOGADO' is clicked on

2023-03-09 13:58:23 - [TEST_STEP][PASSED] - click(findTestObject("2-OBJECTS TAREAS SECUNDARIAS/Pruebas planta personal/Buscar_puesto_de_trabajo/span_20139    - Abogado")): Object: 'Object Repository/2-OBJECTS TAREAS SECUNDARIAS/Pruebas planta personal/Buscar_puesto_de_trabajo/span_20139    - Abogado' is clicked on

2023-03-09 13:58:24 - [MESSAGE][PASSED] - Object: 'Object Repository/2-OBJECTS TAREAS SECUNDARIAS/Pruebas planta personal/Buscar_puesto_de_trabajo/span_20139    - Abogado' is clicked on

2023-03-09 13:58:24 - [TEST_STEP][PASSED] - scrollToElement(findTestObject("2-OBJECTS TAREAS SECUNDARIAS/Pruebas planta personal/Buscar_puesto_de_trabajo/span_10308"), 0): Scroll to object 'Object Repository/2-OBJECTS TAREAS SECUNDARIAS/Pruebas planta personal/Buscar_puesto_de_trabajo/span_10308' successfully

2023-03-09 13:58:24 - [MESSAGE][WARNING] - Timeout '0' is invalid. Using default page load timeout: '37'

2023-03-09 13:58:25 - [MESSAGE][PASSED] - Scroll to object 'Object Repository/2-OBJECTS TAREAS SECUNDARIAS/Pruebas planta personal/Buscar_puesto_de_trabajo/span_10308' successfully

2023-03-09 13:58:25 - [TEST_STEP][PASSED] - if (waitForElementVisible(findTestObject("2-OBJECTS TAREAS SECUNDARIAS/Pruebas planta personal/Buscar_puesto_de_trabajo/span_10308"), 1)): null

2023-03-09 13:58:25 - [MESSAGE][PASSED] - Object 'Object Repository/2-OBJECTS TAREAS SECUNDARIAS/Pruebas planta personal/Buscar_puesto_de_trabajo/span_10308' is visible

2023-03-09 13:58:25 - [TEST_STEP][PASSED] - Resultado = "PRUEBA OK": null

2023-03-09 13:58:25 - [MESSAGE][PASSED] - Call Test Case 'Test Cases/1.2-Tareas_Secundarias/A.2-Pruebas_planta_personal/12.1.6-Buscar_puesto_de_trabajo' successfully

2023-03-09 13:58:25 - [TEST_STEP][PASSED] - click(findTestObject("2-OBJECTS TAREAS SECUNDARIAS/Pruebas planta personal/Solicitar_requerimiento/a_Salgado . Paula_organigramaj_idt110")): Object: 'Object Repository/2-OBJECTS TAREAS SECUNDARIAS/Pruebas planta personal/Solicitar_requerimiento/a_Salgado . Paula_organigramaj_idt110' is clicked on

2023-03-09 13:58:25 - [MESSAGE][PASSED] - Object: 'Object Repository/2-OBJECTS TAREAS SECUNDARIAS/Pruebas planta personal/Solicitar_requerimiento/a_Salgado . Paula_organigramaj_idt110' is clicked on

2023-03-09 13:58:25 - [TEST_STEP][PASSED] - waitForElementVisible(findTestObject("2-OBJECTS TAREAS SECUNDARIAS/Pruebas planta personal/Solicitar_requerimiento/div_Motivo Requerimiento"), 0): Object 'Object Repository/2-OBJECTS TAREAS SECUNDARIAS/Pruebas planta personal/Solicitar_requerimiento/div_Motivo Requerimiento' is visible

2023-03-09 13:58:26 - [MESSAGE][WARNING] - Timeout '0' is invalid. Using default page load timeout: '37'

2023-03-09 13:58:27 - [MESSAGE][PASSED] - Object 'Object Repository/2-OBJECTS TAREAS SECUNDARIAS/Pruebas planta personal/Solicitar_requerimiento/div_Motivo Requerimiento' is visible

2023-03-09 13:58:27 - [TEST_STEP][PASSED] - closeBrowser(): Browser is closed

2023-03-09 13:58:27 - [MESSAGE][PASSED] - Browser is closed]]></system-out>
         <system-err><![CDATA[]]></system-err>
      </testcase>
      <testcase name="Test Cases/1.2-Tareas_Secundarias/A.2-Pruebas_planta_personal/12.1.9-Visualizar_opción_otros" time="24.491" classname="Test Cases/1.2-Tareas_Secundarias/A.2-Pruebas_planta_personal/12.1.9-Visualizar_opción_otros" status="PASSED">
         <system-out><![CDATA[2023-03-09 13:58:27 - [TEST_CASE][PASSED] - Test Cases/1.2-Tareas_Secundarias/A.2-Pruebas_planta_personal/12.1.9-Visualizar_opción_otros: Test Cases/1.2-Tareas_Secundarias/A.2-Pruebas_planta_personal/12.1.9-Visualizar_opción_otros

2023-03-09 13:58:28 - [TEST_STEP][PASSED] - callTestCase(findTestCase("1.2-Tareas_Secundarias/A.2-Pruebas_planta_personal/12.1.6-Buscar_puesto_de_trabajo"), [:], STOP_ON_FAILURE): Call Test Case 'Test Cases/1.2-Tareas_Secundarias/A.2-Pruebas_planta_personal/12.1.6-Buscar_puesto_de_trabajo' successfully

2023-03-09 13:58:28 - [TEST_CASE][PASSED] - Test Cases/1.2-Tareas_Secundarias/A.2-Pruebas_planta_personal/12.1.6-Buscar_puesto_de_trabajo: Test Cases/1.2-Tareas_Secundarias/A.2-Pruebas_planta_personal/12.1.6-Buscar_puesto_de_trabajo

2023-03-09 13:58:28 - [TEST_STEP][PASSED] - callTestCase(findTestCase("0.1-Login"), [:], STOP_ON_FAILURE): Call Test Case 'Test Cases/0.1-Login' successfully

2023-03-09 13:58:28 - [TEST_CASE][PASSED] - Test Cases/0.1-Login: Test Cases/0.1-Login

2023-03-09 13:58:28 - [TEST_STEP][PASSED] - openBrowser(""): Browser is opened with url: ''

2023-03-09 13:58:28 - [MESSAGE][INFO] - Starting 'Chrome' driver

2023-03-09 13:58:28 - [MESSAGE][INFO] - Action delay is set to 0 milliseconds

2023-03-09 13:58:29 - [MESSAGE][PASSED] - Browser is opened with url: ''

2023-03-09 13:58:29 - [TEST_STEP][PASSED] - maximizeWindow(): Current window maximized

2023-03-09 13:58:29 - [MESSAGE][PASSED] - Current window maximized

2023-03-09 13:58:29 - [TEST_STEP][PASSED] - i = G_Login: null

2023-03-09 13:58:29 - [TEST_STEP][PASSED] - url = new java.net.URL(i): null

2023-03-09 13:58:29 - [TEST_STEP][PASSED] - println("URL: " + url.toString()): null

2023-03-09 13:58:29 - [TEST_STEP][PASSED] - connection = url.openConnection(): null

2023-03-09 13:58:29 - [TEST_STEP][PASSED] - connection.setRequestMethod("GET"): null

2023-03-09 13:58:29 - [TEST_STEP][PASSED] - connection.setReadTimeout(2 * 1000): null

2023-03-09 13:58:29 - [TEST_STEP][PASSED] - try: null

2023-03-09 13:58:29 - [TEST_STEP][PASSED] - connection.connect(): null

2023-03-09 13:58:29 - [TEST_STEP][PASSED] - flag = connected: null

2023-03-09 13:58:29 - [TEST_STEP][PASSED] - println("Valor_ori: " + flag): null

2023-03-09 13:58:29 - [TEST_STEP][PASSED] - if (flag): null

2023-03-09 13:58:29 - [TEST_STEP][PASSED] - navigateToUrl(i): Navigate to 'http://192.168.2.19:7001/saraweb' successfully

2023-03-09 13:58:31 - [MESSAGE][PASSED] - Navigate to 'http://192.168.2.19:7001/saraweb' successfully

2023-03-09 13:58:31 - [TEST_STEP][PASSED] - a(): null

2023-03-09 13:58:31 - [TEST_STEP][PASSED] - if (waitForElementVisible(findTestObject("3-OBJECTS UTILIDADES/Login/input_USUARIO_loginusuario"), 0)): null

2023-03-09 13:58:31 - [MESSAGE][WARNING] - Timeout '0' is invalid. Using default page load timeout: '37'

2023-03-09 13:58:31 - [MESSAGE][PASSED] - Object 'Object Repository/3-OBJECTS UTILIDADES/Login/input_USUARIO_loginusuario' is visible

2023-03-09 13:58:31 - [TEST_STEP][PASSED] - switchToWindowTitle("SARA"): Switched to window with title: 'SARA'

2023-03-09 13:58:31 - [MESSAGE][PASSED] - Switched to window with title: 'SARA'

2023-03-09 13:58:31 - [TEST_STEP][PASSED] - zoom(): null

2023-03-09 13:58:31 - [TEST_STEP][PASSED] - robot = new java.awt.Robot(): null

2023-03-09 13:58:31 - [TEST_STEP][PASSED] - robot.keyPress(VK_CONTROL): null

2023-03-09 13:58:31 - [TEST_STEP][PASSED] - robot.keyPress(VK_SUBTRACT): null

2023-03-09 13:58:31 - [TEST_STEP][PASSED] - robot.keyRelease(VK_CONTROL): null

2023-03-09 13:58:31 - [TEST_STEP][PASSED] - robot.keyRelease(VK_SUBTRACT): null

2023-03-09 13:58:31 - [TEST_STEP][PASSED] - robot.keyPress(VK_CONTROL): null

2023-03-09 13:58:31 - [TEST_STEP][PASSED] - robot.keyPress(VK_SUBTRACT): null

2023-03-09 13:58:31 - [TEST_STEP][PASSED] - robot.keyRelease(VK_CONTROL): null

2023-03-09 13:58:31 - [TEST_STEP][PASSED] - robot.keyRelease(VK_SUBTRACT): null

2023-03-09 13:58:31 - [TEST_STEP][PASSED] - robot.keyPress(VK_CONTROL): null

2023-03-09 13:58:31 - [TEST_STEP][PASSED] - robot.keyPress(VK_SUBTRACT): null

2023-03-09 13:58:31 - [TEST_STEP][PASSED] - robot.keyRelease(VK_CONTROL): null

2023-03-09 13:58:31 - [TEST_STEP][PASSED] - robot.keyRelease(VK_SUBTRACT): null

2023-03-09 13:58:31 - [TEST_STEP][PASSED] - robot.keyRelease(VK_CONTROL): null

2023-03-09 13:58:31 - [TEST_STEP][PASSED] - robot.keyRelease(VK_SUBTRACT): null

2023-03-09 13:58:31 - [TEST_STEP][PASSED] - setText(findTestObject("3-OBJECTS UTILIDADES/Login/input_USUARIO_loginusuario"), G_Usuario): Text 'weblogic' is set on object 'Object Repository/3-OBJECTS UTILIDADES/Login/input_USUARIO_loginusuario'

2023-03-09 13:58:32 - [MESSAGE][PASSED] - Text 'weblogic' is set on object 'Object Repository/3-OBJECTS UTILIDADES/Login/input_USUARIO_loginusuario'

2023-03-09 13:58:32 - [TEST_STEP][PASSED] - setEncryptedText(findTestObject("3-OBJECTS UTILIDADES/Login/input_CLAVE_loginpassword"), "SlAwMcyRKqrwbnzhAs8HhT6NnI7sEyng"): Text ****** has been set on object 'Object Repository/3-OBJECTS UTILIDADES/Login/input_CLAVE_loginpassword'

2023-03-09 13:58:35 - [MESSAGE][PASSED] - Text ****** has been set on object 'Object Repository/3-OBJECTS UTILIDADES/Login/input_CLAVE_loginpassword'

2023-03-09 13:58:35 - [TEST_STEP][PASSED] - while (waitForElementClickable(findTestObject("3-OBJECTS UTILIDADES/Login/a_Ingresar"), 1)): Web element with id: 'Object Repository/3-OBJECTS UTILIDADES/Login/a_Ingresar' located by '//a[contains(text(),'Ingresar')]' not found

2023-03-09 13:58:37 - [MESSAGE][INFO] - Unable to find the element located by 'By.xpath: //a[contains(text(),'Ingresar')]'. Please recheck the objects properties to make sure the desired element is located. 

2023-03-09 13:58:37 - [MESSAGE][WARNING] - Web element with id: 'Object Repository/3-OBJECTS UTILIDADES/Login/a_Ingresar' located by '//a[contains(text(),'Ingresar')]' not found

2023-03-09 13:58:37 - [MESSAGE][PASSED] - Call Test Case 'Test Cases/0.1-Login' successfully

2023-03-09 13:58:37 - [TEST_STEP][PASSED] - setText(findTestObject("2-OBJECTS TAREAS SECUNDARIAS/Pruebas Compensación/Listado_Empleados/input_Empresa 1_form_templatej_idt24_input (1)"), "planta personal (tal)"): Text 'planta personal (tal)' is set on object 'Object Repository/2-OBJECTS TAREAS SECUNDARIAS/Pruebas Compensación/Listado_Empleados/input_Empresa 1_form_templatej_idt24_input (1)'

2023-03-09 13:58:38 - [MESSAGE][PASSED] - Text 'planta personal (tal)' is set on object 'Object Repository/2-OBJECTS TAREAS SECUNDARIAS/Pruebas Compensación/Listado_Empleados/input_Empresa 1_form_templatej_idt24_input (1)'

2023-03-09 13:58:38 - [TEST_STEP][PASSED] - click(findTestObject("2-OBJECTS TAREAS SECUNDARIAS/Pruebas planta personal/Buscar_puesto_de_trabajo/span_Planta Personal (ta")): Object: 'Object Repository/2-OBJECTS TAREAS SECUNDARIAS/Pruebas planta personal/Buscar_puesto_de_trabajo/span_Planta Personal (ta' is clicked on

2023-03-09 13:58:39 - [MESSAGE][PASSED] - Object: 'Object Repository/2-OBJECTS TAREAS SECUNDARIAS/Pruebas planta personal/Buscar_puesto_de_trabajo/span_Planta Personal (ta' is clicked on

2023-03-09 13:58:39 - [TEST_STEP][PASSED] - click(findTestObject("2-OBJECTS TAREAS SECUNDARIAS/Pruebas planta personal/Buscar_puesto_de_trabajo/a_Actos Administrativos_organigramabuscar")): Object: 'Object Repository/2-OBJECTS TAREAS SECUNDARIAS/Pruebas planta personal/Buscar_puesto_de_trabajo/a_Actos Administrativos_organigramabuscar' is clicked on

2023-03-09 13:58:41 - [MESSAGE][PASSED] - Object: 'Object Repository/2-OBJECTS TAREAS SECUNDARIAS/Pruebas planta personal/Buscar_puesto_de_trabajo/a_Actos Administrativos_organigramabuscar' is clicked on

2023-03-09 13:58:41 - [TEST_STEP][PASSED] - selectOptionByIndex(findTestObject("2-OBJECTS TAREAS SECUNDARIAS/Pruebas planta personal/Buscar_puesto_de_trabajo/select_--Seleccione--EmpleadoPuesto"), 2): All options with index in [2] are selected on object 'Object Repository/2-OBJECTS TAREAS SECUNDARIAS/Pruebas planta personal/Buscar_puesto_de_trabajo/select_--Seleccione--EmpleadoPuesto'

2023-03-09 13:58:43 - [MESSAGE][PASSED] - All options with index in [2] are selected on object 'Object Repository/2-OBJECTS TAREAS SECUNDARIAS/Pruebas planta personal/Buscar_puesto_de_trabajo/select_--Seleccione--EmpleadoPuesto'

2023-03-09 13:58:43 - [TEST_STEP][PASSED] - click(findTestObject("2-OBJECTS TAREAS SECUNDARIAS/Pruebas planta personal/Buscar_puesto_de_trabajo/a_Cargo_popupBusquedaPlantaj_idt279")): Object: 'Object Repository/2-OBJECTS TAREAS SECUNDARIAS/Pruebas planta personal/Buscar_puesto_de_trabajo/a_Cargo_popupBusquedaPlantaj_idt279' is clicked on

2023-03-09 13:58:43 - [MESSAGE][PASSED] - Object: 'Object Repository/2-OBJECTS TAREAS SECUNDARIAS/Pruebas planta personal/Buscar_puesto_de_trabajo/a_Cargo_popupBusquedaPlantaj_idt279' is clicked on

2023-03-09 13:58:43 - [TEST_STEP][PASSED] - click(findTestObject("2-OBJECTS TAREAS SECUNDARIAS/Pruebas planta personal/Buscar_puesto_de_trabajo/a_Unidad Organizacional_popupBusquedaPlantaj_idt274")): Object: 'Object Repository/2-OBJECTS TAREAS SECUNDARIAS/Pruebas planta personal/Buscar_puesto_de_trabajo/a_Unidad Organizacional_popupBusquedaPlantaj_idt274' is clicked on

2023-03-09 13:58:44 - [MESSAGE][PASSED] - Object: 'Object Repository/2-OBJECTS TAREAS SECUNDARIAS/Pruebas planta personal/Buscar_puesto_de_trabajo/a_Unidad Organizacional_popupBusquedaPlantaj_idt274' is clicked on

2023-03-09 13:58:44 - [TEST_STEP][PASSED] - setText(findTestObject("2-OBJECTS TAREAS SECUNDARIAS/Pruebas planta personal/Buscar_puesto_de_trabajo/input_Unidad_form_popupUnidadUsuarioj_idt880"), "administracion"): Text 'administracion' is set on object 'Object Repository/2-OBJECTS TAREAS SECUNDARIAS/Pruebas planta personal/Buscar_puesto_de_trabajo/input_Unidad_form_popupUnidadUsuarioj_idt880'

2023-03-09 13:58:45 - [MESSAGE][PASSED] - Text 'administracion' is set on object 'Object Repository/2-OBJECTS TAREAS SECUNDARIAS/Pruebas planta personal/Buscar_puesto_de_trabajo/input_Unidad_form_popupUnidadUsuarioj_idt880'

2023-03-09 13:58:45 - [TEST_STEP][PASSED] - sendKeys(findTestObject("2-OBJECTS TAREAS SECUNDARIAS/Pruebas planta personal/Buscar_puesto_de_trabajo/input_Unidad_form_popupUnidadUsuarioj_idt880"), Keys.chord(ENTER)): Keys 'ENTER + ' sent to object: 'Object Repository/2-OBJECTS TAREAS SECUNDARIAS/Pruebas planta personal/Buscar_puesto_de_trabajo/input_Unidad_form_popupUnidadUsuarioj_idt880'

2023-03-09 13:58:45 - [MESSAGE][PASSED] - Keys 'ENTER + ' sent to object: 'Object Repository/2-OBJECTS TAREAS SECUNDARIAS/Pruebas planta personal/Buscar_puesto_de_trabajo/input_Unidad_form_popupUnidadUsuarioj_idt880'

2023-03-09 13:58:45 - [TEST_STEP][PASSED] - click(findTestObject("2-OBJECTS TAREAS SECUNDARIAS/Pruebas planta personal/Buscar_puesto_de_trabajo/span_ADMINISTRACION")): Object: 'Object Repository/2-OBJECTS TAREAS SECUNDARIAS/Pruebas planta personal/Buscar_puesto_de_trabajo/span_ADMINISTRACION' is clicked on

2023-03-09 13:58:46 - [MESSAGE][PASSED] - Object: 'Object Repository/2-OBJECTS TAREAS SECUNDARIAS/Pruebas planta personal/Buscar_puesto_de_trabajo/span_ADMINISTRACION' is clicked on

2023-03-09 13:58:46 - [TEST_STEP][PASSED] - click(findTestObject("2-OBJECTS TAREAS SECUNDARIAS/Pruebas planta personal/Buscar_puesto_de_trabajo/a_Cargo_popupBusquedaPlantaj_idt2790")): Object: 'Object Repository/2-OBJECTS TAREAS SECUNDARIAS/Pruebas planta personal/Buscar_puesto_de_trabajo/a_Cargo_popupBusquedaPlantaj_idt2790' is clicked on

2023-03-09 13:58:47 - [MESSAGE][PASSED] - Object: 'Object Repository/2-OBJECTS TAREAS SECUNDARIAS/Pruebas planta personal/Buscar_puesto_de_trabajo/a_Cargo_popupBusquedaPlantaj_idt2790' is clicked on

2023-03-09 13:58:47 - [TEST_STEP][PASSED] - click(findTestObject("2-OBJECTS TAREAS SECUNDARIAS/Pruebas planta personal/Buscar_puesto_de_trabajo/span_ABOGADO")): Object: 'Object Repository/2-OBJECTS TAREAS SECUNDARIAS/Pruebas planta personal/Buscar_puesto_de_trabajo/span_ABOGADO' is clicked on

2023-03-09 13:58:48 - [MESSAGE][PASSED] - Object: 'Object Repository/2-OBJECTS TAREAS SECUNDARIAS/Pruebas planta personal/Buscar_puesto_de_trabajo/span_ABOGADO' is clicked on

2023-03-09 13:58:48 - [TEST_STEP][PASSED] - click(findTestObject("2-OBJECTS TAREAS SECUNDARIAS/Pruebas planta personal/Buscar_puesto_de_trabajo/span_20139    - Abogado")): Object: 'Object Repository/2-OBJECTS TAREAS SECUNDARIAS/Pruebas planta personal/Buscar_puesto_de_trabajo/span_20139    - Abogado' is clicked on

2023-03-09 13:58:48 - [MESSAGE][PASSED] - Object: 'Object Repository/2-OBJECTS TAREAS SECUNDARIAS/Pruebas planta personal/Buscar_puesto_de_trabajo/span_20139    - Abogado' is clicked on

2023-03-09 13:58:48 - [TEST_STEP][PASSED] - scrollToElement(findTestObject("2-OBJECTS TAREAS SECUNDARIAS/Pruebas planta personal/Buscar_puesto_de_trabajo/span_10308"), 0): Scroll to object 'Object Repository/2-OBJECTS TAREAS SECUNDARIAS/Pruebas planta personal/Buscar_puesto_de_trabajo/span_10308' successfully

2023-03-09 13:58:49 - [MESSAGE][WARNING] - Timeout '0' is invalid. Using default page load timeout: '37'

2023-03-09 13:58:50 - [MESSAGE][PASSED] - Scroll to object 'Object Repository/2-OBJECTS TAREAS SECUNDARIAS/Pruebas planta personal/Buscar_puesto_de_trabajo/span_10308' successfully

2023-03-09 13:58:50 - [TEST_STEP][PASSED] - if (waitForElementVisible(findTestObject("2-OBJECTS TAREAS SECUNDARIAS/Pruebas planta personal/Buscar_puesto_de_trabajo/span_10308"), 1)): null

2023-03-09 13:58:50 - [MESSAGE][PASSED] - Object 'Object Repository/2-OBJECTS TAREAS SECUNDARIAS/Pruebas planta personal/Buscar_puesto_de_trabajo/span_10308' is visible

2023-03-09 13:58:50 - [TEST_STEP][PASSED] - Resultado = "PRUEBA OK": null

2023-03-09 13:58:50 - [MESSAGE][PASSED] - Call Test Case 'Test Cases/1.2-Tareas_Secundarias/A.2-Pruebas_planta_personal/12.1.6-Buscar_puesto_de_trabajo' successfully

2023-03-09 13:58:50 - [TEST_STEP][PASSED] - click(findTestObject("2-OBJECTS TAREAS SECUNDARIAS/Pruebas planta personal/Visualizar_opción_otros/a_Salgado . Paula_organigramaj_idt109")): Object: 'Object Repository/2-OBJECTS TAREAS SECUNDARIAS/Pruebas planta personal/Visualizar_opción_otros/a_Salgado . Paula_organigramaj_idt109' is clicked on

2023-03-09 13:58:50 - [MESSAGE][PASSED] - Object: 'Object Repository/2-OBJECTS TAREAS SECUNDARIAS/Pruebas planta personal/Visualizar_opción_otros/a_Salgado . Paula_organigramaj_idt109' is clicked on

2023-03-09 13:58:50 - [TEST_STEP][PASSED] - waitForElementVisible(findTestObject("2-OBJECTS TAREAS SECUNDARIAS/Pruebas planta personal/Visualizar_opción_otros/table_Salgado . Paula66666CalidadAdministracion40 Mil Staff"), 0): Object 'Object Repository/2-OBJECTS TAREAS SECUNDARIAS/Pruebas planta personal/Visualizar_opción_otros/table_Salgado . Paula66666CalidadAdministracion40 Mil Staff' is visible

2023-03-09 13:58:50 - [MESSAGE][WARNING] - Timeout '0' is invalid. Using default page load timeout: '37'

2023-03-09 13:58:51 - [MESSAGE][PASSED] - Object 'Object Repository/2-OBJECTS TAREAS SECUNDARIAS/Pruebas planta personal/Visualizar_opción_otros/table_Salgado . Paula66666CalidadAdministracion40 Mil Staff' is visible

2023-03-09 13:58:51 - [TEST_STEP][PASSED] - closeBrowser(): Browser is closed

2023-03-09 13:58:52 - [MESSAGE][PASSED] - Browser is closed]]></system-out>
         <system-err><![CDATA[]]></system-err>
      </testcase>
      <testcase name="Test Cases/1.2-Tareas_Secundarias/A.2-Pruebas_planta_personal/12.2.1-Crear_descripción_del_cargo" time="68.464" classname="Test Cases/1.2-Tareas_Secundarias/A.2-Pruebas_planta_personal/12.2.1-Crear_descripción_del_cargo" status="FAILED">
         <failure type="FAILED" message="Test Cases/1.2-Tareas_Secundarias/A.2-Pruebas_planta_personal/12.2.1-Crear_descripción_del_cargo FAILED.
Reason:
com.kms.katalon.core.exception.StepFailedException: Unable to click on object 'Object Repository/2-OBJECTS TAREAS SECUNDARIAS/Pruebas planta personal/Crear_descripción_del_cargo/a_Guardar'
	at com.kms.katalon.core.webui.keyword.internal.WebUIKeywordMain.stepFailed(WebUIKeywordMain.groovy:64)
	at com.kms.katalon.core.webui.keyword.internal.WebUIKeywordMain.runKeyword(WebUIKeywordMain.groovy:26)
	at com.kms.katalon.core.webui.keyword.builtin.ClickKeyword.click(ClickKeyword.groovy:74)
	at com.kms.katalon.core.webui.keyword.builtin.ClickKeyword.execute(ClickKeyword.groovy:40)
	at com.kms.katalon.core.keyword.internal.KeywordExecutor.executeKeywordForPlatform(KeywordExecutor.groovy:74)
	at com.kms.katalon.core.webui.keyword.WebUiBuiltInKeywords.click(WebUiBuiltInKeywords.groovy:620)
	at com.kms.katalon.core.webui.keyword.WebUiBuiltInKeywords$click$9.call(Unknown Source)
	at 12.2.1-Crear_descripción_del_cargo.run(12.2.1-Crear_descripción_del_cargo:42)
	at com.kms.katalon.core.main.ScriptEngine.run(ScriptEngine.java:194)
	at com.kms.katalon.core.main.ScriptEngine.runScriptAsRawText(ScriptEngine.java:119)
	at com.kms.katalon.core.main.TestCaseExecutor.runScript(TestCaseExecutor.java:448)
	at com.kms.katalon.core.main.TestCaseExecutor.doExecute(TestCaseExecutor.java:439)
	at com.kms.katalon.core.main.TestCaseExecutor.processExecutionPhase(TestCaseExecutor.java:418)
	at com.kms.katalon.core.main.TestCaseExecutor.accessMainPhase(TestCaseExecutor.java:410)
	at com.kms.katalon.core.main.TestCaseExecutor.execute(TestCaseExecutor.java:285)
	at com.kms.katalon.core.common.CommonExecutor.accessTestCaseMainPhase(CommonExecutor.java:65)
	at com.kms.katalon.core.main.TestSuiteExecutor.accessTestSuiteMainPhase(TestSuiteExecutor.java:151)
	at com.kms.katalon.core.main.TestSuiteExecutor.execute(TestSuiteExecutor.java:106)
	at com.kms.katalon.core.main.TestCaseMain.startTestSuite(TestCaseMain.java:185)
	at com.kms.katalon.core.main.TestCaseMain$startTestSuite$0.call(Unknown Source)
	at TempTestSuite1678383366099.run(TempTestSuite1678383366099.groovy:36)
Caused by: org.openqa.selenium.ElementClickInterceptedException: element click intercepted: Element &lt;a id=&quot;descripcionCargo_form:j_idt1714&quot; href=&quot;#&quot; class=&quot;ui-commandlink ui-widget us-boton btn-guardar&quot; onclick=&quot;PrimeFaces.ab({s:&amp;quot;descripcionCargo_form:j_idt1714&amp;quot;,f:&amp;quot;descripcionCargo_form&amp;quot;,u:&amp;quot;areaAplicacion&amp;quot;});return false;&quot;>...&lt;/a> is not clickable at point (405, 597). Other element would receive the click: &lt;div id=&quot;popupErrorDialog:dialog_popupFoto_modal&quot; class=&quot;ui-widget-overlay ui-dialog-mask&quot; style=&quot;z-index: 1033;&quot;>&lt;/div>
  (Session info: chrome=110.0.5481.178)
Build info: version: '3.141.59', revision: 'e82be7d358', time: '2018-11-14T08:25:53'
System info: host: 'US-AF-000371', ip: '192.168.56.1', os.name: 'Windows 10', os.arch: 'amd64', os.version: '10.0', java.version: '1.8.0_282'
Driver info: com.kms.katalon.selenium.driver.CChromeDriver
Capabilities {acceptInsecureCerts: false, browserName: chrome, browserVersion: 110.0.5481.178, chrome: {chromedriverVersion: 109.0.5414.74 (e7c5703604da..., userDataDir: C:\Users\DIEGO~1.ROJ\AppDat...}, goog:chromeOptions: {debuggerAddress: localhost:51044}, javascriptEnabled: true, networkConnectionEnabled: false, pageLoadStrategy: normal, platform: WINDOWS, platformName: WINDOWS, proxy: Proxy(), setWindowRect: true, strictFileInteractability: false, timeouts: {implicit: 0, pageLoad: 300000, script: 30000}, unhandledPromptBehavior: dismiss and notify, webauthn:extension:credBlob: true, webauthn:extension:largeBlob: true, webauthn:virtualAuthenticators: true}
Session ID: ea76c833a114af242aecc3e2ee119f43
	at org.openqa.selenium.remote.http.W3CHttpResponseCodec.createException(W3CHttpResponseCodec.java:187)
	at org.openqa.selenium.remote.http.W3CHttpResponseCodec.decode(W3CHttpResponseCodec.java:122)
	at org.openqa.selenium.remote.http.W3CHttpResponseCodec.decode(W3CHttpResponseCodec.java:49)
	at org.openqa.selenium.remote.HttpCommandExecutor.execute(HttpCommandExecutor.java:158)
	at org.openqa.selenium.remote.service.DriverCommandExecutor.execute(DriverCommandExecutor.java:83)
	at org.openqa.selenium.remote.RemoteWebDriver.execute(RemoteWebDriver.java:552)
	at com.kms.katalon.selenium.driver.CChromeDriver.execute(CChromeDriver.java:19)
	at org.openqa.selenium.remote.RemoteWebElement.execute(RemoteWebElement.java:285)
	at org.openqa.selenium.remote.RemoteWebElement.click(RemoteWebElement.java:84)
	at org.openqa.selenium.support.events.EventFiringWebDriver$EventFiringWebElement.lambda$new$0(EventFiringWebDriver.java:404)
	at com.sun.proxy.$Proxy11.click(Unknown Source)
	at org.openqa.selenium.support.events.EventFiringWebDriver$EventFiringWebElement.click(EventFiringWebDriver.java:417)
	at org.openqa.selenium.WebElement$click$0.call(Unknown Source)
	at com.kms.katalon.core.webui.keyword.builtin.ClickKeyword.clickUntilSuccessWithTimeout(ClickKeyword.groovy:81)
	at com.kms.katalon.core.webui.keyword.builtin.ClickKeyword.clickUntilSuccessWithTimeout(ClickKeyword.groovy)
	at com.kms.katalon.core.webui.keyword.builtin.ClickKeyword$_click_closure1.doCall(ClickKeyword.groovy:67)
	at com.kms.katalon.core.webui.keyword.builtin.ClickKeyword$_click_closure1.call(ClickKeyword.groovy)
	at com.kms.katalon.core.webui.keyword.internal.WebUIKeywordMain.runKeyword(WebUIKeywordMain.groovy:20)
	... 19 more
"/>
         <system-out><![CDATA[2023-03-09 13:58:52 - [TEST_CASE][FAILED] - Test Cases/1.2-Tareas_Secundarias/A.2-Pruebas_planta_personal/12.2.1-Crear_descripción_del_cargo: Test Cases/1.2-Tareas_Secundarias/A.2-Pruebas_planta_personal/12.2.1-Crear_descripción_del_cargo FAILED.
Reason:
com.kms.katalon.core.exception.StepFailedException: Unable to click on object 'Object Repository/2-OBJECTS TAREAS SECUNDARIAS/Pruebas planta personal/Crear_descripción_del_cargo/a_Guardar'
	at com.kms.katalon.core.webui.keyword.internal.WebUIKeywordMain.stepFailed(WebUIKeywordMain.groovy:64)
	at com.kms.katalon.core.webui.keyword.internal.WebUIKeywordMain.runKeyword(WebUIKeywordMain.groovy:26)
	at com.kms.katalon.core.webui.keyword.builtin.ClickKeyword.click(ClickKeyword.groovy:74)
	at com.kms.katalon.core.webui.keyword.builtin.ClickKeyword.execute(ClickKeyword.groovy:40)
	at com.kms.katalon.core.keyword.internal.KeywordExecutor.executeKeywordForPlatform(KeywordExecutor.groovy:74)
	at com.kms.katalon.core.webui.keyword.WebUiBuiltInKeywords.click(WebUiBuiltInKeywords.groovy:620)
	at com.kms.katalon.core.webui.keyword.WebUiBuiltInKeywords$click$9.call(Unknown Source)
	at 12.2.1-Crear_descripción_del_cargo.run(12.2.1-Crear_descripción_del_cargo:42)
	at com.kms.katalon.core.main.ScriptEngine.run(ScriptEngine.java:194)
	at com.kms.katalon.core.main.ScriptEngine.runScriptAsRawText(ScriptEngine.java:119)
	at com.kms.katalon.core.main.TestCaseExecutor.runScript(TestCaseExecutor.java:448)
	at com.kms.katalon.core.main.TestCaseExecutor.doExecute(TestCaseExecutor.java:439)
	at com.kms.katalon.core.main.TestCaseExecutor.processExecutionPhase(TestCaseExecutor.java:418)
	at com.kms.katalon.core.main.TestCaseExecutor.accessMainPhase(TestCaseExecutor.java:410)
	at com.kms.katalon.core.main.TestCaseExecutor.execute(TestCaseExecutor.java:285)
	at com.kms.katalon.core.common.CommonExecutor.accessTestCaseMainPhase(CommonExecutor.java:65)
	at com.kms.katalon.core.main.TestSuiteExecutor.accessTestSuiteMainPhase(TestSuiteExecutor.java:151)
	at com.kms.katalon.core.main.TestSuiteExecutor.execute(TestSuiteExecutor.java:106)
	at com.kms.katalon.core.main.TestCaseMain.startTestSuite(TestCaseMain.java:185)
	at com.kms.katalon.core.main.TestCaseMain$startTestSuite$0.call(Unknown Source)
	at TempTestSuite1678383366099.run(TempTestSuite1678383366099.groovy:36)
Caused by: org.openqa.selenium.ElementClickInterceptedException: element click intercepted: Element <a id="descripcionCargo_form:j_idt1714" href="#" class="ui-commandlink ui-widget us-boton btn-guardar" onclick="PrimeFaces.ab({s:&quot;descripcionCargo_form:j_idt1714&quot;,f:&quot;descripcionCargo_form&quot;,u:&quot;areaAplicacion&quot;});return false;">...</a> is not clickable at point (405, 597). Other element would receive the click: <div id="popupErrorDialog:dialog_popupFoto_modal" class="ui-widget-overlay ui-dialog-mask" style="z-index: 1033;"></div>
  (Session info: chrome=110.0.5481.178)
Build info: version: '3.141.59', revision: 'e82be7d358', time: '2018-11-14T08:25:53'
System info: host: 'US-AF-000371', ip: '192.168.56.1', os.name: 'Windows 10', os.arch: 'amd64', os.version: '10.0', java.version: '1.8.0_282'
Driver info: com.kms.katalon.selenium.driver.CChromeDriver
Capabilities {acceptInsecureCerts: false, browserName: chrome, browserVersion: 110.0.5481.178, chrome: {chromedriverVersion: 109.0.5414.74 (e7c5703604da..., userDataDir: C:\Users\DIEGO~1.ROJ\AppDat...}, goog:chromeOptions: {debuggerAddress: localhost:51044}, javascriptEnabled: true, networkConnectionEnabled: false, pageLoadStrategy: normal, platform: WINDOWS, platformName: WINDOWS, proxy: Proxy(), setWindowRect: true, strictFileInteractability: false, timeouts: {implicit: 0, pageLoad: 300000, script: 30000}, unhandledPromptBehavior: dismiss and notify, webauthn:extension:credBlob: true, webauthn:extension:largeBlob: true, webauthn:virtualAuthenticators: true}
Session ID: ea76c833a114af242aecc3e2ee119f43
	at org.openqa.selenium.remote.http.W3CHttpResponseCodec.createException(W3CHttpResponseCodec.java:187)
	at org.openqa.selenium.remote.http.W3CHttpResponseCodec.decode(W3CHttpResponseCodec.java:122)
	at org.openqa.selenium.remote.http.W3CHttpResponseCodec.decode(W3CHttpResponseCodec.java:49)
	at org.openqa.selenium.remote.HttpCommandExecutor.execute(HttpCommandExecutor.java:158)
	at org.openqa.selenium.remote.service.DriverCommandExecutor.execute(DriverCommandExecutor.java:83)
	at org.openqa.selenium.remote.RemoteWebDriver.execute(RemoteWebDriver.java:552)
	at com.kms.katalon.selenium.driver.CChromeDriver.execute(CChromeDriver.java:19)
	at org.openqa.selenium.remote.RemoteWebElement.execute(RemoteWebElement.java:285)
	at org.openqa.selenium.remote.RemoteWebElement.click(RemoteWebElement.java:84)
	at org.openqa.selenium.support.events.EventFiringWebDriver$EventFiringWebElement.lambda$new$0(EventFiringWebDriver.java:404)
	at com.sun.proxy.$Proxy11.click(Unknown Source)
	at org.openqa.selenium.support.events.EventFiringWebDriver$EventFiringWebElement.click(EventFiringWebDriver.java:417)
	at org.openqa.selenium.WebElement$click$0.call(Unknown Source)
	at com.kms.katalon.core.webui.keyword.builtin.ClickKeyword.clickUntilSuccessWithTimeout(ClickKeyword.groovy:81)
	at com.kms.katalon.core.webui.keyword.builtin.ClickKeyword.clickUntilSuccessWithTimeout(ClickKeyword.groovy)
	at com.kms.katalon.core.webui.keyword.builtin.ClickKeyword$_click_closure1.doCall(ClickKeyword.groovy:67)
	at com.kms.katalon.core.webui.keyword.builtin.ClickKeyword$_click_closure1.call(ClickKeyword.groovy)
	at com.kms.katalon.core.webui.keyword.internal.WebUIKeywordMain.runKeyword(WebUIKeywordMain.groovy:20)
	... 19 more


2023-03-09 13:58:52 - [TEST_STEP][PASSED] - callTestCase(findTestCase("1.2-Tareas_Secundarias/A.2-Pruebas_planta_personal/12.1.6-Buscar_puesto_de_trabajo"), [:], STOP_ON_FAILURE): Call Test Case 'Test Cases/1.2-Tareas_Secundarias/A.2-Pruebas_planta_personal/12.1.6-Buscar_puesto_de_trabajo' successfully

2023-03-09 13:58:52 - [TEST_CASE][PASSED] - Test Cases/1.2-Tareas_Secundarias/A.2-Pruebas_planta_personal/12.1.6-Buscar_puesto_de_trabajo: Test Cases/1.2-Tareas_Secundarias/A.2-Pruebas_planta_personal/12.1.6-Buscar_puesto_de_trabajo

2023-03-09 13:58:52 - [TEST_STEP][PASSED] - callTestCase(findTestCase("0.1-Login"), [:], STOP_ON_FAILURE): Call Test Case 'Test Cases/0.1-Login' successfully

2023-03-09 13:58:52 - [TEST_CASE][PASSED] - Test Cases/0.1-Login: Test Cases/0.1-Login

2023-03-09 13:58:52 - [TEST_STEP][PASSED] - openBrowser(""): Browser is opened with url: ''

2023-03-09 13:58:52 - [MESSAGE][INFO] - Starting 'Chrome' driver

2023-03-09 13:58:52 - [MESSAGE][INFO] - Action delay is set to 0 milliseconds

2023-03-09 13:58:54 - [MESSAGE][PASSED] - Browser is opened with url: ''

2023-03-09 13:58:54 - [TEST_STEP][PASSED] - maximizeWindow(): Current window maximized

2023-03-09 13:58:54 - [MESSAGE][PASSED] - Current window maximized

2023-03-09 13:58:54 - [TEST_STEP][PASSED] - i = G_Login: null

2023-03-09 13:58:54 - [TEST_STEP][PASSED] - url = new java.net.URL(i): null

2023-03-09 13:58:54 - [TEST_STEP][PASSED] - println("URL: " + url.toString()): null

2023-03-09 13:58:54 - [TEST_STEP][PASSED] - connection = url.openConnection(): null

2023-03-09 13:58:54 - [TEST_STEP][PASSED] - connection.setRequestMethod("GET"): null

2023-03-09 13:58:54 - [TEST_STEP][PASSED] - connection.setReadTimeout(2 * 1000): null

2023-03-09 13:58:54 - [TEST_STEP][PASSED] - try: null

2023-03-09 13:58:54 - [TEST_STEP][PASSED] - connection.connect(): null

2023-03-09 13:58:54 - [TEST_STEP][PASSED] - flag = connected: null

2023-03-09 13:58:54 - [TEST_STEP][PASSED] - println("Valor_ori: " + flag): null

2023-03-09 13:58:54 - [TEST_STEP][PASSED] - if (flag): null

2023-03-09 13:58:54 - [TEST_STEP][PASSED] - navigateToUrl(i): Navigate to 'http://192.168.2.19:7001/saraweb' successfully

2023-03-09 13:58:55 - [MESSAGE][PASSED] - Navigate to 'http://192.168.2.19:7001/saraweb' successfully

2023-03-09 13:58:55 - [TEST_STEP][PASSED] - a(): null

2023-03-09 13:58:55 - [TEST_STEP][PASSED] - if (waitForElementVisible(findTestObject("3-OBJECTS UTILIDADES/Login/input_USUARIO_loginusuario"), 0)): null

2023-03-09 13:58:55 - [MESSAGE][WARNING] - Timeout '0' is invalid. Using default page load timeout: '37'

2023-03-09 13:58:55 - [MESSAGE][PASSED] - Object 'Object Repository/3-OBJECTS UTILIDADES/Login/input_USUARIO_loginusuario' is visible

2023-03-09 13:58:55 - [TEST_STEP][PASSED] - switchToWindowTitle("SARA"): Switched to window with title: 'SARA'

2023-03-09 13:58:55 - [MESSAGE][PASSED] - Switched to window with title: 'SARA'

2023-03-09 13:58:55 - [TEST_STEP][PASSED] - zoom(): null

2023-03-09 13:58:55 - [TEST_STEP][PASSED] - robot = new java.awt.Robot(): null

2023-03-09 13:58:55 - [TEST_STEP][PASSED] - robot.keyPress(VK_CONTROL): null

2023-03-09 13:58:55 - [TEST_STEP][PASSED] - robot.keyPress(VK_SUBTRACT): null

2023-03-09 13:58:55 - [TEST_STEP][PASSED] - robot.keyRelease(VK_CONTROL): null

2023-03-09 13:58:55 - [TEST_STEP][PASSED] - robot.keyRelease(VK_SUBTRACT): null

2023-03-09 13:58:55 - [TEST_STEP][PASSED] - robot.keyPress(VK_CONTROL): null

2023-03-09 13:58:55 - [TEST_STEP][PASSED] - robot.keyPress(VK_SUBTRACT): null

2023-03-09 13:58:55 - [TEST_STEP][PASSED] - robot.keyRelease(VK_CONTROL): null

2023-03-09 13:58:55 - [TEST_STEP][PASSED] - robot.keyRelease(VK_SUBTRACT): null

2023-03-09 13:58:55 - [TEST_STEP][PASSED] - robot.keyPress(VK_CONTROL): null

2023-03-09 13:58:55 - [TEST_STEP][PASSED] - robot.keyPress(VK_SUBTRACT): null

2023-03-09 13:58:55 - [TEST_STEP][PASSED] - robot.keyRelease(VK_CONTROL): null

2023-03-09 13:58:55 - [TEST_STEP][PASSED] - robot.keyRelease(VK_SUBTRACT): null

2023-03-09 13:58:55 - [TEST_STEP][PASSED] - robot.keyRelease(VK_CONTROL): null

2023-03-09 13:58:55 - [TEST_STEP][PASSED] - robot.keyRelease(VK_SUBTRACT): null

2023-03-09 13:58:55 - [TEST_STEP][PASSED] - setText(findTestObject("3-OBJECTS UTILIDADES/Login/input_USUARIO_loginusuario"), G_Usuario): Text 'weblogic' is set on object 'Object Repository/3-OBJECTS UTILIDADES/Login/input_USUARIO_loginusuario'

2023-03-09 13:58:56 - [MESSAGE][PASSED] - Text 'weblogic' is set on object 'Object Repository/3-OBJECTS UTILIDADES/Login/input_USUARIO_loginusuario'

2023-03-09 13:58:56 - [TEST_STEP][PASSED] - setEncryptedText(findTestObject("3-OBJECTS UTILIDADES/Login/input_CLAVE_loginpassword"), "SlAwMcyRKqrwbnzhAs8HhT6NnI7sEyng"): Text ****** has been set on object 'Object Repository/3-OBJECTS UTILIDADES/Login/input_CLAVE_loginpassword'

2023-03-09 13:58:59 - [MESSAGE][PASSED] - Text ****** has been set on object 'Object Repository/3-OBJECTS UTILIDADES/Login/input_CLAVE_loginpassword'

2023-03-09 13:58:59 - [TEST_STEP][PASSED] - while (waitForElementClickable(findTestObject("3-OBJECTS UTILIDADES/Login/a_Ingresar"), 1)): Web element with id: 'Object Repository/3-OBJECTS UTILIDADES/Login/a_Ingresar' located by '//a[contains(text(),'Ingresar')]' not found

2023-03-09 13:59:02 - [MESSAGE][INFO] - Unable to find the element located by 'By.xpath: //a[contains(text(),'Ingresar')]'. Please recheck the objects properties to make sure the desired element is located. 

2023-03-09 13:59:02 - [MESSAGE][WARNING] - Web element with id: 'Object Repository/3-OBJECTS UTILIDADES/Login/a_Ingresar' located by '//a[contains(text(),'Ingresar')]' not found

2023-03-09 13:59:02 - [MESSAGE][PASSED] - Call Test Case 'Test Cases/0.1-Login' successfully

2023-03-09 13:59:02 - [TEST_STEP][PASSED] - setText(findTestObject("2-OBJECTS TAREAS SECUNDARIAS/Pruebas Compensación/Listado_Empleados/input_Empresa 1_form_templatej_idt24_input (1)"), "planta personal (tal)"): Text 'planta personal (tal)' is set on object 'Object Repository/2-OBJECTS TAREAS SECUNDARIAS/Pruebas Compensación/Listado_Empleados/input_Empresa 1_form_templatej_idt24_input (1)'

2023-03-09 13:59:02 - [MESSAGE][PASSED] - Text 'planta personal (tal)' is set on object 'Object Repository/2-OBJECTS TAREAS SECUNDARIAS/Pruebas Compensación/Listado_Empleados/input_Empresa 1_form_templatej_idt24_input (1)'

2023-03-09 13:59:02 - [TEST_STEP][PASSED] - click(findTestObject("2-OBJECTS TAREAS SECUNDARIAS/Pruebas planta personal/Buscar_puesto_de_trabajo/span_Planta Personal (ta")): Object: 'Object Repository/2-OBJECTS TAREAS SECUNDARIAS/Pruebas planta personal/Buscar_puesto_de_trabajo/span_Planta Personal (ta' is clicked on

2023-03-09 13:59:04 - [MESSAGE][PASSED] - Object: 'Object Repository/2-OBJECTS TAREAS SECUNDARIAS/Pruebas planta personal/Buscar_puesto_de_trabajo/span_Planta Personal (ta' is clicked on

2023-03-09 13:59:04 - [TEST_STEP][PASSED] - click(findTestObject("2-OBJECTS TAREAS SECUNDARIAS/Pruebas planta personal/Buscar_puesto_de_trabajo/a_Actos Administrativos_organigramabuscar")): Object: 'Object Repository/2-OBJECTS TAREAS SECUNDARIAS/Pruebas planta personal/Buscar_puesto_de_trabajo/a_Actos Administrativos_organigramabuscar' is clicked on

2023-03-09 13:59:07 - [MESSAGE][PASSED] - Object: 'Object Repository/2-OBJECTS TAREAS SECUNDARIAS/Pruebas planta personal/Buscar_puesto_de_trabajo/a_Actos Administrativos_organigramabuscar' is clicked on

2023-03-09 13:59:07 - [TEST_STEP][PASSED] - selectOptionByIndex(findTestObject("2-OBJECTS TAREAS SECUNDARIAS/Pruebas planta personal/Buscar_puesto_de_trabajo/select_--Seleccione--EmpleadoPuesto"), 2): All options with index in [2] are selected on object 'Object Repository/2-OBJECTS TAREAS SECUNDARIAS/Pruebas planta personal/Buscar_puesto_de_trabajo/select_--Seleccione--EmpleadoPuesto'

2023-03-09 13:59:08 - [MESSAGE][PASSED] - All options with index in [2] are selected on object 'Object Repository/2-OBJECTS TAREAS SECUNDARIAS/Pruebas planta personal/Buscar_puesto_de_trabajo/select_--Seleccione--EmpleadoPuesto'

2023-03-09 13:59:08 - [TEST_STEP][PASSED] - click(findTestObject("2-OBJECTS TAREAS SECUNDARIAS/Pruebas planta personal/Buscar_puesto_de_trabajo/a_Cargo_popupBusquedaPlantaj_idt279")): Object: 'Object Repository/2-OBJECTS TAREAS SECUNDARIAS/Pruebas planta personal/Buscar_puesto_de_trabajo/a_Cargo_popupBusquedaPlantaj_idt279' is clicked on

2023-03-09 13:59:09 - [MESSAGE][PASSED] - Object: 'Object Repository/2-OBJECTS TAREAS SECUNDARIAS/Pruebas planta personal/Buscar_puesto_de_trabajo/a_Cargo_popupBusquedaPlantaj_idt279' is clicked on

2023-03-09 13:59:09 - [TEST_STEP][PASSED] - click(findTestObject("2-OBJECTS TAREAS SECUNDARIAS/Pruebas planta personal/Buscar_puesto_de_trabajo/a_Unidad Organizacional_popupBusquedaPlantaj_idt274")): Object: 'Object Repository/2-OBJECTS TAREAS SECUNDARIAS/Pruebas planta personal/Buscar_puesto_de_trabajo/a_Unidad Organizacional_popupBusquedaPlantaj_idt274' is clicked on

2023-03-09 13:59:10 - [MESSAGE][PASSED] - Object: 'Object Repository/2-OBJECTS TAREAS SECUNDARIAS/Pruebas planta personal/Buscar_puesto_de_trabajo/a_Unidad Organizacional_popupBusquedaPlantaj_idt274' is clicked on

2023-03-09 13:59:10 - [TEST_STEP][PASSED] - setText(findTestObject("2-OBJECTS TAREAS SECUNDARIAS/Pruebas planta personal/Buscar_puesto_de_trabajo/input_Unidad_form_popupUnidadUsuarioj_idt880"), "administracion"): Text 'administracion' is set on object 'Object Repository/2-OBJECTS TAREAS SECUNDARIAS/Pruebas planta personal/Buscar_puesto_de_trabajo/input_Unidad_form_popupUnidadUsuarioj_idt880'

2023-03-09 13:59:11 - [MESSAGE][PASSED] - Text 'administracion' is set on object 'Object Repository/2-OBJECTS TAREAS SECUNDARIAS/Pruebas planta personal/Buscar_puesto_de_trabajo/input_Unidad_form_popupUnidadUsuarioj_idt880'

2023-03-09 13:59:11 - [TEST_STEP][PASSED] - sendKeys(findTestObject("2-OBJECTS TAREAS SECUNDARIAS/Pruebas planta personal/Buscar_puesto_de_trabajo/input_Unidad_form_popupUnidadUsuarioj_idt880"), Keys.chord(ENTER)): Keys 'ENTER + ' sent to object: 'Object Repository/2-OBJECTS TAREAS SECUNDARIAS/Pruebas planta personal/Buscar_puesto_de_trabajo/input_Unidad_form_popupUnidadUsuarioj_idt880'

2023-03-09 13:59:11 - [MESSAGE][PASSED] - Keys 'ENTER + ' sent to object: 'Object Repository/2-OBJECTS TAREAS SECUNDARIAS/Pruebas planta personal/Buscar_puesto_de_trabajo/input_Unidad_form_popupUnidadUsuarioj_idt880'

2023-03-09 13:59:11 - [TEST_STEP][PASSED] - click(findTestObject("2-OBJECTS TAREAS SECUNDARIAS/Pruebas planta personal/Buscar_puesto_de_trabajo/span_ADMINISTRACION")): Object: 'Object Repository/2-OBJECTS TAREAS SECUNDARIAS/Pruebas planta personal/Buscar_puesto_de_trabajo/span_ADMINISTRACION' is clicked on

2023-03-09 13:59:12 - [MESSAGE][PASSED] - Object: 'Object Repository/2-OBJECTS TAREAS SECUNDARIAS/Pruebas planta personal/Buscar_puesto_de_trabajo/span_ADMINISTRACION' is clicked on

2023-03-09 13:59:12 - [TEST_STEP][PASSED] - click(findTestObject("2-OBJECTS TAREAS SECUNDARIAS/Pruebas planta personal/Buscar_puesto_de_trabajo/a_Cargo_popupBusquedaPlantaj_idt2790")): Object: 'Object Repository/2-OBJECTS TAREAS SECUNDARIAS/Pruebas planta personal/Buscar_puesto_de_trabajo/a_Cargo_popupBusquedaPlantaj_idt2790' is clicked on

2023-03-09 13:59:12 - [MESSAGE][PASSED] - Object: 'Object Repository/2-OBJECTS TAREAS SECUNDARIAS/Pruebas planta personal/Buscar_puesto_de_trabajo/a_Cargo_popupBusquedaPlantaj_idt2790' is clicked on

2023-03-09 13:59:12 - [TEST_STEP][PASSED] - click(findTestObject("2-OBJECTS TAREAS SECUNDARIAS/Pruebas planta personal/Buscar_puesto_de_trabajo/span_ABOGADO")): Object: 'Object Repository/2-OBJECTS TAREAS SECUNDARIAS/Pruebas planta personal/Buscar_puesto_de_trabajo/span_ABOGADO' is clicked on

2023-03-09 13:59:13 - [MESSAGE][PASSED] - Object: 'Object Repository/2-OBJECTS TAREAS SECUNDARIAS/Pruebas planta personal/Buscar_puesto_de_trabajo/span_ABOGADO' is clicked on

2023-03-09 13:59:13 - [TEST_STEP][PASSED] - click(findTestObject("2-OBJECTS TAREAS SECUNDARIAS/Pruebas planta personal/Buscar_puesto_de_trabajo/span_20139    - Abogado")): Object: 'Object Repository/2-OBJECTS TAREAS SECUNDARIAS/Pruebas planta personal/Buscar_puesto_de_trabajo/span_20139    - Abogado' is clicked on

2023-03-09 13:59:14 - [MESSAGE][PASSED] - Object: 'Object Repository/2-OBJECTS TAREAS SECUNDARIAS/Pruebas planta personal/Buscar_puesto_de_trabajo/span_20139    - Abogado' is clicked on

2023-03-09 13:59:14 - [TEST_STEP][PASSED] - scrollToElement(findTestObject("2-OBJECTS TAREAS SECUNDARIAS/Pruebas planta personal/Buscar_puesto_de_trabajo/span_10308"), 0): Scroll to object 'Object Repository/2-OBJECTS TAREAS SECUNDARIAS/Pruebas planta personal/Buscar_puesto_de_trabajo/span_10308' successfully

2023-03-09 13:59:14 - [MESSAGE][WARNING] - Timeout '0' is invalid. Using default page load timeout: '37'

2023-03-09 13:59:15 - [MESSAGE][PASSED] - Scroll to object 'Object Repository/2-OBJECTS TAREAS SECUNDARIAS/Pruebas planta personal/Buscar_puesto_de_trabajo/span_10308' successfully

2023-03-09 13:59:15 - [TEST_STEP][PASSED] - if (waitForElementVisible(findTestObject("2-OBJECTS TAREAS SECUNDARIAS/Pruebas planta personal/Buscar_puesto_de_trabajo/span_10308"), 1)): null

2023-03-09 13:59:15 - [MESSAGE][PASSED] - Object 'Object Repository/2-OBJECTS TAREAS SECUNDARIAS/Pruebas planta personal/Buscar_puesto_de_trabajo/span_10308' is visible

2023-03-09 13:59:15 - [TEST_STEP][PASSED] - Resultado = "PRUEBA OK": null

2023-03-09 13:59:15 - [MESSAGE][PASSED] - Call Test Case 'Test Cases/1.2-Tareas_Secundarias/A.2-Pruebas_planta_personal/12.1.6-Buscar_puesto_de_trabajo' successfully

2023-03-09 13:59:15 - [TEST_STEP][PASSED] - click(findTestObject("2-OBJECTS TAREAS SECUNDARIAS/Pruebas planta personal/Crear_descripción_del_cargo/a_Salgado . Paula_organigramaj_idt111")): Object: 'Object Repository/2-OBJECTS TAREAS SECUNDARIAS/Pruebas planta personal/Crear_descripción_del_cargo/a_Salgado . Paula_organigramaj_idt111' is clicked on

2023-03-09 13:59:16 - [MESSAGE][PASSED] - Object: 'Object Repository/2-OBJECTS TAREAS SECUNDARIAS/Pruebas planta personal/Crear_descripción_del_cargo/a_Salgado . Paula_organigramaj_idt111' is clicked on

2023-03-09 13:59:16 - [TEST_STEP][PASSED] - if (waitForElementVisible(findTestObject("2-OBJECTS TAREAS SECUNDARIAS/Pruebas planta personal/Crear_descripción_del_cargo/a_Aceptar"), 1)): Web element with id: 'Object Repository/2-OBJECTS TAREAS SECUNDARIAS/Pruebas planta personal/Crear_descripción_del_cargo/a_Aceptar' located by '//a[contains(text(),'Aceptar')]' not found

2023-03-09 13:59:18 - [MESSAGE][INFO] - Unable to find the element located by 'By.xpath: //a[contains(text(),'Aceptar')]'. Please recheck the objects properties to make sure the desired element is located. 

2023-03-09 13:59:18 - [MESSAGE][WARNING] - Web element with id: 'Object Repository/2-OBJECTS TAREAS SECUNDARIAS/Pruebas planta personal/Crear_descripción_del_cargo/a_Aceptar' located by '//a[contains(text(),'Aceptar')]' not found

2023-03-09 13:59:18 - [TEST_STEP][PASSED] - setText(findTestObject("2-OBJECTS TAREAS SECUNDARIAS/Pruebas planta personal/Crear_descripción_del_cargo/textarea__descripcionCargo_formj_idt15140idTexto5"), "pruebas k"): Text 'pruebas k' is set on object 'Object Repository/2-OBJECTS TAREAS SECUNDARIAS/Pruebas planta personal/Crear_descripción_del_cargo/textarea__descripcionCargo_formj_idt15140idTexto5'

2023-03-09 13:59:19 - [MESSAGE][PASSED] - Text 'pruebas k' is set on object 'Object Repository/2-OBJECTS TAREAS SECUNDARIAS/Pruebas planta personal/Crear_descripción_del_cargo/textarea__descripcionCargo_formj_idt15140idTexto5'

2023-03-09 13:59:19 - [TEST_STEP][PASSED] - setText(findTestObject("2-OBJECTS TAREAS SECUNDARIAS/Pruebas planta personal/Crear_descripción_del_cargo/textarea__descripcionCargo_formj_idt15141idTexto5"), "pruebas automaticas"): Text 'pruebas automaticas' is set on object 'Object Repository/2-OBJECTS TAREAS SECUNDARIAS/Pruebas planta personal/Crear_descripción_del_cargo/textarea__descripcionCargo_formj_idt15141idTexto5'

2023-03-09 13:59:20 - [MESSAGE][PASSED] - Text 'pruebas automaticas' is set on object 'Object Repository/2-OBJECTS TAREAS SECUNDARIAS/Pruebas planta personal/Crear_descripción_del_cargo/textarea__descripcionCargo_formj_idt15141idTexto5'

2023-03-09 13:59:20 - [TEST_STEP][PASSED] - setText(findTestObject("2-OBJECTS TAREAS SECUNDARIAS/Pruebas planta personal/Crear_descripción_del_cargo/textarea__descripcionCargo_formj_idt15142idTexto5"), "NULL"): Text 'NULL' is set on object 'Object Repository/2-OBJECTS TAREAS SECUNDARIAS/Pruebas planta personal/Crear_descripción_del_cargo/textarea__descripcionCargo_formj_idt15142idTexto5'

2023-03-09 13:59:20 - [MESSAGE][PASSED] - Text 'NULL' is set on object 'Object Repository/2-OBJECTS TAREAS SECUNDARIAS/Pruebas planta personal/Crear_descripción_del_cargo/textarea__descripcionCargo_formj_idt15142idTexto5'

2023-03-09 13:59:20 - [TEST_STEP][PASSED] - setText(findTestObject("2-OBJECTS TAREAS SECUNDARIAS/Pruebas planta personal/Crear_descripción_del_cargo/textarea__descripcionCargo_formj_idt15143idTexto5"), "NULL"): Text 'NULL' is set on object 'Object Repository/2-OBJECTS TAREAS SECUNDARIAS/Pruebas planta personal/Crear_descripción_del_cargo/textarea__descripcionCargo_formj_idt15143idTexto5'

2023-03-09 13:59:21 - [MESSAGE][PASSED] - Text 'NULL' is set on object 'Object Repository/2-OBJECTS TAREAS SECUNDARIAS/Pruebas planta personal/Crear_descripción_del_cargo/textarea__descripcionCargo_formj_idt15143idTexto5'

2023-03-09 13:59:21 - [TEST_STEP][FAILED] - click(findTestObject("2-OBJECTS TAREAS SECUNDARIAS/Pruebas planta personal/Crear_descripción_del_cargo/a_Guardar")): Unable to click on object 'Object Repository/2-OBJECTS TAREAS SECUNDARIAS/Pruebas planta personal/Crear_descripción_del_cargo/a_Guardar' (Root cause: com.kms.katalon.core.exception.StepFailedException: Unable to click on object 'Object Repository/2-OBJECTS TAREAS SECUNDARIAS/Pruebas planta personal/Crear_descripción_del_cargo/a_Guardar'
	at com.kms.katalon.core.webui.keyword.internal.WebUIKeywordMain.stepFailed(WebUIKeywordMain.groovy:64)
	at com.kms.katalon.core.webui.keyword.internal.WebUIKeywordMain.runKeyword(WebUIKeywordMain.groovy:26)
	at com.kms.katalon.core.webui.keyword.builtin.ClickKeyword.click(ClickKeyword.groovy:74)
	at com.kms.katalon.core.webui.keyword.builtin.ClickKeyword.execute(ClickKeyword.groovy:40)
	at com.kms.katalon.core.keyword.internal.KeywordExecutor.executeKeywordForPlatform(KeywordExecutor.groovy:74)
	at com.kms.katalon.core.webui.keyword.WebUiBuiltInKeywords.click(WebUiBuiltInKeywords.groovy:620)
	at com.kms.katalon.core.webui.keyword.WebUiBuiltInKeywords$click$9.call(Unknown Source)
	at 12.2.1-Crear_descripción_del_cargo.run(12.2.1-Crear_descripción_del_cargo:42)
	at com.kms.katalon.core.main.ScriptEngine.run(ScriptEngine.java:194)
	at com.kms.katalon.core.main.ScriptEngine.runScriptAsRawText(ScriptEngine.java:119)
	at com.kms.katalon.core.main.TestCaseExecutor.runScript(TestCaseExecutor.java:448)
	at com.kms.katalon.core.main.TestCaseExecutor.doExecute(TestCaseExecutor.java:439)
	at com.kms.katalon.core.main.TestCaseExecutor.processExecutionPhase(TestCaseExecutor.java:418)
	at com.kms.katalon.core.main.TestCaseExecutor.accessMainPhase(TestCaseExecutor.java:410)
	at com.kms.katalon.core.main.TestCaseExecutor.execute(TestCaseExecutor.java:285)
	at com.kms.katalon.core.common.CommonExecutor.accessTestCaseMainPhase(CommonExecutor.java:65)
	at com.kms.katalon.core.main.TestSuiteExecutor.accessTestSuiteMainPhase(TestSuiteExecutor.java:151)
	at com.kms.katalon.core.main.TestSuiteExecutor.execute(TestSuiteExecutor.java:106)
	at com.kms.katalon.core.main.TestCaseMain.startTestSuite(TestCaseMain.java:185)
	at com.kms.katalon.core.main.TestCaseMain$startTestSuite$0.call(Unknown Source)
	at TempTestSuite1678383366099.run(TempTestSuite1678383366099.groovy:36)
Caused by: org.openqa.selenium.ElementClickInterceptedException: element click intercepted: Element <a id="descripcionCargo_form:j_idt1714" href="#" class="ui-commandlink ui-widget us-boton btn-guardar" onclick="PrimeFaces.ab({s:&quot;descripcionCargo_form:j_idt1714&quot;,f:&quot;descripcionCargo_form&quot;,u:&quot;areaAplicacion&quot;});return false;">...</a> is not clickable at point (405, 597). Other element would receive the click: <div id="popupErrorDialog:dialog_popupFoto_modal" class="ui-widget-overlay ui-dialog-mask" style="z-index: 1033;"></div>
  (Session info: chrome=110.0.5481.178)
Build info: version: '3.141.59', revision: 'e82be7d358', time: '2018-11-14T08:25:53'
System info: host: 'US-AF-000371', ip: '192.168.56.1', os.name: 'Windows 10', os.arch: 'amd64', os.version: '10.0', java.version: '1.8.0_282'
Driver info: com.kms.katalon.selenium.driver.CChromeDriver
Capabilities {acceptInsecureCerts: false, browserName: chrome, browserVersion: 110.0.5481.178, chrome: {chromedriverVersion: 109.0.5414.74 (e7c5703604da..., userDataDir: C:\Users\DIEGO~1.ROJ\AppDat...}, goog:chromeOptions: {debuggerAddress: localhost:51044}, javascriptEnabled: true, networkConnectionEnabled: false, pageLoadStrategy: normal, platform: WINDOWS, platformName: WINDOWS, proxy: Proxy(), setWindowRect: true, strictFileInteractability: false, timeouts: {implicit: 0, pageLoad: 300000, script: 30000}, unhandledPromptBehavior: dismiss and notify, webauthn:extension:credBlob: true, webauthn:extension:largeBlob: true, webauthn:virtualAuthenticators: true}
Session ID: ea76c833a114af242aecc3e2ee119f43
	at org.openqa.selenium.remote.http.W3CHttpResponseCodec.createException(W3CHttpResponseCodec.java:187)
	at org.openqa.selenium.remote.http.W3CHttpResponseCodec.decode(W3CHttpResponseCodec.java:122)
	at org.openqa.selenium.remote.http.W3CHttpResponseCodec.decode(W3CHttpResponseCodec.java:49)
	at org.openqa.selenium.remote.HttpCommandExecutor.execute(HttpCommandExecutor.java:158)
	at org.openqa.selenium.remote.service.DriverCommandExecutor.execute(DriverCommandExecutor.java:83)
	at org.openqa.selenium.remote.RemoteWebDriver.execute(RemoteWebDriver.java:552)
	at com.kms.katalon.selenium.driver.CChromeDriver.execute(CChromeDriver.java:19)
	at org.openqa.selenium.remote.RemoteWebElement.execute(RemoteWebElement.java:285)
	at org.openqa.selenium.remote.RemoteWebElement.click(RemoteWebElement.java:84)
	at org.openqa.selenium.support.events.EventFiringWebDriver$EventFiringWebElement.lambda$new$0(EventFiringWebDriver.java:404)
	at com.sun.proxy.$Proxy11.click(Unknown Source)
	at org.openqa.selenium.support.events.EventFiringWebDriver$EventFiringWebElement.click(EventFiringWebDriver.java:417)
	at org.openqa.selenium.WebElement$click$0.call(Unknown Source)
	at com.kms.katalon.core.webui.keyword.builtin.ClickKeyword.clickUntilSuccessWithTimeout(ClickKeyword.groovy:81)
	at com.kms.katalon.core.webui.keyword.builtin.ClickKeyword.clickUntilSuccessWithTimeout(ClickKeyword.groovy)
	at com.kms.katalon.core.webui.keyword.builtin.ClickKeyword$_click_closure1.doCall(ClickKeyword.groovy:67)
	at com.kms.katalon.core.webui.keyword.builtin.ClickKeyword$_click_closure1.call(ClickKeyword.groovy)
	at com.kms.katalon.core.webui.keyword.internal.WebUIKeywordMain.runKeyword(WebUIKeywordMain.groovy:20)
	at com.kms.katalon.core.webui.keyword.builtin.ClickKeyword.click(ClickKeyword.groovy:74)
	at com.kms.katalon.core.webui.keyword.builtin.ClickKeyword.execute(ClickKeyword.groovy:40)
	at com.kms.katalon.core.keyword.internal.KeywordExecutor.executeKeywordForPlatform(KeywordExecutor.groovy:74)
	at com.kms.katalon.core.webui.keyword.WebUiBuiltInKeywords.click(WebUiBuiltInKeywords.groovy:620)
	at com.kms.katalon.core.webui.keyword.WebUiBuiltInKeywords$click$9.call(Unknown Source)
	at Script1648474008054.run(Script1648474008054.groovy:42)
	... 13 more
)

2023-03-09 14:00:00 - [MESSAGE][FAILED] - Unable to click on object 'Object Repository/2-OBJECTS TAREAS SECUNDARIAS/Pruebas planta personal/Crear_descripción_del_cargo/a_Guardar' (Root cause: com.kms.katalon.core.exception.StepFailedException: Unable to click on object 'Object Repository/2-OBJECTS TAREAS SECUNDARIAS/Pruebas planta personal/Crear_descripción_del_cargo/a_Guardar'
	at com.kms.katalon.core.webui.keyword.internal.WebUIKeywordMain.stepFailed(WebUIKeywordMain.groovy:64)
	at com.kms.katalon.core.webui.keyword.internal.WebUIKeywordMain.runKeyword(WebUIKeywordMain.groovy:26)
	at com.kms.katalon.core.webui.keyword.builtin.ClickKeyword.click(ClickKeyword.groovy:74)
	at com.kms.katalon.core.webui.keyword.builtin.ClickKeyword.execute(ClickKeyword.groovy:40)
	at com.kms.katalon.core.keyword.internal.KeywordExecutor.executeKeywordForPlatform(KeywordExecutor.groovy:74)
	at com.kms.katalon.core.webui.keyword.WebUiBuiltInKeywords.click(WebUiBuiltInKeywords.groovy:620)
	at com.kms.katalon.core.webui.keyword.WebUiBuiltInKeywords$click$9.call(Unknown Source)
	at 12.2.1-Crear_descripción_del_cargo.run(12.2.1-Crear_descripción_del_cargo:42)
	at com.kms.katalon.core.main.ScriptEngine.run(ScriptEngine.java:194)
	at com.kms.katalon.core.main.ScriptEngine.runScriptAsRawText(ScriptEngine.java:119)
	at com.kms.katalon.core.main.TestCaseExecutor.runScript(TestCaseExecutor.java:448)
	at com.kms.katalon.core.main.TestCaseExecutor.doExecute(TestCaseExecutor.java:439)
	at com.kms.katalon.core.main.TestCaseExecutor.processExecutionPhase(TestCaseExecutor.java:418)
	at com.kms.katalon.core.main.TestCaseExecutor.accessMainPhase(TestCaseExecutor.java:410)
	at com.kms.katalon.core.main.TestCaseExecutor.execute(TestCaseExecutor.java:285)
	at com.kms.katalon.core.common.CommonExecutor.accessTestCaseMainPhase(CommonExecutor.java:65)
	at com.kms.katalon.core.main.TestSuiteExecutor.accessTestSuiteMainPhase(TestSuiteExecutor.java:151)
	at com.kms.katalon.core.main.TestSuiteExecutor.execute(TestSuiteExecutor.java:106)
	at com.kms.katalon.core.main.TestCaseMain.startTestSuite(TestCaseMain.java:185)
	at com.kms.katalon.core.main.TestCaseMain$startTestSuite$0.call(Unknown Source)
	at TempTestSuite1678383366099.run(TempTestSuite1678383366099.groovy:36)
Caused by: org.openqa.selenium.ElementClickInterceptedException: element click intercepted: Element <a id="descripcionCargo_form:j_idt1714" href="#" class="ui-commandlink ui-widget us-boton btn-guardar" onclick="PrimeFaces.ab({s:&quot;descripcionCargo_form:j_idt1714&quot;,f:&quot;descripcionCargo_form&quot;,u:&quot;areaAplicacion&quot;});return false;">...</a> is not clickable at point (405, 597). Other element would receive the click: <div id="popupErrorDialog:dialog_popupFoto_modal" class="ui-widget-overlay ui-dialog-mask" style="z-index: 1033;"></div>
  (Session info: chrome=110.0.5481.178)
Build info: version: '3.141.59', revision: 'e82be7d358', time: '2018-11-14T08:25:53'
System info: host: 'US-AF-000371', ip: '192.168.56.1', os.name: 'Windows 10', os.arch: 'amd64', os.version: '10.0', java.version: '1.8.0_282'
Driver info: com.kms.katalon.selenium.driver.CChromeDriver
Capabilities {acceptInsecureCerts: false, browserName: chrome, browserVersion: 110.0.5481.178, chrome: {chromedriverVersion: 109.0.5414.74 (e7c5703604da..., userDataDir: C:\Users\DIEGO~1.ROJ\AppDat...}, goog:chromeOptions: {debuggerAddress: localhost:51044}, javascriptEnabled: true, networkConnectionEnabled: false, pageLoadStrategy: normal, platform: WINDOWS, platformName: WINDOWS, proxy: Proxy(), setWindowRect: true, strictFileInteractability: false, timeouts: {implicit: 0, pageLoad: 300000, script: 30000}, unhandledPromptBehavior: dismiss and notify, webauthn:extension:credBlob: true, webauthn:extension:largeBlob: true, webauthn:virtualAuthenticators: true}
Session ID: ea76c833a114af242aecc3e2ee119f43
	at org.openqa.selenium.remote.http.W3CHttpResponseCodec.createException(W3CHttpResponseCodec.java:187)
	at org.openqa.selenium.remote.http.W3CHttpResponseCodec.decode(W3CHttpResponseCodec.java:122)
	at org.openqa.selenium.remote.http.W3CHttpResponseCodec.decode(W3CHttpResponseCodec.java:49)
	at org.openqa.selenium.remote.HttpCommandExecutor.execute(HttpCommandExecutor.java:158)
	at org.openqa.selenium.remote.service.DriverCommandExecutor.execute(DriverCommandExecutor.java:83)
	at org.openqa.selenium.remote.RemoteWebDriver.execute(RemoteWebDriver.java:552)
	at com.kms.katalon.selenium.driver.CChromeDriver.execute(CChromeDriver.java:19)
	at org.openqa.selenium.remote.RemoteWebElement.execute(RemoteWebElement.java:285)
	at org.openqa.selenium.remote.RemoteWebElement.click(RemoteWebElement.java:84)
	at org.openqa.selenium.support.events.EventFiringWebDriver$EventFiringWebElement.lambda$new$0(EventFiringWebDriver.java:404)
	at com.sun.proxy.$Proxy11.click(Unknown Source)
	at org.openqa.selenium.support.events.EventFiringWebDriver$EventFiringWebElement.click(EventFiringWebDriver.java:417)
	at org.openqa.selenium.WebElement$click$0.call(Unknown Source)
	at com.kms.katalon.core.webui.keyword.builtin.ClickKeyword.clickUntilSuccessWithTimeout(ClickKeyword.groovy:81)
	at com.kms.katalon.core.webui.keyword.builtin.ClickKeyword.clickUntilSuccessWithTimeout(ClickKeyword.groovy)
	at com.kms.katalon.core.webui.keyword.builtin.ClickKeyword$_click_closure1.doCall(ClickKeyword.groovy:67)
	at com.kms.katalon.core.webui.keyword.builtin.ClickKeyword$_click_closure1.call(ClickKeyword.groovy)
	at com.kms.katalon.core.webui.keyword.internal.WebUIKeywordMain.runKeyword(WebUIKeywordMain.groovy:20)
	at com.kms.katalon.core.webui.keyword.builtin.ClickKeyword.click(ClickKeyword.groovy:74)
	at com.kms.katalon.core.webui.keyword.builtin.ClickKeyword.execute(ClickKeyword.groovy:40)
	at com.kms.katalon.core.keyword.internal.KeywordExecutor.executeKeywordForPlatform(KeywordExecutor.groovy:74)
	at com.kms.katalon.core.webui.keyword.WebUiBuiltInKeywords.click(WebUiBuiltInKeywords.groovy:620)
	at com.kms.katalon.core.webui.keyword.WebUiBuiltInKeywords$click$9.call(Unknown Source)
	at Script1648474008054.run(Script1648474008054.groovy:42)
	... 13 more
)
[[ATTACHMENT|C:\\Users\\diego.rojas\\git\\Pruebas-Minimas\\Reports\\20230309_123606\\Test_Suite_Secundaria\\1-Tareas_secundarias\\20230309_123606\\1678388400659.png]]]]></system-out>
         <system-err><![CDATA[2023-03-09 13:58:52 - [TEST_CASE][FAILED] - Test Cases/1.2-Tareas_Secundarias/A.2-Pruebas_planta_personal/12.2.1-Crear_descripción_del_cargo: Test Cases/1.2-Tareas_Secundarias/A.2-Pruebas_planta_personal/12.2.1-Crear_descripción_del_cargo FAILED.
Reason:
com.kms.katalon.core.exception.StepFailedException: Unable to click on object 'Object Repository/2-OBJECTS TAREAS SECUNDARIAS/Pruebas planta personal/Crear_descripción_del_cargo/a_Guardar'
	at com.kms.katalon.core.webui.keyword.internal.WebUIKeywordMain.stepFailed(WebUIKeywordMain.groovy:64)
	at com.kms.katalon.core.webui.keyword.internal.WebUIKeywordMain.runKeyword(WebUIKeywordMain.groovy:26)
	at com.kms.katalon.core.webui.keyword.builtin.ClickKeyword.click(ClickKeyword.groovy:74)
	at com.kms.katalon.core.webui.keyword.builtin.ClickKeyword.execute(ClickKeyword.groovy:40)
	at com.kms.katalon.core.keyword.internal.KeywordExecutor.executeKeywordForPlatform(KeywordExecutor.groovy:74)
	at com.kms.katalon.core.webui.keyword.WebUiBuiltInKeywords.click(WebUiBuiltInKeywords.groovy:620)
	at com.kms.katalon.core.webui.keyword.WebUiBuiltInKeywords$click$9.call(Unknown Source)
	at 12.2.1-Crear_descripción_del_cargo.run(12.2.1-Crear_descripción_del_cargo:42)
	at com.kms.katalon.core.main.ScriptEngine.run(ScriptEngine.java:194)
	at com.kms.katalon.core.main.ScriptEngine.runScriptAsRawText(ScriptEngine.java:119)
	at com.kms.katalon.core.main.TestCaseExecutor.runScript(TestCaseExecutor.java:448)
	at com.kms.katalon.core.main.TestCaseExecutor.doExecute(TestCaseExecutor.java:439)
	at com.kms.katalon.core.main.TestCaseExecutor.processExecutionPhase(TestCaseExecutor.java:418)
	at com.kms.katalon.core.main.TestCaseExecutor.accessMainPhase(TestCaseExecutor.java:410)
	at com.kms.katalon.core.main.TestCaseExecutor.execute(TestCaseExecutor.java:285)
	at com.kms.katalon.core.common.CommonExecutor.accessTestCaseMainPhase(CommonExecutor.java:65)
	at com.kms.katalon.core.main.TestSuiteExecutor.accessTestSuiteMainPhase(TestSuiteExecutor.java:151)
	at com.kms.katalon.core.main.TestSuiteExecutor.execute(TestSuiteExecutor.java:106)
	at com.kms.katalon.core.main.TestCaseMain.startTestSuite(TestCaseMain.java:185)
	at com.kms.katalon.core.main.TestCaseMain$startTestSuite$0.call(Unknown Source)
	at TempTestSuite1678383366099.run(TempTestSuite1678383366099.groovy:36)
Caused by: org.openqa.selenium.ElementClickInterceptedException: element click intercepted: Element <a id="descripcionCargo_form:j_idt1714" href="#" class="ui-commandlink ui-widget us-boton btn-guardar" onclick="PrimeFaces.ab({s:&quot;descripcionCargo_form:j_idt1714&quot;,f:&quot;descripcionCargo_form&quot;,u:&quot;areaAplicacion&quot;});return false;">...</a> is not clickable at point (405, 597). Other element would receive the click: <div id="popupErrorDialog:dialog_popupFoto_modal" class="ui-widget-overlay ui-dialog-mask" style="z-index: 1033;"></div>
  (Session info: chrome=110.0.5481.178)
Build info: version: '3.141.59', revision: 'e82be7d358', time: '2018-11-14T08:25:53'
System info: host: 'US-AF-000371', ip: '192.168.56.1', os.name: 'Windows 10', os.arch: 'amd64', os.version: '10.0', java.version: '1.8.0_282'
Driver info: com.kms.katalon.selenium.driver.CChromeDriver
Capabilities {acceptInsecureCerts: false, browserName: chrome, browserVersion: 110.0.5481.178, chrome: {chromedriverVersion: 109.0.5414.74 (e7c5703604da..., userDataDir: C:\Users\DIEGO~1.ROJ\AppDat...}, goog:chromeOptions: {debuggerAddress: localhost:51044}, javascriptEnabled: true, networkConnectionEnabled: false, pageLoadStrategy: normal, platform: WINDOWS, platformName: WINDOWS, proxy: Proxy(), setWindowRect: true, strictFileInteractability: false, timeouts: {implicit: 0, pageLoad: 300000, script: 30000}, unhandledPromptBehavior: dismiss and notify, webauthn:extension:credBlob: true, webauthn:extension:largeBlob: true, webauthn:virtualAuthenticators: true}
Session ID: ea76c833a114af242aecc3e2ee119f43
	at org.openqa.selenium.remote.http.W3CHttpResponseCodec.createException(W3CHttpResponseCodec.java:187)
	at org.openqa.selenium.remote.http.W3CHttpResponseCodec.decode(W3CHttpResponseCodec.java:122)
	at org.openqa.selenium.remote.http.W3CHttpResponseCodec.decode(W3CHttpResponseCodec.java:49)
	at org.openqa.selenium.remote.HttpCommandExecutor.execute(HttpCommandExecutor.java:158)
	at org.openqa.selenium.remote.service.DriverCommandExecutor.execute(DriverCommandExecutor.java:83)
	at org.openqa.selenium.remote.RemoteWebDriver.execute(RemoteWebDriver.java:552)
	at com.kms.katalon.selenium.driver.CChromeDriver.execute(CChromeDriver.java:19)
	at org.openqa.selenium.remote.RemoteWebElement.execute(RemoteWebElement.java:285)
	at org.openqa.selenium.remote.RemoteWebElement.click(RemoteWebElement.java:84)
	at org.openqa.selenium.support.events.EventFiringWebDriver$EventFiringWebElement.lambda$new$0(EventFiringWebDriver.java:404)
	at com.sun.proxy.$Proxy11.click(Unknown Source)
	at org.openqa.selenium.support.events.EventFiringWebDriver$EventFiringWebElement.click(EventFiringWebDriver.java:417)
	at org.openqa.selenium.WebElement$click$0.call(Unknown Source)
	at com.kms.katalon.core.webui.keyword.builtin.ClickKeyword.clickUntilSuccessWithTimeout(ClickKeyword.groovy:81)
	at com.kms.katalon.core.webui.keyword.builtin.ClickKeyword.clickUntilSuccessWithTimeout(ClickKeyword.groovy)
	at com.kms.katalon.core.webui.keyword.builtin.ClickKeyword$_click_closure1.doCall(ClickKeyword.groovy:67)
	at com.kms.katalon.core.webui.keyword.builtin.ClickKeyword$_click_closure1.call(ClickKeyword.groovy)
	at com.kms.katalon.core.webui.keyword.internal.WebUIKeywordMain.runKeyword(WebUIKeywordMain.groovy:20)
	... 19 more]]></system-err>
      </testcase>
      <testcase name="Test Cases/1.2-Tareas_Secundarias/A.2-Pruebas_planta_personal/12.2.2-Copiar_perfil" time="66.44" classname="Test Cases/1.2-Tareas_Secundarias/A.2-Pruebas_planta_personal/12.2.2-Copiar_perfil" status="FAILED">
         <failure type="FAILED" message="Test Cases/1.2-Tareas_Secundarias/A.2-Pruebas_planta_personal/12.2.2-Copiar_perfil FAILED.
Reason:
com.kms.katalon.core.exception.StepFailedException: Unable to click on object 'Object Repository/2-OBJECTS TAREAS SECUNDARIAS/Pruebas planta personal/Copiar_perfil/a_Copiar Perfil'
	at com.kms.katalon.core.webui.keyword.internal.WebUIKeywordMain.stepFailed(WebUIKeywordMain.groovy:64)
	at com.kms.katalon.core.webui.keyword.internal.WebUIKeywordMain.runKeyword(WebUIKeywordMain.groovy:26)
	at com.kms.katalon.core.webui.keyword.builtin.ClickKeyword.click(ClickKeyword.groovy:74)
	at com.kms.katalon.core.webui.keyword.builtin.ClickKeyword.execute(ClickKeyword.groovy:40)
	at com.kms.katalon.core.keyword.internal.KeywordExecutor.executeKeywordForPlatform(KeywordExecutor.groovy:74)
	at com.kms.katalon.core.webui.keyword.WebUiBuiltInKeywords.click(WebUiBuiltInKeywords.groovy:620)
	at com.kms.katalon.core.webui.keyword.WebUiBuiltInKeywords$click$9.call(Unknown Source)
	at 12.2.2-Copiar_perfil.run(12.2.2-Copiar_perfil:28)
	at com.kms.katalon.core.main.ScriptEngine.run(ScriptEngine.java:194)
	at com.kms.katalon.core.main.ScriptEngine.runScriptAsRawText(ScriptEngine.java:119)
	at com.kms.katalon.core.main.TestCaseExecutor.runScript(TestCaseExecutor.java:448)
	at com.kms.katalon.core.main.TestCaseExecutor.doExecute(TestCaseExecutor.java:439)
	at com.kms.katalon.core.main.TestCaseExecutor.processExecutionPhase(TestCaseExecutor.java:418)
	at com.kms.katalon.core.main.TestCaseExecutor.accessMainPhase(TestCaseExecutor.java:410)
	at com.kms.katalon.core.main.TestCaseExecutor.execute(TestCaseExecutor.java:285)
	at com.kms.katalon.core.common.CommonExecutor.accessTestCaseMainPhase(CommonExecutor.java:65)
	at com.kms.katalon.core.main.TestSuiteExecutor.accessTestSuiteMainPhase(TestSuiteExecutor.java:151)
	at com.kms.katalon.core.main.TestSuiteExecutor.execute(TestSuiteExecutor.java:106)
	at com.kms.katalon.core.main.TestCaseMain.startTestSuite(TestCaseMain.java:185)
	at com.kms.katalon.core.main.TestCaseMain$startTestSuite$0.call(Unknown Source)
	at TempTestSuite1678383366099.run(TempTestSuite1678383366099.groovy:36)
Caused by: org.openqa.selenium.ElementClickInterceptedException: element click intercepted: Element &lt;a id=&quot;descripcionCargo_form:j_idt1580:j_idt1582:j_idt1593&quot; href=&quot;#&quot; class=&quot;ui-commandlink ui-widget&quot; onclick=&quot;PrimeFaces.ab({s:&amp;quot;descripcionCargo_form:j_idt1580:j_idt1582:j_idt1593&amp;quot;,f:&amp;quot;descripcionCargo_form&amp;quot;,u:&amp;quot;areaAplicacion&amp;quot;,onco:function(xhr,status,args,data){;}});return false;&quot; style=&quot;display: inline-block;&quot;>...&lt;/a> is not clickable at point (120, 495). Other element would receive the click: &lt;div id=&quot;popupErrorDialog:dialog_popupFoto_modal&quot; class=&quot;ui-widget-overlay ui-dialog-mask&quot; style=&quot;z-index: 1033;&quot;>&lt;/div>
  (Session info: chrome=110.0.5481.178)
Build info: version: '3.141.59', revision: 'e82be7d358', time: '2018-11-14T08:25:53'
System info: host: 'US-AF-000371', ip: '192.168.56.1', os.name: 'Windows 10', os.arch: 'amd64', os.version: '10.0', java.version: '1.8.0_282'
Driver info: com.kms.katalon.selenium.driver.CChromeDriver
Capabilities {acceptInsecureCerts: false, browserName: chrome, browserVersion: 110.0.5481.178, chrome: {chromedriverVersion: 109.0.5414.74 (e7c5703604da..., userDataDir: C:\Users\DIEGO~1.ROJ\AppDat...}, goog:chromeOptions: {debuggerAddress: localhost:51178}, javascriptEnabled: true, networkConnectionEnabled: false, pageLoadStrategy: normal, platform: WINDOWS, platformName: WINDOWS, proxy: Proxy(), setWindowRect: true, strictFileInteractability: false, timeouts: {implicit: 0, pageLoad: 300000, script: 30000}, unhandledPromptBehavior: dismiss and notify, webauthn:extension:credBlob: true, webauthn:extension:largeBlob: true, webauthn:virtualAuthenticators: true}
Session ID: 0d1555fef4cac07f349ec1dd1099688d
	at org.openqa.selenium.remote.http.W3CHttpResponseCodec.createException(W3CHttpResponseCodec.java:187)
	at org.openqa.selenium.remote.http.W3CHttpResponseCodec.decode(W3CHttpResponseCodec.java:122)
	at org.openqa.selenium.remote.http.W3CHttpResponseCodec.decode(W3CHttpResponseCodec.java:49)
	at org.openqa.selenium.remote.HttpCommandExecutor.execute(HttpCommandExecutor.java:158)
	at org.openqa.selenium.remote.service.DriverCommandExecutor.execute(DriverCommandExecutor.java:83)
	at org.openqa.selenium.remote.RemoteWebDriver.execute(RemoteWebDriver.java:552)
	at com.kms.katalon.selenium.driver.CChromeDriver.execute(CChromeDriver.java:19)
	at org.openqa.selenium.remote.RemoteWebElement.execute(RemoteWebElement.java:285)
	at org.openqa.selenium.remote.RemoteWebElement.click(RemoteWebElement.java:84)
	at org.openqa.selenium.support.events.EventFiringWebDriver$EventFiringWebElement.lambda$new$0(EventFiringWebDriver.java:404)
	at com.sun.proxy.$Proxy11.click(Unknown Source)
	at org.openqa.selenium.support.events.EventFiringWebDriver$EventFiringWebElement.click(EventFiringWebDriver.java:417)
	at org.openqa.selenium.WebElement$click$0.call(Unknown Source)
	at com.kms.katalon.core.webui.keyword.builtin.ClickKeyword.clickUntilSuccessWithTimeout(ClickKeyword.groovy:81)
	at com.kms.katalon.core.webui.keyword.builtin.ClickKeyword.clickUntilSuccessWithTimeout(ClickKeyword.groovy)
	at com.kms.katalon.core.webui.keyword.builtin.ClickKeyword$_click_closure1.doCall(ClickKeyword.groovy:67)
	at com.kms.katalon.core.webui.keyword.builtin.ClickKeyword$_click_closure1.call(ClickKeyword.groovy)
	at com.kms.katalon.core.webui.keyword.internal.WebUIKeywordMain.runKeyword(WebUIKeywordMain.groovy:20)
	... 19 more
"/>
         <system-out><![CDATA[2023-03-09 14:00:00 - [TEST_CASE][FAILED] - Test Cases/1.2-Tareas_Secundarias/A.2-Pruebas_planta_personal/12.2.2-Copiar_perfil: Test Cases/1.2-Tareas_Secundarias/A.2-Pruebas_planta_personal/12.2.2-Copiar_perfil FAILED.
Reason:
com.kms.katalon.core.exception.StepFailedException: Unable to click on object 'Object Repository/2-OBJECTS TAREAS SECUNDARIAS/Pruebas planta personal/Copiar_perfil/a_Copiar Perfil'
	at com.kms.katalon.core.webui.keyword.internal.WebUIKeywordMain.stepFailed(WebUIKeywordMain.groovy:64)
	at com.kms.katalon.core.webui.keyword.internal.WebUIKeywordMain.runKeyword(WebUIKeywordMain.groovy:26)
	at com.kms.katalon.core.webui.keyword.builtin.ClickKeyword.click(ClickKeyword.groovy:74)
	at com.kms.katalon.core.webui.keyword.builtin.ClickKeyword.execute(ClickKeyword.groovy:40)
	at com.kms.katalon.core.keyword.internal.KeywordExecutor.executeKeywordForPlatform(KeywordExecutor.groovy:74)
	at com.kms.katalon.core.webui.keyword.WebUiBuiltInKeywords.click(WebUiBuiltInKeywords.groovy:620)
	at com.kms.katalon.core.webui.keyword.WebUiBuiltInKeywords$click$9.call(Unknown Source)
	at 12.2.2-Copiar_perfil.run(12.2.2-Copiar_perfil:28)
	at com.kms.katalon.core.main.ScriptEngine.run(ScriptEngine.java:194)
	at com.kms.katalon.core.main.ScriptEngine.runScriptAsRawText(ScriptEngine.java:119)
	at com.kms.katalon.core.main.TestCaseExecutor.runScript(TestCaseExecutor.java:448)
	at com.kms.katalon.core.main.TestCaseExecutor.doExecute(TestCaseExecutor.java:439)
	at com.kms.katalon.core.main.TestCaseExecutor.processExecutionPhase(TestCaseExecutor.java:418)
	at com.kms.katalon.core.main.TestCaseExecutor.accessMainPhase(TestCaseExecutor.java:410)
	at com.kms.katalon.core.main.TestCaseExecutor.execute(TestCaseExecutor.java:285)
	at com.kms.katalon.core.common.CommonExecutor.accessTestCaseMainPhase(CommonExecutor.java:65)
	at com.kms.katalon.core.main.TestSuiteExecutor.accessTestSuiteMainPhase(TestSuiteExecutor.java:151)
	at com.kms.katalon.core.main.TestSuiteExecutor.execute(TestSuiteExecutor.java:106)
	at com.kms.katalon.core.main.TestCaseMain.startTestSuite(TestCaseMain.java:185)
	at com.kms.katalon.core.main.TestCaseMain$startTestSuite$0.call(Unknown Source)
	at TempTestSuite1678383366099.run(TempTestSuite1678383366099.groovy:36)
Caused by: org.openqa.selenium.ElementClickInterceptedException: element click intercepted: Element <a id="descripcionCargo_form:j_idt1580:j_idt1582:j_idt1593" href="#" class="ui-commandlink ui-widget" onclick="PrimeFaces.ab({s:&quot;descripcionCargo_form:j_idt1580:j_idt1582:j_idt1593&quot;,f:&quot;descripcionCargo_form&quot;,u:&quot;areaAplicacion&quot;,onco:function(xhr,status,args,data){;}});return false;" style="display: inline-block;">...</a> is not clickable at point (120, 495). Other element would receive the click: <div id="popupErrorDialog:dialog_popupFoto_modal" class="ui-widget-overlay ui-dialog-mask" style="z-index: 1033;"></div>
  (Session info: chrome=110.0.5481.178)
Build info: version: '3.141.59', revision: 'e82be7d358', time: '2018-11-14T08:25:53'
System info: host: 'US-AF-000371', ip: '192.168.56.1', os.name: 'Windows 10', os.arch: 'amd64', os.version: '10.0', java.version: '1.8.0_282'
Driver info: com.kms.katalon.selenium.driver.CChromeDriver
Capabilities {acceptInsecureCerts: false, browserName: chrome, browserVersion: 110.0.5481.178, chrome: {chromedriverVersion: 109.0.5414.74 (e7c5703604da..., userDataDir: C:\Users\DIEGO~1.ROJ\AppDat...}, goog:chromeOptions: {debuggerAddress: localhost:51178}, javascriptEnabled: true, networkConnectionEnabled: false, pageLoadStrategy: normal, platform: WINDOWS, platformName: WINDOWS, proxy: Proxy(), setWindowRect: true, strictFileInteractability: false, timeouts: {implicit: 0, pageLoad: 300000, script: 30000}, unhandledPromptBehavior: dismiss and notify, webauthn:extension:credBlob: true, webauthn:extension:largeBlob: true, webauthn:virtualAuthenticators: true}
Session ID: 0d1555fef4cac07f349ec1dd1099688d
	at org.openqa.selenium.remote.http.W3CHttpResponseCodec.createException(W3CHttpResponseCodec.java:187)
	at org.openqa.selenium.remote.http.W3CHttpResponseCodec.decode(W3CHttpResponseCodec.java:122)
	at org.openqa.selenium.remote.http.W3CHttpResponseCodec.decode(W3CHttpResponseCodec.java:49)
	at org.openqa.selenium.remote.HttpCommandExecutor.execute(HttpCommandExecutor.java:158)
	at org.openqa.selenium.remote.service.DriverCommandExecutor.execute(DriverCommandExecutor.java:83)
	at org.openqa.selenium.remote.RemoteWebDriver.execute(RemoteWebDriver.java:552)
	at com.kms.katalon.selenium.driver.CChromeDriver.execute(CChromeDriver.java:19)
	at org.openqa.selenium.remote.RemoteWebElement.execute(RemoteWebElement.java:285)
	at org.openqa.selenium.remote.RemoteWebElement.click(RemoteWebElement.java:84)
	at org.openqa.selenium.support.events.EventFiringWebDriver$EventFiringWebElement.lambda$new$0(EventFiringWebDriver.java:404)
	at com.sun.proxy.$Proxy11.click(Unknown Source)
	at org.openqa.selenium.support.events.EventFiringWebDriver$EventFiringWebElement.click(EventFiringWebDriver.java:417)
	at org.openqa.selenium.WebElement$click$0.call(Unknown Source)
	at com.kms.katalon.core.webui.keyword.builtin.ClickKeyword.clickUntilSuccessWithTimeout(ClickKeyword.groovy:81)
	at com.kms.katalon.core.webui.keyword.builtin.ClickKeyword.clickUntilSuccessWithTimeout(ClickKeyword.groovy)
	at com.kms.katalon.core.webui.keyword.builtin.ClickKeyword$_click_closure1.doCall(ClickKeyword.groovy:67)
	at com.kms.katalon.core.webui.keyword.builtin.ClickKeyword$_click_closure1.call(ClickKeyword.groovy)
	at com.kms.katalon.core.webui.keyword.internal.WebUIKeywordMain.runKeyword(WebUIKeywordMain.groovy:20)
	... 19 more


2023-03-09 14:00:01 - [TEST_STEP][PASSED] - callTestCase(findTestCase("1.2-Tareas_Secundarias/A.2-Pruebas_planta_personal/12.1.6-Buscar_puesto_de_trabajo"), [:], STOP_ON_FAILURE): Call Test Case 'Test Cases/1.2-Tareas_Secundarias/A.2-Pruebas_planta_personal/12.1.6-Buscar_puesto_de_trabajo' successfully

2023-03-09 14:00:01 - [TEST_CASE][PASSED] - Test Cases/1.2-Tareas_Secundarias/A.2-Pruebas_planta_personal/12.1.6-Buscar_puesto_de_trabajo: Test Cases/1.2-Tareas_Secundarias/A.2-Pruebas_planta_personal/12.1.6-Buscar_puesto_de_trabajo

2023-03-09 14:00:01 - [TEST_STEP][PASSED] - callTestCase(findTestCase("0.1-Login"), [:], STOP_ON_FAILURE): Call Test Case 'Test Cases/0.1-Login' successfully

2023-03-09 14:00:01 - [TEST_CASE][PASSED] - Test Cases/0.1-Login: Test Cases/0.1-Login

2023-03-09 14:00:01 - [TEST_STEP][PASSED] - openBrowser(""): Browser is opened with url: ''

2023-03-09 14:00:01 - [MESSAGE][WARNING] - A browser is already opened. Closing browser and opening a new one

2023-03-09 14:00:02 - [MESSAGE][INFO] - Starting 'Chrome' driver

2023-03-09 14:00:02 - [MESSAGE][INFO] - Action delay is set to 0 milliseconds

2023-03-09 14:00:03 - [MESSAGE][PASSED] - Browser is opened with url: ''

2023-03-09 14:00:03 - [TEST_STEP][PASSED] - maximizeWindow(): Current window maximized

2023-03-09 14:00:03 - [MESSAGE][PASSED] - Current window maximized

2023-03-09 14:00:03 - [TEST_STEP][PASSED] - i = G_Login: null

2023-03-09 14:00:03 - [TEST_STEP][PASSED] - url = new java.net.URL(i): null

2023-03-09 14:00:03 - [TEST_STEP][PASSED] - println("URL: " + url.toString()): null

2023-03-09 14:00:03 - [TEST_STEP][PASSED] - connection = url.openConnection(): null

2023-03-09 14:00:03 - [TEST_STEP][PASSED] - connection.setRequestMethod("GET"): null

2023-03-09 14:00:03 - [TEST_STEP][PASSED] - connection.setReadTimeout(2 * 1000): null

2023-03-09 14:00:03 - [TEST_STEP][PASSED] - try: null

2023-03-09 14:00:03 - [TEST_STEP][PASSED] - connection.connect(): null

2023-03-09 14:00:03 - [TEST_STEP][PASSED] - flag = connected: null

2023-03-09 14:00:03 - [TEST_STEP][PASSED] - println("Valor_ori: " + flag): null

2023-03-09 14:00:03 - [TEST_STEP][PASSED] - if (flag): null

2023-03-09 14:00:03 - [TEST_STEP][PASSED] - navigateToUrl(i): Navigate to 'http://192.168.2.19:7001/saraweb' successfully

2023-03-09 14:00:05 - [MESSAGE][PASSED] - Navigate to 'http://192.168.2.19:7001/saraweb' successfully

2023-03-09 14:00:05 - [TEST_STEP][PASSED] - a(): null

2023-03-09 14:00:05 - [TEST_STEP][PASSED] - if (waitForElementVisible(findTestObject("3-OBJECTS UTILIDADES/Login/input_USUARIO_loginusuario"), 0)): null

2023-03-09 14:00:05 - [MESSAGE][WARNING] - Timeout '0' is invalid. Using default page load timeout: '37'

2023-03-09 14:00:05 - [MESSAGE][PASSED] - Object 'Object Repository/3-OBJECTS UTILIDADES/Login/input_USUARIO_loginusuario' is visible

2023-03-09 14:00:05 - [TEST_STEP][PASSED] - switchToWindowTitle("SARA"): Switched to window with title: 'SARA'

2023-03-09 14:00:05 - [MESSAGE][PASSED] - Switched to window with title: 'SARA'

2023-03-09 14:00:05 - [TEST_STEP][PASSED] - zoom(): null

2023-03-09 14:00:05 - [TEST_STEP][PASSED] - robot = new java.awt.Robot(): null

2023-03-09 14:00:05 - [TEST_STEP][PASSED] - robot.keyPress(VK_CONTROL): null

2023-03-09 14:00:05 - [TEST_STEP][PASSED] - robot.keyPress(VK_SUBTRACT): null

2023-03-09 14:00:05 - [TEST_STEP][PASSED] - robot.keyRelease(VK_CONTROL): null

2023-03-09 14:00:05 - [TEST_STEP][PASSED] - robot.keyRelease(VK_SUBTRACT): null

2023-03-09 14:00:05 - [TEST_STEP][PASSED] - robot.keyPress(VK_CONTROL): null

2023-03-09 14:00:05 - [TEST_STEP][PASSED] - robot.keyPress(VK_SUBTRACT): null

2023-03-09 14:00:05 - [TEST_STEP][PASSED] - robot.keyRelease(VK_CONTROL): null

2023-03-09 14:00:05 - [TEST_STEP][PASSED] - robot.keyRelease(VK_SUBTRACT): null

2023-03-09 14:00:05 - [TEST_STEP][PASSED] - robot.keyPress(VK_CONTROL): null

2023-03-09 14:00:05 - [TEST_STEP][PASSED] - robot.keyPress(VK_SUBTRACT): null

2023-03-09 14:00:05 - [TEST_STEP][PASSED] - robot.keyRelease(VK_CONTROL): null

2023-03-09 14:00:05 - [TEST_STEP][PASSED] - robot.keyRelease(VK_SUBTRACT): null

2023-03-09 14:00:05 - [TEST_STEP][PASSED] - robot.keyRelease(VK_CONTROL): null

2023-03-09 14:00:05 - [TEST_STEP][PASSED] - robot.keyRelease(VK_SUBTRACT): null

2023-03-09 14:00:05 - [TEST_STEP][PASSED] - setText(findTestObject("3-OBJECTS UTILIDADES/Login/input_USUARIO_loginusuario"), G_Usuario): Text 'weblogic' is set on object 'Object Repository/3-OBJECTS UTILIDADES/Login/input_USUARIO_loginusuario'

2023-03-09 14:00:06 - [MESSAGE][PASSED] - Text 'weblogic' is set on object 'Object Repository/3-OBJECTS UTILIDADES/Login/input_USUARIO_loginusuario'

2023-03-09 14:00:06 - [TEST_STEP][PASSED] - setEncryptedText(findTestObject("3-OBJECTS UTILIDADES/Login/input_CLAVE_loginpassword"), "SlAwMcyRKqrwbnzhAs8HhT6NnI7sEyng"): Text ****** has been set on object 'Object Repository/3-OBJECTS UTILIDADES/Login/input_CLAVE_loginpassword'

2023-03-09 14:00:10 - [MESSAGE][PASSED] - Text ****** has been set on object 'Object Repository/3-OBJECTS UTILIDADES/Login/input_CLAVE_loginpassword'

2023-03-09 14:00:10 - [TEST_STEP][PASSED] - while (waitForElementClickable(findTestObject("3-OBJECTS UTILIDADES/Login/a_Ingresar"), 1)): Web element with id: 'Object Repository/3-OBJECTS UTILIDADES/Login/a_Ingresar' located by '//a[contains(text(),'Ingresar')]' not found

2023-03-09 14:00:12 - [MESSAGE][INFO] - Unable to find the element located by 'By.xpath: //a[contains(text(),'Ingresar')]'. Please recheck the objects properties to make sure the desired element is located. 

2023-03-09 14:00:12 - [MESSAGE][WARNING] - Web element with id: 'Object Repository/3-OBJECTS UTILIDADES/Login/a_Ingresar' located by '//a[contains(text(),'Ingresar')]' not found

2023-03-09 14:00:12 - [MESSAGE][PASSED] - Call Test Case 'Test Cases/0.1-Login' successfully

2023-03-09 14:00:12 - [TEST_STEP][PASSED] - setText(findTestObject("2-OBJECTS TAREAS SECUNDARIAS/Pruebas Compensación/Listado_Empleados/input_Empresa 1_form_templatej_idt24_input (1)"), "planta personal (tal)"): Text 'planta personal (tal)' is set on object 'Object Repository/2-OBJECTS TAREAS SECUNDARIAS/Pruebas Compensación/Listado_Empleados/input_Empresa 1_form_templatej_idt24_input (1)'

2023-03-09 14:00:13 - [MESSAGE][PASSED] - Text 'planta personal (tal)' is set on object 'Object Repository/2-OBJECTS TAREAS SECUNDARIAS/Pruebas Compensación/Listado_Empleados/input_Empresa 1_form_templatej_idt24_input (1)'

2023-03-09 14:00:13 - [TEST_STEP][PASSED] - click(findTestObject("2-OBJECTS TAREAS SECUNDARIAS/Pruebas planta personal/Buscar_puesto_de_trabajo/span_Planta Personal (ta")): Object: 'Object Repository/2-OBJECTS TAREAS SECUNDARIAS/Pruebas planta personal/Buscar_puesto_de_trabajo/span_Planta Personal (ta' is clicked on

2023-03-09 14:00:14 - [MESSAGE][PASSED] - Object: 'Object Repository/2-OBJECTS TAREAS SECUNDARIAS/Pruebas planta personal/Buscar_puesto_de_trabajo/span_Planta Personal (ta' is clicked on

2023-03-09 14:00:14 - [TEST_STEP][PASSED] - click(findTestObject("2-OBJECTS TAREAS SECUNDARIAS/Pruebas planta personal/Buscar_puesto_de_trabajo/a_Actos Administrativos_organigramabuscar")): Object: 'Object Repository/2-OBJECTS TAREAS SECUNDARIAS/Pruebas planta personal/Buscar_puesto_de_trabajo/a_Actos Administrativos_organigramabuscar' is clicked on

2023-03-09 14:00:16 - [MESSAGE][PASSED] - Object: 'Object Repository/2-OBJECTS TAREAS SECUNDARIAS/Pruebas planta personal/Buscar_puesto_de_trabajo/a_Actos Administrativos_organigramabuscar' is clicked on

2023-03-09 14:00:16 - [TEST_STEP][PASSED] - selectOptionByIndex(findTestObject("2-OBJECTS TAREAS SECUNDARIAS/Pruebas planta personal/Buscar_puesto_de_trabajo/select_--Seleccione--EmpleadoPuesto"), 2): All options with index in [2] are selected on object 'Object Repository/2-OBJECTS TAREAS SECUNDARIAS/Pruebas planta personal/Buscar_puesto_de_trabajo/select_--Seleccione--EmpleadoPuesto'

2023-03-09 14:00:18 - [MESSAGE][PASSED] - All options with index in [2] are selected on object 'Object Repository/2-OBJECTS TAREAS SECUNDARIAS/Pruebas planta personal/Buscar_puesto_de_trabajo/select_--Seleccione--EmpleadoPuesto'

2023-03-09 14:00:18 - [TEST_STEP][PASSED] - click(findTestObject("2-OBJECTS TAREAS SECUNDARIAS/Pruebas planta personal/Buscar_puesto_de_trabajo/a_Cargo_popupBusquedaPlantaj_idt279")): Object: 'Object Repository/2-OBJECTS TAREAS SECUNDARIAS/Pruebas planta personal/Buscar_puesto_de_trabajo/a_Cargo_popupBusquedaPlantaj_idt279' is clicked on

2023-03-09 14:00:18 - [MESSAGE][PASSED] - Object: 'Object Repository/2-OBJECTS TAREAS SECUNDARIAS/Pruebas planta personal/Buscar_puesto_de_trabajo/a_Cargo_popupBusquedaPlantaj_idt279' is clicked on

2023-03-09 14:00:18 - [TEST_STEP][PASSED] - click(findTestObject("2-OBJECTS TAREAS SECUNDARIAS/Pruebas planta personal/Buscar_puesto_de_trabajo/a_Unidad Organizacional_popupBusquedaPlantaj_idt274")): Object: 'Object Repository/2-OBJECTS TAREAS SECUNDARIAS/Pruebas planta personal/Buscar_puesto_de_trabajo/a_Unidad Organizacional_popupBusquedaPlantaj_idt274' is clicked on

2023-03-09 14:00:19 - [MESSAGE][PASSED] - Object: 'Object Repository/2-OBJECTS TAREAS SECUNDARIAS/Pruebas planta personal/Buscar_puesto_de_trabajo/a_Unidad Organizacional_popupBusquedaPlantaj_idt274' is clicked on

2023-03-09 14:00:19 - [TEST_STEP][PASSED] - setText(findTestObject("2-OBJECTS TAREAS SECUNDARIAS/Pruebas planta personal/Buscar_puesto_de_trabajo/input_Unidad_form_popupUnidadUsuarioj_idt880"), "administracion"): Text 'administracion' is set on object 'Object Repository/2-OBJECTS TAREAS SECUNDARIAS/Pruebas planta personal/Buscar_puesto_de_trabajo/input_Unidad_form_popupUnidadUsuarioj_idt880'

2023-03-09 14:00:20 - [MESSAGE][PASSED] - Text 'administracion' is set on object 'Object Repository/2-OBJECTS TAREAS SECUNDARIAS/Pruebas planta personal/Buscar_puesto_de_trabajo/input_Unidad_form_popupUnidadUsuarioj_idt880'

2023-03-09 14:00:20 - [TEST_STEP][PASSED] - sendKeys(findTestObject("2-OBJECTS TAREAS SECUNDARIAS/Pruebas planta personal/Buscar_puesto_de_trabajo/input_Unidad_form_popupUnidadUsuarioj_idt880"), Keys.chord(ENTER)): Keys 'ENTER + ' sent to object: 'Object Repository/2-OBJECTS TAREAS SECUNDARIAS/Pruebas planta personal/Buscar_puesto_de_trabajo/input_Unidad_form_popupUnidadUsuarioj_idt880'

2023-03-09 14:00:20 - [MESSAGE][PASSED] - Keys 'ENTER + ' sent to object: 'Object Repository/2-OBJECTS TAREAS SECUNDARIAS/Pruebas planta personal/Buscar_puesto_de_trabajo/input_Unidad_form_popupUnidadUsuarioj_idt880'

2023-03-09 14:00:20 - [TEST_STEP][PASSED] - click(findTestObject("2-OBJECTS TAREAS SECUNDARIAS/Pruebas planta personal/Buscar_puesto_de_trabajo/span_ADMINISTRACION")): Object: 'Object Repository/2-OBJECTS TAREAS SECUNDARIAS/Pruebas planta personal/Buscar_puesto_de_trabajo/span_ADMINISTRACION' is clicked on

2023-03-09 14:00:21 - [MESSAGE][PASSED] - Object: 'Object Repository/2-OBJECTS TAREAS SECUNDARIAS/Pruebas planta personal/Buscar_puesto_de_trabajo/span_ADMINISTRACION' is clicked on

2023-03-09 14:00:21 - [TEST_STEP][PASSED] - click(findTestObject("2-OBJECTS TAREAS SECUNDARIAS/Pruebas planta personal/Buscar_puesto_de_trabajo/a_Cargo_popupBusquedaPlantaj_idt2790")): Object: 'Object Repository/2-OBJECTS TAREAS SECUNDARIAS/Pruebas planta personal/Buscar_puesto_de_trabajo/a_Cargo_popupBusquedaPlantaj_idt2790' is clicked on

2023-03-09 14:00:22 - [MESSAGE][PASSED] - Object: 'Object Repository/2-OBJECTS TAREAS SECUNDARIAS/Pruebas planta personal/Buscar_puesto_de_trabajo/a_Cargo_popupBusquedaPlantaj_idt2790' is clicked on

2023-03-09 14:00:22 - [TEST_STEP][PASSED] - click(findTestObject("2-OBJECTS TAREAS SECUNDARIAS/Pruebas planta personal/Buscar_puesto_de_trabajo/span_ABOGADO")): Object: 'Object Repository/2-OBJECTS TAREAS SECUNDARIAS/Pruebas planta personal/Buscar_puesto_de_trabajo/span_ABOGADO' is clicked on

2023-03-09 14:00:23 - [MESSAGE][PASSED] - Object: 'Object Repository/2-OBJECTS TAREAS SECUNDARIAS/Pruebas planta personal/Buscar_puesto_de_trabajo/span_ABOGADO' is clicked on

2023-03-09 14:00:23 - [TEST_STEP][PASSED] - click(findTestObject("2-OBJECTS TAREAS SECUNDARIAS/Pruebas planta personal/Buscar_puesto_de_trabajo/span_20139    - Abogado")): Object: 'Object Repository/2-OBJECTS TAREAS SECUNDARIAS/Pruebas planta personal/Buscar_puesto_de_trabajo/span_20139    - Abogado' is clicked on

2023-03-09 14:00:23 - [MESSAGE][PASSED] - Object: 'Object Repository/2-OBJECTS TAREAS SECUNDARIAS/Pruebas planta personal/Buscar_puesto_de_trabajo/span_20139    - Abogado' is clicked on

2023-03-09 14:00:23 - [TEST_STEP][PASSED] - scrollToElement(findTestObject("2-OBJECTS TAREAS SECUNDARIAS/Pruebas planta personal/Buscar_puesto_de_trabajo/span_10308"), 0): Scroll to object 'Object Repository/2-OBJECTS TAREAS SECUNDARIAS/Pruebas planta personal/Buscar_puesto_de_trabajo/span_10308' successfully

2023-03-09 14:00:23 - [MESSAGE][WARNING] - Timeout '0' is invalid. Using default page load timeout: '37'

2023-03-09 14:00:24 - [MESSAGE][PASSED] - Scroll to object 'Object Repository/2-OBJECTS TAREAS SECUNDARIAS/Pruebas planta personal/Buscar_puesto_de_trabajo/span_10308' successfully

2023-03-09 14:00:24 - [TEST_STEP][PASSED] - if (waitForElementVisible(findTestObject("2-OBJECTS TAREAS SECUNDARIAS/Pruebas planta personal/Buscar_puesto_de_trabajo/span_10308"), 1)): null

2023-03-09 14:00:25 - [MESSAGE][PASSED] - Object 'Object Repository/2-OBJECTS TAREAS SECUNDARIAS/Pruebas planta personal/Buscar_puesto_de_trabajo/span_10308' is visible

2023-03-09 14:00:25 - [TEST_STEP][PASSED] - Resultado = "PRUEBA OK": null

2023-03-09 14:00:25 - [MESSAGE][PASSED] - Call Test Case 'Test Cases/1.2-Tareas_Secundarias/A.2-Pruebas_planta_personal/12.1.6-Buscar_puesto_de_trabajo' successfully

2023-03-09 14:00:25 - [TEST_STEP][PASSED] - click(findTestObject("2-OBJECTS TAREAS SECUNDARIAS/Pruebas planta personal/Copiar_perfil/a_Salgado . Paula_organigramaj_idt111")): Object: 'Object Repository/2-OBJECTS TAREAS SECUNDARIAS/Pruebas planta personal/Copiar_perfil/a_Salgado . Paula_organigramaj_idt111' is clicked on

2023-03-09 14:00:25 - [MESSAGE][PASSED] - Object: 'Object Repository/2-OBJECTS TAREAS SECUNDARIAS/Pruebas planta personal/Copiar_perfil/a_Salgado . Paula_organigramaj_idt111' is clicked on

2023-03-09 14:00:25 - [TEST_STEP][PASSED] - if (waitForElementVisible(findTestObject("2-OBJECTS TAREAS SECUNDARIAS/Pruebas planta personal/Copiar_perfil/a_Aceptar"), 1)): Web element with id: 'Object Repository/2-OBJECTS TAREAS SECUNDARIAS/Pruebas planta personal/Copiar_perfil/a_Aceptar' located by '//a[contains(text(),'Aceptar')]' not found

2023-03-09 14:00:27 - [MESSAGE][INFO] - Unable to find the element located by 'By.xpath: //a[contains(text(),'Aceptar')]'. Please recheck the objects properties to make sure the desired element is located. 

2023-03-09 14:00:27 - [MESSAGE][WARNING] - Web element with id: 'Object Repository/2-OBJECTS TAREAS SECUNDARIAS/Pruebas planta personal/Copiar_perfil/a_Aceptar' located by '//a[contains(text(),'Aceptar')]' not found

2023-03-09 14:00:27 - [TEST_STEP][FAILED] - click(findTestObject("2-OBJECTS TAREAS SECUNDARIAS/Pruebas planta personal/Copiar_perfil/a_Copiar Perfil")): Unable to click on object 'Object Repository/2-OBJECTS TAREAS SECUNDARIAS/Pruebas planta personal/Copiar_perfil/a_Copiar Perfil' (Root cause: com.kms.katalon.core.exception.StepFailedException: Unable to click on object 'Object Repository/2-OBJECTS TAREAS SECUNDARIAS/Pruebas planta personal/Copiar_perfil/a_Copiar Perfil'
	at com.kms.katalon.core.webui.keyword.internal.WebUIKeywordMain.stepFailed(WebUIKeywordMain.groovy:64)
	at com.kms.katalon.core.webui.keyword.internal.WebUIKeywordMain.runKeyword(WebUIKeywordMain.groovy:26)
	at com.kms.katalon.core.webui.keyword.builtin.ClickKeyword.click(ClickKeyword.groovy:74)
	at com.kms.katalon.core.webui.keyword.builtin.ClickKeyword.execute(ClickKeyword.groovy:40)
	at com.kms.katalon.core.keyword.internal.KeywordExecutor.executeKeywordForPlatform(KeywordExecutor.groovy:74)
	at com.kms.katalon.core.webui.keyword.WebUiBuiltInKeywords.click(WebUiBuiltInKeywords.groovy:620)
	at com.kms.katalon.core.webui.keyword.WebUiBuiltInKeywords$click$9.call(Unknown Source)
	at 12.2.2-Copiar_perfil.run(12.2.2-Copiar_perfil:28)
	at com.kms.katalon.core.main.ScriptEngine.run(ScriptEngine.java:194)
	at com.kms.katalon.core.main.ScriptEngine.runScriptAsRawText(ScriptEngine.java:119)
	at com.kms.katalon.core.main.TestCaseExecutor.runScript(TestCaseExecutor.java:448)
	at com.kms.katalon.core.main.TestCaseExecutor.doExecute(TestCaseExecutor.java:439)
	at com.kms.katalon.core.main.TestCaseExecutor.processExecutionPhase(TestCaseExecutor.java:418)
	at com.kms.katalon.core.main.TestCaseExecutor.accessMainPhase(TestCaseExecutor.java:410)
	at com.kms.katalon.core.main.TestCaseExecutor.execute(TestCaseExecutor.java:285)
	at com.kms.katalon.core.common.CommonExecutor.accessTestCaseMainPhase(CommonExecutor.java:65)
	at com.kms.katalon.core.main.TestSuiteExecutor.accessTestSuiteMainPhase(TestSuiteExecutor.java:151)
	at com.kms.katalon.core.main.TestSuiteExecutor.execute(TestSuiteExecutor.java:106)
	at com.kms.katalon.core.main.TestCaseMain.startTestSuite(TestCaseMain.java:185)
	at com.kms.katalon.core.main.TestCaseMain$startTestSuite$0.call(Unknown Source)
	at TempTestSuite1678383366099.run(TempTestSuite1678383366099.groovy:36)
Caused by: org.openqa.selenium.ElementClickInterceptedException: element click intercepted: Element <a id="descripcionCargo_form:j_idt1580:j_idt1582:j_idt1593" href="#" class="ui-commandlink ui-widget" onclick="PrimeFaces.ab({s:&quot;descripcionCargo_form:j_idt1580:j_idt1582:j_idt1593&quot;,f:&quot;descripcionCargo_form&quot;,u:&quot;areaAplicacion&quot;,onco:function(xhr,status,args,data){;}});return false;" style="display: inline-block;">...</a> is not clickable at point (120, 495). Other element would receive the click: <div id="popupErrorDialog:dialog_popupFoto_modal" class="ui-widget-overlay ui-dialog-mask" style="z-index: 1033;"></div>
  (Session info: chrome=110.0.5481.178)
Build info: version: '3.141.59', revision: 'e82be7d358', time: '2018-11-14T08:25:53'
System info: host: 'US-AF-000371', ip: '192.168.56.1', os.name: 'Windows 10', os.arch: 'amd64', os.version: '10.0', java.version: '1.8.0_282'
Driver info: com.kms.katalon.selenium.driver.CChromeDriver
Capabilities {acceptInsecureCerts: false, browserName: chrome, browserVersion: 110.0.5481.178, chrome: {chromedriverVersion: 109.0.5414.74 (e7c5703604da..., userDataDir: C:\Users\DIEGO~1.ROJ\AppDat...}, goog:chromeOptions: {debuggerAddress: localhost:51178}, javascriptEnabled: true, networkConnectionEnabled: false, pageLoadStrategy: normal, platform: WINDOWS, platformName: WINDOWS, proxy: Proxy(), setWindowRect: true, strictFileInteractability: false, timeouts: {implicit: 0, pageLoad: 300000, script: 30000}, unhandledPromptBehavior: dismiss and notify, webauthn:extension:credBlob: true, webauthn:extension:largeBlob: true, webauthn:virtualAuthenticators: true}
Session ID: 0d1555fef4cac07f349ec1dd1099688d
	at org.openqa.selenium.remote.http.W3CHttpResponseCodec.createException(W3CHttpResponseCodec.java:187)
	at org.openqa.selenium.remote.http.W3CHttpResponseCodec.decode(W3CHttpResponseCodec.java:122)
	at org.openqa.selenium.remote.http.W3CHttpResponseCodec.decode(W3CHttpResponseCodec.java:49)
	at org.openqa.selenium.remote.HttpCommandExecutor.execute(HttpCommandExecutor.java:158)
	at org.openqa.selenium.remote.service.DriverCommandExecutor.execute(DriverCommandExecutor.java:83)
	at org.openqa.selenium.remote.RemoteWebDriver.execute(RemoteWebDriver.java:552)
	at com.kms.katalon.selenium.driver.CChromeDriver.execute(CChromeDriver.java:19)
	at org.openqa.selenium.remote.RemoteWebElement.execute(RemoteWebElement.java:285)
	at org.openqa.selenium.remote.RemoteWebElement.click(RemoteWebElement.java:84)
	at org.openqa.selenium.support.events.EventFiringWebDriver$EventFiringWebElement.lambda$new$0(EventFiringWebDriver.java:404)
	at com.sun.proxy.$Proxy11.click(Unknown Source)
	at org.openqa.selenium.support.events.EventFiringWebDriver$EventFiringWebElement.click(EventFiringWebDriver.java:417)
	at org.openqa.selenium.WebElement$click$0.call(Unknown Source)
	at com.kms.katalon.core.webui.keyword.builtin.ClickKeyword.clickUntilSuccessWithTimeout(ClickKeyword.groovy:81)
	at com.kms.katalon.core.webui.keyword.builtin.ClickKeyword.clickUntilSuccessWithTimeout(ClickKeyword.groovy)
	at com.kms.katalon.core.webui.keyword.builtin.ClickKeyword$_click_closure1.doCall(ClickKeyword.groovy:67)
	at com.kms.katalon.core.webui.keyword.builtin.ClickKeyword$_click_closure1.call(ClickKeyword.groovy)
	at com.kms.katalon.core.webui.keyword.internal.WebUIKeywordMain.runKeyword(WebUIKeywordMain.groovy:20)
	at com.kms.katalon.core.webui.keyword.builtin.ClickKeyword.click(ClickKeyword.groovy:74)
	at com.kms.katalon.core.webui.keyword.builtin.ClickKeyword.execute(ClickKeyword.groovy:40)
	at com.kms.katalon.core.keyword.internal.KeywordExecutor.executeKeywordForPlatform(KeywordExecutor.groovy:74)
	at com.kms.katalon.core.webui.keyword.WebUiBuiltInKeywords.click(WebUiBuiltInKeywords.groovy:620)
	at com.kms.katalon.core.webui.keyword.WebUiBuiltInKeywords$click$9.call(Unknown Source)
	at Script1648474008061.run(Script1648474008061.groovy:28)
	... 13 more
)

2023-03-09 14:01:07 - [MESSAGE][FAILED] - Unable to click on object 'Object Repository/2-OBJECTS TAREAS SECUNDARIAS/Pruebas planta personal/Copiar_perfil/a_Copiar Perfil' (Root cause: com.kms.katalon.core.exception.StepFailedException: Unable to click on object 'Object Repository/2-OBJECTS TAREAS SECUNDARIAS/Pruebas planta personal/Copiar_perfil/a_Copiar Perfil'
	at com.kms.katalon.core.webui.keyword.internal.WebUIKeywordMain.stepFailed(WebUIKeywordMain.groovy:64)
	at com.kms.katalon.core.webui.keyword.internal.WebUIKeywordMain.runKeyword(WebUIKeywordMain.groovy:26)
	at com.kms.katalon.core.webui.keyword.builtin.ClickKeyword.click(ClickKeyword.groovy:74)
	at com.kms.katalon.core.webui.keyword.builtin.ClickKeyword.execute(ClickKeyword.groovy:40)
	at com.kms.katalon.core.keyword.internal.KeywordExecutor.executeKeywordForPlatform(KeywordExecutor.groovy:74)
	at com.kms.katalon.core.webui.keyword.WebUiBuiltInKeywords.click(WebUiBuiltInKeywords.groovy:620)
	at com.kms.katalon.core.webui.keyword.WebUiBuiltInKeywords$click$9.call(Unknown Source)
	at 12.2.2-Copiar_perfil.run(12.2.2-Copiar_perfil:28)
	at com.kms.katalon.core.main.ScriptEngine.run(ScriptEngine.java:194)
	at com.kms.katalon.core.main.ScriptEngine.runScriptAsRawText(ScriptEngine.java:119)
	at com.kms.katalon.core.main.TestCaseExecutor.runScript(TestCaseExecutor.java:448)
	at com.kms.katalon.core.main.TestCaseExecutor.doExecute(TestCaseExecutor.java:439)
	at com.kms.katalon.core.main.TestCaseExecutor.processExecutionPhase(TestCaseExecutor.java:418)
	at com.kms.katalon.core.main.TestCaseExecutor.accessMainPhase(TestCaseExecutor.java:410)
	at com.kms.katalon.core.main.TestCaseExecutor.execute(TestCaseExecutor.java:285)
	at com.kms.katalon.core.common.CommonExecutor.accessTestCaseMainPhase(CommonExecutor.java:65)
	at com.kms.katalon.core.main.TestSuiteExecutor.accessTestSuiteMainPhase(TestSuiteExecutor.java:151)
	at com.kms.katalon.core.main.TestSuiteExecutor.execute(TestSuiteExecutor.java:106)
	at com.kms.katalon.core.main.TestCaseMain.startTestSuite(TestCaseMain.java:185)
	at com.kms.katalon.core.main.TestCaseMain$startTestSuite$0.call(Unknown Source)
	at TempTestSuite1678383366099.run(TempTestSuite1678383366099.groovy:36)
Caused by: org.openqa.selenium.ElementClickInterceptedException: element click intercepted: Element <a id="descripcionCargo_form:j_idt1580:j_idt1582:j_idt1593" href="#" class="ui-commandlink ui-widget" onclick="PrimeFaces.ab({s:&quot;descripcionCargo_form:j_idt1580:j_idt1582:j_idt1593&quot;,f:&quot;descripcionCargo_form&quot;,u:&quot;areaAplicacion&quot;,onco:function(xhr,status,args,data){;}});return false;" style="display: inline-block;">...</a> is not clickable at point (120, 495). Other element would receive the click: <div id="popupErrorDialog:dialog_popupFoto_modal" class="ui-widget-overlay ui-dialog-mask" style="z-index: 1033;"></div>
  (Session info: chrome=110.0.5481.178)
Build info: version: '3.141.59', revision: 'e82be7d358', time: '2018-11-14T08:25:53'
System info: host: 'US-AF-000371', ip: '192.168.56.1', os.name: 'Windows 10', os.arch: 'amd64', os.version: '10.0', java.version: '1.8.0_282'
Driver info: com.kms.katalon.selenium.driver.CChromeDriver
Capabilities {acceptInsecureCerts: false, browserName: chrome, browserVersion: 110.0.5481.178, chrome: {chromedriverVersion: 109.0.5414.74 (e7c5703604da..., userDataDir: C:\Users\DIEGO~1.ROJ\AppDat...}, goog:chromeOptions: {debuggerAddress: localhost:51178}, javascriptEnabled: true, networkConnectionEnabled: false, pageLoadStrategy: normal, platform: WINDOWS, platformName: WINDOWS, proxy: Proxy(), setWindowRect: true, strictFileInteractability: false, timeouts: {implicit: 0, pageLoad: 300000, script: 30000}, unhandledPromptBehavior: dismiss and notify, webauthn:extension:credBlob: true, webauthn:extension:largeBlob: true, webauthn:virtualAuthenticators: true}
Session ID: 0d1555fef4cac07f349ec1dd1099688d
	at org.openqa.selenium.remote.http.W3CHttpResponseCodec.createException(W3CHttpResponseCodec.java:187)
	at org.openqa.selenium.remote.http.W3CHttpResponseCodec.decode(W3CHttpResponseCodec.java:122)
	at org.openqa.selenium.remote.http.W3CHttpResponseCodec.decode(W3CHttpResponseCodec.java:49)
	at org.openqa.selenium.remote.HttpCommandExecutor.execute(HttpCommandExecutor.java:158)
	at org.openqa.selenium.remote.service.DriverCommandExecutor.execute(DriverCommandExecutor.java:83)
	at org.openqa.selenium.remote.RemoteWebDriver.execute(RemoteWebDriver.java:552)
	at com.kms.katalon.selenium.driver.CChromeDriver.execute(CChromeDriver.java:19)
	at org.openqa.selenium.remote.RemoteWebElement.execute(RemoteWebElement.java:285)
	at org.openqa.selenium.remote.RemoteWebElement.click(RemoteWebElement.java:84)
	at org.openqa.selenium.support.events.EventFiringWebDriver$EventFiringWebElement.lambda$new$0(EventFiringWebDriver.java:404)
	at com.sun.proxy.$Proxy11.click(Unknown Source)
	at org.openqa.selenium.support.events.EventFiringWebDriver$EventFiringWebElement.click(EventFiringWebDriver.java:417)
	at org.openqa.selenium.WebElement$click$0.call(Unknown Source)
	at com.kms.katalon.core.webui.keyword.builtin.ClickKeyword.clickUntilSuccessWithTimeout(ClickKeyword.groovy:81)
	at com.kms.katalon.core.webui.keyword.builtin.ClickKeyword.clickUntilSuccessWithTimeout(ClickKeyword.groovy)
	at com.kms.katalon.core.webui.keyword.builtin.ClickKeyword$_click_closure1.doCall(ClickKeyword.groovy:67)
	at com.kms.katalon.core.webui.keyword.builtin.ClickKeyword$_click_closure1.call(ClickKeyword.groovy)
	at com.kms.katalon.core.webui.keyword.internal.WebUIKeywordMain.runKeyword(WebUIKeywordMain.groovy:20)
	at com.kms.katalon.core.webui.keyword.builtin.ClickKeyword.click(ClickKeyword.groovy:74)
	at com.kms.katalon.core.webui.keyword.builtin.ClickKeyword.execute(ClickKeyword.groovy:40)
	at com.kms.katalon.core.keyword.internal.KeywordExecutor.executeKeywordForPlatform(KeywordExecutor.groovy:74)
	at com.kms.katalon.core.webui.keyword.WebUiBuiltInKeywords.click(WebUiBuiltInKeywords.groovy:620)
	at com.kms.katalon.core.webui.keyword.WebUiBuiltInKeywords$click$9.call(Unknown Source)
	at Script1648474008061.run(Script1648474008061.groovy:28)
	... 13 more
)
[[ATTACHMENT|C:\\Users\\diego.rojas\\git\\Pruebas-Minimas\\Reports\\20230309_123606\\Test_Suite_Secundaria\\1-Tareas_secundarias\\20230309_123606\\1678388467078.png]]]]></system-out>
         <system-err><![CDATA[2023-03-09 14:00:00 - [TEST_CASE][FAILED] - Test Cases/1.2-Tareas_Secundarias/A.2-Pruebas_planta_personal/12.2.2-Copiar_perfil: Test Cases/1.2-Tareas_Secundarias/A.2-Pruebas_planta_personal/12.2.2-Copiar_perfil FAILED.
Reason:
com.kms.katalon.core.exception.StepFailedException: Unable to click on object 'Object Repository/2-OBJECTS TAREAS SECUNDARIAS/Pruebas planta personal/Copiar_perfil/a_Copiar Perfil'
	at com.kms.katalon.core.webui.keyword.internal.WebUIKeywordMain.stepFailed(WebUIKeywordMain.groovy:64)
	at com.kms.katalon.core.webui.keyword.internal.WebUIKeywordMain.runKeyword(WebUIKeywordMain.groovy:26)
	at com.kms.katalon.core.webui.keyword.builtin.ClickKeyword.click(ClickKeyword.groovy:74)
	at com.kms.katalon.core.webui.keyword.builtin.ClickKeyword.execute(ClickKeyword.groovy:40)
	at com.kms.katalon.core.keyword.internal.KeywordExecutor.executeKeywordForPlatform(KeywordExecutor.groovy:74)
	at com.kms.katalon.core.webui.keyword.WebUiBuiltInKeywords.click(WebUiBuiltInKeywords.groovy:620)
	at com.kms.katalon.core.webui.keyword.WebUiBuiltInKeywords$click$9.call(Unknown Source)
	at 12.2.2-Copiar_perfil.run(12.2.2-Copiar_perfil:28)
	at com.kms.katalon.core.main.ScriptEngine.run(ScriptEngine.java:194)
	at com.kms.katalon.core.main.ScriptEngine.runScriptAsRawText(ScriptEngine.java:119)
	at com.kms.katalon.core.main.TestCaseExecutor.runScript(TestCaseExecutor.java:448)
	at com.kms.katalon.core.main.TestCaseExecutor.doExecute(TestCaseExecutor.java:439)
	at com.kms.katalon.core.main.TestCaseExecutor.processExecutionPhase(TestCaseExecutor.java:418)
	at com.kms.katalon.core.main.TestCaseExecutor.accessMainPhase(TestCaseExecutor.java:410)
	at com.kms.katalon.core.main.TestCaseExecutor.execute(TestCaseExecutor.java:285)
	at com.kms.katalon.core.common.CommonExecutor.accessTestCaseMainPhase(CommonExecutor.java:65)
	at com.kms.katalon.core.main.TestSuiteExecutor.accessTestSuiteMainPhase(TestSuiteExecutor.java:151)
	at com.kms.katalon.core.main.TestSuiteExecutor.execute(TestSuiteExecutor.java:106)
	at com.kms.katalon.core.main.TestCaseMain.startTestSuite(TestCaseMain.java:185)
	at com.kms.katalon.core.main.TestCaseMain$startTestSuite$0.call(Unknown Source)
	at TempTestSuite1678383366099.run(TempTestSuite1678383366099.groovy:36)
Caused by: org.openqa.selenium.ElementClickInterceptedException: element click intercepted: Element <a id="descripcionCargo_form:j_idt1580:j_idt1582:j_idt1593" href="#" class="ui-commandlink ui-widget" onclick="PrimeFaces.ab({s:&quot;descripcionCargo_form:j_idt1580:j_idt1582:j_idt1593&quot;,f:&quot;descripcionCargo_form&quot;,u:&quot;areaAplicacion&quot;,onco:function(xhr,status,args,data){;}});return false;" style="display: inline-block;">...</a> is not clickable at point (120, 495). Other element would receive the click: <div id="popupErrorDialog:dialog_popupFoto_modal" class="ui-widget-overlay ui-dialog-mask" style="z-index: 1033;"></div>
  (Session info: chrome=110.0.5481.178)
Build info: version: '3.141.59', revision: 'e82be7d358', time: '2018-11-14T08:25:53'
System info: host: 'US-AF-000371', ip: '192.168.56.1', os.name: 'Windows 10', os.arch: 'amd64', os.version: '10.0', java.version: '1.8.0_282'
Driver info: com.kms.katalon.selenium.driver.CChromeDriver
Capabilities {acceptInsecureCerts: false, browserName: chrome, browserVersion: 110.0.5481.178, chrome: {chromedriverVersion: 109.0.5414.74 (e7c5703604da..., userDataDir: C:\Users\DIEGO~1.ROJ\AppDat...}, goog:chromeOptions: {debuggerAddress: localhost:51178}, javascriptEnabled: true, networkConnectionEnabled: false, pageLoadStrategy: normal, platform: WINDOWS, platformName: WINDOWS, proxy: Proxy(), setWindowRect: true, strictFileInteractability: false, timeouts: {implicit: 0, pageLoad: 300000, script: 30000}, unhandledPromptBehavior: dismiss and notify, webauthn:extension:credBlob: true, webauthn:extension:largeBlob: true, webauthn:virtualAuthenticators: true}
Session ID: 0d1555fef4cac07f349ec1dd1099688d
	at org.openqa.selenium.remote.http.W3CHttpResponseCodec.createException(W3CHttpResponseCodec.java:187)
	at org.openqa.selenium.remote.http.W3CHttpResponseCodec.decode(W3CHttpResponseCodec.java:122)
	at org.openqa.selenium.remote.http.W3CHttpResponseCodec.decode(W3CHttpResponseCodec.java:49)
	at org.openqa.selenium.remote.HttpCommandExecutor.execute(HttpCommandExecutor.java:158)
	at org.openqa.selenium.remote.service.DriverCommandExecutor.execute(DriverCommandExecutor.java:83)
	at org.openqa.selenium.remote.RemoteWebDriver.execute(RemoteWebDriver.java:552)
	at com.kms.katalon.selenium.driver.CChromeDriver.execute(CChromeDriver.java:19)
	at org.openqa.selenium.remote.RemoteWebElement.execute(RemoteWebElement.java:285)
	at org.openqa.selenium.remote.RemoteWebElement.click(RemoteWebElement.java:84)
	at org.openqa.selenium.support.events.EventFiringWebDriver$EventFiringWebElement.lambda$new$0(EventFiringWebDriver.java:404)
	at com.sun.proxy.$Proxy11.click(Unknown Source)
	at org.openqa.selenium.support.events.EventFiringWebDriver$EventFiringWebElement.click(EventFiringWebDriver.java:417)
	at org.openqa.selenium.WebElement$click$0.call(Unknown Source)
	at com.kms.katalon.core.webui.keyword.builtin.ClickKeyword.clickUntilSuccessWithTimeout(ClickKeyword.groovy:81)
	at com.kms.katalon.core.webui.keyword.builtin.ClickKeyword.clickUntilSuccessWithTimeout(ClickKeyword.groovy)
	at com.kms.katalon.core.webui.keyword.builtin.ClickKeyword$_click_closure1.doCall(ClickKeyword.groovy:67)
	at com.kms.katalon.core.webui.keyword.builtin.ClickKeyword$_click_closure1.call(ClickKeyword.groovy)
	at com.kms.katalon.core.webui.keyword.internal.WebUIKeywordMain.runKeyword(WebUIKeywordMain.groovy:20)
	... 19 more]]></system-err>
      </testcase>
      <testcase name="Test Cases/1.2-Tareas_Secundarias/A.2-Pruebas_planta_personal/12.2.3-Crear_descripción_del_cargo_(PUESTO_TRABAJO_MULTIPLE)" time="65.449" classname="Test Cases/1.2-Tareas_Secundarias/A.2-Pruebas_planta_personal/12.2.3-Crear_descripción_del_cargo_(PUESTO_TRABAJO_MULTIPLE)" status="FAILED">
         <failure type="FAILED" message="Test Cases/1.2-Tareas_Secundarias/A.2-Pruebas_planta_personal/12.2.3-Crear_descripción_del_cargo_(PUESTO_TRABAJO_MULTIPLE) FAILED.
Reason:
com.kms.katalon.core.exception.StepFailedException: Unable to click on object 'Object Repository/2-OBJECTS TAREAS SECUNDARIAS/Pruebas planta personal/Crear_descripción_del_cargo(Puesto_trabajo_multiple)/a_Guardar'
	at com.kms.katalon.core.webui.keyword.internal.WebUIKeywordMain.stepFailed(WebUIKeywordMain.groovy:64)
	at com.kms.katalon.core.webui.keyword.internal.WebUIKeywordMain.runKeyword(WebUIKeywordMain.groovy:26)
	at com.kms.katalon.core.webui.keyword.builtin.ClickKeyword.click(ClickKeyword.groovy:74)
	at com.kms.katalon.core.webui.keyword.builtin.ClickKeyword.execute(ClickKeyword.groovy:40)
	at com.kms.katalon.core.keyword.internal.KeywordExecutor.executeKeywordForPlatform(KeywordExecutor.groovy:74)
	at com.kms.katalon.core.webui.keyword.WebUiBuiltInKeywords.click(WebUiBuiltInKeywords.groovy:620)
	at com.kms.katalon.core.webui.keyword.WebUiBuiltInKeywords$click$9.call(Unknown Source)
	at 12.2.3-Crear_descripción_del_cargo_(PUESTO_TRABAJO_MULTIPLE).run(12.2.3-Crear_descripción_del_cargo_(PUESTO_TRABAJO_MULTIPLE):60)
	at com.kms.katalon.core.main.ScriptEngine.run(ScriptEngine.java:194)
	at com.kms.katalon.core.main.ScriptEngine.runScriptAsRawText(ScriptEngine.java:119)
	at com.kms.katalon.core.main.TestCaseExecutor.runScript(TestCaseExecutor.java:448)
	at com.kms.katalon.core.main.TestCaseExecutor.doExecute(TestCaseExecutor.java:439)
	at com.kms.katalon.core.main.TestCaseExecutor.processExecutionPhase(TestCaseExecutor.java:418)
	at com.kms.katalon.core.main.TestCaseExecutor.accessMainPhase(TestCaseExecutor.java:410)
	at com.kms.katalon.core.main.TestCaseExecutor.execute(TestCaseExecutor.java:285)
	at com.kms.katalon.core.common.CommonExecutor.accessTestCaseMainPhase(CommonExecutor.java:65)
	at com.kms.katalon.core.main.TestSuiteExecutor.accessTestSuiteMainPhase(TestSuiteExecutor.java:151)
	at com.kms.katalon.core.main.TestSuiteExecutor.execute(TestSuiteExecutor.java:106)
	at com.kms.katalon.core.main.TestCaseMain.startTestSuite(TestCaseMain.java:185)
	at com.kms.katalon.core.main.TestCaseMain$startTestSuite$0.call(Unknown Source)
	at TempTestSuite1678383366099.run(TempTestSuite1678383366099.groovy:36)
Caused by: org.openqa.selenium.ElementClickInterceptedException: element click intercepted: Element &lt;a id=&quot;descripcionCargo_form:j_idt798&quot; href=&quot;#&quot; class=&quot;ui-commandlink ui-widget us-boton btn-guardar&quot; onclick=&quot;PrimeFaces.ab({s:&amp;quot;descripcionCargo_form:j_idt798&amp;quot;,f:&amp;quot;descripcionCargo_form&amp;quot;,u:&amp;quot;areaAplicacion&amp;quot;});return false;&quot;>...&lt;/a> is not clickable at point (367, 565). Other element would receive the click: &lt;div id=&quot;popupErrorDialog:dialog_popupFoto_modal&quot; class=&quot;ui-widget-overlay ui-dialog-mask&quot; style=&quot;z-index: 1025;&quot;>&lt;/div>
  (Session info: chrome=110.0.5481.178)
Build info: version: '3.141.59', revision: 'e82be7d358', time: '2018-11-14T08:25:53'
System info: host: 'US-AF-000371', ip: '192.168.56.1', os.name: 'Windows 10', os.arch: 'amd64', os.version: '10.0', java.version: '1.8.0_282'
Driver info: com.kms.katalon.selenium.driver.CChromeDriver
Capabilities {acceptInsecureCerts: false, browserName: chrome, browserVersion: 110.0.5481.178, chrome: {chromedriverVersion: 109.0.5414.74 (e7c5703604da..., userDataDir: C:\Users\DIEGO~1.ROJ\AppDat...}, goog:chromeOptions: {debuggerAddress: localhost:51302}, javascriptEnabled: true, networkConnectionEnabled: false, pageLoadStrategy: normal, platform: WINDOWS, platformName: WINDOWS, proxy: Proxy(), setWindowRect: true, strictFileInteractability: false, timeouts: {implicit: 0, pageLoad: 300000, script: 30000}, unhandledPromptBehavior: dismiss and notify, webauthn:extension:credBlob: true, webauthn:extension:largeBlob: true, webauthn:virtualAuthenticators: true}
Session ID: 0374ec374ff483ba7f7d6f7f74709388
	at org.openqa.selenium.remote.http.W3CHttpResponseCodec.createException(W3CHttpResponseCodec.java:187)
	at org.openqa.selenium.remote.http.W3CHttpResponseCodec.decode(W3CHttpResponseCodec.java:122)
	at org.openqa.selenium.remote.http.W3CHttpResponseCodec.decode(W3CHttpResponseCodec.java:49)
	at org.openqa.selenium.remote.HttpCommandExecutor.execute(HttpCommandExecutor.java:158)
	at org.openqa.selenium.remote.service.DriverCommandExecutor.execute(DriverCommandExecutor.java:83)
	at org.openqa.selenium.remote.RemoteWebDriver.execute(RemoteWebDriver.java:552)
	at com.kms.katalon.selenium.driver.CChromeDriver.execute(CChromeDriver.java:19)
	at org.openqa.selenium.remote.RemoteWebElement.execute(RemoteWebElement.java:285)
	at org.openqa.selenium.remote.RemoteWebElement.click(RemoteWebElement.java:84)
	at org.openqa.selenium.support.events.EventFiringWebDriver$EventFiringWebElement.lambda$new$0(EventFiringWebDriver.java:404)
	at com.sun.proxy.$Proxy11.click(Unknown Source)
	at org.openqa.selenium.support.events.EventFiringWebDriver$EventFiringWebElement.click(EventFiringWebDriver.java:417)
	at org.openqa.selenium.WebElement$click$0.call(Unknown Source)
	at com.kms.katalon.core.webui.keyword.builtin.ClickKeyword.clickUntilSuccessWithTimeout(ClickKeyword.groovy:81)
	at com.kms.katalon.core.webui.keyword.builtin.ClickKeyword.clickUntilSuccessWithTimeout(ClickKeyword.groovy)
	at com.kms.katalon.core.webui.keyword.builtin.ClickKeyword$_click_closure1.doCall(ClickKeyword.groovy:67)
	at com.kms.katalon.core.webui.keyword.builtin.ClickKeyword$_click_closure1.call(ClickKeyword.groovy)
	at com.kms.katalon.core.webui.keyword.internal.WebUIKeywordMain.runKeyword(WebUIKeywordMain.groovy:20)
	... 19 more
"/>
         <system-out><![CDATA[2023-03-09 14:01:07 - [TEST_CASE][FAILED] - Test Cases/1.2-Tareas_Secundarias/A.2-Pruebas_planta_personal/12.2.3-Crear_descripción_del_cargo_(PUESTO_TRABAJO_MULTIPLE): Test Cases/1.2-Tareas_Secundarias/A.2-Pruebas_planta_personal/12.2.3-Crear_descripción_del_cargo_(PUESTO_TRABAJO_MULTIPLE) FAILED.
Reason:
com.kms.katalon.core.exception.StepFailedException: Unable to click on object 'Object Repository/2-OBJECTS TAREAS SECUNDARIAS/Pruebas planta personal/Crear_descripción_del_cargo(Puesto_trabajo_multiple)/a_Guardar'
	at com.kms.katalon.core.webui.keyword.internal.WebUIKeywordMain.stepFailed(WebUIKeywordMain.groovy:64)
	at com.kms.katalon.core.webui.keyword.internal.WebUIKeywordMain.runKeyword(WebUIKeywordMain.groovy:26)
	at com.kms.katalon.core.webui.keyword.builtin.ClickKeyword.click(ClickKeyword.groovy:74)
	at com.kms.katalon.core.webui.keyword.builtin.ClickKeyword.execute(ClickKeyword.groovy:40)
	at com.kms.katalon.core.keyword.internal.KeywordExecutor.executeKeywordForPlatform(KeywordExecutor.groovy:74)
	at com.kms.katalon.core.webui.keyword.WebUiBuiltInKeywords.click(WebUiBuiltInKeywords.groovy:620)
	at com.kms.katalon.core.webui.keyword.WebUiBuiltInKeywords$click$9.call(Unknown Source)
	at 12.2.3-Crear_descripción_del_cargo_(PUESTO_TRABAJO_MULTIPLE).run(12.2.3-Crear_descripción_del_cargo_(PUESTO_TRABAJO_MULTIPLE):60)
	at com.kms.katalon.core.main.ScriptEngine.run(ScriptEngine.java:194)
	at com.kms.katalon.core.main.ScriptEngine.runScriptAsRawText(ScriptEngine.java:119)
	at com.kms.katalon.core.main.TestCaseExecutor.runScript(TestCaseExecutor.java:448)
	at com.kms.katalon.core.main.TestCaseExecutor.doExecute(TestCaseExecutor.java:439)
	at com.kms.katalon.core.main.TestCaseExecutor.processExecutionPhase(TestCaseExecutor.java:418)
	at com.kms.katalon.core.main.TestCaseExecutor.accessMainPhase(TestCaseExecutor.java:410)
	at com.kms.katalon.core.main.TestCaseExecutor.execute(TestCaseExecutor.java:285)
	at com.kms.katalon.core.common.CommonExecutor.accessTestCaseMainPhase(CommonExecutor.java:65)
	at com.kms.katalon.core.main.TestSuiteExecutor.accessTestSuiteMainPhase(TestSuiteExecutor.java:151)
	at com.kms.katalon.core.main.TestSuiteExecutor.execute(TestSuiteExecutor.java:106)
	at com.kms.katalon.core.main.TestCaseMain.startTestSuite(TestCaseMain.java:185)
	at com.kms.katalon.core.main.TestCaseMain$startTestSuite$0.call(Unknown Source)
	at TempTestSuite1678383366099.run(TempTestSuite1678383366099.groovy:36)
Caused by: org.openqa.selenium.ElementClickInterceptedException: element click intercepted: Element <a id="descripcionCargo_form:j_idt798" href="#" class="ui-commandlink ui-widget us-boton btn-guardar" onclick="PrimeFaces.ab({s:&quot;descripcionCargo_form:j_idt798&quot;,f:&quot;descripcionCargo_form&quot;,u:&quot;areaAplicacion&quot;});return false;">...</a> is not clickable at point (367, 565). Other element would receive the click: <div id="popupErrorDialog:dialog_popupFoto_modal" class="ui-widget-overlay ui-dialog-mask" style="z-index: 1025;"></div>
  (Session info: chrome=110.0.5481.178)
Build info: version: '3.141.59', revision: 'e82be7d358', time: '2018-11-14T08:25:53'
System info: host: 'US-AF-000371', ip: '192.168.56.1', os.name: 'Windows 10', os.arch: 'amd64', os.version: '10.0', java.version: '1.8.0_282'
Driver info: com.kms.katalon.selenium.driver.CChromeDriver
Capabilities {acceptInsecureCerts: false, browserName: chrome, browserVersion: 110.0.5481.178, chrome: {chromedriverVersion: 109.0.5414.74 (e7c5703604da..., userDataDir: C:\Users\DIEGO~1.ROJ\AppDat...}, goog:chromeOptions: {debuggerAddress: localhost:51302}, javascriptEnabled: true, networkConnectionEnabled: false, pageLoadStrategy: normal, platform: WINDOWS, platformName: WINDOWS, proxy: Proxy(), setWindowRect: true, strictFileInteractability: false, timeouts: {implicit: 0, pageLoad: 300000, script: 30000}, unhandledPromptBehavior: dismiss and notify, webauthn:extension:credBlob: true, webauthn:extension:largeBlob: true, webauthn:virtualAuthenticators: true}
Session ID: 0374ec374ff483ba7f7d6f7f74709388
	at org.openqa.selenium.remote.http.W3CHttpResponseCodec.createException(W3CHttpResponseCodec.java:187)
	at org.openqa.selenium.remote.http.W3CHttpResponseCodec.decode(W3CHttpResponseCodec.java:122)
	at org.openqa.selenium.remote.http.W3CHttpResponseCodec.decode(W3CHttpResponseCodec.java:49)
	at org.openqa.selenium.remote.HttpCommandExecutor.execute(HttpCommandExecutor.java:158)
	at org.openqa.selenium.remote.service.DriverCommandExecutor.execute(DriverCommandExecutor.java:83)
	at org.openqa.selenium.remote.RemoteWebDriver.execute(RemoteWebDriver.java:552)
	at com.kms.katalon.selenium.driver.CChromeDriver.execute(CChromeDriver.java:19)
	at org.openqa.selenium.remote.RemoteWebElement.execute(RemoteWebElement.java:285)
	at org.openqa.selenium.remote.RemoteWebElement.click(RemoteWebElement.java:84)
	at org.openqa.selenium.support.events.EventFiringWebDriver$EventFiringWebElement.lambda$new$0(EventFiringWebDriver.java:404)
	at com.sun.proxy.$Proxy11.click(Unknown Source)
	at org.openqa.selenium.support.events.EventFiringWebDriver$EventFiringWebElement.click(EventFiringWebDriver.java:417)
	at org.openqa.selenium.WebElement$click$0.call(Unknown Source)
	at com.kms.katalon.core.webui.keyword.builtin.ClickKeyword.clickUntilSuccessWithTimeout(ClickKeyword.groovy:81)
	at com.kms.katalon.core.webui.keyword.builtin.ClickKeyword.clickUntilSuccessWithTimeout(ClickKeyword.groovy)
	at com.kms.katalon.core.webui.keyword.builtin.ClickKeyword$_click_closure1.doCall(ClickKeyword.groovy:67)
	at com.kms.katalon.core.webui.keyword.builtin.ClickKeyword$_click_closure1.call(ClickKeyword.groovy)
	at com.kms.katalon.core.webui.keyword.internal.WebUIKeywordMain.runKeyword(WebUIKeywordMain.groovy:20)
	... 19 more


2023-03-09 14:01:07 - [TEST_STEP][PASSED] - callTestCase(findTestCase("0.1-Login"), [:], STOP_ON_FAILURE): Call Test Case 'Test Cases/0.1-Login' successfully

2023-03-09 14:01:07 - [TEST_CASE][PASSED] - Test Cases/0.1-Login: Test Cases/0.1-Login

2023-03-09 14:01:07 - [TEST_STEP][PASSED] - openBrowser(""): Browser is opened with url: ''

2023-03-09 14:01:07 - [MESSAGE][WARNING] - A browser is already opened. Closing browser and opening a new one

2023-03-09 14:01:08 - [MESSAGE][INFO] - Starting 'Chrome' driver

2023-03-09 14:01:08 - [MESSAGE][INFO] - Action delay is set to 0 milliseconds

2023-03-09 14:01:09 - [MESSAGE][PASSED] - Browser is opened with url: ''

2023-03-09 14:01:09 - [TEST_STEP][PASSED] - maximizeWindow(): Current window maximized

2023-03-09 14:01:09 - [MESSAGE][PASSED] - Current window maximized

2023-03-09 14:01:09 - [TEST_STEP][PASSED] - i = G_Login: null

2023-03-09 14:01:09 - [TEST_STEP][PASSED] - url = new java.net.URL(i): null

2023-03-09 14:01:09 - [TEST_STEP][PASSED] - println("URL: " + url.toString()): null

2023-03-09 14:01:09 - [TEST_STEP][PASSED] - connection = url.openConnection(): null

2023-03-09 14:01:09 - [TEST_STEP][PASSED] - connection.setRequestMethod("GET"): null

2023-03-09 14:01:09 - [TEST_STEP][PASSED] - connection.setReadTimeout(2 * 1000): null

2023-03-09 14:01:09 - [TEST_STEP][PASSED] - try: null

2023-03-09 14:01:09 - [TEST_STEP][PASSED] - connection.connect(): null

2023-03-09 14:01:09 - [TEST_STEP][PASSED] - flag = connected: null

2023-03-09 14:01:09 - [TEST_STEP][PASSED] - println("Valor_ori: " + flag): null

2023-03-09 14:01:09 - [TEST_STEP][PASSED] - if (flag): null

2023-03-09 14:01:09 - [TEST_STEP][PASSED] - navigateToUrl(i): Navigate to 'http://192.168.2.19:7001/saraweb' successfully

2023-03-09 14:01:11 - [MESSAGE][PASSED] - Navigate to 'http://192.168.2.19:7001/saraweb' successfully

2023-03-09 14:01:11 - [TEST_STEP][PASSED] - a(): null

2023-03-09 14:01:11 - [TEST_STEP][PASSED] - if (waitForElementVisible(findTestObject("3-OBJECTS UTILIDADES/Login/input_USUARIO_loginusuario"), 0)): null

2023-03-09 14:01:11 - [MESSAGE][WARNING] - Timeout '0' is invalid. Using default page load timeout: '37'

2023-03-09 14:01:11 - [MESSAGE][PASSED] - Object 'Object Repository/3-OBJECTS UTILIDADES/Login/input_USUARIO_loginusuario' is visible

2023-03-09 14:01:11 - [TEST_STEP][PASSED] - switchToWindowTitle("SARA"): Switched to window with title: 'SARA'

2023-03-09 14:01:11 - [MESSAGE][PASSED] - Switched to window with title: 'SARA'

2023-03-09 14:01:11 - [TEST_STEP][PASSED] - zoom(): null

2023-03-09 14:01:11 - [TEST_STEP][PASSED] - robot = new java.awt.Robot(): null

2023-03-09 14:01:11 - [TEST_STEP][PASSED] - robot.keyPress(VK_CONTROL): null

2023-03-09 14:01:11 - [TEST_STEP][PASSED] - robot.keyPress(VK_SUBTRACT): null

2023-03-09 14:01:11 - [TEST_STEP][PASSED] - robot.keyRelease(VK_CONTROL): null

2023-03-09 14:01:11 - [TEST_STEP][PASSED] - robot.keyRelease(VK_SUBTRACT): null

2023-03-09 14:01:11 - [TEST_STEP][PASSED] - robot.keyPress(VK_CONTROL): null

2023-03-09 14:01:11 - [TEST_STEP][PASSED] - robot.keyPress(VK_SUBTRACT): null

2023-03-09 14:01:11 - [TEST_STEP][PASSED] - robot.keyRelease(VK_CONTROL): null

2023-03-09 14:01:11 - [TEST_STEP][PASSED] - robot.keyRelease(VK_SUBTRACT): null

2023-03-09 14:01:11 - [TEST_STEP][PASSED] - robot.keyPress(VK_CONTROL): null

2023-03-09 14:01:11 - [TEST_STEP][PASSED] - robot.keyPress(VK_SUBTRACT): null

2023-03-09 14:01:11 - [TEST_STEP][PASSED] - robot.keyRelease(VK_CONTROL): null

2023-03-09 14:01:11 - [TEST_STEP][PASSED] - robot.keyRelease(VK_SUBTRACT): null

2023-03-09 14:01:11 - [TEST_STEP][PASSED] - robot.keyRelease(VK_CONTROL): null

2023-03-09 14:01:11 - [TEST_STEP][PASSED] - robot.keyRelease(VK_SUBTRACT): null

2023-03-09 14:01:11 - [TEST_STEP][PASSED] - setText(findTestObject("3-OBJECTS UTILIDADES/Login/input_USUARIO_loginusuario"), G_Usuario): Text 'weblogic' is set on object 'Object Repository/3-OBJECTS UTILIDADES/Login/input_USUARIO_loginusuario'

2023-03-09 14:01:12 - [MESSAGE][PASSED] - Text 'weblogic' is set on object 'Object Repository/3-OBJECTS UTILIDADES/Login/input_USUARIO_loginusuario'

2023-03-09 14:01:12 - [TEST_STEP][PASSED] - setEncryptedText(findTestObject("3-OBJECTS UTILIDADES/Login/input_CLAVE_loginpassword"), "SlAwMcyRKqrwbnzhAs8HhT6NnI7sEyng"): Text ****** has been set on object 'Object Repository/3-OBJECTS UTILIDADES/Login/input_CLAVE_loginpassword'

2023-03-09 14:01:15 - [MESSAGE][PASSED] - Text ****** has been set on object 'Object Repository/3-OBJECTS UTILIDADES/Login/input_CLAVE_loginpassword'

2023-03-09 14:01:15 - [TEST_STEP][PASSED] - while (waitForElementClickable(findTestObject("3-OBJECTS UTILIDADES/Login/a_Ingresar"), 1)): Web element with id: 'Object Repository/3-OBJECTS UTILIDADES/Login/a_Ingresar' located by '//a[contains(text(),'Ingresar')]' not found

2023-03-09 14:01:18 - [MESSAGE][INFO] - Unable to find the element located by 'By.xpath: //a[contains(text(),'Ingresar')]'. Please recheck the objects properties to make sure the desired element is located. 

2023-03-09 14:01:18 - [MESSAGE][WARNING] - Web element with id: 'Object Repository/3-OBJECTS UTILIDADES/Login/a_Ingresar' located by '//a[contains(text(),'Ingresar')]' not found

2023-03-09 14:01:18 - [MESSAGE][PASSED] - Call Test Case 'Test Cases/0.1-Login' successfully

2023-03-09 14:01:18 - [TEST_STEP][PASSED] - setText(findTestObject("2-OBJECTS TAREAS SECUNDARIAS/Pruebas planta personal/Crear_descripción_del_cargo(Puesto_trabajo_multiple)/input_Empresa 1_form_templatej_idt24_input"), "Listado Descripcion Cargo (tal)"): Text 'Listado Descripcion Cargo (tal)' is set on object 'Object Repository/2-OBJECTS TAREAS SECUNDARIAS/Pruebas planta personal/Crear_descripción_del_cargo(Puesto_trabajo_multiple)/input_Empresa 1_form_templatej_idt24_input'

2023-03-09 14:01:18 - [MESSAGE][PASSED] - Text 'Listado Descripcion Cargo (tal)' is set on object 'Object Repository/2-OBJECTS TAREAS SECUNDARIAS/Pruebas planta personal/Crear_descripción_del_cargo(Puesto_trabajo_multiple)/input_Empresa 1_form_templatej_idt24_input'

2023-03-09 14:01:18 - [TEST_STEP][PASSED] - click(findTestObject("2-OBJECTS TAREAS SECUNDARIAS/Pruebas planta personal/Crear_descripción_del_cargo(Puesto_trabajo_multiple)/li_Listado Descripcion Cargo (tal)")): Object: 'Object Repository/2-OBJECTS TAREAS SECUNDARIAS/Pruebas planta personal/Crear_descripción_del_cargo(Puesto_trabajo_multiple)/li_Listado Descripcion Cargo (tal)' is clicked on

2023-03-09 14:01:20 - [MESSAGE][PASSED] - Object: 'Object Repository/2-OBJECTS TAREAS SECUNDARIAS/Pruebas planta personal/Crear_descripción_del_cargo(Puesto_trabajo_multiple)/li_Listado Descripcion Cargo (tal)' is clicked on

2023-03-09 14:01:20 - [TEST_STEP][PASSED] - click(findTestObject("2-OBJECTS TAREAS SECUNDARIAS/Pruebas planta personal/Crear_descripción_del_cargo(Puesto_trabajo_multiple)/a_Nuevo")): Object: 'Object Repository/2-OBJECTS TAREAS SECUNDARIAS/Pruebas planta personal/Crear_descripción_del_cargo(Puesto_trabajo_multiple)/a_Nuevo' is clicked on

2023-03-09 14:01:22 - [MESSAGE][PASSED] - Object: 'Object Repository/2-OBJECTS TAREAS SECUNDARIAS/Pruebas planta personal/Crear_descripción_del_cargo(Puesto_trabajo_multiple)/a_Nuevo' is clicked on

2023-03-09 14:01:22 - [TEST_STEP][PASSED] - click(findTestObject("2-OBJECTS TAREAS SECUNDARIAS/Pruebas planta personal/Crear_descripción_del_cargo(Puesto_trabajo_multiple)/a_Unidad Organizacional_form_listadoDescripcionCargoj_idt115")): Object: 'Object Repository/2-OBJECTS TAREAS SECUNDARIAS/Pruebas planta personal/Crear_descripción_del_cargo(Puesto_trabajo_multiple)/a_Unidad Organizacional_form_listadoDescripcionCargoj_idt115' is clicked on

2023-03-09 14:01:23 - [MESSAGE][PASSED] - Object: 'Object Repository/2-OBJECTS TAREAS SECUNDARIAS/Pruebas planta personal/Crear_descripción_del_cargo(Puesto_trabajo_multiple)/a_Unidad Organizacional_form_listadoDescripcionCargoj_idt115' is clicked on

2023-03-09 14:01:23 - [TEST_STEP][PASSED] - setText(findTestObject("2-OBJECTS TAREAS SECUNDARIAS/Pruebas planta personal/Crear_descripción_del_cargo(Puesto_trabajo_multiple)/input_Unidad_form_popupUnidadUsuarioj_idt612"), "ADMINISTRACION"): Text 'ADMINISTRACION' is set on object 'Object Repository/2-OBJECTS TAREAS SECUNDARIAS/Pruebas planta personal/Crear_descripción_del_cargo(Puesto_trabajo_multiple)/input_Unidad_form_popupUnidadUsuarioj_idt612'

2023-03-09 14:01:24 - [MESSAGE][PASSED] - Text 'ADMINISTRACION' is set on object 'Object Repository/2-OBJECTS TAREAS SECUNDARIAS/Pruebas planta personal/Crear_descripción_del_cargo(Puesto_trabajo_multiple)/input_Unidad_form_popupUnidadUsuarioj_idt612'

2023-03-09 14:01:24 - [TEST_STEP][PASSED] - sendKeys(findTestObject("2-OBJECTS TAREAS SECUNDARIAS/Pruebas planta personal/Crear_descripción_del_cargo(Puesto_trabajo_multiple)/input_Unidad_form_popupUnidadUsuarioj_idt612"), Keys.chord(ENTER)): Keys 'ENTER + ' sent to object: 'Object Repository/2-OBJECTS TAREAS SECUNDARIAS/Pruebas planta personal/Crear_descripción_del_cargo(Puesto_trabajo_multiple)/input_Unidad_form_popupUnidadUsuarioj_idt612'

2023-03-09 14:01:24 - [MESSAGE][PASSED] - Keys 'ENTER + ' sent to object: 'Object Repository/2-OBJECTS TAREAS SECUNDARIAS/Pruebas planta personal/Crear_descripción_del_cargo(Puesto_trabajo_multiple)/input_Unidad_form_popupUnidadUsuarioj_idt612'

2023-03-09 14:01:24 - [TEST_STEP][PASSED] - click(findTestObject("2-OBJECTS TAREAS SECUNDARIAS/Pruebas planta personal/Crear_descripción_del_cargo(Puesto_trabajo_multiple)/span_ADMINISTRACION")): Object: 'Object Repository/2-OBJECTS TAREAS SECUNDARIAS/Pruebas planta personal/Crear_descripción_del_cargo(Puesto_trabajo_multiple)/span_ADMINISTRACION' is clicked on

2023-03-09 14:01:25 - [MESSAGE][PASSED] - Object: 'Object Repository/2-OBJECTS TAREAS SECUNDARIAS/Pruebas planta personal/Crear_descripción_del_cargo(Puesto_trabajo_multiple)/span_ADMINISTRACION' is clicked on

2023-03-09 14:01:25 - [TEST_STEP][PASSED] - click(findTestObject("2-OBJECTS TAREAS SECUNDARIAS/Pruebas planta personal/Crear_descripción_del_cargo(Puesto_trabajo_multiple)/a_Cargo_form_listadoDescripcionCargoj_idt120")): Object: 'Object Repository/2-OBJECTS TAREAS SECUNDARIAS/Pruebas planta personal/Crear_descripción_del_cargo(Puesto_trabajo_multiple)/a_Cargo_form_listadoDescripcionCargoj_idt120' is clicked on

2023-03-09 14:01:26 - [MESSAGE][PASSED] - Object: 'Object Repository/2-OBJECTS TAREAS SECUNDARIAS/Pruebas planta personal/Crear_descripción_del_cargo(Puesto_trabajo_multiple)/a_Cargo_form_listadoDescripcionCargoj_idt120' is clicked on

2023-03-09 14:01:26 - [TEST_STEP][PASSED] - click(findTestObject("2-OBJECTS TAREAS SECUNDARIAS/Pruebas planta personal/Crear_descripción_del_cargo(Puesto_trabajo_multiple)/span_ABOGADO")): Object: 'Object Repository/2-OBJECTS TAREAS SECUNDARIAS/Pruebas planta personal/Crear_descripción_del_cargo(Puesto_trabajo_multiple)/span_ABOGADO' is clicked on

2023-03-09 14:01:27 - [MESSAGE][PASSED] - Object: 'Object Repository/2-OBJECTS TAREAS SECUNDARIAS/Pruebas planta personal/Crear_descripción_del_cargo(Puesto_trabajo_multiple)/span_ABOGADO' is clicked on

2023-03-09 14:01:27 - [TEST_STEP][PASSED] - click(findTestObject("2-OBJECTS TAREAS SECUNDARIAS/Pruebas planta personal/Crear_descripción_del_cargo(Puesto_trabajo_multiple)/span_20139    - Abogado")): Object: 'Object Repository/2-OBJECTS TAREAS SECUNDARIAS/Pruebas planta personal/Crear_descripción_del_cargo(Puesto_trabajo_multiple)/span_20139    - Abogado' is clicked on

2023-03-09 14:01:28 - [MESSAGE][PASSED] - Object: 'Object Repository/2-OBJECTS TAREAS SECUNDARIAS/Pruebas planta personal/Crear_descripción_del_cargo(Puesto_trabajo_multiple)/span_20139    - Abogado' is clicked on

2023-03-09 14:01:28 - [TEST_STEP][PASSED] - setText(findTestObject("2-OBJECTS TAREAS SECUNDARIAS/Pruebas planta personal/Crear_descripción_del_cargo(Puesto_trabajo_multiple)/input__descripcionCargo_formj_idt7270fecha_input"), "01/07/2021"): Text '01/07/2021' is set on object 'Object Repository/2-OBJECTS TAREAS SECUNDARIAS/Pruebas planta personal/Crear_descripción_del_cargo(Puesto_trabajo_multiple)/input__descripcionCargo_formj_idt7270fecha_input'

2023-03-09 14:01:29 - [MESSAGE][PASSED] - Text '01/07/2021' is set on object 'Object Repository/2-OBJECTS TAREAS SECUNDARIAS/Pruebas planta personal/Crear_descripción_del_cargo(Puesto_trabajo_multiple)/input__descripcionCargo_formj_idt7270fecha_input'

2023-03-09 14:01:29 - [TEST_STEP][PASSED] - setText(findTestObject("2-OBJECTS TAREAS SECUNDARIAS/Pruebas planta personal/Crear_descripción_del_cargo(Puesto_trabajo_multiple)/textarea__descripcionCargo_formj_idt7272idTexto5"), "pruebas katalon"): Text 'pruebas katalon' is set on object 'Object Repository/2-OBJECTS TAREAS SECUNDARIAS/Pruebas planta personal/Crear_descripción_del_cargo(Puesto_trabajo_multiple)/textarea__descripcionCargo_formj_idt7272idTexto5'

2023-03-09 14:01:30 - [MESSAGE][PASSED] - Text 'pruebas katalon' is set on object 'Object Repository/2-OBJECTS TAREAS SECUNDARIAS/Pruebas planta personal/Crear_descripción_del_cargo(Puesto_trabajo_multiple)/textarea__descripcionCargo_formj_idt7272idTexto5'

2023-03-09 14:01:30 - [TEST_STEP][PASSED] - setText(findTestObject("2-OBJECTS TAREAS SECUNDARIAS/Pruebas planta personal/Crear_descripción_del_cargo(Puesto_trabajo_multiple)/textarea__descripcionCargo_formj_idt7274idTexto5"), "pruebas katalon"): Text 'pruebas katalon' is set on object 'Object Repository/2-OBJECTS TAREAS SECUNDARIAS/Pruebas planta personal/Crear_descripción_del_cargo(Puesto_trabajo_multiple)/textarea__descripcionCargo_formj_idt7274idTexto5'

2023-03-09 14:01:31 - [MESSAGE][PASSED] - Text 'pruebas katalon' is set on object 'Object Repository/2-OBJECTS TAREAS SECUNDARIAS/Pruebas planta personal/Crear_descripción_del_cargo(Puesto_trabajo_multiple)/textarea__descripcionCargo_formj_idt7274idTexto5'

2023-03-09 14:01:31 - [TEST_STEP][PASSED] - setText(findTestObject("2-OBJECTS TAREAS SECUNDARIAS/Pruebas planta personal/Crear_descripción_del_cargo(Puesto_trabajo_multiple)/textarea__descripcionCargo_formj_idt7276idTexto5"), "pruebas katalon"): Text 'pruebas katalon' is set on object 'Object Repository/2-OBJECTS TAREAS SECUNDARIAS/Pruebas planta personal/Crear_descripción_del_cargo(Puesto_trabajo_multiple)/textarea__descripcionCargo_formj_idt7276idTexto5'

2023-03-09 14:01:32 - [MESSAGE][PASSED] - Text 'pruebas katalon' is set on object 'Object Repository/2-OBJECTS TAREAS SECUNDARIAS/Pruebas planta personal/Crear_descripción_del_cargo(Puesto_trabajo_multiple)/textarea__descripcionCargo_formj_idt7276idTexto5'

2023-03-09 14:01:32 - [TEST_STEP][PASSED] - setText(findTestObject("2-OBJECTS TAREAS SECUNDARIAS/Pruebas planta personal/Crear_descripción_del_cargo(Puesto_trabajo_multiple)/textarea__descripcionCargo_formj_idt7277idTexto5"), "pruebas katalon"): Text 'pruebas katalon' is set on object 'Object Repository/2-OBJECTS TAREAS SECUNDARIAS/Pruebas planta personal/Crear_descripción_del_cargo(Puesto_trabajo_multiple)/textarea__descripcionCargo_formj_idt7277idTexto5'

2023-03-09 14:01:33 - [MESSAGE][PASSED] - Text 'pruebas katalon' is set on object 'Object Repository/2-OBJECTS TAREAS SECUNDARIAS/Pruebas planta personal/Crear_descripción_del_cargo(Puesto_trabajo_multiple)/textarea__descripcionCargo_formj_idt7277idTexto5'

2023-03-09 14:01:33 - [TEST_STEP][FAILED] - click(findTestObject("2-OBJECTS TAREAS SECUNDARIAS/Pruebas planta personal/Crear_descripción_del_cargo(Puesto_trabajo_multiple)/a_Guardar")): Unable to click on object 'Object Repository/2-OBJECTS TAREAS SECUNDARIAS/Pruebas planta personal/Crear_descripción_del_cargo(Puesto_trabajo_multiple)/a_Guardar' (Root cause: com.kms.katalon.core.exception.StepFailedException: Unable to click on object 'Object Repository/2-OBJECTS TAREAS SECUNDARIAS/Pruebas planta personal/Crear_descripción_del_cargo(Puesto_trabajo_multiple)/a_Guardar'
	at com.kms.katalon.core.webui.keyword.internal.WebUIKeywordMain.stepFailed(WebUIKeywordMain.groovy:64)
	at com.kms.katalon.core.webui.keyword.internal.WebUIKeywordMain.runKeyword(WebUIKeywordMain.groovy:26)
	at com.kms.katalon.core.webui.keyword.builtin.ClickKeyword.click(ClickKeyword.groovy:74)
	at com.kms.katalon.core.webui.keyword.builtin.ClickKeyword.execute(ClickKeyword.groovy:40)
	at com.kms.katalon.core.keyword.internal.KeywordExecutor.executeKeywordForPlatform(KeywordExecutor.groovy:74)
	at com.kms.katalon.core.webui.keyword.WebUiBuiltInKeywords.click(WebUiBuiltInKeywords.groovy:620)
	at com.kms.katalon.core.webui.keyword.WebUiBuiltInKeywords$click$9.call(Unknown Source)
	at 12.2.3-Crear_descripción_del_cargo_(PUESTO_TRABAJO_MULTIPLE).run(12.2.3-Crear_descripción_del_cargo_(PUESTO_TRABAJO_MULTIPLE):60)
	at com.kms.katalon.core.main.ScriptEngine.run(ScriptEngine.java:194)
	at com.kms.katalon.core.main.ScriptEngine.runScriptAsRawText(ScriptEngine.java:119)
	at com.kms.katalon.core.main.TestCaseExecutor.runScript(TestCaseExecutor.java:448)
	at com.kms.katalon.core.main.TestCaseExecutor.doExecute(TestCaseExecutor.java:439)
	at com.kms.katalon.core.main.TestCaseExecutor.processExecutionPhase(TestCaseExecutor.java:418)
	at com.kms.katalon.core.main.TestCaseExecutor.accessMainPhase(TestCaseExecutor.java:410)
	at com.kms.katalon.core.main.TestCaseExecutor.execute(TestCaseExecutor.java:285)
	at com.kms.katalon.core.common.CommonExecutor.accessTestCaseMainPhase(CommonExecutor.java:65)
	at com.kms.katalon.core.main.TestSuiteExecutor.accessTestSuiteMainPhase(TestSuiteExecutor.java:151)
	at com.kms.katalon.core.main.TestSuiteExecutor.execute(TestSuiteExecutor.java:106)
	at com.kms.katalon.core.main.TestCaseMain.startTestSuite(TestCaseMain.java:185)
	at com.kms.katalon.core.main.TestCaseMain$startTestSuite$0.call(Unknown Source)
	at TempTestSuite1678383366099.run(TempTestSuite1678383366099.groovy:36)
Caused by: org.openqa.selenium.ElementClickInterceptedException: element click intercepted: Element <a id="descripcionCargo_form:j_idt798" href="#" class="ui-commandlink ui-widget us-boton btn-guardar" onclick="PrimeFaces.ab({s:&quot;descripcionCargo_form:j_idt798&quot;,f:&quot;descripcionCargo_form&quot;,u:&quot;areaAplicacion&quot;});return false;">...</a> is not clickable at point (367, 565). Other element would receive the click: <div id="popupErrorDialog:dialog_popupFoto_modal" class="ui-widget-overlay ui-dialog-mask" style="z-index: 1025;"></div>
  (Session info: chrome=110.0.5481.178)
Build info: version: '3.141.59', revision: 'e82be7d358', time: '2018-11-14T08:25:53'
System info: host: 'US-AF-000371', ip: '192.168.56.1', os.name: 'Windows 10', os.arch: 'amd64', os.version: '10.0', java.version: '1.8.0_282'
Driver info: com.kms.katalon.selenium.driver.CChromeDriver
Capabilities {acceptInsecureCerts: false, browserName: chrome, browserVersion: 110.0.5481.178, chrome: {chromedriverVersion: 109.0.5414.74 (e7c5703604da..., userDataDir: C:\Users\DIEGO~1.ROJ\AppDat...}, goog:chromeOptions: {debuggerAddress: localhost:51302}, javascriptEnabled: true, networkConnectionEnabled: false, pageLoadStrategy: normal, platform: WINDOWS, platformName: WINDOWS, proxy: Proxy(), setWindowRect: true, strictFileInteractability: false, timeouts: {implicit: 0, pageLoad: 300000, script: 30000}, unhandledPromptBehavior: dismiss and notify, webauthn:extension:credBlob: true, webauthn:extension:largeBlob: true, webauthn:virtualAuthenticators: true}
Session ID: 0374ec374ff483ba7f7d6f7f74709388
	at org.openqa.selenium.remote.http.W3CHttpResponseCodec.createException(W3CHttpResponseCodec.java:187)
	at org.openqa.selenium.remote.http.W3CHttpResponseCodec.decode(W3CHttpResponseCodec.java:122)
	at org.openqa.selenium.remote.http.W3CHttpResponseCodec.decode(W3CHttpResponseCodec.java:49)
	at org.openqa.selenium.remote.HttpCommandExecutor.execute(HttpCommandExecutor.java:158)
	at org.openqa.selenium.remote.service.DriverCommandExecutor.execute(DriverCommandExecutor.java:83)
	at org.openqa.selenium.remote.RemoteWebDriver.execute(RemoteWebDriver.java:552)
	at com.kms.katalon.selenium.driver.CChromeDriver.execute(CChromeDriver.java:19)
	at org.openqa.selenium.remote.RemoteWebElement.execute(RemoteWebElement.java:285)
	at org.openqa.selenium.remote.RemoteWebElement.click(RemoteWebElement.java:84)
	at org.openqa.selenium.support.events.EventFiringWebDriver$EventFiringWebElement.lambda$new$0(EventFiringWebDriver.java:404)
	at com.sun.proxy.$Proxy11.click(Unknown Source)
	at org.openqa.selenium.support.events.EventFiringWebDriver$EventFiringWebElement.click(EventFiringWebDriver.java:417)
	at org.openqa.selenium.WebElement$click$0.call(Unknown Source)
	at com.kms.katalon.core.webui.keyword.builtin.ClickKeyword.clickUntilSuccessWithTimeout(ClickKeyword.groovy:81)
	at com.kms.katalon.core.webui.keyword.builtin.ClickKeyword.clickUntilSuccessWithTimeout(ClickKeyword.groovy)
	at com.kms.katalon.core.webui.keyword.builtin.ClickKeyword$_click_closure1.doCall(ClickKeyword.groovy:67)
	at com.kms.katalon.core.webui.keyword.builtin.ClickKeyword$_click_closure1.call(ClickKeyword.groovy)
	at com.kms.katalon.core.webui.keyword.internal.WebUIKeywordMain.runKeyword(WebUIKeywordMain.groovy:20)
	at com.kms.katalon.core.webui.keyword.builtin.ClickKeyword.click(ClickKeyword.groovy:74)
	at com.kms.katalon.core.webui.keyword.builtin.ClickKeyword.execute(ClickKeyword.groovy:40)
	at com.kms.katalon.core.keyword.internal.KeywordExecutor.executeKeywordForPlatform(KeywordExecutor.groovy:74)
	at com.kms.katalon.core.webui.keyword.WebUiBuiltInKeywords.click(WebUiBuiltInKeywords.groovy:620)
	at com.kms.katalon.core.webui.keyword.WebUiBuiltInKeywords$click$9.call(Unknown Source)
	at Script1648474008069.run(Script1648474008069.groovy:60)
	... 13 more
)

2023-03-09 14:02:12 - [MESSAGE][FAILED] - Unable to click on object 'Object Repository/2-OBJECTS TAREAS SECUNDARIAS/Pruebas planta personal/Crear_descripción_del_cargo(Puesto_trabajo_multiple)/a_Guardar' (Root cause: com.kms.katalon.core.exception.StepFailedException: Unable to click on object 'Object Repository/2-OBJECTS TAREAS SECUNDARIAS/Pruebas planta personal/Crear_descripción_del_cargo(Puesto_trabajo_multiple)/a_Guardar'
	at com.kms.katalon.core.webui.keyword.internal.WebUIKeywordMain.stepFailed(WebUIKeywordMain.groovy:64)
	at com.kms.katalon.core.webui.keyword.internal.WebUIKeywordMain.runKeyword(WebUIKeywordMain.groovy:26)
	at com.kms.katalon.core.webui.keyword.builtin.ClickKeyword.click(ClickKeyword.groovy:74)
	at com.kms.katalon.core.webui.keyword.builtin.ClickKeyword.execute(ClickKeyword.groovy:40)
	at com.kms.katalon.core.keyword.internal.KeywordExecutor.executeKeywordForPlatform(KeywordExecutor.groovy:74)
	at com.kms.katalon.core.webui.keyword.WebUiBuiltInKeywords.click(WebUiBuiltInKeywords.groovy:620)
	at com.kms.katalon.core.webui.keyword.WebUiBuiltInKeywords$click$9.call(Unknown Source)
	at 12.2.3-Crear_descripción_del_cargo_(PUESTO_TRABAJO_MULTIPLE).run(12.2.3-Crear_descripción_del_cargo_(PUESTO_TRABAJO_MULTIPLE):60)
	at com.kms.katalon.core.main.ScriptEngine.run(ScriptEngine.java:194)
	at com.kms.katalon.core.main.ScriptEngine.runScriptAsRawText(ScriptEngine.java:119)
	at com.kms.katalon.core.main.TestCaseExecutor.runScript(TestCaseExecutor.java:448)
	at com.kms.katalon.core.main.TestCaseExecutor.doExecute(TestCaseExecutor.java:439)
	at com.kms.katalon.core.main.TestCaseExecutor.processExecutionPhase(TestCaseExecutor.java:418)
	at com.kms.katalon.core.main.TestCaseExecutor.accessMainPhase(TestCaseExecutor.java:410)
	at com.kms.katalon.core.main.TestCaseExecutor.execute(TestCaseExecutor.java:285)
	at com.kms.katalon.core.common.CommonExecutor.accessTestCaseMainPhase(CommonExecutor.java:65)
	at com.kms.katalon.core.main.TestSuiteExecutor.accessTestSuiteMainPhase(TestSuiteExecutor.java:151)
	at com.kms.katalon.core.main.TestSuiteExecutor.execute(TestSuiteExecutor.java:106)
	at com.kms.katalon.core.main.TestCaseMain.startTestSuite(TestCaseMain.java:185)
	at com.kms.katalon.core.main.TestCaseMain$startTestSuite$0.call(Unknown Source)
	at TempTestSuite1678383366099.run(TempTestSuite1678383366099.groovy:36)
Caused by: org.openqa.selenium.ElementClickInterceptedException: element click intercepted: Element <a id="descripcionCargo_form:j_idt798" href="#" class="ui-commandlink ui-widget us-boton btn-guardar" onclick="PrimeFaces.ab({s:&quot;descripcionCargo_form:j_idt798&quot;,f:&quot;descripcionCargo_form&quot;,u:&quot;areaAplicacion&quot;});return false;">...</a> is not clickable at point (367, 565). Other element would receive the click: <div id="popupErrorDialog:dialog_popupFoto_modal" class="ui-widget-overlay ui-dialog-mask" style="z-index: 1025;"></div>
  (Session info: chrome=110.0.5481.178)
Build info: version: '3.141.59', revision: 'e82be7d358', time: '2018-11-14T08:25:53'
System info: host: 'US-AF-000371', ip: '192.168.56.1', os.name: 'Windows 10', os.arch: 'amd64', os.version: '10.0', java.version: '1.8.0_282'
Driver info: com.kms.katalon.selenium.driver.CChromeDriver
Capabilities {acceptInsecureCerts: false, browserName: chrome, browserVersion: 110.0.5481.178, chrome: {chromedriverVersion: 109.0.5414.74 (e7c5703604da..., userDataDir: C:\Users\DIEGO~1.ROJ\AppDat...}, goog:chromeOptions: {debuggerAddress: localhost:51302}, javascriptEnabled: true, networkConnectionEnabled: false, pageLoadStrategy: normal, platform: WINDOWS, platformName: WINDOWS, proxy: Proxy(), setWindowRect: true, strictFileInteractability: false, timeouts: {implicit: 0, pageLoad: 300000, script: 30000}, unhandledPromptBehavior: dismiss and notify, webauthn:extension:credBlob: true, webauthn:extension:largeBlob: true, webauthn:virtualAuthenticators: true}
Session ID: 0374ec374ff483ba7f7d6f7f74709388
	at org.openqa.selenium.remote.http.W3CHttpResponseCodec.createException(W3CHttpResponseCodec.java:187)
	at org.openqa.selenium.remote.http.W3CHttpResponseCodec.decode(W3CHttpResponseCodec.java:122)
	at org.openqa.selenium.remote.http.W3CHttpResponseCodec.decode(W3CHttpResponseCodec.java:49)
	at org.openqa.selenium.remote.HttpCommandExecutor.execute(HttpCommandExecutor.java:158)
	at org.openqa.selenium.remote.service.DriverCommandExecutor.execute(DriverCommandExecutor.java:83)
	at org.openqa.selenium.remote.RemoteWebDriver.execute(RemoteWebDriver.java:552)
	at com.kms.katalon.selenium.driver.CChromeDriver.execute(CChromeDriver.java:19)
	at org.openqa.selenium.remote.RemoteWebElement.execute(RemoteWebElement.java:285)
	at org.openqa.selenium.remote.RemoteWebElement.click(RemoteWebElement.java:84)
	at org.openqa.selenium.support.events.EventFiringWebDriver$EventFiringWebElement.lambda$new$0(EventFiringWebDriver.java:404)
	at com.sun.proxy.$Proxy11.click(Unknown Source)
	at org.openqa.selenium.support.events.EventFiringWebDriver$EventFiringWebElement.click(EventFiringWebDriver.java:417)
	at org.openqa.selenium.WebElement$click$0.call(Unknown Source)
	at com.kms.katalon.core.webui.keyword.builtin.ClickKeyword.clickUntilSuccessWithTimeout(ClickKeyword.groovy:81)
	at com.kms.katalon.core.webui.keyword.builtin.ClickKeyword.clickUntilSuccessWithTimeout(ClickKeyword.groovy)
	at com.kms.katalon.core.webui.keyword.builtin.ClickKeyword$_click_closure1.doCall(ClickKeyword.groovy:67)
	at com.kms.katalon.core.webui.keyword.builtin.ClickKeyword$_click_closure1.call(ClickKeyword.groovy)
	at com.kms.katalon.core.webui.keyword.internal.WebUIKeywordMain.runKeyword(WebUIKeywordMain.groovy:20)
	at com.kms.katalon.core.webui.keyword.builtin.ClickKeyword.click(ClickKeyword.groovy:74)
	at com.kms.katalon.core.webui.keyword.builtin.ClickKeyword.execute(ClickKeyword.groovy:40)
	at com.kms.katalon.core.keyword.internal.KeywordExecutor.executeKeywordForPlatform(KeywordExecutor.groovy:74)
	at com.kms.katalon.core.webui.keyword.WebUiBuiltInKeywords.click(WebUiBuiltInKeywords.groovy:620)
	at com.kms.katalon.core.webui.keyword.WebUiBuiltInKeywords$click$9.call(Unknown Source)
	at Script1648474008069.run(Script1648474008069.groovy:60)
	... 13 more
)
[[ATTACHMENT|C:\\Users\\diego.rojas\\git\\Pruebas-Minimas\\Reports\\20230309_123606\\Test_Suite_Secundaria\\1-Tareas_secundarias\\20230309_123606\\1678388532562.png]]]]></system-out>
         <system-err><![CDATA[2023-03-09 14:01:07 - [TEST_CASE][FAILED] - Test Cases/1.2-Tareas_Secundarias/A.2-Pruebas_planta_personal/12.2.3-Crear_descripción_del_cargo_(PUESTO_TRABAJO_MULTIPLE): Test Cases/1.2-Tareas_Secundarias/A.2-Pruebas_planta_personal/12.2.3-Crear_descripción_del_cargo_(PUESTO_TRABAJO_MULTIPLE) FAILED.
Reason:
com.kms.katalon.core.exception.StepFailedException: Unable to click on object 'Object Repository/2-OBJECTS TAREAS SECUNDARIAS/Pruebas planta personal/Crear_descripción_del_cargo(Puesto_trabajo_multiple)/a_Guardar'
	at com.kms.katalon.core.webui.keyword.internal.WebUIKeywordMain.stepFailed(WebUIKeywordMain.groovy:64)
	at com.kms.katalon.core.webui.keyword.internal.WebUIKeywordMain.runKeyword(WebUIKeywordMain.groovy:26)
	at com.kms.katalon.core.webui.keyword.builtin.ClickKeyword.click(ClickKeyword.groovy:74)
	at com.kms.katalon.core.webui.keyword.builtin.ClickKeyword.execute(ClickKeyword.groovy:40)
	at com.kms.katalon.core.keyword.internal.KeywordExecutor.executeKeywordForPlatform(KeywordExecutor.groovy:74)
	at com.kms.katalon.core.webui.keyword.WebUiBuiltInKeywords.click(WebUiBuiltInKeywords.groovy:620)
	at com.kms.katalon.core.webui.keyword.WebUiBuiltInKeywords$click$9.call(Unknown Source)
	at 12.2.3-Crear_descripción_del_cargo_(PUESTO_TRABAJO_MULTIPLE).run(12.2.3-Crear_descripción_del_cargo_(PUESTO_TRABAJO_MULTIPLE):60)
	at com.kms.katalon.core.main.ScriptEngine.run(ScriptEngine.java:194)
	at com.kms.katalon.core.main.ScriptEngine.runScriptAsRawText(ScriptEngine.java:119)
	at com.kms.katalon.core.main.TestCaseExecutor.runScript(TestCaseExecutor.java:448)
	at com.kms.katalon.core.main.TestCaseExecutor.doExecute(TestCaseExecutor.java:439)
	at com.kms.katalon.core.main.TestCaseExecutor.processExecutionPhase(TestCaseExecutor.java:418)
	at com.kms.katalon.core.main.TestCaseExecutor.accessMainPhase(TestCaseExecutor.java:410)
	at com.kms.katalon.core.main.TestCaseExecutor.execute(TestCaseExecutor.java:285)
	at com.kms.katalon.core.common.CommonExecutor.accessTestCaseMainPhase(CommonExecutor.java:65)
	at com.kms.katalon.core.main.TestSuiteExecutor.accessTestSuiteMainPhase(TestSuiteExecutor.java:151)
	at com.kms.katalon.core.main.TestSuiteExecutor.execute(TestSuiteExecutor.java:106)
	at com.kms.katalon.core.main.TestCaseMain.startTestSuite(TestCaseMain.java:185)
	at com.kms.katalon.core.main.TestCaseMain$startTestSuite$0.call(Unknown Source)
	at TempTestSuite1678383366099.run(TempTestSuite1678383366099.groovy:36)
Caused by: org.openqa.selenium.ElementClickInterceptedException: element click intercepted: Element <a id="descripcionCargo_form:j_idt798" href="#" class="ui-commandlink ui-widget us-boton btn-guardar" onclick="PrimeFaces.ab({s:&quot;descripcionCargo_form:j_idt798&quot;,f:&quot;descripcionCargo_form&quot;,u:&quot;areaAplicacion&quot;});return false;">...</a> is not clickable at point (367, 565). Other element would receive the click: <div id="popupErrorDialog:dialog_popupFoto_modal" class="ui-widget-overlay ui-dialog-mask" style="z-index: 1025;"></div>
  (Session info: chrome=110.0.5481.178)
Build info: version: '3.141.59', revision: 'e82be7d358', time: '2018-11-14T08:25:53'
System info: host: 'US-AF-000371', ip: '192.168.56.1', os.name: 'Windows 10', os.arch: 'amd64', os.version: '10.0', java.version: '1.8.0_282'
Driver info: com.kms.katalon.selenium.driver.CChromeDriver
Capabilities {acceptInsecureCerts: false, browserName: chrome, browserVersion: 110.0.5481.178, chrome: {chromedriverVersion: 109.0.5414.74 (e7c5703604da..., userDataDir: C:\Users\DIEGO~1.ROJ\AppDat...}, goog:chromeOptions: {debuggerAddress: localhost:51302}, javascriptEnabled: true, networkConnectionEnabled: false, pageLoadStrategy: normal, platform: WINDOWS, platformName: WINDOWS, proxy: Proxy(), setWindowRect: true, strictFileInteractability: false, timeouts: {implicit: 0, pageLoad: 300000, script: 30000}, unhandledPromptBehavior: dismiss and notify, webauthn:extension:credBlob: true, webauthn:extension:largeBlob: true, webauthn:virtualAuthenticators: true}
Session ID: 0374ec374ff483ba7f7d6f7f74709388
	at org.openqa.selenium.remote.http.W3CHttpResponseCodec.createException(W3CHttpResponseCodec.java:187)
	at org.openqa.selenium.remote.http.W3CHttpResponseCodec.decode(W3CHttpResponseCodec.java:122)
	at org.openqa.selenium.remote.http.W3CHttpResponseCodec.decode(W3CHttpResponseCodec.java:49)
	at org.openqa.selenium.remote.HttpCommandExecutor.execute(HttpCommandExecutor.java:158)
	at org.openqa.selenium.remote.service.DriverCommandExecutor.execute(DriverCommandExecutor.java:83)
	at org.openqa.selenium.remote.RemoteWebDriver.execute(RemoteWebDriver.java:552)
	at com.kms.katalon.selenium.driver.CChromeDriver.execute(CChromeDriver.java:19)
	at org.openqa.selenium.remote.RemoteWebElement.execute(RemoteWebElement.java:285)
	at org.openqa.selenium.remote.RemoteWebElement.click(RemoteWebElement.java:84)
	at org.openqa.selenium.support.events.EventFiringWebDriver$EventFiringWebElement.lambda$new$0(EventFiringWebDriver.java:404)
	at com.sun.proxy.$Proxy11.click(Unknown Source)
	at org.openqa.selenium.support.events.EventFiringWebDriver$EventFiringWebElement.click(EventFiringWebDriver.java:417)
	at org.openqa.selenium.WebElement$click$0.call(Unknown Source)
	at com.kms.katalon.core.webui.keyword.builtin.ClickKeyword.clickUntilSuccessWithTimeout(ClickKeyword.groovy:81)
	at com.kms.katalon.core.webui.keyword.builtin.ClickKeyword.clickUntilSuccessWithTimeout(ClickKeyword.groovy)
	at com.kms.katalon.core.webui.keyword.builtin.ClickKeyword$_click_closure1.doCall(ClickKeyword.groovy:67)
	at com.kms.katalon.core.webui.keyword.builtin.ClickKeyword$_click_closure1.call(ClickKeyword.groovy)
	at com.kms.katalon.core.webui.keyword.internal.WebUIKeywordMain.runKeyword(WebUIKeywordMain.groovy:20)
	... 19 more]]></system-err>
      </testcase>
      <testcase name="Test Cases/1.2-Tareas_Secundarias/A.2-Pruebas_planta_personal/12.2.4-Copiar_perfil_(Puesto_de_Trabajo)" time="67.702" classname="Test Cases/1.2-Tareas_Secundarias/A.2-Pruebas_planta_personal/12.2.4-Copiar_perfil_(Puesto_de_Trabajo)" status="FAILED">
         <failure type="FAILED" message="Test Cases/1.2-Tareas_Secundarias/A.2-Pruebas_planta_personal/12.2.4-Copiar_perfil_(Puesto_de_Trabajo) FAILED.
Reason:
com.kms.katalon.core.exception.StepFailedException: Unable to click on object 'Object Repository/2-OBJECTS TAREAS SECUNDARIAS/Pruebas planta personal/Copiar_perfil_(Puesto_de_Trabajo)/a_Copiar Perfil'
	at com.kms.katalon.core.webui.keyword.internal.WebUIKeywordMain.stepFailed(WebUIKeywordMain.groovy:64)
	at com.kms.katalon.core.webui.keyword.internal.WebUIKeywordMain.runKeyword(WebUIKeywordMain.groovy:26)
	at com.kms.katalon.core.webui.keyword.builtin.ClickKeyword.click(ClickKeyword.groovy:74)
	at com.kms.katalon.core.webui.keyword.builtin.ClickKeyword.execute(ClickKeyword.groovy:40)
	at com.kms.katalon.core.keyword.internal.KeywordExecutor.executeKeywordForPlatform(KeywordExecutor.groovy:74)
	at com.kms.katalon.core.webui.keyword.WebUiBuiltInKeywords.click(WebUiBuiltInKeywords.groovy:620)
	at com.kms.katalon.core.webui.keyword.WebUiBuiltInKeywords$click$9.call(Unknown Source)
	at 12.2.4-Copiar_perfil_(Puesto_de_Trabajo).run(12.2.4-Copiar_perfil_(Puesto_de_Trabajo):34)
	at com.kms.katalon.core.main.ScriptEngine.run(ScriptEngine.java:194)
	at com.kms.katalon.core.main.ScriptEngine.runScriptAsRawText(ScriptEngine.java:119)
	at com.kms.katalon.core.main.TestCaseExecutor.runScript(TestCaseExecutor.java:448)
	at com.kms.katalon.core.main.TestCaseExecutor.doExecute(TestCaseExecutor.java:439)
	at com.kms.katalon.core.main.TestCaseExecutor.processExecutionPhase(TestCaseExecutor.java:418)
	at com.kms.katalon.core.main.TestCaseExecutor.accessMainPhase(TestCaseExecutor.java:410)
	at com.kms.katalon.core.main.TestCaseExecutor.execute(TestCaseExecutor.java:285)
	at com.kms.katalon.core.common.CommonExecutor.accessTestCaseMainPhase(CommonExecutor.java:65)
	at com.kms.katalon.core.main.TestSuiteExecutor.accessTestSuiteMainPhase(TestSuiteExecutor.java:151)
	at com.kms.katalon.core.main.TestSuiteExecutor.execute(TestSuiteExecutor.java:106)
	at com.kms.katalon.core.main.TestCaseMain.startTestSuite(TestCaseMain.java:185)
	at com.kms.katalon.core.main.TestCaseMain$startTestSuite$0.call(Unknown Source)
	at TempTestSuite1678383366099.run(TempTestSuite1678383366099.groovy:36)
Caused by: org.openqa.selenium.ElementClickInterceptedException: element click intercepted: Element &lt;a id=&quot;descripcionCargo_form:j_idt1580:j_idt1582:j_idt1593&quot; href=&quot;#&quot; class=&quot;ui-commandlink ui-widget&quot; onclick=&quot;PrimeFaces.ab({s:&amp;quot;descripcionCargo_form:j_idt1580:j_idt1582:j_idt1593&amp;quot;,f:&amp;quot;descripcionCargo_form&amp;quot;,u:&amp;quot;areaAplicacion&amp;quot;,onco:function(xhr,status,args,data){;}});return false;&quot; style=&quot;display: inline-block;&quot;>...&lt;/a> is not clickable at point (120, 591). Other element would receive the click: &lt;div id=&quot;popupErrorDialog:dialog_popupFoto_modal&quot; class=&quot;ui-widget-overlay ui-dialog-mask&quot; style=&quot;z-index: 1035;&quot;>&lt;/div>
  (Session info: chrome=110.0.5481.178)
Build info: version: '3.141.59', revision: 'e82be7d358', time: '2018-11-14T08:25:53'
System info: host: 'US-AF-000371', ip: '192.168.56.1', os.name: 'Windows 10', os.arch: 'amd64', os.version: '10.0', java.version: '1.8.0_282'
Driver info: com.kms.katalon.selenium.driver.CChromeDriver
Capabilities {acceptInsecureCerts: false, browserName: chrome, browserVersion: 110.0.5481.178, chrome: {chromedriverVersion: 109.0.5414.74 (e7c5703604da..., userDataDir: C:\Users\DIEGO~1.ROJ\AppDat...}, goog:chromeOptions: {debuggerAddress: localhost:51426}, javascriptEnabled: true, networkConnectionEnabled: false, pageLoadStrategy: normal, platform: WINDOWS, platformName: WINDOWS, proxy: Proxy(), setWindowRect: true, strictFileInteractability: false, timeouts: {implicit: 0, pageLoad: 300000, script: 30000}, unhandledPromptBehavior: dismiss and notify, webauthn:extension:credBlob: true, webauthn:extension:largeBlob: true, webauthn:virtualAuthenticators: true}
Session ID: 07f0ec22df1866d0c2f0daaecc8912d6
	at org.openqa.selenium.remote.http.W3CHttpResponseCodec.createException(W3CHttpResponseCodec.java:187)
	at org.openqa.selenium.remote.http.W3CHttpResponseCodec.decode(W3CHttpResponseCodec.java:122)
	at org.openqa.selenium.remote.http.W3CHttpResponseCodec.decode(W3CHttpResponseCodec.java:49)
	at org.openqa.selenium.remote.HttpCommandExecutor.execute(HttpCommandExecutor.java:158)
	at org.openqa.selenium.remote.service.DriverCommandExecutor.execute(DriverCommandExecutor.java:83)
	at org.openqa.selenium.remote.RemoteWebDriver.execute(RemoteWebDriver.java:552)
	at com.kms.katalon.selenium.driver.CChromeDriver.execute(CChromeDriver.java:19)
	at org.openqa.selenium.remote.RemoteWebElement.execute(RemoteWebElement.java:285)
	at org.openqa.selenium.remote.RemoteWebElement.click(RemoteWebElement.java:84)
	at org.openqa.selenium.support.events.EventFiringWebDriver$EventFiringWebElement.lambda$new$0(EventFiringWebDriver.java:404)
	at com.sun.proxy.$Proxy11.click(Unknown Source)
	at org.openqa.selenium.support.events.EventFiringWebDriver$EventFiringWebElement.click(EventFiringWebDriver.java:417)
	at org.openqa.selenium.WebElement$click$0.call(Unknown Source)
	at com.kms.katalon.core.webui.keyword.builtin.ClickKeyword.clickUntilSuccessWithTimeout(ClickKeyword.groovy:81)
	at com.kms.katalon.core.webui.keyword.builtin.ClickKeyword.clickUntilSuccessWithTimeout(ClickKeyword.groovy)
	at com.kms.katalon.core.webui.keyword.builtin.ClickKeyword$_click_closure1.doCall(ClickKeyword.groovy:67)
	at com.kms.katalon.core.webui.keyword.builtin.ClickKeyword$_click_closure1.call(ClickKeyword.groovy)
	at com.kms.katalon.core.webui.keyword.internal.WebUIKeywordMain.runKeyword(WebUIKeywordMain.groovy:20)
	... 19 more
"/>
         <system-out><![CDATA[2023-03-09 14:02:12 - [TEST_CASE][FAILED] - Test Cases/1.2-Tareas_Secundarias/A.2-Pruebas_planta_personal/12.2.4-Copiar_perfil_(Puesto_de_Trabajo): Test Cases/1.2-Tareas_Secundarias/A.2-Pruebas_planta_personal/12.2.4-Copiar_perfil_(Puesto_de_Trabajo) FAILED.
Reason:
com.kms.katalon.core.exception.StepFailedException: Unable to click on object 'Object Repository/2-OBJECTS TAREAS SECUNDARIAS/Pruebas planta personal/Copiar_perfil_(Puesto_de_Trabajo)/a_Copiar Perfil'
	at com.kms.katalon.core.webui.keyword.internal.WebUIKeywordMain.stepFailed(WebUIKeywordMain.groovy:64)
	at com.kms.katalon.core.webui.keyword.internal.WebUIKeywordMain.runKeyword(WebUIKeywordMain.groovy:26)
	at com.kms.katalon.core.webui.keyword.builtin.ClickKeyword.click(ClickKeyword.groovy:74)
	at com.kms.katalon.core.webui.keyword.builtin.ClickKeyword.execute(ClickKeyword.groovy:40)
	at com.kms.katalon.core.keyword.internal.KeywordExecutor.executeKeywordForPlatform(KeywordExecutor.groovy:74)
	at com.kms.katalon.core.webui.keyword.WebUiBuiltInKeywords.click(WebUiBuiltInKeywords.groovy:620)
	at com.kms.katalon.core.webui.keyword.WebUiBuiltInKeywords$click$9.call(Unknown Source)
	at 12.2.4-Copiar_perfil_(Puesto_de_Trabajo).run(12.2.4-Copiar_perfil_(Puesto_de_Trabajo):34)
	at com.kms.katalon.core.main.ScriptEngine.run(ScriptEngine.java:194)
	at com.kms.katalon.core.main.ScriptEngine.runScriptAsRawText(ScriptEngine.java:119)
	at com.kms.katalon.core.main.TestCaseExecutor.runScript(TestCaseExecutor.java:448)
	at com.kms.katalon.core.main.TestCaseExecutor.doExecute(TestCaseExecutor.java:439)
	at com.kms.katalon.core.main.TestCaseExecutor.processExecutionPhase(TestCaseExecutor.java:418)
	at com.kms.katalon.core.main.TestCaseExecutor.accessMainPhase(TestCaseExecutor.java:410)
	at com.kms.katalon.core.main.TestCaseExecutor.execute(TestCaseExecutor.java:285)
	at com.kms.katalon.core.common.CommonExecutor.accessTestCaseMainPhase(CommonExecutor.java:65)
	at com.kms.katalon.core.main.TestSuiteExecutor.accessTestSuiteMainPhase(TestSuiteExecutor.java:151)
	at com.kms.katalon.core.main.TestSuiteExecutor.execute(TestSuiteExecutor.java:106)
	at com.kms.katalon.core.main.TestCaseMain.startTestSuite(TestCaseMain.java:185)
	at com.kms.katalon.core.main.TestCaseMain$startTestSuite$0.call(Unknown Source)
	at TempTestSuite1678383366099.run(TempTestSuite1678383366099.groovy:36)
Caused by: org.openqa.selenium.ElementClickInterceptedException: element click intercepted: Element <a id="descripcionCargo_form:j_idt1580:j_idt1582:j_idt1593" href="#" class="ui-commandlink ui-widget" onclick="PrimeFaces.ab({s:&quot;descripcionCargo_form:j_idt1580:j_idt1582:j_idt1593&quot;,f:&quot;descripcionCargo_form&quot;,u:&quot;areaAplicacion&quot;,onco:function(xhr,status,args,data){;}});return false;" style="display: inline-block;">...</a> is not clickable at point (120, 591). Other element would receive the click: <div id="popupErrorDialog:dialog_popupFoto_modal" class="ui-widget-overlay ui-dialog-mask" style="z-index: 1035;"></div>
  (Session info: chrome=110.0.5481.178)
Build info: version: '3.141.59', revision: 'e82be7d358', time: '2018-11-14T08:25:53'
System info: host: 'US-AF-000371', ip: '192.168.56.1', os.name: 'Windows 10', os.arch: 'amd64', os.version: '10.0', java.version: '1.8.0_282'
Driver info: com.kms.katalon.selenium.driver.CChromeDriver
Capabilities {acceptInsecureCerts: false, browserName: chrome, browserVersion: 110.0.5481.178, chrome: {chromedriverVersion: 109.0.5414.74 (e7c5703604da..., userDataDir: C:\Users\DIEGO~1.ROJ\AppDat...}, goog:chromeOptions: {debuggerAddress: localhost:51426}, javascriptEnabled: true, networkConnectionEnabled: false, pageLoadStrategy: normal, platform: WINDOWS, platformName: WINDOWS, proxy: Proxy(), setWindowRect: true, strictFileInteractability: false, timeouts: {implicit: 0, pageLoad: 300000, script: 30000}, unhandledPromptBehavior: dismiss and notify, webauthn:extension:credBlob: true, webauthn:extension:largeBlob: true, webauthn:virtualAuthenticators: true}
Session ID: 07f0ec22df1866d0c2f0daaecc8912d6
	at org.openqa.selenium.remote.http.W3CHttpResponseCodec.createException(W3CHttpResponseCodec.java:187)
	at org.openqa.selenium.remote.http.W3CHttpResponseCodec.decode(W3CHttpResponseCodec.java:122)
	at org.openqa.selenium.remote.http.W3CHttpResponseCodec.decode(W3CHttpResponseCodec.java:49)
	at org.openqa.selenium.remote.HttpCommandExecutor.execute(HttpCommandExecutor.java:158)
	at org.openqa.selenium.remote.service.DriverCommandExecutor.execute(DriverCommandExecutor.java:83)
	at org.openqa.selenium.remote.RemoteWebDriver.execute(RemoteWebDriver.java:552)
	at com.kms.katalon.selenium.driver.CChromeDriver.execute(CChromeDriver.java:19)
	at org.openqa.selenium.remote.RemoteWebElement.execute(RemoteWebElement.java:285)
	at org.openqa.selenium.remote.RemoteWebElement.click(RemoteWebElement.java:84)
	at org.openqa.selenium.support.events.EventFiringWebDriver$EventFiringWebElement.lambda$new$0(EventFiringWebDriver.java:404)
	at com.sun.proxy.$Proxy11.click(Unknown Source)
	at org.openqa.selenium.support.events.EventFiringWebDriver$EventFiringWebElement.click(EventFiringWebDriver.java:417)
	at org.openqa.selenium.WebElement$click$0.call(Unknown Source)
	at com.kms.katalon.core.webui.keyword.builtin.ClickKeyword.clickUntilSuccessWithTimeout(ClickKeyword.groovy:81)
	at com.kms.katalon.core.webui.keyword.builtin.ClickKeyword.clickUntilSuccessWithTimeout(ClickKeyword.groovy)
	at com.kms.katalon.core.webui.keyword.builtin.ClickKeyword$_click_closure1.doCall(ClickKeyword.groovy:67)
	at com.kms.katalon.core.webui.keyword.builtin.ClickKeyword$_click_closure1.call(ClickKeyword.groovy)
	at com.kms.katalon.core.webui.keyword.internal.WebUIKeywordMain.runKeyword(WebUIKeywordMain.groovy:20)
	... 19 more


2023-03-09 14:02:13 - [TEST_STEP][PASSED] - callTestCase(findTestCase("1.2-Tareas_Secundarias/A.2-Pruebas_planta_personal/12.1.6-Buscar_puesto_de_trabajo"), [:], STOP_ON_FAILURE): Call Test Case 'Test Cases/1.2-Tareas_Secundarias/A.2-Pruebas_planta_personal/12.1.6-Buscar_puesto_de_trabajo' successfully

2023-03-09 14:02:13 - [TEST_CASE][PASSED] - Test Cases/1.2-Tareas_Secundarias/A.2-Pruebas_planta_personal/12.1.6-Buscar_puesto_de_trabajo: Test Cases/1.2-Tareas_Secundarias/A.2-Pruebas_planta_personal/12.1.6-Buscar_puesto_de_trabajo

2023-03-09 14:02:13 - [TEST_STEP][PASSED] - callTestCase(findTestCase("0.1-Login"), [:], STOP_ON_FAILURE): Call Test Case 'Test Cases/0.1-Login' successfully

2023-03-09 14:02:13 - [TEST_CASE][PASSED] - Test Cases/0.1-Login: Test Cases/0.1-Login

2023-03-09 14:02:13 - [TEST_STEP][PASSED] - openBrowser(""): Browser is opened with url: ''

2023-03-09 14:02:13 - [MESSAGE][WARNING] - A browser is already opened. Closing browser and opening a new one

2023-03-09 14:02:13 - [MESSAGE][INFO] - Starting 'Chrome' driver

2023-03-09 14:02:13 - [MESSAGE][INFO] - Action delay is set to 0 milliseconds

2023-03-09 14:02:15 - [MESSAGE][PASSED] - Browser is opened with url: ''

2023-03-09 14:02:15 - [TEST_STEP][PASSED] - maximizeWindow(): Current window maximized

2023-03-09 14:02:15 - [MESSAGE][PASSED] - Current window maximized

2023-03-09 14:02:15 - [TEST_STEP][PASSED] - i = G_Login: null

2023-03-09 14:02:15 - [TEST_STEP][PASSED] - url = new java.net.URL(i): null

2023-03-09 14:02:15 - [TEST_STEP][PASSED] - println("URL: " + url.toString()): null

2023-03-09 14:02:15 - [TEST_STEP][PASSED] - connection = url.openConnection(): null

2023-03-09 14:02:15 - [TEST_STEP][PASSED] - connection.setRequestMethod("GET"): null

2023-03-09 14:02:15 - [TEST_STEP][PASSED] - connection.setReadTimeout(2 * 1000): null

2023-03-09 14:02:15 - [TEST_STEP][PASSED] - try: null

2023-03-09 14:02:15 - [TEST_STEP][PASSED] - connection.connect(): null

2023-03-09 14:02:15 - [TEST_STEP][PASSED] - flag = connected: null

2023-03-09 14:02:15 - [TEST_STEP][PASSED] - println("Valor_ori: " + flag): null

2023-03-09 14:02:15 - [TEST_STEP][PASSED] - if (flag): null

2023-03-09 14:02:15 - [TEST_STEP][PASSED] - navigateToUrl(i): Navigate to 'http://192.168.2.19:7001/saraweb' successfully

2023-03-09 14:02:16 - [MESSAGE][PASSED] - Navigate to 'http://192.168.2.19:7001/saraweb' successfully

2023-03-09 14:02:16 - [TEST_STEP][PASSED] - a(): null

2023-03-09 14:02:16 - [TEST_STEP][PASSED] - if (waitForElementVisible(findTestObject("3-OBJECTS UTILIDADES/Login/input_USUARIO_loginusuario"), 0)): null

2023-03-09 14:02:16 - [MESSAGE][WARNING] - Timeout '0' is invalid. Using default page load timeout: '37'

2023-03-09 14:02:16 - [MESSAGE][PASSED] - Object 'Object Repository/3-OBJECTS UTILIDADES/Login/input_USUARIO_loginusuario' is visible

2023-03-09 14:02:16 - [TEST_STEP][PASSED] - switchToWindowTitle("SARA"): Switched to window with title: 'SARA'

2023-03-09 14:02:17 - [MESSAGE][PASSED] - Switched to window with title: 'SARA'

2023-03-09 14:02:17 - [TEST_STEP][PASSED] - zoom(): null

2023-03-09 14:02:17 - [TEST_STEP][PASSED] - robot = new java.awt.Robot(): null

2023-03-09 14:02:17 - [TEST_STEP][PASSED] - robot.keyPress(VK_CONTROL): null

2023-03-09 14:02:17 - [TEST_STEP][PASSED] - robot.keyPress(VK_SUBTRACT): null

2023-03-09 14:02:17 - [TEST_STEP][PASSED] - robot.keyRelease(VK_CONTROL): null

2023-03-09 14:02:17 - [TEST_STEP][PASSED] - robot.keyRelease(VK_SUBTRACT): null

2023-03-09 14:02:17 - [TEST_STEP][PASSED] - robot.keyPress(VK_CONTROL): null

2023-03-09 14:02:17 - [TEST_STEP][PASSED] - robot.keyPress(VK_SUBTRACT): null

2023-03-09 14:02:17 - [TEST_STEP][PASSED] - robot.keyRelease(VK_CONTROL): null

2023-03-09 14:02:17 - [TEST_STEP][PASSED] - robot.keyRelease(VK_SUBTRACT): null

2023-03-09 14:02:17 - [TEST_STEP][PASSED] - robot.keyPress(VK_CONTROL): null

2023-03-09 14:02:17 - [TEST_STEP][PASSED] - robot.keyPress(VK_SUBTRACT): null

2023-03-09 14:02:17 - [TEST_STEP][PASSED] - robot.keyRelease(VK_CONTROL): null

2023-03-09 14:02:17 - [TEST_STEP][PASSED] - robot.keyRelease(VK_SUBTRACT): null

2023-03-09 14:02:17 - [TEST_STEP][PASSED] - robot.keyRelease(VK_CONTROL): null

2023-03-09 14:02:17 - [TEST_STEP][PASSED] - robot.keyRelease(VK_SUBTRACT): null

2023-03-09 14:02:17 - [TEST_STEP][PASSED] - setText(findTestObject("3-OBJECTS UTILIDADES/Login/input_USUARIO_loginusuario"), G_Usuario): Text 'weblogic' is set on object 'Object Repository/3-OBJECTS UTILIDADES/Login/input_USUARIO_loginusuario'

2023-03-09 14:02:17 - [MESSAGE][PASSED] - Text 'weblogic' is set on object 'Object Repository/3-OBJECTS UTILIDADES/Login/input_USUARIO_loginusuario'

2023-03-09 14:02:17 - [TEST_STEP][PASSED] - setEncryptedText(findTestObject("3-OBJECTS UTILIDADES/Login/input_CLAVE_loginpassword"), "SlAwMcyRKqrwbnzhAs8HhT6NnI7sEyng"): Text ****** has been set on object 'Object Repository/3-OBJECTS UTILIDADES/Login/input_CLAVE_loginpassword'

2023-03-09 14:02:20 - [MESSAGE][PASSED] - Text ****** has been set on object 'Object Repository/3-OBJECTS UTILIDADES/Login/input_CLAVE_loginpassword'

2023-03-09 14:02:20 - [TEST_STEP][PASSED] - while (waitForElementClickable(findTestObject("3-OBJECTS UTILIDADES/Login/a_Ingresar"), 1)): Web element with id: 'Object Repository/3-OBJECTS UTILIDADES/Login/a_Ingresar' located by '//a[contains(text(),'Ingresar')]' not found

2023-03-09 14:02:23 - [MESSAGE][INFO] - Unable to find the element located by 'By.xpath: //a[contains(text(),'Ingresar')]'. Please recheck the objects properties to make sure the desired element is located. 

2023-03-09 14:02:23 - [MESSAGE][WARNING] - Web element with id: 'Object Repository/3-OBJECTS UTILIDADES/Login/a_Ingresar' located by '//a[contains(text(),'Ingresar')]' not found

2023-03-09 14:02:23 - [MESSAGE][PASSED] - Call Test Case 'Test Cases/0.1-Login' successfully

2023-03-09 14:02:23 - [TEST_STEP][PASSED] - setText(findTestObject("2-OBJECTS TAREAS SECUNDARIAS/Pruebas Compensación/Listado_Empleados/input_Empresa 1_form_templatej_idt24_input (1)"), "planta personal (tal)"): Text 'planta personal (tal)' is set on object 'Object Repository/2-OBJECTS TAREAS SECUNDARIAS/Pruebas Compensación/Listado_Empleados/input_Empresa 1_form_templatej_idt24_input (1)'

2023-03-09 14:02:23 - [MESSAGE][PASSED] - Text 'planta personal (tal)' is set on object 'Object Repository/2-OBJECTS TAREAS SECUNDARIAS/Pruebas Compensación/Listado_Empleados/input_Empresa 1_form_templatej_idt24_input (1)'

2023-03-09 14:02:23 - [TEST_STEP][PASSED] - click(findTestObject("2-OBJECTS TAREAS SECUNDARIAS/Pruebas planta personal/Buscar_puesto_de_trabajo/span_Planta Personal (ta")): Object: 'Object Repository/2-OBJECTS TAREAS SECUNDARIAS/Pruebas planta personal/Buscar_puesto_de_trabajo/span_Planta Personal (ta' is clicked on

2023-03-09 14:02:25 - [MESSAGE][PASSED] - Object: 'Object Repository/2-OBJECTS TAREAS SECUNDARIAS/Pruebas planta personal/Buscar_puesto_de_trabajo/span_Planta Personal (ta' is clicked on

2023-03-09 14:02:25 - [TEST_STEP][PASSED] - click(findTestObject("2-OBJECTS TAREAS SECUNDARIAS/Pruebas planta personal/Buscar_puesto_de_trabajo/a_Actos Administrativos_organigramabuscar")): Object: 'Object Repository/2-OBJECTS TAREAS SECUNDARIAS/Pruebas planta personal/Buscar_puesto_de_trabajo/a_Actos Administrativos_organigramabuscar' is clicked on

2023-03-09 14:02:28 - [MESSAGE][PASSED] - Object: 'Object Repository/2-OBJECTS TAREAS SECUNDARIAS/Pruebas planta personal/Buscar_puesto_de_trabajo/a_Actos Administrativos_organigramabuscar' is clicked on

2023-03-09 14:02:28 - [TEST_STEP][PASSED] - selectOptionByIndex(findTestObject("2-OBJECTS TAREAS SECUNDARIAS/Pruebas planta personal/Buscar_puesto_de_trabajo/select_--Seleccione--EmpleadoPuesto"), 2): All options with index in [2] are selected on object 'Object Repository/2-OBJECTS TAREAS SECUNDARIAS/Pruebas planta personal/Buscar_puesto_de_trabajo/select_--Seleccione--EmpleadoPuesto'

2023-03-09 14:02:29 - [MESSAGE][PASSED] - All options with index in [2] are selected on object 'Object Repository/2-OBJECTS TAREAS SECUNDARIAS/Pruebas planta personal/Buscar_puesto_de_trabajo/select_--Seleccione--EmpleadoPuesto'

2023-03-09 14:02:29 - [TEST_STEP][PASSED] - click(findTestObject("2-OBJECTS TAREAS SECUNDARIAS/Pruebas planta personal/Buscar_puesto_de_trabajo/a_Cargo_popupBusquedaPlantaj_idt279")): Object: 'Object Repository/2-OBJECTS TAREAS SECUNDARIAS/Pruebas planta personal/Buscar_puesto_de_trabajo/a_Cargo_popupBusquedaPlantaj_idt279' is clicked on

2023-03-09 14:02:30 - [MESSAGE][PASSED] - Object: 'Object Repository/2-OBJECTS TAREAS SECUNDARIAS/Pruebas planta personal/Buscar_puesto_de_trabajo/a_Cargo_popupBusquedaPlantaj_idt279' is clicked on

2023-03-09 14:02:30 - [TEST_STEP][PASSED] - click(findTestObject("2-OBJECTS TAREAS SECUNDARIAS/Pruebas planta personal/Buscar_puesto_de_trabajo/a_Unidad Organizacional_popupBusquedaPlantaj_idt274")): Object: 'Object Repository/2-OBJECTS TAREAS SECUNDARIAS/Pruebas planta personal/Buscar_puesto_de_trabajo/a_Unidad Organizacional_popupBusquedaPlantaj_idt274' is clicked on

2023-03-09 14:02:31 - [MESSAGE][PASSED] - Object: 'Object Repository/2-OBJECTS TAREAS SECUNDARIAS/Pruebas planta personal/Buscar_puesto_de_trabajo/a_Unidad Organizacional_popupBusquedaPlantaj_idt274' is clicked on

2023-03-09 14:02:31 - [TEST_STEP][PASSED] - setText(findTestObject("2-OBJECTS TAREAS SECUNDARIAS/Pruebas planta personal/Buscar_puesto_de_trabajo/input_Unidad_form_popupUnidadUsuarioj_idt880"), "administracion"): Text 'administracion' is set on object 'Object Repository/2-OBJECTS TAREAS SECUNDARIAS/Pruebas planta personal/Buscar_puesto_de_trabajo/input_Unidad_form_popupUnidadUsuarioj_idt880'

2023-03-09 14:02:32 - [MESSAGE][PASSED] - Text 'administracion' is set on object 'Object Repository/2-OBJECTS TAREAS SECUNDARIAS/Pruebas planta personal/Buscar_puesto_de_trabajo/input_Unidad_form_popupUnidadUsuarioj_idt880'

2023-03-09 14:02:32 - [TEST_STEP][PASSED] - sendKeys(findTestObject("2-OBJECTS TAREAS SECUNDARIAS/Pruebas planta personal/Buscar_puesto_de_trabajo/input_Unidad_form_popupUnidadUsuarioj_idt880"), Keys.chord(ENTER)): Keys 'ENTER + ' sent to object: 'Object Repository/2-OBJECTS TAREAS SECUNDARIAS/Pruebas planta personal/Buscar_puesto_de_trabajo/input_Unidad_form_popupUnidadUsuarioj_idt880'

2023-03-09 14:02:32 - [MESSAGE][PASSED] - Keys 'ENTER + ' sent to object: 'Object Repository/2-OBJECTS TAREAS SECUNDARIAS/Pruebas planta personal/Buscar_puesto_de_trabajo/input_Unidad_form_popupUnidadUsuarioj_idt880'

2023-03-09 14:02:32 - [TEST_STEP][PASSED] - click(findTestObject("2-OBJECTS TAREAS SECUNDARIAS/Pruebas planta personal/Buscar_puesto_de_trabajo/span_ADMINISTRACION")): Object: 'Object Repository/2-OBJECTS TAREAS SECUNDARIAS/Pruebas planta personal/Buscar_puesto_de_trabajo/span_ADMINISTRACION' is clicked on

2023-03-09 14:02:33 - [MESSAGE][PASSED] - Object: 'Object Repository/2-OBJECTS TAREAS SECUNDARIAS/Pruebas planta personal/Buscar_puesto_de_trabajo/span_ADMINISTRACION' is clicked on

2023-03-09 14:02:33 - [TEST_STEP][PASSED] - click(findTestObject("2-OBJECTS TAREAS SECUNDARIAS/Pruebas planta personal/Buscar_puesto_de_trabajo/a_Cargo_popupBusquedaPlantaj_idt2790")): Object: 'Object Repository/2-OBJECTS TAREAS SECUNDARIAS/Pruebas planta personal/Buscar_puesto_de_trabajo/a_Cargo_popupBusquedaPlantaj_idt2790' is clicked on

2023-03-09 14:02:33 - [MESSAGE][PASSED] - Object: 'Object Repository/2-OBJECTS TAREAS SECUNDARIAS/Pruebas planta personal/Buscar_puesto_de_trabajo/a_Cargo_popupBusquedaPlantaj_idt2790' is clicked on

2023-03-09 14:02:33 - [TEST_STEP][PASSED] - click(findTestObject("2-OBJECTS TAREAS SECUNDARIAS/Pruebas planta personal/Buscar_puesto_de_trabajo/span_ABOGADO")): Object: 'Object Repository/2-OBJECTS TAREAS SECUNDARIAS/Pruebas planta personal/Buscar_puesto_de_trabajo/span_ABOGADO' is clicked on

2023-03-09 14:02:34 - [MESSAGE][PASSED] - Object: 'Object Repository/2-OBJECTS TAREAS SECUNDARIAS/Pruebas planta personal/Buscar_puesto_de_trabajo/span_ABOGADO' is clicked on

2023-03-09 14:02:34 - [TEST_STEP][PASSED] - click(findTestObject("2-OBJECTS TAREAS SECUNDARIAS/Pruebas planta personal/Buscar_puesto_de_trabajo/span_20139    - Abogado")): Object: 'Object Repository/2-OBJECTS TAREAS SECUNDARIAS/Pruebas planta personal/Buscar_puesto_de_trabajo/span_20139    - Abogado' is clicked on

2023-03-09 14:02:35 - [MESSAGE][PASSED] - Object: 'Object Repository/2-OBJECTS TAREAS SECUNDARIAS/Pruebas planta personal/Buscar_puesto_de_trabajo/span_20139    - Abogado' is clicked on

2023-03-09 14:02:35 - [TEST_STEP][PASSED] - scrollToElement(findTestObject("2-OBJECTS TAREAS SECUNDARIAS/Pruebas planta personal/Buscar_puesto_de_trabajo/span_10308"), 0): Scroll to object 'Object Repository/2-OBJECTS TAREAS SECUNDARIAS/Pruebas planta personal/Buscar_puesto_de_trabajo/span_10308' successfully

2023-03-09 14:02:35 - [MESSAGE][WARNING] - Timeout '0' is invalid. Using default page load timeout: '37'

2023-03-09 14:02:36 - [MESSAGE][PASSED] - Scroll to object 'Object Repository/2-OBJECTS TAREAS SECUNDARIAS/Pruebas planta personal/Buscar_puesto_de_trabajo/span_10308' successfully

2023-03-09 14:02:36 - [TEST_STEP][PASSED] - if (waitForElementVisible(findTestObject("2-OBJECTS TAREAS SECUNDARIAS/Pruebas planta personal/Buscar_puesto_de_trabajo/span_10308"), 1)): null

2023-03-09 14:02:36 - [MESSAGE][PASSED] - Object 'Object Repository/2-OBJECTS TAREAS SECUNDARIAS/Pruebas planta personal/Buscar_puesto_de_trabajo/span_10308' is visible

2023-03-09 14:02:36 - [TEST_STEP][PASSED] - Resultado = "PRUEBA OK": null

2023-03-09 14:02:36 - [MESSAGE][PASSED] - Call Test Case 'Test Cases/1.2-Tareas_Secundarias/A.2-Pruebas_planta_personal/12.1.6-Buscar_puesto_de_trabajo' successfully

2023-03-09 14:02:36 - [TEST_STEP][PASSED] - click(findTestObject("2-OBJECTS TAREAS SECUNDARIAS/Pruebas planta personal/Copiar_perfil_(Puesto_de_Trabajo)/span_20145    - 40 Mil Staff")): Object: 'Object Repository/2-OBJECTS TAREAS SECUNDARIAS/Pruebas planta personal/Copiar_perfil_(Puesto_de_Trabajo)/span_20145    - 40 Mil Staff' is clicked on

2023-03-09 14:02:37 - [MESSAGE][PASSED] - Object: 'Object Repository/2-OBJECTS TAREAS SECUNDARIAS/Pruebas planta personal/Copiar_perfil_(Puesto_de_Trabajo)/span_20145    - 40 Mil Staff' is clicked on

2023-03-09 14:02:37 - [TEST_STEP][PASSED] - scrollToElement(findTestObject("2-OBJECTS TAREAS SECUNDARIAS/Pruebas planta personal/Copiar_perfil_(Puesto_de_Trabajo)/div_Salgado . Paula 40 Mil Staff"), 0): Scroll to object 'Object Repository/2-OBJECTS TAREAS SECUNDARIAS/Pruebas planta personal/Copiar_perfil_(Puesto_de_Trabajo)/div_Salgado . Paula 40 Mil Staff' successfully

2023-03-09 14:02:37 - [MESSAGE][WARNING] - Timeout '0' is invalid. Using default page load timeout: '37'

2023-03-09 14:02:38 - [MESSAGE][PASSED] - Scroll to object 'Object Repository/2-OBJECTS TAREAS SECUNDARIAS/Pruebas planta personal/Copiar_perfil_(Puesto_de_Trabajo)/div_Salgado . Paula 40 Mil Staff' successfully

2023-03-09 14:02:38 - [TEST_STEP][PASSED] - click(findTestObject("2-OBJECTS TAREAS SECUNDARIAS/Pruebas planta personal/Copiar_perfil_(Puesto_de_Trabajo)/a_Salgado . Paula_organigramaj_idt111")): Object: 'Object Repository/2-OBJECTS TAREAS SECUNDARIAS/Pruebas planta personal/Copiar_perfil_(Puesto_de_Trabajo)/a_Salgado . Paula_organigramaj_idt111' is clicked on

2023-03-09 14:02:38 - [MESSAGE][PASSED] - Object: 'Object Repository/2-OBJECTS TAREAS SECUNDARIAS/Pruebas planta personal/Copiar_perfil_(Puesto_de_Trabajo)/a_Salgado . Paula_organigramaj_idt111' is clicked on

2023-03-09 14:02:38 - [TEST_STEP][PASSED] - if (waitForElementVisible(findTestObject("2-OBJECTS TAREAS SECUNDARIAS/Pruebas planta personal/Copiar_perfil_(Puesto_de_Trabajo)/a_Aceptar"), 1)): Web element with id: 'Object Repository/2-OBJECTS TAREAS SECUNDARIAS/Pruebas planta personal/Copiar_perfil_(Puesto_de_Trabajo)/a_Aceptar' located by '//a[contains(text(),'Aceptar')]' not found

2023-03-09 14:02:40 - [MESSAGE][INFO] - Unable to find the element located by 'By.xpath: //a[contains(text(),'Aceptar')]'. Please recheck the objects properties to make sure the desired element is located. 

2023-03-09 14:02:40 - [MESSAGE][WARNING] - Web element with id: 'Object Repository/2-OBJECTS TAREAS SECUNDARIAS/Pruebas planta personal/Copiar_perfil_(Puesto_de_Trabajo)/a_Aceptar' located by '//a[contains(text(),'Aceptar')]' not found

2023-03-09 14:02:40 - [TEST_STEP][FAILED] - click(findTestObject("2-OBJECTS TAREAS SECUNDARIAS/Pruebas planta personal/Copiar_perfil_(Puesto_de_Trabajo)/a_Copiar Perfil")): Unable to click on object 'Object Repository/2-OBJECTS TAREAS SECUNDARIAS/Pruebas planta personal/Copiar_perfil_(Puesto_de_Trabajo)/a_Copiar Perfil' (Root cause: com.kms.katalon.core.exception.StepFailedException: Unable to click on object 'Object Repository/2-OBJECTS TAREAS SECUNDARIAS/Pruebas planta personal/Copiar_perfil_(Puesto_de_Trabajo)/a_Copiar Perfil'
	at com.kms.katalon.core.webui.keyword.internal.WebUIKeywordMain.stepFailed(WebUIKeywordMain.groovy:64)
	at com.kms.katalon.core.webui.keyword.internal.WebUIKeywordMain.runKeyword(WebUIKeywordMain.groovy:26)
	at com.kms.katalon.core.webui.keyword.builtin.ClickKeyword.click(ClickKeyword.groovy:74)
	at com.kms.katalon.core.webui.keyword.builtin.ClickKeyword.execute(ClickKeyword.groovy:40)
	at com.kms.katalon.core.keyword.internal.KeywordExecutor.executeKeywordForPlatform(KeywordExecutor.groovy:74)
	at com.kms.katalon.core.webui.keyword.WebUiBuiltInKeywords.click(WebUiBuiltInKeywords.groovy:620)
	at com.kms.katalon.core.webui.keyword.WebUiBuiltInKeywords$click$9.call(Unknown Source)
	at 12.2.4-Copiar_perfil_(Puesto_de_Trabajo).run(12.2.4-Copiar_perfil_(Puesto_de_Trabajo):34)
	at com.kms.katalon.core.main.ScriptEngine.run(ScriptEngine.java:194)
	at com.kms.katalon.core.main.ScriptEngine.runScriptAsRawText(ScriptEngine.java:119)
	at com.kms.katalon.core.main.TestCaseExecutor.runScript(TestCaseExecutor.java:448)
	at com.kms.katalon.core.main.TestCaseExecutor.doExecute(TestCaseExecutor.java:439)
	at com.kms.katalon.core.main.TestCaseExecutor.processExecutionPhase(TestCaseExecutor.java:418)
	at com.kms.katalon.core.main.TestCaseExecutor.accessMainPhase(TestCaseExecutor.java:410)
	at com.kms.katalon.core.main.TestCaseExecutor.execute(TestCaseExecutor.java:285)
	at com.kms.katalon.core.common.CommonExecutor.accessTestCaseMainPhase(CommonExecutor.java:65)
	at com.kms.katalon.core.main.TestSuiteExecutor.accessTestSuiteMainPhase(TestSuiteExecutor.java:151)
	at com.kms.katalon.core.main.TestSuiteExecutor.execute(TestSuiteExecutor.java:106)
	at com.kms.katalon.core.main.TestCaseMain.startTestSuite(TestCaseMain.java:185)
	at com.kms.katalon.core.main.TestCaseMain$startTestSuite$0.call(Unknown Source)
	at TempTestSuite1678383366099.run(TempTestSuite1678383366099.groovy:36)
Caused by: org.openqa.selenium.ElementClickInterceptedException: element click intercepted: Element <a id="descripcionCargo_form:j_idt1580:j_idt1582:j_idt1593" href="#" class="ui-commandlink ui-widget" onclick="PrimeFaces.ab({s:&quot;descripcionCargo_form:j_idt1580:j_idt1582:j_idt1593&quot;,f:&quot;descripcionCargo_form&quot;,u:&quot;areaAplicacion&quot;,onco:function(xhr,status,args,data){;}});return false;" style="display: inline-block;">...</a> is not clickable at point (120, 591). Other element would receive the click: <div id="popupErrorDialog:dialog_popupFoto_modal" class="ui-widget-overlay ui-dialog-mask" style="z-index: 1035;"></div>
  (Session info: chrome=110.0.5481.178)
Build info: version: '3.141.59', revision: 'e82be7d358', time: '2018-11-14T08:25:53'
System info: host: 'US-AF-000371', ip: '192.168.56.1', os.name: 'Windows 10', os.arch: 'amd64', os.version: '10.0', java.version: '1.8.0_282'
Driver info: com.kms.katalon.selenium.driver.CChromeDriver
Capabilities {acceptInsecureCerts: false, browserName: chrome, browserVersion: 110.0.5481.178, chrome: {chromedriverVersion: 109.0.5414.74 (e7c5703604da..., userDataDir: C:\Users\DIEGO~1.ROJ\AppDat...}, goog:chromeOptions: {debuggerAddress: localhost:51426}, javascriptEnabled: true, networkConnectionEnabled: false, pageLoadStrategy: normal, platform: WINDOWS, platformName: WINDOWS, proxy: Proxy(), setWindowRect: true, strictFileInteractability: false, timeouts: {implicit: 0, pageLoad: 300000, script: 30000}, unhandledPromptBehavior: dismiss and notify, webauthn:extension:credBlob: true, webauthn:extension:largeBlob: true, webauthn:virtualAuthenticators: true}
Session ID: 07f0ec22df1866d0c2f0daaecc8912d6
	at org.openqa.selenium.remote.http.W3CHttpResponseCodec.createException(W3CHttpResponseCodec.java:187)
	at org.openqa.selenium.remote.http.W3CHttpResponseCodec.decode(W3CHttpResponseCodec.java:122)
	at org.openqa.selenium.remote.http.W3CHttpResponseCodec.decode(W3CHttpResponseCodec.java:49)
	at org.openqa.selenium.remote.HttpCommandExecutor.execute(HttpCommandExecutor.java:158)
	at org.openqa.selenium.remote.service.DriverCommandExecutor.execute(DriverCommandExecutor.java:83)
	at org.openqa.selenium.remote.RemoteWebDriver.execute(RemoteWebDriver.java:552)
	at com.kms.katalon.selenium.driver.CChromeDriver.execute(CChromeDriver.java:19)
	at org.openqa.selenium.remote.RemoteWebElement.execute(RemoteWebElement.java:285)
	at org.openqa.selenium.remote.RemoteWebElement.click(RemoteWebElement.java:84)
	at org.openqa.selenium.support.events.EventFiringWebDriver$EventFiringWebElement.lambda$new$0(EventFiringWebDriver.java:404)
	at com.sun.proxy.$Proxy11.click(Unknown Source)
	at org.openqa.selenium.support.events.EventFiringWebDriver$EventFiringWebElement.click(EventFiringWebDriver.java:417)
	at org.openqa.selenium.WebElement$click$0.call(Unknown Source)
	at com.kms.katalon.core.webui.keyword.builtin.ClickKeyword.clickUntilSuccessWithTimeout(ClickKeyword.groovy:81)
	at com.kms.katalon.core.webui.keyword.builtin.ClickKeyword.clickUntilSuccessWithTimeout(ClickKeyword.groovy)
	at com.kms.katalon.core.webui.keyword.builtin.ClickKeyword$_click_closure1.doCall(ClickKeyword.groovy:67)
	at com.kms.katalon.core.webui.keyword.builtin.ClickKeyword$_click_closure1.call(ClickKeyword.groovy)
	at com.kms.katalon.core.webui.keyword.internal.WebUIKeywordMain.runKeyword(WebUIKeywordMain.groovy:20)
	at com.kms.katalon.core.webui.keyword.builtin.ClickKeyword.click(ClickKeyword.groovy:74)
	at com.kms.katalon.core.webui.keyword.builtin.ClickKeyword.execute(ClickKeyword.groovy:40)
	at com.kms.katalon.core.keyword.internal.KeywordExecutor.executeKeywordForPlatform(KeywordExecutor.groovy:74)
	at com.kms.katalon.core.webui.keyword.WebUiBuiltInKeywords.click(WebUiBuiltInKeywords.groovy:620)
	at com.kms.katalon.core.webui.keyword.WebUiBuiltInKeywords$click$9.call(Unknown Source)
	at Script1648474008076.run(Script1648474008076.groovy:34)
	... 13 more
)

2023-03-09 14:03:20 - [MESSAGE][FAILED] - Unable to click on object 'Object Repository/2-OBJECTS TAREAS SECUNDARIAS/Pruebas planta personal/Copiar_perfil_(Puesto_de_Trabajo)/a_Copiar Perfil' (Root cause: com.kms.katalon.core.exception.StepFailedException: Unable to click on object 'Object Repository/2-OBJECTS TAREAS SECUNDARIAS/Pruebas planta personal/Copiar_perfil_(Puesto_de_Trabajo)/a_Copiar Perfil'
	at com.kms.katalon.core.webui.keyword.internal.WebUIKeywordMain.stepFailed(WebUIKeywordMain.groovy:64)
	at com.kms.katalon.core.webui.keyword.internal.WebUIKeywordMain.runKeyword(WebUIKeywordMain.groovy:26)
	at com.kms.katalon.core.webui.keyword.builtin.ClickKeyword.click(ClickKeyword.groovy:74)
	at com.kms.katalon.core.webui.keyword.builtin.ClickKeyword.execute(ClickKeyword.groovy:40)
	at com.kms.katalon.core.keyword.internal.KeywordExecutor.executeKeywordForPlatform(KeywordExecutor.groovy:74)
	at com.kms.katalon.core.webui.keyword.WebUiBuiltInKeywords.click(WebUiBuiltInKeywords.groovy:620)
	at com.kms.katalon.core.webui.keyword.WebUiBuiltInKeywords$click$9.call(Unknown Source)
	at 12.2.4-Copiar_perfil_(Puesto_de_Trabajo).run(12.2.4-Copiar_perfil_(Puesto_de_Trabajo):34)
	at com.kms.katalon.core.main.ScriptEngine.run(ScriptEngine.java:194)
	at com.kms.katalon.core.main.ScriptEngine.runScriptAsRawText(ScriptEngine.java:119)
	at com.kms.katalon.core.main.TestCaseExecutor.runScript(TestCaseExecutor.java:448)
	at com.kms.katalon.core.main.TestCaseExecutor.doExecute(TestCaseExecutor.java:439)
	at com.kms.katalon.core.main.TestCaseExecutor.processExecutionPhase(TestCaseExecutor.java:418)
	at com.kms.katalon.core.main.TestCaseExecutor.accessMainPhase(TestCaseExecutor.java:410)
	at com.kms.katalon.core.main.TestCaseExecutor.execute(TestCaseExecutor.java:285)
	at com.kms.katalon.core.common.CommonExecutor.accessTestCaseMainPhase(CommonExecutor.java:65)
	at com.kms.katalon.core.main.TestSuiteExecutor.accessTestSuiteMainPhase(TestSuiteExecutor.java:151)
	at com.kms.katalon.core.main.TestSuiteExecutor.execute(TestSuiteExecutor.java:106)
	at com.kms.katalon.core.main.TestCaseMain.startTestSuite(TestCaseMain.java:185)
	at com.kms.katalon.core.main.TestCaseMain$startTestSuite$0.call(Unknown Source)
	at TempTestSuite1678383366099.run(TempTestSuite1678383366099.groovy:36)
Caused by: org.openqa.selenium.ElementClickInterceptedException: element click intercepted: Element <a id="descripcionCargo_form:j_idt1580:j_idt1582:j_idt1593" href="#" class="ui-commandlink ui-widget" onclick="PrimeFaces.ab({s:&quot;descripcionCargo_form:j_idt1580:j_idt1582:j_idt1593&quot;,f:&quot;descripcionCargo_form&quot;,u:&quot;areaAplicacion&quot;,onco:function(xhr,status,args,data){;}});return false;" style="display: inline-block;">...</a> is not clickable at point (120, 591). Other element would receive the click: <div id="popupErrorDialog:dialog_popupFoto_modal" class="ui-widget-overlay ui-dialog-mask" style="z-index: 1035;"></div>
  (Session info: chrome=110.0.5481.178)
Build info: version: '3.141.59', revision: 'e82be7d358', time: '2018-11-14T08:25:53'
System info: host: 'US-AF-000371', ip: '192.168.56.1', os.name: 'Windows 10', os.arch: 'amd64', os.version: '10.0', java.version: '1.8.0_282'
Driver info: com.kms.katalon.selenium.driver.CChromeDriver
Capabilities {acceptInsecureCerts: false, browserName: chrome, browserVersion: 110.0.5481.178, chrome: {chromedriverVersion: 109.0.5414.74 (e7c5703604da..., userDataDir: C:\Users\DIEGO~1.ROJ\AppDat...}, goog:chromeOptions: {debuggerAddress: localhost:51426}, javascriptEnabled: true, networkConnectionEnabled: false, pageLoadStrategy: normal, platform: WINDOWS, platformName: WINDOWS, proxy: Proxy(), setWindowRect: true, strictFileInteractability: false, timeouts: {implicit: 0, pageLoad: 300000, script: 30000}, unhandledPromptBehavior: dismiss and notify, webauthn:extension:credBlob: true, webauthn:extension:largeBlob: true, webauthn:virtualAuthenticators: true}
Session ID: 07f0ec22df1866d0c2f0daaecc8912d6
	at org.openqa.selenium.remote.http.W3CHttpResponseCodec.createException(W3CHttpResponseCodec.java:187)
	at org.openqa.selenium.remote.http.W3CHttpResponseCodec.decode(W3CHttpResponseCodec.java:122)
	at org.openqa.selenium.remote.http.W3CHttpResponseCodec.decode(W3CHttpResponseCodec.java:49)
	at org.openqa.selenium.remote.HttpCommandExecutor.execute(HttpCommandExecutor.java:158)
	at org.openqa.selenium.remote.service.DriverCommandExecutor.execute(DriverCommandExecutor.java:83)
	at org.openqa.selenium.remote.RemoteWebDriver.execute(RemoteWebDriver.java:552)
	at com.kms.katalon.selenium.driver.CChromeDriver.execute(CChromeDriver.java:19)
	at org.openqa.selenium.remote.RemoteWebElement.execute(RemoteWebElement.java:285)
	at org.openqa.selenium.remote.RemoteWebElement.click(RemoteWebElement.java:84)
	at org.openqa.selenium.support.events.EventFiringWebDriver$EventFiringWebElement.lambda$new$0(EventFiringWebDriver.java:404)
	at com.sun.proxy.$Proxy11.click(Unknown Source)
	at org.openqa.selenium.support.events.EventFiringWebDriver$EventFiringWebElement.click(EventFiringWebDriver.java:417)
	at org.openqa.selenium.WebElement$click$0.call(Unknown Source)
	at com.kms.katalon.core.webui.keyword.builtin.ClickKeyword.clickUntilSuccessWithTimeout(ClickKeyword.groovy:81)
	at com.kms.katalon.core.webui.keyword.builtin.ClickKeyword.clickUntilSuccessWithTimeout(ClickKeyword.groovy)
	at com.kms.katalon.core.webui.keyword.builtin.ClickKeyword$_click_closure1.doCall(ClickKeyword.groovy:67)
	at com.kms.katalon.core.webui.keyword.builtin.ClickKeyword$_click_closure1.call(ClickKeyword.groovy)
	at com.kms.katalon.core.webui.keyword.internal.WebUIKeywordMain.runKeyword(WebUIKeywordMain.groovy:20)
	at com.kms.katalon.core.webui.keyword.builtin.ClickKeyword.click(ClickKeyword.groovy:74)
	at com.kms.katalon.core.webui.keyword.builtin.ClickKeyword.execute(ClickKeyword.groovy:40)
	at com.kms.katalon.core.keyword.internal.KeywordExecutor.executeKeywordForPlatform(KeywordExecutor.groovy:74)
	at com.kms.katalon.core.webui.keyword.WebUiBuiltInKeywords.click(WebUiBuiltInKeywords.groovy:620)
	at com.kms.katalon.core.webui.keyword.WebUiBuiltInKeywords$click$9.call(Unknown Source)
	at Script1648474008076.run(Script1648474008076.groovy:34)
	... 13 more
)
[[ATTACHMENT|C:\\Users\\diego.rojas\\git\\Pruebas-Minimas\\Reports\\20230309_123606\\Test_Suite_Secundaria\\1-Tareas_secundarias\\20230309_123606\\1678388600202.png]]]]></system-out>
         <system-err><![CDATA[2023-03-09 14:02:12 - [TEST_CASE][FAILED] - Test Cases/1.2-Tareas_Secundarias/A.2-Pruebas_planta_personal/12.2.4-Copiar_perfil_(Puesto_de_Trabajo): Test Cases/1.2-Tareas_Secundarias/A.2-Pruebas_planta_personal/12.2.4-Copiar_perfil_(Puesto_de_Trabajo) FAILED.
Reason:
com.kms.katalon.core.exception.StepFailedException: Unable to click on object 'Object Repository/2-OBJECTS TAREAS SECUNDARIAS/Pruebas planta personal/Copiar_perfil_(Puesto_de_Trabajo)/a_Copiar Perfil'
	at com.kms.katalon.core.webui.keyword.internal.WebUIKeywordMain.stepFailed(WebUIKeywordMain.groovy:64)
	at com.kms.katalon.core.webui.keyword.internal.WebUIKeywordMain.runKeyword(WebUIKeywordMain.groovy:26)
	at com.kms.katalon.core.webui.keyword.builtin.ClickKeyword.click(ClickKeyword.groovy:74)
	at com.kms.katalon.core.webui.keyword.builtin.ClickKeyword.execute(ClickKeyword.groovy:40)
	at com.kms.katalon.core.keyword.internal.KeywordExecutor.executeKeywordForPlatform(KeywordExecutor.groovy:74)
	at com.kms.katalon.core.webui.keyword.WebUiBuiltInKeywords.click(WebUiBuiltInKeywords.groovy:620)
	at com.kms.katalon.core.webui.keyword.WebUiBuiltInKeywords$click$9.call(Unknown Source)
	at 12.2.4-Copiar_perfil_(Puesto_de_Trabajo).run(12.2.4-Copiar_perfil_(Puesto_de_Trabajo):34)
	at com.kms.katalon.core.main.ScriptEngine.run(ScriptEngine.java:194)
	at com.kms.katalon.core.main.ScriptEngine.runScriptAsRawText(ScriptEngine.java:119)
	at com.kms.katalon.core.main.TestCaseExecutor.runScript(TestCaseExecutor.java:448)
	at com.kms.katalon.core.main.TestCaseExecutor.doExecute(TestCaseExecutor.java:439)
	at com.kms.katalon.core.main.TestCaseExecutor.processExecutionPhase(TestCaseExecutor.java:418)
	at com.kms.katalon.core.main.TestCaseExecutor.accessMainPhase(TestCaseExecutor.java:410)
	at com.kms.katalon.core.main.TestCaseExecutor.execute(TestCaseExecutor.java:285)
	at com.kms.katalon.core.common.CommonExecutor.accessTestCaseMainPhase(CommonExecutor.java:65)
	at com.kms.katalon.core.main.TestSuiteExecutor.accessTestSuiteMainPhase(TestSuiteExecutor.java:151)
	at com.kms.katalon.core.main.TestSuiteExecutor.execute(TestSuiteExecutor.java:106)
	at com.kms.katalon.core.main.TestCaseMain.startTestSuite(TestCaseMain.java:185)
	at com.kms.katalon.core.main.TestCaseMain$startTestSuite$0.call(Unknown Source)
	at TempTestSuite1678383366099.run(TempTestSuite1678383366099.groovy:36)
Caused by: org.openqa.selenium.ElementClickInterceptedException: element click intercepted: Element <a id="descripcionCargo_form:j_idt1580:j_idt1582:j_idt1593" href="#" class="ui-commandlink ui-widget" onclick="PrimeFaces.ab({s:&quot;descripcionCargo_form:j_idt1580:j_idt1582:j_idt1593&quot;,f:&quot;descripcionCargo_form&quot;,u:&quot;areaAplicacion&quot;,onco:function(xhr,status,args,data){;}});return false;" style="display: inline-block;">...</a> is not clickable at point (120, 591). Other element would receive the click: <div id="popupErrorDialog:dialog_popupFoto_modal" class="ui-widget-overlay ui-dialog-mask" style="z-index: 1035;"></div>
  (Session info: chrome=110.0.5481.178)
Build info: version: '3.141.59', revision: 'e82be7d358', time: '2018-11-14T08:25:53'
System info: host: 'US-AF-000371', ip: '192.168.56.1', os.name: 'Windows 10', os.arch: 'amd64', os.version: '10.0', java.version: '1.8.0_282'
Driver info: com.kms.katalon.selenium.driver.CChromeDriver
Capabilities {acceptInsecureCerts: false, browserName: chrome, browserVersion: 110.0.5481.178, chrome: {chromedriverVersion: 109.0.5414.74 (e7c5703604da..., userDataDir: C:\Users\DIEGO~1.ROJ\AppDat...}, goog:chromeOptions: {debuggerAddress: localhost:51426}, javascriptEnabled: true, networkConnectionEnabled: false, pageLoadStrategy: normal, platform: WINDOWS, platformName: WINDOWS, proxy: Proxy(), setWindowRect: true, strictFileInteractability: false, timeouts: {implicit: 0, pageLoad: 300000, script: 30000}, unhandledPromptBehavior: dismiss and notify, webauthn:extension:credBlob: true, webauthn:extension:largeBlob: true, webauthn:virtualAuthenticators: true}
Session ID: 07f0ec22df1866d0c2f0daaecc8912d6
	at org.openqa.selenium.remote.http.W3CHttpResponseCodec.createException(W3CHttpResponseCodec.java:187)
	at org.openqa.selenium.remote.http.W3CHttpResponseCodec.decode(W3CHttpResponseCodec.java:122)
	at org.openqa.selenium.remote.http.W3CHttpResponseCodec.decode(W3CHttpResponseCodec.java:49)
	at org.openqa.selenium.remote.HttpCommandExecutor.execute(HttpCommandExecutor.java:158)
	at org.openqa.selenium.remote.service.DriverCommandExecutor.execute(DriverCommandExecutor.java:83)
	at org.openqa.selenium.remote.RemoteWebDriver.execute(RemoteWebDriver.java:552)
	at com.kms.katalon.selenium.driver.CChromeDriver.execute(CChromeDriver.java:19)
	at org.openqa.selenium.remote.RemoteWebElement.execute(RemoteWebElement.java:285)
	at org.openqa.selenium.remote.RemoteWebElement.click(RemoteWebElement.java:84)
	at org.openqa.selenium.support.events.EventFiringWebDriver$EventFiringWebElement.lambda$new$0(EventFiringWebDriver.java:404)
	at com.sun.proxy.$Proxy11.click(Unknown Source)
	at org.openqa.selenium.support.events.EventFiringWebDriver$EventFiringWebElement.click(EventFiringWebDriver.java:417)
	at org.openqa.selenium.WebElement$click$0.call(Unknown Source)
	at com.kms.katalon.core.webui.keyword.builtin.ClickKeyword.clickUntilSuccessWithTimeout(ClickKeyword.groovy:81)
	at com.kms.katalon.core.webui.keyword.builtin.ClickKeyword.clickUntilSuccessWithTimeout(ClickKeyword.groovy)
	at com.kms.katalon.core.webui.keyword.builtin.ClickKeyword$_click_closure1.doCall(ClickKeyword.groovy:67)
	at com.kms.katalon.core.webui.keyword.builtin.ClickKeyword$_click_closure1.call(ClickKeyword.groovy)
	at com.kms.katalon.core.webui.keyword.internal.WebUIKeywordMain.runKeyword(WebUIKeywordMain.groovy:20)
	... 19 more]]></system-err>
      </testcase>
      <testcase name="Test Cases/1.2-Tareas_Secundarias/A.2-Pruebas_planta_personal/12.2.5-Crear_descripción_del_cargo_(Puesto_Trabajo_Múltiple)" time="65.52" classname="Test Cases/1.2-Tareas_Secundarias/A.2-Pruebas_planta_personal/12.2.5-Crear_descripción_del_cargo_(Puesto_Trabajo_Múltiple)" status="FAILED">
         <failure type="FAILED" message="Test Cases/1.2-Tareas_Secundarias/A.2-Pruebas_planta_personal/12.2.5-Crear_descripción_del_cargo_(Puesto_Trabajo_Múltiple) FAILED.
Reason:
com.kms.katalon.core.exception.StepFailedException: Call Test Case 'Test Cases/1.2-Tareas_Secundarias/A.2-Pruebas_planta_personal/12.2.3-Crear_descripción_del_cargo_(PUESTO_TRABAJO_MULTIPLE)' failed
	at com.kms.katalon.core.keyword.builtin.CallTestCaseKeyword$_callTestCase_closure1.doCall(CallTestCaseKeyword.groovy:63)
	at com.kms.katalon.core.keyword.builtin.CallTestCaseKeyword$_callTestCase_closure1.call(CallTestCaseKeyword.groovy)
	at com.kms.katalon.core.keyword.internal.KeywordMain.runKeyword(KeywordMain.groovy:74)
	at com.kms.katalon.core.keyword.builtin.CallTestCaseKeyword.callTestCase(CallTestCaseKeyword.groovy:81)
	at com.kms.katalon.core.keyword.builtin.CallTestCaseKeyword.execute(CallTestCaseKeyword.groovy:44)
	at com.kms.katalon.core.keyword.internal.KeywordExecutor.executeKeywordForPlatform(KeywordExecutor.groovy:74)
	at com.kms.katalon.core.keyword.BuiltinKeywords.callTestCase(BuiltinKeywords.groovy:334)
	at 12.2.5-Crear_descripción_del_cargo_(Puesto_Trabajo_Múltiple).run(12.2.5-Crear_descripción_del_cargo_(Puesto_Trabajo_Múltiple):20)
	at com.kms.katalon.core.main.ScriptEngine.run(ScriptEngine.java:194)
	at com.kms.katalon.core.main.ScriptEngine.runScriptAsRawText(ScriptEngine.java:119)
	at com.kms.katalon.core.main.TestCaseExecutor.runScript(TestCaseExecutor.java:448)
	at com.kms.katalon.core.main.TestCaseExecutor.doExecute(TestCaseExecutor.java:439)
	at com.kms.katalon.core.main.TestCaseExecutor.processExecutionPhase(TestCaseExecutor.java:418)
	at com.kms.katalon.core.main.TestCaseExecutor.accessMainPhase(TestCaseExecutor.java:410)
	at com.kms.katalon.core.main.TestCaseExecutor.execute(TestCaseExecutor.java:285)
	at com.kms.katalon.core.common.CommonExecutor.accessTestCaseMainPhase(CommonExecutor.java:65)
	at com.kms.katalon.core.main.TestSuiteExecutor.accessTestSuiteMainPhase(TestSuiteExecutor.java:151)
	at com.kms.katalon.core.main.TestSuiteExecutor.execute(TestSuiteExecutor.java:106)
	at com.kms.katalon.core.main.TestCaseMain.startTestSuite(TestCaseMain.java:185)
	at com.kms.katalon.core.main.TestCaseMain$startTestSuite$0.call(Unknown Source)
	at TempTestSuite1678383366099.run(TempTestSuite1678383366099.groovy:36)
Caused by: com.kms.katalon.core.exception.StepFailedException: Unable to click on object 'Object Repository/2-OBJECTS TAREAS SECUNDARIAS/Pruebas planta personal/Crear_descripción_del_cargo(Puesto_trabajo_multiple)/a_Guardar'
	at com.kms.katalon.core.webui.keyword.internal.WebUIKeywordMain.stepFailed(WebUIKeywordMain.groovy:64)
	at com.kms.katalon.core.webui.keyword.internal.WebUIKeywordMain.runKeyword(WebUIKeywordMain.groovy:26)
	at com.kms.katalon.core.webui.keyword.builtin.ClickKeyword.click(ClickKeyword.groovy:74)
	at com.kms.katalon.core.webui.keyword.builtin.ClickKeyword.execute(ClickKeyword.groovy:40)
	at com.kms.katalon.core.keyword.internal.KeywordExecutor.executeKeywordForPlatform(KeywordExecutor.groovy:74)
	at com.kms.katalon.core.webui.keyword.WebUiBuiltInKeywords.click(WebUiBuiltInKeywords.groovy:620)
	at com.kms.katalon.core.webui.keyword.WebUiBuiltInKeywords$click$9.call(Unknown Source)
	at 12.2.3-Crear_descripción_del_cargo_(PUESTO_TRABAJO_MULTIPLE).run(12.2.3-Crear_descripción_del_cargo_(PUESTO_TRABAJO_MULTIPLE):60)
	at com.kms.katalon.core.main.ScriptEngine.run(ScriptEngine.java:194)
	at com.kms.katalon.core.main.ScriptEngine.runScriptAsRawText(ScriptEngine.java:119)
	at com.kms.katalon.core.main.TestCaseExecutor.runScript(TestCaseExecutor.java:448)
	at com.kms.katalon.core.main.TestCaseExecutor.doExecute(TestCaseExecutor.java:439)
	at com.kms.katalon.core.main.TestCaseExecutor.processExecutionPhase(TestCaseExecutor.java:418)
	at com.kms.katalon.core.main.TestCaseExecutor.accessMainPhase(TestCaseExecutor.java:410)
	at com.kms.katalon.core.main.TestCaseExecutor.execute(TestCaseExecutor.java:285)
	at com.kms.katalon.core.main.TestCaseMain.runTestCase(TestCaseMain.java:142)
	at com.kms.katalon.core.keyword.builtin.CallTestCaseKeyword$_callTestCase_closure1.doCall(CallTestCaseKeyword.groovy:59)
	... 20 more
Caused by: org.openqa.selenium.ElementClickInterceptedException: element click intercepted: Element &lt;a id=&quot;descripcionCargo_form:j_idt798&quot; href=&quot;#&quot; class=&quot;ui-commandlink ui-widget us-boton btn-guardar&quot; onclick=&quot;PrimeFaces.ab({s:&amp;quot;descripcionCargo_form:j_idt798&amp;quot;,f:&amp;quot;descripcionCargo_form&amp;quot;,u:&amp;quot;areaAplicacion&amp;quot;});return false;&quot;>...&lt;/a> is not clickable at point (367, 565). Other element would receive the click: &lt;div id=&quot;popupErrorDialog:dialog_popupFoto_modal&quot; class=&quot;ui-widget-overlay ui-dialog-mask&quot; style=&quot;z-index: 1025;&quot;>&lt;/div>
  (Session info: chrome=110.0.5481.178)
Build info: version: '3.141.59', revision: 'e82be7d358', time: '2018-11-14T08:25:53'
System info: host: 'US-AF-000371', ip: '192.168.56.1', os.name: 'Windows 10', os.arch: 'amd64', os.version: '10.0', java.version: '1.8.0_282'
Driver info: com.kms.katalon.selenium.driver.CChromeDriver
Capabilities {acceptInsecureCerts: false, browserName: chrome, browserVersion: 110.0.5481.178, chrome: {chromedriverVersion: 109.0.5414.74 (e7c5703604da..., userDataDir: C:\Users\DIEGO~1.ROJ\AppDat...}, goog:chromeOptions: {debuggerAddress: localhost:51569}, javascriptEnabled: true, networkConnectionEnabled: false, pageLoadStrategy: normal, platform: WINDOWS, platformName: WINDOWS, proxy: Proxy(), setWindowRect: true, strictFileInteractability: false, timeouts: {implicit: 0, pageLoad: 300000, script: 30000}, unhandledPromptBehavior: dismiss and notify, webauthn:extension:credBlob: true, webauthn:extension:largeBlob: true, webauthn:virtualAuthenticators: true}
Session ID: c23de8041c61d711014c1fb2a11327a2
	at org.openqa.selenium.remote.http.W3CHttpResponseCodec.createException(W3CHttpResponseCodec.java:187)
	at org.openqa.selenium.remote.http.W3CHttpResponseCodec.decode(W3CHttpResponseCodec.java:122)
	at org.openqa.selenium.remote.http.W3CHttpResponseCodec.decode(W3CHttpResponseCodec.java:49)
	at org.openqa.selenium.remote.HttpCommandExecutor.execute(HttpCommandExecutor.java:158)
	at org.openqa.selenium.remote.service.DriverCommandExecutor.execute(DriverCommandExecutor.java:83)
	at org.openqa.selenium.remote.RemoteWebDriver.execute(RemoteWebDriver.java:552)
	at com.kms.katalon.selenium.driver.CChromeDriver.execute(CChromeDriver.java:19)
	at org.openqa.selenium.remote.RemoteWebElement.execute(RemoteWebElement.java:285)
	at org.openqa.selenium.remote.RemoteWebElement.click(RemoteWebElement.java:84)
	at org.openqa.selenium.support.events.EventFiringWebDriver$EventFiringWebElement.lambda$new$0(EventFiringWebDriver.java:404)
	at com.sun.proxy.$Proxy11.click(Unknown Source)
	at org.openqa.selenium.support.events.EventFiringWebDriver$EventFiringWebElement.click(EventFiringWebDriver.java:417)
	at org.openqa.selenium.WebElement$click$0.call(Unknown Source)
	at com.kms.katalon.core.webui.keyword.builtin.ClickKeyword.clickUntilSuccessWithTimeout(ClickKeyword.groovy:81)
	at com.kms.katalon.core.webui.keyword.builtin.ClickKeyword.clickUntilSuccessWithTimeout(ClickKeyword.groovy)
	at com.kms.katalon.core.webui.keyword.builtin.ClickKeyword$_click_closure1.doCall(ClickKeyword.groovy:67)
	at com.kms.katalon.core.webui.keyword.builtin.ClickKeyword$_click_closure1.call(ClickKeyword.groovy)
	at com.kms.katalon.core.webui.keyword.internal.WebUIKeywordMain.runKeyword(WebUIKeywordMain.groovy:20)
	... 35 more
"/>
         <system-out><![CDATA[2023-03-09 14:03:20 - [TEST_CASE][FAILED] - Test Cases/1.2-Tareas_Secundarias/A.2-Pruebas_planta_personal/12.2.5-Crear_descripción_del_cargo_(Puesto_Trabajo_Múltiple): Test Cases/1.2-Tareas_Secundarias/A.2-Pruebas_planta_personal/12.2.5-Crear_descripción_del_cargo_(Puesto_Trabajo_Múltiple) FAILED.
Reason:
com.kms.katalon.core.exception.StepFailedException: Call Test Case 'Test Cases/1.2-Tareas_Secundarias/A.2-Pruebas_planta_personal/12.2.3-Crear_descripción_del_cargo_(PUESTO_TRABAJO_MULTIPLE)' failed
	at com.kms.katalon.core.keyword.builtin.CallTestCaseKeyword$_callTestCase_closure1.doCall(CallTestCaseKeyword.groovy:63)
	at com.kms.katalon.core.keyword.builtin.CallTestCaseKeyword$_callTestCase_closure1.call(CallTestCaseKeyword.groovy)
	at com.kms.katalon.core.keyword.internal.KeywordMain.runKeyword(KeywordMain.groovy:74)
	at com.kms.katalon.core.keyword.builtin.CallTestCaseKeyword.callTestCase(CallTestCaseKeyword.groovy:81)
	at com.kms.katalon.core.keyword.builtin.CallTestCaseKeyword.execute(CallTestCaseKeyword.groovy:44)
	at com.kms.katalon.core.keyword.internal.KeywordExecutor.executeKeywordForPlatform(KeywordExecutor.groovy:74)
	at com.kms.katalon.core.keyword.BuiltinKeywords.callTestCase(BuiltinKeywords.groovy:334)
	at 12.2.5-Crear_descripción_del_cargo_(Puesto_Trabajo_Múltiple).run(12.2.5-Crear_descripción_del_cargo_(Puesto_Trabajo_Múltiple):20)
	at com.kms.katalon.core.main.ScriptEngine.run(ScriptEngine.java:194)
	at com.kms.katalon.core.main.ScriptEngine.runScriptAsRawText(ScriptEngine.java:119)
	at com.kms.katalon.core.main.TestCaseExecutor.runScript(TestCaseExecutor.java:448)
	at com.kms.katalon.core.main.TestCaseExecutor.doExecute(TestCaseExecutor.java:439)
	at com.kms.katalon.core.main.TestCaseExecutor.processExecutionPhase(TestCaseExecutor.java:418)
	at com.kms.katalon.core.main.TestCaseExecutor.accessMainPhase(TestCaseExecutor.java:410)
	at com.kms.katalon.core.main.TestCaseExecutor.execute(TestCaseExecutor.java:285)
	at com.kms.katalon.core.common.CommonExecutor.accessTestCaseMainPhase(CommonExecutor.java:65)
	at com.kms.katalon.core.main.TestSuiteExecutor.accessTestSuiteMainPhase(TestSuiteExecutor.java:151)
	at com.kms.katalon.core.main.TestSuiteExecutor.execute(TestSuiteExecutor.java:106)
	at com.kms.katalon.core.main.TestCaseMain.startTestSuite(TestCaseMain.java:185)
	at com.kms.katalon.core.main.TestCaseMain$startTestSuite$0.call(Unknown Source)
	at TempTestSuite1678383366099.run(TempTestSuite1678383366099.groovy:36)
Caused by: com.kms.katalon.core.exception.StepFailedException: Unable to click on object 'Object Repository/2-OBJECTS TAREAS SECUNDARIAS/Pruebas planta personal/Crear_descripción_del_cargo(Puesto_trabajo_multiple)/a_Guardar'
	at com.kms.katalon.core.webui.keyword.internal.WebUIKeywordMain.stepFailed(WebUIKeywordMain.groovy:64)
	at com.kms.katalon.core.webui.keyword.internal.WebUIKeywordMain.runKeyword(WebUIKeywordMain.groovy:26)
	at com.kms.katalon.core.webui.keyword.builtin.ClickKeyword.click(ClickKeyword.groovy:74)
	at com.kms.katalon.core.webui.keyword.builtin.ClickKeyword.execute(ClickKeyword.groovy:40)
	at com.kms.katalon.core.keyword.internal.KeywordExecutor.executeKeywordForPlatform(KeywordExecutor.groovy:74)
	at com.kms.katalon.core.webui.keyword.WebUiBuiltInKeywords.click(WebUiBuiltInKeywords.groovy:620)
	at com.kms.katalon.core.webui.keyword.WebUiBuiltInKeywords$click$9.call(Unknown Source)
	at 12.2.3-Crear_descripción_del_cargo_(PUESTO_TRABAJO_MULTIPLE).run(12.2.3-Crear_descripción_del_cargo_(PUESTO_TRABAJO_MULTIPLE):60)
	at com.kms.katalon.core.main.ScriptEngine.run(ScriptEngine.java:194)
	at com.kms.katalon.core.main.ScriptEngine.runScriptAsRawText(ScriptEngine.java:119)
	at com.kms.katalon.core.main.TestCaseExecutor.runScript(TestCaseExecutor.java:448)
	at com.kms.katalon.core.main.TestCaseExecutor.doExecute(TestCaseExecutor.java:439)
	at com.kms.katalon.core.main.TestCaseExecutor.processExecutionPhase(TestCaseExecutor.java:418)
	at com.kms.katalon.core.main.TestCaseExecutor.accessMainPhase(TestCaseExecutor.java:410)
	at com.kms.katalon.core.main.TestCaseExecutor.execute(TestCaseExecutor.java:285)
	at com.kms.katalon.core.main.TestCaseMain.runTestCase(TestCaseMain.java:142)
	at com.kms.katalon.core.keyword.builtin.CallTestCaseKeyword$_callTestCase_closure1.doCall(CallTestCaseKeyword.groovy:59)
	... 20 more
Caused by: org.openqa.selenium.ElementClickInterceptedException: element click intercepted: Element <a id="descripcionCargo_form:j_idt798" href="#" class="ui-commandlink ui-widget us-boton btn-guardar" onclick="PrimeFaces.ab({s:&quot;descripcionCargo_form:j_idt798&quot;,f:&quot;descripcionCargo_form&quot;,u:&quot;areaAplicacion&quot;});return false;">...</a> is not clickable at point (367, 565). Other element would receive the click: <div id="popupErrorDialog:dialog_popupFoto_modal" class="ui-widget-overlay ui-dialog-mask" style="z-index: 1025;"></div>
  (Session info: chrome=110.0.5481.178)
Build info: version: '3.141.59', revision: 'e82be7d358', time: '2018-11-14T08:25:53'
System info: host: 'US-AF-000371', ip: '192.168.56.1', os.name: 'Windows 10', os.arch: 'amd64', os.version: '10.0', java.version: '1.8.0_282'
Driver info: com.kms.katalon.selenium.driver.CChromeDriver
Capabilities {acceptInsecureCerts: false, browserName: chrome, browserVersion: 110.0.5481.178, chrome: {chromedriverVersion: 109.0.5414.74 (e7c5703604da..., userDataDir: C:\Users\DIEGO~1.ROJ\AppDat...}, goog:chromeOptions: {debuggerAddress: localhost:51569}, javascriptEnabled: true, networkConnectionEnabled: false, pageLoadStrategy: normal, platform: WINDOWS, platformName: WINDOWS, proxy: Proxy(), setWindowRect: true, strictFileInteractability: false, timeouts: {implicit: 0, pageLoad: 300000, script: 30000}, unhandledPromptBehavior: dismiss and notify, webauthn:extension:credBlob: true, webauthn:extension:largeBlob: true, webauthn:virtualAuthenticators: true}
Session ID: c23de8041c61d711014c1fb2a11327a2
	at org.openqa.selenium.remote.http.W3CHttpResponseCodec.createException(W3CHttpResponseCodec.java:187)
	at org.openqa.selenium.remote.http.W3CHttpResponseCodec.decode(W3CHttpResponseCodec.java:122)
	at org.openqa.selenium.remote.http.W3CHttpResponseCodec.decode(W3CHttpResponseCodec.java:49)
	at org.openqa.selenium.remote.HttpCommandExecutor.execute(HttpCommandExecutor.java:158)
	at org.openqa.selenium.remote.service.DriverCommandExecutor.execute(DriverCommandExecutor.java:83)
	at org.openqa.selenium.remote.RemoteWebDriver.execute(RemoteWebDriver.java:552)
	at com.kms.katalon.selenium.driver.CChromeDriver.execute(CChromeDriver.java:19)
	at org.openqa.selenium.remote.RemoteWebElement.execute(RemoteWebElement.java:285)
	at org.openqa.selenium.remote.RemoteWebElement.click(RemoteWebElement.java:84)
	at org.openqa.selenium.support.events.EventFiringWebDriver$EventFiringWebElement.lambda$new$0(EventFiringWebDriver.java:404)
	at com.sun.proxy.$Proxy11.click(Unknown Source)
	at org.openqa.selenium.support.events.EventFiringWebDriver$EventFiringWebElement.click(EventFiringWebDriver.java:417)
	at org.openqa.selenium.WebElement$click$0.call(Unknown Source)
	at com.kms.katalon.core.webui.keyword.builtin.ClickKeyword.clickUntilSuccessWithTimeout(ClickKeyword.groovy:81)
	at com.kms.katalon.core.webui.keyword.builtin.ClickKeyword.clickUntilSuccessWithTimeout(ClickKeyword.groovy)
	at com.kms.katalon.core.webui.keyword.builtin.ClickKeyword$_click_closure1.doCall(ClickKeyword.groovy:67)
	at com.kms.katalon.core.webui.keyword.builtin.ClickKeyword$_click_closure1.call(ClickKeyword.groovy)
	at com.kms.katalon.core.webui.keyword.internal.WebUIKeywordMain.runKeyword(WebUIKeywordMain.groovy:20)
	... 35 more


2023-03-09 14:03:20 - [TEST_STEP][FAILED] - callTestCase(findTestCase("1.2-Tareas_Secundarias/A.2-Pruebas_planta_personal/12.2.3-Crear_descripción_del_cargo_(PUESTO_TRABAJO_MULTIPLE)"), [:], STOP_ON_FAILURE): Unable to call Test Case 'Test Cases/1.2-Tareas_Secundarias/A.2-Pruebas_planta_personal/12.2.3-Crear_descripción_del_cargo_(PUESTO_TRABAJO_MULTIPLE)' (Root cause: com.kms.katalon.core.exception.StepFailedException: Call Test Case 'Test Cases/1.2-Tareas_Secundarias/A.2-Pruebas_planta_personal/12.2.3-Crear_descripción_del_cargo_(PUESTO_TRABAJO_MULTIPLE)' failed
	at com.kms.katalon.core.keyword.builtin.CallTestCaseKeyword$_callTestCase_closure1.doCall(CallTestCaseKeyword.groovy:63)
	at com.kms.katalon.core.keyword.builtin.CallTestCaseKeyword$_callTestCase_closure1.call(CallTestCaseKeyword.groovy)
	at com.kms.katalon.core.keyword.internal.KeywordMain.runKeyword(KeywordMain.groovy:74)
	at com.kms.katalon.core.keyword.builtin.CallTestCaseKeyword.callTestCase(CallTestCaseKeyword.groovy:81)
	at com.kms.katalon.core.keyword.builtin.CallTestCaseKeyword.execute(CallTestCaseKeyword.groovy:44)
	at com.kms.katalon.core.keyword.internal.KeywordExecutor.executeKeywordForPlatform(KeywordExecutor.groovy:74)
	at com.kms.katalon.core.keyword.BuiltinKeywords.callTestCase(BuiltinKeywords.groovy:334)
	at 12.2.5-Crear_descripción_del_cargo_(Puesto_Trabajo_Múltiple).run(12.2.5-Crear_descripción_del_cargo_(Puesto_Trabajo_Múltiple):20)
	at com.kms.katalon.core.main.ScriptEngine.run(ScriptEngine.java:194)
	at com.kms.katalon.core.main.ScriptEngine.runScriptAsRawText(ScriptEngine.java:119)
	at com.kms.katalon.core.main.TestCaseExecutor.runScript(TestCaseExecutor.java:448)
	at com.kms.katalon.core.main.TestCaseExecutor.doExecute(TestCaseExecutor.java:439)
	at com.kms.katalon.core.main.TestCaseExecutor.processExecutionPhase(TestCaseExecutor.java:418)
	at com.kms.katalon.core.main.TestCaseExecutor.accessMainPhase(TestCaseExecutor.java:410)
	at com.kms.katalon.core.main.TestCaseExecutor.execute(TestCaseExecutor.java:285)
	at com.kms.katalon.core.common.CommonExecutor.accessTestCaseMainPhase(CommonExecutor.java:65)
	at com.kms.katalon.core.main.TestSuiteExecutor.accessTestSuiteMainPhase(TestSuiteExecutor.java:151)
	at com.kms.katalon.core.main.TestSuiteExecutor.execute(TestSuiteExecutor.java:106)
	at com.kms.katalon.core.main.TestCaseMain.startTestSuite(TestCaseMain.java:185)
	at com.kms.katalon.core.main.TestCaseMain$startTestSuite$0.call(Unknown Source)
	at TempTestSuite1678383366099.run(TempTestSuite1678383366099.groovy:36)
Caused by: com.kms.katalon.core.exception.StepFailedException: Unable to click on object 'Object Repository/2-OBJECTS TAREAS SECUNDARIAS/Pruebas planta personal/Crear_descripción_del_cargo(Puesto_trabajo_multiple)/a_Guardar'
	at com.kms.katalon.core.webui.keyword.internal.WebUIKeywordMain.stepFailed(WebUIKeywordMain.groovy:64)
	at com.kms.katalon.core.webui.keyword.internal.WebUIKeywordMain.runKeyword(WebUIKeywordMain.groovy:26)
	at com.kms.katalon.core.webui.keyword.builtin.ClickKeyword.click(ClickKeyword.groovy:74)
	at com.kms.katalon.core.webui.keyword.builtin.ClickKeyword.execute(ClickKeyword.groovy:40)
	at com.kms.katalon.core.keyword.internal.KeywordExecutor.executeKeywordForPlatform(KeywordExecutor.groovy:74)
	at com.kms.katalon.core.webui.keyword.WebUiBuiltInKeywords.click(WebUiBuiltInKeywords.groovy:620)
	at com.kms.katalon.core.webui.keyword.WebUiBuiltInKeywords$click$9.call(Unknown Source)
	at 12.2.3-Crear_descripción_del_cargo_(PUESTO_TRABAJO_MULTIPLE).run(12.2.3-Crear_descripción_del_cargo_(PUESTO_TRABAJO_MULTIPLE):60)
	at com.kms.katalon.core.main.ScriptEngine.run(ScriptEngine.java:194)
	at com.kms.katalon.core.main.ScriptEngine.runScriptAsRawText(ScriptEngine.java:119)
	at com.kms.katalon.core.main.TestCaseExecutor.runScript(TestCaseExecutor.java:448)
	at com.kms.katalon.core.main.TestCaseExecutor.doExecute(TestCaseExecutor.java:439)
	at com.kms.katalon.core.main.TestCaseExecutor.processExecutionPhase(TestCaseExecutor.java:418)
	at com.kms.katalon.core.main.TestCaseExecutor.accessMainPhase(TestCaseExecutor.java:410)
	at com.kms.katalon.core.main.TestCaseExecutor.execute(TestCaseExecutor.java:285)
	at com.kms.katalon.core.main.TestCaseMain.runTestCase(TestCaseMain.java:142)
	at com.kms.katalon.core.keyword.builtin.CallTestCaseKeyword$_callTestCase_closure1.doCall(CallTestCaseKeyword.groovy:59)
	... 20 more
Caused by: org.openqa.selenium.ElementClickInterceptedException: element click intercepted: Element <a id="descripcionCargo_form:j_idt798" href="#" class="ui-commandlink ui-widget us-boton btn-guardar" onclick="PrimeFaces.ab({s:&quot;descripcionCargo_form:j_idt798&quot;,f:&quot;descripcionCargo_form&quot;,u:&quot;areaAplicacion&quot;});return false;">...</a> is not clickable at point (367, 565). Other element would receive the click: <div id="popupErrorDialog:dialog_popupFoto_modal" class="ui-widget-overlay ui-dialog-mask" style="z-index: 1025;"></div>
  (Session info: chrome=110.0.5481.178)
Build info: version: '3.141.59', revision: 'e82be7d358', time: '2018-11-14T08:25:53'
System info: host: 'US-AF-000371', ip: '192.168.56.1', os.name: 'Windows 10', os.arch: 'amd64', os.version: '10.0', java.version: '1.8.0_282'
Driver info: com.kms.katalon.selenium.driver.CChromeDriver
Capabilities {acceptInsecureCerts: false, browserName: chrome, browserVersion: 110.0.5481.178, chrome: {chromedriverVersion: 109.0.5414.74 (e7c5703604da..., userDataDir: C:\Users\DIEGO~1.ROJ\AppDat...}, goog:chromeOptions: {debuggerAddress: localhost:51569}, javascriptEnabled: true, networkConnectionEnabled: false, pageLoadStrategy: normal, platform: WINDOWS, platformName: WINDOWS, proxy: Proxy(), setWindowRect: true, strictFileInteractability: false, timeouts: {implicit: 0, pageLoad: 300000, script: 30000}, unhandledPromptBehavior: dismiss and notify, webauthn:extension:credBlob: true, webauthn:extension:largeBlob: true, webauthn:virtualAuthenticators: true}
Session ID: c23de8041c61d711014c1fb2a11327a2
	at org.openqa.selenium.remote.http.W3CHttpResponseCodec.createException(W3CHttpResponseCodec.java:187)
	at org.openqa.selenium.remote.http.W3CHttpResponseCodec.decode(W3CHttpResponseCodec.java:122)
	at org.openqa.selenium.remote.http.W3CHttpResponseCodec.decode(W3CHttpResponseCodec.java:49)
	at org.openqa.selenium.remote.HttpCommandExecutor.execute(HttpCommandExecutor.java:158)
	at org.openqa.selenium.remote.service.DriverCommandExecutor.execute(DriverCommandExecutor.java:83)
	at org.openqa.selenium.remote.RemoteWebDriver.execute(RemoteWebDriver.java:552)
	at com.kms.katalon.selenium.driver.CChromeDriver.execute(CChromeDriver.java:19)
	at org.openqa.selenium.remote.RemoteWebElement.execute(RemoteWebElement.java:285)
	at org.openqa.selenium.remote.RemoteWebElement.click(RemoteWebElement.java:84)
	at org.openqa.selenium.support.events.EventFiringWebDriver$EventFiringWebElement.lambda$new$0(EventFiringWebDriver.java:404)
	at com.sun.proxy.$Proxy11.click(Unknown Source)
	at org.openqa.selenium.support.events.EventFiringWebDriver$EventFiringWebElement.click(EventFiringWebDriver.java:417)
	at org.openqa.selenium.WebElement$click$0.call(Unknown Source)
	at com.kms.katalon.core.webui.keyword.builtin.ClickKeyword.clickUntilSuccessWithTimeout(ClickKeyword.groovy:81)
	at com.kms.katalon.core.webui.keyword.builtin.ClickKeyword.clickUntilSuccessWithTimeout(ClickKeyword.groovy)
	at com.kms.katalon.core.webui.keyword.builtin.ClickKeyword$_click_closure1.doCall(ClickKeyword.groovy:67)
	at com.kms.katalon.core.webui.keyword.builtin.ClickKeyword$_click_closure1.call(ClickKeyword.groovy)
	at com.kms.katalon.core.webui.keyword.internal.WebUIKeywordMain.runKeyword(WebUIKeywordMain.groovy:20)
	... 35 more
)

2023-03-09 14:03:20 - [TEST_CASE][FAILED] - Test Cases/1.2-Tareas_Secundarias/A.2-Pruebas_planta_personal/12.2.3-Crear_descripción_del_cargo_(PUESTO_TRABAJO_MULTIPLE): Test Cases/1.2-Tareas_Secundarias/A.2-Pruebas_planta_personal/12.2.3-Crear_descripción_del_cargo_(PUESTO_TRABAJO_MULTIPLE) FAILED.
Reason:
com.kms.katalon.core.exception.StepFailedException: Unable to click on object 'Object Repository/2-OBJECTS TAREAS SECUNDARIAS/Pruebas planta personal/Crear_descripción_del_cargo(Puesto_trabajo_multiple)/a_Guardar'
	at com.kms.katalon.core.webui.keyword.internal.WebUIKeywordMain.stepFailed(WebUIKeywordMain.groovy:64)
	at com.kms.katalon.core.webui.keyword.internal.WebUIKeywordMain.runKeyword(WebUIKeywordMain.groovy:26)
	at com.kms.katalon.core.webui.keyword.builtin.ClickKeyword.click(ClickKeyword.groovy:74)
	at com.kms.katalon.core.webui.keyword.builtin.ClickKeyword.execute(ClickKeyword.groovy:40)
	at com.kms.katalon.core.keyword.internal.KeywordExecutor.executeKeywordForPlatform(KeywordExecutor.groovy:74)
	at com.kms.katalon.core.webui.keyword.WebUiBuiltInKeywords.click(WebUiBuiltInKeywords.groovy:620)
	at com.kms.katalon.core.webui.keyword.WebUiBuiltInKeywords$click$9.call(Unknown Source)
	at 12.2.3-Crear_descripción_del_cargo_(PUESTO_TRABAJO_MULTIPLE).run(12.2.3-Crear_descripción_del_cargo_(PUESTO_TRABAJO_MULTIPLE):60)
	at com.kms.katalon.core.main.ScriptEngine.run(ScriptEngine.java:194)
	at com.kms.katalon.core.main.ScriptEngine.runScriptAsRawText(ScriptEngine.java:119)
	at com.kms.katalon.core.main.TestCaseExecutor.runScript(TestCaseExecutor.java:448)
	at com.kms.katalon.core.main.TestCaseExecutor.doExecute(TestCaseExecutor.java:439)
	at com.kms.katalon.core.main.TestCaseExecutor.processExecutionPhase(TestCaseExecutor.java:418)
	at com.kms.katalon.core.main.TestCaseExecutor.accessMainPhase(TestCaseExecutor.java:410)
	at com.kms.katalon.core.main.TestCaseExecutor.execute(TestCaseExecutor.java:285)
	at com.kms.katalon.core.main.TestCaseMain.runTestCase(TestCaseMain.java:142)
	at com.kms.katalon.core.keyword.builtin.CallTestCaseKeyword$_callTestCase_closure1.doCall(CallTestCaseKeyword.groovy:59)
	at com.kms.katalon.core.keyword.builtin.CallTestCaseKeyword$_callTestCase_closure1.call(CallTestCaseKeyword.groovy)
	at com.kms.katalon.core.keyword.internal.KeywordMain.runKeyword(KeywordMain.groovy:74)
	at com.kms.katalon.core.keyword.builtin.CallTestCaseKeyword.callTestCase(CallTestCaseKeyword.groovy:81)
	at com.kms.katalon.core.keyword.builtin.CallTestCaseKeyword.execute(CallTestCaseKeyword.groovy:44)
	at com.kms.katalon.core.keyword.internal.KeywordExecutor.executeKeywordForPlatform(KeywordExecutor.groovy:74)
	at com.kms.katalon.core.keyword.BuiltinKeywords.callTestCase(BuiltinKeywords.groovy:334)
	at 12.2.5-Crear_descripción_del_cargo_(Puesto_Trabajo_Múltiple).run(12.2.5-Crear_descripción_del_cargo_(Puesto_Trabajo_Múltiple):20)
	at com.kms.katalon.core.main.ScriptEngine.run(ScriptEngine.java:194)
	at com.kms.katalon.core.main.ScriptEngine.runScriptAsRawText(ScriptEngine.java:119)
	at com.kms.katalon.core.main.TestCaseExecutor.runScript(TestCaseExecutor.java:448)
	at com.kms.katalon.core.main.TestCaseExecutor.doExecute(TestCaseExecutor.java:439)
	at com.kms.katalon.core.main.TestCaseExecutor.processExecutionPhase(TestCaseExecutor.java:418)
	at com.kms.katalon.core.main.TestCaseExecutor.accessMainPhase(TestCaseExecutor.java:410)
	at com.kms.katalon.core.main.TestCaseExecutor.execute(TestCaseExecutor.java:285)
	at com.kms.katalon.core.common.CommonExecutor.accessTestCaseMainPhase(CommonExecutor.java:65)
	at com.kms.katalon.core.main.TestSuiteExecutor.accessTestSuiteMainPhase(TestSuiteExecutor.java:151)
	at com.kms.katalon.core.main.TestSuiteExecutor.execute(TestSuiteExecutor.java:106)
	at com.kms.katalon.core.main.TestCaseMain.startTestSuite(TestCaseMain.java:185)
	at com.kms.katalon.core.main.TestCaseMain$startTestSuite$0.call(Unknown Source)
	at TempTestSuite1678383366099.run(TempTestSuite1678383366099.groovy:36)
Caused by: org.openqa.selenium.ElementClickInterceptedException: element click intercepted: Element <a id="descripcionCargo_form:j_idt798" href="#" class="ui-commandlink ui-widget us-boton btn-guardar" onclick="PrimeFaces.ab({s:&quot;descripcionCargo_form:j_idt798&quot;,f:&quot;descripcionCargo_form&quot;,u:&quot;areaAplicacion&quot;});return false;">...</a> is not clickable at point (367, 565). Other element would receive the click: <div id="popupErrorDialog:dialog_popupFoto_modal" class="ui-widget-overlay ui-dialog-mask" style="z-index: 1025;"></div>
  (Session info: chrome=110.0.5481.178)
Build info: version: '3.141.59', revision: 'e82be7d358', time: '2018-11-14T08:25:53'
System info: host: 'US-AF-000371', ip: '192.168.56.1', os.name: 'Windows 10', os.arch: 'amd64', os.version: '10.0', java.version: '1.8.0_282'
Driver info: com.kms.katalon.selenium.driver.CChromeDriver
Capabilities {acceptInsecureCerts: false, browserName: chrome, browserVersion: 110.0.5481.178, chrome: {chromedriverVersion: 109.0.5414.74 (e7c5703604da..., userDataDir: C:\Users\DIEGO~1.ROJ\AppDat...}, goog:chromeOptions: {debuggerAddress: localhost:51569}, javascriptEnabled: true, networkConnectionEnabled: false, pageLoadStrategy: normal, platform: WINDOWS, platformName: WINDOWS, proxy: Proxy(), setWindowRect: true, strictFileInteractability: false, timeouts: {implicit: 0, pageLoad: 300000, script: 30000}, unhandledPromptBehavior: dismiss and notify, webauthn:extension:credBlob: true, webauthn:extension:largeBlob: true, webauthn:virtualAuthenticators: true}
Session ID: c23de8041c61d711014c1fb2a11327a2
	at org.openqa.selenium.remote.http.W3CHttpResponseCodec.createException(W3CHttpResponseCodec.java:187)
	at org.openqa.selenium.remote.http.W3CHttpResponseCodec.decode(W3CHttpResponseCodec.java:122)
	at org.openqa.selenium.remote.http.W3CHttpResponseCodec.decode(W3CHttpResponseCodec.java:49)
	at org.openqa.selenium.remote.HttpCommandExecutor.execute(HttpCommandExecutor.java:158)
	at org.openqa.selenium.remote.service.DriverCommandExecutor.execute(DriverCommandExecutor.java:83)
	at org.openqa.selenium.remote.RemoteWebDriver.execute(RemoteWebDriver.java:552)
	at com.kms.katalon.selenium.driver.CChromeDriver.execute(CChromeDriver.java:19)
	at org.openqa.selenium.remote.RemoteWebElement.execute(RemoteWebElement.java:285)
	at org.openqa.selenium.remote.RemoteWebElement.click(RemoteWebElement.java:84)
	at org.openqa.selenium.support.events.EventFiringWebDriver$EventFiringWebElement.lambda$new$0(EventFiringWebDriver.java:404)
	at com.sun.proxy.$Proxy11.click(Unknown Source)
	at org.openqa.selenium.support.events.EventFiringWebDriver$EventFiringWebElement.click(EventFiringWebDriver.java:417)
	at org.openqa.selenium.WebElement$click$0.call(Unknown Source)
	at com.kms.katalon.core.webui.keyword.builtin.ClickKeyword.clickUntilSuccessWithTimeout(ClickKeyword.groovy:81)
	at com.kms.katalon.core.webui.keyword.builtin.ClickKeyword.clickUntilSuccessWithTimeout(ClickKeyword.groovy)
	at com.kms.katalon.core.webui.keyword.builtin.ClickKeyword$_click_closure1.doCall(ClickKeyword.groovy:67)
	at com.kms.katalon.core.webui.keyword.builtin.ClickKeyword$_click_closure1.call(ClickKeyword.groovy)
	at com.kms.katalon.core.webui.keyword.internal.WebUIKeywordMain.runKeyword(WebUIKeywordMain.groovy:20)
	... 35 more


2023-03-09 14:03:20 - [TEST_STEP][PASSED] - callTestCase(findTestCase("0.1-Login"), [:], STOP_ON_FAILURE): Call Test Case 'Test Cases/0.1-Login' successfully

2023-03-09 14:03:20 - [TEST_CASE][PASSED] - Test Cases/0.1-Login: Test Cases/0.1-Login

2023-03-09 14:03:20 - [TEST_STEP][PASSED] - openBrowser(""): Browser is opened with url: ''

2023-03-09 14:03:20 - [MESSAGE][WARNING] - A browser is already opened. Closing browser and opening a new one

2023-03-09 14:03:21 - [MESSAGE][INFO] - Starting 'Chrome' driver

2023-03-09 14:03:21 - [MESSAGE][INFO] - Action delay is set to 0 milliseconds

2023-03-09 14:03:22 - [MESSAGE][PASSED] - Browser is opened with url: ''

2023-03-09 14:03:22 - [TEST_STEP][PASSED] - maximizeWindow(): Current window maximized

2023-03-09 14:03:23 - [MESSAGE][PASSED] - Current window maximized

2023-03-09 14:03:23 - [TEST_STEP][PASSED] - i = G_Login: null

2023-03-09 14:03:23 - [TEST_STEP][PASSED] - url = new java.net.URL(i): null

2023-03-09 14:03:23 - [TEST_STEP][PASSED] - println("URL: " + url.toString()): null

2023-03-09 14:03:23 - [TEST_STEP][PASSED] - connection = url.openConnection(): null

2023-03-09 14:03:23 - [TEST_STEP][PASSED] - connection.setRequestMethod("GET"): null

2023-03-09 14:03:23 - [TEST_STEP][PASSED] - connection.setReadTimeout(2 * 1000): null

2023-03-09 14:03:23 - [TEST_STEP][PASSED] - try: null

2023-03-09 14:03:23 - [TEST_STEP][PASSED] - connection.connect(): null

2023-03-09 14:03:23 - [TEST_STEP][PASSED] - flag = connected: null

2023-03-09 14:03:23 - [TEST_STEP][PASSED] - println("Valor_ori: " + flag): null

2023-03-09 14:03:23 - [TEST_STEP][PASSED] - if (flag): null

2023-03-09 14:03:23 - [TEST_STEP][PASSED] - navigateToUrl(i): Navigate to 'http://192.168.2.19:7001/saraweb' successfully

2023-03-09 14:03:24 - [MESSAGE][PASSED] - Navigate to 'http://192.168.2.19:7001/saraweb' successfully

2023-03-09 14:03:24 - [TEST_STEP][PASSED] - a(): null

2023-03-09 14:03:24 - [TEST_STEP][PASSED] - if (waitForElementVisible(findTestObject("3-OBJECTS UTILIDADES/Login/input_USUARIO_loginusuario"), 0)): null

2023-03-09 14:03:24 - [MESSAGE][WARNING] - Timeout '0' is invalid. Using default page load timeout: '37'

2023-03-09 14:03:24 - [MESSAGE][PASSED] - Object 'Object Repository/3-OBJECTS UTILIDADES/Login/input_USUARIO_loginusuario' is visible

2023-03-09 14:03:24 - [TEST_STEP][PASSED] - switchToWindowTitle("SARA"): Switched to window with title: 'SARA'

2023-03-09 14:03:25 - [MESSAGE][PASSED] - Switched to window with title: 'SARA'

2023-03-09 14:03:25 - [TEST_STEP][PASSED] - zoom(): null

2023-03-09 14:03:25 - [TEST_STEP][PASSED] - robot = new java.awt.Robot(): null

2023-03-09 14:03:25 - [TEST_STEP][PASSED] - robot.keyPress(VK_CONTROL): null

2023-03-09 14:03:25 - [TEST_STEP][PASSED] - robot.keyPress(VK_SUBTRACT): null

2023-03-09 14:03:25 - [TEST_STEP][PASSED] - robot.keyRelease(VK_CONTROL): null

2023-03-09 14:03:25 - [TEST_STEP][PASSED] - robot.keyRelease(VK_SUBTRACT): null

2023-03-09 14:03:25 - [TEST_STEP][PASSED] - robot.keyPress(VK_CONTROL): null

2023-03-09 14:03:25 - [TEST_STEP][PASSED] - robot.keyPress(VK_SUBTRACT): null

2023-03-09 14:03:25 - [TEST_STEP][PASSED] - robot.keyRelease(VK_CONTROL): null

2023-03-09 14:03:25 - [TEST_STEP][PASSED] - robot.keyRelease(VK_SUBTRACT): null

2023-03-09 14:03:25 - [TEST_STEP][PASSED] - robot.keyPress(VK_CONTROL): null

2023-03-09 14:03:25 - [TEST_STEP][PASSED] - robot.keyPress(VK_SUBTRACT): null

2023-03-09 14:03:25 - [TEST_STEP][PASSED] - robot.keyRelease(VK_CONTROL): null

2023-03-09 14:03:25 - [TEST_STEP][PASSED] - robot.keyRelease(VK_SUBTRACT): null

2023-03-09 14:03:25 - [TEST_STEP][PASSED] - robot.keyRelease(VK_CONTROL): null

2023-03-09 14:03:25 - [TEST_STEP][PASSED] - robot.keyRelease(VK_SUBTRACT): null

2023-03-09 14:03:25 - [TEST_STEP][PASSED] - setText(findTestObject("3-OBJECTS UTILIDADES/Login/input_USUARIO_loginusuario"), G_Usuario): Text 'weblogic' is set on object 'Object Repository/3-OBJECTS UTILIDADES/Login/input_USUARIO_loginusuario'

2023-03-09 14:03:25 - [MESSAGE][PASSED] - Text 'weblogic' is set on object 'Object Repository/3-OBJECTS UTILIDADES/Login/input_USUARIO_loginusuario'

2023-03-09 14:03:25 - [TEST_STEP][PASSED] - setEncryptedText(findTestObject("3-OBJECTS UTILIDADES/Login/input_CLAVE_loginpassword"), "SlAwMcyRKqrwbnzhAs8HhT6NnI7sEyng"): Text ****** has been set on object 'Object Repository/3-OBJECTS UTILIDADES/Login/input_CLAVE_loginpassword'

2023-03-09 14:03:28 - [MESSAGE][PASSED] - Text ****** has been set on object 'Object Repository/3-OBJECTS UTILIDADES/Login/input_CLAVE_loginpassword'

2023-03-09 14:03:28 - [TEST_STEP][PASSED] - while (waitForElementClickable(findTestObject("3-OBJECTS UTILIDADES/Login/a_Ingresar"), 1)): Web element with id: 'Object Repository/3-OBJECTS UTILIDADES/Login/a_Ingresar' located by '//a[contains(text(),'Ingresar')]' not found

2023-03-09 14:03:31 - [MESSAGE][INFO] - Unable to find the element located by 'By.xpath: //a[contains(text(),'Ingresar')]'. Please recheck the objects properties to make sure the desired element is located. 

2023-03-09 14:03:31 - [MESSAGE][WARNING] - Web element with id: 'Object Repository/3-OBJECTS UTILIDADES/Login/a_Ingresar' located by '//a[contains(text(),'Ingresar')]' not found

2023-03-09 14:03:31 - [MESSAGE][PASSED] - Call Test Case 'Test Cases/0.1-Login' successfully

2023-03-09 14:03:31 - [TEST_STEP][PASSED] - setText(findTestObject("2-OBJECTS TAREAS SECUNDARIAS/Pruebas planta personal/Crear_descripción_del_cargo(Puesto_trabajo_multiple)/input_Empresa 1_form_templatej_idt24_input"), "Listado Descripcion Cargo (tal)"): Text 'Listado Descripcion Cargo (tal)' is set on object 'Object Repository/2-OBJECTS TAREAS SECUNDARIAS/Pruebas planta personal/Crear_descripción_del_cargo(Puesto_trabajo_multiple)/input_Empresa 1_form_templatej_idt24_input'

2023-03-09 14:03:31 - [MESSAGE][PASSED] - Text 'Listado Descripcion Cargo (tal)' is set on object 'Object Repository/2-OBJECTS TAREAS SECUNDARIAS/Pruebas planta personal/Crear_descripción_del_cargo(Puesto_trabajo_multiple)/input_Empresa 1_form_templatej_idt24_input'

2023-03-09 14:03:31 - [TEST_STEP][PASSED] - click(findTestObject("2-OBJECTS TAREAS SECUNDARIAS/Pruebas planta personal/Crear_descripción_del_cargo(Puesto_trabajo_multiple)/li_Listado Descripcion Cargo (tal)")): Object: 'Object Repository/2-OBJECTS TAREAS SECUNDARIAS/Pruebas planta personal/Crear_descripción_del_cargo(Puesto_trabajo_multiple)/li_Listado Descripcion Cargo (tal)' is clicked on

2023-03-09 14:03:33 - [MESSAGE][PASSED] - Object: 'Object Repository/2-OBJECTS TAREAS SECUNDARIAS/Pruebas planta personal/Crear_descripción_del_cargo(Puesto_trabajo_multiple)/li_Listado Descripcion Cargo (tal)' is clicked on

2023-03-09 14:03:33 - [TEST_STEP][PASSED] - click(findTestObject("2-OBJECTS TAREAS SECUNDARIAS/Pruebas planta personal/Crear_descripción_del_cargo(Puesto_trabajo_multiple)/a_Nuevo")): Object: 'Object Repository/2-OBJECTS TAREAS SECUNDARIAS/Pruebas planta personal/Crear_descripción_del_cargo(Puesto_trabajo_multiple)/a_Nuevo' is clicked on

2023-03-09 14:03:35 - [MESSAGE][PASSED] - Object: 'Object Repository/2-OBJECTS TAREAS SECUNDARIAS/Pruebas planta personal/Crear_descripción_del_cargo(Puesto_trabajo_multiple)/a_Nuevo' is clicked on

2023-03-09 14:03:35 - [TEST_STEP][PASSED] - click(findTestObject("2-OBJECTS TAREAS SECUNDARIAS/Pruebas planta personal/Crear_descripción_del_cargo(Puesto_trabajo_multiple)/a_Unidad Organizacional_form_listadoDescripcionCargoj_idt115")): Object: 'Object Repository/2-OBJECTS TAREAS SECUNDARIAS/Pruebas planta personal/Crear_descripción_del_cargo(Puesto_trabajo_multiple)/a_Unidad Organizacional_form_listadoDescripcionCargoj_idt115' is clicked on

2023-03-09 14:03:36 - [MESSAGE][PASSED] - Object: 'Object Repository/2-OBJECTS TAREAS SECUNDARIAS/Pruebas planta personal/Crear_descripción_del_cargo(Puesto_trabajo_multiple)/a_Unidad Organizacional_form_listadoDescripcionCargoj_idt115' is clicked on

2023-03-09 14:03:36 - [TEST_STEP][PASSED] - setText(findTestObject("2-OBJECTS TAREAS SECUNDARIAS/Pruebas planta personal/Crear_descripción_del_cargo(Puesto_trabajo_multiple)/input_Unidad_form_popupUnidadUsuarioj_idt612"), "ADMINISTRACION"): Text 'ADMINISTRACION' is set on object 'Object Repository/2-OBJECTS TAREAS SECUNDARIAS/Pruebas planta personal/Crear_descripción_del_cargo(Puesto_trabajo_multiple)/input_Unidad_form_popupUnidadUsuarioj_idt612'

2023-03-09 14:03:37 - [MESSAGE][PASSED] - Text 'ADMINISTRACION' is set on object 'Object Repository/2-OBJECTS TAREAS SECUNDARIAS/Pruebas planta personal/Crear_descripción_del_cargo(Puesto_trabajo_multiple)/input_Unidad_form_popupUnidadUsuarioj_idt612'

2023-03-09 14:03:37 - [TEST_STEP][PASSED] - sendKeys(findTestObject("2-OBJECTS TAREAS SECUNDARIAS/Pruebas planta personal/Crear_descripción_del_cargo(Puesto_trabajo_multiple)/input_Unidad_form_popupUnidadUsuarioj_idt612"), Keys.chord(ENTER)): Keys 'ENTER + ' sent to object: 'Object Repository/2-OBJECTS TAREAS SECUNDARIAS/Pruebas planta personal/Crear_descripción_del_cargo(Puesto_trabajo_multiple)/input_Unidad_form_popupUnidadUsuarioj_idt612'

2023-03-09 14:03:37 - [MESSAGE][PASSED] - Keys 'ENTER + ' sent to object: 'Object Repository/2-OBJECTS TAREAS SECUNDARIAS/Pruebas planta personal/Crear_descripción_del_cargo(Puesto_trabajo_multiple)/input_Unidad_form_popupUnidadUsuarioj_idt612'

2023-03-09 14:03:37 - [TEST_STEP][PASSED] - click(findTestObject("2-OBJECTS TAREAS SECUNDARIAS/Pruebas planta personal/Crear_descripción_del_cargo(Puesto_trabajo_multiple)/span_ADMINISTRACION")): Object: 'Object Repository/2-OBJECTS TAREAS SECUNDARIAS/Pruebas planta personal/Crear_descripción_del_cargo(Puesto_trabajo_multiple)/span_ADMINISTRACION' is clicked on

2023-03-09 14:03:38 - [MESSAGE][PASSED] - Object: 'Object Repository/2-OBJECTS TAREAS SECUNDARIAS/Pruebas planta personal/Crear_descripción_del_cargo(Puesto_trabajo_multiple)/span_ADMINISTRACION' is clicked on

2023-03-09 14:03:38 - [TEST_STEP][PASSED] - click(findTestObject("2-OBJECTS TAREAS SECUNDARIAS/Pruebas planta personal/Crear_descripción_del_cargo(Puesto_trabajo_multiple)/a_Cargo_form_listadoDescripcionCargoj_idt120")): Object: 'Object Repository/2-OBJECTS TAREAS SECUNDARIAS/Pruebas planta personal/Crear_descripción_del_cargo(Puesto_trabajo_multiple)/a_Cargo_form_listadoDescripcionCargoj_idt120' is clicked on

2023-03-09 14:03:39 - [MESSAGE][PASSED] - Object: 'Object Repository/2-OBJECTS TAREAS SECUNDARIAS/Pruebas planta personal/Crear_descripción_del_cargo(Puesto_trabajo_multiple)/a_Cargo_form_listadoDescripcionCargoj_idt120' is clicked on

2023-03-09 14:03:39 - [TEST_STEP][PASSED] - click(findTestObject("2-OBJECTS TAREAS SECUNDARIAS/Pruebas planta personal/Crear_descripción_del_cargo(Puesto_trabajo_multiple)/span_ABOGADO")): Object: 'Object Repository/2-OBJECTS TAREAS SECUNDARIAS/Pruebas planta personal/Crear_descripción_del_cargo(Puesto_trabajo_multiple)/span_ABOGADO' is clicked on

2023-03-09 14:03:40 - [MESSAGE][PASSED] - Object: 'Object Repository/2-OBJECTS TAREAS SECUNDARIAS/Pruebas planta personal/Crear_descripción_del_cargo(Puesto_trabajo_multiple)/span_ABOGADO' is clicked on

2023-03-09 14:03:40 - [TEST_STEP][PASSED] - click(findTestObject("2-OBJECTS TAREAS SECUNDARIAS/Pruebas planta personal/Crear_descripción_del_cargo(Puesto_trabajo_multiple)/span_20139    - Abogado")): Object: 'Object Repository/2-OBJECTS TAREAS SECUNDARIAS/Pruebas planta personal/Crear_descripción_del_cargo(Puesto_trabajo_multiple)/span_20139    - Abogado' is clicked on

2023-03-09 14:03:41 - [MESSAGE][PASSED] - Object: 'Object Repository/2-OBJECTS TAREAS SECUNDARIAS/Pruebas planta personal/Crear_descripción_del_cargo(Puesto_trabajo_multiple)/span_20139    - Abogado' is clicked on

2023-03-09 14:03:41 - [TEST_STEP][PASSED] - setText(findTestObject("2-OBJECTS TAREAS SECUNDARIAS/Pruebas planta personal/Crear_descripción_del_cargo(Puesto_trabajo_multiple)/input__descripcionCargo_formj_idt7270fecha_input"), "01/07/2021"): Text '01/07/2021' is set on object 'Object Repository/2-OBJECTS TAREAS SECUNDARIAS/Pruebas planta personal/Crear_descripción_del_cargo(Puesto_trabajo_multiple)/input__descripcionCargo_formj_idt7270fecha_input'

2023-03-09 14:03:43 - [MESSAGE][PASSED] - Text '01/07/2021' is set on object 'Object Repository/2-OBJECTS TAREAS SECUNDARIAS/Pruebas planta personal/Crear_descripción_del_cargo(Puesto_trabajo_multiple)/input__descripcionCargo_formj_idt7270fecha_input'

2023-03-09 14:03:43 - [TEST_STEP][PASSED] - setText(findTestObject("2-OBJECTS TAREAS SECUNDARIAS/Pruebas planta personal/Crear_descripción_del_cargo(Puesto_trabajo_multiple)/textarea__descripcionCargo_formj_idt7272idTexto5"), "pruebas katalon"): Text 'pruebas katalon' is set on object 'Object Repository/2-OBJECTS TAREAS SECUNDARIAS/Pruebas planta personal/Crear_descripción_del_cargo(Puesto_trabajo_multiple)/textarea__descripcionCargo_formj_idt7272idTexto5'

2023-03-09 14:03:44 - [MESSAGE][PASSED] - Text 'pruebas katalon' is set on object 'Object Repository/2-OBJECTS TAREAS SECUNDARIAS/Pruebas planta personal/Crear_descripción_del_cargo(Puesto_trabajo_multiple)/textarea__descripcionCargo_formj_idt7272idTexto5'

2023-03-09 14:03:44 - [TEST_STEP][PASSED] - setText(findTestObject("2-OBJECTS TAREAS SECUNDARIAS/Pruebas planta personal/Crear_descripción_del_cargo(Puesto_trabajo_multiple)/textarea__descripcionCargo_formj_idt7274idTexto5"), "pruebas katalon"): Text 'pruebas katalon' is set on object 'Object Repository/2-OBJECTS TAREAS SECUNDARIAS/Pruebas planta personal/Crear_descripción_del_cargo(Puesto_trabajo_multiple)/textarea__descripcionCargo_formj_idt7274idTexto5'

2023-03-09 14:03:44 - [MESSAGE][PASSED] - Text 'pruebas katalon' is set on object 'Object Repository/2-OBJECTS TAREAS SECUNDARIAS/Pruebas planta personal/Crear_descripción_del_cargo(Puesto_trabajo_multiple)/textarea__descripcionCargo_formj_idt7274idTexto5'

2023-03-09 14:03:44 - [TEST_STEP][PASSED] - setText(findTestObject("2-OBJECTS TAREAS SECUNDARIAS/Pruebas planta personal/Crear_descripción_del_cargo(Puesto_trabajo_multiple)/textarea__descripcionCargo_formj_idt7276idTexto5"), "pruebas katalon"): Text 'pruebas katalon' is set on object 'Object Repository/2-OBJECTS TAREAS SECUNDARIAS/Pruebas planta personal/Crear_descripción_del_cargo(Puesto_trabajo_multiple)/textarea__descripcionCargo_formj_idt7276idTexto5'

2023-03-09 14:03:45 - [MESSAGE][PASSED] - Text 'pruebas katalon' is set on object 'Object Repository/2-OBJECTS TAREAS SECUNDARIAS/Pruebas planta personal/Crear_descripción_del_cargo(Puesto_trabajo_multiple)/textarea__descripcionCargo_formj_idt7276idTexto5'

2023-03-09 14:03:45 - [TEST_STEP][PASSED] - setText(findTestObject("2-OBJECTS TAREAS SECUNDARIAS/Pruebas planta personal/Crear_descripción_del_cargo(Puesto_trabajo_multiple)/textarea__descripcionCargo_formj_idt7277idTexto5"), "pruebas katalon"): Text 'pruebas katalon' is set on object 'Object Repository/2-OBJECTS TAREAS SECUNDARIAS/Pruebas planta personal/Crear_descripción_del_cargo(Puesto_trabajo_multiple)/textarea__descripcionCargo_formj_idt7277idTexto5'

2023-03-09 14:03:46 - [MESSAGE][PASSED] - Text 'pruebas katalon' is set on object 'Object Repository/2-OBJECTS TAREAS SECUNDARIAS/Pruebas planta personal/Crear_descripción_del_cargo(Puesto_trabajo_multiple)/textarea__descripcionCargo_formj_idt7277idTexto5'

2023-03-09 14:03:46 - [TEST_STEP][FAILED] - click(findTestObject("2-OBJECTS TAREAS SECUNDARIAS/Pruebas planta personal/Crear_descripción_del_cargo(Puesto_trabajo_multiple)/a_Guardar")): Unable to click on object 'Object Repository/2-OBJECTS TAREAS SECUNDARIAS/Pruebas planta personal/Crear_descripción_del_cargo(Puesto_trabajo_multiple)/a_Guardar' (Root cause: com.kms.katalon.core.exception.StepFailedException: Unable to click on object 'Object Repository/2-OBJECTS TAREAS SECUNDARIAS/Pruebas planta personal/Crear_descripción_del_cargo(Puesto_trabajo_multiple)/a_Guardar'
	at com.kms.katalon.core.webui.keyword.internal.WebUIKeywordMain.stepFailed(WebUIKeywordMain.groovy:64)
	at com.kms.katalon.core.webui.keyword.internal.WebUIKeywordMain.runKeyword(WebUIKeywordMain.groovy:26)
	at com.kms.katalon.core.webui.keyword.builtin.ClickKeyword.click(ClickKeyword.groovy:74)
	at com.kms.katalon.core.webui.keyword.builtin.ClickKeyword.execute(ClickKeyword.groovy:40)
	at com.kms.katalon.core.keyword.internal.KeywordExecutor.executeKeywordForPlatform(KeywordExecutor.groovy:74)
	at com.kms.katalon.core.webui.keyword.WebUiBuiltInKeywords.click(WebUiBuiltInKeywords.groovy:620)
	at com.kms.katalon.core.webui.keyword.WebUiBuiltInKeywords$click$9.call(Unknown Source)
	at 12.2.3-Crear_descripción_del_cargo_(PUESTO_TRABAJO_MULTIPLE).run(12.2.3-Crear_descripción_del_cargo_(PUESTO_TRABAJO_MULTIPLE):60)
	at com.kms.katalon.core.main.ScriptEngine.run(ScriptEngine.java:194)
	at com.kms.katalon.core.main.ScriptEngine.runScriptAsRawText(ScriptEngine.java:119)
	at com.kms.katalon.core.main.TestCaseExecutor.runScript(TestCaseExecutor.java:448)
	at com.kms.katalon.core.main.TestCaseExecutor.doExecute(TestCaseExecutor.java:439)
	at com.kms.katalon.core.main.TestCaseExecutor.processExecutionPhase(TestCaseExecutor.java:418)
	at com.kms.katalon.core.main.TestCaseExecutor.accessMainPhase(TestCaseExecutor.java:410)
	at com.kms.katalon.core.main.TestCaseExecutor.execute(TestCaseExecutor.java:285)
	at com.kms.katalon.core.main.TestCaseMain.runTestCase(TestCaseMain.java:142)
	at com.kms.katalon.core.keyword.builtin.CallTestCaseKeyword$_callTestCase_closure1.doCall(CallTestCaseKeyword.groovy:59)
	at com.kms.katalon.core.keyword.builtin.CallTestCaseKeyword$_callTestCase_closure1.call(CallTestCaseKeyword.groovy)
	at com.kms.katalon.core.keyword.internal.KeywordMain.runKeyword(KeywordMain.groovy:74)
	at com.kms.katalon.core.keyword.builtin.CallTestCaseKeyword.callTestCase(CallTestCaseKeyword.groovy:81)
	at com.kms.katalon.core.keyword.builtin.CallTestCaseKeyword.execute(CallTestCaseKeyword.groovy:44)
	at com.kms.katalon.core.keyword.internal.KeywordExecutor.executeKeywordForPlatform(KeywordExecutor.groovy:74)
	at com.kms.katalon.core.keyword.BuiltinKeywords.callTestCase(BuiltinKeywords.groovy:334)
	at 12.2.5-Crear_descripción_del_cargo_(Puesto_Trabajo_Múltiple).run(12.2.5-Crear_descripción_del_cargo_(Puesto_Trabajo_Múltiple):20)
	at com.kms.katalon.core.main.ScriptEngine.run(ScriptEngine.java:194)
	at com.kms.katalon.core.main.ScriptEngine.runScriptAsRawText(ScriptEngine.java:119)
	at com.kms.katalon.core.main.TestCaseExecutor.runScript(TestCaseExecutor.java:448)
	at com.kms.katalon.core.main.TestCaseExecutor.doExecute(TestCaseExecutor.java:439)
	at com.kms.katalon.core.main.TestCaseExecutor.processExecutionPhase(TestCaseExecutor.java:418)
	at com.kms.katalon.core.main.TestCaseExecutor.accessMainPhase(TestCaseExecutor.java:410)
	at com.kms.katalon.core.main.TestCaseExecutor.execute(TestCaseExecutor.java:285)
	at com.kms.katalon.core.common.CommonExecutor.accessTestCaseMainPhase(CommonExecutor.java:65)
	at com.kms.katalon.core.main.TestSuiteExecutor.accessTestSuiteMainPhase(TestSuiteExecutor.java:151)
	at com.kms.katalon.core.main.TestSuiteExecutor.execute(TestSuiteExecutor.java:106)
	at com.kms.katalon.core.main.TestCaseMain.startTestSuite(TestCaseMain.java:185)
	at com.kms.katalon.core.main.TestCaseMain$startTestSuite$0.call(Unknown Source)
	at TempTestSuite1678383366099.run(TempTestSuite1678383366099.groovy:36)
Caused by: org.openqa.selenium.ElementClickInterceptedException: element click intercepted: Element <a id="descripcionCargo_form:j_idt798" href="#" class="ui-commandlink ui-widget us-boton btn-guardar" onclick="PrimeFaces.ab({s:&quot;descripcionCargo_form:j_idt798&quot;,f:&quot;descripcionCargo_form&quot;,u:&quot;areaAplicacion&quot;});return false;">...</a> is not clickable at point (367, 565). Other element would receive the click: <div id="popupErrorDialog:dialog_popupFoto_modal" class="ui-widget-overlay ui-dialog-mask" style="z-index: 1025;"></div>
  (Session info: chrome=110.0.5481.178)
Build info: version: '3.141.59', revision: 'e82be7d358', time: '2018-11-14T08:25:53'
System info: host: 'US-AF-000371', ip: '192.168.56.1', os.name: 'Windows 10', os.arch: 'amd64', os.version: '10.0', java.version: '1.8.0_282'
Driver info: com.kms.katalon.selenium.driver.CChromeDriver
Capabilities {acceptInsecureCerts: false, browserName: chrome, browserVersion: 110.0.5481.178, chrome: {chromedriverVersion: 109.0.5414.74 (e7c5703604da..., userDataDir: C:\Users\DIEGO~1.ROJ\AppDat...}, goog:chromeOptions: {debuggerAddress: localhost:51569}, javascriptEnabled: true, networkConnectionEnabled: false, pageLoadStrategy: normal, platform: WINDOWS, platformName: WINDOWS, proxy: Proxy(), setWindowRect: true, strictFileInteractability: false, timeouts: {implicit: 0, pageLoad: 300000, script: 30000}, unhandledPromptBehavior: dismiss and notify, webauthn:extension:credBlob: true, webauthn:extension:largeBlob: true, webauthn:virtualAuthenticators: true}
Session ID: c23de8041c61d711014c1fb2a11327a2
	at org.openqa.selenium.remote.http.W3CHttpResponseCodec.createException(W3CHttpResponseCodec.java:187)
	at org.openqa.selenium.remote.http.W3CHttpResponseCodec.decode(W3CHttpResponseCodec.java:122)
	at org.openqa.selenium.remote.http.W3CHttpResponseCodec.decode(W3CHttpResponseCodec.java:49)
	at org.openqa.selenium.remote.HttpCommandExecutor.execute(HttpCommandExecutor.java:158)
	at org.openqa.selenium.remote.service.DriverCommandExecutor.execute(DriverCommandExecutor.java:83)
	at org.openqa.selenium.remote.RemoteWebDriver.execute(RemoteWebDriver.java:552)
	at com.kms.katalon.selenium.driver.CChromeDriver.execute(CChromeDriver.java:19)
	at org.openqa.selenium.remote.RemoteWebElement.execute(RemoteWebElement.java:285)
	at org.openqa.selenium.remote.RemoteWebElement.click(RemoteWebElement.java:84)
	at org.openqa.selenium.support.events.EventFiringWebDriver$EventFiringWebElement.lambda$new$0(EventFiringWebDriver.java:404)
	at com.sun.proxy.$Proxy11.click(Unknown Source)
	at org.openqa.selenium.support.events.EventFiringWebDriver$EventFiringWebElement.click(EventFiringWebDriver.java:417)
	at org.openqa.selenium.WebElement$click$0.call(Unknown Source)
	at com.kms.katalon.core.webui.keyword.builtin.ClickKeyword.clickUntilSuccessWithTimeout(ClickKeyword.groovy:81)
	at com.kms.katalon.core.webui.keyword.builtin.ClickKeyword.clickUntilSuccessWithTimeout(ClickKeyword.groovy)
	at com.kms.katalon.core.webui.keyword.builtin.ClickKeyword$_click_closure1.doCall(ClickKeyword.groovy:67)
	at com.kms.katalon.core.webui.keyword.builtin.ClickKeyword$_click_closure1.call(ClickKeyword.groovy)
	at com.kms.katalon.core.webui.keyword.internal.WebUIKeywordMain.runKeyword(WebUIKeywordMain.groovy:20)
	at com.kms.katalon.core.webui.keyword.builtin.ClickKeyword.click(ClickKeyword.groovy:74)
	at com.kms.katalon.core.webui.keyword.builtin.ClickKeyword.execute(ClickKeyword.groovy:40)
	at com.kms.katalon.core.keyword.internal.KeywordExecutor.executeKeywordForPlatform(KeywordExecutor.groovy:74)
	at com.kms.katalon.core.webui.keyword.WebUiBuiltInKeywords.click(WebUiBuiltInKeywords.groovy:620)
	at com.kms.katalon.core.webui.keyword.WebUiBuiltInKeywords$click$9.call(Unknown Source)
	at Script1648474008069.run(Script1648474008069.groovy:60)
	at com.kms.katalon.core.main.ScriptEngine.run(ScriptEngine.java:194)
	at com.kms.katalon.core.main.ScriptEngine.runScriptAsRawText(ScriptEngine.java:119)
	at com.kms.katalon.core.main.TestCaseExecutor.runScript(TestCaseExecutor.java:448)
	at com.kms.katalon.core.main.TestCaseExecutor.doExecute(TestCaseExecutor.java:439)
	at com.kms.katalon.core.main.TestCaseExecutor.processExecutionPhase(TestCaseExecutor.java:418)
	at com.kms.katalon.core.main.TestCaseExecutor.accessMainPhase(TestCaseExecutor.java:410)
	at com.kms.katalon.core.main.TestCaseExecutor.execute(TestCaseExecutor.java:285)
	at com.kms.katalon.core.main.TestCaseMain.runTestCase(TestCaseMain.java:142)
	at com.kms.katalon.core.keyword.builtin.CallTestCaseKeyword$_callTestCase_closure1.doCall(CallTestCaseKeyword.groovy:59)
	at com.kms.katalon.core.keyword.builtin.CallTestCaseKeyword$_callTestCase_closure1.call(CallTestCaseKeyword.groovy)
	at com.kms.katalon.core.keyword.internal.KeywordMain.runKeyword(KeywordMain.groovy:74)
	at com.kms.katalon.core.keyword.builtin.CallTestCaseKeyword.callTestCase(CallTestCaseKeyword.groovy:81)
	at com.kms.katalon.core.keyword.builtin.CallTestCaseKeyword.execute(CallTestCaseKeyword.groovy:44)
	at com.kms.katalon.core.keyword.internal.KeywordExecutor.executeKeywordForPlatform(KeywordExecutor.groovy:74)
	at com.kms.katalon.core.keyword.BuiltinKeywords.callTestCase(BuiltinKeywords.groovy:334)
	at Script1648474008097.run(Script1648474008097.groovy:20)
	... 13 more
)

2023-03-09 14:04:25 - [MESSAGE][FAILED] - Unable to click on object 'Object Repository/2-OBJECTS TAREAS SECUNDARIAS/Pruebas planta personal/Crear_descripción_del_cargo(Puesto_trabajo_multiple)/a_Guardar' (Root cause: com.kms.katalon.core.exception.StepFailedException: Unable to click on object 'Object Repository/2-OBJECTS TAREAS SECUNDARIAS/Pruebas planta personal/Crear_descripción_del_cargo(Puesto_trabajo_multiple)/a_Guardar'
	at com.kms.katalon.core.webui.keyword.internal.WebUIKeywordMain.stepFailed(WebUIKeywordMain.groovy:64)
	at com.kms.katalon.core.webui.keyword.internal.WebUIKeywordMain.runKeyword(WebUIKeywordMain.groovy:26)
	at com.kms.katalon.core.webui.keyword.builtin.ClickKeyword.click(ClickKeyword.groovy:74)
	at com.kms.katalon.core.webui.keyword.builtin.ClickKeyword.execute(ClickKeyword.groovy:40)
	at com.kms.katalon.core.keyword.internal.KeywordExecutor.executeKeywordForPlatform(KeywordExecutor.groovy:74)
	at com.kms.katalon.core.webui.keyword.WebUiBuiltInKeywords.click(WebUiBuiltInKeywords.groovy:620)
	at com.kms.katalon.core.webui.keyword.WebUiBuiltInKeywords$click$9.call(Unknown Source)
	at 12.2.3-Crear_descripción_del_cargo_(PUESTO_TRABAJO_MULTIPLE).run(12.2.3-Crear_descripción_del_cargo_(PUESTO_TRABAJO_MULTIPLE):60)
	at com.kms.katalon.core.main.ScriptEngine.run(ScriptEngine.java:194)
	at com.kms.katalon.core.main.ScriptEngine.runScriptAsRawText(ScriptEngine.java:119)
	at com.kms.katalon.core.main.TestCaseExecutor.runScript(TestCaseExecutor.java:448)
	at com.kms.katalon.core.main.TestCaseExecutor.doExecute(TestCaseExecutor.java:439)
	at com.kms.katalon.core.main.TestCaseExecutor.processExecutionPhase(TestCaseExecutor.java:418)
	at com.kms.katalon.core.main.TestCaseExecutor.accessMainPhase(TestCaseExecutor.java:410)
	at com.kms.katalon.core.main.TestCaseExecutor.execute(TestCaseExecutor.java:285)
	at com.kms.katalon.core.main.TestCaseMain.runTestCase(TestCaseMain.java:142)
	at com.kms.katalon.core.keyword.builtin.CallTestCaseKeyword$_callTestCase_closure1.doCall(CallTestCaseKeyword.groovy:59)
	at com.kms.katalon.core.keyword.builtin.CallTestCaseKeyword$_callTestCase_closure1.call(CallTestCaseKeyword.groovy)
	at com.kms.katalon.core.keyword.internal.KeywordMain.runKeyword(KeywordMain.groovy:74)
	at com.kms.katalon.core.keyword.builtin.CallTestCaseKeyword.callTestCase(CallTestCaseKeyword.groovy:81)
	at com.kms.katalon.core.keyword.builtin.CallTestCaseKeyword.execute(CallTestCaseKeyword.groovy:44)
	at com.kms.katalon.core.keyword.internal.KeywordExecutor.executeKeywordForPlatform(KeywordExecutor.groovy:74)
	at com.kms.katalon.core.keyword.BuiltinKeywords.callTestCase(BuiltinKeywords.groovy:334)
	at 12.2.5-Crear_descripción_del_cargo_(Puesto_Trabajo_Múltiple).run(12.2.5-Crear_descripción_del_cargo_(Puesto_Trabajo_Múltiple):20)
	at com.kms.katalon.core.main.ScriptEngine.run(ScriptEngine.java:194)
	at com.kms.katalon.core.main.ScriptEngine.runScriptAsRawText(ScriptEngine.java:119)
	at com.kms.katalon.core.main.TestCaseExecutor.runScript(TestCaseExecutor.java:448)
	at com.kms.katalon.core.main.TestCaseExecutor.doExecute(TestCaseExecutor.java:439)
	at com.kms.katalon.core.main.TestCaseExecutor.processExecutionPhase(TestCaseExecutor.java:418)
	at com.kms.katalon.core.main.TestCaseExecutor.accessMainPhase(TestCaseExecutor.java:410)
	at com.kms.katalon.core.main.TestCaseExecutor.execute(TestCaseExecutor.java:285)
	at com.kms.katalon.core.common.CommonExecutor.accessTestCaseMainPhase(CommonExecutor.java:65)
	at com.kms.katalon.core.main.TestSuiteExecutor.accessTestSuiteMainPhase(TestSuiteExecutor.java:151)
	at com.kms.katalon.core.main.TestSuiteExecutor.execute(TestSuiteExecutor.java:106)
	at com.kms.katalon.core.main.TestCaseMain.startTestSuite(TestCaseMain.java:185)
	at com.kms.katalon.core.main.TestCaseMain$startTestSuite$0.call(Unknown Source)
	at TempTestSuite1678383366099.run(TempTestSuite1678383366099.groovy:36)
Caused by: org.openqa.selenium.ElementClickInterceptedException: element click intercepted: Element <a id="descripcionCargo_form:j_idt798" href="#" class="ui-commandlink ui-widget us-boton btn-guardar" onclick="PrimeFaces.ab({s:&quot;descripcionCargo_form:j_idt798&quot;,f:&quot;descripcionCargo_form&quot;,u:&quot;areaAplicacion&quot;});return false;">...</a> is not clickable at point (367, 565). Other element would receive the click: <div id="popupErrorDialog:dialog_popupFoto_modal" class="ui-widget-overlay ui-dialog-mask" style="z-index: 1025;"></div>
  (Session info: chrome=110.0.5481.178)
Build info: version: '3.141.59', revision: 'e82be7d358', time: '2018-11-14T08:25:53'
System info: host: 'US-AF-000371', ip: '192.168.56.1', os.name: 'Windows 10', os.arch: 'amd64', os.version: '10.0', java.version: '1.8.0_282'
Driver info: com.kms.katalon.selenium.driver.CChromeDriver
Capabilities {acceptInsecureCerts: false, browserName: chrome, browserVersion: 110.0.5481.178, chrome: {chromedriverVersion: 109.0.5414.74 (e7c5703604da..., userDataDir: C:\Users\DIEGO~1.ROJ\AppDat...}, goog:chromeOptions: {debuggerAddress: localhost:51569}, javascriptEnabled: true, networkConnectionEnabled: false, pageLoadStrategy: normal, platform: WINDOWS, platformName: WINDOWS, proxy: Proxy(), setWindowRect: true, strictFileInteractability: false, timeouts: {implicit: 0, pageLoad: 300000, script: 30000}, unhandledPromptBehavior: dismiss and notify, webauthn:extension:credBlob: true, webauthn:extension:largeBlob: true, webauthn:virtualAuthenticators: true}
Session ID: c23de8041c61d711014c1fb2a11327a2
	at org.openqa.selenium.remote.http.W3CHttpResponseCodec.createException(W3CHttpResponseCodec.java:187)
	at org.openqa.selenium.remote.http.W3CHttpResponseCodec.decode(W3CHttpResponseCodec.java:122)
	at org.openqa.selenium.remote.http.W3CHttpResponseCodec.decode(W3CHttpResponseCodec.java:49)
	at org.openqa.selenium.remote.HttpCommandExecutor.execute(HttpCommandExecutor.java:158)
	at org.openqa.selenium.remote.service.DriverCommandExecutor.execute(DriverCommandExecutor.java:83)
	at org.openqa.selenium.remote.RemoteWebDriver.execute(RemoteWebDriver.java:552)
	at com.kms.katalon.selenium.driver.CChromeDriver.execute(CChromeDriver.java:19)
	at org.openqa.selenium.remote.RemoteWebElement.execute(RemoteWebElement.java:285)
	at org.openqa.selenium.remote.RemoteWebElement.click(RemoteWebElement.java:84)
	at org.openqa.selenium.support.events.EventFiringWebDriver$EventFiringWebElement.lambda$new$0(EventFiringWebDriver.java:404)
	at com.sun.proxy.$Proxy11.click(Unknown Source)
	at org.openqa.selenium.support.events.EventFiringWebDriver$EventFiringWebElement.click(EventFiringWebDriver.java:417)
	at org.openqa.selenium.WebElement$click$0.call(Unknown Source)
	at com.kms.katalon.core.webui.keyword.builtin.ClickKeyword.clickUntilSuccessWithTimeout(ClickKeyword.groovy:81)
	at com.kms.katalon.core.webui.keyword.builtin.ClickKeyword.clickUntilSuccessWithTimeout(ClickKeyword.groovy)
	at com.kms.katalon.core.webui.keyword.builtin.ClickKeyword$_click_closure1.doCall(ClickKeyword.groovy:67)
	at com.kms.katalon.core.webui.keyword.builtin.ClickKeyword$_click_closure1.call(ClickKeyword.groovy)
	at com.kms.katalon.core.webui.keyword.internal.WebUIKeywordMain.runKeyword(WebUIKeywordMain.groovy:20)
	at com.kms.katalon.core.webui.keyword.builtin.ClickKeyword.click(ClickKeyword.groovy:74)
	at com.kms.katalon.core.webui.keyword.builtin.ClickKeyword.execute(ClickKeyword.groovy:40)
	at com.kms.katalon.core.keyword.internal.KeywordExecutor.executeKeywordForPlatform(KeywordExecutor.groovy:74)
	at com.kms.katalon.core.webui.keyword.WebUiBuiltInKeywords.click(WebUiBuiltInKeywords.groovy:620)
	at com.kms.katalon.core.webui.keyword.WebUiBuiltInKeywords$click$9.call(Unknown Source)
	at Script1648474008069.run(Script1648474008069.groovy:60)
	at com.kms.katalon.core.main.ScriptEngine.run(ScriptEngine.java:194)
	at com.kms.katalon.core.main.ScriptEngine.runScriptAsRawText(ScriptEngine.java:119)
	at com.kms.katalon.core.main.TestCaseExecutor.runScript(TestCaseExecutor.java:448)
	at com.kms.katalon.core.main.TestCaseExecutor.doExecute(TestCaseExecutor.java:439)
	at com.kms.katalon.core.main.TestCaseExecutor.processExecutionPhase(TestCaseExecutor.java:418)
	at com.kms.katalon.core.main.TestCaseExecutor.accessMainPhase(TestCaseExecutor.java:410)
	at com.kms.katalon.core.main.TestCaseExecutor.execute(TestCaseExecutor.java:285)
	at com.kms.katalon.core.main.TestCaseMain.runTestCase(TestCaseMain.java:142)
	at com.kms.katalon.core.keyword.builtin.CallTestCaseKeyword$_callTestCase_closure1.doCall(CallTestCaseKeyword.groovy:59)
	at com.kms.katalon.core.keyword.builtin.CallTestCaseKeyword$_callTestCase_closure1.call(CallTestCaseKeyword.groovy)
	at com.kms.katalon.core.keyword.internal.KeywordMain.runKeyword(KeywordMain.groovy:74)
	at com.kms.katalon.core.keyword.builtin.CallTestCaseKeyword.callTestCase(CallTestCaseKeyword.groovy:81)
	at com.kms.katalon.core.keyword.builtin.CallTestCaseKeyword.execute(CallTestCaseKeyword.groovy:44)
	at com.kms.katalon.core.keyword.internal.KeywordExecutor.executeKeywordForPlatform(KeywordExecutor.groovy:74)
	at com.kms.katalon.core.keyword.BuiltinKeywords.callTestCase(BuiltinKeywords.groovy:334)
	at Script1648474008097.run(Script1648474008097.groovy:20)
	... 13 more
)
[[ATTACHMENT|C:\\Users\\diego.rojas\\git\\Pruebas-Minimas\\Reports\\20230309_123606\\Test_Suite_Secundaria\\1-Tareas_secundarias\\20230309_123606\\1678388665756.png]]

2023-03-09 14:04:25 - [MESSAGE][FAILED] - Unable to call Test Case 'Test Cases/1.2-Tareas_Secundarias/A.2-Pruebas_planta_personal/12.2.3-Crear_descripción_del_cargo_(PUESTO_TRABAJO_MULTIPLE)' (Root cause: com.kms.katalon.core.exception.StepFailedException: Call Test Case 'Test Cases/1.2-Tareas_Secundarias/A.2-Pruebas_planta_personal/12.2.3-Crear_descripción_del_cargo_(PUESTO_TRABAJO_MULTIPLE)' failed
	at com.kms.katalon.core.keyword.builtin.CallTestCaseKeyword$_callTestCase_closure1.doCall(CallTestCaseKeyword.groovy:63)
	at com.kms.katalon.core.keyword.builtin.CallTestCaseKeyword$_callTestCase_closure1.call(CallTestCaseKeyword.groovy)
	at com.kms.katalon.core.keyword.internal.KeywordMain.runKeyword(KeywordMain.groovy:74)
	at com.kms.katalon.core.keyword.builtin.CallTestCaseKeyword.callTestCase(CallTestCaseKeyword.groovy:81)
	at com.kms.katalon.core.keyword.builtin.CallTestCaseKeyword.execute(CallTestCaseKeyword.groovy:44)
	at com.kms.katalon.core.keyword.internal.KeywordExecutor.executeKeywordForPlatform(KeywordExecutor.groovy:74)
	at com.kms.katalon.core.keyword.BuiltinKeywords.callTestCase(BuiltinKeywords.groovy:334)
	at 12.2.5-Crear_descripción_del_cargo_(Puesto_Trabajo_Múltiple).run(12.2.5-Crear_descripción_del_cargo_(Puesto_Trabajo_Múltiple):20)
	at com.kms.katalon.core.main.ScriptEngine.run(ScriptEngine.java:194)
	at com.kms.katalon.core.main.ScriptEngine.runScriptAsRawText(ScriptEngine.java:119)
	at com.kms.katalon.core.main.TestCaseExecutor.runScript(TestCaseExecutor.java:448)
	at com.kms.katalon.core.main.TestCaseExecutor.doExecute(TestCaseExecutor.java:439)
	at com.kms.katalon.core.main.TestCaseExecutor.processExecutionPhase(TestCaseExecutor.java:418)
	at com.kms.katalon.core.main.TestCaseExecutor.accessMainPhase(TestCaseExecutor.java:410)
	at com.kms.katalon.core.main.TestCaseExecutor.execute(TestCaseExecutor.java:285)
	at com.kms.katalon.core.common.CommonExecutor.accessTestCaseMainPhase(CommonExecutor.java:65)
	at com.kms.katalon.core.main.TestSuiteExecutor.accessTestSuiteMainPhase(TestSuiteExecutor.java:151)
	at com.kms.katalon.core.main.TestSuiteExecutor.execute(TestSuiteExecutor.java:106)
	at com.kms.katalon.core.main.TestCaseMain.startTestSuite(TestCaseMain.java:185)
	at com.kms.katalon.core.main.TestCaseMain$startTestSuite$0.call(Unknown Source)
	at TempTestSuite1678383366099.run(TempTestSuite1678383366099.groovy:36)
Caused by: com.kms.katalon.core.exception.StepFailedException: Unable to click on object 'Object Repository/2-OBJECTS TAREAS SECUNDARIAS/Pruebas planta personal/Crear_descripción_del_cargo(Puesto_trabajo_multiple)/a_Guardar'
	at com.kms.katalon.core.webui.keyword.internal.WebUIKeywordMain.stepFailed(WebUIKeywordMain.groovy:64)
	at com.kms.katalon.core.webui.keyword.internal.WebUIKeywordMain.runKeyword(WebUIKeywordMain.groovy:26)
	at com.kms.katalon.core.webui.keyword.builtin.ClickKeyword.click(ClickKeyword.groovy:74)
	at com.kms.katalon.core.webui.keyword.builtin.ClickKeyword.execute(ClickKeyword.groovy:40)
	at com.kms.katalon.core.keyword.internal.KeywordExecutor.executeKeywordForPlatform(KeywordExecutor.groovy:74)
	at com.kms.katalon.core.webui.keyword.WebUiBuiltInKeywords.click(WebUiBuiltInKeywords.groovy:620)
	at com.kms.katalon.core.webui.keyword.WebUiBuiltInKeywords$click$9.call(Unknown Source)
	at 12.2.3-Crear_descripción_del_cargo_(PUESTO_TRABAJO_MULTIPLE).run(12.2.3-Crear_descripción_del_cargo_(PUESTO_TRABAJO_MULTIPLE):60)
	at com.kms.katalon.core.main.ScriptEngine.run(ScriptEngine.java:194)
	at com.kms.katalon.core.main.ScriptEngine.runScriptAsRawText(ScriptEngine.java:119)
	at com.kms.katalon.core.main.TestCaseExecutor.runScript(TestCaseExecutor.java:448)
	at com.kms.katalon.core.main.TestCaseExecutor.doExecute(TestCaseExecutor.java:439)
	at com.kms.katalon.core.main.TestCaseExecutor.processExecutionPhase(TestCaseExecutor.java:418)
	at com.kms.katalon.core.main.TestCaseExecutor.accessMainPhase(TestCaseExecutor.java:410)
	at com.kms.katalon.core.main.TestCaseExecutor.execute(TestCaseExecutor.java:285)
	at com.kms.katalon.core.main.TestCaseMain.runTestCase(TestCaseMain.java:142)
	at com.kms.katalon.core.keyword.builtin.CallTestCaseKeyword$_callTestCase_closure1.doCall(CallTestCaseKeyword.groovy:59)
	... 20 more
Caused by: org.openqa.selenium.ElementClickInterceptedException: element click intercepted: Element <a id="descripcionCargo_form:j_idt798" href="#" class="ui-commandlink ui-widget us-boton btn-guardar" onclick="PrimeFaces.ab({s:&quot;descripcionCargo_form:j_idt798&quot;,f:&quot;descripcionCargo_form&quot;,u:&quot;areaAplicacion&quot;});return false;">...</a> is not clickable at point (367, 565). Other element would receive the click: <div id="popupErrorDialog:dialog_popupFoto_modal" class="ui-widget-overlay ui-dialog-mask" style="z-index: 1025;"></div>
  (Session info: chrome=110.0.5481.178)
Build info: version: '3.141.59', revision: 'e82be7d358', time: '2018-11-14T08:25:53'
System info: host: 'US-AF-000371', ip: '192.168.56.1', os.name: 'Windows 10', os.arch: 'amd64', os.version: '10.0', java.version: '1.8.0_282'
Driver info: com.kms.katalon.selenium.driver.CChromeDriver
Capabilities {acceptInsecureCerts: false, browserName: chrome, browserVersion: 110.0.5481.178, chrome: {chromedriverVersion: 109.0.5414.74 (e7c5703604da..., userDataDir: C:\Users\DIEGO~1.ROJ\AppDat...}, goog:chromeOptions: {debuggerAddress: localhost:51569}, javascriptEnabled: true, networkConnectionEnabled: false, pageLoadStrategy: normal, platform: WINDOWS, platformName: WINDOWS, proxy: Proxy(), setWindowRect: true, strictFileInteractability: false, timeouts: {implicit: 0, pageLoad: 300000, script: 30000}, unhandledPromptBehavior: dismiss and notify, webauthn:extension:credBlob: true, webauthn:extension:largeBlob: true, webauthn:virtualAuthenticators: true}
Session ID: c23de8041c61d711014c1fb2a11327a2
	at org.openqa.selenium.remote.http.W3CHttpResponseCodec.createException(W3CHttpResponseCodec.java:187)
	at org.openqa.selenium.remote.http.W3CHttpResponseCodec.decode(W3CHttpResponseCodec.java:122)
	at org.openqa.selenium.remote.http.W3CHttpResponseCodec.decode(W3CHttpResponseCodec.java:49)
	at org.openqa.selenium.remote.HttpCommandExecutor.execute(HttpCommandExecutor.java:158)
	at org.openqa.selenium.remote.service.DriverCommandExecutor.execute(DriverCommandExecutor.java:83)
	at org.openqa.selenium.remote.RemoteWebDriver.execute(RemoteWebDriver.java:552)
	at com.kms.katalon.selenium.driver.CChromeDriver.execute(CChromeDriver.java:19)
	at org.openqa.selenium.remote.RemoteWebElement.execute(RemoteWebElement.java:285)
	at org.openqa.selenium.remote.RemoteWebElement.click(RemoteWebElement.java:84)
	at org.openqa.selenium.support.events.EventFiringWebDriver$EventFiringWebElement.lambda$new$0(EventFiringWebDriver.java:404)
	at com.sun.proxy.$Proxy11.click(Unknown Source)
	at org.openqa.selenium.support.events.EventFiringWebDriver$EventFiringWebElement.click(EventFiringWebDriver.java:417)
	at org.openqa.selenium.WebElement$click$0.call(Unknown Source)
	at com.kms.katalon.core.webui.keyword.builtin.ClickKeyword.clickUntilSuccessWithTimeout(ClickKeyword.groovy:81)
	at com.kms.katalon.core.webui.keyword.builtin.ClickKeyword.clickUntilSuccessWithTimeout(ClickKeyword.groovy)
	at com.kms.katalon.core.webui.keyword.builtin.ClickKeyword$_click_closure1.doCall(ClickKeyword.groovy:67)
	at com.kms.katalon.core.webui.keyword.builtin.ClickKeyword$_click_closure1.call(ClickKeyword.groovy)
	at com.kms.katalon.core.webui.keyword.internal.WebUIKeywordMain.runKeyword(WebUIKeywordMain.groovy:20)
	... 35 more
)]]></system-out>
         <system-err><![CDATA[2023-03-09 14:03:20 - [TEST_CASE][FAILED] - Test Cases/1.2-Tareas_Secundarias/A.2-Pruebas_planta_personal/12.2.5-Crear_descripción_del_cargo_(Puesto_Trabajo_Múltiple): Test Cases/1.2-Tareas_Secundarias/A.2-Pruebas_planta_personal/12.2.5-Crear_descripción_del_cargo_(Puesto_Trabajo_Múltiple) FAILED.
Reason:
com.kms.katalon.core.exception.StepFailedException: Call Test Case 'Test Cases/1.2-Tareas_Secundarias/A.2-Pruebas_planta_personal/12.2.3-Crear_descripción_del_cargo_(PUESTO_TRABAJO_MULTIPLE)' failed
	at com.kms.katalon.core.keyword.builtin.CallTestCaseKeyword$_callTestCase_closure1.doCall(CallTestCaseKeyword.groovy:63)
	at com.kms.katalon.core.keyword.builtin.CallTestCaseKeyword$_callTestCase_closure1.call(CallTestCaseKeyword.groovy)
	at com.kms.katalon.core.keyword.internal.KeywordMain.runKeyword(KeywordMain.groovy:74)
	at com.kms.katalon.core.keyword.builtin.CallTestCaseKeyword.callTestCase(CallTestCaseKeyword.groovy:81)
	at com.kms.katalon.core.keyword.builtin.CallTestCaseKeyword.execute(CallTestCaseKeyword.groovy:44)
	at com.kms.katalon.core.keyword.internal.KeywordExecutor.executeKeywordForPlatform(KeywordExecutor.groovy:74)
	at com.kms.katalon.core.keyword.BuiltinKeywords.callTestCase(BuiltinKeywords.groovy:334)
	at 12.2.5-Crear_descripción_del_cargo_(Puesto_Trabajo_Múltiple).run(12.2.5-Crear_descripción_del_cargo_(Puesto_Trabajo_Múltiple):20)
	at com.kms.katalon.core.main.ScriptEngine.run(ScriptEngine.java:194)
	at com.kms.katalon.core.main.ScriptEngine.runScriptAsRawText(ScriptEngine.java:119)
	at com.kms.katalon.core.main.TestCaseExecutor.runScript(TestCaseExecutor.java:448)
	at com.kms.katalon.core.main.TestCaseExecutor.doExecute(TestCaseExecutor.java:439)
	at com.kms.katalon.core.main.TestCaseExecutor.processExecutionPhase(TestCaseExecutor.java:418)
	at com.kms.katalon.core.main.TestCaseExecutor.accessMainPhase(TestCaseExecutor.java:410)
	at com.kms.katalon.core.main.TestCaseExecutor.execute(TestCaseExecutor.java:285)
	at com.kms.katalon.core.common.CommonExecutor.accessTestCaseMainPhase(CommonExecutor.java:65)
	at com.kms.katalon.core.main.TestSuiteExecutor.accessTestSuiteMainPhase(TestSuiteExecutor.java:151)
	at com.kms.katalon.core.main.TestSuiteExecutor.execute(TestSuiteExecutor.java:106)
	at com.kms.katalon.core.main.TestCaseMain.startTestSuite(TestCaseMain.java:185)
	at com.kms.katalon.core.main.TestCaseMain$startTestSuite$0.call(Unknown Source)
	at TempTestSuite1678383366099.run(TempTestSuite1678383366099.groovy:36)
Caused by: com.kms.katalon.core.exception.StepFailedException: Unable to click on object 'Object Repository/2-OBJECTS TAREAS SECUNDARIAS/Pruebas planta personal/Crear_descripción_del_cargo(Puesto_trabajo_multiple)/a_Guardar'
	at com.kms.katalon.core.webui.keyword.internal.WebUIKeywordMain.stepFailed(WebUIKeywordMain.groovy:64)
	at com.kms.katalon.core.webui.keyword.internal.WebUIKeywordMain.runKeyword(WebUIKeywordMain.groovy:26)
	at com.kms.katalon.core.webui.keyword.builtin.ClickKeyword.click(ClickKeyword.groovy:74)
	at com.kms.katalon.core.webui.keyword.builtin.ClickKeyword.execute(ClickKeyword.groovy:40)
	at com.kms.katalon.core.keyword.internal.KeywordExecutor.executeKeywordForPlatform(KeywordExecutor.groovy:74)
	at com.kms.katalon.core.webui.keyword.WebUiBuiltInKeywords.click(WebUiBuiltInKeywords.groovy:620)
	at com.kms.katalon.core.webui.keyword.WebUiBuiltInKeywords$click$9.call(Unknown Source)
	at 12.2.3-Crear_descripción_del_cargo_(PUESTO_TRABAJO_MULTIPLE).run(12.2.3-Crear_descripción_del_cargo_(PUESTO_TRABAJO_MULTIPLE):60)
	at com.kms.katalon.core.main.ScriptEngine.run(ScriptEngine.java:194)
	at com.kms.katalon.core.main.ScriptEngine.runScriptAsRawText(ScriptEngine.java:119)
	at com.kms.katalon.core.main.TestCaseExecutor.runScript(TestCaseExecutor.java:448)
	at com.kms.katalon.core.main.TestCaseExecutor.doExecute(TestCaseExecutor.java:439)
	at com.kms.katalon.core.main.TestCaseExecutor.processExecutionPhase(TestCaseExecutor.java:418)
	at com.kms.katalon.core.main.TestCaseExecutor.accessMainPhase(TestCaseExecutor.java:410)
	at com.kms.katalon.core.main.TestCaseExecutor.execute(TestCaseExecutor.java:285)
	at com.kms.katalon.core.main.TestCaseMain.runTestCase(TestCaseMain.java:142)
	at com.kms.katalon.core.keyword.builtin.CallTestCaseKeyword$_callTestCase_closure1.doCall(CallTestCaseKeyword.groovy:59)
	... 20 more
Caused by: org.openqa.selenium.ElementClickInterceptedException: element click intercepted: Element <a id="descripcionCargo_form:j_idt798" href="#" class="ui-commandlink ui-widget us-boton btn-guardar" onclick="PrimeFaces.ab({s:&quot;descripcionCargo_form:j_idt798&quot;,f:&quot;descripcionCargo_form&quot;,u:&quot;areaAplicacion&quot;});return false;">...</a> is not clickable at point (367, 565). Other element would receive the click: <div id="popupErrorDialog:dialog_popupFoto_modal" class="ui-widget-overlay ui-dialog-mask" style="z-index: 1025;"></div>
  (Session info: chrome=110.0.5481.178)
Build info: version: '3.141.59', revision: 'e82be7d358', time: '2018-11-14T08:25:53'
System info: host: 'US-AF-000371', ip: '192.168.56.1', os.name: 'Windows 10', os.arch: 'amd64', os.version: '10.0', java.version: '1.8.0_282'
Driver info: com.kms.katalon.selenium.driver.CChromeDriver
Capabilities {acceptInsecureCerts: false, browserName: chrome, browserVersion: 110.0.5481.178, chrome: {chromedriverVersion: 109.0.5414.74 (e7c5703604da..., userDataDir: C:\Users\DIEGO~1.ROJ\AppDat...}, goog:chromeOptions: {debuggerAddress: localhost:51569}, javascriptEnabled: true, networkConnectionEnabled: false, pageLoadStrategy: normal, platform: WINDOWS, platformName: WINDOWS, proxy: Proxy(), setWindowRect: true, strictFileInteractability: false, timeouts: {implicit: 0, pageLoad: 300000, script: 30000}, unhandledPromptBehavior: dismiss and notify, webauthn:extension:credBlob: true, webauthn:extension:largeBlob: true, webauthn:virtualAuthenticators: true}
Session ID: c23de8041c61d711014c1fb2a11327a2
	at org.openqa.selenium.remote.http.W3CHttpResponseCodec.createException(W3CHttpResponseCodec.java:187)
	at org.openqa.selenium.remote.http.W3CHttpResponseCodec.decode(W3CHttpResponseCodec.java:122)
	at org.openqa.selenium.remote.http.W3CHttpResponseCodec.decode(W3CHttpResponseCodec.java:49)
	at org.openqa.selenium.remote.HttpCommandExecutor.execute(HttpCommandExecutor.java:158)
	at org.openqa.selenium.remote.service.DriverCommandExecutor.execute(DriverCommandExecutor.java:83)
	at org.openqa.selenium.remote.RemoteWebDriver.execute(RemoteWebDriver.java:552)
	at com.kms.katalon.selenium.driver.CChromeDriver.execute(CChromeDriver.java:19)
	at org.openqa.selenium.remote.RemoteWebElement.execute(RemoteWebElement.java:285)
	at org.openqa.selenium.remote.RemoteWebElement.click(RemoteWebElement.java:84)
	at org.openqa.selenium.support.events.EventFiringWebDriver$EventFiringWebElement.lambda$new$0(EventFiringWebDriver.java:404)
	at com.sun.proxy.$Proxy11.click(Unknown Source)
	at org.openqa.selenium.support.events.EventFiringWebDriver$EventFiringWebElement.click(EventFiringWebDriver.java:417)
	at org.openqa.selenium.WebElement$click$0.call(Unknown Source)
	at com.kms.katalon.core.webui.keyword.builtin.ClickKeyword.clickUntilSuccessWithTimeout(ClickKeyword.groovy:81)
	at com.kms.katalon.core.webui.keyword.builtin.ClickKeyword.clickUntilSuccessWithTimeout(ClickKeyword.groovy)
	at com.kms.katalon.core.webui.keyword.builtin.ClickKeyword$_click_closure1.doCall(ClickKeyword.groovy:67)
	at com.kms.katalon.core.webui.keyword.builtin.ClickKeyword$_click_closure1.call(ClickKeyword.groovy)
	at com.kms.katalon.core.webui.keyword.internal.WebUIKeywordMain.runKeyword(WebUIKeywordMain.groovy:20)
	... 35 more]]></system-err>
      </testcase>
      <testcase name="Test Cases/1.2-Tareas_Secundarias/A.2-Pruebas_planta_personal/12.2.6-Definir_perfil" time="62.173" classname="Test Cases/1.2-Tareas_Secundarias/A.2-Pruebas_planta_personal/12.2.6-Definir_perfil" status="FAILED">
         <failure type="FAILED" message="Test Cases/1.2-Tareas_Secundarias/A.2-Pruebas_planta_personal/12.2.6-Definir_perfil FAILED.
Reason:
com.kms.katalon.core.exception.StepFailedException: Unable to click on object 'Object Repository/2-OBJECTS TAREAS SECUNDARIAS/Pruebas planta personal/Definir_perfil/a_Contratos'
	at com.kms.katalon.core.webui.keyword.internal.WebUIKeywordMain.stepFailed(WebUIKeywordMain.groovy:64)
	at com.kms.katalon.core.webui.keyword.internal.WebUIKeywordMain.runKeyword(WebUIKeywordMain.groovy:26)
	at com.kms.katalon.core.webui.keyword.builtin.ClickKeyword.click(ClickKeyword.groovy:74)
	at com.kms.katalon.core.webui.keyword.builtin.ClickKeyword.execute(ClickKeyword.groovy:40)
	at com.kms.katalon.core.keyword.internal.KeywordExecutor.executeKeywordForPlatform(KeywordExecutor.groovy:74)
	at com.kms.katalon.core.webui.keyword.WebUiBuiltInKeywords.click(WebUiBuiltInKeywords.groovy:620)
	at com.kms.katalon.core.webui.keyword.WebUiBuiltInKeywords$click$9.call(Unknown Source)
	at 12.2.6-Definir_perfil.run(12.2.6-Definir_perfil:49)
	at com.kms.katalon.core.main.ScriptEngine.run(ScriptEngine.java:194)
	at com.kms.katalon.core.main.ScriptEngine.runScriptAsRawText(ScriptEngine.java:119)
	at com.kms.katalon.core.main.TestCaseExecutor.runScript(TestCaseExecutor.java:448)
	at com.kms.katalon.core.main.TestCaseExecutor.doExecute(TestCaseExecutor.java:439)
	at com.kms.katalon.core.main.TestCaseExecutor.processExecutionPhase(TestCaseExecutor.java:418)
	at com.kms.katalon.core.main.TestCaseExecutor.accessMainPhase(TestCaseExecutor.java:410)
	at com.kms.katalon.core.main.TestCaseExecutor.execute(TestCaseExecutor.java:285)
	at com.kms.katalon.core.common.CommonExecutor.accessTestCaseMainPhase(CommonExecutor.java:65)
	at com.kms.katalon.core.main.TestSuiteExecutor.accessTestSuiteMainPhase(TestSuiteExecutor.java:151)
	at com.kms.katalon.core.main.TestSuiteExecutor.execute(TestSuiteExecutor.java:106)
	at com.kms.katalon.core.main.TestCaseMain.startTestSuite(TestCaseMain.java:185)
	at com.kms.katalon.core.main.TestCaseMain$startTestSuite$0.call(Unknown Source)
	at TempTestSuite1678383366099.run(TempTestSuite1678383366099.groovy:36)
Caused by: org.openqa.selenium.ElementClickInterceptedException: element click intercepted: Element &lt;a id=&quot;descripcionCargo_form:j_idt662:j_idt664:j_idt1568&quot; href=&quot;#&quot; class=&quot;ui-commandlink ui-widget&quot; onclick=&quot;PrimeFaces.ab({s:&amp;quot;descripcionCargo_form:j_idt662:j_idt664:j_idt1568&amp;quot;,f:&amp;quot;descripcionCargo_form&amp;quot;,u:&amp;quot;areaAplicacion&amp;quot;,onco:function(xhr,status,args,data){;}});return false;&quot; style=&quot;display: inline-block;&quot;>...&lt;/a> is not clickable at point (113, 609). Other element would receive the click: &lt;div id=&quot;popupErrorDialog:dialog_popupFoto_modal&quot; class=&quot;ui-widget-overlay ui-dialog-mask&quot; style=&quot;z-index: 1015;&quot;>&lt;/div>
  (Session info: chrome=110.0.5481.178)
Build info: version: '3.141.59', revision: 'e82be7d358', time: '2018-11-14T08:25:53'
System info: host: 'US-AF-000371', ip: '192.168.56.1', os.name: 'Windows 10', os.arch: 'amd64', os.version: '10.0', java.version: '1.8.0_282'
Driver info: com.kms.katalon.selenium.driver.CChromeDriver
Capabilities {acceptInsecureCerts: false, browserName: chrome, browserVersion: 110.0.5481.178, chrome: {chromedriverVersion: 109.0.5414.74 (e7c5703604da..., userDataDir: C:\Users\DIEGO~1.ROJ\AppDat...}, goog:chromeOptions: {debuggerAddress: localhost:51691}, javascriptEnabled: true, networkConnectionEnabled: false, pageLoadStrategy: normal, platform: WINDOWS, platformName: WINDOWS, proxy: Proxy(), setWindowRect: true, strictFileInteractability: false, timeouts: {implicit: 0, pageLoad: 300000, script: 30000}, unhandledPromptBehavior: dismiss and notify, webauthn:extension:credBlob: true, webauthn:extension:largeBlob: true, webauthn:virtualAuthenticators: true}
Session ID: 1efc69af9faf5b87d13d587256169368
	at org.openqa.selenium.remote.http.W3CHttpResponseCodec.createException(W3CHttpResponseCodec.java:187)
	at org.openqa.selenium.remote.http.W3CHttpResponseCodec.decode(W3CHttpResponseCodec.java:122)
	at org.openqa.selenium.remote.http.W3CHttpResponseCodec.decode(W3CHttpResponseCodec.java:49)
	at org.openqa.selenium.remote.HttpCommandExecutor.execute(HttpCommandExecutor.java:158)
	at org.openqa.selenium.remote.service.DriverCommandExecutor.execute(DriverCommandExecutor.java:83)
	at org.openqa.selenium.remote.RemoteWebDriver.execute(RemoteWebDriver.java:552)
	at com.kms.katalon.selenium.driver.CChromeDriver.execute(CChromeDriver.java:19)
	at org.openqa.selenium.remote.RemoteWebElement.execute(RemoteWebElement.java:285)
	at org.openqa.selenium.remote.RemoteWebElement.click(RemoteWebElement.java:84)
	at org.openqa.selenium.support.events.EventFiringWebDriver$EventFiringWebElement.lambda$new$0(EventFiringWebDriver.java:404)
	at com.sun.proxy.$Proxy11.click(Unknown Source)
	at org.openqa.selenium.support.events.EventFiringWebDriver$EventFiringWebElement.click(EventFiringWebDriver.java:417)
	at org.openqa.selenium.WebElement$click$0.call(Unknown Source)
	at com.kms.katalon.core.webui.keyword.builtin.ClickKeyword.clickUntilSuccessWithTimeout(ClickKeyword.groovy:81)
	at com.kms.katalon.core.webui.keyword.builtin.ClickKeyword.clickUntilSuccessWithTimeout(ClickKeyword.groovy)
	at com.kms.katalon.core.webui.keyword.builtin.ClickKeyword$_click_closure1.doCall(ClickKeyword.groovy:67)
	at com.kms.katalon.core.webui.keyword.builtin.ClickKeyword$_click_closure1.call(ClickKeyword.groovy)
	at com.kms.katalon.core.webui.keyword.internal.WebUIKeywordMain.runKeyword(WebUIKeywordMain.groovy:20)
	... 19 more
"/>
         <system-out><![CDATA[2023-03-09 14:04:25 - [TEST_CASE][FAILED] - Test Cases/1.2-Tareas_Secundarias/A.2-Pruebas_planta_personal/12.2.6-Definir_perfil: Test Cases/1.2-Tareas_Secundarias/A.2-Pruebas_planta_personal/12.2.6-Definir_perfil FAILED.
Reason:
com.kms.katalon.core.exception.StepFailedException: Unable to click on object 'Object Repository/2-OBJECTS TAREAS SECUNDARIAS/Pruebas planta personal/Definir_perfil/a_Contratos'
	at com.kms.katalon.core.webui.keyword.internal.WebUIKeywordMain.stepFailed(WebUIKeywordMain.groovy:64)
	at com.kms.katalon.core.webui.keyword.internal.WebUIKeywordMain.runKeyword(WebUIKeywordMain.groovy:26)
	at com.kms.katalon.core.webui.keyword.builtin.ClickKeyword.click(ClickKeyword.groovy:74)
	at com.kms.katalon.core.webui.keyword.builtin.ClickKeyword.execute(ClickKeyword.groovy:40)
	at com.kms.katalon.core.keyword.internal.KeywordExecutor.executeKeywordForPlatform(KeywordExecutor.groovy:74)
	at com.kms.katalon.core.webui.keyword.WebUiBuiltInKeywords.click(WebUiBuiltInKeywords.groovy:620)
	at com.kms.katalon.core.webui.keyword.WebUiBuiltInKeywords$click$9.call(Unknown Source)
	at 12.2.6-Definir_perfil.run(12.2.6-Definir_perfil:49)
	at com.kms.katalon.core.main.ScriptEngine.run(ScriptEngine.java:194)
	at com.kms.katalon.core.main.ScriptEngine.runScriptAsRawText(ScriptEngine.java:119)
	at com.kms.katalon.core.main.TestCaseExecutor.runScript(TestCaseExecutor.java:448)
	at com.kms.katalon.core.main.TestCaseExecutor.doExecute(TestCaseExecutor.java:439)
	at com.kms.katalon.core.main.TestCaseExecutor.processExecutionPhase(TestCaseExecutor.java:418)
	at com.kms.katalon.core.main.TestCaseExecutor.accessMainPhase(TestCaseExecutor.java:410)
	at com.kms.katalon.core.main.TestCaseExecutor.execute(TestCaseExecutor.java:285)
	at com.kms.katalon.core.common.CommonExecutor.accessTestCaseMainPhase(CommonExecutor.java:65)
	at com.kms.katalon.core.main.TestSuiteExecutor.accessTestSuiteMainPhase(TestSuiteExecutor.java:151)
	at com.kms.katalon.core.main.TestSuiteExecutor.execute(TestSuiteExecutor.java:106)
	at com.kms.katalon.core.main.TestCaseMain.startTestSuite(TestCaseMain.java:185)
	at com.kms.katalon.core.main.TestCaseMain$startTestSuite$0.call(Unknown Source)
	at TempTestSuite1678383366099.run(TempTestSuite1678383366099.groovy:36)
Caused by: org.openqa.selenium.ElementClickInterceptedException: element click intercepted: Element <a id="descripcionCargo_form:j_idt662:j_idt664:j_idt1568" href="#" class="ui-commandlink ui-widget" onclick="PrimeFaces.ab({s:&quot;descripcionCargo_form:j_idt662:j_idt664:j_idt1568&quot;,f:&quot;descripcionCargo_form&quot;,u:&quot;areaAplicacion&quot;,onco:function(xhr,status,args,data){;}});return false;" style="display: inline-block;">...</a> is not clickable at point (113, 609). Other element would receive the click: <div id="popupErrorDialog:dialog_popupFoto_modal" class="ui-widget-overlay ui-dialog-mask" style="z-index: 1015;"></div>
  (Session info: chrome=110.0.5481.178)
Build info: version: '3.141.59', revision: 'e82be7d358', time: '2018-11-14T08:25:53'
System info: host: 'US-AF-000371', ip: '192.168.56.1', os.name: 'Windows 10', os.arch: 'amd64', os.version: '10.0', java.version: '1.8.0_282'
Driver info: com.kms.katalon.selenium.driver.CChromeDriver
Capabilities {acceptInsecureCerts: false, browserName: chrome, browserVersion: 110.0.5481.178, chrome: {chromedriverVersion: 109.0.5414.74 (e7c5703604da..., userDataDir: C:\Users\DIEGO~1.ROJ\AppDat...}, goog:chromeOptions: {debuggerAddress: localhost:51691}, javascriptEnabled: true, networkConnectionEnabled: false, pageLoadStrategy: normal, platform: WINDOWS, platformName: WINDOWS, proxy: Proxy(), setWindowRect: true, strictFileInteractability: false, timeouts: {implicit: 0, pageLoad: 300000, script: 30000}, unhandledPromptBehavior: dismiss and notify, webauthn:extension:credBlob: true, webauthn:extension:largeBlob: true, webauthn:virtualAuthenticators: true}
Session ID: 1efc69af9faf5b87d13d587256169368
	at org.openqa.selenium.remote.http.W3CHttpResponseCodec.createException(W3CHttpResponseCodec.java:187)
	at org.openqa.selenium.remote.http.W3CHttpResponseCodec.decode(W3CHttpResponseCodec.java:122)
	at org.openqa.selenium.remote.http.W3CHttpResponseCodec.decode(W3CHttpResponseCodec.java:49)
	at org.openqa.selenium.remote.HttpCommandExecutor.execute(HttpCommandExecutor.java:158)
	at org.openqa.selenium.remote.service.DriverCommandExecutor.execute(DriverCommandExecutor.java:83)
	at org.openqa.selenium.remote.RemoteWebDriver.execute(RemoteWebDriver.java:552)
	at com.kms.katalon.selenium.driver.CChromeDriver.execute(CChromeDriver.java:19)
	at org.openqa.selenium.remote.RemoteWebElement.execute(RemoteWebElement.java:285)
	at org.openqa.selenium.remote.RemoteWebElement.click(RemoteWebElement.java:84)
	at org.openqa.selenium.support.events.EventFiringWebDriver$EventFiringWebElement.lambda$new$0(EventFiringWebDriver.java:404)
	at com.sun.proxy.$Proxy11.click(Unknown Source)
	at org.openqa.selenium.support.events.EventFiringWebDriver$EventFiringWebElement.click(EventFiringWebDriver.java:417)
	at org.openqa.selenium.WebElement$click$0.call(Unknown Source)
	at com.kms.katalon.core.webui.keyword.builtin.ClickKeyword.clickUntilSuccessWithTimeout(ClickKeyword.groovy:81)
	at com.kms.katalon.core.webui.keyword.builtin.ClickKeyword.clickUntilSuccessWithTimeout(ClickKeyword.groovy)
	at com.kms.katalon.core.webui.keyword.builtin.ClickKeyword$_click_closure1.doCall(ClickKeyword.groovy:67)
	at com.kms.katalon.core.webui.keyword.builtin.ClickKeyword$_click_closure1.call(ClickKeyword.groovy)
	at com.kms.katalon.core.webui.keyword.internal.WebUIKeywordMain.runKeyword(WebUIKeywordMain.groovy:20)
	... 19 more


2023-03-09 14:04:26 - [TEST_STEP][PASSED] - callTestCase(findTestCase("0.1-Login"), [:], STOP_ON_FAILURE): Call Test Case 'Test Cases/0.1-Login' successfully

2023-03-09 14:04:26 - [TEST_CASE][PASSED] - Test Cases/0.1-Login: Test Cases/0.1-Login

2023-03-09 14:04:26 - [TEST_STEP][PASSED] - openBrowser(""): Browser is opened with url: ''

2023-03-09 14:04:26 - [MESSAGE][WARNING] - A browser is already opened. Closing browser and opening a new one

2023-03-09 14:04:27 - [MESSAGE][INFO] - Starting 'Chrome' driver

2023-03-09 14:04:27 - [MESSAGE][INFO] - Action delay is set to 0 milliseconds

2023-03-09 14:04:28 - [MESSAGE][PASSED] - Browser is opened with url: ''

2023-03-09 14:04:28 - [TEST_STEP][PASSED] - maximizeWindow(): Current window maximized

2023-03-09 14:04:28 - [MESSAGE][PASSED] - Current window maximized

2023-03-09 14:04:28 - [TEST_STEP][PASSED] - i = G_Login: null

2023-03-09 14:04:28 - [TEST_STEP][PASSED] - url = new java.net.URL(i): null

2023-03-09 14:04:28 - [TEST_STEP][PASSED] - println("URL: " + url.toString()): null

2023-03-09 14:04:28 - [TEST_STEP][PASSED] - connection = url.openConnection(): null

2023-03-09 14:04:28 - [TEST_STEP][PASSED] - connection.setRequestMethod("GET"): null

2023-03-09 14:04:28 - [TEST_STEP][PASSED] - connection.setReadTimeout(2 * 1000): null

2023-03-09 14:04:28 - [TEST_STEP][PASSED] - try: null

2023-03-09 14:04:28 - [TEST_STEP][PASSED] - connection.connect(): null

2023-03-09 14:04:28 - [TEST_STEP][PASSED] - flag = connected: null

2023-03-09 14:04:28 - [TEST_STEP][PASSED] - println("Valor_ori: " + flag): null

2023-03-09 14:04:28 - [TEST_STEP][PASSED] - if (flag): null

2023-03-09 14:04:28 - [TEST_STEP][PASSED] - navigateToUrl(i): Navigate to 'http://192.168.2.19:7001/saraweb' successfully

2023-03-09 14:04:30 - [MESSAGE][PASSED] - Navigate to 'http://192.168.2.19:7001/saraweb' successfully

2023-03-09 14:04:30 - [TEST_STEP][PASSED] - a(): null

2023-03-09 14:04:30 - [TEST_STEP][PASSED] - if (waitForElementVisible(findTestObject("3-OBJECTS UTILIDADES/Login/input_USUARIO_loginusuario"), 0)): null

2023-03-09 14:04:30 - [MESSAGE][WARNING] - Timeout '0' is invalid. Using default page load timeout: '37'

2023-03-09 14:04:30 - [MESSAGE][PASSED] - Object 'Object Repository/3-OBJECTS UTILIDADES/Login/input_USUARIO_loginusuario' is visible

2023-03-09 14:04:30 - [TEST_STEP][PASSED] - switchToWindowTitle("SARA"): Switched to window with title: 'SARA'

2023-03-09 14:04:30 - [MESSAGE][PASSED] - Switched to window with title: 'SARA'

2023-03-09 14:04:30 - [TEST_STEP][PASSED] - zoom(): null

2023-03-09 14:04:30 - [TEST_STEP][PASSED] - robot = new java.awt.Robot(): null

2023-03-09 14:04:30 - [TEST_STEP][PASSED] - robot.keyPress(VK_CONTROL): null

2023-03-09 14:04:30 - [TEST_STEP][PASSED] - robot.keyPress(VK_SUBTRACT): null

2023-03-09 14:04:30 - [TEST_STEP][PASSED] - robot.keyRelease(VK_CONTROL): null

2023-03-09 14:04:30 - [TEST_STEP][PASSED] - robot.keyRelease(VK_SUBTRACT): null

2023-03-09 14:04:30 - [TEST_STEP][PASSED] - robot.keyPress(VK_CONTROL): null

2023-03-09 14:04:30 - [TEST_STEP][PASSED] - robot.keyPress(VK_SUBTRACT): null

2023-03-09 14:04:30 - [TEST_STEP][PASSED] - robot.keyRelease(VK_CONTROL): null

2023-03-09 14:04:30 - [TEST_STEP][PASSED] - robot.keyRelease(VK_SUBTRACT): null

2023-03-09 14:04:30 - [TEST_STEP][PASSED] - robot.keyPress(VK_CONTROL): null

2023-03-09 14:04:30 - [TEST_STEP][PASSED] - robot.keyPress(VK_SUBTRACT): null

2023-03-09 14:04:30 - [TEST_STEP][PASSED] - robot.keyRelease(VK_CONTROL): null

2023-03-09 14:04:30 - [TEST_STEP][PASSED] - robot.keyRelease(VK_SUBTRACT): null

2023-03-09 14:04:30 - [TEST_STEP][PASSED] - robot.keyRelease(VK_CONTROL): null

2023-03-09 14:04:30 - [TEST_STEP][PASSED] - robot.keyRelease(VK_SUBTRACT): null

2023-03-09 14:04:30 - [TEST_STEP][PASSED] - setText(findTestObject("3-OBJECTS UTILIDADES/Login/input_USUARIO_loginusuario"), G_Usuario): Text 'weblogic' is set on object 'Object Repository/3-OBJECTS UTILIDADES/Login/input_USUARIO_loginusuario'

2023-03-09 14:04:31 - [MESSAGE][PASSED] - Text 'weblogic' is set on object 'Object Repository/3-OBJECTS UTILIDADES/Login/input_USUARIO_loginusuario'

2023-03-09 14:04:31 - [TEST_STEP][PASSED] - setEncryptedText(findTestObject("3-OBJECTS UTILIDADES/Login/input_CLAVE_loginpassword"), "SlAwMcyRKqrwbnzhAs8HhT6NnI7sEyng"): Text ****** has been set on object 'Object Repository/3-OBJECTS UTILIDADES/Login/input_CLAVE_loginpassword'

2023-03-09 14:04:34 - [MESSAGE][PASSED] - Text ****** has been set on object 'Object Repository/3-OBJECTS UTILIDADES/Login/input_CLAVE_loginpassword'

2023-03-09 14:04:34 - [TEST_STEP][PASSED] - while (waitForElementClickable(findTestObject("3-OBJECTS UTILIDADES/Login/a_Ingresar"), 1)): Web element with id: 'Object Repository/3-OBJECTS UTILIDADES/Login/a_Ingresar' located by '//a[contains(text(),'Ingresar')]' not found

2023-03-09 14:04:36 - [MESSAGE][INFO] - Unable to find the element located by 'By.xpath: //a[contains(text(),'Ingresar')]'. Please recheck the objects properties to make sure the desired element is located. 

2023-03-09 14:04:36 - [MESSAGE][WARNING] - Web element with id: 'Object Repository/3-OBJECTS UTILIDADES/Login/a_Ingresar' located by '//a[contains(text(),'Ingresar')]' not found

2023-03-09 14:04:36 - [MESSAGE][PASSED] - Call Test Case 'Test Cases/0.1-Login' successfully

2023-03-09 14:04:36 - [TEST_STEP][PASSED] - setText(findTestObject("2-OBJECTS TAREAS SECUNDARIAS/Pruebas planta personal/Definir_perfil/input_Empresa 1_form_templatej_idt24_input"), "Listado Descripcion Cargo"): Text 'Listado Descripcion Cargo' is set on object 'Object Repository/2-OBJECTS TAREAS SECUNDARIAS/Pruebas planta personal/Definir_perfil/input_Empresa 1_form_templatej_idt24_input'

2023-03-09 14:04:37 - [MESSAGE][PASSED] - Text 'Listado Descripcion Cargo' is set on object 'Object Repository/2-OBJECTS TAREAS SECUNDARIAS/Pruebas planta personal/Definir_perfil/input_Empresa 1_form_templatej_idt24_input'

2023-03-09 14:04:37 - [TEST_STEP][PASSED] - click(findTestObject("2-OBJECTS TAREAS SECUNDARIAS/Pruebas planta personal/Definir_perfil/li_Listado Descripcion Cargo (tal)")): Object: 'Object Repository/2-OBJECTS TAREAS SECUNDARIAS/Pruebas planta personal/Definir_perfil/li_Listado Descripcion Cargo (tal)' is clicked on

2023-03-09 14:04:39 - [MESSAGE][PASSED] - Object: 'Object Repository/2-OBJECTS TAREAS SECUNDARIAS/Pruebas planta personal/Definir_perfil/li_Listado Descripcion Cargo (tal)' is clicked on

2023-03-09 14:04:39 - [TEST_STEP][PASSED] - click(findTestObject("2-OBJECTS TAREAS SECUNDARIAS/Pruebas planta personal/Definir_perfil/a_Unidad_form_listadoDescripcionCargoj_idt66")): Object: 'Object Repository/2-OBJECTS TAREAS SECUNDARIAS/Pruebas planta personal/Definir_perfil/a_Unidad_form_listadoDescripcionCargoj_idt66' is clicked on

2023-03-09 14:04:41 - [MESSAGE][PASSED] - Object: 'Object Repository/2-OBJECTS TAREAS SECUNDARIAS/Pruebas planta personal/Definir_perfil/a_Unidad_form_listadoDescripcionCargoj_idt66' is clicked on

2023-03-09 14:04:41 - [TEST_STEP][PASSED] - setText(findTestObject("2-OBJECTS TAREAS SECUNDARIAS/Pruebas planta personal/Definir_perfil/input_Unidad_form_popupUnidadUsuarioj_idt612"), "ADMINISTRACION"): Text 'ADMINISTRACION' is set on object 'Object Repository/2-OBJECTS TAREAS SECUNDARIAS/Pruebas planta personal/Definir_perfil/input_Unidad_form_popupUnidadUsuarioj_idt612'

2023-03-09 14:04:42 - [MESSAGE][PASSED] - Text 'ADMINISTRACION' is set on object 'Object Repository/2-OBJECTS TAREAS SECUNDARIAS/Pruebas planta personal/Definir_perfil/input_Unidad_form_popupUnidadUsuarioj_idt612'

2023-03-09 14:04:42 - [TEST_STEP][PASSED] - sendKeys(findTestObject("2-OBJECTS TAREAS SECUNDARIAS/Pruebas planta personal/Definir_perfil/input_Unidad_form_popupUnidadUsuarioj_idt612"), Keys.chord(ENTER)): Keys 'ENTER + ' sent to object: 'Object Repository/2-OBJECTS TAREAS SECUNDARIAS/Pruebas planta personal/Definir_perfil/input_Unidad_form_popupUnidadUsuarioj_idt612'

2023-03-09 14:04:43 - [MESSAGE][PASSED] - Keys 'ENTER + ' sent to object: 'Object Repository/2-OBJECTS TAREAS SECUNDARIAS/Pruebas planta personal/Definir_perfil/input_Unidad_form_popupUnidadUsuarioj_idt612'

2023-03-09 14:04:43 - [TEST_STEP][PASSED] - click(findTestObject("2-OBJECTS TAREAS SECUNDARIAS/Pruebas planta personal/Definir_perfil/span_ADMINISTRACION")): Object: 'Object Repository/2-OBJECTS TAREAS SECUNDARIAS/Pruebas planta personal/Definir_perfil/span_ADMINISTRACION' is clicked on

2023-03-09 14:04:44 - [MESSAGE][PASSED] - Object: 'Object Repository/2-OBJECTS TAREAS SECUNDARIAS/Pruebas planta personal/Definir_perfil/span_ADMINISTRACION' is clicked on

2023-03-09 14:04:44 - [TEST_STEP][PASSED] - click(findTestObject("2-OBJECTS TAREAS SECUNDARIAS/Pruebas planta personal/Definir_perfil/a_Cargo_form_listadoDescripcionCargoj_idt70")): Object: 'Object Repository/2-OBJECTS TAREAS SECUNDARIAS/Pruebas planta personal/Definir_perfil/a_Cargo_form_listadoDescripcionCargoj_idt70' is clicked on

2023-03-09 14:04:44 - [MESSAGE][PASSED] - Object: 'Object Repository/2-OBJECTS TAREAS SECUNDARIAS/Pruebas planta personal/Definir_perfil/a_Cargo_form_listadoDescripcionCargoj_idt70' is clicked on

2023-03-09 14:04:44 - [TEST_STEP][PASSED] - click(findTestObject("2-OBJECTS TAREAS SECUNDARIAS/Pruebas planta personal/Definir_perfil/span_40 MIL STAFF")): Object: 'Object Repository/2-OBJECTS TAREAS SECUNDARIAS/Pruebas planta personal/Definir_perfil/span_40 MIL STAFF' is clicked on

2023-03-09 14:04:45 - [MESSAGE][PASSED] - Object: 'Object Repository/2-OBJECTS TAREAS SECUNDARIAS/Pruebas planta personal/Definir_perfil/span_40 MIL STAFF' is clicked on

2023-03-09 14:04:45 - [TEST_STEP][PASSED] - click(findTestObject("2-OBJECTS TAREAS SECUNDARIAS/Pruebas planta personal/Definir_perfil/span_01072021")): Object: 'Object Repository/2-OBJECTS TAREAS SECUNDARIAS/Pruebas planta personal/Definir_perfil/span_01072021' is clicked on

2023-03-09 14:04:46 - [MESSAGE][PASSED] - Object: 'Object Repository/2-OBJECTS TAREAS SECUNDARIAS/Pruebas planta personal/Definir_perfil/span_01072021' is clicked on

2023-03-09 14:04:46 - [TEST_STEP][PASSED] - if (waitForElementVisible(findTestObject("2-OBJECTS TAREAS SECUNDARIAS/Pruebas planta personal/Definir_perfil/a_Definir Perfil"), 1)): Web element with id: 'Object Repository/2-OBJECTS TAREAS SECUNDARIAS/Pruebas planta personal/Definir_perfil/a_Definir Perfil' located by '//a[contains(text(),'Definir Perfil')]' not found

2023-03-09 14:04:48 - [MESSAGE][INFO] - Unable to find the element located by 'By.xpath: //a[contains(text(),'Definir Perfil')]'. Please recheck the objects properties to make sure the desired element is located. 

2023-03-09 14:04:48 - [MESSAGE][WARNING] - Web element with id: 'Object Repository/2-OBJECTS TAREAS SECUNDARIAS/Pruebas planta personal/Definir_perfil/a_Definir Perfil' located by '//a[contains(text(),'Definir Perfil')]' not found

2023-03-09 14:04:48 - [TEST_STEP][FAILED] - click(findTestObject("2-OBJECTS TAREAS SECUNDARIAS/Pruebas planta personal/Definir_perfil/a_Contratos")): Unable to click on object 'Object Repository/2-OBJECTS TAREAS SECUNDARIAS/Pruebas planta personal/Definir_perfil/a_Contratos' (Root cause: com.kms.katalon.core.exception.StepFailedException: Unable to click on object 'Object Repository/2-OBJECTS TAREAS SECUNDARIAS/Pruebas planta personal/Definir_perfil/a_Contratos'
	at com.kms.katalon.core.webui.keyword.internal.WebUIKeywordMain.stepFailed(WebUIKeywordMain.groovy:64)
	at com.kms.katalon.core.webui.keyword.internal.WebUIKeywordMain.runKeyword(WebUIKeywordMain.groovy:26)
	at com.kms.katalon.core.webui.keyword.builtin.ClickKeyword.click(ClickKeyword.groovy:74)
	at com.kms.katalon.core.webui.keyword.builtin.ClickKeyword.execute(ClickKeyword.groovy:40)
	at com.kms.katalon.core.keyword.internal.KeywordExecutor.executeKeywordForPlatform(KeywordExecutor.groovy:74)
	at com.kms.katalon.core.webui.keyword.WebUiBuiltInKeywords.click(WebUiBuiltInKeywords.groovy:620)
	at com.kms.katalon.core.webui.keyword.WebUiBuiltInKeywords$click$9.call(Unknown Source)
	at 12.2.6-Definir_perfil.run(12.2.6-Definir_perfil:49)
	at com.kms.katalon.core.main.ScriptEngine.run(ScriptEngine.java:194)
	at com.kms.katalon.core.main.ScriptEngine.runScriptAsRawText(ScriptEngine.java:119)
	at com.kms.katalon.core.main.TestCaseExecutor.runScript(TestCaseExecutor.java:448)
	at com.kms.katalon.core.main.TestCaseExecutor.doExecute(TestCaseExecutor.java:439)
	at com.kms.katalon.core.main.TestCaseExecutor.processExecutionPhase(TestCaseExecutor.java:418)
	at com.kms.katalon.core.main.TestCaseExecutor.accessMainPhase(TestCaseExecutor.java:410)
	at com.kms.katalon.core.main.TestCaseExecutor.execute(TestCaseExecutor.java:285)
	at com.kms.katalon.core.common.CommonExecutor.accessTestCaseMainPhase(CommonExecutor.java:65)
	at com.kms.katalon.core.main.TestSuiteExecutor.accessTestSuiteMainPhase(TestSuiteExecutor.java:151)
	at com.kms.katalon.core.main.TestSuiteExecutor.execute(TestSuiteExecutor.java:106)
	at com.kms.katalon.core.main.TestCaseMain.startTestSuite(TestCaseMain.java:185)
	at com.kms.katalon.core.main.TestCaseMain$startTestSuite$0.call(Unknown Source)
	at TempTestSuite1678383366099.run(TempTestSuite1678383366099.groovy:36)
Caused by: org.openqa.selenium.ElementClickInterceptedException: element click intercepted: Element <a id="descripcionCargo_form:j_idt662:j_idt664:j_idt1568" href="#" class="ui-commandlink ui-widget" onclick="PrimeFaces.ab({s:&quot;descripcionCargo_form:j_idt662:j_idt664:j_idt1568&quot;,f:&quot;descripcionCargo_form&quot;,u:&quot;areaAplicacion&quot;,onco:function(xhr,status,args,data){;}});return false;" style="display: inline-block;">...</a> is not clickable at point (113, 609). Other element would receive the click: <div id="popupErrorDialog:dialog_popupFoto_modal" class="ui-widget-overlay ui-dialog-mask" style="z-index: 1015;"></div>
  (Session info: chrome=110.0.5481.178)
Build info: version: '3.141.59', revision: 'e82be7d358', time: '2018-11-14T08:25:53'
System info: host: 'US-AF-000371', ip: '192.168.56.1', os.name: 'Windows 10', os.arch: 'amd64', os.version: '10.0', java.version: '1.8.0_282'
Driver info: com.kms.katalon.selenium.driver.CChromeDriver
Capabilities {acceptInsecureCerts: false, browserName: chrome, browserVersion: 110.0.5481.178, chrome: {chromedriverVersion: 109.0.5414.74 (e7c5703604da..., userDataDir: C:\Users\DIEGO~1.ROJ\AppDat...}, goog:chromeOptions: {debuggerAddress: localhost:51691}, javascriptEnabled: true, networkConnectionEnabled: false, pageLoadStrategy: normal, platform: WINDOWS, platformName: WINDOWS, proxy: Proxy(), setWindowRect: true, strictFileInteractability: false, timeouts: {implicit: 0, pageLoad: 300000, script: 30000}, unhandledPromptBehavior: dismiss and notify, webauthn:extension:credBlob: true, webauthn:extension:largeBlob: true, webauthn:virtualAuthenticators: true}
Session ID: 1efc69af9faf5b87d13d587256169368
	at org.openqa.selenium.remote.http.W3CHttpResponseCodec.createException(W3CHttpResponseCodec.java:187)
	at org.openqa.selenium.remote.http.W3CHttpResponseCodec.decode(W3CHttpResponseCodec.java:122)
	at org.openqa.selenium.remote.http.W3CHttpResponseCodec.decode(W3CHttpResponseCodec.java:49)
	at org.openqa.selenium.remote.HttpCommandExecutor.execute(HttpCommandExecutor.java:158)
	at org.openqa.selenium.remote.service.DriverCommandExecutor.execute(DriverCommandExecutor.java:83)
	at org.openqa.selenium.remote.RemoteWebDriver.execute(RemoteWebDriver.java:552)
	at com.kms.katalon.selenium.driver.CChromeDriver.execute(CChromeDriver.java:19)
	at org.openqa.selenium.remote.RemoteWebElement.execute(RemoteWebElement.java:285)
	at org.openqa.selenium.remote.RemoteWebElement.click(RemoteWebElement.java:84)
	at org.openqa.selenium.support.events.EventFiringWebDriver$EventFiringWebElement.lambda$new$0(EventFiringWebDriver.java:404)
	at com.sun.proxy.$Proxy11.click(Unknown Source)
	at org.openqa.selenium.support.events.EventFiringWebDriver$EventFiringWebElement.click(EventFiringWebDriver.java:417)
	at org.openqa.selenium.WebElement$click$0.call(Unknown Source)
	at com.kms.katalon.core.webui.keyword.builtin.ClickKeyword.clickUntilSuccessWithTimeout(ClickKeyword.groovy:81)
	at com.kms.katalon.core.webui.keyword.builtin.ClickKeyword.clickUntilSuccessWithTimeout(ClickKeyword.groovy)
	at com.kms.katalon.core.webui.keyword.builtin.ClickKeyword$_click_closure1.doCall(ClickKeyword.groovy:67)
	at com.kms.katalon.core.webui.keyword.builtin.ClickKeyword$_click_closure1.call(ClickKeyword.groovy)
	at com.kms.katalon.core.webui.keyword.internal.WebUIKeywordMain.runKeyword(WebUIKeywordMain.groovy:20)
	at com.kms.katalon.core.webui.keyword.builtin.ClickKeyword.click(ClickKeyword.groovy:74)
	at com.kms.katalon.core.webui.keyword.builtin.ClickKeyword.execute(ClickKeyword.groovy:40)
	at com.kms.katalon.core.keyword.internal.KeywordExecutor.executeKeywordForPlatform(KeywordExecutor.groovy:74)
	at com.kms.katalon.core.webui.keyword.WebUiBuiltInKeywords.click(WebUiBuiltInKeywords.groovy:620)
	at com.kms.katalon.core.webui.keyword.WebUiBuiltInKeywords$click$9.call(Unknown Source)
	at Script1648474008106.run(Script1648474008106.groovy:49)
	... 13 more
)

2023-03-09 14:05:28 - [MESSAGE][FAILED] - Unable to click on object 'Object Repository/2-OBJECTS TAREAS SECUNDARIAS/Pruebas planta personal/Definir_perfil/a_Contratos' (Root cause: com.kms.katalon.core.exception.StepFailedException: Unable to click on object 'Object Repository/2-OBJECTS TAREAS SECUNDARIAS/Pruebas planta personal/Definir_perfil/a_Contratos'
	at com.kms.katalon.core.webui.keyword.internal.WebUIKeywordMain.stepFailed(WebUIKeywordMain.groovy:64)
	at com.kms.katalon.core.webui.keyword.internal.WebUIKeywordMain.runKeyword(WebUIKeywordMain.groovy:26)
	at com.kms.katalon.core.webui.keyword.builtin.ClickKeyword.click(ClickKeyword.groovy:74)
	at com.kms.katalon.core.webui.keyword.builtin.ClickKeyword.execute(ClickKeyword.groovy:40)
	at com.kms.katalon.core.keyword.internal.KeywordExecutor.executeKeywordForPlatform(KeywordExecutor.groovy:74)
	at com.kms.katalon.core.webui.keyword.WebUiBuiltInKeywords.click(WebUiBuiltInKeywords.groovy:620)
	at com.kms.katalon.core.webui.keyword.WebUiBuiltInKeywords$click$9.call(Unknown Source)
	at 12.2.6-Definir_perfil.run(12.2.6-Definir_perfil:49)
	at com.kms.katalon.core.main.ScriptEngine.run(ScriptEngine.java:194)
	at com.kms.katalon.core.main.ScriptEngine.runScriptAsRawText(ScriptEngine.java:119)
	at com.kms.katalon.core.main.TestCaseExecutor.runScript(TestCaseExecutor.java:448)
	at com.kms.katalon.core.main.TestCaseExecutor.doExecute(TestCaseExecutor.java:439)
	at com.kms.katalon.core.main.TestCaseExecutor.processExecutionPhase(TestCaseExecutor.java:418)
	at com.kms.katalon.core.main.TestCaseExecutor.accessMainPhase(TestCaseExecutor.java:410)
	at com.kms.katalon.core.main.TestCaseExecutor.execute(TestCaseExecutor.java:285)
	at com.kms.katalon.core.common.CommonExecutor.accessTestCaseMainPhase(CommonExecutor.java:65)
	at com.kms.katalon.core.main.TestSuiteExecutor.accessTestSuiteMainPhase(TestSuiteExecutor.java:151)
	at com.kms.katalon.core.main.TestSuiteExecutor.execute(TestSuiteExecutor.java:106)
	at com.kms.katalon.core.main.TestCaseMain.startTestSuite(TestCaseMain.java:185)
	at com.kms.katalon.core.main.TestCaseMain$startTestSuite$0.call(Unknown Source)
	at TempTestSuite1678383366099.run(TempTestSuite1678383366099.groovy:36)
Caused by: org.openqa.selenium.ElementClickInterceptedException: element click intercepted: Element <a id="descripcionCargo_form:j_idt662:j_idt664:j_idt1568" href="#" class="ui-commandlink ui-widget" onclick="PrimeFaces.ab({s:&quot;descripcionCargo_form:j_idt662:j_idt664:j_idt1568&quot;,f:&quot;descripcionCargo_form&quot;,u:&quot;areaAplicacion&quot;,onco:function(xhr,status,args,data){;}});return false;" style="display: inline-block;">...</a> is not clickable at point (113, 609). Other element would receive the click: <div id="popupErrorDialog:dialog_popupFoto_modal" class="ui-widget-overlay ui-dialog-mask" style="z-index: 1015;"></div>
  (Session info: chrome=110.0.5481.178)
Build info: version: '3.141.59', revision: 'e82be7d358', time: '2018-11-14T08:25:53'
System info: host: 'US-AF-000371', ip: '192.168.56.1', os.name: 'Windows 10', os.arch: 'amd64', os.version: '10.0', java.version: '1.8.0_282'
Driver info: com.kms.katalon.selenium.driver.CChromeDriver
Capabilities {acceptInsecureCerts: false, browserName: chrome, browserVersion: 110.0.5481.178, chrome: {chromedriverVersion: 109.0.5414.74 (e7c5703604da..., userDataDir: C:\Users\DIEGO~1.ROJ\AppDat...}, goog:chromeOptions: {debuggerAddress: localhost:51691}, javascriptEnabled: true, networkConnectionEnabled: false, pageLoadStrategy: normal, platform: WINDOWS, platformName: WINDOWS, proxy: Proxy(), setWindowRect: true, strictFileInteractability: false, timeouts: {implicit: 0, pageLoad: 300000, script: 30000}, unhandledPromptBehavior: dismiss and notify, webauthn:extension:credBlob: true, webauthn:extension:largeBlob: true, webauthn:virtualAuthenticators: true}
Session ID: 1efc69af9faf5b87d13d587256169368
	at org.openqa.selenium.remote.http.W3CHttpResponseCodec.createException(W3CHttpResponseCodec.java:187)
	at org.openqa.selenium.remote.http.W3CHttpResponseCodec.decode(W3CHttpResponseCodec.java:122)
	at org.openqa.selenium.remote.http.W3CHttpResponseCodec.decode(W3CHttpResponseCodec.java:49)
	at org.openqa.selenium.remote.HttpCommandExecutor.execute(HttpCommandExecutor.java:158)
	at org.openqa.selenium.remote.service.DriverCommandExecutor.execute(DriverCommandExecutor.java:83)
	at org.openqa.selenium.remote.RemoteWebDriver.execute(RemoteWebDriver.java:552)
	at com.kms.katalon.selenium.driver.CChromeDriver.execute(CChromeDriver.java:19)
	at org.openqa.selenium.remote.RemoteWebElement.execute(RemoteWebElement.java:285)
	at org.openqa.selenium.remote.RemoteWebElement.click(RemoteWebElement.java:84)
	at org.openqa.selenium.support.events.EventFiringWebDriver$EventFiringWebElement.lambda$new$0(EventFiringWebDriver.java:404)
	at com.sun.proxy.$Proxy11.click(Unknown Source)
	at org.openqa.selenium.support.events.EventFiringWebDriver$EventFiringWebElement.click(EventFiringWebDriver.java:417)
	at org.openqa.selenium.WebElement$click$0.call(Unknown Source)
	at com.kms.katalon.core.webui.keyword.builtin.ClickKeyword.clickUntilSuccessWithTimeout(ClickKeyword.groovy:81)
	at com.kms.katalon.core.webui.keyword.builtin.ClickKeyword.clickUntilSuccessWithTimeout(ClickKeyword.groovy)
	at com.kms.katalon.core.webui.keyword.builtin.ClickKeyword$_click_closure1.doCall(ClickKeyword.groovy:67)
	at com.kms.katalon.core.webui.keyword.builtin.ClickKeyword$_click_closure1.call(ClickKeyword.groovy)
	at com.kms.katalon.core.webui.keyword.internal.WebUIKeywordMain.runKeyword(WebUIKeywordMain.groovy:20)
	at com.kms.katalon.core.webui.keyword.builtin.ClickKeyword.click(ClickKeyword.groovy:74)
	at com.kms.katalon.core.webui.keyword.builtin.ClickKeyword.execute(ClickKeyword.groovy:40)
	at com.kms.katalon.core.keyword.internal.KeywordExecutor.executeKeywordForPlatform(KeywordExecutor.groovy:74)
	at com.kms.katalon.core.webui.keyword.WebUiBuiltInKeywords.click(WebUiBuiltInKeywords.groovy:620)
	at com.kms.katalon.core.webui.keyword.WebUiBuiltInKeywords$click$9.call(Unknown Source)
	at Script1648474008106.run(Script1648474008106.groovy:49)
	... 13 more
)
[[ATTACHMENT|C:\\Users\\diego.rojas\\git\\Pruebas-Minimas\\Reports\\20230309_123606\\Test_Suite_Secundaria\\1-Tareas_secundarias\\20230309_123606\\1678388727912.png]]]]></system-out>
         <system-err><![CDATA[2023-03-09 14:04:25 - [TEST_CASE][FAILED] - Test Cases/1.2-Tareas_Secundarias/A.2-Pruebas_planta_personal/12.2.6-Definir_perfil: Test Cases/1.2-Tareas_Secundarias/A.2-Pruebas_planta_personal/12.2.6-Definir_perfil FAILED.
Reason:
com.kms.katalon.core.exception.StepFailedException: Unable to click on object 'Object Repository/2-OBJECTS TAREAS SECUNDARIAS/Pruebas planta personal/Definir_perfil/a_Contratos'
	at com.kms.katalon.core.webui.keyword.internal.WebUIKeywordMain.stepFailed(WebUIKeywordMain.groovy:64)
	at com.kms.katalon.core.webui.keyword.internal.WebUIKeywordMain.runKeyword(WebUIKeywordMain.groovy:26)
	at com.kms.katalon.core.webui.keyword.builtin.ClickKeyword.click(ClickKeyword.groovy:74)
	at com.kms.katalon.core.webui.keyword.builtin.ClickKeyword.execute(ClickKeyword.groovy:40)
	at com.kms.katalon.core.keyword.internal.KeywordExecutor.executeKeywordForPlatform(KeywordExecutor.groovy:74)
	at com.kms.katalon.core.webui.keyword.WebUiBuiltInKeywords.click(WebUiBuiltInKeywords.groovy:620)
	at com.kms.katalon.core.webui.keyword.WebUiBuiltInKeywords$click$9.call(Unknown Source)
	at 12.2.6-Definir_perfil.run(12.2.6-Definir_perfil:49)
	at com.kms.katalon.core.main.ScriptEngine.run(ScriptEngine.java:194)
	at com.kms.katalon.core.main.ScriptEngine.runScriptAsRawText(ScriptEngine.java:119)
	at com.kms.katalon.core.main.TestCaseExecutor.runScript(TestCaseExecutor.java:448)
	at com.kms.katalon.core.main.TestCaseExecutor.doExecute(TestCaseExecutor.java:439)
	at com.kms.katalon.core.main.TestCaseExecutor.processExecutionPhase(TestCaseExecutor.java:418)
	at com.kms.katalon.core.main.TestCaseExecutor.accessMainPhase(TestCaseExecutor.java:410)
	at com.kms.katalon.core.main.TestCaseExecutor.execute(TestCaseExecutor.java:285)
	at com.kms.katalon.core.common.CommonExecutor.accessTestCaseMainPhase(CommonExecutor.java:65)
	at com.kms.katalon.core.main.TestSuiteExecutor.accessTestSuiteMainPhase(TestSuiteExecutor.java:151)
	at com.kms.katalon.core.main.TestSuiteExecutor.execute(TestSuiteExecutor.java:106)
	at com.kms.katalon.core.main.TestCaseMain.startTestSuite(TestCaseMain.java:185)
	at com.kms.katalon.core.main.TestCaseMain$startTestSuite$0.call(Unknown Source)
	at TempTestSuite1678383366099.run(TempTestSuite1678383366099.groovy:36)
Caused by: org.openqa.selenium.ElementClickInterceptedException: element click intercepted: Element <a id="descripcionCargo_form:j_idt662:j_idt664:j_idt1568" href="#" class="ui-commandlink ui-widget" onclick="PrimeFaces.ab({s:&quot;descripcionCargo_form:j_idt662:j_idt664:j_idt1568&quot;,f:&quot;descripcionCargo_form&quot;,u:&quot;areaAplicacion&quot;,onco:function(xhr,status,args,data){;}});return false;" style="display: inline-block;">...</a> is not clickable at point (113, 609). Other element would receive the click: <div id="popupErrorDialog:dialog_popupFoto_modal" class="ui-widget-overlay ui-dialog-mask" style="z-index: 1015;"></div>
  (Session info: chrome=110.0.5481.178)
Build info: version: '3.141.59', revision: 'e82be7d358', time: '2018-11-14T08:25:53'
System info: host: 'US-AF-000371', ip: '192.168.56.1', os.name: 'Windows 10', os.arch: 'amd64', os.version: '10.0', java.version: '1.8.0_282'
Driver info: com.kms.katalon.selenium.driver.CChromeDriver
Capabilities {acceptInsecureCerts: false, browserName: chrome, browserVersion: 110.0.5481.178, chrome: {chromedriverVersion: 109.0.5414.74 (e7c5703604da..., userDataDir: C:\Users\DIEGO~1.ROJ\AppDat...}, goog:chromeOptions: {debuggerAddress: localhost:51691}, javascriptEnabled: true, networkConnectionEnabled: false, pageLoadStrategy: normal, platform: WINDOWS, platformName: WINDOWS, proxy: Proxy(), setWindowRect: true, strictFileInteractability: false, timeouts: {implicit: 0, pageLoad: 300000, script: 30000}, unhandledPromptBehavior: dismiss and notify, webauthn:extension:credBlob: true, webauthn:extension:largeBlob: true, webauthn:virtualAuthenticators: true}
Session ID: 1efc69af9faf5b87d13d587256169368
	at org.openqa.selenium.remote.http.W3CHttpResponseCodec.createException(W3CHttpResponseCodec.java:187)
	at org.openqa.selenium.remote.http.W3CHttpResponseCodec.decode(W3CHttpResponseCodec.java:122)
	at org.openqa.selenium.remote.http.W3CHttpResponseCodec.decode(W3CHttpResponseCodec.java:49)
	at org.openqa.selenium.remote.HttpCommandExecutor.execute(HttpCommandExecutor.java:158)
	at org.openqa.selenium.remote.service.DriverCommandExecutor.execute(DriverCommandExecutor.java:83)
	at org.openqa.selenium.remote.RemoteWebDriver.execute(RemoteWebDriver.java:552)
	at com.kms.katalon.selenium.driver.CChromeDriver.execute(CChromeDriver.java:19)
	at org.openqa.selenium.remote.RemoteWebElement.execute(RemoteWebElement.java:285)
	at org.openqa.selenium.remote.RemoteWebElement.click(RemoteWebElement.java:84)
	at org.openqa.selenium.support.events.EventFiringWebDriver$EventFiringWebElement.lambda$new$0(EventFiringWebDriver.java:404)
	at com.sun.proxy.$Proxy11.click(Unknown Source)
	at org.openqa.selenium.support.events.EventFiringWebDriver$EventFiringWebElement.click(EventFiringWebDriver.java:417)
	at org.openqa.selenium.WebElement$click$0.call(Unknown Source)
	at com.kms.katalon.core.webui.keyword.builtin.ClickKeyword.clickUntilSuccessWithTimeout(ClickKeyword.groovy:81)
	at com.kms.katalon.core.webui.keyword.builtin.ClickKeyword.clickUntilSuccessWithTimeout(ClickKeyword.groovy)
	at com.kms.katalon.core.webui.keyword.builtin.ClickKeyword$_click_closure1.doCall(ClickKeyword.groovy:67)
	at com.kms.katalon.core.webui.keyword.builtin.ClickKeyword$_click_closure1.call(ClickKeyword.groovy)
	at com.kms.katalon.core.webui.keyword.internal.WebUIKeywordMain.runKeyword(WebUIKeywordMain.groovy:20)
	... 19 more]]></system-err>
      </testcase>
      <testcase name="Test Cases/1.2-Tareas_Secundarias/A.2-Pruebas_planta_personal/12.2.7-Impresión_de_descripción_del_cargo" time="57.925" classname="Test Cases/1.2-Tareas_Secundarias/A.2-Pruebas_planta_personal/12.2.7-Impresión_de_descripción_del_cargo" status="FAILED">
         <failure type="FAILED" message="Test Cases/1.2-Tareas_Secundarias/A.2-Pruebas_planta_personal/12.2.7-Impresión_de_descripción_del_cargo FAILED.
Reason:
com.kms.katalon.core.exception.StepFailedException: Unable to click on object 'Object Repository/2-OBJECTS TAREAS SECUNDARIAS/Pruebas planta personal/Impresión_de_descripción_del_cargo/a_Imprimir Publicacin'
	at com.kms.katalon.core.webui.keyword.internal.WebUIKeywordMain.stepFailed(WebUIKeywordMain.groovy:64)
	at com.kms.katalon.core.webui.keyword.internal.WebUIKeywordMain.runKeyword(WebUIKeywordMain.groovy:26)
	at com.kms.katalon.core.webui.keyword.builtin.ClickKeyword.click(ClickKeyword.groovy:74)
	at com.kms.katalon.core.webui.keyword.builtin.ClickKeyword.execute(ClickKeyword.groovy:40)
	at com.kms.katalon.core.keyword.internal.KeywordExecutor.executeKeywordForPlatform(KeywordExecutor.groovy:74)
	at com.kms.katalon.core.webui.keyword.WebUiBuiltInKeywords.click(WebUiBuiltInKeywords.groovy:620)
	at com.kms.katalon.core.webui.keyword.WebUiBuiltInKeywords$click$9.call(Unknown Source)
	at 12.2.7-Impresión_de_descripción_del_cargo.run(12.2.7-Impresión_de_descripción_del_cargo:33)
	at com.kms.katalon.core.main.ScriptEngine.run(ScriptEngine.java:194)
	at com.kms.katalon.core.main.ScriptEngine.runScriptAsRawText(ScriptEngine.java:119)
	at com.kms.katalon.core.main.TestCaseExecutor.runScript(TestCaseExecutor.java:448)
	at com.kms.katalon.core.main.TestCaseExecutor.doExecute(TestCaseExecutor.java:439)
	at com.kms.katalon.core.main.TestCaseExecutor.processExecutionPhase(TestCaseExecutor.java:418)
	at com.kms.katalon.core.main.TestCaseExecutor.accessMainPhase(TestCaseExecutor.java:410)
	at com.kms.katalon.core.main.TestCaseExecutor.execute(TestCaseExecutor.java:285)
	at com.kms.katalon.core.common.CommonExecutor.accessTestCaseMainPhase(CommonExecutor.java:65)
	at com.kms.katalon.core.main.TestSuiteExecutor.accessTestSuiteMainPhase(TestSuiteExecutor.java:151)
	at com.kms.katalon.core.main.TestSuiteExecutor.execute(TestSuiteExecutor.java:106)
	at com.kms.katalon.core.main.TestCaseMain.startTestSuite(TestCaseMain.java:185)
	at com.kms.katalon.core.main.TestCaseMain$startTestSuite$0.call(Unknown Source)
	at TempTestSuite1678383366099.run(TempTestSuite1678383366099.groovy:36)
Caused by: org.openqa.selenium.ElementClickInterceptedException: element click intercepted: Element &lt;a id=&quot;descripcionCargo_form:j_idt669:j_idt671:j_idt1585&quot; href=&quot;#&quot; class=&quot;ui-commandlink ui-widget&quot; onclick=&quot;PrimeFaces.ab({s:&amp;quot;descripcionCargo_form:j_idt669:j_idt671:j_idt1585&amp;quot;,f:&amp;quot;descripcionCargo_form&amp;quot;,u:&amp;quot;areaAplicacion&amp;quot;,onco:function(xhr,status,args,data){;}});return false;&quot; style=&quot;display: inline-block;&quot;>...&lt;/a> is not clickable at point (141, 609). Other element would receive the click: &lt;div id=&quot;popupErrorDialog:dialog_popupFoto_modal&quot; class=&quot;ui-widget-overlay ui-dialog-mask&quot; style=&quot;z-index: 1008;&quot;>&lt;/div>
  (Session info: chrome=110.0.5481.178)
Build info: version: '3.141.59', revision: 'e82be7d358', time: '2018-11-14T08:25:53'
System info: host: 'US-AF-000371', ip: '192.168.56.1', os.name: 'Windows 10', os.arch: 'amd64', os.version: '10.0', java.version: '1.8.0_282'
Driver info: com.kms.katalon.selenium.driver.CChromeDriver
Capabilities {acceptInsecureCerts: false, browserName: chrome, browserVersion: 110.0.5481.178, chrome: {chromedriverVersion: 109.0.5414.74 (e7c5703604da..., userDataDir: C:\Users\DIEGO~1.ROJ\AppDat...}, goog:chromeOptions: {debuggerAddress: localhost:51806}, javascriptEnabled: true, networkConnectionEnabled: false, pageLoadStrategy: normal, platform: WINDOWS, platformName: WINDOWS, proxy: Proxy(), setWindowRect: true, strictFileInteractability: false, timeouts: {implicit: 0, pageLoad: 300000, script: 30000}, unhandledPromptBehavior: dismiss and notify, webauthn:extension:credBlob: true, webauthn:extension:largeBlob: true, webauthn:virtualAuthenticators: true}
Session ID: 3596631721f0e0d4806071aede307860
	at org.openqa.selenium.remote.http.W3CHttpResponseCodec.createException(W3CHttpResponseCodec.java:187)
	at org.openqa.selenium.remote.http.W3CHttpResponseCodec.decode(W3CHttpResponseCodec.java:122)
	at org.openqa.selenium.remote.http.W3CHttpResponseCodec.decode(W3CHttpResponseCodec.java:49)
	at org.openqa.selenium.remote.HttpCommandExecutor.execute(HttpCommandExecutor.java:158)
	at org.openqa.selenium.remote.service.DriverCommandExecutor.execute(DriverCommandExecutor.java:83)
	at org.openqa.selenium.remote.RemoteWebDriver.execute(RemoteWebDriver.java:552)
	at com.kms.katalon.selenium.driver.CChromeDriver.execute(CChromeDriver.java:19)
	at org.openqa.selenium.remote.RemoteWebElement.execute(RemoteWebElement.java:285)
	at org.openqa.selenium.remote.RemoteWebElement.click(RemoteWebElement.java:84)
	at org.openqa.selenium.support.events.EventFiringWebDriver$EventFiringWebElement.lambda$new$0(EventFiringWebDriver.java:404)
	at com.sun.proxy.$Proxy11.click(Unknown Source)
	at org.openqa.selenium.support.events.EventFiringWebDriver$EventFiringWebElement.click(EventFiringWebDriver.java:417)
	at org.openqa.selenium.WebElement$click$0.call(Unknown Source)
	at com.kms.katalon.core.webui.keyword.builtin.ClickKeyword.clickUntilSuccessWithTimeout(ClickKeyword.groovy:81)
	at com.kms.katalon.core.webui.keyword.builtin.ClickKeyword.clickUntilSuccessWithTimeout(ClickKeyword.groovy)
	at com.kms.katalon.core.webui.keyword.builtin.ClickKeyword$_click_closure1.doCall(ClickKeyword.groovy:67)
	at com.kms.katalon.core.webui.keyword.builtin.ClickKeyword$_click_closure1.call(ClickKeyword.groovy)
	at com.kms.katalon.core.webui.keyword.internal.WebUIKeywordMain.runKeyword(WebUIKeywordMain.groovy:20)
	... 19 more
"/>
         <system-out><![CDATA[2023-03-09 14:05:28 - [TEST_CASE][FAILED] - Test Cases/1.2-Tareas_Secundarias/A.2-Pruebas_planta_personal/12.2.7-Impresión_de_descripción_del_cargo: Test Cases/1.2-Tareas_Secundarias/A.2-Pruebas_planta_personal/12.2.7-Impresión_de_descripción_del_cargo FAILED.
Reason:
com.kms.katalon.core.exception.StepFailedException: Unable to click on object 'Object Repository/2-OBJECTS TAREAS SECUNDARIAS/Pruebas planta personal/Impresión_de_descripción_del_cargo/a_Imprimir Publicacin'
	at com.kms.katalon.core.webui.keyword.internal.WebUIKeywordMain.stepFailed(WebUIKeywordMain.groovy:64)
	at com.kms.katalon.core.webui.keyword.internal.WebUIKeywordMain.runKeyword(WebUIKeywordMain.groovy:26)
	at com.kms.katalon.core.webui.keyword.builtin.ClickKeyword.click(ClickKeyword.groovy:74)
	at com.kms.katalon.core.webui.keyword.builtin.ClickKeyword.execute(ClickKeyword.groovy:40)
	at com.kms.katalon.core.keyword.internal.KeywordExecutor.executeKeywordForPlatform(KeywordExecutor.groovy:74)
	at com.kms.katalon.core.webui.keyword.WebUiBuiltInKeywords.click(WebUiBuiltInKeywords.groovy:620)
	at com.kms.katalon.core.webui.keyword.WebUiBuiltInKeywords$click$9.call(Unknown Source)
	at 12.2.7-Impresión_de_descripción_del_cargo.run(12.2.7-Impresión_de_descripción_del_cargo:33)
	at com.kms.katalon.core.main.ScriptEngine.run(ScriptEngine.java:194)
	at com.kms.katalon.core.main.ScriptEngine.runScriptAsRawText(ScriptEngine.java:119)
	at com.kms.katalon.core.main.TestCaseExecutor.runScript(TestCaseExecutor.java:448)
	at com.kms.katalon.core.main.TestCaseExecutor.doExecute(TestCaseExecutor.java:439)
	at com.kms.katalon.core.main.TestCaseExecutor.processExecutionPhase(TestCaseExecutor.java:418)
	at com.kms.katalon.core.main.TestCaseExecutor.accessMainPhase(TestCaseExecutor.java:410)
	at com.kms.katalon.core.main.TestCaseExecutor.execute(TestCaseExecutor.java:285)
	at com.kms.katalon.core.common.CommonExecutor.accessTestCaseMainPhase(CommonExecutor.java:65)
	at com.kms.katalon.core.main.TestSuiteExecutor.accessTestSuiteMainPhase(TestSuiteExecutor.java:151)
	at com.kms.katalon.core.main.TestSuiteExecutor.execute(TestSuiteExecutor.java:106)
	at com.kms.katalon.core.main.TestCaseMain.startTestSuite(TestCaseMain.java:185)
	at com.kms.katalon.core.main.TestCaseMain$startTestSuite$0.call(Unknown Source)
	at TempTestSuite1678383366099.run(TempTestSuite1678383366099.groovy:36)
Caused by: org.openqa.selenium.ElementClickInterceptedException: element click intercepted: Element <a id="descripcionCargo_form:j_idt669:j_idt671:j_idt1585" href="#" class="ui-commandlink ui-widget" onclick="PrimeFaces.ab({s:&quot;descripcionCargo_form:j_idt669:j_idt671:j_idt1585&quot;,f:&quot;descripcionCargo_form&quot;,u:&quot;areaAplicacion&quot;,onco:function(xhr,status,args,data){;}});return false;" style="display: inline-block;">...</a> is not clickable at point (141, 609). Other element would receive the click: <div id="popupErrorDialog:dialog_popupFoto_modal" class="ui-widget-overlay ui-dialog-mask" style="z-index: 1008;"></div>
  (Session info: chrome=110.0.5481.178)
Build info: version: '3.141.59', revision: 'e82be7d358', time: '2018-11-14T08:25:53'
System info: host: 'US-AF-000371', ip: '192.168.56.1', os.name: 'Windows 10', os.arch: 'amd64', os.version: '10.0', java.version: '1.8.0_282'
Driver info: com.kms.katalon.selenium.driver.CChromeDriver
Capabilities {acceptInsecureCerts: false, browserName: chrome, browserVersion: 110.0.5481.178, chrome: {chromedriverVersion: 109.0.5414.74 (e7c5703604da..., userDataDir: C:\Users\DIEGO~1.ROJ\AppDat...}, goog:chromeOptions: {debuggerAddress: localhost:51806}, javascriptEnabled: true, networkConnectionEnabled: false, pageLoadStrategy: normal, platform: WINDOWS, platformName: WINDOWS, proxy: Proxy(), setWindowRect: true, strictFileInteractability: false, timeouts: {implicit: 0, pageLoad: 300000, script: 30000}, unhandledPromptBehavior: dismiss and notify, webauthn:extension:credBlob: true, webauthn:extension:largeBlob: true, webauthn:virtualAuthenticators: true}
Session ID: 3596631721f0e0d4806071aede307860
	at org.openqa.selenium.remote.http.W3CHttpResponseCodec.createException(W3CHttpResponseCodec.java:187)
	at org.openqa.selenium.remote.http.W3CHttpResponseCodec.decode(W3CHttpResponseCodec.java:122)
	at org.openqa.selenium.remote.http.W3CHttpResponseCodec.decode(W3CHttpResponseCodec.java:49)
	at org.openqa.selenium.remote.HttpCommandExecutor.execute(HttpCommandExecutor.java:158)
	at org.openqa.selenium.remote.service.DriverCommandExecutor.execute(DriverCommandExecutor.java:83)
	at org.openqa.selenium.remote.RemoteWebDriver.execute(RemoteWebDriver.java:552)
	at com.kms.katalon.selenium.driver.CChromeDriver.execute(CChromeDriver.java:19)
	at org.openqa.selenium.remote.RemoteWebElement.execute(RemoteWebElement.java:285)
	at org.openqa.selenium.remote.RemoteWebElement.click(RemoteWebElement.java:84)
	at org.openqa.selenium.support.events.EventFiringWebDriver$EventFiringWebElement.lambda$new$0(EventFiringWebDriver.java:404)
	at com.sun.proxy.$Proxy11.click(Unknown Source)
	at org.openqa.selenium.support.events.EventFiringWebDriver$EventFiringWebElement.click(EventFiringWebDriver.java:417)
	at org.openqa.selenium.WebElement$click$0.call(Unknown Source)
	at com.kms.katalon.core.webui.keyword.builtin.ClickKeyword.clickUntilSuccessWithTimeout(ClickKeyword.groovy:81)
	at com.kms.katalon.core.webui.keyword.builtin.ClickKeyword.clickUntilSuccessWithTimeout(ClickKeyword.groovy)
	at com.kms.katalon.core.webui.keyword.builtin.ClickKeyword$_click_closure1.doCall(ClickKeyword.groovy:67)
	at com.kms.katalon.core.webui.keyword.builtin.ClickKeyword$_click_closure1.call(ClickKeyword.groovy)
	at com.kms.katalon.core.webui.keyword.internal.WebUIKeywordMain.runKeyword(WebUIKeywordMain.groovy:20)
	... 19 more


2023-03-09 14:05:28 - [TEST_STEP][PASSED] - callTestCase(findTestCase("0.1-Login"), [:], STOP_ON_FAILURE): Call Test Case 'Test Cases/0.1-Login' successfully

2023-03-09 14:05:28 - [TEST_CASE][PASSED] - Test Cases/0.1-Login: Test Cases/0.1-Login

2023-03-09 14:05:28 - [TEST_STEP][PASSED] - openBrowser(""): Browser is opened with url: ''

2023-03-09 14:05:28 - [MESSAGE][WARNING] - A browser is already opened. Closing browser and opening a new one

2023-03-09 14:05:29 - [MESSAGE][INFO] - Starting 'Chrome' driver

2023-03-09 14:05:29 - [MESSAGE][INFO] - Action delay is set to 0 milliseconds

2023-03-09 14:05:30 - [MESSAGE][PASSED] - Browser is opened with url: ''

2023-03-09 14:05:30 - [TEST_STEP][PASSED] - maximizeWindow(): Current window maximized

2023-03-09 14:05:30 - [MESSAGE][PASSED] - Current window maximized

2023-03-09 14:05:30 - [TEST_STEP][PASSED] - i = G_Login: null

2023-03-09 14:05:30 - [TEST_STEP][PASSED] - url = new java.net.URL(i): null

2023-03-09 14:05:30 - [TEST_STEP][PASSED] - println("URL: " + url.toString()): null

2023-03-09 14:05:30 - [TEST_STEP][PASSED] - connection = url.openConnection(): null

2023-03-09 14:05:30 - [TEST_STEP][PASSED] - connection.setRequestMethod("GET"): null

2023-03-09 14:05:30 - [TEST_STEP][PASSED] - connection.setReadTimeout(2 * 1000): null

2023-03-09 14:05:30 - [TEST_STEP][PASSED] - try: null

2023-03-09 14:05:30 - [TEST_STEP][PASSED] - connection.connect(): null

2023-03-09 14:05:30 - [TEST_STEP][PASSED] - flag = connected: null

2023-03-09 14:05:30 - [TEST_STEP][PASSED] - println("Valor_ori: " + flag): null

2023-03-09 14:05:30 - [TEST_STEP][PASSED] - if (flag): null

2023-03-09 14:05:30 - [TEST_STEP][PASSED] - navigateToUrl(i): Navigate to 'http://192.168.2.19:7001/saraweb' successfully

2023-03-09 14:05:32 - [MESSAGE][PASSED] - Navigate to 'http://192.168.2.19:7001/saraweb' successfully

2023-03-09 14:05:32 - [TEST_STEP][PASSED] - a(): null

2023-03-09 14:05:32 - [TEST_STEP][PASSED] - if (waitForElementVisible(findTestObject("3-OBJECTS UTILIDADES/Login/input_USUARIO_loginusuario"), 0)): null

2023-03-09 14:05:32 - [MESSAGE][WARNING] - Timeout '0' is invalid. Using default page load timeout: '37'

2023-03-09 14:05:32 - [MESSAGE][PASSED] - Object 'Object Repository/3-OBJECTS UTILIDADES/Login/input_USUARIO_loginusuario' is visible

2023-03-09 14:05:32 - [TEST_STEP][PASSED] - switchToWindowTitle("SARA"): Switched to window with title: 'SARA'

2023-03-09 14:05:32 - [MESSAGE][PASSED] - Switched to window with title: 'SARA'

2023-03-09 14:05:32 - [TEST_STEP][PASSED] - zoom(): null

2023-03-09 14:05:32 - [TEST_STEP][PASSED] - robot = new java.awt.Robot(): null

2023-03-09 14:05:32 - [TEST_STEP][PASSED] - robot.keyPress(VK_CONTROL): null

2023-03-09 14:05:32 - [TEST_STEP][PASSED] - robot.keyPress(VK_SUBTRACT): null

2023-03-09 14:05:32 - [TEST_STEP][PASSED] - robot.keyRelease(VK_CONTROL): null

2023-03-09 14:05:32 - [TEST_STEP][PASSED] - robot.keyRelease(VK_SUBTRACT): null

2023-03-09 14:05:32 - [TEST_STEP][PASSED] - robot.keyPress(VK_CONTROL): null

2023-03-09 14:05:32 - [TEST_STEP][PASSED] - robot.keyPress(VK_SUBTRACT): null

2023-03-09 14:05:32 - [TEST_STEP][PASSED] - robot.keyRelease(VK_CONTROL): null

2023-03-09 14:05:32 - [TEST_STEP][PASSED] - robot.keyRelease(VK_SUBTRACT): null

2023-03-09 14:05:32 - [TEST_STEP][PASSED] - robot.keyPress(VK_CONTROL): null

2023-03-09 14:05:32 - [TEST_STEP][PASSED] - robot.keyPress(VK_SUBTRACT): null

2023-03-09 14:05:32 - [TEST_STEP][PASSED] - robot.keyRelease(VK_CONTROL): null

2023-03-09 14:05:32 - [TEST_STEP][PASSED] - robot.keyRelease(VK_SUBTRACT): null

2023-03-09 14:05:32 - [TEST_STEP][PASSED] - robot.keyRelease(VK_CONTROL): null

2023-03-09 14:05:32 - [TEST_STEP][PASSED] - robot.keyRelease(VK_SUBTRACT): null

2023-03-09 14:05:32 - [TEST_STEP][PASSED] - setText(findTestObject("3-OBJECTS UTILIDADES/Login/input_USUARIO_loginusuario"), G_Usuario): Text 'weblogic' is set on object 'Object Repository/3-OBJECTS UTILIDADES/Login/input_USUARIO_loginusuario'

2023-03-09 14:05:33 - [MESSAGE][PASSED] - Text 'weblogic' is set on object 'Object Repository/3-OBJECTS UTILIDADES/Login/input_USUARIO_loginusuario'

2023-03-09 14:05:33 - [TEST_STEP][PASSED] - setEncryptedText(findTestObject("3-OBJECTS UTILIDADES/Login/input_CLAVE_loginpassword"), "SlAwMcyRKqrwbnzhAs8HhT6NnI7sEyng"): Text ****** has been set on object 'Object Repository/3-OBJECTS UTILIDADES/Login/input_CLAVE_loginpassword'

2023-03-09 14:05:37 - [MESSAGE][PASSED] - Text ****** has been set on object 'Object Repository/3-OBJECTS UTILIDADES/Login/input_CLAVE_loginpassword'

2023-03-09 14:05:37 - [TEST_STEP][PASSED] - while (waitForElementClickable(findTestObject("3-OBJECTS UTILIDADES/Login/a_Ingresar"), 1)): Web element with id: 'Object Repository/3-OBJECTS UTILIDADES/Login/a_Ingresar' located by '//a[contains(text(),'Ingresar')]' not found

2023-03-09 14:05:39 - [MESSAGE][INFO] - Unable to find the element located by 'By.xpath: //a[contains(text(),'Ingresar')]'. Please recheck the objects properties to make sure the desired element is located. 

2023-03-09 14:05:39 - [MESSAGE][WARNING] - Web element with id: 'Object Repository/3-OBJECTS UTILIDADES/Login/a_Ingresar' located by '//a[contains(text(),'Ingresar')]' not found

2023-03-09 14:05:39 - [MESSAGE][PASSED] - Call Test Case 'Test Cases/0.1-Login' successfully

2023-03-09 14:05:39 - [TEST_STEP][PASSED] - setText(findTestObject("2-OBJECTS TAREAS SECUNDARIAS/Pruebas planta personal/Impresión_de_descripción_del_cargo/input_Empresa 1_form_templatej_idt24_input"), "Listado Descripcion Cargo (tal)"): Text 'Listado Descripcion Cargo (tal)' is set on object 'Object Repository/2-OBJECTS TAREAS SECUNDARIAS/Pruebas planta personal/Impresión_de_descripción_del_cargo/input_Empresa 1_form_templatej_idt24_input'

2023-03-09 14:05:40 - [MESSAGE][PASSED] - Text 'Listado Descripcion Cargo (tal)' is set on object 'Object Repository/2-OBJECTS TAREAS SECUNDARIAS/Pruebas planta personal/Impresión_de_descripción_del_cargo/input_Empresa 1_form_templatej_idt24_input'

2023-03-09 14:05:40 - [TEST_STEP][PASSED] - click(findTestObject("2-OBJECTS TAREAS SECUNDARIAS/Pruebas planta personal/Impresión_de_descripción_del_cargo/li_Listado Descripcion Cargo (tal)")): Object: 'Object Repository/2-OBJECTS TAREAS SECUNDARIAS/Pruebas planta personal/Impresión_de_descripción_del_cargo/li_Listado Descripcion Cargo (tal)' is clicked on

2023-03-09 14:05:41 - [MESSAGE][PASSED] - Object: 'Object Repository/2-OBJECTS TAREAS SECUNDARIAS/Pruebas planta personal/Impresión_de_descripción_del_cargo/li_Listado Descripcion Cargo (tal)' is clicked on

2023-03-09 14:05:41 - [TEST_STEP][PASSED] - click(findTestObject("2-OBJECTS TAREAS SECUNDARIAS/Pruebas planta personal/Impresión_de_descripción_del_cargo/a_Cargo_form_listadoDescripcionCargoj_idt70")): Object: 'Object Repository/2-OBJECTS TAREAS SECUNDARIAS/Pruebas planta personal/Impresión_de_descripción_del_cargo/a_Cargo_form_listadoDescripcionCargoj_idt70' is clicked on

2023-03-09 14:05:43 - [MESSAGE][PASSED] - Object: 'Object Repository/2-OBJECTS TAREAS SECUNDARIAS/Pruebas planta personal/Impresión_de_descripción_del_cargo/a_Cargo_form_listadoDescripcionCargoj_idt70' is clicked on

2023-03-09 14:05:43 - [TEST_STEP][PASSED] - click(findTestObject("2-OBJECTS TAREAS SECUNDARIAS/Pruebas planta personal/Impresión_de_descripción_del_cargo/span_40 MIL STAFF")): Object: 'Object Repository/2-OBJECTS TAREAS SECUNDARIAS/Pruebas planta personal/Impresión_de_descripción_del_cargo/span_40 MIL STAFF' is clicked on

2023-03-09 14:05:44 - [MESSAGE][PASSED] - Object: 'Object Repository/2-OBJECTS TAREAS SECUNDARIAS/Pruebas planta personal/Impresión_de_descripción_del_cargo/span_40 MIL STAFF' is clicked on

2023-03-09 14:05:44 - [TEST_STEP][PASSED] - click(findTestObject("2-OBJECTS TAREAS SECUNDARIAS/Pruebas planta personal/Impresión_de_descripción_del_cargo/span_01072021")): Object: 'Object Repository/2-OBJECTS TAREAS SECUNDARIAS/Pruebas planta personal/Impresión_de_descripción_del_cargo/span_01072021' is clicked on

2023-03-09 14:05:45 - [MESSAGE][PASSED] - Object: 'Object Repository/2-OBJECTS TAREAS SECUNDARIAS/Pruebas planta personal/Impresión_de_descripción_del_cargo/span_01072021' is clicked on

2023-03-09 14:05:45 - [TEST_STEP][FAILED] - click(findTestObject("2-OBJECTS TAREAS SECUNDARIAS/Pruebas planta personal/Impresión_de_descripción_del_cargo/a_Imprimir Publicacin")): Unable to click on object 'Object Repository/2-OBJECTS TAREAS SECUNDARIAS/Pruebas planta personal/Impresión_de_descripción_del_cargo/a_Imprimir Publicacin' (Root cause: com.kms.katalon.core.exception.StepFailedException: Unable to click on object 'Object Repository/2-OBJECTS TAREAS SECUNDARIAS/Pruebas planta personal/Impresión_de_descripción_del_cargo/a_Imprimir Publicacin'
	at com.kms.katalon.core.webui.keyword.internal.WebUIKeywordMain.stepFailed(WebUIKeywordMain.groovy:64)
	at com.kms.katalon.core.webui.keyword.internal.WebUIKeywordMain.runKeyword(WebUIKeywordMain.groovy:26)
	at com.kms.katalon.core.webui.keyword.builtin.ClickKeyword.click(ClickKeyword.groovy:74)
	at com.kms.katalon.core.webui.keyword.builtin.ClickKeyword.execute(ClickKeyword.groovy:40)
	at com.kms.katalon.core.keyword.internal.KeywordExecutor.executeKeywordForPlatform(KeywordExecutor.groovy:74)
	at com.kms.katalon.core.webui.keyword.WebUiBuiltInKeywords.click(WebUiBuiltInKeywords.groovy:620)
	at com.kms.katalon.core.webui.keyword.WebUiBuiltInKeywords$click$9.call(Unknown Source)
	at 12.2.7-Impresión_de_descripción_del_cargo.run(12.2.7-Impresión_de_descripción_del_cargo:33)
	at com.kms.katalon.core.main.ScriptEngine.run(ScriptEngine.java:194)
	at com.kms.katalon.core.main.ScriptEngine.runScriptAsRawText(ScriptEngine.java:119)
	at com.kms.katalon.core.main.TestCaseExecutor.runScript(TestCaseExecutor.java:448)
	at com.kms.katalon.core.main.TestCaseExecutor.doExecute(TestCaseExecutor.java:439)
	at com.kms.katalon.core.main.TestCaseExecutor.processExecutionPhase(TestCaseExecutor.java:418)
	at com.kms.katalon.core.main.TestCaseExecutor.accessMainPhase(TestCaseExecutor.java:410)
	at com.kms.katalon.core.main.TestCaseExecutor.execute(TestCaseExecutor.java:285)
	at com.kms.katalon.core.common.CommonExecutor.accessTestCaseMainPhase(CommonExecutor.java:65)
	at com.kms.katalon.core.main.TestSuiteExecutor.accessTestSuiteMainPhase(TestSuiteExecutor.java:151)
	at com.kms.katalon.core.main.TestSuiteExecutor.execute(TestSuiteExecutor.java:106)
	at com.kms.katalon.core.main.TestCaseMain.startTestSuite(TestCaseMain.java:185)
	at com.kms.katalon.core.main.TestCaseMain$startTestSuite$0.call(Unknown Source)
	at TempTestSuite1678383366099.run(TempTestSuite1678383366099.groovy:36)
Caused by: org.openqa.selenium.ElementClickInterceptedException: element click intercepted: Element <a id="descripcionCargo_form:j_idt669:j_idt671:j_idt1585" href="#" class="ui-commandlink ui-widget" onclick="PrimeFaces.ab({s:&quot;descripcionCargo_form:j_idt669:j_idt671:j_idt1585&quot;,f:&quot;descripcionCargo_form&quot;,u:&quot;areaAplicacion&quot;,onco:function(xhr,status,args,data){;}});return false;" style="display: inline-block;">...</a> is not clickable at point (141, 609). Other element would receive the click: <div id="popupErrorDialog:dialog_popupFoto_modal" class="ui-widget-overlay ui-dialog-mask" style="z-index: 1008;"></div>
  (Session info: chrome=110.0.5481.178)
Build info: version: '3.141.59', revision: 'e82be7d358', time: '2018-11-14T08:25:53'
System info: host: 'US-AF-000371', ip: '192.168.56.1', os.name: 'Windows 10', os.arch: 'amd64', os.version: '10.0', java.version: '1.8.0_282'
Driver info: com.kms.katalon.selenium.driver.CChromeDriver
Capabilities {acceptInsecureCerts: false, browserName: chrome, browserVersion: 110.0.5481.178, chrome: {chromedriverVersion: 109.0.5414.74 (e7c5703604da..., userDataDir: C:\Users\DIEGO~1.ROJ\AppDat...}, goog:chromeOptions: {debuggerAddress: localhost:51806}, javascriptEnabled: true, networkConnectionEnabled: false, pageLoadStrategy: normal, platform: WINDOWS, platformName: WINDOWS, proxy: Proxy(), setWindowRect: true, strictFileInteractability: false, timeouts: {implicit: 0, pageLoad: 300000, script: 30000}, unhandledPromptBehavior: dismiss and notify, webauthn:extension:credBlob: true, webauthn:extension:largeBlob: true, webauthn:virtualAuthenticators: true}
Session ID: 3596631721f0e0d4806071aede307860
	at org.openqa.selenium.remote.http.W3CHttpResponseCodec.createException(W3CHttpResponseCodec.java:187)
	at org.openqa.selenium.remote.http.W3CHttpResponseCodec.decode(W3CHttpResponseCodec.java:122)
	at org.openqa.selenium.remote.http.W3CHttpResponseCodec.decode(W3CHttpResponseCodec.java:49)
	at org.openqa.selenium.remote.HttpCommandExecutor.execute(HttpCommandExecutor.java:158)
	at org.openqa.selenium.remote.service.DriverCommandExecutor.execute(DriverCommandExecutor.java:83)
	at org.openqa.selenium.remote.RemoteWebDriver.execute(RemoteWebDriver.java:552)
	at com.kms.katalon.selenium.driver.CChromeDriver.execute(CChromeDriver.java:19)
	at org.openqa.selenium.remote.RemoteWebElement.execute(RemoteWebElement.java:285)
	at org.openqa.selenium.remote.RemoteWebElement.click(RemoteWebElement.java:84)
	at org.openqa.selenium.support.events.EventFiringWebDriver$EventFiringWebElement.lambda$new$0(EventFiringWebDriver.java:404)
	at com.sun.proxy.$Proxy11.click(Unknown Source)
	at org.openqa.selenium.support.events.EventFiringWebDriver$EventFiringWebElement.click(EventFiringWebDriver.java:417)
	at org.openqa.selenium.WebElement$click$0.call(Unknown Source)
	at com.kms.katalon.core.webui.keyword.builtin.ClickKeyword.clickUntilSuccessWithTimeout(ClickKeyword.groovy:81)
	at com.kms.katalon.core.webui.keyword.builtin.ClickKeyword.clickUntilSuccessWithTimeout(ClickKeyword.groovy)
	at com.kms.katalon.core.webui.keyword.builtin.ClickKeyword$_click_closure1.doCall(ClickKeyword.groovy:67)
	at com.kms.katalon.core.webui.keyword.builtin.ClickKeyword$_click_closure1.call(ClickKeyword.groovy)
	at com.kms.katalon.core.webui.keyword.internal.WebUIKeywordMain.runKeyword(WebUIKeywordMain.groovy:20)
	at com.kms.katalon.core.webui.keyword.builtin.ClickKeyword.click(ClickKeyword.groovy:74)
	at com.kms.katalon.core.webui.keyword.builtin.ClickKeyword.execute(ClickKeyword.groovy:40)
	at com.kms.katalon.core.keyword.internal.KeywordExecutor.executeKeywordForPlatform(KeywordExecutor.groovy:74)
	at com.kms.katalon.core.webui.keyword.WebUiBuiltInKeywords.click(WebUiBuiltInKeywords.groovy:620)
	at com.kms.katalon.core.webui.keyword.WebUiBuiltInKeywords$click$9.call(Unknown Source)
	at Script1648474008115.run(Script1648474008115.groovy:33)
	... 13 more
)

2023-03-09 14:06:26 - [MESSAGE][FAILED] - Unable to click on object 'Object Repository/2-OBJECTS TAREAS SECUNDARIAS/Pruebas planta personal/Impresión_de_descripción_del_cargo/a_Imprimir Publicacin' (Root cause: com.kms.katalon.core.exception.StepFailedException: Unable to click on object 'Object Repository/2-OBJECTS TAREAS SECUNDARIAS/Pruebas planta personal/Impresión_de_descripción_del_cargo/a_Imprimir Publicacin'
	at com.kms.katalon.core.webui.keyword.internal.WebUIKeywordMain.stepFailed(WebUIKeywordMain.groovy:64)
	at com.kms.katalon.core.webui.keyword.internal.WebUIKeywordMain.runKeyword(WebUIKeywordMain.groovy:26)
	at com.kms.katalon.core.webui.keyword.builtin.ClickKeyword.click(ClickKeyword.groovy:74)
	at com.kms.katalon.core.webui.keyword.builtin.ClickKeyword.execute(ClickKeyword.groovy:40)
	at com.kms.katalon.core.keyword.internal.KeywordExecutor.executeKeywordForPlatform(KeywordExecutor.groovy:74)
	at com.kms.katalon.core.webui.keyword.WebUiBuiltInKeywords.click(WebUiBuiltInKeywords.groovy:620)
	at com.kms.katalon.core.webui.keyword.WebUiBuiltInKeywords$click$9.call(Unknown Source)
	at 12.2.7-Impresión_de_descripción_del_cargo.run(12.2.7-Impresión_de_descripción_del_cargo:33)
	at com.kms.katalon.core.main.ScriptEngine.run(ScriptEngine.java:194)
	at com.kms.katalon.core.main.ScriptEngine.runScriptAsRawText(ScriptEngine.java:119)
	at com.kms.katalon.core.main.TestCaseExecutor.runScript(TestCaseExecutor.java:448)
	at com.kms.katalon.core.main.TestCaseExecutor.doExecute(TestCaseExecutor.java:439)
	at com.kms.katalon.core.main.TestCaseExecutor.processExecutionPhase(TestCaseExecutor.java:418)
	at com.kms.katalon.core.main.TestCaseExecutor.accessMainPhase(TestCaseExecutor.java:410)
	at com.kms.katalon.core.main.TestCaseExecutor.execute(TestCaseExecutor.java:285)
	at com.kms.katalon.core.common.CommonExecutor.accessTestCaseMainPhase(CommonExecutor.java:65)
	at com.kms.katalon.core.main.TestSuiteExecutor.accessTestSuiteMainPhase(TestSuiteExecutor.java:151)
	at com.kms.katalon.core.main.TestSuiteExecutor.execute(TestSuiteExecutor.java:106)
	at com.kms.katalon.core.main.TestCaseMain.startTestSuite(TestCaseMain.java:185)
	at com.kms.katalon.core.main.TestCaseMain$startTestSuite$0.call(Unknown Source)
	at TempTestSuite1678383366099.run(TempTestSuite1678383366099.groovy:36)
Caused by: org.openqa.selenium.ElementClickInterceptedException: element click intercepted: Element <a id="descripcionCargo_form:j_idt669:j_idt671:j_idt1585" href="#" class="ui-commandlink ui-widget" onclick="PrimeFaces.ab({s:&quot;descripcionCargo_form:j_idt669:j_idt671:j_idt1585&quot;,f:&quot;descripcionCargo_form&quot;,u:&quot;areaAplicacion&quot;,onco:function(xhr,status,args,data){;}});return false;" style="display: inline-block;">...</a> is not clickable at point (141, 609). Other element would receive the click: <div id="popupErrorDialog:dialog_popupFoto_modal" class="ui-widget-overlay ui-dialog-mask" style="z-index: 1008;"></div>
  (Session info: chrome=110.0.5481.178)
Build info: version: '3.141.59', revision: 'e82be7d358', time: '2018-11-14T08:25:53'
System info: host: 'US-AF-000371', ip: '192.168.56.1', os.name: 'Windows 10', os.arch: 'amd64', os.version: '10.0', java.version: '1.8.0_282'
Driver info: com.kms.katalon.selenium.driver.CChromeDriver
Capabilities {acceptInsecureCerts: false, browserName: chrome, browserVersion: 110.0.5481.178, chrome: {chromedriverVersion: 109.0.5414.74 (e7c5703604da..., userDataDir: C:\Users\DIEGO~1.ROJ\AppDat...}, goog:chromeOptions: {debuggerAddress: localhost:51806}, javascriptEnabled: true, networkConnectionEnabled: false, pageLoadStrategy: normal, platform: WINDOWS, platformName: WINDOWS, proxy: Proxy(), setWindowRect: true, strictFileInteractability: false, timeouts: {implicit: 0, pageLoad: 300000, script: 30000}, unhandledPromptBehavior: dismiss and notify, webauthn:extension:credBlob: true, webauthn:extension:largeBlob: true, webauthn:virtualAuthenticators: true}
Session ID: 3596631721f0e0d4806071aede307860
	at org.openqa.selenium.remote.http.W3CHttpResponseCodec.createException(W3CHttpResponseCodec.java:187)
	at org.openqa.selenium.remote.http.W3CHttpResponseCodec.decode(W3CHttpResponseCodec.java:122)
	at org.openqa.selenium.remote.http.W3CHttpResponseCodec.decode(W3CHttpResponseCodec.java:49)
	at org.openqa.selenium.remote.HttpCommandExecutor.execute(HttpCommandExecutor.java:158)
	at org.openqa.selenium.remote.service.DriverCommandExecutor.execute(DriverCommandExecutor.java:83)
	at org.openqa.selenium.remote.RemoteWebDriver.execute(RemoteWebDriver.java:552)
	at com.kms.katalon.selenium.driver.CChromeDriver.execute(CChromeDriver.java:19)
	at org.openqa.selenium.remote.RemoteWebElement.execute(RemoteWebElement.java:285)
	at org.openqa.selenium.remote.RemoteWebElement.click(RemoteWebElement.java:84)
	at org.openqa.selenium.support.events.EventFiringWebDriver$EventFiringWebElement.lambda$new$0(EventFiringWebDriver.java:404)
	at com.sun.proxy.$Proxy11.click(Unknown Source)
	at org.openqa.selenium.support.events.EventFiringWebDriver$EventFiringWebElement.click(EventFiringWebDriver.java:417)
	at org.openqa.selenium.WebElement$click$0.call(Unknown Source)
	at com.kms.katalon.core.webui.keyword.builtin.ClickKeyword.clickUntilSuccessWithTimeout(ClickKeyword.groovy:81)
	at com.kms.katalon.core.webui.keyword.builtin.ClickKeyword.clickUntilSuccessWithTimeout(ClickKeyword.groovy)
	at com.kms.katalon.core.webui.keyword.builtin.ClickKeyword$_click_closure1.doCall(ClickKeyword.groovy:67)
	at com.kms.katalon.core.webui.keyword.builtin.ClickKeyword$_click_closure1.call(ClickKeyword.groovy)
	at com.kms.katalon.core.webui.keyword.internal.WebUIKeywordMain.runKeyword(WebUIKeywordMain.groovy:20)
	at com.kms.katalon.core.webui.keyword.builtin.ClickKeyword.click(ClickKeyword.groovy:74)
	at com.kms.katalon.core.webui.keyword.builtin.ClickKeyword.execute(ClickKeyword.groovy:40)
	at com.kms.katalon.core.keyword.internal.KeywordExecutor.executeKeywordForPlatform(KeywordExecutor.groovy:74)
	at com.kms.katalon.core.webui.keyword.WebUiBuiltInKeywords.click(WebUiBuiltInKeywords.groovy:620)
	at com.kms.katalon.core.webui.keyword.WebUiBuiltInKeywords$click$9.call(Unknown Source)
	at Script1648474008115.run(Script1648474008115.groovy:33)
	... 13 more
)
[[ATTACHMENT|C:\\Users\\diego.rojas\\git\\Pruebas-Minimas\\Reports\\20230309_123606\\Test_Suite_Secundaria\\1-Tareas_secundarias\\20230309_123606\\1678388785835.png]]]]></system-out>
         <system-err><![CDATA[2023-03-09 14:05:28 - [TEST_CASE][FAILED] - Test Cases/1.2-Tareas_Secundarias/A.2-Pruebas_planta_personal/12.2.7-Impresión_de_descripción_del_cargo: Test Cases/1.2-Tareas_Secundarias/A.2-Pruebas_planta_personal/12.2.7-Impresión_de_descripción_del_cargo FAILED.
Reason:
com.kms.katalon.core.exception.StepFailedException: Unable to click on object 'Object Repository/2-OBJECTS TAREAS SECUNDARIAS/Pruebas planta personal/Impresión_de_descripción_del_cargo/a_Imprimir Publicacin'
	at com.kms.katalon.core.webui.keyword.internal.WebUIKeywordMain.stepFailed(WebUIKeywordMain.groovy:64)
	at com.kms.katalon.core.webui.keyword.internal.WebUIKeywordMain.runKeyword(WebUIKeywordMain.groovy:26)
	at com.kms.katalon.core.webui.keyword.builtin.ClickKeyword.click(ClickKeyword.groovy:74)
	at com.kms.katalon.core.webui.keyword.builtin.ClickKeyword.execute(ClickKeyword.groovy:40)
	at com.kms.katalon.core.keyword.internal.KeywordExecutor.executeKeywordForPlatform(KeywordExecutor.groovy:74)
	at com.kms.katalon.core.webui.keyword.WebUiBuiltInKeywords.click(WebUiBuiltInKeywords.groovy:620)
	at com.kms.katalon.core.webui.keyword.WebUiBuiltInKeywords$click$9.call(Unknown Source)
	at 12.2.7-Impresión_de_descripción_del_cargo.run(12.2.7-Impresión_de_descripción_del_cargo:33)
	at com.kms.katalon.core.main.ScriptEngine.run(ScriptEngine.java:194)
	at com.kms.katalon.core.main.ScriptEngine.runScriptAsRawText(ScriptEngine.java:119)
	at com.kms.katalon.core.main.TestCaseExecutor.runScript(TestCaseExecutor.java:448)
	at com.kms.katalon.core.main.TestCaseExecutor.doExecute(TestCaseExecutor.java:439)
	at com.kms.katalon.core.main.TestCaseExecutor.processExecutionPhase(TestCaseExecutor.java:418)
	at com.kms.katalon.core.main.TestCaseExecutor.accessMainPhase(TestCaseExecutor.java:410)
	at com.kms.katalon.core.main.TestCaseExecutor.execute(TestCaseExecutor.java:285)
	at com.kms.katalon.core.common.CommonExecutor.accessTestCaseMainPhase(CommonExecutor.java:65)
	at com.kms.katalon.core.main.TestSuiteExecutor.accessTestSuiteMainPhase(TestSuiteExecutor.java:151)
	at com.kms.katalon.core.main.TestSuiteExecutor.execute(TestSuiteExecutor.java:106)
	at com.kms.katalon.core.main.TestCaseMain.startTestSuite(TestCaseMain.java:185)
	at com.kms.katalon.core.main.TestCaseMain$startTestSuite$0.call(Unknown Source)
	at TempTestSuite1678383366099.run(TempTestSuite1678383366099.groovy:36)
Caused by: org.openqa.selenium.ElementClickInterceptedException: element click intercepted: Element <a id="descripcionCargo_form:j_idt669:j_idt671:j_idt1585" href="#" class="ui-commandlink ui-widget" onclick="PrimeFaces.ab({s:&quot;descripcionCargo_form:j_idt669:j_idt671:j_idt1585&quot;,f:&quot;descripcionCargo_form&quot;,u:&quot;areaAplicacion&quot;,onco:function(xhr,status,args,data){;}});return false;" style="display: inline-block;">...</a> is not clickable at point (141, 609). Other element would receive the click: <div id="popupErrorDialog:dialog_popupFoto_modal" class="ui-widget-overlay ui-dialog-mask" style="z-index: 1008;"></div>
  (Session info: chrome=110.0.5481.178)
Build info: version: '3.141.59', revision: 'e82be7d358', time: '2018-11-14T08:25:53'
System info: host: 'US-AF-000371', ip: '192.168.56.1', os.name: 'Windows 10', os.arch: 'amd64', os.version: '10.0', java.version: '1.8.0_282'
Driver info: com.kms.katalon.selenium.driver.CChromeDriver
Capabilities {acceptInsecureCerts: false, browserName: chrome, browserVersion: 110.0.5481.178, chrome: {chromedriverVersion: 109.0.5414.74 (e7c5703604da..., userDataDir: C:\Users\DIEGO~1.ROJ\AppDat...}, goog:chromeOptions: {debuggerAddress: localhost:51806}, javascriptEnabled: true, networkConnectionEnabled: false, pageLoadStrategy: normal, platform: WINDOWS, platformName: WINDOWS, proxy: Proxy(), setWindowRect: true, strictFileInteractability: false, timeouts: {implicit: 0, pageLoad: 300000, script: 30000}, unhandledPromptBehavior: dismiss and notify, webauthn:extension:credBlob: true, webauthn:extension:largeBlob: true, webauthn:virtualAuthenticators: true}
Session ID: 3596631721f0e0d4806071aede307860
	at org.openqa.selenium.remote.http.W3CHttpResponseCodec.createException(W3CHttpResponseCodec.java:187)
	at org.openqa.selenium.remote.http.W3CHttpResponseCodec.decode(W3CHttpResponseCodec.java:122)
	at org.openqa.selenium.remote.http.W3CHttpResponseCodec.decode(W3CHttpResponseCodec.java:49)
	at org.openqa.selenium.remote.HttpCommandExecutor.execute(HttpCommandExecutor.java:158)
	at org.openqa.selenium.remote.service.DriverCommandExecutor.execute(DriverCommandExecutor.java:83)
	at org.openqa.selenium.remote.RemoteWebDriver.execute(RemoteWebDriver.java:552)
	at com.kms.katalon.selenium.driver.CChromeDriver.execute(CChromeDriver.java:19)
	at org.openqa.selenium.remote.RemoteWebElement.execute(RemoteWebElement.java:285)
	at org.openqa.selenium.remote.RemoteWebElement.click(RemoteWebElement.java:84)
	at org.openqa.selenium.support.events.EventFiringWebDriver$EventFiringWebElement.lambda$new$0(EventFiringWebDriver.java:404)
	at com.sun.proxy.$Proxy11.click(Unknown Source)
	at org.openqa.selenium.support.events.EventFiringWebDriver$EventFiringWebElement.click(EventFiringWebDriver.java:417)
	at org.openqa.selenium.WebElement$click$0.call(Unknown Source)
	at com.kms.katalon.core.webui.keyword.builtin.ClickKeyword.clickUntilSuccessWithTimeout(ClickKeyword.groovy:81)
	at com.kms.katalon.core.webui.keyword.builtin.ClickKeyword.clickUntilSuccessWithTimeout(ClickKeyword.groovy)
	at com.kms.katalon.core.webui.keyword.builtin.ClickKeyword$_click_closure1.doCall(ClickKeyword.groovy:67)
	at com.kms.katalon.core.webui.keyword.builtin.ClickKeyword$_click_closure1.call(ClickKeyword.groovy)
	at com.kms.katalon.core.webui.keyword.internal.WebUIKeywordMain.runKeyword(WebUIKeywordMain.groovy:20)
	... 19 more]]></system-err>
      </testcase>
      <testcase name="Test Cases/1.2-Tareas_Secundarias/A.2-Pruebas_planta_personal/12.2.8-Acto_administrativo-Crear_puesto" time="57.65" classname="Test Cases/1.2-Tareas_Secundarias/A.2-Pruebas_planta_personal/12.2.8-Acto_administrativo-Crear_puesto" status="FAILED">
         <failure type="FAILED" message="Test Cases/1.2-Tareas_Secundarias/A.2-Pruebas_planta_personal/12.2.8-Acto_administrativo-Crear_puesto FAILED.
Reason:
com.kms.katalon.core.exception.StepFailedException: Unable to click on object 'Object Repository/2-OBJECTS TAREAS SECUNDARIAS/Pruebas planta personal/Acto_administrativo-Crear_puesto/a_Unidad Organizacional_form_actoMovPlantaunidad'
	at com.kms.katalon.core.webui.keyword.internal.WebUIKeywordMain.stepFailed(WebUIKeywordMain.groovy:64)
	at com.kms.katalon.core.webui.keyword.internal.WebUIKeywordMain.runKeyword(WebUIKeywordMain.groovy:26)
	at com.kms.katalon.core.webui.keyword.builtin.ClickKeyword.click(ClickKeyword.groovy:74)
	at com.kms.katalon.core.webui.keyword.builtin.ClickKeyword.execute(ClickKeyword.groovy:40)
	at com.kms.katalon.core.keyword.internal.KeywordExecutor.executeKeywordForPlatform(KeywordExecutor.groovy:74)
	at com.kms.katalon.core.webui.keyword.WebUiBuiltInKeywords.click(WebUiBuiltInKeywords.groovy:620)
	at com.kms.katalon.core.webui.keyword.WebUiBuiltInKeywords$click$9.call(Unknown Source)
	at 12.2.8-Acto_administrativo-Crear_puesto.run(12.2.8-Acto_administrativo-Crear_puesto:36)
	at com.kms.katalon.core.main.ScriptEngine.run(ScriptEngine.java:194)
	at com.kms.katalon.core.main.ScriptEngine.runScriptAsRawText(ScriptEngine.java:119)
	at com.kms.katalon.core.main.TestCaseExecutor.runScript(TestCaseExecutor.java:448)
	at com.kms.katalon.core.main.TestCaseExecutor.doExecute(TestCaseExecutor.java:439)
	at com.kms.katalon.core.main.TestCaseExecutor.processExecutionPhase(TestCaseExecutor.java:418)
	at com.kms.katalon.core.main.TestCaseExecutor.accessMainPhase(TestCaseExecutor.java:410)
	at com.kms.katalon.core.main.TestCaseExecutor.execute(TestCaseExecutor.java:285)
	at com.kms.katalon.core.common.CommonExecutor.accessTestCaseMainPhase(CommonExecutor.java:65)
	at com.kms.katalon.core.main.TestSuiteExecutor.accessTestSuiteMainPhase(TestSuiteExecutor.java:151)
	at com.kms.katalon.core.main.TestSuiteExecutor.execute(TestSuiteExecutor.java:106)
	at com.kms.katalon.core.main.TestCaseMain.startTestSuite(TestCaseMain.java:185)
	at com.kms.katalon.core.main.TestCaseMain$startTestSuite$0.call(Unknown Source)
	at TempTestSuite1678383366099.run(TempTestSuite1678383366099.groovy:36)
Caused by: org.openqa.selenium.ElementClickInterceptedException: element click intercepted: Element &lt;a id=&quot;form_actoMovPlanta:unidad&quot; href=&quot;#&quot; class=&quot;ui-commandlink ui-widget btn_popupInformacion&quot; onclick=&quot;PrimeFaces.ab({s:&amp;quot;form_actoMovPlanta:unidad&amp;quot;,f:&amp;quot;form_actoMovPlanta&amp;quot;,u:&amp;quot;areaAplicacion&amp;quot;});return false;&quot;>&lt;/a> is not clickable at point (826, 289). Other element would receive the click: &lt;div class=&quot;&quot;>...&lt;/div>
  (Session info: chrome=110.0.5481.178)
Build info: version: '3.141.59', revision: 'e82be7d358', time: '2018-11-14T08:25:53'
System info: host: 'US-AF-000371', ip: '192.168.56.1', os.name: 'Windows 10', os.arch: 'amd64', os.version: '10.0', java.version: '1.8.0_282'
Driver info: com.kms.katalon.selenium.driver.CChromeDriver
Capabilities {acceptInsecureCerts: false, browserName: chrome, browserVersion: 110.0.5481.178, chrome: {chromedriverVersion: 109.0.5414.74 (e7c5703604da..., userDataDir: C:\Users\DIEGO~1.ROJ\AppDat...}, goog:chromeOptions: {debuggerAddress: localhost:51921}, javascriptEnabled: true, networkConnectionEnabled: false, pageLoadStrategy: normal, platform: WINDOWS, platformName: WINDOWS, proxy: Proxy(), setWindowRect: true, strictFileInteractability: false, timeouts: {implicit: 0, pageLoad: 300000, script: 30000}, unhandledPromptBehavior: dismiss and notify, webauthn:extension:credBlob: true, webauthn:extension:largeBlob: true, webauthn:virtualAuthenticators: true}
Session ID: aeb052b4d5f2d050cd163071b5761a28
	at org.openqa.selenium.remote.http.W3CHttpResponseCodec.createException(W3CHttpResponseCodec.java:187)
	at org.openqa.selenium.remote.http.W3CHttpResponseCodec.decode(W3CHttpResponseCodec.java:122)
	at org.openqa.selenium.remote.http.W3CHttpResponseCodec.decode(W3CHttpResponseCodec.java:49)
	at org.openqa.selenium.remote.HttpCommandExecutor.execute(HttpCommandExecutor.java:158)
	at org.openqa.selenium.remote.service.DriverCommandExecutor.execute(DriverCommandExecutor.java:83)
	at org.openqa.selenium.remote.RemoteWebDriver.execute(RemoteWebDriver.java:552)
	at com.kms.katalon.selenium.driver.CChromeDriver.execute(CChromeDriver.java:19)
	at org.openqa.selenium.remote.RemoteWebElement.execute(RemoteWebElement.java:285)
	at org.openqa.selenium.remote.RemoteWebElement.click(RemoteWebElement.java:84)
	at org.openqa.selenium.support.events.EventFiringWebDriver$EventFiringWebElement.lambda$new$0(EventFiringWebDriver.java:404)
	at com.sun.proxy.$Proxy11.click(Unknown Source)
	at org.openqa.selenium.support.events.EventFiringWebDriver$EventFiringWebElement.click(EventFiringWebDriver.java:417)
	at org.openqa.selenium.WebElement$click$0.call(Unknown Source)
	at com.kms.katalon.core.webui.keyword.builtin.ClickKeyword.clickUntilSuccessWithTimeout(ClickKeyword.groovy:81)
	at com.kms.katalon.core.webui.keyword.builtin.ClickKeyword.clickUntilSuccessWithTimeout(ClickKeyword.groovy)
	at com.kms.katalon.core.webui.keyword.builtin.ClickKeyword$_click_closure1.doCall(ClickKeyword.groovy:67)
	at com.kms.katalon.core.webui.keyword.builtin.ClickKeyword$_click_closure1.call(ClickKeyword.groovy)
	at com.kms.katalon.core.webui.keyword.internal.WebUIKeywordMain.runKeyword(WebUIKeywordMain.groovy:20)
	... 19 more
"/>
         <system-out><![CDATA[2023-03-09 14:06:26 - [TEST_CASE][FAILED] - Test Cases/1.2-Tareas_Secundarias/A.2-Pruebas_planta_personal/12.2.8-Acto_administrativo-Crear_puesto: Test Cases/1.2-Tareas_Secundarias/A.2-Pruebas_planta_personal/12.2.8-Acto_administrativo-Crear_puesto FAILED.
Reason:
com.kms.katalon.core.exception.StepFailedException: Unable to click on object 'Object Repository/2-OBJECTS TAREAS SECUNDARIAS/Pruebas planta personal/Acto_administrativo-Crear_puesto/a_Unidad Organizacional_form_actoMovPlantaunidad'
	at com.kms.katalon.core.webui.keyword.internal.WebUIKeywordMain.stepFailed(WebUIKeywordMain.groovy:64)
	at com.kms.katalon.core.webui.keyword.internal.WebUIKeywordMain.runKeyword(WebUIKeywordMain.groovy:26)
	at com.kms.katalon.core.webui.keyword.builtin.ClickKeyword.click(ClickKeyword.groovy:74)
	at com.kms.katalon.core.webui.keyword.builtin.ClickKeyword.execute(ClickKeyword.groovy:40)
	at com.kms.katalon.core.keyword.internal.KeywordExecutor.executeKeywordForPlatform(KeywordExecutor.groovy:74)
	at com.kms.katalon.core.webui.keyword.WebUiBuiltInKeywords.click(WebUiBuiltInKeywords.groovy:620)
	at com.kms.katalon.core.webui.keyword.WebUiBuiltInKeywords$click$9.call(Unknown Source)
	at 12.2.8-Acto_administrativo-Crear_puesto.run(12.2.8-Acto_administrativo-Crear_puesto:36)
	at com.kms.katalon.core.main.ScriptEngine.run(ScriptEngine.java:194)
	at com.kms.katalon.core.main.ScriptEngine.runScriptAsRawText(ScriptEngine.java:119)
	at com.kms.katalon.core.main.TestCaseExecutor.runScript(TestCaseExecutor.java:448)
	at com.kms.katalon.core.main.TestCaseExecutor.doExecute(TestCaseExecutor.java:439)
	at com.kms.katalon.core.main.TestCaseExecutor.processExecutionPhase(TestCaseExecutor.java:418)
	at com.kms.katalon.core.main.TestCaseExecutor.accessMainPhase(TestCaseExecutor.java:410)
	at com.kms.katalon.core.main.TestCaseExecutor.execute(TestCaseExecutor.java:285)
	at com.kms.katalon.core.common.CommonExecutor.accessTestCaseMainPhase(CommonExecutor.java:65)
	at com.kms.katalon.core.main.TestSuiteExecutor.accessTestSuiteMainPhase(TestSuiteExecutor.java:151)
	at com.kms.katalon.core.main.TestSuiteExecutor.execute(TestSuiteExecutor.java:106)
	at com.kms.katalon.core.main.TestCaseMain.startTestSuite(TestCaseMain.java:185)
	at com.kms.katalon.core.main.TestCaseMain$startTestSuite$0.call(Unknown Source)
	at TempTestSuite1678383366099.run(TempTestSuite1678383366099.groovy:36)
Caused by: org.openqa.selenium.ElementClickInterceptedException: element click intercepted: Element <a id="form_actoMovPlanta:unidad" href="#" class="ui-commandlink ui-widget btn_popupInformacion" onclick="PrimeFaces.ab({s:&quot;form_actoMovPlanta:unidad&quot;,f:&quot;form_actoMovPlanta&quot;,u:&quot;areaAplicacion&quot;});return false;"></a> is not clickable at point (826, 289). Other element would receive the click: <div class="">...</div>
  (Session info: chrome=110.0.5481.178)
Build info: version: '3.141.59', revision: 'e82be7d358', time: '2018-11-14T08:25:53'
System info: host: 'US-AF-000371', ip: '192.168.56.1', os.name: 'Windows 10', os.arch: 'amd64', os.version: '10.0', java.version: '1.8.0_282'
Driver info: com.kms.katalon.selenium.driver.CChromeDriver
Capabilities {acceptInsecureCerts: false, browserName: chrome, browserVersion: 110.0.5481.178, chrome: {chromedriverVersion: 109.0.5414.74 (e7c5703604da..., userDataDir: C:\Users\DIEGO~1.ROJ\AppDat...}, goog:chromeOptions: {debuggerAddress: localhost:51921}, javascriptEnabled: true, networkConnectionEnabled: false, pageLoadStrategy: normal, platform: WINDOWS, platformName: WINDOWS, proxy: Proxy(), setWindowRect: true, strictFileInteractability: false, timeouts: {implicit: 0, pageLoad: 300000, script: 30000}, unhandledPromptBehavior: dismiss and notify, webauthn:extension:credBlob: true, webauthn:extension:largeBlob: true, webauthn:virtualAuthenticators: true}
Session ID: aeb052b4d5f2d050cd163071b5761a28
	at org.openqa.selenium.remote.http.W3CHttpResponseCodec.createException(W3CHttpResponseCodec.java:187)
	at org.openqa.selenium.remote.http.W3CHttpResponseCodec.decode(W3CHttpResponseCodec.java:122)
	at org.openqa.selenium.remote.http.W3CHttpResponseCodec.decode(W3CHttpResponseCodec.java:49)
	at org.openqa.selenium.remote.HttpCommandExecutor.execute(HttpCommandExecutor.java:158)
	at org.openqa.selenium.remote.service.DriverCommandExecutor.execute(DriverCommandExecutor.java:83)
	at org.openqa.selenium.remote.RemoteWebDriver.execute(RemoteWebDriver.java:552)
	at com.kms.katalon.selenium.driver.CChromeDriver.execute(CChromeDriver.java:19)
	at org.openqa.selenium.remote.RemoteWebElement.execute(RemoteWebElement.java:285)
	at org.openqa.selenium.remote.RemoteWebElement.click(RemoteWebElement.java:84)
	at org.openqa.selenium.support.events.EventFiringWebDriver$EventFiringWebElement.lambda$new$0(EventFiringWebDriver.java:404)
	at com.sun.proxy.$Proxy11.click(Unknown Source)
	at org.openqa.selenium.support.events.EventFiringWebDriver$EventFiringWebElement.click(EventFiringWebDriver.java:417)
	at org.openqa.selenium.WebElement$click$0.call(Unknown Source)
	at com.kms.katalon.core.webui.keyword.builtin.ClickKeyword.clickUntilSuccessWithTimeout(ClickKeyword.groovy:81)
	at com.kms.katalon.core.webui.keyword.builtin.ClickKeyword.clickUntilSuccessWithTimeout(ClickKeyword.groovy)
	at com.kms.katalon.core.webui.keyword.builtin.ClickKeyword$_click_closure1.doCall(ClickKeyword.groovy:67)
	at com.kms.katalon.core.webui.keyword.builtin.ClickKeyword$_click_closure1.call(ClickKeyword.groovy)
	at com.kms.katalon.core.webui.keyword.internal.WebUIKeywordMain.runKeyword(WebUIKeywordMain.groovy:20)
	... 19 more


2023-03-09 14:06:26 - [TEST_STEP][PASSED] - callTestCase(findTestCase("0.1-Login"), [:], STOP_ON_FAILURE): Call Test Case 'Test Cases/0.1-Login' successfully

2023-03-09 14:06:26 - [TEST_CASE][PASSED] - Test Cases/0.1-Login: Test Cases/0.1-Login

2023-03-09 14:06:26 - [TEST_STEP][PASSED] - openBrowser(""): Browser is opened with url: ''

2023-03-09 14:06:26 - [MESSAGE][WARNING] - A browser is already opened. Closing browser and opening a new one

2023-03-09 14:06:27 - [MESSAGE][INFO] - Starting 'Chrome' driver

2023-03-09 14:06:27 - [MESSAGE][INFO] - Action delay is set to 0 milliseconds

2023-03-09 14:06:28 - [MESSAGE][PASSED] - Browser is opened with url: ''

2023-03-09 14:06:28 - [TEST_STEP][PASSED] - maximizeWindow(): Current window maximized

2023-03-09 14:06:28 - [MESSAGE][PASSED] - Current window maximized

2023-03-09 14:06:28 - [TEST_STEP][PASSED] - i = G_Login: null

2023-03-09 14:06:28 - [TEST_STEP][PASSED] - url = new java.net.URL(i): null

2023-03-09 14:06:28 - [TEST_STEP][PASSED] - println("URL: " + url.toString()): null

2023-03-09 14:06:28 - [TEST_STEP][PASSED] - connection = url.openConnection(): null

2023-03-09 14:06:28 - [TEST_STEP][PASSED] - connection.setRequestMethod("GET"): null

2023-03-09 14:06:28 - [TEST_STEP][PASSED] - connection.setReadTimeout(2 * 1000): null

2023-03-09 14:06:28 - [TEST_STEP][PASSED] - try: null

2023-03-09 14:06:28 - [TEST_STEP][PASSED] - connection.connect(): null

2023-03-09 14:06:28 - [TEST_STEP][PASSED] - flag = connected: null

2023-03-09 14:06:28 - [TEST_STEP][PASSED] - println("Valor_ori: " + flag): null

2023-03-09 14:06:28 - [TEST_STEP][PASSED] - if (flag): null

2023-03-09 14:06:28 - [TEST_STEP][PASSED] - navigateToUrl(i): Navigate to 'http://192.168.2.19:7001/saraweb' successfully

2023-03-09 14:06:30 - [MESSAGE][PASSED] - Navigate to 'http://192.168.2.19:7001/saraweb' successfully

2023-03-09 14:06:30 - [TEST_STEP][PASSED] - a(): null

2023-03-09 14:06:30 - [TEST_STEP][PASSED] - if (waitForElementVisible(findTestObject("3-OBJECTS UTILIDADES/Login/input_USUARIO_loginusuario"), 0)): null

2023-03-09 14:06:30 - [MESSAGE][WARNING] - Timeout '0' is invalid. Using default page load timeout: '37'

2023-03-09 14:06:30 - [MESSAGE][PASSED] - Object 'Object Repository/3-OBJECTS UTILIDADES/Login/input_USUARIO_loginusuario' is visible

2023-03-09 14:06:30 - [TEST_STEP][PASSED] - switchToWindowTitle("SARA"): Switched to window with title: 'SARA'

2023-03-09 14:06:30 - [MESSAGE][PASSED] - Switched to window with title: 'SARA'

2023-03-09 14:06:30 - [TEST_STEP][PASSED] - zoom(): null

2023-03-09 14:06:30 - [TEST_STEP][PASSED] - robot = new java.awt.Robot(): null

2023-03-09 14:06:30 - [TEST_STEP][PASSED] - robot.keyPress(VK_CONTROL): null

2023-03-09 14:06:30 - [TEST_STEP][PASSED] - robot.keyPress(VK_SUBTRACT): null

2023-03-09 14:06:30 - [TEST_STEP][PASSED] - robot.keyRelease(VK_CONTROL): null

2023-03-09 14:06:30 - [TEST_STEP][PASSED] - robot.keyRelease(VK_SUBTRACT): null

2023-03-09 14:06:30 - [TEST_STEP][PASSED] - robot.keyPress(VK_CONTROL): null

2023-03-09 14:06:30 - [TEST_STEP][PASSED] - robot.keyPress(VK_SUBTRACT): null

2023-03-09 14:06:30 - [TEST_STEP][PASSED] - robot.keyRelease(VK_CONTROL): null

2023-03-09 14:06:30 - [TEST_STEP][PASSED] - robot.keyRelease(VK_SUBTRACT): null

2023-03-09 14:06:30 - [TEST_STEP][PASSED] - robot.keyPress(VK_CONTROL): null

2023-03-09 14:06:30 - [TEST_STEP][PASSED] - robot.keyPress(VK_SUBTRACT): null

2023-03-09 14:06:30 - [TEST_STEP][PASSED] - robot.keyRelease(VK_CONTROL): null

2023-03-09 14:06:30 - [TEST_STEP][PASSED] - robot.keyRelease(VK_SUBTRACT): null

2023-03-09 14:06:30 - [TEST_STEP][PASSED] - robot.keyRelease(VK_CONTROL): null

2023-03-09 14:06:30 - [TEST_STEP][PASSED] - robot.keyRelease(VK_SUBTRACT): null

2023-03-09 14:06:30 - [TEST_STEP][PASSED] - setText(findTestObject("3-OBJECTS UTILIDADES/Login/input_USUARIO_loginusuario"), G_Usuario): Text 'weblogic' is set on object 'Object Repository/3-OBJECTS UTILIDADES/Login/input_USUARIO_loginusuario'

2023-03-09 14:06:31 - [MESSAGE][PASSED] - Text 'weblogic' is set on object 'Object Repository/3-OBJECTS UTILIDADES/Login/input_USUARIO_loginusuario'

2023-03-09 14:06:31 - [TEST_STEP][PASSED] - setEncryptedText(findTestObject("3-OBJECTS UTILIDADES/Login/input_CLAVE_loginpassword"), "SlAwMcyRKqrwbnzhAs8HhT6NnI7sEyng"): Text ****** has been set on object 'Object Repository/3-OBJECTS UTILIDADES/Login/input_CLAVE_loginpassword'

2023-03-09 14:06:34 - [MESSAGE][PASSED] - Text ****** has been set on object 'Object Repository/3-OBJECTS UTILIDADES/Login/input_CLAVE_loginpassword'

2023-03-09 14:06:34 - [TEST_STEP][PASSED] - while (waitForElementClickable(findTestObject("3-OBJECTS UTILIDADES/Login/a_Ingresar"), 1)): Web element with id: 'Object Repository/3-OBJECTS UTILIDADES/Login/a_Ingresar' located by '//a[contains(text(),'Ingresar')]' not found

2023-03-09 14:06:36 - [MESSAGE][INFO] - Unable to find the element located by 'By.xpath: //a[contains(text(),'Ingresar')]'. Please recheck the objects properties to make sure the desired element is located. 

2023-03-09 14:06:36 - [MESSAGE][WARNING] - Web element with id: 'Object Repository/3-OBJECTS UTILIDADES/Login/a_Ingresar' located by '//a[contains(text(),'Ingresar')]' not found

2023-03-09 14:06:36 - [MESSAGE][PASSED] - Call Test Case 'Test Cases/0.1-Login' successfully

2023-03-09 14:06:36 - [TEST_STEP][PASSED] - setText(findTestObject("2-OBJECTS TAREAS SECUNDARIAS/Pruebas planta personal/Acto_administrativo-Crear_puesto/input_Empresa 1_form_templatej_idt24_input"), "Actos administrativos"): Text 'Actos administrativos' is set on object 'Object Repository/2-OBJECTS TAREAS SECUNDARIAS/Pruebas planta personal/Acto_administrativo-Crear_puesto/input_Empresa 1_form_templatej_idt24_input'

2023-03-09 14:06:37 - [MESSAGE][PASSED] - Text 'Actos administrativos' is set on object 'Object Repository/2-OBJECTS TAREAS SECUNDARIAS/Pruebas planta personal/Acto_administrativo-Crear_puesto/input_Empresa 1_form_templatej_idt24_input'

2023-03-09 14:06:37 - [TEST_STEP][PASSED] - click(findTestObject("2-OBJECTS TAREAS SECUNDARIAS/Pruebas planta personal/Acto_administrativo-Crear_puesto/li_Actos Administrativos (act)")): Object: 'Object Repository/2-OBJECTS TAREAS SECUNDARIAS/Pruebas planta personal/Acto_administrativo-Crear_puesto/li_Actos Administrativos (act)' is clicked on

2023-03-09 14:06:38 - [MESSAGE][PASSED] - Object: 'Object Repository/2-OBJECTS TAREAS SECUNDARIAS/Pruebas planta personal/Acto_administrativo-Crear_puesto/li_Actos Administrativos (act)' is clicked on

2023-03-09 14:06:38 - [TEST_STEP][PASSED] - click(findTestObject("2-OBJECTS TAREAS SECUNDARIAS/Pruebas planta personal/Acto_administrativo-Crear_puesto/i_Actos Ausencia_glyphicons glyphicons-user-structure x3 icon-acto")): Object: 'Object Repository/2-OBJECTS TAREAS SECUNDARIAS/Pruebas planta personal/Acto_administrativo-Crear_puesto/i_Actos Ausencia_glyphicons glyphicons-user-structure x3 icon-acto' is clicked on

2023-03-09 14:06:40 - [MESSAGE][PASSED] - Object: 'Object Repository/2-OBJECTS TAREAS SECUNDARIAS/Pruebas planta personal/Acto_administrativo-Crear_puesto/i_Actos Ausencia_glyphicons glyphicons-user-structure x3 icon-acto' is clicked on

2023-03-09 14:06:40 - [TEST_STEP][PASSED] - click(findTestObject("2-OBJECTS TAREAS SECUNDARIAS/Pruebas planta personal/Acto_administrativo-Crear_puesto/a_Acto Movimento de planta_form_ActosAdministrativostabla_principal_10j_idt79")): Object: 'Object Repository/2-OBJECTS TAREAS SECUNDARIAS/Pruebas planta personal/Acto_administrativo-Crear_puesto/a_Acto Movimento de planta_form_ActosAdministrativostabla_principal_10j_idt79' is clicked on

2023-03-09 14:06:41 - [MESSAGE][PASSED] - Object: 'Object Repository/2-OBJECTS TAREAS SECUNDARIAS/Pruebas planta personal/Acto_administrativo-Crear_puesto/a_Acto Movimento de planta_form_ActosAdministrativostabla_principal_10j_idt79' is clicked on

2023-03-09 14:06:41 - [TEST_STEP][PASSED] - click(findTestObject("2-OBJECTS TAREAS SECUNDARIAS/Pruebas planta personal/Acto_administrativo-Crear_puesto/span_crea puesto trabajo")): Object: 'Object Repository/2-OBJECTS TAREAS SECUNDARIAS/Pruebas planta personal/Acto_administrativo-Crear_puesto/span_crea puesto trabajo' is clicked on

2023-03-09 14:06:42 - [MESSAGE][PASSED] - Object: 'Object Repository/2-OBJECTS TAREAS SECUNDARIAS/Pruebas planta personal/Acto_administrativo-Crear_puesto/span_crea puesto trabajo' is clicked on

2023-03-09 14:06:42 - [TEST_STEP][PASSED] - setText(findTestObject("2-OBJECTS TAREAS SECUNDARIAS/Pruebas planta personal/Acto_administrativo-Crear_puesto/input__form_actoMovPlantaj_idt18340idTexto"), "1010220596"): Text '1010220596' is set on object 'Object Repository/2-OBJECTS TAREAS SECUNDARIAS/Pruebas planta personal/Acto_administrativo-Crear_puesto/input__form_actoMovPlantaj_idt18340idTexto'

2023-03-09 14:06:44 - [MESSAGE][PASSED] - Text '1010220596' is set on object 'Object Repository/2-OBJECTS TAREAS SECUNDARIAS/Pruebas planta personal/Acto_administrativo-Crear_puesto/input__form_actoMovPlantaj_idt18340idTexto'

2023-03-09 14:06:44 - [TEST_STEP][FAILED] - click(findTestObject("2-OBJECTS TAREAS SECUNDARIAS/Pruebas planta personal/Acto_administrativo-Crear_puesto/a_Unidad Organizacional_form_actoMovPlantaunidad")): Unable to click on object 'Object Repository/2-OBJECTS TAREAS SECUNDARIAS/Pruebas planta personal/Acto_administrativo-Crear_puesto/a_Unidad Organizacional_form_actoMovPlantaunidad' (Root cause: com.kms.katalon.core.exception.StepFailedException: Unable to click on object 'Object Repository/2-OBJECTS TAREAS SECUNDARIAS/Pruebas planta personal/Acto_administrativo-Crear_puesto/a_Unidad Organizacional_form_actoMovPlantaunidad'
	at com.kms.katalon.core.webui.keyword.internal.WebUIKeywordMain.stepFailed(WebUIKeywordMain.groovy:64)
	at com.kms.katalon.core.webui.keyword.internal.WebUIKeywordMain.runKeyword(WebUIKeywordMain.groovy:26)
	at com.kms.katalon.core.webui.keyword.builtin.ClickKeyword.click(ClickKeyword.groovy:74)
	at com.kms.katalon.core.webui.keyword.builtin.ClickKeyword.execute(ClickKeyword.groovy:40)
	at com.kms.katalon.core.keyword.internal.KeywordExecutor.executeKeywordForPlatform(KeywordExecutor.groovy:74)
	at com.kms.katalon.core.webui.keyword.WebUiBuiltInKeywords.click(WebUiBuiltInKeywords.groovy:620)
	at com.kms.katalon.core.webui.keyword.WebUiBuiltInKeywords$click$9.call(Unknown Source)
	at 12.2.8-Acto_administrativo-Crear_puesto.run(12.2.8-Acto_administrativo-Crear_puesto:36)
	at com.kms.katalon.core.main.ScriptEngine.run(ScriptEngine.java:194)
	at com.kms.katalon.core.main.ScriptEngine.runScriptAsRawText(ScriptEngine.java:119)
	at com.kms.katalon.core.main.TestCaseExecutor.runScript(TestCaseExecutor.java:448)
	at com.kms.katalon.core.main.TestCaseExecutor.doExecute(TestCaseExecutor.java:439)
	at com.kms.katalon.core.main.TestCaseExecutor.processExecutionPhase(TestCaseExecutor.java:418)
	at com.kms.katalon.core.main.TestCaseExecutor.accessMainPhase(TestCaseExecutor.java:410)
	at com.kms.katalon.core.main.TestCaseExecutor.execute(TestCaseExecutor.java:285)
	at com.kms.katalon.core.common.CommonExecutor.accessTestCaseMainPhase(CommonExecutor.java:65)
	at com.kms.katalon.core.main.TestSuiteExecutor.accessTestSuiteMainPhase(TestSuiteExecutor.java:151)
	at com.kms.katalon.core.main.TestSuiteExecutor.execute(TestSuiteExecutor.java:106)
	at com.kms.katalon.core.main.TestCaseMain.startTestSuite(TestCaseMain.java:185)
	at com.kms.katalon.core.main.TestCaseMain$startTestSuite$0.call(Unknown Source)
	at TempTestSuite1678383366099.run(TempTestSuite1678383366099.groovy:36)
Caused by: org.openqa.selenium.ElementClickInterceptedException: element click intercepted: Element <a id="form_actoMovPlanta:unidad" href="#" class="ui-commandlink ui-widget btn_popupInformacion" onclick="PrimeFaces.ab({s:&quot;form_actoMovPlanta:unidad&quot;,f:&quot;form_actoMovPlanta&quot;,u:&quot;areaAplicacion&quot;});return false;"></a> is not clickable at point (826, 289). Other element would receive the click: <div class="">...</div>
  (Session info: chrome=110.0.5481.178)
Build info: version: '3.141.59', revision: 'e82be7d358', time: '2018-11-14T08:25:53'
System info: host: 'US-AF-000371', ip: '192.168.56.1', os.name: 'Windows 10', os.arch: 'amd64', os.version: '10.0', java.version: '1.8.0_282'
Driver info: com.kms.katalon.selenium.driver.CChromeDriver
Capabilities {acceptInsecureCerts: false, browserName: chrome, browserVersion: 110.0.5481.178, chrome: {chromedriverVersion: 109.0.5414.74 (e7c5703604da..., userDataDir: C:\Users\DIEGO~1.ROJ\AppDat...}, goog:chromeOptions: {debuggerAddress: localhost:51921}, javascriptEnabled: true, networkConnectionEnabled: false, pageLoadStrategy: normal, platform: WINDOWS, platformName: WINDOWS, proxy: Proxy(), setWindowRect: true, strictFileInteractability: false, timeouts: {implicit: 0, pageLoad: 300000, script: 30000}, unhandledPromptBehavior: dismiss and notify, webauthn:extension:credBlob: true, webauthn:extension:largeBlob: true, webauthn:virtualAuthenticators: true}
Session ID: aeb052b4d5f2d050cd163071b5761a28
	at org.openqa.selenium.remote.http.W3CHttpResponseCodec.createException(W3CHttpResponseCodec.java:187)
	at org.openqa.selenium.remote.http.W3CHttpResponseCodec.decode(W3CHttpResponseCodec.java:122)
	at org.openqa.selenium.remote.http.W3CHttpResponseCodec.decode(W3CHttpResponseCodec.java:49)
	at org.openqa.selenium.remote.HttpCommandExecutor.execute(HttpCommandExecutor.java:158)
	at org.openqa.selenium.remote.service.DriverCommandExecutor.execute(DriverCommandExecutor.java:83)
	at org.openqa.selenium.remote.RemoteWebDriver.execute(RemoteWebDriver.java:552)
	at com.kms.katalon.selenium.driver.CChromeDriver.execute(CChromeDriver.java:19)
	at org.openqa.selenium.remote.RemoteWebElement.execute(RemoteWebElement.java:285)
	at org.openqa.selenium.remote.RemoteWebElement.click(RemoteWebElement.java:84)
	at org.openqa.selenium.support.events.EventFiringWebDriver$EventFiringWebElement.lambda$new$0(EventFiringWebDriver.java:404)
	at com.sun.proxy.$Proxy11.click(Unknown Source)
	at org.openqa.selenium.support.events.EventFiringWebDriver$EventFiringWebElement.click(EventFiringWebDriver.java:417)
	at org.openqa.selenium.WebElement$click$0.call(Unknown Source)
	at com.kms.katalon.core.webui.keyword.builtin.ClickKeyword.clickUntilSuccessWithTimeout(ClickKeyword.groovy:81)
	at com.kms.katalon.core.webui.keyword.builtin.ClickKeyword.clickUntilSuccessWithTimeout(ClickKeyword.groovy)
	at com.kms.katalon.core.webui.keyword.builtin.ClickKeyword$_click_closure1.doCall(ClickKeyword.groovy:67)
	at com.kms.katalon.core.webui.keyword.builtin.ClickKeyword$_click_closure1.call(ClickKeyword.groovy)
	at com.kms.katalon.core.webui.keyword.internal.WebUIKeywordMain.runKeyword(WebUIKeywordMain.groovy:20)
	at com.kms.katalon.core.webui.keyword.builtin.ClickKeyword.click(ClickKeyword.groovy:74)
	at com.kms.katalon.core.webui.keyword.builtin.ClickKeyword.execute(ClickKeyword.groovy:40)
	at com.kms.katalon.core.keyword.internal.KeywordExecutor.executeKeywordForPlatform(KeywordExecutor.groovy:74)
	at com.kms.katalon.core.webui.keyword.WebUiBuiltInKeywords.click(WebUiBuiltInKeywords.groovy:620)
	at com.kms.katalon.core.webui.keyword.WebUiBuiltInKeywords$click$9.call(Unknown Source)
	at Script1648474008123.run(Script1648474008123.groovy:36)
	... 13 more
)

2023-03-09 14:07:23 - [MESSAGE][FAILED] - Unable to click on object 'Object Repository/2-OBJECTS TAREAS SECUNDARIAS/Pruebas planta personal/Acto_administrativo-Crear_puesto/a_Unidad Organizacional_form_actoMovPlantaunidad' (Root cause: com.kms.katalon.core.exception.StepFailedException: Unable to click on object 'Object Repository/2-OBJECTS TAREAS SECUNDARIAS/Pruebas planta personal/Acto_administrativo-Crear_puesto/a_Unidad Organizacional_form_actoMovPlantaunidad'
	at com.kms.katalon.core.webui.keyword.internal.WebUIKeywordMain.stepFailed(WebUIKeywordMain.groovy:64)
	at com.kms.katalon.core.webui.keyword.internal.WebUIKeywordMain.runKeyword(WebUIKeywordMain.groovy:26)
	at com.kms.katalon.core.webui.keyword.builtin.ClickKeyword.click(ClickKeyword.groovy:74)
	at com.kms.katalon.core.webui.keyword.builtin.ClickKeyword.execute(ClickKeyword.groovy:40)
	at com.kms.katalon.core.keyword.internal.KeywordExecutor.executeKeywordForPlatform(KeywordExecutor.groovy:74)
	at com.kms.katalon.core.webui.keyword.WebUiBuiltInKeywords.click(WebUiBuiltInKeywords.groovy:620)
	at com.kms.katalon.core.webui.keyword.WebUiBuiltInKeywords$click$9.call(Unknown Source)
	at 12.2.8-Acto_administrativo-Crear_puesto.run(12.2.8-Acto_administrativo-Crear_puesto:36)
	at com.kms.katalon.core.main.ScriptEngine.run(ScriptEngine.java:194)
	at com.kms.katalon.core.main.ScriptEngine.runScriptAsRawText(ScriptEngine.java:119)
	at com.kms.katalon.core.main.TestCaseExecutor.runScript(TestCaseExecutor.java:448)
	at com.kms.katalon.core.main.TestCaseExecutor.doExecute(TestCaseExecutor.java:439)
	at com.kms.katalon.core.main.TestCaseExecutor.processExecutionPhase(TestCaseExecutor.java:418)
	at com.kms.katalon.core.main.TestCaseExecutor.accessMainPhase(TestCaseExecutor.java:410)
	at com.kms.katalon.core.main.TestCaseExecutor.execute(TestCaseExecutor.java:285)
	at com.kms.katalon.core.common.CommonExecutor.accessTestCaseMainPhase(CommonExecutor.java:65)
	at com.kms.katalon.core.main.TestSuiteExecutor.accessTestSuiteMainPhase(TestSuiteExecutor.java:151)
	at com.kms.katalon.core.main.TestSuiteExecutor.execute(TestSuiteExecutor.java:106)
	at com.kms.katalon.core.main.TestCaseMain.startTestSuite(TestCaseMain.java:185)
	at com.kms.katalon.core.main.TestCaseMain$startTestSuite$0.call(Unknown Source)
	at TempTestSuite1678383366099.run(TempTestSuite1678383366099.groovy:36)
Caused by: org.openqa.selenium.ElementClickInterceptedException: element click intercepted: Element <a id="form_actoMovPlanta:unidad" href="#" class="ui-commandlink ui-widget btn_popupInformacion" onclick="PrimeFaces.ab({s:&quot;form_actoMovPlanta:unidad&quot;,f:&quot;form_actoMovPlanta&quot;,u:&quot;areaAplicacion&quot;});return false;"></a> is not clickable at point (826, 289). Other element would receive the click: <div class="">...</div>
  (Session info: chrome=110.0.5481.178)
Build info: version: '3.141.59', revision: 'e82be7d358', time: '2018-11-14T08:25:53'
System info: host: 'US-AF-000371', ip: '192.168.56.1', os.name: 'Windows 10', os.arch: 'amd64', os.version: '10.0', java.version: '1.8.0_282'
Driver info: com.kms.katalon.selenium.driver.CChromeDriver
Capabilities {acceptInsecureCerts: false, browserName: chrome, browserVersion: 110.0.5481.178, chrome: {chromedriverVersion: 109.0.5414.74 (e7c5703604da..., userDataDir: C:\Users\DIEGO~1.ROJ\AppDat...}, goog:chromeOptions: {debuggerAddress: localhost:51921}, javascriptEnabled: true, networkConnectionEnabled: false, pageLoadStrategy: normal, platform: WINDOWS, platformName: WINDOWS, proxy: Proxy(), setWindowRect: true, strictFileInteractability: false, timeouts: {implicit: 0, pageLoad: 300000, script: 30000}, unhandledPromptBehavior: dismiss and notify, webauthn:extension:credBlob: true, webauthn:extension:largeBlob: true, webauthn:virtualAuthenticators: true}
Session ID: aeb052b4d5f2d050cd163071b5761a28
	at org.openqa.selenium.remote.http.W3CHttpResponseCodec.createException(W3CHttpResponseCodec.java:187)
	at org.openqa.selenium.remote.http.W3CHttpResponseCodec.decode(W3CHttpResponseCodec.java:122)
	at org.openqa.selenium.remote.http.W3CHttpResponseCodec.decode(W3CHttpResponseCodec.java:49)
	at org.openqa.selenium.remote.HttpCommandExecutor.execute(HttpCommandExecutor.java:158)
	at org.openqa.selenium.remote.service.DriverCommandExecutor.execute(DriverCommandExecutor.java:83)
	at org.openqa.selenium.remote.RemoteWebDriver.execute(RemoteWebDriver.java:552)
	at com.kms.katalon.selenium.driver.CChromeDriver.execute(CChromeDriver.java:19)
	at org.openqa.selenium.remote.RemoteWebElement.execute(RemoteWebElement.java:285)
	at org.openqa.selenium.remote.RemoteWebElement.click(RemoteWebElement.java:84)
	at org.openqa.selenium.support.events.EventFiringWebDriver$EventFiringWebElement.lambda$new$0(EventFiringWebDriver.java:404)
	at com.sun.proxy.$Proxy11.click(Unknown Source)
	at org.openqa.selenium.support.events.EventFiringWebDriver$EventFiringWebElement.click(EventFiringWebDriver.java:417)
	at org.openqa.selenium.WebElement$click$0.call(Unknown Source)
	at com.kms.katalon.core.webui.keyword.builtin.ClickKeyword.clickUntilSuccessWithTimeout(ClickKeyword.groovy:81)
	at com.kms.katalon.core.webui.keyword.builtin.ClickKeyword.clickUntilSuccessWithTimeout(ClickKeyword.groovy)
	at com.kms.katalon.core.webui.keyword.builtin.ClickKeyword$_click_closure1.doCall(ClickKeyword.groovy:67)
	at com.kms.katalon.core.webui.keyword.builtin.ClickKeyword$_click_closure1.call(ClickKeyword.groovy)
	at com.kms.katalon.core.webui.keyword.internal.WebUIKeywordMain.runKeyword(WebUIKeywordMain.groovy:20)
	at com.kms.katalon.core.webui.keyword.builtin.ClickKeyword.click(ClickKeyword.groovy:74)
	at com.kms.katalon.core.webui.keyword.builtin.ClickKeyword.execute(ClickKeyword.groovy:40)
	at com.kms.katalon.core.keyword.internal.KeywordExecutor.executeKeywordForPlatform(KeywordExecutor.groovy:74)
	at com.kms.katalon.core.webui.keyword.WebUiBuiltInKeywords.click(WebUiBuiltInKeywords.groovy:620)
	at com.kms.katalon.core.webui.keyword.WebUiBuiltInKeywords$click$9.call(Unknown Source)
	at Script1648474008123.run(Script1648474008123.groovy:36)
	... 13 more
)
[[ATTACHMENT|C:\\Users\\diego.rojas\\git\\Pruebas-Minimas\\Reports\\20230309_123606\\Test_Suite_Secundaria\\1-Tareas_secundarias\\20230309_123606\\1678388843502.png]]]]></system-out>
         <system-err><![CDATA[2023-03-09 14:06:26 - [TEST_CASE][FAILED] - Test Cases/1.2-Tareas_Secundarias/A.2-Pruebas_planta_personal/12.2.8-Acto_administrativo-Crear_puesto: Test Cases/1.2-Tareas_Secundarias/A.2-Pruebas_planta_personal/12.2.8-Acto_administrativo-Crear_puesto FAILED.
Reason:
com.kms.katalon.core.exception.StepFailedException: Unable to click on object 'Object Repository/2-OBJECTS TAREAS SECUNDARIAS/Pruebas planta personal/Acto_administrativo-Crear_puesto/a_Unidad Organizacional_form_actoMovPlantaunidad'
	at com.kms.katalon.core.webui.keyword.internal.WebUIKeywordMain.stepFailed(WebUIKeywordMain.groovy:64)
	at com.kms.katalon.core.webui.keyword.internal.WebUIKeywordMain.runKeyword(WebUIKeywordMain.groovy:26)
	at com.kms.katalon.core.webui.keyword.builtin.ClickKeyword.click(ClickKeyword.groovy:74)
	at com.kms.katalon.core.webui.keyword.builtin.ClickKeyword.execute(ClickKeyword.groovy:40)
	at com.kms.katalon.core.keyword.internal.KeywordExecutor.executeKeywordForPlatform(KeywordExecutor.groovy:74)
	at com.kms.katalon.core.webui.keyword.WebUiBuiltInKeywords.click(WebUiBuiltInKeywords.groovy:620)
	at com.kms.katalon.core.webui.keyword.WebUiBuiltInKeywords$click$9.call(Unknown Source)
	at 12.2.8-Acto_administrativo-Crear_puesto.run(12.2.8-Acto_administrativo-Crear_puesto:36)
	at com.kms.katalon.core.main.ScriptEngine.run(ScriptEngine.java:194)
	at com.kms.katalon.core.main.ScriptEngine.runScriptAsRawText(ScriptEngine.java:119)
	at com.kms.katalon.core.main.TestCaseExecutor.runScript(TestCaseExecutor.java:448)
	at com.kms.katalon.core.main.TestCaseExecutor.doExecute(TestCaseExecutor.java:439)
	at com.kms.katalon.core.main.TestCaseExecutor.processExecutionPhase(TestCaseExecutor.java:418)
	at com.kms.katalon.core.main.TestCaseExecutor.accessMainPhase(TestCaseExecutor.java:410)
	at com.kms.katalon.core.main.TestCaseExecutor.execute(TestCaseExecutor.java:285)
	at com.kms.katalon.core.common.CommonExecutor.accessTestCaseMainPhase(CommonExecutor.java:65)
	at com.kms.katalon.core.main.TestSuiteExecutor.accessTestSuiteMainPhase(TestSuiteExecutor.java:151)
	at com.kms.katalon.core.main.TestSuiteExecutor.execute(TestSuiteExecutor.java:106)
	at com.kms.katalon.core.main.TestCaseMain.startTestSuite(TestCaseMain.java:185)
	at com.kms.katalon.core.main.TestCaseMain$startTestSuite$0.call(Unknown Source)
	at TempTestSuite1678383366099.run(TempTestSuite1678383366099.groovy:36)
Caused by: org.openqa.selenium.ElementClickInterceptedException: element click intercepted: Element <a id="form_actoMovPlanta:unidad" href="#" class="ui-commandlink ui-widget btn_popupInformacion" onclick="PrimeFaces.ab({s:&quot;form_actoMovPlanta:unidad&quot;,f:&quot;form_actoMovPlanta&quot;,u:&quot;areaAplicacion&quot;});return false;"></a> is not clickable at point (826, 289). Other element would receive the click: <div class="">...</div>
  (Session info: chrome=110.0.5481.178)
Build info: version: '3.141.59', revision: 'e82be7d358', time: '2018-11-14T08:25:53'
System info: host: 'US-AF-000371', ip: '192.168.56.1', os.name: 'Windows 10', os.arch: 'amd64', os.version: '10.0', java.version: '1.8.0_282'
Driver info: com.kms.katalon.selenium.driver.CChromeDriver
Capabilities {acceptInsecureCerts: false, browserName: chrome, browserVersion: 110.0.5481.178, chrome: {chromedriverVersion: 109.0.5414.74 (e7c5703604da..., userDataDir: C:\Users\DIEGO~1.ROJ\AppDat...}, goog:chromeOptions: {debuggerAddress: localhost:51921}, javascriptEnabled: true, networkConnectionEnabled: false, pageLoadStrategy: normal, platform: WINDOWS, platformName: WINDOWS, proxy: Proxy(), setWindowRect: true, strictFileInteractability: false, timeouts: {implicit: 0, pageLoad: 300000, script: 30000}, unhandledPromptBehavior: dismiss and notify, webauthn:extension:credBlob: true, webauthn:extension:largeBlob: true, webauthn:virtualAuthenticators: true}
Session ID: aeb052b4d5f2d050cd163071b5761a28
	at org.openqa.selenium.remote.http.W3CHttpResponseCodec.createException(W3CHttpResponseCodec.java:187)
	at org.openqa.selenium.remote.http.W3CHttpResponseCodec.decode(W3CHttpResponseCodec.java:122)
	at org.openqa.selenium.remote.http.W3CHttpResponseCodec.decode(W3CHttpResponseCodec.java:49)
	at org.openqa.selenium.remote.HttpCommandExecutor.execute(HttpCommandExecutor.java:158)
	at org.openqa.selenium.remote.service.DriverCommandExecutor.execute(DriverCommandExecutor.java:83)
	at org.openqa.selenium.remote.RemoteWebDriver.execute(RemoteWebDriver.java:552)
	at com.kms.katalon.selenium.driver.CChromeDriver.execute(CChromeDriver.java:19)
	at org.openqa.selenium.remote.RemoteWebElement.execute(RemoteWebElement.java:285)
	at org.openqa.selenium.remote.RemoteWebElement.click(RemoteWebElement.java:84)
	at org.openqa.selenium.support.events.EventFiringWebDriver$EventFiringWebElement.lambda$new$0(EventFiringWebDriver.java:404)
	at com.sun.proxy.$Proxy11.click(Unknown Source)
	at org.openqa.selenium.support.events.EventFiringWebDriver$EventFiringWebElement.click(EventFiringWebDriver.java:417)
	at org.openqa.selenium.WebElement$click$0.call(Unknown Source)
	at com.kms.katalon.core.webui.keyword.builtin.ClickKeyword.clickUntilSuccessWithTimeout(ClickKeyword.groovy:81)
	at com.kms.katalon.core.webui.keyword.builtin.ClickKeyword.clickUntilSuccessWithTimeout(ClickKeyword.groovy)
	at com.kms.katalon.core.webui.keyword.builtin.ClickKeyword$_click_closure1.doCall(ClickKeyword.groovy:67)
	at com.kms.katalon.core.webui.keyword.builtin.ClickKeyword$_click_closure1.call(ClickKeyword.groovy)
	at com.kms.katalon.core.webui.keyword.internal.WebUIKeywordMain.runKeyword(WebUIKeywordMain.groovy:20)
	... 19 more]]></system-err>
      </testcase>
      <testcase name="Test Cases/1.2-Tareas_Secundarias/A.2-Pruebas_planta_personal/12.2.9-Acto_administrativo-Traslado_puesto" time="29.574" classname="Test Cases/1.2-Tareas_Secundarias/A.2-Pruebas_planta_personal/12.2.9-Acto_administrativo-Traslado_puesto" status="PASSED">
         <system-out><![CDATA[2023-03-09 14:07:23 - [TEST_CASE][PASSED] - Test Cases/1.2-Tareas_Secundarias/A.2-Pruebas_planta_personal/12.2.9-Acto_administrativo-Traslado_puesto: Test Cases/1.2-Tareas_Secundarias/A.2-Pruebas_planta_personal/12.2.9-Acto_administrativo-Traslado_puesto

2023-03-09 14:07:24 - [TEST_STEP][PASSED] - today = new java.util.Date(): null

2023-03-09 14:07:24 - [TEST_STEP][PASSED] - Dia = today.format("dd"): null

2023-03-09 14:07:24 - [TEST_STEP][PASSED] - Mes = today.format("MM"): null

2023-03-09 14:07:24 - [TEST_STEP][PASSED] - Año = today.format("yyy"): null

2023-03-09 14:07:24 - [TEST_STEP][PASSED] - Fecha = Dia + "/" + Mes + "/" + Año: null

2023-03-09 14:07:24 - [TEST_STEP][PASSED] - callTestCase(findTestCase("0.1-Login"), [:], STOP_ON_FAILURE): Call Test Case 'Test Cases/0.1-Login' successfully

2023-03-09 14:07:24 - [TEST_CASE][PASSED] - Test Cases/0.1-Login: Test Cases/0.1-Login

2023-03-09 14:07:24 - [TEST_STEP][PASSED] - openBrowser(""): Browser is opened with url: ''

2023-03-09 14:07:24 - [MESSAGE][WARNING] - A browser is already opened. Closing browser and opening a new one

2023-03-09 14:07:24 - [MESSAGE][INFO] - Starting 'Chrome' driver

2023-03-09 14:07:24 - [MESSAGE][INFO] - Action delay is set to 0 milliseconds

2023-03-09 14:07:26 - [MESSAGE][PASSED] - Browser is opened with url: ''

2023-03-09 14:07:26 - [TEST_STEP][PASSED] - maximizeWindow(): Current window maximized

2023-03-09 14:07:26 - [MESSAGE][PASSED] - Current window maximized

2023-03-09 14:07:26 - [TEST_STEP][PASSED] - i = G_Login: null

2023-03-09 14:07:26 - [TEST_STEP][PASSED] - url = new java.net.URL(i): null

2023-03-09 14:07:26 - [TEST_STEP][PASSED] - println("URL: " + url.toString()): null

2023-03-09 14:07:26 - [TEST_STEP][PASSED] - connection = url.openConnection(): null

2023-03-09 14:07:26 - [TEST_STEP][PASSED] - connection.setRequestMethod("GET"): null

2023-03-09 14:07:26 - [TEST_STEP][PASSED] - connection.setReadTimeout(2 * 1000): null

2023-03-09 14:07:26 - [TEST_STEP][PASSED] - try: null

2023-03-09 14:07:26 - [TEST_STEP][PASSED] - connection.connect(): null

2023-03-09 14:07:26 - [TEST_STEP][PASSED] - flag = connected: null

2023-03-09 14:07:26 - [TEST_STEP][PASSED] - println("Valor_ori: " + flag): null

2023-03-09 14:07:26 - [TEST_STEP][PASSED] - if (flag): null

2023-03-09 14:07:26 - [TEST_STEP][PASSED] - navigateToUrl(i): Navigate to 'http://192.168.2.19:7001/saraweb' successfully

2023-03-09 14:07:27 - [MESSAGE][PASSED] - Navigate to 'http://192.168.2.19:7001/saraweb' successfully

2023-03-09 14:07:27 - [TEST_STEP][PASSED] - a(): null

2023-03-09 14:07:27 - [TEST_STEP][PASSED] - if (waitForElementVisible(findTestObject("3-OBJECTS UTILIDADES/Login/input_USUARIO_loginusuario"), 0)): null

2023-03-09 14:07:27 - [MESSAGE][WARNING] - Timeout '0' is invalid. Using default page load timeout: '37'

2023-03-09 14:07:28 - [MESSAGE][PASSED] - Object 'Object Repository/3-OBJECTS UTILIDADES/Login/input_USUARIO_loginusuario' is visible

2023-03-09 14:07:28 - [TEST_STEP][PASSED] - switchToWindowTitle("SARA"): Switched to window with title: 'SARA'

2023-03-09 14:07:28 - [MESSAGE][PASSED] - Switched to window with title: 'SARA'

2023-03-09 14:07:28 - [TEST_STEP][PASSED] - zoom(): null

2023-03-09 14:07:28 - [TEST_STEP][PASSED] - robot = new java.awt.Robot(): null

2023-03-09 14:07:28 - [TEST_STEP][PASSED] - robot.keyPress(VK_CONTROL): null

2023-03-09 14:07:28 - [TEST_STEP][PASSED] - robot.keyPress(VK_SUBTRACT): null

2023-03-09 14:07:28 - [TEST_STEP][PASSED] - robot.keyRelease(VK_CONTROL): null

2023-03-09 14:07:28 - [TEST_STEP][PASSED] - robot.keyRelease(VK_SUBTRACT): null

2023-03-09 14:07:28 - [TEST_STEP][PASSED] - robot.keyPress(VK_CONTROL): null

2023-03-09 14:07:28 - [TEST_STEP][PASSED] - robot.keyPress(VK_SUBTRACT): null

2023-03-09 14:07:28 - [TEST_STEP][PASSED] - robot.keyRelease(VK_CONTROL): null

2023-03-09 14:07:28 - [TEST_STEP][PASSED] - robot.keyRelease(VK_SUBTRACT): null

2023-03-09 14:07:28 - [TEST_STEP][PASSED] - robot.keyPress(VK_CONTROL): null

2023-03-09 14:07:28 - [TEST_STEP][PASSED] - robot.keyPress(VK_SUBTRACT): null

2023-03-09 14:07:28 - [TEST_STEP][PASSED] - robot.keyRelease(VK_CONTROL): null

2023-03-09 14:07:28 - [TEST_STEP][PASSED] - robot.keyRelease(VK_SUBTRACT): null

2023-03-09 14:07:28 - [TEST_STEP][PASSED] - robot.keyRelease(VK_CONTROL): null

2023-03-09 14:07:28 - [TEST_STEP][PASSED] - robot.keyRelease(VK_SUBTRACT): null

2023-03-09 14:07:28 - [TEST_STEP][PASSED] - setText(findTestObject("3-OBJECTS UTILIDADES/Login/input_USUARIO_loginusuario"), G_Usuario): Text 'weblogic' is set on object 'Object Repository/3-OBJECTS UTILIDADES/Login/input_USUARIO_loginusuario'

2023-03-09 14:07:28 - [MESSAGE][PASSED] - Text 'weblogic' is set on object 'Object Repository/3-OBJECTS UTILIDADES/Login/input_USUARIO_loginusuario'

2023-03-09 14:07:28 - [TEST_STEP][PASSED] - setEncryptedText(findTestObject("3-OBJECTS UTILIDADES/Login/input_CLAVE_loginpassword"), "SlAwMcyRKqrwbnzhAs8HhT6NnI7sEyng"): Text ****** has been set on object 'Object Repository/3-OBJECTS UTILIDADES/Login/input_CLAVE_loginpassword'

2023-03-09 14:07:32 - [MESSAGE][PASSED] - Text ****** has been set on object 'Object Repository/3-OBJECTS UTILIDADES/Login/input_CLAVE_loginpassword'

2023-03-09 14:07:32 - [TEST_STEP][PASSED] - while (waitForElementClickable(findTestObject("3-OBJECTS UTILIDADES/Login/a_Ingresar"), 1)): Web element with id: 'Object Repository/3-OBJECTS UTILIDADES/Login/a_Ingresar' located by '//a[contains(text(),'Ingresar')]' not found

2023-03-09 14:07:34 - [MESSAGE][INFO] - Unable to find the element located by 'By.xpath: //a[contains(text(),'Ingresar')]'. Please recheck the objects properties to make sure the desired element is located. 

2023-03-09 14:07:34 - [MESSAGE][WARNING] - Web element with id: 'Object Repository/3-OBJECTS UTILIDADES/Login/a_Ingresar' located by '//a[contains(text(),'Ingresar')]' not found

2023-03-09 14:07:34 - [MESSAGE][PASSED] - Call Test Case 'Test Cases/0.1-Login' successfully

2023-03-09 14:07:34 - [TEST_STEP][PASSED] - setText(findTestObject("2-OBJECTS TAREAS SECUNDARIAS/Pruebas planta personal/Acto_administrativo-Traslado_puesto/input_Empresa 1_form_templatej_idt24_input"), "Actos administrativos"): Text 'Actos administrativos' is set on object 'Object Repository/2-OBJECTS TAREAS SECUNDARIAS/Pruebas planta personal/Acto_administrativo-Traslado_puesto/input_Empresa 1_form_templatej_idt24_input'

2023-03-09 14:07:35 - [MESSAGE][PASSED] - Text 'Actos administrativos' is set on object 'Object Repository/2-OBJECTS TAREAS SECUNDARIAS/Pruebas planta personal/Acto_administrativo-Traslado_puesto/input_Empresa 1_form_templatej_idt24_input'

2023-03-09 14:07:35 - [TEST_STEP][PASSED] - click(findTestObject("2-OBJECTS TAREAS SECUNDARIAS/Pruebas planta personal/Acto_administrativo-Traslado_puesto/span_Actos Administrativos")): Object: 'Object Repository/2-OBJECTS TAREAS SECUNDARIAS/Pruebas planta personal/Acto_administrativo-Traslado_puesto/span_Actos Administrativos' is clicked on

2023-03-09 14:07:36 - [MESSAGE][PASSED] - Object: 'Object Repository/2-OBJECTS TAREAS SECUNDARIAS/Pruebas planta personal/Acto_administrativo-Traslado_puesto/span_Actos Administrativos' is clicked on

2023-03-09 14:07:36 - [TEST_STEP][PASSED] - click(findTestObject("2-OBJECTS TAREAS SECUNDARIAS/Pruebas planta personal/Acto_administrativo-Traslado_puesto/i_Actos Ausencia_glyphicons glyphicons-user-structure x3 icon-acto")): Object: 'Object Repository/2-OBJECTS TAREAS SECUNDARIAS/Pruebas planta personal/Acto_administrativo-Traslado_puesto/i_Actos Ausencia_glyphicons glyphicons-user-structure x3 icon-acto' is clicked on

2023-03-09 14:07:38 - [MESSAGE][PASSED] - Object: 'Object Repository/2-OBJECTS TAREAS SECUNDARIAS/Pruebas planta personal/Acto_administrativo-Traslado_puesto/i_Actos Ausencia_glyphicons glyphicons-user-structure x3 icon-acto' is clicked on

2023-03-09 14:07:38 - [TEST_STEP][PASSED] - click(findTestObject("2-OBJECTS TAREAS SECUNDARIAS/Pruebas planta personal/Acto_administrativo-Traslado_puesto/a_Acto Movimento de planta_form_ActosAdministrativostabla_principal_10j_idt79")): Object: 'Object Repository/2-OBJECTS TAREAS SECUNDARIAS/Pruebas planta personal/Acto_administrativo-Traslado_puesto/a_Acto Movimento de planta_form_ActosAdministrativostabla_principal_10j_idt79' is clicked on

2023-03-09 14:07:39 - [MESSAGE][PASSED] - Object: 'Object Repository/2-OBJECTS TAREAS SECUNDARIAS/Pruebas planta personal/Acto_administrativo-Traslado_puesto/a_Acto Movimento de planta_form_ActosAdministrativostabla_principal_10j_idt79' is clicked on

2023-03-09 14:07:39 - [TEST_STEP][PASSED] - click(findTestObject("2-OBJECTS TAREAS SECUNDARIAS/Pruebas planta personal/Acto_administrativo-Traslado_puesto/span_movimiento de planta traslado puesto de trabajo")): Object: 'Object Repository/2-OBJECTS TAREAS SECUNDARIAS/Pruebas planta personal/Acto_administrativo-Traslado_puesto/span_movimiento de planta traslado puesto de trabajo' is clicked on

2023-03-09 14:07:40 - [MESSAGE][PASSED] - Object: 'Object Repository/2-OBJECTS TAREAS SECUNDARIAS/Pruebas planta personal/Acto_administrativo-Traslado_puesto/span_movimiento de planta traslado puesto de trabajo' is clicked on

2023-03-09 14:07:40 - [TEST_STEP][PASSED] - click(findTestObject("2-OBJECTS TAREAS SECUNDARIAS/Pruebas planta personal/Acto_administrativo-Traslado_puesto/a_Elaboracin_form_popupSeleccionDerogarj_idt138")): Object: 'Object Repository/2-OBJECTS TAREAS SECUNDARIAS/Pruebas planta personal/Acto_administrativo-Traslado_puesto/a_Elaboracin_form_popupSeleccionDerogarj_idt138' is clicked on

2023-03-09 14:07:40 - [MESSAGE][PASSED] - Object: 'Object Repository/2-OBJECTS TAREAS SECUNDARIAS/Pruebas planta personal/Acto_administrativo-Traslado_puesto/a_Elaboracin_form_popupSeleccionDerogarj_idt138' is clicked on

2023-03-09 14:07:40 - [TEST_STEP][PASSED] - setText(findTestObject("2-OBJECTS TAREAS SECUNDARIAS/Pruebas planta personal/Acto_administrativo-Traslado_puesto/input__form_actoMovPlantaLiberaTransladaj_idt20880idTexto"), "5"): Text '5' is set on object 'Object Repository/2-OBJECTS TAREAS SECUNDARIAS/Pruebas planta personal/Acto_administrativo-Traslado_puesto/input__form_actoMovPlantaLiberaTransladaj_idt20880idTexto'

2023-03-09 14:07:42 - [MESSAGE][PASSED] - Text '5' is set on object 'Object Repository/2-OBJECTS TAREAS SECUNDARIAS/Pruebas planta personal/Acto_administrativo-Traslado_puesto/input__form_actoMovPlantaLiberaTransladaj_idt20880idTexto'

2023-03-09 14:07:42 - [TEST_STEP][PASSED] - setText(findTestObject("2-OBJECTS TAREAS SECUNDARIAS/Pruebas planta personal/Acto_administrativo-Traslado_puesto/input__form_actoMovPlantaLiberaTransladaj_idt20881fecha_input"), Fecha): Text '09/03/2023' is set on object 'Object Repository/2-OBJECTS TAREAS SECUNDARIAS/Pruebas planta personal/Acto_administrativo-Traslado_puesto/input__form_actoMovPlantaLiberaTransladaj_idt20881fecha_input'

2023-03-09 14:07:43 - [MESSAGE][PASSED] - Text '09/03/2023' is set on object 'Object Repository/2-OBJECTS TAREAS SECUNDARIAS/Pruebas planta personal/Acto_administrativo-Traslado_puesto/input__form_actoMovPlantaLiberaTransladaj_idt20881fecha_input'

2023-03-09 14:07:43 - [TEST_STEP][PASSED] - click(findTestObject("2-OBJECTS TAREAS SECUNDARIAS/Pruebas planta personal/Acto_administrativo-Traslado_puesto/a_Unidad Organizacional_form_actoMovPlantaLiberaTransladaunidad_antes")): Object: 'Object Repository/2-OBJECTS TAREAS SECUNDARIAS/Pruebas planta personal/Acto_administrativo-Traslado_puesto/a_Unidad Organizacional_form_actoMovPlantaLiberaTransladaunidad_antes' is clicked on

2023-03-09 14:07:44 - [MESSAGE][PASSED] - Object: 'Object Repository/2-OBJECTS TAREAS SECUNDARIAS/Pruebas planta personal/Acto_administrativo-Traslado_puesto/a_Unidad Organizacional_form_actoMovPlantaLiberaTransladaunidad_antes' is clicked on

2023-03-09 14:07:44 - [TEST_STEP][PASSED] - setText(findTestObject("2-OBJECTS TAREAS SECUNDARIAS/Pruebas planta personal/Acto_administrativo-Traslado_puesto/input_Unidad_form_popupUnidadUsuarioj_idt1425"), "A1"): Text 'A1' is set on object 'Object Repository/2-OBJECTS TAREAS SECUNDARIAS/Pruebas planta personal/Acto_administrativo-Traslado_puesto/input_Unidad_form_popupUnidadUsuarioj_idt1425'

2023-03-09 14:07:45 - [MESSAGE][PASSED] - Text 'A1' is set on object 'Object Repository/2-OBJECTS TAREAS SECUNDARIAS/Pruebas planta personal/Acto_administrativo-Traslado_puesto/input_Unidad_form_popupUnidadUsuarioj_idt1425'

2023-03-09 14:07:45 - [TEST_STEP][PASSED] - sendKeys(findTestObject("2-OBJECTS TAREAS SECUNDARIAS/Pruebas planta personal/Acto_administrativo-Traslado_puesto/input_Unidad_form_popupUnidadUsuarioj_idt1425"), Keys.chord(ENTER)): Keys 'ENTER + ' sent to object: 'Object Repository/2-OBJECTS TAREAS SECUNDARIAS/Pruebas planta personal/Acto_administrativo-Traslado_puesto/input_Unidad_form_popupUnidadUsuarioj_idt1425'

2023-03-09 14:07:45 - [MESSAGE][PASSED] - Keys 'ENTER + ' sent to object: 'Object Repository/2-OBJECTS TAREAS SECUNDARIAS/Pruebas planta personal/Acto_administrativo-Traslado_puesto/input_Unidad_form_popupUnidadUsuarioj_idt1425'

2023-03-09 14:07:45 - [TEST_STEP][PASSED] - click(findTestObject("2-OBJECTS TAREAS SECUNDARIAS/Pruebas planta personal/Acto_administrativo-Traslado_puesto/span_ADMINISTRACION")): Object: 'Object Repository/2-OBJECTS TAREAS SECUNDARIAS/Pruebas planta personal/Acto_administrativo-Traslado_puesto/span_ADMINISTRACION' is clicked on

2023-03-09 14:07:46 - [MESSAGE][PASSED] - Object: 'Object Repository/2-OBJECTS TAREAS SECUNDARIAS/Pruebas planta personal/Acto_administrativo-Traslado_puesto/span_ADMINISTRACION' is clicked on

2023-03-09 14:07:46 - [TEST_STEP][PASSED] - click(findTestObject("2-OBJECTS TAREAS SECUNDARIAS/Pruebas planta personal/Acto_administrativo-Traslado_puesto/a_Cargo_form_actoMovPlantaLiberaTransladacargo_antes")): Object: 'Object Repository/2-OBJECTS TAREAS SECUNDARIAS/Pruebas planta personal/Acto_administrativo-Traslado_puesto/a_Cargo_form_actoMovPlantaLiberaTransladacargo_antes' is clicked on

2023-03-09 14:07:46 - [MESSAGE][PASSED] - Object: 'Object Repository/2-OBJECTS TAREAS SECUNDARIAS/Pruebas planta personal/Acto_administrativo-Traslado_puesto/a_Cargo_form_actoMovPlantaLiberaTransladacargo_antes' is clicked on

2023-03-09 14:07:46 - [TEST_STEP][PASSED] - click(findTestObject("2-OBJECTS TAREAS SECUNDARIAS/Pruebas planta personal/Acto_administrativo-Traslado_puesto/span_ANALISTA CONTABLE")): Object: 'Object Repository/2-OBJECTS TAREAS SECUNDARIAS/Pruebas planta personal/Acto_administrativo-Traslado_puesto/span_ANALISTA CONTABLE' is clicked on

2023-03-09 14:07:47 - [MESSAGE][PASSED] - Object: 'Object Repository/2-OBJECTS TAREAS SECUNDARIAS/Pruebas planta personal/Acto_administrativo-Traslado_puesto/span_ANALISTA CONTABLE' is clicked on

2023-03-09 14:07:47 - [TEST_STEP][PASSED] - click(findTestObject("2-OBJECTS TAREAS SECUNDARIAS/Pruebas planta personal/Acto_administrativo-Traslado_puesto/a_Continuar")): Object: 'Object Repository/2-OBJECTS TAREAS SECUNDARIAS/Pruebas planta personal/Acto_administrativo-Traslado_puesto/a_Continuar' is clicked on

2023-03-09 14:07:48 - [MESSAGE][PASSED] - Object: 'Object Repository/2-OBJECTS TAREAS SECUNDARIAS/Pruebas planta personal/Acto_administrativo-Traslado_puesto/a_Continuar' is clicked on

2023-03-09 14:07:48 - [TEST_STEP][PASSED] - click(findTestObject("2-OBJECTS TAREAS SECUNDARIAS/Pruebas planta personal/Acto_administrativo-Traslado_puesto/td")): Object: 'Object Repository/2-OBJECTS TAREAS SECUNDARIAS/Pruebas planta personal/Acto_administrativo-Traslado_puesto/td' is clicked on

2023-03-09 14:07:49 - [MESSAGE][PASSED] - Object: 'Object Repository/2-OBJECTS TAREAS SECUNDARIAS/Pruebas planta personal/Acto_administrativo-Traslado_puesto/td' is clicked on

2023-03-09 14:07:49 - [TEST_STEP][PASSED] - click(findTestObject("2-OBJECTS TAREAS SECUNDARIAS/Pruebas planta personal/Acto_administrativo-Traslado_puesto/a_Continuar")): Object: 'Object Repository/2-OBJECTS TAREAS SECUNDARIAS/Pruebas planta personal/Acto_administrativo-Traslado_puesto/a_Continuar' is clicked on

2023-03-09 14:07:49 - [MESSAGE][PASSED] - Object: 'Object Repository/2-OBJECTS TAREAS SECUNDARIAS/Pruebas planta personal/Acto_administrativo-Traslado_puesto/a_Continuar' is clicked on

2023-03-09 14:07:49 - [TEST_STEP][PASSED] - click(findTestObject("2-OBJECTS TAREAS SECUNDARIAS/Pruebas planta personal/Acto_administrativo-Traslado_puesto/a_Aplicar")): Object: 'Object Repository/2-OBJECTS TAREAS SECUNDARIAS/Pruebas planta personal/Acto_administrativo-Traslado_puesto/a_Aplicar' is clicked on

2023-03-09 14:07:50 - [MESSAGE][PASSED] - Object: 'Object Repository/2-OBJECTS TAREAS SECUNDARIAS/Pruebas planta personal/Acto_administrativo-Traslado_puesto/a_Aplicar' is clicked on

2023-03-09 14:07:50 - [TEST_STEP][PASSED] - click(findTestObject("2-OBJECTS TAREAS SECUNDARIAS/Pruebas planta personal/Acto_administrativo-Traslado_puesto/span_Si")): Object: 'Object Repository/2-OBJECTS TAREAS SECUNDARIAS/Pruebas planta personal/Acto_administrativo-Traslado_puesto/span_Si' is clicked on

2023-03-09 14:07:51 - [MESSAGE][PASSED] - Object: 'Object Repository/2-OBJECTS TAREAS SECUNDARIAS/Pruebas planta personal/Acto_administrativo-Traslado_puesto/span_Si' is clicked on

2023-03-09 14:07:51 - [TEST_STEP][PASSED] - Result = getText(findTestObject("2-OBJECTS TAREAS SECUNDARIAS/Pruebas planta personal/Acto_administrativo-Traslado_puesto/label_EL SISTEMA HA GENERADO EL ACTO ADMINISTRATIVO CORRECTAMENTE"), STOP_ON_FAILURE): Text of object 'Object Repository/2-OBJECTS TAREAS SECUNDARIAS/Pruebas planta personal/Acto_administrativo-Traslado_puesto/label_EL SISTEMA HA GENERADO EL ACTO ADMINISTRATIVO CORRECTAMENTE' is: 'EL SISTEMA HA GENERADO EL ACTO ADMINISTRATIVO CORRECTAMENTE'

2023-03-09 14:07:52 - [MESSAGE][PASSED] - Text of object 'Object Repository/2-OBJECTS TAREAS SECUNDARIAS/Pruebas planta personal/Acto_administrativo-Traslado_puesto/label_EL SISTEMA HA GENERADO EL ACTO ADMINISTRATIVO CORRECTAMENTE' is: 'EL SISTEMA HA GENERADO EL ACTO ADMINISTRATIVO CORRECTAMENTE'

2023-03-09 14:07:52 - [TEST_STEP][PASSED] - click(findTestObject("2-OBJECTS TAREAS SECUNDARIAS/Pruebas planta personal/Acto_administrativo-Traslado_puesto/a_Aceptar")): Object: 'Object Repository/2-OBJECTS TAREAS SECUNDARIAS/Pruebas planta personal/Acto_administrativo-Traslado_puesto/a_Aceptar' is clicked on

2023-03-09 14:07:52 - [MESSAGE][PASSED] - Object: 'Object Repository/2-OBJECTS TAREAS SECUNDARIAS/Pruebas planta personal/Acto_administrativo-Traslado_puesto/a_Aceptar' is clicked on

2023-03-09 14:07:52 - [TEST_STEP][PASSED] - if (Result == "EL SISTEMA HA GENERADO EL ACTO ADMINISTRATIVO CORRECTAMENTE"): Browser is closed

2023-03-09 14:07:52 - [TEST_STEP][PASSED] - Resultado = "PRUEBA OK": null

2023-03-09 14:07:52 - [TEST_STEP][PASSED] - closeBrowser(): Browser is closed

2023-03-09 14:07:53 - [MESSAGE][PASSED] - Browser is closed]]></system-out>
         <system-err><![CDATA[]]></system-err>
      </testcase>
      <testcase name="Test Cases/1.2-Tareas_Secundarias/A.3-Pruebas_control_tiempos/13.1.2-Sitios_de_Trabajo" time="19.022" classname="Test Cases/1.2-Tareas_Secundarias/A.3-Pruebas_control_tiempos/13.1.2-Sitios_de_Trabajo" status="PASSED">
         <system-out><![CDATA[2023-03-09 14:07:53 - [TEST_CASE][PASSED] - Test Cases/1.2-Tareas_Secundarias/A.3-Pruebas_control_tiempos/13.1.2-Sitios_de_Trabajo: Test Cases/1.2-Tareas_Secundarias/A.3-Pruebas_control_tiempos/13.1.2-Sitios_de_Trabajo

2023-03-09 14:07:53 - [TEST_STEP][PASSED] - callTestCase(findTestCase("0.1-Login"), [:], STOP_ON_FAILURE): Call Test Case 'Test Cases/0.1-Login' successfully

2023-03-09 14:07:53 - [TEST_CASE][PASSED] - Test Cases/0.1-Login: Test Cases/0.1-Login

2023-03-09 14:07:53 - [TEST_STEP][PASSED] - openBrowser(""): Browser is opened with url: ''

2023-03-09 14:07:53 - [MESSAGE][INFO] - Starting 'Chrome' driver

2023-03-09 14:07:53 - [MESSAGE][INFO] - Action delay is set to 0 milliseconds

2023-03-09 14:07:55 - [MESSAGE][PASSED] - Browser is opened with url: ''

2023-03-09 14:07:55 - [TEST_STEP][PASSED] - maximizeWindow(): Current window maximized

2023-03-09 14:07:55 - [MESSAGE][PASSED] - Current window maximized

2023-03-09 14:07:55 - [TEST_STEP][PASSED] - i = G_Login: null

2023-03-09 14:07:55 - [TEST_STEP][PASSED] - url = new java.net.URL(i): null

2023-03-09 14:07:55 - [TEST_STEP][PASSED] - println("URL: " + url.toString()): null

2023-03-09 14:07:55 - [TEST_STEP][PASSED] - connection = url.openConnection(): null

2023-03-09 14:07:55 - [TEST_STEP][PASSED] - connection.setRequestMethod("GET"): null

2023-03-09 14:07:55 - [TEST_STEP][PASSED] - connection.setReadTimeout(2 * 1000): null

2023-03-09 14:07:55 - [TEST_STEP][PASSED] - try: null

2023-03-09 14:07:55 - [TEST_STEP][PASSED] - connection.connect(): null

2023-03-09 14:07:55 - [TEST_STEP][PASSED] - flag = connected: null

2023-03-09 14:07:55 - [TEST_STEP][PASSED] - println("Valor_ori: " + flag): null

2023-03-09 14:07:55 - [TEST_STEP][PASSED] - if (flag): null

2023-03-09 14:07:55 - [TEST_STEP][PASSED] - navigateToUrl(i): Navigate to 'http://192.168.2.19:7001/saraweb' successfully

2023-03-09 14:07:56 - [MESSAGE][PASSED] - Navigate to 'http://192.168.2.19:7001/saraweb' successfully

2023-03-09 14:07:56 - [TEST_STEP][PASSED] - a(): null

2023-03-09 14:07:56 - [TEST_STEP][PASSED] - if (waitForElementVisible(findTestObject("3-OBJECTS UTILIDADES/Login/input_USUARIO_loginusuario"), 0)): null

2023-03-09 14:07:56 - [MESSAGE][WARNING] - Timeout '0' is invalid. Using default page load timeout: '37'

2023-03-09 14:07:56 - [MESSAGE][PASSED] - Object 'Object Repository/3-OBJECTS UTILIDADES/Login/input_USUARIO_loginusuario' is visible

2023-03-09 14:07:56 - [TEST_STEP][PASSED] - switchToWindowTitle("SARA"): Switched to window with title: 'SARA'

2023-03-09 14:07:56 - [MESSAGE][PASSED] - Switched to window with title: 'SARA'

2023-03-09 14:07:56 - [TEST_STEP][PASSED] - zoom(): null

2023-03-09 14:07:56 - [TEST_STEP][PASSED] - robot = new java.awt.Robot(): null

2023-03-09 14:07:56 - [TEST_STEP][PASSED] - robot.keyPress(VK_CONTROL): null

2023-03-09 14:07:56 - [TEST_STEP][PASSED] - robot.keyPress(VK_SUBTRACT): null

2023-03-09 14:07:56 - [TEST_STEP][PASSED] - robot.keyRelease(VK_CONTROL): null

2023-03-09 14:07:56 - [TEST_STEP][PASSED] - robot.keyRelease(VK_SUBTRACT): null

2023-03-09 14:07:56 - [TEST_STEP][PASSED] - robot.keyPress(VK_CONTROL): null

2023-03-09 14:07:56 - [TEST_STEP][PASSED] - robot.keyPress(VK_SUBTRACT): null

2023-03-09 14:07:56 - [TEST_STEP][PASSED] - robot.keyRelease(VK_CONTROL): null

2023-03-09 14:07:56 - [TEST_STEP][PASSED] - robot.keyRelease(VK_SUBTRACT): null

2023-03-09 14:07:56 - [TEST_STEP][PASSED] - robot.keyPress(VK_CONTROL): null

2023-03-09 14:07:56 - [TEST_STEP][PASSED] - robot.keyPress(VK_SUBTRACT): null

2023-03-09 14:07:56 - [TEST_STEP][PASSED] - robot.keyRelease(VK_CONTROL): null

2023-03-09 14:07:56 - [TEST_STEP][PASSED] - robot.keyRelease(VK_SUBTRACT): null

2023-03-09 14:07:56 - [TEST_STEP][PASSED] - robot.keyRelease(VK_CONTROL): null

2023-03-09 14:07:56 - [TEST_STEP][PASSED] - robot.keyRelease(VK_SUBTRACT): null

2023-03-09 14:07:56 - [TEST_STEP][PASSED] - setText(findTestObject("3-OBJECTS UTILIDADES/Login/input_USUARIO_loginusuario"), G_Usuario): Text 'weblogic' is set on object 'Object Repository/3-OBJECTS UTILIDADES/Login/input_USUARIO_loginusuario'

2023-03-09 14:07:57 - [MESSAGE][PASSED] - Text 'weblogic' is set on object 'Object Repository/3-OBJECTS UTILIDADES/Login/input_USUARIO_loginusuario'

2023-03-09 14:07:57 - [TEST_STEP][PASSED] - setEncryptedText(findTestObject("3-OBJECTS UTILIDADES/Login/input_CLAVE_loginpassword"), "SlAwMcyRKqrwbnzhAs8HhT6NnI7sEyng"): Text ****** has been set on object 'Object Repository/3-OBJECTS UTILIDADES/Login/input_CLAVE_loginpassword'

2023-03-09 14:08:00 - [MESSAGE][PASSED] - Text ****** has been set on object 'Object Repository/3-OBJECTS UTILIDADES/Login/input_CLAVE_loginpassword'

2023-03-09 14:08:00 - [TEST_STEP][PASSED] - while (waitForElementClickable(findTestObject("3-OBJECTS UTILIDADES/Login/a_Ingresar"), 1)): Web element with id: 'Object Repository/3-OBJECTS UTILIDADES/Login/a_Ingresar' located by '//a[contains(text(),'Ingresar')]' not found

2023-03-09 14:08:03 - [MESSAGE][INFO] - Unable to find the element located by 'By.xpath: //a[contains(text(),'Ingresar')]'. Please recheck the objects properties to make sure the desired element is located. 

2023-03-09 14:08:03 - [MESSAGE][WARNING] - Web element with id: 'Object Repository/3-OBJECTS UTILIDADES/Login/a_Ingresar' located by '//a[contains(text(),'Ingresar')]' not found

2023-03-09 14:08:03 - [MESSAGE][PASSED] - Call Test Case 'Test Cases/0.1-Login' successfully

2023-03-09 14:08:03 - [TEST_STEP][PASSED] - setText(findTestObject("2-OBJECTS TAREAS SECUNDARIAS/Prueba Control De Tiempo/Sitios_de_Trabajo/input_Empresa 1_form_templatej_idt24_input"), "listado persona"): Text 'listado persona' is set on object 'Object Repository/2-OBJECTS TAREAS SECUNDARIAS/Prueba Control De Tiempo/Sitios_de_Trabajo/input_Empresa 1_form_templatej_idt24_input'

2023-03-09 14:08:03 - [MESSAGE][PASSED] - Text 'listado persona' is set on object 'Object Repository/2-OBJECTS TAREAS SECUNDARIAS/Prueba Control De Tiempo/Sitios_de_Trabajo/input_Empresa 1_form_templatej_idt24_input'

2023-03-09 14:08:03 - [TEST_STEP][PASSED] - click(findTestObject("2-OBJECTS TAREAS SECUNDARIAS/Prueba Control De Tiempo/Sitios_de_Trabajo/span_Listado Persona")): Object: 'Object Repository/2-OBJECTS TAREAS SECUNDARIAS/Prueba Control De Tiempo/Sitios_de_Trabajo/span_Listado Persona' is clicked on

2023-03-09 14:08:05 - [MESSAGE][PASSED] - Object: 'Object Repository/2-OBJECTS TAREAS SECUNDARIAS/Prueba Control De Tiempo/Sitios_de_Trabajo/span_Listado Persona' is clicked on

2023-03-09 14:08:05 - [TEST_STEP][PASSED] - click(findTestObject("2-OBJECTS TAREAS SECUNDARIAS/Prueba Control De Tiempo/Sitios_de_Trabajo/td_1010220596")): Object: 'Object Repository/2-OBJECTS TAREAS SECUNDARIAS/Prueba Control De Tiempo/Sitios_de_Trabajo/td_1010220596' is clicked on

2023-03-09 14:08:08 - [MESSAGE][PASSED] - Object: 'Object Repository/2-OBJECTS TAREAS SECUNDARIAS/Prueba Control De Tiempo/Sitios_de_Trabajo/td_1010220596' is clicked on

2023-03-09 14:08:08 - [TEST_STEP][PASSED] - click(findTestObject("2-OBJECTS TAREAS SECUNDARIAS/Prueba Control De Tiempo/Sitios_de_Trabajo/a_Sitios de Trabajo")): Object: 'Object Repository/2-OBJECTS TAREAS SECUNDARIAS/Prueba Control De Tiempo/Sitios_de_Trabajo/a_Sitios de Trabajo' is clicked on

2023-03-09 14:08:09 - [MESSAGE][PASSED] - Object: 'Object Repository/2-OBJECTS TAREAS SECUNDARIAS/Prueba Control De Tiempo/Sitios_de_Trabajo/a_Sitios de Trabajo' is clicked on

2023-03-09 14:08:09 - [TEST_STEP][PASSED] - click(findTestObject("2-OBJECTS TAREAS SECUNDARIAS/Prueba Control De Tiempo/Sitios_de_Trabajo/li_02-Sede Externo")): Object: 'Object Repository/2-OBJECTS TAREAS SECUNDARIAS/Prueba Control De Tiempo/Sitios_de_Trabajo/li_02-Sede Externo' is clicked on

2023-03-09 14:08:10 - [MESSAGE][PASSED] - Object: 'Object Repository/2-OBJECTS TAREAS SECUNDARIAS/Prueba Control De Tiempo/Sitios_de_Trabajo/li_02-Sede Externo' is clicked on

2023-03-09 14:08:10 - [TEST_STEP][PASSED] - if (waitForElementVisible(findTestObject("2-OBJECTS TAREAS SECUNDARIAS/Prueba Control De Tiempo/Sitios_de_Trabajo/td_9"), 1)): null

2023-03-09 14:08:10 - [MESSAGE][PASSED] - Object 'Object Repository/2-OBJECTS TAREAS SECUNDARIAS/Prueba Control De Tiempo/Sitios_de_Trabajo/td_9' is visible

2023-03-09 14:08:10 - [TEST_STEP][PASSED] - click(findTestObject("2-OBJECTS TAREAS SECUNDARIAS/Prueba Control De Tiempo/Sitios_de_Trabajo/td_9")): Object: 'Object Repository/2-OBJECTS TAREAS SECUNDARIAS/Prueba Control De Tiempo/Sitios_de_Trabajo/td_9' is clicked on

2023-03-09 14:08:10 - [MESSAGE][PASSED] - Object: 'Object Repository/2-OBJECTS TAREAS SECUNDARIAS/Prueba Control De Tiempo/Sitios_de_Trabajo/td_9' is clicked on

2023-03-09 14:08:10 - [TEST_STEP][PASSED] - element0 = findWebElement(findTestObject("2-OBJECTS TAREAS SECUNDARIAS/Prueba Control De Tiempo/Sitios_de_Trabajo/span_Add"), 30): null

2023-03-09 14:08:11 - [TEST_STEP][PASSED] - executeJavaScript("arguments[0].click()", Arrays.asList(element0)): Execute JavaScript 'arguments[0].click()' successfully

2023-03-09 14:08:11 - [MESSAGE][PASSED] - Execute JavaScript 'arguments[0].click()' successfully

2023-03-09 14:08:11 - [TEST_STEP][PASSED] - click(findTestObject("2-OBJECTS TAREAS SECUNDARIAS/Prueba Control De Tiempo/Sitios_de_Trabajo/span_Oficina")): Object: 'Object Repository/2-OBJECTS TAREAS SECUNDARIAS/Prueba Control De Tiempo/Sitios_de_Trabajo/span_Oficina' is clicked on

2023-03-09 14:08:11 - [MESSAGE][PASSED] - Object: 'Object Repository/2-OBJECTS TAREAS SECUNDARIAS/Prueba Control De Tiempo/Sitios_de_Trabajo/span_Oficina' is clicked on

2023-03-09 14:08:11 - [TEST_STEP][PASSED] - element = findWebElement(findTestObject("2-OBJECTS TAREAS SECUNDARIAS/Prueba Control De Tiempo/Sitios_de_Trabajo/span_Add"), 30): null

2023-03-09 14:08:12 - [TEST_STEP][PASSED] - executeJavaScript("arguments[0].click()", Arrays.asList(element)): Execute JavaScript 'arguments[0].click()' successfully

2023-03-09 14:08:12 - [MESSAGE][PASSED] - Execute JavaScript 'arguments[0].click()' successfully]]></system-out>
         <system-err><![CDATA[]]></system-err>
      </testcase>
      <testcase name="Test Cases/1.2-Tareas_Secundarias/A.3-Pruebas_control_tiempos/13.1.3-Programación" time="54.051" classname="Test Cases/1.2-Tareas_Secundarias/A.3-Pruebas_control_tiempos/13.1.3-Programación" status="PASSED">
         <system-out><![CDATA[2023-03-09 14:08:12 - [TEST_CASE][PASSED] - Test Cases/1.2-Tareas_Secundarias/A.3-Pruebas_control_tiempos/13.1.3-Programación: Test Cases/1.2-Tareas_Secundarias/A.3-Pruebas_control_tiempos/13.1.3-Programación

2023-03-09 14:08:12 - [TEST_STEP][PASSED] - callTestCase(findTestCase("0.1-Login"), [:], STOP_ON_FAILURE): Call Test Case 'Test Cases/0.1-Login' successfully

2023-03-09 14:08:12 - [TEST_CASE][PASSED] - Test Cases/0.1-Login: Test Cases/0.1-Login

2023-03-09 14:08:12 - [TEST_STEP][PASSED] - openBrowser(""): Browser is opened with url: ''

2023-03-09 14:08:12 - [MESSAGE][WARNING] - A browser is already opened. Closing browser and opening a new one

2023-03-09 14:08:13 - [MESSAGE][INFO] - Starting 'Chrome' driver

2023-03-09 14:08:13 - [MESSAGE][INFO] - Action delay is set to 0 milliseconds

2023-03-09 14:08:14 - [MESSAGE][PASSED] - Browser is opened with url: ''

2023-03-09 14:08:14 - [TEST_STEP][PASSED] - maximizeWindow(): Current window maximized

2023-03-09 14:08:14 - [MESSAGE][PASSED] - Current window maximized

2023-03-09 14:08:14 - [TEST_STEP][PASSED] - i = G_Login: null

2023-03-09 14:08:14 - [TEST_STEP][PASSED] - url = new java.net.URL(i): null

2023-03-09 14:08:14 - [TEST_STEP][PASSED] - println("URL: " + url.toString()): null

2023-03-09 14:08:14 - [TEST_STEP][PASSED] - connection = url.openConnection(): null

2023-03-09 14:08:14 - [TEST_STEP][PASSED] - connection.setRequestMethod("GET"): null

2023-03-09 14:08:14 - [TEST_STEP][PASSED] - connection.setReadTimeout(2 * 1000): null

2023-03-09 14:08:14 - [TEST_STEP][PASSED] - try: null

2023-03-09 14:08:14 - [TEST_STEP][PASSED] - connection.connect(): null

2023-03-09 14:08:14 - [TEST_STEP][PASSED] - flag = connected: null

2023-03-09 14:08:14 - [TEST_STEP][PASSED] - println("Valor_ori: " + flag): null

2023-03-09 14:08:14 - [TEST_STEP][PASSED] - if (flag): null

2023-03-09 14:08:14 - [TEST_STEP][PASSED] - navigateToUrl(i): Navigate to 'http://192.168.2.19:7001/saraweb' successfully

2023-03-09 14:08:15 - [MESSAGE][PASSED] - Navigate to 'http://192.168.2.19:7001/saraweb' successfully

2023-03-09 14:08:15 - [TEST_STEP][PASSED] - a(): null

2023-03-09 14:08:15 - [TEST_STEP][PASSED] - if (waitForElementVisible(findTestObject("3-OBJECTS UTILIDADES/Login/input_USUARIO_loginusuario"), 0)): null

2023-03-09 14:08:16 - [MESSAGE][WARNING] - Timeout '0' is invalid. Using default page load timeout: '37'

2023-03-09 14:08:16 - [MESSAGE][PASSED] - Object 'Object Repository/3-OBJECTS UTILIDADES/Login/input_USUARIO_loginusuario' is visible

2023-03-09 14:08:16 - [TEST_STEP][PASSED] - switchToWindowTitle("SARA"): Switched to window with title: 'SARA'

2023-03-09 14:08:16 - [MESSAGE][PASSED] - Switched to window with title: 'SARA'

2023-03-09 14:08:16 - [TEST_STEP][PASSED] - zoom(): null

2023-03-09 14:08:16 - [TEST_STEP][PASSED] - robot = new java.awt.Robot(): null

2023-03-09 14:08:16 - [TEST_STEP][PASSED] - robot.keyPress(VK_CONTROL): null

2023-03-09 14:08:16 - [TEST_STEP][PASSED] - robot.keyPress(VK_SUBTRACT): null

2023-03-09 14:08:16 - [TEST_STEP][PASSED] - robot.keyRelease(VK_CONTROL): null

2023-03-09 14:08:16 - [TEST_STEP][PASSED] - robot.keyRelease(VK_SUBTRACT): null

2023-03-09 14:08:16 - [TEST_STEP][PASSED] - robot.keyPress(VK_CONTROL): null

2023-03-09 14:08:16 - [TEST_STEP][PASSED] - robot.keyPress(VK_SUBTRACT): null

2023-03-09 14:08:16 - [TEST_STEP][PASSED] - robot.keyRelease(VK_CONTROL): null

2023-03-09 14:08:16 - [TEST_STEP][PASSED] - robot.keyRelease(VK_SUBTRACT): null

2023-03-09 14:08:16 - [TEST_STEP][PASSED] - robot.keyPress(VK_CONTROL): null

2023-03-09 14:08:16 - [TEST_STEP][PASSED] - robot.keyPress(VK_SUBTRACT): null

2023-03-09 14:08:16 - [TEST_STEP][PASSED] - robot.keyRelease(VK_CONTROL): null

2023-03-09 14:08:16 - [TEST_STEP][PASSED] - robot.keyRelease(VK_SUBTRACT): null

2023-03-09 14:08:16 - [TEST_STEP][PASSED] - robot.keyRelease(VK_CONTROL): null

2023-03-09 14:08:16 - [TEST_STEP][PASSED] - robot.keyRelease(VK_SUBTRACT): null

2023-03-09 14:08:16 - [TEST_STEP][PASSED] - setText(findTestObject("3-OBJECTS UTILIDADES/Login/input_USUARIO_loginusuario"), G_Usuario): Text 'weblogic' is set on object 'Object Repository/3-OBJECTS UTILIDADES/Login/input_USUARIO_loginusuario'

2023-03-09 14:08:17 - [MESSAGE][PASSED] - Text 'weblogic' is set on object 'Object Repository/3-OBJECTS UTILIDADES/Login/input_USUARIO_loginusuario'

2023-03-09 14:08:17 - [TEST_STEP][PASSED] - setEncryptedText(findTestObject("3-OBJECTS UTILIDADES/Login/input_CLAVE_loginpassword"), "SlAwMcyRKqrwbnzhAs8HhT6NnI7sEyng"): Text ****** has been set on object 'Object Repository/3-OBJECTS UTILIDADES/Login/input_CLAVE_loginpassword'

2023-03-09 14:08:20 - [MESSAGE][PASSED] - Text ****** has been set on object 'Object Repository/3-OBJECTS UTILIDADES/Login/input_CLAVE_loginpassword'

2023-03-09 14:08:20 - [TEST_STEP][PASSED] - while (waitForElementClickable(findTestObject("3-OBJECTS UTILIDADES/Login/a_Ingresar"), 1)): Web element with id: 'Object Repository/3-OBJECTS UTILIDADES/Login/a_Ingresar' located by '//a[contains(text(),'Ingresar')]' not found

2023-03-09 14:08:22 - [MESSAGE][INFO] - Unable to find the element located by 'By.xpath: //a[contains(text(),'Ingresar')]'. Please recheck the objects properties to make sure the desired element is located. 

2023-03-09 14:08:22 - [MESSAGE][WARNING] - Web element with id: 'Object Repository/3-OBJECTS UTILIDADES/Login/a_Ingresar' located by '//a[contains(text(),'Ingresar')]' not found

2023-03-09 14:08:22 - [MESSAGE][PASSED] - Call Test Case 'Test Cases/0.1-Login' successfully

2023-03-09 14:08:22 - [TEST_STEP][PASSED] - setText(findTestObject("2-OBJECTS TAREAS SECUNDARIAS/Pruebas Compensación/Listado_Empleados/input_Empresa 1_form_templatej_idt24_input (1)"), "Listado persona"): Text 'Listado persona' is set on object 'Object Repository/2-OBJECTS TAREAS SECUNDARIAS/Pruebas Compensación/Listado_Empleados/input_Empresa 1_form_templatej_idt24_input (1)'

2023-03-09 14:08:23 - [MESSAGE][PASSED] - Text 'Listado persona' is set on object 'Object Repository/2-OBJECTS TAREAS SECUNDARIAS/Pruebas Compensación/Listado_Empleados/input_Empresa 1_form_templatej_idt24_input (1)'

2023-03-09 14:08:23 - [TEST_STEP][PASSED] - click(findTestObject("2-OBJECTS TAREAS SECUNDARIAS/Prueba Control De Tiempo/Programación/span_Listado Persona")): Object: 'Object Repository/2-OBJECTS TAREAS SECUNDARIAS/Prueba Control De Tiempo/Programación/span_Listado Persona' is clicked on

2023-03-09 14:08:24 - [MESSAGE][PASSED] - Object: 'Object Repository/2-OBJECTS TAREAS SECUNDARIAS/Prueba Control De Tiempo/Programación/span_Listado Persona' is clicked on

2023-03-09 14:08:24 - [TEST_STEP][PASSED] - click(findTestObject("2-OBJECTS TAREAS SECUNDARIAS/Prueba Control De Tiempo/Programación/td_1010220596")): Object: 'Object Repository/2-OBJECTS TAREAS SECUNDARIAS/Prueba Control De Tiempo/Programación/td_1010220596' is clicked on

2023-03-09 14:08:27 - [MESSAGE][PASSED] - Object: 'Object Repository/2-OBJECTS TAREAS SECUNDARIAS/Prueba Control De Tiempo/Programación/td_1010220596' is clicked on

2023-03-09 14:08:27 - [TEST_STEP][PASSED] - click(findTestObject("2-OBJECTS TAREAS SECUNDARIAS/Prueba Control De Tiempo/Programación/a_Programacin")): Object: 'Object Repository/2-OBJECTS TAREAS SECUNDARIAS/Prueba Control De Tiempo/Programación/a_Programacin' is clicked on

2023-03-09 14:08:28 - [MESSAGE][PASSED] - Object: 'Object Repository/2-OBJECTS TAREAS SECUNDARIAS/Prueba Control De Tiempo/Programación/a_Programacin' is clicked on

2023-03-09 14:08:28 - [TEST_STEP][PASSED] - while (waitForElementVisible(findTestObject("2-OBJECTS TAREAS SECUNDARIAS/Prueba Control De Tiempo/Programación/td_Horario Predefinido2021"), 1)): null

2023-03-09 14:08:29 - [MESSAGE][PASSED] - Object 'Object Repository/2-OBJECTS TAREAS SECUNDARIAS/Prueba Control De Tiempo/Programación/td_Horario Predefinido2021' is visible

2023-03-09 14:08:29 - [TEST_STEP][PASSED] - click(findTestObject("2-OBJECTS TAREAS SECUNDARIAS/Prueba Control De Tiempo/Programación/td_Horario Predefinido2021")): Object: 'Object Repository/2-OBJECTS TAREAS SECUNDARIAS/Prueba Control De Tiempo/Programación/td_Horario Predefinido2021' is clicked on

2023-03-09 14:08:29 - [MESSAGE][PASSED] - Object: 'Object Repository/2-OBJECTS TAREAS SECUNDARIAS/Prueba Control De Tiempo/Programación/td_Horario Predefinido2021' is clicked on

2023-03-09 14:08:29 - [TEST_STEP][PASSED] - click(findTestObject("2-OBJECTS TAREAS SECUNDARIAS/Prueba Control De Tiempo/Programación/a_Eliminar2021")): Object: 'Object Repository/2-OBJECTS TAREAS SECUNDARIAS/Prueba Control De Tiempo/Programación/a_Eliminar2021' is clicked on

2023-03-09 14:08:30 - [MESSAGE][PASSED] - Object: 'Object Repository/2-OBJECTS TAREAS SECUNDARIAS/Prueba Control De Tiempo/Programación/a_Eliminar2021' is clicked on

2023-03-09 14:08:30 - [TEST_STEP][PASSED] - click(findTestObject("2-OBJECTS TAREAS SECUNDARIAS/Prueba Control De Tiempo/Programación/a_Aceptar2021")): Object 'Object Repository/2-OBJECTS TAREAS SECUNDARIAS/Prueba Control De Tiempo/Programación/td_Horario Predefinido2021' is visible

2023-03-09 14:08:31 - [MESSAGE][PASSED] - Object: 'Object Repository/2-OBJECTS TAREAS SECUNDARIAS/Prueba Control De Tiempo/Programación/a_Aceptar2021' is clicked on

2023-03-09 14:08:32 - [MESSAGE][PASSED] - Object 'Object Repository/2-OBJECTS TAREAS SECUNDARIAS/Prueba Control De Tiempo/Programación/td_Horario Predefinido2021' is visible

2023-03-09 14:08:32 - [TEST_STEP][PASSED] - click(findTestObject("2-OBJECTS TAREAS SECUNDARIAS/Prueba Control De Tiempo/Programación/td_Horario Predefinido2021")): Object: 'Object Repository/2-OBJECTS TAREAS SECUNDARIAS/Prueba Control De Tiempo/Programación/td_Horario Predefinido2021' is clicked on

2023-03-09 14:08:32 - [MESSAGE][PASSED] - Object: 'Object Repository/2-OBJECTS TAREAS SECUNDARIAS/Prueba Control De Tiempo/Programación/td_Horario Predefinido2021' is clicked on

2023-03-09 14:08:32 - [TEST_STEP][PASSED] - click(findTestObject("2-OBJECTS TAREAS SECUNDARIAS/Prueba Control De Tiempo/Programación/a_Eliminar2021")): Object: 'Object Repository/2-OBJECTS TAREAS SECUNDARIAS/Prueba Control De Tiempo/Programación/a_Eliminar2021' is clicked on

2023-03-09 14:08:33 - [MESSAGE][PASSED] - Object: 'Object Repository/2-OBJECTS TAREAS SECUNDARIAS/Prueba Control De Tiempo/Programación/a_Eliminar2021' is clicked on

2023-03-09 14:08:33 - [TEST_STEP][PASSED] - click(findTestObject("2-OBJECTS TAREAS SECUNDARIAS/Prueba Control De Tiempo/Programación/a_Aceptar2021")): Object 'Object Repository/2-OBJECTS TAREAS SECUNDARIAS/Prueba Control De Tiempo/Programación/td_Horario Predefinido2021' is visible

2023-03-09 14:08:33 - [MESSAGE][PASSED] - Object: 'Object Repository/2-OBJECTS TAREAS SECUNDARIAS/Prueba Control De Tiempo/Programación/a_Aceptar2021' is clicked on

2023-03-09 14:08:34 - [MESSAGE][PASSED] - Object 'Object Repository/2-OBJECTS TAREAS SECUNDARIAS/Prueba Control De Tiempo/Programación/td_Horario Predefinido2021' is visible

2023-03-09 14:08:34 - [TEST_STEP][PASSED] - click(findTestObject("2-OBJECTS TAREAS SECUNDARIAS/Prueba Control De Tiempo/Programación/td_Horario Predefinido2021")): Object: 'Object Repository/2-OBJECTS TAREAS SECUNDARIAS/Prueba Control De Tiempo/Programación/td_Horario Predefinido2021' is clicked on

2023-03-09 14:08:34 - [MESSAGE][PASSED] - Object: 'Object Repository/2-OBJECTS TAREAS SECUNDARIAS/Prueba Control De Tiempo/Programación/td_Horario Predefinido2021' is clicked on

2023-03-09 14:08:34 - [TEST_STEP][PASSED] - click(findTestObject("2-OBJECTS TAREAS SECUNDARIAS/Prueba Control De Tiempo/Programación/a_Eliminar2021")): Object: 'Object Repository/2-OBJECTS TAREAS SECUNDARIAS/Prueba Control De Tiempo/Programación/a_Eliminar2021' is clicked on

2023-03-09 14:08:35 - [MESSAGE][PASSED] - Object: 'Object Repository/2-OBJECTS TAREAS SECUNDARIAS/Prueba Control De Tiempo/Programación/a_Eliminar2021' is clicked on

2023-03-09 14:08:35 - [TEST_STEP][PASSED] - click(findTestObject("2-OBJECTS TAREAS SECUNDARIAS/Prueba Control De Tiempo/Programación/a_Aceptar2021")): Object 'Object Repository/2-OBJECTS TAREAS SECUNDARIAS/Prueba Control De Tiempo/Programación/td_Horario Predefinido2021' is visible

2023-03-09 14:08:36 - [MESSAGE][PASSED] - Object: 'Object Repository/2-OBJECTS TAREAS SECUNDARIAS/Prueba Control De Tiempo/Programación/a_Aceptar2021' is clicked on

2023-03-09 14:08:37 - [MESSAGE][PASSED] - Object 'Object Repository/2-OBJECTS TAREAS SECUNDARIAS/Prueba Control De Tiempo/Programación/td_Horario Predefinido2021' is visible

2023-03-09 14:08:37 - [TEST_STEP][PASSED] - click(findTestObject("2-OBJECTS TAREAS SECUNDARIAS/Prueba Control De Tiempo/Programación/td_Horario Predefinido2021")): Object: 'Object Repository/2-OBJECTS TAREAS SECUNDARIAS/Prueba Control De Tiempo/Programación/td_Horario Predefinido2021' is clicked on

2023-03-09 14:08:37 - [MESSAGE][PASSED] - Object: 'Object Repository/2-OBJECTS TAREAS SECUNDARIAS/Prueba Control De Tiempo/Programación/td_Horario Predefinido2021' is clicked on

2023-03-09 14:08:37 - [TEST_STEP][PASSED] - click(findTestObject("2-OBJECTS TAREAS SECUNDARIAS/Prueba Control De Tiempo/Programación/a_Eliminar2021")): Object: 'Object Repository/2-OBJECTS TAREAS SECUNDARIAS/Prueba Control De Tiempo/Programación/a_Eliminar2021' is clicked on

2023-03-09 14:08:38 - [MESSAGE][PASSED] - Object: 'Object Repository/2-OBJECTS TAREAS SECUNDARIAS/Prueba Control De Tiempo/Programación/a_Eliminar2021' is clicked on

2023-03-09 14:08:38 - [TEST_STEP][PASSED] - click(findTestObject("2-OBJECTS TAREAS SECUNDARIAS/Prueba Control De Tiempo/Programación/a_Aceptar2021")): Web element with id: 'Object Repository/2-OBJECTS TAREAS SECUNDARIAS/Prueba Control De Tiempo/Programación/td_Horario Predefinido2021' located by '//*/text()[normalize-space(.)='Horario Predefinido']/parent::*' not found

2023-03-09 14:08:38 - [MESSAGE][PASSED] - Object: 'Object Repository/2-OBJECTS TAREAS SECUNDARIAS/Prueba Control De Tiempo/Programación/a_Aceptar2021' is clicked on

2023-03-09 14:08:41 - [MESSAGE][INFO] - Unable to find the element located by 'By.xpath: //*/text()[normalize-space(.)='Horario Predefinido']/parent::*'. Please recheck the objects properties to make sure the desired element is located. 

2023-03-09 14:08:41 - [MESSAGE][WARNING] - Web element with id: 'Object Repository/2-OBJECTS TAREAS SECUNDARIAS/Prueba Control De Tiempo/Programación/td_Horario Predefinido2021' located by '//*/text()[normalize-space(.)='Horario Predefinido']/parent::*' not found

2023-03-09 14:08:41 - [TEST_STEP][PASSED] - if (waitForElementVisible(findTestObject("2-OBJECTS TAREAS SECUNDARIAS/Prueba Control De Tiempo/Programación/td_13022022"), 1)): null

2023-03-09 14:08:41 - [MESSAGE][PASSED] - Object 'Object Repository/2-OBJECTS TAREAS SECUNDARIAS/Prueba Control De Tiempo/Programación/td_13022022' is visible

2023-03-09 14:08:41 - [TEST_STEP][PASSED] - click(findTestObject("2-OBJECTS TAREAS SECUNDARIAS/Prueba Control De Tiempo/Programación/td_13022022")): Object: 'Object Repository/2-OBJECTS TAREAS SECUNDARIAS/Prueba Control De Tiempo/Programación/td_13022022' is clicked on

2023-03-09 14:08:41 - [MESSAGE][PASSED] - Object: 'Object Repository/2-OBJECTS TAREAS SECUNDARIAS/Prueba Control De Tiempo/Programación/td_13022022' is clicked on

2023-03-09 14:08:41 - [TEST_STEP][PASSED] - click(findTestObject("2-OBJECTS TAREAS SECUNDARIAS/Prueba Control De Tiempo/Programación/a_Eliminar")): Object: 'Object Repository/2-OBJECTS TAREAS SECUNDARIAS/Prueba Control De Tiempo/Programación/a_Eliminar' is clicked on

2023-03-09 14:08:42 - [MESSAGE][PASSED] - Object: 'Object Repository/2-OBJECTS TAREAS SECUNDARIAS/Prueba Control De Tiempo/Programación/a_Eliminar' is clicked on

2023-03-09 14:08:42 - [TEST_STEP][PASSED] - click(findTestObject("2-OBJECTS TAREAS SECUNDARIAS/Prueba Control De Tiempo/Programación/a_Aceptar")): Object: 'Object Repository/2-OBJECTS TAREAS SECUNDARIAS/Prueba Control De Tiempo/Programación/a_Aceptar' is clicked on

2023-03-09 14:08:43 - [MESSAGE][PASSED] - Object: 'Object Repository/2-OBJECTS TAREAS SECUNDARIAS/Prueba Control De Tiempo/Programación/a_Aceptar' is clicked on

2023-03-09 14:08:43 - [TEST_STEP][PASSED] - click(findTestObject("2-OBJECTS TAREAS SECUNDARIAS/Prueba Control De Tiempo/Programación/a_Nuevo")): Object: 'Object Repository/2-OBJECTS TAREAS SECUNDARIAS/Prueba Control De Tiempo/Programación/a_Nuevo' is clicked on

2023-03-09 14:08:44 - [MESSAGE][PASSED] - Object: 'Object Repository/2-OBJECTS TAREAS SECUNDARIAS/Prueba Control De Tiempo/Programación/a_Nuevo' is clicked on

2023-03-09 14:08:44 - [TEST_STEP][PASSED] - selectOptionByIndex(findTestObject("2-OBJECTS TAREAS SECUNDARIAS/Prueba Control De Tiempo/Programación/select_SeleccionarAusenciaHorario"), 2): All options with index in [2] are selected on object 'Object Repository/2-OBJECTS TAREAS SECUNDARIAS/Prueba Control De Tiempo/Programación/select_SeleccionarAusenciaHorario'

2023-03-09 14:08:45 - [MESSAGE][PASSED] - All options with index in [2] are selected on object 'Object Repository/2-OBJECTS TAREAS SECUNDARIAS/Prueba Control De Tiempo/Programación/select_SeleccionarAusenciaHorario'

2023-03-09 14:08:45 - [TEST_STEP][PASSED] - selectOptionByIndex(findTestObject("2-OBJECTS TAREAS SECUNDARIAS/Prueba Control De Tiempo/Programación/select_SeleccionarDiaria"), 1): All options with index in [1] are selected on object 'Object Repository/2-OBJECTS TAREAS SECUNDARIAS/Prueba Control De Tiempo/Programación/select_SeleccionarDiaria'

2023-03-09 14:08:46 - [MESSAGE][PASSED] - All options with index in [1] are selected on object 'Object Repository/2-OBJECTS TAREAS SECUNDARIAS/Prueba Control De Tiempo/Programación/select_SeleccionarDiaria'

2023-03-09 14:08:46 - [TEST_STEP][PASSED] - setText(findTestObject("2-OBJECTS TAREAS SECUNDARIAS/Prueba Control De Tiempo/Programación/input_Hora Comienza_jornada_formhoraInicialDI"), "TTTTTLL"): Text 'TTTTTLL' is set on object 'Object Repository/2-OBJECTS TAREAS SECUNDARIAS/Prueba Control De Tiempo/Programación/input_Hora Comienza_jornada_formhoraInicialDI'

2023-03-09 14:08:47 - [MESSAGE][PASSED] - Text 'TTTTTLL' is set on object 'Object Repository/2-OBJECTS TAREAS SECUNDARIAS/Prueba Control De Tiempo/Programación/input_Hora Comienza_jornada_formhoraInicialDI'

2023-03-09 14:08:47 - [TEST_STEP][PASSED] - click(findTestObject("2-OBJECTS TAREAS SECUNDARIAS/Prueba Control De Tiempo/Programación/input_Da_jornada_formdiaDI_input"), STOP_ON_FAILURE): Object: 'Object Repository/2-OBJECTS TAREAS SECUNDARIAS/Prueba Control De Tiempo/Programación/input_Da_jornada_formdiaDI_input' is clicked on

2023-03-09 14:08:48 - [MESSAGE][PASSED] - Object: 'Object Repository/2-OBJECTS TAREAS SECUNDARIAS/Prueba Control De Tiempo/Programación/input_Da_jornada_formdiaDI_input' is clicked on

2023-03-09 14:08:48 - [TEST_STEP][PASSED] - setText(findTestObject("2-OBJECTS TAREAS SECUNDARIAS/Prueba Control De Tiempo/Programación/input_Da_jornada_formdiaDI_input"), "13/02/2022"): Text '13/02/2022' is set on object 'Object Repository/2-OBJECTS TAREAS SECUNDARIAS/Prueba Control De Tiempo/Programación/input_Da_jornada_formdiaDI_input'

2023-03-09 14:08:49 - [MESSAGE][PASSED] - Text '13/02/2022' is set on object 'Object Repository/2-OBJECTS TAREAS SECUNDARIAS/Prueba Control De Tiempo/Programación/input_Da_jornada_formdiaDI_input'

2023-03-09 14:08:49 - [TEST_STEP][PASSED] - waitForElementVisible(findTestObject("2-OBJECTS TAREAS SECUNDARIAS/Prueba Control De Tiempo/Programación/input_Hora Comienza_jornada_formhoraInicialCI"), 0): Object 'Object Repository/2-OBJECTS TAREAS SECUNDARIAS/Prueba Control De Tiempo/Programación/input_Hora Comienza_jornada_formhoraInicialCI' is visible

2023-03-09 14:08:49 - [MESSAGE][WARNING] - Timeout '0' is invalid. Using default page load timeout: '37'

2023-03-09 14:08:49 - [MESSAGE][PASSED] - Object 'Object Repository/2-OBJECTS TAREAS SECUNDARIAS/Prueba Control De Tiempo/Programación/input_Hora Comienza_jornada_formhoraInicialCI' is visible

2023-03-09 14:08:49 - [TEST_STEP][PASSED] - click(findTestObject("2-OBJECTS TAREAS SECUNDARIAS/Prueba Control De Tiempo/Programación/input_Hora Comienza_jornada_formhoraInicialCI"), STOP_ON_FAILURE): Object: 'Object Repository/2-OBJECTS TAREAS SECUNDARIAS/Prueba Control De Tiempo/Programación/input_Hora Comienza_jornada_formhoraInicialCI' is clicked on

2023-03-09 14:08:50 - [MESSAGE][PASSED] - Object: 'Object Repository/2-OBJECTS TAREAS SECUNDARIAS/Prueba Control De Tiempo/Programación/input_Hora Comienza_jornada_formhoraInicialCI' is clicked on

2023-03-09 14:08:50 - [TEST_STEP][PASSED] - setText(findTestObject("2-OBJECTS TAREAS SECUNDARIAS/Prueba Control De Tiempo/Programación/input_Hora Comienza_jornada_formhoraInicialCI"), "10"): Text '10' is set on object 'Object Repository/2-OBJECTS TAREAS SECUNDARIAS/Prueba Control De Tiempo/Programación/input_Hora Comienza_jornada_formhoraInicialCI'

2023-03-09 14:08:51 - [MESSAGE][PASSED] - Text '10' is set on object 'Object Repository/2-OBJECTS TAREAS SECUNDARIAS/Prueba Control De Tiempo/Programación/input_Hora Comienza_jornada_formhoraInicialCI'

2023-03-09 14:08:51 - [TEST_STEP][PASSED] - waitForElementVisible(findTestObject("2-OBJECTS TAREAS SECUNDARIAS/Prueba Control De Tiempo/Programación/input__jornada_formminutoInicialCI"), 0): Object 'Object Repository/2-OBJECTS TAREAS SECUNDARIAS/Prueba Control De Tiempo/Programación/input__jornada_formminutoInicialCI' is visible

2023-03-09 14:08:51 - [MESSAGE][WARNING] - Timeout '0' is invalid. Using default page load timeout: '37'

2023-03-09 14:08:51 - [MESSAGE][PASSED] - Object 'Object Repository/2-OBJECTS TAREAS SECUNDARIAS/Prueba Control De Tiempo/Programación/input__jornada_formminutoInicialCI' is visible

2023-03-09 14:08:51 - [TEST_STEP][PASSED] - click(findTestObject("2-OBJECTS TAREAS SECUNDARIAS/Prueba Control De Tiempo/Programación/input__jornada_formminutoInicialCI"), STOP_ON_FAILURE): Object: 'Object Repository/2-OBJECTS TAREAS SECUNDARIAS/Prueba Control De Tiempo/Programación/input__jornada_formminutoInicialCI' is clicked on

2023-03-09 14:08:51 - [MESSAGE][PASSED] - Object: 'Object Repository/2-OBJECTS TAREAS SECUNDARIAS/Prueba Control De Tiempo/Programación/input__jornada_formminutoInicialCI' is clicked on

2023-03-09 14:08:51 - [TEST_STEP][PASSED] - setText(findTestObject("2-OBJECTS TAREAS SECUNDARIAS/Prueba Control De Tiempo/Programación/input__jornada_formminutoInicialCI"), "04"): Text '04' is set on object 'Object Repository/2-OBJECTS TAREAS SECUNDARIAS/Prueba Control De Tiempo/Programación/input__jornada_formminutoInicialCI'

2023-03-09 14:08:52 - [MESSAGE][PASSED] - Text '04' is set on object 'Object Repository/2-OBJECTS TAREAS SECUNDARIAS/Prueba Control De Tiempo/Programación/input__jornada_formminutoInicialCI'

2023-03-09 14:08:52 - [TEST_STEP][PASSED] - waitForElementVisible(findTestObject("2-OBJECTS TAREAS SECUNDARIAS/Prueba Control De Tiempo/Programación/input_Hora Termina_jornada_formhoraFinalCI"), 0): Object 'Object Repository/2-OBJECTS TAREAS SECUNDARIAS/Prueba Control De Tiempo/Programación/input_Hora Termina_jornada_formhoraFinalCI' is visible

2023-03-09 14:08:52 - [MESSAGE][WARNING] - Timeout '0' is invalid. Using default page load timeout: '37'

2023-03-09 14:08:53 - [MESSAGE][PASSED] - Object 'Object Repository/2-OBJECTS TAREAS SECUNDARIAS/Prueba Control De Tiempo/Programación/input_Hora Termina_jornada_formhoraFinalCI' is visible

2023-03-09 14:08:53 - [TEST_STEP][PASSED] - click(findTestObject("2-OBJECTS TAREAS SECUNDARIAS/Prueba Control De Tiempo/Programación/input_Hora Termina_jornada_formhoraFinalCI"), STOP_ON_FAILURE): Object: 'Object Repository/2-OBJECTS TAREAS SECUNDARIAS/Prueba Control De Tiempo/Programación/input_Hora Termina_jornada_formhoraFinalCI' is clicked on

2023-03-09 14:08:53 - [MESSAGE][PASSED] - Object: 'Object Repository/2-OBJECTS TAREAS SECUNDARIAS/Prueba Control De Tiempo/Programación/input_Hora Termina_jornada_formhoraFinalCI' is clicked on

2023-03-09 14:08:53 - [TEST_STEP][PASSED] - setText(findTestObject("2-OBJECTS TAREAS SECUNDARIAS/Prueba Control De Tiempo/Programación/input_Hora Termina_jornada_formhoraFinalCI"), "18"): Text '18' is set on object 'Object Repository/2-OBJECTS TAREAS SECUNDARIAS/Prueba Control De Tiempo/Programación/input_Hora Termina_jornada_formhoraFinalCI'

2023-03-09 14:08:54 - [MESSAGE][PASSED] - Text '18' is set on object 'Object Repository/2-OBJECTS TAREAS SECUNDARIAS/Prueba Control De Tiempo/Programación/input_Hora Termina_jornada_formhoraFinalCI'

2023-03-09 14:08:54 - [TEST_STEP][PASSED] - waitForElementVisible(findTestObject("2-OBJECTS TAREAS SECUNDARIAS/Prueba Control De Tiempo/Programación/input__jornada_formminutoFinalCI"), 0): Object 'Object Repository/2-OBJECTS TAREAS SECUNDARIAS/Prueba Control De Tiempo/Programación/input__jornada_formminutoFinalCI' is visible

2023-03-09 14:08:54 - [MESSAGE][WARNING] - Timeout '0' is invalid. Using default page load timeout: '37'

2023-03-09 14:08:54 - [MESSAGE][PASSED] - Object 'Object Repository/2-OBJECTS TAREAS SECUNDARIAS/Prueba Control De Tiempo/Programación/input__jornada_formminutoFinalCI' is visible

2023-03-09 14:08:54 - [TEST_STEP][PASSED] - click(findTestObject("2-OBJECTS TAREAS SECUNDARIAS/Prueba Control De Tiempo/Programación/input__jornada_formminutoFinalCI"), STOP_ON_FAILURE): Object: 'Object Repository/2-OBJECTS TAREAS SECUNDARIAS/Prueba Control De Tiempo/Programación/input__jornada_formminutoFinalCI' is clicked on

2023-03-09 14:08:55 - [MESSAGE][PASSED] - Object: 'Object Repository/2-OBJECTS TAREAS SECUNDARIAS/Prueba Control De Tiempo/Programación/input__jornada_formminutoFinalCI' is clicked on

2023-03-09 14:08:55 - [TEST_STEP][PASSED] - setText(findTestObject("2-OBJECTS TAREAS SECUNDARIAS/Prueba Control De Tiempo/Programación/input__jornada_formminutoFinalCI"), "10"): Text '10' is set on object 'Object Repository/2-OBJECTS TAREAS SECUNDARIAS/Prueba Control De Tiempo/Programación/input__jornada_formminutoFinalCI'

2023-03-09 14:08:56 - [MESSAGE][PASSED] - Text '10' is set on object 'Object Repository/2-OBJECTS TAREAS SECUNDARIAS/Prueba Control De Tiempo/Programación/input__jornada_formminutoFinalCI'

2023-03-09 14:08:56 - [TEST_STEP][PASSED] - selectOptionByIndex(findTestObject("2-OBJECTS TAREAS SECUNDARIAS/Prueba Control De Tiempo/Programación/select_SeleccionarJornada LaboralFranja Adicional Por AutorizarFranja Adicional Autorizada"), 1): All options with index in [1] are selected on object 'Object Repository/2-OBJECTS TAREAS SECUNDARIAS/Prueba Control De Tiempo/Programación/select_SeleccionarJornada LaboralFranja Adicional Por AutorizarFranja Adicional Autorizada'

2023-03-09 14:08:57 - [MESSAGE][PASSED] - All options with index in [1] are selected on object 'Object Repository/2-OBJECTS TAREAS SECUNDARIAS/Prueba Control De Tiempo/Programación/select_SeleccionarJornada LaboralFranja Adicional Por AutorizarFranja Adicional Autorizada'

2023-03-09 14:08:57 - [TEST_STEP][PASSED] - setText(findTestObject("2-OBJECTS TAREAS SECUNDARIAS/Prueba Control De Tiempo/Programación/input_Hasta_jornada_formhastaCI_input"), "02/03/2022"): Text '02/03/2022' is set on object 'Object Repository/2-OBJECTS TAREAS SECUNDARIAS/Prueba Control De Tiempo/Programación/input_Hasta_jornada_formhastaCI_input'

2023-03-09 14:08:58 - [MESSAGE][PASSED] - Text '02/03/2022' is set on object 'Object Repository/2-OBJECTS TAREAS SECUNDARIAS/Prueba Control De Tiempo/Programación/input_Hasta_jornada_formhastaCI_input'

2023-03-09 14:08:58 - [TEST_STEP][PASSED] - click(findTestObject("2-OBJECTS TAREAS SECUNDARIAS/Prueba Control De Tiempo/Programación/a_Guardar")): Object: 'Object Repository/2-OBJECTS TAREAS SECUNDARIAS/Prueba Control De Tiempo/Programación/a_Guardar' is clicked on

2023-03-09 14:08:58 - [MESSAGE][PASSED] - Object: 'Object Repository/2-OBJECTS TAREAS SECUNDARIAS/Prueba Control De Tiempo/Programación/a_Guardar' is clicked on

2023-03-09 14:08:58 - [TEST_STEP][PASSED] - Result = getText(findTestObject("3-OBJECTS UTILIDADES/Alerta/Alerta")): Text of object 'Object Repository/3-OBJECTS UTILIDADES/Alerta/Alerta' is: 'Registro guardado'

2023-03-09 14:08:59 - [MESSAGE][PASSED] - Text of object 'Object Repository/3-OBJECTS UTILIDADES/Alerta/Alerta' is: 'Registro guardado'

2023-03-09 14:08:59 - [TEST_STEP][PASSED] - if (waitForElementVisible(findTestObject("2-OBJECTS TAREAS SECUNDARIAS/Prueba Control De Tiempo/Programación/a_Programacin Por Da"), 1)): null

2023-03-09 14:09:00 - [MESSAGE][PASSED] - Object 'Object Repository/2-OBJECTS TAREAS SECUNDARIAS/Prueba Control De Tiempo/Programación/a_Programacin Por Da' is visible

2023-03-09 14:09:00 - [TEST_STEP][PASSED] - click(findTestObject("2-OBJECTS TAREAS SECUNDARIAS/Prueba Control De Tiempo/Programación/a_Programacin Por Da")): Object: 'Object Repository/2-OBJECTS TAREAS SECUNDARIAS/Prueba Control De Tiempo/Programación/a_Programacin Por Da' is clicked on

2023-03-09 14:09:00 - [MESSAGE][PASSED] - Object: 'Object Repository/2-OBJECTS TAREAS SECUNDARIAS/Prueba Control De Tiempo/Programación/a_Programacin Por Da' is clicked on

2023-03-09 14:09:00 - [TEST_STEP][PASSED] - selectOptionByIndex(findTestObject("2-OBJECTS TAREAS SECUNDARIAS/Prueba Control De Tiempo/Programación/select_SeleccionarTurno 01 (0600 - 1400)TURNO 02 (1400 - 2200)Turno 03 (2200-0600)"), 4): All options with index in [4] are selected on object 'Object Repository/2-OBJECTS TAREAS SECUNDARIAS/Prueba Control De Tiempo/Programación/select_SeleccionarTurno 01 (0600 - 1400)TURNO 02 (1400 - 2200)Turno 03 (2200-0600)'

2023-03-09 14:09:02 - [MESSAGE][PASSED] - All options with index in [4] are selected on object 'Object Repository/2-OBJECTS TAREAS SECUNDARIAS/Prueba Control De Tiempo/Programación/select_SeleccionarTurno 01 (0600 - 1400)TURNO 02 (1400 - 2200)Turno 03 (2200-0600)'

2023-03-09 14:09:02 - [TEST_STEP][PASSED] - setText(findTestObject("2-OBJECTS TAREAS SECUNDARIAS/Prueba Control De Tiempo/Programación/input_Desde_jornadaPorDia_formdesdeTU_input"), "01/07/2021"): Text '01/07/2021' is set on object 'Object Repository/2-OBJECTS TAREAS SECUNDARIAS/Prueba Control De Tiempo/Programación/input_Desde_jornadaPorDia_formdesdeTU_input'

2023-03-09 14:09:03 - [MESSAGE][PASSED] - Text '01/07/2021' is set on object 'Object Repository/2-OBJECTS TAREAS SECUNDARIAS/Prueba Control De Tiempo/Programación/input_Desde_jornadaPorDia_formdesdeTU_input'

2023-03-09 14:09:03 - [TEST_STEP][PASSED] - setText(findTestObject("2-OBJECTS TAREAS SECUNDARIAS/Prueba Control De Tiempo/Programación/input_Hasta_jornada_formhastaCI_input - Copy"), "04/07/2021"): Text '04/07/2021' is set on object 'Object Repository/2-OBJECTS TAREAS SECUNDARIAS/Prueba Control De Tiempo/Programación/input_Hasta_jornada_formhastaCI_input - Copy'

2023-03-09 14:09:04 - [MESSAGE][PASSED] - Text '04/07/2021' is set on object 'Object Repository/2-OBJECTS TAREAS SECUNDARIAS/Prueba Control De Tiempo/Programación/input_Hasta_jornada_formhastaCI_input - Copy'

2023-03-09 14:09:04 - [TEST_STEP][PASSED] - click(findTestObject("2-OBJECTS TAREAS SECUNDARIAS/Prueba Control De Tiempo/Programación/a_Guardar2")): Object: 'Object Repository/2-OBJECTS TAREAS SECUNDARIAS/Prueba Control De Tiempo/Programación/a_Guardar2' is clicked on

2023-03-09 14:09:04 - [MESSAGE][PASSED] - Object: 'Object Repository/2-OBJECTS TAREAS SECUNDARIAS/Prueba Control De Tiempo/Programación/a_Guardar2' is clicked on

2023-03-09 14:09:04 - [TEST_STEP][PASSED] - Result0 = getText(findTestObject("3-OBJECTS UTILIDADES/Alerta/Alerta")): Text of object 'Object Repository/3-OBJECTS UTILIDADES/Alerta/Alerta' is: 'Registro guardado'

2023-03-09 14:09:05 - [MESSAGE][PASSED] - Text of object 'Object Repository/3-OBJECTS UTILIDADES/Alerta/Alerta' is: 'Registro guardado'

2023-03-09 14:09:05 - [TEST_STEP][PASSED] - if (Result == "Registro guardado"): Browser is closed

2023-03-09 14:09:05 - [TEST_STEP][PASSED] - Resultado = "PRUEBA OK": null

2023-03-09 14:09:05 - [TEST_STEP][PASSED] - closeBrowser(): Browser is closed

2023-03-09 14:09:06 - [MESSAGE][PASSED] - Browser is closed]]></system-out>
         <system-err><![CDATA[]]></system-err>
      </testcase>
      <testcase name="Test Cases/1.2-Tareas_Secundarias/A.3-Pruebas_control_tiempos/13.1.4-Jornada" time="20.136" classname="Test Cases/1.2-Tareas_Secundarias/A.3-Pruebas_control_tiempos/13.1.4-Jornada" status="PASSED">
         <system-out><![CDATA[2023-03-09 14:09:06 - [TEST_CASE][PASSED] - Test Cases/1.2-Tareas_Secundarias/A.3-Pruebas_control_tiempos/13.1.4-Jornada: Test Cases/1.2-Tareas_Secundarias/A.3-Pruebas_control_tiempos/13.1.4-Jornada

2023-03-09 14:09:06 - [TEST_STEP][PASSED] - callTestCase(findTestCase("0.1-Login"), [:], STOP_ON_FAILURE): Call Test Case 'Test Cases/0.1-Login' successfully

2023-03-09 14:09:06 - [TEST_CASE][PASSED] - Test Cases/0.1-Login: Test Cases/0.1-Login

2023-03-09 14:09:06 - [TEST_STEP][PASSED] - openBrowser(""): Browser is opened with url: ''

2023-03-09 14:09:06 - [MESSAGE][INFO] - Starting 'Chrome' driver

2023-03-09 14:09:06 - [MESSAGE][INFO] - Action delay is set to 0 milliseconds

2023-03-09 14:09:08 - [MESSAGE][PASSED] - Browser is opened with url: ''

2023-03-09 14:09:08 - [TEST_STEP][PASSED] - maximizeWindow(): Current window maximized

2023-03-09 14:09:08 - [MESSAGE][PASSED] - Current window maximized

2023-03-09 14:09:08 - [TEST_STEP][PASSED] - i = G_Login: null

2023-03-09 14:09:08 - [TEST_STEP][PASSED] - url = new java.net.URL(i): null

2023-03-09 14:09:08 - [TEST_STEP][PASSED] - println("URL: " + url.toString()): null

2023-03-09 14:09:08 - [TEST_STEP][PASSED] - connection = url.openConnection(): null

2023-03-09 14:09:08 - [TEST_STEP][PASSED] - connection.setRequestMethod("GET"): null

2023-03-09 14:09:08 - [TEST_STEP][PASSED] - connection.setReadTimeout(2 * 1000): null

2023-03-09 14:09:08 - [TEST_STEP][PASSED] - try: null

2023-03-09 14:09:08 - [TEST_STEP][PASSED] - connection.connect(): null

2023-03-09 14:09:08 - [TEST_STEP][PASSED] - flag = connected: null

2023-03-09 14:09:08 - [TEST_STEP][PASSED] - println("Valor_ori: " + flag): null

2023-03-09 14:09:08 - [TEST_STEP][PASSED] - if (flag): null

2023-03-09 14:09:08 - [TEST_STEP][PASSED] - navigateToUrl(i): Navigate to 'http://192.168.2.19:7001/saraweb' successfully

2023-03-09 14:09:09 - [MESSAGE][PASSED] - Navigate to 'http://192.168.2.19:7001/saraweb' successfully

2023-03-09 14:09:09 - [TEST_STEP][PASSED] - a(): null

2023-03-09 14:09:09 - [TEST_STEP][PASSED] - if (waitForElementVisible(findTestObject("3-OBJECTS UTILIDADES/Login/input_USUARIO_loginusuario"), 0)): null

2023-03-09 14:09:09 - [MESSAGE][WARNING] - Timeout '0' is invalid. Using default page load timeout: '37'

2023-03-09 14:09:10 - [MESSAGE][PASSED] - Object 'Object Repository/3-OBJECTS UTILIDADES/Login/input_USUARIO_loginusuario' is visible

2023-03-09 14:09:10 - [TEST_STEP][PASSED] - switchToWindowTitle("SARA"): Switched to window with title: 'SARA'

2023-03-09 14:09:10 - [MESSAGE][PASSED] - Switched to window with title: 'SARA'

2023-03-09 14:09:10 - [TEST_STEP][PASSED] - zoom(): null

2023-03-09 14:09:10 - [TEST_STEP][PASSED] - robot = new java.awt.Robot(): null

2023-03-09 14:09:10 - [TEST_STEP][PASSED] - robot.keyPress(VK_CONTROL): null

2023-03-09 14:09:10 - [TEST_STEP][PASSED] - robot.keyPress(VK_SUBTRACT): null

2023-03-09 14:09:10 - [TEST_STEP][PASSED] - robot.keyRelease(VK_CONTROL): null

2023-03-09 14:09:10 - [TEST_STEP][PASSED] - robot.keyRelease(VK_SUBTRACT): null

2023-03-09 14:09:10 - [TEST_STEP][PASSED] - robot.keyPress(VK_CONTROL): null

2023-03-09 14:09:10 - [TEST_STEP][PASSED] - robot.keyPress(VK_SUBTRACT): null

2023-03-09 14:09:10 - [TEST_STEP][PASSED] - robot.keyRelease(VK_CONTROL): null

2023-03-09 14:09:10 - [TEST_STEP][PASSED] - robot.keyRelease(VK_SUBTRACT): null

2023-03-09 14:09:10 - [TEST_STEP][PASSED] - robot.keyPress(VK_CONTROL): null

2023-03-09 14:09:10 - [TEST_STEP][PASSED] - robot.keyPress(VK_SUBTRACT): null

2023-03-09 14:09:10 - [TEST_STEP][PASSED] - robot.keyRelease(VK_CONTROL): null

2023-03-09 14:09:10 - [TEST_STEP][PASSED] - robot.keyRelease(VK_SUBTRACT): null

2023-03-09 14:09:10 - [TEST_STEP][PASSED] - robot.keyRelease(VK_CONTROL): null

2023-03-09 14:09:10 - [TEST_STEP][PASSED] - robot.keyRelease(VK_SUBTRACT): null

2023-03-09 14:09:10 - [TEST_STEP][PASSED] - setText(findTestObject("3-OBJECTS UTILIDADES/Login/input_USUARIO_loginusuario"), G_Usuario): Text 'weblogic' is set on object 'Object Repository/3-OBJECTS UTILIDADES/Login/input_USUARIO_loginusuario'

2023-03-09 14:09:10 - [MESSAGE][PASSED] - Text 'weblogic' is set on object 'Object Repository/3-OBJECTS UTILIDADES/Login/input_USUARIO_loginusuario'

2023-03-09 14:09:10 - [TEST_STEP][PASSED] - setEncryptedText(findTestObject("3-OBJECTS UTILIDADES/Login/input_CLAVE_loginpassword"), "SlAwMcyRKqrwbnzhAs8HhT6NnI7sEyng"): Text ****** has been set on object 'Object Repository/3-OBJECTS UTILIDADES/Login/input_CLAVE_loginpassword'

2023-03-09 14:09:14 - [MESSAGE][PASSED] - Text ****** has been set on object 'Object Repository/3-OBJECTS UTILIDADES/Login/input_CLAVE_loginpassword'

2023-03-09 14:09:14 - [TEST_STEP][PASSED] - while (waitForElementClickable(findTestObject("3-OBJECTS UTILIDADES/Login/a_Ingresar"), 1)): Web element with id: 'Object Repository/3-OBJECTS UTILIDADES/Login/a_Ingresar' located by '//a[contains(text(),'Ingresar')]' not found

2023-03-09 14:09:16 - [MESSAGE][INFO] - Unable to find the element located by 'By.xpath: //a[contains(text(),'Ingresar')]'. Please recheck the objects properties to make sure the desired element is located. 

2023-03-09 14:09:16 - [MESSAGE][WARNING] - Web element with id: 'Object Repository/3-OBJECTS UTILIDADES/Login/a_Ingresar' located by '//a[contains(text(),'Ingresar')]' not found

2023-03-09 14:09:16 - [MESSAGE][PASSED] - Call Test Case 'Test Cases/0.1-Login' successfully

2023-03-09 14:09:16 - [TEST_STEP][PASSED] - setText(findTestObject("2-OBJECTS TAREAS SECUNDARIAS/Prueba Control De Tiempo/Jornada/input_Empresa 1_form_templatej_idt24_input"), "Listado persona"): Text 'Listado persona' is set on object 'Object Repository/2-OBJECTS TAREAS SECUNDARIAS/Prueba Control De Tiempo/Jornada/input_Empresa 1_form_templatej_idt24_input'

2023-03-09 14:09:17 - [MESSAGE][PASSED] - Text 'Listado persona' is set on object 'Object Repository/2-OBJECTS TAREAS SECUNDARIAS/Prueba Control De Tiempo/Jornada/input_Empresa 1_form_templatej_idt24_input'

2023-03-09 14:09:17 - [TEST_STEP][PASSED] - click(findTestObject("2-OBJECTS TAREAS SECUNDARIAS/Prueba Control De Tiempo/Jornada/li_Listado Persona (get)")): Object: 'Object Repository/2-OBJECTS TAREAS SECUNDARIAS/Prueba Control De Tiempo/Jornada/li_Listado Persona (get)' is clicked on

2023-03-09 14:09:18 - [MESSAGE][PASSED] - Object: 'Object Repository/2-OBJECTS TAREAS SECUNDARIAS/Prueba Control De Tiempo/Jornada/li_Listado Persona (get)' is clicked on

2023-03-09 14:09:18 - [TEST_STEP][PASSED] - click(findTestObject("2-OBJECTS TAREAS SECUNDARIAS/Prueba Control De Tiempo/Jornada/td_1010220596")): Object: 'Object Repository/2-OBJECTS TAREAS SECUNDARIAS/Prueba Control De Tiempo/Jornada/td_1010220596' is clicked on

2023-03-09 14:09:21 - [MESSAGE][PASSED] - Object: 'Object Repository/2-OBJECTS TAREAS SECUNDARIAS/Prueba Control De Tiempo/Jornada/td_1010220596' is clicked on

2023-03-09 14:09:21 - [TEST_STEP][PASSED] - click(findTestObject("2-OBJECTS TAREAS SECUNDARIAS/Prueba Control De Tiempo/Jornada/a_Jornada")): Object: 'Object Repository/2-OBJECTS TAREAS SECUNDARIAS/Prueba Control De Tiempo/Jornada/a_Jornada' is clicked on

2023-03-09 14:09:22 - [MESSAGE][PASSED] - Object: 'Object Repository/2-OBJECTS TAREAS SECUNDARIAS/Prueba Control De Tiempo/Jornada/a_Jornada' is clicked on

2023-03-09 14:09:22 - [TEST_STEP][PASSED] - click(findTestObject("2-OBJECTS TAREAS SECUNDARIAS/Prueba Control De Tiempo/Jornada/a_Liquidar0")): Object: 'Object Repository/2-OBJECTS TAREAS SECUNDARIAS/Prueba Control De Tiempo/Jornada/a_Liquidar0' is clicked on

2023-03-09 14:09:23 - [MESSAGE][PASSED] - Object: 'Object Repository/2-OBJECTS TAREAS SECUNDARIAS/Prueba Control De Tiempo/Jornada/a_Liquidar0' is clicked on

2023-03-09 14:09:23 - [TEST_STEP][PASSED] - selectOptionByIndex(findTestObject("2-OBJECTS TAREAS SECUNDARIAS/Prueba Control De Tiempo/Jornada/select_Seleccionar24 de Diciembre del 2018 - 28 de Diciembre del 201824 de Octubre del 2018"), 1): All options with index in [1] are selected on object 'Object Repository/2-OBJECTS TAREAS SECUNDARIAS/Prueba Control De Tiempo/Jornada/select_Seleccionar24 de Diciembre del 2018 - 28 de Diciembre del 201824 de Octubre del 2018'

2023-03-09 14:09:24 - [MESSAGE][PASSED] - All options with index in [1] are selected on object 'Object Repository/2-OBJECTS TAREAS SECUNDARIAS/Prueba Control De Tiempo/Jornada/select_Seleccionar24 de Diciembre del 2018 - 28 de Diciembre del 201824 de Octubre del 2018'

2023-03-09 14:09:24 - [TEST_STEP][PASSED] - click(findTestObject("2-OBJECTS TAREAS SECUNDARIAS/Prueba Control De Tiempo/Jornada/a_Liquidar")): Object: 'Object Repository/2-OBJECTS TAREAS SECUNDARIAS/Prueba Control De Tiempo/Jornada/a_Liquidar' is clicked on

2023-03-09 14:09:25 - [MESSAGE][PASSED] - Object: 'Object Repository/2-OBJECTS TAREAS SECUNDARIAS/Prueba Control De Tiempo/Jornada/a_Liquidar' is clicked on

2023-03-09 14:09:25 - [TEST_STEP][PASSED] - Result = getText(findTestObject("3-OBJECTS UTILIDADES/Alerta/Alerta")): Text of object 'Object Repository/3-OBJECTS UTILIDADES/Alerta/Alerta' is: 'Terminacion Normal'

2023-03-09 14:09:25 - [MESSAGE][PASSED] - Text of object 'Object Repository/3-OBJECTS UTILIDADES/Alerta/Alerta' is: 'Terminacion Normal'

2023-03-09 14:09:25 - [TEST_STEP][PASSED] - if (Result == "Terminacion Normal"): Browser is closed

2023-03-09 14:09:25 - [TEST_STEP][PASSED] - Resultado = "PRUEBA OK": null

2023-03-09 14:09:25 - [TEST_STEP][PASSED] - closeBrowser(): Browser is closed

2023-03-09 14:09:26 - [MESSAGE][PASSED] - Browser is closed]]></system-out>
         <system-err><![CDATA[]]></system-err>
      </testcase>
      <testcase name="Test Cases/1.2-Tareas_Secundarias/A.3-Pruebas_control_tiempos/13.1.5-Concepto" time="16.04" classname="Test Cases/1.2-Tareas_Secundarias/A.3-Pruebas_control_tiempos/13.1.5-Concepto" status="PASSED">
         <system-out><![CDATA[2023-03-09 14:09:26 - [TEST_CASE][PASSED] - Test Cases/1.2-Tareas_Secundarias/A.3-Pruebas_control_tiempos/13.1.5-Concepto: Test Cases/1.2-Tareas_Secundarias/A.3-Pruebas_control_tiempos/13.1.5-Concepto

2023-03-09 14:09:26 - [TEST_STEP][PASSED] - callTestCase(findTestCase("0.1-Login"), [:], STOP_ON_FAILURE): Call Test Case 'Test Cases/0.1-Login' successfully

2023-03-09 14:09:26 - [TEST_CASE][PASSED] - Test Cases/0.1-Login: Test Cases/0.1-Login

2023-03-09 14:09:26 - [TEST_STEP][PASSED] - openBrowser(""): Browser is opened with url: ''

2023-03-09 14:09:26 - [MESSAGE][INFO] - Starting 'Chrome' driver

2023-03-09 14:09:26 - [MESSAGE][INFO] - Action delay is set to 0 milliseconds

2023-03-09 14:09:28 - [MESSAGE][PASSED] - Browser is opened with url: ''

2023-03-09 14:09:28 - [TEST_STEP][PASSED] - maximizeWindow(): Current window maximized

2023-03-09 14:09:28 - [MESSAGE][PASSED] - Current window maximized

2023-03-09 14:09:28 - [TEST_STEP][PASSED] - i = G_Login: null

2023-03-09 14:09:28 - [TEST_STEP][PASSED] - url = new java.net.URL(i): null

2023-03-09 14:09:28 - [TEST_STEP][PASSED] - println("URL: " + url.toString()): null

2023-03-09 14:09:28 - [TEST_STEP][PASSED] - connection = url.openConnection(): null

2023-03-09 14:09:28 - [TEST_STEP][PASSED] - connection.setRequestMethod("GET"): null

2023-03-09 14:09:28 - [TEST_STEP][PASSED] - connection.setReadTimeout(2 * 1000): null

2023-03-09 14:09:28 - [TEST_STEP][PASSED] - try: null

2023-03-09 14:09:28 - [TEST_STEP][PASSED] - connection.connect(): null

2023-03-09 14:09:28 - [TEST_STEP][PASSED] - flag = connected: null

2023-03-09 14:09:28 - [TEST_STEP][PASSED] - println("Valor_ori: " + flag): null

2023-03-09 14:09:28 - [TEST_STEP][PASSED] - if (flag): null

2023-03-09 14:09:28 - [TEST_STEP][PASSED] - navigateToUrl(i): Navigate to 'http://192.168.2.19:7001/saraweb' successfully

2023-03-09 14:09:29 - [MESSAGE][PASSED] - Navigate to 'http://192.168.2.19:7001/saraweb' successfully

2023-03-09 14:09:29 - [TEST_STEP][PASSED] - a(): null

2023-03-09 14:09:29 - [TEST_STEP][PASSED] - if (waitForElementVisible(findTestObject("3-OBJECTS UTILIDADES/Login/input_USUARIO_loginusuario"), 0)): null

2023-03-09 14:09:29 - [MESSAGE][WARNING] - Timeout '0' is invalid. Using default page load timeout: '37'

2023-03-09 14:09:30 - [MESSAGE][PASSED] - Object 'Object Repository/3-OBJECTS UTILIDADES/Login/input_USUARIO_loginusuario' is visible

2023-03-09 14:09:30 - [TEST_STEP][PASSED] - switchToWindowTitle("SARA"): Switched to window with title: 'SARA'

2023-03-09 14:09:30 - [MESSAGE][PASSED] - Switched to window with title: 'SARA'

2023-03-09 14:09:30 - [TEST_STEP][PASSED] - zoom(): null

2023-03-09 14:09:30 - [TEST_STEP][PASSED] - robot = new java.awt.Robot(): null

2023-03-09 14:09:30 - [TEST_STEP][PASSED] - robot.keyPress(VK_CONTROL): null

2023-03-09 14:09:30 - [TEST_STEP][PASSED] - robot.keyPress(VK_SUBTRACT): null

2023-03-09 14:09:30 - [TEST_STEP][PASSED] - robot.keyRelease(VK_CONTROL): null

2023-03-09 14:09:30 - [TEST_STEP][PASSED] - robot.keyRelease(VK_SUBTRACT): null

2023-03-09 14:09:30 - [TEST_STEP][PASSED] - robot.keyPress(VK_CONTROL): null

2023-03-09 14:09:30 - [TEST_STEP][PASSED] - robot.keyPress(VK_SUBTRACT): null

2023-03-09 14:09:30 - [TEST_STEP][PASSED] - robot.keyRelease(VK_CONTROL): null

2023-03-09 14:09:30 - [TEST_STEP][PASSED] - robot.keyRelease(VK_SUBTRACT): null

2023-03-09 14:09:30 - [TEST_STEP][PASSED] - robot.keyPress(VK_CONTROL): null

2023-03-09 14:09:30 - [TEST_STEP][PASSED] - robot.keyPress(VK_SUBTRACT): null

2023-03-09 14:09:30 - [TEST_STEP][PASSED] - robot.keyRelease(VK_CONTROL): null

2023-03-09 14:09:30 - [TEST_STEP][PASSED] - robot.keyRelease(VK_SUBTRACT): null

2023-03-09 14:09:30 - [TEST_STEP][PASSED] - robot.keyRelease(VK_CONTROL): null

2023-03-09 14:09:30 - [TEST_STEP][PASSED] - robot.keyRelease(VK_SUBTRACT): null

2023-03-09 14:09:30 - [TEST_STEP][PASSED] - setText(findTestObject("3-OBJECTS UTILIDADES/Login/input_USUARIO_loginusuario"), G_Usuario): Text 'weblogic' is set on object 'Object Repository/3-OBJECTS UTILIDADES/Login/input_USUARIO_loginusuario'

2023-03-09 14:09:30 - [MESSAGE][PASSED] - Text 'weblogic' is set on object 'Object Repository/3-OBJECTS UTILIDADES/Login/input_USUARIO_loginusuario'

2023-03-09 14:09:30 - [TEST_STEP][PASSED] - setEncryptedText(findTestObject("3-OBJECTS UTILIDADES/Login/input_CLAVE_loginpassword"), "SlAwMcyRKqrwbnzhAs8HhT6NnI7sEyng"): Text ****** has been set on object 'Object Repository/3-OBJECTS UTILIDADES/Login/input_CLAVE_loginpassword'

2023-03-09 14:09:34 - [MESSAGE][PASSED] - Text ****** has been set on object 'Object Repository/3-OBJECTS UTILIDADES/Login/input_CLAVE_loginpassword'

2023-03-09 14:09:34 - [TEST_STEP][PASSED] - while (waitForElementClickable(findTestObject("3-OBJECTS UTILIDADES/Login/a_Ingresar"), 1)): Web element with id: 'Object Repository/3-OBJECTS UTILIDADES/Login/a_Ingresar' located by '//a[contains(text(),'Ingresar')]' not found

2023-03-09 14:09:36 - [MESSAGE][INFO] - Unable to find the element located by 'By.xpath: //a[contains(text(),'Ingresar')]'. Please recheck the objects properties to make sure the desired element is located. 

2023-03-09 14:09:36 - [MESSAGE][WARNING] - Web element with id: 'Object Repository/3-OBJECTS UTILIDADES/Login/a_Ingresar' located by '//a[contains(text(),'Ingresar')]' not found

2023-03-09 14:09:36 - [MESSAGE][PASSED] - Call Test Case 'Test Cases/0.1-Login' successfully

2023-03-09 14:09:36 - [TEST_STEP][PASSED] - setText(findTestObject("2-OBJECTS TAREAS SECUNDARIAS/Pruebas Compensación/Listado_Empleados/input_Empresa 1_form_templatej_idt24_input (1)"), "Listado persona"): Text 'Listado persona' is set on object 'Object Repository/2-OBJECTS TAREAS SECUNDARIAS/Pruebas Compensación/Listado_Empleados/input_Empresa 1_form_templatej_idt24_input (1)'

2023-03-09 14:09:37 - [MESSAGE][PASSED] - Text 'Listado persona' is set on object 'Object Repository/2-OBJECTS TAREAS SECUNDARIAS/Pruebas Compensación/Listado_Empleados/input_Empresa 1_form_templatej_idt24_input (1)'

2023-03-09 14:09:37 - [TEST_STEP][PASSED] - click(findTestObject("2-OBJECTS TAREAS SECUNDARIAS/Prueba Control De Tiempo/Concepto/span_Listado Persona")): Object: 'Object Repository/2-OBJECTS TAREAS SECUNDARIAS/Prueba Control De Tiempo/Concepto/span_Listado Persona' is clicked on

2023-03-09 14:09:38 - [MESSAGE][PASSED] - Object: 'Object Repository/2-OBJECTS TAREAS SECUNDARIAS/Prueba Control De Tiempo/Concepto/span_Listado Persona' is clicked on

2023-03-09 14:09:38 - [TEST_STEP][PASSED] - click(findTestObject("2-OBJECTS TAREAS SECUNDARIAS/Prueba Control De Tiempo/Concepto/td_1010220596")): Object: 'Object Repository/2-OBJECTS TAREAS SECUNDARIAS/Prueba Control De Tiempo/Concepto/td_1010220596' is clicked on

2023-03-09 14:09:41 - [MESSAGE][PASSED] - Object: 'Object Repository/2-OBJECTS TAREAS SECUNDARIAS/Prueba Control De Tiempo/Concepto/td_1010220596' is clicked on

2023-03-09 14:09:41 - [TEST_STEP][PASSED] - click(findTestObject("2-OBJECTS TAREAS SECUNDARIAS/Prueba Control De Tiempo/Concepto/a_Conceptos")): Object: 'Object Repository/2-OBJECTS TAREAS SECUNDARIAS/Prueba Control De Tiempo/Concepto/a_Conceptos' is clicked on

2023-03-09 14:09:42 - [MESSAGE][PASSED] - Object: 'Object Repository/2-OBJECTS TAREAS SECUNDARIAS/Prueba Control De Tiempo/Concepto/a_Conceptos' is clicked on

2023-03-09 14:09:42 - [TEST_STEP][PASSED] - comment("no aparecen las jornadas liquidadas"): no aparecen las jornadas liquidadas

2023-03-09 14:09:42 - [MESSAGE][INFO] - no aparecen las jornadas liquidadas]]></system-out>
         <system-err><![CDATA[]]></system-err>
      </testcase>
      <testcase name="Test Cases/1.2-Tareas_Secundarias/A.3-Pruebas_control_tiempos/13.1.6-Reloj" time="28.091" classname="Test Cases/1.2-Tareas_Secundarias/A.3-Pruebas_control_tiempos/13.1.6-Reloj" status="PASSED">
         <system-out><![CDATA[2023-03-09 14:09:42 - [TEST_CASE][PASSED] - Test Cases/1.2-Tareas_Secundarias/A.3-Pruebas_control_tiempos/13.1.6-Reloj: Test Cases/1.2-Tareas_Secundarias/A.3-Pruebas_control_tiempos/13.1.6-Reloj

2023-03-09 14:09:42 - [TEST_STEP][PASSED] - callTestCase(findTestCase("0.1-Login"), [:], STOP_ON_FAILURE): Call Test Case 'Test Cases/0.1-Login' successfully

2023-03-09 14:09:42 - [TEST_CASE][PASSED] - Test Cases/0.1-Login: Test Cases/0.1-Login

2023-03-09 14:09:42 - [TEST_STEP][PASSED] - openBrowser(""): Browser is opened with url: ''

2023-03-09 14:09:42 - [MESSAGE][WARNING] - A browser is already opened. Closing browser and opening a new one

2023-03-09 14:09:43 - [MESSAGE][INFO] - Starting 'Chrome' driver

2023-03-09 14:09:43 - [MESSAGE][INFO] - Action delay is set to 0 milliseconds

2023-03-09 14:09:45 - [MESSAGE][PASSED] - Browser is opened with url: ''

2023-03-09 14:09:45 - [TEST_STEP][PASSED] - maximizeWindow(): Current window maximized

2023-03-09 14:09:45 - [MESSAGE][PASSED] - Current window maximized

2023-03-09 14:09:45 - [TEST_STEP][PASSED] - i = G_Login: null

2023-03-09 14:09:45 - [TEST_STEP][PASSED] - url = new java.net.URL(i): null

2023-03-09 14:09:45 - [TEST_STEP][PASSED] - println("URL: " + url.toString()): null

2023-03-09 14:09:45 - [TEST_STEP][PASSED] - connection = url.openConnection(): null

2023-03-09 14:09:45 - [TEST_STEP][PASSED] - connection.setRequestMethod("GET"): null

2023-03-09 14:09:45 - [TEST_STEP][PASSED] - connection.setReadTimeout(2 * 1000): null

2023-03-09 14:09:45 - [TEST_STEP][PASSED] - try: null

2023-03-09 14:09:45 - [TEST_STEP][PASSED] - connection.connect(): null

2023-03-09 14:09:45 - [TEST_STEP][PASSED] - flag = connected: null

2023-03-09 14:09:45 - [TEST_STEP][PASSED] - println("Valor_ori: " + flag): null

2023-03-09 14:09:45 - [TEST_STEP][PASSED] - if (flag): null

2023-03-09 14:09:45 - [TEST_STEP][PASSED] - navigateToUrl(i): Navigate to 'http://192.168.2.19:7001/saraweb' successfully

2023-03-09 14:09:46 - [MESSAGE][PASSED] - Navigate to 'http://192.168.2.19:7001/saraweb' successfully

2023-03-09 14:09:46 - [TEST_STEP][PASSED] - a(): null

2023-03-09 14:09:46 - [TEST_STEP][PASSED] - if (waitForElementVisible(findTestObject("3-OBJECTS UTILIDADES/Login/input_USUARIO_loginusuario"), 0)): null

2023-03-09 14:09:46 - [MESSAGE][WARNING] - Timeout '0' is invalid. Using default page load timeout: '37'

2023-03-09 14:09:47 - [MESSAGE][PASSED] - Object 'Object Repository/3-OBJECTS UTILIDADES/Login/input_USUARIO_loginusuario' is visible

2023-03-09 14:09:47 - [TEST_STEP][PASSED] - switchToWindowTitle("SARA"): Switched to window with title: 'SARA'

2023-03-09 14:09:47 - [MESSAGE][PASSED] - Switched to window with title: 'SARA'

2023-03-09 14:09:47 - [TEST_STEP][PASSED] - zoom(): null

2023-03-09 14:09:47 - [TEST_STEP][PASSED] - robot = new java.awt.Robot(): null

2023-03-09 14:09:47 - [TEST_STEP][PASSED] - robot.keyPress(VK_CONTROL): null

2023-03-09 14:09:47 - [TEST_STEP][PASSED] - robot.keyPress(VK_SUBTRACT): null

2023-03-09 14:09:47 - [TEST_STEP][PASSED] - robot.keyRelease(VK_CONTROL): null

2023-03-09 14:09:47 - [TEST_STEP][PASSED] - robot.keyRelease(VK_SUBTRACT): null

2023-03-09 14:09:47 - [TEST_STEP][PASSED] - robot.keyPress(VK_CONTROL): null

2023-03-09 14:09:47 - [TEST_STEP][PASSED] - robot.keyPress(VK_SUBTRACT): null

2023-03-09 14:09:47 - [TEST_STEP][PASSED] - robot.keyRelease(VK_CONTROL): null

2023-03-09 14:09:47 - [TEST_STEP][PASSED] - robot.keyRelease(VK_SUBTRACT): null

2023-03-09 14:09:47 - [TEST_STEP][PASSED] - robot.keyPress(VK_CONTROL): null

2023-03-09 14:09:47 - [TEST_STEP][PASSED] - robot.keyPress(VK_SUBTRACT): null

2023-03-09 14:09:47 - [TEST_STEP][PASSED] - robot.keyRelease(VK_CONTROL): null

2023-03-09 14:09:47 - [TEST_STEP][PASSED] - robot.keyRelease(VK_SUBTRACT): null

2023-03-09 14:09:47 - [TEST_STEP][PASSED] - robot.keyRelease(VK_CONTROL): null

2023-03-09 14:09:47 - [TEST_STEP][PASSED] - robot.keyRelease(VK_SUBTRACT): null

2023-03-09 14:09:47 - [TEST_STEP][PASSED] - setText(findTestObject("3-OBJECTS UTILIDADES/Login/input_USUARIO_loginusuario"), G_Usuario): Text 'weblogic' is set on object 'Object Repository/3-OBJECTS UTILIDADES/Login/input_USUARIO_loginusuario'

2023-03-09 14:09:48 - [MESSAGE][PASSED] - Text 'weblogic' is set on object 'Object Repository/3-OBJECTS UTILIDADES/Login/input_USUARIO_loginusuario'

2023-03-09 14:09:48 - [TEST_STEP][PASSED] - setEncryptedText(findTestObject("3-OBJECTS UTILIDADES/Login/input_CLAVE_loginpassword"), "SlAwMcyRKqrwbnzhAs8HhT6NnI7sEyng"): Text ****** has been set on object 'Object Repository/3-OBJECTS UTILIDADES/Login/input_CLAVE_loginpassword'

2023-03-09 14:09:51 - [MESSAGE][PASSED] - Text ****** has been set on object 'Object Repository/3-OBJECTS UTILIDADES/Login/input_CLAVE_loginpassword'

2023-03-09 14:09:51 - [TEST_STEP][PASSED] - while (waitForElementClickable(findTestObject("3-OBJECTS UTILIDADES/Login/a_Ingresar"), 1)): Web element with id: 'Object Repository/3-OBJECTS UTILIDADES/Login/a_Ingresar' located by '//a[contains(text(),'Ingresar')]' not found

2023-03-09 14:09:53 - [MESSAGE][INFO] - Unable to find the element located by 'By.xpath: //a[contains(text(),'Ingresar')]'. Please recheck the objects properties to make sure the desired element is located. 

2023-03-09 14:09:53 - [MESSAGE][WARNING] - Web element with id: 'Object Repository/3-OBJECTS UTILIDADES/Login/a_Ingresar' located by '//a[contains(text(),'Ingresar')]' not found

2023-03-09 14:09:53 - [MESSAGE][PASSED] - Call Test Case 'Test Cases/0.1-Login' successfully

2023-03-09 14:09:53 - [TEST_STEP][PASSED] - setText(findTestObject("2-OBJECTS TAREAS SECUNDARIAS/Pruebas Compensación/Listado_Empleados/input_Empresa 1_form_templatej_idt24_input (1)"), "Listado persona"): Text 'Listado persona' is set on object 'Object Repository/2-OBJECTS TAREAS SECUNDARIAS/Pruebas Compensación/Listado_Empleados/input_Empresa 1_form_templatej_idt24_input (1)'

2023-03-09 14:09:54 - [MESSAGE][PASSED] - Text 'Listado persona' is set on object 'Object Repository/2-OBJECTS TAREAS SECUNDARIAS/Pruebas Compensación/Listado_Empleados/input_Empresa 1_form_templatej_idt24_input (1)'

2023-03-09 14:09:54 - [TEST_STEP][PASSED] - click(findTestObject("2-OBJECTS TAREAS SECUNDARIAS/Prueba Control De Tiempo/Reloj/span_Listado Persona")): Object: 'Object Repository/2-OBJECTS TAREAS SECUNDARIAS/Prueba Control De Tiempo/Reloj/span_Listado Persona' is clicked on

2023-03-09 14:09:56 - [MESSAGE][PASSED] - Object: 'Object Repository/2-OBJECTS TAREAS SECUNDARIAS/Prueba Control De Tiempo/Reloj/span_Listado Persona' is clicked on

2023-03-09 14:09:56 - [TEST_STEP][PASSED] - click(findTestObject("2-OBJECTS TAREAS SECUNDARIAS/Prueba Control De Tiempo/Reloj/td_1010220596")): Object: 'Object Repository/2-OBJECTS TAREAS SECUNDARIAS/Prueba Control De Tiempo/Reloj/td_1010220596' is clicked on

2023-03-09 14:09:58 - [MESSAGE][PASSED] - Object: 'Object Repository/2-OBJECTS TAREAS SECUNDARIAS/Prueba Control De Tiempo/Reloj/td_1010220596' is clicked on

2023-03-09 14:09:58 - [TEST_STEP][PASSED] - click(findTestObject("2-OBJECTS TAREAS SECUNDARIAS/Prueba Control De Tiempo/Reloj/a_Reloj")): Object: 'Object Repository/2-OBJECTS TAREAS SECUNDARIAS/Prueba Control De Tiempo/Reloj/a_Reloj' is clicked on

2023-03-09 14:09:59 - [MESSAGE][PASSED] - Object: 'Object Repository/2-OBJECTS TAREAS SECUNDARIAS/Prueba Control De Tiempo/Reloj/a_Reloj' is clicked on

2023-03-09 14:09:59 - [TEST_STEP][PASSED] - if (waitForElementVisible(findTestObject("2-OBJECTS TAREAS SECUNDARIAS/Prueba Control De Tiempo/Reloj/td_20210701 1800"), 1)): null

2023-03-09 14:10:00 - [MESSAGE][PASSED] - Object 'Object Repository/2-OBJECTS TAREAS SECUNDARIAS/Prueba Control De Tiempo/Reloj/td_20210701 1800' is visible

2023-03-09 14:10:00 - [TEST_STEP][PASSED] - click(findTestObject("2-OBJECTS TAREAS SECUNDARIAS/Prueba Control De Tiempo/Reloj/td_20210701 1800")): Object: 'Object Repository/2-OBJECTS TAREAS SECUNDARIAS/Prueba Control De Tiempo/Reloj/td_20210701 1800' is clicked on

2023-03-09 14:10:00 - [MESSAGE][PASSED] - Object: 'Object Repository/2-OBJECTS TAREAS SECUNDARIAS/Prueba Control De Tiempo/Reloj/td_20210701 1800' is clicked on

2023-03-09 14:10:00 - [TEST_STEP][PASSED] - click(findTestObject("2-OBJECTS TAREAS SECUNDARIAS/Prueba Control De Tiempo/Reloj/a_Eliminar")): Object: 'Object Repository/2-OBJECTS TAREAS SECUNDARIAS/Prueba Control De Tiempo/Reloj/a_Eliminar' is clicked on

2023-03-09 14:10:01 - [MESSAGE][PASSED] - Object: 'Object Repository/2-OBJECTS TAREAS SECUNDARIAS/Prueba Control De Tiempo/Reloj/a_Eliminar' is clicked on

2023-03-09 14:10:01 - [TEST_STEP][PASSED] - click(findTestObject("2-OBJECTS TAREAS SECUNDARIAS/Prueba Control De Tiempo/Reloj/a_Si")): Object: 'Object Repository/2-OBJECTS TAREAS SECUNDARIAS/Prueba Control De Tiempo/Reloj/a_Si' is clicked on

2023-03-09 14:10:02 - [MESSAGE][PASSED] - Object: 'Object Repository/2-OBJECTS TAREAS SECUNDARIAS/Prueba Control De Tiempo/Reloj/a_Si' is clicked on

2023-03-09 14:10:02 - [TEST_STEP][PASSED] - click(findTestObject("2-OBJECTS TAREAS SECUNDARIAS/Prueba Control De Tiempo/Reloj/a_Nuevo")): Object: 'Object Repository/2-OBJECTS TAREAS SECUNDARIAS/Prueba Control De Tiempo/Reloj/a_Nuevo' is clicked on

2023-03-09 14:10:03 - [MESSAGE][PASSED] - Object: 'Object Repository/2-OBJECTS TAREAS SECUNDARIAS/Prueba Control De Tiempo/Reloj/a_Nuevo' is clicked on

2023-03-09 14:10:03 - [TEST_STEP][PASSED] - selectOptionByIndex(findTestObject("2-OBJECTS TAREAS SECUNDARIAS/Prueba Control De Tiempo/Reloj/select_AbiertoCerrado"), 1): All options with index in [1] are selected on object 'Object Repository/2-OBJECTS TAREAS SECUNDARIAS/Prueba Control De Tiempo/Reloj/select_AbiertoCerrado'

2023-03-09 14:10:04 - [MESSAGE][PASSED] - All options with index in [1] are selected on object 'Object Repository/2-OBJECTS TAREAS SECUNDARIAS/Prueba Control De Tiempo/Reloj/select_AbiertoCerrado'

2023-03-09 14:10:04 - [TEST_STEP][PASSED] - setText(findTestObject("2-OBJECTS TAREAS SECUNDARIAS/Prueba Control De Tiempo/Reloj/input_Fecha Inicial_formPopupRelojfechaIni_input"), "01/07/2021"): Text '01/07/2021' is set on object 'Object Repository/2-OBJECTS TAREAS SECUNDARIAS/Prueba Control De Tiempo/Reloj/input_Fecha Inicial_formPopupRelojfechaIni_input'

2023-03-09 14:10:05 - [MESSAGE][PASSED] - Text '01/07/2021' is set on object 'Object Repository/2-OBJECTS TAREAS SECUNDARIAS/Prueba Control De Tiempo/Reloj/input_Fecha Inicial_formPopupRelojfechaIni_input'

2023-03-09 14:10:05 - [TEST_STEP][PASSED] - setText(findTestObject("2-OBJECTS TAREAS SECUNDARIAS/Prueba Control De Tiempo/Reloj/input_Fecha Final_formPopupRelojfechaFin_input"), "30/07/2021"): Text '30/07/2021' is set on object 'Object Repository/2-OBJECTS TAREAS SECUNDARIAS/Prueba Control De Tiempo/Reloj/input_Fecha Final_formPopupRelojfechaFin_input'

2023-03-09 14:10:06 - [MESSAGE][PASSED] - Text '30/07/2021' is set on object 'Object Repository/2-OBJECTS TAREAS SECUNDARIAS/Prueba Control De Tiempo/Reloj/input_Fecha Final_formPopupRelojfechaFin_input'

2023-03-09 14:10:06 - [TEST_STEP][PASSED] - setText(findTestObject("2-OBJECTS TAREAS SECUNDARIAS/Prueba Control De Tiempo/Reloj/input_Hora_formPopupRelojhoraIni"), "08"): Text '08' is set on object 'Object Repository/2-OBJECTS TAREAS SECUNDARIAS/Prueba Control De Tiempo/Reloj/input_Hora_formPopupRelojhoraIni'

2023-03-09 14:10:07 - [MESSAGE][PASSED] - Text '08' is set on object 'Object Repository/2-OBJECTS TAREAS SECUNDARIAS/Prueba Control De Tiempo/Reloj/input_Hora_formPopupRelojhoraIni'

2023-03-09 14:10:07 - [TEST_STEP][PASSED] - setText(findTestObject("2-OBJECTS TAREAS SECUNDARIAS/Prueba Control De Tiempo/Reloj/input__formPopupRelojminutoIni"), "10"): Text '10' is set on object 'Object Repository/2-OBJECTS TAREAS SECUNDARIAS/Prueba Control De Tiempo/Reloj/input__formPopupRelojminutoIni'

2023-03-09 14:10:08 - [MESSAGE][PASSED] - Text '10' is set on object 'Object Repository/2-OBJECTS TAREAS SECUNDARIAS/Prueba Control De Tiempo/Reloj/input__formPopupRelojminutoIni'

2023-03-09 14:10:08 - [TEST_STEP][PASSED] - setText(findTestObject("2-OBJECTS TAREAS SECUNDARIAS/Prueba Control De Tiempo/Reloj/input__formPopupRelojhoraFin"), "18"): Text '18' is set on object 'Object Repository/2-OBJECTS TAREAS SECUNDARIAS/Prueba Control De Tiempo/Reloj/input__formPopupRelojhoraFin'

2023-03-09 14:10:08 - [MESSAGE][PASSED] - Text '18' is set on object 'Object Repository/2-OBJECTS TAREAS SECUNDARIAS/Prueba Control De Tiempo/Reloj/input__formPopupRelojhoraFin'

2023-03-09 14:10:08 - [TEST_STEP][PASSED] - setText(findTestObject("2-OBJECTS TAREAS SECUNDARIAS/Prueba Control De Tiempo/Reloj/input__formPopupRelojminutoFin"), "00"): Text '00' is set on object 'Object Repository/2-OBJECTS TAREAS SECUNDARIAS/Prueba Control De Tiempo/Reloj/input__formPopupRelojminutoFin'

2023-03-09 14:10:09 - [MESSAGE][PASSED] - Text '00' is set on object 'Object Repository/2-OBJECTS TAREAS SECUNDARIAS/Prueba Control De Tiempo/Reloj/input__formPopupRelojminutoFin'

2023-03-09 14:10:09 - [TEST_STEP][PASSED] - click(findTestObject("2-OBJECTS TAREAS SECUNDARIAS/Prueba Control De Tiempo/Reloj/a_Guardar")): Object: 'Object Repository/2-OBJECTS TAREAS SECUNDARIAS/Prueba Control De Tiempo/Reloj/a_Guardar' is clicked on

2023-03-09 14:10:10 - [MESSAGE][PASSED] - Object: 'Object Repository/2-OBJECTS TAREAS SECUNDARIAS/Prueba Control De Tiempo/Reloj/a_Guardar' is clicked on

2023-03-09 14:10:10 - [TEST_STEP][PASSED] - Result = getText(findTestObject("3-OBJECTS UTILIDADES/Alerta/Alerta")): Text of object 'Object Repository/3-OBJECTS UTILIDADES/Alerta/Alerta' is: 'Se ingreso el registro'

2023-03-09 14:10:10 - [MESSAGE][PASSED] - Text of object 'Object Repository/3-OBJECTS UTILIDADES/Alerta/Alerta' is: 'Se ingreso el registro'

2023-03-09 14:10:10 - [TEST_STEP][PASSED] - if (Result == "Se ingreso el registro"): null

2023-03-09 14:10:10 - [TEST_STEP][PASSED] - Resultado = "PRUEBA OK": null]]></system-out>
         <system-err><![CDATA[]]></system-err>
      </testcase>
      <testcase name="Test Cases/1.2-Tareas_Secundarias/A.3-Pruebas_control_tiempos/13.1.7-Dispositivo" time="21.861" classname="Test Cases/1.2-Tareas_Secundarias/A.3-Pruebas_control_tiempos/13.1.7-Dispositivo" status="PASSED">
         <system-out><![CDATA[2023-03-09 14:10:10 - [TEST_CASE][PASSED] - Test Cases/1.2-Tareas_Secundarias/A.3-Pruebas_control_tiempos/13.1.7-Dispositivo: Test Cases/1.2-Tareas_Secundarias/A.3-Pruebas_control_tiempos/13.1.7-Dispositivo

2023-03-09 14:10:11 - [TEST_STEP][PASSED] - callTestCase(findTestCase("0.1-Login"), [:], STOP_ON_FAILURE): Call Test Case 'Test Cases/0.1-Login' successfully

2023-03-09 14:10:11 - [TEST_CASE][PASSED] - Test Cases/0.1-Login: Test Cases/0.1-Login

2023-03-09 14:10:11 - [TEST_STEP][PASSED] - openBrowser(""): Browser is opened with url: ''

2023-03-09 14:10:11 - [MESSAGE][WARNING] - A browser is already opened. Closing browser and opening a new one

2023-03-09 14:10:11 - [MESSAGE][INFO] - Starting 'Chrome' driver

2023-03-09 14:10:11 - [MESSAGE][INFO] - Action delay is set to 0 milliseconds

2023-03-09 14:10:13 - [MESSAGE][PASSED] - Browser is opened with url: ''

2023-03-09 14:10:13 - [TEST_STEP][PASSED] - maximizeWindow(): Current window maximized

2023-03-09 14:10:13 - [MESSAGE][PASSED] - Current window maximized

2023-03-09 14:10:13 - [TEST_STEP][PASSED] - i = G_Login: null

2023-03-09 14:10:13 - [TEST_STEP][PASSED] - url = new java.net.URL(i): null

2023-03-09 14:10:13 - [TEST_STEP][PASSED] - println("URL: " + url.toString()): null

2023-03-09 14:10:13 - [TEST_STEP][PASSED] - connection = url.openConnection(): null

2023-03-09 14:10:13 - [TEST_STEP][PASSED] - connection.setRequestMethod("GET"): null

2023-03-09 14:10:13 - [TEST_STEP][PASSED] - connection.setReadTimeout(2 * 1000): null

2023-03-09 14:10:13 - [TEST_STEP][PASSED] - try: null

2023-03-09 14:10:13 - [TEST_STEP][PASSED] - connection.connect(): null

2023-03-09 14:10:13 - [TEST_STEP][PASSED] - flag = connected: null

2023-03-09 14:10:13 - [TEST_STEP][PASSED] - println("Valor_ori: " + flag): null

2023-03-09 14:10:13 - [TEST_STEP][PASSED] - if (flag): null

2023-03-09 14:10:13 - [TEST_STEP][PASSED] - navigateToUrl(i): Navigate to 'http://192.168.2.19:7001/saraweb' successfully

2023-03-09 14:10:14 - [MESSAGE][PASSED] - Navigate to 'http://192.168.2.19:7001/saraweb' successfully

2023-03-09 14:10:14 - [TEST_STEP][PASSED] - a(): null

2023-03-09 14:10:14 - [TEST_STEP][PASSED] - if (waitForElementVisible(findTestObject("3-OBJECTS UTILIDADES/Login/input_USUARIO_loginusuario"), 0)): null

2023-03-09 14:10:14 - [MESSAGE][WARNING] - Timeout '0' is invalid. Using default page load timeout: '37'

2023-03-09 14:10:15 - [MESSAGE][PASSED] - Object 'Object Repository/3-OBJECTS UTILIDADES/Login/input_USUARIO_loginusuario' is visible

2023-03-09 14:10:15 - [TEST_STEP][PASSED] - switchToWindowTitle("SARA"): Switched to window with title: 'SARA'

2023-03-09 14:10:15 - [MESSAGE][PASSED] - Switched to window with title: 'SARA'

2023-03-09 14:10:15 - [TEST_STEP][PASSED] - zoom(): null

2023-03-09 14:10:15 - [TEST_STEP][PASSED] - robot = new java.awt.Robot(): null

2023-03-09 14:10:15 - [TEST_STEP][PASSED] - robot.keyPress(VK_CONTROL): null

2023-03-09 14:10:15 - [TEST_STEP][PASSED] - robot.keyPress(VK_SUBTRACT): null

2023-03-09 14:10:15 - [TEST_STEP][PASSED] - robot.keyRelease(VK_CONTROL): null

2023-03-09 14:10:15 - [TEST_STEP][PASSED] - robot.keyRelease(VK_SUBTRACT): null

2023-03-09 14:10:15 - [TEST_STEP][PASSED] - robot.keyPress(VK_CONTROL): null

2023-03-09 14:10:15 - [TEST_STEP][PASSED] - robot.keyPress(VK_SUBTRACT): null

2023-03-09 14:10:15 - [TEST_STEP][PASSED] - robot.keyRelease(VK_CONTROL): null

2023-03-09 14:10:15 - [TEST_STEP][PASSED] - robot.keyRelease(VK_SUBTRACT): null

2023-03-09 14:10:15 - [TEST_STEP][PASSED] - robot.keyPress(VK_CONTROL): null

2023-03-09 14:10:15 - [TEST_STEP][PASSED] - robot.keyPress(VK_SUBTRACT): null

2023-03-09 14:10:15 - [TEST_STEP][PASSED] - robot.keyRelease(VK_CONTROL): null

2023-03-09 14:10:15 - [TEST_STEP][PASSED] - robot.keyRelease(VK_SUBTRACT): null

2023-03-09 14:10:15 - [TEST_STEP][PASSED] - robot.keyRelease(VK_CONTROL): null

2023-03-09 14:10:15 - [TEST_STEP][PASSED] - robot.keyRelease(VK_SUBTRACT): null

2023-03-09 14:10:15 - [TEST_STEP][PASSED] - setText(findTestObject("3-OBJECTS UTILIDADES/Login/input_USUARIO_loginusuario"), G_Usuario): Text 'weblogic' is set on object 'Object Repository/3-OBJECTS UTILIDADES/Login/input_USUARIO_loginusuario'

2023-03-09 14:10:15 - [MESSAGE][PASSED] - Text 'weblogic' is set on object 'Object Repository/3-OBJECTS UTILIDADES/Login/input_USUARIO_loginusuario'

2023-03-09 14:10:15 - [TEST_STEP][PASSED] - setEncryptedText(findTestObject("3-OBJECTS UTILIDADES/Login/input_CLAVE_loginpassword"), "SlAwMcyRKqrwbnzhAs8HhT6NnI7sEyng"): Text ****** has been set on object 'Object Repository/3-OBJECTS UTILIDADES/Login/input_CLAVE_loginpassword'

2023-03-09 14:10:18 - [MESSAGE][PASSED] - Text ****** has been set on object 'Object Repository/3-OBJECTS UTILIDADES/Login/input_CLAVE_loginpassword'

2023-03-09 14:10:18 - [TEST_STEP][PASSED] - while (waitForElementClickable(findTestObject("3-OBJECTS UTILIDADES/Login/a_Ingresar"), 1)): Web element with id: 'Object Repository/3-OBJECTS UTILIDADES/Login/a_Ingresar' located by '//a[contains(text(),'Ingresar')]' not found

2023-03-09 14:10:20 - [MESSAGE][INFO] - Unable to find the element located by 'By.xpath: //a[contains(text(),'Ingresar')]'. Please recheck the objects properties to make sure the desired element is located. 

2023-03-09 14:10:20 - [MESSAGE][WARNING] - Web element with id: 'Object Repository/3-OBJECTS UTILIDADES/Login/a_Ingresar' located by '//a[contains(text(),'Ingresar')]' not found

2023-03-09 14:10:20 - [MESSAGE][PASSED] - Call Test Case 'Test Cases/0.1-Login' successfully

2023-03-09 14:10:20 - [TEST_STEP][PASSED] - setText(findTestObject("2-OBJECTS TAREAS SECUNDARIAS/Pruebas Compensación/Listado_Empleados/input_Empresa 1_form_templatej_idt24_input (1)"), "listado persona"): Text 'listado persona' is set on object 'Object Repository/2-OBJECTS TAREAS SECUNDARIAS/Pruebas Compensación/Listado_Empleados/input_Empresa 1_form_templatej_idt24_input (1)'

2023-03-09 14:10:21 - [MESSAGE][PASSED] - Text 'listado persona' is set on object 'Object Repository/2-OBJECTS TAREAS SECUNDARIAS/Pruebas Compensación/Listado_Empleados/input_Empresa 1_form_templatej_idt24_input (1)'

2023-03-09 14:10:21 - [TEST_STEP][PASSED] - click(findTestObject("2-OBJECTS TAREAS SECUNDARIAS/Prueba Control De Tiempo/Dispositivo/span_Listado Persona")): Object: 'Object Repository/2-OBJECTS TAREAS SECUNDARIAS/Prueba Control De Tiempo/Dispositivo/span_Listado Persona' is clicked on

2023-03-09 14:10:23 - [MESSAGE][PASSED] - Object: 'Object Repository/2-OBJECTS TAREAS SECUNDARIAS/Prueba Control De Tiempo/Dispositivo/span_Listado Persona' is clicked on

2023-03-09 14:10:23 - [TEST_STEP][PASSED] - click(findTestObject("2-OBJECTS TAREAS SECUNDARIAS/Prueba Control De Tiempo/Dispositivo/td_1010220596")): Object: 'Object Repository/2-OBJECTS TAREAS SECUNDARIAS/Prueba Control De Tiempo/Dispositivo/td_1010220596' is clicked on

2023-03-09 14:10:26 - [MESSAGE][PASSED] - Object: 'Object Repository/2-OBJECTS TAREAS SECUNDARIAS/Prueba Control De Tiempo/Dispositivo/td_1010220596' is clicked on

2023-03-09 14:10:26 - [TEST_STEP][PASSED] - click(findTestObject("2-OBJECTS TAREAS SECUNDARIAS/Prueba Control De Tiempo/Dispositivo/a_dispositivo")): Object: 'Object Repository/2-OBJECTS TAREAS SECUNDARIAS/Prueba Control De Tiempo/Dispositivo/a_dispositivo' is clicked on

2023-03-09 14:10:27 - [MESSAGE][PASSED] - Object: 'Object Repository/2-OBJECTS TAREAS SECUNDARIAS/Prueba Control De Tiempo/Dispositivo/a_dispositivo' is clicked on

2023-03-09 14:10:27 - [TEST_STEP][PASSED] - if (waitForElementVisible(findTestObject("2-OBJECTS TAREAS SECUNDARIAS/Prueba Control De Tiempo/Dispositivo/td_-"), 1)): null

2023-03-09 14:10:27 - [MESSAGE][PASSED] - Object 'Object Repository/2-OBJECTS TAREAS SECUNDARIAS/Prueba Control De Tiempo/Dispositivo/td_-' is visible

2023-03-09 14:10:27 - [TEST_STEP][PASSED] - click(findTestObject("2-OBJECTS TAREAS SECUNDARIAS/Prueba Control De Tiempo/Dispositivo/td_-")): Object: 'Object Repository/2-OBJECTS TAREAS SECUNDARIAS/Prueba Control De Tiempo/Dispositivo/td_-' is clicked on

2023-03-09 14:10:28 - [MESSAGE][PASSED] - Object: 'Object Repository/2-OBJECTS TAREAS SECUNDARIAS/Prueba Control De Tiempo/Dispositivo/td_-' is clicked on

2023-03-09 14:10:28 - [TEST_STEP][PASSED] - element = findWebElement(findTestObject("2-OBJECTS TAREAS SECUNDARIAS/Prueba Control De Tiempo/Dispositivo/span_Remove All"), 30): null

2023-03-09 14:10:28 - [TEST_STEP][PASSED] - executeJavaScript("arguments[0].click()", Arrays.asList(element)): Execute JavaScript 'arguments[0].click()' successfully

2023-03-09 14:10:28 - [MESSAGE][PASSED] - Execute JavaScript 'arguments[0].click()' successfully

2023-03-09 14:10:28 - [TEST_STEP][PASSED] - click(findTestObject("2-OBJECTS TAREAS SECUNDARIAS/Prueba Control De Tiempo/Dispositivo/span_Huella Digital")): Object: 'Object Repository/2-OBJECTS TAREAS SECUNDARIAS/Prueba Control De Tiempo/Dispositivo/span_Huella Digital' is clicked on

2023-03-09 14:10:30 - [MESSAGE][PASSED] - Object: 'Object Repository/2-OBJECTS TAREAS SECUNDARIAS/Prueba Control De Tiempo/Dispositivo/span_Huella Digital' is clicked on

2023-03-09 14:10:30 - [TEST_STEP][PASSED] - click(findTestObject("2-OBJECTS TAREAS SECUNDARIAS/Prueba Control De Tiempo/Dispositivo/span_Huella Digital_ui-button-icon-left ui-icon ui-c ui-icon ui-icon-arrow-1-e")): Object: 'Object Repository/2-OBJECTS TAREAS SECUNDARIAS/Prueba Control De Tiempo/Dispositivo/span_Huella Digital_ui-button-icon-left ui-icon ui-c ui-icon ui-icon-arrow-1-e' is clicked on

2023-03-09 14:10:30 - [MESSAGE][PASSED] - Object: 'Object Repository/2-OBJECTS TAREAS SECUNDARIAS/Prueba Control De Tiempo/Dispositivo/span_Huella Digital_ui-button-icon-left ui-icon ui-c ui-icon ui-icon-arrow-1-e' is clicked on

2023-03-09 14:10:30 - [TEST_STEP][PASSED] - if (waitForElementVisible(findTestObject("2-OBJECTS TAREAS SECUNDARIAS/Prueba Control De Tiempo/Dispositivo/td_-"), 1)): null

2023-03-09 14:10:31 - [MESSAGE][PASSED] - Object 'Object Repository/2-OBJECTS TAREAS SECUNDARIAS/Prueba Control De Tiempo/Dispositivo/td_-' is visible

2023-03-09 14:10:31 - [TEST_STEP][PASSED] - Resultado = "PRUEBA OK": null

2023-03-09 14:10:31 - [TEST_STEP][PASSED] - closeBrowser(): Browser is closed

2023-03-09 14:10:32 - [MESSAGE][PASSED] - Browser is closed]]></system-out>
         <system-err><![CDATA[]]></system-err>
      </testcase>
      <testcase name="Test Cases/1.2-Tareas_Secundarias/A.3-Pruebas_control_tiempos/13.1.8-Funciones" time="19.501" classname="Test Cases/1.2-Tareas_Secundarias/A.3-Pruebas_control_tiempos/13.1.8-Funciones" status="PASSED">
         <system-out><![CDATA[2023-03-09 14:10:32 - [TEST_CASE][PASSED] - Test Cases/1.2-Tareas_Secundarias/A.3-Pruebas_control_tiempos/13.1.8-Funciones: Test Cases/1.2-Tareas_Secundarias/A.3-Pruebas_control_tiempos/13.1.8-Funciones

2023-03-09 14:10:32 - [TEST_STEP][PASSED] - callTestCase(findTestCase("0.1-Login"), [:], STOP_ON_FAILURE): Call Test Case 'Test Cases/0.1-Login' successfully

2023-03-09 14:10:32 - [TEST_CASE][PASSED] - Test Cases/0.1-Login: Test Cases/0.1-Login

2023-03-09 14:10:32 - [TEST_STEP][PASSED] - openBrowser(""): Browser is opened with url: ''

2023-03-09 14:10:32 - [MESSAGE][INFO] - Starting 'Chrome' driver

2023-03-09 14:10:32 - [MESSAGE][INFO] - Action delay is set to 0 milliseconds

2023-03-09 14:10:34 - [MESSAGE][PASSED] - Browser is opened with url: ''

2023-03-09 14:10:34 - [TEST_STEP][PASSED] - maximizeWindow(): Current window maximized

2023-03-09 14:10:34 - [MESSAGE][PASSED] - Current window maximized

2023-03-09 14:10:34 - [TEST_STEP][PASSED] - i = G_Login: null

2023-03-09 14:10:34 - [TEST_STEP][PASSED] - url = new java.net.URL(i): null

2023-03-09 14:10:34 - [TEST_STEP][PASSED] - println("URL: " + url.toString()): null

2023-03-09 14:10:34 - [TEST_STEP][PASSED] - connection = url.openConnection(): null

2023-03-09 14:10:34 - [TEST_STEP][PASSED] - connection.setRequestMethod("GET"): null

2023-03-09 14:10:34 - [TEST_STEP][PASSED] - connection.setReadTimeout(2 * 1000): null

2023-03-09 14:10:34 - [TEST_STEP][PASSED] - try: null

2023-03-09 14:10:34 - [TEST_STEP][PASSED] - connection.connect(): null

2023-03-09 14:10:34 - [TEST_STEP][PASSED] - flag = connected: null

2023-03-09 14:10:34 - [TEST_STEP][PASSED] - println("Valor_ori: " + flag): null

2023-03-09 14:10:34 - [TEST_STEP][PASSED] - if (flag): null

2023-03-09 14:10:34 - [TEST_STEP][PASSED] - navigateToUrl(i): Navigate to 'http://192.168.2.19:7001/saraweb' successfully

2023-03-09 14:10:35 - [MESSAGE][PASSED] - Navigate to 'http://192.168.2.19:7001/saraweb' successfully

2023-03-09 14:10:35 - [TEST_STEP][PASSED] - a(): null

2023-03-09 14:10:35 - [TEST_STEP][PASSED] - if (waitForElementVisible(findTestObject("3-OBJECTS UTILIDADES/Login/input_USUARIO_loginusuario"), 0)): null

2023-03-09 14:10:35 - [MESSAGE][WARNING] - Timeout '0' is invalid. Using default page load timeout: '37'

2023-03-09 14:10:36 - [MESSAGE][PASSED] - Object 'Object Repository/3-OBJECTS UTILIDADES/Login/input_USUARIO_loginusuario' is visible

2023-03-09 14:10:36 - [TEST_STEP][PASSED] - switchToWindowTitle("SARA"): Switched to window with title: 'SARA'

2023-03-09 14:10:36 - [MESSAGE][PASSED] - Switched to window with title: 'SARA'

2023-03-09 14:10:36 - [TEST_STEP][PASSED] - zoom(): null

2023-03-09 14:10:36 - [TEST_STEP][PASSED] - robot = new java.awt.Robot(): null

2023-03-09 14:10:36 - [TEST_STEP][PASSED] - robot.keyPress(VK_CONTROL): null

2023-03-09 14:10:36 - [TEST_STEP][PASSED] - robot.keyPress(VK_SUBTRACT): null

2023-03-09 14:10:36 - [TEST_STEP][PASSED] - robot.keyRelease(VK_CONTROL): null

2023-03-09 14:10:36 - [TEST_STEP][PASSED] - robot.keyRelease(VK_SUBTRACT): null

2023-03-09 14:10:36 - [TEST_STEP][PASSED] - robot.keyPress(VK_CONTROL): null

2023-03-09 14:10:36 - [TEST_STEP][PASSED] - robot.keyPress(VK_SUBTRACT): null

2023-03-09 14:10:36 - [TEST_STEP][PASSED] - robot.keyRelease(VK_CONTROL): null

2023-03-09 14:10:36 - [TEST_STEP][PASSED] - robot.keyRelease(VK_SUBTRACT): null

2023-03-09 14:10:36 - [TEST_STEP][PASSED] - robot.keyPress(VK_CONTROL): null

2023-03-09 14:10:36 - [TEST_STEP][PASSED] - robot.keyPress(VK_SUBTRACT): null

2023-03-09 14:10:36 - [TEST_STEP][PASSED] - robot.keyRelease(VK_CONTROL): null

2023-03-09 14:10:36 - [TEST_STEP][PASSED] - robot.keyRelease(VK_SUBTRACT): null

2023-03-09 14:10:36 - [TEST_STEP][PASSED] - robot.keyRelease(VK_CONTROL): null

2023-03-09 14:10:36 - [TEST_STEP][PASSED] - robot.keyRelease(VK_SUBTRACT): null

2023-03-09 14:10:36 - [TEST_STEP][PASSED] - setText(findTestObject("3-OBJECTS UTILIDADES/Login/input_USUARIO_loginusuario"), G_Usuario): Text 'weblogic' is set on object 'Object Repository/3-OBJECTS UTILIDADES/Login/input_USUARIO_loginusuario'

2023-03-09 14:10:36 - [MESSAGE][PASSED] - Text 'weblogic' is set on object 'Object Repository/3-OBJECTS UTILIDADES/Login/input_USUARIO_loginusuario'

2023-03-09 14:10:36 - [TEST_STEP][PASSED] - setEncryptedText(findTestObject("3-OBJECTS UTILIDADES/Login/input_CLAVE_loginpassword"), "SlAwMcyRKqrwbnzhAs8HhT6NnI7sEyng"): Text ****** has been set on object 'Object Repository/3-OBJECTS UTILIDADES/Login/input_CLAVE_loginpassword'

2023-03-09 14:10:39 - [MESSAGE][PASSED] - Text ****** has been set on object 'Object Repository/3-OBJECTS UTILIDADES/Login/input_CLAVE_loginpassword'

2023-03-09 14:10:39 - [TEST_STEP][PASSED] - while (waitForElementClickable(findTestObject("3-OBJECTS UTILIDADES/Login/a_Ingresar"), 1)): Web element with id: 'Object Repository/3-OBJECTS UTILIDADES/Login/a_Ingresar' located by '//a[contains(text(),'Ingresar')]' not found

2023-03-09 14:10:41 - [MESSAGE][INFO] - Unable to find the element located by 'By.xpath: //a[contains(text(),'Ingresar')]'. Please recheck the objects properties to make sure the desired element is located. 

2023-03-09 14:10:41 - [MESSAGE][WARNING] - Web element with id: 'Object Repository/3-OBJECTS UTILIDADES/Login/a_Ingresar' located by '//a[contains(text(),'Ingresar')]' not found

2023-03-09 14:10:41 - [MESSAGE][PASSED] - Call Test Case 'Test Cases/0.1-Login' successfully

2023-03-09 14:10:41 - [TEST_STEP][PASSED] - setText(findTestObject("2-OBJECTS TAREAS SECUNDARIAS/Pruebas Compensación/Listado_Empleados/input_Empresa 1_form_templatej_idt24_input (1)"), "Listado persona"): Text 'Listado persona' is set on object 'Object Repository/2-OBJECTS TAREAS SECUNDARIAS/Pruebas Compensación/Listado_Empleados/input_Empresa 1_form_templatej_idt24_input (1)'

2023-03-09 14:10:42 - [MESSAGE][PASSED] - Text 'Listado persona' is set on object 'Object Repository/2-OBJECTS TAREAS SECUNDARIAS/Pruebas Compensación/Listado_Empleados/input_Empresa 1_form_templatej_idt24_input (1)'

2023-03-09 14:10:42 - [TEST_STEP][PASSED] - click(findTestObject("2-OBJECTS TAREAS SECUNDARIAS/Prueba Control De Tiempo/Funciones/span_Listado Persona")): Object: 'Object Repository/2-OBJECTS TAREAS SECUNDARIAS/Prueba Control De Tiempo/Funciones/span_Listado Persona' is clicked on

2023-03-09 14:10:44 - [MESSAGE][PASSED] - Object: 'Object Repository/2-OBJECTS TAREAS SECUNDARIAS/Prueba Control De Tiempo/Funciones/span_Listado Persona' is clicked on

2023-03-09 14:10:44 - [TEST_STEP][PASSED] - click(findTestObject("2-OBJECTS TAREAS SECUNDARIAS/Prueba Control De Tiempo/Funciones/td_1010220596")): Object: 'Object Repository/2-OBJECTS TAREAS SECUNDARIAS/Prueba Control De Tiempo/Funciones/td_1010220596' is clicked on

2023-03-09 14:10:47 - [MESSAGE][PASSED] - Object: 'Object Repository/2-OBJECTS TAREAS SECUNDARIAS/Prueba Control De Tiempo/Funciones/td_1010220596' is clicked on

2023-03-09 14:10:47 - [TEST_STEP][PASSED] - click(findTestObject("2-OBJECTS TAREAS SECUNDARIAS/Prueba Control De Tiempo/Funciones/a_Funciones")): Object: 'Object Repository/2-OBJECTS TAREAS SECUNDARIAS/Prueba Control De Tiempo/Funciones/a_Funciones' is clicked on

2023-03-09 14:10:48 - [MESSAGE][PASSED] - Object: 'Object Repository/2-OBJECTS TAREAS SECUNDARIAS/Prueba Control De Tiempo/Funciones/a_Funciones' is clicked on

2023-03-09 14:10:48 - [TEST_STEP][PASSED] - click(findTestObject("2-OBJECTS TAREAS SECUNDARIAS/Prueba Control De Tiempo/Funciones/td_1")): Object: 'Object Repository/2-OBJECTS TAREAS SECUNDARIAS/Prueba Control De Tiempo/Funciones/td_1' is clicked on

2023-03-09 14:10:49 - [MESSAGE][PASSED] - Object: 'Object Repository/2-OBJECTS TAREAS SECUNDARIAS/Prueba Control De Tiempo/Funciones/td_1' is clicked on

2023-03-09 14:10:49 - [TEST_STEP][PASSED] - waitForElementVisible(findTestObject("2-OBJECTS TAREAS SECUNDARIAS/Prueba Control De Tiempo/Funciones/a_Cancelar"), 2): Object 'Object Repository/2-OBJECTS TAREAS SECUNDARIAS/Prueba Control De Tiempo/Funciones/a_Cancelar' is visible

2023-03-09 14:10:50 - [MESSAGE][PASSED] - Object 'Object Repository/2-OBJECTS TAREAS SECUNDARIAS/Prueba Control De Tiempo/Funciones/a_Cancelar' is visible

2023-03-09 14:10:50 - [TEST_STEP][PASSED] - click(findTestObject("2-OBJECTS TAREAS SECUNDARIAS/Prueba Control De Tiempo/Funciones/a_Cancelar")): Object: 'Object Repository/2-OBJECTS TAREAS SECUNDARIAS/Prueba Control De Tiempo/Funciones/a_Cancelar' is clicked on

2023-03-09 14:10:50 - [MESSAGE][PASSED] - Object: 'Object Repository/2-OBJECTS TAREAS SECUNDARIAS/Prueba Control De Tiempo/Funciones/a_Cancelar' is clicked on

2023-03-09 14:10:50 - [TEST_STEP][PASSED] - if (waitForElementVisible(findTestObject("2-OBJECTS TAREAS SECUNDARIAS/Prueba Control De Tiempo/Funciones/td_1"), 1)): null

2023-03-09 14:10:51 - [MESSAGE][PASSED] - Object 'Object Repository/2-OBJECTS TAREAS SECUNDARIAS/Prueba Control De Tiempo/Funciones/td_1' is visible

2023-03-09 14:10:51 - [TEST_STEP][PASSED] - Resultado = "PRUEBA OK": null

2023-03-09 14:10:51 - [TEST_STEP][PASSED] - closeBrowser(): Browser is closed

2023-03-09 14:10:52 - [MESSAGE][PASSED] - Browser is closed]]></system-out>
         <system-err><![CDATA[]]></system-err>
      </testcase>
      <testcase name="Test Cases/1.2-Tareas_Secundarias/A.3-Pruebas_control_tiempos/13.2.2-Liquidación_reversar" time="40.281" classname="Test Cases/1.2-Tareas_Secundarias/A.3-Pruebas_control_tiempos/13.2.2-Liquidación_reversar" status="PASSED">
         <system-out><![CDATA[2023-03-09 14:10:52 - [TEST_CASE][PASSED] - Test Cases/1.2-Tareas_Secundarias/A.3-Pruebas_control_tiempos/13.2.2-Liquidación_reversar: Test Cases/1.2-Tareas_Secundarias/A.3-Pruebas_control_tiempos/13.2.2-Liquidación_reversar

2023-03-09 14:10:52 - [TEST_STEP][PASSED] - callTestCase(findTestCase("0.1-Login"), [:], STOP_ON_FAILURE): Call Test Case 'Test Cases/0.1-Login' successfully

2023-03-09 14:10:52 - [TEST_CASE][PASSED] - Test Cases/0.1-Login: Test Cases/0.1-Login

2023-03-09 14:10:52 - [TEST_STEP][PASSED] - openBrowser(""): Browser is opened with url: ''

2023-03-09 14:10:52 - [MESSAGE][INFO] - Starting 'Chrome' driver

2023-03-09 14:10:52 - [MESSAGE][INFO] - Action delay is set to 0 milliseconds

2023-03-09 14:10:53 - [MESSAGE][PASSED] - Browser is opened with url: ''

2023-03-09 14:10:53 - [TEST_STEP][PASSED] - maximizeWindow(): Current window maximized

2023-03-09 14:10:53 - [MESSAGE][PASSED] - Current window maximized

2023-03-09 14:10:53 - [TEST_STEP][PASSED] - i = G_Login: null

2023-03-09 14:10:53 - [TEST_STEP][PASSED] - url = new java.net.URL(i): null

2023-03-09 14:10:53 - [TEST_STEP][PASSED] - println("URL: " + url.toString()): null

2023-03-09 14:10:53 - [TEST_STEP][PASSED] - connection = url.openConnection(): null

2023-03-09 14:10:53 - [TEST_STEP][PASSED] - connection.setRequestMethod("GET"): null

2023-03-09 14:10:53 - [TEST_STEP][PASSED] - connection.setReadTimeout(2 * 1000): null

2023-03-09 14:10:53 - [TEST_STEP][PASSED] - try: null

2023-03-09 14:10:53 - [TEST_STEP][PASSED] - connection.connect(): null

2023-03-09 14:10:53 - [TEST_STEP][PASSED] - flag = connected: null

2023-03-09 14:10:53 - [TEST_STEP][PASSED] - println("Valor_ori: " + flag): null

2023-03-09 14:10:53 - [TEST_STEP][PASSED] - if (flag): null

2023-03-09 14:10:53 - [TEST_STEP][PASSED] - navigateToUrl(i): Navigate to 'http://192.168.2.19:7001/saraweb' successfully

2023-03-09 14:10:55 - [MESSAGE][PASSED] - Navigate to 'http://192.168.2.19:7001/saraweb' successfully

2023-03-09 14:10:55 - [TEST_STEP][PASSED] - a(): null

2023-03-09 14:10:55 - [TEST_STEP][PASSED] - if (waitForElementVisible(findTestObject("3-OBJECTS UTILIDADES/Login/input_USUARIO_loginusuario"), 0)): null

2023-03-09 14:10:55 - [MESSAGE][WARNING] - Timeout '0' is invalid. Using default page load timeout: '37'

2023-03-09 14:10:55 - [MESSAGE][PASSED] - Object 'Object Repository/3-OBJECTS UTILIDADES/Login/input_USUARIO_loginusuario' is visible

2023-03-09 14:10:55 - [TEST_STEP][PASSED] - switchToWindowTitle("SARA"): Switched to window with title: 'SARA'

2023-03-09 14:10:55 - [MESSAGE][PASSED] - Switched to window with title: 'SARA'

2023-03-09 14:10:55 - [TEST_STEP][PASSED] - zoom(): null

2023-03-09 14:10:55 - [TEST_STEP][PASSED] - robot = new java.awt.Robot(): null

2023-03-09 14:10:55 - [TEST_STEP][PASSED] - robot.keyPress(VK_CONTROL): null

2023-03-09 14:10:55 - [TEST_STEP][PASSED] - robot.keyPress(VK_SUBTRACT): null

2023-03-09 14:10:55 - [TEST_STEP][PASSED] - robot.keyRelease(VK_CONTROL): null

2023-03-09 14:10:55 - [TEST_STEP][PASSED] - robot.keyRelease(VK_SUBTRACT): null

2023-03-09 14:10:55 - [TEST_STEP][PASSED] - robot.keyPress(VK_CONTROL): null

2023-03-09 14:10:55 - [TEST_STEP][PASSED] - robot.keyPress(VK_SUBTRACT): null

2023-03-09 14:10:55 - [TEST_STEP][PASSED] - robot.keyRelease(VK_CONTROL): null

2023-03-09 14:10:55 - [TEST_STEP][PASSED] - robot.keyRelease(VK_SUBTRACT): null

2023-03-09 14:10:55 - [TEST_STEP][PASSED] - robot.keyPress(VK_CONTROL): null

2023-03-09 14:10:55 - [TEST_STEP][PASSED] - robot.keyPress(VK_SUBTRACT): null

2023-03-09 14:10:55 - [TEST_STEP][PASSED] - robot.keyRelease(VK_CONTROL): null

2023-03-09 14:10:55 - [TEST_STEP][PASSED] - robot.keyRelease(VK_SUBTRACT): null

2023-03-09 14:10:55 - [TEST_STEP][PASSED] - robot.keyRelease(VK_CONTROL): null

2023-03-09 14:10:55 - [TEST_STEP][PASSED] - robot.keyRelease(VK_SUBTRACT): null

2023-03-09 14:10:55 - [TEST_STEP][PASSED] - setText(findTestObject("3-OBJECTS UTILIDADES/Login/input_USUARIO_loginusuario"), G_Usuario): Text 'weblogic' is set on object 'Object Repository/3-OBJECTS UTILIDADES/Login/input_USUARIO_loginusuario'

2023-03-09 14:10:56 - [MESSAGE][PASSED] - Text 'weblogic' is set on object 'Object Repository/3-OBJECTS UTILIDADES/Login/input_USUARIO_loginusuario'

2023-03-09 14:10:56 - [TEST_STEP][PASSED] - setEncryptedText(findTestObject("3-OBJECTS UTILIDADES/Login/input_CLAVE_loginpassword"), "SlAwMcyRKqrwbnzhAs8HhT6NnI7sEyng"): Text ****** has been set on object 'Object Repository/3-OBJECTS UTILIDADES/Login/input_CLAVE_loginpassword'

2023-03-09 14:10:59 - [MESSAGE][PASSED] - Text ****** has been set on object 'Object Repository/3-OBJECTS UTILIDADES/Login/input_CLAVE_loginpassword'

2023-03-09 14:10:59 - [TEST_STEP][PASSED] - while (waitForElementClickable(findTestObject("3-OBJECTS UTILIDADES/Login/a_Ingresar"), 1)): Web element with id: 'Object Repository/3-OBJECTS UTILIDADES/Login/a_Ingresar' located by '//a[contains(text(),'Ingresar')]' not found

2023-03-09 14:11:01 - [MESSAGE][INFO] - Unable to find the element located by 'By.xpath: //a[contains(text(),'Ingresar')]'. Please recheck the objects properties to make sure the desired element is located. 

2023-03-09 14:11:01 - [MESSAGE][WARNING] - Web element with id: 'Object Repository/3-OBJECTS UTILIDADES/Login/a_Ingresar' located by '//a[contains(text(),'Ingresar')]' not found

2023-03-09 14:11:01 - [MESSAGE][PASSED] - Call Test Case 'Test Cases/0.1-Login' successfully

2023-03-09 14:11:01 - [TEST_STEP][PASSED] - setText(findTestObject("2-OBJECTS TAREAS SECUNDARIAS/Prueba Control De Tiempo/liquidación/input_Empresa 1_form_templatej_idt24_input"), "Liquidacion (get)"): Text 'Liquidacion (get)' is set on object 'Object Repository/2-OBJECTS TAREAS SECUNDARIAS/Prueba Control De Tiempo/liquidación/input_Empresa 1_form_templatej_idt24_input'

2023-03-09 14:11:02 - [MESSAGE][PASSED] - Text 'Liquidacion (get)' is set on object 'Object Repository/2-OBJECTS TAREAS SECUNDARIAS/Prueba Control De Tiempo/liquidación/input_Empresa 1_form_templatej_idt24_input'

2023-03-09 14:11:02 - [TEST_STEP][PASSED] - click(findTestObject("2-OBJECTS TAREAS SECUNDARIAS/Prueba Control De Tiempo/liquidación/li_Liquidacion (get)")): Object: 'Object Repository/2-OBJECTS TAREAS SECUNDARIAS/Prueba Control De Tiempo/liquidación/li_Liquidacion (get)' is clicked on

2023-03-09 14:11:04 - [MESSAGE][PASSED] - Object: 'Object Repository/2-OBJECTS TAREAS SECUNDARIAS/Prueba Control De Tiempo/liquidación/li_Liquidacion (get)' is clicked on

2023-03-09 14:11:04 - [TEST_STEP][PASSED] - if (waitForElementVisible(findTestObject("2-OBJECTS TAREAS SECUNDARIAS/Prueba Control De Tiempo/liquidación/td_01072021"), 1)): null

2023-03-09 14:11:06 - [MESSAGE][PASSED] - Object 'Object Repository/2-OBJECTS TAREAS SECUNDARIAS/Prueba Control De Tiempo/liquidación/td_01072021' is visible

2023-03-09 14:11:06 - [TEST_STEP][PASSED] - click(findTestObject("2-OBJECTS TAREAS SECUNDARIAS/Prueba Control De Tiempo/liquidación/td_01072021")): Object: 'Object Repository/2-OBJECTS TAREAS SECUNDARIAS/Prueba Control De Tiempo/liquidación/td_01072021' is clicked on

2023-03-09 14:11:07 - [MESSAGE][PASSED] - Object: 'Object Repository/2-OBJECTS TAREAS SECUNDARIAS/Prueba Control De Tiempo/liquidación/td_01072021' is clicked on

2023-03-09 14:11:07 - [TEST_STEP][PASSED] - waitForElementVisible(findTestObject("2-OBJECTS TAREAS SECUNDARIAS/Prueba Control De Tiempo/liquidación/a_Reversar"), 0): Object 'Object Repository/2-OBJECTS TAREAS SECUNDARIAS/Prueba Control De Tiempo/liquidación/a_Reversar' is visible

2023-03-09 14:11:07 - [MESSAGE][WARNING] - Timeout '0' is invalid. Using default page load timeout: '37'

2023-03-09 14:11:07 - [MESSAGE][PASSED] - Object 'Object Repository/2-OBJECTS TAREAS SECUNDARIAS/Prueba Control De Tiempo/liquidación/a_Reversar' is visible

2023-03-09 14:11:07 - [TEST_STEP][PASSED] - doubleClick(findTestObject("2-OBJECTS TAREAS SECUNDARIAS/Prueba Control De Tiempo/liquidación/a_Reversar")): Object: 'Object Repository/2-OBJECTS TAREAS SECUNDARIAS/Prueba Control De Tiempo/liquidación/a_Reversar' is double clicked on

2023-03-09 14:11:08 - [MESSAGE][PASSED] - Object: 'Object Repository/2-OBJECTS TAREAS SECUNDARIAS/Prueba Control De Tiempo/liquidación/a_Reversar' is double clicked on

2023-03-09 14:11:08 - [TEST_STEP][PASSED] - click(findTestObject("2-OBJECTS TAREAS SECUNDARIAS/Prueba Control De Tiempo/liquidación/a_Aceptar")): Object: 'Object Repository/2-OBJECTS TAREAS SECUNDARIAS/Prueba Control De Tiempo/liquidación/a_Aceptar' is clicked on

2023-03-09 14:11:09 - [MESSAGE][PASSED] - Object: 'Object Repository/2-OBJECTS TAREAS SECUNDARIAS/Prueba Control De Tiempo/liquidación/a_Aceptar' is clicked on

2023-03-09 14:11:09 - [TEST_STEP][PASSED] - if (waitForElementVisible(findTestObject("2-OBJECTS TAREAS SECUNDARIAS/Prueba Control De Tiempo/liquidación/a_Continuar"), 1)): Web element with id: 'Object Repository/2-OBJECTS TAREAS SECUNDARIAS/Prueba Control De Tiempo/liquidación/a_Continuar' located by '//div[2]/table/tbody/tr[2]/td/div/a' not found

2023-03-09 14:11:11 - [MESSAGE][INFO] - Unable to find the element located by 'By.xpath: //div[2]/table/tbody/tr[2]/td/div/a'. Please recheck the objects properties to make sure the desired element is located. 

2023-03-09 14:11:11 - [MESSAGE][WARNING] - Web element with id: 'Object Repository/2-OBJECTS TAREAS SECUNDARIAS/Prueba Control De Tiempo/liquidación/a_Continuar' located by '//div[2]/table/tbody/tr[2]/td/div/a' not found

2023-03-09 14:11:11 - [TEST_STEP][PASSED] - if (waitForElementVisible(findTestObject("2-OBJECTS TAREAS SECUNDARIAS/Prueba Control De Tiempo/liquidación/div_Reversin realizada con xito"), 1)): Web element with id: 'Object Repository/2-OBJECTS TAREAS SECUNDARIAS/Prueba Control De Tiempo/liquidación/div_Reversin realizada con xito' located by '//*/text()[normalize-space(.)='Reversión realizada con éxito.']/parent::*' not found

2023-03-09 14:11:13 - [MESSAGE][INFO] - Unable to find the element located by 'By.xpath: //*/text()[normalize-space(.)='Reversión realizada con éxito.']/parent::*'. Please recheck the objects properties to make sure the desired element is located. 

2023-03-09 14:11:13 - [MESSAGE][WARNING] - Web element with id: 'Object Repository/2-OBJECTS TAREAS SECUNDARIAS/Prueba Control De Tiempo/liquidación/div_Reversin realizada con xito' located by '//*/text()[normalize-space(.)='Reversión realizada con éxito.']/parent::*' not found

2023-03-09 14:11:13 - [TEST_STEP][PASSED] - if (waitForElementVisible(findTestObject("2-OBJECTS TAREAS SECUNDARIAS/Prueba Control De Tiempo/liquidación/a_Nuevo"), 1)): Web element with id: 'Object Repository/2-OBJECTS TAREAS SECUNDARIAS/Prueba Control De Tiempo/liquidación/a_Nuevo' located by '//a[contains(text(),'Nuevo')]' not found

2023-03-09 14:11:15 - [MESSAGE][INFO] - Unable to find the element located by 'By.xpath: //a[contains(text(),'Nuevo')]'. Please recheck the objects properties to make sure the desired element is located. 

2023-03-09 14:11:15 - [MESSAGE][WARNING] - Web element with id: 'Object Repository/2-OBJECTS TAREAS SECUNDARIAS/Prueba Control De Tiempo/liquidación/a_Nuevo' located by '//a[contains(text(),'Nuevo')]' not found

2023-03-09 14:11:15 - [TEST_STEP][PASSED] - else: Object: 'Object Repository/2-OBJECTS TAREAS SECUNDARIAS/Prueba Control De Tiempo/liquidación/a_Nuevo' is clicked on

2023-03-09 14:11:15 - [TEST_STEP][PASSED] - waitForElementVisible(findTestObject("2-OBJECTS TAREAS SECUNDARIAS/Prueba Control De Tiempo/liquidación/a_Reversar"), 0): Object 'Object Repository/2-OBJECTS TAREAS SECUNDARIAS/Prueba Control De Tiempo/liquidación/a_Reversar' is visible

2023-03-09 14:11:15 - [MESSAGE][WARNING] - Timeout '0' is invalid. Using default page load timeout: '37'

2023-03-09 14:11:16 - [MESSAGE][PASSED] - Object 'Object Repository/2-OBJECTS TAREAS SECUNDARIAS/Prueba Control De Tiempo/liquidación/a_Reversar' is visible

2023-03-09 14:11:16 - [TEST_STEP][PASSED] - doubleClick(findTestObject("2-OBJECTS TAREAS SECUNDARIAS/Prueba Control De Tiempo/liquidación/a_Reversar")): Object: 'Object Repository/2-OBJECTS TAREAS SECUNDARIAS/Prueba Control De Tiempo/liquidación/a_Reversar' is double clicked on

2023-03-09 14:11:16 - [MESSAGE][PASSED] - Object: 'Object Repository/2-OBJECTS TAREAS SECUNDARIAS/Prueba Control De Tiempo/liquidación/a_Reversar' is double clicked on

2023-03-09 14:11:16 - [TEST_STEP][PASSED] - click(findTestObject("2-OBJECTS TAREAS SECUNDARIAS/Prueba Control De Tiempo/liquidación/a_Aceptar")): Object: 'Object Repository/2-OBJECTS TAREAS SECUNDARIAS/Prueba Control De Tiempo/liquidación/a_Aceptar' is clicked on

2023-03-09 14:11:17 - [MESSAGE][PASSED] - Object: 'Object Repository/2-OBJECTS TAREAS SECUNDARIAS/Prueba Control De Tiempo/liquidación/a_Aceptar' is clicked on

2023-03-09 14:11:17 - [TEST_STEP][PASSED] - if (waitForElementVisible(findTestObject("2-OBJECTS TAREAS SECUNDARIAS/Prueba Control De Tiempo/liquidación/a_Continuar"), 1)): Web element with id: 'Object Repository/2-OBJECTS TAREAS SECUNDARIAS/Prueba Control De Tiempo/liquidación/a_Continuar' located by '//div[2]/table/tbody/tr[2]/td/div/a' not found

2023-03-09 14:11:19 - [MESSAGE][INFO] - Unable to find the element located by 'By.xpath: //div[2]/table/tbody/tr[2]/td/div/a'. Please recheck the objects properties to make sure the desired element is located. 

2023-03-09 14:11:19 - [MESSAGE][WARNING] - Web element with id: 'Object Repository/2-OBJECTS TAREAS SECUNDARIAS/Prueba Control De Tiempo/liquidación/a_Continuar' located by '//div[2]/table/tbody/tr[2]/td/div/a' not found

2023-03-09 14:11:19 - [TEST_STEP][PASSED] - if (waitForElementVisible(findTestObject("2-OBJECTS TAREAS SECUNDARIAS/Prueba Control De Tiempo/liquidación/div_Reversin realizada con xito"), 1)): null

2023-03-09 14:11:21 - [MESSAGE][PASSED] - Object 'Object Repository/2-OBJECTS TAREAS SECUNDARIAS/Prueba Control De Tiempo/liquidación/div_Reversin realizada con xito' is visible

2023-03-09 14:11:21 - [TEST_STEP][PASSED] - click(findTestObject("2-OBJECTS TAREAS SECUNDARIAS/Prueba Control De Tiempo/liquidación/a_Continuar")): Object: 'Object Repository/2-OBJECTS TAREAS SECUNDARIAS/Prueba Control De Tiempo/liquidación/a_Continuar' is clicked on

2023-03-09 14:11:21 - [MESSAGE][PASSED] - Object: 'Object Repository/2-OBJECTS TAREAS SECUNDARIAS/Prueba Control De Tiempo/liquidación/a_Continuar' is clicked on

2023-03-09 14:11:21 - [TEST_STEP][PASSED] - click(findTestObject("2-OBJECTS TAREAS SECUNDARIAS/Prueba Control De Tiempo/liquidación/a_Nuevo")): Object: 'Object Repository/2-OBJECTS TAREAS SECUNDARIAS/Prueba Control De Tiempo/liquidación/a_Nuevo' is clicked on

2023-03-09 14:11:22 - [MESSAGE][PASSED] - Object: 'Object Repository/2-OBJECTS TAREAS SECUNDARIAS/Prueba Control De Tiempo/liquidación/a_Nuevo' is clicked on

2023-03-09 14:11:22 - [TEST_STEP][PASSED] - setText(findTestObject("2-OBJECTS TAREAS SECUNDARIAS/Prueba Control De Tiempo/liquidación/input_Fecha Inicial_form_popupFechaLiquidacionBeanfechaInicial_input"), "18/01/2019"): Text '18/01/2019' is set on object 'Object Repository/2-OBJECTS TAREAS SECUNDARIAS/Prueba Control De Tiempo/liquidación/input_Fecha Inicial_form_popupFechaLiquidacionBeanfechaInicial_input'

2023-03-09 14:11:23 - [MESSAGE][PASSED] - Text '18/01/2019' is set on object 'Object Repository/2-OBJECTS TAREAS SECUNDARIAS/Prueba Control De Tiempo/liquidación/input_Fecha Inicial_form_popupFechaLiquidacionBeanfechaInicial_input'

2023-03-09 14:11:23 - [TEST_STEP][PASSED] - setText(findTestObject("2-OBJECTS TAREAS SECUNDARIAS/Prueba Control De Tiempo/liquidación/input_Fecha Final_form_popupFechaLiquidacionBeanfechaFinal_input"), "27/02/2019"): Text '27/02/2019' is set on object 'Object Repository/2-OBJECTS TAREAS SECUNDARIAS/Prueba Control De Tiempo/liquidación/input_Fecha Final_form_popupFechaLiquidacionBeanfechaFinal_input'

2023-03-09 14:11:24 - [MESSAGE][PASSED] - Text '27/02/2019' is set on object 'Object Repository/2-OBJECTS TAREAS SECUNDARIAS/Prueba Control De Tiempo/liquidación/input_Fecha Final_form_popupFechaLiquidacionBeanfechaFinal_input'

2023-03-09 14:11:24 - [TEST_STEP][PASSED] - selectOptionByIndex(findTestObject("2-OBJECTS TAREAS SECUNDARIAS/Prueba Control De Tiempo/liquidación/select_--Seleccione--Proceso de liquidacin DesarrolloProceso de liquidacin Mensual"), 1): All options with index in [1] are selected on object 'Object Repository/2-OBJECTS TAREAS SECUNDARIAS/Prueba Control De Tiempo/liquidación/select_--Seleccione--Proceso de liquidacin DesarrolloProceso de liquidacin Mensual'

2023-03-09 14:11:25 - [MESSAGE][PASSED] - All options with index in [1] are selected on object 'Object Repository/2-OBJECTS TAREAS SECUNDARIAS/Prueba Control De Tiempo/liquidación/select_--Seleccione--Proceso de liquidacin DesarrolloProceso de liquidacin Mensual'

2023-03-09 14:11:25 - [TEST_STEP][PASSED] - click(findTestObject("2-OBJECTS TAREAS SECUNDARIAS/Prueba Control De Tiempo/liquidación/a_Aplicar")): Object: 'Object Repository/2-OBJECTS TAREAS SECUNDARIAS/Prueba Control De Tiempo/liquidación/a_Aplicar' is clicked on

2023-03-09 14:11:26 - [MESSAGE][PASSED] - Object: 'Object Repository/2-OBJECTS TAREAS SECUNDARIAS/Prueba Control De Tiempo/liquidación/a_Aplicar' is clicked on

2023-03-09 14:11:26 - [TEST_STEP][PASSED] - click(findTestObject("2-OBJECTS TAREAS SECUNDARIAS/Prueba Control De Tiempo/liquidación/a_Liquidar")): Object: 'Object Repository/2-OBJECTS TAREAS SECUNDARIAS/Prueba Control De Tiempo/liquidación/a_Liquidar' is clicked on

2023-03-09 14:11:26 - [MESSAGE][PASSED] - Object: 'Object Repository/2-OBJECTS TAREAS SECUNDARIAS/Prueba Control De Tiempo/liquidación/a_Liquidar' is clicked on

2023-03-09 14:11:26 - [TEST_STEP][PASSED] - click(findTestObject("2-OBJECTS TAREAS SECUNDARIAS/Prueba Control De Tiempo/liquidación/a_Aceptar")): Object: 'Object Repository/2-OBJECTS TAREAS SECUNDARIAS/Prueba Control De Tiempo/liquidación/a_Aceptar' is clicked on

2023-03-09 14:11:27 - [MESSAGE][PASSED] - Object: 'Object Repository/2-OBJECTS TAREAS SECUNDARIAS/Prueba Control De Tiempo/liquidación/a_Aceptar' is clicked on

2023-03-09 14:11:27 - [TEST_STEP][PASSED] - click(findTestObject("2-OBJECTS TAREAS SECUNDARIAS/Prueba Control De Tiempo/liquidación/div_Liquidacin realizada con xito")): Object: 'Object Repository/2-OBJECTS TAREAS SECUNDARIAS/Prueba Control De Tiempo/liquidación/div_Liquidacin realizada con xito' is clicked on

2023-03-09 14:11:27 - [MESSAGE][PASSED] - Object: 'Object Repository/2-OBJECTS TAREAS SECUNDARIAS/Prueba Control De Tiempo/liquidación/div_Liquidacin realizada con xito' is clicked on

2023-03-09 14:11:27 - [TEST_STEP][PASSED] - click(findTestObject("2-OBJECTS TAREAS SECUNDARIAS/Prueba Control De Tiempo/liquidación/a_Continuar")): Object: 'Object Repository/2-OBJECTS TAREAS SECUNDARIAS/Prueba Control De Tiempo/liquidación/a_Continuar' is clicked on

2023-03-09 14:11:30 - [MESSAGE][PASSED] - Object: 'Object Repository/2-OBJECTS TAREAS SECUNDARIAS/Prueba Control De Tiempo/liquidación/a_Continuar' is clicked on

2023-03-09 14:11:30 - [TEST_STEP][PASSED] - if (waitForElementPresent(findTestObject("2-OBJECTS TAREAS SECUNDARIAS/Prueba Control De Tiempo/liquidación/a_Reversar"), 1)): null

2023-03-09 14:11:31 - [MESSAGE][PASSED] - Object 'Object Repository/2-OBJECTS TAREAS SECUNDARIAS/Prueba Control De Tiempo/liquidación/a_Reversar' is present

2023-03-09 14:11:31 - [TEST_STEP][PASSED] - Resultado = "PRUEBA OK": null

2023-03-09 14:11:31 - [TEST_STEP][PASSED] - closeBrowser(): Browser is closed

2023-03-09 14:11:32 - [MESSAGE][PASSED] - Browser is closed]]></system-out>
         <system-err><![CDATA[]]></system-err>
      </testcase>
      <testcase name="Test Cases/1.2-Tareas_Secundarias/A.3-Pruebas_control_tiempos/13.2.3-Aplicar" time="20.272" classname="Test Cases/1.2-Tareas_Secundarias/A.3-Pruebas_control_tiempos/13.2.3-Aplicar" status="PASSED">
         <system-out><![CDATA[2023-03-09 14:11:32 - [TEST_CASE][PASSED] - Test Cases/1.2-Tareas_Secundarias/A.3-Pruebas_control_tiempos/13.2.3-Aplicar: Test Cases/1.2-Tareas_Secundarias/A.3-Pruebas_control_tiempos/13.2.3-Aplicar

2023-03-09 14:11:32 - [TEST_STEP][PASSED] - callTestCase(findTestCase("0.1-Login"), [:], STOP_ON_FAILURE): Call Test Case 'Test Cases/0.1-Login' successfully

2023-03-09 14:11:32 - [TEST_CASE][PASSED] - Test Cases/0.1-Login: Test Cases/0.1-Login

2023-03-09 14:11:32 - [TEST_STEP][PASSED] - openBrowser(""): Browser is opened with url: ''

2023-03-09 14:11:32 - [MESSAGE][INFO] - Starting 'Chrome' driver

2023-03-09 14:11:32 - [MESSAGE][INFO] - Action delay is set to 0 milliseconds

2023-03-09 14:11:34 - [MESSAGE][PASSED] - Browser is opened with url: ''

2023-03-09 14:11:34 - [TEST_STEP][PASSED] - maximizeWindow(): Current window maximized

2023-03-09 14:11:34 - [MESSAGE][PASSED] - Current window maximized

2023-03-09 14:11:34 - [TEST_STEP][PASSED] - i = G_Login: null

2023-03-09 14:11:34 - [TEST_STEP][PASSED] - url = new java.net.URL(i): null

2023-03-09 14:11:34 - [TEST_STEP][PASSED] - println("URL: " + url.toString()): null

2023-03-09 14:11:34 - [TEST_STEP][PASSED] - connection = url.openConnection(): null

2023-03-09 14:11:34 - [TEST_STEP][PASSED] - connection.setRequestMethod("GET"): null

2023-03-09 14:11:34 - [TEST_STEP][PASSED] - connection.setReadTimeout(2 * 1000): null

2023-03-09 14:11:34 - [TEST_STEP][PASSED] - try: null

2023-03-09 14:11:34 - [TEST_STEP][PASSED] - connection.connect(): null

2023-03-09 14:11:34 - [TEST_STEP][PASSED] - flag = connected: null

2023-03-09 14:11:34 - [TEST_STEP][PASSED] - println("Valor_ori: " + flag): null

2023-03-09 14:11:34 - [TEST_STEP][PASSED] - if (flag): null

2023-03-09 14:11:34 - [TEST_STEP][PASSED] - navigateToUrl(i): Navigate to 'http://192.168.2.19:7001/saraweb' successfully

2023-03-09 14:11:35 - [MESSAGE][PASSED] - Navigate to 'http://192.168.2.19:7001/saraweb' successfully

2023-03-09 14:11:35 - [TEST_STEP][PASSED] - a(): null

2023-03-09 14:11:35 - [TEST_STEP][PASSED] - if (waitForElementVisible(findTestObject("3-OBJECTS UTILIDADES/Login/input_USUARIO_loginusuario"), 0)): null

2023-03-09 14:11:35 - [MESSAGE][WARNING] - Timeout '0' is invalid. Using default page load timeout: '37'

2023-03-09 14:11:36 - [MESSAGE][PASSED] - Object 'Object Repository/3-OBJECTS UTILIDADES/Login/input_USUARIO_loginusuario' is visible

2023-03-09 14:11:36 - [TEST_STEP][PASSED] - switchToWindowTitle("SARA"): Switched to window with title: 'SARA'

2023-03-09 14:11:36 - [MESSAGE][PASSED] - Switched to window with title: 'SARA'

2023-03-09 14:11:36 - [TEST_STEP][PASSED] - zoom(): null

2023-03-09 14:11:36 - [TEST_STEP][PASSED] - robot = new java.awt.Robot(): null

2023-03-09 14:11:36 - [TEST_STEP][PASSED] - robot.keyPress(VK_CONTROL): null

2023-03-09 14:11:36 - [TEST_STEP][PASSED] - robot.keyPress(VK_SUBTRACT): null

2023-03-09 14:11:36 - [TEST_STEP][PASSED] - robot.keyRelease(VK_CONTROL): null

2023-03-09 14:11:36 - [TEST_STEP][PASSED] - robot.keyRelease(VK_SUBTRACT): null

2023-03-09 14:11:36 - [TEST_STEP][PASSED] - robot.keyPress(VK_CONTROL): null

2023-03-09 14:11:36 - [TEST_STEP][PASSED] - robot.keyPress(VK_SUBTRACT): null

2023-03-09 14:11:36 - [TEST_STEP][PASSED] - robot.keyRelease(VK_CONTROL): null

2023-03-09 14:11:36 - [TEST_STEP][PASSED] - robot.keyRelease(VK_SUBTRACT): null

2023-03-09 14:11:36 - [TEST_STEP][PASSED] - robot.keyPress(VK_CONTROL): null

2023-03-09 14:11:36 - [TEST_STEP][PASSED] - robot.keyPress(VK_SUBTRACT): null

2023-03-09 14:11:36 - [TEST_STEP][PASSED] - robot.keyRelease(VK_CONTROL): null

2023-03-09 14:11:36 - [TEST_STEP][PASSED] - robot.keyRelease(VK_SUBTRACT): null

2023-03-09 14:11:36 - [TEST_STEP][PASSED] - robot.keyRelease(VK_CONTROL): null

2023-03-09 14:11:36 - [TEST_STEP][PASSED] - robot.keyRelease(VK_SUBTRACT): null

2023-03-09 14:11:36 - [TEST_STEP][PASSED] - setText(findTestObject("3-OBJECTS UTILIDADES/Login/input_USUARIO_loginusuario"), G_Usuario): Text 'weblogic' is set on object 'Object Repository/3-OBJECTS UTILIDADES/Login/input_USUARIO_loginusuario'

2023-03-09 14:11:36 - [MESSAGE][PASSED] - Text 'weblogic' is set on object 'Object Repository/3-OBJECTS UTILIDADES/Login/input_USUARIO_loginusuario'

2023-03-09 14:11:36 - [TEST_STEP][PASSED] - setEncryptedText(findTestObject("3-OBJECTS UTILIDADES/Login/input_CLAVE_loginpassword"), "SlAwMcyRKqrwbnzhAs8HhT6NnI7sEyng"): Text ****** has been set on object 'Object Repository/3-OBJECTS UTILIDADES/Login/input_CLAVE_loginpassword'

2023-03-09 14:11:39 - [MESSAGE][PASSED] - Text ****** has been set on object 'Object Repository/3-OBJECTS UTILIDADES/Login/input_CLAVE_loginpassword'

2023-03-09 14:11:39 - [TEST_STEP][PASSED] - while (waitForElementClickable(findTestObject("3-OBJECTS UTILIDADES/Login/a_Ingresar"), 1)): Web element with id: 'Object Repository/3-OBJECTS UTILIDADES/Login/a_Ingresar' located by '//a[contains(text(),'Ingresar')]' not found

2023-03-09 14:11:42 - [MESSAGE][INFO] - Unable to find the element located by 'By.xpath: //a[contains(text(),'Ingresar')]'. Please recheck the objects properties to make sure the desired element is located. 

2023-03-09 14:11:42 - [MESSAGE][WARNING] - Web element with id: 'Object Repository/3-OBJECTS UTILIDADES/Login/a_Ingresar' located by '//a[contains(text(),'Ingresar')]' not found

2023-03-09 14:11:42 - [MESSAGE][PASSED] - Call Test Case 'Test Cases/0.1-Login' successfully

2023-03-09 14:11:42 - [TEST_STEP][PASSED] - setText(findTestObject("2-OBJECTS TAREAS SECUNDARIAS/Pruebas Compensación/Listado_Empleados/input_Empresa 1_form_templatej_idt24_input (1)"), "Liquidacion"): Text 'Liquidacion' is set on object 'Object Repository/2-OBJECTS TAREAS SECUNDARIAS/Pruebas Compensación/Listado_Empleados/input_Empresa 1_form_templatej_idt24_input (1)'

2023-03-09 14:11:42 - [MESSAGE][PASSED] - Text 'Liquidacion' is set on object 'Object Repository/2-OBJECTS TAREAS SECUNDARIAS/Pruebas Compensación/Listado_Empleados/input_Empresa 1_form_templatej_idt24_input (1)'

2023-03-09 14:11:42 - [TEST_STEP][PASSED] - click(findTestObject("2-OBJECTS TAREAS SECUNDARIAS/Prueba Control De Tiempo/Aplicar/span_Liquidacion")): Object: 'Object Repository/2-OBJECTS TAREAS SECUNDARIAS/Prueba Control De Tiempo/Aplicar/span_Liquidacion' is clicked on

2023-03-09 14:11:44 - [MESSAGE][PASSED] - Object: 'Object Repository/2-OBJECTS TAREAS SECUNDARIAS/Prueba Control De Tiempo/Aplicar/span_Liquidacion' is clicked on

2023-03-09 14:11:44 - [TEST_STEP][PASSED] - click(findTestObject("2-OBJECTS TAREAS SECUNDARIAS/Prueba Control De Tiempo/Aplicar/td_27022019")): Object: 'Object Repository/2-OBJECTS TAREAS SECUNDARIAS/Prueba Control De Tiempo/Aplicar/td_27022019' is clicked on

2023-03-09 14:11:47 - [MESSAGE][PASSED] - Object: 'Object Repository/2-OBJECTS TAREAS SECUNDARIAS/Prueba Control De Tiempo/Aplicar/td_27022019' is clicked on

2023-03-09 14:11:47 - [TEST_STEP][PASSED] - if (waitForElementVisible(findTestObject("2-OBJECTS TAREAS SECUNDARIAS/Prueba Control De Tiempo/Aplicar/a_Reversar Nomina"), 1)): Web element with id: 'Object Repository/2-OBJECTS TAREAS SECUNDARIAS/Prueba Control De Tiempo/Aplicar/a_Reversar Nomina' located by '//a[contains(text(),'Reversar Nomina')]' not found

2023-03-09 14:11:49 - [MESSAGE][INFO] - Unable to find the element located by 'By.xpath: //a[contains(text(),'Reversar Nomina')]'. Please recheck the objects properties to make sure the desired element is located. 

2023-03-09 14:11:49 - [MESSAGE][WARNING] - Web element with id: 'Object Repository/2-OBJECTS TAREAS SECUNDARIAS/Prueba Control De Tiempo/Aplicar/a_Reversar Nomina' located by '//a[contains(text(),'Reversar Nomina')]' not found

2023-03-09 14:11:49 - [TEST_STEP][PASSED] - click(findTestObject("2-OBJECTS TAREAS SECUNDARIAS/Prueba Control De Tiempo/Aplicar/a_Aplicar")): Object: 'Object Repository/2-OBJECTS TAREAS SECUNDARIAS/Prueba Control De Tiempo/Aplicar/a_Aplicar' is clicked on

2023-03-09 14:11:49 - [MESSAGE][PASSED] - Object: 'Object Repository/2-OBJECTS TAREAS SECUNDARIAS/Prueba Control De Tiempo/Aplicar/a_Aplicar' is clicked on

2023-03-09 14:11:49 - [TEST_STEP][PASSED] - click(findTestObject("2-OBJECTS TAREAS SECUNDARIAS/Prueba Control De Tiempo/Aplicar/a_Aceptar")): Object: 'Object Repository/2-OBJECTS TAREAS SECUNDARIAS/Prueba Control De Tiempo/Aplicar/a_Aceptar' is clicked on

2023-03-09 14:11:50 - [MESSAGE][PASSED] - Object: 'Object Repository/2-OBJECTS TAREAS SECUNDARIAS/Prueba Control De Tiempo/Aplicar/a_Aceptar' is clicked on

2023-03-09 14:11:50 - [TEST_STEP][PASSED] - waitForElementVisible(findTestObject("2-OBJECTS TAREAS SECUNDARIAS/Prueba Control De Tiempo/Aplicar/a_Continuar"), 0): Object 'Object Repository/2-OBJECTS TAREAS SECUNDARIAS/Prueba Control De Tiempo/Aplicar/a_Continuar' is visible

2023-03-09 14:11:50 - [MESSAGE][WARNING] - Timeout '0' is invalid. Using default page load timeout: '37'

2023-03-09 14:11:51 - [MESSAGE][PASSED] - Object 'Object Repository/2-OBJECTS TAREAS SECUNDARIAS/Prueba Control De Tiempo/Aplicar/a_Continuar' is visible

2023-03-09 14:11:51 - [TEST_STEP][PASSED] - Result = getText(findTestObject("2-OBJECTS TAREAS SECUNDARIAS/Prueba Control De Tiempo/Aplicar/div0")): Text of object 'Object Repository/2-OBJECTS TAREAS SECUNDARIAS/Prueba Control De Tiempo/Aplicar/div0' is: 'Proceso realizado con éxito.'

2023-03-09 14:11:51 - [MESSAGE][PASSED] - Text of object 'Object Repository/2-OBJECTS TAREAS SECUNDARIAS/Prueba Control De Tiempo/Aplicar/div0' is: 'Proceso realizado con éxito.'

2023-03-09 14:11:51 - [TEST_STEP][PASSED] - click(findTestObject("2-OBJECTS TAREAS SECUNDARIAS/Prueba Control De Tiempo/Aplicar/a_Continuar")): Object: 'Object Repository/2-OBJECTS TAREAS SECUNDARIAS/Prueba Control De Tiempo/Aplicar/a_Continuar' is clicked on

2023-03-09 14:11:51 - [MESSAGE][PASSED] - Object: 'Object Repository/2-OBJECTS TAREAS SECUNDARIAS/Prueba Control De Tiempo/Aplicar/a_Continuar' is clicked on

2023-03-09 14:11:51 - [TEST_STEP][PASSED] - if (Result == "Proceso realizado con éxito."): Browser is closed

2023-03-09 14:11:51 - [TEST_STEP][PASSED] - Resultado = "PRUEBA OK": null

2023-03-09 14:11:51 - [TEST_STEP][PASSED] - closeBrowser(): Browser is closed

2023-03-09 14:11:52 - [MESSAGE][PASSED] - Browser is closed]]></system-out>
         <system-err><![CDATA[]]></system-err>
      </testcase>
      <testcase name="Test Cases/1.2-Tareas_Secundarias/A.3-Pruebas_control_tiempos/13.2.4-Histórico_Evento" time="17.98" classname="Test Cases/1.2-Tareas_Secundarias/A.3-Pruebas_control_tiempos/13.2.4-Histórico_Evento" status="PASSED">
         <system-out><![CDATA[2023-03-09 14:11:52 - [TEST_CASE][PASSED] - Test Cases/1.2-Tareas_Secundarias/A.3-Pruebas_control_tiempos/13.2.4-Histórico_Evento: Test Cases/1.2-Tareas_Secundarias/A.3-Pruebas_control_tiempos/13.2.4-Histórico_Evento

2023-03-09 14:11:52 - [TEST_STEP][PASSED] - callTestCase(findTestCase("0.1-Login"), [:], STOP_ON_FAILURE): Call Test Case 'Test Cases/0.1-Login' successfully

2023-03-09 14:11:53 - [TEST_CASE][PASSED] - Test Cases/0.1-Login: Test Cases/0.1-Login

2023-03-09 14:11:53 - [TEST_STEP][PASSED] - openBrowser(""): Browser is opened with url: ''

2023-03-09 14:11:53 - [MESSAGE][INFO] - Starting 'Chrome' driver

2023-03-09 14:11:53 - [MESSAGE][INFO] - Action delay is set to 0 milliseconds

2023-03-09 14:11:54 - [MESSAGE][PASSED] - Browser is opened with url: ''

2023-03-09 14:11:54 - [TEST_STEP][PASSED] - maximizeWindow(): Current window maximized

2023-03-09 14:11:54 - [MESSAGE][PASSED] - Current window maximized

2023-03-09 14:11:54 - [TEST_STEP][PASSED] - i = G_Login: null

2023-03-09 14:11:54 - [TEST_STEP][PASSED] - url = new java.net.URL(i): null

2023-03-09 14:11:54 - [TEST_STEP][PASSED] - println("URL: " + url.toString()): null

2023-03-09 14:11:54 - [TEST_STEP][PASSED] - connection = url.openConnection(): null

2023-03-09 14:11:54 - [TEST_STEP][PASSED] - connection.setRequestMethod("GET"): null

2023-03-09 14:11:54 - [TEST_STEP][PASSED] - connection.setReadTimeout(2 * 1000): null

2023-03-09 14:11:54 - [TEST_STEP][PASSED] - try: null

2023-03-09 14:11:54 - [TEST_STEP][PASSED] - connection.connect(): null

2023-03-09 14:11:54 - [TEST_STEP][PASSED] - flag = connected: null

2023-03-09 14:11:54 - [TEST_STEP][PASSED] - println("Valor_ori: " + flag): null

2023-03-09 14:11:54 - [TEST_STEP][PASSED] - if (flag): null

2023-03-09 14:11:54 - [TEST_STEP][PASSED] - navigateToUrl(i): Navigate to 'http://192.168.2.19:7001/saraweb' successfully

2023-03-09 14:11:55 - [MESSAGE][PASSED] - Navigate to 'http://192.168.2.19:7001/saraweb' successfully

2023-03-09 14:11:55 - [TEST_STEP][PASSED] - a(): null

2023-03-09 14:11:55 - [TEST_STEP][PASSED] - if (waitForElementVisible(findTestObject("3-OBJECTS UTILIDADES/Login/input_USUARIO_loginusuario"), 0)): null

2023-03-09 14:11:55 - [MESSAGE][WARNING] - Timeout '0' is invalid. Using default page load timeout: '37'

2023-03-09 14:11:55 - [MESSAGE][PASSED] - Object 'Object Repository/3-OBJECTS UTILIDADES/Login/input_USUARIO_loginusuario' is visible

2023-03-09 14:11:55 - [TEST_STEP][PASSED] - switchToWindowTitle("SARA"): Switched to window with title: 'SARA'

2023-03-09 14:11:55 - [MESSAGE][PASSED] - Switched to window with title: 'SARA'

2023-03-09 14:11:55 - [TEST_STEP][PASSED] - zoom(): null

2023-03-09 14:11:55 - [TEST_STEP][PASSED] - robot = new java.awt.Robot(): null

2023-03-09 14:11:55 - [TEST_STEP][PASSED] - robot.keyPress(VK_CONTROL): null

2023-03-09 14:11:55 - [TEST_STEP][PASSED] - robot.keyPress(VK_SUBTRACT): null

2023-03-09 14:11:55 - [TEST_STEP][PASSED] - robot.keyRelease(VK_CONTROL): null

2023-03-09 14:11:55 - [TEST_STEP][PASSED] - robot.keyRelease(VK_SUBTRACT): null

2023-03-09 14:11:55 - [TEST_STEP][PASSED] - robot.keyPress(VK_CONTROL): null

2023-03-09 14:11:55 - [TEST_STEP][PASSED] - robot.keyPress(VK_SUBTRACT): null

2023-03-09 14:11:55 - [TEST_STEP][PASSED] - robot.keyRelease(VK_CONTROL): null

2023-03-09 14:11:55 - [TEST_STEP][PASSED] - robot.keyRelease(VK_SUBTRACT): null

2023-03-09 14:11:55 - [TEST_STEP][PASSED] - robot.keyPress(VK_CONTROL): null

2023-03-09 14:11:55 - [TEST_STEP][PASSED] - robot.keyPress(VK_SUBTRACT): null

2023-03-09 14:11:55 - [TEST_STEP][PASSED] - robot.keyRelease(VK_CONTROL): null

2023-03-09 14:11:55 - [TEST_STEP][PASSED] - robot.keyRelease(VK_SUBTRACT): null

2023-03-09 14:11:55 - [TEST_STEP][PASSED] - robot.keyRelease(VK_CONTROL): null

2023-03-09 14:11:55 - [TEST_STEP][PASSED] - robot.keyRelease(VK_SUBTRACT): null

2023-03-09 14:11:55 - [TEST_STEP][PASSED] - setText(findTestObject("3-OBJECTS UTILIDADES/Login/input_USUARIO_loginusuario"), G_Usuario): Text 'weblogic' is set on object 'Object Repository/3-OBJECTS UTILIDADES/Login/input_USUARIO_loginusuario'

2023-03-09 14:11:56 - [MESSAGE][PASSED] - Text 'weblogic' is set on object 'Object Repository/3-OBJECTS UTILIDADES/Login/input_USUARIO_loginusuario'

2023-03-09 14:11:56 - [TEST_STEP][PASSED] - setEncryptedText(findTestObject("3-OBJECTS UTILIDADES/Login/input_CLAVE_loginpassword"), "SlAwMcyRKqrwbnzhAs8HhT6NnI7sEyng"): Text ****** has been set on object 'Object Repository/3-OBJECTS UTILIDADES/Login/input_CLAVE_loginpassword'

2023-03-09 14:12:00 - [MESSAGE][PASSED] - Text ****** has been set on object 'Object Repository/3-OBJECTS UTILIDADES/Login/input_CLAVE_loginpassword'

2023-03-09 14:12:00 - [TEST_STEP][PASSED] - while (waitForElementClickable(findTestObject("3-OBJECTS UTILIDADES/Login/a_Ingresar"), 1)): Web element with id: 'Object Repository/3-OBJECTS UTILIDADES/Login/a_Ingresar' located by '//a[contains(text(),'Ingresar')]' not found

2023-03-09 14:12:02 - [MESSAGE][INFO] - Unable to find the element located by 'By.xpath: //a[contains(text(),'Ingresar')]'. Please recheck the objects properties to make sure the desired element is located. 

2023-03-09 14:12:02 - [MESSAGE][WARNING] - Web element with id: 'Object Repository/3-OBJECTS UTILIDADES/Login/a_Ingresar' located by '//a[contains(text(),'Ingresar')]' not found

2023-03-09 14:12:02 - [MESSAGE][PASSED] - Call Test Case 'Test Cases/0.1-Login' successfully

2023-03-09 14:12:02 - [TEST_STEP][PASSED] - setText(findTestObject("2-OBJECTS TAREAS SECUNDARIAS/Prueba Control De Tiempo/Historico_Evento/input_Empresa 1_form_templatej_idt24_input"), "Historico Evento"): Text 'Historico Evento' is set on object 'Object Repository/2-OBJECTS TAREAS SECUNDARIAS/Prueba Control De Tiempo/Historico_Evento/input_Empresa 1_form_templatej_idt24_input'

2023-03-09 14:12:03 - [MESSAGE][PASSED] - Text 'Historico Evento' is set on object 'Object Repository/2-OBJECTS TAREAS SECUNDARIAS/Prueba Control De Tiempo/Historico_Evento/input_Empresa 1_form_templatej_idt24_input'

2023-03-09 14:12:03 - [TEST_STEP][PASSED] - click(findTestObject("2-OBJECTS TAREAS SECUNDARIAS/Prueba Control De Tiempo/Historico_Evento/li_Historico Evento (get)")): Object: 'Object Repository/2-OBJECTS TAREAS SECUNDARIAS/Prueba Control De Tiempo/Historico_Evento/li_Historico Evento (get)' is clicked on

2023-03-09 14:12:04 - [MESSAGE][PASSED] - Object: 'Object Repository/2-OBJECTS TAREAS SECUNDARIAS/Prueba Control De Tiempo/Historico_Evento/li_Historico Evento (get)' is clicked on

2023-03-09 14:12:04 - [TEST_STEP][PASSED] - scrollToElement(findTestObject("2-OBJECTS TAREAS SECUNDARIAS/Prueba Control De Tiempo/Historico_Evento/a_1"), 0): Scroll to object 'Object Repository/2-OBJECTS TAREAS SECUNDARIAS/Prueba Control De Tiempo/Historico_Evento/a_1' successfully

2023-03-09 14:12:04 - [MESSAGE][WARNING] - Timeout '0' is invalid. Using default page load timeout: '37'

2023-03-09 14:12:07 - [MESSAGE][PASSED] - Scroll to object 'Object Repository/2-OBJECTS TAREAS SECUNDARIAS/Prueba Control De Tiempo/Historico_Evento/a_1' successfully

2023-03-09 14:12:07 - [TEST_STEP][PASSED] - click(findTestObject("2-OBJECTS TAREAS SECUNDARIAS/Prueba Control De Tiempo/Historico_Evento/a_1")): Object: 'Object Repository/2-OBJECTS TAREAS SECUNDARIAS/Prueba Control De Tiempo/Historico_Evento/a_1' is clicked on

2023-03-09 14:12:07 - [MESSAGE][PASSED] - Object: 'Object Repository/2-OBJECTS TAREAS SECUNDARIAS/Prueba Control De Tiempo/Historico_Evento/a_1' is clicked on

2023-03-09 14:12:07 - [TEST_STEP][PASSED] - scrollToElement(findTestObject("2-OBJECTS TAREAS SECUNDARIAS/Prueba Control De Tiempo/Historico_Evento/a_Nombre Persona_eventoHistoricos_formj_idt71"), 0): Scroll to object 'Object Repository/2-OBJECTS TAREAS SECUNDARIAS/Prueba Control De Tiempo/Historico_Evento/a_Nombre Persona_eventoHistoricos_formj_idt71' successfully

2023-03-09 14:12:07 - [MESSAGE][WARNING] - Timeout '0' is invalid. Using default page load timeout: '37'

2023-03-09 14:12:08 - [MESSAGE][PASSED] - Scroll to object 'Object Repository/2-OBJECTS TAREAS SECUNDARIAS/Prueba Control De Tiempo/Historico_Evento/a_Nombre Persona_eventoHistoricos_formj_idt71' successfully

2023-03-09 14:12:08 - [TEST_STEP][PASSED] - scrollToElement(findTestObject("2-OBJECTS TAREAS SECUNDARIAS/Prueba Control De Tiempo/Historico_Evento/a_2"), 0): Scroll to object 'Object Repository/2-OBJECTS TAREAS SECUNDARIAS/Prueba Control De Tiempo/Historico_Evento/a_2' successfully

2023-03-09 14:12:08 - [MESSAGE][WARNING] - Timeout '0' is invalid. Using default page load timeout: '37'

2023-03-09 14:12:08 - [MESSAGE][PASSED] - Scroll to object 'Object Repository/2-OBJECTS TAREAS SECUNDARIAS/Prueba Control De Tiempo/Historico_Evento/a_2' successfully

2023-03-09 14:12:08 - [TEST_STEP][PASSED] - click(findTestObject("2-OBJECTS TAREAS SECUNDARIAS/Prueba Control De Tiempo/Historico_Evento/a_2")): Object: 'Object Repository/2-OBJECTS TAREAS SECUNDARIAS/Prueba Control De Tiempo/Historico_Evento/a_2' is clicked on

2023-03-09 14:12:08 - [MESSAGE][PASSED] - Object: 'Object Repository/2-OBJECTS TAREAS SECUNDARIAS/Prueba Control De Tiempo/Historico_Evento/a_2' is clicked on

2023-03-09 14:12:08 - [TEST_STEP][PASSED] - scrollToElement(findTestObject("2-OBJECTS TAREAS SECUNDARIAS/Prueba Control De Tiempo/Historico_Evento/a_Nombre Persona_eventoHistoricos_formj_idt71"), 0): Scroll to object 'Object Repository/2-OBJECTS TAREAS SECUNDARIAS/Prueba Control De Tiempo/Historico_Evento/a_Nombre Persona_eventoHistoricos_formj_idt71' successfully

2023-03-09 14:12:09 - [MESSAGE][WARNING] - Timeout '0' is invalid. Using default page load timeout: '37'

2023-03-09 14:12:09 - [MESSAGE][PASSED] - Scroll to object 'Object Repository/2-OBJECTS TAREAS SECUNDARIAS/Prueba Control De Tiempo/Historico_Evento/a_Nombre Persona_eventoHistoricos_formj_idt71' successfully

2023-03-09 14:12:09 - [TEST_STEP][PASSED] - if (waitForElementVisible(findTestObject("2-OBJECTS TAREAS SECUNDARIAS/Prueba Control De Tiempo/Historico_Evento/div_IdentificacinFuncionarioHora FinalDispositivo de Entrada"), 1)): null

2023-03-09 14:12:09 - [MESSAGE][PASSED] - Object 'Object Repository/2-OBJECTS TAREAS SECUNDARIAS/Prueba Control De Tiempo/Historico_Evento/div_IdentificacinFuncionarioHora FinalDispositivo de Entrada' is visible

2023-03-09 14:12:09 - [TEST_STEP][PASSED] - Result = "PRUEBA OK": null

2023-03-09 14:12:09 - [TEST_STEP][PASSED] - closeBrowser(): Browser is closed

2023-03-09 14:12:10 - [MESSAGE][PASSED] - Browser is closed]]></system-out>
         <system-err><![CDATA[]]></system-err>
      </testcase>
      <testcase name="Test Cases/1.2-Tareas_Secundarias/A.3-Pruebas_control_tiempos/13.2.5-Inconsistencias_Evento" time="27.68" classname="Test Cases/1.2-Tareas_Secundarias/A.3-Pruebas_control_tiempos/13.2.5-Inconsistencias_Evento" status="PASSED">
         <system-out><![CDATA[2023-03-09 14:12:10 - [TEST_CASE][PASSED] - Test Cases/1.2-Tareas_Secundarias/A.3-Pruebas_control_tiempos/13.2.5-Inconsistencias_Evento: Test Cases/1.2-Tareas_Secundarias/A.3-Pruebas_control_tiempos/13.2.5-Inconsistencias_Evento

2023-03-09 14:12:10 - [TEST_STEP][PASSED] - callTestCase(findTestCase("0.1-Login"), [:], STOP_ON_FAILURE): Call Test Case 'Test Cases/0.1-Login' successfully

2023-03-09 14:12:11 - [TEST_CASE][PASSED] - Test Cases/0.1-Login: Test Cases/0.1-Login

2023-03-09 14:12:11 - [TEST_STEP][PASSED] - openBrowser(""): Browser is opened with url: ''

2023-03-09 14:12:11 - [MESSAGE][INFO] - Starting 'Chrome' driver

2023-03-09 14:12:11 - [MESSAGE][INFO] - Action delay is set to 0 milliseconds

2023-03-09 14:12:12 - [MESSAGE][PASSED] - Browser is opened with url: ''

2023-03-09 14:12:12 - [TEST_STEP][PASSED] - maximizeWindow(): Current window maximized

2023-03-09 14:12:12 - [MESSAGE][PASSED] - Current window maximized

2023-03-09 14:12:12 - [TEST_STEP][PASSED] - i = G_Login: null

2023-03-09 14:12:12 - [TEST_STEP][PASSED] - url = new java.net.URL(i): null

2023-03-09 14:12:12 - [TEST_STEP][PASSED] - println("URL: " + url.toString()): null

2023-03-09 14:12:12 - [TEST_STEP][PASSED] - connection = url.openConnection(): null

2023-03-09 14:12:12 - [TEST_STEP][PASSED] - connection.setRequestMethod("GET"): null

2023-03-09 14:12:12 - [TEST_STEP][PASSED] - connection.setReadTimeout(2 * 1000): null

2023-03-09 14:12:12 - [TEST_STEP][PASSED] - try: null

2023-03-09 14:12:12 - [TEST_STEP][PASSED] - connection.connect(): null

2023-03-09 14:12:12 - [TEST_STEP][PASSED] - flag = connected: null

2023-03-09 14:12:12 - [TEST_STEP][PASSED] - println("Valor_ori: " + flag): null

2023-03-09 14:12:12 - [TEST_STEP][PASSED] - if (flag): null

2023-03-09 14:12:12 - [TEST_STEP][PASSED] - navigateToUrl(i): Navigate to 'http://192.168.2.19:7001/saraweb' successfully

2023-03-09 14:12:14 - [MESSAGE][PASSED] - Navigate to 'http://192.168.2.19:7001/saraweb' successfully

2023-03-09 14:12:14 - [TEST_STEP][PASSED] - a(): null

2023-03-09 14:12:14 - [TEST_STEP][PASSED] - if (waitForElementVisible(findTestObject("3-OBJECTS UTILIDADES/Login/input_USUARIO_loginusuario"), 0)): null

2023-03-09 14:12:14 - [MESSAGE][WARNING] - Timeout '0' is invalid. Using default page load timeout: '37'

2023-03-09 14:12:14 - [MESSAGE][PASSED] - Object 'Object Repository/3-OBJECTS UTILIDADES/Login/input_USUARIO_loginusuario' is visible

2023-03-09 14:12:14 - [TEST_STEP][PASSED] - switchToWindowTitle("SARA"): Switched to window with title: 'SARA'

2023-03-09 14:12:14 - [MESSAGE][PASSED] - Switched to window with title: 'SARA'

2023-03-09 14:12:14 - [TEST_STEP][PASSED] - zoom(): null

2023-03-09 14:12:14 - [TEST_STEP][PASSED] - robot = new java.awt.Robot(): null

2023-03-09 14:12:14 - [TEST_STEP][PASSED] - robot.keyPress(VK_CONTROL): null

2023-03-09 14:12:14 - [TEST_STEP][PASSED] - robot.keyPress(VK_SUBTRACT): null

2023-03-09 14:12:14 - [TEST_STEP][PASSED] - robot.keyRelease(VK_CONTROL): null

2023-03-09 14:12:14 - [TEST_STEP][PASSED] - robot.keyRelease(VK_SUBTRACT): null

2023-03-09 14:12:14 - [TEST_STEP][PASSED] - robot.keyPress(VK_CONTROL): null

2023-03-09 14:12:14 - [TEST_STEP][PASSED] - robot.keyPress(VK_SUBTRACT): null

2023-03-09 14:12:14 - [TEST_STEP][PASSED] - robot.keyRelease(VK_CONTROL): null

2023-03-09 14:12:14 - [TEST_STEP][PASSED] - robot.keyRelease(VK_SUBTRACT): null

2023-03-09 14:12:14 - [TEST_STEP][PASSED] - robot.keyPress(VK_CONTROL): null

2023-03-09 14:12:14 - [TEST_STEP][PASSED] - robot.keyPress(VK_SUBTRACT): null

2023-03-09 14:12:14 - [TEST_STEP][PASSED] - robot.keyRelease(VK_CONTROL): null

2023-03-09 14:12:14 - [TEST_STEP][PASSED] - robot.keyRelease(VK_SUBTRACT): null

2023-03-09 14:12:14 - [TEST_STEP][PASSED] - robot.keyRelease(VK_CONTROL): null

2023-03-09 14:12:14 - [TEST_STEP][PASSED] - robot.keyRelease(VK_SUBTRACT): null

2023-03-09 14:12:14 - [TEST_STEP][PASSED] - setText(findTestObject("3-OBJECTS UTILIDADES/Login/input_USUARIO_loginusuario"), G_Usuario): Text 'weblogic' is set on object 'Object Repository/3-OBJECTS UTILIDADES/Login/input_USUARIO_loginusuario'

2023-03-09 14:12:15 - [MESSAGE][PASSED] - Text 'weblogic' is set on object 'Object Repository/3-OBJECTS UTILIDADES/Login/input_USUARIO_loginusuario'

2023-03-09 14:12:15 - [TEST_STEP][PASSED] - setEncryptedText(findTestObject("3-OBJECTS UTILIDADES/Login/input_CLAVE_loginpassword"), "SlAwMcyRKqrwbnzhAs8HhT6NnI7sEyng"): Text ****** has been set on object 'Object Repository/3-OBJECTS UTILIDADES/Login/input_CLAVE_loginpassword'

2023-03-09 14:12:18 - [MESSAGE][PASSED] - Text ****** has been set on object 'Object Repository/3-OBJECTS UTILIDADES/Login/input_CLAVE_loginpassword'

2023-03-09 14:12:18 - [TEST_STEP][PASSED] - while (waitForElementClickable(findTestObject("3-OBJECTS UTILIDADES/Login/a_Ingresar"), 1)): Web element with id: 'Object Repository/3-OBJECTS UTILIDADES/Login/a_Ingresar' located by '//a[contains(text(),'Ingresar')]' not found

2023-03-09 14:12:21 - [MESSAGE][INFO] - Unable to find the element located by 'By.xpath: //a[contains(text(),'Ingresar')]'. Please recheck the objects properties to make sure the desired element is located. 

2023-03-09 14:12:21 - [MESSAGE][WARNING] - Web element with id: 'Object Repository/3-OBJECTS UTILIDADES/Login/a_Ingresar' located by '//a[contains(text(),'Ingresar')]' not found

2023-03-09 14:12:21 - [MESSAGE][PASSED] - Call Test Case 'Test Cases/0.1-Login' successfully

2023-03-09 14:12:21 - [TEST_STEP][PASSED] - setText(findTestObject("2-OBJECTS TAREAS SECUNDARIAS/Pruebas Compensación/Listado_Empleados/input_Empresa 1_form_templatej_idt24_input (1)"), "Inconsistencias Evento"): Text 'Inconsistencias Evento' is set on object 'Object Repository/2-OBJECTS TAREAS SECUNDARIAS/Pruebas Compensación/Listado_Empleados/input_Empresa 1_form_templatej_idt24_input (1)'

2023-03-09 14:12:21 - [MESSAGE][PASSED] - Text 'Inconsistencias Evento' is set on object 'Object Repository/2-OBJECTS TAREAS SECUNDARIAS/Pruebas Compensación/Listado_Empleados/input_Empresa 1_form_templatej_idt24_input (1)'

2023-03-09 14:12:21 - [TEST_STEP][PASSED] - click(findTestObject("2-OBJECTS TAREAS SECUNDARIAS/Prueba Control De Tiempo/Inconsistencias_Evento/li_Inconsistencias Evento (get)")): Object: 'Object Repository/2-OBJECTS TAREAS SECUNDARIAS/Prueba Control De Tiempo/Inconsistencias_Evento/li_Inconsistencias Evento (get)' is clicked on

2023-03-09 14:12:23 - [MESSAGE][PASSED] - Object: 'Object Repository/2-OBJECTS TAREAS SECUNDARIAS/Prueba Control De Tiempo/Inconsistencias_Evento/li_Inconsistencias Evento (get)' is clicked on

2023-03-09 14:12:23 - [TEST_STEP][PASSED] - click(findTestObject("2-OBJECTS TAREAS SECUNDARIAS/Prueba Control De Tiempo/Inconsistencias_Evento/a_Inconsistencia Marcacin")): Object: 'Object Repository/2-OBJECTS TAREAS SECUNDARIAS/Prueba Control De Tiempo/Inconsistencias_Evento/a_Inconsistencia Marcacin' is clicked on

2023-03-09 14:12:26 - [MESSAGE][PASSED] - Object: 'Object Repository/2-OBJECTS TAREAS SECUNDARIAS/Prueba Control De Tiempo/Inconsistencias_Evento/a_Inconsistencia Marcacin' is clicked on

2023-03-09 14:12:26 - [TEST_STEP][PASSED] - if (waitForElementVisible(findTestObject("2-OBJECTS TAREAS SECUNDARIAS/Prueba Control De Tiempo/Inconsistencias_Evento/td_ALMANZA ROSAS SILVIS"), 1)): Web element with id: 'Object Repository/2-OBJECTS TAREAS SECUNDARIAS/Prueba Control De Tiempo/Inconsistencias_Evento/td_ALMANZA ROSAS SILVIS' located by '//*/text()[normalize-space(.)='ALMANZA ROSAS SILVIS']/parent::*' not found

2023-03-09 14:12:28 - [MESSAGE][INFO] - Unable to find the element located by 'By.xpath: //*/text()[normalize-space(.)='ALMANZA ROSAS SILVIS']/parent::*'. Please recheck the objects properties to make sure the desired element is located. 

2023-03-09 14:12:28 - [MESSAGE][WARNING] - Web element with id: 'Object Repository/2-OBJECTS TAREAS SECUNDARIAS/Prueba Control De Tiempo/Inconsistencias_Evento/td_ALMANZA ROSAS SILVIS' located by '//*/text()[normalize-space(.)='ALMANZA ROSAS SILVIS']/parent::*' not found

2023-03-09 14:12:28 - [TEST_STEP][PASSED] - else: null

2023-03-09 14:12:28 - [TEST_STEP][PASSED] - click(findTestObject("2-OBJECTS TAREAS SECUNDARIAS/Prueba Control De Tiempo/Inconsistencias_Evento/a_Nuevo")): Object: 'Object Repository/2-OBJECTS TAREAS SECUNDARIAS/Prueba Control De Tiempo/Inconsistencias_Evento/a_Nuevo' is clicked on

2023-03-09 14:12:29 - [MESSAGE][PASSED] - Object: 'Object Repository/2-OBJECTS TAREAS SECUNDARIAS/Prueba Control De Tiempo/Inconsistencias_Evento/a_Nuevo' is clicked on

2023-03-09 14:12:29 - [TEST_STEP][PASSED] - click(findTestObject("2-OBJECTS TAREAS SECUNDARIAS/Prueba Control De Tiempo/Inconsistencias_Evento/a_Nombres_formPopupRelojj_idt199")): Object: 'Object Repository/2-OBJECTS TAREAS SECUNDARIAS/Prueba Control De Tiempo/Inconsistencias_Evento/a_Nombres_formPopupRelojj_idt199' is clicked on

2023-03-09 14:12:30 - [MESSAGE][PASSED] - Object: 'Object Repository/2-OBJECTS TAREAS SECUNDARIAS/Prueba Control De Tiempo/Inconsistencias_Evento/a_Nombres_formPopupRelojj_idt199' is clicked on

2023-03-09 14:12:30 - [TEST_STEP][PASSED] - click(findTestObject("2-OBJECTS TAREAS SECUNDARIAS/Prueba Control De Tiempo/Inconsistencias_Evento/input_Filter by Nombre_formPopupRelojj_idt204j_idt207filter"), STOP_ON_FAILURE): Object: 'Object Repository/2-OBJECTS TAREAS SECUNDARIAS/Prueba Control De Tiempo/Inconsistencias_Evento/input_Filter by Nombre_formPopupRelojj_idt204j_idt207filter' is clicked on

2023-03-09 14:12:30 - [MESSAGE][PASSED] - Object: 'Object Repository/2-OBJECTS TAREAS SECUNDARIAS/Prueba Control De Tiempo/Inconsistencias_Evento/input_Filter by Nombre_formPopupRelojj_idt204j_idt207filter' is clicked on

2023-03-09 14:12:30 - [TEST_STEP][PASSED] - click(findTestObject("2-OBJECTS TAREAS SECUNDARIAS/Prueba Control De Tiempo/Inconsistencias_Evento/td_Almanza Rosas Silvis2"), STOP_ON_FAILURE): Object: 'Object Repository/2-OBJECTS TAREAS SECUNDARIAS/Prueba Control De Tiempo/Inconsistencias_Evento/td_Almanza Rosas Silvis2' is clicked on

2023-03-09 14:12:31 - [MESSAGE][PASSED] - Object: 'Object Repository/2-OBJECTS TAREAS SECUNDARIAS/Prueba Control De Tiempo/Inconsistencias_Evento/td_Almanza Rosas Silvis2' is clicked on

2023-03-09 14:12:31 - [TEST_STEP][PASSED] - setText(findTestObject("2-OBJECTS TAREAS SECUNDARIAS/Prueba Control De Tiempo/Inconsistencias_Evento/input_Fecha Inicial_formPopupRelojfechaIni_input"), "23/03/2019"): Text '23/03/2019' is set on object 'Object Repository/2-OBJECTS TAREAS SECUNDARIAS/Prueba Control De Tiempo/Inconsistencias_Evento/input_Fecha Inicial_formPopupRelojfechaIni_input'

2023-03-09 14:12:32 - [MESSAGE][PASSED] - Text '23/03/2019' is set on object 'Object Repository/2-OBJECTS TAREAS SECUNDARIAS/Prueba Control De Tiempo/Inconsistencias_Evento/input_Fecha Inicial_formPopupRelojfechaIni_input'

2023-03-09 14:12:32 - [TEST_STEP][PASSED] - setText(findTestObject("2-OBJECTS TAREAS SECUNDARIAS/Prueba Control De Tiempo/Inconsistencias_Evento/input_Hora_formPopupRelojhoraIni"), "06"): Text '06' is set on object 'Object Repository/2-OBJECTS TAREAS SECUNDARIAS/Prueba Control De Tiempo/Inconsistencias_Evento/input_Hora_formPopupRelojhoraIni'

2023-03-09 14:12:33 - [MESSAGE][PASSED] - Text '06' is set on object 'Object Repository/2-OBJECTS TAREAS SECUNDARIAS/Prueba Control De Tiempo/Inconsistencias_Evento/input_Hora_formPopupRelojhoraIni'

2023-03-09 14:12:33 - [TEST_STEP][PASSED] - setText(findTestObject("2-OBJECTS TAREAS SECUNDARIAS/Prueba Control De Tiempo/Inconsistencias_Evento/input__formPopupRelojminutoIni"), "10"): Text '10' is set on object 'Object Repository/2-OBJECTS TAREAS SECUNDARIAS/Prueba Control De Tiempo/Inconsistencias_Evento/input__formPopupRelojminutoIni'

2023-03-09 14:12:33 - [MESSAGE][PASSED] - Text '10' is set on object 'Object Repository/2-OBJECTS TAREAS SECUNDARIAS/Prueba Control De Tiempo/Inconsistencias_Evento/input__formPopupRelojminutoIni'

2023-03-09 14:12:33 - [TEST_STEP][PASSED] - click(findTestObject("2-OBJECTS TAREAS SECUNDARIAS/Pruebas capacitacion/Comprobar Parametros/a_Guardar")): Object: 'Object Repository/2-OBJECTS TAREAS SECUNDARIAS/Pruebas capacitacion/Comprobar Parametros/a_Guardar' is clicked on

2023-03-09 14:12:34 - [MESSAGE][PASSED] - Object: 'Object Repository/2-OBJECTS TAREAS SECUNDARIAS/Pruebas capacitacion/Comprobar Parametros/a_Guardar' is clicked on

2023-03-09 14:12:34 - [TEST_STEP][PASSED] - click(findTestObject("2-OBJECTS TAREAS SECUNDARIAS/Prueba Control De Tiempo/Inconsistencias_Evento/td_ALMANZA ROSAS SILVIS")): Object: 'Object Repository/2-OBJECTS TAREAS SECUNDARIAS/Prueba Control De Tiempo/Inconsistencias_Evento/td_ALMANZA ROSAS SILVIS' is clicked on

2023-03-09 14:12:34 - [MESSAGE][PASSED] - Object: 'Object Repository/2-OBJECTS TAREAS SECUNDARIAS/Prueba Control De Tiempo/Inconsistencias_Evento/td_ALMANZA ROSAS SILVIS' is clicked on

2023-03-09 14:12:34 - [TEST_STEP][PASSED] - click(findTestObject("2-OBJECTS TAREAS SECUNDARIAS/Prueba Control De Tiempo/Inconsistencias_Evento/a_Solucionar")): Object: 'Object Repository/2-OBJECTS TAREAS SECUNDARIAS/Prueba Control De Tiempo/Inconsistencias_Evento/a_Solucionar' is clicked on

2023-03-09 14:12:35 - [MESSAGE][PASSED] - Object: 'Object Repository/2-OBJECTS TAREAS SECUNDARIAS/Prueba Control De Tiempo/Inconsistencias_Evento/a_Solucionar' is clicked on

2023-03-09 14:12:35 - [TEST_STEP][PASSED] - setText(findTestObject("2-OBJECTS TAREAS SECUNDARIAS/Prueba Control De Tiempo/Inconsistencias_Evento/input_Hora Final_formPopupSolucionInconsistenciahoraFin_input"), "2019/03/23 11:29 AM"): Text '2019/03/23 11:29 AM' is set on object 'Object Repository/2-OBJECTS TAREAS SECUNDARIAS/Prueba Control De Tiempo/Inconsistencias_Evento/input_Hora Final_formPopupSolucionInconsistenciahoraFin_input'

2023-03-09 14:12:36 - [MESSAGE][PASSED] - Text '2019/03/23 11:29 AM' is set on object 'Object Repository/2-OBJECTS TAREAS SECUNDARIAS/Prueba Control De Tiempo/Inconsistencias_Evento/input_Hora Final_formPopupSolucionInconsistenciahoraFin_input'

2023-03-09 14:12:36 - [TEST_STEP][PASSED] - click(findTestObject("2-OBJECTS TAREAS SECUNDARIAS/Prueba Control De Tiempo/Inconsistencias_Evento/label_Inconsistencias")): Object: 'Object Repository/2-OBJECTS TAREAS SECUNDARIAS/Prueba Control De Tiempo/Inconsistencias_Evento/label_Inconsistencias' is clicked on

2023-03-09 14:12:37 - [MESSAGE][PASSED] - Object: 'Object Repository/2-OBJECTS TAREAS SECUNDARIAS/Prueba Control De Tiempo/Inconsistencias_Evento/label_Inconsistencias' is clicked on

2023-03-09 14:12:37 - [TEST_STEP][PASSED] - click(findTestObject("2-OBJECTS TAREAS SECUNDARIAS/Pruebas capacitacion/Comprobar Parametros/a_Guardar")): Object: 'Object Repository/2-OBJECTS TAREAS SECUNDARIAS/Pruebas capacitacion/Comprobar Parametros/a_Guardar' is clicked on

2023-03-09 14:12:37 - [MESSAGE][PASSED] - Object: 'Object Repository/2-OBJECTS TAREAS SECUNDARIAS/Pruebas capacitacion/Comprobar Parametros/a_Guardar' is clicked on

2023-03-09 14:12:37 - [TEST_STEP][PASSED] - Result0 = getText(findTestObject("3-OBJECTS UTILIDADES/Alerta/Alerta")): Text of object 'Object Repository/3-OBJECTS UTILIDADES/Alerta/Alerta' is: 'Se soluciono la inconsistencia del registro'

2023-03-09 14:12:38 - [MESSAGE][PASSED] - Text of object 'Object Repository/3-OBJECTS UTILIDADES/Alerta/Alerta' is: 'Se soluciono la inconsistencia del registro'

2023-03-09 14:12:38 - [TEST_STEP][PASSED] - if (Result0 == "Se soluciono la inconsistencia del registro"): null

2023-03-09 14:12:38 - [TEST_STEP][PASSED] - Resultado = "PRUEBA OK": null]]></system-out>
         <system-err><![CDATA[]]></system-err>
      </testcase>
      <testcase name="Test Cases/1.2-Tareas_Secundarias/A.4-Parametros/14.1.1-Comprobar_Parametros" time="227.877" classname="Test Cases/1.2-Tareas_Secundarias/A.4-Parametros/14.1.1-Comprobar_Parametros" status="PASSED">
         <system-out><![CDATA[2023-03-09 14:12:38 - [TEST_CASE][PASSED] - Test Cases/1.2-Tareas_Secundarias/A.4-Parametros/14.1.1-Comprobar_Parametros: Test Cases/1.2-Tareas_Secundarias/A.4-Parametros/14.1.1-Comprobar_Parametros

2023-03-09 14:12:38 - [TEST_STEP][PASSED] - callTestCase(findTestCase("0.1-Login"), [:], STOP_ON_FAILURE): Call Test Case 'Test Cases/0.1-Login' successfully

2023-03-09 14:12:38 - [TEST_CASE][PASSED] - Test Cases/0.1-Login: Test Cases/0.1-Login

2023-03-09 14:12:38 - [TEST_STEP][PASSED] - openBrowser(""): Browser is opened with url: ''

2023-03-09 14:12:38 - [MESSAGE][WARNING] - A browser is already opened. Closing browser and opening a new one

2023-03-09 14:12:39 - [MESSAGE][INFO] - Starting 'Chrome' driver

2023-03-09 14:12:39 - [MESSAGE][INFO] - Action delay is set to 0 milliseconds

2023-03-09 14:12:40 - [MESSAGE][PASSED] - Browser is opened with url: ''

2023-03-09 14:12:40 - [TEST_STEP][PASSED] - maximizeWindow(): Current window maximized

2023-03-09 14:12:40 - [MESSAGE][PASSED] - Current window maximized

2023-03-09 14:12:40 - [TEST_STEP][PASSED] - i = G_Login: null

2023-03-09 14:12:40 - [TEST_STEP][PASSED] - url = new java.net.URL(i): null

2023-03-09 14:12:40 - [TEST_STEP][PASSED] - println("URL: " + url.toString()): null

2023-03-09 14:12:40 - [TEST_STEP][PASSED] - connection = url.openConnection(): null

2023-03-09 14:12:40 - [TEST_STEP][PASSED] - connection.setRequestMethod("GET"): null

2023-03-09 14:12:40 - [TEST_STEP][PASSED] - connection.setReadTimeout(2 * 1000): null

2023-03-09 14:12:40 - [TEST_STEP][PASSED] - try: null

2023-03-09 14:12:40 - [TEST_STEP][PASSED] - connection.connect(): null

2023-03-09 14:12:40 - [TEST_STEP][PASSED] - flag = connected: null

2023-03-09 14:12:40 - [TEST_STEP][PASSED] - println("Valor_ori: " + flag): null

2023-03-09 14:12:40 - [TEST_STEP][PASSED] - if (flag): null

2023-03-09 14:12:40 - [TEST_STEP][PASSED] - navigateToUrl(i): Navigate to 'http://192.168.2.19:7001/saraweb' successfully

2023-03-09 14:12:42 - [MESSAGE][PASSED] - Navigate to 'http://192.168.2.19:7001/saraweb' successfully

2023-03-09 14:12:42 - [TEST_STEP][PASSED] - a(): null

2023-03-09 14:12:42 - [TEST_STEP][PASSED] - if (waitForElementVisible(findTestObject("3-OBJECTS UTILIDADES/Login/input_USUARIO_loginusuario"), 0)): null

2023-03-09 14:12:42 - [MESSAGE][WARNING] - Timeout '0' is invalid. Using default page load timeout: '37'

2023-03-09 14:12:43 - [MESSAGE][PASSED] - Object 'Object Repository/3-OBJECTS UTILIDADES/Login/input_USUARIO_loginusuario' is visible

2023-03-09 14:12:43 - [TEST_STEP][PASSED] - switchToWindowTitle("SARA"): Switched to window with title: 'SARA'

2023-03-09 14:12:43 - [MESSAGE][PASSED] - Switched to window with title: 'SARA'

2023-03-09 14:12:43 - [TEST_STEP][PASSED] - zoom(): null

2023-03-09 14:12:43 - [TEST_STEP][PASSED] - robot = new java.awt.Robot(): null

2023-03-09 14:12:43 - [TEST_STEP][PASSED] - robot.keyPress(VK_CONTROL): null

2023-03-09 14:12:43 - [TEST_STEP][PASSED] - robot.keyPress(VK_SUBTRACT): null

2023-03-09 14:12:43 - [TEST_STEP][PASSED] - robot.keyRelease(VK_CONTROL): null

2023-03-09 14:12:43 - [TEST_STEP][PASSED] - robot.keyRelease(VK_SUBTRACT): null

2023-03-09 14:12:43 - [TEST_STEP][PASSED] - robot.keyPress(VK_CONTROL): null

2023-03-09 14:12:43 - [TEST_STEP][PASSED] - robot.keyPress(VK_SUBTRACT): null

2023-03-09 14:12:43 - [TEST_STEP][PASSED] - robot.keyRelease(VK_CONTROL): null

2023-03-09 14:12:43 - [TEST_STEP][PASSED] - robot.keyRelease(VK_SUBTRACT): null

2023-03-09 14:12:43 - [TEST_STEP][PASSED] - robot.keyPress(VK_CONTROL): null

2023-03-09 14:12:43 - [TEST_STEP][PASSED] - robot.keyPress(VK_SUBTRACT): null

2023-03-09 14:12:43 - [TEST_STEP][PASSED] - robot.keyRelease(VK_CONTROL): null

2023-03-09 14:12:43 - [TEST_STEP][PASSED] - robot.keyRelease(VK_SUBTRACT): null

2023-03-09 14:12:43 - [TEST_STEP][PASSED] - robot.keyRelease(VK_CONTROL): null

2023-03-09 14:12:43 - [TEST_STEP][PASSED] - robot.keyRelease(VK_SUBTRACT): null

2023-03-09 14:12:43 - [TEST_STEP][PASSED] - setText(findTestObject("3-OBJECTS UTILIDADES/Login/input_USUARIO_loginusuario"), G_Usuario): Text 'weblogic' is set on object 'Object Repository/3-OBJECTS UTILIDADES/Login/input_USUARIO_loginusuario'

2023-03-09 14:12:44 - [MESSAGE][PASSED] - Text 'weblogic' is set on object 'Object Repository/3-OBJECTS UTILIDADES/Login/input_USUARIO_loginusuario'

2023-03-09 14:12:44 - [TEST_STEP][PASSED] - setEncryptedText(findTestObject("3-OBJECTS UTILIDADES/Login/input_CLAVE_loginpassword"), "SlAwMcyRKqrwbnzhAs8HhT6NnI7sEyng"): Text ****** has been set on object 'Object Repository/3-OBJECTS UTILIDADES/Login/input_CLAVE_loginpassword'

2023-03-09 14:12:47 - [MESSAGE][PASSED] - Text ****** has been set on object 'Object Repository/3-OBJECTS UTILIDADES/Login/input_CLAVE_loginpassword'

2023-03-09 14:12:47 - [TEST_STEP][PASSED] - while (waitForElementClickable(findTestObject("3-OBJECTS UTILIDADES/Login/a_Ingresar"), 1)): Web element with id: 'Object Repository/3-OBJECTS UTILIDADES/Login/a_Ingresar' located by '//a[contains(text(),'Ingresar')]' not found

2023-03-09 14:12:49 - [MESSAGE][INFO] - Unable to find the element located by 'By.xpath: //a[contains(text(),'Ingresar')]'. Please recheck the objects properties to make sure the desired element is located. 

2023-03-09 14:12:49 - [MESSAGE][WARNING] - Web element with id: 'Object Repository/3-OBJECTS UTILIDADES/Login/a_Ingresar' located by '//a[contains(text(),'Ingresar')]' not found

2023-03-09 14:12:49 - [MESSAGE][PASSED] - Call Test Case 'Test Cases/0.1-Login' successfully

2023-03-09 14:12:49 - [TEST_STEP][PASSED] - setText(findTestObject("2-OBJECTS TAREAS SECUNDARIAS/Pruebas capacitacion/Comprobar Parametros/input_Empresa 1_form_templatej_idt24_input"), "Parametro Plan Sucesion (cap)"): Text 'Parametro Plan Sucesion (cap)' is set on object 'Object Repository/2-OBJECTS TAREAS SECUNDARIAS/Pruebas capacitacion/Comprobar Parametros/input_Empresa 1_form_templatej_idt24_input'

2023-03-09 14:12:50 - [MESSAGE][PASSED] - Text 'Parametro Plan Sucesion (cap)' is set on object 'Object Repository/2-OBJECTS TAREAS SECUNDARIAS/Pruebas capacitacion/Comprobar Parametros/input_Empresa 1_form_templatej_idt24_input'

2023-03-09 14:12:50 - [TEST_STEP][PASSED] - click(findTestObject("2-OBJECTS TAREAS SECUNDARIAS/Pruebas capacitacion/Comprobar Parametros/li_Parametros")): Object: 'Object Repository/2-OBJECTS TAREAS SECUNDARIAS/Pruebas capacitacion/Comprobar Parametros/li_Parametros' is clicked on

2023-03-09 14:12:52 - [MESSAGE][PASSED] - Object: 'Object Repository/2-OBJECTS TAREAS SECUNDARIAS/Pruebas capacitacion/Comprobar Parametros/li_Parametros' is clicked on

2023-03-09 14:12:52 - [TEST_STEP][PASSED] - planSucesion(): null

2023-03-09 14:12:52 - [TEST_STEP][PASSED] - waitForElementVisible(findTestObject("2-OBJECTS TAREAS SECUNDARIAS/Pruebas capacitacion/Comprobar Parametros/input_Parmetros_planilla_formfiltro"), 1): Web element with id: 'Object Repository/2-OBJECTS TAREAS SECUNDARIAS/Pruebas capacitacion/Comprobar Parametros/input_Parmetros_planilla_formfiltro' located by '
/html/body/div[1]/div[3]/div/table/tbody/tr[3]/td/table/tbody/tr/td/div/table/tbody/tr/td[2]/span/form/table/tbody/tr/td/table/tbody/tr[1]/td/table/tbody/tr/td[2]/input' not found

2023-03-09 14:12:54 - [MESSAGE][INFO] - Unable to find the element located by 'By.xpath: 
/html/body/div[1]/div[3]/div/table/tbody/tr[3]/td/table/tbody/tr/td/div/table/tbody/tr/td[2]/span/form/table/tbody/tr/td/table/tbody/tr[1]/td/table/tbody/tr/td[2]/input'. Please recheck the objects properties to make sure the desired element is located. 

2023-03-09 14:12:54 - [MESSAGE][WARNING] - Web element with id: 'Object Repository/2-OBJECTS TAREAS SECUNDARIAS/Pruebas capacitacion/Comprobar Parametros/input_Parmetros_planilla_formfiltro' located by '
/html/body/div[1]/div[3]/div/table/tbody/tr[3]/td/table/tbody/tr/td/div/table/tbody/tr/td[2]/span/form/table/tbody/tr/td/table/tbody/tr[1]/td/table/tbody/tr/td[2]/input' not found

2023-03-09 14:12:54 - [TEST_STEP][PASSED] - waitForElementVisible(findTestObject("2-OBJECTS TAREAS SECUNDARIAS/Pruebas capacitacion/Comprobar Parametros/input_Empresa 1_form_templatej_idt24_input"), 0): Object 'Object Repository/2-OBJECTS TAREAS SECUNDARIAS/Pruebas capacitacion/Comprobar Parametros/input_Empresa 1_form_templatej_idt24_input' is visible

2023-03-09 14:12:55 - [MESSAGE][WARNING] - Timeout '0' is invalid. Using default page load timeout: '37'

2023-03-09 14:12:55 - [MESSAGE][PASSED] - Object 'Object Repository/2-OBJECTS TAREAS SECUNDARIAS/Pruebas capacitacion/Comprobar Parametros/input_Empresa 1_form_templatej_idt24_input' is visible

2023-03-09 14:12:55 - [TEST_STEP][PASSED] - setText(findTestObject("2-OBJECTS TAREAS SECUNDARIAS/Pruebas capacitacion/Comprobar Parametros/input_Empresa 1_form_templatej_idt24_input"), "Parametros Bienestar (bie)"): Text 'Parametros Bienestar (bie)' is set on object 'Object Repository/2-OBJECTS TAREAS SECUNDARIAS/Pruebas capacitacion/Comprobar Parametros/input_Empresa 1_form_templatej_idt24_input'

2023-03-09 14:12:56 - [MESSAGE][PASSED] - Text 'Parametros Bienestar (bie)' is set on object 'Object Repository/2-OBJECTS TAREAS SECUNDARIAS/Pruebas capacitacion/Comprobar Parametros/input_Empresa 1_form_templatej_idt24_input'

2023-03-09 14:12:56 - [TEST_STEP][PASSED] - click(findTestObject("2-OBJECTS TAREAS SECUNDARIAS/Pruebas capacitacion/Comprobar Parametros/li_Parametros")): Object: 'Object Repository/2-OBJECTS TAREAS SECUNDARIAS/Pruebas capacitacion/Comprobar Parametros/li_Parametros' is clicked on

2023-03-09 14:12:57 - [MESSAGE][PASSED] - Object: 'Object Repository/2-OBJECTS TAREAS SECUNDARIAS/Pruebas capacitacion/Comprobar Parametros/li_Parametros' is clicked on

2023-03-09 14:12:57 - [TEST_STEP][PASSED] - parBienestar(): null

2023-03-09 14:12:57 - [TEST_STEP][PASSED] - click(findTestObject("2-OBJECTS TAREAS SECUNDARIAS/Pruebas capacitacion/Comprobar Parametros/a_Eje Bienestar"), STOP_ON_FAILURE): Object: 'Object Repository/2-OBJECTS TAREAS SECUNDARIAS/Pruebas capacitacion/Comprobar Parametros/a_Eje Bienestar' is clicked on

2023-03-09 14:13:00 - [MESSAGE][PASSED] - Object: 'Object Repository/2-OBJECTS TAREAS SECUNDARIAS/Pruebas capacitacion/Comprobar Parametros/a_Eje Bienestar' is clicked on

2023-03-09 14:13:00 - [TEST_STEP][PASSED] - waitForElementVisible(findTestObject("2-OBJECTS TAREAS SECUNDARIAS/Pruebas capacitacion/Comprobar Parametros/a_Nuevo"), 0): Object 'Object Repository/2-OBJECTS TAREAS SECUNDARIAS/Pruebas capacitacion/Comprobar Parametros/a_Nuevo' is visible

2023-03-09 14:13:00 - [MESSAGE][WARNING] - Timeout '0' is invalid. Using default page load timeout: '37'

2023-03-09 14:13:01 - [MESSAGE][PASSED] - Object 'Object Repository/2-OBJECTS TAREAS SECUNDARIAS/Pruebas capacitacion/Comprobar Parametros/a_Nuevo' is visible

2023-03-09 14:13:01 - [TEST_STEP][PASSED] - click(findTestObject("2-OBJECTS TAREAS SECUNDARIAS/Pruebas capacitacion/Comprobar Parametros/a_Disciplina"), STOP_ON_FAILURE): Object: 'Object Repository/2-OBJECTS TAREAS SECUNDARIAS/Pruebas capacitacion/Comprobar Parametros/a_Disciplina' is clicked on

2023-03-09 14:13:01 - [MESSAGE][PASSED] - Object: 'Object Repository/2-OBJECTS TAREAS SECUNDARIAS/Pruebas capacitacion/Comprobar Parametros/a_Disciplina' is clicked on

2023-03-09 14:13:01 - [TEST_STEP][PASSED] - waitForElementVisible(findTestObject("2-OBJECTS TAREAS SECUNDARIAS/Pruebas capacitacion/Comprobar Parametros/a_Nuevo"), 0): Object 'Object Repository/2-OBJECTS TAREAS SECUNDARIAS/Pruebas capacitacion/Comprobar Parametros/a_Nuevo' is visible

2023-03-09 14:13:01 - [MESSAGE][WARNING] - Timeout '0' is invalid. Using default page load timeout: '37'

2023-03-09 14:13:02 - [MESSAGE][PASSED] - Object 'Object Repository/2-OBJECTS TAREAS SECUNDARIAS/Pruebas capacitacion/Comprobar Parametros/a_Nuevo' is visible

2023-03-09 14:13:02 - [TEST_STEP][PASSED] - click(findTestObject("2-OBJECTS TAREAS SECUNDARIAS/Pruebas capacitacion/Comprobar Parametros/a_Nivel"), STOP_ON_FAILURE): Object: 'Object Repository/2-OBJECTS TAREAS SECUNDARIAS/Pruebas capacitacion/Comprobar Parametros/a_Nivel' is clicked on

2023-03-09 14:13:02 - [MESSAGE][PASSED] - Object: 'Object Repository/2-OBJECTS TAREAS SECUNDARIAS/Pruebas capacitacion/Comprobar Parametros/a_Nivel' is clicked on

2023-03-09 14:13:02 - [TEST_STEP][PASSED] - waitForElementVisible(findTestObject("2-OBJECTS TAREAS SECUNDARIAS/Pruebas capacitacion/Comprobar Parametros/a_Nuevo"), 0): Object 'Object Repository/2-OBJECTS TAREAS SECUNDARIAS/Pruebas capacitacion/Comprobar Parametros/a_Nuevo' is visible

2023-03-09 14:13:02 - [MESSAGE][WARNING] - Timeout '0' is invalid. Using default page load timeout: '37'

2023-03-09 14:13:03 - [MESSAGE][PASSED] - Object 'Object Repository/2-OBJECTS TAREAS SECUNDARIAS/Pruebas capacitacion/Comprobar Parametros/a_Nuevo' is visible

2023-03-09 14:13:03 - [TEST_STEP][PASSED] - click(findTestObject("2-OBJECTS TAREAS SECUNDARIAS/Pruebas capacitacion/Comprobar Parametros/a_Tipo  Evento"), STOP_ON_FAILURE): Object: 'Object Repository/2-OBJECTS TAREAS SECUNDARIAS/Pruebas capacitacion/Comprobar Parametros/a_Tipo  Evento' is clicked on

2023-03-09 14:13:03 - [MESSAGE][PASSED] - Object: 'Object Repository/2-OBJECTS TAREAS SECUNDARIAS/Pruebas capacitacion/Comprobar Parametros/a_Tipo  Evento' is clicked on

2023-03-09 14:13:03 - [TEST_STEP][PASSED] - waitForElementVisible(findTestObject("2-OBJECTS TAREAS SECUNDARIAS/Pruebas capacitacion/Comprobar Parametros/a_Nuevo"), 0): Object 'Object Repository/2-OBJECTS TAREAS SECUNDARIAS/Pruebas capacitacion/Comprobar Parametros/a_Nuevo' is visible

2023-03-09 14:13:03 - [MESSAGE][WARNING] - Timeout '0' is invalid. Using default page load timeout: '37'

2023-03-09 14:13:04 - [MESSAGE][PASSED] - Object 'Object Repository/2-OBJECTS TAREAS SECUNDARIAS/Pruebas capacitacion/Comprobar Parametros/a_Nuevo' is visible

2023-03-09 14:13:04 - [TEST_STEP][PASSED] - click(findTestObject("2-OBJECTS TAREAS SECUNDARIAS/Pruebas capacitacion/Comprobar Parametros/a_Resumen Evaluacin (1)"), STOP_ON_FAILURE): Object: 'Object Repository/2-OBJECTS TAREAS SECUNDARIAS/Pruebas capacitacion/Comprobar Parametros/a_Resumen Evaluacin (1)' is clicked on

2023-03-09 14:13:04 - [MESSAGE][PASSED] - Object: 'Object Repository/2-OBJECTS TAREAS SECUNDARIAS/Pruebas capacitacion/Comprobar Parametros/a_Resumen Evaluacin (1)' is clicked on

2023-03-09 14:13:04 - [TEST_STEP][PASSED] - waitForElementNotVisible(findTestObject("2-OBJECTS TAREAS SECUNDARIAS/Pruebas capacitacion/Comprobar Parametros/a_Nuevo"), 1): Object 'Object Repository/2-OBJECTS TAREAS SECUNDARIAS/Pruebas capacitacion/Comprobar Parametros/a_Nuevo' is visible after 1 second(s)

2023-03-09 14:13:06 - [MESSAGE][WARNING] - Object 'Object Repository/2-OBJECTS TAREAS SECUNDARIAS/Pruebas capacitacion/Comprobar Parametros/a_Nuevo' is visible after 1 second(s)

2023-03-09 14:13:06 - [TEST_STEP][PASSED] - click(findTestObject("2-OBJECTS TAREAS SECUNDARIAS/Pruebas capacitacion/Comprobar Parametros/a_Evaluacin"), STOP_ON_FAILURE): Object: 'Object Repository/2-OBJECTS TAREAS SECUNDARIAS/Pruebas capacitacion/Comprobar Parametros/a_Evaluacin' is clicked on

2023-03-09 14:13:06 - [MESSAGE][PASSED] - Object: 'Object Repository/2-OBJECTS TAREAS SECUNDARIAS/Pruebas capacitacion/Comprobar Parametros/a_Evaluacin' is clicked on

2023-03-09 14:13:06 - [TEST_STEP][PASSED] - waitForElementVisible(findTestObject("2-OBJECTS TAREAS SECUNDARIAS/Pruebas capacitacion/Comprobar Parametros/a_Nuevo"), 0): Object 'Object Repository/2-OBJECTS TAREAS SECUNDARIAS/Pruebas capacitacion/Comprobar Parametros/a_Nuevo' is visible

2023-03-09 14:13:06 - [MESSAGE][WARNING] - Timeout '0' is invalid. Using default page load timeout: '37'

2023-03-09 14:13:07 - [MESSAGE][PASSED] - Object 'Object Repository/2-OBJECTS TAREAS SECUNDARIAS/Pruebas capacitacion/Comprobar Parametros/a_Nuevo' is visible

2023-03-09 14:13:07 - [TEST_STEP][PASSED] - click(findTestObject("2-OBJECTS TAREAS SECUNDARIAS/Pruebas capacitacion/Comprobar Parametros/a_Entidad Bienestar"), STOP_ON_FAILURE): Object: 'Object Repository/2-OBJECTS TAREAS SECUNDARIAS/Pruebas capacitacion/Comprobar Parametros/a_Entidad Bienestar' is clicked on

2023-03-09 14:13:07 - [MESSAGE][PASSED] - Object: 'Object Repository/2-OBJECTS TAREAS SECUNDARIAS/Pruebas capacitacion/Comprobar Parametros/a_Entidad Bienestar' is clicked on

2023-03-09 14:13:07 - [TEST_STEP][PASSED] - waitForElementVisible(findTestObject("2-OBJECTS TAREAS SECUNDARIAS/Pruebas capacitacion/Comprobar Parametros/a_Nuevo"), 0): Object 'Object Repository/2-OBJECTS TAREAS SECUNDARIAS/Pruebas capacitacion/Comprobar Parametros/a_Nuevo' is visible

2023-03-09 14:13:07 - [MESSAGE][WARNING] - Timeout '0' is invalid. Using default page load timeout: '37'

2023-03-09 14:13:08 - [MESSAGE][PASSED] - Object 'Object Repository/2-OBJECTS TAREAS SECUNDARIAS/Pruebas capacitacion/Comprobar Parametros/a_Nuevo' is visible

2023-03-09 14:13:08 - [TEST_STEP][PASSED] - click(findTestObject("2-OBJECTS TAREAS SECUNDARIAS/Pruebas capacitacion/Comprobar Parametros/a_Instructor Bienestar"), STOP_ON_FAILURE): Object: 'Object Repository/2-OBJECTS TAREAS SECUNDARIAS/Pruebas capacitacion/Comprobar Parametros/a_Instructor Bienestar' is clicked on

2023-03-09 14:13:08 - [MESSAGE][PASSED] - Object: 'Object Repository/2-OBJECTS TAREAS SECUNDARIAS/Pruebas capacitacion/Comprobar Parametros/a_Instructor Bienestar' is clicked on

2023-03-09 14:13:08 - [TEST_STEP][PASSED] - waitForElementVisible(findTestObject("2-OBJECTS TAREAS SECUNDARIAS/Pruebas capacitacion/Comprobar Parametros/a_Nuevo"), 0): Object 'Object Repository/2-OBJECTS TAREAS SECUNDARIAS/Pruebas capacitacion/Comprobar Parametros/a_Nuevo' is visible

2023-03-09 14:13:08 - [MESSAGE][WARNING] - Timeout '0' is invalid. Using default page load timeout: '37'

2023-03-09 14:13:09 - [MESSAGE][PASSED] - Object 'Object Repository/2-OBJECTS TAREAS SECUNDARIAS/Pruebas capacitacion/Comprobar Parametros/a_Nuevo' is visible

2023-03-09 14:13:09 - [TEST_STEP][PASSED] - click(findTestObject("2-OBJECTS TAREAS SECUNDARIAS/Pruebas capacitacion/Comprobar Parametros/a_Tipo Costo"), STOP_ON_FAILURE): Object: 'Object Repository/2-OBJECTS TAREAS SECUNDARIAS/Pruebas capacitacion/Comprobar Parametros/a_Tipo Costo' is clicked on

2023-03-09 14:13:09 - [MESSAGE][PASSED] - Object: 'Object Repository/2-OBJECTS TAREAS SECUNDARIAS/Pruebas capacitacion/Comprobar Parametros/a_Tipo Costo' is clicked on

2023-03-09 14:13:09 - [TEST_STEP][PASSED] - waitForElementVisible(findTestObject("2-OBJECTS TAREAS SECUNDARIAS/Pruebas capacitacion/Comprobar Parametros/a_Nuevo"), 0): Object 'Object Repository/2-OBJECTS TAREAS SECUNDARIAS/Pruebas capacitacion/Comprobar Parametros/a_Nuevo' is visible

2023-03-09 14:13:09 - [MESSAGE][WARNING] - Timeout '0' is invalid. Using default page load timeout: '37'

2023-03-09 14:13:10 - [MESSAGE][PASSED] - Object 'Object Repository/2-OBJECTS TAREAS SECUNDARIAS/Pruebas capacitacion/Comprobar Parametros/a_Nuevo' is visible

2023-03-09 14:13:10 - [TEST_STEP][PASSED] - click(findTestObject("2-OBJECTS TAREAS SECUNDARIAS/Pruebas capacitacion/Comprobar Parametros/a_Salones o Escenarios"), STOP_ON_FAILURE): Object: 'Object Repository/2-OBJECTS TAREAS SECUNDARIAS/Pruebas capacitacion/Comprobar Parametros/a_Salones o Escenarios' is clicked on

2023-03-09 14:13:10 - [MESSAGE][PASSED] - Object: 'Object Repository/2-OBJECTS TAREAS SECUNDARIAS/Pruebas capacitacion/Comprobar Parametros/a_Salones o Escenarios' is clicked on

2023-03-09 14:13:10 - [TEST_STEP][PASSED] - waitForElementVisible(findTestObject("2-OBJECTS TAREAS SECUNDARIAS/Pruebas capacitacion/Comprobar Parametros/a_Nuevo"), 0): Object 'Object Repository/2-OBJECTS TAREAS SECUNDARIAS/Pruebas capacitacion/Comprobar Parametros/a_Nuevo' is visible

2023-03-09 14:13:10 - [MESSAGE][WARNING] - Timeout '0' is invalid. Using default page load timeout: '37'

2023-03-09 14:13:11 - [MESSAGE][PASSED] - Object 'Object Repository/2-OBJECTS TAREAS SECUNDARIAS/Pruebas capacitacion/Comprobar Parametros/a_Nuevo' is visible

2023-03-09 14:13:11 - [TEST_STEP][PASSED] - click(findTestObject("2-OBJECTS TAREAS SECUNDARIAS/Pruebas capacitacion/Comprobar Parametros/a_Tipo Beneficio"), STOP_ON_FAILURE): Object: 'Object Repository/2-OBJECTS TAREAS SECUNDARIAS/Pruebas capacitacion/Comprobar Parametros/a_Tipo Beneficio' is clicked on

2023-03-09 14:13:12 - [MESSAGE][PASSED] - Object: 'Object Repository/2-OBJECTS TAREAS SECUNDARIAS/Pruebas capacitacion/Comprobar Parametros/a_Tipo Beneficio' is clicked on

2023-03-09 14:13:12 - [TEST_STEP][PASSED] - waitForElementVisible(findTestObject("2-OBJECTS TAREAS SECUNDARIAS/Pruebas capacitacion/Comprobar Parametros/a_Nuevo"), 0): Object 'Object Repository/2-OBJECTS TAREAS SECUNDARIAS/Pruebas capacitacion/Comprobar Parametros/a_Nuevo' is visible

2023-03-09 14:13:12 - [MESSAGE][WARNING] - Timeout '0' is invalid. Using default page load timeout: '37'

2023-03-09 14:13:12 - [MESSAGE][PASSED] - Object 'Object Repository/2-OBJECTS TAREAS SECUNDARIAS/Pruebas capacitacion/Comprobar Parametros/a_Nuevo' is visible

2023-03-09 14:13:12 - [TEST_STEP][PASSED] - click(findTestObject("2-OBJECTS TAREAS SECUNDARIAS/Pruebas capacitacion/Comprobar Parametros/a_Medio Audiovisual"), STOP_ON_FAILURE): Object: 'Object Repository/2-OBJECTS TAREAS SECUNDARIAS/Pruebas capacitacion/Comprobar Parametros/a_Medio Audiovisual' is clicked on

2023-03-09 14:13:13 - [MESSAGE][PASSED] - Object: 'Object Repository/2-OBJECTS TAREAS SECUNDARIAS/Pruebas capacitacion/Comprobar Parametros/a_Medio Audiovisual' is clicked on

2023-03-09 14:13:13 - [TEST_STEP][PASSED] - waitForElementVisible(findTestObject("2-OBJECTS TAREAS SECUNDARIAS/Pruebas capacitacion/Comprobar Parametros/a_Nuevo"), 0): Object 'Object Repository/2-OBJECTS TAREAS SECUNDARIAS/Pruebas capacitacion/Comprobar Parametros/a_Nuevo' is visible

2023-03-09 14:13:13 - [MESSAGE][WARNING] - Timeout '0' is invalid. Using default page load timeout: '37'

2023-03-09 14:13:13 - [MESSAGE][PASSED] - Object 'Object Repository/2-OBJECTS TAREAS SECUNDARIAS/Pruebas capacitacion/Comprobar Parametros/a_Nuevo' is visible

2023-03-09 14:13:13 - [TEST_STEP][PASSED] - click(findTestObject("2-OBJECTS TAREAS SECUNDARIAS/Pruebas capacitacion/Comprobar Parametros/a_Tipo  De Calificacin (1)"), STOP_ON_FAILURE): Object: 'Object Repository/2-OBJECTS TAREAS SECUNDARIAS/Pruebas capacitacion/Comprobar Parametros/a_Tipo  De Calificacin (1)' is clicked on

2023-03-09 14:13:14 - [MESSAGE][PASSED] - Object: 'Object Repository/2-OBJECTS TAREAS SECUNDARIAS/Pruebas capacitacion/Comprobar Parametros/a_Tipo  De Calificacin (1)' is clicked on

2023-03-09 14:13:14 - [TEST_STEP][PASSED] - waitForElementVisible(findTestObject("2-OBJECTS TAREAS SECUNDARIAS/Pruebas capacitacion/Comprobar Parametros/a_Nuevo"), 0): Object 'Object Repository/2-OBJECTS TAREAS SECUNDARIAS/Pruebas capacitacion/Comprobar Parametros/a_Nuevo' is visible

2023-03-09 14:13:14 - [MESSAGE][WARNING] - Timeout '0' is invalid. Using default page load timeout: '37'

2023-03-09 14:13:14 - [MESSAGE][PASSED] - Object 'Object Repository/2-OBJECTS TAREAS SECUNDARIAS/Pruebas capacitacion/Comprobar Parametros/a_Nuevo' is visible

2023-03-09 14:13:14 - [TEST_STEP][PASSED] - setText(findTestObject("2-OBJECTS TAREAS SECUNDARIAS/Pruebas capacitacion/Comprobar Parametros/input_Empresa 1_form_templatej_idt24_input"), "Parametros Capacitacion (cap)"): Text 'Parametros Capacitacion (cap)' is set on object 'Object Repository/2-OBJECTS TAREAS SECUNDARIAS/Pruebas capacitacion/Comprobar Parametros/input_Empresa 1_form_templatej_idt24_input'

2023-03-09 14:13:15 - [MESSAGE][PASSED] - Text 'Parametros Capacitacion (cap)' is set on object 'Object Repository/2-OBJECTS TAREAS SECUNDARIAS/Pruebas capacitacion/Comprobar Parametros/input_Empresa 1_form_templatej_idt24_input'

2023-03-09 14:13:15 - [TEST_STEP][PASSED] - click(findTestObject("2-OBJECTS TAREAS SECUNDARIAS/Pruebas capacitacion/Comprobar Parametros/li_Parametros")): Object: 'Object Repository/2-OBJECTS TAREAS SECUNDARIAS/Pruebas capacitacion/Comprobar Parametros/li_Parametros' is clicked on

2023-03-09 14:13:16 - [MESSAGE][PASSED] - Object: 'Object Repository/2-OBJECTS TAREAS SECUNDARIAS/Pruebas capacitacion/Comprobar Parametros/li_Parametros' is clicked on

2023-03-09 14:13:16 - [TEST_STEP][PASSED] - parCapacitacion(): null

2023-03-09 14:13:16 - [TEST_STEP][PASSED] - click(findTestObject("2-OBJECTS TAREAS SECUNDARIAS/Pruebas capacitacion/Comprobar Parametros/a_Modalidad")): Object: 'Object Repository/2-OBJECTS TAREAS SECUNDARIAS/Pruebas capacitacion/Comprobar Parametros/a_Modalidad' is clicked on

2023-03-09 14:13:19 - [MESSAGE][PASSED] - Object: 'Object Repository/2-OBJECTS TAREAS SECUNDARIAS/Pruebas capacitacion/Comprobar Parametros/a_Modalidad' is clicked on

2023-03-09 14:13:19 - [TEST_STEP][PASSED] - waitForElementVisible(findTestObject("2-OBJECTS TAREAS SECUNDARIAS/Pruebas capacitacion/Comprobar Parametros/a_Nuevo"), 0): Object 'Object Repository/2-OBJECTS TAREAS SECUNDARIAS/Pruebas capacitacion/Comprobar Parametros/a_Nuevo' is visible

2023-03-09 14:13:19 - [MESSAGE][WARNING] - Timeout '0' is invalid. Using default page load timeout: '37'

2023-03-09 14:13:20 - [MESSAGE][PASSED] - Object 'Object Repository/2-OBJECTS TAREAS SECUNDARIAS/Pruebas capacitacion/Comprobar Parametros/a_Nuevo' is visible

2023-03-09 14:13:20 - [TEST_STEP][PASSED] - click(findTestObject("2-OBJECTS TAREAS SECUNDARIAS/Pruebas capacitacion/Comprobar Parametros/a_Proveedor")): Object: 'Object Repository/2-OBJECTS TAREAS SECUNDARIAS/Pruebas capacitacion/Comprobar Parametros/a_Proveedor' is clicked on

2023-03-09 14:13:20 - [MESSAGE][PASSED] - Object: 'Object Repository/2-OBJECTS TAREAS SECUNDARIAS/Pruebas capacitacion/Comprobar Parametros/a_Proveedor' is clicked on

2023-03-09 14:13:20 - [TEST_STEP][PASSED] - waitForElementVisible(findTestObject("2-OBJECTS TAREAS SECUNDARIAS/Pruebas capacitacion/Comprobar Parametros/a_Nuevo"), 0): Object 'Object Repository/2-OBJECTS TAREAS SECUNDARIAS/Pruebas capacitacion/Comprobar Parametros/a_Nuevo' is visible

2023-03-09 14:13:20 - [MESSAGE][WARNING] - Timeout '0' is invalid. Using default page load timeout: '37'

2023-03-09 14:13:21 - [MESSAGE][PASSED] - Object 'Object Repository/2-OBJECTS TAREAS SECUNDARIAS/Pruebas capacitacion/Comprobar Parametros/a_Nuevo' is visible

2023-03-09 14:13:21 - [TEST_STEP][PASSED] - click(findTestObject("2-OBJECTS TAREAS SECUNDARIAS/Pruebas capacitacion/Comprobar Parametros/a_Tipo Evento")): Object: 'Object Repository/2-OBJECTS TAREAS SECUNDARIAS/Pruebas capacitacion/Comprobar Parametros/a_Tipo Evento' is clicked on

2023-03-09 14:13:21 - [MESSAGE][PASSED] - Object: 'Object Repository/2-OBJECTS TAREAS SECUNDARIAS/Pruebas capacitacion/Comprobar Parametros/a_Tipo Evento' is clicked on

2023-03-09 14:13:21 - [TEST_STEP][PASSED] - waitForElementVisible(findTestObject("2-OBJECTS TAREAS SECUNDARIAS/Pruebas capacitacion/Comprobar Parametros/a_Nuevo"), 0): Object 'Object Repository/2-OBJECTS TAREAS SECUNDARIAS/Pruebas capacitacion/Comprobar Parametros/a_Nuevo' is visible

2023-03-09 14:13:21 - [MESSAGE][WARNING] - Timeout '0' is invalid. Using default page load timeout: '37'

2023-03-09 14:13:22 - [MESSAGE][PASSED] - Object 'Object Repository/2-OBJECTS TAREAS SECUNDARIAS/Pruebas capacitacion/Comprobar Parametros/a_Nuevo' is visible

2023-03-09 14:13:22 - [TEST_STEP][PASSED] - click(findTestObject("2-OBJECTS TAREAS SECUNDARIAS/Pruebas capacitacion/Comprobar Parametros/a_Origen Evento")): Object: 'Object Repository/2-OBJECTS TAREAS SECUNDARIAS/Pruebas capacitacion/Comprobar Parametros/a_Origen Evento' is clicked on

2023-03-09 14:13:22 - [MESSAGE][PASSED] - Object: 'Object Repository/2-OBJECTS TAREAS SECUNDARIAS/Pruebas capacitacion/Comprobar Parametros/a_Origen Evento' is clicked on

2023-03-09 14:13:22 - [TEST_STEP][PASSED] - waitForElementVisible(findTestObject("2-OBJECTS TAREAS SECUNDARIAS/Pruebas capacitacion/Comprobar Parametros/a_Nuevo"), 0): Object 'Object Repository/2-OBJECTS TAREAS SECUNDARIAS/Pruebas capacitacion/Comprobar Parametros/a_Nuevo' is visible

2023-03-09 14:13:22 - [MESSAGE][WARNING] - Timeout '0' is invalid. Using default page load timeout: '37'

2023-03-09 14:13:23 - [MESSAGE][PASSED] - Object 'Object Repository/2-OBJECTS TAREAS SECUNDARIAS/Pruebas capacitacion/Comprobar Parametros/a_Nuevo' is visible

2023-03-09 14:13:23 - [TEST_STEP][PASSED] - click(findTestObject("2-OBJECTS TAREAS SECUNDARIAS/Pruebas capacitacion/Comprobar Parametros/a_Tipo  De Calificacin")): Object: 'Object Repository/2-OBJECTS TAREAS SECUNDARIAS/Pruebas capacitacion/Comprobar Parametros/a_Tipo  De Calificacin' is clicked on

2023-03-09 14:13:23 - [MESSAGE][PASSED] - Object: 'Object Repository/2-OBJECTS TAREAS SECUNDARIAS/Pruebas capacitacion/Comprobar Parametros/a_Tipo  De Calificacin' is clicked on

2023-03-09 14:13:23 - [TEST_STEP][PASSED] - waitForElementVisible(findTestObject("2-OBJECTS TAREAS SECUNDARIAS/Pruebas capacitacion/Comprobar Parametros/a_Nuevo"), 0): Object 'Object Repository/2-OBJECTS TAREAS SECUNDARIAS/Pruebas capacitacion/Comprobar Parametros/a_Nuevo' is visible

2023-03-09 14:13:23 - [MESSAGE][WARNING] - Timeout '0' is invalid. Using default page load timeout: '37'

2023-03-09 14:13:24 - [MESSAGE][PASSED] - Object 'Object Repository/2-OBJECTS TAREAS SECUNDARIAS/Pruebas capacitacion/Comprobar Parametros/a_Nuevo' is visible

2023-03-09 14:13:24 - [TEST_STEP][PASSED] - click(findTestObject("2-OBJECTS TAREAS SECUNDARIAS/Pruebas capacitacion/Comprobar Parametros/a_Resumen Evaluacin")): Object: 'Object Repository/2-OBJECTS TAREAS SECUNDARIAS/Pruebas capacitacion/Comprobar Parametros/a_Resumen Evaluacin' is clicked on

2023-03-09 14:13:24 - [MESSAGE][PASSED] - Object: 'Object Repository/2-OBJECTS TAREAS SECUNDARIAS/Pruebas capacitacion/Comprobar Parametros/a_Resumen Evaluacin' is clicked on

2023-03-09 14:13:24 - [TEST_STEP][PASSED] - waitForElementVisible(findTestObject("2-OBJECTS TAREAS SECUNDARIAS/Pruebas capacitacion/Comprobar Parametros/a_Nuevo"), 0): Object 'Object Repository/2-OBJECTS TAREAS SECUNDARIAS/Pruebas capacitacion/Comprobar Parametros/a_Nuevo' is visible

2023-03-09 14:13:24 - [MESSAGE][WARNING] - Timeout '0' is invalid. Using default page load timeout: '37'

2023-03-09 14:13:25 - [MESSAGE][PASSED] - Object 'Object Repository/2-OBJECTS TAREAS SECUNDARIAS/Pruebas capacitacion/Comprobar Parametros/a_Nuevo' is visible

2023-03-09 14:13:25 - [TEST_STEP][PASSED] - click(findTestObject("2-OBJECTS TAREAS SECUNDARIAS/Pruebas capacitacion/Comprobar Parametros/a_Evaluaciones")): Object: 'Object Repository/2-OBJECTS TAREAS SECUNDARIAS/Pruebas capacitacion/Comprobar Parametros/a_Evaluaciones' is clicked on

2023-03-09 14:13:25 - [MESSAGE][PASSED] - Object: 'Object Repository/2-OBJECTS TAREAS SECUNDARIAS/Pruebas capacitacion/Comprobar Parametros/a_Evaluaciones' is clicked on

2023-03-09 14:13:25 - [TEST_STEP][PASSED] - waitForElementVisible(findTestObject("2-OBJECTS TAREAS SECUNDARIAS/Pruebas capacitacion/Comprobar Parametros/a_Nuevo"), 0): Object 'Object Repository/2-OBJECTS TAREAS SECUNDARIAS/Pruebas capacitacion/Comprobar Parametros/a_Nuevo' is visible

2023-03-09 14:13:25 - [MESSAGE][WARNING] - Timeout '0' is invalid. Using default page load timeout: '37'

2023-03-09 14:13:26 - [MESSAGE][PASSED] - Object 'Object Repository/2-OBJECTS TAREAS SECUNDARIAS/Pruebas capacitacion/Comprobar Parametros/a_Nuevo' is visible

2023-03-09 14:13:26 - [TEST_STEP][PASSED] - click(findTestObject("2-OBJECTS TAREAS SECUNDARIAS/Pruebas capacitacion/Comprobar Parametros/a_Tipo  Costo")): Object: 'Object Repository/2-OBJECTS TAREAS SECUNDARIAS/Pruebas capacitacion/Comprobar Parametros/a_Tipo  Costo' is clicked on

2023-03-09 14:13:26 - [MESSAGE][PASSED] - Object: 'Object Repository/2-OBJECTS TAREAS SECUNDARIAS/Pruebas capacitacion/Comprobar Parametros/a_Tipo  Costo' is clicked on

2023-03-09 14:13:26 - [TEST_STEP][PASSED] - waitForElementVisible(findTestObject("2-OBJECTS TAREAS SECUNDARIAS/Pruebas capacitacion/Comprobar Parametros/a_Nuevo"), 0): Object 'Object Repository/2-OBJECTS TAREAS SECUNDARIAS/Pruebas capacitacion/Comprobar Parametros/a_Nuevo' is visible

2023-03-09 14:13:26 - [MESSAGE][WARNING] - Timeout '0' is invalid. Using default page load timeout: '37'

2023-03-09 14:13:27 - [MESSAGE][PASSED] - Object 'Object Repository/2-OBJECTS TAREAS SECUNDARIAS/Pruebas capacitacion/Comprobar Parametros/a_Nuevo' is visible

2023-03-09 14:13:27 - [TEST_STEP][PASSED] - click(findTestObject("2-OBJECTS TAREAS SECUNDARIAS/Pruebas capacitacion/Comprobar Parametros/a_Medios Audiovisual")): Object: 'Object Repository/2-OBJECTS TAREAS SECUNDARIAS/Pruebas capacitacion/Comprobar Parametros/a_Medios Audiovisual' is clicked on

2023-03-09 14:13:27 - [MESSAGE][PASSED] - Object: 'Object Repository/2-OBJECTS TAREAS SECUNDARIAS/Pruebas capacitacion/Comprobar Parametros/a_Medios Audiovisual' is clicked on

2023-03-09 14:13:27 - [TEST_STEP][PASSED] - waitForElementVisible(findTestObject("2-OBJECTS TAREAS SECUNDARIAS/Pruebas capacitacion/Comprobar Parametros/a_Nuevo"), 0): Object 'Object Repository/2-OBJECTS TAREAS SECUNDARIAS/Pruebas capacitacion/Comprobar Parametros/a_Nuevo' is visible

2023-03-09 14:13:27 - [MESSAGE][WARNING] - Timeout '0' is invalid. Using default page load timeout: '37'

2023-03-09 14:13:28 - [MESSAGE][PASSED] - Object 'Object Repository/2-OBJECTS TAREAS SECUNDARIAS/Pruebas capacitacion/Comprobar Parametros/a_Nuevo' is visible

2023-03-09 14:13:28 - [TEST_STEP][PASSED] - click(findTestObject("2-OBJECTS TAREAS SECUNDARIAS/Pruebas capacitacion/Comprobar Parametros/a_Salones")): Object: 'Object Repository/2-OBJECTS TAREAS SECUNDARIAS/Pruebas capacitacion/Comprobar Parametros/a_Salones' is clicked on

2023-03-09 14:13:28 - [MESSAGE][PASSED] - Object: 'Object Repository/2-OBJECTS TAREAS SECUNDARIAS/Pruebas capacitacion/Comprobar Parametros/a_Salones' is clicked on

2023-03-09 14:13:28 - [TEST_STEP][PASSED] - waitForElementVisible(findTestObject("2-OBJECTS TAREAS SECUNDARIAS/Pruebas capacitacion/Comprobar Parametros/a_Nuevo"), 0): Object 'Object Repository/2-OBJECTS TAREAS SECUNDARIAS/Pruebas capacitacion/Comprobar Parametros/a_Nuevo' is visible

2023-03-09 14:13:28 - [MESSAGE][WARNING] - Timeout '0' is invalid. Using default page load timeout: '37'

2023-03-09 14:13:29 - [MESSAGE][PASSED] - Object 'Object Repository/2-OBJECTS TAREAS SECUNDARIAS/Pruebas capacitacion/Comprobar Parametros/a_Nuevo' is visible

2023-03-09 14:13:29 - [TEST_STEP][PASSED] - click(findTestObject("2-OBJECTS TAREAS SECUNDARIAS/Pruebas capacitacion/Comprobar Parametros/a_Tema")): Object: 'Object Repository/2-OBJECTS TAREAS SECUNDARIAS/Pruebas capacitacion/Comprobar Parametros/a_Tema' is clicked on

2023-03-09 14:13:29 - [MESSAGE][PASSED] - Object: 'Object Repository/2-OBJECTS TAREAS SECUNDARIAS/Pruebas capacitacion/Comprobar Parametros/a_Tema' is clicked on

2023-03-09 14:13:29 - [TEST_STEP][PASSED] - waitForElementVisible(findTestObject("2-OBJECTS TAREAS SECUNDARIAS/Pruebas capacitacion/Comprobar Parametros/a_Nuevo"), 0): Object 'Object Repository/2-OBJECTS TAREAS SECUNDARIAS/Pruebas capacitacion/Comprobar Parametros/a_Nuevo' is visible

2023-03-09 14:13:30 - [MESSAGE][WARNING] - Timeout '0' is invalid. Using default page load timeout: '37'

2023-03-09 14:13:30 - [MESSAGE][PASSED] - Object 'Object Repository/2-OBJECTS TAREAS SECUNDARIAS/Pruebas capacitacion/Comprobar Parametros/a_Nuevo' is visible

2023-03-09 14:13:30 - [TEST_STEP][PASSED] - click(findTestObject("2-OBJECTS TAREAS SECUNDARIAS/Pruebas capacitacion/Comprobar Parametros/a_Formulario Necesidad")): Object: 'Object Repository/2-OBJECTS TAREAS SECUNDARIAS/Pruebas capacitacion/Comprobar Parametros/a_Formulario Necesidad' is clicked on

2023-03-09 14:13:31 - [MESSAGE][PASSED] - Object: 'Object Repository/2-OBJECTS TAREAS SECUNDARIAS/Pruebas capacitacion/Comprobar Parametros/a_Formulario Necesidad' is clicked on

2023-03-09 14:13:31 - [TEST_STEP][PASSED] - waitForElementVisible(findTestObject("2-OBJECTS TAREAS SECUNDARIAS/Pruebas capacitacion/Comprobar Parametros/a_Nuevo"), 0): Object 'Object Repository/2-OBJECTS TAREAS SECUNDARIAS/Pruebas capacitacion/Comprobar Parametros/a_Nuevo' is visible

2023-03-09 14:13:31 - [MESSAGE][WARNING] - Timeout '0' is invalid. Using default page load timeout: '37'

2023-03-09 14:13:31 - [MESSAGE][PASSED] - Object 'Object Repository/2-OBJECTS TAREAS SECUNDARIAS/Pruebas capacitacion/Comprobar Parametros/a_Nuevo' is visible

2023-03-09 14:13:31 - [TEST_STEP][PASSED] - click(findTestObject("2-OBJECTS TAREAS SECUNDARIAS/Pruebas capacitacion/Comprobar Parametros/a_Fuente necesidad")): Object: 'Object Repository/2-OBJECTS TAREAS SECUNDARIAS/Pruebas capacitacion/Comprobar Parametros/a_Fuente necesidad' is clicked on

2023-03-09 14:13:32 - [MESSAGE][PASSED] - Object: 'Object Repository/2-OBJECTS TAREAS SECUNDARIAS/Pruebas capacitacion/Comprobar Parametros/a_Fuente necesidad' is clicked on

2023-03-09 14:13:32 - [TEST_STEP][PASSED] - waitForElementVisible(findTestObject("2-OBJECTS TAREAS SECUNDARIAS/Pruebas capacitacion/Comprobar Parametros/a_Nuevo"), 0): Object 'Object Repository/2-OBJECTS TAREAS SECUNDARIAS/Pruebas capacitacion/Comprobar Parametros/a_Nuevo' is visible

2023-03-09 14:13:32 - [MESSAGE][WARNING] - Timeout '0' is invalid. Using default page load timeout: '37'

2023-03-09 14:13:32 - [MESSAGE][PASSED] - Object 'Object Repository/2-OBJECTS TAREAS SECUNDARIAS/Pruebas capacitacion/Comprobar Parametros/a_Nuevo' is visible

2023-03-09 14:13:32 - [TEST_STEP][PASSED] - setText(findTestObject("2-OBJECTS TAREAS SECUNDARIAS/Pruebas capacitacion/Comprobar Parametros/input_Empresa 1_form_templatej_idt24_input"), "Parametros Compensacion (com)"): Text 'Parametros Compensacion (com)' is set on object 'Object Repository/2-OBJECTS TAREAS SECUNDARIAS/Pruebas capacitacion/Comprobar Parametros/input_Empresa 1_form_templatej_idt24_input'

2023-03-09 14:13:33 - [MESSAGE][PASSED] - Text 'Parametros Compensacion (com)' is set on object 'Object Repository/2-OBJECTS TAREAS SECUNDARIAS/Pruebas capacitacion/Comprobar Parametros/input_Empresa 1_form_templatej_idt24_input'

2023-03-09 14:13:33 - [TEST_STEP][PASSED] - click(findTestObject("2-OBJECTS TAREAS SECUNDARIAS/Pruebas capacitacion/Comprobar Parametros/li_Parametros")): Object: 'Object Repository/2-OBJECTS TAREAS SECUNDARIAS/Pruebas capacitacion/Comprobar Parametros/li_Parametros' is clicked on

2023-03-09 14:13:35 - [MESSAGE][PASSED] - Object: 'Object Repository/2-OBJECTS TAREAS SECUNDARIAS/Pruebas capacitacion/Comprobar Parametros/li_Parametros' is clicked on

2023-03-09 14:13:35 - [TEST_STEP][PASSED] - parCompensacion(): null

2023-03-09 14:13:35 - [TEST_STEP][PASSED] - click(findTestObject("2-OBJECTS TAREAS SECUNDARIAS/Pruebas capacitacion/Comprobar Parametros/a_Concepto"), STOP_ON_FAILURE): Object: 'Object Repository/2-OBJECTS TAREAS SECUNDARIAS/Pruebas capacitacion/Comprobar Parametros/a_Concepto' is clicked on

2023-03-09 14:13:38 - [MESSAGE][PASSED] - Object: 'Object Repository/2-OBJECTS TAREAS SECUNDARIAS/Pruebas capacitacion/Comprobar Parametros/a_Concepto' is clicked on

2023-03-09 14:13:38 - [TEST_STEP][PASSED] - waitForElementVisible(findTestObject("2-OBJECTS TAREAS SECUNDARIAS/Pruebas capacitacion/Comprobar Parametros/a_Nuevo"), 0): Object 'Object Repository/2-OBJECTS TAREAS SECUNDARIAS/Pruebas capacitacion/Comprobar Parametros/a_Nuevo' is visible

2023-03-09 14:13:38 - [MESSAGE][WARNING] - Timeout '0' is invalid. Using default page load timeout: '37'

2023-03-09 14:13:38 - [MESSAGE][PASSED] - Object 'Object Repository/2-OBJECTS TAREAS SECUNDARIAS/Pruebas capacitacion/Comprobar Parametros/a_Nuevo' is visible

2023-03-09 14:13:38 - [TEST_STEP][PASSED] - click(findTestObject("2-OBJECTS TAREAS SECUNDARIAS/Pruebas capacitacion/Comprobar Parametros/a_Consolidador")): Object: 'Object Repository/2-OBJECTS TAREAS SECUNDARIAS/Pruebas capacitacion/Comprobar Parametros/a_Consolidador' is clicked on

2023-03-09 14:13:39 - [MESSAGE][PASSED] - Object: 'Object Repository/2-OBJECTS TAREAS SECUNDARIAS/Pruebas capacitacion/Comprobar Parametros/a_Consolidador' is clicked on

2023-03-09 14:13:39 - [TEST_STEP][PASSED] - waitForElementVisible(findTestObject("2-OBJECTS TAREAS SECUNDARIAS/Pruebas capacitacion/Comprobar Parametros/a_Nuevo"), 0): Object 'Object Repository/2-OBJECTS TAREAS SECUNDARIAS/Pruebas capacitacion/Comprobar Parametros/a_Nuevo' is visible

2023-03-09 14:13:39 - [MESSAGE][WARNING] - Timeout '0' is invalid. Using default page load timeout: '37'

2023-03-09 14:13:39 - [MESSAGE][PASSED] - Object 'Object Repository/2-OBJECTS TAREAS SECUNDARIAS/Pruebas capacitacion/Comprobar Parametros/a_Nuevo' is visible

2023-03-09 14:13:39 - [TEST_STEP][PASSED] - click(findTestObject("2-OBJECTS TAREAS SECUNDARIAS/Pruebas capacitacion/Comprobar Parametros/a_Estado Laboral")): Object: 'Object Repository/2-OBJECTS TAREAS SECUNDARIAS/Pruebas capacitacion/Comprobar Parametros/a_Estado Laboral' is clicked on

2023-03-09 14:13:40 - [MESSAGE][PASSED] - Object: 'Object Repository/2-OBJECTS TAREAS SECUNDARIAS/Pruebas capacitacion/Comprobar Parametros/a_Estado Laboral' is clicked on

2023-03-09 14:13:40 - [TEST_STEP][PASSED] - waitForElementVisible(findTestObject("2-OBJECTS TAREAS SECUNDARIAS/Pruebas capacitacion/Comprobar Parametros/a_Nuevo"), 0): Object 'Object Repository/2-OBJECTS TAREAS SECUNDARIAS/Pruebas capacitacion/Comprobar Parametros/a_Nuevo' is visible

2023-03-09 14:13:40 - [MESSAGE][WARNING] - Timeout '0' is invalid. Using default page load timeout: '37'

2023-03-09 14:13:40 - [MESSAGE][PASSED] - Object 'Object Repository/2-OBJECTS TAREAS SECUNDARIAS/Pruebas capacitacion/Comprobar Parametros/a_Nuevo' is visible

2023-03-09 14:13:40 - [TEST_STEP][PASSED] - click(findTestObject("2-OBJECTS TAREAS SECUNDARIAS/Pruebas capacitacion/Comprobar Parametros/a_Formulacin")): Object: 'Object Repository/2-OBJECTS TAREAS SECUNDARIAS/Pruebas capacitacion/Comprobar Parametros/a_Formulacin' is clicked on

2023-03-09 14:13:41 - [MESSAGE][PASSED] - Object: 'Object Repository/2-OBJECTS TAREAS SECUNDARIAS/Pruebas capacitacion/Comprobar Parametros/a_Formulacin' is clicked on

2023-03-09 14:13:41 - [TEST_STEP][PASSED] - waitForElementVisible(findTestObject("2-OBJECTS TAREAS SECUNDARIAS/Pruebas capacitacion/Comprobar Parametros/a_Nuevo"), 0): Object 'Object Repository/2-OBJECTS TAREAS SECUNDARIAS/Pruebas capacitacion/Comprobar Parametros/a_Nuevo' is visible

2023-03-09 14:13:41 - [MESSAGE][WARNING] - Timeout '0' is invalid. Using default page load timeout: '37'

2023-03-09 14:13:42 - [MESSAGE][PASSED] - Object 'Object Repository/2-OBJECTS TAREAS SECUNDARIAS/Pruebas capacitacion/Comprobar Parametros/a_Nuevo' is visible

2023-03-09 14:13:42 - [TEST_STEP][PASSED] - click(findTestObject("2-OBJECTS TAREAS SECUNDARIAS/Pruebas capacitacion/Comprobar Parametros/a_tem Flexible")): Object: 'Object Repository/2-OBJECTS TAREAS SECUNDARIAS/Pruebas capacitacion/Comprobar Parametros/a_tem Flexible' is clicked on

2023-03-09 14:13:42 - [MESSAGE][PASSED] - Object: 'Object Repository/2-OBJECTS TAREAS SECUNDARIAS/Pruebas capacitacion/Comprobar Parametros/a_tem Flexible' is clicked on

2023-03-09 14:13:42 - [TEST_STEP][PASSED] - waitForElementVisible(findTestObject("2-OBJECTS TAREAS SECUNDARIAS/Pruebas capacitacion/Comprobar Parametros/a_Nuevo"), 0): Object 'Object Repository/2-OBJECTS TAREAS SECUNDARIAS/Pruebas capacitacion/Comprobar Parametros/a_Nuevo' is visible

2023-03-09 14:13:42 - [MESSAGE][WARNING] - Timeout '0' is invalid. Using default page load timeout: '37'

2023-03-09 14:13:43 - [MESSAGE][PASSED] - Object 'Object Repository/2-OBJECTS TAREAS SECUNDARIAS/Pruebas capacitacion/Comprobar Parametros/a_Nuevo' is visible

2023-03-09 14:13:43 - [TEST_STEP][PASSED] - click(findTestObject("2-OBJECTS TAREAS SECUNDARIAS/Pruebas capacitacion/Comprobar Parametros/a_Motivo De Retiro")): Object: 'Object Repository/2-OBJECTS TAREAS SECUNDARIAS/Pruebas capacitacion/Comprobar Parametros/a_Motivo De Retiro' is clicked on

2023-03-09 14:13:43 - [MESSAGE][PASSED] - Object: 'Object Repository/2-OBJECTS TAREAS SECUNDARIAS/Pruebas capacitacion/Comprobar Parametros/a_Motivo De Retiro' is clicked on

2023-03-09 14:13:43 - [TEST_STEP][PASSED] - waitForElementVisible(findTestObject("2-OBJECTS TAREAS SECUNDARIAS/Pruebas capacitacion/Comprobar Parametros/a_Nuevo"), 0): Object 'Object Repository/2-OBJECTS TAREAS SECUNDARIAS/Pruebas capacitacion/Comprobar Parametros/a_Nuevo' is visible

2023-03-09 14:13:43 - [MESSAGE][WARNING] - Timeout '0' is invalid. Using default page load timeout: '37'

2023-03-09 14:13:44 - [MESSAGE][PASSED] - Object 'Object Repository/2-OBJECTS TAREAS SECUNDARIAS/Pruebas capacitacion/Comprobar Parametros/a_Nuevo' is visible

2023-03-09 14:13:44 - [TEST_STEP][PASSED] - click(findTestObject("2-OBJECTS TAREAS SECUNDARIAS/Pruebas capacitacion/Comprobar Parametros/a_Planilla Flexible")): Object: 'Object Repository/2-OBJECTS TAREAS SECUNDARIAS/Pruebas capacitacion/Comprobar Parametros/a_Planilla Flexible' is clicked on

2023-03-09 14:13:44 - [MESSAGE][PASSED] - Object: 'Object Repository/2-OBJECTS TAREAS SECUNDARIAS/Pruebas capacitacion/Comprobar Parametros/a_Planilla Flexible' is clicked on

2023-03-09 14:13:44 - [TEST_STEP][PASSED] - waitForElementVisible(findTestObject("2-OBJECTS TAREAS SECUNDARIAS/Pruebas capacitacion/Comprobar Parametros/a_Nuevo"), 0): Object 'Object Repository/2-OBJECTS TAREAS SECUNDARIAS/Pruebas capacitacion/Comprobar Parametros/a_Nuevo' is visible

2023-03-09 14:13:44 - [MESSAGE][WARNING] - Timeout '0' is invalid. Using default page load timeout: '37'

2023-03-09 14:13:45 - [MESSAGE][PASSED] - Object 'Object Repository/2-OBJECTS TAREAS SECUNDARIAS/Pruebas capacitacion/Comprobar Parametros/a_Nuevo' is visible

2023-03-09 14:13:45 - [TEST_STEP][PASSED] - click(findTestObject("2-OBJECTS TAREAS SECUNDARIAS/Pruebas capacitacion/Comprobar Parametros/a_Tipo  Ausencia")): Object: 'Object Repository/2-OBJECTS TAREAS SECUNDARIAS/Pruebas capacitacion/Comprobar Parametros/a_Tipo  Ausencia' is clicked on

2023-03-09 14:13:46 - [MESSAGE][PASSED] - Object: 'Object Repository/2-OBJECTS TAREAS SECUNDARIAS/Pruebas capacitacion/Comprobar Parametros/a_Tipo  Ausencia' is clicked on

2023-03-09 14:13:46 - [TEST_STEP][PASSED] - waitForElementVisible(findTestObject("2-OBJECTS TAREAS SECUNDARIAS/Pruebas capacitacion/Comprobar Parametros/a_Nuevo"), 0): Object 'Object Repository/2-OBJECTS TAREAS SECUNDARIAS/Pruebas capacitacion/Comprobar Parametros/a_Nuevo' is visible

2023-03-09 14:13:46 - [MESSAGE][WARNING] - Timeout '0' is invalid. Using default page load timeout: '37'

2023-03-09 14:13:47 - [MESSAGE][PASSED] - Object 'Object Repository/2-OBJECTS TAREAS SECUNDARIAS/Pruebas capacitacion/Comprobar Parametros/a_Nuevo' is visible

2023-03-09 14:13:47 - [TEST_STEP][PASSED] - click(findTestObject("2-OBJECTS TAREAS SECUNDARIAS/Pruebas capacitacion/Comprobar Parametros/a_Tipo  Cambio")): Object: 'Object Repository/2-OBJECTS TAREAS SECUNDARIAS/Pruebas capacitacion/Comprobar Parametros/a_Tipo  Cambio' is clicked on

2023-03-09 14:13:47 - [MESSAGE][PASSED] - Object: 'Object Repository/2-OBJECTS TAREAS SECUNDARIAS/Pruebas capacitacion/Comprobar Parametros/a_Tipo  Cambio' is clicked on

2023-03-09 14:13:47 - [TEST_STEP][PASSED] - waitForElementVisible(findTestObject("2-OBJECTS TAREAS SECUNDARIAS/Pruebas capacitacion/Comprobar Parametros/a_Nuevo"), 0): Object 'Object Repository/2-OBJECTS TAREAS SECUNDARIAS/Pruebas capacitacion/Comprobar Parametros/a_Nuevo' is visible

2023-03-09 14:13:47 - [MESSAGE][WARNING] - Timeout '0' is invalid. Using default page load timeout: '37'

2023-03-09 14:13:48 - [MESSAGE][PASSED] - Object 'Object Repository/2-OBJECTS TAREAS SECUNDARIAS/Pruebas capacitacion/Comprobar Parametros/a_Nuevo' is visible

2023-03-09 14:13:48 - [TEST_STEP][PASSED] - click(findTestObject("2-OBJECTS TAREAS SECUNDARIAS/Pruebas capacitacion/Comprobar Parametros/a_Tipo Embargo")): Object: 'Object Repository/2-OBJECTS TAREAS SECUNDARIAS/Pruebas capacitacion/Comprobar Parametros/a_Tipo Embargo' is clicked on

2023-03-09 14:13:48 - [MESSAGE][PASSED] - Object: 'Object Repository/2-OBJECTS TAREAS SECUNDARIAS/Pruebas capacitacion/Comprobar Parametros/a_Tipo Embargo' is clicked on

2023-03-09 14:13:48 - [TEST_STEP][PASSED] - waitForElementVisible(findTestObject("2-OBJECTS TAREAS SECUNDARIAS/Pruebas capacitacion/Comprobar Parametros/a_Nuevo"), 0): Object 'Object Repository/2-OBJECTS TAREAS SECUNDARIAS/Pruebas capacitacion/Comprobar Parametros/a_Nuevo' is visible

2023-03-09 14:13:48 - [MESSAGE][WARNING] - Timeout '0' is invalid. Using default page load timeout: '37'

2023-03-09 14:13:49 - [MESSAGE][PASSED] - Object 'Object Repository/2-OBJECTS TAREAS SECUNDARIAS/Pruebas capacitacion/Comprobar Parametros/a_Nuevo' is visible

2023-03-09 14:13:49 - [TEST_STEP][PASSED] - click(findTestObject("2-OBJECTS TAREAS SECUNDARIAS/Pruebas capacitacion/Comprobar Parametros/a_Tipo  De Liquidacin")): Object: 'Object Repository/2-OBJECTS TAREAS SECUNDARIAS/Pruebas capacitacion/Comprobar Parametros/a_Tipo  De Liquidacin' is clicked on

2023-03-09 14:13:49 - [MESSAGE][PASSED] - Object: 'Object Repository/2-OBJECTS TAREAS SECUNDARIAS/Pruebas capacitacion/Comprobar Parametros/a_Tipo  De Liquidacin' is clicked on

2023-03-09 14:13:49 - [TEST_STEP][PASSED] - waitForElementVisible(findTestObject("2-OBJECTS TAREAS SECUNDARIAS/Pruebas capacitacion/Comprobar Parametros/a_Nuevo"), 0): Object 'Object Repository/2-OBJECTS TAREAS SECUNDARIAS/Pruebas capacitacion/Comprobar Parametros/a_Nuevo' is visible

2023-03-09 14:13:49 - [MESSAGE][WARNING] - Timeout '0' is invalid. Using default page load timeout: '37'

2023-03-09 14:13:50 - [MESSAGE][PASSED] - Object 'Object Repository/2-OBJECTS TAREAS SECUNDARIAS/Pruebas capacitacion/Comprobar Parametros/a_Nuevo' is visible

2023-03-09 14:13:50 - [TEST_STEP][PASSED] - click(findTestObject("2-OBJECTS TAREAS SECUNDARIAS/Pruebas capacitacion/Comprobar Parametros/a_Tipo Prestamo")): Object: 'Object Repository/2-OBJECTS TAREAS SECUNDARIAS/Pruebas capacitacion/Comprobar Parametros/a_Tipo Prestamo' is clicked on

2023-03-09 14:13:50 - [MESSAGE][PASSED] - Object: 'Object Repository/2-OBJECTS TAREAS SECUNDARIAS/Pruebas capacitacion/Comprobar Parametros/a_Tipo Prestamo' is clicked on

2023-03-09 14:13:50 - [TEST_STEP][PASSED] - waitForElementVisible(findTestObject("2-OBJECTS TAREAS SECUNDARIAS/Pruebas capacitacion/Comprobar Parametros/a_Nuevo"), 0): Object 'Object Repository/2-OBJECTS TAREAS SECUNDARIAS/Pruebas capacitacion/Comprobar Parametros/a_Nuevo' is visible

2023-03-09 14:13:50 - [MESSAGE][WARNING] - Timeout '0' is invalid. Using default page load timeout: '37'

2023-03-09 14:13:51 - [MESSAGE][PASSED] - Object 'Object Repository/2-OBJECTS TAREAS SECUNDARIAS/Pruebas capacitacion/Comprobar Parametros/a_Nuevo' is visible

2023-03-09 14:13:51 - [TEST_STEP][PASSED] - click(findTestObject("2-OBJECTS TAREAS SECUNDARIAS/Pruebas capacitacion/Comprobar Parametros/a_Tipo  Grupo")): Object: 'Object Repository/2-OBJECTS TAREAS SECUNDARIAS/Pruebas capacitacion/Comprobar Parametros/a_Tipo  Grupo' is clicked on

2023-03-09 14:13:51 - [MESSAGE][PASSED] - Object: 'Object Repository/2-OBJECTS TAREAS SECUNDARIAS/Pruebas capacitacion/Comprobar Parametros/a_Tipo  Grupo' is clicked on

2023-03-09 14:13:51 - [TEST_STEP][PASSED] - waitForElementVisible(findTestObject("2-OBJECTS TAREAS SECUNDARIAS/Pruebas capacitacion/Comprobar Parametros/a_Nuevo"), 0): Object 'Object Repository/2-OBJECTS TAREAS SECUNDARIAS/Pruebas capacitacion/Comprobar Parametros/a_Nuevo' is visible

2023-03-09 14:13:52 - [MESSAGE][WARNING] - Timeout '0' is invalid. Using default page load timeout: '37'

2023-03-09 14:13:52 - [MESSAGE][PASSED] - Object 'Object Repository/2-OBJECTS TAREAS SECUNDARIAS/Pruebas capacitacion/Comprobar Parametros/a_Nuevo' is visible

2023-03-09 14:13:52 - [TEST_STEP][PASSED] - click(findTestObject("2-OBJECTS TAREAS SECUNDARIAS/Pruebas capacitacion/Comprobar Parametros/a_Tipo  Rango")): Object: 'Object Repository/2-OBJECTS TAREAS SECUNDARIAS/Pruebas capacitacion/Comprobar Parametros/a_Tipo  Rango' is clicked on

2023-03-09 14:13:53 - [MESSAGE][PASSED] - Object: 'Object Repository/2-OBJECTS TAREAS SECUNDARIAS/Pruebas capacitacion/Comprobar Parametros/a_Tipo  Rango' is clicked on

2023-03-09 14:13:53 - [TEST_STEP][PASSED] - waitForElementVisible(findTestObject("2-OBJECTS TAREAS SECUNDARIAS/Pruebas capacitacion/Comprobar Parametros/a_Nuevo"), 0): Object 'Object Repository/2-OBJECTS TAREAS SECUNDARIAS/Pruebas capacitacion/Comprobar Parametros/a_Nuevo' is visible

2023-03-09 14:13:53 - [MESSAGE][WARNING] - Timeout '0' is invalid. Using default page load timeout: '37'

2023-03-09 14:13:53 - [MESSAGE][PASSED] - Object 'Object Repository/2-OBJECTS TAREAS SECUNDARIAS/Pruebas capacitacion/Comprobar Parametros/a_Nuevo' is visible

2023-03-09 14:13:53 - [TEST_STEP][PASSED] - click(findTestObject("2-OBJECTS TAREAS SECUNDARIAS/Pruebas capacitacion/Comprobar Parametros/a_Turno")): Object: 'Object Repository/2-OBJECTS TAREAS SECUNDARIAS/Pruebas capacitacion/Comprobar Parametros/a_Turno' is clicked on

2023-03-09 14:13:54 - [MESSAGE][PASSED] - Object: 'Object Repository/2-OBJECTS TAREAS SECUNDARIAS/Pruebas capacitacion/Comprobar Parametros/a_Turno' is clicked on

2023-03-09 14:13:54 - [TEST_STEP][PASSED] - waitForElementVisible(findTestObject("2-OBJECTS TAREAS SECUNDARIAS/Pruebas capacitacion/Comprobar Parametros/a_Nuevo"), 0): Object 'Object Repository/2-OBJECTS TAREAS SECUNDARIAS/Pruebas capacitacion/Comprobar Parametros/a_Nuevo' is visible

2023-03-09 14:13:54 - [MESSAGE][WARNING] - Timeout '0' is invalid. Using default page load timeout: '37'

2023-03-09 14:13:54 - [MESSAGE][PASSED] - Object 'Object Repository/2-OBJECTS TAREAS SECUNDARIAS/Pruebas capacitacion/Comprobar Parametros/a_Nuevo' is visible

2023-03-09 14:13:54 - [TEST_STEP][PASSED] - click(findTestObject("2-OBJECTS TAREAS SECUNDARIAS/Pruebas capacitacion/Comprobar Parametros/a_Variables")): Object: 'Object Repository/2-OBJECTS TAREAS SECUNDARIAS/Pruebas capacitacion/Comprobar Parametros/a_Variables' is clicked on

2023-03-09 14:13:55 - [MESSAGE][PASSED] - Object: 'Object Repository/2-OBJECTS TAREAS SECUNDARIAS/Pruebas capacitacion/Comprobar Parametros/a_Variables' is clicked on

2023-03-09 14:13:55 - [TEST_STEP][PASSED] - waitForElementVisible(findTestObject("2-OBJECTS TAREAS SECUNDARIAS/Pruebas capacitacion/Comprobar Parametros/a_Nuevo"), 0): Object 'Object Repository/2-OBJECTS TAREAS SECUNDARIAS/Pruebas capacitacion/Comprobar Parametros/a_Nuevo' is visible

2023-03-09 14:13:55 - [MESSAGE][WARNING] - Timeout '0' is invalid. Using default page load timeout: '37'

2023-03-09 14:13:55 - [MESSAGE][PASSED] - Object 'Object Repository/2-OBJECTS TAREAS SECUNDARIAS/Pruebas capacitacion/Comprobar Parametros/a_Nuevo' is visible

2023-03-09 14:13:55 - [TEST_STEP][PASSED] - click(findTestObject("2-OBJECTS TAREAS SECUNDARIAS/Pruebas capacitacion/Comprobar Parametros/a_Novedad Fecha")): Object: 'Object Repository/2-OBJECTS TAREAS SECUNDARIAS/Pruebas capacitacion/Comprobar Parametros/a_Novedad Fecha' is clicked on

2023-03-09 14:13:56 - [MESSAGE][PASSED] - Object: 'Object Repository/2-OBJECTS TAREAS SECUNDARIAS/Pruebas capacitacion/Comprobar Parametros/a_Novedad Fecha' is clicked on

2023-03-09 14:13:56 - [TEST_STEP][PASSED] - waitForElementVisible(findTestObject("2-OBJECTS TAREAS SECUNDARIAS/Pruebas capacitacion/Comprobar Parametros/a_Nuevo"), 0): Object 'Object Repository/2-OBJECTS TAREAS SECUNDARIAS/Pruebas capacitacion/Comprobar Parametros/a_Nuevo' is visible

2023-03-09 14:13:56 - [MESSAGE][WARNING] - Timeout '0' is invalid. Using default page load timeout: '37'

2023-03-09 14:13:56 - [MESSAGE][PASSED] - Object 'Object Repository/2-OBJECTS TAREAS SECUNDARIAS/Pruebas capacitacion/Comprobar Parametros/a_Nuevo' is visible

2023-03-09 14:13:56 - [TEST_STEP][PASSED] - click(findTestObject("2-OBJECTS TAREAS SECUNDARIAS/Pruebas capacitacion/Comprobar Parametros/a_Variables De Concepto")): Object: 'Object Repository/2-OBJECTS TAREAS SECUNDARIAS/Pruebas capacitacion/Comprobar Parametros/a_Variables De Concepto' is clicked on

2023-03-09 14:13:57 - [MESSAGE][PASSED] - Object: 'Object Repository/2-OBJECTS TAREAS SECUNDARIAS/Pruebas capacitacion/Comprobar Parametros/a_Variables De Concepto' is clicked on

2023-03-09 14:13:57 - [TEST_STEP][PASSED] - waitForElementVisible(findTestObject("2-OBJECTS TAREAS SECUNDARIAS/Pruebas capacitacion/Comprobar Parametros/a_Nuevo"), 0): Object 'Object Repository/2-OBJECTS TAREAS SECUNDARIAS/Pruebas capacitacion/Comprobar Parametros/a_Nuevo' is visible

2023-03-09 14:13:57 - [MESSAGE][WARNING] - Timeout '0' is invalid. Using default page load timeout: '37'

2023-03-09 14:13:58 - [MESSAGE][PASSED] - Object 'Object Repository/2-OBJECTS TAREAS SECUNDARIAS/Pruebas capacitacion/Comprobar Parametros/a_Nuevo' is visible

2023-03-09 14:13:58 - [TEST_STEP][PASSED] - click(findTestObject("2-OBJECTS TAREAS SECUNDARIAS/Pruebas capacitacion/Comprobar Parametros/a_Concepto De Jornadas")): Object: 'Object Repository/2-OBJECTS TAREAS SECUNDARIAS/Pruebas capacitacion/Comprobar Parametros/a_Concepto De Jornadas' is clicked on

2023-03-09 14:13:58 - [MESSAGE][PASSED] - Object: 'Object Repository/2-OBJECTS TAREAS SECUNDARIAS/Pruebas capacitacion/Comprobar Parametros/a_Concepto De Jornadas' is clicked on

2023-03-09 14:13:58 - [TEST_STEP][PASSED] - waitForElementVisible(findTestObject("2-OBJECTS TAREAS SECUNDARIAS/Pruebas capacitacion/Comprobar Parametros/a_Nuevo"), 0): Object 'Object Repository/2-OBJECTS TAREAS SECUNDARIAS/Pruebas capacitacion/Comprobar Parametros/a_Nuevo' is visible

2023-03-09 14:13:58 - [MESSAGE][WARNING] - Timeout '0' is invalid. Using default page load timeout: '37'

2023-03-09 14:13:59 - [MESSAGE][PASSED] - Object 'Object Repository/2-OBJECTS TAREAS SECUNDARIAS/Pruebas capacitacion/Comprobar Parametros/a_Nuevo' is visible

2023-03-09 14:13:59 - [TEST_STEP][PASSED] - click(findTestObject("2-OBJECTS TAREAS SECUNDARIAS/Pruebas capacitacion/Comprobar Parametros/a_Variable De Liquidacin")): Object: 'Object Repository/2-OBJECTS TAREAS SECUNDARIAS/Pruebas capacitacion/Comprobar Parametros/a_Variable De Liquidacin' is clicked on

2023-03-09 14:13:59 - [MESSAGE][PASSED] - Object: 'Object Repository/2-OBJECTS TAREAS SECUNDARIAS/Pruebas capacitacion/Comprobar Parametros/a_Variable De Liquidacin' is clicked on

2023-03-09 14:13:59 - [TEST_STEP][PASSED] - waitForElementVisible(findTestObject("2-OBJECTS TAREAS SECUNDARIAS/Pruebas capacitacion/Comprobar Parametros/a_Nuevo"), 0): Object 'Object Repository/2-OBJECTS TAREAS SECUNDARIAS/Pruebas capacitacion/Comprobar Parametros/a_Nuevo' is visible

2023-03-09 14:13:59 - [MESSAGE][WARNING] - Timeout '0' is invalid. Using default page load timeout: '37'

2023-03-09 14:14:00 - [MESSAGE][PASSED] - Object 'Object Repository/2-OBJECTS TAREAS SECUNDARIAS/Pruebas capacitacion/Comprobar Parametros/a_Nuevo' is visible

2023-03-09 14:14:00 - [TEST_STEP][PASSED] - click(findTestObject("2-OBJECTS TAREAS SECUNDARIAS/Pruebas capacitacion/Comprobar Parametros/a_Vinculacin")): Object: 'Object Repository/2-OBJECTS TAREAS SECUNDARIAS/Pruebas capacitacion/Comprobar Parametros/a_Vinculacin' is clicked on

2023-03-09 14:14:00 - [MESSAGE][PASSED] - Object: 'Object Repository/2-OBJECTS TAREAS SECUNDARIAS/Pruebas capacitacion/Comprobar Parametros/a_Vinculacin' is clicked on

2023-03-09 14:14:00 - [TEST_STEP][PASSED] - waitForElementVisible(findTestObject("2-OBJECTS TAREAS SECUNDARIAS/Pruebas capacitacion/Comprobar Parametros/a_Nuevo"), 0): Object 'Object Repository/2-OBJECTS TAREAS SECUNDARIAS/Pruebas capacitacion/Comprobar Parametros/a_Nuevo' is visible

2023-03-09 14:14:00 - [MESSAGE][WARNING] - Timeout '0' is invalid. Using default page load timeout: '37'

2023-03-09 14:14:01 - [MESSAGE][PASSED] - Object 'Object Repository/2-OBJECTS TAREAS SECUNDARIAS/Pruebas capacitacion/Comprobar Parametros/a_Nuevo' is visible

2023-03-09 14:14:01 - [TEST_STEP][PASSED] - click(findTestObject("2-OBJECTS TAREAS SECUNDARIAS/Pruebas capacitacion/Comprobar Parametros/a_Tipo Abono Pension")): Object: 'Object Repository/2-OBJECTS TAREAS SECUNDARIAS/Pruebas capacitacion/Comprobar Parametros/a_Tipo Abono Pension' is clicked on

2023-03-09 14:14:02 - [MESSAGE][PASSED] - Object: 'Object Repository/2-OBJECTS TAREAS SECUNDARIAS/Pruebas capacitacion/Comprobar Parametros/a_Tipo Abono Pension' is clicked on

2023-03-09 14:14:02 - [TEST_STEP][PASSED] - waitForElementVisible(findTestObject("2-OBJECTS TAREAS SECUNDARIAS/Pruebas capacitacion/Comprobar Parametros/a_Nuevo"), 0): Object 'Object Repository/2-OBJECTS TAREAS SECUNDARIAS/Pruebas capacitacion/Comprobar Parametros/a_Nuevo' is visible

2023-03-09 14:14:02 - [MESSAGE][WARNING] - Timeout '0' is invalid. Using default page load timeout: '37'

2023-03-09 14:14:02 - [MESSAGE][PASSED] - Object 'Object Repository/2-OBJECTS TAREAS SECUNDARIAS/Pruebas capacitacion/Comprobar Parametros/a_Nuevo' is visible

2023-03-09 14:14:02 - [TEST_STEP][PASSED] - click(findTestObject("2-OBJECTS TAREAS SECUNDARIAS/Pruebas capacitacion/Comprobar Parametros/a_Motivo Terminacion")): Object: 'Object Repository/2-OBJECTS TAREAS SECUNDARIAS/Pruebas capacitacion/Comprobar Parametros/a_Motivo Terminacion' is clicked on

2023-03-09 14:14:03 - [MESSAGE][PASSED] - Object: 'Object Repository/2-OBJECTS TAREAS SECUNDARIAS/Pruebas capacitacion/Comprobar Parametros/a_Motivo Terminacion' is clicked on

2023-03-09 14:14:03 - [TEST_STEP][PASSED] - waitForElementVisible(findTestObject("2-OBJECTS TAREAS SECUNDARIAS/Pruebas capacitacion/Comprobar Parametros/a_Nuevo"), 0): Object 'Object Repository/2-OBJECTS TAREAS SECUNDARIAS/Pruebas capacitacion/Comprobar Parametros/a_Nuevo' is visible

2023-03-09 14:14:03 - [MESSAGE][WARNING] - Timeout '0' is invalid. Using default page load timeout: '37'

2023-03-09 14:14:03 - [MESSAGE][PASSED] - Object 'Object Repository/2-OBJECTS TAREAS SECUNDARIAS/Pruebas capacitacion/Comprobar Parametros/a_Nuevo' is visible

2023-03-09 14:14:03 - [TEST_STEP][PASSED] - setText(findTestObject("2-OBJECTS TAREAS SECUNDARIAS/Pruebas capacitacion/Comprobar Parametros/input_Empresa 1_form_templatej_idt24_input"), "Parametros Contratacion (tal)"): Text 'Parametros Contratacion (tal)' is set on object 'Object Repository/2-OBJECTS TAREAS SECUNDARIAS/Pruebas capacitacion/Comprobar Parametros/input_Empresa 1_form_templatej_idt24_input'

2023-03-09 14:14:04 - [MESSAGE][PASSED] - Text 'Parametros Contratacion (tal)' is set on object 'Object Repository/2-OBJECTS TAREAS SECUNDARIAS/Pruebas capacitacion/Comprobar Parametros/input_Empresa 1_form_templatej_idt24_input'

2023-03-09 14:14:04 - [TEST_STEP][PASSED] - click(findTestObject("2-OBJECTS TAREAS SECUNDARIAS/Pruebas capacitacion/Comprobar Parametros/li_Parametros")): Object: 'Object Repository/2-OBJECTS TAREAS SECUNDARIAS/Pruebas capacitacion/Comprobar Parametros/li_Parametros' is clicked on

2023-03-09 14:14:06 - [MESSAGE][PASSED] - Object: 'Object Repository/2-OBJECTS TAREAS SECUNDARIAS/Pruebas capacitacion/Comprobar Parametros/li_Parametros' is clicked on

2023-03-09 14:14:06 - [TEST_STEP][PASSED] - parConstratacion(): null

2023-03-09 14:14:06 - [TEST_STEP][PASSED] - click(findTestObject("2-OBJECTS TAREAS SECUNDARIAS/Pruebas capacitacion/Comprobar Parametros/a_Tipo  Documento")): Object: 'Object Repository/2-OBJECTS TAREAS SECUNDARIAS/Pruebas capacitacion/Comprobar Parametros/a_Tipo  Documento' is clicked on

2023-03-09 14:14:08 - [MESSAGE][PASSED] - Object: 'Object Repository/2-OBJECTS TAREAS SECUNDARIAS/Pruebas capacitacion/Comprobar Parametros/a_Tipo  Documento' is clicked on

2023-03-09 14:14:08 - [TEST_STEP][PASSED] - waitForElementVisible(findTestObject("2-OBJECTS TAREAS SECUNDARIAS/Pruebas capacitacion/Comprobar Parametros/a_Nuevo"), 0): Object 'Object Repository/2-OBJECTS TAREAS SECUNDARIAS/Pruebas capacitacion/Comprobar Parametros/a_Nuevo' is visible

2023-03-09 14:14:08 - [MESSAGE][WARNING] - Timeout '0' is invalid. Using default page load timeout: '37'

2023-03-09 14:14:09 - [MESSAGE][PASSED] - Object 'Object Repository/2-OBJECTS TAREAS SECUNDARIAS/Pruebas capacitacion/Comprobar Parametros/a_Nuevo' is visible

2023-03-09 14:14:09 - [TEST_STEP][PASSED] - click(findTestObject("2-OBJECTS TAREAS SECUNDARIAS/Pruebas capacitacion/Comprobar Parametros/a_Momento")): Object: 'Object Repository/2-OBJECTS TAREAS SECUNDARIAS/Pruebas capacitacion/Comprobar Parametros/a_Momento' is clicked on

2023-03-09 14:14:09 - [MESSAGE][PASSED] - Object: 'Object Repository/2-OBJECTS TAREAS SECUNDARIAS/Pruebas capacitacion/Comprobar Parametros/a_Momento' is clicked on

2023-03-09 14:14:09 - [TEST_STEP][PASSED] - waitForElementVisible(findTestObject("2-OBJECTS TAREAS SECUNDARIAS/Pruebas capacitacion/Comprobar Parametros/a_Nuevo"), 0): Object 'Object Repository/2-OBJECTS TAREAS SECUNDARIAS/Pruebas capacitacion/Comprobar Parametros/a_Nuevo' is visible

2023-03-09 14:14:09 - [MESSAGE][WARNING] - Timeout '0' is invalid. Using default page load timeout: '37'

2023-03-09 14:14:10 - [MESSAGE][PASSED] - Object 'Object Repository/2-OBJECTS TAREAS SECUNDARIAS/Pruebas capacitacion/Comprobar Parametros/a_Nuevo' is visible

2023-03-09 14:14:10 - [TEST_STEP][PASSED] - click(findTestObject("2-OBJECTS TAREAS SECUNDARIAS/Pruebas capacitacion/Comprobar Parametros/a_Origen Contratacin")): Object: 'Object Repository/2-OBJECTS TAREAS SECUNDARIAS/Pruebas capacitacion/Comprobar Parametros/a_Origen Contratacin' is clicked on

2023-03-09 14:14:10 - [MESSAGE][PASSED] - Object: 'Object Repository/2-OBJECTS TAREAS SECUNDARIAS/Pruebas capacitacion/Comprobar Parametros/a_Origen Contratacin' is clicked on

2023-03-09 14:14:10 - [TEST_STEP][PASSED] - waitForElementVisible(findTestObject("2-OBJECTS TAREAS SECUNDARIAS/Pruebas capacitacion/Comprobar Parametros/a_Nuevo"), 0): Object 'Object Repository/2-OBJECTS TAREAS SECUNDARIAS/Pruebas capacitacion/Comprobar Parametros/a_Nuevo' is visible

2023-03-09 14:14:10 - [MESSAGE][WARNING] - Timeout '0' is invalid. Using default page load timeout: '37'

2023-03-09 14:14:11 - [MESSAGE][PASSED] - Object 'Object Repository/2-OBJECTS TAREAS SECUNDARIAS/Pruebas capacitacion/Comprobar Parametros/a_Nuevo' is visible

2023-03-09 14:14:11 - [TEST_STEP][PASSED] - setText(findTestObject("2-OBJECTS TAREAS SECUNDARIAS/Pruebas capacitacion/Comprobar Parametros/input_Empresa 1_form_templatej_idt24_input"), "Parametros Eventos (sst)"): Text 'Parametros Eventos (sst)' is set on object 'Object Repository/2-OBJECTS TAREAS SECUNDARIAS/Pruebas capacitacion/Comprobar Parametros/input_Empresa 1_form_templatej_idt24_input'

2023-03-09 14:14:12 - [MESSAGE][PASSED] - Text 'Parametros Eventos (sst)' is set on object 'Object Repository/2-OBJECTS TAREAS SECUNDARIAS/Pruebas capacitacion/Comprobar Parametros/input_Empresa 1_form_templatej_idt24_input'

2023-03-09 14:14:12 - [TEST_STEP][PASSED] - click(findTestObject("2-OBJECTS TAREAS SECUNDARIAS/Pruebas capacitacion/Comprobar Parametros/li_Parametros")): Object: 'Object Repository/2-OBJECTS TAREAS SECUNDARIAS/Pruebas capacitacion/Comprobar Parametros/li_Parametros' is clicked on

2023-03-09 14:14:13 - [MESSAGE][PASSED] - Object: 'Object Repository/2-OBJECTS TAREAS SECUNDARIAS/Pruebas capacitacion/Comprobar Parametros/li_Parametros' is clicked on

2023-03-09 14:14:13 - [TEST_STEP][PASSED] - parEventos(): null

2023-03-09 14:14:13 - [TEST_STEP][PASSED] - click(findTestObject("2-OBJECTS TAREAS SECUNDARIAS/Pruebas capacitacion/Comprobar Parametros/a_Modalidad")): Object: 'Object Repository/2-OBJECTS TAREAS SECUNDARIAS/Pruebas capacitacion/Comprobar Parametros/a_Modalidad' is clicked on

2023-03-09 14:14:15 - [MESSAGE][PASSED] - Object: 'Object Repository/2-OBJECTS TAREAS SECUNDARIAS/Pruebas capacitacion/Comprobar Parametros/a_Modalidad' is clicked on

2023-03-09 14:14:15 - [TEST_STEP][PASSED] - waitForElementVisible(findTestObject("2-OBJECTS TAREAS SECUNDARIAS/Pruebas capacitacion/Comprobar Parametros/a_Nuevo"), 0): Object 'Object Repository/2-OBJECTS TAREAS SECUNDARIAS/Pruebas capacitacion/Comprobar Parametros/a_Nuevo' is visible

2023-03-09 14:14:15 - [MESSAGE][WARNING] - Timeout '0' is invalid. Using default page load timeout: '37'

2023-03-09 14:14:16 - [MESSAGE][PASSED] - Object 'Object Repository/2-OBJECTS TAREAS SECUNDARIAS/Pruebas capacitacion/Comprobar Parametros/a_Nuevo' is visible

2023-03-09 14:14:16 - [TEST_STEP][PASSED] - click(findTestObject("2-OBJECTS TAREAS SECUNDARIAS/Pruebas capacitacion/Comprobar Parametros/a_Proveedor")): Object: 'Object Repository/2-OBJECTS TAREAS SECUNDARIAS/Pruebas capacitacion/Comprobar Parametros/a_Proveedor' is clicked on

2023-03-09 14:14:16 - [MESSAGE][PASSED] - Object: 'Object Repository/2-OBJECTS TAREAS SECUNDARIAS/Pruebas capacitacion/Comprobar Parametros/a_Proveedor' is clicked on

2023-03-09 14:14:16 - [TEST_STEP][PASSED] - waitForElementVisible(findTestObject("2-OBJECTS TAREAS SECUNDARIAS/Pruebas capacitacion/Comprobar Parametros/a_Nuevo"), 0): Object 'Object Repository/2-OBJECTS TAREAS SECUNDARIAS/Pruebas capacitacion/Comprobar Parametros/a_Nuevo' is visible

2023-03-09 14:14:16 - [MESSAGE][WARNING] - Timeout '0' is invalid. Using default page load timeout: '37'

2023-03-09 14:14:17 - [MESSAGE][PASSED] - Object 'Object Repository/2-OBJECTS TAREAS SECUNDARIAS/Pruebas capacitacion/Comprobar Parametros/a_Nuevo' is visible

2023-03-09 14:14:17 - [TEST_STEP][PASSED] - click(findTestObject("2-OBJECTS TAREAS SECUNDARIAS/Pruebas capacitacion/Comprobar Parametros/a_Tipo  Evento - Copy")): Object: 'Object Repository/2-OBJECTS TAREAS SECUNDARIAS/Pruebas capacitacion/Comprobar Parametros/a_Tipo  Evento - Copy' is clicked on

2023-03-09 14:14:17 - [MESSAGE][PASSED] - Object: 'Object Repository/2-OBJECTS TAREAS SECUNDARIAS/Pruebas capacitacion/Comprobar Parametros/a_Tipo  Evento - Copy' is clicked on

2023-03-09 14:14:17 - [TEST_STEP][PASSED] - waitForElementVisible(findTestObject("2-OBJECTS TAREAS SECUNDARIAS/Pruebas capacitacion/Comprobar Parametros/a_Nuevo"), 0): Object 'Object Repository/2-OBJECTS TAREAS SECUNDARIAS/Pruebas capacitacion/Comprobar Parametros/a_Nuevo' is visible

2023-03-09 14:14:17 - [MESSAGE][WARNING] - Timeout '0' is invalid. Using default page load timeout: '37'

2023-03-09 14:14:18 - [MESSAGE][PASSED] - Object 'Object Repository/2-OBJECTS TAREAS SECUNDARIAS/Pruebas capacitacion/Comprobar Parametros/a_Nuevo' is visible

2023-03-09 14:14:18 - [TEST_STEP][PASSED] - click(findTestObject("2-OBJECTS TAREAS SECUNDARIAS/Pruebas capacitacion/Comprobar Parametros/a_Origen Evento")): Object: 'Object Repository/2-OBJECTS TAREAS SECUNDARIAS/Pruebas capacitacion/Comprobar Parametros/a_Origen Evento' is clicked on

2023-03-09 14:14:18 - [MESSAGE][PASSED] - Object: 'Object Repository/2-OBJECTS TAREAS SECUNDARIAS/Pruebas capacitacion/Comprobar Parametros/a_Origen Evento' is clicked on

2023-03-09 14:14:18 - [TEST_STEP][PASSED] - waitForElementVisible(findTestObject("2-OBJECTS TAREAS SECUNDARIAS/Pruebas capacitacion/Comprobar Parametros/a_Nuevo"), 0): Object 'Object Repository/2-OBJECTS TAREAS SECUNDARIAS/Pruebas capacitacion/Comprobar Parametros/a_Nuevo' is visible

2023-03-09 14:14:18 - [MESSAGE][WARNING] - Timeout '0' is invalid. Using default page load timeout: '37'

2023-03-09 14:14:19 - [MESSAGE][PASSED] - Object 'Object Repository/2-OBJECTS TAREAS SECUNDARIAS/Pruebas capacitacion/Comprobar Parametros/a_Nuevo' is visible

2023-03-09 14:14:19 - [TEST_STEP][PASSED] - click(findTestObject("2-OBJECTS TAREAS SECUNDARIAS/Pruebas capacitacion/Comprobar Parametros/a_Tipo  De Calificacin")): Object: 'Object Repository/2-OBJECTS TAREAS SECUNDARIAS/Pruebas capacitacion/Comprobar Parametros/a_Tipo  De Calificacin' is clicked on

2023-03-09 14:14:19 - [MESSAGE][PASSED] - Object: 'Object Repository/2-OBJECTS TAREAS SECUNDARIAS/Pruebas capacitacion/Comprobar Parametros/a_Tipo  De Calificacin' is clicked on

2023-03-09 14:14:19 - [TEST_STEP][PASSED] - waitForElementVisible(findTestObject("2-OBJECTS TAREAS SECUNDARIAS/Pruebas capacitacion/Comprobar Parametros/a_Nuevo"), 0): Object 'Object Repository/2-OBJECTS TAREAS SECUNDARIAS/Pruebas capacitacion/Comprobar Parametros/a_Nuevo' is visible

2023-03-09 14:14:19 - [MESSAGE][WARNING] - Timeout '0' is invalid. Using default page load timeout: '37'

2023-03-09 14:14:20 - [MESSAGE][PASSED] - Object 'Object Repository/2-OBJECTS TAREAS SECUNDARIAS/Pruebas capacitacion/Comprobar Parametros/a_Nuevo' is visible

2023-03-09 14:14:20 - [TEST_STEP][PASSED] - click(findTestObject("2-OBJECTS TAREAS SECUNDARIAS/Pruebas capacitacion/Comprobar Parametros/a_Resumen Evaluacin")): Object: 'Object Repository/2-OBJECTS TAREAS SECUNDARIAS/Pruebas capacitacion/Comprobar Parametros/a_Resumen Evaluacin' is clicked on

2023-03-09 14:14:20 - [MESSAGE][PASSED] - Object: 'Object Repository/2-OBJECTS TAREAS SECUNDARIAS/Pruebas capacitacion/Comprobar Parametros/a_Resumen Evaluacin' is clicked on

2023-03-09 14:14:20 - [TEST_STEP][PASSED] - waitForElementVisible(findTestObject("2-OBJECTS TAREAS SECUNDARIAS/Pruebas capacitacion/Comprobar Parametros/a_Nuevo"), 0): Object 'Object Repository/2-OBJECTS TAREAS SECUNDARIAS/Pruebas capacitacion/Comprobar Parametros/a_Nuevo' is visible

2023-03-09 14:14:20 - [MESSAGE][WARNING] - Timeout '0' is invalid. Using default page load timeout: '37'

2023-03-09 14:14:21 - [MESSAGE][PASSED] - Object 'Object Repository/2-OBJECTS TAREAS SECUNDARIAS/Pruebas capacitacion/Comprobar Parametros/a_Nuevo' is visible

2023-03-09 14:14:21 - [TEST_STEP][PASSED] - click(findTestObject("2-OBJECTS TAREAS SECUNDARIAS/Pruebas capacitacion/Comprobar Parametros/a_Evaluaciones")): Object: 'Object Repository/2-OBJECTS TAREAS SECUNDARIAS/Pruebas capacitacion/Comprobar Parametros/a_Evaluaciones' is clicked on

2023-03-09 14:14:21 - [MESSAGE][PASSED] - Object: 'Object Repository/2-OBJECTS TAREAS SECUNDARIAS/Pruebas capacitacion/Comprobar Parametros/a_Evaluaciones' is clicked on

2023-03-09 14:14:21 - [TEST_STEP][PASSED] - waitForElementVisible(findTestObject("2-OBJECTS TAREAS SECUNDARIAS/Pruebas capacitacion/Comprobar Parametros/a_Nuevo"), 0): Object 'Object Repository/2-OBJECTS TAREAS SECUNDARIAS/Pruebas capacitacion/Comprobar Parametros/a_Nuevo' is visible

2023-03-09 14:14:21 - [MESSAGE][WARNING] - Timeout '0' is invalid. Using default page load timeout: '37'

2023-03-09 14:14:22 - [MESSAGE][PASSED] - Object 'Object Repository/2-OBJECTS TAREAS SECUNDARIAS/Pruebas capacitacion/Comprobar Parametros/a_Nuevo' is visible

2023-03-09 14:14:22 - [TEST_STEP][PASSED] - click(findTestObject("2-OBJECTS TAREAS SECUNDARIAS/Pruebas capacitacion/Comprobar Parametros/a_Tipo  Costo")): Object: 'Object Repository/2-OBJECTS TAREAS SECUNDARIAS/Pruebas capacitacion/Comprobar Parametros/a_Tipo  Costo' is clicked on

2023-03-09 14:14:23 - [MESSAGE][PASSED] - Object: 'Object Repository/2-OBJECTS TAREAS SECUNDARIAS/Pruebas capacitacion/Comprobar Parametros/a_Tipo  Costo' is clicked on

2023-03-09 14:14:23 - [TEST_STEP][PASSED] - waitForElementVisible(findTestObject("2-OBJECTS TAREAS SECUNDARIAS/Pruebas capacitacion/Comprobar Parametros/a_Nuevo"), 0): Object 'Object Repository/2-OBJECTS TAREAS SECUNDARIAS/Pruebas capacitacion/Comprobar Parametros/a_Nuevo' is visible

2023-03-09 14:14:23 - [MESSAGE][WARNING] - Timeout '0' is invalid. Using default page load timeout: '37'

2023-03-09 14:14:23 - [MESSAGE][PASSED] - Object 'Object Repository/2-OBJECTS TAREAS SECUNDARIAS/Pruebas capacitacion/Comprobar Parametros/a_Nuevo' is visible

2023-03-09 14:14:23 - [TEST_STEP][PASSED] - click(findTestObject("2-OBJECTS TAREAS SECUNDARIAS/Pruebas capacitacion/Comprobar Parametros/a_Medios Audiovisual")): Object: 'Object Repository/2-OBJECTS TAREAS SECUNDARIAS/Pruebas capacitacion/Comprobar Parametros/a_Medios Audiovisual' is clicked on

2023-03-09 14:14:24 - [MESSAGE][PASSED] - Object: 'Object Repository/2-OBJECTS TAREAS SECUNDARIAS/Pruebas capacitacion/Comprobar Parametros/a_Medios Audiovisual' is clicked on

2023-03-09 14:14:24 - [TEST_STEP][PASSED] - waitForElementVisible(findTestObject("2-OBJECTS TAREAS SECUNDARIAS/Pruebas capacitacion/Comprobar Parametros/a_Nuevo"), 0): Object 'Object Repository/2-OBJECTS TAREAS SECUNDARIAS/Pruebas capacitacion/Comprobar Parametros/a_Nuevo' is visible

2023-03-09 14:14:24 - [MESSAGE][WARNING] - Timeout '0' is invalid. Using default page load timeout: '37'

2023-03-09 14:14:24 - [MESSAGE][PASSED] - Object 'Object Repository/2-OBJECTS TAREAS SECUNDARIAS/Pruebas capacitacion/Comprobar Parametros/a_Nuevo' is visible

2023-03-09 14:14:24 - [TEST_STEP][PASSED] - click(findTestObject("2-OBJECTS TAREAS SECUNDARIAS/Pruebas capacitacion/Comprobar Parametros/a_Salones")): Object: 'Object Repository/2-OBJECTS TAREAS SECUNDARIAS/Pruebas capacitacion/Comprobar Parametros/a_Salones' is clicked on

2023-03-09 14:14:25 - [MESSAGE][PASSED] - Object: 'Object Repository/2-OBJECTS TAREAS SECUNDARIAS/Pruebas capacitacion/Comprobar Parametros/a_Salones' is clicked on

2023-03-09 14:14:25 - [TEST_STEP][PASSED] - waitForElementVisible(findTestObject("2-OBJECTS TAREAS SECUNDARIAS/Pruebas capacitacion/Comprobar Parametros/a_Nuevo"), 0): Object 'Object Repository/2-OBJECTS TAREAS SECUNDARIAS/Pruebas capacitacion/Comprobar Parametros/a_Nuevo' is visible

2023-03-09 14:14:25 - [MESSAGE][WARNING] - Timeout '0' is invalid. Using default page load timeout: '37'

2023-03-09 14:14:25 - [MESSAGE][PASSED] - Object 'Object Repository/2-OBJECTS TAREAS SECUNDARIAS/Pruebas capacitacion/Comprobar Parametros/a_Nuevo' is visible

2023-03-09 14:14:25 - [TEST_STEP][PASSED] - click(findTestObject("2-OBJECTS TAREAS SECUNDARIAS/Pruebas capacitacion/Comprobar Parametros/a_Tema")): Object: 'Object Repository/2-OBJECTS TAREAS SECUNDARIAS/Pruebas capacitacion/Comprobar Parametros/a_Tema' is clicked on

2023-03-09 14:14:26 - [MESSAGE][PASSED] - Object: 'Object Repository/2-OBJECTS TAREAS SECUNDARIAS/Pruebas capacitacion/Comprobar Parametros/a_Tema' is clicked on

2023-03-09 14:14:26 - [TEST_STEP][PASSED] - waitForElementVisible(findTestObject("2-OBJECTS TAREAS SECUNDARIAS/Pruebas capacitacion/Comprobar Parametros/a_Nuevo"), 0): Object 'Object Repository/2-OBJECTS TAREAS SECUNDARIAS/Pruebas capacitacion/Comprobar Parametros/a_Nuevo' is visible

2023-03-09 14:14:26 - [MESSAGE][WARNING] - Timeout '0' is invalid. Using default page load timeout: '37'

2023-03-09 14:14:27 - [MESSAGE][PASSED] - Object 'Object Repository/2-OBJECTS TAREAS SECUNDARIAS/Pruebas capacitacion/Comprobar Parametros/a_Nuevo' is visible

2023-03-09 14:14:27 - [TEST_STEP][PASSED] - click(findTestObject("2-OBJECTS TAREAS SECUNDARIAS/Pruebas capacitacion/Comprobar Parametros/a_Formulario Necesidad")): Object: 'Object Repository/2-OBJECTS TAREAS SECUNDARIAS/Pruebas capacitacion/Comprobar Parametros/a_Formulario Necesidad' is clicked on

2023-03-09 14:14:27 - [MESSAGE][PASSED] - Object: 'Object Repository/2-OBJECTS TAREAS SECUNDARIAS/Pruebas capacitacion/Comprobar Parametros/a_Formulario Necesidad' is clicked on

2023-03-09 14:14:27 - [TEST_STEP][PASSED] - waitForElementVisible(findTestObject("2-OBJECTS TAREAS SECUNDARIAS/Pruebas capacitacion/Comprobar Parametros/a_Nuevo"), 0): Object 'Object Repository/2-OBJECTS TAREAS SECUNDARIAS/Pruebas capacitacion/Comprobar Parametros/a_Nuevo' is visible

2023-03-09 14:14:27 - [MESSAGE][WARNING] - Timeout '0' is invalid. Using default page load timeout: '37'

2023-03-09 14:14:28 - [MESSAGE][PASSED] - Object 'Object Repository/2-OBJECTS TAREAS SECUNDARIAS/Pruebas capacitacion/Comprobar Parametros/a_Nuevo' is visible

2023-03-09 14:14:28 - [TEST_STEP][PASSED] - click(findTestObject("2-OBJECTS TAREAS SECUNDARIAS/Pruebas capacitacion/Comprobar Parametros/a_Fuente necesidad")): Object: 'Object Repository/2-OBJECTS TAREAS SECUNDARIAS/Pruebas capacitacion/Comprobar Parametros/a_Fuente necesidad' is clicked on

2023-03-09 14:14:28 - [MESSAGE][PASSED] - Object: 'Object Repository/2-OBJECTS TAREAS SECUNDARIAS/Pruebas capacitacion/Comprobar Parametros/a_Fuente necesidad' is clicked on

2023-03-09 14:14:28 - [TEST_STEP][PASSED] - waitForElementVisible(findTestObject("2-OBJECTS TAREAS SECUNDARIAS/Pruebas capacitacion/Comprobar Parametros/a_Nuevo"), 0): Object 'Object Repository/2-OBJECTS TAREAS SECUNDARIAS/Pruebas capacitacion/Comprobar Parametros/a_Nuevo' is visible

2023-03-09 14:14:28 - [MESSAGE][WARNING] - Timeout '0' is invalid. Using default page load timeout: '37'

2023-03-09 14:14:29 - [MESSAGE][PASSED] - Object 'Object Repository/2-OBJECTS TAREAS SECUNDARIAS/Pruebas capacitacion/Comprobar Parametros/a_Nuevo' is visible

2023-03-09 14:14:29 - [TEST_STEP][PASSED] - setText(findTestObject("2-OBJECTS TAREAS SECUNDARIAS/Pruebas capacitacion/Comprobar Parametros/input_Empresa 1_form_templatej_idt24_input"), "Parametros Generales (tal)"): Text 'Parametros Generales (tal)' is set on object 'Object Repository/2-OBJECTS TAREAS SECUNDARIAS/Pruebas capacitacion/Comprobar Parametros/input_Empresa 1_form_templatej_idt24_input'

2023-03-09 14:14:30 - [MESSAGE][PASSED] - Text 'Parametros Generales (tal)' is set on object 'Object Repository/2-OBJECTS TAREAS SECUNDARIAS/Pruebas capacitacion/Comprobar Parametros/input_Empresa 1_form_templatej_idt24_input'

2023-03-09 14:14:30 - [TEST_STEP][PASSED] - click(findTestObject("2-OBJECTS TAREAS SECUNDARIAS/Pruebas capacitacion/Comprobar Parametros/li_Parametros")): Object: 'Object Repository/2-OBJECTS TAREAS SECUNDARIAS/Pruebas capacitacion/Comprobar Parametros/li_Parametros' is clicked on

2023-03-09 14:14:31 - [MESSAGE][PASSED] - Object: 'Object Repository/2-OBJECTS TAREAS SECUNDARIAS/Pruebas capacitacion/Comprobar Parametros/li_Parametros' is clicked on

2023-03-09 14:14:31 - [TEST_STEP][PASSED] - parGenerales(): null

2023-03-09 14:14:31 - [TEST_STEP][PASSED] - click(findTestObject("2-OBJECTS TAREAS SECUNDARIAS/Pruebas capacitacion/Comprobar Parametros/a_Tipo  Unidad")): Object: 'Object Repository/2-OBJECTS TAREAS SECUNDARIAS/Pruebas capacitacion/Comprobar Parametros/a_Tipo  Unidad' is clicked on

2023-03-09 14:14:34 - [MESSAGE][PASSED] - Object: 'Object Repository/2-OBJECTS TAREAS SECUNDARIAS/Pruebas capacitacion/Comprobar Parametros/a_Tipo  Unidad' is clicked on

2023-03-09 14:14:34 - [TEST_STEP][PASSED] - waitForElementVisible(findTestObject("2-OBJECTS TAREAS SECUNDARIAS/Pruebas capacitacion/Comprobar Parametros/a_Nuevo"), 0): Object 'Object Repository/2-OBJECTS TAREAS SECUNDARIAS/Pruebas capacitacion/Comprobar Parametros/a_Nuevo' is visible

2023-03-09 14:14:34 - [MESSAGE][WARNING] - Timeout '0' is invalid. Using default page load timeout: '37'

2023-03-09 14:14:34 - [MESSAGE][PASSED] - Object 'Object Repository/2-OBJECTS TAREAS SECUNDARIAS/Pruebas capacitacion/Comprobar Parametros/a_Nuevo' is visible

2023-03-09 14:14:34 - [TEST_STEP][PASSED] - click(findTestObject("2-OBJECTS TAREAS SECUNDARIAS/Pruebas capacitacion/Comprobar Parametros/a_Tipo  Planta")): Object: 'Object Repository/2-OBJECTS TAREAS SECUNDARIAS/Pruebas capacitacion/Comprobar Parametros/a_Tipo  Planta' is clicked on

2023-03-09 14:14:35 - [MESSAGE][PASSED] - Object: 'Object Repository/2-OBJECTS TAREAS SECUNDARIAS/Pruebas capacitacion/Comprobar Parametros/a_Tipo  Planta' is clicked on

2023-03-09 14:14:35 - [TEST_STEP][PASSED] - waitForElementVisible(findTestObject("2-OBJECTS TAREAS SECUNDARIAS/Pruebas capacitacion/Comprobar Parametros/a_Nuevo"), 0): Object 'Object Repository/2-OBJECTS TAREAS SECUNDARIAS/Pruebas capacitacion/Comprobar Parametros/a_Nuevo' is visible

2023-03-09 14:14:35 - [MESSAGE][WARNING] - Timeout '0' is invalid. Using default page load timeout: '37'

2023-03-09 14:14:35 - [MESSAGE][PASSED] - Object 'Object Repository/2-OBJECTS TAREAS SECUNDARIAS/Pruebas capacitacion/Comprobar Parametros/a_Nuevo' is visible

2023-03-09 14:14:35 - [TEST_STEP][PASSED] - click(findTestObject("2-OBJECTS TAREAS SECUNDARIAS/Pruebas capacitacion/Comprobar Parametros/a_Clase De Puesto")): Object: 'Object Repository/2-OBJECTS TAREAS SECUNDARIAS/Pruebas capacitacion/Comprobar Parametros/a_Clase De Puesto' is clicked on

2023-03-09 14:14:36 - [MESSAGE][PASSED] - Object: 'Object Repository/2-OBJECTS TAREAS SECUNDARIAS/Pruebas capacitacion/Comprobar Parametros/a_Clase De Puesto' is clicked on

2023-03-09 14:14:36 - [TEST_STEP][PASSED] - waitForElementVisible(findTestObject("2-OBJECTS TAREAS SECUNDARIAS/Pruebas capacitacion/Comprobar Parametros/a_Nuevo"), 0): Object 'Object Repository/2-OBJECTS TAREAS SECUNDARIAS/Pruebas capacitacion/Comprobar Parametros/a_Nuevo' is visible

2023-03-09 14:14:36 - [MESSAGE][WARNING] - Timeout '0' is invalid. Using default page load timeout: '37'

2023-03-09 14:14:36 - [MESSAGE][PASSED] - Object 'Object Repository/2-OBJECTS TAREAS SECUNDARIAS/Pruebas capacitacion/Comprobar Parametros/a_Nuevo' is visible

2023-03-09 14:14:36 - [TEST_STEP][PASSED] - click(findTestObject("2-OBJECTS TAREAS SECUNDARIAS/Pruebas capacitacion/Comprobar Parametros/a_Ubicacin  Fsica")): Object: 'Object Repository/2-OBJECTS TAREAS SECUNDARIAS/Pruebas capacitacion/Comprobar Parametros/a_Ubicacin  Fsica' is clicked on

2023-03-09 14:14:37 - [MESSAGE][PASSED] - Object: 'Object Repository/2-OBJECTS TAREAS SECUNDARIAS/Pruebas capacitacion/Comprobar Parametros/a_Ubicacin  Fsica' is clicked on

2023-03-09 14:14:37 - [TEST_STEP][PASSED] - waitForElementVisible(findTestObject("2-OBJECTS TAREAS SECUNDARIAS/Pruebas capacitacion/Comprobar Parametros/a_Nuevo"), 0): Object 'Object Repository/2-OBJECTS TAREAS SECUNDARIAS/Pruebas capacitacion/Comprobar Parametros/a_Nuevo' is visible

2023-03-09 14:14:37 - [MESSAGE][WARNING] - Timeout '0' is invalid. Using default page load timeout: '37'

2023-03-09 14:14:38 - [MESSAGE][PASSED] - Object 'Object Repository/2-OBJECTS TAREAS SECUNDARIAS/Pruebas capacitacion/Comprobar Parametros/a_Nuevo' is visible

2023-03-09 14:14:38 - [TEST_STEP][PASSED] - click(findTestObject("2-OBJECTS TAREAS SECUNDARIAS/Pruebas capacitacion/Comprobar Parametros/a_Gestin Sucursales")): Object: 'Object Repository/2-OBJECTS TAREAS SECUNDARIAS/Pruebas capacitacion/Comprobar Parametros/a_Gestin Sucursales' is clicked on

2023-03-09 14:14:38 - [MESSAGE][PASSED] - Object: 'Object Repository/2-OBJECTS TAREAS SECUNDARIAS/Pruebas capacitacion/Comprobar Parametros/a_Gestin Sucursales' is clicked on

2023-03-09 14:14:38 - [TEST_STEP][PASSED] - waitForElementVisible(findTestObject("2-OBJECTS TAREAS SECUNDARIAS/Pruebas capacitacion/Comprobar Parametros/a_Nuevo"), 0): Object 'Object Repository/2-OBJECTS TAREAS SECUNDARIAS/Pruebas capacitacion/Comprobar Parametros/a_Nuevo' is visible

2023-03-09 14:14:38 - [MESSAGE][WARNING] - Timeout '0' is invalid. Using default page load timeout: '37'

2023-03-09 14:14:39 - [MESSAGE][PASSED] - Object 'Object Repository/2-OBJECTS TAREAS SECUNDARIAS/Pruebas capacitacion/Comprobar Parametros/a_Nuevo' is visible

2023-03-09 14:14:39 - [TEST_STEP][PASSED] - click(findTestObject("2-OBJECTS TAREAS SECUNDARIAS/Pruebas capacitacion/Comprobar Parametros/a_Sucursal")): Object: 'Object Repository/2-OBJECTS TAREAS SECUNDARIAS/Pruebas capacitacion/Comprobar Parametros/a_Sucursal' is clicked on

2023-03-09 14:14:39 - [MESSAGE][PASSED] - Object: 'Object Repository/2-OBJECTS TAREAS SECUNDARIAS/Pruebas capacitacion/Comprobar Parametros/a_Sucursal' is clicked on

2023-03-09 14:14:39 - [TEST_STEP][PASSED] - waitForElementVisible(findTestObject("2-OBJECTS TAREAS SECUNDARIAS/Pruebas capacitacion/Comprobar Parametros/a_Nuevo"), 0): Object 'Object Repository/2-OBJECTS TAREAS SECUNDARIAS/Pruebas capacitacion/Comprobar Parametros/a_Nuevo' is visible

2023-03-09 14:14:39 - [MESSAGE][WARNING] - Timeout '0' is invalid. Using default page load timeout: '37'

2023-03-09 14:14:40 - [MESSAGE][PASSED] - Object 'Object Repository/2-OBJECTS TAREAS SECUNDARIAS/Pruebas capacitacion/Comprobar Parametros/a_Nuevo' is visible

2023-03-09 14:14:40 - [TEST_STEP][PASSED] - click(findTestObject("2-OBJECTS TAREAS SECUNDARIAS/Pruebas capacitacion/Comprobar Parametros/a_Objetivo")): Object: 'Object Repository/2-OBJECTS TAREAS SECUNDARIAS/Pruebas capacitacion/Comprobar Parametros/a_Objetivo' is clicked on

2023-03-09 14:14:40 - [MESSAGE][PASSED] - Object: 'Object Repository/2-OBJECTS TAREAS SECUNDARIAS/Pruebas capacitacion/Comprobar Parametros/a_Objetivo' is clicked on

2023-03-09 14:14:40 - [TEST_STEP][PASSED] - waitForElementVisible(findTestObject("2-OBJECTS TAREAS SECUNDARIAS/Pruebas capacitacion/Comprobar Parametros/a_Nuevo"), 0): Object 'Object Repository/2-OBJECTS TAREAS SECUNDARIAS/Pruebas capacitacion/Comprobar Parametros/a_Nuevo' is visible

2023-03-09 14:14:40 - [MESSAGE][WARNING] - Timeout '0' is invalid. Using default page load timeout: '37'

2023-03-09 14:14:41 - [MESSAGE][PASSED] - Object 'Object Repository/2-OBJECTS TAREAS SECUNDARIAS/Pruebas capacitacion/Comprobar Parametros/a_Nuevo' is visible

2023-03-09 14:14:41 - [TEST_STEP][PASSED] - click(findTestObject("2-OBJECTS TAREAS SECUNDARIAS/Pruebas capacitacion/Comprobar Parametros/a_Unidad Transversal"), STOP_ON_FAILURE): Object: 'Object Repository/2-OBJECTS TAREAS SECUNDARIAS/Pruebas capacitacion/Comprobar Parametros/a_Unidad Transversal' is clicked on

2023-03-09 14:14:41 - [MESSAGE][PASSED] - Object: 'Object Repository/2-OBJECTS TAREAS SECUNDARIAS/Pruebas capacitacion/Comprobar Parametros/a_Unidad Transversal' is clicked on

2023-03-09 14:14:41 - [TEST_STEP][PASSED] - waitForElementVisible(findTestObject("2-OBJECTS TAREAS SECUNDARIAS/Pruebas capacitacion/Comprobar Parametros/a_Nuevo"), 0): Object 'Object Repository/2-OBJECTS TAREAS SECUNDARIAS/Pruebas capacitacion/Comprobar Parametros/a_Nuevo' is visible

2023-03-09 14:14:42 - [MESSAGE][WARNING] - Timeout '0' is invalid. Using default page load timeout: '37'

2023-03-09 14:14:42 - [MESSAGE][PASSED] - Object 'Object Repository/2-OBJECTS TAREAS SECUNDARIAS/Pruebas capacitacion/Comprobar Parametros/a_Nuevo' is visible

2023-03-09 14:14:42 - [TEST_STEP][PASSED] - setText(findTestObject("2-OBJECTS TAREAS SECUNDARIAS/Pruebas capacitacion/Comprobar Parametros/input_Empresa 1_form_templatej_idt24_input"), "Parametros Plantillas (com)"): Text 'Parametros Plantillas (com)' is set on object 'Object Repository/2-OBJECTS TAREAS SECUNDARIAS/Pruebas capacitacion/Comprobar Parametros/input_Empresa 1_form_templatej_idt24_input'

2023-03-09 14:14:43 - [MESSAGE][PASSED] - Text 'Parametros Plantillas (com)' is set on object 'Object Repository/2-OBJECTS TAREAS SECUNDARIAS/Pruebas capacitacion/Comprobar Parametros/input_Empresa 1_form_templatej_idt24_input'

2023-03-09 14:14:43 - [TEST_STEP][PASSED] - click(findTestObject("2-OBJECTS TAREAS SECUNDARIAS/Pruebas capacitacion/Comprobar Parametros/li_Parametros")): Object: 'Object Repository/2-OBJECTS TAREAS SECUNDARIAS/Pruebas capacitacion/Comprobar Parametros/li_Parametros' is clicked on

2023-03-09 14:14:44 - [MESSAGE][PASSED] - Object: 'Object Repository/2-OBJECTS TAREAS SECUNDARIAS/Pruebas capacitacion/Comprobar Parametros/li_Parametros' is clicked on

2023-03-09 14:14:44 - [TEST_STEP][PASSED] - waitForElementVisible(findTestObject("2-OBJECTS TAREAS SECUNDARIAS/Pruebas capacitacion/Comprobar Parametros/a_Nuevo"), 0): Object 'Object Repository/2-OBJECTS TAREAS SECUNDARIAS/Pruebas capacitacion/Comprobar Parametros/a_Nuevo' is visible

2023-03-09 14:14:44 - [MESSAGE][WARNING] - Timeout '0' is invalid. Using default page load timeout: '37'

2023-03-09 14:14:47 - [MESSAGE][PASSED] - Object 'Object Repository/2-OBJECTS TAREAS SECUNDARIAS/Pruebas capacitacion/Comprobar Parametros/a_Nuevo' is visible

2023-03-09 14:14:47 - [TEST_STEP][PASSED] - setText(findTestObject("2-OBJECTS TAREAS SECUNDARIAS/Pruebas capacitacion/Comprobar Parametros/input_Empresa 1_form_templatej_idt24_input"), "Parametros Viaticos (act)"): Text 'Parametros Viaticos (act)' is set on object 'Object Repository/2-OBJECTS TAREAS SECUNDARIAS/Pruebas capacitacion/Comprobar Parametros/input_Empresa 1_form_templatej_idt24_input'

2023-03-09 14:14:48 - [MESSAGE][PASSED] - Text 'Parametros Viaticos (act)' is set on object 'Object Repository/2-OBJECTS TAREAS SECUNDARIAS/Pruebas capacitacion/Comprobar Parametros/input_Empresa 1_form_templatej_idt24_input'

2023-03-09 14:14:48 - [TEST_STEP][PASSED] - click(findTestObject("2-OBJECTS TAREAS SECUNDARIAS/Pruebas capacitacion/Comprobar Parametros/li_Parametros")): Object: 'Object Repository/2-OBJECTS TAREAS SECUNDARIAS/Pruebas capacitacion/Comprobar Parametros/li_Parametros' is clicked on

2023-03-09 14:14:50 - [MESSAGE][PASSED] - Object: 'Object Repository/2-OBJECTS TAREAS SECUNDARIAS/Pruebas capacitacion/Comprobar Parametros/li_Parametros' is clicked on

2023-03-09 14:14:50 - [TEST_STEP][PASSED] - comment("NO FUNCIONA"): NO FUNCIONA

2023-03-09 14:14:50 - [MESSAGE][INFO] - NO FUNCIONA

2023-03-09 14:14:50 - [TEST_STEP][PASSED] - back(): Navigate back successfully

2023-03-09 14:14:51 - [MESSAGE][PASSED] - Navigate back successfully

2023-03-09 14:14:51 - [TEST_STEP][PASSED] - setText(findTestObject("2-OBJECTS TAREAS SECUNDARIAS/Pruebas capacitacion/Comprobar Parametros/input_Empresa 1_form_templatej_idt24_input"), "Parametros del Cargo (com)"): Text 'Parametros del Cargo (com)' is set on object 'Object Repository/2-OBJECTS TAREAS SECUNDARIAS/Pruebas capacitacion/Comprobar Parametros/input_Empresa 1_form_templatej_idt24_input'

2023-03-09 14:14:52 - [MESSAGE][PASSED] - Text 'Parametros del Cargo (com)' is set on object 'Object Repository/2-OBJECTS TAREAS SECUNDARIAS/Pruebas capacitacion/Comprobar Parametros/input_Empresa 1_form_templatej_idt24_input'

2023-03-09 14:14:52 - [TEST_STEP][PASSED] - click(findTestObject("2-OBJECTS TAREAS SECUNDARIAS/Pruebas capacitacion/Comprobar Parametros/li_Parametros")): Object: 'Object Repository/2-OBJECTS TAREAS SECUNDARIAS/Pruebas capacitacion/Comprobar Parametros/li_Parametros' is clicked on

2023-03-09 14:14:54 - [MESSAGE][PASSED] - Object: 'Object Repository/2-OBJECTS TAREAS SECUNDARIAS/Pruebas capacitacion/Comprobar Parametros/li_Parametros' is clicked on

2023-03-09 14:14:54 - [TEST_STEP][PASSED] - parCargo(): null

2023-03-09 14:14:54 - [TEST_STEP][PASSED] - click(findTestObject("2-OBJECTS TAREAS SECUNDARIAS/Pruebas capacitacion/Comprobar Parametros/a_Nivel Cargo")): Object: 'Object Repository/2-OBJECTS TAREAS SECUNDARIAS/Pruebas capacitacion/Comprobar Parametros/a_Nivel Cargo' is clicked on

2023-03-09 14:14:56 - [MESSAGE][PASSED] - Object: 'Object Repository/2-OBJECTS TAREAS SECUNDARIAS/Pruebas capacitacion/Comprobar Parametros/a_Nivel Cargo' is clicked on

2023-03-09 14:14:56 - [TEST_STEP][PASSED] - waitForElementVisible(findTestObject("2-OBJECTS TAREAS SECUNDARIAS/Pruebas capacitacion/Comprobar Parametros/a_Nuevo"), 0): Object 'Object Repository/2-OBJECTS TAREAS SECUNDARIAS/Pruebas capacitacion/Comprobar Parametros/a_Nuevo' is visible

2023-03-09 14:14:56 - [MESSAGE][WARNING] - Timeout '0' is invalid. Using default page load timeout: '37'

2023-03-09 14:14:56 - [MESSAGE][PASSED] - Object 'Object Repository/2-OBJECTS TAREAS SECUNDARIAS/Pruebas capacitacion/Comprobar Parametros/a_Nuevo' is visible

2023-03-09 14:14:56 - [TEST_STEP][PASSED] - click(findTestObject("2-OBJECTS TAREAS SECUNDARIAS/Pruebas capacitacion/Comprobar Parametros/a_Categora")): Object: 'Object Repository/2-OBJECTS TAREAS SECUNDARIAS/Pruebas capacitacion/Comprobar Parametros/a_Categora' is clicked on

2023-03-09 14:14:57 - [MESSAGE][PASSED] - Object: 'Object Repository/2-OBJECTS TAREAS SECUNDARIAS/Pruebas capacitacion/Comprobar Parametros/a_Categora' is clicked on

2023-03-09 14:14:57 - [TEST_STEP][PASSED] - waitForElementVisible(findTestObject("2-OBJECTS TAREAS SECUNDARIAS/Pruebas capacitacion/Comprobar Parametros/a_Nuevo"), 0): Object 'Object Repository/2-OBJECTS TAREAS SECUNDARIAS/Pruebas capacitacion/Comprobar Parametros/a_Nuevo' is visible

2023-03-09 14:14:57 - [MESSAGE][WARNING] - Timeout '0' is invalid. Using default page load timeout: '37'

2023-03-09 14:14:57 - [MESSAGE][PASSED] - Object 'Object Repository/2-OBJECTS TAREAS SECUNDARIAS/Pruebas capacitacion/Comprobar Parametros/a_Nuevo' is visible

2023-03-09 14:14:57 - [TEST_STEP][PASSED] - click(findTestObject("2-OBJECTS TAREAS SECUNDARIAS/Pruebas capacitacion/Comprobar Parametros/a_Clasificacin")): Object: 'Object Repository/2-OBJECTS TAREAS SECUNDARIAS/Pruebas capacitacion/Comprobar Parametros/a_Clasificacin' is clicked on

2023-03-09 14:14:58 - [MESSAGE][PASSED] - Object: 'Object Repository/2-OBJECTS TAREAS SECUNDARIAS/Pruebas capacitacion/Comprobar Parametros/a_Clasificacin' is clicked on

2023-03-09 14:14:58 - [TEST_STEP][PASSED] - waitForElementVisible(findTestObject("2-OBJECTS TAREAS SECUNDARIAS/Pruebas capacitacion/Comprobar Parametros/a_Nuevo"), 0): Object 'Object Repository/2-OBJECTS TAREAS SECUNDARIAS/Pruebas capacitacion/Comprobar Parametros/a_Nuevo' is visible

2023-03-09 14:14:58 - [MESSAGE][WARNING] - Timeout '0' is invalid. Using default page load timeout: '37'

2023-03-09 14:14:58 - [MESSAGE][PASSED] - Object 'Object Repository/2-OBJECTS TAREAS SECUNDARIAS/Pruebas capacitacion/Comprobar Parametros/a_Nuevo' is visible

2023-03-09 14:14:58 - [TEST_STEP][PASSED] - click(findTestObject("2-OBJECTS TAREAS SECUNDARIAS/Pruebas capacitacion/Comprobar Parametros/a_Cargo Genrico")): Object: 'Object Repository/2-OBJECTS TAREAS SECUNDARIAS/Pruebas capacitacion/Comprobar Parametros/a_Cargo Genrico' is clicked on

2023-03-09 14:14:59 - [MESSAGE][PASSED] - Object: 'Object Repository/2-OBJECTS TAREAS SECUNDARIAS/Pruebas capacitacion/Comprobar Parametros/a_Cargo Genrico' is clicked on

2023-03-09 14:14:59 - [TEST_STEP][PASSED] - waitForElementVisible(findTestObject("2-OBJECTS TAREAS SECUNDARIAS/Pruebas capacitacion/Comprobar Parametros/a_Nuevo"), 0): Object 'Object Repository/2-OBJECTS TAREAS SECUNDARIAS/Pruebas capacitacion/Comprobar Parametros/a_Nuevo' is visible

2023-03-09 14:14:59 - [MESSAGE][WARNING] - Timeout '0' is invalid. Using default page load timeout: '37'

2023-03-09 14:14:59 - [MESSAGE][PASSED] - Object 'Object Repository/2-OBJECTS TAREAS SECUNDARIAS/Pruebas capacitacion/Comprobar Parametros/a_Nuevo' is visible

2023-03-09 14:14:59 - [TEST_STEP][PASSED] - click(findTestObject("2-OBJECTS TAREAS SECUNDARIAS/Pruebas capacitacion/Comprobar Parametros/a_Cargo")): Object: 'Object Repository/2-OBJECTS TAREAS SECUNDARIAS/Pruebas capacitacion/Comprobar Parametros/a_Cargo' is clicked on

2023-03-09 14:15:00 - [MESSAGE][PASSED] - Object: 'Object Repository/2-OBJECTS TAREAS SECUNDARIAS/Pruebas capacitacion/Comprobar Parametros/a_Cargo' is clicked on

2023-03-09 14:15:00 - [TEST_STEP][PASSED] - waitForElementVisible(findTestObject("2-OBJECTS TAREAS SECUNDARIAS/Pruebas capacitacion/Comprobar Parametros/a_Nuevo"), 0): Object 'Object Repository/2-OBJECTS TAREAS SECUNDARIAS/Pruebas capacitacion/Comprobar Parametros/a_Nuevo' is visible

2023-03-09 14:15:00 - [MESSAGE][WARNING] - Timeout '0' is invalid. Using default page load timeout: '37'

2023-03-09 14:15:00 - [MESSAGE][PASSED] - Object 'Object Repository/2-OBJECTS TAREAS SECUNDARIAS/Pruebas capacitacion/Comprobar Parametros/a_Nuevo' is visible

2023-03-09 14:15:00 - [TEST_STEP][PASSED] - click(findTestObject("2-OBJECTS TAREAS SECUNDARIAS/Pruebas capacitacion/Comprobar Parametros/a_Rol")): Object: 'Object Repository/2-OBJECTS TAREAS SECUNDARIAS/Pruebas capacitacion/Comprobar Parametros/a_Rol' is clicked on

2023-03-09 14:15:01 - [MESSAGE][PASSED] - Object: 'Object Repository/2-OBJECTS TAREAS SECUNDARIAS/Pruebas capacitacion/Comprobar Parametros/a_Rol' is clicked on

2023-03-09 14:15:01 - [TEST_STEP][PASSED] - waitForElementVisible(findTestObject("2-OBJECTS TAREAS SECUNDARIAS/Pruebas capacitacion/Comprobar Parametros/a_Nuevo"), 0): Object 'Object Repository/2-OBJECTS TAREAS SECUNDARIAS/Pruebas capacitacion/Comprobar Parametros/a_Nuevo' is visible

2023-03-09 14:15:01 - [MESSAGE][WARNING] - Timeout '0' is invalid. Using default page load timeout: '37'

2023-03-09 14:15:02 - [MESSAGE][PASSED] - Object 'Object Repository/2-OBJECTS TAREAS SECUNDARIAS/Pruebas capacitacion/Comprobar Parametros/a_Nuevo' is visible

2023-03-09 14:15:02 - [TEST_STEP][PASSED] - setText(findTestObject("2-OBJECTS TAREAS SECUNDARIAS/Pruebas capacitacion/Comprobar Parametros/input_Empresa 1_form_templatej_idt24_input"), "Parametros (get)"): Text 'Parametros (get)' is set on object 'Object Repository/2-OBJECTS TAREAS SECUNDARIAS/Pruebas capacitacion/Comprobar Parametros/input_Empresa 1_form_templatej_idt24_input'

2023-03-09 14:15:02 - [MESSAGE][PASSED] - Text 'Parametros (get)' is set on object 'Object Repository/2-OBJECTS TAREAS SECUNDARIAS/Pruebas capacitacion/Comprobar Parametros/input_Empresa 1_form_templatej_idt24_input'

2023-03-09 14:15:02 - [TEST_STEP][PASSED] - click(findTestObject("2-OBJECTS TAREAS SECUNDARIAS/Pruebas capacitacion/Comprobar Parametros/li_Parametros")): Object: 'Object Repository/2-OBJECTS TAREAS SECUNDARIAS/Pruebas capacitacion/Comprobar Parametros/li_Parametros' is clicked on

2023-03-09 14:15:04 - [MESSAGE][PASSED] - Object: 'Object Repository/2-OBJECTS TAREAS SECUNDARIAS/Pruebas capacitacion/Comprobar Parametros/li_Parametros' is clicked on

2023-03-09 14:15:04 - [TEST_STEP][PASSED] - waitForElementVisible(findTestObject("2-OBJECTS TAREAS SECUNDARIAS/Pruebas capacitacion/Comprobar Parametros/a_Nuevo"), 0): Object 'Object Repository/2-OBJECTS TAREAS SECUNDARIAS/Pruebas capacitacion/Comprobar Parametros/a_Nuevo' is visible

2023-03-09 14:15:04 - [MESSAGE][WARNING] - Timeout '0' is invalid. Using default page load timeout: '37'

2023-03-09 14:15:06 - [MESSAGE][PASSED] - Object 'Object Repository/2-OBJECTS TAREAS SECUNDARIAS/Pruebas capacitacion/Comprobar Parametros/a_Nuevo' is visible

2023-03-09 14:15:06 - [TEST_STEP][PASSED] - setText(findTestObject("2-OBJECTS TAREAS SECUNDARIAS/Pruebas capacitacion/Comprobar Parametros/input_Empresa 1_form_templatej_idt24_input"), "Parametros Cartera (cae)"): Text 'Parametros Cartera (cae)' is set on object 'Object Repository/2-OBJECTS TAREAS SECUNDARIAS/Pruebas capacitacion/Comprobar Parametros/input_Empresa 1_form_templatej_idt24_input'

2023-03-09 14:15:07 - [MESSAGE][PASSED] - Text 'Parametros Cartera (cae)' is set on object 'Object Repository/2-OBJECTS TAREAS SECUNDARIAS/Pruebas capacitacion/Comprobar Parametros/input_Empresa 1_form_templatej_idt24_input'

2023-03-09 14:15:07 - [TEST_STEP][PASSED] - click(findTestObject("2-OBJECTS TAREAS SECUNDARIAS/Pruebas capacitacion/Comprobar Parametros/li_Parametros")): Object: 'Object Repository/2-OBJECTS TAREAS SECUNDARIAS/Pruebas capacitacion/Comprobar Parametros/li_Parametros' is clicked on

2023-03-09 14:15:09 - [MESSAGE][PASSED] - Object: 'Object Repository/2-OBJECTS TAREAS SECUNDARIAS/Pruebas capacitacion/Comprobar Parametros/li_Parametros' is clicked on

2023-03-09 14:15:09 - [TEST_STEP][PASSED] - parCartera(): null

2023-03-09 14:15:09 - [TEST_STEP][PASSED] - click(findTestObject("2-OBJECTS TAREAS SECUNDARIAS/Pruebas capacitacion/Comprobar Parametros/a_Etapas")): Object: 'Object Repository/2-OBJECTS TAREAS SECUNDARIAS/Pruebas capacitacion/Comprobar Parametros/a_Etapas' is clicked on

2023-03-09 14:15:11 - [MESSAGE][PASSED] - Object: 'Object Repository/2-OBJECTS TAREAS SECUNDARIAS/Pruebas capacitacion/Comprobar Parametros/a_Etapas' is clicked on

2023-03-09 14:15:11 - [TEST_STEP][PASSED] - waitForElementVisible(findTestObject("2-OBJECTS TAREAS SECUNDARIAS/Pruebas capacitacion/Comprobar Parametros/a_Nuevo"), 0): Object 'Object Repository/2-OBJECTS TAREAS SECUNDARIAS/Pruebas capacitacion/Comprobar Parametros/a_Nuevo' is visible

2023-03-09 14:15:11 - [MESSAGE][WARNING] - Timeout '0' is invalid. Using default page load timeout: '37'

2023-03-09 14:15:12 - [MESSAGE][PASSED] - Object 'Object Repository/2-OBJECTS TAREAS SECUNDARIAS/Pruebas capacitacion/Comprobar Parametros/a_Nuevo' is visible

2023-03-09 14:15:12 - [TEST_STEP][PASSED] - click(findTestObject("2-OBJECTS TAREAS SECUNDARIAS/Pruebas capacitacion/Comprobar Parametros/a_Lnea  De Crdito")): Object: 'Object Repository/2-OBJECTS TAREAS SECUNDARIAS/Pruebas capacitacion/Comprobar Parametros/a_Lnea  De Crdito' is clicked on

2023-03-09 14:15:12 - [MESSAGE][PASSED] - Object: 'Object Repository/2-OBJECTS TAREAS SECUNDARIAS/Pruebas capacitacion/Comprobar Parametros/a_Lnea  De Crdito' is clicked on

2023-03-09 14:15:12 - [TEST_STEP][PASSED] - waitForElementVisible(findTestObject("2-OBJECTS TAREAS SECUNDARIAS/Pruebas capacitacion/Comprobar Parametros/a_Nuevo"), 0): Object 'Object Repository/2-OBJECTS TAREAS SECUNDARIAS/Pruebas capacitacion/Comprobar Parametros/a_Nuevo' is visible

2023-03-09 14:15:12 - [MESSAGE][WARNING] - Timeout '0' is invalid. Using default page load timeout: '37'

2023-03-09 14:15:13 - [MESSAGE][PASSED] - Object 'Object Repository/2-OBJECTS TAREAS SECUNDARIAS/Pruebas capacitacion/Comprobar Parametros/a_Nuevo' is visible

2023-03-09 14:15:13 - [TEST_STEP][PASSED] - click(findTestObject("2-OBJECTS TAREAS SECUNDARIAS/Pruebas capacitacion/Comprobar Parametros/a_Lnea  De Crdito-Etapa")): Object: 'Object Repository/2-OBJECTS TAREAS SECUNDARIAS/Pruebas capacitacion/Comprobar Parametros/a_Lnea  De Crdito-Etapa' is clicked on

2023-03-09 14:15:13 - [MESSAGE][PASSED] - Object: 'Object Repository/2-OBJECTS TAREAS SECUNDARIAS/Pruebas capacitacion/Comprobar Parametros/a_Lnea  De Crdito-Etapa' is clicked on

2023-03-09 14:15:13 - [TEST_STEP][PASSED] - waitForElementVisible(findTestObject("2-OBJECTS TAREAS SECUNDARIAS/Pruebas capacitacion/Comprobar Parametros/a_Nuevo"), 0): Object 'Object Repository/2-OBJECTS TAREAS SECUNDARIAS/Pruebas capacitacion/Comprobar Parametros/a_Nuevo' is visible

2023-03-09 14:15:13 - [MESSAGE][WARNING] - Timeout '0' is invalid. Using default page load timeout: '37'

2023-03-09 14:15:14 - [MESSAGE][PASSED] - Object 'Object Repository/2-OBJECTS TAREAS SECUNDARIAS/Pruebas capacitacion/Comprobar Parametros/a_Nuevo' is visible

2023-03-09 14:15:14 - [TEST_STEP][PASSED] - click(findTestObject("2-OBJECTS TAREAS SECUNDARIAS/Pruebas capacitacion/Comprobar Parametros/a_Modalidades")): Object: 'Object Repository/2-OBJECTS TAREAS SECUNDARIAS/Pruebas capacitacion/Comprobar Parametros/a_Modalidades' is clicked on

2023-03-09 14:15:14 - [MESSAGE][PASSED] - Object: 'Object Repository/2-OBJECTS TAREAS SECUNDARIAS/Pruebas capacitacion/Comprobar Parametros/a_Modalidades' is clicked on

2023-03-09 14:15:14 - [TEST_STEP][PASSED] - waitForElementVisible(findTestObject("2-OBJECTS TAREAS SECUNDARIAS/Pruebas capacitacion/Comprobar Parametros/a_Nuevo"), 0): Object 'Object Repository/2-OBJECTS TAREAS SECUNDARIAS/Pruebas capacitacion/Comprobar Parametros/a_Nuevo' is visible

2023-03-09 14:15:14 - [MESSAGE][WARNING] - Timeout '0' is invalid. Using default page load timeout: '37'

2023-03-09 14:15:15 - [MESSAGE][PASSED] - Object 'Object Repository/2-OBJECTS TAREAS SECUNDARIAS/Pruebas capacitacion/Comprobar Parametros/a_Nuevo' is visible

2023-03-09 14:15:15 - [TEST_STEP][PASSED] - setText(findTestObject("2-OBJECTS TAREAS SECUNDARIAS/Pruebas capacitacion/Comprobar Parametros/input_Empresa 1_form_templatej_idt24_input"), "Parametros Estado Seleccion (tal)"): Text 'Parametros Estado Seleccion (tal)' is set on object 'Object Repository/2-OBJECTS TAREAS SECUNDARIAS/Pruebas capacitacion/Comprobar Parametros/input_Empresa 1_form_templatej_idt24_input'

2023-03-09 14:15:16 - [MESSAGE][PASSED] - Text 'Parametros Estado Seleccion (tal)' is set on object 'Object Repository/2-OBJECTS TAREAS SECUNDARIAS/Pruebas capacitacion/Comprobar Parametros/input_Empresa 1_form_templatej_idt24_input'

2023-03-09 14:15:16 - [TEST_STEP][PASSED] - click(findTestObject("2-OBJECTS TAREAS SECUNDARIAS/Pruebas capacitacion/Comprobar Parametros/li_Parametros")): Object: 'Object Repository/2-OBJECTS TAREAS SECUNDARIAS/Pruebas capacitacion/Comprobar Parametros/li_Parametros' is clicked on

2023-03-09 14:15:17 - [MESSAGE][PASSED] - Object: 'Object Repository/2-OBJECTS TAREAS SECUNDARIAS/Pruebas capacitacion/Comprobar Parametros/li_Parametros' is clicked on

2023-03-09 14:15:17 - [TEST_STEP][PASSED] - parESeleccion(): null

2023-03-09 14:15:17 - [TEST_STEP][PASSED] - click(findTestObject("2-OBJECTS TAREAS SECUNDARIAS/Pruebas capacitacion/Comprobar Parametros/a_Estado Candidato")): Object: 'Object Repository/2-OBJECTS TAREAS SECUNDARIAS/Pruebas capacitacion/Comprobar Parametros/a_Estado Candidato' is clicked on

2023-03-09 14:15:19 - [MESSAGE][PASSED] - Object: 'Object Repository/2-OBJECTS TAREAS SECUNDARIAS/Pruebas capacitacion/Comprobar Parametros/a_Estado Candidato' is clicked on

2023-03-09 14:15:19 - [TEST_STEP][PASSED] - waitForElementVisible(findTestObject("2-OBJECTS TAREAS SECUNDARIAS/Pruebas capacitacion/Comprobar Parametros/a_Guardar"), 0): Object 'Object Repository/2-OBJECTS TAREAS SECUNDARIAS/Pruebas capacitacion/Comprobar Parametros/a_Guardar' is visible

2023-03-09 14:15:19 - [MESSAGE][WARNING] - Timeout '0' is invalid. Using default page load timeout: '37'

2023-03-09 14:15:20 - [MESSAGE][PASSED] - Object 'Object Repository/2-OBJECTS TAREAS SECUNDARIAS/Pruebas capacitacion/Comprobar Parametros/a_Guardar' is visible

2023-03-09 14:15:20 - [TEST_STEP][PASSED] - click(findTestObject("2-OBJECTS TAREAS SECUNDARIAS/Pruebas capacitacion/Comprobar Parametros/a_Estado Proceso Seleccin")): Object: 'Object Repository/2-OBJECTS TAREAS SECUNDARIAS/Pruebas capacitacion/Comprobar Parametros/a_Estado Proceso Seleccin' is clicked on

2023-03-09 14:15:20 - [MESSAGE][PASSED] - Object: 'Object Repository/2-OBJECTS TAREAS SECUNDARIAS/Pruebas capacitacion/Comprobar Parametros/a_Estado Proceso Seleccin' is clicked on

2023-03-09 14:15:20 - [TEST_STEP][PASSED] - waitForElementVisible(findTestObject("2-OBJECTS TAREAS SECUNDARIAS/Pruebas capacitacion/Comprobar Parametros/a_Guardar"), 0): Object 'Object Repository/2-OBJECTS TAREAS SECUNDARIAS/Pruebas capacitacion/Comprobar Parametros/a_Guardar' is visible

2023-03-09 14:15:20 - [MESSAGE][WARNING] - Timeout '0' is invalid. Using default page load timeout: '37'

2023-03-09 14:15:21 - [MESSAGE][PASSED] - Object 'Object Repository/2-OBJECTS TAREAS SECUNDARIAS/Pruebas capacitacion/Comprobar Parametros/a_Guardar' is visible

2023-03-09 14:15:21 - [TEST_STEP][PASSED] - setText(findTestObject("2-OBJECTS TAREAS SECUNDARIAS/Pruebas capacitacion/Comprobar Parametros/input_Empresa 1_form_templatej_idt24_input"), "Parametros Generales (gna)"): Text 'Parametros Generales (gna)' is set on object 'Object Repository/2-OBJECTS TAREAS SECUNDARIAS/Pruebas capacitacion/Comprobar Parametros/input_Empresa 1_form_templatej_idt24_input'

2023-03-09 14:15:22 - [MESSAGE][PASSED] - Text 'Parametros Generales (gna)' is set on object 'Object Repository/2-OBJECTS TAREAS SECUNDARIAS/Pruebas capacitacion/Comprobar Parametros/input_Empresa 1_form_templatej_idt24_input'

2023-03-09 14:15:22 - [TEST_STEP][PASSED] - click(findTestObject("2-OBJECTS TAREAS SECUNDARIAS/Pruebas capacitacion/Comprobar Parametros/li_Parametros")): Object: 'Object Repository/2-OBJECTS TAREAS SECUNDARIAS/Pruebas capacitacion/Comprobar Parametros/li_Parametros' is clicked on

2023-03-09 14:15:23 - [MESSAGE][PASSED] - Object: 'Object Repository/2-OBJECTS TAREAS SECUNDARIAS/Pruebas capacitacion/Comprobar Parametros/li_Parametros' is clicked on

2023-03-09 14:15:23 - [TEST_STEP][PASSED] - parGeneralesGna(): null

2023-03-09 14:15:23 - [TEST_STEP][PASSED] - click(findTestObject("2-OBJECTS TAREAS SECUNDARIAS/Pruebas capacitacion/Comprobar Parametros/a_Consecutivo")): Object: 'Object Repository/2-OBJECTS TAREAS SECUNDARIAS/Pruebas capacitacion/Comprobar Parametros/a_Consecutivo' is clicked on

2023-03-09 14:15:26 - [MESSAGE][PASSED] - Object: 'Object Repository/2-OBJECTS TAREAS SECUNDARIAS/Pruebas capacitacion/Comprobar Parametros/a_Consecutivo' is clicked on

2023-03-09 14:15:26 - [TEST_STEP][PASSED] - waitForElementVisible(findTestObject("2-OBJECTS TAREAS SECUNDARIAS/Pruebas capacitacion/Comprobar Parametros/a_Nuevo"), 0): Object 'Object Repository/2-OBJECTS TAREAS SECUNDARIAS/Pruebas capacitacion/Comprobar Parametros/a_Nuevo' is visible

2023-03-09 14:15:26 - [MESSAGE][WARNING] - Timeout '0' is invalid. Using default page load timeout: '37'

2023-03-09 14:15:26 - [MESSAGE][PASSED] - Object 'Object Repository/2-OBJECTS TAREAS SECUNDARIAS/Pruebas capacitacion/Comprobar Parametros/a_Nuevo' is visible

2023-03-09 14:15:26 - [TEST_STEP][PASSED] - click(findTestObject("2-OBJECTS TAREAS SECUNDARIAS/Pruebas capacitacion/Comprobar Parametros/a_Mensaje")): Object: 'Object Repository/2-OBJECTS TAREAS SECUNDARIAS/Pruebas capacitacion/Comprobar Parametros/a_Mensaje' is clicked on

2023-03-09 14:15:27 - [MESSAGE][PASSED] - Object: 'Object Repository/2-OBJECTS TAREAS SECUNDARIAS/Pruebas capacitacion/Comprobar Parametros/a_Mensaje' is clicked on

2023-03-09 14:15:27 - [TEST_STEP][PASSED] - waitForElementVisible(findTestObject("2-OBJECTS TAREAS SECUNDARIAS/Pruebas capacitacion/Comprobar Parametros/a_Nuevo"), 0): Object 'Object Repository/2-OBJECTS TAREAS SECUNDARIAS/Pruebas capacitacion/Comprobar Parametros/a_Nuevo' is visible

2023-03-09 14:15:27 - [MESSAGE][WARNING] - Timeout '0' is invalid. Using default page load timeout: '37'

2023-03-09 14:15:27 - [MESSAGE][PASSED] - Object 'Object Repository/2-OBJECTS TAREAS SECUNDARIAS/Pruebas capacitacion/Comprobar Parametros/a_Nuevo' is visible

2023-03-09 14:15:27 - [TEST_STEP][PASSED] - click(findTestObject("2-OBJECTS TAREAS SECUNDARIAS/Pruebas capacitacion/Comprobar Parametros/a_Lista Actividades")): Object: 'Object Repository/2-OBJECTS TAREAS SECUNDARIAS/Pruebas capacitacion/Comprobar Parametros/a_Lista Actividades' is clicked on

2023-03-09 14:15:28 - [MESSAGE][PASSED] - Object: 'Object Repository/2-OBJECTS TAREAS SECUNDARIAS/Pruebas capacitacion/Comprobar Parametros/a_Lista Actividades' is clicked on

2023-03-09 14:15:28 - [TEST_STEP][PASSED] - waitForElementVisible(findTestObject("2-OBJECTS TAREAS SECUNDARIAS/Pruebas capacitacion/Comprobar Parametros/a_Nuevo"), 0): Object 'Object Repository/2-OBJECTS TAREAS SECUNDARIAS/Pruebas capacitacion/Comprobar Parametros/a_Nuevo' is visible

2023-03-09 14:15:28 - [MESSAGE][WARNING] - Timeout '0' is invalid. Using default page load timeout: '37'

2023-03-09 14:15:28 - [MESSAGE][PASSED] - Object 'Object Repository/2-OBJECTS TAREAS SECUNDARIAS/Pruebas capacitacion/Comprobar Parametros/a_Nuevo' is visible

2023-03-09 14:15:28 - [TEST_STEP][PASSED] - setText(findTestObject("2-OBJECTS TAREAS SECUNDARIAS/Pruebas capacitacion/Comprobar Parametros/input_Empresa 1_form_templatej_idt24_input"), "Parametros Horarios (get)"): Text 'Parametros Horarios (get)' is set on object 'Object Repository/2-OBJECTS TAREAS SECUNDARIAS/Pruebas capacitacion/Comprobar Parametros/input_Empresa 1_form_templatej_idt24_input'

2023-03-09 14:15:29 - [MESSAGE][PASSED] - Text 'Parametros Horarios (get)' is set on object 'Object Repository/2-OBJECTS TAREAS SECUNDARIAS/Pruebas capacitacion/Comprobar Parametros/input_Empresa 1_form_templatej_idt24_input'

2023-03-09 14:15:29 - [TEST_STEP][PASSED] - click(findTestObject("2-OBJECTS TAREAS SECUNDARIAS/Pruebas capacitacion/Comprobar Parametros/li_Parametros")): Object: 'Object Repository/2-OBJECTS TAREAS SECUNDARIAS/Pruebas capacitacion/Comprobar Parametros/li_Parametros' is clicked on

2023-03-09 14:15:31 - [MESSAGE][PASSED] - Object: 'Object Repository/2-OBJECTS TAREAS SECUNDARIAS/Pruebas capacitacion/Comprobar Parametros/li_Parametros' is clicked on

2023-03-09 14:15:31 - [TEST_STEP][PASSED] - parHorarios(): null

2023-03-09 14:15:31 - [TEST_STEP][PASSED] - click(findTestObject("2-OBJECTS TAREAS SECUNDARIAS/Pruebas capacitacion/Comprobar Parametros/a_Tipo Franja")): Object: 'Object Repository/2-OBJECTS TAREAS SECUNDARIAS/Pruebas capacitacion/Comprobar Parametros/a_Tipo Franja' is clicked on

2023-03-09 14:15:34 - [MESSAGE][PASSED] - Object: 'Object Repository/2-OBJECTS TAREAS SECUNDARIAS/Pruebas capacitacion/Comprobar Parametros/a_Tipo Franja' is clicked on

2023-03-09 14:15:34 - [TEST_STEP][PASSED] - waitForElementVisible(findTestObject("2-OBJECTS TAREAS SECUNDARIAS/Pruebas capacitacion/Comprobar Parametros/a_Nuevo"), 0): Object 'Object Repository/2-OBJECTS TAREAS SECUNDARIAS/Pruebas capacitacion/Comprobar Parametros/a_Nuevo' is visible

2023-03-09 14:15:34 - [MESSAGE][WARNING] - Timeout '0' is invalid. Using default page load timeout: '37'

2023-03-09 14:15:34 - [MESSAGE][PASSED] - Object 'Object Repository/2-OBJECTS TAREAS SECUNDARIAS/Pruebas capacitacion/Comprobar Parametros/a_Nuevo' is visible

2023-03-09 14:15:34 - [TEST_STEP][PASSED] - click(findTestObject("2-OBJECTS TAREAS SECUNDARIAS/Pruebas capacitacion/Comprobar Parametros/a_Tipo Receso")): Object: 'Object Repository/2-OBJECTS TAREAS SECUNDARIAS/Pruebas capacitacion/Comprobar Parametros/a_Tipo Receso' is clicked on

2023-03-09 14:15:35 - [MESSAGE][PASSED] - Object: 'Object Repository/2-OBJECTS TAREAS SECUNDARIAS/Pruebas capacitacion/Comprobar Parametros/a_Tipo Receso' is clicked on

2023-03-09 14:15:35 - [TEST_STEP][PASSED] - waitForElementVisible(findTestObject("2-OBJECTS TAREAS SECUNDARIAS/Pruebas capacitacion/Comprobar Parametros/a_Nuevo"), 0): Object 'Object Repository/2-OBJECTS TAREAS SECUNDARIAS/Pruebas capacitacion/Comprobar Parametros/a_Nuevo' is visible

2023-03-09 14:15:35 - [MESSAGE][WARNING] - Timeout '0' is invalid. Using default page load timeout: '37'

2023-03-09 14:15:35 - [MESSAGE][PASSED] - Object 'Object Repository/2-OBJECTS TAREAS SECUNDARIAS/Pruebas capacitacion/Comprobar Parametros/a_Nuevo' is visible

2023-03-09 14:15:35 - [TEST_STEP][PASSED] - click(findTestObject("2-OBJECTS TAREAS SECUNDARIAS/Pruebas capacitacion/Comprobar Parametros/a_Tipo Horario")): Object: 'Object Repository/2-OBJECTS TAREAS SECUNDARIAS/Pruebas capacitacion/Comprobar Parametros/a_Tipo Horario' is clicked on

2023-03-09 14:15:36 - [MESSAGE][PASSED] - Object: 'Object Repository/2-OBJECTS TAREAS SECUNDARIAS/Pruebas capacitacion/Comprobar Parametros/a_Tipo Horario' is clicked on

2023-03-09 14:15:36 - [TEST_STEP][PASSED] - waitForElementVisible(findTestObject("2-OBJECTS TAREAS SECUNDARIAS/Pruebas capacitacion/Comprobar Parametros/a_Nuevo"), 0): Object 'Object Repository/2-OBJECTS TAREAS SECUNDARIAS/Pruebas capacitacion/Comprobar Parametros/a_Nuevo' is visible

2023-03-09 14:15:36 - [MESSAGE][WARNING] - Timeout '0' is invalid. Using default page load timeout: '37'

2023-03-09 14:15:36 - [MESSAGE][PASSED] - Object 'Object Repository/2-OBJECTS TAREAS SECUNDARIAS/Pruebas capacitacion/Comprobar Parametros/a_Nuevo' is visible

2023-03-09 14:15:36 - [TEST_STEP][PASSED] - click(findTestObject("2-OBJECTS TAREAS SECUNDARIAS/Pruebas capacitacion/Comprobar Parametros/a_Sitios")): Object: 'Object Repository/2-OBJECTS TAREAS SECUNDARIAS/Pruebas capacitacion/Comprobar Parametros/a_Sitios' is clicked on

2023-03-09 14:15:37 - [MESSAGE][PASSED] - Object: 'Object Repository/2-OBJECTS TAREAS SECUNDARIAS/Pruebas capacitacion/Comprobar Parametros/a_Sitios' is clicked on

2023-03-09 14:15:37 - [TEST_STEP][PASSED] - waitForElementVisible(findTestObject("2-OBJECTS TAREAS SECUNDARIAS/Pruebas capacitacion/Comprobar Parametros/a_Nuevo"), 0): Object 'Object Repository/2-OBJECTS TAREAS SECUNDARIAS/Pruebas capacitacion/Comprobar Parametros/a_Nuevo' is visible

2023-03-09 14:15:37 - [MESSAGE][WARNING] - Timeout '0' is invalid. Using default page load timeout: '37'

2023-03-09 14:15:37 - [MESSAGE][PASSED] - Object 'Object Repository/2-OBJECTS TAREAS SECUNDARIAS/Pruebas capacitacion/Comprobar Parametros/a_Nuevo' is visible

2023-03-09 14:15:37 - [TEST_STEP][PASSED] - click(findTestObject("2-OBJECTS TAREAS SECUNDARIAS/Pruebas capacitacion/Comprobar Parametros/a_Sitios Externos")): Object: 'Object Repository/2-OBJECTS TAREAS SECUNDARIAS/Pruebas capacitacion/Comprobar Parametros/a_Sitios Externos' is clicked on

2023-03-09 14:15:38 - [MESSAGE][PASSED] - Object: 'Object Repository/2-OBJECTS TAREAS SECUNDARIAS/Pruebas capacitacion/Comprobar Parametros/a_Sitios Externos' is clicked on

2023-03-09 14:15:38 - [TEST_STEP][PASSED] - waitForElementVisible(findTestObject("2-OBJECTS TAREAS SECUNDARIAS/Pruebas capacitacion/Comprobar Parametros/a_Nuevo"), 0): Object 'Object Repository/2-OBJECTS TAREAS SECUNDARIAS/Pruebas capacitacion/Comprobar Parametros/a_Nuevo' is visible

2023-03-09 14:15:38 - [MESSAGE][WARNING] - Timeout '0' is invalid. Using default page load timeout: '37'

2023-03-09 14:15:38 - [MESSAGE][PASSED] - Object 'Object Repository/2-OBJECTS TAREAS SECUNDARIAS/Pruebas capacitacion/Comprobar Parametros/a_Nuevo' is visible

2023-03-09 14:15:38 - [TEST_STEP][PASSED] - click(findTestObject("2-OBJECTS TAREAS SECUNDARIAS/Pruebas capacitacion/Comprobar Parametros/a_Grupo")): Object: 'Object Repository/2-OBJECTS TAREAS SECUNDARIAS/Pruebas capacitacion/Comprobar Parametros/a_Grupo' is clicked on

2023-03-09 14:15:39 - [MESSAGE][PASSED] - Object: 'Object Repository/2-OBJECTS TAREAS SECUNDARIAS/Pruebas capacitacion/Comprobar Parametros/a_Grupo' is clicked on

2023-03-09 14:15:39 - [TEST_STEP][PASSED] - waitForElementVisible(findTestObject("2-OBJECTS TAREAS SECUNDARIAS/Pruebas capacitacion/Comprobar Parametros/a_Nuevo"), 0): Object 'Object Repository/2-OBJECTS TAREAS SECUNDARIAS/Pruebas capacitacion/Comprobar Parametros/a_Nuevo' is visible

2023-03-09 14:15:39 - [MESSAGE][WARNING] - Timeout '0' is invalid. Using default page load timeout: '37'

2023-03-09 14:15:39 - [MESSAGE][PASSED] - Object 'Object Repository/2-OBJECTS TAREAS SECUNDARIAS/Pruebas capacitacion/Comprobar Parametros/a_Nuevo' is visible

2023-03-09 14:15:39 - [TEST_STEP][PASSED] - click(findTestObject("2-OBJECTS TAREAS SECUNDARIAS/Pruebas capacitacion/Comprobar Parametros/a_Ausencia")): Object: 'Object Repository/2-OBJECTS TAREAS SECUNDARIAS/Pruebas capacitacion/Comprobar Parametros/a_Ausencia' is clicked on

2023-03-09 14:15:40 - [MESSAGE][PASSED] - Object: 'Object Repository/2-OBJECTS TAREAS SECUNDARIAS/Pruebas capacitacion/Comprobar Parametros/a_Ausencia' is clicked on

2023-03-09 14:15:40 - [TEST_STEP][PASSED] - waitForElementVisible(findTestObject("2-OBJECTS TAREAS SECUNDARIAS/Pruebas capacitacion/Comprobar Parametros/a_Nuevo"), 0): Object 'Object Repository/2-OBJECTS TAREAS SECUNDARIAS/Pruebas capacitacion/Comprobar Parametros/a_Nuevo' is visible

2023-03-09 14:15:40 - [MESSAGE][WARNING] - Timeout '0' is invalid. Using default page load timeout: '37'

2023-03-09 14:15:40 - [MESSAGE][PASSED] - Object 'Object Repository/2-OBJECTS TAREAS SECUNDARIAS/Pruebas capacitacion/Comprobar Parametros/a_Nuevo' is visible

2023-03-09 14:15:40 - [TEST_STEP][PASSED] - click(findTestObject("2-OBJECTS TAREAS SECUNDARIAS/Pruebas capacitacion/Comprobar Parametros/a_Conceptos")): Object: 'Object Repository/2-OBJECTS TAREAS SECUNDARIAS/Pruebas capacitacion/Comprobar Parametros/a_Conceptos' is clicked on

2023-03-09 14:15:41 - [MESSAGE][PASSED] - Object: 'Object Repository/2-OBJECTS TAREAS SECUNDARIAS/Pruebas capacitacion/Comprobar Parametros/a_Conceptos' is clicked on

2023-03-09 14:15:41 - [TEST_STEP][PASSED] - waitForElementVisible(findTestObject("2-OBJECTS TAREAS SECUNDARIAS/Pruebas capacitacion/Comprobar Parametros/a_Nuevo"), 0): Object 'Object Repository/2-OBJECTS TAREAS SECUNDARIAS/Pruebas capacitacion/Comprobar Parametros/a_Nuevo' is visible

2023-03-09 14:15:41 - [MESSAGE][WARNING] - Timeout '0' is invalid. Using default page load timeout: '37'

2023-03-09 14:15:42 - [MESSAGE][PASSED] - Object 'Object Repository/2-OBJECTS TAREAS SECUNDARIAS/Pruebas capacitacion/Comprobar Parametros/a_Nuevo' is visible

2023-03-09 14:15:42 - [TEST_STEP][PASSED] - click(findTestObject("2-OBJECTS TAREAS SECUNDARIAS/Pruebas capacitacion/Comprobar Parametros/a_Tipo Liquidacin")): Object: 'Object Repository/2-OBJECTS TAREAS SECUNDARIAS/Pruebas capacitacion/Comprobar Parametros/a_Tipo Liquidacin' is clicked on

2023-03-09 14:15:42 - [MESSAGE][PASSED] - Object: 'Object Repository/2-OBJECTS TAREAS SECUNDARIAS/Pruebas capacitacion/Comprobar Parametros/a_Tipo Liquidacin' is clicked on

2023-03-09 14:15:42 - [TEST_STEP][PASSED] - waitForElementVisible(findTestObject("2-OBJECTS TAREAS SECUNDARIAS/Pruebas capacitacion/Comprobar Parametros/a_Nuevo"), 0): Object 'Object Repository/2-OBJECTS TAREAS SECUNDARIAS/Pruebas capacitacion/Comprobar Parametros/a_Nuevo' is visible

2023-03-09 14:15:42 - [MESSAGE][WARNING] - Timeout '0' is invalid. Using default page load timeout: '37'

2023-03-09 14:15:43 - [MESSAGE][PASSED] - Object 'Object Repository/2-OBJECTS TAREAS SECUNDARIAS/Pruebas capacitacion/Comprobar Parametros/a_Nuevo' is visible

2023-03-09 14:15:43 - [TEST_STEP][PASSED] - click(findTestObject("2-OBJECTS TAREAS SECUNDARIAS/Pruebas capacitacion/Comprobar Parametros/a_Proceso Liquidacin")): Object: 'Object Repository/2-OBJECTS TAREAS SECUNDARIAS/Pruebas capacitacion/Comprobar Parametros/a_Proceso Liquidacin' is clicked on

2023-03-09 14:15:43 - [MESSAGE][PASSED] - Object: 'Object Repository/2-OBJECTS TAREAS SECUNDARIAS/Pruebas capacitacion/Comprobar Parametros/a_Proceso Liquidacin' is clicked on

2023-03-09 14:15:43 - [TEST_STEP][PASSED] - waitForElementVisible(findTestObject("2-OBJECTS TAREAS SECUNDARIAS/Pruebas capacitacion/Comprobar Parametros/a_Nuevo"), 0): Object 'Object Repository/2-OBJECTS TAREAS SECUNDARIAS/Pruebas capacitacion/Comprobar Parametros/a_Nuevo' is visible

2023-03-09 14:15:43 - [MESSAGE][WARNING] - Timeout '0' is invalid. Using default page load timeout: '37'

2023-03-09 14:15:44 - [MESSAGE][PASSED] - Object 'Object Repository/2-OBJECTS TAREAS SECUNDARIAS/Pruebas capacitacion/Comprobar Parametros/a_Nuevo' is visible

2023-03-09 14:15:44 - [TEST_STEP][PASSED] - click(findTestObject("2-OBJECTS TAREAS SECUNDARIAS/Pruebas capacitacion/Comprobar Parametros/a_Tipo Labor")): Object: 'Object Repository/2-OBJECTS TAREAS SECUNDARIAS/Pruebas capacitacion/Comprobar Parametros/a_Tipo Labor' is clicked on

2023-03-09 14:15:44 - [MESSAGE][PASSED] - Object: 'Object Repository/2-OBJECTS TAREAS SECUNDARIAS/Pruebas capacitacion/Comprobar Parametros/a_Tipo Labor' is clicked on

2023-03-09 14:15:44 - [TEST_STEP][PASSED] - waitForElementVisible(findTestObject("2-OBJECTS TAREAS SECUNDARIAS/Pruebas capacitacion/Comprobar Parametros/a_Nuevo"), 0): Object 'Object Repository/2-OBJECTS TAREAS SECUNDARIAS/Pruebas capacitacion/Comprobar Parametros/a_Nuevo' is visible

2023-03-09 14:15:44 - [MESSAGE][WARNING] - Timeout '0' is invalid. Using default page load timeout: '37'

2023-03-09 14:15:45 - [MESSAGE][PASSED] - Object 'Object Repository/2-OBJECTS TAREAS SECUNDARIAS/Pruebas capacitacion/Comprobar Parametros/a_Nuevo' is visible

2023-03-09 14:15:45 - [TEST_STEP][PASSED] - setText(findTestObject("2-OBJECTS TAREAS SECUNDARIAS/Pruebas capacitacion/Comprobar Parametros/input_Empresa 1_form_templatej_idt24_input"), "Parametros Reporte (com)"): Text 'Parametros Reporte (com)' is set on object 'Object Repository/2-OBJECTS TAREAS SECUNDARIAS/Pruebas capacitacion/Comprobar Parametros/input_Empresa 1_form_templatej_idt24_input'

2023-03-09 14:15:46 - [MESSAGE][PASSED] - Text 'Parametros Reporte (com)' is set on object 'Object Repository/2-OBJECTS TAREAS SECUNDARIAS/Pruebas capacitacion/Comprobar Parametros/input_Empresa 1_form_templatej_idt24_input'

2023-03-09 14:15:46 - [TEST_STEP][PASSED] - click(findTestObject("2-OBJECTS TAREAS SECUNDARIAS/Pruebas capacitacion/Comprobar Parametros/li_Parametros")): Object: 'Object Repository/2-OBJECTS TAREAS SECUNDARIAS/Pruebas capacitacion/Comprobar Parametros/li_Parametros' is clicked on

2023-03-09 14:15:47 - [MESSAGE][PASSED] - Object: 'Object Repository/2-OBJECTS TAREAS SECUNDARIAS/Pruebas capacitacion/Comprobar Parametros/li_Parametros' is clicked on

2023-03-09 14:15:47 - [TEST_STEP][PASSED] - parReporte(): null

2023-03-09 14:15:47 - [TEST_STEP][PASSED] - click(findTestObject("2-OBJECTS TAREAS SECUNDARIAS/Pruebas capacitacion/Comprobar Parametros/a_EmpleadosConceptos-Malla")): Object: 'Object Repository/2-OBJECTS TAREAS SECUNDARIAS/Pruebas capacitacion/Comprobar Parametros/a_EmpleadosConceptos-Malla' is clicked on

2023-03-09 14:15:50 - [MESSAGE][PASSED] - Object: 'Object Repository/2-OBJECTS TAREAS SECUNDARIAS/Pruebas capacitacion/Comprobar Parametros/a_EmpleadosConceptos-Malla' is clicked on

2023-03-09 14:15:50 - [TEST_STEP][PASSED] - waitForElementVisible(findTestObject("2-OBJECTS TAREAS SECUNDARIAS/Pruebas capacitacion/Comprobar Parametros/a_Nuevo"), 0): Object 'Object Repository/2-OBJECTS TAREAS SECUNDARIAS/Pruebas capacitacion/Comprobar Parametros/a_Nuevo' is visible

2023-03-09 14:15:50 - [MESSAGE][WARNING] - Timeout '0' is invalid. Using default page load timeout: '37'

2023-03-09 14:15:51 - [MESSAGE][PASSED] - Object 'Object Repository/2-OBJECTS TAREAS SECUNDARIAS/Pruebas capacitacion/Comprobar Parametros/a_Nuevo' is visible

2023-03-09 14:15:51 - [TEST_STEP][PASSED] - click(findTestObject("2-OBJECTS TAREAS SECUNDARIAS/Pruebas capacitacion/Comprobar Parametros/a_Empleados y Conceptos")): Object: 'Object Repository/2-OBJECTS TAREAS SECUNDARIAS/Pruebas capacitacion/Comprobar Parametros/a_Empleados y Conceptos' is clicked on

2023-03-09 14:15:51 - [MESSAGE][PASSED] - Object: 'Object Repository/2-OBJECTS TAREAS SECUNDARIAS/Pruebas capacitacion/Comprobar Parametros/a_Empleados y Conceptos' is clicked on

2023-03-09 14:15:51 - [TEST_STEP][PASSED] - waitForElementVisible(findTestObject("2-OBJECTS TAREAS SECUNDARIAS/Pruebas capacitacion/Comprobar Parametros/a_Nuevo"), 0): Object 'Object Repository/2-OBJECTS TAREAS SECUNDARIAS/Pruebas capacitacion/Comprobar Parametros/a_Nuevo' is visible

2023-03-09 14:15:51 - [MESSAGE][WARNING] - Timeout '0' is invalid. Using default page load timeout: '37'

2023-03-09 14:15:52 - [MESSAGE][PASSED] - Object 'Object Repository/2-OBJECTS TAREAS SECUNDARIAS/Pruebas capacitacion/Comprobar Parametros/a_Nuevo' is visible

2023-03-09 14:15:52 - [TEST_STEP][PASSED] - click(findTestObject("2-OBJECTS TAREAS SECUNDARIAS/Pruebas capacitacion/Comprobar Parametros/a_Concepto por Empleado")): Object: 'Object Repository/2-OBJECTS TAREAS SECUNDARIAS/Pruebas capacitacion/Comprobar Parametros/a_Concepto por Empleado' is clicked on

2023-03-09 14:15:52 - [MESSAGE][PASSED] - Object: 'Object Repository/2-OBJECTS TAREAS SECUNDARIAS/Pruebas capacitacion/Comprobar Parametros/a_Concepto por Empleado' is clicked on

2023-03-09 14:15:52 - [TEST_STEP][PASSED] - waitForElementVisible(findTestObject("2-OBJECTS TAREAS SECUNDARIAS/Pruebas capacitacion/Comprobar Parametros/a_Nuevo"), 0): Object 'Object Repository/2-OBJECTS TAREAS SECUNDARIAS/Pruebas capacitacion/Comprobar Parametros/a_Nuevo' is visible

2023-03-09 14:15:52 - [MESSAGE][WARNING] - Timeout '0' is invalid. Using default page load timeout: '37'

2023-03-09 14:15:53 - [MESSAGE][PASSED] - Object 'Object Repository/2-OBJECTS TAREAS SECUNDARIAS/Pruebas capacitacion/Comprobar Parametros/a_Nuevo' is visible

2023-03-09 14:15:53 - [TEST_STEP][PASSED] - click(findTestObject("2-OBJECTS TAREAS SECUNDARIAS/Pruebas capacitacion/Comprobar Parametros/a_Resumen por Conceptos")): Object: 'Object Repository/2-OBJECTS TAREAS SECUNDARIAS/Pruebas capacitacion/Comprobar Parametros/a_Resumen por Conceptos' is clicked on

2023-03-09 14:15:53 - [MESSAGE][PASSED] - Object: 'Object Repository/2-OBJECTS TAREAS SECUNDARIAS/Pruebas capacitacion/Comprobar Parametros/a_Resumen por Conceptos' is clicked on

2023-03-09 14:15:53 - [TEST_STEP][PASSED] - waitForElementVisible(findTestObject("2-OBJECTS TAREAS SECUNDARIAS/Pruebas capacitacion/Comprobar Parametros/a_Nuevo"), 0): Object 'Object Repository/2-OBJECTS TAREAS SECUNDARIAS/Pruebas capacitacion/Comprobar Parametros/a_Nuevo' is visible

2023-03-09 14:15:53 - [MESSAGE][WARNING] - Timeout '0' is invalid. Using default page load timeout: '37'

2023-03-09 14:15:54 - [MESSAGE][PASSED] - Object 'Object Repository/2-OBJECTS TAREAS SECUNDARIAS/Pruebas capacitacion/Comprobar Parametros/a_Nuevo' is visible

2023-03-09 14:15:54 - [TEST_STEP][PASSED] - click(findTestObject("2-OBJECTS TAREAS SECUNDARIAS/Pruebas capacitacion/Comprobar Parametros/a_Resumen Concepto-Malla")): Object: 'Object Repository/2-OBJECTS TAREAS SECUNDARIAS/Pruebas capacitacion/Comprobar Parametros/a_Resumen Concepto-Malla' is clicked on

2023-03-09 14:15:54 - [MESSAGE][PASSED] - Object: 'Object Repository/2-OBJECTS TAREAS SECUNDARIAS/Pruebas capacitacion/Comprobar Parametros/a_Resumen Concepto-Malla' is clicked on

2023-03-09 14:15:54 - [TEST_STEP][PASSED] - waitForElementVisible(findTestObject("2-OBJECTS TAREAS SECUNDARIAS/Pruebas capacitacion/Comprobar Parametros/a_Nuevo"), 0): Object 'Object Repository/2-OBJECTS TAREAS SECUNDARIAS/Pruebas capacitacion/Comprobar Parametros/a_Nuevo' is visible

2023-03-09 14:15:54 - [MESSAGE][WARNING] - Timeout '0' is invalid. Using default page load timeout: '37'

2023-03-09 14:15:55 - [MESSAGE][PASSED] - Object 'Object Repository/2-OBJECTS TAREAS SECUNDARIAS/Pruebas capacitacion/Comprobar Parametros/a_Nuevo' is visible

2023-03-09 14:15:55 - [TEST_STEP][PASSED] - click(findTestObject("2-OBJECTS TAREAS SECUNDARIAS/Pruebas capacitacion/Comprobar Parametros/a_Fijos")): Object: 'Object Repository/2-OBJECTS TAREAS SECUNDARIAS/Pruebas capacitacion/Comprobar Parametros/a_Fijos' is clicked on

2023-03-09 14:15:55 - [MESSAGE][PASSED] - Object: 'Object Repository/2-OBJECTS TAREAS SECUNDARIAS/Pruebas capacitacion/Comprobar Parametros/a_Fijos' is clicked on

2023-03-09 14:15:55 - [TEST_STEP][PASSED] - waitForElementVisible(findTestObject("2-OBJECTS TAREAS SECUNDARIAS/Pruebas capacitacion/Comprobar Parametros/a_Nuevo"), 0): Object 'Object Repository/2-OBJECTS TAREAS SECUNDARIAS/Pruebas capacitacion/Comprobar Parametros/a_Nuevo' is visible

2023-03-09 14:15:55 - [MESSAGE][WARNING] - Timeout '0' is invalid. Using default page load timeout: '37'

2023-03-09 14:15:56 - [MESSAGE][PASSED] - Object 'Object Repository/2-OBJECTS TAREAS SECUNDARIAS/Pruebas capacitacion/Comprobar Parametros/a_Nuevo' is visible

2023-03-09 14:15:56 - [TEST_STEP][PASSED] - setText(findTestObject("2-OBJECTS TAREAS SECUNDARIAS/Pruebas capacitacion/Comprobar Parametros/input_Empresa 1_form_templatej_idt24_input"), "Parametros Valor (com)"): Text 'Parametros Valor (com)' is set on object 'Object Repository/2-OBJECTS TAREAS SECUNDARIAS/Pruebas capacitacion/Comprobar Parametros/input_Empresa 1_form_templatej_idt24_input'

2023-03-09 14:15:57 - [MESSAGE][PASSED] - Text 'Parametros Valor (com)' is set on object 'Object Repository/2-OBJECTS TAREAS SECUNDARIAS/Pruebas capacitacion/Comprobar Parametros/input_Empresa 1_form_templatej_idt24_input'

2023-03-09 14:15:57 - [TEST_STEP][PASSED] - click(findTestObject("2-OBJECTS TAREAS SECUNDARIAS/Pruebas capacitacion/Comprobar Parametros/li_Parametros")): Object: 'Object Repository/2-OBJECTS TAREAS SECUNDARIAS/Pruebas capacitacion/Comprobar Parametros/li_Parametros' is clicked on

2023-03-09 14:15:58 - [MESSAGE][PASSED] - Object: 'Object Repository/2-OBJECTS TAREAS SECUNDARIAS/Pruebas capacitacion/Comprobar Parametros/li_Parametros' is clicked on

2023-03-09 14:15:58 - [TEST_STEP][PASSED] - parValor(): null

2023-03-09 14:15:58 - [TEST_STEP][PASSED] - click(findTestObject("2-OBJECTS TAREAS SECUNDARIAS/Pruebas capacitacion/Comprobar Parametros/a_Variable Cargo")): Object: 'Object Repository/2-OBJECTS TAREAS SECUNDARIAS/Pruebas capacitacion/Comprobar Parametros/a_Variable Cargo' is clicked on

2023-03-09 14:16:00 - [MESSAGE][PASSED] - Object: 'Object Repository/2-OBJECTS TAREAS SECUNDARIAS/Pruebas capacitacion/Comprobar Parametros/a_Variable Cargo' is clicked on

2023-03-09 14:16:00 - [TEST_STEP][PASSED] - waitForElementVisible(findTestObject("2-OBJECTS TAREAS SECUNDARIAS/Pruebas capacitacion/Comprobar Parametros/a_Nuevo"), 0): Object 'Object Repository/2-OBJECTS TAREAS SECUNDARIAS/Pruebas capacitacion/Comprobar Parametros/a_Nuevo' is visible

2023-03-09 14:16:00 - [MESSAGE][WARNING] - Timeout '0' is invalid. Using default page load timeout: '37'

2023-03-09 14:16:01 - [MESSAGE][PASSED] - Object 'Object Repository/2-OBJECTS TAREAS SECUNDARIAS/Pruebas capacitacion/Comprobar Parametros/a_Nuevo' is visible

2023-03-09 14:16:01 - [TEST_STEP][PASSED] - click(findTestObject("2-OBJECTS TAREAS SECUNDARIAS/Pruebas capacitacion/Comprobar Parametros/a_Variable Cargo Por Zona")): Object: 'Object Repository/2-OBJECTS TAREAS SECUNDARIAS/Pruebas capacitacion/Comprobar Parametros/a_Variable Cargo Por Zona' is clicked on

2023-03-09 14:16:02 - [MESSAGE][PASSED] - Object: 'Object Repository/2-OBJECTS TAREAS SECUNDARIAS/Pruebas capacitacion/Comprobar Parametros/a_Variable Cargo Por Zona' is clicked on

2023-03-09 14:16:02 - [TEST_STEP][PASSED] - waitForElementVisible(findTestObject("2-OBJECTS TAREAS SECUNDARIAS/Pruebas capacitacion/Comprobar Parametros/a_Nuevo"), 0): Object 'Object Repository/2-OBJECTS TAREAS SECUNDARIAS/Pruebas capacitacion/Comprobar Parametros/a_Nuevo' is visible

2023-03-09 14:16:02 - [MESSAGE][WARNING] - Timeout '0' is invalid. Using default page load timeout: '37'

2023-03-09 14:16:02 - [MESSAGE][PASSED] - Object 'Object Repository/2-OBJECTS TAREAS SECUNDARIAS/Pruebas capacitacion/Comprobar Parametros/a_Nuevo' is visible

2023-03-09 14:16:02 - [TEST_STEP][PASSED] - click(findTestObject("2-OBJECTS TAREAS SECUNDARIAS/Pruebas capacitacion/Comprobar Parametros/a_Variable Por Rol")): Object: 'Object Repository/2-OBJECTS TAREAS SECUNDARIAS/Pruebas capacitacion/Comprobar Parametros/a_Variable Por Rol' is clicked on

2023-03-09 14:16:03 - [MESSAGE][PASSED] - Object: 'Object Repository/2-OBJECTS TAREAS SECUNDARIAS/Pruebas capacitacion/Comprobar Parametros/a_Variable Por Rol' is clicked on

2023-03-09 14:16:03 - [TEST_STEP][PASSED] - waitForElementVisible(findTestObject("2-OBJECTS TAREAS SECUNDARIAS/Pruebas capacitacion/Comprobar Parametros/a_Nuevo"), 0): Object 'Object Repository/2-OBJECTS TAREAS SECUNDARIAS/Pruebas capacitacion/Comprobar Parametros/a_Nuevo' is visible

2023-03-09 14:16:03 - [MESSAGE][WARNING] - Timeout '0' is invalid. Using default page load timeout: '37'

2023-03-09 14:16:03 - [MESSAGE][PASSED] - Object 'Object Repository/2-OBJECTS TAREAS SECUNDARIAS/Pruebas capacitacion/Comprobar Parametros/a_Nuevo' is visible

2023-03-09 14:16:03 - [TEST_STEP][PASSED] - click(findTestObject("2-OBJECTS TAREAS SECUNDARIAS/Pruebas capacitacion/Comprobar Parametros/a_Variable Empresa")): Object: 'Object Repository/2-OBJECTS TAREAS SECUNDARIAS/Pruebas capacitacion/Comprobar Parametros/a_Variable Empresa' is clicked on

2023-03-09 14:16:04 - [MESSAGE][PASSED] - Object: 'Object Repository/2-OBJECTS TAREAS SECUNDARIAS/Pruebas capacitacion/Comprobar Parametros/a_Variable Empresa' is clicked on

2023-03-09 14:16:04 - [TEST_STEP][PASSED] - waitForElementVisible(findTestObject("2-OBJECTS TAREAS SECUNDARIAS/Pruebas capacitacion/Comprobar Parametros/a_Nuevo"), 0): Object 'Object Repository/2-OBJECTS TAREAS SECUNDARIAS/Pruebas capacitacion/Comprobar Parametros/a_Nuevo' is visible

2023-03-09 14:16:04 - [MESSAGE][WARNING] - Timeout '0' is invalid. Using default page load timeout: '37'

2023-03-09 14:16:04 - [MESSAGE][PASSED] - Object 'Object Repository/2-OBJECTS TAREAS SECUNDARIAS/Pruebas capacitacion/Comprobar Parametros/a_Nuevo' is visible

2023-03-09 14:16:04 - [TEST_STEP][PASSED] - click(findTestObject("2-OBJECTS TAREAS SECUNDARIAS/Pruebas capacitacion/Comprobar Parametros/a_Variable Grupo")): Object: 'Object Repository/2-OBJECTS TAREAS SECUNDARIAS/Pruebas capacitacion/Comprobar Parametros/a_Variable Grupo' is clicked on

2023-03-09 14:16:05 - [MESSAGE][PASSED] - Object: 'Object Repository/2-OBJECTS TAREAS SECUNDARIAS/Pruebas capacitacion/Comprobar Parametros/a_Variable Grupo' is clicked on

2023-03-09 14:16:05 - [TEST_STEP][PASSED] - waitForElementVisible(findTestObject("2-OBJECTS TAREAS SECUNDARIAS/Pruebas capacitacion/Comprobar Parametros/a_Nuevo"), 0): Object 'Object Repository/2-OBJECTS TAREAS SECUNDARIAS/Pruebas capacitacion/Comprobar Parametros/a_Nuevo' is visible

2023-03-09 14:16:05 - [MESSAGE][WARNING] - Timeout '0' is invalid. Using default page load timeout: '37'

2023-03-09 14:16:05 - [MESSAGE][PASSED] - Object 'Object Repository/2-OBJECTS TAREAS SECUNDARIAS/Pruebas capacitacion/Comprobar Parametros/a_Nuevo' is visible

2023-03-09 14:16:05 - [TEST_STEP][PASSED] - click(findTestObject("2-OBJECTS TAREAS SECUNDARIAS/Pruebas capacitacion/Comprobar Parametros/a_Variable Organizacin")): Object: 'Object Repository/2-OBJECTS TAREAS SECUNDARIAS/Pruebas capacitacion/Comprobar Parametros/a_Variable Organizacin' is clicked on

2023-03-09 14:16:06 - [MESSAGE][PASSED] - Object: 'Object Repository/2-OBJECTS TAREAS SECUNDARIAS/Pruebas capacitacion/Comprobar Parametros/a_Variable Organizacin' is clicked on

2023-03-09 14:16:06 - [TEST_STEP][PASSED] - waitForElementVisible(findTestObject("2-OBJECTS TAREAS SECUNDARIAS/Pruebas capacitacion/Comprobar Parametros/a_Nuevo"), 0): Object 'Object Repository/2-OBJECTS TAREAS SECUNDARIAS/Pruebas capacitacion/Comprobar Parametros/a_Nuevo' is visible

2023-03-09 14:16:06 - [MESSAGE][WARNING] - Timeout '0' is invalid. Using default page load timeout: '37'

2023-03-09 14:16:06 - [MESSAGE][PASSED] - Object 'Object Repository/2-OBJECTS TAREAS SECUNDARIAS/Pruebas capacitacion/Comprobar Parametros/a_Nuevo' is visible

2023-03-09 14:16:06 - [TEST_STEP][PASSED] - click(findTestObject("2-OBJECTS TAREAS SECUNDARIAS/Pruebas capacitacion/Comprobar Parametros/a_Variable Zona")): Object: 'Object Repository/2-OBJECTS TAREAS SECUNDARIAS/Pruebas capacitacion/Comprobar Parametros/a_Variable Zona' is clicked on

2023-03-09 14:16:07 - [MESSAGE][PASSED] - Object: 'Object Repository/2-OBJECTS TAREAS SECUNDARIAS/Pruebas capacitacion/Comprobar Parametros/a_Variable Zona' is clicked on

2023-03-09 14:16:07 - [TEST_STEP][PASSED] - waitForElementVisible(findTestObject("2-OBJECTS TAREAS SECUNDARIAS/Pruebas capacitacion/Comprobar Parametros/a_Nuevo"), 0): Object 'Object Repository/2-OBJECTS TAREAS SECUNDARIAS/Pruebas capacitacion/Comprobar Parametros/a_Nuevo' is visible

2023-03-09 14:16:07 - [MESSAGE][WARNING] - Timeout '0' is invalid. Using default page load timeout: '37'

2023-03-09 14:16:07 - [MESSAGE][PASSED] - Object 'Object Repository/2-OBJECTS TAREAS SECUNDARIAS/Pruebas capacitacion/Comprobar Parametros/a_Nuevo' is visible

2023-03-09 14:16:07 - [TEST_STEP][PASSED] - click(findTestObject("2-OBJECTS TAREAS SECUNDARIAS/Pruebas capacitacion/Comprobar Parametros/a_Distribucin Costo")): Object: 'Object Repository/2-OBJECTS TAREAS SECUNDARIAS/Pruebas capacitacion/Comprobar Parametros/a_Distribucin Costo' is clicked on

2023-03-09 14:16:08 - [MESSAGE][PASSED] - Object: 'Object Repository/2-OBJECTS TAREAS SECUNDARIAS/Pruebas capacitacion/Comprobar Parametros/a_Distribucin Costo' is clicked on

2023-03-09 14:16:08 - [TEST_STEP][PASSED] - waitForElementVisible(findTestObject("2-OBJECTS TAREAS SECUNDARIAS/Pruebas capacitacion/Comprobar Parametros/a_Nuevo"), 0): Object 'Object Repository/2-OBJECTS TAREAS SECUNDARIAS/Pruebas capacitacion/Comprobar Parametros/a_Nuevo' is visible

2023-03-09 14:16:08 - [MESSAGE][WARNING] - Timeout '0' is invalid. Using default page load timeout: '37'

2023-03-09 14:16:08 - [MESSAGE][PASSED] - Object 'Object Repository/2-OBJECTS TAREAS SECUNDARIAS/Pruebas capacitacion/Comprobar Parametros/a_Nuevo' is visible

2023-03-09 14:16:08 - [TEST_STEP][PASSED] - click(findTestObject("2-OBJECTS TAREAS SECUNDARIAS/Pruebas capacitacion/Comprobar Parametros/a_Variable Unidad")): Object: 'Object Repository/2-OBJECTS TAREAS SECUNDARIAS/Pruebas capacitacion/Comprobar Parametros/a_Variable Unidad' is clicked on

2023-03-09 14:16:09 - [MESSAGE][PASSED] - Object: 'Object Repository/2-OBJECTS TAREAS SECUNDARIAS/Pruebas capacitacion/Comprobar Parametros/a_Variable Unidad' is clicked on

2023-03-09 14:16:09 - [TEST_STEP][PASSED] - waitForElementVisible(findTestObject("2-OBJECTS TAREAS SECUNDARIAS/Pruebas capacitacion/Comprobar Parametros/a_Nuevo"), 0): Object 'Object Repository/2-OBJECTS TAREAS SECUNDARIAS/Pruebas capacitacion/Comprobar Parametros/a_Nuevo' is visible

2023-03-09 14:16:09 - [MESSAGE][WARNING] - Timeout '0' is invalid. Using default page load timeout: '37'

2023-03-09 14:16:09 - [MESSAGE][PASSED] - Object 'Object Repository/2-OBJECTS TAREAS SECUNDARIAS/Pruebas capacitacion/Comprobar Parametros/a_Nuevo' is visible

2023-03-09 14:16:09 - [TEST_STEP][PASSED] - setText(findTestObject("2-OBJECTS TAREAS SECUNDARIAS/Pruebas capacitacion/Comprobar Parametros/input_Empresa 1_form_templatej_idt24_input"), "Parametros de Costeo (com)"): Text 'Parametros de Costeo (com)' is set on object 'Object Repository/2-OBJECTS TAREAS SECUNDARIAS/Pruebas capacitacion/Comprobar Parametros/input_Empresa 1_form_templatej_idt24_input'

2023-03-09 14:16:10 - [MESSAGE][PASSED] - Text 'Parametros de Costeo (com)' is set on object 'Object Repository/2-OBJECTS TAREAS SECUNDARIAS/Pruebas capacitacion/Comprobar Parametros/input_Empresa 1_form_templatej_idt24_input'

2023-03-09 14:16:10 - [TEST_STEP][PASSED] - parCosteo(): null

2023-03-09 14:16:10 - [TEST_STEP][PASSED] - click(findTestObject("2-OBJECTS TAREAS SECUNDARIAS/Pruebas capacitacion/Comprobar Parametros/li_Parametros")): Object: 'Object Repository/2-OBJECTS TAREAS SECUNDARIAS/Pruebas capacitacion/Comprobar Parametros/li_Parametros' is clicked on

2023-03-09 14:16:12 - [MESSAGE][PASSED] - Object: 'Object Repository/2-OBJECTS TAREAS SECUNDARIAS/Pruebas capacitacion/Comprobar Parametros/li_Parametros' is clicked on

2023-03-09 14:16:12 - [TEST_STEP][PASSED] - click(findTestObject("2-OBJECTS TAREAS SECUNDARIAS/Pruebas capacitacion/Comprobar Parametros/a_Lnea  Costo")): Object: 'Object Repository/2-OBJECTS TAREAS SECUNDARIAS/Pruebas capacitacion/Comprobar Parametros/a_Lnea  Costo' is clicked on

2023-03-09 14:16:14 - [MESSAGE][PASSED] - Object: 'Object Repository/2-OBJECTS TAREAS SECUNDARIAS/Pruebas capacitacion/Comprobar Parametros/a_Lnea  Costo' is clicked on

2023-03-09 14:16:14 - [TEST_STEP][PASSED] - waitForElementVisible(findTestObject("2-OBJECTS TAREAS SECUNDARIAS/Pruebas capacitacion/Comprobar Parametros/a_Nuevo"), 0): Object 'Object Repository/2-OBJECTS TAREAS SECUNDARIAS/Pruebas capacitacion/Comprobar Parametros/a_Nuevo' is visible

2023-03-09 14:16:14 - [MESSAGE][WARNING] - Timeout '0' is invalid. Using default page load timeout: '37'

2023-03-09 14:16:14 - [MESSAGE][PASSED] - Object 'Object Repository/2-OBJECTS TAREAS SECUNDARIAS/Pruebas capacitacion/Comprobar Parametros/a_Nuevo' is visible

2023-03-09 14:16:14 - [TEST_STEP][PASSED] - click(findTestObject("2-OBJECTS TAREAS SECUNDARIAS/Pruebas capacitacion/Comprobar Parametros/a_Zona Econmica")): Object: 'Object Repository/2-OBJECTS TAREAS SECUNDARIAS/Pruebas capacitacion/Comprobar Parametros/a_Zona Econmica' is clicked on

2023-03-09 14:16:15 - [MESSAGE][PASSED] - Object: 'Object Repository/2-OBJECTS TAREAS SECUNDARIAS/Pruebas capacitacion/Comprobar Parametros/a_Zona Econmica' is clicked on

2023-03-09 14:16:15 - [TEST_STEP][PASSED] - waitForElementVisible(findTestObject("2-OBJECTS TAREAS SECUNDARIAS/Pruebas capacitacion/Comprobar Parametros/a_Nuevo"), 0): Object 'Object Repository/2-OBJECTS TAREAS SECUNDARIAS/Pruebas capacitacion/Comprobar Parametros/a_Nuevo' is visible

2023-03-09 14:16:15 - [MESSAGE][WARNING] - Timeout '0' is invalid. Using default page load timeout: '37'

2023-03-09 14:16:15 - [MESSAGE][PASSED] - Object 'Object Repository/2-OBJECTS TAREAS SECUNDARIAS/Pruebas capacitacion/Comprobar Parametros/a_Nuevo' is visible

2023-03-09 14:16:15 - [TEST_STEP][PASSED] - click(findTestObject("2-OBJECTS TAREAS SECUNDARIAS/Pruebas capacitacion/Comprobar Parametros/a_Centro Costo")): Object: 'Object Repository/2-OBJECTS TAREAS SECUNDARIAS/Pruebas capacitacion/Comprobar Parametros/a_Centro Costo' is clicked on

2023-03-09 14:16:16 - [MESSAGE][PASSED] - Object: 'Object Repository/2-OBJECTS TAREAS SECUNDARIAS/Pruebas capacitacion/Comprobar Parametros/a_Centro Costo' is clicked on

2023-03-09 14:16:16 - [TEST_STEP][PASSED] - waitForElementVisible(findTestObject("2-OBJECTS TAREAS SECUNDARIAS/Pruebas capacitacion/Comprobar Parametros/a_Nuevo"), 0): Object 'Object Repository/2-OBJECTS TAREAS SECUNDARIAS/Pruebas capacitacion/Comprobar Parametros/a_Nuevo' is visible

2023-03-09 14:16:16 - [MESSAGE][WARNING] - Timeout '0' is invalid. Using default page load timeout: '37'

2023-03-09 14:16:16 - [MESSAGE][PASSED] - Object 'Object Repository/2-OBJECTS TAREAS SECUNDARIAS/Pruebas capacitacion/Comprobar Parametros/a_Nuevo' is visible

2023-03-09 14:16:16 - [TEST_STEP][PASSED] - click(findTestObject("2-OBJECTS TAREAS SECUNDARIAS/Pruebas capacitacion/Comprobar Parametros/a_Proyecto")): Object: 'Object Repository/2-OBJECTS TAREAS SECUNDARIAS/Pruebas capacitacion/Comprobar Parametros/a_Proyecto' is clicked on

2023-03-09 14:16:17 - [MESSAGE][PASSED] - Object: 'Object Repository/2-OBJECTS TAREAS SECUNDARIAS/Pruebas capacitacion/Comprobar Parametros/a_Proyecto' is clicked on

2023-03-09 14:16:17 - [TEST_STEP][PASSED] - waitForElementVisible(findTestObject("2-OBJECTS TAREAS SECUNDARIAS/Pruebas capacitacion/Comprobar Parametros/a_Nuevo"), 0): Object 'Object Repository/2-OBJECTS TAREAS SECUNDARIAS/Pruebas capacitacion/Comprobar Parametros/a_Nuevo' is visible

2023-03-09 14:16:17 - [MESSAGE][WARNING] - Timeout '0' is invalid. Using default page load timeout: '37'

2023-03-09 14:16:17 - [MESSAGE][PASSED] - Object 'Object Repository/2-OBJECTS TAREAS SECUNDARIAS/Pruebas capacitacion/Comprobar Parametros/a_Nuevo' is visible

2023-03-09 14:16:17 - [TEST_STEP][PASSED] - click(findTestObject("2-OBJECTS TAREAS SECUNDARIAS/Pruebas capacitacion/Comprobar Parametros/a_Actividades")): Object: 'Object Repository/2-OBJECTS TAREAS SECUNDARIAS/Pruebas capacitacion/Comprobar Parametros/a_Actividades' is clicked on

2023-03-09 14:16:18 - [MESSAGE][PASSED] - Object: 'Object Repository/2-OBJECTS TAREAS SECUNDARIAS/Pruebas capacitacion/Comprobar Parametros/a_Actividades' is clicked on

2023-03-09 14:16:18 - [TEST_STEP][PASSED] - waitForElementVisible(findTestObject("2-OBJECTS TAREAS SECUNDARIAS/Pruebas capacitacion/Comprobar Parametros/a_Nuevo"), 0): Object 'Object Repository/2-OBJECTS TAREAS SECUNDARIAS/Pruebas capacitacion/Comprobar Parametros/a_Nuevo' is visible

2023-03-09 14:16:18 - [MESSAGE][WARNING] - Timeout '0' is invalid. Using default page load timeout: '37'

2023-03-09 14:16:18 - [MESSAGE][PASSED] - Object 'Object Repository/2-OBJECTS TAREAS SECUNDARIAS/Pruebas capacitacion/Comprobar Parametros/a_Nuevo' is visible

2023-03-09 14:16:18 - [TEST_STEP][PASSED] - setText(findTestObject("2-OBJECTS TAREAS SECUNDARIAS/Pruebas capacitacion/Comprobar Parametros/input_Empresa 1_form_templatej_idt24_input"), "Parametros Entidad/Instructor (bie)"): Text 'Parametros Entidad/Instructor (bie)' is set on object 'Object Repository/2-OBJECTS TAREAS SECUNDARIAS/Pruebas capacitacion/Comprobar Parametros/input_Empresa 1_form_templatej_idt24_input'

2023-03-09 14:16:19 - [MESSAGE][PASSED] - Text 'Parametros Entidad/Instructor (bie)' is set on object 'Object Repository/2-OBJECTS TAREAS SECUNDARIAS/Pruebas capacitacion/Comprobar Parametros/input_Empresa 1_form_templatej_idt24_input'

2023-03-09 14:16:19 - [TEST_STEP][PASSED] - click(findTestObject("2-OBJECTS TAREAS SECUNDARIAS/Pruebas capacitacion/Comprobar Parametros/li_Parametros")): Object: 'Object Repository/2-OBJECTS TAREAS SECUNDARIAS/Pruebas capacitacion/Comprobar Parametros/li_Parametros' is clicked on

2023-03-09 14:16:21 - [MESSAGE][PASSED] - Object: 'Object Repository/2-OBJECTS TAREAS SECUNDARIAS/Pruebas capacitacion/Comprobar Parametros/li_Parametros' is clicked on

2023-03-09 14:16:21 - [TEST_STEP][PASSED] - parEntidadInstructor(): null

2023-03-09 14:16:21 - [TEST_STEP][PASSED] - click(findTestObject("2-OBJECTS TAREAS SECUNDARIAS/Pruebas capacitacion/Comprobar Parametros/a_Entidad")): Object: 'Object Repository/2-OBJECTS TAREAS SECUNDARIAS/Pruebas capacitacion/Comprobar Parametros/a_Entidad' is clicked on

2023-03-09 14:16:23 - [MESSAGE][PASSED] - Object: 'Object Repository/2-OBJECTS TAREAS SECUNDARIAS/Pruebas capacitacion/Comprobar Parametros/a_Entidad' is clicked on

2023-03-09 14:16:23 - [TEST_STEP][PASSED] - waitForElementVisible(findTestObject("2-OBJECTS TAREAS SECUNDARIAS/Pruebas capacitacion/Comprobar Parametros/a_Nuevo"), 0): Object 'Object Repository/2-OBJECTS TAREAS SECUNDARIAS/Pruebas capacitacion/Comprobar Parametros/a_Nuevo' is visible

2023-03-09 14:16:23 - [MESSAGE][WARNING] - Timeout '0' is invalid. Using default page load timeout: '37'

2023-03-09 14:16:24 - [MESSAGE][PASSED] - Object 'Object Repository/2-OBJECTS TAREAS SECUNDARIAS/Pruebas capacitacion/Comprobar Parametros/a_Nuevo' is visible

2023-03-09 14:16:24 - [TEST_STEP][PASSED] - click(findTestObject("2-OBJECTS TAREAS SECUNDARIAS/Pruebas capacitacion/Comprobar Parametros/a_Instructor")): Object: 'Object Repository/2-OBJECTS TAREAS SECUNDARIAS/Pruebas capacitacion/Comprobar Parametros/a_Instructor' is clicked on

2023-03-09 14:16:24 - [MESSAGE][PASSED] - Object: 'Object Repository/2-OBJECTS TAREAS SECUNDARIAS/Pruebas capacitacion/Comprobar Parametros/a_Instructor' is clicked on

2023-03-09 14:16:24 - [TEST_STEP][PASSED] - if (waitForElementVisible(findTestObject("2-OBJECTS TAREAS SECUNDARIAS/Pruebas capacitacion/Comprobar Parametros/a_Nuevo"), 1)): null

2023-03-09 14:16:25 - [MESSAGE][PASSED] - Object 'Object Repository/2-OBJECTS TAREAS SECUNDARIAS/Pruebas capacitacion/Comprobar Parametros/a_Nuevo' is visible

2023-03-09 14:16:25 - [TEST_STEP][PASSED] - Resultado = "PRUEBA OK": null

2023-03-09 14:16:25 - [TEST_STEP][PASSED] - closeBrowser(): Browser is closed

2023-03-09 14:16:26 - [MESSAGE][PASSED] - Browser is closed]]></system-out>
         <system-err><![CDATA[]]></system-err>
      </testcase>
      <system-out><![CDATA[2023-03-09 12:36:17 - [TEST_SUITE][FAILED] - 1-Tareas_secundarias: Test Cases/1.2-Tareas_Secundarias/2.1-Pruebas_Hoja_de_Vida/2.1.6-Impresión_Hoja_Vida_Plantilla FAILED.
Reason:
com.kms.katalon.core.exception.StepFailedException: Unable to click on object 'Object Repository/2-OBJECTS TAREAS SECUNDARIAS/Pruebas Hoja de Vida/Impresión_Hoja_Vida_Plantilla/a_Generar'
	at com.kms.katalon.core.webui.keyword.internal.WebUIKeywordMain.stepFailed(WebUIKeywordMain.groovy:64)
	at com.kms.katalon.core.webui.keyword.internal.WebUIKeywordMain.runKeyword(WebUIKeywordMain.groovy:26)
	at com.kms.katalon.core.webui.keyword.builtin.ClickKeyword.click(ClickKeyword.groovy:74)
	at com.kms.katalon.core.webui.keyword.builtin.ClickKeyword.execute(ClickKeyword.groovy:40)
	at com.kms.katalon.core.keyword.internal.KeywordExecutor.executeKeywordForPlatform(KeywordExecutor.groovy:74)
	at com.kms.katalon.core.webui.keyword.WebUiBuiltInKeywords.click(WebUiBuiltInKeywords.groovy:620)
	at com.kms.katalon.core.webui.keyword.WebUiBuiltInKeywords$click$9.call(Unknown Source)
	at 2.1.6-Impresión_Hoja_Vida_Plantilla.run(2.1.6-Impresión_Hoja_Vida_Plantilla:44)
	at com.kms.katalon.core.main.ScriptEngine.run(ScriptEngine.java:194)
	at com.kms.katalon.core.main.ScriptEngine.runScriptAsRawText(ScriptEngine.java:119)
	at com.kms.katalon.core.main.TestCaseExecutor.runScript(TestCaseExecutor.java:448)
	at com.kms.katalon.core.main.TestCaseExecutor.doExecute(TestCaseExecutor.java:439)
	at com.kms.katalon.core.main.TestCaseExecutor.processExecutionPhase(TestCaseExecutor.java:418)
	at com.kms.katalon.core.main.TestCaseExecutor.accessMainPhase(TestCaseExecutor.java:410)
	at com.kms.katalon.core.main.TestCaseExecutor.execute(TestCaseExecutor.java:285)
	at com.kms.katalon.core.common.CommonExecutor.accessTestCaseMainPhase(CommonExecutor.java:65)
	at com.kms.katalon.core.main.TestSuiteExecutor.accessTestSuiteMainPhase(TestSuiteExecutor.java:151)
	at com.kms.katalon.core.main.TestSuiteExecutor.execute(TestSuiteExecutor.java:106)
	at com.kms.katalon.core.main.TestCaseMain.startTestSuite(TestCaseMain.java:185)
	at com.kms.katalon.core.main.TestCaseMain$startTestSuite$0.call(Unknown Source)
	at TempTestSuite1678383366099.run(TempTestSuite1678383366099.groovy:36)
Caused by: org.openqa.selenium.ElementClickInterceptedException: element click intercepted: Element <span class="ui-menuitem-text">...</span> is not clickable at point (92, 614). Other element would receive the click: <div id="popupErrorDialog:dialog_popupFoto_modal" class="ui-widget-overlay ui-dialog-mask" style="z-index: 1003;"></div>
  (Session info: chrome=110.0.5481.178)
Build info: version: '3.141.59', revision: 'e82be7d358', time: '2018-11-14T08:25:53'
System info: host: 'US-AF-000371', ip: '192.168.56.1', os.name: 'Windows 10', os.arch: 'amd64', os.version: '10.0', java.version: '1.8.0_282'
Driver info: com.kms.katalon.selenium.driver.CChromeDriver
Capabilities {acceptInsecureCerts: false, browserName: chrome, browserVersion: 110.0.5481.178, chrome: {chromedriverVersion: 109.0.5414.74 (e7c5703604da..., userDataDir: C:\Users\DIEGO~1.ROJ\AppDat...}, goog:chromeOptions: {debuggerAddress: localhost:55331}, javascriptEnabled: true, networkConnectionEnabled: false, pageLoadStrategy: normal, platform: WINDOWS, platformName: WINDOWS, proxy: Proxy(), setWindowRect: true, strictFileInteractability: false, timeouts: {implicit: 0, pageLoad: 300000, script: 30000}, unhandledPromptBehavior: dismiss and notify, webauthn:extension:credBlob: true, webauthn:extension:largeBlob: true, webauthn:virtualAuthenticators: true}
Session ID: dc31b0f0884129037b9fa9b5c82197e9
	at org.openqa.selenium.remote.http.W3CHttpResponseCodec.createException(W3CHttpResponseCodec.java:187)
	at org.openqa.selenium.remote.http.W3CHttpResponseCodec.decode(W3CHttpResponseCodec.java:122)
	at org.openqa.selenium.remote.http.W3CHttpResponseCodec.decode(W3CHttpResponseCodec.java:49)
	at org.openqa.selenium.remote.HttpCommandExecutor.execute(HttpCommandExecutor.java:158)
	at org.openqa.selenium.remote.service.DriverCommandExecutor.execute(DriverCommandExecutor.java:83)
	at org.openqa.selenium.remote.RemoteWebDriver.execute(RemoteWebDriver.java:552)
	at com.kms.katalon.selenium.driver.CChromeDriver.execute(CChromeDriver.java:19)
	at org.openqa.selenium.remote.RemoteWebElement.execute(RemoteWebElement.java:285)
	at org.openqa.selenium.remote.RemoteWebElement.click(RemoteWebElement.java:84)
	at org.openqa.selenium.support.events.EventFiringWebDriver$EventFiringWebElement.lambda$new$0(EventFiringWebDriver.java:404)
	at com.sun.proxy.$Proxy11.click(Unknown Source)
	at org.openqa.selenium.support.events.EventFiringWebDriver$EventFiringWebElement.click(EventFiringWebDriver.java:417)
	at org.openqa.selenium.WebElement$click$0.call(Unknown Source)
	at com.kms.katalon.core.webui.keyword.builtin.ClickKeyword.clickUntilSuccessWithTimeout(ClickKeyword.groovy:81)
	at com.kms.katalon.core.webui.keyword.builtin.ClickKeyword.clickUntilSuccessWithTimeout(ClickKeyword.groovy)
	at com.kms.katalon.core.webui.keyword.builtin.ClickKeyword$_click_closure1.doCall(ClickKeyword.groovy:67)
	at com.kms.katalon.core.webui.keyword.builtin.ClickKeyword$_click_closure1.call(ClickKeyword.groovy)
	at com.kms.katalon.core.webui.keyword.internal.WebUIKeywordMain.runKeyword(WebUIKeywordMain.groovy:20)
	... 19 more]]></system-out>
      <system-err><![CDATA[2023-03-09 12:36:17 - [TEST_SUITE][FAILED] - 1-Tareas_secundarias: Test Cases/1.2-Tareas_Secundarias/2.1-Pruebas_Hoja_de_Vida/2.1.6-Impresión_Hoja_Vida_Plantilla FAILED.
Reason:
com.kms.katalon.core.exception.StepFailedException: Unable to click on object 'Object Repository/2-OBJECTS TAREAS SECUNDARIAS/Pruebas Hoja de Vida/Impresión_Hoja_Vida_Plantilla/a_Generar'
	at com.kms.katalon.core.webui.keyword.internal.WebUIKeywordMain.stepFailed(WebUIKeywordMain.groovy:64)
	at com.kms.katalon.core.webui.keyword.internal.WebUIKeywordMain.runKeyword(WebUIKeywordMain.groovy:26)
	at com.kms.katalon.core.webui.keyword.builtin.ClickKeyword.click(ClickKeyword.groovy:74)
	at com.kms.katalon.core.webui.keyword.builtin.ClickKeyword.execute(ClickKeyword.groovy:40)
	at com.kms.katalon.core.keyword.internal.KeywordExecutor.executeKeywordForPlatform(KeywordExecutor.groovy:74)
	at com.kms.katalon.core.webui.keyword.WebUiBuiltInKeywords.click(WebUiBuiltInKeywords.groovy:620)
	at com.kms.katalon.core.webui.keyword.WebUiBuiltInKeywords$click$9.call(Unknown Source)
	at 2.1.6-Impresión_Hoja_Vida_Plantilla.run(2.1.6-Impresión_Hoja_Vida_Plantilla:44)
	at com.kms.katalon.core.main.ScriptEngine.run(ScriptEngine.java:194)
	at com.kms.katalon.core.main.ScriptEngine.runScriptAsRawText(ScriptEngine.java:119)
	at com.kms.katalon.core.main.TestCaseExecutor.runScript(TestCaseExecutor.java:448)
	at com.kms.katalon.core.main.TestCaseExecutor.doExecute(TestCaseExecutor.java:439)
	at com.kms.katalon.core.main.TestCaseExecutor.processExecutionPhase(TestCaseExecutor.java:418)
	at com.kms.katalon.core.main.TestCaseExecutor.accessMainPhase(TestCaseExecutor.java:410)
	at com.kms.katalon.core.main.TestCaseExecutor.execute(TestCaseExecutor.java:285)
	at com.kms.katalon.core.common.CommonExecutor.accessTestCaseMainPhase(CommonExecutor.java:65)
	at com.kms.katalon.core.main.TestSuiteExecutor.accessTestSuiteMainPhase(TestSuiteExecutor.java:151)
	at com.kms.katalon.core.main.TestSuiteExecutor.execute(TestSuiteExecutor.java:106)
	at com.kms.katalon.core.main.TestCaseMain.startTestSuite(TestCaseMain.java:185)
	at com.kms.katalon.core.main.TestCaseMain$startTestSuite$0.call(Unknown Source)
	at TempTestSuite1678383366099.run(TempTestSuite1678383366099.groovy:36)
Caused by: org.openqa.selenium.ElementClickInterceptedException: element click intercepted: Element <span class="ui-menuitem-text">...</span> is not clickable at point (92, 614). Other element would receive the click: <div id="popupErrorDialog:dialog_popupFoto_modal" class="ui-widget-overlay ui-dialog-mask" style="z-index: 1003;"></div>
  (Session info: chrome=110.0.5481.178)
Build info: version: '3.141.59', revision: 'e82be7d358', time: '2018-11-14T08:25:53'
System info: host: 'US-AF-000371', ip: '192.168.56.1', os.name: 'Windows 10', os.arch: 'amd64', os.version: '10.0', java.version: '1.8.0_282'
Driver info: com.kms.katalon.selenium.driver.CChromeDriver
Capabilities {acceptInsecureCerts: false, browserName: chrome, browserVersion: 110.0.5481.178, chrome: {chromedriverVersion: 109.0.5414.74 (e7c5703604da..., userDataDir: C:\Users\DIEGO~1.ROJ\AppDat...}, goog:chromeOptions: {debuggerAddress: localhost:55331}, javascriptEnabled: true, networkConnectionEnabled: false, pageLoadStrategy: normal, platform: WINDOWS, platformName: WINDOWS, proxy: Proxy(), setWindowRect: true, strictFileInteractability: false, timeouts: {implicit: 0, pageLoad: 300000, script: 30000}, unhandledPromptBehavior: dismiss and notify, webauthn:extension:credBlob: true, webauthn:extension:largeBlob: true, webauthn:virtualAuthenticators: true}
Session ID: dc31b0f0884129037b9fa9b5c82197e9
	at org.openqa.selenium.remote.http.W3CHttpResponseCodec.createException(W3CHttpResponseCodec.java:187)
	at org.openqa.selenium.remote.http.W3CHttpResponseCodec.decode(W3CHttpResponseCodec.java:122)
	at org.openqa.selenium.remote.http.W3CHttpResponseCodec.decode(W3CHttpResponseCodec.java:49)
	at org.openqa.selenium.remote.HttpCommandExecutor.execute(HttpCommandExecutor.java:158)
	at org.openqa.selenium.remote.service.DriverCommandExecutor.execute(DriverCommandExecutor.java:83)
	at org.openqa.selenium.remote.RemoteWebDriver.execute(RemoteWebDriver.java:552)
	at com.kms.katalon.selenium.driver.CChromeDriver.execute(CChromeDriver.java:19)
	at org.openqa.selenium.remote.RemoteWebElement.execute(RemoteWebElement.java:285)
	at org.openqa.selenium.remote.RemoteWebElement.click(RemoteWebElement.java:84)
	at org.openqa.selenium.support.events.EventFiringWebDriver$EventFiringWebElement.lambda$new$0(EventFiringWebDriver.java:404)
	at com.sun.proxy.$Proxy11.click(Unknown Source)
	at org.openqa.selenium.support.events.EventFiringWebDriver$EventFiringWebElement.click(EventFiringWebDriver.java:417)
	at org.openqa.selenium.WebElement$click$0.call(Unknown Source)
	at com.kms.katalon.core.webui.keyword.builtin.ClickKeyword.clickUntilSuccessWithTimeout(ClickKeyword.groovy:81)
	at com.kms.katalon.core.webui.keyword.builtin.ClickKeyword.clickUntilSuccessWithTimeout(ClickKeyword.groovy)
	at com.kms.katalon.core.webui.keyword.builtin.ClickKeyword$_click_closure1.doCall(ClickKeyword.groovy:67)
	at com.kms.katalon.core.webui.keyword.builtin.ClickKeyword$_click_closure1.call(ClickKeyword.groovy)
	at com.kms.katalon.core.webui.keyword.internal.WebUIKeywordMain.runKeyword(WebUIKeywordMain.groovy:20)
	... 19 more]]></system-err>
   </testsuite>
</testsuites>
