<?xml version="1.0" encoding="UTF-8"?>
<testsuites name="13-Pruebas_Control_Tiempos" time="197.791" tests="10" failures="0" errors="0">
   <testsuite name="13-Pruebas_Control_Tiempos" tests="10" failures="0" errors="0" time="197.791" skipped="0" timestamp="2022-02-23 12:18:17" hostname="diego.rojas - US-AF-000371" id="Test Suites/13-Pruebas_Control_Tiempos">
      <properties>
         <property name="deviceName" value=""/>
         <property name="devicePlatform" value=""/>
         <property name="logFolder" value="C:\\Users\\diego.rojas\\git\\Pruebas-Minimas\\Reports\\20220223_112127\\13-Pruebas_Control_Tiempos\\20220223_112305"/>
         <property name="logFiles" value="C:\\Users\\diego.rojas\\git\\Pruebas-Minimas\\Reports\\20220223_112127\\13-Pruebas_Control_Tiempos\\20220223_112305\\execution0.log"/>
         <property name="attachments" value=""/>
         <property name="hostName" value="diego.rojas - US-AF-000371"/>
         <property name="os" value="Windows 10 64bit"/>
         <property name="katalonVersion" value="8.2.5.208"/>
         <property name="browser" value="Chrome 98.0.4758.102"/>
         <property name="hostAddress" value="192.168.56.1"/>
         <property name="sessionId" value="ff5bb8bb20c517037581605d91636315"/>
         <property name="seleniumVersion" value="3.141.59"/>
         <property name="proxyInformation" value="ProxyInformation { proxyOption=NO_PROXY, proxyServerType=HTTP, username=, password=********, proxyServerAddress=, proxyServerPort=0, executionList=&quot;&quot;, isApplyToDesiredCapabilities=true }"/>
         <property name="platform" value="Windows 10"/>
      </properties>
      <testcase name="Test Cases/13.1-Pruebas_control_tiempos/13.1.1-Listado_de_personas" time="28.083" classname="Test Cases/13.1-Pruebas_control_tiempos/13.1.1-Listado_de_personas" status="PASSED">
         <system-out><![CDATA[2022-02-23 12:18:17 - [TEST_CASE][PASSED] - Test Cases/13.1-Pruebas_control_tiempos/13.1.1-Listado_de_personas: Test Cases/13.1-Pruebas_control_tiempos/13.1.1-Listado_de_personas

2022-02-23 12:18:18 - [TEST_STEP][PASSED] - callTestCase(findTestCase("0.1-Login"), [:], STOP_ON_FAILURE): Call Test Case 'Test Cases/0.1-Login' successfully

2022-02-23 12:18:18 - [TEST_CASE][PASSED] - Test Cases/0.1-Login: Test Cases/0.1-Login

2022-02-23 12:18:18 - [TEST_STEP][PASSED] - openBrowser(""): Browser is opened with url: ''

2022-02-23 12:18:19 - [MESSAGE][INFO] - Starting 'Chrome' driver

2022-02-23 12:18:19 - [MESSAGE][INFO] - Action delay is set to 0 milliseconds

2022-02-23 12:18:21 - [MESSAGE][PASSED] - Browser is opened with url: ''

2022-02-23 12:18:21 - [TEST_STEP][PASSED] - maximizeWindow(): Current window maximized

2022-02-23 12:18:21 - [MESSAGE][PASSED] - Current window maximized

2022-02-23 12:18:21 - [TEST_STEP][PASSED] - i = G_Login: null

2022-02-23 12:18:21 - [TEST_STEP][PASSED] - url = new java.net.URL(i): null

2022-02-23 12:18:21 - [TEST_STEP][PASSED] - println("URL: " + url.toString()): null

2022-02-23 12:18:21 - [TEST_STEP][PASSED] - connection = url.openConnection(): null

2022-02-23 12:18:21 - [TEST_STEP][PASSED] - connection.setRequestMethod("GET"): null

2022-02-23 12:18:21 - [TEST_STEP][PASSED] - connection.setReadTimeout(2 * 1000): null

2022-02-23 12:18:21 - [TEST_STEP][PASSED] - try: null

2022-02-23 12:18:21 - [TEST_STEP][PASSED] - connection.connect(): null

2022-02-23 12:18:21 - [TEST_STEP][PASSED] - flag = connected: null

2022-02-23 12:18:21 - [TEST_STEP][PASSED] - println("Valor_ori: " + flag): null

2022-02-23 12:18:21 - [TEST_STEP][PASSED] - if (flag): null

2022-02-23 12:18:21 - [TEST_STEP][PASSED] - navigateToUrl(i): Navigate to 'http://192.168.2.80:8380/saraweb' successfully

2022-02-23 12:18:22 - [MESSAGE][PASSED] - Navigate to 'http://192.168.2.80:8380/saraweb' successfully

2022-02-23 12:18:22 - [TEST_STEP][PASSED] - a(): null

2022-02-23 12:18:22 - [TEST_STEP][PASSED] - setText(findTestObject("Login/input_USUARIO_loginusuario"), G_Usuario): Text 'saraadmin' is set on object 'Object Repository/Login/input_USUARIO_loginusuario'

2022-02-23 12:18:23 - [MESSAGE][PASSED] - Text 'saraadmin' is set on object 'Object Repository/Login/input_USUARIO_loginusuario'

2022-02-23 12:18:23 - [TEST_STEP][PASSED] - setEncryptedText(findTestObject("Login/input_CLAVE_loginpassword"), "MkG4/TYiCFC3cb2driP7+Q=="): Text ****** has been set on object 'Object Repository/Login/input_CLAVE_loginpassword'

2022-02-23 12:18:24 - [MESSAGE][PASSED] - Text ****** has been set on object 'Object Repository/Login/input_CLAVE_loginpassword'

2022-02-23 12:18:24 - [TEST_STEP][PASSED] - waitForElementClickable(findTestObject("Login/a_Ingresar"), G_TimeOut): Object 'Object Repository/Login/a_Ingresar' is clickable

2022-02-23 12:18:24 - [MESSAGE][PASSED] - Object 'Object Repository/Login/a_Ingresar' is clickable

2022-02-23 12:18:24 - [TEST_STEP][PASSED] - click(findTestObject("Login/a_Ingresar")): Object: 'Object Repository/Login/a_Ingresar' is clicked on

2022-02-23 12:18:26 - [MESSAGE][PASSED] - Object: 'Object Repository/Login/a_Ingresar' is clicked on

2022-02-23 12:18:26 - [TEST_STEP][PASSED] - element = findWebElement(findTestObject("Login/a_Ir"), 30): null

2022-02-23 12:18:27 - [TEST_STEP][PASSED] - executeJavaScript("arguments[0].click()", Arrays.asList(element)): Execute JavaScript 'arguments[0].click()' successfully

2022-02-23 12:18:27 - [MESSAGE][PASSED] - Execute JavaScript 'arguments[0].click()' successfully

2022-02-23 12:18:27 - [MESSAGE][PASSED] - Call Test Case 'Test Cases/0.1-Login' successfully

2022-02-23 12:18:27 - [TEST_STEP][PASSED] - setText(findTestObject("Modulo control tiempo/Listado de Personas/input_Empresa 1_form_templatej_idt24_input"), "Listado Persona"): Text 'Listado Persona' is set on object 'Object Repository/Modulo control tiempo/Listado de Personas/input_Empresa 1_form_templatej_idt24_input'

2022-02-23 12:18:28 - [MESSAGE][PASSED] - Text 'Listado Persona' is set on object 'Object Repository/Modulo control tiempo/Listado de Personas/input_Empresa 1_form_templatej_idt24_input'

2022-02-23 12:18:28 - [TEST_STEP][PASSED] - click(findTestObject("Modulo control tiempo/Listado de Personas/span_Listado Persona")): Object: 'Object Repository/Modulo control tiempo/Listado de Personas/span_Listado Persona' is clicked on

2022-02-23 12:18:29 - [MESSAGE][PASSED] - Object: 'Object Repository/Modulo control tiempo/Listado de Personas/span_Listado Persona' is clicked on

2022-02-23 12:18:29 - [TEST_STEP][PASSED] - if (waitForElementVisible(findTestObject("Modulo control tiempo/Listado de Personas/td_1010220596"), 1)): Web element with id: 'Object Repository/Modulo control tiempo/Listado de Personas/td_1010220596' located by '//*/text()[normalize-space(.)='1010220596']/parent::*' not found

2022-02-23 12:18:32 - [MESSAGE][INFO] - Unable to find the element located by 'By.xpath: //*/text()[normalize-space(.)='1010220596']/parent::*'. Please recheck the objects properties to make sure the desired element is located. 

2022-02-23 12:18:32 - [MESSAGE][WARNING] - Web element with id: 'Object Repository/Modulo control tiempo/Listado de Personas/td_1010220596' located by '//*/text()[normalize-space(.)='1010220596']/parent::*' not found

2022-02-23 12:18:32 - [TEST_STEP][PASSED] - click(findTestObject("Modulo control tiempo/Listado de Personas/a_Nuevo")): Object: 'Object Repository/Modulo control tiempo/Listado de Personas/a_Nuevo' is clicked on

2022-02-23 12:18:32 - [MESSAGE][PASSED] - Object: 'Object Repository/Modulo control tiempo/Listado de Personas/a_Nuevo' is clicked on

2022-02-23 12:18:32 - [TEST_STEP][PASSED] - click(findTestObject("Modulo control tiempo/Listado de Personas/a_Identificacin_form_personaj_idt121")): Object: 'Object Repository/Modulo control tiempo/Listado de Personas/a_Identificacin_form_personaj_idt121' is clicked on

2022-02-23 12:18:33 - [MESSAGE][PASSED] - Object: 'Object Repository/Modulo control tiempo/Listado de Personas/a_Identificacin_form_personaj_idt121' is clicked on

2022-02-23 12:18:33 - [TEST_STEP][PASSED] - setText(findTestObject("Modulo control tiempo/Listado de Personas/input_Filtro Hoja de Vida_formPopupHojaVidaj_idt1737"), "A A A"): Text 'A A A' is set on object 'Object Repository/Modulo control tiempo/Listado de Personas/input_Filtro Hoja de Vida_formPopupHojaVidaj_idt1737'

2022-02-23 12:18:34 - [MESSAGE][PASSED] - Text 'A A A' is set on object 'Object Repository/Modulo control tiempo/Listado de Personas/input_Filtro Hoja de Vida_formPopupHojaVidaj_idt1737'

2022-02-23 12:18:34 - [TEST_STEP][PASSED] - sendKeys(findTestObject("Modulo control tiempo/Listado de Personas/input_Filtro Hoja de Vida_formPopupHojaVidaj_idt1737"), Keys.chord(ENTER)): Keys 'ENTER + ' sent to object: 'Object Repository/Modulo control tiempo/Listado de Personas/input_Filtro Hoja de Vida_formPopupHojaVidaj_idt1737'

2022-02-23 12:18:34 - [MESSAGE][PASSED] - Keys 'ENTER + ' sent to object: 'Object Repository/Modulo control tiempo/Listado de Personas/input_Filtro Hoja de Vida_formPopupHojaVidaj_idt1737'

2022-02-23 12:18:34 - [TEST_STEP][PASSED] - click(findTestObject("Modulo control tiempo/Listado de Personas/td_A A A")): Object: 'Object Repository/Modulo control tiempo/Listado de Personas/td_A A A' is clicked on

2022-02-23 12:18:35 - [MESSAGE][PASSED] - Object: 'Object Repository/Modulo control tiempo/Listado de Personas/td_A A A' is clicked on

2022-02-23 12:18:35 - [TEST_STEP][PASSED] - selectOptionByIndex(findTestObject("Modulo control tiempo/Listado de Personas/select_SeleccionarFijoProgramacin"), 1): All options with index in [1] are selected on object 'Object Repository/Modulo control tiempo/Listado de Personas/select_SeleccionarFijoProgramacin'

2022-02-23 12:18:36 - [MESSAGE][PASSED] - All options with index in [1] are selected on object 'Object Repository/Modulo control tiempo/Listado de Personas/select_SeleccionarFijoProgramacin'

2022-02-23 12:18:36 - [TEST_STEP][PASSED] - selectOptionByIndex(findTestObject("Modulo control tiempo/Listado de Personas/select_SeleccionarDesarrolloLIQUIDACIN MENSUAL"), 1): All options with index in [1] are selected on object 'Object Repository/Modulo control tiempo/Listado de Personas/select_SeleccionarDesarrolloLIQUIDACIN MENSUAL'

2022-02-23 12:18:37 - [MESSAGE][PASSED] - All options with index in [1] are selected on object 'Object Repository/Modulo control tiempo/Listado de Personas/select_SeleccionarDesarrolloLIQUIDACIN MENSUAL'

2022-02-23 12:18:37 - [TEST_STEP][PASSED] - selectOptionByIndex(findTestObject("Modulo control tiempo/Listado de Personas/select_SeleccionarGrupo 2Sociosgrupo 3ClientesGrupo 1"), 5): All options with index in [5] are selected on object 'Object Repository/Modulo control tiempo/Listado de Personas/select_SeleccionarGrupo 2Sociosgrupo 3ClientesGrupo 1'

2022-02-23 12:18:38 - [MESSAGE][PASSED] - All options with index in [5] are selected on object 'Object Repository/Modulo control tiempo/Listado de Personas/select_SeleccionarGrupo 2Sociosgrupo 3ClientesGrupo 1'

2022-02-23 12:18:38 - [TEST_STEP][PASSED] - selectOptionByIndex(findTestObject("Modulo control tiempo/Listado de Personas/select_SeleccionarAlternoMltiplenico"), 3): All options with index in [3] are selected on object 'Object Repository/Modulo control tiempo/Listado de Personas/select_SeleccionarAlternoMltiplenico'

2022-02-23 12:18:40 - [MESSAGE][PASSED] - All options with index in [3] are selected on object 'Object Repository/Modulo control tiempo/Listado de Personas/select_SeleccionarAlternoMltiplenico'

2022-02-23 12:18:40 - [TEST_STEP][PASSED] - click(findTestObject("Modulo control tiempo/Listado de Personas/a_Sitio Administracin_form_personaj_idt166")): Object: 'Object Repository/Modulo control tiempo/Listado de Personas/a_Sitio Administracin_form_personaj_idt166' is clicked on

2022-02-23 12:18:40 - [MESSAGE][PASSED] - Object: 'Object Repository/Modulo control tiempo/Listado de Personas/a_Sitio Administracin_form_personaj_idt166' is clicked on

2022-02-23 12:18:40 - [TEST_STEP][PASSED] - click(findTestObject("Modulo control tiempo/Listado de Personas/td_Oficina")): Object: 'Object Repository/Modulo control tiempo/Listado de Personas/td_Oficina' is clicked on

2022-02-23 12:18:41 - [MESSAGE][PASSED] - Object: 'Object Repository/Modulo control tiempo/Listado de Personas/td_Oficina' is clicked on

2022-02-23 12:18:41 - [TEST_STEP][PASSED] - waitForElementVisible(findTestObject("Modulo control tiempo/Listado de Personas/select_SeleccionarActivoInactivo"), 1): Object 'Object Repository/Modulo control tiempo/Listado de Personas/select_SeleccionarActivoInactivo' is visible

2022-02-23 12:18:42 - [MESSAGE][PASSED] - Object 'Object Repository/Modulo control tiempo/Listado de Personas/select_SeleccionarActivoInactivo' is visible

2022-02-23 12:18:42 - [TEST_STEP][PASSED] - selectOptionByIndex(findTestObject("Modulo control tiempo/Listado de Personas/select_SeleccionarActivoInactivo"), 1): All options with index in [1] are selected on object 'Object Repository/Modulo control tiempo/Listado de Personas/select_SeleccionarActivoInactivo'

2022-02-23 12:18:43 - [MESSAGE][PASSED] - All options with index in [1] are selected on object 'Object Repository/Modulo control tiempo/Listado de Personas/select_SeleccionarActivoInactivo'

2022-02-23 12:18:43 - [TEST_STEP][PASSED] - click(findTestObject("a_Guardar")): Object: 'Object Repository/a_Guardar' is clicked on

2022-02-23 12:18:43 - [MESSAGE][PASSED] - Object: 'Object Repository/a_Guardar' is clicked on

2022-02-23 12:18:43 - [TEST_STEP][PASSED] - selectOptionByIndex(findTestObject("Modulo control tiempo/Listado de Personas/select_SeleccionarPruebaTurno 04 (L-V 730 - 1700 1h Almuerzo, S 700 - 1230)"), 1): All options with index in [1] are selected on object 'Object Repository/Modulo control tiempo/Listado de Personas/select_SeleccionarPruebaTurno 04 (L-V 730 - 1700 1h Almuerzo, S 700 - 1230)'

2022-02-23 12:18:45 - [MESSAGE][PASSED] - All options with index in [1] are selected on object 'Object Repository/Modulo control tiempo/Listado de Personas/select_SeleccionarPruebaTurno 04 (L-V 730 - 1700 1h Almuerzo, S 700 - 1230)'

2022-02-23 12:18:45 - [TEST_STEP][PASSED] - click(findTestObject("a_Guardar")): Object: 'Object Repository/a_Guardar' is clicked on

2022-02-23 12:18:45 - [MESSAGE][PASSED] - Object: 'Object Repository/a_Guardar' is clicked on

2022-02-23 12:18:45 - [TEST_STEP][PASSED] - comment("No se puede eliminar registro pos ejecucion "): No se puede eliminar registro pos ejecucion 

2022-02-23 12:18:45 - [MESSAGE][INFO] - No se puede eliminar registro pos ejecucion]]></system-out>
         <system-err><![CDATA[]]></system-err>
      </testcase>
      <testcase name="Test Cases/13.1-Pruebas_control_tiempos/13.1.2-Sitios_de_Trabajo" time="15.906" classname="Test Cases/13.1-Pruebas_control_tiempos/13.1.2-Sitios_de_Trabajo" status="PASSED">
         <system-out><![CDATA[2022-02-23 12:18:45 - [TEST_CASE][PASSED] - Test Cases/13.1-Pruebas_control_tiempos/13.1.2-Sitios_de_Trabajo: Test Cases/13.1-Pruebas_control_tiempos/13.1.2-Sitios_de_Trabajo

2022-02-23 12:18:46 - [TEST_STEP][PASSED] - callTestCase(findTestCase("0.1-Login"), [:], STOP_ON_FAILURE): Call Test Case 'Test Cases/0.1-Login' successfully

2022-02-23 12:18:46 - [TEST_CASE][PASSED] - Test Cases/0.1-Login: Test Cases/0.1-Login

2022-02-23 12:18:46 - [TEST_STEP][PASSED] - openBrowser(""): Browser is opened with url: ''

2022-02-23 12:18:46 - [MESSAGE][WARNING] - A browser is already opened. Closing browser and opening a new one

2022-02-23 12:18:46 - [MESSAGE][INFO] - Starting 'Chrome' driver

2022-02-23 12:18:46 - [MESSAGE][INFO] - Action delay is set to 0 milliseconds

2022-02-23 12:18:48 - [MESSAGE][PASSED] - Browser is opened with url: ''

2022-02-23 12:18:48 - [TEST_STEP][PASSED] - maximizeWindow(): Current window maximized

2022-02-23 12:18:48 - [MESSAGE][PASSED] - Current window maximized

2022-02-23 12:18:48 - [TEST_STEP][PASSED] - i = G_Login: null

2022-02-23 12:18:48 - [TEST_STEP][PASSED] - url = new java.net.URL(i): null

2022-02-23 12:18:48 - [TEST_STEP][PASSED] - println("URL: " + url.toString()): null

2022-02-23 12:18:48 - [TEST_STEP][PASSED] - connection = url.openConnection(): null

2022-02-23 12:18:48 - [TEST_STEP][PASSED] - connection.setRequestMethod("GET"): null

2022-02-23 12:18:48 - [TEST_STEP][PASSED] - connection.setReadTimeout(2 * 1000): null

2022-02-23 12:18:48 - [TEST_STEP][PASSED] - try: null

2022-02-23 12:18:48 - [TEST_STEP][PASSED] - connection.connect(): null

2022-02-23 12:18:48 - [TEST_STEP][PASSED] - flag = connected: null

2022-02-23 12:18:48 - [TEST_STEP][PASSED] - println("Valor_ori: " + flag): null

2022-02-23 12:18:48 - [TEST_STEP][PASSED] - if (flag): null

2022-02-23 12:18:48 - [TEST_STEP][PASSED] - navigateToUrl(i): Navigate to 'http://192.168.2.80:8380/saraweb' successfully

2022-02-23 12:18:49 - [MESSAGE][PASSED] - Navigate to 'http://192.168.2.80:8380/saraweb' successfully

2022-02-23 12:18:49 - [TEST_STEP][PASSED] - a(): null

2022-02-23 12:18:49 - [TEST_STEP][PASSED] - setText(findTestObject("Login/input_USUARIO_loginusuario"), G_Usuario): Text 'saraadmin' is set on object 'Object Repository/Login/input_USUARIO_loginusuario'

2022-02-23 12:18:49 - [MESSAGE][PASSED] - Text 'saraadmin' is set on object 'Object Repository/Login/input_USUARIO_loginusuario'

2022-02-23 12:18:49 - [TEST_STEP][PASSED] - setEncryptedText(findTestObject("Login/input_CLAVE_loginpassword"), "MkG4/TYiCFC3cb2driP7+Q=="): Text ****** has been set on object 'Object Repository/Login/input_CLAVE_loginpassword'

2022-02-23 12:18:50 - [MESSAGE][PASSED] - Text ****** has been set on object 'Object Repository/Login/input_CLAVE_loginpassword'

2022-02-23 12:18:50 - [TEST_STEP][PASSED] - waitForElementClickable(findTestObject("Login/a_Ingresar"), G_TimeOut): Object 'Object Repository/Login/a_Ingresar' is clickable

2022-02-23 12:18:50 - [MESSAGE][PASSED] - Object 'Object Repository/Login/a_Ingresar' is clickable

2022-02-23 12:18:50 - [TEST_STEP][PASSED] - click(findTestObject("Login/a_Ingresar")): Object: 'Object Repository/Login/a_Ingresar' is clicked on

2022-02-23 12:18:52 - [MESSAGE][PASSED] - Object: 'Object Repository/Login/a_Ingresar' is clicked on

2022-02-23 12:18:52 - [TEST_STEP][PASSED] - element = findWebElement(findTestObject("Login/a_Ir"), 30): null

2022-02-23 12:18:53 - [TEST_STEP][PASSED] - executeJavaScript("arguments[0].click()", Arrays.asList(element)): Execute JavaScript 'arguments[0].click()' successfully

2022-02-23 12:18:53 - [MESSAGE][PASSED] - Execute JavaScript 'arguments[0].click()' successfully

2022-02-23 12:18:53 - [MESSAGE][PASSED] - Call Test Case 'Test Cases/0.1-Login' successfully

2022-02-23 12:18:53 - [TEST_STEP][PASSED] - setText(findTestObject("Modulo control tiempo/Sitios_de_Trabajo/input_Empresa 1_form_templatej_idt24_input"), "listado persona"): Text 'listado persona' is set on object 'Object Repository/Modulo control tiempo/Sitios_de_Trabajo/input_Empresa 1_form_templatej_idt24_input'

2022-02-23 12:18:54 - [MESSAGE][PASSED] - Text 'listado persona' is set on object 'Object Repository/Modulo control tiempo/Sitios_de_Trabajo/input_Empresa 1_form_templatej_idt24_input'

2022-02-23 12:18:54 - [TEST_STEP][PASSED] - click(findTestObject("Modulo control tiempo/Sitios_de_Trabajo/span_Listado Persona")): Object: 'Object Repository/Modulo control tiempo/Sitios_de_Trabajo/span_Listado Persona' is clicked on

2022-02-23 12:18:55 - [MESSAGE][PASSED] - Object: 'Object Repository/Modulo control tiempo/Sitios_de_Trabajo/span_Listado Persona' is clicked on

2022-02-23 12:18:55 - [TEST_STEP][PASSED] - click(findTestObject("Modulo control tiempo/Sitios_de_Trabajo/td_1010220596")): Object: 'Object Repository/Modulo control tiempo/Sitios_de_Trabajo/td_1010220596' is clicked on

2022-02-23 12:18:56 - [MESSAGE][PASSED] - Object: 'Object Repository/Modulo control tiempo/Sitios_de_Trabajo/td_1010220596' is clicked on

2022-02-23 12:18:56 - [TEST_STEP][PASSED] - click(findTestObject("Modulo control tiempo/Sitios_de_Trabajo/a_Sitios de Trabajo")): Object: 'Object Repository/Modulo control tiempo/Sitios_de_Trabajo/a_Sitios de Trabajo' is clicked on

2022-02-23 12:18:57 - [MESSAGE][PASSED] - Object: 'Object Repository/Modulo control tiempo/Sitios_de_Trabajo/a_Sitios de Trabajo' is clicked on

2022-02-23 12:18:57 - [TEST_STEP][PASSED] - click(findTestObject("Modulo control tiempo/Sitios_de_Trabajo/li_02-Sede Externo")): Object: 'Object Repository/Modulo control tiempo/Sitios_de_Trabajo/li_02-Sede Externo' is clicked on

2022-02-23 12:18:58 - [MESSAGE][PASSED] - Object: 'Object Repository/Modulo control tiempo/Sitios_de_Trabajo/li_02-Sede Externo' is clicked on

2022-02-23 12:18:58 - [TEST_STEP][PASSED] - if (waitForElementVisible(findTestObject("Modulo control tiempo/Sitios_de_Trabajo/td_9"), 1)): Web element with id: 'Object Repository/Modulo control tiempo/Sitios_de_Trabajo/td_9' located by '//div[4]/ul/li/table/tbody/tr/td' not found

2022-02-23 12:19:00 - [MESSAGE][INFO] - Unable to find the element located by 'By.xpath: //div[4]/ul/li/table/tbody/tr/td'. Please recheck the objects properties to make sure the desired element is located. 

2022-02-23 12:19:00 - [MESSAGE][WARNING] - Web element with id: 'Object Repository/Modulo control tiempo/Sitios_de_Trabajo/td_9' located by '//div[4]/ul/li/table/tbody/tr/td' not found

2022-02-23 12:19:00 - [TEST_STEP][PASSED] - click(findTestObject("Modulo control tiempo/Sitios_de_Trabajo/span_Oficina")): Object: 'Object Repository/Modulo control tiempo/Sitios_de_Trabajo/span_Oficina' is clicked on

2022-02-23 12:19:00 - [MESSAGE][PASSED] - Object: 'Object Repository/Modulo control tiempo/Sitios_de_Trabajo/span_Oficina' is clicked on

2022-02-23 12:19:00 - [TEST_STEP][PASSED] - element = findWebElement(findTestObject("Modulo control tiempo/Sitios_de_Trabajo/span_Add"), 30): null

2022-02-23 12:19:01 - [TEST_STEP][PASSED] - executeJavaScript("arguments[0].click()", Arrays.asList(element)): Execute JavaScript 'arguments[0].click()' successfully

2022-02-23 12:19:01 - [MESSAGE][PASSED] - Execute JavaScript 'arguments[0].click()' successfully]]></system-out>
         <system-err><![CDATA[]]></system-err>
      </testcase>
      <testcase name="Test Cases/13.1-Pruebas_control_tiempos/13.1.4-Jornada" time="16.637" classname="Test Cases/13.1-Pruebas_control_tiempos/13.1.4-Jornada" status="PASSED">
         <system-out><![CDATA[2022-02-23 12:19:01 - [TEST_CASE][PASSED] - Test Cases/13.1-Pruebas_control_tiempos/13.1.4-Jornada: Test Cases/13.1-Pruebas_control_tiempos/13.1.4-Jornada

2022-02-23 12:19:01 - [TEST_STEP][PASSED] - callTestCase(findTestCase("0.1-Login"), [:], STOP_ON_FAILURE): Call Test Case 'Test Cases/0.1-Login' successfully

2022-02-23 12:19:02 - [TEST_CASE][PASSED] - Test Cases/0.1-Login: Test Cases/0.1-Login

2022-02-23 12:19:02 - [TEST_STEP][PASSED] - openBrowser(""): Browser is opened with url: ''

2022-02-23 12:19:02 - [MESSAGE][WARNING] - A browser is already opened. Closing browser and opening a new one

2022-02-23 12:19:02 - [MESSAGE][INFO] - Starting 'Chrome' driver

2022-02-23 12:19:02 - [MESSAGE][INFO] - Action delay is set to 0 milliseconds

2022-02-23 12:19:04 - [MESSAGE][PASSED] - Browser is opened with url: ''

2022-02-23 12:19:04 - [TEST_STEP][PASSED] - maximizeWindow(): Current window maximized

2022-02-23 12:19:04 - [MESSAGE][PASSED] - Current window maximized

2022-02-23 12:19:04 - [TEST_STEP][PASSED] - i = G_Login: null

2022-02-23 12:19:04 - [TEST_STEP][PASSED] - url = new java.net.URL(i): null

2022-02-23 12:19:04 - [TEST_STEP][PASSED] - println("URL: " + url.toString()): null

2022-02-23 12:19:04 - [TEST_STEP][PASSED] - connection = url.openConnection(): null

2022-02-23 12:19:04 - [TEST_STEP][PASSED] - connection.setRequestMethod("GET"): null

2022-02-23 12:19:04 - [TEST_STEP][PASSED] - connection.setReadTimeout(2 * 1000): null

2022-02-23 12:19:04 - [TEST_STEP][PASSED] - try: null

2022-02-23 12:19:04 - [TEST_STEP][PASSED] - connection.connect(): null

2022-02-23 12:19:04 - [TEST_STEP][PASSED] - flag = connected: null

2022-02-23 12:19:04 - [TEST_STEP][PASSED] - println("Valor_ori: " + flag): null

2022-02-23 12:19:04 - [TEST_STEP][PASSED] - if (flag): null

2022-02-23 12:19:04 - [TEST_STEP][PASSED] - navigateToUrl(i): Navigate to 'http://192.168.2.80:8380/saraweb' successfully

2022-02-23 12:19:04 - [MESSAGE][PASSED] - Navigate to 'http://192.168.2.80:8380/saraweb' successfully

2022-02-23 12:19:04 - [TEST_STEP][PASSED] - a(): null

2022-02-23 12:19:04 - [TEST_STEP][PASSED] - setText(findTestObject("Login/input_USUARIO_loginusuario"), G_Usuario): Text 'saraadmin' is set on object 'Object Repository/Login/input_USUARIO_loginusuario'

2022-02-23 12:19:05 - [MESSAGE][PASSED] - Text 'saraadmin' is set on object 'Object Repository/Login/input_USUARIO_loginusuario'

2022-02-23 12:19:05 - [TEST_STEP][PASSED] - setEncryptedText(findTestObject("Login/input_CLAVE_loginpassword"), "MkG4/TYiCFC3cb2driP7+Q=="): Text ****** has been set on object 'Object Repository/Login/input_CLAVE_loginpassword'

2022-02-23 12:19:05 - [MESSAGE][PASSED] - Text ****** has been set on object 'Object Repository/Login/input_CLAVE_loginpassword'

2022-02-23 12:19:05 - [TEST_STEP][PASSED] - waitForElementClickable(findTestObject("Login/a_Ingresar"), G_TimeOut): Object 'Object Repository/Login/a_Ingresar' is clickable

2022-02-23 12:19:06 - [MESSAGE][PASSED] - Object 'Object Repository/Login/a_Ingresar' is clickable

2022-02-23 12:19:06 - [TEST_STEP][PASSED] - click(findTestObject("Login/a_Ingresar")): Object: 'Object Repository/Login/a_Ingresar' is clicked on

2022-02-23 12:19:08 - [MESSAGE][PASSED] - Object: 'Object Repository/Login/a_Ingresar' is clicked on

2022-02-23 12:19:08 - [TEST_STEP][PASSED] - element = findWebElement(findTestObject("Login/a_Ir"), 30): null

2022-02-23 12:19:08 - [TEST_STEP][PASSED] - executeJavaScript("arguments[0].click()", Arrays.asList(element)): Execute JavaScript 'arguments[0].click()' successfully

2022-02-23 12:19:08 - [MESSAGE][PASSED] - Execute JavaScript 'arguments[0].click()' successfully

2022-02-23 12:19:08 - [MESSAGE][PASSED] - Call Test Case 'Test Cases/0.1-Login' successfully

2022-02-23 12:19:08 - [TEST_STEP][PASSED] - setText(findTestObject("Modulo control tiempo/Jornada/input_Empresa 1_form_templatej_idt24_input"), "Listado persona"): Text 'Listado persona' is set on object 'Object Repository/Modulo control tiempo/Jornada/input_Empresa 1_form_templatej_idt24_input'

2022-02-23 12:19:09 - [MESSAGE][PASSED] - Text 'Listado persona' is set on object 'Object Repository/Modulo control tiempo/Jornada/input_Empresa 1_form_templatej_idt24_input'

2022-02-23 12:19:09 - [TEST_STEP][PASSED] - click(findTestObject("Modulo control tiempo/Jornada/li_Listado Persona (get)")): Object: 'Object Repository/Modulo control tiempo/Jornada/li_Listado Persona (get)' is clicked on

2022-02-23 12:19:11 - [MESSAGE][PASSED] - Object: 'Object Repository/Modulo control tiempo/Jornada/li_Listado Persona (get)' is clicked on

2022-02-23 12:19:11 - [TEST_STEP][PASSED] - click(findTestObject("Modulo control tiempo/Jornada/td_1010220596")): Object: 'Object Repository/Modulo control tiempo/Jornada/td_1010220596' is clicked on

2022-02-23 12:19:12 - [MESSAGE][PASSED] - Object: 'Object Repository/Modulo control tiempo/Jornada/td_1010220596' is clicked on

2022-02-23 12:19:12 - [TEST_STEP][PASSED] - click(findTestObject("Modulo control tiempo/Jornada/a_Jornada")): Object: 'Object Repository/Modulo control tiempo/Jornada/a_Jornada' is clicked on

2022-02-23 12:19:13 - [MESSAGE][PASSED] - Object: 'Object Repository/Modulo control tiempo/Jornada/a_Jornada' is clicked on

2022-02-23 12:19:13 - [TEST_STEP][PASSED] - click(findTestObject("Modulo control tiempo/Jornada/a_Liquidar0")): Object: 'Object Repository/Modulo control tiempo/Jornada/a_Liquidar0' is clicked on

2022-02-23 12:19:13 - [MESSAGE][PASSED] - Object: 'Object Repository/Modulo control tiempo/Jornada/a_Liquidar0' is clicked on

2022-02-23 12:19:13 - [TEST_STEP][PASSED] - selectOptionByIndex(findTestObject("Modulo control tiempo/Jornada/select_Seleccionar24 de Diciembre del 2018 - 28 de Diciembre del 201824 de Octubre del 2018"), 1): All options with index in [1] are selected on object 'Object Repository/Modulo control tiempo/Jornada/select_Seleccionar24 de Diciembre del 2018 - 28 de Diciembre del 201824 de Octubre del 2018'

2022-02-23 12:19:15 - [MESSAGE][PASSED] - All options with index in [1] are selected on object 'Object Repository/Modulo control tiempo/Jornada/select_Seleccionar24 de Diciembre del 2018 - 28 de Diciembre del 201824 de Octubre del 2018'

2022-02-23 12:19:15 - [TEST_STEP][PASSED] - click(findTestObject("Modulo control tiempo/Jornada/a_Liquidar")): Object: 'Object Repository/Modulo control tiempo/Jornada/a_Liquidar' is clicked on

2022-02-23 12:19:15 - [MESSAGE][PASSED] - Object: 'Object Repository/Modulo control tiempo/Jornada/a_Liquidar' is clicked on

2022-02-23 12:19:15 - [TEST_STEP][PASSED] - if (waitForElementVisible(findTestObject("Modulo control tiempo/Jornada/p_Terminacion Normal"), 1)): null

2022-02-23 12:19:17 - [MESSAGE][PASSED] - Object 'Object Repository/Modulo control tiempo/Jornada/p_Terminacion Normal' is visible

2022-02-23 12:19:17 - [TEST_STEP][PASSED] - closeBrowser(): Browser is closed

2022-02-23 12:19:18 - [MESSAGE][PASSED] - Browser is closed]]></system-out>
         <system-err><![CDATA[]]></system-err>
      </testcase>
      <testcase name="Test Cases/13.1-Pruebas_control_tiempos/13.1.6-Reloj" time="20.924" classname="Test Cases/13.1-Pruebas_control_tiempos/13.1.6-Reloj" status="PASSED">
         <system-out><![CDATA[2022-02-23 12:19:18 - [TEST_CASE][PASSED] - Test Cases/13.1-Pruebas_control_tiempos/13.1.6-Reloj: Test Cases/13.1-Pruebas_control_tiempos/13.1.6-Reloj

2022-02-23 12:19:18 - [TEST_STEP][PASSED] - callTestCase(findTestCase("0.1-Login"), [:], STOP_ON_FAILURE): Call Test Case 'Test Cases/0.1-Login' successfully

2022-02-23 12:19:18 - [TEST_CASE][PASSED] - Test Cases/0.1-Login: Test Cases/0.1-Login

2022-02-23 12:19:18 - [TEST_STEP][PASSED] - openBrowser(""): Browser is opened with url: ''

2022-02-23 12:19:18 - [MESSAGE][INFO] - Starting 'Chrome' driver

2022-02-23 12:19:18 - [MESSAGE][INFO] - Action delay is set to 0 milliseconds

2022-02-23 12:19:19 - [MESSAGE][PASSED] - Browser is opened with url: ''

2022-02-23 12:19:19 - [TEST_STEP][PASSED] - maximizeWindow(): Current window maximized

2022-02-23 12:19:20 - [MESSAGE][PASSED] - Current window maximized

2022-02-23 12:19:20 - [TEST_STEP][PASSED] - i = G_Login: null

2022-02-23 12:19:20 - [TEST_STEP][PASSED] - url = new java.net.URL(i): null

2022-02-23 12:19:20 - [TEST_STEP][PASSED] - println("URL: " + url.toString()): null

2022-02-23 12:19:20 - [TEST_STEP][PASSED] - connection = url.openConnection(): null

2022-02-23 12:19:20 - [TEST_STEP][PASSED] - connection.setRequestMethod("GET"): null

2022-02-23 12:19:20 - [TEST_STEP][PASSED] - connection.setReadTimeout(2 * 1000): null

2022-02-23 12:19:20 - [TEST_STEP][PASSED] - try: null

2022-02-23 12:19:20 - [TEST_STEP][PASSED] - connection.connect(): null

2022-02-23 12:19:20 - [TEST_STEP][PASSED] - flag = connected: null

2022-02-23 12:19:20 - [TEST_STEP][PASSED] - println("Valor_ori: " + flag): null

2022-02-23 12:19:20 - [TEST_STEP][PASSED] - if (flag): null

2022-02-23 12:19:20 - [TEST_STEP][PASSED] - navigateToUrl(i): Navigate to 'http://192.168.2.80:8380/saraweb' successfully

2022-02-23 12:19:20 - [MESSAGE][PASSED] - Navigate to 'http://192.168.2.80:8380/saraweb' successfully

2022-02-23 12:19:20 - [TEST_STEP][PASSED] - a(): null

2022-02-23 12:19:20 - [TEST_STEP][PASSED] - setText(findTestObject("Login/input_USUARIO_loginusuario"), G_Usuario): Text 'saraadmin' is set on object 'Object Repository/Login/input_USUARIO_loginusuario'

2022-02-23 12:19:21 - [MESSAGE][PASSED] - Text 'saraadmin' is set on object 'Object Repository/Login/input_USUARIO_loginusuario'

2022-02-23 12:19:21 - [TEST_STEP][PASSED] - setEncryptedText(findTestObject("Login/input_CLAVE_loginpassword"), "MkG4/TYiCFC3cb2driP7+Q=="): Text ****** has been set on object 'Object Repository/Login/input_CLAVE_loginpassword'

2022-02-23 12:19:21 - [MESSAGE][PASSED] - Text ****** has been set on object 'Object Repository/Login/input_CLAVE_loginpassword'

2022-02-23 12:19:21 - [TEST_STEP][PASSED] - waitForElementClickable(findTestObject("Login/a_Ingresar"), G_TimeOut): Object 'Object Repository/Login/a_Ingresar' is clickable

2022-02-23 12:19:22 - [MESSAGE][PASSED] - Object 'Object Repository/Login/a_Ingresar' is clickable

2022-02-23 12:19:22 - [TEST_STEP][PASSED] - click(findTestObject("Login/a_Ingresar")): Object: 'Object Repository/Login/a_Ingresar' is clicked on

2022-02-23 12:19:24 - [MESSAGE][PASSED] - Object: 'Object Repository/Login/a_Ingresar' is clicked on

2022-02-23 12:19:24 - [TEST_STEP][PASSED] - element = findWebElement(findTestObject("Login/a_Ir"), 30): null

2022-02-23 12:19:25 - [TEST_STEP][PASSED] - executeJavaScript("arguments[0].click()", Arrays.asList(element)): Execute JavaScript 'arguments[0].click()' successfully

2022-02-23 12:19:25 - [MESSAGE][PASSED] - Execute JavaScript 'arguments[0].click()' successfully

2022-02-23 12:19:25 - [MESSAGE][PASSED] - Call Test Case 'Test Cases/0.1-Login' successfully

2022-02-23 12:19:25 - [TEST_STEP][PASSED] - setText(findTestObject("input_Empresa 1_form_templatej_idt24_input"), "Listado persona"): Text 'Listado persona' is set on object 'Object Repository/input_Empresa 1_form_templatej_idt24_input'

2022-02-23 12:19:26 - [MESSAGE][PASSED] - Text 'Listado persona' is set on object 'Object Repository/input_Empresa 1_form_templatej_idt24_input'

2022-02-23 12:19:26 - [TEST_STEP][PASSED] - click(findTestObject("Modulo control tiempo/Reloj/span_Listado Persona")): Object: 'Object Repository/Modulo control tiempo/Reloj/span_Listado Persona' is clicked on

2022-02-23 12:19:27 - [MESSAGE][PASSED] - Object: 'Object Repository/Modulo control tiempo/Reloj/span_Listado Persona' is clicked on

2022-02-23 12:19:27 - [TEST_STEP][PASSED] - click(findTestObject("Modulo control tiempo/Reloj/td_1010220596")): Object: 'Object Repository/Modulo control tiempo/Reloj/td_1010220596' is clicked on

2022-02-23 12:19:29 - [MESSAGE][PASSED] - Object: 'Object Repository/Modulo control tiempo/Reloj/td_1010220596' is clicked on

2022-02-23 12:19:29 - [TEST_STEP][PASSED] - click(findTestObject("Modulo control tiempo/Reloj/a_Reloj")): Object: 'Object Repository/Modulo control tiempo/Reloj/a_Reloj' is clicked on

2022-02-23 12:19:29 - [MESSAGE][PASSED] - Object: 'Object Repository/Modulo control tiempo/Reloj/a_Reloj' is clicked on

2022-02-23 12:19:29 - [TEST_STEP][PASSED] - if (waitForElementVisible(findTestObject("Modulo control tiempo/Reloj/td_20210701 1800"), 1)): Web element with id: 'Object Repository/Modulo control tiempo/Reloj/td_20210701 1800' located by '//*/text()[normalize-space(.)='2021/07/01 18:00']/parent::*' not found

2022-02-23 12:19:31 - [MESSAGE][INFO] - Unable to find the element located by 'By.xpath: //*/text()[normalize-space(.)='2021/07/01 18:00']/parent::*'. Please recheck the objects properties to make sure the desired element is located. 

2022-02-23 12:19:31 - [MESSAGE][WARNING] - Web element with id: 'Object Repository/Modulo control tiempo/Reloj/td_20210701 1800' located by '//*/text()[normalize-space(.)='2021/07/01 18:00']/parent::*' not found

2022-02-23 12:19:31 - [TEST_STEP][PASSED] - click(findTestObject("Modulo control tiempo/Reloj/a_Nuevo")): Object: 'Object Repository/Modulo control tiempo/Reloj/a_Nuevo' is clicked on

2022-02-23 12:19:32 - [MESSAGE][PASSED] - Object: 'Object Repository/Modulo control tiempo/Reloj/a_Nuevo' is clicked on

2022-02-23 12:19:32 - [TEST_STEP][PASSED] - selectOptionByIndex(findTestObject("Modulo control tiempo/Reloj/select_AbiertoCerrado"), 1): All options with index in [1] are selected on object 'Object Repository/Modulo control tiempo/Reloj/select_AbiertoCerrado'

2022-02-23 12:19:33 - [MESSAGE][PASSED] - All options with index in [1] are selected on object 'Object Repository/Modulo control tiempo/Reloj/select_AbiertoCerrado'

2022-02-23 12:19:33 - [TEST_STEP][PASSED] - setText(findTestObject("Modulo control tiempo/Reloj/input_Fecha Inicial_formPopupRelojfechaIni_input"), "01/07/2021"): Text '01/07/2021' is set on object 'Object Repository/Modulo control tiempo/Reloj/input_Fecha Inicial_formPopupRelojfechaIni_input'

2022-02-23 12:19:34 - [MESSAGE][PASSED] - Text '01/07/2021' is set on object 'Object Repository/Modulo control tiempo/Reloj/input_Fecha Inicial_formPopupRelojfechaIni_input'

2022-02-23 12:19:34 - [TEST_STEP][PASSED] - setText(findTestObject("Modulo control tiempo/Reloj/input_Fecha Final_formPopupRelojfechaFin_input"), "30/07/2021"): Text '30/07/2021' is set on object 'Object Repository/Modulo control tiempo/Reloj/input_Fecha Final_formPopupRelojfechaFin_input'

2022-02-23 12:19:35 - [MESSAGE][PASSED] - Text '30/07/2021' is set on object 'Object Repository/Modulo control tiempo/Reloj/input_Fecha Final_formPopupRelojfechaFin_input'

2022-02-23 12:19:35 - [TEST_STEP][PASSED] - setText(findTestObject("Modulo control tiempo/Reloj/input_Hora_formPopupRelojhoraIni"), "08"): Text '08' is set on object 'Object Repository/Modulo control tiempo/Reloj/input_Hora_formPopupRelojhoraIni'

2022-02-23 12:19:36 - [MESSAGE][PASSED] - Text '08' is set on object 'Object Repository/Modulo control tiempo/Reloj/input_Hora_formPopupRelojhoraIni'

2022-02-23 12:19:36 - [TEST_STEP][PASSED] - setText(findTestObject("Modulo control tiempo/Reloj/input__formPopupRelojminutoIni"), "10"): Text '10' is set on object 'Object Repository/Modulo control tiempo/Reloj/input__formPopupRelojminutoIni'

2022-02-23 12:19:37 - [MESSAGE][PASSED] - Text '10' is set on object 'Object Repository/Modulo control tiempo/Reloj/input__formPopupRelojminutoIni'

2022-02-23 12:19:37 - [TEST_STEP][PASSED] - setText(findTestObject("Modulo control tiempo/Reloj/input__formPopupRelojhoraFin"), "18"): Text '18' is set on object 'Object Repository/Modulo control tiempo/Reloj/input__formPopupRelojhoraFin'

2022-02-23 12:19:37 - [MESSAGE][PASSED] - Text '18' is set on object 'Object Repository/Modulo control tiempo/Reloj/input__formPopupRelojhoraFin'

2022-02-23 12:19:37 - [TEST_STEP][PASSED] - setText(findTestObject("Modulo control tiempo/Reloj/input__formPopupRelojminutoFin"), "00"): Text '00' is set on object 'Object Repository/Modulo control tiempo/Reloj/input__formPopupRelojminutoFin'

2022-02-23 12:19:38 - [MESSAGE][PASSED] - Text '00' is set on object 'Object Repository/Modulo control tiempo/Reloj/input__formPopupRelojminutoFin'

2022-02-23 12:19:38 - [TEST_STEP][PASSED] - click(findTestObject("Modulo control tiempo/Reloj/a_Guardar")): Object: 'Object Repository/Modulo control tiempo/Reloj/a_Guardar' is clicked on

2022-02-23 12:19:39 - [MESSAGE][PASSED] - Object: 'Object Repository/Modulo control tiempo/Reloj/a_Guardar' is clicked on]]></system-out>
         <system-err><![CDATA[]]></system-err>
      </testcase>
      <testcase name="Test Cases/13.1-Pruebas_control_tiempos/13.1.7-Dispositivo" time="17.348" classname="Test Cases/13.1-Pruebas_control_tiempos/13.1.7-Dispositivo" status="PASSED">
         <system-out><![CDATA[2022-02-23 12:19:39 - [TEST_CASE][PASSED] - Test Cases/13.1-Pruebas_control_tiempos/13.1.7-Dispositivo: Test Cases/13.1-Pruebas_control_tiempos/13.1.7-Dispositivo

2022-02-23 12:19:39 - [TEST_STEP][PASSED] - callTestCase(findTestCase("0.1-Login"), [:], STOP_ON_FAILURE): Call Test Case 'Test Cases/0.1-Login' successfully

2022-02-23 12:19:39 - [TEST_CASE][PASSED] - Test Cases/0.1-Login: Test Cases/0.1-Login

2022-02-23 12:19:39 - [TEST_STEP][PASSED] - openBrowser(""): Browser is opened with url: ''

2022-02-23 12:19:39 - [MESSAGE][WARNING] - A browser is already opened. Closing browser and opening a new one

2022-02-23 12:19:40 - [MESSAGE][INFO] - Starting 'Chrome' driver

2022-02-23 12:19:40 - [MESSAGE][INFO] - Action delay is set to 0 milliseconds

2022-02-23 12:19:41 - [MESSAGE][PASSED] - Browser is opened with url: ''

2022-02-23 12:19:41 - [TEST_STEP][PASSED] - maximizeWindow(): Current window maximized

2022-02-23 12:19:41 - [MESSAGE][PASSED] - Current window maximized

2022-02-23 12:19:41 - [TEST_STEP][PASSED] - i = G_Login: null

2022-02-23 12:19:41 - [TEST_STEP][PASSED] - url = new java.net.URL(i): null

2022-02-23 12:19:41 - [TEST_STEP][PASSED] - println("URL: " + url.toString()): null

2022-02-23 12:19:41 - [TEST_STEP][PASSED] - connection = url.openConnection(): null

2022-02-23 12:19:41 - [TEST_STEP][PASSED] - connection.setRequestMethod("GET"): null

2022-02-23 12:19:41 - [TEST_STEP][PASSED] - connection.setReadTimeout(2 * 1000): null

2022-02-23 12:19:41 - [TEST_STEP][PASSED] - try: null

2022-02-23 12:19:41 - [TEST_STEP][PASSED] - connection.connect(): null

2022-02-23 12:19:41 - [TEST_STEP][PASSED] - flag = connected: null

2022-02-23 12:19:41 - [TEST_STEP][PASSED] - println("Valor_ori: " + flag): null

2022-02-23 12:19:41 - [TEST_STEP][PASSED] - if (flag): null

2022-02-23 12:19:41 - [TEST_STEP][PASSED] - navigateToUrl(i): Navigate to 'http://192.168.2.80:8380/saraweb' successfully

2022-02-23 12:19:42 - [MESSAGE][PASSED] - Navigate to 'http://192.168.2.80:8380/saraweb' successfully

2022-02-23 12:19:42 - [TEST_STEP][PASSED] - a(): null

2022-02-23 12:19:42 - [TEST_STEP][PASSED] - setText(findTestObject("Login/input_USUARIO_loginusuario"), G_Usuario): Text 'saraadmin' is set on object 'Object Repository/Login/input_USUARIO_loginusuario'

2022-02-23 12:19:43 - [MESSAGE][PASSED] - Text 'saraadmin' is set on object 'Object Repository/Login/input_USUARIO_loginusuario'

2022-02-23 12:19:43 - [TEST_STEP][PASSED] - setEncryptedText(findTestObject("Login/input_CLAVE_loginpassword"), "MkG4/TYiCFC3cb2driP7+Q=="): Text ****** has been set on object 'Object Repository/Login/input_CLAVE_loginpassword'

2022-02-23 12:19:43 - [MESSAGE][PASSED] - Text ****** has been set on object 'Object Repository/Login/input_CLAVE_loginpassword'

2022-02-23 12:19:43 - [TEST_STEP][PASSED] - waitForElementClickable(findTestObject("Login/a_Ingresar"), G_TimeOut): Object 'Object Repository/Login/a_Ingresar' is clickable

2022-02-23 12:19:44 - [MESSAGE][PASSED] - Object 'Object Repository/Login/a_Ingresar' is clickable

2022-02-23 12:19:44 - [TEST_STEP][PASSED] - click(findTestObject("Login/a_Ingresar")): Object: 'Object Repository/Login/a_Ingresar' is clicked on

2022-02-23 12:19:46 - [MESSAGE][PASSED] - Object: 'Object Repository/Login/a_Ingresar' is clicked on

2022-02-23 12:19:46 - [TEST_STEP][PASSED] - element = findWebElement(findTestObject("Login/a_Ir"), 30): null

2022-02-23 12:19:46 - [TEST_STEP][PASSED] - executeJavaScript("arguments[0].click()", Arrays.asList(element)): Execute JavaScript 'arguments[0].click()' successfully

2022-02-23 12:19:46 - [MESSAGE][PASSED] - Execute JavaScript 'arguments[0].click()' successfully

2022-02-23 12:19:46 - [MESSAGE][PASSED] - Call Test Case 'Test Cases/0.1-Login' successfully

2022-02-23 12:19:46 - [TEST_STEP][PASSED] - setText(findTestObject("input_Empresa 1_form_templatej_idt24_input"), "listado persona"): Text 'listado persona' is set on object 'Object Repository/input_Empresa 1_form_templatej_idt24_input'

2022-02-23 12:19:48 - [MESSAGE][PASSED] - Text 'listado persona' is set on object 'Object Repository/input_Empresa 1_form_templatej_idt24_input'

2022-02-23 12:19:48 - [TEST_STEP][PASSED] - click(findTestObject("Modulo control tiempo/Dispositivo/span_Listado Persona")): Object: 'Object Repository/Modulo control tiempo/Dispositivo/span_Listado Persona' is clicked on

2022-02-23 12:19:49 - [MESSAGE][PASSED] - Object: 'Object Repository/Modulo control tiempo/Dispositivo/span_Listado Persona' is clicked on

2022-02-23 12:19:49 - [TEST_STEP][PASSED] - click(findTestObject("Modulo control tiempo/Dispositivo/td_1010220596")): Object: 'Object Repository/Modulo control tiempo/Dispositivo/td_1010220596' is clicked on

2022-02-23 12:19:50 - [MESSAGE][PASSED] - Object: 'Object Repository/Modulo control tiempo/Dispositivo/td_1010220596' is clicked on

2022-02-23 12:19:50 - [TEST_STEP][PASSED] - click(findTestObject("Modulo control tiempo/Dispositivo/a_dispositivo")): Object: 'Object Repository/Modulo control tiempo/Dispositivo/a_dispositivo' is clicked on

2022-02-23 12:19:51 - [MESSAGE][PASSED] - Object: 'Object Repository/Modulo control tiempo/Dispositivo/a_dispositivo' is clicked on

2022-02-23 12:19:51 - [TEST_STEP][PASSED] - if (waitForElementVisible(findTestObject("Modulo control tiempo/Dispositivo/td_-"), 1)): null

2022-02-23 12:19:51 - [MESSAGE][PASSED] - Object 'Object Repository/Modulo control tiempo/Dispositivo/td_-' is visible

2022-02-23 12:19:51 - [TEST_STEP][PASSED] - click(findTestObject("Modulo control tiempo/Dispositivo/td_-")): Object: 'Object Repository/Modulo control tiempo/Dispositivo/td_-' is clicked on

2022-02-23 12:19:52 - [MESSAGE][PASSED] - Object: 'Object Repository/Modulo control tiempo/Dispositivo/td_-' is clicked on

2022-02-23 12:19:52 - [TEST_STEP][PASSED] - element = findWebElement(findTestObject("Modulo control tiempo/Dispositivo/span_Remove All"), 30): null

2022-02-23 12:19:52 - [TEST_STEP][PASSED] - executeJavaScript("arguments[0].click()", Arrays.asList(element)): Execute JavaScript 'arguments[0].click()' successfully

2022-02-23 12:19:52 - [MESSAGE][PASSED] - Execute JavaScript 'arguments[0].click()' successfully

2022-02-23 12:19:52 - [TEST_STEP][PASSED] - click(findTestObject("Modulo control tiempo/Dispositivo/span_Huella Digital")): Object: 'Object Repository/Modulo control tiempo/Dispositivo/span_Huella Digital' is clicked on

2022-02-23 12:19:54 - [MESSAGE][PASSED] - Object: 'Object Repository/Modulo control tiempo/Dispositivo/span_Huella Digital' is clicked on

2022-02-23 12:19:54 - [TEST_STEP][PASSED] - click(findTestObject("Modulo control tiempo/Dispositivo/span_Huella Digital_ui-button-icon-left ui-icon ui-c ui-icon ui-icon-arrow-1-e")): Object: 'Object Repository/Modulo control tiempo/Dispositivo/span_Huella Digital_ui-button-icon-left ui-icon ui-c ui-icon ui-icon-arrow-1-e' is clicked on

2022-02-23 12:19:54 - [MESSAGE][PASSED] - Object: 'Object Repository/Modulo control tiempo/Dispositivo/span_Huella Digital_ui-button-icon-left ui-icon ui-c ui-icon ui-icon-arrow-1-e' is clicked on

2022-02-23 12:19:54 - [TEST_STEP][PASSED] - if (waitForElementVisible(findTestObject("Modulo control tiempo/Dispositivo/td_-"), 1)): null

2022-02-23 12:19:55 - [MESSAGE][PASSED] - Object 'Object Repository/Modulo control tiempo/Dispositivo/td_-' is visible

2022-02-23 12:19:55 - [TEST_STEP][PASSED] - closeBrowser(): Browser is closed

2022-02-23 12:19:56 - [MESSAGE][PASSED] - Browser is closed]]></system-out>
         <system-err><![CDATA[]]></system-err>
      </testcase>
      <testcase name="Test Cases/13.1-Pruebas_control_tiempos/13.1.8-Funciones" time="16.134" classname="Test Cases/13.1-Pruebas_control_tiempos/13.1.8-Funciones" status="PASSED">
         <system-out><![CDATA[2022-02-23 12:19:56 - [TEST_CASE][PASSED] - Test Cases/13.1-Pruebas_control_tiempos/13.1.8-Funciones: Test Cases/13.1-Pruebas_control_tiempos/13.1.8-Funciones

2022-02-23 12:19:56 - [TEST_STEP][PASSED] - callTestCase(findTestCase("0.1-Login"), [:], STOP_ON_FAILURE): Call Test Case 'Test Cases/0.1-Login' successfully

2022-02-23 12:19:56 - [TEST_CASE][PASSED] - Test Cases/0.1-Login: Test Cases/0.1-Login

2022-02-23 12:19:56 - [TEST_STEP][PASSED] - openBrowser(""): Browser is opened with url: ''

2022-02-23 12:19:56 - [MESSAGE][INFO] - Starting 'Chrome' driver

2022-02-23 12:19:56 - [MESSAGE][INFO] - Action delay is set to 0 milliseconds

2022-02-23 12:19:58 - [MESSAGE][PASSED] - Browser is opened with url: ''

2022-02-23 12:19:58 - [TEST_STEP][PASSED] - maximizeWindow(): Current window maximized

2022-02-23 12:19:58 - [MESSAGE][PASSED] - Current window maximized

2022-02-23 12:19:58 - [TEST_STEP][PASSED] - i = G_Login: null

2022-02-23 12:19:58 - [TEST_STEP][PASSED] - url = new java.net.URL(i): null

2022-02-23 12:19:58 - [TEST_STEP][PASSED] - println("URL: " + url.toString()): null

2022-02-23 12:19:58 - [TEST_STEP][PASSED] - connection = url.openConnection(): null

2022-02-23 12:19:58 - [TEST_STEP][PASSED] - connection.setRequestMethod("GET"): null

2022-02-23 12:19:58 - [TEST_STEP][PASSED] - connection.setReadTimeout(2 * 1000): null

2022-02-23 12:19:58 - [TEST_STEP][PASSED] - try: null

2022-02-23 12:19:58 - [TEST_STEP][PASSED] - connection.connect(): null

2022-02-23 12:19:58 - [TEST_STEP][PASSED] - flag = connected: null

2022-02-23 12:19:58 - [TEST_STEP][PASSED] - println("Valor_ori: " + flag): null

2022-02-23 12:19:58 - [TEST_STEP][PASSED] - if (flag): null

2022-02-23 12:19:58 - [TEST_STEP][PASSED] - navigateToUrl(i): Navigate to 'http://192.168.2.80:8380/saraweb' successfully

2022-02-23 12:19:58 - [MESSAGE][PASSED] - Navigate to 'http://192.168.2.80:8380/saraweb' successfully

2022-02-23 12:19:58 - [TEST_STEP][PASSED] - a(): null

2022-02-23 12:19:58 - [TEST_STEP][PASSED] - setText(findTestObject("Login/input_USUARIO_loginusuario"), G_Usuario): Text 'saraadmin' is set on object 'Object Repository/Login/input_USUARIO_loginusuario'

2022-02-23 12:19:59 - [MESSAGE][PASSED] - Text 'saraadmin' is set on object 'Object Repository/Login/input_USUARIO_loginusuario'

2022-02-23 12:19:59 - [TEST_STEP][PASSED] - setEncryptedText(findTestObject("Login/input_CLAVE_loginpassword"), "MkG4/TYiCFC3cb2driP7+Q=="): Text ****** has been set on object 'Object Repository/Login/input_CLAVE_loginpassword'

2022-02-23 12:19:59 - [MESSAGE][PASSED] - Text ****** has been set on object 'Object Repository/Login/input_CLAVE_loginpassword'

2022-02-23 12:19:59 - [TEST_STEP][PASSED] - waitForElementClickable(findTestObject("Login/a_Ingresar"), G_TimeOut): Object 'Object Repository/Login/a_Ingresar' is clickable

2022-02-23 12:20:00 - [MESSAGE][PASSED] - Object 'Object Repository/Login/a_Ingresar' is clickable

2022-02-23 12:20:00 - [TEST_STEP][PASSED] - click(findTestObject("Login/a_Ingresar")): Object: 'Object Repository/Login/a_Ingresar' is clicked on

2022-02-23 12:20:02 - [MESSAGE][PASSED] - Object: 'Object Repository/Login/a_Ingresar' is clicked on

2022-02-23 12:20:02 - [TEST_STEP][PASSED] - element = findWebElement(findTestObject("Login/a_Ir"), 30): null

2022-02-23 12:20:03 - [TEST_STEP][PASSED] - executeJavaScript("arguments[0].click()", Arrays.asList(element)): Execute JavaScript 'arguments[0].click()' successfully

2022-02-23 12:20:03 - [MESSAGE][PASSED] - Execute JavaScript 'arguments[0].click()' successfully

2022-02-23 12:20:03 - [MESSAGE][PASSED] - Call Test Case 'Test Cases/0.1-Login' successfully

2022-02-23 12:20:03 - [TEST_STEP][PASSED] - setText(findTestObject("input_Empresa 1_form_templatej_idt24_input"), "Listado persona"): Text 'Listado persona' is set on object 'Object Repository/input_Empresa 1_form_templatej_idt24_input'

2022-02-23 12:20:04 - [MESSAGE][PASSED] - Text 'Listado persona' is set on object 'Object Repository/input_Empresa 1_form_templatej_idt24_input'

2022-02-23 12:20:04 - [TEST_STEP][PASSED] - click(findTestObject("Modulo control tiempo/Funciones/span_Listado Persona")): Object: 'Object Repository/Modulo control tiempo/Funciones/span_Listado Persona' is clicked on

2022-02-23 12:20:06 - [MESSAGE][PASSED] - Object: 'Object Repository/Modulo control tiempo/Funciones/span_Listado Persona' is clicked on

2022-02-23 12:20:06 - [TEST_STEP][PASSED] - click(findTestObject("Modulo control tiempo/Funciones/td_1010220596")): Object: 'Object Repository/Modulo control tiempo/Funciones/td_1010220596' is clicked on

2022-02-23 12:20:07 - [MESSAGE][PASSED] - Object: 'Object Repository/Modulo control tiempo/Funciones/td_1010220596' is clicked on

2022-02-23 12:20:07 - [TEST_STEP][PASSED] - click(findTestObject("Modulo control tiempo/Funciones/a_Funciones")): Object: 'Object Repository/Modulo control tiempo/Funciones/a_Funciones' is clicked on

2022-02-23 12:20:07 - [MESSAGE][PASSED] - Object: 'Object Repository/Modulo control tiempo/Funciones/a_Funciones' is clicked on

2022-02-23 12:20:07 - [TEST_STEP][PASSED] - click(findTestObject("Modulo control tiempo/Funciones/td_1")): Object: 'Object Repository/Modulo control tiempo/Funciones/td_1' is clicked on

2022-02-23 12:20:10 - [MESSAGE][PASSED] - Object: 'Object Repository/Modulo control tiempo/Funciones/td_1' is clicked on

2022-02-23 12:20:10 - [TEST_STEP][PASSED] - waitForElementVisible(findTestObject("Modulo control tiempo/Funciones/a_Cancelar"), 2): Object 'Object Repository/Modulo control tiempo/Funciones/a_Cancelar' is visible

2022-02-23 12:20:10 - [MESSAGE][PASSED] - Object 'Object Repository/Modulo control tiempo/Funciones/a_Cancelar' is visible

2022-02-23 12:20:10 - [TEST_STEP][PASSED] - click(findTestObject("Modulo control tiempo/Funciones/a_Cancelar")): Object: 'Object Repository/Modulo control tiempo/Funciones/a_Cancelar' is clicked on

2022-02-23 12:20:11 - [MESSAGE][PASSED] - Object: 'Object Repository/Modulo control tiempo/Funciones/a_Cancelar' is clicked on

2022-02-23 12:20:11 - [TEST_STEP][PASSED] - if (waitForElementVisible(findTestObject("Modulo control tiempo/Funciones/td_1"), 1)): null

2022-02-23 12:20:11 - [MESSAGE][PASSED] - Object 'Object Repository/Modulo control tiempo/Funciones/td_1' is visible

2022-02-23 12:20:11 - [TEST_STEP][PASSED] - closeBrowser(): Browser is closed

2022-02-23 12:20:12 - [MESSAGE][PASSED] - Browser is closed]]></system-out>
         <system-err><![CDATA[]]></system-err>
      </testcase>
      <testcase name="Test Cases/13.1-Pruebas_control_tiempos/13.2.2-Liquidación_reversar" time="27.861" classname="Test Cases/13.1-Pruebas_control_tiempos/13.2.2-Liquidación_reversar" status="PASSED">
         <system-out><![CDATA[2022-02-23 12:20:12 - [TEST_CASE][PASSED] - Test Cases/13.1-Pruebas_control_tiempos/13.2.2-Liquidación_reversar: Test Cases/13.1-Pruebas_control_tiempos/13.2.2-Liquidación_reversar

2022-02-23 12:20:12 - [TEST_STEP][PASSED] - callTestCase(findTestCase("0.1-Login"), [:], STOP_ON_FAILURE): Call Test Case 'Test Cases/0.1-Login' successfully

2022-02-23 12:20:13 - [TEST_CASE][PASSED] - Test Cases/0.1-Login: Test Cases/0.1-Login

2022-02-23 12:20:13 - [TEST_STEP][PASSED] - openBrowser(""): Browser is opened with url: ''

2022-02-23 12:20:13 - [MESSAGE][INFO] - Starting 'Chrome' driver

2022-02-23 12:20:13 - [MESSAGE][INFO] - Action delay is set to 0 milliseconds

2022-02-23 12:20:14 - [MESSAGE][PASSED] - Browser is opened with url: ''

2022-02-23 12:20:14 - [TEST_STEP][PASSED] - maximizeWindow(): Current window maximized

2022-02-23 12:20:14 - [MESSAGE][PASSED] - Current window maximized

2022-02-23 12:20:14 - [TEST_STEP][PASSED] - i = G_Login: null

2022-02-23 12:20:14 - [TEST_STEP][PASSED] - url = new java.net.URL(i): null

2022-02-23 12:20:14 - [TEST_STEP][PASSED] - println("URL: " + url.toString()): null

2022-02-23 12:20:14 - [TEST_STEP][PASSED] - connection = url.openConnection(): null

2022-02-23 12:20:14 - [TEST_STEP][PASSED] - connection.setRequestMethod("GET"): null

2022-02-23 12:20:14 - [TEST_STEP][PASSED] - connection.setReadTimeout(2 * 1000): null

2022-02-23 12:20:14 - [TEST_STEP][PASSED] - try: null

2022-02-23 12:20:14 - [TEST_STEP][PASSED] - connection.connect(): null

2022-02-23 12:20:14 - [TEST_STEP][PASSED] - flag = connected: null

2022-02-23 12:20:14 - [TEST_STEP][PASSED] - println("Valor_ori: " + flag): null

2022-02-23 12:20:14 - [TEST_STEP][PASSED] - if (flag): null

2022-02-23 12:20:14 - [TEST_STEP][PASSED] - navigateToUrl(i): Navigate to 'http://192.168.2.80:8380/saraweb' successfully

2022-02-23 12:20:14 - [MESSAGE][PASSED] - Navigate to 'http://192.168.2.80:8380/saraweb' successfully

2022-02-23 12:20:14 - [TEST_STEP][PASSED] - a(): null

2022-02-23 12:20:14 - [TEST_STEP][PASSED] - setText(findTestObject("Login/input_USUARIO_loginusuario"), G_Usuario): Text 'saraadmin' is set on object 'Object Repository/Login/input_USUARIO_loginusuario'

2022-02-23 12:20:15 - [MESSAGE][PASSED] - Text 'saraadmin' is set on object 'Object Repository/Login/input_USUARIO_loginusuario'

2022-02-23 12:20:15 - [TEST_STEP][PASSED] - setEncryptedText(findTestObject("Login/input_CLAVE_loginpassword"), "MkG4/TYiCFC3cb2driP7+Q=="): Text ****** has been set on object 'Object Repository/Login/input_CLAVE_loginpassword'

2022-02-23 12:20:16 - [MESSAGE][PASSED] - Text ****** has been set on object 'Object Repository/Login/input_CLAVE_loginpassword'

2022-02-23 12:20:16 - [TEST_STEP][PASSED] - waitForElementClickable(findTestObject("Login/a_Ingresar"), G_TimeOut): Object 'Object Repository/Login/a_Ingresar' is clickable

2022-02-23 12:20:16 - [MESSAGE][PASSED] - Object 'Object Repository/Login/a_Ingresar' is clickable

2022-02-23 12:20:16 - [TEST_STEP][PASSED] - click(findTestObject("Login/a_Ingresar")): Object: 'Object Repository/Login/a_Ingresar' is clicked on

2022-02-23 12:20:17 - [MESSAGE][PASSED] - Object: 'Object Repository/Login/a_Ingresar' is clicked on

2022-02-23 12:20:17 - [TEST_STEP][PASSED] - element = findWebElement(findTestObject("Login/a_Ir"), 30): null

2022-02-23 12:20:17 - [TEST_STEP][PASSED] - executeJavaScript("arguments[0].click()", Arrays.asList(element)): Execute JavaScript 'arguments[0].click()' successfully

2022-02-23 12:20:17 - [MESSAGE][PASSED] - Execute JavaScript 'arguments[0].click()' successfully

2022-02-23 12:20:17 - [MESSAGE][PASSED] - Call Test Case 'Test Cases/0.1-Login' successfully

2022-02-23 12:20:17 - [TEST_STEP][PASSED] - setText(findTestObject("Modulo control tiempo/liquidación/input_Empresa 1_form_templatej_idt24_input"), "Liquidacion (get)"): Text 'Liquidacion (get)' is set on object 'Object Repository/Modulo control tiempo/liquidación/input_Empresa 1_form_templatej_idt24_input'

2022-02-23 12:20:18 - [MESSAGE][PASSED] - Text 'Liquidacion (get)' is set on object 'Object Repository/Modulo control tiempo/liquidación/input_Empresa 1_form_templatej_idt24_input'

2022-02-23 12:20:18 - [TEST_STEP][PASSED] - click(findTestObject("Modulo control tiempo/liquidación/li_Liquidacion (get)")): Object: 'Object Repository/Modulo control tiempo/liquidación/li_Liquidacion (get)' is clicked on

2022-02-23 12:20:20 - [MESSAGE][PASSED] - Object: 'Object Repository/Modulo control tiempo/liquidación/li_Liquidacion (get)' is clicked on

2022-02-23 12:20:20 - [TEST_STEP][PASSED] - if (waitForElementVisible(findTestObject("Modulo control tiempo/liquidación/td_01072021"), 1)): null

2022-02-23 12:20:21 - [MESSAGE][PASSED] - Object 'Object Repository/Modulo control tiempo/liquidación/td_01072021' is visible

2022-02-23 12:20:21 - [TEST_STEP][PASSED] - click(findTestObject("Modulo control tiempo/liquidación/td_01072021")): Object: 'Object Repository/Modulo control tiempo/liquidación/td_01072021' is clicked on

2022-02-23 12:20:21 - [MESSAGE][PASSED] - Object: 'Object Repository/Modulo control tiempo/liquidación/td_01072021' is clicked on

2022-02-23 12:20:21 - [TEST_STEP][PASSED] - click(findTestObject("Modulo control tiempo/liquidación/a_Reversar")): Object: 'Object Repository/Modulo control tiempo/liquidación/a_Reversar' is clicked on

2022-02-23 12:20:22 - [MESSAGE][PASSED] - Object: 'Object Repository/Modulo control tiempo/liquidación/a_Reversar' is clicked on

2022-02-23 12:20:22 - [TEST_STEP][PASSED] - click(findTestObject("Modulo control tiempo/liquidación/a_Aceptar")): Object: 'Object Repository/Modulo control tiempo/liquidación/a_Aceptar' is clicked on

2022-02-23 12:20:23 - [MESSAGE][PASSED] - Object: 'Object Repository/Modulo control tiempo/liquidación/a_Aceptar' is clicked on

2022-02-23 12:20:23 - [TEST_STEP][PASSED] - waitForElementVisible(findTestObject("Modulo control tiempo/liquidación/a_Continuar"), 0): Object 'Object Repository/Modulo control tiempo/liquidación/a_Continuar' is visible

2022-02-23 12:20:23 - [MESSAGE][WARNING] - Timeout '0' is invalid. Using default page load timeout: '30'

2022-02-23 12:20:27 - [MESSAGE][PASSED] - Object 'Object Repository/Modulo control tiempo/liquidación/a_Continuar' is visible

2022-02-23 12:20:27 - [TEST_STEP][PASSED] - click(findTestObject("Modulo control tiempo/liquidación/a_Continuar")): Object: 'Object Repository/Modulo control tiempo/liquidación/a_Continuar' is clicked on

2022-02-23 12:20:27 - [MESSAGE][PASSED] - Object: 'Object Repository/Modulo control tiempo/liquidación/a_Continuar' is clicked on

2022-02-23 12:20:27 - [TEST_STEP][PASSED] - click(findTestObject("Modulo control tiempo/liquidación/a_Nuevo")): Object: 'Object Repository/Modulo control tiempo/liquidación/a_Nuevo' is clicked on

2022-02-23 12:20:29 - [MESSAGE][PASSED] - Object: 'Object Repository/Modulo control tiempo/liquidación/a_Nuevo' is clicked on

2022-02-23 12:20:29 - [TEST_STEP][PASSED] - setText(findTestObject("Modulo control tiempo/liquidación/input_Fecha Inicial_form_popupFechaLiquidacionBeanfechaInicial_input"), "18/01/2019"): Text '18/01/2019' is set on object 'Object Repository/Modulo control tiempo/liquidación/input_Fecha Inicial_form_popupFechaLiquidacionBeanfechaInicial_input'

2022-02-23 12:20:30 - [MESSAGE][PASSED] - Text '18/01/2019' is set on object 'Object Repository/Modulo control tiempo/liquidación/input_Fecha Inicial_form_popupFechaLiquidacionBeanfechaInicial_input'

2022-02-23 12:20:30 - [TEST_STEP][PASSED] - sendKeys(findTestObject("Modulo control tiempo/liquidación/input_Fecha Inicial_form_popupFechaLiquidacionBeanfechaInicial_input"), Keys.chord(ESCAPE)): Keys 'ESCAPE + ' sent to object: 'Object Repository/Modulo control tiempo/liquidación/input_Fecha Inicial_form_popupFechaLiquidacionBeanfechaInicial_input'

2022-02-23 12:20:30 - [MESSAGE][PASSED] - Keys 'ESCAPE + ' sent to object: 'Object Repository/Modulo control tiempo/liquidación/input_Fecha Inicial_form_popupFechaLiquidacionBeanfechaInicial_input'

2022-02-23 12:20:30 - [TEST_STEP][PASSED] - setText(findTestObject("Modulo control tiempo/liquidación/input_Fecha Final_form_popupFechaLiquidacionBeanfechaFinal_input"), "27/02/2019"): Text '27/02/2019' is set on object 'Object Repository/Modulo control tiempo/liquidación/input_Fecha Final_form_popupFechaLiquidacionBeanfechaFinal_input'

2022-02-23 12:20:31 - [MESSAGE][PASSED] - Text '27/02/2019' is set on object 'Object Repository/Modulo control tiempo/liquidación/input_Fecha Final_form_popupFechaLiquidacionBeanfechaFinal_input'

2022-02-23 12:20:31 - [TEST_STEP][PASSED] - selectOptionByIndex(findTestObject("Modulo control tiempo/liquidación/select_--Seleccione--Proceso de liquidacin DesarrolloProceso de liquidacin Mensual"), 1): All options with index in [1] are selected on object 'Object Repository/Modulo control tiempo/liquidación/select_--Seleccione--Proceso de liquidacin DesarrolloProceso de liquidacin Mensual'

2022-02-23 12:20:32 - [MESSAGE][PASSED] - All options with index in [1] are selected on object 'Object Repository/Modulo control tiempo/liquidación/select_--Seleccione--Proceso de liquidacin DesarrolloProceso de liquidacin Mensual'

2022-02-23 12:20:32 - [TEST_STEP][PASSED] - click(findTestObject("Modulo control tiempo/liquidación/a_Aplicar")): Object: 'Object Repository/Modulo control tiempo/liquidación/a_Aplicar' is clicked on

2022-02-23 12:20:32 - [MESSAGE][PASSED] - Object: 'Object Repository/Modulo control tiempo/liquidación/a_Aplicar' is clicked on

2022-02-23 12:20:32 - [TEST_STEP][PASSED] - click(findTestObject("Modulo control tiempo/liquidación/a_Liquidar")): Object: 'Object Repository/Modulo control tiempo/liquidación/a_Liquidar' is clicked on

2022-02-23 12:20:33 - [MESSAGE][PASSED] - Object: 'Object Repository/Modulo control tiempo/liquidación/a_Liquidar' is clicked on

2022-02-23 12:20:33 - [TEST_STEP][PASSED] - click(findTestObject("Modulo control tiempo/liquidación/a_Aceptar")): Object: 'Object Repository/Modulo control tiempo/liquidación/a_Aceptar' is clicked on

2022-02-23 12:20:34 - [MESSAGE][PASSED] - Object: 'Object Repository/Modulo control tiempo/liquidación/a_Aceptar' is clicked on

2022-02-23 12:20:34 - [TEST_STEP][PASSED] - click(findTestObject("Modulo control tiempo/liquidación/div_Liquidacin realizada con xito")): Object: 'Object Repository/Modulo control tiempo/liquidación/div_Liquidacin realizada con xito' is clicked on

2022-02-23 12:20:34 - [MESSAGE][PASSED] - Object: 'Object Repository/Modulo control tiempo/liquidación/div_Liquidacin realizada con xito' is clicked on

2022-02-23 12:20:34 - [TEST_STEP][PASSED] - click(findTestObject("Modulo control tiempo/liquidación/a_Continuar")): Object: 'Object Repository/Modulo control tiempo/liquidación/a_Continuar' is clicked on

2022-02-23 12:20:38 - [MESSAGE][PASSED] - Object: 'Object Repository/Modulo control tiempo/liquidación/a_Continuar' is clicked on

2022-02-23 12:20:38 - [TEST_STEP][PASSED] - if (waitForElementPresent(findTestObject("Modulo control tiempo/liquidación/textarea_Evento del reloj entrada sin salida - Entradas sin autorizar"), 1)): Object 'Object Repository/Modulo control tiempo/liquidación/textarea_Evento del reloj entrada sin salida - Entradas sin autorizar' is not present after 1 second(s)

2022-02-23 12:20:40 - [MESSAGE][INFO] - Unable to find the element located by 'By.xpath: //*/text()[normalize-space(.)='Evento del reloj entrada sin salida - Entradas sin autorizar']/parent::*'. Please recheck the objects properties to make sure the desired element is located. 

2022-02-23 12:20:40 - [MESSAGE][WARNING] - Object 'Object Repository/Modulo control tiempo/liquidación/textarea_Evento del reloj entrada sin salida - Entradas sin autorizar' is not present after 1 second(s)]]></system-out>
         <system-err><![CDATA[]]></system-err>
      </testcase>
      <testcase name="Test Cases/13.1-Pruebas_control_tiempos/13.2.3-Aplicar" time="19.916" classname="Test Cases/13.1-Pruebas_control_tiempos/13.2.3-Aplicar" status="PASSED">
         <system-out><![CDATA[2022-02-23 12:20:40 - [TEST_CASE][PASSED] - Test Cases/13.1-Pruebas_control_tiempos/13.2.3-Aplicar: Test Cases/13.1-Pruebas_control_tiempos/13.2.3-Aplicar

2022-02-23 12:20:40 - [TEST_STEP][PASSED] - callTestCase(findTestCase("0.1-Login"), [:], STOP_ON_FAILURE): Call Test Case 'Test Cases/0.1-Login' successfully

2022-02-23 12:20:40 - [TEST_CASE][PASSED] - Test Cases/0.1-Login: Test Cases/0.1-Login

2022-02-23 12:20:40 - [TEST_STEP][PASSED] - openBrowser(""): Browser is opened with url: ''

2022-02-23 12:20:40 - [MESSAGE][WARNING] - A browser is already opened. Closing browser and opening a new one

2022-02-23 12:20:41 - [MESSAGE][INFO] - Starting 'Chrome' driver

2022-02-23 12:20:41 - [MESSAGE][INFO] - Action delay is set to 0 milliseconds

2022-02-23 12:20:42 - [MESSAGE][PASSED] - Browser is opened with url: ''

2022-02-23 12:20:42 - [TEST_STEP][PASSED] - maximizeWindow(): Current window maximized

2022-02-23 12:20:42 - [MESSAGE][PASSED] - Current window maximized

2022-02-23 12:20:42 - [TEST_STEP][PASSED] - i = G_Login: null

2022-02-23 12:20:42 - [TEST_STEP][PASSED] - url = new java.net.URL(i): null

2022-02-23 12:20:42 - [TEST_STEP][PASSED] - println("URL: " + url.toString()): null

2022-02-23 12:20:42 - [TEST_STEP][PASSED] - connection = url.openConnection(): null

2022-02-23 12:20:42 - [TEST_STEP][PASSED] - connection.setRequestMethod("GET"): null

2022-02-23 12:20:42 - [TEST_STEP][PASSED] - connection.setReadTimeout(2 * 1000): null

2022-02-23 12:20:42 - [TEST_STEP][PASSED] - try: null

2022-02-23 12:20:42 - [TEST_STEP][PASSED] - connection.connect(): null

2022-02-23 12:20:42 - [TEST_STEP][PASSED] - flag = connected: null

2022-02-23 12:20:42 - [TEST_STEP][PASSED] - println("Valor_ori: " + flag): null

2022-02-23 12:20:42 - [TEST_STEP][PASSED] - if (flag): null

2022-02-23 12:20:42 - [TEST_STEP][PASSED] - navigateToUrl(i): Navigate to 'http://192.168.2.80:8380/saraweb' successfully

2022-02-23 12:20:43 - [MESSAGE][PASSED] - Navigate to 'http://192.168.2.80:8380/saraweb' successfully

2022-02-23 12:20:43 - [TEST_STEP][PASSED] - a(): null

2022-02-23 12:20:43 - [TEST_STEP][PASSED] - setText(findTestObject("Login/input_USUARIO_loginusuario"), G_Usuario): Text 'saraadmin' is set on object 'Object Repository/Login/input_USUARIO_loginusuario'

2022-02-23 12:20:44 - [MESSAGE][PASSED] - Text 'saraadmin' is set on object 'Object Repository/Login/input_USUARIO_loginusuario'

2022-02-23 12:20:44 - [TEST_STEP][PASSED] - setEncryptedText(findTestObject("Login/input_CLAVE_loginpassword"), "MkG4/TYiCFC3cb2driP7+Q=="): Text ****** has been set on object 'Object Repository/Login/input_CLAVE_loginpassword'

2022-02-23 12:20:45 - [MESSAGE][PASSED] - Text ****** has been set on object 'Object Repository/Login/input_CLAVE_loginpassword'

2022-02-23 12:20:45 - [TEST_STEP][PASSED] - waitForElementClickable(findTestObject("Login/a_Ingresar"), G_TimeOut): Object 'Object Repository/Login/a_Ingresar' is clickable

2022-02-23 12:20:45 - [MESSAGE][PASSED] - Object 'Object Repository/Login/a_Ingresar' is clickable

2022-02-23 12:20:45 - [TEST_STEP][PASSED] - click(findTestObject("Login/a_Ingresar")): Object: 'Object Repository/Login/a_Ingresar' is clicked on

2022-02-23 12:20:47 - [MESSAGE][PASSED] - Object: 'Object Repository/Login/a_Ingresar' is clicked on

2022-02-23 12:20:47 - [TEST_STEP][PASSED] - element = findWebElement(findTestObject("Login/a_Ir"), 30): null

2022-02-23 12:20:48 - [TEST_STEP][PASSED] - executeJavaScript("arguments[0].click()", Arrays.asList(element)): Execute JavaScript 'arguments[0].click()' successfully

2022-02-23 12:20:48 - [MESSAGE][PASSED] - Execute JavaScript 'arguments[0].click()' successfully

2022-02-23 12:20:48 - [MESSAGE][PASSED] - Call Test Case 'Test Cases/0.1-Login' successfully

2022-02-23 12:20:48 - [TEST_STEP][PASSED] - setText(findTestObject("input_Empresa 1_form_templatej_idt24_input"), "Liquidacion"): Text 'Liquidacion' is set on object 'Object Repository/input_Empresa 1_form_templatej_idt24_input'

2022-02-23 12:20:49 - [MESSAGE][PASSED] - Text 'Liquidacion' is set on object 'Object Repository/input_Empresa 1_form_templatej_idt24_input'

2022-02-23 12:20:49 - [TEST_STEP][PASSED] - click(findTestObject("Modulo control tiempo/Aplicar/span_Liquidacion")): Object: 'Object Repository/Modulo control tiempo/Aplicar/span_Liquidacion' is clicked on

2022-02-23 12:20:50 - [MESSAGE][PASSED] - Object: 'Object Repository/Modulo control tiempo/Aplicar/span_Liquidacion' is clicked on

2022-02-23 12:20:50 - [TEST_STEP][PASSED] - click(findTestObject("Modulo control tiempo/Aplicar/td_27022019")): Object: 'Object Repository/Modulo control tiempo/Aplicar/td_27022019' is clicked on

2022-02-23 12:20:51 - [MESSAGE][PASSED] - Object: 'Object Repository/Modulo control tiempo/Aplicar/td_27022019' is clicked on

2022-02-23 12:20:51 - [TEST_STEP][PASSED] - if (waitForElementVisible(findTestObject("Modulo control tiempo/Aplicar/a_Reversar Nomina"), 1)): Web element with id: 'Object Repository/Modulo control tiempo/Aplicar/a_Reversar Nomina' located by '//a[contains(text(),'Reversar Nomina')]' not found

2022-02-23 12:20:54 - [MESSAGE][INFO] - Unable to find the element located by 'By.xpath: //a[contains(text(),'Reversar Nomina')]'. Please recheck the objects properties to make sure the desired element is located. 

2022-02-23 12:20:54 - [MESSAGE][WARNING] - Web element with id: 'Object Repository/Modulo control tiempo/Aplicar/a_Reversar Nomina' located by '//a[contains(text(),'Reversar Nomina')]' not found

2022-02-23 12:20:54 - [TEST_STEP][PASSED] - click(findTestObject("Modulo control tiempo/Aplicar/a_Aplicar")): Object: 'Object Repository/Modulo control tiempo/Aplicar/a_Aplicar' is clicked on

2022-02-23 12:20:54 - [MESSAGE][PASSED] - Object: 'Object Repository/Modulo control tiempo/Aplicar/a_Aplicar' is clicked on

2022-02-23 12:20:54 - [TEST_STEP][PASSED] - click(findTestObject("Modulo control tiempo/Aplicar/a_Aceptar")): Object: 'Object Repository/Modulo control tiempo/Aplicar/a_Aceptar' is clicked on

2022-02-23 12:20:55 - [MESSAGE][PASSED] - Object: 'Object Repository/Modulo control tiempo/Aplicar/a_Aceptar' is clicked on

2022-02-23 12:20:55 - [TEST_STEP][PASSED] - click(findTestObject("Modulo control tiempo/Aplicar/a_Continuar")): Object: 'Object Repository/Modulo control tiempo/Aplicar/a_Continuar' is clicked on

2022-02-23 12:20:59 - [MESSAGE][PASSED] - Object: 'Object Repository/Modulo control tiempo/Aplicar/a_Continuar' is clicked on

2022-02-23 12:20:59 - [TEST_STEP][PASSED] - if (waitForElementVisible(findTestObject("Modulo control tiempo/Aplicar/a_Reversar Nomina"), 1)): null

2022-02-23 12:20:59 - [MESSAGE][PASSED] - Object 'Object Repository/Modulo control tiempo/Aplicar/a_Reversar Nomina' is visible

2022-02-23 12:20:59 - [TEST_STEP][PASSED] - closeBrowser(): Browser is closed

2022-02-23 12:21:00 - [MESSAGE][PASSED] - Browser is closed]]></system-out>
         <system-err><![CDATA[]]></system-err>
      </testcase>
      <testcase name="Test Cases/13.1-Pruebas_control_tiempos/13.2.4-Histórico_Evento" time="13.635" classname="Test Cases/13.1-Pruebas_control_tiempos/13.2.4-Histórico_Evento" status="PASSED">
         <system-out><![CDATA[2022-02-23 12:21:00 - [TEST_CASE][PASSED] - Test Cases/13.1-Pruebas_control_tiempos/13.2.4-Histórico_Evento: Test Cases/13.1-Pruebas_control_tiempos/13.2.4-Histórico_Evento

2022-02-23 12:21:00 - [TEST_STEP][PASSED] - callTestCase(findTestCase("0.1-Login"), [:], STOP_ON_FAILURE): Call Test Case 'Test Cases/0.1-Login' successfully

2022-02-23 12:21:00 - [TEST_CASE][PASSED] - Test Cases/0.1-Login: Test Cases/0.1-Login

2022-02-23 12:21:00 - [TEST_STEP][PASSED] - openBrowser(""): Browser is opened with url: ''

2022-02-23 12:21:00 - [MESSAGE][INFO] - Starting 'Chrome' driver

2022-02-23 12:21:00 - [MESSAGE][INFO] - Action delay is set to 0 milliseconds

2022-02-23 12:21:02 - [MESSAGE][PASSED] - Browser is opened with url: ''

2022-02-23 12:21:02 - [TEST_STEP][PASSED] - maximizeWindow(): Current window maximized

2022-02-23 12:21:02 - [MESSAGE][PASSED] - Current window maximized

2022-02-23 12:21:02 - [TEST_STEP][PASSED] - i = G_Login: null

2022-02-23 12:21:02 - [TEST_STEP][PASSED] - url = new java.net.URL(i): null

2022-02-23 12:21:02 - [TEST_STEP][PASSED] - println("URL: " + url.toString()): null

2022-02-23 12:21:02 - [TEST_STEP][PASSED] - connection = url.openConnection(): null

2022-02-23 12:21:02 - [TEST_STEP][PASSED] - connection.setRequestMethod("GET"): null

2022-02-23 12:21:02 - [TEST_STEP][PASSED] - connection.setReadTimeout(2 * 1000): null

2022-02-23 12:21:02 - [TEST_STEP][PASSED] - try: null

2022-02-23 12:21:02 - [TEST_STEP][PASSED] - connection.connect(): null

2022-02-23 12:21:02 - [TEST_STEP][PASSED] - flag = connected: null

2022-02-23 12:21:02 - [TEST_STEP][PASSED] - println("Valor_ori: " + flag): null

2022-02-23 12:21:02 - [TEST_STEP][PASSED] - if (flag): null

2022-02-23 12:21:02 - [TEST_STEP][PASSED] - navigateToUrl(i): Navigate to 'http://192.168.2.80:8380/saraweb' successfully

2022-02-23 12:21:03 - [MESSAGE][PASSED] - Navigate to 'http://192.168.2.80:8380/saraweb' successfully

2022-02-23 12:21:03 - [TEST_STEP][PASSED] - a(): null

2022-02-23 12:21:03 - [TEST_STEP][PASSED] - setText(findTestObject("Login/input_USUARIO_loginusuario"), G_Usuario): Text 'saraadmin' is set on object 'Object Repository/Login/input_USUARIO_loginusuario'

2022-02-23 12:21:03 - [MESSAGE][PASSED] - Text 'saraadmin' is set on object 'Object Repository/Login/input_USUARIO_loginusuario'

2022-02-23 12:21:03 - [TEST_STEP][PASSED] - setEncryptedText(findTestObject("Login/input_CLAVE_loginpassword"), "MkG4/TYiCFC3cb2driP7+Q=="): Text ****** has been set on object 'Object Repository/Login/input_CLAVE_loginpassword'

2022-02-23 12:21:04 - [MESSAGE][PASSED] - Text ****** has been set on object 'Object Repository/Login/input_CLAVE_loginpassword'

2022-02-23 12:21:04 - [TEST_STEP][PASSED] - waitForElementClickable(findTestObject("Login/a_Ingresar"), G_TimeOut): Object 'Object Repository/Login/a_Ingresar' is clickable

2022-02-23 12:21:04 - [MESSAGE][PASSED] - Object 'Object Repository/Login/a_Ingresar' is clickable

2022-02-23 12:21:04 - [TEST_STEP][PASSED] - click(findTestObject("Login/a_Ingresar")): Object: 'Object Repository/Login/a_Ingresar' is clicked on

2022-02-23 12:21:06 - [MESSAGE][PASSED] - Object: 'Object Repository/Login/a_Ingresar' is clicked on

2022-02-23 12:21:06 - [TEST_STEP][PASSED] - element = findWebElement(findTestObject("Login/a_Ir"), 30): null

2022-02-23 12:21:07 - [TEST_STEP][PASSED] - executeJavaScript("arguments[0].click()", Arrays.asList(element)): Execute JavaScript 'arguments[0].click()' successfully

2022-02-23 12:21:07 - [MESSAGE][PASSED] - Execute JavaScript 'arguments[0].click()' successfully

2022-02-23 12:21:07 - [MESSAGE][PASSED] - Call Test Case 'Test Cases/0.1-Login' successfully

2022-02-23 12:21:07 - [TEST_STEP][PASSED] - setText(findTestObject("Modulo control tiempo/Historico_Evento/input_Empresa 1_form_templatej_idt24_input"), "Historico Evento"): Text 'Historico Evento' is set on object 'Object Repository/Modulo control tiempo/Historico_Evento/input_Empresa 1_form_templatej_idt24_input'

2022-02-23 12:21:08 - [MESSAGE][PASSED] - Text 'Historico Evento' is set on object 'Object Repository/Modulo control tiempo/Historico_Evento/input_Empresa 1_form_templatej_idt24_input'

2022-02-23 12:21:08 - [TEST_STEP][PASSED] - click(findTestObject("Modulo control tiempo/Historico_Evento/li_Historico Evento (get)")): Object: 'Object Repository/Modulo control tiempo/Historico_Evento/li_Historico Evento (get)' is clicked on

2022-02-23 12:21:10 - [MESSAGE][PASSED] - Object: 'Object Repository/Modulo control tiempo/Historico_Evento/li_Historico Evento (get)' is clicked on

2022-02-23 12:21:10 - [TEST_STEP][PASSED] - scrollToElement(findTestObject("Modulo control tiempo/Historico_Evento/a_1"), 0): Scroll to object 'Object Repository/Modulo control tiempo/Historico_Evento/a_1' successfully

2022-02-23 12:21:10 - [MESSAGE][WARNING] - Timeout '0' is invalid. Using default page load timeout: '30'

2022-02-23 12:21:11 - [MESSAGE][PASSED] - Scroll to object 'Object Repository/Modulo control tiempo/Historico_Evento/a_1' successfully

2022-02-23 12:21:11 - [TEST_STEP][PASSED] - click(findTestObject("Modulo control tiempo/Historico_Evento/a_1")): Object: 'Object Repository/Modulo control tiempo/Historico_Evento/a_1' is clicked on

2022-02-23 12:21:11 - [MESSAGE][PASSED] - Object: 'Object Repository/Modulo control tiempo/Historico_Evento/a_1' is clicked on

2022-02-23 12:21:11 - [TEST_STEP][PASSED] - scrollToElement(findTestObject("Modulo control tiempo/Historico_Evento/a_Nombre Persona_eventoHistoricos_formj_idt71"), 0): Scroll to object 'Object Repository/Modulo control tiempo/Historico_Evento/a_Nombre Persona_eventoHistoricos_formj_idt71' successfully

2022-02-23 12:21:11 - [MESSAGE][WARNING] - Timeout '0' is invalid. Using default page load timeout: '30'

2022-02-23 12:21:11 - [MESSAGE][PASSED] - Scroll to object 'Object Repository/Modulo control tiempo/Historico_Evento/a_Nombre Persona_eventoHistoricos_formj_idt71' successfully

2022-02-23 12:21:11 - [TEST_STEP][PASSED] - scrollToElement(findTestObject("Modulo control tiempo/Historico_Evento/a_2"), 0): Scroll to object 'Object Repository/Modulo control tiempo/Historico_Evento/a_2' successfully

2022-02-23 12:21:11 - [MESSAGE][WARNING] - Timeout '0' is invalid. Using default page load timeout: '30'

2022-02-23 12:21:12 - [MESSAGE][PASSED] - Scroll to object 'Object Repository/Modulo control tiempo/Historico_Evento/a_2' successfully

2022-02-23 12:21:12 - [TEST_STEP][PASSED] - click(findTestObject("Modulo control tiempo/Historico_Evento/a_2")): Object: 'Object Repository/Modulo control tiempo/Historico_Evento/a_2' is clicked on

2022-02-23 12:21:12 - [MESSAGE][PASSED] - Object: 'Object Repository/Modulo control tiempo/Historico_Evento/a_2' is clicked on

2022-02-23 12:21:12 - [TEST_STEP][PASSED] - scrollToElement(findTestObject("Modulo control tiempo/Historico_Evento/a_Nombre Persona_eventoHistoricos_formj_idt71"), 0): Scroll to object 'Object Repository/Modulo control tiempo/Historico_Evento/a_Nombre Persona_eventoHistoricos_formj_idt71' successfully

2022-02-23 12:21:12 - [MESSAGE][WARNING] - Timeout '0' is invalid. Using default page load timeout: '30'

2022-02-23 12:21:13 - [MESSAGE][PASSED] - Scroll to object 'Object Repository/Modulo control tiempo/Historico_Evento/a_Nombre Persona_eventoHistoricos_formj_idt71' successfully

2022-02-23 12:21:13 - [TEST_STEP][PASSED] - closeBrowser(): Browser is closed

2022-02-23 12:21:14 - [MESSAGE][PASSED] - Browser is closed]]></system-out>
         <system-err><![CDATA[]]></system-err>
      </testcase>
      <testcase name="Test Cases/13.1-Pruebas_control_tiempos/13.2.5-Inconsistencias_Evento" time="20.93" classname="Test Cases/13.1-Pruebas_control_tiempos/13.2.5-Inconsistencias_Evento" status="PASSED">
         <system-out><![CDATA[2022-02-23 12:21:14 - [TEST_CASE][PASSED] - Test Cases/13.1-Pruebas_control_tiempos/13.2.5-Inconsistencias_Evento: Test Cases/13.1-Pruebas_control_tiempos/13.2.5-Inconsistencias_Evento

2022-02-23 12:21:14 - [TEST_STEP][PASSED] - callTestCase(findTestCase("0.1-Login"), [:], STOP_ON_FAILURE): Call Test Case 'Test Cases/0.1-Login' successfully

2022-02-23 12:21:14 - [TEST_CASE][PASSED] - Test Cases/0.1-Login: Test Cases/0.1-Login

2022-02-23 12:21:14 - [TEST_STEP][PASSED] - openBrowser(""): Browser is opened with url: ''

2022-02-23 12:21:14 - [MESSAGE][INFO] - Starting 'Chrome' driver

2022-02-23 12:21:14 - [MESSAGE][INFO] - Action delay is set to 0 milliseconds

2022-02-23 12:21:15 - [MESSAGE][PASSED] - Browser is opened with url: ''

2022-02-23 12:21:15 - [TEST_STEP][PASSED] - maximizeWindow(): Current window maximized

2022-02-23 12:21:15 - [MESSAGE][PASSED] - Current window maximized

2022-02-23 12:21:15 - [TEST_STEP][PASSED] - i = G_Login: null

2022-02-23 12:21:15 - [TEST_STEP][PASSED] - url = new java.net.URL(i): null

2022-02-23 12:21:15 - [TEST_STEP][PASSED] - println("URL: " + url.toString()): null

2022-02-23 12:21:15 - [TEST_STEP][PASSED] - connection = url.openConnection(): null

2022-02-23 12:21:15 - [TEST_STEP][PASSED] - connection.setRequestMethod("GET"): null

2022-02-23 12:21:15 - [TEST_STEP][PASSED] - connection.setReadTimeout(2 * 1000): null

2022-02-23 12:21:15 - [TEST_STEP][PASSED] - try: null

2022-02-23 12:21:15 - [TEST_STEP][PASSED] - connection.connect(): null

2022-02-23 12:21:15 - [TEST_STEP][PASSED] - flag = connected: null

2022-02-23 12:21:15 - [TEST_STEP][PASSED] - println("Valor_ori: " + flag): null

2022-02-23 12:21:15 - [TEST_STEP][PASSED] - if (flag): null

2022-02-23 12:21:15 - [TEST_STEP][PASSED] - navigateToUrl(i): Navigate to 'http://192.168.2.80:8380/saraweb' successfully

2022-02-23 12:21:16 - [MESSAGE][PASSED] - Navigate to 'http://192.168.2.80:8380/saraweb' successfully

2022-02-23 12:21:16 - [TEST_STEP][PASSED] - a(): null

2022-02-23 12:21:16 - [TEST_STEP][PASSED] - setText(findTestObject("Login/input_USUARIO_loginusuario"), G_Usuario): Text 'saraadmin' is set on object 'Object Repository/Login/input_USUARIO_loginusuario'

2022-02-23 12:21:17 - [MESSAGE][PASSED] - Text 'saraadmin' is set on object 'Object Repository/Login/input_USUARIO_loginusuario'

2022-02-23 12:21:17 - [TEST_STEP][PASSED] - setEncryptedText(findTestObject("Login/input_CLAVE_loginpassword"), "MkG4/TYiCFC3cb2driP7+Q=="): Text ****** has been set on object 'Object Repository/Login/input_CLAVE_loginpassword'

2022-02-23 12:21:17 - [MESSAGE][PASSED] - Text ****** has been set on object 'Object Repository/Login/input_CLAVE_loginpassword'

2022-02-23 12:21:17 - [TEST_STEP][PASSED] - waitForElementClickable(findTestObject("Login/a_Ingresar"), G_TimeOut): Object 'Object Repository/Login/a_Ingresar' is clickable

2022-02-23 12:21:17 - [MESSAGE][PASSED] - Object 'Object Repository/Login/a_Ingresar' is clickable

2022-02-23 12:21:17 - [TEST_STEP][PASSED] - click(findTestObject("Login/a_Ingresar")): Object: 'Object Repository/Login/a_Ingresar' is clicked on

2022-02-23 12:21:18 - [MESSAGE][PASSED] - Object: 'Object Repository/Login/a_Ingresar' is clicked on

2022-02-23 12:21:18 - [TEST_STEP][PASSED] - element = findWebElement(findTestObject("Login/a_Ir"), 30): null

2022-02-23 12:21:19 - [TEST_STEP][PASSED] - executeJavaScript("arguments[0].click()", Arrays.asList(element)): Execute JavaScript 'arguments[0].click()' successfully

2022-02-23 12:21:19 - [MESSAGE][PASSED] - Execute JavaScript 'arguments[0].click()' successfully

2022-02-23 12:21:19 - [MESSAGE][PASSED] - Call Test Case 'Test Cases/0.1-Login' successfully

2022-02-23 12:21:19 - [TEST_STEP][PASSED] - setText(findTestObject("input_Empresa 1_form_templatej_idt24_input"), "Inconsistencias Evento"): Text 'Inconsistencias Evento' is set on object 'Object Repository/input_Empresa 1_form_templatej_idt24_input'

2022-02-23 12:21:20 - [MESSAGE][PASSED] - Text 'Inconsistencias Evento' is set on object 'Object Repository/input_Empresa 1_form_templatej_idt24_input'

2022-02-23 12:21:20 - [TEST_STEP][PASSED] - click(findTestObject("Modulo control tiempo/Inconsistencias_Evento/li_Inconsistencias Evento (get)")): Object: 'Object Repository/Modulo control tiempo/Inconsistencias_Evento/li_Inconsistencias Evento (get)' is clicked on

2022-02-23 12:21:21 - [MESSAGE][PASSED] - Object: 'Object Repository/Modulo control tiempo/Inconsistencias_Evento/li_Inconsistencias Evento (get)' is clicked on

2022-02-23 12:21:21 - [TEST_STEP][PASSED] - click(findTestObject("Modulo control tiempo/Inconsistencias_Evento/a_Inconsistencia Marcacin")): Object: 'Object Repository/Modulo control tiempo/Inconsistencias_Evento/a_Inconsistencia Marcacin' is clicked on

2022-02-23 12:21:22 - [MESSAGE][PASSED] - Object: 'Object Repository/Modulo control tiempo/Inconsistencias_Evento/a_Inconsistencia Marcacin' is clicked on

2022-02-23 12:21:22 - [TEST_STEP][PASSED] - if (waitForElementVisible(findTestObject("Modulo control tiempo/Inconsistencias_Evento/td_ALMANZA ROSAS SILVIS"), 1)): Web element with id: 'Object Repository/Modulo control tiempo/Inconsistencias_Evento/td_ALMANZA ROSAS SILVIS' located by '//*/text()[normalize-space(.)='ALMANZA ROSAS SILVIS']/parent::*' not found

2022-02-23 12:21:24 - [MESSAGE][INFO] - Unable to find the element located by 'By.xpath: //*/text()[normalize-space(.)='ALMANZA ROSAS SILVIS']/parent::*'. Please recheck the objects properties to make sure the desired element is located. 

2022-02-23 12:21:24 - [MESSAGE][WARNING] - Web element with id: 'Object Repository/Modulo control tiempo/Inconsistencias_Evento/td_ALMANZA ROSAS SILVIS' located by '//*/text()[normalize-space(.)='ALMANZA ROSAS SILVIS']/parent::*' not found

2022-02-23 12:21:24 - [TEST_STEP][PASSED] - else: Object: 'Object Repository/a_Guardar' is clicked on

2022-02-23 12:21:24 - [TEST_STEP][PASSED] - click(findTestObject("Modulo control tiempo/Inconsistencias_Evento/a_Nuevo")): Object: 'Object Repository/Modulo control tiempo/Inconsistencias_Evento/a_Nuevo' is clicked on

2022-02-23 12:21:25 - [MESSAGE][PASSED] - Object: 'Object Repository/Modulo control tiempo/Inconsistencias_Evento/a_Nuevo' is clicked on

2022-02-23 12:21:25 - [TEST_STEP][PASSED] - click(findTestObject("Modulo control tiempo/Inconsistencias_Evento/a_Nombres_formPopupRelojj_idt199")): Object: 'Object Repository/Modulo control tiempo/Inconsistencias_Evento/a_Nombres_formPopupRelojj_idt199' is clicked on

2022-02-23 12:21:26 - [MESSAGE][PASSED] - Object: 'Object Repository/Modulo control tiempo/Inconsistencias_Evento/a_Nombres_formPopupRelojj_idt199' is clicked on

2022-02-23 12:21:26 - [TEST_STEP][PASSED] - click(findTestObject("Modulo control tiempo/Inconsistencias_Evento/input_Filter by Nombre_formPopupRelojj_idt204j_idt207filter"), STOP_ON_FAILURE): Object: 'Object Repository/Modulo control tiempo/Inconsistencias_Evento/input_Filter by Nombre_formPopupRelojj_idt204j_idt207filter' is clicked on

2022-02-23 12:21:27 - [MESSAGE][PASSED] - Object: 'Object Repository/Modulo control tiempo/Inconsistencias_Evento/input_Filter by Nombre_formPopupRelojj_idt204j_idt207filter' is clicked on

2022-02-23 12:21:27 - [TEST_STEP][PASSED] - click(findTestObject("Modulo control tiempo/Inconsistencias_Evento/td_Almanza Rosas Silvis2"), STOP_ON_FAILURE): Object: 'Object Repository/Modulo control tiempo/Inconsistencias_Evento/td_Almanza Rosas Silvis2' is clicked on

2022-02-23 12:21:27 - [MESSAGE][PASSED] - Object: 'Object Repository/Modulo control tiempo/Inconsistencias_Evento/td_Almanza Rosas Silvis2' is clicked on

2022-02-23 12:21:27 - [TEST_STEP][PASSED] - setText(findTestObject("Modulo control tiempo/Inconsistencias_Evento/input_Fecha Inicial_formPopupRelojfechaIni_input"), "23/03/2019"): Text '23/03/2019' is set on object 'Object Repository/Modulo control tiempo/Inconsistencias_Evento/input_Fecha Inicial_formPopupRelojfechaIni_input'

2022-02-23 12:21:29 - [MESSAGE][PASSED] - Text '23/03/2019' is set on object 'Object Repository/Modulo control tiempo/Inconsistencias_Evento/input_Fecha Inicial_formPopupRelojfechaIni_input'

2022-02-23 12:21:29 - [TEST_STEP][PASSED] - setText(findTestObject("Modulo control tiempo/Inconsistencias_Evento/input_Hora_formPopupRelojhoraIni"), "06"): Text '06' is set on object 'Object Repository/Modulo control tiempo/Inconsistencias_Evento/input_Hora_formPopupRelojhoraIni'

2022-02-23 12:21:29 - [MESSAGE][PASSED] - Text '06' is set on object 'Object Repository/Modulo control tiempo/Inconsistencias_Evento/input_Hora_formPopupRelojhoraIni'

2022-02-23 12:21:29 - [TEST_STEP][PASSED] - setText(findTestObject("Modulo control tiempo/Inconsistencias_Evento/input__formPopupRelojminutoIni"), "10"): Text '10' is set on object 'Object Repository/Modulo control tiempo/Inconsistencias_Evento/input__formPopupRelojminutoIni'

2022-02-23 12:21:30 - [MESSAGE][PASSED] - Text '10' is set on object 'Object Repository/Modulo control tiempo/Inconsistencias_Evento/input__formPopupRelojminutoIni'

2022-02-23 12:21:30 - [TEST_STEP][PASSED] - click(findTestObject("Modulo control tiempo/Inconsistencias_Evento/label_Evento")): Object: 'Object Repository/Modulo control tiempo/Inconsistencias_Evento/label_Evento' is clicked on

2022-02-23 12:21:30 - [MESSAGE][PASSED] - Object: 'Object Repository/Modulo control tiempo/Inconsistencias_Evento/label_Evento' is clicked on

2022-02-23 12:21:30 - [TEST_STEP][PASSED] - click(findTestObject("a_Guardar")): Object: 'Object Repository/a_Guardar' is clicked on

2022-02-23 12:21:31 - [MESSAGE][PASSED] - Object: 'Object Repository/a_Guardar' is clicked on

2022-02-23 12:21:31 - [TEST_STEP][PASSED] - click(findTestObject("Modulo control tiempo/Inconsistencias_Evento/td_ALMANZA ROSAS SILVIS")): Object: 'Object Repository/Modulo control tiempo/Inconsistencias_Evento/td_ALMANZA ROSAS SILVIS' is clicked on

2022-02-23 12:21:32 - [MESSAGE][PASSED] - Object: 'Object Repository/Modulo control tiempo/Inconsistencias_Evento/td_ALMANZA ROSAS SILVIS' is clicked on

2022-02-23 12:21:32 - [TEST_STEP][PASSED] - click(findTestObject("Modulo control tiempo/Inconsistencias_Evento/a_Solucionar")): Object: 'Object Repository/Modulo control tiempo/Inconsistencias_Evento/a_Solucionar' is clicked on

2022-02-23 12:21:32 - [MESSAGE][PASSED] - Object: 'Object Repository/Modulo control tiempo/Inconsistencias_Evento/a_Solucionar' is clicked on

2022-02-23 12:21:32 - [TEST_STEP][PASSED] - setText(findTestObject("Modulo control tiempo/Inconsistencias_Evento/input_Hora Final_formPopupSolucionInconsistenciahoraFin_input"), "2019/03/23 11:29 AM"): Text '2019/03/23 11:29 AM' is set on object 'Object Repository/Modulo control tiempo/Inconsistencias_Evento/input_Hora Final_formPopupSolucionInconsistenciahoraFin_input'

2022-02-23 12:21:33 - [MESSAGE][PASSED] - Text '2019/03/23 11:29 AM' is set on object 'Object Repository/Modulo control tiempo/Inconsistencias_Evento/input_Hora Final_formPopupSolucionInconsistenciahoraFin_input'

2022-02-23 12:21:33 - [TEST_STEP][PASSED] - click(findTestObject("Modulo control tiempo/Inconsistencias_Evento/label_Inconsistencias")): Object: 'Object Repository/Modulo control tiempo/Inconsistencias_Evento/label_Inconsistencias' is clicked on

2022-02-23 12:21:34 - [MESSAGE][PASSED] - Object: 'Object Repository/Modulo control tiempo/Inconsistencias_Evento/label_Inconsistencias' is clicked on

2022-02-23 12:21:34 - [TEST_STEP][PASSED] - click(findTestObject("a_Guardar")): Object: 'Object Repository/a_Guardar' is clicked on

2022-02-23 12:21:34 - [MESSAGE][PASSED] - Object: 'Object Repository/a_Guardar' is clicked on]]></system-out>
         <system-err><![CDATA[]]></system-err>
      </testcase>
      <system-out><![CDATA[2022-02-23 12:18:17 - [TEST_SUITE][PASSED] - 13-Pruebas_Control_Tiempos: Test Cases/13.1-Pruebas_control_tiempos/13.2.5-Inconsistencias_Evento]]></system-out>
      <system-err><![CDATA[]]></system-err>
   </testsuite>
</testsuites>
