<?xml version="1.0" encoding="UTF-8"?>
<testsuites name="1-Tareas Principales" time="3621.32" tests="63" failures="12" errors="0">
   <testsuite name="1-Tareas Principales" tests="63" failures="12" errors="0" time="3621.32" skipped="0" timestamp="2022-03-09 11:59:05" hostname="diego.rojas - US-AF-000371" id="Test Suites/1-Tareas Principales">
      <properties>
         <property name="deviceName" value=""/>
         <property name="devicePlatform" value=""/>
         <property name="logFolder" value="C:\\Users\\diego.rojas\\git\\Pruebas-Minimas\\Reports\\20220309_115823\\1-Tareas Principales\\20220309_115849"/>
         <property name="logFiles" value="C:\\Users\\diego.rojas\\git\\Pruebas-Minimas\\Reports\\20220309_115823\\1-Tareas Principales\\20220309_115849\\execution0.log"/>
         <property name="attachments" value="C:\\Users\\diego.rojas\\git\\Pruebas-Minimas\\Reports\\20220309_115823\\1-Tareas Principales\\20220309_115849\\1646845500271.png, C:\\Users\\diego.rojas\\git\\Pruebas-Minimas\\Reports\\20220309_115823\\1-Tareas Principales\\20220309_115849\\1646845606634.png, C:\\Users\\diego.rojas\\git\\Pruebas-Minimas\\Reports\\20220309_115823\\1-Tareas Principales\\20220309_115849\\1646845728751.png, C:\\Users\\diego.rojas\\git\\Pruebas-Minimas\\Reports\\20220309_115823\\1-Tareas Principales\\20220309_115849\\1646845927155.png, C:\\Users\\diego.rojas\\git\\Pruebas-Minimas\\Reports\\20220309_115823\\1-Tareas Principales\\20220309_115849\\1646846175644.png, C:\\Users\\diego.rojas\\git\\Pruebas-Minimas\\Reports\\20220309_115823\\1-Tareas Principales\\20220309_115849\\1646846515667.png, C:\\Users\\diego.rojas\\git\\Pruebas-Minimas\\Reports\\20220309_115823\\1-Tareas Principales\\20220309_115849\\1646846597108.png, C:\\Users\\diego.rojas\\git\\Pruebas-Minimas\\Reports\\20220309_115823\\1-Tareas Principales\\20220309_115849\\1646846853330.png, C:\\Users\\diego.rojas\\git\\Pruebas-Minimas\\Reports\\20220309_115823\\1-Tareas Principales\\20220309_115849\\1646847014868.png, C:\\Users\\diego.rojas\\git\\Pruebas-Minimas\\Reports\\20220309_115823\\1-Tareas Principales\\20220309_115849\\1646847573714.png, C:\\Users\\diego.rojas\\git\\Pruebas-Minimas\\Reports\\20220309_115823\\1-Tareas Principales\\20220309_115849\\1646847906215.png, C:\\Users\\diego.rojas\\git\\Pruebas-Minimas\\Reports\\20220309_115823\\1-Tareas Principales\\20220309_115849\\1646848199860.png, C:\\Users\\diego.rojas\\git\\Pruebas-Minimas\\Reports\\20220309_115823\\1-Tareas Principales\\20220309_115849\\1646848740629.png"/>
         <property name="hostName" value="diego.rojas - US-AF-000371"/>
         <property name="os" value="Windows 10 64bit"/>
         <property name="katalonVersion" value="8.2.5.208"/>
         <property name="browser" value="Chrome 99.0.4844.51"/>
         <property name="hostAddress" value="192.168.56.1"/>
         <property name="sessionId" value="b25700b7420bd4db5d1a9787b4f34978"/>
         <property name="seleniumVersion" value="3.141.59"/>
         <property name="proxyInformation" value="ProxyInformation { proxyOption=NO_PROXY, proxyServerType=HTTP, username=, password=********, proxyServerAddress=, proxyServerPort=0, executionList=&quot;&quot;, isApplyToDesiredCapabilities=true }"/>
         <property name="platform" value="Windows 10"/>
      </properties>
      <testcase name="Test Cases/1.1-Tareas Principales/1.1.1-Crear Nueva Hoja de Vida" time="54.669" classname="Test Cases/1.1-Tareas Principales/1.1.1-Crear Nueva Hoja de Vida" status="PASSED">
         <system-out><![CDATA[2022-03-09 11:59:06 - [TEST_CASE][PASSED] - Test Cases/1.1-Tareas Principales/1.1.1-Crear Nueva Hoja de Vida: Test Cases/1.1-Tareas Principales/1.1.1-Crear Nueva Hoja de Vida

2022-03-09 11:59:08 - [TEST_STEP][PASSED] - random_double = Math.random() * 9999 + 999: null

2022-03-09 11:59:08 - [TEST_STEP][PASSED] - random_double = Math.round(random_double * 1000): null

2022-03-09 11:59:08 - [TEST_STEP][PASSED] - identificacion = toString().replace(".0", ""): null

2022-03-09 11:59:08 - [TEST_STEP][PASSED] - callTestCase(findTestCase("0.1-Login"), [:], STOP_ON_FAILURE): Call Test Case 'Test Cases/0.1-Login' successfully

2022-03-09 11:59:08 - [TEST_CASE][PASSED] - Test Cases/0.1-Login: Test Cases/0.1-Login

2022-03-09 11:59:10 - [TEST_STEP][PASSED] - openBrowser(""): Browser is opened with url: ''

2022-03-09 11:59:11 - [MESSAGE][INFO] - Starting 'Chrome' driver

2022-03-09 11:59:11 - [MESSAGE][INFO] - Action delay is set to 0 milliseconds

2022-03-09 11:59:16 - [MESSAGE][PASSED] - Browser is opened with url: ''

2022-03-09 11:59:16 - [TEST_STEP][PASSED] - maximizeWindow(): Current window maximized

2022-03-09 11:59:17 - [MESSAGE][PASSED] - Current window maximized

2022-03-09 11:59:17 - [TEST_STEP][PASSED] - i = G_Login: null

2022-03-09 11:59:18 - [TEST_STEP][PASSED] - url = new java.net.URL(i): null

2022-03-09 11:59:18 - [TEST_STEP][PASSED] - println("URL: " + url.toString()): null

2022-03-09 11:59:18 - [TEST_STEP][PASSED] - connection = url.openConnection(): null

2022-03-09 11:59:18 - [TEST_STEP][PASSED] - connection.setRequestMethod("GET"): null

2022-03-09 11:59:18 - [TEST_STEP][PASSED] - connection.setReadTimeout(2 * 1000): null

2022-03-09 11:59:18 - [TEST_STEP][PASSED] - try: null

2022-03-09 11:59:18 - [TEST_STEP][PASSED] - connection.connect(): null

2022-03-09 11:59:18 - [TEST_STEP][PASSED] - flag = connected: null

2022-03-09 11:59:18 - [TEST_STEP][PASSED] - println("Valor_ori: " + flag): null

2022-03-09 11:59:18 - [TEST_STEP][PASSED] - if (flag): null

2022-03-09 11:59:18 - [TEST_STEP][PASSED] - navigateToUrl(i): Navigate to 'http://192.168.2.80:8380/saraweb' successfully

2022-03-09 11:59:18 - [MESSAGE][PASSED] - Navigate to 'http://192.168.2.80:8380/saraweb' successfully

2022-03-09 11:59:18 - [TEST_STEP][PASSED] - a(): null

2022-03-09 11:59:18 - [TEST_STEP][PASSED] - setText(findTestObject("Login/input_USUARIO_loginusuario"), G_Usuario): Text 'saraadmin' is set on object 'Object Repository/Login/input_USUARIO_loginusuario'

2022-03-09 11:59:19 - [MESSAGE][PASSED] - Text 'saraadmin' is set on object 'Object Repository/Login/input_USUARIO_loginusuario'

2022-03-09 11:59:19 - [TEST_STEP][PASSED] - setEncryptedText(findTestObject("Login/input_CLAVE_loginpassword"), "MkG4/TYiCFC3cb2driP7+Q=="): Text ****** has been set on object 'Object Repository/Login/input_CLAVE_loginpassword'

2022-03-09 11:59:20 - [MESSAGE][PASSED] - Text ****** has been set on object 'Object Repository/Login/input_CLAVE_loginpassword'

2022-03-09 11:59:20 - [TEST_STEP][PASSED] - waitForElementClickable(findTestObject("Login/a_Ingresar"), G_TimeOut): Object 'Object Repository/Login/a_Ingresar' is clickable

2022-03-09 11:59:21 - [MESSAGE][PASSED] - Object 'Object Repository/Login/a_Ingresar' is clickable

2022-03-09 11:59:21 - [TEST_STEP][PASSED] - click(findTestObject("Login/a_Ingresar")): Object: 'Object Repository/Login/a_Ingresar' is clicked on

2022-03-09 11:59:26 - [MESSAGE][PASSED] - Object: 'Object Repository/Login/a_Ingresar' is clicked on

2022-03-09 11:59:26 - [TEST_STEP][PASSED] - element = findWebElement(findTestObject("Login/a_Ir"), 30): null

2022-03-09 11:59:27 - [TEST_STEP][PASSED] - executeJavaScript("arguments[0].click()", Arrays.asList(element)): Execute JavaScript 'arguments[0].click()' successfully

2022-03-09 11:59:27 - [MESSAGE][PASSED] - Execute JavaScript 'arguments[0].click()' successfully

2022-03-09 11:59:27 - [MESSAGE][PASSED] - Call Test Case 'Test Cases/0.1-Login' successfully

2022-03-09 11:59:27 - [TEST_STEP][PASSED] - waitForElementClickable(findTestObject("Modulo Tarea Listado Hojas de Vida/Crear Nueva Hoja de Vida/input_Listado Hojas De Vida_form_templatej_idt24_input"), G_TimeOut): Object 'Object Repository/Modulo Tarea Listado Hojas de Vida/Crear Nueva Hoja de Vida/input_Listado Hojas De Vida_form_templatej_idt24_input' is clickable

2022-03-09 11:59:29 - [MESSAGE][PASSED] - Object 'Object Repository/Modulo Tarea Listado Hojas de Vida/Crear Nueva Hoja de Vida/input_Listado Hojas De Vida_form_templatej_idt24_input' is clickable

2022-03-09 11:59:29 - [TEST_STEP][PASSED] - setText(findTestObject("Modulo Tarea Listado Hojas de Vida/Crear Nueva Hoja de Vida/input_Listado Hojas De Vida_form_templatej_idt24_input"), "Listado Hojas de Vida"): Text 'Listado Hojas de Vida' is set on object 'Object Repository/Modulo Tarea Listado Hojas de Vida/Crear Nueva Hoja de Vida/input_Listado Hojas De Vida_form_templatej_idt24_input'

2022-03-09 11:59:30 - [MESSAGE][PASSED] - Text 'Listado Hojas de Vida' is set on object 'Object Repository/Modulo Tarea Listado Hojas de Vida/Crear Nueva Hoja de Vida/input_Listado Hojas De Vida_form_templatej_idt24_input'

2022-03-09 11:59:30 - [TEST_STEP][PASSED] - delay(1): Delayed 1 second(s)

2022-03-09 11:59:31 - [MESSAGE][PASSED] - Delayed 1 second(s)

2022-03-09 11:59:31 - [TEST_STEP][PASSED] - sendKeys(findTestObject("Modulo Tarea Listado Hojas de Vida/Crear Nueva Hoja de Vida/input_Listado Hojas De Vida_form_templatej_idt24_input"), Keys.chord(ENTER)): Keys 'ENTER + ' sent to object: 'Object Repository/Modulo Tarea Listado Hojas de Vida/Crear Nueva Hoja de Vida/input_Listado Hojas De Vida_form_templatej_idt24_input'

2022-03-09 11:59:32 - [MESSAGE][PASSED] - Keys 'ENTER + ' sent to object: 'Object Repository/Modulo Tarea Listado Hojas de Vida/Crear Nueva Hoja de Vida/input_Listado Hojas De Vida_form_templatej_idt24_input'

2022-03-09 11:59:32 - [TEST_STEP][PASSED] - waitForElementClickable(findTestObject("Modulo Tarea Listado Hojas de Vida/Crear Nueva Hoja de Vida/a_Nueva HojaVida"), G_TimeOut): Object 'Object Repository/Modulo Tarea Listado Hojas de Vida/Crear Nueva Hoja de Vida/a_Nueva HojaVida' is clickable

2022-03-09 11:59:37 - [MESSAGE][PASSED] - Object 'Object Repository/Modulo Tarea Listado Hojas de Vida/Crear Nueva Hoja de Vida/a_Nueva HojaVida' is clickable

2022-03-09 11:59:37 - [TEST_STEP][PASSED] - click(findTestObject("Modulo Tarea Listado Hojas de Vida/Crear Nueva Hoja de Vida/a_Nueva HojaVida")): Object: 'Object Repository/Modulo Tarea Listado Hojas de Vida/Crear Nueva Hoja de Vida/a_Nueva HojaVida' is clicked on

2022-03-09 11:59:37 - [MESSAGE][PASSED] - Object: 'Object Repository/Modulo Tarea Listado Hojas de Vida/Crear Nueva Hoja de Vida/a_Nueva HojaVida' is clicked on

2022-03-09 11:59:37 - [TEST_STEP][PASSED] - waitForElementClickable(findTestObject("Modulo Tarea Listado Hojas de Vida/Crear Nueva Hoja de Vida/input_Identificacin_nuevahoja_"), 0): Object 'Object Repository/Modulo Tarea Listado Hojas de Vida/Crear Nueva Hoja de Vida/input_Identificacin_nuevahoja_' is clickable

2022-03-09 11:59:37 - [MESSAGE][WARNING] - Timeout '0' is invalid. Using default page load timeout: '30'

2022-03-09 11:59:38 - [MESSAGE][PASSED] - Object 'Object Repository/Modulo Tarea Listado Hojas de Vida/Crear Nueva Hoja de Vida/input_Identificacin_nuevahoja_' is clickable

2022-03-09 11:59:38 - [TEST_STEP][PASSED] - setText(findTestObject("Modulo Tarea Listado Hojas de Vida/Crear Nueva Hoja de Vida/input_Identificacin_nuevahoja_"), identificacion): Text '7854881' is set on object 'Object Repository/Modulo Tarea Listado Hojas de Vida/Crear Nueva Hoja de Vida/input_Identificacin_nuevahoja_'

2022-03-09 11:59:39 - [MESSAGE][PASSED] - Text '7854881' is set on object 'Object Repository/Modulo Tarea Listado Hojas de Vida/Crear Nueva Hoja de Vida/input_Identificacin_nuevahoja_'

2022-03-09 11:59:39 - [TEST_STEP][PASSED] - selectOptionByIndex(findTestObject("Modulo Tarea Listado Hojas de Vida/Crear Nueva Hoja de Vida/select_-- Seleccione --.ASPIRA"), "4"): All options with index in [4] are selected on object 'Object Repository/Modulo Tarea Listado Hojas de Vida/Crear Nueva Hoja de Vida/select_-- Seleccione --.ASPIRA'

2022-03-09 11:59:40 - [MESSAGE][PASSED] - All options with index in [4] are selected on object 'Object Repository/Modulo Tarea Listado Hojas de Vida/Crear Nueva Hoja de Vida/select_-- Seleccione --.ASPIRA'

2022-03-09 11:59:40 - [TEST_STEP][PASSED] - click(findTestObject("Modulo Tarea Listado Hojas de Vida/Crear Nueva Hoja de Vida/a_Nueva Solicitud")): Object: 'Object Repository/Modulo Tarea Listado Hojas de Vida/Crear Nueva Hoja de Vida/a_Nueva Solicitud' is clicked on

2022-03-09 11:59:40 - [MESSAGE][PASSED] - Object: 'Object Repository/Modulo Tarea Listado Hojas de Vida/Crear Nueva Hoja de Vida/a_Nueva Solicitud' is clicked on

2022-03-09 11:59:40 - [TEST_STEP][PASSED] - waitForElementPresent(findTestObject("Modulo Tarea Listado Hojas de Vida/Crear Nueva Hoja de Vida/input__hojaVidaseccionj_idt8350j_idt845"), 0): Object 'Object Repository/Modulo Tarea Listado Hojas de Vida/Crear Nueva Hoja de Vida/input__hojaVidaseccionj_idt8350j_idt845' is present

2022-03-09 11:59:40 - [MESSAGE][WARNING] - Timeout '0' is invalid. Using default page load timeout: '30'

2022-03-09 11:59:41 - [MESSAGE][PASSED] - Object 'Object Repository/Modulo Tarea Listado Hojas de Vida/Crear Nueva Hoja de Vida/input__hojaVidaseccionj_idt8350j_idt845' is present

2022-03-09 11:59:41 - [TEST_STEP][PASSED] - setText(findTestObject("Modulo Tarea Listado Hojas de Vida/Crear Nueva Hoja de Vida/input__hojaVidaseccionj_idt8350j_idt845"), identificacion): Text '7854881' is set on object 'Object Repository/Modulo Tarea Listado Hojas de Vida/Crear Nueva Hoja de Vida/input__hojaVidaseccionj_idt8350j_idt845'

2022-03-09 11:59:42 - [MESSAGE][PASSED] - Text '7854881' is set on object 'Object Repository/Modulo Tarea Listado Hojas de Vida/Crear Nueva Hoja de Vida/input__hojaVidaseccionj_idt8350j_idt845'

2022-03-09 11:59:42 - [TEST_STEP][PASSED] - setText(findTestObject("Modulo Tarea Listado Hojas de Vida/Crear Nueva Hoja de Vida/input__hojaVidaseccionj_idt8351j_idt845"), "Empleado" + identificacion): Text 'Empleado7854881' is set on object 'Object Repository/Modulo Tarea Listado Hojas de Vida/Crear Nueva Hoja de Vida/input__hojaVidaseccionj_idt8351j_idt845'

2022-03-09 11:59:43 - [MESSAGE][PASSED] - Text 'Empleado7854881' is set on object 'Object Repository/Modulo Tarea Listado Hojas de Vida/Crear Nueva Hoja de Vida/input__hojaVidaseccionj_idt8351j_idt845'

2022-03-09 11:59:43 - [TEST_STEP][PASSED] - setText(findTestObject("Modulo Tarea Listado Hojas de Vida/Crear Nueva Hoja de Vida/input__hojaVidaseccionj_idt8352j_idt845"), " Pruebas_Automaticas"): Text ' Pruebas_Automaticas' is set on object 'Object Repository/Modulo Tarea Listado Hojas de Vida/Crear Nueva Hoja de Vida/input__hojaVidaseccionj_idt8352j_idt845'

2022-03-09 11:59:44 - [MESSAGE][PASSED] - Text ' Pruebas_Automaticas' is set on object 'Object Repository/Modulo Tarea Listado Hojas de Vida/Crear Nueva Hoja de Vida/input__hojaVidaseccionj_idt8352j_idt845'

2022-03-09 11:59:44 - [TEST_STEP][PASSED] - setText(findTestObject("Modulo Tarea Listado Hojas de Vida/Crear Nueva Hoja de Vida/input__hojaVidaseccionj_idt8353fecha_input"), "30/08/1995"): Text '30/08/1995' is set on object 'Object Repository/Modulo Tarea Listado Hojas de Vida/Crear Nueva Hoja de Vida/input__hojaVidaseccionj_idt8353fecha_input'

2022-03-09 11:59:45 - [MESSAGE][PASSED] - Text '30/08/1995' is set on object 'Object Repository/Modulo Tarea Listado Hojas de Vida/Crear Nueva Hoja de Vida/input__hojaVidaseccionj_idt8353fecha_input'

2022-03-09 11:59:45 - [TEST_STEP][PASSED] - sendKeys(findTestObject("Modulo Tarea Listado Hojas de Vida/Crear Nueva Hoja de Vida/input__hojaVidaseccionj_idt8353fecha_input"), Keys.chord(ENTER)): Keys 'ENTER + ' sent to object: 'Object Repository/Modulo Tarea Listado Hojas de Vida/Crear Nueva Hoja de Vida/input__hojaVidaseccionj_idt8353fecha_input'

2022-03-09 11:59:45 - [MESSAGE][PASSED] - Keys 'ENTER + ' sent to object: 'Object Repository/Modulo Tarea Listado Hojas de Vida/Crear Nueva Hoja de Vida/input__hojaVidaseccionj_idt8353fecha_input'

2022-03-09 11:59:45 - [TEST_STEP][PASSED] - waitForElementClickable(findTestObject("Modulo Tarea Listado Hojas de Vida/Crear Nueva Hoja de Vida/a__hojaVidaseccionj_idt8354j_idt865"), G_TimeOut): Object 'Object Repository/Modulo Tarea Listado Hojas de Vida/Crear Nueva Hoja de Vida/a__hojaVidaseccionj_idt8354j_idt865' is clickable

2022-03-09 11:59:46 - [MESSAGE][PASSED] - Object 'Object Repository/Modulo Tarea Listado Hojas de Vida/Crear Nueva Hoja de Vida/a__hojaVidaseccionj_idt8354j_idt865' is clickable

2022-03-09 11:59:46 - [TEST_STEP][PASSED] - click(findTestObject("Modulo Tarea Listado Hojas de Vida/Crear Nueva Hoja de Vida/a__hojaVidaseccionj_idt8354j_idt865")): Object: 'Object Repository/Modulo Tarea Listado Hojas de Vida/Crear Nueva Hoja de Vida/a__hojaVidaseccionj_idt8354j_idt865' is clicked on

2022-03-09 11:59:46 - [MESSAGE][PASSED] - Object: 'Object Repository/Modulo Tarea Listado Hojas de Vida/Crear Nueva Hoja de Vida/a__hojaVidaseccionj_idt8354j_idt865' is clicked on

2022-03-09 11:59:46 - [TEST_STEP][PASSED] - waitForElementClickable(findTestObject("Modulo Tarea Listado Hojas de Vida/Crear Nueva Hoja de Vida/span_CEDULA CIUDADANIA"), G_TimeOut): Object 'Object Repository/Modulo Tarea Listado Hojas de Vida/Crear Nueva Hoja de Vida/span_CEDULA CIUDADANIA' is clickable

2022-03-09 11:59:48 - [MESSAGE][PASSED] - Object 'Object Repository/Modulo Tarea Listado Hojas de Vida/Crear Nueva Hoja de Vida/span_CEDULA CIUDADANIA' is clickable

2022-03-09 11:59:48 - [TEST_STEP][PASSED] - click(findTestObject("Modulo Tarea Listado Hojas de Vida/Crear Nueva Hoja de Vida/span_CEDULA CIUDADANIA")): Object: 'Object Repository/Modulo Tarea Listado Hojas de Vida/Crear Nueva Hoja de Vida/span_CEDULA CIUDADANIA' is clicked on

2022-03-09 11:59:49 - [MESSAGE][PASSED] - Object: 'Object Repository/Modulo Tarea Listado Hojas de Vida/Crear Nueva Hoja de Vida/span_CEDULA CIUDADANIA' is clicked on

2022-03-09 11:59:49 - [TEST_STEP][PASSED] - waitForElementClickable(findTestObject("Modulo Tarea Listado Hojas de Vida/Crear Nueva Hoja de Vida/input_Fecha Expedicin_hojaVidas"), G_TimeOut): Object 'Object Repository/Modulo Tarea Listado Hojas de Vida/Crear Nueva Hoja de Vida/input_Fecha Expedicin_hojaVidas' is clickable

2022-03-09 11:59:50 - [MESSAGE][PASSED] - Object 'Object Repository/Modulo Tarea Listado Hojas de Vida/Crear Nueva Hoja de Vida/input_Fecha Expedicin_hojaVidas' is clickable

2022-03-09 11:59:50 - [TEST_STEP][PASSED] - setText(findTestObject("Modulo Tarea Listado Hojas de Vida/Crear Nueva Hoja de Vida/input_Fecha Expedicin_hojaVidas"), "13/09/2013"): Text '13/09/2013' is set on object 'Object Repository/Modulo Tarea Listado Hojas de Vida/Crear Nueva Hoja de Vida/input_Fecha Expedicin_hojaVidas'

2022-03-09 11:59:51 - [MESSAGE][PASSED] - Text '13/09/2013' is set on object 'Object Repository/Modulo Tarea Listado Hojas de Vida/Crear Nueva Hoja de Vida/input_Fecha Expedicin_hojaVidas'

2022-03-09 11:59:51 - [TEST_STEP][PASSED] - sendKeys(findTestObject("Modulo Tarea Listado Hojas de Vida/Crear Nueva Hoja de Vida/input_Fecha Expedicin_hojaVidas"), Keys.chord(ENTER)): Keys 'ENTER + ' sent to object: 'Object Repository/Modulo Tarea Listado Hojas de Vida/Crear Nueva Hoja de Vida/input_Fecha Expedicin_hojaVidas'

2022-03-09 11:59:51 - [MESSAGE][PASSED] - Keys 'ENTER + ' sent to object: 'Object Repository/Modulo Tarea Listado Hojas de Vida/Crear Nueva Hoja de Vida/input_Fecha Expedicin_hojaVidas'

2022-03-09 11:59:51 - [TEST_STEP][PASSED] - selectOptionByIndex(findTestObject("Modulo Tarea Listado Hojas de Vida/Crear Nueva Hoja de Vida/select_-- Seleccione--000000ABEJORRAL"), "113"): All options with index in [113] are selected on object 'Object Repository/Modulo Tarea Listado Hojas de Vida/Crear Nueva Hoja de Vida/select_-- Seleccione--000000ABEJORRAL'

2022-03-09 11:59:55 - [MESSAGE][PASSED] - All options with index in [113] are selected on object 'Object Repository/Modulo Tarea Listado Hojas de Vida/Crear Nueva Hoja de Vida/select_-- Seleccione--000000ABEJORRAL'

2022-03-09 11:59:55 - [TEST_STEP][PASSED] - setText(findTestObject("Modulo Tarea Listado Hojas de Vida/Crear Nueva Hoja de Vida/input__hojaVidaseccionj_idt8358j_idt845"), "634564654684"): Text '634564654684' is set on object 'Object Repository/Modulo Tarea Listado Hojas de Vida/Crear Nueva Hoja de Vida/input__hojaVidaseccionj_idt8358j_idt845'

2022-03-09 11:59:56 - [MESSAGE][PASSED] - Text '634564654684' is set on object 'Object Repository/Modulo Tarea Listado Hojas de Vida/Crear Nueva Hoja de Vida/input__hojaVidaseccionj_idt8358j_idt845'

2022-03-09 11:59:56 - [TEST_STEP][PASSED] - setText(findTestObject("Modulo Tarea Listado Hojas de Vida/Crear Nueva Hoja de Vida/input__hojaVidaseccionj_idt8359j_idt845"), "noodle@gmail.com"): Text 'noodle@gmail.com' is set on object 'Object Repository/Modulo Tarea Listado Hojas de Vida/Crear Nueva Hoja de Vida/input__hojaVidaseccionj_idt8359j_idt845'

2022-03-09 11:59:57 - [MESSAGE][PASSED] - Text 'noodle@gmail.com' is set on object 'Object Repository/Modulo Tarea Listado Hojas de Vida/Crear Nueva Hoja de Vida/input__hojaVidaseccionj_idt8359j_idt845'

2022-03-09 11:59:57 - [TEST_STEP][PASSED] - selectOptionByIndex(findTestObject("Modulo Tarea Listado Hojas de Vida/Crear Nueva Hoja de Vida/select_AA-ABAB-BB-OO-"), "7"): All options with index in [7] are selected on object 'Object Repository/Modulo Tarea Listado Hojas de Vida/Crear Nueva Hoja de Vida/select_AA-ABAB-BB-OO-'

2022-03-09 11:59:58 - [MESSAGE][PASSED] - All options with index in [7] are selected on object 'Object Repository/Modulo Tarea Listado Hojas de Vida/Crear Nueva Hoja de Vida/select_AA-ABAB-BB-OO-'

2022-03-09 11:59:58 - [TEST_STEP][PASSED] - waitForElementClickable(findTestObject("Modulo Tarea Listado Hojas de Vida/Crear Nueva Hoja de Vida/a_Continuar"), G_TimeOut): Object 'Object Repository/Modulo Tarea Listado Hojas de Vida/Crear Nueva Hoja de Vida/a_Continuar' is clickable

2022-03-09 11:59:58 - [MESSAGE][PASSED] - Object 'Object Repository/Modulo Tarea Listado Hojas de Vida/Crear Nueva Hoja de Vida/a_Continuar' is clickable

2022-03-09 11:59:58 - [TEST_STEP][PASSED] - click(findTestObject("Modulo Tarea Listado Hojas de Vida/Crear Nueva Hoja de Vida/a_Continuar")): Object: 'Object Repository/Modulo Tarea Listado Hojas de Vida/Crear Nueva Hoja de Vida/a_Continuar' is clicked on

2022-03-09 11:59:58 - [MESSAGE][PASSED] - Object: 'Object Repository/Modulo Tarea Listado Hojas de Vida/Crear Nueva Hoja de Vida/a_Continuar' is clicked on

2022-03-09 11:59:58 - [TEST_STEP][PASSED] - waitForElementClickable(findTestObject("Modulo Tarea Listado Hojas de Vida/Crear Nueva Hoja de Vida/a_Aceptar"), G_TimeOut): Object 'Object Repository/Modulo Tarea Listado Hojas de Vida/Crear Nueva Hoja de Vida/a_Aceptar' is clickable

2022-03-09 12:00:00 - [MESSAGE][PASSED] - Object 'Object Repository/Modulo Tarea Listado Hojas de Vida/Crear Nueva Hoja de Vida/a_Aceptar' is clickable

2022-03-09 12:00:00 - [TEST_STEP][PASSED] - click(findTestObject("Modulo Tarea Listado Hojas de Vida/Crear Nueva Hoja de Vida/a_Aceptar"), STOP_ON_FAILURE): Object: 'Object Repository/Modulo Tarea Listado Hojas de Vida/Crear Nueva Hoja de Vida/a_Aceptar' is clicked on

2022-03-09 12:00:01 - [MESSAGE][PASSED] - Object: 'Object Repository/Modulo Tarea Listado Hojas de Vida/Crear Nueva Hoja de Vida/a_Aceptar' is clicked on

2022-03-09 12:00:01 - [TEST_STEP][PASSED] - return identificacion: null]]></system-out>
         <system-err><![CDATA[]]></system-err>
      </testcase>
      <testcase name="Test Cases/1.1-Tareas Principales/1.1.2-Imprimir Hoja de Vida" time="53.569" classname="Test Cases/1.1-Tareas Principales/1.1.2-Imprimir Hoja de Vida" status="PASSED">
         <system-out><![CDATA[2022-03-09 12:00:01 - [TEST_CASE][PASSED] - Test Cases/1.1-Tareas Principales/1.1.2-Imprimir Hoja de Vida: Test Cases/1.1-Tareas Principales/1.1.2-Imprimir Hoja de Vida

2022-03-09 12:00:02 - [TEST_STEP][PASSED] - callTestCase(findTestCase("1.1-Tareas Principales/Listado hojas de Vida"), [:], STOP_ON_FAILURE): Call Test Case 'Test Cases/1.1-Tareas Principales/Listado hojas de Vida' successfully

2022-03-09 12:00:02 - [TEST_CASE][PASSED] - Test Cases/1.1-Tareas Principales/Listado hojas de Vida: Test Cases/1.1-Tareas Principales/Listado hojas de Vida

2022-03-09 12:00:03 - [TEST_STEP][PASSED] - callTestCase(findTestCase("0.1-Login"), [:], STOP_ON_FAILURE): Call Test Case 'Test Cases/0.1-Login' successfully

2022-03-09 12:00:03 - [TEST_CASE][PASSED] - Test Cases/0.1-Login: Test Cases/0.1-Login

2022-03-09 12:00:03 - [TEST_STEP][PASSED] - openBrowser(""): Browser is opened with url: ''

2022-03-09 12:00:03 - [MESSAGE][WARNING] - A browser is already opened. Closing browser and opening a new one

2022-03-09 12:00:05 - [MESSAGE][INFO] - Starting 'Chrome' driver

2022-03-09 12:00:05 - [MESSAGE][INFO] - Action delay is set to 0 milliseconds

2022-03-09 12:00:08 - [MESSAGE][PASSED] - Browser is opened with url: ''

2022-03-09 12:00:08 - [TEST_STEP][PASSED] - maximizeWindow(): Current window maximized

2022-03-09 12:00:09 - [MESSAGE][PASSED] - Current window maximized

2022-03-09 12:00:09 - [TEST_STEP][PASSED] - i = G_Login: null

2022-03-09 12:00:09 - [TEST_STEP][PASSED] - url = new java.net.URL(i): null

2022-03-09 12:00:09 - [TEST_STEP][PASSED] - println("URL: " + url.toString()): null

2022-03-09 12:00:09 - [TEST_STEP][PASSED] - connection = url.openConnection(): null

2022-03-09 12:00:09 - [TEST_STEP][PASSED] - connection.setRequestMethod("GET"): null

2022-03-09 12:00:09 - [TEST_STEP][PASSED] - connection.setReadTimeout(2 * 1000): null

2022-03-09 12:00:09 - [TEST_STEP][PASSED] - try: null

2022-03-09 12:00:09 - [TEST_STEP][PASSED] - connection.connect(): null

2022-03-09 12:00:09 - [TEST_STEP][PASSED] - flag = connected: null

2022-03-09 12:00:09 - [TEST_STEP][PASSED] - println("Valor_ori: " + flag): null

2022-03-09 12:00:09 - [TEST_STEP][PASSED] - if (flag): null

2022-03-09 12:00:09 - [TEST_STEP][PASSED] - navigateToUrl(i): Navigate to 'http://192.168.2.80:8380/saraweb' successfully

2022-03-09 12:00:10 - [MESSAGE][PASSED] - Navigate to 'http://192.168.2.80:8380/saraweb' successfully

2022-03-09 12:00:10 - [TEST_STEP][PASSED] - a(): null

2022-03-09 12:00:10 - [TEST_STEP][PASSED] - setText(findTestObject("Login/input_USUARIO_loginusuario"), G_Usuario): Text 'saraadmin' is set on object 'Object Repository/Login/input_USUARIO_loginusuario'

2022-03-09 12:00:11 - [MESSAGE][PASSED] - Text 'saraadmin' is set on object 'Object Repository/Login/input_USUARIO_loginusuario'

2022-03-09 12:00:11 - [TEST_STEP][PASSED] - setEncryptedText(findTestObject("Login/input_CLAVE_loginpassword"), "MkG4/TYiCFC3cb2driP7+Q=="): Text ****** has been set on object 'Object Repository/Login/input_CLAVE_loginpassword'

2022-03-09 12:00:12 - [MESSAGE][PASSED] - Text ****** has been set on object 'Object Repository/Login/input_CLAVE_loginpassword'

2022-03-09 12:00:12 - [TEST_STEP][PASSED] - waitForElementClickable(findTestObject("Login/a_Ingresar"), G_TimeOut): Object 'Object Repository/Login/a_Ingresar' is clickable

2022-03-09 12:00:12 - [MESSAGE][PASSED] - Object 'Object Repository/Login/a_Ingresar' is clickable

2022-03-09 12:00:12 - [TEST_STEP][PASSED] - click(findTestObject("Login/a_Ingresar")): Object: 'Object Repository/Login/a_Ingresar' is clicked on

2022-03-09 12:00:16 - [MESSAGE][PASSED] - Object: 'Object Repository/Login/a_Ingresar' is clicked on

2022-03-09 12:00:16 - [TEST_STEP][PASSED] - element = findWebElement(findTestObject("Login/a_Ir"), 30): null

2022-03-09 12:00:17 - [TEST_STEP][PASSED] - executeJavaScript("arguments[0].click()", Arrays.asList(element)): Execute JavaScript 'arguments[0].click()' successfully

2022-03-09 12:00:18 - [MESSAGE][PASSED] - Execute JavaScript 'arguments[0].click()' successfully

2022-03-09 12:00:18 - [MESSAGE][PASSED] - Call Test Case 'Test Cases/0.1-Login' successfully

2022-03-09 12:00:18 - [TEST_STEP][PASSED] - waitForElementClickable(findTestObject("Modulo Tarea Listado Hojas de Vida/Tareas Listado Hojas de Vida/input_Listado Hojas De Vida_form_templatej_idt24_input"), G_TimeOut): Object 'Object Repository/Modulo Tarea Listado Hojas de Vida/Tareas Listado Hojas de Vida/input_Listado Hojas De Vida_form_templatej_idt24_input' is clickable

2022-03-09 12:00:18 - [MESSAGE][PASSED] - Object 'Object Repository/Modulo Tarea Listado Hojas de Vida/Tareas Listado Hojas de Vida/input_Listado Hojas De Vida_form_templatej_idt24_input' is clickable

2022-03-09 12:00:18 - [TEST_STEP][PASSED] - setText(findTestObject("Modulo Tarea Listado Hojas de Vida/Tareas Listado Hojas de Vida/input_Listado Hojas De Vida_form_templatej_idt24_input"), "Listado Hojas de Vida"): Text 'Listado Hojas de Vida' is set on object 'Object Repository/Modulo Tarea Listado Hojas de Vida/Tareas Listado Hojas de Vida/input_Listado Hojas De Vida_form_templatej_idt24_input'

2022-03-09 12:00:20 - [MESSAGE][PASSED] - Text 'Listado Hojas de Vida' is set on object 'Object Repository/Modulo Tarea Listado Hojas de Vida/Tareas Listado Hojas de Vida/input_Listado Hojas De Vida_form_templatej_idt24_input'

2022-03-09 12:00:20 - [TEST_STEP][PASSED] - delay(3): Delayed 3 second(s)

2022-03-09 12:00:23 - [MESSAGE][PASSED] - Delayed 3 second(s)

2022-03-09 12:00:23 - [TEST_STEP][PASSED] - sendKeys(findTestObject("Modulo Tarea Listado Hojas de Vida/Tareas Listado Hojas de Vida/input_Listado Hojas De Vida_form_templatej_idt24_input"), Keys.chord(ENTER)): Keys 'ENTER + ' sent to object: 'Object Repository/Modulo Tarea Listado Hojas de Vida/Tareas Listado Hojas de Vida/input_Listado Hojas De Vida_form_templatej_idt24_input'

2022-03-09 12:00:23 - [MESSAGE][PASSED] - Keys 'ENTER + ' sent to object: 'Object Repository/Modulo Tarea Listado Hojas de Vida/Tareas Listado Hojas de Vida/input_Listado Hojas De Vida_form_templatej_idt24_input'

2022-03-09 12:00:23 - [MESSAGE][PASSED] - Call Test Case 'Test Cases/1.1-Tareas Principales/Listado hojas de Vida' successfully

2022-03-09 12:00:23 - [TEST_STEP][PASSED] - waitForElementClickable(findTestObject("Modulo Tarea Listado Hojas de Vida/Imprimir Hoja de Vida/input_Identificacin_listado_hojaVidaj_idt62"), G_TimeOut): Object 'Object Repository/Modulo Tarea Listado Hojas de Vida/Imprimir Hoja de Vida/input_Identificacin_listado_hojaVidaj_idt62' is clickable

2022-03-09 12:00:25 - [MESSAGE][PASSED] - Object 'Object Repository/Modulo Tarea Listado Hojas de Vida/Imprimir Hoja de Vida/input_Identificacin_listado_hojaVidaj_idt62' is clickable

2022-03-09 12:00:25 - [TEST_STEP][PASSED] - setText(findTestObject("Modulo Tarea Listado Hojas de Vida/Imprimir Hoja de Vida/input_Identificacin_listado_hojaVidaj_idt62"), "355682169"): Text '355682169' is set on object 'Object Repository/Modulo Tarea Listado Hojas de Vida/Imprimir Hoja de Vida/input_Identificacin_listado_hojaVidaj_idt62'

2022-03-09 12:00:26 - [MESSAGE][PASSED] - Text '355682169' is set on object 'Object Repository/Modulo Tarea Listado Hojas de Vida/Imprimir Hoja de Vida/input_Identificacin_listado_hojaVidaj_idt62'

2022-03-09 12:00:26 - [TEST_STEP][PASSED] - sendKeys(findTestObject("Modulo Tarea Listado Hojas de Vida/Imprimir Hoja de Vida/input_Identificacin_listado_hojaVidaj_idt62"), Keys.chord(ENTER)): Keys 'ENTER + ' sent to object: 'Object Repository/Modulo Tarea Listado Hojas de Vida/Imprimir Hoja de Vida/input_Identificacin_listado_hojaVidaj_idt62'

2022-03-09 12:00:26 - [MESSAGE][PASSED] - Keys 'ENTER + ' sent to object: 'Object Repository/Modulo Tarea Listado Hojas de Vida/Imprimir Hoja de Vida/input_Identificacin_listado_hojaVidaj_idt62'

2022-03-09 12:00:26 - [TEST_STEP][PASSED] - waitForElementClickable(findTestObject("Modulo Tarea Listado Hojas de Vida/Imprimir Hoja de Vida/td_355682169"), G_TimeOut): Object 'Object Repository/Modulo Tarea Listado Hojas de Vida/Imprimir Hoja de Vida/td_355682169' is clickable

2022-03-09 12:00:27 - [MESSAGE][PASSED] - Object 'Object Repository/Modulo Tarea Listado Hojas de Vida/Imprimir Hoja de Vida/td_355682169' is clickable

2022-03-09 12:00:27 - [TEST_STEP][PASSED] - click(findTestObject("Modulo Tarea Listado Hojas de Vida/Imprimir Hoja de Vida/td_355682169")): Object: 'Object Repository/Modulo Tarea Listado Hojas de Vida/Imprimir Hoja de Vida/td_355682169' is clicked on

2022-03-09 12:00:28 - [MESSAGE][PASSED] - Object: 'Object Repository/Modulo Tarea Listado Hojas de Vida/Imprimir Hoja de Vida/td_355682169' is clicked on

2022-03-09 12:00:28 - [TEST_STEP][PASSED] - waitForElementClickable(findTestObject("Modulo Tarea Listado Hojas de Vida/Imprimir Hoja de Vida/a_Imprimir"), G_TimeOut): Object 'Object Repository/Modulo Tarea Listado Hojas de Vida/Imprimir Hoja de Vida/a_Imprimir' is clickable

2022-03-09 12:00:29 - [MESSAGE][PASSED] - Object 'Object Repository/Modulo Tarea Listado Hojas de Vida/Imprimir Hoja de Vida/a_Imprimir' is clickable

2022-03-09 12:00:29 - [TEST_STEP][PASSED] - click(findTestObject("Modulo Tarea Listado Hojas de Vida/Imprimir Hoja de Vida/a_Imprimir")): Object: 'Object Repository/Modulo Tarea Listado Hojas de Vida/Imprimir Hoja de Vida/a_Imprimir' is clicked on

2022-03-09 12:00:29 - [MESSAGE][PASSED] - Object: 'Object Repository/Modulo Tarea Listado Hojas de Vida/Imprimir Hoja de Vida/a_Imprimir' is clicked on

2022-03-09 12:00:29 - [TEST_STEP][PASSED] - waitForElementClickable(findTestObject("Modulo Tarea Listado Hojas de Vida/Imprimir Hoja de Vida/a_Si"), G_TimeOut): Object 'Object Repository/Modulo Tarea Listado Hojas de Vida/Imprimir Hoja de Vida/a_Si' is clickable

2022-03-09 12:00:33 - [MESSAGE][PASSED] - Object 'Object Repository/Modulo Tarea Listado Hojas de Vida/Imprimir Hoja de Vida/a_Si' is clickable

2022-03-09 12:00:33 - [TEST_STEP][PASSED] - click(findTestObject("Modulo Tarea Listado Hojas de Vida/Imprimir Hoja de Vida/a_Si")): Object: 'Object Repository/Modulo Tarea Listado Hojas de Vida/Imprimir Hoja de Vida/a_Si' is clicked on

2022-03-09 12:00:34 - [MESSAGE][PASSED] - Object: 'Object Repository/Modulo Tarea Listado Hojas de Vida/Imprimir Hoja de Vida/a_Si' is clicked on

2022-03-09 12:00:34 - [TEST_STEP][PASSED] - waitForElementClickable(findTestObject("Modulo Tarea Listado Hojas de Vida/Imprimir Hoja de Vida/span_Grupo Sanguneo-closethick"), G_TimeOut): Object 'Object Repository/Modulo Tarea Listado Hojas de Vida/Imprimir Hoja de Vida/span_Grupo Sanguneo-closethick' is clickable

2022-03-09 12:00:36 - [MESSAGE][PASSED] - Object 'Object Repository/Modulo Tarea Listado Hojas de Vida/Imprimir Hoja de Vida/span_Grupo Sanguneo-closethick' is clickable

2022-03-09 12:00:36 - [TEST_STEP][PASSED] - click(findTestObject("Modulo Tarea Listado Hojas de Vida/Imprimir Hoja de Vida/span_Grupo Sanguneo-closethick")): Object: 'Object Repository/Modulo Tarea Listado Hojas de Vida/Imprimir Hoja de Vida/span_Grupo Sanguneo-closethick' is clicked on

2022-03-09 12:00:38 - [MESSAGE][PASSED] - Object: 'Object Repository/Modulo Tarea Listado Hojas de Vida/Imprimir Hoja de Vida/span_Grupo Sanguneo-closethick' is clicked on

2022-03-09 12:00:38 - [TEST_STEP][PASSED] - waitForElementClickable(findTestObject("Modulo Tarea Listado Hojas de Vida/Imprimir Hoja de Vida/a_Generar"), G_TimeOut): Object 'Object Repository/Modulo Tarea Listado Hojas de Vida/Imprimir Hoja de Vida/a_Generar' is clickable

2022-03-09 12:00:40 - [MESSAGE][PASSED] - Object 'Object Repository/Modulo Tarea Listado Hojas de Vida/Imprimir Hoja de Vida/a_Generar' is clickable

2022-03-09 12:00:40 - [TEST_STEP][PASSED] - click(findTestObject("Modulo Tarea Listado Hojas de Vida/Imprimir Hoja de Vida/a_Generar")): Object: 'Object Repository/Modulo Tarea Listado Hojas de Vida/Imprimir Hoja de Vida/a_Generar' is clicked on

2022-03-09 12:00:42 - [MESSAGE][PASSED] - Object: 'Object Repository/Modulo Tarea Listado Hojas de Vida/Imprimir Hoja de Vida/a_Generar' is clicked on

2022-03-09 12:00:42 - [TEST_STEP][PASSED] - waitForElementClickable(findTestObject("Modulo Tarea Listado Hojas de Vida/Imprimir Hoja de Vida/td_espaol impresion empleado"), G_TimeOut): Object 'Object Repository/Modulo Tarea Listado Hojas de Vida/Imprimir Hoja de Vida/td_espaol impresion empleado' is clickable

2022-03-09 12:00:44 - [MESSAGE][PASSED] - Object 'Object Repository/Modulo Tarea Listado Hojas de Vida/Imprimir Hoja de Vida/td_espaol impresion empleado' is clickable

2022-03-09 12:00:44 - [TEST_STEP][PASSED] - click(findTestObject("Modulo Tarea Listado Hojas de Vida/Imprimir Hoja de Vida/td_espaol impresion empleado")): Object: 'Object Repository/Modulo Tarea Listado Hojas de Vida/Imprimir Hoja de Vida/td_espaol impresion empleado' is clicked on

2022-03-09 12:00:46 - [MESSAGE][PASSED] - Object: 'Object Repository/Modulo Tarea Listado Hojas de Vida/Imprimir Hoja de Vida/td_espaol impresion empleado' is clicked on

2022-03-09 12:00:46 - [TEST_STEP][PASSED] - waitForElementClickable(findTestObject("Modulo Tarea Listado Hojas de Vida/Imprimir Hoja de Vida/a_Descargar"), G_TimeOut): Object 'Object Repository/Modulo Tarea Listado Hojas de Vida/Imprimir Hoja de Vida/a_Descargar' is clickable

2022-03-09 12:00:49 - [MESSAGE][PASSED] - Object 'Object Repository/Modulo Tarea Listado Hojas de Vida/Imprimir Hoja de Vida/a_Descargar' is clickable

2022-03-09 12:00:49 - [TEST_STEP][PASSED] - click(findTestObject("Modulo Tarea Listado Hojas de Vida/Imprimir Hoja de Vida/a_Descargar")): Object: 'Object Repository/Modulo Tarea Listado Hojas de Vida/Imprimir Hoja de Vida/a_Descargar' is clicked on

2022-03-09 12:00:51 - [MESSAGE][PASSED] - Object: 'Object Repository/Modulo Tarea Listado Hojas de Vida/Imprimir Hoja de Vida/a_Descargar' is clicked on

2022-03-09 12:00:51 - [TEST_STEP][PASSED] - switchToWindowIndex(0): Switched to window with index: '0'

2022-03-09 12:00:51 - [MESSAGE][PASSED] - Switched to window with index: '0'

2022-03-09 12:00:51 - [TEST_STEP][PASSED] - waitForElementClickable(findTestObject("Modulo Tarea Listado Hojas de Vida/Imprimir Hoja de Vida/span_Grupo Sanguneo-closethick_1"), G_TimeOut): Object 'Object Repository/Modulo Tarea Listado Hojas de Vida/Imprimir Hoja de Vida/span_Grupo Sanguneo-closethick_1' is clickable

2022-03-09 12:00:52 - [MESSAGE][PASSED] - Object 'Object Repository/Modulo Tarea Listado Hojas de Vida/Imprimir Hoja de Vida/span_Grupo Sanguneo-closethick_1' is clickable

2022-03-09 12:00:52 - [TEST_STEP][PASSED] - click(findTestObject("Modulo Tarea Listado Hojas de Vida/Imprimir Hoja de Vida/span_Grupo Sanguneo-closethick_1")): Object: 'Object Repository/Modulo Tarea Listado Hojas de Vida/Imprimir Hoja de Vida/span_Grupo Sanguneo-closethick_1' is clicked on

2022-03-09 12:00:53 - [MESSAGE][PASSED] - Object: 'Object Repository/Modulo Tarea Listado Hojas de Vida/Imprimir Hoja de Vida/span_Grupo Sanguneo-closethick_1' is clicked on

2022-03-09 12:00:53 - [TEST_STEP][PASSED] - closeBrowser(): Browser is closed

2022-03-09 12:00:54 - [MESSAGE][PASSED] - Browser is closed]]></system-out>
         <system-err><![CDATA[]]></system-err>
      </testcase>
      <testcase name="Test Cases/1.1-Tareas Principales/1.1.3-Elaboracion Acto Cambio del Empleado y derogacion" time="245.694" classname="Test Cases/1.1-Tareas Principales/1.1.3-Elaboracion Acto Cambio del Empleado y derogacion" status="FAILED">
         <failure type="FAILED" message="Test Cases/1.1-Tareas Principales/1.1.3-Elaboracion Acto Cambio del Empleado y derogacion FAILED.
Reason:
com.kms.katalon.core.exception.StepFailedException: Unable to click on object 'Object Repository/Modulo Tarea Actos Administrativos/Elaboracion Acto Cambio de Empleado/a_Aplicar'
	at com.kms.katalon.core.webui.keyword.internal.WebUIKeywordMain.stepFailed(WebUIKeywordMain.groovy:64)
	at com.kms.katalon.core.webui.keyword.internal.WebUIKeywordMain.runKeyword(WebUIKeywordMain.groovy:26)
	at com.kms.katalon.core.webui.keyword.builtin.ClickKeyword.click(ClickKeyword.groovy:74)
	at com.kms.katalon.core.webui.keyword.builtin.ClickKeyword.execute(ClickKeyword.groovy:40)
	at com.kms.katalon.core.keyword.internal.KeywordExecutor.executeKeywordForPlatform(KeywordExecutor.groovy:74)
	at com.kms.katalon.core.webui.keyword.WebUiBuiltInKeywords.click(WebUiBuiltInKeywords.groovy:620)
	at com.kms.katalon.core.webui.keyword.WebUiBuiltInKeywords$click$5.call(Unknown Source)
	at 1.1.3-Elaboracion Acto Cambio del Empleado y derogacion.run(1.1.3-Elaboracion Acto Cambio del Empleado y derogacion:196)
	at com.kms.katalon.core.main.ScriptEngine.run(ScriptEngine.java:194)
	at com.kms.katalon.core.main.ScriptEngine.runScriptAsRawText(ScriptEngine.java:119)
	at com.kms.katalon.core.main.TestCaseExecutor.runScript(TestCaseExecutor.java:442)
	at com.kms.katalon.core.main.TestCaseExecutor.doExecute(TestCaseExecutor.java:433)
	at com.kms.katalon.core.main.TestCaseExecutor.processExecutionPhase(TestCaseExecutor.java:412)
	at com.kms.katalon.core.main.TestCaseExecutor.accessMainPhase(TestCaseExecutor.java:404)
	at com.kms.katalon.core.main.TestCaseExecutor.execute(TestCaseExecutor.java:281)
	at com.kms.katalon.core.main.TestSuiteExecutor.accessTestCaseMainPhase(TestSuiteExecutor.java:202)
	at com.kms.katalon.core.main.TestSuiteExecutor.accessTestSuiteMainPhase(TestSuiteExecutor.java:164)
	at com.kms.katalon.core.main.TestSuiteExecutor.execute(TestSuiteExecutor.java:105)
	at com.kms.katalon.core.main.TestCaseMain.startTestSuite(TestCaseMain.java:185)
	at com.kms.katalon.core.main.TestCaseMain$startTestSuite$0.call(Unknown Source)
	at TempTestSuite1646845129657.run(TempTestSuite1646845129657.groovy:36)
Caused by: org.openqa.selenium.ElementClickInterceptedException: element click intercepted: Element &lt;a id=&quot;form_actoIngreso:j_idt1099:4:j_idt1143&quot; href=&quot;#&quot; class=&quot;ui-commandlink ui-widget btn_popupInformacion&quot; onclick=&quot;PrimeFaces.ab({s:&amp;quot;form_actoIngreso:j_idt1099:4:j_idt1143&amp;quot;,f:&amp;quot;form_actoIngreso&amp;quot;,u:&amp;quot;areaAplicacion&amp;quot;});return false;&quot;>&lt;/a> is not clickable at point (1233, 229). Other element would receive the click: &lt;div id=&quot;j_idt56_modal&quot; class=&quot;ui-widget-overlay ui-dialog-mask&quot; style=&quot;z-index: 1096;&quot;>&lt;/div>
  (Session info: chrome=99.0.4844.51)
Build info: version: '3.141.59', revision: 'e82be7d358', time: '2018-11-14T08:25:53'
System info: host: 'US-AF-000371', ip: '192.168.56.1', os.name: 'Windows 10', os.arch: 'amd64', os.version: '10.0', java.version: '1.8.0_282'
Driver info: com.kms.katalon.selenium.driver.CChromeDriver
Capabilities {acceptInsecureCerts: false, browserName: chrome, browserVersion: 99.0.4844.51, chrome: {chromedriverVersion: 99.0.4844.51 (d537ec02474b5..., userDataDir: C:\Users\DIEGO~1.ROJ\AppDat...}, goog:chromeOptions: {debuggerAddress: localhost:62194}, javascriptEnabled: true, networkConnectionEnabled: false, pageLoadStrategy: normal, platform: WINDOWS, platformName: WINDOWS, proxy: Proxy(), setWindowRect: true, strictFileInteractability: false, timeouts: {implicit: 0, pageLoad: 300000, script: 30000}, unhandledPromptBehavior: dismiss and notify, webauthn:extension:credBlob: true, webauthn:extension:largeBlob: true, webauthn:virtualAuthenticators: true}
Session ID: a34ade548cc308d985b19d0cf3a139fe
	at org.openqa.selenium.remote.http.W3CHttpResponseCodec.createException(W3CHttpResponseCodec.java:187)
	at org.openqa.selenium.remote.http.W3CHttpResponseCodec.decode(W3CHttpResponseCodec.java:122)
	at org.openqa.selenium.remote.http.W3CHttpResponseCodec.decode(W3CHttpResponseCodec.java:49)
	at org.openqa.selenium.remote.HttpCommandExecutor.execute(HttpCommandExecutor.java:158)
	at org.openqa.selenium.remote.service.DriverCommandExecutor.execute(DriverCommandExecutor.java:83)
	at org.openqa.selenium.remote.RemoteWebDriver.execute(RemoteWebDriver.java:552)
	at com.kms.katalon.selenium.driver.CChromeDriver.execute(CChromeDriver.java:19)
	at org.openqa.selenium.remote.RemoteWebElement.execute(RemoteWebElement.java:285)
	at org.openqa.selenium.remote.RemoteWebElement.click(RemoteWebElement.java:84)
	at org.openqa.selenium.support.events.EventFiringWebDriver$EventFiringWebElement.lambda$new$0(EventFiringWebDriver.java:404)
	at com.sun.proxy.$Proxy11.click(Unknown Source)
	at org.openqa.selenium.support.events.EventFiringWebDriver$EventFiringWebElement.click(EventFiringWebDriver.java:417)
	at org.openqa.selenium.WebElement$click$0.call(Unknown Source)
	at com.kms.katalon.core.webui.keyword.builtin.ClickKeyword.clickUntilSuccessWithTimeout(ClickKeyword.groovy:81)
	at com.kms.katalon.core.webui.keyword.builtin.ClickKeyword.clickUntilSuccessWithTimeout(ClickKeyword.groovy)
	at com.kms.katalon.core.webui.keyword.builtin.ClickKeyword$_click_closure1.doCall(ClickKeyword.groovy:67)
	at com.kms.katalon.core.webui.keyword.builtin.ClickKeyword$_click_closure1.call(ClickKeyword.groovy)
	at com.kms.katalon.core.webui.keyword.internal.WebUIKeywordMain.runKeyword(WebUIKeywordMain.groovy:20)
	... 19 more
"/>
         <system-out><![CDATA[2022-03-09 12:00:54 - [TEST_CASE][FAILED] - Test Cases/1.1-Tareas Principales/1.1.3-Elaboracion Acto Cambio del Empleado y derogacion: Test Cases/1.1-Tareas Principales/1.1.3-Elaboracion Acto Cambio del Empleado y derogacion FAILED.
Reason:
com.kms.katalon.core.exception.StepFailedException: Unable to click on object 'Object Repository/Modulo Tarea Actos Administrativos/Elaboracion Acto Cambio de Empleado/a_Aplicar'
	at com.kms.katalon.core.webui.keyword.internal.WebUIKeywordMain.stepFailed(WebUIKeywordMain.groovy:64)
	at com.kms.katalon.core.webui.keyword.internal.WebUIKeywordMain.runKeyword(WebUIKeywordMain.groovy:26)
	at com.kms.katalon.core.webui.keyword.builtin.ClickKeyword.click(ClickKeyword.groovy:74)
	at com.kms.katalon.core.webui.keyword.builtin.ClickKeyword.execute(ClickKeyword.groovy:40)
	at com.kms.katalon.core.keyword.internal.KeywordExecutor.executeKeywordForPlatform(KeywordExecutor.groovy:74)
	at com.kms.katalon.core.webui.keyword.WebUiBuiltInKeywords.click(WebUiBuiltInKeywords.groovy:620)
	at com.kms.katalon.core.webui.keyword.WebUiBuiltInKeywords$click$5.call(Unknown Source)
	at 1.1.3-Elaboracion Acto Cambio del Empleado y derogacion.run(1.1.3-Elaboracion Acto Cambio del Empleado y derogacion:196)
	at com.kms.katalon.core.main.ScriptEngine.run(ScriptEngine.java:194)
	at com.kms.katalon.core.main.ScriptEngine.runScriptAsRawText(ScriptEngine.java:119)
	at com.kms.katalon.core.main.TestCaseExecutor.runScript(TestCaseExecutor.java:442)
	at com.kms.katalon.core.main.TestCaseExecutor.doExecute(TestCaseExecutor.java:433)
	at com.kms.katalon.core.main.TestCaseExecutor.processExecutionPhase(TestCaseExecutor.java:412)
	at com.kms.katalon.core.main.TestCaseExecutor.accessMainPhase(TestCaseExecutor.java:404)
	at com.kms.katalon.core.main.TestCaseExecutor.execute(TestCaseExecutor.java:281)
	at com.kms.katalon.core.main.TestSuiteExecutor.accessTestCaseMainPhase(TestSuiteExecutor.java:202)
	at com.kms.katalon.core.main.TestSuiteExecutor.accessTestSuiteMainPhase(TestSuiteExecutor.java:164)
	at com.kms.katalon.core.main.TestSuiteExecutor.execute(TestSuiteExecutor.java:105)
	at com.kms.katalon.core.main.TestCaseMain.startTestSuite(TestCaseMain.java:185)
	at com.kms.katalon.core.main.TestCaseMain$startTestSuite$0.call(Unknown Source)
	at TempTestSuite1646845129657.run(TempTestSuite1646845129657.groovy:36)
Caused by: org.openqa.selenium.ElementClickInterceptedException: element click intercepted: Element <a id="form_actoIngreso:j_idt1099:4:j_idt1143" href="#" class="ui-commandlink ui-widget btn_popupInformacion" onclick="PrimeFaces.ab({s:&quot;form_actoIngreso:j_idt1099:4:j_idt1143&quot;,f:&quot;form_actoIngreso&quot;,u:&quot;areaAplicacion&quot;});return false;"></a> is not clickable at point (1233, 229). Other element would receive the click: <div id="j_idt56_modal" class="ui-widget-overlay ui-dialog-mask" style="z-index: 1096;"></div>
  (Session info: chrome=99.0.4844.51)
Build info: version: '3.141.59', revision: 'e82be7d358', time: '2018-11-14T08:25:53'
System info: host: 'US-AF-000371', ip: '192.168.56.1', os.name: 'Windows 10', os.arch: 'amd64', os.version: '10.0', java.version: '1.8.0_282'
Driver info: com.kms.katalon.selenium.driver.CChromeDriver
Capabilities {acceptInsecureCerts: false, browserName: chrome, browserVersion: 99.0.4844.51, chrome: {chromedriverVersion: 99.0.4844.51 (d537ec02474b5..., userDataDir: C:\Users\DIEGO~1.ROJ\AppDat...}, goog:chromeOptions: {debuggerAddress: localhost:62194}, javascriptEnabled: true, networkConnectionEnabled: false, pageLoadStrategy: normal, platform: WINDOWS, platformName: WINDOWS, proxy: Proxy(), setWindowRect: true, strictFileInteractability: false, timeouts: {implicit: 0, pageLoad: 300000, script: 30000}, unhandledPromptBehavior: dismiss and notify, webauthn:extension:credBlob: true, webauthn:extension:largeBlob: true, webauthn:virtualAuthenticators: true}
Session ID: a34ade548cc308d985b19d0cf3a139fe
	at org.openqa.selenium.remote.http.W3CHttpResponseCodec.createException(W3CHttpResponseCodec.java:187)
	at org.openqa.selenium.remote.http.W3CHttpResponseCodec.decode(W3CHttpResponseCodec.java:122)
	at org.openqa.selenium.remote.http.W3CHttpResponseCodec.decode(W3CHttpResponseCodec.java:49)
	at org.openqa.selenium.remote.HttpCommandExecutor.execute(HttpCommandExecutor.java:158)
	at org.openqa.selenium.remote.service.DriverCommandExecutor.execute(DriverCommandExecutor.java:83)
	at org.openqa.selenium.remote.RemoteWebDriver.execute(RemoteWebDriver.java:552)
	at com.kms.katalon.selenium.driver.CChromeDriver.execute(CChromeDriver.java:19)
	at org.openqa.selenium.remote.RemoteWebElement.execute(RemoteWebElement.java:285)
	at org.openqa.selenium.remote.RemoteWebElement.click(RemoteWebElement.java:84)
	at org.openqa.selenium.support.events.EventFiringWebDriver$EventFiringWebElement.lambda$new$0(EventFiringWebDriver.java:404)
	at com.sun.proxy.$Proxy11.click(Unknown Source)
	at org.openqa.selenium.support.events.EventFiringWebDriver$EventFiringWebElement.click(EventFiringWebDriver.java:417)
	at org.openqa.selenium.WebElement$click$0.call(Unknown Source)
	at com.kms.katalon.core.webui.keyword.builtin.ClickKeyword.clickUntilSuccessWithTimeout(ClickKeyword.groovy:81)
	at com.kms.katalon.core.webui.keyword.builtin.ClickKeyword.clickUntilSuccessWithTimeout(ClickKeyword.groovy)
	at com.kms.katalon.core.webui.keyword.builtin.ClickKeyword$_click_closure1.doCall(ClickKeyword.groovy:67)
	at com.kms.katalon.core.webui.keyword.builtin.ClickKeyword$_click_closure1.call(ClickKeyword.groovy)
	at com.kms.katalon.core.webui.keyword.internal.WebUIKeywordMain.runKeyword(WebUIKeywordMain.groovy:20)
	... 19 more


2022-03-09 12:00:55 - [TEST_STEP][PASSED] - identificacion = callTestCase(findTestCase("Utilidades-(atajos_para _tareas)/Tareas Actos Administrativos/Acto Cambio del Empleado"), [:], STOP_ON_FAILURE): Call Test Case 'Test Cases/Utilidades-(atajos_para _tareas)/Tareas Actos Administrativos/Acto Cambio del Empleado' successfully

2022-03-09 12:00:55 - [TEST_CASE][PASSED] - Test Cases/Utilidades-(atajos_para _tareas)/Tareas Actos Administrativos/Acto Cambio del Empleado: Test Cases/Utilidades-(atajos_para _tareas)/Tareas Actos Administrativos/Acto Cambio del Empleado

2022-03-09 12:00:56 - [TEST_STEP][PASSED] - identificacion = callTestCase(findTestCase("1.1-Tareas Principales/1.1.1-Crear Nueva Hoja de Vida"), [:], STOP_ON_FAILURE): Call Test Case 'Test Cases/1.1-Tareas Principales/1.1.1-Crear Nueva Hoja de Vida' successfully

2022-03-09 12:00:56 - [TEST_CASE][PASSED] - Test Cases/1.1-Tareas Principales/1.1.1-Crear Nueva Hoja de Vida: Test Cases/1.1-Tareas Principales/1.1.1-Crear Nueva Hoja de Vida

2022-03-09 12:00:56 - [TEST_STEP][PASSED] - random_double = Math.random() * 9999 + 999: null

2022-03-09 12:00:56 - [TEST_STEP][PASSED] - random_double = Math.round(random_double * 1000): null

2022-03-09 12:00:56 - [TEST_STEP][PASSED] - identificacion = toString().replace(".0", ""): null

2022-03-09 12:00:56 - [TEST_STEP][PASSED] - callTestCase(findTestCase("0.1-Login"), [:], STOP_ON_FAILURE): Call Test Case 'Test Cases/0.1-Login' successfully

2022-03-09 12:00:56 - [TEST_CASE][PASSED] - Test Cases/0.1-Login: Test Cases/0.1-Login

2022-03-09 12:00:56 - [TEST_STEP][PASSED] - openBrowser(""): Browser is opened with url: ''

2022-03-09 12:00:56 - [MESSAGE][INFO] - Starting 'Chrome' driver

2022-03-09 12:00:56 - [MESSAGE][INFO] - Action delay is set to 0 milliseconds

2022-03-09 12:00:59 - [MESSAGE][PASSED] - Browser is opened with url: ''

2022-03-09 12:00:59 - [TEST_STEP][PASSED] - maximizeWindow(): Current window maximized

2022-03-09 12:01:00 - [MESSAGE][PASSED] - Current window maximized

2022-03-09 12:01:00 - [TEST_STEP][PASSED] - i = G_Login: null

2022-03-09 12:01:00 - [TEST_STEP][PASSED] - url = new java.net.URL(i): null

2022-03-09 12:01:00 - [TEST_STEP][PASSED] - println("URL: " + url.toString()): null

2022-03-09 12:01:00 - [TEST_STEP][PASSED] - connection = url.openConnection(): null

2022-03-09 12:01:00 - [TEST_STEP][PASSED] - connection.setRequestMethod("GET"): null

2022-03-09 12:01:00 - [TEST_STEP][PASSED] - connection.setReadTimeout(2 * 1000): null

2022-03-09 12:01:00 - [TEST_STEP][PASSED] - try: null

2022-03-09 12:01:00 - [TEST_STEP][PASSED] - connection.connect(): null

2022-03-09 12:01:00 - [TEST_STEP][PASSED] - flag = connected: null

2022-03-09 12:01:00 - [TEST_STEP][PASSED] - println("Valor_ori: " + flag): null

2022-03-09 12:01:00 - [TEST_STEP][PASSED] - if (flag): null

2022-03-09 12:01:00 - [TEST_STEP][PASSED] - navigateToUrl(i): Navigate to 'http://192.168.2.80:8380/saraweb' successfully

2022-03-09 12:01:01 - [MESSAGE][PASSED] - Navigate to 'http://192.168.2.80:8380/saraweb' successfully

2022-03-09 12:01:01 - [TEST_STEP][PASSED] - a(): null

2022-03-09 12:01:01 - [TEST_STEP][PASSED] - setText(findTestObject("Login/input_USUARIO_loginusuario"), G_Usuario): Text 'saraadmin' is set on object 'Object Repository/Login/input_USUARIO_loginusuario'

2022-03-09 12:01:02 - [MESSAGE][PASSED] - Text 'saraadmin' is set on object 'Object Repository/Login/input_USUARIO_loginusuario'

2022-03-09 12:01:02 - [TEST_STEP][PASSED] - setEncryptedText(findTestObject("Login/input_CLAVE_loginpassword"), "MkG4/TYiCFC3cb2driP7+Q=="): Text ****** has been set on object 'Object Repository/Login/input_CLAVE_loginpassword'

2022-03-09 12:01:02 - [MESSAGE][PASSED] - Text ****** has been set on object 'Object Repository/Login/input_CLAVE_loginpassword'

2022-03-09 12:01:02 - [TEST_STEP][PASSED] - waitForElementClickable(findTestObject("Login/a_Ingresar"), G_TimeOut): Object 'Object Repository/Login/a_Ingresar' is clickable

2022-03-09 12:01:03 - [MESSAGE][PASSED] - Object 'Object Repository/Login/a_Ingresar' is clickable

2022-03-09 12:01:03 - [TEST_STEP][PASSED] - click(findTestObject("Login/a_Ingresar")): Object: 'Object Repository/Login/a_Ingresar' is clicked on

2022-03-09 12:01:05 - [MESSAGE][PASSED] - Object: 'Object Repository/Login/a_Ingresar' is clicked on

2022-03-09 12:01:05 - [TEST_STEP][PASSED] - element = findWebElement(findTestObject("Login/a_Ir"), 30): null

2022-03-09 12:01:06 - [TEST_STEP][PASSED] - executeJavaScript("arguments[0].click()", Arrays.asList(element)): Execute JavaScript 'arguments[0].click()' successfully

2022-03-09 12:01:06 - [MESSAGE][PASSED] - Execute JavaScript 'arguments[0].click()' successfully

2022-03-09 12:01:06 - [MESSAGE][PASSED] - Call Test Case 'Test Cases/0.1-Login' successfully

2022-03-09 12:01:06 - [TEST_STEP][PASSED] - waitForElementClickable(findTestObject("Modulo Tarea Listado Hojas de Vida/Crear Nueva Hoja de Vida/input_Listado Hojas De Vida_form_templatej_idt24_input"), G_TimeOut): Object 'Object Repository/Modulo Tarea Listado Hojas de Vida/Crear Nueva Hoja de Vida/input_Listado Hojas De Vida_form_templatej_idt24_input' is clickable

2022-03-09 12:01:08 - [MESSAGE][PASSED] - Object 'Object Repository/Modulo Tarea Listado Hojas de Vida/Crear Nueva Hoja de Vida/input_Listado Hojas De Vida_form_templatej_idt24_input' is clickable

2022-03-09 12:01:08 - [TEST_STEP][PASSED] - setText(findTestObject("Modulo Tarea Listado Hojas de Vida/Crear Nueva Hoja de Vida/input_Listado Hojas De Vida_form_templatej_idt24_input"), "Listado Hojas de Vida"): Text 'Listado Hojas de Vida' is set on object 'Object Repository/Modulo Tarea Listado Hojas de Vida/Crear Nueva Hoja de Vida/input_Listado Hojas De Vida_form_templatej_idt24_input'

2022-03-09 12:01:09 - [MESSAGE][PASSED] - Text 'Listado Hojas de Vida' is set on object 'Object Repository/Modulo Tarea Listado Hojas de Vida/Crear Nueva Hoja de Vida/input_Listado Hojas De Vida_form_templatej_idt24_input'

2022-03-09 12:01:09 - [TEST_STEP][PASSED] - delay(1): Delayed 1 second(s)

2022-03-09 12:01:10 - [MESSAGE][PASSED] - Delayed 1 second(s)

2022-03-09 12:01:10 - [TEST_STEP][PASSED] - sendKeys(findTestObject("Modulo Tarea Listado Hojas de Vida/Crear Nueva Hoja de Vida/input_Listado Hojas De Vida_form_templatej_idt24_input"), Keys.chord(ENTER)): Keys 'ENTER + ' sent to object: 'Object Repository/Modulo Tarea Listado Hojas de Vida/Crear Nueva Hoja de Vida/input_Listado Hojas De Vida_form_templatej_idt24_input'

2022-03-09 12:01:10 - [MESSAGE][PASSED] - Keys 'ENTER + ' sent to object: 'Object Repository/Modulo Tarea Listado Hojas de Vida/Crear Nueva Hoja de Vida/input_Listado Hojas De Vida_form_templatej_idt24_input'

2022-03-09 12:01:10 - [TEST_STEP][PASSED] - waitForElementClickable(findTestObject("Modulo Tarea Listado Hojas de Vida/Crear Nueva Hoja de Vida/a_Nueva HojaVida"), G_TimeOut): Object 'Object Repository/Modulo Tarea Listado Hojas de Vida/Crear Nueva Hoja de Vida/a_Nueva HojaVida' is clickable

2022-03-09 12:01:13 - [MESSAGE][PASSED] - Object 'Object Repository/Modulo Tarea Listado Hojas de Vida/Crear Nueva Hoja de Vida/a_Nueva HojaVida' is clickable

2022-03-09 12:01:13 - [TEST_STEP][PASSED] - click(findTestObject("Modulo Tarea Listado Hojas de Vida/Crear Nueva Hoja de Vida/a_Nueva HojaVida")): Object: 'Object Repository/Modulo Tarea Listado Hojas de Vida/Crear Nueva Hoja de Vida/a_Nueva HojaVida' is clicked on

2022-03-09 12:01:13 - [MESSAGE][PASSED] - Object: 'Object Repository/Modulo Tarea Listado Hojas de Vida/Crear Nueva Hoja de Vida/a_Nueva HojaVida' is clicked on

2022-03-09 12:01:13 - [TEST_STEP][PASSED] - waitForElementClickable(findTestObject("Modulo Tarea Listado Hojas de Vida/Crear Nueva Hoja de Vida/input_Identificacin_nuevahoja_"), 0): Object 'Object Repository/Modulo Tarea Listado Hojas de Vida/Crear Nueva Hoja de Vida/input_Identificacin_nuevahoja_' is clickable

2022-03-09 12:01:13 - [MESSAGE][WARNING] - Timeout '0' is invalid. Using default page load timeout: '30'

2022-03-09 12:01:14 - [MESSAGE][PASSED] - Object 'Object Repository/Modulo Tarea Listado Hojas de Vida/Crear Nueva Hoja de Vida/input_Identificacin_nuevahoja_' is clickable

2022-03-09 12:01:14 - [TEST_STEP][PASSED] - setText(findTestObject("Modulo Tarea Listado Hojas de Vida/Crear Nueva Hoja de Vida/input_Identificacin_nuevahoja_"), identificacion): Text '8262173' is set on object 'Object Repository/Modulo Tarea Listado Hojas de Vida/Crear Nueva Hoja de Vida/input_Identificacin_nuevahoja_'

2022-03-09 12:01:15 - [MESSAGE][PASSED] - Text '8262173' is set on object 'Object Repository/Modulo Tarea Listado Hojas de Vida/Crear Nueva Hoja de Vida/input_Identificacin_nuevahoja_'

2022-03-09 12:01:15 - [TEST_STEP][PASSED] - selectOptionByIndex(findTestObject("Modulo Tarea Listado Hojas de Vida/Crear Nueva Hoja de Vida/select_-- Seleccione --.ASPIRA"), "4"): All options with index in [4] are selected on object 'Object Repository/Modulo Tarea Listado Hojas de Vida/Crear Nueva Hoja de Vida/select_-- Seleccione --.ASPIRA'

2022-03-09 12:01:16 - [MESSAGE][PASSED] - All options with index in [4] are selected on object 'Object Repository/Modulo Tarea Listado Hojas de Vida/Crear Nueva Hoja de Vida/select_-- Seleccione --.ASPIRA'

2022-03-09 12:01:16 - [TEST_STEP][PASSED] - click(findTestObject("Modulo Tarea Listado Hojas de Vida/Crear Nueva Hoja de Vida/a_Nueva Solicitud")): Object: 'Object Repository/Modulo Tarea Listado Hojas de Vida/Crear Nueva Hoja de Vida/a_Nueva Solicitud' is clicked on

2022-03-09 12:01:17 - [MESSAGE][PASSED] - Object: 'Object Repository/Modulo Tarea Listado Hojas de Vida/Crear Nueva Hoja de Vida/a_Nueva Solicitud' is clicked on

2022-03-09 12:01:17 - [TEST_STEP][PASSED] - waitForElementPresent(findTestObject("Modulo Tarea Listado Hojas de Vida/Crear Nueva Hoja de Vida/input__hojaVidaseccionj_idt8350j_idt845"), 0): Object 'Object Repository/Modulo Tarea Listado Hojas de Vida/Crear Nueva Hoja de Vida/input__hojaVidaseccionj_idt8350j_idt845' is present

2022-03-09 12:01:17 - [MESSAGE][WARNING] - Timeout '0' is invalid. Using default page load timeout: '30'

2022-03-09 12:01:18 - [MESSAGE][PASSED] - Object 'Object Repository/Modulo Tarea Listado Hojas de Vida/Crear Nueva Hoja de Vida/input__hojaVidaseccionj_idt8350j_idt845' is present

2022-03-09 12:01:18 - [TEST_STEP][PASSED] - setText(findTestObject("Modulo Tarea Listado Hojas de Vida/Crear Nueva Hoja de Vida/input__hojaVidaseccionj_idt8350j_idt845"), identificacion): Text '8262173' is set on object 'Object Repository/Modulo Tarea Listado Hojas de Vida/Crear Nueva Hoja de Vida/input__hojaVidaseccionj_idt8350j_idt845'

2022-03-09 12:01:19 - [MESSAGE][PASSED] - Text '8262173' is set on object 'Object Repository/Modulo Tarea Listado Hojas de Vida/Crear Nueva Hoja de Vida/input__hojaVidaseccionj_idt8350j_idt845'

2022-03-09 12:01:19 - [TEST_STEP][PASSED] - setText(findTestObject("Modulo Tarea Listado Hojas de Vida/Crear Nueva Hoja de Vida/input__hojaVidaseccionj_idt8351j_idt845"), "Empleado" + identificacion): Text 'Empleado8262173' is set on object 'Object Repository/Modulo Tarea Listado Hojas de Vida/Crear Nueva Hoja de Vida/input__hojaVidaseccionj_idt8351j_idt845'

2022-03-09 12:01:20 - [MESSAGE][PASSED] - Text 'Empleado8262173' is set on object 'Object Repository/Modulo Tarea Listado Hojas de Vida/Crear Nueva Hoja de Vida/input__hojaVidaseccionj_idt8351j_idt845'

2022-03-09 12:01:20 - [TEST_STEP][PASSED] - setText(findTestObject("Modulo Tarea Listado Hojas de Vida/Crear Nueva Hoja de Vida/input__hojaVidaseccionj_idt8352j_idt845"), " Pruebas_Automaticas"): Text ' Pruebas_Automaticas' is set on object 'Object Repository/Modulo Tarea Listado Hojas de Vida/Crear Nueva Hoja de Vida/input__hojaVidaseccionj_idt8352j_idt845'

2022-03-09 12:01:21 - [MESSAGE][PASSED] - Text ' Pruebas_Automaticas' is set on object 'Object Repository/Modulo Tarea Listado Hojas de Vida/Crear Nueva Hoja de Vida/input__hojaVidaseccionj_idt8352j_idt845'

2022-03-09 12:01:21 - [TEST_STEP][PASSED] - setText(findTestObject("Modulo Tarea Listado Hojas de Vida/Crear Nueva Hoja de Vida/input__hojaVidaseccionj_idt8353fecha_input"), "30/08/1995"): Text '30/08/1995' is set on object 'Object Repository/Modulo Tarea Listado Hojas de Vida/Crear Nueva Hoja de Vida/input__hojaVidaseccionj_idt8353fecha_input'

2022-03-09 12:01:22 - [MESSAGE][PASSED] - Text '30/08/1995' is set on object 'Object Repository/Modulo Tarea Listado Hojas de Vida/Crear Nueva Hoja de Vida/input__hojaVidaseccionj_idt8353fecha_input'

2022-03-09 12:01:22 - [TEST_STEP][PASSED] - sendKeys(findTestObject("Modulo Tarea Listado Hojas de Vida/Crear Nueva Hoja de Vida/input__hojaVidaseccionj_idt8353fecha_input"), Keys.chord(ENTER)): Keys 'ENTER + ' sent to object: 'Object Repository/Modulo Tarea Listado Hojas de Vida/Crear Nueva Hoja de Vida/input__hojaVidaseccionj_idt8353fecha_input'

2022-03-09 12:01:22 - [MESSAGE][PASSED] - Keys 'ENTER + ' sent to object: 'Object Repository/Modulo Tarea Listado Hojas de Vida/Crear Nueva Hoja de Vida/input__hojaVidaseccionj_idt8353fecha_input'

2022-03-09 12:01:22 - [TEST_STEP][PASSED] - waitForElementClickable(findTestObject("Modulo Tarea Listado Hojas de Vida/Crear Nueva Hoja de Vida/a__hojaVidaseccionj_idt8354j_idt865"), G_TimeOut): Object 'Object Repository/Modulo Tarea Listado Hojas de Vida/Crear Nueva Hoja de Vida/a__hojaVidaseccionj_idt8354j_idt865' is clickable

2022-03-09 12:01:23 - [MESSAGE][PASSED] - Object 'Object Repository/Modulo Tarea Listado Hojas de Vida/Crear Nueva Hoja de Vida/a__hojaVidaseccionj_idt8354j_idt865' is clickable

2022-03-09 12:01:23 - [TEST_STEP][PASSED] - click(findTestObject("Modulo Tarea Listado Hojas de Vida/Crear Nueva Hoja de Vida/a__hojaVidaseccionj_idt8354j_idt865")): Object: 'Object Repository/Modulo Tarea Listado Hojas de Vida/Crear Nueva Hoja de Vida/a__hojaVidaseccionj_idt8354j_idt865' is clicked on

2022-03-09 12:01:23 - [MESSAGE][PASSED] - Object: 'Object Repository/Modulo Tarea Listado Hojas de Vida/Crear Nueva Hoja de Vida/a__hojaVidaseccionj_idt8354j_idt865' is clicked on

2022-03-09 12:01:23 - [TEST_STEP][PASSED] - waitForElementClickable(findTestObject("Modulo Tarea Listado Hojas de Vida/Crear Nueva Hoja de Vida/span_CEDULA CIUDADANIA"), G_TimeOut): Object 'Object Repository/Modulo Tarea Listado Hojas de Vida/Crear Nueva Hoja de Vida/span_CEDULA CIUDADANIA' is clickable

2022-03-09 12:01:24 - [MESSAGE][PASSED] - Object 'Object Repository/Modulo Tarea Listado Hojas de Vida/Crear Nueva Hoja de Vida/span_CEDULA CIUDADANIA' is clickable

2022-03-09 12:01:24 - [TEST_STEP][PASSED] - click(findTestObject("Modulo Tarea Listado Hojas de Vida/Crear Nueva Hoja de Vida/span_CEDULA CIUDADANIA")): Object: 'Object Repository/Modulo Tarea Listado Hojas de Vida/Crear Nueva Hoja de Vida/span_CEDULA CIUDADANIA' is clicked on

2022-03-09 12:01:25 - [MESSAGE][PASSED] - Object: 'Object Repository/Modulo Tarea Listado Hojas de Vida/Crear Nueva Hoja de Vida/span_CEDULA CIUDADANIA' is clicked on

2022-03-09 12:01:25 - [TEST_STEP][PASSED] - waitForElementClickable(findTestObject("Modulo Tarea Listado Hojas de Vida/Crear Nueva Hoja de Vida/input_Fecha Expedicin_hojaVidas"), G_TimeOut): Object 'Object Repository/Modulo Tarea Listado Hojas de Vida/Crear Nueva Hoja de Vida/input_Fecha Expedicin_hojaVidas' is clickable

2022-03-09 12:01:25 - [MESSAGE][PASSED] - Object 'Object Repository/Modulo Tarea Listado Hojas de Vida/Crear Nueva Hoja de Vida/input_Fecha Expedicin_hojaVidas' is clickable

2022-03-09 12:01:25 - [TEST_STEP][PASSED] - setText(findTestObject("Modulo Tarea Listado Hojas de Vida/Crear Nueva Hoja de Vida/input_Fecha Expedicin_hojaVidas"), "13/09/2013"): Text '13/09/2013' is set on object 'Object Repository/Modulo Tarea Listado Hojas de Vida/Crear Nueva Hoja de Vida/input_Fecha Expedicin_hojaVidas'

2022-03-09 12:01:26 - [MESSAGE][PASSED] - Text '13/09/2013' is set on object 'Object Repository/Modulo Tarea Listado Hojas de Vida/Crear Nueva Hoja de Vida/input_Fecha Expedicin_hojaVidas'

2022-03-09 12:01:26 - [TEST_STEP][PASSED] - sendKeys(findTestObject("Modulo Tarea Listado Hojas de Vida/Crear Nueva Hoja de Vida/input_Fecha Expedicin_hojaVidas"), Keys.chord(ENTER)): Keys 'ENTER + ' sent to object: 'Object Repository/Modulo Tarea Listado Hojas de Vida/Crear Nueva Hoja de Vida/input_Fecha Expedicin_hojaVidas'

2022-03-09 12:01:27 - [MESSAGE][PASSED] - Keys 'ENTER + ' sent to object: 'Object Repository/Modulo Tarea Listado Hojas de Vida/Crear Nueva Hoja de Vida/input_Fecha Expedicin_hojaVidas'

2022-03-09 12:01:27 - [TEST_STEP][PASSED] - selectOptionByIndex(findTestObject("Modulo Tarea Listado Hojas de Vida/Crear Nueva Hoja de Vida/select_-- Seleccione--000000ABEJORRAL"), "113"): All options with index in [113] are selected on object 'Object Repository/Modulo Tarea Listado Hojas de Vida/Crear Nueva Hoja de Vida/select_-- Seleccione--000000ABEJORRAL'

2022-03-09 12:01:30 - [MESSAGE][PASSED] - All options with index in [113] are selected on object 'Object Repository/Modulo Tarea Listado Hojas de Vida/Crear Nueva Hoja de Vida/select_-- Seleccione--000000ABEJORRAL'

2022-03-09 12:01:30 - [TEST_STEP][PASSED] - setText(findTestObject("Modulo Tarea Listado Hojas de Vida/Crear Nueva Hoja de Vida/input__hojaVidaseccionj_idt8358j_idt845"), "634564654684"): Text '634564654684' is set on object 'Object Repository/Modulo Tarea Listado Hojas de Vida/Crear Nueva Hoja de Vida/input__hojaVidaseccionj_idt8358j_idt845'

2022-03-09 12:01:31 - [MESSAGE][PASSED] - Text '634564654684' is set on object 'Object Repository/Modulo Tarea Listado Hojas de Vida/Crear Nueva Hoja de Vida/input__hojaVidaseccionj_idt8358j_idt845'

2022-03-09 12:01:31 - [TEST_STEP][PASSED] - setText(findTestObject("Modulo Tarea Listado Hojas de Vida/Crear Nueva Hoja de Vida/input__hojaVidaseccionj_idt8359j_idt845"), "noodle@gmail.com"): Text 'noodle@gmail.com' is set on object 'Object Repository/Modulo Tarea Listado Hojas de Vida/Crear Nueva Hoja de Vida/input__hojaVidaseccionj_idt8359j_idt845'

2022-03-09 12:01:31 - [MESSAGE][PASSED] - Text 'noodle@gmail.com' is set on object 'Object Repository/Modulo Tarea Listado Hojas de Vida/Crear Nueva Hoja de Vida/input__hojaVidaseccionj_idt8359j_idt845'

2022-03-09 12:01:31 - [TEST_STEP][PASSED] - selectOptionByIndex(findTestObject("Modulo Tarea Listado Hojas de Vida/Crear Nueva Hoja de Vida/select_AA-ABAB-BB-OO-"), "7"): All options with index in [7] are selected on object 'Object Repository/Modulo Tarea Listado Hojas de Vida/Crear Nueva Hoja de Vida/select_AA-ABAB-BB-OO-'

2022-03-09 12:01:33 - [MESSAGE][PASSED] - All options with index in [7] are selected on object 'Object Repository/Modulo Tarea Listado Hojas de Vida/Crear Nueva Hoja de Vida/select_AA-ABAB-BB-OO-'

2022-03-09 12:01:33 - [TEST_STEP][PASSED] - waitForElementClickable(findTestObject("Modulo Tarea Listado Hojas de Vida/Crear Nueva Hoja de Vida/a_Continuar"), G_TimeOut): Object 'Object Repository/Modulo Tarea Listado Hojas de Vida/Crear Nueva Hoja de Vida/a_Continuar' is clickable

2022-03-09 12:01:33 - [MESSAGE][PASSED] - Object 'Object Repository/Modulo Tarea Listado Hojas de Vida/Crear Nueva Hoja de Vida/a_Continuar' is clickable

2022-03-09 12:01:33 - [TEST_STEP][PASSED] - click(findTestObject("Modulo Tarea Listado Hojas de Vida/Crear Nueva Hoja de Vida/a_Continuar")): Object: 'Object Repository/Modulo Tarea Listado Hojas de Vida/Crear Nueva Hoja de Vida/a_Continuar' is clicked on

2022-03-09 12:01:33 - [MESSAGE][PASSED] - Object: 'Object Repository/Modulo Tarea Listado Hojas de Vida/Crear Nueva Hoja de Vida/a_Continuar' is clicked on

2022-03-09 12:01:33 - [TEST_STEP][PASSED] - waitForElementClickable(findTestObject("Modulo Tarea Listado Hojas de Vida/Crear Nueva Hoja de Vida/a_Aceptar"), G_TimeOut): Object 'Object Repository/Modulo Tarea Listado Hojas de Vida/Crear Nueva Hoja de Vida/a_Aceptar' is clickable

2022-03-09 12:01:35 - [MESSAGE][PASSED] - Object 'Object Repository/Modulo Tarea Listado Hojas de Vida/Crear Nueva Hoja de Vida/a_Aceptar' is clickable

2022-03-09 12:01:35 - [TEST_STEP][PASSED] - click(findTestObject("Modulo Tarea Listado Hojas de Vida/Crear Nueva Hoja de Vida/a_Aceptar"), STOP_ON_FAILURE): Object: 'Object Repository/Modulo Tarea Listado Hojas de Vida/Crear Nueva Hoja de Vida/a_Aceptar' is clicked on

2022-03-09 12:01:35 - [MESSAGE][PASSED] - Object: 'Object Repository/Modulo Tarea Listado Hojas de Vida/Crear Nueva Hoja de Vida/a_Aceptar' is clicked on

2022-03-09 12:01:35 - [TEST_STEP][PASSED] - return identificacion: null

2022-03-09 12:01:35 - [MESSAGE][PASSED] - Call Test Case 'Test Cases/1.1-Tareas Principales/1.1.1-Crear Nueva Hoja de Vida' successfully

2022-03-09 12:01:35 - [TEST_STEP][PASSED] - callTestCase(findTestCase("Utilidades-(atajos_para _tareas)/Tareas Actos Administrativos/Tarea Actos Administrativos"), [:], STOP_ON_FAILURE): Call Test Case 'Test Cases/Utilidades-(atajos_para _tareas)/Tareas Actos Administrativos/Tarea Actos Administrativos' successfully

2022-03-09 12:01:35 - [TEST_CASE][PASSED] - Test Cases/Utilidades-(atajos_para _tareas)/Tareas Actos Administrativos/Tarea Actos Administrativos: Test Cases/Utilidades-(atajos_para _tareas)/Tareas Actos Administrativos/Tarea Actos Administrativos

2022-03-09 12:01:36 - [TEST_STEP][PASSED] - callTestCase(findTestCase("0.1-Login"), [:], STOP_ON_FAILURE): Call Test Case 'Test Cases/0.1-Login' successfully

2022-03-09 12:01:36 - [TEST_CASE][PASSED] - Test Cases/0.1-Login: Test Cases/0.1-Login

2022-03-09 12:01:36 - [TEST_STEP][PASSED] - openBrowser(""): Browser is opened with url: ''

2022-03-09 12:01:36 - [MESSAGE][WARNING] - A browser is already opened. Closing browser and opening a new one

2022-03-09 12:01:39 - [MESSAGE][INFO] - Starting 'Chrome' driver

2022-03-09 12:01:39 - [MESSAGE][INFO] - Action delay is set to 0 milliseconds

2022-03-09 12:01:42 - [MESSAGE][PASSED] - Browser is opened with url: ''

2022-03-09 12:01:42 - [TEST_STEP][PASSED] - maximizeWindow(): Current window maximized

2022-03-09 12:01:42 - [MESSAGE][PASSED] - Current window maximized

2022-03-09 12:01:42 - [TEST_STEP][PASSED] - i = G_Login: null

2022-03-09 12:01:42 - [TEST_STEP][PASSED] - url = new java.net.URL(i): null

2022-03-09 12:01:42 - [TEST_STEP][PASSED] - println("URL: " + url.toString()): null

2022-03-09 12:01:42 - [TEST_STEP][PASSED] - connection = url.openConnection(): null

2022-03-09 12:01:42 - [TEST_STEP][PASSED] - connection.setRequestMethod("GET"): null

2022-03-09 12:01:42 - [TEST_STEP][PASSED] - connection.setReadTimeout(2 * 1000): null

2022-03-09 12:01:42 - [TEST_STEP][PASSED] - try: null

2022-03-09 12:01:42 - [TEST_STEP][PASSED] - connection.connect(): null

2022-03-09 12:01:42 - [TEST_STEP][PASSED] - flag = connected: null

2022-03-09 12:01:42 - [TEST_STEP][PASSED] - println("Valor_ori: " + flag): null

2022-03-09 12:01:42 - [TEST_STEP][PASSED] - if (flag): null

2022-03-09 12:01:42 - [TEST_STEP][PASSED] - navigateToUrl(i): Navigate to 'http://192.168.2.80:8380/saraweb' successfully

2022-03-09 12:01:43 - [MESSAGE][PASSED] - Navigate to 'http://192.168.2.80:8380/saraweb' successfully

2022-03-09 12:01:43 - [TEST_STEP][PASSED] - a(): null

2022-03-09 12:01:43 - [TEST_STEP][PASSED] - setText(findTestObject("Login/input_USUARIO_loginusuario"), G_Usuario): Text 'saraadmin' is set on object 'Object Repository/Login/input_USUARIO_loginusuario'

2022-03-09 12:01:44 - [MESSAGE][PASSED] - Text 'saraadmin' is set on object 'Object Repository/Login/input_USUARIO_loginusuario'

2022-03-09 12:01:44 - [TEST_STEP][PASSED] - setEncryptedText(findTestObject("Login/input_CLAVE_loginpassword"), "MkG4/TYiCFC3cb2driP7+Q=="): Text ****** has been set on object 'Object Repository/Login/input_CLAVE_loginpassword'

2022-03-09 12:01:44 - [MESSAGE][PASSED] - Text ****** has been set on object 'Object Repository/Login/input_CLAVE_loginpassword'

2022-03-09 12:01:44 - [TEST_STEP][PASSED] - waitForElementClickable(findTestObject("Login/a_Ingresar"), G_TimeOut): Object 'Object Repository/Login/a_Ingresar' is clickable

2022-03-09 12:01:45 - [MESSAGE][PASSED] - Object 'Object Repository/Login/a_Ingresar' is clickable

2022-03-09 12:01:45 - [TEST_STEP][PASSED] - click(findTestObject("Login/a_Ingresar")): Object: 'Object Repository/Login/a_Ingresar' is clicked on

2022-03-09 12:01:48 - [MESSAGE][PASSED] - Object: 'Object Repository/Login/a_Ingresar' is clicked on

2022-03-09 12:01:48 - [TEST_STEP][PASSED] - element = findWebElement(findTestObject("Login/a_Ir"), 30): null

2022-03-09 12:01:49 - [TEST_STEP][PASSED] - executeJavaScript("arguments[0].click()", Arrays.asList(element)): Execute JavaScript 'arguments[0].click()' successfully

2022-03-09 12:01:49 - [MESSAGE][PASSED] - Execute JavaScript 'arguments[0].click()' successfully

2022-03-09 12:01:49 - [MESSAGE][PASSED] - Call Test Case 'Test Cases/0.1-Login' successfully

2022-03-09 12:01:49 - [TEST_STEP][PASSED] - waitForElementClickable(findTestObject("Modulo Tarea Actos Administrativos/Tarea Actos Administrativos/input_ADMINISTRADOR DEL SISTEMA"), G_TimeOut): Object 'Object Repository/Modulo Tarea Actos Administrativos/Tarea Actos Administrativos/input_ADMINISTRADOR DEL SISTEMA' is clickable

2022-03-09 12:01:50 - [MESSAGE][PASSED] - Object 'Object Repository/Modulo Tarea Actos Administrativos/Tarea Actos Administrativos/input_ADMINISTRADOR DEL SISTEMA' is clickable

2022-03-09 12:01:50 - [TEST_STEP][PASSED] - setText(findTestObject("Modulo Tarea Actos Administrativos/Tarea Actos Administrativos/input_ADMINISTRADOR DEL SISTEMA"), "Actos Administrativos"): Text 'Actos Administrativos' is set on object 'Object Repository/Modulo Tarea Actos Administrativos/Tarea Actos Administrativos/input_ADMINISTRADOR DEL SISTEMA'

2022-03-09 12:01:51 - [MESSAGE][PASSED] - Text 'Actos Administrativos' is set on object 'Object Repository/Modulo Tarea Actos Administrativos/Tarea Actos Administrativos/input_ADMINISTRADOR DEL SISTEMA'

2022-03-09 12:01:51 - [TEST_STEP][PASSED] - delay(3): Delayed 3 second(s)

2022-03-09 12:01:54 - [MESSAGE][PASSED] - Delayed 3 second(s)

2022-03-09 12:01:54 - [TEST_STEP][PASSED] - sendKeys(findTestObject("Modulo Tarea Actos Administrativos/Tarea Actos Administrativos/input_ADMINISTRADOR DEL SISTEMA"), Keys.chord(ENTER)): Keys 'ENTER + ' sent to object: 'Object Repository/Modulo Tarea Actos Administrativos/Tarea Actos Administrativos/input_ADMINISTRADOR DEL SISTEMA'

2022-03-09 12:01:55 - [MESSAGE][PASSED] - Keys 'ENTER + ' sent to object: 'Object Repository/Modulo Tarea Actos Administrativos/Tarea Actos Administrativos/input_ADMINISTRADOR DEL SISTEMA'

2022-03-09 12:01:55 - [MESSAGE][PASSED] - Call Test Case 'Test Cases/Utilidades-(atajos_para _tareas)/Tareas Actos Administrativos/Tarea Actos Administrativos' successfully

2022-03-09 12:01:55 - [TEST_STEP][PASSED] - waitForElementClickable(findTestObject("Modulo Tarea Actos Administrativos/Acto Cambio Empleado/i_Actos_glyphicons glyphicons-group"), G_TimeOut): Object 'Object Repository/Modulo Tarea Actos Administrativos/Acto Cambio Empleado/i_Actos_glyphicons glyphicons-group' is clickable

2022-03-09 12:01:56 - [MESSAGE][PASSED] - Object 'Object Repository/Modulo Tarea Actos Administrativos/Acto Cambio Empleado/i_Actos_glyphicons glyphicons-group' is clickable

2022-03-09 12:01:56 - [TEST_STEP][PASSED] - click(findTestObject("Modulo Tarea Actos Administrativos/Acto Cambio Empleado/i_Actos_glyphicons glyphicons-group")): Object: 'Object Repository/Modulo Tarea Actos Administrativos/Acto Cambio Empleado/i_Actos_glyphicons glyphicons-group' is clicked on

2022-03-09 12:01:57 - [MESSAGE][PASSED] - Object: 'Object Repository/Modulo Tarea Actos Administrativos/Acto Cambio Empleado/i_Actos_glyphicons glyphicons-group' is clicked on

2022-03-09 12:01:57 - [TEST_STEP][PASSED] - waitForElementClickable(findTestObject("Modulo Tarea Actos Administrativos/Acto Cambio Empleado/a_Acto cambio del Empleado_form"), G_TimeOut): Object 'Object Repository/Modulo Tarea Actos Administrativos/Acto Cambio Empleado/a_Acto cambio del Empleado_form' is clickable

2022-03-09 12:01:57 - [MESSAGE][PASSED] - Object 'Object Repository/Modulo Tarea Actos Administrativos/Acto Cambio Empleado/a_Acto cambio del Empleado_form' is clickable

2022-03-09 12:01:57 - [TEST_STEP][PASSED] - click(findTestObject("Modulo Tarea Actos Administrativos/Acto Cambio Empleado/a_Acto cambio del Empleado_form")): Object: 'Object Repository/Modulo Tarea Actos Administrativos/Acto Cambio Empleado/a_Acto cambio del Empleado_form' is clicked on

2022-03-09 12:01:58 - [MESSAGE][PASSED] - Object: 'Object Repository/Modulo Tarea Actos Administrativos/Acto Cambio Empleado/a_Acto cambio del Empleado_form' is clicked on

2022-03-09 12:01:58 - [TEST_STEP][PASSED] - waitForElementClickable(findTestObject("Modulo Tarea Actos Administrativos/Acto Cambio Empleado/span_Nomina"), G_TimeOut): Object 'Object Repository/Modulo Tarea Actos Administrativos/Acto Cambio Empleado/span_Nomina' is clickable

2022-03-09 12:01:58 - [MESSAGE][PASSED] - Object 'Object Repository/Modulo Tarea Actos Administrativos/Acto Cambio Empleado/span_Nomina' is clickable

2022-03-09 12:01:58 - [TEST_STEP][PASSED] - click(findTestObject("Modulo Tarea Actos Administrativos/Acto Cambio Empleado/span_Nomina")): Object: 'Object Repository/Modulo Tarea Actos Administrativos/Acto Cambio Empleado/span_Nomina' is clicked on

2022-03-09 12:01:59 - [MESSAGE][PASSED] - Object: 'Object Repository/Modulo Tarea Actos Administrativos/Acto Cambio Empleado/span_Nomina' is clicked on

2022-03-09 12:01:59 - [TEST_STEP][PASSED] - waitForElementClickable(findTestObject("Modulo Tarea Actos Administrativos/Acto Cambio Empleado/span_ingreso definitivo indefinido salario basico"), G_TimeOut): Object 'Object Repository/Modulo Tarea Actos Administrativos/Acto Cambio Empleado/span_ingreso definitivo indefinido salario basico' is clickable

2022-03-09 12:02:00 - [MESSAGE][PASSED] - Object 'Object Repository/Modulo Tarea Actos Administrativos/Acto Cambio Empleado/span_ingreso definitivo indefinido salario basico' is clickable

2022-03-09 12:02:00 - [TEST_STEP][PASSED] - click(findTestObject("Modulo Tarea Actos Administrativos/Acto Cambio Empleado/span_ingreso definitivo indefinido salario basico")): Object: 'Object Repository/Modulo Tarea Actos Administrativos/Acto Cambio Empleado/span_ingreso definitivo indefinido salario basico' is clicked on

2022-03-09 12:02:00 - [MESSAGE][PASSED] - Object: 'Object Repository/Modulo Tarea Actos Administrativos/Acto Cambio Empleado/span_ingreso definitivo indefinido salario basico' is clicked on

2022-03-09 12:02:00 - [TEST_STEP][PASSED] - waitForElementClickable(findTestObject("Modulo Tarea Actos Administrativos/Acto Cambio Empleado/a_Elaboracin_glyphicons glyphicons-chronicle x2"), G_TimeOut): Object 'Object Repository/Modulo Tarea Actos Administrativos/Acto Cambio Empleado/a_Elaboracin_glyphicons glyphicons-chronicle x2' is clickable

2022-03-09 12:02:01 - [MESSAGE][PASSED] - Object 'Object Repository/Modulo Tarea Actos Administrativos/Acto Cambio Empleado/a_Elaboracin_glyphicons glyphicons-chronicle x2' is clickable

2022-03-09 12:02:01 - [TEST_STEP][PASSED] - click(findTestObject("Modulo Tarea Actos Administrativos/Acto Cambio Empleado/a_Elaboracin_glyphicons glyphicons-chronicle x2")): Object: 'Object Repository/Modulo Tarea Actos Administrativos/Acto Cambio Empleado/a_Elaboracin_glyphicons glyphicons-chronicle x2' is clicked on

2022-03-09 12:02:01 - [MESSAGE][PASSED] - Object: 'Object Repository/Modulo Tarea Actos Administrativos/Acto Cambio Empleado/a_Elaboracin_glyphicons glyphicons-chronicle x2' is clicked on

2022-03-09 12:02:01 - [TEST_STEP][PASSED] - waitForElementClickable(findTestObject("Modulo Tarea Actos Administrativos/Acto Cambio Empleado/a_Identificacin_form_actoIngresoj_idt975"), G_TimeOut): Object 'Object Repository/Modulo Tarea Actos Administrativos/Acto Cambio Empleado/a_Identificacin_form_actoIngresoj_idt975' is clickable

2022-03-09 12:02:02 - [MESSAGE][PASSED] - Object 'Object Repository/Modulo Tarea Actos Administrativos/Acto Cambio Empleado/a_Identificacin_form_actoIngresoj_idt975' is clickable

2022-03-09 12:02:02 - [TEST_STEP][PASSED] - click(findTestObject("Modulo Tarea Actos Administrativos/Acto Cambio Empleado/a_Identificacin_form_actoIngresoj_idt975")): Object: 'Object Repository/Modulo Tarea Actos Administrativos/Acto Cambio Empleado/a_Identificacin_form_actoIngresoj_idt975' is clicked on

2022-03-09 12:02:02 - [MESSAGE][PASSED] - Object: 'Object Repository/Modulo Tarea Actos Administrativos/Acto Cambio Empleado/a_Identificacin_form_actoIngresoj_idt975' is clicked on

2022-03-09 12:02:02 - [TEST_STEP][PASSED] - setText(findTestObject("Modulo Tarea Actos Administrativos/Acto Cambio Empleado/input_Filtro Hoja de Vida_formPopupHojaVidaj_idt1696"), identificacion): Text '8262173' is set on object 'Object Repository/Modulo Tarea Actos Administrativos/Acto Cambio Empleado/input_Filtro Hoja de Vida_formPopupHojaVidaj_idt1696'

2022-03-09 12:02:04 - [MESSAGE][PASSED] - Text '8262173' is set on object 'Object Repository/Modulo Tarea Actos Administrativos/Acto Cambio Empleado/input_Filtro Hoja de Vida_formPopupHojaVidaj_idt1696'

2022-03-09 12:02:04 - [TEST_STEP][PASSED] - sendKeys(findTestObject("Modulo Tarea Actos Administrativos/Acto Cambio Empleado/input_Filtro Hoja de Vida_formPopupHojaVidaj_idt1696"), Keys.chord(ENTER)): Keys 'ENTER + ' sent to object: 'Object Repository/Modulo Tarea Actos Administrativos/Acto Cambio Empleado/input_Filtro Hoja de Vida_formPopupHojaVidaj_idt1696'

2022-03-09 12:02:04 - [MESSAGE][PASSED] - Keys 'ENTER + ' sent to object: 'Object Repository/Modulo Tarea Actos Administrativos/Acto Cambio Empleado/input_Filtro Hoja de Vida_formPopupHojaVidaj_idt1696'

2022-03-09 12:02:04 - [TEST_STEP][PASSED] - waitForElementClickable(findTestObject("Modulo Tarea Actos Administrativos/Acto Cambio Empleado/span_Consta Belfegord  Jhon5682169"), G_TimeOut): Object 'Object Repository/Modulo Tarea Actos Administrativos/Acto Cambio Empleado/span_Consta Belfegord  Jhon5682169' is clickable

2022-03-09 12:02:04 - [MESSAGE][PASSED] - Object 'Object Repository/Modulo Tarea Actos Administrativos/Acto Cambio Empleado/span_Consta Belfegord  Jhon5682169' is clickable

2022-03-09 12:02:04 - [TEST_STEP][PASSED] - click(findTestObject("Modulo Tarea Actos Administrativos/Acto Cambio Empleado/span_Consta Belfegord  Jhon5682169")): Object: 'Object Repository/Modulo Tarea Actos Administrativos/Acto Cambio Empleado/span_Consta Belfegord  Jhon5682169' is clicked on

2022-03-09 12:02:05 - [MESSAGE][PASSED] - Object: 'Object Repository/Modulo Tarea Actos Administrativos/Acto Cambio Empleado/span_Consta Belfegord  Jhon5682169' is clicked on

2022-03-09 12:02:05 - [TEST_STEP][PASSED] - waitForElementClickable(findTestObject("Modulo Tarea Actos Administrativos/Acto Cambio Empleado/a_Continuar"), G_TimeOut): Object 'Object Repository/Modulo Tarea Actos Administrativos/Acto Cambio Empleado/a_Continuar' is clickable

2022-03-09 12:02:06 - [MESSAGE][PASSED] - Object 'Object Repository/Modulo Tarea Actos Administrativos/Acto Cambio Empleado/a_Continuar' is clickable

2022-03-09 12:02:06 - [TEST_STEP][PASSED] - click(findTestObject("Modulo Tarea Actos Administrativos/Acto Cambio Empleado/a_Continuar")): Object: 'Object Repository/Modulo Tarea Actos Administrativos/Acto Cambio Empleado/a_Continuar' is clicked on

2022-03-09 12:02:06 - [MESSAGE][PASSED] - Object: 'Object Repository/Modulo Tarea Actos Administrativos/Acto Cambio Empleado/a_Continuar' is clicked on

2022-03-09 12:02:06 - [TEST_STEP][PASSED] - return identificacion: null

2022-03-09 12:02:06 - [MESSAGE][PASSED] - Call Test Case 'Test Cases/Utilidades-(atajos_para _tareas)/Tareas Actos Administrativos/Acto Cambio del Empleado' successfully

2022-03-09 12:02:06 - [TEST_STEP][PASSED] - setText(findTestObject("Modulo Tarea Actos Administrativos/Elaboracion Acto Cambio de Empleado/input__form_actoIngresoj_idt10120fecha_input"), "01/12/2018"): Text '01/12/2018' is set on object 'Object Repository/Modulo Tarea Actos Administrativos/Elaboracion Acto Cambio de Empleado/input__form_actoIngresoj_idt10120fecha_input'

2022-03-09 12:02:10 - [MESSAGE][PASSED] - Text '01/12/2018' is set on object 'Object Repository/Modulo Tarea Actos Administrativos/Elaboracion Acto Cambio de Empleado/input__form_actoIngresoj_idt10120fecha_input'

2022-03-09 12:02:10 - [TEST_STEP][PASSED] - sendKeys(findTestObject("Modulo Tarea Actos Administrativos/Elaboracion Acto Cambio de Empleado/input__form_actoIngresoj_idt10120fecha_input"), Keys.chord(ENTER)): Keys 'ENTER + ' sent to object: 'Object Repository/Modulo Tarea Actos Administrativos/Elaboracion Acto Cambio de Empleado/input__form_actoIngresoj_idt10120fecha_input'

2022-03-09 12:02:10 - [MESSAGE][PASSED] - Keys 'ENTER + ' sent to object: 'Object Repository/Modulo Tarea Actos Administrativos/Elaboracion Acto Cambio de Empleado/input__form_actoIngresoj_idt10120fecha_input'

2022-03-09 12:02:10 - [TEST_STEP][PASSED] - setText(findTestObject("Modulo Tarea Actos Administrativos/Elaboracion Acto Cambio de Empleado/input__form_actoIngresoj_idt10121fecha_input"), "01/12/2018"): Text '01/12/2018' is set on object 'Object Repository/Modulo Tarea Actos Administrativos/Elaboracion Acto Cambio de Empleado/input__form_actoIngresoj_idt10121fecha_input'

2022-03-09 12:02:12 - [MESSAGE][PASSED] - Text '01/12/2018' is set on object 'Object Repository/Modulo Tarea Actos Administrativos/Elaboracion Acto Cambio de Empleado/input__form_actoIngresoj_idt10121fecha_input'

2022-03-09 12:02:12 - [TEST_STEP][PASSED] - sendKeys(findTestObject("Modulo Tarea Actos Administrativos/Elaboracion Acto Cambio de Empleado/input__form_actoIngresoj_idt10121fecha_input"), Keys.chord(ENTER)): Keys 'ENTER + ' sent to object: 'Object Repository/Modulo Tarea Actos Administrativos/Elaboracion Acto Cambio de Empleado/input__form_actoIngresoj_idt10121fecha_input'

2022-03-09 12:02:12 - [MESSAGE][PASSED] - Keys 'ENTER + ' sent to object: 'Object Repository/Modulo Tarea Actos Administrativos/Elaboracion Acto Cambio de Empleado/input__form_actoIngresoj_idt10121fecha_input'

2022-03-09 12:02:12 - [TEST_STEP][PASSED] - waitForElementClickable(findTestObject("Modulo Tarea Actos Administrativos/Elaboracion Acto Cambio de Empleado/span_Motivo ingreso"), G_TimeOut): Object 'Object Repository/Modulo Tarea Actos Administrativos/Elaboracion Acto Cambio de Empleado/span_Motivo ingreso' is clickable

2022-03-09 12:02:13 - [MESSAGE][PASSED] - Object 'Object Repository/Modulo Tarea Actos Administrativos/Elaboracion Acto Cambio de Empleado/span_Motivo ingreso' is clickable

2022-03-09 12:02:13 - [TEST_STEP][PASSED] - click(findTestObject("Modulo Tarea Actos Administrativos/Elaboracion Acto Cambio de Empleado/span_Motivo ingreso")): Object: 'Object Repository/Modulo Tarea Actos Administrativos/Elaboracion Acto Cambio de Empleado/span_Motivo ingreso' is clicked on

2022-03-09 12:02:13 - [MESSAGE][PASSED] - Object: 'Object Repository/Modulo Tarea Actos Administrativos/Elaboracion Acto Cambio de Empleado/span_Motivo ingreso' is clicked on

2022-03-09 12:02:13 - [TEST_STEP][PASSED] - selectOptionByIndex(findTestObject("Modulo Tarea Actos Administrativos/Elaboracion Acto Cambio de Empleado/select_10 - Ingreso Puesto Nuevo"), "1"): All options with index in [1] are selected on object 'Object Repository/Modulo Tarea Actos Administrativos/Elaboracion Acto Cambio de Empleado/select_10 - Ingreso Puesto Nuevo'

2022-03-09 12:02:14 - [MESSAGE][PASSED] - All options with index in [1] are selected on object 'Object Repository/Modulo Tarea Actos Administrativos/Elaboracion Acto Cambio de Empleado/select_10 - Ingreso Puesto Nuevo'

2022-03-09 12:02:14 - [TEST_STEP][PASSED] - selectOptionByIndex(findTestObject("Modulo Tarea Actos Administrativos/Elaboracion Acto Cambio de Empleado/select_DIAZ BLANCO GUISELL"), "1"): All options with index in [1] are selected on object 'Object Repository/Modulo Tarea Actos Administrativos/Elaboracion Acto Cambio de Empleado/select_DIAZ BLANCO GUISELL'

2022-03-09 12:02:15 - [MESSAGE][PASSED] - All options with index in [1] are selected on object 'Object Repository/Modulo Tarea Actos Administrativos/Elaboracion Acto Cambio de Empleado/select_DIAZ BLANCO GUISELL'

2022-03-09 12:02:15 - [TEST_STEP][PASSED] - setText(findTestObject("Modulo Tarea Actos Administrativos/Elaboracion Acto Cambio de Empleado/textarea__form_actoIngresoj_idt10124j_idt1025"), "Magister en derecho penal"): Text 'Magister en derecho penal' is set on object 'Object Repository/Modulo Tarea Actos Administrativos/Elaboracion Acto Cambio de Empleado/textarea__form_actoIngresoj_idt10124j_idt1025'

2022-03-09 12:02:16 - [MESSAGE][PASSED] - Text 'Magister en derecho penal' is set on object 'Object Repository/Modulo Tarea Actos Administrativos/Elaboracion Acto Cambio de Empleado/textarea__form_actoIngresoj_idt10124j_idt1025'

2022-03-09 12:02:16 - [TEST_STEP][PASSED] - selectOptionByIndex(findTestObject("Modulo Tarea Actos Administrativos/Elaboracion Acto Cambio de Empleado/select_-- Seleccione --1 Actualizacin"), "2"): All options with index in [2] are selected on object 'Object Repository/Modulo Tarea Actos Administrativos/Elaboracion Acto Cambio de Empleado/select_-- Seleccione --1 Actualizacin'

2022-03-09 12:02:17 - [MESSAGE][PASSED] - All options with index in [2] are selected on object 'Object Repository/Modulo Tarea Actos Administrativos/Elaboracion Acto Cambio de Empleado/select_-- Seleccione --1 Actualizacin'

2022-03-09 12:02:17 - [TEST_STEP][PASSED] - setText(findTestObject("Modulo Tarea Actos Administrativos/Elaboracion Acto Cambio de Empleado/input__form_actoIngresoj_idt10126j_idt1022"), "AAAAAA"): Text 'AAAAAA' is set on object 'Object Repository/Modulo Tarea Actos Administrativos/Elaboracion Acto Cambio de Empleado/input__form_actoIngresoj_idt10126j_idt1022'

2022-03-09 12:02:18 - [MESSAGE][PASSED] - Text 'AAAAAA' is set on object 'Object Repository/Modulo Tarea Actos Administrativos/Elaboracion Acto Cambio de Empleado/input__form_actoIngresoj_idt10126j_idt1022'

2022-03-09 12:02:18 - [TEST_STEP][PASSED] - waitForElementClickable(findTestObject("Modulo Tarea Actos Administrativos/Elaboracion Acto Cambio de Empleado/a__form_actoIngresoj_idt10127j_idt1042"), G_TimeOut): Object 'Object Repository/Modulo Tarea Actos Administrativos/Elaboracion Acto Cambio de Empleado/a__form_actoIngresoj_idt10127j_idt1042' is clickable

2022-03-09 12:02:19 - [MESSAGE][PASSED] - Object 'Object Repository/Modulo Tarea Actos Administrativos/Elaboracion Acto Cambio de Empleado/a__form_actoIngresoj_idt10127j_idt1042' is clickable

2022-03-09 12:02:19 - [TEST_STEP][PASSED] - click(findTestObject("Modulo Tarea Actos Administrativos/Elaboracion Acto Cambio de Empleado/a__form_actoIngresoj_idt10127j_idt1042")): Object: 'Object Repository/Modulo Tarea Actos Administrativos/Elaboracion Acto Cambio de Empleado/a__form_actoIngresoj_idt10127j_idt1042' is clicked on

2022-03-09 12:02:19 - [MESSAGE][PASSED] - Object: 'Object Repository/Modulo Tarea Actos Administrativos/Elaboracion Acto Cambio de Empleado/a__form_actoIngresoj_idt10127j_idt1042' is clicked on

2022-03-09 12:02:19 - [TEST_STEP][PASSED] - setText(findTestObject("Modulo Tarea Actos Administrativos/Elaboracion Acto Cambio de Empleado/input_Unidad_form_actoIngresoj_idt1334"), "1"): Text '1' is set on object 'Object Repository/Modulo Tarea Actos Administrativos/Elaboracion Acto Cambio de Empleado/input_Unidad_form_actoIngresoj_idt1334'

2022-03-09 12:02:20 - [MESSAGE][PASSED] - Text '1' is set on object 'Object Repository/Modulo Tarea Actos Administrativos/Elaboracion Acto Cambio de Empleado/input_Unidad_form_actoIngresoj_idt1334'

2022-03-09 12:02:20 - [TEST_STEP][PASSED] - sendKeys(findTestObject("Modulo Tarea Actos Administrativos/Elaboracion Acto Cambio de Empleado/input_Unidad_form_actoIngresoj_idt1334"), Keys.chord(ENTER)): Keys 'ENTER + ' sent to object: 'Object Repository/Modulo Tarea Actos Administrativos/Elaboracion Acto Cambio de Empleado/input_Unidad_form_actoIngresoj_idt1334'

2022-03-09 12:02:21 - [MESSAGE][PASSED] - Keys 'ENTER + ' sent to object: 'Object Repository/Modulo Tarea Actos Administrativos/Elaboracion Acto Cambio de Empleado/input_Unidad_form_actoIngresoj_idt1334'

2022-03-09 12:02:21 - [TEST_STEP][PASSED] - waitForElementClickable(findTestObject("Modulo Tarea Actos Administrativos/Elaboracion Acto Cambio de Empleado/span_ADMINISTRACION"), G_TimeOut): Object 'Object Repository/Modulo Tarea Actos Administrativos/Elaboracion Acto Cambio de Empleado/span_ADMINISTRACION' is clickable

2022-03-09 12:02:21 - [MESSAGE][PASSED] - Object 'Object Repository/Modulo Tarea Actos Administrativos/Elaboracion Acto Cambio de Empleado/span_ADMINISTRACION' is clickable

2022-03-09 12:02:21 - [TEST_STEP][PASSED] - click(findTestObject("Modulo Tarea Actos Administrativos/Elaboracion Acto Cambio de Empleado/span_ADMINISTRACION")): Object: 'Object Repository/Modulo Tarea Actos Administrativos/Elaboracion Acto Cambio de Empleado/span_ADMINISTRACION' is clicked on

2022-03-09 12:02:22 - [MESSAGE][PASSED] - Object: 'Object Repository/Modulo Tarea Actos Administrativos/Elaboracion Acto Cambio de Empleado/span_ADMINISTRACION' is clicked on

2022-03-09 12:02:22 - [TEST_STEP][PASSED] - waitForElementClickable(findTestObject("Modulo Tarea Actos Administrativos/Elaboracion Acto Cambio de Empleado/a__form_actoIngresoj_idt10128j_idt1042"), G_TimeOut): Object 'Object Repository/Modulo Tarea Actos Administrativos/Elaboracion Acto Cambio de Empleado/a__form_actoIngresoj_idt10128j_idt1042' is clickable

2022-03-09 12:02:23 - [MESSAGE][PASSED] - Object 'Object Repository/Modulo Tarea Actos Administrativos/Elaboracion Acto Cambio de Empleado/a__form_actoIngresoj_idt10128j_idt1042' is clickable

2022-03-09 12:02:23 - [TEST_STEP][PASSED] - click(findTestObject("Modulo Tarea Actos Administrativos/Elaboracion Acto Cambio de Empleado/a__form_actoIngresoj_idt10128j_idt1042")): Object: 'Object Repository/Modulo Tarea Actos Administrativos/Elaboracion Acto Cambio de Empleado/a__form_actoIngresoj_idt10128j_idt1042' is clicked on

2022-03-09 12:02:23 - [MESSAGE][PASSED] - Object: 'Object Repository/Modulo Tarea Actos Administrativos/Elaboracion Acto Cambio de Empleado/a__form_actoIngresoj_idt10128j_idt1042' is clicked on

2022-03-09 12:02:23 - [TEST_STEP][PASSED] - waitForElementClickable(findTestObject("Modulo Tarea Actos Administrativos/Elaboracion Acto Cambio de Empleado/span_ABOGADO"), 0): Object 'Object Repository/Modulo Tarea Actos Administrativos/Elaboracion Acto Cambio de Empleado/span_ABOGADO' is clickable

2022-03-09 12:02:23 - [MESSAGE][WARNING] - Timeout '0' is invalid. Using default page load timeout: '30'

2022-03-09 12:02:24 - [MESSAGE][PASSED] - Object 'Object Repository/Modulo Tarea Actos Administrativos/Elaboracion Acto Cambio de Empleado/span_ABOGADO' is clickable

2022-03-09 12:02:24 - [TEST_STEP][PASSED] - click(findTestObject("Modulo Tarea Actos Administrativos/Elaboracion Acto Cambio de Empleado/span_ABOGADO")): Object: 'Object Repository/Modulo Tarea Actos Administrativos/Elaboracion Acto Cambio de Empleado/span_ABOGADO' is clicked on

2022-03-09 12:02:24 - [MESSAGE][PASSED] - Object: 'Object Repository/Modulo Tarea Actos Administrativos/Elaboracion Acto Cambio de Empleado/span_ABOGADO' is clicked on

2022-03-09 12:02:24 - [TEST_STEP][PASSED] - setText(findTestObject("Modulo Tarea Actos Administrativos/Elaboracion Acto Cambio de Empleado/input_VALOR4_form_actoIngresoj_idt10129j_idt1028"), "3"): Text '3' is set on object 'Object Repository/Modulo Tarea Actos Administrativos/Elaboracion Acto Cambio de Empleado/input_VALOR4_form_actoIngresoj_idt10129j_idt1028'

2022-03-09 12:02:26 - [MESSAGE][PASSED] - Text '3' is set on object 'Object Repository/Modulo Tarea Actos Administrativos/Elaboracion Acto Cambio de Empleado/input_VALOR4_form_actoIngresoj_idt10129j_idt1028'

2022-03-09 12:02:26 - [TEST_STEP][PASSED] - waitForElementClickable(findTestObject("Modulo Tarea Actos Administrativos/Elaboracion Acto Cambio de Empleado/span_ENTIDAD DE SALUD"), G_TimeOut): Object 'Object Repository/Modulo Tarea Actos Administrativos/Elaboracion Acto Cambio de Empleado/span_ENTIDAD DE SALUD' is clickable

2022-03-09 12:02:26 - [MESSAGE][PASSED] - Object 'Object Repository/Modulo Tarea Actos Administrativos/Elaboracion Acto Cambio de Empleado/span_ENTIDAD DE SALUD' is clickable

2022-03-09 12:02:26 - [TEST_STEP][PASSED] - click(findTestObject("Modulo Tarea Actos Administrativos/Elaboracion Acto Cambio de Empleado/span_ENTIDAD DE SALUD")): Object: 'Object Repository/Modulo Tarea Actos Administrativos/Elaboracion Acto Cambio de Empleado/span_ENTIDAD DE SALUD' is clicked on

2022-03-09 12:02:27 - [MESSAGE][PASSED] - Object: 'Object Repository/Modulo Tarea Actos Administrativos/Elaboracion Acto Cambio de Empleado/span_ENTIDAD DE SALUD' is clicked on

2022-03-09 12:02:27 - [TEST_STEP][PASSED] - waitForElementClickable(findTestObject("Modulo Tarea Actos Administrativos/Elaboracion Acto Cambio de Empleado/span_Eps - Aliansalud Eps"), G_TimeOut): Object 'Object Repository/Modulo Tarea Actos Administrativos/Elaboracion Acto Cambio de Empleado/span_Eps - Aliansalud Eps' is clickable

2022-03-09 12:02:27 - [MESSAGE][PASSED] - Object 'Object Repository/Modulo Tarea Actos Administrativos/Elaboracion Acto Cambio de Empleado/span_Eps - Aliansalud Eps' is clickable

2022-03-09 12:02:27 - [TEST_STEP][PASSED] - click(findTestObject("Modulo Tarea Actos Administrativos/Elaboracion Acto Cambio de Empleado/span_Eps - Aliansalud Eps")): Object: 'Object Repository/Modulo Tarea Actos Administrativos/Elaboracion Acto Cambio de Empleado/span_Eps - Aliansalud Eps' is clicked on

2022-03-09 12:02:28 - [MESSAGE][PASSED] - Object: 'Object Repository/Modulo Tarea Actos Administrativos/Elaboracion Acto Cambio de Empleado/span_Eps - Aliansalud Eps' is clicked on

2022-03-09 12:02:28 - [TEST_STEP][PASSED] - waitForElementClickable(findTestObject("Modulo Tarea Actos Administrativos/Elaboracion Acto Cambio de Empleado/span_FONDO DE PENSIONES"), G_TimeOut): Object 'Object Repository/Modulo Tarea Actos Administrativos/Elaboracion Acto Cambio de Empleado/span_FONDO DE PENSIONES' is clickable

2022-03-09 12:02:29 - [MESSAGE][PASSED] - Object 'Object Repository/Modulo Tarea Actos Administrativos/Elaboracion Acto Cambio de Empleado/span_FONDO DE PENSIONES' is clickable

2022-03-09 12:02:29 - [TEST_STEP][PASSED] - click(findTestObject("Modulo Tarea Actos Administrativos/Elaboracion Acto Cambio de Empleado/span_FONDO DE PENSIONES")): Object: 'Object Repository/Modulo Tarea Actos Administrativos/Elaboracion Acto Cambio de Empleado/span_FONDO DE PENSIONES' is clicked on

2022-03-09 12:02:30 - [MESSAGE][PASSED] - Object: 'Object Repository/Modulo Tarea Actos Administrativos/Elaboracion Acto Cambio de Empleado/span_FONDO DE PENSIONES' is clicked on

2022-03-09 12:02:30 - [TEST_STEP][PASSED] - waitForElementClickable(findTestObject("Modulo Tarea Actos Administrativos/Elaboracion Acto Cambio de Empleado/span_Afp - Colfondos"), G_TimeOut): Object 'Object Repository/Modulo Tarea Actos Administrativos/Elaboracion Acto Cambio de Empleado/span_Afp - Colfondos' is clickable

2022-03-09 12:02:31 - [MESSAGE][PASSED] - Object 'Object Repository/Modulo Tarea Actos Administrativos/Elaboracion Acto Cambio de Empleado/span_Afp - Colfondos' is clickable

2022-03-09 12:02:31 - [TEST_STEP][PASSED] - click(findTestObject("Modulo Tarea Actos Administrativos/Elaboracion Acto Cambio de Empleado/span_Afp - Colfondos")): Object: 'Object Repository/Modulo Tarea Actos Administrativos/Elaboracion Acto Cambio de Empleado/span_Afp - Colfondos' is clicked on

2022-03-09 12:02:32 - [MESSAGE][PASSED] - Object: 'Object Repository/Modulo Tarea Actos Administrativos/Elaboracion Acto Cambio de Empleado/span_Afp - Colfondos' is clicked on

2022-03-09 12:02:32 - [TEST_STEP][PASSED] - waitForElementClickable(findTestObject("Modulo Tarea Actos Administrativos/Elaboracion Acto Cambio de Empleado/span_ASEG RIESGOS PROFESIONALES"), G_TimeOut): Object 'Object Repository/Modulo Tarea Actos Administrativos/Elaboracion Acto Cambio de Empleado/span_ASEG RIESGOS PROFESIONALES' is clickable

2022-03-09 12:02:33 - [MESSAGE][PASSED] - Object 'Object Repository/Modulo Tarea Actos Administrativos/Elaboracion Acto Cambio de Empleado/span_ASEG RIESGOS PROFESIONALES' is clickable

2022-03-09 12:02:33 - [TEST_STEP][PASSED] - click(findTestObject("Modulo Tarea Actos Administrativos/Elaboracion Acto Cambio de Empleado/span_ASEG RIESGOS PROFESIONALES")): Object: 'Object Repository/Modulo Tarea Actos Administrativos/Elaboracion Acto Cambio de Empleado/span_ASEG RIESGOS PROFESIONALES' is clicked on

2022-03-09 12:02:33 - [MESSAGE][PASSED] - Object: 'Object Repository/Modulo Tarea Actos Administrativos/Elaboracion Acto Cambio de Empleado/span_ASEG RIESGOS PROFESIONALES' is clicked on

2022-03-09 12:02:33 - [TEST_STEP][PASSED] - waitForElementClickable(findTestObject("Modulo Tarea Actos Administrativos/Elaboracion Acto Cambio de Empleado/span_Arl - Seguros Bolivar"), G_TimeOut): Object 'Object Repository/Modulo Tarea Actos Administrativos/Elaboracion Acto Cambio de Empleado/span_Arl - Seguros Bolivar' is clickable

2022-03-09 12:02:34 - [MESSAGE][PASSED] - Object 'Object Repository/Modulo Tarea Actos Administrativos/Elaboracion Acto Cambio de Empleado/span_Arl - Seguros Bolivar' is clickable

2022-03-09 12:02:34 - [TEST_STEP][PASSED] - click(findTestObject("Modulo Tarea Actos Administrativos/Elaboracion Acto Cambio de Empleado/span_Arl - Seguros Bolivar")): Object: 'Object Repository/Modulo Tarea Actos Administrativos/Elaboracion Acto Cambio de Empleado/span_Arl - Seguros Bolivar' is clicked on

2022-03-09 12:02:35 - [MESSAGE][PASSED] - Object: 'Object Repository/Modulo Tarea Actos Administrativos/Elaboracion Acto Cambio de Empleado/span_Arl - Seguros Bolivar' is clicked on

2022-03-09 12:02:35 - [TEST_STEP][PASSED] - waitForElementClickable(findTestObject("Modulo Tarea Actos Administrativos/Elaboracion Acto Cambio de Empleado/span_FONDO DE CESANTIAS"), G_TimeOut): Object 'Object Repository/Modulo Tarea Actos Administrativos/Elaboracion Acto Cambio de Empleado/span_FONDO DE CESANTIAS' is clickable

2022-03-09 12:02:35 - [MESSAGE][PASSED] - Object 'Object Repository/Modulo Tarea Actos Administrativos/Elaboracion Acto Cambio de Empleado/span_FONDO DE CESANTIAS' is clickable

2022-03-09 12:02:35 - [TEST_STEP][PASSED] - click(findTestObject("Modulo Tarea Actos Administrativos/Elaboracion Acto Cambio de Empleado/span_FONDO DE CESANTIAS")): Object: 'Object Repository/Modulo Tarea Actos Administrativos/Elaboracion Acto Cambio de Empleado/span_FONDO DE CESANTIAS' is clicked on

2022-03-09 12:02:36 - [MESSAGE][PASSED] - Object: 'Object Repository/Modulo Tarea Actos Administrativos/Elaboracion Acto Cambio de Empleado/span_FONDO DE CESANTIAS' is clicked on

2022-03-09 12:02:36 - [TEST_STEP][PASSED] - waitForElementClickable(findTestObject("Modulo Tarea Actos Administrativos/Elaboracion Acto Cambio de Empleado/span_Fc - Colfondos"), G_TimeOut): Object 'Object Repository/Modulo Tarea Actos Administrativos/Elaboracion Acto Cambio de Empleado/span_Fc - Colfondos' is clickable

2022-03-09 12:02:37 - [MESSAGE][PASSED] - Object 'Object Repository/Modulo Tarea Actos Administrativos/Elaboracion Acto Cambio de Empleado/span_Fc - Colfondos' is clickable

2022-03-09 12:02:37 - [TEST_STEP][PASSED] - click(findTestObject("Modulo Tarea Actos Administrativos/Elaboracion Acto Cambio de Empleado/span_Fc - Colfondos")): Object: 'Object Repository/Modulo Tarea Actos Administrativos/Elaboracion Acto Cambio de Empleado/span_Fc - Colfondos' is clicked on

2022-03-09 12:02:37 - [MESSAGE][PASSED] - Object: 'Object Repository/Modulo Tarea Actos Administrativos/Elaboracion Acto Cambio de Empleado/span_Fc - Colfondos' is clicked on

2022-03-09 12:02:37 - [TEST_STEP][PASSED] - click(findTestObject("Modulo Tarea Actos Administrativos/Elaboracion Acto Cambio de Empleado/span_PAGO DE NOMINA")): Object: 'Object Repository/Modulo Tarea Actos Administrativos/Elaboracion Acto Cambio de Empleado/span_PAGO DE NOMINA' is clicked on

2022-03-09 12:02:38 - [MESSAGE][PASSED] - Object: 'Object Repository/Modulo Tarea Actos Administrativos/Elaboracion Acto Cambio de Empleado/span_PAGO DE NOMINA' is clicked on

2022-03-09 12:02:38 - [TEST_STEP][PASSED] - click(findTestObject("Modulo Tarea Actos Administrativos/Elaboracion Acto Cambio de Empleado/a_Sucursal_entidadempleado_formtabj_idt1219")): Object: 'Object Repository/Modulo Tarea Actos Administrativos/Elaboracion Acto Cambio de Empleado/a_Sucursal_entidadempleado_formtabj_idt1219' is clicked on

2022-03-09 12:02:39 - [MESSAGE][PASSED] - Object: 'Object Repository/Modulo Tarea Actos Administrativos/Elaboracion Acto Cambio de Empleado/a_Sucursal_entidadempleado_formtabj_idt1219' is clicked on

2022-03-09 12:02:39 - [TEST_STEP][PASSED] - click(findTestObject("Modulo Tarea Actos Administrativos/Elaboracion Acto Cambio de Empleado/span_Ccf - Cafam")): Object: 'Object Repository/Modulo Tarea Actos Administrativos/Elaboracion Acto Cambio de Empleado/span_Ccf - Cafam' is clicked on

2022-03-09 12:02:40 - [MESSAGE][PASSED] - Object: 'Object Repository/Modulo Tarea Actos Administrativos/Elaboracion Acto Cambio de Empleado/span_Ccf - Cafam' is clicked on

2022-03-09 12:02:40 - [TEST_STEP][PASSED] - selectOptionByIndex(findTestObject("Modulo Tarea Actos Administrativos/Elaboracion Acto Cambio de Empleado/select_--Seleccione--003 Familia Popayan"), 2): All options with index in [2] are selected on object 'Object Repository/Modulo Tarea Actos Administrativos/Elaboracion Acto Cambio de Empleado/select_--Seleccione--003 Familia Popayan'

2022-03-09 12:02:41 - [MESSAGE][PASSED] - All options with index in [2] are selected on object 'Object Repository/Modulo Tarea Actos Administrativos/Elaboracion Acto Cambio de Empleado/select_--Seleccione--003 Familia Popayan'

2022-03-09 12:02:41 - [TEST_STEP][PASSED] - setText(findTestObject("Modulo Tarea Actos Administrativos/Elaboracion Acto Cambio de Empleado/input_Cuenta_entidadempleado_formtabtablaCampos0referencia"), "12345678910"): Text '12345678910' is set on object 'Object Repository/Modulo Tarea Actos Administrativos/Elaboracion Acto Cambio de Empleado/input_Cuenta_entidadempleado_formtabtablaCampos0referencia'

2022-03-09 12:02:42 - [MESSAGE][PASSED] - Text '12345678910' is set on object 'Object Repository/Modulo Tarea Actos Administrativos/Elaboracion Acto Cambio de Empleado/input_Cuenta_entidadempleado_formtabtablaCampos0referencia'

2022-03-09 12:02:42 - [TEST_STEP][PASSED] - setText(findTestObject("Modulo Tarea Actos Administrativos/Elaboracion Acto Cambio de Empleado/input_Bco Destino_entidadempleado_formtabtablaCampos1valor"), "5"): Text '5' is set on object 'Object Repository/Modulo Tarea Actos Administrativos/Elaboracion Acto Cambio de Empleado/input_Bco Destino_entidadempleado_formtabtablaCampos1valor'

2022-03-09 12:02:43 - [MESSAGE][PASSED] - Text '5' is set on object 'Object Repository/Modulo Tarea Actos Administrativos/Elaboracion Acto Cambio de Empleado/input_Bco Destino_entidadempleado_formtabtablaCampos1valor'

2022-03-09 12:02:43 - [TEST_STEP][PASSED] - setText(findTestObject("Modulo Tarea Actos Administrativos/Elaboracion Acto Cambio de Empleado/input_Tipo de cuenta_entidadempleado_formtabtablaCampos2sucReferencia"), "corriente"): Text 'corriente' is set on object 'Object Repository/Modulo Tarea Actos Administrativos/Elaboracion Acto Cambio de Empleado/input_Tipo de cuenta_entidadempleado_formtabtablaCampos2sucReferencia'

2022-03-09 12:02:44 - [MESSAGE][PASSED] - Text 'corriente' is set on object 'Object Repository/Modulo Tarea Actos Administrativos/Elaboracion Acto Cambio de Empleado/input_Tipo de cuenta_entidadempleado_formtabtablaCampos2sucReferencia'

2022-03-09 12:02:44 - [TEST_STEP][PASSED] - setText(findTestObject("Modulo Tarea Actos Administrativos/Elaboracion Acto Cambio de Empleado/input_Tipo Cuenta 1ahorro 2 corr_entidadempleado_formtabtablaCampos4tipo"), "1"): Text '1' is set on object 'Object Repository/Modulo Tarea Actos Administrativos/Elaboracion Acto Cambio de Empleado/input_Tipo Cuenta 1ahorro 2 corr_entidadempleado_formtabtablaCampos4tipo'

2022-03-09 12:02:44 - [MESSAGE][PASSED] - Text '1' is set on object 'Object Repository/Modulo Tarea Actos Administrativos/Elaboracion Acto Cambio de Empleado/input_Tipo Cuenta 1ahorro 2 corr_entidadempleado_formtabtablaCampos4tipo'

2022-03-09 12:02:44 - [TEST_STEP][PASSED] - click(findTestObject("Modulo Tarea Actos Administrativos/Elaboracion Acto Cambio de Empleado/a_Aplicar2")): Object: 'Object Repository/Modulo Tarea Actos Administrativos/Elaboracion Acto Cambio de Empleado/a_Aplicar2' is clicked on

2022-03-09 12:02:45 - [MESSAGE][PASSED] - Object: 'Object Repository/Modulo Tarea Actos Administrativos/Elaboracion Acto Cambio de Empleado/a_Aplicar2' is clicked on

2022-03-09 12:02:45 - [TEST_STEP][PASSED] - waitForElementClickable(findTestObject("Modulo Tarea Actos Administrativos/Elaboracion Acto Cambio de Empleado/span_CAJA DE COMPENSACION"), G_TimeOut): Object 'Object Repository/Modulo Tarea Actos Administrativos/Elaboracion Acto Cambio de Empleado/span_CAJA DE COMPENSACION' is clickable

2022-03-09 12:02:45 - [MESSAGE][PASSED] - Object 'Object Repository/Modulo Tarea Actos Administrativos/Elaboracion Acto Cambio de Empleado/span_CAJA DE COMPENSACION' is clickable

2022-03-09 12:02:45 - [TEST_STEP][PASSED] - click(findTestObject("Modulo Tarea Actos Administrativos/Elaboracion Acto Cambio de Empleado/span_CAJA DE COMPENSACION")): Object: 'Object Repository/Modulo Tarea Actos Administrativos/Elaboracion Acto Cambio de Empleado/span_CAJA DE COMPENSACION' is clicked on

2022-03-09 12:02:46 - [MESSAGE][PASSED] - Object: 'Object Repository/Modulo Tarea Actos Administrativos/Elaboracion Acto Cambio de Empleado/span_CAJA DE COMPENSACION' is clicked on

2022-03-09 12:02:46 - [TEST_STEP][PASSED] - waitForElementClickable(findTestObject("Modulo Tarea Actos Administrativos/Elaboracion Acto Cambio de Empleado/span_Ccf - Compensar"), G_TimeOut): Object 'Object Repository/Modulo Tarea Actos Administrativos/Elaboracion Acto Cambio de Empleado/span_Ccf - Compensar' is clickable

2022-03-09 12:02:48 - [MESSAGE][PASSED] - Object 'Object Repository/Modulo Tarea Actos Administrativos/Elaboracion Acto Cambio de Empleado/span_Ccf - Compensar' is clickable

2022-03-09 12:02:48 - [TEST_STEP][PASSED] - click(findTestObject("Modulo Tarea Actos Administrativos/Elaboracion Acto Cambio de Empleado/span_Ccf - Compensar")): Object: 'Object Repository/Modulo Tarea Actos Administrativos/Elaboracion Acto Cambio de Empleado/span_Ccf - Compensar' is clicked on

2022-03-09 12:02:48 - [MESSAGE][PASSED] - Object: 'Object Repository/Modulo Tarea Actos Administrativos/Elaboracion Acto Cambio de Empleado/span_Ccf - Compensar' is clicked on

2022-03-09 12:02:48 - [TEST_STEP][PASSED] - waitForElementClickable(findTestObject("Modulo Tarea Actos Administrativos/Elaboracion Acto Cambio de Empleado/a_Continuar"), G_TimeOut): Object 'Object Repository/Modulo Tarea Actos Administrativos/Elaboracion Acto Cambio de Empleado/a_Continuar' is clickable

2022-03-09 12:02:49 - [MESSAGE][PASSED] - Object 'Object Repository/Modulo Tarea Actos Administrativos/Elaboracion Acto Cambio de Empleado/a_Continuar' is clickable

2022-03-09 12:02:49 - [TEST_STEP][PASSED] - click(findTestObject("Modulo Tarea Actos Administrativos/Elaboracion Acto Cambio de Empleado/a_Continuar")): Object: 'Object Repository/Modulo Tarea Actos Administrativos/Elaboracion Acto Cambio de Empleado/a_Continuar' is clicked on

2022-03-09 12:02:49 - [MESSAGE][PASSED] - Object: 'Object Repository/Modulo Tarea Actos Administrativos/Elaboracion Acto Cambio de Empleado/a_Continuar' is clicked on

2022-03-09 12:02:49 - [TEST_STEP][PASSED] - waitForElementClickable(findTestObject("Modulo Tarea Actos Administrativos/Elaboracion Acto Cambio de Empleado/td_10247"), G_TimeOut): Object 'Object Repository/Modulo Tarea Actos Administrativos/Elaboracion Acto Cambio de Empleado/td_10247' is clickable

2022-03-09 12:02:51 - [MESSAGE][PASSED] - Object 'Object Repository/Modulo Tarea Actos Administrativos/Elaboracion Acto Cambio de Empleado/td_10247' is clickable

2022-03-09 12:02:51 - [TEST_STEP][PASSED] - click(findTestObject("Modulo Tarea Actos Administrativos/Elaboracion Acto Cambio de Empleado/td_10247")): Object: 'Object Repository/Modulo Tarea Actos Administrativos/Elaboracion Acto Cambio de Empleado/td_10247' is clicked on

2022-03-09 12:02:51 - [MESSAGE][PASSED] - Object: 'Object Repository/Modulo Tarea Actos Administrativos/Elaboracion Acto Cambio de Empleado/td_10247' is clicked on

2022-03-09 12:02:51 - [TEST_STEP][PASSED] - waitForElementClickable(findTestObject("Modulo Tarea Actos Administrativos/Elaboracion Acto Cambio de Empleado/a_Actualizar"), G_TimeOut): Object 'Object Repository/Modulo Tarea Actos Administrativos/Elaboracion Acto Cambio de Empleado/a_Actualizar' is clickable

2022-03-09 12:02:52 - [MESSAGE][PASSED] - Object 'Object Repository/Modulo Tarea Actos Administrativos/Elaboracion Acto Cambio de Empleado/a_Actualizar' is clickable

2022-03-09 12:02:52 - [TEST_STEP][PASSED] - click(findTestObject("Modulo Tarea Actos Administrativos/Elaboracion Acto Cambio de Empleado/a_Actualizar")): Object: 'Object Repository/Modulo Tarea Actos Administrativos/Elaboracion Acto Cambio de Empleado/a_Actualizar' is clicked on

2022-03-09 12:02:52 - [MESSAGE][PASSED] - Object: 'Object Repository/Modulo Tarea Actos Administrativos/Elaboracion Acto Cambio de Empleado/a_Actualizar' is clicked on

2022-03-09 12:02:52 - [TEST_STEP][PASSED] - selectOptionByValue(findTestObject("Modulo Tarea Actos Administrativos/Elaboracion Acto Cambio de Empleado/select_--- Seleccione Tipo de"), "2", true): All options with value '2' are selected in object 'Object Repository/Modulo Tarea Actos Administrativos/Elaboracion Acto Cambio de Empleado/select_--- Seleccione Tipo de'  using regular expression

2022-03-09 12:02:54 - [MESSAGE][PASSED] - All options with value '2' are selected in object 'Object Repository/Modulo Tarea Actos Administrativos/Elaboracion Acto Cambio de Empleado/select_--- Seleccione Tipo de'  using regular expression

2022-03-09 12:02:54 - [TEST_STEP][PASSED] - waitForElementClickable(findTestObject("Modulo Tarea Actos Administrativos/Elaboracion Acto Cambio de Empleado/a_Zona Econmica_form_actoIngresoj_idt11656j_idt1204"), G_TimeOut): Object 'Object Repository/Modulo Tarea Actos Administrativos/Elaboracion Acto Cambio de Empleado/a_Zona Econmica_form_actoIngresoj_idt11656j_idt1204' is clickable

2022-03-09 12:02:54 - [MESSAGE][PASSED] - Object 'Object Repository/Modulo Tarea Actos Administrativos/Elaboracion Acto Cambio de Empleado/a_Zona Econmica_form_actoIngresoj_idt11656j_idt1204' is clickable

2022-03-09 12:02:54 - [TEST_STEP][PASSED] - click(findTestObject("Modulo Tarea Actos Administrativos/Elaboracion Acto Cambio de Empleado/a_Zona Econmica_form_actoIngresoj_idt11656j_idt1204")): Object: 'Object Repository/Modulo Tarea Actos Administrativos/Elaboracion Acto Cambio de Empleado/a_Zona Econmica_form_actoIngresoj_idt11656j_idt1204' is clicked on

2022-03-09 12:02:55 - [MESSAGE][PASSED] - Object: 'Object Repository/Modulo Tarea Actos Administrativos/Elaboracion Acto Cambio de Empleado/a_Zona Econmica_form_actoIngresoj_idt11656j_idt1204' is clicked on

2022-03-09 12:02:55 - [TEST_STEP][PASSED] - waitForElementClickable(findTestObject("Modulo Tarea Actos Administrativos/Elaboracion Acto Cambio de Empleado/span_B1"), G_TimeOut): Object 'Object Repository/Modulo Tarea Actos Administrativos/Elaboracion Acto Cambio de Empleado/span_B1' is clickable

2022-03-09 12:02:56 - [MESSAGE][PASSED] - Object 'Object Repository/Modulo Tarea Actos Administrativos/Elaboracion Acto Cambio de Empleado/span_B1' is clickable

2022-03-09 12:02:56 - [TEST_STEP][PASSED] - click(findTestObject("Modulo Tarea Actos Administrativos/Elaboracion Acto Cambio de Empleado/span_B1")): Object: 'Object Repository/Modulo Tarea Actos Administrativos/Elaboracion Acto Cambio de Empleado/span_B1' is clicked on

2022-03-09 12:02:56 - [MESSAGE][PASSED] - Object: 'Object Repository/Modulo Tarea Actos Administrativos/Elaboracion Acto Cambio de Empleado/span_B1' is clicked on

2022-03-09 12:02:56 - [TEST_STEP][PASSED] - waitForElementClickable(findTestObject("Modulo Tarea Actos Administrativos/Elaboracion Acto Cambio de Empleado/a_Continuar (1)"), G_TimeOut): Object 'Object Repository/Modulo Tarea Actos Administrativos/Elaboracion Acto Cambio de Empleado/a_Continuar (1)' is clickable

2022-03-09 12:02:57 - [MESSAGE][PASSED] - Object 'Object Repository/Modulo Tarea Actos Administrativos/Elaboracion Acto Cambio de Empleado/a_Continuar (1)' is clickable

2022-03-09 12:02:57 - [TEST_STEP][PASSED] - click(findTestObject("Modulo Tarea Actos Administrativos/Elaboracion Acto Cambio de Empleado/a_Continuar (1)")): Object: 'Object Repository/Modulo Tarea Actos Administrativos/Elaboracion Acto Cambio de Empleado/a_Continuar (1)' is clicked on

2022-03-09 12:02:57 - [MESSAGE][PASSED] - Object: 'Object Repository/Modulo Tarea Actos Administrativos/Elaboracion Acto Cambio de Empleado/a_Continuar (1)' is clicked on

2022-03-09 12:02:57 - [TEST_STEP][PASSED] - waitForElementClickable(findTestObject("Modulo Tarea Actos Administrativos/Elaboracion Acto Cambio de Empleado/a_Descargar pdf"), G_TimeOut): Object 'Object Repository/Modulo Tarea Actos Administrativos/Elaboracion Acto Cambio de Empleado/a_Descargar pdf' is clickable

2022-03-09 12:03:28 - [MESSAGE][PASSED] - Object 'Object Repository/Modulo Tarea Actos Administrativos/Elaboracion Acto Cambio de Empleado/a_Descargar pdf' is clickable

2022-03-09 12:03:28 - [TEST_STEP][PASSED] - waitForElementClickable(findTestObject("Modulo Tarea Actos Administrativos/Elaboracion Acto Cambio de Empleado/a_Aplicar"), G_TimeOut): Object 'Object Repository/Modulo Tarea Actos Administrativos/Elaboracion Acto Cambio de Empleado/a_Aplicar' is clickable

2022-03-09 12:03:58 - [MESSAGE][PASSED] - Object 'Object Repository/Modulo Tarea Actos Administrativos/Elaboracion Acto Cambio de Empleado/a_Aplicar' is clickable

2022-03-09 12:03:58 - [TEST_STEP][FAILED] - click(findTestObject("Modulo Tarea Actos Administrativos/Elaboracion Acto Cambio de Empleado/a_Aplicar")): Unable to click on object 'Object Repository/Modulo Tarea Actos Administrativos/Elaboracion Acto Cambio de Empleado/a_Aplicar' (Root cause: com.kms.katalon.core.exception.StepFailedException: Unable to click on object 'Object Repository/Modulo Tarea Actos Administrativos/Elaboracion Acto Cambio de Empleado/a_Aplicar'
	at com.kms.katalon.core.webui.keyword.internal.WebUIKeywordMain.stepFailed(WebUIKeywordMain.groovy:64)
	at com.kms.katalon.core.webui.keyword.internal.WebUIKeywordMain.runKeyword(WebUIKeywordMain.groovy:26)
	at com.kms.katalon.core.webui.keyword.builtin.ClickKeyword.click(ClickKeyword.groovy:74)
	at com.kms.katalon.core.webui.keyword.builtin.ClickKeyword.execute(ClickKeyword.groovy:40)
	at com.kms.katalon.core.keyword.internal.KeywordExecutor.executeKeywordForPlatform(KeywordExecutor.groovy:74)
	at com.kms.katalon.core.webui.keyword.WebUiBuiltInKeywords.click(WebUiBuiltInKeywords.groovy:620)
	at com.kms.katalon.core.webui.keyword.WebUiBuiltInKeywords$click$5.call(Unknown Source)
	at 1.1.3-Elaboracion Acto Cambio del Empleado y derogacion.run(1.1.3-Elaboracion Acto Cambio del Empleado y derogacion:196)
	at com.kms.katalon.core.main.ScriptEngine.run(ScriptEngine.java:194)
	at com.kms.katalon.core.main.ScriptEngine.runScriptAsRawText(ScriptEngine.java:119)
	at com.kms.katalon.core.main.TestCaseExecutor.runScript(TestCaseExecutor.java:442)
	at com.kms.katalon.core.main.TestCaseExecutor.doExecute(TestCaseExecutor.java:433)
	at com.kms.katalon.core.main.TestCaseExecutor.processExecutionPhase(TestCaseExecutor.java:412)
	at com.kms.katalon.core.main.TestCaseExecutor.accessMainPhase(TestCaseExecutor.java:404)
	at com.kms.katalon.core.main.TestCaseExecutor.execute(TestCaseExecutor.java:281)
	at com.kms.katalon.core.main.TestSuiteExecutor.accessTestCaseMainPhase(TestSuiteExecutor.java:202)
	at com.kms.katalon.core.main.TestSuiteExecutor.accessTestSuiteMainPhase(TestSuiteExecutor.java:164)
	at com.kms.katalon.core.main.TestSuiteExecutor.execute(TestSuiteExecutor.java:105)
	at com.kms.katalon.core.main.TestCaseMain.startTestSuite(TestCaseMain.java:185)
	at com.kms.katalon.core.main.TestCaseMain$startTestSuite$0.call(Unknown Source)
	at TempTestSuite1646845129657.run(TempTestSuite1646845129657.groovy:36)
Caused by: org.openqa.selenium.ElementClickInterceptedException: element click intercepted: Element <a id="form_actoIngreso:j_idt1099:4:j_idt1143" href="#" class="ui-commandlink ui-widget btn_popupInformacion" onclick="PrimeFaces.ab({s:&quot;form_actoIngreso:j_idt1099:4:j_idt1143&quot;,f:&quot;form_actoIngreso&quot;,u:&quot;areaAplicacion&quot;});return false;"></a> is not clickable at point (1233, 229). Other element would receive the click: <div id="j_idt56_modal" class="ui-widget-overlay ui-dialog-mask" style="z-index: 1096;"></div>
  (Session info: chrome=99.0.4844.51)
Build info: version: '3.141.59', revision: 'e82be7d358', time: '2018-11-14T08:25:53'
System info: host: 'US-AF-000371', ip: '192.168.56.1', os.name: 'Windows 10', os.arch: 'amd64', os.version: '10.0', java.version: '1.8.0_282'
Driver info: com.kms.katalon.selenium.driver.CChromeDriver
Capabilities {acceptInsecureCerts: false, browserName: chrome, browserVersion: 99.0.4844.51, chrome: {chromedriverVersion: 99.0.4844.51 (d537ec02474b5..., userDataDir: C:\Users\DIEGO~1.ROJ\AppDat...}, goog:chromeOptions: {debuggerAddress: localhost:62194}, javascriptEnabled: true, networkConnectionEnabled: false, pageLoadStrategy: normal, platform: WINDOWS, platformName: WINDOWS, proxy: Proxy(), setWindowRect: true, strictFileInteractability: false, timeouts: {implicit: 0, pageLoad: 300000, script: 30000}, unhandledPromptBehavior: dismiss and notify, webauthn:extension:credBlob: true, webauthn:extension:largeBlob: true, webauthn:virtualAuthenticators: true}
Session ID: a34ade548cc308d985b19d0cf3a139fe
	at org.openqa.selenium.remote.http.W3CHttpResponseCodec.createException(W3CHttpResponseCodec.java:187)
	at org.openqa.selenium.remote.http.W3CHttpResponseCodec.decode(W3CHttpResponseCodec.java:122)
	at org.openqa.selenium.remote.http.W3CHttpResponseCodec.decode(W3CHttpResponseCodec.java:49)
	at org.openqa.selenium.remote.HttpCommandExecutor.execute(HttpCommandExecutor.java:158)
	at org.openqa.selenium.remote.service.DriverCommandExecutor.execute(DriverCommandExecutor.java:83)
	at org.openqa.selenium.remote.RemoteWebDriver.execute(RemoteWebDriver.java:552)
	at com.kms.katalon.selenium.driver.CChromeDriver.execute(CChromeDriver.java:19)
	at org.openqa.selenium.remote.RemoteWebElement.execute(RemoteWebElement.java:285)
	at org.openqa.selenium.remote.RemoteWebElement.click(RemoteWebElement.java:84)
	at org.openqa.selenium.support.events.EventFiringWebDriver$EventFiringWebElement.lambda$new$0(EventFiringWebDriver.java:404)
	at com.sun.proxy.$Proxy11.click(Unknown Source)
	at org.openqa.selenium.support.events.EventFiringWebDriver$EventFiringWebElement.click(EventFiringWebDriver.java:417)
	at org.openqa.selenium.WebElement$click$0.call(Unknown Source)
	at com.kms.katalon.core.webui.keyword.builtin.ClickKeyword.clickUntilSuccessWithTimeout(ClickKeyword.groovy:81)
	at com.kms.katalon.core.webui.keyword.builtin.ClickKeyword.clickUntilSuccessWithTimeout(ClickKeyword.groovy)
	at com.kms.katalon.core.webui.keyword.builtin.ClickKeyword$_click_closure1.doCall(ClickKeyword.groovy:67)
	at com.kms.katalon.core.webui.keyword.builtin.ClickKeyword$_click_closure1.call(ClickKeyword.groovy)
	at com.kms.katalon.core.webui.keyword.internal.WebUIKeywordMain.runKeyword(WebUIKeywordMain.groovy:20)
	at com.kms.katalon.core.webui.keyword.builtin.ClickKeyword.click(ClickKeyword.groovy:74)
	at com.kms.katalon.core.webui.keyword.builtin.ClickKeyword.execute(ClickKeyword.groovy:40)
	at com.kms.katalon.core.keyword.internal.KeywordExecutor.executeKeywordForPlatform(KeywordExecutor.groovy:74)
	at com.kms.katalon.core.webui.keyword.WebUiBuiltInKeywords.click(WebUiBuiltInKeywords.groovy:620)
	at com.kms.katalon.core.webui.keyword.WebUiBuiltInKeywords$click$5.call(Unknown Source)
	at Script1641929082220.run(Script1641929082220.groovy:196)
	... 13 more
)

2022-03-09 12:05:00 - [MESSAGE][FAILED] - Unable to click on object 'Object Repository/Modulo Tarea Actos Administrativos/Elaboracion Acto Cambio de Empleado/a_Aplicar' (Root cause: com.kms.katalon.core.exception.StepFailedException: Unable to click on object 'Object Repository/Modulo Tarea Actos Administrativos/Elaboracion Acto Cambio de Empleado/a_Aplicar'
	at com.kms.katalon.core.webui.keyword.internal.WebUIKeywordMain.stepFailed(WebUIKeywordMain.groovy:64)
	at com.kms.katalon.core.webui.keyword.internal.WebUIKeywordMain.runKeyword(WebUIKeywordMain.groovy:26)
	at com.kms.katalon.core.webui.keyword.builtin.ClickKeyword.click(ClickKeyword.groovy:74)
	at com.kms.katalon.core.webui.keyword.builtin.ClickKeyword.execute(ClickKeyword.groovy:40)
	at com.kms.katalon.core.keyword.internal.KeywordExecutor.executeKeywordForPlatform(KeywordExecutor.groovy:74)
	at com.kms.katalon.core.webui.keyword.WebUiBuiltInKeywords.click(WebUiBuiltInKeywords.groovy:620)
	at com.kms.katalon.core.webui.keyword.WebUiBuiltInKeywords$click$5.call(Unknown Source)
	at 1.1.3-Elaboracion Acto Cambio del Empleado y derogacion.run(1.1.3-Elaboracion Acto Cambio del Empleado y derogacion:196)
	at com.kms.katalon.core.main.ScriptEngine.run(ScriptEngine.java:194)
	at com.kms.katalon.core.main.ScriptEngine.runScriptAsRawText(ScriptEngine.java:119)
	at com.kms.katalon.core.main.TestCaseExecutor.runScript(TestCaseExecutor.java:442)
	at com.kms.katalon.core.main.TestCaseExecutor.doExecute(TestCaseExecutor.java:433)
	at com.kms.katalon.core.main.TestCaseExecutor.processExecutionPhase(TestCaseExecutor.java:412)
	at com.kms.katalon.core.main.TestCaseExecutor.accessMainPhase(TestCaseExecutor.java:404)
	at com.kms.katalon.core.main.TestCaseExecutor.execute(TestCaseExecutor.java:281)
	at com.kms.katalon.core.main.TestSuiteExecutor.accessTestCaseMainPhase(TestSuiteExecutor.java:202)
	at com.kms.katalon.core.main.TestSuiteExecutor.accessTestSuiteMainPhase(TestSuiteExecutor.java:164)
	at com.kms.katalon.core.main.TestSuiteExecutor.execute(TestSuiteExecutor.java:105)
	at com.kms.katalon.core.main.TestCaseMain.startTestSuite(TestCaseMain.java:185)
	at com.kms.katalon.core.main.TestCaseMain$startTestSuite$0.call(Unknown Source)
	at TempTestSuite1646845129657.run(TempTestSuite1646845129657.groovy:36)
Caused by: org.openqa.selenium.ElementClickInterceptedException: element click intercepted: Element <a id="form_actoIngreso:j_idt1099:4:j_idt1143" href="#" class="ui-commandlink ui-widget btn_popupInformacion" onclick="PrimeFaces.ab({s:&quot;form_actoIngreso:j_idt1099:4:j_idt1143&quot;,f:&quot;form_actoIngreso&quot;,u:&quot;areaAplicacion&quot;});return false;"></a> is not clickable at point (1233, 229). Other element would receive the click: <div id="j_idt56_modal" class="ui-widget-overlay ui-dialog-mask" style="z-index: 1096;"></div>
  (Session info: chrome=99.0.4844.51)
Build info: version: '3.141.59', revision: 'e82be7d358', time: '2018-11-14T08:25:53'
System info: host: 'US-AF-000371', ip: '192.168.56.1', os.name: 'Windows 10', os.arch: 'amd64', os.version: '10.0', java.version: '1.8.0_282'
Driver info: com.kms.katalon.selenium.driver.CChromeDriver
Capabilities {acceptInsecureCerts: false, browserName: chrome, browserVersion: 99.0.4844.51, chrome: {chromedriverVersion: 99.0.4844.51 (d537ec02474b5..., userDataDir: C:\Users\DIEGO~1.ROJ\AppDat...}, goog:chromeOptions: {debuggerAddress: localhost:62194}, javascriptEnabled: true, networkConnectionEnabled: false, pageLoadStrategy: normal, platform: WINDOWS, platformName: WINDOWS, proxy: Proxy(), setWindowRect: true, strictFileInteractability: false, timeouts: {implicit: 0, pageLoad: 300000, script: 30000}, unhandledPromptBehavior: dismiss and notify, webauthn:extension:credBlob: true, webauthn:extension:largeBlob: true, webauthn:virtualAuthenticators: true}
Session ID: a34ade548cc308d985b19d0cf3a139fe
	at org.openqa.selenium.remote.http.W3CHttpResponseCodec.createException(W3CHttpResponseCodec.java:187)
	at org.openqa.selenium.remote.http.W3CHttpResponseCodec.decode(W3CHttpResponseCodec.java:122)
	at org.openqa.selenium.remote.http.W3CHttpResponseCodec.decode(W3CHttpResponseCodec.java:49)
	at org.openqa.selenium.remote.HttpCommandExecutor.execute(HttpCommandExecutor.java:158)
	at org.openqa.selenium.remote.service.DriverCommandExecutor.execute(DriverCommandExecutor.java:83)
	at org.openqa.selenium.remote.RemoteWebDriver.execute(RemoteWebDriver.java:552)
	at com.kms.katalon.selenium.driver.CChromeDriver.execute(CChromeDriver.java:19)
	at org.openqa.selenium.remote.RemoteWebElement.execute(RemoteWebElement.java:285)
	at org.openqa.selenium.remote.RemoteWebElement.click(RemoteWebElement.java:84)
	at org.openqa.selenium.support.events.EventFiringWebDriver$EventFiringWebElement.lambda$new$0(EventFiringWebDriver.java:404)
	at com.sun.proxy.$Proxy11.click(Unknown Source)
	at org.openqa.selenium.support.events.EventFiringWebDriver$EventFiringWebElement.click(EventFiringWebDriver.java:417)
	at org.openqa.selenium.WebElement$click$0.call(Unknown Source)
	at com.kms.katalon.core.webui.keyword.builtin.ClickKeyword.clickUntilSuccessWithTimeout(ClickKeyword.groovy:81)
	at com.kms.katalon.core.webui.keyword.builtin.ClickKeyword.clickUntilSuccessWithTimeout(ClickKeyword.groovy)
	at com.kms.katalon.core.webui.keyword.builtin.ClickKeyword$_click_closure1.doCall(ClickKeyword.groovy:67)
	at com.kms.katalon.core.webui.keyword.builtin.ClickKeyword$_click_closure1.call(ClickKeyword.groovy)
	at com.kms.katalon.core.webui.keyword.internal.WebUIKeywordMain.runKeyword(WebUIKeywordMain.groovy:20)
	at com.kms.katalon.core.webui.keyword.builtin.ClickKeyword.click(ClickKeyword.groovy:74)
	at com.kms.katalon.core.webui.keyword.builtin.ClickKeyword.execute(ClickKeyword.groovy:40)
	at com.kms.katalon.core.keyword.internal.KeywordExecutor.executeKeywordForPlatform(KeywordExecutor.groovy:74)
	at com.kms.katalon.core.webui.keyword.WebUiBuiltInKeywords.click(WebUiBuiltInKeywords.groovy:620)
	at com.kms.katalon.core.webui.keyword.WebUiBuiltInKeywords$click$5.call(Unknown Source)
	at Script1641929082220.run(Script1641929082220.groovy:196)
	... 13 more
)
[[ATTACHMENT|C:\\Users\\diego.rojas\\git\\Pruebas-Minimas\\Reports\\20220309_115823\\1-Tareas Principales\\20220309_115849\\1646845500271.png]]]]></system-out>
         <system-err><![CDATA[2022-03-09 12:00:54 - [TEST_CASE][FAILED] - Test Cases/1.1-Tareas Principales/1.1.3-Elaboracion Acto Cambio del Empleado y derogacion: Test Cases/1.1-Tareas Principales/1.1.3-Elaboracion Acto Cambio del Empleado y derogacion FAILED.
Reason:
com.kms.katalon.core.exception.StepFailedException: Unable to click on object 'Object Repository/Modulo Tarea Actos Administrativos/Elaboracion Acto Cambio de Empleado/a_Aplicar'
	at com.kms.katalon.core.webui.keyword.internal.WebUIKeywordMain.stepFailed(WebUIKeywordMain.groovy:64)
	at com.kms.katalon.core.webui.keyword.internal.WebUIKeywordMain.runKeyword(WebUIKeywordMain.groovy:26)
	at com.kms.katalon.core.webui.keyword.builtin.ClickKeyword.click(ClickKeyword.groovy:74)
	at com.kms.katalon.core.webui.keyword.builtin.ClickKeyword.execute(ClickKeyword.groovy:40)
	at com.kms.katalon.core.keyword.internal.KeywordExecutor.executeKeywordForPlatform(KeywordExecutor.groovy:74)
	at com.kms.katalon.core.webui.keyword.WebUiBuiltInKeywords.click(WebUiBuiltInKeywords.groovy:620)
	at com.kms.katalon.core.webui.keyword.WebUiBuiltInKeywords$click$5.call(Unknown Source)
	at 1.1.3-Elaboracion Acto Cambio del Empleado y derogacion.run(1.1.3-Elaboracion Acto Cambio del Empleado y derogacion:196)
	at com.kms.katalon.core.main.ScriptEngine.run(ScriptEngine.java:194)
	at com.kms.katalon.core.main.ScriptEngine.runScriptAsRawText(ScriptEngine.java:119)
	at com.kms.katalon.core.main.TestCaseExecutor.runScript(TestCaseExecutor.java:442)
	at com.kms.katalon.core.main.TestCaseExecutor.doExecute(TestCaseExecutor.java:433)
	at com.kms.katalon.core.main.TestCaseExecutor.processExecutionPhase(TestCaseExecutor.java:412)
	at com.kms.katalon.core.main.TestCaseExecutor.accessMainPhase(TestCaseExecutor.java:404)
	at com.kms.katalon.core.main.TestCaseExecutor.execute(TestCaseExecutor.java:281)
	at com.kms.katalon.core.main.TestSuiteExecutor.accessTestCaseMainPhase(TestSuiteExecutor.java:202)
	at com.kms.katalon.core.main.TestSuiteExecutor.accessTestSuiteMainPhase(TestSuiteExecutor.java:164)
	at com.kms.katalon.core.main.TestSuiteExecutor.execute(TestSuiteExecutor.java:105)
	at com.kms.katalon.core.main.TestCaseMain.startTestSuite(TestCaseMain.java:185)
	at com.kms.katalon.core.main.TestCaseMain$startTestSuite$0.call(Unknown Source)
	at TempTestSuite1646845129657.run(TempTestSuite1646845129657.groovy:36)
Caused by: org.openqa.selenium.ElementClickInterceptedException: element click intercepted: Element <a id="form_actoIngreso:j_idt1099:4:j_idt1143" href="#" class="ui-commandlink ui-widget btn_popupInformacion" onclick="PrimeFaces.ab({s:&quot;form_actoIngreso:j_idt1099:4:j_idt1143&quot;,f:&quot;form_actoIngreso&quot;,u:&quot;areaAplicacion&quot;});return false;"></a> is not clickable at point (1233, 229). Other element would receive the click: <div id="j_idt56_modal" class="ui-widget-overlay ui-dialog-mask" style="z-index: 1096;"></div>
  (Session info: chrome=99.0.4844.51)
Build info: version: '3.141.59', revision: 'e82be7d358', time: '2018-11-14T08:25:53'
System info: host: 'US-AF-000371', ip: '192.168.56.1', os.name: 'Windows 10', os.arch: 'amd64', os.version: '10.0', java.version: '1.8.0_282'
Driver info: com.kms.katalon.selenium.driver.CChromeDriver
Capabilities {acceptInsecureCerts: false, browserName: chrome, browserVersion: 99.0.4844.51, chrome: {chromedriverVersion: 99.0.4844.51 (d537ec02474b5..., userDataDir: C:\Users\DIEGO~1.ROJ\AppDat...}, goog:chromeOptions: {debuggerAddress: localhost:62194}, javascriptEnabled: true, networkConnectionEnabled: false, pageLoadStrategy: normal, platform: WINDOWS, platformName: WINDOWS, proxy: Proxy(), setWindowRect: true, strictFileInteractability: false, timeouts: {implicit: 0, pageLoad: 300000, script: 30000}, unhandledPromptBehavior: dismiss and notify, webauthn:extension:credBlob: true, webauthn:extension:largeBlob: true, webauthn:virtualAuthenticators: true}
Session ID: a34ade548cc308d985b19d0cf3a139fe
	at org.openqa.selenium.remote.http.W3CHttpResponseCodec.createException(W3CHttpResponseCodec.java:187)
	at org.openqa.selenium.remote.http.W3CHttpResponseCodec.decode(W3CHttpResponseCodec.java:122)
	at org.openqa.selenium.remote.http.W3CHttpResponseCodec.decode(W3CHttpResponseCodec.java:49)
	at org.openqa.selenium.remote.HttpCommandExecutor.execute(HttpCommandExecutor.java:158)
	at org.openqa.selenium.remote.service.DriverCommandExecutor.execute(DriverCommandExecutor.java:83)
	at org.openqa.selenium.remote.RemoteWebDriver.execute(RemoteWebDriver.java:552)
	at com.kms.katalon.selenium.driver.CChromeDriver.execute(CChromeDriver.java:19)
	at org.openqa.selenium.remote.RemoteWebElement.execute(RemoteWebElement.java:285)
	at org.openqa.selenium.remote.RemoteWebElement.click(RemoteWebElement.java:84)
	at org.openqa.selenium.support.events.EventFiringWebDriver$EventFiringWebElement.lambda$new$0(EventFiringWebDriver.java:404)
	at com.sun.proxy.$Proxy11.click(Unknown Source)
	at org.openqa.selenium.support.events.EventFiringWebDriver$EventFiringWebElement.click(EventFiringWebDriver.java:417)
	at org.openqa.selenium.WebElement$click$0.call(Unknown Source)
	at com.kms.katalon.core.webui.keyword.builtin.ClickKeyword.clickUntilSuccessWithTimeout(ClickKeyword.groovy:81)
	at com.kms.katalon.core.webui.keyword.builtin.ClickKeyword.clickUntilSuccessWithTimeout(ClickKeyword.groovy)
	at com.kms.katalon.core.webui.keyword.builtin.ClickKeyword$_click_closure1.doCall(ClickKeyword.groovy:67)
	at com.kms.katalon.core.webui.keyword.builtin.ClickKeyword$_click_closure1.call(ClickKeyword.groovy)
	at com.kms.katalon.core.webui.keyword.internal.WebUIKeywordMain.runKeyword(WebUIKeywordMain.groovy:20)
	... 19 more]]></system-err>
      </testcase>
      <testcase name="Test Cases/1.1-Tareas Principales/1.1.4-Crear Periodos Internos de cada Nomina" time="34.729" classname="Test Cases/1.1-Tareas Principales/1.1.4-Crear Periodos Internos de cada Nomina" status="PASSED">
         <system-out><![CDATA[2022-03-09 12:05:00 - [TEST_CASE][PASSED] - Test Cases/1.1-Tareas Principales/1.1.4-Crear Periodos Internos de cada Nomina: Test Cases/1.1-Tareas Principales/1.1.4-Crear Periodos Internos de cada Nomina

2022-03-09 12:05:01 - [TEST_STEP][PASSED] - callTestCase(findTestCase("0.1-Login"), [:], STOP_ON_FAILURE): Call Test Case 'Test Cases/0.1-Login' successfully

2022-03-09 12:05:01 - [TEST_CASE][PASSED] - Test Cases/0.1-Login: Test Cases/0.1-Login

2022-03-09 12:05:01 - [TEST_STEP][PASSED] - openBrowser(""): Browser is opened with url: ''

2022-03-09 12:05:01 - [MESSAGE][WARNING] - A browser is already opened. Closing browser and opening a new one

2022-03-09 12:05:02 - [MESSAGE][INFO] - Starting 'Chrome' driver

2022-03-09 12:05:02 - [MESSAGE][INFO] - Action delay is set to 0 milliseconds

2022-03-09 12:05:05 - [MESSAGE][PASSED] - Browser is opened with url: ''

2022-03-09 12:05:05 - [TEST_STEP][PASSED] - maximizeWindow(): Current window maximized

2022-03-09 12:05:05 - [MESSAGE][PASSED] - Current window maximized

2022-03-09 12:05:05 - [TEST_STEP][PASSED] - i = G_Login: null

2022-03-09 12:05:05 - [TEST_STEP][PASSED] - url = new java.net.URL(i): null

2022-03-09 12:05:05 - [TEST_STEP][PASSED] - println("URL: " + url.toString()): null

2022-03-09 12:05:05 - [TEST_STEP][PASSED] - connection = url.openConnection(): null

2022-03-09 12:05:05 - [TEST_STEP][PASSED] - connection.setRequestMethod("GET"): null

2022-03-09 12:05:05 - [TEST_STEP][PASSED] - connection.setReadTimeout(2 * 1000): null

2022-03-09 12:05:05 - [TEST_STEP][PASSED] - try: null

2022-03-09 12:05:05 - [TEST_STEP][PASSED] - connection.connect(): null

2022-03-09 12:05:05 - [TEST_STEP][PASSED] - flag = connected: null

2022-03-09 12:05:05 - [TEST_STEP][PASSED] - println("Valor_ori: " + flag): null

2022-03-09 12:05:05 - [TEST_STEP][PASSED] - if (flag): null

2022-03-09 12:05:05 - [TEST_STEP][PASSED] - navigateToUrl(i): Navigate to 'http://192.168.2.80:8380/saraweb' successfully

2022-03-09 12:05:07 - [MESSAGE][PASSED] - Navigate to 'http://192.168.2.80:8380/saraweb' successfully

2022-03-09 12:05:07 - [TEST_STEP][PASSED] - a(): null

2022-03-09 12:05:07 - [TEST_STEP][PASSED] - setText(findTestObject("Login/input_USUARIO_loginusuario"), G_Usuario): Text 'saraadmin' is set on object 'Object Repository/Login/input_USUARIO_loginusuario'

2022-03-09 12:05:08 - [MESSAGE][PASSED] - Text 'saraadmin' is set on object 'Object Repository/Login/input_USUARIO_loginusuario'

2022-03-09 12:05:08 - [TEST_STEP][PASSED] - setEncryptedText(findTestObject("Login/input_CLAVE_loginpassword"), "MkG4/TYiCFC3cb2driP7+Q=="): Text ****** has been set on object 'Object Repository/Login/input_CLAVE_loginpassword'

2022-03-09 12:05:09 - [MESSAGE][PASSED] - Text ****** has been set on object 'Object Repository/Login/input_CLAVE_loginpassword'

2022-03-09 12:05:09 - [TEST_STEP][PASSED] - waitForElementClickable(findTestObject("Login/a_Ingresar"), G_TimeOut): Object 'Object Repository/Login/a_Ingresar' is clickable

2022-03-09 12:05:09 - [MESSAGE][PASSED] - Object 'Object Repository/Login/a_Ingresar' is clickable

2022-03-09 12:05:09 - [TEST_STEP][PASSED] - click(findTestObject("Login/a_Ingresar")): Object: 'Object Repository/Login/a_Ingresar' is clicked on

2022-03-09 12:05:13 - [MESSAGE][PASSED] - Object: 'Object Repository/Login/a_Ingresar' is clicked on

2022-03-09 12:05:13 - [TEST_STEP][PASSED] - element = findWebElement(findTestObject("Login/a_Ir"), 30): null

2022-03-09 12:05:14 - [TEST_STEP][PASSED] - executeJavaScript("arguments[0].click()", Arrays.asList(element)): Execute JavaScript 'arguments[0].click()' successfully

2022-03-09 12:05:15 - [MESSAGE][PASSED] - Execute JavaScript 'arguments[0].click()' successfully

2022-03-09 12:05:15 - [MESSAGE][PASSED] - Call Test Case 'Test Cases/0.1-Login' successfully

2022-03-09 12:05:15 - [TEST_STEP][PASSED] - setText(findTestObject("Modulo Tarea Administracion Compensacion/Crear Periodos Internos de Cada Nomina/input_Empresa 1_form_templatej_idt24_input"), "mantenimiento periodo nomina"): Text 'mantenimiento periodo nomina' is set on object 'Object Repository/Modulo Tarea Administracion Compensacion/Crear Periodos Internos de Cada Nomina/input_Empresa 1_form_templatej_idt24_input'

2022-03-09 12:05:16 - [MESSAGE][PASSED] - Text 'mantenimiento periodo nomina' is set on object 'Object Repository/Modulo Tarea Administracion Compensacion/Crear Periodos Internos de Cada Nomina/input_Empresa 1_form_templatej_idt24_input'

2022-03-09 12:05:16 - [TEST_STEP][PASSED] - click(findTestObject("Modulo Tarea Administracion Compensacion/Crear Periodos Internos de Cada Nomina/li_Mantenimiento Periodo Nomina (com)")): Object: 'Object Repository/Modulo Tarea Administracion Compensacion/Crear Periodos Internos de Cada Nomina/li_Mantenimiento Periodo Nomina (com)' is clicked on

2022-03-09 12:05:19 - [MESSAGE][PASSED] - Object: 'Object Repository/Modulo Tarea Administracion Compensacion/Crear Periodos Internos de Cada Nomina/li_Mantenimiento Periodo Nomina (com)' is clicked on

2022-03-09 12:05:19 - [TEST_STEP][PASSED] - click(findTestObject("Modulo Tarea Administracion Compensacion/Crear Periodos Internos de Cada Nomina/span_NOMINA MENSUAL")): Object: 'Object Repository/Modulo Tarea Administracion Compensacion/Crear Periodos Internos de Cada Nomina/span_NOMINA MENSUAL' is clicked on

2022-03-09 12:05:19 - [MESSAGE][PASSED] - Object: 'Object Repository/Modulo Tarea Administracion Compensacion/Crear Periodos Internos de Cada Nomina/span_NOMINA MENSUAL' is clicked on

2022-03-09 12:05:19 - [TEST_STEP][PASSED] - if (waitForElementVisible(findTestObject("Modulo Tarea Administracion Compensacion/Crear Periodos Internos de Cada Nomina/td_pruebask"), 1)): Web element with id: 'Object Repository/Modulo Tarea Administracion Compensacion/Crear Periodos Internos de Cada Nomina/td_pruebask' located by '//*/text()[normalize-space(.)='pruebask']/parent::*' not found

2022-03-09 12:05:22 - [MESSAGE][INFO] - Unable to find the element located by 'By.xpath: //*/text()[normalize-space(.)='pruebask']/parent::*'. Please recheck the objects properties to make sure the desired element is located. 

2022-03-09 12:05:22 - [MESSAGE][WARNING] - Web element with id: 'Object Repository/Modulo Tarea Administracion Compensacion/Crear Periodos Internos de Cada Nomina/td_pruebask' located by '//*/text()[normalize-space(.)='pruebask']/parent::*' not found

2022-03-09 12:05:22 - [TEST_STEP][PASSED] - click(findTestObject("Modulo Tarea Administracion Compensacion/Crear Periodos Internos de Cada Nomina/span_Nuevo")): Object: 'Object Repository/Modulo Tarea Administracion Compensacion/Crear Periodos Internos de Cada Nomina/span_Nuevo' is clicked on

2022-03-09 12:05:23 - [MESSAGE][PASSED] - Object: 'Object Repository/Modulo Tarea Administracion Compensacion/Crear Periodos Internos de Cada Nomina/span_Nuevo' is clicked on

2022-03-09 12:05:23 - [TEST_STEP][PASSED] - setText(findTestObject("Modulo Tarea Administracion Compensacion/Crear Periodos Internos de Cada Nomina/input_Periodo Nomina_popupNuevoPeriodopanelNominaperiodo"), "pruebask"): Text 'pruebask' is set on object 'Object Repository/Modulo Tarea Administracion Compensacion/Crear Periodos Internos de Cada Nomina/input_Periodo Nomina_popupNuevoPeriodopanelNominaperiodo'

2022-03-09 12:05:24 - [MESSAGE][PASSED] - Text 'pruebask' is set on object 'Object Repository/Modulo Tarea Administracion Compensacion/Crear Periodos Internos de Cada Nomina/input_Periodo Nomina_popupNuevoPeriodopanelNominaperiodo'

2022-03-09 12:05:24 - [TEST_STEP][PASSED] - setText(findTestObject("Modulo Tarea Administracion Compensacion/Crear Periodos Internos de Cada Nomina/input_Descripcin_popupNuevoPeriodopanelNominadescripcion"), "P. MensualSeptiembre2021"): Text 'P. MensualSeptiembre2021' is set on object 'Object Repository/Modulo Tarea Administracion Compensacion/Crear Periodos Internos de Cada Nomina/input_Descripcin_popupNuevoPeriodopanelNominadescripcion'

2022-03-09 12:05:25 - [MESSAGE][PASSED] - Text 'P. MensualSeptiembre2021' is set on object 'Object Repository/Modulo Tarea Administracion Compensacion/Crear Periodos Internos de Cada Nomina/input_Descripcin_popupNuevoPeriodopanelNominadescripcion'

2022-03-09 12:05:25 - [TEST_STEP][PASSED] - setText(findTestObject("Modulo Tarea Administracion Compensacion/Crear Periodos Internos de Cada Nomina/input_Fecha Inicial_popupNuevoPeriodopanelNominafechainicial_input"), "01/09/2021"): Text '01/09/2021' is set on object 'Object Repository/Modulo Tarea Administracion Compensacion/Crear Periodos Internos de Cada Nomina/input_Fecha Inicial_popupNuevoPeriodopanelNominafechainicial_input'

2022-03-09 12:05:26 - [MESSAGE][PASSED] - Text '01/09/2021' is set on object 'Object Repository/Modulo Tarea Administracion Compensacion/Crear Periodos Internos de Cada Nomina/input_Fecha Inicial_popupNuevoPeriodopanelNominafechainicial_input'

2022-03-09 12:05:26 - [TEST_STEP][PASSED] - setText(findTestObject("Modulo Tarea Administracion Compensacion/Crear Periodos Internos de Cada Nomina/input_Fecha Final_popupNuevoPeriodopanelNominafechafinal_input"), "30/09/2021"): Text '30/09/2021' is set on object 'Object Repository/Modulo Tarea Administracion Compensacion/Crear Periodos Internos de Cada Nomina/input_Fecha Final_popupNuevoPeriodopanelNominafechafinal_input'

2022-03-09 12:05:27 - [MESSAGE][PASSED] - Text '30/09/2021' is set on object 'Object Repository/Modulo Tarea Administracion Compensacion/Crear Periodos Internos de Cada Nomina/input_Fecha Final_popupNuevoPeriodopanelNominafechafinal_input'

2022-03-09 12:05:27 - [TEST_STEP][PASSED] - setText(findTestObject("Modulo Tarea Administracion Compensacion/Crear Periodos Internos de Cada Nomina/input_Fecha Pago_popupNuevoPeriodopanelNominafechaPago_input"), "30/09/2021"): Text '30/09/2021' is set on object 'Object Repository/Modulo Tarea Administracion Compensacion/Crear Periodos Internos de Cada Nomina/input_Fecha Pago_popupNuevoPeriodopanelNominafechaPago_input'

2022-03-09 12:05:29 - [MESSAGE][PASSED] - Text '30/09/2021' is set on object 'Object Repository/Modulo Tarea Administracion Compensacion/Crear Periodos Internos de Cada Nomina/input_Fecha Pago_popupNuevoPeriodopanelNominafechaPago_input'

2022-03-09 12:05:29 - [TEST_STEP][PASSED] - selectOptionByIndex(findTestObject("Modulo Tarea Administracion Compensacion/Crear Periodos Internos de Cada Nomina/select_-- seleccione --Ciclo 0Ciclo 1Ciclo 2"), 1): All options with index in [1] are selected on object 'Object Repository/Modulo Tarea Administracion Compensacion/Crear Periodos Internos de Cada Nomina/select_-- seleccione --Ciclo 0Ciclo 1Ciclo 2'

2022-03-09 12:05:30 - [MESSAGE][PASSED] - All options with index in [1] are selected on object 'Object Repository/Modulo Tarea Administracion Compensacion/Crear Periodos Internos de Cada Nomina/select_-- seleccione --Ciclo 0Ciclo 1Ciclo 2'

2022-03-09 12:05:30 - [TEST_STEP][PASSED] - selectOptionByIndex(findTestObject("Modulo Tarea Administracion Compensacion/Crear Periodos Internos de Cada Nomina/select_Periodo AbonadoPeriodo CerradoPeriodo en ProcesoPeriodo no Generado"), 0): All options with index in [0] are selected on object 'Object Repository/Modulo Tarea Administracion Compensacion/Crear Periodos Internos de Cada Nomina/select_Periodo AbonadoPeriodo CerradoPeriodo en ProcesoPeriodo no Generado'

2022-03-09 12:05:31 - [MESSAGE][PASSED] - All options with index in [0] are selected on object 'Object Repository/Modulo Tarea Administracion Compensacion/Crear Periodos Internos de Cada Nomina/select_Periodo AbonadoPeriodo CerradoPeriodo en ProcesoPeriodo no Generado'

2022-03-09 12:05:31 - [TEST_STEP][PASSED] - selectOptionByIndex(findTestObject("Modulo Tarea Administracion Compensacion/Crear Periodos Internos de Cada Nomina/select_CausadoPagado"), 0): All options with index in [0] are selected on object 'Object Repository/Modulo Tarea Administracion Compensacion/Crear Periodos Internos de Cada Nomina/select_CausadoPagado'

2022-03-09 12:05:33 - [MESSAGE][PASSED] - All options with index in [0] are selected on object 'Object Repository/Modulo Tarea Administracion Compensacion/Crear Periodos Internos de Cada Nomina/select_CausadoPagado'

2022-03-09 12:05:33 - [TEST_STEP][PASSED] - click(findTestObject("Modulo Tarea Administracion Compensacion/Crear Periodos Internos de Cada Nomina/a_Guardar")): Object: 'Object Repository/Modulo Tarea Administracion Compensacion/Crear Periodos Internos de Cada Nomina/a_Guardar' is clicked on

2022-03-09 12:05:35 - [MESSAGE][PASSED] - Object: 'Object Repository/Modulo Tarea Administracion Compensacion/Crear Periodos Internos de Cada Nomina/a_Guardar' is clicked on]]></system-out>
         <system-err><![CDATA[]]></system-err>
      </testcase>
      <testcase name="Test Cases/1.1-Tareas Principales/1.1.5-Generacion Periodos Internos de cada Nomina" time="71.576" classname="Test Cases/1.1-Tareas Principales/1.1.5-Generacion Periodos Internos de cada Nomina" status="FAILED">
         <failure type="FAILED" message="Test Cases/1.1-Tareas Principales/1.1.5-Generacion Periodos Internos de cada Nomina FAILED.
Reason:
com.kms.katalon.core.exception.StepFailedException: Unable to click on object 'Object Repository/Modulo Tarea Administracion Compensacion/Generacion Periodos Internos de Cada Nomina/td_P. MensualSeptiembre2021'
	at com.kms.katalon.core.webui.keyword.internal.WebUIKeywordMain.stepFailed(WebUIKeywordMain.groovy:64)
	at com.kms.katalon.core.webui.keyword.internal.WebUIKeywordMain.runKeyword(WebUIKeywordMain.groovy:26)
	at com.kms.katalon.core.webui.keyword.builtin.ClickKeyword.click(ClickKeyword.groovy:74)
	at com.kms.katalon.core.webui.keyword.builtin.ClickKeyword.execute(ClickKeyword.groovy:40)
	at com.kms.katalon.core.keyword.internal.KeywordExecutor.executeKeywordForPlatform(KeywordExecutor.groovy:74)
	at com.kms.katalon.core.webui.keyword.WebUiBuiltInKeywords.click(WebUiBuiltInKeywords.groovy:620)
	at com.kms.katalon.core.webui.keyword.WebUiBuiltInKeywords$click$5.call(Unknown Source)
	at 1.1.5-Generacion Periodos Internos de cada Nomina.run(1.1.5-Generacion Periodos Internos de cada Nomina:92)
	at com.kms.katalon.core.main.ScriptEngine.run(ScriptEngine.java:194)
	at com.kms.katalon.core.main.ScriptEngine.runScriptAsRawText(ScriptEngine.java:119)
	at com.kms.katalon.core.main.TestCaseExecutor.runScript(TestCaseExecutor.java:442)
	at com.kms.katalon.core.main.TestCaseExecutor.doExecute(TestCaseExecutor.java:433)
	at com.kms.katalon.core.main.TestCaseExecutor.processExecutionPhase(TestCaseExecutor.java:412)
	at com.kms.katalon.core.main.TestCaseExecutor.accessMainPhase(TestCaseExecutor.java:404)
	at com.kms.katalon.core.main.TestCaseExecutor.execute(TestCaseExecutor.java:281)
	at com.kms.katalon.core.main.TestSuiteExecutor.accessTestCaseMainPhase(TestSuiteExecutor.java:202)
	at com.kms.katalon.core.main.TestSuiteExecutor.accessTestSuiteMainPhase(TestSuiteExecutor.java:164)
	at com.kms.katalon.core.main.TestSuiteExecutor.execute(TestSuiteExecutor.java:105)
	at com.kms.katalon.core.main.TestCaseMain.startTestSuite(TestCaseMain.java:185)
	at com.kms.katalon.core.main.TestCaseMain$startTestSuite$0.call(Unknown Source)
	at TempTestSuite1646845129657.run(TempTestSuite1646845129657.groovy:36)
Caused by: org.openqa.selenium.ElementClickInterceptedException: element click intercepted: Element &lt;td role=&quot;gridcell&quot; class=&quot;&quot;>...&lt;/td> is not clickable at point (345, 401). Other element would receive the click: &lt;div id=&quot;popupErrorDialog:dialog_popupFoto_modal&quot; class=&quot;ui-widget-overlay ui-dialog-mask&quot; style=&quot;z-index: 1028;&quot;>&lt;/div>
  (Session info: chrome=99.0.4844.51)
Build info: version: '3.141.59', revision: 'e82be7d358', time: '2018-11-14T08:25:53'
System info: host: 'US-AF-000371', ip: '192.168.56.1', os.name: 'Windows 10', os.arch: 'amd64', os.version: '10.0', java.version: '1.8.0_282'
Driver info: com.kms.katalon.selenium.driver.CChromeDriver
Capabilities {acceptInsecureCerts: false, browserName: chrome, browserVersion: 99.0.4844.51, chrome: {chromedriverVersion: 99.0.4844.51 (d537ec02474b5..., userDataDir: C:\Users\DIEGO~1.ROJ\AppDat...}, goog:chromeOptions: {debuggerAddress: localhost:62523}, javascriptEnabled: true, networkConnectionEnabled: false, pageLoadStrategy: normal, platform: WINDOWS, platformName: WINDOWS, proxy: Proxy(), setWindowRect: true, strictFileInteractability: false, timeouts: {implicit: 0, pageLoad: 300000, script: 30000}, unhandledPromptBehavior: dismiss and notify, webauthn:extension:credBlob: true, webauthn:extension:largeBlob: true, webauthn:virtualAuthenticators: true}
Session ID: 866fe86c06e61b447f7f01eaf0a20671
	at org.openqa.selenium.remote.http.W3CHttpResponseCodec.createException(W3CHttpResponseCodec.java:187)
	at org.openqa.selenium.remote.http.W3CHttpResponseCodec.decode(W3CHttpResponseCodec.java:122)
	at org.openqa.selenium.remote.http.W3CHttpResponseCodec.decode(W3CHttpResponseCodec.java:49)
	at org.openqa.selenium.remote.HttpCommandExecutor.execute(HttpCommandExecutor.java:158)
	at org.openqa.selenium.remote.service.DriverCommandExecutor.execute(DriverCommandExecutor.java:83)
	at org.openqa.selenium.remote.RemoteWebDriver.execute(RemoteWebDriver.java:552)
	at com.kms.katalon.selenium.driver.CChromeDriver.execute(CChromeDriver.java:19)
	at org.openqa.selenium.remote.RemoteWebElement.execute(RemoteWebElement.java:285)
	at org.openqa.selenium.remote.RemoteWebElement.click(RemoteWebElement.java:84)
	at org.openqa.selenium.support.events.EventFiringWebDriver$EventFiringWebElement.lambda$new$0(EventFiringWebDriver.java:404)
	at com.sun.proxy.$Proxy11.click(Unknown Source)
	at org.openqa.selenium.support.events.EventFiringWebDriver$EventFiringWebElement.click(EventFiringWebDriver.java:417)
	at org.openqa.selenium.WebElement$click$0.call(Unknown Source)
	at com.kms.katalon.core.webui.keyword.builtin.ClickKeyword.clickUntilSuccessWithTimeout(ClickKeyword.groovy:81)
	at com.kms.katalon.core.webui.keyword.builtin.ClickKeyword.clickUntilSuccessWithTimeout(ClickKeyword.groovy)
	at com.kms.katalon.core.webui.keyword.builtin.ClickKeyword$_click_closure1.doCall(ClickKeyword.groovy:67)
	at com.kms.katalon.core.webui.keyword.builtin.ClickKeyword$_click_closure1.call(ClickKeyword.groovy)
	at com.kms.katalon.core.webui.keyword.internal.WebUIKeywordMain.runKeyword(WebUIKeywordMain.groovy:20)
	... 19 more
"/>
         <system-out><![CDATA[2022-03-09 12:05:35 - [TEST_CASE][FAILED] - Test Cases/1.1-Tareas Principales/1.1.5-Generacion Periodos Internos de cada Nomina: Test Cases/1.1-Tareas Principales/1.1.5-Generacion Periodos Internos de cada Nomina FAILED.
Reason:
com.kms.katalon.core.exception.StepFailedException: Unable to click on object 'Object Repository/Modulo Tarea Administracion Compensacion/Generacion Periodos Internos de Cada Nomina/td_P. MensualSeptiembre2021'
	at com.kms.katalon.core.webui.keyword.internal.WebUIKeywordMain.stepFailed(WebUIKeywordMain.groovy:64)
	at com.kms.katalon.core.webui.keyword.internal.WebUIKeywordMain.runKeyword(WebUIKeywordMain.groovy:26)
	at com.kms.katalon.core.webui.keyword.builtin.ClickKeyword.click(ClickKeyword.groovy:74)
	at com.kms.katalon.core.webui.keyword.builtin.ClickKeyword.execute(ClickKeyword.groovy:40)
	at com.kms.katalon.core.keyword.internal.KeywordExecutor.executeKeywordForPlatform(KeywordExecutor.groovy:74)
	at com.kms.katalon.core.webui.keyword.WebUiBuiltInKeywords.click(WebUiBuiltInKeywords.groovy:620)
	at com.kms.katalon.core.webui.keyword.WebUiBuiltInKeywords$click$5.call(Unknown Source)
	at 1.1.5-Generacion Periodos Internos de cada Nomina.run(1.1.5-Generacion Periodos Internos de cada Nomina:92)
	at com.kms.katalon.core.main.ScriptEngine.run(ScriptEngine.java:194)
	at com.kms.katalon.core.main.ScriptEngine.runScriptAsRawText(ScriptEngine.java:119)
	at com.kms.katalon.core.main.TestCaseExecutor.runScript(TestCaseExecutor.java:442)
	at com.kms.katalon.core.main.TestCaseExecutor.doExecute(TestCaseExecutor.java:433)
	at com.kms.katalon.core.main.TestCaseExecutor.processExecutionPhase(TestCaseExecutor.java:412)
	at com.kms.katalon.core.main.TestCaseExecutor.accessMainPhase(TestCaseExecutor.java:404)
	at com.kms.katalon.core.main.TestCaseExecutor.execute(TestCaseExecutor.java:281)
	at com.kms.katalon.core.main.TestSuiteExecutor.accessTestCaseMainPhase(TestSuiteExecutor.java:202)
	at com.kms.katalon.core.main.TestSuiteExecutor.accessTestSuiteMainPhase(TestSuiteExecutor.java:164)
	at com.kms.katalon.core.main.TestSuiteExecutor.execute(TestSuiteExecutor.java:105)
	at com.kms.katalon.core.main.TestCaseMain.startTestSuite(TestCaseMain.java:185)
	at com.kms.katalon.core.main.TestCaseMain$startTestSuite$0.call(Unknown Source)
	at TempTestSuite1646845129657.run(TempTestSuite1646845129657.groovy:36)
Caused by: org.openqa.selenium.ElementClickInterceptedException: element click intercepted: Element <td role="gridcell" class="">...</td> is not clickable at point (345, 401). Other element would receive the click: <div id="popupErrorDialog:dialog_popupFoto_modal" class="ui-widget-overlay ui-dialog-mask" style="z-index: 1028;"></div>
  (Session info: chrome=99.0.4844.51)
Build info: version: '3.141.59', revision: 'e82be7d358', time: '2018-11-14T08:25:53'
System info: host: 'US-AF-000371', ip: '192.168.56.1', os.name: 'Windows 10', os.arch: 'amd64', os.version: '10.0', java.version: '1.8.0_282'
Driver info: com.kms.katalon.selenium.driver.CChromeDriver
Capabilities {acceptInsecureCerts: false, browserName: chrome, browserVersion: 99.0.4844.51, chrome: {chromedriverVersion: 99.0.4844.51 (d537ec02474b5..., userDataDir: C:\Users\DIEGO~1.ROJ\AppDat...}, goog:chromeOptions: {debuggerAddress: localhost:62523}, javascriptEnabled: true, networkConnectionEnabled: false, pageLoadStrategy: normal, platform: WINDOWS, platformName: WINDOWS, proxy: Proxy(), setWindowRect: true, strictFileInteractability: false, timeouts: {implicit: 0, pageLoad: 300000, script: 30000}, unhandledPromptBehavior: dismiss and notify, webauthn:extension:credBlob: true, webauthn:extension:largeBlob: true, webauthn:virtualAuthenticators: true}
Session ID: 866fe86c06e61b447f7f01eaf0a20671
	at org.openqa.selenium.remote.http.W3CHttpResponseCodec.createException(W3CHttpResponseCodec.java:187)
	at org.openqa.selenium.remote.http.W3CHttpResponseCodec.decode(W3CHttpResponseCodec.java:122)
	at org.openqa.selenium.remote.http.W3CHttpResponseCodec.decode(W3CHttpResponseCodec.java:49)
	at org.openqa.selenium.remote.HttpCommandExecutor.execute(HttpCommandExecutor.java:158)
	at org.openqa.selenium.remote.service.DriverCommandExecutor.execute(DriverCommandExecutor.java:83)
	at org.openqa.selenium.remote.RemoteWebDriver.execute(RemoteWebDriver.java:552)
	at com.kms.katalon.selenium.driver.CChromeDriver.execute(CChromeDriver.java:19)
	at org.openqa.selenium.remote.RemoteWebElement.execute(RemoteWebElement.java:285)
	at org.openqa.selenium.remote.RemoteWebElement.click(RemoteWebElement.java:84)
	at org.openqa.selenium.support.events.EventFiringWebDriver$EventFiringWebElement.lambda$new$0(EventFiringWebDriver.java:404)
	at com.sun.proxy.$Proxy11.click(Unknown Source)
	at org.openqa.selenium.support.events.EventFiringWebDriver$EventFiringWebElement.click(EventFiringWebDriver.java:417)
	at org.openqa.selenium.WebElement$click$0.call(Unknown Source)
	at com.kms.katalon.core.webui.keyword.builtin.ClickKeyword.clickUntilSuccessWithTimeout(ClickKeyword.groovy:81)
	at com.kms.katalon.core.webui.keyword.builtin.ClickKeyword.clickUntilSuccessWithTimeout(ClickKeyword.groovy)
	at com.kms.katalon.core.webui.keyword.builtin.ClickKeyword$_click_closure1.doCall(ClickKeyword.groovy:67)
	at com.kms.katalon.core.webui.keyword.builtin.ClickKeyword$_click_closure1.call(ClickKeyword.groovy)
	at com.kms.katalon.core.webui.keyword.internal.WebUIKeywordMain.runKeyword(WebUIKeywordMain.groovy:20)
	... 19 more


2022-03-09 12:05:35 - [TEST_STEP][PASSED] - today = new java.util.Date(): null

2022-03-09 12:05:36 - [TEST_STEP][PASSED] - todaysDate = today.format("dd/MM/yyyy"): null

2022-03-09 12:05:36 - [TEST_STEP][PASSED] - projectName = "Regression Project " + todaysDate: null

2022-03-09 12:05:36 - [TEST_STEP][PASSED] - callTestCase(findTestCase("Utilidades-(atajos_para _tareas)/Tareas Administracion Compensacion/Tarea Mantenimieto Periodo Nomina"), [:], STOP_ON_FAILURE): Call Test Case 'Test Cases/Utilidades-(atajos_para _tareas)/Tareas Administracion Compensacion/Tarea Mantenimieto Periodo Nomina' successfully

2022-03-09 12:05:36 - [TEST_CASE][PASSED] - Test Cases/Utilidades-(atajos_para _tareas)/Tareas Administracion Compensacion/Tarea Mantenimieto Periodo Nomina: Test Cases/Utilidades-(atajos_para _tareas)/Tareas Administracion Compensacion/Tarea Mantenimieto Periodo Nomina

2022-03-09 12:05:36 - [TEST_STEP][PASSED] - callTestCase(findTestCase("0.1-Login"), [:], STOP_ON_FAILURE): Call Test Case 'Test Cases/0.1-Login' successfully

2022-03-09 12:05:36 - [TEST_CASE][PASSED] - Test Cases/0.1-Login: Test Cases/0.1-Login

2022-03-09 12:05:36 - [TEST_STEP][PASSED] - openBrowser(""): Browser is opened with url: ''

2022-03-09 12:05:36 - [MESSAGE][WARNING] - A browser is already opened. Closing browser and opening a new one

2022-03-09 12:05:37 - [MESSAGE][INFO] - Starting 'Chrome' driver

2022-03-09 12:05:37 - [MESSAGE][INFO] - Action delay is set to 0 milliseconds

2022-03-09 12:05:41 - [MESSAGE][PASSED] - Browser is opened with url: ''

2022-03-09 12:05:41 - [TEST_STEP][PASSED] - maximizeWindow(): Current window maximized

2022-03-09 12:05:41 - [MESSAGE][PASSED] - Current window maximized

2022-03-09 12:05:41 - [TEST_STEP][PASSED] - i = G_Login: null

2022-03-09 12:05:41 - [TEST_STEP][PASSED] - url = new java.net.URL(i): null

2022-03-09 12:05:41 - [TEST_STEP][PASSED] - println("URL: " + url.toString()): null

2022-03-09 12:05:41 - [TEST_STEP][PASSED] - connection = url.openConnection(): null

2022-03-09 12:05:41 - [TEST_STEP][PASSED] - connection.setRequestMethod("GET"): null

2022-03-09 12:05:41 - [TEST_STEP][PASSED] - connection.setReadTimeout(2 * 1000): null

2022-03-09 12:05:41 - [TEST_STEP][PASSED] - try: null

2022-03-09 12:05:41 - [TEST_STEP][PASSED] - connection.connect(): null

2022-03-09 12:05:41 - [TEST_STEP][PASSED] - flag = connected: null

2022-03-09 12:05:41 - [TEST_STEP][PASSED] - println("Valor_ori: " + flag): null

2022-03-09 12:05:41 - [TEST_STEP][PASSED] - if (flag): null

2022-03-09 12:05:41 - [TEST_STEP][PASSED] - navigateToUrl(i): Navigate to 'http://192.168.2.80:8380/saraweb' successfully

2022-03-09 12:05:42 - [MESSAGE][PASSED] - Navigate to 'http://192.168.2.80:8380/saraweb' successfully

2022-03-09 12:05:42 - [TEST_STEP][PASSED] - a(): null

2022-03-09 12:05:42 - [TEST_STEP][PASSED] - setText(findTestObject("Login/input_USUARIO_loginusuario"), G_Usuario): Text 'saraadmin' is set on object 'Object Repository/Login/input_USUARIO_loginusuario'

2022-03-09 12:05:43 - [MESSAGE][PASSED] - Text 'saraadmin' is set on object 'Object Repository/Login/input_USUARIO_loginusuario'

2022-03-09 12:05:43 - [TEST_STEP][PASSED] - setEncryptedText(findTestObject("Login/input_CLAVE_loginpassword"), "MkG4/TYiCFC3cb2driP7+Q=="): Text ****** has been set on object 'Object Repository/Login/input_CLAVE_loginpassword'

2022-03-09 12:05:44 - [MESSAGE][PASSED] - Text ****** has been set on object 'Object Repository/Login/input_CLAVE_loginpassword'

2022-03-09 12:05:44 - [TEST_STEP][PASSED] - waitForElementClickable(findTestObject("Login/a_Ingresar"), G_TimeOut): Object 'Object Repository/Login/a_Ingresar' is clickable

2022-03-09 12:05:44 - [MESSAGE][PASSED] - Object 'Object Repository/Login/a_Ingresar' is clickable

2022-03-09 12:05:44 - [TEST_STEP][PASSED] - click(findTestObject("Login/a_Ingresar")): Object: 'Object Repository/Login/a_Ingresar' is clicked on

2022-03-09 12:05:47 - [MESSAGE][PASSED] - Object: 'Object Repository/Login/a_Ingresar' is clicked on

2022-03-09 12:05:47 - [TEST_STEP][PASSED] - element = findWebElement(findTestObject("Login/a_Ir"), 30): null

2022-03-09 12:05:47 - [TEST_STEP][PASSED] - executeJavaScript("arguments[0].click()", Arrays.asList(element)): Execute JavaScript 'arguments[0].click()' successfully

2022-03-09 12:05:48 - [MESSAGE][PASSED] - Execute JavaScript 'arguments[0].click()' successfully

2022-03-09 12:05:48 - [MESSAGE][PASSED] - Call Test Case 'Test Cases/0.1-Login' successfully

2022-03-09 12:05:48 - [TEST_STEP][PASSED] - waitForElementClickable(findTestObject("Modulo Tarea Administracion Compensacion/Tarea Mantenimieto Periodo Nomina/input_Actos Administrativos_form_templatej_idt24_input"), G_TimeOut): Object 'Object Repository/Modulo Tarea Administracion Compensacion/Tarea Mantenimieto Periodo Nomina/input_Actos Administrativos_form_templatej_idt24_input' is clickable

2022-03-09 12:05:49 - [MESSAGE][PASSED] - Object 'Object Repository/Modulo Tarea Administracion Compensacion/Tarea Mantenimieto Periodo Nomina/input_Actos Administrativos_form_templatej_idt24_input' is clickable

2022-03-09 12:05:49 - [TEST_STEP][PASSED] - setText(findTestObject("Modulo Tarea Administracion Compensacion/Tarea Mantenimieto Periodo Nomina/input_Actos Administrativos_form_templatej_idt24_input"), "Mantenimiento Periodo"): Text 'Mantenimiento Periodo' is set on object 'Object Repository/Modulo Tarea Administracion Compensacion/Tarea Mantenimieto Periodo Nomina/input_Actos Administrativos_form_templatej_idt24_input'

2022-03-09 12:05:50 - [MESSAGE][PASSED] - Text 'Mantenimiento Periodo' is set on object 'Object Repository/Modulo Tarea Administracion Compensacion/Tarea Mantenimieto Periodo Nomina/input_Actos Administrativos_form_templatej_idt24_input'

2022-03-09 12:05:50 - [TEST_STEP][PASSED] - delay(3): Delayed 3 second(s)

2022-03-09 12:05:53 - [MESSAGE][PASSED] - Delayed 3 second(s)

2022-03-09 12:05:53 - [TEST_STEP][PASSED] - sendKeys(findTestObject("Modulo Tarea Administracion Compensacion/Tarea Mantenimieto Periodo Nomina/input_Actos Administrativos_form_templatej_idt24_input"), Keys.chord(ENTER)): Keys 'ENTER + ' sent to object: 'Object Repository/Modulo Tarea Administracion Compensacion/Tarea Mantenimieto Periodo Nomina/input_Actos Administrativos_form_templatej_idt24_input'

2022-03-09 12:05:53 - [MESSAGE][PASSED] - Keys 'ENTER + ' sent to object: 'Object Repository/Modulo Tarea Administracion Compensacion/Tarea Mantenimieto Periodo Nomina/input_Actos Administrativos_form_templatej_idt24_input'

2022-03-09 12:05:53 - [MESSAGE][PASSED] - Call Test Case 'Test Cases/Utilidades-(atajos_para _tareas)/Tareas Administracion Compensacion/Tarea Mantenimieto Periodo Nomina' successfully

2022-03-09 12:05:53 - [TEST_STEP][PASSED] - waitForElementClickable(findTestObject("Modulo Tarea Administracion Compensacion/Generacion Periodos Internos de Cada Nomina/span_NOMINA MENSUAL"), G_TimeOut): Object 'Object Repository/Modulo Tarea Administracion Compensacion/Generacion Periodos Internos de Cada Nomina/span_NOMINA MENSUAL' is clickable

2022-03-09 12:05:57 - [MESSAGE][PASSED] - Object 'Object Repository/Modulo Tarea Administracion Compensacion/Generacion Periodos Internos de Cada Nomina/span_NOMINA MENSUAL' is clickable

2022-03-09 12:05:57 - [TEST_STEP][PASSED] - click(findTestObject("Modulo Tarea Administracion Compensacion/Generacion Periodos Internos de Cada Nomina/span_NOMINA MENSUAL")): Object: 'Object Repository/Modulo Tarea Administracion Compensacion/Generacion Periodos Internos de Cada Nomina/span_NOMINA MENSUAL' is clicked on

2022-03-09 12:05:57 - [MESSAGE][PASSED] - Object: 'Object Repository/Modulo Tarea Administracion Compensacion/Generacion Periodos Internos de Cada Nomina/span_NOMINA MENSUAL' is clicked on

2022-03-09 12:05:57 - [TEST_STEP][PASSED] - if (waitForElementClickable(findTestObject("Modulo Tarea Administracion Compensacion/Generacion Periodos Internos de Cada Nomina/td_P. MensualAgosto2021"), 1)): null

2022-03-09 12:05:58 - [MESSAGE][PASSED] - Object 'Object Repository/Modulo Tarea Administracion Compensacion/Generacion Periodos Internos de Cada Nomina/td_P. MensualAgosto2021' is clickable

2022-03-09 12:05:58 - [TEST_STEP][PASSED] - click(findTestObject("Modulo Tarea Administracion Compensacion/Generacion Periodos Internos de Cada Nomina/td_P. MensualAgosto2021")): Object: 'Object Repository/Modulo Tarea Administracion Compensacion/Generacion Periodos Internos de Cada Nomina/td_P. MensualAgosto2021' is clicked on

2022-03-09 12:05:59 - [MESSAGE][PASSED] - Object: 'Object Repository/Modulo Tarea Administracion Compensacion/Generacion Periodos Internos de Cada Nomina/td_P. MensualAgosto2021' is clicked on

2022-03-09 12:05:59 - [TEST_STEP][PASSED] - waitForElementClickable(findTestObject("Modulo Tarea Administracion Compensacion/Generacion Periodos Internos de Cada Nomina/a_Eliminar_Periodo Agosto"), 0): Object 'Object Repository/Modulo Tarea Administracion Compensacion/Generacion Periodos Internos de Cada Nomina/a_Eliminar_Periodo Agosto' is clickable

2022-03-09 12:05:59 - [MESSAGE][WARNING] - Timeout '0' is invalid. Using default page load timeout: '30'

2022-03-09 12:05:59 - [MESSAGE][PASSED] - Object 'Object Repository/Modulo Tarea Administracion Compensacion/Generacion Periodos Internos de Cada Nomina/a_Eliminar_Periodo Agosto' is clickable

2022-03-09 12:05:59 - [TEST_STEP][PASSED] - click(findTestObject("Modulo Tarea Administracion Compensacion/Generacion Periodos Internos de Cada Nomina/a_Eliminar_Periodo Agosto")): Object: 'Object Repository/Modulo Tarea Administracion Compensacion/Generacion Periodos Internos de Cada Nomina/a_Eliminar_Periodo Agosto' is clicked on

2022-03-09 12:06:00 - [MESSAGE][PASSED] - Object: 'Object Repository/Modulo Tarea Administracion Compensacion/Generacion Periodos Internos de Cada Nomina/a_Eliminar_Periodo Agosto' is clicked on

2022-03-09 12:06:00 - [TEST_STEP][PASSED] - click(findTestObject("Modulo Tarea Administracion Compensacion/Generacion Periodos Internos de Cada Nomina/a_Aceptar_ELiminar_Agosto")): Object: 'Object Repository/Modulo Tarea Administracion Compensacion/Generacion Periodos Internos de Cada Nomina/a_Aceptar_ELiminar_Agosto' is clicked on

2022-03-09 12:06:01 - [MESSAGE][PASSED] - Object: 'Object Repository/Modulo Tarea Administracion Compensacion/Generacion Periodos Internos de Cada Nomina/a_Aceptar_ELiminar_Agosto' is clicked on

2022-03-09 12:06:01 - [TEST_STEP][PASSED] - if (waitForElementVisible(findTestObject("Modulo Tarea Administracion Compensacion/Generacion Periodos Internos de Cada Nomina/td_P. MensualSeptiembre2021"), 1)): Web element with id: 'Object Repository/Modulo Tarea Administracion Compensacion/Generacion Periodos Internos de Cada Nomina/td_P. MensualSeptiembre2021' located by '//*/text()[normalize-space(.)='P. MensualSeptiembre2021']/parent::*' not found

2022-03-09 12:06:03 - [MESSAGE][INFO] - Unable to find the element located by 'By.xpath: //*/text()[normalize-space(.)='P. MensualSeptiembre2021']/parent::*'. Please recheck the objects properties to make sure the desired element is located. 

2022-03-09 12:06:03 - [MESSAGE][WARNING] - Web element with id: 'Object Repository/Modulo Tarea Administracion Compensacion/Generacion Periodos Internos de Cada Nomina/td_P. MensualSeptiembre2021' located by '//*/text()[normalize-space(.)='P. MensualSeptiembre2021']/parent::*' not found

2022-03-09 12:06:03 - [TEST_STEP][PASSED] - waitForElementClickable(findTestObject("Modulo Tarea Administracion Compensacion/Generacion Periodos Internos de Cada Nomina/a_Generar Periodicidad"), G_TimeOut): Object 'Object Repository/Modulo Tarea Administracion Compensacion/Generacion Periodos Internos de Cada Nomina/a_Generar Periodicidad' is clickable

2022-03-09 12:06:03 - [MESSAGE][PASSED] - Object 'Object Repository/Modulo Tarea Administracion Compensacion/Generacion Periodos Internos de Cada Nomina/a_Generar Periodicidad' is clickable

2022-03-09 12:06:03 - [TEST_STEP][PASSED] - click(findTestObject("Modulo Tarea Administracion Compensacion/Generacion Periodos Internos de Cada Nomina/a_Generar Periodicidad")): Object: 'Object Repository/Modulo Tarea Administracion Compensacion/Generacion Periodos Internos de Cada Nomina/a_Generar Periodicidad' is clicked on

2022-03-09 12:06:04 - [MESSAGE][PASSED] - Object: 'Object Repository/Modulo Tarea Administracion Compensacion/Generacion Periodos Internos de Cada Nomina/a_Generar Periodicidad' is clicked on

2022-03-09 12:06:04 - [TEST_STEP][PASSED] - setText(findTestObject("Modulo Tarea Administracion Compensacion/Generacion Periodos Internos de Cada Nomina/input_Descripcin Periodo_formPoGePepoGePePeriodicidadDescripcion"), "P. Mensual"): Text 'P. Mensual' is set on object 'Object Repository/Modulo Tarea Administracion Compensacion/Generacion Periodos Internos de Cada Nomina/input_Descripcin Periodo_formPoGePepoGePePeriodicidadDescripcion'

2022-03-09 12:06:05 - [MESSAGE][PASSED] - Text 'P. Mensual' is set on object 'Object Repository/Modulo Tarea Administracion Compensacion/Generacion Periodos Internos de Cada Nomina/input_Descripcin Periodo_formPoGePepoGePePeriodicidadDescripcion'

2022-03-09 12:06:05 - [TEST_STEP][PASSED] - selectOptionByIndex(findTestObject("Modulo Tarea Administracion Compensacion/Generacion Periodos Internos de Cada Nomina/select_--Seleccione--CatorcenalMensualQuincenalSemanal"), "2"): All options with index in [2] are selected on object 'Object Repository/Modulo Tarea Administracion Compensacion/Generacion Periodos Internos de Cada Nomina/select_--Seleccione--CatorcenalMensualQuincenalSemanal'

2022-03-09 12:06:06 - [MESSAGE][PASSED] - All options with index in [2] are selected on object 'Object Repository/Modulo Tarea Administracion Compensacion/Generacion Periodos Internos de Cada Nomina/select_--Seleccione--CatorcenalMensualQuincenalSemanal'

2022-03-09 12:06:06 - [TEST_STEP][PASSED] - waitForElementClickable(findTestObject("Modulo Tarea Administracion Compensacion/Generacion Periodos Internos de Cada Nomina/input_Prefijo_formPoGePeprefijo"), G_TimeOut): Object 'Object Repository/Modulo Tarea Administracion Compensacion/Generacion Periodos Internos de Cada Nomina/input_Prefijo_formPoGePeprefijo' is clickable

2022-03-09 12:06:07 - [MESSAGE][PASSED] - Object 'Object Repository/Modulo Tarea Administracion Compensacion/Generacion Periodos Internos de Cada Nomina/input_Prefijo_formPoGePeprefijo' is clickable

2022-03-09 12:06:07 - [TEST_STEP][PASSED] - click(findTestObject("Modulo Tarea Administracion Compensacion/Generacion Periodos Internos de Cada Nomina/input_Prefijo_formPoGePeprefijo")): Object: 'Object Repository/Modulo Tarea Administracion Compensacion/Generacion Periodos Internos de Cada Nomina/input_Prefijo_formPoGePeprefijo' is clicked on

2022-03-09 12:06:07 - [MESSAGE][PASSED] - Object: 'Object Repository/Modulo Tarea Administracion Compensacion/Generacion Periodos Internos de Cada Nomina/input_Prefijo_formPoGePeprefijo' is clicked on

2022-03-09 12:06:07 - [TEST_STEP][PASSED] - setText(findTestObject("Modulo Tarea Administracion Compensacion/Generacion Periodos Internos de Cada Nomina/input_Prefijo_formPoGePeprefijo"), "PM"): Text 'PM' is set on object 'Object Repository/Modulo Tarea Administracion Compensacion/Generacion Periodos Internos de Cada Nomina/input_Prefijo_formPoGePeprefijo'

2022-03-09 12:06:08 - [MESSAGE][PASSED] - Text 'PM' is set on object 'Object Repository/Modulo Tarea Administracion Compensacion/Generacion Periodos Internos de Cada Nomina/input_Prefijo_formPoGePeprefijo'

2022-03-09 12:06:08 - [TEST_STEP][PASSED] - setText(findTestObject("Modulo Tarea Administracion Compensacion/Generacion Periodos Internos de Cada Nomina/input_Fecha Inicial_formPoGePepoGePeFechaInicial_input"), "01/09/2021"): Text '01/09/2021' is set on object 'Object Repository/Modulo Tarea Administracion Compensacion/Generacion Periodos Internos de Cada Nomina/input_Fecha Inicial_formPoGePepoGePeFechaInicial_input'

2022-03-09 12:06:09 - [MESSAGE][PASSED] - Text '01/09/2021' is set on object 'Object Repository/Modulo Tarea Administracion Compensacion/Generacion Periodos Internos de Cada Nomina/input_Fecha Inicial_formPoGePepoGePeFechaInicial_input'

2022-03-09 12:06:09 - [TEST_STEP][PASSED] - setText(findTestObject("Modulo Tarea Administracion Compensacion/Generacion Periodos Internos de Cada Nomina/input_Fecha Final_formPoGePepoGePeFechaFinal_input"), "30/09/2021"): Text '30/09/2021' is set on object 'Object Repository/Modulo Tarea Administracion Compensacion/Generacion Periodos Internos de Cada Nomina/input_Fecha Final_formPoGePepoGePeFechaFinal_input'

2022-03-09 12:06:10 - [MESSAGE][PASSED] - Text '30/09/2021' is set on object 'Object Repository/Modulo Tarea Administracion Compensacion/Generacion Periodos Internos de Cada Nomina/input_Fecha Final_formPoGePepoGePeFechaFinal_input'

2022-03-09 12:06:10 - [TEST_STEP][PASSED] - waitForElementClickable(findTestObject("Modulo Tarea Administracion Compensacion/Generacion Periodos Internos de Cada Nomina/a_Generar"), G_TimeOut): Object 'Object Repository/Modulo Tarea Administracion Compensacion/Generacion Periodos Internos de Cada Nomina/a_Generar' is clickable

2022-03-09 12:06:10 - [MESSAGE][PASSED] - Object 'Object Repository/Modulo Tarea Administracion Compensacion/Generacion Periodos Internos de Cada Nomina/a_Generar' is clickable

2022-03-09 12:06:10 - [TEST_STEP][PASSED] - click(findTestObject("Modulo Tarea Administracion Compensacion/Generacion Periodos Internos de Cada Nomina/a_Generar")): Object: 'Object Repository/Modulo Tarea Administracion Compensacion/Generacion Periodos Internos de Cada Nomina/a_Generar' is clicked on

2022-03-09 12:06:11 - [MESSAGE][PASSED] - Object: 'Object Repository/Modulo Tarea Administracion Compensacion/Generacion Periodos Internos de Cada Nomina/a_Generar' is clicked on

2022-03-09 12:06:11 - [TEST_STEP][PASSED] - waitForElementClickable(findTestObject("Modulo Tarea Administracion Compensacion/Generacion Periodos Internos de Cada Nomina/a_Guardar"), G_TimeOut): Object 'Object Repository/Modulo Tarea Administracion Compensacion/Generacion Periodos Internos de Cada Nomina/a_Guardar' is clickable

2022-03-09 12:06:12 - [MESSAGE][PASSED] - Object 'Object Repository/Modulo Tarea Administracion Compensacion/Generacion Periodos Internos de Cada Nomina/a_Guardar' is clickable

2022-03-09 12:06:12 - [TEST_STEP][PASSED] - click(findTestObject("Modulo Tarea Administracion Compensacion/Generacion Periodos Internos de Cada Nomina/a_Guardar")): Object: 'Object Repository/Modulo Tarea Administracion Compensacion/Generacion Periodos Internos de Cada Nomina/a_Guardar' is clicked on

2022-03-09 12:06:13 - [MESSAGE][PASSED] - Object: 'Object Repository/Modulo Tarea Administracion Compensacion/Generacion Periodos Internos de Cada Nomina/a_Guardar' is clicked on

2022-03-09 12:06:13 - [TEST_STEP][PASSED] - waitForElementVisible(findTestObject("Modulo Tarea Administracion Compensacion/Generacion Periodos Internos de Cada Nomina/td_P. MensualSeptiembre2021"), 0): Object 'Object Repository/Modulo Tarea Administracion Compensacion/Generacion Periodos Internos de Cada Nomina/td_P. MensualSeptiembre2021' is visible

2022-03-09 12:06:13 - [MESSAGE][WARNING] - Timeout '0' is invalid. Using default page load timeout: '30'

2022-03-09 12:06:13 - [MESSAGE][PASSED] - Object 'Object Repository/Modulo Tarea Administracion Compensacion/Generacion Periodos Internos de Cada Nomina/td_P. MensualSeptiembre2021' is visible

2022-03-09 12:06:13 - [TEST_STEP][FAILED] - click(findTestObject("Modulo Tarea Administracion Compensacion/Generacion Periodos Internos de Cada Nomina/td_P. MensualSeptiembre2021")): Unable to click on object 'Object Repository/Modulo Tarea Administracion Compensacion/Generacion Periodos Internos de Cada Nomina/td_P. MensualSeptiembre2021' (Root cause: com.kms.katalon.core.exception.StepFailedException: Unable to click on object 'Object Repository/Modulo Tarea Administracion Compensacion/Generacion Periodos Internos de Cada Nomina/td_P. MensualSeptiembre2021'
	at com.kms.katalon.core.webui.keyword.internal.WebUIKeywordMain.stepFailed(WebUIKeywordMain.groovy:64)
	at com.kms.katalon.core.webui.keyword.internal.WebUIKeywordMain.runKeyword(WebUIKeywordMain.groovy:26)
	at com.kms.katalon.core.webui.keyword.builtin.ClickKeyword.click(ClickKeyword.groovy:74)
	at com.kms.katalon.core.webui.keyword.builtin.ClickKeyword.execute(ClickKeyword.groovy:40)
	at com.kms.katalon.core.keyword.internal.KeywordExecutor.executeKeywordForPlatform(KeywordExecutor.groovy:74)
	at com.kms.katalon.core.webui.keyword.WebUiBuiltInKeywords.click(WebUiBuiltInKeywords.groovy:620)
	at com.kms.katalon.core.webui.keyword.WebUiBuiltInKeywords$click$5.call(Unknown Source)
	at 1.1.5-Generacion Periodos Internos de cada Nomina.run(1.1.5-Generacion Periodos Internos de cada Nomina:92)
	at com.kms.katalon.core.main.ScriptEngine.run(ScriptEngine.java:194)
	at com.kms.katalon.core.main.ScriptEngine.runScriptAsRawText(ScriptEngine.java:119)
	at com.kms.katalon.core.main.TestCaseExecutor.runScript(TestCaseExecutor.java:442)
	at com.kms.katalon.core.main.TestCaseExecutor.doExecute(TestCaseExecutor.java:433)
	at com.kms.katalon.core.main.TestCaseExecutor.processExecutionPhase(TestCaseExecutor.java:412)
	at com.kms.katalon.core.main.TestCaseExecutor.accessMainPhase(TestCaseExecutor.java:404)
	at com.kms.katalon.core.main.TestCaseExecutor.execute(TestCaseExecutor.java:281)
	at com.kms.katalon.core.main.TestSuiteExecutor.accessTestCaseMainPhase(TestSuiteExecutor.java:202)
	at com.kms.katalon.core.main.TestSuiteExecutor.accessTestSuiteMainPhase(TestSuiteExecutor.java:164)
	at com.kms.katalon.core.main.TestSuiteExecutor.execute(TestSuiteExecutor.java:105)
	at com.kms.katalon.core.main.TestCaseMain.startTestSuite(TestCaseMain.java:185)
	at com.kms.katalon.core.main.TestCaseMain$startTestSuite$0.call(Unknown Source)
	at TempTestSuite1646845129657.run(TempTestSuite1646845129657.groovy:36)
Caused by: org.openqa.selenium.ElementClickInterceptedException: element click intercepted: Element <td role="gridcell" class="">...</td> is not clickable at point (345, 401). Other element would receive the click: <div id="popupErrorDialog:dialog_popupFoto_modal" class="ui-widget-overlay ui-dialog-mask" style="z-index: 1028;"></div>
  (Session info: chrome=99.0.4844.51)
Build info: version: '3.141.59', revision: 'e82be7d358', time: '2018-11-14T08:25:53'
System info: host: 'US-AF-000371', ip: '192.168.56.1', os.name: 'Windows 10', os.arch: 'amd64', os.version: '10.0', java.version: '1.8.0_282'
Driver info: com.kms.katalon.selenium.driver.CChromeDriver
Capabilities {acceptInsecureCerts: false, browserName: chrome, browserVersion: 99.0.4844.51, chrome: {chromedriverVersion: 99.0.4844.51 (d537ec02474b5..., userDataDir: C:\Users\DIEGO~1.ROJ\AppDat...}, goog:chromeOptions: {debuggerAddress: localhost:62523}, javascriptEnabled: true, networkConnectionEnabled: false, pageLoadStrategy: normal, platform: WINDOWS, platformName: WINDOWS, proxy: Proxy(), setWindowRect: true, strictFileInteractability: false, timeouts: {implicit: 0, pageLoad: 300000, script: 30000}, unhandledPromptBehavior: dismiss and notify, webauthn:extension:credBlob: true, webauthn:extension:largeBlob: true, webauthn:virtualAuthenticators: true}
Session ID: 866fe86c06e61b447f7f01eaf0a20671
	at org.openqa.selenium.remote.http.W3CHttpResponseCodec.createException(W3CHttpResponseCodec.java:187)
	at org.openqa.selenium.remote.http.W3CHttpResponseCodec.decode(W3CHttpResponseCodec.java:122)
	at org.openqa.selenium.remote.http.W3CHttpResponseCodec.decode(W3CHttpResponseCodec.java:49)
	at org.openqa.selenium.remote.HttpCommandExecutor.execute(HttpCommandExecutor.java:158)
	at org.openqa.selenium.remote.service.DriverCommandExecutor.execute(DriverCommandExecutor.java:83)
	at org.openqa.selenium.remote.RemoteWebDriver.execute(RemoteWebDriver.java:552)
	at com.kms.katalon.selenium.driver.CChromeDriver.execute(CChromeDriver.java:19)
	at org.openqa.selenium.remote.RemoteWebElement.execute(RemoteWebElement.java:285)
	at org.openqa.selenium.remote.RemoteWebElement.click(RemoteWebElement.java:84)
	at org.openqa.selenium.support.events.EventFiringWebDriver$EventFiringWebElement.lambda$new$0(EventFiringWebDriver.java:404)
	at com.sun.proxy.$Proxy11.click(Unknown Source)
	at org.openqa.selenium.support.events.EventFiringWebDriver$EventFiringWebElement.click(EventFiringWebDriver.java:417)
	at org.openqa.selenium.WebElement$click$0.call(Unknown Source)
	at com.kms.katalon.core.webui.keyword.builtin.ClickKeyword.clickUntilSuccessWithTimeout(ClickKeyword.groovy:81)
	at com.kms.katalon.core.webui.keyword.builtin.ClickKeyword.clickUntilSuccessWithTimeout(ClickKeyword.groovy)
	at com.kms.katalon.core.webui.keyword.builtin.ClickKeyword$_click_closure1.doCall(ClickKeyword.groovy:67)
	at com.kms.katalon.core.webui.keyword.builtin.ClickKeyword$_click_closure1.call(ClickKeyword.groovy)
	at com.kms.katalon.core.webui.keyword.internal.WebUIKeywordMain.runKeyword(WebUIKeywordMain.groovy:20)
	at com.kms.katalon.core.webui.keyword.builtin.ClickKeyword.click(ClickKeyword.groovy:74)
	at com.kms.katalon.core.webui.keyword.builtin.ClickKeyword.execute(ClickKeyword.groovy:40)
	at com.kms.katalon.core.keyword.internal.KeywordExecutor.executeKeywordForPlatform(KeywordExecutor.groovy:74)
	at com.kms.katalon.core.webui.keyword.WebUiBuiltInKeywords.click(WebUiBuiltInKeywords.groovy:620)
	at com.kms.katalon.core.webui.keyword.WebUiBuiltInKeywords$click$5.call(Unknown Source)
	at Script1548864405959.run(Script1548864405959.groovy:92)
	... 13 more
)

2022-03-09 12:06:46 - [MESSAGE][FAILED] - Unable to click on object 'Object Repository/Modulo Tarea Administracion Compensacion/Generacion Periodos Internos de Cada Nomina/td_P. MensualSeptiembre2021' (Root cause: com.kms.katalon.core.exception.StepFailedException: Unable to click on object 'Object Repository/Modulo Tarea Administracion Compensacion/Generacion Periodos Internos de Cada Nomina/td_P. MensualSeptiembre2021'
	at com.kms.katalon.core.webui.keyword.internal.WebUIKeywordMain.stepFailed(WebUIKeywordMain.groovy:64)
	at com.kms.katalon.core.webui.keyword.internal.WebUIKeywordMain.runKeyword(WebUIKeywordMain.groovy:26)
	at com.kms.katalon.core.webui.keyword.builtin.ClickKeyword.click(ClickKeyword.groovy:74)
	at com.kms.katalon.core.webui.keyword.builtin.ClickKeyword.execute(ClickKeyword.groovy:40)
	at com.kms.katalon.core.keyword.internal.KeywordExecutor.executeKeywordForPlatform(KeywordExecutor.groovy:74)
	at com.kms.katalon.core.webui.keyword.WebUiBuiltInKeywords.click(WebUiBuiltInKeywords.groovy:620)
	at com.kms.katalon.core.webui.keyword.WebUiBuiltInKeywords$click$5.call(Unknown Source)
	at 1.1.5-Generacion Periodos Internos de cada Nomina.run(1.1.5-Generacion Periodos Internos de cada Nomina:92)
	at com.kms.katalon.core.main.ScriptEngine.run(ScriptEngine.java:194)
	at com.kms.katalon.core.main.ScriptEngine.runScriptAsRawText(ScriptEngine.java:119)
	at com.kms.katalon.core.main.TestCaseExecutor.runScript(TestCaseExecutor.java:442)
	at com.kms.katalon.core.main.TestCaseExecutor.doExecute(TestCaseExecutor.java:433)
	at com.kms.katalon.core.main.TestCaseExecutor.processExecutionPhase(TestCaseExecutor.java:412)
	at com.kms.katalon.core.main.TestCaseExecutor.accessMainPhase(TestCaseExecutor.java:404)
	at com.kms.katalon.core.main.TestCaseExecutor.execute(TestCaseExecutor.java:281)
	at com.kms.katalon.core.main.TestSuiteExecutor.accessTestCaseMainPhase(TestSuiteExecutor.java:202)
	at com.kms.katalon.core.main.TestSuiteExecutor.accessTestSuiteMainPhase(TestSuiteExecutor.java:164)
	at com.kms.katalon.core.main.TestSuiteExecutor.execute(TestSuiteExecutor.java:105)
	at com.kms.katalon.core.main.TestCaseMain.startTestSuite(TestCaseMain.java:185)
	at com.kms.katalon.core.main.TestCaseMain$startTestSuite$0.call(Unknown Source)
	at TempTestSuite1646845129657.run(TempTestSuite1646845129657.groovy:36)
Caused by: org.openqa.selenium.ElementClickInterceptedException: element click intercepted: Element <td role="gridcell" class="">...</td> is not clickable at point (345, 401). Other element would receive the click: <div id="popupErrorDialog:dialog_popupFoto_modal" class="ui-widget-overlay ui-dialog-mask" style="z-index: 1028;"></div>
  (Session info: chrome=99.0.4844.51)
Build info: version: '3.141.59', revision: 'e82be7d358', time: '2018-11-14T08:25:53'
System info: host: 'US-AF-000371', ip: '192.168.56.1', os.name: 'Windows 10', os.arch: 'amd64', os.version: '10.0', java.version: '1.8.0_282'
Driver info: com.kms.katalon.selenium.driver.CChromeDriver
Capabilities {acceptInsecureCerts: false, browserName: chrome, browserVersion: 99.0.4844.51, chrome: {chromedriverVersion: 99.0.4844.51 (d537ec02474b5..., userDataDir: C:\Users\DIEGO~1.ROJ\AppDat...}, goog:chromeOptions: {debuggerAddress: localhost:62523}, javascriptEnabled: true, networkConnectionEnabled: false, pageLoadStrategy: normal, platform: WINDOWS, platformName: WINDOWS, proxy: Proxy(), setWindowRect: true, strictFileInteractability: false, timeouts: {implicit: 0, pageLoad: 300000, script: 30000}, unhandledPromptBehavior: dismiss and notify, webauthn:extension:credBlob: true, webauthn:extension:largeBlob: true, webauthn:virtualAuthenticators: true}
Session ID: 866fe86c06e61b447f7f01eaf0a20671
	at org.openqa.selenium.remote.http.W3CHttpResponseCodec.createException(W3CHttpResponseCodec.java:187)
	at org.openqa.selenium.remote.http.W3CHttpResponseCodec.decode(W3CHttpResponseCodec.java:122)
	at org.openqa.selenium.remote.http.W3CHttpResponseCodec.decode(W3CHttpResponseCodec.java:49)
	at org.openqa.selenium.remote.HttpCommandExecutor.execute(HttpCommandExecutor.java:158)
	at org.openqa.selenium.remote.service.DriverCommandExecutor.execute(DriverCommandExecutor.java:83)
	at org.openqa.selenium.remote.RemoteWebDriver.execute(RemoteWebDriver.java:552)
	at com.kms.katalon.selenium.driver.CChromeDriver.execute(CChromeDriver.java:19)
	at org.openqa.selenium.remote.RemoteWebElement.execute(RemoteWebElement.java:285)
	at org.openqa.selenium.remote.RemoteWebElement.click(RemoteWebElement.java:84)
	at org.openqa.selenium.support.events.EventFiringWebDriver$EventFiringWebElement.lambda$new$0(EventFiringWebDriver.java:404)
	at com.sun.proxy.$Proxy11.click(Unknown Source)
	at org.openqa.selenium.support.events.EventFiringWebDriver$EventFiringWebElement.click(EventFiringWebDriver.java:417)
	at org.openqa.selenium.WebElement$click$0.call(Unknown Source)
	at com.kms.katalon.core.webui.keyword.builtin.ClickKeyword.clickUntilSuccessWithTimeout(ClickKeyword.groovy:81)
	at com.kms.katalon.core.webui.keyword.builtin.ClickKeyword.clickUntilSuccessWithTimeout(ClickKeyword.groovy)
	at com.kms.katalon.core.webui.keyword.builtin.ClickKeyword$_click_closure1.doCall(ClickKeyword.groovy:67)
	at com.kms.katalon.core.webui.keyword.builtin.ClickKeyword$_click_closure1.call(ClickKeyword.groovy)
	at com.kms.katalon.core.webui.keyword.internal.WebUIKeywordMain.runKeyword(WebUIKeywordMain.groovy:20)
	at com.kms.katalon.core.webui.keyword.builtin.ClickKeyword.click(ClickKeyword.groovy:74)
	at com.kms.katalon.core.webui.keyword.builtin.ClickKeyword.execute(ClickKeyword.groovy:40)
	at com.kms.katalon.core.keyword.internal.KeywordExecutor.executeKeywordForPlatform(KeywordExecutor.groovy:74)
	at com.kms.katalon.core.webui.keyword.WebUiBuiltInKeywords.click(WebUiBuiltInKeywords.groovy:620)
	at com.kms.katalon.core.webui.keyword.WebUiBuiltInKeywords$click$5.call(Unknown Source)
	at Script1548864405959.run(Script1548864405959.groovy:92)
	... 13 more
)
[[ATTACHMENT|C:\\Users\\diego.rojas\\git\\Pruebas-Minimas\\Reports\\20220309_115823\\1-Tareas Principales\\20220309_115849\\1646845606634.png]]]]></system-out>
         <system-err><![CDATA[2022-03-09 12:05:35 - [TEST_CASE][FAILED] - Test Cases/1.1-Tareas Principales/1.1.5-Generacion Periodos Internos de cada Nomina: Test Cases/1.1-Tareas Principales/1.1.5-Generacion Periodos Internos de cada Nomina FAILED.
Reason:
com.kms.katalon.core.exception.StepFailedException: Unable to click on object 'Object Repository/Modulo Tarea Administracion Compensacion/Generacion Periodos Internos de Cada Nomina/td_P. MensualSeptiembre2021'
	at com.kms.katalon.core.webui.keyword.internal.WebUIKeywordMain.stepFailed(WebUIKeywordMain.groovy:64)
	at com.kms.katalon.core.webui.keyword.internal.WebUIKeywordMain.runKeyword(WebUIKeywordMain.groovy:26)
	at com.kms.katalon.core.webui.keyword.builtin.ClickKeyword.click(ClickKeyword.groovy:74)
	at com.kms.katalon.core.webui.keyword.builtin.ClickKeyword.execute(ClickKeyword.groovy:40)
	at com.kms.katalon.core.keyword.internal.KeywordExecutor.executeKeywordForPlatform(KeywordExecutor.groovy:74)
	at com.kms.katalon.core.webui.keyword.WebUiBuiltInKeywords.click(WebUiBuiltInKeywords.groovy:620)
	at com.kms.katalon.core.webui.keyword.WebUiBuiltInKeywords$click$5.call(Unknown Source)
	at 1.1.5-Generacion Periodos Internos de cada Nomina.run(1.1.5-Generacion Periodos Internos de cada Nomina:92)
	at com.kms.katalon.core.main.ScriptEngine.run(ScriptEngine.java:194)
	at com.kms.katalon.core.main.ScriptEngine.runScriptAsRawText(ScriptEngine.java:119)
	at com.kms.katalon.core.main.TestCaseExecutor.runScript(TestCaseExecutor.java:442)
	at com.kms.katalon.core.main.TestCaseExecutor.doExecute(TestCaseExecutor.java:433)
	at com.kms.katalon.core.main.TestCaseExecutor.processExecutionPhase(TestCaseExecutor.java:412)
	at com.kms.katalon.core.main.TestCaseExecutor.accessMainPhase(TestCaseExecutor.java:404)
	at com.kms.katalon.core.main.TestCaseExecutor.execute(TestCaseExecutor.java:281)
	at com.kms.katalon.core.main.TestSuiteExecutor.accessTestCaseMainPhase(TestSuiteExecutor.java:202)
	at com.kms.katalon.core.main.TestSuiteExecutor.accessTestSuiteMainPhase(TestSuiteExecutor.java:164)
	at com.kms.katalon.core.main.TestSuiteExecutor.execute(TestSuiteExecutor.java:105)
	at com.kms.katalon.core.main.TestCaseMain.startTestSuite(TestCaseMain.java:185)
	at com.kms.katalon.core.main.TestCaseMain$startTestSuite$0.call(Unknown Source)
	at TempTestSuite1646845129657.run(TempTestSuite1646845129657.groovy:36)
Caused by: org.openqa.selenium.ElementClickInterceptedException: element click intercepted: Element <td role="gridcell" class="">...</td> is not clickable at point (345, 401). Other element would receive the click: <div id="popupErrorDialog:dialog_popupFoto_modal" class="ui-widget-overlay ui-dialog-mask" style="z-index: 1028;"></div>
  (Session info: chrome=99.0.4844.51)
Build info: version: '3.141.59', revision: 'e82be7d358', time: '2018-11-14T08:25:53'
System info: host: 'US-AF-000371', ip: '192.168.56.1', os.name: 'Windows 10', os.arch: 'amd64', os.version: '10.0', java.version: '1.8.0_282'
Driver info: com.kms.katalon.selenium.driver.CChromeDriver
Capabilities {acceptInsecureCerts: false, browserName: chrome, browserVersion: 99.0.4844.51, chrome: {chromedriverVersion: 99.0.4844.51 (d537ec02474b5..., userDataDir: C:\Users\DIEGO~1.ROJ\AppDat...}, goog:chromeOptions: {debuggerAddress: localhost:62523}, javascriptEnabled: true, networkConnectionEnabled: false, pageLoadStrategy: normal, platform: WINDOWS, platformName: WINDOWS, proxy: Proxy(), setWindowRect: true, strictFileInteractability: false, timeouts: {implicit: 0, pageLoad: 300000, script: 30000}, unhandledPromptBehavior: dismiss and notify, webauthn:extension:credBlob: true, webauthn:extension:largeBlob: true, webauthn:virtualAuthenticators: true}
Session ID: 866fe86c06e61b447f7f01eaf0a20671
	at org.openqa.selenium.remote.http.W3CHttpResponseCodec.createException(W3CHttpResponseCodec.java:187)
	at org.openqa.selenium.remote.http.W3CHttpResponseCodec.decode(W3CHttpResponseCodec.java:122)
	at org.openqa.selenium.remote.http.W3CHttpResponseCodec.decode(W3CHttpResponseCodec.java:49)
	at org.openqa.selenium.remote.HttpCommandExecutor.execute(HttpCommandExecutor.java:158)
	at org.openqa.selenium.remote.service.DriverCommandExecutor.execute(DriverCommandExecutor.java:83)
	at org.openqa.selenium.remote.RemoteWebDriver.execute(RemoteWebDriver.java:552)
	at com.kms.katalon.selenium.driver.CChromeDriver.execute(CChromeDriver.java:19)
	at org.openqa.selenium.remote.RemoteWebElement.execute(RemoteWebElement.java:285)
	at org.openqa.selenium.remote.RemoteWebElement.click(RemoteWebElement.java:84)
	at org.openqa.selenium.support.events.EventFiringWebDriver$EventFiringWebElement.lambda$new$0(EventFiringWebDriver.java:404)
	at com.sun.proxy.$Proxy11.click(Unknown Source)
	at org.openqa.selenium.support.events.EventFiringWebDriver$EventFiringWebElement.click(EventFiringWebDriver.java:417)
	at org.openqa.selenium.WebElement$click$0.call(Unknown Source)
	at com.kms.katalon.core.webui.keyword.builtin.ClickKeyword.clickUntilSuccessWithTimeout(ClickKeyword.groovy:81)
	at com.kms.katalon.core.webui.keyword.builtin.ClickKeyword.clickUntilSuccessWithTimeout(ClickKeyword.groovy)
	at com.kms.katalon.core.webui.keyword.builtin.ClickKeyword$_click_closure1.doCall(ClickKeyword.groovy:67)
	at com.kms.katalon.core.webui.keyword.builtin.ClickKeyword$_click_closure1.call(ClickKeyword.groovy)
	at com.kms.katalon.core.webui.keyword.internal.WebUIKeywordMain.runKeyword(WebUIKeywordMain.groovy:20)
	... 19 more]]></system-err>
      </testcase>
      <testcase name="Test Cases/1.1-Tareas Principales/1.1.6-crear vacaciones" time="122.126" classname="Test Cases/1.1-Tareas Principales/1.1.6-crear vacaciones" status="FAILED">
         <failure type="FAILED" message="Test Cases/1.1-Tareas Principales/1.1.6-crear vacaciones FAILED.
Reason:
com.kms.katalon.core.exception.StepFailedException: Unable to click on object 'Object Repository/Modulo Tarea Administracion Compensacion/Dias con Permisos Pasivos Permitidos/a_Guardar_solicitudes'
	at com.kms.katalon.core.webui.keyword.internal.WebUIKeywordMain.stepFailed(WebUIKeywordMain.groovy:64)
	at com.kms.katalon.core.webui.keyword.internal.WebUIKeywordMain.runKeyword(WebUIKeywordMain.groovy:26)
	at com.kms.katalon.core.webui.keyword.builtin.ClickKeyword.click(ClickKeyword.groovy:74)
	at com.kms.katalon.core.webui.keyword.builtin.ClickKeyword.execute(ClickKeyword.groovy:40)
	at com.kms.katalon.core.keyword.internal.KeywordExecutor.executeKeywordForPlatform(KeywordExecutor.groovy:74)
	at com.kms.katalon.core.webui.keyword.WebUiBuiltInKeywords.click(WebUiBuiltInKeywords.groovy:620)
	at com.kms.katalon.core.webui.keyword.WebUiBuiltInKeywords$click$5.call(Unknown Source)
	at 1.1.6-crear vacaciones.run(1.1.6-crear vacaciones:177)
	at com.kms.katalon.core.main.ScriptEngine.run(ScriptEngine.java:194)
	at com.kms.katalon.core.main.ScriptEngine.runScriptAsRawText(ScriptEngine.java:119)
	at com.kms.katalon.core.main.TestCaseExecutor.runScript(TestCaseExecutor.java:442)
	at com.kms.katalon.core.main.TestCaseExecutor.doExecute(TestCaseExecutor.java:433)
	at com.kms.katalon.core.main.TestCaseExecutor.processExecutionPhase(TestCaseExecutor.java:412)
	at com.kms.katalon.core.main.TestCaseExecutor.accessMainPhase(TestCaseExecutor.java:404)
	at com.kms.katalon.core.main.TestCaseExecutor.execute(TestCaseExecutor.java:281)
	at com.kms.katalon.core.main.TestSuiteExecutor.accessTestCaseMainPhase(TestSuiteExecutor.java:202)
	at com.kms.katalon.core.main.TestSuiteExecutor.accessTestSuiteMainPhase(TestSuiteExecutor.java:164)
	at com.kms.katalon.core.main.TestSuiteExecutor.execute(TestSuiteExecutor.java:105)
	at com.kms.katalon.core.main.TestCaseMain.startTestSuite(TestCaseMain.java:185)
	at com.kms.katalon.core.main.TestCaseMain$startTestSuite$0.call(Unknown Source)
	at TempTestSuite1646845129657.run(TempTestSuite1646845129657.groovy:36)
Caused by: com.kms.katalon.core.webui.exception.WebElementNotFoundException: Web element with id: 'Object Repository/Modulo Tarea Administracion Compensacion/Dias con Permisos Pasivos Permitidos/a_Guardar_solicitudes' located by '//*/text()[normalize-space(.)='Guardar Legalizar']/parent::*' not found
	at com.kms.katalon.core.webui.common.WebUiCommonHelper.findWebElement(WebUiCommonHelper.java:1370)
	at com.kms.katalon.core.webui.keyword.internal.WebUIAbstractKeyword.findWebElement(WebUIAbstractKeyword.groovy:27)
	at com.kms.katalon.core.webui.keyword.builtin.ClickKeyword$_click_closure1.doCall(ClickKeyword.groovy:65)
	at com.kms.katalon.core.webui.keyword.builtin.ClickKeyword$_click_closure1.call(ClickKeyword.groovy)
	at com.kms.katalon.core.webui.keyword.internal.WebUIKeywordMain.runKeyword(WebUIKeywordMain.groovy:20)
	... 19 more
"/>
         <system-out><![CDATA[2022-03-09 12:06:46 - [TEST_CASE][FAILED] - Test Cases/1.1-Tareas Principales/1.1.6-crear vacaciones: Test Cases/1.1-Tareas Principales/1.1.6-crear vacaciones FAILED.
Reason:
com.kms.katalon.core.exception.StepFailedException: Unable to click on object 'Object Repository/Modulo Tarea Administracion Compensacion/Dias con Permisos Pasivos Permitidos/a_Guardar_solicitudes'
	at com.kms.katalon.core.webui.keyword.internal.WebUIKeywordMain.stepFailed(WebUIKeywordMain.groovy:64)
	at com.kms.katalon.core.webui.keyword.internal.WebUIKeywordMain.runKeyword(WebUIKeywordMain.groovy:26)
	at com.kms.katalon.core.webui.keyword.builtin.ClickKeyword.click(ClickKeyword.groovy:74)
	at com.kms.katalon.core.webui.keyword.builtin.ClickKeyword.execute(ClickKeyword.groovy:40)
	at com.kms.katalon.core.keyword.internal.KeywordExecutor.executeKeywordForPlatform(KeywordExecutor.groovy:74)
	at com.kms.katalon.core.webui.keyword.WebUiBuiltInKeywords.click(WebUiBuiltInKeywords.groovy:620)
	at com.kms.katalon.core.webui.keyword.WebUiBuiltInKeywords$click$5.call(Unknown Source)
	at 1.1.6-crear vacaciones.run(1.1.6-crear vacaciones:177)
	at com.kms.katalon.core.main.ScriptEngine.run(ScriptEngine.java:194)
	at com.kms.katalon.core.main.ScriptEngine.runScriptAsRawText(ScriptEngine.java:119)
	at com.kms.katalon.core.main.TestCaseExecutor.runScript(TestCaseExecutor.java:442)
	at com.kms.katalon.core.main.TestCaseExecutor.doExecute(TestCaseExecutor.java:433)
	at com.kms.katalon.core.main.TestCaseExecutor.processExecutionPhase(TestCaseExecutor.java:412)
	at com.kms.katalon.core.main.TestCaseExecutor.accessMainPhase(TestCaseExecutor.java:404)
	at com.kms.katalon.core.main.TestCaseExecutor.execute(TestCaseExecutor.java:281)
	at com.kms.katalon.core.main.TestSuiteExecutor.accessTestCaseMainPhase(TestSuiteExecutor.java:202)
	at com.kms.katalon.core.main.TestSuiteExecutor.accessTestSuiteMainPhase(TestSuiteExecutor.java:164)
	at com.kms.katalon.core.main.TestSuiteExecutor.execute(TestSuiteExecutor.java:105)
	at com.kms.katalon.core.main.TestCaseMain.startTestSuite(TestCaseMain.java:185)
	at com.kms.katalon.core.main.TestCaseMain$startTestSuite$0.call(Unknown Source)
	at TempTestSuite1646845129657.run(TempTestSuite1646845129657.groovy:36)
Caused by: com.kms.katalon.core.webui.exception.WebElementNotFoundException: Web element with id: 'Object Repository/Modulo Tarea Administracion Compensacion/Dias con Permisos Pasivos Permitidos/a_Guardar_solicitudes' located by '//*/text()[normalize-space(.)='Guardar Legalizar']/parent::*' not found
	at com.kms.katalon.core.webui.common.WebUiCommonHelper.findWebElement(WebUiCommonHelper.java:1370)
	at com.kms.katalon.core.webui.keyword.internal.WebUIAbstractKeyword.findWebElement(WebUIAbstractKeyword.groovy:27)
	at com.kms.katalon.core.webui.keyword.builtin.ClickKeyword$_click_closure1.doCall(ClickKeyword.groovy:65)
	at com.kms.katalon.core.webui.keyword.builtin.ClickKeyword$_click_closure1.call(ClickKeyword.groovy)
	at com.kms.katalon.core.webui.keyword.internal.WebUIKeywordMain.runKeyword(WebUIKeywordMain.groovy:20)
	... 19 more


2022-03-09 12:06:47 - [TEST_STEP][PASSED] - callTestCase(findTestCase("Utilidades-(atajos_para _tareas)/Tareas Administracion Compensacion/Tarea Listado Empleados"), [:], STOP_ON_FAILURE): Call Test Case 'Test Cases/Utilidades-(atajos_para _tareas)/Tareas Administracion Compensacion/Tarea Listado Empleados' successfully

2022-03-09 12:06:47 - [TEST_CASE][PASSED] - Test Cases/Utilidades-(atajos_para _tareas)/Tareas Administracion Compensacion/Tarea Listado Empleados: Test Cases/Utilidades-(atajos_para _tareas)/Tareas Administracion Compensacion/Tarea Listado Empleados

2022-03-09 12:06:47 - [TEST_STEP][PASSED] - callTestCase(findTestCase("0.1-Login"), [:], STOP_ON_FAILURE): Call Test Case 'Test Cases/0.1-Login' successfully

2022-03-09 12:06:48 - [TEST_CASE][PASSED] - Test Cases/0.1-Login: Test Cases/0.1-Login

2022-03-09 12:06:48 - [TEST_STEP][PASSED] - openBrowser(""): Browser is opened with url: ''

2022-03-09 12:06:48 - [MESSAGE][WARNING] - A browser is already opened. Closing browser and opening a new one

2022-03-09 12:06:49 - [MESSAGE][INFO] - Starting 'Chrome' driver

2022-03-09 12:06:49 - [MESSAGE][INFO] - Action delay is set to 0 milliseconds

2022-03-09 12:06:52 - [MESSAGE][PASSED] - Browser is opened with url: ''

2022-03-09 12:06:52 - [TEST_STEP][PASSED] - maximizeWindow(): Current window maximized

2022-03-09 12:06:52 - [MESSAGE][PASSED] - Current window maximized

2022-03-09 12:06:52 - [TEST_STEP][PASSED] - i = G_Login: null

2022-03-09 12:06:52 - [TEST_STEP][PASSED] - url = new java.net.URL(i): null

2022-03-09 12:06:52 - [TEST_STEP][PASSED] - println("URL: " + url.toString()): null

2022-03-09 12:06:52 - [TEST_STEP][PASSED] - connection = url.openConnection(): null

2022-03-09 12:06:52 - [TEST_STEP][PASSED] - connection.setRequestMethod("GET"): null

2022-03-09 12:06:52 - [TEST_STEP][PASSED] - connection.setReadTimeout(2 * 1000): null

2022-03-09 12:06:52 - [TEST_STEP][PASSED] - try: null

2022-03-09 12:06:52 - [TEST_STEP][PASSED] - connection.connect(): null

2022-03-09 12:06:52 - [TEST_STEP][PASSED] - flag = connected: null

2022-03-09 12:06:52 - [TEST_STEP][PASSED] - println("Valor_ori: " + flag): null

2022-03-09 12:06:52 - [TEST_STEP][PASSED] - if (flag): null

2022-03-09 12:06:52 - [TEST_STEP][PASSED] - navigateToUrl(i): Navigate to 'http://192.168.2.80:8380/saraweb' successfully

2022-03-09 12:06:52 - [MESSAGE][PASSED] - Navigate to 'http://192.168.2.80:8380/saraweb' successfully

2022-03-09 12:06:52 - [TEST_STEP][PASSED] - a(): null

2022-03-09 12:06:52 - [TEST_STEP][PASSED] - setText(findTestObject("Login/input_USUARIO_loginusuario"), G_Usuario): Text 'saraadmin' is set on object 'Object Repository/Login/input_USUARIO_loginusuario'

2022-03-09 12:06:53 - [MESSAGE][PASSED] - Text 'saraadmin' is set on object 'Object Repository/Login/input_USUARIO_loginusuario'

2022-03-09 12:06:53 - [TEST_STEP][PASSED] - setEncryptedText(findTestObject("Login/input_CLAVE_loginpassword"), "MkG4/TYiCFC3cb2driP7+Q=="): Text ****** has been set on object 'Object Repository/Login/input_CLAVE_loginpassword'

2022-03-09 12:06:54 - [MESSAGE][PASSED] - Text ****** has been set on object 'Object Repository/Login/input_CLAVE_loginpassword'

2022-03-09 12:06:54 - [TEST_STEP][PASSED] - waitForElementClickable(findTestObject("Login/a_Ingresar"), G_TimeOut): Object 'Object Repository/Login/a_Ingresar' is clickable

2022-03-09 12:06:54 - [MESSAGE][PASSED] - Object 'Object Repository/Login/a_Ingresar' is clickable

2022-03-09 12:06:54 - [TEST_STEP][PASSED] - click(findTestObject("Login/a_Ingresar")): Object: 'Object Repository/Login/a_Ingresar' is clicked on

2022-03-09 12:06:57 - [MESSAGE][PASSED] - Object: 'Object Repository/Login/a_Ingresar' is clicked on

2022-03-09 12:06:57 - [TEST_STEP][PASSED] - element = findWebElement(findTestObject("Login/a_Ir"), 30): null

2022-03-09 12:06:57 - [TEST_STEP][PASSED] - executeJavaScript("arguments[0].click()", Arrays.asList(element)): Execute JavaScript 'arguments[0].click()' successfully

2022-03-09 12:06:57 - [MESSAGE][PASSED] - Execute JavaScript 'arguments[0].click()' successfully

2022-03-09 12:06:57 - [MESSAGE][PASSED] - Call Test Case 'Test Cases/0.1-Login' successfully

2022-03-09 12:06:57 - [TEST_STEP][PASSED] - setText(findTestObject("Modulo Tarea Listado Hojas de Vida/Tareas Listado Hojas de Vida/input_Listado Hojas De Vida_form_templatej_idt24_input"), "Listado de Empleados"): Text 'Listado de Empleados' is set on object 'Object Repository/Modulo Tarea Listado Hojas de Vida/Tareas Listado Hojas de Vida/input_Listado Hojas De Vida_form_templatej_idt24_input'

2022-03-09 12:06:59 - [MESSAGE][PASSED] - Text 'Listado de Empleados' is set on object 'Object Repository/Modulo Tarea Listado Hojas de Vida/Tareas Listado Hojas de Vida/input_Listado Hojas De Vida_form_templatej_idt24_input'

2022-03-09 12:06:59 - [TEST_STEP][PASSED] - delay(3): Delayed 3 second(s)

2022-03-09 12:07:02 - [MESSAGE][PASSED] - Delayed 3 second(s)

2022-03-09 12:07:02 - [TEST_STEP][PASSED] - sendKeys(findTestObject("Modulo Tarea Listado Hojas de Vida/Tareas Listado Hojas de Vida/input_Listado Hojas De Vida_form_templatej_idt24_input"), Keys.chord(ENTER)): Keys 'ENTER + ' sent to object: 'Object Repository/Modulo Tarea Listado Hojas de Vida/Tareas Listado Hojas de Vida/input_Listado Hojas De Vida_form_templatej_idt24_input'

2022-03-09 12:07:05 - [MESSAGE][PASSED] - Keys 'ENTER + ' sent to object: 'Object Repository/Modulo Tarea Listado Hojas de Vida/Tareas Listado Hojas de Vida/input_Listado Hojas De Vida_form_templatej_idt24_input'

2022-03-09 12:07:05 - [MESSAGE][PASSED] - Call Test Case 'Test Cases/Utilidades-(atajos_para _tareas)/Tareas Administracion Compensacion/Tarea Listado Empleados' successfully

2022-03-09 12:07:05 - [TEST_STEP][PASSED] - setText(findTestObject("Modulo Tarea Administracion Compensacion/Dias con Permisos Pasivos Permitidos/input_Identificacin_listadoEmpleadoIdentificacionEmpleado"), "1234567890"): Text '1234567890' is set on object 'Object Repository/Modulo Tarea Administracion Compensacion/Dias con Permisos Pasivos Permitidos/input_Identificacin_listadoEmpleadoIdentificacionEmpleado'

2022-03-09 12:07:07 - [MESSAGE][PASSED] - Text '1234567890' is set on object 'Object Repository/Modulo Tarea Administracion Compensacion/Dias con Permisos Pasivos Permitidos/input_Identificacin_listadoEmpleadoIdentificacionEmpleado'

2022-03-09 12:07:07 - [TEST_STEP][PASSED] - sendKeys(findTestObject("Modulo Tarea Administracion Compensacion/Dias con Permisos Pasivos Permitidos/input_Identificacin_listadoEmpleadoIdentificacionEmpleado"), Keys.chord(ENTER)): Keys 'ENTER + ' sent to object: 'Object Repository/Modulo Tarea Administracion Compensacion/Dias con Permisos Pasivos Permitidos/input_Identificacin_listadoEmpleadoIdentificacionEmpleado'

2022-03-09 12:07:07 - [MESSAGE][PASSED] - Keys 'ENTER + ' sent to object: 'Object Repository/Modulo Tarea Administracion Compensacion/Dias con Permisos Pasivos Permitidos/input_Identificacin_listadoEmpleadoIdentificacionEmpleado'

2022-03-09 12:07:07 - [TEST_STEP][PASSED] - waitForElementClickable(findTestObject("Modulo Tarea Administracion Compensacion/Dias con Permisos Pasivos Permitidos/span_Consta Belfegord Jhon"), G_TimeOut): Object 'Object Repository/Modulo Tarea Administracion Compensacion/Dias con Permisos Pasivos Permitidos/span_Consta Belfegord Jhon' is clickable

2022-03-09 12:07:08 - [MESSAGE][PASSED] - Object 'Object Repository/Modulo Tarea Administracion Compensacion/Dias con Permisos Pasivos Permitidos/span_Consta Belfegord Jhon' is clickable

2022-03-09 12:07:08 - [TEST_STEP][PASSED] - click(findTestObject("Modulo Tarea Administracion Compensacion/Dias con Permisos Pasivos Permitidos/span_Consta Belfegord Jhon")): Object: 'Object Repository/Modulo Tarea Administracion Compensacion/Dias con Permisos Pasivos Permitidos/span_Consta Belfegord Jhon' is clicked on

2022-03-09 12:07:09 - [MESSAGE][PASSED] - Object: 'Object Repository/Modulo Tarea Administracion Compensacion/Dias con Permisos Pasivos Permitidos/span_Consta Belfegord Jhon' is clicked on

2022-03-09 12:07:09 - [TEST_STEP][PASSED] - waitForElementClickable(findTestObject("Modulo Tarea Administracion Compensacion/Dias con Permisos Pasivos Permitidos/a_Vacacin"), G_TimeOut): Object 'Object Repository/Modulo Tarea Administracion Compensacion/Dias con Permisos Pasivos Permitidos/a_Vacacin' is clickable

2022-03-09 12:07:11 - [MESSAGE][PASSED] - Object 'Object Repository/Modulo Tarea Administracion Compensacion/Dias con Permisos Pasivos Permitidos/a_Vacacin' is clickable

2022-03-09 12:07:11 - [TEST_STEP][PASSED] - click(findTestObject("Modulo Tarea Administracion Compensacion/Dias con Permisos Pasivos Permitidos/a_Vacacin")): Object: 'Object Repository/Modulo Tarea Administracion Compensacion/Dias con Permisos Pasivos Permitidos/a_Vacacin' is clicked on

2022-03-09 12:07:11 - [MESSAGE][PASSED] - Object: 'Object Repository/Modulo Tarea Administracion Compensacion/Dias con Permisos Pasivos Permitidos/a_Vacacin' is clicked on

2022-03-09 12:07:11 - [TEST_STEP][PASSED] - if (waitForElementClickable(findTestObject("Modulo Tarea Administracion Compensacion/Dias con Permisos Pasivos Permitidos/span_Programacion De Vacaciones"), G_TimeOut)): null

2022-03-09 12:07:12 - [MESSAGE][PASSED] - Object 'Object Repository/Modulo Tarea Administracion Compensacion/Dias con Permisos Pasivos Permitidos/span_Programacion De Vacaciones' is clickable

2022-03-09 12:07:12 - [TEST_STEP][PASSED] - click(findTestObject("Modulo Tarea Administracion Compensacion/Dias con Permisos Pasivos Permitidos/span_Programacion De Vacaciones")): Object: 'Object Repository/Modulo Tarea Administracion Compensacion/Dias con Permisos Pasivos Permitidos/span_Programacion De Vacaciones' is clicked on

2022-03-09 12:07:13 - [MESSAGE][PASSED] - Object: 'Object Repository/Modulo Tarea Administracion Compensacion/Dias con Permisos Pasivos Permitidos/span_Programacion De Vacaciones' is clicked on

2022-03-09 12:07:13 - [TEST_STEP][PASSED] - waitForElementClickable(findTestObject("Modulo Tarea Administracion Compensacion/Dias con Permisos Pasivos Permitidos/a_Eliminar"), G_TimeOut): Object 'Object Repository/Modulo Tarea Administracion Compensacion/Dias con Permisos Pasivos Permitidos/a_Eliminar' is clickable

2022-03-09 12:07:13 - [MESSAGE][PASSED] - Object 'Object Repository/Modulo Tarea Administracion Compensacion/Dias con Permisos Pasivos Permitidos/a_Eliminar' is clickable

2022-03-09 12:07:13 - [TEST_STEP][PASSED] - click(findTestObject("Modulo Tarea Administracion Compensacion/Dias con Permisos Pasivos Permitidos/a_Eliminar")): Object: 'Object Repository/Modulo Tarea Administracion Compensacion/Dias con Permisos Pasivos Permitidos/a_Eliminar' is clicked on

2022-03-09 12:07:14 - [MESSAGE][PASSED] - Object: 'Object Repository/Modulo Tarea Administracion Compensacion/Dias con Permisos Pasivos Permitidos/a_Eliminar' is clicked on

2022-03-09 12:07:14 - [TEST_STEP][PASSED] - waitForElementClickable(findTestObject("Modulo Tarea Administracion Compensacion/Dias con Permisos Pasivos Permitidos/a_Aceptar"), G_TimeOut): Object 'Object Repository/Modulo Tarea Administracion Compensacion/Dias con Permisos Pasivos Permitidos/a_Aceptar' is clickable

2022-03-09 12:07:15 - [MESSAGE][PASSED] - Object 'Object Repository/Modulo Tarea Administracion Compensacion/Dias con Permisos Pasivos Permitidos/a_Aceptar' is clickable

2022-03-09 12:07:15 - [TEST_STEP][PASSED] - click(findTestObject("Modulo Tarea Administracion Compensacion/Dias con Permisos Pasivos Permitidos/a_Aceptar")): Object: 'Object Repository/Modulo Tarea Administracion Compensacion/Dias con Permisos Pasivos Permitidos/a_Aceptar' is clicked on

2022-03-09 12:07:15 - [MESSAGE][PASSED] - Object: 'Object Repository/Modulo Tarea Administracion Compensacion/Dias con Permisos Pasivos Permitidos/a_Aceptar' is clicked on

2022-03-09 12:07:15 - [TEST_STEP][PASSED] - click(findTestObject("Modulo Tarea Administracion Compensacion/Dias con Permisos Pasivos Permitidos/a_Histrico")): Object: 'Object Repository/Modulo Tarea Administracion Compensacion/Dias con Permisos Pasivos Permitidos/a_Histrico' is clicked on

2022-03-09 12:07:16 - [MESSAGE][PASSED] - Object: 'Object Repository/Modulo Tarea Administracion Compensacion/Dias con Permisos Pasivos Permitidos/a_Histrico' is clicked on

2022-03-09 12:07:16 - [TEST_STEP][PASSED] - if (waitForElementClickable(findTestObject("Modulo Tarea Administracion Compensacion/Dias con Permisos Pasivos Permitidos/span_Programacion De Vacaciones"), 1)): Web element with id: 'Object Repository/Modulo Tarea Administracion Compensacion/Dias con Permisos Pasivos Permitidos/span_Programacion De Vacaciones' located by '//*/text()[normalize-space(.)='Programacion De Vacaciones']/parent::*' not found

2022-03-09 12:07:18 - [MESSAGE][INFO] - Unable to find the element located by 'By.xpath: //*/text()[normalize-space(.)='Programacion De Vacaciones']/parent::*'. Please recheck the objects properties to make sure the desired element is located. 

2022-03-09 12:07:18 - [MESSAGE][WARNING] - Web element with id: 'Object Repository/Modulo Tarea Administracion Compensacion/Dias con Permisos Pasivos Permitidos/span_Programacion De Vacaciones' located by '//*/text()[normalize-space(.)='Programacion De Vacaciones']/parent::*' not found

2022-03-09 12:07:18 - [TEST_STEP][PASSED] - click(findTestObject("Modulo Tarea Administracion Compensacion/Dias con Permisos Pasivos Permitidos/a_Vacaciones")): Object: 'Object Repository/Modulo Tarea Administracion Compensacion/Dias con Permisos Pasivos Permitidos/a_Vacaciones' is clicked on

2022-03-09 12:07:19 - [MESSAGE][PASSED] - Object: 'Object Repository/Modulo Tarea Administracion Compensacion/Dias con Permisos Pasivos Permitidos/a_Vacaciones' is clicked on

2022-03-09 12:07:19 - [TEST_STEP][PASSED] - waitForElementClickable(findTestObject("Modulo Tarea Administracion Compensacion/Dias con Permisos Pasivos Permitidos/a_Nuevo Pasivo"), G_TimeOut): Object 'Object Repository/Modulo Tarea Administracion Compensacion/Dias con Permisos Pasivos Permitidos/a_Nuevo Pasivo' is clickable

2022-03-09 12:07:19 - [MESSAGE][PASSED] - Object 'Object Repository/Modulo Tarea Administracion Compensacion/Dias con Permisos Pasivos Permitidos/a_Nuevo Pasivo' is clickable

2022-03-09 12:07:19 - [TEST_STEP][PASSED] - click(findTestObject("Modulo Tarea Administracion Compensacion/Dias con Permisos Pasivos Permitidos/a_Nuevo Pasivo")): Object: 'Object Repository/Modulo Tarea Administracion Compensacion/Dias con Permisos Pasivos Permitidos/a_Nuevo Pasivo' is clicked on

2022-03-09 12:07:20 - [MESSAGE][PASSED] - Object: 'Object Repository/Modulo Tarea Administracion Compensacion/Dias con Permisos Pasivos Permitidos/a_Nuevo Pasivo' is clicked on

2022-03-09 12:07:20 - [TEST_STEP][PASSED] - click(findTestObject("Modulo Tarea Administracion Compensacion/Dias con Permisos Pasivos Permitidos/a_pestaa Vacaciones")): Object: 'Object Repository/Modulo Tarea Administracion Compensacion/Dias con Permisos Pasivos Permitidos/a_pestaa Vacaciones' is clicked on

2022-03-09 12:07:21 - [MESSAGE][PASSED] - Object: 'Object Repository/Modulo Tarea Administracion Compensacion/Dias con Permisos Pasivos Permitidos/a_pestaa Vacaciones' is clicked on

2022-03-09 12:07:21 - [TEST_STEP][PASSED] - selectOptionByIndex(findTestObject("Modulo Tarea Administracion Compensacion/Dias con Permisos Pasivos Permitidos/select_APLAZAMIENTOPROGRAMACION DE VACACIONES"), "2"): All options with index in [2] are selected on object 'Object Repository/Modulo Tarea Administracion Compensacion/Dias con Permisos Pasivos Permitidos/select_APLAZAMIENTOPROGRAMACION DE VACACIONES'

2022-03-09 12:07:22 - [MESSAGE][PASSED] - All options with index in [2] are selected on object 'Object Repository/Modulo Tarea Administracion Compensacion/Dias con Permisos Pasivos Permitidos/select_APLAZAMIENTOPROGRAMACION DE VACACIONES'

2022-03-09 12:07:22 - [TEST_STEP][PASSED] - selectOptionByIndex(findTestObject("Modulo Tarea Administracion Compensacion/Dias con Permisos Pasivos Permitidos/select_InterrupcinNo Aplica"), "1"): All options with index in [1] are selected on object 'Object Repository/Modulo Tarea Administracion Compensacion/Dias con Permisos Pasivos Permitidos/select_InterrupcinNo Aplica'

2022-03-09 12:07:23 - [MESSAGE][PASSED] - All options with index in [1] are selected on object 'Object Repository/Modulo Tarea Administracion Compensacion/Dias con Permisos Pasivos Permitidos/select_InterrupcinNo Aplica'

2022-03-09 12:07:23 - [TEST_STEP][PASSED] - setText(findTestObject("Modulo Tarea Administracion Compensacion/Dias con Permisos Pasivos Permitidos/input_Periodo Servicio_form_"), "01/06/2021"): Text '01/06/2021' is set on object 'Object Repository/Modulo Tarea Administracion Compensacion/Dias con Permisos Pasivos Permitidos/input_Periodo Servicio_form_'

2022-03-09 12:07:23 - [MESSAGE][PASSED] - Text '01/06/2021' is set on object 'Object Repository/Modulo Tarea Administracion Compensacion/Dias con Permisos Pasivos Permitidos/input_Periodo Servicio_form_'

2022-03-09 12:07:23 - [TEST_STEP][PASSED] - click(findTestObject("Modulo Tarea Administracion Compensacion/Dias con Permisos Pasivos Permitidos/span_Periodo Servicio"), STOP_ON_FAILURE): Object: 'Object Repository/Modulo Tarea Administracion Compensacion/Dias con Permisos Pasivos Permitidos/span_Periodo Servicio' is clicked on

2022-03-09 12:07:24 - [MESSAGE][PASSED] - Object: 'Object Repository/Modulo Tarea Administracion Compensacion/Dias con Permisos Pasivos Permitidos/span_Periodo Servicio' is clicked on

2022-03-09 12:07:24 - [TEST_STEP][PASSED] - setText(findTestObject("Modulo Tarea Administracion Compensacion/Dias con Permisos Pasivos Permitidos/input_Periodo Servicio_form_vacaciones"), "06/06/2021"): Text '06/06/2021' is set on object 'Object Repository/Modulo Tarea Administracion Compensacion/Dias con Permisos Pasivos Permitidos/input_Periodo Servicio_form_vacaciones'

2022-03-09 12:07:25 - [MESSAGE][PASSED] - Text '06/06/2021' is set on object 'Object Repository/Modulo Tarea Administracion Compensacion/Dias con Permisos Pasivos Permitidos/input_Periodo Servicio_form_vacaciones'

2022-03-09 12:07:25 - [TEST_STEP][PASSED] - sendKeys(findTestObject("Modulo Tarea Administracion Compensacion/Dias con Permisos Pasivos Permitidos/input_Periodo Servicio_form_vacaciones"), Keys.chord(ENTER)): Keys 'ENTER + ' sent to object: 'Object Repository/Modulo Tarea Administracion Compensacion/Dias con Permisos Pasivos Permitidos/input_Periodo Servicio_form_vacaciones'

2022-03-09 12:07:26 - [MESSAGE][PASSED] - Keys 'ENTER + ' sent to object: 'Object Repository/Modulo Tarea Administracion Compensacion/Dias con Permisos Pasivos Permitidos/input_Periodo Servicio_form_vacaciones'

2022-03-09 12:07:26 - [TEST_STEP][PASSED] - setText(findTestObject("Modulo Tarea Administracion Compensacion/Dias con Permisos Pasivos Permitidos/input_Das_form_vacacionesEmpleadotabs"), "5"): Text '5' is set on object 'Object Repository/Modulo Tarea Administracion Compensacion/Dias con Permisos Pasivos Permitidos/input_Das_form_vacacionesEmpleadotabs'

2022-03-09 12:07:26 - [MESSAGE][PASSED] - Text '5' is set on object 'Object Repository/Modulo Tarea Administracion Compensacion/Dias con Permisos Pasivos Permitidos/input_Das_form_vacacionesEmpleadotabs'

2022-03-09 12:07:26 - [TEST_STEP][PASSED] - setText(findTestObject("Modulo Tarea Administracion Compensacion/Dias con Permisos Pasivos Permitidos/input_Fecha Origen_form_vacaciones"), "01/06/2021"): Text '01/06/2021' is set on object 'Object Repository/Modulo Tarea Administracion Compensacion/Dias con Permisos Pasivos Permitidos/input_Fecha Origen_form_vacaciones'

2022-03-09 12:07:28 - [MESSAGE][PASSED] - Text '01/06/2021' is set on object 'Object Repository/Modulo Tarea Administracion Compensacion/Dias con Permisos Pasivos Permitidos/input_Fecha Origen_form_vacaciones'

2022-03-09 12:07:28 - [TEST_STEP][PASSED] - sendKeys(findTestObject("Modulo Tarea Administracion Compensacion/Dias con Permisos Pasivos Permitidos/input_Fecha Origen_form_vacaciones"), Keys.chord(ENTER)): Keys 'ENTER + ' sent to object: 'Object Repository/Modulo Tarea Administracion Compensacion/Dias con Permisos Pasivos Permitidos/input_Fecha Origen_form_vacaciones'

2022-03-09 12:07:28 - [MESSAGE][PASSED] - Keys 'ENTER + ' sent to object: 'Object Repository/Modulo Tarea Administracion Compensacion/Dias con Permisos Pasivos Permitidos/input_Fecha Origen_form_vacaciones'

2022-03-09 12:07:28 - [TEST_STEP][PASSED] - waitForElementClickable(findTestObject("Modulo Tarea Administracion Compensacion/Dias con Permisos Pasivos Permitidos/a_Guardar"), G_TimeOut): Object 'Object Repository/Modulo Tarea Administracion Compensacion/Dias con Permisos Pasivos Permitidos/a_Guardar' is clickable

2022-03-09 12:07:28 - [MESSAGE][PASSED] - Object 'Object Repository/Modulo Tarea Administracion Compensacion/Dias con Permisos Pasivos Permitidos/a_Guardar' is clickable

2022-03-09 12:07:28 - [TEST_STEP][PASSED] - click(findTestObject("Modulo Tarea Administracion Compensacion/Dias con Permisos Pasivos Permitidos/a_Guardar")): Object: 'Object Repository/Modulo Tarea Administracion Compensacion/Dias con Permisos Pasivos Permitidos/a_Guardar' is clicked on

2022-03-09 12:07:29 - [MESSAGE][PASSED] - Object: 'Object Repository/Modulo Tarea Administracion Compensacion/Dias con Permisos Pasivos Permitidos/a_Guardar' is clicked on

2022-03-09 12:07:29 - [TEST_STEP][PASSED] - waitForElementClickable(findTestObject("Modulo Tarea Administracion Compensacion/Dias con Permisos Pasivos Permitidos/a_Regresar"), G_TimeOut): Object 'Object Repository/Modulo Tarea Administracion Compensacion/Dias con Permisos Pasivos Permitidos/a_Regresar' is clickable

2022-03-09 12:07:30 - [MESSAGE][PASSED] - Object 'Object Repository/Modulo Tarea Administracion Compensacion/Dias con Permisos Pasivos Permitidos/a_Regresar' is clickable

2022-03-09 12:07:30 - [TEST_STEP][PASSED] - click(findTestObject("Modulo Tarea Administracion Compensacion/Dias con Permisos Pasivos Permitidos/a_Regresar")): Object: 'Object Repository/Modulo Tarea Administracion Compensacion/Dias con Permisos Pasivos Permitidos/a_Regresar' is clicked on

2022-03-09 12:07:30 - [MESSAGE][PASSED] - Object: 'Object Repository/Modulo Tarea Administracion Compensacion/Dias con Permisos Pasivos Permitidos/a_Regresar' is clicked on

2022-03-09 12:07:30 - [TEST_STEP][PASSED] - delay(3): Delayed 3 second(s)

2022-03-09 12:07:33 - [MESSAGE][PASSED] - Delayed 3 second(s)

2022-03-09 12:07:33 - [TEST_STEP][PASSED] - if (waitForElementClickable(findTestObject("Modulo Tarea Administracion Compensacion/Dias con Permisos Pasivos Permitidos/td_02062021"), 1)): null

2022-03-09 12:07:34 - [MESSAGE][PASSED] - Object 'Object Repository/Modulo Tarea Administracion Compensacion/Dias con Permisos Pasivos Permitidos/td_02062021' is clickable

2022-03-09 12:07:34 - [TEST_STEP][PASSED] - click(findTestObject("Modulo Tarea Administracion Compensacion/Dias con Permisos Pasivos Permitidos/td_02062021")): Object: 'Object Repository/Modulo Tarea Administracion Compensacion/Dias con Permisos Pasivos Permitidos/td_02062021' is clicked on

2022-03-09 12:07:34 - [MESSAGE][PASSED] - Object: 'Object Repository/Modulo Tarea Administracion Compensacion/Dias con Permisos Pasivos Permitidos/td_02062021' is clicked on

2022-03-09 12:07:34 - [TEST_STEP][PASSED] - waitForElementClickable(findTestObject("Modulo Tarea Administracion Compensacion/Dias con Permisos Pasivos Permitidos/a_Eliminar Directo_Solicitud"), 0): Object 'Object Repository/Modulo Tarea Administracion Compensacion/Dias con Permisos Pasivos Permitidos/a_Eliminar Directo_Solicitud' is clickable

2022-03-09 12:07:34 - [MESSAGE][WARNING] - Timeout '0' is invalid. Using default page load timeout: '30'

2022-03-09 12:07:35 - [MESSAGE][PASSED] - Object 'Object Repository/Modulo Tarea Administracion Compensacion/Dias con Permisos Pasivos Permitidos/a_Eliminar Directo_Solicitud' is clickable

2022-03-09 12:07:35 - [TEST_STEP][PASSED] - click(findTestObject("Modulo Tarea Administracion Compensacion/Dias con Permisos Pasivos Permitidos/a_Eliminar Directo_Solicitud")): Object: 'Object Repository/Modulo Tarea Administracion Compensacion/Dias con Permisos Pasivos Permitidos/a_Eliminar Directo_Solicitud' is clicked on

2022-03-09 12:07:36 - [MESSAGE][PASSED] - Object: 'Object Repository/Modulo Tarea Administracion Compensacion/Dias con Permisos Pasivos Permitidos/a_Eliminar Directo_Solicitud' is clicked on

2022-03-09 12:07:36 - [TEST_STEP][PASSED] - click(findTestObject("Modulo Tarea Administracion Compensacion/Dias con Permisos Pasivos Permitidos/a_Aceptar")): Object: 'Object Repository/Modulo Tarea Administracion Compensacion/Dias con Permisos Pasivos Permitidos/a_Aceptar' is clicked on

2022-03-09 12:07:36 - [MESSAGE][PASSED] - Object: 'Object Repository/Modulo Tarea Administracion Compensacion/Dias con Permisos Pasivos Permitidos/a_Aceptar' is clicked on

2022-03-09 12:07:36 - [TEST_STEP][PASSED] - waitForElementClickable(findTestObject("Modulo Tarea Administracion Compensacion/Dias con Permisos Pasivos Permitidos/a_Nueva Solicitud"), G_TimeOut): Object 'Object Repository/Modulo Tarea Administracion Compensacion/Dias con Permisos Pasivos Permitidos/a_Nueva Solicitud' is clickable

2022-03-09 12:07:38 - [MESSAGE][PASSED] - Object 'Object Repository/Modulo Tarea Administracion Compensacion/Dias con Permisos Pasivos Permitidos/a_Nueva Solicitud' is clickable

2022-03-09 12:07:38 - [TEST_STEP][PASSED] - click(findTestObject("Modulo Tarea Administracion Compensacion/Dias con Permisos Pasivos Permitidos/a_Nueva Solicitud")): Object: 'Object Repository/Modulo Tarea Administracion Compensacion/Dias con Permisos Pasivos Permitidos/a_Nueva Solicitud' is clicked on

2022-03-09 12:07:38 - [MESSAGE][PASSED] - Object: 'Object Repository/Modulo Tarea Administracion Compensacion/Dias con Permisos Pasivos Permitidos/a_Nueva Solicitud' is clicked on

2022-03-09 12:07:38 - [TEST_STEP][PASSED] - setText(findTestObject("Modulo Tarea Administracion Compensacion/Dias con Permisos Pasivos Permitidos/input_Salida Nomina_form_vacaciones"), "01/06/2021"): Text '01/06/2021' is set on object 'Object Repository/Modulo Tarea Administracion Compensacion/Dias con Permisos Pasivos Permitidos/input_Salida Nomina_form_vacaciones'

2022-03-09 12:07:40 - [MESSAGE][PASSED] - Text '01/06/2021' is set on object 'Object Repository/Modulo Tarea Administracion Compensacion/Dias con Permisos Pasivos Permitidos/input_Salida Nomina_form_vacaciones'

2022-03-09 12:07:40 - [TEST_STEP][PASSED] - sendKeys(findTestObject("Modulo Tarea Administracion Compensacion/Dias con Permisos Pasivos Permitidos/input_Salida Nomina_form_vacaciones"), Keys.chord(ENTER)): Keys 'ENTER + ' sent to object: 'Object Repository/Modulo Tarea Administracion Compensacion/Dias con Permisos Pasivos Permitidos/input_Salida Nomina_form_vacaciones'

2022-03-09 12:07:40 - [MESSAGE][PASSED] - Keys 'ENTER + ' sent to object: 'Object Repository/Modulo Tarea Administracion Compensacion/Dias con Permisos Pasivos Permitidos/input_Salida Nomina_form_vacaciones'

2022-03-09 12:07:40 - [TEST_STEP][PASSED] - selectOptionByIndex(findTestObject("Modulo Tarea Administracion Compensacion/Dias con Permisos Pasivos Permitidos/select_SeleccioneChequeEntidad_"), "3"): All options with index in [3] are selected on object 'Object Repository/Modulo Tarea Administracion Compensacion/Dias con Permisos Pasivos Permitidos/select_SeleccioneChequeEntidad_'

2022-03-09 12:07:41 - [MESSAGE][PASSED] - All options with index in [3] are selected on object 'Object Repository/Modulo Tarea Administracion Compensacion/Dias con Permisos Pasivos Permitidos/select_SeleccioneChequeEntidad_'

2022-03-09 12:07:41 - [TEST_STEP][PASSED] - setText(findTestObject("Modulo Tarea Administracion Compensacion/Dias con Permisos Pasivos Permitidos/input_Pago_form_vacacionesEmpleado"), "01/06/2021"): Text '01/06/2021' is set on object 'Object Repository/Modulo Tarea Administracion Compensacion/Dias con Permisos Pasivos Permitidos/input_Pago_form_vacacionesEmpleado'

2022-03-09 12:07:42 - [MESSAGE][PASSED] - Text '01/06/2021' is set on object 'Object Repository/Modulo Tarea Administracion Compensacion/Dias con Permisos Pasivos Permitidos/input_Pago_form_vacacionesEmpleado'

2022-03-09 12:07:42 - [TEST_STEP][PASSED] - sendKeys(findTestObject("Modulo Tarea Administracion Compensacion/Dias con Permisos Pasivos Permitidos/input_Pago_form_vacacionesEmpleado"), Keys.chord(ENTER)): Keys 'ENTER + ' sent to object: 'Object Repository/Modulo Tarea Administracion Compensacion/Dias con Permisos Pasivos Permitidos/input_Pago_form_vacacionesEmpleado'

2022-03-09 12:07:43 - [MESSAGE][PASSED] - Keys 'ENTER + ' sent to object: 'Object Repository/Modulo Tarea Administracion Compensacion/Dias con Permisos Pasivos Permitidos/input_Pago_form_vacacionesEmpleado'

2022-03-09 12:07:43 - [TEST_STEP][PASSED] - setText(findTestObject("Modulo Tarea Administracion Compensacion/Dias con Permisos Pasivos Permitidos/input_Disfrute_form_vacacionesEmpleado"), "1"): Text '1' is set on object 'Object Repository/Modulo Tarea Administracion Compensacion/Dias con Permisos Pasivos Permitidos/input_Disfrute_form_vacacionesEmpleado'

2022-03-09 12:07:44 - [MESSAGE][PASSED] - Text '1' is set on object 'Object Repository/Modulo Tarea Administracion Compensacion/Dias con Permisos Pasivos Permitidos/input_Disfrute_form_vacacionesEmpleado'

2022-03-09 12:07:44 - [TEST_STEP][PASSED] - setText(findTestObject("Modulo Tarea Administracion Compensacion/Dias con Permisos Pasivos Permitidos/input_Compensados_form_vacaciones"), "1"): Text '1' is set on object 'Object Repository/Modulo Tarea Administracion Compensacion/Dias con Permisos Pasivos Permitidos/input_Compensados_form_vacaciones'

2022-03-09 12:07:44 - [MESSAGE][PASSED] - Text '1' is set on object 'Object Repository/Modulo Tarea Administracion Compensacion/Dias con Permisos Pasivos Permitidos/input_Compensados_form_vacaciones'

2022-03-09 12:07:44 - [TEST_STEP][PASSED] - setText(findTestObject("Modulo Tarea Administracion Compensacion/Dias con Permisos Pasivos Permitidos/textarea_Observacin_form_vacaciones"), "Pruebas sara"): Text 'Pruebas sara' is set on object 'Object Repository/Modulo Tarea Administracion Compensacion/Dias con Permisos Pasivos Permitidos/textarea_Observacin_form_vacaciones'

2022-03-09 12:07:45 - [MESSAGE][PASSED] - Text 'Pruebas sara' is set on object 'Object Repository/Modulo Tarea Administracion Compensacion/Dias con Permisos Pasivos Permitidos/textarea_Observacin_form_vacaciones'

2022-03-09 12:07:45 - [TEST_STEP][PASSED] - waitForElementClickable(findTestObject("Modulo Tarea Administracion Compensacion/Dias con Permisos Pasivos Permitidos/a_Verificar"), G_TimeOut): Object 'Object Repository/Modulo Tarea Administracion Compensacion/Dias con Permisos Pasivos Permitidos/a_Verificar' is clickable

2022-03-09 12:07:45 - [MESSAGE][PASSED] - Object 'Object Repository/Modulo Tarea Administracion Compensacion/Dias con Permisos Pasivos Permitidos/a_Verificar' is clickable

2022-03-09 12:07:45 - [TEST_STEP][PASSED] - click(findTestObject("Modulo Tarea Administracion Compensacion/Dias con Permisos Pasivos Permitidos/a_Verificar")): Object: 'Object Repository/Modulo Tarea Administracion Compensacion/Dias con Permisos Pasivos Permitidos/a_Verificar' is clicked on

2022-03-09 12:07:46 - [MESSAGE][PASSED] - Object: 'Object Repository/Modulo Tarea Administracion Compensacion/Dias con Permisos Pasivos Permitidos/a_Verificar' is clicked on

2022-03-09 12:07:46 - [TEST_STEP][PASSED] - waitForElementClickable(findTestObject("Modulo Tarea Administracion Compensacion/Dias con Permisos Pasivos Permitidos/a_Guardar_solicitudes"), 0): Web element with id: 'Object Repository/Modulo Tarea Administracion Compensacion/Dias con Permisos Pasivos Permitidos/a_Guardar_solicitudes' located by '//*/text()[normalize-space(.)='Guardar Legalizar']/parent::*' not found

2022-03-09 12:07:46 - [MESSAGE][WARNING] - Timeout '0' is invalid. Using default page load timeout: '30'

2022-03-09 12:08:17 - [MESSAGE][INFO] - Unable to find the element located by 'By.xpath: //*/text()[normalize-space(.)='Guardar Legalizar']/parent::*'. Please recheck the objects properties to make sure the desired element is located. 

2022-03-09 12:08:17 - [MESSAGE][WARNING] - Web element with id: 'Object Repository/Modulo Tarea Administracion Compensacion/Dias con Permisos Pasivos Permitidos/a_Guardar_solicitudes' located by '//*/text()[normalize-space(.)='Guardar Legalizar']/parent::*' not found

2022-03-09 12:08:17 - [TEST_STEP][FAILED] - click(findTestObject("Modulo Tarea Administracion Compensacion/Dias con Permisos Pasivos Permitidos/a_Guardar_solicitudes")): Unable to click on object 'Object Repository/Modulo Tarea Administracion Compensacion/Dias con Permisos Pasivos Permitidos/a_Guardar_solicitudes' (Root cause: com.kms.katalon.core.exception.StepFailedException: Unable to click on object 'Object Repository/Modulo Tarea Administracion Compensacion/Dias con Permisos Pasivos Permitidos/a_Guardar_solicitudes'
	at com.kms.katalon.core.webui.keyword.internal.WebUIKeywordMain.stepFailed(WebUIKeywordMain.groovy:64)
	at com.kms.katalon.core.webui.keyword.internal.WebUIKeywordMain.runKeyword(WebUIKeywordMain.groovy:26)
	at com.kms.katalon.core.webui.keyword.builtin.ClickKeyword.click(ClickKeyword.groovy:74)
	at com.kms.katalon.core.webui.keyword.builtin.ClickKeyword.execute(ClickKeyword.groovy:40)
	at com.kms.katalon.core.keyword.internal.KeywordExecutor.executeKeywordForPlatform(KeywordExecutor.groovy:74)
	at com.kms.katalon.core.webui.keyword.WebUiBuiltInKeywords.click(WebUiBuiltInKeywords.groovy:620)
	at com.kms.katalon.core.webui.keyword.WebUiBuiltInKeywords$click$5.call(Unknown Source)
	at 1.1.6-crear vacaciones.run(1.1.6-crear vacaciones:177)
	at com.kms.katalon.core.main.ScriptEngine.run(ScriptEngine.java:194)
	at com.kms.katalon.core.main.ScriptEngine.runScriptAsRawText(ScriptEngine.java:119)
	at com.kms.katalon.core.main.TestCaseExecutor.runScript(TestCaseExecutor.java:442)
	at com.kms.katalon.core.main.TestCaseExecutor.doExecute(TestCaseExecutor.java:433)
	at com.kms.katalon.core.main.TestCaseExecutor.processExecutionPhase(TestCaseExecutor.java:412)
	at com.kms.katalon.core.main.TestCaseExecutor.accessMainPhase(TestCaseExecutor.java:404)
	at com.kms.katalon.core.main.TestCaseExecutor.execute(TestCaseExecutor.java:281)
	at com.kms.katalon.core.main.TestSuiteExecutor.accessTestCaseMainPhase(TestSuiteExecutor.java:202)
	at com.kms.katalon.core.main.TestSuiteExecutor.accessTestSuiteMainPhase(TestSuiteExecutor.java:164)
	at com.kms.katalon.core.main.TestSuiteExecutor.execute(TestSuiteExecutor.java:105)
	at com.kms.katalon.core.main.TestCaseMain.startTestSuite(TestCaseMain.java:185)
	at com.kms.katalon.core.main.TestCaseMain$startTestSuite$0.call(Unknown Source)
	at TempTestSuite1646845129657.run(TempTestSuite1646845129657.groovy:36)
Caused by: com.kms.katalon.core.webui.exception.WebElementNotFoundException: Web element with id: 'Object Repository/Modulo Tarea Administracion Compensacion/Dias con Permisos Pasivos Permitidos/a_Guardar_solicitudes' located by '//*/text()[normalize-space(.)='Guardar Legalizar']/parent::*' not found
	at com.kms.katalon.core.webui.common.WebUiCommonHelper.findWebElement(WebUiCommonHelper.java:1370)
	at com.kms.katalon.core.webui.keyword.internal.WebUIAbstractKeyword.findWebElement(WebUIAbstractKeyword.groovy:27)
	at com.kms.katalon.core.webui.keyword.builtin.ClickKeyword$_click_closure1.doCall(ClickKeyword.groovy:65)
	at com.kms.katalon.core.webui.keyword.builtin.ClickKeyword$_click_closure1.call(ClickKeyword.groovy)
	at com.kms.katalon.core.webui.keyword.internal.WebUIKeywordMain.runKeyword(WebUIKeywordMain.groovy:20)
	at com.kms.katalon.core.webui.keyword.builtin.ClickKeyword.click(ClickKeyword.groovy:74)
	at com.kms.katalon.core.webui.keyword.builtin.ClickKeyword.execute(ClickKeyword.groovy:40)
	at com.kms.katalon.core.keyword.internal.KeywordExecutor.executeKeywordForPlatform(KeywordExecutor.groovy:74)
	at com.kms.katalon.core.webui.keyword.WebUiBuiltInKeywords.click(WebUiBuiltInKeywords.groovy:620)
	at com.kms.katalon.core.webui.keyword.WebUiBuiltInKeywords$click$5.call(Unknown Source)
	at Script1548865857907.run(Script1548865857907.groovy:177)
	... 13 more
)

2022-03-09 12:08:48 - [MESSAGE][INFO] - Unable to find the element located by 'By.xpath: //*/text()[normalize-space(.)='Guardar Legalizar']/parent::*'. Please recheck the objects properties to make sure the desired element is located. 

2022-03-09 12:08:48 - [MESSAGE][FAILED] - Unable to click on object 'Object Repository/Modulo Tarea Administracion Compensacion/Dias con Permisos Pasivos Permitidos/a_Guardar_solicitudes' (Root cause: com.kms.katalon.core.exception.StepFailedException: Unable to click on object 'Object Repository/Modulo Tarea Administracion Compensacion/Dias con Permisos Pasivos Permitidos/a_Guardar_solicitudes'
	at com.kms.katalon.core.webui.keyword.internal.WebUIKeywordMain.stepFailed(WebUIKeywordMain.groovy:64)
	at com.kms.katalon.core.webui.keyword.internal.WebUIKeywordMain.runKeyword(WebUIKeywordMain.groovy:26)
	at com.kms.katalon.core.webui.keyword.builtin.ClickKeyword.click(ClickKeyword.groovy:74)
	at com.kms.katalon.core.webui.keyword.builtin.ClickKeyword.execute(ClickKeyword.groovy:40)
	at com.kms.katalon.core.keyword.internal.KeywordExecutor.executeKeywordForPlatform(KeywordExecutor.groovy:74)
	at com.kms.katalon.core.webui.keyword.WebUiBuiltInKeywords.click(WebUiBuiltInKeywords.groovy:620)
	at com.kms.katalon.core.webui.keyword.WebUiBuiltInKeywords$click$5.call(Unknown Source)
	at 1.1.6-crear vacaciones.run(1.1.6-crear vacaciones:177)
	at com.kms.katalon.core.main.ScriptEngine.run(ScriptEngine.java:194)
	at com.kms.katalon.core.main.ScriptEngine.runScriptAsRawText(ScriptEngine.java:119)
	at com.kms.katalon.core.main.TestCaseExecutor.runScript(TestCaseExecutor.java:442)
	at com.kms.katalon.core.main.TestCaseExecutor.doExecute(TestCaseExecutor.java:433)
	at com.kms.katalon.core.main.TestCaseExecutor.processExecutionPhase(TestCaseExecutor.java:412)
	at com.kms.katalon.core.main.TestCaseExecutor.accessMainPhase(TestCaseExecutor.java:404)
	at com.kms.katalon.core.main.TestCaseExecutor.execute(TestCaseExecutor.java:281)
	at com.kms.katalon.core.main.TestSuiteExecutor.accessTestCaseMainPhase(TestSuiteExecutor.java:202)
	at com.kms.katalon.core.main.TestSuiteExecutor.accessTestSuiteMainPhase(TestSuiteExecutor.java:164)
	at com.kms.katalon.core.main.TestSuiteExecutor.execute(TestSuiteExecutor.java:105)
	at com.kms.katalon.core.main.TestCaseMain.startTestSuite(TestCaseMain.java:185)
	at com.kms.katalon.core.main.TestCaseMain$startTestSuite$0.call(Unknown Source)
	at TempTestSuite1646845129657.run(TempTestSuite1646845129657.groovy:36)
Caused by: com.kms.katalon.core.webui.exception.WebElementNotFoundException: Web element with id: 'Object Repository/Modulo Tarea Administracion Compensacion/Dias con Permisos Pasivos Permitidos/a_Guardar_solicitudes' located by '//*/text()[normalize-space(.)='Guardar Legalizar']/parent::*' not found
	at com.kms.katalon.core.webui.common.WebUiCommonHelper.findWebElement(WebUiCommonHelper.java:1370)
	at com.kms.katalon.core.webui.keyword.internal.WebUIAbstractKeyword.findWebElement(WebUIAbstractKeyword.groovy:27)
	at com.kms.katalon.core.webui.keyword.builtin.ClickKeyword$_click_closure1.doCall(ClickKeyword.groovy:65)
	at com.kms.katalon.core.webui.keyword.builtin.ClickKeyword$_click_closure1.call(ClickKeyword.groovy)
	at com.kms.katalon.core.webui.keyword.internal.WebUIKeywordMain.runKeyword(WebUIKeywordMain.groovy:20)
	at com.kms.katalon.core.webui.keyword.builtin.ClickKeyword.click(ClickKeyword.groovy:74)
	at com.kms.katalon.core.webui.keyword.builtin.ClickKeyword.execute(ClickKeyword.groovy:40)
	at com.kms.katalon.core.keyword.internal.KeywordExecutor.executeKeywordForPlatform(KeywordExecutor.groovy:74)
	at com.kms.katalon.core.webui.keyword.WebUiBuiltInKeywords.click(WebUiBuiltInKeywords.groovy:620)
	at com.kms.katalon.core.webui.keyword.WebUiBuiltInKeywords$click$5.call(Unknown Source)
	at Script1548865857907.run(Script1548865857907.groovy:177)
	... 13 more
)
[[ATTACHMENT|C:\\Users\\diego.rojas\\git\\Pruebas-Minimas\\Reports\\20220309_115823\\1-Tareas Principales\\20220309_115849\\1646845728751.png]]]]></system-out>
         <system-err><![CDATA[2022-03-09 12:06:46 - [TEST_CASE][FAILED] - Test Cases/1.1-Tareas Principales/1.1.6-crear vacaciones: Test Cases/1.1-Tareas Principales/1.1.6-crear vacaciones FAILED.
Reason:
com.kms.katalon.core.exception.StepFailedException: Unable to click on object 'Object Repository/Modulo Tarea Administracion Compensacion/Dias con Permisos Pasivos Permitidos/a_Guardar_solicitudes'
	at com.kms.katalon.core.webui.keyword.internal.WebUIKeywordMain.stepFailed(WebUIKeywordMain.groovy:64)
	at com.kms.katalon.core.webui.keyword.internal.WebUIKeywordMain.runKeyword(WebUIKeywordMain.groovy:26)
	at com.kms.katalon.core.webui.keyword.builtin.ClickKeyword.click(ClickKeyword.groovy:74)
	at com.kms.katalon.core.webui.keyword.builtin.ClickKeyword.execute(ClickKeyword.groovy:40)
	at com.kms.katalon.core.keyword.internal.KeywordExecutor.executeKeywordForPlatform(KeywordExecutor.groovy:74)
	at com.kms.katalon.core.webui.keyword.WebUiBuiltInKeywords.click(WebUiBuiltInKeywords.groovy:620)
	at com.kms.katalon.core.webui.keyword.WebUiBuiltInKeywords$click$5.call(Unknown Source)
	at 1.1.6-crear vacaciones.run(1.1.6-crear vacaciones:177)
	at com.kms.katalon.core.main.ScriptEngine.run(ScriptEngine.java:194)
	at com.kms.katalon.core.main.ScriptEngine.runScriptAsRawText(ScriptEngine.java:119)
	at com.kms.katalon.core.main.TestCaseExecutor.runScript(TestCaseExecutor.java:442)
	at com.kms.katalon.core.main.TestCaseExecutor.doExecute(TestCaseExecutor.java:433)
	at com.kms.katalon.core.main.TestCaseExecutor.processExecutionPhase(TestCaseExecutor.java:412)
	at com.kms.katalon.core.main.TestCaseExecutor.accessMainPhase(TestCaseExecutor.java:404)
	at com.kms.katalon.core.main.TestCaseExecutor.execute(TestCaseExecutor.java:281)
	at com.kms.katalon.core.main.TestSuiteExecutor.accessTestCaseMainPhase(TestSuiteExecutor.java:202)
	at com.kms.katalon.core.main.TestSuiteExecutor.accessTestSuiteMainPhase(TestSuiteExecutor.java:164)
	at com.kms.katalon.core.main.TestSuiteExecutor.execute(TestSuiteExecutor.java:105)
	at com.kms.katalon.core.main.TestCaseMain.startTestSuite(TestCaseMain.java:185)
	at com.kms.katalon.core.main.TestCaseMain$startTestSuite$0.call(Unknown Source)
	at TempTestSuite1646845129657.run(TempTestSuite1646845129657.groovy:36)
Caused by: com.kms.katalon.core.webui.exception.WebElementNotFoundException: Web element with id: 'Object Repository/Modulo Tarea Administracion Compensacion/Dias con Permisos Pasivos Permitidos/a_Guardar_solicitudes' located by '//*/text()[normalize-space(.)='Guardar Legalizar']/parent::*' not found
	at com.kms.katalon.core.webui.common.WebUiCommonHelper.findWebElement(WebUiCommonHelper.java:1370)
	at com.kms.katalon.core.webui.keyword.internal.WebUIAbstractKeyword.findWebElement(WebUIAbstractKeyword.groovy:27)
	at com.kms.katalon.core.webui.keyword.builtin.ClickKeyword$_click_closure1.doCall(ClickKeyword.groovy:65)
	at com.kms.katalon.core.webui.keyword.builtin.ClickKeyword$_click_closure1.call(ClickKeyword.groovy)
	at com.kms.katalon.core.webui.keyword.internal.WebUIKeywordMain.runKeyword(WebUIKeywordMain.groovy:20)
	... 19 more]]></system-err>
      </testcase>
      <testcase name="Test Cases/1.1-Tareas Principales/1.1.7-Generar Vacaciones" time="80.441" classname="Test Cases/1.1-Tareas Principales/1.1.7-Generar Vacaciones" status="PASSED">
         <system-out><![CDATA[2022-03-09 12:08:48 - [TEST_CASE][PASSED] - Test Cases/1.1-Tareas Principales/1.1.7-Generar Vacaciones: Test Cases/1.1-Tareas Principales/1.1.7-Generar Vacaciones

2022-03-09 12:08:49 - [TEST_STEP][PASSED] - callTestCase(findTestCase("1.1-Tareas Principales/1.1.6-crear vacaciones"), [:], STOP_ON_FAILURE): Call Test Case 'Test Cases/1.1-Tareas Principales/1.1.6-crear vacaciones' successfully

2022-03-09 12:08:49 - [TEST_CASE][PASSED] - Test Cases/1.1-Tareas Principales/1.1.6-crear vacaciones: Test Cases/1.1-Tareas Principales/1.1.6-crear vacaciones

2022-03-09 12:08:49 - [TEST_STEP][PASSED] - callTestCase(findTestCase("Utilidades-(atajos_para _tareas)/Tareas Administracion Compensacion/Tarea Listado Empleados"), [:], STOP_ON_FAILURE): Call Test Case 'Test Cases/Utilidades-(atajos_para _tareas)/Tareas Administracion Compensacion/Tarea Listado Empleados' successfully

2022-03-09 12:08:49 - [TEST_CASE][PASSED] - Test Cases/Utilidades-(atajos_para _tareas)/Tareas Administracion Compensacion/Tarea Listado Empleados: Test Cases/Utilidades-(atajos_para _tareas)/Tareas Administracion Compensacion/Tarea Listado Empleados

2022-03-09 12:08:49 - [TEST_STEP][PASSED] - callTestCase(findTestCase("0.1-Login"), [:], STOP_ON_FAILURE): Call Test Case 'Test Cases/0.1-Login' successfully

2022-03-09 12:08:49 - [TEST_CASE][PASSED] - Test Cases/0.1-Login: Test Cases/0.1-Login

2022-03-09 12:08:49 - [TEST_STEP][PASSED] - openBrowser(""): Browser is opened with url: ''

2022-03-09 12:08:49 - [MESSAGE][WARNING] - A browser is already opened. Closing browser and opening a new one

2022-03-09 12:08:50 - [MESSAGE][INFO] - Starting 'Chrome' driver

2022-03-09 12:08:50 - [MESSAGE][INFO] - Action delay is set to 0 milliseconds

2022-03-09 12:08:52 - [MESSAGE][PASSED] - Browser is opened with url: ''

2022-03-09 12:08:52 - [TEST_STEP][PASSED] - maximizeWindow(): Current window maximized

2022-03-09 12:08:53 - [MESSAGE][PASSED] - Current window maximized

2022-03-09 12:08:53 - [TEST_STEP][PASSED] - i = G_Login: null

2022-03-09 12:08:53 - [TEST_STEP][PASSED] - url = new java.net.URL(i): null

2022-03-09 12:08:53 - [TEST_STEP][PASSED] - println("URL: " + url.toString()): null

2022-03-09 12:08:53 - [TEST_STEP][PASSED] - connection = url.openConnection(): null

2022-03-09 12:08:53 - [TEST_STEP][PASSED] - connection.setRequestMethod("GET"): null

2022-03-09 12:08:53 - [TEST_STEP][PASSED] - connection.setReadTimeout(2 * 1000): null

2022-03-09 12:08:53 - [TEST_STEP][PASSED] - try: null

2022-03-09 12:08:53 - [TEST_STEP][PASSED] - connection.connect(): null

2022-03-09 12:08:53 - [TEST_STEP][PASSED] - flag = connected: null

2022-03-09 12:08:53 - [TEST_STEP][PASSED] - println("Valor_ori: " + flag): null

2022-03-09 12:08:53 - [TEST_STEP][PASSED] - if (flag): null

2022-03-09 12:08:53 - [TEST_STEP][PASSED] - navigateToUrl(i): Navigate to 'http://192.168.2.80:8380/saraweb' successfully

2022-03-09 12:08:53 - [MESSAGE][PASSED] - Navigate to 'http://192.168.2.80:8380/saraweb' successfully

2022-03-09 12:08:53 - [TEST_STEP][PASSED] - a(): null

2022-03-09 12:08:53 - [TEST_STEP][PASSED] - setText(findTestObject("Login/input_USUARIO_loginusuario"), G_Usuario): Text 'saraadmin' is set on object 'Object Repository/Login/input_USUARIO_loginusuario'

2022-03-09 12:08:54 - [MESSAGE][PASSED] - Text 'saraadmin' is set on object 'Object Repository/Login/input_USUARIO_loginusuario'

2022-03-09 12:08:54 - [TEST_STEP][PASSED] - setEncryptedText(findTestObject("Login/input_CLAVE_loginpassword"), "MkG4/TYiCFC3cb2driP7+Q=="): Text ****** has been set on object 'Object Repository/Login/input_CLAVE_loginpassword'

2022-03-09 12:08:55 - [MESSAGE][PASSED] - Text ****** has been set on object 'Object Repository/Login/input_CLAVE_loginpassword'

2022-03-09 12:08:55 - [TEST_STEP][PASSED] - waitForElementClickable(findTestObject("Login/a_Ingresar"), G_TimeOut): Object 'Object Repository/Login/a_Ingresar' is clickable

2022-03-09 12:08:55 - [MESSAGE][PASSED] - Object 'Object Repository/Login/a_Ingresar' is clickable

2022-03-09 12:08:55 - [TEST_STEP][PASSED] - click(findTestObject("Login/a_Ingresar")): Object: 'Object Repository/Login/a_Ingresar' is clicked on

2022-03-09 12:08:57 - [MESSAGE][PASSED] - Object: 'Object Repository/Login/a_Ingresar' is clicked on

2022-03-09 12:08:57 - [TEST_STEP][PASSED] - element = findWebElement(findTestObject("Login/a_Ir"), 30): null

2022-03-09 12:08:57 - [TEST_STEP][PASSED] - executeJavaScript("arguments[0].click()", Arrays.asList(element)): Execute JavaScript 'arguments[0].click()' successfully

2022-03-09 12:08:57 - [MESSAGE][PASSED] - Execute JavaScript 'arguments[0].click()' successfully

2022-03-09 12:08:57 - [MESSAGE][PASSED] - Call Test Case 'Test Cases/0.1-Login' successfully

2022-03-09 12:08:57 - [TEST_STEP][PASSED] - setText(findTestObject("Modulo Tarea Listado Hojas de Vida/Tareas Listado Hojas de Vida/input_Listado Hojas De Vida_form_templatej_idt24_input"), "Listado de Empleados"): Text 'Listado de Empleados' is set on object 'Object Repository/Modulo Tarea Listado Hojas de Vida/Tareas Listado Hojas de Vida/input_Listado Hojas De Vida_form_templatej_idt24_input'

2022-03-09 12:08:58 - [MESSAGE][PASSED] - Text 'Listado de Empleados' is set on object 'Object Repository/Modulo Tarea Listado Hojas de Vida/Tareas Listado Hojas de Vida/input_Listado Hojas De Vida_form_templatej_idt24_input'

2022-03-09 12:08:58 - [TEST_STEP][PASSED] - delay(3): Delayed 3 second(s)

2022-03-09 12:09:01 - [MESSAGE][PASSED] - Delayed 3 second(s)

2022-03-09 12:09:01 - [TEST_STEP][PASSED] - sendKeys(findTestObject("Modulo Tarea Listado Hojas de Vida/Tareas Listado Hojas de Vida/input_Listado Hojas De Vida_form_templatej_idt24_input"), Keys.chord(ENTER)): Keys 'ENTER + ' sent to object: 'Object Repository/Modulo Tarea Listado Hojas de Vida/Tareas Listado Hojas de Vida/input_Listado Hojas De Vida_form_templatej_idt24_input'

2022-03-09 12:09:02 - [MESSAGE][PASSED] - Keys 'ENTER + ' sent to object: 'Object Repository/Modulo Tarea Listado Hojas de Vida/Tareas Listado Hojas de Vida/input_Listado Hojas De Vida_form_templatej_idt24_input'

2022-03-09 12:09:02 - [MESSAGE][PASSED] - Call Test Case 'Test Cases/Utilidades-(atajos_para _tareas)/Tareas Administracion Compensacion/Tarea Listado Empleados' successfully

2022-03-09 12:09:02 - [TEST_STEP][PASSED] - setText(findTestObject("Modulo Tarea Administracion Compensacion/Dias con Permisos Pasivos Permitidos/input_Identificacin_listadoEmpleadoIdentificacionEmpleado"), "1234567890"): Text '1234567890' is set on object 'Object Repository/Modulo Tarea Administracion Compensacion/Dias con Permisos Pasivos Permitidos/input_Identificacin_listadoEmpleadoIdentificacionEmpleado'

2022-03-09 12:09:05 - [MESSAGE][PASSED] - Text '1234567890' is set on object 'Object Repository/Modulo Tarea Administracion Compensacion/Dias con Permisos Pasivos Permitidos/input_Identificacin_listadoEmpleadoIdentificacionEmpleado'

2022-03-09 12:09:05 - [TEST_STEP][PASSED] - sendKeys(findTestObject("Modulo Tarea Administracion Compensacion/Dias con Permisos Pasivos Permitidos/input_Identificacin_listadoEmpleadoIdentificacionEmpleado"), Keys.chord(ENTER)): Keys 'ENTER + ' sent to object: 'Object Repository/Modulo Tarea Administracion Compensacion/Dias con Permisos Pasivos Permitidos/input_Identificacin_listadoEmpleadoIdentificacionEmpleado'

2022-03-09 12:09:05 - [MESSAGE][PASSED] - Keys 'ENTER + ' sent to object: 'Object Repository/Modulo Tarea Administracion Compensacion/Dias con Permisos Pasivos Permitidos/input_Identificacin_listadoEmpleadoIdentificacionEmpleado'

2022-03-09 12:09:05 - [TEST_STEP][PASSED] - waitForElementClickable(findTestObject("Modulo Tarea Administracion Compensacion/Dias con Permisos Pasivos Permitidos/span_Consta Belfegord Jhon"), G_TimeOut): Object 'Object Repository/Modulo Tarea Administracion Compensacion/Dias con Permisos Pasivos Permitidos/span_Consta Belfegord Jhon' is clickable

2022-03-09 12:09:08 - [MESSAGE][PASSED] - Object 'Object Repository/Modulo Tarea Administracion Compensacion/Dias con Permisos Pasivos Permitidos/span_Consta Belfegord Jhon' is clickable

2022-03-09 12:09:08 - [TEST_STEP][PASSED] - click(findTestObject("Modulo Tarea Administracion Compensacion/Dias con Permisos Pasivos Permitidos/span_Consta Belfegord Jhon")): Object: 'Object Repository/Modulo Tarea Administracion Compensacion/Dias con Permisos Pasivos Permitidos/span_Consta Belfegord Jhon' is clicked on

2022-03-09 12:09:09 - [MESSAGE][PASSED] - Object: 'Object Repository/Modulo Tarea Administracion Compensacion/Dias con Permisos Pasivos Permitidos/span_Consta Belfegord Jhon' is clicked on

2022-03-09 12:09:09 - [TEST_STEP][PASSED] - waitForElementClickable(findTestObject("Modulo Tarea Administracion Compensacion/Dias con Permisos Pasivos Permitidos/a_Vacacin"), G_TimeOut): Object 'Object Repository/Modulo Tarea Administracion Compensacion/Dias con Permisos Pasivos Permitidos/a_Vacacin' is clickable

2022-03-09 12:09:10 - [MESSAGE][PASSED] - Object 'Object Repository/Modulo Tarea Administracion Compensacion/Dias con Permisos Pasivos Permitidos/a_Vacacin' is clickable

2022-03-09 12:09:10 - [TEST_STEP][PASSED] - click(findTestObject("Modulo Tarea Administracion Compensacion/Dias con Permisos Pasivos Permitidos/a_Vacacin")): Object: 'Object Repository/Modulo Tarea Administracion Compensacion/Dias con Permisos Pasivos Permitidos/a_Vacacin' is clicked on

2022-03-09 12:09:11 - [MESSAGE][PASSED] - Object: 'Object Repository/Modulo Tarea Administracion Compensacion/Dias con Permisos Pasivos Permitidos/a_Vacacin' is clicked on

2022-03-09 12:09:11 - [TEST_STEP][PASSED] - if (waitForElementClickable(findTestObject("Modulo Tarea Administracion Compensacion/Dias con Permisos Pasivos Permitidos/span_Programacion De Vacaciones"), G_TimeOut)): null

2022-03-09 12:09:11 - [MESSAGE][PASSED] - Object 'Object Repository/Modulo Tarea Administracion Compensacion/Dias con Permisos Pasivos Permitidos/span_Programacion De Vacaciones' is clickable

2022-03-09 12:09:11 - [TEST_STEP][PASSED] - click(findTestObject("Modulo Tarea Administracion Compensacion/Dias con Permisos Pasivos Permitidos/span_Programacion De Vacaciones")): Object: 'Object Repository/Modulo Tarea Administracion Compensacion/Dias con Permisos Pasivos Permitidos/span_Programacion De Vacaciones' is clicked on

2022-03-09 12:09:12 - [MESSAGE][PASSED] - Object: 'Object Repository/Modulo Tarea Administracion Compensacion/Dias con Permisos Pasivos Permitidos/span_Programacion De Vacaciones' is clicked on

2022-03-09 12:09:12 - [TEST_STEP][PASSED] - waitForElementClickable(findTestObject("Modulo Tarea Administracion Compensacion/Dias con Permisos Pasivos Permitidos/a_Eliminar"), G_TimeOut): Object 'Object Repository/Modulo Tarea Administracion Compensacion/Dias con Permisos Pasivos Permitidos/a_Eliminar' is clickable

2022-03-09 12:09:12 - [MESSAGE][PASSED] - Object 'Object Repository/Modulo Tarea Administracion Compensacion/Dias con Permisos Pasivos Permitidos/a_Eliminar' is clickable

2022-03-09 12:09:12 - [TEST_STEP][PASSED] - click(findTestObject("Modulo Tarea Administracion Compensacion/Dias con Permisos Pasivos Permitidos/a_Eliminar")): Object: 'Object Repository/Modulo Tarea Administracion Compensacion/Dias con Permisos Pasivos Permitidos/a_Eliminar' is clicked on

2022-03-09 12:09:13 - [MESSAGE][PASSED] - Object: 'Object Repository/Modulo Tarea Administracion Compensacion/Dias con Permisos Pasivos Permitidos/a_Eliminar' is clicked on

2022-03-09 12:09:13 - [TEST_STEP][PASSED] - waitForElementClickable(findTestObject("Modulo Tarea Administracion Compensacion/Dias con Permisos Pasivos Permitidos/a_Aceptar"), G_TimeOut): Object 'Object Repository/Modulo Tarea Administracion Compensacion/Dias con Permisos Pasivos Permitidos/a_Aceptar' is clickable

2022-03-09 12:09:14 - [MESSAGE][PASSED] - Object 'Object Repository/Modulo Tarea Administracion Compensacion/Dias con Permisos Pasivos Permitidos/a_Aceptar' is clickable

2022-03-09 12:09:14 - [TEST_STEP][PASSED] - click(findTestObject("Modulo Tarea Administracion Compensacion/Dias con Permisos Pasivos Permitidos/a_Aceptar")): Object: 'Object Repository/Modulo Tarea Administracion Compensacion/Dias con Permisos Pasivos Permitidos/a_Aceptar' is clicked on

2022-03-09 12:09:14 - [MESSAGE][PASSED] - Object: 'Object Repository/Modulo Tarea Administracion Compensacion/Dias con Permisos Pasivos Permitidos/a_Aceptar' is clicked on

2022-03-09 12:09:14 - [TEST_STEP][PASSED] - click(findTestObject("Modulo Tarea Administracion Compensacion/Dias con Permisos Pasivos Permitidos/a_Histrico")): Object: 'Object Repository/Modulo Tarea Administracion Compensacion/Dias con Permisos Pasivos Permitidos/a_Histrico' is clicked on

2022-03-09 12:09:15 - [MESSAGE][PASSED] - Object: 'Object Repository/Modulo Tarea Administracion Compensacion/Dias con Permisos Pasivos Permitidos/a_Histrico' is clicked on

2022-03-09 12:09:15 - [TEST_STEP][PASSED] - if (waitForElementClickable(findTestObject("Modulo Tarea Administracion Compensacion/Dias con Permisos Pasivos Permitidos/span_Programacion De Vacaciones"), 1)): Web element with id: 'Object Repository/Modulo Tarea Administracion Compensacion/Dias con Permisos Pasivos Permitidos/span_Programacion De Vacaciones' located by '//*/text()[normalize-space(.)='Programacion De Vacaciones']/parent::*' not found

2022-03-09 12:09:17 - [MESSAGE][INFO] - Unable to find the element located by 'By.xpath: //*/text()[normalize-space(.)='Programacion De Vacaciones']/parent::*'. Please recheck the objects properties to make sure the desired element is located. 

2022-03-09 12:09:17 - [MESSAGE][WARNING] - Web element with id: 'Object Repository/Modulo Tarea Administracion Compensacion/Dias con Permisos Pasivos Permitidos/span_Programacion De Vacaciones' located by '//*/text()[normalize-space(.)='Programacion De Vacaciones']/parent::*' not found

2022-03-09 12:09:17 - [TEST_STEP][PASSED] - click(findTestObject("Modulo Tarea Administracion Compensacion/Dias con Permisos Pasivos Permitidos/a_Vacaciones")): Object: 'Object Repository/Modulo Tarea Administracion Compensacion/Dias con Permisos Pasivos Permitidos/a_Vacaciones' is clicked on

2022-03-09 12:09:18 - [MESSAGE][PASSED] - Object: 'Object Repository/Modulo Tarea Administracion Compensacion/Dias con Permisos Pasivos Permitidos/a_Vacaciones' is clicked on

2022-03-09 12:09:18 - [TEST_STEP][PASSED] - waitForElementClickable(findTestObject("Modulo Tarea Administracion Compensacion/Dias con Permisos Pasivos Permitidos/a_Nuevo Pasivo"), G_TimeOut): Object 'Object Repository/Modulo Tarea Administracion Compensacion/Dias con Permisos Pasivos Permitidos/a_Nuevo Pasivo' is clickable

2022-03-09 12:09:18 - [MESSAGE][PASSED] - Object 'Object Repository/Modulo Tarea Administracion Compensacion/Dias con Permisos Pasivos Permitidos/a_Nuevo Pasivo' is clickable

2022-03-09 12:09:18 - [TEST_STEP][PASSED] - click(findTestObject("Modulo Tarea Administracion Compensacion/Dias con Permisos Pasivos Permitidos/a_Nuevo Pasivo")): Object: 'Object Repository/Modulo Tarea Administracion Compensacion/Dias con Permisos Pasivos Permitidos/a_Nuevo Pasivo' is clicked on

2022-03-09 12:09:18 - [MESSAGE][PASSED] - Object: 'Object Repository/Modulo Tarea Administracion Compensacion/Dias con Permisos Pasivos Permitidos/a_Nuevo Pasivo' is clicked on

2022-03-09 12:09:18 - [TEST_STEP][PASSED] - click(findTestObject("Modulo Tarea Administracion Compensacion/Dias con Permisos Pasivos Permitidos/a_pestaa Vacaciones")): Object: 'Object Repository/Modulo Tarea Administracion Compensacion/Dias con Permisos Pasivos Permitidos/a_pestaa Vacaciones' is clicked on

2022-03-09 12:09:19 - [MESSAGE][PASSED] - Object: 'Object Repository/Modulo Tarea Administracion Compensacion/Dias con Permisos Pasivos Permitidos/a_pestaa Vacaciones' is clicked on

2022-03-09 12:09:19 - [TEST_STEP][PASSED] - selectOptionByIndex(findTestObject("Modulo Tarea Administracion Compensacion/Dias con Permisos Pasivos Permitidos/select_APLAZAMIENTOPROGRAMACION DE VACACIONES"), "2"): All options with index in [2] are selected on object 'Object Repository/Modulo Tarea Administracion Compensacion/Dias con Permisos Pasivos Permitidos/select_APLAZAMIENTOPROGRAMACION DE VACACIONES'

2022-03-09 12:09:20 - [MESSAGE][PASSED] - All options with index in [2] are selected on object 'Object Repository/Modulo Tarea Administracion Compensacion/Dias con Permisos Pasivos Permitidos/select_APLAZAMIENTOPROGRAMACION DE VACACIONES'

2022-03-09 12:09:20 - [TEST_STEP][PASSED] - selectOptionByIndex(findTestObject("Modulo Tarea Administracion Compensacion/Dias con Permisos Pasivos Permitidos/select_InterrupcinNo Aplica"), "1"): All options with index in [1] are selected on object 'Object Repository/Modulo Tarea Administracion Compensacion/Dias con Permisos Pasivos Permitidos/select_InterrupcinNo Aplica'

2022-03-09 12:09:21 - [MESSAGE][PASSED] - All options with index in [1] are selected on object 'Object Repository/Modulo Tarea Administracion Compensacion/Dias con Permisos Pasivos Permitidos/select_InterrupcinNo Aplica'

2022-03-09 12:09:21 - [TEST_STEP][PASSED] - setText(findTestObject("Modulo Tarea Administracion Compensacion/Dias con Permisos Pasivos Permitidos/input_Periodo Servicio_form_"), "01/06/2021"): Text '01/06/2021' is set on object 'Object Repository/Modulo Tarea Administracion Compensacion/Dias con Permisos Pasivos Permitidos/input_Periodo Servicio_form_'

2022-03-09 12:09:22 - [MESSAGE][PASSED] - Text '01/06/2021' is set on object 'Object Repository/Modulo Tarea Administracion Compensacion/Dias con Permisos Pasivos Permitidos/input_Periodo Servicio_form_'

2022-03-09 12:09:22 - [TEST_STEP][PASSED] - click(findTestObject("Modulo Tarea Administracion Compensacion/Dias con Permisos Pasivos Permitidos/span_Periodo Servicio"), STOP_ON_FAILURE): Object: 'Object Repository/Modulo Tarea Administracion Compensacion/Dias con Permisos Pasivos Permitidos/span_Periodo Servicio' is clicked on

2022-03-09 12:09:22 - [MESSAGE][PASSED] - Object: 'Object Repository/Modulo Tarea Administracion Compensacion/Dias con Permisos Pasivos Permitidos/span_Periodo Servicio' is clicked on

2022-03-09 12:09:22 - [TEST_STEP][PASSED] - setText(findTestObject("Modulo Tarea Administracion Compensacion/Dias con Permisos Pasivos Permitidos/input_Periodo Servicio_form_vacaciones"), "06/06/2021"): Text '06/06/2021' is set on object 'Object Repository/Modulo Tarea Administracion Compensacion/Dias con Permisos Pasivos Permitidos/input_Periodo Servicio_form_vacaciones'

2022-03-09 12:09:23 - [MESSAGE][PASSED] - Text '06/06/2021' is set on object 'Object Repository/Modulo Tarea Administracion Compensacion/Dias con Permisos Pasivos Permitidos/input_Periodo Servicio_form_vacaciones'

2022-03-09 12:09:23 - [TEST_STEP][PASSED] - sendKeys(findTestObject("Modulo Tarea Administracion Compensacion/Dias con Permisos Pasivos Permitidos/input_Periodo Servicio_form_vacaciones"), Keys.chord(ENTER)): Keys 'ENTER + ' sent to object: 'Object Repository/Modulo Tarea Administracion Compensacion/Dias con Permisos Pasivos Permitidos/input_Periodo Servicio_form_vacaciones'

2022-03-09 12:09:24 - [MESSAGE][PASSED] - Keys 'ENTER + ' sent to object: 'Object Repository/Modulo Tarea Administracion Compensacion/Dias con Permisos Pasivos Permitidos/input_Periodo Servicio_form_vacaciones'

2022-03-09 12:09:24 - [TEST_STEP][PASSED] - setText(findTestObject("Modulo Tarea Administracion Compensacion/Dias con Permisos Pasivos Permitidos/input_Das_form_vacacionesEmpleadotabs"), "5"): Text '5' is set on object 'Object Repository/Modulo Tarea Administracion Compensacion/Dias con Permisos Pasivos Permitidos/input_Das_form_vacacionesEmpleadotabs'

2022-03-09 12:09:25 - [MESSAGE][PASSED] - Text '5' is set on object 'Object Repository/Modulo Tarea Administracion Compensacion/Dias con Permisos Pasivos Permitidos/input_Das_form_vacacionesEmpleadotabs'

2022-03-09 12:09:25 - [TEST_STEP][PASSED] - setText(findTestObject("Modulo Tarea Administracion Compensacion/Dias con Permisos Pasivos Permitidos/input_Fecha Origen_form_vacaciones"), "01/06/2021"): Text '01/06/2021' is set on object 'Object Repository/Modulo Tarea Administracion Compensacion/Dias con Permisos Pasivos Permitidos/input_Fecha Origen_form_vacaciones'

2022-03-09 12:09:26 - [MESSAGE][PASSED] - Text '01/06/2021' is set on object 'Object Repository/Modulo Tarea Administracion Compensacion/Dias con Permisos Pasivos Permitidos/input_Fecha Origen_form_vacaciones'

2022-03-09 12:09:26 - [TEST_STEP][PASSED] - sendKeys(findTestObject("Modulo Tarea Administracion Compensacion/Dias con Permisos Pasivos Permitidos/input_Fecha Origen_form_vacaciones"), Keys.chord(ENTER)): Keys 'ENTER + ' sent to object: 'Object Repository/Modulo Tarea Administracion Compensacion/Dias con Permisos Pasivos Permitidos/input_Fecha Origen_form_vacaciones'

2022-03-09 12:09:27 - [MESSAGE][PASSED] - Keys 'ENTER + ' sent to object: 'Object Repository/Modulo Tarea Administracion Compensacion/Dias con Permisos Pasivos Permitidos/input_Fecha Origen_form_vacaciones'

2022-03-09 12:09:27 - [TEST_STEP][PASSED] - waitForElementClickable(findTestObject("Modulo Tarea Administracion Compensacion/Dias con Permisos Pasivos Permitidos/a_Guardar"), G_TimeOut): Object 'Object Repository/Modulo Tarea Administracion Compensacion/Dias con Permisos Pasivos Permitidos/a_Guardar' is clickable

2022-03-09 12:09:27 - [MESSAGE][PASSED] - Object 'Object Repository/Modulo Tarea Administracion Compensacion/Dias con Permisos Pasivos Permitidos/a_Guardar' is clickable

2022-03-09 12:09:27 - [TEST_STEP][PASSED] - click(findTestObject("Modulo Tarea Administracion Compensacion/Dias con Permisos Pasivos Permitidos/a_Guardar")): Object: 'Object Repository/Modulo Tarea Administracion Compensacion/Dias con Permisos Pasivos Permitidos/a_Guardar' is clicked on

2022-03-09 12:09:27 - [MESSAGE][PASSED] - Object: 'Object Repository/Modulo Tarea Administracion Compensacion/Dias con Permisos Pasivos Permitidos/a_Guardar' is clicked on

2022-03-09 12:09:27 - [TEST_STEP][PASSED] - waitForElementClickable(findTestObject("Modulo Tarea Administracion Compensacion/Dias con Permisos Pasivos Permitidos/a_Regresar"), G_TimeOut): Object 'Object Repository/Modulo Tarea Administracion Compensacion/Dias con Permisos Pasivos Permitidos/a_Regresar' is clickable

2022-03-09 12:09:29 - [MESSAGE][PASSED] - Object 'Object Repository/Modulo Tarea Administracion Compensacion/Dias con Permisos Pasivos Permitidos/a_Regresar' is clickable

2022-03-09 12:09:29 - [TEST_STEP][PASSED] - click(findTestObject("Modulo Tarea Administracion Compensacion/Dias con Permisos Pasivos Permitidos/a_Regresar")): Object: 'Object Repository/Modulo Tarea Administracion Compensacion/Dias con Permisos Pasivos Permitidos/a_Regresar' is clicked on

2022-03-09 12:09:29 - [MESSAGE][PASSED] - Object: 'Object Repository/Modulo Tarea Administracion Compensacion/Dias con Permisos Pasivos Permitidos/a_Regresar' is clicked on

2022-03-09 12:09:29 - [TEST_STEP][PASSED] - delay(3): Delayed 3 second(s)

2022-03-09 12:09:32 - [MESSAGE][PASSED] - Delayed 3 second(s)

2022-03-09 12:09:32 - [TEST_STEP][PASSED] - if (waitForElementClickable(findTestObject("Modulo Tarea Administracion Compensacion/Dias con Permisos Pasivos Permitidos/td_02062021"), 1)): Web element with id: 'Object Repository/Modulo Tarea Administracion Compensacion/Dias con Permisos Pasivos Permitidos/td_02062021' located by '//*/text()[normalize-space(.)='02/06/2021']/parent::*' not found

2022-03-09 12:09:35 - [MESSAGE][INFO] - Unable to find the element located by 'By.xpath: //*/text()[normalize-space(.)='02/06/2021']/parent::*'. Please recheck the objects properties to make sure the desired element is located. 

2022-03-09 12:09:35 - [MESSAGE][WARNING] - Web element with id: 'Object Repository/Modulo Tarea Administracion Compensacion/Dias con Permisos Pasivos Permitidos/td_02062021' located by '//*/text()[normalize-space(.)='02/06/2021']/parent::*' not found

2022-03-09 12:09:35 - [TEST_STEP][PASSED] - waitForElementClickable(findTestObject("Modulo Tarea Administracion Compensacion/Dias con Permisos Pasivos Permitidos/a_Nueva Solicitud"), G_TimeOut): Object 'Object Repository/Modulo Tarea Administracion Compensacion/Dias con Permisos Pasivos Permitidos/a_Nueva Solicitud' is clickable

2022-03-09 12:09:35 - [MESSAGE][PASSED] - Object 'Object Repository/Modulo Tarea Administracion Compensacion/Dias con Permisos Pasivos Permitidos/a_Nueva Solicitud' is clickable

2022-03-09 12:09:35 - [TEST_STEP][PASSED] - click(findTestObject("Modulo Tarea Administracion Compensacion/Dias con Permisos Pasivos Permitidos/a_Nueva Solicitud")): Object: 'Object Repository/Modulo Tarea Administracion Compensacion/Dias con Permisos Pasivos Permitidos/a_Nueva Solicitud' is clicked on

2022-03-09 12:09:35 - [MESSAGE][PASSED] - Object: 'Object Repository/Modulo Tarea Administracion Compensacion/Dias con Permisos Pasivos Permitidos/a_Nueva Solicitud' is clicked on

2022-03-09 12:09:35 - [TEST_STEP][PASSED] - setText(findTestObject("Modulo Tarea Administracion Compensacion/Dias con Permisos Pasivos Permitidos/input_Salida Nomina_form_vacaciones"), "01/06/2021"): Text '01/06/2021' is set on object 'Object Repository/Modulo Tarea Administracion Compensacion/Dias con Permisos Pasivos Permitidos/input_Salida Nomina_form_vacaciones'

2022-03-09 12:09:37 - [MESSAGE][PASSED] - Text '01/06/2021' is set on object 'Object Repository/Modulo Tarea Administracion Compensacion/Dias con Permisos Pasivos Permitidos/input_Salida Nomina_form_vacaciones'

2022-03-09 12:09:37 - [TEST_STEP][PASSED] - sendKeys(findTestObject("Modulo Tarea Administracion Compensacion/Dias con Permisos Pasivos Permitidos/input_Salida Nomina_form_vacaciones"), Keys.chord(ENTER)): Keys 'ENTER + ' sent to object: 'Object Repository/Modulo Tarea Administracion Compensacion/Dias con Permisos Pasivos Permitidos/input_Salida Nomina_form_vacaciones'

2022-03-09 12:09:37 - [MESSAGE][PASSED] - Keys 'ENTER + ' sent to object: 'Object Repository/Modulo Tarea Administracion Compensacion/Dias con Permisos Pasivos Permitidos/input_Salida Nomina_form_vacaciones'

2022-03-09 12:09:37 - [TEST_STEP][PASSED] - selectOptionByIndex(findTestObject("Modulo Tarea Administracion Compensacion/Dias con Permisos Pasivos Permitidos/select_SeleccioneChequeEntidad_"), "3"): All options with index in [3] are selected on object 'Object Repository/Modulo Tarea Administracion Compensacion/Dias con Permisos Pasivos Permitidos/select_SeleccioneChequeEntidad_'

2022-03-09 12:09:38 - [MESSAGE][PASSED] - All options with index in [3] are selected on object 'Object Repository/Modulo Tarea Administracion Compensacion/Dias con Permisos Pasivos Permitidos/select_SeleccioneChequeEntidad_'

2022-03-09 12:09:38 - [TEST_STEP][PASSED] - setText(findTestObject("Modulo Tarea Administracion Compensacion/Dias con Permisos Pasivos Permitidos/input_Pago_form_vacacionesEmpleado"), "01/06/2021"): Text '01/06/2021' is set on object 'Object Repository/Modulo Tarea Administracion Compensacion/Dias con Permisos Pasivos Permitidos/input_Pago_form_vacacionesEmpleado'

2022-03-09 12:09:39 - [MESSAGE][PASSED] - Text '01/06/2021' is set on object 'Object Repository/Modulo Tarea Administracion Compensacion/Dias con Permisos Pasivos Permitidos/input_Pago_form_vacacionesEmpleado'

2022-03-09 12:09:39 - [TEST_STEP][PASSED] - sendKeys(findTestObject("Modulo Tarea Administracion Compensacion/Dias con Permisos Pasivos Permitidos/input_Pago_form_vacacionesEmpleado"), Keys.chord(ENTER)): Keys 'ENTER + ' sent to object: 'Object Repository/Modulo Tarea Administracion Compensacion/Dias con Permisos Pasivos Permitidos/input_Pago_form_vacacionesEmpleado'

2022-03-09 12:09:40 - [MESSAGE][PASSED] - Keys 'ENTER + ' sent to object: 'Object Repository/Modulo Tarea Administracion Compensacion/Dias con Permisos Pasivos Permitidos/input_Pago_form_vacacionesEmpleado'

2022-03-09 12:09:40 - [TEST_STEP][PASSED] - setText(findTestObject("Modulo Tarea Administracion Compensacion/Dias con Permisos Pasivos Permitidos/input_Disfrute_form_vacacionesEmpleado"), "1"): Text '1' is set on object 'Object Repository/Modulo Tarea Administracion Compensacion/Dias con Permisos Pasivos Permitidos/input_Disfrute_form_vacacionesEmpleado'

2022-03-09 12:09:41 - [MESSAGE][PASSED] - Text '1' is set on object 'Object Repository/Modulo Tarea Administracion Compensacion/Dias con Permisos Pasivos Permitidos/input_Disfrute_form_vacacionesEmpleado'

2022-03-09 12:09:41 - [TEST_STEP][PASSED] - setText(findTestObject("Modulo Tarea Administracion Compensacion/Dias con Permisos Pasivos Permitidos/input_Compensados_form_vacaciones"), "1"): Text '1' is set on object 'Object Repository/Modulo Tarea Administracion Compensacion/Dias con Permisos Pasivos Permitidos/input_Compensados_form_vacaciones'

2022-03-09 12:09:41 - [MESSAGE][PASSED] - Text '1' is set on object 'Object Repository/Modulo Tarea Administracion Compensacion/Dias con Permisos Pasivos Permitidos/input_Compensados_form_vacaciones'

2022-03-09 12:09:41 - [TEST_STEP][PASSED] - setText(findTestObject("Modulo Tarea Administracion Compensacion/Dias con Permisos Pasivos Permitidos/textarea_Observacin_form_vacaciones"), "Pruebas sara"): Text 'Pruebas sara' is set on object 'Object Repository/Modulo Tarea Administracion Compensacion/Dias con Permisos Pasivos Permitidos/textarea_Observacin_form_vacaciones'

2022-03-09 12:09:42 - [MESSAGE][PASSED] - Text 'Pruebas sara' is set on object 'Object Repository/Modulo Tarea Administracion Compensacion/Dias con Permisos Pasivos Permitidos/textarea_Observacin_form_vacaciones'

2022-03-09 12:09:42 - [TEST_STEP][PASSED] - waitForElementClickable(findTestObject("Modulo Tarea Administracion Compensacion/Dias con Permisos Pasivos Permitidos/a_Verificar"), G_TimeOut): Object 'Object Repository/Modulo Tarea Administracion Compensacion/Dias con Permisos Pasivos Permitidos/a_Verificar' is clickable

2022-03-09 12:09:43 - [MESSAGE][PASSED] - Object 'Object Repository/Modulo Tarea Administracion Compensacion/Dias con Permisos Pasivos Permitidos/a_Verificar' is clickable

2022-03-09 12:09:43 - [TEST_STEP][PASSED] - click(findTestObject("Modulo Tarea Administracion Compensacion/Dias con Permisos Pasivos Permitidos/a_Verificar")): Object: 'Object Repository/Modulo Tarea Administracion Compensacion/Dias con Permisos Pasivos Permitidos/a_Verificar' is clicked on

2022-03-09 12:09:43 - [MESSAGE][PASSED] - Object: 'Object Repository/Modulo Tarea Administracion Compensacion/Dias con Permisos Pasivos Permitidos/a_Verificar' is clicked on

2022-03-09 12:09:43 - [TEST_STEP][PASSED] - waitForElementClickable(findTestObject("Modulo Tarea Administracion Compensacion/Dias con Permisos Pasivos Permitidos/a_Guardar_solicitudes"), 0): Object 'Object Repository/Modulo Tarea Administracion Compensacion/Dias con Permisos Pasivos Permitidos/a_Guardar_solicitudes' is clickable

2022-03-09 12:09:43 - [MESSAGE][WARNING] - Timeout '0' is invalid. Using default page load timeout: '30'

2022-03-09 12:09:45 - [MESSAGE][PASSED] - Object 'Object Repository/Modulo Tarea Administracion Compensacion/Dias con Permisos Pasivos Permitidos/a_Guardar_solicitudes' is clickable

2022-03-09 12:09:45 - [TEST_STEP][PASSED] - click(findTestObject("Modulo Tarea Administracion Compensacion/Dias con Permisos Pasivos Permitidos/a_Guardar_solicitudes")): Object: 'Object Repository/Modulo Tarea Administracion Compensacion/Dias con Permisos Pasivos Permitidos/a_Guardar_solicitudes' is clicked on

2022-03-09 12:09:45 - [MESSAGE][PASSED] - Object: 'Object Repository/Modulo Tarea Administracion Compensacion/Dias con Permisos Pasivos Permitidos/a_Guardar_solicitudes' is clicked on

2022-03-09 12:09:45 - [TEST_STEP][PASSED] - getText(findTestObject("Alerta/Alerta")): Text of object 'Object Repository/Alerta/Alerta' is: 'Se modifico exitosamente su solicitud'

2022-03-09 12:09:48 - [MESSAGE][PASSED] - Text of object 'Object Repository/Alerta/Alerta' is: 'Se modifico exitosamente su solicitud'

2022-03-09 12:09:48 - [TEST_STEP][PASSED] - click(findTestObject("Modulo Tarea Administracion Compensacion/Dias con Permisos Pasivos Permitidos/a_Regresar_vacaciones")): Object: 'Object Repository/Modulo Tarea Administracion Compensacion/Dias con Permisos Pasivos Permitidos/a_Regresar_vacaciones' is clicked on

2022-03-09 12:09:48 - [MESSAGE][PASSED] - Object: 'Object Repository/Modulo Tarea Administracion Compensacion/Dias con Permisos Pasivos Permitidos/a_Regresar_vacaciones' is clicked on

2022-03-09 12:09:48 - [MESSAGE][PASSED] - Call Test Case 'Test Cases/1.1-Tareas Principales/1.1.6-crear vacaciones' successfully

2022-03-09 12:09:48 - [TEST_STEP][PASSED] - delay(2): Delayed 2 second(s)

2022-03-09 12:09:50 - [MESSAGE][PASSED] - Delayed 2 second(s)

2022-03-09 12:09:50 - [TEST_STEP][PASSED] - setText(findTestObject("Modulo Tarea Administracion Compensacion/Generar Vacaciones/input_Listado de Empleados_form_templatej_idt24_input"), "Generacion Vacaciones"): Text 'Generacion Vacaciones' is set on object 'Object Repository/Modulo Tarea Administracion Compensacion/Generar Vacaciones/input_Listado de Empleados_form_templatej_idt24_input'

2022-03-09 12:09:51 - [MESSAGE][PASSED] - Text 'Generacion Vacaciones' is set on object 'Object Repository/Modulo Tarea Administracion Compensacion/Generar Vacaciones/input_Listado de Empleados_form_templatej_idt24_input'

2022-03-09 12:09:51 - [TEST_STEP][PASSED] - delay(1): Delayed 1 second(s)

2022-03-09 12:09:52 - [MESSAGE][PASSED] - Delayed 1 second(s)

2022-03-09 12:09:52 - [TEST_STEP][PASSED] - waitForElementClickable(findTestObject("Modulo Tarea Administracion Compensacion/Generar Vacaciones/a_Generacin"), G_TimeOut): Object 'Object Repository/Modulo Tarea Administracion Compensacion/Generar Vacaciones/a_Generacin' is clickable

2022-03-09 12:09:52 - [MESSAGE][PASSED] - Object 'Object Repository/Modulo Tarea Administracion Compensacion/Generar Vacaciones/a_Generacin' is clickable

2022-03-09 12:09:52 - [TEST_STEP][PASSED] - sendKeys(findTestObject("Modulo Tarea Administracion Compensacion/Generar Vacaciones/input_Listado de Empleados_form_templatej_idt24_input"), Keys.chord(ENTER)): Keys 'ENTER + ' sent to object: 'Object Repository/Modulo Tarea Administracion Compensacion/Generar Vacaciones/input_Listado de Empleados_form_templatej_idt24_input'

2022-03-09 12:09:53 - [MESSAGE][PASSED] - Keys 'ENTER + ' sent to object: 'Object Repository/Modulo Tarea Administracion Compensacion/Generar Vacaciones/input_Listado de Empleados_form_templatej_idt24_input'

2022-03-09 12:09:53 - [TEST_STEP][PASSED] - click(findTestObject("Modulo Tarea Administracion Compensacion/Generar Vacaciones/a_Generacin")): Object: 'Object Repository/Modulo Tarea Administracion Compensacion/Generar Vacaciones/a_Generacin' is clicked on

2022-03-09 12:09:54 - [MESSAGE][PASSED] - Object: 'Object Repository/Modulo Tarea Administracion Compensacion/Generar Vacaciones/a_Generacin' is clicked on

2022-03-09 12:09:54 - [TEST_STEP][PASSED] - waitForElementClickable(findTestObject("Modulo Tarea Administracion Compensacion/Generar Vacaciones/select_--Seleccione--ChequeEntidad de PagoPeriodo de Nomina"), G_TimeOut): Object 'Object Repository/Modulo Tarea Administracion Compensacion/Generar Vacaciones/select_--Seleccione--ChequeEntidad de PagoPeriodo de Nomina' is clickable

2022-03-09 12:09:55 - [MESSAGE][PASSED] - Object 'Object Repository/Modulo Tarea Administracion Compensacion/Generar Vacaciones/select_--Seleccione--ChequeEntidad de PagoPeriodo de Nomina' is clickable

2022-03-09 12:09:55 - [TEST_STEP][PASSED] - click(findTestObject("Modulo Tarea Administracion Compensacion/Generar Vacaciones/select_--Seleccione--ChequeEntidad de PagoPeriodo de Nomina")): Object: 'Object Repository/Modulo Tarea Administracion Compensacion/Generar Vacaciones/select_--Seleccione--ChequeEntidad de PagoPeriodo de Nomina' is clicked on

2022-03-09 12:09:55 - [MESSAGE][PASSED] - Object: 'Object Repository/Modulo Tarea Administracion Compensacion/Generar Vacaciones/select_--Seleccione--ChequeEntidad de PagoPeriodo de Nomina' is clicked on

2022-03-09 12:09:55 - [TEST_STEP][PASSED] - selectOptionByIndex(findTestObject("Modulo Tarea Administracion Compensacion/Generar Vacaciones/select_--Seleccione--ChequeEntidad de PagoPeriodo de Nomina"), "3"): All options with index in [3] are selected on object 'Object Repository/Modulo Tarea Administracion Compensacion/Generar Vacaciones/select_--Seleccione--ChequeEntidad de PagoPeriodo de Nomina'

2022-03-09 12:09:57 - [MESSAGE][PASSED] - All options with index in [3] are selected on object 'Object Repository/Modulo Tarea Administracion Compensacion/Generar Vacaciones/select_--Seleccione--ChequeEntidad de PagoPeriodo de Nomina'

2022-03-09 12:09:57 - [TEST_STEP][PASSED] - waitForElementClickable(findTestObject("Modulo Tarea Administracion Compensacion/Generar Vacaciones/a_Periodo Nomina_btn_popupInformacion"), G_TimeOut): Object 'Object Repository/Modulo Tarea Administracion Compensacion/Generar Vacaciones/a_Periodo Nomina_btn_popupInformacion' is clickable

2022-03-09 12:09:58 - [MESSAGE][PASSED] - Object 'Object Repository/Modulo Tarea Administracion Compensacion/Generar Vacaciones/a_Periodo Nomina_btn_popupInformacion' is clickable

2022-03-09 12:09:58 - [TEST_STEP][PASSED] - click(findTestObject("Modulo Tarea Administracion Compensacion/Generar Vacaciones/a_Periodo Nomina_btn_popupInformacion")): Object: 'Object Repository/Modulo Tarea Administracion Compensacion/Generar Vacaciones/a_Periodo Nomina_btn_popupInformacion' is clicked on

2022-03-09 12:09:58 - [MESSAGE][PASSED] - Object: 'Object Repository/Modulo Tarea Administracion Compensacion/Generar Vacaciones/a_Periodo Nomina_btn_popupInformacion' is clicked on

2022-03-09 12:09:58 - [TEST_STEP][PASSED] - waitForElementClickable(findTestObject("Modulo Tarea Administracion Compensacion/Generar Vacaciones/span_P MensualJunio2021"), G_TimeOut): Object 'Object Repository/Modulo Tarea Administracion Compensacion/Generar Vacaciones/span_P MensualJunio2021' is clickable

2022-03-09 12:09:59 - [MESSAGE][PASSED] - Object 'Object Repository/Modulo Tarea Administracion Compensacion/Generar Vacaciones/span_P MensualJunio2021' is clickable

2022-03-09 12:09:59 - [TEST_STEP][PASSED] - click(findTestObject("Modulo Tarea Administracion Compensacion/Generar Vacaciones/span_P MensualJunio2021")): Object: 'Object Repository/Modulo Tarea Administracion Compensacion/Generar Vacaciones/span_P MensualJunio2021' is clicked on

2022-03-09 12:09:59 - [MESSAGE][PASSED] - Object: 'Object Repository/Modulo Tarea Administracion Compensacion/Generar Vacaciones/span_P MensualJunio2021' is clicked on

2022-03-09 12:09:59 - [TEST_STEP][PASSED] - waitForElementClickable(findTestObject("Modulo Tarea Administracion Compensacion/Generar Vacaciones/a_Filtrar"), G_TimeOut): Object 'Object Repository/Modulo Tarea Administracion Compensacion/Generar Vacaciones/a_Filtrar' is clickable

2022-03-09 12:10:00 - [MESSAGE][PASSED] - Object 'Object Repository/Modulo Tarea Administracion Compensacion/Generar Vacaciones/a_Filtrar' is clickable

2022-03-09 12:10:00 - [TEST_STEP][PASSED] - click(findTestObject("Modulo Tarea Administracion Compensacion/Generar Vacaciones/a_Filtrar")): Object: 'Object Repository/Modulo Tarea Administracion Compensacion/Generar Vacaciones/a_Filtrar' is clicked on

2022-03-09 12:10:00 - [MESSAGE][PASSED] - Object: 'Object Repository/Modulo Tarea Administracion Compensacion/Generar Vacaciones/a_Filtrar' is clicked on

2022-03-09 12:10:00 - [TEST_STEP][PASSED] - waitForElementClickable(findTestObject("Modulo Tarea Administracion Compensacion/Generar Vacaciones/div_Detalle_ui-chkbox-box ui-widget ui-corner-all ui-state-default"), G_TimeOut): Object 'Object Repository/Modulo Tarea Administracion Compensacion/Generar Vacaciones/div_Detalle_ui-chkbox-box ui-widget ui-corner-all ui-state-default' is clickable

2022-03-09 12:10:01 - [MESSAGE][PASSED] - Object 'Object Repository/Modulo Tarea Administracion Compensacion/Generar Vacaciones/div_Detalle_ui-chkbox-box ui-widget ui-corner-all ui-state-default' is clickable

2022-03-09 12:10:01 - [TEST_STEP][PASSED] - click(findTestObject("Modulo Tarea Administracion Compensacion/Generar Vacaciones/div_Detalle_ui-chkbox-box ui-widget ui-corner-all ui-state-default")): Object: 'Object Repository/Modulo Tarea Administracion Compensacion/Generar Vacaciones/div_Detalle_ui-chkbox-box ui-widget ui-corner-all ui-state-default' is clicked on

2022-03-09 12:10:01 - [MESSAGE][PASSED] - Object: 'Object Repository/Modulo Tarea Administracion Compensacion/Generar Vacaciones/div_Detalle_ui-chkbox-box ui-widget ui-corner-all ui-state-default' is clicked on

2022-03-09 12:10:01 - [TEST_STEP][PASSED] - waitForElementClickable(findTestObject("Modulo Tarea Administracion Compensacion/Generar Vacaciones/a_Aplicar"), G_TimeOut): Object 'Object Repository/Modulo Tarea Administracion Compensacion/Generar Vacaciones/a_Aplicar' is clickable

2022-03-09 12:10:02 - [MESSAGE][PASSED] - Object 'Object Repository/Modulo Tarea Administracion Compensacion/Generar Vacaciones/a_Aplicar' is clickable

2022-03-09 12:10:02 - [TEST_STEP][PASSED] - click(findTestObject("Modulo Tarea Administracion Compensacion/Generar Vacaciones/a_Aplicar")): Object: 'Object Repository/Modulo Tarea Administracion Compensacion/Generar Vacaciones/a_Aplicar' is clicked on

2022-03-09 12:10:02 - [MESSAGE][PASSED] - Object: 'Object Repository/Modulo Tarea Administracion Compensacion/Generar Vacaciones/a_Aplicar' is clicked on

2022-03-09 12:10:02 - [TEST_STEP][PASSED] - waitForElementClickable(findTestObject("Modulo Tarea Administracion Compensacion/Generar Vacaciones/span_Si"), G_TimeOut): Object 'Object Repository/Modulo Tarea Administracion Compensacion/Generar Vacaciones/span_Si' is clickable

2022-03-09 12:10:03 - [MESSAGE][PASSED] - Object 'Object Repository/Modulo Tarea Administracion Compensacion/Generar Vacaciones/span_Si' is clickable

2022-03-09 12:10:03 - [TEST_STEP][PASSED] - click(findTestObject("Modulo Tarea Administracion Compensacion/Generar Vacaciones/span_Si")): Object: 'Object Repository/Modulo Tarea Administracion Compensacion/Generar Vacaciones/span_Si' is clicked on

2022-03-09 12:10:03 - [MESSAGE][PASSED] - Object: 'Object Repository/Modulo Tarea Administracion Compensacion/Generar Vacaciones/span_Si' is clicked on

2022-03-09 12:10:03 - [TEST_STEP][PASSED] - waitForElementClickable(findTestObject("Modulo Tarea Administracion Compensacion/Generar Vacaciones/a_Continuar"), 0): Object 'Object Repository/Modulo Tarea Administracion Compensacion/Generar Vacaciones/a_Continuar' is clickable

2022-03-09 12:10:04 - [MESSAGE][WARNING] - Timeout '0' is invalid. Using default page load timeout: '30'

2022-03-09 12:10:08 - [MESSAGE][PASSED] - Object 'Object Repository/Modulo Tarea Administracion Compensacion/Generar Vacaciones/a_Continuar' is clickable

2022-03-09 12:10:08 - [TEST_STEP][PASSED] - click(findTestObject("Modulo Tarea Administracion Compensacion/Generar Vacaciones/a_Continuar")): Object: 'Object Repository/Modulo Tarea Administracion Compensacion/Generar Vacaciones/a_Continuar' is clicked on

2022-03-09 12:10:08 - [MESSAGE][PASSED] - Object: 'Object Repository/Modulo Tarea Administracion Compensacion/Generar Vacaciones/a_Continuar' is clicked on

2022-03-09 12:10:08 - [TEST_STEP][PASSED] - getText(findTestObject("Alerta/Alerta")): Text of object 'Object Repository/Alerta/Alerta' is: 'Se Actualizo correctamente el registro'

2022-03-09 12:10:09 - [MESSAGE][PASSED] - Text of object 'Object Repository/Alerta/Alerta' is: 'Se Actualizo correctamente el registro']]></system-out>
         <system-err><![CDATA[]]></system-err>
      </testcase>
      <testcase name="Test Cases/1.1-Tareas Principales/1.1.8-Mantenimiento de Vacaciones Reliquidar" time="25.179" classname="Test Cases/1.1-Tareas Principales/1.1.8-Mantenimiento de Vacaciones Reliquidar" status="PASSED">
         <system-out><![CDATA[2022-03-09 12:10:09 - [TEST_CASE][PASSED] - Test Cases/1.1-Tareas Principales/1.1.8-Mantenimiento de Vacaciones Reliquidar: Test Cases/1.1-Tareas Principales/1.1.8-Mantenimiento de Vacaciones Reliquidar

2022-03-09 12:10:09 - [TEST_STEP][PASSED] - callTestCase(findTestCase("0.1-Login"), [:], STOP_ON_FAILURE): Call Test Case 'Test Cases/0.1-Login' successfully

2022-03-09 12:10:09 - [TEST_CASE][PASSED] - Test Cases/0.1-Login: Test Cases/0.1-Login

2022-03-09 12:10:09 - [TEST_STEP][PASSED] - openBrowser(""): Browser is opened with url: ''

2022-03-09 12:10:09 - [MESSAGE][WARNING] - A browser is already opened. Closing browser and opening a new one

2022-03-09 12:10:10 - [MESSAGE][INFO] - Starting 'Chrome' driver

2022-03-09 12:10:10 - [MESSAGE][INFO] - Action delay is set to 0 milliseconds

2022-03-09 12:10:12 - [MESSAGE][PASSED] - Browser is opened with url: ''

2022-03-09 12:10:12 - [TEST_STEP][PASSED] - maximizeWindow(): Current window maximized

2022-03-09 12:10:12 - [MESSAGE][PASSED] - Current window maximized

2022-03-09 12:10:12 - [TEST_STEP][PASSED] - i = G_Login: null

2022-03-09 12:10:12 - [TEST_STEP][PASSED] - url = new java.net.URL(i): null

2022-03-09 12:10:12 - [TEST_STEP][PASSED] - println("URL: " + url.toString()): null

2022-03-09 12:10:12 - [TEST_STEP][PASSED] - connection = url.openConnection(): null

2022-03-09 12:10:12 - [TEST_STEP][PASSED] - connection.setRequestMethod("GET"): null

2022-03-09 12:10:12 - [TEST_STEP][PASSED] - connection.setReadTimeout(2 * 1000): null

2022-03-09 12:10:12 - [TEST_STEP][PASSED] - try: null

2022-03-09 12:10:12 - [TEST_STEP][PASSED] - connection.connect(): null

2022-03-09 12:10:12 - [TEST_STEP][PASSED] - flag = connected: null

2022-03-09 12:10:12 - [TEST_STEP][PASSED] - println("Valor_ori: " + flag): null

2022-03-09 12:10:12 - [TEST_STEP][PASSED] - if (flag): null

2022-03-09 12:10:12 - [TEST_STEP][PASSED] - navigateToUrl(i): Navigate to 'http://192.168.2.80:8380/saraweb' successfully

2022-03-09 12:10:13 - [MESSAGE][PASSED] - Navigate to 'http://192.168.2.80:8380/saraweb' successfully

2022-03-09 12:10:13 - [TEST_STEP][PASSED] - a(): null

2022-03-09 12:10:13 - [TEST_STEP][PASSED] - setText(findTestObject("Login/input_USUARIO_loginusuario"), G_Usuario): Text 'saraadmin' is set on object 'Object Repository/Login/input_USUARIO_loginusuario'

2022-03-09 12:10:14 - [MESSAGE][PASSED] - Text 'saraadmin' is set on object 'Object Repository/Login/input_USUARIO_loginusuario'

2022-03-09 12:10:14 - [TEST_STEP][PASSED] - setEncryptedText(findTestObject("Login/input_CLAVE_loginpassword"), "MkG4/TYiCFC3cb2driP7+Q=="): Text ****** has been set on object 'Object Repository/Login/input_CLAVE_loginpassword'

2022-03-09 12:10:15 - [MESSAGE][PASSED] - Text ****** has been set on object 'Object Repository/Login/input_CLAVE_loginpassword'

2022-03-09 12:10:15 - [TEST_STEP][PASSED] - waitForElementClickable(findTestObject("Login/a_Ingresar"), G_TimeOut): Object 'Object Repository/Login/a_Ingresar' is clickable

2022-03-09 12:10:15 - [MESSAGE][PASSED] - Object 'Object Repository/Login/a_Ingresar' is clickable

2022-03-09 12:10:15 - [TEST_STEP][PASSED] - click(findTestObject("Login/a_Ingresar")): Object: 'Object Repository/Login/a_Ingresar' is clicked on

2022-03-09 12:10:17 - [MESSAGE][PASSED] - Object: 'Object Repository/Login/a_Ingresar' is clicked on

2022-03-09 12:10:17 - [TEST_STEP][PASSED] - element = findWebElement(findTestObject("Login/a_Ir"), 30): null

2022-03-09 12:10:18 - [TEST_STEP][PASSED] - executeJavaScript("arguments[0].click()", Arrays.asList(element)): Execute JavaScript 'arguments[0].click()' successfully

2022-03-09 12:10:18 - [MESSAGE][PASSED] - Execute JavaScript 'arguments[0].click()' successfully

2022-03-09 12:10:18 - [MESSAGE][PASSED] - Call Test Case 'Test Cases/0.1-Login' successfully

2022-03-09 12:10:18 - [TEST_STEP][PASSED] - waitForElementClickable(findTestObject("Modulo Tarea Administracion Compensacion/Periodo en Proceso - Archivo Plano/Mantenimiento de Vacaciones Reliquidar/input_Mantenimiento de Vacaciones_form_templatej_idt24_input"), 0): Object 'Object Repository/Modulo Tarea Administracion Compensacion/Periodo en Proceso - Archivo Plano/Mantenimiento de Vacaciones Reliquidar/input_Mantenimiento de Vacaciones_form_templatej_idt24_input' is clickable

2022-03-09 12:10:18 - [MESSAGE][WARNING] - Timeout '0' is invalid. Using default page load timeout: '30'

2022-03-09 12:10:19 - [MESSAGE][PASSED] - Object 'Object Repository/Modulo Tarea Administracion Compensacion/Periodo en Proceso - Archivo Plano/Mantenimiento de Vacaciones Reliquidar/input_Mantenimiento de Vacaciones_form_templatej_idt24_input' is clickable

2022-03-09 12:10:19 - [TEST_STEP][PASSED] - setText(findTestObject("Modulo Tarea Administracion Compensacion/Periodo en Proceso - Archivo Plano/Mantenimiento de Vacaciones Reliquidar/input_Mantenimiento de Vacaciones_form_templatej_idt24_input"), "Mantenimiento de Vacaciones"): Text 'Mantenimiento de Vacaciones' is set on object 'Object Repository/Modulo Tarea Administracion Compensacion/Periodo en Proceso - Archivo Plano/Mantenimiento de Vacaciones Reliquidar/input_Mantenimiento de Vacaciones_form_templatej_idt24_input'

2022-03-09 12:10:20 - [MESSAGE][PASSED] - Text 'Mantenimiento de Vacaciones' is set on object 'Object Repository/Modulo Tarea Administracion Compensacion/Periodo en Proceso - Archivo Plano/Mantenimiento de Vacaciones Reliquidar/input_Mantenimiento de Vacaciones_form_templatej_idt24_input'

2022-03-09 12:10:20 - [TEST_STEP][PASSED] - delay(1): Delayed 1 second(s)

2022-03-09 12:10:21 - [MESSAGE][PASSED] - Delayed 1 second(s)

2022-03-09 12:10:21 - [TEST_STEP][PASSED] - sendKeys(findTestObject("Modulo Tarea Administracion Compensacion/Periodo en Proceso - Archivo Plano/Mantenimiento de Vacaciones Reliquidar/input_Mantenimiento de Vacaciones_form_templatej_idt24_input"), Keys.chord(ENTER)): Keys 'ENTER + ' sent to object: 'Object Repository/Modulo Tarea Administracion Compensacion/Periodo en Proceso - Archivo Plano/Mantenimiento de Vacaciones Reliquidar/input_Mantenimiento de Vacaciones_form_templatej_idt24_input'

2022-03-09 12:10:22 - [MESSAGE][PASSED] - Keys 'ENTER + ' sent to object: 'Object Repository/Modulo Tarea Administracion Compensacion/Periodo en Proceso - Archivo Plano/Mantenimiento de Vacaciones Reliquidar/input_Mantenimiento de Vacaciones_form_templatej_idt24_input'

2022-03-09 12:10:22 - [TEST_STEP][PASSED] - setText(findTestObject("Modulo Tarea Administracion Compensacion/Periodo en Proceso - Archivo Plano/Mantenimiento de Vacaciones Reliquidar/input_Identificacin_form_mantenimientoVacacionj_idt66"), "1234567890"): Text '1234567890' is set on object 'Object Repository/Modulo Tarea Administracion Compensacion/Periodo en Proceso - Archivo Plano/Mantenimiento de Vacaciones Reliquidar/input_Identificacin_form_mantenimientoVacacionj_idt66'

2022-03-09 12:10:24 - [MESSAGE][PASSED] - Text '1234567890' is set on object 'Object Repository/Modulo Tarea Administracion Compensacion/Periodo en Proceso - Archivo Plano/Mantenimiento de Vacaciones Reliquidar/input_Identificacin_form_mantenimientoVacacionj_idt66'

2022-03-09 12:10:24 - [TEST_STEP][PASSED] - sendKeys(findTestObject("Modulo Tarea Administracion Compensacion/Mantenimiento de Vacaciones Reliquidar/input_Identificacin_form_mante"), Keys.chord(ENTER)): Keys 'ENTER + ' sent to object: 'tempBody'

2022-03-09 12:10:24 - [MESSAGE][WARNING] - Test object with id 'Object Repository/Modulo Tarea Administracion Compensacion/Mantenimiento de Vacaciones Reliquidar/input_Identificacin_form_mante' does not exist

2022-03-09 12:10:24 - [MESSAGE][WARNING] - Test object with id 'Object Repository/' does not exist

2022-03-09 12:10:24 - [MESSAGE][PASSED] - Keys 'ENTER + ' sent to object: 'tempBody'

2022-03-09 12:10:24 - [TEST_STEP][PASSED] - if (waitForElementVisible(findTestObject("Modulo Tarea Administracion Compensacion/Periodo en Proceso - Archivo Plano/Mantenimiento de Vacaciones Reliquidar/td_No se encontr registros"), 1)): Web element with id: 'Object Repository/Modulo Tarea Administracion Compensacion/Periodo en Proceso - Archivo Plano/Mantenimiento de Vacaciones Reliquidar/td_No se encontr registros' located by '//*/text()[normalize-space(.)='No se encontró registros']/parent::*' not found

2022-03-09 12:10:27 - [MESSAGE][INFO] - Unable to find the element located by 'By.xpath: //*/text()[normalize-space(.)='No se encontró registros']/parent::*'. Please recheck the objects properties to make sure the desired element is located. 

2022-03-09 12:10:27 - [MESSAGE][WARNING] - Web element with id: 'Object Repository/Modulo Tarea Administracion Compensacion/Periodo en Proceso - Archivo Plano/Mantenimiento de Vacaciones Reliquidar/td_No se encontr registros' located by '//*/text()[normalize-space(.)='No se encontró registros']/parent::*' not found

2022-03-09 12:10:27 - [TEST_STEP][PASSED] - selectOptionByIndex(findTestObject("Modulo Tarea Administracion Compensacion/Periodo en Proceso - Archivo Plano/Mantenimiento de Vacaciones Reliquidar/select_SeleccioneCerradaNo Cerrada"), "2"): All options with index in [2] are selected on object 'Object Repository/Modulo Tarea Administracion Compensacion/Periodo en Proceso - Archivo Plano/Mantenimiento de Vacaciones Reliquidar/select_SeleccioneCerradaNo Cerrada'

2022-03-09 12:10:28 - [MESSAGE][PASSED] - All options with index in [2] are selected on object 'Object Repository/Modulo Tarea Administracion Compensacion/Periodo en Proceso - Archivo Plano/Mantenimiento de Vacaciones Reliquidar/select_SeleccioneCerradaNo Cerrada'

2022-03-09 12:10:28 - [TEST_STEP][PASSED] - check(findTestObject("Modulo Tarea Administracion Compensacion/Periodo en Proceso - Archivo Plano/Mantenimiento de Vacaciones Reliquidar/div_Estado_ui-chkbox-")): Object 'Object Repository/Modulo Tarea Administracion Compensacion/Periodo en Proceso - Archivo Plano/Mantenimiento de Vacaciones Reliquidar/div_Estado_ui-chkbox-' is checked

2022-03-09 12:10:29 - [MESSAGE][PASSED] - Object 'Object Repository/Modulo Tarea Administracion Compensacion/Periodo en Proceso - Archivo Plano/Mantenimiento de Vacaciones Reliquidar/div_Estado_ui-chkbox-' is checked

2022-03-09 12:10:29 - [TEST_STEP][PASSED] - click(findTestObject("Modulo Tarea Administracion Compensacion/Periodo en Proceso - Archivo Plano/Mantenimiento de Vacaciones Reliquidar/a_Reliquidacion")): Object: 'Object Repository/Modulo Tarea Administracion Compensacion/Periodo en Proceso - Archivo Plano/Mantenimiento de Vacaciones Reliquidar/a_Reliquidacion' is clicked on

2022-03-09 12:10:29 - [MESSAGE][PASSED] - Object: 'Object Repository/Modulo Tarea Administracion Compensacion/Periodo en Proceso - Archivo Plano/Mantenimiento de Vacaciones Reliquidar/a_Reliquidacion' is clicked on

2022-03-09 12:10:29 - [TEST_STEP][PASSED] - click(findTestObject("Modulo Tarea Administracion Compensacion/Periodo en Proceso - Archivo Plano/Mantenimiento de Vacaciones Reliquidar/a_Aceptar_Reliquidacion")): Object: 'Object Repository/Modulo Tarea Administracion Compensacion/Periodo en Proceso - Archivo Plano/Mantenimiento de Vacaciones Reliquidar/a_Aceptar_Reliquidacion' is clicked on

2022-03-09 12:10:30 - [MESSAGE][PASSED] - Object: 'Object Repository/Modulo Tarea Administracion Compensacion/Periodo en Proceso - Archivo Plano/Mantenimiento de Vacaciones Reliquidar/a_Aceptar_Reliquidacion' is clicked on

2022-03-09 12:10:30 - [TEST_STEP][PASSED] - waitForElementClickable(findTestObject("Modulo Tarea Administracion Compensacion/Periodo en Proceso - Archivo Plano/Mantenimiento de Vacaciones Reliquidar/a_Continuar_Reliquidar"), 0): Object 'Object Repository/Modulo Tarea Administracion Compensacion/Periodo en Proceso - Archivo Plano/Mantenimiento de Vacaciones Reliquidar/a_Continuar_Reliquidar' is clickable

2022-03-09 12:10:30 - [MESSAGE][WARNING] - Timeout '0' is invalid. Using default page load timeout: '30'

2022-03-09 12:10:34 - [MESSAGE][PASSED] - Object 'Object Repository/Modulo Tarea Administracion Compensacion/Periodo en Proceso - Archivo Plano/Mantenimiento de Vacaciones Reliquidar/a_Continuar_Reliquidar' is clickable

2022-03-09 12:10:34 - [TEST_STEP][PASSED] - click(findTestObject("Modulo Tarea Administracion Compensacion/Periodo en Proceso - Archivo Plano/Mantenimiento de Vacaciones Reliquidar/a_Continuar_Reliquidar")): Object: 'Object Repository/Modulo Tarea Administracion Compensacion/Periodo en Proceso - Archivo Plano/Mantenimiento de Vacaciones Reliquidar/a_Continuar_Reliquidar' is clicked on

2022-03-09 12:10:34 - [MESSAGE][PASSED] - Object: 'Object Repository/Modulo Tarea Administracion Compensacion/Periodo en Proceso - Archivo Plano/Mantenimiento de Vacaciones Reliquidar/a_Continuar_Reliquidar' is clicked on]]></system-out>
         <system-err><![CDATA[]]></system-err>
      </testcase>
      <testcase name="Test Cases/1.1-Tareas Principales/1.1.9-Imprimir comprobante de vacaciones" time="31.062" classname="Test Cases/1.1-Tareas Principales/1.1.9-Imprimir comprobante de vacaciones" status="PASSED">
         <system-out><![CDATA[2022-03-09 12:10:34 - [TEST_CASE][PASSED] - Test Cases/1.1-Tareas Principales/1.1.9-Imprimir comprobante de vacaciones: Test Cases/1.1-Tareas Principales/1.1.9-Imprimir comprobante de vacaciones

2022-03-09 12:10:34 - [TEST_STEP][PASSED] - callTestCase(findTestCase("1.1-Tareas Principales/1.1.8-Mantenimiento de Vacaciones Reliquidar"), [:], STOP_ON_FAILURE): Call Test Case 'Test Cases/1.1-Tareas Principales/1.1.8-Mantenimiento de Vacaciones Reliquidar' successfully

2022-03-09 12:10:35 - [TEST_CASE][PASSED] - Test Cases/1.1-Tareas Principales/1.1.8-Mantenimiento de Vacaciones Reliquidar: Test Cases/1.1-Tareas Principales/1.1.8-Mantenimiento de Vacaciones Reliquidar

2022-03-09 12:10:35 - [TEST_STEP][PASSED] - callTestCase(findTestCase("0.1-Login"), [:], STOP_ON_FAILURE): Call Test Case 'Test Cases/0.1-Login' successfully

2022-03-09 12:10:35 - [TEST_CASE][PASSED] - Test Cases/0.1-Login: Test Cases/0.1-Login

2022-03-09 12:10:35 - [TEST_STEP][PASSED] - openBrowser(""): Browser is opened with url: ''

2022-03-09 12:10:35 - [MESSAGE][WARNING] - A browser is already opened. Closing browser and opening a new one

2022-03-09 12:10:36 - [MESSAGE][INFO] - Starting 'Chrome' driver

2022-03-09 12:10:36 - [MESSAGE][INFO] - Action delay is set to 0 milliseconds

2022-03-09 12:10:37 - [MESSAGE][PASSED] - Browser is opened with url: ''

2022-03-09 12:10:37 - [TEST_STEP][PASSED] - maximizeWindow(): Current window maximized

2022-03-09 12:10:37 - [MESSAGE][PASSED] - Current window maximized

2022-03-09 12:10:37 - [TEST_STEP][PASSED] - i = G_Login: null

2022-03-09 12:10:37 - [TEST_STEP][PASSED] - url = new java.net.URL(i): null

2022-03-09 12:10:37 - [TEST_STEP][PASSED] - println("URL: " + url.toString()): null

2022-03-09 12:10:37 - [TEST_STEP][PASSED] - connection = url.openConnection(): null

2022-03-09 12:10:37 - [TEST_STEP][PASSED] - connection.setRequestMethod("GET"): null

2022-03-09 12:10:37 - [TEST_STEP][PASSED] - connection.setReadTimeout(2 * 1000): null

2022-03-09 12:10:37 - [TEST_STEP][PASSED] - try: null

2022-03-09 12:10:37 - [TEST_STEP][PASSED] - connection.connect(): null

2022-03-09 12:10:37 - [TEST_STEP][PASSED] - flag = connected: null

2022-03-09 12:10:37 - [TEST_STEP][PASSED] - println("Valor_ori: " + flag): null

2022-03-09 12:10:37 - [TEST_STEP][PASSED] - if (flag): null

2022-03-09 12:10:37 - [TEST_STEP][PASSED] - navigateToUrl(i): Navigate to 'http://192.168.2.80:8380/saraweb' successfully

2022-03-09 12:10:38 - [MESSAGE][PASSED] - Navigate to 'http://192.168.2.80:8380/saraweb' successfully

2022-03-09 12:10:38 - [TEST_STEP][PASSED] - a(): null

2022-03-09 12:10:38 - [TEST_STEP][PASSED] - setText(findTestObject("Login/input_USUARIO_loginusuario"), G_Usuario): Text 'saraadmin' is set on object 'Object Repository/Login/input_USUARIO_loginusuario'

2022-03-09 12:10:39 - [MESSAGE][PASSED] - Text 'saraadmin' is set on object 'Object Repository/Login/input_USUARIO_loginusuario'

2022-03-09 12:10:39 - [TEST_STEP][PASSED] - setEncryptedText(findTestObject("Login/input_CLAVE_loginpassword"), "MkG4/TYiCFC3cb2driP7+Q=="): Text ****** has been set on object 'Object Repository/Login/input_CLAVE_loginpassword'

2022-03-09 12:10:39 - [MESSAGE][PASSED] - Text ****** has been set on object 'Object Repository/Login/input_CLAVE_loginpassword'

2022-03-09 12:10:39 - [TEST_STEP][PASSED] - waitForElementClickable(findTestObject("Login/a_Ingresar"), G_TimeOut): Object 'Object Repository/Login/a_Ingresar' is clickable

2022-03-09 12:10:40 - [MESSAGE][PASSED] - Object 'Object Repository/Login/a_Ingresar' is clickable

2022-03-09 12:10:40 - [TEST_STEP][PASSED] - click(findTestObject("Login/a_Ingresar")): Object: 'Object Repository/Login/a_Ingresar' is clicked on

2022-03-09 12:10:41 - [MESSAGE][PASSED] - Object: 'Object Repository/Login/a_Ingresar' is clicked on

2022-03-09 12:10:41 - [TEST_STEP][PASSED] - element = findWebElement(findTestObject("Login/a_Ir"), 30): null

2022-03-09 12:10:41 - [TEST_STEP][PASSED] - executeJavaScript("arguments[0].click()", Arrays.asList(element)): Execute JavaScript 'arguments[0].click()' successfully

2022-03-09 12:10:41 - [MESSAGE][PASSED] - Execute JavaScript 'arguments[0].click()' successfully

2022-03-09 12:10:41 - [MESSAGE][PASSED] - Call Test Case 'Test Cases/0.1-Login' successfully

2022-03-09 12:10:41 - [TEST_STEP][PASSED] - waitForElementClickable(findTestObject("Modulo Tarea Administracion Compensacion/Periodo en Proceso - Archivo Plano/Mantenimiento de Vacaciones Reliquidar/input_Mantenimiento de Vacaciones_form_templatej_idt24_input"), 0): Object 'Object Repository/Modulo Tarea Administracion Compensacion/Periodo en Proceso - Archivo Plano/Mantenimiento de Vacaciones Reliquidar/input_Mantenimiento de Vacaciones_form_templatej_idt24_input' is clickable

2022-03-09 12:10:42 - [MESSAGE][WARNING] - Timeout '0' is invalid. Using default page load timeout: '30'

2022-03-09 12:10:42 - [MESSAGE][PASSED] - Object 'Object Repository/Modulo Tarea Administracion Compensacion/Periodo en Proceso - Archivo Plano/Mantenimiento de Vacaciones Reliquidar/input_Mantenimiento de Vacaciones_form_templatej_idt24_input' is clickable

2022-03-09 12:10:42 - [TEST_STEP][PASSED] - setText(findTestObject("Modulo Tarea Administracion Compensacion/Periodo en Proceso - Archivo Plano/Mantenimiento de Vacaciones Reliquidar/input_Mantenimiento de Vacaciones_form_templatej_idt24_input"), "Mantenimiento de Vacaciones"): Text 'Mantenimiento de Vacaciones' is set on object 'Object Repository/Modulo Tarea Administracion Compensacion/Periodo en Proceso - Archivo Plano/Mantenimiento de Vacaciones Reliquidar/input_Mantenimiento de Vacaciones_form_templatej_idt24_input'

2022-03-09 12:10:43 - [MESSAGE][PASSED] - Text 'Mantenimiento de Vacaciones' is set on object 'Object Repository/Modulo Tarea Administracion Compensacion/Periodo en Proceso - Archivo Plano/Mantenimiento de Vacaciones Reliquidar/input_Mantenimiento de Vacaciones_form_templatej_idt24_input'

2022-03-09 12:10:43 - [TEST_STEP][PASSED] - delay(1): Delayed 1 second(s)

2022-03-09 12:10:44 - [MESSAGE][PASSED] - Delayed 1 second(s)

2022-03-09 12:10:44 - [TEST_STEP][PASSED] - sendKeys(findTestObject("Modulo Tarea Administracion Compensacion/Periodo en Proceso - Archivo Plano/Mantenimiento de Vacaciones Reliquidar/input_Mantenimiento de Vacaciones_form_templatej_idt24_input"), Keys.chord(ENTER)): Keys 'ENTER + ' sent to object: 'Object Repository/Modulo Tarea Administracion Compensacion/Periodo en Proceso - Archivo Plano/Mantenimiento de Vacaciones Reliquidar/input_Mantenimiento de Vacaciones_form_templatej_idt24_input'

2022-03-09 12:10:45 - [MESSAGE][PASSED] - Keys 'ENTER + ' sent to object: 'Object Repository/Modulo Tarea Administracion Compensacion/Periodo en Proceso - Archivo Plano/Mantenimiento de Vacaciones Reliquidar/input_Mantenimiento de Vacaciones_form_templatej_idt24_input'

2022-03-09 12:10:45 - [TEST_STEP][PASSED] - setText(findTestObject("Modulo Tarea Administracion Compensacion/Periodo en Proceso - Archivo Plano/Mantenimiento de Vacaciones Reliquidar/input_Identificacin_form_mantenimientoVacacionj_idt66"), "1234567890"): Text '1234567890' is set on object 'Object Repository/Modulo Tarea Administracion Compensacion/Periodo en Proceso - Archivo Plano/Mantenimiento de Vacaciones Reliquidar/input_Identificacin_form_mantenimientoVacacionj_idt66'

2022-03-09 12:10:48 - [MESSAGE][PASSED] - Text '1234567890' is set on object 'Object Repository/Modulo Tarea Administracion Compensacion/Periodo en Proceso - Archivo Plano/Mantenimiento de Vacaciones Reliquidar/input_Identificacin_form_mantenimientoVacacionj_idt66'

2022-03-09 12:10:48 - [TEST_STEP][PASSED] - sendKeys(findTestObject("Modulo Tarea Administracion Compensacion/Mantenimiento de Vacaciones Reliquidar/input_Identificacin_form_mante"), Keys.chord(ENTER)): Keys 'ENTER + ' sent to object: 'tempBody'

2022-03-09 12:10:48 - [MESSAGE][WARNING] - Test object with id 'Object Repository/Modulo Tarea Administracion Compensacion/Mantenimiento de Vacaciones Reliquidar/input_Identificacin_form_mante' does not exist

2022-03-09 12:10:48 - [MESSAGE][WARNING] - Test object with id 'Object Repository/' does not exist

2022-03-09 12:10:48 - [MESSAGE][PASSED] - Keys 'ENTER + ' sent to object: 'tempBody'

2022-03-09 12:10:48 - [TEST_STEP][PASSED] - if (waitForElementVisible(findTestObject("Modulo Tarea Administracion Compensacion/Periodo en Proceso - Archivo Plano/Mantenimiento de Vacaciones Reliquidar/td_No se encontr registros"), 1)): Web element with id: 'Object Repository/Modulo Tarea Administracion Compensacion/Periodo en Proceso - Archivo Plano/Mantenimiento de Vacaciones Reliquidar/td_No se encontr registros' located by '//*/text()[normalize-space(.)='No se encontró registros']/parent::*' not found

2022-03-09 12:10:50 - [MESSAGE][INFO] - Unable to find the element located by 'By.xpath: //*/text()[normalize-space(.)='No se encontró registros']/parent::*'. Please recheck the objects properties to make sure the desired element is located. 

2022-03-09 12:10:50 - [MESSAGE][WARNING] - Web element with id: 'Object Repository/Modulo Tarea Administracion Compensacion/Periodo en Proceso - Archivo Plano/Mantenimiento de Vacaciones Reliquidar/td_No se encontr registros' located by '//*/text()[normalize-space(.)='No se encontró registros']/parent::*' not found

2022-03-09 12:10:50 - [TEST_STEP][PASSED] - selectOptionByIndex(findTestObject("Modulo Tarea Administracion Compensacion/Periodo en Proceso - Archivo Plano/Mantenimiento de Vacaciones Reliquidar/select_SeleccioneCerradaNo Cerrada"), "2"): All options with index in [2] are selected on object 'Object Repository/Modulo Tarea Administracion Compensacion/Periodo en Proceso - Archivo Plano/Mantenimiento de Vacaciones Reliquidar/select_SeleccioneCerradaNo Cerrada'

2022-03-09 12:10:52 - [MESSAGE][PASSED] - All options with index in [2] are selected on object 'Object Repository/Modulo Tarea Administracion Compensacion/Periodo en Proceso - Archivo Plano/Mantenimiento de Vacaciones Reliquidar/select_SeleccioneCerradaNo Cerrada'

2022-03-09 12:10:52 - [TEST_STEP][PASSED] - check(findTestObject("Modulo Tarea Administracion Compensacion/Periodo en Proceso - Archivo Plano/Mantenimiento de Vacaciones Reliquidar/div_Estado_ui-chkbox-")): Object 'Object Repository/Modulo Tarea Administracion Compensacion/Periodo en Proceso - Archivo Plano/Mantenimiento de Vacaciones Reliquidar/div_Estado_ui-chkbox-' is checked

2022-03-09 12:10:53 - [MESSAGE][PASSED] - Object 'Object Repository/Modulo Tarea Administracion Compensacion/Periodo en Proceso - Archivo Plano/Mantenimiento de Vacaciones Reliquidar/div_Estado_ui-chkbox-' is checked

2022-03-09 12:10:53 - [TEST_STEP][PASSED] - click(findTestObject("Modulo Tarea Administracion Compensacion/Periodo en Proceso - Archivo Plano/Mantenimiento de Vacaciones Reliquidar/a_Reliquidacion")): Object: 'Object Repository/Modulo Tarea Administracion Compensacion/Periodo en Proceso - Archivo Plano/Mantenimiento de Vacaciones Reliquidar/a_Reliquidacion' is clicked on

2022-03-09 12:10:53 - [MESSAGE][PASSED] - Object: 'Object Repository/Modulo Tarea Administracion Compensacion/Periodo en Proceso - Archivo Plano/Mantenimiento de Vacaciones Reliquidar/a_Reliquidacion' is clicked on

2022-03-09 12:10:53 - [TEST_STEP][PASSED] - click(findTestObject("Modulo Tarea Administracion Compensacion/Periodo en Proceso - Archivo Plano/Mantenimiento de Vacaciones Reliquidar/a_Aceptar_Reliquidacion")): Object: 'Object Repository/Modulo Tarea Administracion Compensacion/Periodo en Proceso - Archivo Plano/Mantenimiento de Vacaciones Reliquidar/a_Aceptar_Reliquidacion' is clicked on

2022-03-09 12:10:54 - [MESSAGE][PASSED] - Object: 'Object Repository/Modulo Tarea Administracion Compensacion/Periodo en Proceso - Archivo Plano/Mantenimiento de Vacaciones Reliquidar/a_Aceptar_Reliquidacion' is clicked on

2022-03-09 12:10:54 - [TEST_STEP][PASSED] - waitForElementClickable(findTestObject("Modulo Tarea Administracion Compensacion/Periodo en Proceso - Archivo Plano/Mantenimiento de Vacaciones Reliquidar/a_Continuar_Reliquidar"), 0): Object 'Object Repository/Modulo Tarea Administracion Compensacion/Periodo en Proceso - Archivo Plano/Mantenimiento de Vacaciones Reliquidar/a_Continuar_Reliquidar' is clickable

2022-03-09 12:10:54 - [MESSAGE][WARNING] - Timeout '0' is invalid. Using default page load timeout: '30'

2022-03-09 12:10:58 - [MESSAGE][PASSED] - Object 'Object Repository/Modulo Tarea Administracion Compensacion/Periodo en Proceso - Archivo Plano/Mantenimiento de Vacaciones Reliquidar/a_Continuar_Reliquidar' is clickable

2022-03-09 12:10:58 - [TEST_STEP][PASSED] - click(findTestObject("Modulo Tarea Administracion Compensacion/Periodo en Proceso - Archivo Plano/Mantenimiento de Vacaciones Reliquidar/a_Continuar_Reliquidar")): Object: 'Object Repository/Modulo Tarea Administracion Compensacion/Periodo en Proceso - Archivo Plano/Mantenimiento de Vacaciones Reliquidar/a_Continuar_Reliquidar' is clicked on

2022-03-09 12:10:58 - [MESSAGE][PASSED] - Object: 'Object Repository/Modulo Tarea Administracion Compensacion/Periodo en Proceso - Archivo Plano/Mantenimiento de Vacaciones Reliquidar/a_Continuar_Reliquidar' is clicked on

2022-03-09 12:10:58 - [MESSAGE][PASSED] - Call Test Case 'Test Cases/1.1-Tareas Principales/1.1.8-Mantenimiento de Vacaciones Reliquidar' successfully

2022-03-09 12:10:58 - [TEST_STEP][PASSED] - waitForElementClickable(findTestObject("Modulo Tarea Administracion Compensacion/Imprimir comprobante de vacaciones/td_1234567890"), 0): Object 'Object Repository/Modulo Tarea Administracion Compensacion/Imprimir comprobante de vacaciones/td_1234567890' is clickable

2022-03-09 12:10:58 - [MESSAGE][WARNING] - Timeout '0' is invalid. Using default page load timeout: '30'

2022-03-09 12:10:59 - [MESSAGE][PASSED] - Object 'Object Repository/Modulo Tarea Administracion Compensacion/Imprimir comprobante de vacaciones/td_1234567890' is clickable

2022-03-09 12:10:59 - [TEST_STEP][PASSED] - click(findTestObject("Modulo Tarea Administracion Compensacion/Imprimir comprobante de vacaciones/td_1234567890")): Object: 'Object Repository/Modulo Tarea Administracion Compensacion/Imprimir comprobante de vacaciones/td_1234567890' is clicked on

2022-03-09 12:10:59 - [MESSAGE][PASSED] - Object: 'Object Repository/Modulo Tarea Administracion Compensacion/Imprimir comprobante de vacaciones/td_1234567890' is clicked on

2022-03-09 12:10:59 - [TEST_STEP][PASSED] - click(findTestObject("Modulo Tarea Administracion Compensacion/Imprimir comprobante de vacaciones/span_Imprimir")): Object: 'Object Repository/Modulo Tarea Administracion Compensacion/Imprimir comprobante de vacaciones/span_Imprimir' is clicked on

2022-03-09 12:11:00 - [MESSAGE][PASSED] - Object: 'Object Repository/Modulo Tarea Administracion Compensacion/Imprimir comprobante de vacaciones/span_Imprimir' is clicked on

2022-03-09 12:11:00 - [TEST_STEP][PASSED] - click(findTestObject("Modulo Tarea Administracion Compensacion/Imprimir comprobante de vacaciones/input_Publicar_j_idt712tipo")): Object: 'Object Repository/Modulo Tarea Administracion Compensacion/Imprimir comprobante de vacaciones/input_Publicar_j_idt712tipo' is clicked on

2022-03-09 12:11:01 - [MESSAGE][PASSED] - Object: 'Object Repository/Modulo Tarea Administracion Compensacion/Imprimir comprobante de vacaciones/input_Publicar_j_idt712tipo' is clicked on

2022-03-09 12:11:01 - [TEST_STEP][PASSED] - selectOptionByIndex(findTestObject("Modulo Tarea Administracion Compensacion/Imprimir comprobante de vacaciones/select_-- Seleccione --COMPROB"), "1"): All options with index in [1] are selected on object 'Object Repository/Modulo Tarea Administracion Compensacion/Imprimir comprobante de vacaciones/select_-- Seleccione --COMPROB'

2022-03-09 12:11:02 - [MESSAGE][PASSED] - All options with index in [1] are selected on object 'Object Repository/Modulo Tarea Administracion Compensacion/Imprimir comprobante de vacaciones/select_-- Seleccione --COMPROB'

2022-03-09 12:11:02 - [TEST_STEP][PASSED] - click(findTestObject("Modulo Tarea Administracion Compensacion/Imprimir comprobante de vacaciones/a_Publicar")): Object: 'Object Repository/Modulo Tarea Administracion Compensacion/Imprimir comprobante de vacaciones/a_Publicar' is clicked on

2022-03-09 12:11:02 - [MESSAGE][PASSED] - Object: 'Object Repository/Modulo Tarea Administracion Compensacion/Imprimir comprobante de vacaciones/a_Publicar' is clicked on

2022-03-09 12:11:02 - [TEST_STEP][PASSED] - getText(findTestObject("Alerta/Alerta")): Text of object 'Object Repository/Alerta/Alerta' is: 'Los comprobantes han sido publicados'

2022-03-09 12:11:04 - [MESSAGE][PASSED] - Text of object 'Object Repository/Alerta/Alerta' is: 'Los comprobantes han sido publicados'

2022-03-09 12:11:04 - [TEST_STEP][PASSED] - closeBrowser(): Browser is closed

2022-03-09 12:11:05 - [MESSAGE][PASSED] - Browser is closed]]></system-out>
         <system-err><![CDATA[]]></system-err>
      </testcase>
      <testcase name="Test Cases/1.1-Tareas Principales/1.2.1-Reversar Vacaciones" time="61.682" classname="Test Cases/1.1-Tareas Principales/1.2.1-Reversar Vacaciones" status="FAILED">
         <failure type="FAILED" message="Test Cases/1.1-Tareas Principales/1.2.1-Reversar Vacaciones FAILED.
Reason:
com.kms.katalon.core.exception.StepFailedException: Unable to get text of object 'Object Repository/Alerta/Alerta'
	at com.kms.katalon.core.webui.keyword.internal.WebUIKeywordMain.stepFailed(WebUIKeywordMain.groovy:64)
	at com.kms.katalon.core.webui.keyword.internal.WebUIKeywordMain.runKeyword(WebUIKeywordMain.groovy:26)
	at com.kms.katalon.core.webui.keyword.builtin.GetTextKeyword.getText(GetTextKeyword.groovy:88)
	at com.kms.katalon.core.webui.keyword.builtin.GetTextKeyword.execute(GetTextKeyword.groovy:67)
	at com.kms.katalon.core.keyword.internal.KeywordExecutor.executeKeywordForPlatform(KeywordExecutor.groovy:74)
	at com.kms.katalon.core.webui.keyword.WebUiBuiltInKeywords.getText(WebUiBuiltInKeywords.groovy:918)
	at com.kms.katalon.core.webui.keyword.WebUiBuiltInKeywords$getText$15.call(Unknown Source)
	at 1.2.1-Reversar Vacaciones.run(1.2.1-Reversar Vacaciones:32)
	at com.kms.katalon.core.main.ScriptEngine.run(ScriptEngine.java:194)
	at com.kms.katalon.core.main.ScriptEngine.runScriptAsRawText(ScriptEngine.java:119)
	at com.kms.katalon.core.main.TestCaseExecutor.runScript(TestCaseExecutor.java:442)
	at com.kms.katalon.core.main.TestCaseExecutor.doExecute(TestCaseExecutor.java:433)
	at com.kms.katalon.core.main.TestCaseExecutor.processExecutionPhase(TestCaseExecutor.java:412)
	at com.kms.katalon.core.main.TestCaseExecutor.accessMainPhase(TestCaseExecutor.java:404)
	at com.kms.katalon.core.main.TestCaseExecutor.execute(TestCaseExecutor.java:281)
	at com.kms.katalon.core.main.TestSuiteExecutor.accessTestCaseMainPhase(TestSuiteExecutor.java:202)
	at com.kms.katalon.core.main.TestSuiteExecutor.accessTestSuiteMainPhase(TestSuiteExecutor.java:164)
	at com.kms.katalon.core.main.TestSuiteExecutor.execute(TestSuiteExecutor.java:105)
	at com.kms.katalon.core.main.TestCaseMain.startTestSuite(TestCaseMain.java:185)
	at com.kms.katalon.core.main.TestCaseMain$startTestSuite$0.call(Unknown Source)
	at TempTestSuite1646845129657.run(TempTestSuite1646845129657.groovy:36)
Caused by: com.kms.katalon.core.webui.exception.WebElementNotFoundException: Web element with id: 'Object Repository/Alerta/Alerta' located by '//div[@id='growl_container']/div/div/div[2]/p' not found
	at com.kms.katalon.core.webui.common.WebUiCommonHelper.findWebElement(WebUiCommonHelper.java:1370)
	at com.kms.katalon.core.webui.keyword.internal.WebUIAbstractKeyword.findWebElement(WebUIAbstractKeyword.groovy:27)
	at com.kms.katalon.core.webui.keyword.internal.WebUIAbstractKeyword.findWebElement(WebUIAbstractKeyword.groovy:26)
	at com.kms.katalon.core.webui.keyword.builtin.GetTextKeyword$_getText_closure1.doCall(GetTextKeyword.groovy:78)
	at com.kms.katalon.core.webui.keyword.builtin.GetTextKeyword$_getText_closure1.call(GetTextKeyword.groovy)
	at com.kms.katalon.core.webui.keyword.internal.WebUIKeywordMain.runKeyword(WebUIKeywordMain.groovy:20)
	... 19 more
"/>
         <system-out><![CDATA[2022-03-09 12:11:05 - [TEST_CASE][FAILED] - Test Cases/1.1-Tareas Principales/1.2.1-Reversar Vacaciones: Test Cases/1.1-Tareas Principales/1.2.1-Reversar Vacaciones FAILED.
Reason:
com.kms.katalon.core.exception.StepFailedException: Unable to get text of object 'Object Repository/Alerta/Alerta'
	at com.kms.katalon.core.webui.keyword.internal.WebUIKeywordMain.stepFailed(WebUIKeywordMain.groovy:64)
	at com.kms.katalon.core.webui.keyword.internal.WebUIKeywordMain.runKeyword(WebUIKeywordMain.groovy:26)
	at com.kms.katalon.core.webui.keyword.builtin.GetTextKeyword.getText(GetTextKeyword.groovy:88)
	at com.kms.katalon.core.webui.keyword.builtin.GetTextKeyword.execute(GetTextKeyword.groovy:67)
	at com.kms.katalon.core.keyword.internal.KeywordExecutor.executeKeywordForPlatform(KeywordExecutor.groovy:74)
	at com.kms.katalon.core.webui.keyword.WebUiBuiltInKeywords.getText(WebUiBuiltInKeywords.groovy:918)
	at com.kms.katalon.core.webui.keyword.WebUiBuiltInKeywords$getText$15.call(Unknown Source)
	at 1.2.1-Reversar Vacaciones.run(1.2.1-Reversar Vacaciones:32)
	at com.kms.katalon.core.main.ScriptEngine.run(ScriptEngine.java:194)
	at com.kms.katalon.core.main.ScriptEngine.runScriptAsRawText(ScriptEngine.java:119)
	at com.kms.katalon.core.main.TestCaseExecutor.runScript(TestCaseExecutor.java:442)
	at com.kms.katalon.core.main.TestCaseExecutor.doExecute(TestCaseExecutor.java:433)
	at com.kms.katalon.core.main.TestCaseExecutor.processExecutionPhase(TestCaseExecutor.java:412)
	at com.kms.katalon.core.main.TestCaseExecutor.accessMainPhase(TestCaseExecutor.java:404)
	at com.kms.katalon.core.main.TestCaseExecutor.execute(TestCaseExecutor.java:281)
	at com.kms.katalon.core.main.TestSuiteExecutor.accessTestCaseMainPhase(TestSuiteExecutor.java:202)
	at com.kms.katalon.core.main.TestSuiteExecutor.accessTestSuiteMainPhase(TestSuiteExecutor.java:164)
	at com.kms.katalon.core.main.TestSuiteExecutor.execute(TestSuiteExecutor.java:105)
	at com.kms.katalon.core.main.TestCaseMain.startTestSuite(TestCaseMain.java:185)
	at com.kms.katalon.core.main.TestCaseMain$startTestSuite$0.call(Unknown Source)
	at TempTestSuite1646845129657.run(TempTestSuite1646845129657.groovy:36)
Caused by: com.kms.katalon.core.webui.exception.WebElementNotFoundException: Web element with id: 'Object Repository/Alerta/Alerta' located by '//div[@id='growl_container']/div/div/div[2]/p' not found
	at com.kms.katalon.core.webui.common.WebUiCommonHelper.findWebElement(WebUiCommonHelper.java:1370)
	at com.kms.katalon.core.webui.keyword.internal.WebUIAbstractKeyword.findWebElement(WebUIAbstractKeyword.groovy:27)
	at com.kms.katalon.core.webui.keyword.internal.WebUIAbstractKeyword.findWebElement(WebUIAbstractKeyword.groovy:26)
	at com.kms.katalon.core.webui.keyword.builtin.GetTextKeyword$_getText_closure1.doCall(GetTextKeyword.groovy:78)
	at com.kms.katalon.core.webui.keyword.builtin.GetTextKeyword$_getText_closure1.call(GetTextKeyword.groovy)
	at com.kms.katalon.core.webui.keyword.internal.WebUIKeywordMain.runKeyword(WebUIKeywordMain.groovy:20)
	... 19 more


2022-03-09 12:11:06 - [TEST_STEP][PASSED] - callTestCase(findTestCase("1.1-Tareas Principales/1.1.8-Mantenimiento de Vacaciones Reliquidar"), [:], STOP_ON_FAILURE): Call Test Case 'Test Cases/1.1-Tareas Principales/1.1.8-Mantenimiento de Vacaciones Reliquidar' successfully

2022-03-09 12:11:06 - [TEST_CASE][PASSED] - Test Cases/1.1-Tareas Principales/1.1.8-Mantenimiento de Vacaciones Reliquidar: Test Cases/1.1-Tareas Principales/1.1.8-Mantenimiento de Vacaciones Reliquidar

2022-03-09 12:11:06 - [TEST_STEP][PASSED] - callTestCase(findTestCase("0.1-Login"), [:], STOP_ON_FAILURE): Call Test Case 'Test Cases/0.1-Login' successfully

2022-03-09 12:11:06 - [TEST_CASE][PASSED] - Test Cases/0.1-Login: Test Cases/0.1-Login

2022-03-09 12:11:06 - [TEST_STEP][PASSED] - openBrowser(""): Browser is opened with url: ''

2022-03-09 12:11:06 - [MESSAGE][INFO] - Starting 'Chrome' driver

2022-03-09 12:11:06 - [MESSAGE][INFO] - Action delay is set to 0 milliseconds

2022-03-09 12:11:08 - [MESSAGE][PASSED] - Browser is opened with url: ''

2022-03-09 12:11:08 - [TEST_STEP][PASSED] - maximizeWindow(): Current window maximized

2022-03-09 12:11:08 - [MESSAGE][PASSED] - Current window maximized

2022-03-09 12:11:08 - [TEST_STEP][PASSED] - i = G_Login: null

2022-03-09 12:11:08 - [TEST_STEP][PASSED] - url = new java.net.URL(i): null

2022-03-09 12:11:08 - [TEST_STEP][PASSED] - println("URL: " + url.toString()): null

2022-03-09 12:11:08 - [TEST_STEP][PASSED] - connection = url.openConnection(): null

2022-03-09 12:11:08 - [TEST_STEP][PASSED] - connection.setRequestMethod("GET"): null

2022-03-09 12:11:08 - [TEST_STEP][PASSED] - connection.setReadTimeout(2 * 1000): null

2022-03-09 12:11:08 - [TEST_STEP][PASSED] - try: null

2022-03-09 12:11:08 - [TEST_STEP][PASSED] - connection.connect(): null

2022-03-09 12:11:08 - [TEST_STEP][PASSED] - flag = connected: null

2022-03-09 12:11:08 - [TEST_STEP][PASSED] - println("Valor_ori: " + flag): null

2022-03-09 12:11:08 - [TEST_STEP][PASSED] - if (flag): null

2022-03-09 12:11:08 - [TEST_STEP][PASSED] - navigateToUrl(i): Navigate to 'http://192.168.2.80:8380/saraweb' successfully

2022-03-09 12:11:09 - [MESSAGE][PASSED] - Navigate to 'http://192.168.2.80:8380/saraweb' successfully

2022-03-09 12:11:09 - [TEST_STEP][PASSED] - a(): null

2022-03-09 12:11:09 - [TEST_STEP][PASSED] - setText(findTestObject("Login/input_USUARIO_loginusuario"), G_Usuario): Text 'saraadmin' is set on object 'Object Repository/Login/input_USUARIO_loginusuario'

2022-03-09 12:11:10 - [MESSAGE][PASSED] - Text 'saraadmin' is set on object 'Object Repository/Login/input_USUARIO_loginusuario'

2022-03-09 12:11:10 - [TEST_STEP][PASSED] - setEncryptedText(findTestObject("Login/input_CLAVE_loginpassword"), "MkG4/TYiCFC3cb2driP7+Q=="): Text ****** has been set on object 'Object Repository/Login/input_CLAVE_loginpassword'

2022-03-09 12:11:10 - [MESSAGE][PASSED] - Text ****** has been set on object 'Object Repository/Login/input_CLAVE_loginpassword'

2022-03-09 12:11:10 - [TEST_STEP][PASSED] - waitForElementClickable(findTestObject("Login/a_Ingresar"), G_TimeOut): Object 'Object Repository/Login/a_Ingresar' is clickable

2022-03-09 12:11:11 - [MESSAGE][PASSED] - Object 'Object Repository/Login/a_Ingresar' is clickable

2022-03-09 12:11:11 - [TEST_STEP][PASSED] - click(findTestObject("Login/a_Ingresar")): Object: 'Object Repository/Login/a_Ingresar' is clicked on

2022-03-09 12:11:13 - [MESSAGE][PASSED] - Object: 'Object Repository/Login/a_Ingresar' is clicked on

2022-03-09 12:11:13 - [TEST_STEP][PASSED] - element = findWebElement(findTestObject("Login/a_Ir"), 30): null

2022-03-09 12:11:13 - [TEST_STEP][PASSED] - executeJavaScript("arguments[0].click()", Arrays.asList(element)): Execute JavaScript 'arguments[0].click()' successfully

2022-03-09 12:11:13 - [MESSAGE][PASSED] - Execute JavaScript 'arguments[0].click()' successfully

2022-03-09 12:11:13 - [MESSAGE][PASSED] - Call Test Case 'Test Cases/0.1-Login' successfully

2022-03-09 12:11:13 - [TEST_STEP][PASSED] - waitForElementClickable(findTestObject("Modulo Tarea Administracion Compensacion/Periodo en Proceso - Archivo Plano/Mantenimiento de Vacaciones Reliquidar/input_Mantenimiento de Vacaciones_form_templatej_idt24_input"), 0): Object 'Object Repository/Modulo Tarea Administracion Compensacion/Periodo en Proceso - Archivo Plano/Mantenimiento de Vacaciones Reliquidar/input_Mantenimiento de Vacaciones_form_templatej_idt24_input' is clickable

2022-03-09 12:11:14 - [MESSAGE][WARNING] - Timeout '0' is invalid. Using default page load timeout: '30'

2022-03-09 12:11:14 - [MESSAGE][PASSED] - Object 'Object Repository/Modulo Tarea Administracion Compensacion/Periodo en Proceso - Archivo Plano/Mantenimiento de Vacaciones Reliquidar/input_Mantenimiento de Vacaciones_form_templatej_idt24_input' is clickable

2022-03-09 12:11:14 - [TEST_STEP][PASSED] - setText(findTestObject("Modulo Tarea Administracion Compensacion/Periodo en Proceso - Archivo Plano/Mantenimiento de Vacaciones Reliquidar/input_Mantenimiento de Vacaciones_form_templatej_idt24_input"), "Mantenimiento de Vacaciones"): Text 'Mantenimiento de Vacaciones' is set on object 'Object Repository/Modulo Tarea Administracion Compensacion/Periodo en Proceso - Archivo Plano/Mantenimiento de Vacaciones Reliquidar/input_Mantenimiento de Vacaciones_form_templatej_idt24_input'

2022-03-09 12:11:17 - [MESSAGE][PASSED] - Text 'Mantenimiento de Vacaciones' is set on object 'Object Repository/Modulo Tarea Administracion Compensacion/Periodo en Proceso - Archivo Plano/Mantenimiento de Vacaciones Reliquidar/input_Mantenimiento de Vacaciones_form_templatej_idt24_input'

2022-03-09 12:11:17 - [TEST_STEP][PASSED] - delay(1): Delayed 1 second(s)

2022-03-09 12:11:18 - [MESSAGE][PASSED] - Delayed 1 second(s)

2022-03-09 12:11:18 - [TEST_STEP][PASSED] - sendKeys(findTestObject("Modulo Tarea Administracion Compensacion/Periodo en Proceso - Archivo Plano/Mantenimiento de Vacaciones Reliquidar/input_Mantenimiento de Vacaciones_form_templatej_idt24_input"), Keys.chord(ENTER)): Keys 'ENTER + ' sent to object: 'Object Repository/Modulo Tarea Administracion Compensacion/Periodo en Proceso - Archivo Plano/Mantenimiento de Vacaciones Reliquidar/input_Mantenimiento de Vacaciones_form_templatej_idt24_input'

2022-03-09 12:11:19 - [MESSAGE][PASSED] - Keys 'ENTER + ' sent to object: 'Object Repository/Modulo Tarea Administracion Compensacion/Periodo en Proceso - Archivo Plano/Mantenimiento de Vacaciones Reliquidar/input_Mantenimiento de Vacaciones_form_templatej_idt24_input'

2022-03-09 12:11:19 - [TEST_STEP][PASSED] - setText(findTestObject("Modulo Tarea Administracion Compensacion/Periodo en Proceso - Archivo Plano/Mantenimiento de Vacaciones Reliquidar/input_Identificacin_form_mantenimientoVacacionj_idt66"), "1234567890"): Text '1234567890' is set on object 'Object Repository/Modulo Tarea Administracion Compensacion/Periodo en Proceso - Archivo Plano/Mantenimiento de Vacaciones Reliquidar/input_Identificacin_form_mantenimientoVacacionj_idt66'

2022-03-09 12:11:20 - [MESSAGE][PASSED] - Text '1234567890' is set on object 'Object Repository/Modulo Tarea Administracion Compensacion/Periodo en Proceso - Archivo Plano/Mantenimiento de Vacaciones Reliquidar/input_Identificacin_form_mantenimientoVacacionj_idt66'

2022-03-09 12:11:20 - [TEST_STEP][PASSED] - sendKeys(findTestObject("Modulo Tarea Administracion Compensacion/Mantenimiento de Vacaciones Reliquidar/input_Identificacin_form_mante"), Keys.chord(ENTER)): Keys 'ENTER + ' sent to object: 'tempBody'

2022-03-09 12:11:20 - [MESSAGE][WARNING] - Test object with id 'Object Repository/Modulo Tarea Administracion Compensacion/Mantenimiento de Vacaciones Reliquidar/input_Identificacin_form_mante' does not exist

2022-03-09 12:11:20 - [MESSAGE][WARNING] - Test object with id 'Object Repository/' does not exist

2022-03-09 12:11:21 - [MESSAGE][PASSED] - Keys 'ENTER + ' sent to object: 'tempBody'

2022-03-09 12:11:21 - [TEST_STEP][PASSED] - if (waitForElementVisible(findTestObject("Modulo Tarea Administracion Compensacion/Periodo en Proceso - Archivo Plano/Mantenimiento de Vacaciones Reliquidar/td_No se encontr registros"), 1)): Web element with id: 'Object Repository/Modulo Tarea Administracion Compensacion/Periodo en Proceso - Archivo Plano/Mantenimiento de Vacaciones Reliquidar/td_No se encontr registros' located by '//*/text()[normalize-space(.)='No se encontró registros']/parent::*' not found

2022-03-09 12:11:23 - [MESSAGE][INFO] - Unable to find the element located by 'By.xpath: //*/text()[normalize-space(.)='No se encontró registros']/parent::*'. Please recheck the objects properties to make sure the desired element is located. 

2022-03-09 12:11:23 - [MESSAGE][WARNING] - Web element with id: 'Object Repository/Modulo Tarea Administracion Compensacion/Periodo en Proceso - Archivo Plano/Mantenimiento de Vacaciones Reliquidar/td_No se encontr registros' located by '//*/text()[normalize-space(.)='No se encontró registros']/parent::*' not found

2022-03-09 12:11:23 - [TEST_STEP][PASSED] - selectOptionByIndex(findTestObject("Modulo Tarea Administracion Compensacion/Periodo en Proceso - Archivo Plano/Mantenimiento de Vacaciones Reliquidar/select_SeleccioneCerradaNo Cerrada"), "2"): All options with index in [2] are selected on object 'Object Repository/Modulo Tarea Administracion Compensacion/Periodo en Proceso - Archivo Plano/Mantenimiento de Vacaciones Reliquidar/select_SeleccioneCerradaNo Cerrada'

2022-03-09 12:11:24 - [MESSAGE][PASSED] - All options with index in [2] are selected on object 'Object Repository/Modulo Tarea Administracion Compensacion/Periodo en Proceso - Archivo Plano/Mantenimiento de Vacaciones Reliquidar/select_SeleccioneCerradaNo Cerrada'

2022-03-09 12:11:24 - [TEST_STEP][PASSED] - check(findTestObject("Modulo Tarea Administracion Compensacion/Periodo en Proceso - Archivo Plano/Mantenimiento de Vacaciones Reliquidar/div_Estado_ui-chkbox-")): Object 'Object Repository/Modulo Tarea Administracion Compensacion/Periodo en Proceso - Archivo Plano/Mantenimiento de Vacaciones Reliquidar/div_Estado_ui-chkbox-' is checked

2022-03-09 12:11:25 - [MESSAGE][PASSED] - Object 'Object Repository/Modulo Tarea Administracion Compensacion/Periodo en Proceso - Archivo Plano/Mantenimiento de Vacaciones Reliquidar/div_Estado_ui-chkbox-' is checked

2022-03-09 12:11:25 - [TEST_STEP][PASSED] - click(findTestObject("Modulo Tarea Administracion Compensacion/Periodo en Proceso - Archivo Plano/Mantenimiento de Vacaciones Reliquidar/a_Reliquidacion")): Object: 'Object Repository/Modulo Tarea Administracion Compensacion/Periodo en Proceso - Archivo Plano/Mantenimiento de Vacaciones Reliquidar/a_Reliquidacion' is clicked on

2022-03-09 12:11:26 - [MESSAGE][PASSED] - Object: 'Object Repository/Modulo Tarea Administracion Compensacion/Periodo en Proceso - Archivo Plano/Mantenimiento de Vacaciones Reliquidar/a_Reliquidacion' is clicked on

2022-03-09 12:11:26 - [TEST_STEP][PASSED] - click(findTestObject("Modulo Tarea Administracion Compensacion/Periodo en Proceso - Archivo Plano/Mantenimiento de Vacaciones Reliquidar/a_Aceptar_Reliquidacion")): Object: 'Object Repository/Modulo Tarea Administracion Compensacion/Periodo en Proceso - Archivo Plano/Mantenimiento de Vacaciones Reliquidar/a_Aceptar_Reliquidacion' is clicked on

2022-03-09 12:11:27 - [MESSAGE][PASSED] - Object: 'Object Repository/Modulo Tarea Administracion Compensacion/Periodo en Proceso - Archivo Plano/Mantenimiento de Vacaciones Reliquidar/a_Aceptar_Reliquidacion' is clicked on

2022-03-09 12:11:27 - [TEST_STEP][PASSED] - waitForElementClickable(findTestObject("Modulo Tarea Administracion Compensacion/Periodo en Proceso - Archivo Plano/Mantenimiento de Vacaciones Reliquidar/a_Continuar_Reliquidar"), 0): Object 'Object Repository/Modulo Tarea Administracion Compensacion/Periodo en Proceso - Archivo Plano/Mantenimiento de Vacaciones Reliquidar/a_Continuar_Reliquidar' is clickable

2022-03-09 12:11:27 - [MESSAGE][WARNING] - Timeout '0' is invalid. Using default page load timeout: '30'

2022-03-09 12:11:30 - [MESSAGE][PASSED] - Object 'Object Repository/Modulo Tarea Administracion Compensacion/Periodo en Proceso - Archivo Plano/Mantenimiento de Vacaciones Reliquidar/a_Continuar_Reliquidar' is clickable

2022-03-09 12:11:30 - [TEST_STEP][PASSED] - click(findTestObject("Modulo Tarea Administracion Compensacion/Periodo en Proceso - Archivo Plano/Mantenimiento de Vacaciones Reliquidar/a_Continuar_Reliquidar")): Object: 'Object Repository/Modulo Tarea Administracion Compensacion/Periodo en Proceso - Archivo Plano/Mantenimiento de Vacaciones Reliquidar/a_Continuar_Reliquidar' is clicked on

2022-03-09 12:11:31 - [MESSAGE][PASSED] - Object: 'Object Repository/Modulo Tarea Administracion Compensacion/Periodo en Proceso - Archivo Plano/Mantenimiento de Vacaciones Reliquidar/a_Continuar_Reliquidar' is clicked on

2022-03-09 12:11:31 - [MESSAGE][PASSED] - Call Test Case 'Test Cases/1.1-Tareas Principales/1.1.8-Mantenimiento de Vacaciones Reliquidar' successfully

2022-03-09 12:11:31 - [TEST_STEP][PASSED] - selectOptionByIndex(findTestObject("Modulo Tarea Administracion Compensacion/Reversar Vacaciones/select_SeleccioneCerradaNo Cerrada"), "02"): All options with index in [2] are selected on object 'Object Repository/Modulo Tarea Administracion Compensacion/Reversar Vacaciones/select_SeleccioneCerradaNo Cerrada'

2022-03-09 12:11:32 - [MESSAGE][PASSED] - All options with index in [2] are selected on object 'Object Repository/Modulo Tarea Administracion Compensacion/Reversar Vacaciones/select_SeleccioneCerradaNo Cerrada'

2022-03-09 12:11:32 - [TEST_STEP][PASSED] - waitForElementClickable(findTestObject("Modulo Tarea Administracion Compensacion/Reversar Vacaciones/td_1234567890"), 0): Object 'Object Repository/Modulo Tarea Administracion Compensacion/Reversar Vacaciones/td_1234567890' is clickable

2022-03-09 12:11:32 - [MESSAGE][WARNING] - Timeout '0' is invalid. Using default page load timeout: '30'

2022-03-09 12:11:33 - [MESSAGE][PASSED] - Object 'Object Repository/Modulo Tarea Administracion Compensacion/Reversar Vacaciones/td_1234567890' is clickable

2022-03-09 12:11:33 - [TEST_STEP][PASSED] - click(findTestObject("Modulo Tarea Administracion Compensacion/Reversar Vacaciones/td_1234567890")): Object: 'Object Repository/Modulo Tarea Administracion Compensacion/Reversar Vacaciones/td_1234567890' is clicked on

2022-03-09 12:11:34 - [MESSAGE][PASSED] - Object: 'Object Repository/Modulo Tarea Administracion Compensacion/Reversar Vacaciones/td_1234567890' is clicked on

2022-03-09 12:11:34 - [TEST_STEP][PASSED] - click(findTestObject("Modulo Tarea Administracion Compensacion/Reversar Vacaciones/span_Reversar")): Object: 'Object Repository/Modulo Tarea Administracion Compensacion/Reversar Vacaciones/span_Reversar' is clicked on

2022-03-09 12:11:35 - [MESSAGE][PASSED] - Object: 'Object Repository/Modulo Tarea Administracion Compensacion/Reversar Vacaciones/span_Reversar' is clicked on

2022-03-09 12:11:35 - [TEST_STEP][PASSED] - click(findTestObject("Modulo Tarea Administracion Compensacion/Reversar Vacaciones/a_Aceptar_Reversar")): Object: 'Object Repository/Modulo Tarea Administracion Compensacion/Reversar Vacaciones/a_Aceptar_Reversar' is clicked on

2022-03-09 12:11:35 - [MESSAGE][PASSED] - Object: 'Object Repository/Modulo Tarea Administracion Compensacion/Reversar Vacaciones/a_Aceptar_Reversar' is clicked on

2022-03-09 12:11:35 - [TEST_STEP][FAILED] - getText(findTestObject("Alerta/Alerta")): Unable to get text of object 'Object Repository/Alerta/Alerta' (Root cause: com.kms.katalon.core.exception.StepFailedException: Unable to get text of object 'Object Repository/Alerta/Alerta'
	at com.kms.katalon.core.webui.keyword.internal.WebUIKeywordMain.stepFailed(WebUIKeywordMain.groovy:64)
	at com.kms.katalon.core.webui.keyword.internal.WebUIKeywordMain.runKeyword(WebUIKeywordMain.groovy:26)
	at com.kms.katalon.core.webui.keyword.builtin.GetTextKeyword.getText(GetTextKeyword.groovy:88)
	at com.kms.katalon.core.webui.keyword.builtin.GetTextKeyword.execute(GetTextKeyword.groovy:67)
	at com.kms.katalon.core.keyword.internal.KeywordExecutor.executeKeywordForPlatform(KeywordExecutor.groovy:74)
	at com.kms.katalon.core.webui.keyword.WebUiBuiltInKeywords.getText(WebUiBuiltInKeywords.groovy:918)
	at com.kms.katalon.core.webui.keyword.WebUiBuiltInKeywords$getText$15.call(Unknown Source)
	at 1.2.1-Reversar Vacaciones.run(1.2.1-Reversar Vacaciones:32)
	at com.kms.katalon.core.main.ScriptEngine.run(ScriptEngine.java:194)
	at com.kms.katalon.core.main.ScriptEngine.runScriptAsRawText(ScriptEngine.java:119)
	at com.kms.katalon.core.main.TestCaseExecutor.runScript(TestCaseExecutor.java:442)
	at com.kms.katalon.core.main.TestCaseExecutor.doExecute(TestCaseExecutor.java:433)
	at com.kms.katalon.core.main.TestCaseExecutor.processExecutionPhase(TestCaseExecutor.java:412)
	at com.kms.katalon.core.main.TestCaseExecutor.accessMainPhase(TestCaseExecutor.java:404)
	at com.kms.katalon.core.main.TestCaseExecutor.execute(TestCaseExecutor.java:281)
	at com.kms.katalon.core.main.TestSuiteExecutor.accessTestCaseMainPhase(TestSuiteExecutor.java:202)
	at com.kms.katalon.core.main.TestSuiteExecutor.accessTestSuiteMainPhase(TestSuiteExecutor.java:164)
	at com.kms.katalon.core.main.TestSuiteExecutor.execute(TestSuiteExecutor.java:105)
	at com.kms.katalon.core.main.TestCaseMain.startTestSuite(TestCaseMain.java:185)
	at com.kms.katalon.core.main.TestCaseMain$startTestSuite$0.call(Unknown Source)
	at TempTestSuite1646845129657.run(TempTestSuite1646845129657.groovy:36)
Caused by: com.kms.katalon.core.webui.exception.WebElementNotFoundException: Web element with id: 'Object Repository/Alerta/Alerta' located by '//div[@id='growl_container']/div/div/div[2]/p' not found
	at com.kms.katalon.core.webui.common.WebUiCommonHelper.findWebElement(WebUiCommonHelper.java:1370)
	at com.kms.katalon.core.webui.keyword.internal.WebUIAbstractKeyword.findWebElement(WebUIAbstractKeyword.groovy:27)
	at com.kms.katalon.core.webui.keyword.internal.WebUIAbstractKeyword.findWebElement(WebUIAbstractKeyword.groovy:26)
	at com.kms.katalon.core.webui.keyword.builtin.GetTextKeyword$_getText_closure1.doCall(GetTextKeyword.groovy:78)
	at com.kms.katalon.core.webui.keyword.builtin.GetTextKeyword$_getText_closure1.call(GetTextKeyword.groovy)
	at com.kms.katalon.core.webui.keyword.internal.WebUIKeywordMain.runKeyword(WebUIKeywordMain.groovy:20)
	at com.kms.katalon.core.webui.keyword.builtin.GetTextKeyword.getText(GetTextKeyword.groovy:88)
	at com.kms.katalon.core.webui.keyword.builtin.GetTextKeyword.execute(GetTextKeyword.groovy:67)
	at com.kms.katalon.core.keyword.internal.KeywordExecutor.executeKeywordForPlatform(KeywordExecutor.groovy:74)
	at com.kms.katalon.core.webui.keyword.WebUiBuiltInKeywords.getText(WebUiBuiltInKeywords.groovy:918)
	at com.kms.katalon.core.webui.keyword.WebUiBuiltInKeywords$getText$15.call(Unknown Source)
	at Script1548864667831.run(Script1548864667831.groovy:32)
	... 13 more
)

2022-03-09 12:12:07 - [MESSAGE][INFO] - Unable to find the element located by 'By.xpath: //div[@id='growl_container']/div/div/div[2]/p'. Please recheck the objects properties to make sure the desired element is located. 

2022-03-09 12:12:07 - [MESSAGE][FAILED] - Unable to get text of object 'Object Repository/Alerta/Alerta' (Root cause: com.kms.katalon.core.exception.StepFailedException: Unable to get text of object 'Object Repository/Alerta/Alerta'
	at com.kms.katalon.core.webui.keyword.internal.WebUIKeywordMain.stepFailed(WebUIKeywordMain.groovy:64)
	at com.kms.katalon.core.webui.keyword.internal.WebUIKeywordMain.runKeyword(WebUIKeywordMain.groovy:26)
	at com.kms.katalon.core.webui.keyword.builtin.GetTextKeyword.getText(GetTextKeyword.groovy:88)
	at com.kms.katalon.core.webui.keyword.builtin.GetTextKeyword.execute(GetTextKeyword.groovy:67)
	at com.kms.katalon.core.keyword.internal.KeywordExecutor.executeKeywordForPlatform(KeywordExecutor.groovy:74)
	at com.kms.katalon.core.webui.keyword.WebUiBuiltInKeywords.getText(WebUiBuiltInKeywords.groovy:918)
	at com.kms.katalon.core.webui.keyword.WebUiBuiltInKeywords$getText$15.call(Unknown Source)
	at 1.2.1-Reversar Vacaciones.run(1.2.1-Reversar Vacaciones:32)
	at com.kms.katalon.core.main.ScriptEngine.run(ScriptEngine.java:194)
	at com.kms.katalon.core.main.ScriptEngine.runScriptAsRawText(ScriptEngine.java:119)
	at com.kms.katalon.core.main.TestCaseExecutor.runScript(TestCaseExecutor.java:442)
	at com.kms.katalon.core.main.TestCaseExecutor.doExecute(TestCaseExecutor.java:433)
	at com.kms.katalon.core.main.TestCaseExecutor.processExecutionPhase(TestCaseExecutor.java:412)
	at com.kms.katalon.core.main.TestCaseExecutor.accessMainPhase(TestCaseExecutor.java:404)
	at com.kms.katalon.core.main.TestCaseExecutor.execute(TestCaseExecutor.java:281)
	at com.kms.katalon.core.main.TestSuiteExecutor.accessTestCaseMainPhase(TestSuiteExecutor.java:202)
	at com.kms.katalon.core.main.TestSuiteExecutor.accessTestSuiteMainPhase(TestSuiteExecutor.java:164)
	at com.kms.katalon.core.main.TestSuiteExecutor.execute(TestSuiteExecutor.java:105)
	at com.kms.katalon.core.main.TestCaseMain.startTestSuite(TestCaseMain.java:185)
	at com.kms.katalon.core.main.TestCaseMain$startTestSuite$0.call(Unknown Source)
	at TempTestSuite1646845129657.run(TempTestSuite1646845129657.groovy:36)
Caused by: com.kms.katalon.core.webui.exception.WebElementNotFoundException: Web element with id: 'Object Repository/Alerta/Alerta' located by '//div[@id='growl_container']/div/div/div[2]/p' not found
	at com.kms.katalon.core.webui.common.WebUiCommonHelper.findWebElement(WebUiCommonHelper.java:1370)
	at com.kms.katalon.core.webui.keyword.internal.WebUIAbstractKeyword.findWebElement(WebUIAbstractKeyword.groovy:27)
	at com.kms.katalon.core.webui.keyword.internal.WebUIAbstractKeyword.findWebElement(WebUIAbstractKeyword.groovy:26)
	at com.kms.katalon.core.webui.keyword.builtin.GetTextKeyword$_getText_closure1.doCall(GetTextKeyword.groovy:78)
	at com.kms.katalon.core.webui.keyword.builtin.GetTextKeyword$_getText_closure1.call(GetTextKeyword.groovy)
	at com.kms.katalon.core.webui.keyword.internal.WebUIKeywordMain.runKeyword(WebUIKeywordMain.groovy:20)
	at com.kms.katalon.core.webui.keyword.builtin.GetTextKeyword.getText(GetTextKeyword.groovy:88)
	at com.kms.katalon.core.webui.keyword.builtin.GetTextKeyword.execute(GetTextKeyword.groovy:67)
	at com.kms.katalon.core.keyword.internal.KeywordExecutor.executeKeywordForPlatform(KeywordExecutor.groovy:74)
	at com.kms.katalon.core.webui.keyword.WebUiBuiltInKeywords.getText(WebUiBuiltInKeywords.groovy:918)
	at com.kms.katalon.core.webui.keyword.WebUiBuiltInKeywords$getText$15.call(Unknown Source)
	at Script1548864667831.run(Script1548864667831.groovy:32)
	... 13 more
)
[[ATTACHMENT|C:\\Users\\diego.rojas\\git\\Pruebas-Minimas\\Reports\\20220309_115823\\1-Tareas Principales\\20220309_115849\\1646845927155.png]]]]></system-out>
         <system-err><![CDATA[2022-03-09 12:11:05 - [TEST_CASE][FAILED] - Test Cases/1.1-Tareas Principales/1.2.1-Reversar Vacaciones: Test Cases/1.1-Tareas Principales/1.2.1-Reversar Vacaciones FAILED.
Reason:
com.kms.katalon.core.exception.StepFailedException: Unable to get text of object 'Object Repository/Alerta/Alerta'
	at com.kms.katalon.core.webui.keyword.internal.WebUIKeywordMain.stepFailed(WebUIKeywordMain.groovy:64)
	at com.kms.katalon.core.webui.keyword.internal.WebUIKeywordMain.runKeyword(WebUIKeywordMain.groovy:26)
	at com.kms.katalon.core.webui.keyword.builtin.GetTextKeyword.getText(GetTextKeyword.groovy:88)
	at com.kms.katalon.core.webui.keyword.builtin.GetTextKeyword.execute(GetTextKeyword.groovy:67)
	at com.kms.katalon.core.keyword.internal.KeywordExecutor.executeKeywordForPlatform(KeywordExecutor.groovy:74)
	at com.kms.katalon.core.webui.keyword.WebUiBuiltInKeywords.getText(WebUiBuiltInKeywords.groovy:918)
	at com.kms.katalon.core.webui.keyword.WebUiBuiltInKeywords$getText$15.call(Unknown Source)
	at 1.2.1-Reversar Vacaciones.run(1.2.1-Reversar Vacaciones:32)
	at com.kms.katalon.core.main.ScriptEngine.run(ScriptEngine.java:194)
	at com.kms.katalon.core.main.ScriptEngine.runScriptAsRawText(ScriptEngine.java:119)
	at com.kms.katalon.core.main.TestCaseExecutor.runScript(TestCaseExecutor.java:442)
	at com.kms.katalon.core.main.TestCaseExecutor.doExecute(TestCaseExecutor.java:433)
	at com.kms.katalon.core.main.TestCaseExecutor.processExecutionPhase(TestCaseExecutor.java:412)
	at com.kms.katalon.core.main.TestCaseExecutor.accessMainPhase(TestCaseExecutor.java:404)
	at com.kms.katalon.core.main.TestCaseExecutor.execute(TestCaseExecutor.java:281)
	at com.kms.katalon.core.main.TestSuiteExecutor.accessTestCaseMainPhase(TestSuiteExecutor.java:202)
	at com.kms.katalon.core.main.TestSuiteExecutor.accessTestSuiteMainPhase(TestSuiteExecutor.java:164)
	at com.kms.katalon.core.main.TestSuiteExecutor.execute(TestSuiteExecutor.java:105)
	at com.kms.katalon.core.main.TestCaseMain.startTestSuite(TestCaseMain.java:185)
	at com.kms.katalon.core.main.TestCaseMain$startTestSuite$0.call(Unknown Source)
	at TempTestSuite1646845129657.run(TempTestSuite1646845129657.groovy:36)
Caused by: com.kms.katalon.core.webui.exception.WebElementNotFoundException: Web element with id: 'Object Repository/Alerta/Alerta' located by '//div[@id='growl_container']/div/div/div[2]/p' not found
	at com.kms.katalon.core.webui.common.WebUiCommonHelper.findWebElement(WebUiCommonHelper.java:1370)
	at com.kms.katalon.core.webui.keyword.internal.WebUIAbstractKeyword.findWebElement(WebUIAbstractKeyword.groovy:27)
	at com.kms.katalon.core.webui.keyword.internal.WebUIAbstractKeyword.findWebElement(WebUIAbstractKeyword.groovy:26)
	at com.kms.katalon.core.webui.keyword.builtin.GetTextKeyword$_getText_closure1.doCall(GetTextKeyword.groovy:78)
	at com.kms.katalon.core.webui.keyword.builtin.GetTextKeyword$_getText_closure1.call(GetTextKeyword.groovy)
	at com.kms.katalon.core.webui.keyword.internal.WebUIKeywordMain.runKeyword(WebUIKeywordMain.groovy:20)
	... 19 more]]></system-err>
      </testcase>
      <testcase name="Test Cases/1.1-Tareas Principales/1.2.2-Legalizar licencia No Remunerada" time="79.419" classname="Test Cases/1.1-Tareas Principales/1.2.2-Legalizar licencia No Remunerada" status="PASSED">
         <system-out><![CDATA[2022-03-09 12:12:07 - [TEST_CASE][PASSED] - Test Cases/1.1-Tareas Principales/1.2.2-Legalizar licencia No Remunerada: Test Cases/1.1-Tareas Principales/1.2.2-Legalizar licencia No Remunerada

2022-03-09 12:12:07 - [TEST_STEP][PASSED] - callTestCase(findTestCase("Utilidades-(atajos_para _tareas)/Tareas Administracion Compensacion/Tarea Listado Empleados"), [:], STOP_ON_FAILURE): Call Test Case 'Test Cases/Utilidades-(atajos_para _tareas)/Tareas Administracion Compensacion/Tarea Listado Empleados' successfully

2022-03-09 12:12:08 - [TEST_CASE][PASSED] - Test Cases/Utilidades-(atajos_para _tareas)/Tareas Administracion Compensacion/Tarea Listado Empleados: Test Cases/Utilidades-(atajos_para _tareas)/Tareas Administracion Compensacion/Tarea Listado Empleados

2022-03-09 12:12:08 - [TEST_STEP][PASSED] - callTestCase(findTestCase("0.1-Login"), [:], STOP_ON_FAILURE): Call Test Case 'Test Cases/0.1-Login' successfully

2022-03-09 12:12:08 - [TEST_CASE][PASSED] - Test Cases/0.1-Login: Test Cases/0.1-Login

2022-03-09 12:12:08 - [TEST_STEP][PASSED] - openBrowser(""): Browser is opened with url: ''

2022-03-09 12:12:08 - [MESSAGE][WARNING] - A browser is already opened. Closing browser and opening a new one

2022-03-09 12:12:09 - [MESSAGE][INFO] - Starting 'Chrome' driver

2022-03-09 12:12:09 - [MESSAGE][INFO] - Action delay is set to 0 milliseconds

2022-03-09 12:12:11 - [MESSAGE][PASSED] - Browser is opened with url: ''

2022-03-09 12:12:11 - [TEST_STEP][PASSED] - maximizeWindow(): Current window maximized

2022-03-09 12:12:11 - [MESSAGE][PASSED] - Current window maximized

2022-03-09 12:12:11 - [TEST_STEP][PASSED] - i = G_Login: null

2022-03-09 12:12:11 - [TEST_STEP][PASSED] - url = new java.net.URL(i): null

2022-03-09 12:12:11 - [TEST_STEP][PASSED] - println("URL: " + url.toString()): null

2022-03-09 12:12:11 - [TEST_STEP][PASSED] - connection = url.openConnection(): null

2022-03-09 12:12:11 - [TEST_STEP][PASSED] - connection.setRequestMethod("GET"): null

2022-03-09 12:12:11 - [TEST_STEP][PASSED] - connection.setReadTimeout(2 * 1000): null

2022-03-09 12:12:11 - [TEST_STEP][PASSED] - try: null

2022-03-09 12:12:11 - [TEST_STEP][PASSED] - connection.connect(): null

2022-03-09 12:12:11 - [TEST_STEP][PASSED] - flag = connected: null

2022-03-09 12:12:11 - [TEST_STEP][PASSED] - println("Valor_ori: " + flag): null

2022-03-09 12:12:11 - [TEST_STEP][PASSED] - if (flag): null

2022-03-09 12:12:11 - [TEST_STEP][PASSED] - navigateToUrl(i): Navigate to 'http://192.168.2.80:8380/saraweb' successfully

2022-03-09 12:12:12 - [MESSAGE][PASSED] - Navigate to 'http://192.168.2.80:8380/saraweb' successfully

2022-03-09 12:12:12 - [TEST_STEP][PASSED] - a(): null

2022-03-09 12:12:12 - [TEST_STEP][PASSED] - setText(findTestObject("Login/input_USUARIO_loginusuario"), G_Usuario): Text 'saraadmin' is set on object 'Object Repository/Login/input_USUARIO_loginusuario'

2022-03-09 12:12:13 - [MESSAGE][PASSED] - Text 'saraadmin' is set on object 'Object Repository/Login/input_USUARIO_loginusuario'

2022-03-09 12:12:13 - [TEST_STEP][PASSED] - setEncryptedText(findTestObject("Login/input_CLAVE_loginpassword"), "MkG4/TYiCFC3cb2driP7+Q=="): Text ****** has been set on object 'Object Repository/Login/input_CLAVE_loginpassword'

2022-03-09 12:12:13 - [MESSAGE][PASSED] - Text ****** has been set on object 'Object Repository/Login/input_CLAVE_loginpassword'

2022-03-09 12:12:13 - [TEST_STEP][PASSED] - waitForElementClickable(findTestObject("Login/a_Ingresar"), G_TimeOut): Object 'Object Repository/Login/a_Ingresar' is clickable

2022-03-09 12:12:14 - [MESSAGE][PASSED] - Object 'Object Repository/Login/a_Ingresar' is clickable

2022-03-09 12:12:14 - [TEST_STEP][PASSED] - click(findTestObject("Login/a_Ingresar")): Object: 'Object Repository/Login/a_Ingresar' is clicked on

2022-03-09 12:12:16 - [MESSAGE][PASSED] - Object: 'Object Repository/Login/a_Ingresar' is clicked on

2022-03-09 12:12:16 - [TEST_STEP][PASSED] - element = findWebElement(findTestObject("Login/a_Ir"), 30): null

2022-03-09 12:12:16 - [TEST_STEP][PASSED] - executeJavaScript("arguments[0].click()", Arrays.asList(element)): Execute JavaScript 'arguments[0].click()' successfully

2022-03-09 12:12:16 - [MESSAGE][PASSED] - Execute JavaScript 'arguments[0].click()' successfully

2022-03-09 12:12:16 - [MESSAGE][PASSED] - Call Test Case 'Test Cases/0.1-Login' successfully

2022-03-09 12:12:16 - [TEST_STEP][PASSED] - setText(findTestObject("Modulo Tarea Listado Hojas de Vida/Tareas Listado Hojas de Vida/input_Listado Hojas De Vida_form_templatej_idt24_input"), "Listado de Empleados"): Text 'Listado de Empleados' is set on object 'Object Repository/Modulo Tarea Listado Hojas de Vida/Tareas Listado Hojas de Vida/input_Listado Hojas De Vida_form_templatej_idt24_input'

2022-03-09 12:12:18 - [MESSAGE][PASSED] - Text 'Listado de Empleados' is set on object 'Object Repository/Modulo Tarea Listado Hojas de Vida/Tareas Listado Hojas de Vida/input_Listado Hojas De Vida_form_templatej_idt24_input'

2022-03-09 12:12:18 - [TEST_STEP][PASSED] - delay(3): Delayed 3 second(s)

2022-03-09 12:12:21 - [MESSAGE][PASSED] - Delayed 3 second(s)

2022-03-09 12:12:21 - [TEST_STEP][PASSED] - sendKeys(findTestObject("Modulo Tarea Listado Hojas de Vida/Tareas Listado Hojas de Vida/input_Listado Hojas De Vida_form_templatej_idt24_input"), Keys.chord(ENTER)): Keys 'ENTER + ' sent to object: 'Object Repository/Modulo Tarea Listado Hojas de Vida/Tareas Listado Hojas de Vida/input_Listado Hojas De Vida_form_templatej_idt24_input'

2022-03-09 12:12:21 - [MESSAGE][PASSED] - Keys 'ENTER + ' sent to object: 'Object Repository/Modulo Tarea Listado Hojas de Vida/Tareas Listado Hojas de Vida/input_Listado Hojas De Vida_form_templatej_idt24_input'

2022-03-09 12:12:21 - [MESSAGE][PASSED] - Call Test Case 'Test Cases/Utilidades-(atajos_para _tareas)/Tareas Administracion Compensacion/Tarea Listado Empleados' successfully

2022-03-09 12:12:21 - [TEST_STEP][PASSED] - waitForElementClickable(findTestObject("Object Repository/Modulo Tarea Administracion Compensacion/Legalizar Licencia No Remunerada/input_Identificacin_listadoEmpleadoIdentificacionEmpleado"), 0): Object 'Object Repository/Modulo Tarea Administracion Compensacion/Legalizar Licencia No Remunerada/input_Identificacin_listadoEmpleadoIdentificacionEmpleado' is clickable

2022-03-09 12:12:21 - [MESSAGE][WARNING] - Timeout '0' is invalid. Using default page load timeout: '30'

2022-03-09 12:12:23 - [MESSAGE][PASSED] - Object 'Object Repository/Modulo Tarea Administracion Compensacion/Legalizar Licencia No Remunerada/input_Identificacin_listadoEmpleadoIdentificacionEmpleado' is clickable

2022-03-09 12:12:23 - [TEST_STEP][PASSED] - setText(findTestObject("Object Repository/Modulo Tarea Administracion Compensacion/Legalizar Licencia No Remunerada/input_Identificacin_listadoEmpleadoIdentificacionEmpleado"), "354968431354"): Text '354968431354' is set on object 'Object Repository/Modulo Tarea Administracion Compensacion/Legalizar Licencia No Remunerada/input_Identificacin_listadoEmpleadoIdentificacionEmpleado'

2022-03-09 12:12:24 - [MESSAGE][PASSED] - Text '354968431354' is set on object 'Object Repository/Modulo Tarea Administracion Compensacion/Legalizar Licencia No Remunerada/input_Identificacin_listadoEmpleadoIdentificacionEmpleado'

2022-03-09 12:12:24 - [TEST_STEP][PASSED] - sendKeys(findTestObject("Object Repository/Modulo Tarea Administracion Compensacion/Legalizar Licencia No Remunerada/input_Identificacin_listadoEmpleadoIdentificacionEmpleado"), Keys.chord(ENTER)): Keys 'ENTER + ' sent to object: 'Object Repository/Modulo Tarea Administracion Compensacion/Legalizar Licencia No Remunerada/input_Identificacin_listadoEmpleadoIdentificacionEmpleado'

2022-03-09 12:12:25 - [MESSAGE][PASSED] - Keys 'ENTER + ' sent to object: 'Object Repository/Modulo Tarea Administracion Compensacion/Legalizar Licencia No Remunerada/input_Identificacin_listadoEmpleadoIdentificacionEmpleado'

2022-03-09 12:12:25 - [TEST_STEP][PASSED] - waitForElementClickable(findTestObject("Object Repository/Modulo Tarea Administracion Compensacion/Legalizar Licencia No Remunerada/span_Consta Belfegord Jhon"), G_TimeOut): Object 'Object Repository/Modulo Tarea Administracion Compensacion/Legalizar Licencia No Remunerada/span_Consta Belfegord Jhon' is clickable

2022-03-09 12:12:27 - [MESSAGE][PASSED] - Object 'Object Repository/Modulo Tarea Administracion Compensacion/Legalizar Licencia No Remunerada/span_Consta Belfegord Jhon' is clickable

2022-03-09 12:12:27 - [TEST_STEP][PASSED] - click(findTestObject("Object Repository/Modulo Tarea Administracion Compensacion/Legalizar Licencia No Remunerada/span_Consta Belfegord Jhon")): Object: 'Object Repository/Modulo Tarea Administracion Compensacion/Legalizar Licencia No Remunerada/span_Consta Belfegord Jhon' is clicked on

2022-03-09 12:12:28 - [MESSAGE][PASSED] - Object: 'Object Repository/Modulo Tarea Administracion Compensacion/Legalizar Licencia No Remunerada/span_Consta Belfegord Jhon' is clicked on

2022-03-09 12:12:28 - [TEST_STEP][PASSED] - waitForElementClickable(findTestObject("Object Repository/Modulo Tarea Administracion Compensacion/Legalizar Licencia No Remunerada/a_Licencia"), G_TimeOut): Object 'Object Repository/Modulo Tarea Administracion Compensacion/Legalizar Licencia No Remunerada/a_Licencia' is clickable

2022-03-09 12:12:30 - [MESSAGE][PASSED] - Object 'Object Repository/Modulo Tarea Administracion Compensacion/Legalizar Licencia No Remunerada/a_Licencia' is clickable

2022-03-09 12:12:30 - [TEST_STEP][PASSED] - click(findTestObject("Object Repository/Modulo Tarea Administracion Compensacion/Legalizar Licencia No Remunerada/a_Licencia")): Object: 'Object Repository/Modulo Tarea Administracion Compensacion/Legalizar Licencia No Remunerada/a_Licencia' is clicked on

2022-03-09 12:12:30 - [MESSAGE][PASSED] - Object: 'Object Repository/Modulo Tarea Administracion Compensacion/Legalizar Licencia No Remunerada/a_Licencia' is clicked on

2022-03-09 12:12:30 - [TEST_STEP][PASSED] - if (waitForElementClickable(findTestObject("Modulo Tarea Administracion Compensacion/Legalizar Licencia No Remunerada/td_Licencia No Remunerada"), 1)): Web element with id: 'Object Repository/Modulo Tarea Administracion Compensacion/Legalizar Licencia No Remunerada/td_Licencia No Remunerada' located by '//div/table/tbody/tr/td/div/div/table/tbody/tr/td' not found

2022-03-09 12:12:33 - [MESSAGE][INFO] - Unable to find the element located by 'By.xpath: //div/table/tbody/tr/td/div/div/table/tbody/tr/td'. Please recheck the objects properties to make sure the desired element is located. 

2022-03-09 12:12:33 - [MESSAGE][WARNING] - Web element with id: 'Object Repository/Modulo Tarea Administracion Compensacion/Legalizar Licencia No Remunerada/td_Licencia No Remunerada' located by '//div/table/tbody/tr/td/div/div/table/tbody/tr/td' not found

2022-03-09 12:12:33 - [TEST_STEP][PASSED] - click(findTestObject("Modulo Tarea Administracion Compensacion/Legalizar Licencia No Remunerada/a_Incapacidad")): Object: 'Object Repository/Modulo Tarea Administracion Compensacion/Legalizar Licencia No Remunerada/a_Incapacidad' is clicked on

2022-03-09 12:12:33 - [MESSAGE][PASSED] - Object: 'Object Repository/Modulo Tarea Administracion Compensacion/Legalizar Licencia No Remunerada/a_Incapacidad' is clicked on

2022-03-09 12:12:33 - [TEST_STEP][PASSED] - click(findTestObject("Modulo Tarea Administracion Compensacion/Legalizar Licencia No Remunerada/a_Histrico")): Object: 'Object Repository/Modulo Tarea Administracion Compensacion/Legalizar Licencia No Remunerada/a_Histrico' is clicked on

2022-03-09 12:12:34 - [MESSAGE][PASSED] - Object: 'Object Repository/Modulo Tarea Administracion Compensacion/Legalizar Licencia No Remunerada/a_Histrico' is clicked on

2022-03-09 12:12:34 - [TEST_STEP][PASSED] - if (waitForElementClickable(findTestObject("Modulo Tarea Administracion Compensacion/Legalizar Licencia No Remunerada/span_Enfermedad General 21"), 1)): Web element with id: 'Object Repository/Modulo Tarea Administracion Compensacion/Legalizar Licencia No Remunerada/span_Enfermedad General 21' located by '//div[2]/table/tbody/tr/td/div/div/table/tbody/tr/td/span' not found

2022-03-09 12:12:37 - [MESSAGE][INFO] - Unable to find the element located by 'By.xpath: //div[2]/table/tbody/tr/td/div/div/table/tbody/tr/td/span'. Please recheck the objects properties to make sure the desired element is located. 

2022-03-09 12:12:37 - [MESSAGE][WARNING] - Web element with id: 'Object Repository/Modulo Tarea Administracion Compensacion/Legalizar Licencia No Remunerada/span_Enfermedad General 21' located by '//div[2]/table/tbody/tr/td/div/div/table/tbody/tr/td/span' not found

2022-03-09 12:12:37 - [TEST_STEP][PASSED] - click(findTestObject("Object Repository/Modulo Tarea Administracion Compensacion/Legalizar Licencia No Remunerada/a_Licencia")): Object: 'Object Repository/Modulo Tarea Administracion Compensacion/Legalizar Licencia No Remunerada/a_Licencia' is clicked on

2022-03-09 12:12:37 - [MESSAGE][PASSED] - Object: 'Object Repository/Modulo Tarea Administracion Compensacion/Legalizar Licencia No Remunerada/a_Licencia' is clicked on

2022-03-09 12:12:37 - [TEST_STEP][PASSED] - waitForElementClickable(findTestObject("Modulo Tarea Administracion Compensacion/Legalizar Licencia No Remunerada/a_Nuevo"), G_TimeOut): Object 'Object Repository/Modulo Tarea Administracion Compensacion/Legalizar Licencia No Remunerada/a_Nuevo' is clickable

2022-03-09 12:12:38 - [MESSAGE][PASSED] - Object 'Object Repository/Modulo Tarea Administracion Compensacion/Legalizar Licencia No Remunerada/a_Nuevo' is clickable

2022-03-09 12:12:38 - [TEST_STEP][PASSED] - click(findTestObject("Modulo Tarea Administracion Compensacion/Legalizar Licencia No Remunerada/a_Nuevo")): Object: 'Object Repository/Modulo Tarea Administracion Compensacion/Legalizar Licencia No Remunerada/a_Nuevo' is clicked on

2022-03-09 12:12:38 - [MESSAGE][PASSED] - Object: 'Object Repository/Modulo Tarea Administracion Compensacion/Legalizar Licencia No Remunerada/a_Nuevo' is clicked on

2022-03-09 12:12:38 - [TEST_STEP][PASSED] - waitForElementClickable(findTestObject("Object Repository/Modulo Tarea Administracion Compensacion/Legalizar Licencia No Remunerada/span_LICENCIA NO REMUNERADA"), G_TimeOut): Object 'Object Repository/Modulo Tarea Administracion Compensacion/Legalizar Licencia No Remunerada/span_LICENCIA NO REMUNERADA' is clickable

2022-03-09 12:12:39 - [MESSAGE][PASSED] - Object 'Object Repository/Modulo Tarea Administracion Compensacion/Legalizar Licencia No Remunerada/span_LICENCIA NO REMUNERADA' is clickable

2022-03-09 12:12:39 - [TEST_STEP][PASSED] - click(findTestObject("Object Repository/Modulo Tarea Administracion Compensacion/Legalizar Licencia No Remunerada/span_LICENCIA NO REMUNERADA")): Object: 'Object Repository/Modulo Tarea Administracion Compensacion/Legalizar Licencia No Remunerada/span_LICENCIA NO REMUNERADA' is clicked on

2022-03-09 12:12:40 - [MESSAGE][PASSED] - Object: 'Object Repository/Modulo Tarea Administracion Compensacion/Legalizar Licencia No Remunerada/span_LICENCIA NO REMUNERADA' is clicked on

2022-03-09 12:12:40 - [TEST_STEP][PASSED] - click(findTestObject("Modulo Tarea Administracion Compensacion/Legalizar Licencia No Remunerada/a_Histrico")): Object: 'Object Repository/Modulo Tarea Administracion Compensacion/Legalizar Licencia No Remunerada/a_Histrico' is clicked on

2022-03-09 12:12:42 - [MESSAGE][PASSED] - Object: 'Object Repository/Modulo Tarea Administracion Compensacion/Legalizar Licencia No Remunerada/a_Histrico' is clicked on

2022-03-09 12:12:42 - [TEST_STEP][PASSED] - if (waitForElementVisible(findTestObject("Modulo Tarea Administracion Compensacion/Legalizar Licencia No Remunerada/span_01012021"), 1)): Web element with id: 'Object Repository/Modulo Tarea Administracion Compensacion/Legalizar Licencia No Remunerada/span_01012021' located by '//*/text()[normalize-space(.)='01/01/2021']/parent::*' not found

2022-03-09 12:12:44 - [MESSAGE][INFO] - Unable to find the element located by 'By.xpath: //*/text()[normalize-space(.)='01/01/2021']/parent::*'. Please recheck the objects properties to make sure the desired element is located. 

2022-03-09 12:12:44 - [MESSAGE][WARNING] - Web element with id: 'Object Repository/Modulo Tarea Administracion Compensacion/Legalizar Licencia No Remunerada/span_01012021' located by '//*/text()[normalize-space(.)='01/01/2021']/parent::*' not found

2022-03-09 12:12:44 - [TEST_STEP][PASSED] - waitForElementClickable(findTestObject("Modulo Tarea Administracion Compensacion/Legalizar Licencia No Remunerada/a_Pestaa Licencia"), 0): Object 'Object Repository/Modulo Tarea Administracion Compensacion/Legalizar Licencia No Remunerada/a_Pestaa Licencia' is clickable

2022-03-09 12:12:44 - [MESSAGE][WARNING] - Timeout '0' is invalid. Using default page load timeout: '30'

2022-03-09 12:12:45 - [MESSAGE][PASSED] - Object 'Object Repository/Modulo Tarea Administracion Compensacion/Legalizar Licencia No Remunerada/a_Pestaa Licencia' is clickable

2022-03-09 12:12:45 - [TEST_STEP][PASSED] - click(findTestObject("Modulo Tarea Administracion Compensacion/Legalizar Licencia No Remunerada/a_Pestaa Licencia")): Object: 'Object Repository/Modulo Tarea Administracion Compensacion/Legalizar Licencia No Remunerada/a_Pestaa Licencia' is clicked on

2022-03-09 12:12:45 - [MESSAGE][PASSED] - Object: 'Object Repository/Modulo Tarea Administracion Compensacion/Legalizar Licencia No Remunerada/a_Pestaa Licencia' is clicked on

2022-03-09 12:12:45 - [TEST_STEP][PASSED] - if (waitForElementVisible(findTestObject("Modulo Tarea Administracion Compensacion/Legalizar Licencia No Remunerada/a_Nuevo"), 1)): Web element with id: 'Object Repository/Modulo Tarea Administracion Compensacion/Legalizar Licencia No Remunerada/a_Nuevo' located by '//fieldset[2]/div/table/tbody/tr/td/a' not found

2022-03-09 12:12:47 - [MESSAGE][INFO] - Unable to find the element located by 'By.xpath: //fieldset[2]/div/table/tbody/tr/td/a'. Please recheck the objects properties to make sure the desired element is located. 

2022-03-09 12:12:47 - [MESSAGE][WARNING] - Web element with id: 'Object Repository/Modulo Tarea Administracion Compensacion/Legalizar Licencia No Remunerada/a_Nuevo' located by '//fieldset[2]/div/table/tbody/tr/td/a' not found

2022-03-09 12:12:47 - [TEST_STEP][PASSED] - waitForElementPresent(findTestObject("Object Repository/Modulo Tarea Administracion Compensacion/Legalizar Licencia No Remunerada/input_Fecha Salida_form_licenc"), 0): Object 'Object Repository/Modulo Tarea Administracion Compensacion/Legalizar Licencia No Remunerada/input_Fecha Salida_form_licenc' is present

2022-03-09 12:12:48 - [MESSAGE][WARNING] - Timeout '0' is invalid. Using default page load timeout: '30'

2022-03-09 12:12:48 - [MESSAGE][PASSED] - Object 'Object Repository/Modulo Tarea Administracion Compensacion/Legalizar Licencia No Remunerada/input_Fecha Salida_form_licenc' is present

2022-03-09 12:12:48 - [TEST_STEP][PASSED] - setText(findTestObject("Object Repository/Modulo Tarea Administracion Compensacion/Legalizar Licencia No Remunerada/input_Fecha Salida_form_licenc"), "01/01/2021"): Text '01/01/2021' is set on object 'Object Repository/Modulo Tarea Administracion Compensacion/Legalizar Licencia No Remunerada/input_Fecha Salida_form_licenc'

2022-03-09 12:12:49 - [MESSAGE][PASSED] - Text '01/01/2021' is set on object 'Object Repository/Modulo Tarea Administracion Compensacion/Legalizar Licencia No Remunerada/input_Fecha Salida_form_licenc'

2022-03-09 12:12:49 - [TEST_STEP][PASSED] - sendKeys(findTestObject("Object Repository/Modulo Tarea Administracion Compensacion/Legalizar Licencia No Remunerada/input_Fecha Salida_form_licenc"), Keys.chord(ESCAPE)): Keys 'ESCAPE + ' sent to object: 'Object Repository/Modulo Tarea Administracion Compensacion/Legalizar Licencia No Remunerada/input_Fecha Salida_form_licenc'

2022-03-09 12:12:50 - [MESSAGE][PASSED] - Keys 'ESCAPE + ' sent to object: 'Object Repository/Modulo Tarea Administracion Compensacion/Legalizar Licencia No Remunerada/input_Fecha Salida_form_licenc'

2022-03-09 12:12:50 - [TEST_STEP][PASSED] - setText(findTestObject("Object Repository/Modulo Tarea Administracion Compensacion/Legalizar Licencia No Remunerada/input_Fecha Salida Nomina_form"), "28/02/2021"): Text '28/02/2021' is set on object 'Object Repository/Modulo Tarea Administracion Compensacion/Legalizar Licencia No Remunerada/input_Fecha Salida Nomina_form'

2022-03-09 12:12:52 - [MESSAGE][PASSED] - Text '28/02/2021' is set on object 'Object Repository/Modulo Tarea Administracion Compensacion/Legalizar Licencia No Remunerada/input_Fecha Salida Nomina_form'

2022-03-09 12:12:52 - [TEST_STEP][PASSED] - sendKeys(findTestObject("Object Repository/Modulo Tarea Administracion Compensacion/Legalizar Licencia No Remunerada/input_Fecha Salida Nomina_form"), Keys.chord(ESCAPE)): Keys 'ESCAPE + ' sent to object: 'Object Repository/Modulo Tarea Administracion Compensacion/Legalizar Licencia No Remunerada/input_Fecha Salida Nomina_form'

2022-03-09 12:12:52 - [MESSAGE][PASSED] - Keys 'ESCAPE + ' sent to object: 'Object Repository/Modulo Tarea Administracion Compensacion/Legalizar Licencia No Remunerada/input_Fecha Salida Nomina_form'

2022-03-09 12:12:52 - [TEST_STEP][PASSED] - setText(findTestObject("Object Repository/Modulo Tarea Administracion Compensacion/Legalizar Licencia No Remunerada/textarea_Observacin_form_licen"), "Prueba 2021"): Text 'Prueba 2021' is set on object 'Object Repository/Modulo Tarea Administracion Compensacion/Legalizar Licencia No Remunerada/textarea_Observacin_form_licen'

2022-03-09 12:12:53 - [MESSAGE][PASSED] - Text 'Prueba 2021' is set on object 'Object Repository/Modulo Tarea Administracion Compensacion/Legalizar Licencia No Remunerada/textarea_Observacin_form_licen'

2022-03-09 12:12:53 - [TEST_STEP][PASSED] - setText(findTestObject("Object Repository/Modulo Tarea Administracion Compensacion/Legalizar Licencia No Remunerada/input_Fecha 1_form_licenciaEmp"), "01/01/2021"): Text '01/01/2021' is set on object 'Object Repository/Modulo Tarea Administracion Compensacion/Legalizar Licencia No Remunerada/input_Fecha 1_form_licenciaEmp'

2022-03-09 12:12:55 - [MESSAGE][PASSED] - Text '01/01/2021' is set on object 'Object Repository/Modulo Tarea Administracion Compensacion/Legalizar Licencia No Remunerada/input_Fecha 1_form_licenciaEmp'

2022-03-09 12:12:55 - [TEST_STEP][PASSED] - sendKeys(findTestObject("Object Repository/Modulo Tarea Administracion Compensacion/Legalizar Licencia No Remunerada/input_Fecha 1_form_licenciaEmp"), Keys.chord(ESCAPE)): Keys 'ESCAPE + ' sent to object: 'Object Repository/Modulo Tarea Administracion Compensacion/Legalizar Licencia No Remunerada/input_Fecha 1_form_licenciaEmp'

2022-03-09 12:12:56 - [MESSAGE][PASSED] - Keys 'ESCAPE + ' sent to object: 'Object Repository/Modulo Tarea Administracion Compensacion/Legalizar Licencia No Remunerada/input_Fecha 1_form_licenciaEmp'

2022-03-09 12:12:56 - [TEST_STEP][PASSED] - setText(findTestObject("Object Repository/Modulo Tarea Administracion Compensacion/Legalizar Licencia No Remunerada/input_Das Ausentismo_form_lice"), "2"): Text '2' is set on object 'Object Repository/Modulo Tarea Administracion Compensacion/Legalizar Licencia No Remunerada/input_Das Ausentismo_form_lice'

2022-03-09 12:12:57 - [MESSAGE][PASSED] - Text '2' is set on object 'Object Repository/Modulo Tarea Administracion Compensacion/Legalizar Licencia No Remunerada/input_Das Ausentismo_form_lice'

2022-03-09 12:12:57 - [TEST_STEP][PASSED] - setText(findTestObject("Object Repository/Modulo Tarea Administracion Compensacion/Legalizar Licencia No Remunerada/input_Fecha 1_form_licenciaEmp_11"), "28/02/2021"): Text '28/02/2021' is set on object 'Object Repository/Modulo Tarea Administracion Compensacion/Legalizar Licencia No Remunerada/input_Fecha 1_form_licenciaEmp_11'

2022-03-09 12:12:58 - [MESSAGE][PASSED] - Text '28/02/2021' is set on object 'Object Repository/Modulo Tarea Administracion Compensacion/Legalizar Licencia No Remunerada/input_Fecha 1_form_licenciaEmp_11'

2022-03-09 12:12:58 - [TEST_STEP][PASSED] - sendKeys(findTestObject("Object Repository/Modulo Tarea Administracion Compensacion/Legalizar Licencia No Remunerada/input_Fecha 1_form_licenciaEmp_11"), Keys.chord(ESCAPE)): Keys 'ESCAPE + ' sent to object: 'Object Repository/Modulo Tarea Administracion Compensacion/Legalizar Licencia No Remunerada/input_Fecha 1_form_licenciaEmp_11'

2022-03-09 12:12:59 - [MESSAGE][PASSED] - Keys 'ESCAPE + ' sent to object: 'Object Repository/Modulo Tarea Administracion Compensacion/Legalizar Licencia No Remunerada/input_Fecha 1_form_licenciaEmp_11'

2022-03-09 12:12:59 - [TEST_STEP][PASSED] - setText(findTestObject("Object Repository/Modulo Tarea Administracion Compensacion/Legalizar Licencia No Remunerada/textarea_Area_form_licenciaEmp"), "Prueba 2021"): Text 'Prueba 2021' is set on object 'Object Repository/Modulo Tarea Administracion Compensacion/Legalizar Licencia No Remunerada/textarea_Area_form_licenciaEmp'

2022-03-09 12:13:01 - [MESSAGE][PASSED] - Text 'Prueba 2021' is set on object 'Object Repository/Modulo Tarea Administracion Compensacion/Legalizar Licencia No Remunerada/textarea_Area_form_licenciaEmp'

2022-03-09 12:13:01 - [TEST_STEP][PASSED] - waitForElementClickable(findTestObject("Object Repository/Modulo Tarea Administracion Compensacion/Legalizar Licencia No Remunerada/textarea_Area_form_licenciaEmpleadotabs"), G_TimeOut): Object 'Object Repository/Modulo Tarea Administracion Compensacion/Legalizar Licencia No Remunerada/textarea_Area_form_licenciaEmpleadotabs' is clickable

2022-03-09 12:13:02 - [MESSAGE][PASSED] - Object 'Object Repository/Modulo Tarea Administracion Compensacion/Legalizar Licencia No Remunerada/textarea_Area_form_licenciaEmpleadotabs' is clickable

2022-03-09 12:13:02 - [TEST_STEP][PASSED] - setText(findTestObject("Object Repository/Modulo Tarea Administracion Compensacion/Legalizar Licencia No Remunerada/textarea_Area_form_licenciaEmpleadotabs"), "Prueba"): Text 'Prueba' is set on object 'Object Repository/Modulo Tarea Administracion Compensacion/Legalizar Licencia No Remunerada/textarea_Area_form_licenciaEmpleadotabs'

2022-03-09 12:13:03 - [MESSAGE][PASSED] - Text 'Prueba' is set on object 'Object Repository/Modulo Tarea Administracion Compensacion/Legalizar Licencia No Remunerada/textarea_Area_form_licenciaEmpleadotabs'

2022-03-09 12:13:03 - [TEST_STEP][PASSED] - waitForElementClickable(findTestObject("Object Repository/Modulo Tarea Administracion Compensacion/Legalizar Licencia No Remunerada/input_Horas adicionales_form_licenciaEmpleadotabs"), G_TimeOut): Object 'Object Repository/Modulo Tarea Administracion Compensacion/Legalizar Licencia No Remunerada/input_Horas adicionales_form_licenciaEmpleadotabs' is clickable

2022-03-09 12:13:03 - [MESSAGE][PASSED] - Object 'Object Repository/Modulo Tarea Administracion Compensacion/Legalizar Licencia No Remunerada/input_Horas adicionales_form_licenciaEmpleadotabs' is clickable

2022-03-09 12:13:03 - [TEST_STEP][PASSED] - setText(findTestObject("Object Repository/Modulo Tarea Administracion Compensacion/Legalizar Licencia No Remunerada/input_Horas adicionales_form_licenciaEmpleadotabs"), "0500"): Text '0500' is set on object 'Object Repository/Modulo Tarea Administracion Compensacion/Legalizar Licencia No Remunerada/input_Horas adicionales_form_licenciaEmpleadotabs'

2022-03-09 12:13:04 - [MESSAGE][PASSED] - Text '0500' is set on object 'Object Repository/Modulo Tarea Administracion Compensacion/Legalizar Licencia No Remunerada/input_Horas adicionales_form_licenciaEmpleadotabs'

2022-03-09 12:13:04 - [TEST_STEP][PASSED] - waitForElementClickable(findTestObject("Object Repository/Modulo Tarea Administracion Compensacion/Legalizar Licencia No Remunerada/a_Afiliacin Eps_form_licenciaEmpleadotabs"), G_TimeOut): Object 'Object Repository/Modulo Tarea Administracion Compensacion/Legalizar Licencia No Remunerada/a_Afiliacin Eps_form_licenciaEmpleadotabs' is clickable

2022-03-09 12:13:05 - [MESSAGE][PASSED] - Object 'Object Repository/Modulo Tarea Administracion Compensacion/Legalizar Licencia No Remunerada/a_Afiliacin Eps_form_licenciaEmpleadotabs' is clickable

2022-03-09 12:13:05 - [TEST_STEP][PASSED] - click(findTestObject("Object Repository/Modulo Tarea Administracion Compensacion/Legalizar Licencia No Remunerada/a_Afiliacin Eps_form_licenciaEmpleadotabs")): Object: 'Object Repository/Modulo Tarea Administracion Compensacion/Legalizar Licencia No Remunerada/a_Afiliacin Eps_form_licenciaEmpleadotabs' is clicked on

2022-03-09 12:13:06 - [MESSAGE][PASSED] - Object: 'Object Repository/Modulo Tarea Administracion Compensacion/Legalizar Licencia No Remunerada/a_Afiliacin Eps_form_licenciaEmpleadotabs' is clicked on

2022-03-09 12:13:06 - [TEST_STEP][PASSED] - delay(2): Delayed 2 second(s)

2022-03-09 12:13:08 - [MESSAGE][PASSED] - Delayed 2 second(s)

2022-03-09 12:13:08 - [TEST_STEP][PASSED] - waitForElementClickable(findTestObject("Object Repository/Modulo Tarea Administracion Compensacion/Legalizar Licencia No Remunerada/td_Se ha cargado el archivo"), G_TimeOut): Web element with id: 'Object Repository/Modulo Tarea Administracion Compensacion/Legalizar Licencia No Remunerada/td_Se ha cargado el archivo' located by '//div[@id='popupDocumentoNovedad_form:j_idt1060_content']/div[2]/table/tbody/tr[2]/td[2]' not found

2022-03-09 12:13:19 - [MESSAGE][INFO] - Unable to find the element located by 'By.xpath: //div[@id='popupDocumentoNovedad_form:j_idt1060_content']/div[2]/table/tbody/tr[2]/td[2]'. Please recheck the objects properties to make sure the desired element is located. 

2022-03-09 12:13:19 - [MESSAGE][WARNING] - Web element with id: 'Object Repository/Modulo Tarea Administracion Compensacion/Legalizar Licencia No Remunerada/td_Se ha cargado el archivo' located by '//div[@id='popupDocumentoNovedad_form:j_idt1060_content']/div[2]/table/tbody/tr[2]/td[2]' not found

2022-03-09 12:13:19 - [TEST_STEP][PASSED] - click(findTestObject("Object Repository/Modulo Tarea Administracion Compensacion/Legalizar Licencia No Remunerada/Page_SARA/div_Se ha cargado el archivo_ui-fileupload-_55cbf6")): Object: 'Object Repository/Modulo Tarea Administracion Compensacion/Legalizar Licencia No Remunerada/Page_SARA/div_Se ha cargado el archivo_ui-fileupload-_55cbf6' is clicked on

2022-03-09 12:13:19 - [MESSAGE][PASSED] - Object: 'Object Repository/Modulo Tarea Administracion Compensacion/Legalizar Licencia No Remunerada/Page_SARA/div_Se ha cargado el archivo_ui-fileupload-_55cbf6' is clicked on

2022-03-09 12:13:19 - [TEST_STEP][PASSED] - delay(1): Delayed 1 second(s)

2022-03-09 12:13:20 - [MESSAGE][PASSED] - Delayed 1 second(s)

2022-03-09 12:13:20 - [TEST_STEP][PASSED] - ruta = G_rutaarchivos + "ArchivoPlanoLiquidacionNomina.txt": null

2022-03-09 12:13:20 - [TEST_STEP][PASSED] - uploadFile(findTestObject("Modulo Tarea Administracion Compensacion/Legalizar Licencia No Remunerada/input_Se ha cargado el archivo_popupDocumento"), ruta): File 'E:\unionweb14\ArchivoPlanoLiquidacionNomina.txt' sent to object: 'Object Repository/Modulo Tarea Administracion Compensacion/Legalizar Licencia No Remunerada/input_Se ha cargado el archivo_popupDocumento'

2022-03-09 12:13:21 - [MESSAGE][PASSED] - File 'E:\unionweb14\ArchivoPlanoLiquidacionNomina.txt' sent to object: 'Object Repository/Modulo Tarea Administracion Compensacion/Legalizar Licencia No Remunerada/input_Se ha cargado el archivo_popupDocumento'

2022-03-09 12:13:21 - [TEST_STEP][PASSED] - waitForElementClickable(findTestObject("Modulo Tarea Administracion Compensacion/Legalizar Licencia No Remunerada/input_Vigencia_popupDocumentoNovedad_formvigencia_input"), 0): Object 'Object Repository/Modulo Tarea Administracion Compensacion/Legalizar Licencia No Remunerada/input_Vigencia_popupDocumentoNovedad_formvigencia_input' is clickable

2022-03-09 12:13:21 - [MESSAGE][WARNING] - Timeout '0' is invalid. Using default page load timeout: '30'

2022-03-09 12:13:22 - [MESSAGE][PASSED] - Object 'Object Repository/Modulo Tarea Administracion Compensacion/Legalizar Licencia No Remunerada/input_Vigencia_popupDocumentoNovedad_formvigencia_input' is clickable

2022-03-09 12:13:22 - [TEST_STEP][PASSED] - setText(findTestObject("Modulo Tarea Administracion Compensacion/Legalizar Licencia No Remunerada/input_Vigencia_popupDocumentoNovedad_formvigencia_input"), "01/12/2021"): Text '01/12/2021' is set on object 'Object Repository/Modulo Tarea Administracion Compensacion/Legalizar Licencia No Remunerada/input_Vigencia_popupDocumentoNovedad_formvigencia_input'

2022-03-09 12:13:23 - [MESSAGE][PASSED] - Text '01/12/2021' is set on object 'Object Repository/Modulo Tarea Administracion Compensacion/Legalizar Licencia No Remunerada/input_Vigencia_popupDocumentoNovedad_formvigencia_input'

2022-03-09 12:13:23 - [TEST_STEP][PASSED] - sendKeys(findTestObject("Modulo Tarea Administracion Compensacion/Legalizar Licencia No Remunerada/input_Vigencia_popupDocumentoNovedad_formvigencia_input"), Keys.chord(ESCAPE)): Keys 'ESCAPE + ' sent to object: 'Object Repository/Modulo Tarea Administracion Compensacion/Legalizar Licencia No Remunerada/input_Vigencia_popupDocumentoNovedad_formvigencia_input'

2022-03-09 12:13:23 - [MESSAGE][PASSED] - Keys 'ESCAPE + ' sent to object: 'Object Repository/Modulo Tarea Administracion Compensacion/Legalizar Licencia No Remunerada/input_Vigencia_popupDocumentoNovedad_formvigencia_input'

2022-03-09 12:13:23 - [TEST_STEP][PASSED] - setText(findTestObject("Modulo Tarea Administracion Compensacion/Legalizar Licencia No Remunerada/textarea_Observacin_popupDocumentoNovedad_formobservacion"), "PRUEBA"): Text 'PRUEBA' is set on object 'Object Repository/Modulo Tarea Administracion Compensacion/Legalizar Licencia No Remunerada/textarea_Observacin_popupDocumentoNovedad_formobservacion'

2022-03-09 12:13:24 - [MESSAGE][PASSED] - Text 'PRUEBA' is set on object 'Object Repository/Modulo Tarea Administracion Compensacion/Legalizar Licencia No Remunerada/textarea_Observacin_popupDocumentoNovedad_formobservacion'

2022-03-09 12:13:24 - [TEST_STEP][PASSED] - click(findTestObject("Modulo Tarea Administracion Compensacion/Legalizar Licencia No Remunerada/a_Guardar_archivo")): Object: 'Object Repository/Modulo Tarea Administracion Compensacion/Legalizar Licencia No Remunerada/a_Guardar_archivo' is clicked on

2022-03-09 12:13:25 - [MESSAGE][PASSED] - Object: 'Object Repository/Modulo Tarea Administracion Compensacion/Legalizar Licencia No Remunerada/a_Guardar_archivo' is clicked on

2022-03-09 12:13:25 - [TEST_STEP][PASSED] - click(findTestObject("Modulo Tarea Administracion Compensacion/Legalizar Licencia No Remunerada/a_Guardar_1")): Object: 'Object Repository/Modulo Tarea Administracion Compensacion/Legalizar Licencia No Remunerada/a_Guardar_1' is clicked on

2022-03-09 12:13:26 - [MESSAGE][PASSED] - Object: 'Object Repository/Modulo Tarea Administracion Compensacion/Legalizar Licencia No Remunerada/a_Guardar_1' is clicked on]]></system-out>
         <system-err><![CDATA[]]></system-err>
      </testcase>
      <testcase name="Test Cases/1.1-Tareas Principales/1.2.3-Legalizar Licencia Remunerada" time="37.296" classname="Test Cases/1.1-Tareas Principales/1.2.3-Legalizar Licencia Remunerada" status="PASSED">
         <system-out><![CDATA[2022-03-09 12:13:26 - [TEST_CASE][PASSED] - Test Cases/1.1-Tareas Principales/1.2.3-Legalizar Licencia Remunerada: Test Cases/1.1-Tareas Principales/1.2.3-Legalizar Licencia Remunerada

2022-03-09 12:13:27 - [TEST_STEP][PASSED] - callTestCase(findTestCase("Utilidades-(atajos_para _tareas)/Tareas Administracion Compensacion/Tarea Listado Empleados"), [:], STOP_ON_FAILURE): Call Test Case 'Test Cases/Utilidades-(atajos_para _tareas)/Tareas Administracion Compensacion/Tarea Listado Empleados' successfully

2022-03-09 12:13:27 - [TEST_CASE][PASSED] - Test Cases/Utilidades-(atajos_para _tareas)/Tareas Administracion Compensacion/Tarea Listado Empleados: Test Cases/Utilidades-(atajos_para _tareas)/Tareas Administracion Compensacion/Tarea Listado Empleados

2022-03-09 12:13:27 - [TEST_STEP][PASSED] - callTestCase(findTestCase("0.1-Login"), [:], STOP_ON_FAILURE): Call Test Case 'Test Cases/0.1-Login' successfully

2022-03-09 12:13:27 - [TEST_CASE][PASSED] - Test Cases/0.1-Login: Test Cases/0.1-Login

2022-03-09 12:13:27 - [TEST_STEP][PASSED] - openBrowser(""): Browser is opened with url: ''

2022-03-09 12:13:27 - [MESSAGE][WARNING] - A browser is already opened. Closing browser and opening a new one

2022-03-09 12:13:28 - [MESSAGE][INFO] - Starting 'Chrome' driver

2022-03-09 12:13:28 - [MESSAGE][INFO] - Action delay is set to 0 milliseconds

2022-03-09 12:13:30 - [MESSAGE][PASSED] - Browser is opened with url: ''

2022-03-09 12:13:30 - [TEST_STEP][PASSED] - maximizeWindow(): Current window maximized

2022-03-09 12:13:31 - [MESSAGE][PASSED] - Current window maximized

2022-03-09 12:13:31 - [TEST_STEP][PASSED] - i = G_Login: null

2022-03-09 12:13:31 - [TEST_STEP][PASSED] - url = new java.net.URL(i): null

2022-03-09 12:13:31 - [TEST_STEP][PASSED] - println("URL: " + url.toString()): null

2022-03-09 12:13:31 - [TEST_STEP][PASSED] - connection = url.openConnection(): null

2022-03-09 12:13:31 - [TEST_STEP][PASSED] - connection.setRequestMethod("GET"): null

2022-03-09 12:13:31 - [TEST_STEP][PASSED] - connection.setReadTimeout(2 * 1000): null

2022-03-09 12:13:31 - [TEST_STEP][PASSED] - try: null

2022-03-09 12:13:31 - [TEST_STEP][PASSED] - connection.connect(): null

2022-03-09 12:13:31 - [TEST_STEP][PASSED] - flag = connected: null

2022-03-09 12:13:31 - [TEST_STEP][PASSED] - println("Valor_ori: " + flag): null

2022-03-09 12:13:31 - [TEST_STEP][PASSED] - if (flag): null

2022-03-09 12:13:31 - [TEST_STEP][PASSED] - navigateToUrl(i): Navigate to 'http://192.168.2.80:8380/saraweb' successfully

2022-03-09 12:13:31 - [MESSAGE][PASSED] - Navigate to 'http://192.168.2.80:8380/saraweb' successfully

2022-03-09 12:13:31 - [TEST_STEP][PASSED] - a(): null

2022-03-09 12:13:31 - [TEST_STEP][PASSED] - setText(findTestObject("Login/input_USUARIO_loginusuario"), G_Usuario): Text 'saraadmin' is set on object 'Object Repository/Login/input_USUARIO_loginusuario'

2022-03-09 12:13:32 - [MESSAGE][PASSED] - Text 'saraadmin' is set on object 'Object Repository/Login/input_USUARIO_loginusuario'

2022-03-09 12:13:32 - [TEST_STEP][PASSED] - setEncryptedText(findTestObject("Login/input_CLAVE_loginpassword"), "MkG4/TYiCFC3cb2driP7+Q=="): Text ****** has been set on object 'Object Repository/Login/input_CLAVE_loginpassword'

2022-03-09 12:13:33 - [MESSAGE][PASSED] - Text ****** has been set on object 'Object Repository/Login/input_CLAVE_loginpassword'

2022-03-09 12:13:33 - [TEST_STEP][PASSED] - waitForElementClickable(findTestObject("Login/a_Ingresar"), G_TimeOut): Object 'Object Repository/Login/a_Ingresar' is clickable

2022-03-09 12:13:33 - [MESSAGE][PASSED] - Object 'Object Repository/Login/a_Ingresar' is clickable

2022-03-09 12:13:33 - [TEST_STEP][PASSED] - click(findTestObject("Login/a_Ingresar")): Object: 'Object Repository/Login/a_Ingresar' is clicked on

2022-03-09 12:13:35 - [MESSAGE][PASSED] - Object: 'Object Repository/Login/a_Ingresar' is clicked on

2022-03-09 12:13:35 - [TEST_STEP][PASSED] - element = findWebElement(findTestObject("Login/a_Ir"), 30): null

2022-03-09 12:13:35 - [TEST_STEP][PASSED] - executeJavaScript("arguments[0].click()", Arrays.asList(element)): Execute JavaScript 'arguments[0].click()' successfully

2022-03-09 12:13:35 - [MESSAGE][PASSED] - Execute JavaScript 'arguments[0].click()' successfully

2022-03-09 12:13:35 - [MESSAGE][PASSED] - Call Test Case 'Test Cases/0.1-Login' successfully

2022-03-09 12:13:35 - [TEST_STEP][PASSED] - setText(findTestObject("Modulo Tarea Listado Hojas de Vida/Tareas Listado Hojas de Vida/input_Listado Hojas De Vida_form_templatej_idt24_input"), "Listado de Empleados"): Text 'Listado de Empleados' is set on object 'Object Repository/Modulo Tarea Listado Hojas de Vida/Tareas Listado Hojas de Vida/input_Listado Hojas De Vida_form_templatej_idt24_input'

2022-03-09 12:13:37 - [MESSAGE][PASSED] - Text 'Listado de Empleados' is set on object 'Object Repository/Modulo Tarea Listado Hojas de Vida/Tareas Listado Hojas de Vida/input_Listado Hojas De Vida_form_templatej_idt24_input'

2022-03-09 12:13:37 - [TEST_STEP][PASSED] - delay(3): Delayed 3 second(s)

2022-03-09 12:13:40 - [MESSAGE][PASSED] - Delayed 3 second(s)

2022-03-09 12:13:40 - [TEST_STEP][PASSED] - sendKeys(findTestObject("Modulo Tarea Listado Hojas de Vida/Tareas Listado Hojas de Vida/input_Listado Hojas De Vida_form_templatej_idt24_input"), Keys.chord(ENTER)): Keys 'ENTER + ' sent to object: 'Object Repository/Modulo Tarea Listado Hojas de Vida/Tareas Listado Hojas de Vida/input_Listado Hojas De Vida_form_templatej_idt24_input'

2022-03-09 12:13:40 - [MESSAGE][PASSED] - Keys 'ENTER + ' sent to object: 'Object Repository/Modulo Tarea Listado Hojas de Vida/Tareas Listado Hojas de Vida/input_Listado Hojas De Vida_form_templatej_idt24_input'

2022-03-09 12:13:40 - [MESSAGE][PASSED] - Call Test Case 'Test Cases/Utilidades-(atajos_para _tareas)/Tareas Administracion Compensacion/Tarea Listado Empleados' successfully

2022-03-09 12:13:40 - [TEST_STEP][PASSED] - waitForElementClickable(findTestObject("Modulo Tarea Administracion Compensacion/Legalizar licencia Remunerada/input_Identificacin_listadoEmp"), 0): Object 'Object Repository/Modulo Tarea Administracion Compensacion/Legalizar licencia Remunerada/input_Identificacin_listadoEmp' is clickable

2022-03-09 12:13:40 - [MESSAGE][WARNING] - Timeout '0' is invalid. Using default page load timeout: '30'

2022-03-09 12:13:41 - [MESSAGE][PASSED] - Object 'Object Repository/Modulo Tarea Administracion Compensacion/Legalizar licencia Remunerada/input_Identificacin_listadoEmp' is clickable

2022-03-09 12:13:41 - [TEST_STEP][PASSED] - setText(findTestObject("Modulo Tarea Administracion Compensacion/Legalizar licencia Remunerada/input_Identificacin_listadoEmp"), "354968431354"): Text '354968431354' is set on object 'Object Repository/Modulo Tarea Administracion Compensacion/Legalizar licencia Remunerada/input_Identificacin_listadoEmp'

2022-03-09 12:13:43 - [MESSAGE][PASSED] - Text '354968431354' is set on object 'Object Repository/Modulo Tarea Administracion Compensacion/Legalizar licencia Remunerada/input_Identificacin_listadoEmp'

2022-03-09 12:13:43 - [TEST_STEP][PASSED] - sendKeys(findTestObject("Modulo Tarea Administracion Compensacion/Legalizar licencia Remunerada/input_Identificacin_listadoEmp"), Keys.chord(ENTER)): Keys 'ENTER + ' sent to object: 'Object Repository/Modulo Tarea Administracion Compensacion/Legalizar licencia Remunerada/input_Identificacin_listadoEmp'

2022-03-09 12:13:43 - [MESSAGE][PASSED] - Keys 'ENTER + ' sent to object: 'Object Repository/Modulo Tarea Administracion Compensacion/Legalizar licencia Remunerada/input_Identificacin_listadoEmp'

2022-03-09 12:13:43 - [TEST_STEP][PASSED] - click(findTestObject("Modulo Tarea Administracion Compensacion/Legalizar licencia Remunerada/span_CONSTA BELFEGORD JHON")): Object: 'Object Repository/Modulo Tarea Administracion Compensacion/Legalizar licencia Remunerada/span_CONSTA BELFEGORD JHON' is clicked on

2022-03-09 12:13:44 - [MESSAGE][PASSED] - Object: 'Object Repository/Modulo Tarea Administracion Compensacion/Legalizar licencia Remunerada/span_CONSTA BELFEGORD JHON' is clicked on

2022-03-09 12:13:44 - [TEST_STEP][PASSED] - click(findTestObject("Modulo Tarea Administracion Compensacion/Legalizar licencia Remunerada/span_Licencia")): Object: 'Object Repository/Modulo Tarea Administracion Compensacion/Legalizar licencia Remunerada/span_Licencia' is clicked on

2022-03-09 12:13:45 - [MESSAGE][PASSED] - Object: 'Object Repository/Modulo Tarea Administracion Compensacion/Legalizar licencia Remunerada/span_Licencia' is clicked on

2022-03-09 12:13:45 - [TEST_STEP][PASSED] - if (waitForElementClickable(findTestObject("Modulo Tarea Administracion Compensacion/Legalizar licencia Remunerada/td_Licencia Remunerada"), 1)): null

2022-03-09 12:13:47 - [MESSAGE][PASSED] - Object 'Object Repository/Modulo Tarea Administracion Compensacion/Legalizar licencia Remunerada/td_Licencia Remunerada' is clickable

2022-03-09 12:13:47 - [TEST_STEP][PASSED] - click(findTestObject("Modulo Tarea Administracion Compensacion/Legalizar licencia Remunerada/td_Licencia Remunerada")): Object: 'Object Repository/Modulo Tarea Administracion Compensacion/Legalizar licencia Remunerada/td_Licencia Remunerada' is clicked on

2022-03-09 12:13:47 - [MESSAGE][PASSED] - Object: 'Object Repository/Modulo Tarea Administracion Compensacion/Legalizar licencia Remunerada/td_Licencia Remunerada' is clicked on

2022-03-09 12:13:47 - [TEST_STEP][PASSED] - waitForElementClickable(findTestObject("Modulo Tarea Administracion Compensacion/Legalizar licencia Remunerada/a_Eliminar Directo_Licencia"), 0): Object 'Object Repository/Modulo Tarea Administracion Compensacion/Legalizar licencia Remunerada/a_Eliminar Directo_Licencia' is clickable

2022-03-09 12:13:47 - [MESSAGE][WARNING] - Timeout '0' is invalid. Using default page load timeout: '30'

2022-03-09 12:13:49 - [MESSAGE][PASSED] - Object 'Object Repository/Modulo Tarea Administracion Compensacion/Legalizar licencia Remunerada/a_Eliminar Directo_Licencia' is clickable

2022-03-09 12:13:49 - [TEST_STEP][PASSED] - click(findTestObject("Modulo Tarea Administracion Compensacion/Legalizar licencia Remunerada/a_Eliminar Directo_Licencia")): Object: 'Object Repository/Modulo Tarea Administracion Compensacion/Legalizar licencia Remunerada/a_Eliminar Directo_Licencia' is clicked on

2022-03-09 12:13:50 - [MESSAGE][PASSED] - Object: 'Object Repository/Modulo Tarea Administracion Compensacion/Legalizar licencia Remunerada/a_Eliminar Directo_Licencia' is clicked on

2022-03-09 12:13:50 - [TEST_STEP][PASSED] - click(findTestObject("Modulo Tarea Administracion Compensacion/Legalizar licencia Remunerada/a_Aceptar_Eliminar Licencia")): Object: 'Object Repository/Modulo Tarea Administracion Compensacion/Legalizar licencia Remunerada/a_Aceptar_Eliminar Licencia' is clicked on

2022-03-09 12:13:50 - [MESSAGE][PASSED] - Object: 'Object Repository/Modulo Tarea Administracion Compensacion/Legalizar licencia Remunerada/a_Aceptar_Eliminar Licencia' is clicked on

2022-03-09 12:13:50 - [TEST_STEP][PASSED] - click(findTestObject("Modulo Tarea Administracion Compensacion/Legalizar licencia Remunerada/a_Histrico")): Object: 'Object Repository/Modulo Tarea Administracion Compensacion/Legalizar licencia Remunerada/a_Histrico' is clicked on

2022-03-09 12:13:51 - [MESSAGE][PASSED] - Object: 'Object Repository/Modulo Tarea Administracion Compensacion/Legalizar licencia Remunerada/a_Histrico' is clicked on

2022-03-09 12:13:51 - [TEST_STEP][PASSED] - if (waitForElementClickable(findTestObject("Modulo Tarea Administracion Compensacion/Legalizar licencia Remunerada/span_Licencia Remunerada_Historico"), 1)): Web element with id: 'Object Repository/Modulo Tarea Administracion Compensacion/Legalizar licencia Remunerada/span_Licencia Remunerada_Historico' located by '//*/text()[normalize-space(.)='Licencia Remunerada']/parent::*' not found

2022-03-09 12:13:54 - [MESSAGE][INFO] - Unable to find the element located by 'By.xpath: //*/text()[normalize-space(.)='Licencia Remunerada']/parent::*'. Please recheck the objects properties to make sure the desired element is located. 

2022-03-09 12:13:54 - [MESSAGE][WARNING] - Web element with id: 'Object Repository/Modulo Tarea Administracion Compensacion/Legalizar licencia Remunerada/span_Licencia Remunerada_Historico' located by '//*/text()[normalize-space(.)='Licencia Remunerada']/parent::*' not found

2022-03-09 12:13:54 - [TEST_STEP][PASSED] - waitForElementClickable(findTestObject("Modulo Tarea Administracion Compensacion/Legalizar licencia Remunerada/a_Licencia_Pestaa"), 0): Object 'Object Repository/Modulo Tarea Administracion Compensacion/Legalizar licencia Remunerada/a_Licencia_Pestaa' is clickable

2022-03-09 12:13:54 - [MESSAGE][WARNING] - Timeout '0' is invalid. Using default page load timeout: '30'

2022-03-09 12:13:54 - [MESSAGE][PASSED] - Object 'Object Repository/Modulo Tarea Administracion Compensacion/Legalizar licencia Remunerada/a_Licencia_Pestaa' is clickable

2022-03-09 12:13:54 - [TEST_STEP][PASSED] - click(findTestObject("Modulo Tarea Administracion Compensacion/Legalizar licencia Remunerada/a_Licencia_Pestaa")): Object: 'Object Repository/Modulo Tarea Administracion Compensacion/Legalizar licencia Remunerada/a_Licencia_Pestaa' is clicked on

2022-03-09 12:13:54 - [MESSAGE][PASSED] - Object: 'Object Repository/Modulo Tarea Administracion Compensacion/Legalizar licencia Remunerada/a_Licencia_Pestaa' is clicked on

2022-03-09 12:13:54 - [TEST_STEP][PASSED] - if (waitForElementClickable(findTestObject("Modulo Tarea Administracion Compensacion/Legalizar licencia Remunerada/span_Nuevo"), 1)): null

2022-03-09 12:13:55 - [MESSAGE][PASSED] - Object 'Object Repository/Modulo Tarea Administracion Compensacion/Legalizar licencia Remunerada/span_Nuevo' is clickable

2022-03-09 12:13:55 - [TEST_STEP][PASSED] - click(findTestObject("Modulo Tarea Administracion Compensacion/Legalizar licencia Remunerada/span_Nuevo")): Object: 'Object Repository/Modulo Tarea Administracion Compensacion/Legalizar licencia Remunerada/span_Nuevo' is clicked on

2022-03-09 12:13:56 - [MESSAGE][PASSED] - Object: 'Object Repository/Modulo Tarea Administracion Compensacion/Legalizar licencia Remunerada/span_Nuevo' is clicked on

2022-03-09 12:13:56 - [TEST_STEP][PASSED] - click(findTestObject("Modulo Tarea Administracion Compensacion/Legalizar licencia Remunerada/span_LICENCIA REMUNERADA")): Object: 'Object Repository/Modulo Tarea Administracion Compensacion/Legalizar licencia Remunerada/span_LICENCIA REMUNERADA' is clicked on

2022-03-09 12:13:56 - [MESSAGE][PASSED] - Object: 'Object Repository/Modulo Tarea Administracion Compensacion/Legalizar licencia Remunerada/span_LICENCIA REMUNERADA' is clicked on

2022-03-09 12:13:56 - [TEST_STEP][PASSED] - setText(findTestObject("Modulo Tarea Administracion Compensacion/Legalizar licencia Remunerada/input_Fecha Salida_form_licenc"), "01/12/2018"): Text '01/12/2018' is set on object 'Object Repository/Modulo Tarea Administracion Compensacion/Legalizar licencia Remunerada/input_Fecha Salida_form_licenc'

2022-03-09 12:13:58 - [MESSAGE][PASSED] - Text '01/12/2018' is set on object 'Object Repository/Modulo Tarea Administracion Compensacion/Legalizar licencia Remunerada/input_Fecha Salida_form_licenc'

2022-03-09 12:13:58 - [TEST_STEP][PASSED] - setText(findTestObject("Modulo Tarea Administracion Compensacion/Legalizar licencia Remunerada/input_Das Ausentismo_form_lice"), "2"): Text '2' is set on object 'Object Repository/Modulo Tarea Administracion Compensacion/Legalizar licencia Remunerada/input_Das Ausentismo_form_lice'

2022-03-09 12:13:59 - [MESSAGE][PASSED] - Text '2' is set on object 'Object Repository/Modulo Tarea Administracion Compensacion/Legalizar licencia Remunerada/input_Das Ausentismo_form_lice'

2022-03-09 12:13:59 - [TEST_STEP][PASSED] - setText(findTestObject("Modulo Tarea Administracion Compensacion/Legalizar licencia Remunerada/input_Fecha Salida Nomina_form"), "31/01/2019"): Text '31/01/2019' is set on object 'Object Repository/Modulo Tarea Administracion Compensacion/Legalizar licencia Remunerada/input_Fecha Salida Nomina_form'

2022-03-09 12:14:00 - [MESSAGE][PASSED] - Text '31/01/2019' is set on object 'Object Repository/Modulo Tarea Administracion Compensacion/Legalizar licencia Remunerada/input_Fecha Salida Nomina_form'

2022-03-09 12:14:00 - [TEST_STEP][PASSED] - setText(findTestObject("Modulo Tarea Administracion Compensacion/Legalizar licencia Remunerada/textarea_Observacin_form_licen"), "aaaaaa"): Text 'aaaaaa' is set on object 'Object Repository/Modulo Tarea Administracion Compensacion/Legalizar licencia Remunerada/textarea_Observacin_form_licen'

2022-03-09 12:14:01 - [MESSAGE][PASSED] - Text 'aaaaaa' is set on object 'Object Repository/Modulo Tarea Administracion Compensacion/Legalizar licencia Remunerada/textarea_Observacin_form_licen'

2022-03-09 12:14:01 - [TEST_STEP][PASSED] - setText(findTestObject("Modulo Tarea Administracion Compensacion/Legalizar licencia Remunerada/input_Fecha 1_form_licenciaEmp"), "31/01/2019"): Text '31/01/2019' is set on object 'Object Repository/Modulo Tarea Administracion Compensacion/Legalizar licencia Remunerada/input_Fecha 1_form_licenciaEmp'

2022-03-09 12:14:02 - [MESSAGE][PASSED] - Text '31/01/2019' is set on object 'Object Repository/Modulo Tarea Administracion Compensacion/Legalizar licencia Remunerada/input_Fecha 1_form_licenciaEmp'

2022-03-09 12:14:02 - [TEST_STEP][PASSED] - sendKeys(findTestObject("Modulo Tarea Administracion Compensacion/Legalizar licencia Remunerada/input_Fecha 1_form_licenciaEmp"), Keys.chord(ESCAPE)): Keys 'ESCAPE + ' sent to object: 'Object Repository/Modulo Tarea Administracion Compensacion/Legalizar licencia Remunerada/input_Fecha 1_form_licenciaEmp'

2022-03-09 12:14:02 - [MESSAGE][PASSED] - Keys 'ESCAPE + ' sent to object: 'Object Repository/Modulo Tarea Administracion Compensacion/Legalizar licencia Remunerada/input_Fecha 1_form_licenciaEmp'

2022-03-09 12:14:02 - [TEST_STEP][PASSED] - click(findTestObject("Modulo Tarea Administracion Compensacion/Legalizar licencia Remunerada/span_Guardar Legalizar")): Object: 'Object Repository/Modulo Tarea Administracion Compensacion/Legalizar licencia Remunerada/span_Guardar Legalizar' is clicked on

2022-03-09 12:14:03 - [MESSAGE][PASSED] - Object: 'Object Repository/Modulo Tarea Administracion Compensacion/Legalizar licencia Remunerada/span_Guardar Legalizar' is clicked on

2022-03-09 12:14:03 - [TEST_STEP][PASSED] - getText(findTestObject("Alerta/Alerta")): Text of object 'Object Repository/Alerta/Alerta' is: 'Se modifico exitosamente su solicitud'

2022-03-09 12:14:04 - [MESSAGE][PASSED] - Text of object 'Object Repository/Alerta/Alerta' is: 'Se modifico exitosamente su solicitud']]></system-out>
         <system-err><![CDATA[]]></system-err>
      </testcase>
      <testcase name="Test Cases/1.1-Tareas Principales/1.2.4-Incapacidad" time="51.841" classname="Test Cases/1.1-Tareas Principales/1.2.4-Incapacidad" status="PASSED">
         <system-out><![CDATA[2022-03-09 12:14:04 - [TEST_CASE][PASSED] - Test Cases/1.1-Tareas Principales/1.2.4-Incapacidad: Test Cases/1.1-Tareas Principales/1.2.4-Incapacidad

2022-03-09 12:14:04 - [TEST_STEP][PASSED] - callTestCase(findTestCase("Utilidades-(atajos_para _tareas)/Tareas Administracion Compensacion/Tarea Listado Empleados"), [:], STOP_ON_FAILURE): Call Test Case 'Test Cases/Utilidades-(atajos_para _tareas)/Tareas Administracion Compensacion/Tarea Listado Empleados' successfully

2022-03-09 12:14:04 - [TEST_CASE][PASSED] - Test Cases/Utilidades-(atajos_para _tareas)/Tareas Administracion Compensacion/Tarea Listado Empleados: Test Cases/Utilidades-(atajos_para _tareas)/Tareas Administracion Compensacion/Tarea Listado Empleados

2022-03-09 12:14:04 - [TEST_STEP][PASSED] - callTestCase(findTestCase("0.1-Login"), [:], STOP_ON_FAILURE): Call Test Case 'Test Cases/0.1-Login' successfully

2022-03-09 12:14:04 - [TEST_CASE][PASSED] - Test Cases/0.1-Login: Test Cases/0.1-Login

2022-03-09 12:14:04 - [TEST_STEP][PASSED] - openBrowser(""): Browser is opened with url: ''

2022-03-09 12:14:04 - [MESSAGE][WARNING] - A browser is already opened. Closing browser and opening a new one

2022-03-09 12:14:05 - [MESSAGE][INFO] - Starting 'Chrome' driver

2022-03-09 12:14:05 - [MESSAGE][INFO] - Action delay is set to 0 milliseconds

2022-03-09 12:14:07 - [MESSAGE][PASSED] - Browser is opened with url: ''

2022-03-09 12:14:07 - [TEST_STEP][PASSED] - maximizeWindow(): Current window maximized

2022-03-09 12:14:07 - [MESSAGE][PASSED] - Current window maximized

2022-03-09 12:14:07 - [TEST_STEP][PASSED] - i = G_Login: null

2022-03-09 12:14:07 - [TEST_STEP][PASSED] - url = new java.net.URL(i): null

2022-03-09 12:14:07 - [TEST_STEP][PASSED] - println("URL: " + url.toString()): null

2022-03-09 12:14:07 - [TEST_STEP][PASSED] - connection = url.openConnection(): null

2022-03-09 12:14:07 - [TEST_STEP][PASSED] - connection.setRequestMethod("GET"): null

2022-03-09 12:14:07 - [TEST_STEP][PASSED] - connection.setReadTimeout(2 * 1000): null

2022-03-09 12:14:07 - [TEST_STEP][PASSED] - try: null

2022-03-09 12:14:07 - [TEST_STEP][PASSED] - connection.connect(): null

2022-03-09 12:14:07 - [TEST_STEP][PASSED] - flag = connected: null

2022-03-09 12:14:07 - [TEST_STEP][PASSED] - println("Valor_ori: " + flag): null

2022-03-09 12:14:07 - [TEST_STEP][PASSED] - if (flag): null

2022-03-09 12:14:07 - [TEST_STEP][PASSED] - navigateToUrl(i): Navigate to 'http://192.168.2.80:8380/saraweb' successfully

2022-03-09 12:14:07 - [MESSAGE][PASSED] - Navigate to 'http://192.168.2.80:8380/saraweb' successfully

2022-03-09 12:14:07 - [TEST_STEP][PASSED] - a(): null

2022-03-09 12:14:07 - [TEST_STEP][PASSED] - setText(findTestObject("Login/input_USUARIO_loginusuario"), G_Usuario): Text 'saraadmin' is set on object 'Object Repository/Login/input_USUARIO_loginusuario'

2022-03-09 12:14:08 - [MESSAGE][PASSED] - Text 'saraadmin' is set on object 'Object Repository/Login/input_USUARIO_loginusuario'

2022-03-09 12:14:08 - [TEST_STEP][PASSED] - setEncryptedText(findTestObject("Login/input_CLAVE_loginpassword"), "MkG4/TYiCFC3cb2driP7+Q=="): Text ****** has been set on object 'Object Repository/Login/input_CLAVE_loginpassword'

2022-03-09 12:14:09 - [MESSAGE][PASSED] - Text ****** has been set on object 'Object Repository/Login/input_CLAVE_loginpassword'

2022-03-09 12:14:09 - [TEST_STEP][PASSED] - waitForElementClickable(findTestObject("Login/a_Ingresar"), G_TimeOut): Object 'Object Repository/Login/a_Ingresar' is clickable

2022-03-09 12:14:09 - [MESSAGE][PASSED] - Object 'Object Repository/Login/a_Ingresar' is clickable

2022-03-09 12:14:09 - [TEST_STEP][PASSED] - click(findTestObject("Login/a_Ingresar")): Object: 'Object Repository/Login/a_Ingresar' is clicked on

2022-03-09 12:14:11 - [MESSAGE][PASSED] - Object: 'Object Repository/Login/a_Ingresar' is clicked on

2022-03-09 12:14:11 - [TEST_STEP][PASSED] - element = findWebElement(findTestObject("Login/a_Ir"), 30): null

2022-03-09 12:14:11 - [TEST_STEP][PASSED] - executeJavaScript("arguments[0].click()", Arrays.asList(element)): Execute JavaScript 'arguments[0].click()' successfully

2022-03-09 12:14:11 - [MESSAGE][PASSED] - Execute JavaScript 'arguments[0].click()' successfully

2022-03-09 12:14:11 - [MESSAGE][PASSED] - Call Test Case 'Test Cases/0.1-Login' successfully

2022-03-09 12:14:11 - [TEST_STEP][PASSED] - setText(findTestObject("Modulo Tarea Listado Hojas de Vida/Tareas Listado Hojas de Vida/input_Listado Hojas De Vida_form_templatej_idt24_input"), "Listado de Empleados"): Text 'Listado de Empleados' is set on object 'Object Repository/Modulo Tarea Listado Hojas de Vida/Tareas Listado Hojas de Vida/input_Listado Hojas De Vida_form_templatej_idt24_input'

2022-03-09 12:14:13 - [MESSAGE][PASSED] - Text 'Listado de Empleados' is set on object 'Object Repository/Modulo Tarea Listado Hojas de Vida/Tareas Listado Hojas de Vida/input_Listado Hojas De Vida_form_templatej_idt24_input'

2022-03-09 12:14:13 - [TEST_STEP][PASSED] - delay(3): Delayed 3 second(s)

2022-03-09 12:14:16 - [MESSAGE][PASSED] - Delayed 3 second(s)

2022-03-09 12:14:16 - [TEST_STEP][PASSED] - sendKeys(findTestObject("Modulo Tarea Listado Hojas de Vida/Tareas Listado Hojas de Vida/input_Listado Hojas De Vida_form_templatej_idt24_input"), Keys.chord(ENTER)): Keys 'ENTER + ' sent to object: 'Object Repository/Modulo Tarea Listado Hojas de Vida/Tareas Listado Hojas de Vida/input_Listado Hojas De Vida_form_templatej_idt24_input'

2022-03-09 12:14:16 - [MESSAGE][PASSED] - Keys 'ENTER + ' sent to object: 'Object Repository/Modulo Tarea Listado Hojas de Vida/Tareas Listado Hojas de Vida/input_Listado Hojas De Vida_form_templatej_idt24_input'

2022-03-09 12:14:16 - [MESSAGE][PASSED] - Call Test Case 'Test Cases/Utilidades-(atajos_para _tareas)/Tareas Administracion Compensacion/Tarea Listado Empleados' successfully

2022-03-09 12:14:16 - [TEST_STEP][PASSED] - waitForElementClickable(findTestObject("Modulo Tarea Administracion Compensacion/Incapacidad/input_Identificacin_listadoEmp"), 0): Object 'Object Repository/Modulo Tarea Administracion Compensacion/Incapacidad/input_Identificacin_listadoEmp' is clickable

2022-03-09 12:14:16 - [MESSAGE][WARNING] - Timeout '0' is invalid. Using default page load timeout: '30'

2022-03-09 12:14:17 - [MESSAGE][PASSED] - Object 'Object Repository/Modulo Tarea Administracion Compensacion/Incapacidad/input_Identificacin_listadoEmp' is clickable

2022-03-09 12:14:17 - [TEST_STEP][PASSED] - setText(findTestObject("Modulo Tarea Administracion Compensacion/Incapacidad/input_Identificacin_listadoEmp"), "1234567890"): Text '1234567890' is set on object 'Object Repository/Modulo Tarea Administracion Compensacion/Incapacidad/input_Identificacin_listadoEmp'

2022-03-09 12:14:18 - [MESSAGE][PASSED] - Text '1234567890' is set on object 'Object Repository/Modulo Tarea Administracion Compensacion/Incapacidad/input_Identificacin_listadoEmp'

2022-03-09 12:14:18 - [TEST_STEP][PASSED] - sendKeys(findTestObject("Modulo Tarea Administracion Compensacion/Incapacidad/input_Identificacin_listadoEmp"), Keys.chord(ENTER)): Keys 'ENTER + ' sent to object: 'Object Repository/Modulo Tarea Administracion Compensacion/Incapacidad/input_Identificacin_listadoEmp'

2022-03-09 12:14:19 - [MESSAGE][PASSED] - Keys 'ENTER + ' sent to object: 'Object Repository/Modulo Tarea Administracion Compensacion/Incapacidad/input_Identificacin_listadoEmp'

2022-03-09 12:14:19 - [TEST_STEP][PASSED] - click(findTestObject("Modulo Tarea Administracion Compensacion/Incapacidad/span_CONSTA BELFEGORD JHON")): Object: 'Object Repository/Modulo Tarea Administracion Compensacion/Incapacidad/span_CONSTA BELFEGORD JHON' is clicked on

2022-03-09 12:14:20 - [MESSAGE][PASSED] - Object: 'Object Repository/Modulo Tarea Administracion Compensacion/Incapacidad/span_CONSTA BELFEGORD JHON' is clicked on

2022-03-09 12:14:20 - [TEST_STEP][PASSED] - click(findTestObject("Modulo Tarea Administracion Compensacion/Incapacidad/a_Licencia")): Object: 'Object Repository/Modulo Tarea Administracion Compensacion/Incapacidad/a_Licencia' is clicked on

2022-03-09 12:14:20 - [MESSAGE][PASSED] - Object: 'Object Repository/Modulo Tarea Administracion Compensacion/Incapacidad/a_Licencia' is clicked on

2022-03-09 12:14:20 - [TEST_STEP][PASSED] - if (waitForElementClickable(findTestObject("Modulo Tarea Administracion Compensacion/Incapacidad/td_Licencia Remunerada"), 1)): Web element with id: 'Object Repository/Modulo Tarea Administracion Compensacion/Incapacidad/td_Licencia Remunerada' located by '//*/text()[normalize-space(.)='Licencia Remunerada']/parent::*' not found

2022-03-09 12:14:22 - [MESSAGE][INFO] - Unable to find the element located by 'By.xpath: //*/text()[normalize-space(.)='Licencia Remunerada']/parent::*'. Please recheck the objects properties to make sure the desired element is located. 

2022-03-09 12:14:22 - [MESSAGE][WARNING] - Web element with id: 'Object Repository/Modulo Tarea Administracion Compensacion/Incapacidad/td_Licencia Remunerada' located by '//*/text()[normalize-space(.)='Licencia Remunerada']/parent::*' not found

2022-03-09 12:14:22 - [TEST_STEP][PASSED] - if (waitForElementClickable(findTestObject("Modulo Tarea Administracion Compensacion/Incapacidad/td_Licencia No Remunerada"), 1)): Web element with id: 'Object Repository/Modulo Tarea Administracion Compensacion/Incapacidad/td_Licencia No Remunerada' located by '//*/text()[normalize-space(.)='Licencia No Remunerada']/parent::*' not found

2022-03-09 12:14:24 - [MESSAGE][INFO] - Unable to find the element located by 'By.xpath: //*/text()[normalize-space(.)='Licencia No Remunerada']/parent::*'. Please recheck the objects properties to make sure the desired element is located. 

2022-03-09 12:14:24 - [MESSAGE][WARNING] - Web element with id: 'Object Repository/Modulo Tarea Administracion Compensacion/Incapacidad/td_Licencia No Remunerada' located by '//*/text()[normalize-space(.)='Licencia No Remunerada']/parent::*' not found

2022-03-09 12:14:24 - [TEST_STEP][PASSED] - click(findTestObject("Modulo Tarea Administracion Compensacion/Incapacidad/a_Incapacidad")): Object: 'Object Repository/Modulo Tarea Administracion Compensacion/Incapacidad/a_Incapacidad' is clicked on

2022-03-09 12:14:25 - [MESSAGE][PASSED] - Object: 'Object Repository/Modulo Tarea Administracion Compensacion/Incapacidad/a_Incapacidad' is clicked on

2022-03-09 12:14:25 - [TEST_STEP][PASSED] - waitForElementClickable(findTestObject("Modulo Tarea Administracion Compensacion/Incapacidad/span_Nuevo"), 0): Object 'Object Repository/Modulo Tarea Administracion Compensacion/Incapacidad/span_Nuevo' is clickable

2022-03-09 12:14:25 - [MESSAGE][WARNING] - Timeout '0' is invalid. Using default page load timeout: '30'

2022-03-09 12:14:27 - [MESSAGE][PASSED] - Object 'Object Repository/Modulo Tarea Administracion Compensacion/Incapacidad/span_Nuevo' is clickable

2022-03-09 12:14:27 - [TEST_STEP][PASSED] - click(findTestObject("Modulo Tarea Administracion Compensacion/Incapacidad/span_Nuevo")): Object: 'Object Repository/Modulo Tarea Administracion Compensacion/Incapacidad/span_Nuevo' is clicked on

2022-03-09 12:14:27 - [MESSAGE][PASSED] - Object: 'Object Repository/Modulo Tarea Administracion Compensacion/Incapacidad/span_Nuevo' is clicked on

2022-03-09 12:14:27 - [TEST_STEP][PASSED] - waitForElementClickable(findTestObject("Modulo Tarea Administracion Compensacion/Incapacidad/span_ENFERMEDAD GENERAL 21"), 0): Object 'Object Repository/Modulo Tarea Administracion Compensacion/Incapacidad/span_ENFERMEDAD GENERAL 21' is clickable

2022-03-09 12:14:27 - [MESSAGE][WARNING] - Timeout '0' is invalid. Using default page load timeout: '30'

2022-03-09 12:14:28 - [MESSAGE][PASSED] - Object 'Object Repository/Modulo Tarea Administracion Compensacion/Incapacidad/span_ENFERMEDAD GENERAL 21' is clickable

2022-03-09 12:14:28 - [TEST_STEP][PASSED] - click(findTestObject("Modulo Tarea Administracion Compensacion/Incapacidad/span_ENFERMEDAD GENERAL 21")): Object: 'Object Repository/Modulo Tarea Administracion Compensacion/Incapacidad/span_ENFERMEDAD GENERAL 21' is clicked on

2022-03-09 12:14:28 - [MESSAGE][PASSED] - Object: 'Object Repository/Modulo Tarea Administracion Compensacion/Incapacidad/span_ENFERMEDAD GENERAL 21' is clicked on

2022-03-09 12:14:28 - [TEST_STEP][PASSED] - click(findTestObject("Modulo Tarea Administracion Compensacion/Incapacidad/a_Histrico")): Object: 'Object Repository/Modulo Tarea Administracion Compensacion/Incapacidad/a_Histrico' is clicked on

2022-03-09 12:14:30 - [MESSAGE][PASSED] - Object: 'Object Repository/Modulo Tarea Administracion Compensacion/Incapacidad/a_Histrico' is clicked on

2022-03-09 12:14:30 - [TEST_STEP][PASSED] - if (waitForElementClickable(findTestObject("Modulo Tarea Administracion Compensacion/Incapacidad/span_Enfermedad General 21_Historico"), 1)): null

2022-03-09 12:14:31 - [MESSAGE][PASSED] - Object 'Object Repository/Modulo Tarea Administracion Compensacion/Incapacidad/span_Enfermedad General 21_Historico' is clickable

2022-03-09 12:14:31 - [TEST_STEP][PASSED] - click(findTestObject("Modulo Tarea Administracion Compensacion/Incapacidad/span_Enfermedad General 21_Historico")): Object: 'Object Repository/Modulo Tarea Administracion Compensacion/Incapacidad/span_Enfermedad General 21_Historico' is clicked on

2022-03-09 12:14:31 - [MESSAGE][PASSED] - Object: 'Object Repository/Modulo Tarea Administracion Compensacion/Incapacidad/span_Enfermedad General 21_Historico' is clicked on

2022-03-09 12:14:31 - [TEST_STEP][PASSED] - waitForElementClickable(findTestObject("Modulo Tarea Administracion Compensacion/Incapacidad/a_Eliminar"), 0): Object 'Object Repository/Modulo Tarea Administracion Compensacion/Incapacidad/a_Eliminar' is clickable

2022-03-09 12:14:31 - [MESSAGE][WARNING] - Timeout '0' is invalid. Using default page load timeout: '30'

2022-03-09 12:14:32 - [MESSAGE][PASSED] - Object 'Object Repository/Modulo Tarea Administracion Compensacion/Incapacidad/a_Eliminar' is clickable

2022-03-09 12:14:32 - [TEST_STEP][PASSED] - click(findTestObject("Modulo Tarea Administracion Compensacion/Incapacidad/a_Eliminar")): Object: 'Object Repository/Modulo Tarea Administracion Compensacion/Incapacidad/a_Eliminar' is clicked on

2022-03-09 12:14:33 - [MESSAGE][PASSED] - Object: 'Object Repository/Modulo Tarea Administracion Compensacion/Incapacidad/a_Eliminar' is clicked on

2022-03-09 12:14:33 - [TEST_STEP][PASSED] - click(findTestObject("Modulo Tarea Administracion Compensacion/Incapacidad/a_Aceptar")): Object: 'Object Repository/Modulo Tarea Administracion Compensacion/Incapacidad/a_Aceptar' is clicked on

2022-03-09 12:14:33 - [MESSAGE][PASSED] - Object: 'Object Repository/Modulo Tarea Administracion Compensacion/Incapacidad/a_Aceptar' is clicked on

2022-03-09 12:14:33 - [TEST_STEP][PASSED] - click(findTestObject("Modulo Tarea Administracion Compensacion/Incapacidad/a_Incapacidad_pestaa")): Object: 'Object Repository/Modulo Tarea Administracion Compensacion/Incapacidad/a_Incapacidad_pestaa' is clicked on

2022-03-09 12:14:34 - [MESSAGE][PASSED] - Object: 'Object Repository/Modulo Tarea Administracion Compensacion/Incapacidad/a_Incapacidad_pestaa' is clicked on

2022-03-09 12:14:34 - [TEST_STEP][PASSED] - waitForElementClickable(findTestObject("Modulo Tarea Administracion Compensacion/Incapacidad/span_Nuevo"), 0): Object 'Object Repository/Modulo Tarea Administracion Compensacion/Incapacidad/span_Nuevo' is clickable

2022-03-09 12:14:34 - [MESSAGE][WARNING] - Timeout '0' is invalid. Using default page load timeout: '30'

2022-03-09 12:14:35 - [MESSAGE][PASSED] - Object 'Object Repository/Modulo Tarea Administracion Compensacion/Incapacidad/span_Nuevo' is clickable

2022-03-09 12:14:35 - [TEST_STEP][PASSED] - click(findTestObject("Modulo Tarea Administracion Compensacion/Incapacidad/span_Nuevo")): Object: 'Object Repository/Modulo Tarea Administracion Compensacion/Incapacidad/span_Nuevo' is clicked on

2022-03-09 12:14:36 - [MESSAGE][PASSED] - Object: 'Object Repository/Modulo Tarea Administracion Compensacion/Incapacidad/span_Nuevo' is clicked on

2022-03-09 12:14:36 - [TEST_STEP][PASSED] - waitForElementClickable(findTestObject("Modulo Tarea Administracion Compensacion/Incapacidad/span_ENFERMEDAD GENERAL 21"), 0): Object 'Object Repository/Modulo Tarea Administracion Compensacion/Incapacidad/span_ENFERMEDAD GENERAL 21' is clickable

2022-03-09 12:14:36 - [MESSAGE][WARNING] - Timeout '0' is invalid. Using default page load timeout: '30'

2022-03-09 12:14:37 - [MESSAGE][PASSED] - Object 'Object Repository/Modulo Tarea Administracion Compensacion/Incapacidad/span_ENFERMEDAD GENERAL 21' is clickable

2022-03-09 12:14:37 - [TEST_STEP][PASSED] - click(findTestObject("Modulo Tarea Administracion Compensacion/Incapacidad/span_ENFERMEDAD GENERAL 21")): Object: 'Object Repository/Modulo Tarea Administracion Compensacion/Incapacidad/span_ENFERMEDAD GENERAL 21' is clicked on

2022-03-09 12:14:37 - [MESSAGE][PASSED] - Object: 'Object Repository/Modulo Tarea Administracion Compensacion/Incapacidad/span_ENFERMEDAD GENERAL 21' is clicked on

2022-03-09 12:14:37 - [TEST_STEP][PASSED] - waitForElementClickable(findTestObject("Modulo Tarea Administracion Compensacion/Incapacidad/a_Incapacidad_pestaa"), 0): Object 'Object Repository/Modulo Tarea Administracion Compensacion/Incapacidad/a_Incapacidad_pestaa' is clickable

2022-03-09 12:14:37 - [MESSAGE][WARNING] - Timeout '0' is invalid. Using default page load timeout: '30'

2022-03-09 12:14:38 - [MESSAGE][PASSED] - Object 'Object Repository/Modulo Tarea Administracion Compensacion/Incapacidad/a_Incapacidad_pestaa' is clickable

2022-03-09 12:14:38 - [TEST_STEP][PASSED] - click(findTestObject("Modulo Tarea Administracion Compensacion/Incapacidad/a_Incapacidad_pestaa")): Object: 'Object Repository/Modulo Tarea Administracion Compensacion/Incapacidad/a_Incapacidad_pestaa' is clicked on

2022-03-09 12:14:38 - [MESSAGE][PASSED] - Object: 'Object Repository/Modulo Tarea Administracion Compensacion/Incapacidad/a_Incapacidad_pestaa' is clicked on

2022-03-09 12:14:38 - [TEST_STEP][PASSED] - setText(findTestObject("Modulo Tarea Administracion Compensacion/Incapacidad/input_Fecha Salida _form_incap"), "01/01/2021"): Text '01/01/2021' is set on object 'Object Repository/Modulo Tarea Administracion Compensacion/Incapacidad/input_Fecha Salida _form_incap'

2022-03-09 12:14:39 - [MESSAGE][PASSED] - Text '01/01/2021' is set on object 'Object Repository/Modulo Tarea Administracion Compensacion/Incapacidad/input_Fecha Salida _form_incap'

2022-03-09 12:14:39 - [TEST_STEP][PASSED] - setText(findTestObject("Modulo Tarea Administracion Compensacion/Incapacidad/input_Fecha Salida Nomina_form"), "28/02/2021"): Text '28/02/2021' is set on object 'Object Repository/Modulo Tarea Administracion Compensacion/Incapacidad/input_Fecha Salida Nomina_form'

2022-03-09 12:14:41 - [MESSAGE][PASSED] - Text '28/02/2021' is set on object 'Object Repository/Modulo Tarea Administracion Compensacion/Incapacidad/input_Fecha Salida Nomina_form'

2022-03-09 12:14:41 - [TEST_STEP][PASSED] - click(findTestObject("Modulo Tarea Administracion Compensacion/Incapacidad/input_Prorroga_form_incapacida")): Object: 'Object Repository/Modulo Tarea Administracion Compensacion/Incapacidad/input_Prorroga_form_incapacida' is clicked on

2022-03-09 12:14:42 - [MESSAGE][PASSED] - Object: 'Object Repository/Modulo Tarea Administracion Compensacion/Incapacidad/input_Prorroga_form_incapacida' is clicked on

2022-03-09 12:14:42 - [TEST_STEP][PASSED] - setText(findTestObject("Modulo Tarea Administracion Compensacion/Incapacidad/textarea_Observacin_form_incap"), "aaaa"): Text 'aaaa' is set on object 'Object Repository/Modulo Tarea Administracion Compensacion/Incapacidad/textarea_Observacin_form_incap'

2022-03-09 12:14:42 - [MESSAGE][PASSED] - Text 'aaaa' is set on object 'Object Repository/Modulo Tarea Administracion Compensacion/Incapacidad/textarea_Observacin_form_incap'

2022-03-09 12:14:42 - [TEST_STEP][PASSED] - setText(findTestObject("Modulo Tarea Administracion Compensacion/Incapacidad/input_Das Ausentismo_form_inca"), "2"): Text '2' is set on object 'Object Repository/Modulo Tarea Administracion Compensacion/Incapacidad/input_Das Ausentismo_form_inca'

2022-03-09 12:14:43 - [MESSAGE][PASSED] - Text '2' is set on object 'Object Repository/Modulo Tarea Administracion Compensacion/Incapacidad/input_Das Ausentismo_form_inca'

2022-03-09 12:14:43 - [TEST_STEP][PASSED] - setText(findTestObject("Modulo Tarea Administracion Compensacion/Incapacidad/textarea_Area_form_incapacidad"), "bbbb"): Text 'bbbb' is set on object 'Object Repository/Modulo Tarea Administracion Compensacion/Incapacidad/textarea_Area_form_incapacidad'

2022-03-09 12:14:44 - [MESSAGE][PASSED] - Text 'bbbb' is set on object 'Object Repository/Modulo Tarea Administracion Compensacion/Incapacidad/textarea_Area_form_incapacidad'

2022-03-09 12:14:44 - [TEST_STEP][PASSED] - setText(findTestObject("Modulo Tarea Administracion Compensacion/Incapacidad/input_Horas adicionales_form_incapacidades"), "0500"): Text '0500' is set on object 'Object Repository/Modulo Tarea Administracion Compensacion/Incapacidad/input_Horas adicionales_form_incapacidades'

2022-03-09 12:14:45 - [MESSAGE][PASSED] - Text '0500' is set on object 'Object Repository/Modulo Tarea Administracion Compensacion/Incapacidad/input_Horas adicionales_form_incapacidades'

2022-03-09 12:14:45 - [TEST_STEP][PASSED] - setText(findTestObject("Modulo Tarea Administracion Compensacion/Incapacidad/input_diagnostico_form_incapacidad"), "cccc"): Text 'cccc' is set on object 'Object Repository/Modulo Tarea Administracion Compensacion/Incapacidad/input_diagnostico_form_incapacidad'

2022-03-09 12:14:46 - [MESSAGE][PASSED] - Text 'cccc' is set on object 'Object Repository/Modulo Tarea Administracion Compensacion/Incapacidad/input_diagnostico_form_incapacidad'

2022-03-09 12:14:46 - [TEST_STEP][PASSED] - setText(findTestObject("Modulo Tarea Administracion Compensacion/Incapacidad/input_Fecha 1_form_incapacidad"), "15/01/2021"): Text '15/01/2021' is set on object 'Object Repository/Modulo Tarea Administracion Compensacion/Incapacidad/input_Fecha 1_form_incapacidad'

2022-03-09 12:14:47 - [MESSAGE][PASSED] - Text '15/01/2021' is set on object 'Object Repository/Modulo Tarea Administracion Compensacion/Incapacidad/input_Fecha 1_form_incapacidad'

2022-03-09 12:14:47 - [TEST_STEP][PASSED] - setText(findTestObject("Modulo Tarea Administracion Compensacion/Incapacidad/input_diagnostico_form_incapacidades2"), "aaa"): Text 'aaa' is set on object 'Object Repository/Modulo Tarea Administracion Compensacion/Incapacidad/input_diagnostico_form_incapacidades2'

2022-03-09 12:14:49 - [MESSAGE][PASSED] - Text 'aaa' is set on object 'Object Repository/Modulo Tarea Administracion Compensacion/Incapacidad/input_diagnostico_form_incapacidades2'

2022-03-09 12:14:49 - [TEST_STEP][PASSED] - click(findTestObject("Modulo Tarea Administracion Compensacion/Incapacidad/a__form_incapacidadesEmpleadoj")): Object: 'Object Repository/Modulo Tarea Administracion Compensacion/Incapacidad/a__form_incapacidadesEmpleadoj' is clicked on

2022-03-09 12:14:50 - [MESSAGE][PASSED] - Object: 'Object Repository/Modulo Tarea Administracion Compensacion/Incapacidad/a__form_incapacidadesEmpleadoj' is clicked on

2022-03-09 12:14:50 - [TEST_STEP][PASSED] - click(findTestObject("Modulo Tarea Administracion Compensacion/Incapacidad/td_OTRAS INFECCIONES ESPECIFICADAS")): Object: 'Object Repository/Modulo Tarea Administracion Compensacion/Incapacidad/td_OTRAS INFECCIONES ESPECIFICADAS' is clicked on

2022-03-09 12:14:51 - [MESSAGE][PASSED] - Object: 'Object Repository/Modulo Tarea Administracion Compensacion/Incapacidad/td_OTRAS INFECCIONES ESPECIFICADAS' is clicked on

2022-03-09 12:14:51 - [TEST_STEP][PASSED] - waitForElementClickable(findTestObject("Modulo Tarea Administracion Compensacion/Incapacidad/a__form_incapacidadesEmpleadoj_1"), 0): Object 'Object Repository/Modulo Tarea Administracion Compensacion/Incapacidad/a__form_incapacidadesEmpleadoj_1' is clickable

2022-03-09 12:14:51 - [MESSAGE][WARNING] - Timeout '0' is invalid. Using default page load timeout: '30'

2022-03-09 12:14:52 - [MESSAGE][PASSED] - Object 'Object Repository/Modulo Tarea Administracion Compensacion/Incapacidad/a__form_incapacidadesEmpleadoj_1' is clickable

2022-03-09 12:14:52 - [TEST_STEP][PASSED] - click(findTestObject("Modulo Tarea Administracion Compensacion/Incapacidad/a__form_incapacidadesEmpleadoj_1")): Object: 'Object Repository/Modulo Tarea Administracion Compensacion/Incapacidad/a__form_incapacidadesEmpleadoj_1' is clicked on

2022-03-09 12:14:52 - [MESSAGE][PASSED] - Object: 'Object Repository/Modulo Tarea Administracion Compensacion/Incapacidad/a__form_incapacidadesEmpleadoj_1' is clicked on

2022-03-09 12:14:52 - [TEST_STEP][PASSED] - click(findTestObject("Modulo Tarea Administracion Compensacion/Incapacidad/td_Diagnostico-Seguridad y Salud en el Trabajo")): Object: 'Object Repository/Modulo Tarea Administracion Compensacion/Incapacidad/td_Diagnostico-Seguridad y Salud en el Trabajo' is clicked on

2022-03-09 12:14:53 - [MESSAGE][PASSED] - Object: 'Object Repository/Modulo Tarea Administracion Compensacion/Incapacidad/td_Diagnostico-Seguridad y Salud en el Trabajo' is clicked on

2022-03-09 12:14:53 - [TEST_STEP][PASSED] - waitForElementClickable(findTestObject("Modulo Tarea Administracion Compensacion/Incapacidad/a_Guardar Legalizar"), G_TimeOut): Object 'Object Repository/Modulo Tarea Administracion Compensacion/Incapacidad/a_Guardar Legalizar' is clickable

2022-03-09 12:14:54 - [MESSAGE][PASSED] - Object 'Object Repository/Modulo Tarea Administracion Compensacion/Incapacidad/a_Guardar Legalizar' is clickable

2022-03-09 12:14:54 - [TEST_STEP][PASSED] - click(findTestObject("Modulo Tarea Administracion Compensacion/Incapacidad/a_Guardar Legalizar")): Object: 'Object Repository/Modulo Tarea Administracion Compensacion/Incapacidad/a_Guardar Legalizar' is clicked on

2022-03-09 12:14:55 - [MESSAGE][PASSED] - Object: 'Object Repository/Modulo Tarea Administracion Compensacion/Incapacidad/a_Guardar Legalizar' is clicked on

2022-03-09 12:14:55 - [TEST_STEP][PASSED] - getText(findTestObject("Alerta/Alerta")): Text of object 'Object Repository/Alerta/Alerta' is: 'Se modifico exitosamente su solicitud'

2022-03-09 12:14:55 - [MESSAGE][PASSED] - Text of object 'Object Repository/Alerta/Alerta' is: 'Se modifico exitosamente su solicitud']]></system-out>
         <system-err><![CDATA[]]></system-err>
      </testcase>
      <testcase name="Test Cases/1.1-Tareas Principales/1.2.5-Solicitud_Certificado" time="79.944" classname="Test Cases/1.1-Tareas Principales/1.2.5-Solicitud_Certificado" status="FAILED">
         <failure type="FAILED" message="Test Cases/1.1-Tareas Principales/1.2.5-Solicitud_Certificado FAILED.
Reason:
com.kms.katalon.core.exception.StepFailedException: Unable to click on object 'Object Repository/Modulo Tarea Administracion Compensacion/Solicitud certificado/a_Eliminar'
	at com.kms.katalon.core.webui.keyword.internal.WebUIKeywordMain.stepFailed(WebUIKeywordMain.groovy:64)
	at com.kms.katalon.core.webui.keyword.internal.WebUIKeywordMain.runKeyword(WebUIKeywordMain.groovy:26)
	at com.kms.katalon.core.webui.keyword.builtin.ClickKeyword.click(ClickKeyword.groovy:74)
	at com.kms.katalon.core.webui.keyword.builtin.ClickKeyword.execute(ClickKeyword.groovy:40)
	at com.kms.katalon.core.keyword.internal.KeywordExecutor.executeKeywordForPlatform(KeywordExecutor.groovy:74)
	at com.kms.katalon.core.webui.keyword.WebUiBuiltInKeywords.click(WebUiBuiltInKeywords.groovy:620)
	at com.kms.katalon.core.webui.keyword.WebUiBuiltInKeywords$click$5.call(Unknown Source)
	at 1.2.5-Solicitud_Certificado.run(1.2.5-Solicitud_Certificado:43)
	at com.kms.katalon.core.main.ScriptEngine.run(ScriptEngine.java:194)
	at com.kms.katalon.core.main.ScriptEngine.runScriptAsRawText(ScriptEngine.java:119)
	at com.kms.katalon.core.main.TestCaseExecutor.runScript(TestCaseExecutor.java:442)
	at com.kms.katalon.core.main.TestCaseExecutor.doExecute(TestCaseExecutor.java:433)
	at com.kms.katalon.core.main.TestCaseExecutor.processExecutionPhase(TestCaseExecutor.java:412)
	at com.kms.katalon.core.main.TestCaseExecutor.accessMainPhase(TestCaseExecutor.java:404)
	at com.kms.katalon.core.main.TestCaseExecutor.execute(TestCaseExecutor.java:281)
	at com.kms.katalon.core.main.TestSuiteExecutor.accessTestCaseMainPhase(TestSuiteExecutor.java:202)
	at com.kms.katalon.core.main.TestSuiteExecutor.accessTestSuiteMainPhase(TestSuiteExecutor.java:164)
	at com.kms.katalon.core.main.TestSuiteExecutor.execute(TestSuiteExecutor.java:105)
	at com.kms.katalon.core.main.TestCaseMain.startTestSuite(TestCaseMain.java:185)
	at com.kms.katalon.core.main.TestCaseMain$startTestSuite$0.call(Unknown Source)
	at TempTestSuite1646845129657.run(TempTestSuite1646845129657.groovy:36)
Caused by: org.openqa.selenium.ElementNotInteractableException: element not interactable
  (Session info: chrome=99.0.4844.51)
Build info: version: '3.141.59', revision: 'e82be7d358', time: '2018-11-14T08:25:53'
System info: host: 'US-AF-000371', ip: '192.168.56.1', os.name: 'Windows 10', os.arch: 'amd64', os.version: '10.0', java.version: '1.8.0_282'
Driver info: com.kms.katalon.selenium.driver.CChromeDriver
Capabilities {acceptInsecureCerts: false, browserName: chrome, browserVersion: 99.0.4844.51, chrome: {chromedriverVersion: 99.0.4844.51 (d537ec02474b5..., userDataDir: C:\Users\DIEGO~1.ROJ\AppDat...}, goog:chromeOptions: {debuggerAddress: localhost:63832}, javascriptEnabled: true, networkConnectionEnabled: false, pageLoadStrategy: normal, platform: WINDOWS, platformName: WINDOWS, proxy: Proxy(), setWindowRect: true, strictFileInteractability: false, timeouts: {implicit: 0, pageLoad: 300000, script: 30000}, unhandledPromptBehavior: dismiss and notify, webauthn:extension:credBlob: true, webauthn:extension:largeBlob: true, webauthn:virtualAuthenticators: true}
Session ID: 70b4f330c93c29417b4d6d59e82587fc
	at org.openqa.selenium.remote.http.W3CHttpResponseCodec.createException(W3CHttpResponseCodec.java:187)
	at org.openqa.selenium.remote.http.W3CHttpResponseCodec.decode(W3CHttpResponseCodec.java:122)
	at org.openqa.selenium.remote.http.W3CHttpResponseCodec.decode(W3CHttpResponseCodec.java:49)
	at org.openqa.selenium.remote.HttpCommandExecutor.execute(HttpCommandExecutor.java:158)
	at org.openqa.selenium.remote.service.DriverCommandExecutor.execute(DriverCommandExecutor.java:83)
	at org.openqa.selenium.remote.RemoteWebDriver.execute(RemoteWebDriver.java:552)
	at com.kms.katalon.selenium.driver.CChromeDriver.execute(CChromeDriver.java:19)
	at org.openqa.selenium.remote.RemoteWebElement.execute(RemoteWebElement.java:285)
	at org.openqa.selenium.remote.RemoteWebElement.click(RemoteWebElement.java:84)
	at org.openqa.selenium.support.events.EventFiringWebDriver$EventFiringWebElement.lambda$new$0(EventFiringWebDriver.java:404)
	at com.sun.proxy.$Proxy11.click(Unknown Source)
	at org.openqa.selenium.support.events.EventFiringWebDriver$EventFiringWebElement.click(EventFiringWebDriver.java:417)
	at org.openqa.selenium.WebElement$click$0.call(Unknown Source)
	at com.kms.katalon.core.webui.keyword.builtin.ClickKeyword.clickUntilSuccessWithTimeout(ClickKeyword.groovy:81)
	at com.kms.katalon.core.webui.keyword.builtin.ClickKeyword.clickUntilSuccessWithTimeout(ClickKeyword.groovy)
	at com.kms.katalon.core.webui.keyword.builtin.ClickKeyword$_click_closure1.doCall(ClickKeyword.groovy:67)
	at com.kms.katalon.core.webui.keyword.builtin.ClickKeyword$_click_closure1.call(ClickKeyword.groovy)
	at com.kms.katalon.core.webui.keyword.internal.WebUIKeywordMain.runKeyword(WebUIKeywordMain.groovy:20)
	... 19 more
"/>
         <system-out><![CDATA[2022-03-09 12:14:55 - [TEST_CASE][FAILED] - Test Cases/1.1-Tareas Principales/1.2.5-Solicitud_Certificado: Test Cases/1.1-Tareas Principales/1.2.5-Solicitud_Certificado FAILED.
Reason:
com.kms.katalon.core.exception.StepFailedException: Unable to click on object 'Object Repository/Modulo Tarea Administracion Compensacion/Solicitud certificado/a_Eliminar'
	at com.kms.katalon.core.webui.keyword.internal.WebUIKeywordMain.stepFailed(WebUIKeywordMain.groovy:64)
	at com.kms.katalon.core.webui.keyword.internal.WebUIKeywordMain.runKeyword(WebUIKeywordMain.groovy:26)
	at com.kms.katalon.core.webui.keyword.builtin.ClickKeyword.click(ClickKeyword.groovy:74)
	at com.kms.katalon.core.webui.keyword.builtin.ClickKeyword.execute(ClickKeyword.groovy:40)
	at com.kms.katalon.core.keyword.internal.KeywordExecutor.executeKeywordForPlatform(KeywordExecutor.groovy:74)
	at com.kms.katalon.core.webui.keyword.WebUiBuiltInKeywords.click(WebUiBuiltInKeywords.groovy:620)
	at com.kms.katalon.core.webui.keyword.WebUiBuiltInKeywords$click$5.call(Unknown Source)
	at 1.2.5-Solicitud_Certificado.run(1.2.5-Solicitud_Certificado:43)
	at com.kms.katalon.core.main.ScriptEngine.run(ScriptEngine.java:194)
	at com.kms.katalon.core.main.ScriptEngine.runScriptAsRawText(ScriptEngine.java:119)
	at com.kms.katalon.core.main.TestCaseExecutor.runScript(TestCaseExecutor.java:442)
	at com.kms.katalon.core.main.TestCaseExecutor.doExecute(TestCaseExecutor.java:433)
	at com.kms.katalon.core.main.TestCaseExecutor.processExecutionPhase(TestCaseExecutor.java:412)
	at com.kms.katalon.core.main.TestCaseExecutor.accessMainPhase(TestCaseExecutor.java:404)
	at com.kms.katalon.core.main.TestCaseExecutor.execute(TestCaseExecutor.java:281)
	at com.kms.katalon.core.main.TestSuiteExecutor.accessTestCaseMainPhase(TestSuiteExecutor.java:202)
	at com.kms.katalon.core.main.TestSuiteExecutor.accessTestSuiteMainPhase(TestSuiteExecutor.java:164)
	at com.kms.katalon.core.main.TestSuiteExecutor.execute(TestSuiteExecutor.java:105)
	at com.kms.katalon.core.main.TestCaseMain.startTestSuite(TestCaseMain.java:185)
	at com.kms.katalon.core.main.TestCaseMain$startTestSuite$0.call(Unknown Source)
	at TempTestSuite1646845129657.run(TempTestSuite1646845129657.groovy:36)
Caused by: org.openqa.selenium.ElementNotInteractableException: element not interactable
  (Session info: chrome=99.0.4844.51)
Build info: version: '3.141.59', revision: 'e82be7d358', time: '2018-11-14T08:25:53'
System info: host: 'US-AF-000371', ip: '192.168.56.1', os.name: 'Windows 10', os.arch: 'amd64', os.version: '10.0', java.version: '1.8.0_282'
Driver info: com.kms.katalon.selenium.driver.CChromeDriver
Capabilities {acceptInsecureCerts: false, browserName: chrome, browserVersion: 99.0.4844.51, chrome: {chromedriverVersion: 99.0.4844.51 (d537ec02474b5..., userDataDir: C:\Users\DIEGO~1.ROJ\AppDat...}, goog:chromeOptions: {debuggerAddress: localhost:63832}, javascriptEnabled: true, networkConnectionEnabled: false, pageLoadStrategy: normal, platform: WINDOWS, platformName: WINDOWS, proxy: Proxy(), setWindowRect: true, strictFileInteractability: false, timeouts: {implicit: 0, pageLoad: 300000, script: 30000}, unhandledPromptBehavior: dismiss and notify, webauthn:extension:credBlob: true, webauthn:extension:largeBlob: true, webauthn:virtualAuthenticators: true}
Session ID: 70b4f330c93c29417b4d6d59e82587fc
	at org.openqa.selenium.remote.http.W3CHttpResponseCodec.createException(W3CHttpResponseCodec.java:187)
	at org.openqa.selenium.remote.http.W3CHttpResponseCodec.decode(W3CHttpResponseCodec.java:122)
	at org.openqa.selenium.remote.http.W3CHttpResponseCodec.decode(W3CHttpResponseCodec.java:49)
	at org.openqa.selenium.remote.HttpCommandExecutor.execute(HttpCommandExecutor.java:158)
	at org.openqa.selenium.remote.service.DriverCommandExecutor.execute(DriverCommandExecutor.java:83)
	at org.openqa.selenium.remote.RemoteWebDriver.execute(RemoteWebDriver.java:552)
	at com.kms.katalon.selenium.driver.CChromeDriver.execute(CChromeDriver.java:19)
	at org.openqa.selenium.remote.RemoteWebElement.execute(RemoteWebElement.java:285)
	at org.openqa.selenium.remote.RemoteWebElement.click(RemoteWebElement.java:84)
	at org.openqa.selenium.support.events.EventFiringWebDriver$EventFiringWebElement.lambda$new$0(EventFiringWebDriver.java:404)
	at com.sun.proxy.$Proxy11.click(Unknown Source)
	at org.openqa.selenium.support.events.EventFiringWebDriver$EventFiringWebElement.click(EventFiringWebDriver.java:417)
	at org.openqa.selenium.WebElement$click$0.call(Unknown Source)
	at com.kms.katalon.core.webui.keyword.builtin.ClickKeyword.clickUntilSuccessWithTimeout(ClickKeyword.groovy:81)
	at com.kms.katalon.core.webui.keyword.builtin.ClickKeyword.clickUntilSuccessWithTimeout(ClickKeyword.groovy)
	at com.kms.katalon.core.webui.keyword.builtin.ClickKeyword$_click_closure1.doCall(ClickKeyword.groovy:67)
	at com.kms.katalon.core.webui.keyword.builtin.ClickKeyword$_click_closure1.call(ClickKeyword.groovy)
	at com.kms.katalon.core.webui.keyword.internal.WebUIKeywordMain.runKeyword(WebUIKeywordMain.groovy:20)
	... 19 more


2022-03-09 12:14:56 - [TEST_STEP][PASSED] - callTestCase(findTestCase("Utilidades-(atajos_para _tareas)/Tareas Administracion Compensacion/Tarea Listado Empleados"), [:], STOP_ON_FAILURE): Call Test Case 'Test Cases/Utilidades-(atajos_para _tareas)/Tareas Administracion Compensacion/Tarea Listado Empleados' successfully

2022-03-09 12:14:56 - [TEST_CASE][PASSED] - Test Cases/Utilidades-(atajos_para _tareas)/Tareas Administracion Compensacion/Tarea Listado Empleados: Test Cases/Utilidades-(atajos_para _tareas)/Tareas Administracion Compensacion/Tarea Listado Empleados

2022-03-09 12:14:56 - [TEST_STEP][PASSED] - callTestCase(findTestCase("0.1-Login"), [:], STOP_ON_FAILURE): Call Test Case 'Test Cases/0.1-Login' successfully

2022-03-09 12:14:56 - [TEST_CASE][PASSED] - Test Cases/0.1-Login: Test Cases/0.1-Login

2022-03-09 12:14:56 - [TEST_STEP][PASSED] - openBrowser(""): Browser is opened with url: ''

2022-03-09 12:14:56 - [MESSAGE][WARNING] - A browser is already opened. Closing browser and opening a new one

2022-03-09 12:14:57 - [MESSAGE][INFO] - Starting 'Chrome' driver

2022-03-09 12:14:57 - [MESSAGE][INFO] - Action delay is set to 0 milliseconds

2022-03-09 12:14:59 - [MESSAGE][PASSED] - Browser is opened with url: ''

2022-03-09 12:14:59 - [TEST_STEP][PASSED] - maximizeWindow(): Current window maximized

2022-03-09 12:14:59 - [MESSAGE][PASSED] - Current window maximized

2022-03-09 12:14:59 - [TEST_STEP][PASSED] - i = G_Login: null

2022-03-09 12:14:59 - [TEST_STEP][PASSED] - url = new java.net.URL(i): null

2022-03-09 12:14:59 - [TEST_STEP][PASSED] - println("URL: " + url.toString()): null

2022-03-09 12:14:59 - [TEST_STEP][PASSED] - connection = url.openConnection(): null

2022-03-09 12:14:59 - [TEST_STEP][PASSED] - connection.setRequestMethod("GET"): null

2022-03-09 12:14:59 - [TEST_STEP][PASSED] - connection.setReadTimeout(2 * 1000): null

2022-03-09 12:14:59 - [TEST_STEP][PASSED] - try: null

2022-03-09 12:14:59 - [TEST_STEP][PASSED] - connection.connect(): null

2022-03-09 12:14:59 - [TEST_STEP][PASSED] - flag = connected: null

2022-03-09 12:14:59 - [TEST_STEP][PASSED] - println("Valor_ori: " + flag): null

2022-03-09 12:14:59 - [TEST_STEP][PASSED] - if (flag): null

2022-03-09 12:14:59 - [TEST_STEP][PASSED] - navigateToUrl(i): Navigate to 'http://192.168.2.80:8380/saraweb' successfully

2022-03-09 12:15:00 - [MESSAGE][PASSED] - Navigate to 'http://192.168.2.80:8380/saraweb' successfully

2022-03-09 12:15:00 - [TEST_STEP][PASSED] - a(): null

2022-03-09 12:15:00 - [TEST_STEP][PASSED] - setText(findTestObject("Login/input_USUARIO_loginusuario"), G_Usuario): Text 'saraadmin' is set on object 'Object Repository/Login/input_USUARIO_loginusuario'

2022-03-09 12:15:01 - [MESSAGE][PASSED] - Text 'saraadmin' is set on object 'Object Repository/Login/input_USUARIO_loginusuario'

2022-03-09 12:15:01 - [TEST_STEP][PASSED] - setEncryptedText(findTestObject("Login/input_CLAVE_loginpassword"), "MkG4/TYiCFC3cb2driP7+Q=="): Text ****** has been set on object 'Object Repository/Login/input_CLAVE_loginpassword'

2022-03-09 12:15:01 - [MESSAGE][PASSED] - Text ****** has been set on object 'Object Repository/Login/input_CLAVE_loginpassword'

2022-03-09 12:15:01 - [TEST_STEP][PASSED] - waitForElementClickable(findTestObject("Login/a_Ingresar"), G_TimeOut): Object 'Object Repository/Login/a_Ingresar' is clickable

2022-03-09 12:15:02 - [MESSAGE][PASSED] - Object 'Object Repository/Login/a_Ingresar' is clickable

2022-03-09 12:15:02 - [TEST_STEP][PASSED] - click(findTestObject("Login/a_Ingresar")): Object: 'Object Repository/Login/a_Ingresar' is clicked on

2022-03-09 12:15:03 - [MESSAGE][PASSED] - Object: 'Object Repository/Login/a_Ingresar' is clicked on

2022-03-09 12:15:03 - [TEST_STEP][PASSED] - element = findWebElement(findTestObject("Login/a_Ir"), 30): null

2022-03-09 12:15:03 - [TEST_STEP][PASSED] - executeJavaScript("arguments[0].click()", Arrays.asList(element)): Execute JavaScript 'arguments[0].click()' successfully

2022-03-09 12:15:03 - [MESSAGE][PASSED] - Execute JavaScript 'arguments[0].click()' successfully

2022-03-09 12:15:03 - [MESSAGE][PASSED] - Call Test Case 'Test Cases/0.1-Login' successfully

2022-03-09 12:15:03 - [TEST_STEP][PASSED] - setText(findTestObject("Modulo Tarea Listado Hojas de Vida/Tareas Listado Hojas de Vida/input_Listado Hojas De Vida_form_templatej_idt24_input"), "Listado de Empleados"): Text 'Listado de Empleados' is set on object 'Object Repository/Modulo Tarea Listado Hojas de Vida/Tareas Listado Hojas de Vida/input_Listado Hojas De Vida_form_templatej_idt24_input'

2022-03-09 12:15:05 - [MESSAGE][PASSED] - Text 'Listado de Empleados' is set on object 'Object Repository/Modulo Tarea Listado Hojas de Vida/Tareas Listado Hojas de Vida/input_Listado Hojas De Vida_form_templatej_idt24_input'

2022-03-09 12:15:05 - [TEST_STEP][PASSED] - delay(3): Delayed 3 second(s)

2022-03-09 12:15:08 - [MESSAGE][PASSED] - Delayed 3 second(s)

2022-03-09 12:15:08 - [TEST_STEP][PASSED] - sendKeys(findTestObject("Modulo Tarea Listado Hojas de Vida/Tareas Listado Hojas de Vida/input_Listado Hojas De Vida_form_templatej_idt24_input"), Keys.chord(ENTER)): Keys 'ENTER + ' sent to object: 'Object Repository/Modulo Tarea Listado Hojas de Vida/Tareas Listado Hojas de Vida/input_Listado Hojas De Vida_form_templatej_idt24_input'

2022-03-09 12:15:08 - [MESSAGE][PASSED] - Keys 'ENTER + ' sent to object: 'Object Repository/Modulo Tarea Listado Hojas de Vida/Tareas Listado Hojas de Vida/input_Listado Hojas De Vida_form_templatej_idt24_input'

2022-03-09 12:15:08 - [MESSAGE][PASSED] - Call Test Case 'Test Cases/Utilidades-(atajos_para _tareas)/Tareas Administracion Compensacion/Tarea Listado Empleados' successfully

2022-03-09 12:15:08 - [TEST_STEP][PASSED] - waitForElementClickable(findTestObject("Modulo Tarea Administracion Compensacion/Solicitud certificado/input_Identificacin_listadoEmp"), 0): Object 'Object Repository/Modulo Tarea Administracion Compensacion/Solicitud certificado/input_Identificacin_listadoEmp' is clickable

2022-03-09 12:15:08 - [MESSAGE][WARNING] - Timeout '0' is invalid. Using default page load timeout: '30'

2022-03-09 12:15:11 - [MESSAGE][PASSED] - Object 'Object Repository/Modulo Tarea Administracion Compensacion/Solicitud certificado/input_Identificacin_listadoEmp' is clickable

2022-03-09 12:15:11 - [TEST_STEP][PASSED] - setText(findTestObject("Modulo Tarea Administracion Compensacion/Solicitud certificado/input_Identificacin_listadoEmp"), "354968431354"): Text '354968431354' is set on object 'Object Repository/Modulo Tarea Administracion Compensacion/Solicitud certificado/input_Identificacin_listadoEmp'

2022-03-09 12:15:12 - [MESSAGE][PASSED] - Text '354968431354' is set on object 'Object Repository/Modulo Tarea Administracion Compensacion/Solicitud certificado/input_Identificacin_listadoEmp'

2022-03-09 12:15:12 - [TEST_STEP][PASSED] - sendKeys(findTestObject("Modulo Tarea Administracion Compensacion/Solicitud certificado/input_Identificacin_listadoEmp"), Keys.chord(ENTER)): Keys 'ENTER + ' sent to object: 'Object Repository/Modulo Tarea Administracion Compensacion/Solicitud certificado/input_Identificacin_listadoEmp'

2022-03-09 12:15:12 - [MESSAGE][PASSED] - Keys 'ENTER + ' sent to object: 'Object Repository/Modulo Tarea Administracion Compensacion/Solicitud certificado/input_Identificacin_listadoEmp'

2022-03-09 12:15:12 - [TEST_STEP][PASSED] - click(findTestObject("Modulo Tarea Administracion Compensacion/Solicitud certificado/span_CONSTA BELFEGORD JHON")): Object: 'Object Repository/Modulo Tarea Administracion Compensacion/Solicitud certificado/span_CONSTA BELFEGORD JHON' is clicked on

2022-03-09 12:15:13 - [MESSAGE][PASSED] - Object: 'Object Repository/Modulo Tarea Administracion Compensacion/Solicitud certificado/span_CONSTA BELFEGORD JHON' is clicked on

2022-03-09 12:15:13 - [TEST_STEP][PASSED] - click(findTestObject("Modulo Tarea Administracion Compensacion/Solicitud certificado/a_Solicitud")): Object: 'Object Repository/Modulo Tarea Administracion Compensacion/Solicitud certificado/a_Solicitud' is clicked on

2022-03-09 12:15:14 - [MESSAGE][PASSED] - Object: 'Object Repository/Modulo Tarea Administracion Compensacion/Solicitud certificado/a_Solicitud' is clicked on

2022-03-09 12:15:14 - [TEST_STEP][PASSED] - if (waitForElementClickable(findTestObject("Modulo Tarea Administracion Compensacion/Solicitud certificado/span_Certificado Personal Planta_ preexistente"), 1)): null

2022-03-09 12:15:14 - [MESSAGE][PASSED] - Object 'Object Repository/Modulo Tarea Administracion Compensacion/Solicitud certificado/span_Certificado Personal Planta_ preexistente' is clickable

2022-03-09 12:15:14 - [TEST_STEP][PASSED] - click(findTestObject("Modulo Tarea Administracion Compensacion/Solicitud certificado/span_Certificado Personal Planta_ preexistente")): Object: 'Object Repository/Modulo Tarea Administracion Compensacion/Solicitud certificado/span_Certificado Personal Planta_ preexistente' is clicked on

2022-03-09 12:15:15 - [MESSAGE][PASSED] - Object: 'Object Repository/Modulo Tarea Administracion Compensacion/Solicitud certificado/span_Certificado Personal Planta_ preexistente' is clicked on

2022-03-09 12:15:15 - [TEST_STEP][PASSED] - waitForElementClickable(findTestObject("Modulo Tarea Administracion Compensacion/Solicitud certificado/a_Eliminar"), 0): Object 'Object Repository/Modulo Tarea Administracion Compensacion/Solicitud certificado/a_Eliminar' is clickable

2022-03-09 12:15:15 - [MESSAGE][WARNING] - Timeout '0' is invalid. Using default page load timeout: '30'

2022-03-09 12:15:45 - [MESSAGE][PASSED] - Object 'Object Repository/Modulo Tarea Administracion Compensacion/Solicitud certificado/a_Eliminar' is clickable

2022-03-09 12:15:45 - [TEST_STEP][FAILED] - click(findTestObject("Modulo Tarea Administracion Compensacion/Solicitud certificado/a_Eliminar")): Unable to click on object 'Object Repository/Modulo Tarea Administracion Compensacion/Solicitud certificado/a_Eliminar' (Root cause: com.kms.katalon.core.exception.StepFailedException: Unable to click on object 'Object Repository/Modulo Tarea Administracion Compensacion/Solicitud certificado/a_Eliminar'
	at com.kms.katalon.core.webui.keyword.internal.WebUIKeywordMain.stepFailed(WebUIKeywordMain.groovy:64)
	at com.kms.katalon.core.webui.keyword.internal.WebUIKeywordMain.runKeyword(WebUIKeywordMain.groovy:26)
	at com.kms.katalon.core.webui.keyword.builtin.ClickKeyword.click(ClickKeyword.groovy:74)
	at com.kms.katalon.core.webui.keyword.builtin.ClickKeyword.execute(ClickKeyword.groovy:40)
	at com.kms.katalon.core.keyword.internal.KeywordExecutor.executeKeywordForPlatform(KeywordExecutor.groovy:74)
	at com.kms.katalon.core.webui.keyword.WebUiBuiltInKeywords.click(WebUiBuiltInKeywords.groovy:620)
	at com.kms.katalon.core.webui.keyword.WebUiBuiltInKeywords$click$5.call(Unknown Source)
	at 1.2.5-Solicitud_Certificado.run(1.2.5-Solicitud_Certificado:43)
	at com.kms.katalon.core.main.ScriptEngine.run(ScriptEngine.java:194)
	at com.kms.katalon.core.main.ScriptEngine.runScriptAsRawText(ScriptEngine.java:119)
	at com.kms.katalon.core.main.TestCaseExecutor.runScript(TestCaseExecutor.java:442)
	at com.kms.katalon.core.main.TestCaseExecutor.doExecute(TestCaseExecutor.java:433)
	at com.kms.katalon.core.main.TestCaseExecutor.processExecutionPhase(TestCaseExecutor.java:412)
	at com.kms.katalon.core.main.TestCaseExecutor.accessMainPhase(TestCaseExecutor.java:404)
	at com.kms.katalon.core.main.TestCaseExecutor.execute(TestCaseExecutor.java:281)
	at com.kms.katalon.core.main.TestSuiteExecutor.accessTestCaseMainPhase(TestSuiteExecutor.java:202)
	at com.kms.katalon.core.main.TestSuiteExecutor.accessTestSuiteMainPhase(TestSuiteExecutor.java:164)
	at com.kms.katalon.core.main.TestSuiteExecutor.execute(TestSuiteExecutor.java:105)
	at com.kms.katalon.core.main.TestCaseMain.startTestSuite(TestCaseMain.java:185)
	at com.kms.katalon.core.main.TestCaseMain$startTestSuite$0.call(Unknown Source)
	at TempTestSuite1646845129657.run(TempTestSuite1646845129657.groovy:36)
Caused by: org.openqa.selenium.ElementNotInteractableException: element not interactable
  (Session info: chrome=99.0.4844.51)
Build info: version: '3.141.59', revision: 'e82be7d358', time: '2018-11-14T08:25:53'
System info: host: 'US-AF-000371', ip: '192.168.56.1', os.name: 'Windows 10', os.arch: 'amd64', os.version: '10.0', java.version: '1.8.0_282'
Driver info: com.kms.katalon.selenium.driver.CChromeDriver
Capabilities {acceptInsecureCerts: false, browserName: chrome, browserVersion: 99.0.4844.51, chrome: {chromedriverVersion: 99.0.4844.51 (d537ec02474b5..., userDataDir: C:\Users\DIEGO~1.ROJ\AppDat...}, goog:chromeOptions: {debuggerAddress: localhost:63832}, javascriptEnabled: true, networkConnectionEnabled: false, pageLoadStrategy: normal, platform: WINDOWS, platformName: WINDOWS, proxy: Proxy(), setWindowRect: true, strictFileInteractability: false, timeouts: {implicit: 0, pageLoad: 300000, script: 30000}, unhandledPromptBehavior: dismiss and notify, webauthn:extension:credBlob: true, webauthn:extension:largeBlob: true, webauthn:virtualAuthenticators: true}
Session ID: 70b4f330c93c29417b4d6d59e82587fc
	at org.openqa.selenium.remote.http.W3CHttpResponseCodec.createException(W3CHttpResponseCodec.java:187)
	at org.openqa.selenium.remote.http.W3CHttpResponseCodec.decode(W3CHttpResponseCodec.java:122)
	at org.openqa.selenium.remote.http.W3CHttpResponseCodec.decode(W3CHttpResponseCodec.java:49)
	at org.openqa.selenium.remote.HttpCommandExecutor.execute(HttpCommandExecutor.java:158)
	at org.openqa.selenium.remote.service.DriverCommandExecutor.execute(DriverCommandExecutor.java:83)
	at org.openqa.selenium.remote.RemoteWebDriver.execute(RemoteWebDriver.java:552)
	at com.kms.katalon.selenium.driver.CChromeDriver.execute(CChromeDriver.java:19)
	at org.openqa.selenium.remote.RemoteWebElement.execute(RemoteWebElement.java:285)
	at org.openqa.selenium.remote.RemoteWebElement.click(RemoteWebElement.java:84)
	at org.openqa.selenium.support.events.EventFiringWebDriver$EventFiringWebElement.lambda$new$0(EventFiringWebDriver.java:404)
	at com.sun.proxy.$Proxy11.click(Unknown Source)
	at org.openqa.selenium.support.events.EventFiringWebDriver$EventFiringWebElement.click(EventFiringWebDriver.java:417)
	at org.openqa.selenium.WebElement$click$0.call(Unknown Source)
	at com.kms.katalon.core.webui.keyword.builtin.ClickKeyword.clickUntilSuccessWithTimeout(ClickKeyword.groovy:81)
	at com.kms.katalon.core.webui.keyword.builtin.ClickKeyword.clickUntilSuccessWithTimeout(ClickKeyword.groovy)
	at com.kms.katalon.core.webui.keyword.builtin.ClickKeyword$_click_closure1.doCall(ClickKeyword.groovy:67)
	at com.kms.katalon.core.webui.keyword.builtin.ClickKeyword$_click_closure1.call(ClickKeyword.groovy)
	at com.kms.katalon.core.webui.keyword.internal.WebUIKeywordMain.runKeyword(WebUIKeywordMain.groovy:20)
	at com.kms.katalon.core.webui.keyword.builtin.ClickKeyword.click(ClickKeyword.groovy:74)
	at com.kms.katalon.core.webui.keyword.builtin.ClickKeyword.execute(ClickKeyword.groovy:40)
	at com.kms.katalon.core.keyword.internal.KeywordExecutor.executeKeywordForPlatform(KeywordExecutor.groovy:74)
	at com.kms.katalon.core.webui.keyword.WebUiBuiltInKeywords.click(WebUiBuiltInKeywords.groovy:620)
	at com.kms.katalon.core.webui.keyword.WebUiBuiltInKeywords$click$5.call(Unknown Source)
	at Script1644933646750.run(Script1644933646750.groovy:43)
	... 13 more
)

2022-03-09 12:16:15 - [MESSAGE][FAILED] - Unable to click on object 'Object Repository/Modulo Tarea Administracion Compensacion/Solicitud certificado/a_Eliminar' (Root cause: com.kms.katalon.core.exception.StepFailedException: Unable to click on object 'Object Repository/Modulo Tarea Administracion Compensacion/Solicitud certificado/a_Eliminar'
	at com.kms.katalon.core.webui.keyword.internal.WebUIKeywordMain.stepFailed(WebUIKeywordMain.groovy:64)
	at com.kms.katalon.core.webui.keyword.internal.WebUIKeywordMain.runKeyword(WebUIKeywordMain.groovy:26)
	at com.kms.katalon.core.webui.keyword.builtin.ClickKeyword.click(ClickKeyword.groovy:74)
	at com.kms.katalon.core.webui.keyword.builtin.ClickKeyword.execute(ClickKeyword.groovy:40)
	at com.kms.katalon.core.keyword.internal.KeywordExecutor.executeKeywordForPlatform(KeywordExecutor.groovy:74)
	at com.kms.katalon.core.webui.keyword.WebUiBuiltInKeywords.click(WebUiBuiltInKeywords.groovy:620)
	at com.kms.katalon.core.webui.keyword.WebUiBuiltInKeywords$click$5.call(Unknown Source)
	at 1.2.5-Solicitud_Certificado.run(1.2.5-Solicitud_Certificado:43)
	at com.kms.katalon.core.main.ScriptEngine.run(ScriptEngine.java:194)
	at com.kms.katalon.core.main.ScriptEngine.runScriptAsRawText(ScriptEngine.java:119)
	at com.kms.katalon.core.main.TestCaseExecutor.runScript(TestCaseExecutor.java:442)
	at com.kms.katalon.core.main.TestCaseExecutor.doExecute(TestCaseExecutor.java:433)
	at com.kms.katalon.core.main.TestCaseExecutor.processExecutionPhase(TestCaseExecutor.java:412)
	at com.kms.katalon.core.main.TestCaseExecutor.accessMainPhase(TestCaseExecutor.java:404)
	at com.kms.katalon.core.main.TestCaseExecutor.execute(TestCaseExecutor.java:281)
	at com.kms.katalon.core.main.TestSuiteExecutor.accessTestCaseMainPhase(TestSuiteExecutor.java:202)
	at com.kms.katalon.core.main.TestSuiteExecutor.accessTestSuiteMainPhase(TestSuiteExecutor.java:164)
	at com.kms.katalon.core.main.TestSuiteExecutor.execute(TestSuiteExecutor.java:105)
	at com.kms.katalon.core.main.TestCaseMain.startTestSuite(TestCaseMain.java:185)
	at com.kms.katalon.core.main.TestCaseMain$startTestSuite$0.call(Unknown Source)
	at TempTestSuite1646845129657.run(TempTestSuite1646845129657.groovy:36)
Caused by: org.openqa.selenium.ElementNotInteractableException: element not interactable
  (Session info: chrome=99.0.4844.51)
Build info: version: '3.141.59', revision: 'e82be7d358', time: '2018-11-14T08:25:53'
System info: host: 'US-AF-000371', ip: '192.168.56.1', os.name: 'Windows 10', os.arch: 'amd64', os.version: '10.0', java.version: '1.8.0_282'
Driver info: com.kms.katalon.selenium.driver.CChromeDriver
Capabilities {acceptInsecureCerts: false, browserName: chrome, browserVersion: 99.0.4844.51, chrome: {chromedriverVersion: 99.0.4844.51 (d537ec02474b5..., userDataDir: C:\Users\DIEGO~1.ROJ\AppDat...}, goog:chromeOptions: {debuggerAddress: localhost:63832}, javascriptEnabled: true, networkConnectionEnabled: false, pageLoadStrategy: normal, platform: WINDOWS, platformName: WINDOWS, proxy: Proxy(), setWindowRect: true, strictFileInteractability: false, timeouts: {implicit: 0, pageLoad: 300000, script: 30000}, unhandledPromptBehavior: dismiss and notify, webauthn:extension:credBlob: true, webauthn:extension:largeBlob: true, webauthn:virtualAuthenticators: true}
Session ID: 70b4f330c93c29417b4d6d59e82587fc
	at org.openqa.selenium.remote.http.W3CHttpResponseCodec.createException(W3CHttpResponseCodec.java:187)
	at org.openqa.selenium.remote.http.W3CHttpResponseCodec.decode(W3CHttpResponseCodec.java:122)
	at org.openqa.selenium.remote.http.W3CHttpResponseCodec.decode(W3CHttpResponseCodec.java:49)
	at org.openqa.selenium.remote.HttpCommandExecutor.execute(HttpCommandExecutor.java:158)
	at org.openqa.selenium.remote.service.DriverCommandExecutor.execute(DriverCommandExecutor.java:83)
	at org.openqa.selenium.remote.RemoteWebDriver.execute(RemoteWebDriver.java:552)
	at com.kms.katalon.selenium.driver.CChromeDriver.execute(CChromeDriver.java:19)
	at org.openqa.selenium.remote.RemoteWebElement.execute(RemoteWebElement.java:285)
	at org.openqa.selenium.remote.RemoteWebElement.click(RemoteWebElement.java:84)
	at org.openqa.selenium.support.events.EventFiringWebDriver$EventFiringWebElement.lambda$new$0(EventFiringWebDriver.java:404)
	at com.sun.proxy.$Proxy11.click(Unknown Source)
	at org.openqa.selenium.support.events.EventFiringWebDriver$EventFiringWebElement.click(EventFiringWebDriver.java:417)
	at org.openqa.selenium.WebElement$click$0.call(Unknown Source)
	at com.kms.katalon.core.webui.keyword.builtin.ClickKeyword.clickUntilSuccessWithTimeout(ClickKeyword.groovy:81)
	at com.kms.katalon.core.webui.keyword.builtin.ClickKeyword.clickUntilSuccessWithTimeout(ClickKeyword.groovy)
	at com.kms.katalon.core.webui.keyword.builtin.ClickKeyword$_click_closure1.doCall(ClickKeyword.groovy:67)
	at com.kms.katalon.core.webui.keyword.builtin.ClickKeyword$_click_closure1.call(ClickKeyword.groovy)
	at com.kms.katalon.core.webui.keyword.internal.WebUIKeywordMain.runKeyword(WebUIKeywordMain.groovy:20)
	at com.kms.katalon.core.webui.keyword.builtin.ClickKeyword.click(ClickKeyword.groovy:74)
	at com.kms.katalon.core.webui.keyword.builtin.ClickKeyword.execute(ClickKeyword.groovy:40)
	at com.kms.katalon.core.keyword.internal.KeywordExecutor.executeKeywordForPlatform(KeywordExecutor.groovy:74)
	at com.kms.katalon.core.webui.keyword.WebUiBuiltInKeywords.click(WebUiBuiltInKeywords.groovy:620)
	at com.kms.katalon.core.webui.keyword.WebUiBuiltInKeywords$click$5.call(Unknown Source)
	at Script1644933646750.run(Script1644933646750.groovy:43)
	... 13 more
)
[[ATTACHMENT|C:\\Users\\diego.rojas\\git\\Pruebas-Minimas\\Reports\\20220309_115823\\1-Tareas Principales\\20220309_115849\\1646846175644.png]]]]></system-out>
         <system-err><![CDATA[2022-03-09 12:14:55 - [TEST_CASE][FAILED] - Test Cases/1.1-Tareas Principales/1.2.5-Solicitud_Certificado: Test Cases/1.1-Tareas Principales/1.2.5-Solicitud_Certificado FAILED.
Reason:
com.kms.katalon.core.exception.StepFailedException: Unable to click on object 'Object Repository/Modulo Tarea Administracion Compensacion/Solicitud certificado/a_Eliminar'
	at com.kms.katalon.core.webui.keyword.internal.WebUIKeywordMain.stepFailed(WebUIKeywordMain.groovy:64)
	at com.kms.katalon.core.webui.keyword.internal.WebUIKeywordMain.runKeyword(WebUIKeywordMain.groovy:26)
	at com.kms.katalon.core.webui.keyword.builtin.ClickKeyword.click(ClickKeyword.groovy:74)
	at com.kms.katalon.core.webui.keyword.builtin.ClickKeyword.execute(ClickKeyword.groovy:40)
	at com.kms.katalon.core.keyword.internal.KeywordExecutor.executeKeywordForPlatform(KeywordExecutor.groovy:74)
	at com.kms.katalon.core.webui.keyword.WebUiBuiltInKeywords.click(WebUiBuiltInKeywords.groovy:620)
	at com.kms.katalon.core.webui.keyword.WebUiBuiltInKeywords$click$5.call(Unknown Source)
	at 1.2.5-Solicitud_Certificado.run(1.2.5-Solicitud_Certificado:43)
	at com.kms.katalon.core.main.ScriptEngine.run(ScriptEngine.java:194)
	at com.kms.katalon.core.main.ScriptEngine.runScriptAsRawText(ScriptEngine.java:119)
	at com.kms.katalon.core.main.TestCaseExecutor.runScript(TestCaseExecutor.java:442)
	at com.kms.katalon.core.main.TestCaseExecutor.doExecute(TestCaseExecutor.java:433)
	at com.kms.katalon.core.main.TestCaseExecutor.processExecutionPhase(TestCaseExecutor.java:412)
	at com.kms.katalon.core.main.TestCaseExecutor.accessMainPhase(TestCaseExecutor.java:404)
	at com.kms.katalon.core.main.TestCaseExecutor.execute(TestCaseExecutor.java:281)
	at com.kms.katalon.core.main.TestSuiteExecutor.accessTestCaseMainPhase(TestSuiteExecutor.java:202)
	at com.kms.katalon.core.main.TestSuiteExecutor.accessTestSuiteMainPhase(TestSuiteExecutor.java:164)
	at com.kms.katalon.core.main.TestSuiteExecutor.execute(TestSuiteExecutor.java:105)
	at com.kms.katalon.core.main.TestCaseMain.startTestSuite(TestCaseMain.java:185)
	at com.kms.katalon.core.main.TestCaseMain$startTestSuite$0.call(Unknown Source)
	at TempTestSuite1646845129657.run(TempTestSuite1646845129657.groovy:36)
Caused by: org.openqa.selenium.ElementNotInteractableException: element not interactable
  (Session info: chrome=99.0.4844.51)
Build info: version: '3.141.59', revision: 'e82be7d358', time: '2018-11-14T08:25:53'
System info: host: 'US-AF-000371', ip: '192.168.56.1', os.name: 'Windows 10', os.arch: 'amd64', os.version: '10.0', java.version: '1.8.0_282'
Driver info: com.kms.katalon.selenium.driver.CChromeDriver
Capabilities {acceptInsecureCerts: false, browserName: chrome, browserVersion: 99.0.4844.51, chrome: {chromedriverVersion: 99.0.4844.51 (d537ec02474b5..., userDataDir: C:\Users\DIEGO~1.ROJ\AppDat...}, goog:chromeOptions: {debuggerAddress: localhost:63832}, javascriptEnabled: true, networkConnectionEnabled: false, pageLoadStrategy: normal, platform: WINDOWS, platformName: WINDOWS, proxy: Proxy(), setWindowRect: true, strictFileInteractability: false, timeouts: {implicit: 0, pageLoad: 300000, script: 30000}, unhandledPromptBehavior: dismiss and notify, webauthn:extension:credBlob: true, webauthn:extension:largeBlob: true, webauthn:virtualAuthenticators: true}
Session ID: 70b4f330c93c29417b4d6d59e82587fc
	at org.openqa.selenium.remote.http.W3CHttpResponseCodec.createException(W3CHttpResponseCodec.java:187)
	at org.openqa.selenium.remote.http.W3CHttpResponseCodec.decode(W3CHttpResponseCodec.java:122)
	at org.openqa.selenium.remote.http.W3CHttpResponseCodec.decode(W3CHttpResponseCodec.java:49)
	at org.openqa.selenium.remote.HttpCommandExecutor.execute(HttpCommandExecutor.java:158)
	at org.openqa.selenium.remote.service.DriverCommandExecutor.execute(DriverCommandExecutor.java:83)
	at org.openqa.selenium.remote.RemoteWebDriver.execute(RemoteWebDriver.java:552)
	at com.kms.katalon.selenium.driver.CChromeDriver.execute(CChromeDriver.java:19)
	at org.openqa.selenium.remote.RemoteWebElement.execute(RemoteWebElement.java:285)
	at org.openqa.selenium.remote.RemoteWebElement.click(RemoteWebElement.java:84)
	at org.openqa.selenium.support.events.EventFiringWebDriver$EventFiringWebElement.lambda$new$0(EventFiringWebDriver.java:404)
	at com.sun.proxy.$Proxy11.click(Unknown Source)
	at org.openqa.selenium.support.events.EventFiringWebDriver$EventFiringWebElement.click(EventFiringWebDriver.java:417)
	at org.openqa.selenium.WebElement$click$0.call(Unknown Source)
	at com.kms.katalon.core.webui.keyword.builtin.ClickKeyword.clickUntilSuccessWithTimeout(ClickKeyword.groovy:81)
	at com.kms.katalon.core.webui.keyword.builtin.ClickKeyword.clickUntilSuccessWithTimeout(ClickKeyword.groovy)
	at com.kms.katalon.core.webui.keyword.builtin.ClickKeyword$_click_closure1.doCall(ClickKeyword.groovy:67)
	at com.kms.katalon.core.webui.keyword.builtin.ClickKeyword$_click_closure1.call(ClickKeyword.groovy)
	at com.kms.katalon.core.webui.keyword.internal.WebUIKeywordMain.runKeyword(WebUIKeywordMain.groovy:20)
	... 19 more]]></system-err>
      </testcase>
      <testcase name="Test Cases/1.1-Tareas Principales/1.2.6-Legalizar Solicitud Nov Empelado" time="79.961" classname="Test Cases/1.1-Tareas Principales/1.2.6-Legalizar Solicitud Nov Empelado" status="PASSED">
         <system-out><![CDATA[2022-03-09 12:16:15 - [TEST_CASE][PASSED] - Test Cases/1.1-Tareas Principales/1.2.6-Legalizar Solicitud Nov Empelado: Test Cases/1.1-Tareas Principales/1.2.6-Legalizar Solicitud Nov Empelado

2022-03-09 12:16:16 - [TEST_STEP][PASSED] - callTestCase(findTestCase("Utilidades-(atajos_para _tareas)/Tareas Administracion Compensacion/Tarea Aplicacion Nov. Empleado"), [:], STOP_ON_FAILURE): Call Test Case 'Test Cases/Utilidades-(atajos_para _tareas)/Tareas Administracion Compensacion/Tarea Aplicacion Nov. Empleado' successfully

2022-03-09 12:16:16 - [TEST_CASE][PASSED] - Test Cases/Utilidades-(atajos_para _tareas)/Tareas Administracion Compensacion/Tarea Aplicacion Nov. Empleado: Test Cases/Utilidades-(atajos_para _tareas)/Tareas Administracion Compensacion/Tarea Aplicacion Nov. Empleado

2022-03-09 12:16:17 - [TEST_STEP][PASSED] - callTestCase(findTestCase("0.1-Login"), [:], STOP_ON_FAILURE): Call Test Case 'Test Cases/0.1-Login' successfully

2022-03-09 12:16:17 - [TEST_CASE][PASSED] - Test Cases/0.1-Login: Test Cases/0.1-Login

2022-03-09 12:16:17 - [TEST_STEP][PASSED] - openBrowser(""): Browser is opened with url: ''

2022-03-09 12:16:17 - [MESSAGE][WARNING] - A browser is already opened. Closing browser and opening a new one

2022-03-09 12:16:21 - [MESSAGE][INFO] - Starting 'Chrome' driver

2022-03-09 12:16:21 - [MESSAGE][INFO] - Action delay is set to 0 milliseconds

2022-03-09 12:16:23 - [MESSAGE][PASSED] - Browser is opened with url: ''

2022-03-09 12:16:23 - [TEST_STEP][PASSED] - maximizeWindow(): Current window maximized

2022-03-09 12:16:23 - [MESSAGE][PASSED] - Current window maximized

2022-03-09 12:16:23 - [TEST_STEP][PASSED] - i = G_Login: null

2022-03-09 12:16:23 - [TEST_STEP][PASSED] - url = new java.net.URL(i): null

2022-03-09 12:16:23 - [TEST_STEP][PASSED] - println("URL: " + url.toString()): null

2022-03-09 12:16:23 - [TEST_STEP][PASSED] - connection = url.openConnection(): null

2022-03-09 12:16:23 - [TEST_STEP][PASSED] - connection.setRequestMethod("GET"): null

2022-03-09 12:16:23 - [TEST_STEP][PASSED] - connection.setReadTimeout(2 * 1000): null

2022-03-09 12:16:23 - [TEST_STEP][PASSED] - try: null

2022-03-09 12:16:23 - [TEST_STEP][PASSED] - connection.connect(): null

2022-03-09 12:16:23 - [TEST_STEP][PASSED] - flag = connected: null

2022-03-09 12:16:23 - [TEST_STEP][PASSED] - println("Valor_ori: " + flag): null

2022-03-09 12:16:23 - [TEST_STEP][PASSED] - if (flag): null

2022-03-09 12:16:23 - [TEST_STEP][PASSED] - navigateToUrl(i): Navigate to 'http://192.168.2.80:8380/saraweb' successfully

2022-03-09 12:16:24 - [MESSAGE][PASSED] - Navigate to 'http://192.168.2.80:8380/saraweb' successfully

2022-03-09 12:16:24 - [TEST_STEP][PASSED] - a(): null

2022-03-09 12:16:24 - [TEST_STEP][PASSED] - setText(findTestObject("Login/input_USUARIO_loginusuario"), G_Usuario): Text 'saraadmin' is set on object 'Object Repository/Login/input_USUARIO_loginusuario'

2022-03-09 12:16:25 - [MESSAGE][PASSED] - Text 'saraadmin' is set on object 'Object Repository/Login/input_USUARIO_loginusuario'

2022-03-09 12:16:25 - [TEST_STEP][PASSED] - setEncryptedText(findTestObject("Login/input_CLAVE_loginpassword"), "MkG4/TYiCFC3cb2driP7+Q=="): Text ****** has been set on object 'Object Repository/Login/input_CLAVE_loginpassword'

2022-03-09 12:16:26 - [MESSAGE][PASSED] - Text ****** has been set on object 'Object Repository/Login/input_CLAVE_loginpassword'

2022-03-09 12:16:26 - [TEST_STEP][PASSED] - waitForElementClickable(findTestObject("Login/a_Ingresar"), G_TimeOut): Object 'Object Repository/Login/a_Ingresar' is clickable

2022-03-09 12:16:26 - [MESSAGE][PASSED] - Object 'Object Repository/Login/a_Ingresar' is clickable

2022-03-09 12:16:26 - [TEST_STEP][PASSED] - click(findTestObject("Login/a_Ingresar")): Object: 'Object Repository/Login/a_Ingresar' is clicked on

2022-03-09 12:16:29 - [MESSAGE][PASSED] - Object: 'Object Repository/Login/a_Ingresar' is clicked on

2022-03-09 12:16:29 - [TEST_STEP][PASSED] - element = findWebElement(findTestObject("Login/a_Ir"), 30): null

2022-03-09 12:16:29 - [TEST_STEP][PASSED] - executeJavaScript("arguments[0].click()", Arrays.asList(element)): Execute JavaScript 'arguments[0].click()' successfully

2022-03-09 12:16:29 - [MESSAGE][PASSED] - Execute JavaScript 'arguments[0].click()' successfully

2022-03-09 12:16:29 - [MESSAGE][PASSED] - Call Test Case 'Test Cases/0.1-Login' successfully

2022-03-09 12:16:29 - [TEST_STEP][PASSED] - delay(2): Delayed 2 second(s)

2022-03-09 12:16:31 - [MESSAGE][PASSED] - Delayed 2 second(s)

2022-03-09 12:16:31 - [TEST_STEP][PASSED] - setText(findTestObject("Modulo Tarea Administracion Compensacion/Tarea Aplicacion Nov. Empleado/input_Listado Hojas De Vida_form_templatej_idt24_input"), "Aplicacion Nov. Empleado"): Text 'Aplicacion Nov. Empleado' is set on object 'Object Repository/Modulo Tarea Administracion Compensacion/Tarea Aplicacion Nov. Empleado/input_Listado Hojas De Vida_form_templatej_idt24_input'

2022-03-09 12:16:32 - [MESSAGE][PASSED] - Text 'Aplicacion Nov. Empleado' is set on object 'Object Repository/Modulo Tarea Administracion Compensacion/Tarea Aplicacion Nov. Empleado/input_Listado Hojas De Vida_form_templatej_idt24_input'

2022-03-09 12:16:32 - [TEST_STEP][PASSED] - delay(2): Delayed 2 second(s)

2022-03-09 12:16:34 - [MESSAGE][PASSED] - Delayed 2 second(s)

2022-03-09 12:16:34 - [TEST_STEP][PASSED] - sendKeys(findTestObject("Modulo Tarea Administracion Compensacion/Tarea Aplicacion Nov. Empleado/input_Listado Hojas De Vida_form_templatej_idt24_input"), Keys.chord(ENTER)): Keys 'ENTER + ' sent to object: 'Object Repository/Modulo Tarea Administracion Compensacion/Tarea Aplicacion Nov. Empleado/input_Listado Hojas De Vida_form_templatej_idt24_input'

2022-03-09 12:16:36 - [MESSAGE][PASSED] - Keys 'ENTER + ' sent to object: 'Object Repository/Modulo Tarea Administracion Compensacion/Tarea Aplicacion Nov. Empleado/input_Listado Hojas De Vida_form_templatej_idt24_input'

2022-03-09 12:16:36 - [MESSAGE][PASSED] - Call Test Case 'Test Cases/Utilidades-(atajos_para _tareas)/Tareas Administracion Compensacion/Tarea Aplicacion Nov. Empleado' successfully

2022-03-09 12:16:36 - [TEST_STEP][PASSED] - waitForElementClickable(findTestObject("Modulo Tarea Administracion Compensacion/Legalizar Solicitud Nov Empelado/a_Ausentismo_Por Autorizar"), 0): Object 'Object Repository/Modulo Tarea Administracion Compensacion/Legalizar Solicitud Nov Empelado/a_Ausentismo_Por Autorizar' is clickable

2022-03-09 12:16:36 - [MESSAGE][WARNING] - Timeout '0' is invalid. Using default page load timeout: '30'

2022-03-09 12:16:37 - [MESSAGE][PASSED] - Object 'Object Repository/Modulo Tarea Administracion Compensacion/Legalizar Solicitud Nov Empelado/a_Ausentismo_Por Autorizar' is clickable

2022-03-09 12:16:37 - [TEST_STEP][PASSED] - click(findTestObject("Modulo Tarea Administracion Compensacion/Legalizar Solicitud Nov Empelado/a_Ausentismo_Por Autorizar")): Object: 'Object Repository/Modulo Tarea Administracion Compensacion/Legalizar Solicitud Nov Empelado/a_Ausentismo_Por Autorizar' is clicked on

2022-03-09 12:16:37 - [MESSAGE][PASSED] - Object: 'Object Repository/Modulo Tarea Administracion Compensacion/Legalizar Solicitud Nov Empelado/a_Ausentismo_Por Autorizar' is clicked on

2022-03-09 12:16:37 - [TEST_STEP][PASSED] - if (waitForElementClickable(findTestObject("Modulo Tarea Administracion Compensacion/Legalizar Solicitud Nov Empelado/span_Consta Belfegord . Jhon"), 1)): Web element with id: 'Object Repository/Modulo Tarea Administracion Compensacion/Legalizar Solicitud Nov Empelado/span_Consta Belfegord . Jhon' located by '//tbody[@id='aplicaNovedadProceso:tablaFiltro_data']/tr[7]/td[4]/span' not found

2022-03-09 12:16:39 - [MESSAGE][INFO] - Unable to find the element located by 'By.xpath: //tbody[@id='aplicaNovedadProceso:tablaFiltro_data']/tr[7]/td[4]/span'. Please recheck the objects properties to make sure the desired element is located. 

2022-03-09 12:16:39 - [MESSAGE][WARNING] - Web element with id: 'Object Repository/Modulo Tarea Administracion Compensacion/Legalizar Solicitud Nov Empelado/span_Consta Belfegord . Jhon' located by '//tbody[@id='aplicaNovedadProceso:tablaFiltro_data']/tr[7]/td[4]/span' not found

2022-03-09 12:16:39 - [TEST_STEP][PASSED] - else: Object: 'Object Repository/Modulo Tarea Administracion Compensacion/Legalizar Solicitud Nov Empelado/a_Continuar_Por Autorizar' is clicked on

2022-03-09 12:16:39 - [TEST_STEP][PASSED] - callTestCase(findTestCase("1.1-Tareas Principales/1.2.3-Legalizar Licencia Remunerada"), [:], STOP_ON_FAILURE): Call Test Case 'Test Cases/1.1-Tareas Principales/1.2.3-Legalizar Licencia Remunerada' successfully

2022-03-09 12:16:39 - [TEST_CASE][PASSED] - Test Cases/1.1-Tareas Principales/1.2.3-Legalizar Licencia Remunerada: Test Cases/1.1-Tareas Principales/1.2.3-Legalizar Licencia Remunerada

2022-03-09 12:16:39 - [TEST_STEP][PASSED] - callTestCase(findTestCase("Utilidades-(atajos_para _tareas)/Tareas Administracion Compensacion/Tarea Listado Empleados"), [:], STOP_ON_FAILURE): Call Test Case 'Test Cases/Utilidades-(atajos_para _tareas)/Tareas Administracion Compensacion/Tarea Listado Empleados' successfully

2022-03-09 12:16:40 - [TEST_CASE][PASSED] - Test Cases/Utilidades-(atajos_para _tareas)/Tareas Administracion Compensacion/Tarea Listado Empleados: Test Cases/Utilidades-(atajos_para _tareas)/Tareas Administracion Compensacion/Tarea Listado Empleados

2022-03-09 12:16:40 - [TEST_STEP][PASSED] - callTestCase(findTestCase("0.1-Login"), [:], STOP_ON_FAILURE): Call Test Case 'Test Cases/0.1-Login' successfully

2022-03-09 12:16:40 - [TEST_CASE][PASSED] - Test Cases/0.1-Login: Test Cases/0.1-Login

2022-03-09 12:16:40 - [TEST_STEP][PASSED] - openBrowser(""): Browser is opened with url: ''

2022-03-09 12:16:40 - [MESSAGE][WARNING] - A browser is already opened. Closing browser and opening a new one

2022-03-09 12:16:41 - [MESSAGE][INFO] - Starting 'Chrome' driver

2022-03-09 12:16:41 - [MESSAGE][INFO] - Action delay is set to 0 milliseconds

2022-03-09 12:16:43 - [MESSAGE][PASSED] - Browser is opened with url: ''

2022-03-09 12:16:43 - [TEST_STEP][PASSED] - maximizeWindow(): Current window maximized

2022-03-09 12:16:43 - [MESSAGE][PASSED] - Current window maximized

2022-03-09 12:16:43 - [TEST_STEP][PASSED] - i = G_Login: null

2022-03-09 12:16:43 - [TEST_STEP][PASSED] - url = new java.net.URL(i): null

2022-03-09 12:16:43 - [TEST_STEP][PASSED] - println("URL: " + url.toString()): null

2022-03-09 12:16:43 - [TEST_STEP][PASSED] - connection = url.openConnection(): null

2022-03-09 12:16:43 - [TEST_STEP][PASSED] - connection.setRequestMethod("GET"): null

2022-03-09 12:16:43 - [TEST_STEP][PASSED] - connection.setReadTimeout(2 * 1000): null

2022-03-09 12:16:43 - [TEST_STEP][PASSED] - try: null

2022-03-09 12:16:43 - [TEST_STEP][PASSED] - connection.connect(): null

2022-03-09 12:16:43 - [TEST_STEP][PASSED] - flag = connected: null

2022-03-09 12:16:43 - [TEST_STEP][PASSED] - println("Valor_ori: " + flag): null

2022-03-09 12:16:43 - [TEST_STEP][PASSED] - if (flag): null

2022-03-09 12:16:43 - [TEST_STEP][PASSED] - navigateToUrl(i): Navigate to 'http://192.168.2.80:8380/saraweb' successfully

2022-03-09 12:16:43 - [MESSAGE][PASSED] - Navigate to 'http://192.168.2.80:8380/saraweb' successfully

2022-03-09 12:16:43 - [TEST_STEP][PASSED] - a(): null

2022-03-09 12:16:43 - [TEST_STEP][PASSED] - setText(findTestObject("Login/input_USUARIO_loginusuario"), G_Usuario): Text 'saraadmin' is set on object 'Object Repository/Login/input_USUARIO_loginusuario'

2022-03-09 12:16:44 - [MESSAGE][PASSED] - Text 'saraadmin' is set on object 'Object Repository/Login/input_USUARIO_loginusuario'

2022-03-09 12:16:44 - [TEST_STEP][PASSED] - setEncryptedText(findTestObject("Login/input_CLAVE_loginpassword"), "MkG4/TYiCFC3cb2driP7+Q=="): Text ****** has been set on object 'Object Repository/Login/input_CLAVE_loginpassword'

2022-03-09 12:16:44 - [MESSAGE][PASSED] - Text ****** has been set on object 'Object Repository/Login/input_CLAVE_loginpassword'

2022-03-09 12:16:44 - [TEST_STEP][PASSED] - waitForElementClickable(findTestObject("Login/a_Ingresar"), G_TimeOut): Object 'Object Repository/Login/a_Ingresar' is clickable

2022-03-09 12:16:45 - [MESSAGE][PASSED] - Object 'Object Repository/Login/a_Ingresar' is clickable

2022-03-09 12:16:45 - [TEST_STEP][PASSED] - click(findTestObject("Login/a_Ingresar")): Object: 'Object Repository/Login/a_Ingresar' is clicked on

2022-03-09 12:16:47 - [MESSAGE][PASSED] - Object: 'Object Repository/Login/a_Ingresar' is clicked on

2022-03-09 12:16:47 - [TEST_STEP][PASSED] - element = findWebElement(findTestObject("Login/a_Ir"), 30): null

2022-03-09 12:16:48 - [TEST_STEP][PASSED] - executeJavaScript("arguments[0].click()", Arrays.asList(element)): Execute JavaScript 'arguments[0].click()' successfully

2022-03-09 12:16:48 - [MESSAGE][PASSED] - Execute JavaScript 'arguments[0].click()' successfully

2022-03-09 12:16:48 - [MESSAGE][PASSED] - Call Test Case 'Test Cases/0.1-Login' successfully

2022-03-09 12:16:48 - [TEST_STEP][PASSED] - setText(findTestObject("Modulo Tarea Listado Hojas de Vida/Tareas Listado Hojas de Vida/input_Listado Hojas De Vida_form_templatej_idt24_input"), "Listado de Empleados"): Text 'Listado de Empleados' is set on object 'Object Repository/Modulo Tarea Listado Hojas de Vida/Tareas Listado Hojas de Vida/input_Listado Hojas De Vida_form_templatej_idt24_input'

2022-03-09 12:16:49 - [MESSAGE][PASSED] - Text 'Listado de Empleados' is set on object 'Object Repository/Modulo Tarea Listado Hojas de Vida/Tareas Listado Hojas de Vida/input_Listado Hojas De Vida_form_templatej_idt24_input'

2022-03-09 12:16:49 - [TEST_STEP][PASSED] - delay(3): Delayed 3 second(s)

2022-03-09 12:16:52 - [MESSAGE][PASSED] - Delayed 3 second(s)

2022-03-09 12:16:52 - [TEST_STEP][PASSED] - sendKeys(findTestObject("Modulo Tarea Listado Hojas de Vida/Tareas Listado Hojas de Vida/input_Listado Hojas De Vida_form_templatej_idt24_input"), Keys.chord(ENTER)): Keys 'ENTER + ' sent to object: 'Object Repository/Modulo Tarea Listado Hojas de Vida/Tareas Listado Hojas de Vida/input_Listado Hojas De Vida_form_templatej_idt24_input'

2022-03-09 12:16:53 - [MESSAGE][PASSED] - Keys 'ENTER + ' sent to object: 'Object Repository/Modulo Tarea Listado Hojas de Vida/Tareas Listado Hojas de Vida/input_Listado Hojas De Vida_form_templatej_idt24_input'

2022-03-09 12:16:53 - [MESSAGE][PASSED] - Call Test Case 'Test Cases/Utilidades-(atajos_para _tareas)/Tareas Administracion Compensacion/Tarea Listado Empleados' successfully

2022-03-09 12:16:53 - [TEST_STEP][PASSED] - waitForElementClickable(findTestObject("Modulo Tarea Administracion Compensacion/Legalizar licencia Remunerada/input_Identificacin_listadoEmp"), 0): Object 'Object Repository/Modulo Tarea Administracion Compensacion/Legalizar licencia Remunerada/input_Identificacin_listadoEmp' is clickable

2022-03-09 12:16:53 - [MESSAGE][WARNING] - Timeout '0' is invalid. Using default page load timeout: '30'

2022-03-09 12:16:54 - [MESSAGE][PASSED] - Object 'Object Repository/Modulo Tarea Administracion Compensacion/Legalizar licencia Remunerada/input_Identificacin_listadoEmp' is clickable

2022-03-09 12:16:54 - [TEST_STEP][PASSED] - setText(findTestObject("Modulo Tarea Administracion Compensacion/Legalizar licencia Remunerada/input_Identificacin_listadoEmp"), "354968431354"): Text '354968431354' is set on object 'Object Repository/Modulo Tarea Administracion Compensacion/Legalizar licencia Remunerada/input_Identificacin_listadoEmp'

2022-03-09 12:16:55 - [MESSAGE][PASSED] - Text '354968431354' is set on object 'Object Repository/Modulo Tarea Administracion Compensacion/Legalizar licencia Remunerada/input_Identificacin_listadoEmp'

2022-03-09 12:16:55 - [TEST_STEP][PASSED] - sendKeys(findTestObject("Modulo Tarea Administracion Compensacion/Legalizar licencia Remunerada/input_Identificacin_listadoEmp"), Keys.chord(ENTER)): Keys 'ENTER + ' sent to object: 'Object Repository/Modulo Tarea Administracion Compensacion/Legalizar licencia Remunerada/input_Identificacin_listadoEmp'

2022-03-09 12:16:55 - [MESSAGE][PASSED] - Keys 'ENTER + ' sent to object: 'Object Repository/Modulo Tarea Administracion Compensacion/Legalizar licencia Remunerada/input_Identificacin_listadoEmp'

2022-03-09 12:16:55 - [TEST_STEP][PASSED] - click(findTestObject("Modulo Tarea Administracion Compensacion/Legalizar licencia Remunerada/span_CONSTA BELFEGORD JHON")): Object: 'Object Repository/Modulo Tarea Administracion Compensacion/Legalizar licencia Remunerada/span_CONSTA BELFEGORD JHON' is clicked on

2022-03-09 12:16:56 - [MESSAGE][PASSED] - Object: 'Object Repository/Modulo Tarea Administracion Compensacion/Legalizar licencia Remunerada/span_CONSTA BELFEGORD JHON' is clicked on

2022-03-09 12:16:56 - [TEST_STEP][PASSED] - click(findTestObject("Modulo Tarea Administracion Compensacion/Legalizar licencia Remunerada/span_Licencia")): Object: 'Object Repository/Modulo Tarea Administracion Compensacion/Legalizar licencia Remunerada/span_Licencia' is clicked on

2022-03-09 12:16:57 - [MESSAGE][PASSED] - Object: 'Object Repository/Modulo Tarea Administracion Compensacion/Legalizar licencia Remunerada/span_Licencia' is clicked on

2022-03-09 12:16:57 - [TEST_STEP][PASSED] - if (waitForElementClickable(findTestObject("Modulo Tarea Administracion Compensacion/Legalizar licencia Remunerada/td_Licencia Remunerada"), 1)): null

2022-03-09 12:16:58 - [MESSAGE][PASSED] - Object 'Object Repository/Modulo Tarea Administracion Compensacion/Legalizar licencia Remunerada/td_Licencia Remunerada' is clickable

2022-03-09 12:16:58 - [TEST_STEP][PASSED] - click(findTestObject("Modulo Tarea Administracion Compensacion/Legalizar licencia Remunerada/td_Licencia Remunerada")): Object: 'Object Repository/Modulo Tarea Administracion Compensacion/Legalizar licencia Remunerada/td_Licencia Remunerada' is clicked on

2022-03-09 12:16:58 - [MESSAGE][PASSED] - Object: 'Object Repository/Modulo Tarea Administracion Compensacion/Legalizar licencia Remunerada/td_Licencia Remunerada' is clicked on

2022-03-09 12:16:58 - [TEST_STEP][PASSED] - waitForElementClickable(findTestObject("Modulo Tarea Administracion Compensacion/Legalizar licencia Remunerada/a_Eliminar Directo_Licencia"), 0): Object 'Object Repository/Modulo Tarea Administracion Compensacion/Legalizar licencia Remunerada/a_Eliminar Directo_Licencia' is clickable

2022-03-09 12:16:58 - [MESSAGE][WARNING] - Timeout '0' is invalid. Using default page load timeout: '30'

2022-03-09 12:16:59 - [MESSAGE][PASSED] - Object 'Object Repository/Modulo Tarea Administracion Compensacion/Legalizar licencia Remunerada/a_Eliminar Directo_Licencia' is clickable

2022-03-09 12:16:59 - [TEST_STEP][PASSED] - click(findTestObject("Modulo Tarea Administracion Compensacion/Legalizar licencia Remunerada/a_Eliminar Directo_Licencia")): Object: 'Object Repository/Modulo Tarea Administracion Compensacion/Legalizar licencia Remunerada/a_Eliminar Directo_Licencia' is clicked on

2022-03-09 12:16:59 - [MESSAGE][PASSED] - Object: 'Object Repository/Modulo Tarea Administracion Compensacion/Legalizar licencia Remunerada/a_Eliminar Directo_Licencia' is clicked on

2022-03-09 12:16:59 - [TEST_STEP][PASSED] - click(findTestObject("Modulo Tarea Administracion Compensacion/Legalizar licencia Remunerada/a_Aceptar_Eliminar Licencia")): Object: 'Object Repository/Modulo Tarea Administracion Compensacion/Legalizar licencia Remunerada/a_Aceptar_Eliminar Licencia' is clicked on

2022-03-09 12:17:00 - [MESSAGE][PASSED] - Object: 'Object Repository/Modulo Tarea Administracion Compensacion/Legalizar licencia Remunerada/a_Aceptar_Eliminar Licencia' is clicked on

2022-03-09 12:17:00 - [TEST_STEP][PASSED] - click(findTestObject("Modulo Tarea Administracion Compensacion/Legalizar licencia Remunerada/a_Histrico")): Object: 'Object Repository/Modulo Tarea Administracion Compensacion/Legalizar licencia Remunerada/a_Histrico' is clicked on

2022-03-09 12:17:01 - [MESSAGE][PASSED] - Object: 'Object Repository/Modulo Tarea Administracion Compensacion/Legalizar licencia Remunerada/a_Histrico' is clicked on

2022-03-09 12:17:01 - [TEST_STEP][PASSED] - if (waitForElementClickable(findTestObject("Modulo Tarea Administracion Compensacion/Legalizar licencia Remunerada/span_Licencia Remunerada_Historico"), 1)): Web element with id: 'Object Repository/Modulo Tarea Administracion Compensacion/Legalizar licencia Remunerada/span_Licencia Remunerada_Historico' located by '//*/text()[normalize-space(.)='Licencia Remunerada']/parent::*' not found

2022-03-09 12:17:03 - [MESSAGE][INFO] - Unable to find the element located by 'By.xpath: //*/text()[normalize-space(.)='Licencia Remunerada']/parent::*'. Please recheck the objects properties to make sure the desired element is located. 

2022-03-09 12:17:03 - [MESSAGE][WARNING] - Web element with id: 'Object Repository/Modulo Tarea Administracion Compensacion/Legalizar licencia Remunerada/span_Licencia Remunerada_Historico' located by '//*/text()[normalize-space(.)='Licencia Remunerada']/parent::*' not found

2022-03-09 12:17:03 - [TEST_STEP][PASSED] - waitForElementClickable(findTestObject("Modulo Tarea Administracion Compensacion/Legalizar licencia Remunerada/a_Licencia_Pestaa"), 0): Object 'Object Repository/Modulo Tarea Administracion Compensacion/Legalizar licencia Remunerada/a_Licencia_Pestaa' is clickable

2022-03-09 12:17:03 - [MESSAGE][WARNING] - Timeout '0' is invalid. Using default page load timeout: '30'

2022-03-09 12:17:03 - [MESSAGE][PASSED] - Object 'Object Repository/Modulo Tarea Administracion Compensacion/Legalizar licencia Remunerada/a_Licencia_Pestaa' is clickable

2022-03-09 12:17:03 - [TEST_STEP][PASSED] - click(findTestObject("Modulo Tarea Administracion Compensacion/Legalizar licencia Remunerada/a_Licencia_Pestaa")): Object: 'Object Repository/Modulo Tarea Administracion Compensacion/Legalizar licencia Remunerada/a_Licencia_Pestaa' is clicked on

2022-03-09 12:17:04 - [MESSAGE][PASSED] - Object: 'Object Repository/Modulo Tarea Administracion Compensacion/Legalizar licencia Remunerada/a_Licencia_Pestaa' is clicked on

2022-03-09 12:17:04 - [TEST_STEP][PASSED] - if (waitForElementClickable(findTestObject("Modulo Tarea Administracion Compensacion/Legalizar licencia Remunerada/span_Nuevo"), 1)): null

2022-03-09 12:17:04 - [MESSAGE][PASSED] - Object 'Object Repository/Modulo Tarea Administracion Compensacion/Legalizar licencia Remunerada/span_Nuevo' is clickable

2022-03-09 12:17:04 - [TEST_STEP][PASSED] - click(findTestObject("Modulo Tarea Administracion Compensacion/Legalizar licencia Remunerada/span_Nuevo")): Object: 'Object Repository/Modulo Tarea Administracion Compensacion/Legalizar licencia Remunerada/span_Nuevo' is clicked on

2022-03-09 12:17:05 - [MESSAGE][PASSED] - Object: 'Object Repository/Modulo Tarea Administracion Compensacion/Legalizar licencia Remunerada/span_Nuevo' is clicked on

2022-03-09 12:17:05 - [TEST_STEP][PASSED] - click(findTestObject("Modulo Tarea Administracion Compensacion/Legalizar licencia Remunerada/span_LICENCIA REMUNERADA")): Object: 'Object Repository/Modulo Tarea Administracion Compensacion/Legalizar licencia Remunerada/span_LICENCIA REMUNERADA' is clicked on

2022-03-09 12:17:06 - [MESSAGE][PASSED] - Object: 'Object Repository/Modulo Tarea Administracion Compensacion/Legalizar licencia Remunerada/span_LICENCIA REMUNERADA' is clicked on

2022-03-09 12:17:06 - [TEST_STEP][PASSED] - setText(findTestObject("Modulo Tarea Administracion Compensacion/Legalizar licencia Remunerada/input_Fecha Salida_form_licenc"), "01/12/2018"): Text '01/12/2018' is set on object 'Object Repository/Modulo Tarea Administracion Compensacion/Legalizar licencia Remunerada/input_Fecha Salida_form_licenc'

2022-03-09 12:17:08 - [MESSAGE][PASSED] - Text '01/12/2018' is set on object 'Object Repository/Modulo Tarea Administracion Compensacion/Legalizar licencia Remunerada/input_Fecha Salida_form_licenc'

2022-03-09 12:17:08 - [TEST_STEP][PASSED] - setText(findTestObject("Modulo Tarea Administracion Compensacion/Legalizar licencia Remunerada/input_Das Ausentismo_form_lice"), "2"): Text '2' is set on object 'Object Repository/Modulo Tarea Administracion Compensacion/Legalizar licencia Remunerada/input_Das Ausentismo_form_lice'

2022-03-09 12:17:10 - [MESSAGE][PASSED] - Text '2' is set on object 'Object Repository/Modulo Tarea Administracion Compensacion/Legalizar licencia Remunerada/input_Das Ausentismo_form_lice'

2022-03-09 12:17:10 - [TEST_STEP][PASSED] - setText(findTestObject("Modulo Tarea Administracion Compensacion/Legalizar licencia Remunerada/input_Fecha Salida Nomina_form"), "31/01/2019"): Text '31/01/2019' is set on object 'Object Repository/Modulo Tarea Administracion Compensacion/Legalizar licencia Remunerada/input_Fecha Salida Nomina_form'

2022-03-09 12:17:11 - [MESSAGE][PASSED] - Text '31/01/2019' is set on object 'Object Repository/Modulo Tarea Administracion Compensacion/Legalizar licencia Remunerada/input_Fecha Salida Nomina_form'

2022-03-09 12:17:11 - [TEST_STEP][PASSED] - setText(findTestObject("Modulo Tarea Administracion Compensacion/Legalizar licencia Remunerada/textarea_Observacin_form_licen"), "aaaaaa"): Text 'aaaaaa' is set on object 'Object Repository/Modulo Tarea Administracion Compensacion/Legalizar licencia Remunerada/textarea_Observacin_form_licen'

2022-03-09 12:17:12 - [MESSAGE][PASSED] - Text 'aaaaaa' is set on object 'Object Repository/Modulo Tarea Administracion Compensacion/Legalizar licencia Remunerada/textarea_Observacin_form_licen'

2022-03-09 12:17:12 - [TEST_STEP][PASSED] - setText(findTestObject("Modulo Tarea Administracion Compensacion/Legalizar licencia Remunerada/input_Fecha 1_form_licenciaEmp"), "31/01/2019"): Text '31/01/2019' is set on object 'Object Repository/Modulo Tarea Administracion Compensacion/Legalizar licencia Remunerada/input_Fecha 1_form_licenciaEmp'

2022-03-09 12:17:13 - [MESSAGE][PASSED] - Text '31/01/2019' is set on object 'Object Repository/Modulo Tarea Administracion Compensacion/Legalizar licencia Remunerada/input_Fecha 1_form_licenciaEmp'

2022-03-09 12:17:13 - [TEST_STEP][PASSED] - sendKeys(findTestObject("Modulo Tarea Administracion Compensacion/Legalizar licencia Remunerada/input_Fecha 1_form_licenciaEmp"), Keys.chord(ESCAPE)): Keys 'ESCAPE + ' sent to object: 'Object Repository/Modulo Tarea Administracion Compensacion/Legalizar licencia Remunerada/input_Fecha 1_form_licenciaEmp'

2022-03-09 12:17:13 - [MESSAGE][PASSED] - Keys 'ESCAPE + ' sent to object: 'Object Repository/Modulo Tarea Administracion Compensacion/Legalizar licencia Remunerada/input_Fecha 1_form_licenciaEmp'

2022-03-09 12:17:13 - [TEST_STEP][PASSED] - click(findTestObject("Modulo Tarea Administracion Compensacion/Legalizar licencia Remunerada/span_Guardar Legalizar")): Object: 'Object Repository/Modulo Tarea Administracion Compensacion/Legalizar licencia Remunerada/span_Guardar Legalizar' is clicked on

2022-03-09 12:17:14 - [MESSAGE][PASSED] - Object: 'Object Repository/Modulo Tarea Administracion Compensacion/Legalizar licencia Remunerada/span_Guardar Legalizar' is clicked on

2022-03-09 12:17:14 - [TEST_STEP][PASSED] - getText(findTestObject("Alerta/Alerta")): Text of object 'Object Repository/Alerta/Alerta' is: 'Se modifico exitosamente su solicitud'

2022-03-09 12:17:15 - [MESSAGE][PASSED] - Text of object 'Object Repository/Alerta/Alerta' is: 'Se modifico exitosamente su solicitud'

2022-03-09 12:17:15 - [MESSAGE][PASSED] - Call Test Case 'Test Cases/1.1-Tareas Principales/1.2.3-Legalizar Licencia Remunerada' successfully

2022-03-09 12:17:15 - [TEST_STEP][PASSED] - setText(findTestObject("Modulo Tarea Administracion Compensacion/Tarea Aplicacion Nov. Empleado/input_Listado Hojas De Vida_form_templatej_idt24_input"), "Aplicacion Nov. Empleado"): Text 'Aplicacion Nov. Empleado' is set on object 'Object Repository/Modulo Tarea Administracion Compensacion/Tarea Aplicacion Nov. Empleado/input_Listado Hojas De Vida_form_templatej_idt24_input'

2022-03-09 12:17:16 - [MESSAGE][PASSED] - Text 'Aplicacion Nov. Empleado' is set on object 'Object Repository/Modulo Tarea Administracion Compensacion/Tarea Aplicacion Nov. Empleado/input_Listado Hojas De Vida_form_templatej_idt24_input'

2022-03-09 12:17:16 - [TEST_STEP][PASSED] - delay(2): Delayed 2 second(s)

2022-03-09 12:17:18 - [MESSAGE][PASSED] - Delayed 2 second(s)

2022-03-09 12:17:18 - [TEST_STEP][PASSED] - sendKeys(findTestObject("Modulo Tarea Administracion Compensacion/Tarea Aplicacion Nov. Empleado/input_Listado Hojas De Vida_form_templatej_idt24_input"), Keys.chord(ENTER)): Keys 'ENTER + ' sent to object: 'Object Repository/Modulo Tarea Administracion Compensacion/Tarea Aplicacion Nov. Empleado/input_Listado Hojas De Vida_form_templatej_idt24_input'

2022-03-09 12:17:18 - [MESSAGE][PASSED] - Keys 'ENTER + ' sent to object: 'Object Repository/Modulo Tarea Administracion Compensacion/Tarea Aplicacion Nov. Empleado/input_Listado Hojas De Vida_form_templatej_idt24_input'

2022-03-09 12:17:18 - [TEST_STEP][PASSED] - waitForElementClickable(findTestObject("Modulo Tarea Administracion Compensacion/Legalizar Solicitud Nov Empelado/a_Ausentismo_Por Autorizar"), 0): Object 'Object Repository/Modulo Tarea Administracion Compensacion/Legalizar Solicitud Nov Empelado/a_Ausentismo_Por Autorizar' is clickable

2022-03-09 12:17:18 - [MESSAGE][WARNING] - Timeout '0' is invalid. Using default page load timeout: '30'

2022-03-09 12:17:20 - [MESSAGE][PASSED] - Object 'Object Repository/Modulo Tarea Administracion Compensacion/Legalizar Solicitud Nov Empelado/a_Ausentismo_Por Autorizar' is clickable

2022-03-09 12:17:20 - [TEST_STEP][PASSED] - click(findTestObject("Modulo Tarea Administracion Compensacion/Legalizar Solicitud Nov Empelado/a_Ausentismo_Por Autorizar")): Object: 'Object Repository/Modulo Tarea Administracion Compensacion/Legalizar Solicitud Nov Empelado/a_Ausentismo_Por Autorizar' is clicked on

2022-03-09 12:17:20 - [MESSAGE][PASSED] - Object: 'Object Repository/Modulo Tarea Administracion Compensacion/Legalizar Solicitud Nov Empelado/a_Ausentismo_Por Autorizar' is clicked on

2022-03-09 12:17:20 - [TEST_STEP][PASSED] - waitForElementClickable(findTestObject("Modulo Tarea Administracion Compensacion/Legalizar licencia Remunerada/span_CONSTA BELFEGORD JHON"), 0): Object 'Object Repository/Modulo Tarea Administracion Compensacion/Legalizar licencia Remunerada/span_CONSTA BELFEGORD JHON' is clickable

2022-03-09 12:17:20 - [MESSAGE][WARNING] - Timeout '0' is invalid. Using default page load timeout: '30'

2022-03-09 12:17:21 - [MESSAGE][PASSED] - Object 'Object Repository/Modulo Tarea Administracion Compensacion/Legalizar licencia Remunerada/span_CONSTA BELFEGORD JHON' is clickable

2022-03-09 12:17:21 - [TEST_STEP][PASSED] - click(findTestObject("Modulo Tarea Administracion Compensacion/Legalizar Solicitud Nov Empelado/div_Solicitud_ui-chkbox-box_Consta Belfegord")): Object: 'Object Repository/Modulo Tarea Administracion Compensacion/Legalizar Solicitud Nov Empelado/div_Solicitud_ui-chkbox-box_Consta Belfegord' is clicked on

2022-03-09 12:17:22 - [MESSAGE][PASSED] - Object: 'Object Repository/Modulo Tarea Administracion Compensacion/Legalizar Solicitud Nov Empelado/div_Solicitud_ui-chkbox-box_Consta Belfegord' is clicked on

2022-03-09 12:17:22 - [TEST_STEP][PASSED] - click(findTestObject("Modulo Tarea Administracion Compensacion/Legalizar Solicitud Nov Empelado/a_Autorizar")): Object: 'Object Repository/Modulo Tarea Administracion Compensacion/Legalizar Solicitud Nov Empelado/a_Autorizar' is clicked on

2022-03-09 12:17:23 - [MESSAGE][PASSED] - Object: 'Object Repository/Modulo Tarea Administracion Compensacion/Legalizar Solicitud Nov Empelado/a_Autorizar' is clicked on

2022-03-09 12:17:23 - [TEST_STEP][PASSED] - waitForElementClickable(findTestObject("Modulo Tarea Administracion Compensacion/Legalizar Solicitud Nov Empelado/span_Si_Por  Autorizar"), 0): Object 'Object Repository/Modulo Tarea Administracion Compensacion/Legalizar Solicitud Nov Empelado/span_Si_Por  Autorizar' is clickable

2022-03-09 12:17:23 - [MESSAGE][WARNING] - Timeout '0' is invalid. Using default page load timeout: '30'

2022-03-09 12:17:23 - [MESSAGE][PASSED] - Object 'Object Repository/Modulo Tarea Administracion Compensacion/Legalizar Solicitud Nov Empelado/span_Si_Por  Autorizar' is clickable

2022-03-09 12:17:23 - [TEST_STEP][PASSED] - click(findTestObject("Modulo Tarea Administracion Compensacion/Legalizar Solicitud Nov Empelado/span_Si_Por  Autorizar")): Object: 'Object Repository/Modulo Tarea Administracion Compensacion/Legalizar Solicitud Nov Empelado/span_Si_Por  Autorizar' is clicked on

2022-03-09 12:17:24 - [MESSAGE][PASSED] - Object: 'Object Repository/Modulo Tarea Administracion Compensacion/Legalizar Solicitud Nov Empelado/span_Si_Por  Autorizar' is clicked on

2022-03-09 12:17:24 - [TEST_STEP][PASSED] - click(findTestObject("Modulo Tarea Administracion Compensacion/Legalizar Solicitud Nov Empelado/a_Continuar_Por Autorizar")): Object: 'Object Repository/Modulo Tarea Administracion Compensacion/Legalizar Solicitud Nov Empelado/a_Continuar_Por Autorizar' is clicked on

2022-03-09 12:17:25 - [MESSAGE][PASSED] - Object: 'Object Repository/Modulo Tarea Administracion Compensacion/Legalizar Solicitud Nov Empelado/a_Continuar_Por Autorizar' is clicked on

2022-03-09 12:17:25 - [TEST_STEP][PASSED] - waitForElementClickable(findTestObject("Modulo Tarea Administracion Compensacion/Legalizar Solicitud Nov Empelado/a_Ausentismo_Por legalizar"), 0): Object 'Object Repository/Modulo Tarea Administracion Compensacion/Legalizar Solicitud Nov Empelado/a_Ausentismo_Por legalizar' is clickable

2022-03-09 12:17:25 - [MESSAGE][WARNING] - Timeout '0' is invalid. Using default page load timeout: '30'

2022-03-09 12:17:27 - [MESSAGE][PASSED] - Object 'Object Repository/Modulo Tarea Administracion Compensacion/Legalizar Solicitud Nov Empelado/a_Ausentismo_Por legalizar' is clickable

2022-03-09 12:17:27 - [TEST_STEP][PASSED] - click(findTestObject("Modulo Tarea Administracion Compensacion/Legalizar Solicitud Nov Empelado/a_Ausentismo_Por legalizar")): Object: 'Object Repository/Modulo Tarea Administracion Compensacion/Legalizar Solicitud Nov Empelado/a_Ausentismo_Por legalizar' is clicked on

2022-03-09 12:17:28 - [MESSAGE][PASSED] - Object: 'Object Repository/Modulo Tarea Administracion Compensacion/Legalizar Solicitud Nov Empelado/a_Ausentismo_Por legalizar' is clicked on

2022-03-09 12:17:28 - [TEST_STEP][PASSED] - check(findTestObject("Modulo Tarea Administracion Compensacion/Legalizar Solicitud Nov Empelado/div_Estado_ui-chkbox-box ui-widget ui-corner-all ui-state-default")): Object 'Object Repository/Modulo Tarea Administracion Compensacion/Legalizar Solicitud Nov Empelado/div_Estado_ui-chkbox-box ui-widget ui-corner-all ui-state-default' is checked

2022-03-09 12:17:29 - [MESSAGE][PASSED] - Object 'Object Repository/Modulo Tarea Administracion Compensacion/Legalizar Solicitud Nov Empelado/div_Estado_ui-chkbox-box ui-widget ui-corner-all ui-state-default' is checked

2022-03-09 12:17:29 - [TEST_STEP][PASSED] - click(findTestObject("Modulo Tarea Administracion Compensacion/Legalizar Solicitud Nov Empelado/a_Legalizacin")): Object: 'Object Repository/Modulo Tarea Administracion Compensacion/Legalizar Solicitud Nov Empelado/a_Legalizacin' is clicked on

2022-03-09 12:17:30 - [MESSAGE][PASSED] - Object: 'Object Repository/Modulo Tarea Administracion Compensacion/Legalizar Solicitud Nov Empelado/a_Legalizacin' is clicked on

2022-03-09 12:17:30 - [TEST_STEP][PASSED] - click(findTestObject("Modulo Tarea Administracion Compensacion/Legalizar Solicitud Nov Empelado/span_Si")): Object: 'Object Repository/Modulo Tarea Administracion Compensacion/Legalizar Solicitud Nov Empelado/span_Si' is clicked on

2022-03-09 12:17:30 - [MESSAGE][PASSED] - Object: 'Object Repository/Modulo Tarea Administracion Compensacion/Legalizar Solicitud Nov Empelado/span_Si' is clicked on

2022-03-09 12:17:30 - [TEST_STEP][PASSED] - click(findTestObject("Modulo Tarea Administracion Compensacion/Legalizar Solicitud Nov Empelado/a_Continuar")): Object: 'Object Repository/Modulo Tarea Administracion Compensacion/Legalizar Solicitud Nov Empelado/a_Continuar' is clicked on

2022-03-09 12:17:34 - [MESSAGE][PASSED] - Object: 'Object Repository/Modulo Tarea Administracion Compensacion/Legalizar Solicitud Nov Empelado/a_Continuar' is clicked on

2022-03-09 12:17:34 - [TEST_STEP][PASSED] - closeBrowser(): Browser is closed

2022-03-09 12:17:35 - [MESSAGE][PASSED] - Browser is closed]]></system-out>
         <system-err><![CDATA[]]></system-err>
      </testcase>
      <testcase name="Test Cases/1.1-Tareas Principales/1.2.7-Liquidacion Periodica" time="27.058" classname="Test Cases/1.1-Tareas Principales/1.2.7-Liquidacion Periodica" status="PASSED">
         <system-out><![CDATA[2022-03-09 12:17:35 - [TEST_CASE][PASSED] - Test Cases/1.1-Tareas Principales/1.2.7-Liquidacion Periodica: Test Cases/1.1-Tareas Principales/1.2.7-Liquidacion Periodica

2022-03-09 12:17:36 - [TEST_STEP][PASSED] - callTestCase(findTestCase("Utilidades-(atajos_para _tareas)/Tareas Administracion Compensacion/Tarea Listado Empleados"), [:], STOP_ON_FAILURE): Call Test Case 'Test Cases/Utilidades-(atajos_para _tareas)/Tareas Administracion Compensacion/Tarea Listado Empleados' successfully

2022-03-09 12:17:36 - [TEST_CASE][PASSED] - Test Cases/Utilidades-(atajos_para _tareas)/Tareas Administracion Compensacion/Tarea Listado Empleados: Test Cases/Utilidades-(atajos_para _tareas)/Tareas Administracion Compensacion/Tarea Listado Empleados

2022-03-09 12:17:36 - [TEST_STEP][PASSED] - callTestCase(findTestCase("0.1-Login"), [:], STOP_ON_FAILURE): Call Test Case 'Test Cases/0.1-Login' successfully

2022-03-09 12:17:36 - [TEST_CASE][PASSED] - Test Cases/0.1-Login: Test Cases/0.1-Login

2022-03-09 12:17:36 - [TEST_STEP][PASSED] - openBrowser(""): Browser is opened with url: ''

2022-03-09 12:17:36 - [MESSAGE][INFO] - Starting 'Chrome' driver

2022-03-09 12:17:36 - [MESSAGE][INFO] - Action delay is set to 0 milliseconds

2022-03-09 12:17:38 - [MESSAGE][PASSED] - Browser is opened with url: ''

2022-03-09 12:17:38 - [TEST_STEP][PASSED] - maximizeWindow(): Current window maximized

2022-03-09 12:17:38 - [MESSAGE][PASSED] - Current window maximized

2022-03-09 12:17:38 - [TEST_STEP][PASSED] - i = G_Login: null

2022-03-09 12:17:38 - [TEST_STEP][PASSED] - url = new java.net.URL(i): null

2022-03-09 12:17:38 - [TEST_STEP][PASSED] - println("URL: " + url.toString()): null

2022-03-09 12:17:38 - [TEST_STEP][PASSED] - connection = url.openConnection(): null

2022-03-09 12:17:38 - [TEST_STEP][PASSED] - connection.setRequestMethod("GET"): null

2022-03-09 12:17:38 - [TEST_STEP][PASSED] - connection.setReadTimeout(2 * 1000): null

2022-03-09 12:17:38 - [TEST_STEP][PASSED] - try: null

2022-03-09 12:17:38 - [TEST_STEP][PASSED] - connection.connect(): null

2022-03-09 12:17:38 - [TEST_STEP][PASSED] - flag = connected: null

2022-03-09 12:17:38 - [TEST_STEP][PASSED] - println("Valor_ori: " + flag): null

2022-03-09 12:17:38 - [TEST_STEP][PASSED] - if (flag): null

2022-03-09 12:17:38 - [TEST_STEP][PASSED] - navigateToUrl(i): Navigate to 'http://192.168.2.80:8380/saraweb' successfully

2022-03-09 12:17:38 - [MESSAGE][PASSED] - Navigate to 'http://192.168.2.80:8380/saraweb' successfully

2022-03-09 12:17:38 - [TEST_STEP][PASSED] - a(): null

2022-03-09 12:17:38 - [TEST_STEP][PASSED] - setText(findTestObject("Login/input_USUARIO_loginusuario"), G_Usuario): Text 'saraadmin' is set on object 'Object Repository/Login/input_USUARIO_loginusuario'

2022-03-09 12:17:40 - [MESSAGE][PASSED] - Text 'saraadmin' is set on object 'Object Repository/Login/input_USUARIO_loginusuario'

2022-03-09 12:17:40 - [TEST_STEP][PASSED] - setEncryptedText(findTestObject("Login/input_CLAVE_loginpassword"), "MkG4/TYiCFC3cb2driP7+Q=="): Text ****** has been set on object 'Object Repository/Login/input_CLAVE_loginpassword'

2022-03-09 12:17:40 - [MESSAGE][PASSED] - Text ****** has been set on object 'Object Repository/Login/input_CLAVE_loginpassword'

2022-03-09 12:17:40 - [TEST_STEP][PASSED] - waitForElementClickable(findTestObject("Login/a_Ingresar"), G_TimeOut): Object 'Object Repository/Login/a_Ingresar' is clickable

2022-03-09 12:17:40 - [MESSAGE][PASSED] - Object 'Object Repository/Login/a_Ingresar' is clickable

2022-03-09 12:17:40 - [TEST_STEP][PASSED] - click(findTestObject("Login/a_Ingresar")): Object: 'Object Repository/Login/a_Ingresar' is clicked on

2022-03-09 12:17:41 - [MESSAGE][PASSED] - Object: 'Object Repository/Login/a_Ingresar' is clicked on

2022-03-09 12:17:41 - [TEST_STEP][PASSED] - element = findWebElement(findTestObject("Login/a_Ir"), 30): null

2022-03-09 12:17:42 - [TEST_STEP][PASSED] - executeJavaScript("arguments[0].click()", Arrays.asList(element)): Execute JavaScript 'arguments[0].click()' successfully

2022-03-09 12:17:42 - [MESSAGE][PASSED] - Execute JavaScript 'arguments[0].click()' successfully

2022-03-09 12:17:42 - [MESSAGE][PASSED] - Call Test Case 'Test Cases/0.1-Login' successfully

2022-03-09 12:17:42 - [TEST_STEP][PASSED] - setText(findTestObject("Modulo Tarea Listado Hojas de Vida/Tareas Listado Hojas de Vida/input_Listado Hojas De Vida_form_templatej_idt24_input"), "Listado de Empleados"): Text 'Listado de Empleados' is set on object 'Object Repository/Modulo Tarea Listado Hojas de Vida/Tareas Listado Hojas de Vida/input_Listado Hojas De Vida_form_templatej_idt24_input'

2022-03-09 12:17:44 - [MESSAGE][PASSED] - Text 'Listado de Empleados' is set on object 'Object Repository/Modulo Tarea Listado Hojas de Vida/Tareas Listado Hojas de Vida/input_Listado Hojas De Vida_form_templatej_idt24_input'

2022-03-09 12:17:44 - [TEST_STEP][PASSED] - delay(3): Delayed 3 second(s)

2022-03-09 12:17:47 - [MESSAGE][PASSED] - Delayed 3 second(s)

2022-03-09 12:17:47 - [TEST_STEP][PASSED] - sendKeys(findTestObject("Modulo Tarea Listado Hojas de Vida/Tareas Listado Hojas de Vida/input_Listado Hojas De Vida_form_templatej_idt24_input"), Keys.chord(ENTER)): Keys 'ENTER + ' sent to object: 'Object Repository/Modulo Tarea Listado Hojas de Vida/Tareas Listado Hojas de Vida/input_Listado Hojas De Vida_form_templatej_idt24_input'

2022-03-09 12:17:47 - [MESSAGE][PASSED] - Keys 'ENTER + ' sent to object: 'Object Repository/Modulo Tarea Listado Hojas de Vida/Tareas Listado Hojas de Vida/input_Listado Hojas De Vida_form_templatej_idt24_input'

2022-03-09 12:17:47 - [MESSAGE][PASSED] - Call Test Case 'Test Cases/Utilidades-(atajos_para _tareas)/Tareas Administracion Compensacion/Tarea Listado Empleados' successfully

2022-03-09 12:17:47 - [TEST_STEP][PASSED] - waitForElementClickable(findTestObject("Modulo Tarea Administracion Compensacion/Liquidacion Periodica/input_Identificacin_listadoEmp"), 0): Object 'Object Repository/Modulo Tarea Administracion Compensacion/Liquidacion Periodica/input_Identificacin_listadoEmp' is clickable

2022-03-09 12:17:48 - [MESSAGE][WARNING] - Timeout '0' is invalid. Using default page load timeout: '30'

2022-03-09 12:17:49 - [MESSAGE][PASSED] - Object 'Object Repository/Modulo Tarea Administracion Compensacion/Liquidacion Periodica/input_Identificacin_listadoEmp' is clickable

2022-03-09 12:17:49 - [TEST_STEP][PASSED] - setText(findTestObject("Modulo Tarea Administracion Compensacion/Liquidacion Periodica/input_Identificacin_listadoEmp"), "354968431354"): Text '354968431354' is set on object 'Object Repository/Modulo Tarea Administracion Compensacion/Liquidacion Periodica/input_Identificacin_listadoEmp'

2022-03-09 12:17:50 - [MESSAGE][PASSED] - Text '354968431354' is set on object 'Object Repository/Modulo Tarea Administracion Compensacion/Liquidacion Periodica/input_Identificacin_listadoEmp'

2022-03-09 12:17:50 - [TEST_STEP][PASSED] - sendKeys(findTestObject("Modulo Tarea Administracion Compensacion/Liquidacion Periodica/input_Identificacin_listadoEmp"), Keys.chord(ENTER)): Keys 'ENTER + ' sent to object: 'Object Repository/Modulo Tarea Administracion Compensacion/Liquidacion Periodica/input_Identificacin_listadoEmp'

2022-03-09 12:17:50 - [MESSAGE][PASSED] - Keys 'ENTER + ' sent to object: 'Object Repository/Modulo Tarea Administracion Compensacion/Liquidacion Periodica/input_Identificacin_listadoEmp'

2022-03-09 12:17:50 - [TEST_STEP][PASSED] - click(findTestObject("Modulo Tarea Administracion Compensacion/Liquidacion Periodica/span_CONSTA BELFEGORD JHON")): Object: 'Object Repository/Modulo Tarea Administracion Compensacion/Liquidacion Periodica/span_CONSTA BELFEGORD JHON' is clicked on

2022-03-09 12:17:51 - [MESSAGE][PASSED] - Object: 'Object Repository/Modulo Tarea Administracion Compensacion/Liquidacion Periodica/span_CONSTA BELFEGORD JHON' is clicked on

2022-03-09 12:17:51 - [TEST_STEP][PASSED] - waitForElementClickable(findTestObject("Modulo Tarea Administracion Compensacion/Liquidacion Periodica/span_Liquidacin Periodica"), 0): Object 'Object Repository/Modulo Tarea Administracion Compensacion/Liquidacion Periodica/span_Liquidacin Periodica' is clickable

2022-03-09 12:17:51 - [MESSAGE][WARNING] - Timeout '0' is invalid. Using default page load timeout: '30'

2022-03-09 12:17:52 - [MESSAGE][PASSED] - Object 'Object Repository/Modulo Tarea Administracion Compensacion/Liquidacion Periodica/span_Liquidacin Periodica' is clickable

2022-03-09 12:17:52 - [TEST_STEP][PASSED] - click(findTestObject("Modulo Tarea Administracion Compensacion/Liquidacion Periodica/span_Liquidacin Periodica")): Object: 'Object Repository/Modulo Tarea Administracion Compensacion/Liquidacion Periodica/span_Liquidacin Periodica' is clicked on

2022-03-09 12:17:53 - [MESSAGE][PASSED] - Object: 'Object Repository/Modulo Tarea Administracion Compensacion/Liquidacion Periodica/span_Liquidacin Periodica' is clicked on

2022-03-09 12:17:53 - [TEST_STEP][PASSED] - click(findTestObject("Modulo Tarea Administracion Compensacion/Liquidacion Periodica/a_Nuevo")): Object: 'Object Repository/Modulo Tarea Administracion Compensacion/Liquidacion Periodica/a_Nuevo' is clicked on

2022-03-09 12:17:54 - [MESSAGE][PASSED] - Object: 'Object Repository/Modulo Tarea Administracion Compensacion/Liquidacion Periodica/a_Nuevo' is clicked on

2022-03-09 12:17:54 - [TEST_STEP][PASSED] - waitForElementClickable(findTestObject("Modulo Tarea Administracion Compensacion/Liquidacion Periodica/select_-- seleccione --BC - PR"), 0, STOP_ON_FAILURE): Object 'Object Repository/Modulo Tarea Administracion Compensacion/Liquidacion Periodica/select_-- seleccione --BC - PR' is clickable

2022-03-09 12:17:54 - [MESSAGE][WARNING] - Timeout '0' is invalid. Using default page load timeout: '30'

2022-03-09 12:17:55 - [MESSAGE][PASSED] - Object 'Object Repository/Modulo Tarea Administracion Compensacion/Liquidacion Periodica/select_-- seleccione --BC - PR' is clickable

2022-03-09 12:17:55 - [TEST_STEP][PASSED] - selectOptionByValue(findTestObject("Modulo Tarea Administracion Compensacion/Liquidacion Periodica/select_-- seleccione --BC - PR"), "BC", true): All options with value 'BC' are selected in object 'Object Repository/Modulo Tarea Administracion Compensacion/Liquidacion Periodica/select_-- seleccione --BC - PR'  using regular expression

2022-03-09 12:17:56 - [MESSAGE][PASSED] - All options with value 'BC' are selected in object 'Object Repository/Modulo Tarea Administracion Compensacion/Liquidacion Periodica/select_-- seleccione --BC - PR'  using regular expression

2022-03-09 12:17:56 - [TEST_STEP][PASSED] - setText(findTestObject("Modulo Tarea Administracion Compensacion/Liquidacion Periodica/input_Fecha Inicial _form_liqu"), "01/12/2018"): Text '01/12/2018' is set on object 'Object Repository/Modulo Tarea Administracion Compensacion/Liquidacion Periodica/input_Fecha Inicial _form_liqu'

2022-03-09 12:17:57 - [MESSAGE][PASSED] - Text '01/12/2018' is set on object 'Object Repository/Modulo Tarea Administracion Compensacion/Liquidacion Periodica/input_Fecha Inicial _form_liqu'

2022-03-09 12:17:57 - [TEST_STEP][PASSED] - sendKeys(findTestObject("Modulo Tarea Administracion Compensacion/Liquidacion Periodica/input_Fecha Inicial _form_liqu"), Keys.chord(ENTER)): Keys 'ENTER + ' sent to object: 'Object Repository/Modulo Tarea Administracion Compensacion/Liquidacion Periodica/input_Fecha Inicial _form_liqu'

2022-03-09 12:17:58 - [MESSAGE][PASSED] - Keys 'ENTER + ' sent to object: 'Object Repository/Modulo Tarea Administracion Compensacion/Liquidacion Periodica/input_Fecha Inicial _form_liqu'

2022-03-09 12:17:58 - [TEST_STEP][PASSED] - waitForElementClickable(findTestObject("Modulo Tarea Administracion Compensacion/Liquidacion Periodica/a_Guardar"), 0): Object 'Object Repository/Modulo Tarea Administracion Compensacion/Liquidacion Periodica/a_Guardar' is clickable

2022-03-09 12:17:58 - [MESSAGE][WARNING] - Timeout '0' is invalid. Using default page load timeout: '30'

2022-03-09 12:17:58 - [MESSAGE][PASSED] - Object 'Object Repository/Modulo Tarea Administracion Compensacion/Liquidacion Periodica/a_Guardar' is clickable

2022-03-09 12:17:58 - [TEST_STEP][PASSED] - click(findTestObject("Modulo Tarea Administracion Compensacion/Liquidacion Periodica/a_Guardar")): Object: 'Object Repository/Modulo Tarea Administracion Compensacion/Liquidacion Periodica/a_Guardar' is clicked on

2022-03-09 12:17:59 - [MESSAGE][PASSED] - Object: 'Object Repository/Modulo Tarea Administracion Compensacion/Liquidacion Periodica/a_Guardar' is clicked on

2022-03-09 12:17:59 - [TEST_STEP][PASSED] - x = getText(findTestObject("Alerta/Alerta")): Text of object 'Object Repository/Alerta/Alerta' is: 'Se modifico el registro satisfactoriamente'

2022-03-09 12:18:00 - [MESSAGE][PASSED] - Text of object 'Object Repository/Alerta/Alerta' is: 'Se modifico el registro satisfactoriamente'

2022-03-09 12:18:00 - [TEST_STEP][PASSED] - if (x.equals("Se modifico el registro satisfactoriamente")): Browser is closed

2022-03-09 12:18:00 - [TEST_STEP][PASSED] - closeBrowser(): Browser is closed

2022-03-09 12:18:02 - [MESSAGE][PASSED] - Browser is closed]]></system-out>
         <system-err><![CDATA[]]></system-err>
      </testcase>
      <testcase name="Test Cases/1.1-Tareas Principales/1.2.8-Embargos" time="22.671" classname="Test Cases/1.1-Tareas Principales/1.2.8-Embargos" status="PASSED">
         <system-out><![CDATA[2022-03-09 12:18:02 - [TEST_CASE][PASSED] - Test Cases/1.1-Tareas Principales/1.2.8-Embargos: Test Cases/1.1-Tareas Principales/1.2.8-Embargos

2022-03-09 12:18:03 - [TEST_STEP][PASSED] - callTestCase(findTestCase("Utilidades-(atajos_para _tareas)/Tareas Administracion Compensacion/Tarea Listado Empleados"), [:], STOP_ON_FAILURE): Call Test Case 'Test Cases/Utilidades-(atajos_para _tareas)/Tareas Administracion Compensacion/Tarea Listado Empleados' successfully

2022-03-09 12:18:03 - [TEST_CASE][PASSED] - Test Cases/Utilidades-(atajos_para _tareas)/Tareas Administracion Compensacion/Tarea Listado Empleados: Test Cases/Utilidades-(atajos_para _tareas)/Tareas Administracion Compensacion/Tarea Listado Empleados

2022-03-09 12:18:03 - [TEST_STEP][PASSED] - callTestCase(findTestCase("0.1-Login"), [:], STOP_ON_FAILURE): Call Test Case 'Test Cases/0.1-Login' successfully

2022-03-09 12:18:03 - [TEST_CASE][PASSED] - Test Cases/0.1-Login: Test Cases/0.1-Login

2022-03-09 12:18:03 - [TEST_STEP][PASSED] - openBrowser(""): Browser is opened with url: ''

2022-03-09 12:18:03 - [MESSAGE][INFO] - Starting 'Chrome' driver

2022-03-09 12:18:03 - [MESSAGE][INFO] - Action delay is set to 0 milliseconds

2022-03-09 12:18:05 - [MESSAGE][PASSED] - Browser is opened with url: ''

2022-03-09 12:18:05 - [TEST_STEP][PASSED] - maximizeWindow(): Current window maximized

2022-03-09 12:18:05 - [MESSAGE][PASSED] - Current window maximized

2022-03-09 12:18:05 - [TEST_STEP][PASSED] - i = G_Login: null

2022-03-09 12:18:05 - [TEST_STEP][PASSED] - url = new java.net.URL(i): null

2022-03-09 12:18:05 - [TEST_STEP][PASSED] - println("URL: " + url.toString()): null

2022-03-09 12:18:05 - [TEST_STEP][PASSED] - connection = url.openConnection(): null

2022-03-09 12:18:05 - [TEST_STEP][PASSED] - connection.setRequestMethod("GET"): null

2022-03-09 12:18:05 - [TEST_STEP][PASSED] - connection.setReadTimeout(2 * 1000): null

2022-03-09 12:18:05 - [TEST_STEP][PASSED] - try: null

2022-03-09 12:18:05 - [TEST_STEP][PASSED] - connection.connect(): null

2022-03-09 12:18:05 - [TEST_STEP][PASSED] - flag = connected: null

2022-03-09 12:18:05 - [TEST_STEP][PASSED] - println("Valor_ori: " + flag): null

2022-03-09 12:18:05 - [TEST_STEP][PASSED] - if (flag): null

2022-03-09 12:18:05 - [TEST_STEP][PASSED] - navigateToUrl(i): Navigate to 'http://192.168.2.80:8380/saraweb' successfully

2022-03-09 12:18:06 - [MESSAGE][PASSED] - Navigate to 'http://192.168.2.80:8380/saraweb' successfully

2022-03-09 12:18:06 - [TEST_STEP][PASSED] - a(): null

2022-03-09 12:18:06 - [TEST_STEP][PASSED] - setText(findTestObject("Login/input_USUARIO_loginusuario"), G_Usuario): Text 'saraadmin' is set on object 'Object Repository/Login/input_USUARIO_loginusuario'

2022-03-09 12:18:07 - [MESSAGE][PASSED] - Text 'saraadmin' is set on object 'Object Repository/Login/input_USUARIO_loginusuario'

2022-03-09 12:18:07 - [TEST_STEP][PASSED] - setEncryptedText(findTestObject("Login/input_CLAVE_loginpassword"), "MkG4/TYiCFC3cb2driP7+Q=="): Text ****** has been set on object 'Object Repository/Login/input_CLAVE_loginpassword'

2022-03-09 12:18:07 - [MESSAGE][PASSED] - Text ****** has been set on object 'Object Repository/Login/input_CLAVE_loginpassword'

2022-03-09 12:18:07 - [TEST_STEP][PASSED] - waitForElementClickable(findTestObject("Login/a_Ingresar"), G_TimeOut): Object 'Object Repository/Login/a_Ingresar' is clickable

2022-03-09 12:18:08 - [MESSAGE][PASSED] - Object 'Object Repository/Login/a_Ingresar' is clickable

2022-03-09 12:18:08 - [TEST_STEP][PASSED] - click(findTestObject("Login/a_Ingresar")): Object: 'Object Repository/Login/a_Ingresar' is clicked on

2022-03-09 12:18:09 - [MESSAGE][PASSED] - Object: 'Object Repository/Login/a_Ingresar' is clicked on

2022-03-09 12:18:09 - [TEST_STEP][PASSED] - element = findWebElement(findTestObject("Login/a_Ir"), 30): null

2022-03-09 12:18:10 - [TEST_STEP][PASSED] - executeJavaScript("arguments[0].click()", Arrays.asList(element)): Execute JavaScript 'arguments[0].click()' successfully

2022-03-09 12:18:10 - [MESSAGE][PASSED] - Execute JavaScript 'arguments[0].click()' successfully

2022-03-09 12:18:10 - [MESSAGE][PASSED] - Call Test Case 'Test Cases/0.1-Login' successfully

2022-03-09 12:18:10 - [TEST_STEP][PASSED] - setText(findTestObject("Modulo Tarea Listado Hojas de Vida/Tareas Listado Hojas de Vida/input_Listado Hojas De Vida_form_templatej_idt24_input"), "Listado de Empleados"): Text 'Listado de Empleados' is set on object 'Object Repository/Modulo Tarea Listado Hojas de Vida/Tareas Listado Hojas de Vida/input_Listado Hojas De Vida_form_templatej_idt24_input'

2022-03-09 12:18:11 - [MESSAGE][PASSED] - Text 'Listado de Empleados' is set on object 'Object Repository/Modulo Tarea Listado Hojas de Vida/Tareas Listado Hojas de Vida/input_Listado Hojas De Vida_form_templatej_idt24_input'

2022-03-09 12:18:11 - [TEST_STEP][PASSED] - delay(3): Delayed 3 second(s)

2022-03-09 12:18:14 - [MESSAGE][PASSED] - Delayed 3 second(s)

2022-03-09 12:18:14 - [TEST_STEP][PASSED] - sendKeys(findTestObject("Modulo Tarea Listado Hojas de Vida/Tareas Listado Hojas de Vida/input_Listado Hojas De Vida_form_templatej_idt24_input"), Keys.chord(ENTER)): Keys 'ENTER + ' sent to object: 'Object Repository/Modulo Tarea Listado Hojas de Vida/Tareas Listado Hojas de Vida/input_Listado Hojas De Vida_form_templatej_idt24_input'

2022-03-09 12:18:15 - [MESSAGE][PASSED] - Keys 'ENTER + ' sent to object: 'Object Repository/Modulo Tarea Listado Hojas de Vida/Tareas Listado Hojas de Vida/input_Listado Hojas De Vida_form_templatej_idt24_input'

2022-03-09 12:18:15 - [MESSAGE][PASSED] - Call Test Case 'Test Cases/Utilidades-(atajos_para _tareas)/Tareas Administracion Compensacion/Tarea Listado Empleados' successfully

2022-03-09 12:18:15 - [TEST_STEP][PASSED] - waitForElementClickable(findTestObject("Modulo Tarea Administracion Compensacion/Embargos/input_Identificacin_listadoEmp"), 0): Object 'Object Repository/Modulo Tarea Administracion Compensacion/Embargos/input_Identificacin_listadoEmp' is clickable

2022-03-09 12:18:15 - [MESSAGE][WARNING] - Timeout '0' is invalid. Using default page load timeout: '30'

2022-03-09 12:18:16 - [MESSAGE][PASSED] - Object 'Object Repository/Modulo Tarea Administracion Compensacion/Embargos/input_Identificacin_listadoEmp' is clickable

2022-03-09 12:18:16 - [TEST_STEP][PASSED] - setText(findTestObject("Modulo Tarea Administracion Compensacion/Embargos/input_Identificacin_listadoEmp"), "354968431354"): Text '354968431354' is set on object 'Object Repository/Modulo Tarea Administracion Compensacion/Embargos/input_Identificacin_listadoEmp'

2022-03-09 12:18:17 - [MESSAGE][PASSED] - Text '354968431354' is set on object 'Object Repository/Modulo Tarea Administracion Compensacion/Embargos/input_Identificacin_listadoEmp'

2022-03-09 12:18:17 - [TEST_STEP][PASSED] - sendKeys(findTestObject("Modulo Tarea Administracion Compensacion/Embargos/input_Identificacin_listadoEmp"), Keys.chord(ENTER)): Keys 'ENTER + ' sent to object: 'Object Repository/Modulo Tarea Administracion Compensacion/Embargos/input_Identificacin_listadoEmp'

2022-03-09 12:18:17 - [MESSAGE][PASSED] - Keys 'ENTER + ' sent to object: 'Object Repository/Modulo Tarea Administracion Compensacion/Embargos/input_Identificacin_listadoEmp'

2022-03-09 12:18:17 - [TEST_STEP][PASSED] - click(findTestObject("Modulo Tarea Administracion Compensacion/Embargos/span_CONSTA BELFEGORD JHON")): Object: 'Object Repository/Modulo Tarea Administracion Compensacion/Embargos/span_CONSTA BELFEGORD JHON' is clicked on

2022-03-09 12:18:18 - [MESSAGE][PASSED] - Object: 'Object Repository/Modulo Tarea Administracion Compensacion/Embargos/span_CONSTA BELFEGORD JHON' is clicked on

2022-03-09 12:18:18 - [TEST_STEP][PASSED] - click(findTestObject("Modulo Tarea Administracion Compensacion/Embargos/span_Embargos")): Object: 'Object Repository/Modulo Tarea Administracion Compensacion/Embargos/span_Embargos' is clicked on

2022-03-09 12:18:19 - [MESSAGE][PASSED] - Object: 'Object Repository/Modulo Tarea Administracion Compensacion/Embargos/span_Embargos' is clicked on

2022-03-09 12:18:19 - [TEST_STEP][PASSED] - click(findTestObject("Modulo Tarea Administracion Compensacion/Embargos/a_Nuevo")): Object: 'Object Repository/Modulo Tarea Administracion Compensacion/Embargos/a_Nuevo' is clicked on

2022-03-09 12:18:19 - [MESSAGE][PASSED] - Object: 'Object Repository/Modulo Tarea Administracion Compensacion/Embargos/a_Nuevo' is clicked on

2022-03-09 12:18:19 - [TEST_STEP][PASSED] - selectOptionByValue(findTestObject("Modulo Tarea Administracion Compensacion/Embargos/select_-- seleccione --E5 - EM"), "E5", true): All options with value 'E5' are selected in object 'Object Repository/Modulo Tarea Administracion Compensacion/Embargos/select_-- seleccione --E5 - EM'  using regular expression

2022-03-09 12:18:21 - [MESSAGE][PASSED] - All options with value 'E5' are selected in object 'Object Repository/Modulo Tarea Administracion Compensacion/Embargos/select_-- seleccione --E5 - EM'  using regular expression

2022-03-09 12:18:21 - [TEST_STEP][PASSED] - setText(findTestObject("Modulo Tarea Administracion Compensacion/Embargos/input_Fecha Inicial _form_emba"), "27/12/2018"): Text '27/12/2018' is set on object 'Object Repository/Modulo Tarea Administracion Compensacion/Embargos/input_Fecha Inicial _form_emba'

2022-03-09 12:18:22 - [MESSAGE][PASSED] - Text '27/12/2018' is set on object 'Object Repository/Modulo Tarea Administracion Compensacion/Embargos/input_Fecha Inicial _form_emba'

2022-03-09 12:18:22 - [TEST_STEP][PASSED] - sendKeys(findTestObject("Modulo Tarea Administracion Compensacion/Embargos/input_Fecha Inicial _form_emba"), Keys.chord(ENTER)): Keys 'ENTER + ' sent to object: 'Object Repository/Modulo Tarea Administracion Compensacion/Embargos/input_Fecha Inicial _form_emba'

2022-03-09 12:18:23 - [MESSAGE][PASSED] - Keys 'ENTER + ' sent to object: 'Object Repository/Modulo Tarea Administracion Compensacion/Embargos/input_Fecha Inicial _form_emba'

2022-03-09 12:18:23 - [TEST_STEP][PASSED] - click(findTestObject("Modulo Tarea Administracion Compensacion/Embargos/a_Guardar")): Object: 'Object Repository/Modulo Tarea Administracion Compensacion/Embargos/a_Guardar' is clicked on

2022-03-09 12:18:23 - [MESSAGE][PASSED] - Object: 'Object Repository/Modulo Tarea Administracion Compensacion/Embargos/a_Guardar' is clicked on

2022-03-09 12:18:23 - [TEST_STEP][PASSED] - getText(findTestObject("Alerta/Alerta")): Text of object 'Object Repository/Alerta/Alerta' is: 'Se modifico el registro satisfactoriamente'

2022-03-09 12:18:24 - [MESSAGE][PASSED] - Text of object 'Object Repository/Alerta/Alerta' is: 'Se modifico el registro satisfactoriamente'

2022-03-09 12:18:24 - [TEST_STEP][PASSED] - closeBrowser(): Browser is closed

2022-03-09 12:18:25 - [MESSAGE][PASSED] - Browser is closed]]></system-out>
         <system-err><![CDATA[]]></system-err>
      </testcase>
      <testcase name="Test Cases/1.1-Tareas Principales/1.2.9-Novedad" time="66.572" classname="Test Cases/1.1-Tareas Principales/1.2.9-Novedad" status="PASSED">
         <system-out><![CDATA[2022-03-09 12:18:25 - [TEST_CASE][PASSED] - Test Cases/1.1-Tareas Principales/1.2.9-Novedad: Test Cases/1.1-Tareas Principales/1.2.9-Novedad

2022-03-09 12:18:26 - [TEST_STEP][PASSED] - callTestCase(findTestCase("Utilidades-(atajos_para _tareas)/Tareas Administracion Compensacion/Tarea Listado Empleados"), [:], STOP_ON_FAILURE): Call Test Case 'Test Cases/Utilidades-(atajos_para _tareas)/Tareas Administracion Compensacion/Tarea Listado Empleados' successfully

2022-03-09 12:18:26 - [TEST_CASE][PASSED] - Test Cases/Utilidades-(atajos_para _tareas)/Tareas Administracion Compensacion/Tarea Listado Empleados: Test Cases/Utilidades-(atajos_para _tareas)/Tareas Administracion Compensacion/Tarea Listado Empleados

2022-03-09 12:18:26 - [TEST_STEP][PASSED] - callTestCase(findTestCase("0.1-Login"), [:], STOP_ON_FAILURE): Call Test Case 'Test Cases/0.1-Login' successfully

2022-03-09 12:18:26 - [TEST_CASE][PASSED] - Test Cases/0.1-Login: Test Cases/0.1-Login

2022-03-09 12:18:26 - [TEST_STEP][PASSED] - openBrowser(""): Browser is opened with url: ''

2022-03-09 12:18:26 - [MESSAGE][INFO] - Starting 'Chrome' driver

2022-03-09 12:18:26 - [MESSAGE][INFO] - Action delay is set to 0 milliseconds

2022-03-09 12:18:27 - [MESSAGE][PASSED] - Browser is opened with url: ''

2022-03-09 12:18:27 - [TEST_STEP][PASSED] - maximizeWindow(): Current window maximized

2022-03-09 12:18:27 - [MESSAGE][PASSED] - Current window maximized

2022-03-09 12:18:27 - [TEST_STEP][PASSED] - i = G_Login: null

2022-03-09 12:18:27 - [TEST_STEP][PASSED] - url = new java.net.URL(i): null

2022-03-09 12:18:27 - [TEST_STEP][PASSED] - println("URL: " + url.toString()): null

2022-03-09 12:18:27 - [TEST_STEP][PASSED] - connection = url.openConnection(): null

2022-03-09 12:18:27 - [TEST_STEP][PASSED] - connection.setRequestMethod("GET"): null

2022-03-09 12:18:27 - [TEST_STEP][PASSED] - connection.setReadTimeout(2 * 1000): null

2022-03-09 12:18:27 - [TEST_STEP][PASSED] - try: null

2022-03-09 12:18:27 - [TEST_STEP][PASSED] - connection.connect(): null

2022-03-09 12:18:27 - [TEST_STEP][PASSED] - flag = connected: null

2022-03-09 12:18:27 - [TEST_STEP][PASSED] - println("Valor_ori: " + flag): null

2022-03-09 12:18:27 - [TEST_STEP][PASSED] - if (flag): null

2022-03-09 12:18:27 - [TEST_STEP][PASSED] - navigateToUrl(i): Navigate to 'http://192.168.2.80:8380/saraweb' successfully

2022-03-09 12:18:28 - [MESSAGE][PASSED] - Navigate to 'http://192.168.2.80:8380/saraweb' successfully

2022-03-09 12:18:28 - [TEST_STEP][PASSED] - a(): null

2022-03-09 12:18:28 - [TEST_STEP][PASSED] - setText(findTestObject("Login/input_USUARIO_loginusuario"), G_Usuario): Text 'saraadmin' is set on object 'Object Repository/Login/input_USUARIO_loginusuario'

2022-03-09 12:18:29 - [MESSAGE][PASSED] - Text 'saraadmin' is set on object 'Object Repository/Login/input_USUARIO_loginusuario'

2022-03-09 12:18:29 - [TEST_STEP][PASSED] - setEncryptedText(findTestObject("Login/input_CLAVE_loginpassword"), "MkG4/TYiCFC3cb2driP7+Q=="): Text ****** has been set on object 'Object Repository/Login/input_CLAVE_loginpassword'

2022-03-09 12:18:29 - [MESSAGE][PASSED] - Text ****** has been set on object 'Object Repository/Login/input_CLAVE_loginpassword'

2022-03-09 12:18:29 - [TEST_STEP][PASSED] - waitForElementClickable(findTestObject("Login/a_Ingresar"), G_TimeOut): Object 'Object Repository/Login/a_Ingresar' is clickable

2022-03-09 12:18:30 - [MESSAGE][PASSED] - Object 'Object Repository/Login/a_Ingresar' is clickable

2022-03-09 12:18:30 - [TEST_STEP][PASSED] - click(findTestObject("Login/a_Ingresar")): Object: 'Object Repository/Login/a_Ingresar' is clicked on

2022-03-09 12:18:31 - [MESSAGE][PASSED] - Object: 'Object Repository/Login/a_Ingresar' is clicked on

2022-03-09 12:18:31 - [TEST_STEP][PASSED] - element = findWebElement(findTestObject("Login/a_Ir"), 30): null

2022-03-09 12:18:32 - [TEST_STEP][PASSED] - executeJavaScript("arguments[0].click()", Arrays.asList(element)): Execute JavaScript 'arguments[0].click()' successfully

2022-03-09 12:18:32 - [MESSAGE][PASSED] - Execute JavaScript 'arguments[0].click()' successfully

2022-03-09 12:18:32 - [MESSAGE][PASSED] - Call Test Case 'Test Cases/0.1-Login' successfully

2022-03-09 12:18:32 - [TEST_STEP][PASSED] - setText(findTestObject("Modulo Tarea Listado Hojas de Vida/Tareas Listado Hojas de Vida/input_Listado Hojas De Vida_form_templatej_idt24_input"), "Listado de Empleados"): Text 'Listado de Empleados' is set on object 'Object Repository/Modulo Tarea Listado Hojas de Vida/Tareas Listado Hojas de Vida/input_Listado Hojas De Vida_form_templatej_idt24_input'

2022-03-09 12:18:33 - [MESSAGE][PASSED] - Text 'Listado de Empleados' is set on object 'Object Repository/Modulo Tarea Listado Hojas de Vida/Tareas Listado Hojas de Vida/input_Listado Hojas De Vida_form_templatej_idt24_input'

2022-03-09 12:18:33 - [TEST_STEP][PASSED] - delay(3): Delayed 3 second(s)

2022-03-09 12:18:36 - [MESSAGE][PASSED] - Delayed 3 second(s)

2022-03-09 12:18:36 - [TEST_STEP][PASSED] - sendKeys(findTestObject("Modulo Tarea Listado Hojas de Vida/Tareas Listado Hojas de Vida/input_Listado Hojas De Vida_form_templatej_idt24_input"), Keys.chord(ENTER)): Keys 'ENTER + ' sent to object: 'Object Repository/Modulo Tarea Listado Hojas de Vida/Tareas Listado Hojas de Vida/input_Listado Hojas De Vida_form_templatej_idt24_input'

2022-03-09 12:18:37 - [MESSAGE][PASSED] - Keys 'ENTER + ' sent to object: 'Object Repository/Modulo Tarea Listado Hojas de Vida/Tareas Listado Hojas de Vida/input_Listado Hojas De Vida_form_templatej_idt24_input'

2022-03-09 12:18:37 - [MESSAGE][PASSED] - Call Test Case 'Test Cases/Utilidades-(atajos_para _tareas)/Tareas Administracion Compensacion/Tarea Listado Empleados' successfully

2022-03-09 12:18:37 - [TEST_STEP][PASSED] - waitForElementClickable(findTestObject("Modulo Tarea Administracion Compensacion/Novedades/input_Identificacin_listadoEmp"), 0): Object 'Object Repository/Modulo Tarea Administracion Compensacion/Novedades/input_Identificacin_listadoEmp' is clickable

2022-03-09 12:18:37 - [MESSAGE][WARNING] - Timeout '0' is invalid. Using default page load timeout: '30'

2022-03-09 12:18:38 - [MESSAGE][PASSED] - Object 'Object Repository/Modulo Tarea Administracion Compensacion/Novedades/input_Identificacin_listadoEmp' is clickable

2022-03-09 12:18:38 - [TEST_STEP][PASSED] - setText(findTestObject("Modulo Tarea Administracion Compensacion/Novedades/input_Identificacin_listadoEmp"), "354968431354"): Text '354968431354' is set on object 'Object Repository/Modulo Tarea Administracion Compensacion/Novedades/input_Identificacin_listadoEmp'

2022-03-09 12:18:39 - [MESSAGE][PASSED] - Text '354968431354' is set on object 'Object Repository/Modulo Tarea Administracion Compensacion/Novedades/input_Identificacin_listadoEmp'

2022-03-09 12:18:39 - [TEST_STEP][PASSED] - delay(1): Delayed 1 second(s)

2022-03-09 12:18:40 - [MESSAGE][PASSED] - Delayed 1 second(s)

2022-03-09 12:18:40 - [TEST_STEP][PASSED] - sendKeys(findTestObject("Modulo Tarea Administracion Compensacion/Novedades/input_Identificacin_listadoEmp"), Keys.chord(ENTER)): Keys 'ENTER + ' sent to object: 'Object Repository/Modulo Tarea Administracion Compensacion/Novedades/input_Identificacin_listadoEmp'

2022-03-09 12:18:40 - [MESSAGE][PASSED] - Keys 'ENTER + ' sent to object: 'Object Repository/Modulo Tarea Administracion Compensacion/Novedades/input_Identificacin_listadoEmp'

2022-03-09 12:18:40 - [TEST_STEP][PASSED] - waitForElementClickable(findTestObject("Modulo Tarea Administracion Compensacion/Novedades/span_CONSTA BELFEGORD JHON"), G_TimeOut): Object 'Object Repository/Modulo Tarea Administracion Compensacion/Novedades/span_CONSTA BELFEGORD JHON' is clickable

2022-03-09 12:18:42 - [MESSAGE][PASSED] - Object 'Object Repository/Modulo Tarea Administracion Compensacion/Novedades/span_CONSTA BELFEGORD JHON' is clickable

2022-03-09 12:18:42 - [TEST_STEP][PASSED] - click(findTestObject("Modulo Tarea Administracion Compensacion/Novedades/span_CONSTA BELFEGORD JHON")): Object: 'Object Repository/Modulo Tarea Administracion Compensacion/Novedades/span_CONSTA BELFEGORD JHON' is clicked on

2022-03-09 12:18:42 - [MESSAGE][PASSED] - Object: 'Object Repository/Modulo Tarea Administracion Compensacion/Novedades/span_CONSTA BELFEGORD JHON' is clicked on

2022-03-09 12:18:42 - [TEST_STEP][PASSED] - waitForElementClickable(findTestObject("Modulo Tarea Administracion Compensacion/Novedades/span_Novedades"), G_TimeOut): Object 'Object Repository/Modulo Tarea Administracion Compensacion/Novedades/span_Novedades' is clickable

2022-03-09 12:18:43 - [MESSAGE][PASSED] - Object 'Object Repository/Modulo Tarea Administracion Compensacion/Novedades/span_Novedades' is clickable

2022-03-09 12:18:43 - [TEST_STEP][PASSED] - click(findTestObject("Modulo Tarea Administracion Compensacion/Novedades/span_Novedades")): Object: 'Object Repository/Modulo Tarea Administracion Compensacion/Novedades/span_Novedades' is clicked on

2022-03-09 12:18:43 - [MESSAGE][PASSED] - Object: 'Object Repository/Modulo Tarea Administracion Compensacion/Novedades/span_Novedades' is clicked on

2022-03-09 12:18:43 - [TEST_STEP][PASSED] - waitForElementClickable(findTestObject("Modulo Tarea Administracion Compensacion/Novedades/span_Nuevo"), G_TimeOut): Object 'Object Repository/Modulo Tarea Administracion Compensacion/Novedades/span_Nuevo' is clickable

2022-03-09 12:18:44 - [MESSAGE][PASSED] - Object 'Object Repository/Modulo Tarea Administracion Compensacion/Novedades/span_Nuevo' is clickable

2022-03-09 12:18:44 - [TEST_STEP][PASSED] - click(findTestObject("Modulo Tarea Administracion Compensacion/Novedades/span_Nuevo")): Object: 'Object Repository/Modulo Tarea Administracion Compensacion/Novedades/span_Nuevo' is clicked on

2022-03-09 12:18:44 - [MESSAGE][PASSED] - Object: 'Object Repository/Modulo Tarea Administracion Compensacion/Novedades/span_Nuevo' is clicked on

2022-03-09 12:18:44 - [TEST_STEP][PASSED] - click(findTestObject("Modulo Tarea Administracion Compensacion/Novedades/span_Adicionar entidad de AFC")): Object: 'Object Repository/Modulo Tarea Administracion Compensacion/Novedades/span_Adicionar entidad de AFC' is clicked on

2022-03-09 12:18:45 - [MESSAGE][PASSED] - Object: 'Object Repository/Modulo Tarea Administracion Compensacion/Novedades/span_Adicionar entidad de AFC' is clicked on

2022-03-09 12:18:45 - [TEST_STEP][PASSED] - delay(30): Delayed 30 second(s)

2022-03-09 12:19:15 - [MESSAGE][PASSED] - Delayed 30 second(s)

2022-03-09 12:19:15 - [TEST_STEP][PASSED] - setText(findTestObject("Modulo Tarea Administracion Compensacion/Novedades/input_Desde_form_novedadesEmpl"), "01/12/2018"): Text '01/12/2018' is set on object 'Object Repository/Modulo Tarea Administracion Compensacion/Novedades/input_Desde_form_novedadesEmpl'

2022-03-09 12:19:17 - [MESSAGE][PASSED] - Text '01/12/2018' is set on object 'Object Repository/Modulo Tarea Administracion Compensacion/Novedades/input_Desde_form_novedadesEmpl'

2022-03-09 12:19:17 - [TEST_STEP][PASSED] - sendKeys(findTestObject("Modulo Tarea Administracion Compensacion/Novedades/input_Desde_form_novedadesEmpl"), Keys.chord(ENTER)): Keys 'ENTER + ' sent to object: 'Object Repository/Modulo Tarea Administracion Compensacion/Novedades/input_Desde_form_novedadesEmpl'

2022-03-09 12:19:17 - [MESSAGE][PASSED] - Keys 'ENTER + ' sent to object: 'Object Repository/Modulo Tarea Administracion Compensacion/Novedades/input_Desde_form_novedadesEmpl'

2022-03-09 12:19:17 - [TEST_STEP][PASSED] - setText(findTestObject("Modulo Tarea Administracion Compensacion/Novedades/input_Hasta_form_novedadesEmpl"), "31/01/2019"): Text '31/01/2019' is set on object 'Object Repository/Modulo Tarea Administracion Compensacion/Novedades/input_Hasta_form_novedadesEmpl'

2022-03-09 12:19:18 - [MESSAGE][PASSED] - Text '31/01/2019' is set on object 'Object Repository/Modulo Tarea Administracion Compensacion/Novedades/input_Hasta_form_novedadesEmpl'

2022-03-09 12:19:18 - [TEST_STEP][PASSED] - sendKeys(findTestObject("Modulo Tarea Administracion Compensacion/Novedades/input_Hasta_form_novedadesEmpl"), Keys.chord(ENTER)): Keys 'ENTER + ' sent to object: 'Object Repository/Modulo Tarea Administracion Compensacion/Novedades/input_Hasta_form_novedadesEmpl'

2022-03-09 12:19:19 - [MESSAGE][PASSED] - Keys 'ENTER + ' sent to object: 'Object Repository/Modulo Tarea Administracion Compensacion/Novedades/input_Hasta_form_novedadesEmpl'

2022-03-09 12:19:19 - [TEST_STEP][PASSED] - waitForElementClickable(findTestObject("Modulo Tarea Administracion Compensacion/Novedades/a_Sucursal_form_novedadesEmple"), G_TimeOut): Object 'Object Repository/Modulo Tarea Administracion Compensacion/Novedades/a_Sucursal_form_novedadesEmple' is clickable

2022-03-09 12:19:19 - [MESSAGE][PASSED] - Object 'Object Repository/Modulo Tarea Administracion Compensacion/Novedades/a_Sucursal_form_novedadesEmple' is clickable

2022-03-09 12:19:19 - [TEST_STEP][PASSED] - click(findTestObject("Modulo Tarea Administracion Compensacion/Novedades/a_Sucursal_form_novedadesEmple")): Object: 'Object Repository/Modulo Tarea Administracion Compensacion/Novedades/a_Sucursal_form_novedadesEmple' is clicked on

2022-03-09 12:19:20 - [MESSAGE][PASSED] - Object: 'Object Repository/Modulo Tarea Administracion Compensacion/Novedades/a_Sucursal_form_novedadesEmple' is clicked on

2022-03-09 12:19:20 - [TEST_STEP][PASSED] - waitForElementClickable(findTestObject("Modulo Tarea Administracion Compensacion/Novedades/span_AFC - HELM BANK"), G_TimeOut): Object 'Object Repository/Modulo Tarea Administracion Compensacion/Novedades/span_AFC - HELM BANK' is clickable

2022-03-09 12:19:20 - [MESSAGE][PASSED] - Object 'Object Repository/Modulo Tarea Administracion Compensacion/Novedades/span_AFC - HELM BANK' is clickable

2022-03-09 12:19:20 - [TEST_STEP][PASSED] - click(findTestObject("Modulo Tarea Administracion Compensacion/Novedades/span_AFC - HELM BANK")): Object: 'Object Repository/Modulo Tarea Administracion Compensacion/Novedades/span_AFC - HELM BANK' is clicked on

2022-03-09 12:19:21 - [MESSAGE][PASSED] - Object: 'Object Repository/Modulo Tarea Administracion Compensacion/Novedades/span_AFC - HELM BANK' is clicked on

2022-03-09 12:19:21 - [TEST_STEP][PASSED] - click(findTestObject("Modulo Tarea Administracion Compensacion/Novedades/input_Cuenta_form_novedadesEmp")): Object: 'Object Repository/Modulo Tarea Administracion Compensacion/Novedades/input_Cuenta_form_novedadesEmp' is clicked on

2022-03-09 12:19:22 - [MESSAGE][PASSED] - Object: 'Object Repository/Modulo Tarea Administracion Compensacion/Novedades/input_Cuenta_form_novedadesEmp' is clicked on

2022-03-09 12:19:22 - [TEST_STEP][PASSED] - setText(findTestObject("Modulo Tarea Administracion Compensacion/Novedades/input_Cuenta_form_novedadesEmp"), "63483135434398"): Text '63483135434398' is set on object 'Object Repository/Modulo Tarea Administracion Compensacion/Novedades/input_Cuenta_form_novedadesEmp'

2022-03-09 12:19:22 - [MESSAGE][PASSED] - Text '63483135434398' is set on object 'Object Repository/Modulo Tarea Administracion Compensacion/Novedades/input_Cuenta_form_novedadesEmp'

2022-03-09 12:19:22 - [TEST_STEP][PASSED] - click(findTestObject("Modulo Tarea Administracion Compensacion/Novedades/input_Valor_form_novedadesEmpl"), STOP_ON_FAILURE): Object: 'Object Repository/Modulo Tarea Administracion Compensacion/Novedades/input_Valor_form_novedadesEmpl' is clicked on

2022-03-09 12:19:23 - [MESSAGE][PASSED] - Object: 'Object Repository/Modulo Tarea Administracion Compensacion/Novedades/input_Valor_form_novedadesEmpl' is clicked on

2022-03-09 12:19:23 - [TEST_STEP][PASSED] - setText(findTestObject("Modulo Tarea Administracion Compensacion/Novedades/input_Valor_form_novedadesEmpl"), "100"): Text '100' is set on object 'Object Repository/Modulo Tarea Administracion Compensacion/Novedades/input_Valor_form_novedadesEmpl'

2022-03-09 12:19:24 - [MESSAGE][PASSED] - Text '100' is set on object 'Object Repository/Modulo Tarea Administracion Compensacion/Novedades/input_Valor_form_novedadesEmpl'

2022-03-09 12:19:24 - [TEST_STEP][PASSED] - waitForElementClickable(findTestObject("Modulo Tarea Administracion Compensacion/Novedades/select_-- seleccione --Ciclo 0"), 0, STOP_ON_FAILURE): Object 'Object Repository/Modulo Tarea Administracion Compensacion/Novedades/select_-- seleccione --Ciclo 0' is clickable

2022-03-09 12:19:24 - [MESSAGE][WARNING] - Timeout '0' is invalid. Using default page load timeout: '30'

2022-03-09 12:19:24 - [MESSAGE][PASSED] - Object 'Object Repository/Modulo Tarea Administracion Compensacion/Novedades/select_-- seleccione --Ciclo 0' is clickable

2022-03-09 12:19:24 - [TEST_STEP][PASSED] - selectOptionByValue(findTestObject("Modulo Tarea Administracion Compensacion/Novedades/select_-- seleccione --Ciclo 0"), "1", true): All options with value '1' are selected in object 'Object Repository/Modulo Tarea Administracion Compensacion/Novedades/select_-- seleccione --Ciclo 0'  using regular expression

2022-03-09 12:19:25 - [MESSAGE][PASSED] - All options with value '1' are selected in object 'Object Repository/Modulo Tarea Administracion Compensacion/Novedades/select_-- seleccione --Ciclo 0'  using regular expression

2022-03-09 12:19:25 - [TEST_STEP][PASSED] - click(findTestObject("Modulo Tarea Administracion Compensacion/Novedades/textarea_Observacin_form_noved"), STOP_ON_FAILURE): Object: 'Object Repository/Modulo Tarea Administracion Compensacion/Novedades/textarea_Observacin_form_noved' is clicked on

2022-03-09 12:19:26 - [MESSAGE][PASSED] - Object: 'Object Repository/Modulo Tarea Administracion Compensacion/Novedades/textarea_Observacin_form_noved' is clicked on

2022-03-09 12:19:26 - [TEST_STEP][PASSED] - setText(findTestObject("Modulo Tarea Administracion Compensacion/Novedades/textarea_Observacin_form_noved"), "aaaaaaaaaaa"): Text 'aaaaaaaaaaa' is set on object 'Object Repository/Modulo Tarea Administracion Compensacion/Novedades/textarea_Observacin_form_noved'

2022-03-09 12:19:26 - [MESSAGE][PASSED] - Text 'aaaaaaaaaaa' is set on object 'Object Repository/Modulo Tarea Administracion Compensacion/Novedades/textarea_Observacin_form_noved'

2022-03-09 12:19:26 - [TEST_STEP][PASSED] - waitForElementClickable(findTestObject("Modulo Tarea Administracion Compensacion/Novedades/a_Guardar"), G_TimeOut): Object 'Object Repository/Modulo Tarea Administracion Compensacion/Novedades/a_Guardar' is clickable

2022-03-09 12:19:27 - [MESSAGE][PASSED] - Object 'Object Repository/Modulo Tarea Administracion Compensacion/Novedades/a_Guardar' is clickable

2022-03-09 12:19:27 - [TEST_STEP][PASSED] - click(findTestObject("Modulo Tarea Administracion Compensacion/Novedades/a_Guardar")): Object: 'Object Repository/Modulo Tarea Administracion Compensacion/Novedades/a_Guardar' is clicked on

2022-03-09 12:19:27 - [MESSAGE][PASSED] - Object: 'Object Repository/Modulo Tarea Administracion Compensacion/Novedades/a_Guardar' is clicked on

2022-03-09 12:19:27 - [TEST_STEP][PASSED] - getText(findTestObject("Alerta/Alerta")): Text of object 'Object Repository/Alerta/Alerta' is: 'Registro guardado'

2022-03-09 12:19:31 - [MESSAGE][PASSED] - Text of object 'Object Repository/Alerta/Alerta' is: 'Registro guardado'

2022-03-09 12:19:31 - [TEST_STEP][PASSED] - closeBrowser(): Browser is closed

2022-03-09 12:19:32 - [MESSAGE][PASSED] - Browser is closed]]></system-out>
         <system-err><![CDATA[]]></system-err>
      </testcase>
      <testcase name="Test Cases/1.1-Tareas Principales/1.3.1-Periodo en Proceso - Archivo Plano" time="31.821" classname="Test Cases/1.1-Tareas Principales/1.3.1-Periodo en Proceso - Archivo Plano" status="PASSED">
         <system-out><![CDATA[2022-03-09 12:19:32 - [TEST_CASE][PASSED] - Test Cases/1.1-Tareas Principales/1.3.1-Periodo en Proceso - Archivo Plano: Test Cases/1.1-Tareas Principales/1.3.1-Periodo en Proceso - Archivo Plano

2022-03-09 12:19:32 - [TEST_STEP][PASSED] - callTestCase(findTestCase("Utilidades-(atajos_para _tareas)/Tareas Administracion Compensacion/Tarea Liquidacion Nomina"), [:], STOP_ON_FAILURE): Call Test Case 'Test Cases/Utilidades-(atajos_para _tareas)/Tareas Administracion Compensacion/Tarea Liquidacion Nomina' successfully

2022-03-09 12:19:33 - [TEST_CASE][PASSED] - Test Cases/Utilidades-(atajos_para _tareas)/Tareas Administracion Compensacion/Tarea Liquidacion Nomina: Test Cases/Utilidades-(atajos_para _tareas)/Tareas Administracion Compensacion/Tarea Liquidacion Nomina

2022-03-09 12:19:33 - [TEST_STEP][PASSED] - callTestCase(findTestCase("0.1-Login"), [:], STOP_ON_FAILURE): Call Test Case 'Test Cases/0.1-Login' successfully

2022-03-09 12:19:33 - [TEST_CASE][PASSED] - Test Cases/0.1-Login: Test Cases/0.1-Login

2022-03-09 12:19:33 - [TEST_STEP][PASSED] - openBrowser(""): Browser is opened with url: ''

2022-03-09 12:19:33 - [MESSAGE][INFO] - Starting 'Chrome' driver

2022-03-09 12:19:33 - [MESSAGE][INFO] - Action delay is set to 0 milliseconds

2022-03-09 12:19:35 - [MESSAGE][PASSED] - Browser is opened with url: ''

2022-03-09 12:19:35 - [TEST_STEP][PASSED] - maximizeWindow(): Current window maximized

2022-03-09 12:19:35 - [MESSAGE][PASSED] - Current window maximized

2022-03-09 12:19:35 - [TEST_STEP][PASSED] - i = G_Login: null

2022-03-09 12:19:35 - [TEST_STEP][PASSED] - url = new java.net.URL(i): null

2022-03-09 12:19:35 - [TEST_STEP][PASSED] - println("URL: " + url.toString()): null

2022-03-09 12:19:35 - [TEST_STEP][PASSED] - connection = url.openConnection(): null

2022-03-09 12:19:35 - [TEST_STEP][PASSED] - connection.setRequestMethod("GET"): null

2022-03-09 12:19:35 - [TEST_STEP][PASSED] - connection.setReadTimeout(2 * 1000): null

2022-03-09 12:19:35 - [TEST_STEP][PASSED] - try: null

2022-03-09 12:19:35 - [TEST_STEP][PASSED] - connection.connect(): null

2022-03-09 12:19:35 - [TEST_STEP][PASSED] - flag = connected: null

2022-03-09 12:19:35 - [TEST_STEP][PASSED] - println("Valor_ori: " + flag): null

2022-03-09 12:19:35 - [TEST_STEP][PASSED] - if (flag): null

2022-03-09 12:19:35 - [TEST_STEP][PASSED] - navigateToUrl(i): Navigate to 'http://192.168.2.80:8380/saraweb' successfully

2022-03-09 12:19:35 - [MESSAGE][PASSED] - Navigate to 'http://192.168.2.80:8380/saraweb' successfully

2022-03-09 12:19:35 - [TEST_STEP][PASSED] - a(): null

2022-03-09 12:19:35 - [TEST_STEP][PASSED] - setText(findTestObject("Login/input_USUARIO_loginusuario"), G_Usuario): Text 'saraadmin' is set on object 'Object Repository/Login/input_USUARIO_loginusuario'

2022-03-09 12:19:36 - [MESSAGE][PASSED] - Text 'saraadmin' is set on object 'Object Repository/Login/input_USUARIO_loginusuario'

2022-03-09 12:19:36 - [TEST_STEP][PASSED] - setEncryptedText(findTestObject("Login/input_CLAVE_loginpassword"), "MkG4/TYiCFC3cb2driP7+Q=="): Text ****** has been set on object 'Object Repository/Login/input_CLAVE_loginpassword'

2022-03-09 12:19:37 - [MESSAGE][PASSED] - Text ****** has been set on object 'Object Repository/Login/input_CLAVE_loginpassword'

2022-03-09 12:19:37 - [TEST_STEP][PASSED] - waitForElementClickable(findTestObject("Login/a_Ingresar"), G_TimeOut): Object 'Object Repository/Login/a_Ingresar' is clickable

2022-03-09 12:19:38 - [MESSAGE][PASSED] - Object 'Object Repository/Login/a_Ingresar' is clickable

2022-03-09 12:19:38 - [TEST_STEP][PASSED] - click(findTestObject("Login/a_Ingresar")): Object: 'Object Repository/Login/a_Ingresar' is clicked on

2022-03-09 12:19:39 - [MESSAGE][PASSED] - Object: 'Object Repository/Login/a_Ingresar' is clicked on

2022-03-09 12:19:39 - [TEST_STEP][PASSED] - element = findWebElement(findTestObject("Login/a_Ir"), 30): null

2022-03-09 12:19:39 - [TEST_STEP][PASSED] - executeJavaScript("arguments[0].click()", Arrays.asList(element)): Execute JavaScript 'arguments[0].click()' successfully

2022-03-09 12:19:39 - [MESSAGE][PASSED] - Execute JavaScript 'arguments[0].click()' successfully

2022-03-09 12:19:39 - [MESSAGE][PASSED] - Call Test Case 'Test Cases/0.1-Login' successfully

2022-03-09 12:19:39 - [TEST_STEP][PASSED] - delay(2): Delayed 2 second(s)

2022-03-09 12:19:41 - [MESSAGE][PASSED] - Delayed 2 second(s)

2022-03-09 12:19:41 - [TEST_STEP][PASSED] - setText(findTestObject("Modulo Tarea Administracion Compensacion/Tarea Liquidacion Nomina/input_Listado de Empleados_"), "Liquidacion Nomina"): Text 'Liquidacion Nomina' is set on object 'Object Repository/Modulo Tarea Administracion Compensacion/Tarea Liquidacion Nomina/input_Listado de Empleados_'

2022-03-09 12:19:43 - [MESSAGE][PASSED] - Text 'Liquidacion Nomina' is set on object 'Object Repository/Modulo Tarea Administracion Compensacion/Tarea Liquidacion Nomina/input_Listado de Empleados_'

2022-03-09 12:19:43 - [TEST_STEP][PASSED] - delay(1): Delayed 1 second(s)

2022-03-09 12:19:44 - [MESSAGE][PASSED] - Delayed 1 second(s)

2022-03-09 12:19:44 - [TEST_STEP][PASSED] - sendKeys(findTestObject("Modulo Tarea Administracion Compensacion/Tarea Liquidacion Nomina/input_Listado de Empleados_"), Keys.chord(ENTER)): Keys 'ENTER + ' sent to object: 'Object Repository/Modulo Tarea Administracion Compensacion/Tarea Liquidacion Nomina/input_Listado de Empleados_'

2022-03-09 12:19:45 - [MESSAGE][PASSED] - Keys 'ENTER + ' sent to object: 'Object Repository/Modulo Tarea Administracion Compensacion/Tarea Liquidacion Nomina/input_Listado de Empleados_'

2022-03-09 12:19:45 - [MESSAGE][PASSED] - Call Test Case 'Test Cases/Utilidades-(atajos_para _tareas)/Tareas Administracion Compensacion/Tarea Liquidacion Nomina' successfully

2022-03-09 12:19:45 - [TEST_STEP][PASSED] - waitForElementClickable(findTestObject("Modulo Tarea Administracion Compensacion/Periodo en Proceso - Archivo Plano/a_Periodo Nomina_LiquidacionNominaj_idt63"), G_TimeOut): Object 'Object Repository/Modulo Tarea Administracion Compensacion/Periodo en Proceso - Archivo Plano/a_Periodo Nomina_LiquidacionNominaj_idt63' is clickable

2022-03-09 12:19:45 - [MESSAGE][PASSED] - Object 'Object Repository/Modulo Tarea Administracion Compensacion/Periodo en Proceso - Archivo Plano/a_Periodo Nomina_LiquidacionNominaj_idt63' is clickable

2022-03-09 12:19:45 - [TEST_STEP][PASSED] - click(findTestObject("Modulo Tarea Administracion Compensacion/Periodo en Proceso - Archivo Plano/a_Periodo Nomina_LiquidacionNominaj_idt63")): Object: 'Object Repository/Modulo Tarea Administracion Compensacion/Periodo en Proceso - Archivo Plano/a_Periodo Nomina_LiquidacionNominaj_idt63' is clicked on

2022-03-09 12:19:46 - [MESSAGE][PASSED] - Object: 'Object Repository/Modulo Tarea Administracion Compensacion/Periodo en Proceso - Archivo Plano/a_Periodo Nomina_LiquidacionNominaj_idt63' is clicked on

2022-03-09 12:19:46 - [TEST_STEP][PASSED] - waitForElementClickable(findTestObject("Modulo Tarea Administracion Compensacion/Periodo en Proceso - Archivo Plano/select_--  Seleccione  --Periodo CerradoPeriodo en Proceso"), G_TimeOut): Object 'Object Repository/Modulo Tarea Administracion Compensacion/Periodo en Proceso - Archivo Plano/select_--  Seleccione  --Periodo CerradoPeriodo en Proceso' is clickable

2022-03-09 12:19:47 - [MESSAGE][PASSED] - Object 'Object Repository/Modulo Tarea Administracion Compensacion/Periodo en Proceso - Archivo Plano/select_--  Seleccione  --Periodo CerradoPeriodo en Proceso' is clickable

2022-03-09 12:19:47 - [TEST_STEP][PASSED] - click(findTestObject("Modulo Tarea Administracion Compensacion/Periodo en Proceso - Archivo Plano/select_--  Seleccione  --Periodo CerradoPeriodo en Proceso")): Object: 'Object Repository/Modulo Tarea Administracion Compensacion/Periodo en Proceso - Archivo Plano/select_--  Seleccione  --Periodo CerradoPeriodo en Proceso' is clicked on

2022-03-09 12:19:47 - [MESSAGE][PASSED] - Object: 'Object Repository/Modulo Tarea Administracion Compensacion/Periodo en Proceso - Archivo Plano/select_--  Seleccione  --Periodo CerradoPeriodo en Proceso' is clicked on

2022-03-09 12:19:47 - [TEST_STEP][PASSED] - selectOptionByIndex(findTestObject("Modulo Tarea Administracion Compensacion/Periodo en Proceso - Archivo Plano/select_--  Seleccione  --Periodo CerradoPeriodo en Proceso"), 2): All options with index in [2] are selected on object 'Object Repository/Modulo Tarea Administracion Compensacion/Periodo en Proceso - Archivo Plano/select_--  Seleccione  --Periodo CerradoPeriodo en Proceso'

2022-03-09 12:19:49 - [MESSAGE][PASSED] - All options with index in [2] are selected on object 'Object Repository/Modulo Tarea Administracion Compensacion/Periodo en Proceso - Archivo Plano/select_--  Seleccione  --Periodo CerradoPeriodo en Proceso'

2022-03-09 12:19:49 - [TEST_STEP][PASSED] - waitForElementClickable(findTestObject("Modulo Tarea Administracion Compensacion/Periodo en Proceso - Archivo Plano/span_P MensualJulio2021"), G_TimeOut): Object 'Object Repository/Modulo Tarea Administracion Compensacion/Periodo en Proceso - Archivo Plano/span_P MensualJulio2021' is clickable

2022-03-09 12:19:49 - [MESSAGE][PASSED] - Object 'Object Repository/Modulo Tarea Administracion Compensacion/Periodo en Proceso - Archivo Plano/span_P MensualJulio2021' is clickable

2022-03-09 12:19:49 - [TEST_STEP][PASSED] - click(findTestObject("Modulo Tarea Administracion Compensacion/Periodo en Proceso - Archivo Plano/span_P MensualJulio2021")): Object: 'Object Repository/Modulo Tarea Administracion Compensacion/Periodo en Proceso - Archivo Plano/span_P MensualJulio2021' is clicked on

2022-03-09 12:19:50 - [MESSAGE][PASSED] - Object: 'Object Repository/Modulo Tarea Administracion Compensacion/Periodo en Proceso - Archivo Plano/span_P MensualJulio2021' is clicked on

2022-03-09 12:19:50 - [TEST_STEP][PASSED] - click(findTestObject("Modulo Tarea Administracion Compensacion/Periodo en Proceso - Archivo Plano/span_Archivo Plano")): Object: 'Object Repository/Modulo Tarea Administracion Compensacion/Periodo en Proceso - Archivo Plano/span_Archivo Plano' is clicked on

2022-03-09 12:19:51 - [MESSAGE][PASSED] - Object: 'Object Repository/Modulo Tarea Administracion Compensacion/Periodo en Proceso - Archivo Plano/span_Archivo Plano' is clicked on

2022-03-09 12:19:51 - [TEST_STEP][PASSED] - selectOptionByValue(findTestObject("Modulo Tarea Administracion Compensacion/Periodo en Proceso - Archivo Plano/select_ddMMyyddMMyyyyyyMMddyyy"), "dd/MM/yy", true): All options with value 'dd/MM/yy' are selected in object 'Object Repository/Modulo Tarea Administracion Compensacion/Periodo en Proceso - Archivo Plano/select_ddMMyyddMMyyyyyyMMddyyy'  using regular expression

2022-03-09 12:19:53 - [MESSAGE][PASSED] - All options with value 'dd/MM/yy' are selected in object 'Object Repository/Modulo Tarea Administracion Compensacion/Periodo en Proceso - Archivo Plano/select_ddMMyyddMMyyyyyyMMddyyy'  using regular expression

2022-03-09 12:19:53 - [TEST_STEP][PASSED] - selectOptionByValue(findTestObject("Modulo Tarea Administracion Compensacion/Periodo en Proceso - Archivo Plano/select_Acumular valorAdicionar"), "I", true): All options with value 'I' are selected in object 'Object Repository/Modulo Tarea Administracion Compensacion/Periodo en Proceso - Archivo Plano/select_Acumular valorAdicionar'  using regular expression

2022-03-09 12:19:54 - [MESSAGE][PASSED] - All options with value 'I' are selected in object 'Object Repository/Modulo Tarea Administracion Compensacion/Periodo en Proceso - Archivo Plano/select_Acumular valorAdicionar'  using regular expression

2022-03-09 12:19:54 - [TEST_STEP][PASSED] - selectOptionByIndex(findTestObject("Modulo Pruebas Capacitación/Evento_de_Capacitacion/select_Acumular valorAdicionar nicamenteReemplazar valor"), 1): All options with index in [1] are selected on object 'Object Repository/Modulo Pruebas Capacitación/Evento_de_Capacitacion/select_Acumular valorAdicionar nicamenteReemplazar valor'

2022-03-09 12:19:55 - [MESSAGE][PASSED] - All options with index in [1] are selected on object 'Object Repository/Modulo Pruebas Capacitación/Evento_de_Capacitacion/select_Acumular valorAdicionar nicamenteReemplazar valor'

2022-03-09 12:19:55 - [TEST_STEP][PASSED] - ruta = G_rutaarchivos + "ArchivoPlanoLiquidacionNomina.txt": null

2022-03-09 12:19:55 - [TEST_STEP][PASSED] - uploadFile(findTestObject("Modulo Tarea Administracion Compensacion/Periodo en Proceso - Archivo Plano/Archivo"), ruta): File 'E:\unionweb14\ArchivoPlanoLiquidacionNomina.txt' sent to object: 'Object Repository/Modulo Tarea Administracion Compensacion/Periodo en Proceso - Archivo Plano/Archivo'

2022-03-09 12:19:56 - [MESSAGE][PASSED] - File 'E:\unionweb14\ArchivoPlanoLiquidacionNomina.txt' sent to object: 'Object Repository/Modulo Tarea Administracion Compensacion/Periodo en Proceso - Archivo Plano/Archivo'

2022-03-09 12:19:56 - [TEST_STEP][PASSED] - filePath = getAttribute(findTestObject("Modulo Tarea Administracion Compensacion/Periodo en Proceso - Archivo Plano/Archivo"), "value"): Attribute 'value' of object 'Object Repository/Modulo Tarea Administracion Compensacion/Periodo en Proceso - Archivo Plano/Archivo' is: ''

2022-03-09 12:19:57 - [MESSAGE][PASSED] - Attribute 'value' of object 'Object Repository/Modulo Tarea Administracion Compensacion/Periodo en Proceso - Archivo Plano/Archivo' is: ''

2022-03-09 12:19:57 - [TEST_STEP][PASSED] - waitForElementClickable(findTestObject("Modulo Tarea Administracion Compensacion/Periodo en Proceso - Archivo Plano/a_Importar"), 0): Object 'Object Repository/Modulo Tarea Administracion Compensacion/Periodo en Proceso - Archivo Plano/a_Importar' is clickable

2022-03-09 12:19:57 - [MESSAGE][WARNING] - Timeout '0' is invalid. Using default page load timeout: '30'

2022-03-09 12:19:57 - [MESSAGE][PASSED] - Object 'Object Repository/Modulo Tarea Administracion Compensacion/Periodo en Proceso - Archivo Plano/a_Importar' is clickable

2022-03-09 12:19:57 - [TEST_STEP][PASSED] - click(findTestObject("Modulo Tarea Administracion Compensacion/Periodo en Proceso - Archivo Plano/a_Importar")): Object: 'Object Repository/Modulo Tarea Administracion Compensacion/Periodo en Proceso - Archivo Plano/a_Importar' is clicked on

2022-03-09 12:19:58 - [MESSAGE][PASSED] - Object: 'Object Repository/Modulo Tarea Administracion Compensacion/Periodo en Proceso - Archivo Plano/a_Importar' is clicked on

2022-03-09 12:19:58 - [TEST_STEP][PASSED] - click(findTestObject("Modulo Tarea Administracion Compensacion/Periodo en Proceso - Archivo Plano/span_Aplicar")): Object: 'Object Repository/Modulo Tarea Administracion Compensacion/Periodo en Proceso - Archivo Plano/span_Aplicar' is clicked on

2022-03-09 12:19:59 - [MESSAGE][PASSED] - Object: 'Object Repository/Modulo Tarea Administracion Compensacion/Periodo en Proceso - Archivo Plano/span_Aplicar' is clicked on

2022-03-09 12:19:59 - [TEST_STEP][PASSED] - click(findTestObject("Modulo Tarea Administracion Compensacion/Periodo en Proceso - Archivo Plano/Page_SARA/span_Si")): Object: 'Object Repository/Modulo Tarea Administracion Compensacion/Periodo en Proceso - Archivo Plano/Page_SARA/span_Si' is clicked on

2022-03-09 12:20:00 - [MESSAGE][PASSED] - Object: 'Object Repository/Modulo Tarea Administracion Compensacion/Periodo en Proceso - Archivo Plano/Page_SARA/span_Si' is clicked on

2022-03-09 12:20:00 - [TEST_STEP][PASSED] - getText(findTestObject("Alerta/Alerta")): Text of object 'Object Repository/Alerta/Alerta' is: 'Archivo aplicado'

2022-03-09 12:20:01 - [MESSAGE][PASSED] - Text of object 'Object Repository/Alerta/Alerta' is: 'Archivo aplicado'

2022-03-09 12:20:01 - [TEST_STEP][PASSED] - closeBrowser(): Browser is closed

2022-03-09 12:20:03 - [MESSAGE][PASSED] - Browser is closed]]></system-out>
         <system-err><![CDATA[]]></system-err>
      </testcase>
      <testcase name="Test Cases/1.1-Tareas Principales/1.3.2-Recalculo Seleccion" time="28.642" classname="Test Cases/1.1-Tareas Principales/1.3.2-Recalculo Seleccion" status="PASSED">
         <system-out><![CDATA[2022-03-09 12:20:03 - [TEST_CASE][PASSED] - Test Cases/1.1-Tareas Principales/1.3.2-Recalculo Seleccion: Test Cases/1.1-Tareas Principales/1.3.2-Recalculo Seleccion

2022-03-09 12:20:04 - [TEST_STEP][PASSED] - callTestCase(findTestCase("Utilidades-(atajos_para _tareas)/Tareas Administracion Compensacion/Tarea Liquidacion Nomina"), [:], STOP_ON_FAILURE): Call Test Case 'Test Cases/Utilidades-(atajos_para _tareas)/Tareas Administracion Compensacion/Tarea Liquidacion Nomina' successfully

2022-03-09 12:20:04 - [TEST_CASE][PASSED] - Test Cases/Utilidades-(atajos_para _tareas)/Tareas Administracion Compensacion/Tarea Liquidacion Nomina: Test Cases/Utilidades-(atajos_para _tareas)/Tareas Administracion Compensacion/Tarea Liquidacion Nomina

2022-03-09 12:20:04 - [TEST_STEP][PASSED] - callTestCase(findTestCase("0.1-Login"), [:], STOP_ON_FAILURE): Call Test Case 'Test Cases/0.1-Login' successfully

2022-03-09 12:20:04 - [TEST_CASE][PASSED] - Test Cases/0.1-Login: Test Cases/0.1-Login

2022-03-09 12:20:04 - [TEST_STEP][PASSED] - openBrowser(""): Browser is opened with url: ''

2022-03-09 12:20:04 - [MESSAGE][INFO] - Starting 'Chrome' driver

2022-03-09 12:20:04 - [MESSAGE][INFO] - Action delay is set to 0 milliseconds

2022-03-09 12:20:06 - [MESSAGE][PASSED] - Browser is opened with url: ''

2022-03-09 12:20:06 - [TEST_STEP][PASSED] - maximizeWindow(): Current window maximized

2022-03-09 12:20:06 - [MESSAGE][PASSED] - Current window maximized

2022-03-09 12:20:06 - [TEST_STEP][PASSED] - i = G_Login: null

2022-03-09 12:20:06 - [TEST_STEP][PASSED] - url = new java.net.URL(i): null

2022-03-09 12:20:06 - [TEST_STEP][PASSED] - println("URL: " + url.toString()): null

2022-03-09 12:20:06 - [TEST_STEP][PASSED] - connection = url.openConnection(): null

2022-03-09 12:20:06 - [TEST_STEP][PASSED] - connection.setRequestMethod("GET"): null

2022-03-09 12:20:06 - [TEST_STEP][PASSED] - connection.setReadTimeout(2 * 1000): null

2022-03-09 12:20:06 - [TEST_STEP][PASSED] - try: null

2022-03-09 12:20:06 - [TEST_STEP][PASSED] - connection.connect(): null

2022-03-09 12:20:06 - [TEST_STEP][PASSED] - flag = connected: null

2022-03-09 12:20:06 - [TEST_STEP][PASSED] - println("Valor_ori: " + flag): null

2022-03-09 12:20:06 - [TEST_STEP][PASSED] - if (flag): null

2022-03-09 12:20:06 - [TEST_STEP][PASSED] - navigateToUrl(i): Navigate to 'http://192.168.2.80:8380/saraweb' successfully

2022-03-09 12:20:07 - [MESSAGE][PASSED] - Navigate to 'http://192.168.2.80:8380/saraweb' successfully

2022-03-09 12:20:07 - [TEST_STEP][PASSED] - a(): null

2022-03-09 12:20:07 - [TEST_STEP][PASSED] - setText(findTestObject("Login/input_USUARIO_loginusuario"), G_Usuario): Text 'saraadmin' is set on object 'Object Repository/Login/input_USUARIO_loginusuario'

2022-03-09 12:20:08 - [MESSAGE][PASSED] - Text 'saraadmin' is set on object 'Object Repository/Login/input_USUARIO_loginusuario'

2022-03-09 12:20:08 - [TEST_STEP][PASSED] - setEncryptedText(findTestObject("Login/input_CLAVE_loginpassword"), "MkG4/TYiCFC3cb2driP7+Q=="): Text ****** has been set on object 'Object Repository/Login/input_CLAVE_loginpassword'

2022-03-09 12:20:08 - [MESSAGE][PASSED] - Text ****** has been set on object 'Object Repository/Login/input_CLAVE_loginpassword'

2022-03-09 12:20:08 - [TEST_STEP][PASSED] - waitForElementClickable(findTestObject("Login/a_Ingresar"), G_TimeOut): Object 'Object Repository/Login/a_Ingresar' is clickable

2022-03-09 12:20:09 - [MESSAGE][PASSED] - Object 'Object Repository/Login/a_Ingresar' is clickable

2022-03-09 12:20:09 - [TEST_STEP][PASSED] - click(findTestObject("Login/a_Ingresar")): Object: 'Object Repository/Login/a_Ingresar' is clicked on

2022-03-09 12:20:11 - [MESSAGE][PASSED] - Object: 'Object Repository/Login/a_Ingresar' is clicked on

2022-03-09 12:20:11 - [TEST_STEP][PASSED] - element = findWebElement(findTestObject("Login/a_Ir"), 30): null

2022-03-09 12:20:11 - [TEST_STEP][PASSED] - executeJavaScript("arguments[0].click()", Arrays.asList(element)): Execute JavaScript 'arguments[0].click()' successfully

2022-03-09 12:20:11 - [MESSAGE][PASSED] - Execute JavaScript 'arguments[0].click()' successfully

2022-03-09 12:20:11 - [MESSAGE][PASSED] - Call Test Case 'Test Cases/0.1-Login' successfully

2022-03-09 12:20:11 - [TEST_STEP][PASSED] - delay(2): Delayed 2 second(s)

2022-03-09 12:20:13 - [MESSAGE][PASSED] - Delayed 2 second(s)

2022-03-09 12:20:13 - [TEST_STEP][PASSED] - setText(findTestObject("Modulo Tarea Administracion Compensacion/Tarea Liquidacion Nomina/input_Listado de Empleados_"), "Liquidacion Nomina"): Text 'Liquidacion Nomina' is set on object 'Object Repository/Modulo Tarea Administracion Compensacion/Tarea Liquidacion Nomina/input_Listado de Empleados_'

2022-03-09 12:20:14 - [MESSAGE][PASSED] - Text 'Liquidacion Nomina' is set on object 'Object Repository/Modulo Tarea Administracion Compensacion/Tarea Liquidacion Nomina/input_Listado de Empleados_'

2022-03-09 12:20:14 - [TEST_STEP][PASSED] - delay(1): Delayed 1 second(s)

2022-03-09 12:20:15 - [MESSAGE][PASSED] - Delayed 1 second(s)

2022-03-09 12:20:15 - [TEST_STEP][PASSED] - sendKeys(findTestObject("Modulo Tarea Administracion Compensacion/Tarea Liquidacion Nomina/input_Listado de Empleados_"), Keys.chord(ENTER)): Keys 'ENTER + ' sent to object: 'Object Repository/Modulo Tarea Administracion Compensacion/Tarea Liquidacion Nomina/input_Listado de Empleados_'

2022-03-09 12:20:16 - [MESSAGE][PASSED] - Keys 'ENTER + ' sent to object: 'Object Repository/Modulo Tarea Administracion Compensacion/Tarea Liquidacion Nomina/input_Listado de Empleados_'

2022-03-09 12:20:16 - [MESSAGE][PASSED] - Call Test Case 'Test Cases/Utilidades-(atajos_para _tareas)/Tareas Administracion Compensacion/Tarea Liquidacion Nomina' successfully

2022-03-09 12:20:16 - [TEST_STEP][PASSED] - waitForElementClickable(findTestObject("Modulo Tarea Administracion Compensacion/Recalculo Seleccion/a_Periodo Nomina_LiquidacionNominaj_idt63"), G_TimeOut, STOP_ON_FAILURE): Object 'Object Repository/Modulo Tarea Administracion Compensacion/Recalculo Seleccion/a_Periodo Nomina_LiquidacionNominaj_idt63' is clickable

2022-03-09 12:20:17 - [MESSAGE][PASSED] - Object 'Object Repository/Modulo Tarea Administracion Compensacion/Recalculo Seleccion/a_Periodo Nomina_LiquidacionNominaj_idt63' is clickable

2022-03-09 12:20:17 - [TEST_STEP][PASSED] - click(findTestObject("Modulo Tarea Administracion Compensacion/Recalculo Seleccion/a_Periodo Nomina_LiquidacionNominaj_idt63")): Object: 'Object Repository/Modulo Tarea Administracion Compensacion/Recalculo Seleccion/a_Periodo Nomina_LiquidacionNominaj_idt63' is clicked on

2022-03-09 12:20:17 - [MESSAGE][PASSED] - Object: 'Object Repository/Modulo Tarea Administracion Compensacion/Recalculo Seleccion/a_Periodo Nomina_LiquidacionNominaj_idt63' is clicked on

2022-03-09 12:20:17 - [TEST_STEP][PASSED] - waitForElementClickable(findTestObject("Modulo Tarea Administracion Compensacion/Recalculo Seleccion/select_--  Seleccione  --Periodo CerradoPeriodo en Proceso"), G_TimeOut): Object 'Object Repository/Modulo Tarea Administracion Compensacion/Recalculo Seleccion/select_--  Seleccione  --Periodo CerradoPeriodo en Proceso' is clickable

2022-03-09 12:20:18 - [MESSAGE][PASSED] - Object 'Object Repository/Modulo Tarea Administracion Compensacion/Recalculo Seleccion/select_--  Seleccione  --Periodo CerradoPeriodo en Proceso' is clickable

2022-03-09 12:20:18 - [TEST_STEP][PASSED] - click(findTestObject("Modulo Tarea Administracion Compensacion/Recalculo Seleccion/select_--  Seleccione  --Periodo CerradoPeriodo en Proceso")): Object: 'Object Repository/Modulo Tarea Administracion Compensacion/Recalculo Seleccion/select_--  Seleccione  --Periodo CerradoPeriodo en Proceso' is clicked on

2022-03-09 12:20:18 - [MESSAGE][PASSED] - Object: 'Object Repository/Modulo Tarea Administracion Compensacion/Recalculo Seleccion/select_--  Seleccione  --Periodo CerradoPeriodo en Proceso' is clicked on

2022-03-09 12:20:18 - [TEST_STEP][PASSED] - selectOptionByIndex(findTestObject("Modulo Tarea Administracion Compensacion/Recalculo Seleccion/select_--  Seleccione  --Periodo CerradoPeriodo en Proceso"), 2): All options with index in [2] are selected on object 'Object Repository/Modulo Tarea Administracion Compensacion/Recalculo Seleccion/select_--  Seleccione  --Periodo CerradoPeriodo en Proceso'

2022-03-09 12:20:20 - [MESSAGE][PASSED] - All options with index in [2] are selected on object 'Object Repository/Modulo Tarea Administracion Compensacion/Recalculo Seleccion/select_--  Seleccione  --Periodo CerradoPeriodo en Proceso'

2022-03-09 12:20:20 - [TEST_STEP][PASSED] - waitForElementClickable(findTestObject("Modulo Tarea Administracion Compensacion/Recalculo Seleccion/span_P MensualJulio2021"), G_TimeOut): Object 'Object Repository/Modulo Tarea Administracion Compensacion/Recalculo Seleccion/span_P MensualJulio2021' is clickable

2022-03-09 12:20:21 - [MESSAGE][PASSED] - Object 'Object Repository/Modulo Tarea Administracion Compensacion/Recalculo Seleccion/span_P MensualJulio2021' is clickable

2022-03-09 12:20:21 - [TEST_STEP][PASSED] - click(findTestObject("Modulo Tarea Administracion Compensacion/Recalculo Seleccion/span_P MensualJulio2021")): Object: 'Object Repository/Modulo Tarea Administracion Compensacion/Recalculo Seleccion/span_P MensualJulio2021' is clicked on

2022-03-09 12:20:22 - [MESSAGE][PASSED] - Object: 'Object Repository/Modulo Tarea Administracion Compensacion/Recalculo Seleccion/span_P MensualJulio2021' is clicked on

2022-03-09 12:20:22 - [TEST_STEP][PASSED] - waitForElementClickable(findTestObject("Modulo Tarea Administracion Compensacion/Recalculo Seleccion/a_Nombre Persona_LiquidacionNo"), G_TimeOut): Object 'Object Repository/Modulo Tarea Administracion Compensacion/Recalculo Seleccion/a_Nombre Persona_LiquidacionNo' is clickable

2022-03-09 12:20:23 - [MESSAGE][PASSED] - Object 'Object Repository/Modulo Tarea Administracion Compensacion/Recalculo Seleccion/a_Nombre Persona_LiquidacionNo' is clickable

2022-03-09 12:20:23 - [TEST_STEP][PASSED] - click(findTestObject("Modulo Tarea Administracion Compensacion/Recalculo Seleccion/a_Nombre Persona_LiquidacionNo")): Object: 'Object Repository/Modulo Tarea Administracion Compensacion/Recalculo Seleccion/a_Nombre Persona_LiquidacionNo' is clicked on

2022-03-09 12:20:23 - [MESSAGE][PASSED] - Object: 'Object Repository/Modulo Tarea Administracion Compensacion/Recalculo Seleccion/a_Nombre Persona_LiquidacionNo' is clicked on

2022-03-09 12:20:23 - [TEST_STEP][PASSED] - setText(findTestObject("Modulo Tarea Administracion Compensacion/Recalculo Seleccion/input_Filtro Empleado_Liquidacion Nomina"), "1019070748"): Text '1019070748' is set on object 'Object Repository/Modulo Tarea Administracion Compensacion/Recalculo Seleccion/input_Filtro Empleado_Liquidacion Nomina'

2022-03-09 12:20:25 - [MESSAGE][PASSED] - Text '1019070748' is set on object 'Object Repository/Modulo Tarea Administracion Compensacion/Recalculo Seleccion/input_Filtro Empleado_Liquidacion Nomina'

2022-03-09 12:20:25 - [TEST_STEP][PASSED] - sendKeys(findTestObject("Modulo Tarea Administracion Compensacion/Recalculo Seleccion/input_Filtro Empleado_Liquidacion Nomina"), Keys.chord(ENTER)): Keys 'ENTER + ' sent to object: 'Object Repository/Modulo Tarea Administracion Compensacion/Recalculo Seleccion/input_Filtro Empleado_Liquidacion Nomina'

2022-03-09 12:20:25 - [MESSAGE][PASSED] - Keys 'ENTER + ' sent to object: 'Object Repository/Modulo Tarea Administracion Compensacion/Recalculo Seleccion/input_Filtro Empleado_Liquidacion Nomina'

2022-03-09 12:20:25 - [TEST_STEP][PASSED] - waitForElementClickable(findTestObject("Modulo Tarea Administracion Compensacion/Recalculo Seleccion/span_Almanza Novoa John Alexandre"), G_TimeOut): Object 'Object Repository/Modulo Tarea Administracion Compensacion/Recalculo Seleccion/span_Almanza Novoa John Alexandre' is clickable

2022-03-09 12:20:28 - [MESSAGE][PASSED] - Object 'Object Repository/Modulo Tarea Administracion Compensacion/Recalculo Seleccion/span_Almanza Novoa John Alexandre' is clickable

2022-03-09 12:20:28 - [TEST_STEP][PASSED] - click(findTestObject("Modulo Tarea Administracion Compensacion/Recalculo Seleccion/span_Almanza Novoa John Alexandre")): Object: 'Object Repository/Modulo Tarea Administracion Compensacion/Recalculo Seleccion/span_Almanza Novoa John Alexandre' is clicked on

2022-03-09 12:20:28 - [MESSAGE][PASSED] - Object: 'Object Repository/Modulo Tarea Administracion Compensacion/Recalculo Seleccion/span_Almanza Novoa John Alexandre' is clicked on

2022-03-09 12:20:28 - [TEST_STEP][PASSED] - click(findTestObject("Modulo Tarea Administracion Compensacion/Recalculo Seleccion/span_Reclculo Seleccin")): Object: 'Object Repository/Modulo Tarea Administracion Compensacion/Recalculo Seleccion/span_Reclculo Seleccin' is clicked on

2022-03-09 12:20:29 - [MESSAGE][PASSED] - Object: 'Object Repository/Modulo Tarea Administracion Compensacion/Recalculo Seleccion/span_Reclculo Seleccin' is clicked on

2022-03-09 12:20:29 - [TEST_STEP][PASSED] - click(findTestObject("Modulo Tarea Administracion Compensacion/Recalculo Seleccion/span_Si")): Object: 'Object Repository/Modulo Tarea Administracion Compensacion/Recalculo Seleccion/span_Si' is clicked on

2022-03-09 12:20:29 - [MESSAGE][PASSED] - Object: 'Object Repository/Modulo Tarea Administracion Compensacion/Recalculo Seleccion/span_Si' is clicked on

2022-03-09 12:20:29 - [TEST_STEP][PASSED] - waitForElementClickable(findTestObject("Alerta/Alerta"), 0): Object 'Object Repository/Alerta/Alerta' is clickable

2022-03-09 12:20:30 - [MESSAGE][WARNING] - Timeout '0' is invalid. Using default page load timeout: '30'

2022-03-09 12:20:30 - [MESSAGE][PASSED] - Object 'Object Repository/Alerta/Alerta' is clickable

2022-03-09 12:20:30 - [TEST_STEP][PASSED] - getText(findTestObject("Alerta/Alerta")): Text of object 'Object Repository/Alerta/Alerta' is: 'Seleccione empleado'

2022-03-09 12:20:31 - [MESSAGE][PASSED] - Text of object 'Object Repository/Alerta/Alerta' is: 'Seleccione empleado'

2022-03-09 12:20:31 - [TEST_STEP][PASSED] - closeBrowser(): Browser is closed

2022-03-09 12:20:32 - [MESSAGE][PASSED] - Browser is closed]]></system-out>
         <system-err><![CDATA[]]></system-err>
      </testcase>
      <testcase name="Test Cases/1.1-Tareas Principales/1.3.3-Recalculo Total" time="83.224" classname="Test Cases/1.1-Tareas Principales/1.3.3-Recalculo Total" status="FAILED">
         <failure type="FAILED" message="Test Cases/1.1-Tareas Principales/1.3.3-Recalculo Total FAILED.
Reason:
com.kms.katalon.core.exception.StepFailedException: Unable to click on object 'Object Repository/Modulo Tarea Administracion Compensacion/Recalculo Total/a_Continuar'
	at com.kms.katalon.core.webui.keyword.internal.WebUIKeywordMain.stepFailed(WebUIKeywordMain.groovy:64)
	at com.kms.katalon.core.webui.keyword.internal.WebUIKeywordMain.runKeyword(WebUIKeywordMain.groovy:26)
	at com.kms.katalon.core.webui.keyword.builtin.ClickKeyword.click(ClickKeyword.groovy:74)
	at com.kms.katalon.core.webui.keyword.builtin.ClickKeyword.execute(ClickKeyword.groovy:40)
	at com.kms.katalon.core.keyword.internal.KeywordExecutor.executeKeywordForPlatform(KeywordExecutor.groovy:74)
	at com.kms.katalon.core.webui.keyword.WebUiBuiltInKeywords.click(WebUiBuiltInKeywords.groovy:620)
	at com.kms.katalon.core.webui.keyword.WebUiBuiltInKeywords$click$5.call(Unknown Source)
	at 1.3.3-Recalculo Total.run(1.3.3-Recalculo Total:51)
	at com.kms.katalon.core.main.ScriptEngine.run(ScriptEngine.java:194)
	at com.kms.katalon.core.main.ScriptEngine.runScriptAsRawText(ScriptEngine.java:119)
	at com.kms.katalon.core.main.TestCaseExecutor.runScript(TestCaseExecutor.java:442)
	at com.kms.katalon.core.main.TestCaseExecutor.doExecute(TestCaseExecutor.java:433)
	at com.kms.katalon.core.main.TestCaseExecutor.processExecutionPhase(TestCaseExecutor.java:412)
	at com.kms.katalon.core.main.TestCaseExecutor.accessMainPhase(TestCaseExecutor.java:404)
	at com.kms.katalon.core.main.TestCaseExecutor.execute(TestCaseExecutor.java:281)
	at com.kms.katalon.core.main.TestSuiteExecutor.accessTestCaseMainPhase(TestSuiteExecutor.java:202)
	at com.kms.katalon.core.main.TestSuiteExecutor.accessTestSuiteMainPhase(TestSuiteExecutor.java:164)
	at com.kms.katalon.core.main.TestSuiteExecutor.execute(TestSuiteExecutor.java:105)
	at com.kms.katalon.core.main.TestCaseMain.startTestSuite(TestCaseMain.java:185)
	at com.kms.katalon.core.main.TestCaseMain$startTestSuite$0.call(Unknown Source)
	at TempTestSuite1646845129657.run(TempTestSuite1646845129657.groovy:36)
Caused by: org.openqa.selenium.ElementClickInterceptedException: element click intercepted: Element is not clickable at point (460, 828)
  (Session info: chrome=99.0.4844.51)
Build info: version: '3.141.59', revision: 'e82be7d358', time: '2018-11-14T08:25:53'
System info: host: 'US-AF-000371', ip: '192.168.56.1', os.name: 'Windows 10', os.arch: 'amd64', os.version: '10.0', java.version: '1.8.0_282'
Driver info: com.kms.katalon.selenium.driver.CChromeDriver
Capabilities {acceptInsecureCerts: false, browserName: chrome, browserVersion: 99.0.4844.51, chrome: {chromedriverVersion: 99.0.4844.51 (d537ec02474b5..., userDataDir: C:\Users\DIEGO~1.ROJ\AppDat...}, goog:chromeOptions: {debuggerAddress: localhost:64692}, javascriptEnabled: true, networkConnectionEnabled: false, pageLoadStrategy: normal, platform: WINDOWS, platformName: WINDOWS, proxy: Proxy(), setWindowRect: true, strictFileInteractability: false, timeouts: {implicit: 0, pageLoad: 300000, script: 30000}, unhandledPromptBehavior: dismiss and notify, webauthn:extension:credBlob: true, webauthn:extension:largeBlob: true, webauthn:virtualAuthenticators: true}
Session ID: 6094612225136c67d237e9c8239a990d
	at org.openqa.selenium.remote.http.W3CHttpResponseCodec.createException(W3CHttpResponseCodec.java:187)
	at org.openqa.selenium.remote.http.W3CHttpResponseCodec.decode(W3CHttpResponseCodec.java:122)
	at org.openqa.selenium.remote.http.W3CHttpResponseCodec.decode(W3CHttpResponseCodec.java:49)
	at org.openqa.selenium.remote.HttpCommandExecutor.execute(HttpCommandExecutor.java:158)
	at org.openqa.selenium.remote.service.DriverCommandExecutor.execute(DriverCommandExecutor.java:83)
	at org.openqa.selenium.remote.RemoteWebDriver.execute(RemoteWebDriver.java:552)
	at com.kms.katalon.selenium.driver.CChromeDriver.execute(CChromeDriver.java:19)
	at org.openqa.selenium.remote.RemoteWebElement.execute(RemoteWebElement.java:285)
	at org.openqa.selenium.remote.RemoteWebElement.click(RemoteWebElement.java:84)
	at org.openqa.selenium.support.events.EventFiringWebDriver$EventFiringWebElement.lambda$new$0(EventFiringWebDriver.java:404)
	at com.sun.proxy.$Proxy11.click(Unknown Source)
	at org.openqa.selenium.support.events.EventFiringWebDriver$EventFiringWebElement.click(EventFiringWebDriver.java:417)
	at org.openqa.selenium.WebElement$click$0.call(Unknown Source)
	at com.kms.katalon.core.webui.keyword.builtin.ClickKeyword.clickUntilSuccessWithTimeout(ClickKeyword.groovy:81)
	at com.kms.katalon.core.webui.keyword.builtin.ClickKeyword.clickUntilSuccessWithTimeout(ClickKeyword.groovy)
	at com.kms.katalon.core.webui.keyword.builtin.ClickKeyword$_click_closure1.doCall(ClickKeyword.groovy:67)
	at com.kms.katalon.core.webui.keyword.builtin.ClickKeyword$_click_closure1.call(ClickKeyword.groovy)
	at com.kms.katalon.core.webui.keyword.internal.WebUIKeywordMain.runKeyword(WebUIKeywordMain.groovy:20)
	... 19 more
"/>
         <system-out><![CDATA[2022-03-09 12:20:32 - [TEST_CASE][FAILED] - Test Cases/1.1-Tareas Principales/1.3.3-Recalculo Total: Test Cases/1.1-Tareas Principales/1.3.3-Recalculo Total FAILED.
Reason:
com.kms.katalon.core.exception.StepFailedException: Unable to click on object 'Object Repository/Modulo Tarea Administracion Compensacion/Recalculo Total/a_Continuar'
	at com.kms.katalon.core.webui.keyword.internal.WebUIKeywordMain.stepFailed(WebUIKeywordMain.groovy:64)
	at com.kms.katalon.core.webui.keyword.internal.WebUIKeywordMain.runKeyword(WebUIKeywordMain.groovy:26)
	at com.kms.katalon.core.webui.keyword.builtin.ClickKeyword.click(ClickKeyword.groovy:74)
	at com.kms.katalon.core.webui.keyword.builtin.ClickKeyword.execute(ClickKeyword.groovy:40)
	at com.kms.katalon.core.keyword.internal.KeywordExecutor.executeKeywordForPlatform(KeywordExecutor.groovy:74)
	at com.kms.katalon.core.webui.keyword.WebUiBuiltInKeywords.click(WebUiBuiltInKeywords.groovy:620)
	at com.kms.katalon.core.webui.keyword.WebUiBuiltInKeywords$click$5.call(Unknown Source)
	at 1.3.3-Recalculo Total.run(1.3.3-Recalculo Total:51)
	at com.kms.katalon.core.main.ScriptEngine.run(ScriptEngine.java:194)
	at com.kms.katalon.core.main.ScriptEngine.runScriptAsRawText(ScriptEngine.java:119)
	at com.kms.katalon.core.main.TestCaseExecutor.runScript(TestCaseExecutor.java:442)
	at com.kms.katalon.core.main.TestCaseExecutor.doExecute(TestCaseExecutor.java:433)
	at com.kms.katalon.core.main.TestCaseExecutor.processExecutionPhase(TestCaseExecutor.java:412)
	at com.kms.katalon.core.main.TestCaseExecutor.accessMainPhase(TestCaseExecutor.java:404)
	at com.kms.katalon.core.main.TestCaseExecutor.execute(TestCaseExecutor.java:281)
	at com.kms.katalon.core.main.TestSuiteExecutor.accessTestCaseMainPhase(TestSuiteExecutor.java:202)
	at com.kms.katalon.core.main.TestSuiteExecutor.accessTestSuiteMainPhase(TestSuiteExecutor.java:164)
	at com.kms.katalon.core.main.TestSuiteExecutor.execute(TestSuiteExecutor.java:105)
	at com.kms.katalon.core.main.TestCaseMain.startTestSuite(TestCaseMain.java:185)
	at com.kms.katalon.core.main.TestCaseMain$startTestSuite$0.call(Unknown Source)
	at TempTestSuite1646845129657.run(TempTestSuite1646845129657.groovy:36)
Caused by: org.openqa.selenium.ElementClickInterceptedException: element click intercepted: Element is not clickable at point (460, 828)
  (Session info: chrome=99.0.4844.51)
Build info: version: '3.141.59', revision: 'e82be7d358', time: '2018-11-14T08:25:53'
System info: host: 'US-AF-000371', ip: '192.168.56.1', os.name: 'Windows 10', os.arch: 'amd64', os.version: '10.0', java.version: '1.8.0_282'
Driver info: com.kms.katalon.selenium.driver.CChromeDriver
Capabilities {acceptInsecureCerts: false, browserName: chrome, browserVersion: 99.0.4844.51, chrome: {chromedriverVersion: 99.0.4844.51 (d537ec02474b5..., userDataDir: C:\Users\DIEGO~1.ROJ\AppDat...}, goog:chromeOptions: {debuggerAddress: localhost:64692}, javascriptEnabled: true, networkConnectionEnabled: false, pageLoadStrategy: normal, platform: WINDOWS, platformName: WINDOWS, proxy: Proxy(), setWindowRect: true, strictFileInteractability: false, timeouts: {implicit: 0, pageLoad: 300000, script: 30000}, unhandledPromptBehavior: dismiss and notify, webauthn:extension:credBlob: true, webauthn:extension:largeBlob: true, webauthn:virtualAuthenticators: true}
Session ID: 6094612225136c67d237e9c8239a990d
	at org.openqa.selenium.remote.http.W3CHttpResponseCodec.createException(W3CHttpResponseCodec.java:187)
	at org.openqa.selenium.remote.http.W3CHttpResponseCodec.decode(W3CHttpResponseCodec.java:122)
	at org.openqa.selenium.remote.http.W3CHttpResponseCodec.decode(W3CHttpResponseCodec.java:49)
	at org.openqa.selenium.remote.HttpCommandExecutor.execute(HttpCommandExecutor.java:158)
	at org.openqa.selenium.remote.service.DriverCommandExecutor.execute(DriverCommandExecutor.java:83)
	at org.openqa.selenium.remote.RemoteWebDriver.execute(RemoteWebDriver.java:552)
	at com.kms.katalon.selenium.driver.CChromeDriver.execute(CChromeDriver.java:19)
	at org.openqa.selenium.remote.RemoteWebElement.execute(RemoteWebElement.java:285)
	at org.openqa.selenium.remote.RemoteWebElement.click(RemoteWebElement.java:84)
	at org.openqa.selenium.support.events.EventFiringWebDriver$EventFiringWebElement.lambda$new$0(EventFiringWebDriver.java:404)
	at com.sun.proxy.$Proxy11.click(Unknown Source)
	at org.openqa.selenium.support.events.EventFiringWebDriver$EventFiringWebElement.click(EventFiringWebDriver.java:417)
	at org.openqa.selenium.WebElement$click$0.call(Unknown Source)
	at com.kms.katalon.core.webui.keyword.builtin.ClickKeyword.clickUntilSuccessWithTimeout(ClickKeyword.groovy:81)
	at com.kms.katalon.core.webui.keyword.builtin.ClickKeyword.clickUntilSuccessWithTimeout(ClickKeyword.groovy)
	at com.kms.katalon.core.webui.keyword.builtin.ClickKeyword$_click_closure1.doCall(ClickKeyword.groovy:67)
	at com.kms.katalon.core.webui.keyword.builtin.ClickKeyword$_click_closure1.call(ClickKeyword.groovy)
	at com.kms.katalon.core.webui.keyword.internal.WebUIKeywordMain.runKeyword(WebUIKeywordMain.groovy:20)
	... 19 more


2022-03-09 12:20:32 - [TEST_STEP][PASSED] - callTestCase(findTestCase("Utilidades-(atajos_para _tareas)/Tareas Administracion Compensacion/Tarea Liquidacion Nomina"), [:], STOP_ON_FAILURE): Call Test Case 'Test Cases/Utilidades-(atajos_para _tareas)/Tareas Administracion Compensacion/Tarea Liquidacion Nomina' successfully

2022-03-09 12:20:33 - [TEST_CASE][PASSED] - Test Cases/Utilidades-(atajos_para _tareas)/Tareas Administracion Compensacion/Tarea Liquidacion Nomina: Test Cases/Utilidades-(atajos_para _tareas)/Tareas Administracion Compensacion/Tarea Liquidacion Nomina

2022-03-09 12:20:33 - [TEST_STEP][PASSED] - callTestCase(findTestCase("0.1-Login"), [:], STOP_ON_FAILURE): Call Test Case 'Test Cases/0.1-Login' successfully

2022-03-09 12:20:33 - [TEST_CASE][PASSED] - Test Cases/0.1-Login: Test Cases/0.1-Login

2022-03-09 12:20:33 - [TEST_STEP][PASSED] - openBrowser(""): Browser is opened with url: ''

2022-03-09 12:20:33 - [MESSAGE][INFO] - Starting 'Chrome' driver

2022-03-09 12:20:33 - [MESSAGE][INFO] - Action delay is set to 0 milliseconds

2022-03-09 12:20:35 - [MESSAGE][PASSED] - Browser is opened with url: ''

2022-03-09 12:20:35 - [TEST_STEP][PASSED] - maximizeWindow(): Current window maximized

2022-03-09 12:20:35 - [MESSAGE][PASSED] - Current window maximized

2022-03-09 12:20:35 - [TEST_STEP][PASSED] - i = G_Login: null

2022-03-09 12:20:35 - [TEST_STEP][PASSED] - url = new java.net.URL(i): null

2022-03-09 12:20:35 - [TEST_STEP][PASSED] - println("URL: " + url.toString()): null

2022-03-09 12:20:35 - [TEST_STEP][PASSED] - connection = url.openConnection(): null

2022-03-09 12:20:35 - [TEST_STEP][PASSED] - connection.setRequestMethod("GET"): null

2022-03-09 12:20:35 - [TEST_STEP][PASSED] - connection.setReadTimeout(2 * 1000): null

2022-03-09 12:20:35 - [TEST_STEP][PASSED] - try: null

2022-03-09 12:20:35 - [TEST_STEP][PASSED] - connection.connect(): null

2022-03-09 12:20:35 - [TEST_STEP][PASSED] - flag = connected: null

2022-03-09 12:20:35 - [TEST_STEP][PASSED] - println("Valor_ori: " + flag): null

2022-03-09 12:20:35 - [TEST_STEP][PASSED] - if (flag): null

2022-03-09 12:20:35 - [TEST_STEP][PASSED] - navigateToUrl(i): Navigate to 'http://192.168.2.80:8380/saraweb' successfully

2022-03-09 12:20:36 - [MESSAGE][PASSED] - Navigate to 'http://192.168.2.80:8380/saraweb' successfully

2022-03-09 12:20:36 - [TEST_STEP][PASSED] - a(): null

2022-03-09 12:20:36 - [TEST_STEP][PASSED] - setText(findTestObject("Login/input_USUARIO_loginusuario"), G_Usuario): Text 'saraadmin' is set on object 'Object Repository/Login/input_USUARIO_loginusuario'

2022-03-09 12:20:37 - [MESSAGE][PASSED] - Text 'saraadmin' is set on object 'Object Repository/Login/input_USUARIO_loginusuario'

2022-03-09 12:20:37 - [TEST_STEP][PASSED] - setEncryptedText(findTestObject("Login/input_CLAVE_loginpassword"), "MkG4/TYiCFC3cb2driP7+Q=="): Text ****** has been set on object 'Object Repository/Login/input_CLAVE_loginpassword'

2022-03-09 12:20:37 - [MESSAGE][PASSED] - Text ****** has been set on object 'Object Repository/Login/input_CLAVE_loginpassword'

2022-03-09 12:20:37 - [TEST_STEP][PASSED] - waitForElementClickable(findTestObject("Login/a_Ingresar"), G_TimeOut): Object 'Object Repository/Login/a_Ingresar' is clickable

2022-03-09 12:20:37 - [MESSAGE][PASSED] - Object 'Object Repository/Login/a_Ingresar' is clickable

2022-03-09 12:20:37 - [TEST_STEP][PASSED] - click(findTestObject("Login/a_Ingresar")): Object: 'Object Repository/Login/a_Ingresar' is clicked on

2022-03-09 12:20:39 - [MESSAGE][PASSED] - Object: 'Object Repository/Login/a_Ingresar' is clicked on

2022-03-09 12:20:39 - [TEST_STEP][PASSED] - element = findWebElement(findTestObject("Login/a_Ir"), 30): null

2022-03-09 12:20:39 - [TEST_STEP][PASSED] - executeJavaScript("arguments[0].click()", Arrays.asList(element)): Execute JavaScript 'arguments[0].click()' successfully

2022-03-09 12:20:39 - [MESSAGE][PASSED] - Execute JavaScript 'arguments[0].click()' successfully

2022-03-09 12:20:39 - [MESSAGE][PASSED] - Call Test Case 'Test Cases/0.1-Login' successfully

2022-03-09 12:20:39 - [TEST_STEP][PASSED] - delay(2): Delayed 2 second(s)

2022-03-09 12:20:41 - [MESSAGE][PASSED] - Delayed 2 second(s)

2022-03-09 12:20:41 - [TEST_STEP][PASSED] - setText(findTestObject("Modulo Tarea Administracion Compensacion/Tarea Liquidacion Nomina/input_Listado de Empleados_"), "Liquidacion Nomina"): Text 'Liquidacion Nomina' is set on object 'Object Repository/Modulo Tarea Administracion Compensacion/Tarea Liquidacion Nomina/input_Listado de Empleados_'

2022-03-09 12:20:42 - [MESSAGE][PASSED] - Text 'Liquidacion Nomina' is set on object 'Object Repository/Modulo Tarea Administracion Compensacion/Tarea Liquidacion Nomina/input_Listado de Empleados_'

2022-03-09 12:20:42 - [TEST_STEP][PASSED] - delay(1): Delayed 1 second(s)

2022-03-09 12:20:43 - [MESSAGE][PASSED] - Delayed 1 second(s)

2022-03-09 12:20:43 - [TEST_STEP][PASSED] - sendKeys(findTestObject("Modulo Tarea Administracion Compensacion/Tarea Liquidacion Nomina/input_Listado de Empleados_"), Keys.chord(ENTER)): Keys 'ENTER + ' sent to object: 'Object Repository/Modulo Tarea Administracion Compensacion/Tarea Liquidacion Nomina/input_Listado de Empleados_'

2022-03-09 12:20:44 - [MESSAGE][PASSED] - Keys 'ENTER + ' sent to object: 'Object Repository/Modulo Tarea Administracion Compensacion/Tarea Liquidacion Nomina/input_Listado de Empleados_'

2022-03-09 12:20:44 - [MESSAGE][PASSED] - Call Test Case 'Test Cases/Utilidades-(atajos_para _tareas)/Tareas Administracion Compensacion/Tarea Liquidacion Nomina' successfully

2022-03-09 12:20:44 - [TEST_STEP][PASSED] - waitForElementClickable(findTestObject("Modulo Tarea Administracion Compensacion/Recalculo Total/a_Periodo Nomina_LiquidacionNominaj_idt63"), G_TimeOut): Object 'Object Repository/Modulo Tarea Administracion Compensacion/Recalculo Total/a_Periodo Nomina_LiquidacionNominaj_idt63' is clickable

2022-03-09 12:20:45 - [MESSAGE][PASSED] - Object 'Object Repository/Modulo Tarea Administracion Compensacion/Recalculo Total/a_Periodo Nomina_LiquidacionNominaj_idt63' is clickable

2022-03-09 12:20:45 - [TEST_STEP][PASSED] - click(findTestObject("Modulo Tarea Administracion Compensacion/Recalculo Total/a_Periodo Nomina_LiquidacionNominaj_idt63")): Object: 'Object Repository/Modulo Tarea Administracion Compensacion/Recalculo Total/a_Periodo Nomina_LiquidacionNominaj_idt63' is clicked on

2022-03-09 12:20:45 - [MESSAGE][PASSED] - Object: 'Object Repository/Modulo Tarea Administracion Compensacion/Recalculo Total/a_Periodo Nomina_LiquidacionNominaj_idt63' is clicked on

2022-03-09 12:20:45 - [TEST_STEP][PASSED] - waitForElementClickable(findTestObject("Modulo Tarea Administracion Compensacion/Recalculo Total/select_--  Seleccione  --Periodo CerradoPeriodo en Proceso"), G_TimeOut): Object 'Object Repository/Modulo Tarea Administracion Compensacion/Recalculo Total/select_--  Seleccione  --Periodo CerradoPeriodo en Proceso' is clickable

2022-03-09 12:20:47 - [MESSAGE][PASSED] - Object 'Object Repository/Modulo Tarea Administracion Compensacion/Recalculo Total/select_--  Seleccione  --Periodo CerradoPeriodo en Proceso' is clickable

2022-03-09 12:20:47 - [TEST_STEP][PASSED] - click(findTestObject("Modulo Tarea Administracion Compensacion/Recalculo Total/select_--  Seleccione  --Periodo CerradoPeriodo en Proceso")): Object: 'Object Repository/Modulo Tarea Administracion Compensacion/Recalculo Total/select_--  Seleccione  --Periodo CerradoPeriodo en Proceso' is clicked on

2022-03-09 12:20:47 - [MESSAGE][PASSED] - Object: 'Object Repository/Modulo Tarea Administracion Compensacion/Recalculo Total/select_--  Seleccione  --Periodo CerradoPeriodo en Proceso' is clicked on

2022-03-09 12:20:47 - [TEST_STEP][PASSED] - selectOptionByIndex(findTestObject("Modulo Tarea Administracion Compensacion/Recalculo Total/select_--  Seleccione  --Periodo CerradoPeriodo en Proceso"), 2): All options with index in [2] are selected on object 'Object Repository/Modulo Tarea Administracion Compensacion/Recalculo Total/select_--  Seleccione  --Periodo CerradoPeriodo en Proceso'

2022-03-09 12:20:49 - [MESSAGE][PASSED] - All options with index in [2] are selected on object 'Object Repository/Modulo Tarea Administracion Compensacion/Recalculo Total/select_--  Seleccione  --Periodo CerradoPeriodo en Proceso'

2022-03-09 12:20:49 - [TEST_STEP][PASSED] - waitForElementClickable(findTestObject("Modulo Tarea Administracion Compensacion/Recalculo Total/span_P MensualJulio2021"), G_TimeOut): Object 'Object Repository/Modulo Tarea Administracion Compensacion/Recalculo Total/span_P MensualJulio2021' is clickable

2022-03-09 12:20:50 - [MESSAGE][PASSED] - Object 'Object Repository/Modulo Tarea Administracion Compensacion/Recalculo Total/span_P MensualJulio2021' is clickable

2022-03-09 12:20:50 - [TEST_STEP][PASSED] - click(findTestObject("Modulo Tarea Administracion Compensacion/Recalculo Total/span_P MensualJulio2021")): Object: 'Object Repository/Modulo Tarea Administracion Compensacion/Recalculo Total/span_P MensualJulio2021' is clicked on

2022-03-09 12:20:51 - [MESSAGE][PASSED] - Object: 'Object Repository/Modulo Tarea Administracion Compensacion/Recalculo Total/span_P MensualJulio2021' is clicked on

2022-03-09 12:20:51 - [TEST_STEP][PASSED] - waitForElementClickable(findTestObject("Modulo Tarea Administracion Compensacion/Recalculo Total/a_Reclculo Total"), G_TimeOut): Object 'Object Repository/Modulo Tarea Administracion Compensacion/Recalculo Total/a_Reclculo Total' is clickable

2022-03-09 12:20:52 - [MESSAGE][PASSED] - Object 'Object Repository/Modulo Tarea Administracion Compensacion/Recalculo Total/a_Reclculo Total' is clickable

2022-03-09 12:20:52 - [TEST_STEP][PASSED] - click(findTestObject("Modulo Tarea Administracion Compensacion/Recalculo Total/a_Reclculo Total")): Object: 'Object Repository/Modulo Tarea Administracion Compensacion/Recalculo Total/a_Reclculo Total' is clicked on

2022-03-09 12:20:52 - [MESSAGE][PASSED] - Object: 'Object Repository/Modulo Tarea Administracion Compensacion/Recalculo Total/a_Reclculo Total' is clicked on

2022-03-09 12:20:52 - [TEST_STEP][PASSED] - waitForElementClickable(findTestObject("Modulo Tarea Administracion Compensacion/Recalculo Total/span_Si"), G_TimeOut): Object 'Object Repository/Modulo Tarea Administracion Compensacion/Recalculo Total/span_Si' is clickable

2022-03-09 12:20:53 - [MESSAGE][PASSED] - Object 'Object Repository/Modulo Tarea Administracion Compensacion/Recalculo Total/span_Si' is clickable

2022-03-09 12:20:53 - [TEST_STEP][PASSED] - click(findTestObject("Modulo Tarea Administracion Compensacion/Recalculo Total/span_Si")): Object: 'Object Repository/Modulo Tarea Administracion Compensacion/Recalculo Total/span_Si' is clicked on

2022-03-09 12:20:53 - [MESSAGE][PASSED] - Object: 'Object Repository/Modulo Tarea Administracion Compensacion/Recalculo Total/span_Si' is clicked on

2022-03-09 12:20:53 - [TEST_STEP][PASSED] - delay(28): Delayed 28 second(s)

2022-03-09 12:21:21 - [MESSAGE][PASSED] - Delayed 28 second(s)

2022-03-09 12:21:21 - [TEST_STEP][PASSED] - waitForElementClickable(findTestObject("Modulo Tarea Administracion Compensacion/Recalculo Total/a_Continuar"), G_TimeNomina): Object 'Object Repository/Modulo Tarea Administracion Compensacion/Recalculo Total/a_Continuar' is clickable

2022-03-09 12:21:22 - [MESSAGE][PASSED] - Object 'Object Repository/Modulo Tarea Administracion Compensacion/Recalculo Total/a_Continuar' is clickable

2022-03-09 12:21:22 - [TEST_STEP][FAILED] - click(findTestObject("Modulo Tarea Administracion Compensacion/Recalculo Total/a_Continuar")): Unable to click on object 'Object Repository/Modulo Tarea Administracion Compensacion/Recalculo Total/a_Continuar' (Root cause: com.kms.katalon.core.exception.StepFailedException: Unable to click on object 'Object Repository/Modulo Tarea Administracion Compensacion/Recalculo Total/a_Continuar'
	at com.kms.katalon.core.webui.keyword.internal.WebUIKeywordMain.stepFailed(WebUIKeywordMain.groovy:64)
	at com.kms.katalon.core.webui.keyword.internal.WebUIKeywordMain.runKeyword(WebUIKeywordMain.groovy:26)
	at com.kms.katalon.core.webui.keyword.builtin.ClickKeyword.click(ClickKeyword.groovy:74)
	at com.kms.katalon.core.webui.keyword.builtin.ClickKeyword.execute(ClickKeyword.groovy:40)
	at com.kms.katalon.core.keyword.internal.KeywordExecutor.executeKeywordForPlatform(KeywordExecutor.groovy:74)
	at com.kms.katalon.core.webui.keyword.WebUiBuiltInKeywords.click(WebUiBuiltInKeywords.groovy:620)
	at com.kms.katalon.core.webui.keyword.WebUiBuiltInKeywords$click$5.call(Unknown Source)
	at 1.3.3-Recalculo Total.run(1.3.3-Recalculo Total:51)
	at com.kms.katalon.core.main.ScriptEngine.run(ScriptEngine.java:194)
	at com.kms.katalon.core.main.ScriptEngine.runScriptAsRawText(ScriptEngine.java:119)
	at com.kms.katalon.core.main.TestCaseExecutor.runScript(TestCaseExecutor.java:442)
	at com.kms.katalon.core.main.TestCaseExecutor.doExecute(TestCaseExecutor.java:433)
	at com.kms.katalon.core.main.TestCaseExecutor.processExecutionPhase(TestCaseExecutor.java:412)
	at com.kms.katalon.core.main.TestCaseExecutor.accessMainPhase(TestCaseExecutor.java:404)
	at com.kms.katalon.core.main.TestCaseExecutor.execute(TestCaseExecutor.java:281)
	at com.kms.katalon.core.main.TestSuiteExecutor.accessTestCaseMainPhase(TestSuiteExecutor.java:202)
	at com.kms.katalon.core.main.TestSuiteExecutor.accessTestSuiteMainPhase(TestSuiteExecutor.java:164)
	at com.kms.katalon.core.main.TestSuiteExecutor.execute(TestSuiteExecutor.java:105)
	at com.kms.katalon.core.main.TestCaseMain.startTestSuite(TestCaseMain.java:185)
	at com.kms.katalon.core.main.TestCaseMain$startTestSuite$0.call(Unknown Source)
	at TempTestSuite1646845129657.run(TempTestSuite1646845129657.groovy:36)
Caused by: org.openqa.selenium.ElementClickInterceptedException: element click intercepted: Element is not clickable at point (460, 828)
  (Session info: chrome=99.0.4844.51)
Build info: version: '3.141.59', revision: 'e82be7d358', time: '2018-11-14T08:25:53'
System info: host: 'US-AF-000371', ip: '192.168.56.1', os.name: 'Windows 10', os.arch: 'amd64', os.version: '10.0', java.version: '1.8.0_282'
Driver info: com.kms.katalon.selenium.driver.CChromeDriver
Capabilities {acceptInsecureCerts: false, browserName: chrome, browserVersion: 99.0.4844.51, chrome: {chromedriverVersion: 99.0.4844.51 (d537ec02474b5..., userDataDir: C:\Users\DIEGO~1.ROJ\AppDat...}, goog:chromeOptions: {debuggerAddress: localhost:64692}, javascriptEnabled: true, networkConnectionEnabled: false, pageLoadStrategy: normal, platform: WINDOWS, platformName: WINDOWS, proxy: Proxy(), setWindowRect: true, strictFileInteractability: false, timeouts: {implicit: 0, pageLoad: 300000, script: 30000}, unhandledPromptBehavior: dismiss and notify, webauthn:extension:credBlob: true, webauthn:extension:largeBlob: true, webauthn:virtualAuthenticators: true}
Session ID: 6094612225136c67d237e9c8239a990d
	at org.openqa.selenium.remote.http.W3CHttpResponseCodec.createException(W3CHttpResponseCodec.java:187)
	at org.openqa.selenium.remote.http.W3CHttpResponseCodec.decode(W3CHttpResponseCodec.java:122)
	at org.openqa.selenium.remote.http.W3CHttpResponseCodec.decode(W3CHttpResponseCodec.java:49)
	at org.openqa.selenium.remote.HttpCommandExecutor.execute(HttpCommandExecutor.java:158)
	at org.openqa.selenium.remote.service.DriverCommandExecutor.execute(DriverCommandExecutor.java:83)
	at org.openqa.selenium.remote.RemoteWebDriver.execute(RemoteWebDriver.java:552)
	at com.kms.katalon.selenium.driver.CChromeDriver.execute(CChromeDriver.java:19)
	at org.openqa.selenium.remote.RemoteWebElement.execute(RemoteWebElement.java:285)
	at org.openqa.selenium.remote.RemoteWebElement.click(RemoteWebElement.java:84)
	at org.openqa.selenium.support.events.EventFiringWebDriver$EventFiringWebElement.lambda$new$0(EventFiringWebDriver.java:404)
	at com.sun.proxy.$Proxy11.click(Unknown Source)
	at org.openqa.selenium.support.events.EventFiringWebDriver$EventFiringWebElement.click(EventFiringWebDriver.java:417)
	at org.openqa.selenium.WebElement$click$0.call(Unknown Source)
	at com.kms.katalon.core.webui.keyword.builtin.ClickKeyword.clickUntilSuccessWithTimeout(ClickKeyword.groovy:81)
	at com.kms.katalon.core.webui.keyword.builtin.ClickKeyword.clickUntilSuccessWithTimeout(ClickKeyword.groovy)
	at com.kms.katalon.core.webui.keyword.builtin.ClickKeyword$_click_closure1.doCall(ClickKeyword.groovy:67)
	at com.kms.katalon.core.webui.keyword.builtin.ClickKeyword$_click_closure1.call(ClickKeyword.groovy)
	at com.kms.katalon.core.webui.keyword.internal.WebUIKeywordMain.runKeyword(WebUIKeywordMain.groovy:20)
	at com.kms.katalon.core.webui.keyword.builtin.ClickKeyword.click(ClickKeyword.groovy:74)
	at com.kms.katalon.core.webui.keyword.builtin.ClickKeyword.execute(ClickKeyword.groovy:40)
	at com.kms.katalon.core.keyword.internal.KeywordExecutor.executeKeywordForPlatform(KeywordExecutor.groovy:74)
	at com.kms.katalon.core.webui.keyword.WebUiBuiltInKeywords.click(WebUiBuiltInKeywords.groovy:620)
	at com.kms.katalon.core.webui.keyword.WebUiBuiltInKeywords$click$5.call(Unknown Source)
	at Script1548866095922.run(Script1548866095922.groovy:51)
	... 13 more
)

2022-03-09 12:21:55 - [MESSAGE][FAILED] - Unable to click on object 'Object Repository/Modulo Tarea Administracion Compensacion/Recalculo Total/a_Continuar' (Root cause: com.kms.katalon.core.exception.StepFailedException: Unable to click on object 'Object Repository/Modulo Tarea Administracion Compensacion/Recalculo Total/a_Continuar'
	at com.kms.katalon.core.webui.keyword.internal.WebUIKeywordMain.stepFailed(WebUIKeywordMain.groovy:64)
	at com.kms.katalon.core.webui.keyword.internal.WebUIKeywordMain.runKeyword(WebUIKeywordMain.groovy:26)
	at com.kms.katalon.core.webui.keyword.builtin.ClickKeyword.click(ClickKeyword.groovy:74)
	at com.kms.katalon.core.webui.keyword.builtin.ClickKeyword.execute(ClickKeyword.groovy:40)
	at com.kms.katalon.core.keyword.internal.KeywordExecutor.executeKeywordForPlatform(KeywordExecutor.groovy:74)
	at com.kms.katalon.core.webui.keyword.WebUiBuiltInKeywords.click(WebUiBuiltInKeywords.groovy:620)
	at com.kms.katalon.core.webui.keyword.WebUiBuiltInKeywords$click$5.call(Unknown Source)
	at 1.3.3-Recalculo Total.run(1.3.3-Recalculo Total:51)
	at com.kms.katalon.core.main.ScriptEngine.run(ScriptEngine.java:194)
	at com.kms.katalon.core.main.ScriptEngine.runScriptAsRawText(ScriptEngine.java:119)
	at com.kms.katalon.core.main.TestCaseExecutor.runScript(TestCaseExecutor.java:442)
	at com.kms.katalon.core.main.TestCaseExecutor.doExecute(TestCaseExecutor.java:433)
	at com.kms.katalon.core.main.TestCaseExecutor.processExecutionPhase(TestCaseExecutor.java:412)
	at com.kms.katalon.core.main.TestCaseExecutor.accessMainPhase(TestCaseExecutor.java:404)
	at com.kms.katalon.core.main.TestCaseExecutor.execute(TestCaseExecutor.java:281)
	at com.kms.katalon.core.main.TestSuiteExecutor.accessTestCaseMainPhase(TestSuiteExecutor.java:202)
	at com.kms.katalon.core.main.TestSuiteExecutor.accessTestSuiteMainPhase(TestSuiteExecutor.java:164)
	at com.kms.katalon.core.main.TestSuiteExecutor.execute(TestSuiteExecutor.java:105)
	at com.kms.katalon.core.main.TestCaseMain.startTestSuite(TestCaseMain.java:185)
	at com.kms.katalon.core.main.TestCaseMain$startTestSuite$0.call(Unknown Source)
	at TempTestSuite1646845129657.run(TempTestSuite1646845129657.groovy:36)
Caused by: org.openqa.selenium.ElementClickInterceptedException: element click intercepted: Element is not clickable at point (460, 828)
  (Session info: chrome=99.0.4844.51)
Build info: version: '3.141.59', revision: 'e82be7d358', time: '2018-11-14T08:25:53'
System info: host: 'US-AF-000371', ip: '192.168.56.1', os.name: 'Windows 10', os.arch: 'amd64', os.version: '10.0', java.version: '1.8.0_282'
Driver info: com.kms.katalon.selenium.driver.CChromeDriver
Capabilities {acceptInsecureCerts: false, browserName: chrome, browserVersion: 99.0.4844.51, chrome: {chromedriverVersion: 99.0.4844.51 (d537ec02474b5..., userDataDir: C:\Users\DIEGO~1.ROJ\AppDat...}, goog:chromeOptions: {debuggerAddress: localhost:64692}, javascriptEnabled: true, networkConnectionEnabled: false, pageLoadStrategy: normal, platform: WINDOWS, platformName: WINDOWS, proxy: Proxy(), setWindowRect: true, strictFileInteractability: false, timeouts: {implicit: 0, pageLoad: 300000, script: 30000}, unhandledPromptBehavior: dismiss and notify, webauthn:extension:credBlob: true, webauthn:extension:largeBlob: true, webauthn:virtualAuthenticators: true}
Session ID: 6094612225136c67d237e9c8239a990d
	at org.openqa.selenium.remote.http.W3CHttpResponseCodec.createException(W3CHttpResponseCodec.java:187)
	at org.openqa.selenium.remote.http.W3CHttpResponseCodec.decode(W3CHttpResponseCodec.java:122)
	at org.openqa.selenium.remote.http.W3CHttpResponseCodec.decode(W3CHttpResponseCodec.java:49)
	at org.openqa.selenium.remote.HttpCommandExecutor.execute(HttpCommandExecutor.java:158)
	at org.openqa.selenium.remote.service.DriverCommandExecutor.execute(DriverCommandExecutor.java:83)
	at org.openqa.selenium.remote.RemoteWebDriver.execute(RemoteWebDriver.java:552)
	at com.kms.katalon.selenium.driver.CChromeDriver.execute(CChromeDriver.java:19)
	at org.openqa.selenium.remote.RemoteWebElement.execute(RemoteWebElement.java:285)
	at org.openqa.selenium.remote.RemoteWebElement.click(RemoteWebElement.java:84)
	at org.openqa.selenium.support.events.EventFiringWebDriver$EventFiringWebElement.lambda$new$0(EventFiringWebDriver.java:404)
	at com.sun.proxy.$Proxy11.click(Unknown Source)
	at org.openqa.selenium.support.events.EventFiringWebDriver$EventFiringWebElement.click(EventFiringWebDriver.java:417)
	at org.openqa.selenium.WebElement$click$0.call(Unknown Source)
	at com.kms.katalon.core.webui.keyword.builtin.ClickKeyword.clickUntilSuccessWithTimeout(ClickKeyword.groovy:81)
	at com.kms.katalon.core.webui.keyword.builtin.ClickKeyword.clickUntilSuccessWithTimeout(ClickKeyword.groovy)
	at com.kms.katalon.core.webui.keyword.builtin.ClickKeyword$_click_closure1.doCall(ClickKeyword.groovy:67)
	at com.kms.katalon.core.webui.keyword.builtin.ClickKeyword$_click_closure1.call(ClickKeyword.groovy)
	at com.kms.katalon.core.webui.keyword.internal.WebUIKeywordMain.runKeyword(WebUIKeywordMain.groovy:20)
	at com.kms.katalon.core.webui.keyword.builtin.ClickKeyword.click(ClickKeyword.groovy:74)
	at com.kms.katalon.core.webui.keyword.builtin.ClickKeyword.execute(ClickKeyword.groovy:40)
	at com.kms.katalon.core.keyword.internal.KeywordExecutor.executeKeywordForPlatform(KeywordExecutor.groovy:74)
	at com.kms.katalon.core.webui.keyword.WebUiBuiltInKeywords.click(WebUiBuiltInKeywords.groovy:620)
	at com.kms.katalon.core.webui.keyword.WebUiBuiltInKeywords$click$5.call(Unknown Source)
	at Script1548866095922.run(Script1548866095922.groovy:51)
	... 13 more
)
[[ATTACHMENT|C:\\Users\\diego.rojas\\git\\Pruebas-Minimas\\Reports\\20220309_115823\\1-Tareas Principales\\20220309_115849\\1646846515667.png]]]]></system-out>
         <system-err><![CDATA[2022-03-09 12:20:32 - [TEST_CASE][FAILED] - Test Cases/1.1-Tareas Principales/1.3.3-Recalculo Total: Test Cases/1.1-Tareas Principales/1.3.3-Recalculo Total FAILED.
Reason:
com.kms.katalon.core.exception.StepFailedException: Unable to click on object 'Object Repository/Modulo Tarea Administracion Compensacion/Recalculo Total/a_Continuar'
	at com.kms.katalon.core.webui.keyword.internal.WebUIKeywordMain.stepFailed(WebUIKeywordMain.groovy:64)
	at com.kms.katalon.core.webui.keyword.internal.WebUIKeywordMain.runKeyword(WebUIKeywordMain.groovy:26)
	at com.kms.katalon.core.webui.keyword.builtin.ClickKeyword.click(ClickKeyword.groovy:74)
	at com.kms.katalon.core.webui.keyword.builtin.ClickKeyword.execute(ClickKeyword.groovy:40)
	at com.kms.katalon.core.keyword.internal.KeywordExecutor.executeKeywordForPlatform(KeywordExecutor.groovy:74)
	at com.kms.katalon.core.webui.keyword.WebUiBuiltInKeywords.click(WebUiBuiltInKeywords.groovy:620)
	at com.kms.katalon.core.webui.keyword.WebUiBuiltInKeywords$click$5.call(Unknown Source)
	at 1.3.3-Recalculo Total.run(1.3.3-Recalculo Total:51)
	at com.kms.katalon.core.main.ScriptEngine.run(ScriptEngine.java:194)
	at com.kms.katalon.core.main.ScriptEngine.runScriptAsRawText(ScriptEngine.java:119)
	at com.kms.katalon.core.main.TestCaseExecutor.runScript(TestCaseExecutor.java:442)
	at com.kms.katalon.core.main.TestCaseExecutor.doExecute(TestCaseExecutor.java:433)
	at com.kms.katalon.core.main.TestCaseExecutor.processExecutionPhase(TestCaseExecutor.java:412)
	at com.kms.katalon.core.main.TestCaseExecutor.accessMainPhase(TestCaseExecutor.java:404)
	at com.kms.katalon.core.main.TestCaseExecutor.execute(TestCaseExecutor.java:281)
	at com.kms.katalon.core.main.TestSuiteExecutor.accessTestCaseMainPhase(TestSuiteExecutor.java:202)
	at com.kms.katalon.core.main.TestSuiteExecutor.accessTestSuiteMainPhase(TestSuiteExecutor.java:164)
	at com.kms.katalon.core.main.TestSuiteExecutor.execute(TestSuiteExecutor.java:105)
	at com.kms.katalon.core.main.TestCaseMain.startTestSuite(TestCaseMain.java:185)
	at com.kms.katalon.core.main.TestCaseMain$startTestSuite$0.call(Unknown Source)
	at TempTestSuite1646845129657.run(TempTestSuite1646845129657.groovy:36)
Caused by: org.openqa.selenium.ElementClickInterceptedException: element click intercepted: Element is not clickable at point (460, 828)
  (Session info: chrome=99.0.4844.51)
Build info: version: '3.141.59', revision: 'e82be7d358', time: '2018-11-14T08:25:53'
System info: host: 'US-AF-000371', ip: '192.168.56.1', os.name: 'Windows 10', os.arch: 'amd64', os.version: '10.0', java.version: '1.8.0_282'
Driver info: com.kms.katalon.selenium.driver.CChromeDriver
Capabilities {acceptInsecureCerts: false, browserName: chrome, browserVersion: 99.0.4844.51, chrome: {chromedriverVersion: 99.0.4844.51 (d537ec02474b5..., userDataDir: C:\Users\DIEGO~1.ROJ\AppDat...}, goog:chromeOptions: {debuggerAddress: localhost:64692}, javascriptEnabled: true, networkConnectionEnabled: false, pageLoadStrategy: normal, platform: WINDOWS, platformName: WINDOWS, proxy: Proxy(), setWindowRect: true, strictFileInteractability: false, timeouts: {implicit: 0, pageLoad: 300000, script: 30000}, unhandledPromptBehavior: dismiss and notify, webauthn:extension:credBlob: true, webauthn:extension:largeBlob: true, webauthn:virtualAuthenticators: true}
Session ID: 6094612225136c67d237e9c8239a990d
	at org.openqa.selenium.remote.http.W3CHttpResponseCodec.createException(W3CHttpResponseCodec.java:187)
	at org.openqa.selenium.remote.http.W3CHttpResponseCodec.decode(W3CHttpResponseCodec.java:122)
	at org.openqa.selenium.remote.http.W3CHttpResponseCodec.decode(W3CHttpResponseCodec.java:49)
	at org.openqa.selenium.remote.HttpCommandExecutor.execute(HttpCommandExecutor.java:158)
	at org.openqa.selenium.remote.service.DriverCommandExecutor.execute(DriverCommandExecutor.java:83)
	at org.openqa.selenium.remote.RemoteWebDriver.execute(RemoteWebDriver.java:552)
	at com.kms.katalon.selenium.driver.CChromeDriver.execute(CChromeDriver.java:19)
	at org.openqa.selenium.remote.RemoteWebElement.execute(RemoteWebElement.java:285)
	at org.openqa.selenium.remote.RemoteWebElement.click(RemoteWebElement.java:84)
	at org.openqa.selenium.support.events.EventFiringWebDriver$EventFiringWebElement.lambda$new$0(EventFiringWebDriver.java:404)
	at com.sun.proxy.$Proxy11.click(Unknown Source)
	at org.openqa.selenium.support.events.EventFiringWebDriver$EventFiringWebElement.click(EventFiringWebDriver.java:417)
	at org.openqa.selenium.WebElement$click$0.call(Unknown Source)
	at com.kms.katalon.core.webui.keyword.builtin.ClickKeyword.clickUntilSuccessWithTimeout(ClickKeyword.groovy:81)
	at com.kms.katalon.core.webui.keyword.builtin.ClickKeyword.clickUntilSuccessWithTimeout(ClickKeyword.groovy)
	at com.kms.katalon.core.webui.keyword.builtin.ClickKeyword$_click_closure1.doCall(ClickKeyword.groovy:67)
	at com.kms.katalon.core.webui.keyword.builtin.ClickKeyword$_click_closure1.call(ClickKeyword.groovy)
	at com.kms.katalon.core.webui.keyword.internal.WebUIKeywordMain.runKeyword(WebUIKeywordMain.groovy:20)
	... 19 more]]></system-err>
      </testcase>
      <testcase name="Test Cases/1.1-Tareas Principales/1.3.4-Reporte de Recalculo Total" time="81.599" classname="Test Cases/1.1-Tareas Principales/1.3.4-Reporte de Recalculo Total" status="FAILED">
         <failure type="FAILED" message="Test Cases/1.1-Tareas Principales/1.3.4-Reporte de Recalculo Total FAILED.
Reason:
com.kms.katalon.core.exception.StepFailedException: Call Test Case 'Test Cases/1.1-Tareas Principales/1.3.3-Recalculo Total' failed
	at com.kms.katalon.core.keyword.builtin.CallTestCaseKeyword$_callTestCase_closure1.doCall(CallTestCaseKeyword.groovy:63)
	at com.kms.katalon.core.keyword.builtin.CallTestCaseKeyword$_callTestCase_closure1.call(CallTestCaseKeyword.groovy)
	at com.kms.katalon.core.keyword.internal.KeywordMain.runKeyword(KeywordMain.groovy:74)
	at com.kms.katalon.core.keyword.builtin.CallTestCaseKeyword.callTestCase(CallTestCaseKeyword.groovy:81)
	at com.kms.katalon.core.keyword.builtin.CallTestCaseKeyword.execute(CallTestCaseKeyword.groovy:44)
	at com.kms.katalon.core.keyword.internal.KeywordExecutor.executeKeywordForPlatform(KeywordExecutor.groovy:74)
	at com.kms.katalon.core.keyword.BuiltinKeywords.callTestCase(BuiltinKeywords.groovy:334)
	at 1.3.4-Reporte de Recalculo Total.run(1.3.4-Reporte de Recalculo Total:18)
	at com.kms.katalon.core.main.ScriptEngine.run(ScriptEngine.java:194)
	at com.kms.katalon.core.main.ScriptEngine.runScriptAsRawText(ScriptEngine.java:119)
	at com.kms.katalon.core.main.TestCaseExecutor.runScript(TestCaseExecutor.java:442)
	at com.kms.katalon.core.main.TestCaseExecutor.doExecute(TestCaseExecutor.java:433)
	at com.kms.katalon.core.main.TestCaseExecutor.processExecutionPhase(TestCaseExecutor.java:412)
	at com.kms.katalon.core.main.TestCaseExecutor.accessMainPhase(TestCaseExecutor.java:404)
	at com.kms.katalon.core.main.TestCaseExecutor.execute(TestCaseExecutor.java:281)
	at com.kms.katalon.core.main.TestSuiteExecutor.accessTestCaseMainPhase(TestSuiteExecutor.java:202)
	at com.kms.katalon.core.main.TestSuiteExecutor.accessTestSuiteMainPhase(TestSuiteExecutor.java:164)
	at com.kms.katalon.core.main.TestSuiteExecutor.execute(TestSuiteExecutor.java:105)
	at com.kms.katalon.core.main.TestCaseMain.startTestSuite(TestCaseMain.java:185)
	at com.kms.katalon.core.main.TestCaseMain$startTestSuite$0.call(Unknown Source)
	at TempTestSuite1646845129657.run(TempTestSuite1646845129657.groovy:36)
Caused by: com.kms.katalon.core.exception.StepFailedException: Unable to click on object 'Object Repository/Modulo Tarea Administracion Compensacion/Recalculo Total/a_Continuar'
	at com.kms.katalon.core.webui.keyword.internal.WebUIKeywordMain.stepFailed(WebUIKeywordMain.groovy:64)
	at com.kms.katalon.core.webui.keyword.internal.WebUIKeywordMain.runKeyword(WebUIKeywordMain.groovy:26)
	at com.kms.katalon.core.webui.keyword.builtin.ClickKeyword.click(ClickKeyword.groovy:74)
	at com.kms.katalon.core.webui.keyword.builtin.ClickKeyword.execute(ClickKeyword.groovy:40)
	at com.kms.katalon.core.keyword.internal.KeywordExecutor.executeKeywordForPlatform(KeywordExecutor.groovy:74)
	at com.kms.katalon.core.webui.keyword.WebUiBuiltInKeywords.click(WebUiBuiltInKeywords.groovy:620)
	at com.kms.katalon.core.webui.keyword.WebUiBuiltInKeywords$click$5.call(Unknown Source)
	at 1.3.3-Recalculo Total.run(1.3.3-Recalculo Total:51)
	at com.kms.katalon.core.main.ScriptEngine.run(ScriptEngine.java:194)
	at com.kms.katalon.core.main.ScriptEngine.runScriptAsRawText(ScriptEngine.java:119)
	at com.kms.katalon.core.main.TestCaseExecutor.runScript(TestCaseExecutor.java:442)
	at com.kms.katalon.core.main.TestCaseExecutor.doExecute(TestCaseExecutor.java:433)
	at com.kms.katalon.core.main.TestCaseExecutor.processExecutionPhase(TestCaseExecutor.java:412)
	at com.kms.katalon.core.main.TestCaseExecutor.accessMainPhase(TestCaseExecutor.java:404)
	at com.kms.katalon.core.main.TestCaseExecutor.execute(TestCaseExecutor.java:281)
	at com.kms.katalon.core.main.TestCaseMain.runTestCase(TestCaseMain.java:142)
	at com.kms.katalon.core.keyword.builtin.CallTestCaseKeyword$_callTestCase_closure1.doCall(CallTestCaseKeyword.groovy:59)
	... 20 more
Caused by: org.openqa.selenium.ElementClickInterceptedException: element click intercepted: Element is not clickable at point (460, 828)
  (Session info: chrome=99.0.4844.51)
Build info: version: '3.141.59', revision: 'e82be7d358', time: '2018-11-14T08:25:53'
System info: host: 'US-AF-000371', ip: '192.168.56.1', os.name: 'Windows 10', os.arch: 'amd64', os.version: '10.0', java.version: '1.8.0_282'
Driver info: com.kms.katalon.selenium.driver.CChromeDriver
Capabilities {acceptInsecureCerts: false, browserName: chrome, browserVersion: 99.0.4844.51, chrome: {chromedriverVersion: 99.0.4844.51 (d537ec02474b5..., userDataDir: C:\Users\DIEGO~1.ROJ\AppDat...}, goog:chromeOptions: {debuggerAddress: localhost:64872}, javascriptEnabled: true, networkConnectionEnabled: false, pageLoadStrategy: normal, platform: WINDOWS, platformName: WINDOWS, proxy: Proxy(), setWindowRect: true, strictFileInteractability: false, timeouts: {implicit: 0, pageLoad: 300000, script: 30000}, unhandledPromptBehavior: dismiss and notify, webauthn:extension:credBlob: true, webauthn:extension:largeBlob: true, webauthn:virtualAuthenticators: true}
Session ID: 1d0538d755e5fbd2310e4afde569d1df
	at org.openqa.selenium.remote.http.W3CHttpResponseCodec.createException(W3CHttpResponseCodec.java:187)
	at org.openqa.selenium.remote.http.W3CHttpResponseCodec.decode(W3CHttpResponseCodec.java:122)
	at org.openqa.selenium.remote.http.W3CHttpResponseCodec.decode(W3CHttpResponseCodec.java:49)
	at org.openqa.selenium.remote.HttpCommandExecutor.execute(HttpCommandExecutor.java:158)
	at org.openqa.selenium.remote.service.DriverCommandExecutor.execute(DriverCommandExecutor.java:83)
	at org.openqa.selenium.remote.RemoteWebDriver.execute(RemoteWebDriver.java:552)
	at com.kms.katalon.selenium.driver.CChromeDriver.execute(CChromeDriver.java:19)
	at org.openqa.selenium.remote.RemoteWebElement.execute(RemoteWebElement.java:285)
	at org.openqa.selenium.remote.RemoteWebElement.click(RemoteWebElement.java:84)
	at org.openqa.selenium.support.events.EventFiringWebDriver$EventFiringWebElement.lambda$new$0(EventFiringWebDriver.java:404)
	at com.sun.proxy.$Proxy11.click(Unknown Source)
	at org.openqa.selenium.support.events.EventFiringWebDriver$EventFiringWebElement.click(EventFiringWebDriver.java:417)
	at org.openqa.selenium.WebElement$click$0.call(Unknown Source)
	at com.kms.katalon.core.webui.keyword.builtin.ClickKeyword.clickUntilSuccessWithTimeout(ClickKeyword.groovy:81)
	at com.kms.katalon.core.webui.keyword.builtin.ClickKeyword.clickUntilSuccessWithTimeout(ClickKeyword.groovy)
	at com.kms.katalon.core.webui.keyword.builtin.ClickKeyword$_click_closure1.doCall(ClickKeyword.groovy:67)
	at com.kms.katalon.core.webui.keyword.builtin.ClickKeyword$_click_closure1.call(ClickKeyword.groovy)
	at com.kms.katalon.core.webui.keyword.internal.WebUIKeywordMain.runKeyword(WebUIKeywordMain.groovy:20)
	... 35 more
"/>
         <system-out><![CDATA[2022-03-09 12:21:55 - [TEST_CASE][FAILED] - Test Cases/1.1-Tareas Principales/1.3.4-Reporte de Recalculo Total: Test Cases/1.1-Tareas Principales/1.3.4-Reporte de Recalculo Total FAILED.
Reason:
com.kms.katalon.core.exception.StepFailedException: Call Test Case 'Test Cases/1.1-Tareas Principales/1.3.3-Recalculo Total' failed
	at com.kms.katalon.core.keyword.builtin.CallTestCaseKeyword$_callTestCase_closure1.doCall(CallTestCaseKeyword.groovy:63)
	at com.kms.katalon.core.keyword.builtin.CallTestCaseKeyword$_callTestCase_closure1.call(CallTestCaseKeyword.groovy)
	at com.kms.katalon.core.keyword.internal.KeywordMain.runKeyword(KeywordMain.groovy:74)
	at com.kms.katalon.core.keyword.builtin.CallTestCaseKeyword.callTestCase(CallTestCaseKeyword.groovy:81)
	at com.kms.katalon.core.keyword.builtin.CallTestCaseKeyword.execute(CallTestCaseKeyword.groovy:44)
	at com.kms.katalon.core.keyword.internal.KeywordExecutor.executeKeywordForPlatform(KeywordExecutor.groovy:74)
	at com.kms.katalon.core.keyword.BuiltinKeywords.callTestCase(BuiltinKeywords.groovy:334)
	at 1.3.4-Reporte de Recalculo Total.run(1.3.4-Reporte de Recalculo Total:18)
	at com.kms.katalon.core.main.ScriptEngine.run(ScriptEngine.java:194)
	at com.kms.katalon.core.main.ScriptEngine.runScriptAsRawText(ScriptEngine.java:119)
	at com.kms.katalon.core.main.TestCaseExecutor.runScript(TestCaseExecutor.java:442)
	at com.kms.katalon.core.main.TestCaseExecutor.doExecute(TestCaseExecutor.java:433)
	at com.kms.katalon.core.main.TestCaseExecutor.processExecutionPhase(TestCaseExecutor.java:412)
	at com.kms.katalon.core.main.TestCaseExecutor.accessMainPhase(TestCaseExecutor.java:404)
	at com.kms.katalon.core.main.TestCaseExecutor.execute(TestCaseExecutor.java:281)
	at com.kms.katalon.core.main.TestSuiteExecutor.accessTestCaseMainPhase(TestSuiteExecutor.java:202)
	at com.kms.katalon.core.main.TestSuiteExecutor.accessTestSuiteMainPhase(TestSuiteExecutor.java:164)
	at com.kms.katalon.core.main.TestSuiteExecutor.execute(TestSuiteExecutor.java:105)
	at com.kms.katalon.core.main.TestCaseMain.startTestSuite(TestCaseMain.java:185)
	at com.kms.katalon.core.main.TestCaseMain$startTestSuite$0.call(Unknown Source)
	at TempTestSuite1646845129657.run(TempTestSuite1646845129657.groovy:36)
Caused by: com.kms.katalon.core.exception.StepFailedException: Unable to click on object 'Object Repository/Modulo Tarea Administracion Compensacion/Recalculo Total/a_Continuar'
	at com.kms.katalon.core.webui.keyword.internal.WebUIKeywordMain.stepFailed(WebUIKeywordMain.groovy:64)
	at com.kms.katalon.core.webui.keyword.internal.WebUIKeywordMain.runKeyword(WebUIKeywordMain.groovy:26)
	at com.kms.katalon.core.webui.keyword.builtin.ClickKeyword.click(ClickKeyword.groovy:74)
	at com.kms.katalon.core.webui.keyword.builtin.ClickKeyword.execute(ClickKeyword.groovy:40)
	at com.kms.katalon.core.keyword.internal.KeywordExecutor.executeKeywordForPlatform(KeywordExecutor.groovy:74)
	at com.kms.katalon.core.webui.keyword.WebUiBuiltInKeywords.click(WebUiBuiltInKeywords.groovy:620)
	at com.kms.katalon.core.webui.keyword.WebUiBuiltInKeywords$click$5.call(Unknown Source)
	at 1.3.3-Recalculo Total.run(1.3.3-Recalculo Total:51)
	at com.kms.katalon.core.main.ScriptEngine.run(ScriptEngine.java:194)
	at com.kms.katalon.core.main.ScriptEngine.runScriptAsRawText(ScriptEngine.java:119)
	at com.kms.katalon.core.main.TestCaseExecutor.runScript(TestCaseExecutor.java:442)
	at com.kms.katalon.core.main.TestCaseExecutor.doExecute(TestCaseExecutor.java:433)
	at com.kms.katalon.core.main.TestCaseExecutor.processExecutionPhase(TestCaseExecutor.java:412)
	at com.kms.katalon.core.main.TestCaseExecutor.accessMainPhase(TestCaseExecutor.java:404)
	at com.kms.katalon.core.main.TestCaseExecutor.execute(TestCaseExecutor.java:281)
	at com.kms.katalon.core.main.TestCaseMain.runTestCase(TestCaseMain.java:142)
	at com.kms.katalon.core.keyword.builtin.CallTestCaseKeyword$_callTestCase_closure1.doCall(CallTestCaseKeyword.groovy:59)
	... 20 more
Caused by: org.openqa.selenium.ElementClickInterceptedException: element click intercepted: Element is not clickable at point (460, 828)
  (Session info: chrome=99.0.4844.51)
Build info: version: '3.141.59', revision: 'e82be7d358', time: '2018-11-14T08:25:53'
System info: host: 'US-AF-000371', ip: '192.168.56.1', os.name: 'Windows 10', os.arch: 'amd64', os.version: '10.0', java.version: '1.8.0_282'
Driver info: com.kms.katalon.selenium.driver.CChromeDriver
Capabilities {acceptInsecureCerts: false, browserName: chrome, browserVersion: 99.0.4844.51, chrome: {chromedriverVersion: 99.0.4844.51 (d537ec02474b5..., userDataDir: C:\Users\DIEGO~1.ROJ\AppDat...}, goog:chromeOptions: {debuggerAddress: localhost:64872}, javascriptEnabled: true, networkConnectionEnabled: false, pageLoadStrategy: normal, platform: WINDOWS, platformName: WINDOWS, proxy: Proxy(), setWindowRect: true, strictFileInteractability: false, timeouts: {implicit: 0, pageLoad: 300000, script: 30000}, unhandledPromptBehavior: dismiss and notify, webauthn:extension:credBlob: true, webauthn:extension:largeBlob: true, webauthn:virtualAuthenticators: true}
Session ID: 1d0538d755e5fbd2310e4afde569d1df
	at org.openqa.selenium.remote.http.W3CHttpResponseCodec.createException(W3CHttpResponseCodec.java:187)
	at org.openqa.selenium.remote.http.W3CHttpResponseCodec.decode(W3CHttpResponseCodec.java:122)
	at org.openqa.selenium.remote.http.W3CHttpResponseCodec.decode(W3CHttpResponseCodec.java:49)
	at org.openqa.selenium.remote.HttpCommandExecutor.execute(HttpCommandExecutor.java:158)
	at org.openqa.selenium.remote.service.DriverCommandExecutor.execute(DriverCommandExecutor.java:83)
	at org.openqa.selenium.remote.RemoteWebDriver.execute(RemoteWebDriver.java:552)
	at com.kms.katalon.selenium.driver.CChromeDriver.execute(CChromeDriver.java:19)
	at org.openqa.selenium.remote.RemoteWebElement.execute(RemoteWebElement.java:285)
	at org.openqa.selenium.remote.RemoteWebElement.click(RemoteWebElement.java:84)
	at org.openqa.selenium.support.events.EventFiringWebDriver$EventFiringWebElement.lambda$new$0(EventFiringWebDriver.java:404)
	at com.sun.proxy.$Proxy11.click(Unknown Source)
	at org.openqa.selenium.support.events.EventFiringWebDriver$EventFiringWebElement.click(EventFiringWebDriver.java:417)
	at org.openqa.selenium.WebElement$click$0.call(Unknown Source)
	at com.kms.katalon.core.webui.keyword.builtin.ClickKeyword.clickUntilSuccessWithTimeout(ClickKeyword.groovy:81)
	at com.kms.katalon.core.webui.keyword.builtin.ClickKeyword.clickUntilSuccessWithTimeout(ClickKeyword.groovy)
	at com.kms.katalon.core.webui.keyword.builtin.ClickKeyword$_click_closure1.doCall(ClickKeyword.groovy:67)
	at com.kms.katalon.core.webui.keyword.builtin.ClickKeyword$_click_closure1.call(ClickKeyword.groovy)
	at com.kms.katalon.core.webui.keyword.internal.WebUIKeywordMain.runKeyword(WebUIKeywordMain.groovy:20)
	... 35 more


2022-03-09 12:21:56 - [TEST_STEP][FAILED] - callTestCase(findTestCase("1.1-Tareas Principales/1.3.3-Recalculo Total"), [:], STOP_ON_FAILURE): Unable to call Test Case 'Test Cases/1.1-Tareas Principales/1.3.3-Recalculo Total' (Root cause: com.kms.katalon.core.exception.StepFailedException: Call Test Case 'Test Cases/1.1-Tareas Principales/1.3.3-Recalculo Total' failed
	at com.kms.katalon.core.keyword.builtin.CallTestCaseKeyword$_callTestCase_closure1.doCall(CallTestCaseKeyword.groovy:63)
	at com.kms.katalon.core.keyword.builtin.CallTestCaseKeyword$_callTestCase_closure1.call(CallTestCaseKeyword.groovy)
	at com.kms.katalon.core.keyword.internal.KeywordMain.runKeyword(KeywordMain.groovy:74)
	at com.kms.katalon.core.keyword.builtin.CallTestCaseKeyword.callTestCase(CallTestCaseKeyword.groovy:81)
	at com.kms.katalon.core.keyword.builtin.CallTestCaseKeyword.execute(CallTestCaseKeyword.groovy:44)
	at com.kms.katalon.core.keyword.internal.KeywordExecutor.executeKeywordForPlatform(KeywordExecutor.groovy:74)
	at com.kms.katalon.core.keyword.BuiltinKeywords.callTestCase(BuiltinKeywords.groovy:334)
	at 1.3.4-Reporte de Recalculo Total.run(1.3.4-Reporte de Recalculo Total:18)
	at com.kms.katalon.core.main.ScriptEngine.run(ScriptEngine.java:194)
	at com.kms.katalon.core.main.ScriptEngine.runScriptAsRawText(ScriptEngine.java:119)
	at com.kms.katalon.core.main.TestCaseExecutor.runScript(TestCaseExecutor.java:442)
	at com.kms.katalon.core.main.TestCaseExecutor.doExecute(TestCaseExecutor.java:433)
	at com.kms.katalon.core.main.TestCaseExecutor.processExecutionPhase(TestCaseExecutor.java:412)
	at com.kms.katalon.core.main.TestCaseExecutor.accessMainPhase(TestCaseExecutor.java:404)
	at com.kms.katalon.core.main.TestCaseExecutor.execute(TestCaseExecutor.java:281)
	at com.kms.katalon.core.main.TestSuiteExecutor.accessTestCaseMainPhase(TestSuiteExecutor.java:202)
	at com.kms.katalon.core.main.TestSuiteExecutor.accessTestSuiteMainPhase(TestSuiteExecutor.java:164)
	at com.kms.katalon.core.main.TestSuiteExecutor.execute(TestSuiteExecutor.java:105)
	at com.kms.katalon.core.main.TestCaseMain.startTestSuite(TestCaseMain.java:185)
	at com.kms.katalon.core.main.TestCaseMain$startTestSuite$0.call(Unknown Source)
	at TempTestSuite1646845129657.run(TempTestSuite1646845129657.groovy:36)
Caused by: com.kms.katalon.core.exception.StepFailedException: Unable to click on object 'Object Repository/Modulo Tarea Administracion Compensacion/Recalculo Total/a_Continuar'
	at com.kms.katalon.core.webui.keyword.internal.WebUIKeywordMain.stepFailed(WebUIKeywordMain.groovy:64)
	at com.kms.katalon.core.webui.keyword.internal.WebUIKeywordMain.runKeyword(WebUIKeywordMain.groovy:26)
	at com.kms.katalon.core.webui.keyword.builtin.ClickKeyword.click(ClickKeyword.groovy:74)
	at com.kms.katalon.core.webui.keyword.builtin.ClickKeyword.execute(ClickKeyword.groovy:40)
	at com.kms.katalon.core.keyword.internal.KeywordExecutor.executeKeywordForPlatform(KeywordExecutor.groovy:74)
	at com.kms.katalon.core.webui.keyword.WebUiBuiltInKeywords.click(WebUiBuiltInKeywords.groovy:620)
	at com.kms.katalon.core.webui.keyword.WebUiBuiltInKeywords$click$5.call(Unknown Source)
	at 1.3.3-Recalculo Total.run(1.3.3-Recalculo Total:51)
	at com.kms.katalon.core.main.ScriptEngine.run(ScriptEngine.java:194)
	at com.kms.katalon.core.main.ScriptEngine.runScriptAsRawText(ScriptEngine.java:119)
	at com.kms.katalon.core.main.TestCaseExecutor.runScript(TestCaseExecutor.java:442)
	at com.kms.katalon.core.main.TestCaseExecutor.doExecute(TestCaseExecutor.java:433)
	at com.kms.katalon.core.main.TestCaseExecutor.processExecutionPhase(TestCaseExecutor.java:412)
	at com.kms.katalon.core.main.TestCaseExecutor.accessMainPhase(TestCaseExecutor.java:404)
	at com.kms.katalon.core.main.TestCaseExecutor.execute(TestCaseExecutor.java:281)
	at com.kms.katalon.core.main.TestCaseMain.runTestCase(TestCaseMain.java:142)
	at com.kms.katalon.core.keyword.builtin.CallTestCaseKeyword$_callTestCase_closure1.doCall(CallTestCaseKeyword.groovy:59)
	... 20 more
Caused by: org.openqa.selenium.ElementClickInterceptedException: element click intercepted: Element is not clickable at point (460, 828)
  (Session info: chrome=99.0.4844.51)
Build info: version: '3.141.59', revision: 'e82be7d358', time: '2018-11-14T08:25:53'
System info: host: 'US-AF-000371', ip: '192.168.56.1', os.name: 'Windows 10', os.arch: 'amd64', os.version: '10.0', java.version: '1.8.0_282'
Driver info: com.kms.katalon.selenium.driver.CChromeDriver
Capabilities {acceptInsecureCerts: false, browserName: chrome, browserVersion: 99.0.4844.51, chrome: {chromedriverVersion: 99.0.4844.51 (d537ec02474b5..., userDataDir: C:\Users\DIEGO~1.ROJ\AppDat...}, goog:chromeOptions: {debuggerAddress: localhost:64872}, javascriptEnabled: true, networkConnectionEnabled: false, pageLoadStrategy: normal, platform: WINDOWS, platformName: WINDOWS, proxy: Proxy(), setWindowRect: true, strictFileInteractability: false, timeouts: {implicit: 0, pageLoad: 300000, script: 30000}, unhandledPromptBehavior: dismiss and notify, webauthn:extension:credBlob: true, webauthn:extension:largeBlob: true, webauthn:virtualAuthenticators: true}
Session ID: 1d0538d755e5fbd2310e4afde569d1df
	at org.openqa.selenium.remote.http.W3CHttpResponseCodec.createException(W3CHttpResponseCodec.java:187)
	at org.openqa.selenium.remote.http.W3CHttpResponseCodec.decode(W3CHttpResponseCodec.java:122)
	at org.openqa.selenium.remote.http.W3CHttpResponseCodec.decode(W3CHttpResponseCodec.java:49)
	at org.openqa.selenium.remote.HttpCommandExecutor.execute(HttpCommandExecutor.java:158)
	at org.openqa.selenium.remote.service.DriverCommandExecutor.execute(DriverCommandExecutor.java:83)
	at org.openqa.selenium.remote.RemoteWebDriver.execute(RemoteWebDriver.java:552)
	at com.kms.katalon.selenium.driver.CChromeDriver.execute(CChromeDriver.java:19)
	at org.openqa.selenium.remote.RemoteWebElement.execute(RemoteWebElement.java:285)
	at org.openqa.selenium.remote.RemoteWebElement.click(RemoteWebElement.java:84)
	at org.openqa.selenium.support.events.EventFiringWebDriver$EventFiringWebElement.lambda$new$0(EventFiringWebDriver.java:404)
	at com.sun.proxy.$Proxy11.click(Unknown Source)
	at org.openqa.selenium.support.events.EventFiringWebDriver$EventFiringWebElement.click(EventFiringWebDriver.java:417)
	at org.openqa.selenium.WebElement$click$0.call(Unknown Source)
	at com.kms.katalon.core.webui.keyword.builtin.ClickKeyword.clickUntilSuccessWithTimeout(ClickKeyword.groovy:81)
	at com.kms.katalon.core.webui.keyword.builtin.ClickKeyword.clickUntilSuccessWithTimeout(ClickKeyword.groovy)
	at com.kms.katalon.core.webui.keyword.builtin.ClickKeyword$_click_closure1.doCall(ClickKeyword.groovy:67)
	at com.kms.katalon.core.webui.keyword.builtin.ClickKeyword$_click_closure1.call(ClickKeyword.groovy)
	at com.kms.katalon.core.webui.keyword.internal.WebUIKeywordMain.runKeyword(WebUIKeywordMain.groovy:20)
	... 35 more
)

2022-03-09 12:21:56 - [TEST_CASE][FAILED] - Test Cases/1.1-Tareas Principales/1.3.3-Recalculo Total: Test Cases/1.1-Tareas Principales/1.3.3-Recalculo Total FAILED.
Reason:
com.kms.katalon.core.exception.StepFailedException: Unable to click on object 'Object Repository/Modulo Tarea Administracion Compensacion/Recalculo Total/a_Continuar'
	at com.kms.katalon.core.webui.keyword.internal.WebUIKeywordMain.stepFailed(WebUIKeywordMain.groovy:64)
	at com.kms.katalon.core.webui.keyword.internal.WebUIKeywordMain.runKeyword(WebUIKeywordMain.groovy:26)
	at com.kms.katalon.core.webui.keyword.builtin.ClickKeyword.click(ClickKeyword.groovy:74)
	at com.kms.katalon.core.webui.keyword.builtin.ClickKeyword.execute(ClickKeyword.groovy:40)
	at com.kms.katalon.core.keyword.internal.KeywordExecutor.executeKeywordForPlatform(KeywordExecutor.groovy:74)
	at com.kms.katalon.core.webui.keyword.WebUiBuiltInKeywords.click(WebUiBuiltInKeywords.groovy:620)
	at com.kms.katalon.core.webui.keyword.WebUiBuiltInKeywords$click$5.call(Unknown Source)
	at 1.3.3-Recalculo Total.run(1.3.3-Recalculo Total:51)
	at com.kms.katalon.core.main.ScriptEngine.run(ScriptEngine.java:194)
	at com.kms.katalon.core.main.ScriptEngine.runScriptAsRawText(ScriptEngine.java:119)
	at com.kms.katalon.core.main.TestCaseExecutor.runScript(TestCaseExecutor.java:442)
	at com.kms.katalon.core.main.TestCaseExecutor.doExecute(TestCaseExecutor.java:433)
	at com.kms.katalon.core.main.TestCaseExecutor.processExecutionPhase(TestCaseExecutor.java:412)
	at com.kms.katalon.core.main.TestCaseExecutor.accessMainPhase(TestCaseExecutor.java:404)
	at com.kms.katalon.core.main.TestCaseExecutor.execute(TestCaseExecutor.java:281)
	at com.kms.katalon.core.main.TestCaseMain.runTestCase(TestCaseMain.java:142)
	at com.kms.katalon.core.keyword.builtin.CallTestCaseKeyword$_callTestCase_closure1.doCall(CallTestCaseKeyword.groovy:59)
	at com.kms.katalon.core.keyword.builtin.CallTestCaseKeyword$_callTestCase_closure1.call(CallTestCaseKeyword.groovy)
	at com.kms.katalon.core.keyword.internal.KeywordMain.runKeyword(KeywordMain.groovy:74)
	at com.kms.katalon.core.keyword.builtin.CallTestCaseKeyword.callTestCase(CallTestCaseKeyword.groovy:81)
	at com.kms.katalon.core.keyword.builtin.CallTestCaseKeyword.execute(CallTestCaseKeyword.groovy:44)
	at com.kms.katalon.core.keyword.internal.KeywordExecutor.executeKeywordForPlatform(KeywordExecutor.groovy:74)
	at com.kms.katalon.core.keyword.BuiltinKeywords.callTestCase(BuiltinKeywords.groovy:334)
	at 1.3.4-Reporte de Recalculo Total.run(1.3.4-Reporte de Recalculo Total:18)
	at com.kms.katalon.core.main.ScriptEngine.run(ScriptEngine.java:194)
	at com.kms.katalon.core.main.ScriptEngine.runScriptAsRawText(ScriptEngine.java:119)
	at com.kms.katalon.core.main.TestCaseExecutor.runScript(TestCaseExecutor.java:442)
	at com.kms.katalon.core.main.TestCaseExecutor.doExecute(TestCaseExecutor.java:433)
	at com.kms.katalon.core.main.TestCaseExecutor.processExecutionPhase(TestCaseExecutor.java:412)
	at com.kms.katalon.core.main.TestCaseExecutor.accessMainPhase(TestCaseExecutor.java:404)
	at com.kms.katalon.core.main.TestCaseExecutor.execute(TestCaseExecutor.java:281)
	at com.kms.katalon.core.main.TestSuiteExecutor.accessTestCaseMainPhase(TestSuiteExecutor.java:202)
	at com.kms.katalon.core.main.TestSuiteExecutor.accessTestSuiteMainPhase(TestSuiteExecutor.java:164)
	at com.kms.katalon.core.main.TestSuiteExecutor.execute(TestSuiteExecutor.java:105)
	at com.kms.katalon.core.main.TestCaseMain.startTestSuite(TestCaseMain.java:185)
	at com.kms.katalon.core.main.TestCaseMain$startTestSuite$0.call(Unknown Source)
	at TempTestSuite1646845129657.run(TempTestSuite1646845129657.groovy:36)
Caused by: org.openqa.selenium.ElementClickInterceptedException: element click intercepted: Element is not clickable at point (460, 828)
  (Session info: chrome=99.0.4844.51)
Build info: version: '3.141.59', revision: 'e82be7d358', time: '2018-11-14T08:25:53'
System info: host: 'US-AF-000371', ip: '192.168.56.1', os.name: 'Windows 10', os.arch: 'amd64', os.version: '10.0', java.version: '1.8.0_282'
Driver info: com.kms.katalon.selenium.driver.CChromeDriver
Capabilities {acceptInsecureCerts: false, browserName: chrome, browserVersion: 99.0.4844.51, chrome: {chromedriverVersion: 99.0.4844.51 (d537ec02474b5..., userDataDir: C:\Users\DIEGO~1.ROJ\AppDat...}, goog:chromeOptions: {debuggerAddress: localhost:64872}, javascriptEnabled: true, networkConnectionEnabled: false, pageLoadStrategy: normal, platform: WINDOWS, platformName: WINDOWS, proxy: Proxy(), setWindowRect: true, strictFileInteractability: false, timeouts: {implicit: 0, pageLoad: 300000, script: 30000}, unhandledPromptBehavior: dismiss and notify, webauthn:extension:credBlob: true, webauthn:extension:largeBlob: true, webauthn:virtualAuthenticators: true}
Session ID: 1d0538d755e5fbd2310e4afde569d1df
	at org.openqa.selenium.remote.http.W3CHttpResponseCodec.createException(W3CHttpResponseCodec.java:187)
	at org.openqa.selenium.remote.http.W3CHttpResponseCodec.decode(W3CHttpResponseCodec.java:122)
	at org.openqa.selenium.remote.http.W3CHttpResponseCodec.decode(W3CHttpResponseCodec.java:49)
	at org.openqa.selenium.remote.HttpCommandExecutor.execute(HttpCommandExecutor.java:158)
	at org.openqa.selenium.remote.service.DriverCommandExecutor.execute(DriverCommandExecutor.java:83)
	at org.openqa.selenium.remote.RemoteWebDriver.execute(RemoteWebDriver.java:552)
	at com.kms.katalon.selenium.driver.CChromeDriver.execute(CChromeDriver.java:19)
	at org.openqa.selenium.remote.RemoteWebElement.execute(RemoteWebElement.java:285)
	at org.openqa.selenium.remote.RemoteWebElement.click(RemoteWebElement.java:84)
	at org.openqa.selenium.support.events.EventFiringWebDriver$EventFiringWebElement.lambda$new$0(EventFiringWebDriver.java:404)
	at com.sun.proxy.$Proxy11.click(Unknown Source)
	at org.openqa.selenium.support.events.EventFiringWebDriver$EventFiringWebElement.click(EventFiringWebDriver.java:417)
	at org.openqa.selenium.WebElement$click$0.call(Unknown Source)
	at com.kms.katalon.core.webui.keyword.builtin.ClickKeyword.clickUntilSuccessWithTimeout(ClickKeyword.groovy:81)
	at com.kms.katalon.core.webui.keyword.builtin.ClickKeyword.clickUntilSuccessWithTimeout(ClickKeyword.groovy)
	at com.kms.katalon.core.webui.keyword.builtin.ClickKeyword$_click_closure1.doCall(ClickKeyword.groovy:67)
	at com.kms.katalon.core.webui.keyword.builtin.ClickKeyword$_click_closure1.call(ClickKeyword.groovy)
	at com.kms.katalon.core.webui.keyword.internal.WebUIKeywordMain.runKeyword(WebUIKeywordMain.groovy:20)
	... 35 more


2022-03-09 12:21:56 - [TEST_STEP][PASSED] - callTestCase(findTestCase("Utilidades-(atajos_para _tareas)/Tareas Administracion Compensacion/Tarea Liquidacion Nomina"), [:], STOP_ON_FAILURE): Call Test Case 'Test Cases/Utilidades-(atajos_para _tareas)/Tareas Administracion Compensacion/Tarea Liquidacion Nomina' successfully

2022-03-09 12:21:56 - [TEST_CASE][PASSED] - Test Cases/Utilidades-(atajos_para _tareas)/Tareas Administracion Compensacion/Tarea Liquidacion Nomina: Test Cases/Utilidades-(atajos_para _tareas)/Tareas Administracion Compensacion/Tarea Liquidacion Nomina

2022-03-09 12:21:56 - [TEST_STEP][PASSED] - callTestCase(findTestCase("0.1-Login"), [:], STOP_ON_FAILURE): Call Test Case 'Test Cases/0.1-Login' successfully

2022-03-09 12:21:56 - [TEST_CASE][PASSED] - Test Cases/0.1-Login: Test Cases/0.1-Login

2022-03-09 12:21:56 - [TEST_STEP][PASSED] - openBrowser(""): Browser is opened with url: ''

2022-03-09 12:21:56 - [MESSAGE][WARNING] - A browser is already opened. Closing browser and opening a new one

2022-03-09 12:21:58 - [MESSAGE][INFO] - Starting 'Chrome' driver

2022-03-09 12:21:58 - [MESSAGE][INFO] - Action delay is set to 0 milliseconds

2022-03-09 12:22:00 - [MESSAGE][PASSED] - Browser is opened with url: ''

2022-03-09 12:22:00 - [TEST_STEP][PASSED] - maximizeWindow(): Current window maximized

2022-03-09 12:22:00 - [MESSAGE][PASSED] - Current window maximized

2022-03-09 12:22:00 - [TEST_STEP][PASSED] - i = G_Login: null

2022-03-09 12:22:00 - [TEST_STEP][PASSED] - url = new java.net.URL(i): null

2022-03-09 12:22:00 - [TEST_STEP][PASSED] - println("URL: " + url.toString()): null

2022-03-09 12:22:00 - [TEST_STEP][PASSED] - connection = url.openConnection(): null

2022-03-09 12:22:00 - [TEST_STEP][PASSED] - connection.setRequestMethod("GET"): null

2022-03-09 12:22:00 - [TEST_STEP][PASSED] - connection.setReadTimeout(2 * 1000): null

2022-03-09 12:22:00 - [TEST_STEP][PASSED] - try: null

2022-03-09 12:22:00 - [TEST_STEP][PASSED] - connection.connect(): null

2022-03-09 12:22:00 - [TEST_STEP][PASSED] - flag = connected: null

2022-03-09 12:22:00 - [TEST_STEP][PASSED] - println("Valor_ori: " + flag): null

2022-03-09 12:22:00 - [TEST_STEP][PASSED] - if (flag): null

2022-03-09 12:22:00 - [TEST_STEP][PASSED] - navigateToUrl(i): Navigate to 'http://192.168.2.80:8380/saraweb' successfully

2022-03-09 12:22:00 - [MESSAGE][PASSED] - Navigate to 'http://192.168.2.80:8380/saraweb' successfully

2022-03-09 12:22:00 - [TEST_STEP][PASSED] - a(): null

2022-03-09 12:22:00 - [TEST_STEP][PASSED] - setText(findTestObject("Login/input_USUARIO_loginusuario"), G_Usuario): Text 'saraadmin' is set on object 'Object Repository/Login/input_USUARIO_loginusuario'

2022-03-09 12:22:02 - [MESSAGE][PASSED] - Text 'saraadmin' is set on object 'Object Repository/Login/input_USUARIO_loginusuario'

2022-03-09 12:22:02 - [TEST_STEP][PASSED] - setEncryptedText(findTestObject("Login/input_CLAVE_loginpassword"), "MkG4/TYiCFC3cb2driP7+Q=="): Text ****** has been set on object 'Object Repository/Login/input_CLAVE_loginpassword'

2022-03-09 12:22:02 - [MESSAGE][PASSED] - Text ****** has been set on object 'Object Repository/Login/input_CLAVE_loginpassword'

2022-03-09 12:22:02 - [TEST_STEP][PASSED] - waitForElementClickable(findTestObject("Login/a_Ingresar"), G_TimeOut): Object 'Object Repository/Login/a_Ingresar' is clickable

2022-03-09 12:22:02 - [MESSAGE][PASSED] - Object 'Object Repository/Login/a_Ingresar' is clickable

2022-03-09 12:22:02 - [TEST_STEP][PASSED] - click(findTestObject("Login/a_Ingresar")): Object: 'Object Repository/Login/a_Ingresar' is clicked on

2022-03-09 12:22:04 - [MESSAGE][PASSED] - Object: 'Object Repository/Login/a_Ingresar' is clicked on

2022-03-09 12:22:04 - [TEST_STEP][PASSED] - element = findWebElement(findTestObject("Login/a_Ir"), 30): null

2022-03-09 12:22:05 - [TEST_STEP][PASSED] - executeJavaScript("arguments[0].click()", Arrays.asList(element)): Execute JavaScript 'arguments[0].click()' successfully

2022-03-09 12:22:05 - [MESSAGE][PASSED] - Execute JavaScript 'arguments[0].click()' successfully

2022-03-09 12:22:05 - [MESSAGE][PASSED] - Call Test Case 'Test Cases/0.1-Login' successfully

2022-03-09 12:22:05 - [TEST_STEP][PASSED] - delay(2): Delayed 2 second(s)

2022-03-09 12:22:07 - [MESSAGE][PASSED] - Delayed 2 second(s)

2022-03-09 12:22:07 - [TEST_STEP][PASSED] - setText(findTestObject("Modulo Tarea Administracion Compensacion/Tarea Liquidacion Nomina/input_Listado de Empleados_"), "Liquidacion Nomina"): Text 'Liquidacion Nomina' is set on object 'Object Repository/Modulo Tarea Administracion Compensacion/Tarea Liquidacion Nomina/input_Listado de Empleados_'

2022-03-09 12:22:07 - [MESSAGE][PASSED] - Text 'Liquidacion Nomina' is set on object 'Object Repository/Modulo Tarea Administracion Compensacion/Tarea Liquidacion Nomina/input_Listado de Empleados_'

2022-03-09 12:22:07 - [TEST_STEP][PASSED] - delay(1): Delayed 1 second(s)

2022-03-09 12:22:08 - [MESSAGE][PASSED] - Delayed 1 second(s)

2022-03-09 12:22:08 - [TEST_STEP][PASSED] - sendKeys(findTestObject("Modulo Tarea Administracion Compensacion/Tarea Liquidacion Nomina/input_Listado de Empleados_"), Keys.chord(ENTER)): Keys 'ENTER + ' sent to object: 'Object Repository/Modulo Tarea Administracion Compensacion/Tarea Liquidacion Nomina/input_Listado de Empleados_'

2022-03-09 12:22:09 - [MESSAGE][PASSED] - Keys 'ENTER + ' sent to object: 'Object Repository/Modulo Tarea Administracion Compensacion/Tarea Liquidacion Nomina/input_Listado de Empleados_'

2022-03-09 12:22:09 - [MESSAGE][PASSED] - Call Test Case 'Test Cases/Utilidades-(atajos_para _tareas)/Tareas Administracion Compensacion/Tarea Liquidacion Nomina' successfully

2022-03-09 12:22:09 - [TEST_STEP][PASSED] - waitForElementClickable(findTestObject("Modulo Tarea Administracion Compensacion/Recalculo Total/a_Periodo Nomina_LiquidacionNominaj_idt63"), G_TimeOut): Object 'Object Repository/Modulo Tarea Administracion Compensacion/Recalculo Total/a_Periodo Nomina_LiquidacionNominaj_idt63' is clickable

2022-03-09 12:22:10 - [MESSAGE][PASSED] - Object 'Object Repository/Modulo Tarea Administracion Compensacion/Recalculo Total/a_Periodo Nomina_LiquidacionNominaj_idt63' is clickable

2022-03-09 12:22:10 - [TEST_STEP][PASSED] - click(findTestObject("Modulo Tarea Administracion Compensacion/Recalculo Total/a_Periodo Nomina_LiquidacionNominaj_idt63")): Object: 'Object Repository/Modulo Tarea Administracion Compensacion/Recalculo Total/a_Periodo Nomina_LiquidacionNominaj_idt63' is clicked on

2022-03-09 12:22:10 - [MESSAGE][PASSED] - Object: 'Object Repository/Modulo Tarea Administracion Compensacion/Recalculo Total/a_Periodo Nomina_LiquidacionNominaj_idt63' is clicked on

2022-03-09 12:22:10 - [TEST_STEP][PASSED] - waitForElementClickable(findTestObject("Modulo Tarea Administracion Compensacion/Recalculo Total/select_--  Seleccione  --Periodo CerradoPeriodo en Proceso"), G_TimeOut): Object 'Object Repository/Modulo Tarea Administracion Compensacion/Recalculo Total/select_--  Seleccione  --Periodo CerradoPeriodo en Proceso' is clickable

2022-03-09 12:22:11 - [MESSAGE][PASSED] - Object 'Object Repository/Modulo Tarea Administracion Compensacion/Recalculo Total/select_--  Seleccione  --Periodo CerradoPeriodo en Proceso' is clickable

2022-03-09 12:22:11 - [TEST_STEP][PASSED] - click(findTestObject("Modulo Tarea Administracion Compensacion/Recalculo Total/select_--  Seleccione  --Periodo CerradoPeriodo en Proceso")): Object: 'Object Repository/Modulo Tarea Administracion Compensacion/Recalculo Total/select_--  Seleccione  --Periodo CerradoPeriodo en Proceso' is clicked on

2022-03-09 12:22:11 - [MESSAGE][PASSED] - Object: 'Object Repository/Modulo Tarea Administracion Compensacion/Recalculo Total/select_--  Seleccione  --Periodo CerradoPeriodo en Proceso' is clicked on

2022-03-09 12:22:11 - [TEST_STEP][PASSED] - selectOptionByIndex(findTestObject("Modulo Tarea Administracion Compensacion/Recalculo Total/select_--  Seleccione  --Periodo CerradoPeriodo en Proceso"), 2): All options with index in [2] are selected on object 'Object Repository/Modulo Tarea Administracion Compensacion/Recalculo Total/select_--  Seleccione  --Periodo CerradoPeriodo en Proceso'

2022-03-09 12:22:12 - [MESSAGE][PASSED] - All options with index in [2] are selected on object 'Object Repository/Modulo Tarea Administracion Compensacion/Recalculo Total/select_--  Seleccione  --Periodo CerradoPeriodo en Proceso'

2022-03-09 12:22:12 - [TEST_STEP][PASSED] - waitForElementClickable(findTestObject("Modulo Tarea Administracion Compensacion/Recalculo Total/span_P MensualJulio2021"), G_TimeOut): Object 'Object Repository/Modulo Tarea Administracion Compensacion/Recalculo Total/span_P MensualJulio2021' is clickable

2022-03-09 12:22:13 - [MESSAGE][PASSED] - Object 'Object Repository/Modulo Tarea Administracion Compensacion/Recalculo Total/span_P MensualJulio2021' is clickable

2022-03-09 12:22:13 - [TEST_STEP][PASSED] - click(findTestObject("Modulo Tarea Administracion Compensacion/Recalculo Total/span_P MensualJulio2021")): Object: 'Object Repository/Modulo Tarea Administracion Compensacion/Recalculo Total/span_P MensualJulio2021' is clicked on

2022-03-09 12:22:13 - [MESSAGE][PASSED] - Object: 'Object Repository/Modulo Tarea Administracion Compensacion/Recalculo Total/span_P MensualJulio2021' is clicked on

2022-03-09 12:22:13 - [TEST_STEP][PASSED] - waitForElementClickable(findTestObject("Modulo Tarea Administracion Compensacion/Recalculo Total/a_Reclculo Total"), G_TimeOut): Object 'Object Repository/Modulo Tarea Administracion Compensacion/Recalculo Total/a_Reclculo Total' is clickable

2022-03-09 12:22:15 - [MESSAGE][PASSED] - Object 'Object Repository/Modulo Tarea Administracion Compensacion/Recalculo Total/a_Reclculo Total' is clickable

2022-03-09 12:22:15 - [TEST_STEP][PASSED] - click(findTestObject("Modulo Tarea Administracion Compensacion/Recalculo Total/a_Reclculo Total")): Object: 'Object Repository/Modulo Tarea Administracion Compensacion/Recalculo Total/a_Reclculo Total' is clicked on

2022-03-09 12:22:15 - [MESSAGE][PASSED] - Object: 'Object Repository/Modulo Tarea Administracion Compensacion/Recalculo Total/a_Reclculo Total' is clicked on

2022-03-09 12:22:15 - [TEST_STEP][PASSED] - waitForElementClickable(findTestObject("Modulo Tarea Administracion Compensacion/Recalculo Total/span_Si"), G_TimeOut): Object 'Object Repository/Modulo Tarea Administracion Compensacion/Recalculo Total/span_Si' is clickable

2022-03-09 12:22:16 - [MESSAGE][PASSED] - Object 'Object Repository/Modulo Tarea Administracion Compensacion/Recalculo Total/span_Si' is clickable

2022-03-09 12:22:16 - [TEST_STEP][PASSED] - click(findTestObject("Modulo Tarea Administracion Compensacion/Recalculo Total/span_Si")): Object: 'Object Repository/Modulo Tarea Administracion Compensacion/Recalculo Total/span_Si' is clicked on

2022-03-09 12:22:16 - [MESSAGE][PASSED] - Object: 'Object Repository/Modulo Tarea Administracion Compensacion/Recalculo Total/span_Si' is clicked on

2022-03-09 12:22:16 - [TEST_STEP][PASSED] - delay(28): Delayed 28 second(s)

2022-03-09 12:22:44 - [MESSAGE][PASSED] - Delayed 28 second(s)

2022-03-09 12:22:44 - [TEST_STEP][PASSED] - waitForElementClickable(findTestObject("Modulo Tarea Administracion Compensacion/Recalculo Total/a_Continuar"), G_TimeNomina): Object 'Object Repository/Modulo Tarea Administracion Compensacion/Recalculo Total/a_Continuar' is clickable

2022-03-09 12:22:45 - [MESSAGE][PASSED] - Object 'Object Repository/Modulo Tarea Administracion Compensacion/Recalculo Total/a_Continuar' is clickable

2022-03-09 12:22:45 - [TEST_STEP][FAILED] - click(findTestObject("Modulo Tarea Administracion Compensacion/Recalculo Total/a_Continuar")): Unable to click on object 'Object Repository/Modulo Tarea Administracion Compensacion/Recalculo Total/a_Continuar' (Root cause: com.kms.katalon.core.exception.StepFailedException: Unable to click on object 'Object Repository/Modulo Tarea Administracion Compensacion/Recalculo Total/a_Continuar'
	at com.kms.katalon.core.webui.keyword.internal.WebUIKeywordMain.stepFailed(WebUIKeywordMain.groovy:64)
	at com.kms.katalon.core.webui.keyword.internal.WebUIKeywordMain.runKeyword(WebUIKeywordMain.groovy:26)
	at com.kms.katalon.core.webui.keyword.builtin.ClickKeyword.click(ClickKeyword.groovy:74)
	at com.kms.katalon.core.webui.keyword.builtin.ClickKeyword.execute(ClickKeyword.groovy:40)
	at com.kms.katalon.core.keyword.internal.KeywordExecutor.executeKeywordForPlatform(KeywordExecutor.groovy:74)
	at com.kms.katalon.core.webui.keyword.WebUiBuiltInKeywords.click(WebUiBuiltInKeywords.groovy:620)
	at com.kms.katalon.core.webui.keyword.WebUiBuiltInKeywords$click$5.call(Unknown Source)
	at 1.3.3-Recalculo Total.run(1.3.3-Recalculo Total:51)
	at com.kms.katalon.core.main.ScriptEngine.run(ScriptEngine.java:194)
	at com.kms.katalon.core.main.ScriptEngine.runScriptAsRawText(ScriptEngine.java:119)
	at com.kms.katalon.core.main.TestCaseExecutor.runScript(TestCaseExecutor.java:442)
	at com.kms.katalon.core.main.TestCaseExecutor.doExecute(TestCaseExecutor.java:433)
	at com.kms.katalon.core.main.TestCaseExecutor.processExecutionPhase(TestCaseExecutor.java:412)
	at com.kms.katalon.core.main.TestCaseExecutor.accessMainPhase(TestCaseExecutor.java:404)
	at com.kms.katalon.core.main.TestCaseExecutor.execute(TestCaseExecutor.java:281)
	at com.kms.katalon.core.main.TestCaseMain.runTestCase(TestCaseMain.java:142)
	at com.kms.katalon.core.keyword.builtin.CallTestCaseKeyword$_callTestCase_closure1.doCall(CallTestCaseKeyword.groovy:59)
	at com.kms.katalon.core.keyword.builtin.CallTestCaseKeyword$_callTestCase_closure1.call(CallTestCaseKeyword.groovy)
	at com.kms.katalon.core.keyword.internal.KeywordMain.runKeyword(KeywordMain.groovy:74)
	at com.kms.katalon.core.keyword.builtin.CallTestCaseKeyword.callTestCase(CallTestCaseKeyword.groovy:81)
	at com.kms.katalon.core.keyword.builtin.CallTestCaseKeyword.execute(CallTestCaseKeyword.groovy:44)
	at com.kms.katalon.core.keyword.internal.KeywordExecutor.executeKeywordForPlatform(KeywordExecutor.groovy:74)
	at com.kms.katalon.core.keyword.BuiltinKeywords.callTestCase(BuiltinKeywords.groovy:334)
	at 1.3.4-Reporte de Recalculo Total.run(1.3.4-Reporte de Recalculo Total:18)
	at com.kms.katalon.core.main.ScriptEngine.run(ScriptEngine.java:194)
	at com.kms.katalon.core.main.ScriptEngine.runScriptAsRawText(ScriptEngine.java:119)
	at com.kms.katalon.core.main.TestCaseExecutor.runScript(TestCaseExecutor.java:442)
	at com.kms.katalon.core.main.TestCaseExecutor.doExecute(TestCaseExecutor.java:433)
	at com.kms.katalon.core.main.TestCaseExecutor.processExecutionPhase(TestCaseExecutor.java:412)
	at com.kms.katalon.core.main.TestCaseExecutor.accessMainPhase(TestCaseExecutor.java:404)
	at com.kms.katalon.core.main.TestCaseExecutor.execute(TestCaseExecutor.java:281)
	at com.kms.katalon.core.main.TestSuiteExecutor.accessTestCaseMainPhase(TestSuiteExecutor.java:202)
	at com.kms.katalon.core.main.TestSuiteExecutor.accessTestSuiteMainPhase(TestSuiteExecutor.java:164)
	at com.kms.katalon.core.main.TestSuiteExecutor.execute(TestSuiteExecutor.java:105)
	at com.kms.katalon.core.main.TestCaseMain.startTestSuite(TestCaseMain.java:185)
	at com.kms.katalon.core.main.TestCaseMain$startTestSuite$0.call(Unknown Source)
	at TempTestSuite1646845129657.run(TempTestSuite1646845129657.groovy:36)
Caused by: org.openqa.selenium.ElementClickInterceptedException: element click intercepted: Element is not clickable at point (460, 828)
  (Session info: chrome=99.0.4844.51)
Build info: version: '3.141.59', revision: 'e82be7d358', time: '2018-11-14T08:25:53'
System info: host: 'US-AF-000371', ip: '192.168.56.1', os.name: 'Windows 10', os.arch: 'amd64', os.version: '10.0', java.version: '1.8.0_282'
Driver info: com.kms.katalon.selenium.driver.CChromeDriver
Capabilities {acceptInsecureCerts: false, browserName: chrome, browserVersion: 99.0.4844.51, chrome: {chromedriverVersion: 99.0.4844.51 (d537ec02474b5..., userDataDir: C:\Users\DIEGO~1.ROJ\AppDat...}, goog:chromeOptions: {debuggerAddress: localhost:64872}, javascriptEnabled: true, networkConnectionEnabled: false, pageLoadStrategy: normal, platform: WINDOWS, platformName: WINDOWS, proxy: Proxy(), setWindowRect: true, strictFileInteractability: false, timeouts: {implicit: 0, pageLoad: 300000, script: 30000}, unhandledPromptBehavior: dismiss and notify, webauthn:extension:credBlob: true, webauthn:extension:largeBlob: true, webauthn:virtualAuthenticators: true}
Session ID: 1d0538d755e5fbd2310e4afde569d1df
	at org.openqa.selenium.remote.http.W3CHttpResponseCodec.createException(W3CHttpResponseCodec.java:187)
	at org.openqa.selenium.remote.http.W3CHttpResponseCodec.decode(W3CHttpResponseCodec.java:122)
	at org.openqa.selenium.remote.http.W3CHttpResponseCodec.decode(W3CHttpResponseCodec.java:49)
	at org.openqa.selenium.remote.HttpCommandExecutor.execute(HttpCommandExecutor.java:158)
	at org.openqa.selenium.remote.service.DriverCommandExecutor.execute(DriverCommandExecutor.java:83)
	at org.openqa.selenium.remote.RemoteWebDriver.execute(RemoteWebDriver.java:552)
	at com.kms.katalon.selenium.driver.CChromeDriver.execute(CChromeDriver.java:19)
	at org.openqa.selenium.remote.RemoteWebElement.execute(RemoteWebElement.java:285)
	at org.openqa.selenium.remote.RemoteWebElement.click(RemoteWebElement.java:84)
	at org.openqa.selenium.support.events.EventFiringWebDriver$EventFiringWebElement.lambda$new$0(EventFiringWebDriver.java:404)
	at com.sun.proxy.$Proxy11.click(Unknown Source)
	at org.openqa.selenium.support.events.EventFiringWebDriver$EventFiringWebElement.click(EventFiringWebDriver.java:417)
	at org.openqa.selenium.WebElement$click$0.call(Unknown Source)
	at com.kms.katalon.core.webui.keyword.builtin.ClickKeyword.clickUntilSuccessWithTimeout(ClickKeyword.groovy:81)
	at com.kms.katalon.core.webui.keyword.builtin.ClickKeyword.clickUntilSuccessWithTimeout(ClickKeyword.groovy)
	at com.kms.katalon.core.webui.keyword.builtin.ClickKeyword$_click_closure1.doCall(ClickKeyword.groovy:67)
	at com.kms.katalon.core.webui.keyword.builtin.ClickKeyword$_click_closure1.call(ClickKeyword.groovy)
	at com.kms.katalon.core.webui.keyword.internal.WebUIKeywordMain.runKeyword(WebUIKeywordMain.groovy:20)
	at com.kms.katalon.core.webui.keyword.builtin.ClickKeyword.click(ClickKeyword.groovy:74)
	at com.kms.katalon.core.webui.keyword.builtin.ClickKeyword.execute(ClickKeyword.groovy:40)
	at com.kms.katalon.core.keyword.internal.KeywordExecutor.executeKeywordForPlatform(KeywordExecutor.groovy:74)
	at com.kms.katalon.core.webui.keyword.WebUiBuiltInKeywords.click(WebUiBuiltInKeywords.groovy:620)
	at com.kms.katalon.core.webui.keyword.WebUiBuiltInKeywords$click$5.call(Unknown Source)
	at Script1548866095922.run(Script1548866095922.groovy:51)
	at com.kms.katalon.core.main.ScriptEngine.run(ScriptEngine.java:194)
	at com.kms.katalon.core.main.ScriptEngine.runScriptAsRawText(ScriptEngine.java:119)
	at com.kms.katalon.core.main.TestCaseExecutor.runScript(TestCaseExecutor.java:442)
	at com.kms.katalon.core.main.TestCaseExecutor.doExecute(TestCaseExecutor.java:433)
	at com.kms.katalon.core.main.TestCaseExecutor.processExecutionPhase(TestCaseExecutor.java:412)
	at com.kms.katalon.core.main.TestCaseExecutor.accessMainPhase(TestCaseExecutor.java:404)
	at com.kms.katalon.core.main.TestCaseExecutor.execute(TestCaseExecutor.java:281)
	at com.kms.katalon.core.main.TestCaseMain.runTestCase(TestCaseMain.java:142)
	at com.kms.katalon.core.keyword.builtin.CallTestCaseKeyword$_callTestCase_closure1.doCall(CallTestCaseKeyword.groovy:59)
	at com.kms.katalon.core.keyword.builtin.CallTestCaseKeyword$_callTestCase_closure1.call(CallTestCaseKeyword.groovy)
	at com.kms.katalon.core.keyword.internal.KeywordMain.runKeyword(KeywordMain.groovy:74)
	at com.kms.katalon.core.keyword.builtin.CallTestCaseKeyword.callTestCase(CallTestCaseKeyword.groovy:81)
	at com.kms.katalon.core.keyword.builtin.CallTestCaseKeyword.execute(CallTestCaseKeyword.groovy:44)
	at com.kms.katalon.core.keyword.internal.KeywordExecutor.executeKeywordForPlatform(KeywordExecutor.groovy:74)
	at com.kms.katalon.core.keyword.BuiltinKeywords.callTestCase(BuiltinKeywords.groovy:334)
	at Script1548866127163.run(Script1548866127163.groovy:18)
	... 13 more
)

2022-03-09 12:23:17 - [MESSAGE][FAILED] - Unable to click on object 'Object Repository/Modulo Tarea Administracion Compensacion/Recalculo Total/a_Continuar' (Root cause: com.kms.katalon.core.exception.StepFailedException: Unable to click on object 'Object Repository/Modulo Tarea Administracion Compensacion/Recalculo Total/a_Continuar'
	at com.kms.katalon.core.webui.keyword.internal.WebUIKeywordMain.stepFailed(WebUIKeywordMain.groovy:64)
	at com.kms.katalon.core.webui.keyword.internal.WebUIKeywordMain.runKeyword(WebUIKeywordMain.groovy:26)
	at com.kms.katalon.core.webui.keyword.builtin.ClickKeyword.click(ClickKeyword.groovy:74)
	at com.kms.katalon.core.webui.keyword.builtin.ClickKeyword.execute(ClickKeyword.groovy:40)
	at com.kms.katalon.core.keyword.internal.KeywordExecutor.executeKeywordForPlatform(KeywordExecutor.groovy:74)
	at com.kms.katalon.core.webui.keyword.WebUiBuiltInKeywords.click(WebUiBuiltInKeywords.groovy:620)
	at com.kms.katalon.core.webui.keyword.WebUiBuiltInKeywords$click$5.call(Unknown Source)
	at 1.3.3-Recalculo Total.run(1.3.3-Recalculo Total:51)
	at com.kms.katalon.core.main.ScriptEngine.run(ScriptEngine.java:194)
	at com.kms.katalon.core.main.ScriptEngine.runScriptAsRawText(ScriptEngine.java:119)
	at com.kms.katalon.core.main.TestCaseExecutor.runScript(TestCaseExecutor.java:442)
	at com.kms.katalon.core.main.TestCaseExecutor.doExecute(TestCaseExecutor.java:433)
	at com.kms.katalon.core.main.TestCaseExecutor.processExecutionPhase(TestCaseExecutor.java:412)
	at com.kms.katalon.core.main.TestCaseExecutor.accessMainPhase(TestCaseExecutor.java:404)
	at com.kms.katalon.core.main.TestCaseExecutor.execute(TestCaseExecutor.java:281)
	at com.kms.katalon.core.main.TestCaseMain.runTestCase(TestCaseMain.java:142)
	at com.kms.katalon.core.keyword.builtin.CallTestCaseKeyword$_callTestCase_closure1.doCall(CallTestCaseKeyword.groovy:59)
	at com.kms.katalon.core.keyword.builtin.CallTestCaseKeyword$_callTestCase_closure1.call(CallTestCaseKeyword.groovy)
	at com.kms.katalon.core.keyword.internal.KeywordMain.runKeyword(KeywordMain.groovy:74)
	at com.kms.katalon.core.keyword.builtin.CallTestCaseKeyword.callTestCase(CallTestCaseKeyword.groovy:81)
	at com.kms.katalon.core.keyword.builtin.CallTestCaseKeyword.execute(CallTestCaseKeyword.groovy:44)
	at com.kms.katalon.core.keyword.internal.KeywordExecutor.executeKeywordForPlatform(KeywordExecutor.groovy:74)
	at com.kms.katalon.core.keyword.BuiltinKeywords.callTestCase(BuiltinKeywords.groovy:334)
	at 1.3.4-Reporte de Recalculo Total.run(1.3.4-Reporte de Recalculo Total:18)
	at com.kms.katalon.core.main.ScriptEngine.run(ScriptEngine.java:194)
	at com.kms.katalon.core.main.ScriptEngine.runScriptAsRawText(ScriptEngine.java:119)
	at com.kms.katalon.core.main.TestCaseExecutor.runScript(TestCaseExecutor.java:442)
	at com.kms.katalon.core.main.TestCaseExecutor.doExecute(TestCaseExecutor.java:433)
	at com.kms.katalon.core.main.TestCaseExecutor.processExecutionPhase(TestCaseExecutor.java:412)
	at com.kms.katalon.core.main.TestCaseExecutor.accessMainPhase(TestCaseExecutor.java:404)
	at com.kms.katalon.core.main.TestCaseExecutor.execute(TestCaseExecutor.java:281)
	at com.kms.katalon.core.main.TestSuiteExecutor.accessTestCaseMainPhase(TestSuiteExecutor.java:202)
	at com.kms.katalon.core.main.TestSuiteExecutor.accessTestSuiteMainPhase(TestSuiteExecutor.java:164)
	at com.kms.katalon.core.main.TestSuiteExecutor.execute(TestSuiteExecutor.java:105)
	at com.kms.katalon.core.main.TestCaseMain.startTestSuite(TestCaseMain.java:185)
	at com.kms.katalon.core.main.TestCaseMain$startTestSuite$0.call(Unknown Source)
	at TempTestSuite1646845129657.run(TempTestSuite1646845129657.groovy:36)
Caused by: org.openqa.selenium.ElementClickInterceptedException: element click intercepted: Element is not clickable at point (460, 828)
  (Session info: chrome=99.0.4844.51)
Build info: version: '3.141.59', revision: 'e82be7d358', time: '2018-11-14T08:25:53'
System info: host: 'US-AF-000371', ip: '192.168.56.1', os.name: 'Windows 10', os.arch: 'amd64', os.version: '10.0', java.version: '1.8.0_282'
Driver info: com.kms.katalon.selenium.driver.CChromeDriver
Capabilities {acceptInsecureCerts: false, browserName: chrome, browserVersion: 99.0.4844.51, chrome: {chromedriverVersion: 99.0.4844.51 (d537ec02474b5..., userDataDir: C:\Users\DIEGO~1.ROJ\AppDat...}, goog:chromeOptions: {debuggerAddress: localhost:64872}, javascriptEnabled: true, networkConnectionEnabled: false, pageLoadStrategy: normal, platform: WINDOWS, platformName: WINDOWS, proxy: Proxy(), setWindowRect: true, strictFileInteractability: false, timeouts: {implicit: 0, pageLoad: 300000, script: 30000}, unhandledPromptBehavior: dismiss and notify, webauthn:extension:credBlob: true, webauthn:extension:largeBlob: true, webauthn:virtualAuthenticators: true}
Session ID: 1d0538d755e5fbd2310e4afde569d1df
	at org.openqa.selenium.remote.http.W3CHttpResponseCodec.createException(W3CHttpResponseCodec.java:187)
	at org.openqa.selenium.remote.http.W3CHttpResponseCodec.decode(W3CHttpResponseCodec.java:122)
	at org.openqa.selenium.remote.http.W3CHttpResponseCodec.decode(W3CHttpResponseCodec.java:49)
	at org.openqa.selenium.remote.HttpCommandExecutor.execute(HttpCommandExecutor.java:158)
	at org.openqa.selenium.remote.service.DriverCommandExecutor.execute(DriverCommandExecutor.java:83)
	at org.openqa.selenium.remote.RemoteWebDriver.execute(RemoteWebDriver.java:552)
	at com.kms.katalon.selenium.driver.CChromeDriver.execute(CChromeDriver.java:19)
	at org.openqa.selenium.remote.RemoteWebElement.execute(RemoteWebElement.java:285)
	at org.openqa.selenium.remote.RemoteWebElement.click(RemoteWebElement.java:84)
	at org.openqa.selenium.support.events.EventFiringWebDriver$EventFiringWebElement.lambda$new$0(EventFiringWebDriver.java:404)
	at com.sun.proxy.$Proxy11.click(Unknown Source)
	at org.openqa.selenium.support.events.EventFiringWebDriver$EventFiringWebElement.click(EventFiringWebDriver.java:417)
	at org.openqa.selenium.WebElement$click$0.call(Unknown Source)
	at com.kms.katalon.core.webui.keyword.builtin.ClickKeyword.clickUntilSuccessWithTimeout(ClickKeyword.groovy:81)
	at com.kms.katalon.core.webui.keyword.builtin.ClickKeyword.clickUntilSuccessWithTimeout(ClickKeyword.groovy)
	at com.kms.katalon.core.webui.keyword.builtin.ClickKeyword$_click_closure1.doCall(ClickKeyword.groovy:67)
	at com.kms.katalon.core.webui.keyword.builtin.ClickKeyword$_click_closure1.call(ClickKeyword.groovy)
	at com.kms.katalon.core.webui.keyword.internal.WebUIKeywordMain.runKeyword(WebUIKeywordMain.groovy:20)
	at com.kms.katalon.core.webui.keyword.builtin.ClickKeyword.click(ClickKeyword.groovy:74)
	at com.kms.katalon.core.webui.keyword.builtin.ClickKeyword.execute(ClickKeyword.groovy:40)
	at com.kms.katalon.core.keyword.internal.KeywordExecutor.executeKeywordForPlatform(KeywordExecutor.groovy:74)
	at com.kms.katalon.core.webui.keyword.WebUiBuiltInKeywords.click(WebUiBuiltInKeywords.groovy:620)
	at com.kms.katalon.core.webui.keyword.WebUiBuiltInKeywords$click$5.call(Unknown Source)
	at Script1548866095922.run(Script1548866095922.groovy:51)
	at com.kms.katalon.core.main.ScriptEngine.run(ScriptEngine.java:194)
	at com.kms.katalon.core.main.ScriptEngine.runScriptAsRawText(ScriptEngine.java:119)
	at com.kms.katalon.core.main.TestCaseExecutor.runScript(TestCaseExecutor.java:442)
	at com.kms.katalon.core.main.TestCaseExecutor.doExecute(TestCaseExecutor.java:433)
	at com.kms.katalon.core.main.TestCaseExecutor.processExecutionPhase(TestCaseExecutor.java:412)
	at com.kms.katalon.core.main.TestCaseExecutor.accessMainPhase(TestCaseExecutor.java:404)
	at com.kms.katalon.core.main.TestCaseExecutor.execute(TestCaseExecutor.java:281)
	at com.kms.katalon.core.main.TestCaseMain.runTestCase(TestCaseMain.java:142)
	at com.kms.katalon.core.keyword.builtin.CallTestCaseKeyword$_callTestCase_closure1.doCall(CallTestCaseKeyword.groovy:59)
	at com.kms.katalon.core.keyword.builtin.CallTestCaseKeyword$_callTestCase_closure1.call(CallTestCaseKeyword.groovy)
	at com.kms.katalon.core.keyword.internal.KeywordMain.runKeyword(KeywordMain.groovy:74)
	at com.kms.katalon.core.keyword.builtin.CallTestCaseKeyword.callTestCase(CallTestCaseKeyword.groovy:81)
	at com.kms.katalon.core.keyword.builtin.CallTestCaseKeyword.execute(CallTestCaseKeyword.groovy:44)
	at com.kms.katalon.core.keyword.internal.KeywordExecutor.executeKeywordForPlatform(KeywordExecutor.groovy:74)
	at com.kms.katalon.core.keyword.BuiltinKeywords.callTestCase(BuiltinKeywords.groovy:334)
	at Script1548866127163.run(Script1548866127163.groovy:18)
	... 13 more
)
[[ATTACHMENT|C:\\Users\\diego.rojas\\git\\Pruebas-Minimas\\Reports\\20220309_115823\\1-Tareas Principales\\20220309_115849\\1646846597108.png]]

2022-03-09 12:23:17 - [MESSAGE][FAILED] - Unable to call Test Case 'Test Cases/1.1-Tareas Principales/1.3.3-Recalculo Total' (Root cause: com.kms.katalon.core.exception.StepFailedException: Call Test Case 'Test Cases/1.1-Tareas Principales/1.3.3-Recalculo Total' failed
	at com.kms.katalon.core.keyword.builtin.CallTestCaseKeyword$_callTestCase_closure1.doCall(CallTestCaseKeyword.groovy:63)
	at com.kms.katalon.core.keyword.builtin.CallTestCaseKeyword$_callTestCase_closure1.call(CallTestCaseKeyword.groovy)
	at com.kms.katalon.core.keyword.internal.KeywordMain.runKeyword(KeywordMain.groovy:74)
	at com.kms.katalon.core.keyword.builtin.CallTestCaseKeyword.callTestCase(CallTestCaseKeyword.groovy:81)
	at com.kms.katalon.core.keyword.builtin.CallTestCaseKeyword.execute(CallTestCaseKeyword.groovy:44)
	at com.kms.katalon.core.keyword.internal.KeywordExecutor.executeKeywordForPlatform(KeywordExecutor.groovy:74)
	at com.kms.katalon.core.keyword.BuiltinKeywords.callTestCase(BuiltinKeywords.groovy:334)
	at 1.3.4-Reporte de Recalculo Total.run(1.3.4-Reporte de Recalculo Total:18)
	at com.kms.katalon.core.main.ScriptEngine.run(ScriptEngine.java:194)
	at com.kms.katalon.core.main.ScriptEngine.runScriptAsRawText(ScriptEngine.java:119)
	at com.kms.katalon.core.main.TestCaseExecutor.runScript(TestCaseExecutor.java:442)
	at com.kms.katalon.core.main.TestCaseExecutor.doExecute(TestCaseExecutor.java:433)
	at com.kms.katalon.core.main.TestCaseExecutor.processExecutionPhase(TestCaseExecutor.java:412)
	at com.kms.katalon.core.main.TestCaseExecutor.accessMainPhase(TestCaseExecutor.java:404)
	at com.kms.katalon.core.main.TestCaseExecutor.execute(TestCaseExecutor.java:281)
	at com.kms.katalon.core.main.TestSuiteExecutor.accessTestCaseMainPhase(TestSuiteExecutor.java:202)
	at com.kms.katalon.core.main.TestSuiteExecutor.accessTestSuiteMainPhase(TestSuiteExecutor.java:164)
	at com.kms.katalon.core.main.TestSuiteExecutor.execute(TestSuiteExecutor.java:105)
	at com.kms.katalon.core.main.TestCaseMain.startTestSuite(TestCaseMain.java:185)
	at com.kms.katalon.core.main.TestCaseMain$startTestSuite$0.call(Unknown Source)
	at TempTestSuite1646845129657.run(TempTestSuite1646845129657.groovy:36)
Caused by: com.kms.katalon.core.exception.StepFailedException: Unable to click on object 'Object Repository/Modulo Tarea Administracion Compensacion/Recalculo Total/a_Continuar'
	at com.kms.katalon.core.webui.keyword.internal.WebUIKeywordMain.stepFailed(WebUIKeywordMain.groovy:64)
	at com.kms.katalon.core.webui.keyword.internal.WebUIKeywordMain.runKeyword(WebUIKeywordMain.groovy:26)
	at com.kms.katalon.core.webui.keyword.builtin.ClickKeyword.click(ClickKeyword.groovy:74)
	at com.kms.katalon.core.webui.keyword.builtin.ClickKeyword.execute(ClickKeyword.groovy:40)
	at com.kms.katalon.core.keyword.internal.KeywordExecutor.executeKeywordForPlatform(KeywordExecutor.groovy:74)
	at com.kms.katalon.core.webui.keyword.WebUiBuiltInKeywords.click(WebUiBuiltInKeywords.groovy:620)
	at com.kms.katalon.core.webui.keyword.WebUiBuiltInKeywords$click$5.call(Unknown Source)
	at 1.3.3-Recalculo Total.run(1.3.3-Recalculo Total:51)
	at com.kms.katalon.core.main.ScriptEngine.run(ScriptEngine.java:194)
	at com.kms.katalon.core.main.ScriptEngine.runScriptAsRawText(ScriptEngine.java:119)
	at com.kms.katalon.core.main.TestCaseExecutor.runScript(TestCaseExecutor.java:442)
	at com.kms.katalon.core.main.TestCaseExecutor.doExecute(TestCaseExecutor.java:433)
	at com.kms.katalon.core.main.TestCaseExecutor.processExecutionPhase(TestCaseExecutor.java:412)
	at com.kms.katalon.core.main.TestCaseExecutor.accessMainPhase(TestCaseExecutor.java:404)
	at com.kms.katalon.core.main.TestCaseExecutor.execute(TestCaseExecutor.java:281)
	at com.kms.katalon.core.main.TestCaseMain.runTestCase(TestCaseMain.java:142)
	at com.kms.katalon.core.keyword.builtin.CallTestCaseKeyword$_callTestCase_closure1.doCall(CallTestCaseKeyword.groovy:59)
	... 20 more
Caused by: org.openqa.selenium.ElementClickInterceptedException: element click intercepted: Element is not clickable at point (460, 828)
  (Session info: chrome=99.0.4844.51)
Build info: version: '3.141.59', revision: 'e82be7d358', time: '2018-11-14T08:25:53'
System info: host: 'US-AF-000371', ip: '192.168.56.1', os.name: 'Windows 10', os.arch: 'amd64', os.version: '10.0', java.version: '1.8.0_282'
Driver info: com.kms.katalon.selenium.driver.CChromeDriver
Capabilities {acceptInsecureCerts: false, browserName: chrome, browserVersion: 99.0.4844.51, chrome: {chromedriverVersion: 99.0.4844.51 (d537ec02474b5..., userDataDir: C:\Users\DIEGO~1.ROJ\AppDat...}, goog:chromeOptions: {debuggerAddress: localhost:64872}, javascriptEnabled: true, networkConnectionEnabled: false, pageLoadStrategy: normal, platform: WINDOWS, platformName: WINDOWS, proxy: Proxy(), setWindowRect: true, strictFileInteractability: false, timeouts: {implicit: 0, pageLoad: 300000, script: 30000}, unhandledPromptBehavior: dismiss and notify, webauthn:extension:credBlob: true, webauthn:extension:largeBlob: true, webauthn:virtualAuthenticators: true}
Session ID: 1d0538d755e5fbd2310e4afde569d1df
	at org.openqa.selenium.remote.http.W3CHttpResponseCodec.createException(W3CHttpResponseCodec.java:187)
	at org.openqa.selenium.remote.http.W3CHttpResponseCodec.decode(W3CHttpResponseCodec.java:122)
	at org.openqa.selenium.remote.http.W3CHttpResponseCodec.decode(W3CHttpResponseCodec.java:49)
	at org.openqa.selenium.remote.HttpCommandExecutor.execute(HttpCommandExecutor.java:158)
	at org.openqa.selenium.remote.service.DriverCommandExecutor.execute(DriverCommandExecutor.java:83)
	at org.openqa.selenium.remote.RemoteWebDriver.execute(RemoteWebDriver.java:552)
	at com.kms.katalon.selenium.driver.CChromeDriver.execute(CChromeDriver.java:19)
	at org.openqa.selenium.remote.RemoteWebElement.execute(RemoteWebElement.java:285)
	at org.openqa.selenium.remote.RemoteWebElement.click(RemoteWebElement.java:84)
	at org.openqa.selenium.support.events.EventFiringWebDriver$EventFiringWebElement.lambda$new$0(EventFiringWebDriver.java:404)
	at com.sun.proxy.$Proxy11.click(Unknown Source)
	at org.openqa.selenium.support.events.EventFiringWebDriver$EventFiringWebElement.click(EventFiringWebDriver.java:417)
	at org.openqa.selenium.WebElement$click$0.call(Unknown Source)
	at com.kms.katalon.core.webui.keyword.builtin.ClickKeyword.clickUntilSuccessWithTimeout(ClickKeyword.groovy:81)
	at com.kms.katalon.core.webui.keyword.builtin.ClickKeyword.clickUntilSuccessWithTimeout(ClickKeyword.groovy)
	at com.kms.katalon.core.webui.keyword.builtin.ClickKeyword$_click_closure1.doCall(ClickKeyword.groovy:67)
	at com.kms.katalon.core.webui.keyword.builtin.ClickKeyword$_click_closure1.call(ClickKeyword.groovy)
	at com.kms.katalon.core.webui.keyword.internal.WebUIKeywordMain.runKeyword(WebUIKeywordMain.groovy:20)
	... 35 more
)]]></system-out>
         <system-err><![CDATA[2022-03-09 12:21:55 - [TEST_CASE][FAILED] - Test Cases/1.1-Tareas Principales/1.3.4-Reporte de Recalculo Total: Test Cases/1.1-Tareas Principales/1.3.4-Reporte de Recalculo Total FAILED.
Reason:
com.kms.katalon.core.exception.StepFailedException: Call Test Case 'Test Cases/1.1-Tareas Principales/1.3.3-Recalculo Total' failed
	at com.kms.katalon.core.keyword.builtin.CallTestCaseKeyword$_callTestCase_closure1.doCall(CallTestCaseKeyword.groovy:63)
	at com.kms.katalon.core.keyword.builtin.CallTestCaseKeyword$_callTestCase_closure1.call(CallTestCaseKeyword.groovy)
	at com.kms.katalon.core.keyword.internal.KeywordMain.runKeyword(KeywordMain.groovy:74)
	at com.kms.katalon.core.keyword.builtin.CallTestCaseKeyword.callTestCase(CallTestCaseKeyword.groovy:81)
	at com.kms.katalon.core.keyword.builtin.CallTestCaseKeyword.execute(CallTestCaseKeyword.groovy:44)
	at com.kms.katalon.core.keyword.internal.KeywordExecutor.executeKeywordForPlatform(KeywordExecutor.groovy:74)
	at com.kms.katalon.core.keyword.BuiltinKeywords.callTestCase(BuiltinKeywords.groovy:334)
	at 1.3.4-Reporte de Recalculo Total.run(1.3.4-Reporte de Recalculo Total:18)
	at com.kms.katalon.core.main.ScriptEngine.run(ScriptEngine.java:194)
	at com.kms.katalon.core.main.ScriptEngine.runScriptAsRawText(ScriptEngine.java:119)
	at com.kms.katalon.core.main.TestCaseExecutor.runScript(TestCaseExecutor.java:442)
	at com.kms.katalon.core.main.TestCaseExecutor.doExecute(TestCaseExecutor.java:433)
	at com.kms.katalon.core.main.TestCaseExecutor.processExecutionPhase(TestCaseExecutor.java:412)
	at com.kms.katalon.core.main.TestCaseExecutor.accessMainPhase(TestCaseExecutor.java:404)
	at com.kms.katalon.core.main.TestCaseExecutor.execute(TestCaseExecutor.java:281)
	at com.kms.katalon.core.main.TestSuiteExecutor.accessTestCaseMainPhase(TestSuiteExecutor.java:202)
	at com.kms.katalon.core.main.TestSuiteExecutor.accessTestSuiteMainPhase(TestSuiteExecutor.java:164)
	at com.kms.katalon.core.main.TestSuiteExecutor.execute(TestSuiteExecutor.java:105)
	at com.kms.katalon.core.main.TestCaseMain.startTestSuite(TestCaseMain.java:185)
	at com.kms.katalon.core.main.TestCaseMain$startTestSuite$0.call(Unknown Source)
	at TempTestSuite1646845129657.run(TempTestSuite1646845129657.groovy:36)
Caused by: com.kms.katalon.core.exception.StepFailedException: Unable to click on object 'Object Repository/Modulo Tarea Administracion Compensacion/Recalculo Total/a_Continuar'
	at com.kms.katalon.core.webui.keyword.internal.WebUIKeywordMain.stepFailed(WebUIKeywordMain.groovy:64)
	at com.kms.katalon.core.webui.keyword.internal.WebUIKeywordMain.runKeyword(WebUIKeywordMain.groovy:26)
	at com.kms.katalon.core.webui.keyword.builtin.ClickKeyword.click(ClickKeyword.groovy:74)
	at com.kms.katalon.core.webui.keyword.builtin.ClickKeyword.execute(ClickKeyword.groovy:40)
	at com.kms.katalon.core.keyword.internal.KeywordExecutor.executeKeywordForPlatform(KeywordExecutor.groovy:74)
	at com.kms.katalon.core.webui.keyword.WebUiBuiltInKeywords.click(WebUiBuiltInKeywords.groovy:620)
	at com.kms.katalon.core.webui.keyword.WebUiBuiltInKeywords$click$5.call(Unknown Source)
	at 1.3.3-Recalculo Total.run(1.3.3-Recalculo Total:51)
	at com.kms.katalon.core.main.ScriptEngine.run(ScriptEngine.java:194)
	at com.kms.katalon.core.main.ScriptEngine.runScriptAsRawText(ScriptEngine.java:119)
	at com.kms.katalon.core.main.TestCaseExecutor.runScript(TestCaseExecutor.java:442)
	at com.kms.katalon.core.main.TestCaseExecutor.doExecute(TestCaseExecutor.java:433)
	at com.kms.katalon.core.main.TestCaseExecutor.processExecutionPhase(TestCaseExecutor.java:412)
	at com.kms.katalon.core.main.TestCaseExecutor.accessMainPhase(TestCaseExecutor.java:404)
	at com.kms.katalon.core.main.TestCaseExecutor.execute(TestCaseExecutor.java:281)
	at com.kms.katalon.core.main.TestCaseMain.runTestCase(TestCaseMain.java:142)
	at com.kms.katalon.core.keyword.builtin.CallTestCaseKeyword$_callTestCase_closure1.doCall(CallTestCaseKeyword.groovy:59)
	... 20 more
Caused by: org.openqa.selenium.ElementClickInterceptedException: element click intercepted: Element is not clickable at point (460, 828)
  (Session info: chrome=99.0.4844.51)
Build info: version: '3.141.59', revision: 'e82be7d358', time: '2018-11-14T08:25:53'
System info: host: 'US-AF-000371', ip: '192.168.56.1', os.name: 'Windows 10', os.arch: 'amd64', os.version: '10.0', java.version: '1.8.0_282'
Driver info: com.kms.katalon.selenium.driver.CChromeDriver
Capabilities {acceptInsecureCerts: false, browserName: chrome, browserVersion: 99.0.4844.51, chrome: {chromedriverVersion: 99.0.4844.51 (d537ec02474b5..., userDataDir: C:\Users\DIEGO~1.ROJ\AppDat...}, goog:chromeOptions: {debuggerAddress: localhost:64872}, javascriptEnabled: true, networkConnectionEnabled: false, pageLoadStrategy: normal, platform: WINDOWS, platformName: WINDOWS, proxy: Proxy(), setWindowRect: true, strictFileInteractability: false, timeouts: {implicit: 0, pageLoad: 300000, script: 30000}, unhandledPromptBehavior: dismiss and notify, webauthn:extension:credBlob: true, webauthn:extension:largeBlob: true, webauthn:virtualAuthenticators: true}
Session ID: 1d0538d755e5fbd2310e4afde569d1df
	at org.openqa.selenium.remote.http.W3CHttpResponseCodec.createException(W3CHttpResponseCodec.java:187)
	at org.openqa.selenium.remote.http.W3CHttpResponseCodec.decode(W3CHttpResponseCodec.java:122)
	at org.openqa.selenium.remote.http.W3CHttpResponseCodec.decode(W3CHttpResponseCodec.java:49)
	at org.openqa.selenium.remote.HttpCommandExecutor.execute(HttpCommandExecutor.java:158)
	at org.openqa.selenium.remote.service.DriverCommandExecutor.execute(DriverCommandExecutor.java:83)
	at org.openqa.selenium.remote.RemoteWebDriver.execute(RemoteWebDriver.java:552)
	at com.kms.katalon.selenium.driver.CChromeDriver.execute(CChromeDriver.java:19)
	at org.openqa.selenium.remote.RemoteWebElement.execute(RemoteWebElement.java:285)
	at org.openqa.selenium.remote.RemoteWebElement.click(RemoteWebElement.java:84)
	at org.openqa.selenium.support.events.EventFiringWebDriver$EventFiringWebElement.lambda$new$0(EventFiringWebDriver.java:404)
	at com.sun.proxy.$Proxy11.click(Unknown Source)
	at org.openqa.selenium.support.events.EventFiringWebDriver$EventFiringWebElement.click(EventFiringWebDriver.java:417)
	at org.openqa.selenium.WebElement$click$0.call(Unknown Source)
	at com.kms.katalon.core.webui.keyword.builtin.ClickKeyword.clickUntilSuccessWithTimeout(ClickKeyword.groovy:81)
	at com.kms.katalon.core.webui.keyword.builtin.ClickKeyword.clickUntilSuccessWithTimeout(ClickKeyword.groovy)
	at com.kms.katalon.core.webui.keyword.builtin.ClickKeyword$_click_closure1.doCall(ClickKeyword.groovy:67)
	at com.kms.katalon.core.webui.keyword.builtin.ClickKeyword$_click_closure1.call(ClickKeyword.groovy)
	at com.kms.katalon.core.webui.keyword.internal.WebUIKeywordMain.runKeyword(WebUIKeywordMain.groovy:20)
	... 35 more]]></system-err>
      </testcase>
      <testcase name="Test Cases/1.1-Tareas Principales/1.3.5-Comprobante de Pago" time="30.661" classname="Test Cases/1.1-Tareas Principales/1.3.5-Comprobante de Pago" status="PASSED">
         <system-out><![CDATA[2022-03-09 12:23:17 - [TEST_CASE][PASSED] - Test Cases/1.1-Tareas Principales/1.3.5-Comprobante de Pago: Test Cases/1.1-Tareas Principales/1.3.5-Comprobante de Pago

2022-03-09 12:23:18 - [TEST_STEP][PASSED] - callTestCase(findTestCase("Utilidades-(atajos_para _tareas)/Tareas Administracion Compensacion/Tarea Liquidacion Nomina"), [:], STOP_ON_FAILURE): Call Test Case 'Test Cases/Utilidades-(atajos_para _tareas)/Tareas Administracion Compensacion/Tarea Liquidacion Nomina' successfully

2022-03-09 12:23:18 - [TEST_CASE][PASSED] - Test Cases/Utilidades-(atajos_para _tareas)/Tareas Administracion Compensacion/Tarea Liquidacion Nomina: Test Cases/Utilidades-(atajos_para _tareas)/Tareas Administracion Compensacion/Tarea Liquidacion Nomina

2022-03-09 12:23:18 - [TEST_STEP][PASSED] - callTestCase(findTestCase("0.1-Login"), [:], STOP_ON_FAILURE): Call Test Case 'Test Cases/0.1-Login' successfully

2022-03-09 12:23:18 - [TEST_CASE][PASSED] - Test Cases/0.1-Login: Test Cases/0.1-Login

2022-03-09 12:23:18 - [TEST_STEP][PASSED] - openBrowser(""): Browser is opened with url: ''

2022-03-09 12:23:18 - [MESSAGE][WARNING] - A browser is already opened. Closing browser and opening a new one

2022-03-09 12:23:20 - [MESSAGE][INFO] - Starting 'Chrome' driver

2022-03-09 12:23:20 - [MESSAGE][INFO] - Action delay is set to 0 milliseconds

2022-03-09 12:23:21 - [MESSAGE][PASSED] - Browser is opened with url: ''

2022-03-09 12:23:21 - [TEST_STEP][PASSED] - maximizeWindow(): Current window maximized

2022-03-09 12:23:22 - [MESSAGE][PASSED] - Current window maximized

2022-03-09 12:23:22 - [TEST_STEP][PASSED] - i = G_Login: null

2022-03-09 12:23:22 - [TEST_STEP][PASSED] - url = new java.net.URL(i): null

2022-03-09 12:23:22 - [TEST_STEP][PASSED] - println("URL: " + url.toString()): null

2022-03-09 12:23:22 - [TEST_STEP][PASSED] - connection = url.openConnection(): null

2022-03-09 12:23:22 - [TEST_STEP][PASSED] - connection.setRequestMethod("GET"): null

2022-03-09 12:23:22 - [TEST_STEP][PASSED] - connection.setReadTimeout(2 * 1000): null

2022-03-09 12:23:22 - [TEST_STEP][PASSED] - try: null

2022-03-09 12:23:22 - [TEST_STEP][PASSED] - connection.connect(): null

2022-03-09 12:23:22 - [TEST_STEP][PASSED] - flag = connected: null

2022-03-09 12:23:22 - [TEST_STEP][PASSED] - println("Valor_ori: " + flag): null

2022-03-09 12:23:22 - [TEST_STEP][PASSED] - if (flag): null

2022-03-09 12:23:22 - [TEST_STEP][PASSED] - navigateToUrl(i): Navigate to 'http://192.168.2.80:8380/saraweb' successfully

2022-03-09 12:23:22 - [MESSAGE][PASSED] - Navigate to 'http://192.168.2.80:8380/saraweb' successfully

2022-03-09 12:23:22 - [TEST_STEP][PASSED] - a(): null

2022-03-09 12:23:22 - [TEST_STEP][PASSED] - setText(findTestObject("Login/input_USUARIO_loginusuario"), G_Usuario): Text 'saraadmin' is set on object 'Object Repository/Login/input_USUARIO_loginusuario'

2022-03-09 12:23:23 - [MESSAGE][PASSED] - Text 'saraadmin' is set on object 'Object Repository/Login/input_USUARIO_loginusuario'

2022-03-09 12:23:23 - [TEST_STEP][PASSED] - setEncryptedText(findTestObject("Login/input_CLAVE_loginpassword"), "MkG4/TYiCFC3cb2driP7+Q=="): Text ****** has been set on object 'Object Repository/Login/input_CLAVE_loginpassword'

2022-03-09 12:23:24 - [MESSAGE][PASSED] - Text ****** has been set on object 'Object Repository/Login/input_CLAVE_loginpassword'

2022-03-09 12:23:24 - [TEST_STEP][PASSED] - waitForElementClickable(findTestObject("Login/a_Ingresar"), G_TimeOut): Object 'Object Repository/Login/a_Ingresar' is clickable

2022-03-09 12:23:24 - [MESSAGE][PASSED] - Object 'Object Repository/Login/a_Ingresar' is clickable

2022-03-09 12:23:24 - [TEST_STEP][PASSED] - click(findTestObject("Login/a_Ingresar")): Object: 'Object Repository/Login/a_Ingresar' is clicked on

2022-03-09 12:23:27 - [MESSAGE][PASSED] - Object: 'Object Repository/Login/a_Ingresar' is clicked on

2022-03-09 12:23:27 - [TEST_STEP][PASSED] - element = findWebElement(findTestObject("Login/a_Ir"), 30): null

2022-03-09 12:23:28 - [TEST_STEP][PASSED] - executeJavaScript("arguments[0].click()", Arrays.asList(element)): Execute JavaScript 'arguments[0].click()' successfully

2022-03-09 12:23:28 - [MESSAGE][PASSED] - Execute JavaScript 'arguments[0].click()' successfully

2022-03-09 12:23:28 - [MESSAGE][PASSED] - Call Test Case 'Test Cases/0.1-Login' successfully

2022-03-09 12:23:28 - [TEST_STEP][PASSED] - delay(2): Delayed 2 second(s)

2022-03-09 12:23:30 - [MESSAGE][PASSED] - Delayed 2 second(s)

2022-03-09 12:23:30 - [TEST_STEP][PASSED] - setText(findTestObject("Modulo Tarea Administracion Compensacion/Tarea Liquidacion Nomina/input_Listado de Empleados_"), "Liquidacion Nomina"): Text 'Liquidacion Nomina' is set on object 'Object Repository/Modulo Tarea Administracion Compensacion/Tarea Liquidacion Nomina/input_Listado de Empleados_'

2022-03-09 12:23:31 - [MESSAGE][PASSED] - Text 'Liquidacion Nomina' is set on object 'Object Repository/Modulo Tarea Administracion Compensacion/Tarea Liquidacion Nomina/input_Listado de Empleados_'

2022-03-09 12:23:31 - [TEST_STEP][PASSED] - delay(1): Delayed 1 second(s)

2022-03-09 12:23:32 - [MESSAGE][PASSED] - Delayed 1 second(s)

2022-03-09 12:23:32 - [TEST_STEP][PASSED] - sendKeys(findTestObject("Modulo Tarea Administracion Compensacion/Tarea Liquidacion Nomina/input_Listado de Empleados_"), Keys.chord(ENTER)): Keys 'ENTER + ' sent to object: 'Object Repository/Modulo Tarea Administracion Compensacion/Tarea Liquidacion Nomina/input_Listado de Empleados_'

2022-03-09 12:23:32 - [MESSAGE][PASSED] - Keys 'ENTER + ' sent to object: 'Object Repository/Modulo Tarea Administracion Compensacion/Tarea Liquidacion Nomina/input_Listado de Empleados_'

2022-03-09 12:23:32 - [MESSAGE][PASSED] - Call Test Case 'Test Cases/Utilidades-(atajos_para _tareas)/Tareas Administracion Compensacion/Tarea Liquidacion Nomina' successfully

2022-03-09 12:23:32 - [TEST_STEP][PASSED] - waitForElementClickable(findTestObject("Modulo Tarea Administracion Compensacion/Comprobante de Pago/a_Periodo Nomina_LiquidacionNominaj_idt63"), G_TimeOut): Object 'Object Repository/Modulo Tarea Administracion Compensacion/Comprobante de Pago/a_Periodo Nomina_LiquidacionNominaj_idt63' is clickable

2022-03-09 12:23:33 - [MESSAGE][PASSED] - Object 'Object Repository/Modulo Tarea Administracion Compensacion/Comprobante de Pago/a_Periodo Nomina_LiquidacionNominaj_idt63' is clickable

2022-03-09 12:23:33 - [TEST_STEP][PASSED] - click(findTestObject("Modulo Tarea Administracion Compensacion/Comprobante de Pago/a_Periodo Nomina_LiquidacionNominaj_idt63")): Object: 'Object Repository/Modulo Tarea Administracion Compensacion/Comprobante de Pago/a_Periodo Nomina_LiquidacionNominaj_idt63' is clicked on

2022-03-09 12:23:34 - [MESSAGE][PASSED] - Object: 'Object Repository/Modulo Tarea Administracion Compensacion/Comprobante de Pago/a_Periodo Nomina_LiquidacionNominaj_idt63' is clicked on

2022-03-09 12:23:34 - [TEST_STEP][PASSED] - waitForElementClickable(findTestObject("Modulo Tarea Administracion Compensacion/Comprobante de Pago/select_--  Seleccione  --Periodo CerradoPeriodo en Proceso"), G_TimeOut): Object 'Object Repository/Modulo Tarea Administracion Compensacion/Comprobante de Pago/select_--  Seleccione  --Periodo CerradoPeriodo en Proceso' is clickable

2022-03-09 12:23:34 - [MESSAGE][PASSED] - Object 'Object Repository/Modulo Tarea Administracion Compensacion/Comprobante de Pago/select_--  Seleccione  --Periodo CerradoPeriodo en Proceso' is clickable

2022-03-09 12:23:34 - [TEST_STEP][PASSED] - click(findTestObject("Modulo Tarea Administracion Compensacion/Comprobante de Pago/select_--  Seleccione  --Periodo CerradoPeriodo en Proceso")): Object: 'Object Repository/Modulo Tarea Administracion Compensacion/Comprobante de Pago/select_--  Seleccione  --Periodo CerradoPeriodo en Proceso' is clicked on

2022-03-09 12:23:35 - [MESSAGE][PASSED] - Object: 'Object Repository/Modulo Tarea Administracion Compensacion/Comprobante de Pago/select_--  Seleccione  --Periodo CerradoPeriodo en Proceso' is clicked on

2022-03-09 12:23:35 - [TEST_STEP][PASSED] - selectOptionByIndex(findTestObject("Modulo Tarea Administracion Compensacion/Comprobante de Pago/select_--  Seleccione  --Periodo CerradoPeriodo en Proceso"), 2): All options with index in [2] are selected on object 'Object Repository/Modulo Tarea Administracion Compensacion/Comprobante de Pago/select_--  Seleccione  --Periodo CerradoPeriodo en Proceso'

2022-03-09 12:23:36 - [MESSAGE][PASSED] - All options with index in [2] are selected on object 'Object Repository/Modulo Tarea Administracion Compensacion/Comprobante de Pago/select_--  Seleccione  --Periodo CerradoPeriodo en Proceso'

2022-03-09 12:23:36 - [TEST_STEP][PASSED] - click(findTestObject("Modulo Tarea Administracion Compensacion/Comprobante de Pago/span_P MensualJulio2021")): Object: 'Object Repository/Modulo Tarea Administracion Compensacion/Comprobante de Pago/span_P MensualJulio2021' is clicked on

2022-03-09 12:23:36 - [MESSAGE][PASSED] - Object: 'Object Repository/Modulo Tarea Administracion Compensacion/Comprobante de Pago/span_P MensualJulio2021' is clicked on

2022-03-09 12:23:36 - [TEST_STEP][PASSED] - waitForElementClickable(findTestObject("Modulo Tarea Administracion Compensacion/Comprobante de Pago/a_Nombre Persona_LiquidacionNo"), G_TimeOut): Object 'Object Repository/Modulo Tarea Administracion Compensacion/Comprobante de Pago/a_Nombre Persona_LiquidacionNo' is clickable

2022-03-09 12:23:37 - [MESSAGE][PASSED] - Object 'Object Repository/Modulo Tarea Administracion Compensacion/Comprobante de Pago/a_Nombre Persona_LiquidacionNo' is clickable

2022-03-09 12:23:37 - [TEST_STEP][PASSED] - click(findTestObject("Modulo Tarea Administracion Compensacion/Comprobante de Pago/a_Nombre Persona_LiquidacionNo")): Object: 'Object Repository/Modulo Tarea Administracion Compensacion/Comprobante de Pago/a_Nombre Persona_LiquidacionNo' is clicked on

2022-03-09 12:23:38 - [MESSAGE][PASSED] - Object: 'Object Repository/Modulo Tarea Administracion Compensacion/Comprobante de Pago/a_Nombre Persona_LiquidacionNo' is clicked on

2022-03-09 12:23:38 - [TEST_STEP][PASSED] - waitForElementClickable(findTestObject("Modulo Tarea Administracion Compensacion/Comprobante de Pago/input_close_popupFiltroEmplead"), 0): Object 'Object Repository/Modulo Tarea Administracion Compensacion/Comprobante de Pago/input_close_popupFiltroEmplead' is clickable

2022-03-09 12:23:38 - [MESSAGE][WARNING] - Timeout '0' is invalid. Using default page load timeout: '30'

2022-03-09 12:23:39 - [MESSAGE][PASSED] - Object 'Object Repository/Modulo Tarea Administracion Compensacion/Comprobante de Pago/input_close_popupFiltroEmplead' is clickable

2022-03-09 12:23:39 - [TEST_STEP][PASSED] - setText(findTestObject("Modulo Tarea Administracion Compensacion/Comprobante de Pago/input_close_popupFiltroEmplead"), "66666"): Text '66666' is set on object 'Object Repository/Modulo Tarea Administracion Compensacion/Comprobante de Pago/input_close_popupFiltroEmplead'

2022-03-09 12:23:40 - [MESSAGE][PASSED] - Text '66666' is set on object 'Object Repository/Modulo Tarea Administracion Compensacion/Comprobante de Pago/input_close_popupFiltroEmplead'

2022-03-09 12:23:40 - [TEST_STEP][PASSED] - sendKeys(findTestObject("Modulo Tarea Administracion Compensacion/Comprobante de Pago/input_close_popupFiltroEmplead"), Keys.chord(ENTER)): Keys 'ENTER + ' sent to object: 'Object Repository/Modulo Tarea Administracion Compensacion/Comprobante de Pago/input_close_popupFiltroEmplead'

2022-03-09 12:23:40 - [MESSAGE][PASSED] - Keys 'ENTER + ' sent to object: 'Object Repository/Modulo Tarea Administracion Compensacion/Comprobante de Pago/input_close_popupFiltroEmplead'

2022-03-09 12:23:40 - [TEST_STEP][PASSED] - waitForElementClickable(findTestObject("Modulo Tarea Administracion Compensacion/Comprobante de Pago/td_SALGADO PAULA"), 0): Object 'Object Repository/Modulo Tarea Administracion Compensacion/Comprobante de Pago/td_SALGADO PAULA' is clickable

2022-03-09 12:23:40 - [MESSAGE][WARNING] - Timeout '0' is invalid. Using default page load timeout: '30'

2022-03-09 12:23:41 - [MESSAGE][PASSED] - Object 'Object Repository/Modulo Tarea Administracion Compensacion/Comprobante de Pago/td_SALGADO PAULA' is clickable

2022-03-09 12:23:41 - [TEST_STEP][PASSED] - click(findTestObject("Modulo Tarea Administracion Compensacion/Comprobante de Pago/td_SALGADO PAULA")): Object: 'Object Repository/Modulo Tarea Administracion Compensacion/Comprobante de Pago/td_SALGADO PAULA' is clicked on

2022-03-09 12:23:41 - [MESSAGE][PASSED] - Object: 'Object Repository/Modulo Tarea Administracion Compensacion/Comprobante de Pago/td_SALGADO PAULA' is clicked on

2022-03-09 12:23:41 - [TEST_STEP][PASSED] - waitForElementClickable(findTestObject("Modulo Tarea Administracion Compensacion/Comprobante de Pago/input_Estado_LiquidacionNomina"), 0): Object 'Object Repository/Modulo Tarea Administracion Compensacion/Comprobante de Pago/input_Estado_LiquidacionNomina' is clickable

2022-03-09 12:23:41 - [MESSAGE][WARNING] - Timeout '0' is invalid. Using default page load timeout: '30'

2022-03-09 12:23:42 - [MESSAGE][PASSED] - Object 'Object Repository/Modulo Tarea Administracion Compensacion/Comprobante de Pago/input_Estado_LiquidacionNomina' is clickable

2022-03-09 12:23:42 - [TEST_STEP][PASSED] - click(findTestObject("Modulo Tarea Administracion Compensacion/Comprobante de Pago/input_Estado_LiquidacionNomina")): Object: 'Object Repository/Modulo Tarea Administracion Compensacion/Comprobante de Pago/input_Estado_LiquidacionNomina' is clicked on

2022-03-09 12:23:42 - [MESSAGE][PASSED] - Object: 'Object Repository/Modulo Tarea Administracion Compensacion/Comprobante de Pago/input_Estado_LiquidacionNomina' is clicked on

2022-03-09 12:23:42 - [TEST_STEP][PASSED] - click(findTestObject("Modulo Tarea Administracion Compensacion/Comprobante de Pago/span_Generar Comprobante")): Object: 'Object Repository/Modulo Tarea Administracion Compensacion/Comprobante de Pago/span_Generar Comprobante' is clicked on

2022-03-09 12:23:43 - [MESSAGE][PASSED] - Object: 'Object Repository/Modulo Tarea Administracion Compensacion/Comprobante de Pago/span_Generar Comprobante' is clicked on

2022-03-09 12:23:43 - [TEST_STEP][PASSED] - click(findTestObject("Modulo Tarea Administracion Compensacion/Comprobante de Pago/input_Publicar_formComprobante")): Object: 'Object Repository/Modulo Tarea Administracion Compensacion/Comprobante de Pago/input_Publicar_formComprobante' is clicked on

2022-03-09 12:23:44 - [MESSAGE][PASSED] - Object: 'Object Repository/Modulo Tarea Administracion Compensacion/Comprobante de Pago/input_Publicar_formComprobante' is clicked on

2022-03-09 12:23:44 - [TEST_STEP][PASSED] - waitForElementClickable(findTestObject("Modulo Tarea Administracion Compensacion/Comprobante de Pago/select_-- Seleccione --Comprob"), 0, STOP_ON_FAILURE): Object 'Object Repository/Modulo Tarea Administracion Compensacion/Comprobante de Pago/select_-- Seleccione --Comprob' is clickable

2022-03-09 12:23:44 - [MESSAGE][WARNING] - Timeout '0' is invalid. Using default page load timeout: '30'

2022-03-09 12:23:44 - [MESSAGE][PASSED] - Object 'Object Repository/Modulo Tarea Administracion Compensacion/Comprobante de Pago/select_-- Seleccione --Comprob' is clickable

2022-03-09 12:23:44 - [TEST_STEP][PASSED] - selectOptionByIndex(findTestObject("Modulo Tarea Administracion Compensacion/Comprobante de Pago/select_-- Seleccione --Comprob"), "1", STOP_ON_FAILURE): All options with index in [1] are selected on object 'Object Repository/Modulo Tarea Administracion Compensacion/Comprobante de Pago/select_-- Seleccione --Comprob'

2022-03-09 12:23:45 - [MESSAGE][PASSED] - All options with index in [1] are selected on object 'Object Repository/Modulo Tarea Administracion Compensacion/Comprobante de Pago/select_-- Seleccione --Comprob'

2022-03-09 12:23:45 - [TEST_STEP][PASSED] - click(findTestObject("Modulo Tarea Administracion Compensacion/Comprobante de Pago/a_Generar")): Object: 'Object Repository/Modulo Tarea Administracion Compensacion/Comprobante de Pago/a_Generar' is clicked on

2022-03-09 12:23:47 - [MESSAGE][PASSED] - Object: 'Object Repository/Modulo Tarea Administracion Compensacion/Comprobante de Pago/a_Generar' is clicked on

2022-03-09 12:23:47 - [TEST_STEP][PASSED] - closeBrowser(): Browser is closed

2022-03-09 12:23:48 - [MESSAGE][PASSED] - Browser is closed]]></system-out>
         <system-err><![CDATA[]]></system-err>
      </testcase>
      <testcase name="Test Cases/1.1-Tareas Principales/1.3.6-Reversar Nomina" time="29.572" classname="Test Cases/1.1-Tareas Principales/1.3.6-Reversar Nomina" status="PASSED">
         <system-out><![CDATA[2022-03-09 12:23:48 - [TEST_CASE][PASSED] - Test Cases/1.1-Tareas Principales/1.3.6-Reversar Nomina: Test Cases/1.1-Tareas Principales/1.3.6-Reversar Nomina

2022-03-09 12:23:48 - [TEST_STEP][PASSED] - callTestCase(findTestCase("Utilidades-(atajos_para _tareas)/Tareas Administracion Compensacion/Tarea Liquidacion Nomina"), [:], STOP_ON_FAILURE): Call Test Case 'Test Cases/Utilidades-(atajos_para _tareas)/Tareas Administracion Compensacion/Tarea Liquidacion Nomina' successfully

2022-03-09 12:23:48 - [TEST_CASE][PASSED] - Test Cases/Utilidades-(atajos_para _tareas)/Tareas Administracion Compensacion/Tarea Liquidacion Nomina: Test Cases/Utilidades-(atajos_para _tareas)/Tareas Administracion Compensacion/Tarea Liquidacion Nomina

2022-03-09 12:23:48 - [TEST_STEP][PASSED] - callTestCase(findTestCase("0.1-Login"), [:], STOP_ON_FAILURE): Call Test Case 'Test Cases/0.1-Login' successfully

2022-03-09 12:23:48 - [TEST_CASE][PASSED] - Test Cases/0.1-Login: Test Cases/0.1-Login

2022-03-09 12:23:48 - [TEST_STEP][PASSED] - openBrowser(""): Browser is opened with url: ''

2022-03-09 12:23:48 - [MESSAGE][INFO] - Starting 'Chrome' driver

2022-03-09 12:23:48 - [MESSAGE][INFO] - Action delay is set to 0 milliseconds

2022-03-09 12:23:50 - [MESSAGE][PASSED] - Browser is opened with url: ''

2022-03-09 12:23:50 - [TEST_STEP][PASSED] - maximizeWindow(): Current window maximized

2022-03-09 12:23:50 - [MESSAGE][PASSED] - Current window maximized

2022-03-09 12:23:50 - [TEST_STEP][PASSED] - i = G_Login: null

2022-03-09 12:23:50 - [TEST_STEP][PASSED] - url = new java.net.URL(i): null

2022-03-09 12:23:50 - [TEST_STEP][PASSED] - println("URL: " + url.toString()): null

2022-03-09 12:23:50 - [TEST_STEP][PASSED] - connection = url.openConnection(): null

2022-03-09 12:23:50 - [TEST_STEP][PASSED] - connection.setRequestMethod("GET"): null

2022-03-09 12:23:50 - [TEST_STEP][PASSED] - connection.setReadTimeout(2 * 1000): null

2022-03-09 12:23:50 - [TEST_STEP][PASSED] - try: null

2022-03-09 12:23:50 - [TEST_STEP][PASSED] - connection.connect(): null

2022-03-09 12:23:50 - [TEST_STEP][PASSED] - flag = connected: null

2022-03-09 12:23:50 - [TEST_STEP][PASSED] - println("Valor_ori: " + flag): null

2022-03-09 12:23:50 - [TEST_STEP][PASSED] - if (flag): null

2022-03-09 12:23:50 - [TEST_STEP][PASSED] - navigateToUrl(i): Navigate to 'http://192.168.2.80:8380/saraweb' successfully

2022-03-09 12:23:51 - [MESSAGE][PASSED] - Navigate to 'http://192.168.2.80:8380/saraweb' successfully

2022-03-09 12:23:51 - [TEST_STEP][PASSED] - a(): null

2022-03-09 12:23:51 - [TEST_STEP][PASSED] - setText(findTestObject("Login/input_USUARIO_loginusuario"), G_Usuario): Text 'saraadmin' is set on object 'Object Repository/Login/input_USUARIO_loginusuario'

2022-03-09 12:23:52 - [MESSAGE][PASSED] - Text 'saraadmin' is set on object 'Object Repository/Login/input_USUARIO_loginusuario'

2022-03-09 12:23:52 - [TEST_STEP][PASSED] - setEncryptedText(findTestObject("Login/input_CLAVE_loginpassword"), "MkG4/TYiCFC3cb2driP7+Q=="): Text ****** has been set on object 'Object Repository/Login/input_CLAVE_loginpassword'

2022-03-09 12:23:52 - [MESSAGE][PASSED] - Text ****** has been set on object 'Object Repository/Login/input_CLAVE_loginpassword'

2022-03-09 12:23:52 - [TEST_STEP][PASSED] - waitForElementClickable(findTestObject("Login/a_Ingresar"), G_TimeOut): Object 'Object Repository/Login/a_Ingresar' is clickable

2022-03-09 12:23:53 - [MESSAGE][PASSED] - Object 'Object Repository/Login/a_Ingresar' is clickable

2022-03-09 12:23:53 - [TEST_STEP][PASSED] - click(findTestObject("Login/a_Ingresar")): Object: 'Object Repository/Login/a_Ingresar' is clicked on

2022-03-09 12:23:54 - [MESSAGE][PASSED] - Object: 'Object Repository/Login/a_Ingresar' is clicked on

2022-03-09 12:23:54 - [TEST_STEP][PASSED] - element = findWebElement(findTestObject("Login/a_Ir"), 30): null

2022-03-09 12:23:54 - [TEST_STEP][PASSED] - executeJavaScript("arguments[0].click()", Arrays.asList(element)): Execute JavaScript 'arguments[0].click()' successfully

2022-03-09 12:23:54 - [MESSAGE][PASSED] - Execute JavaScript 'arguments[0].click()' successfully

2022-03-09 12:23:54 - [MESSAGE][PASSED] - Call Test Case 'Test Cases/0.1-Login' successfully

2022-03-09 12:23:54 - [TEST_STEP][PASSED] - delay(2): Delayed 2 second(s)

2022-03-09 12:23:56 - [MESSAGE][PASSED] - Delayed 2 second(s)

2022-03-09 12:23:56 - [TEST_STEP][PASSED] - setText(findTestObject("Modulo Tarea Administracion Compensacion/Tarea Liquidacion Nomina/input_Listado de Empleados_"), "Liquidacion Nomina"): Text 'Liquidacion Nomina' is set on object 'Object Repository/Modulo Tarea Administracion Compensacion/Tarea Liquidacion Nomina/input_Listado de Empleados_'

2022-03-09 12:23:58 - [MESSAGE][PASSED] - Text 'Liquidacion Nomina' is set on object 'Object Repository/Modulo Tarea Administracion Compensacion/Tarea Liquidacion Nomina/input_Listado de Empleados_'

2022-03-09 12:23:58 - [TEST_STEP][PASSED] - delay(1): Delayed 1 second(s)

2022-03-09 12:23:59 - [MESSAGE][PASSED] - Delayed 1 second(s)

2022-03-09 12:23:59 - [TEST_STEP][PASSED] - sendKeys(findTestObject("Modulo Tarea Administracion Compensacion/Tarea Liquidacion Nomina/input_Listado de Empleados_"), Keys.chord(ENTER)): Keys 'ENTER + ' sent to object: 'Object Repository/Modulo Tarea Administracion Compensacion/Tarea Liquidacion Nomina/input_Listado de Empleados_'

2022-03-09 12:23:59 - [MESSAGE][PASSED] - Keys 'ENTER + ' sent to object: 'Object Repository/Modulo Tarea Administracion Compensacion/Tarea Liquidacion Nomina/input_Listado de Empleados_'

2022-03-09 12:23:59 - [MESSAGE][PASSED] - Call Test Case 'Test Cases/Utilidades-(atajos_para _tareas)/Tareas Administracion Compensacion/Tarea Liquidacion Nomina' successfully

2022-03-09 12:23:59 - [TEST_STEP][PASSED] - waitForElementClickable(findTestObject("Modulo Tarea Administracion Compensacion/Comprobante de Pago/a_Periodo Nomina_LiquidacionNominaj_idt63"), 0): Object 'Object Repository/Modulo Tarea Administracion Compensacion/Comprobante de Pago/a_Periodo Nomina_LiquidacionNominaj_idt63' is clickable

2022-03-09 12:23:59 - [MESSAGE][WARNING] - Timeout '0' is invalid. Using default page load timeout: '30'

2022-03-09 12:24:00 - [MESSAGE][PASSED] - Object 'Object Repository/Modulo Tarea Administracion Compensacion/Comprobante de Pago/a_Periodo Nomina_LiquidacionNominaj_idt63' is clickable

2022-03-09 12:24:00 - [TEST_STEP][PASSED] - click(findTestObject("Modulo Tarea Administracion Compensacion/Comprobante de Pago/a_Periodo Nomina_LiquidacionNominaj_idt63")): Object: 'Object Repository/Modulo Tarea Administracion Compensacion/Comprobante de Pago/a_Periodo Nomina_LiquidacionNominaj_idt63' is clicked on

2022-03-09 12:24:01 - [MESSAGE][PASSED] - Object: 'Object Repository/Modulo Tarea Administracion Compensacion/Comprobante de Pago/a_Periodo Nomina_LiquidacionNominaj_idt63' is clicked on

2022-03-09 12:24:01 - [TEST_STEP][PASSED] - waitForElementClickable(findTestObject("Modulo Tarea Administracion Compensacion/Comprobante de Pago/select_--  Seleccione  --Periodo CerradoPeriodo en Proceso"), G_TimeOut): Object 'Object Repository/Modulo Tarea Administracion Compensacion/Comprobante de Pago/select_--  Seleccione  --Periodo CerradoPeriodo en Proceso' is clickable

2022-03-09 12:24:01 - [MESSAGE][PASSED] - Object 'Object Repository/Modulo Tarea Administracion Compensacion/Comprobante de Pago/select_--  Seleccione  --Periodo CerradoPeriodo en Proceso' is clickable

2022-03-09 12:24:01 - [TEST_STEP][PASSED] - click(findTestObject("Modulo Tarea Administracion Compensacion/Comprobante de Pago/select_--  Seleccione  --Periodo CerradoPeriodo en Proceso")): Object: 'Object Repository/Modulo Tarea Administracion Compensacion/Comprobante de Pago/select_--  Seleccione  --Periodo CerradoPeriodo en Proceso' is clicked on

2022-03-09 12:24:02 - [MESSAGE][PASSED] - Object: 'Object Repository/Modulo Tarea Administracion Compensacion/Comprobante de Pago/select_--  Seleccione  --Periodo CerradoPeriodo en Proceso' is clicked on

2022-03-09 12:24:02 - [TEST_STEP][PASSED] - selectOptionByIndex(findTestObject("Modulo Tarea Administracion Compensacion/Comprobante de Pago/select_--  Seleccione  --Periodo CerradoPeriodo en Proceso"), 2): All options with index in [2] are selected on object 'Object Repository/Modulo Tarea Administracion Compensacion/Comprobante de Pago/select_--  Seleccione  --Periodo CerradoPeriodo en Proceso'

2022-03-09 12:24:04 - [MESSAGE][PASSED] - All options with index in [2] are selected on object 'Object Repository/Modulo Tarea Administracion Compensacion/Comprobante de Pago/select_--  Seleccione  --Periodo CerradoPeriodo en Proceso'

2022-03-09 12:24:04 - [TEST_STEP][PASSED] - click(findTestObject("Modulo Tarea Administracion Compensacion/Reversar Nomina/span_P. MensualJunio2021")): Object: 'Object Repository/Modulo Tarea Administracion Compensacion/Reversar Nomina/span_P. MensualJunio2021' is clicked on

2022-03-09 12:24:05 - [MESSAGE][PASSED] - Object: 'Object Repository/Modulo Tarea Administracion Compensacion/Reversar Nomina/span_P. MensualJunio2021' is clicked on

2022-03-09 12:24:05 - [TEST_STEP][PASSED] - click(findTestObject("Modulo Tarea Administracion Compensacion/Reversar Nomina/input_Contrato_LiquidacionNominaj_idt124")): Object: 'Object Repository/Modulo Tarea Administracion Compensacion/Reversar Nomina/input_Contrato_LiquidacionNominaj_idt124' is clicked on

2022-03-09 12:24:08 - [MESSAGE][PASSED] - Object: 'Object Repository/Modulo Tarea Administracion Compensacion/Reversar Nomina/input_Contrato_LiquidacionNominaj_idt124' is clicked on

2022-03-09 12:24:08 - [TEST_STEP][PASSED] - setText(findTestObject("Modulo Tarea Administracion Compensacion/Reversar Nomina/input_Contrato_LiquidacionNominaj_idt124"), "1234567890"): Text '1234567890' is set on object 'Object Repository/Modulo Tarea Administracion Compensacion/Reversar Nomina/input_Contrato_LiquidacionNominaj_idt124'

2022-03-09 12:24:09 - [MESSAGE][PASSED] - Text '1234567890' is set on object 'Object Repository/Modulo Tarea Administracion Compensacion/Reversar Nomina/input_Contrato_LiquidacionNominaj_idt124'

2022-03-09 12:24:09 - [TEST_STEP][PASSED] - sendKeys(findTestObject("Modulo Tarea Administracion Compensacion/Reversar Nomina/input_Contrato_LiquidacionNominaj_idt124"), Keys.chord(ENTER)): Keys 'ENTER + ' sent to object: 'Object Repository/Modulo Tarea Administracion Compensacion/Reversar Nomina/input_Contrato_LiquidacionNominaj_idt124'

2022-03-09 12:24:10 - [MESSAGE][PASSED] - Keys 'ENTER + ' sent to object: 'Object Repository/Modulo Tarea Administracion Compensacion/Reversar Nomina/input_Contrato_LiquidacionNominaj_idt124'

2022-03-09 12:24:10 - [TEST_STEP][PASSED] - waitForElementClickable(findTestObject("Modulo Tarea Administracion Compensacion/Reversar Nomina/td_Gomez  Jose"), 0): Object 'Object Repository/Modulo Tarea Administracion Compensacion/Reversar Nomina/td_Gomez  Jose' is clickable

2022-03-09 12:24:10 - [MESSAGE][WARNING] - Timeout '0' is invalid. Using default page load timeout: '30'

2022-03-09 12:24:11 - [MESSAGE][PASSED] - Object 'Object Repository/Modulo Tarea Administracion Compensacion/Reversar Nomina/td_Gomez  Jose' is clickable

2022-03-09 12:24:11 - [TEST_STEP][PASSED] - click(findTestObject("Modulo Tarea Administracion Compensacion/Reversar Nomina/td_Gomez  Jose")): Object: 'Object Repository/Modulo Tarea Administracion Compensacion/Reversar Nomina/td_Gomez  Jose' is clicked on

2022-03-09 12:24:11 - [MESSAGE][PASSED] - Object: 'Object Repository/Modulo Tarea Administracion Compensacion/Reversar Nomina/td_Gomez  Jose' is clicked on

2022-03-09 12:24:11 - [TEST_STEP][PASSED] - waitForElementClickable(findTestObject("Modulo Tarea Administracion Compensacion/Reversar Nomina/a_Concepto_Reversar"), 0): Object 'Object Repository/Modulo Tarea Administracion Compensacion/Reversar Nomina/a_Concepto_Reversar' is clickable

2022-03-09 12:24:11 - [MESSAGE][WARNING] - Timeout '0' is invalid. Using default page load timeout: '30'

2022-03-09 12:24:12 - [MESSAGE][PASSED] - Object 'Object Repository/Modulo Tarea Administracion Compensacion/Reversar Nomina/a_Concepto_Reversar' is clickable

2022-03-09 12:24:12 - [TEST_STEP][PASSED] - click(findTestObject("Modulo Tarea Administracion Compensacion/Reversar Nomina/a_Concepto_Reversar")): Object: 'Object Repository/Modulo Tarea Administracion Compensacion/Reversar Nomina/a_Concepto_Reversar' is clicked on

2022-03-09 12:24:12 - [MESSAGE][PASSED] - Object: 'Object Repository/Modulo Tarea Administracion Compensacion/Reversar Nomina/a_Concepto_Reversar' is clicked on

2022-03-09 12:24:12 - [TEST_STEP][PASSED] - click(findTestObject("Modulo Tarea Administracion Compensacion/Reversar Nomina/a_Reversar_Nomina")): Object: 'Object Repository/Modulo Tarea Administracion Compensacion/Reversar Nomina/a_Reversar_Nomina' is clicked on

2022-03-09 12:24:13 - [MESSAGE][PASSED] - Object: 'Object Repository/Modulo Tarea Administracion Compensacion/Reversar Nomina/a_Reversar_Nomina' is clicked on

2022-03-09 12:24:13 - [TEST_STEP][PASSED] - click(findTestObject("Modulo Tarea Administracion Compensacion/Reversar Nomina/span_Si")): Object: 'Object Repository/Modulo Tarea Administracion Compensacion/Reversar Nomina/span_Si' is clicked on

2022-03-09 12:24:14 - [MESSAGE][PASSED] - Object: 'Object Repository/Modulo Tarea Administracion Compensacion/Reversar Nomina/span_Si' is clicked on

2022-03-09 12:24:14 - [TEST_STEP][PASSED] - getText(findTestObject("Alerta/Alerta")): Text of object 'Object Repository/Alerta/Alerta' is: 'Se reverso exitosamente'

2022-03-09 12:24:15 - [MESSAGE][PASSED] - Text of object 'Object Repository/Alerta/Alerta' is: 'Se reverso exitosamente'

2022-03-09 12:24:15 - [TEST_STEP][PASSED] - closeBrowser(): Browser is closed

2022-03-09 12:24:17 - [MESSAGE][PASSED] - Browser is closed]]></system-out>
         <system-err><![CDATA[]]></system-err>
      </testcase>
      <testcase name="Test Cases/1.1-Tareas Principales/1.3.7-Liquidacion y reversion por bancos" time="31.996" classname="Test Cases/1.1-Tareas Principales/1.3.7-Liquidacion y reversion por bancos" status="PASSED">
         <system-out><![CDATA[2022-03-09 12:24:17 - [TEST_CASE][PASSED] - Test Cases/1.1-Tareas Principales/1.3.7-Liquidacion y reversion por bancos: Test Cases/1.1-Tareas Principales/1.3.7-Liquidacion y reversion por bancos

2022-03-09 12:24:18 - [TEST_STEP][PASSED] - callTestCase(findTestCase("Utilidades-(atajos_para _tareas)/Tareas Administracion Compensacion/Tarea Generacion Entidad Pago"), [:], STOP_ON_FAILURE): Call Test Case 'Test Cases/Utilidades-(atajos_para _tareas)/Tareas Administracion Compensacion/Tarea Generacion Entidad Pago' successfully

2022-03-09 12:24:18 - [TEST_CASE][PASSED] - Test Cases/Utilidades-(atajos_para _tareas)/Tareas Administracion Compensacion/Tarea Generacion Entidad Pago: Test Cases/Utilidades-(atajos_para _tareas)/Tareas Administracion Compensacion/Tarea Generacion Entidad Pago

2022-03-09 12:24:19 - [TEST_STEP][PASSED] - callTestCase(findTestCase("0.1-Login"), [:], STOP_ON_FAILURE): Call Test Case 'Test Cases/0.1-Login' successfully

2022-03-09 12:24:19 - [TEST_CASE][PASSED] - Test Cases/0.1-Login: Test Cases/0.1-Login

2022-03-09 12:24:19 - [TEST_STEP][PASSED] - openBrowser(""): Browser is opened with url: ''

2022-03-09 12:24:19 - [MESSAGE][INFO] - Starting 'Chrome' driver

2022-03-09 12:24:19 - [MESSAGE][INFO] - Action delay is set to 0 milliseconds

2022-03-09 12:24:21 - [MESSAGE][PASSED] - Browser is opened with url: ''

2022-03-09 12:24:21 - [TEST_STEP][PASSED] - maximizeWindow(): Current window maximized

2022-03-09 12:24:21 - [MESSAGE][PASSED] - Current window maximized

2022-03-09 12:24:21 - [TEST_STEP][PASSED] - i = G_Login: null

2022-03-09 12:24:21 - [TEST_STEP][PASSED] - url = new java.net.URL(i): null

2022-03-09 12:24:21 - [TEST_STEP][PASSED] - println("URL: " + url.toString()): null

2022-03-09 12:24:21 - [TEST_STEP][PASSED] - connection = url.openConnection(): null

2022-03-09 12:24:21 - [TEST_STEP][PASSED] - connection.setRequestMethod("GET"): null

2022-03-09 12:24:21 - [TEST_STEP][PASSED] - connection.setReadTimeout(2 * 1000): null

2022-03-09 12:24:21 - [TEST_STEP][PASSED] - try: null

2022-03-09 12:24:21 - [TEST_STEP][PASSED] - connection.connect(): null

2022-03-09 12:24:21 - [TEST_STEP][PASSED] - flag = connected: null

2022-03-09 12:24:21 - [TEST_STEP][PASSED] - println("Valor_ori: " + flag): null

2022-03-09 12:24:21 - [TEST_STEP][PASSED] - if (flag): null

2022-03-09 12:24:21 - [TEST_STEP][PASSED] - navigateToUrl(i): Navigate to 'http://192.168.2.80:8380/saraweb' successfully

2022-03-09 12:24:22 - [MESSAGE][PASSED] - Navigate to 'http://192.168.2.80:8380/saraweb' successfully

2022-03-09 12:24:22 - [TEST_STEP][PASSED] - a(): null

2022-03-09 12:24:22 - [TEST_STEP][PASSED] - setText(findTestObject("Login/input_USUARIO_loginusuario"), G_Usuario): Text 'saraadmin' is set on object 'Object Repository/Login/input_USUARIO_loginusuario'

2022-03-09 12:24:23 - [MESSAGE][PASSED] - Text 'saraadmin' is set on object 'Object Repository/Login/input_USUARIO_loginusuario'

2022-03-09 12:24:23 - [TEST_STEP][PASSED] - setEncryptedText(findTestObject("Login/input_CLAVE_loginpassword"), "MkG4/TYiCFC3cb2driP7+Q=="): Text ****** has been set on object 'Object Repository/Login/input_CLAVE_loginpassword'

2022-03-09 12:24:24 - [MESSAGE][PASSED] - Text ****** has been set on object 'Object Repository/Login/input_CLAVE_loginpassword'

2022-03-09 12:24:24 - [TEST_STEP][PASSED] - waitForElementClickable(findTestObject("Login/a_Ingresar"), G_TimeOut): Object 'Object Repository/Login/a_Ingresar' is clickable

2022-03-09 12:24:25 - [MESSAGE][PASSED] - Object 'Object Repository/Login/a_Ingresar' is clickable

2022-03-09 12:24:25 - [TEST_STEP][PASSED] - click(findTestObject("Login/a_Ingresar")): Object: 'Object Repository/Login/a_Ingresar' is clicked on

2022-03-09 12:24:27 - [MESSAGE][PASSED] - Object: 'Object Repository/Login/a_Ingresar' is clicked on

2022-03-09 12:24:27 - [TEST_STEP][PASSED] - element = findWebElement(findTestObject("Login/a_Ir"), 30): null

2022-03-09 12:24:28 - [TEST_STEP][PASSED] - executeJavaScript("arguments[0].click()", Arrays.asList(element)): Execute JavaScript 'arguments[0].click()' successfully

2022-03-09 12:24:28 - [MESSAGE][PASSED] - Execute JavaScript 'arguments[0].click()' successfully

2022-03-09 12:24:28 - [MESSAGE][PASSED] - Call Test Case 'Test Cases/0.1-Login' successfully

2022-03-09 12:24:28 - [TEST_STEP][PASSED] - delay(2): Delayed 2 second(s)

2022-03-09 12:24:30 - [MESSAGE][PASSED] - Delayed 2 second(s)

2022-03-09 12:24:30 - [TEST_STEP][PASSED] - setText(findTestObject("Modulo Tarea Administracion Compensacion/Tarea Generacion Entidad Pago/input_Ir_nav_t66_input"), "Generacion Entidad Pago (com)"): Text 'Generacion Entidad Pago (com)' is set on object 'Object Repository/Modulo Tarea Administracion Compensacion/Tarea Generacion Entidad Pago/input_Ir_nav_t66_input'

2022-03-09 12:24:31 - [MESSAGE][PASSED] - Text 'Generacion Entidad Pago (com)' is set on object 'Object Repository/Modulo Tarea Administracion Compensacion/Tarea Generacion Entidad Pago/input_Ir_nav_t66_input'

2022-03-09 12:24:31 - [TEST_STEP][PASSED] - delay(2): Delayed 2 second(s)

2022-03-09 12:24:33 - [MESSAGE][PASSED] - Delayed 2 second(s)

2022-03-09 12:24:33 - [TEST_STEP][PASSED] - sendKeys(findTestObject("Modulo Tarea Administracion Compensacion/Tarea Generacion Entidad Pago/input_Ir_nav_t66_input"), Keys.chord(ENTER)): Keys 'ENTER + ' sent to object: 'Object Repository/Modulo Tarea Administracion Compensacion/Tarea Generacion Entidad Pago/input_Ir_nav_t66_input'

2022-03-09 12:24:34 - [MESSAGE][PASSED] - Keys 'ENTER + ' sent to object: 'Object Repository/Modulo Tarea Administracion Compensacion/Tarea Generacion Entidad Pago/input_Ir_nav_t66_input'

2022-03-09 12:24:34 - [MESSAGE][PASSED] - Call Test Case 'Test Cases/Utilidades-(atajos_para _tareas)/Tareas Administracion Compensacion/Tarea Generacion Entidad Pago' successfully

2022-03-09 12:24:34 - [TEST_STEP][PASSED] - waitForElementClickable(findTestObject("Modulo Tarea Administracion Compensacion/Liquidacion y Reversion por Bancos/a_Traer"), 0): Object 'Object Repository/Modulo Tarea Administracion Compensacion/Liquidacion y Reversion por Bancos/a_Traer' is clickable

2022-03-09 12:24:34 - [MESSAGE][WARNING] - Timeout '0' is invalid. Using default page load timeout: '30'

2022-03-09 12:24:35 - [MESSAGE][PASSED] - Object 'Object Repository/Modulo Tarea Administracion Compensacion/Liquidacion y Reversion por Bancos/a_Traer' is clickable

2022-03-09 12:24:35 - [TEST_STEP][PASSED] - click(findTestObject("Modulo Tarea Administracion Compensacion/Liquidacion y Reversion por Bancos/a_Traer")): Object: 'Object Repository/Modulo Tarea Administracion Compensacion/Liquidacion y Reversion por Bancos/a_Traer' is clicked on

2022-03-09 12:24:36 - [MESSAGE][PASSED] - Object: 'Object Repository/Modulo Tarea Administracion Compensacion/Liquidacion y Reversion por Bancos/a_Traer' is clicked on

2022-03-09 12:24:36 - [TEST_STEP][PASSED] - click(findTestObject("Modulo Tarea Administracion Compensacion/Liquidacion y Reversion por Bancos/label_Periodo Fuera de Nomina")): Object: 'Object Repository/Modulo Tarea Administracion Compensacion/Liquidacion y Reversion por Bancos/label_Periodo Fuera de Nomina' is clicked on

2022-03-09 12:24:36 - [MESSAGE][PASSED] - Object: 'Object Repository/Modulo Tarea Administracion Compensacion/Liquidacion y Reversion por Bancos/label_Periodo Fuera de Nomina' is clicked on

2022-03-09 12:24:36 - [TEST_STEP][PASSED] - setText(findTestObject("Modulo Tarea Administracion Compensacion/Liquidacion y Reversion por Bancos/input_Fecha_form_popUpTraer"), "01/06/2021"): Text '01/06/2021' is set on object 'Object Repository/Modulo Tarea Administracion Compensacion/Liquidacion y Reversion por Bancos/input_Fecha_form_popUpTraer'

2022-03-09 12:24:37 - [MESSAGE][PASSED] - Text '01/06/2021' is set on object 'Object Repository/Modulo Tarea Administracion Compensacion/Liquidacion y Reversion por Bancos/input_Fecha_form_popUpTraer'

2022-03-09 12:24:37 - [TEST_STEP][PASSED] - click(findTestObject("Modulo Tarea Administracion Compensacion/Liquidacion y Reversion por Bancos/a_Aplicar (1)")): Object: 'Object Repository/Modulo Tarea Administracion Compensacion/Liquidacion y Reversion por Bancos/a_Aplicar (1)' is clicked on

2022-03-09 12:24:38 - [MESSAGE][PASSED] - Object: 'Object Repository/Modulo Tarea Administracion Compensacion/Liquidacion y Reversion por Bancos/a_Aplicar (1)' is clicked on

2022-03-09 12:24:38 - [TEST_STEP][PASSED] - click(findTestObject("Modulo Tarea Administracion Compensacion/Liquidacion y Reversion por Bancos/span_Bogota_ui-chkbox-icon ui-icon ui-icon-blank ui-c")): Object: 'Object Repository/Modulo Tarea Administracion Compensacion/Liquidacion y Reversion por Bancos/span_Bogota_ui-chkbox-icon ui-icon ui-icon-blank ui-c' is clicked on

2022-03-09 12:24:39 - [MESSAGE][PASSED] - Object: 'Object Repository/Modulo Tarea Administracion Compensacion/Liquidacion y Reversion por Bancos/span_Bogota_ui-chkbox-icon ui-icon ui-icon-blank ui-c' is clicked on

2022-03-09 12:24:39 - [TEST_STEP][PASSED] - click(findTestObject("Modulo Tarea Administracion Compensacion/Liquidacion y Reversion por Bancos/a_Liquidar")): Object: 'Object Repository/Modulo Tarea Administracion Compensacion/Liquidacion y Reversion por Bancos/a_Liquidar' is clicked on

2022-03-09 12:24:40 - [MESSAGE][PASSED] - Object: 'Object Repository/Modulo Tarea Administracion Compensacion/Liquidacion y Reversion por Bancos/a_Liquidar' is clicked on

2022-03-09 12:24:40 - [TEST_STEP][PASSED] - click(findTestObject("Modulo Tarea Administracion Compensacion/Liquidacion y Reversion por Bancos/a_Aceptar")): Object: 'Object Repository/Modulo Tarea Administracion Compensacion/Liquidacion y Reversion por Bancos/a_Aceptar' is clicked on

2022-03-09 12:24:41 - [MESSAGE][PASSED] - Object: 'Object Repository/Modulo Tarea Administracion Compensacion/Liquidacion y Reversion por Bancos/a_Aceptar' is clicked on

2022-03-09 12:24:41 - [TEST_STEP][PASSED] - click(findTestObject("Modulo Tarea Administracion Compensacion/Liquidacion y Reversion por Bancos/a_Continua")): Object: 'Object Repository/Modulo Tarea Administracion Compensacion/Liquidacion y Reversion por Bancos/a_Continua' is clicked on

2022-03-09 12:24:44 - [MESSAGE][PASSED] - Object: 'Object Repository/Modulo Tarea Administracion Compensacion/Liquidacion y Reversion por Bancos/a_Continua' is clicked on

2022-03-09 12:24:44 - [TEST_STEP][PASSED] - waitForElementClickable(findTestObject("Modulo Tarea Administracion Compensacion/Liquidacion y Reversion por Bancos/a_Reversar"), 0): Object 'Object Repository/Modulo Tarea Administracion Compensacion/Liquidacion y Reversion por Bancos/a_Reversar' is clickable

2022-03-09 12:24:44 - [MESSAGE][WARNING] - Timeout '0' is invalid. Using default page load timeout: '30'

2022-03-09 12:24:45 - [MESSAGE][PASSED] - Object 'Object Repository/Modulo Tarea Administracion Compensacion/Liquidacion y Reversion por Bancos/a_Reversar' is clickable

2022-03-09 12:24:45 - [TEST_STEP][PASSED] - click(findTestObject("Modulo Tarea Administracion Compensacion/Liquidacion y Reversion por Bancos/a_Reversar")): Object: 'Object Repository/Modulo Tarea Administracion Compensacion/Liquidacion y Reversion por Bancos/a_Reversar' is clicked on

2022-03-09 12:24:45 - [MESSAGE][PASSED] - Object: 'Object Repository/Modulo Tarea Administracion Compensacion/Liquidacion y Reversion por Bancos/a_Reversar' is clicked on

2022-03-09 12:24:45 - [TEST_STEP][PASSED] - click(findTestObject("Modulo Tarea Administracion Compensacion/Liquidacion y Reversion por Bancos/a_Aceptar (1)")): Object: 'Object Repository/Modulo Tarea Administracion Compensacion/Liquidacion y Reversion por Bancos/a_Aceptar (1)' is clicked on

2022-03-09 12:24:46 - [MESSAGE][PASSED] - Object: 'Object Repository/Modulo Tarea Administracion Compensacion/Liquidacion y Reversion por Bancos/a_Aceptar (1)' is clicked on

2022-03-09 12:24:46 - [TEST_STEP][PASSED] - getText(findTestObject("Alerta/Alerta")): Text of object 'Object Repository/Alerta/Alerta' is: 'Reversión Satisfactoria'

2022-03-09 12:24:48 - [MESSAGE][PASSED] - Text of object 'Object Repository/Alerta/Alerta' is: 'Reversión Satisfactoria'

2022-03-09 12:24:48 - [TEST_STEP][PASSED] - closeBrowser(): Browser is closed

2022-03-09 12:24:49 - [MESSAGE][PASSED] - Browser is closed]]></system-out>
         <system-err><![CDATA[]]></system-err>
      </testcase>
      <testcase name="Test Cases/1.1-Tareas Principales/1.3.8-Exportacion de Archivo de Seguridad Social" time="28.845" classname="Test Cases/1.1-Tareas Principales/1.3.8-Exportacion de Archivo de Seguridad Social" status="PASSED">
         <system-out><![CDATA[2022-03-09 12:24:49 - [TEST_CASE][PASSED] - Test Cases/1.1-Tareas Principales/1.3.8-Exportacion de Archivo de Seguridad Social: Test Cases/1.1-Tareas Principales/1.3.8-Exportacion de Archivo de Seguridad Social

2022-03-09 12:24:50 - [TEST_STEP][PASSED] - callTestCase(findTestCase("Utilidades-(atajos_para _tareas)/Tareas Administracion Compensacion/Tarea Seguridad Social"), [:], STOP_ON_FAILURE): Call Test Case 'Test Cases/Utilidades-(atajos_para _tareas)/Tareas Administracion Compensacion/Tarea Seguridad Social' successfully

2022-03-09 12:24:50 - [TEST_CASE][PASSED] - Test Cases/Utilidades-(atajos_para _tareas)/Tareas Administracion Compensacion/Tarea Seguridad Social: Test Cases/Utilidades-(atajos_para _tareas)/Tareas Administracion Compensacion/Tarea Seguridad Social

2022-03-09 12:24:50 - [TEST_STEP][PASSED] - callTestCase(findTestCase("0.1-Login"), [:], STOP_ON_FAILURE): Call Test Case 'Test Cases/0.1-Login' successfully

2022-03-09 12:24:50 - [TEST_CASE][PASSED] - Test Cases/0.1-Login: Test Cases/0.1-Login

2022-03-09 12:24:50 - [TEST_STEP][PASSED] - openBrowser(""): Browser is opened with url: ''

2022-03-09 12:24:50 - [MESSAGE][INFO] - Starting 'Chrome' driver

2022-03-09 12:24:50 - [MESSAGE][INFO] - Action delay is set to 0 milliseconds

2022-03-09 12:24:58 - [MESSAGE][PASSED] - Browser is opened with url: ''

2022-03-09 12:24:58 - [TEST_STEP][PASSED] - maximizeWindow(): Current window maximized

2022-03-09 12:24:58 - [MESSAGE][PASSED] - Current window maximized

2022-03-09 12:24:58 - [TEST_STEP][PASSED] - i = G_Login: null

2022-03-09 12:24:58 - [TEST_STEP][PASSED] - url = new java.net.URL(i): null

2022-03-09 12:24:58 - [TEST_STEP][PASSED] - println("URL: " + url.toString()): null

2022-03-09 12:24:58 - [TEST_STEP][PASSED] - connection = url.openConnection(): null

2022-03-09 12:24:58 - [TEST_STEP][PASSED] - connection.setRequestMethod("GET"): null

2022-03-09 12:24:58 - [TEST_STEP][PASSED] - connection.setReadTimeout(2 * 1000): null

2022-03-09 12:24:58 - [TEST_STEP][PASSED] - try: null

2022-03-09 12:24:58 - [TEST_STEP][PASSED] - connection.connect(): null

2022-03-09 12:24:58 - [TEST_STEP][PASSED] - flag = connected: null

2022-03-09 12:24:58 - [TEST_STEP][PASSED] - println("Valor_ori: " + flag): null

2022-03-09 12:24:58 - [TEST_STEP][PASSED] - if (flag): null

2022-03-09 12:24:58 - [TEST_STEP][PASSED] - navigateToUrl(i): Navigate to 'http://192.168.2.80:8380/saraweb' successfully

2022-03-09 12:24:59 - [MESSAGE][PASSED] - Navigate to 'http://192.168.2.80:8380/saraweb' successfully

2022-03-09 12:24:59 - [TEST_STEP][PASSED] - a(): null

2022-03-09 12:24:59 - [TEST_STEP][PASSED] - setText(findTestObject("Login/input_USUARIO_loginusuario"), G_Usuario): Text 'saraadmin' is set on object 'Object Repository/Login/input_USUARIO_loginusuario'

2022-03-09 12:25:00 - [MESSAGE][PASSED] - Text 'saraadmin' is set on object 'Object Repository/Login/input_USUARIO_loginusuario'

2022-03-09 12:25:00 - [TEST_STEP][PASSED] - setEncryptedText(findTestObject("Login/input_CLAVE_loginpassword"), "MkG4/TYiCFC3cb2driP7+Q=="): Text ****** has been set on object 'Object Repository/Login/input_CLAVE_loginpassword'

2022-03-09 12:25:00 - [MESSAGE][PASSED] - Text ****** has been set on object 'Object Repository/Login/input_CLAVE_loginpassword'

2022-03-09 12:25:00 - [TEST_STEP][PASSED] - waitForElementClickable(findTestObject("Login/a_Ingresar"), G_TimeOut): Object 'Object Repository/Login/a_Ingresar' is clickable

2022-03-09 12:25:01 - [MESSAGE][PASSED] - Object 'Object Repository/Login/a_Ingresar' is clickable

2022-03-09 12:25:01 - [TEST_STEP][PASSED] - click(findTestObject("Login/a_Ingresar")): Object: 'Object Repository/Login/a_Ingresar' is clicked on

2022-03-09 12:25:03 - [MESSAGE][PASSED] - Object: 'Object Repository/Login/a_Ingresar' is clicked on

2022-03-09 12:25:03 - [TEST_STEP][PASSED] - element = findWebElement(findTestObject("Login/a_Ir"), 30): null

2022-03-09 12:25:03 - [TEST_STEP][PASSED] - executeJavaScript("arguments[0].click()", Arrays.asList(element)): Execute JavaScript 'arguments[0].click()' successfully

2022-03-09 12:25:03 - [MESSAGE][PASSED] - Execute JavaScript 'arguments[0].click()' successfully

2022-03-09 12:25:03 - [MESSAGE][PASSED] - Call Test Case 'Test Cases/0.1-Login' successfully

2022-03-09 12:25:03 - [TEST_STEP][PASSED] - delay(2): Delayed 2 second(s)

2022-03-09 12:25:05 - [MESSAGE][PASSED] - Delayed 2 second(s)

2022-03-09 12:25:05 - [TEST_STEP][PASSED] - setText(findTestObject("Modulo Tarea Administracion Compensacion/Tarea Seguridad Social/input_Ir_nav_t66_input"), "Seguridad Social"): Text 'Seguridad Social' is set on object 'Object Repository/Modulo Tarea Administracion Compensacion/Tarea Seguridad Social/input_Ir_nav_t66_input'

2022-03-09 12:25:06 - [MESSAGE][PASSED] - Text 'Seguridad Social' is set on object 'Object Repository/Modulo Tarea Administracion Compensacion/Tarea Seguridad Social/input_Ir_nav_t66_input'

2022-03-09 12:25:06 - [TEST_STEP][PASSED] - delay(2): Delayed 2 second(s)

2022-03-09 12:25:08 - [MESSAGE][PASSED] - Delayed 2 second(s)

2022-03-09 12:25:08 - [TEST_STEP][PASSED] - sendKeys(findTestObject("Modulo Tarea Administracion Compensacion/Tarea Seguridad Social/input_Ir_nav_t66_input"), Keys.chord(ENTER)): Keys 'ENTER + ' sent to object: 'Object Repository/Modulo Tarea Administracion Compensacion/Tarea Seguridad Social/input_Ir_nav_t66_input'

2022-03-09 12:25:10 - [MESSAGE][PASSED] - Keys 'ENTER + ' sent to object: 'Object Repository/Modulo Tarea Administracion Compensacion/Tarea Seguridad Social/input_Ir_nav_t66_input'

2022-03-09 12:25:10 - [MESSAGE][PASSED] - Call Test Case 'Test Cases/Utilidades-(atajos_para _tareas)/Tareas Administracion Compensacion/Tarea Seguridad Social' successfully

2022-03-09 12:25:10 - [TEST_STEP][PASSED] - waitForElementClickable(findTestObject("Modulo Tarea Administracion Compensacion/Exportacion de Archivo de Seguridad Social/td_Planilla Empleados Empresa"), G_TimeOut): Object 'Object Repository/Modulo Tarea Administracion Compensacion/Exportacion de Archivo de Seguridad Social/td_Planilla Empleados Empresa' is clickable

2022-03-09 12:25:10 - [MESSAGE][PASSED] - Object 'Object Repository/Modulo Tarea Administracion Compensacion/Exportacion de Archivo de Seguridad Social/td_Planilla Empleados Empresa' is clickable

2022-03-09 12:25:10 - [TEST_STEP][PASSED] - click(findTestObject("Modulo Tarea Administracion Compensacion/Exportacion de Archivo de Seguridad Social/td_Planilla Empleados Empresa")): Object: 'Object Repository/Modulo Tarea Administracion Compensacion/Exportacion de Archivo de Seguridad Social/td_Planilla Empleados Empresa' is clicked on

2022-03-09 12:25:11 - [MESSAGE][PASSED] - Object: 'Object Repository/Modulo Tarea Administracion Compensacion/Exportacion de Archivo de Seguridad Social/td_Planilla Empleados Empresa' is clicked on

2022-03-09 12:25:11 - [TEST_STEP][PASSED] - waitForElementClickable(findTestObject("Modulo Tarea Administracion Compensacion/Exportacion de Archivo de Seguridad Social/img_csv"), G_TimeOut): Object 'Object Repository/Modulo Tarea Administracion Compensacion/Exportacion de Archivo de Seguridad Social/img_csv' is clickable

2022-03-09 12:25:12 - [MESSAGE][PASSED] - Object 'Object Repository/Modulo Tarea Administracion Compensacion/Exportacion de Archivo de Seguridad Social/img_csv' is clickable

2022-03-09 12:25:12 - [TEST_STEP][PASSED] - click(findTestObject("Modulo Tarea Administracion Compensacion/Exportacion de Archivo de Seguridad Social/img_csv")): Object: 'Object Repository/Modulo Tarea Administracion Compensacion/Exportacion de Archivo de Seguridad Social/img_csv' is clicked on

2022-03-09 12:25:12 - [MESSAGE][PASSED] - Object: 'Object Repository/Modulo Tarea Administracion Compensacion/Exportacion de Archivo de Seguridad Social/img_csv' is clicked on

2022-03-09 12:25:12 - [TEST_STEP][PASSED] - waitForElementClickable(findTestObject("Modulo Tarea Administracion Compensacion/Exportacion de Archivo de Seguridad Social/a_Archivo"), G_TimeOut): Object 'Object Repository/Modulo Tarea Administracion Compensacion/Exportacion de Archivo de Seguridad Social/a_Archivo' is clickable

2022-03-09 12:25:13 - [MESSAGE][PASSED] - Object 'Object Repository/Modulo Tarea Administracion Compensacion/Exportacion de Archivo de Seguridad Social/a_Archivo' is clickable

2022-03-09 12:25:13 - [TEST_STEP][PASSED] - click(findTestObject("Modulo Tarea Administracion Compensacion/Exportacion de Archivo de Seguridad Social/a_Archivo")): Object: 'Object Repository/Modulo Tarea Administracion Compensacion/Exportacion de Archivo de Seguridad Social/a_Archivo' is clicked on

2022-03-09 12:25:14 - [MESSAGE][PASSED] - Object: 'Object Repository/Modulo Tarea Administracion Compensacion/Exportacion de Archivo de Seguridad Social/a_Archivo' is clicked on

2022-03-09 12:25:14 - [TEST_STEP][PASSED] - click(findTestObject("Modulo Tarea Administracion Compensacion/Exportacion de Archivo de Seguridad Social/a_Archivo_1")): Object: 'Object Repository/Modulo Tarea Administracion Compensacion/Exportacion de Archivo de Seguridad Social/a_Archivo_1' is clicked on

2022-03-09 12:25:15 - [MESSAGE][PASSED] - Object: 'Object Repository/Modulo Tarea Administracion Compensacion/Exportacion de Archivo de Seguridad Social/a_Archivo_1' is clicked on

2022-03-09 12:25:15 - [TEST_STEP][PASSED] - waitForElementClickable(findTestObject("Modulo Tarea Administracion Compensacion/Exportacion de Archivo de Seguridad Social/a_Si"), G_TimeOut): Object 'Object Repository/Modulo Tarea Administracion Compensacion/Exportacion de Archivo de Seguridad Social/a_Si' is clickable

2022-03-09 12:25:15 - [MESSAGE][PASSED] - Object 'Object Repository/Modulo Tarea Administracion Compensacion/Exportacion de Archivo de Seguridad Social/a_Si' is clickable

2022-03-09 12:25:15 - [TEST_STEP][PASSED] - click(findTestObject("Modulo Tarea Administracion Compensacion/Exportacion de Archivo de Seguridad Social/a_Si")): Object: 'Object Repository/Modulo Tarea Administracion Compensacion/Exportacion de Archivo de Seguridad Social/a_Si' is clicked on

2022-03-09 12:25:17 - [MESSAGE][PASSED] - Object: 'Object Repository/Modulo Tarea Administracion Compensacion/Exportacion de Archivo de Seguridad Social/a_Si' is clicked on

2022-03-09 12:25:17 - [TEST_STEP][PASSED] - closeBrowser(): Browser is closed

2022-03-09 12:25:18 - [MESSAGE][PASSED] - Browser is closed]]></system-out>
         <system-err><![CDATA[]]></system-err>
      </testcase>
      <testcase name="Test Cases/1.1-Tareas Principales/1.3.9-Archivo Cargue Operador" time="16.891" classname="Test Cases/1.1-Tareas Principales/1.3.9-Archivo Cargue Operador" status="PASSED">
         <system-out><![CDATA[2022-03-09 12:25:18 - [TEST_CASE][PASSED] - Test Cases/1.1-Tareas Principales/1.3.9-Archivo Cargue Operador: Test Cases/1.1-Tareas Principales/1.3.9-Archivo Cargue Operador

2022-03-09 12:25:18 - [TEST_STEP][PASSED] - callTestCase(findTestCase("Utilidades-(atajos_para _tareas)/Tareas Administracion Compensacion/Tarea Seguridad Social"), [:], STOP_ON_FAILURE): Call Test Case 'Test Cases/Utilidades-(atajos_para _tareas)/Tareas Administracion Compensacion/Tarea Seguridad Social' successfully

2022-03-09 12:25:19 - [TEST_CASE][PASSED] - Test Cases/Utilidades-(atajos_para _tareas)/Tareas Administracion Compensacion/Tarea Seguridad Social: Test Cases/Utilidades-(atajos_para _tareas)/Tareas Administracion Compensacion/Tarea Seguridad Social

2022-03-09 12:25:19 - [TEST_STEP][PASSED] - callTestCase(findTestCase("0.1-Login"), [:], STOP_ON_FAILURE): Call Test Case 'Test Cases/0.1-Login' successfully

2022-03-09 12:25:19 - [TEST_CASE][PASSED] - Test Cases/0.1-Login: Test Cases/0.1-Login

2022-03-09 12:25:19 - [TEST_STEP][PASSED] - openBrowser(""): Browser is opened with url: ''

2022-03-09 12:25:19 - [MESSAGE][INFO] - Starting 'Chrome' driver

2022-03-09 12:25:19 - [MESSAGE][INFO] - Action delay is set to 0 milliseconds

2022-03-09 12:25:21 - [MESSAGE][PASSED] - Browser is opened with url: ''

2022-03-09 12:25:21 - [TEST_STEP][PASSED] - maximizeWindow(): Current window maximized

2022-03-09 12:25:21 - [MESSAGE][PASSED] - Current window maximized

2022-03-09 12:25:21 - [TEST_STEP][PASSED] - i = G_Login: null

2022-03-09 12:25:21 - [TEST_STEP][PASSED] - url = new java.net.URL(i): null

2022-03-09 12:25:21 - [TEST_STEP][PASSED] - println("URL: " + url.toString()): null

2022-03-09 12:25:21 - [TEST_STEP][PASSED] - connection = url.openConnection(): null

2022-03-09 12:25:21 - [TEST_STEP][PASSED] - connection.setRequestMethod("GET"): null

2022-03-09 12:25:21 - [TEST_STEP][PASSED] - connection.setReadTimeout(2 * 1000): null

2022-03-09 12:25:21 - [TEST_STEP][PASSED] - try: null

2022-03-09 12:25:21 - [TEST_STEP][PASSED] - connection.connect(): null

2022-03-09 12:25:21 - [TEST_STEP][PASSED] - flag = connected: null

2022-03-09 12:25:21 - [TEST_STEP][PASSED] - println("Valor_ori: " + flag): null

2022-03-09 12:25:21 - [TEST_STEP][PASSED] - if (flag): null

2022-03-09 12:25:21 - [TEST_STEP][PASSED] - navigateToUrl(i): Navigate to 'http://192.168.2.80:8380/saraweb' successfully

2022-03-09 12:25:21 - [MESSAGE][PASSED] - Navigate to 'http://192.168.2.80:8380/saraweb' successfully

2022-03-09 12:25:21 - [TEST_STEP][PASSED] - a(): null

2022-03-09 12:25:21 - [TEST_STEP][PASSED] - setText(findTestObject("Login/input_USUARIO_loginusuario"), G_Usuario): Text 'saraadmin' is set on object 'Object Repository/Login/input_USUARIO_loginusuario'

2022-03-09 12:25:22 - [MESSAGE][PASSED] - Text 'saraadmin' is set on object 'Object Repository/Login/input_USUARIO_loginusuario'

2022-03-09 12:25:22 - [TEST_STEP][PASSED] - setEncryptedText(findTestObject("Login/input_CLAVE_loginpassword"), "MkG4/TYiCFC3cb2driP7+Q=="): Text ****** has been set on object 'Object Repository/Login/input_CLAVE_loginpassword'

2022-03-09 12:25:23 - [MESSAGE][PASSED] - Text ****** has been set on object 'Object Repository/Login/input_CLAVE_loginpassword'

2022-03-09 12:25:23 - [TEST_STEP][PASSED] - waitForElementClickable(findTestObject("Login/a_Ingresar"), G_TimeOut): Object 'Object Repository/Login/a_Ingresar' is clickable

2022-03-09 12:25:23 - [MESSAGE][PASSED] - Object 'Object Repository/Login/a_Ingresar' is clickable

2022-03-09 12:25:23 - [TEST_STEP][PASSED] - click(findTestObject("Login/a_Ingresar")): Object: 'Object Repository/Login/a_Ingresar' is clicked on

2022-03-09 12:25:25 - [MESSAGE][PASSED] - Object: 'Object Repository/Login/a_Ingresar' is clicked on

2022-03-09 12:25:25 - [TEST_STEP][PASSED] - element = findWebElement(findTestObject("Login/a_Ir"), 30): null

2022-03-09 12:25:25 - [TEST_STEP][PASSED] - executeJavaScript("arguments[0].click()", Arrays.asList(element)): Execute JavaScript 'arguments[0].click()' successfully

2022-03-09 12:25:25 - [MESSAGE][PASSED] - Execute JavaScript 'arguments[0].click()' successfully

2022-03-09 12:25:25 - [MESSAGE][PASSED] - Call Test Case 'Test Cases/0.1-Login' successfully

2022-03-09 12:25:25 - [TEST_STEP][PASSED] - delay(2): Delayed 2 second(s)

2022-03-09 12:25:27 - [MESSAGE][PASSED] - Delayed 2 second(s)

2022-03-09 12:25:27 - [TEST_STEP][PASSED] - setText(findTestObject("Modulo Tarea Administracion Compensacion/Tarea Seguridad Social/input_Ir_nav_t66_input"), "Seguridad Social"): Text 'Seguridad Social' is set on object 'Object Repository/Modulo Tarea Administracion Compensacion/Tarea Seguridad Social/input_Ir_nav_t66_input'

2022-03-09 12:25:28 - [MESSAGE][PASSED] - Text 'Seguridad Social' is set on object 'Object Repository/Modulo Tarea Administracion Compensacion/Tarea Seguridad Social/input_Ir_nav_t66_input'

2022-03-09 12:25:28 - [TEST_STEP][PASSED] - delay(2): Delayed 2 second(s)

2022-03-09 12:25:30 - [MESSAGE][PASSED] - Delayed 2 second(s)

2022-03-09 12:25:30 - [TEST_STEP][PASSED] - sendKeys(findTestObject("Modulo Tarea Administracion Compensacion/Tarea Seguridad Social/input_Ir_nav_t66_input"), Keys.chord(ENTER)): Keys 'ENTER + ' sent to object: 'Object Repository/Modulo Tarea Administracion Compensacion/Tarea Seguridad Social/input_Ir_nav_t66_input'

2022-03-09 12:25:30 - [MESSAGE][PASSED] - Keys 'ENTER + ' sent to object: 'Object Repository/Modulo Tarea Administracion Compensacion/Tarea Seguridad Social/input_Ir_nav_t66_input'

2022-03-09 12:25:30 - [MESSAGE][PASSED] - Call Test Case 'Test Cases/Utilidades-(atajos_para _tareas)/Tareas Administracion Compensacion/Tarea Seguridad Social' successfully

2022-03-09 12:25:30 - [TEST_STEP][PASSED] - waitForElementClickable(findTestObject("Modulo Tarea Administracion Compensacion/Archivo Cargue Operador/td_Planilla Empleados Empresa"), 0): Object 'Object Repository/Modulo Tarea Administracion Compensacion/Archivo Cargue Operador/td_Planilla Empleados Empresa' is clickable

2022-03-09 12:25:31 - [MESSAGE][WARNING] - Timeout '0' is invalid. Using default page load timeout: '30'

2022-03-09 12:25:32 - [MESSAGE][PASSED] - Object 'Object Repository/Modulo Tarea Administracion Compensacion/Archivo Cargue Operador/td_Planilla Empleados Empresa' is clickable

2022-03-09 12:25:32 - [TEST_STEP][PASSED] - click(findTestObject("Modulo Tarea Administracion Compensacion/Archivo Cargue Operador/td_Planilla Empleados Empresa")): Object: 'Object Repository/Modulo Tarea Administracion Compensacion/Archivo Cargue Operador/td_Planilla Empleados Empresa' is clicked on

2022-03-09 12:25:32 - [MESSAGE][PASSED] - Object: 'Object Repository/Modulo Tarea Administracion Compensacion/Archivo Cargue Operador/td_Planilla Empleados Empresa' is clicked on

2022-03-09 12:25:32 - [TEST_STEP][PASSED] - click(findTestObject("Modulo Tarea Administracion Compensacion/Archivo Cargue Operador/a_Archivo_")): Object: 'Object Repository/Modulo Tarea Administracion Compensacion/Archivo Cargue Operador/a_Archivo_' is clicked on

2022-03-09 12:25:33 - [MESSAGE][PASSED] - Object: 'Object Repository/Modulo Tarea Administracion Compensacion/Archivo Cargue Operador/a_Archivo_' is clicked on

2022-03-09 12:25:33 - [TEST_STEP][PASSED] - click(findTestObject("Modulo Tarea Administracion Compensacion/Archivo Cargue Operador/a_Archivo_1")): Object: 'Object Repository/Modulo Tarea Administracion Compensacion/Archivo Cargue Operador/a_Archivo_1' is clicked on

2022-03-09 12:25:34 - [MESSAGE][PASSED] - Object: 'Object Repository/Modulo Tarea Administracion Compensacion/Archivo Cargue Operador/a_Archivo_1' is clicked on

2022-03-09 12:25:34 - [TEST_STEP][PASSED] - closeBrowser(): Browser is closed

2022-03-09 12:25:35 - [MESSAGE][PASSED] - Browser is closed]]></system-out>
         <system-err><![CDATA[]]></system-err>
      </testcase>
      <testcase name="Test Cases/1.1-Tareas Principales/1.4.1-Liquidacion_de_contrato" time="52.345" classname="Test Cases/1.1-Tareas Principales/1.4.1-Liquidacion_de_contrato" status="PASSED">
         <system-out><![CDATA[2022-03-09 12:25:35 - [TEST_CASE][PASSED] - Test Cases/1.1-Tareas Principales/1.4.1-Liquidacion_de_contrato: Test Cases/1.1-Tareas Principales/1.4.1-Liquidacion_de_contrato

2022-03-09 12:25:35 - [TEST_STEP][PASSED] - callTestCase(findTestCase("Utilidades-(atajos_para _tareas)/Tareas Administracion Compensacion/Tarea Listado Empleados"), [:], STOP_ON_FAILURE): Call Test Case 'Test Cases/Utilidades-(atajos_para _tareas)/Tareas Administracion Compensacion/Tarea Listado Empleados' successfully

2022-03-09 12:25:35 - [TEST_CASE][PASSED] - Test Cases/Utilidades-(atajos_para _tareas)/Tareas Administracion Compensacion/Tarea Listado Empleados: Test Cases/Utilidades-(atajos_para _tareas)/Tareas Administracion Compensacion/Tarea Listado Empleados

2022-03-09 12:25:35 - [TEST_STEP][PASSED] - callTestCase(findTestCase("0.1-Login"), [:], STOP_ON_FAILURE): Call Test Case 'Test Cases/0.1-Login' successfully

2022-03-09 12:25:36 - [TEST_CASE][PASSED] - Test Cases/0.1-Login: Test Cases/0.1-Login

2022-03-09 12:25:36 - [TEST_STEP][PASSED] - openBrowser(""): Browser is opened with url: ''

2022-03-09 12:25:36 - [MESSAGE][INFO] - Starting 'Chrome' driver

2022-03-09 12:25:36 - [MESSAGE][INFO] - Action delay is set to 0 milliseconds

2022-03-09 12:25:38 - [MESSAGE][PASSED] - Browser is opened with url: ''

2022-03-09 12:25:38 - [TEST_STEP][PASSED] - maximizeWindow(): Current window maximized

2022-03-09 12:25:38 - [MESSAGE][PASSED] - Current window maximized

2022-03-09 12:25:38 - [TEST_STEP][PASSED] - i = G_Login: null

2022-03-09 12:25:38 - [TEST_STEP][PASSED] - url = new java.net.URL(i): null

2022-03-09 12:25:38 - [TEST_STEP][PASSED] - println("URL: " + url.toString()): null

2022-03-09 12:25:38 - [TEST_STEP][PASSED] - connection = url.openConnection(): null

2022-03-09 12:25:38 - [TEST_STEP][PASSED] - connection.setRequestMethod("GET"): null

2022-03-09 12:25:38 - [TEST_STEP][PASSED] - connection.setReadTimeout(2 * 1000): null

2022-03-09 12:25:38 - [TEST_STEP][PASSED] - try: null

2022-03-09 12:25:38 - [TEST_STEP][PASSED] - connection.connect(): null

2022-03-09 12:25:38 - [TEST_STEP][PASSED] - flag = connected: null

2022-03-09 12:25:38 - [TEST_STEP][PASSED] - println("Valor_ori: " + flag): null

2022-03-09 12:25:38 - [TEST_STEP][PASSED] - if (flag): null

2022-03-09 12:25:38 - [TEST_STEP][PASSED] - navigateToUrl(i): Navigate to 'http://192.168.2.80:8380/saraweb' successfully

2022-03-09 12:25:38 - [MESSAGE][PASSED] - Navigate to 'http://192.168.2.80:8380/saraweb' successfully

2022-03-09 12:25:38 - [TEST_STEP][PASSED] - a(): null

2022-03-09 12:25:38 - [TEST_STEP][PASSED] - setText(findTestObject("Login/input_USUARIO_loginusuario"), G_Usuario): Text 'saraadmin' is set on object 'Object Repository/Login/input_USUARIO_loginusuario'

2022-03-09 12:25:39 - [MESSAGE][PASSED] - Text 'saraadmin' is set on object 'Object Repository/Login/input_USUARIO_loginusuario'

2022-03-09 12:25:39 - [TEST_STEP][PASSED] - setEncryptedText(findTestObject("Login/input_CLAVE_loginpassword"), "MkG4/TYiCFC3cb2driP7+Q=="): Text ****** has been set on object 'Object Repository/Login/input_CLAVE_loginpassword'

2022-03-09 12:25:40 - [MESSAGE][PASSED] - Text ****** has been set on object 'Object Repository/Login/input_CLAVE_loginpassword'

2022-03-09 12:25:40 - [TEST_STEP][PASSED] - waitForElementClickable(findTestObject("Login/a_Ingresar"), G_TimeOut): Object 'Object Repository/Login/a_Ingresar' is clickable

2022-03-09 12:25:40 - [MESSAGE][PASSED] - Object 'Object Repository/Login/a_Ingresar' is clickable

2022-03-09 12:25:40 - [TEST_STEP][PASSED] - click(findTestObject("Login/a_Ingresar")): Object: 'Object Repository/Login/a_Ingresar' is clicked on

2022-03-09 12:25:41 - [MESSAGE][PASSED] - Object: 'Object Repository/Login/a_Ingresar' is clicked on

2022-03-09 12:25:41 - [TEST_STEP][PASSED] - element = findWebElement(findTestObject("Login/a_Ir"), 30): null

2022-03-09 12:25:41 - [TEST_STEP][PASSED] - executeJavaScript("arguments[0].click()", Arrays.asList(element)): Execute JavaScript 'arguments[0].click()' successfully

2022-03-09 12:25:41 - [MESSAGE][PASSED] - Execute JavaScript 'arguments[0].click()' successfully

2022-03-09 12:25:41 - [MESSAGE][PASSED] - Call Test Case 'Test Cases/0.1-Login' successfully

2022-03-09 12:25:41 - [TEST_STEP][PASSED] - setText(findTestObject("Modulo Tarea Listado Hojas de Vida/Tareas Listado Hojas de Vida/input_Listado Hojas De Vida_form_templatej_idt24_input"), "Listado de Empleados"): Text 'Listado de Empleados' is set on object 'Object Repository/Modulo Tarea Listado Hojas de Vida/Tareas Listado Hojas de Vida/input_Listado Hojas De Vida_form_templatej_idt24_input'

2022-03-09 12:25:43 - [MESSAGE][PASSED] - Text 'Listado de Empleados' is set on object 'Object Repository/Modulo Tarea Listado Hojas de Vida/Tareas Listado Hojas de Vida/input_Listado Hojas De Vida_form_templatej_idt24_input'

2022-03-09 12:25:43 - [TEST_STEP][PASSED] - delay(3): Delayed 3 second(s)

2022-03-09 12:25:46 - [MESSAGE][PASSED] - Delayed 3 second(s)

2022-03-09 12:25:46 - [TEST_STEP][PASSED] - sendKeys(findTestObject("Modulo Tarea Listado Hojas de Vida/Tareas Listado Hojas de Vida/input_Listado Hojas De Vida_form_templatej_idt24_input"), Keys.chord(ENTER)): Keys 'ENTER + ' sent to object: 'Object Repository/Modulo Tarea Listado Hojas de Vida/Tareas Listado Hojas de Vida/input_Listado Hojas De Vida_form_templatej_idt24_input'

2022-03-09 12:25:46 - [MESSAGE][PASSED] - Keys 'ENTER + ' sent to object: 'Object Repository/Modulo Tarea Listado Hojas de Vida/Tareas Listado Hojas de Vida/input_Listado Hojas De Vida_form_templatej_idt24_input'

2022-03-09 12:25:46 - [MESSAGE][PASSED] - Call Test Case 'Test Cases/Utilidades-(atajos_para _tareas)/Tareas Administracion Compensacion/Tarea Listado Empleados' successfully

2022-03-09 12:25:46 - [TEST_STEP][PASSED] - waitForElementClickable(findTestObject("Modulo Tarea Administracion Compensacion/Liquidar Conceptos y Variables/input_Identificacin_listadoEmp"), 0): Object 'Object Repository/Modulo Tarea Administracion Compensacion/Liquidar Conceptos y Variables/input_Identificacin_listadoEmp' is clickable

2022-03-09 12:25:46 - [MESSAGE][WARNING] - Timeout '0' is invalid. Using default page load timeout: '30'

2022-03-09 12:25:49 - [MESSAGE][PASSED] - Object 'Object Repository/Modulo Tarea Administracion Compensacion/Liquidar Conceptos y Variables/input_Identificacin_listadoEmp' is clickable

2022-03-09 12:25:49 - [TEST_STEP][PASSED] - setText(findTestObject("Modulo Tarea Administracion Compensacion/Liquidar Conceptos y Variables/input_Identificacin_listadoEmp"), "10154472"): Text '10154472' is set on object 'Object Repository/Modulo Tarea Administracion Compensacion/Liquidar Conceptos y Variables/input_Identificacin_listadoEmp'

2022-03-09 12:25:49 - [MESSAGE][PASSED] - Text '10154472' is set on object 'Object Repository/Modulo Tarea Administracion Compensacion/Liquidar Conceptos y Variables/input_Identificacin_listadoEmp'

2022-03-09 12:25:49 - [TEST_STEP][PASSED] - sendKeys(findTestObject("Modulo Tarea Administracion Compensacion/Liquidar Conceptos y Variables/input_Identificacin_listadoEmp"), Keys.chord(ENTER)): Keys 'ENTER + ' sent to object: 'Object Repository/Modulo Tarea Administracion Compensacion/Liquidar Conceptos y Variables/input_Identificacin_listadoEmp'

2022-03-09 12:25:50 - [MESSAGE][PASSED] - Keys 'ENTER + ' sent to object: 'Object Repository/Modulo Tarea Administracion Compensacion/Liquidar Conceptos y Variables/input_Identificacin_listadoEmp'

2022-03-09 12:25:50 - [TEST_STEP][PASSED] - waitForElementClickable(findTestObject("Modulo Tarea Administracion Compensacion/Liquidar Conceptos y Variables/span_CONSTA BELFEGORD JHON"), G_TimeOut): Object 'Object Repository/Modulo Tarea Administracion Compensacion/Liquidar Conceptos y Variables/span_CONSTA BELFEGORD JHON' is clickable

2022-03-09 12:25:51 - [MESSAGE][PASSED] - Object 'Object Repository/Modulo Tarea Administracion Compensacion/Liquidar Conceptos y Variables/span_CONSTA BELFEGORD JHON' is clickable

2022-03-09 12:25:51 - [TEST_STEP][PASSED] - click(findTestObject("Modulo Tarea Administracion Compensacion/Liquidar Conceptos y Variables/span_CONSTA BELFEGORD JHON")): Object: 'Object Repository/Modulo Tarea Administracion Compensacion/Liquidar Conceptos y Variables/span_CONSTA BELFEGORD JHON' is clicked on

2022-03-09 12:25:51 - [MESSAGE][PASSED] - Object: 'Object Repository/Modulo Tarea Administracion Compensacion/Liquidar Conceptos y Variables/span_CONSTA BELFEGORD JHON' is clicked on

2022-03-09 12:25:51 - [TEST_STEP][PASSED] - waitForElementClickable(findTestObject("Modulo Tarea Administracion Compensacion/Liquidar Conceptos y Variables/a_Terminar Contrato"), G_TimeOut): Object 'Object Repository/Modulo Tarea Administracion Compensacion/Liquidar Conceptos y Variables/a_Terminar Contrato' is clickable

2022-03-09 12:25:52 - [MESSAGE][PASSED] - Object 'Object Repository/Modulo Tarea Administracion Compensacion/Liquidar Conceptos y Variables/a_Terminar Contrato' is clickable

2022-03-09 12:25:52 - [TEST_STEP][PASSED] - click(findTestObject("Modulo Tarea Administracion Compensacion/Liquidar Conceptos y Variables/a_Terminar Contrato")): Object: 'Object Repository/Modulo Tarea Administracion Compensacion/Liquidar Conceptos y Variables/a_Terminar Contrato' is clicked on

2022-03-09 12:25:52 - [MESSAGE][PASSED] - Object: 'Object Repository/Modulo Tarea Administracion Compensacion/Liquidar Conceptos y Variables/a_Terminar Contrato' is clicked on

2022-03-09 12:25:52 - [TEST_STEP][PASSED] - waitForElementClickable(findTestObject("Modulo Tarea Administracion Compensacion/Liquidar Conceptos y Variables/span_Liquidar"), G_TimeOut): Object 'Object Repository/Modulo Tarea Administracion Compensacion/Liquidar Conceptos y Variables/span_Liquidar' is clickable

2022-03-09 12:25:53 - [MESSAGE][PASSED] - Object 'Object Repository/Modulo Tarea Administracion Compensacion/Liquidar Conceptos y Variables/span_Liquidar' is clickable

2022-03-09 12:25:53 - [TEST_STEP][PASSED] - click(findTestObject("Modulo Tarea Administracion Compensacion/Liquidar Conceptos y Variables/span_Liquidar")): Object: 'Object Repository/Modulo Tarea Administracion Compensacion/Liquidar Conceptos y Variables/span_Liquidar' is clicked on

2022-03-09 12:25:53 - [MESSAGE][PASSED] - Object: 'Object Repository/Modulo Tarea Administracion Compensacion/Liquidar Conceptos y Variables/span_Liquidar' is clicked on

2022-03-09 12:25:53 - [TEST_STEP][PASSED] - setText(findTestObject("Modulo Tarea Administracion Compensacion/Liquidar Conceptos y Variables/input_Fecha de Retiro_cancelac"), "31/07/2021"): Text '31/07/2021' is set on object 'Object Repository/Modulo Tarea Administracion Compensacion/Liquidar Conceptos y Variables/input_Fecha de Retiro_cancelac'

2022-03-09 12:25:54 - [MESSAGE][PASSED] - Text '31/07/2021' is set on object 'Object Repository/Modulo Tarea Administracion Compensacion/Liquidar Conceptos y Variables/input_Fecha de Retiro_cancelac'

2022-03-09 12:25:54 - [TEST_STEP][PASSED] - click(findTestObject("Modulo Tarea Administracion Compensacion/Liquidar Conceptos y Variables/span_Motivo de Retiro")): Object: 'Object Repository/Modulo Tarea Administracion Compensacion/Liquidar Conceptos y Variables/span_Motivo de Retiro' is clicked on

2022-03-09 12:25:55 - [MESSAGE][PASSED] - Object: 'Object Repository/Modulo Tarea Administracion Compensacion/Liquidar Conceptos y Variables/span_Motivo de Retiro' is clicked on

2022-03-09 12:25:55 - [TEST_STEP][PASSED] - selectOptionByIndex(findTestObject("Modulo Tarea Administracion Compensacion/Liquidar Conceptos y Variables/select_-- Seleccione --SUSTITU"), "1"): All options with index in [1] are selected on object 'Object Repository/Modulo Tarea Administracion Compensacion/Liquidar Conceptos y Variables/select_-- Seleccione --SUSTITU'

2022-03-09 12:25:56 - [MESSAGE][PASSED] - All options with index in [1] are selected on object 'Object Repository/Modulo Tarea Administracion Compensacion/Liquidar Conceptos y Variables/select_-- Seleccione --SUSTITU'

2022-03-09 12:25:56 - [TEST_STEP][PASSED] - selectOptionByIndex(findTestObject("Modulo Tarea Administracion Compensacion/Liquidar Conceptos y Variables/select_---SELECCIONE ---Direct"), "1"): All options with index in [1] are selected on object 'Object Repository/Modulo Tarea Administracion Compensacion/Liquidar Conceptos y Variables/select_---SELECCIONE ---Direct'

2022-03-09 12:25:58 - [MESSAGE][PASSED] - All options with index in [1] are selected on object 'Object Repository/Modulo Tarea Administracion Compensacion/Liquidar Conceptos y Variables/select_---SELECCIONE ---Direct'

2022-03-09 12:25:58 - [TEST_STEP][PASSED] - setText(findTestObject("Modulo Tarea Administracion Compensacion/Liquidar Conceptos y Variables/input_Fecha Pago_cancelacion_c"), "31/07/2021"): Text '31/07/2021' is set on object 'Object Repository/Modulo Tarea Administracion Compensacion/Liquidar Conceptos y Variables/input_Fecha Pago_cancelacion_c'

2022-03-09 12:25:59 - [MESSAGE][PASSED] - Text '31/07/2021' is set on object 'Object Repository/Modulo Tarea Administracion Compensacion/Liquidar Conceptos y Variables/input_Fecha Pago_cancelacion_c'

2022-03-09 12:25:59 - [TEST_STEP][PASSED] - click(findTestObject("Modulo Tarea Administracion Compensacion/Liquidar Conceptos y Variables/span_Calculo Nomina")): Object: 'Object Repository/Modulo Tarea Administracion Compensacion/Liquidar Conceptos y Variables/span_Calculo Nomina' is clicked on

2022-03-09 12:25:59 - [MESSAGE][PASSED] - Object: 'Object Repository/Modulo Tarea Administracion Compensacion/Liquidar Conceptos y Variables/span_Calculo Nomina' is clicked on

2022-03-09 12:25:59 - [TEST_STEP][PASSED] - if (waitForElementVisible(findTestObject("Modulo Tarea Administracion Compensacion/Liquidar Conceptos y Variables/select_-- Seleccione --comprob"), 1)): Web element with id: 'Object Repository/Modulo Tarea Administracion Compensacion/Liquidar Conceptos y Variables/select_-- Seleccione --comprob' located by '//select[@id='cancelacion_contrato:tipoComprobante']' not found

2022-03-09 12:26:01 - [MESSAGE][INFO] - Unable to find the element located by 'By.xpath: //select[@id='cancelacion_contrato:tipoComprobante']'. Please recheck the objects properties to make sure the desired element is located. 

2022-03-09 12:26:01 - [MESSAGE][WARNING] - Web element with id: 'Object Repository/Modulo Tarea Administracion Compensacion/Liquidar Conceptos y Variables/select_-- Seleccione --comprob' located by '//select[@id='cancelacion_contrato:tipoComprobante']' not found

2022-03-09 12:26:01 - [TEST_STEP][PASSED] - click(findTestObject("Modulo Tarea Administracion Compensacion/Liquidar Conceptos y Variables/a_Nuevo0")): Object: 'Object Repository/Modulo Tarea Administracion Compensacion/Liquidar Conceptos y Variables/a_Nuevo0' is clicked on

2022-03-09 12:26:02 - [MESSAGE][PASSED] - Object: 'Object Repository/Modulo Tarea Administracion Compensacion/Liquidar Conceptos y Variables/a_Nuevo0' is clicked on

2022-03-09 12:26:02 - [TEST_STEP][PASSED] - click(findTestObject("Modulo Tarea Administracion Compensacion/Liquidar Conceptos y Variables/span_SALARIO BASICO")): Object: 'Object Repository/Modulo Tarea Administracion Compensacion/Liquidar Conceptos y Variables/span_SALARIO BASICO' is clicked on

2022-03-09 12:26:03 - [MESSAGE][PASSED] - Object: 'Object Repository/Modulo Tarea Administracion Compensacion/Liquidar Conceptos y Variables/span_SALARIO BASICO' is clicked on

2022-03-09 12:26:03 - [TEST_STEP][PASSED] - click(findTestObject("Modulo Tarea Administracion Compensacion/Liquidar Conceptos y Variables/a_Guardar0")): Object: 'Object Repository/Modulo Tarea Administracion Compensacion/Liquidar Conceptos y Variables/a_Guardar0' is clicked on

2022-03-09 12:26:03 - [MESSAGE][PASSED] - Object: 'Object Repository/Modulo Tarea Administracion Compensacion/Liquidar Conceptos y Variables/a_Guardar0' is clicked on

2022-03-09 12:26:03 - [TEST_STEP][PASSED] - click(findTestObject("Modulo Tarea Administracion Compensacion/Liquidar Conceptos y Variables/a_Variable")): Object: 'Object Repository/Modulo Tarea Administracion Compensacion/Liquidar Conceptos y Variables/a_Variable' is clicked on

2022-03-09 12:26:04 - [MESSAGE][PASSED] - Object: 'Object Repository/Modulo Tarea Administracion Compensacion/Liquidar Conceptos y Variables/a_Variable' is clicked on

2022-03-09 12:26:04 - [TEST_STEP][PASSED] - click(findTestObject("Modulo Tarea Administracion Compensacion/Liquidar Conceptos y Variables/a_Nuevo_variable")): Object: 'Object Repository/Modulo Tarea Administracion Compensacion/Liquidar Conceptos y Variables/a_Nuevo_variable' is clicked on

2022-03-09 12:26:05 - [MESSAGE][PASSED] - Object: 'Object Repository/Modulo Tarea Administracion Compensacion/Liquidar Conceptos y Variables/a_Nuevo_variable' is clicked on

2022-03-09 12:26:05 - [TEST_STEP][PASSED] - click(findTestObject("Modulo Tarea Administracion Compensacion/Liquidar Conceptos y Variables/a_Variable_popupVariablaPeriodo_formj_idt777")): Object: 'Object Repository/Modulo Tarea Administracion Compensacion/Liquidar Conceptos y Variables/a_Variable_popupVariablaPeriodo_formj_idt777' is clicked on

2022-03-09 12:26:06 - [MESSAGE][PASSED] - Object: 'Object Repository/Modulo Tarea Administracion Compensacion/Liquidar Conceptos y Variables/a_Variable_popupVariablaPeriodo_formj_idt777' is clicked on

2022-03-09 12:26:06 - [TEST_STEP][PASSED] - click(findTestObject("Modulo Tarea Administracion Compensacion/Liquidar Conceptos y Variables/span_APLICA PAGO PRIMA VACACIONES")): Object: 'Object Repository/Modulo Tarea Administracion Compensacion/Liquidar Conceptos y Variables/span_APLICA PAGO PRIMA VACACIONES' is clicked on

2022-03-09 12:26:08 - [MESSAGE][PASSED] - Object: 'Object Repository/Modulo Tarea Administracion Compensacion/Liquidar Conceptos y Variables/span_APLICA PAGO PRIMA VACACIONES' is clicked on

2022-03-09 12:26:08 - [TEST_STEP][PASSED] - setText(findTestObject("Modulo Tarea Administracion Compensacion/Liquidar Conceptos y Variables/input_Valor_popupVariablaPeriodo_formvalorMostrar"), "200000"): Text '200000' is set on object 'Object Repository/Modulo Tarea Administracion Compensacion/Liquidar Conceptos y Variables/input_Valor_popupVariablaPeriodo_formvalorMostrar'

2022-03-09 12:26:09 - [MESSAGE][PASSED] - Text '200000' is set on object 'Object Repository/Modulo Tarea Administracion Compensacion/Liquidar Conceptos y Variables/input_Valor_popupVariablaPeriodo_formvalorMostrar'

2022-03-09 12:26:09 - [TEST_STEP][PASSED] - click(findTestObject("Modulo Tarea Administracion Compensacion/Liquidar Conceptos y Variables/a_Guardar1")): Object: 'Object Repository/Modulo Tarea Administracion Compensacion/Liquidar Conceptos y Variables/a_Guardar1' is clicked on

2022-03-09 12:26:10 - [MESSAGE][PASSED] - Object: 'Object Repository/Modulo Tarea Administracion Compensacion/Liquidar Conceptos y Variables/a_Guardar1' is clicked on

2022-03-09 12:26:10 - [TEST_STEP][PASSED] - click(findTestObject("Modulo Tarea Administracion Compensacion/Liquidar Conceptos y Variables/a_Novedad Fecha")): Object: 'Object Repository/Modulo Tarea Administracion Compensacion/Liquidar Conceptos y Variables/a_Novedad Fecha' is clicked on

2022-03-09 12:26:11 - [MESSAGE][PASSED] - Object: 'Object Repository/Modulo Tarea Administracion Compensacion/Liquidar Conceptos y Variables/a_Novedad Fecha' is clicked on

2022-03-09 12:26:11 - [TEST_STEP][PASSED] - click(findTestObject("Modulo Tarea Administracion Compensacion/Liquidar Conceptos y Variables/a_Nuevo1")): Object: 'Object Repository/Modulo Tarea Administracion Compensacion/Liquidar Conceptos y Variables/a_Nuevo1' is clicked on

2022-03-09 12:26:11 - [MESSAGE][PASSED] - Object: 'Object Repository/Modulo Tarea Administracion Compensacion/Liquidar Conceptos y Variables/a_Nuevo1' is clicked on

2022-03-09 12:26:11 - [TEST_STEP][PASSED] - click(findTestObject("Modulo Tarea Administracion Compensacion/Liquidar Conceptos y Variables/a_Variable_variableFechaPeriodo_formj_idt200")): Object: 'Object Repository/Modulo Tarea Administracion Compensacion/Liquidar Conceptos y Variables/a_Variable_variableFechaPeriodo_formj_idt200' is clicked on

2022-03-09 12:26:12 - [MESSAGE][PASSED] - Object: 'Object Repository/Modulo Tarea Administracion Compensacion/Liquidar Conceptos y Variables/a_Variable_variableFechaPeriodo_formj_idt200' is clicked on

2022-03-09 12:26:12 - [TEST_STEP][PASSED] - click(findTestObject("Modulo Tarea Administracion Compensacion/Liquidar Conceptos y Variables/span_FLEX - AUXILIO MONET")): Object: 'Object Repository/Modulo Tarea Administracion Compensacion/Liquidar Conceptos y Variables/span_FLEX - AUXILIO MONET' is clicked on

2022-03-09 12:26:13 - [MESSAGE][PASSED] - Object: 'Object Repository/Modulo Tarea Administracion Compensacion/Liquidar Conceptos y Variables/span_FLEX - AUXILIO MONET' is clicked on

2022-03-09 12:26:13 - [TEST_STEP][PASSED] - setText(findTestObject("Modulo Tarea Administracion Compensacion/Liquidar Conceptos y Variables/input_Base_variableFechaPeriodo_formcantidadFecha_input"), "01/06/2021"): Text '01/06/2021' is set on object 'Object Repository/Modulo Tarea Administracion Compensacion/Liquidar Conceptos y Variables/input_Base_variableFechaPeriodo_formcantidadFecha_input'

2022-03-09 12:26:15 - [MESSAGE][PASSED] - Text '01/06/2021' is set on object 'Object Repository/Modulo Tarea Administracion Compensacion/Liquidar Conceptos y Variables/input_Base_variableFechaPeriodo_formcantidadFecha_input'

2022-03-09 12:26:15 - [TEST_STEP][PASSED] - sendKeys(findTestObject("Modulo Tarea Administracion Compensacion/Liquidar Conceptos y Variables/input_Base_variableFechaPeriodo_formcantidadFecha_input"), Keys.chord(ESCAPE)): Keys 'ESCAPE + ' sent to object: 'Object Repository/Modulo Tarea Administracion Compensacion/Liquidar Conceptos y Variables/input_Base_variableFechaPeriodo_formcantidadFecha_input'

2022-03-09 12:26:15 - [MESSAGE][PASSED] - Keys 'ESCAPE + ' sent to object: 'Object Repository/Modulo Tarea Administracion Compensacion/Liquidar Conceptos y Variables/input_Base_variableFechaPeriodo_formcantidadFecha_input'

2022-03-09 12:26:15 - [TEST_STEP][PASSED] - setText(findTestObject("Modulo Tarea Administracion Compensacion/Liquidar Conceptos y Variables/input_Valor_variableFechaPeriodo_formvalor"), "100000"): Text '100000' is set on object 'Object Repository/Modulo Tarea Administracion Compensacion/Liquidar Conceptos y Variables/input_Valor_variableFechaPeriodo_formvalor'

2022-03-09 12:26:16 - [MESSAGE][PASSED] - Text '100000' is set on object 'Object Repository/Modulo Tarea Administracion Compensacion/Liquidar Conceptos y Variables/input_Valor_variableFechaPeriodo_formvalor'

2022-03-09 12:26:16 - [TEST_STEP][PASSED] - setText(findTestObject("Modulo Tarea Administracion Compensacion/Liquidar Conceptos y Variables/input_Presupuestal_variableFechaPeriodo_formpresupuestal"), "100000"): Text '100000' is set on object 'Object Repository/Modulo Tarea Administracion Compensacion/Liquidar Conceptos y Variables/input_Presupuestal_variableFechaPeriodo_formpresupuestal'

2022-03-09 12:26:17 - [MESSAGE][PASSED] - Text '100000' is set on object 'Object Repository/Modulo Tarea Administracion Compensacion/Liquidar Conceptos y Variables/input_Presupuestal_variableFechaPeriodo_formpresupuestal'

2022-03-09 12:26:17 - [TEST_STEP][PASSED] - setText(findTestObject("Modulo Tarea Administracion Compensacion/Liquidar Conceptos y Variables/textarea_Observacin_variableFechaPeriodo_formobservacion"), "pruebas k"): Text 'pruebas k' is set on object 'Object Repository/Modulo Tarea Administracion Compensacion/Liquidar Conceptos y Variables/textarea_Observacin_variableFechaPeriodo_formobservacion'

2022-03-09 12:26:18 - [MESSAGE][PASSED] - Text 'pruebas k' is set on object 'Object Repository/Modulo Tarea Administracion Compensacion/Liquidar Conceptos y Variables/textarea_Observacin_variableFechaPeriodo_formobservacion'

2022-03-09 12:26:18 - [TEST_STEP][PASSED] - click(findTestObject("Modulo Tarea Administracion Compensacion/Liquidar Conceptos y Variables/a_Guardar2")): Object: 'Object Repository/Modulo Tarea Administracion Compensacion/Liquidar Conceptos y Variables/a_Guardar2' is clicked on

2022-03-09 12:26:18 - [MESSAGE][PASSED] - Object: 'Object Repository/Modulo Tarea Administracion Compensacion/Liquidar Conceptos y Variables/a_Guardar2' is clicked on

2022-03-09 12:26:18 - [TEST_STEP][PASSED] - click(findTestObject("Modulo Tarea Administracion Compensacion/Liquidar Conceptos y Variables/a_Concepto")): Object: 'Object Repository/Modulo Tarea Administracion Compensacion/Liquidar Conceptos y Variables/a_Concepto' is clicked on

2022-03-09 12:26:19 - [MESSAGE][PASSED] - Object: 'Object Repository/Modulo Tarea Administracion Compensacion/Liquidar Conceptos y Variables/a_Concepto' is clicked on

2022-03-09 12:26:19 - [TEST_STEP][PASSED] - click(findTestObject("Modulo Tarea Administracion Compensacion/Liquidar Conceptos y Variables/a_Prestaciones Sociales")): Object: 'Object Repository/Modulo Tarea Administracion Compensacion/Liquidar Conceptos y Variables/a_Prestaciones Sociales' is clicked on

2022-03-09 12:26:20 - [MESSAGE][PASSED] - Object: 'Object Repository/Modulo Tarea Administracion Compensacion/Liquidar Conceptos y Variables/a_Prestaciones Sociales' is clicked on

2022-03-09 12:26:20 - [TEST_STEP][PASSED] - click(findTestObject("Modulo Tarea Administracion Compensacion/Liquidar Conceptos y Variables/span_Si")): Object: 'Object Repository/Modulo Tarea Administracion Compensacion/Liquidar Conceptos y Variables/span_Si' is clicked on

2022-03-09 12:26:20 - [MESSAGE][PASSED] - Object: 'Object Repository/Modulo Tarea Administracion Compensacion/Liquidar Conceptos y Variables/span_Si' is clicked on

2022-03-09 12:26:20 - [TEST_STEP][PASSED] - click(findTestObject("Modulo Tarea Administracion Compensacion/Liquidar Conceptos y Variables/a_Reporte")): Object: 'Object Repository/Modulo Tarea Administracion Compensacion/Liquidar Conceptos y Variables/a_Reporte' is clicked on

2022-03-09 12:26:24 - [MESSAGE][PASSED] - Object: 'Object Repository/Modulo Tarea Administracion Compensacion/Liquidar Conceptos y Variables/a_Reporte' is clicked on

2022-03-09 12:26:24 - [TEST_STEP][PASSED] - waitForElementPresent(findTestObject("Modulo Tarea Administracion Compensacion/Liquidar Conceptos y Variables/a_Regresar"), 0): Object 'Object Repository/Modulo Tarea Administracion Compensacion/Liquidar Conceptos y Variables/a_Regresar' is present

2022-03-09 12:26:24 - [MESSAGE][WARNING] - Timeout '0' is invalid. Using default page load timeout: '30'

2022-03-09 12:26:25 - [MESSAGE][PASSED] - Object 'Object Repository/Modulo Tarea Administracion Compensacion/Liquidar Conceptos y Variables/a_Regresar' is present

2022-03-09 12:26:25 - [TEST_STEP][PASSED] - click(findTestObject("Modulo Tarea Administracion Compensacion/Liquidar Conceptos y Variables/a_Regresar")): Object: 'Object Repository/Modulo Tarea Administracion Compensacion/Liquidar Conceptos y Variables/a_Regresar' is clicked on

2022-03-09 12:26:25 - [MESSAGE][PASSED] - Object: 'Object Repository/Modulo Tarea Administracion Compensacion/Liquidar Conceptos y Variables/a_Regresar' is clicked on

2022-03-09 12:26:25 - [TEST_STEP][PASSED] - closeBrowser(): Browser is closed

2022-03-09 12:26:27 - [MESSAGE][PASSED] - Browser is closed]]></system-out>
         <system-err><![CDATA[]]></system-err>
      </testcase>
      <testcase name="Test Cases/1.1-Tareas Principales/1.4.2-Acto Retiro Empleado" time="65.698" classname="Test Cases/1.1-Tareas Principales/1.4.2-Acto Retiro Empleado" status="FAILED">
         <failure type="FAILED" message="Test Cases/1.1-Tareas Principales/1.4.2-Acto Retiro Empleado FAILED.
Reason:
com.kms.katalon.core.exception.StepFailedException: Unable to click on object 'Object Repository/Modulo Tarea Actos Administrativos/Acto Retiro Empleado/a_Aceptar0'
	at com.kms.katalon.core.webui.keyword.internal.WebUIKeywordMain.stepFailed(WebUIKeywordMain.groovy:64)
	at com.kms.katalon.core.webui.keyword.internal.WebUIKeywordMain.runKeyword(WebUIKeywordMain.groovy:26)
	at com.kms.katalon.core.webui.keyword.builtin.ClickKeyword.click(ClickKeyword.groovy:74)
	at com.kms.katalon.core.webui.keyword.builtin.ClickKeyword.execute(ClickKeyword.groovy:40)
	at com.kms.katalon.core.keyword.internal.KeywordExecutor.executeKeywordForPlatform(KeywordExecutor.groovy:74)
	at com.kms.katalon.core.webui.keyword.WebUiBuiltInKeywords.click(WebUiBuiltInKeywords.groovy:620)
	at com.kms.katalon.core.webui.keyword.WebUiBuiltInKeywords$click$5.call(Unknown Source)
	at 1.4.2-Acto Retiro Empleado.run(1.4.2-Acto Retiro Empleado:77)
	at com.kms.katalon.core.main.ScriptEngine.run(ScriptEngine.java:194)
	at com.kms.katalon.core.main.ScriptEngine.runScriptAsRawText(ScriptEngine.java:119)
	at com.kms.katalon.core.main.TestCaseExecutor.runScript(TestCaseExecutor.java:442)
	at com.kms.katalon.core.main.TestCaseExecutor.doExecute(TestCaseExecutor.java:433)
	at com.kms.katalon.core.main.TestCaseExecutor.processExecutionPhase(TestCaseExecutor.java:412)
	at com.kms.katalon.core.main.TestCaseExecutor.accessMainPhase(TestCaseExecutor.java:404)
	at com.kms.katalon.core.main.TestCaseExecutor.execute(TestCaseExecutor.java:281)
	at com.kms.katalon.core.main.TestSuiteExecutor.accessTestCaseMainPhase(TestSuiteExecutor.java:202)
	at com.kms.katalon.core.main.TestSuiteExecutor.accessTestSuiteMainPhase(TestSuiteExecutor.java:164)
	at com.kms.katalon.core.main.TestSuiteExecutor.execute(TestSuiteExecutor.java:105)
	at com.kms.katalon.core.main.TestCaseMain.startTestSuite(TestCaseMain.java:185)
	at com.kms.katalon.core.main.TestCaseMain$startTestSuite$0.call(Unknown Source)
	at TempTestSuite1646845129657.run(TempTestSuite1646845129657.groovy:36)
Caused by: com.kms.katalon.core.webui.exception.WebElementNotFoundException: Web element with id: 'Object Repository/Modulo Tarea Actos Administrativos/Acto Retiro Empleado/a_Aceptar0' located by '//a[contains(text(),'Aceptar')]' not found
	at com.kms.katalon.core.webui.common.WebUiCommonHelper.findWebElement(WebUiCommonHelper.java:1370)
	at com.kms.katalon.core.webui.keyword.internal.WebUIAbstractKeyword.findWebElement(WebUIAbstractKeyword.groovy:27)
	at com.kms.katalon.core.webui.keyword.builtin.ClickKeyword$_click_closure1.doCall(ClickKeyword.groovy:65)
	at com.kms.katalon.core.webui.keyword.builtin.ClickKeyword$_click_closure1.call(ClickKeyword.groovy)
	at com.kms.katalon.core.webui.keyword.internal.WebUIKeywordMain.runKeyword(WebUIKeywordMain.groovy:20)
	... 19 more
"/>
         <system-out><![CDATA[2022-03-09 12:26:27 - [TEST_CASE][FAILED] - Test Cases/1.1-Tareas Principales/1.4.2-Acto Retiro Empleado: Test Cases/1.1-Tareas Principales/1.4.2-Acto Retiro Empleado FAILED.
Reason:
com.kms.katalon.core.exception.StepFailedException: Unable to click on object 'Object Repository/Modulo Tarea Actos Administrativos/Acto Retiro Empleado/a_Aceptar0'
	at com.kms.katalon.core.webui.keyword.internal.WebUIKeywordMain.stepFailed(WebUIKeywordMain.groovy:64)
	at com.kms.katalon.core.webui.keyword.internal.WebUIKeywordMain.runKeyword(WebUIKeywordMain.groovy:26)
	at com.kms.katalon.core.webui.keyword.builtin.ClickKeyword.click(ClickKeyword.groovy:74)
	at com.kms.katalon.core.webui.keyword.builtin.ClickKeyword.execute(ClickKeyword.groovy:40)
	at com.kms.katalon.core.keyword.internal.KeywordExecutor.executeKeywordForPlatform(KeywordExecutor.groovy:74)
	at com.kms.katalon.core.webui.keyword.WebUiBuiltInKeywords.click(WebUiBuiltInKeywords.groovy:620)
	at com.kms.katalon.core.webui.keyword.WebUiBuiltInKeywords$click$5.call(Unknown Source)
	at 1.4.2-Acto Retiro Empleado.run(1.4.2-Acto Retiro Empleado:77)
	at com.kms.katalon.core.main.ScriptEngine.run(ScriptEngine.java:194)
	at com.kms.katalon.core.main.ScriptEngine.runScriptAsRawText(ScriptEngine.java:119)
	at com.kms.katalon.core.main.TestCaseExecutor.runScript(TestCaseExecutor.java:442)
	at com.kms.katalon.core.main.TestCaseExecutor.doExecute(TestCaseExecutor.java:433)
	at com.kms.katalon.core.main.TestCaseExecutor.processExecutionPhase(TestCaseExecutor.java:412)
	at com.kms.katalon.core.main.TestCaseExecutor.accessMainPhase(TestCaseExecutor.java:404)
	at com.kms.katalon.core.main.TestCaseExecutor.execute(TestCaseExecutor.java:281)
	at com.kms.katalon.core.main.TestSuiteExecutor.accessTestCaseMainPhase(TestSuiteExecutor.java:202)
	at com.kms.katalon.core.main.TestSuiteExecutor.accessTestSuiteMainPhase(TestSuiteExecutor.java:164)
	at com.kms.katalon.core.main.TestSuiteExecutor.execute(TestSuiteExecutor.java:105)
	at com.kms.katalon.core.main.TestCaseMain.startTestSuite(TestCaseMain.java:185)
	at com.kms.katalon.core.main.TestCaseMain$startTestSuite$0.call(Unknown Source)
	at TempTestSuite1646845129657.run(TempTestSuite1646845129657.groovy:36)
Caused by: com.kms.katalon.core.webui.exception.WebElementNotFoundException: Web element with id: 'Object Repository/Modulo Tarea Actos Administrativos/Acto Retiro Empleado/a_Aceptar0' located by '//a[contains(text(),'Aceptar')]' not found
	at com.kms.katalon.core.webui.common.WebUiCommonHelper.findWebElement(WebUiCommonHelper.java:1370)
	at com.kms.katalon.core.webui.keyword.internal.WebUIAbstractKeyword.findWebElement(WebUIAbstractKeyword.groovy:27)
	at com.kms.katalon.core.webui.keyword.builtin.ClickKeyword$_click_closure1.doCall(ClickKeyword.groovy:65)
	at com.kms.katalon.core.webui.keyword.builtin.ClickKeyword$_click_closure1.call(ClickKeyword.groovy)
	at com.kms.katalon.core.webui.keyword.internal.WebUIKeywordMain.runKeyword(WebUIKeywordMain.groovy:20)
	... 19 more


2022-03-09 12:26:28 - [TEST_STEP][PASSED] - callTestCase(findTestCase("Utilidades-(atajos_para _tareas)/Tareas Actos Administrativos/Tarea Actos Administrativos"), [:], STOP_ON_FAILURE): Call Test Case 'Test Cases/Utilidades-(atajos_para _tareas)/Tareas Actos Administrativos/Tarea Actos Administrativos' successfully

2022-03-09 12:26:28 - [TEST_CASE][PASSED] - Test Cases/Utilidades-(atajos_para _tareas)/Tareas Actos Administrativos/Tarea Actos Administrativos: Test Cases/Utilidades-(atajos_para _tareas)/Tareas Actos Administrativos/Tarea Actos Administrativos

2022-03-09 12:26:28 - [TEST_STEP][PASSED] - callTestCase(findTestCase("0.1-Login"), [:], STOP_ON_FAILURE): Call Test Case 'Test Cases/0.1-Login' successfully

2022-03-09 12:26:28 - [TEST_CASE][PASSED] - Test Cases/0.1-Login: Test Cases/0.1-Login

2022-03-09 12:26:28 - [TEST_STEP][PASSED] - openBrowser(""): Browser is opened with url: ''

2022-03-09 12:26:28 - [MESSAGE][INFO] - Starting 'Chrome' driver

2022-03-09 12:26:28 - [MESSAGE][INFO] - Action delay is set to 0 milliseconds

2022-03-09 12:26:30 - [MESSAGE][PASSED] - Browser is opened with url: ''

2022-03-09 12:26:30 - [TEST_STEP][PASSED] - maximizeWindow(): Current window maximized

2022-03-09 12:26:31 - [MESSAGE][PASSED] - Current window maximized

2022-03-09 12:26:31 - [TEST_STEP][PASSED] - i = G_Login: null

2022-03-09 12:26:31 - [TEST_STEP][PASSED] - url = new java.net.URL(i): null

2022-03-09 12:26:31 - [TEST_STEP][PASSED] - println("URL: " + url.toString()): null

2022-03-09 12:26:31 - [TEST_STEP][PASSED] - connection = url.openConnection(): null

2022-03-09 12:26:31 - [TEST_STEP][PASSED] - connection.setRequestMethod("GET"): null

2022-03-09 12:26:31 - [TEST_STEP][PASSED] - connection.setReadTimeout(2 * 1000): null

2022-03-09 12:26:31 - [TEST_STEP][PASSED] - try: null

2022-03-09 12:26:31 - [TEST_STEP][PASSED] - connection.connect(): null

2022-03-09 12:26:31 - [TEST_STEP][PASSED] - flag = connected: null

2022-03-09 12:26:31 - [TEST_STEP][PASSED] - println("Valor_ori: " + flag): null

2022-03-09 12:26:31 - [TEST_STEP][PASSED] - if (flag): null

2022-03-09 12:26:31 - [TEST_STEP][PASSED] - navigateToUrl(i): Navigate to 'http://192.168.2.80:8380/saraweb' successfully

2022-03-09 12:26:32 - [MESSAGE][PASSED] - Navigate to 'http://192.168.2.80:8380/saraweb' successfully

2022-03-09 12:26:32 - [TEST_STEP][PASSED] - a(): null

2022-03-09 12:26:32 - [TEST_STEP][PASSED] - setText(findTestObject("Login/input_USUARIO_loginusuario"), G_Usuario): Text 'saraadmin' is set on object 'Object Repository/Login/input_USUARIO_loginusuario'

2022-03-09 12:26:32 - [MESSAGE][PASSED] - Text 'saraadmin' is set on object 'Object Repository/Login/input_USUARIO_loginusuario'

2022-03-09 12:26:32 - [TEST_STEP][PASSED] - setEncryptedText(findTestObject("Login/input_CLAVE_loginpassword"), "MkG4/TYiCFC3cb2driP7+Q=="): Text ****** has been set on object 'Object Repository/Login/input_CLAVE_loginpassword'

2022-03-09 12:26:33 - [MESSAGE][PASSED] - Text ****** has been set on object 'Object Repository/Login/input_CLAVE_loginpassword'

2022-03-09 12:26:33 - [TEST_STEP][PASSED] - waitForElementClickable(findTestObject("Login/a_Ingresar"), G_TimeOut): Object 'Object Repository/Login/a_Ingresar' is clickable

2022-03-09 12:26:33 - [MESSAGE][PASSED] - Object 'Object Repository/Login/a_Ingresar' is clickable

2022-03-09 12:26:33 - [TEST_STEP][PASSED] - click(findTestObject("Login/a_Ingresar")): Object: 'Object Repository/Login/a_Ingresar' is clicked on

2022-03-09 12:26:35 - [MESSAGE][PASSED] - Object: 'Object Repository/Login/a_Ingresar' is clicked on

2022-03-09 12:26:35 - [TEST_STEP][PASSED] - element = findWebElement(findTestObject("Login/a_Ir"), 30): null

2022-03-09 12:26:36 - [TEST_STEP][PASSED] - executeJavaScript("arguments[0].click()", Arrays.asList(element)): Execute JavaScript 'arguments[0].click()' successfully

2022-03-09 12:26:36 - [MESSAGE][PASSED] - Execute JavaScript 'arguments[0].click()' successfully

2022-03-09 12:26:36 - [MESSAGE][PASSED] - Call Test Case 'Test Cases/0.1-Login' successfully

2022-03-09 12:26:36 - [TEST_STEP][PASSED] - waitForElementClickable(findTestObject("Modulo Tarea Actos Administrativos/Tarea Actos Administrativos/input_ADMINISTRADOR DEL SISTEMA"), G_TimeOut): Object 'Object Repository/Modulo Tarea Actos Administrativos/Tarea Actos Administrativos/input_ADMINISTRADOR DEL SISTEMA' is clickable

2022-03-09 12:26:37 - [MESSAGE][PASSED] - Object 'Object Repository/Modulo Tarea Actos Administrativos/Tarea Actos Administrativos/input_ADMINISTRADOR DEL SISTEMA' is clickable

2022-03-09 12:26:37 - [TEST_STEP][PASSED] - setText(findTestObject("Modulo Tarea Actos Administrativos/Tarea Actos Administrativos/input_ADMINISTRADOR DEL SISTEMA"), "Actos Administrativos"): Text 'Actos Administrativos' is set on object 'Object Repository/Modulo Tarea Actos Administrativos/Tarea Actos Administrativos/input_ADMINISTRADOR DEL SISTEMA'

2022-03-09 12:26:38 - [MESSAGE][PASSED] - Text 'Actos Administrativos' is set on object 'Object Repository/Modulo Tarea Actos Administrativos/Tarea Actos Administrativos/input_ADMINISTRADOR DEL SISTEMA'

2022-03-09 12:26:38 - [TEST_STEP][PASSED] - delay(3): Delayed 3 second(s)

2022-03-09 12:26:41 - [MESSAGE][PASSED] - Delayed 3 second(s)

2022-03-09 12:26:41 - [TEST_STEP][PASSED] - sendKeys(findTestObject("Modulo Tarea Actos Administrativos/Tarea Actos Administrativos/input_ADMINISTRADOR DEL SISTEMA"), Keys.chord(ENTER)): Keys 'ENTER + ' sent to object: 'Object Repository/Modulo Tarea Actos Administrativos/Tarea Actos Administrativos/input_ADMINISTRADOR DEL SISTEMA'

2022-03-09 12:26:42 - [MESSAGE][PASSED] - Keys 'ENTER + ' sent to object: 'Object Repository/Modulo Tarea Actos Administrativos/Tarea Actos Administrativos/input_ADMINISTRADOR DEL SISTEMA'

2022-03-09 12:26:42 - [MESSAGE][PASSED] - Call Test Case 'Test Cases/Utilidades-(atajos_para _tareas)/Tareas Actos Administrativos/Tarea Actos Administrativos' successfully

2022-03-09 12:26:42 - [TEST_STEP][PASSED] - waitForElementClickable(findTestObject("Modulo Tarea Actos Administrativos/Acto Retiro Empleado/i_Acto Movimento de planta_gly"), G_TimeOut): Object 'Object Repository/Modulo Tarea Actos Administrativos/Acto Retiro Empleado/i_Acto Movimento de planta_gly' is clickable

2022-03-09 12:26:43 - [MESSAGE][PASSED] - Object 'Object Repository/Modulo Tarea Actos Administrativos/Acto Retiro Empleado/i_Acto Movimento de planta_gly' is clickable

2022-03-09 12:26:43 - [TEST_STEP][PASSED] - click(findTestObject("Modulo Tarea Actos Administrativos/Acto Retiro Empleado/i_Acto Movimento de planta_gly")): Object: 'Object Repository/Modulo Tarea Actos Administrativos/Acto Retiro Empleado/i_Acto Movimento de planta_gly' is clicked on

2022-03-09 12:26:44 - [MESSAGE][PASSED] - Object: 'Object Repository/Modulo Tarea Actos Administrativos/Acto Retiro Empleado/i_Acto Movimento de planta_gly' is clicked on

2022-03-09 12:26:44 - [TEST_STEP][PASSED] - waitForElementClickable(findTestObject("Modulo Tarea Actos Administrativos/Acto Retiro Empleado/a_Actos de Retiro del empleado"), G_TimeOut): Object 'Object Repository/Modulo Tarea Actos Administrativos/Acto Retiro Empleado/a_Actos de Retiro del empleado' is clickable

2022-03-09 12:26:45 - [MESSAGE][PASSED] - Object 'Object Repository/Modulo Tarea Actos Administrativos/Acto Retiro Empleado/a_Actos de Retiro del empleado' is clickable

2022-03-09 12:26:45 - [TEST_STEP][PASSED] - click(findTestObject("Modulo Tarea Actos Administrativos/Acto Retiro Empleado/a_Actos de Retiro del empleado")): Object: 'Object Repository/Modulo Tarea Actos Administrativos/Acto Retiro Empleado/a_Actos de Retiro del empleado' is clicked on

2022-03-09 12:26:45 - [MESSAGE][PASSED] - Object: 'Object Repository/Modulo Tarea Actos Administrativos/Acto Retiro Empleado/a_Actos de Retiro del empleado' is clicked on

2022-03-09 12:26:45 - [TEST_STEP][PASSED] - waitForElementClickable(findTestObject("Modulo Tarea Actos Administrativos/Acto Retiro Empleado/span_terminacion de contrato"), G_TimeOut): Object 'Object Repository/Modulo Tarea Actos Administrativos/Acto Retiro Empleado/span_terminacion de contrato' is clickable

2022-03-09 12:26:46 - [MESSAGE][PASSED] - Object 'Object Repository/Modulo Tarea Actos Administrativos/Acto Retiro Empleado/span_terminacion de contrato' is clickable

2022-03-09 12:26:46 - [TEST_STEP][PASSED] - click(findTestObject("Modulo Tarea Actos Administrativos/Acto Retiro Empleado/span_terminacion de contrato")): Object: 'Object Repository/Modulo Tarea Actos Administrativos/Acto Retiro Empleado/span_terminacion de contrato' is clicked on

2022-03-09 12:26:47 - [MESSAGE][PASSED] - Object: 'Object Repository/Modulo Tarea Actos Administrativos/Acto Retiro Empleado/span_terminacion de contrato' is clicked on

2022-03-09 12:26:47 - [TEST_STEP][PASSED] - waitForElementClickable(findTestObject("Modulo Tarea Actos Administrativos/Acto Retiro Empleado/a_Elaboracin_form_popupSeleccionDerogarj_idt134"), G_TimeOut): Object 'Object Repository/Modulo Tarea Actos Administrativos/Acto Retiro Empleado/a_Elaboracin_form_popupSeleccionDerogarj_idt134' is clickable

2022-03-09 12:26:47 - [MESSAGE][PASSED] - Object 'Object Repository/Modulo Tarea Actos Administrativos/Acto Retiro Empleado/a_Elaboracin_form_popupSeleccionDerogarj_idt134' is clickable

2022-03-09 12:26:47 - [TEST_STEP][PASSED] - click(findTestObject("Modulo Tarea Actos Administrativos/Acto Retiro Empleado/a_Elaboracin_form_popupSeleccionDerogarj_idt134")): Object: 'Object Repository/Modulo Tarea Actos Administrativos/Acto Retiro Empleado/a_Elaboracin_form_popupSeleccionDerogarj_idt134' is clicked on

2022-03-09 12:26:48 - [MESSAGE][PASSED] - Object: 'Object Repository/Modulo Tarea Actos Administrativos/Acto Retiro Empleado/a_Elaboracin_form_popupSeleccionDerogarj_idt134' is clicked on

2022-03-09 12:26:48 - [TEST_STEP][PASSED] - waitForElementClickable(findTestObject("Modulo Tarea Actos Administrativos/Acto Retiro Empleado/a_Identificacin_form_actoAusentismoj_idt1208"), G_TimeOut): Object 'Object Repository/Modulo Tarea Actos Administrativos/Acto Retiro Empleado/a_Identificacin_form_actoAusentismoj_idt1208' is clickable

2022-03-09 12:26:49 - [MESSAGE][PASSED] - Object 'Object Repository/Modulo Tarea Actos Administrativos/Acto Retiro Empleado/a_Identificacin_form_actoAusentismoj_idt1208' is clickable

2022-03-09 12:26:49 - [TEST_STEP][PASSED] - click(findTestObject("Modulo Tarea Actos Administrativos/Acto Retiro Empleado/a_Identificacin_form_actoAusentismoj_idt1208")): Object: 'Object Repository/Modulo Tarea Actos Administrativos/Acto Retiro Empleado/a_Identificacin_form_actoAusentismoj_idt1208' is clicked on

2022-03-09 12:26:50 - [MESSAGE][PASSED] - Object: 'Object Repository/Modulo Tarea Actos Administrativos/Acto Retiro Empleado/a_Identificacin_form_actoAusentismoj_idt1208' is clicked on

2022-03-09 12:26:50 - [TEST_STEP][PASSED] - setText(findTestObject("Modulo Tarea Actos Administrativos/Acto Retiro Empleado/input_Filtro Empleado_form_actoAusentismoj_idt1434"), "66666"): Text '66666' is set on object 'Object Repository/Modulo Tarea Actos Administrativos/Acto Retiro Empleado/input_Filtro Empleado_form_actoAusentismoj_idt1434'

2022-03-09 12:26:51 - [MESSAGE][PASSED] - Text '66666' is set on object 'Object Repository/Modulo Tarea Actos Administrativos/Acto Retiro Empleado/input_Filtro Empleado_form_actoAusentismoj_idt1434'

2022-03-09 12:26:51 - [TEST_STEP][PASSED] - delay(1): Delayed 1 second(s)

2022-03-09 12:26:52 - [MESSAGE][PASSED] - Delayed 1 second(s)

2022-03-09 12:26:52 - [TEST_STEP][PASSED] - sendKeys(findTestObject("Modulo Tarea Actos Administrativos/Acto Retiro Empleado/input_Filtro Empleado_form_actoAusentismoj_idt1434"), Keys.chord(ENTER)): Keys 'ENTER + ' sent to object: 'Object Repository/Modulo Tarea Actos Administrativos/Acto Retiro Empleado/input_Filtro Empleado_form_actoAusentismoj_idt1434'

2022-03-09 12:26:53 - [MESSAGE][PASSED] - Keys 'ENTER + ' sent to object: 'Object Repository/Modulo Tarea Actos Administrativos/Acto Retiro Empleado/input_Filtro Empleado_form_actoAusentismoj_idt1434'

2022-03-09 12:26:53 - [TEST_STEP][PASSED] - waitForElementClickable(findTestObject("Modulo Tarea Actos Administrativos/Acto Retiro Empleado/span_SALGADO PAULA"), G_TimeOut): Object 'Object Repository/Modulo Tarea Actos Administrativos/Acto Retiro Empleado/span_SALGADO PAULA' is clickable

2022-03-09 12:26:54 - [MESSAGE][PASSED] - Object 'Object Repository/Modulo Tarea Actos Administrativos/Acto Retiro Empleado/span_SALGADO PAULA' is clickable

2022-03-09 12:26:54 - [TEST_STEP][PASSED] - click(findTestObject("Modulo Tarea Actos Administrativos/Acto Retiro Empleado/span_SALGADO PAULA")): Object: 'Object Repository/Modulo Tarea Actos Administrativos/Acto Retiro Empleado/span_SALGADO PAULA' is clicked on

2022-03-09 12:26:55 - [MESSAGE][PASSED] - Object: 'Object Repository/Modulo Tarea Actos Administrativos/Acto Retiro Empleado/span_SALGADO PAULA' is clicked on

2022-03-09 12:26:55 - [TEST_STEP][PASSED] - waitForElementClickable(findTestObject("Modulo Tarea Actos Administrativos/Acto Retiro Empleado/a_Continuar"), G_TimeOut): Object 'Object Repository/Modulo Tarea Actos Administrativos/Acto Retiro Empleado/a_Continuar' is clickable

2022-03-09 12:26:56 - [MESSAGE][PASSED] - Object 'Object Repository/Modulo Tarea Actos Administrativos/Acto Retiro Empleado/a_Continuar' is clickable

2022-03-09 12:26:56 - [TEST_STEP][PASSED] - click(findTestObject("Modulo Tarea Actos Administrativos/Acto Retiro Empleado/a_Continuar")): Object: 'Object Repository/Modulo Tarea Actos Administrativos/Acto Retiro Empleado/a_Continuar' is clicked on

2022-03-09 12:26:56 - [MESSAGE][PASSED] - Object: 'Object Repository/Modulo Tarea Actos Administrativos/Acto Retiro Empleado/a_Continuar' is clicked on

2022-03-09 12:26:56 - [TEST_STEP][PASSED] - setText(findTestObject("Modulo Tarea Actos Administrativos/Acto Retiro Empleado/input__form_actoAusentismoj_id"), "31/12/2018"): Text '31/12/2018' is set on object 'Object Repository/Modulo Tarea Actos Administrativos/Acto Retiro Empleado/input__form_actoAusentismoj_id'

2022-03-09 12:26:58 - [MESSAGE][PASSED] - Text '31/12/2018' is set on object 'Object Repository/Modulo Tarea Actos Administrativos/Acto Retiro Empleado/input__form_actoAusentismoj_id'

2022-03-09 12:26:58 - [TEST_STEP][PASSED] - waitForElementClickable(findTestObject("Modulo Tarea Actos Administrativos/Acto Retiro Empleado/a_Continuar_1"), G_TimeOut): Object 'Object Repository/Modulo Tarea Actos Administrativos/Acto Retiro Empleado/a_Continuar_1' is clickable

2022-03-09 12:26:58 - [MESSAGE][PASSED] - Object 'Object Repository/Modulo Tarea Actos Administrativos/Acto Retiro Empleado/a_Continuar_1' is clickable

2022-03-09 12:26:58 - [TEST_STEP][PASSED] - click(findTestObject("Modulo Tarea Actos Administrativos/Acto Retiro Empleado/a_Continuar_1")): Object: 'Object Repository/Modulo Tarea Actos Administrativos/Acto Retiro Empleado/a_Continuar_1' is clicked on

2022-03-09 12:26:59 - [MESSAGE][PASSED] - Object: 'Object Repository/Modulo Tarea Actos Administrativos/Acto Retiro Empleado/a_Continuar_1' is clicked on

2022-03-09 12:26:59 - [TEST_STEP][PASSED] - waitForElementClickable(findTestObject("Modulo Tarea Actos Administrativos/Acto Retiro Empleado/a_Aplicar"), G_TimeOut): Object 'Object Repository/Modulo Tarea Actos Administrativos/Acto Retiro Empleado/a_Aplicar' is clickable

2022-03-09 12:27:00 - [MESSAGE][PASSED] - Object 'Object Repository/Modulo Tarea Actos Administrativos/Acto Retiro Empleado/a_Aplicar' is clickable

2022-03-09 12:27:00 - [TEST_STEP][PASSED] - click(findTestObject("Modulo Tarea Actos Administrativos/Acto Retiro Empleado/a_Aplicar")): Object: 'Object Repository/Modulo Tarea Actos Administrativos/Acto Retiro Empleado/a_Aplicar' is clicked on

2022-03-09 12:27:01 - [MESSAGE][PASSED] - Object: 'Object Repository/Modulo Tarea Actos Administrativos/Acto Retiro Empleado/a_Aplicar' is clicked on

2022-03-09 12:27:01 - [TEST_STEP][PASSED] - click(findTestObject("Modulo Tarea Actos Administrativos/Acto Retiro Empleado/span_Si")): Object: 'Object Repository/Modulo Tarea Actos Administrativos/Acto Retiro Empleado/span_Si' is clicked on

2022-03-09 12:27:02 - [MESSAGE][PASSED] - Object: 'Object Repository/Modulo Tarea Actos Administrativos/Acto Retiro Empleado/span_Si' is clicked on

2022-03-09 12:27:02 - [TEST_STEP][FAILED] - click(findTestObject("Modulo Tarea Actos Administrativos/Acto Retiro Empleado/a_Aceptar0")): Unable to click on object 'Object Repository/Modulo Tarea Actos Administrativos/Acto Retiro Empleado/a_Aceptar0' (Root cause: com.kms.katalon.core.exception.StepFailedException: Unable to click on object 'Object Repository/Modulo Tarea Actos Administrativos/Acto Retiro Empleado/a_Aceptar0'
	at com.kms.katalon.core.webui.keyword.internal.WebUIKeywordMain.stepFailed(WebUIKeywordMain.groovy:64)
	at com.kms.katalon.core.webui.keyword.internal.WebUIKeywordMain.runKeyword(WebUIKeywordMain.groovy:26)
	at com.kms.katalon.core.webui.keyword.builtin.ClickKeyword.click(ClickKeyword.groovy:74)
	at com.kms.katalon.core.webui.keyword.builtin.ClickKeyword.execute(ClickKeyword.groovy:40)
	at com.kms.katalon.core.keyword.internal.KeywordExecutor.executeKeywordForPlatform(KeywordExecutor.groovy:74)
	at com.kms.katalon.core.webui.keyword.WebUiBuiltInKeywords.click(WebUiBuiltInKeywords.groovy:620)
	at com.kms.katalon.core.webui.keyword.WebUiBuiltInKeywords$click$5.call(Unknown Source)
	at 1.4.2-Acto Retiro Empleado.run(1.4.2-Acto Retiro Empleado:77)
	at com.kms.katalon.core.main.ScriptEngine.run(ScriptEngine.java:194)
	at com.kms.katalon.core.main.ScriptEngine.runScriptAsRawText(ScriptEngine.java:119)
	at com.kms.katalon.core.main.TestCaseExecutor.runScript(TestCaseExecutor.java:442)
	at com.kms.katalon.core.main.TestCaseExecutor.doExecute(TestCaseExecutor.java:433)
	at com.kms.katalon.core.main.TestCaseExecutor.processExecutionPhase(TestCaseExecutor.java:412)
	at com.kms.katalon.core.main.TestCaseExecutor.accessMainPhase(TestCaseExecutor.java:404)
	at com.kms.katalon.core.main.TestCaseExecutor.execute(TestCaseExecutor.java:281)
	at com.kms.katalon.core.main.TestSuiteExecutor.accessTestCaseMainPhase(TestSuiteExecutor.java:202)
	at com.kms.katalon.core.main.TestSuiteExecutor.accessTestSuiteMainPhase(TestSuiteExecutor.java:164)
	at com.kms.katalon.core.main.TestSuiteExecutor.execute(TestSuiteExecutor.java:105)
	at com.kms.katalon.core.main.TestCaseMain.startTestSuite(TestCaseMain.java:185)
	at com.kms.katalon.core.main.TestCaseMain$startTestSuite$0.call(Unknown Source)
	at TempTestSuite1646845129657.run(TempTestSuite1646845129657.groovy:36)
Caused by: com.kms.katalon.core.webui.exception.WebElementNotFoundException: Web element with id: 'Object Repository/Modulo Tarea Actos Administrativos/Acto Retiro Empleado/a_Aceptar0' located by '//a[contains(text(),'Aceptar')]' not found
	at com.kms.katalon.core.webui.common.WebUiCommonHelper.findWebElement(WebUiCommonHelper.java:1370)
	at com.kms.katalon.core.webui.keyword.internal.WebUIAbstractKeyword.findWebElement(WebUIAbstractKeyword.groovy:27)
	at com.kms.katalon.core.webui.keyword.builtin.ClickKeyword$_click_closure1.doCall(ClickKeyword.groovy:65)
	at com.kms.katalon.core.webui.keyword.builtin.ClickKeyword$_click_closure1.call(ClickKeyword.groovy)
	at com.kms.katalon.core.webui.keyword.internal.WebUIKeywordMain.runKeyword(WebUIKeywordMain.groovy:20)
	at com.kms.katalon.core.webui.keyword.builtin.ClickKeyword.click(ClickKeyword.groovy:74)
	at com.kms.katalon.core.webui.keyword.builtin.ClickKeyword.execute(ClickKeyword.groovy:40)
	at com.kms.katalon.core.keyword.internal.KeywordExecutor.executeKeywordForPlatform(KeywordExecutor.groovy:74)
	at com.kms.katalon.core.webui.keyword.WebUiBuiltInKeywords.click(WebUiBuiltInKeywords.groovy:620)
	at com.kms.katalon.core.webui.keyword.WebUiBuiltInKeywords$click$5.call(Unknown Source)
	at Script1548866366037.run(Script1548866366037.groovy:77)
	... 13 more
)

2022-03-09 12:27:33 - [MESSAGE][INFO] - Unable to find the element located by 'By.xpath: //a[contains(text(),'Aceptar')]'. Please recheck the objects properties to make sure the desired element is located. 

2022-03-09 12:27:33 - [MESSAGE][FAILED] - Unable to click on object 'Object Repository/Modulo Tarea Actos Administrativos/Acto Retiro Empleado/a_Aceptar0' (Root cause: com.kms.katalon.core.exception.StepFailedException: Unable to click on object 'Object Repository/Modulo Tarea Actos Administrativos/Acto Retiro Empleado/a_Aceptar0'
	at com.kms.katalon.core.webui.keyword.internal.WebUIKeywordMain.stepFailed(WebUIKeywordMain.groovy:64)
	at com.kms.katalon.core.webui.keyword.internal.WebUIKeywordMain.runKeyword(WebUIKeywordMain.groovy:26)
	at com.kms.katalon.core.webui.keyword.builtin.ClickKeyword.click(ClickKeyword.groovy:74)
	at com.kms.katalon.core.webui.keyword.builtin.ClickKeyword.execute(ClickKeyword.groovy:40)
	at com.kms.katalon.core.keyword.internal.KeywordExecutor.executeKeywordForPlatform(KeywordExecutor.groovy:74)
	at com.kms.katalon.core.webui.keyword.WebUiBuiltInKeywords.click(WebUiBuiltInKeywords.groovy:620)
	at com.kms.katalon.core.webui.keyword.WebUiBuiltInKeywords$click$5.call(Unknown Source)
	at 1.4.2-Acto Retiro Empleado.run(1.4.2-Acto Retiro Empleado:77)
	at com.kms.katalon.core.main.ScriptEngine.run(ScriptEngine.java:194)
	at com.kms.katalon.core.main.ScriptEngine.runScriptAsRawText(ScriptEngine.java:119)
	at com.kms.katalon.core.main.TestCaseExecutor.runScript(TestCaseExecutor.java:442)
	at com.kms.katalon.core.main.TestCaseExecutor.doExecute(TestCaseExecutor.java:433)
	at com.kms.katalon.core.main.TestCaseExecutor.processExecutionPhase(TestCaseExecutor.java:412)
	at com.kms.katalon.core.main.TestCaseExecutor.accessMainPhase(TestCaseExecutor.java:404)
	at com.kms.katalon.core.main.TestCaseExecutor.execute(TestCaseExecutor.java:281)
	at com.kms.katalon.core.main.TestSuiteExecutor.accessTestCaseMainPhase(TestSuiteExecutor.java:202)
	at com.kms.katalon.core.main.TestSuiteExecutor.accessTestSuiteMainPhase(TestSuiteExecutor.java:164)
	at com.kms.katalon.core.main.TestSuiteExecutor.execute(TestSuiteExecutor.java:105)
	at com.kms.katalon.core.main.TestCaseMain.startTestSuite(TestCaseMain.java:185)
	at com.kms.katalon.core.main.TestCaseMain$startTestSuite$0.call(Unknown Source)
	at TempTestSuite1646845129657.run(TempTestSuite1646845129657.groovy:36)
Caused by: com.kms.katalon.core.webui.exception.WebElementNotFoundException: Web element with id: 'Object Repository/Modulo Tarea Actos Administrativos/Acto Retiro Empleado/a_Aceptar0' located by '//a[contains(text(),'Aceptar')]' not found
	at com.kms.katalon.core.webui.common.WebUiCommonHelper.findWebElement(WebUiCommonHelper.java:1370)
	at com.kms.katalon.core.webui.keyword.internal.WebUIAbstractKeyword.findWebElement(WebUIAbstractKeyword.groovy:27)
	at com.kms.katalon.core.webui.keyword.builtin.ClickKeyword$_click_closure1.doCall(ClickKeyword.groovy:65)
	at com.kms.katalon.core.webui.keyword.builtin.ClickKeyword$_click_closure1.call(ClickKeyword.groovy)
	at com.kms.katalon.core.webui.keyword.internal.WebUIKeywordMain.runKeyword(WebUIKeywordMain.groovy:20)
	at com.kms.katalon.core.webui.keyword.builtin.ClickKeyword.click(ClickKeyword.groovy:74)
	at com.kms.katalon.core.webui.keyword.builtin.ClickKeyword.execute(ClickKeyword.groovy:40)
	at com.kms.katalon.core.keyword.internal.KeywordExecutor.executeKeywordForPlatform(KeywordExecutor.groovy:74)
	at com.kms.katalon.core.webui.keyword.WebUiBuiltInKeywords.click(WebUiBuiltInKeywords.groovy:620)
	at com.kms.katalon.core.webui.keyword.WebUiBuiltInKeywords$click$5.call(Unknown Source)
	at Script1548866366037.run(Script1548866366037.groovy:77)
	... 13 more
)
[[ATTACHMENT|C:\\Users\\diego.rojas\\git\\Pruebas-Minimas\\Reports\\20220309_115823\\1-Tareas Principales\\20220309_115849\\1646846853330.png]]]]></system-out>
         <system-err><![CDATA[2022-03-09 12:26:27 - [TEST_CASE][FAILED] - Test Cases/1.1-Tareas Principales/1.4.2-Acto Retiro Empleado: Test Cases/1.1-Tareas Principales/1.4.2-Acto Retiro Empleado FAILED.
Reason:
com.kms.katalon.core.exception.StepFailedException: Unable to click on object 'Object Repository/Modulo Tarea Actos Administrativos/Acto Retiro Empleado/a_Aceptar0'
	at com.kms.katalon.core.webui.keyword.internal.WebUIKeywordMain.stepFailed(WebUIKeywordMain.groovy:64)
	at com.kms.katalon.core.webui.keyword.internal.WebUIKeywordMain.runKeyword(WebUIKeywordMain.groovy:26)
	at com.kms.katalon.core.webui.keyword.builtin.ClickKeyword.click(ClickKeyword.groovy:74)
	at com.kms.katalon.core.webui.keyword.builtin.ClickKeyword.execute(ClickKeyword.groovy:40)
	at com.kms.katalon.core.keyword.internal.KeywordExecutor.executeKeywordForPlatform(KeywordExecutor.groovy:74)
	at com.kms.katalon.core.webui.keyword.WebUiBuiltInKeywords.click(WebUiBuiltInKeywords.groovy:620)
	at com.kms.katalon.core.webui.keyword.WebUiBuiltInKeywords$click$5.call(Unknown Source)
	at 1.4.2-Acto Retiro Empleado.run(1.4.2-Acto Retiro Empleado:77)
	at com.kms.katalon.core.main.ScriptEngine.run(ScriptEngine.java:194)
	at com.kms.katalon.core.main.ScriptEngine.runScriptAsRawText(ScriptEngine.java:119)
	at com.kms.katalon.core.main.TestCaseExecutor.runScript(TestCaseExecutor.java:442)
	at com.kms.katalon.core.main.TestCaseExecutor.doExecute(TestCaseExecutor.java:433)
	at com.kms.katalon.core.main.TestCaseExecutor.processExecutionPhase(TestCaseExecutor.java:412)
	at com.kms.katalon.core.main.TestCaseExecutor.accessMainPhase(TestCaseExecutor.java:404)
	at com.kms.katalon.core.main.TestCaseExecutor.execute(TestCaseExecutor.java:281)
	at com.kms.katalon.core.main.TestSuiteExecutor.accessTestCaseMainPhase(TestSuiteExecutor.java:202)
	at com.kms.katalon.core.main.TestSuiteExecutor.accessTestSuiteMainPhase(TestSuiteExecutor.java:164)
	at com.kms.katalon.core.main.TestSuiteExecutor.execute(TestSuiteExecutor.java:105)
	at com.kms.katalon.core.main.TestCaseMain.startTestSuite(TestCaseMain.java:185)
	at com.kms.katalon.core.main.TestCaseMain$startTestSuite$0.call(Unknown Source)
	at TempTestSuite1646845129657.run(TempTestSuite1646845129657.groovy:36)
Caused by: com.kms.katalon.core.webui.exception.WebElementNotFoundException: Web element with id: 'Object Repository/Modulo Tarea Actos Administrativos/Acto Retiro Empleado/a_Aceptar0' located by '//a[contains(text(),'Aceptar')]' not found
	at com.kms.katalon.core.webui.common.WebUiCommonHelper.findWebElement(WebUiCommonHelper.java:1370)
	at com.kms.katalon.core.webui.keyword.internal.WebUIAbstractKeyword.findWebElement(WebUIAbstractKeyword.groovy:27)
	at com.kms.katalon.core.webui.keyword.builtin.ClickKeyword$_click_closure1.doCall(ClickKeyword.groovy:65)
	at com.kms.katalon.core.webui.keyword.builtin.ClickKeyword$_click_closure1.call(ClickKeyword.groovy)
	at com.kms.katalon.core.webui.keyword.internal.WebUIKeywordMain.runKeyword(WebUIKeywordMain.groovy:20)
	... 19 more]]></system-err>
      </testcase>
      <testcase name="Test Cases/1.1-Tareas Principales/1.4.3-Generacion Interfaz" time="34.798" classname="Test Cases/1.1-Tareas Principales/1.4.3-Generacion Interfaz" status="PASSED">
         <system-out><![CDATA[2022-03-09 12:27:33 - [TEST_CASE][PASSED] - Test Cases/1.1-Tareas Principales/1.4.3-Generacion Interfaz: Test Cases/1.1-Tareas Principales/1.4.3-Generacion Interfaz

2022-03-09 12:27:34 - [TEST_STEP][PASSED] - callTestCase(findTestCase("0.1-Login"), [:], STOP_ON_FAILURE): Call Test Case 'Test Cases/0.1-Login' successfully

2022-03-09 12:27:34 - [TEST_CASE][PASSED] - Test Cases/0.1-Login: Test Cases/0.1-Login

2022-03-09 12:27:34 - [TEST_STEP][PASSED] - openBrowser(""): Browser is opened with url: ''

2022-03-09 12:27:34 - [MESSAGE][WARNING] - A browser is already opened. Closing browser and opening a new one

2022-03-09 12:27:36 - [MESSAGE][INFO] - Starting 'Chrome' driver

2022-03-09 12:27:36 - [MESSAGE][INFO] - Action delay is set to 0 milliseconds

2022-03-09 12:27:38 - [MESSAGE][PASSED] - Browser is opened with url: ''

2022-03-09 12:27:38 - [TEST_STEP][PASSED] - maximizeWindow(): Current window maximized

2022-03-09 12:27:38 - [MESSAGE][PASSED] - Current window maximized

2022-03-09 12:27:38 - [TEST_STEP][PASSED] - i = G_Login: null

2022-03-09 12:27:38 - [TEST_STEP][PASSED] - url = new java.net.URL(i): null

2022-03-09 12:27:38 - [TEST_STEP][PASSED] - println("URL: " + url.toString()): null

2022-03-09 12:27:38 - [TEST_STEP][PASSED] - connection = url.openConnection(): null

2022-03-09 12:27:38 - [TEST_STEP][PASSED] - connection.setRequestMethod("GET"): null

2022-03-09 12:27:38 - [TEST_STEP][PASSED] - connection.setReadTimeout(2 * 1000): null

2022-03-09 12:27:38 - [TEST_STEP][PASSED] - try: null

2022-03-09 12:27:38 - [TEST_STEP][PASSED] - connection.connect(): null

2022-03-09 12:27:38 - [TEST_STEP][PASSED] - flag = connected: null

2022-03-09 12:27:38 - [TEST_STEP][PASSED] - println("Valor_ori: " + flag): null

2022-03-09 12:27:38 - [TEST_STEP][PASSED] - if (flag): null

2022-03-09 12:27:38 - [TEST_STEP][PASSED] - navigateToUrl(i): Navigate to 'http://192.168.2.80:8380/saraweb' successfully

2022-03-09 12:27:39 - [MESSAGE][PASSED] - Navigate to 'http://192.168.2.80:8380/saraweb' successfully

2022-03-09 12:27:39 - [TEST_STEP][PASSED] - a(): null

2022-03-09 12:27:39 - [TEST_STEP][PASSED] - setText(findTestObject("Login/input_USUARIO_loginusuario"), G_Usuario): Text 'saraadmin' is set on object 'Object Repository/Login/input_USUARIO_loginusuario'

2022-03-09 12:27:40 - [MESSAGE][PASSED] - Text 'saraadmin' is set on object 'Object Repository/Login/input_USUARIO_loginusuario'

2022-03-09 12:27:40 - [TEST_STEP][PASSED] - setEncryptedText(findTestObject("Login/input_CLAVE_loginpassword"), "MkG4/TYiCFC3cb2driP7+Q=="): Text ****** has been set on object 'Object Repository/Login/input_CLAVE_loginpassword'

2022-03-09 12:27:41 - [MESSAGE][PASSED] - Text ****** has been set on object 'Object Repository/Login/input_CLAVE_loginpassword'

2022-03-09 12:27:41 - [TEST_STEP][PASSED] - waitForElementClickable(findTestObject("Login/a_Ingresar"), G_TimeOut): Object 'Object Repository/Login/a_Ingresar' is clickable

2022-03-09 12:27:41 - [MESSAGE][PASSED] - Object 'Object Repository/Login/a_Ingresar' is clickable

2022-03-09 12:27:41 - [TEST_STEP][PASSED] - click(findTestObject("Login/a_Ingresar")): Object: 'Object Repository/Login/a_Ingresar' is clicked on

2022-03-09 12:27:42 - [MESSAGE][PASSED] - Object: 'Object Repository/Login/a_Ingresar' is clicked on

2022-03-09 12:27:42 - [TEST_STEP][PASSED] - element = findWebElement(findTestObject("Login/a_Ir"), 30): null

2022-03-09 12:27:43 - [TEST_STEP][PASSED] - executeJavaScript("arguments[0].click()", Arrays.asList(element)): Execute JavaScript 'arguments[0].click()' successfully

2022-03-09 12:27:43 - [MESSAGE][PASSED] - Execute JavaScript 'arguments[0].click()' successfully

2022-03-09 12:27:43 - [MESSAGE][PASSED] - Call Test Case 'Test Cases/0.1-Login' successfully

2022-03-09 12:27:43 - [TEST_STEP][PASSED] - setText(findTestObject("Modulo Tarea Administracion Compensacion/Generacion interfaz/input_ADMINISTRADOR DEL SISTEMA"), "Generacion interfaz"): Text 'Generacion interfaz' is set on object 'Object Repository/Modulo Tarea Administracion Compensacion/Generacion interfaz/input_ADMINISTRADOR DEL SISTEMA'

2022-03-09 12:27:44 - [MESSAGE][PASSED] - Text 'Generacion interfaz' is set on object 'Object Repository/Modulo Tarea Administracion Compensacion/Generacion interfaz/input_ADMINISTRADOR DEL SISTEMA'

2022-03-09 12:27:44 - [TEST_STEP][PASSED] - delay(1): Delayed 1 second(s)

2022-03-09 12:27:45 - [MESSAGE][PASSED] - Delayed 1 second(s)

2022-03-09 12:27:45 - [TEST_STEP][PASSED] - sendKeys(findTestObject("Modulo Tarea Administracion Compensacion/Generacion interfaz/input_ADMINISTRADOR DEL SISTEMA"), Keys.chord(ENTER)): Keys 'ENTER + ' sent to object: 'Object Repository/Modulo Tarea Administracion Compensacion/Generacion interfaz/input_ADMINISTRADOR DEL SISTEMA'

2022-03-09 12:27:45 - [MESSAGE][PASSED] - Keys 'ENTER + ' sent to object: 'Object Repository/Modulo Tarea Administracion Compensacion/Generacion interfaz/input_ADMINISTRADOR DEL SISTEMA'

2022-03-09 12:27:45 - [TEST_STEP][PASSED] - waitForElementClickable(findTestObject("Modulo Tarea Administracion Compensacion/Generacion interfaz/span_INTERFAZ NOMINA INTERFAZ"), G_TimeOut): Object 'Object Repository/Modulo Tarea Administracion Compensacion/Generacion interfaz/span_INTERFAZ NOMINA INTERFAZ' is clickable

2022-03-09 12:27:48 - [MESSAGE][PASSED] - Object 'Object Repository/Modulo Tarea Administracion Compensacion/Generacion interfaz/span_INTERFAZ NOMINA INTERFAZ' is clickable

2022-03-09 12:27:48 - [TEST_STEP][PASSED] - click(findTestObject("Modulo Tarea Administracion Compensacion/Generacion interfaz/span_INTERFAZ NOMINA INTERFAZ")): Object: 'Object Repository/Modulo Tarea Administracion Compensacion/Generacion interfaz/span_INTERFAZ NOMINA INTERFAZ' is clicked on

2022-03-09 12:27:49 - [MESSAGE][PASSED] - Object: 'Object Repository/Modulo Tarea Administracion Compensacion/Generacion interfaz/span_INTERFAZ NOMINA INTERFAZ' is clicked on

2022-03-09 12:27:49 - [TEST_STEP][PASSED] - waitForElementClickable(findTestObject("Modulo Tarea Administracion Compensacion/Generacion interfaz/div_-_ui-chkbox-box ui-widget"), G_TimeOut): Object 'Object Repository/Modulo Tarea Administracion Compensacion/Generacion interfaz/div_-_ui-chkbox-box ui-widget' is clickable

2022-03-09 12:27:50 - [MESSAGE][PASSED] - Object 'Object Repository/Modulo Tarea Administracion Compensacion/Generacion interfaz/div_-_ui-chkbox-box ui-widget' is clickable

2022-03-09 12:27:50 - [TEST_STEP][PASSED] - click(findTestObject("Modulo Tarea Administracion Compensacion/Generacion interfaz/div_-_ui-chkbox-box ui-widget")): Object: 'Object Repository/Modulo Tarea Administracion Compensacion/Generacion interfaz/div_-_ui-chkbox-box ui-widget' is clicked on

2022-03-09 12:27:51 - [MESSAGE][PASSED] - Object: 'Object Repository/Modulo Tarea Administracion Compensacion/Generacion interfaz/div_-_ui-chkbox-box ui-widget' is clicked on

2022-03-09 12:27:51 - [TEST_STEP][PASSED] - waitForElementClickable(findTestObject("Modulo Tarea Administracion Compensacion/Generacion interfaz/a_Generar"), G_TimeOut): Object 'Object Repository/Modulo Tarea Administracion Compensacion/Generacion interfaz/a_Generar' is clickable

2022-03-09 12:27:52 - [MESSAGE][PASSED] - Object 'Object Repository/Modulo Tarea Administracion Compensacion/Generacion interfaz/a_Generar' is clickable

2022-03-09 12:27:52 - [TEST_STEP][PASSED] - click(findTestObject("Modulo Tarea Administracion Compensacion/Generacion interfaz/a_Generar")): Object: 'Object Repository/Modulo Tarea Administracion Compensacion/Generacion interfaz/a_Generar' is clicked on

2022-03-09 12:27:52 - [MESSAGE][PASSED] - Object: 'Object Repository/Modulo Tarea Administracion Compensacion/Generacion interfaz/a_Generar' is clicked on

2022-03-09 12:27:52 - [TEST_STEP][PASSED] - setText(findTestObject("Modulo Tarea Administracion Compensacion/Generacion interfaz/input_Fecha Inicial _popupGeneracion"), "01/01/2021"): Text '01/01/2021' is set on object 'Object Repository/Modulo Tarea Administracion Compensacion/Generacion interfaz/input_Fecha Inicial _popupGeneracion'

2022-03-09 12:27:54 - [MESSAGE][PASSED] - Text '01/01/2021' is set on object 'Object Repository/Modulo Tarea Administracion Compensacion/Generacion interfaz/input_Fecha Inicial _popupGeneracion'

2022-03-09 12:27:54 - [TEST_STEP][PASSED] - waitForElementClickable(findTestObject("Modulo Tarea Administracion Compensacion/Generacion interfaz/td_Rango Fechas"), G_TimeOut): Object 'Object Repository/Modulo Tarea Administracion Compensacion/Generacion interfaz/td_Rango Fechas' is clickable

2022-03-09 12:27:54 - [MESSAGE][PASSED] - Object 'Object Repository/Modulo Tarea Administracion Compensacion/Generacion interfaz/td_Rango Fechas' is clickable

2022-03-09 12:27:54 - [TEST_STEP][PASSED] - click(findTestObject("Modulo Tarea Administracion Compensacion/Generacion interfaz/td_Rango Fechas")): Object: 'Object Repository/Modulo Tarea Administracion Compensacion/Generacion interfaz/td_Rango Fechas' is clicked on

2022-03-09 12:27:55 - [MESSAGE][PASSED] - Object: 'Object Repository/Modulo Tarea Administracion Compensacion/Generacion interfaz/td_Rango Fechas' is clicked on

2022-03-09 12:27:55 - [TEST_STEP][PASSED] - setText(findTestObject("Modulo Tarea Administracion Compensacion/Generacion interfaz/input_Fecha Final_popupGeneracion"), "30/01/2021"): Text '30/01/2021' is set on object 'Object Repository/Modulo Tarea Administracion Compensacion/Generacion interfaz/input_Fecha Final_popupGeneracion'

2022-03-09 12:27:56 - [MESSAGE][PASSED] - Text '30/01/2021' is set on object 'Object Repository/Modulo Tarea Administracion Compensacion/Generacion interfaz/input_Fecha Final_popupGeneracion'

2022-03-09 12:27:56 - [TEST_STEP][PASSED] - waitForElementClickable(findTestObject("Modulo Tarea Administracion Compensacion/Generacion interfaz/td_Rango Fechas"), G_TimeOut): Object 'Object Repository/Modulo Tarea Administracion Compensacion/Generacion interfaz/td_Rango Fechas' is clickable

2022-03-09 12:27:56 - [MESSAGE][PASSED] - Object 'Object Repository/Modulo Tarea Administracion Compensacion/Generacion interfaz/td_Rango Fechas' is clickable

2022-03-09 12:27:56 - [TEST_STEP][PASSED] - click(findTestObject("Modulo Tarea Administracion Compensacion/Generacion interfaz/td_Rango Fechas")): Object: 'Object Repository/Modulo Tarea Administracion Compensacion/Generacion interfaz/td_Rango Fechas' is clicked on

2022-03-09 12:27:57 - [MESSAGE][PASSED] - Object: 'Object Repository/Modulo Tarea Administracion Compensacion/Generacion interfaz/td_Rango Fechas' is clicked on

2022-03-09 12:27:57 - [TEST_STEP][PASSED] - setText(findTestObject("Modulo Tarea Administracion Compensacion/Generacion interfaz/input_Fecha Proceso_popupGeneracion"), "01/01/2021"): Text '01/01/2021' is set on object 'Object Repository/Modulo Tarea Administracion Compensacion/Generacion interfaz/input_Fecha Proceso_popupGeneracion'

2022-03-09 12:27:58 - [MESSAGE][PASSED] - Text '01/01/2021' is set on object 'Object Repository/Modulo Tarea Administracion Compensacion/Generacion interfaz/input_Fecha Proceso_popupGeneracion'

2022-03-09 12:27:58 - [TEST_STEP][PASSED] - waitForElementClickable(findTestObject("Modulo Tarea Administracion Compensacion/Generacion interfaz/span_Generar (1)"), G_TimeOut): Object 'Object Repository/Modulo Tarea Administracion Compensacion/Generacion interfaz/span_Generar (1)' is clickable

2022-03-09 12:27:59 - [MESSAGE][PASSED] - Object 'Object Repository/Modulo Tarea Administracion Compensacion/Generacion interfaz/span_Generar (1)' is clickable

2022-03-09 12:27:59 - [TEST_STEP][PASSED] - click(findTestObject("Modulo Tarea Administracion Compensacion/Generacion interfaz/span_Generar (1)")): Object: 'Object Repository/Modulo Tarea Administracion Compensacion/Generacion interfaz/span_Generar (1)' is clicked on

2022-03-09 12:27:59 - [MESSAGE][PASSED] - Object: 'Object Repository/Modulo Tarea Administracion Compensacion/Generacion interfaz/span_Generar (1)' is clicked on

2022-03-09 12:27:59 - [TEST_STEP][PASSED] - click(findTestObject("Modulo Tarea Administracion Compensacion/Generacion interfaz/a_Si")): Object: 'Object Repository/Modulo Tarea Administracion Compensacion/Generacion interfaz/a_Si' is clicked on

2022-03-09 12:28:00 - [MESSAGE][PASSED] - Object: 'Object Repository/Modulo Tarea Administracion Compensacion/Generacion interfaz/a_Si' is clicked on

2022-03-09 12:28:00 - [TEST_STEP][PASSED] - delay(7): Delayed 7 second(s)

2022-03-09 12:28:07 - [MESSAGE][PASSED] - Delayed 7 second(s)

2022-03-09 12:28:07 - [TEST_STEP][PASSED] - if (findTestObject("Modulo Tarea Administracion Compensacion/Generacion interfaz/a_Continuar") == true && click(findTestObject("Modulo Tarea Administracion Compensacion/Generacion interfaz/span_Interfaz")) == false): null

2022-03-09 12:28:07 - [TEST_STEP][PASSED] - else: Browser is closed

2022-03-09 12:28:07 - [TEST_STEP][PASSED] - closeBrowser(): Browser is closed

2022-03-09 12:28:08 - [MESSAGE][PASSED] - Browser is closed

2022-03-09 12:28:08 - [TEST_STEP][PASSED] - closeBrowser(): Browser is closed

2022-03-09 12:28:08 - [MESSAGE][PASSED] - Browser is closed]]></system-out>
         <system-err><![CDATA[]]></system-err>
      </testcase>
      <testcase name="Test Cases/1.1-Tareas Principales/1.4.4-Crear Puesto de Trabajo" time="88.595" classname="Test Cases/1.1-Tareas Principales/1.4.4-Crear Puesto de Trabajo" status="PASSED">
         <system-out><![CDATA[2022-03-09 12:28:08 - [TEST_CASE][PASSED] - Test Cases/1.1-Tareas Principales/1.4.4-Crear Puesto de Trabajo: Test Cases/1.1-Tareas Principales/1.4.4-Crear Puesto de Trabajo

2022-03-09 12:28:09 - [TEST_STEP][PASSED] - callTestCase(findTestCase("Utilidades-(atajos_para _tareas)/Tareas Administracion Compensacion/Tarea Planta Personal"), [:], STOP_ON_FAILURE): Call Test Case 'Test Cases/Utilidades-(atajos_para _tareas)/Tareas Administracion Compensacion/Tarea Planta Personal' successfully

2022-03-09 12:28:09 - [TEST_CASE][PASSED] - Test Cases/Utilidades-(atajos_para _tareas)/Tareas Administracion Compensacion/Tarea Planta Personal: Test Cases/Utilidades-(atajos_para _tareas)/Tareas Administracion Compensacion/Tarea Planta Personal

2022-03-09 12:28:10 - [TEST_STEP][PASSED] - callTestCase(findTestCase("0.1-Login"), [:], STOP_ON_FAILURE): Call Test Case 'Test Cases/0.1-Login' successfully

2022-03-09 12:28:10 - [TEST_CASE][PASSED] - Test Cases/0.1-Login: Test Cases/0.1-Login

2022-03-09 12:28:10 - [TEST_STEP][PASSED] - openBrowser(""): Browser is opened with url: ''

2022-03-09 12:28:10 - [MESSAGE][INFO] - Starting 'Chrome' driver

2022-03-09 12:28:10 - [MESSAGE][INFO] - Action delay is set to 0 milliseconds

2022-03-09 12:28:12 - [MESSAGE][PASSED] - Browser is opened with url: ''

2022-03-09 12:28:12 - [TEST_STEP][PASSED] - maximizeWindow(): Current window maximized

2022-03-09 12:28:12 - [MESSAGE][PASSED] - Current window maximized

2022-03-09 12:28:12 - [TEST_STEP][PASSED] - i = G_Login: null

2022-03-09 12:28:12 - [TEST_STEP][PASSED] - url = new java.net.URL(i): null

2022-03-09 12:28:12 - [TEST_STEP][PASSED] - println("URL: " + url.toString()): null

2022-03-09 12:28:12 - [TEST_STEP][PASSED] - connection = url.openConnection(): null

2022-03-09 12:28:12 - [TEST_STEP][PASSED] - connection.setRequestMethod("GET"): null

2022-03-09 12:28:12 - [TEST_STEP][PASSED] - connection.setReadTimeout(2 * 1000): null

2022-03-09 12:28:12 - [TEST_STEP][PASSED] - try: null

2022-03-09 12:28:12 - [TEST_STEP][PASSED] - connection.connect(): null

2022-03-09 12:28:12 - [TEST_STEP][PASSED] - flag = connected: null

2022-03-09 12:28:12 - [TEST_STEP][PASSED] - println("Valor_ori: " + flag): null

2022-03-09 12:28:12 - [TEST_STEP][PASSED] - if (flag): null

2022-03-09 12:28:12 - [TEST_STEP][PASSED] - navigateToUrl(i): Navigate to 'http://192.168.2.80:8380/saraweb' successfully

2022-03-09 12:28:13 - [MESSAGE][PASSED] - Navigate to 'http://192.168.2.80:8380/saraweb' successfully

2022-03-09 12:28:13 - [TEST_STEP][PASSED] - a(): null

2022-03-09 12:28:13 - [TEST_STEP][PASSED] - setText(findTestObject("Login/input_USUARIO_loginusuario"), G_Usuario): Text 'saraadmin' is set on object 'Object Repository/Login/input_USUARIO_loginusuario'

2022-03-09 12:28:14 - [MESSAGE][PASSED] - Text 'saraadmin' is set on object 'Object Repository/Login/input_USUARIO_loginusuario'

2022-03-09 12:28:14 - [TEST_STEP][PASSED] - setEncryptedText(findTestObject("Login/input_CLAVE_loginpassword"), "MkG4/TYiCFC3cb2driP7+Q=="): Text ****** has been set on object 'Object Repository/Login/input_CLAVE_loginpassword'

2022-03-09 12:28:14 - [MESSAGE][PASSED] - Text ****** has been set on object 'Object Repository/Login/input_CLAVE_loginpassword'

2022-03-09 12:28:14 - [TEST_STEP][PASSED] - waitForElementClickable(findTestObject("Login/a_Ingresar"), G_TimeOut): Object 'Object Repository/Login/a_Ingresar' is clickable

2022-03-09 12:28:14 - [MESSAGE][PASSED] - Object 'Object Repository/Login/a_Ingresar' is clickable

2022-03-09 12:28:14 - [TEST_STEP][PASSED] - click(findTestObject("Login/a_Ingresar")): Object: 'Object Repository/Login/a_Ingresar' is clicked on

2022-03-09 12:28:16 - [MESSAGE][PASSED] - Object: 'Object Repository/Login/a_Ingresar' is clicked on

2022-03-09 12:28:16 - [TEST_STEP][PASSED] - element = findWebElement(findTestObject("Login/a_Ir"), 30): null

2022-03-09 12:28:17 - [TEST_STEP][PASSED] - executeJavaScript("arguments[0].click()", Arrays.asList(element)): Execute JavaScript 'arguments[0].click()' successfully

2022-03-09 12:28:17 - [MESSAGE][PASSED] - Execute JavaScript 'arguments[0].click()' successfully

2022-03-09 12:28:17 - [MESSAGE][PASSED] - Call Test Case 'Test Cases/0.1-Login' successfully

2022-03-09 12:28:17 - [TEST_STEP][PASSED] - delay(2): Delayed 2 second(s)

2022-03-09 12:28:19 - [MESSAGE][PASSED] - Delayed 2 second(s)

2022-03-09 12:28:19 - [TEST_STEP][PASSED] - setText(findTestObject("Modulo Tarea Administracion Compensacion/Tarea Planta Personal/input_Ir_nav_t66_input"), "Planta Personal"): Text 'Planta Personal' is set on object 'Object Repository/Modulo Tarea Administracion Compensacion/Tarea Planta Personal/input_Ir_nav_t66_input'

2022-03-09 12:28:20 - [MESSAGE][PASSED] - Text 'Planta Personal' is set on object 'Object Repository/Modulo Tarea Administracion Compensacion/Tarea Planta Personal/input_Ir_nav_t66_input'

2022-03-09 12:28:20 - [TEST_STEP][PASSED] - delay(2): Delayed 2 second(s)

2022-03-09 12:28:22 - [MESSAGE][PASSED] - Delayed 2 second(s)

2022-03-09 12:28:22 - [TEST_STEP][PASSED] - sendKeys(findTestObject("Modulo Tarea Administracion Compensacion/Tarea Planta Personal/input_Ir_nav_t66_input"), Keys.chord(ENTER)): Keys 'ENTER + ' sent to object: 'Object Repository/Modulo Tarea Administracion Compensacion/Tarea Planta Personal/input_Ir_nav_t66_input'

2022-03-09 12:28:23 - [MESSAGE][PASSED] - Keys 'ENTER + ' sent to object: 'Object Repository/Modulo Tarea Administracion Compensacion/Tarea Planta Personal/input_Ir_nav_t66_input'

2022-03-09 12:28:23 - [MESSAGE][PASSED] - Call Test Case 'Test Cases/Utilidades-(atajos_para _tareas)/Tareas Administracion Compensacion/Tarea Planta Personal' successfully

2022-03-09 12:28:23 - [TEST_STEP][PASSED] - waitForElementClickable(findTestObject("Modulo Tarea Administracion Compensacion/Creacion Puesto de Trabajo/a_Administracion"), G_TimeOut): Object 'Object Repository/Modulo Tarea Administracion Compensacion/Creacion Puesto de Trabajo/a_Administracion' is clickable

2022-03-09 12:28:24 - [MESSAGE][PASSED] - Object 'Object Repository/Modulo Tarea Administracion Compensacion/Creacion Puesto de Trabajo/a_Administracion' is clickable

2022-03-09 12:28:24 - [TEST_STEP][PASSED] - click(findTestObject("Modulo Tarea Administracion Compensacion/Creacion Puesto de Trabajo/a_Administracion")): Object: 'Object Repository/Modulo Tarea Administracion Compensacion/Creacion Puesto de Trabajo/a_Administracion' is clicked on

2022-03-09 12:28:24 - [MESSAGE][PASSED] - Object: 'Object Repository/Modulo Tarea Administracion Compensacion/Creacion Puesto de Trabajo/a_Administracion' is clicked on

2022-03-09 12:28:24 - [TEST_STEP][PASSED] - waitForElementClickable(findTestObject("Modulo Tarea Administracion Compensacion/Creacion Puesto de Trabajo/a_POSICION_organigramanuevoPue"), G_TimeOut): Object 'Object Repository/Modulo Tarea Administracion Compensacion/Creacion Puesto de Trabajo/a_POSICION_organigramanuevoPue' is clickable

2022-03-09 12:28:25 - [MESSAGE][PASSED] - Object 'Object Repository/Modulo Tarea Administracion Compensacion/Creacion Puesto de Trabajo/a_POSICION_organigramanuevoPue' is clickable

2022-03-09 12:28:25 - [TEST_STEP][PASSED] - click(findTestObject("Modulo Tarea Administracion Compensacion/Creacion Puesto de Trabajo/a_POSICION_organigramanuevoPue")): Object: 'Object Repository/Modulo Tarea Administracion Compensacion/Creacion Puesto de Trabajo/a_POSICION_organigramanuevoPue' is clicked on

2022-03-09 12:28:26 - [MESSAGE][PASSED] - Object: 'Object Repository/Modulo Tarea Administracion Compensacion/Creacion Puesto de Trabajo/a_POSICION_organigramanuevoPue' is clicked on

2022-03-09 12:28:26 - [TEST_STEP][PASSED] - waitForElementClickable(findTestObject("Modulo Tarea Administracion Compensacion/Creacion Puesto de Trabajo/a_Cargo _datosPuestoTrabajo_fo"), G_TimeOut): Object 'Object Repository/Modulo Tarea Administracion Compensacion/Creacion Puesto de Trabajo/a_Cargo _datosPuestoTrabajo_fo' is clickable

2022-03-09 12:28:29 - [MESSAGE][PASSED] - Object 'Object Repository/Modulo Tarea Administracion Compensacion/Creacion Puesto de Trabajo/a_Cargo _datosPuestoTrabajo_fo' is clickable

2022-03-09 12:28:29 - [TEST_STEP][PASSED] - click(findTestObject("Modulo Tarea Administracion Compensacion/Creacion Puesto de Trabajo/a_Cargo _datosPuestoTrabajo_fo")): Object: 'Object Repository/Modulo Tarea Administracion Compensacion/Creacion Puesto de Trabajo/a_Cargo _datosPuestoTrabajo_fo' is clicked on

2022-03-09 12:28:29 - [MESSAGE][PASSED] - Object: 'Object Repository/Modulo Tarea Administracion Compensacion/Creacion Puesto de Trabajo/a_Cargo _datosPuestoTrabajo_fo' is clicked on

2022-03-09 12:28:29 - [TEST_STEP][PASSED] - setText(findTestObject("Modulo Tarea Administracion Compensacion/Creacion Puesto de Trabajo/input_Cargo_popupreclasificacion_formj_idt1445"), "20139"): Text '20139' is set on object 'Object Repository/Modulo Tarea Administracion Compensacion/Creacion Puesto de Trabajo/input_Cargo_popupreclasificacion_formj_idt1445'

2022-03-09 12:28:30 - [MESSAGE][PASSED] - Text '20139' is set on object 'Object Repository/Modulo Tarea Administracion Compensacion/Creacion Puesto de Trabajo/input_Cargo_popupreclasificacion_formj_idt1445'

2022-03-09 12:28:30 - [TEST_STEP][PASSED] - sendKeys(findTestObject("Modulo Tarea Administracion Compensacion/Creacion Puesto de Trabajo/input_Cargo_popupreclasificacion_formj_idt1445"), Keys.chord(ENTER)): Keys 'ENTER + ' sent to object: 'Object Repository/Modulo Tarea Administracion Compensacion/Creacion Puesto de Trabajo/input_Cargo_popupreclasificacion_formj_idt1445'

2022-03-09 12:28:31 - [MESSAGE][PASSED] - Keys 'ENTER + ' sent to object: 'Object Repository/Modulo Tarea Administracion Compensacion/Creacion Puesto de Trabajo/input_Cargo_popupreclasificacion_formj_idt1445'

2022-03-09 12:28:31 - [TEST_STEP][PASSED] - click(findTestObject("Modulo Tarea Administracion Compensacion/Creacion Puesto de Trabajo/span_ABOGADO")): Object: 'Object Repository/Modulo Tarea Administracion Compensacion/Creacion Puesto de Trabajo/span_ABOGADO' is clicked on

2022-03-09 12:28:31 - [MESSAGE][PASSED] - Object: 'Object Repository/Modulo Tarea Administracion Compensacion/Creacion Puesto de Trabajo/span_ABOGADO' is clicked on

2022-03-09 12:28:31 - [TEST_STEP][PASSED] - waitForElementClickable(findTestObject("Modulo Tarea Administracion Compensacion/Creacion Puesto de Trabajo/select_-- Seleccione --PLANTA"), G_TimeOut): Object 'Object Repository/Modulo Tarea Administracion Compensacion/Creacion Puesto de Trabajo/select_-- Seleccione --PLANTA' is clickable

2022-03-09 12:28:32 - [MESSAGE][PASSED] - Object 'Object Repository/Modulo Tarea Administracion Compensacion/Creacion Puesto de Trabajo/select_-- Seleccione --PLANTA' is clickable

2022-03-09 12:28:32 - [TEST_STEP][PASSED] - click(findTestObject("Modulo Tarea Administracion Compensacion/Creacion Puesto de Trabajo/select_-- Seleccione --PLANTA")): Object: 'Object Repository/Modulo Tarea Administracion Compensacion/Creacion Puesto de Trabajo/select_-- Seleccione --PLANTA' is clicked on

2022-03-09 12:28:33 - [MESSAGE][PASSED] - Object: 'Object Repository/Modulo Tarea Administracion Compensacion/Creacion Puesto de Trabajo/select_-- Seleccione --PLANTA' is clicked on

2022-03-09 12:28:33 - [TEST_STEP][PASSED] - selectOptionByIndex(findTestObject("Modulo Tarea Administracion Compensacion/Creacion Puesto de Trabajo/select_-- Seleccione --PLANTA"), "1"): All options with index in [1] are selected on object 'Object Repository/Modulo Tarea Administracion Compensacion/Creacion Puesto de Trabajo/select_-- Seleccione --PLANTA'

2022-03-09 12:28:34 - [MESSAGE][PASSED] - All options with index in [1] are selected on object 'Object Repository/Modulo Tarea Administracion Compensacion/Creacion Puesto de Trabajo/select_-- Seleccione --PLANTA'

2022-03-09 12:28:34 - [TEST_STEP][PASSED] - waitForElementClickable(findTestObject("Modulo Tarea Administracion Compensacion/Creacion Puesto de Trabajo/select_-- Seleccione --AMPLEAD"), G_TimeOut): Object 'Object Repository/Modulo Tarea Administracion Compensacion/Creacion Puesto de Trabajo/select_-- Seleccione --AMPLEAD' is clickable

2022-03-09 12:28:34 - [MESSAGE][PASSED] - Object 'Object Repository/Modulo Tarea Administracion Compensacion/Creacion Puesto de Trabajo/select_-- Seleccione --AMPLEAD' is clickable

2022-03-09 12:28:34 - [TEST_STEP][PASSED] - click(findTestObject("Modulo Tarea Administracion Compensacion/Creacion Puesto de Trabajo/select_-- Seleccione --AMPLEAD")): Object: 'Object Repository/Modulo Tarea Administracion Compensacion/Creacion Puesto de Trabajo/select_-- Seleccione --AMPLEAD' is clicked on

2022-03-09 12:28:34 - [MESSAGE][PASSED] - Object: 'Object Repository/Modulo Tarea Administracion Compensacion/Creacion Puesto de Trabajo/select_-- Seleccione --AMPLEAD' is clicked on

2022-03-09 12:28:34 - [TEST_STEP][PASSED] - selectOptionByIndex(findTestObject("Modulo Tarea Administracion Compensacion/Creacion Puesto de Trabajo/select_-- Seleccione --AMPLEAD"), "2"): All options with index in [2] are selected on object 'Object Repository/Modulo Tarea Administracion Compensacion/Creacion Puesto de Trabajo/select_-- Seleccione --AMPLEAD'

2022-03-09 12:28:35 - [MESSAGE][PASSED] - All options with index in [2] are selected on object 'Object Repository/Modulo Tarea Administracion Compensacion/Creacion Puesto de Trabajo/select_-- Seleccione --AMPLEAD'

2022-03-09 12:28:35 - [TEST_STEP][PASSED] - waitForElementClickable(findTestObject("Modulo Tarea Administracion Compensacion/Creacion Puesto de Trabajo/select_-- Seleccione --Bloquea"), G_TimeOut): Object 'Object Repository/Modulo Tarea Administracion Compensacion/Creacion Puesto de Trabajo/select_-- Seleccione --Bloquea' is clickable

2022-03-09 12:28:36 - [MESSAGE][PASSED] - Object 'Object Repository/Modulo Tarea Administracion Compensacion/Creacion Puesto de Trabajo/select_-- Seleccione --Bloquea' is clickable

2022-03-09 12:28:36 - [TEST_STEP][PASSED] - click(findTestObject("Modulo Tarea Administracion Compensacion/Creacion Puesto de Trabajo/select_-- Seleccione --Bloquea")): Object: 'Object Repository/Modulo Tarea Administracion Compensacion/Creacion Puesto de Trabajo/select_-- Seleccione --Bloquea' is clicked on

2022-03-09 12:28:36 - [MESSAGE][PASSED] - Object: 'Object Repository/Modulo Tarea Administracion Compensacion/Creacion Puesto de Trabajo/select_-- Seleccione --Bloquea' is clicked on

2022-03-09 12:28:36 - [TEST_STEP][PASSED] - selectOptionByIndex(findTestObject("Modulo Tarea Administracion Compensacion/Creacion Puesto de Trabajo/select_-- Seleccione --Bloquea"), "3"): All options with index in [3] are selected on object 'Object Repository/Modulo Tarea Administracion Compensacion/Creacion Puesto de Trabajo/select_-- Seleccione --Bloquea'

2022-03-09 12:28:37 - [MESSAGE][PASSED] - All options with index in [3] are selected on object 'Object Repository/Modulo Tarea Administracion Compensacion/Creacion Puesto de Trabajo/select_-- Seleccione --Bloquea'

2022-03-09 12:28:37 - [TEST_STEP][PASSED] - setText(findTestObject("Modulo Tarea Administracion Compensacion/Creacion Puesto de Trabajo/input_Creacin_datosPuestoTraba"), "01/07/2021"): Text '01/07/2021' is set on object 'Object Repository/Modulo Tarea Administracion Compensacion/Creacion Puesto de Trabajo/input_Creacin_datosPuestoTraba'

2022-03-09 12:28:38 - [MESSAGE][PASSED] - Text '01/07/2021' is set on object 'Object Repository/Modulo Tarea Administracion Compensacion/Creacion Puesto de Trabajo/input_Creacin_datosPuestoTraba'

2022-03-09 12:28:38 - [TEST_STEP][PASSED] - setText(findTestObject("Modulo Tarea Administracion Compensacion/Creacion Puesto de Trabajo/input_Fecha Disponible_datosPu"), "31/07/2021"): Text '31/07/2021' is set on object 'Object Repository/Modulo Tarea Administracion Compensacion/Creacion Puesto de Trabajo/input_Fecha Disponible_datosPu'

2022-03-09 12:28:39 - [MESSAGE][PASSED] - Text '31/07/2021' is set on object 'Object Repository/Modulo Tarea Administracion Compensacion/Creacion Puesto de Trabajo/input_Fecha Disponible_datosPu'

2022-03-09 12:28:39 - [TEST_STEP][PASSED] - setText(findTestObject("Modulo Tarea Administracion Compensacion/Creacion Puesto de Trabajo/input_Observacin_datosPuestoTr"), "Prueba"): Text 'Prueba' is set on object 'Object Repository/Modulo Tarea Administracion Compensacion/Creacion Puesto de Trabajo/input_Observacin_datosPuestoTr'

2022-03-09 12:28:40 - [MESSAGE][PASSED] - Text 'Prueba' is set on object 'Object Repository/Modulo Tarea Administracion Compensacion/Creacion Puesto de Trabajo/input_Observacin_datosPuestoTr'

2022-03-09 12:28:40 - [TEST_STEP][PASSED] - waitForElementClickable(findTestObject("Modulo Tarea Administracion Compensacion/Creacion Puesto de Trabajo/select_-- Seleccione --No Rese"), G_TimeOut): Object 'Object Repository/Modulo Tarea Administracion Compensacion/Creacion Puesto de Trabajo/select_-- Seleccione --No Rese' is clickable

2022-03-09 12:28:41 - [MESSAGE][PASSED] - Object 'Object Repository/Modulo Tarea Administracion Compensacion/Creacion Puesto de Trabajo/select_-- Seleccione --No Rese' is clickable

2022-03-09 12:28:41 - [TEST_STEP][PASSED] - click(findTestObject("Modulo Tarea Administracion Compensacion/Creacion Puesto de Trabajo/select_-- Seleccione --No Rese")): Object: 'Object Repository/Modulo Tarea Administracion Compensacion/Creacion Puesto de Trabajo/select_-- Seleccione --No Rese' is clicked on

2022-03-09 12:28:41 - [MESSAGE][PASSED] - Object: 'Object Repository/Modulo Tarea Administracion Compensacion/Creacion Puesto de Trabajo/select_-- Seleccione --No Rese' is clicked on

2022-03-09 12:28:41 - [TEST_STEP][PASSED] - selectOptionByIndex(findTestObject("Modulo Tarea Administracion Compensacion/Creacion Puesto de Trabajo/select_-- Seleccione --No Rese"), "1"): All options with index in [1] are selected on object 'Object Repository/Modulo Tarea Administracion Compensacion/Creacion Puesto de Trabajo/select_-- Seleccione --No Rese'

2022-03-09 12:28:42 - [MESSAGE][PASSED] - All options with index in [1] are selected on object 'Object Repository/Modulo Tarea Administracion Compensacion/Creacion Puesto de Trabajo/select_-- Seleccione --No Rese'

2022-03-09 12:28:42 - [TEST_STEP][PASSED] - waitForElementClickable(findTestObject("Modulo Tarea Administracion Compensacion/Creacion Puesto de Trabajo/select_-- Seleccione --Asignac"), G_TimeOut): Object 'Object Repository/Modulo Tarea Administracion Compensacion/Creacion Puesto de Trabajo/select_-- Seleccione --Asignac' is clickable

2022-03-09 12:28:42 - [MESSAGE][PASSED] - Object 'Object Repository/Modulo Tarea Administracion Compensacion/Creacion Puesto de Trabajo/select_-- Seleccione --Asignac' is clickable

2022-03-09 12:28:42 - [TEST_STEP][PASSED] - click(findTestObject("Modulo Tarea Administracion Compensacion/Creacion Puesto de Trabajo/select_-- Seleccione --Asignac")): Object: 'Object Repository/Modulo Tarea Administracion Compensacion/Creacion Puesto de Trabajo/select_-- Seleccione --Asignac' is clicked on

2022-03-09 12:28:43 - [MESSAGE][PASSED] - Object: 'Object Repository/Modulo Tarea Administracion Compensacion/Creacion Puesto de Trabajo/select_-- Seleccione --Asignac' is clicked on

2022-03-09 12:28:43 - [TEST_STEP][PASSED] - selectOptionByIndex(findTestObject("Modulo Tarea Administracion Compensacion/Creacion Puesto de Trabajo/select_-- Seleccione --Asignac"), "4"): All options with index in [4] are selected on object 'Object Repository/Modulo Tarea Administracion Compensacion/Creacion Puesto de Trabajo/select_-- Seleccione --Asignac'

2022-03-09 12:28:44 - [MESSAGE][PASSED] - All options with index in [4] are selected on object 'Object Repository/Modulo Tarea Administracion Compensacion/Creacion Puesto de Trabajo/select_-- Seleccione --Asignac'

2022-03-09 12:28:44 - [TEST_STEP][PASSED] - waitForElementClickable(findTestObject("Modulo Tarea Administracion Compensacion/Creacion Puesto de Trabajo/label_Es responsable de la Unidad"), G_TimeOut): Object 'Object Repository/Modulo Tarea Administracion Compensacion/Creacion Puesto de Trabajo/label_Es responsable de la Unidad' is clickable

2022-03-09 12:28:45 - [MESSAGE][PASSED] - Object 'Object Repository/Modulo Tarea Administracion Compensacion/Creacion Puesto de Trabajo/label_Es responsable de la Unidad' is clickable

2022-03-09 12:28:45 - [TEST_STEP][PASSED] - click(findTestObject("Modulo Tarea Administracion Compensacion/Creacion Puesto de Trabajo/label_Es responsable de la Unidad")): Object: 'Object Repository/Modulo Tarea Administracion Compensacion/Creacion Puesto de Trabajo/label_Es responsable de la Unidad' is clicked on

2022-03-09 12:28:45 - [MESSAGE][PASSED] - Object: 'Object Repository/Modulo Tarea Administracion Compensacion/Creacion Puesto de Trabajo/label_Es responsable de la Unidad' is clicked on

2022-03-09 12:28:45 - [TEST_STEP][PASSED] - waitForElementClickable(findTestObject("Modulo Tarea Administracion Compensacion/Creacion Puesto de Trabajo/a_Lder_datosPuestoTrabajo_form"), G_TimeOut): Object 'Object Repository/Modulo Tarea Administracion Compensacion/Creacion Puesto de Trabajo/a_Lder_datosPuestoTrabajo_form' is clickable

2022-03-09 12:28:46 - [MESSAGE][PASSED] - Object 'Object Repository/Modulo Tarea Administracion Compensacion/Creacion Puesto de Trabajo/a_Lder_datosPuestoTrabajo_form' is clickable

2022-03-09 12:28:46 - [TEST_STEP][PASSED] - click(findTestObject("Modulo Tarea Administracion Compensacion/Creacion Puesto de Trabajo/a_Lder_datosPuestoTrabajo_form")): Object: 'Object Repository/Modulo Tarea Administracion Compensacion/Creacion Puesto de Trabajo/a_Lder_datosPuestoTrabajo_form' is clicked on

2022-03-09 12:28:46 - [MESSAGE][PASSED] - Object: 'Object Repository/Modulo Tarea Administracion Compensacion/Creacion Puesto de Trabajo/a_Lder_datosPuestoTrabajo_form' is clicked on

2022-03-09 12:28:46 - [TEST_STEP][PASSED] - waitForElementClickable(findTestObject("Modulo Tarea Administracion Compensacion/Creacion Puesto de Trabajo/label_Dentro de la Unidad"), G_TimeOut): Object 'Object Repository/Modulo Tarea Administracion Compensacion/Creacion Puesto de Trabajo/label_Dentro de la Unidad' is clickable

2022-03-09 12:28:48 - [MESSAGE][PASSED] - Object 'Object Repository/Modulo Tarea Administracion Compensacion/Creacion Puesto de Trabajo/label_Dentro de la Unidad' is clickable

2022-03-09 12:28:48 - [TEST_STEP][PASSED] - click(findTestObject("Modulo Tarea Administracion Compensacion/Creacion Puesto de Trabajo/label_Dentro de la Unidad")): Object: 'Object Repository/Modulo Tarea Administracion Compensacion/Creacion Puesto de Trabajo/label_Dentro de la Unidad' is clicked on

2022-03-09 12:28:48 - [MESSAGE][PASSED] - Object: 'Object Repository/Modulo Tarea Administracion Compensacion/Creacion Puesto de Trabajo/label_Dentro de la Unidad' is clicked on

2022-03-09 12:28:48 - [TEST_STEP][PASSED] - waitForElementClickable(findTestObject("Modulo Tarea Administracion Compensacion/Creacion Puesto de Trabajo/a_Continuar"), G_TimeOut): Object 'Object Repository/Modulo Tarea Administracion Compensacion/Creacion Puesto de Trabajo/a_Continuar' is clickable

2022-03-09 12:28:48 - [MESSAGE][PASSED] - Object 'Object Repository/Modulo Tarea Administracion Compensacion/Creacion Puesto de Trabajo/a_Continuar' is clickable

2022-03-09 12:28:48 - [TEST_STEP][PASSED] - click(findTestObject("Modulo Tarea Administracion Compensacion/Creacion Puesto de Trabajo/a_Continuar")): Object: 'Object Repository/Modulo Tarea Administracion Compensacion/Creacion Puesto de Trabajo/a_Continuar' is clicked on

2022-03-09 12:28:49 - [MESSAGE][PASSED] - Object: 'Object Repository/Modulo Tarea Administracion Compensacion/Creacion Puesto de Trabajo/a_Continuar' is clicked on

2022-03-09 12:28:49 - [TEST_STEP][PASSED] - waitForElementClickable(findTestObject("Modulo Tarea Administracion Compensacion/Creacion Puesto de Trabajo/span_Galeano . Maria"), G_TimeOut): Object 'Object Repository/Modulo Tarea Administracion Compensacion/Creacion Puesto de Trabajo/span_Galeano . Maria' is clickable

2022-03-09 12:28:50 - [MESSAGE][PASSED] - Object 'Object Repository/Modulo Tarea Administracion Compensacion/Creacion Puesto de Trabajo/span_Galeano . Maria' is clickable

2022-03-09 12:28:50 - [TEST_STEP][PASSED] - click(findTestObject("Modulo Tarea Administracion Compensacion/Creacion Puesto de Trabajo/span_Galeano . Maria")): Object: 'Object Repository/Modulo Tarea Administracion Compensacion/Creacion Puesto de Trabajo/span_Galeano . Maria' is clicked on

2022-03-09 12:28:50 - [MESSAGE][PASSED] - Object: 'Object Repository/Modulo Tarea Administracion Compensacion/Creacion Puesto de Trabajo/span_Galeano . Maria' is clicked on

2022-03-09 12:28:50 - [TEST_STEP][PASSED] - waitForElementClickable(findTestObject("Modulo Tarea Administracion Compensacion/Creacion Puesto de Trabajo/a_Aplicar"), G_TimeOut): Object 'Object Repository/Modulo Tarea Administracion Compensacion/Creacion Puesto de Trabajo/a_Aplicar' is clickable

2022-03-09 12:28:51 - [MESSAGE][PASSED] - Object 'Object Repository/Modulo Tarea Administracion Compensacion/Creacion Puesto de Trabajo/a_Aplicar' is clickable

2022-03-09 12:28:51 - [TEST_STEP][PASSED] - click(findTestObject("Modulo Tarea Administracion Compensacion/Creacion Puesto de Trabajo/a_Aplicar")): Object: 'Object Repository/Modulo Tarea Administracion Compensacion/Creacion Puesto de Trabajo/a_Aplicar' is clicked on

2022-03-09 12:28:52 - [MESSAGE][PASSED] - Object: 'Object Repository/Modulo Tarea Administracion Compensacion/Creacion Puesto de Trabajo/a_Aplicar' is clicked on

2022-03-09 12:28:52 - [TEST_STEP][PASSED] - waitForElementClickable(findTestObject("Modulo Tarea Administracion Compensacion/Creacion Puesto de Trabajo/a_Unidad Jerarquica_datosPuest"), G_TimeOut): Object 'Object Repository/Modulo Tarea Administracion Compensacion/Creacion Puesto de Trabajo/a_Unidad Jerarquica_datosPuest' is clickable

2022-03-09 12:28:52 - [MESSAGE][PASSED] - Object 'Object Repository/Modulo Tarea Administracion Compensacion/Creacion Puesto de Trabajo/a_Unidad Jerarquica_datosPuest' is clickable

2022-03-09 12:28:52 - [TEST_STEP][PASSED] - click(findTestObject("Modulo Tarea Administracion Compensacion/Creacion Puesto de Trabajo/a_Unidad Jerarquica_datosPuest")): Object: 'Object Repository/Modulo Tarea Administracion Compensacion/Creacion Puesto de Trabajo/a_Unidad Jerarquica_datosPuest' is clicked on

2022-03-09 12:28:53 - [MESSAGE][PASSED] - Object: 'Object Repository/Modulo Tarea Administracion Compensacion/Creacion Puesto de Trabajo/a_Unidad Jerarquica_datosPuest' is clicked on

2022-03-09 12:28:53 - [TEST_STEP][PASSED] - setText(findTestObject("Modulo Tarea Administracion Compensacion/Creacion Puesto de Trabajo/input_Unidad_datosPuestoTrabajo_formj_idt1355"), "1"): Text '1' is set on object 'Object Repository/Modulo Tarea Administracion Compensacion/Creacion Puesto de Trabajo/input_Unidad_datosPuestoTrabajo_formj_idt1355'

2022-03-09 12:28:54 - [MESSAGE][PASSED] - Text '1' is set on object 'Object Repository/Modulo Tarea Administracion Compensacion/Creacion Puesto de Trabajo/input_Unidad_datosPuestoTrabajo_formj_idt1355'

2022-03-09 12:28:54 - [TEST_STEP][PASSED] - sendKeys(findTestObject("Modulo Tarea Administracion Compensacion/Creacion Puesto de Trabajo/input_Unidad_datosPuestoTrabajo_formj_idt1355"), Keys.chord(ENTER)): Keys 'ENTER + ' sent to object: 'Object Repository/Modulo Tarea Administracion Compensacion/Creacion Puesto de Trabajo/input_Unidad_datosPuestoTrabajo_formj_idt1355'

2022-03-09 12:28:54 - [MESSAGE][PASSED] - Keys 'ENTER + ' sent to object: 'Object Repository/Modulo Tarea Administracion Compensacion/Creacion Puesto de Trabajo/input_Unidad_datosPuestoTrabajo_formj_idt1355'

2022-03-09 12:28:54 - [TEST_STEP][PASSED] - waitForElementClickable(findTestObject("Modulo Tarea Administracion Compensacion/Creacion Puesto de Trabajo/span_ADMINISTRACION"), G_TimeOut): Object 'Object Repository/Modulo Tarea Administracion Compensacion/Creacion Puesto de Trabajo/span_ADMINISTRACION' is clickable

2022-03-09 12:28:55 - [MESSAGE][PASSED] - Object 'Object Repository/Modulo Tarea Administracion Compensacion/Creacion Puesto de Trabajo/span_ADMINISTRACION' is clickable

2022-03-09 12:28:55 - [TEST_STEP][PASSED] - click(findTestObject("Modulo Tarea Administracion Compensacion/Creacion Puesto de Trabajo/span_ADMINISTRACION")): Object: 'Object Repository/Modulo Tarea Administracion Compensacion/Creacion Puesto de Trabajo/span_ADMINISTRACION' is clicked on

2022-03-09 12:28:55 - [MESSAGE][PASSED] - Object: 'Object Repository/Modulo Tarea Administracion Compensacion/Creacion Puesto de Trabajo/span_ADMINISTRACION' is clicked on

2022-03-09 12:28:55 - [TEST_STEP][PASSED] - waitForElementClickable(findTestObject("Modulo Tarea Administracion Compensacion/Creacion Puesto de Trabajo/label_No"), G_TimeOut): Object 'Object Repository/Modulo Tarea Administracion Compensacion/Creacion Puesto de Trabajo/label_No' is clickable

2022-03-09 12:28:56 - [MESSAGE][PASSED] - Object 'Object Repository/Modulo Tarea Administracion Compensacion/Creacion Puesto de Trabajo/label_No' is clickable

2022-03-09 12:28:56 - [TEST_STEP][PASSED] - click(findTestObject("Modulo Tarea Administracion Compensacion/Creacion Puesto de Trabajo/label_No")): Object: 'Object Repository/Modulo Tarea Administracion Compensacion/Creacion Puesto de Trabajo/label_No' is clicked on

2022-03-09 12:28:57 - [MESSAGE][PASSED] - Object: 'Object Repository/Modulo Tarea Administracion Compensacion/Creacion Puesto de Trabajo/label_No' is clicked on

2022-03-09 12:28:57 - [TEST_STEP][PASSED] - waitForElementClickable(findTestObject("Modulo Tarea Administracion Compensacion/Creacion Puesto de Trabajo/span_Actualizar"), G_TimeOut): Object 'Object Repository/Modulo Tarea Administracion Compensacion/Creacion Puesto de Trabajo/span_Actualizar' is clickable

2022-03-09 12:28:57 - [MESSAGE][PASSED] - Object 'Object Repository/Modulo Tarea Administracion Compensacion/Creacion Puesto de Trabajo/span_Actualizar' is clickable

2022-03-09 12:28:57 - [TEST_STEP][PASSED] - click(findTestObject("Modulo Tarea Administracion Compensacion/Creacion Puesto de Trabajo/span_Actualizar")): Object: 'Object Repository/Modulo Tarea Administracion Compensacion/Creacion Puesto de Trabajo/span_Actualizar' is clicked on

2022-03-09 12:28:58 - [MESSAGE][PASSED] - Object: 'Object Repository/Modulo Tarea Administracion Compensacion/Creacion Puesto de Trabajo/span_Actualizar' is clicked on

2022-03-09 12:28:58 - [TEST_STEP][PASSED] - waitForElementClickable(findTestObject("Modulo Tarea Administracion Compensacion/Creacion Puesto de Trabajo/a_Titular_datosPuestoTrabajo_f"), G_TimeOut): Object 'Object Repository/Modulo Tarea Administracion Compensacion/Creacion Puesto de Trabajo/a_Titular_datosPuestoTrabajo_f' is clickable

2022-03-09 12:28:58 - [MESSAGE][PASSED] - Object 'Object Repository/Modulo Tarea Administracion Compensacion/Creacion Puesto de Trabajo/a_Titular_datosPuestoTrabajo_f' is clickable

2022-03-09 12:28:58 - [TEST_STEP][PASSED] - click(findTestObject("Modulo Tarea Administracion Compensacion/Creacion Puesto de Trabajo/a_Titular_datosPuestoTrabajo_f")): Object: 'Object Repository/Modulo Tarea Administracion Compensacion/Creacion Puesto de Trabajo/a_Titular_datosPuestoTrabajo_f' is clicked on

2022-03-09 12:28:59 - [MESSAGE][PASSED] - Object: 'Object Repository/Modulo Tarea Administracion Compensacion/Creacion Puesto de Trabajo/a_Titular_datosPuestoTrabajo_f' is clicked on

2022-03-09 12:28:59 - [TEST_STEP][PASSED] - setText(findTestObject("Modulo Tarea Administracion Compensacion/Creacion Puesto de Trabajo/input_Filtro Empleado_datosPuesto"), "66666"): Text '66666' is set on object 'Object Repository/Modulo Tarea Administracion Compensacion/Creacion Puesto de Trabajo/input_Filtro Empleado_datosPuesto'

2022-03-09 12:29:00 - [MESSAGE][PASSED] - Text '66666' is set on object 'Object Repository/Modulo Tarea Administracion Compensacion/Creacion Puesto de Trabajo/input_Filtro Empleado_datosPuesto'

2022-03-09 12:29:00 - [TEST_STEP][PASSED] - sendKeys(findTestObject("Modulo Tarea Administracion Compensacion/Creacion Puesto de Trabajo/input_Filtro Empleado_datosPuesto"), Keys.chord(ENTER)): Keys 'ENTER + ' sent to object: 'Object Repository/Modulo Tarea Administracion Compensacion/Creacion Puesto de Trabajo/input_Filtro Empleado_datosPuesto'

2022-03-09 12:29:00 - [MESSAGE][PASSED] - Keys 'ENTER + ' sent to object: 'Object Repository/Modulo Tarea Administracion Compensacion/Creacion Puesto de Trabajo/input_Filtro Empleado_datosPuesto'

2022-03-09 12:29:00 - [TEST_STEP][PASSED] - waitForElementClickable(findTestObject("Modulo Tarea Administracion Compensacion/Creacion Puesto de Trabajo/span_SALGADO PAULA"), G_TimeOut): Object 'Object Repository/Modulo Tarea Administracion Compensacion/Creacion Puesto de Trabajo/span_SALGADO PAULA' is clickable

2022-03-09 12:29:01 - [MESSAGE][PASSED] - Object 'Object Repository/Modulo Tarea Administracion Compensacion/Creacion Puesto de Trabajo/span_SALGADO PAULA' is clickable

2022-03-09 12:29:01 - [TEST_STEP][PASSED] - click(findTestObject("Modulo Tarea Administracion Compensacion/Creacion Puesto de Trabajo/span_SALGADO PAULA")): Object: 'Object Repository/Modulo Tarea Administracion Compensacion/Creacion Puesto de Trabajo/span_SALGADO PAULA' is clicked on

2022-03-09 12:29:01 - [MESSAGE][PASSED] - Object: 'Object Repository/Modulo Tarea Administracion Compensacion/Creacion Puesto de Trabajo/span_SALGADO PAULA' is clicked on

2022-03-09 12:29:01 - [TEST_STEP][PASSED] - waitForElementClickable(findTestObject("Modulo Tarea Administracion Compensacion/Creacion Puesto de Trabajo/a_Temporal_datosPuestoTrabajo_"), G_TimeOut): Object 'Object Repository/Modulo Tarea Administracion Compensacion/Creacion Puesto de Trabajo/a_Temporal_datosPuestoTrabajo_' is clickable

2022-03-09 12:29:02 - [MESSAGE][PASSED] - Object 'Object Repository/Modulo Tarea Administracion Compensacion/Creacion Puesto de Trabajo/a_Temporal_datosPuestoTrabajo_' is clickable

2022-03-09 12:29:02 - [TEST_STEP][PASSED] - click(findTestObject("Modulo Tarea Administracion Compensacion/Creacion Puesto de Trabajo/a_Temporal_datosPuestoTrabajo_")): Object: 'Object Repository/Modulo Tarea Administracion Compensacion/Creacion Puesto de Trabajo/a_Temporal_datosPuestoTrabajo_' is clicked on

2022-03-09 12:29:03 - [MESSAGE][PASSED] - Object: 'Object Repository/Modulo Tarea Administracion Compensacion/Creacion Puesto de Trabajo/a_Temporal_datosPuestoTrabajo_' is clicked on

2022-03-09 12:29:03 - [TEST_STEP][PASSED] - waitForElementClickable(findTestObject("Modulo Tarea Administracion Compensacion/Creacion Puesto de Trabajo/span_SALGADO PAULA"), G_TimeOut): Object 'Object Repository/Modulo Tarea Administracion Compensacion/Creacion Puesto de Trabajo/span_SALGADO PAULA' is clickable

2022-03-09 12:29:04 - [MESSAGE][PASSED] - Object 'Object Repository/Modulo Tarea Administracion Compensacion/Creacion Puesto de Trabajo/span_SALGADO PAULA' is clickable

2022-03-09 12:29:04 - [TEST_STEP][PASSED] - click(findTestObject("Modulo Tarea Administracion Compensacion/Creacion Puesto de Trabajo/span_SALGADO PAULA")): Object: 'Object Repository/Modulo Tarea Administracion Compensacion/Creacion Puesto de Trabajo/span_SALGADO PAULA' is clicked on

2022-03-09 12:29:04 - [MESSAGE][PASSED] - Object: 'Object Repository/Modulo Tarea Administracion Compensacion/Creacion Puesto de Trabajo/span_SALGADO PAULA' is clicked on

2022-03-09 12:29:04 - [TEST_STEP][PASSED] - waitForElementClickable(findTestObject("Modulo Tarea Administracion Compensacion/Creacion Puesto de Trabajo/a_Funcin_datosPuestoTrabajo_fo"), G_TimeOut): Object 'Object Repository/Modulo Tarea Administracion Compensacion/Creacion Puesto de Trabajo/a_Funcin_datosPuestoTrabajo_fo' is clickable

2022-03-09 12:29:05 - [MESSAGE][PASSED] - Object 'Object Repository/Modulo Tarea Administracion Compensacion/Creacion Puesto de Trabajo/a_Funcin_datosPuestoTrabajo_fo' is clickable

2022-03-09 12:29:05 - [TEST_STEP][PASSED] - click(findTestObject("Modulo Tarea Administracion Compensacion/Creacion Puesto de Trabajo/a_Funcin_datosPuestoTrabajo_fo")): Object: 'Object Repository/Modulo Tarea Administracion Compensacion/Creacion Puesto de Trabajo/a_Funcin_datosPuestoTrabajo_fo' is clicked on

2022-03-09 12:29:06 - [MESSAGE][PASSED] - Object: 'Object Repository/Modulo Tarea Administracion Compensacion/Creacion Puesto de Trabajo/a_Funcin_datosPuestoTrabajo_fo' is clicked on

2022-03-09 12:29:06 - [TEST_STEP][PASSED] - waitForElementClickable(findTestObject("Modulo Tarea Administracion Compensacion/Creacion Puesto de Trabajo/span_SALGADO PAULA"), G_TimeOut): Object 'Object Repository/Modulo Tarea Administracion Compensacion/Creacion Puesto de Trabajo/span_SALGADO PAULA' is clickable

2022-03-09 12:29:08 - [MESSAGE][PASSED] - Object 'Object Repository/Modulo Tarea Administracion Compensacion/Creacion Puesto de Trabajo/span_SALGADO PAULA' is clickable

2022-03-09 12:29:08 - [TEST_STEP][PASSED] - click(findTestObject("Modulo Tarea Administracion Compensacion/Creacion Puesto de Trabajo/span_SALGADO PAULA")): Object: 'Object Repository/Modulo Tarea Administracion Compensacion/Creacion Puesto de Trabajo/span_SALGADO PAULA' is clicked on

2022-03-09 12:29:09 - [MESSAGE][PASSED] - Object: 'Object Repository/Modulo Tarea Administracion Compensacion/Creacion Puesto de Trabajo/span_SALGADO PAULA' is clicked on

2022-03-09 12:29:09 - [TEST_STEP][PASSED] - waitForElementClickable(findTestObject("Modulo Tarea Administracion Compensacion/Creacion Puesto de Trabajo/a_Empalme_datosPuestoTrabajo"), G_TimeOut): Object 'Object Repository/Modulo Tarea Administracion Compensacion/Creacion Puesto de Trabajo/a_Empalme_datosPuestoTrabajo' is clickable

2022-03-09 12:29:09 - [MESSAGE][PASSED] - Object 'Object Repository/Modulo Tarea Administracion Compensacion/Creacion Puesto de Trabajo/a_Empalme_datosPuestoTrabajo' is clickable

2022-03-09 12:29:09 - [TEST_STEP][PASSED] - click(findTestObject("Modulo Tarea Administracion Compensacion/Creacion Puesto de Trabajo/a_Empalme_datosPuestoTrabajo")): Object: 'Object Repository/Modulo Tarea Administracion Compensacion/Creacion Puesto de Trabajo/a_Empalme_datosPuestoTrabajo' is clicked on

2022-03-09 12:29:10 - [MESSAGE][PASSED] - Object: 'Object Repository/Modulo Tarea Administracion Compensacion/Creacion Puesto de Trabajo/a_Empalme_datosPuestoTrabajo' is clicked on

2022-03-09 12:29:10 - [TEST_STEP][PASSED] - waitForElementClickable(findTestObject("Modulo Tarea Administracion Compensacion/Creacion Puesto de Trabajo/span_SALGADO PAULA"), G_TimeOut): Object 'Object Repository/Modulo Tarea Administracion Compensacion/Creacion Puesto de Trabajo/span_SALGADO PAULA' is clickable

2022-03-09 12:29:11 - [MESSAGE][PASSED] - Object 'Object Repository/Modulo Tarea Administracion Compensacion/Creacion Puesto de Trabajo/span_SALGADO PAULA' is clickable

2022-03-09 12:29:11 - [TEST_STEP][PASSED] - click(findTestObject("Modulo Tarea Administracion Compensacion/Creacion Puesto de Trabajo/span_SALGADO PAULA")): Object: 'Object Repository/Modulo Tarea Administracion Compensacion/Creacion Puesto de Trabajo/span_SALGADO PAULA' is clicked on

2022-03-09 12:29:11 - [MESSAGE][PASSED] - Object: 'Object Repository/Modulo Tarea Administracion Compensacion/Creacion Puesto de Trabajo/span_SALGADO PAULA' is clicked on

2022-03-09 12:29:11 - [TEST_STEP][PASSED] - waitForElementClickable(findTestObject("Modulo Tarea Administracion Compensacion/Creacion Puesto de Trabajo/a_Zona Econmica _datosPuestoTr"), G_TimeOut): Object 'Object Repository/Modulo Tarea Administracion Compensacion/Creacion Puesto de Trabajo/a_Zona Econmica _datosPuestoTr' is clickable

2022-03-09 12:29:12 - [MESSAGE][PASSED] - Object 'Object Repository/Modulo Tarea Administracion Compensacion/Creacion Puesto de Trabajo/a_Zona Econmica _datosPuestoTr' is clickable

2022-03-09 12:29:12 - [TEST_STEP][PASSED] - click(findTestObject("Modulo Tarea Administracion Compensacion/Creacion Puesto de Trabajo/a_Zona Econmica _datosPuestoTr")): Object: 'Object Repository/Modulo Tarea Administracion Compensacion/Creacion Puesto de Trabajo/a_Zona Econmica _datosPuestoTr' is clicked on

2022-03-09 12:29:12 - [MESSAGE][PASSED] - Object: 'Object Repository/Modulo Tarea Administracion Compensacion/Creacion Puesto de Trabajo/a_Zona Econmica _datosPuestoTr' is clicked on

2022-03-09 12:29:12 - [TEST_STEP][PASSED] - waitForElementClickable(findTestObject("Modulo Tarea Administracion Compensacion/Creacion Puesto de Trabajo/span_QUINCENAL"), G_TimeOut): Object 'Object Repository/Modulo Tarea Administracion Compensacion/Creacion Puesto de Trabajo/span_QUINCENAL' is clickable

2022-03-09 12:29:13 - [MESSAGE][PASSED] - Object 'Object Repository/Modulo Tarea Administracion Compensacion/Creacion Puesto de Trabajo/span_QUINCENAL' is clickable

2022-03-09 12:29:13 - [TEST_STEP][PASSED] - click(findTestObject("Modulo Tarea Administracion Compensacion/Creacion Puesto de Trabajo/span_QUINCENAL")): Object: 'Object Repository/Modulo Tarea Administracion Compensacion/Creacion Puesto de Trabajo/span_QUINCENAL' is clicked on

2022-03-09 12:29:14 - [MESSAGE][PASSED] - Object: 'Object Repository/Modulo Tarea Administracion Compensacion/Creacion Puesto de Trabajo/span_QUINCENAL' is clicked on

2022-03-09 12:29:14 - [TEST_STEP][PASSED] - waitForElementClickable(findTestObject("Modulo Tarea Administracion Compensacion/Creacion Puesto de Trabajo/select_-- Seleccione empleados"), G_TimeOut): Object 'Object Repository/Modulo Tarea Administracion Compensacion/Creacion Puesto de Trabajo/select_-- Seleccione empleados' is clickable

2022-03-09 12:29:14 - [MESSAGE][PASSED] - Object 'Object Repository/Modulo Tarea Administracion Compensacion/Creacion Puesto de Trabajo/select_-- Seleccione empleados' is clickable

2022-03-09 12:29:14 - [TEST_STEP][PASSED] - click(findTestObject("Modulo Tarea Administracion Compensacion/Creacion Puesto de Trabajo/select_-- Seleccione empleados")): Object: 'Object Repository/Modulo Tarea Administracion Compensacion/Creacion Puesto de Trabajo/select_-- Seleccione empleados' is clicked on

2022-03-09 12:29:15 - [MESSAGE][PASSED] - Object: 'Object Repository/Modulo Tarea Administracion Compensacion/Creacion Puesto de Trabajo/select_-- Seleccione empleados' is clicked on

2022-03-09 12:29:15 - [TEST_STEP][PASSED] - selectOptionByIndex(findTestObject("Modulo Tarea Administracion Compensacion/Creacion Puesto de Trabajo/select_-- Seleccione empleados_lineacosto"), "1"): All options with index in [1] are selected on object 'Object Repository/Modulo Tarea Administracion Compensacion/Creacion Puesto de Trabajo/select_-- Seleccione empleados_lineacosto'

2022-03-09 12:29:16 - [MESSAGE][PASSED] - All options with index in [1] are selected on object 'Object Repository/Modulo Tarea Administracion Compensacion/Creacion Puesto de Trabajo/select_-- Seleccione empleados_lineacosto'

2022-03-09 12:29:16 - [TEST_STEP][PASSED] - waitForElementClickable(findTestObject("Modulo Tarea Administracion Compensacion/Creacion Puesto de Trabajo/select_-- Seleccione Ubicacin"), G_TimeOut): Object 'Object Repository/Modulo Tarea Administracion Compensacion/Creacion Puesto de Trabajo/select_-- Seleccione Ubicacin' is clickable

2022-03-09 12:29:17 - [MESSAGE][PASSED] - Object 'Object Repository/Modulo Tarea Administracion Compensacion/Creacion Puesto de Trabajo/select_-- Seleccione Ubicacin' is clickable

2022-03-09 12:29:17 - [TEST_STEP][PASSED] - click(findTestObject("Modulo Tarea Administracion Compensacion/Creacion Puesto de Trabajo/select_-- Seleccione Ubicacin")): Object: 'Object Repository/Modulo Tarea Administracion Compensacion/Creacion Puesto de Trabajo/select_-- Seleccione Ubicacin' is clicked on

2022-03-09 12:29:18 - [MESSAGE][PASSED] - Object: 'Object Repository/Modulo Tarea Administracion Compensacion/Creacion Puesto de Trabajo/select_-- Seleccione Ubicacin' is clicked on

2022-03-09 12:29:18 - [TEST_STEP][PASSED] - selectOptionByIndex(findTestObject("Modulo Tarea Administracion Compensacion/Creacion Puesto de Trabajo/select_-- Seleccione Ubicacin"), "106"): All options with index in [106] are selected on object 'Object Repository/Modulo Tarea Administracion Compensacion/Creacion Puesto de Trabajo/select_-- Seleccione Ubicacin'

2022-03-09 12:29:23 - [MESSAGE][PASSED] - All options with index in [106] are selected on object 'Object Repository/Modulo Tarea Administracion Compensacion/Creacion Puesto de Trabajo/select_-- Seleccione Ubicacin'

2022-03-09 12:29:23 - [TEST_STEP][PASSED] - waitForElementClickable(findTestObject("Modulo Tarea Administracion Compensacion/Creacion Puesto de Trabajo/select_2120 HORAS1240 HORAS"), G_TimeOut): Object 'Object Repository/Modulo Tarea Administracion Compensacion/Creacion Puesto de Trabajo/select_2120 HORAS1240 HORAS' is clickable

2022-03-09 12:29:23 - [MESSAGE][PASSED] - Object 'Object Repository/Modulo Tarea Administracion Compensacion/Creacion Puesto de Trabajo/select_2120 HORAS1240 HORAS' is clickable

2022-03-09 12:29:23 - [TEST_STEP][PASSED] - click(findTestObject("Modulo Tarea Administracion Compensacion/Creacion Puesto de Trabajo/select_2120 HORAS1240 HORAS")): Object: 'Object Repository/Modulo Tarea Administracion Compensacion/Creacion Puesto de Trabajo/select_2120 HORAS1240 HORAS' is clicked on

2022-03-09 12:29:24 - [MESSAGE][PASSED] - Object: 'Object Repository/Modulo Tarea Administracion Compensacion/Creacion Puesto de Trabajo/select_2120 HORAS1240 HORAS' is clicked on

2022-03-09 12:29:24 - [TEST_STEP][PASSED] - selectOptionByIndex(findTestObject("Modulo Tarea Administracion Compensacion/Creacion Puesto de Trabajo/select_2120 HORAS1240 HORAS"), "4"): All options with index in [4] are selected on object 'Object Repository/Modulo Tarea Administracion Compensacion/Creacion Puesto de Trabajo/select_2120 HORAS1240 HORAS'

2022-03-09 12:29:25 - [MESSAGE][PASSED] - All options with index in [4] are selected on object 'Object Repository/Modulo Tarea Administracion Compensacion/Creacion Puesto de Trabajo/select_2120 HORAS1240 HORAS'

2022-03-09 12:29:25 - [TEST_STEP][PASSED] - waitForElementClickable(findTestObject("Modulo Tarea Administracion Compensacion/Creacion Puesto de Trabajo/select_12kataloonNOMINA CATORCENAL"), G_TimeOut): Object 'Object Repository/Modulo Tarea Administracion Compensacion/Creacion Puesto de Trabajo/select_12kataloonNOMINA CATORCENAL' is clickable

2022-03-09 12:29:26 - [MESSAGE][PASSED] - Object 'Object Repository/Modulo Tarea Administracion Compensacion/Creacion Puesto de Trabajo/select_12kataloonNOMINA CATORCENAL' is clickable

2022-03-09 12:29:26 - [TEST_STEP][PASSED] - click(findTestObject("Modulo Tarea Administracion Compensacion/Creacion Puesto de Trabajo/select_12kataloonNOMINA CATORCENAL")): Object: 'Object Repository/Modulo Tarea Administracion Compensacion/Creacion Puesto de Trabajo/select_12kataloonNOMINA CATORCENAL' is clicked on

2022-03-09 12:29:26 - [MESSAGE][PASSED] - Object: 'Object Repository/Modulo Tarea Administracion Compensacion/Creacion Puesto de Trabajo/select_12kataloonNOMINA CATORCENAL' is clicked on

2022-03-09 12:29:26 - [TEST_STEP][PASSED] - selectOptionByIndex(findTestObject("Modulo Tarea Administracion Compensacion/Creacion Puesto de Trabajo/select_12kataloonNOMINA CATORCENAL"), "7"): All options with index in [7] are selected on object 'Object Repository/Modulo Tarea Administracion Compensacion/Creacion Puesto de Trabajo/select_12kataloonNOMINA CATORCENAL'

2022-03-09 12:29:28 - [MESSAGE][PASSED] - All options with index in [7] are selected on object 'Object Repository/Modulo Tarea Administracion Compensacion/Creacion Puesto de Trabajo/select_12kataloonNOMINA CATORCENAL'

2022-03-09 12:29:28 - [TEST_STEP][PASSED] - waitForElementClickable(findTestObject("Modulo Tarea Administracion Compensacion/Creacion Puesto de Trabajo/select_--- Seleccione Vinculac"), G_TimeOut): Object 'Object Repository/Modulo Tarea Administracion Compensacion/Creacion Puesto de Trabajo/select_--- Seleccione Vinculac' is clickable

2022-03-09 12:29:28 - [MESSAGE][PASSED] - Object 'Object Repository/Modulo Tarea Administracion Compensacion/Creacion Puesto de Trabajo/select_--- Seleccione Vinculac' is clickable

2022-03-09 12:29:28 - [TEST_STEP][PASSED] - click(findTestObject("Modulo Tarea Administracion Compensacion/Creacion Puesto de Trabajo/select_--- Seleccione Vinculac")): Object: 'Object Repository/Modulo Tarea Administracion Compensacion/Creacion Puesto de Trabajo/select_--- Seleccione Vinculac' is clicked on

2022-03-09 12:29:29 - [MESSAGE][PASSED] - Object: 'Object Repository/Modulo Tarea Administracion Compensacion/Creacion Puesto de Trabajo/select_--- Seleccione Vinculac' is clicked on

2022-03-09 12:29:29 - [TEST_STEP][PASSED] - selectOptionByIndex(findTestObject("Modulo Tarea Administracion Compensacion/Creacion Puesto de Trabajo/select_--- Seleccione Vinculac"), "8"): All options with index in [8] are selected on object 'Object Repository/Modulo Tarea Administracion Compensacion/Creacion Puesto de Trabajo/select_--- Seleccione Vinculac'

2022-03-09 12:29:30 - [MESSAGE][PASSED] - All options with index in [8] are selected on object 'Object Repository/Modulo Tarea Administracion Compensacion/Creacion Puesto de Trabajo/select_--- Seleccione Vinculac'

2022-03-09 12:29:30 - [TEST_STEP][PASSED] - waitForElementClickable(findTestObject("Modulo Tarea Administracion Compensacion/Creacion Puesto de Trabajo/select_--Seleccione--ADMINISTR"), G_TimeOut): Object 'Object Repository/Modulo Tarea Administracion Compensacion/Creacion Puesto de Trabajo/select_--Seleccione--ADMINISTR' is clickable

2022-03-09 12:29:31 - [MESSAGE][PASSED] - Object 'Object Repository/Modulo Tarea Administracion Compensacion/Creacion Puesto de Trabajo/select_--Seleccione--ADMINISTR' is clickable

2022-03-09 12:29:31 - [TEST_STEP][PASSED] - click(findTestObject("Modulo Tarea Administracion Compensacion/Creacion Puesto de Trabajo/select_--Seleccione--ADMINISTR")): Object: 'Object Repository/Modulo Tarea Administracion Compensacion/Creacion Puesto de Trabajo/select_--Seleccione--ADMINISTR' is clicked on

2022-03-09 12:29:31 - [MESSAGE][PASSED] - Object: 'Object Repository/Modulo Tarea Administracion Compensacion/Creacion Puesto de Trabajo/select_--Seleccione--ADMINISTR' is clicked on

2022-03-09 12:29:31 - [TEST_STEP][PASSED] - selectOptionByIndex(findTestObject("Modulo Tarea Administracion Compensacion/Creacion Puesto de Trabajo/select_--Seleccione--ADMINISTR"), "1"): All options with index in [1] are selected on object 'Object Repository/Modulo Tarea Administracion Compensacion/Creacion Puesto de Trabajo/select_--Seleccione--ADMINISTR'

2022-03-09 12:29:32 - [MESSAGE][PASSED] - All options with index in [1] are selected on object 'Object Repository/Modulo Tarea Administracion Compensacion/Creacion Puesto de Trabajo/select_--Seleccione--ADMINISTR'

2022-03-09 12:29:32 - [TEST_STEP][PASSED] - waitForElementClickable(findTestObject("Modulo Tarea Administracion Compensacion/Creacion Puesto de Trabajo/input_Mesada _datosPuestoTraba"), 0): Object 'Object Repository/Modulo Tarea Administracion Compensacion/Creacion Puesto de Trabajo/input_Mesada _datosPuestoTraba' is clickable

2022-03-09 12:29:32 - [MESSAGE][WARNING] - Timeout '0' is invalid. Using default page load timeout: '30'

2022-03-09 12:29:33 - [MESSAGE][PASSED] - Object 'Object Repository/Modulo Tarea Administracion Compensacion/Creacion Puesto de Trabajo/input_Mesada _datosPuestoTraba' is clickable

2022-03-09 12:29:33 - [TEST_STEP][PASSED] - setText(findTestObject("Modulo Tarea Administracion Compensacion/Creacion Puesto de Trabajo/input_Mesada _datosPuestoTraba"), "120000"): Text '120000' is set on object 'Object Repository/Modulo Tarea Administracion Compensacion/Creacion Puesto de Trabajo/input_Mesada _datosPuestoTraba'

2022-03-09 12:29:34 - [MESSAGE][PASSED] - Text '120000' is set on object 'Object Repository/Modulo Tarea Administracion Compensacion/Creacion Puesto de Trabajo/input_Mesada _datosPuestoTraba'

2022-03-09 12:29:34 - [TEST_STEP][PASSED] - click(findTestObject("Modulo Tarea Administracion Compensacion/Creacion Puesto de Trabajo/span_Actualizar_1")): Object: 'Object Repository/Modulo Tarea Administracion Compensacion/Creacion Puesto de Trabajo/span_Actualizar_1' is clicked on

2022-03-09 12:29:34 - [MESSAGE][PASSED] - Object: 'Object Repository/Modulo Tarea Administracion Compensacion/Creacion Puesto de Trabajo/span_Actualizar_1' is clicked on

2022-03-09 12:29:34 - [TEST_STEP][PASSED] - getText(findTestObject("Alerta/Alerta")): Text of object 'Object Repository/Alerta/Alerta' is: 'Se Inserto el registro correctamente'

2022-03-09 12:29:35 - [MESSAGE][PASSED] - Text of object 'Object Repository/Alerta/Alerta' is: 'Se Inserto el registro correctamente'

2022-03-09 12:29:35 - [TEST_STEP][PASSED] - closeBrowser(): Browser is closed

2022-03-09 12:29:36 - [MESSAGE][PASSED] - Browser is closed]]></system-out>
         <system-err><![CDATA[]]></system-err>
      </testcase>
      <testcase name="Test Cases/1.1-Tareas Principales/1.4.5-Actualizacion de Datos en Puesto de Trabajo" time="57.187" classname="Test Cases/1.1-Tareas Principales/1.4.5-Actualizacion de Datos en Puesto de Trabajo" status="PASSED">
         <system-out><![CDATA[2022-03-09 12:29:36 - [TEST_CASE][PASSED] - Test Cases/1.1-Tareas Principales/1.4.5-Actualizacion de Datos en Puesto de Trabajo: Test Cases/1.1-Tareas Principales/1.4.5-Actualizacion de Datos en Puesto de Trabajo

2022-03-09 12:29:37 - [TEST_STEP][PASSED] - random_double = Math.random() * 9999 + 999: null

2022-03-09 12:29:37 - [TEST_STEP][PASSED] - random_double = Math.round(random_double * 100 + 1000000): null

2022-03-09 12:29:37 - [TEST_STEP][PASSED] - identificacion = toString().replace(".0", ""): null

2022-03-09 12:29:37 - [TEST_STEP][PASSED] - callTestCase(findTestCase("Utilidades-(atajos_para _tareas)/Tareas Administracion Compensacion/Tarea Planta Personal"), [:], STOP_ON_FAILURE): Call Test Case 'Test Cases/Utilidades-(atajos_para _tareas)/Tareas Administracion Compensacion/Tarea Planta Personal' successfully

2022-03-09 12:29:37 - [TEST_CASE][PASSED] - Test Cases/Utilidades-(atajos_para _tareas)/Tareas Administracion Compensacion/Tarea Planta Personal: Test Cases/Utilidades-(atajos_para _tareas)/Tareas Administracion Compensacion/Tarea Planta Personal

2022-03-09 12:29:37 - [TEST_STEP][PASSED] - callTestCase(findTestCase("0.1-Login"), [:], STOP_ON_FAILURE): Call Test Case 'Test Cases/0.1-Login' successfully

2022-03-09 12:29:37 - [TEST_CASE][PASSED] - Test Cases/0.1-Login: Test Cases/0.1-Login

2022-03-09 12:29:37 - [TEST_STEP][PASSED] - openBrowser(""): Browser is opened with url: ''

2022-03-09 12:29:37 - [MESSAGE][INFO] - Starting 'Chrome' driver

2022-03-09 12:29:37 - [MESSAGE][INFO] - Action delay is set to 0 milliseconds

2022-03-09 12:29:39 - [MESSAGE][PASSED] - Browser is opened with url: ''

2022-03-09 12:29:39 - [TEST_STEP][PASSED] - maximizeWindow(): Current window maximized

2022-03-09 12:29:39 - [MESSAGE][PASSED] - Current window maximized

2022-03-09 12:29:39 - [TEST_STEP][PASSED] - i = G_Login: null

2022-03-09 12:29:39 - [TEST_STEP][PASSED] - url = new java.net.URL(i): null

2022-03-09 12:29:39 - [TEST_STEP][PASSED] - println("URL: " + url.toString()): null

2022-03-09 12:29:39 - [TEST_STEP][PASSED] - connection = url.openConnection(): null

2022-03-09 12:29:39 - [TEST_STEP][PASSED] - connection.setRequestMethod("GET"): null

2022-03-09 12:29:39 - [TEST_STEP][PASSED] - connection.setReadTimeout(2 * 1000): null

2022-03-09 12:29:39 - [TEST_STEP][PASSED] - try: null

2022-03-09 12:29:39 - [TEST_STEP][PASSED] - connection.connect(): null

2022-03-09 12:29:39 - [TEST_STEP][PASSED] - flag = connected: null

2022-03-09 12:29:39 - [TEST_STEP][PASSED] - println("Valor_ori: " + flag): null

2022-03-09 12:29:39 - [TEST_STEP][PASSED] - if (flag): null

2022-03-09 12:29:39 - [TEST_STEP][PASSED] - navigateToUrl(i): Navigate to 'http://192.168.2.80:8380/saraweb' successfully

2022-03-09 12:29:39 - [MESSAGE][PASSED] - Navigate to 'http://192.168.2.80:8380/saraweb' successfully

2022-03-09 12:29:39 - [TEST_STEP][PASSED] - a(): null

2022-03-09 12:29:39 - [TEST_STEP][PASSED] - setText(findTestObject("Login/input_USUARIO_loginusuario"), G_Usuario): Text 'saraadmin' is set on object 'Object Repository/Login/input_USUARIO_loginusuario'

2022-03-09 12:29:40 - [MESSAGE][PASSED] - Text 'saraadmin' is set on object 'Object Repository/Login/input_USUARIO_loginusuario'

2022-03-09 12:29:40 - [TEST_STEP][PASSED] - setEncryptedText(findTestObject("Login/input_CLAVE_loginpassword"), "MkG4/TYiCFC3cb2driP7+Q=="): Text ****** has been set on object 'Object Repository/Login/input_CLAVE_loginpassword'

2022-03-09 12:29:40 - [MESSAGE][PASSED] - Text ****** has been set on object 'Object Repository/Login/input_CLAVE_loginpassword'

2022-03-09 12:29:40 - [TEST_STEP][PASSED] - waitForElementClickable(findTestObject("Login/a_Ingresar"), G_TimeOut): Object 'Object Repository/Login/a_Ingresar' is clickable

2022-03-09 12:29:41 - [MESSAGE][PASSED] - Object 'Object Repository/Login/a_Ingresar' is clickable

2022-03-09 12:29:41 - [TEST_STEP][PASSED] - click(findTestObject("Login/a_Ingresar")): Object: 'Object Repository/Login/a_Ingresar' is clicked on

2022-03-09 12:29:42 - [MESSAGE][PASSED] - Object: 'Object Repository/Login/a_Ingresar' is clicked on

2022-03-09 12:29:42 - [TEST_STEP][PASSED] - element = findWebElement(findTestObject("Login/a_Ir"), 30): null

2022-03-09 12:29:43 - [TEST_STEP][PASSED] - executeJavaScript("arguments[0].click()", Arrays.asList(element)): Execute JavaScript 'arguments[0].click()' successfully

2022-03-09 12:29:43 - [MESSAGE][PASSED] - Execute JavaScript 'arguments[0].click()' successfully

2022-03-09 12:29:43 - [MESSAGE][PASSED] - Call Test Case 'Test Cases/0.1-Login' successfully

2022-03-09 12:29:43 - [TEST_STEP][PASSED] - delay(2): Delayed 2 second(s)

2022-03-09 12:29:45 - [MESSAGE][PASSED] - Delayed 2 second(s)

2022-03-09 12:29:45 - [TEST_STEP][PASSED] - setText(findTestObject("Modulo Tarea Administracion Compensacion/Tarea Planta Personal/input_Ir_nav_t66_input"), "Planta Personal"): Text 'Planta Personal' is set on object 'Object Repository/Modulo Tarea Administracion Compensacion/Tarea Planta Personal/input_Ir_nav_t66_input'

2022-03-09 12:29:45 - [MESSAGE][PASSED] - Text 'Planta Personal' is set on object 'Object Repository/Modulo Tarea Administracion Compensacion/Tarea Planta Personal/input_Ir_nav_t66_input'

2022-03-09 12:29:45 - [TEST_STEP][PASSED] - delay(2): Delayed 2 second(s)

2022-03-09 12:29:47 - [MESSAGE][PASSED] - Delayed 2 second(s)

2022-03-09 12:29:47 - [TEST_STEP][PASSED] - sendKeys(findTestObject("Modulo Tarea Administracion Compensacion/Tarea Planta Personal/input_Ir_nav_t66_input"), Keys.chord(ENTER)): Keys 'ENTER + ' sent to object: 'Object Repository/Modulo Tarea Administracion Compensacion/Tarea Planta Personal/input_Ir_nav_t66_input'

2022-03-09 12:29:48 - [MESSAGE][PASSED] - Keys 'ENTER + ' sent to object: 'Object Repository/Modulo Tarea Administracion Compensacion/Tarea Planta Personal/input_Ir_nav_t66_input'

2022-03-09 12:29:48 - [MESSAGE][PASSED] - Call Test Case 'Test Cases/Utilidades-(atajos_para _tareas)/Tareas Administracion Compensacion/Tarea Planta Personal' successfully

2022-03-09 12:29:48 - [TEST_STEP][PASSED] - waitForElementClickable(findTestObject("Modulo Tarea Administracion Compensacion/Actualizacion de Datos en Puesto de Trabajo/span_Administracion"), 0): Object 'Object Repository/Modulo Tarea Administracion Compensacion/Actualizacion de Datos en Puesto de Trabajo/span_Administracion' is clickable

2022-03-09 12:29:48 - [MESSAGE][WARNING] - Timeout '0' is invalid. Using default page load timeout: '30'

2022-03-09 12:29:51 - [MESSAGE][PASSED] - Object 'Object Repository/Modulo Tarea Administracion Compensacion/Actualizacion de Datos en Puesto de Trabajo/span_Administracion' is clickable

2022-03-09 12:29:51 - [TEST_STEP][PASSED] - click(findTestObject("Modulo Tarea Administracion Compensacion/Actualizacion de Datos en Puesto de Trabajo/span_Administracion")): Object: 'Object Repository/Modulo Tarea Administracion Compensacion/Actualizacion de Datos en Puesto de Trabajo/span_Administracion' is clicked on

2022-03-09 12:29:51 - [MESSAGE][PASSED] - Object: 'Object Repository/Modulo Tarea Administracion Compensacion/Actualizacion de Datos en Puesto de Trabajo/span_Administracion' is clicked on

2022-03-09 12:29:51 - [TEST_STEP][PASSED] - click(findTestObject("Modulo Tarea Administracion Compensacion/Actualizacion de Datos en Puesto de Trabajo/a_Abogado_organigramaj_idt110")): Object: 'Object Repository/Modulo Tarea Administracion Compensacion/Actualizacion de Datos en Puesto de Trabajo/a_Abogado_organigramaj_idt110' is clicked on

2022-03-09 12:29:52 - [MESSAGE][PASSED] - Object: 'Object Repository/Modulo Tarea Administracion Compensacion/Actualizacion de Datos en Puesto de Trabajo/a_Abogado_organigramaj_idt110' is clicked on

2022-03-09 12:29:52 - [TEST_STEP][PASSED] - click(findTestObject("Modulo Tarea Administracion Compensacion/Actualizacion de Datos en Puesto de Trabajo/a_Datos De Nomina")): Object: 'Object Repository/Modulo Tarea Administracion Compensacion/Actualizacion de Datos en Puesto de Trabajo/a_Datos De Nomina' is clicked on

2022-03-09 12:29:54 - [MESSAGE][PASSED] - Object: 'Object Repository/Modulo Tarea Administracion Compensacion/Actualizacion de Datos en Puesto de Trabajo/a_Datos De Nomina' is clicked on

2022-03-09 12:29:54 - [TEST_STEP][PASSED] - click(findTestObject("Modulo Tarea Administracion Compensacion/Actualizacion de Datos en Puesto de Trabajo/a_Zona Econmica_datosPuestoTrabajo_formj_idt1277")): Object: 'Object Repository/Modulo Tarea Administracion Compensacion/Actualizacion de Datos en Puesto de Trabajo/a_Zona Econmica_datosPuestoTrabajo_formj_idt1277' is clicked on

2022-03-09 12:29:54 - [MESSAGE][PASSED] - Object: 'Object Repository/Modulo Tarea Administracion Compensacion/Actualizacion de Datos en Puesto de Trabajo/a_Zona Econmica_datosPuestoTrabajo_formj_idt1277' is clicked on

2022-03-09 12:29:54 - [TEST_STEP][PASSED] - click(findTestObject("Modulo Tarea Administracion Compensacion/Actualizacion de Datos en Puesto de Trabajo/span_Centro Costo de Prueba")): Object: 'Object Repository/Modulo Tarea Administracion Compensacion/Actualizacion de Datos en Puesto de Trabajo/span_Centro Costo de Prueba' is clicked on

2022-03-09 12:29:55 - [MESSAGE][PASSED] - Object: 'Object Repository/Modulo Tarea Administracion Compensacion/Actualizacion de Datos en Puesto de Trabajo/span_Centro Costo de Prueba' is clicked on

2022-03-09 12:29:55 - [TEST_STEP][PASSED] - click(findTestObject("Modulo Tarea Administracion Compensacion/Actualizacion de Datos en Puesto de Trabajo/select_-- Seleccione empleados_lineacosto"), STOP_ON_FAILURE): Object: 'Object Repository/Modulo Tarea Administracion Compensacion/Actualizacion de Datos en Puesto de Trabajo/select_-- Seleccione empleados_lineacosto' is clicked on

2022-03-09 12:29:56 - [MESSAGE][PASSED] - Object: 'Object Repository/Modulo Tarea Administracion Compensacion/Actualizacion de Datos en Puesto de Trabajo/select_-- Seleccione empleados_lineacosto' is clicked on

2022-03-09 12:29:56 - [TEST_STEP][PASSED] - if (verifyOptionSelectedByIndex(findTestObject("Modulo Tarea Administracion Compensacion/Actualizacion de Datos en Puesto de Trabajo/select_-- Seleccione empleados_lineacosto"), 1, 0, OPTIONAL)): null

2022-03-09 12:29:56 - [MESSAGE][WARNING] - Timeout '0' is invalid. Using default page load timeout: '30'

2022-03-09 12:29:58 - [MESSAGE][PASSED] - All options with index range in '1' are selected in object 'Object Repository/Modulo Tarea Administracion Compensacion/Actualizacion de Datos en Puesto de Trabajo/select_-- Seleccione empleados_lineacosto'

2022-03-09 12:29:58 - [TEST_STEP][PASSED] - selectOptionByIndex(findTestObject("Modulo Tarea Administracion Compensacion/Actualizacion de Datos en Puesto de Trabajo/select_-- Seleccione empleados_lineacosto"), 3): All options with index in [3] are selected on object 'Object Repository/Modulo Tarea Administracion Compensacion/Actualizacion de Datos en Puesto de Trabajo/select_-- Seleccione empleados_lineacosto'

2022-03-09 12:29:59 - [MESSAGE][PASSED] - All options with index in [3] are selected on object 'Object Repository/Modulo Tarea Administracion Compensacion/Actualizacion de Datos en Puesto de Trabajo/select_-- Seleccione empleados_lineacosto'

2022-03-09 12:29:59 - [TEST_STEP][PASSED] - if (verifyOptionSelectedByIndex(findTestObject("Modulo Tarea Administracion Compensacion/Actualizacion de Datos en Puesto de Trabajo/select_-- Seleccione Ubicacin Fsica"), 3, 1, OPTIONAL)): Only 0 in 1 option(s) with index range [3] is/are selected in object 'Object Repository/Modulo Tarea Administracion Compensacion/Actualizacion de Datos en Puesto de Trabajo/select_-- Seleccione Ubicacin Fsica' (Root cause: com.kms.katalon.core.exception.StepFailedException: Only 0 in 1 option(s) with index range [3] is/are selected in object 'Object Repository/Modulo Tarea Administracion Compensacion/Actualizacion de Datos en Puesto de Trabajo/select_-- Seleccione Ubicacin Fsica'
	at com.kms.katalon.core.webui.keyword.internal.WebUIKeywordMain.stepFailed(WebUIKeywordMain.groovy:64)
	at com.kms.katalon.core.webui.keyword.builtin.VerifyOptionSelectedByIndexKeyword$_verifyOptionSelectedByIndex_closure1.doCall(VerifyOptionSelectedByIndexKeyword.groovy:91)
	at com.kms.katalon.core.webui.keyword.builtin.VerifyOptionSelectedByIndexKeyword$_verifyOptionSelectedByIndex_closure1.call(VerifyOptionSelectedByIndexKeyword.groovy)
	at com.kms.katalon.core.webui.keyword.internal.WebUIKeywordMain.runKeyword(WebUIKeywordMain.groovy:20)
	at com.kms.katalon.core.webui.keyword.builtin.VerifyOptionSelectedByIndexKeyword.verifyOptionSelectedByIndex(VerifyOptionSelectedByIndexKeyword.groovy:102)
	at com.kms.katalon.core.webui.keyword.builtin.VerifyOptionSelectedByIndexKeyword.execute(VerifyOptionSelectedByIndexKeyword.groovy:69)
	at com.kms.katalon.core.keyword.internal.KeywordExecutor.executeKeywordForPlatform(KeywordExecutor.groovy:74)
	at com.kms.katalon.core.webui.keyword.WebUiBuiltInKeywords.verifyOptionSelectedByIndex(WebUiBuiltInKeywords.groovy:2326)
	at com.kms.katalon.core.webui.keyword.WebUiBuiltInKeywords$verifyOptionSelectedByIndex$21.call(Unknown Source)
	at 1.4.5-Actualizacion de Datos en Puesto de Trabajo.run(1.4.5-Actualizacion de Datos en Puesto de Trabajo:53)
	at com.kms.katalon.core.main.ScriptEngine.run(ScriptEngine.java:194)
	at com.kms.katalon.core.main.ScriptEngine.runScriptAsRawText(ScriptEngine.java:119)
	at com.kms.katalon.core.main.TestCaseExecutor.runScript(TestCaseExecutor.java:442)
	at com.kms.katalon.core.main.TestCaseExecutor.doExecute(TestCaseExecutor.java:433)
	at com.kms.katalon.core.main.TestCaseExecutor.processExecutionPhase(TestCaseExecutor.java:412)
	at com.kms.katalon.core.main.TestCaseExecutor.accessMainPhase(TestCaseExecutor.java:404)
	at com.kms.katalon.core.main.TestCaseExecutor.execute(TestCaseExecutor.java:281)
	at com.kms.katalon.core.main.TestSuiteExecutor.accessTestCaseMainPhase(TestSuiteExecutor.java:202)
	at com.kms.katalon.core.main.TestSuiteExecutor.accessTestSuiteMainPhase(TestSuiteExecutor.java:164)
	at com.kms.katalon.core.main.TestSuiteExecutor.execute(TestSuiteExecutor.java:105)
	at com.kms.katalon.core.main.TestCaseMain.startTestSuite(TestCaseMain.java:185)
	at com.kms.katalon.core.main.TestCaseMain$startTestSuite$0.call(Unknown Source)
	at TempTestSuite1646845129657.run(TempTestSuite1646845129657.groovy:36)
)

2022-03-09 12:30:15 - [MESSAGE][WARNING] - Only 0 in 1 option(s) with index range [3] is/are selected in object 'Object Repository/Modulo Tarea Administracion Compensacion/Actualizacion de Datos en Puesto de Trabajo/select_-- Seleccione Ubicacin Fsica' (Root cause: com.kms.katalon.core.exception.StepFailedException: Only 0 in 1 option(s) with index range [3] is/are selected in object 'Object Repository/Modulo Tarea Administracion Compensacion/Actualizacion de Datos en Puesto de Trabajo/select_-- Seleccione Ubicacin Fsica'
	at com.kms.katalon.core.webui.keyword.internal.WebUIKeywordMain.stepFailed(WebUIKeywordMain.groovy:64)
	at com.kms.katalon.core.webui.keyword.builtin.VerifyOptionSelectedByIndexKeyword$_verifyOptionSelectedByIndex_closure1.doCall(VerifyOptionSelectedByIndexKeyword.groovy:91)
	at com.kms.katalon.core.webui.keyword.builtin.VerifyOptionSelectedByIndexKeyword$_verifyOptionSelectedByIndex_closure1.call(VerifyOptionSelectedByIndexKeyword.groovy)
	at com.kms.katalon.core.webui.keyword.internal.WebUIKeywordMain.runKeyword(WebUIKeywordMain.groovy:20)
	at com.kms.katalon.core.webui.keyword.builtin.VerifyOptionSelectedByIndexKeyword.verifyOptionSelectedByIndex(VerifyOptionSelectedByIndexKeyword.groovy:102)
	at com.kms.katalon.core.webui.keyword.builtin.VerifyOptionSelectedByIndexKeyword.execute(VerifyOptionSelectedByIndexKeyword.groovy:69)
	at com.kms.katalon.core.keyword.internal.KeywordExecutor.executeKeywordForPlatform(KeywordExecutor.groovy:74)
	at com.kms.katalon.core.webui.keyword.WebUiBuiltInKeywords.verifyOptionSelectedByIndex(WebUiBuiltInKeywords.groovy:2326)
	at com.kms.katalon.core.webui.keyword.WebUiBuiltInKeywords$verifyOptionSelectedByIndex$21.call(Unknown Source)
	at 1.4.5-Actualizacion de Datos en Puesto de Trabajo.run(1.4.5-Actualizacion de Datos en Puesto de Trabajo:53)
	at com.kms.katalon.core.main.ScriptEngine.run(ScriptEngine.java:194)
	at com.kms.katalon.core.main.ScriptEngine.runScriptAsRawText(ScriptEngine.java:119)
	at com.kms.katalon.core.main.TestCaseExecutor.runScript(TestCaseExecutor.java:442)
	at com.kms.katalon.core.main.TestCaseExecutor.doExecute(TestCaseExecutor.java:433)
	at com.kms.katalon.core.main.TestCaseExecutor.processExecutionPhase(TestCaseExecutor.java:412)
	at com.kms.katalon.core.main.TestCaseExecutor.accessMainPhase(TestCaseExecutor.java:404)
	at com.kms.katalon.core.main.TestCaseExecutor.execute(TestCaseExecutor.java:281)
	at com.kms.katalon.core.main.TestSuiteExecutor.accessTestCaseMainPhase(TestSuiteExecutor.java:202)
	at com.kms.katalon.core.main.TestSuiteExecutor.accessTestSuiteMainPhase(TestSuiteExecutor.java:164)
	at com.kms.katalon.core.main.TestSuiteExecutor.execute(TestSuiteExecutor.java:105)
	at com.kms.katalon.core.main.TestCaseMain.startTestSuite(TestCaseMain.java:185)
	at com.kms.katalon.core.main.TestCaseMain$startTestSuite$0.call(Unknown Source)
	at TempTestSuite1646845129657.run(TempTestSuite1646845129657.groovy:36)
)
[[ATTACHMENT|C:\\Users\\diego.rojas\\git\\Pruebas-Minimas\\Reports\\20220309_115823\\1-Tareas Principales\\20220309_115849\\1646847014868.png]]

2022-03-09 12:30:15 - [TEST_STEP][PASSED] - else: All options with index in [3] are selected on object 'Object Repository/Modulo Tarea Administracion Compensacion/Actualizacion de Datos en Puesto de Trabajo/select_-- Seleccione Ubicacin Fsica'

2022-03-09 12:30:15 - [TEST_STEP][PASSED] - selectOptionByIndex(findTestObject("Modulo Tarea Administracion Compensacion/Actualizacion de Datos en Puesto de Trabajo/select_-- Seleccione Ubicacin Fsica"), 3): All options with index in [3] are selected on object 'Object Repository/Modulo Tarea Administracion Compensacion/Actualizacion de Datos en Puesto de Trabajo/select_-- Seleccione Ubicacin Fsica'

2022-03-09 12:30:16 - [MESSAGE][PASSED] - All options with index in [3] are selected on object 'Object Repository/Modulo Tarea Administracion Compensacion/Actualizacion de Datos en Puesto de Trabajo/select_-- Seleccione Ubicacin Fsica'

2022-03-09 12:30:16 - [TEST_STEP][PASSED] - if (verifyOptionSelectedByIndex(findTestObject("Modulo Tarea Administracion Compensacion/Actualizacion de Datos en Puesto de Trabajo/select_Turno"), 4, 1, OPTIONAL)): null

2022-03-09 12:30:18 - [MESSAGE][PASSED] - All options with index range in '4' are selected in object 'Object Repository/Modulo Tarea Administracion Compensacion/Actualizacion de Datos en Puesto de Trabajo/select_Turno'

2022-03-09 12:30:18 - [TEST_STEP][PASSED] - selectOptionByIndex(findTestObject("Modulo Tarea Administracion Compensacion/Actualizacion de Datos en Puesto de Trabajo/select_Turno"), 5): All options with index in [5] are selected on object 'Object Repository/Modulo Tarea Administracion Compensacion/Actualizacion de Datos en Puesto de Trabajo/select_Turno'

2022-03-09 12:30:19 - [MESSAGE][PASSED] - All options with index in [5] are selected on object 'Object Repository/Modulo Tarea Administracion Compensacion/Actualizacion de Datos en Puesto de Trabajo/select_Turno'

2022-03-09 12:30:19 - [TEST_STEP][PASSED] - if (verifyOptionSelectedByIndex(findTestObject("Modulo Tarea Administracion Compensacion/Actualizacion de Datos en Puesto de Trabajo/select_Tipo Periodo"), 7, 1, OPTIONAL)): null

2022-03-09 12:30:21 - [MESSAGE][PASSED] - All options with index range in '7' are selected in object 'Object Repository/Modulo Tarea Administracion Compensacion/Actualizacion de Datos en Puesto de Trabajo/select_Tipo Periodo'

2022-03-09 12:30:21 - [TEST_STEP][PASSED] - selectOptionByIndex(findTestObject("Modulo Tarea Administracion Compensacion/Actualizacion de Datos en Puesto de Trabajo/select_Tipo Periodo"), "6"): All options with index in [6] are selected on object 'Object Repository/Modulo Tarea Administracion Compensacion/Actualizacion de Datos en Puesto de Trabajo/select_Tipo Periodo'

2022-03-09 12:30:22 - [MESSAGE][PASSED] - All options with index in [6] are selected on object 'Object Repository/Modulo Tarea Administracion Compensacion/Actualizacion de Datos en Puesto de Trabajo/select_Tipo Periodo'

2022-03-09 12:30:22 - [TEST_STEP][PASSED] - if (verifyOptionSelectedByIndex(findTestObject("Modulo Tarea Administracion Compensacion/Actualizacion de Datos en Puesto de Trabajo/select_Vinculacion"), "8", 1, OPTIONAL)): null

2022-03-09 12:30:24 - [MESSAGE][PASSED] - All options with index range in '8' are selected in object 'Object Repository/Modulo Tarea Administracion Compensacion/Actualizacion de Datos en Puesto de Trabajo/select_Vinculacion'

2022-03-09 12:30:24 - [TEST_STEP][PASSED] - selectOptionByIndex(findTestObject("Modulo Tarea Administracion Compensacion/Actualizacion de Datos en Puesto de Trabajo/select_Vinculacion"), 9): All options with index in [9] are selected on object 'Object Repository/Modulo Tarea Administracion Compensacion/Actualizacion de Datos en Puesto de Trabajo/select_Vinculacion'

2022-03-09 12:30:25 - [MESSAGE][PASSED] - All options with index in [9] are selected on object 'Object Repository/Modulo Tarea Administracion Compensacion/Actualizacion de Datos en Puesto de Trabajo/select_Vinculacion'

2022-03-09 12:30:25 - [TEST_STEP][PASSED] - if (verifyOptionSelectedByIndex(findTestObject("Modulo Tarea Administracion Compensacion/Actualizacion de Datos en Puesto de Trabajo/select_Rol"), 1, 1, OPTIONAL)): null

2022-03-09 12:30:29 - [MESSAGE][PASSED] - All options with index range in '1' are selected in object 'Object Repository/Modulo Tarea Administracion Compensacion/Actualizacion de Datos en Puesto de Trabajo/select_Rol'

2022-03-09 12:30:29 - [TEST_STEP][PASSED] - selectOptionByIndex(findTestObject("Modulo Tarea Administracion Compensacion/Actualizacion de Datos en Puesto de Trabajo/select_Rol"), 3): All options with index in [3] are selected on object 'Object Repository/Modulo Tarea Administracion Compensacion/Actualizacion de Datos en Puesto de Trabajo/select_Rol'

2022-03-09 12:30:31 - [MESSAGE][PASSED] - All options with index in [3] are selected on object 'Object Repository/Modulo Tarea Administracion Compensacion/Actualizacion de Datos en Puesto de Trabajo/select_Rol'

2022-03-09 12:30:31 - [TEST_STEP][PASSED] - setText(findTestObject("Modulo Tarea Administracion Compensacion/Actualizacion de Datos en Puesto de Trabajo/input_Mesada"), identificacion): Text '1884390' is set on object 'Object Repository/Modulo Tarea Administracion Compensacion/Actualizacion de Datos en Puesto de Trabajo/input_Mesada'

2022-03-09 12:30:31 - [MESSAGE][PASSED] - Text '1884390' is set on object 'Object Repository/Modulo Tarea Administracion Compensacion/Actualizacion de Datos en Puesto de Trabajo/input_Mesada'

2022-03-09 12:30:31 - [TEST_STEP][PASSED] - click(findTestObject("Modulo Tarea Administracion Compensacion/Actualizacion de Datos en Puesto de Trabajo/a_Actualizar")): Object: 'Object Repository/Modulo Tarea Administracion Compensacion/Actualizacion de Datos en Puesto de Trabajo/a_Actualizar' is clicked on

2022-03-09 12:30:33 - [MESSAGE][PASSED] - Object: 'Object Repository/Modulo Tarea Administracion Compensacion/Actualizacion de Datos en Puesto de Trabajo/a_Actualizar' is clicked on

2022-03-09 12:30:33 - [TEST_STEP][PASSED] - getText(findTestObject("Alerta/Alerta")): Text of object 'Object Repository/Alerta/Alerta' is: 'Se Actualizo el registro correctamente'

2022-03-09 12:30:34 - [MESSAGE][PASSED] - Text of object 'Object Repository/Alerta/Alerta' is: 'Se Actualizo el registro correctamente']]></system-out>
         <system-err><![CDATA[]]></system-err>
      </testcase>
      <testcase name="Test Cases/1.1-Tareas Principales/1.4.6-Prestamo Liquidacion Periodica" time="39.646" classname="Test Cases/1.1-Tareas Principales/1.4.6-Prestamo Liquidacion Periodica" status="PASSED">
         <system-out><![CDATA[2022-03-09 12:30:34 - [TEST_CASE][PASSED] - Test Cases/1.1-Tareas Principales/1.4.6-Prestamo Liquidacion Periodica: Test Cases/1.1-Tareas Principales/1.4.6-Prestamo Liquidacion Periodica

2022-03-09 12:30:34 - [TEST_STEP][PASSED] - callTestCase(findTestCase("Utilidades-(atajos_para _tareas)/Tareas Administracion Compensacion/Tarea Listado Empleados"), [:], STOP_ON_FAILURE): Call Test Case 'Test Cases/Utilidades-(atajos_para _tareas)/Tareas Administracion Compensacion/Tarea Listado Empleados' successfully

2022-03-09 12:30:34 - [TEST_CASE][PASSED] - Test Cases/Utilidades-(atajos_para _tareas)/Tareas Administracion Compensacion/Tarea Listado Empleados: Test Cases/Utilidades-(atajos_para _tareas)/Tareas Administracion Compensacion/Tarea Listado Empleados

2022-03-09 12:30:34 - [TEST_STEP][PASSED] - callTestCase(findTestCase("0.1-Login"), [:], STOP_ON_FAILURE): Call Test Case 'Test Cases/0.1-Login' successfully

2022-03-09 12:30:34 - [TEST_CASE][PASSED] - Test Cases/0.1-Login: Test Cases/0.1-Login

2022-03-09 12:30:34 - [TEST_STEP][PASSED] - openBrowser(""): Browser is opened with url: ''

2022-03-09 12:30:34 - [MESSAGE][WARNING] - A browser is already opened. Closing browser and opening a new one

2022-03-09 12:30:36 - [MESSAGE][INFO] - Starting 'Chrome' driver

2022-03-09 12:30:36 - [MESSAGE][INFO] - Action delay is set to 0 milliseconds

2022-03-09 12:30:37 - [MESSAGE][PASSED] - Browser is opened with url: ''

2022-03-09 12:30:37 - [TEST_STEP][PASSED] - maximizeWindow(): Current window maximized

2022-03-09 12:30:38 - [MESSAGE][PASSED] - Current window maximized

2022-03-09 12:30:38 - [TEST_STEP][PASSED] - i = G_Login: null

2022-03-09 12:30:38 - [TEST_STEP][PASSED] - url = new java.net.URL(i): null

2022-03-09 12:30:38 - [TEST_STEP][PASSED] - println("URL: " + url.toString()): null

2022-03-09 12:30:38 - [TEST_STEP][PASSED] - connection = url.openConnection(): null

2022-03-09 12:30:38 - [TEST_STEP][PASSED] - connection.setRequestMethod("GET"): null

2022-03-09 12:30:38 - [TEST_STEP][PASSED] - connection.setReadTimeout(2 * 1000): null

2022-03-09 12:30:38 - [TEST_STEP][PASSED] - try: null

2022-03-09 12:30:38 - [TEST_STEP][PASSED] - connection.connect(): null

2022-03-09 12:30:38 - [TEST_STEP][PASSED] - flag = connected: null

2022-03-09 12:30:38 - [TEST_STEP][PASSED] - println("Valor_ori: " + flag): null

2022-03-09 12:30:38 - [TEST_STEP][PASSED] - if (flag): null

2022-03-09 12:30:38 - [TEST_STEP][PASSED] - navigateToUrl(i): Navigate to 'http://192.168.2.80:8380/saraweb' successfully

2022-03-09 12:30:38 - [MESSAGE][PASSED] - Navigate to 'http://192.168.2.80:8380/saraweb' successfully

2022-03-09 12:30:38 - [TEST_STEP][PASSED] - a(): null

2022-03-09 12:30:38 - [TEST_STEP][PASSED] - setText(findTestObject("Login/input_USUARIO_loginusuario"), G_Usuario): Text 'saraadmin' is set on object 'Object Repository/Login/input_USUARIO_loginusuario'

2022-03-09 12:30:39 - [MESSAGE][PASSED] - Text 'saraadmin' is set on object 'Object Repository/Login/input_USUARIO_loginusuario'

2022-03-09 12:30:39 - [TEST_STEP][PASSED] - setEncryptedText(findTestObject("Login/input_CLAVE_loginpassword"), "MkG4/TYiCFC3cb2driP7+Q=="): Text ****** has been set on object 'Object Repository/Login/input_CLAVE_loginpassword'

2022-03-09 12:30:40 - [MESSAGE][PASSED] - Text ****** has been set on object 'Object Repository/Login/input_CLAVE_loginpassword'

2022-03-09 12:30:40 - [TEST_STEP][PASSED] - waitForElementClickable(findTestObject("Login/a_Ingresar"), G_TimeOut): Object 'Object Repository/Login/a_Ingresar' is clickable

2022-03-09 12:30:40 - [MESSAGE][PASSED] - Object 'Object Repository/Login/a_Ingresar' is clickable

2022-03-09 12:30:40 - [TEST_STEP][PASSED] - click(findTestObject("Login/a_Ingresar")): Object: 'Object Repository/Login/a_Ingresar' is clicked on

2022-03-09 12:30:42 - [MESSAGE][PASSED] - Object: 'Object Repository/Login/a_Ingresar' is clicked on

2022-03-09 12:30:42 - [TEST_STEP][PASSED] - element = findWebElement(findTestObject("Login/a_Ir"), 30): null

2022-03-09 12:30:42 - [TEST_STEP][PASSED] - executeJavaScript("arguments[0].click()", Arrays.asList(element)): Execute JavaScript 'arguments[0].click()' successfully

2022-03-09 12:30:42 - [MESSAGE][PASSED] - Execute JavaScript 'arguments[0].click()' successfully

2022-03-09 12:30:42 - [MESSAGE][PASSED] - Call Test Case 'Test Cases/0.1-Login' successfully

2022-03-09 12:30:42 - [TEST_STEP][PASSED] - setText(findTestObject("Modulo Tarea Listado Hojas de Vida/Tareas Listado Hojas de Vida/input_Listado Hojas De Vida_form_templatej_idt24_input"), "Listado de Empleados"): Text 'Listado de Empleados' is set on object 'Object Repository/Modulo Tarea Listado Hojas de Vida/Tareas Listado Hojas de Vida/input_Listado Hojas De Vida_form_templatej_idt24_input'

2022-03-09 12:30:44 - [MESSAGE][PASSED] - Text 'Listado de Empleados' is set on object 'Object Repository/Modulo Tarea Listado Hojas de Vida/Tareas Listado Hojas de Vida/input_Listado Hojas De Vida_form_templatej_idt24_input'

2022-03-09 12:30:44 - [TEST_STEP][PASSED] - delay(3): Delayed 3 second(s)

2022-03-09 12:30:47 - [MESSAGE][PASSED] - Delayed 3 second(s)

2022-03-09 12:30:47 - [TEST_STEP][PASSED] - sendKeys(findTestObject("Modulo Tarea Listado Hojas de Vida/Tareas Listado Hojas de Vida/input_Listado Hojas De Vida_form_templatej_idt24_input"), Keys.chord(ENTER)): Keys 'ENTER + ' sent to object: 'Object Repository/Modulo Tarea Listado Hojas de Vida/Tareas Listado Hojas de Vida/input_Listado Hojas De Vida_form_templatej_idt24_input'

2022-03-09 12:30:47 - [MESSAGE][PASSED] - Keys 'ENTER + ' sent to object: 'Object Repository/Modulo Tarea Listado Hojas de Vida/Tareas Listado Hojas de Vida/input_Listado Hojas De Vida_form_templatej_idt24_input'

2022-03-09 12:30:47 - [MESSAGE][PASSED] - Call Test Case 'Test Cases/Utilidades-(atajos_para _tareas)/Tareas Administracion Compensacion/Tarea Listado Empleados' successfully

2022-03-09 12:30:47 - [TEST_STEP][PASSED] - setText(findTestObject("Modulo Tarea Administracion Compensacion/Prestamo Liquidacion Periodica/input_close_popupFiltroEmplead"), "354968431354"): Text '354968431354' is set on object 'Object Repository/Modulo Tarea Administracion Compensacion/Prestamo Liquidacion Periodica/input_close_popupFiltroEmplead'

2022-03-09 12:30:50 - [MESSAGE][PASSED] - Text '354968431354' is set on object 'Object Repository/Modulo Tarea Administracion Compensacion/Prestamo Liquidacion Periodica/input_close_popupFiltroEmplead'

2022-03-09 12:30:50 - [TEST_STEP][PASSED] - sendKeys(findTestObject("Modulo Tarea Administracion Compensacion/Prestamo Liquidacion Periodica/input_close_popupFiltroEmplead"), Keys.chord(ENTER)): Keys 'ENTER + ' sent to object: 'Object Repository/Modulo Tarea Administracion Compensacion/Prestamo Liquidacion Periodica/input_close_popupFiltroEmplead'

2022-03-09 12:30:50 - [MESSAGE][PASSED] - Keys 'ENTER + ' sent to object: 'Object Repository/Modulo Tarea Administracion Compensacion/Prestamo Liquidacion Periodica/input_close_popupFiltroEmplead'

2022-03-09 12:30:50 - [TEST_STEP][PASSED] - waitForElementClickable(findTestObject("Modulo Tarea Administracion Compensacion/Prestamo Liquidacion Periodica/span_CONSTA BELFEGORD JHON"), G_TimeOut): Object 'Object Repository/Modulo Tarea Administracion Compensacion/Prestamo Liquidacion Periodica/span_CONSTA BELFEGORD JHON' is clickable

2022-03-09 12:30:51 - [MESSAGE][PASSED] - Object 'Object Repository/Modulo Tarea Administracion Compensacion/Prestamo Liquidacion Periodica/span_CONSTA BELFEGORD JHON' is clickable

2022-03-09 12:30:51 - [TEST_STEP][PASSED] - click(findTestObject("Modulo Tarea Administracion Compensacion/Prestamo Liquidacion Periodica/span_CONSTA BELFEGORD JHON")): Object: 'Object Repository/Modulo Tarea Administracion Compensacion/Prestamo Liquidacion Periodica/span_CONSTA BELFEGORD JHON' is clicked on

2022-03-09 12:30:52 - [MESSAGE][PASSED] - Object: 'Object Repository/Modulo Tarea Administracion Compensacion/Prestamo Liquidacion Periodica/span_CONSTA BELFEGORD JHON' is clicked on

2022-03-09 12:30:52 - [TEST_STEP][PASSED] - waitForElementClickable(findTestObject("Modulo Tarea Administracion Compensacion/Prestamo Liquidacion Periodica/a_Liquidacin Periodica"), G_TimeOut): Object 'Object Repository/Modulo Tarea Administracion Compensacion/Prestamo Liquidacion Periodica/a_Liquidacin Periodica' is clickable

2022-03-09 12:30:52 - [MESSAGE][PASSED] - Object 'Object Repository/Modulo Tarea Administracion Compensacion/Prestamo Liquidacion Periodica/a_Liquidacin Periodica' is clickable

2022-03-09 12:30:52 - [TEST_STEP][PASSED] - click(findTestObject("Modulo Tarea Administracion Compensacion/Prestamo Liquidacion Periodica/a_Liquidacin Periodica")): Object: 'Object Repository/Modulo Tarea Administracion Compensacion/Prestamo Liquidacion Periodica/a_Liquidacin Periodica' is clicked on

2022-03-09 12:30:53 - [MESSAGE][PASSED] - Object: 'Object Repository/Modulo Tarea Administracion Compensacion/Prestamo Liquidacion Periodica/a_Liquidacin Periodica' is clicked on

2022-03-09 12:30:53 - [TEST_STEP][PASSED] - waitForElementClickable(findTestObject("Modulo Tarea Administracion Compensacion/Prestamo Liquidacion Periodica/a_Nuevo"), G_TimeOut): Object 'Object Repository/Modulo Tarea Administracion Compensacion/Prestamo Liquidacion Periodica/a_Nuevo' is clickable

2022-03-09 12:30:53 - [MESSAGE][PASSED] - Object 'Object Repository/Modulo Tarea Administracion Compensacion/Prestamo Liquidacion Periodica/a_Nuevo' is clickable

2022-03-09 12:30:53 - [TEST_STEP][PASSED] - click(findTestObject("Modulo Tarea Administracion Compensacion/Prestamo Liquidacion Periodica/a_Nuevo")): Object: 'Object Repository/Modulo Tarea Administracion Compensacion/Prestamo Liquidacion Periodica/a_Nuevo' is clicked on

2022-03-09 12:30:54 - [MESSAGE][PASSED] - Object: 'Object Repository/Modulo Tarea Administracion Compensacion/Prestamo Liquidacion Periodica/a_Nuevo' is clicked on

2022-03-09 12:30:54 - [TEST_STEP][PASSED] - waitForElementClickable(findTestObject("Modulo Tarea Administracion Compensacion/Prestamo Liquidacion Periodica/select_-- seleccione --BC - PR"), G_TimeOut): Object 'Object Repository/Modulo Tarea Administracion Compensacion/Prestamo Liquidacion Periodica/select_-- seleccione --BC - PR' is clickable

2022-03-09 12:30:54 - [MESSAGE][PASSED] - Object 'Object Repository/Modulo Tarea Administracion Compensacion/Prestamo Liquidacion Periodica/select_-- seleccione --BC - PR' is clickable

2022-03-09 12:30:54 - [TEST_STEP][PASSED] - click(findTestObject("Modulo Tarea Administracion Compensacion/Prestamo Liquidacion Periodica/select_-- seleccione --BC - PR")): Object: 'Object Repository/Modulo Tarea Administracion Compensacion/Prestamo Liquidacion Periodica/select_-- seleccione --BC - PR' is clicked on

2022-03-09 12:30:55 - [MESSAGE][PASSED] - Object: 'Object Repository/Modulo Tarea Administracion Compensacion/Prestamo Liquidacion Periodica/select_-- seleccione --BC - PR' is clicked on

2022-03-09 12:30:55 - [TEST_STEP][PASSED] - selectOptionByIndex(findTestObject("Modulo Tarea Administracion Compensacion/Prestamo Liquidacion Periodica/select_-- seleccione --BC - PR"), "1"): All options with index in [1] are selected on object 'Object Repository/Modulo Tarea Administracion Compensacion/Prestamo Liquidacion Periodica/select_-- seleccione --BC - PR'

2022-03-09 12:30:58 - [MESSAGE][PASSED] - All options with index in [1] are selected on object 'Object Repository/Modulo Tarea Administracion Compensacion/Prestamo Liquidacion Periodica/select_-- seleccione --BC - PR'

2022-03-09 12:30:58 - [TEST_STEP][PASSED] - click(findTestObject("Modulo Tarea Administracion Compensacion/Prestamo Liquidacion Periodica/input_Monto Inicial_form_liqui")): Object: 'Object Repository/Modulo Tarea Administracion Compensacion/Prestamo Liquidacion Periodica/input_Monto Inicial_form_liqui' is clicked on

2022-03-09 12:30:58 - [MESSAGE][PASSED] - Object: 'Object Repository/Modulo Tarea Administracion Compensacion/Prestamo Liquidacion Periodica/input_Monto Inicial_form_liqui' is clicked on

2022-03-09 12:30:58 - [TEST_STEP][PASSED] - sendKeys(findTestObject("Modulo Tarea Administracion Compensacion/Prestamo Liquidacion Periodica/input_Monto Inicial_form_liqui"), Keys.chord(CONTROL, "a")): Keys 'CONTROL + a' sent to object: 'Object Repository/Modulo Tarea Administracion Compensacion/Prestamo Liquidacion Periodica/input_Monto Inicial_form_liqui'

2022-03-09 12:30:59 - [MESSAGE][PASSED] - Keys 'CONTROL + a' sent to object: 'Object Repository/Modulo Tarea Administracion Compensacion/Prestamo Liquidacion Periodica/input_Monto Inicial_form_liqui'

2022-03-09 12:30:59 - [TEST_STEP][PASSED] - sendKeys(findTestObject("Modulo Tarea Administracion Compensacion/Prestamo Liquidacion Periodica/input_Monto Inicial_form_liqui"), Keys.chord(BACK_SPACE)): Keys 'BACK_SPACE + ' sent to object: 'Object Repository/Modulo Tarea Administracion Compensacion/Prestamo Liquidacion Periodica/input_Monto Inicial_form_liqui'

2022-03-09 12:30:59 - [MESSAGE][PASSED] - Keys 'BACK_SPACE + ' sent to object: 'Object Repository/Modulo Tarea Administracion Compensacion/Prestamo Liquidacion Periodica/input_Monto Inicial_form_liqui'

2022-03-09 12:30:59 - [TEST_STEP][PASSED] - setText(findTestObject("Modulo Tarea Administracion Compensacion/Prestamo Liquidacion Periodica/input_Monto Inicial_form_liqui"), "3000000"): Text '3000000' is set on object 'Object Repository/Modulo Tarea Administracion Compensacion/Prestamo Liquidacion Periodica/input_Monto Inicial_form_liqui'

2022-03-09 12:31:00 - [MESSAGE][PASSED] - Text '3000000' is set on object 'Object Repository/Modulo Tarea Administracion Compensacion/Prestamo Liquidacion Periodica/input_Monto Inicial_form_liqui'

2022-03-09 12:31:00 - [TEST_STEP][PASSED] - waitForElementClickable(findTestObject("Modulo Tarea Administracion Compensacion/Prestamo Liquidacion Periodica/input_Total Abonado_form_liqui"), 0): Object 'Object Repository/Modulo Tarea Administracion Compensacion/Prestamo Liquidacion Periodica/input_Total Abonado_form_liqui' is clickable

2022-03-09 12:31:00 - [MESSAGE][WARNING] - Timeout '0' is invalid. Using default page load timeout: '30'

2022-03-09 12:31:01 - [MESSAGE][PASSED] - Object 'Object Repository/Modulo Tarea Administracion Compensacion/Prestamo Liquidacion Periodica/input_Total Abonado_form_liqui' is clickable

2022-03-09 12:31:01 - [TEST_STEP][PASSED] - click(findTestObject("Modulo Tarea Administracion Compensacion/Prestamo Liquidacion Periodica/input_Total Abonado_form_liqui")): Object: 'Object Repository/Modulo Tarea Administracion Compensacion/Prestamo Liquidacion Periodica/input_Total Abonado_form_liqui' is clicked on

2022-03-09 12:31:02 - [MESSAGE][PASSED] - Object: 'Object Repository/Modulo Tarea Administracion Compensacion/Prestamo Liquidacion Periodica/input_Total Abonado_form_liqui' is clicked on

2022-03-09 12:31:02 - [TEST_STEP][PASSED] - sendKeys(findTestObject("Modulo Tarea Administracion Compensacion/Prestamo Liquidacion Periodica/input_Total Abonado_form_liqui"), Keys.chord(CONTROL, "a")): Keys 'CONTROL + a' sent to object: 'Object Repository/Modulo Tarea Administracion Compensacion/Prestamo Liquidacion Periodica/input_Total Abonado_form_liqui'

2022-03-09 12:31:02 - [MESSAGE][PASSED] - Keys 'CONTROL + a' sent to object: 'Object Repository/Modulo Tarea Administracion Compensacion/Prestamo Liquidacion Periodica/input_Total Abonado_form_liqui'

2022-03-09 12:31:02 - [TEST_STEP][PASSED] - sendKeys(findTestObject("Modulo Tarea Administracion Compensacion/Prestamo Liquidacion Periodica/input_Total Abonado_form_liqui"), Keys.chord(BACK_SPACE)): Keys 'BACK_SPACE + ' sent to object: 'Object Repository/Modulo Tarea Administracion Compensacion/Prestamo Liquidacion Periodica/input_Total Abonado_form_liqui'

2022-03-09 12:31:03 - [MESSAGE][PASSED] - Keys 'BACK_SPACE + ' sent to object: 'Object Repository/Modulo Tarea Administracion Compensacion/Prestamo Liquidacion Periodica/input_Total Abonado_form_liqui'

2022-03-09 12:31:03 - [TEST_STEP][PASSED] - setText(findTestObject("Modulo Tarea Administracion Compensacion/Prestamo Liquidacion Periodica/input_Total Abonado_form_liqui"), "1500000"): Text '1500000' is set on object 'Object Repository/Modulo Tarea Administracion Compensacion/Prestamo Liquidacion Periodica/input_Total Abonado_form_liqui'

2022-03-09 12:31:03 - [MESSAGE][PASSED] - Text '1500000' is set on object 'Object Repository/Modulo Tarea Administracion Compensacion/Prestamo Liquidacion Periodica/input_Total Abonado_form_liqui'

2022-03-09 12:31:03 - [TEST_STEP][PASSED] - setText(findTestObject("Modulo Tarea Administracion Compensacion/Prestamo Liquidacion Periodica/input_Fecha Inicial _form_liqu"), "01/01/2019"): Text '01/01/2019' is set on object 'Object Repository/Modulo Tarea Administracion Compensacion/Prestamo Liquidacion Periodica/input_Fecha Inicial _form_liqu'

2022-03-09 12:31:04 - [MESSAGE][PASSED] - Text '01/01/2019' is set on object 'Object Repository/Modulo Tarea Administracion Compensacion/Prestamo Liquidacion Periodica/input_Fecha Inicial _form_liqu'

2022-03-09 12:31:04 - [TEST_STEP][PASSED] - sendKeys(findTestObject("Modulo Tarea Administracion Compensacion/Prestamo Liquidacion Periodica/input_Fecha Inicial _form_liqu"), Keys.chord(ENTER)): Keys 'ENTER + ' sent to object: 'Object Repository/Modulo Tarea Administracion Compensacion/Prestamo Liquidacion Periodica/input_Fecha Inicial _form_liqu'

2022-03-09 12:31:05 - [MESSAGE][PASSED] - Keys 'ENTER + ' sent to object: 'Object Repository/Modulo Tarea Administracion Compensacion/Prestamo Liquidacion Periodica/input_Fecha Inicial _form_liqu'

2022-03-09 12:31:05 - [TEST_STEP][PASSED] - setText(findTestObject("Modulo Tarea Administracion Compensacion/Prestamo Liquidacion Periodica/input_Nmero Cuotas_form_liquid"), "15"): Text '15' is set on object 'Object Repository/Modulo Tarea Administracion Compensacion/Prestamo Liquidacion Periodica/input_Nmero Cuotas_form_liquid'

2022-03-09 12:31:06 - [MESSAGE][PASSED] - Text '15' is set on object 'Object Repository/Modulo Tarea Administracion Compensacion/Prestamo Liquidacion Periodica/input_Nmero Cuotas_form_liquid'

2022-03-09 12:31:06 - [TEST_STEP][PASSED] - setText(findTestObject("Modulo Tarea Administracion Compensacion/Prestamo Liquidacion Periodica/input_Documento Beneficiario_f"), "354968431354"): Text '354968431354' is set on object 'Object Repository/Modulo Tarea Administracion Compensacion/Prestamo Liquidacion Periodica/input_Documento Beneficiario_f'

2022-03-09 12:31:08 - [MESSAGE][PASSED] - Text '354968431354' is set on object 'Object Repository/Modulo Tarea Administracion Compensacion/Prestamo Liquidacion Periodica/input_Documento Beneficiario_f'

2022-03-09 12:31:08 - [TEST_STEP][PASSED] - setText(findTestObject("Modulo Tarea Administracion Compensacion/Prestamo Liquidacion Periodica/textarea_Observacin_form_liqui"), "Prueba"): Text 'Prueba' is set on object 'Object Repository/Modulo Tarea Administracion Compensacion/Prestamo Liquidacion Periodica/textarea_Observacin_form_liqui'

2022-03-09 12:31:09 - [MESSAGE][PASSED] - Text 'Prueba' is set on object 'Object Repository/Modulo Tarea Administracion Compensacion/Prestamo Liquidacion Periodica/textarea_Observacin_form_liqui'

2022-03-09 12:31:09 - [TEST_STEP][PASSED] - waitForElementClickable(findTestObject("Modulo Tarea Administracion Compensacion/Prestamo Liquidacion Periodica/a_Guardar"), G_TimeOut): Object 'Object Repository/Modulo Tarea Administracion Compensacion/Prestamo Liquidacion Periodica/a_Guardar' is clickable

2022-03-09 12:31:09 - [MESSAGE][PASSED] - Object 'Object Repository/Modulo Tarea Administracion Compensacion/Prestamo Liquidacion Periodica/a_Guardar' is clickable

2022-03-09 12:31:09 - [TEST_STEP][PASSED] - click(findTestObject("Modulo Tarea Administracion Compensacion/Prestamo Liquidacion Periodica/a_Guardar")): Object: 'Object Repository/Modulo Tarea Administracion Compensacion/Prestamo Liquidacion Periodica/a_Guardar' is clicked on

2022-03-09 12:31:10 - [MESSAGE][PASSED] - Object: 'Object Repository/Modulo Tarea Administracion Compensacion/Prestamo Liquidacion Periodica/a_Guardar' is clicked on

2022-03-09 12:31:10 - [TEST_STEP][PASSED] - getText(findTestObject("Alerta/Alerta")): Text of object 'Object Repository/Alerta/Alerta' is: 'Se modifico el registro satisfactoriamente'

2022-03-09 12:31:10 - [MESSAGE][PASSED] - Text of object 'Object Repository/Alerta/Alerta' is: 'Se modifico el registro satisfactoriamente'

2022-03-09 12:31:10 - [TEST_STEP][PASSED] - closeBrowser(): Browser is closed

2022-03-09 12:31:13 - [MESSAGE][PASSED] - Browser is closed]]></system-out>
         <system-err><![CDATA[]]></system-err>
      </testcase>
      <testcase name="Test Cases/1.1-Tareas Principales/1.4.7-Liquidacion concepto de Nomina" time="33.053" classname="Test Cases/1.1-Tareas Principales/1.4.7-Liquidacion concepto de Nomina" status="PASSED">
         <system-out><![CDATA[2022-03-09 12:31:13 - [TEST_CASE][PASSED] - Test Cases/1.1-Tareas Principales/1.4.7-Liquidacion concepto de Nomina: Test Cases/1.1-Tareas Principales/1.4.7-Liquidacion concepto de Nomina

2022-03-09 12:31:14 - [TEST_STEP][PASSED] - callTestCase(findTestCase("Utilidades-(atajos_para _tareas)/Tareas Administracion Compensacion/Tarea Liquidacion Nomina"), [:], STOP_ON_FAILURE): Call Test Case 'Test Cases/Utilidades-(atajos_para _tareas)/Tareas Administracion Compensacion/Tarea Liquidacion Nomina' successfully

2022-03-09 12:31:14 - [TEST_CASE][PASSED] - Test Cases/Utilidades-(atajos_para _tareas)/Tareas Administracion Compensacion/Tarea Liquidacion Nomina: Test Cases/Utilidades-(atajos_para _tareas)/Tareas Administracion Compensacion/Tarea Liquidacion Nomina

2022-03-09 12:31:14 - [TEST_STEP][PASSED] - callTestCase(findTestCase("0.1-Login"), [:], STOP_ON_FAILURE): Call Test Case 'Test Cases/0.1-Login' successfully

2022-03-09 12:31:14 - [TEST_CASE][PASSED] - Test Cases/0.1-Login: Test Cases/0.1-Login

2022-03-09 12:31:14 - [TEST_STEP][PASSED] - openBrowser(""): Browser is opened with url: ''

2022-03-09 12:31:14 - [MESSAGE][INFO] - Starting 'Chrome' driver

2022-03-09 12:31:14 - [MESSAGE][INFO] - Action delay is set to 0 milliseconds

2022-03-09 12:31:16 - [MESSAGE][PASSED] - Browser is opened with url: ''

2022-03-09 12:31:16 - [TEST_STEP][PASSED] - maximizeWindow(): Current window maximized

2022-03-09 12:31:16 - [MESSAGE][PASSED] - Current window maximized

2022-03-09 12:31:16 - [TEST_STEP][PASSED] - i = G_Login: null

2022-03-09 12:31:16 - [TEST_STEP][PASSED] - url = new java.net.URL(i): null

2022-03-09 12:31:16 - [TEST_STEP][PASSED] - println("URL: " + url.toString()): null

2022-03-09 12:31:16 - [TEST_STEP][PASSED] - connection = url.openConnection(): null

2022-03-09 12:31:16 - [TEST_STEP][PASSED] - connection.setRequestMethod("GET"): null

2022-03-09 12:31:16 - [TEST_STEP][PASSED] - connection.setReadTimeout(2 * 1000): null

2022-03-09 12:31:16 - [TEST_STEP][PASSED] - try: null

2022-03-09 12:31:16 - [TEST_STEP][PASSED] - connection.connect(): null

2022-03-09 12:31:16 - [TEST_STEP][PASSED] - flag = connected: null

2022-03-09 12:31:16 - [TEST_STEP][PASSED] - println("Valor_ori: " + flag): null

2022-03-09 12:31:16 - [TEST_STEP][PASSED] - if (flag): null

2022-03-09 12:31:16 - [TEST_STEP][PASSED] - navigateToUrl(i): Navigate to 'http://192.168.2.80:8380/saraweb' successfully

2022-03-09 12:31:17 - [MESSAGE][PASSED] - Navigate to 'http://192.168.2.80:8380/saraweb' successfully

2022-03-09 12:31:17 - [TEST_STEP][PASSED] - a(): null

2022-03-09 12:31:17 - [TEST_STEP][PASSED] - setText(findTestObject("Login/input_USUARIO_loginusuario"), G_Usuario): Text 'saraadmin' is set on object 'Object Repository/Login/input_USUARIO_loginusuario'

2022-03-09 12:31:17 - [MESSAGE][PASSED] - Text 'saraadmin' is set on object 'Object Repository/Login/input_USUARIO_loginusuario'

2022-03-09 12:31:17 - [TEST_STEP][PASSED] - setEncryptedText(findTestObject("Login/input_CLAVE_loginpassword"), "MkG4/TYiCFC3cb2driP7+Q=="): Text ****** has been set on object 'Object Repository/Login/input_CLAVE_loginpassword'

2022-03-09 12:31:18 - [MESSAGE][PASSED] - Text ****** has been set on object 'Object Repository/Login/input_CLAVE_loginpassword'

2022-03-09 12:31:18 - [TEST_STEP][PASSED] - waitForElementClickable(findTestObject("Login/a_Ingresar"), G_TimeOut): Object 'Object Repository/Login/a_Ingresar' is clickable

2022-03-09 12:31:19 - [MESSAGE][PASSED] - Object 'Object Repository/Login/a_Ingresar' is clickable

2022-03-09 12:31:19 - [TEST_STEP][PASSED] - click(findTestObject("Login/a_Ingresar")): Object: 'Object Repository/Login/a_Ingresar' is clicked on

2022-03-09 12:31:20 - [MESSAGE][PASSED] - Object: 'Object Repository/Login/a_Ingresar' is clicked on

2022-03-09 12:31:20 - [TEST_STEP][PASSED] - element = findWebElement(findTestObject("Login/a_Ir"), 30): null

2022-03-09 12:31:21 - [TEST_STEP][PASSED] - executeJavaScript("arguments[0].click()", Arrays.asList(element)): Execute JavaScript 'arguments[0].click()' successfully

2022-03-09 12:31:21 - [MESSAGE][PASSED] - Execute JavaScript 'arguments[0].click()' successfully

2022-03-09 12:31:21 - [MESSAGE][PASSED] - Call Test Case 'Test Cases/0.1-Login' successfully

2022-03-09 12:31:21 - [TEST_STEP][PASSED] - delay(2): Delayed 2 second(s)

2022-03-09 12:31:23 - [MESSAGE][PASSED] - Delayed 2 second(s)

2022-03-09 12:31:23 - [TEST_STEP][PASSED] - setText(findTestObject("Modulo Tarea Administracion Compensacion/Tarea Liquidacion Nomina/input_Listado de Empleados_"), "Liquidacion Nomina"): Text 'Liquidacion Nomina' is set on object 'Object Repository/Modulo Tarea Administracion Compensacion/Tarea Liquidacion Nomina/input_Listado de Empleados_'

2022-03-09 12:31:24 - [MESSAGE][PASSED] - Text 'Liquidacion Nomina' is set on object 'Object Repository/Modulo Tarea Administracion Compensacion/Tarea Liquidacion Nomina/input_Listado de Empleados_'

2022-03-09 12:31:24 - [TEST_STEP][PASSED] - delay(1): Delayed 1 second(s)

2022-03-09 12:31:25 - [MESSAGE][PASSED] - Delayed 1 second(s)

2022-03-09 12:31:25 - [TEST_STEP][PASSED] - sendKeys(findTestObject("Modulo Tarea Administracion Compensacion/Tarea Liquidacion Nomina/input_Listado de Empleados_"), Keys.chord(ENTER)): Keys 'ENTER + ' sent to object: 'Object Repository/Modulo Tarea Administracion Compensacion/Tarea Liquidacion Nomina/input_Listado de Empleados_'

2022-03-09 12:31:25 - [MESSAGE][PASSED] - Keys 'ENTER + ' sent to object: 'Object Repository/Modulo Tarea Administracion Compensacion/Tarea Liquidacion Nomina/input_Listado de Empleados_'

2022-03-09 12:31:25 - [MESSAGE][PASSED] - Call Test Case 'Test Cases/Utilidades-(atajos_para _tareas)/Tareas Administracion Compensacion/Tarea Liquidacion Nomina' successfully

2022-03-09 12:31:25 - [TEST_STEP][PASSED] - waitForElementClickable(findTestObject("Modulo Tarea Administracion Compensacion/Legalizar licencia Remunerada/Liquidacion Concepto de Nomina/a_Periodo Nomina_Liquidacion"), G_TimeOut): Object 'Object Repository/Modulo Tarea Administracion Compensacion/Legalizar licencia Remunerada/Liquidacion Concepto de Nomina/a_Periodo Nomina_Liquidacion' is clickable

2022-03-09 12:31:28 - [MESSAGE][PASSED] - Object 'Object Repository/Modulo Tarea Administracion Compensacion/Legalizar licencia Remunerada/Liquidacion Concepto de Nomina/a_Periodo Nomina_Liquidacion' is clickable

2022-03-09 12:31:28 - [TEST_STEP][PASSED] - click(findTestObject("Modulo Tarea Administracion Compensacion/Legalizar licencia Remunerada/Liquidacion Concepto de Nomina/a_Periodo Nomina_Liquidacion")): Object: 'Object Repository/Modulo Tarea Administracion Compensacion/Legalizar licencia Remunerada/Liquidacion Concepto de Nomina/a_Periodo Nomina_Liquidacion' is clicked on

2022-03-09 12:31:28 - [MESSAGE][PASSED] - Object: 'Object Repository/Modulo Tarea Administracion Compensacion/Legalizar licencia Remunerada/Liquidacion Concepto de Nomina/a_Periodo Nomina_Liquidacion' is clicked on

2022-03-09 12:31:28 - [TEST_STEP][PASSED] - waitForElementClickable(findTestObject("Modulo Tarea Administracion Compensacion/Legalizar licencia Remunerada/Liquidacion Concepto de Nomina/select_--  Seleccione  --Periodo Cerrado"), G_TimeOut): Object 'Object Repository/Modulo Tarea Administracion Compensacion/Legalizar licencia Remunerada/Liquidacion Concepto de Nomina/select_--  Seleccione  --Periodo Cerrado' is clickable

2022-03-09 12:31:29 - [MESSAGE][PASSED] - Object 'Object Repository/Modulo Tarea Administracion Compensacion/Legalizar licencia Remunerada/Liquidacion Concepto de Nomina/select_--  Seleccione  --Periodo Cerrado' is clickable

2022-03-09 12:31:29 - [TEST_STEP][PASSED] - click(findTestObject("Modulo Tarea Administracion Compensacion/Legalizar licencia Remunerada/Liquidacion Concepto de Nomina/select_--  Seleccione  --Periodo Cerrado")): Object: 'Object Repository/Modulo Tarea Administracion Compensacion/Legalizar licencia Remunerada/Liquidacion Concepto de Nomina/select_--  Seleccione  --Periodo Cerrado' is clicked on

2022-03-09 12:31:30 - [MESSAGE][PASSED] - Object: 'Object Repository/Modulo Tarea Administracion Compensacion/Legalizar licencia Remunerada/Liquidacion Concepto de Nomina/select_--  Seleccione  --Periodo Cerrado' is clicked on

2022-03-09 12:31:30 - [TEST_STEP][PASSED] - selectOptionByIndex(findTestObject("Modulo Tarea Administracion Compensacion/Legalizar licencia Remunerada/Liquidacion Concepto de Nomina/select_--  Seleccione  --Periodo Cerrado"), "2"): All options with index in [2] are selected on object 'Object Repository/Modulo Tarea Administracion Compensacion/Legalizar licencia Remunerada/Liquidacion Concepto de Nomina/select_--  Seleccione  --Periodo Cerrado'

2022-03-09 12:31:31 - [MESSAGE][PASSED] - All options with index in [2] are selected on object 'Object Repository/Modulo Tarea Administracion Compensacion/Legalizar licencia Remunerada/Liquidacion Concepto de Nomina/select_--  Seleccione  --Periodo Cerrado'

2022-03-09 12:31:31 - [TEST_STEP][PASSED] - waitForElementClickable(findTestObject("Modulo Tarea Administracion Compensacion/Legalizar licencia Remunerada/Liquidacion Concepto de Nomina/span_PM202107"), G_TimeOut): Object 'Object Repository/Modulo Tarea Administracion Compensacion/Legalizar licencia Remunerada/Liquidacion Concepto de Nomina/span_PM202107' is clickable

2022-03-09 12:31:31 - [MESSAGE][PASSED] - Object 'Object Repository/Modulo Tarea Administracion Compensacion/Legalizar licencia Remunerada/Liquidacion Concepto de Nomina/span_PM202107' is clickable

2022-03-09 12:31:31 - [TEST_STEP][PASSED] - click(findTestObject("Modulo Tarea Administracion Compensacion/Legalizar licencia Remunerada/Liquidacion Concepto de Nomina/span_PM202107")): Object: 'Object Repository/Modulo Tarea Administracion Compensacion/Legalizar licencia Remunerada/Liquidacion Concepto de Nomina/span_PM202107' is clicked on

2022-03-09 12:31:32 - [MESSAGE][PASSED] - Object: 'Object Repository/Modulo Tarea Administracion Compensacion/Legalizar licencia Remunerada/Liquidacion Concepto de Nomina/span_PM202107' is clicked on

2022-03-09 12:31:32 - [TEST_STEP][PASSED] - waitForElementClickable(findTestObject("Modulo Tarea Administracion Compensacion/Legalizar licencia Remunerada/Liquidacion Concepto de Nomina/a_Nombre Persona_LiquidacionNo"), G_TimeOut): Object 'Object Repository/Modulo Tarea Administracion Compensacion/Legalizar licencia Remunerada/Liquidacion Concepto de Nomina/a_Nombre Persona_LiquidacionNo' is clickable

2022-03-09 12:31:33 - [MESSAGE][PASSED] - Object 'Object Repository/Modulo Tarea Administracion Compensacion/Legalizar licencia Remunerada/Liquidacion Concepto de Nomina/a_Nombre Persona_LiquidacionNo' is clickable

2022-03-09 12:31:33 - [TEST_STEP][PASSED] - click(findTestObject("Modulo Tarea Administracion Compensacion/Legalizar licencia Remunerada/Liquidacion Concepto de Nomina/a_Nombre Persona_LiquidacionNo")): Object: 'Object Repository/Modulo Tarea Administracion Compensacion/Legalizar licencia Remunerada/Liquidacion Concepto de Nomina/a_Nombre Persona_LiquidacionNo' is clicked on

2022-03-09 12:31:34 - [MESSAGE][PASSED] - Object: 'Object Repository/Modulo Tarea Administracion Compensacion/Legalizar licencia Remunerada/Liquidacion Concepto de Nomina/a_Nombre Persona_LiquidacionNo' is clicked on

2022-03-09 12:31:34 - [TEST_STEP][PASSED] - setText(findTestObject("Modulo Tarea Administracion Compensacion/Legalizar licencia Remunerada/Liquidacion Concepto de Nomina/input_close_popupFiltroEmplead"), "1065"): Text '1065' is set on object 'Object Repository/Modulo Tarea Administracion Compensacion/Legalizar licencia Remunerada/Liquidacion Concepto de Nomina/input_close_popupFiltroEmplead'

2022-03-09 12:31:35 - [MESSAGE][PASSED] - Text '1065' is set on object 'Object Repository/Modulo Tarea Administracion Compensacion/Legalizar licencia Remunerada/Liquidacion Concepto de Nomina/input_close_popupFiltroEmplead'

2022-03-09 12:31:35 - [TEST_STEP][PASSED] - sendKeys(findTestObject("Modulo Tarea Administracion Compensacion/Legalizar licencia Remunerada/Liquidacion Concepto de Nomina/input_close_popupFiltroEmplead"), Keys.chord(ENTER)): Keys 'ENTER + ' sent to object: 'Object Repository/Modulo Tarea Administracion Compensacion/Legalizar licencia Remunerada/Liquidacion Concepto de Nomina/input_close_popupFiltroEmplead'

2022-03-09 12:31:36 - [MESSAGE][PASSED] - Keys 'ENTER + ' sent to object: 'Object Repository/Modulo Tarea Administracion Compensacion/Legalizar licencia Remunerada/Liquidacion Concepto de Nomina/input_close_popupFiltroEmplead'

2022-03-09 12:31:36 - [TEST_STEP][PASSED] - waitForElementClickable(findTestObject("Modulo Tarea Administracion Compensacion/Legalizar licencia Remunerada/Liquidacion Concepto de Nomina/span_CONSTA BELFEGORD JHON"), G_TimeOut): Object 'Object Repository/Modulo Tarea Administracion Compensacion/Legalizar licencia Remunerada/Liquidacion Concepto de Nomina/span_CONSTA BELFEGORD JHON' is clickable

2022-03-09 12:31:37 - [MESSAGE][PASSED] - Object 'Object Repository/Modulo Tarea Administracion Compensacion/Legalizar licencia Remunerada/Liquidacion Concepto de Nomina/span_CONSTA BELFEGORD JHON' is clickable

2022-03-09 12:31:37 - [TEST_STEP][PASSED] - click(findTestObject("Modulo Tarea Administracion Compensacion/Legalizar licencia Remunerada/Liquidacion Concepto de Nomina/span_CONSTA BELFEGORD JHON")): Object: 'Object Repository/Modulo Tarea Administracion Compensacion/Legalizar licencia Remunerada/Liquidacion Concepto de Nomina/span_CONSTA BELFEGORD JHON' is clicked on

2022-03-09 12:31:37 - [MESSAGE][PASSED] - Object: 'Object Repository/Modulo Tarea Administracion Compensacion/Legalizar licencia Remunerada/Liquidacion Concepto de Nomina/span_CONSTA BELFEGORD JHON' is clicked on

2022-03-09 12:31:37 - [TEST_STEP][PASSED] - waitForElementClickable(findTestObject("Modulo Tarea Administracion Compensacion/Legalizar licencia Remunerada/Liquidacion Concepto de Nomina/td_Mendoza 1015 Empleado"), G_TimeOut): Object 'Object Repository/Modulo Tarea Administracion Compensacion/Legalizar licencia Remunerada/Liquidacion Concepto de Nomina/td_Mendoza 1015 Empleado' is clickable

2022-03-09 12:31:38 - [MESSAGE][PASSED] - Object 'Object Repository/Modulo Tarea Administracion Compensacion/Legalizar licencia Remunerada/Liquidacion Concepto de Nomina/td_Mendoza 1015 Empleado' is clickable

2022-03-09 12:31:38 - [TEST_STEP][PASSED] - click(findTestObject("Modulo Tarea Administracion Compensacion/Legalizar licencia Remunerada/Liquidacion Concepto de Nomina/td_Mendoza 1015 Empleado")): Object: 'Object Repository/Modulo Tarea Administracion Compensacion/Legalizar licencia Remunerada/Liquidacion Concepto de Nomina/td_Mendoza 1015 Empleado' is clicked on

2022-03-09 12:31:38 - [MESSAGE][PASSED] - Object: 'Object Repository/Modulo Tarea Administracion Compensacion/Legalizar licencia Remunerada/Liquidacion Concepto de Nomina/td_Mendoza 1015 Empleado' is clicked on

2022-03-09 12:31:38 - [TEST_STEP][PASSED] - waitForElementClickable(findTestObject("Modulo Tarea Administracion Compensacion/Legalizar licencia Remunerada/Liquidacion Concepto de Nomina/em_Concepto"), 0): Object 'Object Repository/Modulo Tarea Administracion Compensacion/Legalizar licencia Remunerada/Liquidacion Concepto de Nomina/em_Concepto' is clickable

2022-03-09 12:31:39 - [MESSAGE][WARNING] - Timeout '0' is invalid. Using default page load timeout: '30'

2022-03-09 12:31:39 - [MESSAGE][PASSED] - Object 'Object Repository/Modulo Tarea Administracion Compensacion/Legalizar licencia Remunerada/Liquidacion Concepto de Nomina/em_Concepto' is clickable

2022-03-09 12:31:39 - [TEST_STEP][PASSED] - click(findTestObject("Modulo Tarea Administracion Compensacion/Legalizar licencia Remunerada/Liquidacion Concepto de Nomina/em_Concepto")): Object: 'Object Repository/Modulo Tarea Administracion Compensacion/Legalizar licencia Remunerada/Liquidacion Concepto de Nomina/em_Concepto' is clicked on

2022-03-09 12:31:40 - [MESSAGE][PASSED] - Object: 'Object Repository/Modulo Tarea Administracion Compensacion/Legalizar licencia Remunerada/Liquidacion Concepto de Nomina/em_Concepto' is clicked on

2022-03-09 12:31:40 - [TEST_STEP][PASSED] - waitForElementClickable(findTestObject("Modulo Tarea Administracion Compensacion/Legalizar licencia Remunerada/Liquidacion Concepto de Nomina/span_Liquidar"), G_TimeOut): Object 'Object Repository/Modulo Tarea Administracion Compensacion/Legalizar licencia Remunerada/Liquidacion Concepto de Nomina/span_Liquidar' is clickable

2022-03-09 12:31:41 - [MESSAGE][PASSED] - Object 'Object Repository/Modulo Tarea Administracion Compensacion/Legalizar licencia Remunerada/Liquidacion Concepto de Nomina/span_Liquidar' is clickable

2022-03-09 12:31:41 - [TEST_STEP][PASSED] - click(findTestObject("Modulo Tarea Administracion Compensacion/Legalizar licencia Remunerada/Liquidacion Concepto de Nomina/span_Liquidar")): Object: 'Object Repository/Modulo Tarea Administracion Compensacion/Legalizar licencia Remunerada/Liquidacion Concepto de Nomina/span_Liquidar' is clicked on

2022-03-09 12:31:41 - [MESSAGE][PASSED] - Object: 'Object Repository/Modulo Tarea Administracion Compensacion/Legalizar licencia Remunerada/Liquidacion Concepto de Nomina/span_Liquidar' is clicked on

2022-03-09 12:31:41 - [TEST_STEP][PASSED] - waitForElementClickable(findTestObject("Modulo Tarea Administracion Compensacion/Legalizar licencia Remunerada/Liquidacion Concepto de Nomina/span_Si"), G_TimeOut): Object 'Object Repository/Modulo Tarea Administracion Compensacion/Legalizar licencia Remunerada/Liquidacion Concepto de Nomina/span_Si' is clickable

2022-03-09 12:31:42 - [MESSAGE][PASSED] - Object 'Object Repository/Modulo Tarea Administracion Compensacion/Legalizar licencia Remunerada/Liquidacion Concepto de Nomina/span_Si' is clickable

2022-03-09 12:31:42 - [TEST_STEP][PASSED] - click(findTestObject("Modulo Tarea Administracion Compensacion/Legalizar licencia Remunerada/Liquidacion Concepto de Nomina/span_Si")): Object: 'Object Repository/Modulo Tarea Administracion Compensacion/Legalizar licencia Remunerada/Liquidacion Concepto de Nomina/span_Si' is clicked on

2022-03-09 12:31:43 - [MESSAGE][PASSED] - Object: 'Object Repository/Modulo Tarea Administracion Compensacion/Legalizar licencia Remunerada/Liquidacion Concepto de Nomina/span_Si' is clicked on

2022-03-09 12:31:43 - [TEST_STEP][PASSED] - getText(findTestObject("Alerta/Alerta")): Text of object 'Object Repository/Alerta/Alerta' is: 'Liquidación exitosa'

2022-03-09 12:31:44 - [MESSAGE][PASSED] - Text of object 'Object Repository/Alerta/Alerta' is: 'Liquidación exitosa'

2022-03-09 12:31:44 - [TEST_STEP][PASSED] - closeBrowser(): Browser is closed

2022-03-09 12:31:46 - [MESSAGE][PASSED] - Browser is closed]]></system-out>
         <system-err><![CDATA[]]></system-err>
      </testcase>
      <testcase name="Test Cases/1.1-Tareas Principales/1.4.8-Tarea Importar Fuente general" time="44.348" classname="Test Cases/1.1-Tareas Principales/1.4.8-Tarea Importar Fuente general" status="PASSED">
         <system-out><![CDATA[2022-03-09 12:31:46 - [TEST_CASE][PASSED] - Test Cases/1.1-Tareas Principales/1.4.8-Tarea Importar Fuente general: Test Cases/1.1-Tareas Principales/1.4.8-Tarea Importar Fuente general

2022-03-09 12:31:47 - [TEST_STEP][PASSED] - callTestCase(findTestCase("0.1-Login"), [:], STOP_ON_FAILURE): Call Test Case 'Test Cases/0.1-Login' successfully

2022-03-09 12:31:47 - [TEST_CASE][PASSED] - Test Cases/0.1-Login: Test Cases/0.1-Login

2022-03-09 12:31:47 - [TEST_STEP][PASSED] - openBrowser(""): Browser is opened with url: ''

2022-03-09 12:31:47 - [MESSAGE][INFO] - Starting 'Chrome' driver

2022-03-09 12:31:47 - [MESSAGE][INFO] - Action delay is set to 0 milliseconds

2022-03-09 12:31:49 - [MESSAGE][PASSED] - Browser is opened with url: ''

2022-03-09 12:31:49 - [TEST_STEP][PASSED] - maximizeWindow(): Current window maximized

2022-03-09 12:31:49 - [MESSAGE][PASSED] - Current window maximized

2022-03-09 12:31:49 - [TEST_STEP][PASSED] - i = G_Login: null

2022-03-09 12:31:49 - [TEST_STEP][PASSED] - url = new java.net.URL(i): null

2022-03-09 12:31:49 - [TEST_STEP][PASSED] - println("URL: " + url.toString()): null

2022-03-09 12:31:49 - [TEST_STEP][PASSED] - connection = url.openConnection(): null

2022-03-09 12:31:49 - [TEST_STEP][PASSED] - connection.setRequestMethod("GET"): null

2022-03-09 12:31:49 - [TEST_STEP][PASSED] - connection.setReadTimeout(2 * 1000): null

2022-03-09 12:31:49 - [TEST_STEP][PASSED] - try: null

2022-03-09 12:31:49 - [TEST_STEP][PASSED] - connection.connect(): null

2022-03-09 12:31:49 - [TEST_STEP][PASSED] - flag = connected: null

2022-03-09 12:31:49 - [TEST_STEP][PASSED] - println("Valor_ori: " + flag): null

2022-03-09 12:31:49 - [TEST_STEP][PASSED] - if (flag): null

2022-03-09 12:31:49 - [TEST_STEP][PASSED] - navigateToUrl(i): Navigate to 'http://192.168.2.80:8380/saraweb' successfully

2022-03-09 12:31:50 - [MESSAGE][PASSED] - Navigate to 'http://192.168.2.80:8380/saraweb' successfully

2022-03-09 12:31:50 - [TEST_STEP][PASSED] - a(): null

2022-03-09 12:31:50 - [TEST_STEP][PASSED] - setText(findTestObject("Login/input_USUARIO_loginusuario"), G_Usuario): Text 'saraadmin' is set on object 'Object Repository/Login/input_USUARIO_loginusuario'

2022-03-09 12:31:51 - [MESSAGE][PASSED] - Text 'saraadmin' is set on object 'Object Repository/Login/input_USUARIO_loginusuario'

2022-03-09 12:31:51 - [TEST_STEP][PASSED] - setEncryptedText(findTestObject("Login/input_CLAVE_loginpassword"), "MkG4/TYiCFC3cb2driP7+Q=="): Text ****** has been set on object 'Object Repository/Login/input_CLAVE_loginpassword'

2022-03-09 12:31:52 - [MESSAGE][PASSED] - Text ****** has been set on object 'Object Repository/Login/input_CLAVE_loginpassword'

2022-03-09 12:31:52 - [TEST_STEP][PASSED] - waitForElementClickable(findTestObject("Login/a_Ingresar"), G_TimeOut): Object 'Object Repository/Login/a_Ingresar' is clickable

2022-03-09 12:31:52 - [MESSAGE][PASSED] - Object 'Object Repository/Login/a_Ingresar' is clickable

2022-03-09 12:31:52 - [TEST_STEP][PASSED] - click(findTestObject("Login/a_Ingresar")): Object: 'Object Repository/Login/a_Ingresar' is clicked on

2022-03-09 12:31:54 - [MESSAGE][PASSED] - Object: 'Object Repository/Login/a_Ingresar' is clicked on

2022-03-09 12:31:54 - [TEST_STEP][PASSED] - element = findWebElement(findTestObject("Login/a_Ir"), 30): null

2022-03-09 12:31:54 - [TEST_STEP][PASSED] - executeJavaScript("arguments[0].click()", Arrays.asList(element)): Execute JavaScript 'arguments[0].click()' successfully

2022-03-09 12:31:54 - [MESSAGE][PASSED] - Execute JavaScript 'arguments[0].click()' successfully

2022-03-09 12:31:54 - [MESSAGE][PASSED] - Call Test Case 'Test Cases/0.1-Login' successfully

2022-03-09 12:31:54 - [TEST_STEP][PASSED] - waitForElementClickable(findTestObject("Modulo Tarea Sara General/Importar Fuente General/input_Ir_nav_t66_input"), 3): Object 'Object Repository/Modulo Tarea Sara General/Importar Fuente General/input_Ir_nav_t66_input' is clickable

2022-03-09 12:31:56 - [MESSAGE][PASSED] - Object 'Object Repository/Modulo Tarea Sara General/Importar Fuente General/input_Ir_nav_t66_input' is clickable

2022-03-09 12:31:56 - [TEST_STEP][PASSED] - setText(findTestObject("Modulo Tarea Sara General/Importar Fuente General/input_Ir_nav_t66_input"), "Importar Fuente General"): Text 'Importar Fuente General' is set on object 'Object Repository/Modulo Tarea Sara General/Importar Fuente General/input_Ir_nav_t66_input'

2022-03-09 12:31:58 - [MESSAGE][PASSED] - Text 'Importar Fuente General' is set on object 'Object Repository/Modulo Tarea Sara General/Importar Fuente General/input_Ir_nav_t66_input'

2022-03-09 12:31:58 - [TEST_STEP][PASSED] - delay(1): Delayed 1 second(s)

2022-03-09 12:31:59 - [MESSAGE][PASSED] - Delayed 1 second(s)

2022-03-09 12:31:59 - [TEST_STEP][PASSED] - sendKeys(findTestObject("Modulo Tarea Sara General/Importar Fuente General/input_Ir_nav_t66_input"), Keys.chord(ENTER)): Keys 'ENTER + ' sent to object: 'Object Repository/Modulo Tarea Sara General/Importar Fuente General/input_Ir_nav_t66_input'

2022-03-09 12:32:00 - [MESSAGE][PASSED] - Keys 'ENTER + ' sent to object: 'Object Repository/Modulo Tarea Sara General/Importar Fuente General/input_Ir_nav_t66_input'

2022-03-09 12:32:00 - [TEST_STEP][PASSED] - setText(findTestObject("Modulo Tarea Sara General/Importar Fuente General/input_Importar Fuente_formImpo"), "Insertar las liquidaciones periodicas de prestamo"): Text 'Insertar las liquidaciones periodicas de prestamo' is set on object 'Object Repository/Modulo Tarea Sara General/Importar Fuente General/input_Importar Fuente_formImpo'

2022-03-09 12:32:02 - [MESSAGE][PASSED] - Text 'Insertar las liquidaciones periodicas de prestamo' is set on object 'Object Repository/Modulo Tarea Sara General/Importar Fuente General/input_Importar Fuente_formImpo'

2022-03-09 12:32:02 - [TEST_STEP][PASSED] - sendKeys(findTestObject("Modulo Tarea Sara General/Importar Fuente General/input_Importar Fuente_formImpo"), Keys.chord(ENTER)): Keys 'ENTER + ' sent to object: 'Object Repository/Modulo Tarea Sara General/Importar Fuente General/input_Importar Fuente_formImpo'

2022-03-09 12:32:04 - [MESSAGE][PASSED] - Keys 'ENTER + ' sent to object: 'Object Repository/Modulo Tarea Sara General/Importar Fuente General/input_Importar Fuente_formImpo'

2022-03-09 12:32:04 - [TEST_STEP][PASSED] - click(findTestObject("Modulo Tarea Sara General/Importar Fuente General/td_Insertar Las Liquidaciones Periodicas De Prestamo")): Object: 'Object Repository/Modulo Tarea Sara General/Importar Fuente General/td_Insertar Las Liquidaciones Periodicas De Prestamo' is clicked on

2022-03-09 12:32:04 - [MESSAGE][PASSED] - Object: 'Object Repository/Modulo Tarea Sara General/Importar Fuente General/td_Insertar Las Liquidaciones Periodicas De Prestamo' is clicked on

2022-03-09 12:32:04 - [TEST_STEP][PASSED] - ruta = G_rutaarchivos + "ArchivoPlanoLiquidacionNomina.txt": null

2022-03-09 12:32:04 - [TEST_STEP][PASSED] - uploadFile(findTestObject("Modulo Tarea Sara General/Importar Fuente General/Archivo Cargue Fuente"), ruta): File 'E:\unionweb14\ArchivoPlanoLiquidacionNomina.txt' sent to object: 'Object Repository/Modulo Tarea Sara General/Importar Fuente General/Archivo Cargue Fuente'

2022-03-09 12:32:05 - [MESSAGE][PASSED] - File 'E:\unionweb14\ArchivoPlanoLiquidacionNomina.txt' sent to object: 'Object Repository/Modulo Tarea Sara General/Importar Fuente General/Archivo Cargue Fuente'

2022-03-09 12:32:05 - [TEST_STEP][PASSED] - filePath = getAttribute(findTestObject("Modulo Tarea Sara General/Importar Fuente General/Archivo Cargue Fuente"), "value"): Attribute 'value' of object 'Object Repository/Modulo Tarea Sara General/Importar Fuente General/Archivo Cargue Fuente' is: ''

2022-03-09 12:32:06 - [MESSAGE][PASSED] - Attribute 'value' of object 'Object Repository/Modulo Tarea Sara General/Importar Fuente General/Archivo Cargue Fuente' is: ''

2022-03-09 12:32:06 - [TEST_STEP][PASSED] - click(findTestObject("Modulo Tarea Sara General/Importar Fuente General/a_Importar")): Object: 'Object Repository/Modulo Tarea Sara General/Importar Fuente General/a_Importar' is clicked on

2022-03-09 12:32:07 - [MESSAGE][PASSED] - Object: 'Object Repository/Modulo Tarea Sara General/Importar Fuente General/a_Importar' is clicked on

2022-03-09 12:32:07 - [TEST_STEP][PASSED] - click(findTestObject("Modulo Tarea Sara General/Importar Fuente General/a_Continuar")): Object: 'Object Repository/Modulo Tarea Sara General/Importar Fuente General/a_Continuar' is clicked on

2022-03-09 12:32:11 - [MESSAGE][PASSED] - Object: 'Object Repository/Modulo Tarea Sara General/Importar Fuente General/a_Continuar' is clicked on

2022-03-09 12:32:11 - [TEST_STEP][PASSED] - closeBrowser(): Browser is closed

2022-03-09 12:32:31 - [MESSAGE][PASSED] - Browser is closed]]></system-out>
         <system-err><![CDATA[]]></system-err>
      </testcase>
      <testcase name="Test Cases/1.1-Tareas Principales/1.4.9-Verificacion de campo Total Abonado" time="26.249" classname="Test Cases/1.1-Tareas Principales/1.4.9-Verificacion de campo Total Abonado" status="PASSED">
         <system-out><![CDATA[2022-03-09 12:32:31 - [TEST_CASE][PASSED] - Test Cases/1.1-Tareas Principales/1.4.9-Verificacion de campo Total Abonado: Test Cases/1.1-Tareas Principales/1.4.9-Verificacion de campo Total Abonado

2022-03-09 12:32:31 - [TEST_STEP][PASSED] - callTestCase(findTestCase("Utilidades-(atajos_para _tareas)/Tareas Administracion Compensacion/Tarea Listado Empleados"), [:], STOP_ON_FAILURE): Call Test Case 'Test Cases/Utilidades-(atajos_para _tareas)/Tareas Administracion Compensacion/Tarea Listado Empleados' successfully

2022-03-09 12:32:31 - [TEST_CASE][PASSED] - Test Cases/Utilidades-(atajos_para _tareas)/Tareas Administracion Compensacion/Tarea Listado Empleados: Test Cases/Utilidades-(atajos_para _tareas)/Tareas Administracion Compensacion/Tarea Listado Empleados

2022-03-09 12:32:31 - [TEST_STEP][PASSED] - callTestCase(findTestCase("0.1-Login"), [:], STOP_ON_FAILURE): Call Test Case 'Test Cases/0.1-Login' successfully

2022-03-09 12:32:32 - [TEST_CASE][PASSED] - Test Cases/0.1-Login: Test Cases/0.1-Login

2022-03-09 12:32:32 - [TEST_STEP][PASSED] - openBrowser(""): Browser is opened with url: ''

2022-03-09 12:32:32 - [MESSAGE][INFO] - Starting 'Chrome' driver

2022-03-09 12:32:32 - [MESSAGE][INFO] - Action delay is set to 0 milliseconds

2022-03-09 12:32:33 - [MESSAGE][PASSED] - Browser is opened with url: ''

2022-03-09 12:32:33 - [TEST_STEP][PASSED] - maximizeWindow(): Current window maximized

2022-03-09 12:32:34 - [MESSAGE][PASSED] - Current window maximized

2022-03-09 12:32:34 - [TEST_STEP][PASSED] - i = G_Login: null

2022-03-09 12:32:34 - [TEST_STEP][PASSED] - url = new java.net.URL(i): null

2022-03-09 12:32:34 - [TEST_STEP][PASSED] - println("URL: " + url.toString()): null

2022-03-09 12:32:34 - [TEST_STEP][PASSED] - connection = url.openConnection(): null

2022-03-09 12:32:34 - [TEST_STEP][PASSED] - connection.setRequestMethod("GET"): null

2022-03-09 12:32:34 - [TEST_STEP][PASSED] - connection.setReadTimeout(2 * 1000): null

2022-03-09 12:32:34 - [TEST_STEP][PASSED] - try: null

2022-03-09 12:32:34 - [TEST_STEP][PASSED] - connection.connect(): null

2022-03-09 12:32:34 - [TEST_STEP][PASSED] - flag = connected: null

2022-03-09 12:32:34 - [TEST_STEP][PASSED] - println("Valor_ori: " + flag): null

2022-03-09 12:32:34 - [TEST_STEP][PASSED] - if (flag): null

2022-03-09 12:32:34 - [TEST_STEP][PASSED] - navigateToUrl(i): Navigate to 'http://192.168.2.80:8380/saraweb' successfully

2022-03-09 12:32:34 - [MESSAGE][PASSED] - Navigate to 'http://192.168.2.80:8380/saraweb' successfully

2022-03-09 12:32:34 - [TEST_STEP][PASSED] - a(): null

2022-03-09 12:32:34 - [TEST_STEP][PASSED] - setText(findTestObject("Login/input_USUARIO_loginusuario"), G_Usuario): Text 'saraadmin' is set on object 'Object Repository/Login/input_USUARIO_loginusuario'

2022-03-09 12:32:35 - [MESSAGE][PASSED] - Text 'saraadmin' is set on object 'Object Repository/Login/input_USUARIO_loginusuario'

2022-03-09 12:32:35 - [TEST_STEP][PASSED] - setEncryptedText(findTestObject("Login/input_CLAVE_loginpassword"), "MkG4/TYiCFC3cb2driP7+Q=="): Text ****** has been set on object 'Object Repository/Login/input_CLAVE_loginpassword'

2022-03-09 12:32:36 - [MESSAGE][PASSED] - Text ****** has been set on object 'Object Repository/Login/input_CLAVE_loginpassword'

2022-03-09 12:32:36 - [TEST_STEP][PASSED] - waitForElementClickable(findTestObject("Login/a_Ingresar"), G_TimeOut): Object 'Object Repository/Login/a_Ingresar' is clickable

2022-03-09 12:32:36 - [MESSAGE][PASSED] - Object 'Object Repository/Login/a_Ingresar' is clickable

2022-03-09 12:32:36 - [TEST_STEP][PASSED] - click(findTestObject("Login/a_Ingresar")): Object: 'Object Repository/Login/a_Ingresar' is clicked on

2022-03-09 12:32:38 - [MESSAGE][PASSED] - Object: 'Object Repository/Login/a_Ingresar' is clicked on

2022-03-09 12:32:38 - [TEST_STEP][PASSED] - element = findWebElement(findTestObject("Login/a_Ir"), 30): null

2022-03-09 12:32:39 - [TEST_STEP][PASSED] - executeJavaScript("arguments[0].click()", Arrays.asList(element)): Execute JavaScript 'arguments[0].click()' successfully

2022-03-09 12:32:40 - [MESSAGE][PASSED] - Execute JavaScript 'arguments[0].click()' successfully

2022-03-09 12:32:40 - [MESSAGE][PASSED] - Call Test Case 'Test Cases/0.1-Login' successfully

2022-03-09 12:32:40 - [TEST_STEP][PASSED] - setText(findTestObject("Modulo Tarea Listado Hojas de Vida/Tareas Listado Hojas de Vida/input_Listado Hojas De Vida_form_templatej_idt24_input"), "Listado de Empleados"): Text 'Listado de Empleados' is set on object 'Object Repository/Modulo Tarea Listado Hojas de Vida/Tareas Listado Hojas de Vida/input_Listado Hojas De Vida_form_templatej_idt24_input'

2022-03-09 12:32:42 - [MESSAGE][PASSED] - Text 'Listado de Empleados' is set on object 'Object Repository/Modulo Tarea Listado Hojas de Vida/Tareas Listado Hojas de Vida/input_Listado Hojas De Vida_form_templatej_idt24_input'

2022-03-09 12:32:42 - [TEST_STEP][PASSED] - delay(3): Delayed 3 second(s)

2022-03-09 12:32:45 - [MESSAGE][PASSED] - Delayed 3 second(s)

2022-03-09 12:32:45 - [TEST_STEP][PASSED] - sendKeys(findTestObject("Modulo Tarea Listado Hojas de Vida/Tareas Listado Hojas de Vida/input_Listado Hojas De Vida_form_templatej_idt24_input"), Keys.chord(ENTER)): Keys 'ENTER + ' sent to object: 'Object Repository/Modulo Tarea Listado Hojas de Vida/Tareas Listado Hojas de Vida/input_Listado Hojas De Vida_form_templatej_idt24_input'

2022-03-09 12:32:45 - [MESSAGE][PASSED] - Keys 'ENTER + ' sent to object: 'Object Repository/Modulo Tarea Listado Hojas de Vida/Tareas Listado Hojas de Vida/input_Listado Hojas De Vida_form_templatej_idt24_input'

2022-03-09 12:32:45 - [MESSAGE][PASSED] - Call Test Case 'Test Cases/Utilidades-(atajos_para _tareas)/Tareas Administracion Compensacion/Tarea Listado Empleados' successfully

2022-03-09 12:32:45 - [TEST_STEP][PASSED] - waitForElementClickable(findTestObject("Modulo Tarea Administracion Compensacion/Verificacion de campo Total Abonado/a_Nombre Funcionario_listadoEm"), 0): Object 'Object Repository/Modulo Tarea Administracion Compensacion/Verificacion de campo Total Abonado/a_Nombre Funcionario_listadoEm' is clickable

2022-03-09 12:32:45 - [MESSAGE][WARNING] - Timeout '0' is invalid. Using default page load timeout: '30'

2022-03-09 12:32:48 - [MESSAGE][PASSED] - Object 'Object Repository/Modulo Tarea Administracion Compensacion/Verificacion de campo Total Abonado/a_Nombre Funcionario_listadoEm' is clickable

2022-03-09 12:32:48 - [TEST_STEP][PASSED] - click(findTestObject("Modulo Tarea Administracion Compensacion/Verificacion de campo Total Abonado/a_Nombre Funcionario_listadoEm")): Object: 'Object Repository/Modulo Tarea Administracion Compensacion/Verificacion de campo Total Abonado/a_Nombre Funcionario_listadoEm' is clicked on

2022-03-09 12:32:49 - [MESSAGE][PASSED] - Object: 'Object Repository/Modulo Tarea Administracion Compensacion/Verificacion de campo Total Abonado/a_Nombre Funcionario_listadoEm' is clicked on

2022-03-09 12:32:49 - [TEST_STEP][PASSED] - setText(findTestObject("Modulo Tarea Administracion Compensacion/Verificacion de campo Total Abonado/a_Nombre Funcionario_listadoEm"), "354968431354"): Text '354968431354' is set on object 'Object Repository/Modulo Tarea Administracion Compensacion/Verificacion de campo Total Abonado/a_Nombre Funcionario_listadoEm'

2022-03-09 12:32:50 - [MESSAGE][PASSED] - Text '354968431354' is set on object 'Object Repository/Modulo Tarea Administracion Compensacion/Verificacion de campo Total Abonado/a_Nombre Funcionario_listadoEm'

2022-03-09 12:32:50 - [TEST_STEP][PASSED] - sendKeys(findTestObject("Modulo Tarea Administracion Compensacion/Verificacion de campo Total Abonado/a_Nombre Funcionario_listadoEm"), Keys.chord(ENTER)): Keys 'ENTER + ' sent to object: 'Object Repository/Modulo Tarea Administracion Compensacion/Verificacion de campo Total Abonado/a_Nombre Funcionario_listadoEm'

2022-03-09 12:32:51 - [MESSAGE][PASSED] - Keys 'ENTER + ' sent to object: 'Object Repository/Modulo Tarea Administracion Compensacion/Verificacion de campo Total Abonado/a_Nombre Funcionario_listadoEm'

2022-03-09 12:32:51 - [TEST_STEP][PASSED] - click(findTestObject("Modulo Tarea Administracion Compensacion/Verificacion de campo Total Abonado/span_CONSTA BELFEGORD JHON")): Object: 'Object Repository/Modulo Tarea Administracion Compensacion/Verificacion de campo Total Abonado/span_CONSTA BELFEGORD JHON' is clicked on

2022-03-09 12:32:52 - [MESSAGE][PASSED] - Object: 'Object Repository/Modulo Tarea Administracion Compensacion/Verificacion de campo Total Abonado/span_CONSTA BELFEGORD JHON' is clicked on

2022-03-09 12:32:52 - [TEST_STEP][PASSED] - click(findTestObject("Modulo Tarea Administracion Compensacion/Verificacion de campo Total Abonado/span_Liquidacin Periodica")): Object: 'Object Repository/Modulo Tarea Administracion Compensacion/Verificacion de campo Total Abonado/span_Liquidacin Periodica' is clicked on

2022-03-09 12:32:53 - [MESSAGE][PASSED] - Object: 'Object Repository/Modulo Tarea Administracion Compensacion/Verificacion de campo Total Abonado/span_Liquidacin Periodica' is clicked on

2022-03-09 12:32:53 - [TEST_STEP][PASSED] - click(findTestObject("Modulo Tarea Administracion Compensacion/Verificacion de campo Total Abonado/span_PRESTAMO BANCOLOMBIA")): Object: 'Object Repository/Modulo Tarea Administracion Compensacion/Verificacion de campo Total Abonado/span_PRESTAMO BANCOLOMBIA' is clicked on

2022-03-09 12:32:54 - [MESSAGE][PASSED] - Object: 'Object Repository/Modulo Tarea Administracion Compensacion/Verificacion de campo Total Abonado/span_PRESTAMO BANCOLOMBIA' is clicked on

2022-03-09 12:32:54 - [TEST_STEP][PASSED] - closeBrowser(): Browser is closed

2022-03-09 12:32:57 - [MESSAGE][PASSED] - Browser is closed]]></system-out>
         <system-err><![CDATA[]]></system-err>
      </testcase>
      <testcase name="Test Cases/1.1-Tareas Principales/1.5.1-Administracion embargos" time="53.371" classname="Test Cases/1.1-Tareas Principales/1.5.1-Administracion embargos" status="PASSED">
         <system-out><![CDATA[2022-03-09 12:32:57 - [TEST_CASE][PASSED] - Test Cases/1.1-Tareas Principales/1.5.1-Administracion embargos: Test Cases/1.1-Tareas Principales/1.5.1-Administracion embargos

2022-03-09 12:32:57 - [TEST_STEP][PASSED] - callTestCase(findTestCase("Utilidades-(atajos_para _tareas)/Tareas Administracion Compensacion/Administracion embargos por Fecha"), [:], STOP_ON_FAILURE): Call Test Case 'Test Cases/Utilidades-(atajos_para _tareas)/Tareas Administracion Compensacion/Administracion embargos por Fecha' successfully

2022-03-09 12:32:58 - [TEST_CASE][PASSED] - Test Cases/Utilidades-(atajos_para _tareas)/Tareas Administracion Compensacion/Administracion embargos por Fecha: Test Cases/Utilidades-(atajos_para _tareas)/Tareas Administracion Compensacion/Administracion embargos por Fecha

2022-03-09 12:32:58 - [TEST_STEP][PASSED] - callTestCase(findTestCase("Utilidades-(atajos_para _tareas)/Modulos/Modulo Administracion Compensacion"), [:], STOP_ON_FAILURE): Call Test Case 'Test Cases/Utilidades-(atajos_para _tareas)/Modulos/Modulo Administracion Compensacion' successfully

2022-03-09 12:32:59 - [TEST_CASE][PASSED] - Test Cases/Utilidades-(atajos_para _tareas)/Modulos/Modulo Administracion Compensacion: Test Cases/Utilidades-(atajos_para _tareas)/Modulos/Modulo Administracion Compensacion

2022-03-09 12:32:59 - [TEST_STEP][PASSED] - callTestCase(findTestCase("0.1-Login"), [:], STOP_ON_FAILURE): Call Test Case 'Test Cases/0.1-Login' successfully

2022-03-09 12:32:59 - [TEST_CASE][PASSED] - Test Cases/0.1-Login: Test Cases/0.1-Login

2022-03-09 12:32:59 - [TEST_STEP][PASSED] - openBrowser(""): Browser is opened with url: ''

2022-03-09 12:32:59 - [MESSAGE][INFO] - Starting 'Chrome' driver

2022-03-09 12:32:59 - [MESSAGE][INFO] - Action delay is set to 0 milliseconds

2022-03-09 12:33:01 - [MESSAGE][PASSED] - Browser is opened with url: ''

2022-03-09 12:33:01 - [TEST_STEP][PASSED] - maximizeWindow(): Current window maximized

2022-03-09 12:33:02 - [MESSAGE][PASSED] - Current window maximized

2022-03-09 12:33:02 - [TEST_STEP][PASSED] - i = G_Login: null

2022-03-09 12:33:02 - [TEST_STEP][PASSED] - url = new java.net.URL(i): null

2022-03-09 12:33:02 - [TEST_STEP][PASSED] - println("URL: " + url.toString()): null

2022-03-09 12:33:02 - [TEST_STEP][PASSED] - connection = url.openConnection(): null

2022-03-09 12:33:02 - [TEST_STEP][PASSED] - connection.setRequestMethod("GET"): null

2022-03-09 12:33:02 - [TEST_STEP][PASSED] - connection.setReadTimeout(2 * 1000): null

2022-03-09 12:33:02 - [TEST_STEP][PASSED] - try: null

2022-03-09 12:33:02 - [TEST_STEP][PASSED] - connection.connect(): null

2022-03-09 12:33:02 - [TEST_STEP][PASSED] - flag = connected: null

2022-03-09 12:33:02 - [TEST_STEP][PASSED] - println("Valor_ori: " + flag): null

2022-03-09 12:33:02 - [TEST_STEP][PASSED] - if (flag): null

2022-03-09 12:33:02 - [TEST_STEP][PASSED] - navigateToUrl(i): Navigate to 'http://192.168.2.80:8380/saraweb' successfully

2022-03-09 12:33:02 - [MESSAGE][PASSED] - Navigate to 'http://192.168.2.80:8380/saraweb' successfully

2022-03-09 12:33:02 - [TEST_STEP][PASSED] - a(): null

2022-03-09 12:33:02 - [TEST_STEP][PASSED] - setText(findTestObject("Login/input_USUARIO_loginusuario"), G_Usuario): Text 'saraadmin' is set on object 'Object Repository/Login/input_USUARIO_loginusuario'

2022-03-09 12:33:03 - [MESSAGE][PASSED] - Text 'saraadmin' is set on object 'Object Repository/Login/input_USUARIO_loginusuario'

2022-03-09 12:33:03 - [TEST_STEP][PASSED] - setEncryptedText(findTestObject("Login/input_CLAVE_loginpassword"), "MkG4/TYiCFC3cb2driP7+Q=="): Text ****** has been set on object 'Object Repository/Login/input_CLAVE_loginpassword'

2022-03-09 12:33:03 - [MESSAGE][PASSED] - Text ****** has been set on object 'Object Repository/Login/input_CLAVE_loginpassword'

2022-03-09 12:33:03 - [TEST_STEP][PASSED] - waitForElementClickable(findTestObject("Login/a_Ingresar"), G_TimeOut): Object 'Object Repository/Login/a_Ingresar' is clickable

2022-03-09 12:33:04 - [MESSAGE][PASSED] - Object 'Object Repository/Login/a_Ingresar' is clickable

2022-03-09 12:33:04 - [TEST_STEP][PASSED] - click(findTestObject("Login/a_Ingresar")): Object: 'Object Repository/Login/a_Ingresar' is clicked on

2022-03-09 12:33:06 - [MESSAGE][PASSED] - Object: 'Object Repository/Login/a_Ingresar' is clicked on

2022-03-09 12:33:06 - [TEST_STEP][PASSED] - element = findWebElement(findTestObject("Login/a_Ir"), 30): null

2022-03-09 12:33:06 - [TEST_STEP][PASSED] - executeJavaScript("arguments[0].click()", Arrays.asList(element)): Execute JavaScript 'arguments[0].click()' successfully

2022-03-09 12:33:06 - [MESSAGE][PASSED] - Execute JavaScript 'arguments[0].click()' successfully

2022-03-09 12:33:06 - [MESSAGE][PASSED] - Call Test Case 'Test Cases/0.1-Login' successfully

2022-03-09 12:33:06 - [TEST_STEP][PASSED] - delay(2): Delayed 2 second(s)

2022-03-09 12:33:08 - [MESSAGE][PASSED] - Delayed 2 second(s)

2022-03-09 12:33:08 - [TEST_STEP][PASSED] - click(findTestObject("Modulo Administracion Compensacion/span_Administracin Compensacin")): Object: 'Object Repository/Modulo Administracion Compensacion/span_Administracin Compensacin' is clicked on

2022-03-09 12:33:10 - [MESSAGE][PASSED] - Object: 'Object Repository/Modulo Administracion Compensacion/span_Administracin Compensacin' is clicked on

2022-03-09 12:33:10 - [MESSAGE][PASSED] - Call Test Case 'Test Cases/Utilidades-(atajos_para _tareas)/Modulos/Modulo Administracion Compensacion' successfully

2022-03-09 12:33:10 - [TEST_STEP][PASSED] - waitForElementClickable(findTestObject("Modulo Tarea Administracion Compensacion/Administracion Embargos por Fecha/input_Ir_nav_t66_input"), 0): Object 'Object Repository/Modulo Tarea Administracion Compensacion/Administracion Embargos por Fecha/input_Ir_nav_t66_input' is clickable

2022-03-09 12:33:10 - [MESSAGE][WARNING] - Timeout '0' is invalid. Using default page load timeout: '30'

2022-03-09 12:33:11 - [MESSAGE][PASSED] - Object 'Object Repository/Modulo Tarea Administracion Compensacion/Administracion Embargos por Fecha/input_Ir_nav_t66_input' is clickable

2022-03-09 12:33:11 - [TEST_STEP][PASSED] - setText(findTestObject("Modulo Tarea Administracion Compensacion/Administracion Embargos por Fecha/input_Ir_nav_t66_input"), "Administracion Embargos"): Text 'Administracion Embargos' is set on object 'Object Repository/Modulo Tarea Administracion Compensacion/Administracion Embargos por Fecha/input_Ir_nav_t66_input'

2022-03-09 12:33:12 - [MESSAGE][PASSED] - Text 'Administracion Embargos' is set on object 'Object Repository/Modulo Tarea Administracion Compensacion/Administracion Embargos por Fecha/input_Ir_nav_t66_input'

2022-03-09 12:33:12 - [TEST_STEP][PASSED] - delay(2): Delayed 2 second(s)

2022-03-09 12:33:14 - [MESSAGE][PASSED] - Delayed 2 second(s)

2022-03-09 12:33:14 - [TEST_STEP][PASSED] - sendKeys(findTestObject("Modulo Tarea Administracion Compensacion/Administracion Embargos por Fecha/input_Ir_nav_t66_input"), Keys.chord(ENTER)): Keys 'ENTER + ' sent to object: 'Object Repository/Modulo Tarea Administracion Compensacion/Administracion Embargos por Fecha/input_Ir_nav_t66_input'

2022-03-09 12:33:14 - [MESSAGE][PASSED] - Keys 'ENTER + ' sent to object: 'Object Repository/Modulo Tarea Administracion Compensacion/Administracion Embargos por Fecha/input_Ir_nav_t66_input'

2022-03-09 12:33:14 - [TEST_STEP][PASSED] - click(findTestObject("Modulo Tarea Administracion Compensacion/Administracion Embargos por Fecha/span_Generacion Por Fechas")): Object: 'Object Repository/Modulo Tarea Administracion Compensacion/Administracion Embargos por Fecha/span_Generacion Por Fechas' is clicked on

2022-03-09 12:33:16 - [MESSAGE][PASSED] - Object: 'Object Repository/Modulo Tarea Administracion Compensacion/Administracion Embargos por Fecha/span_Generacion Por Fechas' is clicked on

2022-03-09 12:33:16 - [TEST_STEP][PASSED] - setText(findTestObject("Modulo Tarea Administracion Compensacion/Administracion Embargos por Fecha/input_Fecha Inicial_banco_agra"), "01/01/2019"): Text '01/01/2019' is set on object 'Object Repository/Modulo Tarea Administracion Compensacion/Administracion Embargos por Fecha/input_Fecha Inicial_banco_agra'

2022-03-09 12:33:18 - [MESSAGE][PASSED] - Text '01/01/2019' is set on object 'Object Repository/Modulo Tarea Administracion Compensacion/Administracion Embargos por Fecha/input_Fecha Inicial_banco_agra'

2022-03-09 12:33:18 - [TEST_STEP][PASSED] - sendKeys(findTestObject("Modulo Tarea Administracion Compensacion/Administracion Embargos por Fecha/input_Fecha Inicial_banco_agra"), Keys.chord(ENTER)): Keys 'ENTER + ' sent to object: 'Object Repository/Modulo Tarea Administracion Compensacion/Administracion Embargos por Fecha/input_Fecha Inicial_banco_agra'

2022-03-09 12:33:19 - [MESSAGE][PASSED] - Keys 'ENTER + ' sent to object: 'Object Repository/Modulo Tarea Administracion Compensacion/Administracion Embargos por Fecha/input_Fecha Inicial_banco_agra'

2022-03-09 12:33:19 - [TEST_STEP][PASSED] - setText(findTestObject("Modulo Tarea Administracion Compensacion/Administracion Embargos por Fecha/input_Fecha Final_banco_agrari"), "31/01/2019"): Text '31/01/2019' is set on object 'Object Repository/Modulo Tarea Administracion Compensacion/Administracion Embargos por Fecha/input_Fecha Final_banco_agrari'

2022-03-09 12:33:19 - [MESSAGE][PASSED] - Text '31/01/2019' is set on object 'Object Repository/Modulo Tarea Administracion Compensacion/Administracion Embargos por Fecha/input_Fecha Final_banco_agrari'

2022-03-09 12:33:19 - [TEST_STEP][PASSED] - sendKeys(findTestObject("Modulo Tarea Administracion Compensacion/Administracion Embargos por Fecha/input_Fecha Final_banco_agrari"), Keys.chord(ENTER)): Keys 'ENTER + ' sent to object: 'Object Repository/Modulo Tarea Administracion Compensacion/Administracion Embargos por Fecha/input_Fecha Final_banco_agrari'

2022-03-09 12:33:20 - [MESSAGE][PASSED] - Keys 'ENTER + ' sent to object: 'Object Repository/Modulo Tarea Administracion Compensacion/Administracion Embargos por Fecha/input_Fecha Final_banco_agrari'

2022-03-09 12:33:20 - [TEST_STEP][PASSED] - waitForElementClickable(findTestObject("Modulo Tarea Administracion Compensacion/Verificacion de campo Total Abonado/a_Nombre Funcionario_listadoEm"), 0): Object 'Object Repository/Modulo Tarea Administracion Compensacion/Verificacion de campo Total Abonado/a_Nombre Funcionario_listadoEm' is clickable

2022-03-09 12:33:20 - [MESSAGE][WARNING] - Timeout '0' is invalid. Using default page load timeout: '30'

2022-03-09 12:33:21 - [MESSAGE][PASSED] - Object 'Object Repository/Modulo Tarea Administracion Compensacion/Verificacion de campo Total Abonado/a_Nombre Funcionario_listadoEm' is clickable

2022-03-09 12:33:21 - [TEST_STEP][PASSED] - click(findTestObject("Modulo Tarea Administracion Compensacion/Administracion Embargos por Fecha/input_Tipo Periodo_banco_agrar")): Object: 'Object Repository/Modulo Tarea Administracion Compensacion/Administracion Embargos por Fecha/input_Tipo Periodo_banco_agrar' is clicked on

2022-03-09 12:33:21 - [MESSAGE][PASSED] - Object: 'Object Repository/Modulo Tarea Administracion Compensacion/Administracion Embargos por Fecha/input_Tipo Periodo_banco_agrar' is clicked on

2022-03-09 12:33:21 - [TEST_STEP][PASSED] - click(findTestObject("Modulo Tarea Administracion Compensacion/Administracion Embargos por Fecha/span_Generar")): Object: 'Object Repository/Modulo Tarea Administracion Compensacion/Administracion Embargos por Fecha/span_Generar' is clicked on

2022-03-09 12:33:22 - [MESSAGE][PASSED] - Object: 'Object Repository/Modulo Tarea Administracion Compensacion/Administracion Embargos por Fecha/span_Generar' is clicked on

2022-03-09 12:33:22 - [TEST_STEP][PASSED] - click(findTestObject("Modulo Tarea Administracion Compensacion/Administracion Embargos por Fecha/span_Archivo")): Object: 'Object Repository/Modulo Tarea Administracion Compensacion/Administracion Embargos por Fecha/span_Archivo' is clicked on

2022-03-09 12:33:23 - [MESSAGE][PASSED] - Object: 'Object Repository/Modulo Tarea Administracion Compensacion/Administracion Embargos por Fecha/span_Archivo' is clicked on

2022-03-09 12:33:23 - [TEST_STEP][PASSED] - click(findTestObject("Modulo Tarea Administracion Compensacion/Administracion Embargos por Fecha/span_Si")): Object: 'Object Repository/Modulo Tarea Administracion Compensacion/Administracion Embargos por Fecha/span_Si' is clicked on

2022-03-09 12:33:24 - [MESSAGE][PASSED] - Object: 'Object Repository/Modulo Tarea Administracion Compensacion/Administracion Embargos por Fecha/span_Si' is clicked on

2022-03-09 12:33:24 - [MESSAGE][PASSED] - Call Test Case 'Test Cases/Utilidades-(atajos_para _tareas)/Tareas Administracion Compensacion/Administracion embargos por Fecha' successfully

2022-03-09 12:33:24 - [TEST_STEP][PASSED] - callTestCase(findTestCase("Utilidades-(atajos_para _tareas)/Tareas Administracion Compensacion/Administracion embargos por Periodos"), [:], STOP_ON_FAILURE): Call Test Case 'Test Cases/Utilidades-(atajos_para _tareas)/Tareas Administracion Compensacion/Administracion embargos por Periodos' successfully

2022-03-09 12:33:24 - [TEST_CASE][PASSED] - Test Cases/Utilidades-(atajos_para _tareas)/Tareas Administracion Compensacion/Administracion embargos por Periodos: Test Cases/Utilidades-(atajos_para _tareas)/Tareas Administracion Compensacion/Administracion embargos por Periodos

2022-03-09 12:33:24 - [TEST_STEP][PASSED] - callTestCase(findTestCase("Utilidades-(atajos_para _tareas)/Modulos/Modulo Administracion Compensacion"), [:], STOP_ON_FAILURE): Call Test Case 'Test Cases/Utilidades-(atajos_para _tareas)/Modulos/Modulo Administracion Compensacion' successfully

2022-03-09 12:33:25 - [TEST_CASE][PASSED] - Test Cases/Utilidades-(atajos_para _tareas)/Modulos/Modulo Administracion Compensacion: Test Cases/Utilidades-(atajos_para _tareas)/Modulos/Modulo Administracion Compensacion

2022-03-09 12:33:25 - [TEST_STEP][PASSED] - callTestCase(findTestCase("0.1-Login"), [:], STOP_ON_FAILURE): Call Test Case 'Test Cases/0.1-Login' successfully

2022-03-09 12:33:25 - [TEST_CASE][PASSED] - Test Cases/0.1-Login: Test Cases/0.1-Login

2022-03-09 12:33:25 - [TEST_STEP][PASSED] - openBrowser(""): Browser is opened with url: ''

2022-03-09 12:33:25 - [MESSAGE][WARNING] - A browser is already opened. Closing browser and opening a new one

2022-03-09 12:33:27 - [MESSAGE][INFO] - Starting 'Chrome' driver

2022-03-09 12:33:27 - [MESSAGE][INFO] - Action delay is set to 0 milliseconds

2022-03-09 12:33:30 - [MESSAGE][PASSED] - Browser is opened with url: ''

2022-03-09 12:33:30 - [TEST_STEP][PASSED] - maximizeWindow(): Current window maximized

2022-03-09 12:33:30 - [MESSAGE][PASSED] - Current window maximized

2022-03-09 12:33:30 - [TEST_STEP][PASSED] - i = G_Login: null

2022-03-09 12:33:30 - [TEST_STEP][PASSED] - url = new java.net.URL(i): null

2022-03-09 12:33:30 - [TEST_STEP][PASSED] - println("URL: " + url.toString()): null

2022-03-09 12:33:30 - [TEST_STEP][PASSED] - connection = url.openConnection(): null

2022-03-09 12:33:30 - [TEST_STEP][PASSED] - connection.setRequestMethod("GET"): null

2022-03-09 12:33:30 - [TEST_STEP][PASSED] - connection.setReadTimeout(2 * 1000): null

2022-03-09 12:33:30 - [TEST_STEP][PASSED] - try: null

2022-03-09 12:33:30 - [TEST_STEP][PASSED] - connection.connect(): null

2022-03-09 12:33:30 - [TEST_STEP][PASSED] - flag = connected: null

2022-03-09 12:33:30 - [TEST_STEP][PASSED] - println("Valor_ori: " + flag): null

2022-03-09 12:33:30 - [TEST_STEP][PASSED] - if (flag): null

2022-03-09 12:33:30 - [TEST_STEP][PASSED] - navigateToUrl(i): Navigate to 'http://192.168.2.80:8380/saraweb' successfully

2022-03-09 12:33:30 - [MESSAGE][PASSED] - Navigate to 'http://192.168.2.80:8380/saraweb' successfully

2022-03-09 12:33:30 - [TEST_STEP][PASSED] - a(): null

2022-03-09 12:33:30 - [TEST_STEP][PASSED] - setText(findTestObject("Login/input_USUARIO_loginusuario"), G_Usuario): Text 'saraadmin' is set on object 'Object Repository/Login/input_USUARIO_loginusuario'

2022-03-09 12:33:31 - [MESSAGE][PASSED] - Text 'saraadmin' is set on object 'Object Repository/Login/input_USUARIO_loginusuario'

2022-03-09 12:33:31 - [TEST_STEP][PASSED] - setEncryptedText(findTestObject("Login/input_CLAVE_loginpassword"), "MkG4/TYiCFC3cb2driP7+Q=="): Text ****** has been set on object 'Object Repository/Login/input_CLAVE_loginpassword'

2022-03-09 12:33:32 - [MESSAGE][PASSED] - Text ****** has been set on object 'Object Repository/Login/input_CLAVE_loginpassword'

2022-03-09 12:33:32 - [TEST_STEP][PASSED] - waitForElementClickable(findTestObject("Login/a_Ingresar"), G_TimeOut): Object 'Object Repository/Login/a_Ingresar' is clickable

2022-03-09 12:33:32 - [MESSAGE][PASSED] - Object 'Object Repository/Login/a_Ingresar' is clickable

2022-03-09 12:33:32 - [TEST_STEP][PASSED] - click(findTestObject("Login/a_Ingresar")): Object: 'Object Repository/Login/a_Ingresar' is clicked on

2022-03-09 12:33:34 - [MESSAGE][PASSED] - Object: 'Object Repository/Login/a_Ingresar' is clicked on

2022-03-09 12:33:34 - [TEST_STEP][PASSED] - element = findWebElement(findTestObject("Login/a_Ir"), 30): null

2022-03-09 12:33:34 - [TEST_STEP][PASSED] - executeJavaScript("arguments[0].click()", Arrays.asList(element)): Execute JavaScript 'arguments[0].click()' successfully

2022-03-09 12:33:34 - [MESSAGE][PASSED] - Execute JavaScript 'arguments[0].click()' successfully

2022-03-09 12:33:34 - [MESSAGE][PASSED] - Call Test Case 'Test Cases/0.1-Login' successfully

2022-03-09 12:33:34 - [TEST_STEP][PASSED] - delay(2): Delayed 2 second(s)

2022-03-09 12:33:36 - [MESSAGE][PASSED] - Delayed 2 second(s)

2022-03-09 12:33:36 - [TEST_STEP][PASSED] - click(findTestObject("Modulo Administracion Compensacion/span_Administracin Compensacin")): Object: 'Object Repository/Modulo Administracion Compensacion/span_Administracin Compensacin' is clicked on

2022-03-09 12:33:37 - [MESSAGE][PASSED] - Object: 'Object Repository/Modulo Administracion Compensacion/span_Administracin Compensacin' is clicked on

2022-03-09 12:33:37 - [MESSAGE][PASSED] - Call Test Case 'Test Cases/Utilidades-(atajos_para _tareas)/Modulos/Modulo Administracion Compensacion' successfully

2022-03-09 12:33:37 - [TEST_STEP][PASSED] - waitForElementClickable(findTestObject("Modulo Tarea Administracion Compensacion/Administracion Embargos por Fecha/input_Ir_nav_t66_input"), 0): Object 'Object Repository/Modulo Tarea Administracion Compensacion/Administracion Embargos por Fecha/input_Ir_nav_t66_input' is clickable

2022-03-09 12:33:38 - [MESSAGE][WARNING] - Timeout '0' is invalid. Using default page load timeout: '30'

2022-03-09 12:33:38 - [MESSAGE][PASSED] - Object 'Object Repository/Modulo Tarea Administracion Compensacion/Administracion Embargos por Fecha/input_Ir_nav_t66_input' is clickable

2022-03-09 12:33:38 - [TEST_STEP][PASSED] - setText(findTestObject("Modulo Tarea Administracion Compensacion/Administracion Embargos por Fecha/input_Ir_nav_t66_input"), "Administracion Embargos"): Text 'Administracion Embargos' is set on object 'Object Repository/Modulo Tarea Administracion Compensacion/Administracion Embargos por Fecha/input_Ir_nav_t66_input'

2022-03-09 12:33:39 - [MESSAGE][PASSED] - Text 'Administracion Embargos' is set on object 'Object Repository/Modulo Tarea Administracion Compensacion/Administracion Embargos por Fecha/input_Ir_nav_t66_input'

2022-03-09 12:33:39 - [TEST_STEP][PASSED] - delay(1): Delayed 1 second(s)

2022-03-09 12:33:40 - [MESSAGE][PASSED] - Delayed 1 second(s)

2022-03-09 12:33:40 - [TEST_STEP][PASSED] - sendKeys(findTestObject("Modulo Tarea Administracion Compensacion/Administracion Embargos por Fecha/input_Ir_nav_t66_input"), Keys.chord(ENTER)): Keys 'ENTER + ' sent to object: 'Object Repository/Modulo Tarea Administracion Compensacion/Administracion Embargos por Fecha/input_Ir_nav_t66_input'

2022-03-09 12:33:41 - [MESSAGE][PASSED] - Keys 'ENTER + ' sent to object: 'Object Repository/Modulo Tarea Administracion Compensacion/Administracion Embargos por Fecha/input_Ir_nav_t66_input'

2022-03-09 12:33:41 - [TEST_STEP][PASSED] - click(findTestObject("Modulo Tarea Administracion Compensacion/Administracion Embargos por Periodo/span_Generacin Por Periodos")): Object: 'Object Repository/Modulo Tarea Administracion Compensacion/Administracion Embargos por Periodo/span_Generacin Por Periodos' is clicked on

2022-03-09 12:33:42 - [MESSAGE][PASSED] - Object: 'Object Repository/Modulo Tarea Administracion Compensacion/Administracion Embargos por Periodo/span_Generacin Por Periodos' is clicked on

2022-03-09 12:33:42 - [TEST_STEP][PASSED] - waitForElementClickable(findTestObject("Modulo Tarea Administracion Compensacion/Administracion Embargos por Periodo/input_BANCO AGRARIO_banco_agra"), 0): Object 'Object Repository/Modulo Tarea Administracion Compensacion/Administracion Embargos por Periodo/input_BANCO AGRARIO_banco_agra' is clickable

2022-03-09 12:33:42 - [MESSAGE][WARNING] - Timeout '0' is invalid. Using default page load timeout: '30'

2022-03-09 12:33:43 - [MESSAGE][PASSED] - Object 'Object Repository/Modulo Tarea Administracion Compensacion/Administracion Embargos por Periodo/input_BANCO AGRARIO_banco_agra' is clickable

2022-03-09 12:33:43 - [TEST_STEP][PASSED] - click(findTestObject("Modulo Tarea Administracion Compensacion/Administracion Embargos por Periodo/input_BANCO AGRARIO_banco_agra")): Object: 'Object Repository/Modulo Tarea Administracion Compensacion/Administracion Embargos por Periodo/input_BANCO AGRARIO_banco_agra' is clicked on

2022-03-09 12:33:43 - [MESSAGE][PASSED] - Object: 'Object Repository/Modulo Tarea Administracion Compensacion/Administracion Embargos por Periodo/input_BANCO AGRARIO_banco_agra' is clicked on

2022-03-09 12:33:43 - [TEST_STEP][PASSED] - waitForElementClickable(findTestObject("Modulo Tarea Administracion Compensacion/Administracion Embargos por Periodo/a_Periodo_banco_agrario_t302"), 0): Object 'Object Repository/Modulo Tarea Administracion Compensacion/Administracion Embargos por Periodo/a_Periodo_banco_agrario_t302' is clickable

2022-03-09 12:33:43 - [MESSAGE][WARNING] - Timeout '0' is invalid. Using default page load timeout: '30'

2022-03-09 12:33:44 - [MESSAGE][PASSED] - Object 'Object Repository/Modulo Tarea Administracion Compensacion/Administracion Embargos por Periodo/a_Periodo_banco_agrario_t302' is clickable

2022-03-09 12:33:44 - [TEST_STEP][PASSED] - click(findTestObject("Modulo Tarea Administracion Compensacion/Administracion Embargos por Periodo/a_Periodo_banco_agrario_t302")): Object: 'Object Repository/Modulo Tarea Administracion Compensacion/Administracion Embargos por Periodo/a_Periodo_banco_agrario_t302' is clicked on

2022-03-09 12:33:44 - [MESSAGE][PASSED] - Object: 'Object Repository/Modulo Tarea Administracion Compensacion/Administracion Embargos por Periodo/a_Periodo_banco_agrario_t302' is clicked on

2022-03-09 12:33:44 - [TEST_STEP][PASSED] - waitForElementClickable(findTestObject("Modulo Tarea Administracion Compensacion/Administracion Embargos por Periodo/span_Mensual Noviembre"), 0): Object 'Object Repository/Modulo Tarea Administracion Compensacion/Administracion Embargos por Periodo/span_Mensual Noviembre' is clickable

2022-03-09 12:33:44 - [MESSAGE][WARNING] - Timeout '0' is invalid. Using default page load timeout: '30'

2022-03-09 12:33:45 - [MESSAGE][PASSED] - Object 'Object Repository/Modulo Tarea Administracion Compensacion/Administracion Embargos por Periodo/span_Mensual Noviembre' is clickable

2022-03-09 12:33:45 - [TEST_STEP][PASSED] - click(findTestObject("Modulo Tarea Administracion Compensacion/Administracion Embargos por Periodo/span_Mensual Noviembre")): Object: 'Object Repository/Modulo Tarea Administracion Compensacion/Administracion Embargos por Periodo/span_Mensual Noviembre' is clicked on

2022-03-09 12:33:45 - [MESSAGE][PASSED] - Object: 'Object Repository/Modulo Tarea Administracion Compensacion/Administracion Embargos por Periodo/span_Mensual Noviembre' is clicked on

2022-03-09 12:33:45 - [TEST_STEP][PASSED] - waitForElementClickable(findTestObject("Modulo Tarea Administracion Compensacion/Administracion Embargos por Periodo/span_Generar"), 0): Object 'Object Repository/Modulo Tarea Administracion Compensacion/Administracion Embargos por Periodo/span_Generar' is clickable

2022-03-09 12:33:46 - [MESSAGE][WARNING] - Timeout '0' is invalid. Using default page load timeout: '30'

2022-03-09 12:33:46 - [MESSAGE][PASSED] - Object 'Object Repository/Modulo Tarea Administracion Compensacion/Administracion Embargos por Periodo/span_Generar' is clickable

2022-03-09 12:33:46 - [TEST_STEP][PASSED] - click(findTestObject("Modulo Tarea Administracion Compensacion/Administracion Embargos por Periodo/span_Generar")): Object: 'Object Repository/Modulo Tarea Administracion Compensacion/Administracion Embargos por Periodo/span_Generar' is clicked on

2022-03-09 12:33:47 - [MESSAGE][PASSED] - Object: 'Object Repository/Modulo Tarea Administracion Compensacion/Administracion Embargos por Periodo/span_Generar' is clicked on

2022-03-09 12:33:47 - [TEST_STEP][PASSED] - waitForElementClickable(findTestObject("Modulo Tarea Administracion Compensacion/Administracion Embargos por Periodo/span_Archivo"), 0): Object 'Object Repository/Modulo Tarea Administracion Compensacion/Administracion Embargos por Periodo/span_Archivo' is clickable

2022-03-09 12:33:47 - [MESSAGE][WARNING] - Timeout '0' is invalid. Using default page load timeout: '30'

2022-03-09 12:33:48 - [MESSAGE][PASSED] - Object 'Object Repository/Modulo Tarea Administracion Compensacion/Administracion Embargos por Periodo/span_Archivo' is clickable

2022-03-09 12:33:48 - [TEST_STEP][PASSED] - click(findTestObject("Modulo Tarea Administracion Compensacion/Administracion Embargos por Periodo/span_Archivo")): Object: 'Object Repository/Modulo Tarea Administracion Compensacion/Administracion Embargos por Periodo/span_Archivo' is clicked on

2022-03-09 12:33:48 - [MESSAGE][PASSED] - Object: 'Object Repository/Modulo Tarea Administracion Compensacion/Administracion Embargos por Periodo/span_Archivo' is clicked on

2022-03-09 12:33:48 - [TEST_STEP][PASSED] - click(findTestObject("Modulo Tarea Administracion Compensacion/Administracion Embargos por Periodo/span_Si")): Object: 'Object Repository/Modulo Tarea Administracion Compensacion/Administracion Embargos por Periodo/span_Si' is clicked on

2022-03-09 12:33:49 - [MESSAGE][PASSED] - Object: 'Object Repository/Modulo Tarea Administracion Compensacion/Administracion Embargos por Periodo/span_Si' is clicked on

2022-03-09 12:33:49 - [MESSAGE][PASSED] - Call Test Case 'Test Cases/Utilidades-(atajos_para _tareas)/Tareas Administracion Compensacion/Administracion embargos por Periodos' successfully

2022-03-09 12:33:49 - [TEST_STEP][PASSED] - closeBrowser(): Browser is closed

2022-03-09 12:33:50 - [MESSAGE][PASSED] - Browser is closed]]></system-out>
         <system-err><![CDATA[]]></system-err>
      </testcase>
      <testcase name="Test Cases/1.1-Tareas Principales/1.5.2-Liquidacion Entidad Externa" time="39.747" classname="Test Cases/1.1-Tareas Principales/1.5.2-Liquidacion Entidad Externa" status="PASSED">
         <system-out><![CDATA[2022-03-09 12:33:50 - [TEST_CASE][PASSED] - Test Cases/1.1-Tareas Principales/1.5.2-Liquidacion Entidad Externa: Test Cases/1.1-Tareas Principales/1.5.2-Liquidacion Entidad Externa

2022-03-09 12:33:51 - [TEST_STEP][PASSED] - callTestCase(findTestCase("Utilidades-(atajos_para _tareas)/Modulos/Modulo Administracion Compensacion"), [:], STOP_ON_FAILURE): Call Test Case 'Test Cases/Utilidades-(atajos_para _tareas)/Modulos/Modulo Administracion Compensacion' successfully

2022-03-09 12:33:51 - [TEST_CASE][PASSED] - Test Cases/Utilidades-(atajos_para _tareas)/Modulos/Modulo Administracion Compensacion: Test Cases/Utilidades-(atajos_para _tareas)/Modulos/Modulo Administracion Compensacion

2022-03-09 12:33:51 - [TEST_STEP][PASSED] - callTestCase(findTestCase("0.1-Login"), [:], STOP_ON_FAILURE): Call Test Case 'Test Cases/0.1-Login' successfully

2022-03-09 12:33:51 - [TEST_CASE][PASSED] - Test Cases/0.1-Login: Test Cases/0.1-Login

2022-03-09 12:33:51 - [TEST_STEP][PASSED] - openBrowser(""): Browser is opened with url: ''

2022-03-09 12:33:51 - [MESSAGE][INFO] - Starting 'Chrome' driver

2022-03-09 12:33:51 - [MESSAGE][INFO] - Action delay is set to 0 milliseconds

2022-03-09 12:33:54 - [MESSAGE][PASSED] - Browser is opened with url: ''

2022-03-09 12:33:54 - [TEST_STEP][PASSED] - maximizeWindow(): Current window maximized

2022-03-09 12:33:54 - [MESSAGE][PASSED] - Current window maximized

2022-03-09 12:33:54 - [TEST_STEP][PASSED] - i = G_Login: null

2022-03-09 12:33:54 - [TEST_STEP][PASSED] - url = new java.net.URL(i): null

2022-03-09 12:33:54 - [TEST_STEP][PASSED] - println("URL: " + url.toString()): null

2022-03-09 12:33:54 - [TEST_STEP][PASSED] - connection = url.openConnection(): null

2022-03-09 12:33:54 - [TEST_STEP][PASSED] - connection.setRequestMethod("GET"): null

2022-03-09 12:33:54 - [TEST_STEP][PASSED] - connection.setReadTimeout(2 * 1000): null

2022-03-09 12:33:54 - [TEST_STEP][PASSED] - try: null

2022-03-09 12:33:54 - [TEST_STEP][PASSED] - connection.connect(): null

2022-03-09 12:33:54 - [TEST_STEP][PASSED] - flag = connected: null

2022-03-09 12:33:54 - [TEST_STEP][PASSED] - println("Valor_ori: " + flag): null

2022-03-09 12:33:54 - [TEST_STEP][PASSED] - if (flag): null

2022-03-09 12:33:54 - [TEST_STEP][PASSED] - navigateToUrl(i): Navigate to 'http://192.168.2.80:8380/saraweb' successfully

2022-03-09 12:33:54 - [MESSAGE][PASSED] - Navigate to 'http://192.168.2.80:8380/saraweb' successfully

2022-03-09 12:33:54 - [TEST_STEP][PASSED] - a(): null

2022-03-09 12:33:54 - [TEST_STEP][PASSED] - setText(findTestObject("Login/input_USUARIO_loginusuario"), G_Usuario): Text 'saraadmin' is set on object 'Object Repository/Login/input_USUARIO_loginusuario'

2022-03-09 12:33:55 - [MESSAGE][PASSED] - Text 'saraadmin' is set on object 'Object Repository/Login/input_USUARIO_loginusuario'

2022-03-09 12:33:55 - [TEST_STEP][PASSED] - setEncryptedText(findTestObject("Login/input_CLAVE_loginpassword"), "MkG4/TYiCFC3cb2driP7+Q=="): Text ****** has been set on object 'Object Repository/Login/input_CLAVE_loginpassword'

2022-03-09 12:33:57 - [MESSAGE][PASSED] - Text ****** has been set on object 'Object Repository/Login/input_CLAVE_loginpassword'

2022-03-09 12:33:57 - [TEST_STEP][PASSED] - waitForElementClickable(findTestObject("Login/a_Ingresar"), G_TimeOut): Object 'Object Repository/Login/a_Ingresar' is clickable

2022-03-09 12:33:59 - [MESSAGE][PASSED] - Object 'Object Repository/Login/a_Ingresar' is clickable

2022-03-09 12:33:59 - [TEST_STEP][PASSED] - click(findTestObject("Login/a_Ingresar")): Object: 'Object Repository/Login/a_Ingresar' is clicked on

2022-03-09 12:34:01 - [MESSAGE][PASSED] - Object: 'Object Repository/Login/a_Ingresar' is clicked on

2022-03-09 12:34:01 - [TEST_STEP][PASSED] - element = findWebElement(findTestObject("Login/a_Ir"), 30): null

2022-03-09 12:34:01 - [TEST_STEP][PASSED] - executeJavaScript("arguments[0].click()", Arrays.asList(element)): Execute JavaScript 'arguments[0].click()' successfully

2022-03-09 12:34:01 - [MESSAGE][PASSED] - Execute JavaScript 'arguments[0].click()' successfully

2022-03-09 12:34:01 - [MESSAGE][PASSED] - Call Test Case 'Test Cases/0.1-Login' successfully

2022-03-09 12:34:01 - [TEST_STEP][PASSED] - delay(2): Delayed 2 second(s)

2022-03-09 12:34:03 - [MESSAGE][PASSED] - Delayed 2 second(s)

2022-03-09 12:34:03 - [TEST_STEP][PASSED] - click(findTestObject("Modulo Administracion Compensacion/span_Administracin Compensacin")): Object: 'Object Repository/Modulo Administracion Compensacion/span_Administracin Compensacin' is clicked on

2022-03-09 12:34:05 - [MESSAGE][PASSED] - Object: 'Object Repository/Modulo Administracion Compensacion/span_Administracin Compensacin' is clicked on

2022-03-09 12:34:05 - [MESSAGE][PASSED] - Call Test Case 'Test Cases/Utilidades-(atajos_para _tareas)/Modulos/Modulo Administracion Compensacion' successfully

2022-03-09 12:34:05 - [TEST_STEP][PASSED] - waitForElementClickable(findTestObject("Modulo Tarea Administracion Compensacion/Liquidacion Entidad Externa/input_Ir_nav_t66_input"), 0): Object 'Object Repository/Modulo Tarea Administracion Compensacion/Liquidacion Entidad Externa/input_Ir_nav_t66_input' is clickable

2022-03-09 12:34:05 - [MESSAGE][WARNING] - Timeout '0' is invalid. Using default page load timeout: '30'

2022-03-09 12:34:05 - [MESSAGE][PASSED] - Object 'Object Repository/Modulo Tarea Administracion Compensacion/Liquidacion Entidad Externa/input_Ir_nav_t66_input' is clickable

2022-03-09 12:34:05 - [TEST_STEP][PASSED] - setText(findTestObject("Modulo Tarea Administracion Compensacion/Liquidacion Entidad Externa/input_Ir_nav_t66_input"), "Liquidacion Entidad Externa"): Text 'Liquidacion Entidad Externa' is set on object 'Object Repository/Modulo Tarea Administracion Compensacion/Liquidacion Entidad Externa/input_Ir_nav_t66_input'

2022-03-09 12:34:06 - [MESSAGE][PASSED] - Text 'Liquidacion Entidad Externa' is set on object 'Object Repository/Modulo Tarea Administracion Compensacion/Liquidacion Entidad Externa/input_Ir_nav_t66_input'

2022-03-09 12:34:06 - [TEST_STEP][PASSED] - delay(1): Delayed 1 second(s)

2022-03-09 12:34:07 - [MESSAGE][PASSED] - Delayed 1 second(s)

2022-03-09 12:34:07 - [TEST_STEP][PASSED] - sendKeys(findTestObject("Modulo Tarea Administracion Compensacion/Liquidacion Entidad Externa/input_Ir_nav_t66_input"), Keys.chord(ENTER)): Keys 'ENTER + ' sent to object: 'Object Repository/Modulo Tarea Administracion Compensacion/Liquidacion Entidad Externa/input_Ir_nav_t66_input'

2022-03-09 12:34:08 - [MESSAGE][PASSED] - Keys 'ENTER + ' sent to object: 'Object Repository/Modulo Tarea Administracion Compensacion/Liquidacion Entidad Externa/input_Ir_nav_t66_input'

2022-03-09 12:34:08 - [TEST_STEP][PASSED] - click(findTestObject("Modulo Tarea Administracion Compensacion/Liquidacion Entidad Externa/span_Traer")): Object: 'Object Repository/Modulo Tarea Administracion Compensacion/Liquidacion Entidad Externa/span_Traer' is clicked on

2022-03-09 12:34:09 - [MESSAGE][PASSED] - Object: 'Object Repository/Modulo Tarea Administracion Compensacion/Liquidacion Entidad Externa/span_Traer' is clicked on

2022-03-09 12:34:09 - [TEST_STEP][PASSED] - selectOptionByIndex(findTestObject("Modulo Tarea Administracion Compensacion/Liquidacion Entidad Externa/select_--Seleccione--APORTE AF"), "1", STOP_ON_FAILURE): All options with index in [1] are selected on object 'Object Repository/Modulo Tarea Administracion Compensacion/Liquidacion Entidad Externa/select_--Seleccione--APORTE AF'

2022-03-09 12:34:11 - [MESSAGE][PASSED] - All options with index in [1] are selected on object 'Object Repository/Modulo Tarea Administracion Compensacion/Liquidacion Entidad Externa/select_--Seleccione--APORTE AF'

2022-03-09 12:34:11 - [TEST_STEP][PASSED] - setText(findTestObject("Modulo Tarea Administracion Compensacion/Liquidacion Entidad Externa/input_Fecha_form_popUpTraeLiqu"), "31/01/2019"): Text '31/01/2019' is set on object 'Object Repository/Modulo Tarea Administracion Compensacion/Liquidacion Entidad Externa/input_Fecha_form_popUpTraeLiqu'

2022-03-09 12:34:13 - [MESSAGE][PASSED] - Text '31/01/2019' is set on object 'Object Repository/Modulo Tarea Administracion Compensacion/Liquidacion Entidad Externa/input_Fecha_form_popUpTraeLiqu'

2022-03-09 12:34:13 - [TEST_STEP][PASSED] - sendKeys(findTestObject("Modulo Tarea Administracion Compensacion/Liquidacion Entidad Externa/input_Fecha_form_popUpTraeLiqu"), Keys.chord(ENTER)): Keys 'ENTER + ' sent to object: 'Object Repository/Modulo Tarea Administracion Compensacion/Liquidacion Entidad Externa/input_Fecha_form_popUpTraeLiqu'

2022-03-09 12:34:13 - [MESSAGE][PASSED] - Keys 'ENTER + ' sent to object: 'Object Repository/Modulo Tarea Administracion Compensacion/Liquidacion Entidad Externa/input_Fecha_form_popUpTraeLiqu'

2022-03-09 12:34:13 - [TEST_STEP][PASSED] - click(findTestObject("Modulo Tarea Administracion Compensacion/Liquidacion Entidad Externa/a_Aplicar")): Object: 'Object Repository/Modulo Tarea Administracion Compensacion/Liquidacion Entidad Externa/a_Aplicar' is clicked on

2022-03-09 12:34:14 - [MESSAGE][PASSED] - Object: 'Object Repository/Modulo Tarea Administracion Compensacion/Liquidacion Entidad Externa/a_Aplicar' is clicked on

2022-03-09 12:34:14 - [TEST_STEP][PASSED] - click(findTestObject("Modulo Tarea Administracion Compensacion/Liquidacion Entidad Externa/input_Sucursal_liquidacionesEn")): Object: 'Object Repository/Modulo Tarea Administracion Compensacion/Liquidacion Entidad Externa/input_Sucursal_liquidacionesEn' is clicked on

2022-03-09 12:34:15 - [MESSAGE][PASSED] - Object: 'Object Repository/Modulo Tarea Administracion Compensacion/Liquidacion Entidad Externa/input_Sucursal_liquidacionesEn' is clicked on

2022-03-09 12:34:15 - [TEST_STEP][PASSED] - waitForElementClickable(findTestObject("Modulo Tarea Administracion Compensacion/Liquidacion Entidad Externa/span_Liquidar"), 0): Object 'Object Repository/Modulo Tarea Administracion Compensacion/Liquidacion Entidad Externa/span_Liquidar' is clickable

2022-03-09 12:34:15 - [MESSAGE][WARNING] - Timeout '0' is invalid. Using default page load timeout: '30'

2022-03-09 12:34:16 - [MESSAGE][PASSED] - Object 'Object Repository/Modulo Tarea Administracion Compensacion/Liquidacion Entidad Externa/span_Liquidar' is clickable

2022-03-09 12:34:16 - [TEST_STEP][PASSED] - click(findTestObject("Modulo Tarea Administracion Compensacion/Liquidacion Entidad Externa/span_Liquidar")): Object: 'Object Repository/Modulo Tarea Administracion Compensacion/Liquidacion Entidad Externa/span_Liquidar' is clicked on

2022-03-09 12:34:16 - [MESSAGE][PASSED] - Object: 'Object Repository/Modulo Tarea Administracion Compensacion/Liquidacion Entidad Externa/span_Liquidar' is clicked on

2022-03-09 12:34:16 - [TEST_STEP][PASSED] - click(findTestObject("Modulo Tarea Administracion Compensacion/Liquidacion Entidad Externa/a_Generar")): Object: 'Object Repository/Modulo Tarea Administracion Compensacion/Liquidacion Entidad Externa/a_Generar' is clicked on

2022-03-09 12:34:17 - [MESSAGE][PASSED] - Object: 'Object Repository/Modulo Tarea Administracion Compensacion/Liquidacion Entidad Externa/a_Generar' is clicked on

2022-03-09 12:34:17 - [TEST_STEP][PASSED] - click(findTestObject("Modulo Tarea Administracion Compensacion/Liquidacion Entidad Externa/a_Continuar")): Object: 'Object Repository/Modulo Tarea Administracion Compensacion/Liquidacion Entidad Externa/a_Continuar' is clicked on

2022-03-09 12:34:21 - [MESSAGE][PASSED] - Object: 'Object Repository/Modulo Tarea Administracion Compensacion/Liquidacion Entidad Externa/a_Continuar' is clicked on

2022-03-09 12:34:21 - [TEST_STEP][PASSED] - click(findTestObject("Modulo Tarea Administracion Compensacion/Liquidacion Entidad Externa/span_Imprimir")): Object: 'Object Repository/Modulo Tarea Administracion Compensacion/Liquidacion Entidad Externa/span_Imprimir' is clicked on

2022-03-09 12:34:22 - [MESSAGE][PASSED] - Object: 'Object Repository/Modulo Tarea Administracion Compensacion/Liquidacion Entidad Externa/span_Imprimir' is clicked on

2022-03-09 12:34:22 - [TEST_STEP][PASSED] - click(findTestObject("Modulo Tarea Administracion Compensacion/Liquidacion Entidad Externa/input_Csv_form_popupSeleccionR")): Object: 'Object Repository/Modulo Tarea Administracion Compensacion/Liquidacion Entidad Externa/input_Csv_form_popupSeleccionR' is clicked on

2022-03-09 12:34:23 - [MESSAGE][PASSED] - Object: 'Object Repository/Modulo Tarea Administracion Compensacion/Liquidacion Entidad Externa/input_Csv_form_popupSeleccionR' is clicked on

2022-03-09 12:34:23 - [TEST_STEP][PASSED] - click(findTestObject("Modulo Tarea Administracion Compensacion/Liquidacion Entidad Externa/a_Generar")): Object: 'Object Repository/Modulo Tarea Administracion Compensacion/Liquidacion Entidad Externa/a_Generar' is clicked on

2022-03-09 12:34:23 - [MESSAGE][PASSED] - Object: 'Object Repository/Modulo Tarea Administracion Compensacion/Liquidacion Entidad Externa/a_Generar' is clicked on

2022-03-09 12:34:23 - [TEST_STEP][PASSED] - waitForElementClickable(findTestObject("Modulo Tarea Administracion Compensacion/Liquidacion Entidad Externa/a_Descargar"), 0): Object 'Object Repository/Modulo Tarea Administracion Compensacion/Liquidacion Entidad Externa/a_Descargar' is clickable

2022-03-09 12:34:23 - [MESSAGE][WARNING] - Timeout '0' is invalid. Using default page load timeout: '30'

2022-03-09 12:34:24 - [MESSAGE][PASSED] - Object 'Object Repository/Modulo Tarea Administracion Compensacion/Liquidacion Entidad Externa/a_Descargar' is clickable

2022-03-09 12:34:24 - [TEST_STEP][PASSED] - click(findTestObject("Modulo Tarea Administracion Compensacion/Liquidacion Entidad Externa/a_Descargar")): Object: 'Object Repository/Modulo Tarea Administracion Compensacion/Liquidacion Entidad Externa/a_Descargar' is clicked on

2022-03-09 12:34:25 - [MESSAGE][PASSED] - Object: 'Object Repository/Modulo Tarea Administracion Compensacion/Liquidacion Entidad Externa/a_Descargar' is clicked on

2022-03-09 12:34:25 - [TEST_STEP][PASSED] - delay(3): Delayed 3 second(s)

2022-03-09 12:34:28 - [MESSAGE][PASSED] - Delayed 3 second(s)

2022-03-09 12:34:28 - [TEST_STEP][PASSED] - closeBrowser(): Browser is closed

2022-03-09 12:34:30 - [MESSAGE][PASSED] - Browser is closed]]></system-out>
         <system-err><![CDATA[]]></system-err>
      </testcase>
      <testcase name="Test Cases/1.1-Tareas Principales/1.5.3-Reporte Planilla" time="0.513" classname="Test Cases/1.1-Tareas Principales/1.5.3-Reporte Planilla" status="PASSED">
         <system-out><![CDATA[2022-03-09 12:34:30 - [TEST_CASE][PASSED] - Test Cases/1.1-Tareas Principales/1.5.3-Reporte Planilla: Test Cases/1.1-Tareas Principales/1.5.3-Reporte Planilla

2022-03-09 12:34:31 - [TEST_STEP][PASSED] - closeBrowser(): Browser is closed

2022-03-09 12:34:31 - [MESSAGE][PASSED] - Browser is closed]]></system-out>
         <system-err><![CDATA[]]></system-err>
      </testcase>
      <testcase name="Test Cases/1.1-Tareas Principales/1.5.4-Ejecutar Reporte Plantilla" time="302.82" classname="Test Cases/1.1-Tareas Principales/1.5.4-Ejecutar Reporte Plantilla" status="FAILED">
         <failure type="FAILED" message="Test Cases/1.1-Tareas Principales/1.5.4-Ejecutar Reporte Plantilla FAILED.
Reason:
com.kms.katalon.core.exception.StepFailedException: Unable to click on object 'Object Repository/Modulo Tarea Administracion Compensacion/Ejecutar Reporte Planilla/span_Reporte_glyphicons glyphicons-article'
	at com.kms.katalon.core.webui.keyword.internal.WebUIKeywordMain.stepFailed(WebUIKeywordMain.groovy:64)
	at com.kms.katalon.core.webui.keyword.internal.WebUIKeywordMain.runKeyword(WebUIKeywordMain.groovy:26)
	at com.kms.katalon.core.webui.keyword.builtin.ClickKeyword.click(ClickKeyword.groovy:74)
	at com.kms.katalon.core.webui.keyword.builtin.ClickKeyword.execute(ClickKeyword.groovy:40)
	at com.kms.katalon.core.keyword.internal.KeywordExecutor.executeKeywordForPlatform(KeywordExecutor.groovy:74)
	at com.kms.katalon.core.webui.keyword.WebUiBuiltInKeywords.click(WebUiBuiltInKeywords.groovy:620)
	at com.kms.katalon.core.webui.keyword.WebUiBuiltInKeywords$click$5.call(Unknown Source)
	at 1.5.4-Ejecutar Reporte Plantilla.run(1.5.4-Ejecutar Reporte Plantilla:465)
	at com.kms.katalon.core.main.ScriptEngine.run(ScriptEngine.java:194)
	at com.kms.katalon.core.main.ScriptEngine.runScriptAsRawText(ScriptEngine.java:119)
	at com.kms.katalon.core.main.TestCaseExecutor.runScript(TestCaseExecutor.java:442)
	at com.kms.katalon.core.main.TestCaseExecutor.doExecute(TestCaseExecutor.java:433)
	at com.kms.katalon.core.main.TestCaseExecutor.processExecutionPhase(TestCaseExecutor.java:412)
	at com.kms.katalon.core.main.TestCaseExecutor.accessMainPhase(TestCaseExecutor.java:404)
	at com.kms.katalon.core.main.TestCaseExecutor.execute(TestCaseExecutor.java:281)
	at com.kms.katalon.core.main.TestSuiteExecutor.accessTestCaseMainPhase(TestSuiteExecutor.java:202)
	at com.kms.katalon.core.main.TestSuiteExecutor.accessTestSuiteMainPhase(TestSuiteExecutor.java:164)
	at com.kms.katalon.core.main.TestSuiteExecutor.execute(TestSuiteExecutor.java:105)
	at com.kms.katalon.core.main.TestCaseMain.startTestSuite(TestCaseMain.java:185)
	at com.kms.katalon.core.main.TestCaseMain$startTestSuite$0.call(Unknown Source)
	at TempTestSuite1646845129657.run(TempTestSuite1646845129657.groovy:36)
Caused by: com.kms.katalon.core.webui.exception.WebElementNotFoundException: Web element with id: 'Object Repository/Modulo Tarea Administracion Compensacion/Ejecutar Reporte Planilla/span_Reporte_glyphicons glyphicons-article' located by '(.//*[normalize-space(text()) and normalize-space(.)='Reporte'])[1]/following::span[2]' not found
	at com.kms.katalon.core.webui.common.WebUiCommonHelper.findWebElement(WebUiCommonHelper.java:1370)
	at com.kms.katalon.core.webui.keyword.internal.WebUIAbstractKeyword.findWebElement(WebUIAbstractKeyword.groovy:27)
	at com.kms.katalon.core.webui.keyword.builtin.ClickKeyword$_click_closure1.doCall(ClickKeyword.groovy:65)
	at com.kms.katalon.core.webui.keyword.builtin.ClickKeyword$_click_closure1.call(ClickKeyword.groovy)
	at com.kms.katalon.core.webui.keyword.internal.WebUIKeywordMain.runKeyword(WebUIKeywordMain.groovy:20)
	... 19 more
"/>
         <system-out><![CDATA[2022-03-09 12:34:31 - [TEST_CASE][FAILED] - Test Cases/1.1-Tareas Principales/1.5.4-Ejecutar Reporte Plantilla: Test Cases/1.1-Tareas Principales/1.5.4-Ejecutar Reporte Plantilla FAILED.
Reason:
com.kms.katalon.core.exception.StepFailedException: Unable to click on object 'Object Repository/Modulo Tarea Administracion Compensacion/Ejecutar Reporte Planilla/span_Reporte_glyphicons glyphicons-article'
	at com.kms.katalon.core.webui.keyword.internal.WebUIKeywordMain.stepFailed(WebUIKeywordMain.groovy:64)
	at com.kms.katalon.core.webui.keyword.internal.WebUIKeywordMain.runKeyword(WebUIKeywordMain.groovy:26)
	at com.kms.katalon.core.webui.keyword.builtin.ClickKeyword.click(ClickKeyword.groovy:74)
	at com.kms.katalon.core.webui.keyword.builtin.ClickKeyword.execute(ClickKeyword.groovy:40)
	at com.kms.katalon.core.keyword.internal.KeywordExecutor.executeKeywordForPlatform(KeywordExecutor.groovy:74)
	at com.kms.katalon.core.webui.keyword.WebUiBuiltInKeywords.click(WebUiBuiltInKeywords.groovy:620)
	at com.kms.katalon.core.webui.keyword.WebUiBuiltInKeywords$click$5.call(Unknown Source)
	at 1.5.4-Ejecutar Reporte Plantilla.run(1.5.4-Ejecutar Reporte Plantilla:465)
	at com.kms.katalon.core.main.ScriptEngine.run(ScriptEngine.java:194)
	at com.kms.katalon.core.main.ScriptEngine.runScriptAsRawText(ScriptEngine.java:119)
	at com.kms.katalon.core.main.TestCaseExecutor.runScript(TestCaseExecutor.java:442)
	at com.kms.katalon.core.main.TestCaseExecutor.doExecute(TestCaseExecutor.java:433)
	at com.kms.katalon.core.main.TestCaseExecutor.processExecutionPhase(TestCaseExecutor.java:412)
	at com.kms.katalon.core.main.TestCaseExecutor.accessMainPhase(TestCaseExecutor.java:404)
	at com.kms.katalon.core.main.TestCaseExecutor.execute(TestCaseExecutor.java:281)
	at com.kms.katalon.core.main.TestSuiteExecutor.accessTestCaseMainPhase(TestSuiteExecutor.java:202)
	at com.kms.katalon.core.main.TestSuiteExecutor.accessTestSuiteMainPhase(TestSuiteExecutor.java:164)
	at com.kms.katalon.core.main.TestSuiteExecutor.execute(TestSuiteExecutor.java:105)
	at com.kms.katalon.core.main.TestCaseMain.startTestSuite(TestCaseMain.java:185)
	at com.kms.katalon.core.main.TestCaseMain$startTestSuite$0.call(Unknown Source)
	at TempTestSuite1646845129657.run(TempTestSuite1646845129657.groovy:36)
Caused by: com.kms.katalon.core.webui.exception.WebElementNotFoundException: Web element with id: 'Object Repository/Modulo Tarea Administracion Compensacion/Ejecutar Reporte Planilla/span_Reporte_glyphicons glyphicons-article' located by '(.//*[normalize-space(text()) and normalize-space(.)='Reporte'])[1]/following::span[2]' not found
	at com.kms.katalon.core.webui.common.WebUiCommonHelper.findWebElement(WebUiCommonHelper.java:1370)
	at com.kms.katalon.core.webui.keyword.internal.WebUIAbstractKeyword.findWebElement(WebUIAbstractKeyword.groovy:27)
	at com.kms.katalon.core.webui.keyword.builtin.ClickKeyword$_click_closure1.doCall(ClickKeyword.groovy:65)
	at com.kms.katalon.core.webui.keyword.builtin.ClickKeyword$_click_closure1.call(ClickKeyword.groovy)
	at com.kms.katalon.core.webui.keyword.internal.WebUIKeywordMain.runKeyword(WebUIKeywordMain.groovy:20)
	... 19 more


2022-03-09 12:34:31 - [TEST_STEP][PASSED] - callTestCase(findTestCase("Utilidades-(atajos_para _tareas)/Modulos/Modulo Administracion Compensacion"), [:], STOP_ON_FAILURE): Call Test Case 'Test Cases/Utilidades-(atajos_para _tareas)/Modulos/Modulo Administracion Compensacion' successfully

2022-03-09 12:34:31 - [TEST_CASE][PASSED] - Test Cases/Utilidades-(atajos_para _tareas)/Modulos/Modulo Administracion Compensacion: Test Cases/Utilidades-(atajos_para _tareas)/Modulos/Modulo Administracion Compensacion

2022-03-09 12:34:31 - [TEST_STEP][PASSED] - callTestCase(findTestCase("0.1-Login"), [:], STOP_ON_FAILURE): Call Test Case 'Test Cases/0.1-Login' successfully

2022-03-09 12:34:31 - [TEST_CASE][PASSED] - Test Cases/0.1-Login: Test Cases/0.1-Login

2022-03-09 12:34:31 - [TEST_STEP][PASSED] - openBrowser(""): Browser is opened with url: ''

2022-03-09 12:34:31 - [MESSAGE][INFO] - Starting 'Chrome' driver

2022-03-09 12:34:31 - [MESSAGE][INFO] - Action delay is set to 0 milliseconds

2022-03-09 12:34:34 - [MESSAGE][PASSED] - Browser is opened with url: ''

2022-03-09 12:34:34 - [TEST_STEP][PASSED] - maximizeWindow(): Current window maximized

2022-03-09 12:34:34 - [MESSAGE][PASSED] - Current window maximized

2022-03-09 12:34:34 - [TEST_STEP][PASSED] - i = G_Login: null

2022-03-09 12:34:34 - [TEST_STEP][PASSED] - url = new java.net.URL(i): null

2022-03-09 12:34:34 - [TEST_STEP][PASSED] - println("URL: " + url.toString()): null

2022-03-09 12:34:34 - [TEST_STEP][PASSED] - connection = url.openConnection(): null

2022-03-09 12:34:34 - [TEST_STEP][PASSED] - connection.setRequestMethod("GET"): null

2022-03-09 12:34:34 - [TEST_STEP][PASSED] - connection.setReadTimeout(2 * 1000): null

2022-03-09 12:34:34 - [TEST_STEP][PASSED] - try: null

2022-03-09 12:34:34 - [TEST_STEP][PASSED] - connection.connect(): null

2022-03-09 12:34:34 - [TEST_STEP][PASSED] - flag = connected: null

2022-03-09 12:34:34 - [TEST_STEP][PASSED] - println("Valor_ori: " + flag): null

2022-03-09 12:34:34 - [TEST_STEP][PASSED] - if (flag): null

2022-03-09 12:34:34 - [TEST_STEP][PASSED] - navigateToUrl(i): Navigate to 'http://192.168.2.80:8380/saraweb' successfully

2022-03-09 12:34:35 - [MESSAGE][PASSED] - Navigate to 'http://192.168.2.80:8380/saraweb' successfully

2022-03-09 12:34:35 - [TEST_STEP][PASSED] - a(): null

2022-03-09 12:34:35 - [TEST_STEP][PASSED] - setText(findTestObject("Login/input_USUARIO_loginusuario"), G_Usuario): Text 'saraadmin' is set on object 'Object Repository/Login/input_USUARIO_loginusuario'

2022-03-09 12:34:35 - [MESSAGE][PASSED] - Text 'saraadmin' is set on object 'Object Repository/Login/input_USUARIO_loginusuario'

2022-03-09 12:34:35 - [TEST_STEP][PASSED] - setEncryptedText(findTestObject("Login/input_CLAVE_loginpassword"), "MkG4/TYiCFC3cb2driP7+Q=="): Text ****** has been set on object 'Object Repository/Login/input_CLAVE_loginpassword'

2022-03-09 12:34:36 - [MESSAGE][PASSED] - Text ****** has been set on object 'Object Repository/Login/input_CLAVE_loginpassword'

2022-03-09 12:34:36 - [TEST_STEP][PASSED] - waitForElementClickable(findTestObject("Login/a_Ingresar"), G_TimeOut): Object 'Object Repository/Login/a_Ingresar' is clickable

2022-03-09 12:34:36 - [MESSAGE][PASSED] - Object 'Object Repository/Login/a_Ingresar' is clickable

2022-03-09 12:34:36 - [TEST_STEP][PASSED] - click(findTestObject("Login/a_Ingresar")): Object: 'Object Repository/Login/a_Ingresar' is clicked on

2022-03-09 12:34:38 - [MESSAGE][PASSED] - Object: 'Object Repository/Login/a_Ingresar' is clicked on

2022-03-09 12:34:38 - [TEST_STEP][PASSED] - element = findWebElement(findTestObject("Login/a_Ir"), 30): null

2022-03-09 12:34:38 - [TEST_STEP][PASSED] - executeJavaScript("arguments[0].click()", Arrays.asList(element)): Execute JavaScript 'arguments[0].click()' successfully

2022-03-09 12:34:38 - [MESSAGE][PASSED] - Execute JavaScript 'arguments[0].click()' successfully

2022-03-09 12:34:38 - [MESSAGE][PASSED] - Call Test Case 'Test Cases/0.1-Login' successfully

2022-03-09 12:34:38 - [TEST_STEP][PASSED] - delay(2): Delayed 2 second(s)

2022-03-09 12:34:40 - [MESSAGE][PASSED] - Delayed 2 second(s)

2022-03-09 12:34:40 - [TEST_STEP][PASSED] - click(findTestObject("Modulo Administracion Compensacion/span_Administracin Compensacin")): Object: 'Object Repository/Modulo Administracion Compensacion/span_Administracin Compensacin' is clicked on

2022-03-09 12:34:41 - [MESSAGE][PASSED] - Object: 'Object Repository/Modulo Administracion Compensacion/span_Administracin Compensacin' is clicked on

2022-03-09 12:34:41 - [MESSAGE][PASSED] - Call Test Case 'Test Cases/Utilidades-(atajos_para _tareas)/Modulos/Modulo Administracion Compensacion' successfully

2022-03-09 12:34:41 - [TEST_STEP][PASSED] - waitForElementClickable(findTestObject("Modulo Tarea Administracion Compensacion/Ejecutar Reporte Planilla/input_Ir_nav_t66_input"), 0): Object 'Object Repository/Modulo Tarea Administracion Compensacion/Ejecutar Reporte Planilla/input_Ir_nav_t66_input' is clickable

2022-03-09 12:34:41 - [MESSAGE][WARNING] - Timeout '0' is invalid. Using default page load timeout: '30'

2022-03-09 12:34:43 - [MESSAGE][PASSED] - Object 'Object Repository/Modulo Tarea Administracion Compensacion/Ejecutar Reporte Planilla/input_Ir_nav_t66_input' is clickable

2022-03-09 12:34:43 - [TEST_STEP][PASSED] - setText(findTestObject("Modulo Tarea Administracion Compensacion/Ejecutar Reporte Planilla/input_Ir_nav_t66_input"), "Ejecutar Reporte Planilla"): Text 'Ejecutar Reporte Planilla' is set on object 'Object Repository/Modulo Tarea Administracion Compensacion/Ejecutar Reporte Planilla/input_Ir_nav_t66_input'

2022-03-09 12:34:45 - [MESSAGE][PASSED] - Text 'Ejecutar Reporte Planilla' is set on object 'Object Repository/Modulo Tarea Administracion Compensacion/Ejecutar Reporte Planilla/input_Ir_nav_t66_input'

2022-03-09 12:34:45 - [TEST_STEP][PASSED] - delay(1): Delayed 1 second(s)

2022-03-09 12:34:46 - [MESSAGE][PASSED] - Delayed 1 second(s)

2022-03-09 12:34:46 - [TEST_STEP][PASSED] - sendKeys(findTestObject("Modulo Tarea Administracion Compensacion/Ejecutar Reporte Planilla/input_Ir_nav_t66_input"), Keys.chord(ENTER)): Keys 'ENTER + ' sent to object: 'Object Repository/Modulo Tarea Administracion Compensacion/Ejecutar Reporte Planilla/input_Ir_nav_t66_input'

2022-03-09 12:34:47 - [MESSAGE][PASSED] - Keys 'ENTER + ' sent to object: 'Object Repository/Modulo Tarea Administracion Compensacion/Ejecutar Reporte Planilla/input_Ir_nav_t66_input'

2022-03-09 12:34:47 - [TEST_STEP][PASSED] - waitForElementClickable(findTestObject("Modulo Tarea Administracion Compensacion/Ejecutar Reporte Planilla/input_Actos Administrativos_ejecutarReporte"), 0): Object 'Object Repository/Modulo Tarea Administracion Compensacion/Ejecutar Reporte Planilla/input_Actos Administrativos_ejecutarReporte' is clickable

2022-03-09 12:34:47 - [MESSAGE][WARNING] - Timeout '0' is invalid. Using default page load timeout: '30'

2022-03-09 12:34:50 - [MESSAGE][PASSED] - Object 'Object Repository/Modulo Tarea Administracion Compensacion/Ejecutar Reporte Planilla/input_Actos Administrativos_ejecutarReporte' is clickable

2022-03-09 12:34:50 - [TEST_STEP][PASSED] - setText(findTestObject("Modulo Tarea Administracion Compensacion/Ejecutar Reporte Planilla/input_Actos Administrativos_ejecutarReporte"), "PNP - PAGO DE NOMINA"): Text 'PNP - PAGO DE NOMINA' is set on object 'Object Repository/Modulo Tarea Administracion Compensacion/Ejecutar Reporte Planilla/input_Actos Administrativos_ejecutarReporte'

2022-03-09 12:34:51 - [MESSAGE][PASSED] - Text 'PNP - PAGO DE NOMINA' is set on object 'Object Repository/Modulo Tarea Administracion Compensacion/Ejecutar Reporte Planilla/input_Actos Administrativos_ejecutarReporte'

2022-03-09 12:34:51 - [TEST_STEP][PASSED] - click(findTestObject("Modulo Tarea Administracion Compensacion/Ejecutar Reporte Planilla/a_Actos Administrativos_ejecutarReportePlanillaj_idt61")): Object: 'Object Repository/Modulo Tarea Administracion Compensacion/Ejecutar Reporte Planilla/a_Actos Administrativos_ejecutarReportePlanillaj_idt61' is clicked on

2022-03-09 12:34:52 - [MESSAGE][PASSED] - Object: 'Object Repository/Modulo Tarea Administracion Compensacion/Ejecutar Reporte Planilla/a_Actos Administrativos_ejecutarReportePlanillaj_idt61' is clicked on

2022-03-09 12:34:52 - [TEST_STEP][PASSED] - click(findTestObject("Modulo Tarea Administracion Compensacion/Ejecutar Reporte Planilla/a_Actos Administrativos_ejecutarReportePlanillaj_idt61")): Object: 'Object Repository/Modulo Tarea Administracion Compensacion/Ejecutar Reporte Planilla/a_Actos Administrativos_ejecutarReportePlanillaj_idt61' is clicked on

2022-03-09 12:34:52 - [MESSAGE][PASSED] - Object: 'Object Repository/Modulo Tarea Administracion Compensacion/Ejecutar Reporte Planilla/a_Actos Administrativos_ejecutarReportePlanillaj_idt61' is clicked on

2022-03-09 12:34:52 - [TEST_STEP][PASSED] - waitForElementClickable(findTestObject("Modulo Tarea Administracion Compensacion/Ejecutar Reporte Planilla/td_CNC- CONSOLIDADO PERIODO DE NOMINA POR LINEA CCOSTO"), 0): Object 'Object Repository/Modulo Tarea Administracion Compensacion/Ejecutar Reporte Planilla/td_CNC- CONSOLIDADO PERIODO DE NOMINA POR LINEA CCOSTO' is clickable

2022-03-09 12:34:53 - [MESSAGE][WARNING] - Timeout '0' is invalid. Using default page load timeout: '30'

2022-03-09 12:34:53 - [MESSAGE][PASSED] - Object 'Object Repository/Modulo Tarea Administracion Compensacion/Ejecutar Reporte Planilla/td_CNC- CONSOLIDADO PERIODO DE NOMINA POR LINEA CCOSTO' is clickable

2022-03-09 12:34:53 - [TEST_STEP][PASSED] - click(findTestObject("Modulo Tarea Administracion Compensacion/Ejecutar Reporte Planilla/td_CNC- CONSOLIDADO PERIODO DE NOMINA POR LINEA CCOSTO")): Object: 'Object Repository/Modulo Tarea Administracion Compensacion/Ejecutar Reporte Planilla/td_CNC- CONSOLIDADO PERIODO DE NOMINA POR LINEA CCOSTO' is clicked on

2022-03-09 12:34:54 - [MESSAGE][PASSED] - Object: 'Object Repository/Modulo Tarea Administracion Compensacion/Ejecutar Reporte Planilla/td_CNC- CONSOLIDADO PERIODO DE NOMINA POR LINEA CCOSTO' is clicked on

2022-03-09 12:34:54 - [TEST_STEP][PASSED] - waitForElementClickable(findTestObject("Modulo Tarea Administracion Compensacion/Ejecutar Reporte Planilla/a_Periodo Nomina_ejecutarRepor"), 0): Object 'Object Repository/Modulo Tarea Administracion Compensacion/Ejecutar Reporte Planilla/a_Periodo Nomina_ejecutarRepor' is clickable

2022-03-09 12:34:54 - [MESSAGE][WARNING] - Timeout '0' is invalid. Using default page load timeout: '30'

2022-03-09 12:34:54 - [MESSAGE][PASSED] - Object 'Object Repository/Modulo Tarea Administracion Compensacion/Ejecutar Reporte Planilla/a_Periodo Nomina_ejecutarRepor' is clickable

2022-03-09 12:34:54 - [TEST_STEP][PASSED] - click(findTestObject("Modulo Tarea Administracion Compensacion/Ejecutar Reporte Planilla/a_Periodo Nomina_ejecutarRepor")): Object: 'Object Repository/Modulo Tarea Administracion Compensacion/Ejecutar Reporte Planilla/a_Periodo Nomina_ejecutarRepor' is clicked on

2022-03-09 12:34:55 - [MESSAGE][PASSED] - Object: 'Object Repository/Modulo Tarea Administracion Compensacion/Ejecutar Reporte Planilla/a_Periodo Nomina_ejecutarRepor' is clicked on

2022-03-09 12:34:55 - [TEST_STEP][PASSED] - waitForElementClickable(findTestObject("Modulo Tarea Administracion Compensacion/Ejecutar Reporte Planilla/select_--  Seleccione  --Periodo CerradoPeriodo en Proceso"), 0): Object 'Object Repository/Modulo Tarea Administracion Compensacion/Ejecutar Reporte Planilla/select_--  Seleccione  --Periodo CerradoPeriodo en Proceso' is clickable

2022-03-09 12:34:55 - [MESSAGE][WARNING] - Timeout '0' is invalid. Using default page load timeout: '30'

2022-03-09 12:34:56 - [MESSAGE][PASSED] - Object 'Object Repository/Modulo Tarea Administracion Compensacion/Ejecutar Reporte Planilla/select_--  Seleccione  --Periodo CerradoPeriodo en Proceso' is clickable

2022-03-09 12:34:56 - [TEST_STEP][PASSED] - selectOptionByIndex(findTestObject("Modulo Tarea Administracion Compensacion/Ejecutar Reporte Planilla/select_--  Seleccione  --Periodo CerradoPeriodo en Proceso"), "2", STOP_ON_FAILURE): All options with index in [2] are selected on object 'Object Repository/Modulo Tarea Administracion Compensacion/Ejecutar Reporte Planilla/select_--  Seleccione  --Periodo CerradoPeriodo en Proceso'

2022-03-09 12:34:58 - [MESSAGE][PASSED] - All options with index in [2] are selected on object 'Object Repository/Modulo Tarea Administracion Compensacion/Ejecutar Reporte Planilla/select_--  Seleccione  --Periodo CerradoPeriodo en Proceso'

2022-03-09 12:34:58 - [TEST_STEP][PASSED] - waitForElementClickable(findTestObject("Modulo Tarea Administracion Compensacion/Ejecutar Reporte Planilla/span_P. MensualJunio2021"), 0): Object 'Object Repository/Modulo Tarea Administracion Compensacion/Ejecutar Reporte Planilla/span_P. MensualJunio2021' is clickable

2022-03-09 12:34:58 - [MESSAGE][WARNING] - Timeout '0' is invalid. Using default page load timeout: '30'

2022-03-09 12:34:58 - [MESSAGE][PASSED] - Object 'Object Repository/Modulo Tarea Administracion Compensacion/Ejecutar Reporte Planilla/span_P. MensualJunio2021' is clickable

2022-03-09 12:34:58 - [TEST_STEP][PASSED] - click(findTestObject("Modulo Tarea Administracion Compensacion/Ejecutar Reporte Planilla/span_P. MensualJunio2021")): Object: 'Object Repository/Modulo Tarea Administracion Compensacion/Ejecutar Reporte Planilla/span_P. MensualJunio2021' is clicked on

2022-03-09 12:34:59 - [MESSAGE][PASSED] - Object: 'Object Repository/Modulo Tarea Administracion Compensacion/Ejecutar Reporte Planilla/span_P. MensualJunio2021' is clicked on

2022-03-09 12:34:59 - [TEST_STEP][PASSED] - waitForElementClickable(findTestObject("Modulo Tarea Administracion Compensacion/Ejecutar Reporte Planilla/a_Aplicar"), 0): Object 'Object Repository/Modulo Tarea Administracion Compensacion/Ejecutar Reporte Planilla/a_Aplicar' is clickable

2022-03-09 12:34:59 - [MESSAGE][WARNING] - Timeout '0' is invalid. Using default page load timeout: '30'

2022-03-09 12:34:59 - [MESSAGE][PASSED] - Object 'Object Repository/Modulo Tarea Administracion Compensacion/Ejecutar Reporte Planilla/a_Aplicar' is clickable

2022-03-09 12:34:59 - [TEST_STEP][PASSED] - click(findTestObject("Modulo Tarea Administracion Compensacion/Ejecutar Reporte Planilla/a_Aplicar")): Object: 'Object Repository/Modulo Tarea Administracion Compensacion/Ejecutar Reporte Planilla/a_Aplicar' is clicked on

2022-03-09 12:35:00 - [MESSAGE][PASSED] - Object: 'Object Repository/Modulo Tarea Administracion Compensacion/Ejecutar Reporte Planilla/a_Aplicar' is clicked on

2022-03-09 12:35:00 - [TEST_STEP][PASSED] - waitForElementClickable(findTestObject("Modulo Tarea Administracion Compensacion/Ejecutar Reporte Planilla/span_Reporte_glyphicons glyphicons-article"), 0): Object 'Object Repository/Modulo Tarea Administracion Compensacion/Ejecutar Reporte Planilla/span_Reporte_glyphicons glyphicons-article' is clickable

2022-03-09 12:35:00 - [MESSAGE][WARNING] - Timeout '0' is invalid. Using default page load timeout: '30'

2022-03-09 12:35:01 - [MESSAGE][PASSED] - Object 'Object Repository/Modulo Tarea Administracion Compensacion/Ejecutar Reporte Planilla/span_Reporte_glyphicons glyphicons-article' is clickable

2022-03-09 12:35:01 - [TEST_STEP][PASSED] - click(findTestObject("Modulo Tarea Administracion Compensacion/Ejecutar Reporte Planilla/span_Reporte_glyphicons glyphicons-article")): Object: 'Object Repository/Modulo Tarea Administracion Compensacion/Ejecutar Reporte Planilla/span_Reporte_glyphicons glyphicons-article' is clicked on

2022-03-09 12:35:01 - [MESSAGE][PASSED] - Object: 'Object Repository/Modulo Tarea Administracion Compensacion/Ejecutar Reporte Planilla/span_Reporte_glyphicons glyphicons-article' is clicked on

2022-03-09 12:35:01 - [TEST_STEP][PASSED] - click(findTestObject("Modulo Tarea Administracion Compensacion/Ejecutar Reporte Planilla/label_xlsData")): Object: 'Object Repository/Modulo Tarea Administracion Compensacion/Ejecutar Reporte Planilla/label_xlsData' is clicked on

2022-03-09 12:35:02 - [MESSAGE][PASSED] - Object: 'Object Repository/Modulo Tarea Administracion Compensacion/Ejecutar Reporte Planilla/label_xlsData' is clicked on

2022-03-09 12:35:02 - [TEST_STEP][PASSED] - click(findTestObject("Modulo Tarea Administracion Compensacion/Ejecutar Reporte Planilla/a_Generar Reporte")): Object: 'Object Repository/Modulo Tarea Administracion Compensacion/Ejecutar Reporte Planilla/a_Generar Reporte' is clicked on

2022-03-09 12:35:02 - [MESSAGE][PASSED] - Object: 'Object Repository/Modulo Tarea Administracion Compensacion/Ejecutar Reporte Planilla/a_Generar Reporte' is clicked on

2022-03-09 12:35:02 - [TEST_STEP][PASSED] - waitForElementClickable(findTestObject("Modulo Tarea Administracion Compensacion/Ejecutar Reporte Planilla/a_Descargar"), 0): Object 'Object Repository/Modulo Tarea Administracion Compensacion/Ejecutar Reporte Planilla/a_Descargar' is clickable

2022-03-09 12:35:02 - [MESSAGE][WARNING] - Timeout '0' is invalid. Using default page load timeout: '30'

2022-03-09 12:35:28 - [MESSAGE][PASSED] - Object 'Object Repository/Modulo Tarea Administracion Compensacion/Ejecutar Reporte Planilla/a_Descargar' is clickable

2022-03-09 12:35:28 - [TEST_STEP][PASSED] - click(findTestObject("Modulo Tarea Administracion Compensacion/Ejecutar Reporte Planilla/a_Descargar")): Object: 'Object Repository/Modulo Tarea Administracion Compensacion/Ejecutar Reporte Planilla/a_Descargar' is clicked on

2022-03-09 12:35:29 - [MESSAGE][PASSED] - Object: 'Object Repository/Modulo Tarea Administracion Compensacion/Ejecutar Reporte Planilla/a_Descargar' is clicked on

2022-03-09 12:35:29 - [TEST_STEP][PASSED] - click(findTestObject("Modulo Tarea Administracion Compensacion/Ejecutar Reporte Planilla/a_Periodo Nomina_Cerrar")): Object: 'Object Repository/Modulo Tarea Administracion Compensacion/Ejecutar Reporte Planilla/a_Periodo Nomina_Cerrar' is clicked on

2022-03-09 12:35:30 - [MESSAGE][PASSED] - Object: 'Object Repository/Modulo Tarea Administracion Compensacion/Ejecutar Reporte Planilla/a_Periodo Nomina_Cerrar' is clicked on

2022-03-09 12:35:30 - [TEST_STEP][PASSED] - waitForElementClickable(findTestObject("Modulo Tarea Administracion Compensacion/Ejecutar Reporte Planilla/a_Aplicar"), 0): Object 'Object Repository/Modulo Tarea Administracion Compensacion/Ejecutar Reporte Planilla/a_Aplicar' is clickable

2022-03-09 12:35:30 - [MESSAGE][WARNING] - Timeout '0' is invalid. Using default page load timeout: '30'

2022-03-09 12:35:31 - [MESSAGE][PASSED] - Object 'Object Repository/Modulo Tarea Administracion Compensacion/Ejecutar Reporte Planilla/a_Aplicar' is clickable

2022-03-09 12:35:31 - [TEST_STEP][PASSED] - click(findTestObject("Modulo Tarea Administracion Compensacion/Ejecutar Reporte Planilla/a_Aplicar")): Object: 'Object Repository/Modulo Tarea Administracion Compensacion/Ejecutar Reporte Planilla/a_Aplicar' is clicked on

2022-03-09 12:35:31 - [MESSAGE][PASSED] - Object: 'Object Repository/Modulo Tarea Administracion Compensacion/Ejecutar Reporte Planilla/a_Aplicar' is clicked on

2022-03-09 12:35:31 - [TEST_STEP][PASSED] - waitForElementClickable(findTestObject("Modulo Tarea Administracion Compensacion/Ejecutar Reporte Planilla/span_Reporte_glyphicons glyphicons-article"), 0): Object 'Object Repository/Modulo Tarea Administracion Compensacion/Ejecutar Reporte Planilla/span_Reporte_glyphicons glyphicons-article' is clickable

2022-03-09 12:35:31 - [MESSAGE][WARNING] - Timeout '0' is invalid. Using default page load timeout: '30'

2022-03-09 12:35:32 - [MESSAGE][PASSED] - Object 'Object Repository/Modulo Tarea Administracion Compensacion/Ejecutar Reporte Planilla/span_Reporte_glyphicons glyphicons-article' is clickable

2022-03-09 12:35:32 - [TEST_STEP][PASSED] - click(findTestObject("Modulo Tarea Administracion Compensacion/Ejecutar Reporte Planilla/span_Reporte_glyphicons glyphicons-article")): Object: 'Object Repository/Modulo Tarea Administracion Compensacion/Ejecutar Reporte Planilla/span_Reporte_glyphicons glyphicons-article' is clicked on

2022-03-09 12:35:33 - [MESSAGE][PASSED] - Object: 'Object Repository/Modulo Tarea Administracion Compensacion/Ejecutar Reporte Planilla/span_Reporte_glyphicons glyphicons-article' is clicked on

2022-03-09 12:35:33 - [TEST_STEP][PASSED] - click(findTestObject("Modulo Tarea Administracion Compensacion/Ejecutar Reporte Planilla/label_pdf")): Object: 'Object Repository/Modulo Tarea Administracion Compensacion/Ejecutar Reporte Planilla/label_pdf' is clicked on

2022-03-09 12:35:33 - [MESSAGE][PASSED] - Object: 'Object Repository/Modulo Tarea Administracion Compensacion/Ejecutar Reporte Planilla/label_pdf' is clicked on

2022-03-09 12:35:33 - [TEST_STEP][PASSED] - click(findTestObject("Modulo Tarea Administracion Compensacion/Ejecutar Reporte Planilla/a_Generar Reporte")): Object: 'Object Repository/Modulo Tarea Administracion Compensacion/Ejecutar Reporte Planilla/a_Generar Reporte' is clicked on

2022-03-09 12:35:34 - [MESSAGE][PASSED] - Object: 'Object Repository/Modulo Tarea Administracion Compensacion/Ejecutar Reporte Planilla/a_Generar Reporte' is clicked on

2022-03-09 12:35:34 - [TEST_STEP][PASSED] - waitForElementClickable(findTestObject("Modulo Tarea Administracion Compensacion/Ejecutar Reporte Planilla/a_Descargar"), 0): Object 'Object Repository/Modulo Tarea Administracion Compensacion/Ejecutar Reporte Planilla/a_Descargar' is clickable

2022-03-09 12:35:34 - [MESSAGE][WARNING] - Timeout '0' is invalid. Using default page load timeout: '30'

2022-03-09 12:35:50 - [MESSAGE][PASSED] - Object 'Object Repository/Modulo Tarea Administracion Compensacion/Ejecutar Reporte Planilla/a_Descargar' is clickable

2022-03-09 12:35:50 - [TEST_STEP][PASSED] - click(findTestObject("Modulo Tarea Administracion Compensacion/Ejecutar Reporte Planilla/a_Descargar")): Object: 'Object Repository/Modulo Tarea Administracion Compensacion/Ejecutar Reporte Planilla/a_Descargar' is clicked on

2022-03-09 12:35:51 - [MESSAGE][PASSED] - Object: 'Object Repository/Modulo Tarea Administracion Compensacion/Ejecutar Reporte Planilla/a_Descargar' is clicked on

2022-03-09 12:35:51 - [TEST_STEP][PASSED] - click(findTestObject("Modulo Tarea Administracion Compensacion/Ejecutar Reporte Planilla/a_Periodo Nomina_Cerrar")): Object: 'Object Repository/Modulo Tarea Administracion Compensacion/Ejecutar Reporte Planilla/a_Periodo Nomina_Cerrar' is clicked on

2022-03-09 12:35:52 - [MESSAGE][PASSED] - Object: 'Object Repository/Modulo Tarea Administracion Compensacion/Ejecutar Reporte Planilla/a_Periodo Nomina_Cerrar' is clicked on

2022-03-09 12:35:52 - [TEST_STEP][PASSED] - waitForElementClickable(findTestObject("Modulo Tarea Administracion Compensacion/Ejecutar Reporte Planilla/input_Actos Administrativos_ejecutarReporte"), 0): Object 'Object Repository/Modulo Tarea Administracion Compensacion/Ejecutar Reporte Planilla/input_Actos Administrativos_ejecutarReporte' is clickable

2022-03-09 12:35:52 - [MESSAGE][WARNING] - Timeout '0' is invalid. Using default page load timeout: '30'

2022-03-09 12:35:52 - [MESSAGE][PASSED] - Object 'Object Repository/Modulo Tarea Administracion Compensacion/Ejecutar Reporte Planilla/input_Actos Administrativos_ejecutarReporte' is clickable

2022-03-09 12:35:52 - [TEST_STEP][PASSED] - setText(findTestObject("Modulo Tarea Administracion Compensacion/Ejecutar Reporte Planilla/input_Actos Administrativos_ejecutarReporte"), "CNC- CONSOLIDADO PERIODO DE NOMINA POR LINEA/CCOSTO"): Text 'CNC- CONSOLIDADO PERIODO DE NOMINA POR LINEA/CCOSTO' is set on object 'Object Repository/Modulo Tarea Administracion Compensacion/Ejecutar Reporte Planilla/input_Actos Administrativos_ejecutarReporte'

2022-03-09 12:35:54 - [MESSAGE][PASSED] - Text 'CNC- CONSOLIDADO PERIODO DE NOMINA POR LINEA/CCOSTO' is set on object 'Object Repository/Modulo Tarea Administracion Compensacion/Ejecutar Reporte Planilla/input_Actos Administrativos_ejecutarReporte'

2022-03-09 12:35:54 - [TEST_STEP][PASSED] - click(findTestObject("Modulo Tarea Administracion Compensacion/Ejecutar Reporte Planilla/a_Actos Administrativos_ejecutarReportePlanillaj_idt61"), STOP_ON_FAILURE): Object: 'Object Repository/Modulo Tarea Administracion Compensacion/Ejecutar Reporte Planilla/a_Actos Administrativos_ejecutarReportePlanillaj_idt61' is clicked on

2022-03-09 12:35:54 - [MESSAGE][PASSED] - Object: 'Object Repository/Modulo Tarea Administracion Compensacion/Ejecutar Reporte Planilla/a_Actos Administrativos_ejecutarReportePlanillaj_idt61' is clicked on

2022-03-09 12:35:54 - [TEST_STEP][PASSED] - click(findTestObject("Modulo Tarea Administracion Compensacion/Ejecutar Reporte Planilla/a_Actos Administrativos_ejecutarReportePlanillaj_idt61"), STOP_ON_FAILURE): Object: 'Object Repository/Modulo Tarea Administracion Compensacion/Ejecutar Reporte Planilla/a_Actos Administrativos_ejecutarReportePlanillaj_idt61' is clicked on

2022-03-09 12:35:55 - [MESSAGE][PASSED] - Object: 'Object Repository/Modulo Tarea Administracion Compensacion/Ejecutar Reporte Planilla/a_Actos Administrativos_ejecutarReportePlanillaj_idt61' is clicked on

2022-03-09 12:35:55 - [TEST_STEP][PASSED] - waitForElementClickable(findTestObject("Modulo Tarea Administracion Compensacion/Ejecutar Reporte Planilla/td_CNC- CONSOLIDADO PERIODO DE NOMINA POR LINEA CCOSTO"), 0): Object 'Object Repository/Modulo Tarea Administracion Compensacion/Ejecutar Reporte Planilla/td_CNC- CONSOLIDADO PERIODO DE NOMINA POR LINEA CCOSTO' is clickable

2022-03-09 12:35:55 - [MESSAGE][WARNING] - Timeout '0' is invalid. Using default page load timeout: '30'

2022-03-09 12:35:55 - [MESSAGE][PASSED] - Object 'Object Repository/Modulo Tarea Administracion Compensacion/Ejecutar Reporte Planilla/td_CNC- CONSOLIDADO PERIODO DE NOMINA POR LINEA CCOSTO' is clickable

2022-03-09 12:35:55 - [TEST_STEP][PASSED] - click(findTestObject("Modulo Tarea Administracion Compensacion/Ejecutar Reporte Planilla/td_CNC- CONSOLIDADO PERIODO DE NOMINA POR LINEA CCOSTO")): Object: 'Object Repository/Modulo Tarea Administracion Compensacion/Ejecutar Reporte Planilla/td_CNC- CONSOLIDADO PERIODO DE NOMINA POR LINEA CCOSTO' is clicked on

2022-03-09 12:35:56 - [MESSAGE][PASSED] - Object: 'Object Repository/Modulo Tarea Administracion Compensacion/Ejecutar Reporte Planilla/td_CNC- CONSOLIDADO PERIODO DE NOMINA POR LINEA CCOSTO' is clicked on

2022-03-09 12:35:56 - [TEST_STEP][PASSED] - waitForElementClickable(findTestObject("Modulo Tarea Administracion Compensacion/Ejecutar Reporte Planilla/a_Periodo Nomina_ejecutarRepor"), 0): Object 'Object Repository/Modulo Tarea Administracion Compensacion/Ejecutar Reporte Planilla/a_Periodo Nomina_ejecutarRepor' is clickable

2022-03-09 12:35:56 - [MESSAGE][WARNING] - Timeout '0' is invalid. Using default page load timeout: '30'

2022-03-09 12:35:56 - [MESSAGE][PASSED] - Object 'Object Repository/Modulo Tarea Administracion Compensacion/Ejecutar Reporte Planilla/a_Periodo Nomina_ejecutarRepor' is clickable

2022-03-09 12:35:56 - [TEST_STEP][PASSED] - click(findTestObject("Modulo Tarea Administracion Compensacion/Ejecutar Reporte Planilla/a_Periodo Nomina_ejecutarRepor")): Object: 'Object Repository/Modulo Tarea Administracion Compensacion/Ejecutar Reporte Planilla/a_Periodo Nomina_ejecutarRepor' is clicked on

2022-03-09 12:35:57 - [MESSAGE][PASSED] - Object: 'Object Repository/Modulo Tarea Administracion Compensacion/Ejecutar Reporte Planilla/a_Periodo Nomina_ejecutarRepor' is clicked on

2022-03-09 12:35:57 - [TEST_STEP][PASSED] - waitForElementClickable(findTestObject("Modulo Tarea Administracion Compensacion/Ejecutar Reporte Planilla/select_--  Seleccione  --Periodo CerradoPeriodo en Proceso"), 0): Object 'Object Repository/Modulo Tarea Administracion Compensacion/Ejecutar Reporte Planilla/select_--  Seleccione  --Periodo CerradoPeriodo en Proceso' is clickable

2022-03-09 12:35:57 - [MESSAGE][WARNING] - Timeout '0' is invalid. Using default page load timeout: '30'

2022-03-09 12:35:58 - [MESSAGE][PASSED] - Object 'Object Repository/Modulo Tarea Administracion Compensacion/Ejecutar Reporte Planilla/select_--  Seleccione  --Periodo CerradoPeriodo en Proceso' is clickable

2022-03-09 12:35:58 - [TEST_STEP][PASSED] - selectOptionByIndex(findTestObject("Modulo Tarea Administracion Compensacion/Ejecutar Reporte Planilla/select_--  Seleccione  --Periodo CerradoPeriodo en Proceso"), "2", STOP_ON_FAILURE): All options with index in [2] are selected on object 'Object Repository/Modulo Tarea Administracion Compensacion/Ejecutar Reporte Planilla/select_--  Seleccione  --Periodo CerradoPeriodo en Proceso'

2022-03-09 12:35:59 - [MESSAGE][PASSED] - All options with index in [2] are selected on object 'Object Repository/Modulo Tarea Administracion Compensacion/Ejecutar Reporte Planilla/select_--  Seleccione  --Periodo CerradoPeriodo en Proceso'

2022-03-09 12:35:59 - [TEST_STEP][PASSED] - waitForElementClickable(findTestObject("Modulo Tarea Administracion Compensacion/Ejecutar Reporte Planilla/span_P. MensualJunio2021"), 0): Object 'Object Repository/Modulo Tarea Administracion Compensacion/Ejecutar Reporte Planilla/span_P. MensualJunio2021' is clickable

2022-03-09 12:35:59 - [MESSAGE][WARNING] - Timeout '0' is invalid. Using default page load timeout: '30'

2022-03-09 12:35:59 - [MESSAGE][PASSED] - Object 'Object Repository/Modulo Tarea Administracion Compensacion/Ejecutar Reporte Planilla/span_P. MensualJunio2021' is clickable

2022-03-09 12:35:59 - [TEST_STEP][PASSED] - click(findTestObject("Modulo Tarea Administracion Compensacion/Ejecutar Reporte Planilla/span_P. MensualJunio2021")): Object: 'Object Repository/Modulo Tarea Administracion Compensacion/Ejecutar Reporte Planilla/span_P. MensualJunio2021' is clicked on

2022-03-09 12:36:00 - [MESSAGE][PASSED] - Object: 'Object Repository/Modulo Tarea Administracion Compensacion/Ejecutar Reporte Planilla/span_P. MensualJunio2021' is clicked on

2022-03-09 12:36:00 - [TEST_STEP][PASSED] - click(findTestObject("Modulo Tarea Administracion Compensacion/Ejecutar Reporte Planilla/a_Aplicar")): Object: 'Object Repository/Modulo Tarea Administracion Compensacion/Ejecutar Reporte Planilla/a_Aplicar' is clicked on

2022-03-09 12:36:01 - [MESSAGE][PASSED] - Object: 'Object Repository/Modulo Tarea Administracion Compensacion/Ejecutar Reporte Planilla/a_Aplicar' is clicked on

2022-03-09 12:36:01 - [TEST_STEP][PASSED] - waitForElementClickable(findTestObject("Modulo Tarea Administracion Compensacion/Ejecutar Reporte Planilla/span_Reporte_glyphicons glyphicons-article"), 0): Object 'Object Repository/Modulo Tarea Administracion Compensacion/Ejecutar Reporte Planilla/span_Reporte_glyphicons glyphicons-article' is clickable

2022-03-09 12:36:01 - [MESSAGE][WARNING] - Timeout '0' is invalid. Using default page load timeout: '30'

2022-03-09 12:36:01 - [MESSAGE][PASSED] - Object 'Object Repository/Modulo Tarea Administracion Compensacion/Ejecutar Reporte Planilla/span_Reporte_glyphicons glyphicons-article' is clickable

2022-03-09 12:36:01 - [TEST_STEP][PASSED] - click(findTestObject("Modulo Tarea Administracion Compensacion/Ejecutar Reporte Planilla/span_Reporte_glyphicons glyphicons-article")): Object: 'Object Repository/Modulo Tarea Administracion Compensacion/Ejecutar Reporte Planilla/span_Reporte_glyphicons glyphicons-article' is clicked on

2022-03-09 12:36:02 - [MESSAGE][PASSED] - Object: 'Object Repository/Modulo Tarea Administracion Compensacion/Ejecutar Reporte Planilla/span_Reporte_glyphicons glyphicons-article' is clicked on

2022-03-09 12:36:02 - [TEST_STEP][PASSED] - click(findTestObject("Modulo Tarea Administracion Compensacion/Ejecutar Reporte Planilla/label_xlsData")): Object: 'Object Repository/Modulo Tarea Administracion Compensacion/Ejecutar Reporte Planilla/label_xlsData' is clicked on

2022-03-09 12:36:02 - [MESSAGE][PASSED] - Object: 'Object Repository/Modulo Tarea Administracion Compensacion/Ejecutar Reporte Planilla/label_xlsData' is clicked on

2022-03-09 12:36:02 - [TEST_STEP][PASSED] - click(findTestObject("Modulo Tarea Administracion Compensacion/Ejecutar Reporte Planilla/a_Generar Reporte")): Object: 'Object Repository/Modulo Tarea Administracion Compensacion/Ejecutar Reporte Planilla/a_Generar Reporte' is clicked on

2022-03-09 12:36:03 - [MESSAGE][PASSED] - Object: 'Object Repository/Modulo Tarea Administracion Compensacion/Ejecutar Reporte Planilla/a_Generar Reporte' is clicked on

2022-03-09 12:36:03 - [TEST_STEP][PASSED] - waitForElementClickable(findTestObject("Modulo Tarea Administracion Compensacion/Ejecutar Reporte Planilla/a_Descargar"), 0): Object 'Object Repository/Modulo Tarea Administracion Compensacion/Ejecutar Reporte Planilla/a_Descargar' is clickable

2022-03-09 12:36:03 - [MESSAGE][WARNING] - Timeout '0' is invalid. Using default page load timeout: '30'

2022-03-09 12:36:13 - [MESSAGE][PASSED] - Object 'Object Repository/Modulo Tarea Administracion Compensacion/Ejecutar Reporte Planilla/a_Descargar' is clickable

2022-03-09 12:36:13 - [TEST_STEP][PASSED] - click(findTestObject("Modulo Tarea Administracion Compensacion/Ejecutar Reporte Planilla/a_Descargar")): Object: 'Object Repository/Modulo Tarea Administracion Compensacion/Ejecutar Reporte Planilla/a_Descargar' is clicked on

2022-03-09 12:36:13 - [MESSAGE][PASSED] - Object: 'Object Repository/Modulo Tarea Administracion Compensacion/Ejecutar Reporte Planilla/a_Descargar' is clicked on

2022-03-09 12:36:13 - [TEST_STEP][PASSED] - click(findTestObject("Modulo Tarea Administracion Compensacion/Ejecutar Reporte Planilla/a_Periodo Nomina_Cerrar")): Object: 'Object Repository/Modulo Tarea Administracion Compensacion/Ejecutar Reporte Planilla/a_Periodo Nomina_Cerrar' is clicked on

2022-03-09 12:36:14 - [MESSAGE][PASSED] - Object: 'Object Repository/Modulo Tarea Administracion Compensacion/Ejecutar Reporte Planilla/a_Periodo Nomina_Cerrar' is clicked on

2022-03-09 12:36:14 - [TEST_STEP][PASSED] - waitForElementClickable(findTestObject("Modulo Tarea Administracion Compensacion/Ejecutar Reporte Planilla/a_Aplicar"), 0): Object 'Object Repository/Modulo Tarea Administracion Compensacion/Ejecutar Reporte Planilla/a_Aplicar' is clickable

2022-03-09 12:36:14 - [MESSAGE][WARNING] - Timeout '0' is invalid. Using default page load timeout: '30'

2022-03-09 12:36:14 - [MESSAGE][PASSED] - Object 'Object Repository/Modulo Tarea Administracion Compensacion/Ejecutar Reporte Planilla/a_Aplicar' is clickable

2022-03-09 12:36:14 - [TEST_STEP][PASSED] - click(findTestObject("Modulo Tarea Administracion Compensacion/Ejecutar Reporte Planilla/a_Aplicar")): Object: 'Object Repository/Modulo Tarea Administracion Compensacion/Ejecutar Reporte Planilla/a_Aplicar' is clicked on

2022-03-09 12:36:15 - [MESSAGE][PASSED] - Object: 'Object Repository/Modulo Tarea Administracion Compensacion/Ejecutar Reporte Planilla/a_Aplicar' is clicked on

2022-03-09 12:36:15 - [TEST_STEP][PASSED] - waitForElementClickable(findTestObject("Modulo Tarea Administracion Compensacion/Ejecutar Reporte Planilla/span_Reporte_glyphicons glyphicons-article"), 0): Object 'Object Repository/Modulo Tarea Administracion Compensacion/Ejecutar Reporte Planilla/span_Reporte_glyphicons glyphicons-article' is clickable

2022-03-09 12:36:15 - [MESSAGE][WARNING] - Timeout '0' is invalid. Using default page load timeout: '30'

2022-03-09 12:36:16 - [MESSAGE][PASSED] - Object 'Object Repository/Modulo Tarea Administracion Compensacion/Ejecutar Reporte Planilla/span_Reporte_glyphicons glyphicons-article' is clickable

2022-03-09 12:36:16 - [TEST_STEP][PASSED] - click(findTestObject("Modulo Tarea Administracion Compensacion/Ejecutar Reporte Planilla/span_Reporte_glyphicons glyphicons-article")): Object: 'Object Repository/Modulo Tarea Administracion Compensacion/Ejecutar Reporte Planilla/span_Reporte_glyphicons glyphicons-article' is clicked on

2022-03-09 12:36:16 - [MESSAGE][PASSED] - Object: 'Object Repository/Modulo Tarea Administracion Compensacion/Ejecutar Reporte Planilla/span_Reporte_glyphicons glyphicons-article' is clicked on

2022-03-09 12:36:16 - [TEST_STEP][PASSED] - click(findTestObject("Modulo Tarea Administracion Compensacion/Ejecutar Reporte Planilla/label_pdf")): Object: 'Object Repository/Modulo Tarea Administracion Compensacion/Ejecutar Reporte Planilla/label_pdf' is clicked on

2022-03-09 12:36:17 - [MESSAGE][PASSED] - Object: 'Object Repository/Modulo Tarea Administracion Compensacion/Ejecutar Reporte Planilla/label_pdf' is clicked on

2022-03-09 12:36:17 - [TEST_STEP][PASSED] - click(findTestObject("Modulo Tarea Administracion Compensacion/Ejecutar Reporte Planilla/a_Generar Reporte")): Object: 'Object Repository/Modulo Tarea Administracion Compensacion/Ejecutar Reporte Planilla/a_Generar Reporte' is clicked on

2022-03-09 12:36:17 - [MESSAGE][PASSED] - Object: 'Object Repository/Modulo Tarea Administracion Compensacion/Ejecutar Reporte Planilla/a_Generar Reporte' is clicked on

2022-03-09 12:36:17 - [TEST_STEP][PASSED] - waitForElementClickable(findTestObject("Modulo Tarea Administracion Compensacion/Ejecutar Reporte Planilla/a_Descargar"), 0): Object 'Object Repository/Modulo Tarea Administracion Compensacion/Ejecutar Reporte Planilla/a_Descargar' is clickable

2022-03-09 12:36:17 - [MESSAGE][WARNING] - Timeout '0' is invalid. Using default page load timeout: '30'

2022-03-09 12:36:31 - [MESSAGE][PASSED] - Object 'Object Repository/Modulo Tarea Administracion Compensacion/Ejecutar Reporte Planilla/a_Descargar' is clickable

2022-03-09 12:36:31 - [TEST_STEP][PASSED] - click(findTestObject("Modulo Tarea Administracion Compensacion/Ejecutar Reporte Planilla/a_Descargar")): Object: 'Object Repository/Modulo Tarea Administracion Compensacion/Ejecutar Reporte Planilla/a_Descargar' is clicked on

2022-03-09 12:36:32 - [MESSAGE][PASSED] - Object: 'Object Repository/Modulo Tarea Administracion Compensacion/Ejecutar Reporte Planilla/a_Descargar' is clicked on

2022-03-09 12:36:32 - [TEST_STEP][PASSED] - click(findTestObject("Modulo Tarea Administracion Compensacion/Ejecutar Reporte Planilla/a_Periodo Nomina_Cerrar")): Object: 'Object Repository/Modulo Tarea Administracion Compensacion/Ejecutar Reporte Planilla/a_Periodo Nomina_Cerrar' is clicked on

2022-03-09 12:36:33 - [MESSAGE][PASSED] - Object: 'Object Repository/Modulo Tarea Administracion Compensacion/Ejecutar Reporte Planilla/a_Periodo Nomina_Cerrar' is clicked on

2022-03-09 12:36:33 - [TEST_STEP][PASSED] - waitForElementClickable(findTestObject("Modulo Tarea Administracion Compensacion/Ejecutar Reporte Planilla/input_Actos Administrativos_ejecutarReporte"), 0): Object 'Object Repository/Modulo Tarea Administracion Compensacion/Ejecutar Reporte Planilla/input_Actos Administrativos_ejecutarReporte' is clickable

2022-03-09 12:36:33 - [MESSAGE][WARNING] - Timeout '0' is invalid. Using default page load timeout: '30'

2022-03-09 12:36:33 - [MESSAGE][PASSED] - Object 'Object Repository/Modulo Tarea Administracion Compensacion/Ejecutar Reporte Planilla/input_Actos Administrativos_ejecutarReporte' is clickable

2022-03-09 12:36:33 - [TEST_STEP][PASSED] - setText(findTestObject("Modulo Tarea Administracion Compensacion/Ejecutar Reporte Planilla/input_Actos Administrativos_ejecutarReporte"), "RECO"): Text 'RECO' is set on object 'Object Repository/Modulo Tarea Administracion Compensacion/Ejecutar Reporte Planilla/input_Actos Administrativos_ejecutarReporte'

2022-03-09 12:36:35 - [MESSAGE][PASSED] - Text 'RECO' is set on object 'Object Repository/Modulo Tarea Administracion Compensacion/Ejecutar Reporte Planilla/input_Actos Administrativos_ejecutarReporte'

2022-03-09 12:36:35 - [TEST_STEP][PASSED] - click(findTestObject("Modulo Tarea Administracion Compensacion/Ejecutar Reporte Planilla/a_Actos Administrativos_ejecutarReportePlanillaj_idt61"), STOP_ON_FAILURE): Object: 'Object Repository/Modulo Tarea Administracion Compensacion/Ejecutar Reporte Planilla/a_Actos Administrativos_ejecutarReportePlanillaj_idt61' is clicked on

2022-03-09 12:36:35 - [MESSAGE][PASSED] - Object: 'Object Repository/Modulo Tarea Administracion Compensacion/Ejecutar Reporte Planilla/a_Actos Administrativos_ejecutarReportePlanillaj_idt61' is clicked on

2022-03-09 12:36:35 - [TEST_STEP][PASSED] - click(findTestObject("Modulo Tarea Administracion Compensacion/Ejecutar Reporte Planilla/a_Actos Administrativos_ejecutarReportePlanillaj_idt61"), STOP_ON_FAILURE): Object: 'Object Repository/Modulo Tarea Administracion Compensacion/Ejecutar Reporte Planilla/a_Actos Administrativos_ejecutarReportePlanillaj_idt61' is clicked on

2022-03-09 12:36:36 - [MESSAGE][PASSED] - Object: 'Object Repository/Modulo Tarea Administracion Compensacion/Ejecutar Reporte Planilla/a_Actos Administrativos_ejecutarReportePlanillaj_idt61' is clicked on

2022-03-09 12:36:36 - [TEST_STEP][PASSED] - waitForElementClickable(findTestObject("Modulo Tarea Administracion Compensacion/Ejecutar Reporte Planilla/td_CNC- CONSOLIDADO PERIODO DE NOMINA POR LINEA CCOSTO"), 0): Object 'Object Repository/Modulo Tarea Administracion Compensacion/Ejecutar Reporte Planilla/td_CNC- CONSOLIDADO PERIODO DE NOMINA POR LINEA CCOSTO' is clickable

2022-03-09 12:36:36 - [MESSAGE][WARNING] - Timeout '0' is invalid. Using default page load timeout: '30'

2022-03-09 12:36:36 - [MESSAGE][PASSED] - Object 'Object Repository/Modulo Tarea Administracion Compensacion/Ejecutar Reporte Planilla/td_CNC- CONSOLIDADO PERIODO DE NOMINA POR LINEA CCOSTO' is clickable

2022-03-09 12:36:36 - [TEST_STEP][PASSED] - click(findTestObject("Modulo Tarea Administracion Compensacion/Ejecutar Reporte Planilla/td_CNC- CONSOLIDADO PERIODO DE NOMINA POR LINEA CCOSTO")): Object: 'Object Repository/Modulo Tarea Administracion Compensacion/Ejecutar Reporte Planilla/td_CNC- CONSOLIDADO PERIODO DE NOMINA POR LINEA CCOSTO' is clicked on

2022-03-09 12:36:37 - [MESSAGE][PASSED] - Object: 'Object Repository/Modulo Tarea Administracion Compensacion/Ejecutar Reporte Planilla/td_CNC- CONSOLIDADO PERIODO DE NOMINA POR LINEA CCOSTO' is clicked on

2022-03-09 12:36:37 - [TEST_STEP][PASSED] - waitForElementClickable(findTestObject("Modulo Tarea Administracion Compensacion/Ejecutar Reporte Planilla/a_Periodo Nomina_ejecutarRepor"), 0): Object 'Object Repository/Modulo Tarea Administracion Compensacion/Ejecutar Reporte Planilla/a_Periodo Nomina_ejecutarRepor' is clickable

2022-03-09 12:36:37 - [MESSAGE][WARNING] - Timeout '0' is invalid. Using default page load timeout: '30'

2022-03-09 12:36:37 - [MESSAGE][PASSED] - Object 'Object Repository/Modulo Tarea Administracion Compensacion/Ejecutar Reporte Planilla/a_Periodo Nomina_ejecutarRepor' is clickable

2022-03-09 12:36:37 - [TEST_STEP][PASSED] - click(findTestObject("Modulo Tarea Administracion Compensacion/Ejecutar Reporte Planilla/a_Periodo Nomina_ejecutarRepor")): Object: 'Object Repository/Modulo Tarea Administracion Compensacion/Ejecutar Reporte Planilla/a_Periodo Nomina_ejecutarRepor' is clicked on

2022-03-09 12:36:38 - [MESSAGE][PASSED] - Object: 'Object Repository/Modulo Tarea Administracion Compensacion/Ejecutar Reporte Planilla/a_Periodo Nomina_ejecutarRepor' is clicked on

2022-03-09 12:36:38 - [TEST_STEP][PASSED] - waitForElementClickable(findTestObject("Modulo Tarea Administracion Compensacion/Ejecutar Reporte Planilla/select_--  Seleccione  --Periodo CerradoPeriodo en Proceso"), 0): Object 'Object Repository/Modulo Tarea Administracion Compensacion/Ejecutar Reporte Planilla/select_--  Seleccione  --Periodo CerradoPeriodo en Proceso' is clickable

2022-03-09 12:36:38 - [MESSAGE][WARNING] - Timeout '0' is invalid. Using default page load timeout: '30'

2022-03-09 12:36:38 - [MESSAGE][PASSED] - Object 'Object Repository/Modulo Tarea Administracion Compensacion/Ejecutar Reporte Planilla/select_--  Seleccione  --Periodo CerradoPeriodo en Proceso' is clickable

2022-03-09 12:36:38 - [TEST_STEP][PASSED] - selectOptionByIndex(findTestObject("Modulo Tarea Administracion Compensacion/Ejecutar Reporte Planilla/select_--  Seleccione  --Periodo CerradoPeriodo en Proceso"), "2", STOP_ON_FAILURE): All options with index in [2] are selected on object 'Object Repository/Modulo Tarea Administracion Compensacion/Ejecutar Reporte Planilla/select_--  Seleccione  --Periodo CerradoPeriodo en Proceso'

2022-03-09 12:36:40 - [MESSAGE][PASSED] - All options with index in [2] are selected on object 'Object Repository/Modulo Tarea Administracion Compensacion/Ejecutar Reporte Planilla/select_--  Seleccione  --Periodo CerradoPeriodo en Proceso'

2022-03-09 12:36:40 - [TEST_STEP][PASSED] - waitForElementClickable(findTestObject("Modulo Tarea Administracion Compensacion/Ejecutar Reporte Planilla/span_P. MensualJunio2021"), 0): Object 'Object Repository/Modulo Tarea Administracion Compensacion/Ejecutar Reporte Planilla/span_P. MensualJunio2021' is clickable

2022-03-09 12:36:40 - [MESSAGE][WARNING] - Timeout '0' is invalid. Using default page load timeout: '30'

2022-03-09 12:36:41 - [MESSAGE][PASSED] - Object 'Object Repository/Modulo Tarea Administracion Compensacion/Ejecutar Reporte Planilla/span_P. MensualJunio2021' is clickable

2022-03-09 12:36:41 - [TEST_STEP][PASSED] - click(findTestObject("Modulo Tarea Administracion Compensacion/Ejecutar Reporte Planilla/span_P. MensualJunio2021")): Object: 'Object Repository/Modulo Tarea Administracion Compensacion/Ejecutar Reporte Planilla/span_P. MensualJunio2021' is clicked on

2022-03-09 12:36:41 - [MESSAGE][PASSED] - Object: 'Object Repository/Modulo Tarea Administracion Compensacion/Ejecutar Reporte Planilla/span_P. MensualJunio2021' is clicked on

2022-03-09 12:36:41 - [TEST_STEP][PASSED] - click(findTestObject("Modulo Tarea Administracion Compensacion/Ejecutar Reporte Planilla/a_Aplicar")): Object: 'Object Repository/Modulo Tarea Administracion Compensacion/Ejecutar Reporte Planilla/a_Aplicar' is clicked on

2022-03-09 12:36:42 - [MESSAGE][PASSED] - Object: 'Object Repository/Modulo Tarea Administracion Compensacion/Ejecutar Reporte Planilla/a_Aplicar' is clicked on

2022-03-09 12:36:42 - [TEST_STEP][PASSED] - waitForElementClickable(findTestObject("Modulo Tarea Administracion Compensacion/Ejecutar Reporte Planilla/span_Reporte_glyphicons glyphicons-article"), 0): Object 'Object Repository/Modulo Tarea Administracion Compensacion/Ejecutar Reporte Planilla/span_Reporte_glyphicons glyphicons-article' is clickable

2022-03-09 12:36:42 - [MESSAGE][WARNING] - Timeout '0' is invalid. Using default page load timeout: '30'

2022-03-09 12:36:42 - [MESSAGE][PASSED] - Object 'Object Repository/Modulo Tarea Administracion Compensacion/Ejecutar Reporte Planilla/span_Reporte_glyphicons glyphicons-article' is clickable

2022-03-09 12:36:42 - [TEST_STEP][PASSED] - click(findTestObject("Modulo Tarea Administracion Compensacion/Ejecutar Reporte Planilla/span_Reporte_glyphicons glyphicons-article")): Object: 'Object Repository/Modulo Tarea Administracion Compensacion/Ejecutar Reporte Planilla/span_Reporte_glyphicons glyphicons-article' is clicked on

2022-03-09 12:36:43 - [MESSAGE][PASSED] - Object: 'Object Repository/Modulo Tarea Administracion Compensacion/Ejecutar Reporte Planilla/span_Reporte_glyphicons glyphicons-article' is clicked on

2022-03-09 12:36:43 - [TEST_STEP][PASSED] - click(findTestObject("Modulo Tarea Administracion Compensacion/Ejecutar Reporte Planilla/label_xlsData")): Object: 'Object Repository/Modulo Tarea Administracion Compensacion/Ejecutar Reporte Planilla/label_xlsData' is clicked on

2022-03-09 12:36:43 - [MESSAGE][PASSED] - Object: 'Object Repository/Modulo Tarea Administracion Compensacion/Ejecutar Reporte Planilla/label_xlsData' is clicked on

2022-03-09 12:36:43 - [TEST_STEP][PASSED] - click(findTestObject("Modulo Tarea Administracion Compensacion/Ejecutar Reporte Planilla/a_Generar Reporte")): Object: 'Object Repository/Modulo Tarea Administracion Compensacion/Ejecutar Reporte Planilla/a_Generar Reporte' is clicked on

2022-03-09 12:36:44 - [MESSAGE][PASSED] - Object: 'Object Repository/Modulo Tarea Administracion Compensacion/Ejecutar Reporte Planilla/a_Generar Reporte' is clicked on

2022-03-09 12:36:44 - [TEST_STEP][PASSED] - waitForElementClickable(findTestObject("Modulo Tarea Administracion Compensacion/Ejecutar Reporte Planilla/a_Descargar"), 0): Object 'Object Repository/Modulo Tarea Administracion Compensacion/Ejecutar Reporte Planilla/a_Descargar' is clickable

2022-03-09 12:36:44 - [MESSAGE][WARNING] - Timeout '0' is invalid. Using default page load timeout: '30'

2022-03-09 12:36:51 - [MESSAGE][PASSED] - Object 'Object Repository/Modulo Tarea Administracion Compensacion/Ejecutar Reporte Planilla/a_Descargar' is clickable

2022-03-09 12:36:51 - [TEST_STEP][PASSED] - click(findTestObject("Modulo Tarea Administracion Compensacion/Ejecutar Reporte Planilla/a_Descargar")): Object: 'Object Repository/Modulo Tarea Administracion Compensacion/Ejecutar Reporte Planilla/a_Descargar' is clicked on

2022-03-09 12:36:52 - [MESSAGE][PASSED] - Object: 'Object Repository/Modulo Tarea Administracion Compensacion/Ejecutar Reporte Planilla/a_Descargar' is clicked on

2022-03-09 12:36:52 - [TEST_STEP][PASSED] - click(findTestObject("Modulo Tarea Administracion Compensacion/Ejecutar Reporte Planilla/a_Periodo Nomina_Cerrar")): Object: 'Object Repository/Modulo Tarea Administracion Compensacion/Ejecutar Reporte Planilla/a_Periodo Nomina_Cerrar' is clicked on

2022-03-09 12:36:53 - [MESSAGE][PASSED] - Object: 'Object Repository/Modulo Tarea Administracion Compensacion/Ejecutar Reporte Planilla/a_Periodo Nomina_Cerrar' is clicked on

2022-03-09 12:36:53 - [TEST_STEP][PASSED] - waitForElementClickable(findTestObject("Modulo Tarea Administracion Compensacion/Ejecutar Reporte Planilla/a_Aplicar"), 0): Object 'Object Repository/Modulo Tarea Administracion Compensacion/Ejecutar Reporte Planilla/a_Aplicar' is clickable

2022-03-09 12:36:53 - [MESSAGE][WARNING] - Timeout '0' is invalid. Using default page load timeout: '30'

2022-03-09 12:36:53 - [MESSAGE][PASSED] - Object 'Object Repository/Modulo Tarea Administracion Compensacion/Ejecutar Reporte Planilla/a_Aplicar' is clickable

2022-03-09 12:36:53 - [TEST_STEP][PASSED] - click(findTestObject("Modulo Tarea Administracion Compensacion/Ejecutar Reporte Planilla/a_Aplicar")): Object: 'Object Repository/Modulo Tarea Administracion Compensacion/Ejecutar Reporte Planilla/a_Aplicar' is clicked on

2022-03-09 12:36:54 - [MESSAGE][PASSED] - Object: 'Object Repository/Modulo Tarea Administracion Compensacion/Ejecutar Reporte Planilla/a_Aplicar' is clicked on

2022-03-09 12:36:54 - [TEST_STEP][PASSED] - waitForElementClickable(findTestObject("Modulo Tarea Administracion Compensacion/Ejecutar Reporte Planilla/span_Reporte_glyphicons glyphicons-article"), 0): Object 'Object Repository/Modulo Tarea Administracion Compensacion/Ejecutar Reporte Planilla/span_Reporte_glyphicons glyphicons-article' is clickable

2022-03-09 12:36:54 - [MESSAGE][WARNING] - Timeout '0' is invalid. Using default page load timeout: '30'

2022-03-09 12:36:55 - [MESSAGE][PASSED] - Object 'Object Repository/Modulo Tarea Administracion Compensacion/Ejecutar Reporte Planilla/span_Reporte_glyphicons glyphicons-article' is clickable

2022-03-09 12:36:55 - [TEST_STEP][PASSED] - click(findTestObject("Modulo Tarea Administracion Compensacion/Ejecutar Reporte Planilla/span_Reporte_glyphicons glyphicons-article")): Object: 'Object Repository/Modulo Tarea Administracion Compensacion/Ejecutar Reporte Planilla/span_Reporte_glyphicons glyphicons-article' is clicked on

2022-03-09 12:36:55 - [MESSAGE][PASSED] - Object: 'Object Repository/Modulo Tarea Administracion Compensacion/Ejecutar Reporte Planilla/span_Reporte_glyphicons glyphicons-article' is clicked on

2022-03-09 12:36:55 - [TEST_STEP][PASSED] - click(findTestObject("Modulo Tarea Administracion Compensacion/Ejecutar Reporte Planilla/label_pdf")): Object: 'Object Repository/Modulo Tarea Administracion Compensacion/Ejecutar Reporte Planilla/label_pdf' is clicked on

2022-03-09 12:36:56 - [MESSAGE][PASSED] - Object: 'Object Repository/Modulo Tarea Administracion Compensacion/Ejecutar Reporte Planilla/label_pdf' is clicked on

2022-03-09 12:36:56 - [TEST_STEP][PASSED] - click(findTestObject("Modulo Tarea Administracion Compensacion/Ejecutar Reporte Planilla/a_Generar Reporte")): Object: 'Object Repository/Modulo Tarea Administracion Compensacion/Ejecutar Reporte Planilla/a_Generar Reporte' is clicked on

2022-03-09 12:36:57 - [MESSAGE][PASSED] - Object: 'Object Repository/Modulo Tarea Administracion Compensacion/Ejecutar Reporte Planilla/a_Generar Reporte' is clicked on

2022-03-09 12:36:57 - [TEST_STEP][PASSED] - waitForElementClickable(findTestObject("Modulo Tarea Administracion Compensacion/Ejecutar Reporte Planilla/a_Descargar"), 0): Object 'Object Repository/Modulo Tarea Administracion Compensacion/Ejecutar Reporte Planilla/a_Descargar' is clickable

2022-03-09 12:36:57 - [MESSAGE][WARNING] - Timeout '0' is invalid. Using default page load timeout: '30'

2022-03-09 12:36:58 - [MESSAGE][PASSED] - Object 'Object Repository/Modulo Tarea Administracion Compensacion/Ejecutar Reporte Planilla/a_Descargar' is clickable

2022-03-09 12:36:58 - [TEST_STEP][PASSED] - click(findTestObject("Modulo Tarea Administracion Compensacion/Ejecutar Reporte Planilla/a_Descargar")): Object: 'Object Repository/Modulo Tarea Administracion Compensacion/Ejecutar Reporte Planilla/a_Descargar' is clicked on

2022-03-09 12:36:59 - [MESSAGE][PASSED] - Object: 'Object Repository/Modulo Tarea Administracion Compensacion/Ejecutar Reporte Planilla/a_Descargar' is clicked on

2022-03-09 12:36:59 - [TEST_STEP][PASSED] - click(findTestObject("Modulo Tarea Administracion Compensacion/Ejecutar Reporte Planilla/a_Periodo Nomina_Cerrar")): Object: 'Object Repository/Modulo Tarea Administracion Compensacion/Ejecutar Reporte Planilla/a_Periodo Nomina_Cerrar' is clicked on

2022-03-09 12:37:00 - [MESSAGE][PASSED] - Object: 'Object Repository/Modulo Tarea Administracion Compensacion/Ejecutar Reporte Planilla/a_Periodo Nomina_Cerrar' is clicked on

2022-03-09 12:37:00 - [TEST_STEP][PASSED] - waitForElementClickable(findTestObject("Modulo Tarea Administracion Compensacion/Ejecutar Reporte Planilla/input_Actos Administrativos_ejecutarReporte"), 0): Object 'Object Repository/Modulo Tarea Administracion Compensacion/Ejecutar Reporte Planilla/input_Actos Administrativos_ejecutarReporte' is clickable

2022-03-09 12:37:00 - [MESSAGE][WARNING] - Timeout '0' is invalid. Using default page load timeout: '30'

2022-03-09 12:37:00 - [MESSAGE][PASSED] - Object 'Object Repository/Modulo Tarea Administracion Compensacion/Ejecutar Reporte Planilla/input_Actos Administrativos_ejecutarReporte' is clickable

2022-03-09 12:37:00 - [TEST_STEP][PASSED] - setText(findTestObject("Modulo Tarea Administracion Compensacion/Ejecutar Reporte Planilla/input_Actos Administrativos_ejecutarReporte"), "PPN - REPORTE PLANILLA NOMINA"): Text 'PPN - REPORTE PLANILLA NOMINA' is set on object 'Object Repository/Modulo Tarea Administracion Compensacion/Ejecutar Reporte Planilla/input_Actos Administrativos_ejecutarReporte'

2022-03-09 12:37:02 - [MESSAGE][PASSED] - Text 'PPN - REPORTE PLANILLA NOMINA' is set on object 'Object Repository/Modulo Tarea Administracion Compensacion/Ejecutar Reporte Planilla/input_Actos Administrativos_ejecutarReporte'

2022-03-09 12:37:02 - [TEST_STEP][PASSED] - click(findTestObject("Modulo Tarea Administracion Compensacion/Ejecutar Reporte Planilla/a_Actos Administrativos_ejecutarReportePlanillaj_idt61")): Object: 'Object Repository/Modulo Tarea Administracion Compensacion/Ejecutar Reporte Planilla/a_Actos Administrativos_ejecutarReportePlanillaj_idt61' is clicked on

2022-03-09 12:37:02 - [MESSAGE][PASSED] - Object: 'Object Repository/Modulo Tarea Administracion Compensacion/Ejecutar Reporte Planilla/a_Actos Administrativos_ejecutarReportePlanillaj_idt61' is clicked on

2022-03-09 12:37:02 - [TEST_STEP][PASSED] - click(findTestObject("Modulo Tarea Administracion Compensacion/Ejecutar Reporte Planilla/a_Actos Administrativos_ejecutarReportePlanillaj_idt61")): Object: 'Object Repository/Modulo Tarea Administracion Compensacion/Ejecutar Reporte Planilla/a_Actos Administrativos_ejecutarReportePlanillaj_idt61' is clicked on

2022-03-09 12:37:03 - [MESSAGE][PASSED] - Object: 'Object Repository/Modulo Tarea Administracion Compensacion/Ejecutar Reporte Planilla/a_Actos Administrativos_ejecutarReportePlanillaj_idt61' is clicked on

2022-03-09 12:37:03 - [TEST_STEP][PASSED] - waitForElementClickable(findTestObject("Modulo Tarea Administracion Compensacion/Ejecutar Reporte Planilla/td_CNC- CONSOLIDADO PERIODO DE NOMINA POR LINEA CCOSTO"), 0): Object 'Object Repository/Modulo Tarea Administracion Compensacion/Ejecutar Reporte Planilla/td_CNC- CONSOLIDADO PERIODO DE NOMINA POR LINEA CCOSTO' is clickable

2022-03-09 12:37:03 - [MESSAGE][WARNING] - Timeout '0' is invalid. Using default page load timeout: '30'

2022-03-09 12:37:04 - [MESSAGE][PASSED] - Object 'Object Repository/Modulo Tarea Administracion Compensacion/Ejecutar Reporte Planilla/td_CNC- CONSOLIDADO PERIODO DE NOMINA POR LINEA CCOSTO' is clickable

2022-03-09 12:37:04 - [TEST_STEP][PASSED] - click(findTestObject("Modulo Tarea Administracion Compensacion/Ejecutar Reporte Planilla/td_CNC- CONSOLIDADO PERIODO DE NOMINA POR LINEA CCOSTO")): Object: 'Object Repository/Modulo Tarea Administracion Compensacion/Ejecutar Reporte Planilla/td_CNC- CONSOLIDADO PERIODO DE NOMINA POR LINEA CCOSTO' is clicked on

2022-03-09 12:37:04 - [MESSAGE][PASSED] - Object: 'Object Repository/Modulo Tarea Administracion Compensacion/Ejecutar Reporte Planilla/td_CNC- CONSOLIDADO PERIODO DE NOMINA POR LINEA CCOSTO' is clicked on

2022-03-09 12:37:04 - [TEST_STEP][PASSED] - waitForElementClickable(findTestObject("Modulo Tarea Administracion Compensacion/Ejecutar Reporte Planilla/a_Periodo Nomina_ejecutarRepor"), 0): Object 'Object Repository/Modulo Tarea Administracion Compensacion/Ejecutar Reporte Planilla/a_Periodo Nomina_ejecutarRepor' is clickable

2022-03-09 12:37:04 - [MESSAGE][WARNING] - Timeout '0' is invalid. Using default page load timeout: '30'

2022-03-09 12:37:05 - [MESSAGE][PASSED] - Object 'Object Repository/Modulo Tarea Administracion Compensacion/Ejecutar Reporte Planilla/a_Periodo Nomina_ejecutarRepor' is clickable

2022-03-09 12:37:05 - [TEST_STEP][PASSED] - click(findTestObject("Modulo Tarea Administracion Compensacion/Ejecutar Reporte Planilla/a_Periodo Nomina_ejecutarRepor")): Object: 'Object Repository/Modulo Tarea Administracion Compensacion/Ejecutar Reporte Planilla/a_Periodo Nomina_ejecutarRepor' is clicked on

2022-03-09 12:37:05 - [MESSAGE][PASSED] - Object: 'Object Repository/Modulo Tarea Administracion Compensacion/Ejecutar Reporte Planilla/a_Periodo Nomina_ejecutarRepor' is clicked on

2022-03-09 12:37:05 - [TEST_STEP][PASSED] - waitForElementClickable(findTestObject("Modulo Tarea Administracion Compensacion/Ejecutar Reporte Planilla/select_--  Seleccione  --Periodo CerradoPeriodo en Proceso"), 0): Object 'Object Repository/Modulo Tarea Administracion Compensacion/Ejecutar Reporte Planilla/select_--  Seleccione  --Periodo CerradoPeriodo en Proceso' is clickable

2022-03-09 12:37:05 - [MESSAGE][WARNING] - Timeout '0' is invalid. Using default page load timeout: '30'

2022-03-09 12:37:06 - [MESSAGE][PASSED] - Object 'Object Repository/Modulo Tarea Administracion Compensacion/Ejecutar Reporte Planilla/select_--  Seleccione  --Periodo CerradoPeriodo en Proceso' is clickable

2022-03-09 12:37:06 - [TEST_STEP][PASSED] - selectOptionByIndex(findTestObject("Modulo Tarea Administracion Compensacion/Ejecutar Reporte Planilla/select_--  Seleccione  --Periodo CerradoPeriodo en Proceso"), "2", STOP_ON_FAILURE): All options with index in [2] are selected on object 'Object Repository/Modulo Tarea Administracion Compensacion/Ejecutar Reporte Planilla/select_--  Seleccione  --Periodo CerradoPeriodo en Proceso'

2022-03-09 12:37:07 - [MESSAGE][PASSED] - All options with index in [2] are selected on object 'Object Repository/Modulo Tarea Administracion Compensacion/Ejecutar Reporte Planilla/select_--  Seleccione  --Periodo CerradoPeriodo en Proceso'

2022-03-09 12:37:07 - [TEST_STEP][PASSED] - waitForElementClickable(findTestObject("Modulo Tarea Administracion Compensacion/Ejecutar Reporte Planilla/span_P. MensualJunio2021"), 0): Object 'Object Repository/Modulo Tarea Administracion Compensacion/Ejecutar Reporte Planilla/span_P. MensualJunio2021' is clickable

2022-03-09 12:37:07 - [MESSAGE][WARNING] - Timeout '0' is invalid. Using default page load timeout: '30'

2022-03-09 12:37:08 - [MESSAGE][PASSED] - Object 'Object Repository/Modulo Tarea Administracion Compensacion/Ejecutar Reporte Planilla/span_P. MensualJunio2021' is clickable

2022-03-09 12:37:08 - [TEST_STEP][PASSED] - click(findTestObject("Modulo Tarea Administracion Compensacion/Ejecutar Reporte Planilla/span_P. MensualJunio2021")): Object: 'Object Repository/Modulo Tarea Administracion Compensacion/Ejecutar Reporte Planilla/span_P. MensualJunio2021' is clicked on

2022-03-09 12:37:08 - [MESSAGE][PASSED] - Object: 'Object Repository/Modulo Tarea Administracion Compensacion/Ejecutar Reporte Planilla/span_P. MensualJunio2021' is clicked on

2022-03-09 12:37:08 - [TEST_STEP][PASSED] - waitForElementClickable(findTestObject("Modulo Tarea Administracion Compensacion/Ejecutar Reporte Planilla/select_SeleccioneTodosFuera de Nmina"), 0): Object 'Object Repository/Modulo Tarea Administracion Compensacion/Ejecutar Reporte Planilla/select_SeleccioneTodosFuera de Nmina' is clickable

2022-03-09 12:37:08 - [MESSAGE][WARNING] - Timeout '0' is invalid. Using default page load timeout: '30'

2022-03-09 12:37:09 - [MESSAGE][PASSED] - Object 'Object Repository/Modulo Tarea Administracion Compensacion/Ejecutar Reporte Planilla/select_SeleccioneTodosFuera de Nmina' is clickable

2022-03-09 12:37:09 - [TEST_STEP][PASSED] - selectOptionByIndex(findTestObject("Modulo Tarea Administracion Compensacion/Ejecutar Reporte Planilla/select_SeleccioneTodosFuera de Nmina"), "1"): All options with index in [1] are selected on object 'Object Repository/Modulo Tarea Administracion Compensacion/Ejecutar Reporte Planilla/select_SeleccioneTodosFuera de Nmina'

2022-03-09 12:37:10 - [MESSAGE][PASSED] - All options with index in [1] are selected on object 'Object Repository/Modulo Tarea Administracion Compensacion/Ejecutar Reporte Planilla/select_SeleccioneTodosFuera de Nmina'

2022-03-09 12:37:10 - [TEST_STEP][PASSED] - click(findTestObject("Modulo Tarea Administracion Compensacion/Ejecutar Reporte Planilla/a_Aplicar")): Object: 'Object Repository/Modulo Tarea Administracion Compensacion/Ejecutar Reporte Planilla/a_Aplicar' is clicked on

2022-03-09 12:37:10 - [MESSAGE][PASSED] - Object: 'Object Repository/Modulo Tarea Administracion Compensacion/Ejecutar Reporte Planilla/a_Aplicar' is clicked on

2022-03-09 12:37:10 - [TEST_STEP][PASSED] - waitForElementClickable(findTestObject("Modulo Tarea Administracion Compensacion/Ejecutar Reporte Planilla/span_Reporte_glyphicons glyphicons-article"), 0): Object 'Object Repository/Modulo Tarea Administracion Compensacion/Ejecutar Reporte Planilla/span_Reporte_glyphicons glyphicons-article' is clickable

2022-03-09 12:37:10 - [MESSAGE][WARNING] - Timeout '0' is invalid. Using default page load timeout: '30'

2022-03-09 12:37:11 - [MESSAGE][PASSED] - Object 'Object Repository/Modulo Tarea Administracion Compensacion/Ejecutar Reporte Planilla/span_Reporte_glyphicons glyphicons-article' is clickable

2022-03-09 12:37:11 - [TEST_STEP][PASSED] - click(findTestObject("Modulo Tarea Administracion Compensacion/Ejecutar Reporte Planilla/span_Reporte_glyphicons glyphicons-article")): Object: 'Object Repository/Modulo Tarea Administracion Compensacion/Ejecutar Reporte Planilla/span_Reporte_glyphicons glyphicons-article' is clicked on

2022-03-09 12:37:11 - [MESSAGE][PASSED] - Object: 'Object Repository/Modulo Tarea Administracion Compensacion/Ejecutar Reporte Planilla/span_Reporte_glyphicons glyphicons-article' is clicked on

2022-03-09 12:37:11 - [TEST_STEP][PASSED] - click(findTestObject("Modulo Tarea Administracion Compensacion/Ejecutar Reporte Planilla/label_xlsData")): Object: 'Object Repository/Modulo Tarea Administracion Compensacion/Ejecutar Reporte Planilla/label_xlsData' is clicked on

2022-03-09 12:37:12 - [MESSAGE][PASSED] - Object: 'Object Repository/Modulo Tarea Administracion Compensacion/Ejecutar Reporte Planilla/label_xlsData' is clicked on

2022-03-09 12:37:12 - [TEST_STEP][PASSED] - click(findTestObject("Modulo Tarea Administracion Compensacion/Ejecutar Reporte Planilla/a_Generar Reporte")): Object: 'Object Repository/Modulo Tarea Administracion Compensacion/Ejecutar Reporte Planilla/a_Generar Reporte' is clicked on

2022-03-09 12:37:12 - [MESSAGE][PASSED] - Object: 'Object Repository/Modulo Tarea Administracion Compensacion/Ejecutar Reporte Planilla/a_Generar Reporte' is clicked on

2022-03-09 12:37:12 - [TEST_STEP][PASSED] - waitForElementClickable(findTestObject("Modulo Tarea Administracion Compensacion/Ejecutar Reporte Planilla/a_Descargar"), 0): Object 'Object Repository/Modulo Tarea Administracion Compensacion/Ejecutar Reporte Planilla/a_Descargar' is clickable

2022-03-09 12:37:12 - [MESSAGE][WARNING] - Timeout '0' is invalid. Using default page load timeout: '30'

2022-03-09 12:37:26 - [MESSAGE][PASSED] - Object 'Object Repository/Modulo Tarea Administracion Compensacion/Ejecutar Reporte Planilla/a_Descargar' is clickable

2022-03-09 12:37:26 - [TEST_STEP][PASSED] - click(findTestObject("Modulo Tarea Administracion Compensacion/Ejecutar Reporte Planilla/a_Descargar")): Object: 'Object Repository/Modulo Tarea Administracion Compensacion/Ejecutar Reporte Planilla/a_Descargar' is clicked on

2022-03-09 12:37:27 - [MESSAGE][PASSED] - Object: 'Object Repository/Modulo Tarea Administracion Compensacion/Ejecutar Reporte Planilla/a_Descargar' is clicked on

2022-03-09 12:37:27 - [TEST_STEP][PASSED] - click(findTestObject("Modulo Tarea Administracion Compensacion/Ejecutar Reporte Planilla/a_Periodo Nomina_Cerrar")): Object: 'Object Repository/Modulo Tarea Administracion Compensacion/Ejecutar Reporte Planilla/a_Periodo Nomina_Cerrar' is clicked on

2022-03-09 12:37:28 - [MESSAGE][PASSED] - Object: 'Object Repository/Modulo Tarea Administracion Compensacion/Ejecutar Reporte Planilla/a_Periodo Nomina_Cerrar' is clicked on

2022-03-09 12:37:28 - [TEST_STEP][PASSED] - waitForElementClickable(findTestObject("Modulo Tarea Administracion Compensacion/Ejecutar Reporte Planilla/a_Aplicar"), 0): Object 'Object Repository/Modulo Tarea Administracion Compensacion/Ejecutar Reporte Planilla/a_Aplicar' is clickable

2022-03-09 12:37:28 - [MESSAGE][WARNING] - Timeout '0' is invalid. Using default page load timeout: '30'

2022-03-09 12:37:28 - [MESSAGE][PASSED] - Object 'Object Repository/Modulo Tarea Administracion Compensacion/Ejecutar Reporte Planilla/a_Aplicar' is clickable

2022-03-09 12:37:28 - [TEST_STEP][PASSED] - click(findTestObject("Modulo Tarea Administracion Compensacion/Ejecutar Reporte Planilla/a_Aplicar")): Object: 'Object Repository/Modulo Tarea Administracion Compensacion/Ejecutar Reporte Planilla/a_Aplicar' is clicked on

2022-03-09 12:37:29 - [MESSAGE][PASSED] - Object: 'Object Repository/Modulo Tarea Administracion Compensacion/Ejecutar Reporte Planilla/a_Aplicar' is clicked on

2022-03-09 12:37:29 - [TEST_STEP][PASSED] - waitForElementClickable(findTestObject("Modulo Tarea Administracion Compensacion/Ejecutar Reporte Planilla/span_Reporte_glyphicons glyphicons-article"), 0): Object 'Object Repository/Modulo Tarea Administracion Compensacion/Ejecutar Reporte Planilla/span_Reporte_glyphicons glyphicons-article' is clickable

2022-03-09 12:37:29 - [MESSAGE][WARNING] - Timeout '0' is invalid. Using default page load timeout: '30'

2022-03-09 12:37:30 - [MESSAGE][PASSED] - Object 'Object Repository/Modulo Tarea Administracion Compensacion/Ejecutar Reporte Planilla/span_Reporte_glyphicons glyphicons-article' is clickable

2022-03-09 12:37:30 - [TEST_STEP][PASSED] - click(findTestObject("Modulo Tarea Administracion Compensacion/Ejecutar Reporte Planilla/span_Reporte_glyphicons glyphicons-article")): Object: 'Object Repository/Modulo Tarea Administracion Compensacion/Ejecutar Reporte Planilla/span_Reporte_glyphicons glyphicons-article' is clicked on

2022-03-09 12:37:31 - [MESSAGE][PASSED] - Object: 'Object Repository/Modulo Tarea Administracion Compensacion/Ejecutar Reporte Planilla/span_Reporte_glyphicons glyphicons-article' is clicked on

2022-03-09 12:37:31 - [TEST_STEP][PASSED] - click(findTestObject("Modulo Tarea Administracion Compensacion/Ejecutar Reporte Planilla/label_pdf")): Object: 'Object Repository/Modulo Tarea Administracion Compensacion/Ejecutar Reporte Planilla/label_pdf' is clicked on

2022-03-09 12:37:31 - [MESSAGE][PASSED] - Object: 'Object Repository/Modulo Tarea Administracion Compensacion/Ejecutar Reporte Planilla/label_pdf' is clicked on

2022-03-09 12:37:31 - [TEST_STEP][PASSED] - click(findTestObject("Modulo Tarea Administracion Compensacion/Ejecutar Reporte Planilla/a_Generar Reporte")): Object: 'Object Repository/Modulo Tarea Administracion Compensacion/Ejecutar Reporte Planilla/a_Generar Reporte' is clicked on

2022-03-09 12:37:32 - [MESSAGE][PASSED] - Object: 'Object Repository/Modulo Tarea Administracion Compensacion/Ejecutar Reporte Planilla/a_Generar Reporte' is clicked on

2022-03-09 12:37:32 - [TEST_STEP][PASSED] - waitForElementClickable(findTestObject("Modulo Tarea Administracion Compensacion/Ejecutar Reporte Planilla/a_Descargar"), 0): Object 'Object Repository/Modulo Tarea Administracion Compensacion/Ejecutar Reporte Planilla/a_Descargar' is clickable

2022-03-09 12:37:32 - [MESSAGE][WARNING] - Timeout '0' is invalid. Using default page load timeout: '30'

2022-03-09 12:37:35 - [MESSAGE][PASSED] - Object 'Object Repository/Modulo Tarea Administracion Compensacion/Ejecutar Reporte Planilla/a_Descargar' is clickable

2022-03-09 12:37:35 - [TEST_STEP][PASSED] - click(findTestObject("Modulo Tarea Administracion Compensacion/Ejecutar Reporte Planilla/a_Descargar")): Object: 'Object Repository/Modulo Tarea Administracion Compensacion/Ejecutar Reporte Planilla/a_Descargar' is clicked on

2022-03-09 12:37:36 - [MESSAGE][PASSED] - Object: 'Object Repository/Modulo Tarea Administracion Compensacion/Ejecutar Reporte Planilla/a_Descargar' is clicked on

2022-03-09 12:37:36 - [TEST_STEP][PASSED] - click(findTestObject("Modulo Tarea Administracion Compensacion/Ejecutar Reporte Planilla/a_Periodo Nomina_Cerrar")): Object: 'Object Repository/Modulo Tarea Administracion Compensacion/Ejecutar Reporte Planilla/a_Periodo Nomina_Cerrar' is clicked on

2022-03-09 12:37:37 - [MESSAGE][PASSED] - Object: 'Object Repository/Modulo Tarea Administracion Compensacion/Ejecutar Reporte Planilla/a_Periodo Nomina_Cerrar' is clicked on

2022-03-09 12:37:37 - [TEST_STEP][PASSED] - waitForElementClickable(findTestObject("Modulo Tarea Administracion Compensacion/Ejecutar Reporte Planilla/input_Actos Administrativos_ejecutarReporte"), 0): Object 'Object Repository/Modulo Tarea Administracion Compensacion/Ejecutar Reporte Planilla/input_Actos Administrativos_ejecutarReporte' is clickable

2022-03-09 12:37:37 - [MESSAGE][WARNING] - Timeout '0' is invalid. Using default page load timeout: '30'

2022-03-09 12:37:37 - [MESSAGE][PASSED] - Object 'Object Repository/Modulo Tarea Administracion Compensacion/Ejecutar Reporte Planilla/input_Actos Administrativos_ejecutarReporte' is clickable

2022-03-09 12:37:37 - [TEST_STEP][PASSED] - setText(findTestObject("Modulo Tarea Administracion Compensacion/Ejecutar Reporte Planilla/input_Actos Administrativos_ejecutarReporte"), "CMT - ACUMULADO MENSUAL CONCEPTOS DE NOMINA (PAGADO)"): Text 'CMT - ACUMULADO MENSUAL CONCEPTOS DE NOMINA (PAGADO)' is set on object 'Object Repository/Modulo Tarea Administracion Compensacion/Ejecutar Reporte Planilla/input_Actos Administrativos_ejecutarReporte'

2022-03-09 12:37:38 - [MESSAGE][PASSED] - Text 'CMT - ACUMULADO MENSUAL CONCEPTOS DE NOMINA (PAGADO)' is set on object 'Object Repository/Modulo Tarea Administracion Compensacion/Ejecutar Reporte Planilla/input_Actos Administrativos_ejecutarReporte'

2022-03-09 12:37:38 - [TEST_STEP][PASSED] - click(findTestObject("Modulo Tarea Administracion Compensacion/Ejecutar Reporte Planilla/a_Actos Administrativos_ejecutarReportePlanillaj_idt61")): Object: 'Object Repository/Modulo Tarea Administracion Compensacion/Ejecutar Reporte Planilla/a_Actos Administrativos_ejecutarReportePlanillaj_idt61' is clicked on

2022-03-09 12:37:39 - [MESSAGE][PASSED] - Object: 'Object Repository/Modulo Tarea Administracion Compensacion/Ejecutar Reporte Planilla/a_Actos Administrativos_ejecutarReportePlanillaj_idt61' is clicked on

2022-03-09 12:37:39 - [TEST_STEP][PASSED] - click(findTestObject("Modulo Tarea Administracion Compensacion/Ejecutar Reporte Planilla/a_Actos Administrativos_ejecutarReportePlanillaj_idt61")): Object: 'Object Repository/Modulo Tarea Administracion Compensacion/Ejecutar Reporte Planilla/a_Actos Administrativos_ejecutarReportePlanillaj_idt61' is clicked on

2022-03-09 12:37:39 - [MESSAGE][PASSED] - Object: 'Object Repository/Modulo Tarea Administracion Compensacion/Ejecutar Reporte Planilla/a_Actos Administrativos_ejecutarReportePlanillaj_idt61' is clicked on

2022-03-09 12:37:39 - [TEST_STEP][PASSED] - waitForElementClickable(findTestObject("Modulo Tarea Administracion Compensacion/Ejecutar Reporte Planilla/td_CNC- CONSOLIDADO PERIODO DE NOMINA POR LINEA CCOSTO"), 0): Object 'Object Repository/Modulo Tarea Administracion Compensacion/Ejecutar Reporte Planilla/td_CNC- CONSOLIDADO PERIODO DE NOMINA POR LINEA CCOSTO' is clickable

2022-03-09 12:37:39 - [MESSAGE][WARNING] - Timeout '0' is invalid. Using default page load timeout: '30'

2022-03-09 12:37:40 - [MESSAGE][PASSED] - Object 'Object Repository/Modulo Tarea Administracion Compensacion/Ejecutar Reporte Planilla/td_CNC- CONSOLIDADO PERIODO DE NOMINA POR LINEA CCOSTO' is clickable

2022-03-09 12:37:40 - [TEST_STEP][PASSED] - click(findTestObject("Modulo Tarea Administracion Compensacion/Ejecutar Reporte Planilla/td_CNC- CONSOLIDADO PERIODO DE NOMINA POR LINEA CCOSTO")): Object: 'Object Repository/Modulo Tarea Administracion Compensacion/Ejecutar Reporte Planilla/td_CNC- CONSOLIDADO PERIODO DE NOMINA POR LINEA CCOSTO' is clicked on

2022-03-09 12:37:40 - [MESSAGE][PASSED] - Object: 'Object Repository/Modulo Tarea Administracion Compensacion/Ejecutar Reporte Planilla/td_CNC- CONSOLIDADO PERIODO DE NOMINA POR LINEA CCOSTO' is clicked on

2022-03-09 12:37:40 - [TEST_STEP][PASSED] - setText(findTestObject("Modulo Tarea Administracion Compensacion/Ejecutar Reporte Planilla/input_Rango Fechas_ejecutarReportePlanillafechaInicio_input"), "01/07/2021"): Text '01/07/2021' is set on object 'Object Repository/Modulo Tarea Administracion Compensacion/Ejecutar Reporte Planilla/input_Rango Fechas_ejecutarReportePlanillafechaInicio_input'

2022-03-09 12:37:41 - [MESSAGE][PASSED] - Text '01/07/2021' is set on object 'Object Repository/Modulo Tarea Administracion Compensacion/Ejecutar Reporte Planilla/input_Rango Fechas_ejecutarReportePlanillafechaInicio_input'

2022-03-09 12:37:41 - [TEST_STEP][PASSED] - setText(findTestObject("Modulo Tarea Administracion Compensacion/Ejecutar Reporte Planilla/input_Rango Fechas_ejecutarReportePlanillafechaFinal_input"), "30/07/2021"): Text '30/07/2021' is set on object 'Object Repository/Modulo Tarea Administracion Compensacion/Ejecutar Reporte Planilla/input_Rango Fechas_ejecutarReportePlanillafechaFinal_input'

2022-03-09 12:37:42 - [MESSAGE][PASSED] - Text '30/07/2021' is set on object 'Object Repository/Modulo Tarea Administracion Compensacion/Ejecutar Reporte Planilla/input_Rango Fechas_ejecutarReportePlanillafechaFinal_input'

2022-03-09 12:37:42 - [TEST_STEP][PASSED] - click(findTestObject("Modulo Tarea Administracion Compensacion/Ejecutar Reporte Planilla/a_Aplicar")): Object: 'Object Repository/Modulo Tarea Administracion Compensacion/Ejecutar Reporte Planilla/a_Aplicar' is clicked on

2022-03-09 12:37:43 - [MESSAGE][PASSED] - Object: 'Object Repository/Modulo Tarea Administracion Compensacion/Ejecutar Reporte Planilla/a_Aplicar' is clicked on

2022-03-09 12:37:43 - [TEST_STEP][PASSED] - waitForElementClickable(findTestObject("Modulo Tarea Administracion Compensacion/Ejecutar Reporte Planilla/span_Reporte_glyphicons glyphicons-article"), 0): Object 'Object Repository/Modulo Tarea Administracion Compensacion/Ejecutar Reporte Planilla/span_Reporte_glyphicons glyphicons-article' is clickable

2022-03-09 12:37:43 - [MESSAGE][WARNING] - Timeout '0' is invalid. Using default page load timeout: '30'

2022-03-09 12:37:46 - [MESSAGE][PASSED] - Object 'Object Repository/Modulo Tarea Administracion Compensacion/Ejecutar Reporte Planilla/span_Reporte_glyphicons glyphicons-article' is clickable

2022-03-09 12:37:46 - [TEST_STEP][PASSED] - click(findTestObject("Modulo Tarea Administracion Compensacion/Ejecutar Reporte Planilla/span_Reporte_glyphicons glyphicons-article")): Object: 'Object Repository/Modulo Tarea Administracion Compensacion/Ejecutar Reporte Planilla/span_Reporte_glyphicons glyphicons-article' is clicked on

2022-03-09 12:37:46 - [MESSAGE][PASSED] - Object: 'Object Repository/Modulo Tarea Administracion Compensacion/Ejecutar Reporte Planilla/span_Reporte_glyphicons glyphicons-article' is clicked on

2022-03-09 12:37:46 - [TEST_STEP][PASSED] - click(findTestObject("Modulo Tarea Administracion Compensacion/Ejecutar Reporte Planilla/label_xlsData")): Object: 'Object Repository/Modulo Tarea Administracion Compensacion/Ejecutar Reporte Planilla/label_xlsData' is clicked on

2022-03-09 12:37:47 - [MESSAGE][PASSED] - Object: 'Object Repository/Modulo Tarea Administracion Compensacion/Ejecutar Reporte Planilla/label_xlsData' is clicked on

2022-03-09 12:37:47 - [TEST_STEP][PASSED] - click(findTestObject("Modulo Tarea Administracion Compensacion/Ejecutar Reporte Planilla/a_Generar Reporte")): Object: 'Object Repository/Modulo Tarea Administracion Compensacion/Ejecutar Reporte Planilla/a_Generar Reporte' is clicked on

2022-03-09 12:37:48 - [MESSAGE][PASSED] - Object: 'Object Repository/Modulo Tarea Administracion Compensacion/Ejecutar Reporte Planilla/a_Generar Reporte' is clicked on

2022-03-09 12:37:48 - [TEST_STEP][PASSED] - waitForElementClickable(findTestObject("Modulo Tarea Administracion Compensacion/Ejecutar Reporte Planilla/a_Descargar"), 0): Object 'Object Repository/Modulo Tarea Administracion Compensacion/Ejecutar Reporte Planilla/a_Descargar' is clickable

2022-03-09 12:37:48 - [MESSAGE][WARNING] - Timeout '0' is invalid. Using default page load timeout: '30'

2022-03-09 12:37:50 - [MESSAGE][PASSED] - Object 'Object Repository/Modulo Tarea Administracion Compensacion/Ejecutar Reporte Planilla/a_Descargar' is clickable

2022-03-09 12:37:50 - [TEST_STEP][PASSED] - click(findTestObject("Modulo Tarea Administracion Compensacion/Ejecutar Reporte Planilla/a_Descargar")): Object: 'Object Repository/Modulo Tarea Administracion Compensacion/Ejecutar Reporte Planilla/a_Descargar' is clicked on

2022-03-09 12:37:51 - [MESSAGE][PASSED] - Object: 'Object Repository/Modulo Tarea Administracion Compensacion/Ejecutar Reporte Planilla/a_Descargar' is clicked on

2022-03-09 12:37:51 - [TEST_STEP][PASSED] - click(findTestObject("Modulo Tarea Administracion Compensacion/Ejecutar Reporte Planilla/a_Periodo Nomina_Cerrar")): Object: 'Object Repository/Modulo Tarea Administracion Compensacion/Ejecutar Reporte Planilla/a_Periodo Nomina_Cerrar' is clicked on

2022-03-09 12:37:53 - [MESSAGE][PASSED] - Object: 'Object Repository/Modulo Tarea Administracion Compensacion/Ejecutar Reporte Planilla/a_Periodo Nomina_Cerrar' is clicked on

2022-03-09 12:37:53 - [TEST_STEP][PASSED] - waitForElementClickable(findTestObject("Modulo Tarea Administracion Compensacion/Ejecutar Reporte Planilla/a_Aplicar"), 0): Object 'Object Repository/Modulo Tarea Administracion Compensacion/Ejecutar Reporte Planilla/a_Aplicar' is clickable

2022-03-09 12:37:53 - [MESSAGE][WARNING] - Timeout '0' is invalid. Using default page load timeout: '30'

2022-03-09 12:37:54 - [MESSAGE][PASSED] - Object 'Object Repository/Modulo Tarea Administracion Compensacion/Ejecutar Reporte Planilla/a_Aplicar' is clickable

2022-03-09 12:37:54 - [TEST_STEP][PASSED] - click(findTestObject("Modulo Tarea Administracion Compensacion/Ejecutar Reporte Planilla/a_Aplicar")): Object: 'Object Repository/Modulo Tarea Administracion Compensacion/Ejecutar Reporte Planilla/a_Aplicar' is clicked on

2022-03-09 12:37:55 - [MESSAGE][PASSED] - Object: 'Object Repository/Modulo Tarea Administracion Compensacion/Ejecutar Reporte Planilla/a_Aplicar' is clicked on

2022-03-09 12:37:55 - [TEST_STEP][PASSED] - waitForElementClickable(findTestObject("Modulo Tarea Administracion Compensacion/Ejecutar Reporte Planilla/span_Reporte_glyphicons glyphicons-article"), 0): Object 'Object Repository/Modulo Tarea Administracion Compensacion/Ejecutar Reporte Planilla/span_Reporte_glyphicons glyphicons-article' is clickable

2022-03-09 12:37:55 - [MESSAGE][WARNING] - Timeout '0' is invalid. Using default page load timeout: '30'

2022-03-09 12:37:56 - [MESSAGE][PASSED] - Object 'Object Repository/Modulo Tarea Administracion Compensacion/Ejecutar Reporte Planilla/span_Reporte_glyphicons glyphicons-article' is clickable

2022-03-09 12:37:56 - [TEST_STEP][PASSED] - click(findTestObject("Modulo Tarea Administracion Compensacion/Ejecutar Reporte Planilla/span_Reporte_glyphicons glyphicons-article")): Object: 'Object Repository/Modulo Tarea Administracion Compensacion/Ejecutar Reporte Planilla/span_Reporte_glyphicons glyphicons-article' is clicked on

2022-03-09 12:37:57 - [MESSAGE][PASSED] - Object: 'Object Repository/Modulo Tarea Administracion Compensacion/Ejecutar Reporte Planilla/span_Reporte_glyphicons glyphicons-article' is clicked on

2022-03-09 12:37:57 - [TEST_STEP][PASSED] - click(findTestObject("Modulo Tarea Administracion Compensacion/Ejecutar Reporte Planilla/label_pdf")): Object: 'Object Repository/Modulo Tarea Administracion Compensacion/Ejecutar Reporte Planilla/label_pdf' is clicked on

2022-03-09 12:37:57 - [MESSAGE][PASSED] - Object: 'Object Repository/Modulo Tarea Administracion Compensacion/Ejecutar Reporte Planilla/label_pdf' is clicked on

2022-03-09 12:37:57 - [TEST_STEP][PASSED] - click(findTestObject("Modulo Tarea Administracion Compensacion/Ejecutar Reporte Planilla/a_Generar Reporte")): Object: 'Object Repository/Modulo Tarea Administracion Compensacion/Ejecutar Reporte Planilla/a_Generar Reporte' is clicked on

2022-03-09 12:37:58 - [MESSAGE][PASSED] - Object: 'Object Repository/Modulo Tarea Administracion Compensacion/Ejecutar Reporte Planilla/a_Generar Reporte' is clicked on

2022-03-09 12:37:58 - [TEST_STEP][PASSED] - waitForElementClickable(findTestObject("Modulo Tarea Administracion Compensacion/Ejecutar Reporte Planilla/a_Descargar"), 0): Object 'Object Repository/Modulo Tarea Administracion Compensacion/Ejecutar Reporte Planilla/a_Descargar' is clickable

2022-03-09 12:37:58 - [MESSAGE][WARNING] - Timeout '0' is invalid. Using default page load timeout: '30'

2022-03-09 12:37:59 - [MESSAGE][PASSED] - Object 'Object Repository/Modulo Tarea Administracion Compensacion/Ejecutar Reporte Planilla/a_Descargar' is clickable

2022-03-09 12:37:59 - [TEST_STEP][PASSED] - click(findTestObject("Modulo Tarea Administracion Compensacion/Ejecutar Reporte Planilla/a_Descargar")): Object: 'Object Repository/Modulo Tarea Administracion Compensacion/Ejecutar Reporte Planilla/a_Descargar' is clicked on

2022-03-09 12:38:00 - [MESSAGE][PASSED] - Object: 'Object Repository/Modulo Tarea Administracion Compensacion/Ejecutar Reporte Planilla/a_Descargar' is clicked on

2022-03-09 12:38:00 - [TEST_STEP][PASSED] - click(findTestObject("Modulo Tarea Administracion Compensacion/Ejecutar Reporte Planilla/a_Periodo Nomina_Cerrar")): Object: 'Object Repository/Modulo Tarea Administracion Compensacion/Ejecutar Reporte Planilla/a_Periodo Nomina_Cerrar' is clicked on

2022-03-09 12:38:01 - [MESSAGE][PASSED] - Object: 'Object Repository/Modulo Tarea Administracion Compensacion/Ejecutar Reporte Planilla/a_Periodo Nomina_Cerrar' is clicked on

2022-03-09 12:38:01 - [TEST_STEP][PASSED] - setText(findTestObject("Modulo Tarea Administracion Compensacion/Ejecutar Reporte Planilla/input_Actos Administrativos_ejecutarReporte"), "CMEZ - ACUMULADO MENSUAL CONCEPTOS NOMINA POR EMPLEADO (PAGADO)"): Text 'CMEZ - ACUMULADO MENSUAL CONCEPTOS NOMINA POR EMPLEADO (PAGADO)' is set on object 'Object Repository/Modulo Tarea Administracion Compensacion/Ejecutar Reporte Planilla/input_Actos Administrativos_ejecutarReporte'

2022-03-09 12:38:03 - [MESSAGE][PASSED] - Text 'CMEZ - ACUMULADO MENSUAL CONCEPTOS NOMINA POR EMPLEADO (PAGADO)' is set on object 'Object Repository/Modulo Tarea Administracion Compensacion/Ejecutar Reporte Planilla/input_Actos Administrativos_ejecutarReporte'

2022-03-09 12:38:03 - [TEST_STEP][PASSED] - click(findTestObject("Modulo Tarea Administracion Compensacion/Ejecutar Reporte Planilla/a_Actos Administrativos_ejecutarReportePlanillaj_idt61")): Object: 'Object Repository/Modulo Tarea Administracion Compensacion/Ejecutar Reporte Planilla/a_Actos Administrativos_ejecutarReportePlanillaj_idt61' is clicked on

2022-03-09 12:38:03 - [MESSAGE][PASSED] - Object: 'Object Repository/Modulo Tarea Administracion Compensacion/Ejecutar Reporte Planilla/a_Actos Administrativos_ejecutarReportePlanillaj_idt61' is clicked on

2022-03-09 12:38:03 - [TEST_STEP][PASSED] - click(findTestObject("Modulo Tarea Administracion Compensacion/Ejecutar Reporte Planilla/a_Actos Administrativos_ejecutarReportePlanillaj_idt61")): Object: 'Object Repository/Modulo Tarea Administracion Compensacion/Ejecutar Reporte Planilla/a_Actos Administrativos_ejecutarReportePlanillaj_idt61' is clicked on

2022-03-09 12:38:04 - [MESSAGE][PASSED] - Object: 'Object Repository/Modulo Tarea Administracion Compensacion/Ejecutar Reporte Planilla/a_Actos Administrativos_ejecutarReportePlanillaj_idt61' is clicked on

2022-03-09 12:38:04 - [TEST_STEP][PASSED] - waitForElementClickable(findTestObject("Modulo Tarea Administracion Compensacion/Ejecutar Reporte Planilla/td_CNC- CONSOLIDADO PERIODO DE NOMINA POR LINEA CCOSTO"), 0): Object 'Object Repository/Modulo Tarea Administracion Compensacion/Ejecutar Reporte Planilla/td_CNC- CONSOLIDADO PERIODO DE NOMINA POR LINEA CCOSTO' is clickable

2022-03-09 12:38:04 - [MESSAGE][WARNING] - Timeout '0' is invalid. Using default page load timeout: '30'

2022-03-09 12:38:05 - [MESSAGE][PASSED] - Object 'Object Repository/Modulo Tarea Administracion Compensacion/Ejecutar Reporte Planilla/td_CNC- CONSOLIDADO PERIODO DE NOMINA POR LINEA CCOSTO' is clickable

2022-03-09 12:38:05 - [TEST_STEP][PASSED] - click(findTestObject("Modulo Tarea Administracion Compensacion/Ejecutar Reporte Planilla/td_CNC- CONSOLIDADO PERIODO DE NOMINA POR LINEA CCOSTO")): Object: 'Object Repository/Modulo Tarea Administracion Compensacion/Ejecutar Reporte Planilla/td_CNC- CONSOLIDADO PERIODO DE NOMINA POR LINEA CCOSTO' is clicked on

2022-03-09 12:38:05 - [MESSAGE][PASSED] - Object: 'Object Repository/Modulo Tarea Administracion Compensacion/Ejecutar Reporte Planilla/td_CNC- CONSOLIDADO PERIODO DE NOMINA POR LINEA CCOSTO' is clicked on

2022-03-09 12:38:05 - [TEST_STEP][PASSED] - setText(findTestObject("Modulo Tarea Administracion Compensacion/Ejecutar Reporte Planilla/input_Rango Fechas_ejecutarReportePlanillafechaInicio_input"), "01/07/2021"): Text '01/07/2021' is set on object 'Object Repository/Modulo Tarea Administracion Compensacion/Ejecutar Reporte Planilla/input_Rango Fechas_ejecutarReportePlanillafechaInicio_input'

2022-03-09 12:38:07 - [MESSAGE][PASSED] - Text '01/07/2021' is set on object 'Object Repository/Modulo Tarea Administracion Compensacion/Ejecutar Reporte Planilla/input_Rango Fechas_ejecutarReportePlanillafechaInicio_input'

2022-03-09 12:38:07 - [TEST_STEP][PASSED] - setText(findTestObject("Modulo Tarea Administracion Compensacion/Ejecutar Reporte Planilla/input_Rango Fechas_ejecutarReportePlanillafechaFinal_input"), "30/07/2021"): Text '30/07/2021' is set on object 'Object Repository/Modulo Tarea Administracion Compensacion/Ejecutar Reporte Planilla/input_Rango Fechas_ejecutarReportePlanillafechaFinal_input'

2022-03-09 12:38:08 - [MESSAGE][PASSED] - Text '30/07/2021' is set on object 'Object Repository/Modulo Tarea Administracion Compensacion/Ejecutar Reporte Planilla/input_Rango Fechas_ejecutarReportePlanillafechaFinal_input'

2022-03-09 12:38:08 - [TEST_STEP][PASSED] - click(findTestObject("Modulo Tarea Administracion Compensacion/Ejecutar Reporte Planilla/a_Aplicar")): Object: 'Object Repository/Modulo Tarea Administracion Compensacion/Ejecutar Reporte Planilla/a_Aplicar' is clicked on

2022-03-09 12:38:09 - [MESSAGE][PASSED] - Object: 'Object Repository/Modulo Tarea Administracion Compensacion/Ejecutar Reporte Planilla/a_Aplicar' is clicked on

2022-03-09 12:38:09 - [TEST_STEP][PASSED] - waitForElementClickable(findTestObject("Modulo Tarea Administracion Compensacion/Ejecutar Reporte Planilla/span_Reporte_glyphicons glyphicons-article"), 0): Object 'Object Repository/Modulo Tarea Administracion Compensacion/Ejecutar Reporte Planilla/span_Reporte_glyphicons glyphicons-article' is clickable

2022-03-09 12:38:09 - [MESSAGE][WARNING] - Timeout '0' is invalid. Using default page load timeout: '30'

2022-03-09 12:38:11 - [MESSAGE][PASSED] - Object 'Object Repository/Modulo Tarea Administracion Compensacion/Ejecutar Reporte Planilla/span_Reporte_glyphicons glyphicons-article' is clickable

2022-03-09 12:38:11 - [TEST_STEP][PASSED] - click(findTestObject("Modulo Tarea Administracion Compensacion/Ejecutar Reporte Planilla/span_Reporte_glyphicons glyphicons-article")): Object: 'Object Repository/Modulo Tarea Administracion Compensacion/Ejecutar Reporte Planilla/span_Reporte_glyphicons glyphicons-article' is clicked on

2022-03-09 12:38:11 - [MESSAGE][PASSED] - Object: 'Object Repository/Modulo Tarea Administracion Compensacion/Ejecutar Reporte Planilla/span_Reporte_glyphicons glyphicons-article' is clicked on

2022-03-09 12:38:11 - [TEST_STEP][PASSED] - click(findTestObject("Modulo Tarea Administracion Compensacion/Ejecutar Reporte Planilla/label_xlsData")): Object: 'Object Repository/Modulo Tarea Administracion Compensacion/Ejecutar Reporte Planilla/label_xlsData' is clicked on

2022-03-09 12:38:11 - [MESSAGE][PASSED] - Object: 'Object Repository/Modulo Tarea Administracion Compensacion/Ejecutar Reporte Planilla/label_xlsData' is clicked on

2022-03-09 12:38:11 - [TEST_STEP][PASSED] - click(findTestObject("Modulo Tarea Administracion Compensacion/Ejecutar Reporte Planilla/a_Generar Reporte")): Object: 'Object Repository/Modulo Tarea Administracion Compensacion/Ejecutar Reporte Planilla/a_Generar Reporte' is clicked on

2022-03-09 12:38:12 - [MESSAGE][PASSED] - Object: 'Object Repository/Modulo Tarea Administracion Compensacion/Ejecutar Reporte Planilla/a_Generar Reporte' is clicked on

2022-03-09 12:38:12 - [TEST_STEP][PASSED] - waitForElementClickable(findTestObject("Modulo Tarea Administracion Compensacion/Ejecutar Reporte Planilla/a_Descargar"), 0): Object 'Object Repository/Modulo Tarea Administracion Compensacion/Ejecutar Reporte Planilla/a_Descargar' is clickable

2022-03-09 12:38:12 - [MESSAGE][WARNING] - Timeout '0' is invalid. Using default page load timeout: '30'

2022-03-09 12:38:13 - [MESSAGE][PASSED] - Object 'Object Repository/Modulo Tarea Administracion Compensacion/Ejecutar Reporte Planilla/a_Descargar' is clickable

2022-03-09 12:38:13 - [TEST_STEP][PASSED] - click(findTestObject("Modulo Tarea Administracion Compensacion/Ejecutar Reporte Planilla/a_Descargar")): Object: 'Object Repository/Modulo Tarea Administracion Compensacion/Ejecutar Reporte Planilla/a_Descargar' is clicked on

2022-03-09 12:38:14 - [MESSAGE][PASSED] - Object: 'Object Repository/Modulo Tarea Administracion Compensacion/Ejecutar Reporte Planilla/a_Descargar' is clicked on

2022-03-09 12:38:14 - [TEST_STEP][PASSED] - click(findTestObject("Modulo Tarea Administracion Compensacion/Ejecutar Reporte Planilla/a_Periodo Nomina_Cerrar")): Object: 'Object Repository/Modulo Tarea Administracion Compensacion/Ejecutar Reporte Planilla/a_Periodo Nomina_Cerrar' is clicked on

2022-03-09 12:38:15 - [MESSAGE][PASSED] - Object: 'Object Repository/Modulo Tarea Administracion Compensacion/Ejecutar Reporte Planilla/a_Periodo Nomina_Cerrar' is clicked on

2022-03-09 12:38:15 - [TEST_STEP][PASSED] - waitForElementClickable(findTestObject("Modulo Tarea Administracion Compensacion/Ejecutar Reporte Planilla/a_Aplicar"), 0): Object 'Object Repository/Modulo Tarea Administracion Compensacion/Ejecutar Reporte Planilla/a_Aplicar' is clickable

2022-03-09 12:38:15 - [MESSAGE][WARNING] - Timeout '0' is invalid. Using default page load timeout: '30'

2022-03-09 12:38:15 - [MESSAGE][PASSED] - Object 'Object Repository/Modulo Tarea Administracion Compensacion/Ejecutar Reporte Planilla/a_Aplicar' is clickable

2022-03-09 12:38:15 - [TEST_STEP][PASSED] - click(findTestObject("Modulo Tarea Administracion Compensacion/Ejecutar Reporte Planilla/a_Aplicar")): Object: 'Object Repository/Modulo Tarea Administracion Compensacion/Ejecutar Reporte Planilla/a_Aplicar' is clicked on

2022-03-09 12:38:16 - [MESSAGE][PASSED] - Object: 'Object Repository/Modulo Tarea Administracion Compensacion/Ejecutar Reporte Planilla/a_Aplicar' is clicked on

2022-03-09 12:38:16 - [TEST_STEP][PASSED] - waitForElementClickable(findTestObject("Modulo Tarea Administracion Compensacion/Ejecutar Reporte Planilla/span_Reporte_glyphicons glyphicons-article"), 0): Object 'Object Repository/Modulo Tarea Administracion Compensacion/Ejecutar Reporte Planilla/span_Reporte_glyphicons glyphicons-article' is clickable

2022-03-09 12:38:16 - [MESSAGE][WARNING] - Timeout '0' is invalid. Using default page load timeout: '30'

2022-03-09 12:38:18 - [MESSAGE][PASSED] - Object 'Object Repository/Modulo Tarea Administracion Compensacion/Ejecutar Reporte Planilla/span_Reporte_glyphicons glyphicons-article' is clickable

2022-03-09 12:38:18 - [TEST_STEP][PASSED] - click(findTestObject("Modulo Tarea Administracion Compensacion/Ejecutar Reporte Planilla/span_Reporte_glyphicons glyphicons-article")): Object: 'Object Repository/Modulo Tarea Administracion Compensacion/Ejecutar Reporte Planilla/span_Reporte_glyphicons glyphicons-article' is clicked on

2022-03-09 12:38:18 - [MESSAGE][PASSED] - Object: 'Object Repository/Modulo Tarea Administracion Compensacion/Ejecutar Reporte Planilla/span_Reporte_glyphicons glyphicons-article' is clicked on

2022-03-09 12:38:18 - [TEST_STEP][PASSED] - click(findTestObject("Modulo Tarea Administracion Compensacion/Ejecutar Reporte Planilla/label_pdf")): Object: 'Object Repository/Modulo Tarea Administracion Compensacion/Ejecutar Reporte Planilla/label_pdf' is clicked on

2022-03-09 12:38:18 - [MESSAGE][PASSED] - Object: 'Object Repository/Modulo Tarea Administracion Compensacion/Ejecutar Reporte Planilla/label_pdf' is clicked on

2022-03-09 12:38:18 - [TEST_STEP][PASSED] - click(findTestObject("Modulo Tarea Administracion Compensacion/Ejecutar Reporte Planilla/a_Generar Reporte")): Object: 'Object Repository/Modulo Tarea Administracion Compensacion/Ejecutar Reporte Planilla/a_Generar Reporte' is clicked on

2022-03-09 12:38:19 - [MESSAGE][PASSED] - Object: 'Object Repository/Modulo Tarea Administracion Compensacion/Ejecutar Reporte Planilla/a_Generar Reporte' is clicked on

2022-03-09 12:38:19 - [TEST_STEP][PASSED] - waitForElementClickable(findTestObject("Modulo Tarea Administracion Compensacion/Ejecutar Reporte Planilla/a_Descargar"), 0): Object 'Object Repository/Modulo Tarea Administracion Compensacion/Ejecutar Reporte Planilla/a_Descargar' is clickable

2022-03-09 12:38:19 - [MESSAGE][WARNING] - Timeout '0' is invalid. Using default page load timeout: '30'

2022-03-09 12:38:20 - [MESSAGE][PASSED] - Object 'Object Repository/Modulo Tarea Administracion Compensacion/Ejecutar Reporte Planilla/a_Descargar' is clickable

2022-03-09 12:38:20 - [TEST_STEP][PASSED] - click(findTestObject("Modulo Tarea Administracion Compensacion/Ejecutar Reporte Planilla/a_Descargar")): Object: 'Object Repository/Modulo Tarea Administracion Compensacion/Ejecutar Reporte Planilla/a_Descargar' is clicked on

2022-03-09 12:38:21 - [MESSAGE][PASSED] - Object: 'Object Repository/Modulo Tarea Administracion Compensacion/Ejecutar Reporte Planilla/a_Descargar' is clicked on

2022-03-09 12:38:21 - [TEST_STEP][PASSED] - click(findTestObject("Modulo Tarea Administracion Compensacion/Ejecutar Reporte Planilla/a_Periodo Nomina_Cerrar")): Object: 'Object Repository/Modulo Tarea Administracion Compensacion/Ejecutar Reporte Planilla/a_Periodo Nomina_Cerrar' is clicked on

2022-03-09 12:38:22 - [MESSAGE][PASSED] - Object: 'Object Repository/Modulo Tarea Administracion Compensacion/Ejecutar Reporte Planilla/a_Periodo Nomina_Cerrar' is clicked on

2022-03-09 12:38:22 - [TEST_STEP][PASSED] - setText(findTestObject("Modulo Tarea Administracion Compensacion/Ejecutar Reporte Planilla/input_Actos Administrativos_ejecutarReporte"), "ACE - ACUMULADO MENSUAL CONCEPTOS DE NOMINA (PAGADO)"): Text 'ACE - ACUMULADO MENSUAL CONCEPTOS DE NOMINA (PAGADO)' is set on object 'Object Repository/Modulo Tarea Administracion Compensacion/Ejecutar Reporte Planilla/input_Actos Administrativos_ejecutarReporte'

2022-03-09 12:38:24 - [MESSAGE][PASSED] - Text 'ACE - ACUMULADO MENSUAL CONCEPTOS DE NOMINA (PAGADO)' is set on object 'Object Repository/Modulo Tarea Administracion Compensacion/Ejecutar Reporte Planilla/input_Actos Administrativos_ejecutarReporte'

2022-03-09 12:38:24 - [TEST_STEP][PASSED] - click(findTestObject("Modulo Tarea Administracion Compensacion/Ejecutar Reporte Planilla/a_Actos Administrativos_ejecutarReportePlanillaj_idt61")): Object: 'Object Repository/Modulo Tarea Administracion Compensacion/Ejecutar Reporte Planilla/a_Actos Administrativos_ejecutarReportePlanillaj_idt61' is clicked on

2022-03-09 12:38:24 - [MESSAGE][PASSED] - Object: 'Object Repository/Modulo Tarea Administracion Compensacion/Ejecutar Reporte Planilla/a_Actos Administrativos_ejecutarReportePlanillaj_idt61' is clicked on

2022-03-09 12:38:24 - [TEST_STEP][PASSED] - click(findTestObject("Modulo Tarea Administracion Compensacion/Ejecutar Reporte Planilla/a_Actos Administrativos_ejecutarReportePlanillaj_idt61")): Object: 'Object Repository/Modulo Tarea Administracion Compensacion/Ejecutar Reporte Planilla/a_Actos Administrativos_ejecutarReportePlanillaj_idt61' is clicked on

2022-03-09 12:38:25 - [MESSAGE][PASSED] - Object: 'Object Repository/Modulo Tarea Administracion Compensacion/Ejecutar Reporte Planilla/a_Actos Administrativos_ejecutarReportePlanillaj_idt61' is clicked on

2022-03-09 12:38:25 - [TEST_STEP][PASSED] - waitForElementClickable(findTestObject("Modulo Tarea Administracion Compensacion/Ejecutar Reporte Planilla/td_CNC- CONSOLIDADO PERIODO DE NOMINA POR LINEA CCOSTO"), 0): Object 'Object Repository/Modulo Tarea Administracion Compensacion/Ejecutar Reporte Planilla/td_CNC- CONSOLIDADO PERIODO DE NOMINA POR LINEA CCOSTO' is clickable

2022-03-09 12:38:25 - [MESSAGE][WARNING] - Timeout '0' is invalid. Using default page load timeout: '30'

2022-03-09 12:38:27 - [MESSAGE][PASSED] - Object 'Object Repository/Modulo Tarea Administracion Compensacion/Ejecutar Reporte Planilla/td_CNC- CONSOLIDADO PERIODO DE NOMINA POR LINEA CCOSTO' is clickable

2022-03-09 12:38:27 - [TEST_STEP][PASSED] - click(findTestObject("Modulo Tarea Administracion Compensacion/Ejecutar Reporte Planilla/td_CNC- CONSOLIDADO PERIODO DE NOMINA POR LINEA CCOSTO")): Object: 'Object Repository/Modulo Tarea Administracion Compensacion/Ejecutar Reporte Planilla/td_CNC- CONSOLIDADO PERIODO DE NOMINA POR LINEA CCOSTO' is clicked on

2022-03-09 12:38:28 - [MESSAGE][PASSED] - Object: 'Object Repository/Modulo Tarea Administracion Compensacion/Ejecutar Reporte Planilla/td_CNC- CONSOLIDADO PERIODO DE NOMINA POR LINEA CCOSTO' is clicked on

2022-03-09 12:38:28 - [TEST_STEP][PASSED] - setText(findTestObject("Modulo Tarea Administracion Compensacion/Ejecutar Reporte Planilla/input_Rango Fechas_ejecutarReportePlanillafechaInicio_input"), "01/11/2018"): Text '01/11/2018' is set on object 'Object Repository/Modulo Tarea Administracion Compensacion/Ejecutar Reporte Planilla/input_Rango Fechas_ejecutarReportePlanillafechaInicio_input'

2022-03-09 12:38:29 - [MESSAGE][PASSED] - Text '01/11/2018' is set on object 'Object Repository/Modulo Tarea Administracion Compensacion/Ejecutar Reporte Planilla/input_Rango Fechas_ejecutarReportePlanillafechaInicio_input'

2022-03-09 12:38:29 - [TEST_STEP][PASSED] - setText(findTestObject("Modulo Tarea Administracion Compensacion/Ejecutar Reporte Planilla/input_Rango Fechas_ejecutarReportePlanillafechaFinal_input"), "30/11/2018"): Text '30/11/2018' is set on object 'Object Repository/Modulo Tarea Administracion Compensacion/Ejecutar Reporte Planilla/input_Rango Fechas_ejecutarReportePlanillafechaFinal_input'

2022-03-09 12:38:30 - [MESSAGE][PASSED] - Text '30/11/2018' is set on object 'Object Repository/Modulo Tarea Administracion Compensacion/Ejecutar Reporte Planilla/input_Rango Fechas_ejecutarReportePlanillafechaFinal_input'

2022-03-09 12:38:30 - [TEST_STEP][PASSED] - click(findTestObject("Modulo Tarea Administracion Compensacion/Ejecutar Reporte Planilla/a_Aplicar")): Object: 'Object Repository/Modulo Tarea Administracion Compensacion/Ejecutar Reporte Planilla/a_Aplicar' is clicked on

2022-03-09 12:38:31 - [MESSAGE][PASSED] - Object: 'Object Repository/Modulo Tarea Administracion Compensacion/Ejecutar Reporte Planilla/a_Aplicar' is clicked on

2022-03-09 12:38:31 - [TEST_STEP][PASSED] - waitForElementClickable(findTestObject("Modulo Tarea Administracion Compensacion/Ejecutar Reporte Planilla/span_Reporte_glyphicons glyphicons-article"), 0): Web element with id: 'Object Repository/Modulo Tarea Administracion Compensacion/Ejecutar Reporte Planilla/span_Reporte_glyphicons glyphicons-article' located by '(.//*[normalize-space(text()) and normalize-space(.)='Reporte'])[1]/following::span[2]' not found

2022-03-09 12:38:31 - [MESSAGE][WARNING] - Timeout '0' is invalid. Using default page load timeout: '30'

2022-03-09 12:39:02 - [MESSAGE][INFO] - Unable to find the element located by 'By.xpath: (.//*[normalize-space(text()) and normalize-space(.)='Reporte'])[1]/following::span[2]'. Please recheck the objects properties to make sure the desired element is located. 

2022-03-09 12:39:02 - [MESSAGE][WARNING] - Web element with id: 'Object Repository/Modulo Tarea Administracion Compensacion/Ejecutar Reporte Planilla/span_Reporte_glyphicons glyphicons-article' located by '(.//*[normalize-space(text()) and normalize-space(.)='Reporte'])[1]/following::span[2]' not found

2022-03-09 12:39:02 - [TEST_STEP][FAILED] - click(findTestObject("Modulo Tarea Administracion Compensacion/Ejecutar Reporte Planilla/span_Reporte_glyphicons glyphicons-article")): Unable to click on object 'Object Repository/Modulo Tarea Administracion Compensacion/Ejecutar Reporte Planilla/span_Reporte_glyphicons glyphicons-article' (Root cause: com.kms.katalon.core.exception.StepFailedException: Unable to click on object 'Object Repository/Modulo Tarea Administracion Compensacion/Ejecutar Reporte Planilla/span_Reporte_glyphicons glyphicons-article'
	at com.kms.katalon.core.webui.keyword.internal.WebUIKeywordMain.stepFailed(WebUIKeywordMain.groovy:64)
	at com.kms.katalon.core.webui.keyword.internal.WebUIKeywordMain.runKeyword(WebUIKeywordMain.groovy:26)
	at com.kms.katalon.core.webui.keyword.builtin.ClickKeyword.click(ClickKeyword.groovy:74)
	at com.kms.katalon.core.webui.keyword.builtin.ClickKeyword.execute(ClickKeyword.groovy:40)
	at com.kms.katalon.core.keyword.internal.KeywordExecutor.executeKeywordForPlatform(KeywordExecutor.groovy:74)
	at com.kms.katalon.core.webui.keyword.WebUiBuiltInKeywords.click(WebUiBuiltInKeywords.groovy:620)
	at com.kms.katalon.core.webui.keyword.WebUiBuiltInKeywords$click$5.call(Unknown Source)
	at 1.5.4-Ejecutar Reporte Plantilla.run(1.5.4-Ejecutar Reporte Plantilla:465)
	at com.kms.katalon.core.main.ScriptEngine.run(ScriptEngine.java:194)
	at com.kms.katalon.core.main.ScriptEngine.runScriptAsRawText(ScriptEngine.java:119)
	at com.kms.katalon.core.main.TestCaseExecutor.runScript(TestCaseExecutor.java:442)
	at com.kms.katalon.core.main.TestCaseExecutor.doExecute(TestCaseExecutor.java:433)
	at com.kms.katalon.core.main.TestCaseExecutor.processExecutionPhase(TestCaseExecutor.java:412)
	at com.kms.katalon.core.main.TestCaseExecutor.accessMainPhase(TestCaseExecutor.java:404)
	at com.kms.katalon.core.main.TestCaseExecutor.execute(TestCaseExecutor.java:281)
	at com.kms.katalon.core.main.TestSuiteExecutor.accessTestCaseMainPhase(TestSuiteExecutor.java:202)
	at com.kms.katalon.core.main.TestSuiteExecutor.accessTestSuiteMainPhase(TestSuiteExecutor.java:164)
	at com.kms.katalon.core.main.TestSuiteExecutor.execute(TestSuiteExecutor.java:105)
	at com.kms.katalon.core.main.TestCaseMain.startTestSuite(TestCaseMain.java:185)
	at com.kms.katalon.core.main.TestCaseMain$startTestSuite$0.call(Unknown Source)
	at TempTestSuite1646845129657.run(TempTestSuite1646845129657.groovy:36)
Caused by: com.kms.katalon.core.webui.exception.WebElementNotFoundException: Web element with id: 'Object Repository/Modulo Tarea Administracion Compensacion/Ejecutar Reporte Planilla/span_Reporte_glyphicons glyphicons-article' located by '(.//*[normalize-space(text()) and normalize-space(.)='Reporte'])[1]/following::span[2]' not found
	at com.kms.katalon.core.webui.common.WebUiCommonHelper.findWebElement(WebUiCommonHelper.java:1370)
	at com.kms.katalon.core.webui.keyword.internal.WebUIAbstractKeyword.findWebElement(WebUIAbstractKeyword.groovy:27)
	at com.kms.katalon.core.webui.keyword.builtin.ClickKeyword$_click_closure1.doCall(ClickKeyword.groovy:65)
	at com.kms.katalon.core.webui.keyword.builtin.ClickKeyword$_click_closure1.call(ClickKeyword.groovy)
	at com.kms.katalon.core.webui.keyword.internal.WebUIKeywordMain.runKeyword(WebUIKeywordMain.groovy:20)
	at com.kms.katalon.core.webui.keyword.builtin.ClickKeyword.click(ClickKeyword.groovy:74)
	at com.kms.katalon.core.webui.keyword.builtin.ClickKeyword.execute(ClickKeyword.groovy:40)
	at com.kms.katalon.core.keyword.internal.KeywordExecutor.executeKeywordForPlatform(KeywordExecutor.groovy:74)
	at com.kms.katalon.core.webui.keyword.WebUiBuiltInKeywords.click(WebUiBuiltInKeywords.groovy:620)
	at com.kms.katalon.core.webui.keyword.WebUiBuiltInKeywords$click$5.call(Unknown Source)
	at Script1548867198333.run(Script1548867198333.groovy:465)
	... 13 more
)

2022-03-09 12:39:33 - [MESSAGE][INFO] - Unable to find the element located by 'By.xpath: (.//*[normalize-space(text()) and normalize-space(.)='Reporte'])[1]/following::span[2]'. Please recheck the objects properties to make sure the desired element is located. 

2022-03-09 12:39:33 - [MESSAGE][FAILED] - Unable to click on object 'Object Repository/Modulo Tarea Administracion Compensacion/Ejecutar Reporte Planilla/span_Reporte_glyphicons glyphicons-article' (Root cause: com.kms.katalon.core.exception.StepFailedException: Unable to click on object 'Object Repository/Modulo Tarea Administracion Compensacion/Ejecutar Reporte Planilla/span_Reporte_glyphicons glyphicons-article'
	at com.kms.katalon.core.webui.keyword.internal.WebUIKeywordMain.stepFailed(WebUIKeywordMain.groovy:64)
	at com.kms.katalon.core.webui.keyword.internal.WebUIKeywordMain.runKeyword(WebUIKeywordMain.groovy:26)
	at com.kms.katalon.core.webui.keyword.builtin.ClickKeyword.click(ClickKeyword.groovy:74)
	at com.kms.katalon.core.webui.keyword.builtin.ClickKeyword.execute(ClickKeyword.groovy:40)
	at com.kms.katalon.core.keyword.internal.KeywordExecutor.executeKeywordForPlatform(KeywordExecutor.groovy:74)
	at com.kms.katalon.core.webui.keyword.WebUiBuiltInKeywords.click(WebUiBuiltInKeywords.groovy:620)
	at com.kms.katalon.core.webui.keyword.WebUiBuiltInKeywords$click$5.call(Unknown Source)
	at 1.5.4-Ejecutar Reporte Plantilla.run(1.5.4-Ejecutar Reporte Plantilla:465)
	at com.kms.katalon.core.main.ScriptEngine.run(ScriptEngine.java:194)
	at com.kms.katalon.core.main.ScriptEngine.runScriptAsRawText(ScriptEngine.java:119)
	at com.kms.katalon.core.main.TestCaseExecutor.runScript(TestCaseExecutor.java:442)
	at com.kms.katalon.core.main.TestCaseExecutor.doExecute(TestCaseExecutor.java:433)
	at com.kms.katalon.core.main.TestCaseExecutor.processExecutionPhase(TestCaseExecutor.java:412)
	at com.kms.katalon.core.main.TestCaseExecutor.accessMainPhase(TestCaseExecutor.java:404)
	at com.kms.katalon.core.main.TestCaseExecutor.execute(TestCaseExecutor.java:281)
	at com.kms.katalon.core.main.TestSuiteExecutor.accessTestCaseMainPhase(TestSuiteExecutor.java:202)
	at com.kms.katalon.core.main.TestSuiteExecutor.accessTestSuiteMainPhase(TestSuiteExecutor.java:164)
	at com.kms.katalon.core.main.TestSuiteExecutor.execute(TestSuiteExecutor.java:105)
	at com.kms.katalon.core.main.TestCaseMain.startTestSuite(TestCaseMain.java:185)
	at com.kms.katalon.core.main.TestCaseMain$startTestSuite$0.call(Unknown Source)
	at TempTestSuite1646845129657.run(TempTestSuite1646845129657.groovy:36)
Caused by: com.kms.katalon.core.webui.exception.WebElementNotFoundException: Web element with id: 'Object Repository/Modulo Tarea Administracion Compensacion/Ejecutar Reporte Planilla/span_Reporte_glyphicons glyphicons-article' located by '(.//*[normalize-space(text()) and normalize-space(.)='Reporte'])[1]/following::span[2]' not found
	at com.kms.katalon.core.webui.common.WebUiCommonHelper.findWebElement(WebUiCommonHelper.java:1370)
	at com.kms.katalon.core.webui.keyword.internal.WebUIAbstractKeyword.findWebElement(WebUIAbstractKeyword.groovy:27)
	at com.kms.katalon.core.webui.keyword.builtin.ClickKeyword$_click_closure1.doCall(ClickKeyword.groovy:65)
	at com.kms.katalon.core.webui.keyword.builtin.ClickKeyword$_click_closure1.call(ClickKeyword.groovy)
	at com.kms.katalon.core.webui.keyword.internal.WebUIKeywordMain.runKeyword(WebUIKeywordMain.groovy:20)
	at com.kms.katalon.core.webui.keyword.builtin.ClickKeyword.click(ClickKeyword.groovy:74)
	at com.kms.katalon.core.webui.keyword.builtin.ClickKeyword.execute(ClickKeyword.groovy:40)
	at com.kms.katalon.core.keyword.internal.KeywordExecutor.executeKeywordForPlatform(KeywordExecutor.groovy:74)
	at com.kms.katalon.core.webui.keyword.WebUiBuiltInKeywords.click(WebUiBuiltInKeywords.groovy:620)
	at com.kms.katalon.core.webui.keyword.WebUiBuiltInKeywords$click$5.call(Unknown Source)
	at Script1548867198333.run(Script1548867198333.groovy:465)
	... 13 more
)
[[ATTACHMENT|C:\\Users\\diego.rojas\\git\\Pruebas-Minimas\\Reports\\20220309_115823\\1-Tareas Principales\\20220309_115849\\1646847573714.png]]]]></system-out>
         <system-err><![CDATA[2022-03-09 12:34:31 - [TEST_CASE][FAILED] - Test Cases/1.1-Tareas Principales/1.5.4-Ejecutar Reporte Plantilla: Test Cases/1.1-Tareas Principales/1.5.4-Ejecutar Reporte Plantilla FAILED.
Reason:
com.kms.katalon.core.exception.StepFailedException: Unable to click on object 'Object Repository/Modulo Tarea Administracion Compensacion/Ejecutar Reporte Planilla/span_Reporte_glyphicons glyphicons-article'
	at com.kms.katalon.core.webui.keyword.internal.WebUIKeywordMain.stepFailed(WebUIKeywordMain.groovy:64)
	at com.kms.katalon.core.webui.keyword.internal.WebUIKeywordMain.runKeyword(WebUIKeywordMain.groovy:26)
	at com.kms.katalon.core.webui.keyword.builtin.ClickKeyword.click(ClickKeyword.groovy:74)
	at com.kms.katalon.core.webui.keyword.builtin.ClickKeyword.execute(ClickKeyword.groovy:40)
	at com.kms.katalon.core.keyword.internal.KeywordExecutor.executeKeywordForPlatform(KeywordExecutor.groovy:74)
	at com.kms.katalon.core.webui.keyword.WebUiBuiltInKeywords.click(WebUiBuiltInKeywords.groovy:620)
	at com.kms.katalon.core.webui.keyword.WebUiBuiltInKeywords$click$5.call(Unknown Source)
	at 1.5.4-Ejecutar Reporte Plantilla.run(1.5.4-Ejecutar Reporte Plantilla:465)
	at com.kms.katalon.core.main.ScriptEngine.run(ScriptEngine.java:194)
	at com.kms.katalon.core.main.ScriptEngine.runScriptAsRawText(ScriptEngine.java:119)
	at com.kms.katalon.core.main.TestCaseExecutor.runScript(TestCaseExecutor.java:442)
	at com.kms.katalon.core.main.TestCaseExecutor.doExecute(TestCaseExecutor.java:433)
	at com.kms.katalon.core.main.TestCaseExecutor.processExecutionPhase(TestCaseExecutor.java:412)
	at com.kms.katalon.core.main.TestCaseExecutor.accessMainPhase(TestCaseExecutor.java:404)
	at com.kms.katalon.core.main.TestCaseExecutor.execute(TestCaseExecutor.java:281)
	at com.kms.katalon.core.main.TestSuiteExecutor.accessTestCaseMainPhase(TestSuiteExecutor.java:202)
	at com.kms.katalon.core.main.TestSuiteExecutor.accessTestSuiteMainPhase(TestSuiteExecutor.java:164)
	at com.kms.katalon.core.main.TestSuiteExecutor.execute(TestSuiteExecutor.java:105)
	at com.kms.katalon.core.main.TestCaseMain.startTestSuite(TestCaseMain.java:185)
	at com.kms.katalon.core.main.TestCaseMain$startTestSuite$0.call(Unknown Source)
	at TempTestSuite1646845129657.run(TempTestSuite1646845129657.groovy:36)
Caused by: com.kms.katalon.core.webui.exception.WebElementNotFoundException: Web element with id: 'Object Repository/Modulo Tarea Administracion Compensacion/Ejecutar Reporte Planilla/span_Reporte_glyphicons glyphicons-article' located by '(.//*[normalize-space(text()) and normalize-space(.)='Reporte'])[1]/following::span[2]' not found
	at com.kms.katalon.core.webui.common.WebUiCommonHelper.findWebElement(WebUiCommonHelper.java:1370)
	at com.kms.katalon.core.webui.keyword.internal.WebUIAbstractKeyword.findWebElement(WebUIAbstractKeyword.groovy:27)
	at com.kms.katalon.core.webui.keyword.builtin.ClickKeyword$_click_closure1.doCall(ClickKeyword.groovy:65)
	at com.kms.katalon.core.webui.keyword.builtin.ClickKeyword$_click_closure1.call(ClickKeyword.groovy)
	at com.kms.katalon.core.webui.keyword.internal.WebUIKeywordMain.runKeyword(WebUIKeywordMain.groovy:20)
	... 19 more]]></system-err>
      </testcase>
      <testcase name="Test Cases/1.1-Tareas Principales/1.5.5- Crear Nomina Electrónica" time="30.872" classname="Test Cases/1.1-Tareas Principales/1.5.5- Crear Nomina Electrónica" status="PASSED">
         <system-out><![CDATA[2022-03-09 12:39:33 - [TEST_CASE][PASSED] - Test Cases/1.1-Tareas Principales/1.5.5- Crear Nomina Electrónica: Test Cases/1.1-Tareas Principales/1.5.5- Crear Nomina Electrónica

2022-03-09 12:39:34 - [TEST_STEP][PASSED] - callTestCase(findTestCase("0.1-Login"), [:], STOP_ON_FAILURE): Call Test Case 'Test Cases/0.1-Login' successfully

2022-03-09 12:39:34 - [TEST_CASE][PASSED] - Test Cases/0.1-Login: Test Cases/0.1-Login

2022-03-09 12:39:34 - [TEST_STEP][PASSED] - openBrowser(""): Browser is opened with url: ''

2022-03-09 12:39:34 - [MESSAGE][WARNING] - A browser is already opened. Closing browser and opening a new one

2022-03-09 12:39:37 - [MESSAGE][INFO] - Starting 'Chrome' driver

2022-03-09 12:39:37 - [MESSAGE][INFO] - Action delay is set to 0 milliseconds

2022-03-09 12:39:38 - [MESSAGE][PASSED] - Browser is opened with url: ''

2022-03-09 12:39:38 - [TEST_STEP][PASSED] - maximizeWindow(): Current window maximized

2022-03-09 12:39:38 - [MESSAGE][PASSED] - Current window maximized

2022-03-09 12:39:38 - [TEST_STEP][PASSED] - i = G_Login: null

2022-03-09 12:39:38 - [TEST_STEP][PASSED] - url = new java.net.URL(i): null

2022-03-09 12:39:38 - [TEST_STEP][PASSED] - println("URL: " + url.toString()): null

2022-03-09 12:39:38 - [TEST_STEP][PASSED] - connection = url.openConnection(): null

2022-03-09 12:39:38 - [TEST_STEP][PASSED] - connection.setRequestMethod("GET"): null

2022-03-09 12:39:38 - [TEST_STEP][PASSED] - connection.setReadTimeout(2 * 1000): null

2022-03-09 12:39:38 - [TEST_STEP][PASSED] - try: null

2022-03-09 12:39:38 - [TEST_STEP][PASSED] - connection.connect(): null

2022-03-09 12:39:38 - [TEST_STEP][PASSED] - flag = connected: null

2022-03-09 12:39:38 - [TEST_STEP][PASSED] - println("Valor_ori: " + flag): null

2022-03-09 12:39:38 - [TEST_STEP][PASSED] - if (flag): null

2022-03-09 12:39:38 - [TEST_STEP][PASSED] - navigateToUrl(i): Navigate to 'http://192.168.2.80:8380/saraweb' successfully

2022-03-09 12:39:39 - [MESSAGE][PASSED] - Navigate to 'http://192.168.2.80:8380/saraweb' successfully

2022-03-09 12:39:39 - [TEST_STEP][PASSED] - a(): null

2022-03-09 12:39:39 - [TEST_STEP][PASSED] - setText(findTestObject("Login/input_USUARIO_loginusuario"), G_Usuario): Text 'saraadmin' is set on object 'Object Repository/Login/input_USUARIO_loginusuario'

2022-03-09 12:39:40 - [MESSAGE][PASSED] - Text 'saraadmin' is set on object 'Object Repository/Login/input_USUARIO_loginusuario'

2022-03-09 12:39:40 - [TEST_STEP][PASSED] - setEncryptedText(findTestObject("Login/input_CLAVE_loginpassword"), "MkG4/TYiCFC3cb2driP7+Q=="): Text ****** has been set on object 'Object Repository/Login/input_CLAVE_loginpassword'

2022-03-09 12:39:41 - [MESSAGE][PASSED] - Text ****** has been set on object 'Object Repository/Login/input_CLAVE_loginpassword'

2022-03-09 12:39:41 - [TEST_STEP][PASSED] - waitForElementClickable(findTestObject("Login/a_Ingresar"), G_TimeOut): Object 'Object Repository/Login/a_Ingresar' is clickable

2022-03-09 12:39:41 - [MESSAGE][PASSED] - Object 'Object Repository/Login/a_Ingresar' is clickable

2022-03-09 12:39:41 - [TEST_STEP][PASSED] - click(findTestObject("Login/a_Ingresar")): Object: 'Object Repository/Login/a_Ingresar' is clicked on

2022-03-09 12:39:43 - [MESSAGE][PASSED] - Object: 'Object Repository/Login/a_Ingresar' is clicked on

2022-03-09 12:39:43 - [TEST_STEP][PASSED] - element = findWebElement(findTestObject("Login/a_Ir"), 30): null

2022-03-09 12:39:43 - [TEST_STEP][PASSED] - executeJavaScript("arguments[0].click()", Arrays.asList(element)): Execute JavaScript 'arguments[0].click()' successfully

2022-03-09 12:39:43 - [MESSAGE][PASSED] - Execute JavaScript 'arguments[0].click()' successfully

2022-03-09 12:39:43 - [MESSAGE][PASSED] - Call Test Case 'Test Cases/0.1-Login' successfully

2022-03-09 12:39:43 - [TEST_STEP][PASSED] - waitForElementClickable(findTestObject("Modulo Tarea Administracion Compensacion/Crear Nomina Electronica/Page_SARA/input_ADMINISTRADOR DEL SISTEMA - SARA_form_templatej_idt24_input"), G_TimeOut): Object 'Object Repository/Modulo Tarea Administracion Compensacion/Crear Nomina Electronica/Page_SARA/input_ADMINISTRADOR DEL SISTEMA - SARA_form_templatej_idt24_input' is clickable

2022-03-09 12:39:44 - [MESSAGE][PASSED] - Object 'Object Repository/Modulo Tarea Administracion Compensacion/Crear Nomina Electronica/Page_SARA/input_ADMINISTRADOR DEL SISTEMA - SARA_form_templatej_idt24_input' is clickable

2022-03-09 12:39:44 - [TEST_STEP][PASSED] - setText(findTestObject("Modulo Tarea Administracion Compensacion/Crear Nomina Electronica/Page_SARA/input_ADMINISTRADOR DEL SISTEMA - SARA_form_templatej_idt24_input"), "Nomina Electronica (com)"): Text 'Nomina Electronica (com)' is set on object 'Object Repository/Modulo Tarea Administracion Compensacion/Crear Nomina Electronica/Page_SARA/input_ADMINISTRADOR DEL SISTEMA - SARA_form_templatej_idt24_input'

2022-03-09 12:39:45 - [MESSAGE][PASSED] - Text 'Nomina Electronica (com)' is set on object 'Object Repository/Modulo Tarea Administracion Compensacion/Crear Nomina Electronica/Page_SARA/input_ADMINISTRADOR DEL SISTEMA - SARA_form_templatej_idt24_input'

2022-03-09 12:39:45 - [TEST_STEP][PASSED] - waitForElementClickable(findTestObject("Modulo Tarea Administracion Compensacion/Crear Nomina Electronica/Page_SARA/li_Nomina Electronica (com)"), 0): Object 'Object Repository/Modulo Tarea Administracion Compensacion/Crear Nomina Electronica/Page_SARA/li_Nomina Electronica (com)' is clickable

2022-03-09 12:39:45 - [MESSAGE][WARNING] - Timeout '0' is invalid. Using default page load timeout: '30'

2022-03-09 12:39:46 - [MESSAGE][PASSED] - Object 'Object Repository/Modulo Tarea Administracion Compensacion/Crear Nomina Electronica/Page_SARA/li_Nomina Electronica (com)' is clickable

2022-03-09 12:39:46 - [TEST_STEP][PASSED] - click(findTestObject("Modulo Tarea Administracion Compensacion/Crear Nomina Electronica/Page_SARA/li_Nomina Electronica (com)")): Object: 'Object Repository/Modulo Tarea Administracion Compensacion/Crear Nomina Electronica/Page_SARA/li_Nomina Electronica (com)' is clicked on

2022-03-09 12:39:47 - [MESSAGE][PASSED] - Object: 'Object Repository/Modulo Tarea Administracion Compensacion/Crear Nomina Electronica/Page_SARA/li_Nomina Electronica (com)' is clicked on

2022-03-09 12:39:47 - [TEST_STEP][PASSED] - if (waitForElementClickable(findTestObject("Modulo Tarea Administracion Compensacion/Crear Nomina Electronica/Page_SARA/td_2021-07-01"), 1)): Web element with id: 'Object Repository/Modulo Tarea Administracion Compensacion/Crear Nomina Electronica/Page_SARA/td_2021-07-01' located by '
//*/text()[normalize-space(.)='2022-07-01']/parent::*' not found

2022-03-09 12:39:49 - [MESSAGE][INFO] - Unable to find the element located by 'By.xpath: 
//*/text()[normalize-space(.)='2022-07-01']/parent::*'. Please recheck the objects properties to make sure the desired element is located. 

2022-03-09 12:39:49 - [MESSAGE][WARNING] - Web element with id: 'Object Repository/Modulo Tarea Administracion Compensacion/Crear Nomina Electronica/Page_SARA/td_2021-07-01' located by '
//*/text()[normalize-space(.)='2022-07-01']/parent::*' not found

2022-03-09 12:39:49 - [TEST_STEP][PASSED] - waitForElementClickable(findTestObject("Modulo Tarea Administracion Compensacion/Crear Nomina Electronica/Page_SARA/a_Nuevo"), 0): Object 'Object Repository/Modulo Tarea Administracion Compensacion/Crear Nomina Electronica/Page_SARA/a_Nuevo' is clickable

2022-03-09 12:39:49 - [MESSAGE][WARNING] - Timeout '0' is invalid. Using default page load timeout: '30'

2022-03-09 12:39:50 - [MESSAGE][PASSED] - Object 'Object Repository/Modulo Tarea Administracion Compensacion/Crear Nomina Electronica/Page_SARA/a_Nuevo' is clickable

2022-03-09 12:39:50 - [TEST_STEP][PASSED] - click(findTestObject("Modulo Tarea Administracion Compensacion/Crear Nomina Electronica/Page_SARA/a_Nuevo"), STOP_ON_FAILURE): Object: 'Object Repository/Modulo Tarea Administracion Compensacion/Crear Nomina Electronica/Page_SARA/a_Nuevo' is clicked on

2022-03-09 12:39:51 - [MESSAGE][PASSED] - Object: 'Object Repository/Modulo Tarea Administracion Compensacion/Crear Nomina Electronica/Page_SARA/a_Nuevo' is clicked on

2022-03-09 12:39:51 - [TEST_STEP][PASSED] - waitForElementClickable(findTestObject("Modulo Tarea Administracion Compensacion/Crear Nomina Electronica/Page_SARA/select_-- seleccione --Nmina IndividualNmina Individual de Ajuste"), 0): Object 'Object Repository/Modulo Tarea Administracion Compensacion/Crear Nomina Electronica/Page_SARA/select_-- seleccione --Nmina IndividualNmina Individual de Ajuste' is clickable

2022-03-09 12:39:51 - [MESSAGE][WARNING] - Timeout '0' is invalid. Using default page load timeout: '30'

2022-03-09 12:39:52 - [MESSAGE][PASSED] - Object 'Object Repository/Modulo Tarea Administracion Compensacion/Crear Nomina Electronica/Page_SARA/select_-- seleccione --Nmina IndividualNmina Individual de Ajuste' is clickable

2022-03-09 12:39:52 - [TEST_STEP][PASSED] - selectOptionByIndex(findTestObject("Modulo Tarea Administracion Compensacion/Crear Nomina Electronica/Page_SARA/select_-- seleccione --Nmina IndividualNmina Individual de Ajuste"), "1"): All options with index in [1] are selected on object 'Object Repository/Modulo Tarea Administracion Compensacion/Crear Nomina Electronica/Page_SARA/select_-- seleccione --Nmina IndividualNmina Individual de Ajuste'

2022-03-09 12:39:53 - [MESSAGE][PASSED] - All options with index in [1] are selected on object 'Object Repository/Modulo Tarea Administracion Compensacion/Crear Nomina Electronica/Page_SARA/select_-- seleccione --Nmina IndividualNmina Individual de Ajuste'

2022-03-09 12:39:53 - [TEST_STEP][PASSED] - selectOptionByIndex(findTestObject("Modulo Tarea Administracion Compensacion/Crear Nomina Electronica/Page_SARA/select_-- seleccione --EneroFebreroMarzoAbrilMayoJunioJulioAgostoSeptiembreOctubreNoviembreDiciembre"), "8"): All options with index in [8] are selected on object 'Object Repository/Modulo Tarea Administracion Compensacion/Crear Nomina Electronica/Page_SARA/select_-- seleccione --EneroFebreroMarzoAbrilMayoJunioJulioAgostoSeptiembreOctubreNoviembreDiciembre'

2022-03-09 12:39:55 - [MESSAGE][PASSED] - All options with index in [8] are selected on object 'Object Repository/Modulo Tarea Administracion Compensacion/Crear Nomina Electronica/Page_SARA/select_-- seleccione --EneroFebreroMarzoAbrilMayoJunioJulioAgostoSeptiembreOctubreNoviembreDiciembre'

2022-03-09 12:39:55 - [TEST_STEP][PASSED] - selectOptionByIndex(findTestObject("Modulo Tarea Administracion Compensacion/Crear Nomina Electronica/Page_SARA/select_CUNDINAMARCASANTANDERBOGOTANo Usar"), "3"): All options with index in [3] are selected on object 'Object Repository/Modulo Tarea Administracion Compensacion/Crear Nomina Electronica/Page_SARA/select_CUNDINAMARCASANTANDERBOGOTANo Usar'

2022-03-09 12:39:56 - [MESSAGE][PASSED] - All options with index in [3] are selected on object 'Object Repository/Modulo Tarea Administracion Compensacion/Crear Nomina Electronica/Page_SARA/select_CUNDINAMARCASANTANDERBOGOTANo Usar'

2022-03-09 12:39:56 - [TEST_STEP][PASSED] - selectOptionByIndex(findTestObject("Modulo Tarea Administracion Compensacion/Crear Nomina Electronica/Page_SARA/select_-- seleccione --EneroFebreroMarzoAbrilMayoJunioJulioAgostoSeptiembreOctubreNoviembreDiciembre"), "7"): All options with index in [7] are selected on object 'Object Repository/Modulo Tarea Administracion Compensacion/Crear Nomina Electronica/Page_SARA/select_-- seleccione --EneroFebreroMarzoAbrilMayoJunioJulioAgostoSeptiembreOctubreNoviembreDiciembre'

2022-03-09 12:39:59 - [MESSAGE][PASSED] - All options with index in [7] are selected on object 'Object Repository/Modulo Tarea Administracion Compensacion/Crear Nomina Electronica/Page_SARA/select_-- seleccione --EneroFebreroMarzoAbrilMayoJunioJulioAgostoSeptiembreOctubreNoviembreDiciembre'

2022-03-09 12:39:59 - [TEST_STEP][PASSED] - click(findTestObject("Modulo Tarea Administracion Compensacion/Crear Nomina Electronica/Page_SARA/a_Guardar")): Object: 'Object Repository/Modulo Tarea Administracion Compensacion/Crear Nomina Electronica/Page_SARA/a_Guardar' is clicked on

2022-03-09 12:40:00 - [MESSAGE][PASSED] - Object: 'Object Repository/Modulo Tarea Administracion Compensacion/Crear Nomina Electronica/Page_SARA/a_Guardar' is clicked on

2022-03-09 12:40:00 - [TEST_STEP][PASSED] - waitForElementClickable(findTestObject("Modulo Tarea Administracion Compensacion/Crear Nomina Electronica/Page_SARA/a_Generar"), 0): Object 'Object Repository/Modulo Tarea Administracion Compensacion/Crear Nomina Electronica/Page_SARA/a_Generar' is clickable

2022-03-09 12:40:00 - [MESSAGE][WARNING] - Timeout '0' is invalid. Using default page load timeout: '30'

2022-03-09 12:40:00 - [MESSAGE][PASSED] - Object 'Object Repository/Modulo Tarea Administracion Compensacion/Crear Nomina Electronica/Page_SARA/a_Generar' is clickable

2022-03-09 12:40:00 - [TEST_STEP][PASSED] - click(findTestObject("Modulo Tarea Administracion Compensacion/Crear Nomina Electronica/Page_SARA/a_Generar")): Object: 'Object Repository/Modulo Tarea Administracion Compensacion/Crear Nomina Electronica/Page_SARA/a_Generar' is clicked on

2022-03-09 12:40:01 - [MESSAGE][PASSED] - Object: 'Object Repository/Modulo Tarea Administracion Compensacion/Crear Nomina Electronica/Page_SARA/a_Generar' is clicked on

2022-03-09 12:40:01 - [TEST_STEP][PASSED] - waitForElementClickable(findTestObject("Modulo Tarea Administracion Compensacion/Crear Nomina Electronica/Page_SARA/a_Generar2"), 0): Object 'Object Repository/Modulo Tarea Administracion Compensacion/Crear Nomina Electronica/Page_SARA/a_Generar2' is clickable

2022-03-09 12:40:02 - [MESSAGE][WARNING] - Timeout '0' is invalid. Using default page load timeout: '30'

2022-03-09 12:40:03 - [MESSAGE][PASSED] - Object 'Object Repository/Modulo Tarea Administracion Compensacion/Crear Nomina Electronica/Page_SARA/a_Generar2' is clickable

2022-03-09 12:40:03 - [TEST_STEP][PASSED] - click(findTestObject("Modulo Tarea Administracion Compensacion/Crear Nomina Electronica/Page_SARA/a_Generar2")): Object: 'Object Repository/Modulo Tarea Administracion Compensacion/Crear Nomina Electronica/Page_SARA/a_Generar2' is clicked on

2022-03-09 12:40:04 - [MESSAGE][PASSED] - Object: 'Object Repository/Modulo Tarea Administracion Compensacion/Crear Nomina Electronica/Page_SARA/a_Generar2' is clicked on]]></system-out>
         <system-err><![CDATA[]]></system-err>
      </testcase>
      <testcase name="Test Cases/1.1-Tareas Principales/1.5.6 Reporte Nomina Electronica" time="41.64" classname="Test Cases/1.1-Tareas Principales/1.5.6 Reporte Nomina Electronica" status="PASSED">
         <system-out><![CDATA[2022-03-09 12:40:04 - [TEST_CASE][PASSED] - Test Cases/1.1-Tareas Principales/1.5.6 Reporte Nomina Electronica: Test Cases/1.1-Tareas Principales/1.5.6 Reporte Nomina Electronica

2022-03-09 12:40:05 - [TEST_STEP][PASSED] - callTestCase(findTestCase("0.1-Login"), [:], STOP_ON_FAILURE): Call Test Case 'Test Cases/0.1-Login' successfully

2022-03-09 12:40:06 - [TEST_CASE][PASSED] - Test Cases/0.1-Login: Test Cases/0.1-Login

2022-03-09 12:40:06 - [TEST_STEP][PASSED] - openBrowser(""): Browser is opened with url: ''

2022-03-09 12:40:06 - [MESSAGE][WARNING] - A browser is already opened. Closing browser and opening a new one

2022-03-09 12:40:11 - [MESSAGE][INFO] - Starting 'Chrome' driver

2022-03-09 12:40:11 - [MESSAGE][INFO] - Action delay is set to 0 milliseconds

2022-03-09 12:40:13 - [MESSAGE][PASSED] - Browser is opened with url: ''

2022-03-09 12:40:13 - [TEST_STEP][PASSED] - maximizeWindow(): Current window maximized

2022-03-09 12:40:13 - [MESSAGE][PASSED] - Current window maximized

2022-03-09 12:40:13 - [TEST_STEP][PASSED] - i = G_Login: null

2022-03-09 12:40:13 - [TEST_STEP][PASSED] - url = new java.net.URL(i): null

2022-03-09 12:40:13 - [TEST_STEP][PASSED] - println("URL: " + url.toString()): null

2022-03-09 12:40:13 - [TEST_STEP][PASSED] - connection = url.openConnection(): null

2022-03-09 12:40:13 - [TEST_STEP][PASSED] - connection.setRequestMethod("GET"): null

2022-03-09 12:40:13 - [TEST_STEP][PASSED] - connection.setReadTimeout(2 * 1000): null

2022-03-09 12:40:13 - [TEST_STEP][PASSED] - try: null

2022-03-09 12:40:13 - [TEST_STEP][PASSED] - connection.connect(): null

2022-03-09 12:40:13 - [TEST_STEP][PASSED] - flag = connected: null

2022-03-09 12:40:13 - [TEST_STEP][PASSED] - println("Valor_ori: " + flag): null

2022-03-09 12:40:13 - [TEST_STEP][PASSED] - if (flag): null

2022-03-09 12:40:13 - [TEST_STEP][PASSED] - navigateToUrl(i): Navigate to 'http://192.168.2.80:8380/saraweb' successfully

2022-03-09 12:40:14 - [MESSAGE][PASSED] - Navigate to 'http://192.168.2.80:8380/saraweb' successfully

2022-03-09 12:40:14 - [TEST_STEP][PASSED] - a(): null

2022-03-09 12:40:14 - [TEST_STEP][PASSED] - setText(findTestObject("Login/input_USUARIO_loginusuario"), G_Usuario): Text 'saraadmin' is set on object 'Object Repository/Login/input_USUARIO_loginusuario'

2022-03-09 12:40:15 - [MESSAGE][PASSED] - Text 'saraadmin' is set on object 'Object Repository/Login/input_USUARIO_loginusuario'

2022-03-09 12:40:15 - [TEST_STEP][PASSED] - setEncryptedText(findTestObject("Login/input_CLAVE_loginpassword"), "MkG4/TYiCFC3cb2driP7+Q=="): Text ****** has been set on object 'Object Repository/Login/input_CLAVE_loginpassword'

2022-03-09 12:40:16 - [MESSAGE][PASSED] - Text ****** has been set on object 'Object Repository/Login/input_CLAVE_loginpassword'

2022-03-09 12:40:16 - [TEST_STEP][PASSED] - waitForElementClickable(findTestObject("Login/a_Ingresar"), G_TimeOut): Object 'Object Repository/Login/a_Ingresar' is clickable

2022-03-09 12:40:16 - [MESSAGE][PASSED] - Object 'Object Repository/Login/a_Ingresar' is clickable

2022-03-09 12:40:16 - [TEST_STEP][PASSED] - click(findTestObject("Login/a_Ingresar")): Object: 'Object Repository/Login/a_Ingresar' is clicked on

2022-03-09 12:40:18 - [MESSAGE][PASSED] - Object: 'Object Repository/Login/a_Ingresar' is clicked on

2022-03-09 12:40:18 - [TEST_STEP][PASSED] - element = findWebElement(findTestObject("Login/a_Ir"), 30): null

2022-03-09 12:40:18 - [TEST_STEP][PASSED] - executeJavaScript("arguments[0].click()", Arrays.asList(element)): Execute JavaScript 'arguments[0].click()' successfully

2022-03-09 12:40:18 - [MESSAGE][PASSED] - Execute JavaScript 'arguments[0].click()' successfully

2022-03-09 12:40:18 - [MESSAGE][PASSED] - Call Test Case 'Test Cases/0.1-Login' successfully

2022-03-09 12:40:18 - [TEST_STEP][PASSED] - waitForElementClickable(findTestObject("Modulo Tarea Administracion Compensacion/Reporte Nomina Electronica/Page_SARA/input_Nomina Electronica_form_templatej_idt24_input"), 0): Object 'Object Repository/Modulo Tarea Administracion Compensacion/Reporte Nomina Electronica/Page_SARA/input_Nomina Electronica_form_templatej_idt24_input' is clickable

2022-03-09 12:40:19 - [MESSAGE][WARNING] - Timeout '0' is invalid. Using default page load timeout: '30'

2022-03-09 12:40:19 - [MESSAGE][PASSED] - Object 'Object Repository/Modulo Tarea Administracion Compensacion/Reporte Nomina Electronica/Page_SARA/input_Nomina Electronica_form_templatej_idt24_input' is clickable

2022-03-09 12:40:19 - [TEST_STEP][PASSED] - setText(findTestObject("Modulo Tarea Administracion Compensacion/Reporte Nomina Electronica/Page_SARA/input_Nomina Electronica_form_templatej_idt24_input"), "Nomina Electronica"): Text 'Nomina Electronica' is set on object 'Object Repository/Modulo Tarea Administracion Compensacion/Reporte Nomina Electronica/Page_SARA/input_Nomina Electronica_form_templatej_idt24_input'

2022-03-09 12:40:20 - [MESSAGE][PASSED] - Text 'Nomina Electronica' is set on object 'Object Repository/Modulo Tarea Administracion Compensacion/Reporte Nomina Electronica/Page_SARA/input_Nomina Electronica_form_templatej_idt24_input'

2022-03-09 12:40:20 - [TEST_STEP][PASSED] - waitForElementClickable(findTestObject("Modulo Tarea Administracion Compensacion/Reporte Nomina Electronica/Page_SARA/span_Nomina Electronica"), 0): Object 'Object Repository/Modulo Tarea Administracion Compensacion/Reporte Nomina Electronica/Page_SARA/span_Nomina Electronica' is clickable

2022-03-09 12:40:21 - [MESSAGE][WARNING] - Timeout '0' is invalid. Using default page load timeout: '30'

2022-03-09 12:40:22 - [MESSAGE][PASSED] - Object 'Object Repository/Modulo Tarea Administracion Compensacion/Reporte Nomina Electronica/Page_SARA/span_Nomina Electronica' is clickable

2022-03-09 12:40:22 - [TEST_STEP][PASSED] - sendKeys(findTestObject("Modulo Tarea Administracion Compensacion/Reporte Nomina Electronica/Page_SARA/input_Nomina Electronica_form_templatej_idt24_input"), Keys.chord(ENTER)): Keys 'ENTER + ' sent to object: 'Object Repository/Modulo Tarea Administracion Compensacion/Reporte Nomina Electronica/Page_SARA/input_Nomina Electronica_form_templatej_idt24_input'

2022-03-09 12:40:23 - [MESSAGE][PASSED] - Keys 'ENTER + ' sent to object: 'Object Repository/Modulo Tarea Administracion Compensacion/Reporte Nomina Electronica/Page_SARA/input_Nomina Electronica_form_templatej_idt24_input'

2022-03-09 12:40:23 - [TEST_STEP][PASSED] - if (waitForElementClickable(findTestObject("Modulo Tarea Administracion Compensacion/Reporte Nomina Electronica/Page_SARA/td_2021-07-01"), 1)): null

2022-03-09 12:40:24 - [MESSAGE][PASSED] - Object 'Object Repository/Modulo Tarea Administracion Compensacion/Reporte Nomina Electronica/Page_SARA/td_2021-07-01' is clickable

2022-03-09 12:40:24 - [TEST_STEP][PASSED] - click(findTestObject("Modulo Tarea Administracion Compensacion/Reporte Nomina Electronica/Page_SARA/td_2021-07-01")): Object: 'Object Repository/Modulo Tarea Administracion Compensacion/Reporte Nomina Electronica/Page_SARA/td_2021-07-01' is clicked on

2022-03-09 12:40:25 - [MESSAGE][PASSED] - Object: 'Object Repository/Modulo Tarea Administracion Compensacion/Reporte Nomina Electronica/Page_SARA/td_2021-07-01' is clicked on

2022-03-09 12:40:25 - [TEST_STEP][PASSED] - click(findTestObject("Modulo Tarea Administracion Compensacion/Reporte Nomina Electronica/Page_SARA/a_Reporte")): Object: 'Object Repository/Modulo Tarea Administracion Compensacion/Reporte Nomina Electronica/Page_SARA/a_Reporte' is clicked on

2022-03-09 12:40:26 - [MESSAGE][PASSED] - Object: 'Object Repository/Modulo Tarea Administracion Compensacion/Reporte Nomina Electronica/Page_SARA/a_Reporte' is clicked on

2022-03-09 12:40:26 - [TEST_STEP][PASSED] - click(findTestObject("Modulo Tarea Administracion Compensacion/Reporte Nomina Electronica/Page_SARA/td_Reporte Nomina Electrnica")): Object: 'Object Repository/Modulo Tarea Administracion Compensacion/Reporte Nomina Electronica/Page_SARA/td_Reporte Nomina Electrnica' is clicked on

2022-03-09 12:40:28 - [MESSAGE][PASSED] - Object: 'Object Repository/Modulo Tarea Administracion Compensacion/Reporte Nomina Electronica/Page_SARA/td_Reporte Nomina Electrnica' is clicked on

2022-03-09 12:40:28 - [TEST_STEP][PASSED] - click(findTestObject("Modulo Tarea Administracion Compensacion/Reporte Nomina Electronica/Page_SARA/span_Que desea hacer_ui-radiobutton-icon ui-icon ui-icon-blank ui-c")): Object: 'Object Repository/Modulo Tarea Administracion Compensacion/Reporte Nomina Electronica/Page_SARA/span_Que desea hacer_ui-radiobutton-icon ui-icon ui-icon-blank ui-c' is clicked on

2022-03-09 12:40:29 - [MESSAGE][PASSED] - Object: 'Object Repository/Modulo Tarea Administracion Compensacion/Reporte Nomina Electronica/Page_SARA/span_Que desea hacer_ui-radiobutton-icon ui-icon ui-icon-blank ui-c' is clicked on

2022-03-09 12:40:29 - [TEST_STEP][PASSED] - waitForElementClickable(findTestObject("Modulo Tarea Administracion Compensacion/Reporte Nomina Electronica/Page_SARA/a_Generar"), 0): Object 'Object Repository/Modulo Tarea Administracion Compensacion/Reporte Nomina Electronica/Page_SARA/a_Generar' is clickable

2022-03-09 12:40:29 - [MESSAGE][WARNING] - Timeout '0' is invalid. Using default page load timeout: '30'

2022-03-09 12:40:30 - [MESSAGE][PASSED] - Object 'Object Repository/Modulo Tarea Administracion Compensacion/Reporte Nomina Electronica/Page_SARA/a_Generar' is clickable

2022-03-09 12:40:30 - [TEST_STEP][PASSED] - click(findTestObject("Modulo Tarea Administracion Compensacion/Reporte Nomina Electronica/Page_SARA/a_Generar")): Object: 'Object Repository/Modulo Tarea Administracion Compensacion/Reporte Nomina Electronica/Page_SARA/a_Generar' is clicked on

2022-03-09 12:40:30 - [MESSAGE][PASSED] - Object: 'Object Repository/Modulo Tarea Administracion Compensacion/Reporte Nomina Electronica/Page_SARA/a_Generar' is clicked on

2022-03-09 12:40:30 - [TEST_STEP][PASSED] - waitForElementClickable(findTestObject("Modulo Tarea Administracion Compensacion/Reporte Nomina Electronica/Page_SARA/a_Continuar"), 0): Object 'Object Repository/Modulo Tarea Administracion Compensacion/Reporte Nomina Electronica/Page_SARA/a_Continuar' is clickable

2022-03-09 12:40:30 - [MESSAGE][WARNING] - Timeout '0' is invalid. Using default page load timeout: '30'

2022-03-09 12:40:34 - [MESSAGE][PASSED] - Object 'Object Repository/Modulo Tarea Administracion Compensacion/Reporte Nomina Electronica/Page_SARA/a_Continuar' is clickable

2022-03-09 12:40:34 - [TEST_STEP][PASSED] - click(findTestObject("Modulo Tarea Administracion Compensacion/Reporte Nomina Electronica/Page_SARA/a_Continuar")): Object: 'Object Repository/Modulo Tarea Administracion Compensacion/Reporte Nomina Electronica/Page_SARA/a_Continuar' is clicked on

2022-03-09 12:40:35 - [MESSAGE][PASSED] - Object: 'Object Repository/Modulo Tarea Administracion Compensacion/Reporte Nomina Electronica/Page_SARA/a_Continuar' is clicked on

2022-03-09 12:40:35 - [TEST_STEP][PASSED] - waitForElementClickable(findTestObject("Modulo Tarea Administracion Compensacion/Reporte Nomina Electronica/Page_SARA/a_Descargar"), 0): Object 'Object Repository/Modulo Tarea Administracion Compensacion/Reporte Nomina Electronica/Page_SARA/a_Descargar' is clickable

2022-03-09 12:40:35 - [MESSAGE][WARNING] - Timeout '0' is invalid. Using default page load timeout: '30'

2022-03-09 12:40:36 - [MESSAGE][PASSED] - Object 'Object Repository/Modulo Tarea Administracion Compensacion/Reporte Nomina Electronica/Page_SARA/a_Descargar' is clickable

2022-03-09 12:40:36 - [TEST_STEP][PASSED] - click(findTestObject("Modulo Tarea Administracion Compensacion/Reporte Nomina Electronica/Page_SARA/a_Descargar")): Object: 'Object Repository/Modulo Tarea Administracion Compensacion/Reporte Nomina Electronica/Page_SARA/a_Descargar' is clicked on

2022-03-09 12:40:37 - [MESSAGE][PASSED] - Object: 'Object Repository/Modulo Tarea Administracion Compensacion/Reporte Nomina Electronica/Page_SARA/a_Descargar' is clicked on

2022-03-09 12:40:37 - [TEST_STEP][PASSED] - delay(2): Delayed 2 second(s)

2022-03-09 12:40:39 - [MESSAGE][PASSED] - Delayed 2 second(s)

2022-03-09 12:40:39 - [TEST_STEP][PASSED] - closeBrowser(): Browser is closed

2022-03-09 12:40:46 - [MESSAGE][PASSED] - Browser is closed]]></system-out>
         <system-err><![CDATA[]]></system-err>
      </testcase>
      <testcase name="Test Cases/1.1-Tareas Principales/1.5.7 Descargar Nomina Electronica" time="45.638" classname="Test Cases/1.1-Tareas Principales/1.5.7 Descargar Nomina Electronica" status="PASSED">
         <system-out><![CDATA[2022-03-09 12:40:46 - [TEST_CASE][PASSED] - Test Cases/1.1-Tareas Principales/1.5.7 Descargar Nomina Electronica: Test Cases/1.1-Tareas Principales/1.5.7 Descargar Nomina Electronica

2022-03-09 12:40:48 - [TEST_STEP][PASSED] - callTestCase(findTestCase("0.1-Login"), [:], STOP_ON_FAILURE): Call Test Case 'Test Cases/0.1-Login' successfully

2022-03-09 12:40:48 - [TEST_CASE][PASSED] - Test Cases/0.1-Login: Test Cases/0.1-Login

2022-03-09 12:40:48 - [TEST_STEP][PASSED] - openBrowser(""): Browser is opened with url: ''

2022-03-09 12:40:48 - [MESSAGE][INFO] - Starting 'Chrome' driver

2022-03-09 12:40:48 - [MESSAGE][INFO] - Action delay is set to 0 milliseconds

2022-03-09 12:40:49 - [MESSAGE][PASSED] - Browser is opened with url: ''

2022-03-09 12:40:49 - [TEST_STEP][PASSED] - maximizeWindow(): Current window maximized

2022-03-09 12:40:50 - [MESSAGE][PASSED] - Current window maximized

2022-03-09 12:40:50 - [TEST_STEP][PASSED] - i = G_Login: null

2022-03-09 12:40:50 - [TEST_STEP][PASSED] - url = new java.net.URL(i): null

2022-03-09 12:40:50 - [TEST_STEP][PASSED] - println("URL: " + url.toString()): null

2022-03-09 12:40:50 - [TEST_STEP][PASSED] - connection = url.openConnection(): null

2022-03-09 12:40:50 - [TEST_STEP][PASSED] - connection.setRequestMethod("GET"): null

2022-03-09 12:40:50 - [TEST_STEP][PASSED] - connection.setReadTimeout(2 * 1000): null

2022-03-09 12:40:50 - [TEST_STEP][PASSED] - try: null

2022-03-09 12:40:50 - [TEST_STEP][PASSED] - connection.connect(): null

2022-03-09 12:40:50 - [TEST_STEP][PASSED] - flag = connected: null

2022-03-09 12:40:50 - [TEST_STEP][PASSED] - println("Valor_ori: " + flag): null

2022-03-09 12:40:50 - [TEST_STEP][PASSED] - if (flag): null

2022-03-09 12:40:50 - [TEST_STEP][PASSED] - navigateToUrl(i): Navigate to 'http://192.168.2.80:8380/saraweb' successfully

2022-03-09 12:40:50 - [MESSAGE][PASSED] - Navigate to 'http://192.168.2.80:8380/saraweb' successfully

2022-03-09 12:40:50 - [TEST_STEP][PASSED] - a(): null

2022-03-09 12:40:50 - [TEST_STEP][PASSED] - setText(findTestObject("Login/input_USUARIO_loginusuario"), G_Usuario): Text 'saraadmin' is set on object 'Object Repository/Login/input_USUARIO_loginusuario'

2022-03-09 12:40:52 - [MESSAGE][PASSED] - Text 'saraadmin' is set on object 'Object Repository/Login/input_USUARIO_loginusuario'

2022-03-09 12:40:52 - [TEST_STEP][PASSED] - setEncryptedText(findTestObject("Login/input_CLAVE_loginpassword"), "MkG4/TYiCFC3cb2driP7+Q=="): Text ****** has been set on object 'Object Repository/Login/input_CLAVE_loginpassword'

2022-03-09 12:40:53 - [MESSAGE][PASSED] - Text ****** has been set on object 'Object Repository/Login/input_CLAVE_loginpassword'

2022-03-09 12:40:53 - [TEST_STEP][PASSED] - waitForElementClickable(findTestObject("Login/a_Ingresar"), G_TimeOut): Object 'Object Repository/Login/a_Ingresar' is clickable

2022-03-09 12:40:53 - [MESSAGE][PASSED] - Object 'Object Repository/Login/a_Ingresar' is clickable

2022-03-09 12:40:53 - [TEST_STEP][PASSED] - click(findTestObject("Login/a_Ingresar")): Object: 'Object Repository/Login/a_Ingresar' is clicked on

2022-03-09 12:40:54 - [MESSAGE][PASSED] - Object: 'Object Repository/Login/a_Ingresar' is clicked on

2022-03-09 12:40:54 - [TEST_STEP][PASSED] - element = findWebElement(findTestObject("Login/a_Ir"), 30): null

2022-03-09 12:40:55 - [TEST_STEP][PASSED] - executeJavaScript("arguments[0].click()", Arrays.asList(element)): Execute JavaScript 'arguments[0].click()' successfully

2022-03-09 12:40:55 - [MESSAGE][PASSED] - Execute JavaScript 'arguments[0].click()' successfully

2022-03-09 12:40:55 - [MESSAGE][PASSED] - Call Test Case 'Test Cases/0.1-Login' successfully

2022-03-09 12:40:55 - [TEST_STEP][PASSED] - waitForElementClickable(findTestObject("Modulo Tarea Administracion Compensacion/Descargar Nomina Electronica/Page_SARA/input_Nomina Electronica_form_templatej_idt24_input"), 0): Object 'Object Repository/Modulo Tarea Administracion Compensacion/Descargar Nomina Electronica/Page_SARA/input_Nomina Electronica_form_templatej_idt24_input' is clickable

2022-03-09 12:40:55 - [MESSAGE][WARNING] - Timeout '0' is invalid. Using default page load timeout: '30'

2022-03-09 12:40:56 - [MESSAGE][PASSED] - Object 'Object Repository/Modulo Tarea Administracion Compensacion/Descargar Nomina Electronica/Page_SARA/input_Nomina Electronica_form_templatej_idt24_input' is clickable

2022-03-09 12:40:56 - [TEST_STEP][PASSED] - setText(findTestObject("Modulo Tarea Administracion Compensacion/Descargar Nomina Electronica/Page_SARA/input_Nomina Electronica_form_templatej_idt24_input"), "Nomina Electronica"): Text 'Nomina Electronica' is set on object 'Object Repository/Modulo Tarea Administracion Compensacion/Descargar Nomina Electronica/Page_SARA/input_Nomina Electronica_form_templatej_idt24_input'

2022-03-09 12:40:57 - [MESSAGE][PASSED] - Text 'Nomina Electronica' is set on object 'Object Repository/Modulo Tarea Administracion Compensacion/Descargar Nomina Electronica/Page_SARA/input_Nomina Electronica_form_templatej_idt24_input'

2022-03-09 12:40:57 - [TEST_STEP][PASSED] - waitForElementClickable(findTestObject("Modulo Tarea Administracion Compensacion/Descargar Nomina Electronica/Page_SARA/span_Nomina Electronica"), 0): Object 'Object Repository/Modulo Tarea Administracion Compensacion/Descargar Nomina Electronica/Page_SARA/span_Nomina Electronica' is clickable

2022-03-09 12:40:57 - [MESSAGE][WARNING] - Timeout '0' is invalid. Using default page load timeout: '30'

2022-03-09 12:40:59 - [MESSAGE][PASSED] - Object 'Object Repository/Modulo Tarea Administracion Compensacion/Descargar Nomina Electronica/Page_SARA/span_Nomina Electronica' is clickable

2022-03-09 12:40:59 - [TEST_STEP][PASSED] - sendKeys(findTestObject("Modulo Tarea Administracion Compensacion/Descargar Nomina Electronica/Page_SARA/input_Nomina Electronica_form_templatej_idt24_input"), Keys.chord(ENTER)): Keys 'ENTER + ' sent to object: 'Object Repository/Modulo Tarea Administracion Compensacion/Descargar Nomina Electronica/Page_SARA/input_Nomina Electronica_form_templatej_idt24_input'

2022-03-09 12:40:59 - [MESSAGE][PASSED] - Keys 'ENTER + ' sent to object: 'Object Repository/Modulo Tarea Administracion Compensacion/Descargar Nomina Electronica/Page_SARA/input_Nomina Electronica_form_templatej_idt24_input'

2022-03-09 12:40:59 - [TEST_STEP][PASSED] - click(findTestObject("Modulo Tarea Administracion Compensacion/Descargar Nomina Electronica/td_Con inconsistencia")): Object: 'Object Repository/Modulo Tarea Administracion Compensacion/Descargar Nomina Electronica/td_Con inconsistencia' is clicked on

2022-03-09 12:41:01 - [MESSAGE][PASSED] - Object: 'Object Repository/Modulo Tarea Administracion Compensacion/Descargar Nomina Electronica/td_Con inconsistencia' is clicked on

2022-03-09 12:41:01 - [TEST_STEP][PASSED] - if (waitForElementClickable(findTestObject("Modulo Tarea Administracion Compensacion/Descargar Nomina Electronica/Page_SARA/span_Mendoza 2727 Empleado"), 1)): Web element with id: 'Object Repository/Modulo Tarea Administracion Compensacion/Descargar Nomina Electronica/Page_SARA/span_Mendoza 2727 Empleado' located by '//*/text()[normalize-space(.)='Mendoza 2727 Empleado']/parent::*' not found

2022-03-09 12:41:03 - [MESSAGE][INFO] - Unable to find the element located by 'By.xpath: //*/text()[normalize-space(.)='Mendoza 2727 Empleado']/parent::*'. Please recheck the objects properties to make sure the desired element is located. 

2022-03-09 12:41:03 - [MESSAGE][WARNING] - Web element with id: 'Object Repository/Modulo Tarea Administracion Compensacion/Descargar Nomina Electronica/Page_SARA/span_Mendoza 2727 Empleado' located by '//*/text()[normalize-space(.)='Mendoza 2727 Empleado']/parent::*' not found

2022-03-09 12:41:03 - [TEST_STEP][PASSED] - else: Delayed 2 second(s)

2022-03-09 12:41:03 - [TEST_STEP][PASSED] - click(findTestObject("Modulo Tarea Administracion Compensacion/Descargar Nomina Electronica/a_Generar_principal")): Object: 'Object Repository/Modulo Tarea Administracion Compensacion/Descargar Nomina Electronica/a_Generar_principal' is clicked on

2022-03-09 12:41:04 - [MESSAGE][PASSED] - Object: 'Object Repository/Modulo Tarea Administracion Compensacion/Descargar Nomina Electronica/a_Generar_principal' is clicked on

2022-03-09 12:41:04 - [TEST_STEP][PASSED] - click(findTestObject("Modulo Tarea Administracion Compensacion/Descargar Nomina Electronica/a_Generar_secundario")): Object: 'Object Repository/Modulo Tarea Administracion Compensacion/Descargar Nomina Electronica/a_Generar_secundario' is clicked on

2022-03-09 12:41:05 - [MESSAGE][PASSED] - Object: 'Object Repository/Modulo Tarea Administracion Compensacion/Descargar Nomina Electronica/a_Generar_secundario' is clicked on

2022-03-09 12:41:05 - [TEST_STEP][PASSED] - setText(findTestObject("Modulo Tarea Administracion Compensacion/Descargar Nomina Electronica/input_Estado_j_idt90j_idt119"), "Mendoza 2727 Empleado"): Text 'Mendoza 2727 Empleado' is set on object 'Object Repository/Modulo Tarea Administracion Compensacion/Descargar Nomina Electronica/input_Estado_j_idt90j_idt119'

2022-03-09 12:41:18 - [MESSAGE][PASSED] - Text 'Mendoza 2727 Empleado' is set on object 'Object Repository/Modulo Tarea Administracion Compensacion/Descargar Nomina Electronica/input_Estado_j_idt90j_idt119'

2022-03-09 12:41:18 - [TEST_STEP][PASSED] - sendKeys(findTestObject("Modulo Tarea Administracion Compensacion/Descargar Nomina Electronica/input_Estado_j_idt90j_idt119"), Keys.chord(ENTER)): Keys 'ENTER + ' sent to object: 'Object Repository/Modulo Tarea Administracion Compensacion/Descargar Nomina Electronica/input_Estado_j_idt90j_idt119'

2022-03-09 12:41:18 - [MESSAGE][PASSED] - Keys 'ENTER + ' sent to object: 'Object Repository/Modulo Tarea Administracion Compensacion/Descargar Nomina Electronica/input_Estado_j_idt90j_idt119'

2022-03-09 12:41:18 - [TEST_STEP][PASSED] - waitForElementClickable(findTestObject("Modulo Tarea Administracion Compensacion/Descargar Nomina Electronica/Page_SARA/span_Mendoza 2727 Empleado"), 0): Object 'Object Repository/Modulo Tarea Administracion Compensacion/Descargar Nomina Electronica/Page_SARA/span_Mendoza 2727 Empleado' is clickable

2022-03-09 12:41:19 - [MESSAGE][WARNING] - Timeout '0' is invalid. Using default page load timeout: '30'

2022-03-09 12:41:20 - [MESSAGE][PASSED] - Object 'Object Repository/Modulo Tarea Administracion Compensacion/Descargar Nomina Electronica/Page_SARA/span_Mendoza 2727 Empleado' is clickable

2022-03-09 12:41:20 - [TEST_STEP][PASSED] - click(findTestObject("Modulo Tarea Administracion Compensacion/Descargar Nomina Electronica/Page_SARA/span_Mendoza 2727 Empleado")): Object: 'Object Repository/Modulo Tarea Administracion Compensacion/Descargar Nomina Electronica/Page_SARA/span_Mendoza 2727 Empleado' is clicked on

2022-03-09 12:41:20 - [MESSAGE][PASSED] - Object: 'Object Repository/Modulo Tarea Administracion Compensacion/Descargar Nomina Electronica/Page_SARA/span_Mendoza 2727 Empleado' is clicked on

2022-03-09 12:41:20 - [TEST_STEP][PASSED] - click(findTestObject("Modulo Tarea Administracion Compensacion/Descargar Nomina Electronica/Page_SARA/a_Descargar1")): Object: 'Object Repository/Modulo Tarea Administracion Compensacion/Descargar Nomina Electronica/Page_SARA/a_Descargar1' is clicked on

2022-03-09 12:41:21 - [MESSAGE][PASSED] - Object: 'Object Repository/Modulo Tarea Administracion Compensacion/Descargar Nomina Electronica/Page_SARA/a_Descargar1' is clicked on

2022-03-09 12:41:21 - [TEST_STEP][PASSED] - waitForElementClickable(findTestObject("Modulo Tarea Administracion Compensacion/Descargar Nomina Electronica/Page_SARA/span_Si"), 0): Object 'Object Repository/Modulo Tarea Administracion Compensacion/Descargar Nomina Electronica/Page_SARA/span_Si' is clickable

2022-03-09 12:41:21 - [MESSAGE][WARNING] - Timeout '0' is invalid. Using default page load timeout: '30'

2022-03-09 12:41:22 - [MESSAGE][PASSED] - Object 'Object Repository/Modulo Tarea Administracion Compensacion/Descargar Nomina Electronica/Page_SARA/span_Si' is clickable

2022-03-09 12:41:22 - [TEST_STEP][PASSED] - click(findTestObject("Modulo Tarea Administracion Compensacion/Descargar Nomina Electronica/Page_SARA/span_Si")): Object: 'Object Repository/Modulo Tarea Administracion Compensacion/Descargar Nomina Electronica/Page_SARA/span_Si' is clicked on

2022-03-09 12:41:24 - [MESSAGE][PASSED] - Object: 'Object Repository/Modulo Tarea Administracion Compensacion/Descargar Nomina Electronica/Page_SARA/span_Si' is clicked on

2022-03-09 12:41:24 - [TEST_STEP][PASSED] - waitForElementClickable(findTestObject("Modulo Tarea Administracion Compensacion/Descargar Nomina Electronica/Page_SARA/a_Descargar2"), 0): Object 'Object Repository/Modulo Tarea Administracion Compensacion/Descargar Nomina Electronica/Page_SARA/a_Descargar2' is clickable

2022-03-09 12:41:24 - [MESSAGE][WARNING] - Timeout '0' is invalid. Using default page load timeout: '30'

2022-03-09 12:41:28 - [MESSAGE][PASSED] - Object 'Object Repository/Modulo Tarea Administracion Compensacion/Descargar Nomina Electronica/Page_SARA/a_Descargar2' is clickable

2022-03-09 12:41:28 - [TEST_STEP][PASSED] - click(findTestObject("Modulo Tarea Administracion Compensacion/Descargar Nomina Electronica/Page_SARA/a_Descargar2")): Object: 'Object Repository/Modulo Tarea Administracion Compensacion/Descargar Nomina Electronica/Page_SARA/a_Descargar2' is clicked on

2022-03-09 12:41:29 - [MESSAGE][PASSED] - Object: 'Object Repository/Modulo Tarea Administracion Compensacion/Descargar Nomina Electronica/Page_SARA/a_Descargar2' is clicked on

2022-03-09 12:41:29 - [TEST_STEP][PASSED] - delay(2): Delayed 2 second(s)

2022-03-09 12:41:31 - [MESSAGE][PASSED] - Delayed 2 second(s)

2022-03-09 12:41:31 - [TEST_STEP][PASSED] - closeBrowser(): Browser is closed

2022-03-09 12:41:32 - [MESSAGE][PASSED] - Browser is closed]]></system-out>
         <system-err><![CDATA[]]></system-err>
      </testcase>
      <testcase name="Test Cases/1.1-Tareas Principales/1.5.8 Reversar Nomina Electronica" time="18.509" classname="Test Cases/1.1-Tareas Principales/1.5.8 Reversar Nomina Electronica" status="PASSED">
         <system-out><![CDATA[2022-03-09 12:41:32 - [TEST_CASE][PASSED] - Test Cases/1.1-Tareas Principales/1.5.8 Reversar Nomina Electronica: Test Cases/1.1-Tareas Principales/1.5.8 Reversar Nomina Electronica

2022-03-09 12:41:32 - [TEST_STEP][PASSED] - callTestCase(findTestCase("0.1-Login"), [:], STOP_ON_FAILURE): Call Test Case 'Test Cases/0.1-Login' successfully

2022-03-09 12:41:32 - [TEST_CASE][PASSED] - Test Cases/0.1-Login: Test Cases/0.1-Login

2022-03-09 12:41:32 - [TEST_STEP][PASSED] - openBrowser(""): Browser is opened with url: ''

2022-03-09 12:41:32 - [MESSAGE][INFO] - Starting 'Chrome' driver

2022-03-09 12:41:32 - [MESSAGE][INFO] - Action delay is set to 0 milliseconds

2022-03-09 12:41:34 - [MESSAGE][PASSED] - Browser is opened with url: ''

2022-03-09 12:41:34 - [TEST_STEP][PASSED] - maximizeWindow(): Current window maximized

2022-03-09 12:41:34 - [MESSAGE][PASSED] - Current window maximized

2022-03-09 12:41:34 - [TEST_STEP][PASSED] - i = G_Login: null

2022-03-09 12:41:34 - [TEST_STEP][PASSED] - url = new java.net.URL(i): null

2022-03-09 12:41:34 - [TEST_STEP][PASSED] - println("URL: " + url.toString()): null

2022-03-09 12:41:34 - [TEST_STEP][PASSED] - connection = url.openConnection(): null

2022-03-09 12:41:34 - [TEST_STEP][PASSED] - connection.setRequestMethod("GET"): null

2022-03-09 12:41:34 - [TEST_STEP][PASSED] - connection.setReadTimeout(2 * 1000): null

2022-03-09 12:41:34 - [TEST_STEP][PASSED] - try: null

2022-03-09 12:41:34 - [TEST_STEP][PASSED] - connection.connect(): null

2022-03-09 12:41:34 - [TEST_STEP][PASSED] - flag = connected: null

2022-03-09 12:41:34 - [TEST_STEP][PASSED] - println("Valor_ori: " + flag): null

2022-03-09 12:41:34 - [TEST_STEP][PASSED] - if (flag): null

2022-03-09 12:41:34 - [TEST_STEP][PASSED] - navigateToUrl(i): Navigate to 'http://192.168.2.80:8380/saraweb' successfully

2022-03-09 12:41:37 - [MESSAGE][PASSED] - Navigate to 'http://192.168.2.80:8380/saraweb' successfully

2022-03-09 12:41:37 - [TEST_STEP][PASSED] - a(): null

2022-03-09 12:41:37 - [TEST_STEP][PASSED] - setText(findTestObject("Login/input_USUARIO_loginusuario"), G_Usuario): Text 'saraadmin' is set on object 'Object Repository/Login/input_USUARIO_loginusuario'

2022-03-09 12:41:38 - [MESSAGE][PASSED] - Text 'saraadmin' is set on object 'Object Repository/Login/input_USUARIO_loginusuario'

2022-03-09 12:41:38 - [TEST_STEP][PASSED] - setEncryptedText(findTestObject("Login/input_CLAVE_loginpassword"), "MkG4/TYiCFC3cb2driP7+Q=="): Text ****** has been set on object 'Object Repository/Login/input_CLAVE_loginpassword'

2022-03-09 12:41:39 - [MESSAGE][PASSED] - Text ****** has been set on object 'Object Repository/Login/input_CLAVE_loginpassword'

2022-03-09 12:41:39 - [TEST_STEP][PASSED] - waitForElementClickable(findTestObject("Login/a_Ingresar"), G_TimeOut): Object 'Object Repository/Login/a_Ingresar' is clickable

2022-03-09 12:41:40 - [MESSAGE][PASSED] - Object 'Object Repository/Login/a_Ingresar' is clickable

2022-03-09 12:41:40 - [TEST_STEP][PASSED] - click(findTestObject("Login/a_Ingresar")): Object: 'Object Repository/Login/a_Ingresar' is clicked on

2022-03-09 12:41:41 - [MESSAGE][PASSED] - Object: 'Object Repository/Login/a_Ingresar' is clicked on

2022-03-09 12:41:41 - [TEST_STEP][PASSED] - element = findWebElement(findTestObject("Login/a_Ir"), 30): null

2022-03-09 12:41:41 - [TEST_STEP][PASSED] - executeJavaScript("arguments[0].click()", Arrays.asList(element)): Execute JavaScript 'arguments[0].click()' successfully

2022-03-09 12:41:41 - [MESSAGE][PASSED] - Execute JavaScript 'arguments[0].click()' successfully

2022-03-09 12:41:41 - [MESSAGE][PASSED] - Call Test Case 'Test Cases/0.1-Login' successfully

2022-03-09 12:41:41 - [TEST_STEP][PASSED] - waitForElementClickable(findTestObject("Modulo Tarea Administracion Compensacion/Reversar Nomina Electronica/Page_SARA/input_Nomina Electronica_form_templatej_idt24_input"), 0): Object 'Object Repository/Modulo Tarea Administracion Compensacion/Reversar Nomina Electronica/Page_SARA/input_Nomina Electronica_form_templatej_idt24_input' is clickable

2022-03-09 12:41:42 - [MESSAGE][WARNING] - Timeout '0' is invalid. Using default page load timeout: '30'

2022-03-09 12:41:42 - [MESSAGE][PASSED] - Object 'Object Repository/Modulo Tarea Administracion Compensacion/Reversar Nomina Electronica/Page_SARA/input_Nomina Electronica_form_templatej_idt24_input' is clickable

2022-03-09 12:41:42 - [TEST_STEP][PASSED] - setText(findTestObject("Modulo Tarea Administracion Compensacion/Reversar Nomina Electronica/Page_SARA/input_Nomina Electronica_form_templatej_idt24_input"), "Nomina Electronica"): Text 'Nomina Electronica' is set on object 'Object Repository/Modulo Tarea Administracion Compensacion/Reversar Nomina Electronica/Page_SARA/input_Nomina Electronica_form_templatej_idt24_input'

2022-03-09 12:41:43 - [MESSAGE][PASSED] - Text 'Nomina Electronica' is set on object 'Object Repository/Modulo Tarea Administracion Compensacion/Reversar Nomina Electronica/Page_SARA/input_Nomina Electronica_form_templatej_idt24_input'

2022-03-09 12:41:43 - [TEST_STEP][PASSED] - waitForElementClickable(findTestObject("Modulo Tarea Administracion Compensacion/Reversar Nomina Electronica/Page_SARA/span_Nomina Electronica"), 0): Object 'Object Repository/Modulo Tarea Administracion Compensacion/Reversar Nomina Electronica/Page_SARA/span_Nomina Electronica' is clickable

2022-03-09 12:41:43 - [MESSAGE][WARNING] - Timeout '0' is invalid. Using default page load timeout: '30'

2022-03-09 12:41:44 - [MESSAGE][PASSED] - Object 'Object Repository/Modulo Tarea Administracion Compensacion/Reversar Nomina Electronica/Page_SARA/span_Nomina Electronica' is clickable

2022-03-09 12:41:44 - [TEST_STEP][PASSED] - sendKeys(findTestObject("Modulo Tarea Administracion Compensacion/Reversar Nomina Electronica/Page_SARA/input_Nomina Electronica_form_templatej_idt24_input"), Keys.chord(ENTER)): Keys 'ENTER + ' sent to object: 'Object Repository/Modulo Tarea Administracion Compensacion/Reversar Nomina Electronica/Page_SARA/input_Nomina Electronica_form_templatej_idt24_input'

2022-03-09 12:41:45 - [MESSAGE][PASSED] - Keys 'ENTER + ' sent to object: 'Object Repository/Modulo Tarea Administracion Compensacion/Reversar Nomina Electronica/Page_SARA/input_Nomina Electronica_form_templatej_idt24_input'

2022-03-09 12:41:45 - [TEST_STEP][PASSED] - waitForElementClickable(findTestObject("Modulo Tarea Administracion Compensacion/Reversar Nomina Electronica/Page_SARA/td_2021-07-01"), 0): Object 'Object Repository/Modulo Tarea Administracion Compensacion/Reversar Nomina Electronica/Page_SARA/td_2021-07-01' is clickable

2022-03-09 12:41:45 - [MESSAGE][WARNING] - Timeout '0' is invalid. Using default page load timeout: '30'

2022-03-09 12:41:47 - [MESSAGE][PASSED] - Object 'Object Repository/Modulo Tarea Administracion Compensacion/Reversar Nomina Electronica/Page_SARA/td_2021-07-01' is clickable

2022-03-09 12:41:47 - [TEST_STEP][PASSED] - click(findTestObject("Modulo Tarea Administracion Compensacion/Reversar Nomina Electronica/Page_SARA/td_2021-07-01")): Object: 'Object Repository/Modulo Tarea Administracion Compensacion/Reversar Nomina Electronica/Page_SARA/td_2021-07-01' is clicked on

2022-03-09 12:41:47 - [MESSAGE][PASSED] - Object: 'Object Repository/Modulo Tarea Administracion Compensacion/Reversar Nomina Electronica/Page_SARA/td_2021-07-01' is clicked on

2022-03-09 12:41:47 - [TEST_STEP][PASSED] - click(findTestObject("Modulo Tarea Administracion Compensacion/Reversar Nomina Electronica/Page_SARA/a_reversar")): Object: 'Object Repository/Modulo Tarea Administracion Compensacion/Reversar Nomina Electronica/Page_SARA/a_reversar' is clicked on

2022-03-09 12:41:49 - [MESSAGE][PASSED] - Object: 'Object Repository/Modulo Tarea Administracion Compensacion/Reversar Nomina Electronica/Page_SARA/a_reversar' is clicked on

2022-03-09 12:41:49 - [TEST_STEP][PASSED] - click(findTestObject("Modulo Tarea Administracion Compensacion/Reversar Nomina Electronica/Page_SARA/span_Si")): Object: 'Object Repository/Modulo Tarea Administracion Compensacion/Reversar Nomina Electronica/Page_SARA/span_Si' is clicked on

2022-03-09 12:41:49 - [MESSAGE][PASSED] - Object: 'Object Repository/Modulo Tarea Administracion Compensacion/Reversar Nomina Electronica/Page_SARA/span_Si' is clicked on

2022-03-09 12:41:49 - [TEST_STEP][PASSED] - closeBrowser(): Browser is closed

2022-03-09 12:41:50 - [MESSAGE][PASSED] - Browser is closed]]></system-out>
         <system-err><![CDATA[]]></system-err>
      </testcase>
      <testcase name="Test Cases/1.1-Tareas Principales/1.5.9 Crear Viáticos" time="195.763" classname="Test Cases/1.1-Tareas Principales/1.5.9 Crear Viáticos" status="FAILED">
         <failure type="FAILED" message="Test Cases/1.1-Tareas Principales/1.5.9 Crear Viáticos FAILED.
Reason:
com.kms.katalon.core.exception.StepFailedException: Unable to click on object 'Object Repository/Modulo Actos Administrativos/Modulo Viáticos/Crear viatico/Page_SARA/a_Entidades Vigiladas'
	at com.kms.katalon.core.webui.keyword.internal.WebUIKeywordMain.stepFailed(WebUIKeywordMain.groovy:64)
	at com.kms.katalon.core.webui.keyword.internal.WebUIKeywordMain.runKeyword(WebUIKeywordMain.groovy:26)
	at com.kms.katalon.core.webui.keyword.builtin.ClickKeyword.click(ClickKeyword.groovy:74)
	at com.kms.katalon.core.webui.keyword.builtin.ClickKeyword.execute(ClickKeyword.groovy:40)
	at com.kms.katalon.core.keyword.internal.KeywordExecutor.executeKeywordForPlatform(KeywordExecutor.groovy:74)
	at com.kms.katalon.core.webui.keyword.WebUiBuiltInKeywords.click(WebUiBuiltInKeywords.groovy:620)
	at com.kms.katalon.core.webui.keyword.WebUiBuiltInKeywords$click$5.call(Unknown Source)
	at 1.5.9 Crear Viáticos.run(1.5.9 Crear Viáticos:235)
	at com.kms.katalon.core.main.ScriptEngine.run(ScriptEngine.java:194)
	at com.kms.katalon.core.main.ScriptEngine.runScriptAsRawText(ScriptEngine.java:119)
	at com.kms.katalon.core.main.TestCaseExecutor.runScript(TestCaseExecutor.java:442)
	at com.kms.katalon.core.main.TestCaseExecutor.doExecute(TestCaseExecutor.java:433)
	at com.kms.katalon.core.main.TestCaseExecutor.processExecutionPhase(TestCaseExecutor.java:412)
	at com.kms.katalon.core.main.TestCaseExecutor.accessMainPhase(TestCaseExecutor.java:404)
	at com.kms.katalon.core.main.TestCaseExecutor.execute(TestCaseExecutor.java:281)
	at com.kms.katalon.core.main.TestSuiteExecutor.accessTestCaseMainPhase(TestSuiteExecutor.java:202)
	at com.kms.katalon.core.main.TestSuiteExecutor.accessTestSuiteMainPhase(TestSuiteExecutor.java:164)
	at com.kms.katalon.core.main.TestSuiteExecutor.execute(TestSuiteExecutor.java:105)
	at com.kms.katalon.core.main.TestCaseMain.startTestSuite(TestCaseMain.java:185)
	at com.kms.katalon.core.main.TestCaseMain$startTestSuite$0.call(Unknown Source)
	at TempTestSuite1646845129657.run(TempTestSuite1646845129657.groovy:36)
Caused by: com.kms.katalon.core.webui.exception.WebElementNotFoundException: Web element with id: 'Object Repository/Modulo Actos Administrativos/Modulo Viáticos/Crear viatico/Page_SARA/a_Entidades Vigiladas' located by '//a[contains(text(),'Entidades Vigiladas')]' not found
	at com.kms.katalon.core.webui.common.WebUiCommonHelper.findWebElement(WebUiCommonHelper.java:1370)
	at com.kms.katalon.core.webui.keyword.internal.WebUIAbstractKeyword.findWebElement(WebUIAbstractKeyword.groovy:27)
	at com.kms.katalon.core.webui.keyword.builtin.ClickKeyword$_click_closure1.doCall(ClickKeyword.groovy:65)
	at com.kms.katalon.core.webui.keyword.builtin.ClickKeyword$_click_closure1.call(ClickKeyword.groovy)
	at com.kms.katalon.core.webui.keyword.internal.WebUIKeywordMain.runKeyword(WebUIKeywordMain.groovy:20)
	... 19 more
"/>
         <system-out><![CDATA[2022-03-09 12:41:50 - [TEST_CASE][FAILED] - Test Cases/1.1-Tareas Principales/1.5.9 Crear Viáticos: Test Cases/1.1-Tareas Principales/1.5.9 Crear Viáticos FAILED.
Reason:
com.kms.katalon.core.exception.StepFailedException: Unable to click on object 'Object Repository/Modulo Actos Administrativos/Modulo Viáticos/Crear viatico/Page_SARA/a_Entidades Vigiladas'
	at com.kms.katalon.core.webui.keyword.internal.WebUIKeywordMain.stepFailed(WebUIKeywordMain.groovy:64)
	at com.kms.katalon.core.webui.keyword.internal.WebUIKeywordMain.runKeyword(WebUIKeywordMain.groovy:26)
	at com.kms.katalon.core.webui.keyword.builtin.ClickKeyword.click(ClickKeyword.groovy:74)
	at com.kms.katalon.core.webui.keyword.builtin.ClickKeyword.execute(ClickKeyword.groovy:40)
	at com.kms.katalon.core.keyword.internal.KeywordExecutor.executeKeywordForPlatform(KeywordExecutor.groovy:74)
	at com.kms.katalon.core.webui.keyword.WebUiBuiltInKeywords.click(WebUiBuiltInKeywords.groovy:620)
	at com.kms.katalon.core.webui.keyword.WebUiBuiltInKeywords$click$5.call(Unknown Source)
	at 1.5.9 Crear Viáticos.run(1.5.9 Crear Viáticos:235)
	at com.kms.katalon.core.main.ScriptEngine.run(ScriptEngine.java:194)
	at com.kms.katalon.core.main.ScriptEngine.runScriptAsRawText(ScriptEngine.java:119)
	at com.kms.katalon.core.main.TestCaseExecutor.runScript(TestCaseExecutor.java:442)
	at com.kms.katalon.core.main.TestCaseExecutor.doExecute(TestCaseExecutor.java:433)
	at com.kms.katalon.core.main.TestCaseExecutor.processExecutionPhase(TestCaseExecutor.java:412)
	at com.kms.katalon.core.main.TestCaseExecutor.accessMainPhase(TestCaseExecutor.java:404)
	at com.kms.katalon.core.main.TestCaseExecutor.execute(TestCaseExecutor.java:281)
	at com.kms.katalon.core.main.TestSuiteExecutor.accessTestCaseMainPhase(TestSuiteExecutor.java:202)
	at com.kms.katalon.core.main.TestSuiteExecutor.accessTestSuiteMainPhase(TestSuiteExecutor.java:164)
	at com.kms.katalon.core.main.TestSuiteExecutor.execute(TestSuiteExecutor.java:105)
	at com.kms.katalon.core.main.TestCaseMain.startTestSuite(TestCaseMain.java:185)
	at com.kms.katalon.core.main.TestCaseMain$startTestSuite$0.call(Unknown Source)
	at TempTestSuite1646845129657.run(TempTestSuite1646845129657.groovy:36)
Caused by: com.kms.katalon.core.webui.exception.WebElementNotFoundException: Web element with id: 'Object Repository/Modulo Actos Administrativos/Modulo Viáticos/Crear viatico/Page_SARA/a_Entidades Vigiladas' located by '//a[contains(text(),'Entidades Vigiladas')]' not found
	at com.kms.katalon.core.webui.common.WebUiCommonHelper.findWebElement(WebUiCommonHelper.java:1370)
	at com.kms.katalon.core.webui.keyword.internal.WebUIAbstractKeyword.findWebElement(WebUIAbstractKeyword.groovy:27)
	at com.kms.katalon.core.webui.keyword.builtin.ClickKeyword$_click_closure1.doCall(ClickKeyword.groovy:65)
	at com.kms.katalon.core.webui.keyword.builtin.ClickKeyword$_click_closure1.call(ClickKeyword.groovy)
	at com.kms.katalon.core.webui.keyword.internal.WebUIKeywordMain.runKeyword(WebUIKeywordMain.groovy:20)
	... 19 more


2022-03-09 12:41:51 - [TEST_STEP][PASSED] - callTestCase(findTestCase("0.1-Login"), [:], STOP_ON_FAILURE): Call Test Case 'Test Cases/0.1-Login' successfully

2022-03-09 12:41:51 - [TEST_CASE][PASSED] - Test Cases/0.1-Login: Test Cases/0.1-Login

2022-03-09 12:41:51 - [TEST_STEP][PASSED] - openBrowser(""): Browser is opened with url: ''

2022-03-09 12:41:51 - [MESSAGE][INFO] - Starting 'Chrome' driver

2022-03-09 12:41:51 - [MESSAGE][INFO] - Action delay is set to 0 milliseconds

2022-03-09 12:41:52 - [MESSAGE][PASSED] - Browser is opened with url: ''

2022-03-09 12:41:52 - [TEST_STEP][PASSED] - maximizeWindow(): Current window maximized

2022-03-09 12:41:52 - [MESSAGE][PASSED] - Current window maximized

2022-03-09 12:41:52 - [TEST_STEP][PASSED] - i = G_Login: null

2022-03-09 12:41:52 - [TEST_STEP][PASSED] - url = new java.net.URL(i): null

2022-03-09 12:41:52 - [TEST_STEP][PASSED] - println("URL: " + url.toString()): null

2022-03-09 12:41:52 - [TEST_STEP][PASSED] - connection = url.openConnection(): null

2022-03-09 12:41:52 - [TEST_STEP][PASSED] - connection.setRequestMethod("GET"): null

2022-03-09 12:41:52 - [TEST_STEP][PASSED] - connection.setReadTimeout(2 * 1000): null

2022-03-09 12:41:52 - [TEST_STEP][PASSED] - try: null

2022-03-09 12:41:52 - [TEST_STEP][PASSED] - connection.connect(): null

2022-03-09 12:41:52 - [TEST_STEP][PASSED] - flag = connected: null

2022-03-09 12:41:52 - [TEST_STEP][PASSED] - println("Valor_ori: " + flag): null

2022-03-09 12:41:52 - [TEST_STEP][PASSED] - if (flag): null

2022-03-09 12:41:52 - [TEST_STEP][PASSED] - navigateToUrl(i): Navigate to 'http://192.168.2.80:8380/saraweb' successfully

2022-03-09 12:41:53 - [MESSAGE][PASSED] - Navigate to 'http://192.168.2.80:8380/saraweb' successfully

2022-03-09 12:41:53 - [TEST_STEP][PASSED] - a(): null

2022-03-09 12:41:53 - [TEST_STEP][PASSED] - setText(findTestObject("Login/input_USUARIO_loginusuario"), G_Usuario): Text 'saraadmin' is set on object 'Object Repository/Login/input_USUARIO_loginusuario'

2022-03-09 12:41:54 - [MESSAGE][PASSED] - Text 'saraadmin' is set on object 'Object Repository/Login/input_USUARIO_loginusuario'

2022-03-09 12:41:54 - [TEST_STEP][PASSED] - setEncryptedText(findTestObject("Login/input_CLAVE_loginpassword"), "MkG4/TYiCFC3cb2driP7+Q=="): Text ****** has been set on object 'Object Repository/Login/input_CLAVE_loginpassword'

2022-03-09 12:41:54 - [MESSAGE][PASSED] - Text ****** has been set on object 'Object Repository/Login/input_CLAVE_loginpassword'

2022-03-09 12:41:54 - [TEST_STEP][PASSED] - waitForElementClickable(findTestObject("Login/a_Ingresar"), G_TimeOut): Object 'Object Repository/Login/a_Ingresar' is clickable

2022-03-09 12:41:55 - [MESSAGE][PASSED] - Object 'Object Repository/Login/a_Ingresar' is clickable

2022-03-09 12:41:55 - [TEST_STEP][PASSED] - click(findTestObject("Login/a_Ingresar")): Object: 'Object Repository/Login/a_Ingresar' is clicked on

2022-03-09 12:41:56 - [MESSAGE][PASSED] - Object: 'Object Repository/Login/a_Ingresar' is clicked on

2022-03-09 12:41:56 - [TEST_STEP][PASSED] - element = findWebElement(findTestObject("Login/a_Ir"), 30): null

2022-03-09 12:41:56 - [TEST_STEP][PASSED] - executeJavaScript("arguments[0].click()", Arrays.asList(element)): Execute JavaScript 'arguments[0].click()' successfully

2022-03-09 12:41:56 - [MESSAGE][PASSED] - Execute JavaScript 'arguments[0].click()' successfully

2022-03-09 12:41:56 - [MESSAGE][PASSED] - Call Test Case 'Test Cases/0.1-Login' successfully

2022-03-09 12:41:56 - [TEST_STEP][PASSED] - waitForElementVisible(findTestObject("Modulo Actos Administrativos/Modulo Viáticos/Crear viatico/Page_SARA/input_ADMINISTRADOR DEL SISTEMA - SARA_form_templatej_idt24_input"), 0): Object 'Object Repository/Modulo Actos Administrativos/Modulo Viáticos/Crear viatico/Page_SARA/input_ADMINISTRADOR DEL SISTEMA - SARA_form_templatej_idt24_input' is visible

2022-03-09 12:41:57 - [MESSAGE][WARNING] - Timeout '0' is invalid. Using default page load timeout: '30'

2022-03-09 12:41:58 - [MESSAGE][PASSED] - Object 'Object Repository/Modulo Actos Administrativos/Modulo Viáticos/Crear viatico/Page_SARA/input_ADMINISTRADOR DEL SISTEMA - SARA_form_templatej_idt24_input' is visible

2022-03-09 12:41:58 - [TEST_STEP][PASSED] - setText(findTestObject("Modulo Actos Administrativos/Modulo Viáticos/Crear viatico/Page_SARA/input_ADMINISTRADOR DEL SISTEMA - SARA_form_templatej_idt24_input"), "listado de viaticos"): Text 'listado de viaticos' is set on object 'Object Repository/Modulo Actos Administrativos/Modulo Viáticos/Crear viatico/Page_SARA/input_ADMINISTRADOR DEL SISTEMA - SARA_form_templatej_idt24_input'

2022-03-09 12:41:59 - [MESSAGE][PASSED] - Text 'listado de viaticos' is set on object 'Object Repository/Modulo Actos Administrativos/Modulo Viáticos/Crear viatico/Page_SARA/input_ADMINISTRADOR DEL SISTEMA - SARA_form_templatej_idt24_input'

2022-03-09 12:41:59 - [TEST_STEP][PASSED] - waitForElementClickable(findTestObject("Modulo Actos Administrativos/Modulo Viáticos/Crear viatico/Page_SARA/li_Listado de Viaticos (act)"), 0): Object 'Object Repository/Modulo Actos Administrativos/Modulo Viáticos/Crear viatico/Page_SARA/li_Listado de Viaticos (act)' is clickable

2022-03-09 12:41:59 - [MESSAGE][WARNING] - Timeout '0' is invalid. Using default page load timeout: '30'

2022-03-09 12:42:01 - [MESSAGE][PASSED] - Object 'Object Repository/Modulo Actos Administrativos/Modulo Viáticos/Crear viatico/Page_SARA/li_Listado de Viaticos (act)' is clickable

2022-03-09 12:42:01 - [TEST_STEP][PASSED] - sendKeys(findTestObject("Modulo Actos Administrativos/Modulo Viáticos/Crear viatico/Page_SARA/input_ADMINISTRADOR DEL SISTEMA - SARA_form_templatej_idt24_input"), Keys.chord(ENTER)): Keys 'ENTER + ' sent to object: 'Object Repository/Modulo Actos Administrativos/Modulo Viáticos/Crear viatico/Page_SARA/input_ADMINISTRADOR DEL SISTEMA - SARA_form_templatej_idt24_input'

2022-03-09 12:42:02 - [MESSAGE][PASSED] - Keys 'ENTER + ' sent to object: 'Object Repository/Modulo Actos Administrativos/Modulo Viáticos/Crear viatico/Page_SARA/input_ADMINISTRADOR DEL SISTEMA - SARA_form_templatej_idt24_input'

2022-03-09 12:42:02 - [TEST_STEP][PASSED] - setText(findTestObject("Modulo Actos Administrativos/Modulo Viáticos/Crear viatico/input_Ao_form_listadoviaticosanio"), "2021"): Text '2021' is set on object 'Object Repository/Modulo Actos Administrativos/Modulo Viáticos/Crear viatico/input_Ao_form_listadoviaticosanio'

2022-03-09 12:42:04 - [MESSAGE][PASSED] - Text '2021' is set on object 'Object Repository/Modulo Actos Administrativos/Modulo Viáticos/Crear viatico/input_Ao_form_listadoviaticosanio'

2022-03-09 12:42:04 - [TEST_STEP][PASSED] - sendKeys(findTestObject("Modulo Actos Administrativos/Modulo Viáticos/Crear viatico/input_Ao_form_listadoviaticosanio"), Keys.chord(ENTER)): Keys 'ENTER + ' sent to object: 'Object Repository/Modulo Actos Administrativos/Modulo Viáticos/Crear viatico/input_Ao_form_listadoviaticosanio'

2022-03-09 12:42:04 - [MESSAGE][PASSED] - Keys 'ENTER + ' sent to object: 'Object Repository/Modulo Actos Administrativos/Modulo Viáticos/Crear viatico/input_Ao_form_listadoviaticosanio'

2022-03-09 12:42:04 - [TEST_STEP][PASSED] - click(findTestObject("Modulo Actos Administrativos/Modulo Viáticos/Crear viatico/a_Nuevo_modificar")): Object: 'Object Repository/Modulo Actos Administrativos/Modulo Viáticos/Crear viatico/a_Nuevo_modificar' is clicked on

2022-03-09 12:42:05 - [MESSAGE][PASSED] - Object: 'Object Repository/Modulo Actos Administrativos/Modulo Viáticos/Crear viatico/a_Nuevo_modificar' is clicked on

2022-03-09 12:42:05 - [TEST_STEP][PASSED] - click(findTestObject("Modulo Actos Administrativos/Modulo Viáticos/Crear viatico/span_Modificar una solicitud de vitico")): Object: 'Object Repository/Modulo Actos Administrativos/Modulo Viáticos/Crear viatico/span_Modificar una solicitud de vitico' is clicked on

2022-03-09 12:42:06 - [MESSAGE][PASSED] - Object: 'Object Repository/Modulo Actos Administrativos/Modulo Viáticos/Crear viatico/span_Modificar una solicitud de vitico' is clicked on

2022-03-09 12:42:06 - [TEST_STEP][PASSED] - setText(findTestObject("Modulo Actos Administrativos/Modulo Viáticos/Crear viatico/input_Documento_popupViaticoProgramadoFormfechaViat_input"), "01/07/2021"): Text '01/07/2021' is set on object 'Object Repository/Modulo Actos Administrativos/Modulo Viáticos/Crear viatico/input_Documento_popupViaticoProgramadoFormfechaViat_input'

2022-03-09 12:42:09 - [MESSAGE][PASSED] - Text '01/07/2021' is set on object 'Object Repository/Modulo Actos Administrativos/Modulo Viáticos/Crear viatico/input_Documento_popupViaticoProgramadoFormfechaViat_input'

2022-03-09 12:42:09 - [TEST_STEP][PASSED] - sendKeys(findTestObject("Modulo Actos Administrativos/Modulo Viáticos/Crear viatico/input_Documento_popupViaticoProgramadoFormfechaViat_input"), Keys.chord(ENTER)): Keys 'ENTER + ' sent to object: 'Object Repository/Modulo Actos Administrativos/Modulo Viáticos/Crear viatico/input_Documento_popupViaticoProgramadoFormfechaViat_input'

2022-03-09 12:42:09 - [MESSAGE][PASSED] - Keys 'ENTER + ' sent to object: 'Object Repository/Modulo Actos Administrativos/Modulo Viáticos/Crear viatico/input_Documento_popupViaticoProgramadoFormfechaViat_input'

2022-03-09 12:42:09 - [TEST_STEP][PASSED] - if (waitForElementVisible(findTestObject("Modulo Actos Administrativos/Modulo Viáticos/Crear viatico/td_Programada"), 1)): Web element with id: 'Object Repository/Modulo Actos Administrativos/Modulo Viáticos/Crear viatico/td_Programada' located by '(.//*[normalize-space(text()) and normalize-space(.)='Diaz Blanco Guisell'])[10]/following::td[1]' not found

2022-03-09 12:42:11 - [MESSAGE][INFO] - Unable to find the element located by 'By.xpath: (.//*[normalize-space(text()) and normalize-space(.)='Diaz Blanco Guisell'])[10]/following::td[1]'. Please recheck the objects properties to make sure the desired element is located. 

2022-03-09 12:42:11 - [MESSAGE][WARNING] - Web element with id: 'Object Repository/Modulo Actos Administrativos/Modulo Viáticos/Crear viatico/td_Programada' located by '(.//*[normalize-space(text()) and normalize-space(.)='Diaz Blanco Guisell'])[10]/following::td[1]' not found

2022-03-09 12:42:11 - [TEST_STEP][PASSED] - else: Object: 'Object Repository/Modulo Actos Administrativos/Modulo Viáticos/Crear viatico/span_Derogada_ui-icon ui-icon-closethick' is clicked on

2022-03-09 12:42:11 - [TEST_STEP][PASSED] - click(findTestObject("Modulo Actos Administrativos/Modulo Viáticos/Crear viatico/span_Derogada_ui-icon ui-icon-closethick")): Object: 'Object Repository/Modulo Actos Administrativos/Modulo Viáticos/Crear viatico/span_Derogada_ui-icon ui-icon-closethick' is clicked on

2022-03-09 12:42:12 - [MESSAGE][PASSED] - Object: 'Object Repository/Modulo Actos Administrativos/Modulo Viáticos/Crear viatico/span_Derogada_ui-icon ui-icon-closethick' is clicked on

2022-03-09 12:42:12 - [TEST_STEP][PASSED] - selectOptionByIndex(findTestObject("Modulo Actos Administrativos/Modulo Viáticos/Crear viatico/select_--Seleccione--Estado"), 2): All options with index in [2] are selected on object 'Object Repository/Modulo Actos Administrativos/Modulo Viáticos/Crear viatico/select_--Seleccione--Estado'

2022-03-09 12:42:13 - [MESSAGE][PASSED] - All options with index in [2] are selected on object 'Object Repository/Modulo Actos Administrativos/Modulo Viáticos/Crear viatico/select_--Seleccione--Estado'

2022-03-09 12:42:13 - [TEST_STEP][PASSED] - if (waitForElementClickable(findTestObject("Modulo Actos Administrativos/Modulo Viáticos/Crear viatico/span_01.07.2021"), 1)): null

2022-03-09 12:42:14 - [MESSAGE][PASSED] - Object 'Object Repository/Modulo Actos Administrativos/Modulo Viáticos/Crear viatico/span_01.07.2021' is clickable

2022-03-09 12:42:14 - [TEST_STEP][PASSED] - callTestCase(findTestCase("1.1-Tareas Principales/1.7.3 Eliminar Viàtico"), [:], STOP_ON_FAILURE): Call Test Case 'Test Cases/1.1-Tareas Principales/1.7.3 Eliminar Viàtico' successfully

2022-03-09 12:42:14 - [TEST_CASE][PASSED] - Test Cases/1.1-Tareas Principales/1.7.3 Eliminar Viàtico: Test Cases/1.1-Tareas Principales/1.7.3 Eliminar Viàtico

2022-03-09 12:42:14 - [TEST_STEP][PASSED] - callTestCase(findTestCase("0.1-Login"), [:], STOP_ON_FAILURE): Call Test Case 'Test Cases/0.1-Login' successfully

2022-03-09 12:42:14 - [TEST_CASE][PASSED] - Test Cases/0.1-Login: Test Cases/0.1-Login

2022-03-09 12:42:15 - [TEST_STEP][PASSED] - openBrowser(""): Browser is opened with url: ''

2022-03-09 12:42:15 - [MESSAGE][WARNING] - A browser is already opened. Closing browser and opening a new one

2022-03-09 12:42:16 - [MESSAGE][INFO] - Starting 'Chrome' driver

2022-03-09 12:42:16 - [MESSAGE][INFO] - Action delay is set to 0 milliseconds

2022-03-09 12:42:18 - [MESSAGE][PASSED] - Browser is opened with url: ''

2022-03-09 12:42:18 - [TEST_STEP][PASSED] - maximizeWindow(): Current window maximized

2022-03-09 12:42:18 - [MESSAGE][PASSED] - Current window maximized

2022-03-09 12:42:18 - [TEST_STEP][PASSED] - i = G_Login: null

2022-03-09 12:42:18 - [TEST_STEP][PASSED] - url = new java.net.URL(i): null

2022-03-09 12:42:18 - [TEST_STEP][PASSED] - println("URL: " + url.toString()): null

2022-03-09 12:42:18 - [TEST_STEP][PASSED] - connection = url.openConnection(): null

2022-03-09 12:42:18 - [TEST_STEP][PASSED] - connection.setRequestMethod("GET"): null

2022-03-09 12:42:18 - [TEST_STEP][PASSED] - connection.setReadTimeout(2 * 1000): null

2022-03-09 12:42:18 - [TEST_STEP][PASSED] - try: null

2022-03-09 12:42:18 - [TEST_STEP][PASSED] - connection.connect(): null

2022-03-09 12:42:18 - [TEST_STEP][PASSED] - flag = connected: null

2022-03-09 12:42:18 - [TEST_STEP][PASSED] - println("Valor_ori: " + flag): null

2022-03-09 12:42:18 - [TEST_STEP][PASSED] - if (flag): null

2022-03-09 12:42:18 - [TEST_STEP][PASSED] - navigateToUrl(i): Navigate to 'http://192.168.2.80:8380/saraweb' successfully

2022-03-09 12:42:19 - [MESSAGE][PASSED] - Navigate to 'http://192.168.2.80:8380/saraweb' successfully

2022-03-09 12:42:19 - [TEST_STEP][PASSED] - a(): null

2022-03-09 12:42:19 - [TEST_STEP][PASSED] - setText(findTestObject("Login/input_USUARIO_loginusuario"), G_Usuario): Text 'saraadmin' is set on object 'Object Repository/Login/input_USUARIO_loginusuario'

2022-03-09 12:42:20 - [MESSAGE][PASSED] - Text 'saraadmin' is set on object 'Object Repository/Login/input_USUARIO_loginusuario'

2022-03-09 12:42:20 - [TEST_STEP][PASSED] - setEncryptedText(findTestObject("Login/input_CLAVE_loginpassword"), "MkG4/TYiCFC3cb2driP7+Q=="): Text ****** has been set on object 'Object Repository/Login/input_CLAVE_loginpassword'

2022-03-09 12:42:21 - [MESSAGE][PASSED] - Text ****** has been set on object 'Object Repository/Login/input_CLAVE_loginpassword'

2022-03-09 12:42:21 - [TEST_STEP][PASSED] - waitForElementClickable(findTestObject("Login/a_Ingresar"), G_TimeOut): Object 'Object Repository/Login/a_Ingresar' is clickable

2022-03-09 12:42:21 - [MESSAGE][PASSED] - Object 'Object Repository/Login/a_Ingresar' is clickable

2022-03-09 12:42:21 - [TEST_STEP][PASSED] - click(findTestObject("Login/a_Ingresar")): Object: 'Object Repository/Login/a_Ingresar' is clicked on

2022-03-09 12:42:23 - [MESSAGE][PASSED] - Object: 'Object Repository/Login/a_Ingresar' is clicked on

2022-03-09 12:42:23 - [TEST_STEP][PASSED] - element = findWebElement(findTestObject("Login/a_Ir"), 30): null

2022-03-09 12:42:23 - [TEST_STEP][PASSED] - executeJavaScript("arguments[0].click()", Arrays.asList(element)): Execute JavaScript 'arguments[0].click()' successfully

2022-03-09 12:42:23 - [MESSAGE][PASSED] - Execute JavaScript 'arguments[0].click()' successfully

2022-03-09 12:42:23 - [MESSAGE][PASSED] - Call Test Case 'Test Cases/0.1-Login' successfully

2022-03-09 12:42:23 - [TEST_STEP][PASSED] - waitForElementClickable(findTestObject("Modulo Actos Administrativos/Modulo Viáticos/Eliminar Viàticos/input_ADMINISTRADOR DEL SISTEMA - SARA_form_templatej_idt24_input"), 0): Object 'Object Repository/Modulo Actos Administrativos/Modulo Viáticos/Eliminar Viàticos/input_ADMINISTRADOR DEL SISTEMA - SARA_form_templatej_idt24_input' is clickable

2022-03-09 12:42:24 - [MESSAGE][WARNING] - Timeout '0' is invalid. Using default page load timeout: '30'

2022-03-09 12:42:24 - [MESSAGE][PASSED] - Object 'Object Repository/Modulo Actos Administrativos/Modulo Viáticos/Eliminar Viàticos/input_ADMINISTRADOR DEL SISTEMA - SARA_form_templatej_idt24_input' is clickable

2022-03-09 12:42:24 - [TEST_STEP][PASSED] - setText(findTestObject("Modulo Actos Administrativos/Modulo Viáticos/Eliminar Viàticos/input_ADMINISTRADOR DEL SISTEMA - SARA_form_templatej_idt24_input"), "Listado de Viaticos"): Text 'Listado de Viaticos' is set on object 'Object Repository/Modulo Actos Administrativos/Modulo Viáticos/Eliminar Viàticos/input_ADMINISTRADOR DEL SISTEMA - SARA_form_templatej_idt24_input'

2022-03-09 12:42:25 - [MESSAGE][PASSED] - Text 'Listado de Viaticos' is set on object 'Object Repository/Modulo Actos Administrativos/Modulo Viáticos/Eliminar Viàticos/input_ADMINISTRADOR DEL SISTEMA - SARA_form_templatej_idt24_input'

2022-03-09 12:42:25 - [TEST_STEP][PASSED] - waitForElementClickable(findTestObject("Modulo Actos Administrativos/Modulo Viáticos/Eliminar Viàticos/li_Listado de Viaticos (act)"), 0): Object 'Object Repository/Modulo Actos Administrativos/Modulo Viáticos/Eliminar Viàticos/li_Listado de Viaticos (act)' is clickable

2022-03-09 12:42:25 - [MESSAGE][WARNING] - Timeout '0' is invalid. Using default page load timeout: '30'

2022-03-09 12:42:27 - [MESSAGE][PASSED] - Object 'Object Repository/Modulo Actos Administrativos/Modulo Viáticos/Eliminar Viàticos/li_Listado de Viaticos (act)' is clickable

2022-03-09 12:42:27 - [TEST_STEP][PASSED] - sendKeys(findTestObject("Modulo Actos Administrativos/Modulo Viáticos/Eliminar Viàticos/input_ADMINISTRADOR DEL SISTEMA - SARA_form_templatej_idt24_input"), Keys.chord(ENTER)): Keys 'ENTER + ' sent to object: 'Object Repository/Modulo Actos Administrativos/Modulo Viáticos/Eliminar Viàticos/input_ADMINISTRADOR DEL SISTEMA - SARA_form_templatej_idt24_input'

2022-03-09 12:42:28 - [MESSAGE][PASSED] - Keys 'ENTER + ' sent to object: 'Object Repository/Modulo Actos Administrativos/Modulo Viáticos/Eliminar Viàticos/input_ADMINISTRADOR DEL SISTEMA - SARA_form_templatej_idt24_input'

2022-03-09 12:42:28 - [TEST_STEP][PASSED] - setText(findTestObject("Modulo Actos Administrativos/Modulo Viáticos/Crear viatico/input_Ao_form_listadoviaticosanio"), "2021"): Text '2021' is set on object 'Object Repository/Modulo Actos Administrativos/Modulo Viáticos/Crear viatico/input_Ao_form_listadoviaticosanio'

2022-03-09 12:42:30 - [MESSAGE][PASSED] - Text '2021' is set on object 'Object Repository/Modulo Actos Administrativos/Modulo Viáticos/Crear viatico/input_Ao_form_listadoviaticosanio'

2022-03-09 12:42:30 - [TEST_STEP][PASSED] - sendKeys(findTestObject("Modulo Actos Administrativos/Modulo Viáticos/Crear viatico/input_Ao_form_listadoviaticosanio"), Keys.chord(ENTER)): Keys 'ENTER + ' sent to object: 'Object Repository/Modulo Actos Administrativos/Modulo Viáticos/Crear viatico/input_Ao_form_listadoviaticosanio'

2022-03-09 12:42:30 - [MESSAGE][PASSED] - Keys 'ENTER + ' sent to object: 'Object Repository/Modulo Actos Administrativos/Modulo Viáticos/Crear viatico/input_Ao_form_listadoviaticosanio'

2022-03-09 12:42:30 - [TEST_STEP][PASSED] - waitForElementClickable(findTestObject("Modulo Actos Administrativos/Modulo Viáticos/Eliminar Viàticos/select_--Seleccione--AnuladoAutorizadaDerogadaNo AutorizadaProgramadaSolicitado"), 0): Object 'Object Repository/Modulo Actos Administrativos/Modulo Viáticos/Eliminar Viàticos/select_--Seleccione--AnuladoAutorizadaDerogadaNo AutorizadaProgramadaSolicitado' is clickable

2022-03-09 12:42:30 - [MESSAGE][WARNING] - Timeout '0' is invalid. Using default page load timeout: '30'

2022-03-09 12:42:31 - [MESSAGE][PASSED] - Object 'Object Repository/Modulo Actos Administrativos/Modulo Viáticos/Eliminar Viàticos/select_--Seleccione--AnuladoAutorizadaDerogadaNo AutorizadaProgramadaSolicitado' is clickable

2022-03-09 12:42:31 - [TEST_STEP][PASSED] - selectOptionByIndex(findTestObject("Modulo Actos Administrativos/Modulo Viáticos/Eliminar Viàticos/select_--Seleccione--AnuladoAutorizadaDerogadaNo AutorizadaProgramadaSolicitado"), 5): All options with index in [5] are selected on object 'Object Repository/Modulo Actos Administrativos/Modulo Viáticos/Eliminar Viàticos/select_--Seleccione--AnuladoAutorizadaDerogadaNo AutorizadaProgramadaSolicitado'

2022-03-09 12:42:33 - [MESSAGE][PASSED] - All options with index in [5] are selected on object 'Object Repository/Modulo Actos Administrativos/Modulo Viáticos/Eliminar Viàticos/select_--Seleccione--AnuladoAutorizadaDerogadaNo AutorizadaProgramadaSolicitado'

2022-03-09 12:42:33 - [TEST_STEP][PASSED] - click(findTestObject("Modulo Actos Administrativos/Modulo Viáticos/Eliminar Viàticos/a_Nuevo")): Object: 'Object Repository/Modulo Actos Administrativos/Modulo Viáticos/Eliminar Viàticos/a_Nuevo' is clicked on

2022-03-09 12:42:34 - [MESSAGE][PASSED] - Object: 'Object Repository/Modulo Actos Administrativos/Modulo Viáticos/Eliminar Viàticos/a_Nuevo' is clicked on

2022-03-09 12:42:34 - [TEST_STEP][PASSED] - click(findTestObject("Modulo Actos Administrativos/Modulo Viáticos/Eliminar Viàticos/span_Modificar una solicitud de vitico")): Object: 'Object Repository/Modulo Actos Administrativos/Modulo Viáticos/Eliminar Viàticos/span_Modificar una solicitud de vitico' is clicked on

2022-03-09 12:42:35 - [MESSAGE][PASSED] - Object: 'Object Repository/Modulo Actos Administrativos/Modulo Viáticos/Eliminar Viàticos/span_Modificar una solicitud de vitico' is clicked on

2022-03-09 12:42:35 - [TEST_STEP][PASSED] - setText(findTestObject("Modulo Actos Administrativos/Modulo Viáticos/Eliminar Viàticos/input_Documento_form_listadoviaticosfechaViat_input"), "01/07/2021"): Text '01/07/2021' is set on object 'Object Repository/Modulo Actos Administrativos/Modulo Viáticos/Eliminar Viàticos/input_Documento_form_listadoviaticosfechaViat_input'

2022-03-09 12:42:36 - [MESSAGE][PASSED] - Text '01/07/2021' is set on object 'Object Repository/Modulo Actos Administrativos/Modulo Viáticos/Eliminar Viàticos/input_Documento_form_listadoviaticosfechaViat_input'

2022-03-09 12:42:36 - [TEST_STEP][PASSED] - sendKeys(findTestObject("Modulo Actos Administrativos/Modulo Viáticos/Eliminar Viàticos/input_Documento_form_listadoviaticosfechaViat_input"), Keys.chord(ENTER)): Keys 'ENTER + ' sent to object: 'Object Repository/Modulo Actos Administrativos/Modulo Viáticos/Eliminar Viàticos/input_Documento_form_listadoviaticosfechaViat_input'

2022-03-09 12:42:37 - [MESSAGE][PASSED] - Keys 'ENTER + ' sent to object: 'Object Repository/Modulo Actos Administrativos/Modulo Viáticos/Eliminar Viàticos/input_Documento_form_listadoviaticosfechaViat_input'

2022-03-09 12:42:37 - [TEST_STEP][PASSED] - if (waitForElementVisible(findTestObject("Modulo Actos Administrativos/Modulo Viáticos/Eliminar Viàticos/td_01072021"), 1)): Web element with id: 'Object Repository/Modulo Actos Administrativos/Modulo Viáticos/Eliminar Viàticos/td_01072021' located by '//div[2]/div/div/table/tbody/tr/td/table/tbody/tr/td[2]' not found

2022-03-09 12:42:39 - [MESSAGE][INFO] - Unable to find the element located by 'By.xpath: //div[2]/div/div/table/tbody/tr/td/table/tbody/tr/td[2]'. Please recheck the objects properties to make sure the desired element is located. 

2022-03-09 12:42:39 - [MESSAGE][WARNING] - Web element with id: 'Object Repository/Modulo Actos Administrativos/Modulo Viáticos/Eliminar Viàticos/td_01072021' located by '//div[2]/div/div/table/tbody/tr/td/table/tbody/tr/td[2]' not found

2022-03-09 12:42:39 - [TEST_STEP][PASSED] - else: null

2022-03-09 12:42:39 - [TEST_STEP][PASSED] - click(findTestObject("Modulo Actos Administrativos/Modulo Viáticos/Eliminar Viàticos/span_Cerrar_Modificar_viaticos")): Object: 'Object Repository/Modulo Actos Administrativos/Modulo Viáticos/Eliminar Viàticos/span_Cerrar_Modificar_viaticos' is clicked on

2022-03-09 12:42:40 - [MESSAGE][PASSED] - Object: 'Object Repository/Modulo Actos Administrativos/Modulo Viáticos/Eliminar Viàticos/span_Cerrar_Modificar_viaticos' is clicked on

2022-03-09 12:42:40 - [TEST_STEP][PASSED] - selectOptionByIndex(findTestObject("Modulo Actos Administrativos/Modulo Viáticos/Eliminar Viàticos/select_--Seleccione--AnuladoAutorizadaDerogadaNo AutorizadaProgramadaSolicitado"), 2): All options with index in [2] are selected on object 'Object Repository/Modulo Actos Administrativos/Modulo Viáticos/Eliminar Viàticos/select_--Seleccione--AnuladoAutorizadaDerogadaNo AutorizadaProgramadaSolicitado'

2022-03-09 12:42:41 - [MESSAGE][PASSED] - All options with index in [2] are selected on object 'Object Repository/Modulo Actos Administrativos/Modulo Viáticos/Eliminar Viàticos/select_--Seleccione--AnuladoAutorizadaDerogadaNo AutorizadaProgramadaSolicitado'

2022-03-09 12:42:41 - [TEST_STEP][PASSED] - if (waitForElementPresent(findTestObject("Modulo Actos Administrativos/Modulo Viáticos/Eliminar Viàticos/span_Prueba Plan Inversin"), 1)): null

2022-03-09 12:42:41 - [MESSAGE][PASSED] - Object 'Object Repository/Modulo Actos Administrativos/Modulo Viáticos/Eliminar Viàticos/span_Prueba Plan Inversin' is present

2022-03-09 12:42:41 - [TEST_STEP][PASSED] - click(findTestObject("Modulo Actos Administrativos/Modulo Viáticos/Eliminar Viàticos/span_Prueba Plan Inversin")): Object: 'Object Repository/Modulo Actos Administrativos/Modulo Viáticos/Eliminar Viàticos/span_Prueba Plan Inversin' is clicked on

2022-03-09 12:42:42 - [MESSAGE][PASSED] - Object: 'Object Repository/Modulo Actos Administrativos/Modulo Viáticos/Eliminar Viàticos/span_Prueba Plan Inversin' is clicked on

2022-03-09 12:42:42 - [TEST_STEP][PASSED] - click(findTestObject("Modulo Actos Administrativos/Modulo Viáticos/Eliminar Viàticos/a_Complementario")): Object: 'Object Repository/Modulo Actos Administrativos/Modulo Viáticos/Eliminar Viàticos/a_Complementario' is clicked on

2022-03-09 12:42:45 - [MESSAGE][PASSED] - Object: 'Object Repository/Modulo Actos Administrativos/Modulo Viáticos/Eliminar Viàticos/a_Complementario' is clicked on

2022-03-09 12:42:45 - [TEST_STEP][PASSED] - if (waitForElementClickable(findTestObject("Modulo Actos Administrativos/Modulo Viáticos/Eliminar Viàticos/td_QUINTERO 45 EMPLEADO"), 1)): null

2022-03-09 12:42:45 - [MESSAGE][PASSED] - Object 'Object Repository/Modulo Actos Administrativos/Modulo Viáticos/Eliminar Viàticos/td_QUINTERO 45 EMPLEADO' is clickable

2022-03-09 12:42:45 - [TEST_STEP][PASSED] - click(findTestObject("Modulo Actos Administrativos/Modulo Viáticos/Eliminar Viàticos/td_QUINTERO 45 EMPLEADO")): Object: 'Object Repository/Modulo Actos Administrativos/Modulo Viáticos/Eliminar Viàticos/td_QUINTERO 45 EMPLEADO' is clicked on

2022-03-09 12:42:46 - [MESSAGE][PASSED] - Object: 'Object Repository/Modulo Actos Administrativos/Modulo Viáticos/Eliminar Viàticos/td_QUINTERO 45 EMPLEADO' is clicked on

2022-03-09 12:42:46 - [TEST_STEP][PASSED] - click(findTestObject("Modulo Actos Administrativos/Modulo Viáticos/Eliminar Viàticos/a_Eliminar_Complementario")): Object: 'Object Repository/Modulo Actos Administrativos/Modulo Viáticos/Eliminar Viàticos/a_Eliminar_Complementario' is clicked on

2022-03-09 12:42:47 - [MESSAGE][PASSED] - Object: 'Object Repository/Modulo Actos Administrativos/Modulo Viáticos/Eliminar Viàticos/a_Eliminar_Complementario' is clicked on

2022-03-09 12:42:47 - [TEST_STEP][PASSED] - click(findTestObject("Modulo Actos Administrativos/Modulo Viáticos/Eliminar Viàticos/span_Si")): Object: 'Object Repository/Modulo Actos Administrativos/Modulo Viáticos/Eliminar Viàticos/span_Si' is clicked on

2022-03-09 12:42:48 - [MESSAGE][PASSED] - Object: 'Object Repository/Modulo Actos Administrativos/Modulo Viáticos/Eliminar Viàticos/span_Si' is clicked on

2022-03-09 12:42:48 - [TEST_STEP][PASSED] - click(findTestObject("Modulo Actos Administrativos/Modulo Viáticos/Eliminar Viàticos/a_Costos")): Object: 'Object Repository/Modulo Actos Administrativos/Modulo Viáticos/Eliminar Viàticos/a_Costos' is clicked on

2022-03-09 12:42:49 - [MESSAGE][PASSED] - Object: 'Object Repository/Modulo Actos Administrativos/Modulo Viáticos/Eliminar Viàticos/a_Costos' is clicked on

2022-03-09 12:42:49 - [TEST_STEP][PASSED] - if (waitForElementClickable(findTestObject("Modulo Actos Administrativos/Modulo Viáticos/Eliminar Viàticos/td_QUINTERO 5 EMPLEADO"), 1)): null

2022-03-09 12:42:50 - [MESSAGE][PASSED] - Object 'Object Repository/Modulo Actos Administrativos/Modulo Viáticos/Eliminar Viàticos/td_QUINTERO 5 EMPLEADO' is clickable

2022-03-09 12:42:50 - [TEST_STEP][PASSED] - click(findTestObject("Modulo Actos Administrativos/Modulo Viáticos/Eliminar Viàticos/td_QUINTERO 5 EMPLEADO")): Object: 'Object Repository/Modulo Actos Administrativos/Modulo Viáticos/Eliminar Viàticos/td_QUINTERO 5 EMPLEADO' is clicked on

2022-03-09 12:42:50 - [MESSAGE][PASSED] - Object: 'Object Repository/Modulo Actos Administrativos/Modulo Viáticos/Eliminar Viàticos/td_QUINTERO 5 EMPLEADO' is clicked on

2022-03-09 12:42:50 - [TEST_STEP][PASSED] - click(findTestObject("Modulo Actos Administrativos/Modulo Viáticos/Eliminar Viàticos/a_Eliminar")): Object: 'Object Repository/Modulo Actos Administrativos/Modulo Viáticos/Eliminar Viàticos/a_Eliminar' is clicked on

2022-03-09 12:42:51 - [MESSAGE][PASSED] - Object: 'Object Repository/Modulo Actos Administrativos/Modulo Viáticos/Eliminar Viàticos/a_Eliminar' is clicked on

2022-03-09 12:42:51 - [TEST_STEP][PASSED] - click(findTestObject("Modulo Actos Administrativos/Modulo Viáticos/Eliminar Viàticos/a_Programacin")): Object: 'Object Repository/Modulo Actos Administrativos/Modulo Viáticos/Eliminar Viàticos/a_Programacin' is clicked on

2022-03-09 12:42:52 - [MESSAGE][PASSED] - Object: 'Object Repository/Modulo Actos Administrativos/Modulo Viáticos/Eliminar Viàticos/a_Programacin' is clicked on

2022-03-09 12:42:52 - [TEST_STEP][PASSED] - if (waitForElementVisible(findTestObject("Modulo Actos Administrativos/Modulo Viáticos/Eliminar Viàticos/td_5"), 1)): null

2022-03-09 12:42:53 - [MESSAGE][PASSED] - Object 'Object Repository/Modulo Actos Administrativos/Modulo Viáticos/Eliminar Viàticos/td_5' is visible

2022-03-09 12:42:53 - [TEST_STEP][PASSED] - click(findTestObject("Modulo Actos Administrativos/Modulo Viáticos/Eliminar Viàticos/td_5")): Object: 'Object Repository/Modulo Actos Administrativos/Modulo Viáticos/Eliminar Viàticos/td_5' is clicked on

2022-03-09 12:42:53 - [MESSAGE][PASSED] - Object: 'Object Repository/Modulo Actos Administrativos/Modulo Viáticos/Eliminar Viàticos/td_5' is clicked on

2022-03-09 12:42:53 - [TEST_STEP][PASSED] - waitForElementClickable(findTestObject("Modulo Actos Administrativos/Modulo Viáticos/Eliminar Viàticos/a_Archivo"), 0): Object 'Object Repository/Modulo Actos Administrativos/Modulo Viáticos/Eliminar Viàticos/a_Archivo' is clickable

2022-03-09 12:42:53 - [MESSAGE][WARNING] - Timeout '0' is invalid. Using default page load timeout: '30'

2022-03-09 12:42:54 - [MESSAGE][PASSED] - Object 'Object Repository/Modulo Actos Administrativos/Modulo Viáticos/Eliminar Viàticos/a_Archivo' is clickable

2022-03-09 12:42:54 - [TEST_STEP][PASSED] - click(findTestObject("Modulo Actos Administrativos/Modulo Viáticos/Eliminar Viàticos/a_Archivo")): Object: 'Object Repository/Modulo Actos Administrativos/Modulo Viáticos/Eliminar Viàticos/a_Archivo' is clicked on

2022-03-09 12:42:54 - [MESSAGE][PASSED] - Object: 'Object Repository/Modulo Actos Administrativos/Modulo Viáticos/Eliminar Viàticos/a_Archivo' is clicked on

2022-03-09 12:42:54 - [TEST_STEP][PASSED] - if (waitForElementVisible(findTestObject("Modulo Actos Administrativos/Modulo Viáticos/Eliminar Viàticos/a_Eliminar_ archivo"), 1)): null

2022-03-09 12:42:55 - [MESSAGE][PASSED] - Object 'Object Repository/Modulo Actos Administrativos/Modulo Viáticos/Eliminar Viàticos/a_Eliminar_ archivo' is visible

2022-03-09 12:42:55 - [TEST_STEP][PASSED] - click(findTestObject("Modulo Actos Administrativos/Modulo Viáticos/Eliminar Viàticos/a_Eliminar_ archivo")): Object: 'Object Repository/Modulo Actos Administrativos/Modulo Viáticos/Eliminar Viàticos/a_Eliminar_ archivo' is clicked on

2022-03-09 12:42:55 - [MESSAGE][PASSED] - Object: 'Object Repository/Modulo Actos Administrativos/Modulo Viáticos/Eliminar Viàticos/a_Eliminar_ archivo' is clicked on

2022-03-09 12:42:55 - [TEST_STEP][PASSED] - click(findTestObject("Modulo Actos Administrativos/Modulo Viáticos/Eliminar Viàticos/a_Aceptar")): Object: 'Object Repository/Modulo Actos Administrativos/Modulo Viáticos/Eliminar Viàticos/a_Aceptar' is clicked on

2022-03-09 12:42:56 - [MESSAGE][PASSED] - Object: 'Object Repository/Modulo Actos Administrativos/Modulo Viáticos/Eliminar Viàticos/a_Aceptar' is clicked on

2022-03-09 12:42:56 - [TEST_STEP][PASSED] - waitForElementClickable(findTestObject("Modulo Actos Administrativos/Modulo Viáticos/Eliminar Viàticos/a_Otras Entidades"), 0): Object 'Object Repository/Modulo Actos Administrativos/Modulo Viáticos/Eliminar Viàticos/a_Otras Entidades' is clickable

2022-03-09 12:42:56 - [MESSAGE][WARNING] - Timeout '0' is invalid. Using default page load timeout: '30'

2022-03-09 12:42:57 - [MESSAGE][PASSED] - Object 'Object Repository/Modulo Actos Administrativos/Modulo Viáticos/Eliminar Viàticos/a_Otras Entidades' is clickable

2022-03-09 12:42:57 - [TEST_STEP][PASSED] - click(findTestObject("Modulo Actos Administrativos/Modulo Viáticos/Eliminar Viàticos/a_Otras Entidades")): Object: 'Object Repository/Modulo Actos Administrativos/Modulo Viáticos/Eliminar Viàticos/a_Otras Entidades' is clicked on

2022-03-09 12:42:57 - [MESSAGE][PASSED] - Object: 'Object Repository/Modulo Actos Administrativos/Modulo Viáticos/Eliminar Viàticos/a_Otras Entidades' is clicked on

2022-03-09 12:42:57 - [TEST_STEP][PASSED] - if (waitForElementVisible(findTestObject("Modulo Actos Administrativos/Modulo Viáticos/Eliminar Viàticos/a_Eliminar_Otras Entidades"), 1)): null

2022-03-09 12:42:58 - [MESSAGE][PASSED] - Object 'Object Repository/Modulo Actos Administrativos/Modulo Viáticos/Eliminar Viàticos/a_Eliminar_Otras Entidades' is visible

2022-03-09 12:42:58 - [TEST_STEP][PASSED] - click(findTestObject("Modulo Actos Administrativos/Modulo Viáticos/Eliminar Viàticos/a_Eliminar_Otras Entidades")): Object: 'Object Repository/Modulo Actos Administrativos/Modulo Viáticos/Eliminar Viàticos/a_Eliminar_Otras Entidades' is clicked on

2022-03-09 12:42:59 - [MESSAGE][PASSED] - Object: 'Object Repository/Modulo Actos Administrativos/Modulo Viáticos/Eliminar Viàticos/a_Eliminar_Otras Entidades' is clicked on

2022-03-09 12:42:59 - [TEST_STEP][PASSED] - click(findTestObject("Modulo Actos Administrativos/Modulo Viáticos/Eliminar Viàticos/span_Si_Eliminar_Otras Entidades")): Object: 'Object Repository/Modulo Actos Administrativos/Modulo Viáticos/Eliminar Viàticos/span_Si_Eliminar_Otras Entidades' is clicked on

2022-03-09 12:42:59 - [MESSAGE][PASSED] - Object: 'Object Repository/Modulo Actos Administrativos/Modulo Viáticos/Eliminar Viàticos/span_Si_Eliminar_Otras Entidades' is clicked on

2022-03-09 12:42:59 - [TEST_STEP][PASSED] - click(findTestObject("Modulo Actos Administrativos/Modulo Viáticos/Eliminar Viàticos/a_Entidades Vigiladas")): Object: 'Object Repository/Modulo Actos Administrativos/Modulo Viáticos/Eliminar Viàticos/a_Entidades Vigiladas' is clicked on

2022-03-09 12:43:00 - [MESSAGE][PASSED] - Object: 'Object Repository/Modulo Actos Administrativos/Modulo Viáticos/Eliminar Viàticos/a_Entidades Vigiladas' is clicked on

2022-03-09 12:43:00 - [TEST_STEP][PASSED] - if (waitForElementVisible(findTestObject("Modulo Actos Administrativos/Modulo Viáticos/Eliminar Viàticos/td_123"), 1)): null

2022-03-09 12:43:01 - [MESSAGE][PASSED] - Object 'Object Repository/Modulo Actos Administrativos/Modulo Viáticos/Eliminar Viàticos/td_123' is visible

2022-03-09 12:43:01 - [TEST_STEP][PASSED] - click(findTestObject("Modulo Actos Administrativos/Modulo Viáticos/Eliminar Viàticos/a_eliminar_Entidades Vigiladas")): Object: 'Object Repository/Modulo Actos Administrativos/Modulo Viáticos/Eliminar Viàticos/a_eliminar_Entidades Vigiladas' is clicked on

2022-03-09 12:43:01 - [MESSAGE][PASSED] - Object: 'Object Repository/Modulo Actos Administrativos/Modulo Viáticos/Eliminar Viàticos/a_eliminar_Entidades Vigiladas' is clicked on

2022-03-09 12:43:01 - [TEST_STEP][PASSED] - click(findTestObject("Modulo Actos Administrativos/Modulo Viáticos/Eliminar Viàticos/span_Si_Eliminar Entidades vigiladas")): Object: 'Object Repository/Modulo Actos Administrativos/Modulo Viáticos/Eliminar Viàticos/span_Si_Eliminar Entidades vigiladas' is clicked on

2022-03-09 12:43:02 - [MESSAGE][PASSED] - Object: 'Object Repository/Modulo Actos Administrativos/Modulo Viáticos/Eliminar Viàticos/span_Si_Eliminar Entidades vigiladas' is clicked on

2022-03-09 12:43:02 - [TEST_STEP][PASSED] - click(findTestObject("Modulo Actos Administrativos/Modulo Viáticos/Eliminar Viàticos/a_Detalle"), STOP_ON_FAILURE): Object: 'Object Repository/Modulo Actos Administrativos/Modulo Viáticos/Eliminar Viàticos/a_Detalle' is clicked on

2022-03-09 12:43:03 - [MESSAGE][PASSED] - Object: 'Object Repository/Modulo Actos Administrativos/Modulo Viáticos/Eliminar Viàticos/a_Detalle' is clicked on

2022-03-09 12:43:03 - [TEST_STEP][PASSED] - if (waitForElementVisible(findTestObject("Modulo Actos Administrativos/Modulo Viáticos/Eliminar Viàticos/a_Eliminar_Programacion"), 1)): null

2022-03-09 12:43:04 - [MESSAGE][PASSED] - Object 'Object Repository/Modulo Actos Administrativos/Modulo Viáticos/Eliminar Viàticos/a_Eliminar_Programacion' is visible

2022-03-09 12:43:04 - [TEST_STEP][PASSED] - click(findTestObject("Modulo Actos Administrativos/Modulo Viáticos/Eliminar Viàticos/a_Eliminar_Programacion")): Object: 'Object Repository/Modulo Actos Administrativos/Modulo Viáticos/Eliminar Viàticos/a_Eliminar_Programacion' is clicked on

2022-03-09 12:43:05 - [MESSAGE][PASSED] - Object: 'Object Repository/Modulo Actos Administrativos/Modulo Viáticos/Eliminar Viàticos/a_Eliminar_Programacion' is clicked on

2022-03-09 12:43:05 - [TEST_STEP][PASSED] - click(findTestObject("Modulo Actos Administrativos/Modulo Viáticos/Eliminar Viàticos/span_Si_eliminar Programacion")): Object: 'Object Repository/Modulo Actos Administrativos/Modulo Viáticos/Eliminar Viàticos/span_Si_eliminar Programacion' is clicked on

2022-03-09 12:43:05 - [MESSAGE][PASSED] - Object: 'Object Repository/Modulo Actos Administrativos/Modulo Viáticos/Eliminar Viàticos/span_Si_eliminar Programacion' is clicked on

2022-03-09 12:43:05 - [TEST_STEP][PASSED] - waitForElementVisible(findTestObject("Modulo Actos Administrativos/Modulo Viáticos/Eliminar Viàticos/p_El registro ha sido borrado"), 0): Object 'Object Repository/Modulo Actos Administrativos/Modulo Viáticos/Eliminar Viàticos/p_El registro ha sido borrado' is visible

2022-03-09 12:43:05 - [MESSAGE][WARNING] - Timeout '0' is invalid. Using default page load timeout: '30'

2022-03-09 12:43:06 - [MESSAGE][PASSED] - Object 'Object Repository/Modulo Actos Administrativos/Modulo Viáticos/Eliminar Viàticos/p_El registro ha sido borrado' is visible

2022-03-09 12:43:06 - [TEST_STEP][PASSED] - waitForElementClickable(findTestObject("Modulo Actos Administrativos/Modulo Viáticos/Eliminar Viàticos/a_Registro"), 0): Object 'Object Repository/Modulo Actos Administrativos/Modulo Viáticos/Eliminar Viàticos/a_Registro' is clickable

2022-03-09 12:43:07 - [MESSAGE][WARNING] - Timeout '0' is invalid. Using default page load timeout: '30'

2022-03-09 12:43:07 - [MESSAGE][PASSED] - Object 'Object Repository/Modulo Actos Administrativos/Modulo Viáticos/Eliminar Viàticos/a_Registro' is clickable

2022-03-09 12:43:07 - [TEST_STEP][PASSED] - click(findTestObject("Modulo Actos Administrativos/Modulo Viáticos/Eliminar Viàticos/a_Registro")): Object: 'Object Repository/Modulo Actos Administrativos/Modulo Viáticos/Eliminar Viàticos/a_Registro' is clicked on

2022-03-09 12:43:08 - [MESSAGE][PASSED] - Object: 'Object Repository/Modulo Actos Administrativos/Modulo Viáticos/Eliminar Viàticos/a_Registro' is clicked on

2022-03-09 12:43:08 - [TEST_STEP][PASSED] - if (waitForElementClickable(findTestObject("Modulo Actos Administrativos/Modulo Viáticos/Eliminar Viàticos/a_Eliminar_viaticos2"), 1)): null

2022-03-09 12:43:08 - [MESSAGE][PASSED] - Object 'Object Repository/Modulo Actos Administrativos/Modulo Viáticos/Eliminar Viàticos/a_Eliminar_viaticos2' is clickable

2022-03-09 12:43:08 - [TEST_STEP][PASSED] - click(findTestObject("Modulo Actos Administrativos/Modulo Viáticos/Eliminar Viàticos/a_Eliminar_viaticos2")): Object: 'Object Repository/Modulo Actos Administrativos/Modulo Viáticos/Eliminar Viàticos/a_Eliminar_viaticos2' is clicked on

2022-03-09 12:43:09 - [MESSAGE][PASSED] - Object: 'Object Repository/Modulo Actos Administrativos/Modulo Viáticos/Eliminar Viàticos/a_Eliminar_viaticos2' is clicked on

2022-03-09 12:43:09 - [TEST_STEP][PASSED] - waitForElementVisible(findTestObject("Modulo Actos Administrativos/Modulo Viáticos/Eliminar Viàticos/span_Si_Eliminar_viatico"), 0): Object 'Object Repository/Modulo Actos Administrativos/Modulo Viáticos/Eliminar Viàticos/span_Si_Eliminar_viatico' is visible

2022-03-09 12:43:09 - [MESSAGE][WARNING] - Timeout '0' is invalid. Using default page load timeout: '30'

2022-03-09 12:43:09 - [MESSAGE][PASSED] - Object 'Object Repository/Modulo Actos Administrativos/Modulo Viáticos/Eliminar Viàticos/span_Si_Eliminar_viatico' is visible

2022-03-09 12:43:09 - [TEST_STEP][PASSED] - click(findTestObject("Modulo Actos Administrativos/Modulo Viáticos/Eliminar Viàticos/span_Si_Eliminar_viatico")): Object: 'Object Repository/Modulo Actos Administrativos/Modulo Viáticos/Eliminar Viàticos/span_Si_Eliminar_viatico' is clicked on

2022-03-09 12:43:10 - [MESSAGE][PASSED] - Object: 'Object Repository/Modulo Actos Administrativos/Modulo Viáticos/Eliminar Viàticos/span_Si_Eliminar_viatico' is clicked on

2022-03-09 12:43:10 - [TEST_STEP][PASSED] - if (waitForElementVisible(findTestObject("Modulo Actos Administrativos/Modulo Viáticos/Eliminar Viàticos/a_Detalle"), 1)): Web element with id: 'Object Repository/Modulo Actos Administrativos/Modulo Viáticos/Eliminar Viàticos/a_Detalle' located by '//a[contains(text(),'Detalle')]' not found

2022-03-09 12:43:12 - [MESSAGE][INFO] - Unable to find the element located by 'By.xpath: //a[contains(text(),'Detalle')]'. Please recheck the objects properties to make sure the desired element is located. 

2022-03-09 12:43:12 - [MESSAGE][WARNING] - Web element with id: 'Object Repository/Modulo Actos Administrativos/Modulo Viáticos/Eliminar Viàticos/a_Detalle' located by '//a[contains(text(),'Detalle')]' not found

2022-03-09 12:43:12 - [TEST_STEP][PASSED] - if (waitForElementClickable(findTestObject("Modulo Actos Administrativos/Modulo Viáticos/Eliminar Viàticos/a_Registro"), 1)): null

2022-03-09 12:43:13 - [MESSAGE][PASSED] - Object 'Object Repository/Modulo Actos Administrativos/Modulo Viáticos/Eliminar Viàticos/a_Registro' is clickable

2022-03-09 12:43:13 - [TEST_STEP][PASSED] - click(findTestObject("Modulo Actos Administrativos/Modulo Viáticos/Eliminar Viàticos/a_Registro")): Object: 'Object Repository/Modulo Actos Administrativos/Modulo Viáticos/Eliminar Viàticos/a_Registro' is clicked on

2022-03-09 12:43:13 - [MESSAGE][PASSED] - Object: 'Object Repository/Modulo Actos Administrativos/Modulo Viáticos/Eliminar Viàticos/a_Registro' is clicked on

2022-03-09 12:43:13 - [TEST_STEP][PASSED] - if (waitForElementVisible(findTestObject("Modulo Actos Administrativos/Modulo Viáticos/Eliminar Viàticos/a_Eliminar_Viatico"), 1)): Web element with id: 'Object Repository/Modulo Actos Administrativos/Modulo Viáticos/Eliminar Viàticos/a_Eliminar_Viatico' located by '//a[contains(text(),'Eliminar')]' not found

2022-03-09 12:43:15 - [MESSAGE][INFO] - Unable to find the element located by 'By.xpath: //a[contains(text(),'Eliminar')]'. Please recheck the objects properties to make sure the desired element is located. 

2022-03-09 12:43:15 - [MESSAGE][WARNING] - Web element with id: 'Object Repository/Modulo Actos Administrativos/Modulo Viáticos/Eliminar Viàticos/a_Eliminar_Viatico' located by '//a[contains(text(),'Eliminar')]' not found

2022-03-09 12:43:15 - [MESSAGE][PASSED] - Call Test Case 'Test Cases/1.1-Tareas Principales/1.7.3 Eliminar Viàtico' successfully

2022-03-09 12:43:15 - [TEST_STEP][PASSED] - setText(findTestObject("Modulo Actos Administrativos/Modulo Viáticos/Crear viatico/input_Ao_form_listadoviaticosanio"), "2021"): Text '2021' is set on object 'Object Repository/Modulo Actos Administrativos/Modulo Viáticos/Crear viatico/input_Ao_form_listadoviaticosanio'

2022-03-09 12:43:16 - [MESSAGE][PASSED] - Text '2021' is set on object 'Object Repository/Modulo Actos Administrativos/Modulo Viáticos/Crear viatico/input_Ao_form_listadoviaticosanio'

2022-03-09 12:43:16 - [TEST_STEP][PASSED] - sendKeys(findTestObject("Modulo Actos Administrativos/Modulo Viáticos/Crear viatico/input_Ao_form_listadoviaticosanio"), Keys.chord(ENTER)): Keys 'ENTER + ' sent to object: 'Object Repository/Modulo Actos Administrativos/Modulo Viáticos/Crear viatico/input_Ao_form_listadoviaticosanio'

2022-03-09 12:43:17 - [MESSAGE][PASSED] - Keys 'ENTER + ' sent to object: 'Object Repository/Modulo Actos Administrativos/Modulo Viáticos/Crear viatico/input_Ao_form_listadoviaticosanio'

2022-03-09 12:43:17 - [TEST_STEP][PASSED] - selectOptionByIndex(findTestObject("Modulo Actos Administrativos/Modulo Viáticos/Crear viatico/select_--Seleccione--Estado"), 2): All options with index in [2] are selected on object 'Object Repository/Modulo Actos Administrativos/Modulo Viáticos/Crear viatico/select_--Seleccione--Estado'

2022-03-09 12:43:18 - [MESSAGE][PASSED] - All options with index in [2] are selected on object 'Object Repository/Modulo Actos Administrativos/Modulo Viáticos/Crear viatico/select_--Seleccione--Estado'

2022-03-09 12:43:18 - [TEST_STEP][PASSED] - while (waitForElementVisible(findTestObject("Modulo Actos Administrativos/Modulo Viáticos/Crear viatico/span_01.07.2021"), 1)): Web element with id: 'Object Repository/Modulo Actos Administrativos/Modulo Viáticos/Crear viatico/span_01.07.2021' located by '//*/text()[normalize-space(.)='01/07/2021']/parent::*' not found

2022-03-09 12:43:21 - [MESSAGE][INFO] - Unable to find the element located by 'By.xpath: //*/text()[normalize-space(.)='01/07/2021']/parent::*'. Please recheck the objects properties to make sure the desired element is located. 

2022-03-09 12:43:21 - [MESSAGE][WARNING] - Web element with id: 'Object Repository/Modulo Actos Administrativos/Modulo Viáticos/Crear viatico/span_01.07.2021' located by '//*/text()[normalize-space(.)='01/07/2021']/parent::*' not found

2022-03-09 12:43:21 - [TEST_STEP][PASSED] - click(findTestObject("Modulo Actos Administrativos/Modulo Viáticos/Crear viatico/Page_SARA/a_Nuevo")): Object: 'Object Repository/Modulo Actos Administrativos/Modulo Viáticos/Crear viatico/Page_SARA/a_Nuevo' is clicked on

2022-03-09 12:43:21 - [MESSAGE][PASSED] - Object: 'Object Repository/Modulo Actos Administrativos/Modulo Viáticos/Crear viatico/Page_SARA/a_Nuevo' is clicked on

2022-03-09 12:43:21 - [TEST_STEP][PASSED] - waitForElementClickable(findTestObject("Modulo Actos Administrativos/Modulo Viáticos/Crear viatico/Page_SARA/span_Creacin de una solicitud de vitico"), 0): Object 'Object Repository/Modulo Actos Administrativos/Modulo Viáticos/Crear viatico/Page_SARA/span_Creacin de una solicitud de vitico' is clickable

2022-03-09 12:43:21 - [MESSAGE][WARNING] - Timeout '0' is invalid. Using default page load timeout: '30'

2022-03-09 12:43:21 - [MESSAGE][PASSED] - Object 'Object Repository/Modulo Actos Administrativos/Modulo Viáticos/Crear viatico/Page_SARA/span_Creacin de una solicitud de vitico' is clickable

2022-03-09 12:43:21 - [TEST_STEP][PASSED] - doubleClick(findTestObject("Modulo Actos Administrativos/Modulo Viáticos/Crear viatico/Page_SARA/span_Creacin de una solicitud de vitico")): Object: 'Object Repository/Modulo Actos Administrativos/Modulo Viáticos/Crear viatico/Page_SARA/span_Creacin de una solicitud de vitico' is double clicked on

2022-03-09 12:43:22 - [MESSAGE][PASSED] - Object: 'Object Repository/Modulo Actos Administrativos/Modulo Viáticos/Crear viatico/Page_SARA/span_Creacin de una solicitud de vitico' is double clicked on

2022-03-09 12:43:22 - [TEST_STEP][PASSED] - setText(findTestObject("Modulo Actos Administrativos/Modulo Viáticos/Crear viatico/Page_SARA/input_Fecha_form_detalleviaticosFechaNumero_input"), "01/07/2021"): Text '01/07/2021' is set on object 'Object Repository/Modulo Actos Administrativos/Modulo Viáticos/Crear viatico/Page_SARA/input_Fecha_form_detalleviaticosFechaNumero_input'

2022-03-09 12:43:23 - [MESSAGE][PASSED] - Text '01/07/2021' is set on object 'Object Repository/Modulo Actos Administrativos/Modulo Viáticos/Crear viatico/Page_SARA/input_Fecha_form_detalleviaticosFechaNumero_input'

2022-03-09 12:43:23 - [TEST_STEP][PASSED] - setText(findTestObject("Modulo Actos Administrativos/Modulo Viáticos/Crear viatico/Page_SARA/input_Nmero_form_detalleviaticosNumero"), "5"): Text '5' is set on object 'Object Repository/Modulo Actos Administrativos/Modulo Viáticos/Crear viatico/Page_SARA/input_Nmero_form_detalleviaticosNumero'

2022-03-09 12:43:24 - [MESSAGE][PASSED] - Text '5' is set on object 'Object Repository/Modulo Actos Administrativos/Modulo Viáticos/Crear viatico/Page_SARA/input_Nmero_form_detalleviaticosNumero'

2022-03-09 12:43:24 - [TEST_STEP][PASSED] - sendKeys(findTestObject("Modulo Actos Administrativos/Modulo Viáticos/Crear viatico/Page_SARA/input_Fecha_form_detalleviaticosFechaNumero_input"), Keys.chord(ESCAPE)): Keys 'ESCAPE + ' sent to object: 'Object Repository/Modulo Actos Administrativos/Modulo Viáticos/Crear viatico/Page_SARA/input_Fecha_form_detalleviaticosFechaNumero_input'

2022-03-09 12:43:24 - [MESSAGE][PASSED] - Keys 'ESCAPE + ' sent to object: 'Object Repository/Modulo Actos Administrativos/Modulo Viáticos/Crear viatico/Page_SARA/input_Fecha_form_detalleviaticosFechaNumero_input'

2022-03-09 12:43:24 - [TEST_STEP][PASSED] - selectOptionByIndex(findTestObject("Modulo Actos Administrativos/Modulo Viáticos/Crear viatico/Page_SARA/select_--- Seleccione Destino --Barranquilla"), "3"): All options with index in [3] are selected on object 'Object Repository/Modulo Actos Administrativos/Modulo Viáticos/Crear viatico/Page_SARA/select_--- Seleccione Destino --Barranquilla'

2022-03-09 12:43:25 - [MESSAGE][PASSED] - All options with index in [3] are selected on object 'Object Repository/Modulo Actos Administrativos/Modulo Viáticos/Crear viatico/Page_SARA/select_--- Seleccione Destino --Barranquilla'

2022-03-09 12:43:25 - [TEST_STEP][PASSED] - waitForElementClickable(findTestObject("Modulo Actos Administrativos/Modulo Viáticos/Crear viatico/Page_SARA/select_-- Seleccione Tipo Comisin --ADMINISTRATIVO"), 0): Object 'Object Repository/Modulo Actos Administrativos/Modulo Viáticos/Crear viatico/Page_SARA/select_-- Seleccione Tipo Comisin --ADMINISTRATIVO' is clickable

2022-03-09 12:43:25 - [MESSAGE][WARNING] - Timeout '0' is invalid. Using default page load timeout: '30'

2022-03-09 12:43:26 - [MESSAGE][PASSED] - Object 'Object Repository/Modulo Actos Administrativos/Modulo Viáticos/Crear viatico/Page_SARA/select_-- Seleccione Tipo Comisin --ADMINISTRATIVO' is clickable

2022-03-09 12:43:26 - [TEST_STEP][PASSED] - selectOptionByIndex(findTestObject("Modulo Actos Administrativos/Modulo Viáticos/Crear viatico/Page_SARA/select_-- Seleccione Tipo Comisin --ADMINISTRATIVO"), "1"): All options with index in [1] are selected on object 'Object Repository/Modulo Actos Administrativos/Modulo Viáticos/Crear viatico/Page_SARA/select_-- Seleccione Tipo Comisin --ADMINISTRATIVO'

2022-03-09 12:43:27 - [MESSAGE][PASSED] - All options with index in [1] are selected on object 'Object Repository/Modulo Actos Administrativos/Modulo Viáticos/Crear viatico/Page_SARA/select_-- Seleccione Tipo Comisin --ADMINISTRATIVO'

2022-03-09 12:43:27 - [TEST_STEP][PASSED] - waitForElementClickable(findTestObject("Modulo Actos Administrativos/Modulo Viáticos/Crear viatico/Page_SARA/select_-- Seleccione Tipo Comisin --ADMINISTRATIVO"), 0): Object 'Object Repository/Modulo Actos Administrativos/Modulo Viáticos/Crear viatico/Page_SARA/select_-- Seleccione Tipo Comisin --ADMINISTRATIVO' is clickable

2022-03-09 12:43:27 - [MESSAGE][WARNING] - Timeout '0' is invalid. Using default page load timeout: '30'

2022-03-09 12:43:27 - [MESSAGE][PASSED] - Object 'Object Repository/Modulo Actos Administrativos/Modulo Viáticos/Crear viatico/Page_SARA/select_-- Seleccione Tipo Comisin --ADMINISTRATIVO' is clickable

2022-03-09 12:43:27 - [TEST_STEP][PASSED] - selectOptionByIndex(findTestObject("Modulo Actos Administrativos/Modulo Viáticos/Crear viatico/Page_SARA/select_--- Seleccione Ambito --NACIONAL 1"), "3"): All options with index in [3] are selected on object 'Object Repository/Modulo Actos Administrativos/Modulo Viáticos/Crear viatico/Page_SARA/select_--- Seleccione Ambito --NACIONAL 1'

2022-03-09 12:43:28 - [MESSAGE][PASSED] - All options with index in [3] are selected on object 'Object Repository/Modulo Actos Administrativos/Modulo Viáticos/Crear viatico/Page_SARA/select_--- Seleccione Ambito --NACIONAL 1'

2022-03-09 12:43:28 - [TEST_STEP][PASSED] - click(findTestObject("Modulo Actos Administrativos/Modulo Viáticos/Crear viatico/Page_SARA/a_Rubro_form_detalleviaticosj_idt1295")): Object: 'Object Repository/Modulo Actos Administrativos/Modulo Viáticos/Crear viatico/Page_SARA/a_Rubro_form_detalleviaticosj_idt1295' is clicked on

2022-03-09 12:43:29 - [MESSAGE][PASSED] - Object: 'Object Repository/Modulo Actos Administrativos/Modulo Viáticos/Crear viatico/Page_SARA/a_Rubro_form_detalleviaticosj_idt1295' is clicked on

2022-03-09 12:43:29 - [TEST_STEP][PASSED] - waitForElementClickable(findTestObject("Modulo Actos Administrativos/Modulo Viáticos/Crear viatico/Page_SARA/td_Prueba Plan Inversin"), 0): Object 'Object Repository/Modulo Actos Administrativos/Modulo Viáticos/Crear viatico/Page_SARA/td_Prueba Plan Inversin' is clickable

2022-03-09 12:43:29 - [MESSAGE][WARNING] - Timeout '0' is invalid. Using default page load timeout: '30'

2022-03-09 12:43:30 - [MESSAGE][PASSED] - Object 'Object Repository/Modulo Actos Administrativos/Modulo Viáticos/Crear viatico/Page_SARA/td_Prueba Plan Inversin' is clickable

2022-03-09 12:43:30 - [TEST_STEP][PASSED] - click(findTestObject("Modulo Actos Administrativos/Modulo Viáticos/Crear viatico/Page_SARA/td_Prueba Plan Inversin")): Object: 'Object Repository/Modulo Actos Administrativos/Modulo Viáticos/Crear viatico/Page_SARA/td_Prueba Plan Inversin' is clicked on

2022-03-09 12:43:31 - [MESSAGE][PASSED] - Object: 'Object Repository/Modulo Actos Administrativos/Modulo Viáticos/Crear viatico/Page_SARA/td_Prueba Plan Inversin' is clicked on

2022-03-09 12:43:31 - [TEST_STEP][PASSED] - click(findTestObject("Modulo Actos Administrativos/Modulo Viáticos/Crear viatico/Page_SARA/a_Unidad Solicita_form_detalleviaticosj_idt1299")): Object: 'Object Repository/Modulo Actos Administrativos/Modulo Viáticos/Crear viatico/Page_SARA/a_Unidad Solicita_form_detalleviaticosj_idt1299' is clicked on

2022-03-09 12:43:31 - [MESSAGE][PASSED] - Object: 'Object Repository/Modulo Actos Administrativos/Modulo Viáticos/Crear viatico/Page_SARA/a_Unidad Solicita_form_detalleviaticosj_idt1299' is clicked on

2022-03-09 12:43:31 - [TEST_STEP][PASSED] - waitForElementClickable(findTestObject("Modulo Actos Administrativos/Modulo Viáticos/Crear viatico/Page_SARA/input_Unidad_form_detalleviaticosj_idt1487"), 0): Object 'Object Repository/Modulo Actos Administrativos/Modulo Viáticos/Crear viatico/Page_SARA/input_Unidad_form_detalleviaticosj_idt1487' is clickable

2022-03-09 12:43:31 - [MESSAGE][WARNING] - Timeout '0' is invalid. Using default page load timeout: '30'

2022-03-09 12:43:32 - [MESSAGE][PASSED] - Object 'Object Repository/Modulo Actos Administrativos/Modulo Viáticos/Crear viatico/Page_SARA/input_Unidad_form_detalleviaticosj_idt1487' is clickable

2022-03-09 12:43:32 - [TEST_STEP][PASSED] - setText(findTestObject("Modulo Actos Administrativos/Modulo Viáticos/Crear viatico/Page_SARA/input_Unidad_form_detalleviaticosj_idt1487"), "A1"): Text 'A1' is set on object 'Object Repository/Modulo Actos Administrativos/Modulo Viáticos/Crear viatico/Page_SARA/input_Unidad_form_detalleviaticosj_idt1487'

2022-03-09 12:43:33 - [MESSAGE][PASSED] - Text 'A1' is set on object 'Object Repository/Modulo Actos Administrativos/Modulo Viáticos/Crear viatico/Page_SARA/input_Unidad_form_detalleviaticosj_idt1487'

2022-03-09 12:43:33 - [TEST_STEP][PASSED] - sendKeys(findTestObject("Modulo Actos Administrativos/Modulo Viáticos/Crear viatico/Page_SARA/input_Unidad_form_detalleviaticosj_idt1487"), Keys.chord(ENTER)): Keys 'ENTER + ' sent to object: 'Object Repository/Modulo Actos Administrativos/Modulo Viáticos/Crear viatico/Page_SARA/input_Unidad_form_detalleviaticosj_idt1487'

2022-03-09 12:43:33 - [MESSAGE][PASSED] - Keys 'ENTER + ' sent to object: 'Object Repository/Modulo Actos Administrativos/Modulo Viáticos/Crear viatico/Page_SARA/input_Unidad_form_detalleviaticosj_idt1487'

2022-03-09 12:43:33 - [TEST_STEP][PASSED] - waitForElementClickable(findTestObject("Modulo Actos Administrativos/Modulo Viáticos/Crear viatico/Page_SARA/span_ADMINISTRACION"), 0): Object 'Object Repository/Modulo Actos Administrativos/Modulo Viáticos/Crear viatico/Page_SARA/span_ADMINISTRACION' is clickable

2022-03-09 12:43:33 - [MESSAGE][WARNING] - Timeout '0' is invalid. Using default page load timeout: '30'

2022-03-09 12:43:34 - [MESSAGE][PASSED] - Object 'Object Repository/Modulo Actos Administrativos/Modulo Viáticos/Crear viatico/Page_SARA/span_ADMINISTRACION' is clickable

2022-03-09 12:43:34 - [TEST_STEP][PASSED] - click(findTestObject("Modulo Actos Administrativos/Modulo Viáticos/Crear viatico/Page_SARA/span_ADMINISTRACION")): Object: 'Object Repository/Modulo Actos Administrativos/Modulo Viáticos/Crear viatico/Page_SARA/span_ADMINISTRACION' is clicked on

2022-03-09 12:43:34 - [MESSAGE][PASSED] - Object: 'Object Repository/Modulo Actos Administrativos/Modulo Viáticos/Crear viatico/Page_SARA/span_ADMINISTRACION' is clicked on

2022-03-09 12:43:34 - [TEST_STEP][PASSED] - waitForElementClickable(findTestObject("Modulo Actos Administrativos/Modulo Viáticos/Crear viatico/Page_SARA/a_Centro Costo_form_detalleviaticosj_idt1307"), 0): Object 'Object Repository/Modulo Actos Administrativos/Modulo Viáticos/Crear viatico/Page_SARA/a_Centro Costo_form_detalleviaticosj_idt1307' is clickable

2022-03-09 12:43:34 - [MESSAGE][WARNING] - Timeout '0' is invalid. Using default page load timeout: '30'

2022-03-09 12:43:35 - [MESSAGE][PASSED] - Object 'Object Repository/Modulo Actos Administrativos/Modulo Viáticos/Crear viatico/Page_SARA/a_Centro Costo_form_detalleviaticosj_idt1307' is clickable

2022-03-09 12:43:35 - [TEST_STEP][PASSED] - click(findTestObject("Modulo Actos Administrativos/Modulo Viáticos/Crear viatico/Page_SARA/a_Centro Costo_form_detalleviaticosj_idt1307")): Object: 'Object Repository/Modulo Actos Administrativos/Modulo Viáticos/Crear viatico/Page_SARA/a_Centro Costo_form_detalleviaticosj_idt1307' is clicked on

2022-03-09 12:43:35 - [MESSAGE][PASSED] - Object: 'Object Repository/Modulo Actos Administrativos/Modulo Viáticos/Crear viatico/Page_SARA/a_Centro Costo_form_detalleviaticosj_idt1307' is clicked on

2022-03-09 12:43:35 - [TEST_STEP][PASSED] - waitForElementClickable(findTestObject("Modulo Actos Administrativos/Modulo Viáticos/Crear viatico/Page_SARA/span_Centro Costo de Prueba"), 0): Object 'Object Repository/Modulo Actos Administrativos/Modulo Viáticos/Crear viatico/Page_SARA/span_Centro Costo de Prueba' is clickable

2022-03-09 12:43:36 - [MESSAGE][WARNING] - Timeout '0' is invalid. Using default page load timeout: '30'

2022-03-09 12:43:36 - [MESSAGE][PASSED] - Object 'Object Repository/Modulo Actos Administrativos/Modulo Viáticos/Crear viatico/Page_SARA/span_Centro Costo de Prueba' is clickable

2022-03-09 12:43:36 - [TEST_STEP][PASSED] - click(findTestObject("Modulo Actos Administrativos/Modulo Viáticos/Crear viatico/Page_SARA/span_Centro Costo de Prueba")): Object: 'Object Repository/Modulo Actos Administrativos/Modulo Viáticos/Crear viatico/Page_SARA/span_Centro Costo de Prueba' is clicked on

2022-03-09 12:43:37 - [MESSAGE][PASSED] - Object: 'Object Repository/Modulo Actos Administrativos/Modulo Viáticos/Crear viatico/Page_SARA/span_Centro Costo de Prueba' is clicked on

2022-03-09 12:43:37 - [TEST_STEP][PASSED] - waitForElementClickable(findTestObject("Modulo Actos Administrativos/Modulo Viáticos/Crear viatico/Page_SARA/textarea_Objeto_form_detalleviaticosObjeto"), 0): Object 'Object Repository/Modulo Actos Administrativos/Modulo Viáticos/Crear viatico/Page_SARA/textarea_Objeto_form_detalleviaticosObjeto' is clickable

2022-03-09 12:43:37 - [MESSAGE][WARNING] - Timeout '0' is invalid. Using default page load timeout: '30'

2022-03-09 12:43:37 - [MESSAGE][PASSED] - Object 'Object Repository/Modulo Actos Administrativos/Modulo Viáticos/Crear viatico/Page_SARA/textarea_Objeto_form_detalleviaticosObjeto' is clickable

2022-03-09 12:43:37 - [TEST_STEP][PASSED] - setText(findTestObject("Modulo Actos Administrativos/Modulo Viáticos/Crear viatico/Page_SARA/textarea_Objeto_form_detalleviaticosObjeto"), "prueba"): Text 'prueba' is set on object 'Object Repository/Modulo Actos Administrativos/Modulo Viáticos/Crear viatico/Page_SARA/textarea_Objeto_form_detalleviaticosObjeto'

2022-03-09 12:43:38 - [MESSAGE][PASSED] - Text 'prueba' is set on object 'Object Repository/Modulo Actos Administrativos/Modulo Viáticos/Crear viatico/Page_SARA/textarea_Objeto_form_detalleviaticosObjeto'

2022-03-09 12:43:38 - [TEST_STEP][PASSED] - selectAllOption(findTestObject("Modulo Actos Administrativos/Modulo Viáticos/Crear viatico/Page_SARA/select_-- Seleccione --BUITRAGO BUITRAGO ANDREA")): All options are selected on object 'Object Repository/Modulo Actos Administrativos/Modulo Viáticos/Crear viatico/Page_SARA/select_-- Seleccione --BUITRAGO BUITRAGO ANDREA'

2022-03-09 12:43:42 - [MESSAGE][PASSED] - All options are selected on object 'Object Repository/Modulo Actos Administrativos/Modulo Viáticos/Crear viatico/Page_SARA/select_-- Seleccione --BUITRAGO BUITRAGO ANDREA'

2022-03-09 12:43:42 - [TEST_STEP][PASSED] - selectAllOption(findTestObject("Modulo Actos Administrativos/Modulo Viáticos/Crear viatico/Page_SARA/select_-- Seleccione --COQUINTERO 5 EMPLEADO")): All options are selected on object 'Object Repository/Modulo Actos Administrativos/Modulo Viáticos/Crear viatico/Page_SARA/select_-- Seleccione --COQUINTERO 5 EMPLEADO'

2022-03-09 12:43:44 - [MESSAGE][PASSED] - All options are selected on object 'Object Repository/Modulo Actos Administrativos/Modulo Viáticos/Crear viatico/Page_SARA/select_-- Seleccione --COQUINTERO 5 EMPLEADO'

2022-03-09 12:43:44 - [TEST_STEP][PASSED] - setText(findTestObject("Modulo Actos Administrativos/Modulo Viáticos/Crear viatico/Page_SARA/textarea_Observacin_form_detalleviaticosObservacion"), "prueba"): Text 'prueba' is set on object 'Object Repository/Modulo Actos Administrativos/Modulo Viáticos/Crear viatico/Page_SARA/textarea_Observacin_form_detalleviaticosObservacion'

2022-03-09 12:43:45 - [MESSAGE][PASSED] - Text 'prueba' is set on object 'Object Repository/Modulo Actos Administrativos/Modulo Viáticos/Crear viatico/Page_SARA/textarea_Observacin_form_detalleviaticosObservacion'

2022-03-09 12:43:45 - [TEST_STEP][PASSED] - click(findTestObject("Modulo Actos Administrativos/Modulo Viáticos/Crear viatico/Page_SARA/a_Guardar")): Object: 'Object Repository/Modulo Actos Administrativos/Modulo Viáticos/Crear viatico/Page_SARA/a_Guardar' is clicked on

2022-03-09 12:43:46 - [MESSAGE][PASSED] - Object: 'Object Repository/Modulo Actos Administrativos/Modulo Viáticos/Crear viatico/Page_SARA/a_Guardar' is clicked on

2022-03-09 12:43:46 - [TEST_STEP][PASSED] - waitForElementClickable(findTestObject("Modulo Actos Administrativos/Modulo Viáticos/Crear viatico/Page_SARA/a_Programacin"), 0): Object 'Object Repository/Modulo Actos Administrativos/Modulo Viáticos/Crear viatico/Page_SARA/a_Programacin' is clickable

2022-03-09 12:43:46 - [MESSAGE][WARNING] - Timeout '0' is invalid. Using default page load timeout: '30'

2022-03-09 12:43:47 - [MESSAGE][PASSED] - Object 'Object Repository/Modulo Actos Administrativos/Modulo Viáticos/Crear viatico/Page_SARA/a_Programacin' is clickable

2022-03-09 12:43:47 - [TEST_STEP][PASSED] - click(findTestObject("Modulo Actos Administrativos/Modulo Viáticos/Crear viatico/Page_SARA/a_Programacin")): Object: 'Object Repository/Modulo Actos Administrativos/Modulo Viáticos/Crear viatico/Page_SARA/a_Programacin' is clicked on

2022-03-09 12:43:47 - [MESSAGE][PASSED] - Object: 'Object Repository/Modulo Actos Administrativos/Modulo Viáticos/Crear viatico/Page_SARA/a_Programacin' is clicked on

2022-03-09 12:43:47 - [TEST_STEP][PASSED] - waitForElementNotHasAttribute(findTestObject("Modulo Actos Administrativos/Modulo Viáticos/Crear viatico/Page_SARA/a_Nuevo2"), "", 0): Object 'Object Repository/Modulo Actos Administrativos/Modulo Viáticos/Crear viatico/Page_SARA/a_Nuevo2' does not have attribute ''

2022-03-09 12:43:48 - [MESSAGE][WARNING] - Timeout '0' is invalid. Using default page load timeout: '30'

2022-03-09 12:43:48 - [MESSAGE][PASSED] - Object 'Object Repository/Modulo Actos Administrativos/Modulo Viáticos/Crear viatico/Page_SARA/a_Nuevo2' does not have attribute ''

2022-03-09 12:43:48 - [TEST_STEP][PASSED] - click(findTestObject("Modulo Actos Administrativos/Modulo Viáticos/Crear viatico/Page_SARA/a_Nuevo2")): Object: 'Object Repository/Modulo Actos Administrativos/Modulo Viáticos/Crear viatico/Page_SARA/a_Nuevo2' is clicked on

2022-03-09 12:43:48 - [MESSAGE][PASSED] - Object: 'Object Repository/Modulo Actos Administrativos/Modulo Viáticos/Crear viatico/Page_SARA/a_Nuevo2' is clicked on

2022-03-09 12:43:48 - [TEST_STEP][PASSED] - waitForElementClickable(findTestObject("Modulo Actos Administrativos/Modulo Viáticos/Crear viatico/Page_SARA/a_Funcionario_form_popupprogramacionviaticospestaniasj_idt1559"), 0): Object 'Object Repository/Modulo Actos Administrativos/Modulo Viáticos/Crear viatico/Page_SARA/a_Funcionario_form_popupprogramacionviaticospestaniasj_idt1559' is clickable

2022-03-09 12:43:49 - [MESSAGE][WARNING] - Timeout '0' is invalid. Using default page load timeout: '30'

2022-03-09 12:43:49 - [MESSAGE][PASSED] - Object 'Object Repository/Modulo Actos Administrativos/Modulo Viáticos/Crear viatico/Page_SARA/a_Funcionario_form_popupprogramacionviaticospestaniasj_idt1559' is clickable

2022-03-09 12:43:49 - [TEST_STEP][PASSED] - click(findTestObject("Modulo Actos Administrativos/Modulo Viáticos/Crear viatico/Page_SARA/a_Funcionario_form_popupprogramacionviaticospestaniasj_idt1559")): Object: 'Object Repository/Modulo Actos Administrativos/Modulo Viáticos/Crear viatico/Page_SARA/a_Funcionario_form_popupprogramacionviaticospestaniasj_idt1559' is clicked on

2022-03-09 12:43:50 - [MESSAGE][PASSED] - Object: 'Object Repository/Modulo Actos Administrativos/Modulo Viáticos/Crear viatico/Page_SARA/a_Funcionario_form_popupprogramacionviaticospestaniasj_idt1559' is clicked on

2022-03-09 12:43:50 - [TEST_STEP][PASSED] - waitForElementClickable(findTestObject("Modulo Actos Administrativos/Modulo Viáticos/Crear viatico/Page_SARA/input_Filtro Empleado_form_popupEmpleadoj_idt561"), 0): Object 'Object Repository/Modulo Actos Administrativos/Modulo Viáticos/Crear viatico/Page_SARA/input_Filtro Empleado_form_popupEmpleadoj_idt561' is clickable

2022-03-09 12:43:50 - [MESSAGE][WARNING] - Timeout '0' is invalid. Using default page load timeout: '30'

2022-03-09 12:43:50 - [MESSAGE][PASSED] - Object 'Object Repository/Modulo Actos Administrativos/Modulo Viáticos/Crear viatico/Page_SARA/input_Filtro Empleado_form_popupEmpleadoj_idt561' is clickable

2022-03-09 12:43:50 - [TEST_STEP][PASSED] - setText(findTestObject("Modulo Actos Administrativos/Modulo Viáticos/Crear viatico/Page_SARA/input_Filtro Empleado_form_popupEmpleadoj_idt561"), "Quintero 5 Empleado"): Text 'Quintero 5 Empleado' is set on object 'Object Repository/Modulo Actos Administrativos/Modulo Viáticos/Crear viatico/Page_SARA/input_Filtro Empleado_form_popupEmpleadoj_idt561'

2022-03-09 12:43:51 - [MESSAGE][PASSED] - Text 'Quintero 5 Empleado' is set on object 'Object Repository/Modulo Actos Administrativos/Modulo Viáticos/Crear viatico/Page_SARA/input_Filtro Empleado_form_popupEmpleadoj_idt561'

2022-03-09 12:43:51 - [TEST_STEP][PASSED] - sendKeys(findTestObject("Modulo Actos Administrativos/Modulo Viáticos/Crear viatico/Page_SARA/input_Filtro Empleado_form_popupEmpleadoj_idt561"), Keys.chord(ENTER)): Keys 'ENTER + ' sent to object: 'Object Repository/Modulo Actos Administrativos/Modulo Viáticos/Crear viatico/Page_SARA/input_Filtro Empleado_form_popupEmpleadoj_idt561'

2022-03-09 12:43:51 - [MESSAGE][PASSED] - Keys 'ENTER + ' sent to object: 'Object Repository/Modulo Actos Administrativos/Modulo Viáticos/Crear viatico/Page_SARA/input_Filtro Empleado_form_popupEmpleadoj_idt561'

2022-03-09 12:43:51 - [TEST_STEP][PASSED] - waitForElementClickable(findTestObject("Modulo Actos Administrativos/Modulo Viáticos/Crear viatico/Page_SARA/span_Quintero 5 Empleado"), 0): Object 'Object Repository/Modulo Actos Administrativos/Modulo Viáticos/Crear viatico/Page_SARA/span_Quintero 5 Empleado' is clickable

2022-03-09 12:43:52 - [MESSAGE][WARNING] - Timeout '0' is invalid. Using default page load timeout: '30'

2022-03-09 12:43:52 - [MESSAGE][PASSED] - Object 'Object Repository/Modulo Actos Administrativos/Modulo Viáticos/Crear viatico/Page_SARA/span_Quintero 5 Empleado' is clickable

2022-03-09 12:43:52 - [TEST_STEP][PASSED] - click(findTestObject("Modulo Actos Administrativos/Modulo Viáticos/Crear viatico/Page_SARA/span_Quintero 5 Empleado")): Object: 'Object Repository/Modulo Actos Administrativos/Modulo Viáticos/Crear viatico/Page_SARA/span_Quintero 5 Empleado' is clicked on

2022-03-09 12:43:53 - [MESSAGE][PASSED] - Object: 'Object Repository/Modulo Actos Administrativos/Modulo Viáticos/Crear viatico/Page_SARA/span_Quintero 5 Empleado' is clicked on

2022-03-09 12:43:53 - [TEST_STEP][PASSED] - waitForElementClickable(findTestObject("Modulo Actos Administrativos/Modulo Viáticos/Crear viatico/input_Fecha Inicial_form_popupprogramacionviaticospestaniasfechainicial_input"), 0): Object 'Object Repository/Modulo Actos Administrativos/Modulo Viáticos/Crear viatico/input_Fecha Inicial_form_popupprogramacionviaticospestaniasfechainicial_input' is clickable

2022-03-09 12:43:53 - [MESSAGE][WARNING] - Timeout '0' is invalid. Using default page load timeout: '30'

2022-03-09 12:43:53 - [MESSAGE][PASSED] - Object 'Object Repository/Modulo Actos Administrativos/Modulo Viáticos/Crear viatico/input_Fecha Inicial_form_popupprogramacionviaticospestaniasfechainicial_input' is clickable

2022-03-09 12:43:53 - [TEST_STEP][PASSED] - setText(findTestObject("Modulo Actos Administrativos/Modulo Viáticos/Crear viatico/input_Fecha Inicial_form_popupprogramacionviaticospestaniasfechainicial_input"), "01/07/2021"): Text '01/07/2021' is set on object 'Object Repository/Modulo Actos Administrativos/Modulo Viáticos/Crear viatico/input_Fecha Inicial_form_popupprogramacionviaticospestaniasfechainicial_input'

2022-03-09 12:43:54 - [MESSAGE][PASSED] - Text '01/07/2021' is set on object 'Object Repository/Modulo Actos Administrativos/Modulo Viáticos/Crear viatico/input_Fecha Inicial_form_popupprogramacionviaticospestaniasfechainicial_input'

2022-03-09 12:43:54 - [TEST_STEP][PASSED] - setText(findTestObject("Modulo Actos Administrativos/Modulo Viáticos/Crear viatico/input_Fecha Final_form_popupprogramacionviaticospestaniasfechafinal_input"), "01/10/2021"): Text '01/10/2021' is set on object 'Object Repository/Modulo Actos Administrativos/Modulo Viáticos/Crear viatico/input_Fecha Final_form_popupprogramacionviaticospestaniasfechafinal_input'

2022-03-09 12:43:56 - [MESSAGE][PASSED] - Text '01/10/2021' is set on object 'Object Repository/Modulo Actos Administrativos/Modulo Viáticos/Crear viatico/input_Fecha Final_form_popupprogramacionviaticospestaniasfechafinal_input'

2022-03-09 12:43:56 - [TEST_STEP][PASSED] - sendKeys(findTestObject("Modulo Actos Administrativos/Modulo Viáticos/Crear viatico/input_Fecha Final_form_popupprogramacionviaticospestaniasfechafinal_input"), Keys.chord(ESCAPE)): Keys 'ESCAPE + ' sent to object: 'Object Repository/Modulo Actos Administrativos/Modulo Viáticos/Crear viatico/input_Fecha Final_form_popupprogramacionviaticospestaniasfechafinal_input'

2022-03-09 12:43:56 - [MESSAGE][PASSED] - Keys 'ESCAPE + ' sent to object: 'Object Repository/Modulo Actos Administrativos/Modulo Viáticos/Crear viatico/input_Fecha Final_form_popupprogramacionviaticospestaniasfechafinal_input'

2022-03-09 12:43:56 - [TEST_STEP][PASSED] - selectOptionByIndex(findTestObject("Modulo Actos Administrativos/Modulo Viáticos/Crear viatico/Page_SARA/select_--- Seleccione Destino --Barranquilla"), "3"): All options with index in [3] are selected on object 'Object Repository/Modulo Actos Administrativos/Modulo Viáticos/Crear viatico/Page_SARA/select_--- Seleccione Destino --Barranquilla'

2022-03-09 12:43:57 - [MESSAGE][PASSED] - All options with index in [3] are selected on object 'Object Repository/Modulo Actos Administrativos/Modulo Viáticos/Crear viatico/Page_SARA/select_--- Seleccione Destino --Barranquilla'

2022-03-09 12:43:57 - [TEST_STEP][PASSED] - selectOptionByIndex(findTestObject("Modulo Actos Administrativos/Modulo Viáticos/Crear viatico/Page_SARA/select_-- Seleccione Tipo Comisin --ADMINISTRATIVO2"), "1"): All options with index in [1] are selected on object 'Object Repository/Modulo Actos Administrativos/Modulo Viáticos/Crear viatico/Page_SARA/select_-- Seleccione Tipo Comisin --ADMINISTRATIVO2'

2022-03-09 12:43:58 - [MESSAGE][PASSED] - All options with index in [1] are selected on object 'Object Repository/Modulo Actos Administrativos/Modulo Viáticos/Crear viatico/Page_SARA/select_-- Seleccione Tipo Comisin --ADMINISTRATIVO2'

2022-03-09 12:43:58 - [TEST_STEP][PASSED] - click(findTestObject("Modulo Actos Administrativos/Modulo Viáticos/Crear viatico/Page_SARA/a_Entidad_form_popupprogramacionviaticospestaniasj_idt1581")): Object: 'Object Repository/Modulo Actos Administrativos/Modulo Viáticos/Crear viatico/Page_SARA/a_Entidad_form_popupprogramacionviaticospestaniasj_idt1581' is clicked on

2022-03-09 12:43:59 - [MESSAGE][PASSED] - Object: 'Object Repository/Modulo Actos Administrativos/Modulo Viáticos/Crear viatico/Page_SARA/a_Entidad_form_popupprogramacionviaticospestaniasj_idt1581' is clicked on

2022-03-09 12:43:59 - [TEST_STEP][PASSED] - waitForElementClickable(findTestObject("Modulo Actos Administrativos/Modulo Viáticos/Crear viatico/Page_SARA/td_123"), 0): Object 'Object Repository/Modulo Actos Administrativos/Modulo Viáticos/Crear viatico/Page_SARA/td_123' is clickable

2022-03-09 12:43:59 - [MESSAGE][WARNING] - Timeout '0' is invalid. Using default page load timeout: '30'

2022-03-09 12:44:00 - [MESSAGE][PASSED] - Object 'Object Repository/Modulo Actos Administrativos/Modulo Viáticos/Crear viatico/Page_SARA/td_123' is clickable

2022-03-09 12:44:00 - [TEST_STEP][PASSED] - click(findTestObject("Modulo Actos Administrativos/Modulo Viáticos/Crear viatico/Page_SARA/td_123")): Object: 'Object Repository/Modulo Actos Administrativos/Modulo Viáticos/Crear viatico/Page_SARA/td_123' is clicked on

2022-03-09 12:44:00 - [MESSAGE][PASSED] - Object: 'Object Repository/Modulo Actos Administrativos/Modulo Viáticos/Crear viatico/Page_SARA/td_123' is clicked on

2022-03-09 12:44:00 - [TEST_STEP][PASSED] - waitForElementClickable(findTestObject("Modulo Actos Administrativos/Modulo Viáticos/Crear viatico/Page_SARA/select_--- Seleccione Ambito --EXTERIOR 1EXTERIOR 2NACIONAL 1"), 0): Object 'Object Repository/Modulo Actos Administrativos/Modulo Viáticos/Crear viatico/Page_SARA/select_--- Seleccione Ambito --EXTERIOR 1EXTERIOR 2NACIONAL 1' is clickable

2022-03-09 12:44:00 - [MESSAGE][WARNING] - Timeout '0' is invalid. Using default page load timeout: '30'

2022-03-09 12:44:01 - [MESSAGE][PASSED] - Object 'Object Repository/Modulo Actos Administrativos/Modulo Viáticos/Crear viatico/Page_SARA/select_--- Seleccione Ambito --EXTERIOR 1EXTERIOR 2NACIONAL 1' is clickable

2022-03-09 12:44:01 - [TEST_STEP][PASSED] - selectOptionByIndex(findTestObject("Modulo Actos Administrativos/Modulo Viáticos/Crear viatico/Page_SARA/select_--- Seleccione Ambito --EXTERIOR 1EXTERIOR 2NACIONAL 1"), "3"): All options with index in [3] are selected on object 'Object Repository/Modulo Actos Administrativos/Modulo Viáticos/Crear viatico/Page_SARA/select_--- Seleccione Ambito --EXTERIOR 1EXTERIOR 2NACIONAL 1'

2022-03-09 12:44:02 - [MESSAGE][PASSED] - All options with index in [3] are selected on object 'Object Repository/Modulo Actos Administrativos/Modulo Viáticos/Crear viatico/Page_SARA/select_--- Seleccione Ambito --EXTERIOR 1EXTERIOR 2NACIONAL 1'

2022-03-09 12:44:02 - [TEST_STEP][PASSED] - waitForElementClickable(findTestObject("Modulo Actos Administrativos/Modulo Viáticos/Crear viatico/Page_SARA/a_Guardar2"), 0): Object 'Object Repository/Modulo Actos Administrativos/Modulo Viáticos/Crear viatico/Page_SARA/a_Guardar2' is clickable

2022-03-09 12:44:02 - [MESSAGE][WARNING] - Timeout '0' is invalid. Using default page load timeout: '30'

2022-03-09 12:44:03 - [MESSAGE][PASSED] - Object 'Object Repository/Modulo Actos Administrativos/Modulo Viáticos/Crear viatico/Page_SARA/a_Guardar2' is clickable

2022-03-09 12:44:03 - [TEST_STEP][PASSED] - click(findTestObject("Modulo Actos Administrativos/Modulo Viáticos/Crear viatico/Page_SARA/a_Guardar2")): Object: 'Object Repository/Modulo Actos Administrativos/Modulo Viáticos/Crear viatico/Page_SARA/a_Guardar2' is clicked on

2022-03-09 12:44:03 - [MESSAGE][PASSED] - Object: 'Object Repository/Modulo Actos Administrativos/Modulo Viáticos/Crear viatico/Page_SARA/a_Guardar2' is clicked on

2022-03-09 12:44:03 - [TEST_STEP][PASSED] - waitForElementClickable(findTestObject("Modulo Actos Administrativos/Modulo Viáticos/Crear viatico/Page_SARA/a_Entidades Vigiladas"), 0): Web element with id: 'Object Repository/Modulo Actos Administrativos/Modulo Viáticos/Crear viatico/Page_SARA/a_Entidades Vigiladas' located by '//a[contains(text(),'Entidades Vigiladas')]' not found

2022-03-09 12:44:03 - [MESSAGE][WARNING] - Timeout '0' is invalid. Using default page load timeout: '30'

2022-03-09 12:44:35 - [MESSAGE][INFO] - Unable to find the element located by 'By.xpath: //a[contains(text(),'Entidades Vigiladas')]'. Please recheck the objects properties to make sure the desired element is located. 

2022-03-09 12:44:35 - [MESSAGE][WARNING] - Web element with id: 'Object Repository/Modulo Actos Administrativos/Modulo Viáticos/Crear viatico/Page_SARA/a_Entidades Vigiladas' located by '//a[contains(text(),'Entidades Vigiladas')]' not found

2022-03-09 12:44:35 - [TEST_STEP][FAILED] - click(findTestObject("Modulo Actos Administrativos/Modulo Viáticos/Crear viatico/Page_SARA/a_Entidades Vigiladas")): Unable to click on object 'Object Repository/Modulo Actos Administrativos/Modulo Viáticos/Crear viatico/Page_SARA/a_Entidades Vigiladas' (Root cause: com.kms.katalon.core.exception.StepFailedException: Unable to click on object 'Object Repository/Modulo Actos Administrativos/Modulo Viáticos/Crear viatico/Page_SARA/a_Entidades Vigiladas'
	at com.kms.katalon.core.webui.keyword.internal.WebUIKeywordMain.stepFailed(WebUIKeywordMain.groovy:64)
	at com.kms.katalon.core.webui.keyword.internal.WebUIKeywordMain.runKeyword(WebUIKeywordMain.groovy:26)
	at com.kms.katalon.core.webui.keyword.builtin.ClickKeyword.click(ClickKeyword.groovy:74)
	at com.kms.katalon.core.webui.keyword.builtin.ClickKeyword.execute(ClickKeyword.groovy:40)
	at com.kms.katalon.core.keyword.internal.KeywordExecutor.executeKeywordForPlatform(KeywordExecutor.groovy:74)
	at com.kms.katalon.core.webui.keyword.WebUiBuiltInKeywords.click(WebUiBuiltInKeywords.groovy:620)
	at com.kms.katalon.core.webui.keyword.WebUiBuiltInKeywords$click$5.call(Unknown Source)
	at 1.5.9 Crear Viáticos.run(1.5.9 Crear Viáticos:235)
	at com.kms.katalon.core.main.ScriptEngine.run(ScriptEngine.java:194)
	at com.kms.katalon.core.main.ScriptEngine.runScriptAsRawText(ScriptEngine.java:119)
	at com.kms.katalon.core.main.TestCaseExecutor.runScript(TestCaseExecutor.java:442)
	at com.kms.katalon.core.main.TestCaseExecutor.doExecute(TestCaseExecutor.java:433)
	at com.kms.katalon.core.main.TestCaseExecutor.processExecutionPhase(TestCaseExecutor.java:412)
	at com.kms.katalon.core.main.TestCaseExecutor.accessMainPhase(TestCaseExecutor.java:404)
	at com.kms.katalon.core.main.TestCaseExecutor.execute(TestCaseExecutor.java:281)
	at com.kms.katalon.core.main.TestSuiteExecutor.accessTestCaseMainPhase(TestSuiteExecutor.java:202)
	at com.kms.katalon.core.main.TestSuiteExecutor.accessTestSuiteMainPhase(TestSuiteExecutor.java:164)
	at com.kms.katalon.core.main.TestSuiteExecutor.execute(TestSuiteExecutor.java:105)
	at com.kms.katalon.core.main.TestCaseMain.startTestSuite(TestCaseMain.java:185)
	at com.kms.katalon.core.main.TestCaseMain$startTestSuite$0.call(Unknown Source)
	at TempTestSuite1646845129657.run(TempTestSuite1646845129657.groovy:36)
Caused by: com.kms.katalon.core.webui.exception.WebElementNotFoundException: Web element with id: 'Object Repository/Modulo Actos Administrativos/Modulo Viáticos/Crear viatico/Page_SARA/a_Entidades Vigiladas' located by '//a[contains(text(),'Entidades Vigiladas')]' not found
	at com.kms.katalon.core.webui.common.WebUiCommonHelper.findWebElement(WebUiCommonHelper.java:1370)
	at com.kms.katalon.core.webui.keyword.internal.WebUIAbstractKeyword.findWebElement(WebUIAbstractKeyword.groovy:27)
	at com.kms.katalon.core.webui.keyword.builtin.ClickKeyword$_click_closure1.doCall(ClickKeyword.groovy:65)
	at com.kms.katalon.core.webui.keyword.builtin.ClickKeyword$_click_closure1.call(ClickKeyword.groovy)
	at com.kms.katalon.core.webui.keyword.internal.WebUIKeywordMain.runKeyword(WebUIKeywordMain.groovy:20)
	at com.kms.katalon.core.webui.keyword.builtin.ClickKeyword.click(ClickKeyword.groovy:74)
	at com.kms.katalon.core.webui.keyword.builtin.ClickKeyword.execute(ClickKeyword.groovy:40)
	at com.kms.katalon.core.keyword.internal.KeywordExecutor.executeKeywordForPlatform(KeywordExecutor.groovy:74)
	at com.kms.katalon.core.webui.keyword.WebUiBuiltInKeywords.click(WebUiBuiltInKeywords.groovy:620)
	at com.kms.katalon.core.webui.keyword.WebUiBuiltInKeywords$click$5.call(Unknown Source)
	at Script1629930083943.run(Script1629930083943.groovy:235)
	... 13 more
)

2022-03-09 12:45:06 - [MESSAGE][INFO] - Unable to find the element located by 'By.xpath: //a[contains(text(),'Entidades Vigiladas')]'. Please recheck the objects properties to make sure the desired element is located. 

2022-03-09 12:45:06 - [MESSAGE][FAILED] - Unable to click on object 'Object Repository/Modulo Actos Administrativos/Modulo Viáticos/Crear viatico/Page_SARA/a_Entidades Vigiladas' (Root cause: com.kms.katalon.core.exception.StepFailedException: Unable to click on object 'Object Repository/Modulo Actos Administrativos/Modulo Viáticos/Crear viatico/Page_SARA/a_Entidades Vigiladas'
	at com.kms.katalon.core.webui.keyword.internal.WebUIKeywordMain.stepFailed(WebUIKeywordMain.groovy:64)
	at com.kms.katalon.core.webui.keyword.internal.WebUIKeywordMain.runKeyword(WebUIKeywordMain.groovy:26)
	at com.kms.katalon.core.webui.keyword.builtin.ClickKeyword.click(ClickKeyword.groovy:74)
	at com.kms.katalon.core.webui.keyword.builtin.ClickKeyword.execute(ClickKeyword.groovy:40)
	at com.kms.katalon.core.keyword.internal.KeywordExecutor.executeKeywordForPlatform(KeywordExecutor.groovy:74)
	at com.kms.katalon.core.webui.keyword.WebUiBuiltInKeywords.click(WebUiBuiltInKeywords.groovy:620)
	at com.kms.katalon.core.webui.keyword.WebUiBuiltInKeywords$click$5.call(Unknown Source)
	at 1.5.9 Crear Viáticos.run(1.5.9 Crear Viáticos:235)
	at com.kms.katalon.core.main.ScriptEngine.run(ScriptEngine.java:194)
	at com.kms.katalon.core.main.ScriptEngine.runScriptAsRawText(ScriptEngine.java:119)
	at com.kms.katalon.core.main.TestCaseExecutor.runScript(TestCaseExecutor.java:442)
	at com.kms.katalon.core.main.TestCaseExecutor.doExecute(TestCaseExecutor.java:433)
	at com.kms.katalon.core.main.TestCaseExecutor.processExecutionPhase(TestCaseExecutor.java:412)
	at com.kms.katalon.core.main.TestCaseExecutor.accessMainPhase(TestCaseExecutor.java:404)
	at com.kms.katalon.core.main.TestCaseExecutor.execute(TestCaseExecutor.java:281)
	at com.kms.katalon.core.main.TestSuiteExecutor.accessTestCaseMainPhase(TestSuiteExecutor.java:202)
	at com.kms.katalon.core.main.TestSuiteExecutor.accessTestSuiteMainPhase(TestSuiteExecutor.java:164)
	at com.kms.katalon.core.main.TestSuiteExecutor.execute(TestSuiteExecutor.java:105)
	at com.kms.katalon.core.main.TestCaseMain.startTestSuite(TestCaseMain.java:185)
	at com.kms.katalon.core.main.TestCaseMain$startTestSuite$0.call(Unknown Source)
	at TempTestSuite1646845129657.run(TempTestSuite1646845129657.groovy:36)
Caused by: com.kms.katalon.core.webui.exception.WebElementNotFoundException: Web element with id: 'Object Repository/Modulo Actos Administrativos/Modulo Viáticos/Crear viatico/Page_SARA/a_Entidades Vigiladas' located by '//a[contains(text(),'Entidades Vigiladas')]' not found
	at com.kms.katalon.core.webui.common.WebUiCommonHelper.findWebElement(WebUiCommonHelper.java:1370)
	at com.kms.katalon.core.webui.keyword.internal.WebUIAbstractKeyword.findWebElement(WebUIAbstractKeyword.groovy:27)
	at com.kms.katalon.core.webui.keyword.builtin.ClickKeyword$_click_closure1.doCall(ClickKeyword.groovy:65)
	at com.kms.katalon.core.webui.keyword.builtin.ClickKeyword$_click_closure1.call(ClickKeyword.groovy)
	at com.kms.katalon.core.webui.keyword.internal.WebUIKeywordMain.runKeyword(WebUIKeywordMain.groovy:20)
	at com.kms.katalon.core.webui.keyword.builtin.ClickKeyword.click(ClickKeyword.groovy:74)
	at com.kms.katalon.core.webui.keyword.builtin.ClickKeyword.execute(ClickKeyword.groovy:40)
	at com.kms.katalon.core.keyword.internal.KeywordExecutor.executeKeywordForPlatform(KeywordExecutor.groovy:74)
	at com.kms.katalon.core.webui.keyword.WebUiBuiltInKeywords.click(WebUiBuiltInKeywords.groovy:620)
	at com.kms.katalon.core.webui.keyword.WebUiBuiltInKeywords$click$5.call(Unknown Source)
	at Script1629930083943.run(Script1629930083943.groovy:235)
	... 13 more
)
[[ATTACHMENT|C:\\Users\\diego.rojas\\git\\Pruebas-Minimas\\Reports\\20220309_115823\\1-Tareas Principales\\20220309_115849\\1646847906215.png]]]]></system-out>
         <system-err><![CDATA[2022-03-09 12:41:50 - [TEST_CASE][FAILED] - Test Cases/1.1-Tareas Principales/1.5.9 Crear Viáticos: Test Cases/1.1-Tareas Principales/1.5.9 Crear Viáticos FAILED.
Reason:
com.kms.katalon.core.exception.StepFailedException: Unable to click on object 'Object Repository/Modulo Actos Administrativos/Modulo Viáticos/Crear viatico/Page_SARA/a_Entidades Vigiladas'
	at com.kms.katalon.core.webui.keyword.internal.WebUIKeywordMain.stepFailed(WebUIKeywordMain.groovy:64)
	at com.kms.katalon.core.webui.keyword.internal.WebUIKeywordMain.runKeyword(WebUIKeywordMain.groovy:26)
	at com.kms.katalon.core.webui.keyword.builtin.ClickKeyword.click(ClickKeyword.groovy:74)
	at com.kms.katalon.core.webui.keyword.builtin.ClickKeyword.execute(ClickKeyword.groovy:40)
	at com.kms.katalon.core.keyword.internal.KeywordExecutor.executeKeywordForPlatform(KeywordExecutor.groovy:74)
	at com.kms.katalon.core.webui.keyword.WebUiBuiltInKeywords.click(WebUiBuiltInKeywords.groovy:620)
	at com.kms.katalon.core.webui.keyword.WebUiBuiltInKeywords$click$5.call(Unknown Source)
	at 1.5.9 Crear Viáticos.run(1.5.9 Crear Viáticos:235)
	at com.kms.katalon.core.main.ScriptEngine.run(ScriptEngine.java:194)
	at com.kms.katalon.core.main.ScriptEngine.runScriptAsRawText(ScriptEngine.java:119)
	at com.kms.katalon.core.main.TestCaseExecutor.runScript(TestCaseExecutor.java:442)
	at com.kms.katalon.core.main.TestCaseExecutor.doExecute(TestCaseExecutor.java:433)
	at com.kms.katalon.core.main.TestCaseExecutor.processExecutionPhase(TestCaseExecutor.java:412)
	at com.kms.katalon.core.main.TestCaseExecutor.accessMainPhase(TestCaseExecutor.java:404)
	at com.kms.katalon.core.main.TestCaseExecutor.execute(TestCaseExecutor.java:281)
	at com.kms.katalon.core.main.TestSuiteExecutor.accessTestCaseMainPhase(TestSuiteExecutor.java:202)
	at com.kms.katalon.core.main.TestSuiteExecutor.accessTestSuiteMainPhase(TestSuiteExecutor.java:164)
	at com.kms.katalon.core.main.TestSuiteExecutor.execute(TestSuiteExecutor.java:105)
	at com.kms.katalon.core.main.TestCaseMain.startTestSuite(TestCaseMain.java:185)
	at com.kms.katalon.core.main.TestCaseMain$startTestSuite$0.call(Unknown Source)
	at TempTestSuite1646845129657.run(TempTestSuite1646845129657.groovy:36)
Caused by: com.kms.katalon.core.webui.exception.WebElementNotFoundException: Web element with id: 'Object Repository/Modulo Actos Administrativos/Modulo Viáticos/Crear viatico/Page_SARA/a_Entidades Vigiladas' located by '//a[contains(text(),'Entidades Vigiladas')]' not found
	at com.kms.katalon.core.webui.common.WebUiCommonHelper.findWebElement(WebUiCommonHelper.java:1370)
	at com.kms.katalon.core.webui.keyword.internal.WebUIAbstractKeyword.findWebElement(WebUIAbstractKeyword.groovy:27)
	at com.kms.katalon.core.webui.keyword.builtin.ClickKeyword$_click_closure1.doCall(ClickKeyword.groovy:65)
	at com.kms.katalon.core.webui.keyword.builtin.ClickKeyword$_click_closure1.call(ClickKeyword.groovy)
	at com.kms.katalon.core.webui.keyword.internal.WebUIKeywordMain.runKeyword(WebUIKeywordMain.groovy:20)
	... 19 more]]></system-err>
      </testcase>
      <testcase name="Test Cases/1.1-Tareas Principales/1.6.1 Costos de Viáticos" time="39.354" classname="Test Cases/1.1-Tareas Principales/1.6.1 Costos de Viáticos" status="PASSED">
         <system-out><![CDATA[2022-03-09 12:45:06 - [TEST_CASE][PASSED] - Test Cases/1.1-Tareas Principales/1.6.1 Costos de Viáticos: Test Cases/1.1-Tareas Principales/1.6.1 Costos de Viáticos

2022-03-09 12:45:07 - [TEST_STEP][PASSED] - callTestCase(findTestCase("0.1-Login"), [:], STOP_ON_FAILURE): Call Test Case 'Test Cases/0.1-Login' successfully

2022-03-09 12:45:07 - [TEST_CASE][PASSED] - Test Cases/0.1-Login: Test Cases/0.1-Login

2022-03-09 12:45:07 - [TEST_STEP][PASSED] - openBrowser(""): Browser is opened with url: ''

2022-03-09 12:45:07 - [MESSAGE][WARNING] - A browser is already opened. Closing browser and opening a new one

2022-03-09 12:45:09 - [MESSAGE][INFO] - Starting 'Chrome' driver

2022-03-09 12:45:09 - [MESSAGE][INFO] - Action delay is set to 0 milliseconds

2022-03-09 12:45:11 - [MESSAGE][PASSED] - Browser is opened with url: ''

2022-03-09 12:45:11 - [TEST_STEP][PASSED] - maximizeWindow(): Current window maximized

2022-03-09 12:45:12 - [MESSAGE][PASSED] - Current window maximized

2022-03-09 12:45:12 - [TEST_STEP][PASSED] - i = G_Login: null

2022-03-09 12:45:12 - [TEST_STEP][PASSED] - url = new java.net.URL(i): null

2022-03-09 12:45:12 - [TEST_STEP][PASSED] - println("URL: " + url.toString()): null

2022-03-09 12:45:12 - [TEST_STEP][PASSED] - connection = url.openConnection(): null

2022-03-09 12:45:12 - [TEST_STEP][PASSED] - connection.setRequestMethod("GET"): null

2022-03-09 12:45:12 - [TEST_STEP][PASSED] - connection.setReadTimeout(2 * 1000): null

2022-03-09 12:45:12 - [TEST_STEP][PASSED] - try: null

2022-03-09 12:45:12 - [TEST_STEP][PASSED] - connection.connect(): null

2022-03-09 12:45:12 - [TEST_STEP][PASSED] - flag = connected: null

2022-03-09 12:45:12 - [TEST_STEP][PASSED] - println("Valor_ori: " + flag): null

2022-03-09 12:45:12 - [TEST_STEP][PASSED] - if (flag): null

2022-03-09 12:45:12 - [TEST_STEP][PASSED] - navigateToUrl(i): Navigate to 'http://192.168.2.80:8380/saraweb' successfully

2022-03-09 12:45:12 - [MESSAGE][PASSED] - Navigate to 'http://192.168.2.80:8380/saraweb' successfully

2022-03-09 12:45:12 - [TEST_STEP][PASSED] - a(): null

2022-03-09 12:45:12 - [TEST_STEP][PASSED] - setText(findTestObject("Login/input_USUARIO_loginusuario"), G_Usuario): Text 'saraadmin' is set on object 'Object Repository/Login/input_USUARIO_loginusuario'

2022-03-09 12:45:13 - [MESSAGE][PASSED] - Text 'saraadmin' is set on object 'Object Repository/Login/input_USUARIO_loginusuario'

2022-03-09 12:45:13 - [TEST_STEP][PASSED] - setEncryptedText(findTestObject("Login/input_CLAVE_loginpassword"), "MkG4/TYiCFC3cb2driP7+Q=="): Text ****** has been set on object 'Object Repository/Login/input_CLAVE_loginpassword'

2022-03-09 12:45:14 - [MESSAGE][PASSED] - Text ****** has been set on object 'Object Repository/Login/input_CLAVE_loginpassword'

2022-03-09 12:45:14 - [TEST_STEP][PASSED] - waitForElementClickable(findTestObject("Login/a_Ingresar"), G_TimeOut): Object 'Object Repository/Login/a_Ingresar' is clickable

2022-03-09 12:45:14 - [MESSAGE][PASSED] - Object 'Object Repository/Login/a_Ingresar' is clickable

2022-03-09 12:45:14 - [TEST_STEP][PASSED] - click(findTestObject("Login/a_Ingresar")): Object: 'Object Repository/Login/a_Ingresar' is clicked on

2022-03-09 12:45:16 - [MESSAGE][PASSED] - Object: 'Object Repository/Login/a_Ingresar' is clicked on

2022-03-09 12:45:16 - [TEST_STEP][PASSED] - element = findWebElement(findTestObject("Login/a_Ir"), 30): null

2022-03-09 12:45:16 - [TEST_STEP][PASSED] - executeJavaScript("arguments[0].click()", Arrays.asList(element)): Execute JavaScript 'arguments[0].click()' successfully

2022-03-09 12:45:16 - [MESSAGE][PASSED] - Execute JavaScript 'arguments[0].click()' successfully

2022-03-09 12:45:16 - [MESSAGE][PASSED] - Call Test Case 'Test Cases/0.1-Login' successfully

2022-03-09 12:45:16 - [TEST_STEP][PASSED] - waitForElementClickable(findTestObject("Modulo Actos Administrativos/Modulo Viáticos/Costos de Viáticos/input_ADMINISTRADOR DEL SISTEMA - SARA_form_templatej_idt24_input"), 0): Object 'Object Repository/Modulo Actos Administrativos/Modulo Viáticos/Costos de Viáticos/input_ADMINISTRADOR DEL SISTEMA - SARA_form_templatej_idt24_input' is clickable

2022-03-09 12:45:17 - [MESSAGE][WARNING] - Timeout '0' is invalid. Using default page load timeout: '30'

2022-03-09 12:45:18 - [MESSAGE][PASSED] - Object 'Object Repository/Modulo Actos Administrativos/Modulo Viáticos/Costos de Viáticos/input_ADMINISTRADOR DEL SISTEMA - SARA_form_templatej_idt24_input' is clickable

2022-03-09 12:45:18 - [TEST_STEP][PASSED] - setText(findTestObject("Modulo Actos Administrativos/Modulo Viáticos/Costos de Viáticos/input_ADMINISTRADOR DEL SISTEMA - SARA_form_templatej_idt24_input"), "listado de viaticos"): Text 'listado de viaticos' is set on object 'Object Repository/Modulo Actos Administrativos/Modulo Viáticos/Costos de Viáticos/input_ADMINISTRADOR DEL SISTEMA - SARA_form_templatej_idt24_input'

2022-03-09 12:45:19 - [MESSAGE][PASSED] - Text 'listado de viaticos' is set on object 'Object Repository/Modulo Actos Administrativos/Modulo Viáticos/Costos de Viáticos/input_ADMINISTRADOR DEL SISTEMA - SARA_form_templatej_idt24_input'

2022-03-09 12:45:19 - [TEST_STEP][PASSED] - waitForElementClickable(findTestObject("Modulo Actos Administrativos/Modulo Viáticos/Costos de Viáticos/li_Listado de Viaticos (act)"), 0): Object 'Object Repository/Modulo Actos Administrativos/Modulo Viáticos/Costos de Viáticos/li_Listado de Viaticos (act)' is clickable

2022-03-09 12:45:19 - [MESSAGE][WARNING] - Timeout '0' is invalid. Using default page load timeout: '30'

2022-03-09 12:45:20 - [MESSAGE][PASSED] - Object 'Object Repository/Modulo Actos Administrativos/Modulo Viáticos/Costos de Viáticos/li_Listado de Viaticos (act)' is clickable

2022-03-09 12:45:20 - [TEST_STEP][PASSED] - sendKeys(findTestObject("Modulo Actos Administrativos/Modulo Viáticos/Costos de Viáticos/input_ADMINISTRADOR DEL SISTEMA - SARA_form_templatej_idt24_input"), Keys.chord(ENTER)): Keys 'ENTER + ' sent to object: 'Object Repository/Modulo Actos Administrativos/Modulo Viáticos/Costos de Viáticos/input_ADMINISTRADOR DEL SISTEMA - SARA_form_templatej_idt24_input'

2022-03-09 12:45:20 - [MESSAGE][PASSED] - Keys 'ENTER + ' sent to object: 'Object Repository/Modulo Actos Administrativos/Modulo Viáticos/Costos de Viáticos/input_ADMINISTRADOR DEL SISTEMA - SARA_form_templatej_idt24_input'

2022-03-09 12:45:20 - [TEST_STEP][PASSED] - setText(findTestObject("Modulo Actos Administrativos/Modulo Viáticos/Crear viatico/input_Ao_form_listadoviaticosanio"), "2021"): Text '2021' is set on object 'Object Repository/Modulo Actos Administrativos/Modulo Viáticos/Crear viatico/input_Ao_form_listadoviaticosanio'

2022-03-09 12:45:22 - [MESSAGE][PASSED] - Text '2021' is set on object 'Object Repository/Modulo Actos Administrativos/Modulo Viáticos/Crear viatico/input_Ao_form_listadoviaticosanio'

2022-03-09 12:45:22 - [TEST_STEP][PASSED] - sendKeys(findTestObject("Modulo Actos Administrativos/Modulo Viáticos/Crear viatico/input_Ao_form_listadoviaticosanio"), Keys.chord(ENTER)): Keys 'ENTER + ' sent to object: 'Object Repository/Modulo Actos Administrativos/Modulo Viáticos/Crear viatico/input_Ao_form_listadoviaticosanio'

2022-03-09 12:45:23 - [MESSAGE][PASSED] - Keys 'ENTER + ' sent to object: 'Object Repository/Modulo Actos Administrativos/Modulo Viáticos/Crear viatico/input_Ao_form_listadoviaticosanio'

2022-03-09 12:45:23 - [TEST_STEP][PASSED] - selectOptionByIndex(findTestObject("Modulo Actos Administrativos/Modulo Viáticos/Costos de Viáticos/select_--Seleccione--Estado"), 2): All options with index in [2] are selected on object 'Object Repository/Modulo Actos Administrativos/Modulo Viáticos/Costos de Viáticos/select_--Seleccione--Estado'

2022-03-09 12:45:25 - [MESSAGE][PASSED] - All options with index in [2] are selected on object 'Object Repository/Modulo Actos Administrativos/Modulo Viáticos/Costos de Viáticos/select_--Seleccione--Estado'

2022-03-09 12:45:25 - [TEST_STEP][PASSED] - if (waitForElementClickable(findTestObject("Modulo Actos Administrativos/Modulo Viáticos/Complementario de Viáticos/span_5"), 2)): null

2022-03-09 12:45:25 - [MESSAGE][PASSED] - Object 'Object Repository/Modulo Actos Administrativos/Modulo Viáticos/Complementario de Viáticos/span_5' is clickable

2022-03-09 12:45:25 - [TEST_STEP][PASSED] - click(findTestObject("Modulo Actos Administrativos/Modulo Viáticos/Complementario de Viáticos/span_5")): Object: 'Object Repository/Modulo Actos Administrativos/Modulo Viáticos/Complementario de Viáticos/span_5' is clicked on

2022-03-09 12:45:26 - [MESSAGE][PASSED] - Object: 'Object Repository/Modulo Actos Administrativos/Modulo Viáticos/Complementario de Viáticos/span_5' is clicked on

2022-03-09 12:45:26 - [TEST_STEP][PASSED] - waitForElementClickable(findTestObject("Modulo Actos Administrativos/Modulo Viáticos/Costos de Viáticos/a_Costos"), 0): Object 'Object Repository/Modulo Actos Administrativos/Modulo Viáticos/Costos de Viáticos/a_Costos' is clickable

2022-03-09 12:45:26 - [MESSAGE][WARNING] - Timeout '0' is invalid. Using default page load timeout: '30'

2022-03-09 12:45:28 - [MESSAGE][PASSED] - Object 'Object Repository/Modulo Actos Administrativos/Modulo Viáticos/Costos de Viáticos/a_Costos' is clickable

2022-03-09 12:45:28 - [TEST_STEP][PASSED] - click(findTestObject("Modulo Actos Administrativos/Modulo Viáticos/Costos de Viáticos/a_Costos")): Object: 'Object Repository/Modulo Actos Administrativos/Modulo Viáticos/Costos de Viáticos/a_Costos' is clicked on

2022-03-09 12:45:29 - [MESSAGE][PASSED] - Object: 'Object Repository/Modulo Actos Administrativos/Modulo Viáticos/Costos de Viáticos/a_Costos' is clicked on

2022-03-09 12:45:29 - [TEST_STEP][PASSED] - sendKeys(findTestObject("Modulo Actos Administrativos/Modulo Viáticos/Costos de Viáticos/a_Costos"), Keys.chord(DOWN, DOWN, DOWN, DOWN, DOWN, DOWN, DOWN)): Keys 'DOWN + DOWN + DOWN + DOWN + DOWN + DOWN + DOWN + ' sent to object: 'Object Repository/Modulo Actos Administrativos/Modulo Viáticos/Costos de Viáticos/a_Costos'

2022-03-09 12:45:29 - [MESSAGE][PASSED] - Keys 'DOWN + DOWN + DOWN + DOWN + DOWN + DOWN + DOWN + ' sent to object: 'Object Repository/Modulo Actos Administrativos/Modulo Viáticos/Costos de Viáticos/a_Costos'

2022-03-09 12:45:29 - [TEST_STEP][PASSED] - if (waitForElementClickable(findTestObject("Modulo Actos Administrativos/Modulo Viáticos/Costos de Viáticos/td_QUINTERO 5 EMPLEADO"), 2)): Web element with id: 'Object Repository/Modulo Actos Administrativos/Modulo Viáticos/Costos de Viáticos/td_QUINTERO 5 EMPLEADO' located by '//div/div/table/tbody/tr/td[2]' not found

2022-03-09 12:45:32 - [MESSAGE][INFO] - Unable to find the element located by 'By.xpath: //div/div/table/tbody/tr/td[2]'. Please recheck the objects properties to make sure the desired element is located. 

2022-03-09 12:45:32 - [MESSAGE][WARNING] - Web element with id: 'Object Repository/Modulo Actos Administrativos/Modulo Viáticos/Costos de Viáticos/td_QUINTERO 5 EMPLEADO' located by '//div/div/table/tbody/tr/td[2]' not found

2022-03-09 12:45:32 - [TEST_STEP][PASSED] - waitForElementClickable(findTestObject("Modulo Actos Administrativos/Modulo Viáticos/Costos de Viáticos/a_Nuevo1_costo"), 0): Object 'Object Repository/Modulo Actos Administrativos/Modulo Viáticos/Costos de Viáticos/a_Nuevo1_costo' is clickable

2022-03-09 12:45:32 - [MESSAGE][WARNING] - Timeout '0' is invalid. Using default page load timeout: '30'

2022-03-09 12:45:33 - [MESSAGE][PASSED] - Object 'Object Repository/Modulo Actos Administrativos/Modulo Viáticos/Costos de Viáticos/a_Nuevo1_costo' is clickable

2022-03-09 12:45:33 - [TEST_STEP][PASSED] - click(findTestObject("Modulo Actos Administrativos/Modulo Viáticos/Costos de Viáticos/a_Nuevo1_costo")): Object: 'Object Repository/Modulo Actos Administrativos/Modulo Viáticos/Costos de Viáticos/a_Nuevo1_costo' is clicked on

2022-03-09 12:45:33 - [MESSAGE][PASSED] - Object: 'Object Repository/Modulo Actos Administrativos/Modulo Viáticos/Costos de Viáticos/a_Nuevo1_costo' is clicked on

2022-03-09 12:45:33 - [TEST_STEP][PASSED] - waitForElementClickable(findTestObject("Modulo Actos Administrativos/Modulo Viáticos/Costos de Viáticos/a_Funcionario_form_popupComplementarioViaticoj_idt332"), 0): Object 'Object Repository/Modulo Actos Administrativos/Modulo Viáticos/Costos de Viáticos/a_Funcionario_form_popupComplementarioViaticoj_idt332' is clickable

2022-03-09 12:45:33 - [MESSAGE][WARNING] - Timeout '0' is invalid. Using default page load timeout: '30'

2022-03-09 12:45:34 - [MESSAGE][PASSED] - Object 'Object Repository/Modulo Actos Administrativos/Modulo Viáticos/Costos de Viáticos/a_Funcionario_form_popupComplementarioViaticoj_idt332' is clickable

2022-03-09 12:45:34 - [TEST_STEP][PASSED] - click(findTestObject("Modulo Actos Administrativos/Modulo Viáticos/Costos de Viáticos/a_Funcionario_form_popupComplementarioViaticoj_idt332")): Object: 'Object Repository/Modulo Actos Administrativos/Modulo Viáticos/Costos de Viáticos/a_Funcionario_form_popupComplementarioViaticoj_idt332' is clicked on

2022-03-09 12:45:34 - [MESSAGE][PASSED] - Object: 'Object Repository/Modulo Actos Administrativos/Modulo Viáticos/Costos de Viáticos/a_Funcionario_form_popupComplementarioViaticoj_idt332' is clicked on

2022-03-09 12:45:34 - [TEST_STEP][PASSED] - waitForElementClickable(findTestObject("Modulo Actos Administrativos/Modulo Viáticos/Costos de Viáticos/td_QUINTERO 5 EMPLEADO"), 0): Object 'Object Repository/Modulo Actos Administrativos/Modulo Viáticos/Costos de Viáticos/td_QUINTERO 5 EMPLEADO' is clickable

2022-03-09 12:45:34 - [MESSAGE][WARNING] - Timeout '0' is invalid. Using default page load timeout: '30'

2022-03-09 12:45:35 - [MESSAGE][PASSED] - Object 'Object Repository/Modulo Actos Administrativos/Modulo Viáticos/Costos de Viáticos/td_QUINTERO 5 EMPLEADO' is clickable

2022-03-09 12:45:35 - [TEST_STEP][PASSED] - click(findTestObject("Modulo Actos Administrativos/Modulo Viáticos/Costos de Viáticos/td_QUINTERO 5 EMPLEADO")): Object: 'Object Repository/Modulo Actos Administrativos/Modulo Viáticos/Costos de Viáticos/td_QUINTERO 5 EMPLEADO' is clicked on

2022-03-09 12:45:36 - [MESSAGE][PASSED] - Object: 'Object Repository/Modulo Actos Administrativos/Modulo Viáticos/Costos de Viáticos/td_QUINTERO 5 EMPLEADO' is clicked on

2022-03-09 12:45:36 - [TEST_STEP][PASSED] - delay(1): Delayed 1 second(s)

2022-03-09 12:45:37 - [MESSAGE][PASSED] - Delayed 1 second(s)

2022-03-09 12:45:37 - [TEST_STEP][PASSED] - selectOptionByIndex(findTestObject("Modulo Actos Administrativos/Modulo Viáticos/Complementario de Viáticos/select_--- Seleccione Tipo Costo --Viatico prueba--complementario"), "1"): All options with index in [1] are selected on object 'Object Repository/Modulo Actos Administrativos/Modulo Viáticos/Complementario de Viáticos/select_--- Seleccione Tipo Costo --Viatico prueba--complementario'

2022-03-09 12:45:38 - [MESSAGE][PASSED] - All options with index in [1] are selected on object 'Object Repository/Modulo Actos Administrativos/Modulo Viáticos/Complementario de Viáticos/select_--- Seleccione Tipo Costo --Viatico prueba--complementario'

2022-03-09 12:45:38 - [TEST_STEP][PASSED] - setText(findTestObject("Modulo Actos Administrativos/Modulo Viáticos/Costos de Viáticos/input_Valor Pagado UD_form_popupcostoviaticosvalorPagadoUD"), "1500000"): Text '1500000' is set on object 'Object Repository/Modulo Actos Administrativos/Modulo Viáticos/Costos de Viáticos/input_Valor Pagado UD_form_popupcostoviaticosvalorPagadoUD'

2022-03-09 12:45:39 - [MESSAGE][PASSED] - Text '1500000' is set on object 'Object Repository/Modulo Actos Administrativos/Modulo Viáticos/Costos de Viáticos/input_Valor Pagado UD_form_popupcostoviaticosvalorPagadoUD'

2022-03-09 12:45:39 - [TEST_STEP][PASSED] - setText(findTestObject("Modulo Actos Administrativos/Modulo Viáticos/Costos de Viáticos/input_Excedente_form_popupcostoviaticosvalorExcedente"), "10000"): Text '10000' is set on object 'Object Repository/Modulo Actos Administrativos/Modulo Viáticos/Costos de Viáticos/input_Excedente_form_popupcostoviaticosvalorExcedente'

2022-03-09 12:45:40 - [MESSAGE][PASSED] - Text '10000' is set on object 'Object Repository/Modulo Actos Administrativos/Modulo Viáticos/Costos de Viáticos/input_Excedente_form_popupcostoviaticosvalorExcedente'

2022-03-09 12:45:40 - [TEST_STEP][PASSED] - setText(findTestObject("Modulo Actos Administrativos/Modulo Viáticos/Costos de Viáticos/input_Factura_form_popupcostoviaticosfactura"), "5"): Text '5' is set on object 'Object Repository/Modulo Actos Administrativos/Modulo Viáticos/Costos de Viáticos/input_Factura_form_popupcostoviaticosfactura'

2022-03-09 12:45:40 - [MESSAGE][PASSED] - Text '5' is set on object 'Object Repository/Modulo Actos Administrativos/Modulo Viáticos/Costos de Viáticos/input_Factura_form_popupcostoviaticosfactura'

2022-03-09 12:45:40 - [TEST_STEP][PASSED] - setText(findTestObject("Modulo Actos Administrativos/Modulo Viáticos/Costos de Viáticos/input_Factura_form_popupcostoviaticosfechafactura_input"), "01/07/2021"): Text '01/07/2021' is set on object 'Object Repository/Modulo Actos Administrativos/Modulo Viáticos/Costos de Viáticos/input_Factura_form_popupcostoviaticosfechafactura_input'

2022-03-09 12:45:41 - [MESSAGE][PASSED] - Text '01/07/2021' is set on object 'Object Repository/Modulo Actos Administrativos/Modulo Viáticos/Costos de Viáticos/input_Factura_form_popupcostoviaticosfechafactura_input'

2022-03-09 12:45:41 - [TEST_STEP][PASSED] - setText(findTestObject("Modulo Actos Administrativos/Modulo Viáticos/Costos de Viáticos/input_viatico_form_popupcostoviaticosdestino"), "1"): Text '1' is set on object 'Object Repository/Modulo Actos Administrativos/Modulo Viáticos/Costos de Viáticos/input_viatico_form_popupcostoviaticosdestino'

2022-03-09 12:45:42 - [MESSAGE][PASSED] - Text '1' is set on object 'Object Repository/Modulo Actos Administrativos/Modulo Viáticos/Costos de Viáticos/input_viatico_form_popupcostoviaticosdestino'

2022-03-09 12:45:42 - [TEST_STEP][PASSED] - click(findTestObject("Modulo Actos Administrativos/Modulo Viáticos/Costos de Viáticos/input_viatico_form_popupcostoviaticosdestino")): Object: 'Object Repository/Modulo Actos Administrativos/Modulo Viáticos/Costos de Viáticos/input_viatico_form_popupcostoviaticosdestino' is clicked on

2022-03-09 12:45:43 - [MESSAGE][PASSED] - Object: 'Object Repository/Modulo Actos Administrativos/Modulo Viáticos/Costos de Viáticos/input_viatico_form_popupcostoviaticosdestino' is clicked on

2022-03-09 12:45:43 - [TEST_STEP][PASSED] - click(findTestObject("Modulo Actos Administrativos/Modulo Viáticos/Costos de Viáticos/a_Guardar_costo")): Object: 'Object Repository/Modulo Actos Administrativos/Modulo Viáticos/Costos de Viáticos/a_Guardar_costo' is clicked on

2022-03-09 12:45:43 - [MESSAGE][PASSED] - Object: 'Object Repository/Modulo Actos Administrativos/Modulo Viáticos/Costos de Viáticos/a_Guardar_costo' is clicked on

2022-03-09 12:45:43 - [TEST_STEP][PASSED] - waitForElementClickable(findTestObject("Modulo Actos Administrativos/Modulo Viáticos/Costos de Viáticos/p_El registro se ha insertado correctamente"), 0): Object 'Object Repository/Modulo Actos Administrativos/Modulo Viáticos/Costos de Viáticos/p_El registro se ha insertado correctamente' is clickable

2022-03-09 12:45:43 - [MESSAGE][WARNING] - Timeout '0' is invalid. Using default page load timeout: '30'

2022-03-09 12:45:44 - [MESSAGE][PASSED] - Object 'Object Repository/Modulo Actos Administrativos/Modulo Viáticos/Costos de Viáticos/p_El registro se ha insertado correctamente' is clickable

2022-03-09 12:45:44 - [TEST_STEP][PASSED] - click(findTestObject("Modulo Actos Administrativos/Modulo Viáticos/Costos de Viáticos/span_Cerrar_ Costo viatico")): Object: 'Object Repository/Modulo Actos Administrativos/Modulo Viáticos/Costos de Viáticos/span_Cerrar_ Costo viatico' is clicked on

2022-03-09 12:45:44 - [MESSAGE][PASSED] - Object: 'Object Repository/Modulo Actos Administrativos/Modulo Viáticos/Costos de Viáticos/span_Cerrar_ Costo viatico' is clicked on

2022-03-09 12:45:44 - [TEST_STEP][PASSED] - getText(findTestObject("Alerta/Alerta")): Text of object 'Object Repository/Alerta/Alerta' is: 'El registro se ha insertado correctamente'

2022-03-09 12:45:45 - [MESSAGE][PASSED] - Text of object 'Object Repository/Alerta/Alerta' is: 'El registro se ha insertado correctamente']]></system-out>
         <system-err><![CDATA[]]></system-err>
      </testcase>
      <testcase name="Test Cases/1.1-Tareas Principales/1.6.2 Complementario de Viáticos" time="44.361" classname="Test Cases/1.1-Tareas Principales/1.6.2 Complementario de Viáticos" status="PASSED">
         <system-out><![CDATA[2022-03-09 12:45:45 - [TEST_CASE][PASSED] - Test Cases/1.1-Tareas Principales/1.6.2 Complementario de Viáticos: Test Cases/1.1-Tareas Principales/1.6.2 Complementario de Viáticos

2022-03-09 12:45:46 - [TEST_STEP][PASSED] - callTestCase(findTestCase("0.1-Login"), [:], STOP_ON_FAILURE): Call Test Case 'Test Cases/0.1-Login' successfully

2022-03-09 12:45:46 - [TEST_CASE][PASSED] - Test Cases/0.1-Login: Test Cases/0.1-Login

2022-03-09 12:45:46 - [TEST_STEP][PASSED] - openBrowser(""): Browser is opened with url: ''

2022-03-09 12:45:46 - [MESSAGE][WARNING] - A browser is already opened. Closing browser and opening a new one

2022-03-09 12:45:47 - [MESSAGE][INFO] - Starting 'Chrome' driver

2022-03-09 12:45:47 - [MESSAGE][INFO] - Action delay is set to 0 milliseconds

2022-03-09 12:45:50 - [MESSAGE][PASSED] - Browser is opened with url: ''

2022-03-09 12:45:50 - [TEST_STEP][PASSED] - maximizeWindow(): Current window maximized

2022-03-09 12:45:50 - [MESSAGE][PASSED] - Current window maximized

2022-03-09 12:45:50 - [TEST_STEP][PASSED] - i = G_Login: null

2022-03-09 12:45:50 - [TEST_STEP][PASSED] - url = new java.net.URL(i): null

2022-03-09 12:45:50 - [TEST_STEP][PASSED] - println("URL: " + url.toString()): null

2022-03-09 12:45:50 - [TEST_STEP][PASSED] - connection = url.openConnection(): null

2022-03-09 12:45:50 - [TEST_STEP][PASSED] - connection.setRequestMethod("GET"): null

2022-03-09 12:45:50 - [TEST_STEP][PASSED] - connection.setReadTimeout(2 * 1000): null

2022-03-09 12:45:50 - [TEST_STEP][PASSED] - try: null

2022-03-09 12:45:50 - [TEST_STEP][PASSED] - connection.connect(): null

2022-03-09 12:45:50 - [TEST_STEP][PASSED] - flag = connected: null

2022-03-09 12:45:50 - [TEST_STEP][PASSED] - println("Valor_ori: " + flag): null

2022-03-09 12:45:50 - [TEST_STEP][PASSED] - if (flag): null

2022-03-09 12:45:50 - [TEST_STEP][PASSED] - navigateToUrl(i): Navigate to 'http://192.168.2.80:8380/saraweb' successfully

2022-03-09 12:45:50 - [MESSAGE][PASSED] - Navigate to 'http://192.168.2.80:8380/saraweb' successfully

2022-03-09 12:45:50 - [TEST_STEP][PASSED] - a(): null

2022-03-09 12:45:50 - [TEST_STEP][PASSED] - setText(findTestObject("Login/input_USUARIO_loginusuario"), G_Usuario): Text 'saraadmin' is set on object 'Object Repository/Login/input_USUARIO_loginusuario'

2022-03-09 12:45:51 - [MESSAGE][PASSED] - Text 'saraadmin' is set on object 'Object Repository/Login/input_USUARIO_loginusuario'

2022-03-09 12:45:51 - [TEST_STEP][PASSED] - setEncryptedText(findTestObject("Login/input_CLAVE_loginpassword"), "MkG4/TYiCFC3cb2driP7+Q=="): Text ****** has been set on object 'Object Repository/Login/input_CLAVE_loginpassword'

2022-03-09 12:45:52 - [MESSAGE][PASSED] - Text ****** has been set on object 'Object Repository/Login/input_CLAVE_loginpassword'

2022-03-09 12:45:52 - [TEST_STEP][PASSED] - waitForElementClickable(findTestObject("Login/a_Ingresar"), G_TimeOut): Object 'Object Repository/Login/a_Ingresar' is clickable

2022-03-09 12:45:53 - [MESSAGE][PASSED] - Object 'Object Repository/Login/a_Ingresar' is clickable

2022-03-09 12:45:53 - [TEST_STEP][PASSED] - click(findTestObject("Login/a_Ingresar")): Object: 'Object Repository/Login/a_Ingresar' is clicked on

2022-03-09 12:45:55 - [MESSAGE][PASSED] - Object: 'Object Repository/Login/a_Ingresar' is clicked on

2022-03-09 12:45:55 - [TEST_STEP][PASSED] - element = findWebElement(findTestObject("Login/a_Ir"), 30): null

2022-03-09 12:45:56 - [TEST_STEP][PASSED] - executeJavaScript("arguments[0].click()", Arrays.asList(element)): Execute JavaScript 'arguments[0].click()' successfully

2022-03-09 12:45:56 - [MESSAGE][PASSED] - Execute JavaScript 'arguments[0].click()' successfully

2022-03-09 12:45:56 - [MESSAGE][PASSED] - Call Test Case 'Test Cases/0.1-Login' successfully

2022-03-09 12:45:56 - [TEST_STEP][PASSED] - waitForElementVisible(findTestObject("Modulo Actos Administrativos/Modulo Viáticos/Complementario de Viáticos/input_ADMINISTRADOR DEL SISTEMA - SARA_form_templatej_idt24_input"), 0): Object 'Object Repository/Modulo Actos Administrativos/Modulo Viáticos/Complementario de Viáticos/input_ADMINISTRADOR DEL SISTEMA - SARA_form_templatej_idt24_input' is visible

2022-03-09 12:45:56 - [MESSAGE][WARNING] - Timeout '0' is invalid. Using default page load timeout: '30'

2022-03-09 12:45:57 - [MESSAGE][PASSED] - Object 'Object Repository/Modulo Actos Administrativos/Modulo Viáticos/Complementario de Viáticos/input_ADMINISTRADOR DEL SISTEMA - SARA_form_templatej_idt24_input' is visible

2022-03-09 12:45:57 - [TEST_STEP][PASSED] - setText(findTestObject("Modulo Actos Administrativos/Modulo Viáticos/Complementario de Viáticos/input_ADMINISTRADOR DEL SISTEMA - SARA_form_templatej_idt24_input"), "listado de viaticos"): Text 'listado de viaticos' is set on object 'Object Repository/Modulo Actos Administrativos/Modulo Viáticos/Complementario de Viáticos/input_ADMINISTRADOR DEL SISTEMA - SARA_form_templatej_idt24_input'

2022-03-09 12:45:57 - [MESSAGE][PASSED] - Text 'listado de viaticos' is set on object 'Object Repository/Modulo Actos Administrativos/Modulo Viáticos/Complementario de Viáticos/input_ADMINISTRADOR DEL SISTEMA - SARA_form_templatej_idt24_input'

2022-03-09 12:45:57 - [TEST_STEP][PASSED] - waitForElementClickable(findTestObject("Modulo Actos Administrativos/Modulo Viáticos/Complementario de Viáticos/li_Listado de Viaticos (act)"), 0): Object 'Object Repository/Modulo Actos Administrativos/Modulo Viáticos/Complementario de Viáticos/li_Listado de Viaticos (act)' is clickable

2022-03-09 12:45:58 - [MESSAGE][WARNING] - Timeout '0' is invalid. Using default page load timeout: '30'

2022-03-09 12:45:59 - [MESSAGE][PASSED] - Object 'Object Repository/Modulo Actos Administrativos/Modulo Viáticos/Complementario de Viáticos/li_Listado de Viaticos (act)' is clickable

2022-03-09 12:45:59 - [TEST_STEP][PASSED] - sendKeys(findTestObject("Modulo Actos Administrativos/Modulo Viáticos/Complementario de Viáticos/input_ADMINISTRADOR DEL SISTEMA - SARA_form_templatej_idt24_input"), Keys.chord(ENTER)): Keys 'ENTER + ' sent to object: 'Object Repository/Modulo Actos Administrativos/Modulo Viáticos/Complementario de Viáticos/input_ADMINISTRADOR DEL SISTEMA - SARA_form_templatej_idt24_input'

2022-03-09 12:46:00 - [MESSAGE][PASSED] - Keys 'ENTER + ' sent to object: 'Object Repository/Modulo Actos Administrativos/Modulo Viáticos/Complementario de Viáticos/input_ADMINISTRADOR DEL SISTEMA - SARA_form_templatej_idt24_input'

2022-03-09 12:46:00 - [TEST_STEP][PASSED] - setText(findTestObject("Modulo Actos Administrativos/Modulo Viáticos/Crear viatico/input_Ao_form_listadoviaticosanio"), "2021"): Text '2021' is set on object 'Object Repository/Modulo Actos Administrativos/Modulo Viáticos/Crear viatico/input_Ao_form_listadoviaticosanio'

2022-03-09 12:46:02 - [MESSAGE][PASSED] - Text '2021' is set on object 'Object Repository/Modulo Actos Administrativos/Modulo Viáticos/Crear viatico/input_Ao_form_listadoviaticosanio'

2022-03-09 12:46:02 - [TEST_STEP][PASSED] - sendKeys(findTestObject("Modulo Actos Administrativos/Modulo Viáticos/Crear viatico/input_Ao_form_listadoviaticosanio"), Keys.chord(ENTER)): Keys 'ENTER + ' sent to object: 'Object Repository/Modulo Actos Administrativos/Modulo Viáticos/Crear viatico/input_Ao_form_listadoviaticosanio'

2022-03-09 12:46:03 - [MESSAGE][PASSED] - Keys 'ENTER + ' sent to object: 'Object Repository/Modulo Actos Administrativos/Modulo Viáticos/Crear viatico/input_Ao_form_listadoviaticosanio'

2022-03-09 12:46:03 - [TEST_STEP][PASSED] - selectOptionByIndex(findTestObject("Modulo Actos Administrativos/Modulo Viáticos/Complementario de Viáticos/select_--Seleccione--AnuladoAutorizadaDerogadaNo AutorizadaProgramadaSolicitado"), 2): All options with index in [2] are selected on object 'Object Repository/Modulo Actos Administrativos/Modulo Viáticos/Complementario de Viáticos/select_--Seleccione--AnuladoAutorizadaDerogadaNo AutorizadaProgramadaSolicitado'

2022-03-09 12:46:04 - [MESSAGE][PASSED] - All options with index in [2] are selected on object 'Object Repository/Modulo Actos Administrativos/Modulo Viáticos/Complementario de Viáticos/select_--Seleccione--AnuladoAutorizadaDerogadaNo AutorizadaProgramadaSolicitado'

2022-03-09 12:46:04 - [TEST_STEP][PASSED] - if (waitForElementClickable(findTestObject("Modulo Actos Administrativos/Modulo Viáticos/Complementario de Viáticos/span_5"), 1)): null

2022-03-09 12:46:05 - [MESSAGE][PASSED] - Object 'Object Repository/Modulo Actos Administrativos/Modulo Viáticos/Complementario de Viáticos/span_5' is clickable

2022-03-09 12:46:05 - [TEST_STEP][PASSED] - click(findTestObject("Modulo Actos Administrativos/Modulo Viáticos/Complementario de Viáticos/span_5")): Object: 'Object Repository/Modulo Actos Administrativos/Modulo Viáticos/Complementario de Viáticos/span_5' is clicked on

2022-03-09 12:46:05 - [MESSAGE][PASSED] - Object: 'Object Repository/Modulo Actos Administrativos/Modulo Viáticos/Complementario de Viáticos/span_5' is clicked on

2022-03-09 12:46:05 - [TEST_STEP][PASSED] - waitForElementClickable(findTestObject("Modulo Actos Administrativos/Modulo Viáticos/Complementario de Viáticos/a_Complementario"), 0): Object 'Object Repository/Modulo Actos Administrativos/Modulo Viáticos/Complementario de Viáticos/a_Complementario' is clickable

2022-03-09 12:46:05 - [MESSAGE][WARNING] - Timeout '0' is invalid. Using default page load timeout: '30'

2022-03-09 12:46:08 - [MESSAGE][PASSED] - Object 'Object Repository/Modulo Actos Administrativos/Modulo Viáticos/Complementario de Viáticos/a_Complementario' is clickable

2022-03-09 12:46:08 - [TEST_STEP][PASSED] - click(findTestObject("Modulo Actos Administrativos/Modulo Viáticos/Complementario de Viáticos/a_Complementario")): Object: 'Object Repository/Modulo Actos Administrativos/Modulo Viáticos/Complementario de Viáticos/a_Complementario' is clicked on

2022-03-09 12:46:08 - [MESSAGE][PASSED] - Object: 'Object Repository/Modulo Actos Administrativos/Modulo Viáticos/Complementario de Viáticos/a_Complementario' is clicked on

2022-03-09 12:46:08 - [TEST_STEP][PASSED] - if (waitForElementClickable(findTestObject("Modulo Actos Administrativos/Modulo Viáticos/Complementario de Viáticos/span_Quintero 45 Empleado"), 1)): Web element with id: 'Object Repository/Modulo Actos Administrativos/Modulo Viáticos/Complementario de Viáticos/span_Quintero 45 Empleado' located by '//*/text()[normalize-space(.)='QUINTERO 45 EMPLEADO']/parent::*' not found

2022-03-09 12:46:10 - [MESSAGE][INFO] - Unable to find the element located by 'By.xpath: //*/text()[normalize-space(.)='QUINTERO 45 EMPLEADO']/parent::*'. Please recheck the objects properties to make sure the desired element is located. 

2022-03-09 12:46:10 - [MESSAGE][WARNING] - Web element with id: 'Object Repository/Modulo Actos Administrativos/Modulo Viáticos/Complementario de Viáticos/span_Quintero 45 Empleado' located by '//*/text()[normalize-space(.)='QUINTERO 45 EMPLEADO']/parent::*' not found

2022-03-09 12:46:10 - [TEST_STEP][PASSED] - click(findTestObject("Modulo Actos Administrativos/Modulo Viáticos/Complementario de Viáticos/a_Nuevo")): Object: 'Object Repository/Modulo Actos Administrativos/Modulo Viáticos/Complementario de Viáticos/a_Nuevo' is clicked on

2022-03-09 12:46:11 - [MESSAGE][PASSED] - Object: 'Object Repository/Modulo Actos Administrativos/Modulo Viáticos/Complementario de Viáticos/a_Nuevo' is clicked on

2022-03-09 12:46:11 - [TEST_STEP][PASSED] - click(findTestObject("Modulo Actos Administrativos/Modulo Viáticos/Complementario de Viáticos/a_Funcionario_form_popupComplementarioViaticoj_idt332")): Object: 'Object Repository/Modulo Actos Administrativos/Modulo Viáticos/Complementario de Viáticos/a_Funcionario_form_popupComplementarioViaticoj_idt332' is clicked on

2022-03-09 12:46:12 - [MESSAGE][PASSED] - Object: 'Object Repository/Modulo Actos Administrativos/Modulo Viáticos/Complementario de Viáticos/a_Funcionario_form_popupComplementarioViaticoj_idt332' is clicked on

2022-03-09 12:46:12 - [TEST_STEP][PASSED] - setText(findTestObject("Modulo Actos Administrativos/Modulo Viáticos/Complementario de Viáticos/input_Filtro Empleado_form_popupEmpleadoj_idt561"), "QUINTERO 45 EMPLEADO"): Text 'QUINTERO 45 EMPLEADO' is set on object 'Object Repository/Modulo Actos Administrativos/Modulo Viáticos/Complementario de Viáticos/input_Filtro Empleado_form_popupEmpleadoj_idt561'

2022-03-09 12:46:14 - [MESSAGE][PASSED] - Text 'QUINTERO 45 EMPLEADO' is set on object 'Object Repository/Modulo Actos Administrativos/Modulo Viáticos/Complementario de Viáticos/input_Filtro Empleado_form_popupEmpleadoj_idt561'

2022-03-09 12:46:14 - [TEST_STEP][PASSED] - sendKeys(findTestObject("Modulo Actos Administrativos/Modulo Viáticos/Complementario de Viáticos/input_Filtro Empleado_form_popupEmpleadoj_idt561"), Keys.chord(ENTER)): Keys 'ENTER + ' sent to object: 'Object Repository/Modulo Actos Administrativos/Modulo Viáticos/Complementario de Viáticos/input_Filtro Empleado_form_popupEmpleadoj_idt561'

2022-03-09 12:46:14 - [MESSAGE][PASSED] - Keys 'ENTER + ' sent to object: 'Object Repository/Modulo Actos Administrativos/Modulo Viáticos/Complementario de Viáticos/input_Filtro Empleado_form_popupEmpleadoj_idt561'

2022-03-09 12:46:14 - [TEST_STEP][PASSED] - click(findTestObject("Modulo Actos Administrativos/Modulo Viáticos/Complementario de Viáticos/span_Quintero 45 Empleado_Complementario")): Object: 'Object Repository/Modulo Actos Administrativos/Modulo Viáticos/Complementario de Viáticos/span_Quintero 45 Empleado_Complementario' is clicked on

2022-03-09 12:46:15 - [MESSAGE][PASSED] - Object: 'Object Repository/Modulo Actos Administrativos/Modulo Viáticos/Complementario de Viáticos/span_Quintero 45 Empleado_Complementario' is clicked on

2022-03-09 12:46:15 - [TEST_STEP][PASSED] - setText(findTestObject("Modulo Actos Administrativos/Modulo Viáticos/Complementario de Viáticos/input_Fecha Inicial_form_popupComplementarioViaticofechainicial_input"), "01/07/2021"): Text '01/07/2021' is set on object 'Object Repository/Modulo Actos Administrativos/Modulo Viáticos/Complementario de Viáticos/input_Fecha Inicial_form_popupComplementarioViaticofechainicial_input'

2022-03-09 12:46:17 - [MESSAGE][PASSED] - Text '01/07/2021' is set on object 'Object Repository/Modulo Actos Administrativos/Modulo Viáticos/Complementario de Viáticos/input_Fecha Inicial_form_popupComplementarioViaticofechainicial_input'

2022-03-09 12:46:17 - [TEST_STEP][PASSED] - setText(findTestObject("Modulo Actos Administrativos/Modulo Viáticos/Complementario de Viáticos/input_Fecha Final_form_popupComplementarioViaticofechafinal_input"), "01/11/2021"): Text '01/11/2021' is set on object 'Object Repository/Modulo Actos Administrativos/Modulo Viáticos/Complementario de Viáticos/input_Fecha Final_form_popupComplementarioViaticofechafinal_input'

2022-03-09 12:46:17 - [MESSAGE][PASSED] - Text '01/11/2021' is set on object 'Object Repository/Modulo Actos Administrativos/Modulo Viáticos/Complementario de Viáticos/input_Fecha Final_form_popupComplementarioViaticofechafinal_input'

2022-03-09 12:46:17 - [TEST_STEP][PASSED] - setText(findTestObject("Modulo Actos Administrativos/Modulo Viáticos/Complementario de Viáticos/input_Cantidad_form_popupComplementarioViaticocantidad"), "10"): Text '10' is set on object 'Object Repository/Modulo Actos Administrativos/Modulo Viáticos/Complementario de Viáticos/input_Cantidad_form_popupComplementarioViaticocantidad'

2022-03-09 12:46:19 - [MESSAGE][PASSED] - Text '10' is set on object 'Object Repository/Modulo Actos Administrativos/Modulo Viáticos/Complementario de Viáticos/input_Cantidad_form_popupComplementarioViaticocantidad'

2022-03-09 12:46:19 - [TEST_STEP][PASSED] - selectOptionByIndex(findTestObject("Modulo Actos Administrativos/Modulo Viáticos/Complementario de Viáticos/select_--- Seleccione Tipo Costo --Viatico prueba--comple"), "1"): All options with index in [1] are selected on object 'Object Repository/Modulo Actos Administrativos/Modulo Viáticos/Complementario de Viáticos/select_--- Seleccione Tipo Costo --Viatico prueba--comple'

2022-03-09 12:46:20 - [MESSAGE][PASSED] - All options with index in [1] are selected on object 'Object Repository/Modulo Actos Administrativos/Modulo Viáticos/Complementario de Viáticos/select_--- Seleccione Tipo Costo --Viatico prueba--comple'

2022-03-09 12:46:20 - [TEST_STEP][PASSED] - setText(findTestObject("Modulo Actos Administrativos/Modulo Viáticos/Complementario de Viáticos/input_Cdp_form_popupComplementarioViaticodocumento"), "1019"): Text '1019' is set on object 'Object Repository/Modulo Actos Administrativos/Modulo Viáticos/Complementario de Viáticos/input_Cdp_form_popupComplementarioViaticodocumento'

2022-03-09 12:46:21 - [MESSAGE][PASSED] - Text '1019' is set on object 'Object Repository/Modulo Actos Administrativos/Modulo Viáticos/Complementario de Viáticos/input_Cdp_form_popupComplementarioViaticodocumento'

2022-03-09 12:46:21 - [TEST_STEP][PASSED] - setText(findTestObject("Modulo Actos Administrativos/Modulo Viáticos/Complementario de Viáticos/input_TRM Proyectada_form_popupComplementarioViaticotrm"), "5"): Text '5' is set on object 'Object Repository/Modulo Actos Administrativos/Modulo Viáticos/Complementario de Viáticos/input_TRM Proyectada_form_popupComplementarioViaticotrm'

2022-03-09 12:46:21 - [MESSAGE][PASSED] - Text '5' is set on object 'Object Repository/Modulo Actos Administrativos/Modulo Viáticos/Complementario de Viáticos/input_TRM Proyectada_form_popupComplementarioViaticotrm'

2022-03-09 12:46:21 - [TEST_STEP][PASSED] - click(findTestObject("Modulo Actos Administrativos/Modulo Viáticos/Complementario de Viáticos/a_Guardar_complemento")): Object: 'Object Repository/Modulo Actos Administrativos/Modulo Viáticos/Complementario de Viáticos/a_Guardar_complemento' is clicked on

2022-03-09 12:46:22 - [MESSAGE][PASSED] - Object: 'Object Repository/Modulo Actos Administrativos/Modulo Viáticos/Complementario de Viáticos/a_Guardar_complemento' is clicked on

2022-03-09 12:46:22 - [TEST_STEP][PASSED] - getText(findTestObject("Alerta/Alerta")): Text of object 'Object Repository/Alerta/Alerta' is: 'Se ha creado el registro.'

2022-03-09 12:46:23 - [MESSAGE][PASSED] - Text of object 'Object Repository/Alerta/Alerta' is: 'Se ha creado el registro.'

2022-03-09 12:46:23 - [TEST_STEP][PASSED] - click(findTestObject("Modulo Actos Administrativos/Modulo Viáticos/Complementario de Viáticos/span_E_ui-icon ui-icon-closethick")): Object: 'Object Repository/Modulo Actos Administrativos/Modulo Viáticos/Complementario de Viáticos/span_E_ui-icon ui-icon-closethick' is clicked on

2022-03-09 12:46:23 - [MESSAGE][PASSED] - Object: 'Object Repository/Modulo Actos Administrativos/Modulo Viáticos/Complementario de Viáticos/span_E_ui-icon ui-icon-closethick' is clicked on

2022-03-09 12:46:23 - [TEST_STEP][PASSED] - waitForElementClickable(findTestObject("Modulo Actos Administrativos/Modulo Viáticos/Complementario de Viáticos/a_Registro"), 0): Object 'Object Repository/Modulo Actos Administrativos/Modulo Viáticos/Complementario de Viáticos/a_Registro' is clickable

2022-03-09 12:46:24 - [MESSAGE][WARNING] - Timeout '0' is invalid. Using default page load timeout: '30'

2022-03-09 12:46:24 - [MESSAGE][PASSED] - Object 'Object Repository/Modulo Actos Administrativos/Modulo Viáticos/Complementario de Viáticos/a_Registro' is clickable

2022-03-09 12:46:24 - [TEST_STEP][PASSED] - click(findTestObject("Modulo Actos Administrativos/Modulo Viáticos/Complementario de Viáticos/a_Registro")): Object: 'Object Repository/Modulo Actos Administrativos/Modulo Viáticos/Complementario de Viáticos/a_Registro' is clicked on

2022-03-09 12:46:24 - [MESSAGE][PASSED] - Object: 'Object Repository/Modulo Actos Administrativos/Modulo Viáticos/Complementario de Viáticos/a_Registro' is clicked on

2022-03-09 12:46:24 - [TEST_STEP][PASSED] - if (waitForElementClickable(findTestObject("Modulo Actos Administrativos/Modulo Viáticos/Complementario de Viáticos/a_Nuevo"), 1)): Web element with id: 'Object Repository/Modulo Actos Administrativos/Modulo Viáticos/Complementario de Viáticos/a_Nuevo' located by '//a[contains(text(),'Nuevo')]' not found

2022-03-09 12:46:27 - [MESSAGE][INFO] - Unable to find the element located by 'By.xpath: //a[contains(text(),'Nuevo')]'. Please recheck the objects properties to make sure the desired element is located. 

2022-03-09 12:46:27 - [MESSAGE][WARNING] - Web element with id: 'Object Repository/Modulo Actos Administrativos/Modulo Viáticos/Complementario de Viáticos/a_Nuevo' located by '//a[contains(text(),'Nuevo')]' not found

2022-03-09 12:46:27 - [TEST_STEP][PASSED] - if (waitForElementClickable(findTestObject("Modulo Actos Administrativos/Modulo Viáticos/Complementario de Viáticos/span_Autorizada_ui-icon ui-icon-closethick"), 1)): Web element with id: 'Object Repository/Modulo Actos Administrativos/Modulo Viáticos/Complementario de Viáticos/span_Autorizada_ui-icon ui-icon-closethick' located by '//div[2]/div/a/span' not found

2022-03-09 12:46:29 - [MESSAGE][INFO] - Unable to find the element located by 'By.xpath: //div[2]/div/a/span'. Please recheck the objects properties to make sure the desired element is located. 

2022-03-09 12:46:29 - [MESSAGE][WARNING] - Web element with id: 'Object Repository/Modulo Actos Administrativos/Modulo Viáticos/Complementario de Viáticos/span_Autorizada_ui-icon ui-icon-closethick' located by '//div[2]/div/a/span' not found

2022-03-09 12:46:29 - [TEST_STEP][PASSED] - closeBrowser(): Browser is closed

2022-03-09 12:46:30 - [MESSAGE][PASSED] - Browser is closed]]></system-out>
         <system-err><![CDATA[]]></system-err>
      </testcase>
      <testcase name="Test Cases/1.1-Tareas Principales/1.6.3 Desembolsar Viático" time="38.485" classname="Test Cases/1.1-Tareas Principales/1.6.3 Desembolsar Viático" status="PASSED">
         <system-out><![CDATA[2022-03-09 12:46:30 - [TEST_CASE][PASSED] - Test Cases/1.1-Tareas Principales/1.6.3 Desembolsar Viático: Test Cases/1.1-Tareas Principales/1.6.3 Desembolsar Viático

2022-03-09 12:46:30 - [TEST_STEP][PASSED] - callTestCase(findTestCase("0.1-Login"), [:], STOP_ON_FAILURE): Call Test Case 'Test Cases/0.1-Login' successfully

2022-03-09 12:46:30 - [TEST_CASE][PASSED] - Test Cases/0.1-Login: Test Cases/0.1-Login

2022-03-09 12:46:30 - [TEST_STEP][PASSED] - openBrowser(""): Browser is opened with url: ''

2022-03-09 12:46:30 - [MESSAGE][INFO] - Starting 'Chrome' driver

2022-03-09 12:46:30 - [MESSAGE][INFO] - Action delay is set to 0 milliseconds

2022-03-09 12:46:33 - [MESSAGE][PASSED] - Browser is opened with url: ''

2022-03-09 12:46:33 - [TEST_STEP][PASSED] - maximizeWindow(): Current window maximized

2022-03-09 12:46:33 - [MESSAGE][PASSED] - Current window maximized

2022-03-09 12:46:33 - [TEST_STEP][PASSED] - i = G_Login: null

2022-03-09 12:46:33 - [TEST_STEP][PASSED] - url = new java.net.URL(i): null

2022-03-09 12:46:33 - [TEST_STEP][PASSED] - println("URL: " + url.toString()): null

2022-03-09 12:46:33 - [TEST_STEP][PASSED] - connection = url.openConnection(): null

2022-03-09 12:46:33 - [TEST_STEP][PASSED] - connection.setRequestMethod("GET"): null

2022-03-09 12:46:33 - [TEST_STEP][PASSED] - connection.setReadTimeout(2 * 1000): null

2022-03-09 12:46:33 - [TEST_STEP][PASSED] - try: null

2022-03-09 12:46:33 - [TEST_STEP][PASSED] - connection.connect(): null

2022-03-09 12:46:33 - [TEST_STEP][PASSED] - flag = connected: null

2022-03-09 12:46:33 - [TEST_STEP][PASSED] - println("Valor_ori: " + flag): null

2022-03-09 12:46:33 - [TEST_STEP][PASSED] - if (flag): null

2022-03-09 12:46:33 - [TEST_STEP][PASSED] - navigateToUrl(i): Navigate to 'http://192.168.2.80:8380/saraweb' successfully

2022-03-09 12:46:33 - [MESSAGE][PASSED] - Navigate to 'http://192.168.2.80:8380/saraweb' successfully

2022-03-09 12:46:33 - [TEST_STEP][PASSED] - a(): null

2022-03-09 12:46:33 - [TEST_STEP][PASSED] - setText(findTestObject("Login/input_USUARIO_loginusuario"), G_Usuario): Text 'saraadmin' is set on object 'Object Repository/Login/input_USUARIO_loginusuario'

2022-03-09 12:46:35 - [MESSAGE][PASSED] - Text 'saraadmin' is set on object 'Object Repository/Login/input_USUARIO_loginusuario'

2022-03-09 12:46:35 - [TEST_STEP][PASSED] - setEncryptedText(findTestObject("Login/input_CLAVE_loginpassword"), "MkG4/TYiCFC3cb2driP7+Q=="): Text ****** has been set on object 'Object Repository/Login/input_CLAVE_loginpassword'

2022-03-09 12:46:35 - [MESSAGE][PASSED] - Text ****** has been set on object 'Object Repository/Login/input_CLAVE_loginpassword'

2022-03-09 12:46:35 - [TEST_STEP][PASSED] - waitForElementClickable(findTestObject("Login/a_Ingresar"), G_TimeOut): Object 'Object Repository/Login/a_Ingresar' is clickable

2022-03-09 12:46:36 - [MESSAGE][PASSED] - Object 'Object Repository/Login/a_Ingresar' is clickable

2022-03-09 12:46:36 - [TEST_STEP][PASSED] - click(findTestObject("Login/a_Ingresar")): Object: 'Object Repository/Login/a_Ingresar' is clicked on

2022-03-09 12:46:37 - [MESSAGE][PASSED] - Object: 'Object Repository/Login/a_Ingresar' is clicked on

2022-03-09 12:46:37 - [TEST_STEP][PASSED] - element = findWebElement(findTestObject("Login/a_Ir"), 30): null

2022-03-09 12:46:37 - [TEST_STEP][PASSED] - executeJavaScript("arguments[0].click()", Arrays.asList(element)): Execute JavaScript 'arguments[0].click()' successfully

2022-03-09 12:46:37 - [MESSAGE][PASSED] - Execute JavaScript 'arguments[0].click()' successfully

2022-03-09 12:46:37 - [MESSAGE][PASSED] - Call Test Case 'Test Cases/0.1-Login' successfully

2022-03-09 12:46:37 - [TEST_STEP][PASSED] - waitForElementClickable(findTestObject("Modulo Actos Administrativos/Modulo Viáticos/Desembolsar viáticos/input_ADMINISTRADOR DEL SISTEMA - SARA_form_templatej_idt24_input"), 0): Object 'Object Repository/Modulo Actos Administrativos/Modulo Viáticos/Desembolsar viáticos/input_ADMINISTRADOR DEL SISTEMA - SARA_form_templatej_idt24_input' is clickable

2022-03-09 12:46:37 - [MESSAGE][WARNING] - Timeout '0' is invalid. Using default page load timeout: '30'

2022-03-09 12:46:39 - [MESSAGE][PASSED] - Object 'Object Repository/Modulo Actos Administrativos/Modulo Viáticos/Desembolsar viáticos/input_ADMINISTRADOR DEL SISTEMA - SARA_form_templatej_idt24_input' is clickable

2022-03-09 12:46:39 - [TEST_STEP][PASSED] - setText(findTestObject("Modulo Actos Administrativos/Modulo Viáticos/Desembolsar viáticos/input_ADMINISTRADOR DEL SISTEMA - SARA_form_templatej_idt24_input"), "listado de viaticos"): Text 'listado de viaticos' is set on object 'Object Repository/Modulo Actos Administrativos/Modulo Viáticos/Desembolsar viáticos/input_ADMINISTRADOR DEL SISTEMA - SARA_form_templatej_idt24_input'

2022-03-09 12:46:41 - [MESSAGE][PASSED] - Text 'listado de viaticos' is set on object 'Object Repository/Modulo Actos Administrativos/Modulo Viáticos/Desembolsar viáticos/input_ADMINISTRADOR DEL SISTEMA - SARA_form_templatej_idt24_input'

2022-03-09 12:46:41 - [TEST_STEP][PASSED] - waitForElementClickable(findTestObject("Modulo Actos Administrativos/Modulo Viáticos/Desembolsar viáticos/li_Listado de Viaticos (act)"), 0): Object 'Object Repository/Modulo Actos Administrativos/Modulo Viáticos/Desembolsar viáticos/li_Listado de Viaticos (act)' is clickable

2022-03-09 12:46:41 - [MESSAGE][WARNING] - Timeout '0' is invalid. Using default page load timeout: '30'

2022-03-09 12:46:42 - [MESSAGE][PASSED] - Object 'Object Repository/Modulo Actos Administrativos/Modulo Viáticos/Desembolsar viáticos/li_Listado de Viaticos (act)' is clickable

2022-03-09 12:46:42 - [TEST_STEP][PASSED] - sendKeys(findTestObject("Modulo Actos Administrativos/Modulo Viáticos/Desembolsar viáticos/input_ADMINISTRADOR DEL SISTEMA - SARA_form_templatej_idt24_input"), Keys.chord(ENTER)): Keys 'ENTER + ' sent to object: 'Object Repository/Modulo Actos Administrativos/Modulo Viáticos/Desembolsar viáticos/input_ADMINISTRADOR DEL SISTEMA - SARA_form_templatej_idt24_input'

2022-03-09 12:46:43 - [MESSAGE][PASSED] - Keys 'ENTER + ' sent to object: 'Object Repository/Modulo Actos Administrativos/Modulo Viáticos/Desembolsar viáticos/input_ADMINISTRADOR DEL SISTEMA - SARA_form_templatej_idt24_input'

2022-03-09 12:46:43 - [TEST_STEP][PASSED] - setText(findTestObject("Modulo Actos Administrativos/Modulo Viáticos/Crear viatico/input_Ao_form_listadoviaticosanio"), "2021"): Text '2021' is set on object 'Object Repository/Modulo Actos Administrativos/Modulo Viáticos/Crear viatico/input_Ao_form_listadoviaticosanio'

2022-03-09 12:46:45 - [MESSAGE][PASSED] - Text '2021' is set on object 'Object Repository/Modulo Actos Administrativos/Modulo Viáticos/Crear viatico/input_Ao_form_listadoviaticosanio'

2022-03-09 12:46:45 - [TEST_STEP][PASSED] - sendKeys(findTestObject("Modulo Actos Administrativos/Modulo Viáticos/Crear viatico/input_Ao_form_listadoviaticosanio"), Keys.chord(ENTER)): Keys 'ENTER + ' sent to object: 'Object Repository/Modulo Actos Administrativos/Modulo Viáticos/Crear viatico/input_Ao_form_listadoviaticosanio'

2022-03-09 12:46:46 - [MESSAGE][PASSED] - Keys 'ENTER + ' sent to object: 'Object Repository/Modulo Actos Administrativos/Modulo Viáticos/Crear viatico/input_Ao_form_listadoviaticosanio'

2022-03-09 12:46:46 - [TEST_STEP][PASSED] - selectOptionByIndex(findTestObject("Modulo Actos Administrativos/Modulo Viáticos/Desembolsar viáticos/select_--Seleccione--AnuladoAutorizadaDerogadaNo AutorizadaProgramadaSolicitado"), 2): All options with index in [2] are selected on object 'Object Repository/Modulo Actos Administrativos/Modulo Viáticos/Desembolsar viáticos/select_--Seleccione--AnuladoAutorizadaDerogadaNo AutorizadaProgramadaSolicitado'

2022-03-09 12:46:47 - [MESSAGE][PASSED] - All options with index in [2] are selected on object 'Object Repository/Modulo Actos Administrativos/Modulo Viáticos/Desembolsar viáticos/select_--Seleccione--AnuladoAutorizadaDerogadaNo AutorizadaProgramadaSolicitado'

2022-03-09 12:46:47 - [TEST_STEP][PASSED] - if (waitForElementClickable(findTestObject("Modulo Actos Administrativos/Modulo Viáticos/Desembolsar viáticos/span_5_autorizado"), 1)): null

2022-03-09 12:46:48 - [MESSAGE][PASSED] - Object 'Object Repository/Modulo Actos Administrativos/Modulo Viáticos/Desembolsar viáticos/span_5_autorizado' is clickable

2022-03-09 12:46:48 - [TEST_STEP][PASSED] - click(findTestObject("Modulo Actos Administrativos/Modulo Viáticos/Desembolsar viáticos/span_5_autorizado")): Object: 'Object Repository/Modulo Actos Administrativos/Modulo Viáticos/Desembolsar viáticos/span_5_autorizado' is clicked on

2022-03-09 12:46:49 - [MESSAGE][PASSED] - Object: 'Object Repository/Modulo Actos Administrativos/Modulo Viáticos/Desembolsar viáticos/span_5_autorizado' is clicked on

2022-03-09 12:46:49 - [TEST_STEP][PASSED] - waitForElementClickable(findTestObject("Modulo Actos Administrativos/Modulo Viáticos/Desembolsar viáticos/a_Cerrar Desembolsar"), 1): Object 'Object Repository/Modulo Actos Administrativos/Modulo Viáticos/Desembolsar viáticos/a_Cerrar Desembolsar' is clickable

2022-03-09 12:46:50 - [MESSAGE][PASSED] - Object 'Object Repository/Modulo Actos Administrativos/Modulo Viáticos/Desembolsar viáticos/a_Cerrar Desembolsar' is clickable

2022-03-09 12:46:50 - [TEST_STEP][PASSED] - click(findTestObject("Modulo Actos Administrativos/Modulo Viáticos/Desembolsar viáticos/a_Cerrar Desembolsar")): Object: 'Object Repository/Modulo Actos Administrativos/Modulo Viáticos/Desembolsar viáticos/a_Cerrar Desembolsar' is clicked on

2022-03-09 12:46:52 - [MESSAGE][PASSED] - Object: 'Object Repository/Modulo Actos Administrativos/Modulo Viáticos/Desembolsar viáticos/a_Cerrar Desembolsar' is clicked on

2022-03-09 12:46:52 - [TEST_STEP][PASSED] - waitForElementClickable(findTestObject("Modulo Actos Administrativos/Modulo Viáticos/Desembolsar viáticos/input_Nmero Resolucin_form_popupViaticoCierreDesembolsonumero"), 0): Object 'Object Repository/Modulo Actos Administrativos/Modulo Viáticos/Desembolsar viáticos/input_Nmero Resolucin_form_popupViaticoCierreDesembolsonumero' is clickable

2022-03-09 12:46:52 - [MESSAGE][WARNING] - Timeout '0' is invalid. Using default page load timeout: '30'

2022-03-09 12:46:52 - [MESSAGE][PASSED] - Object 'Object Repository/Modulo Actos Administrativos/Modulo Viáticos/Desembolsar viáticos/input_Nmero Resolucin_form_popupViaticoCierreDesembolsonumero' is clickable

2022-03-09 12:46:52 - [TEST_STEP][PASSED] - setText(findTestObject("Modulo Actos Administrativos/Modulo Viáticos/Desembolsar viáticos/input_Nmero Resolucin_form_popupViaticoCierreDesembolsonumero"), "5"): Text '5' is set on object 'Object Repository/Modulo Actos Administrativos/Modulo Viáticos/Desembolsar viáticos/input_Nmero Resolucin_form_popupViaticoCierreDesembolsonumero'

2022-03-09 12:46:53 - [MESSAGE][PASSED] - Text '5' is set on object 'Object Repository/Modulo Actos Administrativos/Modulo Viáticos/Desembolsar viáticos/input_Nmero Resolucin_form_popupViaticoCierreDesembolsonumero'

2022-03-09 12:46:53 - [TEST_STEP][PASSED] - setText(findTestObject("Modulo Actos Administrativos/Modulo Viáticos/Desembolsar viáticos/input_Fecha_form_popupViaticoCierreDesembolsofecha_input"), "01/07/2021"): Text '01/07/2021' is set on object 'Object Repository/Modulo Actos Administrativos/Modulo Viáticos/Desembolsar viáticos/input_Fecha_form_popupViaticoCierreDesembolsofecha_input'

2022-03-09 12:46:54 - [MESSAGE][PASSED] - Text '01/07/2021' is set on object 'Object Repository/Modulo Actos Administrativos/Modulo Viáticos/Desembolsar viáticos/input_Fecha_form_popupViaticoCierreDesembolsofecha_input'

2022-03-09 12:46:54 - [TEST_STEP][PASSED] - setText(findTestObject("Modulo Actos Administrativos/Modulo Viáticos/Desembolsar viáticos/input_TRM_form_popupViaticoCierreDesembolsotrm"), "5"): Text '5' is set on object 'Object Repository/Modulo Actos Administrativos/Modulo Viáticos/Desembolsar viáticos/input_TRM_form_popupViaticoCierreDesembolsotrm'

2022-03-09 12:46:55 - [MESSAGE][PASSED] - Text '5' is set on object 'Object Repository/Modulo Actos Administrativos/Modulo Viáticos/Desembolsar viáticos/input_TRM_form_popupViaticoCierreDesembolsotrm'

2022-03-09 12:46:55 - [TEST_STEP][PASSED] - click(findTestObject("Modulo Actos Administrativos/Modulo Viáticos/Desembolsar viáticos/a_Aplicar1")): Object: 'Object Repository/Modulo Actos Administrativos/Modulo Viáticos/Desembolsar viáticos/a_Aplicar1' is clicked on

2022-03-09 12:46:56 - [MESSAGE][PASSED] - Object: 'Object Repository/Modulo Actos Administrativos/Modulo Viáticos/Desembolsar viáticos/a_Aplicar1' is clicked on

2022-03-09 12:46:56 - [TEST_STEP][PASSED] - waitForElementClickable(findTestObject("Modulo Actos Administrativos/Modulo Viáticos/Desembolsar viáticos/a_Desembolso"), 0): Object 'Object Repository/Modulo Actos Administrativos/Modulo Viáticos/Desembolsar viáticos/a_Desembolso' is clickable

2022-03-09 12:46:56 - [MESSAGE][WARNING] - Timeout '0' is invalid. Using default page load timeout: '30'

2022-03-09 12:46:57 - [MESSAGE][PASSED] - Object 'Object Repository/Modulo Actos Administrativos/Modulo Viáticos/Desembolsar viáticos/a_Desembolso' is clickable

2022-03-09 12:46:57 - [TEST_STEP][PASSED] - click(findTestObject("Modulo Actos Administrativos/Modulo Viáticos/Desembolsar viáticos/a_Desembolso")): Object: 'Object Repository/Modulo Actos Administrativos/Modulo Viáticos/Desembolsar viáticos/a_Desembolso' is clicked on

2022-03-09 12:46:57 - [MESSAGE][PASSED] - Object: 'Object Repository/Modulo Actos Administrativos/Modulo Viáticos/Desembolsar viáticos/a_Desembolso' is clicked on

2022-03-09 12:46:57 - [TEST_STEP][PASSED] - delay(2): Delayed 2 second(s)

2022-03-09 12:46:59 - [MESSAGE][PASSED] - Delayed 2 second(s)

2022-03-09 12:46:59 - [TEST_STEP][PASSED] - if (waitForElementClickable(findTestObject("Modulo Actos Administrativos/Modulo Viáticos/Desembolsar viáticos/a_Nuevo_Modificar"), 1)): Web element with id: 'Object Repository/Modulo Actos Administrativos/Modulo Viáticos/Desembolsar viáticos/a_Nuevo_Modificar' located by '
//*/text()[normalize-space(.)='Nuevo']/parent::*' not found

2022-03-09 12:47:01 - [MESSAGE][INFO] - Unable to find the element located by 'By.xpath: 
//*/text()[normalize-space(.)='Nuevo']/parent::*'. Please recheck the objects properties to make sure the desired element is located. 

2022-03-09 12:47:01 - [MESSAGE][WARNING] - Web element with id: 'Object Repository/Modulo Actos Administrativos/Modulo Viáticos/Desembolsar viáticos/a_Nuevo_Modificar' located by '
//*/text()[normalize-space(.)='Nuevo']/parent::*' not found

2022-03-09 12:47:01 - [TEST_STEP][PASSED] - if (waitForElementClickable(findTestObject("Modulo Actos Administrativos/Modulo Viáticos/Desembolsar viáticos/td_seleccion_01072021"), 1)): Web element with id: 'Object Repository/Modulo Actos Administrativos/Modulo Viáticos/Desembolsar viáticos/td_seleccion_01072021' located by '//*/text()[normalize-space(.)='01/07/2021']/parent::*' not found

2022-03-09 12:47:04 - [MESSAGE][INFO] - Unable to find the element located by 'By.xpath: //*/text()[normalize-space(.)='01/07/2021']/parent::*'. Please recheck the objects properties to make sure the desired element is located. 

2022-03-09 12:47:04 - [MESSAGE][WARNING] - Web element with id: 'Object Repository/Modulo Actos Administrativos/Modulo Viáticos/Desembolsar viáticos/td_seleccion_01072021' located by '//*/text()[normalize-space(.)='01/07/2021']/parent::*' not found

2022-03-09 12:47:04 - [TEST_STEP][PASSED] - if (waitForElementClickable(findTestObject("Modulo Actos Administrativos/Modulo Viáticos/Desembolsar viáticos/span_No se encontr registros_ui-icon ui-icon-closethick"), 1)): Web element with id: 'Object Repository/Modulo Actos Administrativos/Modulo Viáticos/Desembolsar viáticos/span_No se encontr registros_ui-icon ui-icon-closethick' located by '//div[@id='form_listadoviaticos:j_idt127']/div/a/span' not found

2022-03-09 12:47:06 - [MESSAGE][INFO] - Unable to find the element located by 'By.xpath: //div[@id='form_listadoviaticos:j_idt127']/div/a/span'. Please recheck the objects properties to make sure the desired element is located. 

2022-03-09 12:47:06 - [MESSAGE][WARNING] - Web element with id: 'Object Repository/Modulo Actos Administrativos/Modulo Viáticos/Desembolsar viáticos/span_No se encontr registros_ui-icon ui-icon-closethick' located by '//div[@id='form_listadoviaticos:j_idt127']/div/a/span' not found

2022-03-09 12:47:06 - [TEST_STEP][PASSED] - closeBrowser(): Browser is closed

2022-03-09 12:47:08 - [MESSAGE][PASSED] - Browser is closed]]></system-out>
         <system-err><![CDATA[]]></system-err>
      </testcase>
      <testcase name="Test Cases/1.1-Tareas Principales/1.6.5 Modificar Solicitud de Viáticos" time="49.258" classname="Test Cases/1.1-Tareas Principales/1.6.5 Modificar Solicitud de Viáticos" status="PASSED">
         <system-out><![CDATA[2022-03-09 12:47:08 - [TEST_CASE][PASSED] - Test Cases/1.1-Tareas Principales/1.6.5 Modificar Solicitud de Viáticos: Test Cases/1.1-Tareas Principales/1.6.5 Modificar Solicitud de Viáticos

2022-03-09 12:47:09 - [TEST_STEP][PASSED] - callTestCase(findTestCase("0.1-Login"), [:], STOP_ON_FAILURE): Call Test Case 'Test Cases/0.1-Login' successfully

2022-03-09 12:47:09 - [TEST_CASE][PASSED] - Test Cases/0.1-Login: Test Cases/0.1-Login

2022-03-09 12:47:09 - [TEST_STEP][PASSED] - openBrowser(""): Browser is opened with url: ''

2022-03-09 12:47:09 - [MESSAGE][INFO] - Starting 'Chrome' driver

2022-03-09 12:47:09 - [MESSAGE][INFO] - Action delay is set to 0 milliseconds

2022-03-09 12:47:10 - [MESSAGE][PASSED] - Browser is opened with url: ''

2022-03-09 12:47:10 - [TEST_STEP][PASSED] - maximizeWindow(): Current window maximized

2022-03-09 12:47:11 - [MESSAGE][PASSED] - Current window maximized

2022-03-09 12:47:11 - [TEST_STEP][PASSED] - i = G_Login: null

2022-03-09 12:47:11 - [TEST_STEP][PASSED] - url = new java.net.URL(i): null

2022-03-09 12:47:11 - [TEST_STEP][PASSED] - println("URL: " + url.toString()): null

2022-03-09 12:47:11 - [TEST_STEP][PASSED] - connection = url.openConnection(): null

2022-03-09 12:47:11 - [TEST_STEP][PASSED] - connection.setRequestMethod("GET"): null

2022-03-09 12:47:11 - [TEST_STEP][PASSED] - connection.setReadTimeout(2 * 1000): null

2022-03-09 12:47:11 - [TEST_STEP][PASSED] - try: null

2022-03-09 12:47:11 - [TEST_STEP][PASSED] - connection.connect(): null

2022-03-09 12:47:11 - [TEST_STEP][PASSED] - flag = connected: null

2022-03-09 12:47:11 - [TEST_STEP][PASSED] - println("Valor_ori: " + flag): null

2022-03-09 12:47:11 - [TEST_STEP][PASSED] - if (flag): null

2022-03-09 12:47:11 - [TEST_STEP][PASSED] - navigateToUrl(i): Navigate to 'http://192.168.2.80:8380/saraweb' successfully

2022-03-09 12:47:11 - [MESSAGE][PASSED] - Navigate to 'http://192.168.2.80:8380/saraweb' successfully

2022-03-09 12:47:11 - [TEST_STEP][PASSED] - a(): null

2022-03-09 12:47:11 - [TEST_STEP][PASSED] - setText(findTestObject("Login/input_USUARIO_loginusuario"), G_Usuario): Text 'saraadmin' is set on object 'Object Repository/Login/input_USUARIO_loginusuario'

2022-03-09 12:47:12 - [MESSAGE][PASSED] - Text 'saraadmin' is set on object 'Object Repository/Login/input_USUARIO_loginusuario'

2022-03-09 12:47:12 - [TEST_STEP][PASSED] - setEncryptedText(findTestObject("Login/input_CLAVE_loginpassword"), "MkG4/TYiCFC3cb2driP7+Q=="): Text ****** has been set on object 'Object Repository/Login/input_CLAVE_loginpassword'

2022-03-09 12:47:13 - [MESSAGE][PASSED] - Text ****** has been set on object 'Object Repository/Login/input_CLAVE_loginpassword'

2022-03-09 12:47:13 - [TEST_STEP][PASSED] - waitForElementClickable(findTestObject("Login/a_Ingresar"), G_TimeOut): Object 'Object Repository/Login/a_Ingresar' is clickable

2022-03-09 12:47:13 - [MESSAGE][PASSED] - Object 'Object Repository/Login/a_Ingresar' is clickable

2022-03-09 12:47:13 - [TEST_STEP][PASSED] - click(findTestObject("Login/a_Ingresar")): Object: 'Object Repository/Login/a_Ingresar' is clicked on

2022-03-09 12:47:14 - [MESSAGE][PASSED] - Object: 'Object Repository/Login/a_Ingresar' is clicked on

2022-03-09 12:47:14 - [TEST_STEP][PASSED] - element = findWebElement(findTestObject("Login/a_Ir"), 30): null

2022-03-09 12:47:15 - [TEST_STEP][PASSED] - executeJavaScript("arguments[0].click()", Arrays.asList(element)): Execute JavaScript 'arguments[0].click()' successfully

2022-03-09 12:47:15 - [MESSAGE][PASSED] - Execute JavaScript 'arguments[0].click()' successfully

2022-03-09 12:47:15 - [MESSAGE][PASSED] - Call Test Case 'Test Cases/0.1-Login' successfully

2022-03-09 12:47:15 - [TEST_STEP][PASSED] - waitForElementClickable(findTestObject("Modulo Actos Administrativos/Modulo Viáticos/Modificar Solicitud de Viáticos/input_ADMINISTRADOR DEL SISTEMA - SARA_form_templatej_idt24_input"), 0): Object 'Object Repository/Modulo Actos Administrativos/Modulo Viáticos/Modificar Solicitud de Viáticos/input_ADMINISTRADOR DEL SISTEMA - SARA_form_templatej_idt24_input' is clickable

2022-03-09 12:47:15 - [MESSAGE][WARNING] - Timeout '0' is invalid. Using default page load timeout: '30'

2022-03-09 12:47:16 - [MESSAGE][PASSED] - Object 'Object Repository/Modulo Actos Administrativos/Modulo Viáticos/Modificar Solicitud de Viáticos/input_ADMINISTRADOR DEL SISTEMA - SARA_form_templatej_idt24_input' is clickable

2022-03-09 12:47:16 - [TEST_STEP][PASSED] - setText(findTestObject("Modulo Actos Administrativos/Modulo Viáticos/Modificar Solicitud de Viáticos/input_ADMINISTRADOR DEL SISTEMA - SARA_form_templatej_idt24_input"), "listado de viaticos"): Text 'listado de viaticos' is set on object 'Object Repository/Modulo Actos Administrativos/Modulo Viáticos/Modificar Solicitud de Viáticos/input_ADMINISTRADOR DEL SISTEMA - SARA_form_templatej_idt24_input'

2022-03-09 12:47:18 - [MESSAGE][PASSED] - Text 'listado de viaticos' is set on object 'Object Repository/Modulo Actos Administrativos/Modulo Viáticos/Modificar Solicitud de Viáticos/input_ADMINISTRADOR DEL SISTEMA - SARA_form_templatej_idt24_input'

2022-03-09 12:47:18 - [TEST_STEP][PASSED] - waitForElementClickable(findTestObject("Modulo Actos Administrativos/Modulo Viáticos/Modificar Solicitud de Viáticos/li_Listado de Viaticos (act)"), 0): Object 'Object Repository/Modulo Actos Administrativos/Modulo Viáticos/Modificar Solicitud de Viáticos/li_Listado de Viaticos (act)' is clickable

2022-03-09 12:47:18 - [MESSAGE][WARNING] - Timeout '0' is invalid. Using default page load timeout: '30'

2022-03-09 12:47:19 - [MESSAGE][PASSED] - Object 'Object Repository/Modulo Actos Administrativos/Modulo Viáticos/Modificar Solicitud de Viáticos/li_Listado de Viaticos (act)' is clickable

2022-03-09 12:47:19 - [TEST_STEP][PASSED] - sendKeys(findTestObject("Modulo Actos Administrativos/Modulo Viáticos/Modificar Solicitud de Viáticos/input_ADMINISTRADOR DEL SISTEMA - SARA_form_templatej_idt24_input"), Keys.chord(ENTER)): Keys 'ENTER + ' sent to object: 'Object Repository/Modulo Actos Administrativos/Modulo Viáticos/Modificar Solicitud de Viáticos/input_ADMINISTRADOR DEL SISTEMA - SARA_form_templatej_idt24_input'

2022-03-09 12:47:20 - [MESSAGE][PASSED] - Keys 'ENTER + ' sent to object: 'Object Repository/Modulo Actos Administrativos/Modulo Viáticos/Modificar Solicitud de Viáticos/input_ADMINISTRADOR DEL SISTEMA - SARA_form_templatej_idt24_input'

2022-03-09 12:47:20 - [TEST_STEP][PASSED] - waitForElementClickable(findTestObject("Modulo Actos Administrativos/Modulo Viáticos/Modificar Solicitud de Viáticos/a_Nuevo"), 0): Object 'Object Repository/Modulo Actos Administrativos/Modulo Viáticos/Modificar Solicitud de Viáticos/a_Nuevo' is clickable

2022-03-09 12:47:20 - [MESSAGE][WARNING] - Timeout '0' is invalid. Using default page load timeout: '30'

2022-03-09 12:47:21 - [MESSAGE][PASSED] - Object 'Object Repository/Modulo Actos Administrativos/Modulo Viáticos/Modificar Solicitud de Viáticos/a_Nuevo' is clickable

2022-03-09 12:47:21 - [TEST_STEP][PASSED] - click(findTestObject("Modulo Actos Administrativos/Modulo Viáticos/Modificar Solicitud de Viáticos/a_Nuevo")): Object: 'Object Repository/Modulo Actos Administrativos/Modulo Viáticos/Modificar Solicitud de Viáticos/a_Nuevo' is clicked on

2022-03-09 12:47:21 - [MESSAGE][PASSED] - Object: 'Object Repository/Modulo Actos Administrativos/Modulo Viáticos/Modificar Solicitud de Viáticos/a_Nuevo' is clicked on

2022-03-09 12:47:21 - [TEST_STEP][PASSED] - click(findTestObject("Modulo Actos Administrativos/Modulo Viáticos/Modificar Solicitud de Viáticos/span_Modificar una solicitud de vitico")): Object: 'Object Repository/Modulo Actos Administrativos/Modulo Viáticos/Modificar Solicitud de Viáticos/span_Modificar una solicitud de vitico' is clicked on

2022-03-09 12:47:22 - [MESSAGE][PASSED] - Object: 'Object Repository/Modulo Actos Administrativos/Modulo Viáticos/Modificar Solicitud de Viáticos/span_Modificar una solicitud de vitico' is clicked on

2022-03-09 12:47:22 - [TEST_STEP][PASSED] - waitForElementClickable(findTestObject("Modulo Actos Administrativos/Modulo Viáticos/Modificar Solicitud de Viáticos/input_Documento_form_listadoviaticosfechaViat_input"), 0): Object 'Object Repository/Modulo Actos Administrativos/Modulo Viáticos/Modificar Solicitud de Viáticos/input_Documento_form_listadoviaticosfechaViat_input' is clickable

2022-03-09 12:47:22 - [MESSAGE][WARNING] - Timeout '0' is invalid. Using default page load timeout: '30'

2022-03-09 12:47:23 - [MESSAGE][PASSED] - Object 'Object Repository/Modulo Actos Administrativos/Modulo Viáticos/Modificar Solicitud de Viáticos/input_Documento_form_listadoviaticosfechaViat_input' is clickable

2022-03-09 12:47:23 - [TEST_STEP][PASSED] - setText(findTestObject("Modulo Actos Administrativos/Modulo Viáticos/Modificar Solicitud de Viáticos/input_Documento_form_listadoviaticosfechaViat_input"), "01/07/2021"): Text '01/07/2021' is set on object 'Object Repository/Modulo Actos Administrativos/Modulo Viáticos/Modificar Solicitud de Viáticos/input_Documento_form_listadoviaticosfechaViat_input'

2022-03-09 12:47:24 - [MESSAGE][PASSED] - Text '01/07/2021' is set on object 'Object Repository/Modulo Actos Administrativos/Modulo Viáticos/Modificar Solicitud de Viáticos/input_Documento_form_listadoviaticosfechaViat_input'

2022-03-09 12:47:24 - [TEST_STEP][PASSED] - sendKeys(findTestObject("Modulo Actos Administrativos/Modulo Viáticos/Modificar Solicitud de Viáticos/input_Documento_form_listadoviaticosfechaViat_input"), Keys.chord(ENTER)): Keys 'ENTER + ' sent to object: 'Object Repository/Modulo Actos Administrativos/Modulo Viáticos/Modificar Solicitud de Viáticos/input_Documento_form_listadoviaticosfechaViat_input'

2022-03-09 12:47:24 - [MESSAGE][PASSED] - Keys 'ENTER + ' sent to object: 'Object Repository/Modulo Actos Administrativos/Modulo Viáticos/Modificar Solicitud de Viáticos/input_Documento_form_listadoviaticosfechaViat_input'

2022-03-09 12:47:24 - [TEST_STEP][PASSED] - sendKeys(findTestObject("Modulo Actos Administrativos/Modulo Viáticos/Modificar Solicitud de Viáticos/input_Documento_form_listadoviaticosfechaViat_input"), Keys.chord(ESCAPE)): Keys 'ESCAPE + ' sent to object: 'Object Repository/Modulo Actos Administrativos/Modulo Viáticos/Modificar Solicitud de Viáticos/input_Documento_form_listadoviaticosfechaViat_input'

2022-03-09 12:47:25 - [MESSAGE][PASSED] - Keys 'ESCAPE + ' sent to object: 'Object Repository/Modulo Actos Administrativos/Modulo Viáticos/Modificar Solicitud de Viáticos/input_Documento_form_listadoviaticosfechaViat_input'

2022-03-09 12:47:25 - [TEST_STEP][PASSED] - if (waitForElementClickable(findTestObject("Modulo Actos Administrativos/Modulo Viáticos/Modificar Solicitud de Viáticos/td_01072021"), 1)): null

2022-03-09 12:47:26 - [MESSAGE][PASSED] - Object 'Object Repository/Modulo Actos Administrativos/Modulo Viáticos/Modificar Solicitud de Viáticos/td_01072021' is clickable

2022-03-09 12:47:26 - [TEST_STEP][PASSED] - click(findTestObject("Modulo Actos Administrativos/Modulo Viáticos/Modificar Solicitud de Viáticos/td_01072021")): Object: 'Object Repository/Modulo Actos Administrativos/Modulo Viáticos/Modificar Solicitud de Viáticos/td_01072021' is clicked on

2022-03-09 12:47:26 - [MESSAGE][PASSED] - Object: 'Object Repository/Modulo Actos Administrativos/Modulo Viáticos/Modificar Solicitud de Viáticos/td_01072021' is clicked on

2022-03-09 12:47:26 - [TEST_STEP][PASSED] - waitForElementClickable(findTestObject("Modulo Actos Administrativos/Modulo Viáticos/Modificar Solicitud de Viáticos/input_Fecha_form_detalleviaticosFechaNumero_input"), 0): Object 'Object Repository/Modulo Actos Administrativos/Modulo Viáticos/Modificar Solicitud de Viáticos/input_Fecha_form_detalleviaticosFechaNumero_input' is clickable

2022-03-09 12:47:26 - [MESSAGE][WARNING] - Timeout '0' is invalid. Using default page load timeout: '30'

2022-03-09 12:47:28 - [MESSAGE][PASSED] - Object 'Object Repository/Modulo Actos Administrativos/Modulo Viáticos/Modificar Solicitud de Viáticos/input_Fecha_form_detalleviaticosFechaNumero_input' is clickable

2022-03-09 12:47:28 - [TEST_STEP][PASSED] - setText(findTestObject("Modulo Actos Administrativos/Modulo Viáticos/Modificar Solicitud de Viáticos/input_Fecha_form_detalleviaticosFechaNumero_input"), "01/07/2021"): Text '01/07/2021' is set on object 'Object Repository/Modulo Actos Administrativos/Modulo Viáticos/Modificar Solicitud de Viáticos/input_Fecha_form_detalleviaticosFechaNumero_input'

2022-03-09 12:47:29 - [MESSAGE][PASSED] - Text '01/07/2021' is set on object 'Object Repository/Modulo Actos Administrativos/Modulo Viáticos/Modificar Solicitud de Viáticos/input_Fecha_form_detalleviaticosFechaNumero_input'

2022-03-09 12:47:29 - [TEST_STEP][PASSED] - setText(findTestObject("Modulo Actos Administrativos/Modulo Viáticos/Modificar Solicitud de Viáticos/input_Nmero_form_detalleviaticosNumero"), "5"): Text '5' is set on object 'Object Repository/Modulo Actos Administrativos/Modulo Viáticos/Modificar Solicitud de Viáticos/input_Nmero_form_detalleviaticosNumero'

2022-03-09 12:47:30 - [MESSAGE][PASSED] - Text '5' is set on object 'Object Repository/Modulo Actos Administrativos/Modulo Viáticos/Modificar Solicitud de Viáticos/input_Nmero_form_detalleviaticosNumero'

2022-03-09 12:47:30 - [TEST_STEP][PASSED] - setText(findTestObject("Modulo Actos Administrativos/Modulo Viáticos/Modificar Solicitud de Viáticos/textarea_Motivo Modificacin_form_detalleviaticosmotivoModificacion"), "prueba"): Text 'prueba' is set on object 'Object Repository/Modulo Actos Administrativos/Modulo Viáticos/Modificar Solicitud de Viáticos/textarea_Motivo Modificacin_form_detalleviaticosmotivoModificacion'

2022-03-09 12:47:31 - [MESSAGE][PASSED] - Text 'prueba' is set on object 'Object Repository/Modulo Actos Administrativos/Modulo Viáticos/Modificar Solicitud de Viáticos/textarea_Motivo Modificacin_form_detalleviaticosmotivoModificacion'

2022-03-09 12:47:31 - [TEST_STEP][PASSED] - click(findTestObject("Modulo Actos Administrativos/Modulo Viáticos/Modificar Solicitud de Viáticos/a_Guardar_modficar")): Object: 'Object Repository/Modulo Actos Administrativos/Modulo Viáticos/Modificar Solicitud de Viáticos/a_Guardar_modficar' is clicked on

2022-03-09 12:47:31 - [MESSAGE][PASSED] - Object: 'Object Repository/Modulo Actos Administrativos/Modulo Viáticos/Modificar Solicitud de Viáticos/a_Guardar_modficar' is clicked on

2022-03-09 12:47:31 - [TEST_STEP][PASSED] - getText(findTestObject("Alerta/Alerta")): Text of object 'Object Repository/Alerta/Alerta' is: 'El viatico ha sido insertado correctamente'

2022-03-09 12:47:32 - [MESSAGE][PASSED] - Text of object 'Object Repository/Alerta/Alerta' is: 'El viatico ha sido insertado correctamente'

2022-03-09 12:47:32 - [TEST_STEP][PASSED] - click(findTestObject("Modulo Actos Administrativos/Modulo Viáticos/Modificar Solicitud de Viáticos/a_Regresar")): Object: 'Object Repository/Modulo Actos Administrativos/Modulo Viáticos/Modificar Solicitud de Viáticos/a_Regresar' is clicked on

2022-03-09 12:47:33 - [MESSAGE][PASSED] - Object: 'Object Repository/Modulo Actos Administrativos/Modulo Viáticos/Modificar Solicitud de Viáticos/a_Regresar' is clicked on

2022-03-09 12:47:33 - [TEST_STEP][PASSED] - selectOptionByIndex(findTestObject("Modulo Actos Administrativos/Modulo Viáticos/Modificar Solicitud de Viáticos/select_--Seleccione--AnuladoAutorizadaDerogadaNo AutorizadaProgramadaSolicitado"), 2): All options with index in [2] are selected on object 'Object Repository/Modulo Actos Administrativos/Modulo Viáticos/Modificar Solicitud de Viáticos/select_--Seleccione--AnuladoAutorizadaDerogadaNo AutorizadaProgramadaSolicitado'

2022-03-09 12:47:34 - [MESSAGE][PASSED] - All options with index in [2] are selected on object 'Object Repository/Modulo Actos Administrativos/Modulo Viáticos/Modificar Solicitud de Viáticos/select_--Seleccione--AnuladoAutorizadaDerogadaNo AutorizadaProgramadaSolicitado'

2022-03-09 12:47:34 - [TEST_STEP][PASSED] - setText(findTestObject("Modulo Actos Administrativos/Modulo Viáticos/Crear viatico/input_Ao_form_listadoviaticosanio"), "2021"): Text '2021' is set on object 'Object Repository/Modulo Actos Administrativos/Modulo Viáticos/Crear viatico/input_Ao_form_listadoviaticosanio'

2022-03-09 12:47:35 - [MESSAGE][PASSED] - Text '2021' is set on object 'Object Repository/Modulo Actos Administrativos/Modulo Viáticos/Crear viatico/input_Ao_form_listadoviaticosanio'

2022-03-09 12:47:35 - [TEST_STEP][PASSED] - sendKeys(findTestObject("Modulo Actos Administrativos/Modulo Viáticos/Crear viatico/input_Ao_form_listadoviaticosanio"), Keys.chord(ENTER)): Keys 'ENTER + ' sent to object: 'Object Repository/Modulo Actos Administrativos/Modulo Viáticos/Crear viatico/input_Ao_form_listadoviaticosanio'

2022-03-09 12:47:36 - [MESSAGE][PASSED] - Keys 'ENTER + ' sent to object: 'Object Repository/Modulo Actos Administrativos/Modulo Viáticos/Crear viatico/input_Ao_form_listadoviaticosanio'

2022-03-09 12:47:36 - [TEST_STEP][PASSED] - if (waitForElementClickable(findTestObject("Modulo Actos Administrativos/Modulo Viáticos/Modificar Solicitud de Viáticos/span_01072021"), 1)): null

2022-03-09 12:47:36 - [MESSAGE][PASSED] - Object 'Object Repository/Modulo Actos Administrativos/Modulo Viáticos/Modificar Solicitud de Viáticos/span_01072021' is clickable

2022-03-09 12:47:36 - [TEST_STEP][PASSED] - click(findTestObject("Modulo Actos Administrativos/Modulo Viáticos/Modificar Solicitud de Viáticos/span_01072021")): Object: 'Object Repository/Modulo Actos Administrativos/Modulo Viáticos/Modificar Solicitud de Viáticos/span_01072021' is clicked on

2022-03-09 12:47:37 - [MESSAGE][PASSED] - Object: 'Object Repository/Modulo Actos Administrativos/Modulo Viáticos/Modificar Solicitud de Viáticos/span_01072021' is clicked on

2022-03-09 12:47:37 - [TEST_STEP][PASSED] - click(findTestObject("Modulo Actos Administrativos/Modulo Viáticos/Modificar Solicitud de Viáticos/a_Cerrar Desembolsar")): Object: 'Object Repository/Modulo Actos Administrativos/Modulo Viáticos/Modificar Solicitud de Viáticos/a_Cerrar Desembolsar' is clicked on

2022-03-09 12:47:38 - [MESSAGE][PASSED] - Object: 'Object Repository/Modulo Actos Administrativos/Modulo Viáticos/Modificar Solicitud de Viáticos/a_Cerrar Desembolsar' is clicked on

2022-03-09 12:47:38 - [TEST_STEP][PASSED] - setText(findTestObject("Modulo Actos Administrativos/Modulo Viáticos/Modificar Solicitud de Viáticos/input_Fecha_form_popupViaticoCierreDesembolsofecha_input"), "01/07/2021"): Text '01/07/2021' is set on object 'Object Repository/Modulo Actos Administrativos/Modulo Viáticos/Modificar Solicitud de Viáticos/input_Fecha_form_popupViaticoCierreDesembolsofecha_input'

2022-03-09 12:47:39 - [MESSAGE][PASSED] - Text '01/07/2021' is set on object 'Object Repository/Modulo Actos Administrativos/Modulo Viáticos/Modificar Solicitud de Viáticos/input_Fecha_form_popupViaticoCierreDesembolsofecha_input'

2022-03-09 12:47:39 - [TEST_STEP][PASSED] - setText(findTestObject("Modulo Actos Administrativos/Modulo Viáticos/Modificar Solicitud de Viáticos/input_TRM_form_popupViaticoCierreDesembolsotrm"), "5"): Text '5' is set on object 'Object Repository/Modulo Actos Administrativos/Modulo Viáticos/Modificar Solicitud de Viáticos/input_TRM_form_popupViaticoCierreDesembolsotrm'

2022-03-09 12:47:40 - [MESSAGE][PASSED] - Text '5' is set on object 'Object Repository/Modulo Actos Administrativos/Modulo Viáticos/Modificar Solicitud de Viáticos/input_TRM_form_popupViaticoCierreDesembolsotrm'

2022-03-09 12:47:40 - [TEST_STEP][PASSED] - click(findTestObject("Modulo Actos Administrativos/Modulo Viáticos/Modificar Solicitud de Viáticos/a_Aplicar")): Object: 'Object Repository/Modulo Actos Administrativos/Modulo Viáticos/Modificar Solicitud de Viáticos/a_Aplicar' is clicked on

2022-03-09 12:47:40 - [MESSAGE][PASSED] - Object: 'Object Repository/Modulo Actos Administrativos/Modulo Viáticos/Modificar Solicitud de Viáticos/a_Aplicar' is clicked on

2022-03-09 12:47:40 - [TEST_STEP][PASSED] - click(findTestObject("Modulo Actos Administrativos/Modulo Viáticos/Modificar Solicitud de Viáticos/a_Regresar")): Object: 'Object Repository/Modulo Actos Administrativos/Modulo Viáticos/Modificar Solicitud de Viáticos/a_Regresar' is clicked on

2022-03-09 12:47:41 - [MESSAGE][PASSED] - Object: 'Object Repository/Modulo Actos Administrativos/Modulo Viáticos/Modificar Solicitud de Viáticos/a_Regresar' is clicked on

2022-03-09 12:47:41 - [TEST_STEP][PASSED] - waitForElementClickable(findTestObject("Modulo Actos Administrativos/Modulo Viáticos/Modificar Solicitud de Viáticos/a_Nuevo"), 0): Object 'Object Repository/Modulo Actos Administrativos/Modulo Viáticos/Modificar Solicitud de Viáticos/a_Nuevo' is clickable

2022-03-09 12:47:41 - [MESSAGE][WARNING] - Timeout '0' is invalid. Using default page load timeout: '30'

2022-03-09 12:47:42 - [MESSAGE][PASSED] - Object 'Object Repository/Modulo Actos Administrativos/Modulo Viáticos/Modificar Solicitud de Viáticos/a_Nuevo' is clickable

2022-03-09 12:47:42 - [TEST_STEP][PASSED] - click(findTestObject("Modulo Actos Administrativos/Modulo Viáticos/Modificar Solicitud de Viáticos/a_Nuevo")): Object: 'Object Repository/Modulo Actos Administrativos/Modulo Viáticos/Modificar Solicitud de Viáticos/a_Nuevo' is clicked on

2022-03-09 12:47:42 - [MESSAGE][PASSED] - Object: 'Object Repository/Modulo Actos Administrativos/Modulo Viáticos/Modificar Solicitud de Viáticos/a_Nuevo' is clicked on

2022-03-09 12:47:42 - [TEST_STEP][PASSED] - click(findTestObject("Modulo Actos Administrativos/Modulo Viáticos/Modificar Solicitud de Viáticos/span_Modificar una solicitud de vitico")): Object: 'Object Repository/Modulo Actos Administrativos/Modulo Viáticos/Modificar Solicitud de Viáticos/span_Modificar una solicitud de vitico' is clicked on

2022-03-09 12:47:43 - [MESSAGE][PASSED] - Object: 'Object Repository/Modulo Actos Administrativos/Modulo Viáticos/Modificar Solicitud de Viáticos/span_Modificar una solicitud de vitico' is clicked on

2022-03-09 12:47:43 - [TEST_STEP][PASSED] - waitForElementClickable(findTestObject("Modulo Actos Administrativos/Modulo Viáticos/Modificar Solicitud de Viáticos/input_Documento_form_listadoviaticosfechaViat_input"), 0): Object 'Object Repository/Modulo Actos Administrativos/Modulo Viáticos/Modificar Solicitud de Viáticos/input_Documento_form_listadoviaticosfechaViat_input' is clickable

2022-03-09 12:47:43 - [MESSAGE][WARNING] - Timeout '0' is invalid. Using default page load timeout: '30'

2022-03-09 12:47:43 - [MESSAGE][PASSED] - Object 'Object Repository/Modulo Actos Administrativos/Modulo Viáticos/Modificar Solicitud de Viáticos/input_Documento_form_listadoviaticosfechaViat_input' is clickable

2022-03-09 12:47:43 - [TEST_STEP][PASSED] - setText(findTestObject("Modulo Actos Administrativos/Modulo Viáticos/Modificar Solicitud de Viáticos/input_Documento_form_listadoviaticosfechaViat_input"), "01/07/2021"): Text '01/07/2021' is set on object 'Object Repository/Modulo Actos Administrativos/Modulo Viáticos/Modificar Solicitud de Viáticos/input_Documento_form_listadoviaticosfechaViat_input'

2022-03-09 12:47:44 - [MESSAGE][PASSED] - Text '01/07/2021' is set on object 'Object Repository/Modulo Actos Administrativos/Modulo Viáticos/Modificar Solicitud de Viáticos/input_Documento_form_listadoviaticosfechaViat_input'

2022-03-09 12:47:44 - [TEST_STEP][PASSED] - sendKeys(findTestObject("Modulo Actos Administrativos/Modulo Viáticos/Modificar Solicitud de Viáticos/input_Documento_form_listadoviaticosfechaViat_input"), Keys.chord(ENTER)): Keys 'ENTER + ' sent to object: 'Object Repository/Modulo Actos Administrativos/Modulo Viáticos/Modificar Solicitud de Viáticos/input_Documento_form_listadoviaticosfechaViat_input'

2022-03-09 12:47:45 - [MESSAGE][PASSED] - Keys 'ENTER + ' sent to object: 'Object Repository/Modulo Actos Administrativos/Modulo Viáticos/Modificar Solicitud de Viáticos/input_Documento_form_listadoviaticosfechaViat_input'

2022-03-09 12:47:45 - [TEST_STEP][PASSED] - sendKeys(findTestObject("Modulo Actos Administrativos/Modulo Viáticos/Modificar Solicitud de Viáticos/input_Documento_form_listadoviaticosfechaViat_input"), Keys.chord(ESCAPE)): Keys 'ESCAPE + ' sent to object: 'Object Repository/Modulo Actos Administrativos/Modulo Viáticos/Modificar Solicitud de Viáticos/input_Documento_form_listadoviaticosfechaViat_input'

2022-03-09 12:47:45 - [MESSAGE][PASSED] - Keys 'ESCAPE + ' sent to object: 'Object Repository/Modulo Actos Administrativos/Modulo Viáticos/Modificar Solicitud de Viáticos/input_Documento_form_listadoviaticosfechaViat_input'

2022-03-09 12:47:45 - [TEST_STEP][PASSED] - click(findTestObject("Modulo Actos Administrativos/Modulo Viáticos/Modificar Solicitud de Viáticos/td_01072021")): Object: 'Object Repository/Modulo Actos Administrativos/Modulo Viáticos/Modificar Solicitud de Viáticos/td_01072021' is clicked on

2022-03-09 12:47:46 - [MESSAGE][PASSED] - Object: 'Object Repository/Modulo Actos Administrativos/Modulo Viáticos/Modificar Solicitud de Viáticos/td_01072021' is clicked on

2022-03-09 12:47:46 - [TEST_STEP][PASSED] - waitForElementClickable(findTestObject("Modulo Actos Administrativos/Modulo Viáticos/Modificar Solicitud de Viáticos/input_Fecha_form_detalleviaticosFechaNumero_input"), 0): Object 'Object Repository/Modulo Actos Administrativos/Modulo Viáticos/Modificar Solicitud de Viáticos/input_Fecha_form_detalleviaticosFechaNumero_input' is clickable

2022-03-09 12:47:46 - [MESSAGE][WARNING] - Timeout '0' is invalid. Using default page load timeout: '30'

2022-03-09 12:47:48 - [MESSAGE][PASSED] - Object 'Object Repository/Modulo Actos Administrativos/Modulo Viáticos/Modificar Solicitud de Viáticos/input_Fecha_form_detalleviaticosFechaNumero_input' is clickable

2022-03-09 12:47:48 - [TEST_STEP][PASSED] - setText(findTestObject("Modulo Actos Administrativos/Modulo Viáticos/Modificar Solicitud de Viáticos/input_Fecha_form_detalleviaticosFechaNumero_input"), "01/07/2021"): Text '01/07/2021' is set on object 'Object Repository/Modulo Actos Administrativos/Modulo Viáticos/Modificar Solicitud de Viáticos/input_Fecha_form_detalleviaticosFechaNumero_input'

2022-03-09 12:47:49 - [MESSAGE][PASSED] - Text '01/07/2021' is set on object 'Object Repository/Modulo Actos Administrativos/Modulo Viáticos/Modificar Solicitud de Viáticos/input_Fecha_form_detalleviaticosFechaNumero_input'

2022-03-09 12:47:49 - [TEST_STEP][PASSED] - setText(findTestObject("Modulo Actos Administrativos/Modulo Viáticos/Modificar Solicitud de Viáticos/input_Nmero_form_detalleviaticosNumero"), "5"): Text '5' is set on object 'Object Repository/Modulo Actos Administrativos/Modulo Viáticos/Modificar Solicitud de Viáticos/input_Nmero_form_detalleviaticosNumero'

2022-03-09 12:47:50 - [MESSAGE][PASSED] - Text '5' is set on object 'Object Repository/Modulo Actos Administrativos/Modulo Viáticos/Modificar Solicitud de Viáticos/input_Nmero_form_detalleviaticosNumero'

2022-03-09 12:47:50 - [TEST_STEP][PASSED] - setText(findTestObject("Modulo Actos Administrativos/Modulo Viáticos/Modificar Solicitud de Viáticos/textarea_Motivo Modificacin_form_detalleviaticosmotivoModificacion"), "prueba"): Text 'prueba' is set on object 'Object Repository/Modulo Actos Administrativos/Modulo Viáticos/Modificar Solicitud de Viáticos/textarea_Motivo Modificacin_form_detalleviaticosmotivoModificacion'

2022-03-09 12:47:51 - [MESSAGE][PASSED] - Text 'prueba' is set on object 'Object Repository/Modulo Actos Administrativos/Modulo Viáticos/Modificar Solicitud de Viáticos/textarea_Motivo Modificacin_form_detalleviaticosmotivoModificacion'

2022-03-09 12:47:51 - [TEST_STEP][PASSED] - click(findTestObject("Modulo Actos Administrativos/Modulo Viáticos/Modificar Solicitud de Viáticos/a_Guardar_modficar")): Object: 'Object Repository/Modulo Actos Administrativos/Modulo Viáticos/Modificar Solicitud de Viáticos/a_Guardar_modficar' is clicked on

2022-03-09 12:47:52 - [MESSAGE][PASSED] - Object: 'Object Repository/Modulo Actos Administrativos/Modulo Viáticos/Modificar Solicitud de Viáticos/a_Guardar_modficar' is clicked on

2022-03-09 12:47:52 - [TEST_STEP][PASSED] - getText(findTestObject("Alerta/Alerta")): Text of object 'Object Repository/Alerta/Alerta' is: 'El viatico ha sido insertado correctamente'

2022-03-09 12:47:54 - [MESSAGE][PASSED] - Text of object 'Object Repository/Alerta/Alerta' is: 'El viatico ha sido insertado correctamente'

2022-03-09 12:47:54 - [TEST_STEP][PASSED] - closeBrowser(): Browser is closed

2022-03-09 12:47:58 - [MESSAGE][PASSED] - Browser is closed]]></system-out>
         <system-err><![CDATA[]]></system-err>
      </testcase>
      <testcase name="Test Cases/1.1-Tareas Principales/1.6.6 Anulación y Legalización de viáticos" time="122.095" classname="Test Cases/1.1-Tareas Principales/1.6.6 Anulación y Legalización de viáticos" status="FAILED">
         <failure type="FAILED" message="Test Cases/1.1-Tareas Principales/1.6.6 Anulación y Legalización de viáticos FAILED.
Reason:
com.kms.katalon.core.exception.StepFailedException: Unable to click on object 'Object Repository/Modulo Actos Administrativos/Modulo Viáticos/Anulación y Legalización de viáticos/a_Cambiar estado'
	at com.kms.katalon.core.webui.keyword.internal.WebUIKeywordMain.stepFailed(WebUIKeywordMain.groovy:64)
	at com.kms.katalon.core.webui.keyword.internal.WebUIKeywordMain.runKeyword(WebUIKeywordMain.groovy:26)
	at com.kms.katalon.core.webui.keyword.builtin.ClickKeyword.click(ClickKeyword.groovy:74)
	at com.kms.katalon.core.webui.keyword.builtin.ClickKeyword.execute(ClickKeyword.groovy:40)
	at com.kms.katalon.core.keyword.internal.KeywordExecutor.executeKeywordForPlatform(KeywordExecutor.groovy:74)
	at com.kms.katalon.core.webui.keyword.WebUiBuiltInKeywords.click(WebUiBuiltInKeywords.groovy:620)
	at com.kms.katalon.core.webui.keyword.WebUiBuiltInKeywords$click$5.call(Unknown Source)
	at 1.6.6 Anulación y Legalización de viáticos.run(1.6.6 Anulación y Legalización de viáticos:400)
	at com.kms.katalon.core.main.ScriptEngine.run(ScriptEngine.java:194)
	at com.kms.katalon.core.main.ScriptEngine.runScriptAsRawText(ScriptEngine.java:119)
	at com.kms.katalon.core.main.TestCaseExecutor.runScript(TestCaseExecutor.java:442)
	at com.kms.katalon.core.main.TestCaseExecutor.doExecute(TestCaseExecutor.java:433)
	at com.kms.katalon.core.main.TestCaseExecutor.processExecutionPhase(TestCaseExecutor.java:412)
	at com.kms.katalon.core.main.TestCaseExecutor.accessMainPhase(TestCaseExecutor.java:404)
	at com.kms.katalon.core.main.TestCaseExecutor.execute(TestCaseExecutor.java:281)
	at com.kms.katalon.core.main.TestSuiteExecutor.accessTestCaseMainPhase(TestSuiteExecutor.java:202)
	at com.kms.katalon.core.main.TestSuiteExecutor.accessTestSuiteMainPhase(TestSuiteExecutor.java:164)
	at com.kms.katalon.core.main.TestSuiteExecutor.execute(TestSuiteExecutor.java:105)
	at com.kms.katalon.core.main.TestCaseMain.startTestSuite(TestCaseMain.java:185)
	at com.kms.katalon.core.main.TestCaseMain$startTestSuite$0.call(Unknown Source)
	at TempTestSuite1646845129657.run(TempTestSuite1646845129657.groovy:36)
Caused by: com.kms.katalon.core.webui.exception.WebElementNotFoundException: Web element with id: 'Object Repository/Modulo Actos Administrativos/Modulo Viáticos/Anulación y Legalización de viáticos/a_Cambiar estado' located by '//*/text()[normalize-space(.)='Cambiar estado']/parent::*' not found
	at com.kms.katalon.core.webui.common.WebUiCommonHelper.findWebElement(WebUiCommonHelper.java:1370)
	at com.kms.katalon.core.webui.keyword.internal.WebUIAbstractKeyword.findWebElement(WebUIAbstractKeyword.groovy:27)
	at com.kms.katalon.core.webui.keyword.builtin.ClickKeyword$_click_closure1.doCall(ClickKeyword.groovy:65)
	at com.kms.katalon.core.webui.keyword.builtin.ClickKeyword$_click_closure1.call(ClickKeyword.groovy)
	at com.kms.katalon.core.webui.keyword.internal.WebUIKeywordMain.runKeyword(WebUIKeywordMain.groovy:20)
	... 19 more
"/>
         <system-out><![CDATA[2022-03-09 12:47:58 - [TEST_CASE][FAILED] - Test Cases/1.1-Tareas Principales/1.6.6 Anulación y Legalización de viáticos: Test Cases/1.1-Tareas Principales/1.6.6 Anulación y Legalización de viáticos FAILED.
Reason:
com.kms.katalon.core.exception.StepFailedException: Unable to click on object 'Object Repository/Modulo Actos Administrativos/Modulo Viáticos/Anulación y Legalización de viáticos/a_Cambiar estado'
	at com.kms.katalon.core.webui.keyword.internal.WebUIKeywordMain.stepFailed(WebUIKeywordMain.groovy:64)
	at com.kms.katalon.core.webui.keyword.internal.WebUIKeywordMain.runKeyword(WebUIKeywordMain.groovy:26)
	at com.kms.katalon.core.webui.keyword.builtin.ClickKeyword.click(ClickKeyword.groovy:74)
	at com.kms.katalon.core.webui.keyword.builtin.ClickKeyword.execute(ClickKeyword.groovy:40)
	at com.kms.katalon.core.keyword.internal.KeywordExecutor.executeKeywordForPlatform(KeywordExecutor.groovy:74)
	at com.kms.katalon.core.webui.keyword.WebUiBuiltInKeywords.click(WebUiBuiltInKeywords.groovy:620)
	at com.kms.katalon.core.webui.keyword.WebUiBuiltInKeywords$click$5.call(Unknown Source)
	at 1.6.6 Anulación y Legalización de viáticos.run(1.6.6 Anulación y Legalización de viáticos:400)
	at com.kms.katalon.core.main.ScriptEngine.run(ScriptEngine.java:194)
	at com.kms.katalon.core.main.ScriptEngine.runScriptAsRawText(ScriptEngine.java:119)
	at com.kms.katalon.core.main.TestCaseExecutor.runScript(TestCaseExecutor.java:442)
	at com.kms.katalon.core.main.TestCaseExecutor.doExecute(TestCaseExecutor.java:433)
	at com.kms.katalon.core.main.TestCaseExecutor.processExecutionPhase(TestCaseExecutor.java:412)
	at com.kms.katalon.core.main.TestCaseExecutor.accessMainPhase(TestCaseExecutor.java:404)
	at com.kms.katalon.core.main.TestCaseExecutor.execute(TestCaseExecutor.java:281)
	at com.kms.katalon.core.main.TestSuiteExecutor.accessTestCaseMainPhase(TestSuiteExecutor.java:202)
	at com.kms.katalon.core.main.TestSuiteExecutor.accessTestSuiteMainPhase(TestSuiteExecutor.java:164)
	at com.kms.katalon.core.main.TestSuiteExecutor.execute(TestSuiteExecutor.java:105)
	at com.kms.katalon.core.main.TestCaseMain.startTestSuite(TestCaseMain.java:185)
	at com.kms.katalon.core.main.TestCaseMain$startTestSuite$0.call(Unknown Source)
	at TempTestSuite1646845129657.run(TempTestSuite1646845129657.groovy:36)
Caused by: com.kms.katalon.core.webui.exception.WebElementNotFoundException: Web element with id: 'Object Repository/Modulo Actos Administrativos/Modulo Viáticos/Anulación y Legalización de viáticos/a_Cambiar estado' located by '//*/text()[normalize-space(.)='Cambiar estado']/parent::*' not found
	at com.kms.katalon.core.webui.common.WebUiCommonHelper.findWebElement(WebUiCommonHelper.java:1370)
	at com.kms.katalon.core.webui.keyword.internal.WebUIAbstractKeyword.findWebElement(WebUIAbstractKeyword.groovy:27)
	at com.kms.katalon.core.webui.keyword.builtin.ClickKeyword$_click_closure1.doCall(ClickKeyword.groovy:65)
	at com.kms.katalon.core.webui.keyword.builtin.ClickKeyword$_click_closure1.call(ClickKeyword.groovy)
	at com.kms.katalon.core.webui.keyword.internal.WebUIKeywordMain.runKeyword(WebUIKeywordMain.groovy:20)
	... 19 more


2022-03-09 12:47:58 - [TEST_STEP][PASSED] - callTestCase(findTestCase("0.1-Login"), [:], STOP_ON_FAILURE): Call Test Case 'Test Cases/0.1-Login' successfully

2022-03-09 12:47:58 - [TEST_CASE][PASSED] - Test Cases/0.1-Login: Test Cases/0.1-Login

2022-03-09 12:47:58 - [TEST_STEP][PASSED] - openBrowser(""): Browser is opened with url: ''

2022-03-09 12:47:58 - [MESSAGE][INFO] - Starting 'Chrome' driver

2022-03-09 12:47:58 - [MESSAGE][INFO] - Action delay is set to 0 milliseconds

2022-03-09 12:48:01 - [MESSAGE][PASSED] - Browser is opened with url: ''

2022-03-09 12:48:01 - [TEST_STEP][PASSED] - maximizeWindow(): Current window maximized

2022-03-09 12:48:02 - [MESSAGE][PASSED] - Current window maximized

2022-03-09 12:48:02 - [TEST_STEP][PASSED] - i = G_Login: null

2022-03-09 12:48:02 - [TEST_STEP][PASSED] - url = new java.net.URL(i): null

2022-03-09 12:48:02 - [TEST_STEP][PASSED] - println("URL: " + url.toString()): null

2022-03-09 12:48:02 - [TEST_STEP][PASSED] - connection = url.openConnection(): null

2022-03-09 12:48:02 - [TEST_STEP][PASSED] - connection.setRequestMethod("GET"): null

2022-03-09 12:48:02 - [TEST_STEP][PASSED] - connection.setReadTimeout(2 * 1000): null

2022-03-09 12:48:02 - [TEST_STEP][PASSED] - try: null

2022-03-09 12:48:02 - [TEST_STEP][PASSED] - connection.connect(): null

2022-03-09 12:48:02 - [TEST_STEP][PASSED] - flag = connected: null

2022-03-09 12:48:02 - [TEST_STEP][PASSED] - println("Valor_ori: " + flag): null

2022-03-09 12:48:02 - [TEST_STEP][PASSED] - if (flag): null

2022-03-09 12:48:02 - [TEST_STEP][PASSED] - navigateToUrl(i): Navigate to 'http://192.168.2.80:8380/saraweb' successfully

2022-03-09 12:48:02 - [MESSAGE][PASSED] - Navigate to 'http://192.168.2.80:8380/saraweb' successfully

2022-03-09 12:48:02 - [TEST_STEP][PASSED] - a(): null

2022-03-09 12:48:02 - [TEST_STEP][PASSED] - setText(findTestObject("Login/input_USUARIO_loginusuario"), G_Usuario): Text 'saraadmin' is set on object 'Object Repository/Login/input_USUARIO_loginusuario'

2022-03-09 12:48:03 - [MESSAGE][PASSED] - Text 'saraadmin' is set on object 'Object Repository/Login/input_USUARIO_loginusuario'

2022-03-09 12:48:03 - [TEST_STEP][PASSED] - setEncryptedText(findTestObject("Login/input_CLAVE_loginpassword"), "MkG4/TYiCFC3cb2driP7+Q=="): Text ****** has been set on object 'Object Repository/Login/input_CLAVE_loginpassword'

2022-03-09 12:48:04 - [MESSAGE][PASSED] - Text ****** has been set on object 'Object Repository/Login/input_CLAVE_loginpassword'

2022-03-09 12:48:04 - [TEST_STEP][PASSED] - waitForElementClickable(findTestObject("Login/a_Ingresar"), G_TimeOut): Object 'Object Repository/Login/a_Ingresar' is clickable

2022-03-09 12:48:04 - [MESSAGE][PASSED] - Object 'Object Repository/Login/a_Ingresar' is clickable

2022-03-09 12:48:04 - [TEST_STEP][PASSED] - click(findTestObject("Login/a_Ingresar")): Object: 'Object Repository/Login/a_Ingresar' is clicked on

2022-03-09 12:48:10 - [MESSAGE][PASSED] - Object: 'Object Repository/Login/a_Ingresar' is clicked on

2022-03-09 12:48:10 - [TEST_STEP][PASSED] - element = findWebElement(findTestObject("Login/a_Ir"), 30): null

2022-03-09 12:48:11 - [TEST_STEP][PASSED] - executeJavaScript("arguments[0].click()", Arrays.asList(element)): Execute JavaScript 'arguments[0].click()' successfully

2022-03-09 12:48:11 - [MESSAGE][PASSED] - Execute JavaScript 'arguments[0].click()' successfully

2022-03-09 12:48:11 - [MESSAGE][PASSED] - Call Test Case 'Test Cases/0.1-Login' successfully

2022-03-09 12:48:11 - [TEST_STEP][PASSED] - waitForElementClickable(findTestObject("Modulo Actos Administrativos/Modulo Viáticos/Anulación y Legalización de viáticos/input_ADMINISTRADOR DEL SISTEMA - SARA_form_templatej_idt24_input"), 0): Object 'Object Repository/Modulo Actos Administrativos/Modulo Viáticos/Anulación y Legalización de viáticos/input_ADMINISTRADOR DEL SISTEMA - SARA_form_templatej_idt24_input' is clickable

2022-03-09 12:48:11 - [MESSAGE][WARNING] - Timeout '0' is invalid. Using default page load timeout: '30'

2022-03-09 12:48:12 - [MESSAGE][PASSED] - Object 'Object Repository/Modulo Actos Administrativos/Modulo Viáticos/Anulación y Legalización de viáticos/input_ADMINISTRADOR DEL SISTEMA - SARA_form_templatej_idt24_input' is clickable

2022-03-09 12:48:12 - [TEST_STEP][PASSED] - setText(findTestObject("Modulo Actos Administrativos/Modulo Viáticos/Anulación y Legalización de viáticos/input_ADMINISTRADOR DEL SISTEMA - SARA_form_templatej_idt24_input"), "listado de viaticos"): Text 'listado de viaticos' is set on object 'Object Repository/Modulo Actos Administrativos/Modulo Viáticos/Anulación y Legalización de viáticos/input_ADMINISTRADOR DEL SISTEMA - SARA_form_templatej_idt24_input'

2022-03-09 12:48:13 - [MESSAGE][PASSED] - Text 'listado de viaticos' is set on object 'Object Repository/Modulo Actos Administrativos/Modulo Viáticos/Anulación y Legalización de viáticos/input_ADMINISTRADOR DEL SISTEMA - SARA_form_templatej_idt24_input'

2022-03-09 12:48:13 - [TEST_STEP][PASSED] - waitForElementClickable(findTestObject("Modulo Actos Administrativos/Modulo Viáticos/Anulación y Legalización de viáticos/li_Listado de Viaticos (act)"), 0): Object 'Object Repository/Modulo Actos Administrativos/Modulo Viáticos/Anulación y Legalización de viáticos/li_Listado de Viaticos (act)' is clickable

2022-03-09 12:48:13 - [MESSAGE][WARNING] - Timeout '0' is invalid. Using default page load timeout: '30'

2022-03-09 12:48:14 - [MESSAGE][PASSED] - Object 'Object Repository/Modulo Actos Administrativos/Modulo Viáticos/Anulación y Legalización de viáticos/li_Listado de Viaticos (act)' is clickable

2022-03-09 12:48:14 - [TEST_STEP][PASSED] - sendKeys(findTestObject("Modulo Actos Administrativos/Modulo Viáticos/Anulación y Legalización de viáticos/input_ADMINISTRADOR DEL SISTEMA - SARA_form_templatej_idt24_input"), Keys.chord(ENTER)): Keys 'ENTER + ' sent to object: 'Object Repository/Modulo Actos Administrativos/Modulo Viáticos/Anulación y Legalización de viáticos/input_ADMINISTRADOR DEL SISTEMA - SARA_form_templatej_idt24_input'

2022-03-09 12:48:15 - [MESSAGE][PASSED] - Keys 'ENTER + ' sent to object: 'Object Repository/Modulo Actos Administrativos/Modulo Viáticos/Anulación y Legalización de viáticos/input_ADMINISTRADOR DEL SISTEMA - SARA_form_templatej_idt24_input'

2022-03-09 12:48:15 - [TEST_STEP][PASSED] - setText(findTestObject("Modulo Actos Administrativos/Modulo Viáticos/Crear viatico/input_Ao_form_listadoviaticosanio"), "2021"): Text '2021' is set on object 'Object Repository/Modulo Actos Administrativos/Modulo Viáticos/Crear viatico/input_Ao_form_listadoviaticosanio'

2022-03-09 12:48:17 - [MESSAGE][PASSED] - Text '2021' is set on object 'Object Repository/Modulo Actos Administrativos/Modulo Viáticos/Crear viatico/input_Ao_form_listadoviaticosanio'

2022-03-09 12:48:17 - [TEST_STEP][PASSED] - sendKeys(findTestObject("Modulo Actos Administrativos/Modulo Viáticos/Crear viatico/input_Ao_form_listadoviaticosanio"), Keys.chord(ENTER)): Keys 'ENTER + ' sent to object: 'Object Repository/Modulo Actos Administrativos/Modulo Viáticos/Crear viatico/input_Ao_form_listadoviaticosanio'

2022-03-09 12:48:17 - [MESSAGE][PASSED] - Keys 'ENTER + ' sent to object: 'Object Repository/Modulo Actos Administrativos/Modulo Viáticos/Crear viatico/input_Ao_form_listadoviaticosanio'

2022-03-09 12:48:17 - [TEST_STEP][PASSED] - selectOptionByIndex(findTestObject("Modulo Actos Administrativos/Modulo Viáticos/Anulación y Legalización de viáticos/select_--Seleccione--AnuladoAutorizadaDerogadaNo AutorizadaProgramadaSolicitado"), 5): All options with index in [5] are selected on object 'Object Repository/Modulo Actos Administrativos/Modulo Viáticos/Anulación y Legalización de viáticos/select_--Seleccione--AnuladoAutorizadaDerogadaNo AutorizadaProgramadaSolicitado'

2022-03-09 12:48:19 - [MESSAGE][PASSED] - All options with index in [5] are selected on object 'Object Repository/Modulo Actos Administrativos/Modulo Viáticos/Anulación y Legalización de viáticos/select_--Seleccione--AnuladoAutorizadaDerogadaNo AutorizadaProgramadaSolicitado'

2022-03-09 12:48:19 - [TEST_STEP][PASSED] - if (waitForElementClickable(findTestObject("Modulo Actos Administrativos/Modulo Viáticos/Anulación y Legalización de viáticos/td_01072021"), 1)): Web element with id: 'Object Repository/Modulo Actos Administrativos/Modulo Viáticos/Anulación y Legalización de viáticos/td_01072021' located by '//*/text()[normalize-space(.)='01/07/2021']/parent::*' not found

2022-03-09 12:48:21 - [MESSAGE][INFO] - Unable to find the element located by 'By.xpath: //*/text()[normalize-space(.)='01/07/2021']/parent::*'. Please recheck the objects properties to make sure the desired element is located. 

2022-03-09 12:48:21 - [MESSAGE][WARNING] - Web element with id: 'Object Repository/Modulo Actos Administrativos/Modulo Viáticos/Anulación y Legalización de viáticos/td_01072021' located by '//*/text()[normalize-space(.)='01/07/2021']/parent::*' not found

2022-03-09 12:48:21 - [TEST_STEP][PASSED] - else: null

2022-03-09 12:48:21 - [TEST_STEP][PASSED] - selectOptionByIndex(findTestObject("Modulo Actos Administrativos/Modulo Viáticos/Anulación y Legalización de viáticos/select_--Seleccione--AnuladoAutorizadaDerogadaNo AutorizadaProgramadaSolicitado"), 2): All options with index in [2] are selected on object 'Object Repository/Modulo Actos Administrativos/Modulo Viáticos/Anulación y Legalización de viáticos/select_--Seleccione--AnuladoAutorizadaDerogadaNo AutorizadaProgramadaSolicitado'

2022-03-09 12:48:22 - [MESSAGE][PASSED] - All options with index in [2] are selected on object 'Object Repository/Modulo Actos Administrativos/Modulo Viáticos/Anulación y Legalización de viáticos/select_--Seleccione--AnuladoAutorizadaDerogadaNo AutorizadaProgramadaSolicitado'

2022-03-09 12:48:22 - [TEST_STEP][PASSED] - setText(findTestObject("Modulo Actos Administrativos/Modulo Viáticos/Crear viatico/input_Ao_form_listadoviaticosanio"), "2021"): Text '2021' is set on object 'Object Repository/Modulo Actos Administrativos/Modulo Viáticos/Crear viatico/input_Ao_form_listadoviaticosanio'

2022-03-09 12:48:24 - [MESSAGE][PASSED] - Text '2021' is set on object 'Object Repository/Modulo Actos Administrativos/Modulo Viáticos/Crear viatico/input_Ao_form_listadoviaticosanio'

2022-03-09 12:48:24 - [TEST_STEP][PASSED] - sendKeys(findTestObject("Modulo Actos Administrativos/Modulo Viáticos/Crear viatico/input_Ao_form_listadoviaticosanio"), Keys.chord(ENTER)): Keys 'ENTER + ' sent to object: 'Object Repository/Modulo Actos Administrativos/Modulo Viáticos/Crear viatico/input_Ao_form_listadoviaticosanio'

2022-03-09 12:48:24 - [MESSAGE][PASSED] - Keys 'ENTER + ' sent to object: 'Object Repository/Modulo Actos Administrativos/Modulo Viáticos/Crear viatico/input_Ao_form_listadoviaticosanio'

2022-03-09 12:48:24 - [TEST_STEP][PASSED] - if (waitForElementClickable(findTestObject("Modulo Actos Administrativos/Modulo Viáticos/Anulación y Legalización de viáticos/td_01072021"), 1)): null

2022-03-09 12:48:25 - [MESSAGE][PASSED] - Object 'Object Repository/Modulo Actos Administrativos/Modulo Viáticos/Anulación y Legalización de viáticos/td_01072021' is clickable

2022-03-09 12:48:25 - [TEST_STEP][PASSED] - click(findTestObject("Modulo Actos Administrativos/Modulo Viáticos/Anulación y Legalización de viáticos/td_01072021")): Object: 'Object Repository/Modulo Actos Administrativos/Modulo Viáticos/Anulación y Legalización de viáticos/td_01072021' is clicked on

2022-03-09 12:48:25 - [MESSAGE][PASSED] - Object: 'Object Repository/Modulo Actos Administrativos/Modulo Viáticos/Anulación y Legalización de viáticos/td_01072021' is clicked on

2022-03-09 12:48:25 - [TEST_STEP][PASSED] - waitForElementClickable(findTestObject("Modulo Actos Administrativos/Modulo Viáticos/Anulación y Legalización de viáticos/a_Cerrar Desembolsar"), 0): Object 'Object Repository/Modulo Actos Administrativos/Modulo Viáticos/Anulación y Legalización de viáticos/a_Cerrar Desembolsar' is clickable

2022-03-09 12:48:25 - [MESSAGE][WARNING] - Timeout '0' is invalid. Using default page load timeout: '30'

2022-03-09 12:48:27 - [MESSAGE][PASSED] - Object 'Object Repository/Modulo Actos Administrativos/Modulo Viáticos/Anulación y Legalización de viáticos/a_Cerrar Desembolsar' is clickable

2022-03-09 12:48:27 - [TEST_STEP][PASSED] - click(findTestObject("Modulo Actos Administrativos/Modulo Viáticos/Anulación y Legalización de viáticos/a_Cerrar Desembolsar")): Object: 'Object Repository/Modulo Actos Administrativos/Modulo Viáticos/Anulación y Legalización de viáticos/a_Cerrar Desembolsar' is clicked on

2022-03-09 12:48:28 - [MESSAGE][PASSED] - Object: 'Object Repository/Modulo Actos Administrativos/Modulo Viáticos/Anulación y Legalización de viáticos/a_Cerrar Desembolsar' is clicked on

2022-03-09 12:48:28 - [TEST_STEP][PASSED] - setText(findTestObject("Modulo Actos Administrativos/Modulo Viáticos/Anulación y Legalización de viáticos/input_Fecha_Cierre desembolso"), "01/07/2021"): Text '01/07/2021' is set on object 'Object Repository/Modulo Actos Administrativos/Modulo Viáticos/Anulación y Legalización de viáticos/input_Fecha_Cierre desembolso'

2022-03-09 12:48:29 - [MESSAGE][PASSED] - Text '01/07/2021' is set on object 'Object Repository/Modulo Actos Administrativos/Modulo Viáticos/Anulación y Legalización de viáticos/input_Fecha_Cierre desembolso'

2022-03-09 12:48:29 - [TEST_STEP][PASSED] - setText(findTestObject("Modulo Actos Administrativos/Modulo Viáticos/Anulación y Legalización de viáticos/input_TRM_Cierre desembolso"), "5"): Text '5' is set on object 'Object Repository/Modulo Actos Administrativos/Modulo Viáticos/Anulación y Legalización de viáticos/input_TRM_Cierre desembolso'

2022-03-09 12:48:30 - [MESSAGE][PASSED] - Text '5' is set on object 'Object Repository/Modulo Actos Administrativos/Modulo Viáticos/Anulación y Legalización de viáticos/input_TRM_Cierre desembolso'

2022-03-09 12:48:30 - [TEST_STEP][PASSED] - click(findTestObject("Modulo Actos Administrativos/Modulo Viáticos/Anulación y Legalización de viáticos/a_Aplicar_Cierre desembolso")): Object: 'Object Repository/Modulo Actos Administrativos/Modulo Viáticos/Anulación y Legalización de viáticos/a_Aplicar_Cierre desembolso' is clicked on

2022-03-09 12:48:31 - [MESSAGE][PASSED] - Object: 'Object Repository/Modulo Actos Administrativos/Modulo Viáticos/Anulación y Legalización de viáticos/a_Aplicar_Cierre desembolso' is clicked on

2022-03-09 12:48:31 - [TEST_STEP][PASSED] - click(findTestObject("Modulo Actos Administrativos/Modulo Viáticos/Anulación y Legalización de viáticos/a_Costos_Anulacion")): Object: 'Object Repository/Modulo Actos Administrativos/Modulo Viáticos/Anulación y Legalización de viáticos/a_Costos_Anulacion' is clicked on

2022-03-09 12:48:31 - [MESSAGE][PASSED] - Object: 'Object Repository/Modulo Actos Administrativos/Modulo Viáticos/Anulación y Legalización de viáticos/a_Costos_Anulacion' is clicked on

2022-03-09 12:48:31 - [TEST_STEP][PASSED] - sendKeys(findTestObject("Modulo Actos Administrativos/Modulo Viáticos/Anulación y Legalización de viáticos/a_Costos_Anulacion"), Keys.chord(F5)): Keys 'F5 + ' sent to object: 'Object Repository/Modulo Actos Administrativos/Modulo Viáticos/Anulación y Legalización de viáticos/a_Costos_Anulacion'

2022-03-09 12:48:32 - [MESSAGE][PASSED] - Keys 'F5 + ' sent to object: 'Object Repository/Modulo Actos Administrativos/Modulo Viáticos/Anulación y Legalización de viáticos/a_Costos_Anulacion'

2022-03-09 12:48:32 - [TEST_STEP][PASSED] - waitForElementClickable(findTestObject("Modulo Actos Administrativos/Modulo Viáticos/Costos de Viáticos/a_Nuevo1_costo"), 0): Object 'Object Repository/Modulo Actos Administrativos/Modulo Viáticos/Costos de Viáticos/a_Nuevo1_costo' is clickable

2022-03-09 12:48:32 - [MESSAGE][WARNING] - Timeout '0' is invalid. Using default page load timeout: '30'

2022-03-09 12:48:33 - [MESSAGE][PASSED] - Object 'Object Repository/Modulo Actos Administrativos/Modulo Viáticos/Costos de Viáticos/a_Nuevo1_costo' is clickable

2022-03-09 12:48:33 - [TEST_STEP][PASSED] - click(findTestObject("Modulo Actos Administrativos/Modulo Viáticos/Costos de Viáticos/a_Nuevo1_costo")): Object: 'Object Repository/Modulo Actos Administrativos/Modulo Viáticos/Costos de Viáticos/a_Nuevo1_costo' is clicked on

2022-03-09 12:48:34 - [MESSAGE][PASSED] - Object: 'Object Repository/Modulo Actos Administrativos/Modulo Viáticos/Costos de Viáticos/a_Nuevo1_costo' is clicked on

2022-03-09 12:48:34 - [TEST_STEP][PASSED] - waitForElementClickable(findTestObject("Modulo Actos Administrativos/Modulo Viáticos/Costos de Viáticos/a_Funcionario_form_popupComplementarioViaticoj_idt332"), 0): Object 'Object Repository/Modulo Actos Administrativos/Modulo Viáticos/Costos de Viáticos/a_Funcionario_form_popupComplementarioViaticoj_idt332' is clickable

2022-03-09 12:48:34 - [MESSAGE][WARNING] - Timeout '0' is invalid. Using default page load timeout: '30'

2022-03-09 12:48:35 - [MESSAGE][PASSED] - Object 'Object Repository/Modulo Actos Administrativos/Modulo Viáticos/Costos de Viáticos/a_Funcionario_form_popupComplementarioViaticoj_idt332' is clickable

2022-03-09 12:48:35 - [TEST_STEP][PASSED] - click(findTestObject("Modulo Actos Administrativos/Modulo Viáticos/Costos de Viáticos/a_Funcionario_form_popupComplementarioViaticoj_idt332")): Object: 'Object Repository/Modulo Actos Administrativos/Modulo Viáticos/Costos de Viáticos/a_Funcionario_form_popupComplementarioViaticoj_idt332' is clicked on

2022-03-09 12:48:35 - [MESSAGE][PASSED] - Object: 'Object Repository/Modulo Actos Administrativos/Modulo Viáticos/Costos de Viáticos/a_Funcionario_form_popupComplementarioViaticoj_idt332' is clicked on

2022-03-09 12:48:35 - [TEST_STEP][PASSED] - waitForElementClickable(findTestObject("Modulo Actos Administrativos/Modulo Viáticos/Anulación y Legalización de viáticos/td_QUINTERO 5 EMPLEADO2"), 0): Object 'Object Repository/Modulo Actos Administrativos/Modulo Viáticos/Anulación y Legalización de viáticos/td_QUINTERO 5 EMPLEADO2' is clickable

2022-03-09 12:48:35 - [MESSAGE][WARNING] - Timeout '0' is invalid. Using default page load timeout: '30'

2022-03-09 12:48:36 - [MESSAGE][PASSED] - Object 'Object Repository/Modulo Actos Administrativos/Modulo Viáticos/Anulación y Legalización de viáticos/td_QUINTERO 5 EMPLEADO2' is clickable

2022-03-09 12:48:36 - [TEST_STEP][PASSED] - click(findTestObject("Modulo Actos Administrativos/Modulo Viáticos/Anulación y Legalización de viáticos/td_QUINTERO 5 EMPLEADO2")): Object: 'Object Repository/Modulo Actos Administrativos/Modulo Viáticos/Anulación y Legalización de viáticos/td_QUINTERO 5 EMPLEADO2' is clicked on

2022-03-09 12:48:36 - [MESSAGE][PASSED] - Object: 'Object Repository/Modulo Actos Administrativos/Modulo Viáticos/Anulación y Legalización de viáticos/td_QUINTERO 5 EMPLEADO2' is clicked on

2022-03-09 12:48:36 - [TEST_STEP][PASSED] - delay(1): Delayed 1 second(s)

2022-03-09 12:48:37 - [MESSAGE][PASSED] - Delayed 1 second(s)

2022-03-09 12:48:37 - [TEST_STEP][PASSED] - selectOptionByIndex(findTestObject("Modulo Actos Administrativos/Modulo Viáticos/Complementario de Viáticos/select_--- Seleccione Tipo Costo --Viatico prueba--complementario"), "1"): All options with index in [1] are selected on object 'Object Repository/Modulo Actos Administrativos/Modulo Viáticos/Complementario de Viáticos/select_--- Seleccione Tipo Costo --Viatico prueba--complementario'

2022-03-09 12:48:40 - [MESSAGE][PASSED] - All options with index in [1] are selected on object 'Object Repository/Modulo Actos Administrativos/Modulo Viáticos/Complementario de Viáticos/select_--- Seleccione Tipo Costo --Viatico prueba--complementario'

2022-03-09 12:48:40 - [TEST_STEP][PASSED] - setText(findTestObject("Modulo Actos Administrativos/Modulo Viáticos/Costos de Viáticos/input_Valor Pagado UD_form_popupcostoviaticosvalorPagadoUD"), "1500000"): Text '1500000' is set on object 'Object Repository/Modulo Actos Administrativos/Modulo Viáticos/Costos de Viáticos/input_Valor Pagado UD_form_popupcostoviaticosvalorPagadoUD'

2022-03-09 12:48:41 - [MESSAGE][PASSED] - Text '1500000' is set on object 'Object Repository/Modulo Actos Administrativos/Modulo Viáticos/Costos de Viáticos/input_Valor Pagado UD_form_popupcostoviaticosvalorPagadoUD'

2022-03-09 12:48:41 - [TEST_STEP][PASSED] - setText(findTestObject("Modulo Actos Administrativos/Modulo Viáticos/Costos de Viáticos/input_Excedente_form_popupcostoviaticosvalorExcedente"), "10000"): Text '10000' is set on object 'Object Repository/Modulo Actos Administrativos/Modulo Viáticos/Costos de Viáticos/input_Excedente_form_popupcostoviaticosvalorExcedente'

2022-03-09 12:48:42 - [MESSAGE][PASSED] - Text '10000' is set on object 'Object Repository/Modulo Actos Administrativos/Modulo Viáticos/Costos de Viáticos/input_Excedente_form_popupcostoviaticosvalorExcedente'

2022-03-09 12:48:42 - [TEST_STEP][PASSED] - setText(findTestObject("Modulo Actos Administrativos/Modulo Viáticos/Costos de Viáticos/input_Factura_form_popupcostoviaticosfactura"), "5"): Text '5' is set on object 'Object Repository/Modulo Actos Administrativos/Modulo Viáticos/Costos de Viáticos/input_Factura_form_popupcostoviaticosfactura'

2022-03-09 12:48:43 - [MESSAGE][PASSED] - Text '5' is set on object 'Object Repository/Modulo Actos Administrativos/Modulo Viáticos/Costos de Viáticos/input_Factura_form_popupcostoviaticosfactura'

2022-03-09 12:48:43 - [TEST_STEP][PASSED] - setText(findTestObject("Modulo Actos Administrativos/Modulo Viáticos/Costos de Viáticos/input_Factura_form_popupcostoviaticosfechafactura_input"), "01/07/2021"): Text '01/07/2021' is set on object 'Object Repository/Modulo Actos Administrativos/Modulo Viáticos/Costos de Viáticos/input_Factura_form_popupcostoviaticosfechafactura_input'

2022-03-09 12:48:45 - [MESSAGE][PASSED] - Text '01/07/2021' is set on object 'Object Repository/Modulo Actos Administrativos/Modulo Viáticos/Costos de Viáticos/input_Factura_form_popupcostoviaticosfechafactura_input'

2022-03-09 12:48:45 - [TEST_STEP][PASSED] - setText(findTestObject("Modulo Actos Administrativos/Modulo Viáticos/Costos de Viáticos/input_viatico_form_popupcostoviaticosdestino"), "1"): Text '1' is set on object 'Object Repository/Modulo Actos Administrativos/Modulo Viáticos/Costos de Viáticos/input_viatico_form_popupcostoviaticosdestino'

2022-03-09 12:48:46 - [MESSAGE][PASSED] - Text '1' is set on object 'Object Repository/Modulo Actos Administrativos/Modulo Viáticos/Costos de Viáticos/input_viatico_form_popupcostoviaticosdestino'

2022-03-09 12:48:46 - [TEST_STEP][PASSED] - click(findTestObject("Modulo Actos Administrativos/Modulo Viáticos/Costos de Viáticos/input_viatico_form_popupcostoviaticosdestino")): Object: 'Object Repository/Modulo Actos Administrativos/Modulo Viáticos/Costos de Viáticos/input_viatico_form_popupcostoviaticosdestino' is clicked on

2022-03-09 12:48:46 - [MESSAGE][PASSED] - Object: 'Object Repository/Modulo Actos Administrativos/Modulo Viáticos/Costos de Viáticos/input_viatico_form_popupcostoviaticosdestino' is clicked on

2022-03-09 12:48:46 - [TEST_STEP][PASSED] - click(findTestObject("Modulo Actos Administrativos/Modulo Viáticos/Costos de Viáticos/a_Guardar_costo")): Object: 'Object Repository/Modulo Actos Administrativos/Modulo Viáticos/Costos de Viáticos/a_Guardar_costo' is clicked on

2022-03-09 12:48:47 - [MESSAGE][PASSED] - Object: 'Object Repository/Modulo Actos Administrativos/Modulo Viáticos/Costos de Viáticos/a_Guardar_costo' is clicked on

2022-03-09 12:48:47 - [TEST_STEP][PASSED] - click(findTestObject("Modulo Actos Administrativos/Modulo Viáticos/Anulación y Legalización de viáticos/span_Cerrar_ventana_ Crear costos")): Object: 'Object Repository/Modulo Actos Administrativos/Modulo Viáticos/Anulación y Legalización de viáticos/span_Cerrar_ventana_ Crear costos' is clicked on

2022-03-09 12:48:48 - [MESSAGE][PASSED] - Object: 'Object Repository/Modulo Actos Administrativos/Modulo Viáticos/Anulación y Legalización de viáticos/span_Cerrar_ventana_ Crear costos' is clicked on

2022-03-09 12:48:48 - [TEST_STEP][PASSED] - click(findTestObject("Modulo Actos Administrativos/Modulo Viáticos/Anulación y Legalización de viáticos/td_estado_null")): Object: 'Object Repository/Modulo Actos Administrativos/Modulo Viáticos/Anulación y Legalización de viáticos/td_estado_null' is clicked on

2022-03-09 12:48:48 - [MESSAGE][PASSED] - Object: 'Object Repository/Modulo Actos Administrativos/Modulo Viáticos/Anulación y Legalización de viáticos/td_estado_null' is clicked on

2022-03-09 12:48:48 - [TEST_STEP][PASSED] - if (waitForElementClickable(findTestObject("Modulo Actos Administrativos/Modulo Viáticos/Anulación y Legalización de viáticos/a_Anular_Costo"), 1)): null

2022-03-09 12:48:49 - [MESSAGE][PASSED] - Object 'Object Repository/Modulo Actos Administrativos/Modulo Viáticos/Anulación y Legalización de viáticos/a_Anular_Costo' is clickable

2022-03-09 12:48:49 - [TEST_STEP][PASSED] - click(findTestObject("Modulo Actos Administrativos/Modulo Viáticos/Anulación y Legalización de viáticos/a_Anular_Costo")): Object: 'Object Repository/Modulo Actos Administrativos/Modulo Viáticos/Anulación y Legalización de viáticos/a_Anular_Costo' is clicked on

2022-03-09 12:48:50 - [MESSAGE][PASSED] - Object: 'Object Repository/Modulo Actos Administrativos/Modulo Viáticos/Anulación y Legalización de viáticos/a_Anular_Costo' is clicked on

2022-03-09 12:48:50 - [TEST_STEP][PASSED] - waitForElementClickable(findTestObject("Modulo Actos Administrativos/Modulo Viáticos/Anulación y Legalización de viáticos/select_--Seleccione--Nota CreditoReembolsoRevisin"), 0): Object 'Object Repository/Modulo Actos Administrativos/Modulo Viáticos/Anulación y Legalización de viáticos/select_--Seleccione--Nota CreditoReembolsoRevisin' is clickable

2022-03-09 12:48:50 - [MESSAGE][WARNING] - Timeout '0' is invalid. Using default page load timeout: '30'

2022-03-09 12:48:51 - [MESSAGE][PASSED] - Object 'Object Repository/Modulo Actos Administrativos/Modulo Viáticos/Anulación y Legalización de viáticos/select_--Seleccione--Nota CreditoReembolsoRevisin' is clickable

2022-03-09 12:48:51 - [TEST_STEP][PASSED] - selectOptionByIndex(findTestObject("Modulo Actos Administrativos/Modulo Viáticos/Anulación y Legalización de viáticos/select_--Seleccione--Nota CreditoReembolsoRevisin"), "1"): All options with index in [1] are selected on object 'Object Repository/Modulo Actos Administrativos/Modulo Viáticos/Anulación y Legalización de viáticos/select_--Seleccione--Nota CreditoReembolsoRevisin'

2022-03-09 12:48:52 - [MESSAGE][PASSED] - All options with index in [1] are selected on object 'Object Repository/Modulo Actos Administrativos/Modulo Viáticos/Anulación y Legalización de viáticos/select_--Seleccione--Nota CreditoReembolsoRevisin'

2022-03-09 12:48:52 - [TEST_STEP][PASSED] - setText(findTestObject("Modulo Actos Administrativos/Modulo Viáticos/Anulación y Legalización de viáticos/input_Nmero Nota Credito_form"), "5"): Text '5' is set on object 'Object Repository/Modulo Actos Administrativos/Modulo Viáticos/Anulación y Legalización de viáticos/input_Nmero Nota Credito_form'

2022-03-09 12:48:53 - [MESSAGE][PASSED] - Text '5' is set on object 'Object Repository/Modulo Actos Administrativos/Modulo Viáticos/Anulación y Legalización de viáticos/input_Nmero Nota Credito_form'

2022-03-09 12:48:53 - [TEST_STEP][PASSED] - setText(findTestObject("Modulo Actos Administrativos/Modulo Viáticos/Anulación y Legalización de viáticos/input_Fecha De Nota Crdito_form_Nota credito"), "01/07/2021"): Text '01/07/2021' is set on object 'Object Repository/Modulo Actos Administrativos/Modulo Viáticos/Anulación y Legalización de viáticos/input_Fecha De Nota Crdito_form_Nota credito'

2022-03-09 12:48:54 - [MESSAGE][PASSED] - Text '01/07/2021' is set on object 'Object Repository/Modulo Actos Administrativos/Modulo Viáticos/Anulación y Legalización de viáticos/input_Fecha De Nota Crdito_form_Nota credito'

2022-03-09 12:48:54 - [TEST_STEP][PASSED] - setText(findTestObject("Modulo Actos Administrativos/Modulo Viáticos/Anulación y Legalización de viáticos/input_Fecha Resolucin_form_Nota_credito"), "01/07/2021"): Text '01/07/2021' is set on object 'Object Repository/Modulo Actos Administrativos/Modulo Viáticos/Anulación y Legalización de viáticos/input_Fecha Resolucin_form_Nota_credito'

2022-03-09 12:48:55 - [MESSAGE][PASSED] - Text '01/07/2021' is set on object 'Object Repository/Modulo Actos Administrativos/Modulo Viáticos/Anulación y Legalización de viáticos/input_Fecha Resolucin_form_Nota_credito'

2022-03-09 12:48:55 - [TEST_STEP][PASSED] - setText(findTestObject("Modulo Actos Administrativos/Modulo Viáticos/Anulación y Legalización de viáticos/input_Valor_form_Nota_credito"), "10"): Text '10' is set on object 'Object Repository/Modulo Actos Administrativos/Modulo Viáticos/Anulación y Legalización de viáticos/input_Valor_form_Nota_credito'

2022-03-09 12:48:55 - [MESSAGE][PASSED] - Text '10' is set on object 'Object Repository/Modulo Actos Administrativos/Modulo Viáticos/Anulación y Legalización de viáticos/input_Valor_form_Nota_credito'

2022-03-09 12:48:55 - [TEST_STEP][PASSED] - setText(findTestObject("Modulo Actos Administrativos/Modulo Viáticos/Anulación y Legalización de viáticos/input_Nmero Resolucin_Nota_credito"), "5"): Text '5' is set on object 'Object Repository/Modulo Actos Administrativos/Modulo Viáticos/Anulación y Legalización de viáticos/input_Nmero Resolucin_Nota_credito'

2022-03-09 12:48:56 - [MESSAGE][PASSED] - Text '5' is set on object 'Object Repository/Modulo Actos Administrativos/Modulo Viáticos/Anulación y Legalización de viáticos/input_Nmero Resolucin_Nota_credito'

2022-03-09 12:48:56 - [TEST_STEP][PASSED] - click(findTestObject("Modulo Actos Administrativos/Modulo Viáticos/Anulación y Legalización de viáticos/a_Aplicar_Nota_credito")): Object: 'Object Repository/Modulo Actos Administrativos/Modulo Viáticos/Anulación y Legalización de viáticos/a_Aplicar_Nota_credito' is clicked on

2022-03-09 12:48:57 - [MESSAGE][PASSED] - Object: 'Object Repository/Modulo Actos Administrativos/Modulo Viáticos/Anulación y Legalización de viáticos/a_Aplicar_Nota_credito' is clicked on

2022-03-09 12:48:57 - [TEST_STEP][PASSED] - waitForElementClickable(findTestObject("Modulo Actos Administrativos/Modulo Viáticos/Anulación y Legalización de viáticos/a_Cambiar estado"), 0): Web element with id: 'Object Repository/Modulo Actos Administrativos/Modulo Viáticos/Anulación y Legalización de viáticos/a_Cambiar estado' located by '//*/text()[normalize-space(.)='Cambiar estado']/parent::*' not found

2022-03-09 12:48:57 - [MESSAGE][WARNING] - Timeout '0' is invalid. Using default page load timeout: '30'

2022-03-09 12:49:28 - [MESSAGE][INFO] - Unable to find the element located by 'By.xpath: //*/text()[normalize-space(.)='Cambiar estado']/parent::*'. Please recheck the objects properties to make sure the desired element is located. 

2022-03-09 12:49:28 - [MESSAGE][WARNING] - Web element with id: 'Object Repository/Modulo Actos Administrativos/Modulo Viáticos/Anulación y Legalización de viáticos/a_Cambiar estado' located by '//*/text()[normalize-space(.)='Cambiar estado']/parent::*' not found

2022-03-09 12:49:28 - [TEST_STEP][FAILED] - click(findTestObject("Modulo Actos Administrativos/Modulo Viáticos/Anulación y Legalización de viáticos/a_Cambiar estado")): Unable to click on object 'Object Repository/Modulo Actos Administrativos/Modulo Viáticos/Anulación y Legalización de viáticos/a_Cambiar estado' (Root cause: com.kms.katalon.core.exception.StepFailedException: Unable to click on object 'Object Repository/Modulo Actos Administrativos/Modulo Viáticos/Anulación y Legalización de viáticos/a_Cambiar estado'
	at com.kms.katalon.core.webui.keyword.internal.WebUIKeywordMain.stepFailed(WebUIKeywordMain.groovy:64)
	at com.kms.katalon.core.webui.keyword.internal.WebUIKeywordMain.runKeyword(WebUIKeywordMain.groovy:26)
	at com.kms.katalon.core.webui.keyword.builtin.ClickKeyword.click(ClickKeyword.groovy:74)
	at com.kms.katalon.core.webui.keyword.builtin.ClickKeyword.execute(ClickKeyword.groovy:40)
	at com.kms.katalon.core.keyword.internal.KeywordExecutor.executeKeywordForPlatform(KeywordExecutor.groovy:74)
	at com.kms.katalon.core.webui.keyword.WebUiBuiltInKeywords.click(WebUiBuiltInKeywords.groovy:620)
	at com.kms.katalon.core.webui.keyword.WebUiBuiltInKeywords$click$5.call(Unknown Source)
	at 1.6.6 Anulación y Legalización de viáticos.run(1.6.6 Anulación y Legalización de viáticos:400)
	at com.kms.katalon.core.main.ScriptEngine.run(ScriptEngine.java:194)
	at com.kms.katalon.core.main.ScriptEngine.runScriptAsRawText(ScriptEngine.java:119)
	at com.kms.katalon.core.main.TestCaseExecutor.runScript(TestCaseExecutor.java:442)
	at com.kms.katalon.core.main.TestCaseExecutor.doExecute(TestCaseExecutor.java:433)
	at com.kms.katalon.core.main.TestCaseExecutor.processExecutionPhase(TestCaseExecutor.java:412)
	at com.kms.katalon.core.main.TestCaseExecutor.accessMainPhase(TestCaseExecutor.java:404)
	at com.kms.katalon.core.main.TestCaseExecutor.execute(TestCaseExecutor.java:281)
	at com.kms.katalon.core.main.TestSuiteExecutor.accessTestCaseMainPhase(TestSuiteExecutor.java:202)
	at com.kms.katalon.core.main.TestSuiteExecutor.accessTestSuiteMainPhase(TestSuiteExecutor.java:164)
	at com.kms.katalon.core.main.TestSuiteExecutor.execute(TestSuiteExecutor.java:105)
	at com.kms.katalon.core.main.TestCaseMain.startTestSuite(TestCaseMain.java:185)
	at com.kms.katalon.core.main.TestCaseMain$startTestSuite$0.call(Unknown Source)
	at TempTestSuite1646845129657.run(TempTestSuite1646845129657.groovy:36)
Caused by: com.kms.katalon.core.webui.exception.WebElementNotFoundException: Web element with id: 'Object Repository/Modulo Actos Administrativos/Modulo Viáticos/Anulación y Legalización de viáticos/a_Cambiar estado' located by '//*/text()[normalize-space(.)='Cambiar estado']/parent::*' not found
	at com.kms.katalon.core.webui.common.WebUiCommonHelper.findWebElement(WebUiCommonHelper.java:1370)
	at com.kms.katalon.core.webui.keyword.internal.WebUIAbstractKeyword.findWebElement(WebUIAbstractKeyword.groovy:27)
	at com.kms.katalon.core.webui.keyword.builtin.ClickKeyword$_click_closure1.doCall(ClickKeyword.groovy:65)
	at com.kms.katalon.core.webui.keyword.builtin.ClickKeyword$_click_closure1.call(ClickKeyword.groovy)
	at com.kms.katalon.core.webui.keyword.internal.WebUIKeywordMain.runKeyword(WebUIKeywordMain.groovy:20)
	at com.kms.katalon.core.webui.keyword.builtin.ClickKeyword.click(ClickKeyword.groovy:74)
	at com.kms.katalon.core.webui.keyword.builtin.ClickKeyword.execute(ClickKeyword.groovy:40)
	at com.kms.katalon.core.keyword.internal.KeywordExecutor.executeKeywordForPlatform(KeywordExecutor.groovy:74)
	at com.kms.katalon.core.webui.keyword.WebUiBuiltInKeywords.click(WebUiBuiltInKeywords.groovy:620)
	at com.kms.katalon.core.webui.keyword.WebUiBuiltInKeywords$click$5.call(Unknown Source)
	at Script1629930505559.run(Script1629930505559.groovy:400)
	... 13 more
)

2022-03-09 12:49:59 - [MESSAGE][INFO] - Unable to find the element located by 'By.xpath: //*/text()[normalize-space(.)='Cambiar estado']/parent::*'. Please recheck the objects properties to make sure the desired element is located. 

2022-03-09 12:50:00 - [MESSAGE][FAILED] - Unable to click on object 'Object Repository/Modulo Actos Administrativos/Modulo Viáticos/Anulación y Legalización de viáticos/a_Cambiar estado' (Root cause: com.kms.katalon.core.exception.StepFailedException: Unable to click on object 'Object Repository/Modulo Actos Administrativos/Modulo Viáticos/Anulación y Legalización de viáticos/a_Cambiar estado'
	at com.kms.katalon.core.webui.keyword.internal.WebUIKeywordMain.stepFailed(WebUIKeywordMain.groovy:64)
	at com.kms.katalon.core.webui.keyword.internal.WebUIKeywordMain.runKeyword(WebUIKeywordMain.groovy:26)
	at com.kms.katalon.core.webui.keyword.builtin.ClickKeyword.click(ClickKeyword.groovy:74)
	at com.kms.katalon.core.webui.keyword.builtin.ClickKeyword.execute(ClickKeyword.groovy:40)
	at com.kms.katalon.core.keyword.internal.KeywordExecutor.executeKeywordForPlatform(KeywordExecutor.groovy:74)
	at com.kms.katalon.core.webui.keyword.WebUiBuiltInKeywords.click(WebUiBuiltInKeywords.groovy:620)
	at com.kms.katalon.core.webui.keyword.WebUiBuiltInKeywords$click$5.call(Unknown Source)
	at 1.6.6 Anulación y Legalización de viáticos.run(1.6.6 Anulación y Legalización de viáticos:400)
	at com.kms.katalon.core.main.ScriptEngine.run(ScriptEngine.java:194)
	at com.kms.katalon.core.main.ScriptEngine.runScriptAsRawText(ScriptEngine.java:119)
	at com.kms.katalon.core.main.TestCaseExecutor.runScript(TestCaseExecutor.java:442)
	at com.kms.katalon.core.main.TestCaseExecutor.doExecute(TestCaseExecutor.java:433)
	at com.kms.katalon.core.main.TestCaseExecutor.processExecutionPhase(TestCaseExecutor.java:412)
	at com.kms.katalon.core.main.TestCaseExecutor.accessMainPhase(TestCaseExecutor.java:404)
	at com.kms.katalon.core.main.TestCaseExecutor.execute(TestCaseExecutor.java:281)
	at com.kms.katalon.core.main.TestSuiteExecutor.accessTestCaseMainPhase(TestSuiteExecutor.java:202)
	at com.kms.katalon.core.main.TestSuiteExecutor.accessTestSuiteMainPhase(TestSuiteExecutor.java:164)
	at com.kms.katalon.core.main.TestSuiteExecutor.execute(TestSuiteExecutor.java:105)
	at com.kms.katalon.core.main.TestCaseMain.startTestSuite(TestCaseMain.java:185)
	at com.kms.katalon.core.main.TestCaseMain$startTestSuite$0.call(Unknown Source)
	at TempTestSuite1646845129657.run(TempTestSuite1646845129657.groovy:36)
Caused by: com.kms.katalon.core.webui.exception.WebElementNotFoundException: Web element with id: 'Object Repository/Modulo Actos Administrativos/Modulo Viáticos/Anulación y Legalización de viáticos/a_Cambiar estado' located by '//*/text()[normalize-space(.)='Cambiar estado']/parent::*' not found
	at com.kms.katalon.core.webui.common.WebUiCommonHelper.findWebElement(WebUiCommonHelper.java:1370)
	at com.kms.katalon.core.webui.keyword.internal.WebUIAbstractKeyword.findWebElement(WebUIAbstractKeyword.groovy:27)
	at com.kms.katalon.core.webui.keyword.builtin.ClickKeyword$_click_closure1.doCall(ClickKeyword.groovy:65)
	at com.kms.katalon.core.webui.keyword.builtin.ClickKeyword$_click_closure1.call(ClickKeyword.groovy)
	at com.kms.katalon.core.webui.keyword.internal.WebUIKeywordMain.runKeyword(WebUIKeywordMain.groovy:20)
	at com.kms.katalon.core.webui.keyword.builtin.ClickKeyword.click(ClickKeyword.groovy:74)
	at com.kms.katalon.core.webui.keyword.builtin.ClickKeyword.execute(ClickKeyword.groovy:40)
	at com.kms.katalon.core.keyword.internal.KeywordExecutor.executeKeywordForPlatform(KeywordExecutor.groovy:74)
	at com.kms.katalon.core.webui.keyword.WebUiBuiltInKeywords.click(WebUiBuiltInKeywords.groovy:620)
	at com.kms.katalon.core.webui.keyword.WebUiBuiltInKeywords$click$5.call(Unknown Source)
	at Script1629930505559.run(Script1629930505559.groovy:400)
	... 13 more
)
[[ATTACHMENT|C:\\Users\\diego.rojas\\git\\Pruebas-Minimas\\Reports\\20220309_115823\\1-Tareas Principales\\20220309_115849\\1646848199860.png]]]]></system-out>
         <system-err><![CDATA[2022-03-09 12:47:58 - [TEST_CASE][FAILED] - Test Cases/1.1-Tareas Principales/1.6.6 Anulación y Legalización de viáticos: Test Cases/1.1-Tareas Principales/1.6.6 Anulación y Legalización de viáticos FAILED.
Reason:
com.kms.katalon.core.exception.StepFailedException: Unable to click on object 'Object Repository/Modulo Actos Administrativos/Modulo Viáticos/Anulación y Legalización de viáticos/a_Cambiar estado'
	at com.kms.katalon.core.webui.keyword.internal.WebUIKeywordMain.stepFailed(WebUIKeywordMain.groovy:64)
	at com.kms.katalon.core.webui.keyword.internal.WebUIKeywordMain.runKeyword(WebUIKeywordMain.groovy:26)
	at com.kms.katalon.core.webui.keyword.builtin.ClickKeyword.click(ClickKeyword.groovy:74)
	at com.kms.katalon.core.webui.keyword.builtin.ClickKeyword.execute(ClickKeyword.groovy:40)
	at com.kms.katalon.core.keyword.internal.KeywordExecutor.executeKeywordForPlatform(KeywordExecutor.groovy:74)
	at com.kms.katalon.core.webui.keyword.WebUiBuiltInKeywords.click(WebUiBuiltInKeywords.groovy:620)
	at com.kms.katalon.core.webui.keyword.WebUiBuiltInKeywords$click$5.call(Unknown Source)
	at 1.6.6 Anulación y Legalización de viáticos.run(1.6.6 Anulación y Legalización de viáticos:400)
	at com.kms.katalon.core.main.ScriptEngine.run(ScriptEngine.java:194)
	at com.kms.katalon.core.main.ScriptEngine.runScriptAsRawText(ScriptEngine.java:119)
	at com.kms.katalon.core.main.TestCaseExecutor.runScript(TestCaseExecutor.java:442)
	at com.kms.katalon.core.main.TestCaseExecutor.doExecute(TestCaseExecutor.java:433)
	at com.kms.katalon.core.main.TestCaseExecutor.processExecutionPhase(TestCaseExecutor.java:412)
	at com.kms.katalon.core.main.TestCaseExecutor.accessMainPhase(TestCaseExecutor.java:404)
	at com.kms.katalon.core.main.TestCaseExecutor.execute(TestCaseExecutor.java:281)
	at com.kms.katalon.core.main.TestSuiteExecutor.accessTestCaseMainPhase(TestSuiteExecutor.java:202)
	at com.kms.katalon.core.main.TestSuiteExecutor.accessTestSuiteMainPhase(TestSuiteExecutor.java:164)
	at com.kms.katalon.core.main.TestSuiteExecutor.execute(TestSuiteExecutor.java:105)
	at com.kms.katalon.core.main.TestCaseMain.startTestSuite(TestCaseMain.java:185)
	at com.kms.katalon.core.main.TestCaseMain$startTestSuite$0.call(Unknown Source)
	at TempTestSuite1646845129657.run(TempTestSuite1646845129657.groovy:36)
Caused by: com.kms.katalon.core.webui.exception.WebElementNotFoundException: Web element with id: 'Object Repository/Modulo Actos Administrativos/Modulo Viáticos/Anulación y Legalización de viáticos/a_Cambiar estado' located by '//*/text()[normalize-space(.)='Cambiar estado']/parent::*' not found
	at com.kms.katalon.core.webui.common.WebUiCommonHelper.findWebElement(WebUiCommonHelper.java:1370)
	at com.kms.katalon.core.webui.keyword.internal.WebUIAbstractKeyword.findWebElement(WebUIAbstractKeyword.groovy:27)
	at com.kms.katalon.core.webui.keyword.builtin.ClickKeyword$_click_closure1.doCall(ClickKeyword.groovy:65)
	at com.kms.katalon.core.webui.keyword.builtin.ClickKeyword$_click_closure1.call(ClickKeyword.groovy)
	at com.kms.katalon.core.webui.keyword.internal.WebUIKeywordMain.runKeyword(WebUIKeywordMain.groovy:20)
	... 19 more]]></system-err>
      </testcase>
      <testcase name="Test Cases/1.1-Tareas Principales/1.6.7 Modificar retroactivos viáticos" time="22.176" classname="Test Cases/1.1-Tareas Principales/1.6.7 Modificar retroactivos viáticos" status="PASSED">
         <system-out><![CDATA[2022-03-09 12:50:00 - [TEST_CASE][PASSED] - Test Cases/1.1-Tareas Principales/1.6.7 Modificar retroactivos viáticos: Test Cases/1.1-Tareas Principales/1.6.7 Modificar retroactivos viáticos

2022-03-09 12:50:00 - [TEST_STEP][PASSED] - callTestCase(findTestCase("0.1-Login"), [:], STOP_ON_FAILURE): Call Test Case 'Test Cases/0.1-Login' successfully

2022-03-09 12:50:00 - [TEST_CASE][PASSED] - Test Cases/0.1-Login: Test Cases/0.1-Login

2022-03-09 12:50:00 - [TEST_STEP][PASSED] - openBrowser(""): Browser is opened with url: ''

2022-03-09 12:50:01 - [MESSAGE][WARNING] - A browser is already opened. Closing browser and opening a new one

2022-03-09 12:50:02 - [MESSAGE][INFO] - Starting 'Chrome' driver

2022-03-09 12:50:02 - [MESSAGE][INFO] - Action delay is set to 0 milliseconds

2022-03-09 12:50:04 - [MESSAGE][PASSED] - Browser is opened with url: ''

2022-03-09 12:50:04 - [TEST_STEP][PASSED] - maximizeWindow(): Current window maximized

2022-03-09 12:50:04 - [MESSAGE][PASSED] - Current window maximized

2022-03-09 12:50:04 - [TEST_STEP][PASSED] - i = G_Login: null

2022-03-09 12:50:04 - [TEST_STEP][PASSED] - url = new java.net.URL(i): null

2022-03-09 12:50:04 - [TEST_STEP][PASSED] - println("URL: " + url.toString()): null

2022-03-09 12:50:04 - [TEST_STEP][PASSED] - connection = url.openConnection(): null

2022-03-09 12:50:04 - [TEST_STEP][PASSED] - connection.setRequestMethod("GET"): null

2022-03-09 12:50:04 - [TEST_STEP][PASSED] - connection.setReadTimeout(2 * 1000): null

2022-03-09 12:50:04 - [TEST_STEP][PASSED] - try: null

2022-03-09 12:50:04 - [TEST_STEP][PASSED] - connection.connect(): null

2022-03-09 12:50:04 - [TEST_STEP][PASSED] - flag = connected: null

2022-03-09 12:50:04 - [TEST_STEP][PASSED] - println("Valor_ori: " + flag): null

2022-03-09 12:50:04 - [TEST_STEP][PASSED] - if (flag): null

2022-03-09 12:50:04 - [TEST_STEP][PASSED] - navigateToUrl(i): Navigate to 'http://192.168.2.80:8380/saraweb' successfully

2022-03-09 12:50:05 - [MESSAGE][PASSED] - Navigate to 'http://192.168.2.80:8380/saraweb' successfully

2022-03-09 12:50:05 - [TEST_STEP][PASSED] - a(): null

2022-03-09 12:50:05 - [TEST_STEP][PASSED] - setText(findTestObject("Login/input_USUARIO_loginusuario"), G_Usuario): Text 'saraadmin' is set on object 'Object Repository/Login/input_USUARIO_loginusuario'

2022-03-09 12:50:06 - [MESSAGE][PASSED] - Text 'saraadmin' is set on object 'Object Repository/Login/input_USUARIO_loginusuario'

2022-03-09 12:50:06 - [TEST_STEP][PASSED] - setEncryptedText(findTestObject("Login/input_CLAVE_loginpassword"), "MkG4/TYiCFC3cb2driP7+Q=="): Text ****** has been set on object 'Object Repository/Login/input_CLAVE_loginpassword'

2022-03-09 12:50:06 - [MESSAGE][PASSED] - Text ****** has been set on object 'Object Repository/Login/input_CLAVE_loginpassword'

2022-03-09 12:50:06 - [TEST_STEP][PASSED] - waitForElementClickable(findTestObject("Login/a_Ingresar"), G_TimeOut): Object 'Object Repository/Login/a_Ingresar' is clickable

2022-03-09 12:50:07 - [MESSAGE][PASSED] - Object 'Object Repository/Login/a_Ingresar' is clickable

2022-03-09 12:50:07 - [TEST_STEP][PASSED] - click(findTestObject("Login/a_Ingresar")): Object: 'Object Repository/Login/a_Ingresar' is clicked on

2022-03-09 12:50:08 - [MESSAGE][PASSED] - Object: 'Object Repository/Login/a_Ingresar' is clicked on

2022-03-09 12:50:08 - [TEST_STEP][PASSED] - element = findWebElement(findTestObject("Login/a_Ir"), 30): null

2022-03-09 12:50:09 - [TEST_STEP][PASSED] - executeJavaScript("arguments[0].click()", Arrays.asList(element)): Execute JavaScript 'arguments[0].click()' successfully

2022-03-09 12:50:09 - [MESSAGE][PASSED] - Execute JavaScript 'arguments[0].click()' successfully

2022-03-09 12:50:09 - [MESSAGE][PASSED] - Call Test Case 'Test Cases/0.1-Login' successfully

2022-03-09 12:50:09 - [TEST_STEP][PASSED] - waitForElementClickable(findTestObject("Modulo Actos Administrativos/Modulo Viáticos/Anulación y Legalización de viáticos/input_ADMINISTRADOR DEL SISTEMA - SARA_form_templatej_idt24_input"), 0): Object 'Object Repository/Modulo Actos Administrativos/Modulo Viáticos/Anulación y Legalización de viáticos/input_ADMINISTRADOR DEL SISTEMA - SARA_form_templatej_idt24_input' is clickable

2022-03-09 12:50:09 - [MESSAGE][WARNING] - Timeout '0' is invalid. Using default page load timeout: '30'

2022-03-09 12:50:10 - [MESSAGE][PASSED] - Object 'Object Repository/Modulo Actos Administrativos/Modulo Viáticos/Anulación y Legalización de viáticos/input_ADMINISTRADOR DEL SISTEMA - SARA_form_templatej_idt24_input' is clickable

2022-03-09 12:50:10 - [TEST_STEP][PASSED] - setText(findTestObject("Modulo Actos Administrativos/Modulo Viáticos/Anulación y Legalización de viáticos/input_ADMINISTRADOR DEL SISTEMA - SARA_form_templatej_idt24_input"), "listado de viaticos"): Text 'listado de viaticos' is set on object 'Object Repository/Modulo Actos Administrativos/Modulo Viáticos/Anulación y Legalización de viáticos/input_ADMINISTRADOR DEL SISTEMA - SARA_form_templatej_idt24_input'

2022-03-09 12:50:11 - [MESSAGE][PASSED] - Text 'listado de viaticos' is set on object 'Object Repository/Modulo Actos Administrativos/Modulo Viáticos/Anulación y Legalización de viáticos/input_ADMINISTRADOR DEL SISTEMA - SARA_form_templatej_idt24_input'

2022-03-09 12:50:11 - [TEST_STEP][PASSED] - waitForElementClickable(findTestObject("Modulo Actos Administrativos/Modulo Viáticos/Anulación y Legalización de viáticos/li_Listado de Viaticos (act)"), 0): Object 'Object Repository/Modulo Actos Administrativos/Modulo Viáticos/Anulación y Legalización de viáticos/li_Listado de Viaticos (act)' is clickable

2022-03-09 12:50:11 - [MESSAGE][WARNING] - Timeout '0' is invalid. Using default page load timeout: '30'

2022-03-09 12:50:12 - [MESSAGE][PASSED] - Object 'Object Repository/Modulo Actos Administrativos/Modulo Viáticos/Anulación y Legalización de viáticos/li_Listado de Viaticos (act)' is clickable

2022-03-09 12:50:12 - [TEST_STEP][PASSED] - sendKeys(findTestObject("Modulo Actos Administrativos/Modulo Viáticos/Anulación y Legalización de viáticos/input_ADMINISTRADOR DEL SISTEMA - SARA_form_templatej_idt24_input"), Keys.chord(ENTER)): Keys 'ENTER + ' sent to object: 'Object Repository/Modulo Actos Administrativos/Modulo Viáticos/Anulación y Legalización de viáticos/input_ADMINISTRADOR DEL SISTEMA - SARA_form_templatej_idt24_input'

2022-03-09 12:50:13 - [MESSAGE][PASSED] - Keys 'ENTER + ' sent to object: 'Object Repository/Modulo Actos Administrativos/Modulo Viáticos/Anulación y Legalización de viáticos/input_ADMINISTRADOR DEL SISTEMA - SARA_form_templatej_idt24_input'

2022-03-09 12:50:13 - [TEST_STEP][PASSED] - waitForElementClickable(findTestObject("Modulo Actos Administrativos/Modulo Viáticos/Modificar retroactivos/a_Listado Viticos_cerrar_menu"), 0): Object 'Object Repository/Modulo Actos Administrativos/Modulo Viáticos/Modificar retroactivos/a_Listado Viticos_cerrar_menu' is clickable

2022-03-09 12:50:13 - [MESSAGE][WARNING] - Timeout '0' is invalid. Using default page load timeout: '30'

2022-03-09 12:50:14 - [MESSAGE][PASSED] - Object 'Object Repository/Modulo Actos Administrativos/Modulo Viáticos/Modificar retroactivos/a_Listado Viticos_cerrar_menu' is clickable

2022-03-09 12:50:14 - [TEST_STEP][PASSED] - click(findTestObject("Modulo Actos Administrativos/Modulo Viáticos/Modificar retroactivos/a_Listado Viticos_cerrar_menu")): Object: 'Object Repository/Modulo Actos Administrativos/Modulo Viáticos/Modificar retroactivos/a_Listado Viticos_cerrar_menu' is clicked on

2022-03-09 12:50:14 - [MESSAGE][PASSED] - Object: 'Object Repository/Modulo Actos Administrativos/Modulo Viáticos/Modificar retroactivos/a_Listado Viticos_cerrar_menu' is clicked on

2022-03-09 12:50:14 - [TEST_STEP][PASSED] - setText(findTestObject("Modulo Actos Administrativos/Modulo Viáticos/Anulación y Legalización de viáticos/input_ADMINISTRADOR DEL SISTEMA - SARA_form_templatej_idt24_input"), "costos pendientes"): Text 'costos pendientes' is set on object 'Object Repository/Modulo Actos Administrativos/Modulo Viáticos/Anulación y Legalización de viáticos/input_ADMINISTRADOR DEL SISTEMA - SARA_form_templatej_idt24_input'

2022-03-09 12:50:16 - [MESSAGE][PASSED] - Text 'costos pendientes' is set on object 'Object Repository/Modulo Actos Administrativos/Modulo Viáticos/Anulación y Legalización de viáticos/input_ADMINISTRADOR DEL SISTEMA - SARA_form_templatej_idt24_input'

2022-03-09 12:50:16 - [TEST_STEP][PASSED] - delay(1): Delayed 1 second(s)

2022-03-09 12:50:17 - [MESSAGE][PASSED] - Delayed 1 second(s)

2022-03-09 12:50:17 - [TEST_STEP][PASSED] - sendKeys(findTestObject("Modulo Actos Administrativos/Modulo Viáticos/Anulación y Legalización de viáticos/input_ADMINISTRADOR DEL SISTEMA - SARA_form_templatej_idt24_input"), Keys.chord(ENTER)): Keys 'ENTER + ' sent to object: 'Object Repository/Modulo Actos Administrativos/Modulo Viáticos/Anulación y Legalización de viáticos/input_ADMINISTRADOR DEL SISTEMA - SARA_form_templatej_idt24_input'

2022-03-09 12:50:17 - [MESSAGE][PASSED] - Keys 'ENTER + ' sent to object: 'Object Repository/Modulo Actos Administrativos/Modulo Viáticos/Anulación y Legalización de viáticos/input_ADMINISTRADOR DEL SISTEMA - SARA_form_templatej_idt24_input'

2022-03-09 12:50:17 - [TEST_STEP][PASSED] - waitForElementClickable(findTestObject("Modulo Actos Administrativos/Modulo Viáticos/Modificar retroactivos/select_--Seleccione--Nota Reembolso"), 0): Object 'Object Repository/Modulo Actos Administrativos/Modulo Viáticos/Modificar retroactivos/select_--Seleccione--Nota Reembolso' is clickable

2022-03-09 12:50:17 - [MESSAGE][WARNING] - Timeout '0' is invalid. Using default page load timeout: '30'

2022-03-09 12:50:18 - [MESSAGE][PASSED] - Object 'Object Repository/Modulo Actos Administrativos/Modulo Viáticos/Modificar retroactivos/select_--Seleccione--Nota Reembolso' is clickable

2022-03-09 12:50:18 - [TEST_STEP][PASSED] - selectOptionByIndex(findTestObject("Modulo Actos Administrativos/Modulo Viáticos/Modificar retroactivos/select_--Seleccione--Nota Reembolso"), "2"): All options with index in [2] are selected on object 'Object Repository/Modulo Actos Administrativos/Modulo Viáticos/Modificar retroactivos/select_--Seleccione--Nota Reembolso'

2022-03-09 12:50:19 - [MESSAGE][PASSED] - All options with index in [2] are selected on object 'Object Repository/Modulo Actos Administrativos/Modulo Viáticos/Modificar retroactivos/select_--Seleccione--Nota Reembolso'

2022-03-09 12:50:19 - [TEST_STEP][PASSED] - if (waitForElementClickable(findTestObject("Modulo Actos Administrativos/Modulo Viáticos/Modificar retroactivos/td_QUINTERO 5 EMPLEADO"), 1)): null

2022-03-09 12:50:20 - [MESSAGE][PASSED] - Object 'Object Repository/Modulo Actos Administrativos/Modulo Viáticos/Modificar retroactivos/td_QUINTERO 5 EMPLEADO' is clickable

2022-03-09 12:50:20 - [TEST_STEP][PASSED] - click(findTestObject("Modulo Actos Administrativos/Modulo Viáticos/Modificar retroactivos/td_QUINTERO 5 EMPLEADO")): Object: 'Object Repository/Modulo Actos Administrativos/Modulo Viáticos/Modificar retroactivos/td_QUINTERO 5 EMPLEADO' is clicked on

2022-03-09 12:50:20 - [MESSAGE][PASSED] - Object: 'Object Repository/Modulo Actos Administrativos/Modulo Viáticos/Modificar retroactivos/td_QUINTERO 5 EMPLEADO' is clicked on

2022-03-09 12:50:20 - [TEST_STEP][PASSED] - click(findTestObject("Modulo Actos Administrativos/Modulo Viáticos/Modificar retroactivos/a_Aplicar Reembolso")): Object: 'Object Repository/Modulo Actos Administrativos/Modulo Viáticos/Modificar retroactivos/a_Aplicar Reembolso' is clicked on

2022-03-09 12:50:21 - [MESSAGE][PASSED] - Object: 'Object Repository/Modulo Actos Administrativos/Modulo Viáticos/Modificar retroactivos/a_Aplicar Reembolso' is clicked on

2022-03-09 12:50:21 - [TEST_STEP][PASSED] - closeBrowser(): Browser is closed

2022-03-09 12:50:22 - [MESSAGE][PASSED] - Browser is closed]]></system-out>
         <system-err><![CDATA[]]></system-err>
      </testcase>
      <testcase name="Test Cases/1.1-Tareas Principales/1.6.8 Guardar retroactivo de viáticos" time="34.875" classname="Test Cases/1.1-Tareas Principales/1.6.8 Guardar retroactivo de viáticos" status="PASSED">
         <system-out><![CDATA[2022-03-09 12:50:22 - [TEST_CASE][PASSED] - Test Cases/1.1-Tareas Principales/1.6.8 Guardar retroactivo de viáticos: Test Cases/1.1-Tareas Principales/1.6.8 Guardar retroactivo de viáticos

2022-03-09 12:50:22 - [TEST_STEP][PASSED] - callTestCase(findTestCase("0.1-Login"), [:], STOP_ON_FAILURE): Call Test Case 'Test Cases/0.1-Login' successfully

2022-03-09 12:50:22 - [TEST_CASE][PASSED] - Test Cases/0.1-Login: Test Cases/0.1-Login

2022-03-09 12:50:22 - [TEST_STEP][PASSED] - openBrowser(""): Browser is opened with url: ''

2022-03-09 12:50:22 - [MESSAGE][INFO] - Starting 'Chrome' driver

2022-03-09 12:50:22 - [MESSAGE][INFO] - Action delay is set to 0 milliseconds

2022-03-09 12:50:24 - [MESSAGE][PASSED] - Browser is opened with url: ''

2022-03-09 12:50:24 - [TEST_STEP][PASSED] - maximizeWindow(): Current window maximized

2022-03-09 12:50:24 - [MESSAGE][PASSED] - Current window maximized

2022-03-09 12:50:24 - [TEST_STEP][PASSED] - i = G_Login: null

2022-03-09 12:50:24 - [TEST_STEP][PASSED] - url = new java.net.URL(i): null

2022-03-09 12:50:24 - [TEST_STEP][PASSED] - println("URL: " + url.toString()): null

2022-03-09 12:50:24 - [TEST_STEP][PASSED] - connection = url.openConnection(): null

2022-03-09 12:50:24 - [TEST_STEP][PASSED] - connection.setRequestMethod("GET"): null

2022-03-09 12:50:24 - [TEST_STEP][PASSED] - connection.setReadTimeout(2 * 1000): null

2022-03-09 12:50:24 - [TEST_STEP][PASSED] - try: null

2022-03-09 12:50:24 - [TEST_STEP][PASSED] - connection.connect(): null

2022-03-09 12:50:24 - [TEST_STEP][PASSED] - flag = connected: null

2022-03-09 12:50:24 - [TEST_STEP][PASSED] - println("Valor_ori: " + flag): null

2022-03-09 12:50:24 - [TEST_STEP][PASSED] - if (flag): null

2022-03-09 12:50:24 - [TEST_STEP][PASSED] - navigateToUrl(i): Navigate to 'http://192.168.2.80:8380/saraweb' successfully

2022-03-09 12:50:25 - [MESSAGE][PASSED] - Navigate to 'http://192.168.2.80:8380/saraweb' successfully

2022-03-09 12:50:25 - [TEST_STEP][PASSED] - a(): null

2022-03-09 12:50:25 - [TEST_STEP][PASSED] - setText(findTestObject("Login/input_USUARIO_loginusuario"), G_Usuario): Text 'saraadmin' is set on object 'Object Repository/Login/input_USUARIO_loginusuario'

2022-03-09 12:50:26 - [MESSAGE][PASSED] - Text 'saraadmin' is set on object 'Object Repository/Login/input_USUARIO_loginusuario'

2022-03-09 12:50:26 - [TEST_STEP][PASSED] - setEncryptedText(findTestObject("Login/input_CLAVE_loginpassword"), "MkG4/TYiCFC3cb2driP7+Q=="): Text ****** has been set on object 'Object Repository/Login/input_CLAVE_loginpassword'

2022-03-09 12:50:27 - [MESSAGE][PASSED] - Text ****** has been set on object 'Object Repository/Login/input_CLAVE_loginpassword'

2022-03-09 12:50:27 - [TEST_STEP][PASSED] - waitForElementClickable(findTestObject("Login/a_Ingresar"), G_TimeOut): Object 'Object Repository/Login/a_Ingresar' is clickable

2022-03-09 12:50:27 - [MESSAGE][PASSED] - Object 'Object Repository/Login/a_Ingresar' is clickable

2022-03-09 12:50:27 - [TEST_STEP][PASSED] - click(findTestObject("Login/a_Ingresar")): Object: 'Object Repository/Login/a_Ingresar' is clicked on

2022-03-09 12:50:29 - [MESSAGE][PASSED] - Object: 'Object Repository/Login/a_Ingresar' is clicked on

2022-03-09 12:50:29 - [TEST_STEP][PASSED] - element = findWebElement(findTestObject("Login/a_Ir"), 30): null

2022-03-09 12:50:30 - [TEST_STEP][PASSED] - executeJavaScript("arguments[0].click()", Arrays.asList(element)): Execute JavaScript 'arguments[0].click()' successfully

2022-03-09 12:50:30 - [MESSAGE][PASSED] - Execute JavaScript 'arguments[0].click()' successfully

2022-03-09 12:50:30 - [MESSAGE][PASSED] - Call Test Case 'Test Cases/0.1-Login' successfully

2022-03-09 12:50:30 - [TEST_STEP][PASSED] - waitForElementClickable(findTestObject("Modulo Actos Administrativos/Modulo Viáticos/Guardar retroactivo de viáticos/input_ADMINISTRADOR DEL SISTEMA - SARA_form_templatej_idt24_input"), 0): Object 'Object Repository/Modulo Actos Administrativos/Modulo Viáticos/Guardar retroactivo de viáticos/input_ADMINISTRADOR DEL SISTEMA - SARA_form_templatej_idt24_input' is clickable

2022-03-09 12:50:30 - [MESSAGE][WARNING] - Timeout '0' is invalid. Using default page load timeout: '30'

2022-03-09 12:50:31 - [MESSAGE][PASSED] - Object 'Object Repository/Modulo Actos Administrativos/Modulo Viáticos/Guardar retroactivo de viáticos/input_ADMINISTRADOR DEL SISTEMA - SARA_form_templatej_idt24_input' is clickable

2022-03-09 12:50:31 - [TEST_STEP][PASSED] - setText(findTestObject("Modulo Actos Administrativos/Modulo Viáticos/Guardar retroactivo de viáticos/input_ADMINISTRADOR DEL SISTEMA - SARA_form_templatej_idt24_input"), "listado de viaticos"): Text 'listado de viaticos' is set on object 'Object Repository/Modulo Actos Administrativos/Modulo Viáticos/Guardar retroactivo de viáticos/input_ADMINISTRADOR DEL SISTEMA - SARA_form_templatej_idt24_input'

2022-03-09 12:50:33 - [MESSAGE][PASSED] - Text 'listado de viaticos' is set on object 'Object Repository/Modulo Actos Administrativos/Modulo Viáticos/Guardar retroactivo de viáticos/input_ADMINISTRADOR DEL SISTEMA - SARA_form_templatej_idt24_input'

2022-03-09 12:50:33 - [TEST_STEP][PASSED] - waitForElementClickable(findTestObject("Modulo Actos Administrativos/Modulo Viáticos/Guardar retroactivo de viáticos/li_Listado de Viaticos (act)"), 0): Object 'Object Repository/Modulo Actos Administrativos/Modulo Viáticos/Guardar retroactivo de viáticos/li_Listado de Viaticos (act)' is clickable

2022-03-09 12:50:33 - [MESSAGE][WARNING] - Timeout '0' is invalid. Using default page load timeout: '30'

2022-03-09 12:50:34 - [MESSAGE][PASSED] - Object 'Object Repository/Modulo Actos Administrativos/Modulo Viáticos/Guardar retroactivo de viáticos/li_Listado de Viaticos (act)' is clickable

2022-03-09 12:50:34 - [TEST_STEP][PASSED] - sendKeys(findTestObject("Modulo Actos Administrativos/Modulo Viáticos/Guardar retroactivo de viáticos/input_ADMINISTRADOR DEL SISTEMA - SARA_form_templatej_idt24_input"), Keys.chord(ENTER)): Keys 'ENTER + ' sent to object: 'Object Repository/Modulo Actos Administrativos/Modulo Viáticos/Guardar retroactivo de viáticos/input_ADMINISTRADOR DEL SISTEMA - SARA_form_templatej_idt24_input'

2022-03-09 12:50:35 - [MESSAGE][PASSED] - Keys 'ENTER + ' sent to object: 'Object Repository/Modulo Actos Administrativos/Modulo Viáticos/Guardar retroactivo de viáticos/input_ADMINISTRADOR DEL SISTEMA - SARA_form_templatej_idt24_input'

2022-03-09 12:50:35 - [TEST_STEP][PASSED] - waitForElementClickable(findTestObject("Modulo Actos Administrativos/Modulo Viáticos/Guardar retroactivo de viáticos/a_Listado Costos Pendientes_cerrar_menu_guardar"), 0): Object 'Object Repository/Modulo Actos Administrativos/Modulo Viáticos/Guardar retroactivo de viáticos/a_Listado Costos Pendientes_cerrar_menu_guardar' is clickable

2022-03-09 12:50:35 - [MESSAGE][WARNING] - Timeout '0' is invalid. Using default page load timeout: '30'

2022-03-09 12:50:36 - [MESSAGE][PASSED] - Object 'Object Repository/Modulo Actos Administrativos/Modulo Viáticos/Guardar retroactivo de viáticos/a_Listado Costos Pendientes_cerrar_menu_guardar' is clickable

2022-03-09 12:50:36 - [TEST_STEP][PASSED] - click(findTestObject("Modulo Actos Administrativos/Modulo Viáticos/Guardar retroactivo de viáticos/a_Listado Costos Pendientes_cerrar_menu_guardar")): Object: 'Object Repository/Modulo Actos Administrativos/Modulo Viáticos/Guardar retroactivo de viáticos/a_Listado Costos Pendientes_cerrar_menu_guardar' is clicked on

2022-03-09 12:50:37 - [MESSAGE][PASSED] - Object: 'Object Repository/Modulo Actos Administrativos/Modulo Viáticos/Guardar retroactivo de viáticos/a_Listado Costos Pendientes_cerrar_menu_guardar' is clicked on

2022-03-09 12:50:37 - [TEST_STEP][PASSED] - setText(findTestObject("Modulo Actos Administrativos/Modulo Viáticos/Guardar retroactivo de viáticos/input_ADMINISTRADOR DEL SISTEMA - SARA_form_templatej_idt24_input"), "Retroactivo viaticos"): Text 'Retroactivo viaticos' is set on object 'Object Repository/Modulo Actos Administrativos/Modulo Viáticos/Guardar retroactivo de viáticos/input_ADMINISTRADOR DEL SISTEMA - SARA_form_templatej_idt24_input'

2022-03-09 12:50:38 - [MESSAGE][PASSED] - Text 'Retroactivo viaticos' is set on object 'Object Repository/Modulo Actos Administrativos/Modulo Viáticos/Guardar retroactivo de viáticos/input_ADMINISTRADOR DEL SISTEMA - SARA_form_templatej_idt24_input'

2022-03-09 12:50:38 - [TEST_STEP][PASSED] - delay(1): Delayed 1 second(s)

2022-03-09 12:50:39 - [MESSAGE][PASSED] - Delayed 1 second(s)

2022-03-09 12:50:39 - [TEST_STEP][PASSED] - sendKeys(findTestObject("Modulo Actos Administrativos/Modulo Viáticos/Guardar retroactivo de viáticos/input_ADMINISTRADOR DEL SISTEMA - SARA_form_templatej_idt24_input"), Keys.chord(ENTER)): Keys 'ENTER + ' sent to object: 'Object Repository/Modulo Actos Administrativos/Modulo Viáticos/Guardar retroactivo de viáticos/input_ADMINISTRADOR DEL SISTEMA - SARA_form_templatej_idt24_input'

2022-03-09 12:50:39 - [MESSAGE][PASSED] - Keys 'ENTER + ' sent to object: 'Object Repository/Modulo Actos Administrativos/Modulo Viáticos/Guardar retroactivo de viáticos/input_ADMINISTRADOR DEL SISTEMA - SARA_form_templatej_idt24_input'

2022-03-09 12:50:39 - [TEST_STEP][PASSED] - waitForElementClickable(findTestObject("Modulo Actos Administrativos/Modulo Viáticos/Guardar retroactivo de viáticos/a_Nuevo_Guardar"), 0): Object 'Object Repository/Modulo Actos Administrativos/Modulo Viáticos/Guardar retroactivo de viáticos/a_Nuevo_Guardar' is clickable

2022-03-09 12:50:39 - [MESSAGE][WARNING] - Timeout '0' is invalid. Using default page load timeout: '30'

2022-03-09 12:50:40 - [MESSAGE][PASSED] - Object 'Object Repository/Modulo Actos Administrativos/Modulo Viáticos/Guardar retroactivo de viáticos/a_Nuevo_Guardar' is clickable

2022-03-09 12:50:40 - [TEST_STEP][PASSED] - click(findTestObject("Modulo Actos Administrativos/Modulo Viáticos/Guardar retroactivo de viáticos/a_Nuevo_Guardar")): Object: 'Object Repository/Modulo Actos Administrativos/Modulo Viáticos/Guardar retroactivo de viáticos/a_Nuevo_Guardar' is clicked on

2022-03-09 12:50:41 - [MESSAGE][PASSED] - Object: 'Object Repository/Modulo Actos Administrativos/Modulo Viáticos/Guardar retroactivo de viáticos/a_Nuevo_Guardar' is clicked on

2022-03-09 12:50:41 - [TEST_STEP][PASSED] - waitForElementClickable(findTestObject("Modulo Actos Administrativos/Modulo Viáticos/Guardar retroactivo de viáticos/input_Aplicacin_Guardar"), 0): Object 'Object Repository/Modulo Actos Administrativos/Modulo Viáticos/Guardar retroactivo de viáticos/input_Aplicacin_Guardar' is clickable

2022-03-09 12:50:41 - [MESSAGE][WARNING] - Timeout '0' is invalid. Using default page load timeout: '30'

2022-03-09 12:50:41 - [MESSAGE][PASSED] - Object 'Object Repository/Modulo Actos Administrativos/Modulo Viáticos/Guardar retroactivo de viáticos/input_Aplicacin_Guardar' is clickable

2022-03-09 12:50:41 - [TEST_STEP][PASSED] - setText(findTestObject("Modulo Actos Administrativos/Modulo Viáticos/Guardar retroactivo de viáticos/input_Aplicacin_Guardar"), "01/07/2021"): Text '01/07/2021' is set on object 'Object Repository/Modulo Actos Administrativos/Modulo Viáticos/Guardar retroactivo de viáticos/input_Aplicacin_Guardar'

2022-03-09 12:50:42 - [MESSAGE][PASSED] - Text '01/07/2021' is set on object 'Object Repository/Modulo Actos Administrativos/Modulo Viáticos/Guardar retroactivo de viáticos/input_Aplicacin_Guardar'

2022-03-09 12:50:42 - [TEST_STEP][PASSED] - setText(findTestObject("Modulo Actos Administrativos/Modulo Viáticos/Guardar retroactivo de viáticos/input_Desde_Guardar"), "01/07/2021"): Text '01/07/2021' is set on object 'Object Repository/Modulo Actos Administrativos/Modulo Viáticos/Guardar retroactivo de viáticos/input_Desde_Guardar'

2022-03-09 12:50:44 - [MESSAGE][PASSED] - Text '01/07/2021' is set on object 'Object Repository/Modulo Actos Administrativos/Modulo Viáticos/Guardar retroactivo de viáticos/input_Desde_Guardar'

2022-03-09 12:50:44 - [TEST_STEP][PASSED] - setText(findTestObject("Modulo Actos Administrativos/Modulo Viáticos/Guardar retroactivo de viáticos/input_Hasta_Guardar"), "01/07/2021"): Text '01/07/2021' is set on object 'Object Repository/Modulo Actos Administrativos/Modulo Viáticos/Guardar retroactivo de viáticos/input_Hasta_Guardar'

2022-03-09 12:50:45 - [MESSAGE][PASSED] - Text '01/07/2021' is set on object 'Object Repository/Modulo Actos Administrativos/Modulo Viáticos/Guardar retroactivo de viáticos/input_Hasta_Guardar'

2022-03-09 12:50:45 - [TEST_STEP][PASSED] - setText(findTestObject("Modulo Actos Administrativos/Modulo Viáticos/Guardar retroactivo de viáticos/input_Descripcin_Guardar"), "prueba"): Text 'prueba' is set on object 'Object Repository/Modulo Actos Administrativos/Modulo Viáticos/Guardar retroactivo de viáticos/input_Descripcin_Guardar'

2022-03-09 12:50:46 - [MESSAGE][PASSED] - Text 'prueba' is set on object 'Object Repository/Modulo Actos Administrativos/Modulo Viáticos/Guardar retroactivo de viáticos/input_Descripcin_Guardar'

2022-03-09 12:50:46 - [TEST_STEP][PASSED] - click(findTestObject("Modulo Actos Administrativos/Modulo Viáticos/Guardar retroactivo de viáticos/a_Guardar_guardar")): Object: 'Object Repository/Modulo Actos Administrativos/Modulo Viáticos/Guardar retroactivo de viáticos/a_Guardar_guardar' is clicked on

2022-03-09 12:50:46 - [MESSAGE][PASSED] - Object: 'Object Repository/Modulo Actos Administrativos/Modulo Viáticos/Guardar retroactivo de viáticos/a_Guardar_guardar' is clicked on

2022-03-09 12:50:46 - [TEST_STEP][PASSED] - waitForElementClickable(findTestObject("Modulo Actos Administrativos/Modulo Viáticos/Guardar retroactivo de viáticos/a_Liquidacin_Guardar"), 0): Object 'Object Repository/Modulo Actos Administrativos/Modulo Viáticos/Guardar retroactivo de viáticos/a_Liquidacin_Guardar' is clickable

2022-03-09 12:50:46 - [MESSAGE][WARNING] - Timeout '0' is invalid. Using default page load timeout: '30'

2022-03-09 12:50:47 - [MESSAGE][PASSED] - Object 'Object Repository/Modulo Actos Administrativos/Modulo Viáticos/Guardar retroactivo de viáticos/a_Liquidacin_Guardar' is clickable

2022-03-09 12:50:47 - [TEST_STEP][PASSED] - click(findTestObject("Modulo Actos Administrativos/Modulo Viáticos/Guardar retroactivo de viáticos/a_Liquidacin_Guardar")): Object: 'Object Repository/Modulo Actos Administrativos/Modulo Viáticos/Guardar retroactivo de viáticos/a_Liquidacin_Guardar' is clicked on

2022-03-09 12:50:47 - [MESSAGE][PASSED] - Object: 'Object Repository/Modulo Actos Administrativos/Modulo Viáticos/Guardar retroactivo de viáticos/a_Liquidacin_Guardar' is clicked on

2022-03-09 12:50:47 - [TEST_STEP][PASSED] - click(findTestObject("Modulo Actos Administrativos/Modulo Viáticos/Guardar retroactivo de viáticos/span_Si_Guardar")): Object: 'Object Repository/Modulo Actos Administrativos/Modulo Viáticos/Guardar retroactivo de viáticos/span_Si_Guardar' is clicked on

2022-03-09 12:50:48 - [MESSAGE][PASSED] - Object: 'Object Repository/Modulo Actos Administrativos/Modulo Viáticos/Guardar retroactivo de viáticos/span_Si_Guardar' is clicked on

2022-03-09 12:50:48 - [TEST_STEP][PASSED] - waitForElementClickable(findTestObject("Modulo Actos Administrativos/Modulo Viáticos/Guardar retroactivo de viáticos/a_Regresar_guardar"), 0): Object 'Object Repository/Modulo Actos Administrativos/Modulo Viáticos/Guardar retroactivo de viáticos/a_Regresar_guardar' is clickable

2022-03-09 12:50:48 - [MESSAGE][WARNING] - Timeout '0' is invalid. Using default page load timeout: '30'

2022-03-09 12:50:49 - [MESSAGE][PASSED] - Object 'Object Repository/Modulo Actos Administrativos/Modulo Viáticos/Guardar retroactivo de viáticos/a_Regresar_guardar' is clickable

2022-03-09 12:50:49 - [TEST_STEP][PASSED] - click(findTestObject("Modulo Actos Administrativos/Modulo Viáticos/Guardar retroactivo de viáticos/a_Regresar_guardar")): Object: 'Object Repository/Modulo Actos Administrativos/Modulo Viáticos/Guardar retroactivo de viáticos/a_Regresar_guardar' is clicked on

2022-03-09 12:50:49 - [MESSAGE][PASSED] - Object: 'Object Repository/Modulo Actos Administrativos/Modulo Viáticos/Guardar retroactivo de viáticos/a_Regresar_guardar' is clicked on

2022-03-09 12:50:49 - [TEST_STEP][PASSED] - waitForElementClickable(findTestObject("Modulo Actos Administrativos/Modulo Viáticos/Guardar retroactivo de viáticos/span_01072021"), 0): Object 'Object Repository/Modulo Actos Administrativos/Modulo Viáticos/Guardar retroactivo de viáticos/span_01072021' is clickable

2022-03-09 12:50:49 - [MESSAGE][WARNING] - Timeout '0' is invalid. Using default page load timeout: '30'

2022-03-09 12:50:50 - [MESSAGE][PASSED] - Object 'Object Repository/Modulo Actos Administrativos/Modulo Viáticos/Guardar retroactivo de viáticos/span_01072021' is clickable

2022-03-09 12:50:50 - [TEST_STEP][PASSED] - click(findTestObject("Modulo Actos Administrativos/Modulo Viáticos/Guardar retroactivo de viáticos/span_01072021")): Object: 'Object Repository/Modulo Actos Administrativos/Modulo Viáticos/Guardar retroactivo de viáticos/span_01072021' is clicked on

2022-03-09 12:50:50 - [MESSAGE][PASSED] - Object: 'Object Repository/Modulo Actos Administrativos/Modulo Viáticos/Guardar retroactivo de viáticos/span_01072021' is clicked on

2022-03-09 12:50:50 - [TEST_STEP][PASSED] - waitForElementClickable(findTestObject("Modulo Actos Administrativos/Modulo Viáticos/Guardar retroactivo de viáticos/a_Cerrar Proceso"), 0): Object 'Object Repository/Modulo Actos Administrativos/Modulo Viáticos/Guardar retroactivo de viáticos/a_Cerrar Proceso' is clickable

2022-03-09 12:50:50 - [MESSAGE][WARNING] - Timeout '0' is invalid. Using default page load timeout: '30'

2022-03-09 12:50:51 - [MESSAGE][PASSED] - Object 'Object Repository/Modulo Actos Administrativos/Modulo Viáticos/Guardar retroactivo de viáticos/a_Cerrar Proceso' is clickable

2022-03-09 12:50:51 - [TEST_STEP][PASSED] - click(findTestObject("Modulo Actos Administrativos/Modulo Viáticos/Guardar retroactivo de viáticos/a_Cerrar Proceso")): Object: 'Object Repository/Modulo Actos Administrativos/Modulo Viáticos/Guardar retroactivo de viáticos/a_Cerrar Proceso' is clicked on

2022-03-09 12:50:51 - [MESSAGE][PASSED] - Object: 'Object Repository/Modulo Actos Administrativos/Modulo Viáticos/Guardar retroactivo de viáticos/a_Cerrar Proceso' is clicked on

2022-03-09 12:50:51 - [TEST_STEP][PASSED] - click(findTestObject("Modulo Actos Administrativos/Modulo Viáticos/Guardar retroactivo de viáticos/span_Si_cerrar proceso")): Object: 'Object Repository/Modulo Actos Administrativos/Modulo Viáticos/Guardar retroactivo de viáticos/span_Si_cerrar proceso' is clicked on

2022-03-09 12:50:52 - [MESSAGE][PASSED] - Object: 'Object Repository/Modulo Actos Administrativos/Modulo Viáticos/Guardar retroactivo de viáticos/span_Si_cerrar proceso' is clicked on

2022-03-09 12:50:52 - [TEST_STEP][PASSED] - click(findTestObject("Modulo Actos Administrativos/Modulo Viáticos/Guardar retroactivo de viáticos/a_Regresar_guardar")): Object: 'Object Repository/Modulo Actos Administrativos/Modulo Viáticos/Guardar retroactivo de viáticos/a_Regresar_guardar' is clicked on

2022-03-09 12:50:53 - [MESSAGE][PASSED] - Object: 'Object Repository/Modulo Actos Administrativos/Modulo Viáticos/Guardar retroactivo de viáticos/a_Regresar_guardar' is clicked on

2022-03-09 12:50:53 - [TEST_STEP][PASSED] - waitForElementClickable(findTestObject("Modulo Actos Administrativos/Modulo Viáticos/Guardar retroactivo de viáticos/span_01072021"), 0): Object 'Object Repository/Modulo Actos Administrativos/Modulo Viáticos/Guardar retroactivo de viáticos/span_01072021' is clickable

2022-03-09 12:50:53 - [MESSAGE][WARNING] - Timeout '0' is invalid. Using default page load timeout: '30'

2022-03-09 12:50:53 - [MESSAGE][PASSED] - Object 'Object Repository/Modulo Actos Administrativos/Modulo Viáticos/Guardar retroactivo de viáticos/span_01072021' is clickable

2022-03-09 12:50:53 - [TEST_STEP][PASSED] - click(findTestObject("Modulo Actos Administrativos/Modulo Viáticos/Guardar retroactivo de viáticos/span_01072021")): Object: 'Object Repository/Modulo Actos Administrativos/Modulo Viáticos/Guardar retroactivo de viáticos/span_01072021' is clicked on

2022-03-09 12:50:54 - [MESSAGE][PASSED] - Object: 'Object Repository/Modulo Actos Administrativos/Modulo Viáticos/Guardar retroactivo de viáticos/span_01072021' is clicked on

2022-03-09 12:50:54 - [TEST_STEP][PASSED] - waitForElementClickable(findTestObject("Modulo Actos Administrativos/Modulo Viáticos/Guardar retroactivo de viáticos/a_Reversar_retroactivo"), 0): Object 'Object Repository/Modulo Actos Administrativos/Modulo Viáticos/Guardar retroactivo de viáticos/a_Reversar_retroactivo' is clickable

2022-03-09 12:50:54 - [MESSAGE][WARNING] - Timeout '0' is invalid. Using default page load timeout: '30'

2022-03-09 12:50:54 - [MESSAGE][PASSED] - Object 'Object Repository/Modulo Actos Administrativos/Modulo Viáticos/Guardar retroactivo de viáticos/a_Reversar_retroactivo' is clickable

2022-03-09 12:50:54 - [TEST_STEP][PASSED] - click(findTestObject("Modulo Actos Administrativos/Modulo Viáticos/Guardar retroactivo de viáticos/a_Reversar_retroactivo")): Object: 'Object Repository/Modulo Actos Administrativos/Modulo Viáticos/Guardar retroactivo de viáticos/a_Reversar_retroactivo' is clicked on

2022-03-09 12:50:55 - [MESSAGE][PASSED] - Object: 'Object Repository/Modulo Actos Administrativos/Modulo Viáticos/Guardar retroactivo de viáticos/a_Reversar_retroactivo' is clicked on

2022-03-09 12:50:55 - [TEST_STEP][PASSED] - waitForElementClickable(findTestObject("Modulo Actos Administrativos/Modulo Viáticos/Guardar retroactivo de viáticos/span_Si_reversar"), 0): Object 'Object Repository/Modulo Actos Administrativos/Modulo Viáticos/Guardar retroactivo de viáticos/span_Si_reversar' is clickable

2022-03-09 12:50:55 - [MESSAGE][WARNING] - Timeout '0' is invalid. Using default page load timeout: '30'

2022-03-09 12:50:55 - [MESSAGE][PASSED] - Object 'Object Repository/Modulo Actos Administrativos/Modulo Viáticos/Guardar retroactivo de viáticos/span_Si_reversar' is clickable

2022-03-09 12:50:55 - [TEST_STEP][PASSED] - click(findTestObject("Modulo Actos Administrativos/Modulo Viáticos/Guardar retroactivo de viáticos/span_Si_reversar")): Object: 'Object Repository/Modulo Actos Administrativos/Modulo Viáticos/Guardar retroactivo de viáticos/span_Si_reversar' is clicked on

2022-03-09 12:50:56 - [MESSAGE][PASSED] - Object: 'Object Repository/Modulo Actos Administrativos/Modulo Viáticos/Guardar retroactivo de viáticos/span_Si_reversar' is clicked on

2022-03-09 12:50:56 - [TEST_STEP][PASSED] - closeBrowser(): Browser is closed

2022-03-09 12:50:57 - [MESSAGE][PASSED] - Browser is closed]]></system-out>
         <system-err><![CDATA[]]></system-err>
      </testcase>
      <testcase name="Test Cases/1.1-Tareas Principales/1.6.9 Reporte Entidades Liquidadas Viáticos" time="31.783" classname="Test Cases/1.1-Tareas Principales/1.6.9 Reporte Entidades Liquidadas Viáticos" status="PASSED">
         <system-out><![CDATA[2022-03-09 12:50:57 - [TEST_CASE][PASSED] - Test Cases/1.1-Tareas Principales/1.6.9 Reporte Entidades Liquidadas Viáticos: Test Cases/1.1-Tareas Principales/1.6.9 Reporte Entidades Liquidadas Viáticos

2022-03-09 12:50:57 - [TEST_STEP][PASSED] - callTestCase(findTestCase("0.1-Login"), [:], STOP_ON_FAILURE): Call Test Case 'Test Cases/0.1-Login' successfully

2022-03-09 12:50:57 - [TEST_CASE][PASSED] - Test Cases/0.1-Login: Test Cases/0.1-Login

2022-03-09 12:50:57 - [TEST_STEP][PASSED] - openBrowser(""): Browser is opened with url: ''

2022-03-09 12:50:57 - [MESSAGE][INFO] - Starting 'Chrome' driver

2022-03-09 12:50:58 - [MESSAGE][INFO] - Action delay is set to 0 milliseconds

2022-03-09 12:50:59 - [MESSAGE][PASSED] - Browser is opened with url: ''

2022-03-09 12:50:59 - [TEST_STEP][PASSED] - maximizeWindow(): Current window maximized

2022-03-09 12:50:59 - [MESSAGE][PASSED] - Current window maximized

2022-03-09 12:50:59 - [TEST_STEP][PASSED] - i = G_Login: null

2022-03-09 12:50:59 - [TEST_STEP][PASSED] - url = new java.net.URL(i): null

2022-03-09 12:50:59 - [TEST_STEP][PASSED] - println("URL: " + url.toString()): null

2022-03-09 12:50:59 - [TEST_STEP][PASSED] - connection = url.openConnection(): null

2022-03-09 12:50:59 - [TEST_STEP][PASSED] - connection.setRequestMethod("GET"): null

2022-03-09 12:50:59 - [TEST_STEP][PASSED] - connection.setReadTimeout(2 * 1000): null

2022-03-09 12:50:59 - [TEST_STEP][PASSED] - try: null

2022-03-09 12:50:59 - [TEST_STEP][PASSED] - connection.connect(): null

2022-03-09 12:50:59 - [TEST_STEP][PASSED] - flag = connected: null

2022-03-09 12:50:59 - [TEST_STEP][PASSED] - println("Valor_ori: " + flag): null

2022-03-09 12:50:59 - [TEST_STEP][PASSED] - if (flag): null

2022-03-09 12:50:59 - [TEST_STEP][PASSED] - navigateToUrl(i): Navigate to 'http://192.168.2.80:8380/saraweb' successfully

2022-03-09 12:51:00 - [MESSAGE][PASSED] - Navigate to 'http://192.168.2.80:8380/saraweb' successfully

2022-03-09 12:51:00 - [TEST_STEP][PASSED] - a(): null

2022-03-09 12:51:00 - [TEST_STEP][PASSED] - setText(findTestObject("Login/input_USUARIO_loginusuario"), G_Usuario): Text 'saraadmin' is set on object 'Object Repository/Login/input_USUARIO_loginusuario'

2022-03-09 12:51:01 - [MESSAGE][PASSED] - Text 'saraadmin' is set on object 'Object Repository/Login/input_USUARIO_loginusuario'

2022-03-09 12:51:01 - [TEST_STEP][PASSED] - setEncryptedText(findTestObject("Login/input_CLAVE_loginpassword"), "MkG4/TYiCFC3cb2driP7+Q=="): Text ****** has been set on object 'Object Repository/Login/input_CLAVE_loginpassword'

2022-03-09 12:51:02 - [MESSAGE][PASSED] - Text ****** has been set on object 'Object Repository/Login/input_CLAVE_loginpassword'

2022-03-09 12:51:02 - [TEST_STEP][PASSED] - waitForElementClickable(findTestObject("Login/a_Ingresar"), G_TimeOut): Object 'Object Repository/Login/a_Ingresar' is clickable

2022-03-09 12:51:02 - [MESSAGE][PASSED] - Object 'Object Repository/Login/a_Ingresar' is clickable

2022-03-09 12:51:02 - [TEST_STEP][PASSED] - click(findTestObject("Login/a_Ingresar")): Object: 'Object Repository/Login/a_Ingresar' is clicked on

2022-03-09 12:51:04 - [MESSAGE][PASSED] - Object: 'Object Repository/Login/a_Ingresar' is clicked on

2022-03-09 12:51:04 - [TEST_STEP][PASSED] - element = findWebElement(findTestObject("Login/a_Ir"), 30): null

2022-03-09 12:51:04 - [TEST_STEP][PASSED] - executeJavaScript("arguments[0].click()", Arrays.asList(element)): Execute JavaScript 'arguments[0].click()' successfully

2022-03-09 12:51:04 - [MESSAGE][PASSED] - Execute JavaScript 'arguments[0].click()' successfully

2022-03-09 12:51:04 - [MESSAGE][PASSED] - Call Test Case 'Test Cases/0.1-Login' successfully

2022-03-09 12:51:04 - [TEST_STEP][PASSED] - waitForElementClickable(findTestObject("Modulo Actos Administrativos/Modulo Viáticos/Reporte Entidades Liquidadas/input_ADMINISTRADOR DEL SISTEMA - SARA_form_templatej_idt24_input"), 0): Object 'Object Repository/Modulo Actos Administrativos/Modulo Viáticos/Reporte Entidades Liquidadas/input_ADMINISTRADOR DEL SISTEMA - SARA_form_templatej_idt24_input' is clickable

2022-03-09 12:51:04 - [MESSAGE][WARNING] - Timeout '0' is invalid. Using default page load timeout: '30'

2022-03-09 12:51:05 - [MESSAGE][PASSED] - Object 'Object Repository/Modulo Actos Administrativos/Modulo Viáticos/Reporte Entidades Liquidadas/input_ADMINISTRADOR DEL SISTEMA - SARA_form_templatej_idt24_input' is clickable

2022-03-09 12:51:05 - [TEST_STEP][PASSED] - setText(findTestObject("Modulo Actos Administrativos/Modulo Viáticos/Reporte Entidades Liquidadas/input_ADMINISTRADOR DEL SISTEMA - SARA_form_templatej_idt24_input"), "generacion Entidad Pago Viaticos"): Text 'generacion Entidad Pago Viaticos' is set on object 'Object Repository/Modulo Actos Administrativos/Modulo Viáticos/Reporte Entidades Liquidadas/input_ADMINISTRADOR DEL SISTEMA - SARA_form_templatej_idt24_input'

2022-03-09 12:51:06 - [MESSAGE][PASSED] - Text 'generacion Entidad Pago Viaticos' is set on object 'Object Repository/Modulo Actos Administrativos/Modulo Viáticos/Reporte Entidades Liquidadas/input_ADMINISTRADOR DEL SISTEMA - SARA_form_templatej_idt24_input'

2022-03-09 12:51:06 - [TEST_STEP][PASSED] - waitForElementClickable(findTestObject("Modulo Actos Administrativos/Modulo Viáticos/Reporte Entidades Liquidadas/li_Listado de Viaticos (act)"), 0): Object 'Object Repository/Modulo Actos Administrativos/Modulo Viáticos/Reporte Entidades Liquidadas/li_Listado de Viaticos (act)' is clickable

2022-03-09 12:51:06 - [MESSAGE][WARNING] - Timeout '0' is invalid. Using default page load timeout: '30'

2022-03-09 12:51:08 - [MESSAGE][PASSED] - Object 'Object Repository/Modulo Actos Administrativos/Modulo Viáticos/Reporte Entidades Liquidadas/li_Listado de Viaticos (act)' is clickable

2022-03-09 12:51:08 - [TEST_STEP][PASSED] - sendKeys(findTestObject("Modulo Actos Administrativos/Modulo Viáticos/Reporte Entidades Liquidadas/input_ADMINISTRADOR DEL SISTEMA - SARA_form_templatej_idt24_input"), Keys.chord(ENTER)): Keys 'ENTER + ' sent to object: 'Object Repository/Modulo Actos Administrativos/Modulo Viáticos/Reporte Entidades Liquidadas/input_ADMINISTRADOR DEL SISTEMA - SARA_form_templatej_idt24_input'

2022-03-09 12:51:08 - [MESSAGE][PASSED] - Keys 'ENTER + ' sent to object: 'Object Repository/Modulo Actos Administrativos/Modulo Viáticos/Reporte Entidades Liquidadas/input_ADMINISTRADOR DEL SISTEMA - SARA_form_templatej_idt24_input'

2022-03-09 12:51:08 - [TEST_STEP][PASSED] - click(findTestObject("Modulo Actos Administrativos/Modulo Viáticos/Reporte Entidades Liquidadas/a_Traer")): Object: 'Object Repository/Modulo Actos Administrativos/Modulo Viáticos/Reporte Entidades Liquidadas/a_Traer' is clicked on

2022-03-09 12:51:10 - [MESSAGE][PASSED] - Object: 'Object Repository/Modulo Actos Administrativos/Modulo Viáticos/Reporte Entidades Liquidadas/a_Traer' is clicked on

2022-03-09 12:51:10 - [TEST_STEP][PASSED] - waitForElementClickable(findTestObject("Modulo Actos Administrativos/Modulo Viáticos/Reporte Entidades Liquidadas/label_Viaticos2"), 0): Object 'Object Repository/Modulo Actos Administrativos/Modulo Viáticos/Reporte Entidades Liquidadas/label_Viaticos2' is clickable

2022-03-09 12:51:10 - [MESSAGE][WARNING] - Timeout '0' is invalid. Using default page load timeout: '30'

2022-03-09 12:51:10 - [MESSAGE][PASSED] - Object 'Object Repository/Modulo Actos Administrativos/Modulo Viáticos/Reporte Entidades Liquidadas/label_Viaticos2' is clickable

2022-03-09 12:51:10 - [TEST_STEP][PASSED] - click(findTestObject("Modulo Actos Administrativos/Modulo Viáticos/Reporte Entidades Liquidadas/label_Viaticos2")): Object: 'Object Repository/Modulo Actos Administrativos/Modulo Viáticos/Reporte Entidades Liquidadas/label_Viaticos2' is clicked on

2022-03-09 12:51:11 - [MESSAGE][PASSED] - Object: 'Object Repository/Modulo Actos Administrativos/Modulo Viáticos/Reporte Entidades Liquidadas/label_Viaticos2' is clicked on

2022-03-09 12:51:11 - [TEST_STEP][PASSED] - setText(findTestObject("Modulo Actos Administrativos/Modulo Viáticos/Reporte Entidades Liquidadas/input_Fecha_form_viaticos2"), "01/07/2021"): Text '01/07/2021' is set on object 'Object Repository/Modulo Actos Administrativos/Modulo Viáticos/Reporte Entidades Liquidadas/input_Fecha_form_viaticos2'

2022-03-09 12:51:12 - [MESSAGE][PASSED] - Text '01/07/2021' is set on object 'Object Repository/Modulo Actos Administrativos/Modulo Viáticos/Reporte Entidades Liquidadas/input_Fecha_form_viaticos2'

2022-03-09 12:51:12 - [TEST_STEP][PASSED] - click(findTestObject("Modulo Actos Administrativos/Modulo Viáticos/Reporte Entidades Liquidadas/a_Aplicar_viaticos2")): Object: 'Object Repository/Modulo Actos Administrativos/Modulo Viáticos/Reporte Entidades Liquidadas/a_Aplicar_viaticos2' is clicked on

2022-03-09 12:51:13 - [MESSAGE][PASSED] - Object: 'Object Repository/Modulo Actos Administrativos/Modulo Viáticos/Reporte Entidades Liquidadas/a_Aplicar_viaticos2' is clicked on

2022-03-09 12:51:13 - [TEST_STEP][PASSED] - waitForElementClickable(findTestObject("Modulo Actos Administrativos/Modulo Viáticos/Reporte Entidades Liquidadas/span_Medicina Prepagada Colsanitas"), 0): Object 'Object Repository/Modulo Actos Administrativos/Modulo Viáticos/Reporte Entidades Liquidadas/span_Medicina Prepagada Colsanitas' is clickable

2022-03-09 12:51:13 - [MESSAGE][WARNING] - Timeout '0' is invalid. Using default page load timeout: '30'

2022-03-09 12:51:13 - [MESSAGE][PASSED] - Object 'Object Repository/Modulo Actos Administrativos/Modulo Viáticos/Reporte Entidades Liquidadas/span_Medicina Prepagada Colsanitas' is clickable

2022-03-09 12:51:13 - [TEST_STEP][PASSED] - click(findTestObject("Modulo Actos Administrativos/Modulo Viáticos/Reporte Entidades Liquidadas/div_Sucursal_ui-chkbox-box ui-widget ui-corner-all ui-state-default")): Object: 'Object Repository/Modulo Actos Administrativos/Modulo Viáticos/Reporte Entidades Liquidadas/div_Sucursal_ui-chkbox-box ui-widget ui-corner-all ui-state-default' is clicked on

2022-03-09 12:51:14 - [MESSAGE][PASSED] - Object: 'Object Repository/Modulo Actos Administrativos/Modulo Viáticos/Reporte Entidades Liquidadas/div_Sucursal_ui-chkbox-box ui-widget ui-corner-all ui-state-default' is clicked on

2022-03-09 12:51:14 - [TEST_STEP][PASSED] - click(findTestObject("Modulo Actos Administrativos/Modulo Viáticos/Reporte Entidades Liquidadas/a_Liquidar")): Object: 'Object Repository/Modulo Actos Administrativos/Modulo Viáticos/Reporte Entidades Liquidadas/a_Liquidar' is clicked on

2022-03-09 12:51:15 - [MESSAGE][PASSED] - Object: 'Object Repository/Modulo Actos Administrativos/Modulo Viáticos/Reporte Entidades Liquidadas/a_Liquidar' is clicked on

2022-03-09 12:51:15 - [TEST_STEP][PASSED] - waitForElementClickable(findTestObject("Modulo Actos Administrativos/Modulo Viáticos/Reporte Entidades Liquidadas/a_Aceptar_Liquidar"), 0): Object 'Object Repository/Modulo Actos Administrativos/Modulo Viáticos/Reporte Entidades Liquidadas/a_Aceptar_Liquidar' is clickable

2022-03-09 12:51:15 - [MESSAGE][WARNING] - Timeout '0' is invalid. Using default page load timeout: '30'

2022-03-09 12:51:15 - [MESSAGE][PASSED] - Object 'Object Repository/Modulo Actos Administrativos/Modulo Viáticos/Reporte Entidades Liquidadas/a_Aceptar_Liquidar' is clickable

2022-03-09 12:51:15 - [TEST_STEP][PASSED] - click(findTestObject("Modulo Actos Administrativos/Modulo Viáticos/Reporte Entidades Liquidadas/a_Aceptar_Liquidar")): Object: 'Object Repository/Modulo Actos Administrativos/Modulo Viáticos/Reporte Entidades Liquidadas/a_Aceptar_Liquidar' is clicked on

2022-03-09 12:51:16 - [MESSAGE][PASSED] - Object: 'Object Repository/Modulo Actos Administrativos/Modulo Viáticos/Reporte Entidades Liquidadas/a_Aceptar_Liquidar' is clicked on

2022-03-09 12:51:16 - [TEST_STEP][PASSED] - waitForElementClickable(findTestObject("Modulo Actos Administrativos/Modulo Viáticos/Reporte Entidades Liquidadas/a_Continuar"), 0): Object 'Object Repository/Modulo Actos Administrativos/Modulo Viáticos/Reporte Entidades Liquidadas/a_Continuar' is clickable

2022-03-09 12:51:16 - [MESSAGE][WARNING] - Timeout '0' is invalid. Using default page load timeout: '30'

2022-03-09 12:51:20 - [MESSAGE][PASSED] - Object 'Object Repository/Modulo Actos Administrativos/Modulo Viáticos/Reporte Entidades Liquidadas/a_Continuar' is clickable

2022-03-09 12:51:20 - [TEST_STEP][PASSED] - click(findTestObject("Modulo Actos Administrativos/Modulo Viáticos/Reporte Entidades Liquidadas/a_Continuar")): Object: 'Object Repository/Modulo Actos Administrativos/Modulo Viáticos/Reporte Entidades Liquidadas/a_Continuar' is clicked on

2022-03-09 12:51:20 - [MESSAGE][PASSED] - Object: 'Object Repository/Modulo Actos Administrativos/Modulo Viáticos/Reporte Entidades Liquidadas/a_Continuar' is clicked on

2022-03-09 12:51:20 - [TEST_STEP][PASSED] - waitForElementClickable(findTestObject("Modulo Actos Administrativos/Modulo Viáticos/Reporte Entidades Liquidadas/a_Imprimir"), 0): Object 'Object Repository/Modulo Actos Administrativos/Modulo Viáticos/Reporte Entidades Liquidadas/a_Imprimir' is clickable

2022-03-09 12:51:20 - [MESSAGE][WARNING] - Timeout '0' is invalid. Using default page load timeout: '30'

2022-03-09 12:51:21 - [MESSAGE][PASSED] - Object 'Object Repository/Modulo Actos Administrativos/Modulo Viáticos/Reporte Entidades Liquidadas/a_Imprimir' is clickable

2022-03-09 12:51:21 - [TEST_STEP][PASSED] - click(findTestObject("Modulo Actos Administrativos/Modulo Viáticos/Reporte Entidades Liquidadas/a_Imprimir")): Object: 'Object Repository/Modulo Actos Administrativos/Modulo Viáticos/Reporte Entidades Liquidadas/a_Imprimir' is clicked on

2022-03-09 12:51:21 - [MESSAGE][PASSED] - Object: 'Object Repository/Modulo Actos Administrativos/Modulo Viáticos/Reporte Entidades Liquidadas/a_Imprimir' is clicked on

2022-03-09 12:51:21 - [TEST_STEP][PASSED] - waitForElementClickable(findTestObject("Modulo Actos Administrativos/Modulo Viáticos/Reporte Entidades Liquidadas/label_Csv_informe"), 0): Object 'Object Repository/Modulo Actos Administrativos/Modulo Viáticos/Reporte Entidades Liquidadas/label_Csv_informe' is clickable

2022-03-09 12:51:21 - [MESSAGE][WARNING] - Timeout '0' is invalid. Using default page load timeout: '30'

2022-03-09 12:51:22 - [MESSAGE][PASSED] - Object 'Object Repository/Modulo Actos Administrativos/Modulo Viáticos/Reporte Entidades Liquidadas/label_Csv_informe' is clickable

2022-03-09 12:51:22 - [TEST_STEP][PASSED] - click(findTestObject("Modulo Actos Administrativos/Modulo Viáticos/Reporte Entidades Liquidadas/label_Csv_informe")): Object: 'Object Repository/Modulo Actos Administrativos/Modulo Viáticos/Reporte Entidades Liquidadas/label_Csv_informe' is clicked on

2022-03-09 12:51:23 - [MESSAGE][PASSED] - Object: 'Object Repository/Modulo Actos Administrativos/Modulo Viáticos/Reporte Entidades Liquidadas/label_Csv_informe' is clicked on

2022-03-09 12:51:23 - [TEST_STEP][PASSED] - waitForElementClickable(findTestObject("Modulo Actos Administrativos/Modulo Viáticos/Reporte Entidades Liquidadas/a_Generar_Reporte"), 0): Object 'Object Repository/Modulo Actos Administrativos/Modulo Viáticos/Reporte Entidades Liquidadas/a_Generar_Reporte' is clickable

2022-03-09 12:51:23 - [MESSAGE][WARNING] - Timeout '0' is invalid. Using default page load timeout: '30'

2022-03-09 12:51:23 - [MESSAGE][PASSED] - Object 'Object Repository/Modulo Actos Administrativos/Modulo Viáticos/Reporte Entidades Liquidadas/a_Generar_Reporte' is clickable

2022-03-09 12:51:23 - [TEST_STEP][PASSED] - click(findTestObject("Modulo Actos Administrativos/Modulo Viáticos/Reporte Entidades Liquidadas/a_Generar_Reporte")): Object: 'Object Repository/Modulo Actos Administrativos/Modulo Viáticos/Reporte Entidades Liquidadas/a_Generar_Reporte' is clicked on

2022-03-09 12:51:24 - [MESSAGE][PASSED] - Object: 'Object Repository/Modulo Actos Administrativos/Modulo Viáticos/Reporte Entidades Liquidadas/a_Generar_Reporte' is clicked on

2022-03-09 12:51:24 - [TEST_STEP][PASSED] - click(findTestObject("Modulo Actos Administrativos/Modulo Viáticos/Reporte Entidades Liquidadas/a_Descargar_reporte medicina prepagada colsanitas")): Object: 'Object Repository/Modulo Actos Administrativos/Modulo Viáticos/Reporte Entidades Liquidadas/a_Descargar_reporte medicina prepagada colsanitas' is clicked on

2022-03-09 12:51:24 - [MESSAGE][PASSED] - Object: 'Object Repository/Modulo Actos Administrativos/Modulo Viáticos/Reporte Entidades Liquidadas/a_Descargar_reporte medicina prepagada colsanitas' is clicked on

2022-03-09 12:51:24 - [TEST_STEP][PASSED] - waitForElementClickable(findTestObject("Modulo Actos Administrativos/Modulo Viáticos/Reporte Entidades Liquidadas/span_Fecha_ui-icon ui-icon-closethick"), 0): Object 'Object Repository/Modulo Actos Administrativos/Modulo Viáticos/Reporte Entidades Liquidadas/span_Fecha_ui-icon ui-icon-closethick' is clickable

2022-03-09 12:51:24 - [MESSAGE][WARNING] - Timeout '0' is invalid. Using default page load timeout: '30'

2022-03-09 12:51:25 - [MESSAGE][PASSED] - Object 'Object Repository/Modulo Actos Administrativos/Modulo Viáticos/Reporte Entidades Liquidadas/span_Fecha_ui-icon ui-icon-closethick' is clickable

2022-03-09 12:51:25 - [TEST_STEP][PASSED] - click(findTestObject("Modulo Actos Administrativos/Modulo Viáticos/Reporte Entidades Liquidadas/span_Fecha_ui-icon ui-icon-closethick")): Object: 'Object Repository/Modulo Actos Administrativos/Modulo Viáticos/Reporte Entidades Liquidadas/span_Fecha_ui-icon ui-icon-closethick' is clicked on

2022-03-09 12:51:25 - [MESSAGE][PASSED] - Object: 'Object Repository/Modulo Actos Administrativos/Modulo Viáticos/Reporte Entidades Liquidadas/span_Fecha_ui-icon ui-icon-closethick' is clicked on

2022-03-09 12:51:25 - [TEST_STEP][PASSED] - click(findTestObject("Modulo Actos Administrativos/Modulo Viáticos/Reporte Entidades Liquidadas/a_Reversar_viaticos")): Object: 'Object Repository/Modulo Actos Administrativos/Modulo Viáticos/Reporte Entidades Liquidadas/a_Reversar_viaticos' is clicked on

2022-03-09 12:51:26 - [MESSAGE][PASSED] - Object: 'Object Repository/Modulo Actos Administrativos/Modulo Viáticos/Reporte Entidades Liquidadas/a_Reversar_viaticos' is clicked on

2022-03-09 12:51:26 - [TEST_STEP][PASSED] - click(findTestObject("Modulo Actos Administrativos/Modulo Viáticos/Reporte Entidades Liquidadas/a_Aceptar_viaticos")): Object: 'Object Repository/Modulo Actos Administrativos/Modulo Viáticos/Reporte Entidades Liquidadas/a_Aceptar_viaticos' is clicked on

2022-03-09 12:51:27 - [MESSAGE][PASSED] - Object: 'Object Repository/Modulo Actos Administrativos/Modulo Viáticos/Reporte Entidades Liquidadas/a_Aceptar_viaticos' is clicked on

2022-03-09 12:51:27 - [TEST_STEP][PASSED] - getText(findTestObject("Alerta/Alerta")): Text of object 'Object Repository/Alerta/Alerta' is: 'Reversión Satisfactoria'

2022-03-09 12:51:28 - [MESSAGE][PASSED] - Text of object 'Object Repository/Alerta/Alerta' is: 'Reversión Satisfactoria']]></system-out>
         <system-err><![CDATA[]]></system-err>
      </testcase>
      <testcase name="Test Cases/1.1-Tareas Principales/1.6.4 Derrogacion Viático" time="32.114" classname="Test Cases/1.1-Tareas Principales/1.6.4 Derrogacion Viático" status="PASSED">
         <system-out><![CDATA[2022-03-09 12:51:28 - [TEST_CASE][PASSED] - Test Cases/1.1-Tareas Principales/1.6.4 Derrogacion Viático: Test Cases/1.1-Tareas Principales/1.6.4 Derrogacion Viático

2022-03-09 12:51:29 - [TEST_STEP][PASSED] - callTestCase(findTestCase("0.1-Login"), [:], STOP_ON_FAILURE): Call Test Case 'Test Cases/0.1-Login' successfully

2022-03-09 12:51:29 - [TEST_CASE][PASSED] - Test Cases/0.1-Login: Test Cases/0.1-Login

2022-03-09 12:51:29 - [TEST_STEP][PASSED] - openBrowser(""): Browser is opened with url: ''

2022-03-09 12:51:29 - [MESSAGE][WARNING] - A browser is already opened. Closing browser and opening a new one

2022-03-09 12:51:30 - [MESSAGE][INFO] - Starting 'Chrome' driver

2022-03-09 12:51:30 - [MESSAGE][INFO] - Action delay is set to 0 milliseconds

2022-03-09 12:51:32 - [MESSAGE][PASSED] - Browser is opened with url: ''

2022-03-09 12:51:32 - [TEST_STEP][PASSED] - maximizeWindow(): Current window maximized

2022-03-09 12:51:32 - [MESSAGE][PASSED] - Current window maximized

2022-03-09 12:51:32 - [TEST_STEP][PASSED] - i = G_Login: null

2022-03-09 12:51:32 - [TEST_STEP][PASSED] - url = new java.net.URL(i): null

2022-03-09 12:51:32 - [TEST_STEP][PASSED] - println("URL: " + url.toString()): null

2022-03-09 12:51:32 - [TEST_STEP][PASSED] - connection = url.openConnection(): null

2022-03-09 12:51:32 - [TEST_STEP][PASSED] - connection.setRequestMethod("GET"): null

2022-03-09 12:51:32 - [TEST_STEP][PASSED] - connection.setReadTimeout(2 * 1000): null

2022-03-09 12:51:32 - [TEST_STEP][PASSED] - try: null

2022-03-09 12:51:32 - [TEST_STEP][PASSED] - connection.connect(): null

2022-03-09 12:51:32 - [TEST_STEP][PASSED] - flag = connected: null

2022-03-09 12:51:32 - [TEST_STEP][PASSED] - println("Valor_ori: " + flag): null

2022-03-09 12:51:32 - [TEST_STEP][PASSED] - if (flag): null

2022-03-09 12:51:32 - [TEST_STEP][PASSED] - navigateToUrl(i): Navigate to 'http://192.168.2.80:8380/saraweb' successfully

2022-03-09 12:51:32 - [MESSAGE][PASSED] - Navigate to 'http://192.168.2.80:8380/saraweb' successfully

2022-03-09 12:51:32 - [TEST_STEP][PASSED] - a(): null

2022-03-09 12:51:32 - [TEST_STEP][PASSED] - setText(findTestObject("Login/input_USUARIO_loginusuario"), G_Usuario): Text 'saraadmin' is set on object 'Object Repository/Login/input_USUARIO_loginusuario'

2022-03-09 12:51:33 - [MESSAGE][PASSED] - Text 'saraadmin' is set on object 'Object Repository/Login/input_USUARIO_loginusuario'

2022-03-09 12:51:33 - [TEST_STEP][PASSED] - setEncryptedText(findTestObject("Login/input_CLAVE_loginpassword"), "MkG4/TYiCFC3cb2driP7+Q=="): Text ****** has been set on object 'Object Repository/Login/input_CLAVE_loginpassword'

2022-03-09 12:51:34 - [MESSAGE][PASSED] - Text ****** has been set on object 'Object Repository/Login/input_CLAVE_loginpassword'

2022-03-09 12:51:34 - [TEST_STEP][PASSED] - waitForElementClickable(findTestObject("Login/a_Ingresar"), G_TimeOut): Object 'Object Repository/Login/a_Ingresar' is clickable

2022-03-09 12:51:34 - [MESSAGE][PASSED] - Object 'Object Repository/Login/a_Ingresar' is clickable

2022-03-09 12:51:34 - [TEST_STEP][PASSED] - click(findTestObject("Login/a_Ingresar")): Object: 'Object Repository/Login/a_Ingresar' is clicked on

2022-03-09 12:51:35 - [MESSAGE][PASSED] - Object: 'Object Repository/Login/a_Ingresar' is clicked on

2022-03-09 12:51:35 - [TEST_STEP][PASSED] - element = findWebElement(findTestObject("Login/a_Ir"), 30): null

2022-03-09 12:51:36 - [TEST_STEP][PASSED] - executeJavaScript("arguments[0].click()", Arrays.asList(element)): Execute JavaScript 'arguments[0].click()' successfully

2022-03-09 12:51:36 - [MESSAGE][PASSED] - Execute JavaScript 'arguments[0].click()' successfully

2022-03-09 12:51:36 - [MESSAGE][PASSED] - Call Test Case 'Test Cases/0.1-Login' successfully

2022-03-09 12:51:36 - [TEST_STEP][PASSED] - waitForElementClickable(findTestObject("Modulo Actos Administrativos/Modulo Viáticos/Derrogacion viatico/input_ADMINISTRADOR DEL SISTEMA - SARA_form_templatej_idt24_input"), 0): Object 'Object Repository/Modulo Actos Administrativos/Modulo Viáticos/Derrogacion viatico/input_ADMINISTRADOR DEL SISTEMA - SARA_form_templatej_idt24_input' is clickable

2022-03-09 12:51:36 - [MESSAGE][WARNING] - Timeout '0' is invalid. Using default page load timeout: '30'

2022-03-09 12:51:37 - [MESSAGE][PASSED] - Object 'Object Repository/Modulo Actos Administrativos/Modulo Viáticos/Derrogacion viatico/input_ADMINISTRADOR DEL SISTEMA - SARA_form_templatej_idt24_input' is clickable

2022-03-09 12:51:37 - [TEST_STEP][PASSED] - setText(findTestObject("Modulo Actos Administrativos/Modulo Viáticos/Derrogacion viatico/input_ADMINISTRADOR DEL SISTEMA - SARA_form_templatej_idt24_input"), "listado de viaticos"): Text 'listado de viaticos' is set on object 'Object Repository/Modulo Actos Administrativos/Modulo Viáticos/Derrogacion viatico/input_ADMINISTRADOR DEL SISTEMA - SARA_form_templatej_idt24_input'

2022-03-09 12:51:38 - [MESSAGE][PASSED] - Text 'listado de viaticos' is set on object 'Object Repository/Modulo Actos Administrativos/Modulo Viáticos/Derrogacion viatico/input_ADMINISTRADOR DEL SISTEMA - SARA_form_templatej_idt24_input'

2022-03-09 12:51:38 - [TEST_STEP][PASSED] - waitForElementClickable(findTestObject("Modulo Actos Administrativos/Modulo Viáticos/Derrogacion viatico/li_Listado de Viaticos (act)"), 0): Object 'Object Repository/Modulo Actos Administrativos/Modulo Viáticos/Derrogacion viatico/li_Listado de Viaticos (act)' is clickable

2022-03-09 12:51:38 - [MESSAGE][WARNING] - Timeout '0' is invalid. Using default page load timeout: '30'

2022-03-09 12:51:40 - [MESSAGE][PASSED] - Object 'Object Repository/Modulo Actos Administrativos/Modulo Viáticos/Derrogacion viatico/li_Listado de Viaticos (act)' is clickable

2022-03-09 12:51:40 - [TEST_STEP][PASSED] - sendKeys(findTestObject("Modulo Actos Administrativos/Modulo Viáticos/Derrogacion viatico/input_ADMINISTRADOR DEL SISTEMA - SARA_form_templatej_idt24_input"), Keys.chord(ENTER)): Keys 'ENTER + ' sent to object: 'Object Repository/Modulo Actos Administrativos/Modulo Viáticos/Derrogacion viatico/input_ADMINISTRADOR DEL SISTEMA - SARA_form_templatej_idt24_input'

2022-03-09 12:51:40 - [MESSAGE][PASSED] - Keys 'ENTER + ' sent to object: 'Object Repository/Modulo Actos Administrativos/Modulo Viáticos/Derrogacion viatico/input_ADMINISTRADOR DEL SISTEMA - SARA_form_templatej_idt24_input'

2022-03-09 12:51:40 - [TEST_STEP][PASSED] - setText(findTestObject("Modulo Actos Administrativos/Modulo Viáticos/Crear viatico/input_Ao_form_listadoviaticosanio"), "2021"): Text '2021' is set on object 'Object Repository/Modulo Actos Administrativos/Modulo Viáticos/Crear viatico/input_Ao_form_listadoviaticosanio'

2022-03-09 12:51:42 - [MESSAGE][PASSED] - Text '2021' is set on object 'Object Repository/Modulo Actos Administrativos/Modulo Viáticos/Crear viatico/input_Ao_form_listadoviaticosanio'

2022-03-09 12:51:42 - [TEST_STEP][PASSED] - sendKeys(findTestObject("Modulo Actos Administrativos/Modulo Viáticos/Crear viatico/input_Ao_form_listadoviaticosanio"), Keys.chord(ENTER)): Keys 'ENTER + ' sent to object: 'Object Repository/Modulo Actos Administrativos/Modulo Viáticos/Crear viatico/input_Ao_form_listadoviaticosanio'

2022-03-09 12:51:43 - [MESSAGE][PASSED] - Keys 'ENTER + ' sent to object: 'Object Repository/Modulo Actos Administrativos/Modulo Viáticos/Crear viatico/input_Ao_form_listadoviaticosanio'

2022-03-09 12:51:43 - [TEST_STEP][PASSED] - click(findTestObject("Modulo Actos Administrativos/Modulo Viáticos/Derrogacion viatico/a_Nuevo")): Object: 'Object Repository/Modulo Actos Administrativos/Modulo Viáticos/Derrogacion viatico/a_Nuevo' is clicked on

2022-03-09 12:51:43 - [MESSAGE][PASSED] - Object: 'Object Repository/Modulo Actos Administrativos/Modulo Viáticos/Derrogacion viatico/a_Nuevo' is clicked on

2022-03-09 12:51:43 - [TEST_STEP][PASSED] - waitForElementClickable(findTestObject("Modulo Actos Administrativos/Modulo Viáticos/Derrogacion viatico/span_Solicita derogacin de una solicitud"), 0): Object 'Object Repository/Modulo Actos Administrativos/Modulo Viáticos/Derrogacion viatico/span_Solicita derogacin de una solicitud' is clickable

2022-03-09 12:51:43 - [MESSAGE][WARNING] - Timeout '0' is invalid. Using default page load timeout: '30'

2022-03-09 12:51:44 - [MESSAGE][PASSED] - Object 'Object Repository/Modulo Actos Administrativos/Modulo Viáticos/Derrogacion viatico/span_Solicita derogacin de una solicitud' is clickable

2022-03-09 12:51:44 - [TEST_STEP][PASSED] - click(findTestObject("Modulo Actos Administrativos/Modulo Viáticos/Derrogacion viatico/span_Solicita derogacin de una solicitud")): Object: 'Object Repository/Modulo Actos Administrativos/Modulo Viáticos/Derrogacion viatico/span_Solicita derogacin de una solicitud' is clicked on

2022-03-09 12:51:45 - [MESSAGE][PASSED] - Object: 'Object Repository/Modulo Actos Administrativos/Modulo Viáticos/Derrogacion viatico/span_Solicita derogacin de una solicitud' is clicked on

2022-03-09 12:51:45 - [TEST_STEP][PASSED] - waitForElementClickable(findTestObject("Modulo Actos Administrativos/Modulo Viáticos/Derrogacion viatico/input_Documento_form_listadoviaticosfechaViat_input"), 0): Object 'Object Repository/Modulo Actos Administrativos/Modulo Viáticos/Derrogacion viatico/input_Documento_form_listadoviaticosfechaViat_input' is clickable

2022-03-09 12:51:45 - [MESSAGE][WARNING] - Timeout '0' is invalid. Using default page load timeout: '30'

2022-03-09 12:51:46 - [MESSAGE][PASSED] - Object 'Object Repository/Modulo Actos Administrativos/Modulo Viáticos/Derrogacion viatico/input_Documento_form_listadoviaticosfechaViat_input' is clickable

2022-03-09 12:51:46 - [TEST_STEP][PASSED] - setText(findTestObject("Modulo Actos Administrativos/Modulo Viáticos/Derrogacion viatico/input_Documento_form_listadoviaticosfechaViat_input"), "01/07/2021"): Text '01/07/2021' is set on object 'Object Repository/Modulo Actos Administrativos/Modulo Viáticos/Derrogacion viatico/input_Documento_form_listadoviaticosfechaViat_input'

2022-03-09 12:51:47 - [MESSAGE][PASSED] - Text '01/07/2021' is set on object 'Object Repository/Modulo Actos Administrativos/Modulo Viáticos/Derrogacion viatico/input_Documento_form_listadoviaticosfechaViat_input'

2022-03-09 12:51:47 - [TEST_STEP][PASSED] - sendKeys(findTestObject("Modulo Actos Administrativos/Modulo Viáticos/Derrogacion viatico/input_Documento_form_listadoviaticosfechaViat_input"), Keys.chord(ENTER)): Keys 'ENTER + ' sent to object: 'Object Repository/Modulo Actos Administrativos/Modulo Viáticos/Derrogacion viatico/input_Documento_form_listadoviaticosfechaViat_input'

2022-03-09 12:51:47 - [MESSAGE][PASSED] - Keys 'ENTER + ' sent to object: 'Object Repository/Modulo Actos Administrativos/Modulo Viáticos/Derrogacion viatico/input_Documento_form_listadoviaticosfechaViat_input'

2022-03-09 12:51:47 - [TEST_STEP][PASSED] - sendKeys(findTestObject("Modulo Actos Administrativos/Modulo Viáticos/Derrogacion viatico/input_Documento_form_listadoviaticosfechaViat_input"), Keys.chord(ESCAPE)): Keys 'ESCAPE + ' sent to object: 'Object Repository/Modulo Actos Administrativos/Modulo Viáticos/Derrogacion viatico/input_Documento_form_listadoviaticosfechaViat_input'

2022-03-09 12:51:48 - [MESSAGE][PASSED] - Keys 'ESCAPE + ' sent to object: 'Object Repository/Modulo Actos Administrativos/Modulo Viáticos/Derrogacion viatico/input_Documento_form_listadoviaticosfechaViat_input'

2022-03-09 12:51:48 - [TEST_STEP][PASSED] - waitForElementClickable(findTestObject("Modulo Actos Administrativos/Modulo Viáticos/Derrogacion viatico/td_01072021"), 0): Object 'Object Repository/Modulo Actos Administrativos/Modulo Viáticos/Derrogacion viatico/td_01072021' is clickable

2022-03-09 12:51:48 - [MESSAGE][WARNING] - Timeout '0' is invalid. Using default page load timeout: '30'

2022-03-09 12:51:48 - [MESSAGE][PASSED] - Object 'Object Repository/Modulo Actos Administrativos/Modulo Viáticos/Derrogacion viatico/td_01072021' is clickable

2022-03-09 12:51:48 - [TEST_STEP][PASSED] - click(findTestObject("Modulo Actos Administrativos/Modulo Viáticos/Derrogacion viatico/td_01072021")): Object: 'Object Repository/Modulo Actos Administrativos/Modulo Viáticos/Derrogacion viatico/td_01072021' is clicked on

2022-03-09 12:51:49 - [MESSAGE][PASSED] - Object: 'Object Repository/Modulo Actos Administrativos/Modulo Viáticos/Derrogacion viatico/td_01072021' is clicked on

2022-03-09 12:51:49 - [TEST_STEP][PASSED] - setText(findTestObject("Modulo Actos Administrativos/Modulo Viáticos/Derrogacion viatico/input_Fecha_form_detalleviaticosFechaNumero_input"), "01/07/2021"): Text '01/07/2021' is set on object 'Object Repository/Modulo Actos Administrativos/Modulo Viáticos/Derrogacion viatico/input_Fecha_form_detalleviaticosFechaNumero_input'

2022-03-09 12:51:52 - [MESSAGE][PASSED] - Text '01/07/2021' is set on object 'Object Repository/Modulo Actos Administrativos/Modulo Viáticos/Derrogacion viatico/input_Fecha_form_detalleviaticosFechaNumero_input'

2022-03-09 12:51:52 - [TEST_STEP][PASSED] - setText(findTestObject("Modulo Actos Administrativos/Modulo Viáticos/Derrogacion viatico/input_Nmero_form_detalleviaticosNumero"), "5"): Text '5' is set on object 'Object Repository/Modulo Actos Administrativos/Modulo Viáticos/Derrogacion viatico/input_Nmero_form_detalleviaticosNumero'

2022-03-09 12:51:53 - [MESSAGE][PASSED] - Text '5' is set on object 'Object Repository/Modulo Actos Administrativos/Modulo Viáticos/Derrogacion viatico/input_Nmero_form_detalleviaticosNumero'

2022-03-09 12:51:53 - [TEST_STEP][PASSED] - setText(findTestObject("Modulo Actos Administrativos/Modulo Viáticos/Derrogacion viatico/textarea_prueba"), "prueba"): Text 'prueba' is set on object 'Object Repository/Modulo Actos Administrativos/Modulo Viáticos/Derrogacion viatico/textarea_prueba'

2022-03-09 12:51:54 - [MESSAGE][PASSED] - Text 'prueba' is set on object 'Object Repository/Modulo Actos Administrativos/Modulo Viáticos/Derrogacion viatico/textarea_prueba'

2022-03-09 12:51:54 - [TEST_STEP][PASSED] - click(findTestObject("a_Guardar")): Object: 'Object Repository/a_Guardar' is clicked on

2022-03-09 12:51:54 - [MESSAGE][PASSED] - Object: 'Object Repository/a_Guardar' is clicked on

2022-03-09 12:51:54 - [TEST_STEP][PASSED] - getText(findTestObject("Alerta/Alerta")): Text of object 'Object Repository/Alerta/Alerta' is: 'El viatico ha sido insertado correctamente'

2022-03-09 12:51:55 - [MESSAGE][PASSED] - Text of object 'Object Repository/Alerta/Alerta' is: 'El viatico ha sido insertado correctamente'

2022-03-09 12:51:55 - [TEST_STEP][PASSED] - closeBrowser(): Browser is closed

2022-03-09 12:52:01 - [MESSAGE][PASSED] - Browser is closed]]></system-out>
         <system-err><![CDATA[]]></system-err>
      </testcase>
      <testcase name="Test Cases/1.1-Tareas Principales/1.7.1 Crear Histórico Vacaciones" time="39.99" classname="Test Cases/1.1-Tareas Principales/1.7.1 Crear Histórico Vacaciones" status="PASSED">
         <system-out><![CDATA[2022-03-09 12:52:01 - [TEST_CASE][PASSED] - Test Cases/1.1-Tareas Principales/1.7.1 Crear Histórico Vacaciones: Test Cases/1.1-Tareas Principales/1.7.1 Crear Histórico Vacaciones

2022-03-09 12:52:01 - [TEST_STEP][PASSED] - callTestCase(findTestCase("0.1-Login"), [:], STOP_ON_FAILURE): Call Test Case 'Test Cases/0.1-Login' successfully

2022-03-09 12:52:01 - [TEST_CASE][PASSED] - Test Cases/0.1-Login: Test Cases/0.1-Login

2022-03-09 12:52:01 - [TEST_STEP][PASSED] - openBrowser(""): Browser is opened with url: ''

2022-03-09 12:52:01 - [MESSAGE][INFO] - Starting 'Chrome' driver

2022-03-09 12:52:01 - [MESSAGE][INFO] - Action delay is set to 0 milliseconds

2022-03-09 12:52:03 - [MESSAGE][PASSED] - Browser is opened with url: ''

2022-03-09 12:52:03 - [TEST_STEP][PASSED] - maximizeWindow(): Current window maximized

2022-03-09 12:52:04 - [MESSAGE][PASSED] - Current window maximized

2022-03-09 12:52:04 - [TEST_STEP][PASSED] - i = G_Login: null

2022-03-09 12:52:04 - [TEST_STEP][PASSED] - url = new java.net.URL(i): null

2022-03-09 12:52:04 - [TEST_STEP][PASSED] - println("URL: " + url.toString()): null

2022-03-09 12:52:04 - [TEST_STEP][PASSED] - connection = url.openConnection(): null

2022-03-09 12:52:04 - [TEST_STEP][PASSED] - connection.setRequestMethod("GET"): null

2022-03-09 12:52:04 - [TEST_STEP][PASSED] - connection.setReadTimeout(2 * 1000): null

2022-03-09 12:52:04 - [TEST_STEP][PASSED] - try: null

2022-03-09 12:52:04 - [TEST_STEP][PASSED] - connection.connect(): null

2022-03-09 12:52:04 - [TEST_STEP][PASSED] - flag = connected: null

2022-03-09 12:52:04 - [TEST_STEP][PASSED] - println("Valor_ori: " + flag): null

2022-03-09 12:52:04 - [TEST_STEP][PASSED] - if (flag): null

2022-03-09 12:52:04 - [TEST_STEP][PASSED] - navigateToUrl(i): Navigate to 'http://192.168.2.80:8380/saraweb' successfully

2022-03-09 12:52:04 - [MESSAGE][PASSED] - Navigate to 'http://192.168.2.80:8380/saraweb' successfully

2022-03-09 12:52:04 - [TEST_STEP][PASSED] - a(): null

2022-03-09 12:52:04 - [TEST_STEP][PASSED] - setText(findTestObject("Login/input_USUARIO_loginusuario"), G_Usuario): Text 'saraadmin' is set on object 'Object Repository/Login/input_USUARIO_loginusuario'

2022-03-09 12:52:05 - [MESSAGE][PASSED] - Text 'saraadmin' is set on object 'Object Repository/Login/input_USUARIO_loginusuario'

2022-03-09 12:52:05 - [TEST_STEP][PASSED] - setEncryptedText(findTestObject("Login/input_CLAVE_loginpassword"), "MkG4/TYiCFC3cb2driP7+Q=="): Text ****** has been set on object 'Object Repository/Login/input_CLAVE_loginpassword'

2022-03-09 12:52:05 - [MESSAGE][PASSED] - Text ****** has been set on object 'Object Repository/Login/input_CLAVE_loginpassword'

2022-03-09 12:52:05 - [TEST_STEP][PASSED] - waitForElementClickable(findTestObject("Login/a_Ingresar"), G_TimeOut): Object 'Object Repository/Login/a_Ingresar' is clickable

2022-03-09 12:52:06 - [MESSAGE][PASSED] - Object 'Object Repository/Login/a_Ingresar' is clickable

2022-03-09 12:52:06 - [TEST_STEP][PASSED] - click(findTestObject("Login/a_Ingresar")): Object: 'Object Repository/Login/a_Ingresar' is clicked on

2022-03-09 12:52:08 - [MESSAGE][PASSED] - Object: 'Object Repository/Login/a_Ingresar' is clicked on

2022-03-09 12:52:08 - [TEST_STEP][PASSED] - element = findWebElement(findTestObject("Login/a_Ir"), 30): null

2022-03-09 12:52:08 - [TEST_STEP][PASSED] - executeJavaScript("arguments[0].click()", Arrays.asList(element)): Execute JavaScript 'arguments[0].click()' successfully

2022-03-09 12:52:09 - [MESSAGE][PASSED] - Execute JavaScript 'arguments[0].click()' successfully

2022-03-09 12:52:09 - [MESSAGE][PASSED] - Call Test Case 'Test Cases/0.1-Login' successfully

2022-03-09 12:52:09 - [TEST_STEP][PASSED] - waitForElementClickable(findTestObject("Modulo Tarea Administracion Compensacion/Crear Histórico Vacaciones/input_ADMINISTRADOR DEL SISTEMA - SARA_form_templatej_idt24_input"), 0): Object 'Object Repository/Modulo Tarea Administracion Compensacion/Crear Histórico Vacaciones/input_ADMINISTRADOR DEL SISTEMA - SARA_form_templatej_idt24_input' is clickable

2022-03-09 12:52:09 - [MESSAGE][WARNING] - Timeout '0' is invalid. Using default page load timeout: '30'

2022-03-09 12:52:09 - [MESSAGE][PASSED] - Object 'Object Repository/Modulo Tarea Administracion Compensacion/Crear Histórico Vacaciones/input_ADMINISTRADOR DEL SISTEMA - SARA_form_templatej_idt24_input' is clickable

2022-03-09 12:52:09 - [TEST_STEP][PASSED] - setText(findTestObject("Modulo Tarea Administracion Compensacion/Crear Histórico Vacaciones/input_ADMINISTRADOR DEL SISTEMA - SARA_form_templatej_idt24_input"), "Listado de Empleados"): Text 'Listado de Empleados' is set on object 'Object Repository/Modulo Tarea Administracion Compensacion/Crear Histórico Vacaciones/input_ADMINISTRADOR DEL SISTEMA - SARA_form_templatej_idt24_input'

2022-03-09 12:52:11 - [MESSAGE][PASSED] - Text 'Listado de Empleados' is set on object 'Object Repository/Modulo Tarea Administracion Compensacion/Crear Histórico Vacaciones/input_ADMINISTRADOR DEL SISTEMA - SARA_form_templatej_idt24_input'

2022-03-09 12:52:11 - [TEST_STEP][PASSED] - waitForElementClickable(findTestObject("Modulo Tarea Administracion Compensacion/Crear Histórico Vacaciones/span_Listado de Empleados"), 0): Object 'Object Repository/Modulo Tarea Administracion Compensacion/Crear Histórico Vacaciones/span_Listado de Empleados' is clickable

2022-03-09 12:52:11 - [MESSAGE][WARNING] - Timeout '0' is invalid. Using default page load timeout: '30'

2022-03-09 12:52:12 - [MESSAGE][PASSED] - Object 'Object Repository/Modulo Tarea Administracion Compensacion/Crear Histórico Vacaciones/span_Listado de Empleados' is clickable

2022-03-09 12:52:12 - [TEST_STEP][PASSED] - sendKeys(findTestObject("Modulo Tarea Administracion Compensacion/Crear Histórico Vacaciones/input_ADMINISTRADOR DEL SISTEMA - SARA_form_templatej_idt24_input"), Keys.chord(ENTER)): Keys 'ENTER + ' sent to object: 'Object Repository/Modulo Tarea Administracion Compensacion/Crear Histórico Vacaciones/input_ADMINISTRADOR DEL SISTEMA - SARA_form_templatej_idt24_input'

2022-03-09 12:52:13 - [MESSAGE][PASSED] - Keys 'ENTER + ' sent to object: 'Object Repository/Modulo Tarea Administracion Compensacion/Crear Histórico Vacaciones/input_ADMINISTRADOR DEL SISTEMA - SARA_form_templatej_idt24_input'

2022-03-09 12:52:13 - [TEST_STEP][PASSED] - setText(findTestObject("Modulo Tarea Administracion Compensacion/Crear Histórico Vacaciones/input_Identificacin_1234567890"), "1234567890"): Text '1234567890' is set on object 'Object Repository/Modulo Tarea Administracion Compensacion/Crear Histórico Vacaciones/input_Identificacin_1234567890'

2022-03-09 12:52:15 - [MESSAGE][PASSED] - Text '1234567890' is set on object 'Object Repository/Modulo Tarea Administracion Compensacion/Crear Histórico Vacaciones/input_Identificacin_1234567890'

2022-03-09 12:52:15 - [TEST_STEP][PASSED] - sendKeys(findTestObject("Modulo Tarea Administracion Compensacion/Crear Histórico Vacaciones/input_Identificacin_1234567890"), Keys.chord(ENTER)): Keys 'ENTER + ' sent to object: 'Object Repository/Modulo Tarea Administracion Compensacion/Crear Histórico Vacaciones/input_Identificacin_1234567890'

2022-03-09 12:52:16 - [MESSAGE][PASSED] - Keys 'ENTER + ' sent to object: 'Object Repository/Modulo Tarea Administracion Compensacion/Crear Histórico Vacaciones/input_Identificacin_1234567890'

2022-03-09 12:52:16 - [TEST_STEP][PASSED] - click(findTestObject("Modulo Tarea Administracion Compensacion/Crear Histórico Vacaciones/span_Gomez Jose")): Object: 'Object Repository/Modulo Tarea Administracion Compensacion/Crear Histórico Vacaciones/span_Gomez Jose' is clicked on

2022-03-09 12:52:16 - [MESSAGE][PASSED] - Object: 'Object Repository/Modulo Tarea Administracion Compensacion/Crear Histórico Vacaciones/span_Gomez Jose' is clicked on

2022-03-09 12:52:16 - [TEST_STEP][PASSED] - click(findTestObject("Modulo Tarea Administracion Compensacion/Crear Histórico Vacaciones/a_Vacacin")): Object: 'Object Repository/Modulo Tarea Administracion Compensacion/Crear Histórico Vacaciones/a_Vacacin' is clicked on

2022-03-09 12:52:17 - [MESSAGE][PASSED] - Object: 'Object Repository/Modulo Tarea Administracion Compensacion/Crear Histórico Vacaciones/a_Vacacin' is clicked on

2022-03-09 12:52:17 - [TEST_STEP][PASSED] - if (waitForElementClickable(findTestObject("Modulo Tarea Administracion Compensacion/Crear Histórico Vacaciones/span_Programacion De Vacaciones"), 1)): null

2022-03-09 12:52:18 - [MESSAGE][PASSED] - Object 'Object Repository/Modulo Tarea Administracion Compensacion/Crear Histórico Vacaciones/span_Programacion De Vacaciones' is clickable

2022-03-09 12:52:18 - [TEST_STEP][PASSED] - click(findTestObject("Modulo Tarea Administracion Compensacion/Crear Histórico Vacaciones/span_Programacion De Vacaciones")): Object: 'Object Repository/Modulo Tarea Administracion Compensacion/Crear Histórico Vacaciones/span_Programacion De Vacaciones' is clicked on

2022-03-09 12:52:18 - [MESSAGE][PASSED] - Object: 'Object Repository/Modulo Tarea Administracion Compensacion/Crear Histórico Vacaciones/span_Programacion De Vacaciones' is clicked on

2022-03-09 12:52:18 - [TEST_STEP][PASSED] - click(findTestObject("Modulo Tarea Administracion Compensacion/Crear Histórico Vacaciones/a_Eliminar_Programacion")): Object: 'Object Repository/Modulo Tarea Administracion Compensacion/Crear Histórico Vacaciones/a_Eliminar_Programacion' is clicked on

2022-03-09 12:52:20 - [MESSAGE][PASSED] - Object: 'Object Repository/Modulo Tarea Administracion Compensacion/Crear Histórico Vacaciones/a_Eliminar_Programacion' is clicked on

2022-03-09 12:52:20 - [TEST_STEP][PASSED] - click(findTestObject("Modulo Tarea Administracion Compensacion/Crear Histórico Vacaciones/a_Aceptar_Eliminar_Programacion")): Object: 'Object Repository/Modulo Tarea Administracion Compensacion/Crear Histórico Vacaciones/a_Aceptar_Eliminar_Programacion' is clicked on

2022-03-09 12:52:20 - [MESSAGE][PASSED] - Object: 'Object Repository/Modulo Tarea Administracion Compensacion/Crear Histórico Vacaciones/a_Aceptar_Eliminar_Programacion' is clicked on

2022-03-09 12:52:20 - [TEST_STEP][PASSED] - if (waitForElementClickable(findTestObject("Modulo Tarea Administracion Compensacion/Crear Histórico Vacaciones/td_Programada"), 1)): Web element with id: 'Object Repository/Modulo Tarea Administracion Compensacion/Crear Histórico Vacaciones/td_Programada' located by '//*/text()[normalize-space(.)='Programada']/parent::*' not found

2022-03-09 12:52:23 - [MESSAGE][INFO] - Unable to find the element located by 'By.xpath: //*/text()[normalize-space(.)='Programada']/parent::*'. Please recheck the objects properties to make sure the desired element is located. 

2022-03-09 12:52:23 - [MESSAGE][WARNING] - Web element with id: 'Object Repository/Modulo Tarea Administracion Compensacion/Crear Histórico Vacaciones/td_Programada' located by '//*/text()[normalize-space(.)='Programada']/parent::*' not found

2022-03-09 12:52:23 - [TEST_STEP][PASSED] - waitForElementClickable(findTestObject("Modulo Tarea Administracion Compensacion/Crear Histórico Vacaciones/a_Pestaa_Histrico"), 0): Object 'Object Repository/Modulo Tarea Administracion Compensacion/Crear Histórico Vacaciones/a_Pestaa_Histrico' is clickable

2022-03-09 12:52:23 - [MESSAGE][WARNING] - Timeout '0' is invalid. Using default page load timeout: '30'

2022-03-09 12:52:23 - [MESSAGE][PASSED] - Object 'Object Repository/Modulo Tarea Administracion Compensacion/Crear Histórico Vacaciones/a_Pestaa_Histrico' is clickable

2022-03-09 12:52:23 - [TEST_STEP][PASSED] - click(findTestObject("Modulo Tarea Administracion Compensacion/Crear Histórico Vacaciones/a_Pestaa_Histrico")): Object: 'Object Repository/Modulo Tarea Administracion Compensacion/Crear Histórico Vacaciones/a_Pestaa_Histrico' is clicked on

2022-03-09 12:52:24 - [MESSAGE][PASSED] - Object: 'Object Repository/Modulo Tarea Administracion Compensacion/Crear Histórico Vacaciones/a_Pestaa_Histrico' is clicked on

2022-03-09 12:52:24 - [TEST_STEP][PASSED] - click(findTestObject("Modulo Tarea Administracion Compensacion/Crear Histórico Vacaciones/a_Nuevo historico")): Object: 'Object Repository/Modulo Tarea Administracion Compensacion/Crear Histórico Vacaciones/a_Nuevo historico' is clicked on

2022-03-09 12:52:24 - [MESSAGE][PASSED] - Object: 'Object Repository/Modulo Tarea Administracion Compensacion/Crear Histórico Vacaciones/a_Nuevo historico' is clicked on

2022-03-09 12:52:24 - [TEST_STEP][PASSED] - waitForElementClickable(findTestObject("Modulo Tarea Administracion Compensacion/Crear Histórico Vacaciones/select_Seleccione_PROGRAMACION DE VACACIONES"), 0): Object 'Object Repository/Modulo Tarea Administracion Compensacion/Crear Histórico Vacaciones/select_Seleccione_PROGRAMACION DE VACACIONES' is clickable

2022-03-09 12:52:24 - [MESSAGE][WARNING] - Timeout '0' is invalid. Using default page load timeout: '30'

2022-03-09 12:52:25 - [MESSAGE][PASSED] - Object 'Object Repository/Modulo Tarea Administracion Compensacion/Crear Histórico Vacaciones/select_Seleccione_PROGRAMACION DE VACACIONES' is clickable

2022-03-09 12:52:25 - [TEST_STEP][PASSED] - selectOptionByIndex(findTestObject("Modulo Tarea Administracion Compensacion/Crear Histórico Vacaciones/select_Seleccione_PROGRAMACION DE VACACIONES"), "2"): All options with index in [2] are selected on object 'Object Repository/Modulo Tarea Administracion Compensacion/Crear Histórico Vacaciones/select_Seleccione_PROGRAMACION DE VACACIONES'

2022-03-09 12:52:27 - [MESSAGE][PASSED] - All options with index in [2] are selected on object 'Object Repository/Modulo Tarea Administracion Compensacion/Crear Histórico Vacaciones/select_Seleccione_PROGRAMACION DE VACACIONES'

2022-03-09 12:52:27 - [TEST_STEP][PASSED] - selectOptionByIndex(findTestObject("Modulo Tarea Administracion Compensacion/Crear Histórico Vacaciones/select_Seleccione_No Aplica"), "2"): All options with index in [2] are selected on object 'Object Repository/Modulo Tarea Administracion Compensacion/Crear Histórico Vacaciones/select_Seleccione_No Aplica'

2022-03-09 12:52:28 - [MESSAGE][PASSED] - All options with index in [2] are selected on object 'Object Repository/Modulo Tarea Administracion Compensacion/Crear Histórico Vacaciones/select_Seleccione_No Aplica'

2022-03-09 12:52:28 - [TEST_STEP][PASSED] - selectOptionByIndex(findTestObject("Modulo Tarea Administracion Compensacion/Crear Histórico Vacaciones/select_Seleccione_AUSENTISMO"), "1"): All options with index in [1] are selected on object 'Object Repository/Modulo Tarea Administracion Compensacion/Crear Histórico Vacaciones/select_Seleccione_AUSENTISMO'

2022-03-09 12:52:29 - [MESSAGE][PASSED] - All options with index in [1] are selected on object 'Object Repository/Modulo Tarea Administracion Compensacion/Crear Histórico Vacaciones/select_Seleccione_AUSENTISMO'

2022-03-09 12:52:29 - [TEST_STEP][PASSED] - setText(findTestObject("Modulo Tarea Administracion Compensacion/Crear Histórico Vacaciones/input_Periodo Disfrute_form_vacaciones_Comienzo"), "01/07/2021"): Text '01/07/2021' is set on object 'Object Repository/Modulo Tarea Administracion Compensacion/Crear Histórico Vacaciones/input_Periodo Disfrute_form_vacaciones_Comienzo'

2022-03-09 12:52:30 - [MESSAGE][PASSED] - Text '01/07/2021' is set on object 'Object Repository/Modulo Tarea Administracion Compensacion/Crear Histórico Vacaciones/input_Periodo Disfrute_form_vacaciones_Comienzo'

2022-03-09 12:52:30 - [TEST_STEP][PASSED] - setText(findTestObject("Modulo Tarea Administracion Compensacion/Crear Histórico Vacaciones/input_Periodo Disfrute_form_vacaciones_Final"), "07/07/2021"): Text '07/07/2021' is set on object 'Object Repository/Modulo Tarea Administracion Compensacion/Crear Histórico Vacaciones/input_Periodo Disfrute_form_vacaciones_Final'

2022-03-09 12:52:31 - [MESSAGE][PASSED] - Text '07/07/2021' is set on object 'Object Repository/Modulo Tarea Administracion Compensacion/Crear Histórico Vacaciones/input_Periodo Disfrute_form_vacaciones_Final'

2022-03-09 12:52:31 - [TEST_STEP][PASSED] - setText(findTestObject("Modulo Tarea Administracion Compensacion/Crear Histórico Vacaciones/input_Fecha Regreso Nomina"), "08/07/2021"): Text '08/07/2021' is set on object 'Object Repository/Modulo Tarea Administracion Compensacion/Crear Histórico Vacaciones/input_Fecha Regreso Nomina'

2022-03-09 12:52:32 - [MESSAGE][PASSED] - Text '08/07/2021' is set on object 'Object Repository/Modulo Tarea Administracion Compensacion/Crear Histórico Vacaciones/input_Fecha Regreso Nomina'

2022-03-09 12:52:32 - [TEST_STEP][PASSED] - setText(findTestObject("Modulo Tarea Administracion Compensacion/Crear Histórico Vacaciones/input_Dias"), "6"): Text '6' is set on object 'Object Repository/Modulo Tarea Administracion Compensacion/Crear Histórico Vacaciones/input_Dias'

2022-03-09 12:52:33 - [MESSAGE][PASSED] - Text '6' is set on object 'Object Repository/Modulo Tarea Administracion Compensacion/Crear Histórico Vacaciones/input_Dias'

2022-03-09 12:52:33 - [TEST_STEP][PASSED] - setText(findTestObject("Modulo Tarea Administracion Compensacion/Crear Histórico Vacaciones/input_Periodo Servicio_Inicio"), "01/07/2021"): Text '01/07/2021' is set on object 'Object Repository/Modulo Tarea Administracion Compensacion/Crear Histórico Vacaciones/input_Periodo Servicio_Inicio'

2022-03-09 12:52:34 - [MESSAGE][PASSED] - Text '01/07/2021' is set on object 'Object Repository/Modulo Tarea Administracion Compensacion/Crear Histórico Vacaciones/input_Periodo Servicio_Inicio'

2022-03-09 12:52:34 - [TEST_STEP][PASSED] - setText(findTestObject("Modulo Tarea Administracion Compensacion/Crear Histórico Vacaciones/input_Periodo Servicio_Final"), "07/07/2021"): Text '07/07/2021' is set on object 'Object Repository/Modulo Tarea Administracion Compensacion/Crear Histórico Vacaciones/input_Periodo Servicio_Final'

2022-03-09 12:52:34 - [MESSAGE][PASSED] - Text '07/07/2021' is set on object 'Object Repository/Modulo Tarea Administracion Compensacion/Crear Histórico Vacaciones/input_Periodo Servicio_Final'

2022-03-09 12:52:34 - [TEST_STEP][PASSED] - sendKeys(findTestObject("Modulo Tarea Administracion Compensacion/Crear Histórico Vacaciones/input_Periodo Servicio_Final"), Keys.chord(ESCAPE)): Keys 'ESCAPE + ' sent to object: 'Object Repository/Modulo Tarea Administracion Compensacion/Crear Histórico Vacaciones/input_Periodo Servicio_Final'

2022-03-09 12:52:35 - [MESSAGE][PASSED] - Keys 'ESCAPE + ' sent to object: 'Object Repository/Modulo Tarea Administracion Compensacion/Crear Histórico Vacaciones/input_Periodo Servicio_Final'

2022-03-09 12:52:35 - [TEST_STEP][PASSED] - setText(findTestObject("Modulo Tarea Administracion Compensacion/Crear Histórico Vacaciones/textarea_Observacin"), "PRUEBA"): Text 'PRUEBA' is set on object 'Object Repository/Modulo Tarea Administracion Compensacion/Crear Histórico Vacaciones/textarea_Observacin'

2022-03-09 12:52:36 - [MESSAGE][PASSED] - Text 'PRUEBA' is set on object 'Object Repository/Modulo Tarea Administracion Compensacion/Crear Histórico Vacaciones/textarea_Observacin'

2022-03-09 12:52:36 - [TEST_STEP][PASSED] - waitForElementClickable(findTestObject("Modulo Tarea Administracion Compensacion/Crear Histórico Vacaciones/a_Guardar"), 0): Object 'Object Repository/Modulo Tarea Administracion Compensacion/Crear Histórico Vacaciones/a_Guardar' is clickable

2022-03-09 12:52:36 - [MESSAGE][WARNING] - Timeout '0' is invalid. Using default page load timeout: '30'

2022-03-09 12:52:36 - [MESSAGE][PASSED] - Object 'Object Repository/Modulo Tarea Administracion Compensacion/Crear Histórico Vacaciones/a_Guardar' is clickable

2022-03-09 12:52:36 - [TEST_STEP][PASSED] - click(findTestObject("Modulo Tarea Administracion Compensacion/Crear Histórico Vacaciones/a_Guardar")): Object: 'Object Repository/Modulo Tarea Administracion Compensacion/Crear Histórico Vacaciones/a_Guardar' is clicked on

2022-03-09 12:52:37 - [MESSAGE][PASSED] - Object: 'Object Repository/Modulo Tarea Administracion Compensacion/Crear Histórico Vacaciones/a_Guardar' is clicked on

2022-03-09 12:52:37 - [TEST_STEP][PASSED] - getText(findTestObject("Alerta/Alerta")): Text of object 'Object Repository/Alerta/Alerta' is: 'Se Ingreso el registro'

2022-03-09 12:52:38 - [MESSAGE][PASSED] - Text of object 'Object Repository/Alerta/Alerta' is: 'Se Ingreso el registro'

2022-03-09 12:52:38 - [TEST_STEP][PASSED] - waitForElementClickable(findTestObject("Modulo Tarea Administracion Compensacion/Crear Histórico Vacaciones/a_Eliminar_Historico"), 0): Object 'Object Repository/Modulo Tarea Administracion Compensacion/Crear Histórico Vacaciones/a_Eliminar_Historico' is clickable

2022-03-09 12:52:38 - [MESSAGE][WARNING] - Timeout '0' is invalid. Using default page load timeout: '30'

2022-03-09 12:52:38 - [MESSAGE][PASSED] - Object 'Object Repository/Modulo Tarea Administracion Compensacion/Crear Histórico Vacaciones/a_Eliminar_Historico' is clickable

2022-03-09 12:52:38 - [TEST_STEP][PASSED] - click(findTestObject("Modulo Tarea Administracion Compensacion/Crear Histórico Vacaciones/a_Eliminar_Historico")): Object: 'Object Repository/Modulo Tarea Administracion Compensacion/Crear Histórico Vacaciones/a_Eliminar_Historico' is clicked on

2022-03-09 12:52:39 - [MESSAGE][PASSED] - Object: 'Object Repository/Modulo Tarea Administracion Compensacion/Crear Histórico Vacaciones/a_Eliminar_Historico' is clicked on

2022-03-09 12:52:39 - [TEST_STEP][PASSED] - waitForElementClickable(findTestObject("Modulo Tarea Administracion Compensacion/Crear Histórico Vacaciones/a_Aceptar_Eliminar_ Historico"), 0): Object 'Object Repository/Modulo Tarea Administracion Compensacion/Crear Histórico Vacaciones/a_Aceptar_Eliminar_ Historico' is clickable

2022-03-09 12:52:39 - [MESSAGE][WARNING] - Timeout '0' is invalid. Using default page load timeout: '30'

2022-03-09 12:52:39 - [MESSAGE][PASSED] - Object 'Object Repository/Modulo Tarea Administracion Compensacion/Crear Histórico Vacaciones/a_Aceptar_Eliminar_ Historico' is clickable

2022-03-09 12:52:39 - [TEST_STEP][PASSED] - click(findTestObject("Modulo Tarea Administracion Compensacion/Crear Histórico Vacaciones/a_Aceptar_Eliminar_ Historico")): Object: 'Object Repository/Modulo Tarea Administracion Compensacion/Crear Histórico Vacaciones/a_Aceptar_Eliminar_ Historico' is clicked on

2022-03-09 12:52:40 - [MESSAGE][PASSED] - Object: 'Object Repository/Modulo Tarea Administracion Compensacion/Crear Histórico Vacaciones/a_Aceptar_Eliminar_ Historico' is clicked on

2022-03-09 12:52:40 - [TEST_STEP][PASSED] - getText(findTestObject("Alerta/Alerta")): Text of object 'Object Repository/Alerta/Alerta' is: 'Se elimino el registro'

2022-03-09 12:52:41 - [MESSAGE][PASSED] - Text of object 'Object Repository/Alerta/Alerta' is: 'Se elimino el registro']]></system-out>
         <system-err><![CDATA[]]></system-err>
      </testcase>
      <testcase name="Test Cases/1.1-Tareas Principales/1.7.2 Crear Histórica Incapacidad" time="41.595" classname="Test Cases/1.1-Tareas Principales/1.7.2 Crear Histórica Incapacidad" status="PASSED">
         <system-out><![CDATA[2022-03-09 12:52:41 - [TEST_CASE][PASSED] - Test Cases/1.1-Tareas Principales/1.7.2 Crear Histórica Incapacidad: Test Cases/1.1-Tareas Principales/1.7.2 Crear Histórica Incapacidad

2022-03-09 12:52:41 - [TEST_STEP][PASSED] - callTestCase(findTestCase("0.1-Login"), [:], STOP_ON_FAILURE): Call Test Case 'Test Cases/0.1-Login' successfully

2022-03-09 12:52:41 - [TEST_CASE][PASSED] - Test Cases/0.1-Login: Test Cases/0.1-Login

2022-03-09 12:52:41 - [TEST_STEP][PASSED] - openBrowser(""): Browser is opened with url: ''

2022-03-09 12:52:41 - [MESSAGE][WARNING] - A browser is already opened. Closing browser and opening a new one

2022-03-09 12:52:43 - [MESSAGE][INFO] - Starting 'Chrome' driver

2022-03-09 12:52:43 - [MESSAGE][INFO] - Action delay is set to 0 milliseconds

2022-03-09 12:52:45 - [MESSAGE][PASSED] - Browser is opened with url: ''

2022-03-09 12:52:45 - [TEST_STEP][PASSED] - maximizeWindow(): Current window maximized

2022-03-09 12:52:45 - [MESSAGE][PASSED] - Current window maximized

2022-03-09 12:52:45 - [TEST_STEP][PASSED] - i = G_Login: null

2022-03-09 12:52:45 - [TEST_STEP][PASSED] - url = new java.net.URL(i): null

2022-03-09 12:52:45 - [TEST_STEP][PASSED] - println("URL: " + url.toString()): null

2022-03-09 12:52:45 - [TEST_STEP][PASSED] - connection = url.openConnection(): null

2022-03-09 12:52:45 - [TEST_STEP][PASSED] - connection.setRequestMethod("GET"): null

2022-03-09 12:52:45 - [TEST_STEP][PASSED] - connection.setReadTimeout(2 * 1000): null

2022-03-09 12:52:45 - [TEST_STEP][PASSED] - try: null

2022-03-09 12:52:45 - [TEST_STEP][PASSED] - connection.connect(): null

2022-03-09 12:52:45 - [TEST_STEP][PASSED] - flag = connected: null

2022-03-09 12:52:45 - [TEST_STEP][PASSED] - println("Valor_ori: " + flag): null

2022-03-09 12:52:45 - [TEST_STEP][PASSED] - if (flag): null

2022-03-09 12:52:45 - [TEST_STEP][PASSED] - navigateToUrl(i): Navigate to 'http://192.168.2.80:8380/saraweb' successfully

2022-03-09 12:52:46 - [MESSAGE][PASSED] - Navigate to 'http://192.168.2.80:8380/saraweb' successfully

2022-03-09 12:52:46 - [TEST_STEP][PASSED] - a(): null

2022-03-09 12:52:46 - [TEST_STEP][PASSED] - setText(findTestObject("Login/input_USUARIO_loginusuario"), G_Usuario): Text 'saraadmin' is set on object 'Object Repository/Login/input_USUARIO_loginusuario'

2022-03-09 12:52:47 - [MESSAGE][PASSED] - Text 'saraadmin' is set on object 'Object Repository/Login/input_USUARIO_loginusuario'

2022-03-09 12:52:47 - [TEST_STEP][PASSED] - setEncryptedText(findTestObject("Login/input_CLAVE_loginpassword"), "MkG4/TYiCFC3cb2driP7+Q=="): Text ****** has been set on object 'Object Repository/Login/input_CLAVE_loginpassword'

2022-03-09 12:52:47 - [MESSAGE][PASSED] - Text ****** has been set on object 'Object Repository/Login/input_CLAVE_loginpassword'

2022-03-09 12:52:47 - [TEST_STEP][PASSED] - waitForElementClickable(findTestObject("Login/a_Ingresar"), G_TimeOut): Object 'Object Repository/Login/a_Ingresar' is clickable

2022-03-09 12:52:48 - [MESSAGE][PASSED] - Object 'Object Repository/Login/a_Ingresar' is clickable

2022-03-09 12:52:48 - [TEST_STEP][PASSED] - click(findTestObject("Login/a_Ingresar")): Object: 'Object Repository/Login/a_Ingresar' is clicked on

2022-03-09 12:52:49 - [MESSAGE][PASSED] - Object: 'Object Repository/Login/a_Ingresar' is clicked on

2022-03-09 12:52:49 - [TEST_STEP][PASSED] - element = findWebElement(findTestObject("Login/a_Ir"), 30): null

2022-03-09 12:52:49 - [TEST_STEP][PASSED] - executeJavaScript("arguments[0].click()", Arrays.asList(element)): Execute JavaScript 'arguments[0].click()' successfully

2022-03-09 12:52:49 - [MESSAGE][PASSED] - Execute JavaScript 'arguments[0].click()' successfully

2022-03-09 12:52:49 - [MESSAGE][PASSED] - Call Test Case 'Test Cases/0.1-Login' successfully

2022-03-09 12:52:49 - [TEST_STEP][PASSED] - waitForElementClickable(findTestObject("Modulo Tarea Administracion Compensacion/Crear Histórica Incapacidad/input_ADMINISTRADOR DEL SISTEMA - SARA_form_templatej_idt24_input"), 0): Object 'Object Repository/Modulo Tarea Administracion Compensacion/Crear Histórica Incapacidad/input_ADMINISTRADOR DEL SISTEMA - SARA_form_templatej_idt24_input' is clickable

2022-03-09 12:52:50 - [MESSAGE][WARNING] - Timeout '0' is invalid. Using default page load timeout: '30'

2022-03-09 12:52:51 - [MESSAGE][PASSED] - Object 'Object Repository/Modulo Tarea Administracion Compensacion/Crear Histórica Incapacidad/input_ADMINISTRADOR DEL SISTEMA - SARA_form_templatej_idt24_input' is clickable

2022-03-09 12:52:51 - [TEST_STEP][PASSED] - setText(findTestObject("Modulo Tarea Administracion Compensacion/Crear Histórica Incapacidad/input_ADMINISTRADOR DEL SISTEMA - SARA_form_templatej_idt24_input"), "Listado de empleados"): Text 'Listado de empleados' is set on object 'Object Repository/Modulo Tarea Administracion Compensacion/Crear Histórica Incapacidad/input_ADMINISTRADOR DEL SISTEMA - SARA_form_templatej_idt24_input'

2022-03-09 12:52:51 - [MESSAGE][PASSED] - Text 'Listado de empleados' is set on object 'Object Repository/Modulo Tarea Administracion Compensacion/Crear Histórica Incapacidad/input_ADMINISTRADOR DEL SISTEMA - SARA_form_templatej_idt24_input'

2022-03-09 12:52:51 - [TEST_STEP][PASSED] - waitForElementClickable(findTestObject("Modulo Tarea Administracion Compensacion/Crear Histórica Incapacidad/span_Listado de Empleados"), 0): Object 'Object Repository/Modulo Tarea Administracion Compensacion/Crear Histórica Incapacidad/span_Listado de Empleados' is clickable

2022-03-09 12:52:52 - [MESSAGE][WARNING] - Timeout '0' is invalid. Using default page load timeout: '30'

2022-03-09 12:52:53 - [MESSAGE][PASSED] - Object 'Object Repository/Modulo Tarea Administracion Compensacion/Crear Histórica Incapacidad/span_Listado de Empleados' is clickable

2022-03-09 12:52:53 - [TEST_STEP][PASSED] - sendKeys(findTestObject("Modulo Tarea Administracion Compensacion/Crear Histórica Incapacidad/input_ADMINISTRADOR DEL SISTEMA - SARA_form_templatej_idt24_input"), Keys.chord(ENTER)): Keys 'ENTER + ' sent to object: 'Object Repository/Modulo Tarea Administracion Compensacion/Crear Histórica Incapacidad/input_ADMINISTRADOR DEL SISTEMA - SARA_form_templatej_idt24_input'

2022-03-09 12:52:54 - [MESSAGE][PASSED] - Keys 'ENTER + ' sent to object: 'Object Repository/Modulo Tarea Administracion Compensacion/Crear Histórica Incapacidad/input_ADMINISTRADOR DEL SISTEMA - SARA_form_templatej_idt24_input'

2022-03-09 12:52:54 - [TEST_STEP][PASSED] - setText(findTestObject("Modulo Tarea Administracion Compensacion/Crear Histórica Incapacidad/input_Identificacin_1234567890"), "1234567890"): Text '1234567890' is set on object 'Object Repository/Modulo Tarea Administracion Compensacion/Crear Histórica Incapacidad/input_Identificacin_1234567890'

2022-03-09 12:52:55 - [MESSAGE][PASSED] - Text '1234567890' is set on object 'Object Repository/Modulo Tarea Administracion Compensacion/Crear Histórica Incapacidad/input_Identificacin_1234567890'

2022-03-09 12:52:55 - [TEST_STEP][PASSED] - sendKeys(findTestObject("Modulo Tarea Administracion Compensacion/Crear Histórica Incapacidad/input_Identificacin_1234567890"), Keys.chord(ENTER)): Keys 'ENTER + ' sent to object: 'Object Repository/Modulo Tarea Administracion Compensacion/Crear Histórica Incapacidad/input_Identificacin_1234567890'

2022-03-09 12:52:56 - [MESSAGE][PASSED] - Keys 'ENTER + ' sent to object: 'Object Repository/Modulo Tarea Administracion Compensacion/Crear Histórica Incapacidad/input_Identificacin_1234567890'

2022-03-09 12:52:56 - [TEST_STEP][PASSED] - click(findTestObject("Modulo Tarea Administracion Compensacion/Crear Histórica Incapacidad/span_Gomez Jose")): Object: 'Object Repository/Modulo Tarea Administracion Compensacion/Crear Histórica Incapacidad/span_Gomez Jose' is clicked on

2022-03-09 12:52:57 - [MESSAGE][PASSED] - Object: 'Object Repository/Modulo Tarea Administracion Compensacion/Crear Histórica Incapacidad/span_Gomez Jose' is clicked on

2022-03-09 12:52:57 - [TEST_STEP][PASSED] - click(findTestObject("Modulo Tarea Administracion Compensacion/Crear Histórica Incapacidad/a_Incapacidad")): Object: 'Object Repository/Modulo Tarea Administracion Compensacion/Crear Histórica Incapacidad/a_Incapacidad' is clicked on

2022-03-09 12:52:58 - [MESSAGE][PASSED] - Object: 'Object Repository/Modulo Tarea Administracion Compensacion/Crear Histórica Incapacidad/a_Incapacidad' is clicked on

2022-03-09 12:52:58 - [TEST_STEP][PASSED] - waitForElementClickable(findTestObject("Modulo Tarea Administracion Compensacion/Crear Histórica Incapacidad/a_Histrico_Pestaa"), 0): Object 'Object Repository/Modulo Tarea Administracion Compensacion/Crear Histórica Incapacidad/a_Histrico_Pestaa' is clickable

2022-03-09 12:52:58 - [MESSAGE][WARNING] - Timeout '0' is invalid. Using default page load timeout: '30'

2022-03-09 12:52:59 - [MESSAGE][PASSED] - Object 'Object Repository/Modulo Tarea Administracion Compensacion/Crear Histórica Incapacidad/a_Histrico_Pestaa' is clickable

2022-03-09 12:52:59 - [TEST_STEP][PASSED] - click(findTestObject("Modulo Tarea Administracion Compensacion/Crear Histórica Incapacidad/a_Histrico_Pestaa")): Object: 'Object Repository/Modulo Tarea Administracion Compensacion/Crear Histórica Incapacidad/a_Histrico_Pestaa' is clicked on

2022-03-09 12:52:59 - [MESSAGE][PASSED] - Object: 'Object Repository/Modulo Tarea Administracion Compensacion/Crear Histórica Incapacidad/a_Histrico_Pestaa' is clicked on

2022-03-09 12:52:59 - [TEST_STEP][PASSED] - if (waitForElementClickable(findTestObject("Modulo Tarea Administracion Compensacion/Crear Histórica Incapacidad/span_Enfermedad General 21"), 1)): Web element with id: 'Object Repository/Modulo Tarea Administracion Compensacion/Crear Histórica Incapacidad/span_Enfermedad General 21' located by '//*/text()[normalize-space(.)='ENFERMEDAD GENERAL 21']/parent::*' not found

2022-03-09 12:53:01 - [MESSAGE][INFO] - Unable to find the element located by 'By.xpath: //*/text()[normalize-space(.)='ENFERMEDAD GENERAL 21']/parent::*'. Please recheck the objects properties to make sure the desired element is located. 

2022-03-09 12:53:01 - [MESSAGE][WARNING] - Web element with id: 'Object Repository/Modulo Tarea Administracion Compensacion/Crear Histórica Incapacidad/span_Enfermedad General 21' located by '//*/text()[normalize-space(.)='ENFERMEDAD GENERAL 21']/parent::*' not found

2022-03-09 12:53:01 - [TEST_STEP][PASSED] - click(findTestObject("Modulo Tarea Administracion Compensacion/Crear Histórica Incapacidad/a_Nuevo")): Object: 'Object Repository/Modulo Tarea Administracion Compensacion/Crear Histórica Incapacidad/a_Nuevo' is clicked on

2022-03-09 12:53:02 - [MESSAGE][PASSED] - Object: 'Object Repository/Modulo Tarea Administracion Compensacion/Crear Histórica Incapacidad/a_Nuevo' is clicked on

2022-03-09 12:53:02 - [TEST_STEP][PASSED] - waitForElementClickable(findTestObject("Modulo Tarea Administracion Compensacion/Crear Histórica Incapacidad/span_Enfermedad General 21"), 0): Object 'Object Repository/Modulo Tarea Administracion Compensacion/Crear Histórica Incapacidad/span_Enfermedad General 21' is clickable

2022-03-09 12:53:02 - [MESSAGE][WARNING] - Timeout '0' is invalid. Using default page load timeout: '30'

2022-03-09 12:53:03 - [MESSAGE][PASSED] - Object 'Object Repository/Modulo Tarea Administracion Compensacion/Crear Histórica Incapacidad/span_Enfermedad General 21' is clickable

2022-03-09 12:53:03 - [TEST_STEP][PASSED] - click(findTestObject("Modulo Tarea Administracion Compensacion/Crear Histórica Incapacidad/span_Enfermedad General 21")): Object: 'Object Repository/Modulo Tarea Administracion Compensacion/Crear Histórica Incapacidad/span_Enfermedad General 21' is clicked on

2022-03-09 12:53:03 - [MESSAGE][PASSED] - Object: 'Object Repository/Modulo Tarea Administracion Compensacion/Crear Histórica Incapacidad/span_Enfermedad General 21' is clicked on

2022-03-09 12:53:03 - [TEST_STEP][PASSED] - click(findTestObject("Modulo Tarea Administracion Compensacion/Crear Histórica Incapacidad/label_NO")): Object: 'Object Repository/Modulo Tarea Administracion Compensacion/Crear Histórica Incapacidad/label_NO' is clicked on

2022-03-09 12:53:04 - [MESSAGE][PASSED] - Object: 'Object Repository/Modulo Tarea Administracion Compensacion/Crear Histórica Incapacidad/label_NO' is clicked on

2022-03-09 12:53:04 - [TEST_STEP][PASSED] - setText(findTestObject("Modulo Tarea Administracion Compensacion/Crear Histórica Incapacidad/input_Salida"), "01/01/2021"): Text '01/01/2021' is set on object 'Object Repository/Modulo Tarea Administracion Compensacion/Crear Histórica Incapacidad/input_Salida'

2022-03-09 12:53:05 - [MESSAGE][PASSED] - Text '01/01/2021' is set on object 'Object Repository/Modulo Tarea Administracion Compensacion/Crear Histórica Incapacidad/input_Salida'

2022-03-09 12:53:05 - [TEST_STEP][PASSED] - setText(findTestObject("Modulo Tarea Administracion Compensacion/Crear Histórica Incapacidad/input_Termina"), "02/01/2021"): Text '02/01/2021' is set on object 'Object Repository/Modulo Tarea Administracion Compensacion/Crear Histórica Incapacidad/input_Termina'

2022-03-09 12:53:06 - [MESSAGE][PASSED] - Text '02/01/2021' is set on object 'Object Repository/Modulo Tarea Administracion Compensacion/Crear Histórica Incapacidad/input_Termina'

2022-03-09 12:53:06 - [TEST_STEP][PASSED] - setText(findTestObject("Modulo Tarea Administracion Compensacion/Crear Histórica Incapacidad/input_Regreso"), "03/01/2021"): Text '03/01/2021' is set on object 'Object Repository/Modulo Tarea Administracion Compensacion/Crear Histórica Incapacidad/input_Regreso'

2022-03-09 12:53:07 - [MESSAGE][PASSED] - Text '03/01/2021' is set on object 'Object Repository/Modulo Tarea Administracion Compensacion/Crear Histórica Incapacidad/input_Regreso'

2022-03-09 12:53:07 - [TEST_STEP][PASSED] - setText(findTestObject("Modulo Tarea Administracion Compensacion/Crear Histórica Incapacidad/input_Salida Nomina"), "28/02/2021"): Text '28/02/2021' is set on object 'Object Repository/Modulo Tarea Administracion Compensacion/Crear Histórica Incapacidad/input_Salida Nomina'

2022-03-09 12:53:08 - [MESSAGE][PASSED] - Text '28/02/2021' is set on object 'Object Repository/Modulo Tarea Administracion Compensacion/Crear Histórica Incapacidad/input_Salida Nomina'

2022-03-09 12:53:08 - [TEST_STEP][PASSED] - setText(findTestObject("Modulo Tarea Administracion Compensacion/Crear Histórica Incapacidad/input_Regreso Nomina"), "02/03/2021"): Text '02/03/2021' is set on object 'Object Repository/Modulo Tarea Administracion Compensacion/Crear Histórica Incapacidad/input_Regreso Nomina'

2022-03-09 12:53:09 - [MESSAGE][PASSED] - Text '02/03/2021' is set on object 'Object Repository/Modulo Tarea Administracion Compensacion/Crear Histórica Incapacidad/input_Regreso Nomina'

2022-03-09 12:53:09 - [TEST_STEP][PASSED] - setText(findTestObject("Modulo Tarea Administracion Compensacion/Crear Histórica Incapacidad/input_Reales"), "2"): Text '2' is set on object 'Object Repository/Modulo Tarea Administracion Compensacion/Crear Histórica Incapacidad/input_Reales'

2022-03-09 12:53:10 - [MESSAGE][PASSED] - Text '2' is set on object 'Object Repository/Modulo Tarea Administracion Compensacion/Crear Histórica Incapacidad/input_Reales'

2022-03-09 12:53:10 - [TEST_STEP][PASSED] - setText(findTestObject("Modulo Tarea Administracion Compensacion/Crear Histórica Incapacidad/input_Horas Adicionales"), "500"): Text '500' is set on object 'Object Repository/Modulo Tarea Administracion Compensacion/Crear Histórica Incapacidad/input_Horas Adicionales'

2022-03-09 12:53:11 - [MESSAGE][PASSED] - Text '500' is set on object 'Object Repository/Modulo Tarea Administracion Compensacion/Crear Histórica Incapacidad/input_Horas Adicionales'

2022-03-09 12:53:11 - [TEST_STEP][PASSED] - setText(findTestObject("Modulo Tarea Administracion Compensacion/Crear Histórica Incapacidad/input_Das Acumulados"), "0"): Text '0' is set on object 'Object Repository/Modulo Tarea Administracion Compensacion/Crear Histórica Incapacidad/input_Das Acumulados'

2022-03-09 12:53:12 - [MESSAGE][PASSED] - Text '0' is set on object 'Object Repository/Modulo Tarea Administracion Compensacion/Crear Histórica Incapacidad/input_Das Acumulados'

2022-03-09 12:53:12 - [TEST_STEP][PASSED] - setText(findTestObject("Modulo Tarea Administracion Compensacion/Crear Histórica Incapacidad/input_Inicio_form_incapacidadesEmpleadotabsIncapacidadestabfechaInicioIng_input"), "01/01/2021"): Text '01/01/2021' is set on object 'Object Repository/Modulo Tarea Administracion Compensacion/Crear Histórica Incapacidad/input_Inicio_form_incapacidadesEmpleadotabsIncapacidadestabfechaInicioIng_input'

2022-03-09 12:53:13 - [MESSAGE][PASSED] - Text '01/01/2021' is set on object 'Object Repository/Modulo Tarea Administracion Compensacion/Crear Histórica Incapacidad/input_Inicio_form_incapacidadesEmpleadotabsIncapacidadestabfechaInicioIng_input'

2022-03-09 12:53:13 - [TEST_STEP][PASSED] - selectOptionByIndex(findTestObject("Modulo Tarea Administracion Compensacion/Crear Histórica Incapacidad/select_Entidad"), "11"): All options with index in [11] are selected on object 'Object Repository/Modulo Tarea Administracion Compensacion/Crear Histórica Incapacidad/select_Entidad'

2022-03-09 12:53:15 - [MESSAGE][PASSED] - All options with index in [11] are selected on object 'Object Repository/Modulo Tarea Administracion Compensacion/Crear Histórica Incapacidad/select_Entidad'

2022-03-09 12:53:15 - [TEST_STEP][PASSED] - setText(findTestObject("Modulo Tarea Administracion Compensacion/Crear Histórica Incapacidad/textarea_Observacin"), "PRUEBA"): Text 'PRUEBA' is set on object 'Object Repository/Modulo Tarea Administracion Compensacion/Crear Histórica Incapacidad/textarea_Observacin'

2022-03-09 12:53:16 - [MESSAGE][PASSED] - Text 'PRUEBA' is set on object 'Object Repository/Modulo Tarea Administracion Compensacion/Crear Histórica Incapacidad/textarea_Observacin'

2022-03-09 12:53:16 - [TEST_STEP][PASSED] - click(findTestObject("Modulo Tarea Administracion Compensacion/Crear Histórica Incapacidad/a_Guardar")): Object: 'Object Repository/Modulo Tarea Administracion Compensacion/Crear Histórica Incapacidad/a_Guardar' is clicked on

2022-03-09 12:53:17 - [MESSAGE][PASSED] - Object: 'Object Repository/Modulo Tarea Administracion Compensacion/Crear Histórica Incapacidad/a_Guardar' is clicked on

2022-03-09 12:53:17 - [TEST_STEP][PASSED] - getText(findTestObject("Alerta/Alerta")): Text of object 'Object Repository/Alerta/Alerta' is: 'Se adicionó el registro...'

2022-03-09 12:53:18 - [MESSAGE][PASSED] - Text of object 'Object Repository/Alerta/Alerta' is: 'Se adicionó el registro...'

2022-03-09 12:53:18 - [TEST_STEP][PASSED] - waitForElementClickable(findTestObject("Modulo Tarea Administracion Compensacion/Crear Histórica Incapacidad/a_Eliminar_Incapacidad"), 0): Object 'Object Repository/Modulo Tarea Administracion Compensacion/Crear Histórica Incapacidad/a_Eliminar_Incapacidad' is clickable

2022-03-09 12:53:18 - [MESSAGE][WARNING] - Timeout '0' is invalid. Using default page load timeout: '30'

2022-03-09 12:53:18 - [MESSAGE][PASSED] - Object 'Object Repository/Modulo Tarea Administracion Compensacion/Crear Histórica Incapacidad/a_Eliminar_Incapacidad' is clickable

2022-03-09 12:53:18 - [TEST_STEP][PASSED] - click(findTestObject("Modulo Tarea Administracion Compensacion/Crear Histórica Incapacidad/a_Eliminar_Incapacidad")): Object: 'Object Repository/Modulo Tarea Administracion Compensacion/Crear Histórica Incapacidad/a_Eliminar_Incapacidad' is clicked on

2022-03-09 12:53:19 - [MESSAGE][PASSED] - Object: 'Object Repository/Modulo Tarea Administracion Compensacion/Crear Histórica Incapacidad/a_Eliminar_Incapacidad' is clicked on

2022-03-09 12:53:19 - [TEST_STEP][PASSED] - click(findTestObject("Modulo Tarea Administracion Compensacion/Crear Histórica Incapacidad/a_Aceptar_Eliminar_Incapacidad")): Object: 'Object Repository/Modulo Tarea Administracion Compensacion/Crear Histórica Incapacidad/a_Aceptar_Eliminar_Incapacidad' is clicked on

2022-03-09 12:53:20 - [MESSAGE][PASSED] - Object: 'Object Repository/Modulo Tarea Administracion Compensacion/Crear Histórica Incapacidad/a_Aceptar_Eliminar_Incapacidad' is clicked on

2022-03-09 12:53:20 - [TEST_STEP][PASSED] - closeBrowser(): Browser is closed

2022-03-09 12:53:22 - [MESSAGE][PASSED] - Browser is closed]]></system-out>
         <system-err><![CDATA[]]></system-err>
      </testcase>
      <testcase name="Test Cases/1.1-Tareas Principales/1.7.4-Datos_Básicos_del_Empleado" time="61.788" classname="Test Cases/1.1-Tareas Principales/1.7.4-Datos_Básicos_del_Empleado" status="PASSED">
         <system-out><![CDATA[2022-03-09 12:53:22 - [TEST_CASE][PASSED] - Test Cases/1.1-Tareas Principales/1.7.4-Datos_Básicos_del_Empleado: Test Cases/1.1-Tareas Principales/1.7.4-Datos_Básicos_del_Empleado

2022-03-09 12:53:23 - [TEST_STEP][PASSED] - callTestCase(findTestCase("0.1-Login"), [:], STOP_ON_FAILURE): Call Test Case 'Test Cases/0.1-Login' successfully

2022-03-09 12:53:23 - [TEST_CASE][PASSED] - Test Cases/0.1-Login: Test Cases/0.1-Login

2022-03-09 12:53:23 - [TEST_STEP][PASSED] - openBrowser(""): Browser is opened with url: ''

2022-03-09 12:53:23 - [MESSAGE][INFO] - Starting 'Chrome' driver

2022-03-09 12:53:23 - [MESSAGE][INFO] - Action delay is set to 0 milliseconds

2022-03-09 12:53:25 - [MESSAGE][PASSED] - Browser is opened with url: ''

2022-03-09 12:53:25 - [TEST_STEP][PASSED] - maximizeWindow(): Current window maximized

2022-03-09 12:53:25 - [MESSAGE][PASSED] - Current window maximized

2022-03-09 12:53:25 - [TEST_STEP][PASSED] - i = G_Login: null

2022-03-09 12:53:25 - [TEST_STEP][PASSED] - url = new java.net.URL(i): null

2022-03-09 12:53:25 - [TEST_STEP][PASSED] - println("URL: " + url.toString()): null

2022-03-09 12:53:25 - [TEST_STEP][PASSED] - connection = url.openConnection(): null

2022-03-09 12:53:25 - [TEST_STEP][PASSED] - connection.setRequestMethod("GET"): null

2022-03-09 12:53:25 - [TEST_STEP][PASSED] - connection.setReadTimeout(2 * 1000): null

2022-03-09 12:53:25 - [TEST_STEP][PASSED] - try: null

2022-03-09 12:53:25 - [TEST_STEP][PASSED] - connection.connect(): null

2022-03-09 12:53:25 - [TEST_STEP][PASSED] - flag = connected: null

2022-03-09 12:53:25 - [TEST_STEP][PASSED] - println("Valor_ori: " + flag): null

2022-03-09 12:53:25 - [TEST_STEP][PASSED] - if (flag): null

2022-03-09 12:53:25 - [TEST_STEP][PASSED] - navigateToUrl(i): Navigate to 'http://192.168.2.80:8380/saraweb' successfully

2022-03-09 12:53:26 - [MESSAGE][PASSED] - Navigate to 'http://192.168.2.80:8380/saraweb' successfully

2022-03-09 12:53:26 - [TEST_STEP][PASSED] - a(): null

2022-03-09 12:53:26 - [TEST_STEP][PASSED] - setText(findTestObject("Login/input_USUARIO_loginusuario"), G_Usuario): Text 'saraadmin' is set on object 'Object Repository/Login/input_USUARIO_loginusuario'

2022-03-09 12:53:27 - [MESSAGE][PASSED] - Text 'saraadmin' is set on object 'Object Repository/Login/input_USUARIO_loginusuario'

2022-03-09 12:53:27 - [TEST_STEP][PASSED] - setEncryptedText(findTestObject("Login/input_CLAVE_loginpassword"), "MkG4/TYiCFC3cb2driP7+Q=="): Text ****** has been set on object 'Object Repository/Login/input_CLAVE_loginpassword'

2022-03-09 12:53:28 - [MESSAGE][PASSED] - Text ****** has been set on object 'Object Repository/Login/input_CLAVE_loginpassword'

2022-03-09 12:53:28 - [TEST_STEP][PASSED] - waitForElementClickable(findTestObject("Login/a_Ingresar"), G_TimeOut): Object 'Object Repository/Login/a_Ingresar' is clickable

2022-03-09 12:53:29 - [MESSAGE][PASSED] - Object 'Object Repository/Login/a_Ingresar' is clickable

2022-03-09 12:53:29 - [TEST_STEP][PASSED] - click(findTestObject("Login/a_Ingresar")): Object: 'Object Repository/Login/a_Ingresar' is clicked on

2022-03-09 12:53:31 - [MESSAGE][PASSED] - Object: 'Object Repository/Login/a_Ingresar' is clicked on

2022-03-09 12:53:31 - [TEST_STEP][PASSED] - element = findWebElement(findTestObject("Login/a_Ir"), 30): null

2022-03-09 12:53:31 - [TEST_STEP][PASSED] - executeJavaScript("arguments[0].click()", Arrays.asList(element)): Execute JavaScript 'arguments[0].click()' successfully

2022-03-09 12:53:31 - [MESSAGE][PASSED] - Execute JavaScript 'arguments[0].click()' successfully

2022-03-09 12:53:31 - [MESSAGE][PASSED] - Call Test Case 'Test Cases/0.1-Login' successfully

2022-03-09 12:53:31 - [TEST_STEP][PASSED] - waitForElementClickable(findTestObject("Modulo Actos Administrativos/Datos_Básicos_del_Empleado/input_Evento Bienestar_form_templatej_idt24_input"), 0): Object 'Object Repository/Modulo Actos Administrativos/Datos_Básicos_del_Empleado/input_Evento Bienestar_form_templatej_idt24_input' is clickable

2022-03-09 12:53:31 - [MESSAGE][WARNING] - Timeout '0' is invalid. Using default page load timeout: '30'

2022-03-09 12:53:32 - [MESSAGE][PASSED] - Object 'Object Repository/Modulo Actos Administrativos/Datos_Básicos_del_Empleado/input_Evento Bienestar_form_templatej_idt24_input' is clickable

2022-03-09 12:53:32 - [TEST_STEP][PASSED] - setText(findTestObject("Modulo Actos Administrativos/Datos_Básicos_del_Empleado/input_Evento Bienestar_form_templatej_idt24_input"), "Listado de Empleados"): Text 'Listado de Empleados' is set on object 'Object Repository/Modulo Actos Administrativos/Datos_Básicos_del_Empleado/input_Evento Bienestar_form_templatej_idt24_input'

2022-03-09 12:53:34 - [MESSAGE][PASSED] - Text 'Listado de Empleados' is set on object 'Object Repository/Modulo Actos Administrativos/Datos_Básicos_del_Empleado/input_Evento Bienestar_form_templatej_idt24_input'

2022-03-09 12:53:34 - [TEST_STEP][PASSED] - delay(1): Delayed 1 second(s)

2022-03-09 12:53:35 - [MESSAGE][PASSED] - Delayed 1 second(s)

2022-03-09 12:53:35 - [TEST_STEP][PASSED] - sendKeys(findTestObject("Modulo Actos Administrativos/Datos_Básicos_del_Empleado/input_Evento Bienestar_form_templatej_idt24_input"), Keys.chord(ENTER)): Keys 'ENTER + ' sent to object: 'Object Repository/Modulo Actos Administrativos/Datos_Básicos_del_Empleado/input_Evento Bienestar_form_templatej_idt24_input'

2022-03-09 12:53:35 - [MESSAGE][PASSED] - Keys 'ENTER + ' sent to object: 'Object Repository/Modulo Actos Administrativos/Datos_Básicos_del_Empleado/input_Evento Bienestar_form_templatej_idt24_input'

2022-03-09 12:53:35 - [TEST_STEP][PASSED] - setText(findTestObject("Modulo Actos Administrativos/Datos_Básicos_del_Empleado/input_Identificacin_listadoEmpleadoIdentificacionEmpleado"), "1234567890"): Text '1234567890' is set on object 'Object Repository/Modulo Actos Administrativos/Datos_Básicos_del_Empleado/input_Identificacin_listadoEmpleadoIdentificacionEmpleado'

2022-03-09 12:53:37 - [MESSAGE][PASSED] - Text '1234567890' is set on object 'Object Repository/Modulo Actos Administrativos/Datos_Básicos_del_Empleado/input_Identificacin_listadoEmpleadoIdentificacionEmpleado'

2022-03-09 12:53:37 - [TEST_STEP][PASSED] - sendKeys(findTestObject("Modulo Actos Administrativos/Datos_Básicos_del_Empleado/input_Identificacin_listadoEmpleadoIdentificacionEmpleado"), Keys.chord(ENTER)): Keys 'ENTER + ' sent to object: 'Object Repository/Modulo Actos Administrativos/Datos_Básicos_del_Empleado/input_Identificacin_listadoEmpleadoIdentificacionEmpleado'

2022-03-09 12:53:37 - [MESSAGE][PASSED] - Keys 'ENTER + ' sent to object: 'Object Repository/Modulo Actos Administrativos/Datos_Básicos_del_Empleado/input_Identificacin_listadoEmpleadoIdentificacionEmpleado'

2022-03-09 12:53:37 - [TEST_STEP][PASSED] - click(findTestObject("Modulo Actos Administrativos/Datos_Básicos_del_Empleado/span_1234567890")): Object: 'Object Repository/Modulo Actos Administrativos/Datos_Básicos_del_Empleado/span_1234567890' is clicked on

2022-03-09 12:53:38 - [MESSAGE][PASSED] - Object: 'Object Repository/Modulo Actos Administrativos/Datos_Básicos_del_Empleado/span_1234567890' is clicked on

2022-03-09 12:53:38 - [TEST_STEP][PASSED] - click(findTestObject("Modulo Actos Administrativos/Datos_Básicos_del_Empleado/a_Datos Empleado")): Object: 'Object Repository/Modulo Actos Administrativos/Datos_Básicos_del_Empleado/a_Datos Empleado' is clicked on

2022-03-09 12:53:39 - [MESSAGE][PASSED] - Object: 'Object Repository/Modulo Actos Administrativos/Datos_Básicos_del_Empleado/a_Datos Empleado' is clicked on

2022-03-09 12:53:39 - [TEST_STEP][PASSED] - click(findTestObject("Modulo Actos Administrativos/Datos_Básicos_del_Empleado/a_Pestaa_Variable")): Object: 'Object Repository/Modulo Actos Administrativos/Datos_Básicos_del_Empleado/a_Pestaa_Variable' is clicked on

2022-03-09 12:53:40 - [MESSAGE][PASSED] - Object: 'Object Repository/Modulo Actos Administrativos/Datos_Básicos_del_Empleado/a_Pestaa_Variable' is clicked on

2022-03-09 12:53:40 - [TEST_STEP][PASSED] - if (waitForElementClickable(findTestObject("Modulo Actos Administrativos/Datos_Básicos_del_Empleado/span_Metodo De Retencion En La Fuen"), 1)): null

2022-03-09 12:53:40 - [MESSAGE][PASSED] - Object 'Object Repository/Modulo Actos Administrativos/Datos_Básicos_del_Empleado/span_Metodo De Retencion En La Fuen' is clickable

2022-03-09 12:53:40 - [TEST_STEP][PASSED] - click(findTestObject("Modulo Actos Administrativos/Datos_Básicos_del_Empleado/span_Metodo De Retencion En La Fuen")): Object: 'Object Repository/Modulo Actos Administrativos/Datos_Básicos_del_Empleado/span_Metodo De Retencion En La Fuen' is clicked on

2022-03-09 12:53:41 - [MESSAGE][PASSED] - Object: 'Object Repository/Modulo Actos Administrativos/Datos_Básicos_del_Empleado/span_Metodo De Retencion En La Fuen' is clicked on

2022-03-09 12:53:41 - [TEST_STEP][PASSED] - sendKeys(findTestObject("Modulo Actos Administrativos/Datos_Básicos_del_Empleado/input_Hasta_variableempleado_formfechaHasta_input"), Keys.chord(ESCAPE)): Keys 'ESCAPE + ' sent to object: 'Object Repository/Modulo Actos Administrativos/Datos_Básicos_del_Empleado/input_Hasta_variableempleado_formfechaHasta_input'

2022-03-09 12:53:42 - [MESSAGE][PASSED] - Keys 'ESCAPE + ' sent to object: 'Object Repository/Modulo Actos Administrativos/Datos_Básicos_del_Empleado/input_Hasta_variableempleado_formfechaHasta_input'

2022-03-09 12:53:42 - [TEST_STEP][PASSED] - click(findTestObject("Modulo Actos Administrativos/Datos_Básicos_del_Empleado/a_Eliminar_Variable")): Object: 'Object Repository/Modulo Actos Administrativos/Datos_Básicos_del_Empleado/a_Eliminar_Variable' is clicked on

2022-03-09 12:53:42 - [MESSAGE][PASSED] - Object: 'Object Repository/Modulo Actos Administrativos/Datos_Básicos_del_Empleado/a_Eliminar_Variable' is clicked on

2022-03-09 12:53:42 - [TEST_STEP][PASSED] - click(findTestObject("Modulo Actos Administrativos/Datos_Básicos_del_Empleado/span_Si")): Object: 'Object Repository/Modulo Actos Administrativos/Datos_Básicos_del_Empleado/span_Si' is clicked on

2022-03-09 12:53:43 - [MESSAGE][PASSED] - Object: 'Object Repository/Modulo Actos Administrativos/Datos_Básicos_del_Empleado/span_Si' is clicked on

2022-03-09 12:53:43 - [TEST_STEP][PASSED] - click(findTestObject("Modulo Actos Administrativos/Datos_Básicos_del_Empleado/a_Nuevo_Variable")): Object: 'Object Repository/Modulo Actos Administrativos/Datos_Básicos_del_Empleado/a_Nuevo_Variable' is clicked on

2022-03-09 12:53:45 - [MESSAGE][PASSED] - Object: 'Object Repository/Modulo Actos Administrativos/Datos_Básicos_del_Empleado/a_Nuevo_Variable' is clicked on

2022-03-09 12:53:45 - [TEST_STEP][PASSED] - selectOptionByIndex(findTestObject("Modulo Actos Administrativos/Datos_Básicos_del_Empleado/select_Variable"), 43): All options with index in [43] are selected on object 'Object Repository/Modulo Actos Administrativos/Datos_Básicos_del_Empleado/select_Variable'

2022-03-09 12:53:47 - [MESSAGE][PASSED] - All options with index in [43] are selected on object 'Object Repository/Modulo Actos Administrativos/Datos_Básicos_del_Empleado/select_Variable'

2022-03-09 12:53:47 - [TEST_STEP][PASSED] - setText(findTestObject("Modulo Actos Administrativos/Datos_Básicos_del_Empleado/input_Vigencia_variableempleado_formfechaVigencia_input"), "01/08/2018"): Text '01/08/2018' is set on object 'Object Repository/Modulo Actos Administrativos/Datos_Básicos_del_Empleado/input_Vigencia_variableempleado_formfechaVigencia_input'

2022-03-09 12:53:48 - [MESSAGE][PASSED] - Text '01/08/2018' is set on object 'Object Repository/Modulo Actos Administrativos/Datos_Básicos_del_Empleado/input_Vigencia_variableempleado_formfechaVigencia_input'

2022-03-09 12:53:48 - [TEST_STEP][PASSED] - sendKeys(findTestObject("Modulo Actos Administrativos/Datos_Básicos_del_Empleado/input_Vigencia_variableempleado_formfechaVigencia_input"), Keys.chord(ESCAPE)): Keys 'ESCAPE + ' sent to object: 'Object Repository/Modulo Actos Administrativos/Datos_Básicos_del_Empleado/input_Vigencia_variableempleado_formfechaVigencia_input'

2022-03-09 12:53:49 - [MESSAGE][PASSED] - Keys 'ESCAPE + ' sent to object: 'Object Repository/Modulo Actos Administrativos/Datos_Básicos_del_Empleado/input_Vigencia_variableempleado_formfechaVigencia_input'

2022-03-09 12:53:49 - [TEST_STEP][PASSED] - setText(findTestObject("Modulo Actos Administrativos/Datos_Básicos_del_Empleado/input_Valor_variableempleado_formvalor"), "0"): Text '0' is set on object 'Object Repository/Modulo Actos Administrativos/Datos_Básicos_del_Empleado/input_Valor_variableempleado_formvalor'

2022-03-09 12:53:49 - [MESSAGE][PASSED] - Text '0' is set on object 'Object Repository/Modulo Actos Administrativos/Datos_Básicos_del_Empleado/input_Valor_variableempleado_formvalor'

2022-03-09 12:53:49 - [TEST_STEP][PASSED] - selectOptionByIndex(findTestObject("Modulo Actos Administrativos/Datos_Básicos_del_Empleado/select_-- seleccione --Ciclo 0Ciclo 1Ciclo 2"), "1"): All options with index in [1] are selected on object 'Object Repository/Modulo Actos Administrativos/Datos_Básicos_del_Empleado/select_-- seleccione --Ciclo 0Ciclo 1Ciclo 2'

2022-03-09 12:53:51 - [MESSAGE][PASSED] - All options with index in [1] are selected on object 'Object Repository/Modulo Actos Administrativos/Datos_Básicos_del_Empleado/select_-- seleccione --Ciclo 0Ciclo 1Ciclo 2'

2022-03-09 12:53:51 - [TEST_STEP][PASSED] - click(findTestObject("Modulo Actos Administrativos/Datos_Básicos_del_Empleado/a_Aplicar_variable")): Object: 'Object Repository/Modulo Actos Administrativos/Datos_Básicos_del_Empleado/a_Aplicar_variable' is clicked on

2022-03-09 12:53:52 - [MESSAGE][PASSED] - Object: 'Object Repository/Modulo Actos Administrativos/Datos_Básicos_del_Empleado/a_Aplicar_variable' is clicked on

2022-03-09 12:53:52 - [TEST_STEP][PASSED] - waitForElementClickable(findTestObject("Modulo Actos Administrativos/Datos_Básicos_del_Empleado/a_Novedad Fecha"), 0): Object 'Object Repository/Modulo Actos Administrativos/Datos_Básicos_del_Empleado/a_Novedad Fecha' is clickable

2022-03-09 12:53:52 - [MESSAGE][WARNING] - Timeout '0' is invalid. Using default page load timeout: '30'

2022-03-09 12:53:53 - [MESSAGE][PASSED] - Object 'Object Repository/Modulo Actos Administrativos/Datos_Básicos_del_Empleado/a_Novedad Fecha' is clickable

2022-03-09 12:53:53 - [TEST_STEP][PASSED] - click(findTestObject("Modulo Actos Administrativos/Datos_Básicos_del_Empleado/a_Novedad Fecha")): Object: 'Object Repository/Modulo Actos Administrativos/Datos_Básicos_del_Empleado/a_Novedad Fecha' is clicked on

2022-03-09 12:53:53 - [MESSAGE][PASSED] - Object: 'Object Repository/Modulo Actos Administrativos/Datos_Básicos_del_Empleado/a_Novedad Fecha' is clicked on

2022-03-09 12:53:53 - [TEST_STEP][PASSED] - if (waitForElementClickable(findTestObject("Modulo Actos Administrativos/Datos_Básicos_del_Empleado/span_Recargo Nocturno"), 1)): null

2022-03-09 12:53:54 - [MESSAGE][PASSED] - Object 'Object Repository/Modulo Actos Administrativos/Datos_Básicos_del_Empleado/span_Recargo Nocturno' is clickable

2022-03-09 12:53:54 - [TEST_STEP][PASSED] - click(findTestObject("Modulo Actos Administrativos/Datos_Básicos_del_Empleado/span_Recargo Nocturno")): Object: 'Object Repository/Modulo Actos Administrativos/Datos_Básicos_del_Empleado/span_Recargo Nocturno' is clicked on

2022-03-09 12:53:54 - [MESSAGE][PASSED] - Object: 'Object Repository/Modulo Actos Administrativos/Datos_Básicos_del_Empleado/span_Recargo Nocturno' is clicked on

2022-03-09 12:53:54 - [TEST_STEP][PASSED] - click(findTestObject("Modulo Actos Administrativos/Datos_Básicos_del_Empleado/a_Eliminar_Novedad")): Object: 'Object Repository/Modulo Actos Administrativos/Datos_Básicos_del_Empleado/a_Eliminar_Novedad' is clicked on

2022-03-09 12:53:56 - [MESSAGE][PASSED] - Object: 'Object Repository/Modulo Actos Administrativos/Datos_Básicos_del_Empleado/a_Eliminar_Novedad' is clicked on

2022-03-09 12:53:56 - [TEST_STEP][PASSED] - click(findTestObject("Modulo Actos Administrativos/Datos_Básicos_del_Empleado/span_Si_Novedad")): Object: 'Object Repository/Modulo Actos Administrativos/Datos_Básicos_del_Empleado/span_Si_Novedad' is clicked on

2022-03-09 12:53:56 - [MESSAGE][PASSED] - Object: 'Object Repository/Modulo Actos Administrativos/Datos_Básicos_del_Empleado/span_Si_Novedad' is clicked on

2022-03-09 12:53:56 - [TEST_STEP][PASSED] - click(findTestObject("Modulo Actos Administrativos/Datos_Básicos_del_Empleado/a_Nuevo_Novedad")): Object: 'Object Repository/Modulo Actos Administrativos/Datos_Básicos_del_Empleado/a_Nuevo_Novedad' is clicked on

2022-03-09 12:53:57 - [MESSAGE][PASSED] - Object: 'Object Repository/Modulo Actos Administrativos/Datos_Básicos_del_Empleado/a_Nuevo_Novedad' is clicked on

2022-03-09 12:53:57 - [TEST_STEP][PASSED] - selectOptionByIndex(findTestObject("Modulo Actos Administrativos/Datos_Básicos_del_Empleado/select_Auxilio Subsidio Familiar"), 9): All options with index in [9] are selected on object 'Object Repository/Modulo Actos Administrativos/Datos_Básicos_del_Empleado/select_Auxilio Subsidio Familiar'

2022-03-09 12:53:59 - [MESSAGE][PASSED] - All options with index in [9] are selected on object 'Object Repository/Modulo Actos Administrativos/Datos_Básicos_del_Empleado/select_Auxilio Subsidio Familiar'

2022-03-09 12:53:59 - [TEST_STEP][PASSED] - setText(findTestObject("Modulo Actos Administrativos/Datos_Básicos_del_Empleado/input_Vigencia_"), "01/07/2018"): Text '01/07/2018' is set on object 'Object Repository/Modulo Actos Administrativos/Datos_Básicos_del_Empleado/input_Vigencia_'

2022-03-09 12:54:01 - [MESSAGE][PASSED] - Text '01/07/2018' is set on object 'Object Repository/Modulo Actos Administrativos/Datos_Básicos_del_Empleado/input_Vigencia_'

2022-03-09 12:54:01 - [TEST_STEP][PASSED] - sendKeys(findTestObject("Modulo Actos Administrativos/Datos_Básicos_del_Empleado/input_Vigencia_"), Keys.chord(ENTER)): Keys 'ENTER + ' sent to object: 'Object Repository/Modulo Actos Administrativos/Datos_Básicos_del_Empleado/input_Vigencia_'

2022-03-09 12:54:01 - [MESSAGE][PASSED] - Keys 'ENTER + ' sent to object: 'Object Repository/Modulo Actos Administrativos/Datos_Básicos_del_Empleado/input_Vigencia_'

2022-03-09 12:54:01 - [TEST_STEP][PASSED] - setText(findTestObject("Modulo Actos Administrativos/Datos_Básicos_del_Empleado/input_Valor_"), "1"): Text '1' is set on object 'Object Repository/Modulo Actos Administrativos/Datos_Básicos_del_Empleado/input_Valor_'

2022-03-09 12:54:02 - [MESSAGE][PASSED] - Text '1' is set on object 'Object Repository/Modulo Actos Administrativos/Datos_Básicos_del_Empleado/input_Valor_'

2022-03-09 12:54:02 - [TEST_STEP][PASSED] - click(findTestObject("Modulo Actos Administrativos/Datos_Básicos_del_Empleado/a_Zona Econmica_variableempleado_formj_idt2653")): Object: 'Object Repository/Modulo Actos Administrativos/Datos_Básicos_del_Empleado/a_Zona Econmica_variableempleado_formj_idt2653' is clicked on

2022-03-09 12:54:03 - [MESSAGE][PASSED] - Object: 'Object Repository/Modulo Actos Administrativos/Datos_Básicos_del_Empleado/a_Zona Econmica_variableempleado_formj_idt2653' is clicked on

2022-03-09 12:54:03 - [TEST_STEP][PASSED] - click(findTestObject("Modulo Actos Administrativos/Datos_Básicos_del_Empleado/span_ADMINISTRATIVA")): Object: 'Object Repository/Modulo Actos Administrativos/Datos_Básicos_del_Empleado/span_ADMINISTRATIVA' is clicked on

2022-03-09 12:54:04 - [MESSAGE][PASSED] - Object: 'Object Repository/Modulo Actos Administrativos/Datos_Básicos_del_Empleado/span_ADMINISTRATIVA' is clicked on

2022-03-09 12:54:04 - [TEST_STEP][PASSED] - selectOptionByIndex(findTestObject("Modulo Actos Administrativos/Datos_Básicos_del_Empleado/select_1 - ADMINISTRATIVO. - NO RELACIONADA9999 - SUBCENTROS"), 1): All options with index in [1] are selected on object 'Object Repository/Modulo Actos Administrativos/Datos_Básicos_del_Empleado/select_1 - ADMINISTRATIVO. - NO RELACIONADA9999 - SUBCENTROS'

2022-03-09 12:54:05 - [MESSAGE][PASSED] - All options with index in [1] are selected on object 'Object Repository/Modulo Actos Administrativos/Datos_Básicos_del_Empleado/select_1 - ADMINISTRATIVO. - NO RELACIONADA9999 - SUBCENTROS'

2022-03-09 12:54:05 - [TEST_STEP][PASSED] - setText(findTestObject("Modulo Actos Administrativos/Datos_Básicos_del_Empleado/input_Cantidad_variableempleado_formcantidad"), "10"): Text '10' is set on object 'Object Repository/Modulo Actos Administrativos/Datos_Básicos_del_Empleado/input_Cantidad_variableempleado_formcantidad'

2022-03-09 12:54:06 - [MESSAGE][PASSED] - Text '10' is set on object 'Object Repository/Modulo Actos Administrativos/Datos_Básicos_del_Empleado/input_Cantidad_variableempleado_formcantidad'

2022-03-09 12:54:06 - [TEST_STEP][PASSED] - selectOptionByIndex(findTestObject("Modulo Actos Administrativos/Datos_Básicos_del_Empleado/select_-- seleccione"), "1"): All options with index in [1] are selected on object 'Object Repository/Modulo Actos Administrativos/Datos_Básicos_del_Empleado/select_-- seleccione'

2022-03-09 12:54:09 - [MESSAGE][PASSED] - All options with index in [1] are selected on object 'Object Repository/Modulo Actos Administrativos/Datos_Básicos_del_Empleado/select_-- seleccione'

2022-03-09 12:54:09 - [TEST_STEP][PASSED] - setText(findTestObject("Modulo Actos Administrativos/Datos_Básicos_del_Empleado/input_Presupuestal_variableempleado_formpresupuestal"), "100"): Text '100' is set on object 'Object Repository/Modulo Actos Administrativos/Datos_Básicos_del_Empleado/input_Presupuestal_variableempleado_formpresupuestal'

2022-03-09 12:54:09 - [MESSAGE][PASSED] - Text '100' is set on object 'Object Repository/Modulo Actos Administrativos/Datos_Básicos_del_Empleado/input_Presupuestal_variableempleado_formpresupuestal'

2022-03-09 12:54:09 - [TEST_STEP][PASSED] - click(findTestObject("Modulo Actos Administrativos/Datos_Básicos_del_Empleado/a_Aplicar_Novedad Fecha")): Object: 'Object Repository/Modulo Actos Administrativos/Datos_Básicos_del_Empleado/a_Aplicar_Novedad Fecha' is clicked on

2022-03-09 12:54:10 - [MESSAGE][PASSED] - Object: 'Object Repository/Modulo Actos Administrativos/Datos_Básicos_del_Empleado/a_Aplicar_Novedad Fecha' is clicked on

2022-03-09 12:54:10 - [TEST_STEP][PASSED] - click(findTestObject("Modulo Actos Administrativos/Datos_Básicos_del_Empleado/a_Concepto")): Object: 'Object Repository/Modulo Actos Administrativos/Datos_Básicos_del_Empleado/a_Concepto' is clicked on

2022-03-09 12:54:11 - [MESSAGE][PASSED] - Object: 'Object Repository/Modulo Actos Administrativos/Datos_Básicos_del_Empleado/a_Concepto' is clicked on

2022-03-09 12:54:11 - [TEST_STEP][PASSED] - if (waitForElementClickable(findTestObject("Modulo Actos Administrativos/Datos_Básicos_del_Empleado/span_Hora Extra Diurna Festiva_Concepto"), 1)): null

2022-03-09 12:54:11 - [MESSAGE][PASSED] - Object 'Object Repository/Modulo Actos Administrativos/Datos_Básicos_del_Empleado/span_Hora Extra Diurna Festiva_Concepto' is clickable

2022-03-09 12:54:11 - [TEST_STEP][PASSED] - click(findTestObject("Modulo Actos Administrativos/Datos_Básicos_del_Empleado/span_Hora Extra Diurna Festiva_Concepto")): Object: 'Object Repository/Modulo Actos Administrativos/Datos_Básicos_del_Empleado/span_Hora Extra Diurna Festiva_Concepto' is clicked on

2022-03-09 12:54:12 - [MESSAGE][PASSED] - Object: 'Object Repository/Modulo Actos Administrativos/Datos_Básicos_del_Empleado/span_Hora Extra Diurna Festiva_Concepto' is clicked on

2022-03-09 12:54:12 - [TEST_STEP][PASSED] - sendKeys(findTestObject("Modulo Actos Administrativos/Datos_Básicos_del_Empleado/input_Hasta_conceptoempleado_formfechaHasta_input_Concepto"), Keys.chord(ESCAPE)): Keys 'ESCAPE + ' sent to object: 'Object Repository/Modulo Actos Administrativos/Datos_Básicos_del_Empleado/input_Hasta_conceptoempleado_formfechaHasta_input_Concepto'

2022-03-09 12:54:13 - [MESSAGE][PASSED] - Keys 'ESCAPE + ' sent to object: 'Object Repository/Modulo Actos Administrativos/Datos_Básicos_del_Empleado/input_Hasta_conceptoempleado_formfechaHasta_input_Concepto'

2022-03-09 12:54:13 - [TEST_STEP][PASSED] - click(findTestObject("Modulo Actos Administrativos/Datos_Básicos_del_Empleado/a_Eliminar_concepto")): Object: 'Object Repository/Modulo Actos Administrativos/Datos_Básicos_del_Empleado/a_Eliminar_concepto' is clicked on

2022-03-09 12:54:14 - [MESSAGE][PASSED] - Object: 'Object Repository/Modulo Actos Administrativos/Datos_Básicos_del_Empleado/a_Eliminar_concepto' is clicked on

2022-03-09 12:54:14 - [TEST_STEP][PASSED] - click(findTestObject("Modulo Actos Administrativos/Datos_Básicos_del_Empleado/span_Si_concepto")): Object: 'Object Repository/Modulo Actos Administrativos/Datos_Básicos_del_Empleado/span_Si_concepto' is clicked on

2022-03-09 12:54:15 - [MESSAGE][PASSED] - Object: 'Object Repository/Modulo Actos Administrativos/Datos_Básicos_del_Empleado/span_Si_concepto' is clicked on

2022-03-09 12:54:15 - [TEST_STEP][PASSED] - click(findTestObject("Modulo Actos Administrativos/Datos_Básicos_del_Empleado/a_Nuevo_Concepto")): Object: 'Object Repository/Modulo Actos Administrativos/Datos_Básicos_del_Empleado/a_Nuevo_Concepto' is clicked on

2022-03-09 12:54:16 - [MESSAGE][PASSED] - Object: 'Object Repository/Modulo Actos Administrativos/Datos_Básicos_del_Empleado/a_Nuevo_Concepto' is clicked on

2022-03-09 12:54:16 - [TEST_STEP][PASSED] - click(findTestObject("Modulo Actos Administrativos/Datos_Básicos_del_Empleado/a_Concepto_conceptoempleado_formj_idt453")): Object: 'Object Repository/Modulo Actos Administrativos/Datos_Básicos_del_Empleado/a_Concepto_conceptoempleado_formj_idt453' is clicked on

2022-03-09 12:54:17 - [MESSAGE][PASSED] - Object: 'Object Repository/Modulo Actos Administrativos/Datos_Básicos_del_Empleado/a_Concepto_conceptoempleado_formj_idt453' is clicked on

2022-03-09 12:54:17 - [TEST_STEP][PASSED] - click(findTestObject("Modulo Actos Administrativos/Datos_Básicos_del_Empleado/span_HORA EXTRA DIURNA FESTIVA")): Object: 'Object Repository/Modulo Actos Administrativos/Datos_Básicos_del_Empleado/span_HORA EXTRA DIURNA FESTIVA' is clicked on

2022-03-09 12:54:18 - [MESSAGE][PASSED] - Object: 'Object Repository/Modulo Actos Administrativos/Datos_Básicos_del_Empleado/span_HORA EXTRA DIURNA FESTIVA' is clicked on

2022-03-09 12:54:18 - [TEST_STEP][PASSED] - setText(findTestObject("Modulo Actos Administrativos/Datos_Básicos_del_Empleado/input_Vigencia_conceptoempleado_formfechaVigencia_input"), "01/07/2018"): Text '01/07/2018' is set on object 'Object Repository/Modulo Actos Administrativos/Datos_Básicos_del_Empleado/input_Vigencia_conceptoempleado_formfechaVigencia_input'

2022-03-09 12:54:20 - [MESSAGE][PASSED] - Text '01/07/2018' is set on object 'Object Repository/Modulo Actos Administrativos/Datos_Básicos_del_Empleado/input_Vigencia_conceptoempleado_formfechaVigencia_input'

2022-03-09 12:54:20 - [TEST_STEP][PASSED] - sendKeys(findTestObject("Modulo Actos Administrativos/Datos_Básicos_del_Empleado/input_Vigencia_conceptoempleado_formfechaVigencia_input"), Keys.chord(ESCAPE)): Keys 'ESCAPE + ' sent to object: 'Object Repository/Modulo Actos Administrativos/Datos_Básicos_del_Empleado/input_Vigencia_conceptoempleado_formfechaVigencia_input'

2022-03-09 12:54:20 - [MESSAGE][PASSED] - Keys 'ESCAPE + ' sent to object: 'Object Repository/Modulo Actos Administrativos/Datos_Básicos_del_Empleado/input_Vigencia_conceptoempleado_formfechaVigencia_input'

2022-03-09 12:54:20 - [TEST_STEP][PASSED] - selectOptionByIndex(findTestObject("Modulo Actos Administrativos/Datos_Básicos_del_Empleado/select_-- SELECCIONAR LIQUIDACION"), "2"): All options with index in [2] are selected on object 'Object Repository/Modulo Actos Administrativos/Datos_Básicos_del_Empleado/select_-- SELECCIONAR LIQUIDACION'

2022-03-09 12:54:21 - [MESSAGE][PASSED] - All options with index in [2] are selected on object 'Object Repository/Modulo Actos Administrativos/Datos_Básicos_del_Empleado/select_-- SELECCIONAR LIQUIDACION'

2022-03-09 12:54:21 - [TEST_STEP][PASSED] - setText(findTestObject("Modulo Actos Administrativos/Datos_Básicos_del_Empleado/input_Valor_conceptoempleado_formvalor"), "100"): Text '100' is set on object 'Object Repository/Modulo Actos Administrativos/Datos_Básicos_del_Empleado/input_Valor_conceptoempleado_formvalor'

2022-03-09 12:54:22 - [MESSAGE][PASSED] - Text '100' is set on object 'Object Repository/Modulo Actos Administrativos/Datos_Básicos_del_Empleado/input_Valor_conceptoempleado_formvalor'

2022-03-09 12:54:22 - [TEST_STEP][PASSED] - selectOptionByIndex(findTestObject("Modulo Actos Administrativos/Datos_Básicos_del_Empleado/select_-- seleccione --Ciclo 0"), 1): All options with index in [1] are selected on object 'Object Repository/Modulo Actos Administrativos/Datos_Básicos_del_Empleado/select_-- seleccione --Ciclo 0'

2022-03-09 12:54:24 - [MESSAGE][PASSED] - All options with index in [1] are selected on object 'Object Repository/Modulo Actos Administrativos/Datos_Básicos_del_Empleado/select_-- seleccione --Ciclo 0'

2022-03-09 12:54:24 - [TEST_STEP][PASSED] - click(findTestObject("Modulo Actos Administrativos/Datos_Básicos_del_Empleado/a_Aplicar_Concepto")): Object: 'Object Repository/Modulo Actos Administrativos/Datos_Básicos_del_Empleado/a_Aplicar_Concepto' is clicked on

2022-03-09 12:54:24 - [MESSAGE][PASSED] - Object: 'Object Repository/Modulo Actos Administrativos/Datos_Básicos_del_Empleado/a_Aplicar_Concepto' is clicked on]]></system-out>
         <system-err><![CDATA[]]></system-err>
      </testcase>
      <testcase name="Test Cases/1.1-Tareas Principales/1.7.5 Ejecucion Diseño Reporte" time="28.511" classname="Test Cases/1.1-Tareas Principales/1.7.5 Ejecucion Diseño Reporte" status="PASSED">
         <system-out><![CDATA[2022-03-09 12:54:24 - [TEST_CASE][PASSED] - Test Cases/1.1-Tareas Principales/1.7.5 Ejecucion Diseño Reporte: Test Cases/1.1-Tareas Principales/1.7.5 Ejecucion Diseño Reporte

2022-03-09 12:54:25 - [TEST_STEP][PASSED] - callTestCase(findTestCase("0.1-Login"), [:], STOP_ON_FAILURE): Call Test Case 'Test Cases/0.1-Login' successfully

2022-03-09 12:54:25 - [TEST_CASE][PASSED] - Test Cases/0.1-Login: Test Cases/0.1-Login

2022-03-09 12:54:25 - [TEST_STEP][PASSED] - openBrowser(""): Browser is opened with url: ''

2022-03-09 12:54:25 - [MESSAGE][WARNING] - A browser is already opened. Closing browser and opening a new one

2022-03-09 12:54:26 - [MESSAGE][INFO] - Starting 'Chrome' driver

2022-03-09 12:54:26 - [MESSAGE][INFO] - Action delay is set to 0 milliseconds

2022-03-09 12:54:27 - [MESSAGE][PASSED] - Browser is opened with url: ''

2022-03-09 12:54:27 - [TEST_STEP][PASSED] - maximizeWindow(): Current window maximized

2022-03-09 12:54:27 - [MESSAGE][PASSED] - Current window maximized

2022-03-09 12:54:27 - [TEST_STEP][PASSED] - i = G_Login: null

2022-03-09 12:54:27 - [TEST_STEP][PASSED] - url = new java.net.URL(i): null

2022-03-09 12:54:27 - [TEST_STEP][PASSED] - println("URL: " + url.toString()): null

2022-03-09 12:54:27 - [TEST_STEP][PASSED] - connection = url.openConnection(): null

2022-03-09 12:54:27 - [TEST_STEP][PASSED] - connection.setRequestMethod("GET"): null

2022-03-09 12:54:27 - [TEST_STEP][PASSED] - connection.setReadTimeout(2 * 1000): null

2022-03-09 12:54:27 - [TEST_STEP][PASSED] - try: null

2022-03-09 12:54:27 - [TEST_STEP][PASSED] - connection.connect(): null

2022-03-09 12:54:27 - [TEST_STEP][PASSED] - flag = connected: null

2022-03-09 12:54:27 - [TEST_STEP][PASSED] - println("Valor_ori: " + flag): null

2022-03-09 12:54:27 - [TEST_STEP][PASSED] - if (flag): null

2022-03-09 12:54:27 - [TEST_STEP][PASSED] - navigateToUrl(i): Navigate to 'http://192.168.2.80:8380/saraweb' successfully

2022-03-09 12:54:28 - [MESSAGE][PASSED] - Navigate to 'http://192.168.2.80:8380/saraweb' successfully

2022-03-09 12:54:28 - [TEST_STEP][PASSED] - a(): null

2022-03-09 12:54:28 - [TEST_STEP][PASSED] - setText(findTestObject("Login/input_USUARIO_loginusuario"), G_Usuario): Text 'saraadmin' is set on object 'Object Repository/Login/input_USUARIO_loginusuario'

2022-03-09 12:54:29 - [MESSAGE][PASSED] - Text 'saraadmin' is set on object 'Object Repository/Login/input_USUARIO_loginusuario'

2022-03-09 12:54:29 - [TEST_STEP][PASSED] - setEncryptedText(findTestObject("Login/input_CLAVE_loginpassword"), "MkG4/TYiCFC3cb2driP7+Q=="): Text ****** has been set on object 'Object Repository/Login/input_CLAVE_loginpassword'

2022-03-09 12:54:29 - [MESSAGE][PASSED] - Text ****** has been set on object 'Object Repository/Login/input_CLAVE_loginpassword'

2022-03-09 12:54:29 - [TEST_STEP][PASSED] - waitForElementClickable(findTestObject("Login/a_Ingresar"), G_TimeOut): Object 'Object Repository/Login/a_Ingresar' is clickable

2022-03-09 12:54:30 - [MESSAGE][PASSED] - Object 'Object Repository/Login/a_Ingresar' is clickable

2022-03-09 12:54:30 - [TEST_STEP][PASSED] - click(findTestObject("Login/a_Ingresar")): Object: 'Object Repository/Login/a_Ingresar' is clicked on

2022-03-09 12:54:31 - [MESSAGE][PASSED] - Object: 'Object Repository/Login/a_Ingresar' is clicked on

2022-03-09 12:54:31 - [TEST_STEP][PASSED] - element = findWebElement(findTestObject("Login/a_Ir"), 30): null

2022-03-09 12:54:32 - [TEST_STEP][PASSED] - executeJavaScript("arguments[0].click()", Arrays.asList(element)): Execute JavaScript 'arguments[0].click()' successfully

2022-03-09 12:54:33 - [MESSAGE][PASSED] - Execute JavaScript 'arguments[0].click()' successfully

2022-03-09 12:54:33 - [MESSAGE][PASSED] - Call Test Case 'Test Cases/0.1-Login' successfully

2022-03-09 12:54:33 - [TEST_STEP][PASSED] - setText(findTestObject("Modulo_Ejecucion_Diseño_Reporte/input_Ejecutar Diseo Reporte_form_templatej_idt24_input"), "Ejecutar Diseño De Reporte"): Text 'Ejecutar Diseño De Reporte' is set on object 'Object Repository/Modulo_Ejecucion_Diseño_Reporte/input_Ejecutar Diseo Reporte_form_templatej_idt24_input'

2022-03-09 12:54:33 - [MESSAGE][PASSED] - Text 'Ejecutar Diseño De Reporte' is set on object 'Object Repository/Modulo_Ejecucion_Diseño_Reporte/input_Ejecutar Diseo Reporte_form_templatej_idt24_input'

2022-03-09 12:54:33 - [TEST_STEP][PASSED] - click(findTestObject("Modulo_Ejecucion_Diseño_Reporte/li_Ejecutar Diseo De Reporte (com)")): Object: 'Object Repository/Modulo_Ejecucion_Diseño_Reporte/li_Ejecutar Diseo De Reporte (com)' is clicked on

2022-03-09 12:54:35 - [MESSAGE][PASSED] - Object: 'Object Repository/Modulo_Ejecucion_Diseño_Reporte/li_Ejecutar Diseo De Reporte (com)' is clicked on

2022-03-09 12:54:35 - [TEST_STEP][PASSED] - click(findTestObject("Modulo_Ejecucion_Diseño_Reporte/td_CAUSACION CESANTIAS (FCORTE)")): Object: 'Object Repository/Modulo_Ejecucion_Diseño_Reporte/td_CAUSACION CESANTIAS (FCORTE)' is clicked on

2022-03-09 12:54:37 - [MESSAGE][PASSED] - Object: 'Object Repository/Modulo_Ejecucion_Diseño_Reporte/td_CAUSACION CESANTIAS (FCORTE)' is clicked on

2022-03-09 12:54:37 - [TEST_STEP][PASSED] - click(findTestObject("Modulo_Ejecucion_Diseño_Reporte/a_Generacin")): Object: 'Object Repository/Modulo_Ejecucion_Diseño_Reporte/a_Generacin' is clicked on

2022-03-09 12:54:38 - [MESSAGE][PASSED] - Object: 'Object Repository/Modulo_Ejecucion_Diseño_Reporte/a_Generacin' is clicked on

2022-03-09 12:54:38 - [TEST_STEP][PASSED] - click(findTestObject("Modulo_Ejecucion_Diseño_Reporte/span_Generar Tabla")): Object: 'Object Repository/Modulo_Ejecucion_Diseño_Reporte/span_Generar Tabla' is clicked on

2022-03-09 12:54:39 - [MESSAGE][PASSED] - Object: 'Object Repository/Modulo_Ejecucion_Diseño_Reporte/span_Generar Tabla' is clicked on

2022-03-09 12:54:39 - [TEST_STEP][PASSED] - click(findTestObject("Modulo_Ejecucion_Diseño_Reporte/a_Si")): Object: 'Object Repository/Modulo_Ejecucion_Diseño_Reporte/a_Si' is clicked on

2022-03-09 12:54:40 - [MESSAGE][PASSED] - Object: 'Object Repository/Modulo_Ejecucion_Diseño_Reporte/a_Si' is clicked on

2022-03-09 12:54:40 - [TEST_STEP][PASSED] - click(findTestObject("Modulo_Ejecucion_Diseño_Reporte/a_Continuar")): Object: 'Object Repository/Modulo_Ejecucion_Diseño_Reporte/a_Continuar' is clicked on

2022-03-09 12:54:43 - [MESSAGE][PASSED] - Object: 'Object Repository/Modulo_Ejecucion_Diseño_Reporte/a_Continuar' is clicked on

2022-03-09 12:54:43 - [TEST_STEP][PASSED] - click(findTestObject("Modulo_Ejecucion_Diseño_Reporte/a_Imprimir")): Object: 'Object Repository/Modulo_Ejecucion_Diseño_Reporte/a_Imprimir' is clicked on

2022-03-09 12:54:44 - [MESSAGE][PASSED] - Object: 'Object Repository/Modulo_Ejecucion_Diseño_Reporte/a_Imprimir' is clicked on

2022-03-09 12:54:44 - [TEST_STEP][PASSED] - click(findTestObject("Modulo_Ejecucion_Diseño_Reporte/label_Xlsdata")): Object: 'Object Repository/Modulo_Ejecucion_Diseño_Reporte/label_Xlsdata' is clicked on

2022-03-09 12:54:45 - [MESSAGE][PASSED] - Object: 'Object Repository/Modulo_Ejecucion_Diseño_Reporte/label_Xlsdata' is clicked on

2022-03-09 12:54:45 - [TEST_STEP][PASSED] - click(findTestObject("Modulo_Ejecucion_Diseño_Reporte/a_Reporte")): Object: 'Object Repository/Modulo_Ejecucion_Diseño_Reporte/a_Reporte' is clicked on

2022-03-09 12:54:47 - [MESSAGE][PASSED] - Object: 'Object Repository/Modulo_Ejecucion_Diseño_Reporte/a_Reporte' is clicked on

2022-03-09 12:54:47 - [TEST_STEP][PASSED] - click(findTestObject("Modulo_Ejecucion_Diseño_Reporte/span_E_ui-icon ui-icon-closethick")): Object: 'Object Repository/Modulo_Ejecucion_Diseño_Reporte/span_E_ui-icon ui-icon-closethick' is clicked on

2022-03-09 12:54:48 - [MESSAGE][PASSED] - Object: 'Object Repository/Modulo_Ejecucion_Diseño_Reporte/span_E_ui-icon ui-icon-closethick' is clicked on

2022-03-09 12:54:48 - [TEST_STEP][PASSED] - closeBrowser(): Browser is closed

2022-03-09 12:54:52 - [MESSAGE][PASSED] - Browser is closed]]></system-out>
         <system-err><![CDATA[]]></system-err>
      </testcase>
      <testcase name="Test Cases/1.1-Tareas Principales/1.7.6-Generacion_Interfaz_Contable" time="42.201" classname="Test Cases/1.1-Tareas Principales/1.7.6-Generacion_Interfaz_Contable" status="PASSED">
         <system-out><![CDATA[2022-03-09 12:54:52 - [TEST_CASE][PASSED] - Test Cases/1.1-Tareas Principales/1.7.6-Generacion_Interfaz_Contable: Test Cases/1.1-Tareas Principales/1.7.6-Generacion_Interfaz_Contable

2022-03-09 12:54:53 - [TEST_STEP][PASSED] - callTestCase(findTestCase("0.1-Login"), [:], STOP_ON_FAILURE): Call Test Case 'Test Cases/0.1-Login' successfully

2022-03-09 12:54:53 - [TEST_CASE][PASSED] - Test Cases/0.1-Login: Test Cases/0.1-Login

2022-03-09 12:54:53 - [TEST_STEP][PASSED] - openBrowser(""): Browser is opened with url: ''

2022-03-09 12:54:53 - [MESSAGE][INFO] - Starting 'Chrome' driver

2022-03-09 12:54:53 - [MESSAGE][INFO] - Action delay is set to 0 milliseconds

2022-03-09 12:54:55 - [MESSAGE][PASSED] - Browser is opened with url: ''

2022-03-09 12:54:55 - [TEST_STEP][PASSED] - maximizeWindow(): Current window maximized

2022-03-09 12:54:55 - [MESSAGE][PASSED] - Current window maximized

2022-03-09 12:54:55 - [TEST_STEP][PASSED] - i = G_Login: null

2022-03-09 12:54:55 - [TEST_STEP][PASSED] - url = new java.net.URL(i): null

2022-03-09 12:54:55 - [TEST_STEP][PASSED] - println("URL: " + url.toString()): null

2022-03-09 12:54:55 - [TEST_STEP][PASSED] - connection = url.openConnection(): null

2022-03-09 12:54:55 - [TEST_STEP][PASSED] - connection.setRequestMethod("GET"): null

2022-03-09 12:54:55 - [TEST_STEP][PASSED] - connection.setReadTimeout(2 * 1000): null

2022-03-09 12:54:55 - [TEST_STEP][PASSED] - try: null

2022-03-09 12:54:55 - [TEST_STEP][PASSED] - connection.connect(): null

2022-03-09 12:54:55 - [TEST_STEP][PASSED] - flag = connected: null

2022-03-09 12:54:55 - [TEST_STEP][PASSED] - println("Valor_ori: " + flag): null

2022-03-09 12:54:55 - [TEST_STEP][PASSED] - if (flag): null

2022-03-09 12:54:55 - [TEST_STEP][PASSED] - navigateToUrl(i): Navigate to 'http://192.168.2.80:8380/saraweb' successfully

2022-03-09 12:54:55 - [MESSAGE][PASSED] - Navigate to 'http://192.168.2.80:8380/saraweb' successfully

2022-03-09 12:54:55 - [TEST_STEP][PASSED] - a(): null

2022-03-09 12:54:55 - [TEST_STEP][PASSED] - setText(findTestObject("Login/input_USUARIO_loginusuario"), G_Usuario): Text 'saraadmin' is set on object 'Object Repository/Login/input_USUARIO_loginusuario'

2022-03-09 12:54:56 - [MESSAGE][PASSED] - Text 'saraadmin' is set on object 'Object Repository/Login/input_USUARIO_loginusuario'

2022-03-09 12:54:56 - [TEST_STEP][PASSED] - setEncryptedText(findTestObject("Login/input_CLAVE_loginpassword"), "MkG4/TYiCFC3cb2driP7+Q=="): Text ****** has been set on object 'Object Repository/Login/input_CLAVE_loginpassword'

2022-03-09 12:54:57 - [MESSAGE][PASSED] - Text ****** has been set on object 'Object Repository/Login/input_CLAVE_loginpassword'

2022-03-09 12:54:57 - [TEST_STEP][PASSED] - waitForElementClickable(findTestObject("Login/a_Ingresar"), G_TimeOut): Object 'Object Repository/Login/a_Ingresar' is clickable

2022-03-09 12:54:57 - [MESSAGE][PASSED] - Object 'Object Repository/Login/a_Ingresar' is clickable

2022-03-09 12:54:57 - [TEST_STEP][PASSED] - click(findTestObject("Login/a_Ingresar")): Object: 'Object Repository/Login/a_Ingresar' is clicked on

2022-03-09 12:54:59 - [MESSAGE][PASSED] - Object: 'Object Repository/Login/a_Ingresar' is clicked on

2022-03-09 12:54:59 - [TEST_STEP][PASSED] - element = findWebElement(findTestObject("Login/a_Ir"), 30): null

2022-03-09 12:54:59 - [TEST_STEP][PASSED] - executeJavaScript("arguments[0].click()", Arrays.asList(element)): Execute JavaScript 'arguments[0].click()' successfully

2022-03-09 12:54:59 - [MESSAGE][PASSED] - Execute JavaScript 'arguments[0].click()' successfully

2022-03-09 12:54:59 - [MESSAGE][PASSED] - Call Test Case 'Test Cases/0.1-Login' successfully

2022-03-09 12:54:59 - [TEST_STEP][PASSED] - setText(findTestObject("Modulo Tarea Administracion Compensacion/Generacion_Interfaz_Contable/input_Generacion Interfaz_form_templatej_idt24_input"), "Generacion Interfaz"): Text 'Generacion Interfaz' is set on object 'Object Repository/Modulo Tarea Administracion Compensacion/Generacion_Interfaz_Contable/input_Generacion Interfaz_form_templatej_idt24_input'

2022-03-09 12:55:01 - [MESSAGE][PASSED] - Text 'Generacion Interfaz' is set on object 'Object Repository/Modulo Tarea Administracion Compensacion/Generacion_Interfaz_Contable/input_Generacion Interfaz_form_templatej_idt24_input'

2022-03-09 12:55:01 - [TEST_STEP][PASSED] - click(findTestObject("Modulo Tarea Administracion Compensacion/Generacion_Interfaz_Contable/li_Generacion interfaz (com)")): Object: 'Object Repository/Modulo Tarea Administracion Compensacion/Generacion_Interfaz_Contable/li_Generacion interfaz (com)' is clicked on

2022-03-09 12:55:03 - [MESSAGE][PASSED] - Object: 'Object Repository/Modulo Tarea Administracion Compensacion/Generacion_Interfaz_Contable/li_Generacion interfaz (com)' is clicked on

2022-03-09 12:55:03 - [TEST_STEP][PASSED] - click(findTestObject("Modulo Tarea Administracion Compensacion/Generacion_Interfaz_Contable/span_INTERFAZ PROVISIONES")): Object: 'Object Repository/Modulo Tarea Administracion Compensacion/Generacion_Interfaz_Contable/span_INTERFAZ PROVISIONES' is clicked on

2022-03-09 12:55:04 - [MESSAGE][PASSED] - Object: 'Object Repository/Modulo Tarea Administracion Compensacion/Generacion_Interfaz_Contable/span_INTERFAZ PROVISIONES' is clicked on

2022-03-09 12:55:04 - [TEST_STEP][PASSED] - setText(findTestObject("Modulo Tarea Administracion Compensacion/Generacion_Interfaz_Contable/input_Fecha_generacionInterfazfechacomprobante_input"), "01/07/2017"): Text '01/07/2017' is set on object 'Object Repository/Modulo Tarea Administracion Compensacion/Generacion_Interfaz_Contable/input_Fecha_generacionInterfazfechacomprobante_input'

2022-03-09 12:55:05 - [MESSAGE][PASSED] - Text '01/07/2017' is set on object 'Object Repository/Modulo Tarea Administracion Compensacion/Generacion_Interfaz_Contable/input_Fecha_generacionInterfazfechacomprobante_input'

2022-03-09 12:55:05 - [TEST_STEP][PASSED] - click(findTestObject("Modulo Tarea Administracion Compensacion/Generacion_Interfaz_Contable/span_Filtrar")): Object: 'Object Repository/Modulo Tarea Administracion Compensacion/Generacion_Interfaz_Contable/span_Filtrar' is clicked on

2022-03-09 12:55:06 - [MESSAGE][PASSED] - Object: 'Object Repository/Modulo Tarea Administracion Compensacion/Generacion_Interfaz_Contable/span_Filtrar' is clicked on

2022-03-09 12:55:06 - [TEST_STEP][PASSED] - if (waitForElementPresent(findTestObject("Modulo Tarea Administracion Compensacion/Generacion_Interfaz_Contable/span_01072017"), 1)): Object 'Object Repository/Modulo Tarea Administracion Compensacion/Generacion_Interfaz_Contable/span_01072017' is not present after 1 second(s)

2022-03-09 12:55:08 - [MESSAGE][INFO] - Unable to find the element located by 'By.xpath: //*/text()[normalize-space(.)='01/07/2017']/parent::*'. Please recheck the objects properties to make sure the desired element is located. 

2022-03-09 12:55:08 - [MESSAGE][WARNING] - Object 'Object Repository/Modulo Tarea Administracion Compensacion/Generacion_Interfaz_Contable/span_01072017' is not present after 1 second(s)

2022-03-09 12:55:08 - [TEST_STEP][PASSED] - waitForElementPresent(findTestObject("Modulo Tarea Administracion Compensacion/Generacion_Interfaz_Contable/a_Generar"), 0): Object 'Object Repository/Modulo Tarea Administracion Compensacion/Generacion_Interfaz_Contable/a_Generar' is present

2022-03-09 12:55:08 - [MESSAGE][WARNING] - Timeout '0' is invalid. Using default page load timeout: '30'

2022-03-09 12:55:09 - [MESSAGE][PASSED] - Object 'Object Repository/Modulo Tarea Administracion Compensacion/Generacion_Interfaz_Contable/a_Generar' is present

2022-03-09 12:55:09 - [TEST_STEP][PASSED] - click(findTestObject("Modulo Tarea Administracion Compensacion/Generacion_Interfaz_Contable/a_Generar")): Object: 'Object Repository/Modulo Tarea Administracion Compensacion/Generacion_Interfaz_Contable/a_Generar' is clicked on

2022-03-09 12:55:09 - [MESSAGE][PASSED] - Object: 'Object Repository/Modulo Tarea Administracion Compensacion/Generacion_Interfaz_Contable/a_Generar' is clicked on

2022-03-09 12:55:09 - [TEST_STEP][PASSED] - selectOptionByIndex(findTestObject("Modulo Tarea Administracion Compensacion/Generacion_Interfaz_Contable/select_NOMINA MENSUALNOMINA QUINCENAL"), 2): All options with index in [2] are selected on object 'Object Repository/Modulo Tarea Administracion Compensacion/Generacion_Interfaz_Contable/select_NOMINA MENSUALNOMINA QUINCENAL'

2022-03-09 12:55:10 - [MESSAGE][PASSED] - All options with index in [2] are selected on object 'Object Repository/Modulo Tarea Administracion Compensacion/Generacion_Interfaz_Contable/select_NOMINA MENSUALNOMINA QUINCENAL'

2022-03-09 12:55:10 - [TEST_STEP][PASSED] - setText(findTestObject("Modulo Tarea Administracion Compensacion/Generacion_Interfaz_Contable/input_Fecha Inicial_popupGeneracionInterfazinicial_input"), "01/07/2017"): Text '01/07/2017' is set on object 'Object Repository/Modulo Tarea Administracion Compensacion/Generacion_Interfaz_Contable/input_Fecha Inicial_popupGeneracionInterfazinicial_input'

2022-03-09 12:55:11 - [MESSAGE][PASSED] - Text '01/07/2017' is set on object 'Object Repository/Modulo Tarea Administracion Compensacion/Generacion_Interfaz_Contable/input_Fecha Inicial_popupGeneracionInterfazinicial_input'

2022-03-09 12:55:11 - [TEST_STEP][PASSED] - setText(findTestObject("Modulo Tarea Administracion Compensacion/Generacion_Interfaz_Contable/input_Fecha Final_popupGeneracionInterfazfinal_input"), "31/07/2017"): Text '31/07/2017' is set on object 'Object Repository/Modulo Tarea Administracion Compensacion/Generacion_Interfaz_Contable/input_Fecha Final_popupGeneracionInterfazfinal_input'

2022-03-09 12:55:13 - [MESSAGE][PASSED] - Text '31/07/2017' is set on object 'Object Repository/Modulo Tarea Administracion Compensacion/Generacion_Interfaz_Contable/input_Fecha Final_popupGeneracionInterfazfinal_input'

2022-03-09 12:55:13 - [TEST_STEP][PASSED] - setText(findTestObject("Modulo Tarea Administracion Compensacion/Generacion_Interfaz_Contable/input_Fecha Proceso_popupGeneracionInterfazfechaProceso_input"), "01/07/2017"): Text '01/07/2017' is set on object 'Object Repository/Modulo Tarea Administracion Compensacion/Generacion_Interfaz_Contable/input_Fecha Proceso_popupGeneracionInterfazfechaProceso_input'

2022-03-09 12:55:14 - [MESSAGE][PASSED] - Text '01/07/2017' is set on object 'Object Repository/Modulo Tarea Administracion Compensacion/Generacion_Interfaz_Contable/input_Fecha Proceso_popupGeneracionInterfazfechaProceso_input'

2022-03-09 12:55:14 - [TEST_STEP][PASSED] - click(findTestObject("Modulo Tarea Administracion Compensacion/Generacion_Interfaz_Contable/span_Generar")): Object: 'Object Repository/Modulo Tarea Administracion Compensacion/Generacion_Interfaz_Contable/span_Generar' is clicked on

2022-03-09 12:55:14 - [MESSAGE][PASSED] - Object: 'Object Repository/Modulo Tarea Administracion Compensacion/Generacion_Interfaz_Contable/span_Generar' is clicked on

2022-03-09 12:55:14 - [TEST_STEP][PASSED] - click(findTestObject("Modulo Tarea Administracion Compensacion/Generacion_Interfaz_Contable/button_Si")): Object: 'Object Repository/Modulo Tarea Administracion Compensacion/Generacion_Interfaz_Contable/button_Si' is clicked on

2022-03-09 12:55:15 - [MESSAGE][PASSED] - Object: 'Object Repository/Modulo Tarea Administracion Compensacion/Generacion_Interfaz_Contable/button_Si' is clicked on

2022-03-09 12:55:15 - [TEST_STEP][PASSED] - click(findTestObject("Modulo Tarea Administracion Compensacion/Generacion_Interfaz_Contable/a_Continuar")): Object: 'Object Repository/Modulo Tarea Administracion Compensacion/Generacion_Interfaz_Contable/a_Continuar' is clicked on

2022-03-09 12:55:19 - [MESSAGE][PASSED] - Object: 'Object Repository/Modulo Tarea Administracion Compensacion/Generacion_Interfaz_Contable/a_Continuar' is clicked on

2022-03-09 12:55:19 - [TEST_STEP][PASSED] - click(findTestObject("Modulo Tarea Administracion Compensacion/Generacion_Interfaz_Contable/a_Exportar")): Object: 'Object Repository/Modulo Tarea Administracion Compensacion/Generacion_Interfaz_Contable/a_Exportar' is clicked on

2022-03-09 12:55:21 - [MESSAGE][PASSED] - Object: 'Object Repository/Modulo Tarea Administracion Compensacion/Generacion_Interfaz_Contable/a_Exportar' is clicked on

2022-03-09 12:55:21 - [TEST_STEP][PASSED] - if (waitForElementVisible(findTestObject("Modulo Tarea Administracion Compensacion/Generacion_Interfaz_Contable/span_Reporte_glyphicons glyphicons-article"), 1)): Web element with id: 'Object Repository/Modulo Tarea Administracion Compensacion/Generacion_Interfaz_Contable/span_Reporte_glyphicons glyphicons-article' located by '//a/div/span' not found

2022-03-09 12:55:23 - [MESSAGE][INFO] - Unable to find the element located by 'By.xpath: //a/div/span'. Please recheck the objects properties to make sure the desired element is located. 

2022-03-09 12:55:23 - [MESSAGE][WARNING] - Web element with id: 'Object Repository/Modulo Tarea Administracion Compensacion/Generacion_Interfaz_Contable/span_Reporte_glyphicons glyphicons-article' located by '//a/div/span' not found

2022-03-09 12:55:23 - [TEST_STEP][PASSED] - click(findTestObject("Modulo Tarea Administracion Compensacion/Generacion_Interfaz_Contable/label_pdf")): Object: 'Object Repository/Modulo Tarea Administracion Compensacion/Generacion_Interfaz_Contable/label_pdf' is clicked on

2022-03-09 12:55:23 - [MESSAGE][PASSED] - Object: 'Object Repository/Modulo Tarea Administracion Compensacion/Generacion_Interfaz_Contable/label_pdf' is clicked on

2022-03-09 12:55:23 - [TEST_STEP][PASSED] - click(findTestObject("Modulo Tarea Administracion Compensacion/Generacion_Interfaz_Contable/a_Generar Reporte")): Object: 'Object Repository/Modulo Tarea Administracion Compensacion/Generacion_Interfaz_Contable/a_Generar Reporte' is clicked on

2022-03-09 12:55:24 - [MESSAGE][PASSED] - Object: 'Object Repository/Modulo Tarea Administracion Compensacion/Generacion_Interfaz_Contable/a_Generar Reporte' is clicked on

2022-03-09 12:55:24 - [TEST_STEP][PASSED] - click(findTestObject("Modulo Tarea Administracion Compensacion/Generacion_Interfaz_Contable/a_Descargar")): Object: 'Object Repository/Modulo Tarea Administracion Compensacion/Generacion_Interfaz_Contable/a_Descargar' is clicked on

2022-03-09 12:55:25 - [MESSAGE][PASSED] - Object: 'Object Repository/Modulo Tarea Administracion Compensacion/Generacion_Interfaz_Contable/a_Descargar' is clicked on

2022-03-09 12:55:25 - [TEST_STEP][PASSED] - delay(1): Delayed 1 second(s)

2022-03-09 12:55:26 - [MESSAGE][PASSED] - Delayed 1 second(s)

2022-03-09 12:55:26 - [TEST_STEP][PASSED] - click(findTestObject("Modulo Tarea Administracion Compensacion/Generacion_Interfaz_Contable/a_Total Otro_ui-dialog-titlebar-icon ui-dialog-titlebar-close ui-corner-all ui-state-hover")): Object: 'Object Repository/Modulo Tarea Administracion Compensacion/Generacion_Interfaz_Contable/a_Total Otro_ui-dialog-titlebar-icon ui-dialog-titlebar-close ui-corner-all ui-state-hover' is clicked on

2022-03-09 12:55:27 - [MESSAGE][PASSED] - Object: 'Object Repository/Modulo Tarea Administracion Compensacion/Generacion_Interfaz_Contable/a_Total Otro_ui-dialog-titlebar-icon ui-dialog-titlebar-close ui-corner-all ui-state-hover' is clicked on

2022-03-09 12:55:27 - [TEST_STEP][PASSED] - click(findTestObject("Modulo Tarea Administracion Compensacion/Generacion_Interfaz_Contable/a_Exportar")): Object: 'Object Repository/Modulo Tarea Administracion Compensacion/Generacion_Interfaz_Contable/a_Exportar' is clicked on

2022-03-09 12:55:27 - [MESSAGE][PASSED] - Object: 'Object Repository/Modulo Tarea Administracion Compensacion/Generacion_Interfaz_Contable/a_Exportar' is clicked on

2022-03-09 12:55:27 - [TEST_STEP][PASSED] - if (waitForElementVisible(findTestObject("Modulo Tarea Administracion Compensacion/Generacion_Interfaz_Contable/span_Reporte_glyphicons glyphicons-article"), 1)): Web element with id: 'Object Repository/Modulo Tarea Administracion Compensacion/Generacion_Interfaz_Contable/span_Reporte_glyphicons glyphicons-article' located by '//a/div/span' not found

2022-03-09 12:55:30 - [MESSAGE][INFO] - Unable to find the element located by 'By.xpath: //a/div/span'. Please recheck the objects properties to make sure the desired element is located. 

2022-03-09 12:55:30 - [MESSAGE][WARNING] - Web element with id: 'Object Repository/Modulo Tarea Administracion Compensacion/Generacion_Interfaz_Contable/span_Reporte_glyphicons glyphicons-article' located by '//a/div/span' not found

2022-03-09 12:55:30 - [TEST_STEP][PASSED] - click(findTestObject("Modulo Tarea Administracion Compensacion/Generacion_Interfaz_Contable/label_xlsData")): Object: 'Object Repository/Modulo Tarea Administracion Compensacion/Generacion_Interfaz_Contable/label_xlsData' is clicked on

2022-03-09 12:55:30 - [MESSAGE][PASSED] - Object: 'Object Repository/Modulo Tarea Administracion Compensacion/Generacion_Interfaz_Contable/label_xlsData' is clicked on

2022-03-09 12:55:30 - [TEST_STEP][PASSED] - click(findTestObject("Modulo Tarea Administracion Compensacion/Generacion_Interfaz_Contable/a_Generar Reporte")): Object: 'Object Repository/Modulo Tarea Administracion Compensacion/Generacion_Interfaz_Contable/a_Generar Reporte' is clicked on

2022-03-09 12:55:31 - [MESSAGE][PASSED] - Object: 'Object Repository/Modulo Tarea Administracion Compensacion/Generacion_Interfaz_Contable/a_Generar Reporte' is clicked on

2022-03-09 12:55:31 - [TEST_STEP][PASSED] - click(findTestObject("Modulo Tarea Administracion Compensacion/Generacion_Interfaz_Contable/a_Descargar")): Object: 'Object Repository/Modulo Tarea Administracion Compensacion/Generacion_Interfaz_Contable/a_Descargar' is clicked on

2022-03-09 12:55:32 - [MESSAGE][PASSED] - Object: 'Object Repository/Modulo Tarea Administracion Compensacion/Generacion_Interfaz_Contable/a_Descargar' is clicked on

2022-03-09 12:55:32 - [TEST_STEP][PASSED] - closeBrowser(): Browser is closed

2022-03-09 12:55:35 - [MESSAGE][PASSED] - Browser is closed]]></system-out>
         <system-err><![CDATA[]]></system-err>
      </testcase>
      <testcase name="Test Cases/1.1-Tareas Principales/1.7.7-Crear_Días_Festivos" time="42.175" classname="Test Cases/1.1-Tareas Principales/1.7.7-Crear_Días_Festivos" status="PASSED">
         <system-out><![CDATA[2022-03-09 12:55:35 - [TEST_CASE][PASSED] - Test Cases/1.1-Tareas Principales/1.7.7-Crear_Días_Festivos: Test Cases/1.1-Tareas Principales/1.7.7-Crear_Días_Festivos

2022-03-09 12:55:35 - [TEST_STEP][PASSED] - callTestCase(findTestCase("0.1-Login"), [:], STOP_ON_FAILURE): Call Test Case 'Test Cases/0.1-Login' successfully

2022-03-09 12:55:35 - [TEST_CASE][PASSED] - Test Cases/0.1-Login: Test Cases/0.1-Login

2022-03-09 12:55:35 - [TEST_STEP][PASSED] - openBrowser(""): Browser is opened with url: ''

2022-03-09 12:55:35 - [MESSAGE][INFO] - Starting 'Chrome' driver

2022-03-09 12:55:35 - [MESSAGE][INFO] - Action delay is set to 0 milliseconds

2022-03-09 12:55:37 - [MESSAGE][PASSED] - Browser is opened with url: ''

2022-03-09 12:55:37 - [TEST_STEP][PASSED] - maximizeWindow(): Current window maximized

2022-03-09 12:55:37 - [MESSAGE][PASSED] - Current window maximized

2022-03-09 12:55:37 - [TEST_STEP][PASSED] - i = G_Login: null

2022-03-09 12:55:37 - [TEST_STEP][PASSED] - url = new java.net.URL(i): null

2022-03-09 12:55:37 - [TEST_STEP][PASSED] - println("URL: " + url.toString()): null

2022-03-09 12:55:37 - [TEST_STEP][PASSED] - connection = url.openConnection(): null

2022-03-09 12:55:37 - [TEST_STEP][PASSED] - connection.setRequestMethod("GET"): null

2022-03-09 12:55:37 - [TEST_STEP][PASSED] - connection.setReadTimeout(2 * 1000): null

2022-03-09 12:55:37 - [TEST_STEP][PASSED] - try: null

2022-03-09 12:55:37 - [TEST_STEP][PASSED] - connection.connect(): null

2022-03-09 12:55:37 - [TEST_STEP][PASSED] - flag = connected: null

2022-03-09 12:55:37 - [TEST_STEP][PASSED] - println("Valor_ori: " + flag): null

2022-03-09 12:55:37 - [TEST_STEP][PASSED] - if (flag): null

2022-03-09 12:55:37 - [TEST_STEP][PASSED] - navigateToUrl(i): Navigate to 'http://192.168.2.80:8380/saraweb' successfully

2022-03-09 12:55:38 - [MESSAGE][PASSED] - Navigate to 'http://192.168.2.80:8380/saraweb' successfully

2022-03-09 12:55:38 - [TEST_STEP][PASSED] - a(): null

2022-03-09 12:55:38 - [TEST_STEP][PASSED] - setText(findTestObject("Login/input_USUARIO_loginusuario"), G_Usuario): Text 'saraadmin' is set on object 'Object Repository/Login/input_USUARIO_loginusuario'

2022-03-09 12:55:38 - [MESSAGE][PASSED] - Text 'saraadmin' is set on object 'Object Repository/Login/input_USUARIO_loginusuario'

2022-03-09 12:55:38 - [TEST_STEP][PASSED] - setEncryptedText(findTestObject("Login/input_CLAVE_loginpassword"), "MkG4/TYiCFC3cb2driP7+Q=="): Text ****** has been set on object 'Object Repository/Login/input_CLAVE_loginpassword'

2022-03-09 12:55:39 - [MESSAGE][PASSED] - Text ****** has been set on object 'Object Repository/Login/input_CLAVE_loginpassword'

2022-03-09 12:55:39 - [TEST_STEP][PASSED] - waitForElementClickable(findTestObject("Login/a_Ingresar"), G_TimeOut): Object 'Object Repository/Login/a_Ingresar' is clickable

2022-03-09 12:55:39 - [MESSAGE][PASSED] - Object 'Object Repository/Login/a_Ingresar' is clickable

2022-03-09 12:55:39 - [TEST_STEP][PASSED] - click(findTestObject("Login/a_Ingresar")): Object: 'Object Repository/Login/a_Ingresar' is clicked on

2022-03-09 12:55:40 - [MESSAGE][PASSED] - Object: 'Object Repository/Login/a_Ingresar' is clicked on

2022-03-09 12:55:40 - [TEST_STEP][PASSED] - element = findWebElement(findTestObject("Login/a_Ir"), 30): null

2022-03-09 12:55:41 - [TEST_STEP][PASSED] - executeJavaScript("arguments[0].click()", Arrays.asList(element)): Execute JavaScript 'arguments[0].click()' successfully

2022-03-09 12:55:41 - [MESSAGE][PASSED] - Execute JavaScript 'arguments[0].click()' successfully

2022-03-09 12:55:41 - [MESSAGE][PASSED] - Call Test Case 'Test Cases/0.1-Login' successfully

2022-03-09 12:55:41 - [TEST_STEP][PASSED] - setText(findTestObject("Modulo Tarea Administracion Compensacion/Crear_Días_Festivos/input_Empresa 1_form_templatej_idt24_input"), "Dias Festivos"): Text 'Dias Festivos' is set on object 'Object Repository/Modulo Tarea Administracion Compensacion/Crear_Días_Festivos/input_Empresa 1_form_templatej_idt24_input'

2022-03-09 12:55:42 - [MESSAGE][PASSED] - Text 'Dias Festivos' is set on object 'Object Repository/Modulo Tarea Administracion Compensacion/Crear_Días_Festivos/input_Empresa 1_form_templatej_idt24_input'

2022-03-09 12:55:42 - [TEST_STEP][PASSED] - click(findTestObject("Modulo Tarea Administracion Compensacion/Crear_Días_Festivos/li_Dias Festivos (com)")): Object: 'Object Repository/Modulo Tarea Administracion Compensacion/Crear_Días_Festivos/li_Dias Festivos (com)' is clicked on

2022-03-09 12:55:44 - [MESSAGE][PASSED] - Object: 'Object Repository/Modulo Tarea Administracion Compensacion/Crear_Días_Festivos/li_Dias Festivos (com)' is clicked on

2022-03-09 12:55:44 - [TEST_STEP][PASSED] - setText(findTestObject("Modulo Tarea Administracion Compensacion/Crear_Días_Festivos/input_Actos Administrativos_form_diasfestivosdescripcionFiltroConcepto"), "pruebas katalon"): Text 'pruebas katalon' is set on object 'Object Repository/Modulo Tarea Administracion Compensacion/Crear_Días_Festivos/input_Actos Administrativos_form_diasfestivosdescripcionFiltroConcepto'

2022-03-09 12:55:45 - [MESSAGE][PASSED] - Text 'pruebas katalon' is set on object 'Object Repository/Modulo Tarea Administracion Compensacion/Crear_Días_Festivos/input_Actos Administrativos_form_diasfestivosdescripcionFiltroConcepto'

2022-03-09 12:55:45 - [TEST_STEP][PASSED] - sendKeys(findTestObject("Modulo Tarea Administracion Compensacion/Crear_Días_Festivos/input_Actos Administrativos_form_diasfestivosdescripcionFiltroConcepto"), Keys.chord(ENTER)): Keys 'ENTER + ' sent to object: 'Object Repository/Modulo Tarea Administracion Compensacion/Crear_Días_Festivos/input_Actos Administrativos_form_diasfestivosdescripcionFiltroConcepto'

2022-03-09 12:55:47 - [MESSAGE][PASSED] - Keys 'ENTER + ' sent to object: 'Object Repository/Modulo Tarea Administracion Compensacion/Crear_Días_Festivos/input_Actos Administrativos_form_diasfestivosdescripcionFiltroConcepto'

2022-03-09 12:55:47 - [TEST_STEP][PASSED] - if (waitForElementVisible(findTestObject("Modulo Tarea Administracion Compensacion/Crear_Días_Festivos/td_Pruebas katalon"), 1)): null

2022-03-09 12:55:48 - [MESSAGE][PASSED] - Object 'Object Repository/Modulo Tarea Administracion Compensacion/Crear_Días_Festivos/td_Pruebas katalon' is visible

2022-03-09 12:55:48 - [TEST_STEP][PASSED] - click(findTestObject("Modulo Tarea Administracion Compensacion/Crear_Días_Festivos/td_Pruebas katalon"), STOP_ON_FAILURE): Object: 'Object Repository/Modulo Tarea Administracion Compensacion/Crear_Días_Festivos/td_Pruebas katalon' is clicked on

2022-03-09 12:55:48 - [MESSAGE][PASSED] - Object: 'Object Repository/Modulo Tarea Administracion Compensacion/Crear_Días_Festivos/td_Pruebas katalon' is clicked on

2022-03-09 12:55:48 - [TEST_STEP][PASSED] - leerMes = getText(findTestObject("Modulo Tarea Administracion Compensacion/Crear_Días_Festivos/h2_enero 2021")): Text of object 'Object Repository/Modulo Tarea Administracion Compensacion/Crear_Días_Festivos/h2_enero 2021' is: 'marzo de 2022'

2022-03-09 12:55:50 - [MESSAGE][PASSED] - Text of object 'Object Repository/Modulo Tarea Administracion Compensacion/Crear_Días_Festivos/h2_enero 2021' is: 'marzo de 2022'

2022-03-09 12:55:50 - [TEST_STEP][PASSED] - Mes = leerMes: null

2022-03-09 12:55:50 - [TEST_STEP][PASSED] - while (Mes != "enero de 2021"): null

2022-03-09 12:55:50 - [TEST_STEP][PASSED] - click(findTestObject("Modulo Tarea Administracion Compensacion/Crear_Días_Festivos/span_Modo_fc-icon fc-icon-left-single-arrow_regresarMes"), STOP_ON_FAILURE): Object: 'Object Repository/Modulo Tarea Administracion Compensacion/Crear_Días_Festivos/span_Modo_fc-icon fc-icon-left-single-arrow_regresarMes' is clicked on

2022-03-09 12:55:50 - [MESSAGE][PASSED] - Object: 'Object Repository/Modulo Tarea Administracion Compensacion/Crear_Días_Festivos/span_Modo_fc-icon fc-icon-left-single-arrow_regresarMes' is clicked on

2022-03-09 12:55:50 - [TEST_STEP][PASSED] - Mes1 = getText(findTestObject("Modulo Tarea Administracion Compensacion/Crear_Días_Festivos/h2_enero 2021")): Text of object 'Object Repository/Modulo Tarea Administracion Compensacion/Crear_Días_Festivos/h2_enero 2021' is: 'febrero de 2022'

2022-03-09 12:55:51 - [MESSAGE][PASSED] - Text of object 'Object Repository/Modulo Tarea Administracion Compensacion/Crear_Días_Festivos/h2_enero 2021' is: 'febrero de 2022'

2022-03-09 12:55:51 - [TEST_STEP][PASSED] - Mes = Mes1: null

2022-03-09 12:55:51 - [TEST_STEP][PASSED] - click(findTestObject("Modulo Tarea Administracion Compensacion/Crear_Días_Festivos/span_Modo_fc-icon fc-icon-left-single-arrow_regresarMes"), STOP_ON_FAILURE): Object: 'Object Repository/Modulo Tarea Administracion Compensacion/Crear_Días_Festivos/span_Modo_fc-icon fc-icon-left-single-arrow_regresarMes' is clicked on

2022-03-09 12:55:52 - [MESSAGE][PASSED] - Object: 'Object Repository/Modulo Tarea Administracion Compensacion/Crear_Días_Festivos/span_Modo_fc-icon fc-icon-left-single-arrow_regresarMes' is clicked on

2022-03-09 12:55:52 - [TEST_STEP][PASSED] - Mes1 = getText(findTestObject("Modulo Tarea Administracion Compensacion/Crear_Días_Festivos/h2_enero 2021")): Text of object 'Object Repository/Modulo Tarea Administracion Compensacion/Crear_Días_Festivos/h2_enero 2021' is: 'enero de 2022'

2022-03-09 12:55:52 - [MESSAGE][PASSED] - Text of object 'Object Repository/Modulo Tarea Administracion Compensacion/Crear_Días_Festivos/h2_enero 2021' is: 'enero de 2022'

2022-03-09 12:55:52 - [TEST_STEP][PASSED] - Mes = Mes1: null

2022-03-09 12:55:52 - [TEST_STEP][PASSED] - click(findTestObject("Modulo Tarea Administracion Compensacion/Crear_Días_Festivos/span_Modo_fc-icon fc-icon-left-single-arrow_regresarMes"), STOP_ON_FAILURE): Object: 'Object Repository/Modulo Tarea Administracion Compensacion/Crear_Días_Festivos/span_Modo_fc-icon fc-icon-left-single-arrow_regresarMes' is clicked on

2022-03-09 12:55:53 - [MESSAGE][PASSED] - Object: 'Object Repository/Modulo Tarea Administracion Compensacion/Crear_Días_Festivos/span_Modo_fc-icon fc-icon-left-single-arrow_regresarMes' is clicked on

2022-03-09 12:55:53 - [TEST_STEP][PASSED] - Mes1 = getText(findTestObject("Modulo Tarea Administracion Compensacion/Crear_Días_Festivos/h2_enero 2021")): Text of object 'Object Repository/Modulo Tarea Administracion Compensacion/Crear_Días_Festivos/h2_enero 2021' is: 'diciembre de 2021'

2022-03-09 12:55:53 - [MESSAGE][PASSED] - Text of object 'Object Repository/Modulo Tarea Administracion Compensacion/Crear_Días_Festivos/h2_enero 2021' is: 'diciembre de 2021'

2022-03-09 12:55:53 - [TEST_STEP][PASSED] - Mes = Mes1: null

2022-03-09 12:55:53 - [TEST_STEP][PASSED] - click(findTestObject("Modulo Tarea Administracion Compensacion/Crear_Días_Festivos/span_Modo_fc-icon fc-icon-left-single-arrow_regresarMes"), STOP_ON_FAILURE): Object: 'Object Repository/Modulo Tarea Administracion Compensacion/Crear_Días_Festivos/span_Modo_fc-icon fc-icon-left-single-arrow_regresarMes' is clicked on

2022-03-09 12:55:53 - [MESSAGE][PASSED] - Object: 'Object Repository/Modulo Tarea Administracion Compensacion/Crear_Días_Festivos/span_Modo_fc-icon fc-icon-left-single-arrow_regresarMes' is clicked on

2022-03-09 12:55:53 - [TEST_STEP][PASSED] - Mes1 = getText(findTestObject("Modulo Tarea Administracion Compensacion/Crear_Días_Festivos/h2_enero 2021")): Text of object 'Object Repository/Modulo Tarea Administracion Compensacion/Crear_Días_Festivos/h2_enero 2021' is: 'noviembre de 2021'

2022-03-09 12:55:54 - [MESSAGE][PASSED] - Text of object 'Object Repository/Modulo Tarea Administracion Compensacion/Crear_Días_Festivos/h2_enero 2021' is: 'noviembre de 2021'

2022-03-09 12:55:54 - [TEST_STEP][PASSED] - Mes = Mes1: null

2022-03-09 12:55:54 - [TEST_STEP][PASSED] - click(findTestObject("Modulo Tarea Administracion Compensacion/Crear_Días_Festivos/span_Modo_fc-icon fc-icon-left-single-arrow_regresarMes"), STOP_ON_FAILURE): Object: 'Object Repository/Modulo Tarea Administracion Compensacion/Crear_Días_Festivos/span_Modo_fc-icon fc-icon-left-single-arrow_regresarMes' is clicked on

2022-03-09 12:55:55 - [MESSAGE][PASSED] - Object: 'Object Repository/Modulo Tarea Administracion Compensacion/Crear_Días_Festivos/span_Modo_fc-icon fc-icon-left-single-arrow_regresarMes' is clicked on

2022-03-09 12:55:55 - [TEST_STEP][PASSED] - Mes1 = getText(findTestObject("Modulo Tarea Administracion Compensacion/Crear_Días_Festivos/h2_enero 2021")): Text of object 'Object Repository/Modulo Tarea Administracion Compensacion/Crear_Días_Festivos/h2_enero 2021' is: 'octubre de 2021'

2022-03-09 12:55:55 - [MESSAGE][PASSED] - Text of object 'Object Repository/Modulo Tarea Administracion Compensacion/Crear_Días_Festivos/h2_enero 2021' is: 'octubre de 2021'

2022-03-09 12:55:55 - [TEST_STEP][PASSED] - Mes = Mes1: null

2022-03-09 12:55:55 - [TEST_STEP][PASSED] - click(findTestObject("Modulo Tarea Administracion Compensacion/Crear_Días_Festivos/span_Modo_fc-icon fc-icon-left-single-arrow_regresarMes"), STOP_ON_FAILURE): Object: 'Object Repository/Modulo Tarea Administracion Compensacion/Crear_Días_Festivos/span_Modo_fc-icon fc-icon-left-single-arrow_regresarMes' is clicked on

2022-03-09 12:55:55 - [MESSAGE][PASSED] - Object: 'Object Repository/Modulo Tarea Administracion Compensacion/Crear_Días_Festivos/span_Modo_fc-icon fc-icon-left-single-arrow_regresarMes' is clicked on

2022-03-09 12:55:55 - [TEST_STEP][PASSED] - Mes1 = getText(findTestObject("Modulo Tarea Administracion Compensacion/Crear_Días_Festivos/h2_enero 2021")): Text of object 'Object Repository/Modulo Tarea Administracion Compensacion/Crear_Días_Festivos/h2_enero 2021' is: 'septiembre de 2021'

2022-03-09 12:55:56 - [MESSAGE][PASSED] - Text of object 'Object Repository/Modulo Tarea Administracion Compensacion/Crear_Días_Festivos/h2_enero 2021' is: 'septiembre de 2021'

2022-03-09 12:55:56 - [TEST_STEP][PASSED] - Mes = Mes1: null

2022-03-09 12:55:56 - [TEST_STEP][PASSED] - click(findTestObject("Modulo Tarea Administracion Compensacion/Crear_Días_Festivos/span_Modo_fc-icon fc-icon-left-single-arrow_regresarMes"), STOP_ON_FAILURE): Object: 'Object Repository/Modulo Tarea Administracion Compensacion/Crear_Días_Festivos/span_Modo_fc-icon fc-icon-left-single-arrow_regresarMes' is clicked on

2022-03-09 12:55:56 - [MESSAGE][PASSED] - Object: 'Object Repository/Modulo Tarea Administracion Compensacion/Crear_Días_Festivos/span_Modo_fc-icon fc-icon-left-single-arrow_regresarMes' is clicked on

2022-03-09 12:55:56 - [TEST_STEP][PASSED] - Mes1 = getText(findTestObject("Modulo Tarea Administracion Compensacion/Crear_Días_Festivos/h2_enero 2021")): Text of object 'Object Repository/Modulo Tarea Administracion Compensacion/Crear_Días_Festivos/h2_enero 2021' is: 'agosto de 2021'

2022-03-09 12:55:57 - [MESSAGE][PASSED] - Text of object 'Object Repository/Modulo Tarea Administracion Compensacion/Crear_Días_Festivos/h2_enero 2021' is: 'agosto de 2021'

2022-03-09 12:55:57 - [TEST_STEP][PASSED] - Mes = Mes1: null

2022-03-09 12:55:57 - [TEST_STEP][PASSED] - click(findTestObject("Modulo Tarea Administracion Compensacion/Crear_Días_Festivos/span_Modo_fc-icon fc-icon-left-single-arrow_regresarMes"), STOP_ON_FAILURE): Object: 'Object Repository/Modulo Tarea Administracion Compensacion/Crear_Días_Festivos/span_Modo_fc-icon fc-icon-left-single-arrow_regresarMes' is clicked on

2022-03-09 12:55:57 - [MESSAGE][PASSED] - Object: 'Object Repository/Modulo Tarea Administracion Compensacion/Crear_Días_Festivos/span_Modo_fc-icon fc-icon-left-single-arrow_regresarMes' is clicked on

2022-03-09 12:55:57 - [TEST_STEP][PASSED] - Mes1 = getText(findTestObject("Modulo Tarea Administracion Compensacion/Crear_Días_Festivos/h2_enero 2021")): Text of object 'Object Repository/Modulo Tarea Administracion Compensacion/Crear_Días_Festivos/h2_enero 2021' is: 'julio de 2021'

2022-03-09 12:55:58 - [MESSAGE][PASSED] - Text of object 'Object Repository/Modulo Tarea Administracion Compensacion/Crear_Días_Festivos/h2_enero 2021' is: 'julio de 2021'

2022-03-09 12:55:58 - [TEST_STEP][PASSED] - Mes = Mes1: null

2022-03-09 12:55:58 - [TEST_STEP][PASSED] - click(findTestObject("Modulo Tarea Administracion Compensacion/Crear_Días_Festivos/span_Modo_fc-icon fc-icon-left-single-arrow_regresarMes"), STOP_ON_FAILURE): Object: 'Object Repository/Modulo Tarea Administracion Compensacion/Crear_Días_Festivos/span_Modo_fc-icon fc-icon-left-single-arrow_regresarMes' is clicked on

2022-03-09 12:55:58 - [MESSAGE][PASSED] - Object: 'Object Repository/Modulo Tarea Administracion Compensacion/Crear_Días_Festivos/span_Modo_fc-icon fc-icon-left-single-arrow_regresarMes' is clicked on

2022-03-09 12:55:58 - [TEST_STEP][PASSED] - Mes1 = getText(findTestObject("Modulo Tarea Administracion Compensacion/Crear_Días_Festivos/h2_enero 2021")): Text of object 'Object Repository/Modulo Tarea Administracion Compensacion/Crear_Días_Festivos/h2_enero 2021' is: 'junio de 2021'

2022-03-09 12:55:59 - [MESSAGE][PASSED] - Text of object 'Object Repository/Modulo Tarea Administracion Compensacion/Crear_Días_Festivos/h2_enero 2021' is: 'junio de 2021'

2022-03-09 12:55:59 - [TEST_STEP][PASSED] - Mes = Mes1: null

2022-03-09 12:55:59 - [TEST_STEP][PASSED] - click(findTestObject("Modulo Tarea Administracion Compensacion/Crear_Días_Festivos/span_Modo_fc-icon fc-icon-left-single-arrow_regresarMes"), STOP_ON_FAILURE): Object: 'Object Repository/Modulo Tarea Administracion Compensacion/Crear_Días_Festivos/span_Modo_fc-icon fc-icon-left-single-arrow_regresarMes' is clicked on

2022-03-09 12:55:59 - [MESSAGE][PASSED] - Object: 'Object Repository/Modulo Tarea Administracion Compensacion/Crear_Días_Festivos/span_Modo_fc-icon fc-icon-left-single-arrow_regresarMes' is clicked on

2022-03-09 12:55:59 - [TEST_STEP][PASSED] - Mes1 = getText(findTestObject("Modulo Tarea Administracion Compensacion/Crear_Días_Festivos/h2_enero 2021")): Text of object 'Object Repository/Modulo Tarea Administracion Compensacion/Crear_Días_Festivos/h2_enero 2021' is: 'mayo de 2021'

2022-03-09 12:56:00 - [MESSAGE][PASSED] - Text of object 'Object Repository/Modulo Tarea Administracion Compensacion/Crear_Días_Festivos/h2_enero 2021' is: 'mayo de 2021'

2022-03-09 12:56:00 - [TEST_STEP][PASSED] - Mes = Mes1: null

2022-03-09 12:56:00 - [TEST_STEP][PASSED] - click(findTestObject("Modulo Tarea Administracion Compensacion/Crear_Días_Festivos/span_Modo_fc-icon fc-icon-left-single-arrow_regresarMes"), STOP_ON_FAILURE): Object: 'Object Repository/Modulo Tarea Administracion Compensacion/Crear_Días_Festivos/span_Modo_fc-icon fc-icon-left-single-arrow_regresarMes' is clicked on

2022-03-09 12:56:00 - [MESSAGE][PASSED] - Object: 'Object Repository/Modulo Tarea Administracion Compensacion/Crear_Días_Festivos/span_Modo_fc-icon fc-icon-left-single-arrow_regresarMes' is clicked on

2022-03-09 12:56:00 - [TEST_STEP][PASSED] - Mes1 = getText(findTestObject("Modulo Tarea Administracion Compensacion/Crear_Días_Festivos/h2_enero 2021")): Text of object 'Object Repository/Modulo Tarea Administracion Compensacion/Crear_Días_Festivos/h2_enero 2021' is: 'abril de 2021'

2022-03-09 12:56:01 - [MESSAGE][PASSED] - Text of object 'Object Repository/Modulo Tarea Administracion Compensacion/Crear_Días_Festivos/h2_enero 2021' is: 'abril de 2021'

2022-03-09 12:56:01 - [TEST_STEP][PASSED] - Mes = Mes1: null

2022-03-09 12:56:01 - [TEST_STEP][PASSED] - click(findTestObject("Modulo Tarea Administracion Compensacion/Crear_Días_Festivos/span_Modo_fc-icon fc-icon-left-single-arrow_regresarMes"), STOP_ON_FAILURE): Object: 'Object Repository/Modulo Tarea Administracion Compensacion/Crear_Días_Festivos/span_Modo_fc-icon fc-icon-left-single-arrow_regresarMes' is clicked on

2022-03-09 12:56:01 - [MESSAGE][PASSED] - Object: 'Object Repository/Modulo Tarea Administracion Compensacion/Crear_Días_Festivos/span_Modo_fc-icon fc-icon-left-single-arrow_regresarMes' is clicked on

2022-03-09 12:56:01 - [TEST_STEP][PASSED] - Mes1 = getText(findTestObject("Modulo Tarea Administracion Compensacion/Crear_Días_Festivos/h2_enero 2021")): Text of object 'Object Repository/Modulo Tarea Administracion Compensacion/Crear_Días_Festivos/h2_enero 2021' is: 'marzo de 2021'

2022-03-09 12:56:02 - [MESSAGE][PASSED] - Text of object 'Object Repository/Modulo Tarea Administracion Compensacion/Crear_Días_Festivos/h2_enero 2021' is: 'marzo de 2021'

2022-03-09 12:56:02 - [TEST_STEP][PASSED] - Mes = Mes1: null

2022-03-09 12:56:02 - [TEST_STEP][PASSED] - click(findTestObject("Modulo Tarea Administracion Compensacion/Crear_Días_Festivos/span_Modo_fc-icon fc-icon-left-single-arrow_regresarMes"), STOP_ON_FAILURE): Object: 'Object Repository/Modulo Tarea Administracion Compensacion/Crear_Días_Festivos/span_Modo_fc-icon fc-icon-left-single-arrow_regresarMes' is clicked on

2022-03-09 12:56:02 - [MESSAGE][PASSED] - Object: 'Object Repository/Modulo Tarea Administracion Compensacion/Crear_Días_Festivos/span_Modo_fc-icon fc-icon-left-single-arrow_regresarMes' is clicked on

2022-03-09 12:56:02 - [TEST_STEP][PASSED] - Mes1 = getText(findTestObject("Modulo Tarea Administracion Compensacion/Crear_Días_Festivos/h2_enero 2021")): Text of object 'Object Repository/Modulo Tarea Administracion Compensacion/Crear_Días_Festivos/h2_enero 2021' is: 'febrero de 2021'

2022-03-09 12:56:03 - [MESSAGE][PASSED] - Text of object 'Object Repository/Modulo Tarea Administracion Compensacion/Crear_Días_Festivos/h2_enero 2021' is: 'febrero de 2021'

2022-03-09 12:56:03 - [TEST_STEP][PASSED] - Mes = Mes1: null

2022-03-09 12:56:03 - [TEST_STEP][PASSED] - click(findTestObject("Modulo Tarea Administracion Compensacion/Crear_Días_Festivos/span_Modo_fc-icon fc-icon-left-single-arrow_regresarMes"), STOP_ON_FAILURE): Object: 'Object Repository/Modulo Tarea Administracion Compensacion/Crear_Días_Festivos/span_Modo_fc-icon fc-icon-left-single-arrow_regresarMes' is clicked on

2022-03-09 12:56:03 - [MESSAGE][PASSED] - Object: 'Object Repository/Modulo Tarea Administracion Compensacion/Crear_Días_Festivos/span_Modo_fc-icon fc-icon-left-single-arrow_regresarMes' is clicked on

2022-03-09 12:56:03 - [TEST_STEP][PASSED] - Mes1 = getText(findTestObject("Modulo Tarea Administracion Compensacion/Crear_Días_Festivos/h2_enero 2021")): Text of object 'Object Repository/Modulo Tarea Administracion Compensacion/Crear_Días_Festivos/h2_enero 2021' is: 'enero de 2021'

2022-03-09 12:56:04 - [MESSAGE][PASSED] - Text of object 'Object Repository/Modulo Tarea Administracion Compensacion/Crear_Días_Festivos/h2_enero 2021' is: 'enero de 2021'

2022-03-09 12:56:04 - [TEST_STEP][PASSED] - Mes = Mes1: null

2022-03-09 12:56:04 - [TEST_STEP][PASSED] - if (waitForElementVisible(findTestObject("Modulo Tarea Administracion Compensacion/Crear_Días_Festivos/div_0 FESTIVO"), 1)): null

2022-03-09 12:56:04 - [MESSAGE][PASSED] - Object 'Object Repository/Modulo Tarea Administracion Compensacion/Crear_Días_Festivos/div_0 FESTIVO' is visible

2022-03-09 12:56:04 - [TEST_STEP][PASSED] - click(findTestObject("Modulo Tarea Administracion Compensacion/Crear_Días_Festivos/div_0 FESTIVO"), STOP_ON_FAILURE): Object: 'Object Repository/Modulo Tarea Administracion Compensacion/Crear_Días_Festivos/div_0 FESTIVO' is clicked on

2022-03-09 12:56:05 - [MESSAGE][PASSED] - Object: 'Object Repository/Modulo Tarea Administracion Compensacion/Crear_Días_Festivos/div_0 FESTIVO' is clicked on

2022-03-09 12:56:05 - [TEST_STEP][PASSED] - click(findTestObject("Modulo Tarea Administracion Compensacion/Crear_Días_Festivos/a_Eliminar Registro")): Object: 'Object Repository/Modulo Tarea Administracion Compensacion/Crear_Días_Festivos/a_Eliminar Registro' is clicked on

2022-03-09 12:56:05 - [MESSAGE][PASSED] - Object: 'Object Repository/Modulo Tarea Administracion Compensacion/Crear_Días_Festivos/a_Eliminar Registro' is clicked on

2022-03-09 12:56:05 - [TEST_STEP][PASSED] - click(findTestObject("Modulo Tarea Administracion Compensacion/Crear_Días_Festivos/a_Aceptar_EliminarFes")): Object: 'Object Repository/Modulo Tarea Administracion Compensacion/Crear_Días_Festivos/a_Aceptar_EliminarFes' is clicked on

2022-03-09 12:56:07 - [MESSAGE][PASSED] - Object: 'Object Repository/Modulo Tarea Administracion Compensacion/Crear_Días_Festivos/a_Aceptar_EliminarFes' is clicked on

2022-03-09 12:56:07 - [TEST_STEP][PASSED] - click(findTestObject("Modulo Tarea Administracion Compensacion/Crear_Días_Festivos/a_Eliminar_general")): Object: 'Object Repository/Modulo Tarea Administracion Compensacion/Crear_Días_Festivos/a_Eliminar_general' is clicked on

2022-03-09 12:56:08 - [MESSAGE][PASSED] - Object: 'Object Repository/Modulo Tarea Administracion Compensacion/Crear_Días_Festivos/a_Eliminar_general' is clicked on

2022-03-09 12:56:08 - [TEST_STEP][PASSED] - click(findTestObject("Modulo Tarea Administracion Compensacion/Crear_Días_Festivos/a_Aceptar_eliminar general")): Object: 'Object Repository/Modulo Tarea Administracion Compensacion/Crear_Días_Festivos/a_Aceptar_eliminar general' is clicked on

2022-03-09 12:56:09 - [MESSAGE][PASSED] - Object: 'Object Repository/Modulo Tarea Administracion Compensacion/Crear_Días_Festivos/a_Aceptar_eliminar general' is clicked on

2022-03-09 12:56:09 - [TEST_STEP][PASSED] - click(findTestObject("Modulo Tarea Administracion Compensacion/Crear_Días_Festivos/a_Nuevo")): Object: 'Object Repository/Modulo Tarea Administracion Compensacion/Crear_Días_Festivos/a_Nuevo' is clicked on

2022-03-09 12:56:10 - [MESSAGE][PASSED] - Object: 'Object Repository/Modulo Tarea Administracion Compensacion/Crear_Días_Festivos/a_Nuevo' is clicked on

2022-03-09 12:56:10 - [TEST_STEP][PASSED] - setText(findTestObject("Modulo Tarea Administracion Compensacion/Crear_Días_Festivos/input_Cdigo_form_diasfestivoscodigo"), "5"): Text '5' is set on object 'Object Repository/Modulo Tarea Administracion Compensacion/Crear_Días_Festivos/input_Cdigo_form_diasfestivoscodigo'

2022-03-09 12:56:11 - [MESSAGE][PASSED] - Text '5' is set on object 'Object Repository/Modulo Tarea Administracion Compensacion/Crear_Días_Festivos/input_Cdigo_form_diasfestivoscodigo'

2022-03-09 12:56:11 - [TEST_STEP][PASSED] - setText(findTestObject("Modulo Tarea Administracion Compensacion/Crear_Días_Festivos/input_Descripcin_form_diasfestivosdescripcion"), "Pruebas katalon"): Text 'Pruebas katalon' is set on object 'Object Repository/Modulo Tarea Administracion Compensacion/Crear_Días_Festivos/input_Descripcin_form_diasfestivosdescripcion'

2022-03-09 12:56:12 - [MESSAGE][PASSED] - Text 'Pruebas katalon' is set on object 'Object Repository/Modulo Tarea Administracion Compensacion/Crear_Días_Festivos/input_Descripcin_form_diasfestivosdescripcion'

2022-03-09 12:56:12 - [TEST_STEP][PASSED] - click(findTestObject("Modulo Tarea Administracion Compensacion/Crear_Días_Festivos/a_Actualizar")): Object: 'Object Repository/Modulo Tarea Administracion Compensacion/Crear_Días_Festivos/a_Actualizar' is clicked on

2022-03-09 12:56:12 - [MESSAGE][PASSED] - Object: 'Object Repository/Modulo Tarea Administracion Compensacion/Crear_Días_Festivos/a_Actualizar' is clicked on

2022-03-09 12:56:12 - [TEST_STEP][PASSED] - leerMes = getText(findTestObject("Modulo Tarea Administracion Compensacion/Crear_Días_Festivos/h2_enero 2021")): Text of object 'Object Repository/Modulo Tarea Administracion Compensacion/Crear_Días_Festivos/h2_enero 2021' is: 'enero de 2021'

2022-03-09 12:56:13 - [MESSAGE][PASSED] - Text of object 'Object Repository/Modulo Tarea Administracion Compensacion/Crear_Días_Festivos/h2_enero 2021' is: 'enero de 2021'

2022-03-09 12:56:13 - [TEST_STEP][PASSED] - Mes = leerMes: null

2022-03-09 12:56:13 - [TEST_STEP][PASSED] - while (Mes != "enero de 2021"): null

2022-03-09 12:56:13 - [TEST_STEP][PASSED] - click(findTestObject("Modulo Tarea Administracion Compensacion/Crear_Días_Festivos/td_dom_fc-day fc-widget-content fc-fri fc-future_31-dic-2021")): Object: 'Object Repository/Modulo Tarea Administracion Compensacion/Crear_Días_Festivos/td_dom_fc-day fc-widget-content fc-fri fc-future_31-dic-2021' is clicked on

2022-03-09 12:56:14 - [MESSAGE][PASSED] - Object: 'Object Repository/Modulo Tarea Administracion Compensacion/Crear_Días_Festivos/td_dom_fc-day fc-widget-content fc-fri fc-future_31-dic-2021' is clicked on

2022-03-09 12:56:14 - [TEST_STEP][PASSED] - click(findTestObject("Modulo Tarea Administracion Compensacion/Crear_Días_Festivos/a_Aceptar0")): Object: 'Object Repository/Modulo Tarea Administracion Compensacion/Crear_Días_Festivos/a_Aceptar0' is clicked on

2022-03-09 12:56:14 - [MESSAGE][PASSED] - Object: 'Object Repository/Modulo Tarea Administracion Compensacion/Crear_Días_Festivos/a_Aceptar0' is clicked on

2022-03-09 12:56:14 - [TEST_STEP][PASSED] - scrollToElement(findTestObject("Modulo Tarea Administracion Compensacion/Crear_Días_Festivos/div_0 FESTIVO"), 0): Scroll to object 'Object Repository/Modulo Tarea Administracion Compensacion/Crear_Días_Festivos/div_0 FESTIVO' successfully

2022-03-09 12:56:14 - [MESSAGE][WARNING] - Timeout '0' is invalid. Using default page load timeout: '30'

2022-03-09 12:56:15 - [MESSAGE][PASSED] - Scroll to object 'Object Repository/Modulo Tarea Administracion Compensacion/Crear_Días_Festivos/div_0 FESTIVO' successfully

2022-03-09 12:56:15 - [TEST_STEP][PASSED] - closeBrowser(): Browser is closed

2022-03-09 12:56:17 - [MESSAGE][PASSED] - Browser is closed]]></system-out>
         <system-err><![CDATA[]]></system-err>
      </testcase>
      <testcase name="Test Cases/1.1-Tareas Principales/1.7.8-cargue_fuente_general" time="84.583" classname="Test Cases/1.1-Tareas Principales/1.7.8-cargue_fuente_general" status="PASSED">
         <system-out><![CDATA[2022-03-09 12:56:17 - [TEST_CASE][PASSED] - Test Cases/1.1-Tareas Principales/1.7.8-cargue_fuente_general: Test Cases/1.1-Tareas Principales/1.7.8-cargue_fuente_general

2022-03-09 12:56:17 - [TEST_STEP][PASSED] - callTestCase(findTestCase("0.1-Login"), [:], STOP_ON_FAILURE): Call Test Case 'Test Cases/0.1-Login' successfully

2022-03-09 12:56:18 - [TEST_CASE][PASSED] - Test Cases/0.1-Login: Test Cases/0.1-Login

2022-03-09 12:56:18 - [TEST_STEP][PASSED] - openBrowser(""): Browser is opened with url: ''

2022-03-09 12:56:18 - [MESSAGE][INFO] - Starting 'Chrome' driver

2022-03-09 12:56:18 - [MESSAGE][INFO] - Action delay is set to 0 milliseconds

2022-03-09 12:56:19 - [MESSAGE][PASSED] - Browser is opened with url: ''

2022-03-09 12:56:19 - [TEST_STEP][PASSED] - maximizeWindow(): Current window maximized

2022-03-09 12:56:19 - [MESSAGE][PASSED] - Current window maximized

2022-03-09 12:56:19 - [TEST_STEP][PASSED] - i = G_Login: null

2022-03-09 12:56:19 - [TEST_STEP][PASSED] - url = new java.net.URL(i): null

2022-03-09 12:56:19 - [TEST_STEP][PASSED] - println("URL: " + url.toString()): null

2022-03-09 12:56:19 - [TEST_STEP][PASSED] - connection = url.openConnection(): null

2022-03-09 12:56:19 - [TEST_STEP][PASSED] - connection.setRequestMethod("GET"): null

2022-03-09 12:56:19 - [TEST_STEP][PASSED] - connection.setReadTimeout(2 * 1000): null

2022-03-09 12:56:19 - [TEST_STEP][PASSED] - try: null

2022-03-09 12:56:19 - [TEST_STEP][PASSED] - connection.connect(): null

2022-03-09 12:56:19 - [TEST_STEP][PASSED] - flag = connected: null

2022-03-09 12:56:19 - [TEST_STEP][PASSED] - println("Valor_ori: " + flag): null

2022-03-09 12:56:19 - [TEST_STEP][PASSED] - if (flag): null

2022-03-09 12:56:19 - [TEST_STEP][PASSED] - navigateToUrl(i): Navigate to 'http://192.168.2.80:8380/saraweb' successfully

2022-03-09 12:56:20 - [MESSAGE][PASSED] - Navigate to 'http://192.168.2.80:8380/saraweb' successfully

2022-03-09 12:56:20 - [TEST_STEP][PASSED] - a(): null

2022-03-09 12:56:20 - [TEST_STEP][PASSED] - setText(findTestObject("Login/input_USUARIO_loginusuario"), G_Usuario): Text 'saraadmin' is set on object 'Object Repository/Login/input_USUARIO_loginusuario'

2022-03-09 12:56:21 - [MESSAGE][PASSED] - Text 'saraadmin' is set on object 'Object Repository/Login/input_USUARIO_loginusuario'

2022-03-09 12:56:21 - [TEST_STEP][PASSED] - setEncryptedText(findTestObject("Login/input_CLAVE_loginpassword"), "MkG4/TYiCFC3cb2driP7+Q=="): Text ****** has been set on object 'Object Repository/Login/input_CLAVE_loginpassword'

2022-03-09 12:56:21 - [MESSAGE][PASSED] - Text ****** has been set on object 'Object Repository/Login/input_CLAVE_loginpassword'

2022-03-09 12:56:21 - [TEST_STEP][PASSED] - waitForElementClickable(findTestObject("Login/a_Ingresar"), G_TimeOut): Object 'Object Repository/Login/a_Ingresar' is clickable

2022-03-09 12:56:22 - [MESSAGE][PASSED] - Object 'Object Repository/Login/a_Ingresar' is clickable

2022-03-09 12:56:22 - [TEST_STEP][PASSED] - click(findTestObject("Login/a_Ingresar")): Object: 'Object Repository/Login/a_Ingresar' is clicked on

2022-03-09 12:56:23 - [MESSAGE][PASSED] - Object: 'Object Repository/Login/a_Ingresar' is clicked on

2022-03-09 12:56:23 - [TEST_STEP][PASSED] - element = findWebElement(findTestObject("Login/a_Ir"), 30): null

2022-03-09 12:56:23 - [TEST_STEP][PASSED] - executeJavaScript("arguments[0].click()", Arrays.asList(element)): Execute JavaScript 'arguments[0].click()' successfully

2022-03-09 12:56:23 - [MESSAGE][PASSED] - Execute JavaScript 'arguments[0].click()' successfully

2022-03-09 12:56:23 - [MESSAGE][PASSED] - Call Test Case 'Test Cases/0.1-Login' successfully

2022-03-09 12:56:23 - [TEST_STEP][PASSED] - setText(findTestObject("Modulo Sara General/cargue fuente general/input_Empresa 1_form_templatej_idt24_input"), "Fuente general"): Text 'Fuente general' is set on object 'Object Repository/Modulo Sara General/cargue fuente general/input_Empresa 1_form_templatej_idt24_input'

2022-03-09 12:56:25 - [MESSAGE][PASSED] - Text 'Fuente general' is set on object 'Object Repository/Modulo Sara General/cargue fuente general/input_Empresa 1_form_templatej_idt24_input'

2022-03-09 12:56:25 - [TEST_STEP][PASSED] - click(findTestObject("Modulo Sara General/cargue fuente general/li_fuente general (gna)"), STOP_ON_FAILURE): Object: 'Object Repository/Modulo Sara General/cargue fuente general/li_fuente general (gna)' is clicked on

2022-03-09 12:56:26 - [MESSAGE][PASSED] - Object: 'Object Repository/Modulo Sara General/cargue fuente general/li_fuente general (gna)' is clicked on

2022-03-09 12:56:26 - [TEST_STEP][PASSED] - setText(findTestObject("Modulo Sara General/cargue fuente general/input_Fuente_form_FuenteGeneralfiltroFuenteGeneral"), "Actualizar Entidad empl"): Text 'Actualizar Entidad empl' is set on object 'Object Repository/Modulo Sara General/cargue fuente general/input_Fuente_form_FuenteGeneralfiltroFuenteGeneral'

2022-03-09 12:56:29 - [MESSAGE][PASSED] - Text 'Actualizar Entidad empl' is set on object 'Object Repository/Modulo Sara General/cargue fuente general/input_Fuente_form_FuenteGeneralfiltroFuenteGeneral'

2022-03-09 12:56:29 - [TEST_STEP][PASSED] - sendKeys(findTestObject("Modulo Sara General/cargue fuente general/input_Fuente_form_FuenteGeneralfiltroFuenteGeneral"), Keys.chord(ENTER)): Keys 'ENTER + ' sent to object: 'Object Repository/Modulo Sara General/cargue fuente general/input_Fuente_form_FuenteGeneralfiltroFuenteGeneral'

2022-03-09 12:56:30 - [MESSAGE][PASSED] - Keys 'ENTER + ' sent to object: 'Object Repository/Modulo Sara General/cargue fuente general/input_Fuente_form_FuenteGeneralfiltroFuenteGeneral'

2022-03-09 12:56:30 - [TEST_STEP][PASSED] - if (waitForElementVisible(findTestObject("Modulo Sara General/cargue fuente general/td_actualizar entidad empl"), 1)): Web element with id: 'Object Repository/Modulo Sara General/cargue fuente general/td_actualizar entidad empl' located by '//*/text()[normalize-space(.)='Actualizar Entidad empl']/parent::*' not found

2022-03-09 12:56:32 - [MESSAGE][INFO] - Unable to find the element located by 'By.xpath: //*/text()[normalize-space(.)='Actualizar Entidad empl']/parent::*'. Please recheck the objects properties to make sure the desired element is located. 

2022-03-09 12:56:32 - [MESSAGE][WARNING] - Web element with id: 'Object Repository/Modulo Sara General/cargue fuente general/td_actualizar entidad empl' located by '//*/text()[normalize-space(.)='Actualizar Entidad empl']/parent::*' not found

2022-03-09 12:56:32 - [TEST_STEP][PASSED] - click(findTestObject("Modulo Sara General/cargue fuente general/a_Nuevo"), STOP_ON_FAILURE): Object: 'Object Repository/Modulo Sara General/cargue fuente general/a_Nuevo' is clicked on

2022-03-09 12:56:33 - [MESSAGE][PASSED] - Object: 'Object Repository/Modulo Sara General/cargue fuente general/a_Nuevo' is clicked on

2022-03-09 12:56:33 - [TEST_STEP][PASSED] - selectOptionByIndex(findTestObject("Modulo Sara General/cargue fuente general/select_SeleccioneArchivo PlanoServicio Web"), 1): All options with index in [1] are selected on object 'Object Repository/Modulo Sara General/cargue fuente general/select_SeleccioneArchivo PlanoServicio Web'

2022-03-09 12:56:34 - [MESSAGE][PASSED] - All options with index in [1] are selected on object 'Object Repository/Modulo Sara General/cargue fuente general/select_SeleccioneArchivo PlanoServicio Web'

2022-03-09 12:56:34 - [TEST_STEP][PASSED] - setText(findTestObject("Modulo Sara General/cargue fuente general/input_Descripcin_form_FuenteGeneraltabdescripcion"), "Actualizar Entidad empl"): Text 'Actualizar Entidad empl' is set on object 'Object Repository/Modulo Sara General/cargue fuente general/input_Descripcin_form_FuenteGeneraltabdescripcion'

2022-03-09 12:56:35 - [MESSAGE][PASSED] - Text 'Actualizar Entidad empl' is set on object 'Object Repository/Modulo Sara General/cargue fuente general/input_Descripcin_form_FuenteGeneraltabdescripcion'

2022-03-09 12:56:35 - [TEST_STEP][PASSED] - selectOptionByIndex(findTestObject("Modulo Sara General/cargue fuente general/select_SeleccioneAGRUPAMIENTOROMPIMIENTOUNICO REGISTRO"), 3): All options with index in [3] are selected on object 'Object Repository/Modulo Sara General/cargue fuente general/select_SeleccioneAGRUPAMIENTOROMPIMIENTOUNICO REGISTRO'

2022-03-09 12:56:36 - [MESSAGE][PASSED] - All options with index in [3] are selected on object 'Object Repository/Modulo Sara General/cargue fuente general/select_SeleccioneAGRUPAMIENTOROMPIMIENTOUNICO REGISTRO'

2022-03-09 12:56:36 - [TEST_STEP][PASSED] - selectOptionByIndex(findTestObject("Modulo Sara General/cargue fuente general/select_--Seleccione--COMAPIPELINEPUNTO COMASIN SEPARADORTAB"), 5): All options with index in [5] are selected on object 'Object Repository/Modulo Sara General/cargue fuente general/select_--Seleccione--COMAPIPELINEPUNTO COMASIN SEPARADORTAB'

2022-03-09 12:56:37 - [MESSAGE][PASSED] - All options with index in [5] are selected on object 'Object Repository/Modulo Sara General/cargue fuente general/select_--Seleccione--COMAPIPELINEPUNTO COMASIN SEPARADORTAB'

2022-03-09 12:56:37 - [TEST_STEP][PASSED] - selectOptionByIndex(findTestObject("Modulo Sara General/cargue fuente general/select_--Seleccione--Por el orden de los gruposPor el orden de los servicios"), 1): All options with index in [1] are selected on object 'Object Repository/Modulo Sara General/cargue fuente general/select_--Seleccione--Por el orden de los gruposPor el orden de los servicios'

2022-03-09 12:56:38 - [MESSAGE][PASSED] - All options with index in [1] are selected on object 'Object Repository/Modulo Sara General/cargue fuente general/select_--Seleccione--Por el orden de los gruposPor el orden de los servicios'

2022-03-09 12:56:38 - [TEST_STEP][PASSED] - selectOptionByIndex(findTestObject("Modulo Sara General/cargue fuente general/select_--Seleccione--NOSI"), 2): All options with index in [2] are selected on object 'Object Repository/Modulo Sara General/cargue fuente general/select_--Seleccione--NOSI'

2022-03-09 12:56:40 - [MESSAGE][PASSED] - All options with index in [2] are selected on object 'Object Repository/Modulo Sara General/cargue fuente general/select_--Seleccione--NOSI'

2022-03-09 12:56:40 - [TEST_STEP][PASSED] - click(findTestObject("Modulo Sara General/cargue fuente general/a_Guardar")): Object: 'Object Repository/Modulo Sara General/cargue fuente general/a_Guardar' is clicked on

2022-03-09 12:56:40 - [MESSAGE][PASSED] - Object: 'Object Repository/Modulo Sara General/cargue fuente general/a_Guardar' is clicked on

2022-03-09 12:56:40 - [TEST_STEP][PASSED] - selectOptionByIndex(findTestObject("Modulo Sara General/cargue fuente general/select_--Seleccione--Proceso por aplicacionProceso por base datos(segundo plano)Proceso por base de datos"), 3): All options with index in [3] are selected on object 'Object Repository/Modulo Sara General/cargue fuente general/select_--Seleccione--Proceso por aplicacionProceso por base datos(segundo plano)Proceso por base de datos'

2022-03-09 12:56:42 - [MESSAGE][PASSED] - All options with index in [3] are selected on object 'Object Repository/Modulo Sara General/cargue fuente general/select_--Seleccione--Proceso por aplicacionProceso por base datos(segundo plano)Proceso por base de datos'

2022-03-09 12:56:42 - [TEST_STEP][PASSED] - click(findTestObject("Modulo Sara General/cargue fuente general/a_Guardar")): Object: 'Object Repository/Modulo Sara General/cargue fuente general/a_Guardar' is clicked on

2022-03-09 12:56:43 - [MESSAGE][PASSED] - Object: 'Object Repository/Modulo Sara General/cargue fuente general/a_Guardar' is clicked on

2022-03-09 12:56:43 - [TEST_STEP][PASSED] - setText(findTestObject("Modulo Sara General/cargue fuente general/input_Cdigo_form_FuenteGeneraltabcodigo"), "Actual"): Text 'Actual' is set on object 'Object Repository/Modulo Sara General/cargue fuente general/input_Cdigo_form_FuenteGeneraltabcodigo'

2022-03-09 12:56:44 - [MESSAGE][PASSED] - Text 'Actual' is set on object 'Object Repository/Modulo Sara General/cargue fuente general/input_Cdigo_form_FuenteGeneraltabcodigo'

2022-03-09 12:56:44 - [TEST_STEP][PASSED] - selectOptionByIndex(findTestObject("Modulo Sara General/cargue fuente general/select_SeleccioneNoSi3"), 1): All options with index in [1] are selected on object 'Object Repository/Modulo Sara General/cargue fuente general/select_SeleccioneNoSi3'

2022-03-09 12:56:45 - [MESSAGE][PASSED] - All options with index in [1] are selected on object 'Object Repository/Modulo Sara General/cargue fuente general/select_SeleccioneNoSi3'

2022-03-09 12:56:45 - [TEST_STEP][PASSED] - click(findTestObject("Modulo Sara General/cargue fuente general/a_Guardar")): Object: 'Object Repository/Modulo Sara General/cargue fuente general/a_Guardar' is clicked on

2022-03-09 12:56:47 - [MESSAGE][PASSED] - Object: 'Object Repository/Modulo Sara General/cargue fuente general/a_Guardar' is clicked on

2022-03-09 12:56:47 - [TEST_STEP][PASSED] - waitForElementVisible(findTestObject("Modulo Sara General/cargue fuente general/a_Entrada"), 0): Object 'Object Repository/Modulo Sara General/cargue fuente general/a_Entrada' is visible

2022-03-09 12:56:47 - [MESSAGE][WARNING] - Timeout '0' is invalid. Using default page load timeout: '30'

2022-03-09 12:56:47 - [MESSAGE][PASSED] - Object 'Object Repository/Modulo Sara General/cargue fuente general/a_Entrada' is visible

2022-03-09 12:56:47 - [TEST_STEP][PASSED] - click(findTestObject("Modulo Sara General/cargue fuente general/a_Entrada"), STOP_ON_FAILURE): Object: 'Object Repository/Modulo Sara General/cargue fuente general/a_Entrada' is clicked on

2022-03-09 12:56:48 - [MESSAGE][PASSED] - Object: 'Object Repository/Modulo Sara General/cargue fuente general/a_Entrada' is clicked on

2022-03-09 12:56:48 - [TEST_STEP][PASSED] - setText(findTestObject("Modulo Sara General/cargue fuente general/input_No se encontr registros_form_FuenteGeneraltabtabla_entradadescripcion"), "Pru1"): Text 'Pru1' is set on object 'Object Repository/Modulo Sara General/cargue fuente general/input_No se encontr registros_form_FuenteGeneraltabtabla_entradadescripcion'

2022-03-09 12:56:48 - [MESSAGE][PASSED] - Text 'Pru1' is set on object 'Object Repository/Modulo Sara General/cargue fuente general/input_No se encontr registros_form_FuenteGeneraltabtabla_entradadescripcion'

2022-03-09 12:56:48 - [TEST_STEP][PASSED] - selectOptionByIndex(findTestObject("Modulo Sara General/cargue fuente general/select_SeleccioneDecimalFechaLlave GeneradaLoginNumeroTexto"), 6): All options with index in [6] are selected on object 'Object Repository/Modulo Sara General/cargue fuente general/select_SeleccioneDecimalFechaLlave GeneradaLoginNumeroTexto'

2022-03-09 12:56:50 - [MESSAGE][PASSED] - All options with index in [6] are selected on object 'Object Repository/Modulo Sara General/cargue fuente general/select_SeleccioneDecimalFechaLlave GeneradaLoginNumeroTexto'

2022-03-09 12:56:50 - [TEST_STEP][PASSED] - selectOptionByIndex(findTestObject("Modulo Sara General/cargue fuente general/select_SeleccioneNoSi1"), 1): All options with index in [1] are selected on object 'Object Repository/Modulo Sara General/cargue fuente general/select_SeleccioneNoSi1'

2022-03-09 12:56:51 - [MESSAGE][PASSED] - All options with index in [1] are selected on object 'Object Repository/Modulo Sara General/cargue fuente general/select_SeleccioneNoSi1'

2022-03-09 12:56:51 - [TEST_STEP][PASSED] - click(findTestObject("Modulo Sara General/cargue fuente general/a_No se encontr registros_btn-miniadicionar")): Object: 'Object Repository/Modulo Sara General/cargue fuente general/a_No se encontr registros_btn-miniadicionar' is clicked on

2022-03-09 12:56:53 - [MESSAGE][PASSED] - Object: 'Object Repository/Modulo Sara General/cargue fuente general/a_No se encontr registros_btn-miniadicionar' is clicked on

2022-03-09 12:56:53 - [TEST_STEP][PASSED] - click(findTestObject("Modulo Sara General/cargue fuente general/a_Campos")): Object: 'Object Repository/Modulo Sara General/cargue fuente general/a_Campos' is clicked on

2022-03-09 12:56:54 - [MESSAGE][PASSED] - Object: 'Object Repository/Modulo Sara General/cargue fuente general/a_Campos' is clicked on

2022-03-09 12:56:54 - [TEST_STEP][PASSED] - click(findTestObject("Modulo Sara General/cargue fuente general/a_Nuevo_Campo")): Object: 'Object Repository/Modulo Sara General/cargue fuente general/a_Nuevo_Campo' is clicked on

2022-03-09 12:56:56 - [MESSAGE][PASSED] - Object: 'Object Repository/Modulo Sara General/cargue fuente general/a_Nuevo_Campo' is clicked on

2022-03-09 12:56:56 - [TEST_STEP][PASSED] - setText(findTestObject("Modulo Sara General/cargue fuente general/input_Descripcin_form_popupfuentecampodescripcion"), "camp1"): Text 'camp1' is set on object 'Object Repository/Modulo Sara General/cargue fuente general/input_Descripcin_form_popupfuentecampodescripcion'

2022-03-09 12:56:57 - [MESSAGE][PASSED] - Text 'camp1' is set on object 'Object Repository/Modulo Sara General/cargue fuente general/input_Descripcin_form_popupfuentecampodescripcion'

2022-03-09 12:56:57 - [TEST_STEP][PASSED] - selectOptionByIndex(findTestObject("Modulo Sara General/cargue fuente general/select_--Seleccione--DecimalFechaLlave GeneradaLoginNumeroTexto"), 5): All options with index in [5] are selected on object 'Object Repository/Modulo Sara General/cargue fuente general/select_--Seleccione--DecimalFechaLlave GeneradaLoginNumeroTexto'

2022-03-09 12:56:59 - [MESSAGE][PASSED] - All options with index in [5] are selected on object 'Object Repository/Modulo Sara General/cargue fuente general/select_--Seleccione--DecimalFechaLlave GeneradaLoginNumeroTexto'

2022-03-09 12:56:59 - [TEST_STEP][PASSED] - setText(findTestObject("Modulo Sara General/cargue fuente general/input_Columna_form_popupfuentecampocolumna"), "1"): Text '1' is set on object 'Object Repository/Modulo Sara General/cargue fuente general/input_Columna_form_popupfuentecampocolumna'

2022-03-09 12:57:00 - [MESSAGE][PASSED] - Text '1' is set on object 'Object Repository/Modulo Sara General/cargue fuente general/input_Columna_form_popupfuentecampocolumna'

2022-03-09 12:57:00 - [TEST_STEP][PASSED] - selectOptionByIndex(findTestObject("Modulo Sara General/cargue fuente general/select_NoSi2"), 1): All options with index in [1] are selected on object 'Object Repository/Modulo Sara General/cargue fuente general/select_NoSi2'

2022-03-09 12:57:01 - [MESSAGE][PASSED] - All options with index in [1] are selected on object 'Object Repository/Modulo Sara General/cargue fuente general/select_NoSi2'

2022-03-09 12:57:01 - [TEST_STEP][PASSED] - click(findTestObject("Modulo Sara General/cargue fuente general/a_Guardar")): Object: 'Object Repository/Modulo Sara General/cargue fuente general/a_Guardar' is clicked on

2022-03-09 12:57:02 - [MESSAGE][PASSED] - Object: 'Object Repository/Modulo Sara General/cargue fuente general/a_Guardar' is clicked on

2022-03-09 12:57:02 - [TEST_STEP][PASSED] - click(findTestObject("Modulo Sara General/cargue fuente general/a_Servicios")): Object: 'Object Repository/Modulo Sara General/cargue fuente general/a_Servicios' is clicked on

2022-03-09 12:57:03 - [MESSAGE][PASSED] - Object: 'Object Repository/Modulo Sara General/cargue fuente general/a_Servicios' is clicked on

2022-03-09 12:57:03 - [TEST_STEP][PASSED] - click(findTestObject("Modulo Sara General/cargue fuente general/a_Nuevo_Servicio")): Object: 'Object Repository/Modulo Sara General/cargue fuente general/a_Nuevo_Servicio' is clicked on

2022-03-09 12:57:04 - [MESSAGE][PASSED] - Object: 'Object Repository/Modulo Sara General/cargue fuente general/a_Nuevo_Servicio' is clicked on

2022-03-09 12:57:04 - [TEST_STEP][PASSED] - selectOptionByIndex(findTestObject("Modulo Sara General/cargue fuente general/select_SeleccioneActo Cambio Empleado - Accion (No Aplica)"), 12): All options with index in [12] are selected on object 'Object Repository/Modulo Sara General/cargue fuente general/select_SeleccioneActo Cambio Empleado - Accion (No Aplica)'

2022-03-09 12:57:06 - [MESSAGE][PASSED] - All options with index in [12] are selected on object 'Object Repository/Modulo Sara General/cargue fuente general/select_SeleccioneActo Cambio Empleado - Accion (No Aplica)'

2022-03-09 12:57:06 - [TEST_STEP][PASSED] - setText(findTestObject("Modulo Sara General/cargue fuente general/input_Orden_form_popupServiciotaborden"), "2"): Text '2' is set on object 'Object Repository/Modulo Sara General/cargue fuente general/input_Orden_form_popupServiciotaborden'

2022-03-09 12:57:07 - [MESSAGE][PASSED] - Text '2' is set on object 'Object Repository/Modulo Sara General/cargue fuente general/input_Orden_form_popupServiciotaborden'

2022-03-09 12:57:07 - [TEST_STEP][PASSED] - selectOptionByIndex(findTestObject("Modulo Sara General/cargue fuente general/select_SeleccioneAl final del procesoEn cada Item"), 1): All options with index in [1] are selected on object 'Object Repository/Modulo Sara General/cargue fuente general/select_SeleccioneAl final del procesoEn cada Item'

2022-03-09 12:57:09 - [MESSAGE][PASSED] - All options with index in [1] are selected on object 'Object Repository/Modulo Sara General/cargue fuente general/select_SeleccioneAl final del procesoEn cada Item'

2022-03-09 12:57:09 - [TEST_STEP][PASSED] - click(findTestObject("Modulo Sara General/cargue fuente general/label_No")): Object: 'Object Repository/Modulo Sara General/cargue fuente general/label_No' is clicked on

2022-03-09 12:57:09 - [MESSAGE][PASSED] - Object: 'Object Repository/Modulo Sara General/cargue fuente general/label_No' is clicked on

2022-03-09 12:57:09 - [TEST_STEP][PASSED] - click(findTestObject("Modulo Sara General/cargue fuente general/a_Guardar")): Object: 'Object Repository/Modulo Sara General/cargue fuente general/a_Guardar' is clicked on

2022-03-09 12:57:10 - [MESSAGE][PASSED] - Object: 'Object Repository/Modulo Sara General/cargue fuente general/a_Guardar' is clicked on

2022-03-09 12:57:10 - [TEST_STEP][PASSED] - click(findTestObject("Modulo Sara General/cargue fuente general/a_CamposSUB")): Object: 'Object Repository/Modulo Sara General/cargue fuente general/a_CamposSUB' is clicked on

2022-03-09 12:57:11 - [MESSAGE][PASSED] - Object: 'Object Repository/Modulo Sara General/cargue fuente general/a_CamposSUB' is clicked on

2022-03-09 12:57:11 - [TEST_STEP][PASSED] - selectOptionByIndex(findTestObject("Modulo Sara General/cargue fuente general/select_--Seleccione--ARCOSD-ENTIDADESARCOSD"), 10): All options with index in [10] are selected on object 'Object Repository/Modulo Sara General/cargue fuente general/select_--Seleccione--ARCOSD-ENTIDADESARCOSD'

2022-03-09 12:57:12 - [MESSAGE][PASSED] - All options with index in [10] are selected on object 'Object Repository/Modulo Sara General/cargue fuente general/select_--Seleccione--ARCOSD-ENTIDADESARCOSD'

2022-03-09 12:57:12 - [TEST_STEP][PASSED] - setText(findTestObject("Modulo Sara General/cargue fuente general/textarea_Codigo de la empresa a la que pertenece el empleado_form_popupServiciotabtabla_campos_serv3j_idt316"), "{Campo1}"): Text '{Campo1}' is set on object 'Object Repository/Modulo Sara General/cargue fuente general/textarea_Codigo de la empresa a la que pertenece el empleado_form_popupServiciotabtabla_campos_serv3j_idt316'

2022-03-09 12:57:13 - [MESSAGE][PASSED] - Text '{Campo1}' is set on object 'Object Repository/Modulo Sara General/cargue fuente general/textarea_Codigo de la empresa a la que pertenece el empleado_form_popupServiciotabtabla_campos_serv3j_idt316'

2022-03-09 12:57:13 - [TEST_STEP][PASSED] - selectOptionByIndex(findTestObject("Modulo Sara General/cargue fuente general/select_--Seleccione--ARCOSD-ENTIDADESARCOSD-ESTADO CIVILHomologacin"), 11): All options with index in [11] are selected on object 'Object Repository/Modulo Sara General/cargue fuente general/select_--Seleccione--ARCOSD-ENTIDADESARCOSD-ESTADO CIVILHomologacin'

2022-03-09 12:57:14 - [MESSAGE][PASSED] - All options with index in [11] are selected on object 'Object Repository/Modulo Sara General/cargue fuente general/select_--Seleccione--ARCOSD-ENTIDADESARCOSD-ESTADO CIVILHomologacin'

2022-03-09 12:57:14 - [TEST_STEP][PASSED] - setText(findTestObject("Modulo Sara General/cargue fuente general/textarea_Nmero de cdula del nuevo Jefe_form_popupServiciotabtabla_campos_serv4j_idt316"), "{Campo2}"): Text '{Campo2}' is set on object 'Object Repository/Modulo Sara General/cargue fuente general/textarea_Nmero de cdula del nuevo Jefe_form_popupServiciotabtabla_campos_serv4j_idt316'

2022-03-09 12:57:15 - [MESSAGE][PASSED] - Text '{Campo2}' is set on object 'Object Repository/Modulo Sara General/cargue fuente general/textarea_Nmero de cdula del nuevo Jefe_form_popupServiciotabtabla_campos_serv4j_idt316'

2022-03-09 12:57:15 - [TEST_STEP][PASSED] - click(findTestObject("Modulo Sara General/cargue fuente general/a_Guardar")): Object: 'Object Repository/Modulo Sara General/cargue fuente general/a_Guardar' is clicked on

2022-03-09 12:57:16 - [MESSAGE][PASSED] - Object: 'Object Repository/Modulo Sara General/cargue fuente general/a_Guardar' is clicked on

2022-03-09 12:57:16 - [TEST_STEP][PASSED] - click(findTestObject("Modulo Sara General/cargue fuente general/a_No se encontr registros_ui-dialog-titlebar-icon ui-dialog-titlebar-close ui-corner-all ui-state-hover")): Object: 'Object Repository/Modulo Sara General/cargue fuente general/a_No se encontr registros_ui-dialog-titlebar-icon ui-dialog-titlebar-close ui-corner-all ui-state-hover' is clicked on

2022-03-09 12:57:17 - [MESSAGE][PASSED] - Object: 'Object Repository/Modulo Sara General/cargue fuente general/a_No se encontr registros_ui-dialog-titlebar-icon ui-dialog-titlebar-close ui-corner-all ui-state-hover' is clicked on

2022-03-09 12:57:17 - [TEST_STEP][PASSED] - click(findTestObject("Modulo Sara General/cargue fuente general/a_Notificacin")): Object: 'Object Repository/Modulo Sara General/cargue fuente general/a_Notificacin' is clicked on

2022-03-09 12:57:18 - [MESSAGE][PASSED] - Object: 'Object Repository/Modulo Sara General/cargue fuente general/a_Notificacin' is clicked on

2022-03-09 12:57:18 - [TEST_STEP][PASSED] - selectOptionByIndex(findTestObject("Modulo Sara General/cargue fuente general/select_SeleccioneFijoLogin Par"), 1): All options with index in [1] are selected on object 'Object Repository/Modulo Sara General/cargue fuente general/select_SeleccioneFijoLogin Par'

2022-03-09 12:57:20 - [MESSAGE][PASSED] - All options with index in [1] are selected on object 'Object Repository/Modulo Sara General/cargue fuente general/select_SeleccioneFijoLogin Par'

2022-03-09 12:57:20 - [TEST_STEP][PASSED] - setText(findTestObject("Modulo Sara General/cargue fuente general/input_No se encontr registros_form_FuenteGeneraltabtablaNotificacioncorreo"), "prueba@null.com"): Text 'prueba@null.com' is set on object 'Object Repository/Modulo Sara General/cargue fuente general/input_No se encontr registros_form_FuenteGeneraltabtablaNotificacioncorreo'

2022-03-09 12:57:21 - [MESSAGE][PASSED] - Text 'prueba@null.com' is set on object 'Object Repository/Modulo Sara General/cargue fuente general/input_No se encontr registros_form_FuenteGeneraltabtablaNotificacioncorreo'

2022-03-09 12:57:21 - [TEST_STEP][PASSED] - setText(findTestObject("Modulo Sara General/cargue fuente general/input_No se encontr registros_form_FuenteGeneraltabtablaNotificaciondescr"), "Prueba"): Text 'Prueba' is set on object 'Object Repository/Modulo Sara General/cargue fuente general/input_No se encontr registros_form_FuenteGeneraltabtablaNotificaciondescr'

2022-03-09 12:57:23 - [MESSAGE][PASSED] - Text 'Prueba' is set on object 'Object Repository/Modulo Sara General/cargue fuente general/input_No se encontr registros_form_FuenteGeneraltabtablaNotificaciondescr'

2022-03-09 12:57:23 - [TEST_STEP][PASSED] - click(findTestObject("Modulo Sara General/cargue fuente general/a_No se encontr registros_form_FuenteGeneraltabtablaNotificacionpopupplantilla")): Object: 'Object Repository/Modulo Sara General/cargue fuente general/a_No se encontr registros_form_FuenteGeneraltabtablaNotificacionpopupplantilla' is clicked on

2022-03-09 12:57:27 - [MESSAGE][PASSED] - Object: 'Object Repository/Modulo Sara General/cargue fuente general/a_No se encontr registros_form_FuenteGeneraltabtablaNotificacionpopupplantilla' is clicked on

2022-03-09 12:57:27 - [TEST_STEP][PASSED] - click(findTestObject("Modulo Sara General/cargue fuente general/a_01  .jasper")): Object: 'Object Repository/Modulo Sara General/cargue fuente general/a_01  .jasper' is clicked on

2022-03-09 12:57:29 - [MESSAGE][PASSED] - Object: 'Object Repository/Modulo Sara General/cargue fuente general/a_01  .jasper' is clicked on

2022-03-09 12:57:29 - [TEST_STEP][PASSED] - click(findTestObject("Modulo Sara General/cargue fuente general/a_No se encontr registros_btn-miniadicionar2")): Object: 'Object Repository/Modulo Sara General/cargue fuente general/a_No se encontr registros_btn-miniadicionar2' is clicked on

2022-03-09 12:57:30 - [MESSAGE][PASSED] - Object: 'Object Repository/Modulo Sara General/cargue fuente general/a_No se encontr registros_btn-miniadicionar2' is clicked on

2022-03-09 12:57:30 - [TEST_STEP][PASSED] - click(findTestObject("Modulo Sara General/cargue fuente general/a_Servicios")): Object: 'Object Repository/Modulo Sara General/cargue fuente general/a_Servicios' is clicked on

2022-03-09 12:57:31 - [MESSAGE][PASSED] - Object: 'Object Repository/Modulo Sara General/cargue fuente general/a_Servicios' is clicked on

2022-03-09 12:57:31 - [TEST_STEP][PASSED] - if (waitForElementVisible(findTestObject("Modulo Sara General/cargue fuente general/td_Actualizar Jefe"), 1)): null

2022-03-09 12:57:31 - [MESSAGE][PASSED] - Object 'Object Repository/Modulo Sara General/cargue fuente general/td_Actualizar Jefe' is visible

2022-03-09 12:57:31 - [TEST_STEP][PASSED] - click(findTestObject("Modulo Sara General/cargue fuente general/td_Actualizar Jefe")): Object: 'Object Repository/Modulo Sara General/cargue fuente general/td_Actualizar Jefe' is clicked on

2022-03-09 12:57:32 - [MESSAGE][PASSED] - Object: 'Object Repository/Modulo Sara General/cargue fuente general/td_Actualizar Jefe' is clicked on

2022-03-09 12:57:32 - [TEST_STEP][PASSED] - click(findTestObject("Modulo Sara General/cargue fuente general/a_Eliminar_Servicio")): Object: 'Object Repository/Modulo Sara General/cargue fuente general/a_Eliminar_Servicio' is clicked on

2022-03-09 12:57:33 - [MESSAGE][PASSED] - Object: 'Object Repository/Modulo Sara General/cargue fuente general/a_Eliminar_Servicio' is clicked on

2022-03-09 12:57:33 - [TEST_STEP][PASSED] - click(findTestObject("Modulo Sara General/cargue fuente general/a_Aceptar_eliminar servicio")): Object: 'Object Repository/Modulo Sara General/cargue fuente general/a_Aceptar_eliminar servicio' is clicked on

2022-03-09 12:57:33 - [MESSAGE][PASSED] - Object: 'Object Repository/Modulo Sara General/cargue fuente general/a_Aceptar_eliminar servicio' is clicked on

2022-03-09 12:57:33 - [TEST_STEP][PASSED] - click(findTestObject("Modulo Sara General/cargue fuente general/a_Campos")): Object: 'Object Repository/Modulo Sara General/cargue fuente general/a_Campos' is clicked on

2022-03-09 12:57:34 - [MESSAGE][PASSED] - Object: 'Object Repository/Modulo Sara General/cargue fuente general/a_Campos' is clicked on

2022-03-09 12:57:34 - [TEST_STEP][PASSED] - if (waitForElementVisible(findTestObject("Modulo Sara General/cargue fuente general/td_camp1"), 1)): Web element with id: 'Object Repository/Modulo Sara General/cargue fuente general/td_camp1' located by '//*/text()[normalize-space(.)='camp1']/parent::*' not found

2022-03-09 12:57:36 - [MESSAGE][INFO] - Unable to find the element located by 'By.xpath: //*/text()[normalize-space(.)='camp1']/parent::*'. Please recheck the objects properties to make sure the desired element is located. 

2022-03-09 12:57:36 - [MESSAGE][WARNING] - Web element with id: 'Object Repository/Modulo Sara General/cargue fuente general/td_camp1' located by '//*/text()[normalize-space(.)='camp1']/parent::*' not found

2022-03-09 12:57:36 - [TEST_STEP][PASSED] - click(findTestObject("Modulo Sara General/cargue fuente general/a_Entrada")): Object: 'Object Repository/Modulo Sara General/cargue fuente general/a_Entrada' is clicked on

2022-03-09 12:57:37 - [MESSAGE][PASSED] - Object: 'Object Repository/Modulo Sara General/cargue fuente general/a_Entrada' is clicked on

2022-03-09 12:57:37 - [TEST_STEP][PASSED] - if (waitForElementVisible(findTestObject("Modulo Sara General/cargue fuente general/td_Pru1"), 1)): Web element with id: 'Object Repository/Modulo Sara General/cargue fuente general/td_Pru1' located by '//*/text()[normalize-space(.)='Pru1']/parent::*' not found

2022-03-09 12:57:39 - [MESSAGE][INFO] - Unable to find the element located by 'By.xpath: //*/text()[normalize-space(.)='Pru1']/parent::*'. Please recheck the objects properties to make sure the desired element is located. 

2022-03-09 12:57:39 - [MESSAGE][WARNING] - Web element with id: 'Object Repository/Modulo Sara General/cargue fuente general/td_Pru1' located by '//*/text()[normalize-space(.)='Pru1']/parent::*' not found

2022-03-09 12:57:39 - [TEST_STEP][PASSED] - click(findTestObject("Modulo Sara General/cargue fuente general/a_Bsica")): Object: 'Object Repository/Modulo Sara General/cargue fuente general/a_Bsica' is clicked on

2022-03-09 12:57:40 - [MESSAGE][PASSED] - Object: 'Object Repository/Modulo Sara General/cargue fuente general/a_Bsica' is clicked on

2022-03-09 12:57:40 - [TEST_STEP][PASSED] - click(findTestObject("Modulo Sara General/cargue fuente general/a_Eliminar_basica")): Object: 'Object Repository/Modulo Sara General/cargue fuente general/a_Eliminar_basica' is clicked on

2022-03-09 12:57:41 - [MESSAGE][PASSED] - Object: 'Object Repository/Modulo Sara General/cargue fuente general/a_Eliminar_basica' is clicked on

2022-03-09 12:57:41 - [TEST_STEP][PASSED] - click(findTestObject("Modulo Sara General/cargue fuente general/a_Aceptar_eliminar servicio")): Object: 'Object Repository/Modulo Sara General/cargue fuente general/a_Aceptar_eliminar servicio' is clicked on

2022-03-09 12:57:41 - [MESSAGE][PASSED] - Object: 'Object Repository/Modulo Sara General/cargue fuente general/a_Aceptar_eliminar servicio' is clicked on]]></system-out>
         <system-err><![CDATA[]]></system-err>
      </testcase>
      <testcase name="Test Cases/1.1-Tareas Principales/1.7.9-Ejecucion_reporte_general" time="78.759" classname="Test Cases/1.1-Tareas Principales/1.7.9-Ejecucion_reporte_general" status="FAILED">
         <failure type="FAILED" message="Test Cases/1.1-Tareas Principales/1.7.9-Ejecucion_reporte_general FAILED.
Reason:
com.kms.katalon.core.exception.StepFailedException: Unable to set text '1' of object 'Object Repository/Modulo Sara General/Ejecucion reporte general/input_Empresa_popupReportetablaParametroReporte0j_idt477'
	at com.kms.katalon.core.webui.keyword.internal.WebUIKeywordMain.stepFailed(WebUIKeywordMain.groovy:64)
	at com.kms.katalon.core.webui.keyword.internal.WebUIKeywordMain.runKeyword(WebUIKeywordMain.groovy:26)
	at com.kms.katalon.core.webui.keyword.builtin.SetTextKeyword.setText(SetTextKeyword.groovy:66)
	at com.kms.katalon.core.webui.keyword.builtin.SetTextKeyword.execute(SetTextKeyword.groovy:37)
	at com.kms.katalon.core.keyword.internal.KeywordExecutor.executeKeywordForPlatform(KeywordExecutor.groovy:74)
	at com.kms.katalon.core.webui.keyword.WebUiBuiltInKeywords.setText(WebUiBuiltInKeywords.groovy:980)
	at com.kms.katalon.core.webui.keyword.WebUiBuiltInKeywords$setText$2.call(Unknown Source)
	at 1.7.9-Ejecucion_reporte_general.run(1.7.9-Ejecucion_reporte_general:154)
	at com.kms.katalon.core.main.ScriptEngine.run(ScriptEngine.java:194)
	at com.kms.katalon.core.main.ScriptEngine.runScriptAsRawText(ScriptEngine.java:119)
	at com.kms.katalon.core.main.TestCaseExecutor.runScript(TestCaseExecutor.java:442)
	at com.kms.katalon.core.main.TestCaseExecutor.doExecute(TestCaseExecutor.java:433)
	at com.kms.katalon.core.main.TestCaseExecutor.processExecutionPhase(TestCaseExecutor.java:412)
	at com.kms.katalon.core.main.TestCaseExecutor.accessMainPhase(TestCaseExecutor.java:404)
	at com.kms.katalon.core.main.TestCaseExecutor.execute(TestCaseExecutor.java:281)
	at com.kms.katalon.core.main.TestSuiteExecutor.accessTestCaseMainPhase(TestSuiteExecutor.java:202)
	at com.kms.katalon.core.main.TestSuiteExecutor.accessTestSuiteMainPhase(TestSuiteExecutor.java:164)
	at com.kms.katalon.core.main.TestSuiteExecutor.execute(TestSuiteExecutor.java:105)
	at com.kms.katalon.core.main.TestCaseMain.startTestSuite(TestCaseMain.java:185)
	at com.kms.katalon.core.main.TestCaseMain$startTestSuite$0.call(Unknown Source)
	at TempTestSuite1646845129657.run(TempTestSuite1646845129657.groovy:36)
Caused by: com.kms.katalon.core.webui.exception.WebElementNotFoundException: Web element with id: 'Object Repository/Modulo Sara General/Ejecucion reporte general/input_Empresa_popupReportetablaParametroReporte0j_idt477' located by '//div/div/table/tbody/tr/td[2]/table/tbody/tr/td/input' not found
	at com.kms.katalon.core.webui.common.WebUiCommonHelper.findWebElement(WebUiCommonHelper.java:1370)
	at com.kms.katalon.core.webui.keyword.internal.WebUIAbstractKeyword.findWebElement(WebUIAbstractKeyword.groovy:27)
	at com.kms.katalon.core.webui.keyword.internal.WebUIAbstractKeyword.findWebElement(WebUIAbstractKeyword.groovy:26)
	at com.kms.katalon.core.webui.keyword.builtin.SetTextKeyword$_setText_closure1.doCall(SetTextKeyword.groovy:51)
	at com.kms.katalon.core.webui.keyword.builtin.SetTextKeyword$_setText_closure1.call(SetTextKeyword.groovy)
	at com.kms.katalon.core.webui.keyword.internal.WebUIKeywordMain.runKeyword(WebUIKeywordMain.groovy:20)
	... 19 more
"/>
         <system-out><![CDATA[2022-03-09 12:57:41 - [TEST_CASE][FAILED] - Test Cases/1.1-Tareas Principales/1.7.9-Ejecucion_reporte_general: Test Cases/1.1-Tareas Principales/1.7.9-Ejecucion_reporte_general FAILED.
Reason:
com.kms.katalon.core.exception.StepFailedException: Unable to set text '1' of object 'Object Repository/Modulo Sara General/Ejecucion reporte general/input_Empresa_popupReportetablaParametroReporte0j_idt477'
	at com.kms.katalon.core.webui.keyword.internal.WebUIKeywordMain.stepFailed(WebUIKeywordMain.groovy:64)
	at com.kms.katalon.core.webui.keyword.internal.WebUIKeywordMain.runKeyword(WebUIKeywordMain.groovy:26)
	at com.kms.katalon.core.webui.keyword.builtin.SetTextKeyword.setText(SetTextKeyword.groovy:66)
	at com.kms.katalon.core.webui.keyword.builtin.SetTextKeyword.execute(SetTextKeyword.groovy:37)
	at com.kms.katalon.core.keyword.internal.KeywordExecutor.executeKeywordForPlatform(KeywordExecutor.groovy:74)
	at com.kms.katalon.core.webui.keyword.WebUiBuiltInKeywords.setText(WebUiBuiltInKeywords.groovy:980)
	at com.kms.katalon.core.webui.keyword.WebUiBuiltInKeywords$setText$2.call(Unknown Source)
	at 1.7.9-Ejecucion_reporte_general.run(1.7.9-Ejecucion_reporte_general:154)
	at com.kms.katalon.core.main.ScriptEngine.run(ScriptEngine.java:194)
	at com.kms.katalon.core.main.ScriptEngine.runScriptAsRawText(ScriptEngine.java:119)
	at com.kms.katalon.core.main.TestCaseExecutor.runScript(TestCaseExecutor.java:442)
	at com.kms.katalon.core.main.TestCaseExecutor.doExecute(TestCaseExecutor.java:433)
	at com.kms.katalon.core.main.TestCaseExecutor.processExecutionPhase(TestCaseExecutor.java:412)
	at com.kms.katalon.core.main.TestCaseExecutor.accessMainPhase(TestCaseExecutor.java:404)
	at com.kms.katalon.core.main.TestCaseExecutor.execute(TestCaseExecutor.java:281)
	at com.kms.katalon.core.main.TestSuiteExecutor.accessTestCaseMainPhase(TestSuiteExecutor.java:202)
	at com.kms.katalon.core.main.TestSuiteExecutor.accessTestSuiteMainPhase(TestSuiteExecutor.java:164)
	at com.kms.katalon.core.main.TestSuiteExecutor.execute(TestSuiteExecutor.java:105)
	at com.kms.katalon.core.main.TestCaseMain.startTestSuite(TestCaseMain.java:185)
	at com.kms.katalon.core.main.TestCaseMain$startTestSuite$0.call(Unknown Source)
	at TempTestSuite1646845129657.run(TempTestSuite1646845129657.groovy:36)
Caused by: com.kms.katalon.core.webui.exception.WebElementNotFoundException: Web element with id: 'Object Repository/Modulo Sara General/Ejecucion reporte general/input_Empresa_popupReportetablaParametroReporte0j_idt477' located by '//div/div/table/tbody/tr/td[2]/table/tbody/tr/td/input' not found
	at com.kms.katalon.core.webui.common.WebUiCommonHelper.findWebElement(WebUiCommonHelper.java:1370)
	at com.kms.katalon.core.webui.keyword.internal.WebUIAbstractKeyword.findWebElement(WebUIAbstractKeyword.groovy:27)
	at com.kms.katalon.core.webui.keyword.internal.WebUIAbstractKeyword.findWebElement(WebUIAbstractKeyword.groovy:26)
	at com.kms.katalon.core.webui.keyword.builtin.SetTextKeyword$_setText_closure1.doCall(SetTextKeyword.groovy:51)
	at com.kms.katalon.core.webui.keyword.builtin.SetTextKeyword$_setText_closure1.call(SetTextKeyword.groovy)
	at com.kms.katalon.core.webui.keyword.internal.WebUIKeywordMain.runKeyword(WebUIKeywordMain.groovy:20)
	... 19 more


2022-03-09 12:57:42 - [TEST_STEP][PASSED] - callTestCase(findTestCase("0.1-Login"), [:], STOP_ON_FAILURE): Call Test Case 'Test Cases/0.1-Login' successfully

2022-03-09 12:57:42 - [TEST_CASE][PASSED] - Test Cases/0.1-Login: Test Cases/0.1-Login

2022-03-09 12:57:42 - [TEST_STEP][PASSED] - openBrowser(""): Browser is opened with url: ''

2022-03-09 12:57:42 - [MESSAGE][WARNING] - A browser is already opened. Closing browser and opening a new one

2022-03-09 12:57:44 - [MESSAGE][INFO] - Starting 'Chrome' driver

2022-03-09 12:57:44 - [MESSAGE][INFO] - Action delay is set to 0 milliseconds

2022-03-09 12:57:45 - [MESSAGE][PASSED] - Browser is opened with url: ''

2022-03-09 12:57:45 - [TEST_STEP][PASSED] - maximizeWindow(): Current window maximized

2022-03-09 12:57:45 - [MESSAGE][PASSED] - Current window maximized

2022-03-09 12:57:45 - [TEST_STEP][PASSED] - i = G_Login: null

2022-03-09 12:57:45 - [TEST_STEP][PASSED] - url = new java.net.URL(i): null

2022-03-09 12:57:45 - [TEST_STEP][PASSED] - println("URL: " + url.toString()): null

2022-03-09 12:57:45 - [TEST_STEP][PASSED] - connection = url.openConnection(): null

2022-03-09 12:57:45 - [TEST_STEP][PASSED] - connection.setRequestMethod("GET"): null

2022-03-09 12:57:45 - [TEST_STEP][PASSED] - connection.setReadTimeout(2 * 1000): null

2022-03-09 12:57:45 - [TEST_STEP][PASSED] - try: null

2022-03-09 12:57:45 - [TEST_STEP][PASSED] - connection.connect(): null

2022-03-09 12:57:45 - [TEST_STEP][PASSED] - flag = connected: null

2022-03-09 12:57:45 - [TEST_STEP][PASSED] - println("Valor_ori: " + flag): null

2022-03-09 12:57:45 - [TEST_STEP][PASSED] - if (flag): null

2022-03-09 12:57:45 - [TEST_STEP][PASSED] - navigateToUrl(i): Navigate to 'http://192.168.2.80:8380/saraweb' successfully

2022-03-09 12:57:46 - [MESSAGE][PASSED] - Navigate to 'http://192.168.2.80:8380/saraweb' successfully

2022-03-09 12:57:46 - [TEST_STEP][PASSED] - a(): null

2022-03-09 12:57:46 - [TEST_STEP][PASSED] - setText(findTestObject("Login/input_USUARIO_loginusuario"), G_Usuario): Text 'saraadmin' is set on object 'Object Repository/Login/input_USUARIO_loginusuario'

2022-03-09 12:57:47 - [MESSAGE][PASSED] - Text 'saraadmin' is set on object 'Object Repository/Login/input_USUARIO_loginusuario'

2022-03-09 12:57:47 - [TEST_STEP][PASSED] - setEncryptedText(findTestObject("Login/input_CLAVE_loginpassword"), "MkG4/TYiCFC3cb2driP7+Q=="): Text ****** has been set on object 'Object Repository/Login/input_CLAVE_loginpassword'

2022-03-09 12:57:48 - [MESSAGE][PASSED] - Text ****** has been set on object 'Object Repository/Login/input_CLAVE_loginpassword'

2022-03-09 12:57:48 - [TEST_STEP][PASSED] - waitForElementClickable(findTestObject("Login/a_Ingresar"), G_TimeOut): Object 'Object Repository/Login/a_Ingresar' is clickable

2022-03-09 12:57:48 - [MESSAGE][PASSED] - Object 'Object Repository/Login/a_Ingresar' is clickable

2022-03-09 12:57:48 - [TEST_STEP][PASSED] - click(findTestObject("Login/a_Ingresar")): Object: 'Object Repository/Login/a_Ingresar' is clicked on

2022-03-09 12:57:50 - [MESSAGE][PASSED] - Object: 'Object Repository/Login/a_Ingresar' is clicked on

2022-03-09 12:57:50 - [TEST_STEP][PASSED] - element = findWebElement(findTestObject("Login/a_Ir"), 30): null

2022-03-09 12:57:50 - [TEST_STEP][PASSED] - executeJavaScript("arguments[0].click()", Arrays.asList(element)): Execute JavaScript 'arguments[0].click()' successfully

2022-03-09 12:57:50 - [MESSAGE][PASSED] - Execute JavaScript 'arguments[0].click()' successfully

2022-03-09 12:57:50 - [MESSAGE][PASSED] - Call Test Case 'Test Cases/0.1-Login' successfully

2022-03-09 12:57:50 - [TEST_STEP][PASSED] - setText(findTestObject("Modulo Sara General/Ejecucion reporte general/input_Empresa 1_form_templatej_idt24_input"), "ejecucion reporte (gna)"): Text 'ejecucion reporte (gna)' is set on object 'Object Repository/Modulo Sara General/Ejecucion reporte general/input_Empresa 1_form_templatej_idt24_input'

2022-03-09 12:57:52 - [MESSAGE][PASSED] - Text 'ejecucion reporte (gna)' is set on object 'Object Repository/Modulo Sara General/Ejecucion reporte general/input_Empresa 1_form_templatej_idt24_input'

2022-03-09 12:57:52 - [TEST_STEP][PASSED] - click(findTestObject("Modulo Sara General/Ejecucion reporte general/li_Ejecucion Reporte (gna)")): Object: 'Object Repository/Modulo Sara General/Ejecucion reporte general/li_Ejecucion Reporte (gna)' is clicked on

2022-03-09 12:57:53 - [MESSAGE][PASSED] - Object: 'Object Repository/Modulo Sara General/Ejecucion reporte general/li_Ejecucion Reporte (gna)' is clicked on

2022-03-09 12:57:53 - [TEST_STEP][PASSED] - setText(findTestObject("Modulo Sara General/Ejecucion reporte general/input_Actos Administrativos_listaReporteFormj_idt63"), "pruebas  automaticas"): Text 'pruebas  automaticas' is set on object 'Object Repository/Modulo Sara General/Ejecucion reporte general/input_Actos Administrativos_listaReporteFormj_idt63'

2022-03-09 12:57:54 - [MESSAGE][PASSED] - Text 'pruebas  automaticas' is set on object 'Object Repository/Modulo Sara General/Ejecucion reporte general/input_Actos Administrativos_listaReporteFormj_idt63'

2022-03-09 12:57:54 - [TEST_STEP][PASSED] - sendKeys(findTestObject("Modulo Sara General/Ejecucion reporte general/input_Actos Administrativos_listaReporteFormj_idt63"), Keys.chord(ENTER)): Keys 'ENTER + ' sent to object: 'Object Repository/Modulo Sara General/Ejecucion reporte general/input_Actos Administrativos_listaReporteFormj_idt63'

2022-03-09 12:57:55 - [MESSAGE][PASSED] - Keys 'ENTER + ' sent to object: 'Object Repository/Modulo Sara General/Ejecucion reporte general/input_Actos Administrativos_listaReporteFormj_idt63'

2022-03-09 12:57:55 - [TEST_STEP][PASSED] - if (waitForElementVisible(findTestObject("Modulo Sara General/Ejecucion reporte general/td_pruebas  automaticas"), 1)): Web element with id: 'Object Repository/Modulo Sara General/Ejecucion reporte general/td_pruebas  automaticas' located by '//td[(text() = 'pruebas  automaticas' or . = 'pruebas  automaticas')]' not found

2022-03-09 12:57:57 - [MESSAGE][INFO] - Unable to find the element located by 'By.xpath: //td[(text() = 'pruebas  automaticas' or . = 'pruebas  automaticas')]'. Please recheck the objects properties to make sure the desired element is located. 

2022-03-09 12:57:57 - [MESSAGE][WARNING] - Web element with id: 'Object Repository/Modulo Sara General/Ejecucion reporte general/td_pruebas  automaticas' located by '//td[(text() = 'pruebas  automaticas' or . = 'pruebas  automaticas')]' not found

2022-03-09 12:57:57 - [TEST_STEP][PASSED] - click(findTestObject("Modulo Sara General/Ejecucion reporte general/a_Nuevo")): Object: 'Object Repository/Modulo Sara General/Ejecucion reporte general/a_Nuevo' is clicked on

2022-03-09 12:57:59 - [MESSAGE][PASSED] - Object: 'Object Repository/Modulo Sara General/Ejecucion reporte general/a_Nuevo' is clicked on

2022-03-09 12:57:59 - [TEST_STEP][PASSED] - click(findTestObject("Modulo Sara General/Ejecucion reporte general/input_Descripcin_reporteFormdescripcion"), STOP_ON_FAILURE): Object: 'Object Repository/Modulo Sara General/Ejecucion reporte general/input_Descripcin_reporteFormdescripcion' is clicked on

2022-03-09 12:58:00 - [MESSAGE][PASSED] - Object: 'Object Repository/Modulo Sara General/Ejecucion reporte general/input_Descripcin_reporteFormdescripcion' is clicked on

2022-03-09 12:58:00 - [TEST_STEP][PASSED] - setText(findTestObject("Modulo Sara General/Ejecucion reporte general/input_Descripcin_reporteFormdescripcion"), "pruebas  automaticas"): Text 'pruebas  automaticas' is set on object 'Object Repository/Modulo Sara General/Ejecucion reporte general/input_Descripcin_reporteFormdescripcion'

2022-03-09 12:58:00 - [MESSAGE][PASSED] - Text 'pruebas  automaticas' is set on object 'Object Repository/Modulo Sara General/Ejecucion reporte general/input_Descripcin_reporteFormdescripcion'

2022-03-09 12:58:00 - [TEST_STEP][PASSED] - setText(findTestObject("Modulo Sara General/Ejecucion reporte general/input_Titulo_reporteFormtitulo"), "Pruebas  katalon"): Text 'Pruebas  katalon' is set on object 'Object Repository/Modulo Sara General/Ejecucion reporte general/input_Titulo_reporteFormtitulo'

2022-03-09 12:58:01 - [MESSAGE][PASSED] - Text 'Pruebas  katalon' is set on object 'Object Repository/Modulo Sara General/Ejecucion reporte general/input_Titulo_reporteFormtitulo'

2022-03-09 12:58:01 - [TEST_STEP][PASSED] - selectOptionByIndex(findTestObject("Modulo Sara General/Ejecucion reporte general/select_SeleccioneFIJOFUENTESQL"), 3): All options with index in [3] are selected on object 'Object Repository/Modulo Sara General/Ejecucion reporte general/select_SeleccioneFIJOFUENTESQL'

2022-03-09 12:58:03 - [MESSAGE][PASSED] - All options with index in [3] are selected on object 'Object Repository/Modulo Sara General/Ejecucion reporte general/select_SeleccioneFIJOFUENTESQL'

2022-03-09 12:58:03 - [TEST_STEP][PASSED] - selectOptionByIndex(findTestObject("Modulo Sara General/Ejecucion reporte general/select_--Seleccione--NoSi"), 2): All options with index in [2] are selected on object 'Object Repository/Modulo Sara General/Ejecucion reporte general/select_--Seleccione--NoSi'

2022-03-09 12:58:04 - [MESSAGE][PASSED] - All options with index in [2] are selected on object 'Object Repository/Modulo Sara General/Ejecucion reporte general/select_--Seleccione--NoSi'

2022-03-09 12:58:04 - [TEST_STEP][PASSED] - selectOptionByIndex(findTestObject("Modulo Sara General/Ejecucion reporte general/select_SeleccioneEjecutar limite de tiempo de la sesion"), 1): All options with index in [1] are selected on object 'Object Repository/Modulo Sara General/Ejecucion reporte general/select_SeleccioneEjecutar limite de tiempo de la sesion'

2022-03-09 12:58:05 - [MESSAGE][PASSED] - All options with index in [1] are selected on object 'Object Repository/Modulo Sara General/Ejecucion reporte general/select_SeleccioneEjecutar limite de tiempo de la sesion'

2022-03-09 12:58:05 - [TEST_STEP][PASSED] - setText(findTestObject("Modulo Sara General/Ejecucion reporte general/textarea_Sql_reporteFormsql"), "SELECT  nemp_empresa "codigo", cemp_nombre "Nombre", memp_nit "NIT" FROM EMPRESA_EMP"): Text 'SELECT  nemp_empresa "codigo", cemp_nombre "Nombre", memp_nit "NIT" FROM EMPRESA_EMP' is set on object 'Object Repository/Modulo Sara General/Ejecucion reporte general/textarea_Sql_reporteFormsql'

2022-03-09 12:58:06 - [MESSAGE][PASSED] - Text 'SELECT  nemp_empresa "codigo", cemp_nombre "Nombre", memp_nit "NIT" FROM EMPRESA_EMP' is set on object 'Object Repository/Modulo Sara General/Ejecucion reporte general/textarea_Sql_reporteFormsql'

2022-03-09 12:58:06 - [TEST_STEP][PASSED] - click(findTestObject("Modulo Sara General/Ejecucion reporte general/a_Guardar")): Object: 'Object Repository/Modulo Sara General/Ejecucion reporte general/a_Guardar' is clicked on

2022-03-09 12:58:08 - [MESSAGE][PASSED] - Object: 'Object Repository/Modulo Sara General/Ejecucion reporte general/a_Guardar' is clicked on

2022-03-09 12:58:08 - [TEST_STEP][PASSED] - click(findTestObject("Modulo Sara General/Ejecucion reporte general/a_Entrada")): Object: 'Object Repository/Modulo Sara General/Ejecucion reporte general/a_Entrada' is clicked on

2022-03-09 12:58:09 - [MESSAGE][PASSED] - Object: 'Object Repository/Modulo Sara General/Ejecucion reporte general/a_Entrada' is clicked on

2022-03-09 12:58:09 - [TEST_STEP][PASSED] - click(findTestObject("Modulo Sara General/Ejecucion reporte general/a_Nuevo1")): Object: 'Object Repository/Modulo Sara General/Ejecucion reporte general/a_Nuevo1' is clicked on

2022-03-09 12:58:10 - [MESSAGE][PASSED] - Object: 'Object Repository/Modulo Sara General/Ejecucion reporte general/a_Nuevo1' is clicked on

2022-03-09 12:58:10 - [TEST_STEP][PASSED] - setText(findTestObject("Modulo Sara General/Ejecucion reporte general/input_Descripcin_formPopUpEntradaReporteentradaDescripcion"), "Empresa"): Text 'Empresa' is set on object 'Object Repository/Modulo Sara General/Ejecucion reporte general/input_Descripcin_formPopUpEntradaReporteentradaDescripcion'

2022-03-09 12:58:11 - [MESSAGE][PASSED] - Text 'Empresa' is set on object 'Object Repository/Modulo Sara General/Ejecucion reporte general/input_Descripcin_formPopUpEntradaReporteentradaDescripcion'

2022-03-09 12:58:11 - [TEST_STEP][PASSED] - setText(findTestObject("Modulo Sara General/Ejecucion reporte general/input_Parmetro_formPopUpEntradaReporteentradaParametro"), "Codempresa"): Text 'Codempresa' is set on object 'Object Repository/Modulo Sara General/Ejecucion reporte general/input_Parmetro_formPopUpEntradaReporteentradaParametro'

2022-03-09 12:58:12 - [MESSAGE][PASSED] - Text 'Codempresa' is set on object 'Object Repository/Modulo Sara General/Ejecucion reporte general/input_Parmetro_formPopUpEntradaReporteentradaParametro'

2022-03-09 12:58:12 - [TEST_STEP][PASSED] - selectOptionByIndex(findTestObject("Modulo Sara General/Ejecucion reporte general/select_DirectoLista"), 0): All options with index in [0] are selected on object 'Object Repository/Modulo Sara General/Ejecucion reporte general/select_DirectoLista'

2022-03-09 12:58:13 - [MESSAGE][PASSED] - All options with index in [0] are selected on object 'Object Repository/Modulo Sara General/Ejecucion reporte general/select_DirectoLista'

2022-03-09 12:58:13 - [TEST_STEP][PASSED] - selectOptionByIndex(findTestObject("Modulo Sara General/Ejecucion reporte general/select_- Seleccione -FechaNumero DecimalNumero EnteroSerie NumeroSerie TextoTexto"), 3): All options with index in [3] are selected on object 'Object Repository/Modulo Sara General/Ejecucion reporte general/select_- Seleccione -FechaNumero DecimalNumero EnteroSerie NumeroSerie TextoTexto'

2022-03-09 12:58:14 - [MESSAGE][PASSED] - All options with index in [3] are selected on object 'Object Repository/Modulo Sara General/Ejecucion reporte general/select_- Seleccione -FechaNumero DecimalNumero EnteroSerie NumeroSerie TextoTexto'

2022-03-09 12:58:14 - [TEST_STEP][PASSED] - setText(findTestObject("Modulo Sara General/Ejecucion reporte general/input_Orden_formPopUpEntradaReporteentradaOrden"), "1"): Text '1' is set on object 'Object Repository/Modulo Sara General/Ejecucion reporte general/input_Orden_formPopUpEntradaReporteentradaOrden'

2022-03-09 12:58:15 - [MESSAGE][PASSED] - Text '1' is set on object 'Object Repository/Modulo Sara General/Ejecucion reporte general/input_Orden_formPopUpEntradaReporteentradaOrden'

2022-03-09 12:58:15 - [TEST_STEP][PASSED] - click(findTestObject("Modulo Sara General/Ejecucion reporte general/label_Si")): Object: 'Object Repository/Modulo Sara General/Ejecucion reporte general/label_Si' is clicked on

2022-03-09 12:58:16 - [MESSAGE][PASSED] - Object: 'Object Repository/Modulo Sara General/Ejecucion reporte general/label_Si' is clicked on

2022-03-09 12:58:16 - [TEST_STEP][PASSED] - click(findTestObject("Modulo Sara General/Ejecucion reporte general/a_Guardar1")): Object: 'Object Repository/Modulo Sara General/Ejecucion reporte general/a_Guardar1' is clicked on

2022-03-09 12:58:17 - [MESSAGE][PASSED] - Object: 'Object Repository/Modulo Sara General/Ejecucion reporte general/a_Guardar1' is clicked on

2022-03-09 12:58:17 - [TEST_STEP][PASSED] - click(findTestObject("Modulo Sara General/Ejecucion reporte general/span_No se encontr registros_ui-icon ui-icon-closethick")): Object: 'Object Repository/Modulo Sara General/Ejecucion reporte general/span_No se encontr registros_ui-icon ui-icon-closethick' is clicked on

2022-03-09 12:58:17 - [MESSAGE][PASSED] - Object: 'Object Repository/Modulo Sara General/Ejecucion reporte general/span_No se encontr registros_ui-icon ui-icon-closethick' is clicked on

2022-03-09 12:58:17 - [TEST_STEP][PASSED] - click(findTestObject("Modulo Sara General/Ejecucion reporte general/a_Campo")): Object: 'Object Repository/Modulo Sara General/Ejecucion reporte general/a_Campo' is clicked on

2022-03-09 12:58:18 - [MESSAGE][PASSED] - Object: 'Object Repository/Modulo Sara General/Ejecucion reporte general/a_Campo' is clicked on

2022-03-09 12:58:18 - [TEST_STEP][PASSED] - click(findTestObject("Modulo Sara General/Ejecucion reporte general/a_Generar")): Object: 'Object Repository/Modulo Sara General/Ejecucion reporte general/a_Generar' is clicked on

2022-03-09 12:58:19 - [MESSAGE][PASSED] - Object: 'Object Repository/Modulo Sara General/Ejecucion reporte general/a_Generar' is clicked on

2022-03-09 12:58:19 - [TEST_STEP][PASSED] - click(findTestObject("Modulo Sara General/Ejecucion reporte general/a_Tipo")): Object: 'Object Repository/Modulo Sara General/Ejecucion reporte general/a_Tipo' is clicked on

2022-03-09 12:58:20 - [MESSAGE][PASSED] - Object: 'Object Repository/Modulo Sara General/Ejecucion reporte general/a_Tipo' is clicked on

2022-03-09 12:58:20 - [TEST_STEP][PASSED] - click(findTestObject("Modulo Sara General/Ejecucion reporte general/a_Plantilla_btn_popupInformacion")): Object: 'Object Repository/Modulo Sara General/Ejecucion reporte general/a_Plantilla_btn_popupInformacion' is clicked on

2022-03-09 12:58:22 - [MESSAGE][PASSED] - Object: 'Object Repository/Modulo Sara General/Ejecucion reporte general/a_Plantilla_btn_popupInformacion' is clicked on

2022-03-09 12:58:22 - [TEST_STEP][PASSED] - setText(findTestObject("Modulo Sara General/Ejecucion reporte general/input_Buscar_form_PopupPlantillasj_idt74"), "descargar.xlsx"): Text 'descargar.xlsx' is set on object 'Object Repository/Modulo Sara General/Ejecucion reporte general/input_Buscar_form_PopupPlantillasj_idt74'

2022-03-09 12:58:24 - [MESSAGE][PASSED] - Text 'descargar.xlsx' is set on object 'Object Repository/Modulo Sara General/Ejecucion reporte general/input_Buscar_form_PopupPlantillasj_idt74'

2022-03-09 12:58:24 - [TEST_STEP][PASSED] - click(findTestObject("Modulo Sara General/Ejecucion reporte general/a_descargar.xlsx")): Object: 'Object Repository/Modulo Sara General/Ejecucion reporte general/a_descargar.xlsx' is clicked on

2022-03-09 12:58:25 - [MESSAGE][PASSED] - Object: 'Object Repository/Modulo Sara General/Ejecucion reporte general/a_descargar.xlsx' is clicked on

2022-03-09 12:58:25 - [TEST_STEP][PASSED] - setText(findTestObject("Modulo Sara General/Ejecucion reporte general/input_Nombre De La  Hoja_reporteFormexcel"), "Hoja1"): Text 'Hoja1' is set on object 'Object Repository/Modulo Sara General/Ejecucion reporte general/input_Nombre De La  Hoja_reporteFormexcel'

2022-03-09 12:58:26 - [MESSAGE][PASSED] - Text 'Hoja1' is set on object 'Object Repository/Modulo Sara General/Ejecucion reporte general/input_Nombre De La  Hoja_reporteFormexcel'

2022-03-09 12:58:26 - [TEST_STEP][PASSED] - selectOptionByIndex(findTestObject("Modulo Sara General/Ejecucion reporte general/select_SeleccioneSin CifrarEncripcion DaviviendaEncripcion Citibank"), 1): All options with index in [1] are selected on object 'Object Repository/Modulo Sara General/Ejecucion reporte general/select_SeleccioneSin CifrarEncripcion DaviviendaEncripcion Citibank'

2022-03-09 12:58:27 - [MESSAGE][PASSED] - All options with index in [1] are selected on object 'Object Repository/Modulo Sara General/Ejecucion reporte general/select_SeleccioneSin CifrarEncripcion DaviviendaEncripcion Citibank'

2022-03-09 12:58:27 - [TEST_STEP][PASSED] - click(findTestObject("Modulo Sara General/Ejecucion reporte general/a_Guardar2")): Object: 'Object Repository/Modulo Sara General/Ejecucion reporte general/a_Guardar2' is clicked on

2022-03-09 12:58:28 - [MESSAGE][PASSED] - Object: 'Object Repository/Modulo Sara General/Ejecucion reporte general/a_Guardar2' is clicked on

2022-03-09 12:58:28 - [TEST_STEP][PASSED] - click(findTestObject("a_Ejecutar")): Object: 'Object Repository/a_Ejecutar' is clicked on

2022-03-09 12:58:29 - [MESSAGE][PASSED] - Object: 'Object Repository/a_Ejecutar' is clicked on

2022-03-09 12:58:29 - [TEST_STEP][FAILED] - setText(findTestObject("Modulo Sara General/Ejecucion reporte general/input_Empresa_popupReportetablaParametroReporte0j_idt477"), "1"): Unable to set text '1' of object 'Object Repository/Modulo Sara General/Ejecucion reporte general/input_Empresa_popupReportetablaParametroReporte0j_idt477' (Root cause: com.kms.katalon.core.exception.StepFailedException: Unable to set text '1' of object 'Object Repository/Modulo Sara General/Ejecucion reporte general/input_Empresa_popupReportetablaParametroReporte0j_idt477'
	at com.kms.katalon.core.webui.keyword.internal.WebUIKeywordMain.stepFailed(WebUIKeywordMain.groovy:64)
	at com.kms.katalon.core.webui.keyword.internal.WebUIKeywordMain.runKeyword(WebUIKeywordMain.groovy:26)
	at com.kms.katalon.core.webui.keyword.builtin.SetTextKeyword.setText(SetTextKeyword.groovy:66)
	at com.kms.katalon.core.webui.keyword.builtin.SetTextKeyword.execute(SetTextKeyword.groovy:37)
	at com.kms.katalon.core.keyword.internal.KeywordExecutor.executeKeywordForPlatform(KeywordExecutor.groovy:74)
	at com.kms.katalon.core.webui.keyword.WebUiBuiltInKeywords.setText(WebUiBuiltInKeywords.groovy:980)
	at com.kms.katalon.core.webui.keyword.WebUiBuiltInKeywords$setText$2.call(Unknown Source)
	at 1.7.9-Ejecucion_reporte_general.run(1.7.9-Ejecucion_reporte_general:154)
	at com.kms.katalon.core.main.ScriptEngine.run(ScriptEngine.java:194)
	at com.kms.katalon.core.main.ScriptEngine.runScriptAsRawText(ScriptEngine.java:119)
	at com.kms.katalon.core.main.TestCaseExecutor.runScript(TestCaseExecutor.java:442)
	at com.kms.katalon.core.main.TestCaseExecutor.doExecute(TestCaseExecutor.java:433)
	at com.kms.katalon.core.main.TestCaseExecutor.processExecutionPhase(TestCaseExecutor.java:412)
	at com.kms.katalon.core.main.TestCaseExecutor.accessMainPhase(TestCaseExecutor.java:404)
	at com.kms.katalon.core.main.TestCaseExecutor.execute(TestCaseExecutor.java:281)
	at com.kms.katalon.core.main.TestSuiteExecutor.accessTestCaseMainPhase(TestSuiteExecutor.java:202)
	at com.kms.katalon.core.main.TestSuiteExecutor.accessTestSuiteMainPhase(TestSuiteExecutor.java:164)
	at com.kms.katalon.core.main.TestSuiteExecutor.execute(TestSuiteExecutor.java:105)
	at com.kms.katalon.core.main.TestCaseMain.startTestSuite(TestCaseMain.java:185)
	at com.kms.katalon.core.main.TestCaseMain$startTestSuite$0.call(Unknown Source)
	at TempTestSuite1646845129657.run(TempTestSuite1646845129657.groovy:36)
Caused by: com.kms.katalon.core.webui.exception.WebElementNotFoundException: Web element with id: 'Object Repository/Modulo Sara General/Ejecucion reporte general/input_Empresa_popupReportetablaParametroReporte0j_idt477' located by '//div/div/table/tbody/tr/td[2]/table/tbody/tr/td/input' not found
	at com.kms.katalon.core.webui.common.WebUiCommonHelper.findWebElement(WebUiCommonHelper.java:1370)
	at com.kms.katalon.core.webui.keyword.internal.WebUIAbstractKeyword.findWebElement(WebUIAbstractKeyword.groovy:27)
	at com.kms.katalon.core.webui.keyword.internal.WebUIAbstractKeyword.findWebElement(WebUIAbstractKeyword.groovy:26)
	at com.kms.katalon.core.webui.keyword.builtin.SetTextKeyword$_setText_closure1.doCall(SetTextKeyword.groovy:51)
	at com.kms.katalon.core.webui.keyword.builtin.SetTextKeyword$_setText_closure1.call(SetTextKeyword.groovy)
	at com.kms.katalon.core.webui.keyword.internal.WebUIKeywordMain.runKeyword(WebUIKeywordMain.groovy:20)
	at com.kms.katalon.core.webui.keyword.builtin.SetTextKeyword.setText(SetTextKeyword.groovy:66)
	at com.kms.katalon.core.webui.keyword.builtin.SetTextKeyword.execute(SetTextKeyword.groovy:37)
	at com.kms.katalon.core.keyword.internal.KeywordExecutor.executeKeywordForPlatform(KeywordExecutor.groovy:74)
	at com.kms.katalon.core.webui.keyword.WebUiBuiltInKeywords.setText(WebUiBuiltInKeywords.groovy:980)
	at com.kms.katalon.core.webui.keyword.WebUiBuiltInKeywords$setText$2.call(Unknown Source)
	at Script1646746603105.run(Script1646746603105.groovy:154)
	... 13 more
)

2022-03-09 12:59:00 - [MESSAGE][INFO] - Unable to find the element located by 'By.xpath: //div/div/table/tbody/tr/td[2]/table/tbody/tr/td/input'. Please recheck the objects properties to make sure the desired element is located. 

2022-03-09 12:59:00 - [MESSAGE][FAILED] - Unable to set text '1' of object 'Object Repository/Modulo Sara General/Ejecucion reporte general/input_Empresa_popupReportetablaParametroReporte0j_idt477' (Root cause: com.kms.katalon.core.exception.StepFailedException: Unable to set text '1' of object 'Object Repository/Modulo Sara General/Ejecucion reporte general/input_Empresa_popupReportetablaParametroReporte0j_idt477'
	at com.kms.katalon.core.webui.keyword.internal.WebUIKeywordMain.stepFailed(WebUIKeywordMain.groovy:64)
	at com.kms.katalon.core.webui.keyword.internal.WebUIKeywordMain.runKeyword(WebUIKeywordMain.groovy:26)
	at com.kms.katalon.core.webui.keyword.builtin.SetTextKeyword.setText(SetTextKeyword.groovy:66)
	at com.kms.katalon.core.webui.keyword.builtin.SetTextKeyword.execute(SetTextKeyword.groovy:37)
	at com.kms.katalon.core.keyword.internal.KeywordExecutor.executeKeywordForPlatform(KeywordExecutor.groovy:74)
	at com.kms.katalon.core.webui.keyword.WebUiBuiltInKeywords.setText(WebUiBuiltInKeywords.groovy:980)
	at com.kms.katalon.core.webui.keyword.WebUiBuiltInKeywords$setText$2.call(Unknown Source)
	at 1.7.9-Ejecucion_reporte_general.run(1.7.9-Ejecucion_reporte_general:154)
	at com.kms.katalon.core.main.ScriptEngine.run(ScriptEngine.java:194)
	at com.kms.katalon.core.main.ScriptEngine.runScriptAsRawText(ScriptEngine.java:119)
	at com.kms.katalon.core.main.TestCaseExecutor.runScript(TestCaseExecutor.java:442)
	at com.kms.katalon.core.main.TestCaseExecutor.doExecute(TestCaseExecutor.java:433)
	at com.kms.katalon.core.main.TestCaseExecutor.processExecutionPhase(TestCaseExecutor.java:412)
	at com.kms.katalon.core.main.TestCaseExecutor.accessMainPhase(TestCaseExecutor.java:404)
	at com.kms.katalon.core.main.TestCaseExecutor.execute(TestCaseExecutor.java:281)
	at com.kms.katalon.core.main.TestSuiteExecutor.accessTestCaseMainPhase(TestSuiteExecutor.java:202)
	at com.kms.katalon.core.main.TestSuiteExecutor.accessTestSuiteMainPhase(TestSuiteExecutor.java:164)
	at com.kms.katalon.core.main.TestSuiteExecutor.execute(TestSuiteExecutor.java:105)
	at com.kms.katalon.core.main.TestCaseMain.startTestSuite(TestCaseMain.java:185)
	at com.kms.katalon.core.main.TestCaseMain$startTestSuite$0.call(Unknown Source)
	at TempTestSuite1646845129657.run(TempTestSuite1646845129657.groovy:36)
Caused by: com.kms.katalon.core.webui.exception.WebElementNotFoundException: Web element with id: 'Object Repository/Modulo Sara General/Ejecucion reporte general/input_Empresa_popupReportetablaParametroReporte0j_idt477' located by '//div/div/table/tbody/tr/td[2]/table/tbody/tr/td/input' not found
	at com.kms.katalon.core.webui.common.WebUiCommonHelper.findWebElement(WebUiCommonHelper.java:1370)
	at com.kms.katalon.core.webui.keyword.internal.WebUIAbstractKeyword.findWebElement(WebUIAbstractKeyword.groovy:27)
	at com.kms.katalon.core.webui.keyword.internal.WebUIAbstractKeyword.findWebElement(WebUIAbstractKeyword.groovy:26)
	at com.kms.katalon.core.webui.keyword.builtin.SetTextKeyword$_setText_closure1.doCall(SetTextKeyword.groovy:51)
	at com.kms.katalon.core.webui.keyword.builtin.SetTextKeyword$_setText_closure1.call(SetTextKeyword.groovy)
	at com.kms.katalon.core.webui.keyword.internal.WebUIKeywordMain.runKeyword(WebUIKeywordMain.groovy:20)
	at com.kms.katalon.core.webui.keyword.builtin.SetTextKeyword.setText(SetTextKeyword.groovy:66)
	at com.kms.katalon.core.webui.keyword.builtin.SetTextKeyword.execute(SetTextKeyword.groovy:37)
	at com.kms.katalon.core.keyword.internal.KeywordExecutor.executeKeywordForPlatform(KeywordExecutor.groovy:74)
	at com.kms.katalon.core.webui.keyword.WebUiBuiltInKeywords.setText(WebUiBuiltInKeywords.groovy:980)
	at com.kms.katalon.core.webui.keyword.WebUiBuiltInKeywords$setText$2.call(Unknown Source)
	at Script1646746603105.run(Script1646746603105.groovy:154)
	... 13 more
)
[[ATTACHMENT|C:\\Users\\diego.rojas\\git\\Pruebas-Minimas\\Reports\\20220309_115823\\1-Tareas Principales\\20220309_115849\\1646848740629.png]]]]></system-out>
         <system-err><![CDATA[2022-03-09 12:57:41 - [TEST_CASE][FAILED] - Test Cases/1.1-Tareas Principales/1.7.9-Ejecucion_reporte_general: Test Cases/1.1-Tareas Principales/1.7.9-Ejecucion_reporte_general FAILED.
Reason:
com.kms.katalon.core.exception.StepFailedException: Unable to set text '1' of object 'Object Repository/Modulo Sara General/Ejecucion reporte general/input_Empresa_popupReportetablaParametroReporte0j_idt477'
	at com.kms.katalon.core.webui.keyword.internal.WebUIKeywordMain.stepFailed(WebUIKeywordMain.groovy:64)
	at com.kms.katalon.core.webui.keyword.internal.WebUIKeywordMain.runKeyword(WebUIKeywordMain.groovy:26)
	at com.kms.katalon.core.webui.keyword.builtin.SetTextKeyword.setText(SetTextKeyword.groovy:66)
	at com.kms.katalon.core.webui.keyword.builtin.SetTextKeyword.execute(SetTextKeyword.groovy:37)
	at com.kms.katalon.core.keyword.internal.KeywordExecutor.executeKeywordForPlatform(KeywordExecutor.groovy:74)
	at com.kms.katalon.core.webui.keyword.WebUiBuiltInKeywords.setText(WebUiBuiltInKeywords.groovy:980)
	at com.kms.katalon.core.webui.keyword.WebUiBuiltInKeywords$setText$2.call(Unknown Source)
	at 1.7.9-Ejecucion_reporte_general.run(1.7.9-Ejecucion_reporte_general:154)
	at com.kms.katalon.core.main.ScriptEngine.run(ScriptEngine.java:194)
	at com.kms.katalon.core.main.ScriptEngine.runScriptAsRawText(ScriptEngine.java:119)
	at com.kms.katalon.core.main.TestCaseExecutor.runScript(TestCaseExecutor.java:442)
	at com.kms.katalon.core.main.TestCaseExecutor.doExecute(TestCaseExecutor.java:433)
	at com.kms.katalon.core.main.TestCaseExecutor.processExecutionPhase(TestCaseExecutor.java:412)
	at com.kms.katalon.core.main.TestCaseExecutor.accessMainPhase(TestCaseExecutor.java:404)
	at com.kms.katalon.core.main.TestCaseExecutor.execute(TestCaseExecutor.java:281)
	at com.kms.katalon.core.main.TestSuiteExecutor.accessTestCaseMainPhase(TestSuiteExecutor.java:202)
	at com.kms.katalon.core.main.TestSuiteExecutor.accessTestSuiteMainPhase(TestSuiteExecutor.java:164)
	at com.kms.katalon.core.main.TestSuiteExecutor.execute(TestSuiteExecutor.java:105)
	at com.kms.katalon.core.main.TestCaseMain.startTestSuite(TestCaseMain.java:185)
	at com.kms.katalon.core.main.TestCaseMain$startTestSuite$0.call(Unknown Source)
	at TempTestSuite1646845129657.run(TempTestSuite1646845129657.groovy:36)
Caused by: com.kms.katalon.core.webui.exception.WebElementNotFoundException: Web element with id: 'Object Repository/Modulo Sara General/Ejecucion reporte general/input_Empresa_popupReportetablaParametroReporte0j_idt477' located by '//div/div/table/tbody/tr/td[2]/table/tbody/tr/td/input' not found
	at com.kms.katalon.core.webui.common.WebUiCommonHelper.findWebElement(WebUiCommonHelper.java:1370)
	at com.kms.katalon.core.webui.keyword.internal.WebUIAbstractKeyword.findWebElement(WebUIAbstractKeyword.groovy:27)
	at com.kms.katalon.core.webui.keyword.internal.WebUIAbstractKeyword.findWebElement(WebUIAbstractKeyword.groovy:26)
	at com.kms.katalon.core.webui.keyword.builtin.SetTextKeyword$_setText_closure1.doCall(SetTextKeyword.groovy:51)
	at com.kms.katalon.core.webui.keyword.builtin.SetTextKeyword$_setText_closure1.call(SetTextKeyword.groovy)
	at com.kms.katalon.core.webui.keyword.internal.WebUIKeywordMain.runKeyword(WebUIKeywordMain.groovy:20)
	... 19 more]]></system-err>
      </testcase>
      <testcase name="Test Cases/1.1-Tareas Principales/Listado hojas de Vida" time="26.528" classname="Test Cases/1.1-Tareas Principales/Listado hojas de Vida" status="PASSED">
         <system-out><![CDATA[2022-03-09 12:59:00 - [TEST_CASE][PASSED] - Test Cases/1.1-Tareas Principales/Listado hojas de Vida: Test Cases/1.1-Tareas Principales/Listado hojas de Vida

2022-03-09 12:59:00 - [TEST_STEP][PASSED] - callTestCase(findTestCase("0.1-Login"), [:], STOP_ON_FAILURE): Call Test Case 'Test Cases/0.1-Login' successfully

2022-03-09 12:59:00 - [TEST_CASE][PASSED] - Test Cases/0.1-Login: Test Cases/0.1-Login

2022-03-09 12:59:00 - [TEST_STEP][PASSED] - openBrowser(""): Browser is opened with url: ''

2022-03-09 12:59:00 - [MESSAGE][WARNING] - A browser is already opened. Closing browser and opening a new one

2022-03-09 12:59:02 - [MESSAGE][INFO] - Starting 'Chrome' driver

2022-03-09 12:59:02 - [MESSAGE][INFO] - Action delay is set to 0 milliseconds

2022-03-09 12:59:03 - [MESSAGE][PASSED] - Browser is opened with url: ''

2022-03-09 12:59:03 - [TEST_STEP][PASSED] - maximizeWindow(): Current window maximized

2022-03-09 12:59:04 - [MESSAGE][PASSED] - Current window maximized

2022-03-09 12:59:04 - [TEST_STEP][PASSED] - i = G_Login: null

2022-03-09 12:59:04 - [TEST_STEP][PASSED] - url = new java.net.URL(i): null

2022-03-09 12:59:04 - [TEST_STEP][PASSED] - println("URL: " + url.toString()): null

2022-03-09 12:59:04 - [TEST_STEP][PASSED] - connection = url.openConnection(): null

2022-03-09 12:59:04 - [TEST_STEP][PASSED] - connection.setRequestMethod("GET"): null

2022-03-09 12:59:04 - [TEST_STEP][PASSED] - connection.setReadTimeout(2 * 1000): null

2022-03-09 12:59:04 - [TEST_STEP][PASSED] - try: null

2022-03-09 12:59:04 - [TEST_STEP][PASSED] - connection.connect(): null

2022-03-09 12:59:04 - [TEST_STEP][PASSED] - flag = connected: null

2022-03-09 12:59:04 - [TEST_STEP][PASSED] - println("Valor_ori: " + flag): null

2022-03-09 12:59:04 - [TEST_STEP][PASSED] - if (flag): null

2022-03-09 12:59:04 - [TEST_STEP][PASSED] - navigateToUrl(i): Navigate to 'http://192.168.2.80:8380/saraweb' successfully

2022-03-09 12:59:04 - [MESSAGE][PASSED] - Navigate to 'http://192.168.2.80:8380/saraweb' successfully

2022-03-09 12:59:04 - [TEST_STEP][PASSED] - a(): null

2022-03-09 12:59:04 - [TEST_STEP][PASSED] - setText(findTestObject("Login/input_USUARIO_loginusuario"), G_Usuario): Text 'saraadmin' is set on object 'Object Repository/Login/input_USUARIO_loginusuario'

2022-03-09 12:59:05 - [MESSAGE][PASSED] - Text 'saraadmin' is set on object 'Object Repository/Login/input_USUARIO_loginusuario'

2022-03-09 12:59:05 - [TEST_STEP][PASSED] - setEncryptedText(findTestObject("Login/input_CLAVE_loginpassword"), "MkG4/TYiCFC3cb2driP7+Q=="): Text ****** has been set on object 'Object Repository/Login/input_CLAVE_loginpassword'

2022-03-09 12:59:08 - [MESSAGE][PASSED] - Text ****** has been set on object 'Object Repository/Login/input_CLAVE_loginpassword'

2022-03-09 12:59:08 - [TEST_STEP][PASSED] - waitForElementClickable(findTestObject("Login/a_Ingresar"), G_TimeOut): Object 'Object Repository/Login/a_Ingresar' is clickable

2022-03-09 12:59:10 - [MESSAGE][PASSED] - Object 'Object Repository/Login/a_Ingresar' is clickable

2022-03-09 12:59:10 - [TEST_STEP][PASSED] - click(findTestObject("Login/a_Ingresar")): Object: 'Object Repository/Login/a_Ingresar' is clicked on

2022-03-09 12:59:14 - [MESSAGE][PASSED] - Object: 'Object Repository/Login/a_Ingresar' is clicked on

2022-03-09 12:59:14 - [TEST_STEP][PASSED] - element = findWebElement(findTestObject("Login/a_Ir"), 30): null

2022-03-09 12:59:16 - [TEST_STEP][PASSED] - executeJavaScript("arguments[0].click()", Arrays.asList(element)): Execute JavaScript 'arguments[0].click()' successfully

2022-03-09 12:59:16 - [MESSAGE][PASSED] - Execute JavaScript 'arguments[0].click()' successfully

2022-03-09 12:59:16 - [MESSAGE][PASSED] - Call Test Case 'Test Cases/0.1-Login' successfully

2022-03-09 12:59:16 - [TEST_STEP][PASSED] - waitForElementClickable(findTestObject("Modulo Tarea Listado Hojas de Vida/Tareas Listado Hojas de Vida/input_Listado Hojas De Vida_form_templatej_idt24_input"), G_TimeOut): Object 'Object Repository/Modulo Tarea Listado Hojas de Vida/Tareas Listado Hojas de Vida/input_Listado Hojas De Vida_form_templatej_idt24_input' is clickable

2022-03-09 12:59:18 - [MESSAGE][PASSED] - Object 'Object Repository/Modulo Tarea Listado Hojas de Vida/Tareas Listado Hojas de Vida/input_Listado Hojas De Vida_form_templatej_idt24_input' is clickable

2022-03-09 12:59:18 - [TEST_STEP][PASSED] - setText(findTestObject("Modulo Tarea Listado Hojas de Vida/Tareas Listado Hojas de Vida/input_Listado Hojas De Vida_form_templatej_idt24_input"), "Listado Hojas de Vida"): Text 'Listado Hojas de Vida' is set on object 'Object Repository/Modulo Tarea Listado Hojas de Vida/Tareas Listado Hojas de Vida/input_Listado Hojas De Vida_form_templatej_idt24_input'

2022-03-09 12:59:22 - [MESSAGE][PASSED] - Text 'Listado Hojas de Vida' is set on object 'Object Repository/Modulo Tarea Listado Hojas de Vida/Tareas Listado Hojas de Vida/input_Listado Hojas De Vida_form_templatej_idt24_input'

2022-03-09 12:59:22 - [TEST_STEP][PASSED] - delay(3): Delayed 3 second(s)

2022-03-09 12:59:25 - [MESSAGE][PASSED] - Delayed 3 second(s)

2022-03-09 12:59:25 - [TEST_STEP][PASSED] - sendKeys(findTestObject("Modulo Tarea Listado Hojas de Vida/Tareas Listado Hojas de Vida/input_Listado Hojas De Vida_form_templatej_idt24_input"), Keys.chord(ENTER)): Keys 'ENTER + ' sent to object: 'Object Repository/Modulo Tarea Listado Hojas de Vida/Tareas Listado Hojas de Vida/input_Listado Hojas De Vida_form_templatej_idt24_input'

2022-03-09 12:59:27 - [MESSAGE][PASSED] - Keys 'ENTER + ' sent to object: 'Object Repository/Modulo Tarea Listado Hojas de Vida/Tareas Listado Hojas de Vida/input_Listado Hojas De Vida_form_templatej_idt24_input']]></system-out>
         <system-err><![CDATA[]]></system-err>
      </testcase>
      <system-out><![CDATA[2022-03-09 11:59:05 - [TEST_SUITE][FAILED] - 1-Tareas Principales: Test Cases/1.1-Tareas Principales/1.1.3-Elaboracion Acto Cambio del Empleado y derogacion FAILED.
Reason:
com.kms.katalon.core.exception.StepFailedException: Unable to click on object 'Object Repository/Modulo Tarea Actos Administrativos/Elaboracion Acto Cambio de Empleado/a_Aplicar'
	at com.kms.katalon.core.webui.keyword.internal.WebUIKeywordMain.stepFailed(WebUIKeywordMain.groovy:64)
	at com.kms.katalon.core.webui.keyword.internal.WebUIKeywordMain.runKeyword(WebUIKeywordMain.groovy:26)
	at com.kms.katalon.core.webui.keyword.builtin.ClickKeyword.click(ClickKeyword.groovy:74)
	at com.kms.katalon.core.webui.keyword.builtin.ClickKeyword.execute(ClickKeyword.groovy:40)
	at com.kms.katalon.core.keyword.internal.KeywordExecutor.executeKeywordForPlatform(KeywordExecutor.groovy:74)
	at com.kms.katalon.core.webui.keyword.WebUiBuiltInKeywords.click(WebUiBuiltInKeywords.groovy:620)
	at com.kms.katalon.core.webui.keyword.WebUiBuiltInKeywords$click$5.call(Unknown Source)
	at 1.1.3-Elaboracion Acto Cambio del Empleado y derogacion.run(1.1.3-Elaboracion Acto Cambio del Empleado y derogacion:196)
	at com.kms.katalon.core.main.ScriptEngine.run(ScriptEngine.java:194)
	at com.kms.katalon.core.main.ScriptEngine.runScriptAsRawText(ScriptEngine.java:119)
	at com.kms.katalon.core.main.TestCaseExecutor.runScript(TestCaseExecutor.java:442)
	at com.kms.katalon.core.main.TestCaseExecutor.doExecute(TestCaseExecutor.java:433)
	at com.kms.katalon.core.main.TestCaseExecutor.processExecutionPhase(TestCaseExecutor.java:412)
	at com.kms.katalon.core.main.TestCaseExecutor.accessMainPhase(TestCaseExecutor.java:404)
	at com.kms.katalon.core.main.TestCaseExecutor.execute(TestCaseExecutor.java:281)
	at com.kms.katalon.core.main.TestSuiteExecutor.accessTestCaseMainPhase(TestSuiteExecutor.java:202)
	at com.kms.katalon.core.main.TestSuiteExecutor.accessTestSuiteMainPhase(TestSuiteExecutor.java:164)
	at com.kms.katalon.core.main.TestSuiteExecutor.execute(TestSuiteExecutor.java:105)
	at com.kms.katalon.core.main.TestCaseMain.startTestSuite(TestCaseMain.java:185)
	at com.kms.katalon.core.main.TestCaseMain$startTestSuite$0.call(Unknown Source)
	at TempTestSuite1646845129657.run(TempTestSuite1646845129657.groovy:36)
Caused by: org.openqa.selenium.ElementClickInterceptedException: element click intercepted: Element <a id="form_actoIngreso:j_idt1099:4:j_idt1143" href="#" class="ui-commandlink ui-widget btn_popupInformacion" onclick="PrimeFaces.ab({s:&quot;form_actoIngreso:j_idt1099:4:j_idt1143&quot;,f:&quot;form_actoIngreso&quot;,u:&quot;areaAplicacion&quot;});return false;"></a> is not clickable at point (1233, 229). Other element would receive the click: <div id="j_idt56_modal" class="ui-widget-overlay ui-dialog-mask" style="z-index: 1096;"></div>
  (Session info: chrome=99.0.4844.51)
Build info: version: '3.141.59', revision: 'e82be7d358', time: '2018-11-14T08:25:53'
System info: host: 'US-AF-000371', ip: '192.168.56.1', os.name: 'Windows 10', os.arch: 'amd64', os.version: '10.0', java.version: '1.8.0_282'
Driver info: com.kms.katalon.selenium.driver.CChromeDriver
Capabilities {acceptInsecureCerts: false, browserName: chrome, browserVersion: 99.0.4844.51, chrome: {chromedriverVersion: 99.0.4844.51 (d537ec02474b5..., userDataDir: C:\Users\DIEGO~1.ROJ\AppDat...}, goog:chromeOptions: {debuggerAddress: localhost:62194}, javascriptEnabled: true, networkConnectionEnabled: false, pageLoadStrategy: normal, platform: WINDOWS, platformName: WINDOWS, proxy: Proxy(), setWindowRect: true, strictFileInteractability: false, timeouts: {implicit: 0, pageLoad: 300000, script: 30000}, unhandledPromptBehavior: dismiss and notify, webauthn:extension:credBlob: true, webauthn:extension:largeBlob: true, webauthn:virtualAuthenticators: true}
Session ID: a34ade548cc308d985b19d0cf3a139fe
	at org.openqa.selenium.remote.http.W3CHttpResponseCodec.createException(W3CHttpResponseCodec.java:187)
	at org.openqa.selenium.remote.http.W3CHttpResponseCodec.decode(W3CHttpResponseCodec.java:122)
	at org.openqa.selenium.remote.http.W3CHttpResponseCodec.decode(W3CHttpResponseCodec.java:49)
	at org.openqa.selenium.remote.HttpCommandExecutor.execute(HttpCommandExecutor.java:158)
	at org.openqa.selenium.remote.service.DriverCommandExecutor.execute(DriverCommandExecutor.java:83)
	at org.openqa.selenium.remote.RemoteWebDriver.execute(RemoteWebDriver.java:552)
	at com.kms.katalon.selenium.driver.CChromeDriver.execute(CChromeDriver.java:19)
	at org.openqa.selenium.remote.RemoteWebElement.execute(RemoteWebElement.java:285)
	at org.openqa.selenium.remote.RemoteWebElement.click(RemoteWebElement.java:84)
	at org.openqa.selenium.support.events.EventFiringWebDriver$EventFiringWebElement.lambda$new$0(EventFiringWebDriver.java:404)
	at com.sun.proxy.$Proxy11.click(Unknown Source)
	at org.openqa.selenium.support.events.EventFiringWebDriver$EventFiringWebElement.click(EventFiringWebDriver.java:417)
	at org.openqa.selenium.WebElement$click$0.call(Unknown Source)
	at com.kms.katalon.core.webui.keyword.builtin.ClickKeyword.clickUntilSuccessWithTimeout(ClickKeyword.groovy:81)
	at com.kms.katalon.core.webui.keyword.builtin.ClickKeyword.clickUntilSuccessWithTimeout(ClickKeyword.groovy)
	at com.kms.katalon.core.webui.keyword.builtin.ClickKeyword$_click_closure1.doCall(ClickKeyword.groovy:67)
	at com.kms.katalon.core.webui.keyword.builtin.ClickKeyword$_click_closure1.call(ClickKeyword.groovy)
	at com.kms.katalon.core.webui.keyword.internal.WebUIKeywordMain.runKeyword(WebUIKeywordMain.groovy:20)
	... 19 more]]></system-out>
      <system-err><![CDATA[2022-03-09 11:59:05 - [TEST_SUITE][FAILED] - 1-Tareas Principales: Test Cases/1.1-Tareas Principales/1.1.3-Elaboracion Acto Cambio del Empleado y derogacion FAILED.
Reason:
com.kms.katalon.core.exception.StepFailedException: Unable to click on object 'Object Repository/Modulo Tarea Actos Administrativos/Elaboracion Acto Cambio de Empleado/a_Aplicar'
	at com.kms.katalon.core.webui.keyword.internal.WebUIKeywordMain.stepFailed(WebUIKeywordMain.groovy:64)
	at com.kms.katalon.core.webui.keyword.internal.WebUIKeywordMain.runKeyword(WebUIKeywordMain.groovy:26)
	at com.kms.katalon.core.webui.keyword.builtin.ClickKeyword.click(ClickKeyword.groovy:74)
	at com.kms.katalon.core.webui.keyword.builtin.ClickKeyword.execute(ClickKeyword.groovy:40)
	at com.kms.katalon.core.keyword.internal.KeywordExecutor.executeKeywordForPlatform(KeywordExecutor.groovy:74)
	at com.kms.katalon.core.webui.keyword.WebUiBuiltInKeywords.click(WebUiBuiltInKeywords.groovy:620)
	at com.kms.katalon.core.webui.keyword.WebUiBuiltInKeywords$click$5.call(Unknown Source)
	at 1.1.3-Elaboracion Acto Cambio del Empleado y derogacion.run(1.1.3-Elaboracion Acto Cambio del Empleado y derogacion:196)
	at com.kms.katalon.core.main.ScriptEngine.run(ScriptEngine.java:194)
	at com.kms.katalon.core.main.ScriptEngine.runScriptAsRawText(ScriptEngine.java:119)
	at com.kms.katalon.core.main.TestCaseExecutor.runScript(TestCaseExecutor.java:442)
	at com.kms.katalon.core.main.TestCaseExecutor.doExecute(TestCaseExecutor.java:433)
	at com.kms.katalon.core.main.TestCaseExecutor.processExecutionPhase(TestCaseExecutor.java:412)
	at com.kms.katalon.core.main.TestCaseExecutor.accessMainPhase(TestCaseExecutor.java:404)
	at com.kms.katalon.core.main.TestCaseExecutor.execute(TestCaseExecutor.java:281)
	at com.kms.katalon.core.main.TestSuiteExecutor.accessTestCaseMainPhase(TestSuiteExecutor.java:202)
	at com.kms.katalon.core.main.TestSuiteExecutor.accessTestSuiteMainPhase(TestSuiteExecutor.java:164)
	at com.kms.katalon.core.main.TestSuiteExecutor.execute(TestSuiteExecutor.java:105)
	at com.kms.katalon.core.main.TestCaseMain.startTestSuite(TestCaseMain.java:185)
	at com.kms.katalon.core.main.TestCaseMain$startTestSuite$0.call(Unknown Source)
	at TempTestSuite1646845129657.run(TempTestSuite1646845129657.groovy:36)
Caused by: org.openqa.selenium.ElementClickInterceptedException: element click intercepted: Element <a id="form_actoIngreso:j_idt1099:4:j_idt1143" href="#" class="ui-commandlink ui-widget btn_popupInformacion" onclick="PrimeFaces.ab({s:&quot;form_actoIngreso:j_idt1099:4:j_idt1143&quot;,f:&quot;form_actoIngreso&quot;,u:&quot;areaAplicacion&quot;});return false;"></a> is not clickable at point (1233, 229). Other element would receive the click: <div id="j_idt56_modal" class="ui-widget-overlay ui-dialog-mask" style="z-index: 1096;"></div>
  (Session info: chrome=99.0.4844.51)
Build info: version: '3.141.59', revision: 'e82be7d358', time: '2018-11-14T08:25:53'
System info: host: 'US-AF-000371', ip: '192.168.56.1', os.name: 'Windows 10', os.arch: 'amd64', os.version: '10.0', java.version: '1.8.0_282'
Driver info: com.kms.katalon.selenium.driver.CChromeDriver
Capabilities {acceptInsecureCerts: false, browserName: chrome, browserVersion: 99.0.4844.51, chrome: {chromedriverVersion: 99.0.4844.51 (d537ec02474b5..., userDataDir: C:\Users\DIEGO~1.ROJ\AppDat...}, goog:chromeOptions: {debuggerAddress: localhost:62194}, javascriptEnabled: true, networkConnectionEnabled: false, pageLoadStrategy: normal, platform: WINDOWS, platformName: WINDOWS, proxy: Proxy(), setWindowRect: true, strictFileInteractability: false, timeouts: {implicit: 0, pageLoad: 300000, script: 30000}, unhandledPromptBehavior: dismiss and notify, webauthn:extension:credBlob: true, webauthn:extension:largeBlob: true, webauthn:virtualAuthenticators: true}
Session ID: a34ade548cc308d985b19d0cf3a139fe
	at org.openqa.selenium.remote.http.W3CHttpResponseCodec.createException(W3CHttpResponseCodec.java:187)
	at org.openqa.selenium.remote.http.W3CHttpResponseCodec.decode(W3CHttpResponseCodec.java:122)
	at org.openqa.selenium.remote.http.W3CHttpResponseCodec.decode(W3CHttpResponseCodec.java:49)
	at org.openqa.selenium.remote.HttpCommandExecutor.execute(HttpCommandExecutor.java:158)
	at org.openqa.selenium.remote.service.DriverCommandExecutor.execute(DriverCommandExecutor.java:83)
	at org.openqa.selenium.remote.RemoteWebDriver.execute(RemoteWebDriver.java:552)
	at com.kms.katalon.selenium.driver.CChromeDriver.execute(CChromeDriver.java:19)
	at org.openqa.selenium.remote.RemoteWebElement.execute(RemoteWebElement.java:285)
	at org.openqa.selenium.remote.RemoteWebElement.click(RemoteWebElement.java:84)
	at org.openqa.selenium.support.events.EventFiringWebDriver$EventFiringWebElement.lambda$new$0(EventFiringWebDriver.java:404)
	at com.sun.proxy.$Proxy11.click(Unknown Source)
	at org.openqa.selenium.support.events.EventFiringWebDriver$EventFiringWebElement.click(EventFiringWebDriver.java:417)
	at org.openqa.selenium.WebElement$click$0.call(Unknown Source)
	at com.kms.katalon.core.webui.keyword.builtin.ClickKeyword.clickUntilSuccessWithTimeout(ClickKeyword.groovy:81)
	at com.kms.katalon.core.webui.keyword.builtin.ClickKeyword.clickUntilSuccessWithTimeout(ClickKeyword.groovy)
	at com.kms.katalon.core.webui.keyword.builtin.ClickKeyword$_click_closure1.doCall(ClickKeyword.groovy:67)
	at com.kms.katalon.core.webui.keyword.builtin.ClickKeyword$_click_closure1.call(ClickKeyword.groovy)
	at com.kms.katalon.core.webui.keyword.internal.WebUIKeywordMain.runKeyword(WebUIKeywordMain.groovy:20)
	... 19 more]]></system-err>
   </testsuite>
</testsuites>
